<?xml version="1.0" encoding="UTF-8"?>
<testsuites tests="49" failures="0" errors="0" skipped="0">
  <testsuite timestamp="2025-04-27T15:06:41" time="1563.402" tests="49" failures="0" errors="0" skipped="0">
    <properties>
      <property name="specId" value="0" />
      <property name="suiteName" value="Sanity Tests US104253" />
      <property name="capabilities" value="chrome.135_0_7049_96.windows" />
      <property name="file" value="file:///D:/a/1/s/test/specs/General/sanity.spec.js" />
    </properties>
    <testcase classname="chrome.135_0_7049_96.windows.Sanity_Tests_US104253" name="Should open Manage Partners page" time="31.062">
      <system-out><![CDATA[
COMMAND: POST /session/d23a2c4143f37d65f3c20c239a4eb09c/execute/async - {"script":"<script> [1562 bytes]","args":[{"selector":{"controlType":"sap.m.GenericTile","properties":{"header":"Manage Partners"}},"wdio_ui5_key":"sapm.GenericTile{\"header\":\"Manage Partners\"}"}]}
RESULT: {"script":"<script> [1562 bytes]","args":[{"selector":{"controlType":"sap.m.GenericTile","properties":{"header":"Manage Partners"}},"wdio_ui5_key":"sapm.GenericTile{\"header\":\"Manage Partners\"}"}]}
RESULT: undefined
COMMAND: POST /session/d23a2c4143f37d65f3c20c239a4eb09c/element - {"using":"xpath","value":"//*[@id=\"__tile38\"]"}
RESULT: {"using":"xpath","value":"//*[@id=\"__tile38\"]"}
COMMAND: POST /session/d23a2c4143f37d65f3c20c239a4eb09c/element/f.8708B2D2CC30D4BBE252B08E312BB3AA.d.CDC51611BADDAE8BD406ABE7EA8C8CF5.e.115/click - {}
RESULT: {}
COMMAND: GET /session/d23a2c4143f37d65f3c20c239a4eb09c/screenshot - {}
RESULT: {}
RESULT: undefined
COMMAND: POST /session/d23a2c4143f37d65f3c20c239a4eb09c/element - {"using":"xpath","value":"//*[@id=\"__tile38\"]"}
RESULT: {"using":"xpath","value":"//*[@id=\"__tile38\"]"}
COMMAND: POST /session/d23a2c4143f37d65f3c20c239a4eb09c/element/f.8708B2D2CC30D4BBE252B08E312BB3AA.d.CDC51611BADDAE8BD406ABE7EA8C8CF5.e.115/click - {}
RESULT: undefined
COMMAND: POST /session/d23a2c4143f37d65f3c20c239a4eb09c/element - {"using":"xpath","value":"//*[@id=\"__tile38\"]"}
RESULT: {"using":"xpath","value":"//*[@id=\"__tile38\"]"}
COMMAND: POST /session/d23a2c4143f37d65f3c20c239a4eb09c/element/f.8708B2D2CC30D4BBE252B08E312BB3AA.d.CDC51611BADDAE8BD406ABE7EA8C8CF5.e.115/click - {}
COMMAND: POST /session/d23a2c4143f37d65f3c20c239a4eb09c/execute/async - {"script":"<script> [1562 bytes]","args":[{"selector":{"id":"shellAppTitle"},"wdio_ui5_key":"shellAppTitle"}]}
RESULT: {"script":"<script> [1562 bytes]","args":[{"selector":{"id":"shellAppTitle"},"wdio_ui5_key":"shellAppTitle"}]}
RESULT: undefined
COMMAND: POST /session/d23a2c4143f37d65f3c20c239a4eb09c/execute/async - {"script":"<script> [6424 bytes]","args":[{"element-6066-11e4-a52e-4f735466cecf":"f.8708B2D2CC30D4BBE252B08E312BB3AA.d.CDC51611BADDAE8BD406ABE7EA8C8CF5.e.288"},"getTitle",[]]}
RESULT: {"script":"<script> [6424 bytes]","args":[{"element-6066-11e4-a52e-4f735466cecf":"f.8708B2D2CC30D4BBE252B08E312BB3AA.d.CDC51611BADDAE8BD406ABE7EA8C8CF5.e.288"},"getTitle",[]]}
COMMAND: POST /session/d23a2c4143f37d65f3c20c239a4eb09c/execute/async - {"script":"<script> [1562 bytes]","args":[{"selector":{"id":"backBtn"},"wdio_ui5_key":"backBtn"}]}
RESULT: {"script":"<script> [1562 bytes]","args":[{"selector":{"id":"backBtn"},"wdio_ui5_key":"backBtn"}]}
RESULT: undefined
COMMAND: POST /session/d23a2c4143f37d65f3c20c239a4eb09c/element - {"using":"xpath","value":"//*[@id=\"backBtn\"]"}
RESULT: {"using":"xpath","value":"//*[@id=\"backBtn\"]"}
COMMAND: POST /session/d23a2c4143f37d65f3c20c239a4eb09c/element/f.8708B2D2CC30D4BBE252B08E312BB3AA.d.CDC51611BADDAE8BD406ABE7EA8C8CF5.e.289/click - {}
RESULT: {}
COMMAND: GET /session/d23a2c4143f37d65f3c20c239a4eb09c/screenshot - {}
RESULT: {}
]]></system-out>
    </testcase>
    <testcase classname="chrome.135_0_7049_96.windows.Sanity_Tests_US104253" name="Should open Manage Sites page" time="31.231">
      <system-out><![CDATA[
COMMAND: POST /session/d23a2c4143f37d65f3c20c239a4eb09c/execute/async - {"script":"<script> [1562 bytes]","args":[{"selector":{"controlType":"sap.m.GenericTile","properties":{"header":"Manage Sites"}},"wdio_ui5_key":"sapm.GenericTile{\"header\":\"Manage Sites\"}"}]}
RESULT: {"script":"<script> [1562 bytes]","args":[{"selector":{"controlType":"sap.m.GenericTile","properties":{"header":"Manage Sites"}},"wdio_ui5_key":"sapm.GenericTile{\"header\":\"Manage Sites\"}"}]}
RESULT: undefined
COMMAND: POST /session/d23a2c4143f37d65f3c20c239a4eb09c/element - {"using":"xpath","value":"//*[@id=\"__tile40\"]"}
RESULT: {"using":"xpath","value":"//*[@id=\"__tile40\"]"}
COMMAND: POST /session/d23a2c4143f37d65f3c20c239a4eb09c/element/f.8708B2D2CC30D4BBE252B08E312BB3AA.d.CDC51611BADDAE8BD406ABE7EA8C8CF5.e.291/click - {}
RESULT: {}
COMMAND: GET /session/d23a2c4143f37d65f3c20c239a4eb09c/screenshot - {}
RESULT: {}
RESULT: undefined
COMMAND: POST /session/d23a2c4143f37d65f3c20c239a4eb09c/element - {"using":"xpath","value":"//*[@id=\"__tile40\"]"}
RESULT: {"using":"xpath","value":"//*[@id=\"__tile40\"]"}
COMMAND: POST /session/d23a2c4143f37d65f3c20c239a4eb09c/element/f.8708B2D2CC30D4BBE252B08E312BB3AA.d.CDC51611BADDAE8BD406ABE7EA8C8CF5.e.291/click - {}
RESULT: undefined
COMMAND: POST /session/d23a2c4143f37d65f3c20c239a4eb09c/element - {"using":"xpath","value":"//*[@id=\"__tile40\"]"}
RESULT: {"using":"xpath","value":"//*[@id=\"__tile40\"]"}
COMMAND: POST /session/d23a2c4143f37d65f3c20c239a4eb09c/element/f.8708B2D2CC30D4BBE252B08E312BB3AA.d.CDC51611BADDAE8BD406ABE7EA8C8CF5.e.291/click - {}
RESULT: undefined
COMMAND: POST /session/d23a2c4143f37d65f3c20c239a4eb09c/execute/async - {"script":"<script> [6424 bytes]","args":[{"element-6066-11e4-a52e-4f735466cecf":"f.8708B2D2CC30D4BBE252B08E312BB3AA.d.CDC51611BADDAE8BD406ABE7EA8C8CF5.e.288"},"getTitle",[]]}
COMMAND: POST /session/d23a2c4143f37d65f3c20c239a4eb09c/execute/async - {"script":"<script> [1562 bytes]","args":[{"selector":{"id":"shellAppTitle"},"wdio_ui5_key":"shellAppTitle"}]}
RESULT: {"script":"<script> [1562 bytes]","args":[{"selector":{"id":"shellAppTitle"},"wdio_ui5_key":"shellAppTitle"}]}
COMMAND: POST /session/d23a2c4143f37d65f3c20c239a4eb09c/execute/async - {"script":"<script> [6424 bytes]","args":[{"element-6066-11e4-a52e-4f735466cecf":"f.8708B2D2CC30D4BBE252B08E312BB3AA.d.CDC51611BADDAE8BD406ABE7EA8C8CF5.e.473"},"getTitle",[]]}
RESULT: {"script":"<script> [6424 bytes]","args":[{"element-6066-11e4-a52e-4f735466cecf":"f.8708B2D2CC30D4BBE252B08E312BB3AA.d.CDC51611BADDAE8BD406ABE7EA8C8CF5.e.473"},"getTitle",[]]}
RESULT: undefined
COMMAND: POST /session/d23a2c4143f37d65f3c20c239a4eb09c/element/f.8708B2D2CC30D4BBE252B08E312BB3AA.d.CDC51611BADDAE8BD406ABE7EA8C8CF5.e.289/click - {}
RESULT: {}
COMMAND: GET /session/d23a2c4143f37d65f3c20c239a4eb09c/screenshot - {}
RESULT: {}
]]></system-out>
    </testcase>
    <testcase classname="chrome.135_0_7049_96.windows.Sanity_Tests_US104253" name="Should open Manage Resources page" time="29.116">
      <system-out><![CDATA[
COMMAND: POST /session/d23a2c4143f37d65f3c20c239a4eb09c/execute/async - {"script":"<script> [1562 bytes]","args":[{"selector":{"controlType":"sap.m.GenericTile","properties":{"header":"Manage Resources"}},"wdio_ui5_key":"sapm.GenericTile{\"header\":\"Manage Resources\"}"}]}
RESULT: {"script":"<script> [1562 bytes]","args":[{"selector":{"controlType":"sap.m.GenericTile","properties":{"header":"Manage Resources"}},"wdio_ui5_key":"sapm.GenericTile{\"header\":\"Manage Resources\"}"}]}
RESULT: undefined
COMMAND: POST /session/d23a2c4143f37d65f3c20c239a4eb09c/element - {"using":"xpath","value":"//*[@id=\"__tile39\"]"}
RESULT: {"using":"xpath","value":"//*[@id=\"__tile39\"]"}
COMMAND: POST /session/d23a2c4143f37d65f3c20c239a4eb09c/element/f.8708B2D2CC30D4BBE252B08E312BB3AA.d.CDC51611BADDAE8BD406ABE7EA8C8CF5.e.475/click - {}
RESULT: {}
COMMAND: GET /session/d23a2c4143f37d65f3c20c239a4eb09c/screenshot - {}
RESULT: {}
RESULT: undefined
COMMAND: POST /session/d23a2c4143f37d65f3c20c239a4eb09c/element - {"using":"xpath","value":"//*[@id=\"__tile39\"]"}
RESULT: {"using":"xpath","value":"//*[@id=\"__tile39\"]"}
COMMAND: POST /session/d23a2c4143f37d65f3c20c239a4eb09c/element/f.8708B2D2CC30D4BBE252B08E312BB3AA.d.CDC51611BADDAE8BD406ABE7EA8C8CF5.e.475/click - {}
RESULT: undefined
COMMAND: POST /session/d23a2c4143f37d65f3c20c239a4eb09c/element - {"using":"xpath","value":"//*[@id=\"__tile39\"]"}
RESULT: {"using":"xpath","value":"//*[@id=\"__tile39\"]"}
COMMAND: POST /session/d23a2c4143f37d65f3c20c239a4eb09c/element/f.8708B2D2CC30D4BBE252B08E312BB3AA.d.CDC51611BADDAE8BD406ABE7EA8C8CF5.e.475/click - {}
RESULT: undefined
COMMAND: POST /session/d23a2c4143f37d65f3c20c239a4eb09c/execute/async - {"script":"<script> [6424 bytes]","args":[{"element-6066-11e4-a52e-4f735466cecf":"f.8708B2D2CC30D4BBE252B08E312BB3AA.d.CDC51611BADDAE8BD406ABE7EA8C8CF5.e.288"},"getTitle",[]]}
COMMAND: POST /session/d23a2c4143f37d65f3c20c239a4eb09c/execute/async - {"script":"<script> [1562 bytes]","args":[{"selector":{"id":"shellAppTitle"},"wdio_ui5_key":"shellAppTitle"}]}
RESULT: {"script":"<script> [1562 bytes]","args":[{"selector":{"id":"shellAppTitle"},"wdio_ui5_key":"shellAppTitle"}]}
COMMAND: POST /session/d23a2c4143f37d65f3c20c239a4eb09c/execute/async - {"script":"<script> [6424 bytes]","args":[{"element-6066-11e4-a52e-4f735466cecf":"f.8708B2D2CC30D4BBE252B08E312BB3AA.d.CDC51611BADDAE8BD406ABE7EA8C8CF5.e.647"},"getTitle",[]]}
RESULT: {"script":"<script> [6424 bytes]","args":[{"element-6066-11e4-a52e-4f735466cecf":"f.8708B2D2CC30D4BBE252B08E312BB3AA.d.CDC51611BADDAE8BD406ABE7EA8C8CF5.e.647"},"getTitle",[]]}
RESULT: undefined
COMMAND: POST /session/d23a2c4143f37d65f3c20c239a4eb09c/element/f.8708B2D2CC30D4BBE252B08E312BB3AA.d.CDC51611BADDAE8BD406ABE7EA8C8CF5.e.289/click - {}
COMMAND: POST /session/d23a2c4143f37d65f3c20c239a4eb09c/element - {"using":"xpath","value":"//*[@id=\"backBtn\"]"}
RESULT: {"using":"xpath","value":"//*[@id=\"backBtn\"]"}
COMMAND: POST /session/d23a2c4143f37d65f3c20c239a4eb09c/element/f.8708B2D2CC30D4BBE252B08E312BB3AA.d.CDC51611BADDAE8BD406ABE7EA8C8CF5.e.289/click - {}
COMMAND: POST /session/d23a2c4143f37d65f3c20c239a4eb09c/element - {"using":"xpath","value":"//*[@id=\"backBtn\"]"}
RESULT: {"using":"xpath","value":"//*[@id=\"backBtn\"]"}
COMMAND: POST /session/d23a2c4143f37d65f3c20c239a4eb09c/element/f.8708B2D2CC30D4BBE252B08E312BB3AA.d.CDC51611BADDAE8BD406ABE7EA8C8CF5.e.648/click - {}
RESULT: {}
COMMAND: GET /session/d23a2c4143f37d65f3c20c239a4eb09c/screenshot - {}
RESULT: {}
]]></system-out>
    </testcase>
    <testcase classname="chrome.135_0_7049_96.windows.Sanity_Tests_US104253" name="Should open Manage Catalogs page" time="30.738">
      <system-out><![CDATA[
COMMAND: POST /session/d23a2c4143f37d65f3c20c239a4eb09c/execute/async - {"script":"<script> [1562 bytes]","args":[{"selector":{"controlType":"sap.m.GenericTile","properties":{"header":"Manage Catalogs"}},"wdio_ui5_key":"sapm.GenericTile{\"header\":\"Manage Catalogs\"}"}]}
RESULT: {"script":"<script> [1562 bytes]","args":[{"selector":{"controlType":"sap.m.GenericTile","properties":{"header":"Manage Catalogs"}},"wdio_ui5_key":"sapm.GenericTile{\"header\":\"Manage Catalogs\"}"}]}
RESULT: undefined
COMMAND: POST /session/d23a2c4143f37d65f3c20c239a4eb09c/element - {"using":"xpath","value":"//*[@id=\"__tile37\"]"}
RESULT: {"using":"xpath","value":"//*[@id=\"__tile37\"]"}
COMMAND: POST /session/d23a2c4143f37d65f3c20c239a4eb09c/element/f.8708B2D2CC30D4BBE252B08E312BB3AA.d.CDC51611BADDAE8BD406ABE7EA8C8CF5.e.650/click - {}
RESULT: {}
COMMAND: GET /session/d23a2c4143f37d65f3c20c239a4eb09c/screenshot - {}
RESULT: {}
RESULT: undefined
COMMAND: POST /session/d23a2c4143f37d65f3c20c239a4eb09c/element - {"using":"xpath","value":"//*[@id=\"__tile37\"]"}
RESULT: {"using":"xpath","value":"//*[@id=\"__tile37\"]"}
COMMAND: POST /session/d23a2c4143f37d65f3c20c239a4eb09c/element/f.8708B2D2CC30D4BBE252B08E312BB3AA.d.CDC51611BADDAE8BD406ABE7EA8C8CF5.e.650/click - {}
RESULT: undefined
COMMAND: POST /session/d23a2c4143f37d65f3c20c239a4eb09c/element - {"using":"xpath","value":"//*[@id=\"__tile37\"]"}
RESULT: {"using":"xpath","value":"//*[@id=\"__tile37\"]"}
COMMAND: POST /session/d23a2c4143f37d65f3c20c239a4eb09c/element/f.8708B2D2CC30D4BBE252B08E312BB3AA.d.CDC51611BADDAE8BD406ABE7EA8C8CF5.e.650/click - {}
RESULT: undefined
COMMAND: POST /session/d23a2c4143f37d65f3c20c239a4eb09c/execute/async - {"script":"<script> [6424 bytes]","args":[{"element-6066-11e4-a52e-4f735466cecf":"f.8708B2D2CC30D4BBE252B08E312BB3AA.d.CDC51611BADDAE8BD406ABE7EA8C8CF5.e.288"},"getTitle",[]]}
COMMAND: POST /session/d23a2c4143f37d65f3c20c239a4eb09c/execute/async - {"script":"<script> [1562 bytes]","args":[{"selector":{"id":"shellAppTitle"},"wdio_ui5_key":"shellAppTitle"}]}
RESULT: {"script":"<script> [1562 bytes]","args":[{"selector":{"id":"shellAppTitle"},"wdio_ui5_key":"shellAppTitle"}]}
COMMAND: POST /session/d23a2c4143f37d65f3c20c239a4eb09c/execute/async - {"script":"<script> [6424 bytes]","args":[{"element-6066-11e4-a52e-4f735466cecf":"f.8708B2D2CC30D4BBE252B08E312BB3AA.d.CDC51611BADDAE8BD406ABE7EA8C8CF5.e.720"},"getTitle",[]]}
RESULT: {"script":"<script> [6424 bytes]","args":[{"element-6066-11e4-a52e-4f735466cecf":"f.8708B2D2CC30D4BBE252B08E312BB3AA.d.CDC51611BADDAE8BD406ABE7EA8C8CF5.e.720"},"getTitle",[]]}
RESULT: undefined
COMMAND: POST /session/d23a2c4143f37d65f3c20c239a4eb09c/element/f.8708B2D2CC30D4BBE252B08E312BB3AA.d.CDC51611BADDAE8BD406ABE7EA8C8CF5.e.648/click - {}
RESULT: {}
COMMAND: GET /session/d23a2c4143f37d65f3c20c239a4eb09c/screenshot - {}
RESULT: {}
]]></system-out>
    </testcase>
    <testcase classname="chrome.135_0_7049_96.windows.Sanity_Tests_US104253" name="Should open Manage Calendars page" time="30.749">
      <system-out><![CDATA[
COMMAND: POST /session/d23a2c4143f37d65f3c20c239a4eb09c/execute/async - {"script":"<script> [1562 bytes]","args":[{"selector":{"controlType":"sap.m.GenericTile","properties":{"header":"Manage Calendars"}},"wdio_ui5_key":"sapm.GenericTile{\"header\":\"Manage Calendars\"}"}]}
RESULT: {"script":"<script> [1562 bytes]","args":[{"selector":{"controlType":"sap.m.GenericTile","properties":{"header":"Manage Calendars"}},"wdio_ui5_key":"sapm.GenericTile{\"header\":\"Manage Calendars\"}"}]}
RESULT: undefined
COMMAND: POST /session/d23a2c4143f37d65f3c20c239a4eb09c/element - {"using":"xpath","value":"//*[@id=\"__tile36\"]"}
RESULT: {"using":"xpath","value":"//*[@id=\"__tile36\"]"}
COMMAND: POST /session/d23a2c4143f37d65f3c20c239a4eb09c/element/f.8708B2D2CC30D4BBE252B08E312BB3AA.d.CDC51611BADDAE8BD406ABE7EA8C8CF5.e.723/click - {}
RESULT: {}
COMMAND: GET /session/d23a2c4143f37d65f3c20c239a4eb09c/screenshot - {}
RESULT: {}
RESULT: undefined
COMMAND: POST /session/d23a2c4143f37d65f3c20c239a4eb09c/element - {"using":"xpath","value":"//*[@id=\"__tile36\"]"}
RESULT: {"using":"xpath","value":"//*[@id=\"__tile36\"]"}
COMMAND: POST /session/d23a2c4143f37d65f3c20c239a4eb09c/element/f.8708B2D2CC30D4BBE252B08E312BB3AA.d.CDC51611BADDAE8BD406ABE7EA8C8CF5.e.723/click - {}
RESULT: undefined
COMMAND: POST /session/d23a2c4143f37d65f3c20c239a4eb09c/element - {"using":"xpath","value":"//*[@id=\"__tile36\"]"}
RESULT: {"using":"xpath","value":"//*[@id=\"__tile36\"]"}
COMMAND: POST /session/d23a2c4143f37d65f3c20c239a4eb09c/element/f.8708B2D2CC30D4BBE252B08E312BB3AA.d.CDC51611BADDAE8BD406ABE7EA8C8CF5.e.723/click - {}
RESULT: undefined
COMMAND: POST /session/d23a2c4143f37d65f3c20c239a4eb09c/execute/async - {"script":"<script> [6424 bytes]","args":[{"element-6066-11e4-a52e-4f735466cecf":"f.8708B2D2CC30D4BBE252B08E312BB3AA.d.CDC51611BADDAE8BD406ABE7EA8C8CF5.e.288"},"getTitle",[]]}
COMMAND: POST /session/d23a2c4143f37d65f3c20c239a4eb09c/execute/async - {"script":"<script> [1562 bytes]","args":[{"selector":{"id":"shellAppTitle"},"wdio_ui5_key":"shellAppTitle"}]}
RESULT: {"script":"<script> [1562 bytes]","args":[{"selector":{"id":"shellAppTitle"},"wdio_ui5_key":"shellAppTitle"}]}
COMMAND: POST /session/d23a2c4143f37d65f3c20c239a4eb09c/execute/async - {"script":"<script> [6424 bytes]","args":[{"element-6066-11e4-a52e-4f735466cecf":"f.8708B2D2CC30D4BBE252B08E312BB3AA.d.CDC51611BADDAE8BD406ABE7EA8C8CF5.e.804"},"getTitle",[]]}
RESULT: {"script":"<script> [6424 bytes]","args":[{"element-6066-11e4-a52e-4f735466cecf":"f.8708B2D2CC30D4BBE252B08E312BB3AA.d.CDC51611BADDAE8BD406ABE7EA8C8CF5.e.804"},"getTitle",[]]}
RESULT: undefined
COMMAND: POST /session/d23a2c4143f37d65f3c20c239a4eb09c/element/f.8708B2D2CC30D4BBE252B08E312BB3AA.d.CDC51611BADDAE8BD406ABE7EA8C8CF5.e.648/click - {}
COMMAND: POST /session/d23a2c4143f37d65f3c20c239a4eb09c/element - {"using":"xpath","value":"//*[@id=\"backBtn\"]"}
RESULT: {"using":"xpath","value":"//*[@id=\"backBtn\"]"}
COMMAND: POST /session/d23a2c4143f37d65f3c20c239a4eb09c/element/f.8708B2D2CC30D4BBE252B08E312BB3AA.d.CDC51611BADDAE8BD406ABE7EA8C8CF5.e.648/click - {}
COMMAND: POST /session/d23a2c4143f37d65f3c20c239a4eb09c/element - {"using":"xpath","value":"//*[@id=\"backBtn\"]"}
RESULT: {"using":"xpath","value":"//*[@id=\"backBtn\"]"}
COMMAND: POST /session/d23a2c4143f37d65f3c20c239a4eb09c/element/f.8708B2D2CC30D4BBE252B08E312BB3AA.d.CDC51611BADDAE8BD406ABE7EA8C8CF5.e.805/click - {}
RESULT: {}
COMMAND: GET /session/d23a2c4143f37d65f3c20c239a4eb09c/screenshot - {}
RESULT: {}
]]></system-out>
    </testcase>
    <testcase classname="chrome.135_0_7049_96.windows.Sanity_Tests_US104253" name="Should open Address Management page" time="31.668">
      <system-out><![CDATA[
COMMAND: POST /session/d23a2c4143f37d65f3c20c239a4eb09c/execute/async - {"script":"<script> [1562 bytes]","args":[{"selector":{"controlType":"sap.m.GenericTile","properties":{"header":"Address Management"}},"wdio_ui5_key":"sapm.GenericTile{\"header\":\"Address Management\"}"}]}
RESULT: {"script":"<script> [1562 bytes]","args":[{"selector":{"controlType":"sap.m.GenericTile","properties":{"header":"Address Management"}},"wdio_ui5_key":"sapm.GenericTile{\"header\":\"Address Management\"}"}]}
RESULT: undefined
COMMAND: POST /session/d23a2c4143f37d65f3c20c239a4eb09c/element - {"using":"xpath","value":"//*[@id=\"__tile33\"]"}
RESULT: {"using":"xpath","value":"//*[@id=\"__tile33\"]"}
COMMAND: POST /session/d23a2c4143f37d65f3c20c239a4eb09c/element/f.8708B2D2CC30D4BBE252B08E312BB3AA.d.CDC51611BADDAE8BD406ABE7EA8C8CF5.e.807/click - {}
RESULT: {}
COMMAND: GET /session/d23a2c4143f37d65f3c20c239a4eb09c/screenshot - {}
RESULT: {}
RESULT: undefined
COMMAND: POST /session/d23a2c4143f37d65f3c20c239a4eb09c/element - {"using":"xpath","value":"//*[@id=\"__tile33\"]"}
RESULT: {"using":"xpath","value":"//*[@id=\"__tile33\"]"}
COMMAND: POST /session/d23a2c4143f37d65f3c20c239a4eb09c/element/f.8708B2D2CC30D4BBE252B08E312BB3AA.d.CDC51611BADDAE8BD406ABE7EA8C8CF5.e.807/click - {}
RESULT: undefined
COMMAND: POST /session/d23a2c4143f37d65f3c20c239a4eb09c/element - {"using":"xpath","value":"//*[@id=\"__tile33\"]"}
RESULT: {"using":"xpath","value":"//*[@id=\"__tile33\"]"}
COMMAND: POST /session/d23a2c4143f37d65f3c20c239a4eb09c/element/f.8708B2D2CC30D4BBE252B08E312BB3AA.d.CDC51611BADDAE8BD406ABE7EA8C8CF5.e.807/click - {}
RESULT: undefined
COMMAND: POST /session/d23a2c4143f37d65f3c20c239a4eb09c/execute/async - {"script":"<script> [6424 bytes]","args":[{"element-6066-11e4-a52e-4f735466cecf":"f.8708B2D2CC30D4BBE252B08E312BB3AA.d.CDC51611BADDAE8BD406ABE7EA8C8CF5.e.288"},"getTitle",[]]}
COMMAND: POST /session/d23a2c4143f37d65f3c20c239a4eb09c/execute/async - {"script":"<script> [1562 bytes]","args":[{"selector":{"id":"shellAppTitle"},"wdio_ui5_key":"shellAppTitle"}]}
RESULT: {"script":"<script> [1562 bytes]","args":[{"selector":{"id":"shellAppTitle"},"wdio_ui5_key":"shellAppTitle"}]}
COMMAND: POST /session/d23a2c4143f37d65f3c20c239a4eb09c/execute/async - {"script":"<script> [6424 bytes]","args":[{"element-6066-11e4-a52e-4f735466cecf":"f.8708B2D2CC30D4BBE252B08E312BB3AA.d.CDC51611BADDAE8BD406ABE7EA8C8CF5.e.997"},"getTitle",[]]}
RESULT: {"script":"<script> [6424 bytes]","args":[{"element-6066-11e4-a52e-4f735466cecf":"f.8708B2D2CC30D4BBE252B08E312BB3AA.d.CDC51611BADDAE8BD406ABE7EA8C8CF5.e.997"},"getTitle",[]]}
RESULT: undefined
COMMAND: POST /session/d23a2c4143f37d65f3c20c239a4eb09c/element/f.8708B2D2CC30D4BBE252B08E312BB3AA.d.CDC51611BADDAE8BD406ABE7EA8C8CF5.e.805/click - {}
RESULT: {}
COMMAND: GET /session/d23a2c4143f37d65f3c20c239a4eb09c/screenshot - {}
RESULT: {}
]]></system-out>
    </testcase>
    <testcase classname="chrome.135_0_7049_96.windows.Sanity_Tests_US104253" name="Should open Bill Of Resources page" time="30.486">
      <system-out><![CDATA[
COMMAND: POST /session/d23a2c4143f37d65f3c20c239a4eb09c/execute/async - {"script":"<script> [1562 bytes]","args":[{"selector":{"controlType":"sap.m.GenericTile","properties":{"header":"Bill Of Resources"}},"wdio_ui5_key":"sapm.GenericTile{\"header\":\"Bill Of Resources\"}"}]}
RESULT: {"script":"<script> [1562 bytes]","args":[{"selector":{"controlType":"sap.m.GenericTile","properties":{"header":"Bill Of Resources"}},"wdio_ui5_key":"sapm.GenericTile{\"header\":\"Bill Of Resources\"}"}]}
RESULT: undefined
COMMAND: POST /session/d23a2c4143f37d65f3c20c239a4eb09c/element - {"using":"xpath","value":"//*[@id=\"__tile34\"]"}
RESULT: {"using":"xpath","value":"//*[@id=\"__tile34\"]"}
COMMAND: POST /session/d23a2c4143f37d65f3c20c239a4eb09c/element/f.8708B2D2CC30D4BBE252B08E312BB3AA.d.CDC51611BADDAE8BD406ABE7EA8C8CF5.e.999/click - {}
RESULT: {}
COMMAND: GET /session/d23a2c4143f37d65f3c20c239a4eb09c/screenshot - {}
RESULT: {}
RESULT: undefined
COMMAND: POST /session/d23a2c4143f37d65f3c20c239a4eb09c/element - {"using":"xpath","value":"//*[@id=\"__tile34\"]"}
RESULT: {"using":"xpath","value":"//*[@id=\"__tile34\"]"}
COMMAND: POST /session/d23a2c4143f37d65f3c20c239a4eb09c/element/f.8708B2D2CC30D4BBE252B08E312BB3AA.d.CDC51611BADDAE8BD406ABE7EA8C8CF5.e.999/click - {}
RESULT: undefined
COMMAND: POST /session/d23a2c4143f37d65f3c20c239a4eb09c/element - {"using":"xpath","value":"//*[@id=\"__tile34\"]"}
RESULT: {"using":"xpath","value":"//*[@id=\"__tile34\"]"}
COMMAND: POST /session/d23a2c4143f37d65f3c20c239a4eb09c/element/f.8708B2D2CC30D4BBE252B08E312BB3AA.d.CDC51611BADDAE8BD406ABE7EA8C8CF5.e.999/click - {}
RESULT: undefined
COMMAND: POST /session/d23a2c4143f37d65f3c20c239a4eb09c/execute/async - {"script":"<script> [6424 bytes]","args":[{"element-6066-11e4-a52e-4f735466cecf":"f.8708B2D2CC30D4BBE252B08E312BB3AA.d.CDC51611BADDAE8BD406ABE7EA8C8CF5.e.288"},"getTitle",[]]}
COMMAND: POST /session/d23a2c4143f37d65f3c20c239a4eb09c/execute/async - {"script":"<script> [1562 bytes]","args":[{"selector":{"id":"shellAppTitle"},"wdio_ui5_key":"shellAppTitle"}]}
RESULT: {"script":"<script> [1562 bytes]","args":[{"selector":{"id":"shellAppTitle"},"wdio_ui5_key":"shellAppTitle"}]}
COMMAND: POST /session/d23a2c4143f37d65f3c20c239a4eb09c/execute/async - {"script":"<script> [6424 bytes]","args":[{"element-6066-11e4-a52e-4f735466cecf":"f.8708B2D2CC30D4BBE252B08E312BB3AA.d.CDC51611BADDAE8BD406ABE7EA8C8CF5.e.1081"},"getTitle",[]]}
RESULT: {"script":"<script> [6424 bytes]","args":[{"element-6066-11e4-a52e-4f735466cecf":"f.8708B2D2CC30D4BBE252B08E312BB3AA.d.CDC51611BADDAE8BD406ABE7EA8C8CF5.e.1081"},"getTitle",[]]}
RESULT: undefined
COMMAND: POST /session/d23a2c4143f37d65f3c20c239a4eb09c/element/f.8708B2D2CC30D4BBE252B08E312BB3AA.d.CDC51611BADDAE8BD406ABE7EA8C8CF5.e.805/click - {}
COMMAND: POST /session/d23a2c4143f37d65f3c20c239a4eb09c/element - {"using":"xpath","value":"//*[@id=\"backBtn\"]"}
RESULT: {"using":"xpath","value":"//*[@id=\"backBtn\"]"}
COMMAND: POST /session/d23a2c4143f37d65f3c20c239a4eb09c/element/f.8708B2D2CC30D4BBE252B08E312BB3AA.d.CDC51611BADDAE8BD406ABE7EA8C8CF5.e.805/click - {}
COMMAND: POST /session/d23a2c4143f37d65f3c20c239a4eb09c/element - {"using":"xpath","value":"//*[@id=\"backBtn\"]"}
RESULT: {"using":"xpath","value":"//*[@id=\"backBtn\"]"}
COMMAND: POST /session/d23a2c4143f37d65f3c20c239a4eb09c/element/f.8708B2D2CC30D4BBE252B08E312BB3AA.d.CDC51611BADDAE8BD406ABE7EA8C8CF5.e.1082/click - {}
RESULT: {}
COMMAND: GET /session/d23a2c4143f37d65f3c20c239a4eb09c/screenshot - {}
RESULT: {}
]]></system-out>
    </testcase>
    <testcase classname="chrome.135_0_7049_96.windows.Sanity_Tests_US104253" name="Should open Manage Yards page" time="31.187">
      <system-out><![CDATA[
COMMAND: POST /session/d23a2c4143f37d65f3c20c239a4eb09c/execute/async - {"script":"<script> [1562 bytes]","args":[{"selector":{"controlType":"sap.m.GenericTile","properties":{"header":"Manage Yards"}},"wdio_ui5_key":"sapm.GenericTile{\"header\":\"Manage Yards\"}"}]}
RESULT: {"script":"<script> [1562 bytes]","args":[{"selector":{"controlType":"sap.m.GenericTile","properties":{"header":"Manage Yards"}},"wdio_ui5_key":"sapm.GenericTile{\"header\":\"Manage Yards\"}"}]}
RESULT: undefined
COMMAND: POST /session/d23a2c4143f37d65f3c20c239a4eb09c/element - {"using":"xpath","value":"//*[@id=\"__tile41\"]"}
RESULT: {"using":"xpath","value":"//*[@id=\"__tile41\"]"}
COMMAND: POST /session/d23a2c4143f37d65f3c20c239a4eb09c/element/f.8708B2D2CC30D4BBE252B08E312BB3AA.d.CDC51611BADDAE8BD406ABE7EA8C8CF5.e.1084/click - {}
RESULT: {}
COMMAND: GET /session/d23a2c4143f37d65f3c20c239a4eb09c/screenshot - {}
RESULT: {}
RESULT: undefined
COMMAND: POST /session/d23a2c4143f37d65f3c20c239a4eb09c/element - {"using":"xpath","value":"//*[@id=\"__tile41\"]"}
RESULT: {"using":"xpath","value":"//*[@id=\"__tile41\"]"}
COMMAND: POST /session/d23a2c4143f37d65f3c20c239a4eb09c/element/f.8708B2D2CC30D4BBE252B08E312BB3AA.d.CDC51611BADDAE8BD406ABE7EA8C8CF5.e.1084/click - {}
RESULT: undefined
COMMAND: POST /session/d23a2c4143f37d65f3c20c239a4eb09c/element - {"using":"xpath","value":"//*[@id=\"__tile41\"]"}
RESULT: {"using":"xpath","value":"//*[@id=\"__tile41\"]"}
COMMAND: POST /session/d23a2c4143f37d65f3c20c239a4eb09c/element/f.8708B2D2CC30D4BBE252B08E312BB3AA.d.CDC51611BADDAE8BD406ABE7EA8C8CF5.e.1084/click - {}
RESULT: undefined
COMMAND: POST /session/d23a2c4143f37d65f3c20c239a4eb09c/execute/async - {"script":"<script> [6424 bytes]","args":[{"element-6066-11e4-a52e-4f735466cecf":"f.8708B2D2CC30D4BBE252B08E312BB3AA.d.CDC51611BADDAE8BD406ABE7EA8C8CF5.e.288"},"getTitle",[]]}
COMMAND: POST /session/d23a2c4143f37d65f3c20c239a4eb09c/execute/async - {"script":"<script> [1562 bytes]","args":[{"selector":{"id":"shellAppTitle"},"wdio_ui5_key":"shellAppTitle"}]}
RESULT: {"script":"<script> [1562 bytes]","args":[{"selector":{"id":"shellAppTitle"},"wdio_ui5_key":"shellAppTitle"}]}
COMMAND: POST /session/d23a2c4143f37d65f3c20c239a4eb09c/execute/async - {"script":"<script> [6424 bytes]","args":[{"element-6066-11e4-a52e-4f735466cecf":"f.8708B2D2CC30D4BBE252B08E312BB3AA.d.CDC51611BADDAE8BD406ABE7EA8C8CF5.e.1403"},"getTitle",[]]}
RESULT: {"script":"<script> [6424 bytes]","args":[{"element-6066-11e4-a52e-4f735466cecf":"f.8708B2D2CC30D4BBE252B08E312BB3AA.d.CDC51611BADDAE8BD406ABE7EA8C8CF5.e.1403"},"getTitle",[]]}
RESULT: undefined
COMMAND: POST /session/d23a2c4143f37d65f3c20c239a4eb09c/element/f.8708B2D2CC30D4BBE252B08E312BB3AA.d.CDC51611BADDAE8BD406ABE7EA8C8CF5.e.1082/click - {}
RESULT: {}
COMMAND: GET /session/d23a2c4143f37d65f3c20c239a4eb09c/screenshot - {}
RESULT: {}
]]></system-out>
    </testcase>
    <testcase classname="chrome.135_0_7049_96.windows.Sanity_Tests_US104253" name="Should open Manage Requests page" time="29.184">
      <system-out><![CDATA[
COMMAND: POST /session/d23a2c4143f37d65f3c20c239a4eb09c/execute/async - {"script":"<script> [1562 bytes]","args":[{"selector":{"controlType":"sap.m.GenericTile","properties":{"header":"Manage Requests"}},"wdio_ui5_key":"sapm.GenericTile{\"header\":\"Manage Requests\"}"}]}
RESULT: {"script":"<script> [1562 bytes]","args":[{"selector":{"controlType":"sap.m.GenericTile","properties":{"header":"Manage Requests"}},"wdio_ui5_key":"sapm.GenericTile{\"header\":\"Manage Requests\"}"}]}
RESULT: undefined
COMMAND: POST /session/d23a2c4143f37d65f3c20c239a4eb09c/element - {"using":"xpath","value":"//*[@id=\"__tile47\"]"}
RESULT: {"using":"xpath","value":"//*[@id=\"__tile47\"]"}
COMMAND: POST /session/d23a2c4143f37d65f3c20c239a4eb09c/element/f.8708B2D2CC30D4BBE252B08E312BB3AA.d.CDC51611BADDAE8BD406ABE7EA8C8CF5.e.1405/click - {}
RESULT: {}
COMMAND: GET /session/d23a2c4143f37d65f3c20c239a4eb09c/screenshot - {}
RESULT: {}
RESULT: undefined
COMMAND: POST /session/d23a2c4143f37d65f3c20c239a4eb09c/element - {"using":"xpath","value":"//*[@id=\"__tile47\"]"}
RESULT: {"using":"xpath","value":"//*[@id=\"__tile47\"]"}
COMMAND: POST /session/d23a2c4143f37d65f3c20c239a4eb09c/element/f.8708B2D2CC30D4BBE252B08E312BB3AA.d.CDC51611BADDAE8BD406ABE7EA8C8CF5.e.1405/click - {}
RESULT: undefined
COMMAND: POST /session/d23a2c4143f37d65f3c20c239a4eb09c/element - {"using":"xpath","value":"//*[@id=\"__tile47\"]"}
RESULT: {"using":"xpath","value":"//*[@id=\"__tile47\"]"}
COMMAND: POST /session/d23a2c4143f37d65f3c20c239a4eb09c/element/f.8708B2D2CC30D4BBE252B08E312BB3AA.d.CDC51611BADDAE8BD406ABE7EA8C8CF5.e.1405/click - {}
RESULT: undefined
COMMAND: POST /session/d23a2c4143f37d65f3c20c239a4eb09c/execute/async - {"script":"<script> [6424 bytes]","args":[{"element-6066-11e4-a52e-4f735466cecf":"f.8708B2D2CC30D4BBE252B08E312BB3AA.d.CDC51611BADDAE8BD406ABE7EA8C8CF5.e.288"},"getTitle",[]]}
COMMAND: POST /session/d23a2c4143f37d65f3c20c239a4eb09c/execute/async - {"script":"<script> [1562 bytes]","args":[{"selector":{"id":"shellAppTitle"},"wdio_ui5_key":"shellAppTitle"}]}
RESULT: {"script":"<script> [1562 bytes]","args":[{"selector":{"id":"shellAppTitle"},"wdio_ui5_key":"shellAppTitle"}]}
COMMAND: POST /session/d23a2c4143f37d65f3c20c239a4eb09c/execute/async - {"script":"<script> [6424 bytes]","args":[{"element-6066-11e4-a52e-4f735466cecf":"f.8708B2D2CC30D4BBE252B08E312BB3AA.d.CDC51611BADDAE8BD406ABE7EA8C8CF5.e.1503"},"getTitle",[]]}
RESULT: {"script":"<script> [6424 bytes]","args":[{"element-6066-11e4-a52e-4f735466cecf":"f.8708B2D2CC30D4BBE252B08E312BB3AA.d.CDC51611BADDAE8BD406ABE7EA8C8CF5.e.1503"},"getTitle",[]]}
RESULT: undefined
COMMAND: POST /session/d23a2c4143f37d65f3c20c239a4eb09c/element/f.8708B2D2CC30D4BBE252B08E312BB3AA.d.CDC51611BADDAE8BD406ABE7EA8C8CF5.e.1082/click - {}
COMMAND: POST /session/d23a2c4143f37d65f3c20c239a4eb09c/element - {"using":"xpath","value":"//*[@id=\"backBtn\"]"}
RESULT: {"using":"xpath","value":"//*[@id=\"backBtn\"]"}
COMMAND: POST /session/d23a2c4143f37d65f3c20c239a4eb09c/element/f.8708B2D2CC30D4BBE252B08E312BB3AA.d.CDC51611BADDAE8BD406ABE7EA8C8CF5.e.1082/click - {}
COMMAND: POST /session/d23a2c4143f37d65f3c20c239a4eb09c/element - {"using":"xpath","value":"//*[@id=\"backBtn\"]"}
RESULT: {"using":"xpath","value":"//*[@id=\"backBtn\"]"}
COMMAND: POST /session/d23a2c4143f37d65f3c20c239a4eb09c/element/f.8708B2D2CC30D4BBE252B08E312BB3AA.d.CDC51611BADDAE8BD406ABE7EA8C8CF5.e.1504/click - {}
RESULT: {}
COMMAND: GET /session/d23a2c4143f37d65f3c20c239a4eb09c/screenshot - {}
RESULT: {}
]]></system-out>
    </testcase>
    <testcase classname="chrome.135_0_7049_96.windows.Sanity_Tests_US104253" name="Should open Manage Purchasing page" time="28.982">
      <system-out><![CDATA[
COMMAND: POST /session/d23a2c4143f37d65f3c20c239a4eb09c/execute/async - {"script":"<script> [1562 bytes]","args":[{"selector":{"controlType":"sap.m.GenericTile","properties":{"header":"Manage Purchasing"}},"wdio_ui5_key":"sapm.GenericTile{\"header\":\"Manage Purchasing\"}"}]}
RESULT: {"script":"<script> [1562 bytes]","args":[{"selector":{"controlType":"sap.m.GenericTile","properties":{"header":"Manage Purchasing"}},"wdio_ui5_key":"sapm.GenericTile{\"header\":\"Manage Purchasing\"}"}]}
RESULT: undefined
COMMAND: POST /session/d23a2c4143f37d65f3c20c239a4eb09c/element - {"using":"xpath","value":"//*[@id=\"__tile46\"]"}
RESULT: {"using":"xpath","value":"//*[@id=\"__tile46\"]"}
COMMAND: POST /session/d23a2c4143f37d65f3c20c239a4eb09c/element/f.8708B2D2CC30D4BBE252B08E312BB3AA.d.CDC51611BADDAE8BD406ABE7EA8C8CF5.e.1507/click - {}
RESULT: {}
COMMAND: GET /session/d23a2c4143f37d65f3c20c239a4eb09c/screenshot - {}
RESULT: {}
RESULT: undefined
COMMAND: POST /session/d23a2c4143f37d65f3c20c239a4eb09c/element - {"using":"xpath","value":"//*[@id=\"__tile46\"]"}
RESULT: {"using":"xpath","value":"//*[@id=\"__tile46\"]"}
COMMAND: POST /session/d23a2c4143f37d65f3c20c239a4eb09c/element/f.8708B2D2CC30D4BBE252B08E312BB3AA.d.CDC51611BADDAE8BD406ABE7EA8C8CF5.e.1507/click - {}
RESULT: undefined
COMMAND: POST /session/d23a2c4143f37d65f3c20c239a4eb09c/element - {"using":"xpath","value":"//*[@id=\"__tile46\"]"}
RESULT: {"using":"xpath","value":"//*[@id=\"__tile46\"]"}
COMMAND: POST /session/d23a2c4143f37d65f3c20c239a4eb09c/element/f.8708B2D2CC30D4BBE252B08E312BB3AA.d.CDC51611BADDAE8BD406ABE7EA8C8CF5.e.1507/click - {}
RESULT: undefined
COMMAND: POST /session/d23a2c4143f37d65f3c20c239a4eb09c/execute/async - {"script":"<script> [6424 bytes]","args":[{"element-6066-11e4-a52e-4f735466cecf":"f.8708B2D2CC30D4BBE252B08E312BB3AA.d.CDC51611BADDAE8BD406ABE7EA8C8CF5.e.288"},"getTitle",[]]}
COMMAND: POST /session/d23a2c4143f37d65f3c20c239a4eb09c/execute/async - {"script":"<script> [1562 bytes]","args":[{"selector":{"id":"shellAppTitle"},"wdio_ui5_key":"shellAppTitle"}]}
RESULT: {"script":"<script> [1562 bytes]","args":[{"selector":{"id":"shellAppTitle"},"wdio_ui5_key":"shellAppTitle"}]}
COMMAND: POST /session/d23a2c4143f37d65f3c20c239a4eb09c/execute/async - {"script":"<script> [6424 bytes]","args":[{"element-6066-11e4-a52e-4f735466cecf":"f.8708B2D2CC30D4BBE252B08E312BB3AA.d.CDC51611BADDAE8BD406ABE7EA8C8CF5.e.1591"},"getTitle",[]]}
RESULT: {"script":"<script> [6424 bytes]","args":[{"element-6066-11e4-a52e-4f735466cecf":"f.8708B2D2CC30D4BBE252B08E312BB3AA.d.CDC51611BADDAE8BD406ABE7EA8C8CF5.e.1591"},"getTitle",[]]}
RESULT: undefined
COMMAND: POST /session/d23a2c4143f37d65f3c20c239a4eb09c/element/f.8708B2D2CC30D4BBE252B08E312BB3AA.d.CDC51611BADDAE8BD406ABE7EA8C8CF5.e.1504/click - {}
RESULT: {}
COMMAND: GET /session/d23a2c4143f37d65f3c20c239a4eb09c/screenshot - {}
RESULT: {}
]]></system-out>
    </testcase>
    <testcase classname="chrome.135_0_7049_96.windows.Sanity_Tests_US104253" name="Should open Planning Board page" time="28.988">
      <system-out><![CDATA[
COMMAND: POST /session/d23a2c4143f37d65f3c20c239a4eb09c/execute/async - {"script":"<script> [1562 bytes]","args":[{"selector":{"controlType":"sap.m.GenericTile","properties":{"header":"Planning Board"}},"wdio_ui5_key":"sapm.GenericTile{\"header\":\"Planning Board\"}"}]}
RESULT: {"script":"<script> [1562 bytes]","args":[{"selector":{"controlType":"sap.m.GenericTile","properties":{"header":"Planning Board"}},"wdio_ui5_key":"sapm.GenericTile{\"header\":\"Planning Board\"}"}]}
RESULT: undefined
COMMAND: POST /session/d23a2c4143f37d65f3c20c239a4eb09c/element - {"using":"xpath","value":"//*[@id=\"__tile132\"]"}
RESULT: {"using":"xpath","value":"//*[@id=\"__tile132\"]"}
COMMAND: POST /session/d23a2c4143f37d65f3c20c239a4eb09c/element/f.8708B2D2CC30D4BBE252B08E312BB3AA.d.CDC51611BADDAE8BD406ABE7EA8C8CF5.e.1593/click - {}
RESULT: {}
COMMAND: GET /session/d23a2c4143f37d65f3c20c239a4eb09c/screenshot - {}
RESULT: {}
RESULT: undefined
COMMAND: POST /session/d23a2c4143f37d65f3c20c239a4eb09c/element - {"using":"xpath","value":"//*[@id=\"__tile132\"]"}
RESULT: {"using":"xpath","value":"//*[@id=\"__tile132\"]"}
COMMAND: POST /session/d23a2c4143f37d65f3c20c239a4eb09c/element/f.8708B2D2CC30D4BBE252B08E312BB3AA.d.CDC51611BADDAE8BD406ABE7EA8C8CF5.e.1593/click - {}
RESULT: undefined
COMMAND: POST /session/d23a2c4143f37d65f3c20c239a4eb09c/element - {"using":"xpath","value":"//*[@id=\"__tile132\"]"}
RESULT: {"using":"xpath","value":"//*[@id=\"__tile132\"]"}
COMMAND: POST /session/d23a2c4143f37d65f3c20c239a4eb09c/element/f.8708B2D2CC30D4BBE252B08E312BB3AA.d.CDC51611BADDAE8BD406ABE7EA8C8CF5.e.1593/click - {}
RESULT: undefined
COMMAND: POST /session/d23a2c4143f37d65f3c20c239a4eb09c/execute/async - {"script":"<script> [6424 bytes]","args":[{"element-6066-11e4-a52e-4f735466cecf":"f.8708B2D2CC30D4BBE252B08E312BB3AA.d.CDC51611BADDAE8BD406ABE7EA8C8CF5.e.288"},"getTitle",[]]}
COMMAND: POST /session/d23a2c4143f37d65f3c20c239a4eb09c/execute/async - {"script":"<script> [1562 bytes]","args":[{"selector":{"id":"shellAppTitle"},"wdio_ui5_key":"shellAppTitle"}]}
RESULT: {"script":"<script> [1562 bytes]","args":[{"selector":{"id":"shellAppTitle"},"wdio_ui5_key":"shellAppTitle"}]}
COMMAND: POST /session/d23a2c4143f37d65f3c20c239a4eb09c/execute/async - {"script":"<script> [6424 bytes]","args":[{"element-6066-11e4-a52e-4f735466cecf":"f.8708B2D2CC30D4BBE252B08E312BB3AA.d.CDC51611BADDAE8BD406ABE7EA8C8CF5.e.1640"},"getTitle",[]]}
RESULT: {"script":"<script> [6424 bytes]","args":[{"element-6066-11e4-a52e-4f735466cecf":"f.8708B2D2CC30D4BBE252B08E312BB3AA.d.CDC51611BADDAE8BD406ABE7EA8C8CF5.e.1640"},"getTitle",[]]}
RESULT: undefined
COMMAND: POST /session/d23a2c4143f37d65f3c20c239a4eb09c/element/f.8708B2D2CC30D4BBE252B08E312BB3AA.d.CDC51611BADDAE8BD406ABE7EA8C8CF5.e.1504/click - {}
COMMAND: POST /session/d23a2c4143f37d65f3c20c239a4eb09c/element/f.8708B2D2CC30D4BBE252B08E312BB3AA.d.CDC51611BADDAE8BD406ABE7EA8C8CF5.e.1504/click - {}
COMMAND: POST /session/d23a2c4143f37d65f3c20c239a4eb09c/element - {"using":"xpath","value":"//*[@id=\"backBtn\"]"}
COMMAND: POST /session/d23a2c4143f37d65f3c20c239a4eb09c/element - {"using":"xpath","value":"//*[@id=\"backBtn\"]"}
RESULT: {"using":"xpath","value":"//*[@id=\"backBtn\"]"}
COMMAND: POST /session/d23a2c4143f37d65f3c20c239a4eb09c/element/f.8708B2D2CC30D4BBE252B08E312BB3AA.d.CDC51611BADDAE8BD406ABE7EA8C8CF5.e.1504/click - {}
RESULT: {"using":"xpath","value":"//*[@id=\"backBtn\"]"}
COMMAND: POST /session/d23a2c4143f37d65f3c20c239a4eb09c/element/f.8708B2D2CC30D4BBE252B08E312BB3AA.d.CDC51611BADDAE8BD406ABE7EA8C8CF5.e.1504/click - {}
COMMAND: POST /session/d23a2c4143f37d65f3c20c239a4eb09c/element - {"using":"xpath","value":"//*[@id=\"backBtn\"]"}
COMMAND: POST /session/d23a2c4143f37d65f3c20c239a4eb09c/element - {"using":"xpath","value":"//*[@id=\"backBtn\"]"}
RESULT: {"using":"xpath","value":"//*[@id=\"backBtn\"]"}
COMMAND: POST /session/d23a2c4143f37d65f3c20c239a4eb09c/element/f.8708B2D2CC30D4BBE252B08E312BB3AA.d.CDC51611BADDAE8BD406ABE7EA8C8CF5.e.1641/click - {}
RESULT: {"using":"xpath","value":"//*[@id=\"backBtn\"]"}
COMMAND: POST /session/d23a2c4143f37d65f3c20c239a4eb09c/element/f.8708B2D2CC30D4BBE252B08E312BB3AA.d.CDC51611BADDAE8BD406ABE7EA8C8CF5.e.1641/click - {}
RESULT: {}
COMMAND: GET /session/d23a2c4143f37d65f3c20c239a4eb09c/screenshot - {}
RESULT: {}
COMMAND: GET /session/d23a2c4143f37d65f3c20c239a4eb09c/screenshot - {}
RESULT: {}
RESULT: {}
]]></system-out>
    </testcase>
    <testcase classname="chrome.135_0_7049_96.windows.Sanity_Tests_US104253" name="Should open Manage Contracts page" time="32.339">
      <system-out><![CDATA[
COMMAND: POST /session/d23a2c4143f37d65f3c20c239a4eb09c/execute/async - {"script":"<script> [1562 bytes]","args":[{"selector":{"controlType":"sap.m.GenericTile","properties":{"header":"Manage Contracts"}},"wdio_ui5_key":"sapm.GenericTile{\"header\":\"Manage Contracts\"}"}]}
RESULT: {"script":"<script> [1562 bytes]","args":[{"selector":{"controlType":"sap.m.GenericTile","properties":{"header":"Manage Contracts"}},"wdio_ui5_key":"sapm.GenericTile{\"header\":\"Manage Contracts\"}"}]}
RESULT: undefined
COMMAND: POST /session/d23a2c4143f37d65f3c20c239a4eb09c/element - {"using":"xpath","value":"//*[@id=\"__tile130\"]"}
RESULT: {"using":"xpath","value":"//*[@id=\"__tile130\"]"}
COMMAND: POST /session/d23a2c4143f37d65f3c20c239a4eb09c/element/f.8708B2D2CC30D4BBE252B08E312BB3AA.d.CDC51611BADDAE8BD406ABE7EA8C8CF5.e.1643/click - {}
RESULT: {}
COMMAND: GET /session/d23a2c4143f37d65f3c20c239a4eb09c/screenshot - {}
RESULT: {}
RESULT: undefined
COMMAND: POST /session/d23a2c4143f37d65f3c20c239a4eb09c/element - {"using":"xpath","value":"//*[@id=\"__tile130\"]"}
RESULT: {"using":"xpath","value":"//*[@id=\"__tile130\"]"}
COMMAND: POST /session/d23a2c4143f37d65f3c20c239a4eb09c/element/f.8708B2D2CC30D4BBE252B08E312BB3AA.d.CDC51611BADDAE8BD406ABE7EA8C8CF5.e.1643/click - {}
RESULT: undefined
COMMAND: POST /session/d23a2c4143f37d65f3c20c239a4eb09c/element - {"using":"xpath","value":"//*[@id=\"__tile130\"]"}
RESULT: {"using":"xpath","value":"//*[@id=\"__tile130\"]"}
COMMAND: POST /session/d23a2c4143f37d65f3c20c239a4eb09c/element/f.8708B2D2CC30D4BBE252B08E312BB3AA.d.CDC51611BADDAE8BD406ABE7EA8C8CF5.e.1643/click - {}
RESULT: undefined
COMMAND: POST /session/d23a2c4143f37d65f3c20c239a4eb09c/execute/async - {"script":"<script> [6424 bytes]","args":[{"element-6066-11e4-a52e-4f735466cecf":"f.8708B2D2CC30D4BBE252B08E312BB3AA.d.CDC51611BADDAE8BD406ABE7EA8C8CF5.e.288"},"getTitle",[]]}
COMMAND: POST /session/d23a2c4143f37d65f3c20c239a4eb09c/execute/async - {"script":"<script> [1562 bytes]","args":[{"selector":{"id":"shellAppTitle"},"wdio_ui5_key":"shellAppTitle"}]}
RESULT: {"script":"<script> [1562 bytes]","args":[{"selector":{"id":"shellAppTitle"},"wdio_ui5_key":"shellAppTitle"}]}
COMMAND: POST /session/d23a2c4143f37d65f3c20c239a4eb09c/execute/async - {"script":"<script> [6424 bytes]","args":[{"element-6066-11e4-a52e-4f735466cecf":"f.8708B2D2CC30D4BBE252B08E312BB3AA.d.CDC51611BADDAE8BD406ABE7EA8C8CF5.e.1726"},"getTitle",[]]}
RESULT: {"script":"<script> [6424 bytes]","args":[{"element-6066-11e4-a52e-4f735466cecf":"f.8708B2D2CC30D4BBE252B08E312BB3AA.d.CDC51611BADDAE8BD406ABE7EA8C8CF5.e.1726"},"getTitle",[]]}
RESULT: undefined
COMMAND: POST /session/d23a2c4143f37d65f3c20c239a4eb09c/element/f.8708B2D2CC30D4BBE252B08E312BB3AA.d.CDC51611BADDAE8BD406ABE7EA8C8CF5.e.1641/click - {}
RESULT: {}
COMMAND: GET /session/d23a2c4143f37d65f3c20c239a4eb09c/screenshot - {}
RESULT: {}
]]></system-out>
    </testcase>
    <testcase classname="chrome.135_0_7049_96.windows.Sanity_Tests_US104253" name="Should open Manage Quotations page" time="30.374">
      <system-out><![CDATA[
COMMAND: POST /session/d23a2c4143f37d65f3c20c239a4eb09c/execute/async - {"script":"<script> [1562 bytes]","args":[{"selector":{"controlType":"sap.m.GenericTile","properties":{"header":"Manage Quotations"}},"wdio_ui5_key":"sapm.GenericTile{\"header\":\"Manage Quotations\"}"}]}
RESULT: {"script":"<script> [1562 bytes]","args":[{"selector":{"controlType":"sap.m.GenericTile","properties":{"header":"Manage Quotations"}},"wdio_ui5_key":"sapm.GenericTile{\"header\":\"Manage Quotations\"}"}]}
RESULT: undefined
COMMAND: POST /session/d23a2c4143f37d65f3c20c239a4eb09c/element - {"using":"xpath","value":"//*[@id=\"__tile133\"]"}
RESULT: {"using":"xpath","value":"//*[@id=\"__tile133\"]"}
COMMAND: POST /session/d23a2c4143f37d65f3c20c239a4eb09c/element/f.8708B2D2CC30D4BBE252B08E312BB3AA.d.CDC51611BADDAE8BD406ABE7EA8C8CF5.e.1728/click - {}
RESULT: {}
COMMAND: GET /session/d23a2c4143f37d65f3c20c239a4eb09c/screenshot - {}
RESULT: {}
RESULT: undefined
COMMAND: POST /session/d23a2c4143f37d65f3c20c239a4eb09c/element - {"using":"xpath","value":"//*[@id=\"__tile133\"]"}
RESULT: {"using":"xpath","value":"//*[@id=\"__tile133\"]"}
COMMAND: POST /session/d23a2c4143f37d65f3c20c239a4eb09c/element/f.8708B2D2CC30D4BBE252B08E312BB3AA.d.CDC51611BADDAE8BD406ABE7EA8C8CF5.e.1728/click - {}
RESULT: undefined
COMMAND: POST /session/d23a2c4143f37d65f3c20c239a4eb09c/element - {"using":"xpath","value":"//*[@id=\"__tile133\"]"}
RESULT: {"using":"xpath","value":"//*[@id=\"__tile133\"]"}
COMMAND: POST /session/d23a2c4143f37d65f3c20c239a4eb09c/element/f.8708B2D2CC30D4BBE252B08E312BB3AA.d.CDC51611BADDAE8BD406ABE7EA8C8CF5.e.1728/click - {}
RESULT: undefined
COMMAND: POST /session/d23a2c4143f37d65f3c20c239a4eb09c/execute/async - {"script":"<script> [6424 bytes]","args":[{"element-6066-11e4-a52e-4f735466cecf":"f.8708B2D2CC30D4BBE252B08E312BB3AA.d.CDC51611BADDAE8BD406ABE7EA8C8CF5.e.288"},"getTitle",[]]}
COMMAND: POST /session/d23a2c4143f37d65f3c20c239a4eb09c/execute/async - {"script":"<script> [1562 bytes]","args":[{"selector":{"id":"shellAppTitle"},"wdio_ui5_key":"shellAppTitle"}]}
RESULT: {"script":"<script> [1562 bytes]","args":[{"selector":{"id":"shellAppTitle"},"wdio_ui5_key":"shellAppTitle"}]}
COMMAND: POST /session/d23a2c4143f37d65f3c20c239a4eb09c/execute/async - {"script":"<script> [6424 bytes]","args":[{"element-6066-11e4-a52e-4f735466cecf":"f.8708B2D2CC30D4BBE252B08E312BB3AA.d.CDC51611BADDAE8BD406ABE7EA8C8CF5.e.1833"},"getTitle",[]]}
RESULT: {"script":"<script> [6424 bytes]","args":[{"element-6066-11e4-a52e-4f735466cecf":"f.8708B2D2CC30D4BBE252B08E312BB3AA.d.CDC51611BADDAE8BD406ABE7EA8C8CF5.e.1833"},"getTitle",[]]}
RESULT: undefined
COMMAND: POST /session/d23a2c4143f37d65f3c20c239a4eb09c/element/f.8708B2D2CC30D4BBE252B08E312BB3AA.d.CDC51611BADDAE8BD406ABE7EA8C8CF5.e.1641/click - {}
COMMAND: POST /session/d23a2c4143f37d65f3c20c239a4eb09c/element - {"using":"xpath","value":"//*[@id=\"backBtn\"]"}
RESULT: {"using":"xpath","value":"//*[@id=\"backBtn\"]"}
COMMAND: POST /session/d23a2c4143f37d65f3c20c239a4eb09c/element/f.8708B2D2CC30D4BBE252B08E312BB3AA.d.CDC51611BADDAE8BD406ABE7EA8C8CF5.e.1641/click - {}
COMMAND: POST /session/d23a2c4143f37d65f3c20c239a4eb09c/element - {"using":"xpath","value":"//*[@id=\"backBtn\"]"}
RESULT: {"using":"xpath","value":"//*[@id=\"backBtn\"]"}
COMMAND: POST /session/d23a2c4143f37d65f3c20c239a4eb09c/element/f.8708B2D2CC30D4BBE252B08E312BB3AA.d.CDC51611BADDAE8BD406ABE7EA8C8CF5.e.1834/click - {}
RESULT: {}
COMMAND: GET /session/d23a2c4143f37d65f3c20c239a4eb09c/screenshot - {}
RESULT: {}
]]></system-out>
    </testcase>
    <testcase classname="chrome.135_0_7049_96.windows.Sanity_Tests_US104253" name="Should open Manage Handovers page" time="30.504">
      <system-out><![CDATA[
COMMAND: POST /session/d23a2c4143f37d65f3c20c239a4eb09c/execute/async - {"script":"<script> [1562 bytes]","args":[{"selector":{"controlType":"sap.m.GenericTile","properties":{"header":"Manage Handovers"}},"wdio_ui5_key":"sapm.GenericTile{\"header\":\"Manage Handovers\"}"}]}
RESULT: {"script":"<script> [1562 bytes]","args":[{"selector":{"controlType":"sap.m.GenericTile","properties":{"header":"Manage Handovers"}},"wdio_ui5_key":"sapm.GenericTile{\"header\":\"Manage Handovers\"}"}]}
RESULT: undefined
COMMAND: POST /session/d23a2c4143f37d65f3c20c239a4eb09c/element - {"using":"xpath","value":"//*[@id=\"__tile131\"]"}
RESULT: {"using":"xpath","value":"//*[@id=\"__tile131\"]"}
COMMAND: POST /session/d23a2c4143f37d65f3c20c239a4eb09c/element/f.8708B2D2CC30D4BBE252B08E312BB3AA.d.CDC51611BADDAE8BD406ABE7EA8C8CF5.e.1836/click - {}
RESULT: {}
COMMAND: GET /session/d23a2c4143f37d65f3c20c239a4eb09c/screenshot - {}
RESULT: {}
RESULT: undefined
COMMAND: POST /session/d23a2c4143f37d65f3c20c239a4eb09c/element - {"using":"xpath","value":"//*[@id=\"__tile131\"]"}
RESULT: {"using":"xpath","value":"//*[@id=\"__tile131\"]"}
COMMAND: POST /session/d23a2c4143f37d65f3c20c239a4eb09c/element/f.8708B2D2CC30D4BBE252B08E312BB3AA.d.CDC51611BADDAE8BD406ABE7EA8C8CF5.e.1836/click - {}
RESULT: undefined
COMMAND: POST /session/d23a2c4143f37d65f3c20c239a4eb09c/element - {"using":"xpath","value":"//*[@id=\"__tile131\"]"}
RESULT: {"using":"xpath","value":"//*[@id=\"__tile131\"]"}
COMMAND: POST /session/d23a2c4143f37d65f3c20c239a4eb09c/element/f.8708B2D2CC30D4BBE252B08E312BB3AA.d.CDC51611BADDAE8BD406ABE7EA8C8CF5.e.1836/click - {}
RESULT: undefined
COMMAND: POST /session/d23a2c4143f37d65f3c20c239a4eb09c/execute/async - {"script":"<script> [6424 bytes]","args":[{"element-6066-11e4-a52e-4f735466cecf":"f.8708B2D2CC30D4BBE252B08E312BB3AA.d.CDC51611BADDAE8BD406ABE7EA8C8CF5.e.288"},"getTitle",[]]}
COMMAND: POST /session/d23a2c4143f37d65f3c20c239a4eb09c/execute/async - {"script":"<script> [1562 bytes]","args":[{"selector":{"id":"shellAppTitle"},"wdio_ui5_key":"shellAppTitle"}]}
RESULT: {"script":"<script> [1562 bytes]","args":[{"selector":{"id":"shellAppTitle"},"wdio_ui5_key":"shellAppTitle"}]}
COMMAND: POST /session/d23a2c4143f37d65f3c20c239a4eb09c/execute/async - {"script":"<script> [6424 bytes]","args":[{"element-6066-11e4-a52e-4f735466cecf":"f.8708B2D2CC30D4BBE252B08E312BB3AA.d.CDC51611BADDAE8BD406ABE7EA8C8CF5.e.1942"},"getTitle",[]]}
RESULT: {"script":"<script> [6424 bytes]","args":[{"element-6066-11e4-a52e-4f735466cecf":"f.8708B2D2CC30D4BBE252B08E312BB3AA.d.CDC51611BADDAE8BD406ABE7EA8C8CF5.e.1942"},"getTitle",[]]}
RESULT: undefined
COMMAND: POST /session/d23a2c4143f37d65f3c20c239a4eb09c/element/f.8708B2D2CC30D4BBE252B08E312BB3AA.d.CDC51611BADDAE8BD406ABE7EA8C8CF5.e.1834/click - {}
RESULT: {}
COMMAND: GET /session/d23a2c4143f37d65f3c20c239a4eb09c/screenshot - {}
RESULT: {}
]]></system-out>
    </testcase>
    <testcase classname="chrome.135_0_7049_96.windows.Sanity_Tests_US104253" name="Should open Delivery Monitor page" time="32.347">
      <system-out><![CDATA[
COMMAND: POST /session/d23a2c4143f37d65f3c20c239a4eb09c/execute/async - {"script":"<script> [1562 bytes]","args":[{"selector":{"controlType":"sap.m.GenericTile","properties":{"header":"Delivery Monitor"}},"wdio_ui5_key":"sapm.GenericTile{\"header\":\"Delivery Monitor\"}"}]}
RESULT: {"script":"<script> [1562 bytes]","args":[{"selector":{"controlType":"sap.m.GenericTile","properties":{"header":"Delivery Monitor"}},"wdio_ui5_key":"sapm.GenericTile{\"header\":\"Delivery Monitor\"}"}]}
RESULT: undefined
COMMAND: POST /session/d23a2c4143f37d65f3c20c239a4eb09c/element - {"using":"xpath","value":"//*[@id=\"__tile43\"]"}
RESULT: {"using":"xpath","value":"//*[@id=\"__tile43\"]"}
COMMAND: POST /session/d23a2c4143f37d65f3c20c239a4eb09c/element/f.8708B2D2CC30D4BBE252B08E312BB3AA.d.CDC51611BADDAE8BD406ABE7EA8C8CF5.e.1944/click - {}
RESULT: {}
COMMAND: GET /session/d23a2c4143f37d65f3c20c239a4eb09c/screenshot - {}
RESULT: {}
RESULT: undefined
COMMAND: POST /session/d23a2c4143f37d65f3c20c239a4eb09c/element - {"using":"xpath","value":"//*[@id=\"__tile43\"]"}
RESULT: {"using":"xpath","value":"//*[@id=\"__tile43\"]"}
COMMAND: POST /session/d23a2c4143f37d65f3c20c239a4eb09c/element/f.8708B2D2CC30D4BBE252B08E312BB3AA.d.CDC51611BADDAE8BD406ABE7EA8C8CF5.e.1944/click - {}
RESULT: undefined
COMMAND: POST /session/d23a2c4143f37d65f3c20c239a4eb09c/element - {"using":"xpath","value":"//*[@id=\"__tile43\"]"}
RESULT: {"using":"xpath","value":"//*[@id=\"__tile43\"]"}
COMMAND: POST /session/d23a2c4143f37d65f3c20c239a4eb09c/element/f.8708B2D2CC30D4BBE252B08E312BB3AA.d.CDC51611BADDAE8BD406ABE7EA8C8CF5.e.1944/click - {}
RESULT: undefined
COMMAND: POST /session/d23a2c4143f37d65f3c20c239a4eb09c/execute/async - {"script":"<script> [6424 bytes]","args":[{"element-6066-11e4-a52e-4f735466cecf":"f.8708B2D2CC30D4BBE252B08E312BB3AA.d.CDC51611BADDAE8BD406ABE7EA8C8CF5.e.288"},"getTitle",[]]}
COMMAND: POST /session/d23a2c4143f37d65f3c20c239a4eb09c/execute/async - {"script":"<script> [1562 bytes]","args":[{"selector":{"id":"shellAppTitle"},"wdio_ui5_key":"shellAppTitle"}]}
RESULT: {"script":"<script> [1562 bytes]","args":[{"selector":{"id":"shellAppTitle"},"wdio_ui5_key":"shellAppTitle"}]}
COMMAND: POST /session/d23a2c4143f37d65f3c20c239a4eb09c/execute/async - {"script":"<script> [6424 bytes]","args":[{"element-6066-11e4-a52e-4f735466cecf":"f.8708B2D2CC30D4BBE252B08E312BB3AA.d.CDC51611BADDAE8BD406ABE7EA8C8CF5.e.2054"},"getTitle",[]]}
RESULT: {"script":"<script> [6424 bytes]","args":[{"element-6066-11e4-a52e-4f735466cecf":"f.8708B2D2CC30D4BBE252B08E312BB3AA.d.CDC51611BADDAE8BD406ABE7EA8C8CF5.e.2054"},"getTitle",[]]}
RESULT: undefined
COMMAND: POST /session/d23a2c4143f37d65f3c20c239a4eb09c/element/f.8708B2D2CC30D4BBE252B08E312BB3AA.d.CDC51611BADDAE8BD406ABE7EA8C8CF5.e.1834/click - {}
COMMAND: POST /session/d23a2c4143f37d65f3c20c239a4eb09c/element - {"using":"xpath","value":"//*[@id=\"backBtn\"]"}
RESULT: {"using":"xpath","value":"//*[@id=\"backBtn\"]"}
COMMAND: POST /session/d23a2c4143f37d65f3c20c239a4eb09c/element/f.8708B2D2CC30D4BBE252B08E312BB3AA.d.CDC51611BADDAE8BD406ABE7EA8C8CF5.e.1834/click - {}
COMMAND: POST /session/d23a2c4143f37d65f3c20c239a4eb09c/element - {"using":"xpath","value":"//*[@id=\"backBtn\"]"}
RESULT: {"using":"xpath","value":"//*[@id=\"backBtn\"]"}
COMMAND: POST /session/d23a2c4143f37d65f3c20c239a4eb09c/element/f.8708B2D2CC30D4BBE252B08E312BB3AA.d.CDC51611BADDAE8BD406ABE7EA8C8CF5.e.2056/click - {}
RESULT: {}
COMMAND: GET /session/d23a2c4143f37d65f3c20c239a4eb09c/screenshot - {}
RESULT: {}
]]></system-out>
    </testcase>
    <testcase classname="chrome.135_0_7049_96.windows.Sanity_Tests_US104253" name="Should open Manage Calendar Exceptions page" time="30.613">
      <system-out><![CDATA[
COMMAND: POST /session/d23a2c4143f37d65f3c20c239a4eb09c/execute/async - {"script":"<script> [1562 bytes]","args":[{"selector":{"controlType":"sap.m.GenericTile","properties":{"header":"Manage Calendar Exceptions"}},"wdio_ui5_key":"sapm.GenericTile{\"header\":\"Manage Calendar Exceptions\"}"}]}
RESULT: {"script":"<script> [1562 bytes]","args":[{"selector":{"controlType":"sap.m.GenericTile","properties":{"header":"Manage Calendar Exceptions"}},"wdio_ui5_key":"sapm.GenericTile{\"header\":\"Manage Calendar Exceptions\"}"}]}
RESULT: undefined
COMMAND: POST /session/d23a2c4143f37d65f3c20c239a4eb09c/element - {"using":"xpath","value":"//*[@id=\"__tile52\"]"}
RESULT: {"using":"xpath","value":"//*[@id=\"__tile52\"]"}
COMMAND: POST /session/d23a2c4143f37d65f3c20c239a4eb09c/element/f.8708B2D2CC30D4BBE252B08E312BB3AA.d.CDC51611BADDAE8BD406ABE7EA8C8CF5.e.2058/click - {}
RESULT: {}
COMMAND: GET /session/d23a2c4143f37d65f3c20c239a4eb09c/screenshot - {}
RESULT: {}
RESULT: undefined
COMMAND: POST /session/d23a2c4143f37d65f3c20c239a4eb09c/element - {"using":"xpath","value":"//*[@id=\"__tile52\"]"}
RESULT: {"using":"xpath","value":"//*[@id=\"__tile52\"]"}
COMMAND: POST /session/d23a2c4143f37d65f3c20c239a4eb09c/element/f.8708B2D2CC30D4BBE252B08E312BB3AA.d.CDC51611BADDAE8BD406ABE7EA8C8CF5.e.2058/click - {}
RESULT: undefined
COMMAND: POST /session/d23a2c4143f37d65f3c20c239a4eb09c/element - {"using":"xpath","value":"//*[@id=\"__tile52\"]"}
RESULT: {"using":"xpath","value":"//*[@id=\"__tile52\"]"}
COMMAND: POST /session/d23a2c4143f37d65f3c20c239a4eb09c/element/f.8708B2D2CC30D4BBE252B08E312BB3AA.d.CDC51611BADDAE8BD406ABE7EA8C8CF5.e.2058/click - {}
RESULT: undefined
COMMAND: POST /session/d23a2c4143f37d65f3c20c239a4eb09c/execute/async - {"script":"<script> [6424 bytes]","args":[{"element-6066-11e4-a52e-4f735466cecf":"f.8708B2D2CC30D4BBE252B08E312BB3AA.d.CDC51611BADDAE8BD406ABE7EA8C8CF5.e.288"},"getTitle",[]]}
COMMAND: POST /session/d23a2c4143f37d65f3c20c239a4eb09c/execute/async - {"script":"<script> [1562 bytes]","args":[{"selector":{"id":"shellAppTitle"},"wdio_ui5_key":"shellAppTitle"}]}
RESULT: {"script":"<script> [1562 bytes]","args":[{"selector":{"id":"shellAppTitle"},"wdio_ui5_key":"shellAppTitle"}]}
COMMAND: POST /session/d23a2c4143f37d65f3c20c239a4eb09c/execute/async - {"script":"<script> [6424 bytes]","args":[{"element-6066-11e4-a52e-4f735466cecf":"f.8708B2D2CC30D4BBE252B08E312BB3AA.d.CDC51611BADDAE8BD406ABE7EA8C8CF5.e.2134"},"getTitle",[]]}
RESULT: {"script":"<script> [6424 bytes]","args":[{"element-6066-11e4-a52e-4f735466cecf":"f.8708B2D2CC30D4BBE252B08E312BB3AA.d.CDC51611BADDAE8BD406ABE7EA8C8CF5.e.2134"},"getTitle",[]]}
RESULT: undefined
COMMAND: POST /session/d23a2c4143f37d65f3c20c239a4eb09c/element/f.8708B2D2CC30D4BBE252B08E312BB3AA.d.CDC51611BADDAE8BD406ABE7EA8C8CF5.e.2056/click - {}
RESULT: {}
COMMAND: GET /session/d23a2c4143f37d65f3c20c239a4eb09c/screenshot - {}
RESULT: {}
]]></system-out>
    </testcase>
    <testcase classname="chrome.135_0_7049_96.windows.Sanity_Tests_US104253" name="Should open Manage States Performance page" time="30.758">
      <system-out><![CDATA[
COMMAND: POST /session/d23a2c4143f37d65f3c20c239a4eb09c/execute/async - {"script":"<script> [1562 bytes]","args":[{"selector":{"controlType":"sap.m.GenericTile","properties":{"header":"Manage States & Performance"}},"wdio_ui5_key":"sapm.GenericTile{\"header\":\"Manage States & Performance\"}"}]}
RESULT: {"script":"<script> [1562 bytes]","args":[{"selector":{"controlType":"sap.m.GenericTile","properties":{"header":"Manage States & Performance"}},"wdio_ui5_key":"sapm.GenericTile{\"header\":\"Manage States & Performance\"}"}]}
RESULT: undefined
COMMAND: POST /session/d23a2c4143f37d65f3c20c239a4eb09c/element - {"using":"xpath","value":"//*[@id=\"__tile56\"]"}
RESULT: {"using":"xpath","value":"//*[@id=\"__tile56\"]"}
COMMAND: POST /session/d23a2c4143f37d65f3c20c239a4eb09c/element/f.8708B2D2CC30D4BBE252B08E312BB3AA.d.CDC51611BADDAE8BD406ABE7EA8C8CF5.e.109/click - {}
RESULT: {}
COMMAND: GET /session/d23a2c4143f37d65f3c20c239a4eb09c/screenshot - {}
RESULT: {}
RESULT: undefined
COMMAND: POST /session/d23a2c4143f37d65f3c20c239a4eb09c/element - {"using":"xpath","value":"//*[@id=\"__tile56\"]"}
RESULT: {"using":"xpath","value":"//*[@id=\"__tile56\"]"}
COMMAND: POST /session/d23a2c4143f37d65f3c20c239a4eb09c/element/f.8708B2D2CC30D4BBE252B08E312BB3AA.d.CDC51611BADDAE8BD406ABE7EA8C8CF5.e.109/click - {}
RESULT: undefined
COMMAND: POST /session/d23a2c4143f37d65f3c20c239a4eb09c/element - {"using":"xpath","value":"//*[@id=\"__tile56\"]"}
RESULT: {"using":"xpath","value":"//*[@id=\"__tile56\"]"}
COMMAND: POST /session/d23a2c4143f37d65f3c20c239a4eb09c/element/f.8708B2D2CC30D4BBE252B08E312BB3AA.d.CDC51611BADDAE8BD406ABE7EA8C8CF5.e.109/click - {}
RESULT: undefined
COMMAND: POST /session/d23a2c4143f37d65f3c20c239a4eb09c/execute/async - {"script":"<script> [6424 bytes]","args":[{"element-6066-11e4-a52e-4f735466cecf":"f.8708B2D2CC30D4BBE252B08E312BB3AA.d.CDC51611BADDAE8BD406ABE7EA8C8CF5.e.288"},"getTitle",[]]}
COMMAND: POST /session/d23a2c4143f37d65f3c20c239a4eb09c/execute/async - {"script":"<script> [1562 bytes]","args":[{"selector":{"id":"shellAppTitle"},"wdio_ui5_key":"shellAppTitle"}]}
RESULT: {"script":"<script> [1562 bytes]","args":[{"selector":{"id":"shellAppTitle"},"wdio_ui5_key":"shellAppTitle"}]}
COMMAND: POST /session/d23a2c4143f37d65f3c20c239a4eb09c/execute/async - {"script":"<script> [6424 bytes]","args":[{"element-6066-11e4-a52e-4f735466cecf":"f.8708B2D2CC30D4BBE252B08E312BB3AA.d.CDC51611BADDAE8BD406ABE7EA8C8CF5.e.2238"},"getTitle",[]]}
RESULT: {"script":"<script> [6424 bytes]","args":[{"element-6066-11e4-a52e-4f735466cecf":"f.8708B2D2CC30D4BBE252B08E312BB3AA.d.CDC51611BADDAE8BD406ABE7EA8C8CF5.e.2238"},"getTitle",[]]}
RESULT: undefined
COMMAND: POST /session/d23a2c4143f37d65f3c20c239a4eb09c/element/f.8708B2D2CC30D4BBE252B08E312BB3AA.d.CDC51611BADDAE8BD406ABE7EA8C8CF5.e.2056/click - {}
COMMAND: POST /session/d23a2c4143f37d65f3c20c239a4eb09c/element - {"using":"xpath","value":"//*[@id=\"backBtn\"]"}
RESULT: {"using":"xpath","value":"//*[@id=\"backBtn\"]"}
COMMAND: POST /session/d23a2c4143f37d65f3c20c239a4eb09c/element/f.8708B2D2CC30D4BBE252B08E312BB3AA.d.CDC51611BADDAE8BD406ABE7EA8C8CF5.e.2056/click - {}
COMMAND: POST /session/d23a2c4143f37d65f3c20c239a4eb09c/element - {"using":"xpath","value":"//*[@id=\"backBtn\"]"}
RESULT: {"using":"xpath","value":"//*[@id=\"backBtn\"]"}
COMMAND: POST /session/d23a2c4143f37d65f3c20c239a4eb09c/element/f.8708B2D2CC30D4BBE252B08E312BB3AA.d.CDC51611BADDAE8BD406ABE7EA8C8CF5.e.2239/click - {}
RESULT: {}
COMMAND: GET /session/d23a2c4143f37d65f3c20c239a4eb09c/screenshot - {}
RESULT: {}
]]></system-out>
    </testcase>
    <testcase classname="chrome.135_0_7049_96.windows.Sanity_Tests_US104253" name="Should open Manage Billings page" time="33.601">
      <system-out><![CDATA[
COMMAND: POST /session/d23a2c4143f37d65f3c20c239a4eb09c/execute/async - {"script":"<script> [1562 bytes]","args":[{"selector":{"controlType":"sap.m.GenericTile","properties":{"header":"Manage Billings"}},"wdio_ui5_key":"sapm.GenericTile{\"header\":\"Manage Billings\"}"}]}
RESULT: {"script":"<script> [1562 bytes]","args":[{"selector":{"controlType":"sap.m.GenericTile","properties":{"header":"Manage Billings"}},"wdio_ui5_key":"sapm.GenericTile{\"header\":\"Manage Billings\"}"}]}
RESULT: undefined
COMMAND: POST /session/d23a2c4143f37d65f3c20c239a4eb09c/element - {"using":"xpath","value":"//*[@id=\"__tile51\"]"}
RESULT: {"using":"xpath","value":"//*[@id=\"__tile51\"]"}
COMMAND: POST /session/d23a2c4143f37d65f3c20c239a4eb09c/element/f.8708B2D2CC30D4BBE252B08E312BB3AA.d.CDC51611BADDAE8BD406ABE7EA8C8CF5.e.2241/click - {}
RESULT: {}
COMMAND: GET /session/d23a2c4143f37d65f3c20c239a4eb09c/screenshot - {}
RESULT: {}
RESULT: undefined
COMMAND: POST /session/d23a2c4143f37d65f3c20c239a4eb09c/element - {"using":"xpath","value":"//*[@id=\"__tile51\"]"}
RESULT: {"using":"xpath","value":"//*[@id=\"__tile51\"]"}
COMMAND: POST /session/d23a2c4143f37d65f3c20c239a4eb09c/element/f.8708B2D2CC30D4BBE252B08E312BB3AA.d.CDC51611BADDAE8BD406ABE7EA8C8CF5.e.2241/click - {}
RESULT: undefined
COMMAND: POST /session/d23a2c4143f37d65f3c20c239a4eb09c/element - {"using":"xpath","value":"//*[@id=\"__tile51\"]"}
RESULT: {"using":"xpath","value":"//*[@id=\"__tile51\"]"}
COMMAND: POST /session/d23a2c4143f37d65f3c20c239a4eb09c/element/f.8708B2D2CC30D4BBE252B08E312BB3AA.d.CDC51611BADDAE8BD406ABE7EA8C8CF5.e.2241/click - {}
RESULT: undefined
COMMAND: POST /session/d23a2c4143f37d65f3c20c239a4eb09c/execute/async - {"script":"<script> [6424 bytes]","args":[{"element-6066-11e4-a52e-4f735466cecf":"f.8708B2D2CC30D4BBE252B08E312BB3AA.d.CDC51611BADDAE8BD406ABE7EA8C8CF5.e.288"},"getTitle",[]]}
COMMAND: POST /session/d23a2c4143f37d65f3c20c239a4eb09c/execute/async - {"script":"<script> [1562 bytes]","args":[{"selector":{"id":"shellAppTitle"},"wdio_ui5_key":"shellAppTitle"}]}
RESULT: {"script":"<script> [1562 bytes]","args":[{"selector":{"id":"shellAppTitle"},"wdio_ui5_key":"shellAppTitle"}]}
COMMAND: POST /session/d23a2c4143f37d65f3c20c239a4eb09c/execute/async - {"script":"<script> [6424 bytes]","args":[{"element-6066-11e4-a52e-4f735466cecf":"f.8708B2D2CC30D4BBE252B08E312BB3AA.d.CDC51611BADDAE8BD406ABE7EA8C8CF5.e.2432"},"getTitle",[]]}
RESULT: {"script":"<script> [6424 bytes]","args":[{"element-6066-11e4-a52e-4f735466cecf":"f.8708B2D2CC30D4BBE252B08E312BB3AA.d.CDC51611BADDAE8BD406ABE7EA8C8CF5.e.2432"},"getTitle",[]]}
RESULT: undefined
COMMAND: POST /session/d23a2c4143f37d65f3c20c239a4eb09c/element/f.8708B2D2CC30D4BBE252B08E312BB3AA.d.CDC51611BADDAE8BD406ABE7EA8C8CF5.e.2239/click - {}
COMMAND: POST /session/d23a2c4143f37d65f3c20c239a4eb09c/element/f.8708B2D2CC30D4BBE252B08E312BB3AA.d.CDC51611BADDAE8BD406ABE7EA8C8CF5.e.2239/click - {}
RESULT: {}
COMMAND: GET /session/d23a2c4143f37d65f3c20c239a4eb09c/screenshot - {}
COMMAND: POST /session/d23a2c4143f37d65f3c20c239a4eb09c/element - {"using":"xpath","value":"//*[@id=\"backBtn\"]"}
RESULT: {}
RESULT: {"using":"xpath","value":"//*[@id=\"backBtn\"]"}
COMMAND: POST /session/d23a2c4143f37d65f3c20c239a4eb09c/elements - {"using":"xpath","value":"//*[@id=\"backBtn\"]"}
RESULT: {"using":"xpath","value":"//*[@id=\"backBtn\"]"}
COMMAND: POST /session/d23a2c4143f37d65f3c20c239a4eb09c/elements - {"using":"xpath","value":"//*[@id=\"backBtn\"]"}
RESULT: {"using":"xpath","value":"//*[@id=\"backBtn\"]"}
COMMAND: POST /session/d23a2c4143f37d65f3c20c239a4eb09c/elements - {"using":"xpath","value":"//*[@id=\"backBtn\"]"}
RESULT: {"using":"xpath","value":"//*[@id=\"backBtn\"]"}
COMMAND: POST /session/d23a2c4143f37d65f3c20c239a4eb09c/elements - {"using":"xpath","value":"//*[@id=\"backBtn\"]"}
RESULT: {"using":"xpath","value":"//*[@id=\"backBtn\"]"}
COMMAND: POST /session/d23a2c4143f37d65f3c20c239a4eb09c/elements - {"using":"xpath","value":"//*[@id=\"backBtn\"]"}
RESULT: {"using":"xpath","value":"//*[@id=\"backBtn\"]"}
COMMAND: POST /session/d23a2c4143f37d65f3c20c239a4eb09c/elements - {"using":"xpath","value":"//*[@id=\"backBtn\"]"}
RESULT: {"using":"xpath","value":"//*[@id=\"backBtn\"]"}
COMMAND: POST /session/d23a2c4143f37d65f3c20c239a4eb09c/elements - {"using":"xpath","value":"//*[@id=\"backBtn\"]"}
RESULT: {"using":"xpath","value":"//*[@id=\"backBtn\"]"}
COMMAND: POST /session/d23a2c4143f37d65f3c20c239a4eb09c/elements - {"using":"xpath","value":"//*[@id=\"backBtn\"]"}
RESULT: {"using":"xpath","value":"//*[@id=\"backBtn\"]"}
COMMAND: POST /session/d23a2c4143f37d65f3c20c239a4eb09c/elements - {"using":"xpath","value":"//*[@id=\"backBtn\"]"}
RESULT: {"using":"xpath","value":"//*[@id=\"backBtn\"]"}
COMMAND: POST /session/d23a2c4143f37d65f3c20c239a4eb09c/elements - {"using":"xpath","value":"//*[@id=\"backBtn\"]"}
RESULT: {"using":"xpath","value":"//*[@id=\"backBtn\"]"}
COMMAND: POST /session/d23a2c4143f37d65f3c20c239a4eb09c/elements - {"using":"xpath","value":"//*[@id=\"backBtn\"]"}
RESULT: {"using":"xpath","value":"//*[@id=\"backBtn\"]"}
COMMAND: POST /session/d23a2c4143f37d65f3c20c239a4eb09c/elements - {"using":"xpath","value":"//*[@id=\"backBtn\"]"}
RESULT: {"using":"xpath","value":"//*[@id=\"backBtn\"]"}
COMMAND: POST /session/d23a2c4143f37d65f3c20c239a4eb09c/elements - {"using":"xpath","value":"//*[@id=\"backBtn\"]"}
RESULT: {"using":"xpath","value":"//*[@id=\"backBtn\"]"}
COMMAND: POST /session/d23a2c4143f37d65f3c20c239a4eb09c/elements - {"using":"xpath","value":"//*[@id=\"backBtn\"]"}
RESULT: {"using":"xpath","value":"//*[@id=\"backBtn\"]"}
COMMAND: POST /session/d23a2c4143f37d65f3c20c239a4eb09c/elements - {"using":"xpath","value":"//*[@id=\"backBtn\"]"}
RESULT: {"using":"xpath","value":"//*[@id=\"backBtn\"]"}
COMMAND: POST /session/d23a2c4143f37d65f3c20c239a4eb09c/elements - {"using":"xpath","value":"//*[@id=\"backBtn\"]"}
RESULT: {"using":"xpath","value":"//*[@id=\"backBtn\"]"}
COMMAND: POST /session/d23a2c4143f37d65f3c20c239a4eb09c/elements - {"using":"xpath","value":"//*[@id=\"backBtn\"]"}
RESULT: {"using":"xpath","value":"//*[@id=\"backBtn\"]"}
]]></system-out>
    </testcase>
    <testcase classname="chrome.135_0_7049_96.windows.Sanity_Tests_US104253" name="Should open Manage Conditions Prices page" time="33.695">
      <system-out><![CDATA[
COMMAND: POST /session/d23a2c4143f37d65f3c20c239a4eb09c/execute/async - {"script":"<script> [1562 bytes]","args":[{"selector":{"controlType":"sap.m.GenericTile","properties":{"header":"Manage Conditions & Prices"}},"wdio_ui5_key":"sapm.GenericTile{\"header\":\"Manage Conditions & Prices\"}"}]}
COMMAND: POST /session/d23a2c4143f37d65f3c20c239a4eb09c/elements - {"using":"xpath","value":"//*[@id=\"backBtn\"]"}
RESULT: {"script":"<script> [1562 bytes]","args":[{"selector":{"controlType":"sap.m.GenericTile","properties":{"header":"Manage Conditions & Prices"}},"wdio_ui5_key":"sapm.GenericTile{\"header\":\"Manage Conditions & Prices\"}"}]}
RESULT: undefined
COMMAND: POST /session/d23a2c4143f37d65f3c20c239a4eb09c/element - {"using":"xpath","value":"//*[@id=\"__tile53\"]"}
RESULT: {"using":"xpath","value":"//*[@id=\"backBtn\"]"}
RESULT: {"using":"xpath","value":"//*[@id=\"__tile53\"]"}
COMMAND: POST /session/d23a2c4143f37d65f3c20c239a4eb09c/element/f.8708B2D2CC30D4BBE252B08E312BB3AA.d.CDC51611BADDAE8BD406ABE7EA8C8CF5.e.2434/click - {}
RESULT: {}
COMMAND: GET /session/d23a2c4143f37d65f3c20c239a4eb09c/screenshot - {}
COMMAND: POST /session/d23a2c4143f37d65f3c20c239a4eb09c/elements - {"using":"xpath","value":"//*[@id=\"backBtn\"]"}
RESULT: {}
RESULT: {"using":"xpath","value":"//*[@id=\"backBtn\"]"}
COMMAND: POST /session/d23a2c4143f37d65f3c20c239a4eb09c/elements - {"using":"xpath","value":"//*[@id=\"backBtn\"]"}
RESULT: {"using":"xpath","value":"//*[@id=\"backBtn\"]"}
COMMAND: POST /session/d23a2c4143f37d65f3c20c239a4eb09c/elements - {"using":"xpath","value":"//*[@id=\"backBtn\"]"}
RESULT: undefined
COMMAND: POST /session/d23a2c4143f37d65f3c20c239a4eb09c/element - {"using":"xpath","value":"//*[@id=\"__tile53\"]"}
RESULT: {"using":"xpath","value":"//*[@id=\"backBtn\"]"}
COMMAND: POST /session/d23a2c4143f37d65f3c20c239a4eb09c/element - {"using":"xpath","value":"//*[@id=\"backBtn\"]"}
RESULT: {"using":"xpath","value":"//*[@id=\"__tile53\"]"}
COMMAND: POST /session/d23a2c4143f37d65f3c20c239a4eb09c/element/f.8708B2D2CC30D4BBE252B08E312BB3AA.d.CDC51611BADDAE8BD406ABE7EA8C8CF5.e.2434/click - {}
RESULT: {"using":"xpath","value":"//*[@id=\"backBtn\"]"}
COMMAND: POST /session/d23a2c4143f37d65f3c20c239a4eb09c/element/f.8708B2D2CC30D4BBE252B08E312BB3AA.d.CDC51611BADDAE8BD406ABE7EA8C8CF5.e.2239/click - {}
COMMAND: POST /session/d23a2c4143f37d65f3c20c239a4eb09c/element - {"using":"xpath","value":"//*[@id=\"backBtn\"]"}
RESULT: {"using":"xpath","value":"//*[@id=\"backBtn\"]"}
COMMAND: POST /session/d23a2c4143f37d65f3c20c239a4eb09c/element/f.8708B2D2CC30D4BBE252B08E312BB3AA.d.CDC51611BADDAE8BD406ABE7EA8C8CF5.e.2437/click - {}
RESULT: {}
COMMAND: GET /session/d23a2c4143f37d65f3c20c239a4eb09c/screenshot - {}
RESULT: undefined
COMMAND: POST /session/d23a2c4143f37d65f3c20c239a4eb09c/element - {"using":"xpath","value":"//*[@id=\"__tile53\"]"}
RESULT: {}
RESULT: {"using":"xpath","value":"//*[@id=\"__tile53\"]"}
COMMAND: POST /session/d23a2c4143f37d65f3c20c239a4eb09c/element/f.8708B2D2CC30D4BBE252B08E312BB3AA.d.CDC51611BADDAE8BD406ABE7EA8C8CF5.e.2434/click - {}
RESULT: {}
COMMAND: GET /session/d23a2c4143f37d65f3c20c239a4eb09c/screenshot - {}
RESULT: {}
RESULT: undefined
COMMAND: POST /session/d23a2c4143f37d65f3c20c239a4eb09c/execute/async - {"script":"<script> [6424 bytes]","args":[{"element-6066-11e4-a52e-4f735466cecf":"f.8708B2D2CC30D4BBE252B08E312BB3AA.d.CDC51611BADDAE8BD406ABE7EA8C8CF5.e.288"},"getTitle",[]]}
COMMAND: POST /session/d23a2c4143f37d65f3c20c239a4eb09c/execute/async - {"script":"<script> [1562 bytes]","args":[{"selector":{"id":"shellAppTitle"},"wdio_ui5_key":"shellAppTitle"}]}
RESULT: {"script":"<script> [1562 bytes]","args":[{"selector":{"id":"shellAppTitle"},"wdio_ui5_key":"shellAppTitle"}]}
COMMAND: POST /session/d23a2c4143f37d65f3c20c239a4eb09c/execute/async - {"script":"<script> [6424 bytes]","args":[{"element-6066-11e4-a52e-4f735466cecf":"f.8708B2D2CC30D4BBE252B08E312BB3AA.d.CDC51611BADDAE8BD406ABE7EA8C8CF5.e.2704"},"getTitle",[]]}
RESULT: {"script":"<script> [6424 bytes]","args":[{"element-6066-11e4-a52e-4f735466cecf":"f.8708B2D2CC30D4BBE252B08E312BB3AA.d.CDC51611BADDAE8BD406ABE7EA8C8CF5.e.2704"},"getTitle",[]]}
RESULT: undefined
COMMAND: POST /session/d23a2c4143f37d65f3c20c239a4eb09c/element/f.8708B2D2CC30D4BBE252B08E312BB3AA.d.CDC51611BADDAE8BD406ABE7EA8C8CF5.e.2437/click - {}
RESULT: {}
COMMAND: GET /session/d23a2c4143f37d65f3c20c239a4eb09c/screenshot - {}
RESULT: {}
]]></system-out>
    </testcase>
    <testcase classname="chrome.135_0_7049_96.windows.Sanity_Tests_US104253" name="Should open Billing Transfer page" time="31.631">
      <system-out><![CDATA[
COMMAND: POST /session/d23a2c4143f37d65f3c20c239a4eb09c/execute/async - {"script":"<script> [1562 bytes]","args":[{"selector":{"controlType":"sap.m.GenericTile","properties":{"header":"Billing Transfer"}},"wdio_ui5_key":"sapm.GenericTile{\"header\":\"Billing Transfer\"}"}]}
RESULT: {"script":"<script> [1562 bytes]","args":[{"selector":{"controlType":"sap.m.GenericTile","properties":{"header":"Billing Transfer"}},"wdio_ui5_key":"sapm.GenericTile{\"header\":\"Billing Transfer\"}"}]}
RESULT: undefined
COMMAND: POST /session/d23a2c4143f37d65f3c20c239a4eb09c/element - {"using":"xpath","value":"//*[@id=\"__tile50\"]"}
RESULT: {"using":"xpath","value":"//*[@id=\"__tile50\"]"}
COMMAND: POST /session/d23a2c4143f37d65f3c20c239a4eb09c/element/f.8708B2D2CC30D4BBE252B08E312BB3AA.d.CDC51611BADDAE8BD406ABE7EA8C8CF5.e.2708/click - {}
RESULT: {}
COMMAND: GET /session/d23a2c4143f37d65f3c20c239a4eb09c/screenshot - {}
RESULT: {}
RESULT: undefined
COMMAND: POST /session/d23a2c4143f37d65f3c20c239a4eb09c/element - {"using":"xpath","value":"//*[@id=\"__tile50\"]"}
RESULT: {"using":"xpath","value":"//*[@id=\"__tile50\"]"}
COMMAND: POST /session/d23a2c4143f37d65f3c20c239a4eb09c/element/f.8708B2D2CC30D4BBE252B08E312BB3AA.d.CDC51611BADDAE8BD406ABE7EA8C8CF5.e.2708/click - {}
RESULT: undefined
COMMAND: POST /session/d23a2c4143f37d65f3c20c239a4eb09c/element - {"using":"xpath","value":"//*[@id=\"__tile50\"]"}
RESULT: {"using":"xpath","value":"//*[@id=\"__tile50\"]"}
COMMAND: POST /session/d23a2c4143f37d65f3c20c239a4eb09c/element/f.8708B2D2CC30D4BBE252B08E312BB3AA.d.CDC51611BADDAE8BD406ABE7EA8C8CF5.e.2708/click - {}
RESULT: undefined
COMMAND: POST /session/d23a2c4143f37d65f3c20c239a4eb09c/execute/async - {"script":"<script> [6424 bytes]","args":[{"element-6066-11e4-a52e-4f735466cecf":"f.8708B2D2CC30D4BBE252B08E312BB3AA.d.CDC51611BADDAE8BD406ABE7EA8C8CF5.e.288"},"getTitle",[]]}
COMMAND: POST /session/d23a2c4143f37d65f3c20c239a4eb09c/execute/async - {"script":"<script> [1562 bytes]","args":[{"selector":{"id":"shellAppTitle"},"wdio_ui5_key":"shellAppTitle"}]}
RESULT: {"script":"<script> [1562 bytes]","args":[{"selector":{"id":"shellAppTitle"},"wdio_ui5_key":"shellAppTitle"}]}
COMMAND: POST /session/d23a2c4143f37d65f3c20c239a4eb09c/execute/async - {"script":"<script> [6424 bytes]","args":[{"element-6066-11e4-a52e-4f735466cecf":"f.8708B2D2CC30D4BBE252B08E312BB3AA.d.CDC51611BADDAE8BD406ABE7EA8C8CF5.e.2832"},"getTitle",[]]}
RESULT: {"script":"<script> [6424 bytes]","args":[{"element-6066-11e4-a52e-4f735466cecf":"f.8708B2D2CC30D4BBE252B08E312BB3AA.d.CDC51611BADDAE8BD406ABE7EA8C8CF5.e.2832"},"getTitle",[]]}
RESULT: undefined
COMMAND: POST /session/d23a2c4143f37d65f3c20c239a4eb09c/element/f.8708B2D2CC30D4BBE252B08E312BB3AA.d.CDC51611BADDAE8BD406ABE7EA8C8CF5.e.2437/click - {}
COMMAND: POST /session/d23a2c4143f37d65f3c20c239a4eb09c/element - {"using":"xpath","value":"//*[@id=\"backBtn\"]"}
RESULT: {"using":"xpath","value":"//*[@id=\"backBtn\"]"}
COMMAND: POST /session/d23a2c4143f37d65f3c20c239a4eb09c/element/f.8708B2D2CC30D4BBE252B08E312BB3AA.d.CDC51611BADDAE8BD406ABE7EA8C8CF5.e.2437/click - {}
COMMAND: POST /session/d23a2c4143f37d65f3c20c239a4eb09c/element - {"using":"xpath","value":"//*[@id=\"backBtn\"]"}
RESULT: {"using":"xpath","value":"//*[@id=\"backBtn\"]"}
COMMAND: POST /session/d23a2c4143f37d65f3c20c239a4eb09c/element/f.8708B2D2CC30D4BBE252B08E312BB3AA.d.CDC51611BADDAE8BD406ABE7EA8C8CF5.e.2833/click - {}
RESULT: {}
COMMAND: GET /session/d23a2c4143f37d65f3c20c239a4eb09c/screenshot - {}
RESULT: {}
]]></system-out>
    </testcase>
    <testcase classname="chrome.135_0_7049_96.windows.Sanity_Tests_US104253" name="Should open Manage Pricing Rules page" time="31.593">
      <system-out><![CDATA[
COMMAND: POST /session/d23a2c4143f37d65f3c20c239a4eb09c/execute/async - {"script":"<script> [1562 bytes]","args":[{"selector":{"controlType":"sap.m.GenericTile","properties":{"header":"Manage Pricing Rules"}},"wdio_ui5_key":"sapm.GenericTile{\"header\":\"Manage Pricing Rules\"}"}]}
RESULT: {"script":"<script> [1562 bytes]","args":[{"selector":{"controlType":"sap.m.GenericTile","properties":{"header":"Manage Pricing Rules"}},"wdio_ui5_key":"sapm.GenericTile{\"header\":\"Manage Pricing Rules\"}"}]}
RESULT: undefined
COMMAND: POST /session/d23a2c4143f37d65f3c20c239a4eb09c/element - {"using":"xpath","value":"//*[@id=\"__tile55\"]"}
RESULT: {"using":"xpath","value":"//*[@id=\"__tile55\"]"}
COMMAND: POST /session/d23a2c4143f37d65f3c20c239a4eb09c/element/f.8708B2D2CC30D4BBE252B08E312BB3AA.d.CDC51611BADDAE8BD406ABE7EA8C8CF5.e.2835/click - {}
RESULT: {}
COMMAND: GET /session/d23a2c4143f37d65f3c20c239a4eb09c/screenshot - {}
RESULT: {}
RESULT: undefined
COMMAND: POST /session/d23a2c4143f37d65f3c20c239a4eb09c/element - {"using":"xpath","value":"//*[@id=\"__tile55\"]"}
RESULT: {"using":"xpath","value":"//*[@id=\"__tile55\"]"}
COMMAND: POST /session/d23a2c4143f37d65f3c20c239a4eb09c/element/f.8708B2D2CC30D4BBE252B08E312BB3AA.d.CDC51611BADDAE8BD406ABE7EA8C8CF5.e.2835/click - {}
RESULT: undefined
COMMAND: POST /session/d23a2c4143f37d65f3c20c239a4eb09c/element - {"using":"xpath","value":"//*[@id=\"__tile55\"]"}
RESULT: {"using":"xpath","value":"//*[@id=\"__tile55\"]"}
COMMAND: POST /session/d23a2c4143f37d65f3c20c239a4eb09c/element/f.8708B2D2CC30D4BBE252B08E312BB3AA.d.CDC51611BADDAE8BD406ABE7EA8C8CF5.e.2835/click - {}
RESULT: undefined
COMMAND: POST /session/d23a2c4143f37d65f3c20c239a4eb09c/execute/async - {"script":"<script> [6424 bytes]","args":[{"element-6066-11e4-a52e-4f735466cecf":"f.8708B2D2CC30D4BBE252B08E312BB3AA.d.CDC51611BADDAE8BD406ABE7EA8C8CF5.e.288"},"getTitle",[]]}
COMMAND: POST /session/d23a2c4143f37d65f3c20c239a4eb09c/execute/async - {"script":"<script> [1562 bytes]","args":[{"selector":{"id":"shellAppTitle"},"wdio_ui5_key":"shellAppTitle"}]}
RESULT: {"script":"<script> [1562 bytes]","args":[{"selector":{"id":"shellAppTitle"},"wdio_ui5_key":"shellAppTitle"}]}
COMMAND: POST /session/d23a2c4143f37d65f3c20c239a4eb09c/execute/async - {"script":"<script> [6424 bytes]","args":[{"element-6066-11e4-a52e-4f735466cecf":"f.8708B2D2CC30D4BBE252B08E312BB3AA.d.CDC51611BADDAE8BD406ABE7EA8C8CF5.e.2882"},"getTitle",[]]}
RESULT: {"script":"<script> [6424 bytes]","args":[{"element-6066-11e4-a52e-4f735466cecf":"f.8708B2D2CC30D4BBE252B08E312BB3AA.d.CDC51611BADDAE8BD406ABE7EA8C8CF5.e.2882"},"getTitle",[]]}
RESULT: undefined
COMMAND: POST /session/d23a2c4143f37d65f3c20c239a4eb09c/element/f.8708B2D2CC30D4BBE252B08E312BB3AA.d.CDC51611BADDAE8BD406ABE7EA8C8CF5.e.2833/click - {}
RESULT: {}
COMMAND: GET /session/d23a2c4143f37d65f3c20c239a4eb09c/screenshot - {}
RESULT: {}
]]></system-out>
    </testcase>
    <testcase classname="chrome.135_0_7049_96.windows.Sanity_Tests_US104253" name="Should open Manage Price Determination Matrices page" time="30.548">
      <system-out><![CDATA[
COMMAND: POST /session/d23a2c4143f37d65f3c20c239a4eb09c/execute/async - {"script":"<script> [1562 bytes]","args":[{"selector":{"controlType":"sap.m.GenericTile","properties":{"header":"Manage Price Determination Matrices"}},"wdio_ui5_key":"sapm.GenericTile{\"header\":\"Manage Price Determination Matrices\"}"}]}
RESULT: {"script":"<script> [1562 bytes]","args":[{"selector":{"controlType":"sap.m.GenericTile","properties":{"header":"Manage Price Determination Matrices"}},"wdio_ui5_key":"sapm.GenericTile{\"header\":\"Manage Price Determination Matrices\"}"}]}
RESULT: undefined
COMMAND: POST /session/d23a2c4143f37d65f3c20c239a4eb09c/element - {"using":"xpath","value":"//*[@id=\"__tile54\"]"}
RESULT: {"using":"xpath","value":"//*[@id=\"__tile54\"]"}
COMMAND: POST /session/d23a2c4143f37d65f3c20c239a4eb09c/element/f.8708B2D2CC30D4BBE252B08E312BB3AA.d.CDC51611BADDAE8BD406ABE7EA8C8CF5.e.2884/click - {}
RESULT: {}
COMMAND: GET /session/d23a2c4143f37d65f3c20c239a4eb09c/screenshot - {}
RESULT: {}
RESULT: undefined
COMMAND: POST /session/d23a2c4143f37d65f3c20c239a4eb09c/element - {"using":"xpath","value":"//*[@id=\"__tile54\"]"}
RESULT: {"using":"xpath","value":"//*[@id=\"__tile54\"]"}
COMMAND: POST /session/d23a2c4143f37d65f3c20c239a4eb09c/element/f.8708B2D2CC30D4BBE252B08E312BB3AA.d.CDC51611BADDAE8BD406ABE7EA8C8CF5.e.2884/click - {}
RESULT: undefined
COMMAND: POST /session/d23a2c4143f37d65f3c20c239a4eb09c/element - {"using":"xpath","value":"//*[@id=\"__tile54\"]"}
RESULT: {"using":"xpath","value":"//*[@id=\"__tile54\"]"}
COMMAND: POST /session/d23a2c4143f37d65f3c20c239a4eb09c/element/f.8708B2D2CC30D4BBE252B08E312BB3AA.d.CDC51611BADDAE8BD406ABE7EA8C8CF5.e.2884/click - {}
RESULT: undefined
COMMAND: POST /session/d23a2c4143f37d65f3c20c239a4eb09c/execute/async - {"script":"<script> [6424 bytes]","args":[{"element-6066-11e4-a52e-4f735466cecf":"f.8708B2D2CC30D4BBE252B08E312BB3AA.d.CDC51611BADDAE8BD406ABE7EA8C8CF5.e.288"},"getTitle",[]]}
COMMAND: POST /session/d23a2c4143f37d65f3c20c239a4eb09c/execute/async - {"script":"<script> [1562 bytes]","args":[{"selector":{"id":"shellAppTitle"},"wdio_ui5_key":"shellAppTitle"}]}
RESULT: {"script":"<script> [1562 bytes]","args":[{"selector":{"id":"shellAppTitle"},"wdio_ui5_key":"shellAppTitle"}]}
COMMAND: POST /session/d23a2c4143f37d65f3c20c239a4eb09c/execute/async - {"script":"<script> [6424 bytes]","args":[{"element-6066-11e4-a52e-4f735466cecf":"f.8708B2D2CC30D4BBE252B08E312BB3AA.d.CDC51611BADDAE8BD406ABE7EA8C8CF5.e.2963"},"getTitle",[]]}
RESULT: {"script":"<script> [6424 bytes]","args":[{"element-6066-11e4-a52e-4f735466cecf":"f.8708B2D2CC30D4BBE252B08E312BB3AA.d.CDC51611BADDAE8BD406ABE7EA8C8CF5.e.2963"},"getTitle",[]]}
RESULT: undefined
COMMAND: POST /session/d23a2c4143f37d65f3c20c239a4eb09c/element/f.8708B2D2CC30D4BBE252B08E312BB3AA.d.CDC51611BADDAE8BD406ABE7EA8C8CF5.e.2833/click - {}
COMMAND: POST /session/d23a2c4143f37d65f3c20c239a4eb09c/element - {"using":"xpath","value":"//*[@id=\"backBtn\"]"}
RESULT: {"using":"xpath","value":"//*[@id=\"backBtn\"]"}
COMMAND: POST /session/d23a2c4143f37d65f3c20c239a4eb09c/element/f.8708B2D2CC30D4BBE252B08E312BB3AA.d.CDC51611BADDAE8BD406ABE7EA8C8CF5.e.2833/click - {}
COMMAND: POST /session/d23a2c4143f37d65f3c20c239a4eb09c/element - {"using":"xpath","value":"//*[@id=\"backBtn\"]"}
RESULT: {"using":"xpath","value":"//*[@id=\"backBtn\"]"}
COMMAND: POST /session/d23a2c4143f37d65f3c20c239a4eb09c/element/f.8708B2D2CC30D4BBE252B08E312BB3AA.d.CDC51611BADDAE8BD406ABE7EA8C8CF5.e.2964/click - {}
RESULT: {}
COMMAND: GET /session/d23a2c4143f37d65f3c20c239a4eb09c/screenshot - {}
RESULT: {}
]]></system-out>
    </testcase>
    <testcase classname="chrome.135_0_7049_96.windows.Sanity_Tests_US104253" name="Should open Yard Overview page" time="31.606">
      <system-out><![CDATA[
COMMAND: POST /session/d23a2c4143f37d65f3c20c239a4eb09c/execute/async - {"script":"<script> [1562 bytes]","args":[{"selector":{"controlType":"sap.m.GenericTile","properties":{"header":"Yard Overview"}},"wdio_ui5_key":"sapm.GenericTile{\"header\":\"Yard Overview\"}"}]}
RESULT: {"script":"<script> [1562 bytes]","args":[{"selector":{"controlType":"sap.m.GenericTile","properties":{"header":"Yard Overview"}},"wdio_ui5_key":"sapm.GenericTile{\"header\":\"Yard Overview\"}"}]}
RESULT: undefined
COMMAND: POST /session/d23a2c4143f37d65f3c20c239a4eb09c/element - {"using":"xpath","value":"//*[@id=\"__tile102\"]"}
RESULT: {"using":"xpath","value":"//*[@id=\"__tile102\"]"}
COMMAND: POST /session/d23a2c4143f37d65f3c20c239a4eb09c/element/f.8708B2D2CC30D4BBE252B08E312BB3AA.d.CDC51611BADDAE8BD406ABE7EA8C8CF5.e.2966/click - {}
RESULT: {}
COMMAND: GET /session/d23a2c4143f37d65f3c20c239a4eb09c/screenshot - {}
RESULT: {}
RESULT: undefined
COMMAND: POST /session/d23a2c4143f37d65f3c20c239a4eb09c/element - {"using":"xpath","value":"//*[@id=\"__tile102\"]"}
RESULT: {"using":"xpath","value":"//*[@id=\"__tile102\"]"}
COMMAND: POST /session/d23a2c4143f37d65f3c20c239a4eb09c/element/f.8708B2D2CC30D4BBE252B08E312BB3AA.d.CDC51611BADDAE8BD406ABE7EA8C8CF5.e.2966/click - {}
RESULT: undefined
COMMAND: POST /session/d23a2c4143f37d65f3c20c239a4eb09c/element - {"using":"xpath","value":"//*[@id=\"__tile102\"]"}
RESULT: {"using":"xpath","value":"//*[@id=\"__tile102\"]"}
COMMAND: POST /session/d23a2c4143f37d65f3c20c239a4eb09c/element/f.8708B2D2CC30D4BBE252B08E312BB3AA.d.CDC51611BADDAE8BD406ABE7EA8C8CF5.e.2966/click - {}
RESULT: undefined
COMMAND: POST /session/d23a2c4143f37d65f3c20c239a4eb09c/execute/async - {"script":"<script> [6424 bytes]","args":[{"element-6066-11e4-a52e-4f735466cecf":"f.8708B2D2CC30D4BBE252B08E312BB3AA.d.CDC51611BADDAE8BD406ABE7EA8C8CF5.e.288"},"getTitle",[]]}
COMMAND: POST /session/d23a2c4143f37d65f3c20c239a4eb09c/execute/async - {"script":"<script> [1562 bytes]","args":[{"selector":{"id":"shellAppTitle"},"wdio_ui5_key":"shellAppTitle"}]}
RESULT: {"script":"<script> [1562 bytes]","args":[{"selector":{"id":"shellAppTitle"},"wdio_ui5_key":"shellAppTitle"}]}
COMMAND: POST /session/d23a2c4143f37d65f3c20c239a4eb09c/execute/async - {"script":"<script> [6424 bytes]","args":[{"element-6066-11e4-a52e-4f735466cecf":"f.8708B2D2CC30D4BBE252B08E312BB3AA.d.CDC51611BADDAE8BD406ABE7EA8C8CF5.e.3031"},"getTitle",[]]}
RESULT: {"script":"<script> [6424 bytes]","args":[{"element-6066-11e4-a52e-4f735466cecf":"f.8708B2D2CC30D4BBE252B08E312BB3AA.d.CDC51611BADDAE8BD406ABE7EA8C8CF5.e.3031"},"getTitle",[]]}
RESULT: undefined
COMMAND: POST /session/d23a2c4143f37d65f3c20c239a4eb09c/element/f.8708B2D2CC30D4BBE252B08E312BB3AA.d.CDC51611BADDAE8BD406ABE7EA8C8CF5.e.2964/click - {}
RESULT: {}
COMMAND: GET /session/d23a2c4143f37d65f3c20c239a4eb09c/screenshot - {}
RESULT: {}
]]></system-out>
    </testcase>
    <testcase classname="chrome.135_0_7049_96.windows.Sanity_Tests_US104253" name="Should open Site Overview page" time="31.082">
      <system-out><![CDATA[
COMMAND: POST /session/d23a2c4143f37d65f3c20c239a4eb09c/execute/async - {"script":"<script> [1562 bytes]","args":[{"selector":{"controlType":"sap.m.GenericTile","properties":{"header":"Site Overview"}},"wdio_ui5_key":"sapm.GenericTile{\"header\":\"Site Overview\"}"}]}
RESULT: {"script":"<script> [1562 bytes]","args":[{"selector":{"controlType":"sap.m.GenericTile","properties":{"header":"Site Overview"}},"wdio_ui5_key":"sapm.GenericTile{\"header\":\"Site Overview\"}"}]}
RESULT: undefined
COMMAND: POST /session/d23a2c4143f37d65f3c20c239a4eb09c/element - {"using":"xpath","value":"//*[@id=\"__tile100\"]"}
RESULT: {"using":"xpath","value":"//*[@id=\"__tile100\"]"}
COMMAND: POST /session/d23a2c4143f37d65f3c20c239a4eb09c/element/f.8708B2D2CC30D4BBE252B08E312BB3AA.d.CDC51611BADDAE8BD406ABE7EA8C8CF5.e.3034/click - {}
RESULT: {}
COMMAND: GET /session/d23a2c4143f37d65f3c20c239a4eb09c/screenshot - {}
RESULT: {}
RESULT: undefined
COMMAND: POST /session/d23a2c4143f37d65f3c20c239a4eb09c/element - {"using":"xpath","value":"//*[@id=\"__tile100\"]"}
RESULT: {"using":"xpath","value":"//*[@id=\"__tile100\"]"}
COMMAND: POST /session/d23a2c4143f37d65f3c20c239a4eb09c/element/f.8708B2D2CC30D4BBE252B08E312BB3AA.d.CDC51611BADDAE8BD406ABE7EA8C8CF5.e.3034/click - {}
RESULT: undefined
COMMAND: POST /session/d23a2c4143f37d65f3c20c239a4eb09c/element - {"using":"xpath","value":"//*[@id=\"__tile100\"]"}
RESULT: {"using":"xpath","value":"//*[@id=\"__tile100\"]"}
COMMAND: POST /session/d23a2c4143f37d65f3c20c239a4eb09c/element/f.8708B2D2CC30D4BBE252B08E312BB3AA.d.CDC51611BADDAE8BD406ABE7EA8C8CF5.e.3034/click - {}
RESULT: undefined
COMMAND: POST /session/d23a2c4143f37d65f3c20c239a4eb09c/execute/async - {"script":"<script> [6424 bytes]","args":[{"element-6066-11e4-a52e-4f735466cecf":"f.8708B2D2CC30D4BBE252B08E312BB3AA.d.CDC51611BADDAE8BD406ABE7EA8C8CF5.e.288"},"getTitle",[]]}
COMMAND: POST /session/d23a2c4143f37d65f3c20c239a4eb09c/execute/async - {"script":"<script> [1562 bytes]","args":[{"selector":{"id":"shellAppTitle"},"wdio_ui5_key":"shellAppTitle"}]}
RESULT: {"script":"<script> [1562 bytes]","args":[{"selector":{"id":"shellAppTitle"},"wdio_ui5_key":"shellAppTitle"}]}
COMMAND: POST /session/d23a2c4143f37d65f3c20c239a4eb09c/execute/async - {"script":"<script> [6424 bytes]","args":[{"element-6066-11e4-a52e-4f735466cecf":"f.8708B2D2CC30D4BBE252B08E312BB3AA.d.CDC51611BADDAE8BD406ABE7EA8C8CF5.e.3151"},"getTitle",[]]}
RESULT: {"script":"<script> [6424 bytes]","args":[{"element-6066-11e4-a52e-4f735466cecf":"f.8708B2D2CC30D4BBE252B08E312BB3AA.d.CDC51611BADDAE8BD406ABE7EA8C8CF5.e.3151"},"getTitle",[]]}
RESULT: undefined
COMMAND: POST /session/d23a2c4143f37d65f3c20c239a4eb09c/element/f.8708B2D2CC30D4BBE252B08E312BB3AA.d.CDC51611BADDAE8BD406ABE7EA8C8CF5.e.2964/click - {}
COMMAND: POST /session/d23a2c4143f37d65f3c20c239a4eb09c/element - {"using":"xpath","value":"//*[@id=\"backBtn\"]"}
RESULT: {"using":"xpath","value":"//*[@id=\"backBtn\"]"}
COMMAND: POST /session/d23a2c4143f37d65f3c20c239a4eb09c/element/f.8708B2D2CC30D4BBE252B08E312BB3AA.d.CDC51611BADDAE8BD406ABE7EA8C8CF5.e.2964/click - {}
COMMAND: POST /session/d23a2c4143f37d65f3c20c239a4eb09c/element - {"using":"xpath","value":"//*[@id=\"backBtn\"]"}
RESULT: {"using":"xpath","value":"//*[@id=\"backBtn\"]"}
COMMAND: POST /session/d23a2c4143f37d65f3c20c239a4eb09c/element/f.8708B2D2CC30D4BBE252B08E312BB3AA.d.CDC51611BADDAE8BD406ABE7EA8C8CF5.e.3152/click - {}
RESULT: {}
COMMAND: GET /session/d23a2c4143f37d65f3c20c239a4eb09c/screenshot - {}
RESULT: {}
]]></system-out>
    </testcase>
    <testcase classname="chrome.135_0_7049_96.windows.Sanity_Tests_US104253" name="Should open Trace Track Resources page" time="30.052">
      <system-out><![CDATA[
COMMAND: POST /session/d23a2c4143f37d65f3c20c239a4eb09c/execute/async - {"script":"<script> [1562 bytes]","args":[{"selector":{"controlType":"sap.m.GenericTile","properties":{"header":"Trace & Track Resources"}},"wdio_ui5_key":"sapm.GenericTile{\"header\":\"Trace & Track Resources\"}"}]}
RESULT: {"script":"<script> [1562 bytes]","args":[{"selector":{"controlType":"sap.m.GenericTile","properties":{"header":"Trace & Track Resources"}},"wdio_ui5_key":"sapm.GenericTile{\"header\":\"Trace & Track Resources\"}"}]}
RESULT: undefined
COMMAND: POST /session/d23a2c4143f37d65f3c20c239a4eb09c/element - {"using":"xpath","value":"//*[@id=\"__tile101\"]"}
RESULT: {"using":"xpath","value":"//*[@id=\"__tile101\"]"}
COMMAND: POST /session/d23a2c4143f37d65f3c20c239a4eb09c/element/f.8708B2D2CC30D4BBE252B08E312BB3AA.d.CDC51611BADDAE8BD406ABE7EA8C8CF5.e.3154/click - {}
RESULT: {}
COMMAND: GET /session/d23a2c4143f37d65f3c20c239a4eb09c/screenshot - {}
RESULT: {}
RESULT: undefined
COMMAND: POST /session/d23a2c4143f37d65f3c20c239a4eb09c/element - {"using":"xpath","value":"//*[@id=\"__tile101\"]"}
RESULT: {"using":"xpath","value":"//*[@id=\"__tile101\"]"}
COMMAND: POST /session/d23a2c4143f37d65f3c20c239a4eb09c/element/f.8708B2D2CC30D4BBE252B08E312BB3AA.d.CDC51611BADDAE8BD406ABE7EA8C8CF5.e.3154/click - {}
RESULT: undefined
COMMAND: POST /session/d23a2c4143f37d65f3c20c239a4eb09c/element - {"using":"xpath","value":"//*[@id=\"__tile101\"]"}
RESULT: {"using":"xpath","value":"//*[@id=\"__tile101\"]"}
COMMAND: POST /session/d23a2c4143f37d65f3c20c239a4eb09c/element/f.8708B2D2CC30D4BBE252B08E312BB3AA.d.CDC51611BADDAE8BD406ABE7EA8C8CF5.e.3154/click - {}
RESULT: undefined
COMMAND: POST /session/d23a2c4143f37d65f3c20c239a4eb09c/execute/async - {"script":"<script> [6424 bytes]","args":[{"element-6066-11e4-a52e-4f735466cecf":"f.8708B2D2CC30D4BBE252B08E312BB3AA.d.CDC51611BADDAE8BD406ABE7EA8C8CF5.e.288"},"getTitle",[]]}
COMMAND: POST /session/d23a2c4143f37d65f3c20c239a4eb09c/execute/async - {"script":"<script> [1562 bytes]","args":[{"selector":{"id":"shellAppTitle"},"wdio_ui5_key":"shellAppTitle"}]}
RESULT: {"script":"<script> [1562 bytes]","args":[{"selector":{"id":"shellAppTitle"},"wdio_ui5_key":"shellAppTitle"}]}
COMMAND: POST /session/d23a2c4143f37d65f3c20c239a4eb09c/execute/async - {"script":"<script> [6424 bytes]","args":[{"element-6066-11e4-a52e-4f735466cecf":"f.8708B2D2CC30D4BBE252B08E312BB3AA.d.CDC51611BADDAE8BD406ABE7EA8C8CF5.e.3190"},"getTitle",[]]}
RESULT: {"script":"<script> [6424 bytes]","args":[{"element-6066-11e4-a52e-4f735466cecf":"f.8708B2D2CC30D4BBE252B08E312BB3AA.d.CDC51611BADDAE8BD406ABE7EA8C8CF5.e.3190"},"getTitle",[]]}
RESULT: undefined
COMMAND: POST /session/d23a2c4143f37d65f3c20c239a4eb09c/element/f.8708B2D2CC30D4BBE252B08E312BB3AA.d.CDC51611BADDAE8BD406ABE7EA8C8CF5.e.3152/click - {}
RESULT: {}
COMMAND: GET /session/d23a2c4143f37d65f3c20c239a4eb09c/screenshot - {}
RESULT: {}
]]></system-out>
    </testcase>
    <testcase classname="chrome.135_0_7049_96.windows.Sanity_Tests_US104253" name="Should open RU Inventory List page" time="33.629">
      <system-out><![CDATA[
COMMAND: POST /session/d23a2c4143f37d65f3c20c239a4eb09c/execute/async - {"script":"<script> [1562 bytes]","args":[{"selector":{"controlType":"sap.m.GenericTile","properties":{"header":"RU Inventory List"}},"wdio_ui5_key":"sapm.GenericTile{\"header\":\"RU Inventory List\"}"}]}
RESULT: {"script":"<script> [1562 bytes]","args":[{"selector":{"controlType":"sap.m.GenericTile","properties":{"header":"RU Inventory List"}},"wdio_ui5_key":"sapm.GenericTile{\"header\":\"RU Inventory List\"}"}]}
RESULT: undefined
COMMAND: POST /session/d23a2c4143f37d65f3c20c239a4eb09c/element - {"using":"xpath","value":"//*[@id=\"__tile99\"]"}
RESULT: {"using":"xpath","value":"//*[@id=\"__tile99\"]"}
COMMAND: POST /session/d23a2c4143f37d65f3c20c239a4eb09c/element/f.8708B2D2CC30D4BBE252B08E312BB3AA.d.CDC51611BADDAE8BD406ABE7EA8C8CF5.e.3192/click - {}
RESULT: {}
COMMAND: GET /session/d23a2c4143f37d65f3c20c239a4eb09c/screenshot - {}
RESULT: {}
RESULT: undefined
COMMAND: POST /session/d23a2c4143f37d65f3c20c239a4eb09c/element - {"using":"xpath","value":"//*[@id=\"__tile99\"]"}
RESULT: {"using":"xpath","value":"//*[@id=\"__tile99\"]"}
COMMAND: POST /session/d23a2c4143f37d65f3c20c239a4eb09c/element/f.8708B2D2CC30D4BBE252B08E312BB3AA.d.CDC51611BADDAE8BD406ABE7EA8C8CF5.e.3192/click - {}
RESULT: undefined
COMMAND: POST /session/d23a2c4143f37d65f3c20c239a4eb09c/element - {"using":"xpath","value":"//*[@id=\"__tile99\"]"}
RESULT: {"using":"xpath","value":"//*[@id=\"__tile99\"]"}
COMMAND: POST /session/d23a2c4143f37d65f3c20c239a4eb09c/element/f.8708B2D2CC30D4BBE252B08E312BB3AA.d.CDC51611BADDAE8BD406ABE7EA8C8CF5.e.3192/click - {}
RESULT: undefined
COMMAND: POST /session/d23a2c4143f37d65f3c20c239a4eb09c/execute/async - {"script":"<script> [6424 bytes]","args":[{"element-6066-11e4-a52e-4f735466cecf":"f.8708B2D2CC30D4BBE252B08E312BB3AA.d.CDC51611BADDAE8BD406ABE7EA8C8CF5.e.288"},"getTitle",[]]}
COMMAND: POST /session/d23a2c4143f37d65f3c20c239a4eb09c/execute/async - {"script":"<script> [1562 bytes]","args":[{"selector":{"id":"shellAppTitle"},"wdio_ui5_key":"shellAppTitle"}]}
RESULT: {"script":"<script> [1562 bytes]","args":[{"selector":{"id":"shellAppTitle"},"wdio_ui5_key":"shellAppTitle"}]}
COMMAND: POST /session/d23a2c4143f37d65f3c20c239a4eb09c/execute/async - {"script":"<script> [6424 bytes]","args":[{"element-6066-11e4-a52e-4f735466cecf":"f.8708B2D2CC30D4BBE252B08E312BB3AA.d.CDC51611BADDAE8BD406ABE7EA8C8CF5.e.3396"},"getTitle",[]]}
RESULT: {"script":"<script> [6424 bytes]","args":[{"element-6066-11e4-a52e-4f735466cecf":"f.8708B2D2CC30D4BBE252B08E312BB3AA.d.CDC51611BADDAE8BD406ABE7EA8C8CF5.e.3396"},"getTitle",[]]}
RESULT: undefined
COMMAND: POST /session/d23a2c4143f37d65f3c20c239a4eb09c/element/f.8708B2D2CC30D4BBE252B08E312BB3AA.d.CDC51611BADDAE8BD406ABE7EA8C8CF5.e.3152/click - {}
COMMAND: POST /session/d23a2c4143f37d65f3c20c239a4eb09c/element - {"using":"xpath","value":"//*[@id=\"backBtn\"]"}
RESULT: {"using":"xpath","value":"//*[@id=\"backBtn\"]"}
COMMAND: POST /session/d23a2c4143f37d65f3c20c239a4eb09c/element/f.8708B2D2CC30D4BBE252B08E312BB3AA.d.CDC51611BADDAE8BD406ABE7EA8C8CF5.e.3152/click - {}
COMMAND: POST /session/d23a2c4143f37d65f3c20c239a4eb09c/element - {"using":"xpath","value":"//*[@id=\"backBtn\"]"}
RESULT: {"using":"xpath","value":"//*[@id=\"backBtn\"]"}
COMMAND: POST /session/d23a2c4143f37d65f3c20c239a4eb09c/element/f.8708B2D2CC30D4BBE252B08E312BB3AA.d.CDC51611BADDAE8BD406ABE7EA8C8CF5.e.3397/click - {}
RESULT: {}
COMMAND: GET /session/d23a2c4143f37d65f3c20c239a4eb09c/screenshot - {}
RESULT: {}
]]></system-out>
    </testcase>
    <testcase classname="chrome.135_0_7049_96.windows.Sanity_Tests_US104253" name="Should open Contracts Dashboard page" time="30.712">
      <system-out><![CDATA[
COMMAND: POST /session/d23a2c4143f37d65f3c20c239a4eb09c/execute/async - {"script":"<script> [1562 bytes]","args":[{"selector":{"controlType":"sap.m.GenericTile","properties":{"header":"Contracts Dashboard"}},"wdio_ui5_key":"sapm.GenericTile{\"header\":\"Contracts Dashboard\"}"}]}
RESULT: {"script":"<script> [1562 bytes]","args":[{"selector":{"controlType":"sap.m.GenericTile","properties":{"header":"Contracts Dashboard"}},"wdio_ui5_key":"sapm.GenericTile{\"header\":\"Contracts Dashboard\"}"}]}
RESULT: undefined
COMMAND: POST /session/d23a2c4143f37d65f3c20c239a4eb09c/element - {"using":"xpath","value":"//*[@id=\"__tile97\"]"}
RESULT: {"using":"xpath","value":"//*[@id=\"__tile97\"]"}
COMMAND: POST /session/d23a2c4143f37d65f3c20c239a4eb09c/element/f.8708B2D2CC30D4BBE252B08E312BB3AA.d.CDC51611BADDAE8BD406ABE7EA8C8CF5.e.3399/click - {}
RESULT: {}
COMMAND: GET /session/d23a2c4143f37d65f3c20c239a4eb09c/screenshot - {}
RESULT: {}
RESULT: undefined
COMMAND: POST /session/d23a2c4143f37d65f3c20c239a4eb09c/element - {"using":"xpath","value":"//*[@id=\"__tile97\"]"}
RESULT: {"using":"xpath","value":"//*[@id=\"__tile97\"]"}
COMMAND: POST /session/d23a2c4143f37d65f3c20c239a4eb09c/element/f.8708B2D2CC30D4BBE252B08E312BB3AA.d.CDC51611BADDAE8BD406ABE7EA8C8CF5.e.3399/click - {}
RESULT: undefined
COMMAND: POST /session/d23a2c4143f37d65f3c20c239a4eb09c/element - {"using":"xpath","value":"//*[@id=\"__tile97\"]"}
RESULT: {"using":"xpath","value":"//*[@id=\"__tile97\"]"}
COMMAND: POST /session/d23a2c4143f37d65f3c20c239a4eb09c/element/f.8708B2D2CC30D4BBE252B08E312BB3AA.d.CDC51611BADDAE8BD406ABE7EA8C8CF5.e.3399/click - {}
RESULT: undefined
COMMAND: POST /session/d23a2c4143f37d65f3c20c239a4eb09c/execute/async - {"script":"<script> [6424 bytes]","args":[{"element-6066-11e4-a52e-4f735466cecf":"f.8708B2D2CC30D4BBE252B08E312BB3AA.d.CDC51611BADDAE8BD406ABE7EA8C8CF5.e.288"},"getTitle",[]]}
COMMAND: POST /session/d23a2c4143f37d65f3c20c239a4eb09c/execute/async - {"script":"<script> [1562 bytes]","args":[{"selector":{"id":"shellAppTitle"},"wdio_ui5_key":"shellAppTitle"}]}
RESULT: {"script":"<script> [1562 bytes]","args":[{"selector":{"id":"shellAppTitle"},"wdio_ui5_key":"shellAppTitle"}]}
COMMAND: POST /session/d23a2c4143f37d65f3c20c239a4eb09c/execute/async - {"script":"<script> [6424 bytes]","args":[{"element-6066-11e4-a52e-4f735466cecf":"f.8708B2D2CC30D4BBE252B08E312BB3AA.d.CDC51611BADDAE8BD406ABE7EA8C8CF5.e.3420"},"getTitle",[]]}
RESULT: {"script":"<script> [6424 bytes]","args":[{"element-6066-11e4-a52e-4f735466cecf":"f.8708B2D2CC30D4BBE252B08E312BB3AA.d.CDC51611BADDAE8BD406ABE7EA8C8CF5.e.3420"},"getTitle",[]]}
RESULT: undefined
COMMAND: POST /session/d23a2c4143f37d65f3c20c239a4eb09c/element/f.8708B2D2CC30D4BBE252B08E312BB3AA.d.CDC51611BADDAE8BD406ABE7EA8C8CF5.e.3397/click - {}
RESULT: {}
COMMAND: GET /session/d23a2c4143f37d65f3c20c239a4eb09c/screenshot - {}
RESULT: {}
]]></system-out>
    </testcase>
    <testcase classname="chrome.135_0_7049_96.windows.Sanity_Tests_US104253" name="Should open Bin Status Report page" time="33.247">
      <system-out><![CDATA[
COMMAND: POST /session/d23a2c4143f37d65f3c20c239a4eb09c/execute/async - {"script":"<script> [1562 bytes]","args":[{"selector":{"controlType":"sap.m.GenericTile","properties":{"header":"Bin Status Report"}},"wdio_ui5_key":"sapm.GenericTile{\"header\":\"Bin Status Report\"}"}]}
RESULT: {"script":"<script> [1562 bytes]","args":[{"selector":{"controlType":"sap.m.GenericTile","properties":{"header":"Bin Status Report"}},"wdio_ui5_key":"sapm.GenericTile{\"header\":\"Bin Status Report\"}"}]}
RESULT: undefined
COMMAND: POST /session/d23a2c4143f37d65f3c20c239a4eb09c/element - {"using":"xpath","value":"//*[@id=\"__tile104\"]"}
RESULT: {"using":"xpath","value":"//*[@id=\"__tile104\"]"}
COMMAND: POST /session/d23a2c4143f37d65f3c20c239a4eb09c/element/f.8708B2D2CC30D4BBE252B08E312BB3AA.d.CDC51611BADDAE8BD406ABE7EA8C8CF5.e.3422/click - {}
RESULT: {}
COMMAND: GET /session/d23a2c4143f37d65f3c20c239a4eb09c/screenshot - {}
RESULT: {}
RESULT: undefined
COMMAND: POST /session/d23a2c4143f37d65f3c20c239a4eb09c/element - {"using":"xpath","value":"//*[@id=\"__tile104\"]"}
RESULT: {"using":"xpath","value":"//*[@id=\"__tile104\"]"}
COMMAND: POST /session/d23a2c4143f37d65f3c20c239a4eb09c/element/f.8708B2D2CC30D4BBE252B08E312BB3AA.d.CDC51611BADDAE8BD406ABE7EA8C8CF5.e.3422/click - {}
RESULT: undefined
COMMAND: POST /session/d23a2c4143f37d65f3c20c239a4eb09c/element - {"using":"xpath","value":"//*[@id=\"__tile104\"]"}
RESULT: {"using":"xpath","value":"//*[@id=\"__tile104\"]"}
COMMAND: POST /session/d23a2c4143f37d65f3c20c239a4eb09c/element/f.8708B2D2CC30D4BBE252B08E312BB3AA.d.CDC51611BADDAE8BD406ABE7EA8C8CF5.e.3422/click - {}
RESULT: undefined
COMMAND: POST /session/d23a2c4143f37d65f3c20c239a4eb09c/execute/async - {"script":"<script> [6424 bytes]","args":[{"element-6066-11e4-a52e-4f735466cecf":"f.8708B2D2CC30D4BBE252B08E312BB3AA.d.CDC51611BADDAE8BD406ABE7EA8C8CF5.e.288"},"getTitle",[]]}
COMMAND: POST /session/d23a2c4143f37d65f3c20c239a4eb09c/execute/async - {"script":"<script> [1562 bytes]","args":[{"selector":{"id":"shellAppTitle"},"wdio_ui5_key":"shellAppTitle"}]}
RESULT: {"script":"<script> [1562 bytes]","args":[{"selector":{"id":"shellAppTitle"},"wdio_ui5_key":"shellAppTitle"}]}
COMMAND: POST /session/d23a2c4143f37d65f3c20c239a4eb09c/execute/async - {"script":"<script> [6424 bytes]","args":[{"element-6066-11e4-a52e-4f735466cecf":"f.8708B2D2CC30D4BBE252B08E312BB3AA.d.CDC51611BADDAE8BD406ABE7EA8C8CF5.e.3515"},"getTitle",[]]}
RESULT: {"script":"<script> [6424 bytes]","args":[{"element-6066-11e4-a52e-4f735466cecf":"f.8708B2D2CC30D4BBE252B08E312BB3AA.d.CDC51611BADDAE8BD406ABE7EA8C8CF5.e.3515"},"getTitle",[]]}
RESULT: undefined
COMMAND: POST /session/d23a2c4143f37d65f3c20c239a4eb09c/element/f.8708B2D2CC30D4BBE252B08E312BB3AA.d.CDC51611BADDAE8BD406ABE7EA8C8CF5.e.3397/click - {}
COMMAND: POST /session/d23a2c4143f37d65f3c20c239a4eb09c/element - {"using":"xpath","value":"//*[@id=\"backBtn\"]"}
RESULT: {"using":"xpath","value":"//*[@id=\"backBtn\"]"}
COMMAND: POST /session/d23a2c4143f37d65f3c20c239a4eb09c/element/f.8708B2D2CC30D4BBE252B08E312BB3AA.d.CDC51611BADDAE8BD406ABE7EA8C8CF5.e.3397/click - {}
COMMAND: POST /session/d23a2c4143f37d65f3c20c239a4eb09c/element - {"using":"xpath","value":"//*[@id=\"backBtn\"]"}
RESULT: {"using":"xpath","value":"//*[@id=\"backBtn\"]"}
COMMAND: POST /session/d23a2c4143f37d65f3c20c239a4eb09c/element/f.8708B2D2CC30D4BBE252B08E312BB3AA.d.CDC51611BADDAE8BD406ABE7EA8C8CF5.e.3516/click - {}
RESULT: {}
COMMAND: GET /session/d23a2c4143f37d65f3c20c239a4eb09c/screenshot - {}
RESULT: {}
]]></system-out>
    </testcase>
    <testcase classname="chrome.135_0_7049_96.windows.Sanity_Tests_US104253" name="Should open Manage Warehouse Movements page" time="31.466">
      <system-out><![CDATA[
COMMAND: POST /session/d23a2c4143f37d65f3c20c239a4eb09c/execute/async - {"script":"<script> [1562 bytes]","args":[{"selector":{"controlType":"sap.m.GenericTile","properties":{"header":"Manage Warehouse Movements"}},"wdio_ui5_key":"sapm.GenericTile{\"header\":\"Manage Warehouse Movements\"}"}]}
RESULT: {"script":"<script> [1562 bytes]","args":[{"selector":{"controlType":"sap.m.GenericTile","properties":{"header":"Manage Warehouse Movements"}},"wdio_ui5_key":"sapm.GenericTile{\"header\":\"Manage Warehouse Movements\"}"}]}
RESULT: undefined
COMMAND: POST /session/d23a2c4143f37d65f3c20c239a4eb09c/element - {"using":"xpath","value":"//*[@id=\"__tile105\"]"}
RESULT: {"using":"xpath","value":"//*[@id=\"__tile105\"]"}
COMMAND: POST /session/d23a2c4143f37d65f3c20c239a4eb09c/element/f.8708B2D2CC30D4BBE252B08E312BB3AA.d.CDC51611BADDAE8BD406ABE7EA8C8CF5.e.3520/click - {}
RESULT: {}
COMMAND: GET /session/d23a2c4143f37d65f3c20c239a4eb09c/screenshot - {}
RESULT: {}
RESULT: undefined
COMMAND: POST /session/d23a2c4143f37d65f3c20c239a4eb09c/element - {"using":"xpath","value":"//*[@id=\"__tile105\"]"}
RESULT: {"using":"xpath","value":"//*[@id=\"__tile105\"]"}
COMMAND: POST /session/d23a2c4143f37d65f3c20c239a4eb09c/element/f.8708B2D2CC30D4BBE252B08E312BB3AA.d.CDC51611BADDAE8BD406ABE7EA8C8CF5.e.3520/click - {}
RESULT: undefined
COMMAND: POST /session/d23a2c4143f37d65f3c20c239a4eb09c/element - {"using":"xpath","value":"//*[@id=\"__tile105\"]"}
RESULT: {"using":"xpath","value":"//*[@id=\"__tile105\"]"}
COMMAND: POST /session/d23a2c4143f37d65f3c20c239a4eb09c/element/f.8708B2D2CC30D4BBE252B08E312BB3AA.d.CDC51611BADDAE8BD406ABE7EA8C8CF5.e.3520/click - {}
RESULT: undefined
COMMAND: POST /session/d23a2c4143f37d65f3c20c239a4eb09c/execute/async - {"script":"<script> [6424 bytes]","args":[{"element-6066-11e4-a52e-4f735466cecf":"f.8708B2D2CC30D4BBE252B08E312BB3AA.d.CDC51611BADDAE8BD406ABE7EA8C8CF5.e.288"},"getTitle",[]]}
COMMAND: POST /session/d23a2c4143f37d65f3c20c239a4eb09c/execute/async - {"script":"<script> [1562 bytes]","args":[{"selector":{"id":"shellAppTitle"},"wdio_ui5_key":"shellAppTitle"}]}
RESULT: {"script":"<script> [1562 bytes]","args":[{"selector":{"id":"shellAppTitle"},"wdio_ui5_key":"shellAppTitle"}]}
COMMAND: POST /session/d23a2c4143f37d65f3c20c239a4eb09c/execute/async - {"script":"<script> [6424 bytes]","args":[{"element-6066-11e4-a52e-4f735466cecf":"f.8708B2D2CC30D4BBE252B08E312BB3AA.d.CDC51611BADDAE8BD406ABE7EA8C8CF5.e.3602"},"getTitle",[]]}
RESULT: {"script":"<script> [6424 bytes]","args":[{"element-6066-11e4-a52e-4f735466cecf":"f.8708B2D2CC30D4BBE252B08E312BB3AA.d.CDC51611BADDAE8BD406ABE7EA8C8CF5.e.3602"},"getTitle",[]]}
RESULT: undefined
COMMAND: POST /session/d23a2c4143f37d65f3c20c239a4eb09c/element/f.8708B2D2CC30D4BBE252B08E312BB3AA.d.CDC51611BADDAE8BD406ABE7EA8C8CF5.e.3516/click - {}
RESULT: {}
COMMAND: GET /session/d23a2c4143f37d65f3c20c239a4eb09c/screenshot - {}
RESULT: {}
]]></system-out>
    </testcase>
    <testcase classname="chrome.135_0_7049_96.windows.Sanity_Tests_US104253" name="Should open Bin Inventory List page" time="37.056">
      <system-out><![CDATA[
COMMAND: POST /session/d23a2c4143f37d65f3c20c239a4eb09c/execute/async - {"script":"<script> [1562 bytes]","args":[{"selector":{"controlType":"sap.m.GenericTile","properties":{"header":"Bin Inventory List"}},"wdio_ui5_key":"sapm.GenericTile{\"header\":\"Bin Inventory List\"}"}]}
RESULT: {"script":"<script> [1562 bytes]","args":[{"selector":{"controlType":"sap.m.GenericTile","properties":{"header":"Bin Inventory List"}},"wdio_ui5_key":"sapm.GenericTile{\"header\":\"Bin Inventory List\"}"}]}
RESULT: undefined
COMMAND: POST /session/d23a2c4143f37d65f3c20c239a4eb09c/element - {"using":"xpath","value":"//*[@id=\"__tile103\"]"}
RESULT: {"using":"xpath","value":"//*[@id=\"__tile103\"]"}
COMMAND: POST /session/d23a2c4143f37d65f3c20c239a4eb09c/element/f.8708B2D2CC30D4BBE252B08E312BB3AA.d.CDC51611BADDAE8BD406ABE7EA8C8CF5.e.3604/click - {}
RESULT: {}
COMMAND: GET /session/d23a2c4143f37d65f3c20c239a4eb09c/screenshot - {}
RESULT: {}
RESULT: undefined
COMMAND: POST /session/d23a2c4143f37d65f3c20c239a4eb09c/element - {"using":"xpath","value":"//*[@id=\"__tile103\"]"}
RESULT: {"using":"xpath","value":"//*[@id=\"__tile103\"]"}
COMMAND: POST /session/d23a2c4143f37d65f3c20c239a4eb09c/element/f.8708B2D2CC30D4BBE252B08E312BB3AA.d.CDC51611BADDAE8BD406ABE7EA8C8CF5.e.3604/click - {}
RESULT: undefined
COMMAND: POST /session/d23a2c4143f37d65f3c20c239a4eb09c/element - {"using":"xpath","value":"//*[@id=\"__tile103\"]"}
RESULT: {"using":"xpath","value":"//*[@id=\"__tile103\"]"}
COMMAND: POST /session/d23a2c4143f37d65f3c20c239a4eb09c/element/f.8708B2D2CC30D4BBE252B08E312BB3AA.d.CDC51611BADDAE8BD406ABE7EA8C8CF5.e.3604/click - {}
RESULT: undefined
COMMAND: POST /session/d23a2c4143f37d65f3c20c239a4eb09c/execute/async - {"script":"<script> [6424 bytes]","args":[{"element-6066-11e4-a52e-4f735466cecf":"f.8708B2D2CC30D4BBE252B08E312BB3AA.d.CDC51611BADDAE8BD406ABE7EA8C8CF5.e.288"},"getTitle",[]]}
COMMAND: POST /session/d23a2c4143f37d65f3c20c239a4eb09c/execute/async - {"script":"<script> [1562 bytes]","args":[{"selector":{"id":"shellAppTitle"},"wdio_ui5_key":"shellAppTitle"}]}
RESULT: {"script":"<script> [1562 bytes]","args":[{"selector":{"id":"shellAppTitle"},"wdio_ui5_key":"shellAppTitle"}]}
COMMAND: POST /session/d23a2c4143f37d65f3c20c239a4eb09c/execute/async - {"script":"<script> [6424 bytes]","args":[{"element-6066-11e4-a52e-4f735466cecf":"f.8708B2D2CC30D4BBE252B08E312BB3AA.d.CDC51611BADDAE8BD406ABE7EA8C8CF5.e.3693"},"getTitle",[]]}
RESULT: {"script":"<script> [6424 bytes]","args":[{"element-6066-11e4-a52e-4f735466cecf":"f.8708B2D2CC30D4BBE252B08E312BB3AA.d.CDC51611BADDAE8BD406ABE7EA8C8CF5.e.3693"},"getTitle",[]]}
RESULT: undefined
COMMAND: POST /session/d23a2c4143f37d65f3c20c239a4eb09c/element/f.8708B2D2CC30D4BBE252B08E312BB3AA.d.CDC51611BADDAE8BD406ABE7EA8C8CF5.e.3516/click - {}
COMMAND: POST /session/d23a2c4143f37d65f3c20c239a4eb09c/element - {"using":"xpath","value":"//*[@id=\"backBtn\"]"}
RESULT: {"using":"xpath","value":"//*[@id=\"backBtn\"]"}
COMMAND: POST /session/d23a2c4143f37d65f3c20c239a4eb09c/element/f.8708B2D2CC30D4BBE252B08E312BB3AA.d.CDC51611BADDAE8BD406ABE7EA8C8CF5.e.3516/click - {}
COMMAND: POST /session/d23a2c4143f37d65f3c20c239a4eb09c/element - {"using":"xpath","value":"//*[@id=\"backBtn\"]"}
RESULT: {"using":"xpath","value":"//*[@id=\"backBtn\"]"}
COMMAND: POST /session/d23a2c4143f37d65f3c20c239a4eb09c/element/f.8708B2D2CC30D4BBE252B08E312BB3AA.d.CDC51611BADDAE8BD406ABE7EA8C8CF5.e.3694/click - {}
RESULT: {}
COMMAND: GET /session/d23a2c4143f37d65f3c20c239a4eb09c/screenshot - {}
RESULT: {}
]]></system-out>
    </testcase>
    <testcase classname="chrome.135_0_7049_96.windows.Sanity_Tests_US104253" name="Should open ISC Templates page" time="30.672">
      <system-out><![CDATA[
COMMAND: POST /session/d23a2c4143f37d65f3c20c239a4eb09c/execute/async - {"script":"<script> [1562 bytes]","args":[{"selector":{"controlType":"sap.m.GenericTile","properties":{"header":"ISC Templates"}},"wdio_ui5_key":"sapm.GenericTile{\"header\":\"ISC Templates\"}"}]}
RESULT: {"script":"<script> [1562 bytes]","args":[{"selector":{"controlType":"sap.m.GenericTile","properties":{"header":"ISC Templates"}},"wdio_ui5_key":"sapm.GenericTile{\"header\":\"ISC Templates\"}"}]}
RESULT: undefined
COMMAND: POST /session/d23a2c4143f37d65f3c20c239a4eb09c/element - {"using":"xpath","value":"//*[@id=\"__tile111\"]"}
RESULT: {"using":"xpath","value":"//*[@id=\"__tile111\"]"}
COMMAND: POST /session/d23a2c4143f37d65f3c20c239a4eb09c/element/f.8708B2D2CC30D4BBE252B08E312BB3AA.d.CDC51611BADDAE8BD406ABE7EA8C8CF5.e.3696/click - {}
RESULT: {}
COMMAND: GET /session/d23a2c4143f37d65f3c20c239a4eb09c/screenshot - {}
RESULT: {}
RESULT: undefined
COMMAND: POST /session/d23a2c4143f37d65f3c20c239a4eb09c/element - {"using":"xpath","value":"//*[@id=\"__tile111\"]"}
RESULT: {"using":"xpath","value":"//*[@id=\"__tile111\"]"}
COMMAND: POST /session/d23a2c4143f37d65f3c20c239a4eb09c/element/f.8708B2D2CC30D4BBE252B08E312BB3AA.d.CDC51611BADDAE8BD406ABE7EA8C8CF5.e.3696/click - {}
RESULT: undefined
COMMAND: POST /session/d23a2c4143f37d65f3c20c239a4eb09c/element - {"using":"xpath","value":"//*[@id=\"__tile111\"]"}
RESULT: {"using":"xpath","value":"//*[@id=\"__tile111\"]"}
COMMAND: POST /session/d23a2c4143f37d65f3c20c239a4eb09c/element/f.8708B2D2CC30D4BBE252B08E312BB3AA.d.CDC51611BADDAE8BD406ABE7EA8C8CF5.e.3696/click - {}
RESULT: undefined
COMMAND: POST /session/d23a2c4143f37d65f3c20c239a4eb09c/execute/async - {"script":"<script> [6424 bytes]","args":[{"element-6066-11e4-a52e-4f735466cecf":"f.8708B2D2CC30D4BBE252B08E312BB3AA.d.CDC51611BADDAE8BD406ABE7EA8C8CF5.e.288"},"getTitle",[]]}
COMMAND: POST /session/d23a2c4143f37d65f3c20c239a4eb09c/execute/async - {"script":"<script> [1562 bytes]","args":[{"selector":{"id":"shellAppTitle"},"wdio_ui5_key":"shellAppTitle"}]}
RESULT: {"script":"<script> [1562 bytes]","args":[{"selector":{"id":"shellAppTitle"},"wdio_ui5_key":"shellAppTitle"}]}
COMMAND: POST /session/d23a2c4143f37d65f3c20c239a4eb09c/execute/async - {"script":"<script> [6424 bytes]","args":[{"element-6066-11e4-a52e-4f735466cecf":"f.8708B2D2CC30D4BBE252B08E312BB3AA.d.CDC51611BADDAE8BD406ABE7EA8C8CF5.e.3763"},"getTitle",[]]}
RESULT: {"script":"<script> [6424 bytes]","args":[{"element-6066-11e4-a52e-4f735466cecf":"f.8708B2D2CC30D4BBE252B08E312BB3AA.d.CDC51611BADDAE8BD406ABE7EA8C8CF5.e.3763"},"getTitle",[]]}
RESULT: undefined
COMMAND: POST /session/d23a2c4143f37d65f3c20c239a4eb09c/element/f.8708B2D2CC30D4BBE252B08E312BB3AA.d.CDC51611BADDAE8BD406ABE7EA8C8CF5.e.3694/click - {}
RESULT: {}
COMMAND: GET /session/d23a2c4143f37d65f3c20c239a4eb09c/screenshot - {}
RESULT: {}
]]></system-out>
    </testcase>
    <testcase classname="chrome.135_0_7049_96.windows.Sanity_Tests_US104253" name="Should open ISC Schedules page" time="32.44">
      <system-out><![CDATA[
COMMAND: POST /session/d23a2c4143f37d65f3c20c239a4eb09c/execute/async - {"script":"<script> [1562 bytes]","args":[{"selector":{"controlType":"sap.m.GenericTile","properties":{"header":"ISC Schedules"}},"wdio_ui5_key":"sapm.GenericTile{\"header\":\"ISC Schedules\"}"}]}
RESULT: {"script":"<script> [1562 bytes]","args":[{"selector":{"controlType":"sap.m.GenericTile","properties":{"header":"ISC Schedules"}},"wdio_ui5_key":"sapm.GenericTile{\"header\":\"ISC Schedules\"}"}]}
RESULT: undefined
COMMAND: POST /session/d23a2c4143f37d65f3c20c239a4eb09c/element - {"using":"xpath","value":"//*[@id=\"__tile109\"]"}
RESULT: {"using":"xpath","value":"//*[@id=\"__tile109\"]"}
COMMAND: POST /session/d23a2c4143f37d65f3c20c239a4eb09c/element/f.8708B2D2CC30D4BBE252B08E312BB3AA.d.CDC51611BADDAE8BD406ABE7EA8C8CF5.e.3766/click - {}
RESULT: {}
COMMAND: GET /session/d23a2c4143f37d65f3c20c239a4eb09c/screenshot - {}
RESULT: {}
RESULT: undefined
COMMAND: POST /session/d23a2c4143f37d65f3c20c239a4eb09c/element - {"using":"xpath","value":"//*[@id=\"__tile109\"]"}
RESULT: {"using":"xpath","value":"//*[@id=\"__tile109\"]"}
COMMAND: POST /session/d23a2c4143f37d65f3c20c239a4eb09c/element/f.8708B2D2CC30D4BBE252B08E312BB3AA.d.CDC51611BADDAE8BD406ABE7EA8C8CF5.e.3766/click - {}
RESULT: undefined
COMMAND: POST /session/d23a2c4143f37d65f3c20c239a4eb09c/element - {"using":"xpath","value":"//*[@id=\"__tile109\"]"}
RESULT: {"using":"xpath","value":"//*[@id=\"__tile109\"]"}
COMMAND: POST /session/d23a2c4143f37d65f3c20c239a4eb09c/element/f.8708B2D2CC30D4BBE252B08E312BB3AA.d.CDC51611BADDAE8BD406ABE7EA8C8CF5.e.3766/click - {}
RESULT: undefined
COMMAND: POST /session/d23a2c4143f37d65f3c20c239a4eb09c/execute/async - {"script":"<script> [6424 bytes]","args":[{"element-6066-11e4-a52e-4f735466cecf":"f.8708B2D2CC30D4BBE252B08E312BB3AA.d.CDC51611BADDAE8BD406ABE7EA8C8CF5.e.288"},"getTitle",[]]}
COMMAND: POST /session/d23a2c4143f37d65f3c20c239a4eb09c/execute/async - {"script":"<script> [1562 bytes]","args":[{"selector":{"id":"shellAppTitle"},"wdio_ui5_key":"shellAppTitle"}]}
RESULT: {"script":"<script> [1562 bytes]","args":[{"selector":{"id":"shellAppTitle"},"wdio_ui5_key":"shellAppTitle"}]}
COMMAND: POST /session/d23a2c4143f37d65f3c20c239a4eb09c/execute/async - {"script":"<script> [6424 bytes]","args":[{"element-6066-11e4-a52e-4f735466cecf":"f.8708B2D2CC30D4BBE252B08E312BB3AA.d.CDC51611BADDAE8BD406ABE7EA8C8CF5.e.3840"},"getTitle",[]]}
RESULT: {"script":"<script> [6424 bytes]","args":[{"element-6066-11e4-a52e-4f735466cecf":"f.8708B2D2CC30D4BBE252B08E312BB3AA.d.CDC51611BADDAE8BD406ABE7EA8C8CF5.e.3840"},"getTitle",[]]}
RESULT: undefined
COMMAND: POST /session/d23a2c4143f37d65f3c20c239a4eb09c/element/f.8708B2D2CC30D4BBE252B08E312BB3AA.d.CDC51611BADDAE8BD406ABE7EA8C8CF5.e.3694/click - {}
COMMAND: POST /session/d23a2c4143f37d65f3c20c239a4eb09c/element - {"using":"xpath","value":"//*[@id=\"backBtn\"]"}
RESULT: {"using":"xpath","value":"//*[@id=\"backBtn\"]"}
COMMAND: POST /session/d23a2c4143f37d65f3c20c239a4eb09c/element/f.8708B2D2CC30D4BBE252B08E312BB3AA.d.CDC51611BADDAE8BD406ABE7EA8C8CF5.e.3694/click - {}
COMMAND: POST /session/d23a2c4143f37d65f3c20c239a4eb09c/element - {"using":"xpath","value":"//*[@id=\"backBtn\"]"}
RESULT: {"using":"xpath","value":"//*[@id=\"backBtn\"]"}
COMMAND: POST /session/d23a2c4143f37d65f3c20c239a4eb09c/element/f.8708B2D2CC30D4BBE252B08E312BB3AA.d.CDC51611BADDAE8BD406ABE7EA8C8CF5.e.3841/click - {}
RESULT: {}
COMMAND: GET /session/d23a2c4143f37d65f3c20c239a4eb09c/screenshot - {}
RESULT: {}
]]></system-out>
    </testcase>
    <testcase classname="chrome.135_0_7049_96.windows.Sanity_Tests_US104253" name="Should open ISC Dashboard page" time="31.699">
      <system-out><![CDATA[
COMMAND: POST /session/d23a2c4143f37d65f3c20c239a4eb09c/execute/async - {"script":"<script> [1562 bytes]","args":[{"selector":{"controlType":"sap.m.GenericTile","properties":{"header":"ISC Dashboard"}},"wdio_ui5_key":"sapm.GenericTile{\"header\":\"ISC Dashboard\"}"}]}
RESULT: {"script":"<script> [1562 bytes]","args":[{"selector":{"controlType":"sap.m.GenericTile","properties":{"header":"ISC Dashboard"}},"wdio_ui5_key":"sapm.GenericTile{\"header\":\"ISC Dashboard\"}"}]}
RESULT: undefined
COMMAND: POST /session/d23a2c4143f37d65f3c20c239a4eb09c/element - {"using":"xpath","value":"//*[@id=\"__tile106\"]"}
RESULT: {"using":"xpath","value":"//*[@id=\"__tile106\"]"}
COMMAND: POST /session/d23a2c4143f37d65f3c20c239a4eb09c/element/f.8708B2D2CC30D4BBE252B08E312BB3AA.d.CDC51611BADDAE8BD406ABE7EA8C8CF5.e.3843/click - {}
RESULT: {}
COMMAND: GET /session/d23a2c4143f37d65f3c20c239a4eb09c/screenshot - {}
RESULT: {}
RESULT: undefined
COMMAND: POST /session/d23a2c4143f37d65f3c20c239a4eb09c/element - {"using":"xpath","value":"//*[@id=\"__tile106\"]"}
RESULT: {"using":"xpath","value":"//*[@id=\"__tile106\"]"}
COMMAND: POST /session/d23a2c4143f37d65f3c20c239a4eb09c/element/f.8708B2D2CC30D4BBE252B08E312BB3AA.d.CDC51611BADDAE8BD406ABE7EA8C8CF5.e.3843/click - {}
RESULT: undefined
COMMAND: POST /session/d23a2c4143f37d65f3c20c239a4eb09c/element - {"using":"xpath","value":"//*[@id=\"__tile106\"]"}
RESULT: {"using":"xpath","value":"//*[@id=\"__tile106\"]"}
COMMAND: POST /session/d23a2c4143f37d65f3c20c239a4eb09c/element/f.8708B2D2CC30D4BBE252B08E312BB3AA.d.CDC51611BADDAE8BD406ABE7EA8C8CF5.e.3843/click - {}
RESULT: undefined
COMMAND: POST /session/d23a2c4143f37d65f3c20c239a4eb09c/execute/async - {"script":"<script> [6424 bytes]","args":[{"element-6066-11e4-a52e-4f735466cecf":"f.8708B2D2CC30D4BBE252B08E312BB3AA.d.CDC51611BADDAE8BD406ABE7EA8C8CF5.e.288"},"getTitle",[]]}
COMMAND: POST /session/d23a2c4143f37d65f3c20c239a4eb09c/execute/async - {"script":"<script> [1562 bytes]","args":[{"selector":{"id":"shellAppTitle"},"wdio_ui5_key":"shellAppTitle"}]}
RESULT: {"script":"<script> [1562 bytes]","args":[{"selector":{"id":"shellAppTitle"},"wdio_ui5_key":"shellAppTitle"}]}
COMMAND: POST /session/d23a2c4143f37d65f3c20c239a4eb09c/execute/async - {"script":"<script> [6424 bytes]","args":[{"element-6066-11e4-a52e-4f735466cecf":"f.8708B2D2CC30D4BBE252B08E312BB3AA.d.CDC51611BADDAE8BD406ABE7EA8C8CF5.e.3973"},"getTitle",[]]}
RESULT: {"script":"<script> [6424 bytes]","args":[{"element-6066-11e4-a52e-4f735466cecf":"f.8708B2D2CC30D4BBE252B08E312BB3AA.d.CDC51611BADDAE8BD406ABE7EA8C8CF5.e.3973"},"getTitle",[]]}
RESULT: undefined
COMMAND: POST /session/d23a2c4143f37d65f3c20c239a4eb09c/element/f.8708B2D2CC30D4BBE252B08E312BB3AA.d.CDC51611BADDAE8BD406ABE7EA8C8CF5.e.3841/click - {}
RESULT: {}
COMMAND: GET /session/d23a2c4143f37d65f3c20c239a4eb09c/screenshot - {}
RESULT: {}
]]></system-out>
    </testcase>
    <testcase classname="chrome.135_0_7049_96.windows.Sanity_Tests_US104253" name="Should open ISC Orders page" time="32.042">
      <system-out><![CDATA[
COMMAND: POST /session/d23a2c4143f37d65f3c20c239a4eb09c/execute/async - {"script":"<script> [1562 bytes]","args":[{"selector":{"controlType":"sap.m.GenericTile","properties":{"header":"ISC Orders"}},"wdio_ui5_key":"sapm.GenericTile{\"header\":\"ISC Orders\"}"}]}
RESULT: {"script":"<script> [1562 bytes]","args":[{"selector":{"controlType":"sap.m.GenericTile","properties":{"header":"ISC Orders"}},"wdio_ui5_key":"sapm.GenericTile{\"header\":\"ISC Orders\"}"}]}
RESULT: undefined
COMMAND: POST /session/d23a2c4143f37d65f3c20c239a4eb09c/element - {"using":"xpath","value":"//*[@id=\"__tile108\"]"}
RESULT: {"using":"xpath","value":"//*[@id=\"__tile108\"]"}
COMMAND: POST /session/d23a2c4143f37d65f3c20c239a4eb09c/element/f.8708B2D2CC30D4BBE252B08E312BB3AA.d.CDC51611BADDAE8BD406ABE7EA8C8CF5.e.3975/click - {}
RESULT: {}
COMMAND: GET /session/d23a2c4143f37d65f3c20c239a4eb09c/screenshot - {}
RESULT: {}
RESULT: undefined
COMMAND: POST /session/d23a2c4143f37d65f3c20c239a4eb09c/element - {"using":"xpath","value":"//*[@id=\"__tile108\"]"}
RESULT: {"using":"xpath","value":"//*[@id=\"__tile108\"]"}
COMMAND: POST /session/d23a2c4143f37d65f3c20c239a4eb09c/element/f.8708B2D2CC30D4BBE252B08E312BB3AA.d.CDC51611BADDAE8BD406ABE7EA8C8CF5.e.3975/click - {}
RESULT: undefined
COMMAND: POST /session/d23a2c4143f37d65f3c20c239a4eb09c/element - {"using":"xpath","value":"//*[@id=\"__tile108\"]"}
RESULT: {"using":"xpath","value":"//*[@id=\"__tile108\"]"}
COMMAND: POST /session/d23a2c4143f37d65f3c20c239a4eb09c/element/f.8708B2D2CC30D4BBE252B08E312BB3AA.d.CDC51611BADDAE8BD406ABE7EA8C8CF5.e.3975/click - {}
RESULT: undefined
COMMAND: POST /session/d23a2c4143f37d65f3c20c239a4eb09c/execute/async - {"script":"<script> [6424 bytes]","args":[{"element-6066-11e4-a52e-4f735466cecf":"f.8708B2D2CC30D4BBE252B08E312BB3AA.d.CDC51611BADDAE8BD406ABE7EA8C8CF5.e.288"},"getTitle",[]]}
COMMAND: POST /session/d23a2c4143f37d65f3c20c239a4eb09c/execute/async - {"script":"<script> [1562 bytes]","args":[{"selector":{"id":"shellAppTitle"},"wdio_ui5_key":"shellAppTitle"}]}
RESULT: {"script":"<script> [1562 bytes]","args":[{"selector":{"id":"shellAppTitle"},"wdio_ui5_key":"shellAppTitle"}]}
COMMAND: POST /session/d23a2c4143f37d65f3c20c239a4eb09c/execute/async - {"script":"<script> [6424 bytes]","args":[{"element-6066-11e4-a52e-4f735466cecf":"f.8708B2D2CC30D4BBE252B08E312BB3AA.d.CDC51611BADDAE8BD406ABE7EA8C8CF5.e.4092"},"getTitle",[]]}
RESULT: {"script":"<script> [6424 bytes]","args":[{"element-6066-11e4-a52e-4f735466cecf":"f.8708B2D2CC30D4BBE252B08E312BB3AA.d.CDC51611BADDAE8BD406ABE7EA8C8CF5.e.4092"},"getTitle",[]]}
RESULT: undefined
COMMAND: POST /session/d23a2c4143f37d65f3c20c239a4eb09c/element/f.8708B2D2CC30D4BBE252B08E312BB3AA.d.CDC51611BADDAE8BD406ABE7EA8C8CF5.e.3841/click - {}
COMMAND: POST /session/d23a2c4143f37d65f3c20c239a4eb09c/element - {"using":"xpath","value":"//*[@id=\"backBtn\"]"}
RESULT: {"using":"xpath","value":"//*[@id=\"backBtn\"]"}
COMMAND: POST /session/d23a2c4143f37d65f3c20c239a4eb09c/element/f.8708B2D2CC30D4BBE252B08E312BB3AA.d.CDC51611BADDAE8BD406ABE7EA8C8CF5.e.3841/click - {}
COMMAND: POST /session/d23a2c4143f37d65f3c20c239a4eb09c/element - {"using":"xpath","value":"//*[@id=\"backBtn\"]"}
RESULT: {"using":"xpath","value":"//*[@id=\"backBtn\"]"}
COMMAND: POST /session/d23a2c4143f37d65f3c20c239a4eb09c/element/f.8708B2D2CC30D4BBE252B08E312BB3AA.d.CDC51611BADDAE8BD406ABE7EA8C8CF5.e.4093/click - {}
RESULT: {}
COMMAND: GET /session/d23a2c4143f37d65f3c20c239a4eb09c/screenshot - {}
RESULT: {}
]]></system-out>
    </testcase>
    <testcase classname="chrome.135_0_7049_96.windows.Sanity_Tests_US104253" name="Should open ISC Tasks page" time="32.072">
      <system-out><![CDATA[
COMMAND: POST /session/d23a2c4143f37d65f3c20c239a4eb09c/execute/async - {"script":"<script> [1562 bytes]","args":[{"selector":{"controlType":"sap.m.GenericTile","properties":{"header":"ISC Tasks"}},"wdio_ui5_key":"sapm.GenericTile{\"header\":\"ISC Tasks\"}"}]}
RESULT: {"script":"<script> [1562 bytes]","args":[{"selector":{"controlType":"sap.m.GenericTile","properties":{"header":"ISC Tasks"}},"wdio_ui5_key":"sapm.GenericTile{\"header\":\"ISC Tasks\"}"}]}
RESULT: undefined
COMMAND: POST /session/d23a2c4143f37d65f3c20c239a4eb09c/element - {"using":"xpath","value":"//*[@id=\"__tile110\"]"}
RESULT: {"using":"xpath","value":"//*[@id=\"__tile110\"]"}
COMMAND: POST /session/d23a2c4143f37d65f3c20c239a4eb09c/element/f.8708B2D2CC30D4BBE252B08E312BB3AA.d.CDC51611BADDAE8BD406ABE7EA8C8CF5.e.4095/click - {}
RESULT: {}
COMMAND: GET /session/d23a2c4143f37d65f3c20c239a4eb09c/screenshot - {}
RESULT: {}
RESULT: undefined
COMMAND: POST /session/d23a2c4143f37d65f3c20c239a4eb09c/element - {"using":"xpath","value":"//*[@id=\"__tile110\"]"}
RESULT: {"using":"xpath","value":"//*[@id=\"__tile110\"]"}
COMMAND: POST /session/d23a2c4143f37d65f3c20c239a4eb09c/element/f.8708B2D2CC30D4BBE252B08E312BB3AA.d.CDC51611BADDAE8BD406ABE7EA8C8CF5.e.4095/click - {}
RESULT: undefined
COMMAND: POST /session/d23a2c4143f37d65f3c20c239a4eb09c/element - {"using":"xpath","value":"//*[@id=\"__tile110\"]"}
RESULT: {"using":"xpath","value":"//*[@id=\"__tile110\"]"}
COMMAND: POST /session/d23a2c4143f37d65f3c20c239a4eb09c/element/f.8708B2D2CC30D4BBE252B08E312BB3AA.d.CDC51611BADDAE8BD406ABE7EA8C8CF5.e.4095/click - {}
RESULT: undefined
COMMAND: POST /session/d23a2c4143f37d65f3c20c239a4eb09c/execute/async - {"script":"<script> [6424 bytes]","args":[{"element-6066-11e4-a52e-4f735466cecf":"f.8708B2D2CC30D4BBE252B08E312BB3AA.d.CDC51611BADDAE8BD406ABE7EA8C8CF5.e.288"},"getTitle",[]]}
COMMAND: POST /session/d23a2c4143f37d65f3c20c239a4eb09c/execute/async - {"script":"<script> [1562 bytes]","args":[{"selector":{"id":"shellAppTitle"},"wdio_ui5_key":"shellAppTitle"}]}
RESULT: {"script":"<script> [1562 bytes]","args":[{"selector":{"id":"shellAppTitle"},"wdio_ui5_key":"shellAppTitle"}]}
COMMAND: POST /session/d23a2c4143f37d65f3c20c239a4eb09c/execute/async - {"script":"<script> [6424 bytes]","args":[{"element-6066-11e4-a52e-4f735466cecf":"f.8708B2D2CC30D4BBE252B08E312BB3AA.d.CDC51611BADDAE8BD406ABE7EA8C8CF5.e.4190"},"getTitle",[]]}
RESULT: {"script":"<script> [6424 bytes]","args":[{"element-6066-11e4-a52e-4f735466cecf":"f.8708B2D2CC30D4BBE252B08E312BB3AA.d.CDC51611BADDAE8BD406ABE7EA8C8CF5.e.4190"},"getTitle",[]]}
RESULT: undefined
COMMAND: POST /session/d23a2c4143f37d65f3c20c239a4eb09c/element/f.8708B2D2CC30D4BBE252B08E312BB3AA.d.CDC51611BADDAE8BD406ABE7EA8C8CF5.e.4093/click - {}
RESULT: {}
COMMAND: GET /session/d23a2c4143f37d65f3c20c239a4eb09c/screenshot - {}
RESULT: {}
]]></system-out>
    </testcase>
    <testcase classname="chrome.135_0_7049_96.windows.Sanity_Tests_US104253" name="Should open Manage Resource Logbook page" time="32.466">
      <system-out><![CDATA[
COMMAND: POST /session/d23a2c4143f37d65f3c20c239a4eb09c/execute/async - {"script":"<script> [1562 bytes]","args":[{"selector":{"controlType":"sap.m.GenericTile","properties":{"header":"Manage Resource Logbook"}},"wdio_ui5_key":"sapm.GenericTile{\"header\":\"Manage Resource Logbook\"}"}]}
RESULT: {"script":"<script> [1562 bytes]","args":[{"selector":{"controlType":"sap.m.GenericTile","properties":{"header":"Manage Resource Logbook"}},"wdio_ui5_key":"sapm.GenericTile{\"header\":\"Manage Resource Logbook\"}"}]}
RESULT: undefined
COMMAND: POST /session/d23a2c4143f37d65f3c20c239a4eb09c/element - {"using":"xpath","value":"//*[@id=\"__tile113\"]"}
RESULT: {"using":"xpath","value":"//*[@id=\"__tile113\"]"}
COMMAND: POST /session/d23a2c4143f37d65f3c20c239a4eb09c/element/f.8708B2D2CC30D4BBE252B08E312BB3AA.d.CDC51611BADDAE8BD406ABE7EA8C8CF5.e.4192/click - {}
RESULT: {}
COMMAND: GET /session/d23a2c4143f37d65f3c20c239a4eb09c/screenshot - {}
RESULT: {}
RESULT: undefined
COMMAND: POST /session/d23a2c4143f37d65f3c20c239a4eb09c/element - {"using":"xpath","value":"//*[@id=\"__tile113\"]"}
RESULT: {"using":"xpath","value":"//*[@id=\"__tile113\"]"}
COMMAND: POST /session/d23a2c4143f37d65f3c20c239a4eb09c/element/f.8708B2D2CC30D4BBE252B08E312BB3AA.d.CDC51611BADDAE8BD406ABE7EA8C8CF5.e.4192/click - {}
RESULT: undefined
COMMAND: POST /session/d23a2c4143f37d65f3c20c239a4eb09c/element - {"using":"xpath","value":"//*[@id=\"__tile113\"]"}
RESULT: {"using":"xpath","value":"//*[@id=\"__tile113\"]"}
COMMAND: POST /session/d23a2c4143f37d65f3c20c239a4eb09c/element/f.8708B2D2CC30D4BBE252B08E312BB3AA.d.CDC51611BADDAE8BD406ABE7EA8C8CF5.e.4192/click - {}
RESULT: undefined
COMMAND: POST /session/d23a2c4143f37d65f3c20c239a4eb09c/execute/async - {"script":"<script> [6424 bytes]","args":[{"element-6066-11e4-a52e-4f735466cecf":"f.8708B2D2CC30D4BBE252B08E312BB3AA.d.CDC51611BADDAE8BD406ABE7EA8C8CF5.e.288"},"getTitle",[]]}
COMMAND: POST /session/d23a2c4143f37d65f3c20c239a4eb09c/execute/async - {"script":"<script> [1562 bytes]","args":[{"selector":{"id":"shellAppTitle"},"wdio_ui5_key":"shellAppTitle"}]}
RESULT: {"script":"<script> [1562 bytes]","args":[{"selector":{"id":"shellAppTitle"},"wdio_ui5_key":"shellAppTitle"}]}
COMMAND: POST /session/d23a2c4143f37d65f3c20c239a4eb09c/execute/async - {"script":"<script> [6424 bytes]","args":[{"element-6066-11e4-a52e-4f735466cecf":"f.8708B2D2CC30D4BBE252B08E312BB3AA.d.CDC51611BADDAE8BD406ABE7EA8C8CF5.e.4295"},"getTitle",[]]}
RESULT: {"script":"<script> [6424 bytes]","args":[{"element-6066-11e4-a52e-4f735466cecf":"f.8708B2D2CC30D4BBE252B08E312BB3AA.d.CDC51611BADDAE8BD406ABE7EA8C8CF5.e.4295"},"getTitle",[]]}
RESULT: undefined
COMMAND: POST /session/d23a2c4143f37d65f3c20c239a4eb09c/element/f.8708B2D2CC30D4BBE252B08E312BB3AA.d.CDC51611BADDAE8BD406ABE7EA8C8CF5.e.4093/click - {}
COMMAND: POST /session/d23a2c4143f37d65f3c20c239a4eb09c/element - {"using":"xpath","value":"//*[@id=\"backBtn\"]"}
RESULT: {"using":"xpath","value":"//*[@id=\"backBtn\"]"}
COMMAND: POST /session/d23a2c4143f37d65f3c20c239a4eb09c/element/f.8708B2D2CC30D4BBE252B08E312BB3AA.d.CDC51611BADDAE8BD406ABE7EA8C8CF5.e.4093/click - {}
COMMAND: POST /session/d23a2c4143f37d65f3c20c239a4eb09c/element - {"using":"xpath","value":"//*[@id=\"backBtn\"]"}
RESULT: {"using":"xpath","value":"//*[@id=\"backBtn\"]"}
COMMAND: POST /session/d23a2c4143f37d65f3c20c239a4eb09c/element/f.8708B2D2CC30D4BBE252B08E312BB3AA.d.CDC51611BADDAE8BD406ABE7EA8C8CF5.e.4296/click - {}
RESULT: {}
COMMAND: GET /session/d23a2c4143f37d65f3c20c239a4eb09c/screenshot - {}
RESULT: {}
]]></system-out>
    </testcase>
    <testcase classname="chrome.135_0_7049_96.windows.Sanity_Tests_US104253" name="Should open Manage Logbook page" time="31.585">
      <system-out><![CDATA[
COMMAND: POST /session/d23a2c4143f37d65f3c20c239a4eb09c/execute/async - {"script":"<script> [1562 bytes]","args":[{"selector":{"controlType":"sap.m.GenericTile","properties":{"header":"Manage Logbook"}},"wdio_ui5_key":"sapm.GenericTile{\"header\":\"Manage Logbook\"}"}]}
RESULT: {"script":"<script> [1562 bytes]","args":[{"selector":{"controlType":"sap.m.GenericTile","properties":{"header":"Manage Logbook"}},"wdio_ui5_key":"sapm.GenericTile{\"header\":\"Manage Logbook\"}"}]}
RESULT: undefined
COMMAND: POST /session/d23a2c4143f37d65f3c20c239a4eb09c/element - {"using":"xpath","value":"//*[@id=\"__tile112\"]"}
RESULT: {"using":"xpath","value":"//*[@id=\"__tile112\"]"}
COMMAND: POST /session/d23a2c4143f37d65f3c20c239a4eb09c/element/f.8708B2D2CC30D4BBE252B08E312BB3AA.d.CDC51611BADDAE8BD406ABE7EA8C8CF5.e.4298/click - {}
RESULT: {}
COMMAND: GET /session/d23a2c4143f37d65f3c20c239a4eb09c/screenshot - {}
RESULT: {}
RESULT: undefined
COMMAND: POST /session/d23a2c4143f37d65f3c20c239a4eb09c/element - {"using":"xpath","value":"//*[@id=\"__tile112\"]"}
RESULT: {"using":"xpath","value":"//*[@id=\"__tile112\"]"}
COMMAND: POST /session/d23a2c4143f37d65f3c20c239a4eb09c/element/f.8708B2D2CC30D4BBE252B08E312BB3AA.d.CDC51611BADDAE8BD406ABE7EA8C8CF5.e.4298/click - {}
RESULT: undefined
COMMAND: POST /session/d23a2c4143f37d65f3c20c239a4eb09c/element - {"using":"xpath","value":"//*[@id=\"__tile112\"]"}
RESULT: {"using":"xpath","value":"//*[@id=\"__tile112\"]"}
COMMAND: POST /session/d23a2c4143f37d65f3c20c239a4eb09c/element/f.8708B2D2CC30D4BBE252B08E312BB3AA.d.CDC51611BADDAE8BD406ABE7EA8C8CF5.e.4298/click - {}
RESULT: undefined
COMMAND: POST /session/d23a2c4143f37d65f3c20c239a4eb09c/execute/async - {"script":"<script> [6424 bytes]","args":[{"element-6066-11e4-a52e-4f735466cecf":"f.8708B2D2CC30D4BBE252B08E312BB3AA.d.CDC51611BADDAE8BD406ABE7EA8C8CF5.e.288"},"getTitle",[]]}
COMMAND: POST /session/d23a2c4143f37d65f3c20c239a4eb09c/execute/async - {"script":"<script> [1562 bytes]","args":[{"selector":{"id":"shellAppTitle"},"wdio_ui5_key":"shellAppTitle"}]}
RESULT: {"script":"<script> [1562 bytes]","args":[{"selector":{"id":"shellAppTitle"},"wdio_ui5_key":"shellAppTitle"}]}
COMMAND: POST /session/d23a2c4143f37d65f3c20c239a4eb09c/execute/async - {"script":"<script> [6424 bytes]","args":[{"element-6066-11e4-a52e-4f735466cecf":"f.8708B2D2CC30D4BBE252B08E312BB3AA.d.CDC51611BADDAE8BD406ABE7EA8C8CF5.e.4381"},"getTitle",[]]}
RESULT: {"script":"<script> [6424 bytes]","args":[{"element-6066-11e4-a52e-4f735466cecf":"f.8708B2D2CC30D4BBE252B08E312BB3AA.d.CDC51611BADDAE8BD406ABE7EA8C8CF5.e.4381"},"getTitle",[]]}
RESULT: undefined
COMMAND: POST /session/d23a2c4143f37d65f3c20c239a4eb09c/element/f.8708B2D2CC30D4BBE252B08E312BB3AA.d.CDC51611BADDAE8BD406ABE7EA8C8CF5.e.4296/click - {}
RESULT: {}
COMMAND: GET /session/d23a2c4143f37d65f3c20c239a4eb09c/screenshot - {}
RESULT: {}
]]></system-out>
    </testcase>
    <testcase classname="chrome.135_0_7049_96.windows.Sanity_Tests_US104253" name="Should open ISC Orders Calendar page" time="32.66">
      <system-out><![CDATA[
COMMAND: POST /session/d23a2c4143f37d65f3c20c239a4eb09c/execute/async - {"script":"<script> [1562 bytes]","args":[{"selector":{"controlType":"sap.m.GenericTile","properties":{"header":"ISC Orders Calendar"}},"wdio_ui5_key":"sapm.GenericTile{\"header\":\"ISC Orders Calendar\"}"}]}
RESULT: {"script":"<script> [1562 bytes]","args":[{"selector":{"controlType":"sap.m.GenericTile","properties":{"header":"ISC Orders Calendar"}},"wdio_ui5_key":"sapm.GenericTile{\"header\":\"ISC Orders Calendar\"}"}]}
RESULT: undefined
COMMAND: POST /session/d23a2c4143f37d65f3c20c239a4eb09c/element - {"using":"xpath","value":"//*[@id=\"__tile107\"]"}
RESULT: {"using":"xpath","value":"//*[@id=\"__tile107\"]"}
COMMAND: POST /session/d23a2c4143f37d65f3c20c239a4eb09c/element/f.8708B2D2CC30D4BBE252B08E312BB3AA.d.CDC51611BADDAE8BD406ABE7EA8C8CF5.e.4383/click - {}
RESULT: {}
COMMAND: GET /session/d23a2c4143f37d65f3c20c239a4eb09c/screenshot - {}
RESULT: {}
RESULT: undefined
COMMAND: POST /session/d23a2c4143f37d65f3c20c239a4eb09c/element - {"using":"xpath","value":"//*[@id=\"__tile107\"]"}
RESULT: {"using":"xpath","value":"//*[@id=\"__tile107\"]"}
COMMAND: POST /session/d23a2c4143f37d65f3c20c239a4eb09c/element/f.8708B2D2CC30D4BBE252B08E312BB3AA.d.CDC51611BADDAE8BD406ABE7EA8C8CF5.e.4383/click - {}
RESULT: undefined
COMMAND: POST /session/d23a2c4143f37d65f3c20c239a4eb09c/element - {"using":"xpath","value":"//*[@id=\"__tile107\"]"}
RESULT: {"using":"xpath","value":"//*[@id=\"__tile107\"]"}
COMMAND: POST /session/d23a2c4143f37d65f3c20c239a4eb09c/element/f.8708B2D2CC30D4BBE252B08E312BB3AA.d.CDC51611BADDAE8BD406ABE7EA8C8CF5.e.4383/click - {}
RESULT: undefined
COMMAND: POST /session/d23a2c4143f37d65f3c20c239a4eb09c/execute/async - {"script":"<script> [6424 bytes]","args":[{"element-6066-11e4-a52e-4f735466cecf":"f.8708B2D2CC30D4BBE252B08E312BB3AA.d.CDC51611BADDAE8BD406ABE7EA8C8CF5.e.288"},"getTitle",[]]}
COMMAND: POST /session/d23a2c4143f37d65f3c20c239a4eb09c/execute/async - {"script":"<script> [1562 bytes]","args":[{"selector":{"id":"shellAppTitle"},"wdio_ui5_key":"shellAppTitle"}]}
RESULT: {"script":"<script> [1562 bytes]","args":[{"selector":{"id":"shellAppTitle"},"wdio_ui5_key":"shellAppTitle"}]}
COMMAND: POST /session/d23a2c4143f37d65f3c20c239a4eb09c/execute/async - {"script":"<script> [6424 bytes]","args":[{"element-6066-11e4-a52e-4f735466cecf":"f.8708B2D2CC30D4BBE252B08E312BB3AA.d.CDC51611BADDAE8BD406ABE7EA8C8CF5.e.4592"},"getTitle",[]]}
RESULT: {"script":"<script> [6424 bytes]","args":[{"element-6066-11e4-a52e-4f735466cecf":"f.8708B2D2CC30D4BBE252B08E312BB3AA.d.CDC51611BADDAE8BD406ABE7EA8C8CF5.e.4592"},"getTitle",[]]}
RESULT: undefined
COMMAND: POST /session/d23a2c4143f37d65f3c20c239a4eb09c/element/f.8708B2D2CC30D4BBE252B08E312BB3AA.d.CDC51611BADDAE8BD406ABE7EA8C8CF5.e.4296/click - {}
COMMAND: POST /session/d23a2c4143f37d65f3c20c239a4eb09c/element - {"using":"xpath","value":"//*[@id=\"backBtn\"]"}
RESULT: {"using":"xpath","value":"//*[@id=\"backBtn\"]"}
COMMAND: POST /session/d23a2c4143f37d65f3c20c239a4eb09c/element/f.8708B2D2CC30D4BBE252B08E312BB3AA.d.CDC51611BADDAE8BD406ABE7EA8C8CF5.e.4296/click - {}
COMMAND: POST /session/d23a2c4143f37d65f3c20c239a4eb09c/element - {"using":"xpath","value":"//*[@id=\"backBtn\"]"}
RESULT: {"using":"xpath","value":"//*[@id=\"backBtn\"]"}
COMMAND: POST /session/d23a2c4143f37d65f3c20c239a4eb09c/element/f.8708B2D2CC30D4BBE252B08E312BB3AA.d.CDC51611BADDAE8BD406ABE7EA8C8CF5.e.4593/click - {}
RESULT: {}
COMMAND: GET /session/d23a2c4143f37d65f3c20c239a4eb09c/screenshot - {}
RESULT: {}
]]></system-out>
    </testcase>
    <testcase classname="chrome.135_0_7049_96.windows.Sanity_Tests_US104253" name="Should open Configure System page" time="30.69">
      <system-out><![CDATA[
COMMAND: POST /session/d23a2c4143f37d65f3c20c239a4eb09c/execute/async - {"script":"<script> [1562 bytes]","args":[{"selector":{"controlType":"sap.m.GenericTile","properties":{"header":"Configure System"}},"wdio_ui5_key":"sapm.GenericTile{\"header\":\"Configure System\"}"}]}
RESULT: {"script":"<script> [1562 bytes]","args":[{"selector":{"controlType":"sap.m.GenericTile","properties":{"header":"Configure System"}},"wdio_ui5_key":"sapm.GenericTile{\"header\":\"Configure System\"}"}]}
RESULT: undefined
COMMAND: POST /session/d23a2c4143f37d65f3c20c239a4eb09c/element - {"using":"xpath","value":"//*[@id=\"__tile114\"]"}
RESULT: {"using":"xpath","value":"//*[@id=\"__tile114\"]"}
COMMAND: POST /session/d23a2c4143f37d65f3c20c239a4eb09c/element/f.8708B2D2CC30D4BBE252B08E312BB3AA.d.CDC51611BADDAE8BD406ABE7EA8C8CF5.e.4595/click - {}
RESULT: {}
COMMAND: GET /session/d23a2c4143f37d65f3c20c239a4eb09c/screenshot - {}
RESULT: {}
RESULT: undefined
COMMAND: POST /session/d23a2c4143f37d65f3c20c239a4eb09c/element - {"using":"xpath","value":"//*[@id=\"__tile114\"]"}
RESULT: {"using":"xpath","value":"//*[@id=\"__tile114\"]"}
COMMAND: POST /session/d23a2c4143f37d65f3c20c239a4eb09c/element/f.8708B2D2CC30D4BBE252B08E312BB3AA.d.CDC51611BADDAE8BD406ABE7EA8C8CF5.e.4595/click - {}
RESULT: undefined
COMMAND: POST /session/d23a2c4143f37d65f3c20c239a4eb09c/element - {"using":"xpath","value":"//*[@id=\"__tile114\"]"}
RESULT: {"using":"xpath","value":"//*[@id=\"__tile114\"]"}
COMMAND: POST /session/d23a2c4143f37d65f3c20c239a4eb09c/element/f.8708B2D2CC30D4BBE252B08E312BB3AA.d.CDC51611BADDAE8BD406ABE7EA8C8CF5.e.4595/click - {}
RESULT: undefined
COMMAND: POST /session/d23a2c4143f37d65f3c20c239a4eb09c/execute/async - {"script":"<script> [6424 bytes]","args":[{"element-6066-11e4-a52e-4f735466cecf":"f.8708B2D2CC30D4BBE252B08E312BB3AA.d.CDC51611BADDAE8BD406ABE7EA8C8CF5.e.288"},"getTitle",[]]}
COMMAND: POST /session/d23a2c4143f37d65f3c20c239a4eb09c/execute/async - {"script":"<script> [1562 bytes]","args":[{"selector":{"id":"shellAppTitle"},"wdio_ui5_key":"shellAppTitle"}]}
RESULT: {"script":"<script> [1562 bytes]","args":[{"selector":{"id":"shellAppTitle"},"wdio_ui5_key":"shellAppTitle"}]}
COMMAND: POST /session/d23a2c4143f37d65f3c20c239a4eb09c/execute/async - {"script":"<script> [6424 bytes]","args":[{"element-6066-11e4-a52e-4f735466cecf":"f.8708B2D2CC30D4BBE252B08E312BB3AA.d.CDC51611BADDAE8BD406ABE7EA8C8CF5.e.4632"},"getTitle",[]]}
RESULT: {"script":"<script> [6424 bytes]","args":[{"element-6066-11e4-a52e-4f735466cecf":"f.8708B2D2CC30D4BBE252B08E312BB3AA.d.CDC51611BADDAE8BD406ABE7EA8C8CF5.e.4632"},"getTitle",[]]}
RESULT: undefined
COMMAND: POST /session/d23a2c4143f37d65f3c20c239a4eb09c/element/f.8708B2D2CC30D4BBE252B08E312BB3AA.d.CDC51611BADDAE8BD406ABE7EA8C8CF5.e.4593/click - {}
RESULT: {}
COMMAND: GET /session/d23a2c4143f37d65f3c20c239a4eb09c/screenshot - {}
RESULT: {}
]]></system-out>
    </testcase>
    <testcase classname="chrome.135_0_7049_96.windows.Sanity_Tests_US104253" name="Should open Manage Classifications page" time="31.577">
      <system-out><![CDATA[
COMMAND: POST /session/d23a2c4143f37d65f3c20c239a4eb09c/execute/async - {"script":"<script> [1562 bytes]","args":[{"selector":{"controlType":"sap.m.GenericTile","properties":{"header":"Manage Classifications"}},"wdio_ui5_key":"sapm.GenericTile{\"header\":\"Manage Classifications\"}"}]}
RESULT: {"script":"<script> [1562 bytes]","args":[{"selector":{"controlType":"sap.m.GenericTile","properties":{"header":"Manage Classifications"}},"wdio_ui5_key":"sapm.GenericTile{\"header\":\"Manage Classifications\"}"}]}
RESULT: undefined
COMMAND: POST /session/d23a2c4143f37d65f3c20c239a4eb09c/element - {"using":"xpath","value":"//*[@id=\"__tile115\"]"}
RESULT: {"using":"xpath","value":"//*[@id=\"__tile115\"]"}
COMMAND: POST /session/d23a2c4143f37d65f3c20c239a4eb09c/element/f.8708B2D2CC30D4BBE252B08E312BB3AA.d.CDC51611BADDAE8BD406ABE7EA8C8CF5.e.4636/click - {}
RESULT: {}
COMMAND: GET /session/d23a2c4143f37d65f3c20c239a4eb09c/screenshot - {}
RESULT: {}
RESULT: undefined
COMMAND: POST /session/d23a2c4143f37d65f3c20c239a4eb09c/element - {"using":"xpath","value":"//*[@id=\"__tile115\"]"}
RESULT: {"using":"xpath","value":"//*[@id=\"__tile115\"]"}
COMMAND: POST /session/d23a2c4143f37d65f3c20c239a4eb09c/element/f.8708B2D2CC30D4BBE252B08E312BB3AA.d.CDC51611BADDAE8BD406ABE7EA8C8CF5.e.4636/click - {}
RESULT: undefined
COMMAND: POST /session/d23a2c4143f37d65f3c20c239a4eb09c/element - {"using":"xpath","value":"//*[@id=\"__tile115\"]"}
RESULT: {"using":"xpath","value":"//*[@id=\"__tile115\"]"}
COMMAND: POST /session/d23a2c4143f37d65f3c20c239a4eb09c/element/f.8708B2D2CC30D4BBE252B08E312BB3AA.d.CDC51611BADDAE8BD406ABE7EA8C8CF5.e.4636/click - {}
RESULT: undefined
COMMAND: POST /session/d23a2c4143f37d65f3c20c239a4eb09c/execute/async - {"script":"<script> [6424 bytes]","args":[{"element-6066-11e4-a52e-4f735466cecf":"f.8708B2D2CC30D4BBE252B08E312BB3AA.d.CDC51611BADDAE8BD406ABE7EA8C8CF5.e.288"},"getTitle",[]]}
COMMAND: POST /session/d23a2c4143f37d65f3c20c239a4eb09c/execute/async - {"script":"<script> [1562 bytes]","args":[{"selector":{"id":"shellAppTitle"},"wdio_ui5_key":"shellAppTitle"}]}
RESULT: {"script":"<script> [1562 bytes]","args":[{"selector":{"id":"shellAppTitle"},"wdio_ui5_key":"shellAppTitle"}]}
COMMAND: POST /session/d23a2c4143f37d65f3c20c239a4eb09c/execute/async - {"script":"<script> [6424 bytes]","args":[{"element-6066-11e4-a52e-4f735466cecf":"f.8708B2D2CC30D4BBE252B08E312BB3AA.d.CDC51611BADDAE8BD406ABE7EA8C8CF5.e.4746"},"getTitle",[]]}
RESULT: {"script":"<script> [6424 bytes]","args":[{"element-6066-11e4-a52e-4f735466cecf":"f.8708B2D2CC30D4BBE252B08E312BB3AA.d.CDC51611BADDAE8BD406ABE7EA8C8CF5.e.4746"},"getTitle",[]]}
RESULT: undefined
COMMAND: POST /session/d23a2c4143f37d65f3c20c239a4eb09c/element/f.8708B2D2CC30D4BBE252B08E312BB3AA.d.CDC51611BADDAE8BD406ABE7EA8C8CF5.e.4593/click - {}
COMMAND: POST /session/d23a2c4143f37d65f3c20c239a4eb09c/element - {"using":"xpath","value":"//*[@id=\"backBtn\"]"}
RESULT: {"using":"xpath","value":"//*[@id=\"backBtn\"]"}
COMMAND: POST /session/d23a2c4143f37d65f3c20c239a4eb09c/element/f.8708B2D2CC30D4BBE252B08E312BB3AA.d.CDC51611BADDAE8BD406ABE7EA8C8CF5.e.4593/click - {}
COMMAND: POST /session/d23a2c4143f37d65f3c20c239a4eb09c/element - {"using":"xpath","value":"//*[@id=\"backBtn\"]"}
RESULT: {"using":"xpath","value":"//*[@id=\"backBtn\"]"}
COMMAND: POST /session/d23a2c4143f37d65f3c20c239a4eb09c/element/f.8708B2D2CC30D4BBE252B08E312BB3AA.d.CDC51611BADDAE8BD406ABE7EA8C8CF5.e.4747/click - {}
RESULT: {}
COMMAND: GET /session/d23a2c4143f37d65f3c20c239a4eb09c/screenshot - {}
RESULT: {}
]]></system-out>
    </testcase>
    <testcase classname="chrome.135_0_7049_96.windows.Sanity_Tests_US104253" name="Should open Data Explorer page" time="40.498">
      <system-out><![CDATA[
COMMAND: POST /session/d23a2c4143f37d65f3c20c239a4eb09c/execute/async - {"script":"<script> [1562 bytes]","args":[{"selector":{"controlType":"sap.m.GenericTile","properties":{"header":"Data Explorer"}},"wdio_ui5_key":"sapm.GenericTile{\"header\":\"Data Explorer\"}"}]}
RESULT: {"script":"<script> [1562 bytes]","args":[{"selector":{"controlType":"sap.m.GenericTile","properties":{"header":"Data Explorer"}},"wdio_ui5_key":"sapm.GenericTile{\"header\":\"Data Explorer\"}"}]}
RESULT: undefined
COMMAND: POST /session/d23a2c4143f37d65f3c20c239a4eb09c/element - {"using":"xpath","value":"//*[@id=\"__tile117\"]"}
RESULT: {"using":"xpath","value":"//*[@id=\"__tile117\"]"}
COMMAND: POST /session/d23a2c4143f37d65f3c20c239a4eb09c/element/f.8708B2D2CC30D4BBE252B08E312BB3AA.d.CDC51611BADDAE8BD406ABE7EA8C8CF5.e.4749/click - {}
RESULT: {}
COMMAND: GET /session/d23a2c4143f37d65f3c20c239a4eb09c/screenshot - {}
RESULT: {}
RESULT: undefined
COMMAND: POST /session/d23a2c4143f37d65f3c20c239a4eb09c/element - {"using":"xpath","value":"//*[@id=\"__tile117\"]"}
RESULT: {"using":"xpath","value":"//*[@id=\"__tile117\"]"}
COMMAND: POST /session/d23a2c4143f37d65f3c20c239a4eb09c/element/f.8708B2D2CC30D4BBE252B08E312BB3AA.d.CDC51611BADDAE8BD406ABE7EA8C8CF5.e.4749/click - {}
RESULT: undefined
COMMAND: POST /session/d23a2c4143f37d65f3c20c239a4eb09c/element - {"using":"xpath","value":"//*[@id=\"__tile117\"]"}
RESULT: {"using":"xpath","value":"//*[@id=\"__tile117\"]"}
COMMAND: POST /session/d23a2c4143f37d65f3c20c239a4eb09c/element/f.8708B2D2CC30D4BBE252B08E312BB3AA.d.CDC51611BADDAE8BD406ABE7EA8C8CF5.e.4749/click - {}
RESULT: undefined
COMMAND: POST /session/d23a2c4143f37d65f3c20c239a4eb09c/execute/async - {"script":"<script> [6424 bytes]","args":[{"element-6066-11e4-a52e-4f735466cecf":"f.8708B2D2CC30D4BBE252B08E312BB3AA.d.CDC51611BADDAE8BD406ABE7EA8C8CF5.e.288"},"getTitle",[]]}
COMMAND: POST /session/d23a2c4143f37d65f3c20c239a4eb09c/execute/async - {"script":"<script> [1562 bytes]","args":[{"selector":{"id":"shellAppTitle"},"wdio_ui5_key":"shellAppTitle"}]}
RESULT: {"script":"<script> [1562 bytes]","args":[{"selector":{"id":"shellAppTitle"},"wdio_ui5_key":"shellAppTitle"}]}
COMMAND: POST /session/d23a2c4143f37d65f3c20c239a4eb09c/execute/async - {"script":"<script> [6424 bytes]","args":[{"element-6066-11e4-a52e-4f735466cecf":"f.8708B2D2CC30D4BBE252B08E312BB3AA.d.CDC51611BADDAE8BD406ABE7EA8C8CF5.e.4932"},"getTitle",[]]}
RESULT: {"script":"<script> [6424 bytes]","args":[{"element-6066-11e4-a52e-4f735466cecf":"f.8708B2D2CC30D4BBE252B08E312BB3AA.d.CDC51611BADDAE8BD406ABE7EA8C8CF5.e.4932"},"getTitle",[]]}
RESULT: undefined
COMMAND: POST /session/d23a2c4143f37d65f3c20c239a4eb09c/element/f.8708B2D2CC30D4BBE252B08E312BB3AA.d.CDC51611BADDAE8BD406ABE7EA8C8CF5.e.4747/click - {}
RESULT: {}
COMMAND: GET /session/d23a2c4143f37d65f3c20c239a4eb09c/screenshot - {}
RESULT: {}
]]></system-out>
    </testcase>
    <testcase classname="chrome.135_0_7049_96.windows.Sanity_Tests_US104253" name="Should open Performance Monitor page" time="29.302">
      <system-out><![CDATA[
COMMAND: POST /session/d23a2c4143f37d65f3c20c239a4eb09c/execute/async - {"script":"<script> [1562 bytes]","args":[{"selector":{"controlType":"sap.m.GenericTile","properties":{"header":"Performance Monitor"}},"wdio_ui5_key":"sapm.GenericTile{\"header\":\"Performance Monitor\"}"}]}
RESULT: {"script":"<script> [1562 bytes]","args":[{"selector":{"controlType":"sap.m.GenericTile","properties":{"header":"Performance Monitor"}},"wdio_ui5_key":"sapm.GenericTile{\"header\":\"Performance Monitor\"}"}]}
RESULT: undefined
COMMAND: POST /session/d23a2c4143f37d65f3c20c239a4eb09c/element - {"using":"xpath","value":"//*[@id=\"__tile116\"]"}
RESULT: {"using":"xpath","value":"//*[@id=\"__tile116\"]"}
COMMAND: POST /session/d23a2c4143f37d65f3c20c239a4eb09c/element/f.8708B2D2CC30D4BBE252B08E312BB3AA.d.CDC51611BADDAE8BD406ABE7EA8C8CF5.e.4935/click - {}
RESULT: {}
COMMAND: GET /session/d23a2c4143f37d65f3c20c239a4eb09c/screenshot - {}
RESULT: {}
RESULT: undefined
COMMAND: POST /session/d23a2c4143f37d65f3c20c239a4eb09c/element - {"using":"xpath","value":"//*[@id=\"__tile116\"]"}
RESULT: {"using":"xpath","value":"//*[@id=\"__tile116\"]"}
COMMAND: POST /session/d23a2c4143f37d65f3c20c239a4eb09c/element/f.8708B2D2CC30D4BBE252B08E312BB3AA.d.CDC51611BADDAE8BD406ABE7EA8C8CF5.e.4935/click - {}
RESULT: undefined
COMMAND: POST /session/d23a2c4143f37d65f3c20c239a4eb09c/element - {"using":"xpath","value":"//*[@id=\"__tile116\"]"}
RESULT: {"using":"xpath","value":"//*[@id=\"__tile116\"]"}
COMMAND: POST /session/d23a2c4143f37d65f3c20c239a4eb09c/element/f.8708B2D2CC30D4BBE252B08E312BB3AA.d.CDC51611BADDAE8BD406ABE7EA8C8CF5.e.4935/click - {}
RESULT: undefined
COMMAND: POST /session/d23a2c4143f37d65f3c20c239a4eb09c/execute/async - {"script":"<script> [6424 bytes]","args":[{"element-6066-11e4-a52e-4f735466cecf":"f.8708B2D2CC30D4BBE252B08E312BB3AA.d.CDC51611BADDAE8BD406ABE7EA8C8CF5.e.288"},"getTitle",[]]}
COMMAND: POST /session/d23a2c4143f37d65f3c20c239a4eb09c/execute/async - {"script":"<script> [1562 bytes]","args":[{"selector":{"id":"shellAppTitle"},"wdio_ui5_key":"shellAppTitle"}]}
RESULT: {"script":"<script> [1562 bytes]","args":[{"selector":{"id":"shellAppTitle"},"wdio_ui5_key":"shellAppTitle"}]}
COMMAND: POST /session/d23a2c4143f37d65f3c20c239a4eb09c/execute/async - {"script":"<script> [6424 bytes]","args":[{"element-6066-11e4-a52e-4f735466cecf":"f.8708B2D2CC30D4BBE252B08E312BB3AA.d.CDC51611BADDAE8BD406ABE7EA8C8CF5.e.4975"},"getTitle",[]]}
RESULT: {"script":"<script> [6424 bytes]","args":[{"element-6066-11e4-a52e-4f735466cecf":"f.8708B2D2CC30D4BBE252B08E312BB3AA.d.CDC51611BADDAE8BD406ABE7EA8C8CF5.e.4975"},"getTitle",[]]}
RESULT: undefined
COMMAND: POST /session/d23a2c4143f37d65f3c20c239a4eb09c/element/f.8708B2D2CC30D4BBE252B08E312BB3AA.d.CDC51611BADDAE8BD406ABE7EA8C8CF5.e.4747/click - {}
COMMAND: POST /session/d23a2c4143f37d65f3c20c239a4eb09c/element - {"using":"xpath","value":"//*[@id=\"backBtn\"]"}
RESULT: {"using":"xpath","value":"//*[@id=\"backBtn\"]"}
COMMAND: POST /session/d23a2c4143f37d65f3c20c239a4eb09c/element/f.8708B2D2CC30D4BBE252B08E312BB3AA.d.CDC51611BADDAE8BD406ABE7EA8C8CF5.e.4747/click - {}
COMMAND: POST /session/d23a2c4143f37d65f3c20c239a4eb09c/element - {"using":"xpath","value":"//*[@id=\"backBtn\"]"}
RESULT: {"using":"xpath","value":"//*[@id=\"backBtn\"]"}
COMMAND: POST /session/d23a2c4143f37d65f3c20c239a4eb09c/element/f.8708B2D2CC30D4BBE252B08E312BB3AA.d.CDC51611BADDAE8BD406ABE7EA8C8CF5.e.4976/click - {}
RESULT: {}
COMMAND: GET /session/d23a2c4143f37d65f3c20c239a4eb09c/screenshot - {}
RESULT: {}
]]></system-out>
    </testcase>
    <testcase classname="chrome.135_0_7049_96.windows.Sanity_Tests_US104253" name="Should open Organizational Model page" time="32.222">
      <system-out><![CDATA[
COMMAND: POST /session/d23a2c4143f37d65f3c20c239a4eb09c/execute/async - {"script":"<script> [1562 bytes]","args":[{"selector":{"controlType":"sap.m.GenericTile","properties":{"header":"Organizational Model"}},"wdio_ui5_key":"sapm.GenericTile{\"header\":\"Organizational Model\"}"}]}
RESULT: {"script":"<script> [1562 bytes]","args":[{"selector":{"controlType":"sap.m.GenericTile","properties":{"header":"Organizational Model"}},"wdio_ui5_key":"sapm.GenericTile{\"header\":\"Organizational Model\"}"}]}
RESULT: undefined
COMMAND: POST /session/d23a2c4143f37d65f3c20c239a4eb09c/element - {"using":"xpath","value":"//*[@id=\"__tile120\"]"}
RESULT: {"using":"xpath","value":"//*[@id=\"__tile120\"]"}
COMMAND: POST /session/d23a2c4143f37d65f3c20c239a4eb09c/element/f.8708B2D2CC30D4BBE252B08E312BB3AA.d.CDC51611BADDAE8BD406ABE7EA8C8CF5.e.4979/click - {}
RESULT: {}
COMMAND: GET /session/d23a2c4143f37d65f3c20c239a4eb09c/screenshot - {}
RESULT: {}
RESULT: undefined
COMMAND: POST /session/d23a2c4143f37d65f3c20c239a4eb09c/element - {"using":"xpath","value":"//*[@id=\"__tile120\"]"}
RESULT: {"using":"xpath","value":"//*[@id=\"__tile120\"]"}
COMMAND: POST /session/d23a2c4143f37d65f3c20c239a4eb09c/element/f.8708B2D2CC30D4BBE252B08E312BB3AA.d.CDC51611BADDAE8BD406ABE7EA8C8CF5.e.4979/click - {}
RESULT: undefined
COMMAND: POST /session/d23a2c4143f37d65f3c20c239a4eb09c/element - {"using":"xpath","value":"//*[@id=\"__tile120\"]"}
RESULT: {"using":"xpath","value":"//*[@id=\"__tile120\"]"}
COMMAND: POST /session/d23a2c4143f37d65f3c20c239a4eb09c/element/f.8708B2D2CC30D4BBE252B08E312BB3AA.d.CDC51611BADDAE8BD406ABE7EA8C8CF5.e.4979/click - {}
RESULT: undefined
COMMAND: POST /session/d23a2c4143f37d65f3c20c239a4eb09c/execute/async - {"script":"<script> [6424 bytes]","args":[{"element-6066-11e4-a52e-4f735466cecf":"f.8708B2D2CC30D4BBE252B08E312BB3AA.d.CDC51611BADDAE8BD406ABE7EA8C8CF5.e.288"},"getTitle",[]]}
COMMAND: POST /session/d23a2c4143f37d65f3c20c239a4eb09c/execute/async - {"script":"<script> [1562 bytes]","args":[{"selector":{"id":"shellAppTitle"},"wdio_ui5_key":"shellAppTitle"}]}
RESULT: {"script":"<script> [1562 bytes]","args":[{"selector":{"id":"shellAppTitle"},"wdio_ui5_key":"shellAppTitle"}]}
COMMAND: POST /session/d23a2c4143f37d65f3c20c239a4eb09c/execute/async - {"script":"<script> [6424 bytes]","args":[{"element-6066-11e4-a52e-4f735466cecf":"f.8708B2D2CC30D4BBE252B08E312BB3AA.d.CDC51611BADDAE8BD406ABE7EA8C8CF5.e.4997"},"getTitle",[]]}
RESULT: {"script":"<script> [6424 bytes]","args":[{"element-6066-11e4-a52e-4f735466cecf":"f.8708B2D2CC30D4BBE252B08E312BB3AA.d.CDC51611BADDAE8BD406ABE7EA8C8CF5.e.4997"},"getTitle",[]]}
RESULT: undefined
COMMAND: POST /session/d23a2c4143f37d65f3c20c239a4eb09c/element/f.8708B2D2CC30D4BBE252B08E312BB3AA.d.CDC51611BADDAE8BD406ABE7EA8C8CF5.e.4976/click - {}
RESULT: {}
COMMAND: GET /session/d23a2c4143f37d65f3c20c239a4eb09c/screenshot - {}
RESULT: {}
]]></system-out>
    </testcase>
    <testcase classname="chrome.135_0_7049_96.windows.Sanity_Tests_US104253" name="Should open Manage Roles page" time="32.17">
      <system-out><![CDATA[
COMMAND: POST /session/d23a2c4143f37d65f3c20c239a4eb09c/execute/async - {"script":"<script> [1562 bytes]","args":[{"selector":{"controlType":"sap.m.GenericTile","properties":{"header":"Manage Roles"}},"wdio_ui5_key":"sapm.GenericTile{\"header\":\"Manage Roles\"}"}]}
RESULT: {"script":"<script> [1562 bytes]","args":[{"selector":{"controlType":"sap.m.GenericTile","properties":{"header":"Manage Roles"}},"wdio_ui5_key":"sapm.GenericTile{\"header\":\"Manage Roles\"}"}]}
RESULT: undefined
COMMAND: POST /session/d23a2c4143f37d65f3c20c239a4eb09c/element - {"using":"xpath","value":"//*[@id=\"__tile119\"]"}
RESULT: {"using":"xpath","value":"//*[@id=\"__tile119\"]"}
COMMAND: POST /session/d23a2c4143f37d65f3c20c239a4eb09c/element/f.8708B2D2CC30D4BBE252B08E312BB3AA.d.CDC51611BADDAE8BD406ABE7EA8C8CF5.e.5001/click - {}
RESULT: {}
COMMAND: GET /session/d23a2c4143f37d65f3c20c239a4eb09c/screenshot - {}
RESULT: {}
RESULT: undefined
COMMAND: POST /session/d23a2c4143f37d65f3c20c239a4eb09c/element - {"using":"xpath","value":"//*[@id=\"__tile119\"]"}
RESULT: {"using":"xpath","value":"//*[@id=\"__tile119\"]"}
COMMAND: POST /session/d23a2c4143f37d65f3c20c239a4eb09c/element/f.8708B2D2CC30D4BBE252B08E312BB3AA.d.CDC51611BADDAE8BD406ABE7EA8C8CF5.e.5001/click - {}
RESULT: undefined
COMMAND: POST /session/d23a2c4143f37d65f3c20c239a4eb09c/element - {"using":"xpath","value":"//*[@id=\"__tile119\"]"}
RESULT: {"using":"xpath","value":"//*[@id=\"__tile119\"]"}
COMMAND: POST /session/d23a2c4143f37d65f3c20c239a4eb09c/element/f.8708B2D2CC30D4BBE252B08E312BB3AA.d.CDC51611BADDAE8BD406ABE7EA8C8CF5.e.5001/click - {}
RESULT: undefined
COMMAND: POST /session/d23a2c4143f37d65f3c20c239a4eb09c/execute/async - {"script":"<script> [6424 bytes]","args":[{"element-6066-11e4-a52e-4f735466cecf":"f.8708B2D2CC30D4BBE252B08E312BB3AA.d.CDC51611BADDAE8BD406ABE7EA8C8CF5.e.288"},"getTitle",[]]}
COMMAND: POST /session/d23a2c4143f37d65f3c20c239a4eb09c/execute/async - {"script":"<script> [1562 bytes]","args":[{"selector":{"id":"shellAppTitle"},"wdio_ui5_key":"shellAppTitle"}]}
RESULT: {"script":"<script> [1562 bytes]","args":[{"selector":{"id":"shellAppTitle"},"wdio_ui5_key":"shellAppTitle"}]}
COMMAND: POST /session/d23a2c4143f37d65f3c20c239a4eb09c/execute/async - {"script":"<script> [6424 bytes]","args":[{"element-6066-11e4-a52e-4f735466cecf":"f.8708B2D2CC30D4BBE252B08E312BB3AA.d.CDC51611BADDAE8BD406ABE7EA8C8CF5.e.5045"},"getTitle",[]]}
RESULT: {"script":"<script> [6424 bytes]","args":[{"element-6066-11e4-a52e-4f735466cecf":"f.8708B2D2CC30D4BBE252B08E312BB3AA.d.CDC51611BADDAE8BD406ABE7EA8C8CF5.e.5045"},"getTitle",[]]}
RESULT: undefined
COMMAND: POST /session/d23a2c4143f37d65f3c20c239a4eb09c/element/f.8708B2D2CC30D4BBE252B08E312BB3AA.d.CDC51611BADDAE8BD406ABE7EA8C8CF5.e.4976/click - {}
COMMAND: POST /session/d23a2c4143f37d65f3c20c239a4eb09c/element - {"using":"xpath","value":"//*[@id=\"backBtn\"]"}
RESULT: {"using":"xpath","value":"//*[@id=\"backBtn\"]"}
COMMAND: POST /session/d23a2c4143f37d65f3c20c239a4eb09c/element/f.8708B2D2CC30D4BBE252B08E312BB3AA.d.CDC51611BADDAE8BD406ABE7EA8C8CF5.e.4976/click - {}
COMMAND: POST /session/d23a2c4143f37d65f3c20c239a4eb09c/element - {"using":"xpath","value":"//*[@id=\"backBtn\"]"}
RESULT: {"using":"xpath","value":"//*[@id=\"backBtn\"]"}
COMMAND: POST /session/d23a2c4143f37d65f3c20c239a4eb09c/element/f.8708B2D2CC30D4BBE252B08E312BB3AA.d.CDC51611BADDAE8BD406ABE7EA8C8CF5.e.5046/click - {}
RESULT: {}
COMMAND: GET /session/d23a2c4143f37d65f3c20c239a4eb09c/screenshot - {}
RESULT: {}
]]></system-out>
    </testcase>
    <testcase classname="chrome.135_0_7049_96.windows.Sanity_Tests_US104253" name="Should open Authorization Tables page" time="30.343">
      <system-out><![CDATA[
COMMAND: POST /session/d23a2c4143f37d65f3c20c239a4eb09c/execute/async - {"script":"<script> [1562 bytes]","args":[{"selector":{"controlType":"sap.m.GenericTile","properties":{"header":"Authorization Tables"}},"wdio_ui5_key":"sapm.GenericTile{\"header\":\"Authorization Tables\"}"}]}
RESULT: {"script":"<script> [1562 bytes]","args":[{"selector":{"controlType":"sap.m.GenericTile","properties":{"header":"Authorization Tables"}},"wdio_ui5_key":"sapm.GenericTile{\"header\":\"Authorization Tables\"}"}]}
RESULT: undefined
COMMAND: POST /session/d23a2c4143f37d65f3c20c239a4eb09c/element - {"using":"xpath","value":"//*[@id=\"__tile118\"]"}
RESULT: {"using":"xpath","value":"//*[@id=\"__tile118\"]"}
COMMAND: POST /session/d23a2c4143f37d65f3c20c239a4eb09c/element/f.8708B2D2CC30D4BBE252B08E312BB3AA.d.CDC51611BADDAE8BD406ABE7EA8C8CF5.e.5048/click - {}
RESULT: {}
COMMAND: GET /session/d23a2c4143f37d65f3c20c239a4eb09c/screenshot - {}
RESULT: {}
RESULT: undefined
COMMAND: POST /session/d23a2c4143f37d65f3c20c239a4eb09c/element - {"using":"xpath","value":"//*[@id=\"__tile118\"]"}
RESULT: {"using":"xpath","value":"//*[@id=\"__tile118\"]"}
COMMAND: POST /session/d23a2c4143f37d65f3c20c239a4eb09c/element/f.8708B2D2CC30D4BBE252B08E312BB3AA.d.CDC51611BADDAE8BD406ABE7EA8C8CF5.e.5048/click - {}
RESULT: undefined
COMMAND: POST /session/d23a2c4143f37d65f3c20c239a4eb09c/element - {"using":"xpath","value":"//*[@id=\"__tile118\"]"}
RESULT: {"using":"xpath","value":"//*[@id=\"__tile118\"]"}
COMMAND: POST /session/d23a2c4143f37d65f3c20c239a4eb09c/element/f.8708B2D2CC30D4BBE252B08E312BB3AA.d.CDC51611BADDAE8BD406ABE7EA8C8CF5.e.5048/click - {}
RESULT: undefined
COMMAND: POST /session/d23a2c4143f37d65f3c20c239a4eb09c/execute/async - {"script":"<script> [6424 bytes]","args":[{"element-6066-11e4-a52e-4f735466cecf":"f.8708B2D2CC30D4BBE252B08E312BB3AA.d.CDC51611BADDAE8BD406ABE7EA8C8CF5.e.288"},"getTitle",[]]}
COMMAND: POST /session/d23a2c4143f37d65f3c20c239a4eb09c/execute/async - {"script":"<script> [1562 bytes]","args":[{"selector":{"id":"shellAppTitle"},"wdio_ui5_key":"shellAppTitle"}]}
RESULT: {"script":"<script> [1562 bytes]","args":[{"selector":{"id":"shellAppTitle"},"wdio_ui5_key":"shellAppTitle"}]}
COMMAND: POST /session/d23a2c4143f37d65f3c20c239a4eb09c/execute/async - {"script":"<script> [6424 bytes]","args":[{"element-6066-11e4-a52e-4f735466cecf":"f.8708B2D2CC30D4BBE252B08E312BB3AA.d.CDC51611BADDAE8BD406ABE7EA8C8CF5.e.5142"},"getTitle",[]]}
RESULT: {"script":"<script> [6424 bytes]","args":[{"element-6066-11e4-a52e-4f735466cecf":"f.8708B2D2CC30D4BBE252B08E312BB3AA.d.CDC51611BADDAE8BD406ABE7EA8C8CF5.e.5142"},"getTitle",[]]}
RESULT: undefined
COMMAND: POST /session/d23a2c4143f37d65f3c20c239a4eb09c/element/f.8708B2D2CC30D4BBE252B08E312BB3AA.d.CDC51611BADDAE8BD406ABE7EA8C8CF5.e.5046/click - {}
RESULT: {}
COMMAND: GET /session/d23a2c4143f37d65f3c20c239a4eb09c/screenshot - {}
RESULT: {}
]]></system-out>
    </testcase>
    <testcase classname="chrome.135_0_7049_96.windows.Sanity_Tests_US104253" name="Should open User Maintenance page" time="31.746">
      <system-out><![CDATA[
COMMAND: POST /session/d23a2c4143f37d65f3c20c239a4eb09c/execute/async - {"script":"<script> [1562 bytes]","args":[{"selector":{"controlType":"sap.m.GenericTile","properties":{"header":"User Maintenance"}},"wdio_ui5_key":"sapm.GenericTile{\"header\":\"User Maintenance\"}"}]}
RESULT: {"script":"<script> [1562 bytes]","args":[{"selector":{"controlType":"sap.m.GenericTile","properties":{"header":"User Maintenance"}},"wdio_ui5_key":"sapm.GenericTile{\"header\":\"User Maintenance\"}"}]}
RESULT: undefined
COMMAND: POST /session/d23a2c4143f37d65f3c20c239a4eb09c/element - {"using":"xpath","value":"//*[@id=\"__tile121\"]"}
RESULT: {"using":"xpath","value":"//*[@id=\"__tile121\"]"}
COMMAND: POST /session/d23a2c4143f37d65f3c20c239a4eb09c/element/f.8708B2D2CC30D4BBE252B08E312BB3AA.d.CDC51611BADDAE8BD406ABE7EA8C8CF5.e.5144/click - {}
RESULT: {}
COMMAND: GET /session/d23a2c4143f37d65f3c20c239a4eb09c/screenshot - {}
RESULT: {}
RESULT: undefined
COMMAND: POST /session/d23a2c4143f37d65f3c20c239a4eb09c/element - {"using":"xpath","value":"//*[@id=\"__tile121\"]"}
RESULT: {"using":"xpath","value":"//*[@id=\"__tile121\"]"}
COMMAND: POST /session/d23a2c4143f37d65f3c20c239a4eb09c/element/f.8708B2D2CC30D4BBE252B08E312BB3AA.d.CDC51611BADDAE8BD406ABE7EA8C8CF5.e.5144/click - {}
RESULT: undefined
COMMAND: POST /session/d23a2c4143f37d65f3c20c239a4eb09c/element - {"using":"xpath","value":"//*[@id=\"__tile121\"]"}
RESULT: {"using":"xpath","value":"//*[@id=\"__tile121\"]"}
COMMAND: POST /session/d23a2c4143f37d65f3c20c239a4eb09c/element/f.8708B2D2CC30D4BBE252B08E312BB3AA.d.CDC51611BADDAE8BD406ABE7EA8C8CF5.e.5144/click - {}
RESULT: undefined
COMMAND: POST /session/d23a2c4143f37d65f3c20c239a4eb09c/execute/async - {"script":"<script> [6424 bytes]","args":[{"element-6066-11e4-a52e-4f735466cecf":"f.8708B2D2CC30D4BBE252B08E312BB3AA.d.CDC51611BADDAE8BD406ABE7EA8C8CF5.e.288"},"getTitle",[]]}
COMMAND: POST /session/d23a2c4143f37d65f3c20c239a4eb09c/execute/async - {"script":"<script> [1562 bytes]","args":[{"selector":{"id":"shellAppTitle"},"wdio_ui5_key":"shellAppTitle"}]}
RESULT: {"script":"<script> [1562 bytes]","args":[{"selector":{"id":"shellAppTitle"},"wdio_ui5_key":"shellAppTitle"}]}
COMMAND: POST /session/d23a2c4143f37d65f3c20c239a4eb09c/execute/async - {"script":"<script> [6424 bytes]","args":[{"element-6066-11e4-a52e-4f735466cecf":"f.8708B2D2CC30D4BBE252B08E312BB3AA.d.CDC51611BADDAE8BD406ABE7EA8C8CF5.e.5235"},"getTitle",[]]}
RESULT: {"script":"<script> [6424 bytes]","args":[{"element-6066-11e4-a52e-4f735466cecf":"f.8708B2D2CC30D4BBE252B08E312BB3AA.d.CDC51611BADDAE8BD406ABE7EA8C8CF5.e.5235"},"getTitle",[]]}
RESULT: undefined
COMMAND: POST /session/d23a2c4143f37d65f3c20c239a4eb09c/element/f.8708B2D2CC30D4BBE252B08E312BB3AA.d.CDC51611BADDAE8BD406ABE7EA8C8CF5.e.5046/click - {}
COMMAND: POST /session/d23a2c4143f37d65f3c20c239a4eb09c/element - {"using":"xpath","value":"//*[@id=\"backBtn\"]"}
RESULT: {"using":"xpath","value":"//*[@id=\"backBtn\"]"}
COMMAND: POST /session/d23a2c4143f37d65f3c20c239a4eb09c/element/f.8708B2D2CC30D4BBE252B08E312BB3AA.d.CDC51611BADDAE8BD406ABE7EA8C8CF5.e.5046/click - {}
COMMAND: POST /session/d23a2c4143f37d65f3c20c239a4eb09c/element - {"using":"xpath","value":"//*[@id=\"backBtn\"]"}
RESULT: {"using":"xpath","value":"//*[@id=\"backBtn\"]"}
COMMAND: POST /session/d23a2c4143f37d65f3c20c239a4eb09c/element/f.8708B2D2CC30D4BBE252B08E312BB3AA.d.CDC51611BADDAE8BD406ABE7EA8C8CF5.e.5236/click - {}
RESULT: {}
COMMAND: GET /session/d23a2c4143f37d65f3c20c239a4eb09c/screenshot - {}
RESULT: {}
]]></system-out>
    </testcase>
    <testcase classname="chrome.135_0_7049_96.windows.Sanity_Tests_US104253" name="Should open Schedule Jobs page" time="26.56">
      <system-out><![CDATA[
COMMAND: POST /session/d23a2c4143f37d65f3c20c239a4eb09c/execute/async - {"script":"<script> [1562 bytes]","args":[{"selector":{"controlType":"sap.m.GenericTile","properties":{"header":"Schedule Jobs"}},"wdio_ui5_key":"sapm.GenericTile{\"header\":\"Schedule Jobs\"}"}]}
RESULT: {"script":"<script> [1562 bytes]","args":[{"selector":{"controlType":"sap.m.GenericTile","properties":{"header":"Schedule Jobs"}},"wdio_ui5_key":"sapm.GenericTile{\"header\":\"Schedule Jobs\"}"}]}
RESULT: undefined
COMMAND: POST /session/d23a2c4143f37d65f3c20c239a4eb09c/element - {"using":"xpath","value":"//*[@id=\"__tile127\"]"}
RESULT: {"using":"xpath","value":"//*[@id=\"__tile127\"]"}
COMMAND: POST /session/d23a2c4143f37d65f3c20c239a4eb09c/element/f.8708B2D2CC30D4BBE252B08E312BB3AA.d.CDC51611BADDAE8BD406ABE7EA8C8CF5.e.5240/click - {}
RESULT: {}
COMMAND: GET /session/d23a2c4143f37d65f3c20c239a4eb09c/screenshot - {}
RESULT: {}
RESULT: undefined
COMMAND: POST /session/d23a2c4143f37d65f3c20c239a4eb09c/element - {"using":"xpath","value":"//*[@id=\"__tile127\"]"}
RESULT: {"using":"xpath","value":"//*[@id=\"__tile127\"]"}
COMMAND: POST /session/d23a2c4143f37d65f3c20c239a4eb09c/element/f.8708B2D2CC30D4BBE252B08E312BB3AA.d.CDC51611BADDAE8BD406ABE7EA8C8CF5.e.5240/click - {}
RESULT: undefined
COMMAND: POST /session/d23a2c4143f37d65f3c20c239a4eb09c/element - {"using":"xpath","value":"//*[@id=\"__tile127\"]"}
RESULT: {"using":"xpath","value":"//*[@id=\"__tile127\"]"}
COMMAND: POST /session/d23a2c4143f37d65f3c20c239a4eb09c/element/f.8708B2D2CC30D4BBE252B08E312BB3AA.d.CDC51611BADDAE8BD406ABE7EA8C8CF5.e.5240/click - {}
RESULT: undefined
COMMAND: POST /session/d23a2c4143f37d65f3c20c239a4eb09c/execute/async - {"script":"<script> [6424 bytes]","args":[{"element-6066-11e4-a52e-4f735466cecf":"f.8708B2D2CC30D4BBE252B08E312BB3AA.d.CDC51611BADDAE8BD406ABE7EA8C8CF5.e.288"},"getTitle",[]]}
COMMAND: POST /session/d23a2c4143f37d65f3c20c239a4eb09c/execute/async - {"script":"<script> [1562 bytes]","args":[{"selector":{"id":"shellAppTitle"},"wdio_ui5_key":"shellAppTitle"}]}
RESULT: {"script":"<script> [1562 bytes]","args":[{"selector":{"id":"shellAppTitle"},"wdio_ui5_key":"shellAppTitle"}]}
COMMAND: POST /session/d23a2c4143f37d65f3c20c239a4eb09c/execute/async - {"script":"<script> [6424 bytes]","args":[{"element-6066-11e4-a52e-4f735466cecf":"f.8708B2D2CC30D4BBE252B08E312BB3AA.d.CDC51611BADDAE8BD406ABE7EA8C8CF5.e.5310"},"getTitle",[]]}
RESULT: {"script":"<script> [6424 bytes]","args":[{"element-6066-11e4-a52e-4f735466cecf":"f.8708B2D2CC30D4BBE252B08E312BB3AA.d.CDC51611BADDAE8BD406ABE7EA8C8CF5.e.5310"},"getTitle",[]]}
RESULT: undefined
COMMAND: POST /session/d23a2c4143f37d65f3c20c239a4eb09c/element/f.8708B2D2CC30D4BBE252B08E312BB3AA.d.CDC51611BADDAE8BD406ABE7EA8C8CF5.e.5236/click - {}
COMMAND: POST /session/d23a2c4143f37d65f3c20c239a4eb09c/element/f.8708B2D2CC30D4BBE252B08E312BB3AA.d.CDC51611BADDAE8BD406ABE7EA8C8CF5.e.5236/click - {}
RESULT: {}
COMMAND: GET /session/d23a2c4143f37d65f3c20c239a4eb09c/screenshot - {}
COMMAND: POST /session/d23a2c4143f37d65f3c20c239a4eb09c/element - {"using":"xpath","value":"//*[@id=\"backBtn\"]"}
RESULT: {}
RESULT: {"using":"xpath","value":"//*[@id=\"backBtn\"]"}
COMMAND: POST /session/d23a2c4143f37d65f3c20c239a4eb09c/elements - {"using":"xpath","value":"//*[@id=\"backBtn\"]"}
RESULT: {"using":"xpath","value":"//*[@id=\"backBtn\"]"}
COMMAND: POST /session/d23a2c4143f37d65f3c20c239a4eb09c/elements - {"using":"xpath","value":"//*[@id=\"backBtn\"]"}
RESULT: {"using":"xpath","value":"//*[@id=\"backBtn\"]"}
COMMAND: POST /session/d23a2c4143f37d65f3c20c239a4eb09c/elements - {"using":"xpath","value":"//*[@id=\"backBtn\"]"}
RESULT: {"using":"xpath","value":"//*[@id=\"backBtn\"]"}
COMMAND: POST /session/d23a2c4143f37d65f3c20c239a4eb09c/elements - {"using":"xpath","value":"//*[@id=\"backBtn\"]"}
RESULT: {"using":"xpath","value":"//*[@id=\"backBtn\"]"}
COMMAND: POST /session/d23a2c4143f37d65f3c20c239a4eb09c/elements - {"using":"xpath","value":"//*[@id=\"backBtn\"]"}
RESULT: {"using":"xpath","value":"//*[@id=\"backBtn\"]"}
COMMAND: POST /session/d23a2c4143f37d65f3c20c239a4eb09c/elements - {"using":"xpath","value":"//*[@id=\"backBtn\"]"}
RESULT: {"using":"xpath","value":"//*[@id=\"backBtn\"]"}
COMMAND: POST /session/d23a2c4143f37d65f3c20c239a4eb09c/elements - {"using":"xpath","value":"//*[@id=\"backBtn\"]"}
RESULT: {"using":"xpath","value":"//*[@id=\"backBtn\"]"}
COMMAND: POST /session/d23a2c4143f37d65f3c20c239a4eb09c/elements - {"using":"xpath","value":"//*[@id=\"backBtn\"]"}
RESULT: {"using":"xpath","value":"//*[@id=\"backBtn\"]"}
COMMAND: POST /session/d23a2c4143f37d65f3c20c239a4eb09c/elements - {"using":"xpath","value":"//*[@id=\"backBtn\"]"}
RESULT: {"using":"xpath","value":"//*[@id=\"backBtn\"]"}
COMMAND: POST /session/d23a2c4143f37d65f3c20c239a4eb09c/elements - {"using":"xpath","value":"//*[@id=\"backBtn\"]"}
RESULT: {"using":"xpath","value":"//*[@id=\"backBtn\"]"}
COMMAND: POST /session/d23a2c4143f37d65f3c20c239a4eb09c/elements - {"using":"xpath","value":"//*[@id=\"backBtn\"]"}
RESULT: {"using":"xpath","value":"//*[@id=\"backBtn\"]"}
COMMAND: POST /session/d23a2c4143f37d65f3c20c239a4eb09c/elements - {"using":"xpath","value":"//*[@id=\"backBtn\"]"}
RESULT: {"using":"xpath","value":"//*[@id=\"backBtn\"]"}
COMMAND: POST /session/d23a2c4143f37d65f3c20c239a4eb09c/elements - {"using":"xpath","value":"//*[@id=\"backBtn\"]"}
RESULT: {"using":"xpath","value":"//*[@id=\"backBtn\"]"}
COMMAND: POST /session/d23a2c4143f37d65f3c20c239a4eb09c/elements - {"using":"xpath","value":"//*[@id=\"backBtn\"]"}
RESULT: {"using":"xpath","value":"//*[@id=\"backBtn\"]"}
COMMAND: POST /session/d23a2c4143f37d65f3c20c239a4eb09c/elements - {"using":"xpath","value":"//*[@id=\"backBtn\"]"}
RESULT: {"using":"xpath","value":"//*[@id=\"backBtn\"]"}
COMMAND: POST /session/d23a2c4143f37d65f3c20c239a4eb09c/elements - {"using":"xpath","value":"//*[@id=\"backBtn\"]"}
RESULT: {"using":"xpath","value":"//*[@id=\"backBtn\"]"}
COMMAND: POST /session/d23a2c4143f37d65f3c20c239a4eb09c/elements - {"using":"xpath","value":"//*[@id=\"backBtn\"]"}
RESULT: {"using":"xpath","value":"//*[@id=\"backBtn\"]"}
COMMAND: POST /session/d23a2c4143f37d65f3c20c239a4eb09c/elements - {"using":"xpath","value":"//*[@id=\"backBtn\"]"}
RESULT: {"using":"xpath","value":"//*[@id=\"backBtn\"]"}
COMMAND: POST /session/d23a2c4143f37d65f3c20c239a4eb09c/elements - {"using":"xpath","value":"//*[@id=\"backBtn\"]"}
RESULT: {"using":"xpath","value":"//*[@id=\"backBtn\"]"}
COMMAND: POST /session/d23a2c4143f37d65f3c20c239a4eb09c/elements - {"using":"xpath","value":"//*[@id=\"backBtn\"]"}
]]></system-out>
    </testcase>
    <testcase classname="chrome.135_0_7049_96.windows.Sanity_Tests_US104253" name="Should open Jobs Setup page" time="25.854">
      <system-out><![CDATA[
COMMAND: POST /session/d23a2c4143f37d65f3c20c239a4eb09c/execute/async - {"script":"<script> [1562 bytes]","args":[{"selector":{"controlType":"sap.m.GenericTile","properties":{"header":"Jobs Setup"}},"wdio_ui5_key":"sapm.GenericTile{\"header\":\"Jobs Setup\"}"}]}
RESULT: {"using":"xpath","value":"//*[@id=\"backBtn\"]"}
COMMAND: POST /session/d23a2c4143f37d65f3c20c239a4eb09c/elements - {"using":"xpath","value":"//*[@id=\"backBtn\"]"}
RESULT: {"script":"<script> [1562 bytes]","args":[{"selector":{"controlType":"sap.m.GenericTile","properties":{"header":"Jobs Setup"}},"wdio_ui5_key":"sapm.GenericTile{\"header\":\"Jobs Setup\"}"}]}
RESULT: undefined
COMMAND: POST /session/d23a2c4143f37d65f3c20c239a4eb09c/element - {"using":"xpath","value":"//*[@id=\"__tile128\"]"}
RESULT: {"using":"xpath","value":"//*[@id=\"backBtn\"]"}
RESULT: {"using":"xpath","value":"//*[@id=\"__tile128\"]"}
COMMAND: POST /session/d23a2c4143f37d65f3c20c239a4eb09c/element/f.8708B2D2CC30D4BBE252B08E312BB3AA.d.CDC51611BADDAE8BD406ABE7EA8C8CF5.e.5312/click - {}
RESULT: {}
COMMAND: GET /session/d23a2c4143f37d65f3c20c239a4eb09c/screenshot - {}
COMMAND: POST /session/d23a2c4143f37d65f3c20c239a4eb09c/elements - {"using":"xpath","value":"//*[@id=\"backBtn\"]"}
RESULT: {}
RESULT: {"using":"xpath","value":"//*[@id=\"backBtn\"]"}
COMMAND: POST /session/d23a2c4143f37d65f3c20c239a4eb09c/elements - {"using":"xpath","value":"//*[@id=\"backBtn\"]"}
RESULT: {"using":"xpath","value":"//*[@id=\"backBtn\"]"}
COMMAND: POST /session/d23a2c4143f37d65f3c20c239a4eb09c/element - {"using":"xpath","value":"//*[@id=\"backBtn\"]"}
RESULT: {"using":"xpath","value":"//*[@id=\"backBtn\"]"}
COMMAND: POST /session/d23a2c4143f37d65f3c20c239a4eb09c/element/f.8708B2D2CC30D4BBE252B08E312BB3AA.d.CDC51611BADDAE8BD406ABE7EA8C8CF5.e.5236/click - {}
COMMAND: POST /session/d23a2c4143f37d65f3c20c239a4eb09c/element - {"using":"xpath","value":"//*[@id=\"backBtn\"]"}
RESULT: {"using":"xpath","value":"//*[@id=\"backBtn\"]"}
COMMAND: POST /session/d23a2c4143f37d65f3c20c239a4eb09c/element/f.8708B2D2CC30D4BBE252B08E312BB3AA.d.CDC51611BADDAE8BD406ABE7EA8C8CF5.e.5367/click - {}
RESULT: {}
COMMAND: GET /session/d23a2c4143f37d65f3c20c239a4eb09c/screenshot - {}
RESULT: {}
RESULT: undefined
COMMAND: POST /session/d23a2c4143f37d65f3c20c239a4eb09c/element - {"using":"xpath","value":"//*[@id=\"__tile128\"]"}
RESULT: {"using":"xpath","value":"//*[@id=\"__tile128\"]"}
COMMAND: POST /session/d23a2c4143f37d65f3c20c239a4eb09c/element/f.8708B2D2CC30D4BBE252B08E312BB3AA.d.CDC51611BADDAE8BD406ABE7EA8C8CF5.e.5312/click - {}
RESULT: undefined
COMMAND: POST /session/d23a2c4143f37d65f3c20c239a4eb09c/element - {"using":"xpath","value":"//*[@id=\"__tile128\"]"}
RESULT: {"using":"xpath","value":"//*[@id=\"__tile128\"]"}
COMMAND: POST /session/d23a2c4143f37d65f3c20c239a4eb09c/element/f.8708B2D2CC30D4BBE252B08E312BB3AA.d.CDC51611BADDAE8BD406ABE7EA8C8CF5.e.5312/click - {}
RESULT: undefined
COMMAND: POST /session/d23a2c4143f37d65f3c20c239a4eb09c/execute/async - {"script":"<script> [6424 bytes]","args":[{"element-6066-11e4-a52e-4f735466cecf":"f.8708B2D2CC30D4BBE252B08E312BB3AA.d.CDC51611BADDAE8BD406ABE7EA8C8CF5.e.288"},"getTitle",[]]}
COMMAND: POST /session/d23a2c4143f37d65f3c20c239a4eb09c/execute/async - {"script":"<script> [1562 bytes]","args":[{"selector":{"id":"shellAppTitle"},"wdio_ui5_key":"shellAppTitle"}]}
RESULT: {"script":"<script> [1562 bytes]","args":[{"selector":{"id":"shellAppTitle"},"wdio_ui5_key":"shellAppTitle"}]}
COMMAND: POST /session/d23a2c4143f37d65f3c20c239a4eb09c/execute/async - {"script":"<script> [6424 bytes]","args":[{"element-6066-11e4-a52e-4f735466cecf":"f.8708B2D2CC30D4BBE252B08E312BB3AA.d.CDC51611BADDAE8BD406ABE7EA8C8CF5.e.5400"},"getTitle",[]]}
RESULT: {"script":"<script> [6424 bytes]","args":[{"element-6066-11e4-a52e-4f735466cecf":"f.8708B2D2CC30D4BBE252B08E312BB3AA.d.CDC51611BADDAE8BD406ABE7EA8C8CF5.e.5400"},"getTitle",[]]}
RESULT: undefined
COMMAND: POST /session/d23a2c4143f37d65f3c20c239a4eb09c/element/f.8708B2D2CC30D4BBE252B08E312BB3AA.d.CDC51611BADDAE8BD406ABE7EA8C8CF5.e.5367/click - {}
COMMAND: POST /session/d23a2c4143f37d65f3c20c239a4eb09c/element/f.8708B2D2CC30D4BBE252B08E312BB3AA.d.CDC51611BADDAE8BD406ABE7EA8C8CF5.e.5367/click - {}
RESULT: {}
COMMAND: GET /session/d23a2c4143f37d65f3c20c239a4eb09c/screenshot - {}
RESULT: {}
COMMAND: GET /session/d23a2c4143f37d65f3c20c239a4eb09c/screenshot - {}
RESULT: {}
RESULT: {}
]]></system-out>
    </testcase>
    <testcase classname="chrome.135_0_7049_96.windows.Sanity_Tests_US104253" name="Should open Target Systems Configuration page" time="27.041">
      <system-out><![CDATA[
COMMAND: POST /session/d23a2c4143f37d65f3c20c239a4eb09c/execute/async - {"script":"<script> [1562 bytes]","args":[{"selector":{"controlType":"sap.m.GenericTile","properties":{"header":"Target Systems Configuration"}},"wdio_ui5_key":"sapm.GenericTile{\"header\":\"Target Systems Configuration\"}"}]}
RESULT: {"script":"<script> [1562 bytes]","args":[{"selector":{"controlType":"sap.m.GenericTile","properties":{"header":"Target Systems Configuration"}},"wdio_ui5_key":"sapm.GenericTile{\"header\":\"Target Systems Configuration\"}"}]}
RESULT: undefined
COMMAND: POST /session/d23a2c4143f37d65f3c20c239a4eb09c/element - {"using":"xpath","value":"//*[@id=\"__tile129\"]"}
RESULT: {"using":"xpath","value":"//*[@id=\"__tile129\"]"}
COMMAND: POST /session/d23a2c4143f37d65f3c20c239a4eb09c/element/f.8708B2D2CC30D4BBE252B08E312BB3AA.d.CDC51611BADDAE8BD406ABE7EA8C8CF5.e.5402/click - {}
RESULT: {}
COMMAND: GET /session/d23a2c4143f37d65f3c20c239a4eb09c/screenshot - {}
RESULT: {}
RESULT: undefined
COMMAND: POST /session/d23a2c4143f37d65f3c20c239a4eb09c/element - {"using":"xpath","value":"//*[@id=\"__tile129\"]"}
RESULT: {"using":"xpath","value":"//*[@id=\"__tile129\"]"}
COMMAND: POST /session/d23a2c4143f37d65f3c20c239a4eb09c/element/f.8708B2D2CC30D4BBE252B08E312BB3AA.d.CDC51611BADDAE8BD406ABE7EA8C8CF5.e.5402/click - {}
RESULT: undefined
COMMAND: POST /session/d23a2c4143f37d65f3c20c239a4eb09c/element - {"using":"xpath","value":"//*[@id=\"__tile129\"]"}
RESULT: {"using":"xpath","value":"//*[@id=\"__tile129\"]"}
COMMAND: POST /session/d23a2c4143f37d65f3c20c239a4eb09c/element/f.8708B2D2CC30D4BBE252B08E312BB3AA.d.CDC51611BADDAE8BD406ABE7EA8C8CF5.e.5402/click - {}
RESULT: undefined
COMMAND: POST /session/d23a2c4143f37d65f3c20c239a4eb09c/execute/async - {"script":"<script> [6424 bytes]","args":[{"element-6066-11e4-a52e-4f735466cecf":"f.8708B2D2CC30D4BBE252B08E312BB3AA.d.CDC51611BADDAE8BD406ABE7EA8C8CF5.e.288"},"getTitle",[]]}
COMMAND: POST /session/d23a2c4143f37d65f3c20c239a4eb09c/execute/async - {"script":"<script> [1562 bytes]","args":[{"selector":{"id":"shellAppTitle"},"wdio_ui5_key":"shellAppTitle"}]}
RESULT: {"script":"<script> [1562 bytes]","args":[{"selector":{"id":"shellAppTitle"},"wdio_ui5_key":"shellAppTitle"}]}
COMMAND: POST /session/d23a2c4143f37d65f3c20c239a4eb09c/execute/async - {"script":"<script> [6424 bytes]","args":[{"element-6066-11e4-a52e-4f735466cecf":"f.8708B2D2CC30D4BBE252B08E312BB3AA.d.CDC51611BADDAE8BD406ABE7EA8C8CF5.e.5478"},"getTitle",[]]}
RESULT: {"script":"<script> [6424 bytes]","args":[{"element-6066-11e4-a52e-4f735466cecf":"f.8708B2D2CC30D4BBE252B08E312BB3AA.d.CDC51611BADDAE8BD406ABE7EA8C8CF5.e.5478"},"getTitle",[]]}
RESULT: undefined
COMMAND: POST /session/d23a2c4143f37d65f3c20c239a4eb09c/element/f.8708B2D2CC30D4BBE252B08E312BB3AA.d.CDC51611BADDAE8BD406ABE7EA8C8CF5.e.5367/click - {}
COMMAND: POST /session/d23a2c4143f37d65f3c20c239a4eb09c/element/f.8708B2D2CC30D4BBE252B08E312BB3AA.d.CDC51611BADDAE8BD406ABE7EA8C8CF5.e.5367/click - {}
RESULT: {}
COMMAND: GET /session/d23a2c4143f37d65f3c20c239a4eb09c/screenshot - {}
COMMAND: POST /session/d23a2c4143f37d65f3c20c239a4eb09c/element - {"using":"xpath","value":"//*[@id=\"backBtn\"]"}
RESULT: {}
RESULT: {"using":"xpath","value":"//*[@id=\"backBtn\"]"}
COMMAND: POST /session/d23a2c4143f37d65f3c20c239a4eb09c/elements - {"using":"xpath","value":"//*[@id=\"backBtn\"]"}
RESULT: {"using":"xpath","value":"//*[@id=\"backBtn\"]"}
COMMAND: POST /session/d23a2c4143f37d65f3c20c239a4eb09c/elements - {"using":"xpath","value":"//*[@id=\"backBtn\"]"}
RESULT: {"using":"xpath","value":"//*[@id=\"backBtn\"]"}
COMMAND: POST /session/d23a2c4143f37d65f3c20c239a4eb09c/elements - {"using":"xpath","value":"//*[@id=\"backBtn\"]"}
RESULT: {"using":"xpath","value":"//*[@id=\"backBtn\"]"}
COMMAND: POST /session/d23a2c4143f37d65f3c20c239a4eb09c/elements - {"using":"xpath","value":"//*[@id=\"backBtn\"]"}
RESULT: {"using":"xpath","value":"//*[@id=\"backBtn\"]"}
COMMAND: POST /session/d23a2c4143f37d65f3c20c239a4eb09c/elements - {"using":"xpath","value":"//*[@id=\"backBtn\"]"}
RESULT: {"using":"xpath","value":"//*[@id=\"backBtn\"]"}
COMMAND: POST /session/d23a2c4143f37d65f3c20c239a4eb09c/elements - {"using":"xpath","value":"//*[@id=\"backBtn\"]"}
RESULT: {"using":"xpath","value":"//*[@id=\"backBtn\"]"}
COMMAND: POST /session/d23a2c4143f37d65f3c20c239a4eb09c/elements - {"using":"xpath","value":"//*[@id=\"backBtn\"]"}
RESULT: {"using":"xpath","value":"//*[@id=\"backBtn\"]"}
COMMAND: POST /session/d23a2c4143f37d65f3c20c239a4eb09c/elements - {"using":"xpath","value":"//*[@id=\"backBtn\"]"}
RESULT: {"using":"xpath","value":"//*[@id=\"backBtn\"]"}
COMMAND: POST /session/d23a2c4143f37d65f3c20c239a4eb09c/elements - {"using":"xpath","value":"//*[@id=\"backBtn\"]"}
RESULT: {"using":"xpath","value":"//*[@id=\"backBtn\"]"}
COMMAND: POST /session/d23a2c4143f37d65f3c20c239a4eb09c/elements - {"using":"xpath","value":"//*[@id=\"backBtn\"]"}
RESULT: {"using":"xpath","value":"//*[@id=\"backBtn\"]"}
COMMAND: POST /session/d23a2c4143f37d65f3c20c239a4eb09c/elements - {"using":"xpath","value":"//*[@id=\"backBtn\"]"}
RESULT: {"using":"xpath","value":"//*[@id=\"backBtn\"]"}
COMMAND: POST /session/d23a2c4143f37d65f3c20c239a4eb09c/elements - {"using":"xpath","value":"//*[@id=\"backBtn\"]"}
RESULT: {"using":"xpath","value":"//*[@id=\"backBtn\"]"}
COMMAND: POST /session/d23a2c4143f37d65f3c20c239a4eb09c/elements - {"using":"xpath","value":"//*[@id=\"backBtn\"]"}
RESULT: {"using":"xpath","value":"//*[@id=\"backBtn\"]"}
COMMAND: POST /session/d23a2c4143f37d65f3c20c239a4eb09c/elements - {"using":"xpath","value":"//*[@id=\"backBtn\"]"}
RESULT: {"using":"xpath","value":"//*[@id=\"backBtn\"]"}
COMMAND: POST /session/d23a2c4143f37d65f3c20c239a4eb09c/elements - {"using":"xpath","value":"//*[@id=\"backBtn\"]"}
RESULT: {"using":"xpath","value":"//*[@id=\"backBtn\"]"}
COMMAND: POST /session/d23a2c4143f37d65f3c20c239a4eb09c/elements - {"using":"xpath","value":"//*[@id=\"backBtn\"]"}
RESULT: {"using":"xpath","value":"//*[@id=\"backBtn\"]"}
COMMAND: POST /session/d23a2c4143f37d65f3c20c239a4eb09c/elements - {"using":"xpath","value":"//*[@id=\"backBtn\"]"}
RESULT: {"using":"xpath","value":"//*[@id=\"backBtn\"]"}
COMMAND: POST /session/d23a2c4143f37d65f3c20c239a4eb09c/elements - {"using":"xpath","value":"//*[@id=\"backBtn\"]"}
RESULT: {"using":"xpath","value":"//*[@id=\"backBtn\"]"}
COMMAND: POST /session/d23a2c4143f37d65f3c20c239a4eb09c/elements - {"using":"xpath","value":"//*[@id=\"backBtn\"]"}
RESULT: {"using":"xpath","value":"//*[@id=\"backBtn\"]"}
COMMAND: POST /session/d23a2c4143f37d65f3c20c239a4eb09c/elements - {"using":"xpath","value":"//*[@id=\"backBtn\"]"}
RESULT: {"using":"xpath","value":"//*[@id=\"backBtn\"]"}
COMMAND: POST /session/d23a2c4143f37d65f3c20c239a4eb09c/elements - {"using":"xpath","value":"//*[@id=\"backBtn\"]"}
RESULT: {"using":"xpath","value":"//*[@id=\"backBtn\"]"}
COMMAND: POST /session/d23a2c4143f37d65f3c20c239a4eb09c/elements - {"using":"xpath","value":"//*[@id=\"backBtn\"]"}
RESULT: {"using":"xpath","value":"//*[@id=\"backBtn\"]"}
COMMAND: POST /session/d23a2c4143f37d65f3c20c239a4eb09c/elements - {"using":"xpath","value":"//*[@id=\"backBtn\"]"}
RESULT: {"using":"xpath","value":"//*[@id=\"backBtn\"]"}
COMMAND: POST /session/d23a2c4143f37d65f3c20c239a4eb09c/elements - {"using":"xpath","value":"//*[@id=\"backBtn\"]"}
RESULT: {"using":"xpath","value":"//*[@id=\"backBtn\"]"}
COMMAND: POST /session/d23a2c4143f37d65f3c20c239a4eb09c/elements - {"using":"xpath","value":"//*[@id=\"backBtn\"]"}
RESULT: {"using":"xpath","value":"//*[@id=\"backBtn\"]"}
COMMAND: POST /session/d23a2c4143f37d65f3c20c239a4eb09c/elements - {"using":"xpath","value":"//*[@id=\"backBtn\"]"}
RESULT: {"using":"xpath","value":"//*[@id=\"backBtn\"]"}
COMMAND: POST /session/d23a2c4143f37d65f3c20c239a4eb09c/elements - {"using":"xpath","value":"//*[@id=\"backBtn\"]"}
RESULT: {"using":"xpath","value":"//*[@id=\"backBtn\"]"}
COMMAND: POST /session/d23a2c4143f37d65f3c20c239a4eb09c/elements - {"using":"xpath","value":"//*[@id=\"backBtn\"]"}
RESULT: {"using":"xpath","value":"//*[@id=\"backBtn\"]"}
COMMAND: POST /session/d23a2c4143f37d65f3c20c239a4eb09c/elements - {"using":"xpath","value":"//*[@id=\"backBtn\"]"}
RESULT: {"using":"xpath","value":"//*[@id=\"backBtn\"]"}
COMMAND: POST /session/d23a2c4143f37d65f3c20c239a4eb09c/elements - {"using":"xpath","value":"//*[@id=\"backBtn\"]"}
RESULT: {"using":"xpath","value":"//*[@id=\"backBtn\"]"}
COMMAND: POST /session/d23a2c4143f37d65f3c20c239a4eb09c/elements - {"using":"xpath","value":"//*[@id=\"backBtn\"]"}
RESULT: {"using":"xpath","value":"//*[@id=\"backBtn\"]"}
COMMAND: POST /session/d23a2c4143f37d65f3c20c239a4eb09c/elements - {"using":"xpath","value":"//*[@id=\"backBtn\"]"}
RESULT: {"using":"xpath","value":"//*[@id=\"backBtn\"]"}
COMMAND: POST /session/d23a2c4143f37d65f3c20c239a4eb09c/elements - {"using":"xpath","value":"//*[@id=\"backBtn\"]"}
RESULT: {"using":"xpath","value":"//*[@id=\"backBtn\"]"}
COMMAND: POST /session/d23a2c4143f37d65f3c20c239a4eb09c/elements - {"using":"xpath","value":"//*[@id=\"backBtn\"]"}
RESULT: {"using":"xpath","value":"//*[@id=\"backBtn\"]"}
COMMAND: POST /session/d23a2c4143f37d65f3c20c239a4eb09c/elements - {"using":"xpath","value":"//*[@id=\"backBtn\"]"}
RESULT: {"using":"xpath","value":"//*[@id=\"backBtn\"]"}
COMMAND: POST /session/d23a2c4143f37d65f3c20c239a4eb09c/elements - {"using":"xpath","value":"//*[@id=\"backBtn\"]"}
RESULT: {"using":"xpath","value":"//*[@id=\"backBtn\"]"}
COMMAND: POST /session/d23a2c4143f37d65f3c20c239a4eb09c/elements - {"using":"xpath","value":"//*[@id=\"backBtn\"]"}
RESULT: {"using":"xpath","value":"//*[@id=\"backBtn\"]"}
COMMAND: POST /session/d23a2c4143f37d65f3c20c239a4eb09c/elements - {"using":"xpath","value":"//*[@id=\"backBtn\"]"}
RESULT: {"using":"xpath","value":"//*[@id=\"backBtn\"]"}
COMMAND: POST /session/d23a2c4143f37d65f3c20c239a4eb09c/elements - {"using":"xpath","value":"//*[@id=\"backBtn\"]"}
RESULT: {"using":"xpath","value":"//*[@id=\"backBtn\"]"}
COMMAND: POST /session/d23a2c4143f37d65f3c20c239a4eb09c/elements - {"using":"xpath","value":"//*[@id=\"backBtn\"]"}
RESULT: {"using":"xpath","value":"//*[@id=\"backBtn\"]"}
COMMAND: DELETE /session/d23a2c4143f37d65f3c20c239a4eb09c - {}
RESULT: {}
]]></system-out>
    </testcase>
  </testsuite>
</testsuites>