<?xml version="1.0" encoding="UTF-8"?>
<testsuites tests="17" failures="1" errors="1" skipped="2">
  <testsuite timestamp="2025-05-14T06:00:40" time="1734.069" tests="13" failures="1" errors="1" skipped="2">
    <properties>
      <property name="specId" value="0" />
      <property name="suiteName" value="Partner specific tests US150819 US151080 US151654 US151176 US103444 US151078 US151079 US151109 US151174 US151175 US151189" />
      <property name="capabilities" value="chrome.136_0_7103_49.windows" />
      <property name="file" value="file:///D:/a/1/s/test/specs/BTS/manage-partners.spec.js" />
    </properties>
    <testcase classname="chrome.136_0_7103_49.windows.Partner_specific_tests_US150819_US151080_US151654_US151176_US103444_US151078_US151079_US151109_US151174_US151175_US151189" name="Should create a new yard prerequisite" time="130.587">
      <system-out><![CDATA[
COMMAND: POST /session/6f873cfbd9220f733b1c899e801fac9f/window/fullscreen - {}
RESULT: {}
COMMAND: POST /session/6f873cfbd9220f733b1c899e801fac9f/element - {"using":"xpath","value":"//li[.//span[text()=\"Manage Partners\"]]"}
RESULT: {"using":"xpath","value":"//li[.//span[text()=\"Manage Partners\"]]"}
COMMAND: POST /session/6f873cfbd9220f733b1c899e801fac9f/element - {"using":"xpath","value":"//li[.//span[text()=\"Manage Partners\"]]"}
RESULT: {"using":"xpath","value":"//li[.//span[text()=\"Manage Partners\"]]"}
COMMAND: POST /session/6f873cfbd9220f733b1c899e801fac9f/element - {"using":"css selector","value":"#shell-header-logo"}
RESULT: {"using":"css selector","value":"#shell-header-logo"}
COMMAND: POST /session/6f873cfbd9220f733b1c899e801fac9f/element/f.0D8D1E8C4444AAF4F6CCCAD0803F9B10.d.409AA871949AA30FA92D309F513E85DC.e.256/click - {}
COMMAND: POST /session/6f873cfbd9220f733b1c899e801fac9f/execute/sync - {"script":"<script> [8489 bytes]","args":[{"element-6066-11e4-a52e-4f735466cecf":"f.0D8D1E8C4444AAF4F6CCCAD0803F9B10.d.409AA871949AA30FA92D309F513E85DC.e.256","ELEMENT":"f.0D8D1E8C4444AAF4F6CCCAD0803F9B10.d.409AA871949AA30FA92D309F513E85DC.e.256"}]}
RESULT: {"script":"<script> [8489 bytes]","args":[{"element-6066-11e4-a52e-4f735466cecf":"f.0D8D1E8C4444AAF4F6CCCAD0803F9B10.d.409AA871949AA30FA92D309F513E85DC.e.256","ELEMENT":"f.0D8D1E8C4444AAF4F6CCCAD0803F9B10.d.409AA871949AA30FA92D309F513E85DC.e.256"}]}
COMMAND: POST /session/6f873cfbd9220f733b1c899e801fac9f/execute/sync - {"script":"<script> [5351 bytes]","args":[{"element-6066-11e4-a52e-4f735466cecf":"f.0D8D1E8C4444AAF4F6CCCAD0803F9B10.d.409AA871949AA30FA92D309F513E85DC.e.256","ELEMENT":"f.0D8D1E8C4444AAF4F6CCCAD0803F9B10.d.409AA871949AA30FA92D309F513E85DC.e.256"}]}
COMMAND: GET /session/6f873cfbd9220f733b1c899e801fac9f/screenshot - {}
RESULT: {}
COMMAND: GET /session/6f873cfbd9220f733b1c899e801fac9f/screenshot - {}
RESULT: {"script":"<script> [5351 bytes]","args":[{"element-6066-11e4-a52e-4f735466cecf":"f.0D8D1E8C4444AAF4F6CCCAD0803F9B10.d.409AA871949AA30FA92D309F513E85DC.e.256","ELEMENT":"f.0D8D1E8C4444AAF4F6CCCAD0803F9B10.d.409AA871949AA30FA92D309F513E85DC.e.256"}]}
COMMAND: GET /session/6f873cfbd9220f733b1c899e801fac9f/screenshot - {}
RESULT: {}
RESULT: {}
RESULT: {}
COMMAND: POST /session/6f873cfbd9220f733b1c899e801fac9f/execute/async - {"script":"<script> [1562 bytes]","args":[{"selector":{"controlType":"sap.m.GenericTile","properties":{"header":"Manage Yards"}},"wdio_ui5_key":"sapm.GenericTile{\"header\":\"Manage Yards\"}"}]}
RESULT: {"script":"<script> [1562 bytes]","args":[{"selector":{"controlType":"sap.m.GenericTile","properties":{"header":"Manage Yards"}},"wdio_ui5_key":"sapm.GenericTile{\"header\":\"Manage Yards\"}"}]}
RESULT: undefined
COMMAND: POST /session/6f873cfbd9220f733b1c899e801fac9f/element - {"using":"xpath","value":"//*[@id=\"__tile41\"]"}
RESULT: {"using":"xpath","value":"//*[@id=\"__tile41\"]"}
COMMAND: POST /session/6f873cfbd9220f733b1c899e801fac9f/element/f.0D8D1E8C4444AAF4F6CCCAD0803F9B10.d.409AA871949AA30FA92D309F513E85DC.e.156/click - {}
RESULT: {}
COMMAND: POST /session/6f873cfbd9220f733b1c899e801fac9f/element - {"using":"xpath","value":"//button[@data-kt=\"addNewYardOverflowToolbarButton\"]"}
COMMAND: GET /session/6f873cfbd9220f733b1c899e801fac9f/screenshot - {}
RESULT: {"using":"xpath","value":"//button[@data-kt=\"addNewYardOverflowToolbarButton\"]"}
COMMAND: POST /session/6f873cfbd9220f733b1c899e801fac9f/elements - {"using":"xpath","value":"//button[@data-kt=\"addNewYardOverflowToolbarButton\"]"}
RESULT: {}
RESULT: {"using":"xpath","value":"//button[@data-kt=\"addNewYardOverflowToolbarButton\"]"}
COMMAND: POST /session/6f873cfbd9220f733b1c899e801fac9f/elements - {"using":"xpath","value":"//button[@data-kt=\"addNewYardOverflowToolbarButton\"]"}
RESULT: {"using":"xpath","value":"//button[@data-kt=\"addNewYardOverflowToolbarButton\"]"}
COMMAND: POST /session/6f873cfbd9220f733b1c899e801fac9f/elements - {"using":"xpath","value":"//button[@data-kt=\"addNewYardOverflowToolbarButton\"]"}
RESULT: {"using":"xpath","value":"//button[@data-kt=\"addNewYardOverflowToolbarButton\"]"}
COMMAND: POST /session/6f873cfbd9220f733b1c899e801fac9f/elements - {"using":"xpath","value":"//button[@data-kt=\"addNewYardOverflowToolbarButton\"]"}
RESULT: {"using":"xpath","value":"//button[@data-kt=\"addNewYardOverflowToolbarButton\"]"}
COMMAND: POST /session/6f873cfbd9220f733b1c899e801fac9f/elements - {"using":"xpath","value":"//button[@data-kt=\"addNewYardOverflowToolbarButton\"]"}
RESULT: {"using":"xpath","value":"//button[@data-kt=\"addNewYardOverflowToolbarButton\"]"}
COMMAND: POST /session/6f873cfbd9220f733b1c899e801fac9f/elements - {"using":"xpath","value":"//button[@data-kt=\"addNewYardOverflowToolbarButton\"]"}
RESULT: {"using":"xpath","value":"//button[@data-kt=\"addNewYardOverflowToolbarButton\"]"}
COMMAND: POST /session/6f873cfbd9220f733b1c899e801fac9f/elements - {"using":"xpath","value":"//button[@data-kt=\"addNewYardOverflowToolbarButton\"]"}
RESULT: {"using":"xpath","value":"//button[@data-kt=\"addNewYardOverflowToolbarButton\"]"}
COMMAND: POST /session/6f873cfbd9220f733b1c899e801fac9f/elements - {"using":"xpath","value":"//button[@data-kt=\"addNewYardOverflowToolbarButton\"]"}
RESULT: {"using":"xpath","value":"//button[@data-kt=\"addNewYardOverflowToolbarButton\"]"}
COMMAND: POST /session/6f873cfbd9220f733b1c899e801fac9f/elements - {"using":"xpath","value":"//button[@data-kt=\"addNewYardOverflowToolbarButton\"]"}
RESULT: {"using":"xpath","value":"//button[@data-kt=\"addNewYardOverflowToolbarButton\"]"}
COMMAND: POST /session/6f873cfbd9220f733b1c899e801fac9f/elements - {"using":"xpath","value":"//button[@data-kt=\"addNewYardOverflowToolbarButton\"]"}
RESULT: {"using":"xpath","value":"//button[@data-kt=\"addNewYardOverflowToolbarButton\"]"}
COMMAND: POST /session/6f873cfbd9220f733b1c899e801fac9f/elements - {"using":"xpath","value":"//button[@data-kt=\"addNewYardOverflowToolbarButton\"]"}
RESULT: {"using":"xpath","value":"//button[@data-kt=\"addNewYardOverflowToolbarButton\"]"}
COMMAND: POST /session/6f873cfbd9220f733b1c899e801fac9f/elements - {"using":"xpath","value":"//button[@data-kt=\"addNewYardOverflowToolbarButton\"]"}
RESULT: {"using":"xpath","value":"//button[@data-kt=\"addNewYardOverflowToolbarButton\"]"}
COMMAND: POST /session/6f873cfbd9220f733b1c899e801fac9f/elements - {"using":"xpath","value":"//button[@data-kt=\"addNewYardOverflowToolbarButton\"]"}
RESULT: {"using":"xpath","value":"//button[@data-kt=\"addNewYardOverflowToolbarButton\"]"}
COMMAND: POST /session/6f873cfbd9220f733b1c899e801fac9f/elements - {"using":"xpath","value":"//button[@data-kt=\"addNewYardOverflowToolbarButton\"]"}
RESULT: {"using":"xpath","value":"//button[@data-kt=\"addNewYardOverflowToolbarButton\"]"}
COMMAND: POST /session/6f873cfbd9220f733b1c899e801fac9f/elements - {"using":"xpath","value":"//button[@data-kt=\"addNewYardOverflowToolbarButton\"]"}
RESULT: {"using":"xpath","value":"//button[@data-kt=\"addNewYardOverflowToolbarButton\"]"}
COMMAND: POST /session/6f873cfbd9220f733b1c899e801fac9f/elements - {"using":"xpath","value":"//button[@data-kt=\"addNewYardOverflowToolbarButton\"]"}
RESULT: {"using":"xpath","value":"//button[@data-kt=\"addNewYardOverflowToolbarButton\"]"}
COMMAND: POST /session/6f873cfbd9220f733b1c899e801fac9f/elements - {"using":"xpath","value":"//button[@data-kt=\"addNewYardOverflowToolbarButton\"]"}
RESULT: {"using":"xpath","value":"//button[@data-kt=\"addNewYardOverflowToolbarButton\"]"}
COMMAND: POST /session/6f873cfbd9220f733b1c899e801fac9f/elements - {"using":"xpath","value":"//button[@data-kt=\"addNewYardOverflowToolbarButton\"]"}
RESULT: {"using":"xpath","value":"//button[@data-kt=\"addNewYardOverflowToolbarButton\"]"}
COMMAND: POST /session/6f873cfbd9220f733b1c899e801fac9f/elements - {"using":"xpath","value":"//button[@data-kt=\"addNewYardOverflowToolbarButton\"]"}
RESULT: {"using":"xpath","value":"//button[@data-kt=\"addNewYardOverflowToolbarButton\"]"}
COMMAND: POST /session/6f873cfbd9220f733b1c899e801fac9f/elements - {"using":"xpath","value":"//button[@data-kt=\"addNewYardOverflowToolbarButton\"]"}
RESULT: {"using":"xpath","value":"//button[@data-kt=\"addNewYardOverflowToolbarButton\"]"}
COMMAND: POST /session/6f873cfbd9220f733b1c899e801fac9f/elements - {"using":"xpath","value":"//button[@data-kt=\"addNewYardOverflowToolbarButton\"]"}
RESULT: {"using":"xpath","value":"//button[@data-kt=\"addNewYardOverflowToolbarButton\"]"}
COMMAND: POST /session/6f873cfbd9220f733b1c899e801fac9f/elements - {"using":"xpath","value":"//button[@data-kt=\"addNewYardOverflowToolbarButton\"]"}
RESULT: {"using":"xpath","value":"//button[@data-kt=\"addNewYardOverflowToolbarButton\"]"}
COMMAND: POST /session/6f873cfbd9220f733b1c899e801fac9f/elements - {"using":"xpath","value":"//button[@data-kt=\"addNewYardOverflowToolbarButton\"]"}
RESULT: {"using":"xpath","value":"//button[@data-kt=\"addNewYardOverflowToolbarButton\"]"}
COMMAND: POST /session/6f873cfbd9220f733b1c899e801fac9f/elements - {"using":"xpath","value":"//button[@data-kt=\"addNewYardOverflowToolbarButton\"]"}
RESULT: {"using":"xpath","value":"//button[@data-kt=\"addNewYardOverflowToolbarButton\"]"}
COMMAND: POST /session/6f873cfbd9220f733b1c899e801fac9f/elements - {"using":"xpath","value":"//button[@data-kt=\"addNewYardOverflowToolbarButton\"]"}
RESULT: {"using":"xpath","value":"//button[@data-kt=\"addNewYardOverflowToolbarButton\"]"}
COMMAND: POST /session/6f873cfbd9220f733b1c899e801fac9f/elements - {"using":"xpath","value":"//button[@data-kt=\"addNewYardOverflowToolbarButton\"]"}
RESULT: {"using":"xpath","value":"//button[@data-kt=\"addNewYardOverflowToolbarButton\"]"}
COMMAND: POST /session/6f873cfbd9220f733b1c899e801fac9f/elements - {"using":"xpath","value":"//button[@data-kt=\"addNewYardOverflowToolbarButton\"]"}
RESULT: {"using":"xpath","value":"//button[@data-kt=\"addNewYardOverflowToolbarButton\"]"}
COMMAND: POST /session/6f873cfbd9220f733b1c899e801fac9f/elements - {"using":"xpath","value":"//button[@data-kt=\"addNewYardOverflowToolbarButton\"]"}
RESULT: {"using":"xpath","value":"//button[@data-kt=\"addNewYardOverflowToolbarButton\"]"}
COMMAND: POST /session/6f873cfbd9220f733b1c899e801fac9f/elements - {"using":"xpath","value":"//button[@data-kt=\"addNewYardOverflowToolbarButton\"]"}
RESULT: {"using":"xpath","value":"//button[@data-kt=\"addNewYardOverflowToolbarButton\"]"}
COMMAND: POST /session/6f873cfbd9220f733b1c899e801fac9f/elements - {"using":"xpath","value":"//button[@data-kt=\"addNewYardOverflowToolbarButton\"]"}
RESULT: {"using":"xpath","value":"//button[@data-kt=\"addNewYardOverflowToolbarButton\"]"}
COMMAND: POST /session/6f873cfbd9220f733b1c899e801fac9f/elements - {"using":"xpath","value":"//button[@data-kt=\"addNewYardOverflowToolbarButton\"]"}
RESULT: {"using":"xpath","value":"//button[@data-kt=\"addNewYardOverflowToolbarButton\"]"}
COMMAND: POST /session/6f873cfbd9220f733b1c899e801fac9f/elements - {"using":"xpath","value":"//button[@data-kt=\"addNewYardOverflowToolbarButton\"]"}
RESULT: {"using":"xpath","value":"//button[@data-kt=\"addNewYardOverflowToolbarButton\"]"}
COMMAND: POST /session/6f873cfbd9220f733b1c899e801fac9f/elements - {"using":"xpath","value":"//button[@data-kt=\"addNewYardOverflowToolbarButton\"]"}
RESULT: {"using":"xpath","value":"//button[@data-kt=\"addNewYardOverflowToolbarButton\"]"}
COMMAND: POST /session/6f873cfbd9220f733b1c899e801fac9f/elements - {"using":"xpath","value":"//button[@data-kt=\"addNewYardOverflowToolbarButton\"]"}
RESULT: {"using":"xpath","value":"//button[@data-kt=\"addNewYardOverflowToolbarButton\"]"}
COMMAND: POST /session/6f873cfbd9220f733b1c899e801fac9f/element - {"using":"xpath","value":"//button[@data-kt=\"addNewYardOverflowToolbarButton\"]"}
RESULT: {"using":"xpath","value":"//button[@data-kt=\"addNewYardOverflowToolbarButton\"]"}
COMMAND: POST /session/6f873cfbd9220f733b1c899e801fac9f/execute/sync - {"script":"<script> [8489 bytes]","args":[{"element-6066-11e4-a52e-4f735466cecf":"f.0D8D1E8C4444AAF4F6CCCAD0803F9B10.d.409AA871949AA30FA92D309F513E85DC.e.289","ELEMENT":"f.0D8D1E8C4444AAF4F6CCCAD0803F9B10.d.409AA871949AA30FA92D309F513E85DC.e.289"}]}
RESULT: {"script":"<script> [8489 bytes]","args":[{"element-6066-11e4-a52e-4f735466cecf":"f.0D8D1E8C4444AAF4F6CCCAD0803F9B10.d.409AA871949AA30FA92D309F513E85DC.e.289","ELEMENT":"f.0D8D1E8C4444AAF4F6CCCAD0803F9B10.d.409AA871949AA30FA92D309F513E85DC.e.289"}]}
COMMAND: GET /session/6f873cfbd9220f733b1c899e801fac9f/element/f.0D8D1E8C4444AAF4F6CCCAD0803F9B10.d.409AA871949AA30FA92D309F513E85DC.e.289/enabled - {}
COMMAND: GET /session/6f873cfbd9220f733b1c899e801fac9f/screenshot - {}
RESULT: {}
RESULT: {}
COMMAND: POST /session/6f873cfbd9220f733b1c899e801fac9f/execute/sync - {"script":"<script> [8489 bytes]","args":[{"element-6066-11e4-a52e-4f735466cecf":"f.0D8D1E8C4444AAF4F6CCCAD0803F9B10.d.409AA871949AA30FA92D309F513E85DC.e.289","ELEMENT":"f.0D8D1E8C4444AAF4F6CCCAD0803F9B10.d.409AA871949AA30FA92D309F513E85DC.e.289"}]}
COMMAND: GET /session/6f873cfbd9220f733b1c899e801fac9f/screenshot - {}
RESULT: {"script":"<script> [8489 bytes]","args":[{"element-6066-11e4-a52e-4f735466cecf":"f.0D8D1E8C4444AAF4F6CCCAD0803F9B10.d.409AA871949AA30FA92D309F513E85DC.e.289","ELEMENT":"f.0D8D1E8C4444AAF4F6CCCAD0803F9B10.d.409AA871949AA30FA92D309F513E85DC.e.289"}]}
COMMAND: POST /session/6f873cfbd9220f733b1c899e801fac9f/execute/sync - {"script":"<script> [5351 bytes]","args":[{"element-6066-11e4-a52e-4f735466cecf":"f.0D8D1E8C4444AAF4F6CCCAD0803F9B10.d.409AA871949AA30FA92D309F513E85DC.e.289","ELEMENT":"f.0D8D1E8C4444AAF4F6CCCAD0803F9B10.d.409AA871949AA30FA92D309F513E85DC.e.289"}]}
COMMAND: GET /session/6f873cfbd9220f733b1c899e801fac9f/screenshot - {}
RESULT: {}
RESULT: {"script":"<script> [5351 bytes]","args":[{"element-6066-11e4-a52e-4f735466cecf":"f.0D8D1E8C4444AAF4F6CCCAD0803F9B10.d.409AA871949AA30FA92D309F513E85DC.e.289","ELEMENT":"f.0D8D1E8C4444AAF4F6CCCAD0803F9B10.d.409AA871949AA30FA92D309F513E85DC.e.289"}]}
COMMAND: POST /session/6f873cfbd9220f733b1c899e801fac9f/element/f.0D8D1E8C4444AAF4F6CCCAD0803F9B10.d.409AA871949AA30FA92D309F513E85DC.e.289/click - {}
COMMAND: GET /session/6f873cfbd9220f733b1c899e801fac9f/screenshot - {}
RESULT: {}
RESULT: {}
COMMAND: GET /session/6f873cfbd9220f733b1c899e801fac9f/screenshot - {}
COMMAND: POST /session/6f873cfbd9220f733b1c899e801fac9f/element - {"using":"xpath","value":"//input[@id=\"application-manageyards-display-component---NewYard--yardId-inner\"]"}
RESULT: {}
RESULT: {}
RESULT: {"using":"xpath","value":"//input[@id=\"application-manageyards-display-component---NewYard--yardId-inner\"]"}
COMMAND: POST /session/6f873cfbd9220f733b1c899e801fac9f/element - {"using":"xpath","value":"//input[@id=\"application-manageyards-display-component---NewYard--yardId-inner\"]"}
RESULT: {"using":"xpath","value":"//input[@id=\"application-manageyards-display-component---NewYard--yardId-inner\"]"}
COMMAND: POST /session/6f873cfbd9220f733b1c899e801fac9f/execute/async - {"script":"<script> [1562 bytes]","args":[{"selector":{"id":"application-manageyards-display-component---NewYard--addressDetailDetailsName1","interaction":{"idSuffix":"inner"}},"wdio_ui5_key":"applicationmanageyards-display-component---NewYard--addressDetailDetailsName1"}]}
RESULT: {"script":"<script> [1562 bytes]","args":[{"selector":{"id":"application-manageyards-display-component---NewYard--addressDetailDetailsName1","interaction":{"idSuffix":"inner"}},"wdio_ui5_key":"applicationmanageyards-display-component---NewYard--addressDetailDetailsName1"}]}
RESULT: undefined
COMMAND: POST /session/6f873cfbd9220f733b1c899e801fac9f/execute/async - {"script":"<script> [776 bytes]","args":[{"enterText":"Intracompany Yard wdIO","selector":{"id":"application-manageyards-display-component---NewYard--addressDetailDetailsName1","interaction":{"idSuffix":"inner"}},"clearTextFirst":true,"interactionType":"ENTER_TEXT"}]}
RESULT: {"script":"<script> [776 bytes]","args":[{"enterText":"Intracompany Yard wdIO","selector":{"id":"application-manageyards-display-component---NewYard--addressDetailDetailsName1","interaction":{"idSuffix":"inner"}},"clearTextFirst":true,"interactionType":"ENTER_TEXT"}]}
COMMAND: POST /session/6f873cfbd9220f733b1c899e801fac9f/execute/async - {"script":"<script> [1562 bytes]","args":[{"selector":{"id":"application-manageyards-display-component---NewYard--addressDetailDetailsLanguage-arrow"},"wdio_ui5_key":"applicationmanageyards-display-component---NewYard--addressDetailDetailsLanguage-arrow"}]}
RESULT: {"script":"<script> [1562 bytes]","args":[{"selector":{"id":"application-manageyards-display-component---NewYard--addressDetailDetailsLanguage-arrow"},"wdio_ui5_key":"applicationmanageyards-display-component---NewYard--addressDetailDetailsLanguage-arrow"}]}
RESULT: undefined
COMMAND: POST /session/6f873cfbd9220f733b1c899e801fac9f/element - {"using":"xpath","value":"//*[@id=\"application-manageyards-display-component---NewYard--addressDetailDetailsLanguage-arrow\"]"}
RESULT: {"using":"xpath","value":"//*[@id=\"application-manageyards-display-component---NewYard--addressDetailDetailsLanguage-arrow\"]"}
COMMAND: POST /session/6f873cfbd9220f733b1c899e801fac9f/element/f.0D8D1E8C4444AAF4F6CCCAD0803F9B10.d.409AA871949AA30FA92D309F513E85DC.e.716/click - {}
RESULT: {}
COMMAND: POST /session/6f873cfbd9220f733b1c899e801fac9f/element - {"using":"xpath","value":"//span[contains(text(), \"English\")]"}
COMMAND: GET /session/6f873cfbd9220f733b1c899e801fac9f/screenshot - {}
RESULT: {"using":"xpath","value":"//span[contains(text(), \"English\")]"}
COMMAND: POST /session/6f873cfbd9220f733b1c899e801fac9f/element/f.0D8D1E8C4444AAF4F6CCCAD0803F9B10.d.409AA871949AA30FA92D309F513E85DC.e.717/click - {}
RESULT: {}
RESULT: {}
COMMAND: POST /session/6f873cfbd9220f733b1c899e801fac9f/execute/async - {"script":"<script> [1562 bytes]","args":[{"selector":{"id":"application-manageyards-display-component---NewYard--addressDetailDetailsCity1","interaction":{"idSuffix":"inner"}},"wdio_ui5_key":"applicationmanageyards-display-component---NewYard--addressDetailDetailsCity1"}]}
COMMAND: GET /session/6f873cfbd9220f733b1c899e801fac9f/screenshot - {}
RESULT: {"script":"<script> [1562 bytes]","args":[{"selector":{"id":"application-manageyards-display-component---NewYard--addressDetailDetailsCity1","interaction":{"idSuffix":"inner"}},"wdio_ui5_key":"applicationmanageyards-display-component---NewYard--addressDetailDetailsCity1"}]}
RESULT: undefined
COMMAND: POST /session/6f873cfbd9220f733b1c899e801fac9f/execute/async - {"script":"<script> [776 bytes]","args":[{"enterText":"Rosario","selector":{"id":"application-manageyards-display-component---NewYard--addressDetailDetailsCity1","interaction":{"idSuffix":"inner"}},"clearTextFirst":true,"interactionType":"ENTER_TEXT"}]}
RESULT: {}
RESULT: {"script":"<script> [776 bytes]","args":[{"enterText":"Rosario","selector":{"id":"application-manageyards-display-component---NewYard--addressDetailDetailsCity1","interaction":{"idSuffix":"inner"}},"clearTextFirst":true,"interactionType":"ENTER_TEXT"}]}
COMMAND: POST /session/6f873cfbd9220f733b1c899e801fac9f/execute/async - {"script":"<script> [1562 bytes]","args":[{"selector":{"id":"application-manageyards-display-component---NewYard--addressDetailDetailsCountry-arrow"},"wdio_ui5_key":"applicationmanageyards-display-component---NewYard--addressDetailDetailsCountry-arrow"}]}
RESULT: {"script":"<script> [1562 bytes]","args":[{"selector":{"id":"application-manageyards-display-component---NewYard--addressDetailDetailsCountry-arrow"},"wdio_ui5_key":"applicationmanageyards-display-component---NewYard--addressDetailDetailsCountry-arrow"}]}
RESULT: undefined
COMMAND: POST /session/6f873cfbd9220f733b1c899e801fac9f/element - {"using":"xpath","value":"//*[@id=\"application-manageyards-display-component---NewYard--addressDetailDetailsCountry-arrow\"]"}
RESULT: {"using":"xpath","value":"//*[@id=\"application-manageyards-display-component---NewYard--addressDetailDetailsCountry-arrow\"]"}
COMMAND: POST /session/6f873cfbd9220f733b1c899e801fac9f/element/f.0D8D1E8C4444AAF4F6CCCAD0803F9B10.d.409AA871949AA30FA92D309F513E85DC.e.719/click - {}
RESULT: {}
COMMAND: POST /session/6f873cfbd9220f733b1c899e801fac9f/element - {"using":"xpath","value":"//span[contains(text(), \"Argentina\")]"}
COMMAND: GET /session/6f873cfbd9220f733b1c899e801fac9f/screenshot - {}
RESULT: {"using":"xpath","value":"//span[contains(text(), \"Argentina\")]"}
COMMAND: POST /session/6f873cfbd9220f733b1c899e801fac9f/element/f.0D8D1E8C4444AAF4F6CCCAD0803F9B10.d.409AA871949AA30FA92D309F513E85DC.e.720/click - {}
RESULT: {}
RESULT: {}
COMMAND: POST /session/6f873cfbd9220f733b1c899e801fac9f/execute/async - {"script":"<script> [1562 bytes]","args":[{"selector":{"id":"application-manageyards-display-component---NewYard--addressEditDetailsCostObjectCstType-arrow"},"wdio_ui5_key":"applicationmanageyards-display-component---NewYard--addressEditDetailsCostObjectCstType-arrow"}]}
COMMAND: GET /session/6f873cfbd9220f733b1c899e801fac9f/screenshot - {}
RESULT: {"script":"<script> [1562 bytes]","args":[{"selector":{"id":"application-manageyards-display-component---NewYard--addressEditDetailsCostObjectCstType-arrow"},"wdio_ui5_key":"applicationmanageyards-display-component---NewYard--addressEditDetailsCostObjectCstType-arrow"}]}
RESULT: undefined
COMMAND: POST /session/6f873cfbd9220f733b1c899e801fac9f/element - {"using":"xpath","value":"//*[@id=\"application-manageyards-display-component---NewYard--addressEditDetailsCostObjectCstType-arrow\"]"}
RESULT: {}
RESULT: {"using":"xpath","value":"//*[@id=\"application-manageyards-display-component---NewYard--addressEditDetailsCostObjectCstType-arrow\"]"}
COMMAND: POST /session/6f873cfbd9220f733b1c899e801fac9f/element/f.0D8D1E8C4444AAF4F6CCCAD0803F9B10.d.409AA871949AA30FA92D309F513E85DC.e.722/click - {}
RESULT: {}
COMMAND: POST /session/6f873cfbd9220f733b1c899e801fac9f/element - {"using":"xpath","value":"//span[contains(text(), \"Cost Center\")]"}
COMMAND: GET /session/6f873cfbd9220f733b1c899e801fac9f/screenshot - {}
RESULT: {"using":"xpath","value":"//span[contains(text(), \"Cost Center\")]"}
COMMAND: POST /session/6f873cfbd9220f733b1c899e801fac9f/element/f.0D8D1E8C4444AAF4F6CCCAD0803F9B10.d.409AA871949AA30FA92D309F513E85DC.e.723/click - {}
RESULT: {}
RESULT: {}
COMMAND: GET /session/6f873cfbd9220f733b1c899e801fac9f/screenshot - {}
RESULT: {}
COMMAND: POST /session/6f873cfbd9220f733b1c899e801fac9f/element - {"using":"xpath","value":"//span[@id=\"application-manageyards-display-component---NewYard--addressNewCostObjectCstID-vhi\"]"}
RESULT: {"using":"xpath","value":"//span[@id=\"application-manageyards-display-component---NewYard--addressNewCostObjectCstID-vhi\"]"}
COMMAND: POST /session/6f873cfbd9220f733b1c899e801fac9f/execute/sync - {"script":"<script> [8489 bytes]","args":[{"element-6066-11e4-a52e-4f735466cecf":"f.0D8D1E8C4444AAF4F6CCCAD0803F9B10.d.409AA871949AA30FA92D309F513E85DC.e.727","ELEMENT":"f.0D8D1E8C4444AAF4F6CCCAD0803F9B10.d.409AA871949AA30FA92D309F513E85DC.e.727"}]}
RESULT: {"script":"<script> [8489 bytes]","args":[{"element-6066-11e4-a52e-4f735466cecf":"f.0D8D1E8C4444AAF4F6CCCAD0803F9B10.d.409AA871949AA30FA92D309F513E85DC.e.727","ELEMENT":"f.0D8D1E8C4444AAF4F6CCCAD0803F9B10.d.409AA871949AA30FA92D309F513E85DC.e.727"}]}
COMMAND: POST /session/6f873cfbd9220f733b1c899e801fac9f/execute/async - {"script":"<script> [1562 bytes]","args":[{"selector":{"id":"application-manageyards-display-component---NewYard--addressNewCostObjectCstID-vhi"},"wdio_ui5_key":"applicationmanageyards-display-component---NewYard--addressNewCostObjectCstID-vhi"}]}
COMMAND: GET /session/6f873cfbd9220f733b1c899e801fac9f/screenshot - {}
RESULT: {"script":"<script> [1562 bytes]","args":[{"selector":{"id":"application-manageyards-display-component---NewYard--addressNewCostObjectCstID-vhi"},"wdio_ui5_key":"applicationmanageyards-display-component---NewYard--addressNewCostObjectCstID-vhi"}]}
RESULT: undefined
COMMAND: POST /session/6f873cfbd9220f733b1c899e801fac9f/element - {"using":"xpath","value":"//*[@id=\"application-manageyards-display-component---NewYard--addressNewCostObjectCstID-vhi\"]"}
RESULT: {}
RESULT: {"using":"xpath","value":"//*[@id=\"application-manageyards-display-component---NewYard--addressNewCostObjectCstID-vhi\"]"}
COMMAND: POST /session/6f873cfbd9220f733b1c899e801fac9f/element/f.0D8D1E8C4444AAF4F6CCCAD0803F9B10.d.409AA871949AA30FA92D309F513E85DC.e.727/click - {}
RESULT: {}
COMMAND: GET /session/6f873cfbd9220f733b1c899e801fac9f/screenshot - {}
RESULT: {}
COMMAND: POST /session/6f873cfbd9220f733b1c899e801fac9f/execute/async - {"script":"<script> [1562 bytes]","args":[{"selector":{"controlType":"sap.m.SearchField","properties":{"placeholder":"Search"},"searchOpenDialogs":true,"interaction":{"idSuffix":"I"}},"wdio_ui5_key":"sapm.SearchField{\"placeholder\":\"Search\"}"}]}
RESULT: {"script":"<script> [1562 bytes]","args":[{"selector":{"controlType":"sap.m.SearchField","properties":{"placeholder":"Search"},"searchOpenDialogs":true,"interaction":{"idSuffix":"I"}},"wdio_ui5_key":"sapm.SearchField{\"placeholder\":\"Search\"}"}]}
RESULT: undefined
COMMAND: POST /session/6f873cfbd9220f733b1c899e801fac9f/execute/async - {"script":"<script> [776 bytes]","args":[{"enterText":"10001013","selector":{"controlType":"sap.m.SearchField","properties":{"placeholder":"Search"},"searchOpenDialogs":true,"interaction":{"idSuffix":"I"}},"clearTextFirst":true,"interactionType":"ENTER_TEXT"}]}
RESULT: {"script":"<script> [776 bytes]","args":[{"enterText":"10001013","selector":{"controlType":"sap.m.SearchField","properties":{"placeholder":"Search"},"searchOpenDialogs":true,"interaction":{"idSuffix":"I"}},"clearTextFirst":true,"interactionType":"ENTER_TEXT"}]}
COMMAND: POST /session/6f873cfbd9220f733b1c899e801fac9f/actions - {"actions":[{"id":"action1","type":"key","parameters":{},"actions":[{"type":"keyDown","value":"î€‡"},{"type":"pause","duration":10},{"type":"keyUp","value":"î€‡"}]}]}
RESULT: {"actions":[{"id":"action1","type":"key","parameters":{},"actions":[{"type":"keyDown","value":"î€‡"},{"type":"pause","duration":10},{"type":"keyUp","value":"î€‡"}]}]}
COMMAND: GET /session/6f873cfbd9220f733b1c899e801fac9f/screenshot - {}
RESULT: {}
COMMAND: POST /session/6f873cfbd9220f733b1c899e801fac9f/element - {"using":"xpath","value":"//span[contains(text(), \"General Management\")]"}
RESULT: {"using":"xpath","value":"//span[contains(text(), \"General Management\")]"}
COMMAND: POST /session/6f873cfbd9220f733b1c899e801fac9f/element/f.0D8D1E8C4444AAF4F6CCCAD0803F9B10.d.409AA871949AA30FA92D309F513E85DC.e.769/click - {}
RESULT: {}
COMMAND: GET /session/6f873cfbd9220f733b1c899e801fac9f/screenshot - {}
RESULT: {}
COMMAND: POST /session/6f873cfbd9220f733b1c899e801fac9f/element - {"using":"xpath","value":"//bdi[contains(text(), \"OK\")]"}
RESULT: {"using":"xpath","value":"//bdi[contains(text(), \"OK\")]"}
COMMAND: POST /session/6f873cfbd9220f733b1c899e801fac9f/element/f.0D8D1E8C4444AAF4F6CCCAD0803F9B10.d.409AA871949AA30FA92D309F513E85DC.e.770/click - {}
RESULT: {}
COMMAND: GET /session/6f873cfbd9220f733b1c899e801fac9f/screenshot - {}
RESULT: {}
COMMAND: POST /session/6f873cfbd9220f733b1c899e801fac9f/execute/async - {"script":"<script> [1562 bytes]","args":[{"selector":{"id":"application-manageyards-display-component---NewYard--addressEditDetailsCurrency-arrow"},"wdio_ui5_key":"applicationmanageyards-display-component---NewYard--addressEditDetailsCurrency-arrow"}]}
RESULT: {"script":"<script> [1562 bytes]","args":[{"selector":{"id":"application-manageyards-display-component---NewYard--addressEditDetailsCurrency-arrow"},"wdio_ui5_key":"applicationmanageyards-display-component---NewYard--addressEditDetailsCurrency-arrow"}]}
RESULT: undefined
COMMAND: POST /session/6f873cfbd9220f733b1c899e801fac9f/element - {"using":"xpath","value":"//*[@id=\"application-manageyards-display-component---NewYard--addressEditDetailsCurrency-arrow\"]"}
RESULT: {"using":"xpath","value":"//*[@id=\"application-manageyards-display-component---NewYard--addressEditDetailsCurrency-arrow\"]"}
COMMAND: POST /session/6f873cfbd9220f733b1c899e801fac9f/element/f.0D8D1E8C4444AAF4F6CCCAD0803F9B10.d.409AA871949AA30FA92D309F513E85DC.e.773/click - {}
RESULT: {}
COMMAND: POST /session/6f873cfbd9220f733b1c899e801fac9f/element - {"using":"xpath","value":"//span[contains(text(), \"Euro\")]"}
COMMAND: GET /session/6f873cfbd9220f733b1c899e801fac9f/screenshot - {}
RESULT: {"using":"xpath","value":"//span[contains(text(), \"Euro\")]"}
COMMAND: POST /session/6f873cfbd9220f733b1c899e801fac9f/element/f.0D8D1E8C4444AAF4F6CCCAD0803F9B10.d.409AA871949AA30FA92D309F513E85DC.e.774/click - {}
RESULT: {}
RESULT: {}
COMMAND: POST /session/6f873cfbd9220f733b1c899e801fac9f/execute/async - {"script":"<script> [1562 bytes]","args":[{"selector":{"controlType":"sap.m.Input","viewName":"etm.portal.ui.manageyards.view.New","viewId":"application-manageyards-display-component---NewYard","bindingPath":{"path":"","propertyPath":"/CONTROLLING_AREA","modelName":"NewYardModel"},"interaction":{"idSuffix":"inner"}},"wdio_ui5_key":"etmportal.ui.manageyards.view.Newsap.m.Input{\"path\":\"\",\"propertyPath\":\"/CONTROLLING_AREA\",\"modelName\":\"NewYardModel\"}"}]}
COMMAND: GET /session/6f873cfbd9220f733b1c899e801fac9f/screenshot - {}
RESULT: {"script":"<script> [1562 bytes]","args":[{"selector":{"controlType":"sap.m.Input","viewName":"etm.portal.ui.manageyards.view.New","viewId":"application-manageyards-display-component---NewYard","bindingPath":{"path":"","propertyPath":"/CONTROLLING_AREA","modelName":"NewYardModel"},"interaction":{"idSuffix":"inner"}},"wdio_ui5_key":"etmportal.ui.manageyards.view.Newsap.m.Input{\"path\":\"\",\"propertyPath\":\"/CONTROLLING_AREA\",\"modelName\":\"NewYardModel\"}"}]}
RESULT: undefined
COMMAND: POST /session/6f873cfbd9220f733b1c899e801fac9f/execute/async - {"script":"<script> [776 bytes]","args":[{"enterText":"Z001","selector":{"controlType":"sap.m.Input","viewName":"etm.portal.ui.manageyards.view.New","viewId":"application-manageyards-display-component---NewYard","bindingPath":{"path":"","propertyPath":"/CONTROLLING_AREA","modelName":"NewYardModel"},"interaction":{"idSuffix":"inner"}},"clearTextFirst":true,"interactionType":"ENTER_TEXT"}]}
RESULT: {}
RESULT: {"script":"<script> [776 bytes]","args":[{"enterText":"Z001","selector":{"controlType":"sap.m.Input","viewName":"etm.portal.ui.manageyards.view.New","viewId":"application-manageyards-display-component---NewYard","bindingPath":{"path":"","propertyPath":"/CONTROLLING_AREA","modelName":"NewYardModel"},"interaction":{"idSuffix":"inner"}},"clearTextFirst":true,"interactionType":"ENTER_TEXT"}]}
COMMAND: POST /session/6f873cfbd9220f733b1c899e801fac9f/execute/async - {"script":"<script> [1562 bytes]","args":[{"selector":{"id":"application-manageyards-display-component---NewYard--companyCodeComboBox","interaction":{"idSuffix":"inner"}},"wdio_ui5_key":"applicationmanageyards-display-component---NewYard--companyCodeComboBox"}]}
RESULT: {"script":"<script> [1562 bytes]","args":[{"selector":{"id":"application-manageyards-display-component---NewYard--companyCodeComboBox","interaction":{"idSuffix":"inner"}},"wdio_ui5_key":"applicationmanageyards-display-component---NewYard--companyCodeComboBox"}]}
RESULT: undefined
COMMAND: POST /session/6f873cfbd9220f733b1c899e801fac9f/execute/async - {"script":"<script> [776 bytes]","args":[{"enterText":"1000","selector":{"id":"application-manageyards-display-component---NewYard--companyCodeComboBox","interaction":{"idSuffix":"inner"}},"clearTextFirst":true,"interactionType":"ENTER_TEXT"}]}
RESULT: {"script":"<script> [776 bytes]","args":[{"enterText":"1000","selector":{"id":"application-manageyards-display-component---NewYard--companyCodeComboBox","interaction":{"idSuffix":"inner"}},"clearTextFirst":true,"interactionType":"ENTER_TEXT"}]}
COMMAND: POST /session/6f873cfbd9220f733b1c899e801fac9f/execute/async - {"script":"<script> [1562 bytes]","args":[{"selector":{"controlType":"sap.m.Input","viewName":"etm.portal.ui.manageyards.view.New","viewId":"application-manageyards-display-component---NewYard","bindingPath":{"path":"","propertyPath":"/PLANT","modelName":"NewYardModel"},"interaction":{"idSuffix":"inner"}},"wdio_ui5_key":"etmportal.ui.manageyards.view.Newsap.m.Input{\"path\":\"\",\"propertyPath\":\"/PLANT\",\"modelName\":\"NewYardModel\"}"}]}
RESULT: {"script":"<script> [1562 bytes]","args":[{"selector":{"controlType":"sap.m.Input","viewName":"etm.portal.ui.manageyards.view.New","viewId":"application-manageyards-display-component---NewYard","bindingPath":{"path":"","propertyPath":"/PLANT","modelName":"NewYardModel"},"interaction":{"idSuffix":"inner"}},"wdio_ui5_key":"etmportal.ui.manageyards.view.Newsap.m.Input{\"path\":\"\",\"propertyPath\":\"/PLANT\",\"modelName\":\"NewYardModel\"}"}]}
RESULT: undefined
COMMAND: POST /session/6f873cfbd9220f733b1c899e801fac9f/execute/async - {"script":"<script> [776 bytes]","args":[{"enterText":"1001","selector":{"controlType":"sap.m.Input","viewName":"etm.portal.ui.manageyards.view.New","viewId":"application-manageyards-display-component---NewYard","bindingPath":{"path":"","propertyPath":"/PLANT","modelName":"NewYardModel"},"interaction":{"idSuffix":"inner"}},"clearTextFirst":true,"interactionType":"ENTER_TEXT"}]}
RESULT: {"script":"<script> [776 bytes]","args":[{"enterText":"1001","selector":{"controlType":"sap.m.Input","viewName":"etm.portal.ui.manageyards.view.New","viewId":"application-manageyards-display-component---NewYard","bindingPath":{"path":"","propertyPath":"/PLANT","modelName":"NewYardModel"},"interaction":{"idSuffix":"inner"}},"clearTextFirst":true,"interactionType":"ENTER_TEXT"}]}
COMMAND: POST /session/6f873cfbd9220f733b1c899e801fac9f/execute/async - {"script":"<script> [1562 bytes]","args":[{"selector":{"controlType":"sap.m.Input","viewName":"etm.portal.ui.manageyards.view.New","viewId":"application-manageyards-display-component---NewYard","bindingPath":{"path":"","propertyPath":"/SALES_AREA_VKORG","modelName":"NewYardModel"},"interaction":{"idSuffix":"inner"}},"wdio_ui5_key":"etmportal.ui.manageyards.view.Newsap.m.Input{\"path\":\"\",\"propertyPath\":\"/SALES_AREA_VKORG\",\"modelName\":\"NewYardModel\"}"}]}
RESULT: {"script":"<script> [1562 bytes]","args":[{"selector":{"controlType":"sap.m.Input","viewName":"etm.portal.ui.manageyards.view.New","viewId":"application-manageyards-display-component---NewYard","bindingPath":{"path":"","propertyPath":"/SALES_AREA_VKORG","modelName":"NewYardModel"},"interaction":{"idSuffix":"inner"}},"wdio_ui5_key":"etmportal.ui.manageyards.view.Newsap.m.Input{\"path\":\"\",\"propertyPath\":\"/SALES_AREA_VKORG\",\"modelName\":\"NewYardModel\"}"}]}
RESULT: undefined
COMMAND: POST /session/6f873cfbd9220f733b1c899e801fac9f/execute/async - {"script":"<script> [776 bytes]","args":[{"enterText":"C002","selector":{"controlType":"sap.m.Input","viewName":"etm.portal.ui.manageyards.view.New","viewId":"application-manageyards-display-component---NewYard","bindingPath":{"path":"","propertyPath":"/SALES_AREA_VKORG","modelName":"NewYardModel"},"interaction":{"idSuffix":"inner"}},"clearTextFirst":true,"interactionType":"ENTER_TEXT"}]}
RESULT: {"script":"<script> [776 bytes]","args":[{"enterText":"C002","selector":{"controlType":"sap.m.Input","viewName":"etm.portal.ui.manageyards.view.New","viewId":"application-manageyards-display-component---NewYard","bindingPath":{"path":"","propertyPath":"/SALES_AREA_VKORG","modelName":"NewYardModel"},"interaction":{"idSuffix":"inner"}},"clearTextFirst":true,"interactionType":"ENTER_TEXT"}]}
COMMAND: POST /session/6f873cfbd9220f733b1c899e801fac9f/execute/async - {"script":"<script> [1562 bytes]","args":[{"selector":{"controlType":"sap.m.Input","viewName":"etm.portal.ui.manageyards.view.New","viewId":"application-manageyards-display-component---NewYard","bindingPath":{"path":"","propertyPath":"/SALES_AREA_VTWEG","modelName":"NewYardModel"},"interaction":{"idSuffix":"inner"}},"wdio_ui5_key":"etmportal.ui.manageyards.view.Newsap.m.Input{\"path\":\"\",\"propertyPath\":\"/SALES_AREA_VTWEG\",\"modelName\":\"NewYardModel\"}"}]}
RESULT: {"script":"<script> [1562 bytes]","args":[{"selector":{"controlType":"sap.m.Input","viewName":"etm.portal.ui.manageyards.view.New","viewId":"application-manageyards-display-component---NewYard","bindingPath":{"path":"","propertyPath":"/SALES_AREA_VTWEG","modelName":"NewYardModel"},"interaction":{"idSuffix":"inner"}},"wdio_ui5_key":"etmportal.ui.manageyards.view.Newsap.m.Input{\"path\":\"\",\"propertyPath\":\"/SALES_AREA_VTWEG\",\"modelName\":\"NewYardModel\"}"}]}
RESULT: undefined
COMMAND: POST /session/6f873cfbd9220f733b1c899e801fac9f/execute/async - {"script":"<script> [776 bytes]","args":[{"enterText":"C2","selector":{"controlType":"sap.m.Input","viewName":"etm.portal.ui.manageyards.view.New","viewId":"application-manageyards-display-component---NewYard","bindingPath":{"path":"","propertyPath":"/SALES_AREA_VTWEG","modelName":"NewYardModel"},"interaction":{"idSuffix":"inner"}},"clearTextFirst":true,"interactionType":"ENTER_TEXT"}]}
RESULT: {"script":"<script> [776 bytes]","args":[{"enterText":"C2","selector":{"controlType":"sap.m.Input","viewName":"etm.portal.ui.manageyards.view.New","viewId":"application-manageyards-display-component---NewYard","bindingPath":{"path":"","propertyPath":"/SALES_AREA_VTWEG","modelName":"NewYardModel"},"interaction":{"idSuffix":"inner"}},"clearTextFirst":true,"interactionType":"ENTER_TEXT"}]}
COMMAND: POST /session/6f873cfbd9220f733b1c899e801fac9f/execute/async - {"script":"<script> [1562 bytes]","args":[{"selector":{"controlType":"sap.m.Input","viewName":"etm.portal.ui.manageyards.view.New","viewId":"application-manageyards-display-component---NewYard","bindingPath":{"path":"","propertyPath":"/SALES_AREA_SPART","modelName":"NewYardModel"},"interaction":{"idSuffix":"inner"}},"wdio_ui5_key":"etmportal.ui.manageyards.view.Newsap.m.Input{\"path\":\"\",\"propertyPath\":\"/SALES_AREA_SPART\",\"modelName\":\"NewYardModel\"}"}]}
RESULT: {"script":"<script> [1562 bytes]","args":[{"selector":{"controlType":"sap.m.Input","viewName":"etm.portal.ui.manageyards.view.New","viewId":"application-manageyards-display-component---NewYard","bindingPath":{"path":"","propertyPath":"/SALES_AREA_SPART","modelName":"NewYardModel"},"interaction":{"idSuffix":"inner"}},"wdio_ui5_key":"etmportal.ui.manageyards.view.Newsap.m.Input{\"path\":\"\",\"propertyPath\":\"/SALES_AREA_SPART\",\"modelName\":\"NewYardModel\"}"}]}
RESULT: undefined
COMMAND: POST /session/6f873cfbd9220f733b1c899e801fac9f/execute/async - {"script":"<script> [776 bytes]","args":[{"enterText":"C2","selector":{"controlType":"sap.m.Input","viewName":"etm.portal.ui.manageyards.view.New","viewId":"application-manageyards-display-component---NewYard","bindingPath":{"path":"","propertyPath":"/SALES_AREA_SPART","modelName":"NewYardModel"},"interaction":{"idSuffix":"inner"}},"clearTextFirst":true,"interactionType":"ENTER_TEXT"}]}
RESULT: {"script":"<script> [776 bytes]","args":[{"enterText":"C2","selector":{"controlType":"sap.m.Input","viewName":"etm.portal.ui.manageyards.view.New","viewId":"application-manageyards-display-component---NewYard","bindingPath":{"path":"","propertyPath":"/SALES_AREA_SPART","modelName":"NewYardModel"},"interaction":{"idSuffix":"inner"}},"clearTextFirst":true,"interactionType":"ENTER_TEXT"}]}
COMMAND: POST /session/6f873cfbd9220f733b1c899e801fac9f/execute/async - {"script":"<script> [1562 bytes]","args":[{"selector":{"controlType":"sap.m.Input","viewName":"etm.portal.ui.manageyards.view.New","viewId":"application-manageyards-display-component---NewYard","bindingPath":{"path":"","propertyPath":"/SHIP_POINT","modelName":"NewYardModel"},"interaction":{"idSuffix":"inner"}},"wdio_ui5_key":"etmportal.ui.manageyards.view.Newsap.m.Input{\"path\":\"\",\"propertyPath\":\"/SHIP_POINT\",\"modelName\":\"NewYardModel\"}"}]}
RESULT: {"script":"<script> [1562 bytes]","args":[{"selector":{"controlType":"sap.m.Input","viewName":"etm.portal.ui.manageyards.view.New","viewId":"application-manageyards-display-component---NewYard","bindingPath":{"path":"","propertyPath":"/SHIP_POINT","modelName":"NewYardModel"},"interaction":{"idSuffix":"inner"}},"wdio_ui5_key":"etmportal.ui.manageyards.view.Newsap.m.Input{\"path\":\"\",\"propertyPath\":\"/SHIP_POINT\",\"modelName\":\"NewYardModel\"}"}]}
RESULT: undefined
COMMAND: POST /session/6f873cfbd9220f733b1c899e801fac9f/execute/async - {"script":"<script> [776 bytes]","args":[{"enterText":"1710","selector":{"controlType":"sap.m.Input","viewName":"etm.portal.ui.manageyards.view.New","viewId":"application-manageyards-display-component---NewYard","bindingPath":{"path":"","propertyPath":"/SHIP_POINT","modelName":"NewYardModel"},"interaction":{"idSuffix":"inner"}},"clearTextFirst":true,"interactionType":"ENTER_TEXT"}]}
RESULT: {"script":"<script> [776 bytes]","args":[{"enterText":"1710","selector":{"controlType":"sap.m.Input","viewName":"etm.portal.ui.manageyards.view.New","viewId":"application-manageyards-display-component---NewYard","bindingPath":{"path":"","propertyPath":"/SHIP_POINT","modelName":"NewYardModel"},"interaction":{"idSuffix":"inner"}},"clearTextFirst":true,"interactionType":"ENTER_TEXT"}]}
COMMAND: POST /session/6f873cfbd9220f733b1c899e801fac9f/execute/async - {"script":"<script> [1562 bytes]","args":[{"selector":{"controlType":"sap.m.Input","viewName":"etm.portal.ui.manageyards.view.New","viewId":"application-manageyards-display-component---NewYard","bindingPath":{"path":"","propertyPath":"/DELIVERY_TYPE","modelName":"NewYardModel"},"interaction":{"idSuffix":"inner"}},"wdio_ui5_key":"etmportal.ui.manageyards.view.Newsap.m.Input{\"path\":\"\",\"propertyPath\":\"/DELIVERY_TYPE\",\"modelName\":\"NewYardModel\"}"}]}
RESULT: {"script":"<script> [1562 bytes]","args":[{"selector":{"controlType":"sap.m.Input","viewName":"etm.portal.ui.manageyards.view.New","viewId":"application-manageyards-display-component---NewYard","bindingPath":{"path":"","propertyPath":"/DELIVERY_TYPE","modelName":"NewYardModel"},"interaction":{"idSuffix":"inner"}},"wdio_ui5_key":"etmportal.ui.manageyards.view.Newsap.m.Input{\"path\":\"\",\"propertyPath\":\"/DELIVERY_TYPE\",\"modelName\":\"NewYardModel\"}"}]}
RESULT: undefined
COMMAND: POST /session/6f873cfbd9220f733b1c899e801fac9f/execute/async - {"script":"<script> [776 bytes]","args":[{"enterText":"ZL01","selector":{"controlType":"sap.m.Input","viewName":"etm.portal.ui.manageyards.view.New","viewId":"application-manageyards-display-component---NewYard","bindingPath":{"path":"","propertyPath":"/DELIVERY_TYPE","modelName":"NewYardModel"},"interaction":{"idSuffix":"inner"}},"clearTextFirst":true,"interactionType":"ENTER_TEXT"}]}
RESULT: {"script":"<script> [776 bytes]","args":[{"enterText":"ZL01","selector":{"controlType":"sap.m.Input","viewName":"etm.portal.ui.manageyards.view.New","viewId":"application-manageyards-display-component---NewYard","bindingPath":{"path":"","propertyPath":"/DELIVERY_TYPE","modelName":"NewYardModel"},"interaction":{"idSuffix":"inner"}},"clearTextFirst":true,"interactionType":"ENTER_TEXT"}]}
COMMAND: POST /session/6f873cfbd9220f733b1c899e801fac9f/execute/async - {"script":"<script> [1562 bytes]","args":[{"selector":{"controlType":"sap.m.Input","viewName":"etm.portal.ui.manageyards.view.New","viewId":"application-manageyards-display-component---NewYard","bindingPath":{"path":"","propertyPath":"/AUART","modelName":"NewYardModel"},"interaction":{"idSuffix":"inner"}},"wdio_ui5_key":"etmportal.ui.manageyards.view.Newsap.m.Input{\"path\":\"\",\"propertyPath\":\"/AUART\",\"modelName\":\"NewYardModel\"}"}]}
RESULT: {"script":"<script> [1562 bytes]","args":[{"selector":{"controlType":"sap.m.Input","viewName":"etm.portal.ui.manageyards.view.New","viewId":"application-manageyards-display-component---NewYard","bindingPath":{"path":"","propertyPath":"/AUART","modelName":"NewYardModel"},"interaction":{"idSuffix":"inner"}},"wdio_ui5_key":"etmportal.ui.manageyards.view.Newsap.m.Input{\"path\":\"\",\"propertyPath\":\"/AUART\",\"modelName\":\"NewYardModel\"}"}]}
RESULT: undefined
COMMAND: POST /session/6f873cfbd9220f733b1c899e801fac9f/execute/async - {"script":"<script> [776 bytes]","args":[{"enterText":"TA","selector":{"controlType":"sap.m.Input","viewName":"etm.portal.ui.manageyards.view.New","viewId":"application-manageyards-display-component---NewYard","bindingPath":{"path":"","propertyPath":"/AUART","modelName":"NewYardModel"},"interaction":{"idSuffix":"inner"}},"clearTextFirst":true,"interactionType":"ENTER_TEXT"}]}
RESULT: {"script":"<script> [776 bytes]","args":[{"enterText":"TA","selector":{"controlType":"sap.m.Input","viewName":"etm.portal.ui.manageyards.view.New","viewId":"application-manageyards-display-component---NewYard","bindingPath":{"path":"","propertyPath":"/AUART","modelName":"NewYardModel"},"interaction":{"idSuffix":"inner"}},"clearTextFirst":true,"interactionType":"ENTER_TEXT"}]}
COMMAND: POST /session/6f873cfbd9220f733b1c899e801fac9f/element - {"using":"xpath","value":"//button[@data-kt=\"newYardSaveButton\"]"}
RESULT: {"using":"xpath","value":"//button[@data-kt=\"newYardSaveButton\"]"}
COMMAND: POST /session/6f873cfbd9220f733b1c899e801fac9f/element/f.0D8D1E8C4444AAF4F6CCCAD0803F9B10.d.409AA871949AA30FA92D309F513E85DC.e.699/click - {}
RESULT: {}
COMMAND: GET /session/6f873cfbd9220f733b1c899e801fac9f/screenshot - {}
RESULT: {}
COMMAND: POST /session/6f873cfbd9220f733b1c899e801fac9f/element - {"using":"xpath","value":"//header[contains(@id, 'ObjectPageLayout-headerTitle')]/div[1]/div[2]/div[1]/span[1]"}
RESULT: {"using":"xpath","value":"//header[contains(@id, 'ObjectPageLayout-headerTitle')]/div[1]/div[2]/div[1]/span[1]"}
COMMAND: POST /session/6f873cfbd9220f733b1c899e801fac9f/elements - {"using":"xpath","value":"//header[contains(@id, 'ObjectPageLayout-headerTitle')]/div[1]/div[2]/div[1]/span[1]"}
RESULT: {"using":"xpath","value":"//header[contains(@id, 'ObjectPageLayout-headerTitle')]/div[1]/div[2]/div[1]/span[1]"}
COMMAND: POST /session/6f873cfbd9220f733b1c899e801fac9f/execute/sync - {"script":"<script> [56 bytes]","args":[{"element-6066-11e4-a52e-4f735466cecf":"f.0D8D1E8C4444AAF4F6CCCAD0803F9B10.d.409AA871949AA30FA92D309F513E85DC.e.1000","ELEMENT":"f.0D8D1E8C4444AAF4F6CCCAD0803F9B10.d.409AA871949AA30FA92D309F513E85DC.e.1000"}]}
RESULT: {"script":"<script> [56 bytes]","args":[{"element-6066-11e4-a52e-4f735466cecf":"f.0D8D1E8C4444AAF4F6CCCAD0803F9B10.d.409AA871949AA30FA92D309F513E85DC.e.1000","ELEMENT":"f.0D8D1E8C4444AAF4F6CCCAD0803F9B10.d.409AA871949AA30FA92D309F513E85DC.e.1000"}]}
COMMAND: GET /session/6f873cfbd9220f733b1c899e801fac9f/screenshot - {}
RESULT: {}
COMMAND: POST /session/6f873cfbd9220f733b1c899e801fac9f/element - {"using":"css selector","value":"#shell-header-logo"}
RESULT: {"using":"css selector","value":"#shell-header-logo"}
COMMAND: POST /session/6f873cfbd9220f733b1c899e801fac9f/element/f.0D8D1E8C4444AAF4F6CCCAD0803F9B10.d.409AA871949AA30FA92D309F513E85DC.e.256/click - {}
RESULT: {}
COMMAND: GET /session/6f873cfbd9220f733b1c899e801fac9f/screenshot - {}
RESULT: {}
COMMAND: POST /session/6f873cfbd9220f733b1c899e801fac9f/execute/sync - {"script":"<script> [299 bytes]","args":[["getModel","getResource"]]}
RESULT: {"script":"<script> [299 bytes]","args":[["getModel","getResource"]]}
]]></system-out>
    </testcase>
    <testcase classname="chrome.136_0_7103_49.windows.Partner_specific_tests_US150819_US151080_US151654_US151176_US103444_US151078_US151079_US151109_US151174_US151175_US151189" name="Should create new external partner US150819" time="106.163">
      <system-out><![CDATA[
COMMAND: POST /session/6f873cfbd9220f733b1c899e801fac9f/element - {"using":"xpath","value":"//li[.//span[text()=\"Manage Partners\"]]"}
COMMAND: GET /session/6f873cfbd9220f733b1c899e801fac9f/screenshot - {}
RESULT: {"using":"xpath","value":"//li[.//span[text()=\"Manage Partners\"]]"}
COMMAND: POST /session/6f873cfbd9220f733b1c899e801fac9f/element - {"using":"xpath","value":"//li[.//span[text()=\"Manage Partners\"]]"}
RESULT: {}
RESULT: {"using":"xpath","value":"//li[.//span[text()=\"Manage Partners\"]]"}
COMMAND: POST /session/6f873cfbd9220f733b1c899e801fac9f/element - {"using":"css selector","value":"#shell-header-logo"}
RESULT: {"using":"css selector","value":"#shell-header-logo"}
COMMAND: POST /session/6f873cfbd9220f733b1c899e801fac9f/element/f.0D8D1E8C4444AAF4F6CCCAD0803F9B10.d.409AA871949AA30FA92D309F513E85DC.e.1002/click - {}
COMMAND: POST /session/6f873cfbd9220f733b1c899e801fac9f/execute/sync - {"script":"<script> [8489 bytes]","args":[{"element-6066-11e4-a52e-4f735466cecf":"f.0D8D1E8C4444AAF4F6CCCAD0803F9B10.d.409AA871949AA30FA92D309F513E85DC.e.1002","ELEMENT":"f.0D8D1E8C4444AAF4F6CCCAD0803F9B10.d.409AA871949AA30FA92D309F513E85DC.e.1002"}]}
RESULT: {"script":"<script> [8489 bytes]","args":[{"element-6066-11e4-a52e-4f735466cecf":"f.0D8D1E8C4444AAF4F6CCCAD0803F9B10.d.409AA871949AA30FA92D309F513E85DC.e.1002","ELEMENT":"f.0D8D1E8C4444AAF4F6CCCAD0803F9B10.d.409AA871949AA30FA92D309F513E85DC.e.1002"}]}
COMMAND: POST /session/6f873cfbd9220f733b1c899e801fac9f/execute/sync - {"script":"<script> [5351 bytes]","args":[{"element-6066-11e4-a52e-4f735466cecf":"f.0D8D1E8C4444AAF4F6CCCAD0803F9B10.d.409AA871949AA30FA92D309F513E85DC.e.1002","ELEMENT":"f.0D8D1E8C4444AAF4F6CCCAD0803F9B10.d.409AA871949AA30FA92D309F513E85DC.e.1002"}]}
COMMAND: GET /session/6f873cfbd9220f733b1c899e801fac9f/screenshot - {}
RESULT: {}
COMMAND: GET /session/6f873cfbd9220f733b1c899e801fac9f/screenshot - {}
RESULT: {"script":"<script> [5351 bytes]","args":[{"element-6066-11e4-a52e-4f735466cecf":"f.0D8D1E8C4444AAF4F6CCCAD0803F9B10.d.409AA871949AA30FA92D309F513E85DC.e.1002","ELEMENT":"f.0D8D1E8C4444AAF4F6CCCAD0803F9B10.d.409AA871949AA30FA92D309F513E85DC.e.1002"}]}
COMMAND: GET /session/6f873cfbd9220f733b1c899e801fac9f/screenshot - {}
RESULT: {}
RESULT: {}
RESULT: {}
COMMAND: POST /session/6f873cfbd9220f733b1c899e801fac9f/window/fullscreen - {}
RESULT: {}
COMMAND: POST /session/6f873cfbd9220f733b1c899e801fac9f/execute/async - {"script":"<script> [1562 bytes]","args":[{"selector":{"controlType":"sap.m.GenericTile","properties":{"header":"Manage Partners"}},"wdio_ui5_key":"sapm.GenericTile{\"header\":\"Manage Partners\"}"}]}
RESULT: {"script":"<script> [1562 bytes]","args":[{"selector":{"controlType":"sap.m.GenericTile","properties":{"header":"Manage Partners"}},"wdio_ui5_key":"sapm.GenericTile{\"header\":\"Manage Partners\"}"}]}
RESULT: undefined
COMMAND: POST /session/6f873cfbd9220f733b1c899e801fac9f/element - {"using":"xpath","value":"//*[@id=\"__tile38\"]"}
RESULT: {"using":"xpath","value":"//*[@id=\"__tile38\"]"}
COMMAND: POST /session/6f873cfbd9220f733b1c899e801fac9f/element/f.0D8D1E8C4444AAF4F6CCCAD0803F9B10.d.409AA871949AA30FA92D309F513E85DC.e.147/click - {}
RESULT: {}
COMMAND: POST /session/6f873cfbd9220f733b1c899e801fac9f/element - {"using":"xpath","value":"//button[@data-kt=\"addButton\"]"}
COMMAND: GET /session/6f873cfbd9220f733b1c899e801fac9f/screenshot - {}
RESULT: {"using":"xpath","value":"//button[@data-kt=\"addButton\"]"}
COMMAND: POST /session/6f873cfbd9220f733b1c899e801fac9f/elements - {"using":"xpath","value":"//button[@data-kt=\"addButton\"]"}
RESULT: {}
RESULT: {"using":"xpath","value":"//button[@data-kt=\"addButton\"]"}
COMMAND: POST /session/6f873cfbd9220f733b1c899e801fac9f/elements - {"using":"xpath","value":"//button[@data-kt=\"addButton\"]"}
RESULT: {"using":"xpath","value":"//button[@data-kt=\"addButton\"]"}
COMMAND: POST /session/6f873cfbd9220f733b1c899e801fac9f/elements - {"using":"xpath","value":"//button[@data-kt=\"addButton\"]"}
RESULT: {"using":"xpath","value":"//button[@data-kt=\"addButton\"]"}
COMMAND: POST /session/6f873cfbd9220f733b1c899e801fac9f/elements - {"using":"xpath","value":"//button[@data-kt=\"addButton\"]"}
RESULT: {"using":"xpath","value":"//button[@data-kt=\"addButton\"]"}
COMMAND: POST /session/6f873cfbd9220f733b1c899e801fac9f/elements - {"using":"xpath","value":"//button[@data-kt=\"addButton\"]"}
RESULT: {"using":"xpath","value":"//button[@data-kt=\"addButton\"]"}
COMMAND: POST /session/6f873cfbd9220f733b1c899e801fac9f/elements - {"using":"xpath","value":"//button[@data-kt=\"addButton\"]"}
RESULT: {"using":"xpath","value":"//button[@data-kt=\"addButton\"]"}
COMMAND: POST /session/6f873cfbd9220f733b1c899e801fac9f/elements - {"using":"xpath","value":"//button[@data-kt=\"addButton\"]"}
RESULT: {"using":"xpath","value":"//button[@data-kt=\"addButton\"]"}
COMMAND: POST /session/6f873cfbd9220f733b1c899e801fac9f/elements - {"using":"xpath","value":"//button[@data-kt=\"addButton\"]"}
RESULT: {"using":"xpath","value":"//button[@data-kt=\"addButton\"]"}
COMMAND: POST /session/6f873cfbd9220f733b1c899e801fac9f/elements - {"using":"xpath","value":"//button[@data-kt=\"addButton\"]"}
RESULT: {"using":"xpath","value":"//button[@data-kt=\"addButton\"]"}
COMMAND: POST /session/6f873cfbd9220f733b1c899e801fac9f/elements - {"using":"xpath","value":"//button[@data-kt=\"addButton\"]"}
RESULT: {"using":"xpath","value":"//button[@data-kt=\"addButton\"]"}
COMMAND: POST /session/6f873cfbd9220f733b1c899e801fac9f/elements - {"using":"xpath","value":"//button[@data-kt=\"addButton\"]"}
RESULT: {"using":"xpath","value":"//button[@data-kt=\"addButton\"]"}
COMMAND: POST /session/6f873cfbd9220f733b1c899e801fac9f/elements - {"using":"xpath","value":"//button[@data-kt=\"addButton\"]"}
RESULT: {"using":"xpath","value":"//button[@data-kt=\"addButton\"]"}
COMMAND: POST /session/6f873cfbd9220f733b1c899e801fac9f/elements - {"using":"xpath","value":"//button[@data-kt=\"addButton\"]"}
RESULT: {"using":"xpath","value":"//button[@data-kt=\"addButton\"]"}
COMMAND: POST /session/6f873cfbd9220f733b1c899e801fac9f/elements - {"using":"xpath","value":"//button[@data-kt=\"addButton\"]"}
RESULT: {"using":"xpath","value":"//button[@data-kt=\"addButton\"]"}
COMMAND: POST /session/6f873cfbd9220f733b1c899e801fac9f/elements - {"using":"xpath","value":"//button[@data-kt=\"addButton\"]"}
RESULT: {"using":"xpath","value":"//button[@data-kt=\"addButton\"]"}
COMMAND: POST /session/6f873cfbd9220f733b1c899e801fac9f/elements - {"using":"xpath","value":"//button[@data-kt=\"addButton\"]"}
RESULT: {"using":"xpath","value":"//button[@data-kt=\"addButton\"]"}
COMMAND: POST /session/6f873cfbd9220f733b1c899e801fac9f/elements - {"using":"xpath","value":"//button[@data-kt=\"addButton\"]"}
RESULT: {"using":"xpath","value":"//button[@data-kt=\"addButton\"]"}
COMMAND: POST /session/6f873cfbd9220f733b1c899e801fac9f/elements - {"using":"xpath","value":"//button[@data-kt=\"addButton\"]"}
RESULT: {"using":"xpath","value":"//button[@data-kt=\"addButton\"]"}
COMMAND: POST /session/6f873cfbd9220f733b1c899e801fac9f/elements - {"using":"xpath","value":"//button[@data-kt=\"addButton\"]"}
RESULT: {"using":"xpath","value":"//button[@data-kt=\"addButton\"]"}
COMMAND: POST /session/6f873cfbd9220f733b1c899e801fac9f/elements - {"using":"xpath","value":"//button[@data-kt=\"addButton\"]"}
RESULT: {"using":"xpath","value":"//button[@data-kt=\"addButton\"]"}
COMMAND: POST /session/6f873cfbd9220f733b1c899e801fac9f/elements - {"using":"xpath","value":"//button[@data-kt=\"addButton\"]"}
RESULT: {"using":"xpath","value":"//button[@data-kt=\"addButton\"]"}
COMMAND: POST /session/6f873cfbd9220f733b1c899e801fac9f/elements - {"using":"xpath","value":"//button[@data-kt=\"addButton\"]"}
RESULT: {"using":"xpath","value":"//button[@data-kt=\"addButton\"]"}
COMMAND: POST /session/6f873cfbd9220f733b1c899e801fac9f/elements - {"using":"xpath","value":"//button[@data-kt=\"addButton\"]"}
RESULT: {"using":"xpath","value":"//button[@data-kt=\"addButton\"]"}
COMMAND: POST /session/6f873cfbd9220f733b1c899e801fac9f/elements - {"using":"xpath","value":"//button[@data-kt=\"addButton\"]"}
RESULT: {"using":"xpath","value":"//button[@data-kt=\"addButton\"]"}
COMMAND: POST /session/6f873cfbd9220f733b1c899e801fac9f/element - {"using":"xpath","value":"//button[@data-kt=\"addButton\"]"}
RESULT: {"using":"xpath","value":"//button[@data-kt=\"addButton\"]"}
COMMAND: POST /session/6f873cfbd9220f733b1c899e801fac9f/execute/sync - {"script":"<script> [8489 bytes]","args":[{"element-6066-11e4-a52e-4f735466cecf":"f.0D8D1E8C4444AAF4F6CCCAD0803F9B10.d.409AA871949AA30FA92D309F513E85DC.e.1048","ELEMENT":"f.0D8D1E8C4444AAF4F6CCCAD0803F9B10.d.409AA871949AA30FA92D309F513E85DC.e.1048"}]}
RESULT: {"script":"<script> [8489 bytes]","args":[{"element-6066-11e4-a52e-4f735466cecf":"f.0D8D1E8C4444AAF4F6CCCAD0803F9B10.d.409AA871949AA30FA92D309F513E85DC.e.1048","ELEMENT":"f.0D8D1E8C4444AAF4F6CCCAD0803F9B10.d.409AA871949AA30FA92D309F513E85DC.e.1048"}]}
COMMAND: GET /session/6f873cfbd9220f733b1c899e801fac9f/element/f.0D8D1E8C4444AAF4F6CCCAD0803F9B10.d.409AA871949AA30FA92D309F513E85DC.e.1048/enabled - {}
COMMAND: GET /session/6f873cfbd9220f733b1c899e801fac9f/screenshot - {}
RESULT: {}
COMMAND: POST /session/6f873cfbd9220f733b1c899e801fac9f/execute/sync - {"script":"<script> [8489 bytes]","args":[{"element-6066-11e4-a52e-4f735466cecf":"f.0D8D1E8C4444AAF4F6CCCAD0803F9B10.d.409AA871949AA30FA92D309F513E85DC.e.1048","ELEMENT":"f.0D8D1E8C4444AAF4F6CCCAD0803F9B10.d.409AA871949AA30FA92D309F513E85DC.e.1048"}]}
COMMAND: GET /session/6f873cfbd9220f733b1c899e801fac9f/screenshot - {}
RESULT: {}
RESULT: {"script":"<script> [8489 bytes]","args":[{"element-6066-11e4-a52e-4f735466cecf":"f.0D8D1E8C4444AAF4F6CCCAD0803F9B10.d.409AA871949AA30FA92D309F513E85DC.e.1048","ELEMENT":"f.0D8D1E8C4444AAF4F6CCCAD0803F9B10.d.409AA871949AA30FA92D309F513E85DC.e.1048"}]}
COMMAND: POST /session/6f873cfbd9220f733b1c899e801fac9f/execute/sync - {"script":"<script> [5351 bytes]","args":[{"element-6066-11e4-a52e-4f735466cecf":"f.0D8D1E8C4444AAF4F6CCCAD0803F9B10.d.409AA871949AA30FA92D309F513E85DC.e.1048","ELEMENT":"f.0D8D1E8C4444AAF4F6CCCAD0803F9B10.d.409AA871949AA30FA92D309F513E85DC.e.1048"}]}
COMMAND: GET /session/6f873cfbd9220f733b1c899e801fac9f/screenshot - {}
RESULT: {}
RESULT: {"script":"<script> [5351 bytes]","args":[{"element-6066-11e4-a52e-4f735466cecf":"f.0D8D1E8C4444AAF4F6CCCAD0803F9B10.d.409AA871949AA30FA92D309F513E85DC.e.1048","ELEMENT":"f.0D8D1E8C4444AAF4F6CCCAD0803F9B10.d.409AA871949AA30FA92D309F513E85DC.e.1048"}]}
COMMAND: POST /session/6f873cfbd9220f733b1c899e801fac9f/element/f.0D8D1E8C4444AAF4F6CCCAD0803F9B10.d.409AA871949AA30FA92D309F513E85DC.e.1048/click - {}
COMMAND: GET /session/6f873cfbd9220f733b1c899e801fac9f/screenshot - {}
RESULT: {}
RESULT: {}
COMMAND: GET /session/6f873cfbd9220f733b1c899e801fac9f/screenshot - {}
COMMAND: POST /session/6f873cfbd9220f733b1c899e801fac9f/execute/async - {"script":"<script> [1562 bytes]","args":[{"selector":{"id":"application-managepartners-display-component---NewPartner--addressDetailDetailsName1","interaction":{"idSuffix":"inner"}},"wdio_ui5_key":"applicationmanagepartners-display-component---NewPartner--addressDetailDetailsName1"}]}
RESULT: {}
RESULT: {}
RESULT: {"script":"<script> [1562 bytes]","args":[{"selector":{"id":"application-managepartners-display-component---NewPartner--addressDetailDetailsName1","interaction":{"idSuffix":"inner"}},"wdio_ui5_key":"applicationmanagepartners-display-component---NewPartner--addressDetailDetailsName1"}]}
RESULT: undefined
COMMAND: POST /session/6f873cfbd9220f733b1c899e801fac9f/execute/async - {"script":"<script> [776 bytes]","args":[{"enterText":"External Partner WDIO","selector":{"id":"application-managepartners-display-component---NewPartner--addressDetailDetailsName1","interaction":{"idSuffix":"inner"}},"clearTextFirst":true,"interactionType":"ENTER_TEXT"}]}
RESULT: {"script":"<script> [776 bytes]","args":[{"enterText":"External Partner WDIO","selector":{"id":"application-managepartners-display-component---NewPartner--addressDetailDetailsName1","interaction":{"idSuffix":"inner"}},"clearTextFirst":true,"interactionType":"ENTER_TEXT"}]}
COMMAND: POST /session/6f873cfbd9220f733b1c899e801fac9f/execute/async - {"script":"<script> [1562 bytes]","args":[{"selector":{"id":"application-managepartners-display-component---NewPartner--addressDetailDetailsLanguage-arrow"},"wdio_ui5_key":"applicationmanagepartners-display-component---NewPartner--addressDetailDetailsLanguage-arrow"}]}
RESULT: {"script":"<script> [1562 bytes]","args":[{"selector":{"id":"application-managepartners-display-component---NewPartner--addressDetailDetailsLanguage-arrow"},"wdio_ui5_key":"applicationmanagepartners-display-component---NewPartner--addressDetailDetailsLanguage-arrow"}]}
RESULT: undefined
COMMAND: POST /session/6f873cfbd9220f733b1c899e801fac9f/element - {"using":"xpath","value":"//*[@id=\"application-managepartners-display-component---NewPartner--addressDetailDetailsLanguage-arrow\"]"}
RESULT: {"using":"xpath","value":"//*[@id=\"application-managepartners-display-component---NewPartner--addressDetailDetailsLanguage-arrow\"]"}
COMMAND: POST /session/6f873cfbd9220f733b1c899e801fac9f/element/f.0D8D1E8C4444AAF4F6CCCAD0803F9B10.d.409AA871949AA30FA92D309F513E85DC.e.1481/click - {}
RESULT: {}
COMMAND: POST /session/6f873cfbd9220f733b1c899e801fac9f/element - {"using":"xpath","value":"//span[contains(text(), \"English\")]"}
COMMAND: GET /session/6f873cfbd9220f733b1c899e801fac9f/screenshot - {}
RESULT: {"using":"xpath","value":"//span[contains(text(), \"English\")]"}
COMMAND: POST /session/6f873cfbd9220f733b1c899e801fac9f/element/f.0D8D1E8C4444AAF4F6CCCAD0803F9B10.d.409AA871949AA30FA92D309F513E85DC.e.1482/click - {}
RESULT: {}
RESULT: {}
COMMAND: GET /session/6f873cfbd9220f733b1c899e801fac9f/screenshot - {}
RESULT: {}
COMMAND: POST /session/6f873cfbd9220f733b1c899e801fac9f/execute/async - {"script":"<script> [1562 bytes]","args":[{"selector":{"id":"application-managepartners-display-component---NewPartner--addressDetailDetailsCity1","interaction":{"idSuffix":"inner"}},"wdio_ui5_key":"applicationmanagepartners-display-component---NewPartner--addressDetailDetailsCity1"}]}
RESULT: {"script":"<script> [1562 bytes]","args":[{"selector":{"id":"application-managepartners-display-component---NewPartner--addressDetailDetailsCity1","interaction":{"idSuffix":"inner"}},"wdio_ui5_key":"applicationmanagepartners-display-component---NewPartner--addressDetailDetailsCity1"}]}
RESULT: undefined
COMMAND: POST /session/6f873cfbd9220f733b1c899e801fac9f/execute/async - {"script":"<script> [776 bytes]","args":[{"enterText":"Rosario","selector":{"id":"application-managepartners-display-component---NewPartner--addressDetailDetailsCity1","interaction":{"idSuffix":"inner"}},"clearTextFirst":true,"interactionType":"ENTER_TEXT"}]}
RESULT: {"script":"<script> [776 bytes]","args":[{"enterText":"Rosario","selector":{"id":"application-managepartners-display-component---NewPartner--addressDetailDetailsCity1","interaction":{"idSuffix":"inner"}},"clearTextFirst":true,"interactionType":"ENTER_TEXT"}]}
COMMAND: POST /session/6f873cfbd9220f733b1c899e801fac9f/execute/async - {"script":"<script> [1562 bytes]","args":[{"selector":{"id":"application-managepartners-display-component---NewPartner--addressDetailDetailsCountry-arrow"},"wdio_ui5_key":"applicationmanagepartners-display-component---NewPartner--addressDetailDetailsCountry-arrow"}]}
RESULT: {"script":"<script> [1562 bytes]","args":[{"selector":{"id":"application-managepartners-display-component---NewPartner--addressDetailDetailsCountry-arrow"},"wdio_ui5_key":"applicationmanagepartners-display-component---NewPartner--addressDetailDetailsCountry-arrow"}]}
RESULT: undefined
COMMAND: POST /session/6f873cfbd9220f733b1c899e801fac9f/element - {"using":"xpath","value":"//*[@id=\"application-managepartners-display-component---NewPartner--addressDetailDetailsCountry-arrow\"]"}
RESULT: {"using":"xpath","value":"//*[@id=\"application-managepartners-display-component---NewPartner--addressDetailDetailsCountry-arrow\"]"}
COMMAND: POST /session/6f873cfbd9220f733b1c899e801fac9f/element/f.0D8D1E8C4444AAF4F6CCCAD0803F9B10.d.409AA871949AA30FA92D309F513E85DC.e.1470/click - {}
RESULT: {}
COMMAND: POST /session/6f873cfbd9220f733b1c899e801fac9f/element - {"using":"xpath","value":"//span[contains(text(), \"Argentina\")]"}
COMMAND: GET /session/6f873cfbd9220f733b1c899e801fac9f/screenshot - {}
RESULT: {"using":"xpath","value":"//span[contains(text(), \"Argentina\")]"}
COMMAND: POST /session/6f873cfbd9220f733b1c899e801fac9f/element/f.0D8D1E8C4444AAF4F6CCCAD0803F9B10.d.409AA871949AA30FA92D309F513E85DC.e.1484/click - {}
RESULT: {}
RESULT: {}
COMMAND: GET /session/6f873cfbd9220f733b1c899e801fac9f/screenshot - {}
RESULT: {}
COMMAND: POST /session/6f873cfbd9220f733b1c899e801fac9f/element - {"using":"xpath","value":"//bdi[contains(text(), \"Commercial\")]"}
RESULT: {"using":"xpath","value":"//bdi[contains(text(), \"Commercial\")]"}
COMMAND: POST /session/6f873cfbd9220f733b1c899e801fac9f/element/f.0D8D1E8C4444AAF4F6CCCAD0803F9B10.d.409AA871949AA30FA92D309F513E85DC.e.1485/click - {}
RESULT: {}
COMMAND: GET /session/6f873cfbd9220f733b1c899e801fac9f/screenshot - {}
RESULT: {}
COMMAND: POST /session/6f873cfbd9220f733b1c899e801fac9f/execute/async - {"script":"<script> [1562 bytes]","args":[{"selector":{"id":"application-managepartners-display-component---NewPartner--partnerDetailInternal-arrow"},"wdio_ui5_key":"applicationmanagepartners-display-component---NewPartner--partnerDetailInternal-arrow"}]}
RESULT: {"script":"<script> [1562 bytes]","args":[{"selector":{"id":"application-managepartners-display-component---NewPartner--partnerDetailInternal-arrow"},"wdio_ui5_key":"applicationmanagepartners-display-component---NewPartner--partnerDetailInternal-arrow"}]}
RESULT: undefined
COMMAND: POST /session/6f873cfbd9220f733b1c899e801fac9f/element - {"using":"xpath","value":"//*[@id=\"application-managepartners-display-component---NewPartner--partnerDetailInternal-arrow\"]"}
RESULT: {"using":"xpath","value":"//*[@id=\"application-managepartners-display-component---NewPartner--partnerDetailInternal-arrow\"]"}
COMMAND: POST /session/6f873cfbd9220f733b1c899e801fac9f/element/f.0D8D1E8C4444AAF4F6CCCAD0803F9B10.d.409AA871949AA30FA92D309F513E85DC.e.1491/click - {}
RESULT: {}
COMMAND: POST /session/6f873cfbd9220f733b1c899e801fac9f/element - {"using":"xpath","value":"//span[contains(text(), \"External partner\")]"}
COMMAND: GET /session/6f873cfbd9220f733b1c899e801fac9f/screenshot - {}
RESULT: {"using":"xpath","value":"//span[contains(text(), \"External partner\")]"}
COMMAND: POST /session/6f873cfbd9220f733b1c899e801fac9f/element/f.0D8D1E8C4444AAF4F6CCCAD0803F9B10.d.409AA871949AA30FA92D309F513E85DC.e.1494/click - {}
RESULT: {}
RESULT: {}
COMMAND: POST /session/6f873cfbd9220f733b1c899e801fac9f/execute/async - {"script":"<script> [1562 bytes]","args":[{"selector":{"id":"application-managepartners-display-component---NewPartner--partnerDetailsCurrency-arrow"},"wdio_ui5_key":"applicationmanagepartners-display-component---NewPartner--partnerDetailsCurrency-arrow"}]}
COMMAND: GET /session/6f873cfbd9220f733b1c899e801fac9f/screenshot - {}
RESULT: {"script":"<script> [1562 bytes]","args":[{"selector":{"id":"application-managepartners-display-component---NewPartner--partnerDetailsCurrency-arrow"},"wdio_ui5_key":"applicationmanagepartners-display-component---NewPartner--partnerDetailsCurrency-arrow"}]}
RESULT: undefined
COMMAND: POST /session/6f873cfbd9220f733b1c899e801fac9f/element - {"using":"xpath","value":"//*[@id=\"application-managepartners-display-component---NewPartner--partnerDetailsCurrency-arrow\"]"}
RESULT: {}
RESULT: {"using":"xpath","value":"//*[@id=\"application-managepartners-display-component---NewPartner--partnerDetailsCurrency-arrow\"]"}
COMMAND: POST /session/6f873cfbd9220f733b1c899e801fac9f/element/f.0D8D1E8C4444AAF4F6CCCAD0803F9B10.d.409AA871949AA30FA92D309F513E85DC.e.1499/click - {}
RESULT: {}
COMMAND: POST /session/6f873cfbd9220f733b1c899e801fac9f/element - {"using":"xpath","value":"//span[contains(text(), \"US Dollar\")]"}
COMMAND: GET /session/6f873cfbd9220f733b1c899e801fac9f/screenshot - {}
RESULT: {"using":"xpath","value":"//span[contains(text(), \"US Dollar\")]"}
COMMAND: POST /session/6f873cfbd9220f733b1c899e801fac9f/element/f.0D8D1E8C4444AAF4F6CCCAD0803F9B10.d.409AA871949AA30FA92D309F513E85DC.e.1500/click - {}
RESULT: {}
RESULT: {}
COMMAND: GET /session/6f873cfbd9220f733b1c899e801fac9f/screenshot - {}
RESULT: {}
COMMAND: POST /session/6f873cfbd9220f733b1c899e801fac9f/element - {"using":"xpath","value":"//input[@id=\"application-managepartners-display-component---NewPartner--companyCodeComboBox-inner\"]"}
RESULT: {"using":"xpath","value":"//input[@id=\"application-managepartners-display-component---NewPartner--companyCodeComboBox-inner\"]"}
COMMAND: POST /session/6f873cfbd9220f733b1c899e801fac9f/element/f.0D8D1E8C4444AAF4F6CCCAD0803F9B10.d.409AA871949AA30FA92D309F513E85DC.e.1361/clear - {}
RESULT: {}
COMMAND: POST /session/6f873cfbd9220f733b1c899e801fac9f/element/f.0D8D1E8C4444AAF4F6CCCAD0803F9B10.d.409AA871949AA30FA92D309F513E85DC.e.1361/value - {"text":"C002"}
COMMAND: GET /session/6f873cfbd9220f733b1c899e801fac9f/screenshot - {}
RESULT: {"text":"C002"}
COMMAND: GET /session/6f873cfbd9220f733b1c899e801fac9f/screenshot - {}
RESULT: {}
RESULT: {}
COMMAND: POST /session/6f873cfbd9220f733b1c899e801fac9f/element - {"using":"xpath","value":"//li[.//span[text()= \"C002\"]]"}
RESULT: {"using":"xpath","value":"//li[.//span[text()= \"C002\"]]"}
COMMAND: POST /session/6f873cfbd9220f733b1c899e801fac9f/element/f.0D8D1E8C4444AAF4F6CCCAD0803F9B10.d.409AA871949AA30FA92D309F513E85DC.e.1504/click - {}
RESULT: {}
COMMAND: GET /session/6f873cfbd9220f733b1c899e801fac9f/screenshot - {}
RESULT: {}
COMMAND: POST /session/6f873cfbd9220f733b1c899e801fac9f/execute/async - {"script":"<script> [1562 bytes]","args":[{"selector":{"id":"application-managepartners-display-component---NewPartner--btnAddTableRow-img"},"wdio_ui5_key":"applicationmanagepartners-display-component---NewPartner--btnAddTableRow-img"}]}
RESULT: {"script":"<script> [1562 bytes]","args":[{"selector":{"id":"application-managepartners-display-component---NewPartner--btnAddTableRow-img"},"wdio_ui5_key":"applicationmanagepartners-display-component---NewPartner--btnAddTableRow-img"}]}
RESULT: undefined
COMMAND: POST /session/6f873cfbd9220f733b1c899e801fac9f/element - {"using":"xpath","value":"//*[@id=\"application-managepartners-display-component---NewPartner--btnAddTableRow-img\"]"}
RESULT: {"using":"xpath","value":"//*[@id=\"application-managepartners-display-component---NewPartner--btnAddTableRow-img\"]"}
COMMAND: POST /session/6f873cfbd9220f733b1c899e801fac9f/element/f.0D8D1E8C4444AAF4F6CCCAD0803F9B10.d.409AA871949AA30FA92D309F513E85DC.e.1505/click - {}
RESULT: {}
COMMAND: GET /session/6f873cfbd9220f733b1c899e801fac9f/screenshot - {}
RESULT: {}
COMMAND: POST /session/6f873cfbd9220f733b1c899e801fac9f/element - {"using":"xpath","value":"//input[@id=\"application-managepartners-display-component---NewPartner--assignmentYard-application-managepartners-display-component---NewPartner--assignmentsTable-0-inner\"]"}
RESULT: {"using":"xpath","value":"//input[@id=\"application-managepartners-display-component---NewPartner--assignmentYard-application-managepartners-display-component---NewPartner--assignmentsTable-0-inner\"]"}
COMMAND: POST /session/6f873cfbd9220f733b1c899e801fac9f/element/f.0D8D1E8C4444AAF4F6CCCAD0803F9B10.d.409AA871949AA30FA92D309F513E85DC.e.1508/clear - {}
RESULT: {}
COMMAND: POST /session/6f873cfbd9220f733b1c899e801fac9f/element/f.0D8D1E8C4444AAF4F6CCCAD0803F9B10.d.409AA871949AA30FA92D309F513E85DC.e.1508/value - {"text":"294"}
COMMAND: GET /session/6f873cfbd9220f733b1c899e801fac9f/screenshot - {}
RESULT: {"text":"294"}
COMMAND: GET /session/6f873cfbd9220f733b1c899e801fac9f/screenshot - {}
RESULT: {}
RESULT: {}
COMMAND: POST /session/6f873cfbd9220f733b1c899e801fac9f/element - {"using":"xpath","value":"//li[.//span[text()='294']]"}
RESULT: {"using":"xpath","value":"//li[.//span[text()='294']]"}
COMMAND: POST /session/6f873cfbd9220f733b1c899e801fac9f/element/f.0D8D1E8C4444AAF4F6CCCAD0803F9B10.d.409AA871949AA30FA92D309F513E85DC.e.1516/click - {}
RESULT: {}
COMMAND: GET /session/6f873cfbd9220f733b1c899e801fac9f/screenshot - {}
RESULT: {}
COMMAND: POST /session/6f873cfbd9220f733b1c899e801fac9f/actions - {"actions":[{"id":"action2","type":"key","parameters":{},"actions":[{"type":"keyDown","value":"î€‡"},{"type":"pause","duration":10},{"type":"keyUp","value":"î€‡"}]}]}
RESULT: {"actions":[{"id":"action2","type":"key","parameters":{},"actions":[{"type":"keyDown","value":"î€‡"},{"type":"pause","duration":10},{"type":"keyUp","value":"î€‡"}]}]}
COMMAND: POST /session/6f873cfbd9220f733b1c899e801fac9f/element - {"using":"xpath","value":"//td[contains(@id, \"assignmentsTable-0-cell2\")]/div/div"}
COMMAND: GET /session/6f873cfbd9220f733b1c899e801fac9f/screenshot - {}
RESULT: {"using":"xpath","value":"//td[contains(@id, \"assignmentsTable-0-cell2\")]/div/div"}
COMMAND: POST /session/6f873cfbd9220f733b1c899e801fac9f/element/f.0D8D1E8C4444AAF4F6CCCAD0803F9B10.d.409AA871949AA30FA92D309F513E85DC.e.1519/click - {}
RESULT: {}
RESULT: {}
COMMAND: GET /session/6f873cfbd9220f733b1c899e801fac9f/screenshot - {}
RESULT: {}
COMMAND: POST /session/6f873cfbd9220f733b1c899e801fac9f/element - {"using":"xpath","value":"//button[@data-kt=\"saveButton\"]"}
RESULT: {"using":"xpath","value":"//button[@data-kt=\"saveButton\"]"}
COMMAND: POST /session/6f873cfbd9220f733b1c899e801fac9f/element/f.0D8D1E8C4444AAF4F6CCCAD0803F9B10.d.409AA871949AA30FA92D309F513E85DC.e.1387/click - {}
RESULT: {}
COMMAND: GET /session/6f873cfbd9220f733b1c899e801fac9f/screenshot - {}
RESULT: {}
COMMAND: POST /session/6f873cfbd9220f733b1c899e801fac9f/element - {"using":"xpath","value":"//header[contains(@id, 'ObjectPageLayout-headerTitle')]/div[1]/div[2]/div[2]/span[1]"}
RESULT: {"using":"xpath","value":"//header[contains(@id, 'ObjectPageLayout-headerTitle')]/div[1]/div[2]/div[2]/span[1]"}
COMMAND: POST /session/6f873cfbd9220f733b1c899e801fac9f/elements - {"using":"xpath","value":"//header[contains(@id, 'ObjectPageLayout-headerTitle')]/div[1]/div[2]/div[2]/span[1]"}
RESULT: {"using":"xpath","value":"//header[contains(@id, 'ObjectPageLayout-headerTitle')]/div[1]/div[2]/div[2]/span[1]"}
COMMAND: POST /session/6f873cfbd9220f733b1c899e801fac9f/execute/sync - {"script":"<script> [56 bytes]","args":[{"element-6066-11e4-a52e-4f735466cecf":"f.0D8D1E8C4444AAF4F6CCCAD0803F9B10.d.409AA871949AA30FA92D309F513E85DC.e.1682","ELEMENT":"f.0D8D1E8C4444AAF4F6CCCAD0803F9B10.d.409AA871949AA30FA92D309F513E85DC.e.1682"}]}
RESULT: {"script":"<script> [56 bytes]","args":[{"element-6066-11e4-a52e-4f735466cecf":"f.0D8D1E8C4444AAF4F6CCCAD0803F9B10.d.409AA871949AA30FA92D309F513E85DC.e.1682","ELEMENT":"f.0D8D1E8C4444AAF4F6CCCAD0803F9B10.d.409AA871949AA30FA92D309F513E85DC.e.1682"}]}
COMMAND: POST /session/6f873cfbd9220f733b1c899e801fac9f/element - {"using":"css selector","value":"#shell-header-logo"}
COMMAND: GET /session/6f873cfbd9220f733b1c899e801fac9f/screenshot - {}
RESULT: {"using":"css selector","value":"#shell-header-logo"}
COMMAND: POST /session/6f873cfbd9220f733b1c899e801fac9f/element/f.0D8D1E8C4444AAF4F6CCCAD0803F9B10.d.409AA871949AA30FA92D309F513E85DC.e.1002/click - {}
RESULT: {}
RESULT: {}
COMMAND: GET /session/6f873cfbd9220f733b1c899e801fac9f/screenshot - {}
RESULT: {}
COMMAND: POST /session/6f873cfbd9220f733b1c899e801fac9f/execute/sync - {"script":"<script> [299 bytes]","args":[["getModel","getResource"]]}
RESULT: {"script":"<script> [299 bytes]","args":[["getModel","getResource"]]}
]]></system-out>
    </testcase>
    <testcase classname="chrome.136_0_7103_49.windows.Partner_specific_tests_US150819_US151080_US151654_US151176_US103444_US151078_US151079_US151109_US151174_US151175_US151189" name="Should filter and search partners US151080" time="98.074">
      <system-out><![CDATA[
COMMAND: POST /session/6f873cfbd9220f733b1c899e801fac9f/element - {"using":"xpath","value":"//li[.//span[text()=\"Manage Partners\"]]"}
COMMAND: GET /session/6f873cfbd9220f733b1c899e801fac9f/screenshot - {}
RESULT: {"using":"xpath","value":"//li[.//span[text()=\"Manage Partners\"]]"}
COMMAND: POST /session/6f873cfbd9220f733b1c899e801fac9f/element - {"using":"xpath","value":"//li[.//span[text()=\"Manage Partners\"]]"}
RESULT: {}
RESULT: {"using":"xpath","value":"//li[.//span[text()=\"Manage Partners\"]]"}
COMMAND: POST /session/6f873cfbd9220f733b1c899e801fac9f/element - {"using":"css selector","value":"#shell-header-logo"}
RESULT: {"using":"css selector","value":"#shell-header-logo"}
COMMAND: POST /session/6f873cfbd9220f733b1c899e801fac9f/element/f.0D8D1E8C4444AAF4F6CCCAD0803F9B10.d.409AA871949AA30FA92D309F513E85DC.e.1684/click - {}
COMMAND: POST /session/6f873cfbd9220f733b1c899e801fac9f/execute/sync - {"script":"<script> [8489 bytes]","args":[{"element-6066-11e4-a52e-4f735466cecf":"f.0D8D1E8C4444AAF4F6CCCAD0803F9B10.d.409AA871949AA30FA92D309F513E85DC.e.1684","ELEMENT":"f.0D8D1E8C4444AAF4F6CCCAD0803F9B10.d.409AA871949AA30FA92D309F513E85DC.e.1684"}]}
RESULT: {}
COMMAND: GET /session/6f873cfbd9220f733b1c899e801fac9f/screenshot - {}
RESULT: {"script":"<script> [8489 bytes]","args":[{"element-6066-11e4-a52e-4f735466cecf":"f.0D8D1E8C4444AAF4F6CCCAD0803F9B10.d.409AA871949AA30FA92D309F513E85DC.e.1684","ELEMENT":"f.0D8D1E8C4444AAF4F6CCCAD0803F9B10.d.409AA871949AA30FA92D309F513E85DC.e.1684"}]}
COMMAND: POST /session/6f873cfbd9220f733b1c899e801fac9f/execute/sync - {"script":"<script> [5351 bytes]","args":[{"element-6066-11e4-a52e-4f735466cecf":"f.0D8D1E8C4444AAF4F6CCCAD0803F9B10.d.409AA871949AA30FA92D309F513E85DC.e.1684","ELEMENT":"f.0D8D1E8C4444AAF4F6CCCAD0803F9B10.d.409AA871949AA30FA92D309F513E85DC.e.1684"}]}
COMMAND: GET /session/6f873cfbd9220f733b1c899e801fac9f/screenshot - {}
RESULT: {}
RESULT: {"script":"<script> [5351 bytes]","args":[{"element-6066-11e4-a52e-4f735466cecf":"f.0D8D1E8C4444AAF4F6CCCAD0803F9B10.d.409AA871949AA30FA92D309F513E85DC.e.1684","ELEMENT":"f.0D8D1E8C4444AAF4F6CCCAD0803F9B10.d.409AA871949AA30FA92D309F513E85DC.e.1684"}]}
COMMAND: GET /session/6f873cfbd9220f733b1c899e801fac9f/screenshot - {}
RESULT: {}
RESULT: {}
RESULT: undefined
COMMAND: POST /session/6f873cfbd9220f733b1c899e801fac9f/element - {"using":"xpath","value":"//*[@id=\"__tile38\"]"}
RESULT: {"using":"xpath","value":"//*[@id=\"__tile38\"]"}
COMMAND: POST /session/6f873cfbd9220f733b1c899e801fac9f/element/f.0D8D1E8C4444AAF4F6CCCAD0803F9B10.d.409AA871949AA30FA92D309F513E85DC.e.147/click - {}
RESULT: {}
COMMAND: POST /session/6f873cfbd9220f733b1c899e801fac9f/element - {"using":"xpath","value":"//button[@data-kt=\"addButton\"]"}
COMMAND: GET /session/6f873cfbd9220f733b1c899e801fac9f/screenshot - {}
RESULT: {"using":"xpath","value":"//button[@data-kt=\"addButton\"]"}
COMMAND: POST /session/6f873cfbd9220f733b1c899e801fac9f/elements - {"using":"xpath","value":"//button[@data-kt=\"addButton\"]"}
RESULT: {}
RESULT: {"using":"xpath","value":"//button[@data-kt=\"addButton\"]"}
COMMAND: POST /session/6f873cfbd9220f733b1c899e801fac9f/elements - {"using":"xpath","value":"//button[@data-kt=\"addButton\"]"}
RESULT: {"using":"xpath","value":"//button[@data-kt=\"addButton\"]"}
COMMAND: POST /session/6f873cfbd9220f733b1c899e801fac9f/elements - {"using":"xpath","value":"//button[@data-kt=\"addButton\"]"}
RESULT: {"using":"xpath","value":"//button[@data-kt=\"addButton\"]"}
COMMAND: POST /session/6f873cfbd9220f733b1c899e801fac9f/elements - {"using":"xpath","value":"//button[@data-kt=\"addButton\"]"}
RESULT: {"using":"xpath","value":"//button[@data-kt=\"addButton\"]"}
COMMAND: POST /session/6f873cfbd9220f733b1c899e801fac9f/element - {"using":"xpath","value":"//button[@data-kt=\"addButton\"]"}
RESULT: {"using":"xpath","value":"//button[@data-kt=\"addButton\"]"}
COMMAND: POST /session/6f873cfbd9220f733b1c899e801fac9f/execute/sync - {"script":"<script> [8489 bytes]","args":[{"element-6066-11e4-a52e-4f735466cecf":"f.0D8D1E8C4444AAF4F6CCCAD0803F9B10.d.409AA871949AA30FA92D309F513E85DC.e.1718","ELEMENT":"f.0D8D1E8C4444AAF4F6CCCAD0803F9B10.d.409AA871949AA30FA92D309F513E85DC.e.1718"}]}
RESULT: {"script":"<script> [8489 bytes]","args":[{"element-6066-11e4-a52e-4f735466cecf":"f.0D8D1E8C4444AAF4F6CCCAD0803F9B10.d.409AA871949AA30FA92D309F513E85DC.e.1718","ELEMENT":"f.0D8D1E8C4444AAF4F6CCCAD0803F9B10.d.409AA871949AA30FA92D309F513E85DC.e.1718"}]}
COMMAND: GET /session/6f873cfbd9220f733b1c899e801fac9f/element/f.0D8D1E8C4444AAF4F6CCCAD0803F9B10.d.409AA871949AA30FA92D309F513E85DC.e.1718/enabled - {}
COMMAND: GET /session/6f873cfbd9220f733b1c899e801fac9f/screenshot - {}
RESULT: {}
COMMAND: POST /session/6f873cfbd9220f733b1c899e801fac9f/execute/sync - {"script":"<script> [8489 bytes]","args":[{"element-6066-11e4-a52e-4f735466cecf":"f.0D8D1E8C4444AAF4F6CCCAD0803F9B10.d.409AA871949AA30FA92D309F513E85DC.e.1718","ELEMENT":"f.0D8D1E8C4444AAF4F6CCCAD0803F9B10.d.409AA871949AA30FA92D309F513E85DC.e.1718"}]}
COMMAND: GET /session/6f873cfbd9220f733b1c899e801fac9f/screenshot - {}
RESULT: {}
RESULT: {"script":"<script> [8489 bytes]","args":[{"element-6066-11e4-a52e-4f735466cecf":"f.0D8D1E8C4444AAF4F6CCCAD0803F9B10.d.409AA871949AA30FA92D309F513E85DC.e.1718","ELEMENT":"f.0D8D1E8C4444AAF4F6CCCAD0803F9B10.d.409AA871949AA30FA92D309F513E85DC.e.1718"}]}
COMMAND: POST /session/6f873cfbd9220f733b1c899e801fac9f/execute/sync - {"script":"<script> [5351 bytes]","args":[{"element-6066-11e4-a52e-4f735466cecf":"f.0D8D1E8C4444AAF4F6CCCAD0803F9B10.d.409AA871949AA30FA92D309F513E85DC.e.1718","ELEMENT":"f.0D8D1E8C4444AAF4F6CCCAD0803F9B10.d.409AA871949AA30FA92D309F513E85DC.e.1718"}]}
COMMAND: GET /session/6f873cfbd9220f733b1c899e801fac9f/screenshot - {}
RESULT: {}
RESULT: {"script":"<script> [5351 bytes]","args":[{"element-6066-11e4-a52e-4f735466cecf":"f.0D8D1E8C4444AAF4F6CCCAD0803F9B10.d.409AA871949AA30FA92D309F513E85DC.e.1718","ELEMENT":"f.0D8D1E8C4444AAF4F6CCCAD0803F9B10.d.409AA871949AA30FA92D309F513E85DC.e.1718"}]}
COMMAND: GET /session/6f873cfbd9220f733b1c899e801fac9f/screenshot - {}
RESULT: {}
RESULT: {}
COMMAND: POST /session/6f873cfbd9220f733b1c899e801fac9f/execute/async - {"script":"<script> [1562 bytes]","args":[{"selector":{"id":"application-managepartners-display-component---masterPtm--smartTable-btnPersonalisation-img"},"wdio_ui5_key":"applicationmanagepartners-display-component---masterPtm--smartTable-btnPersonalisation-img"}]}
RESULT: {"script":"<script> [1562 bytes]","args":[{"selector":{"id":"application-managepartners-display-component---masterPtm--smartTable-btnPersonalisation-img"},"wdio_ui5_key":"applicationmanagepartners-display-component---masterPtm--smartTable-btnPersonalisation-img"}]}
RESULT: undefined
COMMAND: POST /session/6f873cfbd9220f733b1c899e801fac9f/element - {"using":"xpath","value":"//*[@id=\"application-managepartners-display-component---masterPtm--smartTable-btnPersonalisation-img\"]"}
RESULT: {"using":"xpath","value":"//*[@id=\"application-managepartners-display-component---masterPtm--smartTable-btnPersonalisation-img\"]"}
COMMAND: POST /session/6f873cfbd9220f733b1c899e801fac9f/element/f.0D8D1E8C4444AAF4F6CCCAD0803F9B10.d.409AA871949AA30FA92D309F513E85DC.e.1734/click - {}
RESULT: {}
COMMAND: GET /session/6f873cfbd9220f733b1c899e801fac9f/screenshot - {}
RESULT: {}
COMMAND: POST /session/6f873cfbd9220f733b1c899e801fac9f/execute/async - {"script":"<script> [1562 bytes]","args":[{"selector":{"controlType":"sap.m.IconTabFilter","viewName":"etm.portal.ui.managepartners.view.Master","viewId":"application-managepartners-display-component---masterPtm","properties":{"text":"Sort"},"searchOpenDialogs":true,"interaction":{"idSuffix":"text"}},"wdio_ui5_key":"etmportal.ui.managepartners.view.Mastersap.m.IconTabFilter{\"text\":\"Sort\"}"}]}
RESULT: {"script":"<script> [1562 bytes]","args":[{"selector":{"controlType":"sap.m.IconTabFilter","viewName":"etm.portal.ui.managepartners.view.Master","viewId":"application-managepartners-display-component---masterPtm","properties":{"text":"Sort"},"searchOpenDialogs":true,"interaction":{"idSuffix":"text"}},"wdio_ui5_key":"etmportal.ui.managepartners.view.Mastersap.m.IconTabFilter{\"text\":\"Sort\"}"}]}
RESULT: undefined
COMMAND: POST /session/6f873cfbd9220f733b1c899e801fac9f/element - {"using":"xpath","value":"//*[@id=\"__filter1\"]"}
RESULT: {"using":"xpath","value":"//*[@id=\"__filter1\"]"}
COMMAND: POST /session/6f873cfbd9220f733b1c899e801fac9f/element/f.0D8D1E8C4444AAF4F6CCCAD0803F9B10.d.409AA871949AA30FA92D309F513E85DC.e.1875/click - {}
RESULT: {}
COMMAND: GET /session/6f873cfbd9220f733b1c899e801fac9f/screenshot - {}
RESULT: {}
COMMAND: POST /session/6f873cfbd9220f733b1c899e801fac9f/element - {"using":"xpath","value":"//input[@placeholder=\"Sort by\"]/following-sibling::div//span"}
RESULT: {"using":"xpath","value":"//input[@placeholder=\"Sort by\"]/following-sibling::div//span"}
COMMAND: POST /session/6f873cfbd9220f733b1c899e801fac9f/element/f.0D8D1E8C4444AAF4F6CCCAD0803F9B10.d.409AA871949AA30FA92D309F513E85DC.e.1877/click - {}
RESULT: {}
COMMAND: GET /session/6f873cfbd9220f733b1c899e801fac9f/screenshot - {}
RESULT: {}
COMMAND: POST /session/6f873cfbd9220f733b1c899e801fac9f/element - {"using":"xpath","value":"//li[.//span[text()=\"Language\"]]"}
RESULT: {"using":"xpath","value":"//li[.//span[text()=\"Language\"]]"}
COMMAND: POST /session/6f873cfbd9220f733b1c899e801fac9f/element/f.0D8D1E8C4444AAF4F6CCCAD0803F9B10.d.409AA871949AA30FA92D309F513E85DC.e.1878/click - {}
RESULT: {}
COMMAND: GET /session/6f873cfbd9220f733b1c899e801fac9f/screenshot - {}
RESULT: {}
COMMAND: POST /session/6f873cfbd9220f733b1c899e801fac9f/element - {"using":"xpath","value":"//bdi[contains(text(), \"OK\")]"}
RESULT: {"using":"xpath","value":"//bdi[contains(text(), \"OK\")]"}
COMMAND: POST /session/6f873cfbd9220f733b1c899e801fac9f/element/f.0D8D1E8C4444AAF4F6CCCAD0803F9B10.d.409AA871949AA30FA92D309F513E85DC.e.1882/click - {}
RESULT: {}
COMMAND: GET /session/6f873cfbd9220f733b1c899e801fac9f/screenshot - {}
RESULT: {}
COMMAND: POST /session/6f873cfbd9220f733b1c899e801fac9f/element - {"using":"xpath","value":"//table[contains(@id, \"customPartnersTable\")]//tbody/tr[1]/td[3]/span"}
RESULT: {"using":"xpath","value":"//table[contains(@id, \"customPartnersTable\")]//tbody/tr[1]/td[3]/span"}
COMMAND: POST /session/6f873cfbd9220f733b1c899e801fac9f/execute/sync - {"script":"<script> [56 bytes]","args":[{"element-6066-11e4-a52e-4f735466cecf":"f.0D8D1E8C4444AAF4F6CCCAD0803F9B10.d.409AA871949AA30FA92D309F513E85DC.e.1998","ELEMENT":"f.0D8D1E8C4444AAF4F6CCCAD0803F9B10.d.409AA871949AA30FA92D309F513E85DC.e.1998"}]}
RESULT: {"script":"<script> [56 bytes]","args":[{"element-6066-11e4-a52e-4f735466cecf":"f.0D8D1E8C4444AAF4F6CCCAD0803F9B10.d.409AA871949AA30FA92D309F513E85DC.e.1998","ELEMENT":"f.0D8D1E8C4444AAF4F6CCCAD0803F9B10.d.409AA871949AA30FA92D309F513E85DC.e.1998"}]}
RESULT: undefined
COMMAND: POST /session/6f873cfbd9220f733b1c899e801fac9f/element - {"using":"xpath","value":"//*[@id=\"application-managepartners-display-component---masterPtm--smartTable-btnPersonalisation-img\"]"}
COMMAND: GET /session/6f873cfbd9220f733b1c899e801fac9f/screenshot - {}
RESULT: {"using":"xpath","value":"//*[@id=\"application-managepartners-display-component---masterPtm--smartTable-btnPersonalisation-img\"]"}
COMMAND: POST /session/6f873cfbd9220f733b1c899e801fac9f/element/f.0D8D1E8C4444AAF4F6CCCAD0803F9B10.d.409AA871949AA30FA92D309F513E85DC.e.1734/click - {}
RESULT: {}
RESULT: {}
COMMAND: GET /session/6f873cfbd9220f733b1c899e801fac9f/screenshot - {}
RESULT: {}
COMMAND: POST /session/6f873cfbd9220f733b1c899e801fac9f/element - {"using":"xpath","value":"//bdi[contains(text(), \"Reset\")]"}
RESULT: {"using":"xpath","value":"//bdi[contains(text(), \"Reset\")]"}
COMMAND: POST /session/6f873cfbd9220f733b1c899e801fac9f/element/f.0D8D1E8C4444AAF4F6CCCAD0803F9B10.d.409AA871949AA30FA92D309F513E85DC.e.2002/click - {}
RESULT: {}
COMMAND: GET /session/6f873cfbd9220f733b1c899e801fac9f/screenshot - {}
RESULT: {}
COMMAND: POST /session/6f873cfbd9220f733b1c899e801fac9f/element - {"using":"xpath","value":"(//bdi[contains(text(), \"OK\")])[2]"}
RESULT: {"using":"xpath","value":"(//bdi[contains(text(), \"OK\")])[2]"}
COMMAND: POST /session/6f873cfbd9220f733b1c899e801fac9f/element/f.0D8D1E8C4444AAF4F6CCCAD0803F9B10.d.409AA871949AA30FA92D309F513E85DC.e.2005/click - {}
RESULT: {}
COMMAND: GET /session/6f873cfbd9220f733b1c899e801fac9f/screenshot - {}
RESULT: {}
COMMAND: POST /session/6f873cfbd9220f733b1c899e801fac9f/element - {"using":"xpath","value":"//bdi[contains(text(), \"OK\")]"}
RESULT: {"using":"xpath","value":"//bdi[contains(text(), \"OK\")]"}
COMMAND: POST /session/6f873cfbd9220f733b1c899e801fac9f/element/f.0D8D1E8C4444AAF4F6CCCAD0803F9B10.d.409AA871949AA30FA92D309F513E85DC.e.2052/click - {}
RESULT: {}
COMMAND: GET /session/6f873cfbd9220f733b1c899e801fac9f/screenshot - {}
RESULT: {}
COMMAND: POST /session/6f873cfbd9220f733b1c899e801fac9f/element - {"using":"xpath","value":"//table[contains(@id, \"customPartnersTable\")]//tbody/tr[1]/td[3]/span"}
RESULT: {"using":"xpath","value":"//table[contains(@id, \"customPartnersTable\")]//tbody/tr[1]/td[3]/span"}
COMMAND: POST /session/6f873cfbd9220f733b1c899e801fac9f/execute/sync - {"script":"<script> [56 bytes]","args":[{"element-6066-11e4-a52e-4f735466cecf":"f.0D8D1E8C4444AAF4F6CCCAD0803F9B10.d.409AA871949AA30FA92D309F513E85DC.e.2055","ELEMENT":"f.0D8D1E8C4444AAF4F6CCCAD0803F9B10.d.409AA871949AA30FA92D309F513E85DC.e.2055"}]}
RESULT: {"script":"<script> [56 bytes]","args":[{"element-6066-11e4-a52e-4f735466cecf":"f.0D8D1E8C4444AAF4F6CCCAD0803F9B10.d.409AA871949AA30FA92D309F513E85DC.e.2055","ELEMENT":"f.0D8D1E8C4444AAF4F6CCCAD0803F9B10.d.409AA871949AA30FA92D309F513E85DC.e.2055"}]}
RESULT: undefined
COMMAND: POST /session/6f873cfbd9220f733b1c899e801fac9f/element - {"using":"xpath","value":"//*[@id=\"application-managepartners-display-component---masterPtm--smartTable-btnPersonalisation-img\"]"}
COMMAND: GET /session/6f873cfbd9220f733b1c899e801fac9f/screenshot - {}
RESULT: {"using":"xpath","value":"//*[@id=\"application-managepartners-display-component---masterPtm--smartTable-btnPersonalisation-img\"]"}
COMMAND: POST /session/6f873cfbd9220f733b1c899e801fac9f/element/f.0D8D1E8C4444AAF4F6CCCAD0803F9B10.d.409AA871949AA30FA92D309F513E85DC.e.1734/click - {}
RESULT: {}
RESULT: {}
COMMAND: GET /session/6f873cfbd9220f733b1c899e801fac9f/screenshot - {}
RESULT: {}
COMMAND: POST /session/6f873cfbd9220f733b1c899e801fac9f/execute/async - {"script":"<script> [1562 bytes]","args":[{"selector":{"controlType":"sap.m.IconTabFilter","viewName":"etm.portal.ui.managepartners.view.Master","viewId":"application-managepartners-display-component---masterPtm","properties":{"text":"Filter"},"searchOpenDialogs":true,"interaction":{"idSuffix":"text"}},"wdio_ui5_key":"etmportal.ui.managepartners.view.Mastersap.m.IconTabFilter{\"text\":\"Filter\"}"}]}
RESULT: {"script":"<script> [1562 bytes]","args":[{"selector":{"controlType":"sap.m.IconTabFilter","viewName":"etm.portal.ui.managepartners.view.Master","viewId":"application-managepartners-display-component---masterPtm","properties":{"text":"Filter"},"searchOpenDialogs":true,"interaction":{"idSuffix":"text"}},"wdio_ui5_key":"etmportal.ui.managepartners.view.Mastersap.m.IconTabFilter{\"text\":\"Filter\"}"}]}
RESULT: undefined
COMMAND: POST /session/6f873cfbd9220f733b1c899e801fac9f/element - {"using":"xpath","value":"//*[@id=\"__filter10\"]"}
RESULT: {"using":"xpath","value":"//*[@id=\"__filter10\"]"}
COMMAND: POST /session/6f873cfbd9220f733b1c899e801fac9f/element/f.0D8D1E8C4444AAF4F6CCCAD0803F9B10.d.409AA871949AA30FA92D309F513E85DC.e.2060/click - {}
RESULT: {}
COMMAND: GET /session/6f873cfbd9220f733b1c899e801fac9f/screenshot - {}
RESULT: {}
COMMAND: POST /session/6f873cfbd9220f733b1c899e801fac9f/element - {"using":"xpath","value":"//input[@placeholder=\"Filter by\"]/following-sibling::div//span"}
RESULT: {"using":"xpath","value":"//input[@placeholder=\"Filter by\"]/following-sibling::div//span"}
COMMAND: POST /session/6f873cfbd9220f733b1c899e801fac9f/element/f.0D8D1E8C4444AAF4F6CCCAD0803F9B10.d.409AA871949AA30FA92D309F513E85DC.e.2062/click - {}
RESULT: {}
COMMAND: GET /session/6f873cfbd9220f733b1c899e801fac9f/screenshot - {}
RESULT: {}
COMMAND: POST /session/6f873cfbd9220f733b1c899e801fac9f/element - {"using":"xpath","value":"//li[.//span[text()=\"Preferred Yard\"]]"}
RESULT: {"using":"xpath","value":"//li[.//span[text()=\"Preferred Yard\"]]"}
COMMAND: POST /session/6f873cfbd9220f733b1c899e801fac9f/element/f.0D8D1E8C4444AAF4F6CCCAD0803F9B10.d.409AA871949AA30FA92D309F513E85DC.e.2063/click - {}
RESULT: {}
COMMAND: GET /session/6f873cfbd9220f733b1c899e801fac9f/screenshot - {}
RESULT: {}
COMMAND: POST /session/6f873cfbd9220f733b1c899e801fac9f/execute/async - {"script":"<script> [1562 bytes]","args":[{"selector":{"id":"FilterPanel-filterItemControl_BASIC-application-managepartners-display-component---masterPtm--smartTable-YARDYARD-vhi","searchOpenDialogs":true},"wdio_ui5_key":"FilterPanelfilterItemControl_BASIC-application-managepartners-display-component---masterPtm--smartTable-YARDYARD-vhi"}]}
RESULT: {"script":"<script> [1562 bytes]","args":[{"selector":{"id":"FilterPanel-filterItemControl_BASIC-application-managepartners-display-component---masterPtm--smartTable-YARDYARD-vhi","searchOpenDialogs":true},"wdio_ui5_key":"FilterPanelfilterItemControl_BASIC-application-managepartners-display-component---masterPtm--smartTable-YARDYARD-vhi"}]}
RESULT: undefined
COMMAND: POST /session/6f873cfbd9220f733b1c899e801fac9f/element - {"using":"xpath","value":"//*[@id=\"FilterPanel-filterItemControl_BASIC-application-managepartners-display-component---masterPtm--smartTable-YARDYARD-vhi\"]"}
RESULT: {"using":"xpath","value":"//*[@id=\"FilterPanel-filterItemControl_BASIC-application-managepartners-display-component---masterPtm--smartTable-YARDYARD-vhi\"]"}
COMMAND: POST /session/6f873cfbd9220f733b1c899e801fac9f/element/f.0D8D1E8C4444AAF4F6CCCAD0803F9B10.d.409AA871949AA30FA92D309F513E85DC.e.2066/click - {}
RESULT: {}
COMMAND: GET /session/6f873cfbd9220f733b1c899e801fac9f/screenshot - {}
RESULT: {}
COMMAND: POST /session/6f873cfbd9220f733b1c899e801fac9f/execute/async - {"script":"<script> [1562 bytes]","args":[{"selector":{"id":"FilterPanel-filterItemControl_BASIC-application-managepartners-display-component---masterPtm--smartTable-YARDYARD-valueHelpDialog-smartFilterBar-btnBasicSearch","searchOpenDialogs":true,"interaction":{"idSuffix":"I"}},"wdio_ui5_key":"FilterPanelfilterItemControl_BASIC-application-managepartners-display-component---masterPtm--smartTable-YARDYARD-valueHelpDialog-smartFilterBar-btnBasicSearch"}]}
RESULT: {"script":"<script> [1562 bytes]","args":[{"selector":{"id":"FilterPanel-filterItemControl_BASIC-application-managepartners-display-component---masterPtm--smartTable-YARDYARD-valueHelpDialog-smartFilterBar-btnBasicSearch","searchOpenDialogs":true,"interaction":{"idSuffix":"I"}},"wdio_ui5_key":"FilterPanelfilterItemControl_BASIC-application-managepartners-display-component---masterPtm--smartTable-YARDYARD-valueHelpDialog-smartFilterBar-btnBasicSearch"}]}
RESULT: undefined
COMMAND: POST /session/6f873cfbd9220f733b1c899e801fac9f/execute/async - {"script":"<script> [776 bytes]","args":[{"enterText":"294","selector":{"id":"FilterPanel-filterItemControl_BASIC-application-managepartners-display-component---masterPtm--smartTable-YARDYARD-valueHelpDialog-smartFilterBar-btnBasicSearch","searchOpenDialogs":true,"interaction":{"idSuffix":"I"}},"clearTextFirst":true,"interactionType":"ENTER_TEXT"}]}
RESULT: {"script":"<script> [776 bytes]","args":[{"enterText":"294","selector":{"id":"FilterPanel-filterItemControl_BASIC-application-managepartners-display-component---masterPtm--smartTable-YARDYARD-valueHelpDialog-smartFilterBar-btnBasicSearch","searchOpenDialogs":true,"interaction":{"idSuffix":"I"}},"clearTextFirst":true,"interactionType":"ENTER_TEXT"}]}
COMMAND: POST /session/6f873cfbd9220f733b1c899e801fac9f/actions - {"actions":[{"id":"action3","type":"key","parameters":{},"actions":[{"type":"keyDown","value":"î€‡"},{"type":"pause","duration":10},{"type":"keyUp","value":"î€‡"}]}]}
RESULT: {"actions":[{"id":"action3","type":"key","parameters":{},"actions":[{"type":"keyDown","value":"î€‡"},{"type":"pause","duration":10},{"type":"keyUp","value":"î€‡"}]}]}
COMMAND: GET /session/6f873cfbd9220f733b1c899e801fac9f/screenshot - {}
RESULT: {}
COMMAND: POST /session/6f873cfbd9220f733b1c899e801fac9f/elements - {"using":"xpath","value":"//table[contains(@id, \"smartTable-YARDYARD-valueHelpDialog-table-table\")]/tbody/tr"}
RESULT: {"using":"xpath","value":"//table[contains(@id, \"smartTable-YARDYARD-valueHelpDialog-table-table\")]/tbody/tr"}
COMMAND: POST /session/6f873cfbd9220f733b1c899e801fac9f/element - {"using":"xpath","value":"//table[contains(@id, \"smartTable-YARDYARD-valueHelpDialog-table-table\")]/tbody/tr[1]/td[1]/div/span"}
RESULT: {"using":"xpath","value":"//table[contains(@id, \"smartTable-YARDYARD-valueHelpDialog-table-table\")]/tbody/tr[1]/td[1]/div/span"}
COMMAND: POST /session/6f873cfbd9220f733b1c899e801fac9f/elements - {"using":"xpath","value":"//table[contains(@id, \"smartTable-YARDYARD-valueHelpDialog-table-table\")]/tbody/tr[1]/td[1]/div/span"}
RESULT: {"using":"xpath","value":"//table[contains(@id, \"smartTable-YARDYARD-valueHelpDialog-table-table\")]/tbody/tr[1]/td[1]/div/span"}
COMMAND: POST /session/6f873cfbd9220f733b1c899e801fac9f/execute/sync - {"script":"<script> [56 bytes]","args":[{"element-6066-11e4-a52e-4f735466cecf":"f.0D8D1E8C4444AAF4F6CCCAD0803F9B10.d.409AA871949AA30FA92D309F513E85DC.e.2085","ELEMENT":"f.0D8D1E8C4444AAF4F6CCCAD0803F9B10.d.409AA871949AA30FA92D309F513E85DC.e.2085"}]}
RESULT: {"script":"<script> [56 bytes]","args":[{"element-6066-11e4-a52e-4f735466cecf":"f.0D8D1E8C4444AAF4F6CCCAD0803F9B10.d.409AA871949AA30FA92D309F513E85DC.e.2085","ELEMENT":"f.0D8D1E8C4444AAF4F6CCCAD0803F9B10.d.409AA871949AA30FA92D309F513E85DC.e.2085"}]}
COMMAND: POST /session/6f873cfbd9220f733b1c899e801fac9f/element - {"using":"xpath","value":"//table[contains(@id, \"smartTable-YARDYARD-valueHelpDialog-table-table\")]/tbody/tr[2]/td[1]/div/span"}
COMMAND: GET /session/6f873cfbd9220f733b1c899e801fac9f/screenshot - {}
RESULT: {"using":"xpath","value":"//table[contains(@id, \"smartTable-YARDYARD-valueHelpDialog-table-table\")]/tbody/tr[2]/td[1]/div/span"}
COMMAND: POST /session/6f873cfbd9220f733b1c899e801fac9f/elements - {"using":"xpath","value":"//table[contains(@id, \"smartTable-YARDYARD-valueHelpDialog-table-table\")]/tbody/tr[2]/td[1]/div/span"}
RESULT: {}
RESULT: {"using":"xpath","value":"//table[contains(@id, \"smartTable-YARDYARD-valueHelpDialog-table-table\")]/tbody/tr[2]/td[1]/div/span"}
COMMAND: POST /session/6f873cfbd9220f733b1c899e801fac9f/execute/sync - {"script":"<script> [56 bytes]","args":[{"element-6066-11e4-a52e-4f735466cecf":"f.0D8D1E8C4444AAF4F6CCCAD0803F9B10.d.409AA871949AA30FA92D309F513E85DC.e.2086","ELEMENT":"f.0D8D1E8C4444AAF4F6CCCAD0803F9B10.d.409AA871949AA30FA92D309F513E85DC.e.2086"}]}
RESULT: {"script":"<script> [56 bytes]","args":[{"element-6066-11e4-a52e-4f735466cecf":"f.0D8D1E8C4444AAF4F6CCCAD0803F9B10.d.409AA871949AA30FA92D309F513E85DC.e.2086","ELEMENT":"f.0D8D1E8C4444AAF4F6CCCAD0803F9B10.d.409AA871949AA30FA92D309F513E85DC.e.2086"}]}
COMMAND: POST /session/6f873cfbd9220f733b1c899e801fac9f/element - {"using":"xpath","value":"//div[contains(@id, \"YARDYARD-valueHelpDialog-table-rowsel1\")]"}
COMMAND: GET /session/6f873cfbd9220f733b1c899e801fac9f/screenshot - {}
RESULT: {"using":"xpath","value":"//div[contains(@id, \"YARDYARD-valueHelpDialog-table-rowsel1\")]"}
COMMAND: POST /session/6f873cfbd9220f733b1c899e801fac9f/element/f.0D8D1E8C4444AAF4F6CCCAD0803F9B10.d.409AA871949AA30FA92D309F513E85DC.e.2087/click - {}
RESULT: {}
RESULT: {}
COMMAND: GET /session/6f873cfbd9220f733b1c899e801fac9f/screenshot - {}
RESULT: {}
COMMAND: POST /session/6f873cfbd9220f733b1c899e801fac9f/element - {"using":"xpath","value":"(//bdi[contains(text(), \"OK\")])[2]"}
RESULT: {"using":"xpath","value":"(//bdi[contains(text(), \"OK\")])[2]"}
COMMAND: POST /session/6f873cfbd9220f733b1c899e801fac9f/element/f.0D8D1E8C4444AAF4F6CCCAD0803F9B10.d.409AA871949AA30FA92D309F513E85DC.e.2089/click - {}
RESULT: {}
COMMAND: GET /session/6f873cfbd9220f733b1c899e801fac9f/screenshot - {}
RESULT: {}
COMMAND: POST /session/6f873cfbd9220f733b1c899e801fac9f/element - {"using":"xpath","value":"//bdi[contains(text(), \"OK\")]"}
RESULT: {"using":"xpath","value":"//bdi[contains(text(), \"OK\")]"}
COMMAND: POST /session/6f873cfbd9220f733b1c899e801fac9f/element/f.0D8D1E8C4444AAF4F6CCCAD0803F9B10.d.409AA871949AA30FA92D309F513E85DC.e.2092/click - {}
RESULT: {}
COMMAND: GET /session/6f873cfbd9220f733b1c899e801fac9f/screenshot - {}
RESULT: {}
COMMAND: POST /session/6f873cfbd9220f733b1c899e801fac9f/element - {"using":"xpath","value":"//table[contains(@id, \"customPartnersTable\")]//tbody/tr[1]/td[3]/span"}
RESULT: {"using":"xpath","value":"//table[contains(@id, \"customPartnersTable\")]//tbody/tr[1]/td[3]/span"}
COMMAND: POST /session/6f873cfbd9220f733b1c899e801fac9f/execute/sync - {"script":"<script> [56 bytes]","args":[{"element-6066-11e4-a52e-4f735466cecf":"f.0D8D1E8C4444AAF4F6CCCAD0803F9B10.d.409AA871949AA30FA92D309F513E85DC.e.2055","ELEMENT":"f.0D8D1E8C4444AAF4F6CCCAD0803F9B10.d.409AA871949AA30FA92D309F513E85DC.e.2055"}]}
RESULT: {"script":"<script> [56 bytes]","args":[{"element-6066-11e4-a52e-4f735466cecf":"f.0D8D1E8C4444AAF4F6CCCAD0803F9B10.d.409AA871949AA30FA92D309F513E85DC.e.2055","ELEMENT":"f.0D8D1E8C4444AAF4F6CCCAD0803F9B10.d.409AA871949AA30FA92D309F513E85DC.e.2055"}]}
COMMAND: POST /session/6f873cfbd9220f733b1c899e801fac9f/element - {"using":"css selector","value":"#shell-header-logo"}
COMMAND: GET /session/6f873cfbd9220f733b1c899e801fac9f/screenshot - {}
RESULT: {"using":"css selector","value":"#shell-header-logo"}
COMMAND: POST /session/6f873cfbd9220f733b1c899e801fac9f/element/f.0D8D1E8C4444AAF4F6CCCAD0803F9B10.d.409AA871949AA30FA92D309F513E85DC.e.1684/click - {}
RESULT: {}
RESULT: {}
COMMAND: GET /session/6f873cfbd9220f733b1c899e801fac9f/screenshot - {}
RESULT: {}
]]></system-out>
    </testcase>
    <testcase classname="chrome.136_0_7103_49.windows.Partner_specific_tests_US150819_US151080_US151654_US151176_US103444_US151078_US151079_US151109_US151174_US151175_US151189" name="Should deactivate the created partner in earlier step US151654" time="57.322">
      <system-out><![CDATA[
COMMAND: POST /session/6f873cfbd9220f733b1c899e801fac9f/element - {"using":"xpath","value":"//li[.//span[text()=\"Manage Partners\"]]"}
RESULT: {"using":"xpath","value":"//li[.//span[text()=\"Manage Partners\"]]"}
COMMAND: POST /session/6f873cfbd9220f733b1c899e801fac9f/element - {"using":"xpath","value":"//li[.//span[text()=\"Manage Partners\"]]"}
RESULT: {"using":"xpath","value":"//li[.//span[text()=\"Manage Partners\"]]"}
COMMAND: POST /session/6f873cfbd9220f733b1c899e801fac9f/element - {"using":"css selector","value":"#shell-header-logo"}
RESULT: {"using":"css selector","value":"#shell-header-logo"}
COMMAND: POST /session/6f873cfbd9220f733b1c899e801fac9f/element/f.0D8D1E8C4444AAF4F6CCCAD0803F9B10.d.409AA871949AA30FA92D309F513E85DC.e.2143/click - {}
COMMAND: POST /session/6f873cfbd9220f733b1c899e801fac9f/execute/sync - {"script":"<script> [8489 bytes]","args":[{"element-6066-11e4-a52e-4f735466cecf":"f.0D8D1E8C4444AAF4F6CCCAD0803F9B10.d.409AA871949AA30FA92D309F513E85DC.e.2143","ELEMENT":"f.0D8D1E8C4444AAF4F6CCCAD0803F9B10.d.409AA871949AA30FA92D309F513E85DC.e.2143"}]}
RESULT: {}
COMMAND: GET /session/6f873cfbd9220f733b1c899e801fac9f/screenshot - {}
RESULT: {"script":"<script> [8489 bytes]","args":[{"element-6066-11e4-a52e-4f735466cecf":"f.0D8D1E8C4444AAF4F6CCCAD0803F9B10.d.409AA871949AA30FA92D309F513E85DC.e.2143","ELEMENT":"f.0D8D1E8C4444AAF4F6CCCAD0803F9B10.d.409AA871949AA30FA92D309F513E85DC.e.2143"}]}
COMMAND: POST /session/6f873cfbd9220f733b1c899e801fac9f/execute/sync - {"script":"<script> [5351 bytes]","args":[{"element-6066-11e4-a52e-4f735466cecf":"f.0D8D1E8C4444AAF4F6CCCAD0803F9B10.d.409AA871949AA30FA92D309F513E85DC.e.2143","ELEMENT":"f.0D8D1E8C4444AAF4F6CCCAD0803F9B10.d.409AA871949AA30FA92D309F513E85DC.e.2143"}]}
COMMAND: GET /session/6f873cfbd9220f733b1c899e801fac9f/screenshot - {}
RESULT: {}
RESULT: {"script":"<script> [5351 bytes]","args":[{"element-6066-11e4-a52e-4f735466cecf":"f.0D8D1E8C4444AAF4F6CCCAD0803F9B10.d.409AA871949AA30FA92D309F513E85DC.e.2143","ELEMENT":"f.0D8D1E8C4444AAF4F6CCCAD0803F9B10.d.409AA871949AA30FA92D309F513E85DC.e.2143"}]}
COMMAND: GET /session/6f873cfbd9220f733b1c899e801fac9f/screenshot - {}
RESULT: {}
RESULT: {}
RESULT: undefined
COMMAND: POST /session/6f873cfbd9220f733b1c899e801fac9f/element - {"using":"xpath","value":"//*[@id=\"__tile38\"]"}
RESULT: {"using":"xpath","value":"//*[@id=\"__tile38\"]"}
COMMAND: POST /session/6f873cfbd9220f733b1c899e801fac9f/element/f.0D8D1E8C4444AAF4F6CCCAD0803F9B10.d.409AA871949AA30FA92D309F513E85DC.e.147/click - {}
RESULT: {}
COMMAND: POST /session/6f873cfbd9220f733b1c899e801fac9f/element - {"using":"xpath","value":"//button[@data-kt=\"addButton\"]"}
COMMAND: GET /session/6f873cfbd9220f733b1c899e801fac9f/screenshot - {}
RESULT: {"using":"xpath","value":"//button[@data-kt=\"addButton\"]"}
COMMAND: POST /session/6f873cfbd9220f733b1c899e801fac9f/elements - {"using":"xpath","value":"//button[@data-kt=\"addButton\"]"}
RESULT: {}
RESULT: {"using":"xpath","value":"//button[@data-kt=\"addButton\"]"}
COMMAND: POST /session/6f873cfbd9220f733b1c899e801fac9f/elements - {"using":"xpath","value":"//button[@data-kt=\"addButton\"]"}
RESULT: {"using":"xpath","value":"//button[@data-kt=\"addButton\"]"}
COMMAND: POST /session/6f873cfbd9220f733b1c899e801fac9f/elements - {"using":"xpath","value":"//button[@data-kt=\"addButton\"]"}
RESULT: {"using":"xpath","value":"//button[@data-kt=\"addButton\"]"}
COMMAND: POST /session/6f873cfbd9220f733b1c899e801fac9f/elements - {"using":"xpath","value":"//button[@data-kt=\"addButton\"]"}
RESULT: {"using":"xpath","value":"//button[@data-kt=\"addButton\"]"}
COMMAND: POST /session/6f873cfbd9220f733b1c899e801fac9f/element - {"using":"xpath","value":"//button[@data-kt=\"addButton\"]"}
RESULT: {"using":"xpath","value":"//button[@data-kt=\"addButton\"]"}
COMMAND: POST /session/6f873cfbd9220f733b1c899e801fac9f/execute/sync - {"script":"<script> [8489 bytes]","args":[{"element-6066-11e4-a52e-4f735466cecf":"f.0D8D1E8C4444AAF4F6CCCAD0803F9B10.d.409AA871949AA30FA92D309F513E85DC.e.2178","ELEMENT":"f.0D8D1E8C4444AAF4F6CCCAD0803F9B10.d.409AA871949AA30FA92D309F513E85DC.e.2178"}]}
RESULT: {"script":"<script> [8489 bytes]","args":[{"element-6066-11e4-a52e-4f735466cecf":"f.0D8D1E8C4444AAF4F6CCCAD0803F9B10.d.409AA871949AA30FA92D309F513E85DC.e.2178","ELEMENT":"f.0D8D1E8C4444AAF4F6CCCAD0803F9B10.d.409AA871949AA30FA92D309F513E85DC.e.2178"}]}
COMMAND: GET /session/6f873cfbd9220f733b1c899e801fac9f/element/f.0D8D1E8C4444AAF4F6CCCAD0803F9B10.d.409AA871949AA30FA92D309F513E85DC.e.2178/enabled - {}
COMMAND: GET /session/6f873cfbd9220f733b1c899e801fac9f/screenshot - {}
RESULT: {}
COMMAND: POST /session/6f873cfbd9220f733b1c899e801fac9f/execute/sync - {"script":"<script> [8489 bytes]","args":[{"element-6066-11e4-a52e-4f735466cecf":"f.0D8D1E8C4444AAF4F6CCCAD0803F9B10.d.409AA871949AA30FA92D309F513E85DC.e.2178","ELEMENT":"f.0D8D1E8C4444AAF4F6CCCAD0803F9B10.d.409AA871949AA30FA92D309F513E85DC.e.2178"}]}
COMMAND: GET /session/6f873cfbd9220f733b1c899e801fac9f/screenshot - {}
RESULT: {}
RESULT: {"script":"<script> [8489 bytes]","args":[{"element-6066-11e4-a52e-4f735466cecf":"f.0D8D1E8C4444AAF4F6CCCAD0803F9B10.d.409AA871949AA30FA92D309F513E85DC.e.2178","ELEMENT":"f.0D8D1E8C4444AAF4F6CCCAD0803F9B10.d.409AA871949AA30FA92D309F513E85DC.e.2178"}]}
COMMAND: POST /session/6f873cfbd9220f733b1c899e801fac9f/execute/sync - {"script":"<script> [5351 bytes]","args":[{"element-6066-11e4-a52e-4f735466cecf":"f.0D8D1E8C4444AAF4F6CCCAD0803F9B10.d.409AA871949AA30FA92D309F513E85DC.e.2178","ELEMENT":"f.0D8D1E8C4444AAF4F6CCCAD0803F9B10.d.409AA871949AA30FA92D309F513E85DC.e.2178"}]}
COMMAND: GET /session/6f873cfbd9220f733b1c899e801fac9f/screenshot - {}
RESULT: {}
RESULT: {"script":"<script> [5351 bytes]","args":[{"element-6066-11e4-a52e-4f735466cecf":"f.0D8D1E8C4444AAF4F6CCCAD0803F9B10.d.409AA871949AA30FA92D309F513E85DC.e.2178","ELEMENT":"f.0D8D1E8C4444AAF4F6CCCAD0803F9B10.d.409AA871949AA30FA92D309F513E85DC.e.2178"}]}
COMMAND: GET /session/6f873cfbd9220f733b1c899e801fac9f/screenshot - {}
RESULT: {}
RESULT: {}
COMMAND: POST /session/6f873cfbd9220f733b1c899e801fac9f/execute/async - {"script":"<script> [1562 bytes]","args":[{"selector":{"id":"application-managepartners-display-component---masterPtm--smartFilterBar-btnBasicSearch","interaction":{"idSuffix":"I"}},"wdio_ui5_key":"applicationmanagepartners-display-component---masterPtm--smartFilterBar-btnBasicSearch"}]}
RESULT: {"script":"<script> [1562 bytes]","args":[{"selector":{"id":"application-managepartners-display-component---masterPtm--smartFilterBar-btnBasicSearch","interaction":{"idSuffix":"I"}},"wdio_ui5_key":"applicationmanagepartners-display-component---masterPtm--smartFilterBar-btnBasicSearch"}]}
RESULT: undefined
COMMAND: POST /session/6f873cfbd9220f733b1c899e801fac9f/execute/async - {"script":"<script> [776 bytes]","args":[{"enterText":"1121","selector":{"id":"application-managepartners-display-component---masterPtm--smartFilterBar-btnBasicSearch","interaction":{"idSuffix":"I"}},"clearTextFirst":true,"interactionType":"ENTER_TEXT"}]}
RESULT: {"script":"<script> [776 bytes]","args":[{"enterText":"1121","selector":{"id":"application-managepartners-display-component---masterPtm--smartFilterBar-btnBasicSearch","interaction":{"idSuffix":"I"}},"clearTextFirst":true,"interactionType":"ENTER_TEXT"}]}
COMMAND: POST /session/6f873cfbd9220f733b1c899e801fac9f/actions - {"actions":[{"id":"action4","type":"key","parameters":{},"actions":[{"type":"keyDown","value":"î€‡"},{"type":"pause","duration":10},{"type":"keyUp","value":"î€‡"}]}]}
RESULT: {"actions":[{"id":"action4","type":"key","parameters":{},"actions":[{"type":"keyDown","value":"î€‡"},{"type":"pause","duration":10},{"type":"keyUp","value":"î€‡"}]}]}
COMMAND: GET /session/6f873cfbd9220f733b1c899e801fac9f/screenshot - {}
RESULT: {}
COMMAND: POST /session/6f873cfbd9220f733b1c899e801fac9f/elements - {"using":"xpath","value":"//table[contains(@id, \"customPartnersTable-listUl\")]/tbody/tr"}
RESULT: {"using":"xpath","value":"//table[contains(@id, \"customPartnersTable-listUl\")]/tbody/tr"}
COMMAND: POST /session/6f873cfbd9220f733b1c899e801fac9f/element - {"using":"xpath","value":"//table[contains(@id, \"customPartnersTable-listUl\")]/tbody/tr[1]/td[3]/span"}
RESULT: {"using":"xpath","value":"//table[contains(@id, \"customPartnersTable-listUl\")]/tbody/tr[1]/td[3]/span"}
COMMAND: POST /session/6f873cfbd9220f733b1c899e801fac9f/elements - {"using":"xpath","value":"//table[contains(@id, \"customPartnersTable-listUl\")]/tbody/tr[1]/td[3]/span"}
RESULT: {"using":"xpath","value":"//table[contains(@id, \"customPartnersTable-listUl\")]/tbody/tr[1]/td[3]/span"}
COMMAND: POST /session/6f873cfbd9220f733b1c899e801fac9f/execute/sync - {"script":"<script> [56 bytes]","args":[{"element-6066-11e4-a52e-4f735466cecf":"f.0D8D1E8C4444AAF4F6CCCAD0803F9B10.d.409AA871949AA30FA92D309F513E85DC.e.2327","ELEMENT":"f.0D8D1E8C4444AAF4F6CCCAD0803F9B10.d.409AA871949AA30FA92D309F513E85DC.e.2327"}]}
RESULT: {"script":"<script> [56 bytes]","args":[{"element-6066-11e4-a52e-4f735466cecf":"f.0D8D1E8C4444AAF4F6CCCAD0803F9B10.d.409AA871949AA30FA92D309F513E85DC.e.2327","ELEMENT":"f.0D8D1E8C4444AAF4F6CCCAD0803F9B10.d.409AA871949AA30FA92D309F513E85DC.e.2327"}]}
COMMAND: POST /session/6f873cfbd9220f733b1c899e801fac9f/element - {"using":"xpath","value":"//table[contains(@id, \"customPartnersTable-listUl\")]/tbody/tr[1]/td[7]/div/span"}
COMMAND: GET /session/6f873cfbd9220f733b1c899e801fac9f/screenshot - {}
RESULT: {"using":"xpath","value":"//table[contains(@id, \"customPartnersTable-listUl\")]/tbody/tr[1]/td[7]/div/span"}
COMMAND: POST /session/6f873cfbd9220f733b1c899e801fac9f/execute/sync - {"script":"<script> [56 bytes]","args":[{"element-6066-11e4-a52e-4f735466cecf":"f.0D8D1E8C4444AAF4F6CCCAD0803F9B10.d.409AA871949AA30FA92D309F513E85DC.e.2328","ELEMENT":"f.0D8D1E8C4444AAF4F6CCCAD0803F9B10.d.409AA871949AA30FA92D309F513E85DC.e.2328"}]}
RESULT: {}
RESULT: {"script":"<script> [56 bytes]","args":[{"element-6066-11e4-a52e-4f735466cecf":"f.0D8D1E8C4444AAF4F6CCCAD0803F9B10.d.409AA871949AA30FA92D309F513E85DC.e.2328","ELEMENT":"f.0D8D1E8C4444AAF4F6CCCAD0803F9B10.d.409AA871949AA30FA92D309F513E85DC.e.2328"}]}
COMMAND: POST /session/6f873cfbd9220f733b1c899e801fac9f/element - {"using":"xpath","value":"//table[contains(@id, \"customPartnersTable-listUl\")]/tbody/tr[1]/td[2]/div/div"}
COMMAND: GET /session/6f873cfbd9220f733b1c899e801fac9f/screenshot - {}
RESULT: {"using":"xpath","value":"//table[contains(@id, \"customPartnersTable-listUl\")]/tbody/tr[1]/td[2]/div/div"}
COMMAND: POST /session/6f873cfbd9220f733b1c899e801fac9f/element/f.0D8D1E8C4444AAF4F6CCCAD0803F9B10.d.409AA871949AA30FA92D309F513E85DC.e.2329/click - {}
RESULT: {}
RESULT: {}
COMMAND: GET /session/6f873cfbd9220f733b1c899e801fac9f/screenshot - {}
RESULT: {}
COMMAND: POST /session/6f873cfbd9220f733b1c899e801fac9f/element - {"using":"xpath","value":"//bdi[contains(text(), \"Deactivate\")]"}
RESULT: {"using":"xpath","value":"//bdi[contains(text(), \"Deactivate\")]"}
COMMAND: POST /session/6f873cfbd9220f733b1c899e801fac9f/element/f.0D8D1E8C4444AAF4F6CCCAD0803F9B10.d.409AA871949AA30FA92D309F513E85DC.e.2330/click - {}
RESULT: {}
COMMAND: GET /session/6f873cfbd9220f733b1c899e801fac9f/screenshot - {}
RESULT: {}
COMMAND: POST /session/6f873cfbd9220f733b1c899e801fac9f/element - {"using":"xpath","value":"//bdi[contains(text(), \"Yes\")]"}
RESULT: {"using":"xpath","value":"//bdi[contains(text(), \"Yes\")]"}
COMMAND: POST /session/6f873cfbd9220f733b1c899e801fac9f/element/f.0D8D1E8C4444AAF4F6CCCAD0803F9B10.d.409AA871949AA30FA92D309F513E85DC.e.2332/click - {}
RESULT: {}
COMMAND: GET /session/6f873cfbd9220f733b1c899e801fac9f/screenshot - {}
RESULT: {}
COMMAND: POST /session/6f873cfbd9220f733b1c899e801fac9f/element - {"using":"xpath","value":"//table[contains(@id, \"customPartnersTable-listUl\")]/tbody/tr[1]/td[7]/div/span"}
RESULT: {"using":"xpath","value":"//table[contains(@id, \"customPartnersTable-listUl\")]/tbody/tr[1]/td[7]/div/span"}
COMMAND: POST /session/6f873cfbd9220f733b1c899e801fac9f/execute/sync - {"script":"<script> [56 bytes]","args":[{"element-6066-11e4-a52e-4f735466cecf":"f.0D8D1E8C4444AAF4F6CCCAD0803F9B10.d.409AA871949AA30FA92D309F513E85DC.e.2328","ELEMENT":"f.0D8D1E8C4444AAF4F6CCCAD0803F9B10.d.409AA871949AA30FA92D309F513E85DC.e.2328"}]}
RESULT: {"script":"<script> [56 bytes]","args":[{"element-6066-11e4-a52e-4f735466cecf":"f.0D8D1E8C4444AAF4F6CCCAD0803F9B10.d.409AA871949AA30FA92D309F513E85DC.e.2328","ELEMENT":"f.0D8D1E8C4444AAF4F6CCCAD0803F9B10.d.409AA871949AA30FA92D309F513E85DC.e.2328"}]}
COMMAND: GET /session/6f873cfbd9220f733b1c899e801fac9f/screenshot - {}
RESULT: {}
COMMAND: POST /session/6f873cfbd9220f733b1c899e801fac9f/element - {"using":"css selector","value":"#shell-header-logo"}
RESULT: {"using":"css selector","value":"#shell-header-logo"}
COMMAND: POST /session/6f873cfbd9220f733b1c899e801fac9f/element/f.0D8D1E8C4444AAF4F6CCCAD0803F9B10.d.409AA871949AA30FA92D309F513E85DC.e.2143/click - {}
RESULT: {}
COMMAND: GET /session/6f873cfbd9220f733b1c899e801fac9f/screenshot - {}
RESULT: {}
]]></system-out>
    </testcase>
    <testcase classname="chrome.136_0_7103_49.windows.Partner_specific_tests_US150819_US151080_US151654_US151176_US103444_US151078_US151079_US151109_US151174_US151175_US151189" name="Should activate the created partner again US151176" time="57.161">
      <system-out><![CDATA[
COMMAND: POST /session/6f873cfbd9220f733b1c899e801fac9f/element - {"using":"xpath","value":"//li[.//span[text()=\"Manage Partners\"]]"}
RESULT: {"using":"xpath","value":"//li[.//span[text()=\"Manage Partners\"]]"}
COMMAND: POST /session/6f873cfbd9220f733b1c899e801fac9f/element - {"using":"xpath","value":"//li[.//span[text()=\"Manage Partners\"]]"}
RESULT: {"using":"xpath","value":"//li[.//span[text()=\"Manage Partners\"]]"}
COMMAND: POST /session/6f873cfbd9220f733b1c899e801fac9f/element - {"using":"css selector","value":"#shell-header-logo"}
RESULT: {"using":"css selector","value":"#shell-header-logo"}
COMMAND: POST /session/6f873cfbd9220f733b1c899e801fac9f/element/f.0D8D1E8C4444AAF4F6CCCAD0803F9B10.d.409AA871949AA30FA92D309F513E85DC.e.2336/click - {}
COMMAND: POST /session/6f873cfbd9220f733b1c899e801fac9f/execute/sync - {"script":"<script> [8489 bytes]","args":[{"element-6066-11e4-a52e-4f735466cecf":"f.0D8D1E8C4444AAF4F6CCCAD0803F9B10.d.409AA871949AA30FA92D309F513E85DC.e.2336","ELEMENT":"f.0D8D1E8C4444AAF4F6CCCAD0803F9B10.d.409AA871949AA30FA92D309F513E85DC.e.2336"}]}
RESULT: {}
COMMAND: GET /session/6f873cfbd9220f733b1c899e801fac9f/screenshot - {}
RESULT: {"script":"<script> [8489 bytes]","args":[{"element-6066-11e4-a52e-4f735466cecf":"f.0D8D1E8C4444AAF4F6CCCAD0803F9B10.d.409AA871949AA30FA92D309F513E85DC.e.2336","ELEMENT":"f.0D8D1E8C4444AAF4F6CCCAD0803F9B10.d.409AA871949AA30FA92D309F513E85DC.e.2336"}]}
COMMAND: POST /session/6f873cfbd9220f733b1c899e801fac9f/execute/sync - {"script":"<script> [5351 bytes]","args":[{"element-6066-11e4-a52e-4f735466cecf":"f.0D8D1E8C4444AAF4F6CCCAD0803F9B10.d.409AA871949AA30FA92D309F513E85DC.e.2336","ELEMENT":"f.0D8D1E8C4444AAF4F6CCCAD0803F9B10.d.409AA871949AA30FA92D309F513E85DC.e.2336"}]}
COMMAND: GET /session/6f873cfbd9220f733b1c899e801fac9f/screenshot - {}
RESULT: {}
RESULT: {"script":"<script> [5351 bytes]","args":[{"element-6066-11e4-a52e-4f735466cecf":"f.0D8D1E8C4444AAF4F6CCCAD0803F9B10.d.409AA871949AA30FA92D309F513E85DC.e.2336","ELEMENT":"f.0D8D1E8C4444AAF4F6CCCAD0803F9B10.d.409AA871949AA30FA92D309F513E85DC.e.2336"}]}
COMMAND: GET /session/6f873cfbd9220f733b1c899e801fac9f/screenshot - {}
RESULT: {}
RESULT: {}
RESULT: undefined
COMMAND: POST /session/6f873cfbd9220f733b1c899e801fac9f/element - {"using":"xpath","value":"//*[@id=\"__tile38\"]"}
RESULT: {"using":"xpath","value":"//*[@id=\"__tile38\"]"}
COMMAND: POST /session/6f873cfbd9220f733b1c899e801fac9f/element/f.0D8D1E8C4444AAF4F6CCCAD0803F9B10.d.409AA871949AA30FA92D309F513E85DC.e.147/click - {}
RESULT: {}
COMMAND: POST /session/6f873cfbd9220f733b1c899e801fac9f/element - {"using":"xpath","value":"//button[@data-kt=\"addButton\"]"}
COMMAND: GET /session/6f873cfbd9220f733b1c899e801fac9f/screenshot - {}
RESULT: {"using":"xpath","value":"//button[@data-kt=\"addButton\"]"}
COMMAND: POST /session/6f873cfbd9220f733b1c899e801fac9f/elements - {"using":"xpath","value":"//button[@data-kt=\"addButton\"]"}
RESULT: {}
RESULT: {"using":"xpath","value":"//button[@data-kt=\"addButton\"]"}
COMMAND: POST /session/6f873cfbd9220f733b1c899e801fac9f/elements - {"using":"xpath","value":"//button[@data-kt=\"addButton\"]"}
RESULT: {"using":"xpath","value":"//button[@data-kt=\"addButton\"]"}
COMMAND: POST /session/6f873cfbd9220f733b1c899e801fac9f/elements - {"using":"xpath","value":"//button[@data-kt=\"addButton\"]"}
RESULT: {"using":"xpath","value":"//button[@data-kt=\"addButton\"]"}
COMMAND: POST /session/6f873cfbd9220f733b1c899e801fac9f/elements - {"using":"xpath","value":"//button[@data-kt=\"addButton\"]"}
RESULT: {"using":"xpath","value":"//button[@data-kt=\"addButton\"]"}
COMMAND: POST /session/6f873cfbd9220f733b1c899e801fac9f/elements - {"using":"xpath","value":"//button[@data-kt=\"addButton\"]"}
RESULT: {"using":"xpath","value":"//button[@data-kt=\"addButton\"]"}
COMMAND: POST /session/6f873cfbd9220f733b1c899e801fac9f/elements - {"using":"xpath","value":"//button[@data-kt=\"addButton\"]"}
RESULT: {"using":"xpath","value":"//button[@data-kt=\"addButton\"]"}
COMMAND: POST /session/6f873cfbd9220f733b1c899e801fac9f/elements - {"using":"xpath","value":"//button[@data-kt=\"addButton\"]"}
RESULT: {"using":"xpath","value":"//button[@data-kt=\"addButton\"]"}
COMMAND: POST /session/6f873cfbd9220f733b1c899e801fac9f/elements - {"using":"xpath","value":"//button[@data-kt=\"addButton\"]"}
RESULT: {"using":"xpath","value":"//button[@data-kt=\"addButton\"]"}
COMMAND: POST /session/6f873cfbd9220f733b1c899e801fac9f/elements - {"using":"xpath","value":"//button[@data-kt=\"addButton\"]"}
RESULT: {"using":"xpath","value":"//button[@data-kt=\"addButton\"]"}
COMMAND: POST /session/6f873cfbd9220f733b1c899e801fac9f/elements - {"using":"xpath","value":"//button[@data-kt=\"addButton\"]"}
RESULT: {"using":"xpath","value":"//button[@data-kt=\"addButton\"]"}
COMMAND: POST /session/6f873cfbd9220f733b1c899e801fac9f/elements - {"using":"xpath","value":"//button[@data-kt=\"addButton\"]"}
RESULT: {"using":"xpath","value":"//button[@data-kt=\"addButton\"]"}
COMMAND: POST /session/6f873cfbd9220f733b1c899e801fac9f/elements - {"using":"xpath","value":"//button[@data-kt=\"addButton\"]"}
RESULT: {"using":"xpath","value":"//button[@data-kt=\"addButton\"]"}
COMMAND: POST /session/6f873cfbd9220f733b1c899e801fac9f/elements - {"using":"xpath","value":"//button[@data-kt=\"addButton\"]"}
RESULT: {"using":"xpath","value":"//button[@data-kt=\"addButton\"]"}
COMMAND: POST /session/6f873cfbd9220f733b1c899e801fac9f/elements - {"using":"xpath","value":"//button[@data-kt=\"addButton\"]"}
RESULT: {"using":"xpath","value":"//button[@data-kt=\"addButton\"]"}
COMMAND: POST /session/6f873cfbd9220f733b1c899e801fac9f/elements - {"using":"xpath","value":"//button[@data-kt=\"addButton\"]"}
RESULT: {"using":"xpath","value":"//button[@data-kt=\"addButton\"]"}
COMMAND: POST /session/6f873cfbd9220f733b1c899e801fac9f/elements - {"using":"xpath","value":"//button[@data-kt=\"addButton\"]"}
RESULT: {"using":"xpath","value":"//button[@data-kt=\"addButton\"]"}
COMMAND: POST /session/6f873cfbd9220f733b1c899e801fac9f/elements - {"using":"xpath","value":"//button[@data-kt=\"addButton\"]"}
RESULT: {"using":"xpath","value":"//button[@data-kt=\"addButton\"]"}
COMMAND: POST /session/6f873cfbd9220f733b1c899e801fac9f/elements - {"using":"xpath","value":"//button[@data-kt=\"addButton\"]"}
RESULT: {"using":"xpath","value":"//button[@data-kt=\"addButton\"]"}
COMMAND: POST /session/6f873cfbd9220f733b1c899e801fac9f/elements - {"using":"xpath","value":"//button[@data-kt=\"addButton\"]"}
RESULT: {"using":"xpath","value":"//button[@data-kt=\"addButton\"]"}
COMMAND: POST /session/6f873cfbd9220f733b1c899e801fac9f/element - {"using":"xpath","value":"//button[@data-kt=\"addButton\"]"}
RESULT: {"using":"xpath","value":"//button[@data-kt=\"addButton\"]"}
COMMAND: POST /session/6f873cfbd9220f733b1c899e801fac9f/execute/sync - {"script":"<script> [8489 bytes]","args":[{"element-6066-11e4-a52e-4f735466cecf":"f.0D8D1E8C4444AAF4F6CCCAD0803F9B10.d.409AA871949AA30FA92D309F513E85DC.e.2370","ELEMENT":"f.0D8D1E8C4444AAF4F6CCCAD0803F9B10.d.409AA871949AA30FA92D309F513E85DC.e.2370"}]}
RESULT: {"script":"<script> [8489 bytes]","args":[{"element-6066-11e4-a52e-4f735466cecf":"f.0D8D1E8C4444AAF4F6CCCAD0803F9B10.d.409AA871949AA30FA92D309F513E85DC.e.2370","ELEMENT":"f.0D8D1E8C4444AAF4F6CCCAD0803F9B10.d.409AA871949AA30FA92D309F513E85DC.e.2370"}]}
COMMAND: GET /session/6f873cfbd9220f733b1c899e801fac9f/element/f.0D8D1E8C4444AAF4F6CCCAD0803F9B10.d.409AA871949AA30FA92D309F513E85DC.e.2370/enabled - {}
COMMAND: GET /session/6f873cfbd9220f733b1c899e801fac9f/screenshot - {}
RESULT: {}
COMMAND: POST /session/6f873cfbd9220f733b1c899e801fac9f/execute/sync - {"script":"<script> [8489 bytes]","args":[{"element-6066-11e4-a52e-4f735466cecf":"f.0D8D1E8C4444AAF4F6CCCAD0803F9B10.d.409AA871949AA30FA92D309F513E85DC.e.2370","ELEMENT":"f.0D8D1E8C4444AAF4F6CCCAD0803F9B10.d.409AA871949AA30FA92D309F513E85DC.e.2370"}]}
COMMAND: GET /session/6f873cfbd9220f733b1c899e801fac9f/screenshot - {}
RESULT: {}
RESULT: {"script":"<script> [8489 bytes]","args":[{"element-6066-11e4-a52e-4f735466cecf":"f.0D8D1E8C4444AAF4F6CCCAD0803F9B10.d.409AA871949AA30FA92D309F513E85DC.e.2370","ELEMENT":"f.0D8D1E8C4444AAF4F6CCCAD0803F9B10.d.409AA871949AA30FA92D309F513E85DC.e.2370"}]}
COMMAND: POST /session/6f873cfbd9220f733b1c899e801fac9f/execute/sync - {"script":"<script> [5351 bytes]","args":[{"element-6066-11e4-a52e-4f735466cecf":"f.0D8D1E8C4444AAF4F6CCCAD0803F9B10.d.409AA871949AA30FA92D309F513E85DC.e.2370","ELEMENT":"f.0D8D1E8C4444AAF4F6CCCAD0803F9B10.d.409AA871949AA30FA92D309F513E85DC.e.2370"}]}
COMMAND: GET /session/6f873cfbd9220f733b1c899e801fac9f/screenshot - {}
RESULT: {}
RESULT: {"script":"<script> [5351 bytes]","args":[{"element-6066-11e4-a52e-4f735466cecf":"f.0D8D1E8C4444AAF4F6CCCAD0803F9B10.d.409AA871949AA30FA92D309F513E85DC.e.2370","ELEMENT":"f.0D8D1E8C4444AAF4F6CCCAD0803F9B10.d.409AA871949AA30FA92D309F513E85DC.e.2370"}]}
COMMAND: GET /session/6f873cfbd9220f733b1c899e801fac9f/screenshot - {}
RESULT: {}
RESULT: {}
RESULT: undefined
COMMAND: POST /session/6f873cfbd9220f733b1c899e801fac9f/execute/async - {"script":"<script> [776 bytes]","args":[{"enterText":"1121","selector":{"id":"application-managepartners-display-component---masterPtm--smartFilterBar-btnBasicSearch","interaction":{"idSuffix":"I"}},"clearTextFirst":true,"interactionType":"ENTER_TEXT"}]}
RESULT: {"script":"<script> [776 bytes]","args":[{"enterText":"1121","selector":{"id":"application-managepartners-display-component---masterPtm--smartFilterBar-btnBasicSearch","interaction":{"idSuffix":"I"}},"clearTextFirst":true,"interactionType":"ENTER_TEXT"}]}
COMMAND: POST /session/6f873cfbd9220f733b1c899e801fac9f/actions - {"actions":[{"id":"action5","type":"key","parameters":{},"actions":[{"type":"keyDown","value":"î€‡"},{"type":"pause","duration":10},{"type":"keyUp","value":"î€‡"}]}]}
RESULT: {"actions":[{"id":"action5","type":"key","parameters":{},"actions":[{"type":"keyDown","value":"î€‡"},{"type":"pause","duration":10},{"type":"keyUp","value":"î€‡"}]}]}
COMMAND: GET /session/6f873cfbd9220f733b1c899e801fac9f/screenshot - {}
RESULT: {}
COMMAND: POST /session/6f873cfbd9220f733b1c899e801fac9f/elements - {"using":"xpath","value":"//table[contains(@id, \"customPartnersTable-listUl\")]/tbody/tr"}
RESULT: {"using":"xpath","value":"//table[contains(@id, \"customPartnersTable-listUl\")]/tbody/tr"}
COMMAND: POST /session/6f873cfbd9220f733b1c899e801fac9f/element - {"using":"xpath","value":"//table[contains(@id, \"customPartnersTable-listUl\")]/tbody/tr[1]/td[3]/span"}
RESULT: {"using":"xpath","value":"//table[contains(@id, \"customPartnersTable-listUl\")]/tbody/tr[1]/td[3]/span"}
COMMAND: POST /session/6f873cfbd9220f733b1c899e801fac9f/elements - {"using":"xpath","value":"//table[contains(@id, \"customPartnersTable-listUl\")]/tbody/tr[1]/td[3]/span"}
RESULT: {"using":"xpath","value":"//table[contains(@id, \"customPartnersTable-listUl\")]/tbody/tr[1]/td[3]/span"}
COMMAND: POST /session/6f873cfbd9220f733b1c899e801fac9f/execute/sync - {"script":"<script> [56 bytes]","args":[{"element-6066-11e4-a52e-4f735466cecf":"f.0D8D1E8C4444AAF4F6CCCAD0803F9B10.d.409AA871949AA30FA92D309F513E85DC.e.2515","ELEMENT":"f.0D8D1E8C4444AAF4F6CCCAD0803F9B10.d.409AA871949AA30FA92D309F513E85DC.e.2515"}]}
RESULT: {"script":"<script> [56 bytes]","args":[{"element-6066-11e4-a52e-4f735466cecf":"f.0D8D1E8C4444AAF4F6CCCAD0803F9B10.d.409AA871949AA30FA92D309F513E85DC.e.2515","ELEMENT":"f.0D8D1E8C4444AAF4F6CCCAD0803F9B10.d.409AA871949AA30FA92D309F513E85DC.e.2515"}]}
COMMAND: POST /session/6f873cfbd9220f733b1c899e801fac9f/element - {"using":"xpath","value":"//table[contains(@id, \"customPartnersTable-listUl\")]/tbody/tr[1]/td[7]/div/span"}
COMMAND: GET /session/6f873cfbd9220f733b1c899e801fac9f/screenshot - {}
RESULT: {"using":"xpath","value":"//table[contains(@id, \"customPartnersTable-listUl\")]/tbody/tr[1]/td[7]/div/span"}
COMMAND: POST /session/6f873cfbd9220f733b1c899e801fac9f/execute/sync - {"script":"<script> [56 bytes]","args":[{"element-6066-11e4-a52e-4f735466cecf":"f.0D8D1E8C4444AAF4F6CCCAD0803F9B10.d.409AA871949AA30FA92D309F513E85DC.e.2516","ELEMENT":"f.0D8D1E8C4444AAF4F6CCCAD0803F9B10.d.409AA871949AA30FA92D309F513E85DC.e.2516"}]}
RESULT: {}
RESULT: {"script":"<script> [56 bytes]","args":[{"element-6066-11e4-a52e-4f735466cecf":"f.0D8D1E8C4444AAF4F6CCCAD0803F9B10.d.409AA871949AA30FA92D309F513E85DC.e.2516","ELEMENT":"f.0D8D1E8C4444AAF4F6CCCAD0803F9B10.d.409AA871949AA30FA92D309F513E85DC.e.2516"}]}
COMMAND: POST /session/6f873cfbd9220f733b1c899e801fac9f/element - {"using":"xpath","value":"//table[contains(@id, \"customPartnersTable-listUl\")]/tbody/tr[1]/td[2]/div/div"}
COMMAND: GET /session/6f873cfbd9220f733b1c899e801fac9f/screenshot - {}
RESULT: {"using":"xpath","value":"//table[contains(@id, \"customPartnersTable-listUl\")]/tbody/tr[1]/td[2]/div/div"}
COMMAND: POST /session/6f873cfbd9220f733b1c899e801fac9f/element/f.0D8D1E8C4444AAF4F6CCCAD0803F9B10.d.409AA871949AA30FA92D309F513E85DC.e.2517/click - {}
RESULT: {}
RESULT: {}
COMMAND: GET /session/6f873cfbd9220f733b1c899e801fac9f/screenshot - {}
RESULT: {}
COMMAND: POST /session/6f873cfbd9220f733b1c899e801fac9f/element - {"using":"xpath","value":"//bdi[contains(text(), \"Activate\")]"}
RESULT: {"using":"xpath","value":"//bdi[contains(text(), \"Activate\")]"}
COMMAND: POST /session/6f873cfbd9220f733b1c899e801fac9f/element/f.0D8D1E8C4444AAF4F6CCCAD0803F9B10.d.409AA871949AA30FA92D309F513E85DC.e.2518/click - {}
RESULT: {}
COMMAND: GET /session/6f873cfbd9220f733b1c899e801fac9f/screenshot - {}
RESULT: {}
COMMAND: POST /session/6f873cfbd9220f733b1c899e801fac9f/element - {"using":"xpath","value":"//bdi[contains(text(), \"Yes\")]"}
RESULT: {"using":"xpath","value":"//bdi[contains(text(), \"Yes\")]"}
COMMAND: POST /session/6f873cfbd9220f733b1c899e801fac9f/element/f.0D8D1E8C4444AAF4F6CCCAD0803F9B10.d.409AA871949AA30FA92D309F513E85DC.e.2520/click - {}
RESULT: {}
COMMAND: GET /session/6f873cfbd9220f733b1c899e801fac9f/screenshot - {}
RESULT: {}
COMMAND: POST /session/6f873cfbd9220f733b1c899e801fac9f/element - {"using":"xpath","value":"//table[contains(@id, \"customPartnersTable-listUl\")]/tbody/tr[1]/td[7]/div/span"}
RESULT: {"using":"xpath","value":"//table[contains(@id, \"customPartnersTable-listUl\")]/tbody/tr[1]/td[7]/div/span"}
COMMAND: POST /session/6f873cfbd9220f733b1c899e801fac9f/execute/sync - {"script":"<script> [56 bytes]","args":[{"element-6066-11e4-a52e-4f735466cecf":"f.0D8D1E8C4444AAF4F6CCCAD0803F9B10.d.409AA871949AA30FA92D309F513E85DC.e.2516","ELEMENT":"f.0D8D1E8C4444AAF4F6CCCAD0803F9B10.d.409AA871949AA30FA92D309F513E85DC.e.2516"}]}
RESULT: {"script":"<script> [56 bytes]","args":[{"element-6066-11e4-a52e-4f735466cecf":"f.0D8D1E8C4444AAF4F6CCCAD0803F9B10.d.409AA871949AA30FA92D309F513E85DC.e.2516","ELEMENT":"f.0D8D1E8C4444AAF4F6CCCAD0803F9B10.d.409AA871949AA30FA92D309F513E85DC.e.2516"}]}
COMMAND: GET /session/6f873cfbd9220f733b1c899e801fac9f/screenshot - {}
RESULT: {}
COMMAND: POST /session/6f873cfbd9220f733b1c899e801fac9f/element - {"using":"css selector","value":"#shell-header-logo"}
RESULT: {"using":"css selector","value":"#shell-header-logo"}
COMMAND: POST /session/6f873cfbd9220f733b1c899e801fac9f/element/f.0D8D1E8C4444AAF4F6CCCAD0803F9B10.d.409AA871949AA30FA92D309F513E85DC.e.2336/click - {}
RESULT: {}
COMMAND: GET /session/6f873cfbd9220f733b1c899e801fac9f/screenshot - {}
RESULT: {}
]]></system-out>
    </testcase>
    <testcase classname="chrome.136_0_7103_49.windows.Partner_specific_tests_US150819_US151080_US151654_US151176_US103444_US151078_US151079_US151109_US151174_US151175_US151189" name="Should edit the created external partner and save it and check its content US103444" time="70.332">
      <system-out><![CDATA[
COMMAND: POST /session/6f873cfbd9220f733b1c899e801fac9f/element - {"using":"xpath","value":"//li[.//span[text()=\"Manage Partners\"]]"}
RESULT: {"using":"xpath","value":"//li[.//span[text()=\"Manage Partners\"]]"}
COMMAND: POST /session/6f873cfbd9220f733b1c899e801fac9f/element - {"using":"xpath","value":"//li[.//span[text()=\"Manage Partners\"]]"}
RESULT: {"using":"xpath","value":"//li[.//span[text()=\"Manage Partners\"]]"}
COMMAND: POST /session/6f873cfbd9220f733b1c899e801fac9f/element - {"using":"css selector","value":"#shell-header-logo"}
RESULT: {"using":"css selector","value":"#shell-header-logo"}
COMMAND: POST /session/6f873cfbd9220f733b1c899e801fac9f/element/f.0D8D1E8C4444AAF4F6CCCAD0803F9B10.d.409AA871949AA30FA92D309F513E85DC.e.2524/click - {}
COMMAND: POST /session/6f873cfbd9220f733b1c899e801fac9f/execute/sync - {"script":"<script> [8489 bytes]","args":[{"element-6066-11e4-a52e-4f735466cecf":"f.0D8D1E8C4444AAF4F6CCCAD0803F9B10.d.409AA871949AA30FA92D309F513E85DC.e.2524","ELEMENT":"f.0D8D1E8C4444AAF4F6CCCAD0803F9B10.d.409AA871949AA30FA92D309F513E85DC.e.2524"}]}
RESULT: {}
COMMAND: GET /session/6f873cfbd9220f733b1c899e801fac9f/screenshot - {}
RESULT: {"script":"<script> [8489 bytes]","args":[{"element-6066-11e4-a52e-4f735466cecf":"f.0D8D1E8C4444AAF4F6CCCAD0803F9B10.d.409AA871949AA30FA92D309F513E85DC.e.2524","ELEMENT":"f.0D8D1E8C4444AAF4F6CCCAD0803F9B10.d.409AA871949AA30FA92D309F513E85DC.e.2524"}]}
COMMAND: POST /session/6f873cfbd9220f733b1c899e801fac9f/execute/sync - {"script":"<script> [5351 bytes]","args":[{"element-6066-11e4-a52e-4f735466cecf":"f.0D8D1E8C4444AAF4F6CCCAD0803F9B10.d.409AA871949AA30FA92D309F513E85DC.e.2524","ELEMENT":"f.0D8D1E8C4444AAF4F6CCCAD0803F9B10.d.409AA871949AA30FA92D309F513E85DC.e.2524"}]}
COMMAND: GET /session/6f873cfbd9220f733b1c899e801fac9f/screenshot - {}
RESULT: {}
RESULT: {"script":"<script> [5351 bytes]","args":[{"element-6066-11e4-a52e-4f735466cecf":"f.0D8D1E8C4444AAF4F6CCCAD0803F9B10.d.409AA871949AA30FA92D309F513E85DC.e.2524","ELEMENT":"f.0D8D1E8C4444AAF4F6CCCAD0803F9B10.d.409AA871949AA30FA92D309F513E85DC.e.2524"}]}
COMMAND: GET /session/6f873cfbd9220f733b1c899e801fac9f/screenshot - {}
RESULT: {}
RESULT: {}
RESULT: undefined
COMMAND: POST /session/6f873cfbd9220f733b1c899e801fac9f/element - {"using":"xpath","value":"//*[@id=\"__tile38\"]"}
RESULT: {"using":"xpath","value":"//*[@id=\"__tile38\"]"}
COMMAND: POST /session/6f873cfbd9220f733b1c899e801fac9f/element/f.0D8D1E8C4444AAF4F6CCCAD0803F9B10.d.409AA871949AA30FA92D309F513E85DC.e.147/click - {}
RESULT: {}
COMMAND: POST /session/6f873cfbd9220f733b1c899e801fac9f/element - {"using":"xpath","value":"//button[@data-kt=\"addButton\"]"}
COMMAND: GET /session/6f873cfbd9220f733b1c899e801fac9f/screenshot - {}
RESULT: {"using":"xpath","value":"//button[@data-kt=\"addButton\"]"}
COMMAND: POST /session/6f873cfbd9220f733b1c899e801fac9f/elements - {"using":"xpath","value":"//button[@data-kt=\"addButton\"]"}
RESULT: {}
RESULT: {"using":"xpath","value":"//button[@data-kt=\"addButton\"]"}
COMMAND: POST /session/6f873cfbd9220f733b1c899e801fac9f/elements - {"using":"xpath","value":"//button[@data-kt=\"addButton\"]"}
RESULT: {"using":"xpath","value":"//button[@data-kt=\"addButton\"]"}
COMMAND: POST /session/6f873cfbd9220f733b1c899e801fac9f/elements - {"using":"xpath","value":"//button[@data-kt=\"addButton\"]"}
RESULT: {"using":"xpath","value":"//button[@data-kt=\"addButton\"]"}
COMMAND: POST /session/6f873cfbd9220f733b1c899e801fac9f/elements - {"using":"xpath","value":"//button[@data-kt=\"addButton\"]"}
RESULT: {"using":"xpath","value":"//button[@data-kt=\"addButton\"]"}
COMMAND: POST /session/6f873cfbd9220f733b1c899e801fac9f/elements - {"using":"xpath","value":"//button[@data-kt=\"addButton\"]"}
RESULT: {"using":"xpath","value":"//button[@data-kt=\"addButton\"]"}
COMMAND: POST /session/6f873cfbd9220f733b1c899e801fac9f/elements - {"using":"xpath","value":"//button[@data-kt=\"addButton\"]"}
RESULT: {"using":"xpath","value":"//button[@data-kt=\"addButton\"]"}
COMMAND: POST /session/6f873cfbd9220f733b1c899e801fac9f/elements - {"using":"xpath","value":"//button[@data-kt=\"addButton\"]"}
RESULT: {"using":"xpath","value":"//button[@data-kt=\"addButton\"]"}
COMMAND: POST /session/6f873cfbd9220f733b1c899e801fac9f/elements - {"using":"xpath","value":"//button[@data-kt=\"addButton\"]"}
RESULT: {"using":"xpath","value":"//button[@data-kt=\"addButton\"]"}
COMMAND: POST /session/6f873cfbd9220f733b1c899e801fac9f/elements - {"using":"xpath","value":"//button[@data-kt=\"addButton\"]"}
RESULT: {"using":"xpath","value":"//button[@data-kt=\"addButton\"]"}
COMMAND: POST /session/6f873cfbd9220f733b1c899e801fac9f/elements - {"using":"xpath","value":"//button[@data-kt=\"addButton\"]"}
RESULT: {"using":"xpath","value":"//button[@data-kt=\"addButton\"]"}
COMMAND: POST /session/6f873cfbd9220f733b1c899e801fac9f/elements - {"using":"xpath","value":"//button[@data-kt=\"addButton\"]"}
RESULT: {"using":"xpath","value":"//button[@data-kt=\"addButton\"]"}
COMMAND: POST /session/6f873cfbd9220f733b1c899e801fac9f/elements - {"using":"xpath","value":"//button[@data-kt=\"addButton\"]"}
RESULT: {"using":"xpath","value":"//button[@data-kt=\"addButton\"]"}
COMMAND: POST /session/6f873cfbd9220f733b1c899e801fac9f/elements - {"using":"xpath","value":"//button[@data-kt=\"addButton\"]"}
RESULT: {"using":"xpath","value":"//button[@data-kt=\"addButton\"]"}
COMMAND: POST /session/6f873cfbd9220f733b1c899e801fac9f/element - {"using":"xpath","value":"//button[@data-kt=\"addButton\"]"}
RESULT: {"using":"xpath","value":"//button[@data-kt=\"addButton\"]"}
COMMAND: POST /session/6f873cfbd9220f733b1c899e801fac9f/execute/sync - {"script":"<script> [8489 bytes]","args":[{"element-6066-11e4-a52e-4f735466cecf":"f.0D8D1E8C4444AAF4F6CCCAD0803F9B10.d.409AA871949AA30FA92D309F513E85DC.e.2559","ELEMENT":"f.0D8D1E8C4444AAF4F6CCCAD0803F9B10.d.409AA871949AA30FA92D309F513E85DC.e.2559"}]}
RESULT: {"script":"<script> [8489 bytes]","args":[{"element-6066-11e4-a52e-4f735466cecf":"f.0D8D1E8C4444AAF4F6CCCAD0803F9B10.d.409AA871949AA30FA92D309F513E85DC.e.2559","ELEMENT":"f.0D8D1E8C4444AAF4F6CCCAD0803F9B10.d.409AA871949AA30FA92D309F513E85DC.e.2559"}]}
COMMAND: GET /session/6f873cfbd9220f733b1c899e801fac9f/element/f.0D8D1E8C4444AAF4F6CCCAD0803F9B10.d.409AA871949AA30FA92D309F513E85DC.e.2559/enabled - {}
COMMAND: GET /session/6f873cfbd9220f733b1c899e801fac9f/screenshot - {}
RESULT: {}
COMMAND: POST /session/6f873cfbd9220f733b1c899e801fac9f/execute/sync - {"script":"<script> [8489 bytes]","args":[{"element-6066-11e4-a52e-4f735466cecf":"f.0D8D1E8C4444AAF4F6CCCAD0803F9B10.d.409AA871949AA30FA92D309F513E85DC.e.2559","ELEMENT":"f.0D8D1E8C4444AAF4F6CCCAD0803F9B10.d.409AA871949AA30FA92D309F513E85DC.e.2559"}]}
COMMAND: GET /session/6f873cfbd9220f733b1c899e801fac9f/screenshot - {}
RESULT: {}
RESULT: {"script":"<script> [8489 bytes]","args":[{"element-6066-11e4-a52e-4f735466cecf":"f.0D8D1E8C4444AAF4F6CCCAD0803F9B10.d.409AA871949AA30FA92D309F513E85DC.e.2559","ELEMENT":"f.0D8D1E8C4444AAF4F6CCCAD0803F9B10.d.409AA871949AA30FA92D309F513E85DC.e.2559"}]}
COMMAND: POST /session/6f873cfbd9220f733b1c899e801fac9f/execute/sync - {"script":"<script> [5351 bytes]","args":[{"element-6066-11e4-a52e-4f735466cecf":"f.0D8D1E8C4444AAF4F6CCCAD0803F9B10.d.409AA871949AA30FA92D309F513E85DC.e.2559","ELEMENT":"f.0D8D1E8C4444AAF4F6CCCAD0803F9B10.d.409AA871949AA30FA92D309F513E85DC.e.2559"}]}
COMMAND: GET /session/6f873cfbd9220f733b1c899e801fac9f/screenshot - {}
RESULT: {}
RESULT: {"script":"<script> [5351 bytes]","args":[{"element-6066-11e4-a52e-4f735466cecf":"f.0D8D1E8C4444AAF4F6CCCAD0803F9B10.d.409AA871949AA30FA92D309F513E85DC.e.2559","ELEMENT":"f.0D8D1E8C4444AAF4F6CCCAD0803F9B10.d.409AA871949AA30FA92D309F513E85DC.e.2559"}]}
COMMAND: GET /session/6f873cfbd9220f733b1c899e801fac9f/screenshot - {}
RESULT: {}
RESULT: {}
RESULT: undefined
COMMAND: POST /session/6f873cfbd9220f733b1c899e801fac9f/execute/async - {"script":"<script> [776 bytes]","args":[{"enterText":"1121","selector":{"id":"application-managepartners-display-component---masterPtm--smartFilterBar-btnBasicSearch","interaction":{"idSuffix":"I"}},"clearTextFirst":true,"interactionType":"ENTER_TEXT"}]}
RESULT: {"script":"<script> [776 bytes]","args":[{"enterText":"1121","selector":{"id":"application-managepartners-display-component---masterPtm--smartFilterBar-btnBasicSearch","interaction":{"idSuffix":"I"}},"clearTextFirst":true,"interactionType":"ENTER_TEXT"}]}
COMMAND: POST /session/6f873cfbd9220f733b1c899e801fac9f/actions - {"actions":[{"id":"action6","type":"key","parameters":{},"actions":[{"type":"keyDown","value":"î€‡"},{"type":"pause","duration":10},{"type":"keyUp","value":"î€‡"}]}]}
RESULT: {"actions":[{"id":"action6","type":"key","parameters":{},"actions":[{"type":"keyDown","value":"î€‡"},{"type":"pause","duration":10},{"type":"keyUp","value":"î€‡"}]}]}
COMMAND: GET /session/6f873cfbd9220f733b1c899e801fac9f/screenshot - {}
RESULT: {}
COMMAND: POST /session/6f873cfbd9220f733b1c899e801fac9f/elements - {"using":"xpath","value":"//table[contains(@id, \"customPartnersTable-listUl\")]/tbody/tr"}
RESULT: {"using":"xpath","value":"//table[contains(@id, \"customPartnersTable-listUl\")]/tbody/tr"}
COMMAND: POST /session/6f873cfbd9220f733b1c899e801fac9f/element - {"using":"xpath","value":"//table[contains(@id, \"customPartnersTable-listUl\")]/tbody/tr[1]/td[3]/span"}
RESULT: {"using":"xpath","value":"//table[contains(@id, \"customPartnersTable-listUl\")]/tbody/tr[1]/td[3]/span"}
COMMAND: POST /session/6f873cfbd9220f733b1c899e801fac9f/elements - {"using":"xpath","value":"//table[contains(@id, \"customPartnersTable-listUl\")]/tbody/tr[1]/td[3]/span"}
RESULT: {"using":"xpath","value":"//table[contains(@id, \"customPartnersTable-listUl\")]/tbody/tr[1]/td[3]/span"}
COMMAND: POST /session/6f873cfbd9220f733b1c899e801fac9f/execute/sync - {"script":"<script> [56 bytes]","args":[{"element-6066-11e4-a52e-4f735466cecf":"f.0D8D1E8C4444AAF4F6CCCAD0803F9B10.d.409AA871949AA30FA92D309F513E85DC.e.2706","ELEMENT":"f.0D8D1E8C4444AAF4F6CCCAD0803F9B10.d.409AA871949AA30FA92D309F513E85DC.e.2706"}]}
RESULT: {"script":"<script> [56 bytes]","args":[{"element-6066-11e4-a52e-4f735466cecf":"f.0D8D1E8C4444AAF4F6CCCAD0803F9B10.d.409AA871949AA30FA92D309F513E85DC.e.2706","ELEMENT":"f.0D8D1E8C4444AAF4F6CCCAD0803F9B10.d.409AA871949AA30FA92D309F513E85DC.e.2706"}]}
COMMAND: POST /session/6f873cfbd9220f733b1c899e801fac9f/element - {"using":"xpath","value":"(//span[contains(@id, \"imgNav\")])[1]"}
COMMAND: GET /session/6f873cfbd9220f733b1c899e801fac9f/screenshot - {}
RESULT: {"using":"xpath","value":"(//span[contains(@id, \"imgNav\")])[1]"}
COMMAND: POST /session/6f873cfbd9220f733b1c899e801fac9f/element/f.0D8D1E8C4444AAF4F6CCCAD0803F9B10.d.409AA871949AA30FA92D309F513E85DC.e.2703/click - {}
RESULT: {}
RESULT: {}
COMMAND: GET /session/6f873cfbd9220f733b1c899e801fac9f/screenshot - {}
RESULT: {}
COMMAND: POST /session/6f873cfbd9220f733b1c899e801fac9f/element - {"using":"xpath","value":"//bdi[contains(text(), \"Edit\")]"}
RESULT: {"using":"xpath","value":"//bdi[contains(text(), \"Edit\")]"}
COMMAND: POST /session/6f873cfbd9220f733b1c899e801fac9f/element/f.0D8D1E8C4444AAF4F6CCCAD0803F9B10.d.409AA871949AA30FA92D309F513E85DC.e.2846/click - {}
RESULT: {}
COMMAND: GET /session/6f873cfbd9220f733b1c899e801fac9f/screenshot - {}
RESULT: {}
COMMAND: POST /session/6f873cfbd9220f733b1c899e801fac9f/execute/async - {"script":"<script> [1562 bytes]","args":[{"selector":{"controlType":"sap.m.Input","viewName":"etm.portal.ui.managepartners.view.EditDetail","labelFor":{"text":"Name"},"interaction":{"idSuffix":"inner"}},"wdio_ui5_key":"etmportal.ui.managepartners.view.EditDetailsap.m.Input{\"text\":\"Name\"}"}]}
RESULT: {"script":"<script> [1562 bytes]","args":[{"selector":{"controlType":"sap.m.Input","viewName":"etm.portal.ui.managepartners.view.EditDetail","labelFor":{"text":"Name"},"interaction":{"idSuffix":"inner"}},"wdio_ui5_key":"etmportal.ui.managepartners.view.EditDetailsap.m.Input{\"text\":\"Name\"}"}]}
RESULT: undefined
COMMAND: POST /session/6f873cfbd9220f733b1c899e801fac9f/execute/async - {"script":"<script> [776 bytes]","args":[{"enterText":"External EDIT","selector":{"controlType":"sap.m.Input","viewName":"etm.portal.ui.managepartners.view.EditDetail","labelFor":{"text":"Name"},"interaction":{"idSuffix":"inner"}},"clearTextFirst":true,"interactionType":"ENTER_TEXT"}]}
RESULT: {"script":"<script> [776 bytes]","args":[{"enterText":"External EDIT","selector":{"controlType":"sap.m.Input","viewName":"etm.portal.ui.managepartners.view.EditDetail","labelFor":{"text":"Name"},"interaction":{"idSuffix":"inner"}},"clearTextFirst":true,"interactionType":"ENTER_TEXT"}]}
COMMAND: POST /session/6f873cfbd9220f733b1c899e801fac9f/element - {"using":"xpath","value":"(//span[contains(@id,\"addressDetailDetailsLanguage-arrow\")])[1]"}
RESULT: {"using":"xpath","value":"(//span[contains(@id,\"addressDetailDetailsLanguage-arrow\")])[1]"}
COMMAND: POST /session/6f873cfbd9220f733b1c899e801fac9f/element/f.0D8D1E8C4444AAF4F6CCCAD0803F9B10.d.409AA871949AA30FA92D309F513E85DC.e.2922/click - {}
RESULT: {}
COMMAND: POST /session/6f873cfbd9220f733b1c899e801fac9f/element - {"using":"xpath","value":"//span[contains(text(), \"Chinese\")]"}
COMMAND: GET /session/6f873cfbd9220f733b1c899e801fac9f/screenshot - {}
RESULT: {"using":"xpath","value":"//span[contains(text(), \"Chinese\")]"}
COMMAND: POST /session/6f873cfbd9220f733b1c899e801fac9f/element/f.0D8D1E8C4444AAF4F6CCCAD0803F9B10.d.409AA871949AA30FA92D309F513E85DC.e.2923/click - {}
RESULT: {}
RESULT: {}
COMMAND: GET /session/6f873cfbd9220f733b1c899e801fac9f/screenshot - {}
RESULT: {}
COMMAND: POST /session/6f873cfbd9220f733b1c899e801fac9f/execute/async - {"script":"<script> [1562 bytes]","args":[{"selector":{"controlType":"sap.m.Input","viewName":"etm.portal.ui.managepartners.view.EditDetail","labelFor":{"text":"City"},"interaction":{"idSuffix":"inner"}},"wdio_ui5_key":"etmportal.ui.managepartners.view.EditDetailsap.m.Input{\"text\":\"City\"}"}]}
RESULT: {"script":"<script> [1562 bytes]","args":[{"selector":{"controlType":"sap.m.Input","viewName":"etm.portal.ui.managepartners.view.EditDetail","labelFor":{"text":"City"},"interaction":{"idSuffix":"inner"}},"wdio_ui5_key":"etmportal.ui.managepartners.view.EditDetailsap.m.Input{\"text\":\"City\"}"}]}
RESULT: undefined
COMMAND: POST /session/6f873cfbd9220f733b1c899e801fac9f/execute/async - {"script":"<script> [776 bytes]","args":[{"enterText":"Clooj-Napoca","selector":{"controlType":"sap.m.Input","viewName":"etm.portal.ui.managepartners.view.EditDetail","labelFor":{"text":"City"},"interaction":{"idSuffix":"inner"}},"clearTextFirst":true,"interactionType":"ENTER_TEXT"}]}
RESULT: {"script":"<script> [776 bytes]","args":[{"enterText":"Clooj-Napoca","selector":{"controlType":"sap.m.Input","viewName":"etm.portal.ui.managepartners.view.EditDetail","labelFor":{"text":"City"},"interaction":{"idSuffix":"inner"}},"clearTextFirst":true,"interactionType":"ENTER_TEXT"}]}
COMMAND: POST /session/6f873cfbd9220f733b1c899e801fac9f/element - {"using":"xpath","value":"//button[@data-kt=\"saveButton\"]"}
RESULT: {"using":"xpath","value":"//button[@data-kt=\"saveButton\"]"}
COMMAND: POST /session/6f873cfbd9220f733b1c899e801fac9f/element/f.0D8D1E8C4444AAF4F6CCCAD0803F9B10.d.409AA871949AA30FA92D309F513E85DC.e.2907/click - {}
RESULT: {}
COMMAND: GET /session/6f873cfbd9220f733b1c899e801fac9f/screenshot - {}
RESULT: {}
COMMAND: POST /session/6f873cfbd9220f733b1c899e801fac9f/execute/async - {"script":"<script> [1562 bytes]","args":[{"selector":{"id":"application-managepartners-display-component---detailPtm--addressDetailDetailsName1"},"wdio_ui5_key":"applicationmanagepartners-display-component---detailPtm--addressDetailDetailsName1"}]}
RESULT: {"script":"<script> [1562 bytes]","args":[{"selector":{"id":"application-managepartners-display-component---detailPtm--addressDetailDetailsName1"},"wdio_ui5_key":"applicationmanagepartners-display-component---detailPtm--addressDetailDetailsName1"}]}
RESULT: undefined
COMMAND: POST /session/6f873cfbd9220f733b1c899e801fac9f/execute/async - {"script":"<script> [6424 bytes]","args":[{"element-6066-11e4-a52e-4f735466cecf":"f.0D8D1E8C4444AAF4F6CCCAD0803F9B10.d.409AA871949AA30FA92D309F513E85DC.e.2954"},"getValue",[]]}
RESULT: {"script":"<script> [6424 bytes]","args":[{"element-6066-11e4-a52e-4f735466cecf":"f.0D8D1E8C4444AAF4F6CCCAD0803F9B10.d.409AA871949AA30FA92D309F513E85DC.e.2954"},"getValue",[]]}
COMMAND: POST /session/6f873cfbd9220f733b1c899e801fac9f/element - {"using":"xpath","value":"//input[@id = \"application-managepartners-display-component---detailPtm--addressDetailDetailsLanguage-inner\"]"}
RESULT: {"using":"xpath","value":"//input[@id = \"application-managepartners-display-component---detailPtm--addressDetailDetailsLanguage-inner\"]"}
COMMAND: GET /session/6f873cfbd9220f733b1c899e801fac9f/element/f.0D8D1E8C4444AAF4F6CCCAD0803F9B10.d.409AA871949AA30FA92D309F513E85DC.e.2955/property/value - {}
RESULT: {}
COMMAND: POST /session/6f873cfbd9220f733b1c899e801fac9f/execute/async - {"script":"<script> [1562 bytes]","args":[{"selector":{"id":"application-managepartners-display-component---detailPtm--addressDetailDetailsCity1"},"wdio_ui5_key":"applicationmanagepartners-display-component---detailPtm--addressDetailDetailsCity1"}]}
COMMAND: GET /session/6f873cfbd9220f733b1c899e801fac9f/screenshot - {}
RESULT: {"script":"<script> [1562 bytes]","args":[{"selector":{"id":"application-managepartners-display-component---detailPtm--addressDetailDetailsCity1"},"wdio_ui5_key":"applicationmanagepartners-display-component---detailPtm--addressDetailDetailsCity1"}]}
RESULT: undefined
COMMAND: POST /session/6f873cfbd9220f733b1c899e801fac9f/execute/async - {"script":"<script> [6424 bytes]","args":[{"element-6066-11e4-a52e-4f735466cecf":"f.0D8D1E8C4444AAF4F6CCCAD0803F9B10.d.409AA871949AA30FA92D309F513E85DC.e.2956"},"getValue",[]]}
RESULT: {}
RESULT: {"script":"<script> [6424 bytes]","args":[{"element-6066-11e4-a52e-4f735466cecf":"f.0D8D1E8C4444AAF4F6CCCAD0803F9B10.d.409AA871949AA30FA92D309F513E85DC.e.2956"},"getValue",[]]}
COMMAND: POST /session/6f873cfbd9220f733b1c899e801fac9f/element - {"using":"css selector","value":"#shell-header-logo"}
RESULT: {"using":"css selector","value":"#shell-header-logo"}
COMMAND: POST /session/6f873cfbd9220f733b1c899e801fac9f/element/f.0D8D1E8C4444AAF4F6CCCAD0803F9B10.d.409AA871949AA30FA92D309F513E85DC.e.2524/click - {}
RESULT: {}
COMMAND: GET /session/6f873cfbd9220f733b1c899e801fac9f/screenshot - {}
RESULT: {}
]]></system-out>
    </testcase>
    <testcase classname="chrome.136_0_7103_49.windows.Partner_specific_tests_US150819_US151080_US151654_US151176_US103444_US151078_US151079_US151109_US151174_US151175_US151189" name="Should create a new intercompany partner edit some of its fields US151078" time="255.1">
      <system-out><![CDATA[
COMMAND: POST /session/6f873cfbd9220f733b1c899e801fac9f/element - {"using":"xpath","value":"//li[.//span[text()=\"Manage Partners\"]]"}
RESULT: {"using":"xpath","value":"//li[.//span[text()=\"Manage Partners\"]]"}
COMMAND: POST /session/6f873cfbd9220f733b1c899e801fac9f/element - {"using":"xpath","value":"//li[.//span[text()=\"Manage Partners\"]]"}
RESULT: {"using":"xpath","value":"//li[.//span[text()=\"Manage Partners\"]]"}
COMMAND: POST /session/6f873cfbd9220f733b1c899e801fac9f/element - {"using":"css selector","value":"#shell-header-logo"}
RESULT: {"using":"css selector","value":"#shell-header-logo"}
COMMAND: POST /session/6f873cfbd9220f733b1c899e801fac9f/element/f.0D8D1E8C4444AAF4F6CCCAD0803F9B10.d.409AA871949AA30FA92D309F513E85DC.e.2987/click - {}
COMMAND: POST /session/6f873cfbd9220f733b1c899e801fac9f/execute/sync - {"script":"<script> [8489 bytes]","args":[{"element-6066-11e4-a52e-4f735466cecf":"f.0D8D1E8C4444AAF4F6CCCAD0803F9B10.d.409AA871949AA30FA92D309F513E85DC.e.2987","ELEMENT":"f.0D8D1E8C4444AAF4F6CCCAD0803F9B10.d.409AA871949AA30FA92D309F513E85DC.e.2987"}]}
RESULT: {}
COMMAND: GET /session/6f873cfbd9220f733b1c899e801fac9f/screenshot - {}
RESULT: {"script":"<script> [8489 bytes]","args":[{"element-6066-11e4-a52e-4f735466cecf":"f.0D8D1E8C4444AAF4F6CCCAD0803F9B10.d.409AA871949AA30FA92D309F513E85DC.e.2987","ELEMENT":"f.0D8D1E8C4444AAF4F6CCCAD0803F9B10.d.409AA871949AA30FA92D309F513E85DC.e.2987"}]}
COMMAND: POST /session/6f873cfbd9220f733b1c899e801fac9f/execute/sync - {"script":"<script> [5351 bytes]","args":[{"element-6066-11e4-a52e-4f735466cecf":"f.0D8D1E8C4444AAF4F6CCCAD0803F9B10.d.409AA871949AA30FA92D309F513E85DC.e.2987","ELEMENT":"f.0D8D1E8C4444AAF4F6CCCAD0803F9B10.d.409AA871949AA30FA92D309F513E85DC.e.2987"}]}
COMMAND: GET /session/6f873cfbd9220f733b1c899e801fac9f/screenshot - {}
RESULT: {}
RESULT: {"script":"<script> [5351 bytes]","args":[{"element-6066-11e4-a52e-4f735466cecf":"f.0D8D1E8C4444AAF4F6CCCAD0803F9B10.d.409AA871949AA30FA92D309F513E85DC.e.2987","ELEMENT":"f.0D8D1E8C4444AAF4F6CCCAD0803F9B10.d.409AA871949AA30FA92D309F513E85DC.e.2987"}]}
COMMAND: GET /session/6f873cfbd9220f733b1c899e801fac9f/screenshot - {}
RESULT: {}
RESULT: {}
COMMAND: POST /session/6f873cfbd9220f733b1c899e801fac9f/refresh - {}
RESULT: {}
COMMAND: GET /session/6f873cfbd9220f733b1c899e801fac9f/screenshot - {}
RESULT: {}
COMMAND: POST /session/6f873cfbd9220f733b1c899e801fac9f/refresh - {}
RESULT: {}
COMMAND: GET /session/6f873cfbd9220f733b1c899e801fac9f/screenshot - {}
RESULT: {}
COMMAND: POST /session/6f873cfbd9220f733b1c899e801fac9f/window/fullscreen - {}
RESULT: {}
COMMAND: POST /session/6f873cfbd9220f733b1c899e801fac9f/execute/async - {"script":"<script> [189 bytes]","args":[]}
RESULT: {"script":"<script> [189 bytes]","args":[]}
COMMAND: POST /session/6f873cfbd9220f733b1c899e801fac9f/execute/async - {"script":"<script> [123 bytes]","args":[]}
RESULT: {"script":"<script> [123 bytes]","args":[]}
COMMAND: POST /session/6f873cfbd9220f733b1c899e801fac9f/timeouts - {"script":"<number>"}
RESULT: {"script":"<number>"}
COMMAND: GET /session/6f873cfbd9220f733b1c899e801fac9f/timeouts - {}
RESULT: {}
RESULT: undefined
COMMAND: POST /session/6f873cfbd9220f733b1c899e801fac9f/execute/async - {"script":"<script> [2676 bytes]","args":[]}
RESULT: {"script":"<script> [2676 bytes]","args":[]}
COMMAND: POST /session/6f873cfbd9220f733b1c899e801fac9f/execute/async - {"script":"<script> [2342 bytes]","args":[{"protocol":"http","hostname":"0.0.0.0","path":"/","capabilities":{"browserName":"chrome","goog:chromeOptions":{"binary":"C:\\Program Files\\Google\\Chrome\\Application\\chrome.exe","args":["--start-maximized"]}},"logLevel":"warn","connectionRetryTimeout":120000,"connectionRetryCount":3,"logLevels":{},"enableDirectConnect":true,"strictSSL":true,"_":"65 more keys: [\"cacheDir\",\"port\",\"requestedCapabilities\",\"automationProtocol\",\"baseUrl\",\"waitforInterval\",\"waitforTimeout\",\"onReload\",\"beforeCommand\",\"afterCommand\",\"rootDir\",\"specs\",\"suites\",\"exclude\",\"groupLogsByTestSpec\",\"excludeDriverLogs\",\"bail\",\"framework\",\"reporters\",\"services\",\"maxInstances\",\"maxInstancesPerCapability\",\"injectGlobals\",\"filesToWatch\",\"execArgv\",\"runnerEnv\",\"runner\",\"shard\",\"specFileRetries\",\"specFileRetriesDelay\",\"specFileRetriesDeferred\",\"reporterSyncInterval\",\"reporterSyncTimeout\",\"cucumberFeaturesWithLineNumbers\",\"autoCompileOpts\",\"mochaOpts\",\"jasmineOpts\",\"cucumberOpts\",\"onPrepare\",\"onWorkerStart\",\"onWorkerEnd\",\"before\",\"beforeSession\",\"beforeSuite\",\"beforeHook\",\"beforeTest\",\"afterTest\",\"afterHook\",\"afterSuite\",\"afterSession\",\"after\",\"onComplete\",\"beforeAssertion\",\"afterAssertion\",\"beforeFeature\",\"beforeScenario\",\"beforeStep\",\"afterStep\",\"afterScenario\",\"afterFeature\",\"_\",\"suite\",\"$0\",\"ignoredWorkerServices\",\"wdi5\"]"}]}
RESULT: {"script":"<script> [2342 bytes]","args":[{"protocol":"http","hostname":"0.0.0.0","path":"/","capabilities":{"browserName":"chrome","goog:chromeOptions":{"binary":"C:\\Program Files\\Google\\Chrome\\Application\\chrome.exe","args":["--start-maximized"]}},"logLevel":"warn","connectionRetryTimeout":120000,"connectionRetryCount":3,"logLevels":{},"enableDirectConnect":true,"strictSSL":true,"_":"65 more keys: [\"cacheDir\",\"port\",\"requestedCapabilities\",\"automationProtocol\",\"baseUrl\",\"waitforInterval\",\"waitforTimeout\",\"onReload\",\"beforeCommand\",\"afterCommand\",\"rootDir\",\"specs\",\"suites\",\"exclude\",\"groupLogsByTestSpec\",\"excludeDriverLogs\",\"bail\",\"framework\",\"reporters\",\"services\",\"maxInstances\",\"maxInstancesPerCapability\",\"injectGlobals\",\"filesToWatch\",\"execArgv\",\"runnerEnv\",\"runner\",\"shard\",\"specFileRetries\",\"specFileRetriesDelay\",\"specFileRetriesDeferred\",\"reporterSyncInterval\",\"reporterSyncTimeout\",\"cucumberFeaturesWithLineNumbers\",\"autoCompileOpts\",\"mochaOpts\",\"jasmineOpts\",\"cucumberOpts\",\"onPrepare\",\"onWorkerStart\",\"onWorkerEnd\",\"before\",\"beforeSession\",\"beforeSuite\",\"beforeHook\",\"beforeTest\",\"afterTest\",\"afterHook\",\"afterSuite\",\"afterSession\",\"after\",\"onComplete\",\"beforeAssertion\",\"afterAssertion\",\"beforeFeature\",\"beforeScenario\",\"beforeStep\",\"afterStep\",\"afterScenario\",\"afterFeature\",\"_\",\"suite\",\"$0\",\"ignoredWorkerServices\",\"wdi5\"]"}]}
COMMAND: POST /session/6f873cfbd9220f733b1c899e801fac9f/execute/async - {"script":"<script> [21126 bytes]","args":[35000]}
RESULT: {"script":"<script> [21126 bytes]","args":[35000]}
COMMAND: POST /session/6f873cfbd9220f733b1c899e801fac9f/window/fullscreen - {}
RESULT: {}
COMMAND: POST /session/6f873cfbd9220f733b1c899e801fac9f/window/fullscreen - {}
RESULT: {}
COMMAND: POST /session/6f873cfbd9220f733b1c899e801fac9f/execute/async - {"script":"<script> [1562 bytes]","args":[{"selector":{"controlType":"sap.m.GenericTile","properties":{"header":"Manage Partners"}},"wdio_ui5_key":"sapm.GenericTile{\"header\":\"Manage Partners\"}"}]}
RESULT: {"script":"<script> [1562 bytes]","args":[{"selector":{"controlType":"sap.m.GenericTile","properties":{"header":"Manage Partners"}},"wdio_ui5_key":"sapm.GenericTile{\"header\":\"Manage Partners\"}"}]}
RESULT: undefined
COMMAND: POST /session/6f873cfbd9220f733b1c899e801fac9f/element - {"using":"xpath","value":"//*[@id=\"__tile30\"]"}
RESULT: {"using":"xpath","value":"//*[@id=\"__tile30\"]"}
COMMAND: POST /session/6f873cfbd9220f733b1c899e801fac9f/element/f.0D8D1E8C4444AAF4F6CCCAD0803F9B10.d.537911517072E09736211213D65B0877.e.3124/click - {}
RESULT: {}
COMMAND: POST /session/6f873cfbd9220f733b1c899e801fac9f/element - {"using":"xpath","value":"//button[@data-kt=\"addButton\"]"}
COMMAND: GET /session/6f873cfbd9220f733b1c899e801fac9f/screenshot - {}
RESULT: {"using":"xpath","value":"//button[@data-kt=\"addButton\"]"}
COMMAND: POST /session/6f873cfbd9220f733b1c899e801fac9f/elements - {"using":"xpath","value":"//button[@data-kt=\"addButton\"]"}
RESULT: {}
RESULT: {"using":"xpath","value":"//button[@data-kt=\"addButton\"]"}
COMMAND: POST /session/6f873cfbd9220f733b1c899e801fac9f/elements - {"using":"xpath","value":"//button[@data-kt=\"addButton\"]"}
RESULT: {"using":"xpath","value":"//button[@data-kt=\"addButton\"]"}
COMMAND: POST /session/6f873cfbd9220f733b1c899e801fac9f/elements - {"using":"xpath","value":"//button[@data-kt=\"addButton\"]"}
RESULT: {"using":"xpath","value":"//button[@data-kt=\"addButton\"]"}
COMMAND: POST /session/6f873cfbd9220f733b1c899e801fac9f/elements - {"using":"xpath","value":"//button[@data-kt=\"addButton\"]"}
RESULT: {"using":"xpath","value":"//button[@data-kt=\"addButton\"]"}
COMMAND: POST /session/6f873cfbd9220f733b1c899e801fac9f/elements - {"using":"xpath","value":"//button[@data-kt=\"addButton\"]"}
RESULT: {"using":"xpath","value":"//button[@data-kt=\"addButton\"]"}
COMMAND: POST /session/6f873cfbd9220f733b1c899e801fac9f/elements - {"using":"xpath","value":"//button[@data-kt=\"addButton\"]"}
RESULT: {"using":"xpath","value":"//button[@data-kt=\"addButton\"]"}
COMMAND: POST /session/6f873cfbd9220f733b1c899e801fac9f/elements - {"using":"xpath","value":"//button[@data-kt=\"addButton\"]"}
RESULT: {"using":"xpath","value":"//button[@data-kt=\"addButton\"]"}
COMMAND: POST /session/6f873cfbd9220f733b1c899e801fac9f/elements - {"using":"xpath","value":"//button[@data-kt=\"addButton\"]"}
RESULT: {"using":"xpath","value":"//button[@data-kt=\"addButton\"]"}
COMMAND: POST /session/6f873cfbd9220f733b1c899e801fac9f/elements - {"using":"xpath","value":"//button[@data-kt=\"addButton\"]"}
RESULT: {"using":"xpath","value":"//button[@data-kt=\"addButton\"]"}
COMMAND: POST /session/6f873cfbd9220f733b1c899e801fac9f/elements - {"using":"xpath","value":"//button[@data-kt=\"addButton\"]"}
RESULT: {"using":"xpath","value":"//button[@data-kt=\"addButton\"]"}
COMMAND: POST /session/6f873cfbd9220f733b1c899e801fac9f/elements - {"using":"xpath","value":"//button[@data-kt=\"addButton\"]"}
RESULT: {"using":"xpath","value":"//button[@data-kt=\"addButton\"]"}
COMMAND: POST /session/6f873cfbd9220f733b1c899e801fac9f/elements - {"using":"xpath","value":"//button[@data-kt=\"addButton\"]"}
RESULT: {"using":"xpath","value":"//button[@data-kt=\"addButton\"]"}
COMMAND: POST /session/6f873cfbd9220f733b1c899e801fac9f/elements - {"using":"xpath","value":"//button[@data-kt=\"addButton\"]"}
RESULT: {"using":"xpath","value":"//button[@data-kt=\"addButton\"]"}
COMMAND: POST /session/6f873cfbd9220f733b1c899e801fac9f/elements - {"using":"xpath","value":"//button[@data-kt=\"addButton\"]"}
RESULT: {"using":"xpath","value":"//button[@data-kt=\"addButton\"]"}
COMMAND: POST /session/6f873cfbd9220f733b1c899e801fac9f/elements - {"using":"xpath","value":"//button[@data-kt=\"addButton\"]"}
RESULT: {"using":"xpath","value":"//button[@data-kt=\"addButton\"]"}
COMMAND: POST /session/6f873cfbd9220f733b1c899e801fac9f/elements - {"using":"xpath","value":"//button[@data-kt=\"addButton\"]"}
RESULT: {"using":"xpath","value":"//button[@data-kt=\"addButton\"]"}
COMMAND: POST /session/6f873cfbd9220f733b1c899e801fac9f/elements - {"using":"xpath","value":"//button[@data-kt=\"addButton\"]"}
RESULT: {"using":"xpath","value":"//button[@data-kt=\"addButton\"]"}
COMMAND: POST /session/6f873cfbd9220f733b1c899e801fac9f/element - {"using":"xpath","value":"//button[@data-kt=\"addButton\"]"}
RESULT: {"using":"xpath","value":"//button[@data-kt=\"addButton\"]"}
COMMAND: POST /session/6f873cfbd9220f733b1c899e801fac9f/execute/sync - {"script":"<script> [8489 bytes]","args":[{"element-6066-11e4-a52e-4f735466cecf":"f.0D8D1E8C4444AAF4F6CCCAD0803F9B10.d.537911517072E09736211213D65B0877.e.3239","ELEMENT":"f.0D8D1E8C4444AAF4F6CCCAD0803F9B10.d.537911517072E09736211213D65B0877.e.3239"}]}
RESULT: {"script":"<script> [8489 bytes]","args":[{"element-6066-11e4-a52e-4f735466cecf":"f.0D8D1E8C4444AAF4F6CCCAD0803F9B10.d.537911517072E09736211213D65B0877.e.3239","ELEMENT":"f.0D8D1E8C4444AAF4F6CCCAD0803F9B10.d.537911517072E09736211213D65B0877.e.3239"}]}
COMMAND: GET /session/6f873cfbd9220f733b1c899e801fac9f/element/f.0D8D1E8C4444AAF4F6CCCAD0803F9B10.d.537911517072E09736211213D65B0877.e.3239/enabled - {}
COMMAND: GET /session/6f873cfbd9220f733b1c899e801fac9f/screenshot - {}
RESULT: {}
COMMAND: POST /session/6f873cfbd9220f733b1c899e801fac9f/execute/sync - {"script":"<script> [8489 bytes]","args":[{"element-6066-11e4-a52e-4f735466cecf":"f.0D8D1E8C4444AAF4F6CCCAD0803F9B10.d.537911517072E09736211213D65B0877.e.3239","ELEMENT":"f.0D8D1E8C4444AAF4F6CCCAD0803F9B10.d.537911517072E09736211213D65B0877.e.3239"}]}
COMMAND: GET /session/6f873cfbd9220f733b1c899e801fac9f/screenshot - {}
RESULT: {}
RESULT: {"script":"<script> [8489 bytes]","args":[{"element-6066-11e4-a52e-4f735466cecf":"f.0D8D1E8C4444AAF4F6CCCAD0803F9B10.d.537911517072E09736211213D65B0877.e.3239","ELEMENT":"f.0D8D1E8C4444AAF4F6CCCAD0803F9B10.d.537911517072E09736211213D65B0877.e.3239"}]}
COMMAND: POST /session/6f873cfbd9220f733b1c899e801fac9f/execute/sync - {"script":"<script> [5351 bytes]","args":[{"element-6066-11e4-a52e-4f735466cecf":"f.0D8D1E8C4444AAF4F6CCCAD0803F9B10.d.537911517072E09736211213D65B0877.e.3239","ELEMENT":"f.0D8D1E8C4444AAF4F6CCCAD0803F9B10.d.537911517072E09736211213D65B0877.e.3239"}]}
COMMAND: GET /session/6f873cfbd9220f733b1c899e801fac9f/screenshot - {}
RESULT: {}
RESULT: {"script":"<script> [5351 bytes]","args":[{"element-6066-11e4-a52e-4f735466cecf":"f.0D8D1E8C4444AAF4F6CCCAD0803F9B10.d.537911517072E09736211213D65B0877.e.3239","ELEMENT":"f.0D8D1E8C4444AAF4F6CCCAD0803F9B10.d.537911517072E09736211213D65B0877.e.3239"}]}
COMMAND: POST /session/6f873cfbd9220f733b1c899e801fac9f/element/f.0D8D1E8C4444AAF4F6CCCAD0803F9B10.d.537911517072E09736211213D65B0877.e.3239/click - {}
COMMAND: GET /session/6f873cfbd9220f733b1c899e801fac9f/screenshot - {}
RESULT: {}
RESULT: {}
COMMAND: GET /session/6f873cfbd9220f733b1c899e801fac9f/screenshot - {}
RESULT: {}
RESULT: {}
COMMAND: POST /session/6f873cfbd9220f733b1c899e801fac9f/execute/async - {"script":"<script> [1562 bytes]","args":[{"selector":{"id":"application-managepartners-display-component---NewPartner--addressDetailDetailsName1","interaction":{"idSuffix":"inner"}},"wdio_ui5_key":"applicationmanagepartners-display-component---NewPartner--addressDetailDetailsName1"}]}
RESULT: {"script":"<script> [1562 bytes]","args":[{"selector":{"id":"application-managepartners-display-component---NewPartner--addressDetailDetailsName1","interaction":{"idSuffix":"inner"}},"wdio_ui5_key":"applicationmanagepartners-display-component---NewPartner--addressDetailDetailsName1"}]}
RESULT: undefined
COMMAND: POST /session/6f873cfbd9220f733b1c899e801fac9f/execute/async - {"script":"<script> [776 bytes]","args":[{"enterText":"Intercompany Partner WDIO","selector":{"id":"application-managepartners-display-component---NewPartner--addressDetailDetailsName1","interaction":{"idSuffix":"inner"}},"clearTextFirst":true,"interactionType":"ENTER_TEXT"}]}
RESULT: {"script":"<script> [776 bytes]","args":[{"enterText":"Intercompany Partner WDIO","selector":{"id":"application-managepartners-display-component---NewPartner--addressDetailDetailsName1","interaction":{"idSuffix":"inner"}},"clearTextFirst":true,"interactionType":"ENTER_TEXT"}]}
COMMAND: POST /session/6f873cfbd9220f733b1c899e801fac9f/execute/async - {"script":"<script> [1562 bytes]","args":[{"selector":{"id":"application-managepartners-display-component---NewPartner--addressDetailDetailsLanguage-arrow"},"wdio_ui5_key":"applicationmanagepartners-display-component---NewPartner--addressDetailDetailsLanguage-arrow"}]}
RESULT: {"script":"<script> [1562 bytes]","args":[{"selector":{"id":"application-managepartners-display-component---NewPartner--addressDetailDetailsLanguage-arrow"},"wdio_ui5_key":"applicationmanagepartners-display-component---NewPartner--addressDetailDetailsLanguage-arrow"}]}
RESULT: undefined
COMMAND: POST /session/6f873cfbd9220f733b1c899e801fac9f/element - {"using":"xpath","value":"//*[@id=\"application-managepartners-display-component---NewPartner--addressDetailDetailsLanguage-arrow\"]"}
RESULT: {"using":"xpath","value":"//*[@id=\"application-managepartners-display-component---NewPartner--addressDetailDetailsLanguage-arrow\"]"}
COMMAND: POST /session/6f873cfbd9220f733b1c899e801fac9f/element/f.0D8D1E8C4444AAF4F6CCCAD0803F9B10.d.537911517072E09736211213D65B0877.e.3684/click - {}
RESULT: {}
COMMAND: POST /session/6f873cfbd9220f733b1c899e801fac9f/element - {"using":"xpath","value":"//span[contains(text(), \"English\")]"}
COMMAND: GET /session/6f873cfbd9220f733b1c899e801fac9f/screenshot - {}
RESULT: {"using":"xpath","value":"//span[contains(text(), \"English\")]"}
COMMAND: POST /session/6f873cfbd9220f733b1c899e801fac9f/element/f.0D8D1E8C4444AAF4F6CCCAD0803F9B10.d.537911517072E09736211213D65B0877.e.3685/click - {}
RESULT: {}
RESULT: {}
COMMAND: GET /session/6f873cfbd9220f733b1c899e801fac9f/screenshot - {}
RESULT: {}
COMMAND: POST /session/6f873cfbd9220f733b1c899e801fac9f/execute/async - {"script":"<script> [1562 bytes]","args":[{"selector":{"id":"application-managepartners-display-component---NewPartner--addressDetailDetailsCity1","interaction":{"idSuffix":"inner"}},"wdio_ui5_key":"applicationmanagepartners-display-component---NewPartner--addressDetailDetailsCity1"}]}
RESULT: {"script":"<script> [1562 bytes]","args":[{"selector":{"id":"application-managepartners-display-component---NewPartner--addressDetailDetailsCity1","interaction":{"idSuffix":"inner"}},"wdio_ui5_key":"applicationmanagepartners-display-component---NewPartner--addressDetailDetailsCity1"}]}
RESULT: undefined
COMMAND: POST /session/6f873cfbd9220f733b1c899e801fac9f/execute/async - {"script":"<script> [776 bytes]","args":[{"enterText":"Rosario","selector":{"id":"application-managepartners-display-component---NewPartner--addressDetailDetailsCity1","interaction":{"idSuffix":"inner"}},"clearTextFirst":true,"interactionType":"ENTER_TEXT"}]}
RESULT: {"script":"<script> [776 bytes]","args":[{"enterText":"Rosario","selector":{"id":"application-managepartners-display-component---NewPartner--addressDetailDetailsCity1","interaction":{"idSuffix":"inner"}},"clearTextFirst":true,"interactionType":"ENTER_TEXT"}]}
COMMAND: POST /session/6f873cfbd9220f733b1c899e801fac9f/execute/async - {"script":"<script> [1562 bytes]","args":[{"selector":{"id":"application-managepartners-display-component---NewPartner--addressDetailDetailsCountry-arrow"},"wdio_ui5_key":"applicationmanagepartners-display-component---NewPartner--addressDetailDetailsCountry-arrow"}]}
RESULT: {"script":"<script> [1562 bytes]","args":[{"selector":{"id":"application-managepartners-display-component---NewPartner--addressDetailDetailsCountry-arrow"},"wdio_ui5_key":"applicationmanagepartners-display-component---NewPartner--addressDetailDetailsCountry-arrow"}]}
RESULT: undefined
COMMAND: POST /session/6f873cfbd9220f733b1c899e801fac9f/element - {"using":"xpath","value":"//*[@id=\"application-managepartners-display-component---NewPartner--addressDetailDetailsCountry-arrow\"]"}
RESULT: {"using":"xpath","value":"//*[@id=\"application-managepartners-display-component---NewPartner--addressDetailDetailsCountry-arrow\"]"}
COMMAND: POST /session/6f873cfbd9220f733b1c899e801fac9f/element/f.0D8D1E8C4444AAF4F6CCCAD0803F9B10.d.537911517072E09736211213D65B0877.e.3654/click - {}
RESULT: {}
COMMAND: POST /session/6f873cfbd9220f733b1c899e801fac9f/element - {"using":"xpath","value":"//span[contains(text(), \"Argentina\")]"}
COMMAND: GET /session/6f873cfbd9220f733b1c899e801fac9f/screenshot - {}
RESULT: {"using":"xpath","value":"//span[contains(text(), \"Argentina\")]"}
COMMAND: POST /session/6f873cfbd9220f733b1c899e801fac9f/element/f.0D8D1E8C4444AAF4F6CCCAD0803F9B10.d.537911517072E09736211213D65B0877.e.3687/click - {}
RESULT: {}
RESULT: {}
COMMAND: GET /session/6f873cfbd9220f733b1c899e801fac9f/screenshot - {}
RESULT: {}
COMMAND: POST /session/6f873cfbd9220f733b1c899e801fac9f/element - {"using":"xpath","value":"//bdi[contains(text(), \"Commercial\")]"}
RESULT: {"using":"xpath","value":"//bdi[contains(text(), \"Commercial\")]"}
COMMAND: POST /session/6f873cfbd9220f733b1c899e801fac9f/element/f.0D8D1E8C4444AAF4F6CCCAD0803F9B10.d.537911517072E09736211213D65B0877.e.3688/click - {}
RESULT: {}
COMMAND: GET /session/6f873cfbd9220f733b1c899e801fac9f/screenshot - {}
RESULT: {}
COMMAND: POST /session/6f873cfbd9220f733b1c899e801fac9f/execute/async - {"script":"<script> [1562 bytes]","args":[{"selector":{"id":"application-managepartners-display-component---NewPartner--partnerDetailInternal-arrow"},"wdio_ui5_key":"applicationmanagepartners-display-component---NewPartner--partnerDetailInternal-arrow"}]}
RESULT: {"script":"<script> [1562 bytes]","args":[{"selector":{"id":"application-managepartners-display-component---NewPartner--partnerDetailInternal-arrow"},"wdio_ui5_key":"applicationmanagepartners-display-component---NewPartner--partnerDetailInternal-arrow"}]}
RESULT: undefined
COMMAND: POST /session/6f873cfbd9220f733b1c899e801fac9f/element - {"using":"xpath","value":"//*[@id=\"application-managepartners-display-component---NewPartner--partnerDetailInternal-arrow\"]"}
RESULT: {"using":"xpath","value":"//*[@id=\"application-managepartners-display-component---NewPartner--partnerDetailInternal-arrow\"]"}
COMMAND: POST /session/6f873cfbd9220f733b1c899e801fac9f/element/f.0D8D1E8C4444AAF4F6CCCAD0803F9B10.d.537911517072E09736211213D65B0877.e.3694/click - {}
RESULT: {}
COMMAND: POST /session/6f873cfbd9220f733b1c899e801fac9f/element - {"using":"xpath","value":"//span[contains(text(), \"Affiliated company\")]"}
COMMAND: GET /session/6f873cfbd9220f733b1c899e801fac9f/screenshot - {}
RESULT: {"using":"xpath","value":"//span[contains(text(), \"Affiliated company\")]"}
COMMAND: POST /session/6f873cfbd9220f733b1c899e801fac9f/element/f.0D8D1E8C4444AAF4F6CCCAD0803F9B10.d.537911517072E09736211213D65B0877.e.3695/click - {}
RESULT: {}
RESULT: {}
COMMAND: POST /session/6f873cfbd9220f733b1c899e801fac9f/execute/async - {"script":"<script> [1562 bytes]","args":[{"selector":{"id":"application-managepartners-display-component---NewPartner--partnerDetailsCurrency-arrow"},"wdio_ui5_key":"applicationmanagepartners-display-component---NewPartner--partnerDetailsCurrency-arrow"}]}
COMMAND: GET /session/6f873cfbd9220f733b1c899e801fac9f/screenshot - {}
RESULT: {"script":"<script> [1562 bytes]","args":[{"selector":{"id":"application-managepartners-display-component---NewPartner--partnerDetailsCurrency-arrow"},"wdio_ui5_key":"applicationmanagepartners-display-component---NewPartner--partnerDetailsCurrency-arrow"}]}
RESULT: undefined
COMMAND: POST /session/6f873cfbd9220f733b1c899e801fac9f/element - {"using":"xpath","value":"//*[@id=\"application-managepartners-display-component---NewPartner--partnerDetailsCurrency-arrow\"]"}
RESULT: {}
RESULT: {"using":"xpath","value":"//*[@id=\"application-managepartners-display-component---NewPartner--partnerDetailsCurrency-arrow\"]"}
COMMAND: POST /session/6f873cfbd9220f733b1c899e801fac9f/element/f.0D8D1E8C4444AAF4F6CCCAD0803F9B10.d.537911517072E09736211213D65B0877.e.3702/click - {}
RESULT: {}
COMMAND: POST /session/6f873cfbd9220f733b1c899e801fac9f/element - {"using":"xpath","value":"//span[contains(text(), \"Euro\")]"}
COMMAND: GET /session/6f873cfbd9220f733b1c899e801fac9f/screenshot - {}
RESULT: {"using":"xpath","value":"//span[contains(text(), \"Euro\")]"}
COMMAND: POST /session/6f873cfbd9220f733b1c899e801fac9f/element/f.0D8D1E8C4444AAF4F6CCCAD0803F9B10.d.537911517072E09736211213D65B0877.e.3703/click - {}
RESULT: {}
RESULT: {}
COMMAND: POST /session/6f873cfbd9220f733b1c899e801fac9f/execute/async - {"script":"<script> [1562 bytes]","args":[{"selector":{"id":"application-managepartners-display-component---NewPartner--addressEditDetailsCostObjectCstType-arrow"},"wdio_ui5_key":"applicationmanagepartners-display-component---NewPartner--addressEditDetailsCostObjectCstType-arrow"}]}
COMMAND: GET /session/6f873cfbd9220f733b1c899e801fac9f/screenshot - {}
RESULT: {"script":"<script> [1562 bytes]","args":[{"selector":{"id":"application-managepartners-display-component---NewPartner--addressEditDetailsCostObjectCstType-arrow"},"wdio_ui5_key":"applicationmanagepartners-display-component---NewPartner--addressEditDetailsCostObjectCstType-arrow"}]}
RESULT: undefined
COMMAND: POST /session/6f873cfbd9220f733b1c899e801fac9f/element - {"using":"xpath","value":"//*[@id=\"application-managepartners-display-component---NewPartner--addressEditDetailsCostObjectCstType-arrow\"]"}
RESULT: {}
RESULT: {"using":"xpath","value":"//*[@id=\"application-managepartners-display-component---NewPartner--addressEditDetailsCostObjectCstType-arrow\"]"}
COMMAND: POST /session/6f873cfbd9220f733b1c899e801fac9f/element/f.0D8D1E8C4444AAF4F6CCCAD0803F9B10.d.537911517072E09736211213D65B0877.e.3704/click - {}
RESULT: {}
COMMAND: POST /session/6f873cfbd9220f733b1c899e801fac9f/element - {"using":"xpath","value":"//span[contains(text(), \"Cost Center\")]"}
COMMAND: GET /session/6f873cfbd9220f733b1c899e801fac9f/screenshot - {}
RESULT: {"using":"xpath","value":"//span[contains(text(), \"Cost Center\")]"}
COMMAND: POST /session/6f873cfbd9220f733b1c899e801fac9f/element/f.0D8D1E8C4444AAF4F6CCCAD0803F9B10.d.537911517072E09736211213D65B0877.e.3705/click - {}
RESULT: {}
RESULT: {}
COMMAND: GET /session/6f873cfbd9220f733b1c899e801fac9f/screenshot - {}
RESULT: {}
COMMAND: POST /session/6f873cfbd9220f733b1c899e801fac9f/element - {"using":"xpath","value":"//span[@id=\"application-managepartners-display-component---NewPartner--addressNewCostObjectCstID-vhi\"]"}
RESULT: {"using":"xpath","value":"//span[@id=\"application-managepartners-display-component---NewPartner--addressNewCostObjectCstID-vhi\"]"}
COMMAND: POST /session/6f873cfbd9220f733b1c899e801fac9f/execute/sync - {"script":"<script> [8489 bytes]","args":[{"element-6066-11e4-a52e-4f735466cecf":"f.0D8D1E8C4444AAF4F6CCCAD0803F9B10.d.537911517072E09736211213D65B0877.e.3709","ELEMENT":"f.0D8D1E8C4444AAF4F6CCCAD0803F9B10.d.537911517072E09736211213D65B0877.e.3709"}]}
RESULT: {"script":"<script> [8489 bytes]","args":[{"element-6066-11e4-a52e-4f735466cecf":"f.0D8D1E8C4444AAF4F6CCCAD0803F9B10.d.537911517072E09736211213D65B0877.e.3709","ELEMENT":"f.0D8D1E8C4444AAF4F6CCCAD0803F9B10.d.537911517072E09736211213D65B0877.e.3709"}]}
COMMAND: POST /session/6f873cfbd9220f733b1c899e801fac9f/execute/async - {"script":"<script> [1562 bytes]","args":[{"selector":{"id":"application-managepartners-display-component---NewPartner--addressNewCostObjectCstID-vhi"},"wdio_ui5_key":"applicationmanagepartners-display-component---NewPartner--addressNewCostObjectCstID-vhi"}]}
COMMAND: GET /session/6f873cfbd9220f733b1c899e801fac9f/screenshot - {}
RESULT: {"script":"<script> [1562 bytes]","args":[{"selector":{"id":"application-managepartners-display-component---NewPartner--addressNewCostObjectCstID-vhi"},"wdio_ui5_key":"applicationmanagepartners-display-component---NewPartner--addressNewCostObjectCstID-vhi"}]}
RESULT: undefined
COMMAND: POST /session/6f873cfbd9220f733b1c899e801fac9f/element - {"using":"xpath","value":"//*[@id=\"application-managepartners-display-component---NewPartner--addressNewCostObjectCstID-vhi\"]"}
RESULT: {}
RESULT: {"using":"xpath","value":"//*[@id=\"application-managepartners-display-component---NewPartner--addressNewCostObjectCstID-vhi\"]"}
COMMAND: POST /session/6f873cfbd9220f733b1c899e801fac9f/element/f.0D8D1E8C4444AAF4F6CCCAD0803F9B10.d.537911517072E09736211213D65B0877.e.3709/click - {}
RESULT: {}
COMMAND: GET /session/6f873cfbd9220f733b1c899e801fac9f/screenshot - {}
RESULT: {}
COMMAND: POST /session/6f873cfbd9220f733b1c899e801fac9f/execute/async - {"script":"<script> [1562 bytes]","args":[{"selector":{"controlType":"sap.m.SearchField","properties":{"placeholder":"Search"},"searchOpenDialogs":true,"interaction":{"idSuffix":"I"}},"wdio_ui5_key":"sapm.SearchField{\"placeholder\":\"Search\"}"}]}
RESULT: {"script":"<script> [1562 bytes]","args":[{"selector":{"controlType":"sap.m.SearchField","properties":{"placeholder":"Search"},"searchOpenDialogs":true,"interaction":{"idSuffix":"I"}},"wdio_ui5_key":"sapm.SearchField{\"placeholder\":\"Search\"}"}]}
RESULT: undefined
COMMAND: POST /session/6f873cfbd9220f733b1c899e801fac9f/execute/async - {"script":"<script> [776 bytes]","args":[{"enterText":"10001013","selector":{"controlType":"sap.m.SearchField","properties":{"placeholder":"Search"},"searchOpenDialogs":true,"interaction":{"idSuffix":"I"}},"clearTextFirst":true,"interactionType":"ENTER_TEXT"}]}
RESULT: {"script":"<script> [776 bytes]","args":[{"enterText":"10001013","selector":{"controlType":"sap.m.SearchField","properties":{"placeholder":"Search"},"searchOpenDialogs":true,"interaction":{"idSuffix":"I"}},"clearTextFirst":true,"interactionType":"ENTER_TEXT"}]}
COMMAND: POST /session/6f873cfbd9220f733b1c899e801fac9f/actions - {"actions":[{"id":"action7","type":"key","parameters":{},"actions":[{"type":"keyDown","value":"î€‡"},{"type":"pause","duration":10},{"type":"keyUp","value":"î€‡"}]}]}
RESULT: {"actions":[{"id":"action7","type":"key","parameters":{},"actions":[{"type":"keyDown","value":"î€‡"},{"type":"pause","duration":10},{"type":"keyUp","value":"î€‡"}]}]}
COMMAND: GET /session/6f873cfbd9220f733b1c899e801fac9f/screenshot - {}
RESULT: {}
COMMAND: POST /session/6f873cfbd9220f733b1c899e801fac9f/element - {"using":"xpath","value":"//span[contains(text(), \"General Management\")]"}
RESULT: {"using":"xpath","value":"//span[contains(text(), \"General Management\")]"}
COMMAND: POST /session/6f873cfbd9220f733b1c899e801fac9f/element/f.0D8D1E8C4444AAF4F6CCCAD0803F9B10.d.537911517072E09736211213D65B0877.e.3752/click - {}
RESULT: {}
COMMAND: GET /session/6f873cfbd9220f733b1c899e801fac9f/screenshot - {}
RESULT: {}
COMMAND: POST /session/6f873cfbd9220f733b1c899e801fac9f/element - {"using":"xpath","value":"//bdi[contains(text(), \"OK\")]"}
RESULT: {"using":"xpath","value":"//bdi[contains(text(), \"OK\")]"}
COMMAND: POST /session/6f873cfbd9220f733b1c899e801fac9f/element/f.0D8D1E8C4444AAF4F6CCCAD0803F9B10.d.537911517072E09736211213D65B0877.e.3753/click - {}
RESULT: {}
COMMAND: GET /session/6f873cfbd9220f733b1c899e801fac9f/screenshot - {}
RESULT: {}
COMMAND: POST /session/6f873cfbd9220f733b1c899e801fac9f/element - {"using":"xpath","value":"//input[@id=\"application-managepartners-display-component---NewPartner--companyCodeComboBox-inner\"]"}
RESULT: {"using":"xpath","value":"//input[@id=\"application-managepartners-display-component---NewPartner--companyCodeComboBox-inner\"]"}
COMMAND: POST /session/6f873cfbd9220f733b1c899e801fac9f/element/f.0D8D1E8C4444AAF4F6CCCAD0803F9B10.d.537911517072E09736211213D65B0877.e.3645/clear - {}
RESULT: {}
COMMAND: POST /session/6f873cfbd9220f733b1c899e801fac9f/element/f.0D8D1E8C4444AAF4F6CCCAD0803F9B10.d.537911517072E09736211213D65B0877.e.3645/value - {"text":"C002"}
COMMAND: GET /session/6f873cfbd9220f733b1c899e801fac9f/screenshot - {}
RESULT: {"text":"C002"}
COMMAND: GET /session/6f873cfbd9220f733b1c899e801fac9f/screenshot - {}
RESULT: {}
RESULT: {}
COMMAND: POST /session/6f873cfbd9220f733b1c899e801fac9f/element - {"using":"xpath","value":"//li[.//span[text()= \"C002\"]]"}
RESULT: {"using":"xpath","value":"//li[.//span[text()= \"C002\"]]"}
COMMAND: POST /session/6f873cfbd9220f733b1c899e801fac9f/element/f.0D8D1E8C4444AAF4F6CCCAD0803F9B10.d.537911517072E09736211213D65B0877.e.3759/click - {}
RESULT: {}
COMMAND: GET /session/6f873cfbd9220f733b1c899e801fac9f/screenshot - {}
RESULT: {}
COMMAND: POST /session/6f873cfbd9220f733b1c899e801fac9f/execute/async - {"script":"<script> [1562 bytes]","args":[{"selector":{"id":"application-managepartners-display-component---NewPartner--btnAddTableRow-img"},"wdio_ui5_key":"applicationmanagepartners-display-component---NewPartner--btnAddTableRow-img"}]}
RESULT: {"script":"<script> [1562 bytes]","args":[{"selector":{"id":"application-managepartners-display-component---NewPartner--btnAddTableRow-img"},"wdio_ui5_key":"applicationmanagepartners-display-component---NewPartner--btnAddTableRow-img"}]}
RESULT: undefined
COMMAND: POST /session/6f873cfbd9220f733b1c899e801fac9f/element - {"using":"xpath","value":"//*[@id=\"application-managepartners-display-component---NewPartner--btnAddTableRow-img\"]"}
RESULT: {"using":"xpath","value":"//*[@id=\"application-managepartners-display-component---NewPartner--btnAddTableRow-img\"]"}
COMMAND: POST /session/6f873cfbd9220f733b1c899e801fac9f/element/f.0D8D1E8C4444AAF4F6CCCAD0803F9B10.d.537911517072E09736211213D65B0877.e.3760/click - {}
RESULT: {}
COMMAND: GET /session/6f873cfbd9220f733b1c899e801fac9f/screenshot - {}
RESULT: {}
COMMAND: POST /session/6f873cfbd9220f733b1c899e801fac9f/element - {"using":"xpath","value":"//input[@id=\"application-managepartners-display-component---NewPartner--assignmentYard-application-managepartners-display-component---NewPartner--assignmentsTable-0-inner\"]"}
RESULT: {"using":"xpath","value":"//input[@id=\"application-managepartners-display-component---NewPartner--assignmentYard-application-managepartners-display-component---NewPartner--assignmentsTable-0-inner\"]"}
COMMAND: POST /session/6f873cfbd9220f733b1c899e801fac9f/element/f.0D8D1E8C4444AAF4F6CCCAD0803F9B10.d.537911517072E09736211213D65B0877.e.3763/clear - {}
RESULT: {}
COMMAND: POST /session/6f873cfbd9220f733b1c899e801fac9f/element/f.0D8D1E8C4444AAF4F6CCCAD0803F9B10.d.537911517072E09736211213D65B0877.e.3763/value - {"text":"294"}
COMMAND: GET /session/6f873cfbd9220f733b1c899e801fac9f/screenshot - {}
RESULT: {"text":"294"}
COMMAND: GET /session/6f873cfbd9220f733b1c899e801fac9f/screenshot - {}
RESULT: {}
RESULT: {}
COMMAND: POST /session/6f873cfbd9220f733b1c899e801fac9f/element - {"using":"xpath","value":"//li[.//span[text()='294']]"}
RESULT: {"using":"xpath","value":"//li[.//span[text()='294']]"}
COMMAND: POST /session/6f873cfbd9220f733b1c899e801fac9f/element/f.0D8D1E8C4444AAF4F6CCCAD0803F9B10.d.537911517072E09736211213D65B0877.e.3772/click - {}
RESULT: {}
COMMAND: GET /session/6f873cfbd9220f733b1c899e801fac9f/screenshot - {}
RESULT: {}
COMMAND: POST /session/6f873cfbd9220f733b1c899e801fac9f/actions - {"actions":[{"id":"action8","type":"key","parameters":{},"actions":[{"type":"keyDown","value":"î€‡"},{"type":"pause","duration":10},{"type":"keyUp","value":"î€‡"}]}]}
RESULT: {"actions":[{"id":"action8","type":"key","parameters":{},"actions":[{"type":"keyDown","value":"î€‡"},{"type":"pause","duration":10},{"type":"keyUp","value":"î€‡"}]}]}
COMMAND: POST /session/6f873cfbd9220f733b1c899e801fac9f/execute/async - {"script":"<script> [1562 bytes]","args":[{"selector":{"id":"application-managepartners-display-component---NewPartner--externalCustomerComboBox-application-managepartners-display-component---NewPartner--assignmentsTable-0-vhi"},"wdio_ui5_key":"applicationmanagepartners-display-component---NewPartner--externalCustomerComboBox-application-managepartners-display-component---NewPartner--assignmentsTable-0-vhi"}]}
COMMAND: GET /session/6f873cfbd9220f733b1c899e801fac9f/screenshot - {}
RESULT: {"script":"<script> [1562 bytes]","args":[{"selector":{"id":"application-managepartners-display-component---NewPartner--externalCustomerComboBox-application-managepartners-display-component---NewPartner--assignmentsTable-0-vhi"},"wdio_ui5_key":"applicationmanagepartners-display-component---NewPartner--externalCustomerComboBox-application-managepartners-display-component---NewPartner--assignmentsTable-0-vhi"}]}
RESULT: undefined
COMMAND: POST /session/6f873cfbd9220f733b1c899e801fac9f/element - {"using":"xpath","value":"//*[@id=\"application-managepartners-display-component---NewPartner--externalCustomerComboBox-application-managepartners-display-component---NewPartner--assignmentsTable-0-vhi\"]"}
RESULT: {}
RESULT: {"using":"xpath","value":"//*[@id=\"application-managepartners-display-component---NewPartner--externalCustomerComboBox-application-managepartners-display-component---NewPartner--assignmentsTable-0-vhi\"]"}
COMMAND: POST /session/6f873cfbd9220f733b1c899e801fac9f/element/f.0D8D1E8C4444AAF4F6CCCAD0803F9B10.d.537911517072E09736211213D65B0877.e.3776/click - {}
RESULT: {}
RESULT: undefined
COMMAND: POST /session/6f873cfbd9220f733b1c899e801fac9f/execute/async - {"script":"<script> [776 bytes]","args":[{"enterText":"300003","selector":{"controlType":"sap.m.SearchField","properties":{"placeholder":"Search"},"searchOpenDialogs":true,"interaction":{"idSuffix":"I"}},"clearTextFirst":true,"interactionType":"ENTER_TEXT"}]}
COMMAND: GET /session/6f873cfbd9220f733b1c899e801fac9f/screenshot - {}
RESULT: {"script":"<script> [776 bytes]","args":[{"enterText":"300003","selector":{"controlType":"sap.m.SearchField","properties":{"placeholder":"Search"},"searchOpenDialogs":true,"interaction":{"idSuffix":"I"}},"clearTextFirst":true,"interactionType":"ENTER_TEXT"}]}
COMMAND: POST /session/6f873cfbd9220f733b1c899e801fac9f/actions - {"actions":[{"id":"action9","type":"key","parameters":{},"actions":[{"type":"keyDown","value":"î€‡"},{"type":"pause","duration":10},{"type":"keyUp","value":"î€‡"}]}]}
RESULT: {}
RESULT: {"actions":[{"id":"action9","type":"key","parameters":{},"actions":[{"type":"keyDown","value":"î€‡"},{"type":"pause","duration":10},{"type":"keyUp","value":"î€‡"}]}]}
COMMAND: GET /session/6f873cfbd9220f733b1c899e801fac9f/screenshot - {}
RESULT: {}
COMMAND: POST /session/6f873cfbd9220f733b1c899e801fac9f/element - {"using":"xpath","value":"//span[contains(text(), \"300003\")]"}
RESULT: {"using":"xpath","value":"//span[contains(text(), \"300003\")]"}
COMMAND: POST /session/6f873cfbd9220f733b1c899e801fac9f/element/f.0D8D1E8C4444AAF4F6CCCAD0803F9B10.d.537911517072E09736211213D65B0877.e.3795/click - {}
RESULT: {}
COMMAND: GET /session/6f873cfbd9220f733b1c899e801fac9f/screenshot - {}
RESULT: {}
COMMAND: POST /session/6f873cfbd9220f733b1c899e801fac9f/element - {"using":"xpath","value":"//bdi[contains(text(), \"OK\")]"}
RESULT: {"using":"xpath","value":"//bdi[contains(text(), \"OK\")]"}
COMMAND: POST /session/6f873cfbd9220f733b1c899e801fac9f/element/f.0D8D1E8C4444AAF4F6CCCAD0803F9B10.d.537911517072E09736211213D65B0877.e.3797/click - {}
RESULT: {}
COMMAND: GET /session/6f873cfbd9220f733b1c899e801fac9f/screenshot - {}
COMMAND: POST /session/6f873cfbd9220f733b1c899e801fac9f/execute/async - {"script":"<script> [1562 bytes]","args":[{"selector":{"id":"application-managepartners-display-component---NewPartner--intercompVendorComboBox-application-managepartners-display-component---NewPartner--assignmentsTable-0-vhi"},"wdio_ui5_key":"applicationmanagepartners-display-component---NewPartner--intercompVendorComboBox-application-managepartners-display-component---NewPartner--assignmentsTable-0-vhi"}]}
RESULT: {}
RESULT: {"script":"<script> [1562 bytes]","args":[{"selector":{"id":"application-managepartners-display-component---NewPartner--intercompVendorComboBox-application-managepartners-display-component---NewPartner--assignmentsTable-0-vhi"},"wdio_ui5_key":"applicationmanagepartners-display-component---NewPartner--intercompVendorComboBox-application-managepartners-display-component---NewPartner--assignmentsTable-0-vhi"}]}
RESULT: undefined
COMMAND: POST /session/6f873cfbd9220f733b1c899e801fac9f/element - {"using":"xpath","value":"//*[@id=\"application-managepartners-display-component---NewPartner--intercompVendorComboBox-application-managepartners-display-component---NewPartner--assignmentsTable-0-vhi\"]"}
RESULT: {"using":"xpath","value":"//*[@id=\"application-managepartners-display-component---NewPartner--intercompVendorComboBox-application-managepartners-display-component---NewPartner--assignmentsTable-0-vhi\"]"}
COMMAND: POST /session/6f873cfbd9220f733b1c899e801fac9f/element/f.0D8D1E8C4444AAF4F6CCCAD0803F9B10.d.537911517072E09736211213D65B0877.e.3801/click - {}
RESULT: {}
RESULT: undefined
COMMAND: POST /session/6f873cfbd9220f733b1c899e801fac9f/execute/async - {"script":"<script> [776 bytes]","args":[{"enterText":"100005","selector":{"controlType":"sap.m.SearchField","properties":{"placeholder":"Search"},"searchOpenDialogs":true,"interaction":{"idSuffix":"I"}},"clearTextFirst":true,"interactionType":"ENTER_TEXT"}]}
COMMAND: GET /session/6f873cfbd9220f733b1c899e801fac9f/screenshot - {}
RESULT: {"script":"<script> [776 bytes]","args":[{"enterText":"100005","selector":{"controlType":"sap.m.SearchField","properties":{"placeholder":"Search"},"searchOpenDialogs":true,"interaction":{"idSuffix":"I"}},"clearTextFirst":true,"interactionType":"ENTER_TEXT"}]}
COMMAND: POST /session/6f873cfbd9220f733b1c899e801fac9f/actions - {"actions":[{"id":"action10","type":"key","parameters":{},"actions":[{"type":"keyDown","value":"î€‡"},{"type":"pause","duration":10},{"type":"keyUp","value":"î€‡"}]}]}
RESULT: {}
RESULT: {"actions":[{"id":"action10","type":"key","parameters":{},"actions":[{"type":"keyDown","value":"î€‡"},{"type":"pause","duration":10},{"type":"keyUp","value":"î€‡"}]}]}
COMMAND: GET /session/6f873cfbd9220f733b1c899e801fac9f/screenshot - {}
RESULT: {}
COMMAND: POST /session/6f873cfbd9220f733b1c899e801fac9f/element - {"using":"xpath","value":"//span[contains(text(), \"Penguins - Field/12345 Berlin\")]"}
RESULT: {"using":"xpath","value":"//span[contains(text(), \"Penguins - Field/12345 Berlin\")]"}
COMMAND: POST /session/6f873cfbd9220f733b1c899e801fac9f/element/f.0D8D1E8C4444AAF4F6CCCAD0803F9B10.d.537911517072E09736211213D65B0877.e.3819/click - {}
RESULT: {}
COMMAND: GET /session/6f873cfbd9220f733b1c899e801fac9f/screenshot - {}
RESULT: {}
COMMAND: POST /session/6f873cfbd9220f733b1c899e801fac9f/element - {"using":"xpath","value":"//bdi[contains(text(), \"OK\")]"}
RESULT: {"using":"xpath","value":"//bdi[contains(text(), \"OK\")]"}
COMMAND: POST /session/6f873cfbd9220f733b1c899e801fac9f/element/f.0D8D1E8C4444AAF4F6CCCAD0803F9B10.d.537911517072E09736211213D65B0877.e.3820/click - {}
RESULT: {}
COMMAND: GET /session/6f873cfbd9220f733b1c899e801fac9f/screenshot - {}
RESULT: {}
COMMAND: POST /session/6f873cfbd9220f733b1c899e801fac9f/element - {"using":"xpath","value":"//button[@data-kt=\"saveButton\"]"}
RESULT: {"using":"xpath","value":"//button[@data-kt=\"saveButton\"]"}
COMMAND: POST /session/6f873cfbd9220f733b1c899e801fac9f/element/f.0D8D1E8C4444AAF4F6CCCAD0803F9B10.d.537911517072E09736211213D65B0877.e.3650/click - {}
RESULT: {}
COMMAND: GET /session/6f873cfbd9220f733b1c899e801fac9f/screenshot - {}
RESULT: {}
COMMAND: POST /session/6f873cfbd9220f733b1c899e801fac9f/element - {"using":"xpath","value":"//header[contains(@id, 'ObjectPageLayout-headerTitle')]/div[1]/div[2]/div[2]/span[1]"}
RESULT: {"using":"xpath","value":"//header[contains(@id, 'ObjectPageLayout-headerTitle')]/div[1]/div[2]/div[2]/span[1]"}
COMMAND: POST /session/6f873cfbd9220f733b1c899e801fac9f/elements - {"using":"xpath","value":"//header[contains(@id, 'ObjectPageLayout-headerTitle')]/div[1]/div[2]/div[2]/span[1]"}
RESULT: {"using":"xpath","value":"//header[contains(@id, 'ObjectPageLayout-headerTitle')]/div[1]/div[2]/div[2]/span[1]"}
COMMAND: POST /session/6f873cfbd9220f733b1c899e801fac9f/execute/sync - {"script":"<script> [56 bytes]","args":[{"element-6066-11e4-a52e-4f735466cecf":"f.0D8D1E8C4444AAF4F6CCCAD0803F9B10.d.537911517072E09736211213D65B0877.e.3987","ELEMENT":"f.0D8D1E8C4444AAF4F6CCCAD0803F9B10.d.537911517072E09736211213D65B0877.e.3987"}]}
RESULT: {"script":"<script> [56 bytes]","args":[{"element-6066-11e4-a52e-4f735466cecf":"f.0D8D1E8C4444AAF4F6CCCAD0803F9B10.d.537911517072E09736211213D65B0877.e.3987","ELEMENT":"f.0D8D1E8C4444AAF4F6CCCAD0803F9B10.d.537911517072E09736211213D65B0877.e.3987"}]}
COMMAND: POST /session/6f873cfbd9220f733b1c899e801fac9f/element - {"using":"css selector","value":"#shell-header-logo"}
COMMAND: GET /session/6f873cfbd9220f733b1c899e801fac9f/screenshot - {}
RESULT: {"using":"css selector","value":"#shell-header-logo"}
COMMAND: POST /session/6f873cfbd9220f733b1c899e801fac9f/element/f.0D8D1E8C4444AAF4F6CCCAD0803F9B10.d.537911517072E09736211213D65B0877.e.3204/click - {}
RESULT: {}
RESULT: {}
COMMAND: GET /session/6f873cfbd9220f733b1c899e801fac9f/screenshot - {}
RESULT: {}
COMMAND: POST /session/6f873cfbd9220f733b1c899e801fac9f/execute/sync - {"script":"<script> [299 bytes]","args":[["getModel","getResource"]]}
RESULT: {"script":"<script> [299 bytes]","args":[["getModel","getResource"]]}
RESULT: undefined
COMMAND: POST /session/6f873cfbd9220f733b1c899e801fac9f/element - {"using":"xpath","value":"//*[@id=\"__tile30\"]"}
COMMAND: GET /session/6f873cfbd9220f733b1c899e801fac9f/screenshot - {}
RESULT: {"using":"xpath","value":"//*[@id=\"__tile30\"]"}
COMMAND: POST /session/6f873cfbd9220f733b1c899e801fac9f/element/f.0D8D1E8C4444AAF4F6CCCAD0803F9B10.d.537911517072E09736211213D65B0877.e.3124/click - {}
RESULT: {}
RESULT: {}
COMMAND: POST /session/6f873cfbd9220f733b1c899e801fac9f/element - {"using":"xpath","value":"//button[@data-kt=\"addButton\"]"}
COMMAND: GET /session/6f873cfbd9220f733b1c899e801fac9f/screenshot - {}
RESULT: {"using":"xpath","value":"//button[@data-kt=\"addButton\"]"}
COMMAND: POST /session/6f873cfbd9220f733b1c899e801fac9f/elements - {"using":"xpath","value":"//button[@data-kt=\"addButton\"]"}
RESULT: {}
RESULT: {"using":"xpath","value":"//button[@data-kt=\"addButton\"]"}
COMMAND: POST /session/6f873cfbd9220f733b1c899e801fac9f/elements - {"using":"xpath","value":"//button[@data-kt=\"addButton\"]"}
RESULT: {"using":"xpath","value":"//button[@data-kt=\"addButton\"]"}
COMMAND: POST /session/6f873cfbd9220f733b1c899e801fac9f/elements - {"using":"xpath","value":"//button[@data-kt=\"addButton\"]"}
RESULT: {"using":"xpath","value":"//button[@data-kt=\"addButton\"]"}
COMMAND: POST /session/6f873cfbd9220f733b1c899e801fac9f/elements - {"using":"xpath","value":"//button[@data-kt=\"addButton\"]"}
RESULT: {"using":"xpath","value":"//button[@data-kt=\"addButton\"]"}
COMMAND: POST /session/6f873cfbd9220f733b1c899e801fac9f/element - {"using":"xpath","value":"//button[@data-kt=\"addButton\"]"}
RESULT: {"using":"xpath","value":"//button[@data-kt=\"addButton\"]"}
COMMAND: POST /session/6f873cfbd9220f733b1c899e801fac9f/execute/sync - {"script":"<script> [8489 bytes]","args":[{"element-6066-11e4-a52e-4f735466cecf":"f.0D8D1E8C4444AAF4F6CCCAD0803F9B10.d.537911517072E09736211213D65B0877.e.4024","ELEMENT":"f.0D8D1E8C4444AAF4F6CCCAD0803F9B10.d.537911517072E09736211213D65B0877.e.4024"}]}
RESULT: {"script":"<script> [8489 bytes]","args":[{"element-6066-11e4-a52e-4f735466cecf":"f.0D8D1E8C4444AAF4F6CCCAD0803F9B10.d.537911517072E09736211213D65B0877.e.4024","ELEMENT":"f.0D8D1E8C4444AAF4F6CCCAD0803F9B10.d.537911517072E09736211213D65B0877.e.4024"}]}
COMMAND: GET /session/6f873cfbd9220f733b1c899e801fac9f/element/f.0D8D1E8C4444AAF4F6CCCAD0803F9B10.d.537911517072E09736211213D65B0877.e.4024/enabled - {}
COMMAND: GET /session/6f873cfbd9220f733b1c899e801fac9f/screenshot - {}
RESULT: {}
COMMAND: POST /session/6f873cfbd9220f733b1c899e801fac9f/execute/sync - {"script":"<script> [8489 bytes]","args":[{"element-6066-11e4-a52e-4f735466cecf":"f.0D8D1E8C4444AAF4F6CCCAD0803F9B10.d.537911517072E09736211213D65B0877.e.4024","ELEMENT":"f.0D8D1E8C4444AAF4F6CCCAD0803F9B10.d.537911517072E09736211213D65B0877.e.4024"}]}
COMMAND: GET /session/6f873cfbd9220f733b1c899e801fac9f/screenshot - {}
RESULT: {}
RESULT: {"script":"<script> [8489 bytes]","args":[{"element-6066-11e4-a52e-4f735466cecf":"f.0D8D1E8C4444AAF4F6CCCAD0803F9B10.d.537911517072E09736211213D65B0877.e.4024","ELEMENT":"f.0D8D1E8C4444AAF4F6CCCAD0803F9B10.d.537911517072E09736211213D65B0877.e.4024"}]}
COMMAND: POST /session/6f873cfbd9220f733b1c899e801fac9f/execute/sync - {"script":"<script> [5351 bytes]","args":[{"element-6066-11e4-a52e-4f735466cecf":"f.0D8D1E8C4444AAF4F6CCCAD0803F9B10.d.537911517072E09736211213D65B0877.e.4024","ELEMENT":"f.0D8D1E8C4444AAF4F6CCCAD0803F9B10.d.537911517072E09736211213D65B0877.e.4024"}]}
COMMAND: GET /session/6f873cfbd9220f733b1c899e801fac9f/screenshot - {}
RESULT: {}
RESULT: {"script":"<script> [5351 bytes]","args":[{"element-6066-11e4-a52e-4f735466cecf":"f.0D8D1E8C4444AAF4F6CCCAD0803F9B10.d.537911517072E09736211213D65B0877.e.4024","ELEMENT":"f.0D8D1E8C4444AAF4F6CCCAD0803F9B10.d.537911517072E09736211213D65B0877.e.4024"}]}
COMMAND: GET /session/6f873cfbd9220f733b1c899e801fac9f/screenshot - {}
RESULT: {}
RESULT: {}
COMMAND: POST /session/6f873cfbd9220f733b1c899e801fac9f/execute/async - {"script":"<script> [1562 bytes]","args":[{"selector":{"id":"application-managepartners-display-component---masterPtm--smartFilterBar-btnBasicSearch","interaction":{"idSuffix":"I"}},"wdio_ui5_key":"applicationmanagepartners-display-component---masterPtm--smartFilterBar-btnBasicSearch"}]}
RESULT: {"script":"<script> [1562 bytes]","args":[{"selector":{"id":"application-managepartners-display-component---masterPtm--smartFilterBar-btnBasicSearch","interaction":{"idSuffix":"I"}},"wdio_ui5_key":"applicationmanagepartners-display-component---masterPtm--smartFilterBar-btnBasicSearch"}]}
RESULT: undefined
COMMAND: POST /session/6f873cfbd9220f733b1c899e801fac9f/execute/async - {"script":"<script> [776 bytes]","args":[{"enterText":"1126","selector":{"id":"application-managepartners-display-component---masterPtm--smartFilterBar-btnBasicSearch","interaction":{"idSuffix":"I"}},"clearTextFirst":true,"interactionType":"ENTER_TEXT"}]}
RESULT: {"script":"<script> [776 bytes]","args":[{"enterText":"1126","selector":{"id":"application-managepartners-display-component---masterPtm--smartFilterBar-btnBasicSearch","interaction":{"idSuffix":"I"}},"clearTextFirst":true,"interactionType":"ENTER_TEXT"}]}
COMMAND: POST /session/6f873cfbd9220f733b1c899e801fac9f/actions - {"actions":[{"id":"action11","type":"key","parameters":{},"actions":[{"type":"keyDown","value":"î€‡"},{"type":"pause","duration":10},{"type":"keyUp","value":"î€‡"}]}]}
RESULT: {"actions":[{"id":"action11","type":"key","parameters":{},"actions":[{"type":"keyDown","value":"î€‡"},{"type":"pause","duration":10},{"type":"keyUp","value":"î€‡"}]}]}
COMMAND: GET /session/6f873cfbd9220f733b1c899e801fac9f/screenshot - {}
RESULT: {}
COMMAND: POST /session/6f873cfbd9220f733b1c899e801fac9f/elements - {"using":"xpath","value":"//table[contains(@id, \"customPartnersTable-listUl\")]/tbody/tr"}
RESULT: {"using":"xpath","value":"//table[contains(@id, \"customPartnersTable-listUl\")]/tbody/tr"}
COMMAND: POST /session/6f873cfbd9220f733b1c899e801fac9f/element - {"using":"xpath","value":"//table[contains(@id, \"customPartnersTable-listUl\")]/tbody/tr[1]/td[3]/span"}
RESULT: {"using":"xpath","value":"//table[contains(@id, \"customPartnersTable-listUl\")]/tbody/tr[1]/td[3]/span"}
COMMAND: POST /session/6f873cfbd9220f733b1c899e801fac9f/elements - {"using":"xpath","value":"//table[contains(@id, \"customPartnersTable-listUl\")]/tbody/tr[1]/td[3]/span"}
RESULT: {"using":"xpath","value":"//table[contains(@id, \"customPartnersTable-listUl\")]/tbody/tr[1]/td[3]/span"}
COMMAND: POST /session/6f873cfbd9220f733b1c899e801fac9f/execute/sync - {"script":"<script> [56 bytes]","args":[{"element-6066-11e4-a52e-4f735466cecf":"f.0D8D1E8C4444AAF4F6CCCAD0803F9B10.d.537911517072E09736211213D65B0877.e.4173","ELEMENT":"f.0D8D1E8C4444AAF4F6CCCAD0803F9B10.d.537911517072E09736211213D65B0877.e.4173"}]}
RESULT: {"script":"<script> [56 bytes]","args":[{"element-6066-11e4-a52e-4f735466cecf":"f.0D8D1E8C4444AAF4F6CCCAD0803F9B10.d.537911517072E09736211213D65B0877.e.4173","ELEMENT":"f.0D8D1E8C4444AAF4F6CCCAD0803F9B10.d.537911517072E09736211213D65B0877.e.4173"}]}
COMMAND: POST /session/6f873cfbd9220f733b1c899e801fac9f/element - {"using":"xpath","value":"(//span[contains(@id, \"imgNav\")])[1]"}
COMMAND: GET /session/6f873cfbd9220f733b1c899e801fac9f/screenshot - {}
RESULT: {"using":"xpath","value":"(//span[contains(@id, \"imgNav\")])[1]"}
COMMAND: POST /session/6f873cfbd9220f733b1c899e801fac9f/element/f.0D8D1E8C4444AAF4F6CCCAD0803F9B10.d.537911517072E09736211213D65B0877.e.4170/click - {}
RESULT: {}
RESULT: {}
COMMAND: GET /session/6f873cfbd9220f733b1c899e801fac9f/screenshot - {}
RESULT: {}
COMMAND: POST /session/6f873cfbd9220f733b1c899e801fac9f/element - {"using":"xpath","value":"//bdi[contains(text(), \"Edit\")]"}
RESULT: {"using":"xpath","value":"//bdi[contains(text(), \"Edit\")]"}
COMMAND: POST /session/6f873cfbd9220f733b1c899e801fac9f/element/f.0D8D1E8C4444AAF4F6CCCAD0803F9B10.d.537911517072E09736211213D65B0877.e.4315/click - {}
RESULT: {}
COMMAND: GET /session/6f873cfbd9220f733b1c899e801fac9f/screenshot - {}
RESULT: {}
COMMAND: POST /session/6f873cfbd9220f733b1c899e801fac9f/execute/async - {"script":"<script> [1562 bytes]","args":[{"selector":{"controlType":"sap.m.Input","viewName":"etm.portal.ui.managepartners.view.EditDetail","labelFor":{"text":"Name"},"interaction":{"idSuffix":"inner"}},"wdio_ui5_key":"etmportal.ui.managepartners.view.EditDetailsap.m.Input{\"text\":\"Name\"}"}]}
RESULT: {"script":"<script> [1562 bytes]","args":[{"selector":{"controlType":"sap.m.Input","viewName":"etm.portal.ui.managepartners.view.EditDetail","labelFor":{"text":"Name"},"interaction":{"idSuffix":"inner"}},"wdio_ui5_key":"etmportal.ui.managepartners.view.EditDetailsap.m.Input{\"text\":\"Name\"}"}]}
RESULT: undefined
COMMAND: POST /session/6f873cfbd9220f733b1c899e801fac9f/execute/async - {"script":"<script> [776 bytes]","args":[{"enterText":"Intercompany EDIT","selector":{"controlType":"sap.m.Input","viewName":"etm.portal.ui.managepartners.view.EditDetail","labelFor":{"text":"Name"},"interaction":{"idSuffix":"inner"}},"clearTextFirst":true,"interactionType":"ENTER_TEXT"}]}
RESULT: {"script":"<script> [776 bytes]","args":[{"enterText":"Intercompany EDIT","selector":{"controlType":"sap.m.Input","viewName":"etm.portal.ui.managepartners.view.EditDetail","labelFor":{"text":"Name"},"interaction":{"idSuffix":"inner"}},"clearTextFirst":true,"interactionType":"ENTER_TEXT"}]}
COMMAND: POST /session/6f873cfbd9220f733b1c899e801fac9f/element - {"using":"xpath","value":"(//span[contains(@id,\"addressDetailDetailsLanguage-arrow\")])[1]"}
RESULT: {"using":"xpath","value":"(//span[contains(@id,\"addressDetailDetailsLanguage-arrow\")])[1]"}
COMMAND: POST /session/6f873cfbd9220f733b1c899e801fac9f/element/f.0D8D1E8C4444AAF4F6CCCAD0803F9B10.d.537911517072E09736211213D65B0877.e.4397/click - {}
RESULT: {}
COMMAND: POST /session/6f873cfbd9220f733b1c899e801fac9f/element - {"using":"xpath","value":"//span[contains(text(), \"Chinese\")]"}
COMMAND: GET /session/6f873cfbd9220f733b1c899e801fac9f/screenshot - {}
RESULT: {"using":"xpath","value":"//span[contains(text(), \"Chinese\")]"}
COMMAND: POST /session/6f873cfbd9220f733b1c899e801fac9f/element/f.0D8D1E8C4444AAF4F6CCCAD0803F9B10.d.537911517072E09736211213D65B0877.e.4398/click - {}
RESULT: {}
RESULT: {}
COMMAND: GET /session/6f873cfbd9220f733b1c899e801fac9f/screenshot - {}
RESULT: {}
COMMAND: POST /session/6f873cfbd9220f733b1c899e801fac9f/execute/async - {"script":"<script> [1562 bytes]","args":[{"selector":{"controlType":"sap.m.Input","viewName":"etm.portal.ui.managepartners.view.EditDetail","labelFor":{"text":"City"},"interaction":{"idSuffix":"inner"}},"wdio_ui5_key":"etmportal.ui.managepartners.view.EditDetailsap.m.Input{\"text\":\"City\"}"}]}
RESULT: {"script":"<script> [1562 bytes]","args":[{"selector":{"controlType":"sap.m.Input","viewName":"etm.portal.ui.managepartners.view.EditDetail","labelFor":{"text":"City"},"interaction":{"idSuffix":"inner"}},"wdio_ui5_key":"etmportal.ui.managepartners.view.EditDetailsap.m.Input{\"text\":\"City\"}"}]}
RESULT: undefined
COMMAND: POST /session/6f873cfbd9220f733b1c899e801fac9f/execute/async - {"script":"<script> [776 bytes]","args":[{"enterText":"Clooj-Napoca","selector":{"controlType":"sap.m.Input","viewName":"etm.portal.ui.managepartners.view.EditDetail","labelFor":{"text":"City"},"interaction":{"idSuffix":"inner"}},"clearTextFirst":true,"interactionType":"ENTER_TEXT"}]}
RESULT: {"script":"<script> [776 bytes]","args":[{"enterText":"Clooj-Napoca","selector":{"controlType":"sap.m.Input","viewName":"etm.portal.ui.managepartners.view.EditDetail","labelFor":{"text":"City"},"interaction":{"idSuffix":"inner"}},"clearTextFirst":true,"interactionType":"ENTER_TEXT"}]}
COMMAND: POST /session/6f873cfbd9220f733b1c899e801fac9f/element - {"using":"xpath","value":"//button[@data-kt=\"saveButton\"]"}
RESULT: {"using":"xpath","value":"//button[@data-kt=\"saveButton\"]"}
COMMAND: POST /session/6f873cfbd9220f733b1c899e801fac9f/element/f.0D8D1E8C4444AAF4F6CCCAD0803F9B10.d.537911517072E09736211213D65B0877.e.4374/click - {}
RESULT: {}
COMMAND: GET /session/6f873cfbd9220f733b1c899e801fac9f/screenshot - {}
RESULT: {}
COMMAND: POST /session/6f873cfbd9220f733b1c899e801fac9f/execute/async - {"script":"<script> [1562 bytes]","args":[{"selector":{"id":"application-managepartners-display-component---detailPtm--addressDetailDetailsName1"},"wdio_ui5_key":"applicationmanagepartners-display-component---detailPtm--addressDetailDetailsName1"}]}
RESULT: {"script":"<script> [1562 bytes]","args":[{"selector":{"id":"application-managepartners-display-component---detailPtm--addressDetailDetailsName1"},"wdio_ui5_key":"applicationmanagepartners-display-component---detailPtm--addressDetailDetailsName1"}]}
RESULT: undefined
COMMAND: POST /session/6f873cfbd9220f733b1c899e801fac9f/execute/async - {"script":"<script> [6424 bytes]","args":[{"element-6066-11e4-a52e-4f735466cecf":"f.0D8D1E8C4444AAF4F6CCCAD0803F9B10.d.537911517072E09736211213D65B0877.e.4430"},"getValue",[]]}
RESULT: {"script":"<script> [6424 bytes]","args":[{"element-6066-11e4-a52e-4f735466cecf":"f.0D8D1E8C4444AAF4F6CCCAD0803F9B10.d.537911517072E09736211213D65B0877.e.4430"},"getValue",[]]}
COMMAND: POST /session/6f873cfbd9220f733b1c899e801fac9f/element - {"using":"xpath","value":"//input[@id = \"application-managepartners-display-component---detailPtm--addressDetailDetailsLanguage-inner\"]"}
RESULT: {"using":"xpath","value":"//input[@id = \"application-managepartners-display-component---detailPtm--addressDetailDetailsLanguage-inner\"]"}
COMMAND: GET /session/6f873cfbd9220f733b1c899e801fac9f/element/f.0D8D1E8C4444AAF4F6CCCAD0803F9B10.d.537911517072E09736211213D65B0877.e.4431/property/value - {}
RESULT: {}
COMMAND: POST /session/6f873cfbd9220f733b1c899e801fac9f/execute/async - {"script":"<script> [1562 bytes]","args":[{"selector":{"id":"application-managepartners-display-component---detailPtm--addressDetailDetailsCity1"},"wdio_ui5_key":"applicationmanagepartners-display-component---detailPtm--addressDetailDetailsCity1"}]}
COMMAND: GET /session/6f873cfbd9220f733b1c899e801fac9f/screenshot - {}
RESULT: {"script":"<script> [1562 bytes]","args":[{"selector":{"id":"application-managepartners-display-component---detailPtm--addressDetailDetailsCity1"},"wdio_ui5_key":"applicationmanagepartners-display-component---detailPtm--addressDetailDetailsCity1"}]}
RESULT: undefined
COMMAND: POST /session/6f873cfbd9220f733b1c899e801fac9f/execute/async - {"script":"<script> [6424 bytes]","args":[{"element-6066-11e4-a52e-4f735466cecf":"f.0D8D1E8C4444AAF4F6CCCAD0803F9B10.d.537911517072E09736211213D65B0877.e.4432"},"getValue",[]]}
RESULT: {}
RESULT: {"script":"<script> [6424 bytes]","args":[{"element-6066-11e4-a52e-4f735466cecf":"f.0D8D1E8C4444AAF4F6CCCAD0803F9B10.d.537911517072E09736211213D65B0877.e.4432"},"getValue",[]]}
COMMAND: POST /session/6f873cfbd9220f733b1c899e801fac9f/element - {"using":"css selector","value":"#shell-header-logo"}
RESULT: {"using":"css selector","value":"#shell-header-logo"}
COMMAND: POST /session/6f873cfbd9220f733b1c899e801fac9f/element/f.0D8D1E8C4444AAF4F6CCCAD0803F9B10.d.537911517072E09736211213D65B0877.e.3990/click - {}
RESULT: {}
COMMAND: GET /session/6f873cfbd9220f733b1c899e801fac9f/screenshot - {}
RESULT: {}
]]></system-out>
    </testcase>
    <testcase classname="chrome.136_0_7103_49.windows.Partner_specific_tests_US150819_US151080_US151654_US151176_US103444_US151078_US151079_US151109_US151174_US151175_US151189" name="Should create a new intracompany partner edit some of its fields US151079" time="245.773">
      <system-out><![CDATA[
COMMAND: POST /session/6f873cfbd9220f733b1c899e801fac9f/element - {"using":"xpath","value":"//li[.//span[text()=\"Manage Partners\"]]"}
RESULT: {"using":"xpath","value":"//li[.//span[text()=\"Manage Partners\"]]"}
COMMAND: POST /session/6f873cfbd9220f733b1c899e801fac9f/element - {"using":"xpath","value":"//li[.//span[text()=\"Manage Partners\"]]"}
RESULT: {"using":"xpath","value":"//li[.//span[text()=\"Manage Partners\"]]"}
COMMAND: POST /session/6f873cfbd9220f733b1c899e801fac9f/element - {"using":"css selector","value":"#shell-header-logo"}
RESULT: {"using":"css selector","value":"#shell-header-logo"}
COMMAND: POST /session/6f873cfbd9220f733b1c899e801fac9f/element/f.0D8D1E8C4444AAF4F6CCCAD0803F9B10.d.537911517072E09736211213D65B0877.e.4462/click - {}
COMMAND: POST /session/6f873cfbd9220f733b1c899e801fac9f/execute/sync - {"script":"<script> [8489 bytes]","args":[{"element-6066-11e4-a52e-4f735466cecf":"f.0D8D1E8C4444AAF4F6CCCAD0803F9B10.d.537911517072E09736211213D65B0877.e.4462","ELEMENT":"f.0D8D1E8C4444AAF4F6CCCAD0803F9B10.d.537911517072E09736211213D65B0877.e.4462"}]}
RESULT: {}
COMMAND: GET /session/6f873cfbd9220f733b1c899e801fac9f/screenshot - {}
RESULT: {"script":"<script> [8489 bytes]","args":[{"element-6066-11e4-a52e-4f735466cecf":"f.0D8D1E8C4444AAF4F6CCCAD0803F9B10.d.537911517072E09736211213D65B0877.e.4462","ELEMENT":"f.0D8D1E8C4444AAF4F6CCCAD0803F9B10.d.537911517072E09736211213D65B0877.e.4462"}]}
COMMAND: POST /session/6f873cfbd9220f733b1c899e801fac9f/execute/sync - {"script":"<script> [5351 bytes]","args":[{"element-6066-11e4-a52e-4f735466cecf":"f.0D8D1E8C4444AAF4F6CCCAD0803F9B10.d.537911517072E09736211213D65B0877.e.4462","ELEMENT":"f.0D8D1E8C4444AAF4F6CCCAD0803F9B10.d.537911517072E09736211213D65B0877.e.4462"}]}
COMMAND: GET /session/6f873cfbd9220f733b1c899e801fac9f/screenshot - {}
RESULT: {}
RESULT: {"script":"<script> [5351 bytes]","args":[{"element-6066-11e4-a52e-4f735466cecf":"f.0D8D1E8C4444AAF4F6CCCAD0803F9B10.d.537911517072E09736211213D65B0877.e.4462","ELEMENT":"f.0D8D1E8C4444AAF4F6CCCAD0803F9B10.d.537911517072E09736211213D65B0877.e.4462"}]}
COMMAND: GET /session/6f873cfbd9220f733b1c899e801fac9f/screenshot - {}
RESULT: {}
RESULT: {}
COMMAND: POST /session/6f873cfbd9220f733b1c899e801fac9f/refresh - {}
RESULT: {}
COMMAND: GET /session/6f873cfbd9220f733b1c899e801fac9f/screenshot - {}
RESULT: {}
COMMAND: POST /session/6f873cfbd9220f733b1c899e801fac9f/refresh - {}
RESULT: {}
COMMAND: GET /session/6f873cfbd9220f733b1c899e801fac9f/screenshot - {}
RESULT: {}
COMMAND: POST /session/6f873cfbd9220f733b1c899e801fac9f/window/fullscreen - {}
RESULT: {}
COMMAND: POST /session/6f873cfbd9220f733b1c899e801fac9f/execute/async - {"script":"<script> [189 bytes]","args":[]}
RESULT: {"script":"<script> [189 bytes]","args":[]}
COMMAND: POST /session/6f873cfbd9220f733b1c899e801fac9f/execute/async - {"script":"<script> [123 bytes]","args":[]}
RESULT: {"script":"<script> [123 bytes]","args":[]}
COMMAND: POST /session/6f873cfbd9220f733b1c899e801fac9f/timeouts - {"script":"<number>"}
RESULT: {"script":"<number>"}
COMMAND: GET /session/6f873cfbd9220f733b1c899e801fac9f/timeouts - {}
RESULT: {}
RESULT: undefined
COMMAND: POST /session/6f873cfbd9220f733b1c899e801fac9f/execute/async - {"script":"<script> [2676 bytes]","args":[]}
RESULT: {"script":"<script> [2676 bytes]","args":[]}
COMMAND: POST /session/6f873cfbd9220f733b1c899e801fac9f/execute/async - {"script":"<script> [2342 bytes]","args":[{"protocol":"http","hostname":"0.0.0.0","path":"/","capabilities":{"browserName":"chrome","goog:chromeOptions":{"binary":"C:\\Program Files\\Google\\Chrome\\Application\\chrome.exe","args":["--start-maximized"]}},"logLevel":"warn","connectionRetryTimeout":120000,"connectionRetryCount":3,"logLevels":{},"enableDirectConnect":true,"strictSSL":true,"_":"65 more keys: [\"cacheDir\",\"port\",\"requestedCapabilities\",\"automationProtocol\",\"baseUrl\",\"waitforInterval\",\"waitforTimeout\",\"onReload\",\"beforeCommand\",\"afterCommand\",\"rootDir\",\"specs\",\"suites\",\"exclude\",\"groupLogsByTestSpec\",\"excludeDriverLogs\",\"bail\",\"framework\",\"reporters\",\"services\",\"maxInstances\",\"maxInstancesPerCapability\",\"injectGlobals\",\"filesToWatch\",\"execArgv\",\"runnerEnv\",\"runner\",\"shard\",\"specFileRetries\",\"specFileRetriesDelay\",\"specFileRetriesDeferred\",\"reporterSyncInterval\",\"reporterSyncTimeout\",\"cucumberFeaturesWithLineNumbers\",\"autoCompileOpts\",\"mochaOpts\",\"jasmineOpts\",\"cucumberOpts\",\"onPrepare\",\"onWorkerStart\",\"onWorkerEnd\",\"before\",\"beforeSession\",\"beforeSuite\",\"beforeHook\",\"beforeTest\",\"afterTest\",\"afterHook\",\"afterSuite\",\"afterSession\",\"after\",\"onComplete\",\"beforeAssertion\",\"afterAssertion\",\"beforeFeature\",\"beforeScenario\",\"beforeStep\",\"afterStep\",\"afterScenario\",\"afterFeature\",\"_\",\"suite\",\"$0\",\"ignoredWorkerServices\",\"wdi5\"]"}]}
RESULT: {"script":"<script> [2342 bytes]","args":[{"protocol":"http","hostname":"0.0.0.0","path":"/","capabilities":{"browserName":"chrome","goog:chromeOptions":{"binary":"C:\\Program Files\\Google\\Chrome\\Application\\chrome.exe","args":["--start-maximized"]}},"logLevel":"warn","connectionRetryTimeout":120000,"connectionRetryCount":3,"logLevels":{},"enableDirectConnect":true,"strictSSL":true,"_":"65 more keys: [\"cacheDir\",\"port\",\"requestedCapabilities\",\"automationProtocol\",\"baseUrl\",\"waitforInterval\",\"waitforTimeout\",\"onReload\",\"beforeCommand\",\"afterCommand\",\"rootDir\",\"specs\",\"suites\",\"exclude\",\"groupLogsByTestSpec\",\"excludeDriverLogs\",\"bail\",\"framework\",\"reporters\",\"services\",\"maxInstances\",\"maxInstancesPerCapability\",\"injectGlobals\",\"filesToWatch\",\"execArgv\",\"runnerEnv\",\"runner\",\"shard\",\"specFileRetries\",\"specFileRetriesDelay\",\"specFileRetriesDeferred\",\"reporterSyncInterval\",\"reporterSyncTimeout\",\"cucumberFeaturesWithLineNumbers\",\"autoCompileOpts\",\"mochaOpts\",\"jasmineOpts\",\"cucumberOpts\",\"onPrepare\",\"onWorkerStart\",\"onWorkerEnd\",\"before\",\"beforeSession\",\"beforeSuite\",\"beforeHook\",\"beforeTest\",\"afterTest\",\"afterHook\",\"afterSuite\",\"afterSession\",\"after\",\"onComplete\",\"beforeAssertion\",\"afterAssertion\",\"beforeFeature\",\"beforeScenario\",\"beforeStep\",\"afterStep\",\"afterScenario\",\"afterFeature\",\"_\",\"suite\",\"$0\",\"ignoredWorkerServices\",\"wdi5\"]"}]}
COMMAND: POST /session/6f873cfbd9220f733b1c899e801fac9f/execute/async - {"script":"<script> [21126 bytes]","args":[35000]}
RESULT: {"script":"<script> [21126 bytes]","args":[35000]}
COMMAND: POST /session/6f873cfbd9220f733b1c899e801fac9f/window/fullscreen - {}
RESULT: {}
COMMAND: POST /session/6f873cfbd9220f733b1c899e801fac9f/window/fullscreen - {}
RESULT: {}
COMMAND: POST /session/6f873cfbd9220f733b1c899e801fac9f/execute/async - {"script":"<script> [1562 bytes]","args":[{"selector":{"controlType":"sap.m.GenericTile","properties":{"header":"Manage Partners"}},"wdio_ui5_key":"sapm.GenericTile{\"header\":\"Manage Partners\"}"}]}
RESULT: {"script":"<script> [1562 bytes]","args":[{"selector":{"controlType":"sap.m.GenericTile","properties":{"header":"Manage Partners"}},"wdio_ui5_key":"sapm.GenericTile{\"header\":\"Manage Partners\"}"}]}
RESULT: undefined
COMMAND: POST /session/6f873cfbd9220f733b1c899e801fac9f/element - {"using":"xpath","value":"//*[@id=\"__tile30\"]"}
RESULT: {"using":"xpath","value":"//*[@id=\"__tile30\"]"}
COMMAND: POST /session/6f873cfbd9220f733b1c899e801fac9f/element/f.0D8D1E8C4444AAF4F6CCCAD0803F9B10.d.83DABABCCBFA67F35F452BC2359F540E.e.4528/click - {}
RESULT: {}
COMMAND: POST /session/6f873cfbd9220f733b1c899e801fac9f/element - {"using":"xpath","value":"//button[@data-kt=\"addButton\"]"}
COMMAND: GET /session/6f873cfbd9220f733b1c899e801fac9f/screenshot - {}
RESULT: {"using":"xpath","value":"//button[@data-kt=\"addButton\"]"}
COMMAND: POST /session/6f873cfbd9220f733b1c899e801fac9f/elements - {"using":"xpath","value":"//button[@data-kt=\"addButton\"]"}
RESULT: {}
RESULT: {"using":"xpath","value":"//button[@data-kt=\"addButton\"]"}
COMMAND: POST /session/6f873cfbd9220f733b1c899e801fac9f/elements - {"using":"xpath","value":"//button[@data-kt=\"addButton\"]"}
RESULT: {"using":"xpath","value":"//button[@data-kt=\"addButton\"]"}
COMMAND: POST /session/6f873cfbd9220f733b1c899e801fac9f/elements - {"using":"xpath","value":"//button[@data-kt=\"addButton\"]"}
RESULT: {"using":"xpath","value":"//button[@data-kt=\"addButton\"]"}
COMMAND: POST /session/6f873cfbd9220f733b1c899e801fac9f/elements - {"using":"xpath","value":"//button[@data-kt=\"addButton\"]"}
RESULT: {"using":"xpath","value":"//button[@data-kt=\"addButton\"]"}
COMMAND: POST /session/6f873cfbd9220f733b1c899e801fac9f/elements - {"using":"xpath","value":"//button[@data-kt=\"addButton\"]"}
RESULT: {"using":"xpath","value":"//button[@data-kt=\"addButton\"]"}
COMMAND: POST /session/6f873cfbd9220f733b1c899e801fac9f/elements - {"using":"xpath","value":"//button[@data-kt=\"addButton\"]"}
RESULT: {"using":"xpath","value":"//button[@data-kt=\"addButton\"]"}
COMMAND: POST /session/6f873cfbd9220f733b1c899e801fac9f/elements - {"using":"xpath","value":"//button[@data-kt=\"addButton\"]"}
RESULT: {"using":"xpath","value":"//button[@data-kt=\"addButton\"]"}
COMMAND: POST /session/6f873cfbd9220f733b1c899e801fac9f/elements - {"using":"xpath","value":"//button[@data-kt=\"addButton\"]"}
RESULT: {"using":"xpath","value":"//button[@data-kt=\"addButton\"]"}
COMMAND: POST /session/6f873cfbd9220f733b1c899e801fac9f/elements - {"using":"xpath","value":"//button[@data-kt=\"addButton\"]"}
RESULT: {"using":"xpath","value":"//button[@data-kt=\"addButton\"]"}
COMMAND: POST /session/6f873cfbd9220f733b1c899e801fac9f/elements - {"using":"xpath","value":"//button[@data-kt=\"addButton\"]"}
RESULT: {"using":"xpath","value":"//button[@data-kt=\"addButton\"]"}
COMMAND: POST /session/6f873cfbd9220f733b1c899e801fac9f/elements - {"using":"xpath","value":"//button[@data-kt=\"addButton\"]"}
RESULT: {"using":"xpath","value":"//button[@data-kt=\"addButton\"]"}
COMMAND: POST /session/6f873cfbd9220f733b1c899e801fac9f/elements - {"using":"xpath","value":"//button[@data-kt=\"addButton\"]"}
RESULT: {"using":"xpath","value":"//button[@data-kt=\"addButton\"]"}
COMMAND: POST /session/6f873cfbd9220f733b1c899e801fac9f/elements - {"using":"xpath","value":"//button[@data-kt=\"addButton\"]"}
RESULT: {"using":"xpath","value":"//button[@data-kt=\"addButton\"]"}
COMMAND: POST /session/6f873cfbd9220f733b1c899e801fac9f/elements - {"using":"xpath","value":"//button[@data-kt=\"addButton\"]"}
RESULT: {"using":"xpath","value":"//button[@data-kt=\"addButton\"]"}
COMMAND: POST /session/6f873cfbd9220f733b1c899e801fac9f/elements - {"using":"xpath","value":"//button[@data-kt=\"addButton\"]"}
RESULT: {"using":"xpath","value":"//button[@data-kt=\"addButton\"]"}
COMMAND: POST /session/6f873cfbd9220f733b1c899e801fac9f/elements - {"using":"xpath","value":"//button[@data-kt=\"addButton\"]"}
RESULT: {"using":"xpath","value":"//button[@data-kt=\"addButton\"]"}
COMMAND: POST /session/6f873cfbd9220f733b1c899e801fac9f/elements - {"using":"xpath","value":"//button[@data-kt=\"addButton\"]"}
RESULT: {"using":"xpath","value":"//button[@data-kt=\"addButton\"]"}
COMMAND: POST /session/6f873cfbd9220f733b1c899e801fac9f/elements - {"using":"xpath","value":"//button[@data-kt=\"addButton\"]"}
RESULT: {"using":"xpath","value":"//button[@data-kt=\"addButton\"]"}
COMMAND: POST /session/6f873cfbd9220f733b1c899e801fac9f/elements - {"using":"xpath","value":"//button[@data-kt=\"addButton\"]"}
RESULT: {"using":"xpath","value":"//button[@data-kt=\"addButton\"]"}
COMMAND: POST /session/6f873cfbd9220f733b1c899e801fac9f/elements - {"using":"xpath","value":"//button[@data-kt=\"addButton\"]"}
RESULT: {"using":"xpath","value":"//button[@data-kt=\"addButton\"]"}
COMMAND: POST /session/6f873cfbd9220f733b1c899e801fac9f/elements - {"using":"xpath","value":"//button[@data-kt=\"addButton\"]"}
RESULT: {"using":"xpath","value":"//button[@data-kt=\"addButton\"]"}
COMMAND: POST /session/6f873cfbd9220f733b1c899e801fac9f/elements - {"using":"xpath","value":"//button[@data-kt=\"addButton\"]"}
RESULT: {"using":"xpath","value":"//button[@data-kt=\"addButton\"]"}
COMMAND: POST /session/6f873cfbd9220f733b1c899e801fac9f/elements - {"using":"xpath","value":"//button[@data-kt=\"addButton\"]"}
RESULT: {"using":"xpath","value":"//button[@data-kt=\"addButton\"]"}
COMMAND: POST /session/6f873cfbd9220f733b1c899e801fac9f/elements - {"using":"xpath","value":"//button[@data-kt=\"addButton\"]"}
RESULT: {"using":"xpath","value":"//button[@data-kt=\"addButton\"]"}
COMMAND: POST /session/6f873cfbd9220f733b1c899e801fac9f/elements - {"using":"xpath","value":"//button[@data-kt=\"addButton\"]"}
RESULT: {"using":"xpath","value":"//button[@data-kt=\"addButton\"]"}
COMMAND: POST /session/6f873cfbd9220f733b1c899e801fac9f/elements - {"using":"xpath","value":"//button[@data-kt=\"addButton\"]"}
RESULT: {"using":"xpath","value":"//button[@data-kt=\"addButton\"]"}
COMMAND: POST /session/6f873cfbd9220f733b1c899e801fac9f/elements - {"using":"xpath","value":"//button[@data-kt=\"addButton\"]"}
RESULT: {"using":"xpath","value":"//button[@data-kt=\"addButton\"]"}
COMMAND: POST /session/6f873cfbd9220f733b1c899e801fac9f/elements - {"using":"xpath","value":"//button[@data-kt=\"addButton\"]"}
RESULT: {"using":"xpath","value":"//button[@data-kt=\"addButton\"]"}
COMMAND: POST /session/6f873cfbd9220f733b1c899e801fac9f/elements - {"using":"xpath","value":"//button[@data-kt=\"addButton\"]"}
RESULT: {"using":"xpath","value":"//button[@data-kt=\"addButton\"]"}
COMMAND: POST /session/6f873cfbd9220f733b1c899e801fac9f/elements - {"using":"xpath","value":"//button[@data-kt=\"addButton\"]"}
RESULT: {"using":"xpath","value":"//button[@data-kt=\"addButton\"]"}
COMMAND: POST /session/6f873cfbd9220f733b1c899e801fac9f/elements - {"using":"xpath","value":"//button[@data-kt=\"addButton\"]"}
RESULT: {"using":"xpath","value":"//button[@data-kt=\"addButton\"]"}
COMMAND: POST /session/6f873cfbd9220f733b1c899e801fac9f/elements - {"using":"xpath","value":"//button[@data-kt=\"addButton\"]"}
RESULT: {"using":"xpath","value":"//button[@data-kt=\"addButton\"]"}
COMMAND: POST /session/6f873cfbd9220f733b1c899e801fac9f/element - {"using":"xpath","value":"//button[@data-kt=\"addButton\"]"}
RESULT: {"using":"xpath","value":"//button[@data-kt=\"addButton\"]"}
COMMAND: POST /session/6f873cfbd9220f733b1c899e801fac9f/execute/sync - {"script":"<script> [8489 bytes]","args":[{"element-6066-11e4-a52e-4f735466cecf":"f.0D8D1E8C4444AAF4F6CCCAD0803F9B10.d.83DABABCCBFA67F35F452BC2359F540E.e.4644","ELEMENT":"f.0D8D1E8C4444AAF4F6CCCAD0803F9B10.d.83DABABCCBFA67F35F452BC2359F540E.e.4644"}]}
RESULT: {"script":"<script> [8489 bytes]","args":[{"element-6066-11e4-a52e-4f735466cecf":"f.0D8D1E8C4444AAF4F6CCCAD0803F9B10.d.83DABABCCBFA67F35F452BC2359F540E.e.4644","ELEMENT":"f.0D8D1E8C4444AAF4F6CCCAD0803F9B10.d.83DABABCCBFA67F35F452BC2359F540E.e.4644"}]}
COMMAND: GET /session/6f873cfbd9220f733b1c899e801fac9f/element/f.0D8D1E8C4444AAF4F6CCCAD0803F9B10.d.83DABABCCBFA67F35F452BC2359F540E.e.4644/enabled - {}
COMMAND: GET /session/6f873cfbd9220f733b1c899e801fac9f/screenshot - {}
RESULT: {}
COMMAND: POST /session/6f873cfbd9220f733b1c899e801fac9f/execute/sync - {"script":"<script> [8489 bytes]","args":[{"element-6066-11e4-a52e-4f735466cecf":"f.0D8D1E8C4444AAF4F6CCCAD0803F9B10.d.83DABABCCBFA67F35F452BC2359F540E.e.4644","ELEMENT":"f.0D8D1E8C4444AAF4F6CCCAD0803F9B10.d.83DABABCCBFA67F35F452BC2359F540E.e.4644"}]}
COMMAND: GET /session/6f873cfbd9220f733b1c899e801fac9f/screenshot - {}
RESULT: {}
RESULT: {"script":"<script> [8489 bytes]","args":[{"element-6066-11e4-a52e-4f735466cecf":"f.0D8D1E8C4444AAF4F6CCCAD0803F9B10.d.83DABABCCBFA67F35F452BC2359F540E.e.4644","ELEMENT":"f.0D8D1E8C4444AAF4F6CCCAD0803F9B10.d.83DABABCCBFA67F35F452BC2359F540E.e.4644"}]}
COMMAND: POST /session/6f873cfbd9220f733b1c899e801fac9f/execute/sync - {"script":"<script> [5351 bytes]","args":[{"element-6066-11e4-a52e-4f735466cecf":"f.0D8D1E8C4444AAF4F6CCCAD0803F9B10.d.83DABABCCBFA67F35F452BC2359F540E.e.4644","ELEMENT":"f.0D8D1E8C4444AAF4F6CCCAD0803F9B10.d.83DABABCCBFA67F35F452BC2359F540E.e.4644"}]}
COMMAND: GET /session/6f873cfbd9220f733b1c899e801fac9f/screenshot - {}
RESULT: {}
RESULT: {"script":"<script> [5351 bytes]","args":[{"element-6066-11e4-a52e-4f735466cecf":"f.0D8D1E8C4444AAF4F6CCCAD0803F9B10.d.83DABABCCBFA67F35F452BC2359F540E.e.4644","ELEMENT":"f.0D8D1E8C4444AAF4F6CCCAD0803F9B10.d.83DABABCCBFA67F35F452BC2359F540E.e.4644"}]}
COMMAND: POST /session/6f873cfbd9220f733b1c899e801fac9f/element/f.0D8D1E8C4444AAF4F6CCCAD0803F9B10.d.83DABABCCBFA67F35F452BC2359F540E.e.4644/click - {}
COMMAND: GET /session/6f873cfbd9220f733b1c899e801fac9f/screenshot - {}
RESULT: {}
RESULT: {}
COMMAND: GET /session/6f873cfbd9220f733b1c899e801fac9f/screenshot - {}
RESULT: {}
RESULT: {}
COMMAND: POST /session/6f873cfbd9220f733b1c899e801fac9f/execute/async - {"script":"<script> [1562 bytes]","args":[{"selector":{"id":"application-managepartners-display-component---NewPartner--addressDetailDetailsName1","interaction":{"idSuffix":"inner"}},"wdio_ui5_key":"applicationmanagepartners-display-component---NewPartner--addressDetailDetailsName1"}]}
RESULT: {"script":"<script> [1562 bytes]","args":[{"selector":{"id":"application-managepartners-display-component---NewPartner--addressDetailDetailsName1","interaction":{"idSuffix":"inner"}},"wdio_ui5_key":"applicationmanagepartners-display-component---NewPartner--addressDetailDetailsName1"}]}
RESULT: undefined
COMMAND: POST /session/6f873cfbd9220f733b1c899e801fac9f/execute/async - {"script":"<script> [776 bytes]","args":[{"enterText":"Intracompany Partner WDIO","selector":{"id":"application-managepartners-display-component---NewPartner--addressDetailDetailsName1","interaction":{"idSuffix":"inner"}},"clearTextFirst":true,"interactionType":"ENTER_TEXT"}]}
RESULT: {"script":"<script> [776 bytes]","args":[{"enterText":"Intracompany Partner WDIO","selector":{"id":"application-managepartners-display-component---NewPartner--addressDetailDetailsName1","interaction":{"idSuffix":"inner"}},"clearTextFirst":true,"interactionType":"ENTER_TEXT"}]}
COMMAND: POST /session/6f873cfbd9220f733b1c899e801fac9f/execute/async - {"script":"<script> [1562 bytes]","args":[{"selector":{"id":"application-managepartners-display-component---NewPartner--addressDetailDetailsLanguage-arrow"},"wdio_ui5_key":"applicationmanagepartners-display-component---NewPartner--addressDetailDetailsLanguage-arrow"}]}
RESULT: {"script":"<script> [1562 bytes]","args":[{"selector":{"id":"application-managepartners-display-component---NewPartner--addressDetailDetailsLanguage-arrow"},"wdio_ui5_key":"applicationmanagepartners-display-component---NewPartner--addressDetailDetailsLanguage-arrow"}]}
RESULT: undefined
COMMAND: POST /session/6f873cfbd9220f733b1c899e801fac9f/element - {"using":"xpath","value":"//*[@id=\"application-managepartners-display-component---NewPartner--addressDetailDetailsLanguage-arrow\"]"}
RESULT: {"using":"xpath","value":"//*[@id=\"application-managepartners-display-component---NewPartner--addressDetailDetailsLanguage-arrow\"]"}
COMMAND: POST /session/6f873cfbd9220f733b1c899e801fac9f/element/f.0D8D1E8C4444AAF4F6CCCAD0803F9B10.d.83DABABCCBFA67F35F452BC2359F540E.e.5091/click - {}
RESULT: {}
COMMAND: POST /session/6f873cfbd9220f733b1c899e801fac9f/element - {"using":"xpath","value":"//span[contains(text(), \"English\")]"}
COMMAND: GET /session/6f873cfbd9220f733b1c899e801fac9f/screenshot - {}
RESULT: {"using":"xpath","value":"//span[contains(text(), \"English\")]"}
COMMAND: POST /session/6f873cfbd9220f733b1c899e801fac9f/element/f.0D8D1E8C4444AAF4F6CCCAD0803F9B10.d.83DABABCCBFA67F35F452BC2359F540E.e.5092/click - {}
RESULT: {}
RESULT: {}
COMMAND: GET /session/6f873cfbd9220f733b1c899e801fac9f/screenshot - {}
RESULT: {}
COMMAND: POST /session/6f873cfbd9220f733b1c899e801fac9f/execute/async - {"script":"<script> [1562 bytes]","args":[{"selector":{"id":"application-managepartners-display-component---NewPartner--addressDetailDetailsCity1","interaction":{"idSuffix":"inner"}},"wdio_ui5_key":"applicationmanagepartners-display-component---NewPartner--addressDetailDetailsCity1"}]}
RESULT: {"script":"<script> [1562 bytes]","args":[{"selector":{"id":"application-managepartners-display-component---NewPartner--addressDetailDetailsCity1","interaction":{"idSuffix":"inner"}},"wdio_ui5_key":"applicationmanagepartners-display-component---NewPartner--addressDetailDetailsCity1"}]}
RESULT: undefined
COMMAND: POST /session/6f873cfbd9220f733b1c899e801fac9f/execute/async - {"script":"<script> [776 bytes]","args":[{"enterText":"Rosario","selector":{"id":"application-managepartners-display-component---NewPartner--addressDetailDetailsCity1","interaction":{"idSuffix":"inner"}},"clearTextFirst":true,"interactionType":"ENTER_TEXT"}]}
RESULT: {"script":"<script> [776 bytes]","args":[{"enterText":"Rosario","selector":{"id":"application-managepartners-display-component---NewPartner--addressDetailDetailsCity1","interaction":{"idSuffix":"inner"}},"clearTextFirst":true,"interactionType":"ENTER_TEXT"}]}
COMMAND: POST /session/6f873cfbd9220f733b1c899e801fac9f/execute/async - {"script":"<script> [1562 bytes]","args":[{"selector":{"id":"application-managepartners-display-component---NewPartner--addressDetailDetailsCountry-arrow"},"wdio_ui5_key":"applicationmanagepartners-display-component---NewPartner--addressDetailDetailsCountry-arrow"}]}
RESULT: {"script":"<script> [1562 bytes]","args":[{"selector":{"id":"application-managepartners-display-component---NewPartner--addressDetailDetailsCountry-arrow"},"wdio_ui5_key":"applicationmanagepartners-display-component---NewPartner--addressDetailDetailsCountry-arrow"}]}
RESULT: undefined
COMMAND: POST /session/6f873cfbd9220f733b1c899e801fac9f/element - {"using":"xpath","value":"//*[@id=\"application-managepartners-display-component---NewPartner--addressDetailDetailsCountry-arrow\"]"}
RESULT: {"using":"xpath","value":"//*[@id=\"application-managepartners-display-component---NewPartner--addressDetailDetailsCountry-arrow\"]"}
COMMAND: POST /session/6f873cfbd9220f733b1c899e801fac9f/element/f.0D8D1E8C4444AAF4F6CCCAD0803F9B10.d.83DABABCCBFA67F35F452BC2359F540E.e.4935/click - {}
RESULT: {}
COMMAND: POST /session/6f873cfbd9220f733b1c899e801fac9f/element - {"using":"xpath","value":"//span[contains(text(), \"Argentina\")]"}
COMMAND: GET /session/6f873cfbd9220f733b1c899e801fac9f/screenshot - {}
RESULT: {"using":"xpath","value":"//span[contains(text(), \"Argentina\")]"}
COMMAND: POST /session/6f873cfbd9220f733b1c899e801fac9f/element/f.0D8D1E8C4444AAF4F6CCCAD0803F9B10.d.83DABABCCBFA67F35F452BC2359F540E.e.5094/click - {}
RESULT: {}
RESULT: {}
COMMAND: GET /session/6f873cfbd9220f733b1c899e801fac9f/screenshot - {}
RESULT: {}
COMMAND: POST /session/6f873cfbd9220f733b1c899e801fac9f/element - {"using":"xpath","value":"//bdi[contains(text(), \"Commercial\")]"}
RESULT: {"using":"xpath","value":"//bdi[contains(text(), \"Commercial\")]"}
COMMAND: POST /session/6f873cfbd9220f733b1c899e801fac9f/element/f.0D8D1E8C4444AAF4F6CCCAD0803F9B10.d.83DABABCCBFA67F35F452BC2359F540E.e.5095/click - {}
RESULT: {}
COMMAND: GET /session/6f873cfbd9220f733b1c899e801fac9f/screenshot - {}
RESULT: {}
COMMAND: POST /session/6f873cfbd9220f733b1c899e801fac9f/execute/async - {"script":"<script> [1562 bytes]","args":[{"selector":{"id":"application-managepartners-display-component---NewPartner--partnerDetailInternal-arrow"},"wdio_ui5_key":"applicationmanagepartners-display-component---NewPartner--partnerDetailInternal-arrow"}]}
RESULT: {"script":"<script> [1562 bytes]","args":[{"selector":{"id":"application-managepartners-display-component---NewPartner--partnerDetailInternal-arrow"},"wdio_ui5_key":"applicationmanagepartners-display-component---NewPartner--partnerDetailInternal-arrow"}]}
RESULT: undefined
COMMAND: POST /session/6f873cfbd9220f733b1c899e801fac9f/element - {"using":"xpath","value":"//*[@id=\"application-managepartners-display-component---NewPartner--partnerDetailInternal-arrow\"]"}
RESULT: {"using":"xpath","value":"//*[@id=\"application-managepartners-display-component---NewPartner--partnerDetailInternal-arrow\"]"}
COMMAND: POST /session/6f873cfbd9220f733b1c899e801fac9f/element/f.0D8D1E8C4444AAF4F6CCCAD0803F9B10.d.83DABABCCBFA67F35F452BC2359F540E.e.5101/click - {}
RESULT: {}
COMMAND: POST /session/6f873cfbd9220f733b1c899e801fac9f/element - {"using":"xpath","value":"//span[contains(text(), \"Affiliated company\")]"}
COMMAND: GET /session/6f873cfbd9220f733b1c899e801fac9f/screenshot - {}
RESULT: {"using":"xpath","value":"//span[contains(text(), \"Affiliated company\")]"}
COMMAND: POST /session/6f873cfbd9220f733b1c899e801fac9f/element/f.0D8D1E8C4444AAF4F6CCCAD0803F9B10.d.83DABABCCBFA67F35F452BC2359F540E.e.5104/click - {}
RESULT: {}
RESULT: {}
COMMAND: POST /session/6f873cfbd9220f733b1c899e801fac9f/execute/async - {"script":"<script> [1562 bytes]","args":[{"selector":{"id":"application-managepartners-display-component---NewPartner--partnerDetailsCurrency-arrow"},"wdio_ui5_key":"applicationmanagepartners-display-component---NewPartner--partnerDetailsCurrency-arrow"}]}
COMMAND: GET /session/6f873cfbd9220f733b1c899e801fac9f/screenshot - {}
RESULT: {"script":"<script> [1562 bytes]","args":[{"selector":{"id":"application-managepartners-display-component---NewPartner--partnerDetailsCurrency-arrow"},"wdio_ui5_key":"applicationmanagepartners-display-component---NewPartner--partnerDetailsCurrency-arrow"}]}
RESULT: undefined
COMMAND: POST /session/6f873cfbd9220f733b1c899e801fac9f/element - {"using":"xpath","value":"//*[@id=\"application-managepartners-display-component---NewPartner--partnerDetailsCurrency-arrow\"]"}
RESULT: {}
RESULT: {"using":"xpath","value":"//*[@id=\"application-managepartners-display-component---NewPartner--partnerDetailsCurrency-arrow\"]"}
COMMAND: POST /session/6f873cfbd9220f733b1c899e801fac9f/element/f.0D8D1E8C4444AAF4F6CCCAD0803F9B10.d.83DABABCCBFA67F35F452BC2359F540E.e.5111/click - {}
RESULT: {}
COMMAND: POST /session/6f873cfbd9220f733b1c899e801fac9f/element - {"using":"xpath","value":"//span[contains(text(), \"Euro\")]"}
COMMAND: GET /session/6f873cfbd9220f733b1c899e801fac9f/screenshot - {}
RESULT: {"using":"xpath","value":"//span[contains(text(), \"Euro\")]"}
COMMAND: POST /session/6f873cfbd9220f733b1c899e801fac9f/element/f.0D8D1E8C4444AAF4F6CCCAD0803F9B10.d.83DABABCCBFA67F35F452BC2359F540E.e.5112/click - {}
RESULT: {}
RESULT: {}
COMMAND: POST /session/6f873cfbd9220f733b1c899e801fac9f/execute/async - {"script":"<script> [1562 bytes]","args":[{"selector":{"id":"application-managepartners-display-component---NewPartner--addressEditDetailsCostObjectCstType-arrow"},"wdio_ui5_key":"applicationmanagepartners-display-component---NewPartner--addressEditDetailsCostObjectCstType-arrow"}]}
COMMAND: GET /session/6f873cfbd9220f733b1c899e801fac9f/screenshot - {}
RESULT: {"script":"<script> [1562 bytes]","args":[{"selector":{"id":"application-managepartners-display-component---NewPartner--addressEditDetailsCostObjectCstType-arrow"},"wdio_ui5_key":"applicationmanagepartners-display-component---NewPartner--addressEditDetailsCostObjectCstType-arrow"}]}
RESULT: undefined
COMMAND: POST /session/6f873cfbd9220f733b1c899e801fac9f/element - {"using":"xpath","value":"//*[@id=\"application-managepartners-display-component---NewPartner--addressEditDetailsCostObjectCstType-arrow\"]"}
RESULT: {}
RESULT: {"using":"xpath","value":"//*[@id=\"application-managepartners-display-component---NewPartner--addressEditDetailsCostObjectCstType-arrow\"]"}
COMMAND: POST /session/6f873cfbd9220f733b1c899e801fac9f/element/f.0D8D1E8C4444AAF4F6CCCAD0803F9B10.d.83DABABCCBFA67F35F452BC2359F540E.e.5113/click - {}
RESULT: {}
COMMAND: POST /session/6f873cfbd9220f733b1c899e801fac9f/element - {"using":"xpath","value":"//span[contains(text(), \"Cost Center\")]"}
COMMAND: GET /session/6f873cfbd9220f733b1c899e801fac9f/screenshot - {}
RESULT: {"using":"xpath","value":"//span[contains(text(), \"Cost Center\")]"}
COMMAND: POST /session/6f873cfbd9220f733b1c899e801fac9f/element/f.0D8D1E8C4444AAF4F6CCCAD0803F9B10.d.83DABABCCBFA67F35F452BC2359F540E.e.5114/click - {}
RESULT: {}
RESULT: {}
COMMAND: GET /session/6f873cfbd9220f733b1c899e801fac9f/screenshot - {}
RESULT: {}
COMMAND: POST /session/6f873cfbd9220f733b1c899e801fac9f/element - {"using":"xpath","value":"//span[@id=\"application-managepartners-display-component---NewPartner--addressNewCostObjectCstID-vhi\"]"}
RESULT: {"using":"xpath","value":"//span[@id=\"application-managepartners-display-component---NewPartner--addressNewCostObjectCstID-vhi\"]"}
COMMAND: POST /session/6f873cfbd9220f733b1c899e801fac9f/element - {"using":"xpath","value":"//span[@id=\"application-managepartners-display-component---NewPartner--addressNewCostObjectCstID-vhi\"]"}
RESULT: {"using":"xpath","value":"//span[@id=\"application-managepartners-display-component---NewPartner--addressNewCostObjectCstID-vhi\"]"}
COMMAND: POST /session/6f873cfbd9220f733b1c899e801fac9f/element - {"using":"xpath","value":"//input[@id=\"application-managepartners-display-component---NewPartner--addressNewCostObjectCstID-inner\"]"}
RESULT: {"using":"xpath","value":"//input[@id=\"application-managepartners-display-component---NewPartner--addressNewCostObjectCstID-inner\"]"}
COMMAND: POST /session/6f873cfbd9220f733b1c899e801fac9f/execute/sync - {"script":"<script> [8489 bytes]","args":[{"element-6066-11e4-a52e-4f735466cecf":"f.0D8D1E8C4444AAF4F6CCCAD0803F9B10.d.83DABABCCBFA67F35F452BC2359F540E.e.5116","ELEMENT":"f.0D8D1E8C4444AAF4F6CCCAD0803F9B10.d.83DABABCCBFA67F35F452BC2359F540E.e.5116"}]}
RESULT: {"script":"<script> [8489 bytes]","args":[{"element-6066-11e4-a52e-4f735466cecf":"f.0D8D1E8C4444AAF4F6CCCAD0803F9B10.d.83DABABCCBFA67F35F452BC2359F540E.e.5116","ELEMENT":"f.0D8D1E8C4444AAF4F6CCCAD0803F9B10.d.83DABABCCBFA67F35F452BC2359F540E.e.5116"}]}
COMMAND: POST /session/6f873cfbd9220f733b1c899e801fac9f/element/f.0D8D1E8C4444AAF4F6CCCAD0803F9B10.d.83DABABCCBFA67F35F452BC2359F540E.e.5116/clear - {}
COMMAND: POST /session/6f873cfbd9220f733b1c899e801fac9f/element - {"using":"xpath","value":"//input[@id=\"application-managepartners-display-component---NewPartner--addressNewCostObjectCstID-inner\"]"}
RESULT: {"using":"xpath","value":"//input[@id=\"application-managepartners-display-component---NewPartner--addressNewCostObjectCstID-inner\"]"}
COMMAND: POST /session/6f873cfbd9220f733b1c899e801fac9f/element/f.0D8D1E8C4444AAF4F6CCCAD0803F9B10.d.83DABABCCBFA67F35F452BC2359F540E.e.5116/clear - {}
COMMAND: POST /session/6f873cfbd9220f733b1c899e801fac9f/element - {"using":"xpath","value":"//input[@id=\"application-managepartners-display-component---NewPartner--addressNewCostObjectCstID-inner\"]"}
COMMAND: GET /session/6f873cfbd9220f733b1c899e801fac9f/screenshot - {}
RESULT: {"using":"xpath","value":"//input[@id=\"application-managepartners-display-component---NewPartner--addressNewCostObjectCstID-inner\"]"}
COMMAND: POST /session/6f873cfbd9220f733b1c899e801fac9f/element/f.0D8D1E8C4444AAF4F6CCCAD0803F9B10.d.83DABABCCBFA67F35F452BC2359F540E.e.5118/clear - {}
RESULT: {}
RESULT: {}
COMMAND: POST /session/6f873cfbd9220f733b1c899e801fac9f/element/f.0D8D1E8C4444AAF4F6CCCAD0803F9B10.d.83DABABCCBFA67F35F452BC2359F540E.e.5118/value - {"text":"10001013"}
COMMAND: GET /session/6f873cfbd9220f733b1c899e801fac9f/screenshot - {}
RESULT: {"text":"10001013"}
COMMAND: GET /session/6f873cfbd9220f733b1c899e801fac9f/screenshot - {}
RESULT: {}
RESULT: {}
COMMAND: POST /session/6f873cfbd9220f733b1c899e801fac9f/element - {"using":"xpath","value":"//input[@id=\"application-managepartners-display-component---NewPartner--companyCodeComboBox-inner\"]"}
RESULT: {"using":"xpath","value":"//input[@id=\"application-managepartners-display-component---NewPartner--companyCodeComboBox-inner\"]"}
COMMAND: POST /session/6f873cfbd9220f733b1c899e801fac9f/element/f.0D8D1E8C4444AAF4F6CCCAD0803F9B10.d.83DABABCCBFA67F35F452BC2359F540E.e.5070/clear - {}
RESULT: {}
COMMAND: POST /session/6f873cfbd9220f733b1c899e801fac9f/element/f.0D8D1E8C4444AAF4F6CCCAD0803F9B10.d.83DABABCCBFA67F35F452BC2359F540E.e.5070/value - {"text":"1000"}
COMMAND: GET /session/6f873cfbd9220f733b1c899e801fac9f/screenshot - {}
RESULT: {}
RESULT: {"text":"1000"}
COMMAND: GET /session/6f873cfbd9220f733b1c899e801fac9f/screenshot - {}
RESULT: {}
COMMAND: POST /session/6f873cfbd9220f733b1c899e801fac9f/element - {"using":"xpath","value":"//li[.//span[text()= \"1000\"]]"}
RESULT: {"using":"xpath","value":"//li[.//span[text()= \"1000\"]]"}
COMMAND: POST /session/6f873cfbd9220f733b1c899e801fac9f/element/f.0D8D1E8C4444AAF4F6CCCAD0803F9B10.d.83DABABCCBFA67F35F452BC2359F540E.e.5125/click - {}
RESULT: {}
COMMAND: GET /session/6f873cfbd9220f733b1c899e801fac9f/screenshot - {}
RESULT: {}
COMMAND: POST /session/6f873cfbd9220f733b1c899e801fac9f/execute/async - {"script":"<script> [1562 bytes]","args":[{"selector":{"id":"application-managepartners-display-component---NewPartner--btnAddTableRow-img"},"wdio_ui5_key":"applicationmanagepartners-display-component---NewPartner--btnAddTableRow-img"}]}
RESULT: {"script":"<script> [1562 bytes]","args":[{"selector":{"id":"application-managepartners-display-component---NewPartner--btnAddTableRow-img"},"wdio_ui5_key":"applicationmanagepartners-display-component---NewPartner--btnAddTableRow-img"}]}
RESULT: undefined
COMMAND: POST /session/6f873cfbd9220f733b1c899e801fac9f/element - {"using":"xpath","value":"//*[@id=\"application-managepartners-display-component---NewPartner--btnAddTableRow-img\"]"}
RESULT: {"using":"xpath","value":"//*[@id=\"application-managepartners-display-component---NewPartner--btnAddTableRow-img\"]"}
COMMAND: POST /session/6f873cfbd9220f733b1c899e801fac9f/element/f.0D8D1E8C4444AAF4F6CCCAD0803F9B10.d.83DABABCCBFA67F35F452BC2359F540E.e.5126/click - {}
RESULT: {}
COMMAND: GET /session/6f873cfbd9220f733b1c899e801fac9f/screenshot - {}
RESULT: {}
COMMAND: POST /session/6f873cfbd9220f733b1c899e801fac9f/element - {"using":"xpath","value":"//input[@id=\"application-managepartners-display-component---NewPartner--assignmentYard-application-managepartners-display-component---NewPartner--assignmentsTable-0-inner\"]"}
RESULT: {"using":"xpath","value":"//input[@id=\"application-managepartners-display-component---NewPartner--assignmentYard-application-managepartners-display-component---NewPartner--assignmentsTable-0-inner\"]"}
COMMAND: POST /session/6f873cfbd9220f733b1c899e801fac9f/element/f.0D8D1E8C4444AAF4F6CCCAD0803F9B10.d.83DABABCCBFA67F35F452BC2359F540E.e.5129/clear - {}
RESULT: {}
COMMAND: POST /session/6f873cfbd9220f733b1c899e801fac9f/element/f.0D8D1E8C4444AAF4F6CCCAD0803F9B10.d.83DABABCCBFA67F35F452BC2359F540E.e.5129/value - {"text":"294"}
COMMAND: GET /session/6f873cfbd9220f733b1c899e801fac9f/screenshot - {}
RESULT: {"text":"294"}
COMMAND: GET /session/6f873cfbd9220f733b1c899e801fac9f/screenshot - {}
RESULT: {}
RESULT: {}
COMMAND: POST /session/6f873cfbd9220f733b1c899e801fac9f/element - {"using":"xpath","value":"//li[.//span[text()='294']]"}
RESULT: {"using":"xpath","value":"//li[.//span[text()='294']]"}
COMMAND: POST /session/6f873cfbd9220f733b1c899e801fac9f/element/f.0D8D1E8C4444AAF4F6CCCAD0803F9B10.d.83DABABCCBFA67F35F452BC2359F540E.e.5137/click - {}
RESULT: {}
COMMAND: GET /session/6f873cfbd9220f733b1c899e801fac9f/screenshot - {}
RESULT: {}
COMMAND: POST /session/6f873cfbd9220f733b1c899e801fac9f/actions - {"actions":[{"id":"action12","type":"key","parameters":{},"actions":[{"type":"keyDown","value":"î€‡"},{"type":"pause","duration":10},{"type":"keyUp","value":"î€‡"}]}]}
RESULT: {"actions":[{"id":"action12","type":"key","parameters":{},"actions":[{"type":"keyDown","value":"î€‡"},{"type":"pause","duration":10},{"type":"keyUp","value":"î€‡"}]}]}
COMMAND: POST /session/6f873cfbd9220f733b1c899e801fac9f/execute/async - {"script":"<script> [1562 bytes]","args":[{"selector":{"id":"application-managepartners-display-component---NewPartner--externalCustomerComboBox-application-managepartners-display-component---NewPartner--assignmentsTable-0-vhi"},"wdio_ui5_key":"applicationmanagepartners-display-component---NewPartner--externalCustomerComboBox-application-managepartners-display-component---NewPartner--assignmentsTable-0-vhi"}]}
COMMAND: GET /session/6f873cfbd9220f733b1c899e801fac9f/screenshot - {}
RESULT: {"script":"<script> [1562 bytes]","args":[{"selector":{"id":"application-managepartners-display-component---NewPartner--externalCustomerComboBox-application-managepartners-display-component---NewPartner--assignmentsTable-0-vhi"},"wdio_ui5_key":"applicationmanagepartners-display-component---NewPartner--externalCustomerComboBox-application-managepartners-display-component---NewPartner--assignmentsTable-0-vhi"}]}
RESULT: undefined
COMMAND: POST /session/6f873cfbd9220f733b1c899e801fac9f/element - {"using":"xpath","value":"//*[@id=\"application-managepartners-display-component---NewPartner--externalCustomerComboBox-application-managepartners-display-component---NewPartner--assignmentsTable-0-vhi\"]"}
RESULT: {}
RESULT: {"using":"xpath","value":"//*[@id=\"application-managepartners-display-component---NewPartner--externalCustomerComboBox-application-managepartners-display-component---NewPartner--assignmentsTable-0-vhi\"]"}
COMMAND: POST /session/6f873cfbd9220f733b1c899e801fac9f/element/f.0D8D1E8C4444AAF4F6CCCAD0803F9B10.d.83DABABCCBFA67F35F452BC2359F540E.e.5141/click - {}
RESULT: {}
COMMAND: POST /session/6f873cfbd9220f733b1c899e801fac9f/execute/async - {"script":"<script> [1562 bytes]","args":[{"selector":{"controlType":"sap.m.SearchField","properties":{"placeholder":"Search"},"searchOpenDialogs":true,"interaction":{"idSuffix":"I"}},"wdio_ui5_key":"sapm.SearchField{\"placeholder\":\"Search\"}"}]}
COMMAND: GET /session/6f873cfbd9220f733b1c899e801fac9f/screenshot - {}
RESULT: {"script":"<script> [1562 bytes]","args":[{"selector":{"controlType":"sap.m.SearchField","properties":{"placeholder":"Search"},"searchOpenDialogs":true,"interaction":{"idSuffix":"I"}},"wdio_ui5_key":"sapm.SearchField{\"placeholder\":\"Search\"}"}]}
RESULT: undefined
COMMAND: POST /session/6f873cfbd9220f733b1c899e801fac9f/execute/async - {"script":"<script> [776 bytes]","args":[{"enterText":"300003","selector":{"controlType":"sap.m.SearchField","properties":{"placeholder":"Search"},"searchOpenDialogs":true,"interaction":{"idSuffix":"I"}},"clearTextFirst":true,"interactionType":"ENTER_TEXT"}]}
RESULT: {}
RESULT: {"script":"<script> [776 bytes]","args":[{"enterText":"300003","selector":{"controlType":"sap.m.SearchField","properties":{"placeholder":"Search"},"searchOpenDialogs":true,"interaction":{"idSuffix":"I"}},"clearTextFirst":true,"interactionType":"ENTER_TEXT"}]}
COMMAND: POST /session/6f873cfbd9220f733b1c899e801fac9f/actions - {"actions":[{"id":"action13","type":"key","parameters":{},"actions":[{"type":"keyDown","value":"î€‡"},{"type":"pause","duration":10},{"type":"keyUp","value":"î€‡"}]}]}
RESULT: {"actions":[{"id":"action13","type":"key","parameters":{},"actions":[{"type":"keyDown","value":"î€‡"},{"type":"pause","duration":10},{"type":"keyUp","value":"î€‡"}]}]}
COMMAND: GET /session/6f873cfbd9220f733b1c899e801fac9f/screenshot - {}
RESULT: {}
COMMAND: POST /session/6f873cfbd9220f733b1c899e801fac9f/element - {"using":"xpath","value":"//span[contains(text(), \"300003\")]"}
RESULT: {"using":"xpath","value":"//span[contains(text(), \"300003\")]"}
COMMAND: POST /session/6f873cfbd9220f733b1c899e801fac9f/element/f.0D8D1E8C4444AAF4F6CCCAD0803F9B10.d.83DABABCCBFA67F35F452BC2359F540E.e.5163/click - {}
RESULT: {}
COMMAND: GET /session/6f873cfbd9220f733b1c899e801fac9f/screenshot - {}
RESULT: {}
COMMAND: POST /session/6f873cfbd9220f733b1c899e801fac9f/element - {"using":"xpath","value":"//bdi[contains(text(), \"OK\")]"}
RESULT: {"using":"xpath","value":"//bdi[contains(text(), \"OK\")]"}
COMMAND: POST /session/6f873cfbd9220f733b1c899e801fac9f/element/f.0D8D1E8C4444AAF4F6CCCAD0803F9B10.d.83DABABCCBFA67F35F452BC2359F540E.e.5165/click - {}
RESULT: {}
COMMAND: GET /session/6f873cfbd9220f733b1c899e801fac9f/screenshot - {}
RESULT: {}
COMMAND: POST /session/6f873cfbd9220f733b1c899e801fac9f/execute/async - {"script":"<script> [1562 bytes]","args":[{"selector":{"id":"application-managepartners-display-component---NewPartner--intercompVendorComboBox-application-managepartners-display-component---NewPartner--assignmentsTable-0-vhi"},"wdio_ui5_key":"applicationmanagepartners-display-component---NewPartner--intercompVendorComboBox-application-managepartners-display-component---NewPartner--assignmentsTable-0-vhi"}]}
RESULT: {"script":"<script> [1562 bytes]","args":[{"selector":{"id":"application-managepartners-display-component---NewPartner--intercompVendorComboBox-application-managepartners-display-component---NewPartner--assignmentsTable-0-vhi"},"wdio_ui5_key":"applicationmanagepartners-display-component---NewPartner--intercompVendorComboBox-application-managepartners-display-component---NewPartner--assignmentsTable-0-vhi"}]}
RESULT: undefined
COMMAND: POST /session/6f873cfbd9220f733b1c899e801fac9f/element - {"using":"xpath","value":"//*[@id=\"application-managepartners-display-component---NewPartner--intercompVendorComboBox-application-managepartners-display-component---NewPartner--assignmentsTable-0-vhi\"]"}
RESULT: {"using":"xpath","value":"//*[@id=\"application-managepartners-display-component---NewPartner--intercompVendorComboBox-application-managepartners-display-component---NewPartner--assignmentsTable-0-vhi\"]"}
COMMAND: POST /session/6f873cfbd9220f733b1c899e801fac9f/element/f.0D8D1E8C4444AAF4F6CCCAD0803F9B10.d.83DABABCCBFA67F35F452BC2359F540E.e.5168/click - {}
RESULT: {}
RESULT: undefined
COMMAND: POST /session/6f873cfbd9220f733b1c899e801fac9f/execute/async - {"script":"<script> [776 bytes]","args":[{"enterText":"100005","selector":{"controlType":"sap.m.SearchField","properties":{"placeholder":"Search"},"searchOpenDialogs":true,"interaction":{"idSuffix":"I"}},"clearTextFirst":true,"interactionType":"ENTER_TEXT"}]}
COMMAND: GET /session/6f873cfbd9220f733b1c899e801fac9f/screenshot - {}
RESULT: {"script":"<script> [776 bytes]","args":[{"enterText":"100005","selector":{"controlType":"sap.m.SearchField","properties":{"placeholder":"Search"},"searchOpenDialogs":true,"interaction":{"idSuffix":"I"}},"clearTextFirst":true,"interactionType":"ENTER_TEXT"}]}
COMMAND: POST /session/6f873cfbd9220f733b1c899e801fac9f/actions - {"actions":[{"id":"action14","type":"key","parameters":{},"actions":[{"type":"keyDown","value":"î€‡"},{"type":"pause","duration":10},{"type":"keyUp","value":"î€‡"}]}]}
RESULT: {}
RESULT: {"actions":[{"id":"action14","type":"key","parameters":{},"actions":[{"type":"keyDown","value":"î€‡"},{"type":"pause","duration":10},{"type":"keyUp","value":"î€‡"}]}]}
COMMAND: GET /session/6f873cfbd9220f733b1c899e801fac9f/screenshot - {}
RESULT: {}
COMMAND: POST /session/6f873cfbd9220f733b1c899e801fac9f/element - {"using":"xpath","value":"//span[contains(text(), \"Penguins - Field/12345 Berlin\")]"}
RESULT: {"using":"xpath","value":"//span[contains(text(), \"Penguins - Field/12345 Berlin\")]"}
COMMAND: POST /session/6f873cfbd9220f733b1c899e801fac9f/element/f.0D8D1E8C4444AAF4F6CCCAD0803F9B10.d.83DABABCCBFA67F35F452BC2359F540E.e.5184/click - {}
RESULT: {}
COMMAND: GET /session/6f873cfbd9220f733b1c899e801fac9f/screenshot - {}
RESULT: {}
COMMAND: POST /session/6f873cfbd9220f733b1c899e801fac9f/element - {"using":"xpath","value":"//bdi[contains(text(), \"OK\")]"}
RESULT: {"using":"xpath","value":"//bdi[contains(text(), \"OK\")]"}
COMMAND: POST /session/6f873cfbd9220f733b1c899e801fac9f/element/f.0D8D1E8C4444AAF4F6CCCAD0803F9B10.d.83DABABCCBFA67F35F452BC2359F540E.e.5185/click - {}
RESULT: {}
COMMAND: GET /session/6f873cfbd9220f733b1c899e801fac9f/screenshot - {}
RESULT: {}
COMMAND: POST /session/6f873cfbd9220f733b1c899e801fac9f/element - {"using":"xpath","value":"//button[@data-kt=\"saveButton\"]"}
RESULT: {"using":"xpath","value":"//button[@data-kt=\"saveButton\"]"}
COMMAND: POST /session/6f873cfbd9220f733b1c899e801fac9f/element/f.0D8D1E8C4444AAF4F6CCCAD0803F9B10.d.83DABABCCBFA67F35F452BC2359F540E.e.5075/click - {}
RESULT: {}
COMMAND: GET /session/6f873cfbd9220f733b1c899e801fac9f/screenshot - {}
RESULT: {}
COMMAND: POST /session/6f873cfbd9220f733b1c899e801fac9f/element - {"using":"xpath","value":"//header[contains(@id, 'ObjectPageLayout-headerTitle')]/div[1]/div[2]/div[2]/span[1]"}
RESULT: {"using":"xpath","value":"//header[contains(@id, 'ObjectPageLayout-headerTitle')]/div[1]/div[2]/div[2]/span[1]"}
COMMAND: POST /session/6f873cfbd9220f733b1c899e801fac9f/elements - {"using":"xpath","value":"//header[contains(@id, 'ObjectPageLayout-headerTitle')]/div[1]/div[2]/div[2]/span[1]"}
RESULT: {"using":"xpath","value":"//header[contains(@id, 'ObjectPageLayout-headerTitle')]/div[1]/div[2]/div[2]/span[1]"}
COMMAND: POST /session/6f873cfbd9220f733b1c899e801fac9f/execute/sync - {"script":"<script> [56 bytes]","args":[{"element-6066-11e4-a52e-4f735466cecf":"f.0D8D1E8C4444AAF4F6CCCAD0803F9B10.d.83DABABCCBFA67F35F452BC2359F540E.e.5349","ELEMENT":"f.0D8D1E8C4444AAF4F6CCCAD0803F9B10.d.83DABABCCBFA67F35F452BC2359F540E.e.5349"}]}
RESULT: {"script":"<script> [56 bytes]","args":[{"element-6066-11e4-a52e-4f735466cecf":"f.0D8D1E8C4444AAF4F6CCCAD0803F9B10.d.83DABABCCBFA67F35F452BC2359F540E.e.5349","ELEMENT":"f.0D8D1E8C4444AAF4F6CCCAD0803F9B10.d.83DABABCCBFA67F35F452BC2359F540E.e.5349"}]}
COMMAND: POST /session/6f873cfbd9220f733b1c899e801fac9f/element - {"using":"css selector","value":"#shell-header-logo"}
RESULT: {"using":"css selector","value":"#shell-header-logo"}
COMMAND: POST /session/6f873cfbd9220f733b1c899e801fac9f/element/f.0D8D1E8C4444AAF4F6CCCAD0803F9B10.d.83DABABCCBFA67F35F452BC2359F540E.e.4608/click - {}
COMMAND: GET /session/6f873cfbd9220f733b1c899e801fac9f/screenshot - {}
RESULT: {}
COMMAND: GET /session/6f873cfbd9220f733b1c899e801fac9f/screenshot - {}
RESULT: {}
RESULT: {}
COMMAND: POST /session/6f873cfbd9220f733b1c899e801fac9f/execute/sync - {"script":"<script> [299 bytes]","args":[["getModel","getResource"]]}
RESULT: {"script":"<script> [299 bytes]","args":[["getModel","getResource"]]}
RESULT: undefined
COMMAND: POST /session/6f873cfbd9220f733b1c899e801fac9f/element - {"using":"xpath","value":"//*[@id=\"__tile30\"]"}
COMMAND: GET /session/6f873cfbd9220f733b1c899e801fac9f/screenshot - {}
RESULT: {"using":"xpath","value":"//*[@id=\"__tile30\"]"}
COMMAND: POST /session/6f873cfbd9220f733b1c899e801fac9f/element/f.0D8D1E8C4444AAF4F6CCCAD0803F9B10.d.83DABABCCBFA67F35F452BC2359F540E.e.4528/click - {}
RESULT: {}
RESULT: {}
COMMAND: POST /session/6f873cfbd9220f733b1c899e801fac9f/element - {"using":"xpath","value":"//button[@data-kt=\"addButton\"]"}
COMMAND: GET /session/6f873cfbd9220f733b1c899e801fac9f/screenshot - {}
RESULT: {"using":"xpath","value":"//button[@data-kt=\"addButton\"]"}
COMMAND: POST /session/6f873cfbd9220f733b1c899e801fac9f/elements - {"using":"xpath","value":"//button[@data-kt=\"addButton\"]"}
RESULT: {}
RESULT: {"using":"xpath","value":"//button[@data-kt=\"addButton\"]"}
COMMAND: POST /session/6f873cfbd9220f733b1c899e801fac9f/execute/sync - {"script":"<script> [8489 bytes]","args":[{"element-6066-11e4-a52e-4f735466cecf":"f.0D8D1E8C4444AAF4F6CCCAD0803F9B10.d.83DABABCCBFA67F35F452BC2359F540E.e.5396","ELEMENT":"f.0D8D1E8C4444AAF4F6CCCAD0803F9B10.d.83DABABCCBFA67F35F452BC2359F540E.e.5396"}]}
RESULT: {"script":"<script> [8489 bytes]","args":[{"element-6066-11e4-a52e-4f735466cecf":"f.0D8D1E8C4444AAF4F6CCCAD0803F9B10.d.83DABABCCBFA67F35F452BC2359F540E.e.5396","ELEMENT":"f.0D8D1E8C4444AAF4F6CCCAD0803F9B10.d.83DABABCCBFA67F35F452BC2359F540E.e.5396"}]}
COMMAND: GET /session/6f873cfbd9220f733b1c899e801fac9f/element/f.0D8D1E8C4444AAF4F6CCCAD0803F9B10.d.83DABABCCBFA67F35F452BC2359F540E.e.5396/enabled - {}
COMMAND: GET /session/6f873cfbd9220f733b1c899e801fac9f/screenshot - {}
RESULT: {}
COMMAND: POST /session/6f873cfbd9220f733b1c899e801fac9f/execute/sync - {"script":"<script> [8489 bytes]","args":[{"element-6066-11e4-a52e-4f735466cecf":"f.0D8D1E8C4444AAF4F6CCCAD0803F9B10.d.83DABABCCBFA67F35F452BC2359F540E.e.5396","ELEMENT":"f.0D8D1E8C4444AAF4F6CCCAD0803F9B10.d.83DABABCCBFA67F35F452BC2359F540E.e.5396"}]}
COMMAND: GET /session/6f873cfbd9220f733b1c899e801fac9f/screenshot - {}
RESULT: {}
RESULT: {"script":"<script> [8489 bytes]","args":[{"element-6066-11e4-a52e-4f735466cecf":"f.0D8D1E8C4444AAF4F6CCCAD0803F9B10.d.83DABABCCBFA67F35F452BC2359F540E.e.5396","ELEMENT":"f.0D8D1E8C4444AAF4F6CCCAD0803F9B10.d.83DABABCCBFA67F35F452BC2359F540E.e.5396"}]}
COMMAND: POST /session/6f873cfbd9220f733b1c899e801fac9f/execute/sync - {"script":"<script> [5351 bytes]","args":[{"element-6066-11e4-a52e-4f735466cecf":"f.0D8D1E8C4444AAF4F6CCCAD0803F9B10.d.83DABABCCBFA67F35F452BC2359F540E.e.5396","ELEMENT":"f.0D8D1E8C4444AAF4F6CCCAD0803F9B10.d.83DABABCCBFA67F35F452BC2359F540E.e.5396"}]}
COMMAND: GET /session/6f873cfbd9220f733b1c899e801fac9f/screenshot - {}
RESULT: {}
RESULT: {"script":"<script> [5351 bytes]","args":[{"element-6066-11e4-a52e-4f735466cecf":"f.0D8D1E8C4444AAF4F6CCCAD0803F9B10.d.83DABABCCBFA67F35F452BC2359F540E.e.5396","ELEMENT":"f.0D8D1E8C4444AAF4F6CCCAD0803F9B10.d.83DABABCCBFA67F35F452BC2359F540E.e.5396"}]}
COMMAND: GET /session/6f873cfbd9220f733b1c899e801fac9f/screenshot - {}
RESULT: {}
RESULT: {}
COMMAND: POST /session/6f873cfbd9220f733b1c899e801fac9f/execute/async - {"script":"<script> [1562 bytes]","args":[{"selector":{"id":"application-managepartners-display-component---masterPtm--smartFilterBar-btnBasicSearch","interaction":{"idSuffix":"I"}},"wdio_ui5_key":"applicationmanagepartners-display-component---masterPtm--smartFilterBar-btnBasicSearch"}]}
RESULT: {"script":"<script> [1562 bytes]","args":[{"selector":{"id":"application-managepartners-display-component---masterPtm--smartFilterBar-btnBasicSearch","interaction":{"idSuffix":"I"}},"wdio_ui5_key":"applicationmanagepartners-display-component---masterPtm--smartFilterBar-btnBasicSearch"}]}
RESULT: undefined
COMMAND: POST /session/6f873cfbd9220f733b1c899e801fac9f/execute/async - {"script":"<script> [776 bytes]","args":[{"enterText":"1127","selector":{"id":"application-managepartners-display-component---masterPtm--smartFilterBar-btnBasicSearch","interaction":{"idSuffix":"I"}},"clearTextFirst":true,"interactionType":"ENTER_TEXT"}]}
RESULT: {"script":"<script> [776 bytes]","args":[{"enterText":"1127","selector":{"id":"application-managepartners-display-component---masterPtm--smartFilterBar-btnBasicSearch","interaction":{"idSuffix":"I"}},"clearTextFirst":true,"interactionType":"ENTER_TEXT"}]}
COMMAND: POST /session/6f873cfbd9220f733b1c899e801fac9f/actions - {"actions":[{"id":"action15","type":"key","parameters":{},"actions":[{"type":"keyDown","value":"î€‡"},{"type":"pause","duration":10},{"type":"keyUp","value":"î€‡"}]}]}
RESULT: {"actions":[{"id":"action15","type":"key","parameters":{},"actions":[{"type":"keyDown","value":"î€‡"},{"type":"pause","duration":10},{"type":"keyUp","value":"î€‡"}]}]}
COMMAND: GET /session/6f873cfbd9220f733b1c899e801fac9f/screenshot - {}
RESULT: {}
COMMAND: POST /session/6f873cfbd9220f733b1c899e801fac9f/elements - {"using":"xpath","value":"//table[contains(@id, \"customPartnersTable-listUl\")]/tbody/tr"}
RESULT: {"using":"xpath","value":"//table[contains(@id, \"customPartnersTable-listUl\")]/tbody/tr"}
COMMAND: POST /session/6f873cfbd9220f733b1c899e801fac9f/element - {"using":"xpath","value":"//table[contains(@id, \"customPartnersTable-listUl\")]/tbody/tr[1]/td[3]/span"}
RESULT: {"using":"xpath","value":"//table[contains(@id, \"customPartnersTable-listUl\")]/tbody/tr[1]/td[3]/span"}
COMMAND: POST /session/6f873cfbd9220f733b1c899e801fac9f/elements - {"using":"xpath","value":"//table[contains(@id, \"customPartnersTable-listUl\")]/tbody/tr[1]/td[3]/span"}
RESULT: {"using":"xpath","value":"//table[contains(@id, \"customPartnersTable-listUl\")]/tbody/tr[1]/td[3]/span"}
COMMAND: POST /session/6f873cfbd9220f733b1c899e801fac9f/execute/sync - {"script":"<script> [56 bytes]","args":[{"element-6066-11e4-a52e-4f735466cecf":"f.0D8D1E8C4444AAF4F6CCCAD0803F9B10.d.83DABABCCBFA67F35F452BC2359F540E.e.5531","ELEMENT":"f.0D8D1E8C4444AAF4F6CCCAD0803F9B10.d.83DABABCCBFA67F35F452BC2359F540E.e.5531"}]}
RESULT: {"script":"<script> [56 bytes]","args":[{"element-6066-11e4-a52e-4f735466cecf":"f.0D8D1E8C4444AAF4F6CCCAD0803F9B10.d.83DABABCCBFA67F35F452BC2359F540E.e.5531","ELEMENT":"f.0D8D1E8C4444AAF4F6CCCAD0803F9B10.d.83DABABCCBFA67F35F452BC2359F540E.e.5531"}]}
COMMAND: POST /session/6f873cfbd9220f733b1c899e801fac9f/element - {"using":"xpath","value":"(//span[contains(@id, \"imgNav\")])[1]"}
COMMAND: GET /session/6f873cfbd9220f733b1c899e801fac9f/screenshot - {}
RESULT: {"using":"xpath","value":"(//span[contains(@id, \"imgNav\")])[1]"}
COMMAND: POST /session/6f873cfbd9220f733b1c899e801fac9f/element/f.0D8D1E8C4444AAF4F6CCCAD0803F9B10.d.83DABABCCBFA67F35F452BC2359F540E.e.5528/click - {}
RESULT: {}
RESULT: {}
COMMAND: GET /session/6f873cfbd9220f733b1c899e801fac9f/screenshot - {}
RESULT: {}
COMMAND: POST /session/6f873cfbd9220f733b1c899e801fac9f/element - {"using":"xpath","value":"//bdi[contains(text(), \"Edit\")]"}
RESULT: {"using":"xpath","value":"//bdi[contains(text(), \"Edit\")]"}
COMMAND: POST /session/6f873cfbd9220f733b1c899e801fac9f/element/f.0D8D1E8C4444AAF4F6CCCAD0803F9B10.d.83DABABCCBFA67F35F452BC2359F540E.e.5669/click - {}
RESULT: {}
COMMAND: GET /session/6f873cfbd9220f733b1c899e801fac9f/screenshot - {}
RESULT: {}
COMMAND: POST /session/6f873cfbd9220f733b1c899e801fac9f/execute/async - {"script":"<script> [1562 bytes]","args":[{"selector":{"controlType":"sap.m.Input","viewName":"etm.portal.ui.managepartners.view.EditDetail","labelFor":{"text":"Name"},"interaction":{"idSuffix":"inner"}},"wdio_ui5_key":"etmportal.ui.managepartners.view.EditDetailsap.m.Input{\"text\":\"Name\"}"}]}
RESULT: {"script":"<script> [1562 bytes]","args":[{"selector":{"controlType":"sap.m.Input","viewName":"etm.portal.ui.managepartners.view.EditDetail","labelFor":{"text":"Name"},"interaction":{"idSuffix":"inner"}},"wdio_ui5_key":"etmportal.ui.managepartners.view.EditDetailsap.m.Input{\"text\":\"Name\"}"}]}
RESULT: undefined
COMMAND: POST /session/6f873cfbd9220f733b1c899e801fac9f/execute/async - {"script":"<script> [776 bytes]","args":[{"enterText":"Intracompany EDIT","selector":{"controlType":"sap.m.Input","viewName":"etm.portal.ui.managepartners.view.EditDetail","labelFor":{"text":"Name"},"interaction":{"idSuffix":"inner"}},"clearTextFirst":true,"interactionType":"ENTER_TEXT"}]}
RESULT: {"script":"<script> [776 bytes]","args":[{"enterText":"Intracompany EDIT","selector":{"controlType":"sap.m.Input","viewName":"etm.portal.ui.managepartners.view.EditDetail","labelFor":{"text":"Name"},"interaction":{"idSuffix":"inner"}},"clearTextFirst":true,"interactionType":"ENTER_TEXT"}]}
COMMAND: POST /session/6f873cfbd9220f733b1c899e801fac9f/element - {"using":"xpath","value":"(//span[contains(@id,\"addressDetailDetailsLanguage-arrow\")])[1]"}
RESULT: {"using":"xpath","value":"(//span[contains(@id,\"addressDetailDetailsLanguage-arrow\")])[1]"}
COMMAND: POST /session/6f873cfbd9220f733b1c899e801fac9f/element/f.0D8D1E8C4444AAF4F6CCCAD0803F9B10.d.83DABABCCBFA67F35F452BC2359F540E.e.5751/click - {}
RESULT: {}
COMMAND: POST /session/6f873cfbd9220f733b1c899e801fac9f/element - {"using":"xpath","value":"//span[contains(text(), \"Chinese\")]"}
COMMAND: GET /session/6f873cfbd9220f733b1c899e801fac9f/screenshot - {}
RESULT: {"using":"xpath","value":"//span[contains(text(), \"Chinese\")]"}
COMMAND: POST /session/6f873cfbd9220f733b1c899e801fac9f/element/f.0D8D1E8C4444AAF4F6CCCAD0803F9B10.d.83DABABCCBFA67F35F452BC2359F540E.e.5752/click - {}
RESULT: {}
RESULT: {}
COMMAND: GET /session/6f873cfbd9220f733b1c899e801fac9f/screenshot - {}
RESULT: {}
COMMAND: POST /session/6f873cfbd9220f733b1c899e801fac9f/execute/async - {"script":"<script> [1562 bytes]","args":[{"selector":{"controlType":"sap.m.Input","viewName":"etm.portal.ui.managepartners.view.EditDetail","labelFor":{"text":"City"},"interaction":{"idSuffix":"inner"}},"wdio_ui5_key":"etmportal.ui.managepartners.view.EditDetailsap.m.Input{\"text\":\"City\"}"}]}
RESULT: {"script":"<script> [1562 bytes]","args":[{"selector":{"controlType":"sap.m.Input","viewName":"etm.portal.ui.managepartners.view.EditDetail","labelFor":{"text":"City"},"interaction":{"idSuffix":"inner"}},"wdio_ui5_key":"etmportal.ui.managepartners.view.EditDetailsap.m.Input{\"text\":\"City\"}"}]}
RESULT: undefined
COMMAND: POST /session/6f873cfbd9220f733b1c899e801fac9f/execute/async - {"script":"<script> [776 bytes]","args":[{"enterText":"Clooj-Napoca","selector":{"controlType":"sap.m.Input","viewName":"etm.portal.ui.managepartners.view.EditDetail","labelFor":{"text":"City"},"interaction":{"idSuffix":"inner"}},"clearTextFirst":true,"interactionType":"ENTER_TEXT"}]}
RESULT: {"script":"<script> [776 bytes]","args":[{"enterText":"Clooj-Napoca","selector":{"controlType":"sap.m.Input","viewName":"etm.portal.ui.managepartners.view.EditDetail","labelFor":{"text":"City"},"interaction":{"idSuffix":"inner"}},"clearTextFirst":true,"interactionType":"ENTER_TEXT"}]}
COMMAND: POST /session/6f873cfbd9220f733b1c899e801fac9f/element - {"using":"xpath","value":"//button[@data-kt=\"saveButton\"]"}
RESULT: {"using":"xpath","value":"//button[@data-kt=\"saveButton\"]"}
COMMAND: POST /session/6f873cfbd9220f733b1c899e801fac9f/element/f.0D8D1E8C4444AAF4F6CCCAD0803F9B10.d.83DABABCCBFA67F35F452BC2359F540E.e.5731/click - {}
RESULT: {}
COMMAND: GET /session/6f873cfbd9220f733b1c899e801fac9f/screenshot - {}
RESULT: {}
COMMAND: POST /session/6f873cfbd9220f733b1c899e801fac9f/execute/async - {"script":"<script> [1562 bytes]","args":[{"selector":{"id":"application-managepartners-display-component---detailPtm--addressDetailDetailsName1"},"wdio_ui5_key":"applicationmanagepartners-display-component---detailPtm--addressDetailDetailsName1"}]}
RESULT: {"script":"<script> [1562 bytes]","args":[{"selector":{"id":"application-managepartners-display-component---detailPtm--addressDetailDetailsName1"},"wdio_ui5_key":"applicationmanagepartners-display-component---detailPtm--addressDetailDetailsName1"}]}
RESULT: undefined
COMMAND: POST /session/6f873cfbd9220f733b1c899e801fac9f/execute/async - {"script":"<script> [6424 bytes]","args":[{"element-6066-11e4-a52e-4f735466cecf":"f.0D8D1E8C4444AAF4F6CCCAD0803F9B10.d.83DABABCCBFA67F35F452BC2359F540E.e.5783"},"getValue",[]]}
RESULT: {"script":"<script> [6424 bytes]","args":[{"element-6066-11e4-a52e-4f735466cecf":"f.0D8D1E8C4444AAF4F6CCCAD0803F9B10.d.83DABABCCBFA67F35F452BC2359F540E.e.5783"},"getValue",[]]}
COMMAND: POST /session/6f873cfbd9220f733b1c899e801fac9f/element - {"using":"xpath","value":"//input[@id = \"application-managepartners-display-component---detailPtm--addressDetailDetailsLanguage-inner\"]"}
RESULT: {"using":"xpath","value":"//input[@id = \"application-managepartners-display-component---detailPtm--addressDetailDetailsLanguage-inner\"]"}
COMMAND: GET /session/6f873cfbd9220f733b1c899e801fac9f/element/f.0D8D1E8C4444AAF4F6CCCAD0803F9B10.d.83DABABCCBFA67F35F452BC2359F540E.e.5784/property/value - {}
RESULT: {}
COMMAND: POST /session/6f873cfbd9220f733b1c899e801fac9f/execute/async - {"script":"<script> [1562 bytes]","args":[{"selector":{"id":"application-managepartners-display-component---detailPtm--addressDetailDetailsCity1"},"wdio_ui5_key":"applicationmanagepartners-display-component---detailPtm--addressDetailDetailsCity1"}]}
COMMAND: GET /session/6f873cfbd9220f733b1c899e801fac9f/screenshot - {}
RESULT: {"script":"<script> [1562 bytes]","args":[{"selector":{"id":"application-managepartners-display-component---detailPtm--addressDetailDetailsCity1"},"wdio_ui5_key":"applicationmanagepartners-display-component---detailPtm--addressDetailDetailsCity1"}]}
RESULT: undefined
COMMAND: POST /session/6f873cfbd9220f733b1c899e801fac9f/execute/async - {"script":"<script> [6424 bytes]","args":[{"element-6066-11e4-a52e-4f735466cecf":"f.0D8D1E8C4444AAF4F6CCCAD0803F9B10.d.83DABABCCBFA67F35F452BC2359F540E.e.5785"},"getValue",[]]}
RESULT: {}
RESULT: {"script":"<script> [6424 bytes]","args":[{"element-6066-11e4-a52e-4f735466cecf":"f.0D8D1E8C4444AAF4F6CCCAD0803F9B10.d.83DABABCCBFA67F35F452BC2359F540E.e.5785"},"getValue",[]]}
COMMAND: POST /session/6f873cfbd9220f733b1c899e801fac9f/element - {"using":"css selector","value":"#shell-header-logo"}
RESULT: {"using":"css selector","value":"#shell-header-logo"}
COMMAND: POST /session/6f873cfbd9220f733b1c899e801fac9f/element/f.0D8D1E8C4444AAF4F6CCCAD0803F9B10.d.83DABABCCBFA67F35F452BC2359F540E.e.5352/click - {}
RESULT: {}
COMMAND: GET /session/6f873cfbd9220f733b1c899e801fac9f/screenshot - {}
RESULT: {}
]]></system-out>
    </testcase>
    <testcase classname="chrome.136_0_7103_49.windows.Partner_specific_tests_US150819_US151080_US151654_US151176_US103444_US151078_US151079_US151109_US151174_US151175_US151189" name="Should do filtering and navigation tests US151109" time="146.972">
      <skipped />
      <system-out><![CDATA[
COMMAND: POST /session/6f873cfbd9220f733b1c899e801fac9f/element - {"using":"xpath","value":"//li[.//span[text()=\"Manage Partners\"]]"}
RESULT: {"using":"xpath","value":"//li[.//span[text()=\"Manage Partners\"]]"}
COMMAND: POST /session/6f873cfbd9220f733b1c899e801fac9f/element - {"using":"xpath","value":"//li[.//span[text()=\"Manage Partners\"]]"}
RESULT: {"using":"xpath","value":"//li[.//span[text()=\"Manage Partners\"]]"}
COMMAND: POST /session/6f873cfbd9220f733b1c899e801fac9f/element - {"using":"css selector","value":"#shell-header-logo"}
RESULT: {"using":"css selector","value":"#shell-header-logo"}
COMMAND: POST /session/6f873cfbd9220f733b1c899e801fac9f/element/f.0D8D1E8C4444AAF4F6CCCAD0803F9B10.d.83DABABCCBFA67F35F452BC2359F540E.e.5816/click - {}
COMMAND: POST /session/6f873cfbd9220f733b1c899e801fac9f/execute/sync - {"script":"<script> [8489 bytes]","args":[{"element-6066-11e4-a52e-4f735466cecf":"f.0D8D1E8C4444AAF4F6CCCAD0803F9B10.d.83DABABCCBFA67F35F452BC2359F540E.e.5816","ELEMENT":"f.0D8D1E8C4444AAF4F6CCCAD0803F9B10.d.83DABABCCBFA67F35F452BC2359F540E.e.5816"}]}
RESULT: {}
COMMAND: GET /session/6f873cfbd9220f733b1c899e801fac9f/screenshot - {}
RESULT: {"script":"<script> [8489 bytes]","args":[{"element-6066-11e4-a52e-4f735466cecf":"f.0D8D1E8C4444AAF4F6CCCAD0803F9B10.d.83DABABCCBFA67F35F452BC2359F540E.e.5816","ELEMENT":"f.0D8D1E8C4444AAF4F6CCCAD0803F9B10.d.83DABABCCBFA67F35F452BC2359F540E.e.5816"}]}
COMMAND: POST /session/6f873cfbd9220f733b1c899e801fac9f/execute/sync - {"script":"<script> [5351 bytes]","args":[{"element-6066-11e4-a52e-4f735466cecf":"f.0D8D1E8C4444AAF4F6CCCAD0803F9B10.d.83DABABCCBFA67F35F452BC2359F540E.e.5816","ELEMENT":"f.0D8D1E8C4444AAF4F6CCCAD0803F9B10.d.83DABABCCBFA67F35F452BC2359F540E.e.5816"}]}
COMMAND: GET /session/6f873cfbd9220f733b1c899e801fac9f/screenshot - {}
RESULT: {}
RESULT: {"script":"<script> [5351 bytes]","args":[{"element-6066-11e4-a52e-4f735466cecf":"f.0D8D1E8C4444AAF4F6CCCAD0803F9B10.d.83DABABCCBFA67F35F452BC2359F540E.e.5816","ELEMENT":"f.0D8D1E8C4444AAF4F6CCCAD0803F9B10.d.83DABABCCBFA67F35F452BC2359F540E.e.5816"}]}
COMMAND: GET /session/6f873cfbd9220f733b1c899e801fac9f/screenshot - {}
RESULT: {}
RESULT: {}
RESULT: undefined
COMMAND: POST /session/6f873cfbd9220f733b1c899e801fac9f/element - {"using":"xpath","value":"//*[@id=\"__tile30\"]"}
RESULT: {"using":"xpath","value":"//*[@id=\"__tile30\"]"}
COMMAND: POST /session/6f873cfbd9220f733b1c899e801fac9f/element/f.0D8D1E8C4444AAF4F6CCCAD0803F9B10.d.83DABABCCBFA67F35F452BC2359F540E.e.4528/click - {}
RESULT: {}
COMMAND: POST /session/6f873cfbd9220f733b1c899e801fac9f/element - {"using":"xpath","value":"//button[@data-kt=\"addButton\"]"}
COMMAND: GET /session/6f873cfbd9220f733b1c899e801fac9f/screenshot - {}
RESULT: {"using":"xpath","value":"//button[@data-kt=\"addButton\"]"}
COMMAND: POST /session/6f873cfbd9220f733b1c899e801fac9f/elements - {"using":"xpath","value":"//button[@data-kt=\"addButton\"]"}
RESULT: {}
RESULT: {"using":"xpath","value":"//button[@data-kt=\"addButton\"]"}
COMMAND: POST /session/6f873cfbd9220f733b1c899e801fac9f/execute/sync - {"script":"<script> [8489 bytes]","args":[{"element-6066-11e4-a52e-4f735466cecf":"f.0D8D1E8C4444AAF4F6CCCAD0803F9B10.d.83DABABCCBFA67F35F452BC2359F540E.e.5861","ELEMENT":"f.0D8D1E8C4444AAF4F6CCCAD0803F9B10.d.83DABABCCBFA67F35F452BC2359F540E.e.5861"}]}
RESULT: {"script":"<script> [8489 bytes]","args":[{"element-6066-11e4-a52e-4f735466cecf":"f.0D8D1E8C4444AAF4F6CCCAD0803F9B10.d.83DABABCCBFA67F35F452BC2359F540E.e.5861","ELEMENT":"f.0D8D1E8C4444AAF4F6CCCAD0803F9B10.d.83DABABCCBFA67F35F452BC2359F540E.e.5861"}]}
COMMAND: GET /session/6f873cfbd9220f733b1c899e801fac9f/element/f.0D8D1E8C4444AAF4F6CCCAD0803F9B10.d.83DABABCCBFA67F35F452BC2359F540E.e.5861/enabled - {}
COMMAND: GET /session/6f873cfbd9220f733b1c899e801fac9f/screenshot - {}
RESULT: {}
COMMAND: POST /session/6f873cfbd9220f733b1c899e801fac9f/execute/sync - {"script":"<script> [8489 bytes]","args":[{"element-6066-11e4-a52e-4f735466cecf":"f.0D8D1E8C4444AAF4F6CCCAD0803F9B10.d.83DABABCCBFA67F35F452BC2359F540E.e.5861","ELEMENT":"f.0D8D1E8C4444AAF4F6CCCAD0803F9B10.d.83DABABCCBFA67F35F452BC2359F540E.e.5861"}]}
COMMAND: GET /session/6f873cfbd9220f733b1c899e801fac9f/screenshot - {}
RESULT: {}
RESULT: {"script":"<script> [8489 bytes]","args":[{"element-6066-11e4-a52e-4f735466cecf":"f.0D8D1E8C4444AAF4F6CCCAD0803F9B10.d.83DABABCCBFA67F35F452BC2359F540E.e.5861","ELEMENT":"f.0D8D1E8C4444AAF4F6CCCAD0803F9B10.d.83DABABCCBFA67F35F452BC2359F540E.e.5861"}]}
COMMAND: POST /session/6f873cfbd9220f733b1c899e801fac9f/execute/sync - {"script":"<script> [5351 bytes]","args":[{"element-6066-11e4-a52e-4f735466cecf":"f.0D8D1E8C4444AAF4F6CCCAD0803F9B10.d.83DABABCCBFA67F35F452BC2359F540E.e.5861","ELEMENT":"f.0D8D1E8C4444AAF4F6CCCAD0803F9B10.d.83DABABCCBFA67F35F452BC2359F540E.e.5861"}]}
COMMAND: GET /session/6f873cfbd9220f733b1c899e801fac9f/screenshot - {}
RESULT: {}
RESULT: {"script":"<script> [5351 bytes]","args":[{"element-6066-11e4-a52e-4f735466cecf":"f.0D8D1E8C4444AAF4F6CCCAD0803F9B10.d.83DABABCCBFA67F35F452BC2359F540E.e.5861","ELEMENT":"f.0D8D1E8C4444AAF4F6CCCAD0803F9B10.d.83DABABCCBFA67F35F452BC2359F540E.e.5861"}]}
COMMAND: GET /session/6f873cfbd9220f733b1c899e801fac9f/screenshot - {}
RESULT: {}
RESULT: {}
COMMAND: POST /session/6f873cfbd9220f733b1c899e801fac9f/element - {"using":"xpath","value":"//span[@id=\"application-managepartners-display-component---masterPtm--smartTable-header-inner\"]"}
RESULT: {"using":"xpath","value":"//span[@id=\"application-managepartners-display-component---masterPtm--smartTable-header-inner\"]"}
COMMAND: POST /session/6f873cfbd9220f733b1c899e801fac9f/elements - {"using":"xpath","value":"//span[@id=\"application-managepartners-display-component---masterPtm--smartTable-header-inner\"]"}
RESULT: {"using":"xpath","value":"//span[@id=\"application-managepartners-display-component---masterPtm--smartTable-header-inner\"]"}
COMMAND: POST /session/6f873cfbd9220f733b1c899e801fac9f/execute/sync - {"script":"<script> [56 bytes]","args":[{"element-6066-11e4-a52e-4f735466cecf":"f.0D8D1E8C4444AAF4F6CCCAD0803F9B10.d.83DABABCCBFA67F35F452BC2359F540E.e.5985","ELEMENT":"f.0D8D1E8C4444AAF4F6CCCAD0803F9B10.d.83DABABCCBFA67F35F452BC2359F540E.e.5985"}]}
RESULT: {"script":"<script> [56 bytes]","args":[{"element-6066-11e4-a52e-4f735466cecf":"f.0D8D1E8C4444AAF4F6CCCAD0803F9B10.d.83DABABCCBFA67F35F452BC2359F540E.e.5985","ELEMENT":"f.0D8D1E8C4444AAF4F6CCCAD0803F9B10.d.83DABABCCBFA67F35F452BC2359F540E.e.5985"}]}
RESULT: undefined
COMMAND: POST /session/6f873cfbd9220f733b1c899e801fac9f/execute/async - {"script":"<script> [776 bytes]","args":[{"enterText":"External Partner WDIO","selector":{"id":"application-managepartners-display-component---masterPtm--smartFilterBar-btnBasicSearch","interaction":{"idSuffix":"I"}},"clearTextFirst":true,"interactionType":"ENTER_TEXT"}]}
COMMAND: GET /session/6f873cfbd9220f733b1c899e801fac9f/screenshot - {}
RESULT: {"script":"<script> [776 bytes]","args":[{"enterText":"External Partner WDIO","selector":{"id":"application-managepartners-display-component---masterPtm--smartFilterBar-btnBasicSearch","interaction":{"idSuffix":"I"}},"clearTextFirst":true,"interactionType":"ENTER_TEXT"}]}
RESULT: {}
COMMAND: POST /session/6f873cfbd9220f733b1c899e801fac9f/actions - {"actions":[{"id":"action16","type":"key","parameters":{},"actions":[{"type":"keyDown","value":"î€‡"},{"type":"pause","duration":10},{"type":"keyUp","value":"î€‡"}]}]}
RESULT: {"actions":[{"id":"action16","type":"key","parameters":{},"actions":[{"type":"keyDown","value":"î€‡"},{"type":"pause","duration":10},{"type":"keyUp","value":"î€‡"}]}]}
COMMAND: GET /session/6f873cfbd9220f733b1c899e801fac9f/screenshot - {}
RESULT: {}
COMMAND: POST /session/6f873cfbd9220f733b1c899e801fac9f/element - {"using":"xpath","value":"//span[@id=\"application-managepartners-display-component---masterPtm--smartTable-header-inner\"]"}
RESULT: {"using":"xpath","value":"//span[@id=\"application-managepartners-display-component---masterPtm--smartTable-header-inner\"]"}
COMMAND: POST /session/6f873cfbd9220f733b1c899e801fac9f/elements - {"using":"xpath","value":"//span[@id=\"application-managepartners-display-component---masterPtm--smartTable-header-inner\"]"}
RESULT: {"using":"xpath","value":"//span[@id=\"application-managepartners-display-component---masterPtm--smartTable-header-inner\"]"}
COMMAND: POST /session/6f873cfbd9220f733b1c899e801fac9f/execute/sync - {"script":"<script> [56 bytes]","args":[{"element-6066-11e4-a52e-4f735466cecf":"f.0D8D1E8C4444AAF4F6CCCAD0803F9B10.d.83DABABCCBFA67F35F452BC2359F540E.e.5985","ELEMENT":"f.0D8D1E8C4444AAF4F6CCCAD0803F9B10.d.83DABABCCBFA67F35F452BC2359F540E.e.5985"}]}
RESULT: {"script":"<script> [56 bytes]","args":[{"element-6066-11e4-a52e-4f735466cecf":"f.0D8D1E8C4444AAF4F6CCCAD0803F9B10.d.83DABABCCBFA67F35F452BC2359F540E.e.5985","ELEMENT":"f.0D8D1E8C4444AAF4F6CCCAD0803F9B10.d.83DABABCCBFA67F35F452BC2359F540E.e.5985"}]}
COMMAND: POST /session/6f873cfbd9220f733b1c899e801fac9f/element - {"using":"xpath","value":"//div[contains(@id, \"managepartners-display-component---masterPtm--smartFilterBar-btnBasicSearch-reset\")]"}
COMMAND: GET /session/6f873cfbd9220f733b1c899e801fac9f/screenshot - {}
RESULT: {"using":"xpath","value":"//div[contains(@id, \"managepartners-display-component---masterPtm--smartFilterBar-btnBasicSearch-reset\")]"}
COMMAND: POST /session/6f873cfbd9220f733b1c899e801fac9f/element/f.0D8D1E8C4444AAF4F6CCCAD0803F9B10.d.83DABABCCBFA67F35F452BC2359F540E.e.6068/click - {}
RESULT: {}
RESULT: {}
COMMAND: GET /session/6f873cfbd9220f733b1c899e801fac9f/screenshot - {}
RESULT: {}
COMMAND: POST /session/6f873cfbd9220f733b1c899e801fac9f/execute/async - {"script":"<script> [1562 bytes]","args":[{"selector":{"id":"application-managepartners-display-component---masterPtm--smartFilterBar-filterItemControl_BASIC-MAIN_ADDRESS-vhi"},"wdio_ui5_key":"applicationmanagepartners-display-component---masterPtm--smartFilterBar-filterItemControl_BASIC-MAIN_ADDRESS-vhi"}]}
RESULT: {"script":"<script> [1562 bytes]","args":[{"selector":{"id":"application-managepartners-display-component---masterPtm--smartFilterBar-filterItemControl_BASIC-MAIN_ADDRESS-vhi"},"wdio_ui5_key":"applicationmanagepartners-display-component---masterPtm--smartFilterBar-filterItemControl_BASIC-MAIN_ADDRESS-vhi"}]}
RESULT: undefined
COMMAND: POST /session/6f873cfbd9220f733b1c899e801fac9f/element - {"using":"xpath","value":"//*[@id=\"application-managepartners-display-component---masterPtm--smartFilterBar-filterItemControl_BASIC-MAIN_ADDRESS-vhi\"]"}
RESULT: {"using":"xpath","value":"//*[@id=\"application-managepartners-display-component---masterPtm--smartFilterBar-filterItemControl_BASIC-MAIN_ADDRESS-vhi\"]"}
COMMAND: POST /session/6f873cfbd9220f733b1c899e801fac9f/element/f.0D8D1E8C4444AAF4F6CCCAD0803F9B10.d.83DABABCCBFA67F35F452BC2359F540E.e.6142/click - {}
RESULT: {}
COMMAND: GET /session/6f873cfbd9220f733b1c899e801fac9f/screenshot - {}
RESULT: {}
COMMAND: POST /session/6f873cfbd9220f733b1c899e801fac9f/execute/async - {"script":"<script> [1562 bytes]","args":[{"selector":{"id":"application-managepartners-display-component---masterPtm--smartFilterBar-filterItemControl_BASIC-MAIN_ADDRESS-valueHelpDialog-smartFilterBar-btnBasicSearch","searchOpenDialogs":true,"interaction":{"idSuffix":"I"}},"wdio_ui5_key":"applicationmanagepartners-display-component---masterPtm--smartFilterBar-filterItemControl_BASIC-MAIN_ADDRESS-valueHelpDialog-smartFilterBar-btnBasicSearch"}]}
RESULT: {"script":"<script> [1562 bytes]","args":[{"selector":{"id":"application-managepartners-display-component---masterPtm--smartFilterBar-filterItemControl_BASIC-MAIN_ADDRESS-valueHelpDialog-smartFilterBar-btnBasicSearch","searchOpenDialogs":true,"interaction":{"idSuffix":"I"}},"wdio_ui5_key":"applicationmanagepartners-display-component---masterPtm--smartFilterBar-filterItemControl_BASIC-MAIN_ADDRESS-valueHelpDialog-smartFilterBar-btnBasicSearch"}]}
RESULT: undefined
COMMAND: POST /session/6f873cfbd9220f733b1c899e801fac9f/execute/async - {"script":"<script> [776 bytes]","args":[{"enterText":"Romania","selector":{"id":"application-managepartners-display-component---masterPtm--smartFilterBar-filterItemControl_BASIC-MAIN_ADDRESS-valueHelpDialog-smartFilterBar-btnBasicSearch","searchOpenDialogs":true,"interaction":{"idSuffix":"I"}},"clearTextFirst":true,"interactionType":"ENTER_TEXT"}]}
RESULT: {"script":"<script> [776 bytes]","args":[{"enterText":"Romania","selector":{"id":"application-managepartners-display-component---masterPtm--smartFilterBar-filterItemControl_BASIC-MAIN_ADDRESS-valueHelpDialog-smartFilterBar-btnBasicSearch","searchOpenDialogs":true,"interaction":{"idSuffix":"I"}},"clearTextFirst":true,"interactionType":"ENTER_TEXT"}]}
COMMAND: POST /session/6f873cfbd9220f733b1c899e801fac9f/actions - {"actions":[{"id":"action17","type":"key","parameters":{},"actions":[{"type":"keyDown","value":"î€‡"},{"type":"pause","duration":10},{"type":"keyUp","value":"î€‡"}]}]}
RESULT: {"actions":[{"id":"action17","type":"key","parameters":{},"actions":[{"type":"keyDown","value":"î€‡"},{"type":"pause","duration":10},{"type":"keyUp","value":"î€‡"}]}]}
COMMAND: POST /session/6f873cfbd9220f733b1c899e801fac9f/elements - {"using":"xpath","value":"//table[contains(@id, \"smartFilterBar-filterItemControl_BASIC-MAIN_ADDRESS-valueHelpDialog-table-table\")]/tbody/tr"}
COMMAND: GET /session/6f873cfbd9220f733b1c899e801fac9f/screenshot - {}
RESULT: {"using":"xpath","value":"//table[contains(@id, \"smartFilterBar-filterItemControl_BASIC-MAIN_ADDRESS-valueHelpDialog-table-table\")]/tbody/tr"}
COMMAND: POST /session/6f873cfbd9220f733b1c899e801fac9f/element - {"using":"xpath","value":"//table[contains(@id, \"smartFilterBar-filterItemControl_BASIC-MAIN_ADDRESS-valueHelpDialog-table-table\")]/tbody/tr[1]/td[1]/div/span"}
RESULT: {}
RESULT: {"using":"xpath","value":"//table[contains(@id, \"smartFilterBar-filterItemControl_BASIC-MAIN_ADDRESS-valueHelpDialog-table-table\")]/tbody/tr[1]/td[1]/div/span"}
COMMAND: POST /session/6f873cfbd9220f733b1c899e801fac9f/elements - {"using":"xpath","value":"//table[contains(@id, \"smartFilterBar-filterItemControl_BASIC-MAIN_ADDRESS-valueHelpDialog-table-table\")]/tbody/tr[1]/td[1]/div/span"}
RESULT: {"using":"xpath","value":"//table[contains(@id, \"smartFilterBar-filterItemControl_BASIC-MAIN_ADDRESS-valueHelpDialog-table-table\")]/tbody/tr[1]/td[1]/div/span"}
COMMAND: POST /session/6f873cfbd9220f733b1c899e801fac9f/execute/sync - {"script":"<script> [56 bytes]","args":[{"element-6066-11e4-a52e-4f735466cecf":"f.0D8D1E8C4444AAF4F6CCCAD0803F9B10.d.83DABABCCBFA67F35F452BC2359F540E.e.6164","ELEMENT":"f.0D8D1E8C4444AAF4F6CCCAD0803F9B10.d.83DABABCCBFA67F35F452BC2359F540E.e.6164"}]}
RESULT: {"script":"<script> [56 bytes]","args":[{"element-6066-11e4-a52e-4f735466cecf":"f.0D8D1E8C4444AAF4F6CCCAD0803F9B10.d.83DABABCCBFA67F35F452BC2359F540E.e.6164","ELEMENT":"f.0D8D1E8C4444AAF4F6CCCAD0803F9B10.d.83DABABCCBFA67F35F452BC2359F540E.e.6164"}]}
COMMAND: POST /session/6f873cfbd9220f733b1c899e801fac9f/element - {"using":"xpath","value":"//div[contains(@id, \"filterItemControl_BASIC-MAIN_ADDRESS-valueHelpDialog-table-rowsel0\")]"}
COMMAND: GET /session/6f873cfbd9220f733b1c899e801fac9f/screenshot - {}
RESULT: {"using":"xpath","value":"//div[contains(@id, \"filterItemControl_BASIC-MAIN_ADDRESS-valueHelpDialog-table-rowsel0\")]"}
COMMAND: POST /session/6f873cfbd9220f733b1c899e801fac9f/element/f.0D8D1E8C4444AAF4F6CCCAD0803F9B10.d.83DABABCCBFA67F35F452BC2359F540E.e.6165/click - {}
RESULT: {}
RESULT: {}
COMMAND: GET /session/6f873cfbd9220f733b1c899e801fac9f/screenshot - {}
RESULT: {}
COMMAND: POST /session/6f873cfbd9220f733b1c899e801fac9f/element - {"using":"xpath","value":"(//bdi[contains(text(), \"OK\")])[1]"}
RESULT: {"using":"xpath","value":"(//bdi[contains(text(), \"OK\")])[1]"}
COMMAND: POST /session/6f873cfbd9220f733b1c899e801fac9f/element/f.0D8D1E8C4444AAF4F6CCCAD0803F9B10.d.83DABABCCBFA67F35F452BC2359F540E.e.6167/click - {}
RESULT: {}
COMMAND: GET /session/6f873cfbd9220f733b1c899e801fac9f/screenshot - {}
RESULT: {}
COMMAND: POST /session/6f873cfbd9220f733b1c899e801fac9f/element - {"using":"xpath","value":"//span[@id=\"application-managepartners-display-component---masterPtm--smartTable-header-inner\"]"}
RESULT: {"using":"xpath","value":"//span[@id=\"application-managepartners-display-component---masterPtm--smartTable-header-inner\"]"}
COMMAND: POST /session/6f873cfbd9220f733b1c899e801fac9f/elements - {"using":"xpath","value":"//span[@id=\"application-managepartners-display-component---masterPtm--smartTable-header-inner\"]"}
RESULT: {"using":"xpath","value":"//span[@id=\"application-managepartners-display-component---masterPtm--smartTable-header-inner\"]"}
COMMAND: POST /session/6f873cfbd9220f733b1c899e801fac9f/execute/sync - {"script":"<script> [56 bytes]","args":[{"element-6066-11e4-a52e-4f735466cecf":"f.0D8D1E8C4444AAF4F6CCCAD0803F9B10.d.83DABABCCBFA67F35F452BC2359F540E.e.5985","ELEMENT":"f.0D8D1E8C4444AAF4F6CCCAD0803F9B10.d.83DABABCCBFA67F35F452BC2359F540E.e.5985"}]}
RESULT: {"script":"<script> [56 bytes]","args":[{"element-6066-11e4-a52e-4f735466cecf":"f.0D8D1E8C4444AAF4F6CCCAD0803F9B10.d.83DABABCCBFA67F35F452BC2359F540E.e.5985","ELEMENT":"f.0D8D1E8C4444AAF4F6CCCAD0803F9B10.d.83DABABCCBFA67F35F452BC2359F540E.e.5985"}]}
COMMAND: POST /session/6f873cfbd9220f733b1c899e801fac9f/element - {"using":"xpath","value":"//span[contains(@title, \"Remove\")]"}
COMMAND: GET /session/6f873cfbd9220f733b1c899e801fac9f/screenshot - {}
RESULT: {"using":"xpath","value":"//span[contains(@title, \"Remove\")]"}
COMMAND: POST /session/6f873cfbd9220f733b1c899e801fac9f/element/f.0D8D1E8C4444AAF4F6CCCAD0803F9B10.d.83DABABCCBFA67F35F452BC2359F540E.e.6180/click - {}
RESULT: {}
RESULT: {}
COMMAND: GET /session/6f873cfbd9220f733b1c899e801fac9f/screenshot - {}
RESULT: {}
COMMAND: POST /session/6f873cfbd9220f733b1c899e801fac9f/element - {"using":"xpath","value":"//span[@id=\"application-managepartners-display-component---masterPtm--smartTable-header-inner\"]"}
RESULT: {"using":"xpath","value":"//span[@id=\"application-managepartners-display-component---masterPtm--smartTable-header-inner\"]"}
COMMAND: POST /session/6f873cfbd9220f733b1c899e801fac9f/elements - {"using":"xpath","value":"//span[@id=\"application-managepartners-display-component---masterPtm--smartTable-header-inner\"]"}
RESULT: {"using":"xpath","value":"//span[@id=\"application-managepartners-display-component---masterPtm--smartTable-header-inner\"]"}
COMMAND: POST /session/6f873cfbd9220f733b1c899e801fac9f/execute/sync - {"script":"<script> [56 bytes]","args":[{"element-6066-11e4-a52e-4f735466cecf":"f.0D8D1E8C4444AAF4F6CCCAD0803F9B10.d.83DABABCCBFA67F35F452BC2359F540E.e.5985","ELEMENT":"f.0D8D1E8C4444AAF4F6CCCAD0803F9B10.d.83DABABCCBFA67F35F452BC2359F540E.e.5985"}]}
RESULT: {"script":"<script> [56 bytes]","args":[{"element-6066-11e4-a52e-4f735466cecf":"f.0D8D1E8C4444AAF4F6CCCAD0803F9B10.d.83DABABCCBFA67F35F452BC2359F540E.e.5985","ELEMENT":"f.0D8D1E8C4444AAF4F6CCCAD0803F9B10.d.83DABABCCBFA67F35F452BC2359F540E.e.5985"}]}
COMMAND: POST /session/6f873cfbd9220f733b1c899e801fac9f/execute/async - {"script":"<script> [1562 bytes]","args":[{"selector":{"id":"application-managepartners-display-component---masterPtm--smartFilterBar-filterItemControl_BASIC-YARD-vhi"},"wdio_ui5_key":"applicationmanagepartners-display-component---masterPtm--smartFilterBar-filterItemControl_BASIC-YARD-vhi"}]}
COMMAND: GET /session/6f873cfbd9220f733b1c899e801fac9f/screenshot - {}
RESULT: {"script":"<script> [1562 bytes]","args":[{"selector":{"id":"application-managepartners-display-component---masterPtm--smartFilterBar-filterItemControl_BASIC-YARD-vhi"},"wdio_ui5_key":"applicationmanagepartners-display-component---masterPtm--smartFilterBar-filterItemControl_BASIC-YARD-vhi"}]}
RESULT: undefined
COMMAND: POST /session/6f873cfbd9220f733b1c899e801fac9f/element - {"using":"xpath","value":"//*[@id=\"application-managepartners-display-component---masterPtm--smartFilterBar-filterItemControl_BASIC-YARD-vhi\"]"}
RESULT: {}
RESULT: {"using":"xpath","value":"//*[@id=\"application-managepartners-display-component---masterPtm--smartFilterBar-filterItemControl_BASIC-YARD-vhi\"]"}
COMMAND: POST /session/6f873cfbd9220f733b1c899e801fac9f/element/f.0D8D1E8C4444AAF4F6CCCAD0803F9B10.d.83DABABCCBFA67F35F452BC2359F540E.e.6282/click - {}
RESULT: {}
COMMAND: GET /session/6f873cfbd9220f733b1c899e801fac9f/screenshot - {}
RESULT: {}
COMMAND: POST /session/6f873cfbd9220f733b1c899e801fac9f/execute/async - {"script":"<script> [1562 bytes]","args":[{"selector":{"id":"application-managepartners-display-component---masterPtm--smartFilterBar-filterItemControl_BASIC-YARD-valueHelpDialog-smartFilterBar-btnBasicSearch","searchOpenDialogs":true,"interaction":{"idSuffix":"I"}},"wdio_ui5_key":"applicationmanagepartners-display-component---masterPtm--smartFilterBar-filterItemControl_BASIC-YARD-valueHelpDialog-smartFilterBar-btnBasicSearch"}]}
RESULT: {"script":"<script> [1562 bytes]","args":[{"selector":{"id":"application-managepartners-display-component---masterPtm--smartFilterBar-filterItemControl_BASIC-YARD-valueHelpDialog-smartFilterBar-btnBasicSearch","searchOpenDialogs":true,"interaction":{"idSuffix":"I"}},"wdio_ui5_key":"applicationmanagepartners-display-component---masterPtm--smartFilterBar-filterItemControl_BASIC-YARD-valueHelpDialog-smartFilterBar-btnBasicSearch"}]}
RESULT: undefined
COMMAND: POST /session/6f873cfbd9220f733b1c899e801fac9f/execute/async - {"script":"<script> [776 bytes]","args":[{"enterText":"Test","selector":{"id":"application-managepartners-display-component---masterPtm--smartFilterBar-filterItemControl_BASIC-YARD-valueHelpDialog-smartFilterBar-btnBasicSearch","searchOpenDialogs":true,"interaction":{"idSuffix":"I"}},"clearTextFirst":true,"interactionType":"ENTER_TEXT"}]}
RESULT: {"script":"<script> [776 bytes]","args":[{"enterText":"Test","selector":{"id":"application-managepartners-display-component---masterPtm--smartFilterBar-filterItemControl_BASIC-YARD-valueHelpDialog-smartFilterBar-btnBasicSearch","searchOpenDialogs":true,"interaction":{"idSuffix":"I"}},"clearTextFirst":true,"interactionType":"ENTER_TEXT"}]}
COMMAND: POST /session/6f873cfbd9220f733b1c899e801fac9f/actions - {"actions":[{"id":"action18","type":"key","parameters":{},"actions":[{"type":"keyDown","value":"î€‡"},{"type":"pause","duration":10},{"type":"keyUp","value":"î€‡"}]}]}
RESULT: {"actions":[{"id":"action18","type":"key","parameters":{},"actions":[{"type":"keyDown","value":"î€‡"},{"type":"pause","duration":10},{"type":"keyUp","value":"î€‡"}]}]}
COMMAND: POST /session/6f873cfbd9220f733b1c899e801fac9f/elements - {"using":"xpath","value":"//table[contains(@id, \"smartFilterBar-filterItemControl_BASIC-YARD-valueHelpDialog-table-table\")]/tbody/tr"}
COMMAND: GET /session/6f873cfbd9220f733b1c899e801fac9f/screenshot - {}
RESULT: {"using":"xpath","value":"//table[contains(@id, \"smartFilterBar-filterItemControl_BASIC-YARD-valueHelpDialog-table-table\")]/tbody/tr"}
COMMAND: POST /session/6f873cfbd9220f733b1c899e801fac9f/element - {"using":"xpath","value":"//table[contains(@id, \"smartFilterBar-filterItemControl_BASIC-YARD-valueHelpDialog-table-table\")]/tbody/tr[1]/td[1]/div/span"}
RESULT: {}
RESULT: {"using":"xpath","value":"//table[contains(@id, \"smartFilterBar-filterItemControl_BASIC-YARD-valueHelpDialog-table-table\")]/tbody/tr[1]/td[1]/div/span"}
COMMAND: POST /session/6f873cfbd9220f733b1c899e801fac9f/elements - {"using":"xpath","value":"//table[contains(@id, \"smartFilterBar-filterItemControl_BASIC-YARD-valueHelpDialog-table-table\")]/tbody/tr[1]/td[1]/div/span"}
RESULT: {"using":"xpath","value":"//table[contains(@id, \"smartFilterBar-filterItemControl_BASIC-YARD-valueHelpDialog-table-table\")]/tbody/tr[1]/td[1]/div/span"}
COMMAND: POST /session/6f873cfbd9220f733b1c899e801fac9f/execute/sync - {"script":"<script> [56 bytes]","args":[{"element-6066-11e4-a52e-4f735466cecf":"f.0D8D1E8C4444AAF4F6CCCAD0803F9B10.d.83DABABCCBFA67F35F452BC2359F540E.e.6303","ELEMENT":"f.0D8D1E8C4444AAF4F6CCCAD0803F9B10.d.83DABABCCBFA67F35F452BC2359F540E.e.6303"}]}
RESULT: {"script":"<script> [56 bytes]","args":[{"element-6066-11e4-a52e-4f735466cecf":"f.0D8D1E8C4444AAF4F6CCCAD0803F9B10.d.83DABABCCBFA67F35F452BC2359F540E.e.6303","ELEMENT":"f.0D8D1E8C4444AAF4F6CCCAD0803F9B10.d.83DABABCCBFA67F35F452BC2359F540E.e.6303"}]}
COMMAND: POST /session/6f873cfbd9220f733b1c899e801fac9f/element - {"using":"xpath","value":"//table[contains(@id, \"smartFilterBar-filterItemControl_BASIC-YARD-valueHelpDialog-table-table\")]/tbody/tr[2]/td[1]/div/span"}
COMMAND: GET /session/6f873cfbd9220f733b1c899e801fac9f/screenshot - {}
RESULT: {"using":"xpath","value":"//table[contains(@id, \"smartFilterBar-filterItemControl_BASIC-YARD-valueHelpDialog-table-table\")]/tbody/tr[2]/td[1]/div/span"}
COMMAND: POST /session/6f873cfbd9220f733b1c899e801fac9f/elements - {"using":"xpath","value":"//table[contains(@id, \"smartFilterBar-filterItemControl_BASIC-YARD-valueHelpDialog-table-table\")]/tbody/tr[2]/td[1]/div/span"}
RESULT: {}
RESULT: {"using":"xpath","value":"//table[contains(@id, \"smartFilterBar-filterItemControl_BASIC-YARD-valueHelpDialog-table-table\")]/tbody/tr[2]/td[1]/div/span"}
COMMAND: POST /session/6f873cfbd9220f733b1c899e801fac9f/execute/sync - {"script":"<script> [56 bytes]","args":[{"element-6066-11e4-a52e-4f735466cecf":"f.0D8D1E8C4444AAF4F6CCCAD0803F9B10.d.83DABABCCBFA67F35F452BC2359F540E.e.6304","ELEMENT":"f.0D8D1E8C4444AAF4F6CCCAD0803F9B10.d.83DABABCCBFA67F35F452BC2359F540E.e.6304"}]}
RESULT: {"script":"<script> [56 bytes]","args":[{"element-6066-11e4-a52e-4f735466cecf":"f.0D8D1E8C4444AAF4F6CCCAD0803F9B10.d.83DABABCCBFA67F35F452BC2359F540E.e.6304","ELEMENT":"f.0D8D1E8C4444AAF4F6CCCAD0803F9B10.d.83DABABCCBFA67F35F452BC2359F540E.e.6304"}]}
COMMAND: POST /session/6f873cfbd9220f733b1c899e801fac9f/element - {"using":"xpath","value":"//table[contains(@id, \"smartFilterBar-filterItemControl_BASIC-YARD-valueHelpDialog-table-table\")]/tbody/tr[3]/td[1]/div/span"}
COMMAND: GET /session/6f873cfbd9220f733b1c899e801fac9f/screenshot - {}
RESULT: {"using":"xpath","value":"//table[contains(@id, \"smartFilterBar-filterItemControl_BASIC-YARD-valueHelpDialog-table-table\")]/tbody/tr[3]/td[1]/div/span"}
COMMAND: POST /session/6f873cfbd9220f733b1c899e801fac9f/elements - {"using":"xpath","value":"//table[contains(@id, \"smartFilterBar-filterItemControl_BASIC-YARD-valueHelpDialog-table-table\")]/tbody/tr[3]/td[1]/div/span"}
RESULT: {}
RESULT: {"using":"xpath","value":"//table[contains(@id, \"smartFilterBar-filterItemControl_BASIC-YARD-valueHelpDialog-table-table\")]/tbody/tr[3]/td[1]/div/span"}
COMMAND: POST /session/6f873cfbd9220f733b1c899e801fac9f/execute/sync - {"script":"<script> [56 bytes]","args":[{"element-6066-11e4-a52e-4f735466cecf":"f.0D8D1E8C4444AAF4F6CCCAD0803F9B10.d.83DABABCCBFA67F35F452BC2359F540E.e.6305","ELEMENT":"f.0D8D1E8C4444AAF4F6CCCAD0803F9B10.d.83DABABCCBFA67F35F452BC2359F540E.e.6305"}]}
RESULT: {"script":"<script> [56 bytes]","args":[{"element-6066-11e4-a52e-4f735466cecf":"f.0D8D1E8C4444AAF4F6CCCAD0803F9B10.d.83DABABCCBFA67F35F452BC2359F540E.e.6305","ELEMENT":"f.0D8D1E8C4444AAF4F6CCCAD0803F9B10.d.83DABABCCBFA67F35F452BC2359F540E.e.6305"}]}
COMMAND: POST /session/6f873cfbd9220f733b1c899e801fac9f/element - {"using":"xpath","value":"//div[contains(@id, \"filterItemControl_BASIC-YARD-valueHelpDialog-table-rowsel2\")]"}
COMMAND: GET /session/6f873cfbd9220f733b1c899e801fac9f/screenshot - {}
RESULT: {"using":"xpath","value":"//div[contains(@id, \"filterItemControl_BASIC-YARD-valueHelpDialog-table-rowsel2\")]"}
COMMAND: POST /session/6f873cfbd9220f733b1c899e801fac9f/element/f.0D8D1E8C4444AAF4F6CCCAD0803F9B10.d.83DABABCCBFA67F35F452BC2359F540E.e.6306/click - {}
RESULT: {}
RESULT: {}
COMMAND: GET /session/6f873cfbd9220f733b1c899e801fac9f/screenshot - {}
RESULT: {}
COMMAND: POST /session/6f873cfbd9220f733b1c899e801fac9f/element - {"using":"xpath","value":"(//bdi[contains(text(), \"OK\")])[1]"}
RESULT: {"using":"xpath","value":"(//bdi[contains(text(), \"OK\")])[1]"}
COMMAND: POST /session/6f873cfbd9220f733b1c899e801fac9f/element/f.0D8D1E8C4444AAF4F6CCCAD0803F9B10.d.83DABABCCBFA67F35F452BC2359F540E.e.6308/click - {}
RESULT: {}
COMMAND: GET /session/6f873cfbd9220f733b1c899e801fac9f/screenshot - {}
RESULT: {}
COMMAND: POST /session/6f873cfbd9220f733b1c899e801fac9f/element - {"using":"xpath","value":"//span[@id=\"application-managepartners-display-component---masterPtm--smartTable-header-inner\"]"}
RESULT: {"using":"xpath","value":"//span[@id=\"application-managepartners-display-component---masterPtm--smartTable-header-inner\"]"}
COMMAND: POST /session/6f873cfbd9220f733b1c899e801fac9f/elements - {"using":"xpath","value":"//span[@id=\"application-managepartners-display-component---masterPtm--smartTable-header-inner\"]"}
RESULT: {"using":"xpath","value":"//span[@id=\"application-managepartners-display-component---masterPtm--smartTable-header-inner\"]"}
COMMAND: POST /session/6f873cfbd9220f733b1c899e801fac9f/execute/sync - {"script":"<script> [56 bytes]","args":[{"element-6066-11e4-a52e-4f735466cecf":"f.0D8D1E8C4444AAF4F6CCCAD0803F9B10.d.83DABABCCBFA67F35F452BC2359F540E.e.5985","ELEMENT":"f.0D8D1E8C4444AAF4F6CCCAD0803F9B10.d.83DABABCCBFA67F35F452BC2359F540E.e.5985"}]}
RESULT: {"script":"<script> [56 bytes]","args":[{"element-6066-11e4-a52e-4f735466cecf":"f.0D8D1E8C4444AAF4F6CCCAD0803F9B10.d.83DABABCCBFA67F35F452BC2359F540E.e.5985","ELEMENT":"f.0D8D1E8C4444AAF4F6CCCAD0803F9B10.d.83DABABCCBFA67F35F452BC2359F540E.e.5985"}]}
COMMAND: POST /session/6f873cfbd9220f733b1c899e801fac9f/element - {"using":"xpath","value":"//span[contains(@title, \"Remove\")]"}
COMMAND: GET /session/6f873cfbd9220f733b1c899e801fac9f/screenshot - {}
RESULT: {"using":"xpath","value":"//span[contains(@title, \"Remove\")]"}
COMMAND: POST /session/6f873cfbd9220f733b1c899e801fac9f/element/f.0D8D1E8C4444AAF4F6CCCAD0803F9B10.d.83DABABCCBFA67F35F452BC2359F540E.e.6321/click - {}
RESULT: {}
RESULT: {}
COMMAND: GET /session/6f873cfbd9220f733b1c899e801fac9f/screenshot - {}
RESULT: {}
COMMAND: POST /session/6f873cfbd9220f733b1c899e801fac9f/element - {"using":"xpath","value":"//span[@id=\"application-managepartners-display-component---masterPtm--smartTable-header-inner\"]"}
RESULT: {"using":"xpath","value":"//span[@id=\"application-managepartners-display-component---masterPtm--smartTable-header-inner\"]"}
COMMAND: POST /session/6f873cfbd9220f733b1c899e801fac9f/elements - {"using":"xpath","value":"//span[@id=\"application-managepartners-display-component---masterPtm--smartTable-header-inner\"]"}
RESULT: {"using":"xpath","value":"//span[@id=\"application-managepartners-display-component---masterPtm--smartTable-header-inner\"]"}
COMMAND: POST /session/6f873cfbd9220f733b1c899e801fac9f/execute/sync - {"script":"<script> [56 bytes]","args":[{"element-6066-11e4-a52e-4f735466cecf":"f.0D8D1E8C4444AAF4F6CCCAD0803F9B10.d.83DABABCCBFA67F35F452BC2359F540E.e.5985","ELEMENT":"f.0D8D1E8C4444AAF4F6CCCAD0803F9B10.d.83DABABCCBFA67F35F452BC2359F540E.e.5985"}]}
RESULT: {"script":"<script> [56 bytes]","args":[{"element-6066-11e4-a52e-4f735466cecf":"f.0D8D1E8C4444AAF4F6CCCAD0803F9B10.d.83DABABCCBFA67F35F452BC2359F540E.e.5985","ELEMENT":"f.0D8D1E8C4444AAF4F6CCCAD0803F9B10.d.83DABABCCBFA67F35F452BC2359F540E.e.5985"}]}
COMMAND: POST /session/6f873cfbd9220f733b1c899e801fac9f/execute/async - {"script":"<script> [1562 bytes]","args":[{"selector":{"id":"application-managepartners-display-component---masterPtm--smartFilterBar-filterItemControl_BASIC-ALL_TAGS-vhi"},"wdio_ui5_key":"applicationmanagepartners-display-component---masterPtm--smartFilterBar-filterItemControl_BASIC-ALL_TAGS-vhi"}]}
COMMAND: GET /session/6f873cfbd9220f733b1c899e801fac9f/screenshot - {}
RESULT: {"script":"<script> [1562 bytes]","args":[{"selector":{"id":"application-managepartners-display-component---masterPtm--smartFilterBar-filterItemControl_BASIC-ALL_TAGS-vhi"},"wdio_ui5_key":"applicationmanagepartners-display-component---masterPtm--smartFilterBar-filterItemControl_BASIC-ALL_TAGS-vhi"}]}
RESULT: undefined
COMMAND: POST /session/6f873cfbd9220f733b1c899e801fac9f/element - {"using":"xpath","value":"//*[@id=\"application-managepartners-display-component---masterPtm--smartFilterBar-filterItemControl_BASIC-ALL_TAGS-vhi\"]"}
RESULT: {}
RESULT: {"using":"xpath","value":"//*[@id=\"application-managepartners-display-component---masterPtm--smartFilterBar-filterItemControl_BASIC-ALL_TAGS-vhi\"]"}
COMMAND: POST /session/6f873cfbd9220f733b1c899e801fac9f/element/f.0D8D1E8C4444AAF4F6CCCAD0803F9B10.d.83DABABCCBFA67F35F452BC2359F540E.e.6425/click - {}
RESULT: {}
COMMAND: GET /session/6f873cfbd9220f733b1c899e801fac9f/screenshot - {}
RESULT: {}
COMMAND: POST /session/6f873cfbd9220f733b1c899e801fac9f/execute/async - {"script":"<script> [1562 bytes]","args":[{"selector":{"id":"application-managepartners-display-component---masterPtm--smartFilterBar-filterItemControl_BASIC-ALL_TAGS-valueHelpDialog-smartFilterBar-btnBasicSearch","searchOpenDialogs":true,"interaction":{"idSuffix":"I"}},"wdio_ui5_key":"applicationmanagepartners-display-component---masterPtm--smartFilterBar-filterItemControl_BASIC-ALL_TAGS-valueHelpDialog-smartFilterBar-btnBasicSearch"}]}
RESULT: {"script":"<script> [1562 bytes]","args":[{"selector":{"id":"application-managepartners-display-component---masterPtm--smartFilterBar-filterItemControl_BASIC-ALL_TAGS-valueHelpDialog-smartFilterBar-btnBasicSearch","searchOpenDialogs":true,"interaction":{"idSuffix":"I"}},"wdio_ui5_key":"applicationmanagepartners-display-component---masterPtm--smartFilterBar-filterItemControl_BASIC-ALL_TAGS-valueHelpDialog-smartFilterBar-btnBasicSearch"}]}
RESULT: undefined
COMMAND: POST /session/6f873cfbd9220f733b1c899e801fac9f/execute/async - {"script":"<script> [776 bytes]","args":[{"enterText":"test-tag-1","selector":{"id":"application-managepartners-display-component---masterPtm--smartFilterBar-filterItemControl_BASIC-ALL_TAGS-valueHelpDialog-smartFilterBar-btnBasicSearch","searchOpenDialogs":true,"interaction":{"idSuffix":"I"}},"clearTextFirst":true,"interactionType":"ENTER_TEXT"}]}
RESULT: {"script":"<script> [776 bytes]","args":[{"enterText":"test-tag-1","selector":{"id":"application-managepartners-display-component---masterPtm--smartFilterBar-filterItemControl_BASIC-ALL_TAGS-valueHelpDialog-smartFilterBar-btnBasicSearch","searchOpenDialogs":true,"interaction":{"idSuffix":"I"}},"clearTextFirst":true,"interactionType":"ENTER_TEXT"}]}
COMMAND: POST /session/6f873cfbd9220f733b1c899e801fac9f/actions - {"actions":[{"id":"action19","type":"key","parameters":{},"actions":[{"type":"keyDown","value":"î€‡"},{"type":"pause","duration":10},{"type":"keyUp","value":"î€‡"}]}]}
RESULT: {"actions":[{"id":"action19","type":"key","parameters":{},"actions":[{"type":"keyDown","value":"î€‡"},{"type":"pause","duration":10},{"type":"keyUp","value":"î€‡"}]}]}
COMMAND: POST /session/6f873cfbd9220f733b1c899e801fac9f/elements - {"using":"xpath","value":"//table[contains(@id, \"smartFilterBar-filterItemControl_BASIC-ALL_TAGS-valueHelpDialog-table-table\")]/tbody/tr"}
COMMAND: GET /session/6f873cfbd9220f733b1c899e801fac9f/screenshot - {}
RESULT: {"using":"xpath","value":"//table[contains(@id, \"smartFilterBar-filterItemControl_BASIC-ALL_TAGS-valueHelpDialog-table-table\")]/tbody/tr"}
COMMAND: POST /session/6f873cfbd9220f733b1c899e801fac9f/element - {"using":"xpath","value":"//table[contains(@id, \"smartFilterBar-filterItemControl_BASIC-ALL_TAGS-valueHelpDialog-table-table\")]/tbody/tr[1]/td[1]/div/span"}
RESULT: {}
RESULT: {"using":"xpath","value":"//table[contains(@id, \"smartFilterBar-filterItemControl_BASIC-ALL_TAGS-valueHelpDialog-table-table\")]/tbody/tr[1]/td[1]/div/span"}
COMMAND: POST /session/6f873cfbd9220f733b1c899e801fac9f/elements - {"using":"xpath","value":"//table[contains(@id, \"smartFilterBar-filterItemControl_BASIC-ALL_TAGS-valueHelpDialog-table-table\")]/tbody/tr[1]/td[1]/div/span"}
RESULT: {"using":"xpath","value":"//table[contains(@id, \"smartFilterBar-filterItemControl_BASIC-ALL_TAGS-valueHelpDialog-table-table\")]/tbody/tr[1]/td[1]/div/span"}
COMMAND: POST /session/6f873cfbd9220f733b1c899e801fac9f/execute/sync - {"script":"<script> [56 bytes]","args":[{"element-6066-11e4-a52e-4f735466cecf":"f.0D8D1E8C4444AAF4F6CCCAD0803F9B10.d.83DABABCCBFA67F35F452BC2359F540E.e.6445","ELEMENT":"f.0D8D1E8C4444AAF4F6CCCAD0803F9B10.d.83DABABCCBFA67F35F452BC2359F540E.e.6445"}]}
RESULT: {"script":"<script> [56 bytes]","args":[{"element-6066-11e4-a52e-4f735466cecf":"f.0D8D1E8C4444AAF4F6CCCAD0803F9B10.d.83DABABCCBFA67F35F452BC2359F540E.e.6445","ELEMENT":"f.0D8D1E8C4444AAF4F6CCCAD0803F9B10.d.83DABABCCBFA67F35F452BC2359F540E.e.6445"}]}
COMMAND: POST /session/6f873cfbd9220f733b1c899e801fac9f/element - {"using":"xpath","value":"//div[contains(@id, \"filterItemControl_BASIC-ALL_TAGS-valueHelpDialog-table-rowsel0\")]"}
COMMAND: GET /session/6f873cfbd9220f733b1c899e801fac9f/screenshot - {}
RESULT: {"using":"xpath","value":"//div[contains(@id, \"filterItemControl_BASIC-ALL_TAGS-valueHelpDialog-table-rowsel0\")]"}
COMMAND: POST /session/6f873cfbd9220f733b1c899e801fac9f/element/f.0D8D1E8C4444AAF4F6CCCAD0803F9B10.d.83DABABCCBFA67F35F452BC2359F540E.e.6446/click - {}
RESULT: {}
RESULT: {}
COMMAND: GET /session/6f873cfbd9220f733b1c899e801fac9f/screenshot - {}
RESULT: {}
COMMAND: POST /session/6f873cfbd9220f733b1c899e801fac9f/element - {"using":"xpath","value":"(//bdi[contains(text(), \"OK\")])[1]"}
RESULT: {"using":"xpath","value":"(//bdi[contains(text(), \"OK\")])[1]"}
COMMAND: POST /session/6f873cfbd9220f733b1c899e801fac9f/element/f.0D8D1E8C4444AAF4F6CCCAD0803F9B10.d.83DABABCCBFA67F35F452BC2359F540E.e.6448/click - {}
RESULT: {}
COMMAND: GET /session/6f873cfbd9220f733b1c899e801fac9f/screenshot - {}
RESULT: {}
COMMAND: POST /session/6f873cfbd9220f733b1c899e801fac9f/element - {"using":"xpath","value":"//span[@id=\"application-managepartners-display-component---masterPtm--smartTable-header-inner\"]"}
RESULT: {"using":"xpath","value":"//span[@id=\"application-managepartners-display-component---masterPtm--smartTable-header-inner\"]"}
COMMAND: POST /session/6f873cfbd9220f733b1c899e801fac9f/elements - {"using":"xpath","value":"//span[@id=\"application-managepartners-display-component---masterPtm--smartTable-header-inner\"]"}
RESULT: {"using":"xpath","value":"//span[@id=\"application-managepartners-display-component---masterPtm--smartTable-header-inner\"]"}
COMMAND: POST /session/6f873cfbd9220f733b1c899e801fac9f/execute/sync - {"script":"<script> [56 bytes]","args":[{"element-6066-11e4-a52e-4f735466cecf":"f.0D8D1E8C4444AAF4F6CCCAD0803F9B10.d.83DABABCCBFA67F35F452BC2359F540E.e.5985","ELEMENT":"f.0D8D1E8C4444AAF4F6CCCAD0803F9B10.d.83DABABCCBFA67F35F452BC2359F540E.e.5985"}]}
RESULT: {"script":"<script> [56 bytes]","args":[{"element-6066-11e4-a52e-4f735466cecf":"f.0D8D1E8C4444AAF4F6CCCAD0803F9B10.d.83DABABCCBFA67F35F452BC2359F540E.e.5985","ELEMENT":"f.0D8D1E8C4444AAF4F6CCCAD0803F9B10.d.83DABABCCBFA67F35F452BC2359F540E.e.5985"}]}
COMMAND: POST /session/6f873cfbd9220f733b1c899e801fac9f/element - {"using":"xpath","value":"//span[contains(@title, \"Remove\")]"}
COMMAND: GET /session/6f873cfbd9220f733b1c899e801fac9f/screenshot - {}
RESULT: {"using":"xpath","value":"//span[contains(@title, \"Remove\")]"}
COMMAND: POST /session/6f873cfbd9220f733b1c899e801fac9f/element/f.0D8D1E8C4444AAF4F6CCCAD0803F9B10.d.83DABABCCBFA67F35F452BC2359F540E.e.6470/click - {}
RESULT: {}
RESULT: {}
COMMAND: GET /session/6f873cfbd9220f733b1c899e801fac9f/screenshot - {}
RESULT: {}
COMMAND: POST /session/6f873cfbd9220f733b1c899e801fac9f/execute/async - {"script":"<script> [1562 bytes]","args":[{"selector":{"id":"application-managepartners-display-component---masterPtm--partnerTypes-arrow"},"wdio_ui5_key":"applicationmanagepartners-display-component---masterPtm--partnerTypes-arrow"}]}
RESULT: {"script":"<script> [1562 bytes]","args":[{"selector":{"id":"application-managepartners-display-component---masterPtm--partnerTypes-arrow"},"wdio_ui5_key":"applicationmanagepartners-display-component---masterPtm--partnerTypes-arrow"}]}
RESULT: undefined
COMMAND: POST /session/6f873cfbd9220f733b1c899e801fac9f/element - {"using":"xpath","value":"//*[@id=\"application-managepartners-display-component---masterPtm--partnerTypes-arrow\"]"}
RESULT: {"using":"xpath","value":"//*[@id=\"application-managepartners-display-component---masterPtm--partnerTypes-arrow\"]"}
COMMAND: POST /session/6f873cfbd9220f733b1c899e801fac9f/element/f.0D8D1E8C4444AAF4F6CCCAD0803F9B10.d.83DABABCCBFA67F35F452BC2359F540E.e.6574/click - {}
RESULT: {}
COMMAND: GET /session/6f873cfbd9220f733b1c899e801fac9f/screenshot - {}
RESULT: {}
COMMAND: POST /session/6f873cfbd9220f733b1c899e801fac9f/element - {"using":"xpath","value":"//li[.//span[text()=\"External partner\"]]//div[contains(@class,\"sapMCbBg\")]"}
RESULT: {"using":"xpath","value":"//li[.//span[text()=\"External partner\"]]//div[contains(@class,\"sapMCbBg\")]"}
COMMAND: POST /session/6f873cfbd9220f733b1c899e801fac9f/element/f.0D8D1E8C4444AAF4F6CCCAD0803F9B10.d.83DABABCCBFA67F35F452BC2359F540E.e.6579/click - {}
RESULT: {}
COMMAND: GET /session/6f873cfbd9220f733b1c899e801fac9f/screenshot - {}
RESULT: {}
COMMAND: POST /session/6f873cfbd9220f733b1c899e801fac9f/element - {"using":"xpath","value":"//span[@id=\"application-managepartners-display-component---masterPtm--smartTable-header-inner\"]"}
RESULT: {"using":"xpath","value":"//span[@id=\"application-managepartners-display-component---masterPtm--smartTable-header-inner\"]"}
COMMAND: POST /session/6f873cfbd9220f733b1c899e801fac9f/elements - {"using":"xpath","value":"//span[@id=\"application-managepartners-display-component---masterPtm--smartTable-header-inner\"]"}
RESULT: {"using":"xpath","value":"//span[@id=\"application-managepartners-display-component---masterPtm--smartTable-header-inner\"]"}
COMMAND: POST /session/6f873cfbd9220f733b1c899e801fac9f/execute/sync - {"script":"<script> [56 bytes]","args":[{"element-6066-11e4-a52e-4f735466cecf":"f.0D8D1E8C4444AAF4F6CCCAD0803F9B10.d.83DABABCCBFA67F35F452BC2359F540E.e.5985","ELEMENT":"f.0D8D1E8C4444AAF4F6CCCAD0803F9B10.d.83DABABCCBFA67F35F452BC2359F540E.e.5985"}]}
RESULT: {"script":"<script> [56 bytes]","args":[{"element-6066-11e4-a52e-4f735466cecf":"f.0D8D1E8C4444AAF4F6CCCAD0803F9B10.d.83DABABCCBFA67F35F452BC2359F540E.e.5985","ELEMENT":"f.0D8D1E8C4444AAF4F6CCCAD0803F9B10.d.83DABABCCBFA67F35F452BC2359F540E.e.5985"}]}
COMMAND: POST /session/6f873cfbd9220f733b1c899e801fac9f/element - {"using":"xpath","value":"//span[contains(@title, \"Remove\")]"}
COMMAND: GET /session/6f873cfbd9220f733b1c899e801fac9f/screenshot - {}
RESULT: {"using":"xpath","value":"//span[contains(@title, \"Remove\")]"}
COMMAND: POST /session/6f873cfbd9220f733b1c899e801fac9f/element/f.0D8D1E8C4444AAF4F6CCCAD0803F9B10.d.83DABABCCBFA67F35F452BC2359F540E.e.6633/click - {}
RESULT: {}
RESULT: {}
COMMAND: GET /session/6f873cfbd9220f733b1c899e801fac9f/screenshot - {}
RESULT: {}
COMMAND: POST /session/6f873cfbd9220f733b1c899e801fac9f/execute/async - {"script":"<script> [1562 bytes]","args":[{"selector":{"id":"application-managepartners-display-component---masterPtm--smartFilterBar-btnFilters","interaction":{"idSuffix":"BDI-content"}},"wdio_ui5_key":"applicationmanagepartners-display-component---masterPtm--smartFilterBar-btnFilters"}]}
RESULT: {"script":"<script> [1562 bytes]","args":[{"selector":{"id":"application-managepartners-display-component---masterPtm--smartFilterBar-btnFilters","interaction":{"idSuffix":"BDI-content"}},"wdio_ui5_key":"applicationmanagepartners-display-component---masterPtm--smartFilterBar-btnFilters"}]}
RESULT: undefined
COMMAND: POST /session/6f873cfbd9220f733b1c899e801fac9f/element - {"using":"xpath","value":"//*[@id=\"application-managepartners-display-component---masterPtm--smartFilterBar-btnFilters\"]"}
RESULT: {"using":"xpath","value":"//*[@id=\"application-managepartners-display-component---masterPtm--smartFilterBar-btnFilters\"]"}
COMMAND: POST /session/6f873cfbd9220f733b1c899e801fac9f/element/f.0D8D1E8C4444AAF4F6CCCAD0803F9B10.d.83DABABCCBFA67F35F452BC2359F540E.e.5826/click - {}
RESULT: {}
COMMAND: GET /session/6f873cfbd9220f733b1c899e801fac9f/screenshot - {}
RESULT: {}
COMMAND: POST /session/6f873cfbd9220f733b1c899e801fac9f/elements - {"using":"xpath","value":"//table[contains(@id, \"listView-innerSelectionPanelTable-listUl\")]/tbody/tr"}
RESULT: {"using":"xpath","value":"//table[contains(@id, \"listView-innerSelectionPanelTable-listUl\")]/tbody/tr"}
COMMAND: POST /session/6f873cfbd9220f733b1c899e801fac9f/element - {"using":"xpath","value":"//table[contains(@id, \"listView-innerSelectionPanelTable-listUl\")]/tbody/tr[2]/td[2]/div/div"}
RESULT: {"using":"xpath","value":"//table[contains(@id, \"listView-innerSelectionPanelTable-listUl\")]/tbody/tr[2]/td[2]/div/div"}
COMMAND: POST /session/6f873cfbd9220f733b1c899e801fac9f/element - {"using":"xpath","value":"//table[contains(@id, \"listView-innerSelectionPanelTable-listUl\")]/tbody/tr[2]/td[2]/div"}
RESULT: {"using":"xpath","value":"//table[contains(@id, \"listView-innerSelectionPanelTable-listUl\")]/tbody/tr[2]/td[2]/div"}
COMMAND: POST /session/6f873cfbd9220f733b1c899e801fac9f/element - {"using":"xpath","value":"//table[contains(@id, \"listView-innerSelectionPanelTable-listUl\")]/tbody/tr[2]/td[3]/div/div/span/span[1]/bdi"}
RESULT: {"using":"xpath","value":"//table[contains(@id, \"listView-innerSelectionPanelTable-listUl\")]/tbody/tr[2]/td[3]/div/div/span/span[1]/bdi"}
COMMAND: POST /session/6f873cfbd9220f733b1c899e801fac9f/execute/sync - {"script":"<script> [56 bytes]","args":[{"element-6066-11e4-a52e-4f735466cecf":"f.0D8D1E8C4444AAF4F6CCCAD0803F9B10.d.83DABABCCBFA67F35F452BC2359F540E.e.6744","ELEMENT":"f.0D8D1E8C4444AAF4F6CCCAD0803F9B10.d.83DABABCCBFA67F35F452BC2359F540E.e.6744"}]}
RESULT: {"script":"<script> [56 bytes]","args":[{"element-6066-11e4-a52e-4f735466cecf":"f.0D8D1E8C4444AAF4F6CCCAD0803F9B10.d.83DABABCCBFA67F35F452BC2359F540E.e.6744","ELEMENT":"f.0D8D1E8C4444AAF4F6CCCAD0803F9B10.d.83DABABCCBFA67F35F452BC2359F540E.e.6744"}]}
COMMAND: GET /session/6f873cfbd9220f733b1c899e801fac9f/element/f.0D8D1E8C4444AAF4F6CCCAD0803F9B10.d.83DABABCCBFA67F35F452BC2359F540E.e.6743/attribute/aria-checked - {}
COMMAND: GET /session/6f873cfbd9220f733b1c899e801fac9f/screenshot - {}
RESULT: {}
COMMAND: POST /session/6f873cfbd9220f733b1c899e801fac9f/element - {"using":"xpath","value":"//table[contains(@id, \"listView-innerSelectionPanelTable-listUl\")]/tbody/tr[3]/td[2]/div/div"}
RESULT: {}
RESULT: {"using":"xpath","value":"//table[contains(@id, \"listView-innerSelectionPanelTable-listUl\")]/tbody/tr[3]/td[2]/div/div"}
COMMAND: POST /session/6f873cfbd9220f733b1c899e801fac9f/element - {"using":"xpath","value":"//table[contains(@id, \"listView-innerSelectionPanelTable-listUl\")]/tbody/tr[3]/td[2]/div"}
RESULT: {"using":"xpath","value":"//table[contains(@id, \"listView-innerSelectionPanelTable-listUl\")]/tbody/tr[3]/td[2]/div"}
COMMAND: POST /session/6f873cfbd9220f733b1c899e801fac9f/element - {"using":"xpath","value":"//table[contains(@id, \"listView-innerSelectionPanelTable-listUl\")]/tbody/tr[3]/td[3]/div/div/span/span[1]/bdi"}
RESULT: {"using":"xpath","value":"//table[contains(@id, \"listView-innerSelectionPanelTable-listUl\")]/tbody/tr[3]/td[3]/div/div/span/span[1]/bdi"}
COMMAND: POST /session/6f873cfbd9220f733b1c899e801fac9f/execute/sync - {"script":"<script> [56 bytes]","args":[{"element-6066-11e4-a52e-4f735466cecf":"f.0D8D1E8C4444AAF4F6CCCAD0803F9B10.d.83DABABCCBFA67F35F452BC2359F540E.e.6747","ELEMENT":"f.0D8D1E8C4444AAF4F6CCCAD0803F9B10.d.83DABABCCBFA67F35F452BC2359F540E.e.6747"}]}
RESULT: {"script":"<script> [56 bytes]","args":[{"element-6066-11e4-a52e-4f735466cecf":"f.0D8D1E8C4444AAF4F6CCCAD0803F9B10.d.83DABABCCBFA67F35F452BC2359F540E.e.6747","ELEMENT":"f.0D8D1E8C4444AAF4F6CCCAD0803F9B10.d.83DABABCCBFA67F35F452BC2359F540E.e.6747"}]}
COMMAND: GET /session/6f873cfbd9220f733b1c899e801fac9f/element/f.0D8D1E8C4444AAF4F6CCCAD0803F9B10.d.83DABABCCBFA67F35F452BC2359F540E.e.6746/attribute/aria-checked - {}
COMMAND: GET /session/6f873cfbd9220f733b1c899e801fac9f/screenshot - {}
RESULT: {}
COMMAND: POST /session/6f873cfbd9220f733b1c899e801fac9f/element - {"using":"xpath","value":"//table[contains(@id, \"listView-innerSelectionPanelTable-listUl\")]/tbody/tr[4]/td[2]/div/div"}
RESULT: {}
RESULT: {"using":"xpath","value":"//table[contains(@id, \"listView-innerSelectionPanelTable-listUl\")]/tbody/tr[4]/td[2]/div/div"}
COMMAND: POST /session/6f873cfbd9220f733b1c899e801fac9f/element - {"using":"xpath","value":"//table[contains(@id, \"listView-innerSelectionPanelTable-listUl\")]/tbody/tr[4]/td[2]/div"}
RESULT: {"using":"xpath","value":"//table[contains(@id, \"listView-innerSelectionPanelTable-listUl\")]/tbody/tr[4]/td[2]/div"}
COMMAND: POST /session/6f873cfbd9220f733b1c899e801fac9f/element - {"using":"xpath","value":"//table[contains(@id, \"listView-innerSelectionPanelTable-listUl\")]/tbody/tr[4]/td[3]/div/div/span/span[1]/bdi"}
RESULT: {"using":"xpath","value":"//table[contains(@id, \"listView-innerSelectionPanelTable-listUl\")]/tbody/tr[4]/td[3]/div/div/span/span[1]/bdi"}
COMMAND: POST /session/6f873cfbd9220f733b1c899e801fac9f/execute/sync - {"script":"<script> [56 bytes]","args":[{"element-6066-11e4-a52e-4f735466cecf":"f.0D8D1E8C4444AAF4F6CCCAD0803F9B10.d.83DABABCCBFA67F35F452BC2359F540E.e.6750","ELEMENT":"f.0D8D1E8C4444AAF4F6CCCAD0803F9B10.d.83DABABCCBFA67F35F452BC2359F540E.e.6750"}]}
RESULT: {"script":"<script> [56 bytes]","args":[{"element-6066-11e4-a52e-4f735466cecf":"f.0D8D1E8C4444AAF4F6CCCAD0803F9B10.d.83DABABCCBFA67F35F452BC2359F540E.e.6750","ELEMENT":"f.0D8D1E8C4444AAF4F6CCCAD0803F9B10.d.83DABABCCBFA67F35F452BC2359F540E.e.6750"}]}
COMMAND: GET /session/6f873cfbd9220f733b1c899e801fac9f/element/f.0D8D1E8C4444AAF4F6CCCAD0803F9B10.d.83DABABCCBFA67F35F452BC2359F540E.e.6749/attribute/aria-checked - {}
COMMAND: GET /session/6f873cfbd9220f733b1c899e801fac9f/screenshot - {}
RESULT: {}
COMMAND: POST /session/6f873cfbd9220f733b1c899e801fac9f/element - {"using":"xpath","value":"//table[contains(@id, \"listView-innerSelectionPanelTable-listUl\")]/tbody/tr[5]/td[2]/div/div"}
RESULT: {}
RESULT: {"using":"xpath","value":"//table[contains(@id, \"listView-innerSelectionPanelTable-listUl\")]/tbody/tr[5]/td[2]/div/div"}
COMMAND: POST /session/6f873cfbd9220f733b1c899e801fac9f/element - {"using":"xpath","value":"//table[contains(@id, \"listView-innerSelectionPanelTable-listUl\")]/tbody/tr[5]/td[2]/div"}
RESULT: {"using":"xpath","value":"//table[contains(@id, \"listView-innerSelectionPanelTable-listUl\")]/tbody/tr[5]/td[2]/div"}
COMMAND: POST /session/6f873cfbd9220f733b1c899e801fac9f/element - {"using":"xpath","value":"//table[contains(@id, \"listView-innerSelectionPanelTable-listUl\")]/tbody/tr[5]/td[3]/div/div/span/span[1]/bdi"}
RESULT: {"using":"xpath","value":"//table[contains(@id, \"listView-innerSelectionPanelTable-listUl\")]/tbody/tr[5]/td[3]/div/div/span/span[1]/bdi"}
COMMAND: POST /session/6f873cfbd9220f733b1c899e801fac9f/execute/sync - {"script":"<script> [56 bytes]","args":[{"element-6066-11e4-a52e-4f735466cecf":"f.0D8D1E8C4444AAF4F6CCCAD0803F9B10.d.83DABABCCBFA67F35F452BC2359F540E.e.6753","ELEMENT":"f.0D8D1E8C4444AAF4F6CCCAD0803F9B10.d.83DABABCCBFA67F35F452BC2359F540E.e.6753"}]}
RESULT: {"script":"<script> [56 bytes]","args":[{"element-6066-11e4-a52e-4f735466cecf":"f.0D8D1E8C4444AAF4F6CCCAD0803F9B10.d.83DABABCCBFA67F35F452BC2359F540E.e.6753","ELEMENT":"f.0D8D1E8C4444AAF4F6CCCAD0803F9B10.d.83DABABCCBFA67F35F452BC2359F540E.e.6753"}]}
COMMAND: GET /session/6f873cfbd9220f733b1c899e801fac9f/element/f.0D8D1E8C4444AAF4F6CCCAD0803F9B10.d.83DABABCCBFA67F35F452BC2359F540E.e.6752/attribute/aria-checked - {}
COMMAND: GET /session/6f873cfbd9220f733b1c899e801fac9f/screenshot - {}
RESULT: {}
COMMAND: POST /session/6f873cfbd9220f733b1c899e801fac9f/element - {"using":"xpath","value":"//table[contains(@id, \"listView-innerSelectionPanelTable-listUl\")]/tbody/tr[6]/td[2]/div/div"}
RESULT: {}
RESULT: {"using":"xpath","value":"//table[contains(@id, \"listView-innerSelectionPanelTable-listUl\")]/tbody/tr[6]/td[2]/div/div"}
COMMAND: POST /session/6f873cfbd9220f733b1c899e801fac9f/element - {"using":"xpath","value":"//table[contains(@id, \"listView-innerSelectionPanelTable-listUl\")]/tbody/tr[6]/td[2]/div"}
RESULT: {"using":"xpath","value":"//table[contains(@id, \"listView-innerSelectionPanelTable-listUl\")]/tbody/tr[6]/td[2]/div"}
COMMAND: POST /session/6f873cfbd9220f733b1c899e801fac9f/element - {"using":"xpath","value":"//table[contains(@id, \"listView-innerSelectionPanelTable-listUl\")]/tbody/tr[6]/td[3]/div/div/span/span[1]/bdi"}
RESULT: {"using":"xpath","value":"//table[contains(@id, \"listView-innerSelectionPanelTable-listUl\")]/tbody/tr[6]/td[3]/div/div/span/span[1]/bdi"}
COMMAND: POST /session/6f873cfbd9220f733b1c899e801fac9f/execute/sync - {"script":"<script> [56 bytes]","args":[{"element-6066-11e4-a52e-4f735466cecf":"f.0D8D1E8C4444AAF4F6CCCAD0803F9B10.d.83DABABCCBFA67F35F452BC2359F540E.e.6756","ELEMENT":"f.0D8D1E8C4444AAF4F6CCCAD0803F9B10.d.83DABABCCBFA67F35F452BC2359F540E.e.6756"}]}
RESULT: {"script":"<script> [56 bytes]","args":[{"element-6066-11e4-a52e-4f735466cecf":"f.0D8D1E8C4444AAF4F6CCCAD0803F9B10.d.83DABABCCBFA67F35F452BC2359F540E.e.6756","ELEMENT":"f.0D8D1E8C4444AAF4F6CCCAD0803F9B10.d.83DABABCCBFA67F35F452BC2359F540E.e.6756"}]}
COMMAND: GET /session/6f873cfbd9220f733b1c899e801fac9f/element/f.0D8D1E8C4444AAF4F6CCCAD0803F9B10.d.83DABABCCBFA67F35F452BC2359F540E.e.6755/attribute/aria-checked - {}
COMMAND: GET /session/6f873cfbd9220f733b1c899e801fac9f/screenshot - {}
RESULT: {}
COMMAND: POST /session/6f873cfbd9220f733b1c899e801fac9f/element - {"using":"xpath","value":"//table[contains(@id, \"listView-innerSelectionPanelTable-listUl\")]/tbody/tr[7]/td[2]/div/div"}
RESULT: {}
RESULT: {"using":"xpath","value":"//table[contains(@id, \"listView-innerSelectionPanelTable-listUl\")]/tbody/tr[7]/td[2]/div/div"}
COMMAND: POST /session/6f873cfbd9220f733b1c899e801fac9f/element - {"using":"xpath","value":"//table[contains(@id, \"listView-innerSelectionPanelTable-listUl\")]/tbody/tr[7]/td[2]/div"}
RESULT: {"using":"xpath","value":"//table[contains(@id, \"listView-innerSelectionPanelTable-listUl\")]/tbody/tr[7]/td[2]/div"}
COMMAND: POST /session/6f873cfbd9220f733b1c899e801fac9f/element - {"using":"xpath","value":"//table[contains(@id, \"listView-innerSelectionPanelTable-listUl\")]/tbody/tr[7]/td[3]/div/div/span/span[1]/bdi"}
RESULT: {"using":"xpath","value":"//table[contains(@id, \"listView-innerSelectionPanelTable-listUl\")]/tbody/tr[7]/td[3]/div/div/span/span[1]/bdi"}
COMMAND: POST /session/6f873cfbd9220f733b1c899e801fac9f/execute/sync - {"script":"<script> [56 bytes]","args":[{"element-6066-11e4-a52e-4f735466cecf":"f.0D8D1E8C4444AAF4F6CCCAD0803F9B10.d.83DABABCCBFA67F35F452BC2359F540E.e.6759","ELEMENT":"f.0D8D1E8C4444AAF4F6CCCAD0803F9B10.d.83DABABCCBFA67F35F452BC2359F540E.e.6759"}]}
RESULT: {"script":"<script> [56 bytes]","args":[{"element-6066-11e4-a52e-4f735466cecf":"f.0D8D1E8C4444AAF4F6CCCAD0803F9B10.d.83DABABCCBFA67F35F452BC2359F540E.e.6759","ELEMENT":"f.0D8D1E8C4444AAF4F6CCCAD0803F9B10.d.83DABABCCBFA67F35F452BC2359F540E.e.6759"}]}
COMMAND: GET /session/6f873cfbd9220f733b1c899e801fac9f/element/f.0D8D1E8C4444AAF4F6CCCAD0803F9B10.d.83DABABCCBFA67F35F452BC2359F540E.e.6758/attribute/aria-checked - {}
COMMAND: GET /session/6f873cfbd9220f733b1c899e801fac9f/screenshot - {}
RESULT: {}
COMMAND: POST /session/6f873cfbd9220f733b1c899e801fac9f/element - {"using":"xpath","value":"//table[contains(@id, \"listView-innerSelectionPanelTable-listUl\")]/tbody/tr[8]/td[2]/div/div"}
RESULT: {}
RESULT: {"using":"xpath","value":"//table[contains(@id, \"listView-innerSelectionPanelTable-listUl\")]/tbody/tr[8]/td[2]/div/div"}
COMMAND: POST /session/6f873cfbd9220f733b1c899e801fac9f/element - {"using":"xpath","value":"//table[contains(@id, \"listView-innerSelectionPanelTable-listUl\")]/tbody/tr[8]/td[2]/div"}
RESULT: {"using":"xpath","value":"//table[contains(@id, \"listView-innerSelectionPanelTable-listUl\")]/tbody/tr[8]/td[2]/div"}
COMMAND: POST /session/6f873cfbd9220f733b1c899e801fac9f/element - {"using":"xpath","value":"//table[contains(@id, \"listView-innerSelectionPanelTable-listUl\")]/tbody/tr[8]/td[3]/div/div/span/span[1]/bdi"}
RESULT: {"using":"xpath","value":"//table[contains(@id, \"listView-innerSelectionPanelTable-listUl\")]/tbody/tr[8]/td[3]/div/div/span/span[1]/bdi"}
COMMAND: POST /session/6f873cfbd9220f733b1c899e801fac9f/execute/sync - {"script":"<script> [56 bytes]","args":[{"element-6066-11e4-a52e-4f735466cecf":"f.0D8D1E8C4444AAF4F6CCCAD0803F9B10.d.83DABABCCBFA67F35F452BC2359F540E.e.6762","ELEMENT":"f.0D8D1E8C4444AAF4F6CCCAD0803F9B10.d.83DABABCCBFA67F35F452BC2359F540E.e.6762"}]}
RESULT: {"script":"<script> [56 bytes]","args":[{"element-6066-11e4-a52e-4f735466cecf":"f.0D8D1E8C4444AAF4F6CCCAD0803F9B10.d.83DABABCCBFA67F35F452BC2359F540E.e.6762","ELEMENT":"f.0D8D1E8C4444AAF4F6CCCAD0803F9B10.d.83DABABCCBFA67F35F452BC2359F540E.e.6762"}]}
COMMAND: GET /session/6f873cfbd9220f733b1c899e801fac9f/element/f.0D8D1E8C4444AAF4F6CCCAD0803F9B10.d.83DABABCCBFA67F35F452BC2359F540E.e.6761/attribute/aria-checked - {}
COMMAND: GET /session/6f873cfbd9220f733b1c899e801fac9f/screenshot - {}
RESULT: {}
COMMAND: POST /session/6f873cfbd9220f733b1c899e801fac9f/element - {"using":"xpath","value":"//table[contains(@id, \"listView-innerSelectionPanelTable-listUl\")]/tbody/tr[9]/td[2]/div/div"}
RESULT: {}
RESULT: {"using":"xpath","value":"//table[contains(@id, \"listView-innerSelectionPanelTable-listUl\")]/tbody/tr[9]/td[2]/div/div"}
COMMAND: POST /session/6f873cfbd9220f733b1c899e801fac9f/element - {"using":"xpath","value":"//table[contains(@id, \"listView-innerSelectionPanelTable-listUl\")]/tbody/tr[9]/td[2]/div"}
RESULT: {"using":"xpath","value":"//table[contains(@id, \"listView-innerSelectionPanelTable-listUl\")]/tbody/tr[9]/td[2]/div"}
COMMAND: POST /session/6f873cfbd9220f733b1c899e801fac9f/element - {"using":"xpath","value":"//table[contains(@id, \"listView-innerSelectionPanelTable-listUl\")]/tbody/tr[9]/td[3]/div/div/span/span[1]/bdi"}
RESULT: {"using":"xpath","value":"//table[contains(@id, \"listView-innerSelectionPanelTable-listUl\")]/tbody/tr[9]/td[3]/div/div/span/span[1]/bdi"}
COMMAND: POST /session/6f873cfbd9220f733b1c899e801fac9f/execute/sync - {"script":"<script> [56 bytes]","args":[{"element-6066-11e4-a52e-4f735466cecf":"f.0D8D1E8C4444AAF4F6CCCAD0803F9B10.d.83DABABCCBFA67F35F452BC2359F540E.e.6765","ELEMENT":"f.0D8D1E8C4444AAF4F6CCCAD0803F9B10.d.83DABABCCBFA67F35F452BC2359F540E.e.6765"}]}
RESULT: {"script":"<script> [56 bytes]","args":[{"element-6066-11e4-a52e-4f735466cecf":"f.0D8D1E8C4444AAF4F6CCCAD0803F9B10.d.83DABABCCBFA67F35F452BC2359F540E.e.6765","ELEMENT":"f.0D8D1E8C4444AAF4F6CCCAD0803F9B10.d.83DABABCCBFA67F35F452BC2359F540E.e.6765"}]}
COMMAND: GET /session/6f873cfbd9220f733b1c899e801fac9f/element/f.0D8D1E8C4444AAF4F6CCCAD0803F9B10.d.83DABABCCBFA67F35F452BC2359F540E.e.6764/attribute/aria-checked - {}
COMMAND: GET /session/6f873cfbd9220f733b1c899e801fac9f/screenshot - {}
RESULT: {}
COMMAND: POST /session/6f873cfbd9220f733b1c899e801fac9f/element - {"using":"xpath","value":"//table[contains(@id, \"listView-innerSelectionPanelTable-listUl\")]/tbody/tr[10]/td[2]/div/div"}
RESULT: {}
RESULT: {"using":"xpath","value":"//table[contains(@id, \"listView-innerSelectionPanelTable-listUl\")]/tbody/tr[10]/td[2]/div/div"}
COMMAND: POST /session/6f873cfbd9220f733b1c899e801fac9f/element - {"using":"xpath","value":"//table[contains(@id, \"listView-innerSelectionPanelTable-listUl\")]/tbody/tr[10]/td[2]/div"}
RESULT: {"using":"xpath","value":"//table[contains(@id, \"listView-innerSelectionPanelTable-listUl\")]/tbody/tr[10]/td[2]/div"}
COMMAND: POST /session/6f873cfbd9220f733b1c899e801fac9f/element - {"using":"xpath","value":"//table[contains(@id, \"listView-innerSelectionPanelTable-listUl\")]/tbody/tr[10]/td[3]/div/div/span/span[1]/bdi"}
RESULT: {"using":"xpath","value":"//table[contains(@id, \"listView-innerSelectionPanelTable-listUl\")]/tbody/tr[10]/td[3]/div/div/span/span[1]/bdi"}
COMMAND: POST /session/6f873cfbd9220f733b1c899e801fac9f/execute/sync - {"script":"<script> [56 bytes]","args":[{"element-6066-11e4-a52e-4f735466cecf":"f.0D8D1E8C4444AAF4F6CCCAD0803F9B10.d.83DABABCCBFA67F35F452BC2359F540E.e.6768","ELEMENT":"f.0D8D1E8C4444AAF4F6CCCAD0803F9B10.d.83DABABCCBFA67F35F452BC2359F540E.e.6768"}]}
RESULT: {"script":"<script> [56 bytes]","args":[{"element-6066-11e4-a52e-4f735466cecf":"f.0D8D1E8C4444AAF4F6CCCAD0803F9B10.d.83DABABCCBFA67F35F452BC2359F540E.e.6768","ELEMENT":"f.0D8D1E8C4444AAF4F6CCCAD0803F9B10.d.83DABABCCBFA67F35F452BC2359F540E.e.6768"}]}
COMMAND: GET /session/6f873cfbd9220f733b1c899e801fac9f/element/f.0D8D1E8C4444AAF4F6CCCAD0803F9B10.d.83DABABCCBFA67F35F452BC2359F540E.e.6767/attribute/aria-checked - {}
COMMAND: GET /session/6f873cfbd9220f733b1c899e801fac9f/screenshot - {}
RESULT: {}
COMMAND: POST /session/6f873cfbd9220f733b1c899e801fac9f/element - {"using":"xpath","value":"//table[contains(@id, \"listView-innerSelectionPanelTable-listUl\")]/tbody/tr[11]/td[2]/div/div"}
RESULT: {}
RESULT: {"using":"xpath","value":"//table[contains(@id, \"listView-innerSelectionPanelTable-listUl\")]/tbody/tr[11]/td[2]/div/div"}
COMMAND: POST /session/6f873cfbd9220f733b1c899e801fac9f/element - {"using":"xpath","value":"//table[contains(@id, \"listView-innerSelectionPanelTable-listUl\")]/tbody/tr[11]/td[2]/div"}
RESULT: {"using":"xpath","value":"//table[contains(@id, \"listView-innerSelectionPanelTable-listUl\")]/tbody/tr[11]/td[2]/div"}
COMMAND: POST /session/6f873cfbd9220f733b1c899e801fac9f/element - {"using":"xpath","value":"//table[contains(@id, \"listView-innerSelectionPanelTable-listUl\")]/tbody/tr[11]/td[3]/div/div/span/span[1]/bdi"}
RESULT: {"using":"xpath","value":"//table[contains(@id, \"listView-innerSelectionPanelTable-listUl\")]/tbody/tr[11]/td[3]/div/div/span/span[1]/bdi"}
COMMAND: POST /session/6f873cfbd9220f733b1c899e801fac9f/execute/sync - {"script":"<script> [56 bytes]","args":[{"element-6066-11e4-a52e-4f735466cecf":"f.0D8D1E8C4444AAF4F6CCCAD0803F9B10.d.83DABABCCBFA67F35F452BC2359F540E.e.6771","ELEMENT":"f.0D8D1E8C4444AAF4F6CCCAD0803F9B10.d.83DABABCCBFA67F35F452BC2359F540E.e.6771"}]}
RESULT: {"script":"<script> [56 bytes]","args":[{"element-6066-11e4-a52e-4f735466cecf":"f.0D8D1E8C4444AAF4F6CCCAD0803F9B10.d.83DABABCCBFA67F35F452BC2359F540E.e.6771","ELEMENT":"f.0D8D1E8C4444AAF4F6CCCAD0803F9B10.d.83DABABCCBFA67F35F452BC2359F540E.e.6771"}]}
COMMAND: GET /session/6f873cfbd9220f733b1c899e801fac9f/element/f.0D8D1E8C4444AAF4F6CCCAD0803F9B10.d.83DABABCCBFA67F35F452BC2359F540E.e.6770/attribute/aria-checked - {}
COMMAND: GET /session/6f873cfbd9220f733b1c899e801fac9f/screenshot - {}
RESULT: {}
COMMAND: POST /session/6f873cfbd9220f733b1c899e801fac9f/element - {"using":"xpath","value":"//table[contains(@id, \"listView-innerSelectionPanelTable-listUl\")]/tbody/tr[12]/td[2]/div/div"}
RESULT: {}
RESULT: {"using":"xpath","value":"//table[contains(@id, \"listView-innerSelectionPanelTable-listUl\")]/tbody/tr[12]/td[2]/div/div"}
COMMAND: POST /session/6f873cfbd9220f733b1c899e801fac9f/element - {"using":"xpath","value":"//table[contains(@id, \"listView-innerSelectionPanelTable-listUl\")]/tbody/tr[12]/td[2]/div"}
RESULT: {"using":"xpath","value":"//table[contains(@id, \"listView-innerSelectionPanelTable-listUl\")]/tbody/tr[12]/td[2]/div"}
COMMAND: POST /session/6f873cfbd9220f733b1c899e801fac9f/element - {"using":"xpath","value":"//table[contains(@id, \"listView-innerSelectionPanelTable-listUl\")]/tbody/tr[12]/td[3]/div/div/span/span[1]/bdi"}
RESULT: {"using":"xpath","value":"//table[contains(@id, \"listView-innerSelectionPanelTable-listUl\")]/tbody/tr[12]/td[3]/div/div/span/span[1]/bdi"}
COMMAND: POST /session/6f873cfbd9220f733b1c899e801fac9f/execute/sync - {"script":"<script> [56 bytes]","args":[{"element-6066-11e4-a52e-4f735466cecf":"f.0D8D1E8C4444AAF4F6CCCAD0803F9B10.d.83DABABCCBFA67F35F452BC2359F540E.e.6774","ELEMENT":"f.0D8D1E8C4444AAF4F6CCCAD0803F9B10.d.83DABABCCBFA67F35F452BC2359F540E.e.6774"}]}
RESULT: {"script":"<script> [56 bytes]","args":[{"element-6066-11e4-a52e-4f735466cecf":"f.0D8D1E8C4444AAF4F6CCCAD0803F9B10.d.83DABABCCBFA67F35F452BC2359F540E.e.6774","ELEMENT":"f.0D8D1E8C4444AAF4F6CCCAD0803F9B10.d.83DABABCCBFA67F35F452BC2359F540E.e.6774"}]}
COMMAND: GET /session/6f873cfbd9220f733b1c899e801fac9f/element/f.0D8D1E8C4444AAF4F6CCCAD0803F9B10.d.83DABABCCBFA67F35F452BC2359F540E.e.6773/attribute/aria-checked - {}
COMMAND: GET /session/6f873cfbd9220f733b1c899e801fac9f/screenshot - {}
RESULT: {}
COMMAND: POST /session/6f873cfbd9220f733b1c899e801fac9f/element - {"using":"xpath","value":"//table[contains(@id, \"listView-innerSelectionPanelTable-listUl\")]/tbody/tr[13]/td[2]/div/div"}
RESULT: {}
RESULT: {"using":"xpath","value":"//table[contains(@id, \"listView-innerSelectionPanelTable-listUl\")]/tbody/tr[13]/td[2]/div/div"}
COMMAND: POST /session/6f873cfbd9220f733b1c899e801fac9f/element - {"using":"xpath","value":"//table[contains(@id, \"listView-innerSelectionPanelTable-listUl\")]/tbody/tr[13]/td[2]/div"}
RESULT: {"using":"xpath","value":"//table[contains(@id, \"listView-innerSelectionPanelTable-listUl\")]/tbody/tr[13]/td[2]/div"}
COMMAND: POST /session/6f873cfbd9220f733b1c899e801fac9f/element - {"using":"xpath","value":"//table[contains(@id, \"listView-innerSelectionPanelTable-listUl\")]/tbody/tr[13]/td[3]/div/div/span/span[1]/bdi"}
RESULT: {"using":"xpath","value":"//table[contains(@id, \"listView-innerSelectionPanelTable-listUl\")]/tbody/tr[13]/td[3]/div/div/span/span[1]/bdi"}
COMMAND: POST /session/6f873cfbd9220f733b1c899e801fac9f/execute/sync - {"script":"<script> [56 bytes]","args":[{"element-6066-11e4-a52e-4f735466cecf":"f.0D8D1E8C4444AAF4F6CCCAD0803F9B10.d.83DABABCCBFA67F35F452BC2359F540E.e.6777","ELEMENT":"f.0D8D1E8C4444AAF4F6CCCAD0803F9B10.d.83DABABCCBFA67F35F452BC2359F540E.e.6777"}]}
RESULT: {"script":"<script> [56 bytes]","args":[{"element-6066-11e4-a52e-4f735466cecf":"f.0D8D1E8C4444AAF4F6CCCAD0803F9B10.d.83DABABCCBFA67F35F452BC2359F540E.e.6777","ELEMENT":"f.0D8D1E8C4444AAF4F6CCCAD0803F9B10.d.83DABABCCBFA67F35F452BC2359F540E.e.6777"}]}
COMMAND: GET /session/6f873cfbd9220f733b1c899e801fac9f/element/f.0D8D1E8C4444AAF4F6CCCAD0803F9B10.d.83DABABCCBFA67F35F452BC2359F540E.e.6776/attribute/aria-checked - {}
COMMAND: GET /session/6f873cfbd9220f733b1c899e801fac9f/screenshot - {}
RESULT: {}
COMMAND: POST /session/6f873cfbd9220f733b1c899e801fac9f/element - {"using":"xpath","value":"//table[contains(@id, \"listView-innerSelectionPanelTable-listUl\")]/tbody/tr[14]/td[2]/div/div"}
COMMAND: POST /session/6f873cfbd9220f733b1c899e801fac9f/element/f.0D8D1E8C4444AAF4F6CCCAD0803F9B10.d.83DABABCCBFA67F35F452BC2359F540E.e.6775/click - {}
RESULT: {}
RESULT: {"using":"xpath","value":"//table[contains(@id, \"listView-innerSelectionPanelTable-listUl\")]/tbody/tr[14]/td[2]/div/div"}
COMMAND: POST /session/6f873cfbd9220f733b1c899e801fac9f/element - {"using":"xpath","value":"//table[contains(@id, \"listView-innerSelectionPanelTable-listUl\")]/tbody/tr[14]/td[2]/div"}
RESULT: {}
COMMAND: GET /session/6f873cfbd9220f733b1c899e801fac9f/screenshot - {}
RESULT: {"using":"xpath","value":"//table[contains(@id, \"listView-innerSelectionPanelTable-listUl\")]/tbody/tr[14]/td[2]/div"}
COMMAND: POST /session/6f873cfbd9220f733b1c899e801fac9f/element - {"using":"xpath","value":"//table[contains(@id, \"listView-innerSelectionPanelTable-listUl\")]/tbody/tr[14]/td[3]/div/div/span/span[1]/bdi"}
RESULT: {}
RESULT: {"using":"xpath","value":"//table[contains(@id, \"listView-innerSelectionPanelTable-listUl\")]/tbody/tr[14]/td[3]/div/div/span/span[1]/bdi"}
COMMAND: POST /session/6f873cfbd9220f733b1c899e801fac9f/execute/sync - {"script":"<script> [56 bytes]","args":[{"element-6066-11e4-a52e-4f735466cecf":"f.0D8D1E8C4444AAF4F6CCCAD0803F9B10.d.83DABABCCBFA67F35F452BC2359F540E.e.6781","ELEMENT":"f.0D8D1E8C4444AAF4F6CCCAD0803F9B10.d.83DABABCCBFA67F35F452BC2359F540E.e.6781"}]}
RESULT: {"script":"<script> [56 bytes]","args":[{"element-6066-11e4-a52e-4f735466cecf":"f.0D8D1E8C4444AAF4F6CCCAD0803F9B10.d.83DABABCCBFA67F35F452BC2359F540E.e.6781","ELEMENT":"f.0D8D1E8C4444AAF4F6CCCAD0803F9B10.d.83DABABCCBFA67F35F452BC2359F540E.e.6781"}]}
COMMAND: GET /session/6f873cfbd9220f733b1c899e801fac9f/element/f.0D8D1E8C4444AAF4F6CCCAD0803F9B10.d.83DABABCCBFA67F35F452BC2359F540E.e.6780/attribute/aria-checked - {}
COMMAND: GET /session/6f873cfbd9220f733b1c899e801fac9f/screenshot - {}
RESULT: {}
COMMAND: POST /session/6f873cfbd9220f733b1c899e801fac9f/element - {"using":"xpath","value":"//table[contains(@id, \"listView-innerSelectionPanelTable-listUl\")]/tbody/tr[15]/td[2]/div/div"}
RESULT: {}
RESULT: {"using":"xpath","value":"//table[contains(@id, \"listView-innerSelectionPanelTable-listUl\")]/tbody/tr[15]/td[2]/div/div"}
COMMAND: POST /session/6f873cfbd9220f733b1c899e801fac9f/element - {"using":"xpath","value":"//table[contains(@id, \"listView-innerSelectionPanelTable-listUl\")]/tbody/tr[15]/td[2]/div"}
RESULT: {"using":"xpath","value":"//table[contains(@id, \"listView-innerSelectionPanelTable-listUl\")]/tbody/tr[15]/td[2]/div"}
COMMAND: POST /session/6f873cfbd9220f733b1c899e801fac9f/element - {"using":"xpath","value":"//table[contains(@id, \"listView-innerSelectionPanelTable-listUl\")]/tbody/tr[15]/td[3]/div/div/span/span[1]/bdi"}
RESULT: {"using":"xpath","value":"//table[contains(@id, \"listView-innerSelectionPanelTable-listUl\")]/tbody/tr[15]/td[3]/div/div/span/span[1]/bdi"}
COMMAND: POST /session/6f873cfbd9220f733b1c899e801fac9f/execute/sync - {"script":"<script> [56 bytes]","args":[{"element-6066-11e4-a52e-4f735466cecf":"f.0D8D1E8C4444AAF4F6CCCAD0803F9B10.d.83DABABCCBFA67F35F452BC2359F540E.e.6784","ELEMENT":"f.0D8D1E8C4444AAF4F6CCCAD0803F9B10.d.83DABABCCBFA67F35F452BC2359F540E.e.6784"}]}
RESULT: {"script":"<script> [56 bytes]","args":[{"element-6066-11e4-a52e-4f735466cecf":"f.0D8D1E8C4444AAF4F6CCCAD0803F9B10.d.83DABABCCBFA67F35F452BC2359F540E.e.6784","ELEMENT":"f.0D8D1E8C4444AAF4F6CCCAD0803F9B10.d.83DABABCCBFA67F35F452BC2359F540E.e.6784"}]}
COMMAND: GET /session/6f873cfbd9220f733b1c899e801fac9f/element/f.0D8D1E8C4444AAF4F6CCCAD0803F9B10.d.83DABABCCBFA67F35F452BC2359F540E.e.6783/attribute/aria-checked - {}
COMMAND: GET /session/6f873cfbd9220f733b1c899e801fac9f/screenshot - {}
RESULT: {}
COMMAND: POST /session/6f873cfbd9220f733b1c899e801fac9f/element - {"using":"xpath","value":"//table[contains(@id, \"listView-innerSelectionPanelTable-listUl\")]/tbody/tr[16]/td[2]/div/div"}
RESULT: {}
RESULT: {"using":"xpath","value":"//table[contains(@id, \"listView-innerSelectionPanelTable-listUl\")]/tbody/tr[16]/td[2]/div/div"}
COMMAND: POST /session/6f873cfbd9220f733b1c899e801fac9f/element - {"using":"xpath","value":"//table[contains(@id, \"listView-innerSelectionPanelTable-listUl\")]/tbody/tr[16]/td[2]/div"}
RESULT: {"using":"xpath","value":"//table[contains(@id, \"listView-innerSelectionPanelTable-listUl\")]/tbody/tr[16]/td[2]/div"}
COMMAND: POST /session/6f873cfbd9220f733b1c899e801fac9f/element - {"using":"xpath","value":"//table[contains(@id, \"listView-innerSelectionPanelTable-listUl\")]/tbody/tr[16]/td[3]/div/div/span/span[1]/bdi"}
RESULT: {"using":"xpath","value":"//table[contains(@id, \"listView-innerSelectionPanelTable-listUl\")]/tbody/tr[16]/td[3]/div/div/span/span[1]/bdi"}
COMMAND: POST /session/6f873cfbd9220f733b1c899e801fac9f/execute/sync - {"script":"<script> [56 bytes]","args":[{"element-6066-11e4-a52e-4f735466cecf":"f.0D8D1E8C4444AAF4F6CCCAD0803F9B10.d.83DABABCCBFA67F35F452BC2359F540E.e.6787","ELEMENT":"f.0D8D1E8C4444AAF4F6CCCAD0803F9B10.d.83DABABCCBFA67F35F452BC2359F540E.e.6787"}]}
RESULT: {"script":"<script> [56 bytes]","args":[{"element-6066-11e4-a52e-4f735466cecf":"f.0D8D1E8C4444AAF4F6CCCAD0803F9B10.d.83DABABCCBFA67F35F452BC2359F540E.e.6787","ELEMENT":"f.0D8D1E8C4444AAF4F6CCCAD0803F9B10.d.83DABABCCBFA67F35F452BC2359F540E.e.6787"}]}
COMMAND: GET /session/6f873cfbd9220f733b1c899e801fac9f/element/f.0D8D1E8C4444AAF4F6CCCAD0803F9B10.d.83DABABCCBFA67F35F452BC2359F540E.e.6786/attribute/aria-checked - {}
COMMAND: GET /session/6f873cfbd9220f733b1c899e801fac9f/screenshot - {}
RESULT: {}
COMMAND: POST /session/6f873cfbd9220f733b1c899e801fac9f/element - {"using":"xpath","value":"//table[contains(@id, \"listView-innerSelectionPanelTable-listUl\")]/tbody/tr[17]/td[2]/div/div"}
RESULT: {}
RESULT: {"using":"xpath","value":"//table[contains(@id, \"listView-innerSelectionPanelTable-listUl\")]/tbody/tr[17]/td[2]/div/div"}
COMMAND: POST /session/6f873cfbd9220f733b1c899e801fac9f/element - {"using":"xpath","value":"//table[contains(@id, \"listView-innerSelectionPanelTable-listUl\")]/tbody/tr[17]/td[2]/div"}
RESULT: {"using":"xpath","value":"//table[contains(@id, \"listView-innerSelectionPanelTable-listUl\")]/tbody/tr[17]/td[2]/div"}
COMMAND: POST /session/6f873cfbd9220f733b1c899e801fac9f/element - {"using":"xpath","value":"//table[contains(@id, \"listView-innerSelectionPanelTable-listUl\")]/tbody/tr[17]/td[3]/div/div/span/span[1]/bdi"}
RESULT: {"using":"xpath","value":"//table[contains(@id, \"listView-innerSelectionPanelTable-listUl\")]/tbody/tr[17]/td[3]/div/div/span/span[1]/bdi"}
COMMAND: POST /session/6f873cfbd9220f733b1c899e801fac9f/execute/sync - {"script":"<script> [56 bytes]","args":[{"element-6066-11e4-a52e-4f735466cecf":"f.0D8D1E8C4444AAF4F6CCCAD0803F9B10.d.83DABABCCBFA67F35F452BC2359F540E.e.6790","ELEMENT":"f.0D8D1E8C4444AAF4F6CCCAD0803F9B10.d.83DABABCCBFA67F35F452BC2359F540E.e.6790"}]}
RESULT: {"script":"<script> [56 bytes]","args":[{"element-6066-11e4-a52e-4f735466cecf":"f.0D8D1E8C4444AAF4F6CCCAD0803F9B10.d.83DABABCCBFA67F35F452BC2359F540E.e.6790","ELEMENT":"f.0D8D1E8C4444AAF4F6CCCAD0803F9B10.d.83DABABCCBFA67F35F452BC2359F540E.e.6790"}]}
COMMAND: GET /session/6f873cfbd9220f733b1c899e801fac9f/element/f.0D8D1E8C4444AAF4F6CCCAD0803F9B10.d.83DABABCCBFA67F35F452BC2359F540E.e.6789/attribute/aria-checked - {}
COMMAND: GET /session/6f873cfbd9220f733b1c899e801fac9f/screenshot - {}
RESULT: {}
COMMAND: POST /session/6f873cfbd9220f733b1c899e801fac9f/element - {"using":"xpath","value":"//table[contains(@id, \"listView-innerSelectionPanelTable-listUl\")]/tbody/tr[18]/td[2]/div/div"}
RESULT: {}
RESULT: {"using":"xpath","value":"//table[contains(@id, \"listView-innerSelectionPanelTable-listUl\")]/tbody/tr[18]/td[2]/div/div"}
COMMAND: POST /session/6f873cfbd9220f733b1c899e801fac9f/element - {"using":"xpath","value":"//table[contains(@id, \"listView-innerSelectionPanelTable-listUl\")]/tbody/tr[18]/td[2]/div"}
RESULT: {"using":"xpath","value":"//table[contains(@id, \"listView-innerSelectionPanelTable-listUl\")]/tbody/tr[18]/td[2]/div"}
COMMAND: POST /session/6f873cfbd9220f733b1c899e801fac9f/element - {"using":"xpath","value":"//table[contains(@id, \"listView-innerSelectionPanelTable-listUl\")]/tbody/tr[18]/td[3]/div/div/span/span[1]/bdi"}
RESULT: {"using":"xpath","value":"//table[contains(@id, \"listView-innerSelectionPanelTable-listUl\")]/tbody/tr[18]/td[3]/div/div/span/span[1]/bdi"}
COMMAND: POST /session/6f873cfbd9220f733b1c899e801fac9f/execute/sync - {"script":"<script> [56 bytes]","args":[{"element-6066-11e4-a52e-4f735466cecf":"f.0D8D1E8C4444AAF4F6CCCAD0803F9B10.d.83DABABCCBFA67F35F452BC2359F540E.e.6793","ELEMENT":"f.0D8D1E8C4444AAF4F6CCCAD0803F9B10.d.83DABABCCBFA67F35F452BC2359F540E.e.6793"}]}
RESULT: {"script":"<script> [56 bytes]","args":[{"element-6066-11e4-a52e-4f735466cecf":"f.0D8D1E8C4444AAF4F6CCCAD0803F9B10.d.83DABABCCBFA67F35F452BC2359F540E.e.6793","ELEMENT":"f.0D8D1E8C4444AAF4F6CCCAD0803F9B10.d.83DABABCCBFA67F35F452BC2359F540E.e.6793"}]}
COMMAND: GET /session/6f873cfbd9220f733b1c899e801fac9f/element/f.0D8D1E8C4444AAF4F6CCCAD0803F9B10.d.83DABABCCBFA67F35F452BC2359F540E.e.6792/attribute/aria-checked - {}
COMMAND: GET /session/6f873cfbd9220f733b1c899e801fac9f/screenshot - {}
RESULT: {}
COMMAND: POST /session/6f873cfbd9220f733b1c899e801fac9f/element - {"using":"xpath","value":"//table[contains(@id, \"listView-innerSelectionPanelTable-listUl\")]/tbody/tr[19]/td[2]/div/div"}
RESULT: {}
RESULT: {"using":"xpath","value":"//table[contains(@id, \"listView-innerSelectionPanelTable-listUl\")]/tbody/tr[19]/td[2]/div/div"}
COMMAND: POST /session/6f873cfbd9220f733b1c899e801fac9f/element - {"using":"xpath","value":"//table[contains(@id, \"listView-innerSelectionPanelTable-listUl\")]/tbody/tr[19]/td[2]/div"}
RESULT: {"using":"xpath","value":"//table[contains(@id, \"listView-innerSelectionPanelTable-listUl\")]/tbody/tr[19]/td[2]/div"}
COMMAND: POST /session/6f873cfbd9220f733b1c899e801fac9f/element - {"using":"xpath","value":"//table[contains(@id, \"listView-innerSelectionPanelTable-listUl\")]/tbody/tr[19]/td[3]/div/div/span/span[1]/bdi"}
RESULT: {"using":"xpath","value":"//table[contains(@id, \"listView-innerSelectionPanelTable-listUl\")]/tbody/tr[19]/td[3]/div/div/span/span[1]/bdi"}
COMMAND: POST /session/6f873cfbd9220f733b1c899e801fac9f/execute/sync - {"script":"<script> [56 bytes]","args":[{"element-6066-11e4-a52e-4f735466cecf":"f.0D8D1E8C4444AAF4F6CCCAD0803F9B10.d.83DABABCCBFA67F35F452BC2359F540E.e.6796","ELEMENT":"f.0D8D1E8C4444AAF4F6CCCAD0803F9B10.d.83DABABCCBFA67F35F452BC2359F540E.e.6796"}]}
RESULT: {"script":"<script> [56 bytes]","args":[{"element-6066-11e4-a52e-4f735466cecf":"f.0D8D1E8C4444AAF4F6CCCAD0803F9B10.d.83DABABCCBFA67F35F452BC2359F540E.e.6796","ELEMENT":"f.0D8D1E8C4444AAF4F6CCCAD0803F9B10.d.83DABABCCBFA67F35F452BC2359F540E.e.6796"}]}
COMMAND: GET /session/6f873cfbd9220f733b1c899e801fac9f/element/f.0D8D1E8C4444AAF4F6CCCAD0803F9B10.d.83DABABCCBFA67F35F452BC2359F540E.e.6795/attribute/aria-checked - {}
COMMAND: GET /session/6f873cfbd9220f733b1c899e801fac9f/screenshot - {}
RESULT: {}
COMMAND: POST /session/6f873cfbd9220f733b1c899e801fac9f/element - {"using":"xpath","value":"//table[contains(@id, \"listView-innerSelectionPanelTable-listUl\")]/tbody/tr[20]/td[2]/div/div"}
RESULT: {}
RESULT: {"using":"xpath","value":"//table[contains(@id, \"listView-innerSelectionPanelTable-listUl\")]/tbody/tr[20]/td[2]/div/div"}
COMMAND: POST /session/6f873cfbd9220f733b1c899e801fac9f/element - {"using":"xpath","value":"//table[contains(@id, \"listView-innerSelectionPanelTable-listUl\")]/tbody/tr[20]/td[2]/div"}
RESULT: {"using":"xpath","value":"//table[contains(@id, \"listView-innerSelectionPanelTable-listUl\")]/tbody/tr[20]/td[2]/div"}
COMMAND: POST /session/6f873cfbd9220f733b1c899e801fac9f/element - {"using":"xpath","value":"//table[contains(@id, \"listView-innerSelectionPanelTable-listUl\")]/tbody/tr[20]/td[3]/div/div/span/span[1]/bdi"}
RESULT: {"using":"xpath","value":"//table[contains(@id, \"listView-innerSelectionPanelTable-listUl\")]/tbody/tr[20]/td[3]/div/div/span/span[1]/bdi"}
COMMAND: POST /session/6f873cfbd9220f733b1c899e801fac9f/execute/sync - {"script":"<script> [56 bytes]","args":[{"element-6066-11e4-a52e-4f735466cecf":"f.0D8D1E8C4444AAF4F6CCCAD0803F9B10.d.83DABABCCBFA67F35F452BC2359F540E.e.6799","ELEMENT":"f.0D8D1E8C4444AAF4F6CCCAD0803F9B10.d.83DABABCCBFA67F35F452BC2359F540E.e.6799"}]}
RESULT: {"script":"<script> [56 bytes]","args":[{"element-6066-11e4-a52e-4f735466cecf":"f.0D8D1E8C4444AAF4F6CCCAD0803F9B10.d.83DABABCCBFA67F35F452BC2359F540E.e.6799","ELEMENT":"f.0D8D1E8C4444AAF4F6CCCAD0803F9B10.d.83DABABCCBFA67F35F452BC2359F540E.e.6799"}]}
COMMAND: GET /session/6f873cfbd9220f733b1c899e801fac9f/element/f.0D8D1E8C4444AAF4F6CCCAD0803F9B10.d.83DABABCCBFA67F35F452BC2359F540E.e.6798/attribute/aria-checked - {}
COMMAND: GET /session/6f873cfbd9220f733b1c899e801fac9f/screenshot - {}
RESULT: {}
COMMAND: POST /session/6f873cfbd9220f733b1c899e801fac9f/element - {"using":"xpath","value":"//table[contains(@id, \"listView-innerSelectionPanelTable-listUl\")]/tbody/tr[21]/td[2]/div/div"}
RESULT: {}
RESULT: {"using":"xpath","value":"//table[contains(@id, \"listView-innerSelectionPanelTable-listUl\")]/tbody/tr[21]/td[2]/div/div"}
COMMAND: POST /session/6f873cfbd9220f733b1c899e801fac9f/element - {"using":"xpath","value":"//table[contains(@id, \"listView-innerSelectionPanelTable-listUl\")]/tbody/tr[21]/td[2]/div"}
RESULT: {"using":"xpath","value":"//table[contains(@id, \"listView-innerSelectionPanelTable-listUl\")]/tbody/tr[21]/td[2]/div"}
COMMAND: POST /session/6f873cfbd9220f733b1c899e801fac9f/element - {"using":"xpath","value":"//table[contains(@id, \"listView-innerSelectionPanelTable-listUl\")]/tbody/tr[21]/td[3]/div/div/span/span[1]/bdi"}
RESULT: {"using":"xpath","value":"//table[contains(@id, \"listView-innerSelectionPanelTable-listUl\")]/tbody/tr[21]/td[3]/div/div/span/span[1]/bdi"}
COMMAND: POST /session/6f873cfbd9220f733b1c899e801fac9f/execute/sync - {"script":"<script> [56 bytes]","args":[{"element-6066-11e4-a52e-4f735466cecf":"f.0D8D1E8C4444AAF4F6CCCAD0803F9B10.d.83DABABCCBFA67F35F452BC2359F540E.e.6802","ELEMENT":"f.0D8D1E8C4444AAF4F6CCCAD0803F9B10.d.83DABABCCBFA67F35F452BC2359F540E.e.6802"}]}
RESULT: {"script":"<script> [56 bytes]","args":[{"element-6066-11e4-a52e-4f735466cecf":"f.0D8D1E8C4444AAF4F6CCCAD0803F9B10.d.83DABABCCBFA67F35F452BC2359F540E.e.6802","ELEMENT":"f.0D8D1E8C4444AAF4F6CCCAD0803F9B10.d.83DABABCCBFA67F35F452BC2359F540E.e.6802"}]}
COMMAND: GET /session/6f873cfbd9220f733b1c899e801fac9f/element/f.0D8D1E8C4444AAF4F6CCCAD0803F9B10.d.83DABABCCBFA67F35F452BC2359F540E.e.6801/attribute/aria-checked - {}
COMMAND: GET /session/6f873cfbd9220f733b1c899e801fac9f/screenshot - {}
RESULT: {}
COMMAND: POST /session/6f873cfbd9220f733b1c899e801fac9f/element - {"using":"xpath","value":"//table[contains(@id, \"listView-innerSelectionPanelTable-listUl\")]/tbody/tr[22]/td[2]/div/div"}
RESULT: {}
RESULT: {"using":"xpath","value":"//table[contains(@id, \"listView-innerSelectionPanelTable-listUl\")]/tbody/tr[22]/td[2]/div/div"}
COMMAND: POST /session/6f873cfbd9220f733b1c899e801fac9f/element - {"using":"xpath","value":"//table[contains(@id, \"listView-innerSelectionPanelTable-listUl\")]/tbody/tr[22]/td[2]/div"}
RESULT: {"using":"xpath","value":"//table[contains(@id, \"listView-innerSelectionPanelTable-listUl\")]/tbody/tr[22]/td[2]/div"}
COMMAND: POST /session/6f873cfbd9220f733b1c899e801fac9f/element - {"using":"xpath","value":"//table[contains(@id, \"listView-innerSelectionPanelTable-listUl\")]/tbody/tr[22]/td[3]/div/div/span/span[1]/bdi"}
RESULT: {"using":"xpath","value":"//table[contains(@id, \"listView-innerSelectionPanelTable-listUl\")]/tbody/tr[22]/td[3]/div/div/span/span[1]/bdi"}
COMMAND: POST /session/6f873cfbd9220f733b1c899e801fac9f/execute/sync - {"script":"<script> [56 bytes]","args":[{"element-6066-11e4-a52e-4f735466cecf":"f.0D8D1E8C4444AAF4F6CCCAD0803F9B10.d.83DABABCCBFA67F35F452BC2359F540E.e.6805","ELEMENT":"f.0D8D1E8C4444AAF4F6CCCAD0803F9B10.d.83DABABCCBFA67F35F452BC2359F540E.e.6805"}]}
RESULT: {"script":"<script> [56 bytes]","args":[{"element-6066-11e4-a52e-4f735466cecf":"f.0D8D1E8C4444AAF4F6CCCAD0803F9B10.d.83DABABCCBFA67F35F452BC2359F540E.e.6805","ELEMENT":"f.0D8D1E8C4444AAF4F6CCCAD0803F9B10.d.83DABABCCBFA67F35F452BC2359F540E.e.6805"}]}
COMMAND: GET /session/6f873cfbd9220f733b1c899e801fac9f/element/f.0D8D1E8C4444AAF4F6CCCAD0803F9B10.d.83DABABCCBFA67F35F452BC2359F540E.e.6804/attribute/aria-checked - {}
COMMAND: GET /session/6f873cfbd9220f733b1c899e801fac9f/screenshot - {}
RESULT: {}
COMMAND: POST /session/6f873cfbd9220f733b1c899e801fac9f/element - {"using":"xpath","value":"//table[contains(@id, \"listView-innerSelectionPanelTable-listUl\")]/tbody/tr[23]/td[2]/div/div"}
RESULT: {}
RESULT: {"using":"xpath","value":"//table[contains(@id, \"listView-innerSelectionPanelTable-listUl\")]/tbody/tr[23]/td[2]/div/div"}
COMMAND: POST /session/6f873cfbd9220f733b1c899e801fac9f/element - {"using":"xpath","value":"//table[contains(@id, \"listView-innerSelectionPanelTable-listUl\")]/tbody/tr[23]/td[2]/div"}
RESULT: {"using":"xpath","value":"//table[contains(@id, \"listView-innerSelectionPanelTable-listUl\")]/tbody/tr[23]/td[2]/div"}
COMMAND: POST /session/6f873cfbd9220f733b1c899e801fac9f/element - {"using":"xpath","value":"//table[contains(@id, \"listView-innerSelectionPanelTable-listUl\")]/tbody/tr[23]/td[3]/div/div/span/span[1]/bdi"}
RESULT: {"using":"xpath","value":"//table[contains(@id, \"listView-innerSelectionPanelTable-listUl\")]/tbody/tr[23]/td[3]/div/div/span/span[1]/bdi"}
COMMAND: POST /session/6f873cfbd9220f733b1c899e801fac9f/execute/sync - {"script":"<script> [56 bytes]","args":[{"element-6066-11e4-a52e-4f735466cecf":"f.0D8D1E8C4444AAF4F6CCCAD0803F9B10.d.83DABABCCBFA67F35F452BC2359F540E.e.6808","ELEMENT":"f.0D8D1E8C4444AAF4F6CCCAD0803F9B10.d.83DABABCCBFA67F35F452BC2359F540E.e.6808"}]}
RESULT: {"script":"<script> [56 bytes]","args":[{"element-6066-11e4-a52e-4f735466cecf":"f.0D8D1E8C4444AAF4F6CCCAD0803F9B10.d.83DABABCCBFA67F35F452BC2359F540E.e.6808","ELEMENT":"f.0D8D1E8C4444AAF4F6CCCAD0803F9B10.d.83DABABCCBFA67F35F452BC2359F540E.e.6808"}]}
COMMAND: GET /session/6f873cfbd9220f733b1c899e801fac9f/element/f.0D8D1E8C4444AAF4F6CCCAD0803F9B10.d.83DABABCCBFA67F35F452BC2359F540E.e.6807/attribute/aria-checked - {}
COMMAND: GET /session/6f873cfbd9220f733b1c899e801fac9f/screenshot - {}
RESULT: {}
COMMAND: POST /session/6f873cfbd9220f733b1c899e801fac9f/element - {"using":"xpath","value":"//table[contains(@id, \"listView-innerSelectionPanelTable-listUl\")]/tbody/tr[24]/td[2]/div/div"}
RESULT: {}
RESULT: {"using":"xpath","value":"//table[contains(@id, \"listView-innerSelectionPanelTable-listUl\")]/tbody/tr[24]/td[2]/div/div"}
COMMAND: POST /session/6f873cfbd9220f733b1c899e801fac9f/element - {"using":"xpath","value":"//table[contains(@id, \"listView-innerSelectionPanelTable-listUl\")]/tbody/tr[24]/td[2]/div"}
RESULT: {"using":"xpath","value":"//table[contains(@id, \"listView-innerSelectionPanelTable-listUl\")]/tbody/tr[24]/td[2]/div"}
COMMAND: POST /session/6f873cfbd9220f733b1c899e801fac9f/element - {"using":"xpath","value":"//table[contains(@id, \"listView-innerSelectionPanelTable-listUl\")]/tbody/tr[24]/td[3]/div/div/span/span[1]/bdi"}
RESULT: {"using":"xpath","value":"//table[contains(@id, \"listView-innerSelectionPanelTable-listUl\")]/tbody/tr[24]/td[3]/div/div/span/span[1]/bdi"}
COMMAND: POST /session/6f873cfbd9220f733b1c899e801fac9f/execute/sync - {"script":"<script> [56 bytes]","args":[{"element-6066-11e4-a52e-4f735466cecf":"f.0D8D1E8C4444AAF4F6CCCAD0803F9B10.d.83DABABCCBFA67F35F452BC2359F540E.e.6811","ELEMENT":"f.0D8D1E8C4444AAF4F6CCCAD0803F9B10.d.83DABABCCBFA67F35F452BC2359F540E.e.6811"}]}
RESULT: {"script":"<script> [56 bytes]","args":[{"element-6066-11e4-a52e-4f735466cecf":"f.0D8D1E8C4444AAF4F6CCCAD0803F9B10.d.83DABABCCBFA67F35F452BC2359F540E.e.6811","ELEMENT":"f.0D8D1E8C4444AAF4F6CCCAD0803F9B10.d.83DABABCCBFA67F35F452BC2359F540E.e.6811"}]}
COMMAND: GET /session/6f873cfbd9220f733b1c899e801fac9f/element/f.0D8D1E8C4444AAF4F6CCCAD0803F9B10.d.83DABABCCBFA67F35F452BC2359F540E.e.6810/attribute/aria-checked - {}
COMMAND: GET /session/6f873cfbd9220f733b1c899e801fac9f/screenshot - {}
RESULT: {}
COMMAND: POST /session/6f873cfbd9220f733b1c899e801fac9f/element - {"using":"xpath","value":"//table[contains(@id, \"listView-innerSelectionPanelTable-listUl\")]/tbody/tr[25]/td[2]/div/div"}
RESULT: {}
RESULT: {"using":"xpath","value":"//table[contains(@id, \"listView-innerSelectionPanelTable-listUl\")]/tbody/tr[25]/td[2]/div/div"}
COMMAND: POST /session/6f873cfbd9220f733b1c899e801fac9f/element - {"using":"xpath","value":"//table[contains(@id, \"listView-innerSelectionPanelTable-listUl\")]/tbody/tr[25]/td[2]/div"}
RESULT: {"using":"xpath","value":"//table[contains(@id, \"listView-innerSelectionPanelTable-listUl\")]/tbody/tr[25]/td[2]/div"}
COMMAND: POST /session/6f873cfbd9220f733b1c899e801fac9f/element - {"using":"xpath","value":"//table[contains(@id, \"listView-innerSelectionPanelTable-listUl\")]/tbody/tr[25]/td[3]/div/div/span/span[1]/bdi"}
RESULT: {"using":"xpath","value":"//table[contains(@id, \"listView-innerSelectionPanelTable-listUl\")]/tbody/tr[25]/td[3]/div/div/span/span[1]/bdi"}
COMMAND: POST /session/6f873cfbd9220f733b1c899e801fac9f/execute/sync - {"script":"<script> [56 bytes]","args":[{"element-6066-11e4-a52e-4f735466cecf":"f.0D8D1E8C4444AAF4F6CCCAD0803F9B10.d.83DABABCCBFA67F35F452BC2359F540E.e.6814","ELEMENT":"f.0D8D1E8C4444AAF4F6CCCAD0803F9B10.d.83DABABCCBFA67F35F452BC2359F540E.e.6814"}]}
RESULT: {"script":"<script> [56 bytes]","args":[{"element-6066-11e4-a52e-4f735466cecf":"f.0D8D1E8C4444AAF4F6CCCAD0803F9B10.d.83DABABCCBFA67F35F452BC2359F540E.e.6814","ELEMENT":"f.0D8D1E8C4444AAF4F6CCCAD0803F9B10.d.83DABABCCBFA67F35F452BC2359F540E.e.6814"}]}
COMMAND: GET /session/6f873cfbd9220f733b1c899e801fac9f/element/f.0D8D1E8C4444AAF4F6CCCAD0803F9B10.d.83DABABCCBFA67F35F452BC2359F540E.e.6813/attribute/aria-checked - {}
COMMAND: GET /session/6f873cfbd9220f733b1c899e801fac9f/screenshot - {}
RESULT: {}
COMMAND: POST /session/6f873cfbd9220f733b1c899e801fac9f/element - {"using":"xpath","value":"//bdi[contains(text(), \"OK\")]"}
RESULT: {}
RESULT: {"using":"xpath","value":"//bdi[contains(text(), \"OK\")]"}
COMMAND: POST /session/6f873cfbd9220f733b1c899e801fac9f/element/f.0D8D1E8C4444AAF4F6CCCAD0803F9B10.d.83DABABCCBFA67F35F452BC2359F540E.e.6815/click - {}
RESULT: {}
COMMAND: GET /session/6f873cfbd9220f733b1c899e801fac9f/screenshot - {}
RESULT: {}
COMMAND: POST /session/6f873cfbd9220f733b1c899e801fac9f/execute/async - {"script":"<script> [1562 bytes]","args":[{"selector":{"id":"application-managepartners-display-component---masterPtm--smartFilterBar-filterItemControlA_-LINK_TO_ADDRESSES_MAIN.CITY1-vhi"},"wdio_ui5_key":"applicationmanagepartners-display-component---masterPtm--smartFilterBar-filterItemControlA_-LINK_TO_ADDRESSES_MAIN.CITY1-vhi"}]}
RESULT: {"script":"<script> [1562 bytes]","args":[{"selector":{"id":"application-managepartners-display-component---masterPtm--smartFilterBar-filterItemControlA_-LINK_TO_ADDRESSES_MAIN.CITY1-vhi"},"wdio_ui5_key":"applicationmanagepartners-display-component---masterPtm--smartFilterBar-filterItemControlA_-LINK_TO_ADDRESSES_MAIN.CITY1-vhi"}]}
RESULT: undefined
COMMAND: POST /session/6f873cfbd9220f733b1c899e801fac9f/element - {"using":"xpath","value":"//*[@id=\"application-managepartners-display-component---masterPtm--smartFilterBar-filterItemControlA_-LINK_TO_ADDRESSES_MAIN.CITY1-vhi\"]"}
RESULT: {"using":"xpath","value":"//*[@id=\"application-managepartners-display-component---masterPtm--smartFilterBar-filterItemControlA_-LINK_TO_ADDRESSES_MAIN.CITY1-vhi\"]"}
COMMAND: POST /session/6f873cfbd9220f733b1c899e801fac9f/element/f.0D8D1E8C4444AAF4F6CCCAD0803F9B10.d.83DABABCCBFA67F35F452BC2359F540E.e.6829/click - {}
RESULT: {}
COMMAND: GET /session/6f873cfbd9220f733b1c899e801fac9f/screenshot - {}
RESULT: {}
COMMAND: POST /session/6f873cfbd9220f733b1c899e801fac9f/execute/async - {"script":"<script> [1562 bytes]","args":[{"selector":{"controlType":"sap.m.Input","viewName":"etm.portal.ui.managepartners.view.Master","viewId":"application-managepartners-display-component---masterPtm","properties":{"valueState":"None"},"searchOpenDialogs":true,"interaction":{"idSuffix":"inner"}},"wdio_ui5_key":"etmportal.ui.managepartners.view.Mastersap.m.Input{\"valueState\":\"None\"}"}]}
RESULT: {"script":"<script> [1562 bytes]","args":[{"selector":{"controlType":"sap.m.Input","viewName":"etm.portal.ui.managepartners.view.Master","viewId":"application-managepartners-display-component---masterPtm","properties":{"valueState":"None"},"searchOpenDialogs":true,"interaction":{"idSuffix":"inner"}},"wdio_ui5_key":"etmportal.ui.managepartners.view.Mastersap.m.Input{\"valueState\":\"None\"}"}]}
RESULT: undefined
COMMAND: POST /session/6f873cfbd9220f733b1c899e801fac9f/execute/async - {"script":"<script> [776 bytes]","args":[{"enterText":"Bangalore","selector":{"controlType":"sap.m.Input","viewName":"etm.portal.ui.managepartners.view.Master","viewId":"application-managepartners-display-component---masterPtm","properties":{"valueState":"None"},"searchOpenDialogs":true,"interaction":{"idSuffix":"inner"}},"clearTextFirst":true,"interactionType":"ENTER_TEXT"}]}
RESULT: {"script":"<script> [776 bytes]","args":[{"enterText":"Bangalore","selector":{"controlType":"sap.m.Input","viewName":"etm.portal.ui.managepartners.view.Master","viewId":"application-managepartners-display-component---masterPtm","properties":{"valueState":"None"},"searchOpenDialogs":true,"interaction":{"idSuffix":"inner"}},"clearTextFirst":true,"interactionType":"ENTER_TEXT"}]}
COMMAND: POST /session/6f873cfbd9220f733b1c899e801fac9f/actions - {"actions":[{"id":"action20","type":"key","parameters":{},"actions":[{"type":"keyDown","value":"î€‡"},{"type":"pause","duration":10},{"type":"keyUp","value":"î€‡"}]}]}
RESULT: {"actions":[{"id":"action20","type":"key","parameters":{},"actions":[{"type":"keyDown","value":"î€‡"},{"type":"pause","duration":10},{"type":"keyUp","value":"î€‡"}]}]}
COMMAND: GET /session/6f873cfbd9220f733b1c899e801fac9f/screenshot - {}
RESULT: {}
COMMAND: POST /session/6f873cfbd9220f733b1c899e801fac9f/element - {"using":"xpath","value":"(//bdi[contains(text(), \"OK\")])[1]"}
RESULT: {"using":"xpath","value":"(//bdi[contains(text(), \"OK\")])[1]"}
COMMAND: POST /session/6f873cfbd9220f733b1c899e801fac9f/element/f.0D8D1E8C4444AAF4F6CCCAD0803F9B10.d.83DABABCCBFA67F35F452BC2359F540E.e.6835/click - {}
RESULT: {}
COMMAND: GET /session/6f873cfbd9220f733b1c899e801fac9f/screenshot - {}
RESULT: {}
COMMAND: POST /session/6f873cfbd9220f733b1c899e801fac9f/element - {"using":"xpath","value":"//span[@id=\"application-managepartners-display-component---masterPtm--smartTable-header-inner\"]"}
RESULT: {"using":"xpath","value":"//span[@id=\"application-managepartners-display-component---masterPtm--smartTable-header-inner\"]"}
COMMAND: POST /session/6f873cfbd9220f733b1c899e801fac9f/elements - {"using":"xpath","value":"//span[@id=\"application-managepartners-display-component---masterPtm--smartTable-header-inner\"]"}
RESULT: {"using":"xpath","value":"//span[@id=\"application-managepartners-display-component---masterPtm--smartTable-header-inner\"]"}
COMMAND: POST /session/6f873cfbd9220f733b1c899e801fac9f/execute/sync - {"script":"<script> [56 bytes]","args":[{"element-6066-11e4-a52e-4f735466cecf":"f.0D8D1E8C4444AAF4F6CCCAD0803F9B10.d.83DABABCCBFA67F35F452BC2359F540E.e.5985","ELEMENT":"f.0D8D1E8C4444AAF4F6CCCAD0803F9B10.d.83DABABCCBFA67F35F452BC2359F540E.e.5985"}]}
RESULT: {"script":"<script> [56 bytes]","args":[{"element-6066-11e4-a52e-4f735466cecf":"f.0D8D1E8C4444AAF4F6CCCAD0803F9B10.d.83DABABCCBFA67F35F452BC2359F540E.e.5985","ELEMENT":"f.0D8D1E8C4444AAF4F6CCCAD0803F9B10.d.83DABABCCBFA67F35F452BC2359F540E.e.5985"}]}
COMMAND: GET /session/6f873cfbd9220f733b1c899e801fac9f/screenshot - {}
COMMAND: GET /session/6f873cfbd9220f733b1c899e801fac9f/screenshot - {}
RESULT: {}
]]></system-out>
      <system-err><![CDATA[
TypeError: Cannot read properties of null (reading '0')
    at Context.<anonymous> (D:\a\1\s\test\specs\BTS\manage-partners.spec.js:664:91)
]]></system-err>
    </testcase>
    <testcase classname="chrome.136_0_7103_49.windows.Partner_specific_tests_US150819_US151080_US151654_US151176_US103444_US151078_US151079_US151109_US151174_US151175_US151189" name="Should do filtering and navigation tests US151109" time="146.999">
      <skipped />
      <system-out><![CDATA[
COMMAND: POST /session/6f873cfbd9220f733b1c899e801fac9f/element - {"using":"xpath","value":"//li[.//span[text()=\"Manage Partners\"]]"}
RESULT: {}
RESULT: {"using":"xpath","value":"//li[.//span[text()=\"Manage Partners\"]]"}
COMMAND: POST /session/6f873cfbd9220f733b1c899e801fac9f/element - {"using":"xpath","value":"//li[.//span[text()=\"Manage Partners\"]]"}
RESULT: {"using":"xpath","value":"//li[.//span[text()=\"Manage Partners\"]]"}
COMMAND: POST /session/6f873cfbd9220f733b1c899e801fac9f/element - {"using":"css selector","value":"#shell-header-logo"}
RESULT: {"using":"css selector","value":"#shell-header-logo"}
COMMAND: POST /session/6f873cfbd9220f733b1c899e801fac9f/element/f.0D8D1E8C4444AAF4F6CCCAD0803F9B10.d.83DABABCCBFA67F35F452BC2359F540E.e.5816/click - {}
COMMAND: POST /session/6f873cfbd9220f733b1c899e801fac9f/execute/sync - {"script":"<script> [8489 bytes]","args":[{"element-6066-11e4-a52e-4f735466cecf":"f.0D8D1E8C4444AAF4F6CCCAD0803F9B10.d.83DABABCCBFA67F35F452BC2359F540E.e.5816","ELEMENT":"f.0D8D1E8C4444AAF4F6CCCAD0803F9B10.d.83DABABCCBFA67F35F452BC2359F540E.e.5816"}]}
RESULT: {}
COMMAND: GET /session/6f873cfbd9220f733b1c899e801fac9f/screenshot - {}
COMMAND: POST /session/6f873cfbd9220f733b1c899e801fac9f/element - {"using":"css selector","value":"#shell-header-logo"}
RESULT: {}
RESULT: {"using":"css selector","value":"#shell-header-logo"}
COMMAND: POST /session/6f873cfbd9220f733b1c899e801fac9f/execute/sync - {"script":"<script> [8489 bytes]","args":[{"element-6066-11e4-a52e-4f735466cecf":"f.0D8D1E8C4444AAF4F6CCCAD0803F9B10.d.83DABABCCBFA67F35F452BC2359F540E.e.6839","ELEMENT":"f.0D8D1E8C4444AAF4F6CCCAD0803F9B10.d.83DABABCCBFA67F35F452BC2359F540E.e.6839"}]}
RESULT: {"script":"<script> [8489 bytes]","args":[{"element-6066-11e4-a52e-4f735466cecf":"f.0D8D1E8C4444AAF4F6CCCAD0803F9B10.d.83DABABCCBFA67F35F452BC2359F540E.e.6839","ELEMENT":"f.0D8D1E8C4444AAF4F6CCCAD0803F9B10.d.83DABABCCBFA67F35F452BC2359F540E.e.6839"}]}
COMMAND: POST /session/6f873cfbd9220f733b1c899e801fac9f/execute/sync - {"script":"<script> [5351 bytes]","args":[{"element-6066-11e4-a52e-4f735466cecf":"f.0D8D1E8C4444AAF4F6CCCAD0803F9B10.d.83DABABCCBFA67F35F452BC2359F540E.e.6839","ELEMENT":"f.0D8D1E8C4444AAF4F6CCCAD0803F9B10.d.83DABABCCBFA67F35F452BC2359F540E.e.6839"}]}
COMMAND: GET /session/6f873cfbd9220f733b1c899e801fac9f/screenshot - {}
RESULT: {"script":"<script> [5351 bytes]","args":[{"element-6066-11e4-a52e-4f735466cecf":"f.0D8D1E8C4444AAF4F6CCCAD0803F9B10.d.83DABABCCBFA67F35F452BC2359F540E.e.6839","ELEMENT":"f.0D8D1E8C4444AAF4F6CCCAD0803F9B10.d.83DABABCCBFA67F35F452BC2359F540E.e.6839"}]}
COMMAND: GET /session/6f873cfbd9220f733b1c899e801fac9f/screenshot - {}
RESULT: {}
RESULT: {}
RESULT: undefined
COMMAND: POST /session/6f873cfbd9220f733b1c899e801fac9f/element - {"using":"xpath","value":"//*[@id=\"__tile30\"]"}
RESULT: {"using":"xpath","value":"//*[@id=\"__tile30\"]"}
COMMAND: POST /session/6f873cfbd9220f733b1c899e801fac9f/element/f.0D8D1E8C4444AAF4F6CCCAD0803F9B10.d.83DABABCCBFA67F35F452BC2359F540E.e.4528/click - {}
RESULT: {}
COMMAND: POST /session/6f873cfbd9220f733b1c899e801fac9f/element - {"using":"xpath","value":"//button[@data-kt=\"addButton\"]"}
COMMAND: GET /session/6f873cfbd9220f733b1c899e801fac9f/screenshot - {}
RESULT: {"using":"xpath","value":"//button[@data-kt=\"addButton\"]"}
COMMAND: POST /session/6f873cfbd9220f733b1c899e801fac9f/elements - {"using":"xpath","value":"//button[@data-kt=\"addButton\"]"}
RESULT: {}
RESULT: {"using":"xpath","value":"//button[@data-kt=\"addButton\"]"}
COMMAND: POST /session/6f873cfbd9220f733b1c899e801fac9f/elements - {"using":"xpath","value":"//button[@data-kt=\"addButton\"]"}
RESULT: {"using":"xpath","value":"//button[@data-kt=\"addButton\"]"}
COMMAND: POST /session/6f873cfbd9220f733b1c899e801fac9f/elements - {"using":"xpath","value":"//button[@data-kt=\"addButton\"]"}
RESULT: {"using":"xpath","value":"//button[@data-kt=\"addButton\"]"}
COMMAND: POST /session/6f873cfbd9220f733b1c899e801fac9f/elements - {"using":"xpath","value":"//button[@data-kt=\"addButton\"]"}
RESULT: {"using":"xpath","value":"//button[@data-kt=\"addButton\"]"}
COMMAND: POST /session/6f873cfbd9220f733b1c899e801fac9f/elements - {"using":"xpath","value":"//button[@data-kt=\"addButton\"]"}
RESULT: {"using":"xpath","value":"//button[@data-kt=\"addButton\"]"}
COMMAND: POST /session/6f873cfbd9220f733b1c899e801fac9f/elements - {"using":"xpath","value":"//button[@data-kt=\"addButton\"]"}
RESULT: {"using":"xpath","value":"//button[@data-kt=\"addButton\"]"}
COMMAND: POST /session/6f873cfbd9220f733b1c899e801fac9f/elements - {"using":"xpath","value":"//button[@data-kt=\"addButton\"]"}
RESULT: {"using":"xpath","value":"//button[@data-kt=\"addButton\"]"}
COMMAND: POST /session/6f873cfbd9220f733b1c899e801fac9f/elements - {"using":"xpath","value":"//button[@data-kt=\"addButton\"]"}
RESULT: {"using":"xpath","value":"//button[@data-kt=\"addButton\"]"}
COMMAND: POST /session/6f873cfbd9220f733b1c899e801fac9f/elements - {"using":"xpath","value":"//button[@data-kt=\"addButton\"]"}
RESULT: {"using":"xpath","value":"//button[@data-kt=\"addButton\"]"}
COMMAND: POST /session/6f873cfbd9220f733b1c899e801fac9f/elements - {"using":"xpath","value":"//button[@data-kt=\"addButton\"]"}
RESULT: {"using":"xpath","value":"//button[@data-kt=\"addButton\"]"}
COMMAND: POST /session/6f873cfbd9220f733b1c899e801fac9f/elements - {"using":"xpath","value":"//button[@data-kt=\"addButton\"]"}
RESULT: {"using":"xpath","value":"//button[@data-kt=\"addButton\"]"}
COMMAND: POST /session/6f873cfbd9220f733b1c899e801fac9f/elements - {"using":"xpath","value":"//button[@data-kt=\"addButton\"]"}
RESULT: {"using":"xpath","value":"//button[@data-kt=\"addButton\"]"}
COMMAND: POST /session/6f873cfbd9220f733b1c899e801fac9f/elements - {"using":"xpath","value":"//button[@data-kt=\"addButton\"]"}
RESULT: {"using":"xpath","value":"//button[@data-kt=\"addButton\"]"}
COMMAND: POST /session/6f873cfbd9220f733b1c899e801fac9f/elements - {"using":"xpath","value":"//button[@data-kt=\"addButton\"]"}
RESULT: {"using":"xpath","value":"//button[@data-kt=\"addButton\"]"}
COMMAND: POST /session/6f873cfbd9220f733b1c899e801fac9f/elements - {"using":"xpath","value":"//button[@data-kt=\"addButton\"]"}
RESULT: {"using":"xpath","value":"//button[@data-kt=\"addButton\"]"}
COMMAND: POST /session/6f873cfbd9220f733b1c899e801fac9f/elements - {"using":"xpath","value":"//button[@data-kt=\"addButton\"]"}
RESULT: {"using":"xpath","value":"//button[@data-kt=\"addButton\"]"}
COMMAND: POST /session/6f873cfbd9220f733b1c899e801fac9f/elements - {"using":"xpath","value":"//button[@data-kt=\"addButton\"]"}
RESULT: {"using":"xpath","value":"//button[@data-kt=\"addButton\"]"}
COMMAND: POST /session/6f873cfbd9220f733b1c899e801fac9f/elements - {"using":"xpath","value":"//button[@data-kt=\"addButton\"]"}
RESULT: {"using":"xpath","value":"//button[@data-kt=\"addButton\"]"}
COMMAND: POST /session/6f873cfbd9220f733b1c899e801fac9f/elements - {"using":"xpath","value":"//button[@data-kt=\"addButton\"]"}
RESULT: {"using":"xpath","value":"//button[@data-kt=\"addButton\"]"}
COMMAND: POST /session/6f873cfbd9220f733b1c899e801fac9f/element - {"using":"xpath","value":"//button[@data-kt=\"addButton\"]"}
RESULT: {"using":"xpath","value":"//button[@data-kt=\"addButton\"]"}
COMMAND: POST /session/6f873cfbd9220f733b1c899e801fac9f/execute/sync - {"script":"<script> [8489 bytes]","args":[{"element-6066-11e4-a52e-4f735466cecf":"f.0D8D1E8C4444AAF4F6CCCAD0803F9B10.d.83DABABCCBFA67F35F452BC2359F540E.e.6873","ELEMENT":"f.0D8D1E8C4444AAF4F6CCCAD0803F9B10.d.83DABABCCBFA67F35F452BC2359F540E.e.6873"}]}
RESULT: {"script":"<script> [8489 bytes]","args":[{"element-6066-11e4-a52e-4f735466cecf":"f.0D8D1E8C4444AAF4F6CCCAD0803F9B10.d.83DABABCCBFA67F35F452BC2359F540E.e.6873","ELEMENT":"f.0D8D1E8C4444AAF4F6CCCAD0803F9B10.d.83DABABCCBFA67F35F452BC2359F540E.e.6873"}]}
COMMAND: GET /session/6f873cfbd9220f733b1c899e801fac9f/element/f.0D8D1E8C4444AAF4F6CCCAD0803F9B10.d.83DABABCCBFA67F35F452BC2359F540E.e.6873/enabled - {}
COMMAND: GET /session/6f873cfbd9220f733b1c899e801fac9f/screenshot - {}
RESULT: {}
COMMAND: POST /session/6f873cfbd9220f733b1c899e801fac9f/execute/sync - {"script":"<script> [8489 bytes]","args":[{"element-6066-11e4-a52e-4f735466cecf":"f.0D8D1E8C4444AAF4F6CCCAD0803F9B10.d.83DABABCCBFA67F35F452BC2359F540E.e.6873","ELEMENT":"f.0D8D1E8C4444AAF4F6CCCAD0803F9B10.d.83DABABCCBFA67F35F452BC2359F540E.e.6873"}]}
COMMAND: GET /session/6f873cfbd9220f733b1c899e801fac9f/screenshot - {}
RESULT: {}
RESULT: {"script":"<script> [8489 bytes]","args":[{"element-6066-11e4-a52e-4f735466cecf":"f.0D8D1E8C4444AAF4F6CCCAD0803F9B10.d.83DABABCCBFA67F35F452BC2359F540E.e.6873","ELEMENT":"f.0D8D1E8C4444AAF4F6CCCAD0803F9B10.d.83DABABCCBFA67F35F452BC2359F540E.e.6873"}]}
COMMAND: POST /session/6f873cfbd9220f733b1c899e801fac9f/execute/sync - {"script":"<script> [5351 bytes]","args":[{"element-6066-11e4-a52e-4f735466cecf":"f.0D8D1E8C4444AAF4F6CCCAD0803F9B10.d.83DABABCCBFA67F35F452BC2359F540E.e.6873","ELEMENT":"f.0D8D1E8C4444AAF4F6CCCAD0803F9B10.d.83DABABCCBFA67F35F452BC2359F540E.e.6873"}]}
COMMAND: GET /session/6f873cfbd9220f733b1c899e801fac9f/screenshot - {}
RESULT: {}
RESULT: {"script":"<script> [5351 bytes]","args":[{"element-6066-11e4-a52e-4f735466cecf":"f.0D8D1E8C4444AAF4F6CCCAD0803F9B10.d.83DABABCCBFA67F35F452BC2359F540E.e.6873","ELEMENT":"f.0D8D1E8C4444AAF4F6CCCAD0803F9B10.d.83DABABCCBFA67F35F452BC2359F540E.e.6873"}]}
COMMAND: GET /session/6f873cfbd9220f733b1c899e801fac9f/screenshot - {}
RESULT: {}
RESULT: {}
COMMAND: POST /session/6f873cfbd9220f733b1c899e801fac9f/element - {"using":"xpath","value":"//span[@id=\"application-managepartners-display-component---masterPtm--smartTable-header-inner\"]"}
RESULT: {"using":"xpath","value":"//span[@id=\"application-managepartners-display-component---masterPtm--smartTable-header-inner\"]"}
COMMAND: POST /session/6f873cfbd9220f733b1c899e801fac9f/elements - {"using":"xpath","value":"//span[@id=\"application-managepartners-display-component---masterPtm--smartTable-header-inner\"]"}
RESULT: {"using":"xpath","value":"//span[@id=\"application-managepartners-display-component---masterPtm--smartTable-header-inner\"]"}
COMMAND: POST /session/6f873cfbd9220f733b1c899e801fac9f/execute/sync - {"script":"<script> [56 bytes]","args":[{"element-6066-11e4-a52e-4f735466cecf":"f.0D8D1E8C4444AAF4F6CCCAD0803F9B10.d.83DABABCCBFA67F35F452BC2359F540E.e.7007","ELEMENT":"f.0D8D1E8C4444AAF4F6CCCAD0803F9B10.d.83DABABCCBFA67F35F452BC2359F540E.e.7007"}]}
RESULT: {"script":"<script> [56 bytes]","args":[{"element-6066-11e4-a52e-4f735466cecf":"f.0D8D1E8C4444AAF4F6CCCAD0803F9B10.d.83DABABCCBFA67F35F452BC2359F540E.e.7007","ELEMENT":"f.0D8D1E8C4444AAF4F6CCCAD0803F9B10.d.83DABABCCBFA67F35F452BC2359F540E.e.7007"}]}
RESULT: undefined
COMMAND: POST /session/6f873cfbd9220f733b1c899e801fac9f/execute/async - {"script":"<script> [776 bytes]","args":[{"enterText":"External Partner WDIO","selector":{"id":"application-managepartners-display-component---masterPtm--smartFilterBar-btnBasicSearch","interaction":{"idSuffix":"I"}},"clearTextFirst":true,"interactionType":"ENTER_TEXT"}]}
COMMAND: GET /session/6f873cfbd9220f733b1c899e801fac9f/screenshot - {}
RESULT: {"script":"<script> [776 bytes]","args":[{"enterText":"External Partner WDIO","selector":{"id":"application-managepartners-display-component---masterPtm--smartFilterBar-btnBasicSearch","interaction":{"idSuffix":"I"}},"clearTextFirst":true,"interactionType":"ENTER_TEXT"}]}
RESULT: {}
COMMAND: POST /session/6f873cfbd9220f733b1c899e801fac9f/actions - {"actions":[{"id":"action21","type":"key","parameters":{},"actions":[{"type":"keyDown","value":"î€‡"},{"type":"pause","duration":10},{"type":"keyUp","value":"î€‡"}]}]}
RESULT: {"actions":[{"id":"action21","type":"key","parameters":{},"actions":[{"type":"keyDown","value":"î€‡"},{"type":"pause","duration":10},{"type":"keyUp","value":"î€‡"}]}]}
COMMAND: GET /session/6f873cfbd9220f733b1c899e801fac9f/screenshot - {}
RESULT: {}
COMMAND: POST /session/6f873cfbd9220f733b1c899e801fac9f/element - {"using":"xpath","value":"//span[@id=\"application-managepartners-display-component---masterPtm--smartTable-header-inner\"]"}
RESULT: {"using":"xpath","value":"//span[@id=\"application-managepartners-display-component---masterPtm--smartTable-header-inner\"]"}
COMMAND: POST /session/6f873cfbd9220f733b1c899e801fac9f/elements - {"using":"xpath","value":"//span[@id=\"application-managepartners-display-component---masterPtm--smartTable-header-inner\"]"}
RESULT: {"using":"xpath","value":"//span[@id=\"application-managepartners-display-component---masterPtm--smartTable-header-inner\"]"}
COMMAND: POST /session/6f873cfbd9220f733b1c899e801fac9f/execute/sync - {"script":"<script> [56 bytes]","args":[{"element-6066-11e4-a52e-4f735466cecf":"f.0D8D1E8C4444AAF4F6CCCAD0803F9B10.d.83DABABCCBFA67F35F452BC2359F540E.e.7007","ELEMENT":"f.0D8D1E8C4444AAF4F6CCCAD0803F9B10.d.83DABABCCBFA67F35F452BC2359F540E.e.7007"}]}
RESULT: {"script":"<script> [56 bytes]","args":[{"element-6066-11e4-a52e-4f735466cecf":"f.0D8D1E8C4444AAF4F6CCCAD0803F9B10.d.83DABABCCBFA67F35F452BC2359F540E.e.7007","ELEMENT":"f.0D8D1E8C4444AAF4F6CCCAD0803F9B10.d.83DABABCCBFA67F35F452BC2359F540E.e.7007"}]}
COMMAND: POST /session/6f873cfbd9220f733b1c899e801fac9f/element - {"using":"xpath","value":"//div[contains(@id, \"managepartners-display-component---masterPtm--smartFilterBar-btnBasicSearch-reset\")]"}
COMMAND: GET /session/6f873cfbd9220f733b1c899e801fac9f/screenshot - {}
RESULT: {"using":"xpath","value":"//div[contains(@id, \"managepartners-display-component---masterPtm--smartFilterBar-btnBasicSearch-reset\")]"}
COMMAND: POST /session/6f873cfbd9220f733b1c899e801fac9f/element/f.0D8D1E8C4444AAF4F6CCCAD0803F9B10.d.83DABABCCBFA67F35F452BC2359F540E.e.7090/click - {}
RESULT: {}
RESULT: {}
COMMAND: GET /session/6f873cfbd9220f733b1c899e801fac9f/screenshot - {}
RESULT: {}
RESULT: undefined
COMMAND: POST /session/6f873cfbd9220f733b1c899e801fac9f/element - {"using":"xpath","value":"//*[@id=\"application-managepartners-display-component---masterPtm--smartFilterBar-filterItemControl_BASIC-MAIN_ADDRESS-vhi\"]"}
RESULT: {"using":"xpath","value":"//*[@id=\"application-managepartners-display-component---masterPtm--smartFilterBar-filterItemControl_BASIC-MAIN_ADDRESS-vhi\"]"}
COMMAND: POST /session/6f873cfbd9220f733b1c899e801fac9f/element/f.0D8D1E8C4444AAF4F6CCCAD0803F9B10.d.83DABABCCBFA67F35F452BC2359F540E.e.7165/click - {}
RESULT: {}
COMMAND: GET /session/6f873cfbd9220f733b1c899e801fac9f/screenshot - {}
RESULT: {}
RESULT: undefined
COMMAND: POST /session/6f873cfbd9220f733b1c899e801fac9f/execute/async - {"script":"<script> [776 bytes]","args":[{"enterText":"Romania","selector":{"id":"application-managepartners-display-component---masterPtm--smartFilterBar-filterItemControl_BASIC-MAIN_ADDRESS-valueHelpDialog-smartFilterBar-btnBasicSearch","searchOpenDialogs":true,"interaction":{"idSuffix":"I"}},"clearTextFirst":true,"interactionType":"ENTER_TEXT"}]}
RESULT: {"script":"<script> [776 bytes]","args":[{"enterText":"Romania","selector":{"id":"application-managepartners-display-component---masterPtm--smartFilterBar-filterItemControl_BASIC-MAIN_ADDRESS-valueHelpDialog-smartFilterBar-btnBasicSearch","searchOpenDialogs":true,"interaction":{"idSuffix":"I"}},"clearTextFirst":true,"interactionType":"ENTER_TEXT"}]}
COMMAND: POST /session/6f873cfbd9220f733b1c899e801fac9f/actions - {"actions":[{"id":"action22","type":"key","parameters":{},"actions":[{"type":"keyDown","value":"î€‡"},{"type":"pause","duration":10},{"type":"keyUp","value":"î€‡"}]}]}
RESULT: {"actions":[{"id":"action22","type":"key","parameters":{},"actions":[{"type":"keyDown","value":"î€‡"},{"type":"pause","duration":10},{"type":"keyUp","value":"î€‡"}]}]}
COMMAND: POST /session/6f873cfbd9220f733b1c899e801fac9f/elements - {"using":"xpath","value":"//table[contains(@id, \"smartFilterBar-filterItemControl_BASIC-MAIN_ADDRESS-valueHelpDialog-table-table\")]/tbody/tr"}
COMMAND: GET /session/6f873cfbd9220f733b1c899e801fac9f/screenshot - {}
RESULT: {"using":"xpath","value":"//table[contains(@id, \"smartFilterBar-filterItemControl_BASIC-MAIN_ADDRESS-valueHelpDialog-table-table\")]/tbody/tr"}
COMMAND: POST /session/6f873cfbd9220f733b1c899e801fac9f/element - {"using":"xpath","value":"//table[contains(@id, \"smartFilterBar-filterItemControl_BASIC-MAIN_ADDRESS-valueHelpDialog-table-table\")]/tbody/tr[1]/td[1]/div/span"}
RESULT: {}
RESULT: {"using":"xpath","value":"//table[contains(@id, \"smartFilterBar-filterItemControl_BASIC-MAIN_ADDRESS-valueHelpDialog-table-table\")]/tbody/tr[1]/td[1]/div/span"}
COMMAND: POST /session/6f873cfbd9220f733b1c899e801fac9f/elements - {"using":"xpath","value":"//table[contains(@id, \"smartFilterBar-filterItemControl_BASIC-MAIN_ADDRESS-valueHelpDialog-table-table\")]/tbody/tr[1]/td[1]/div/span"}
RESULT: {"using":"xpath","value":"//table[contains(@id, \"smartFilterBar-filterItemControl_BASIC-MAIN_ADDRESS-valueHelpDialog-table-table\")]/tbody/tr[1]/td[1]/div/span"}
COMMAND: POST /session/6f873cfbd9220f733b1c899e801fac9f/execute/sync - {"script":"<script> [56 bytes]","args":[{"element-6066-11e4-a52e-4f735466cecf":"f.0D8D1E8C4444AAF4F6CCCAD0803F9B10.d.83DABABCCBFA67F35F452BC2359F540E.e.7186","ELEMENT":"f.0D8D1E8C4444AAF4F6CCCAD0803F9B10.d.83DABABCCBFA67F35F452BC2359F540E.e.7186"}]}
RESULT: {"script":"<script> [56 bytes]","args":[{"element-6066-11e4-a52e-4f735466cecf":"f.0D8D1E8C4444AAF4F6CCCAD0803F9B10.d.83DABABCCBFA67F35F452BC2359F540E.e.7186","ELEMENT":"f.0D8D1E8C4444AAF4F6CCCAD0803F9B10.d.83DABABCCBFA67F35F452BC2359F540E.e.7186"}]}
COMMAND: POST /session/6f873cfbd9220f733b1c899e801fac9f/element - {"using":"xpath","value":"//div[contains(@id, \"filterItemControl_BASIC-MAIN_ADDRESS-valueHelpDialog-table-rowsel0\")]"}
COMMAND: GET /session/6f873cfbd9220f733b1c899e801fac9f/screenshot - {}
RESULT: {"using":"xpath","value":"//div[contains(@id, \"filterItemControl_BASIC-MAIN_ADDRESS-valueHelpDialog-table-rowsel0\")]"}
COMMAND: POST /session/6f873cfbd9220f733b1c899e801fac9f/element/f.0D8D1E8C4444AAF4F6CCCAD0803F9B10.d.83DABABCCBFA67F35F452BC2359F540E.e.7187/click - {}
RESULT: {}
RESULT: {}
COMMAND: GET /session/6f873cfbd9220f733b1c899e801fac9f/screenshot - {}
RESULT: {}
COMMAND: POST /session/6f873cfbd9220f733b1c899e801fac9f/element - {"using":"xpath","value":"(//bdi[contains(text(), \"OK\")])[1]"}
RESULT: {"using":"xpath","value":"(//bdi[contains(text(), \"OK\")])[1]"}
COMMAND: POST /session/6f873cfbd9220f733b1c899e801fac9f/element/f.0D8D1E8C4444AAF4F6CCCAD0803F9B10.d.83DABABCCBFA67F35F452BC2359F540E.e.7189/click - {}
RESULT: {}
COMMAND: GET /session/6f873cfbd9220f733b1c899e801fac9f/screenshot - {}
RESULT: {}
COMMAND: POST /session/6f873cfbd9220f733b1c899e801fac9f/element - {"using":"xpath","value":"//span[@id=\"application-managepartners-display-component---masterPtm--smartTable-header-inner\"]"}
RESULT: {"using":"xpath","value":"//span[@id=\"application-managepartners-display-component---masterPtm--smartTable-header-inner\"]"}
COMMAND: POST /session/6f873cfbd9220f733b1c899e801fac9f/elements - {"using":"xpath","value":"//span[@id=\"application-managepartners-display-component---masterPtm--smartTable-header-inner\"]"}
RESULT: {"using":"xpath","value":"//span[@id=\"application-managepartners-display-component---masterPtm--smartTable-header-inner\"]"}
COMMAND: POST /session/6f873cfbd9220f733b1c899e801fac9f/execute/sync - {"script":"<script> [56 bytes]","args":[{"element-6066-11e4-a52e-4f735466cecf":"f.0D8D1E8C4444AAF4F6CCCAD0803F9B10.d.83DABABCCBFA67F35F452BC2359F540E.e.7007","ELEMENT":"f.0D8D1E8C4444AAF4F6CCCAD0803F9B10.d.83DABABCCBFA67F35F452BC2359F540E.e.7007"}]}
RESULT: {"script":"<script> [56 bytes]","args":[{"element-6066-11e4-a52e-4f735466cecf":"f.0D8D1E8C4444AAF4F6CCCAD0803F9B10.d.83DABABCCBFA67F35F452BC2359F540E.e.7007","ELEMENT":"f.0D8D1E8C4444AAF4F6CCCAD0803F9B10.d.83DABABCCBFA67F35F452BC2359F540E.e.7007"}]}
COMMAND: POST /session/6f873cfbd9220f733b1c899e801fac9f/element - {"using":"xpath","value":"//span[contains(@title, \"Remove\")]"}
COMMAND: GET /session/6f873cfbd9220f733b1c899e801fac9f/screenshot - {}
RESULT: {"using":"xpath","value":"//span[contains(@title, \"Remove\")]"}
COMMAND: POST /session/6f873cfbd9220f733b1c899e801fac9f/element/f.0D8D1E8C4444AAF4F6CCCAD0803F9B10.d.83DABABCCBFA67F35F452BC2359F540E.e.7203/click - {}
RESULT: {}
RESULT: {}
COMMAND: GET /session/6f873cfbd9220f733b1c899e801fac9f/screenshot - {}
COMMAND: POST /session/6f873cfbd9220f733b1c899e801fac9f/element - {"using":"xpath","value":"//span[@id=\"application-managepartners-display-component---masterPtm--smartTable-header-inner\"]"}
RESULT: {}
RESULT: {"using":"xpath","value":"//span[@id=\"application-managepartners-display-component---masterPtm--smartTable-header-inner\"]"}
COMMAND: POST /session/6f873cfbd9220f733b1c899e801fac9f/elements - {"using":"xpath","value":"//span[@id=\"application-managepartners-display-component---masterPtm--smartTable-header-inner\"]"}
RESULT: {"using":"xpath","value":"//span[@id=\"application-managepartners-display-component---masterPtm--smartTable-header-inner\"]"}
COMMAND: POST /session/6f873cfbd9220f733b1c899e801fac9f/execute/sync - {"script":"<script> [56 bytes]","args":[{"element-6066-11e4-a52e-4f735466cecf":"f.0D8D1E8C4444AAF4F6CCCAD0803F9B10.d.83DABABCCBFA67F35F452BC2359F540E.e.7007","ELEMENT":"f.0D8D1E8C4444AAF4F6CCCAD0803F9B10.d.83DABABCCBFA67F35F452BC2359F540E.e.7007"}]}
RESULT: {"script":"<script> [56 bytes]","args":[{"element-6066-11e4-a52e-4f735466cecf":"f.0D8D1E8C4444AAF4F6CCCAD0803F9B10.d.83DABABCCBFA67F35F452BC2359F540E.e.7007","ELEMENT":"f.0D8D1E8C4444AAF4F6CCCAD0803F9B10.d.83DABABCCBFA67F35F452BC2359F540E.e.7007"}]}
RESULT: undefined
COMMAND: POST /session/6f873cfbd9220f733b1c899e801fac9f/element - {"using":"xpath","value":"//*[@id=\"application-managepartners-display-component---masterPtm--smartFilterBar-filterItemControl_BASIC-YARD-vhi\"]"}
COMMAND: GET /session/6f873cfbd9220f733b1c899e801fac9f/screenshot - {}
RESULT: {"using":"xpath","value":"//*[@id=\"application-managepartners-display-component---masterPtm--smartFilterBar-filterItemControl_BASIC-YARD-vhi\"]"}
COMMAND: POST /session/6f873cfbd9220f733b1c899e801fac9f/element/f.0D8D1E8C4444AAF4F6CCCAD0803F9B10.d.83DABABCCBFA67F35F452BC2359F540E.e.7306/click - {}
RESULT: {}
RESULT: {}
COMMAND: GET /session/6f873cfbd9220f733b1c899e801fac9f/screenshot - {}
RESULT: {}
RESULT: undefined
COMMAND: POST /session/6f873cfbd9220f733b1c899e801fac9f/execute/async - {"script":"<script> [776 bytes]","args":[{"enterText":"Test","selector":{"id":"application-managepartners-display-component---masterPtm--smartFilterBar-filterItemControl_BASIC-YARD-valueHelpDialog-smartFilterBar-btnBasicSearch","searchOpenDialogs":true,"interaction":{"idSuffix":"I"}},"clearTextFirst":true,"interactionType":"ENTER_TEXT"}]}
RESULT: {"script":"<script> [776 bytes]","args":[{"enterText":"Test","selector":{"id":"application-managepartners-display-component---masterPtm--smartFilterBar-filterItemControl_BASIC-YARD-valueHelpDialog-smartFilterBar-btnBasicSearch","searchOpenDialogs":true,"interaction":{"idSuffix":"I"}},"clearTextFirst":true,"interactionType":"ENTER_TEXT"}]}
COMMAND: POST /session/6f873cfbd9220f733b1c899e801fac9f/actions - {"actions":[{"id":"action23","type":"key","parameters":{},"actions":[{"type":"keyDown","value":"î€‡"},{"type":"pause","duration":10},{"type":"keyUp","value":"î€‡"}]}]}
RESULT: {"actions":[{"id":"action23","type":"key","parameters":{},"actions":[{"type":"keyDown","value":"î€‡"},{"type":"pause","duration":10},{"type":"keyUp","value":"î€‡"}]}]}
COMMAND: POST /session/6f873cfbd9220f733b1c899e801fac9f/elements - {"using":"xpath","value":"//table[contains(@id, \"smartFilterBar-filterItemControl_BASIC-YARD-valueHelpDialog-table-table\")]/tbody/tr"}
COMMAND: GET /session/6f873cfbd9220f733b1c899e801fac9f/screenshot - {}
RESULT: {"using":"xpath","value":"//table[contains(@id, \"smartFilterBar-filterItemControl_BASIC-YARD-valueHelpDialog-table-table\")]/tbody/tr"}
COMMAND: POST /session/6f873cfbd9220f733b1c899e801fac9f/element - {"using":"xpath","value":"//table[contains(@id, \"smartFilterBar-filterItemControl_BASIC-YARD-valueHelpDialog-table-table\")]/tbody/tr[1]/td[1]/div/span"}
RESULT: {}
RESULT: {"using":"xpath","value":"//table[contains(@id, \"smartFilterBar-filterItemControl_BASIC-YARD-valueHelpDialog-table-table\")]/tbody/tr[1]/td[1]/div/span"}
COMMAND: POST /session/6f873cfbd9220f733b1c899e801fac9f/elements - {"using":"xpath","value":"//table[contains(@id, \"smartFilterBar-filterItemControl_BASIC-YARD-valueHelpDialog-table-table\")]/tbody/tr[1]/td[1]/div/span"}
RESULT: {"using":"xpath","value":"//table[contains(@id, \"smartFilterBar-filterItemControl_BASIC-YARD-valueHelpDialog-table-table\")]/tbody/tr[1]/td[1]/div/span"}
COMMAND: POST /session/6f873cfbd9220f733b1c899e801fac9f/execute/sync - {"script":"<script> [56 bytes]","args":[{"element-6066-11e4-a52e-4f735466cecf":"f.0D8D1E8C4444AAF4F6CCCAD0803F9B10.d.83DABABCCBFA67F35F452BC2359F540E.e.7327","ELEMENT":"f.0D8D1E8C4444AAF4F6CCCAD0803F9B10.d.83DABABCCBFA67F35F452BC2359F540E.e.7327"}]}
RESULT: {"script":"<script> [56 bytes]","args":[{"element-6066-11e4-a52e-4f735466cecf":"f.0D8D1E8C4444AAF4F6CCCAD0803F9B10.d.83DABABCCBFA67F35F452BC2359F540E.e.7327","ELEMENT":"f.0D8D1E8C4444AAF4F6CCCAD0803F9B10.d.83DABABCCBFA67F35F452BC2359F540E.e.7327"}]}
COMMAND: POST /session/6f873cfbd9220f733b1c899e801fac9f/element - {"using":"xpath","value":"//table[contains(@id, \"smartFilterBar-filterItemControl_BASIC-YARD-valueHelpDialog-table-table\")]/tbody/tr[2]/td[1]/div/span"}
COMMAND: GET /session/6f873cfbd9220f733b1c899e801fac9f/screenshot - {}
RESULT: {"using":"xpath","value":"//table[contains(@id, \"smartFilterBar-filterItemControl_BASIC-YARD-valueHelpDialog-table-table\")]/tbody/tr[2]/td[1]/div/span"}
COMMAND: POST /session/6f873cfbd9220f733b1c899e801fac9f/elements - {"using":"xpath","value":"//table[contains(@id, \"smartFilterBar-filterItemControl_BASIC-YARD-valueHelpDialog-table-table\")]/tbody/tr[2]/td[1]/div/span"}
RESULT: {}
RESULT: {"using":"xpath","value":"//table[contains(@id, \"smartFilterBar-filterItemControl_BASIC-YARD-valueHelpDialog-table-table\")]/tbody/tr[2]/td[1]/div/span"}
COMMAND: POST /session/6f873cfbd9220f733b1c899e801fac9f/execute/sync - {"script":"<script> [56 bytes]","args":[{"element-6066-11e4-a52e-4f735466cecf":"f.0D8D1E8C4444AAF4F6CCCAD0803F9B10.d.83DABABCCBFA67F35F452BC2359F540E.e.7328","ELEMENT":"f.0D8D1E8C4444AAF4F6CCCAD0803F9B10.d.83DABABCCBFA67F35F452BC2359F540E.e.7328"}]}
RESULT: {"script":"<script> [56 bytes]","args":[{"element-6066-11e4-a52e-4f735466cecf":"f.0D8D1E8C4444AAF4F6CCCAD0803F9B10.d.83DABABCCBFA67F35F452BC2359F540E.e.7328","ELEMENT":"f.0D8D1E8C4444AAF4F6CCCAD0803F9B10.d.83DABABCCBFA67F35F452BC2359F540E.e.7328"}]}
COMMAND: POST /session/6f873cfbd9220f733b1c899e801fac9f/element - {"using":"xpath","value":"//table[contains(@id, \"smartFilterBar-filterItemControl_BASIC-YARD-valueHelpDialog-table-table\")]/tbody/tr[3]/td[1]/div/span"}
COMMAND: GET /session/6f873cfbd9220f733b1c899e801fac9f/screenshot - {}
RESULT: {"using":"xpath","value":"//table[contains(@id, \"smartFilterBar-filterItemControl_BASIC-YARD-valueHelpDialog-table-table\")]/tbody/tr[3]/td[1]/div/span"}
COMMAND: POST /session/6f873cfbd9220f733b1c899e801fac9f/elements - {"using":"xpath","value":"//table[contains(@id, \"smartFilterBar-filterItemControl_BASIC-YARD-valueHelpDialog-table-table\")]/tbody/tr[3]/td[1]/div/span"}
RESULT: {}
RESULT: {"using":"xpath","value":"//table[contains(@id, \"smartFilterBar-filterItemControl_BASIC-YARD-valueHelpDialog-table-table\")]/tbody/tr[3]/td[1]/div/span"}
COMMAND: POST /session/6f873cfbd9220f733b1c899e801fac9f/execute/sync - {"script":"<script> [56 bytes]","args":[{"element-6066-11e4-a52e-4f735466cecf":"f.0D8D1E8C4444AAF4F6CCCAD0803F9B10.d.83DABABCCBFA67F35F452BC2359F540E.e.7329","ELEMENT":"f.0D8D1E8C4444AAF4F6CCCAD0803F9B10.d.83DABABCCBFA67F35F452BC2359F540E.e.7329"}]}
RESULT: {"script":"<script> [56 bytes]","args":[{"element-6066-11e4-a52e-4f735466cecf":"f.0D8D1E8C4444AAF4F6CCCAD0803F9B10.d.83DABABCCBFA67F35F452BC2359F540E.e.7329","ELEMENT":"f.0D8D1E8C4444AAF4F6CCCAD0803F9B10.d.83DABABCCBFA67F35F452BC2359F540E.e.7329"}]}
COMMAND: POST /session/6f873cfbd9220f733b1c899e801fac9f/element - {"using":"xpath","value":"//div[contains(@id, \"filterItemControl_BASIC-YARD-valueHelpDialog-table-rowsel2\")]"}
COMMAND: GET /session/6f873cfbd9220f733b1c899e801fac9f/screenshot - {}
RESULT: {"using":"xpath","value":"//div[contains(@id, \"filterItemControl_BASIC-YARD-valueHelpDialog-table-rowsel2\")]"}
COMMAND: POST /session/6f873cfbd9220f733b1c899e801fac9f/element/f.0D8D1E8C4444AAF4F6CCCAD0803F9B10.d.83DABABCCBFA67F35F452BC2359F540E.e.7330/click - {}
RESULT: {}
RESULT: {}
COMMAND: GET /session/6f873cfbd9220f733b1c899e801fac9f/screenshot - {}
RESULT: {}
COMMAND: POST /session/6f873cfbd9220f733b1c899e801fac9f/element - {"using":"xpath","value":"(//bdi[contains(text(), \"OK\")])[1]"}
RESULT: {"using":"xpath","value":"(//bdi[contains(text(), \"OK\")])[1]"}
COMMAND: POST /session/6f873cfbd9220f733b1c899e801fac9f/element/f.0D8D1E8C4444AAF4F6CCCAD0803F9B10.d.83DABABCCBFA67F35F452BC2359F540E.e.7332/click - {}
RESULT: {}
COMMAND: GET /session/6f873cfbd9220f733b1c899e801fac9f/screenshot - {}
RESULT: {}
COMMAND: POST /session/6f873cfbd9220f733b1c899e801fac9f/element - {"using":"xpath","value":"//span[@id=\"application-managepartners-display-component---masterPtm--smartTable-header-inner\"]"}
RESULT: {"using":"xpath","value":"//span[@id=\"application-managepartners-display-component---masterPtm--smartTable-header-inner\"]"}
COMMAND: POST /session/6f873cfbd9220f733b1c899e801fac9f/elements - {"using":"xpath","value":"//span[@id=\"application-managepartners-display-component---masterPtm--smartTable-header-inner\"]"}
RESULT: {"using":"xpath","value":"//span[@id=\"application-managepartners-display-component---masterPtm--smartTable-header-inner\"]"}
COMMAND: POST /session/6f873cfbd9220f733b1c899e801fac9f/execute/sync - {"script":"<script> [56 bytes]","args":[{"element-6066-11e4-a52e-4f735466cecf":"f.0D8D1E8C4444AAF4F6CCCAD0803F9B10.d.83DABABCCBFA67F35F452BC2359F540E.e.7007","ELEMENT":"f.0D8D1E8C4444AAF4F6CCCAD0803F9B10.d.83DABABCCBFA67F35F452BC2359F540E.e.7007"}]}
RESULT: {"script":"<script> [56 bytes]","args":[{"element-6066-11e4-a52e-4f735466cecf":"f.0D8D1E8C4444AAF4F6CCCAD0803F9B10.d.83DABABCCBFA67F35F452BC2359F540E.e.7007","ELEMENT":"f.0D8D1E8C4444AAF4F6CCCAD0803F9B10.d.83DABABCCBFA67F35F452BC2359F540E.e.7007"}]}
COMMAND: POST /session/6f873cfbd9220f733b1c899e801fac9f/element - {"using":"xpath","value":"//span[contains(@title, \"Remove\")]"}
COMMAND: GET /session/6f873cfbd9220f733b1c899e801fac9f/screenshot - {}
RESULT: {"using":"xpath","value":"//span[contains(@title, \"Remove\")]"}
COMMAND: POST /session/6f873cfbd9220f733b1c899e801fac9f/element/f.0D8D1E8C4444AAF4F6CCCAD0803F9B10.d.83DABABCCBFA67F35F452BC2359F540E.e.7345/click - {}
RESULT: {}
RESULT: {}
COMMAND: GET /session/6f873cfbd9220f733b1c899e801fac9f/screenshot - {}
RESULT: {}
COMMAND: POST /session/6f873cfbd9220f733b1c899e801fac9f/element - {"using":"xpath","value":"//span[@id=\"application-managepartners-display-component---masterPtm--smartTable-header-inner\"]"}
RESULT: {"using":"xpath","value":"//span[@id=\"application-managepartners-display-component---masterPtm--smartTable-header-inner\"]"}
COMMAND: POST /session/6f873cfbd9220f733b1c899e801fac9f/elements - {"using":"xpath","value":"//span[@id=\"application-managepartners-display-component---masterPtm--smartTable-header-inner\"]"}
RESULT: {"using":"xpath","value":"//span[@id=\"application-managepartners-display-component---masterPtm--smartTable-header-inner\"]"}
COMMAND: POST /session/6f873cfbd9220f733b1c899e801fac9f/execute/sync - {"script":"<script> [56 bytes]","args":[{"element-6066-11e4-a52e-4f735466cecf":"f.0D8D1E8C4444AAF4F6CCCAD0803F9B10.d.83DABABCCBFA67F35F452BC2359F540E.e.7007","ELEMENT":"f.0D8D1E8C4444AAF4F6CCCAD0803F9B10.d.83DABABCCBFA67F35F452BC2359F540E.e.7007"}]}
RESULT: {"script":"<script> [56 bytes]","args":[{"element-6066-11e4-a52e-4f735466cecf":"f.0D8D1E8C4444AAF4F6CCCAD0803F9B10.d.83DABABCCBFA67F35F452BC2359F540E.e.7007","ELEMENT":"f.0D8D1E8C4444AAF4F6CCCAD0803F9B10.d.83DABABCCBFA67F35F452BC2359F540E.e.7007"}]}
RESULT: undefined
COMMAND: POST /session/6f873cfbd9220f733b1c899e801fac9f/element - {"using":"xpath","value":"//*[@id=\"application-managepartners-display-component---masterPtm--smartFilterBar-filterItemControl_BASIC-ALL_TAGS-vhi\"]"}
COMMAND: GET /session/6f873cfbd9220f733b1c899e801fac9f/screenshot - {}
RESULT: {"using":"xpath","value":"//*[@id=\"application-managepartners-display-component---masterPtm--smartFilterBar-filterItemControl_BASIC-ALL_TAGS-vhi\"]"}
COMMAND: POST /session/6f873cfbd9220f733b1c899e801fac9f/element/f.0D8D1E8C4444AAF4F6CCCAD0803F9B10.d.83DABABCCBFA67F35F452BC2359F540E.e.7449/click - {}
RESULT: {}
RESULT: {}
COMMAND: GET /session/6f873cfbd9220f733b1c899e801fac9f/screenshot - {}
RESULT: {}
RESULT: undefined
COMMAND: POST /session/6f873cfbd9220f733b1c899e801fac9f/execute/async - {"script":"<script> [776 bytes]","args":[{"enterText":"test-tag-1","selector":{"id":"application-managepartners-display-component---masterPtm--smartFilterBar-filterItemControl_BASIC-ALL_TAGS-valueHelpDialog-smartFilterBar-btnBasicSearch","searchOpenDialogs":true,"interaction":{"idSuffix":"I"}},"clearTextFirst":true,"interactionType":"ENTER_TEXT"}]}
RESULT: {"script":"<script> [776 bytes]","args":[{"enterText":"test-tag-1","selector":{"id":"application-managepartners-display-component---masterPtm--smartFilterBar-filterItemControl_BASIC-ALL_TAGS-valueHelpDialog-smartFilterBar-btnBasicSearch","searchOpenDialogs":true,"interaction":{"idSuffix":"I"}},"clearTextFirst":true,"interactionType":"ENTER_TEXT"}]}
COMMAND: POST /session/6f873cfbd9220f733b1c899e801fac9f/actions - {"actions":[{"id":"action24","type":"key","parameters":{},"actions":[{"type":"keyDown","value":"î€‡"},{"type":"pause","duration":10},{"type":"keyUp","value":"î€‡"}]}]}
RESULT: {"actions":[{"id":"action24","type":"key","parameters":{},"actions":[{"type":"keyDown","value":"î€‡"},{"type":"pause","duration":10},{"type":"keyUp","value":"î€‡"}]}]}
COMMAND: POST /session/6f873cfbd9220f733b1c899e801fac9f/elements - {"using":"xpath","value":"//table[contains(@id, \"smartFilterBar-filterItemControl_BASIC-ALL_TAGS-valueHelpDialog-table-table\")]/tbody/tr"}
COMMAND: GET /session/6f873cfbd9220f733b1c899e801fac9f/screenshot - {}
RESULT: {"using":"xpath","value":"//table[contains(@id, \"smartFilterBar-filterItemControl_BASIC-ALL_TAGS-valueHelpDialog-table-table\")]/tbody/tr"}
COMMAND: POST /session/6f873cfbd9220f733b1c899e801fac9f/element - {"using":"xpath","value":"//table[contains(@id, \"smartFilterBar-filterItemControl_BASIC-ALL_TAGS-valueHelpDialog-table-table\")]/tbody/tr[1]/td[1]/div/span"}
RESULT: {}
RESULT: {"using":"xpath","value":"//table[contains(@id, \"smartFilterBar-filterItemControl_BASIC-ALL_TAGS-valueHelpDialog-table-table\")]/tbody/tr[1]/td[1]/div/span"}
COMMAND: POST /session/6f873cfbd9220f733b1c899e801fac9f/elements - {"using":"xpath","value":"//table[contains(@id, \"smartFilterBar-filterItemControl_BASIC-ALL_TAGS-valueHelpDialog-table-table\")]/tbody/tr[1]/td[1]/div/span"}
RESULT: {"using":"xpath","value":"//table[contains(@id, \"smartFilterBar-filterItemControl_BASIC-ALL_TAGS-valueHelpDialog-table-table\")]/tbody/tr[1]/td[1]/div/span"}
COMMAND: POST /session/6f873cfbd9220f733b1c899e801fac9f/execute/sync - {"script":"<script> [56 bytes]","args":[{"element-6066-11e4-a52e-4f735466cecf":"f.0D8D1E8C4444AAF4F6CCCAD0803F9B10.d.83DABABCCBFA67F35F452BC2359F540E.e.7470","ELEMENT":"f.0D8D1E8C4444AAF4F6CCCAD0803F9B10.d.83DABABCCBFA67F35F452BC2359F540E.e.7470"}]}
RESULT: {"script":"<script> [56 bytes]","args":[{"element-6066-11e4-a52e-4f735466cecf":"f.0D8D1E8C4444AAF4F6CCCAD0803F9B10.d.83DABABCCBFA67F35F452BC2359F540E.e.7470","ELEMENT":"f.0D8D1E8C4444AAF4F6CCCAD0803F9B10.d.83DABABCCBFA67F35F452BC2359F540E.e.7470"}]}
COMMAND: POST /session/6f873cfbd9220f733b1c899e801fac9f/element - {"using":"xpath","value":"//div[contains(@id, \"filterItemControl_BASIC-ALL_TAGS-valueHelpDialog-table-rowsel0\")]"}
COMMAND: GET /session/6f873cfbd9220f733b1c899e801fac9f/screenshot - {}
RESULT: {"using":"xpath","value":"//div[contains(@id, \"filterItemControl_BASIC-ALL_TAGS-valueHelpDialog-table-rowsel0\")]"}
COMMAND: POST /session/6f873cfbd9220f733b1c899e801fac9f/element/f.0D8D1E8C4444AAF4F6CCCAD0803F9B10.d.83DABABCCBFA67F35F452BC2359F540E.e.7471/click - {}
RESULT: {}
RESULT: {}
COMMAND: GET /session/6f873cfbd9220f733b1c899e801fac9f/screenshot - {}
RESULT: {}
COMMAND: POST /session/6f873cfbd9220f733b1c899e801fac9f/element - {"using":"xpath","value":"(//bdi[contains(text(), \"OK\")])[1]"}
RESULT: {"using":"xpath","value":"(//bdi[contains(text(), \"OK\")])[1]"}
COMMAND: POST /session/6f873cfbd9220f733b1c899e801fac9f/element/f.0D8D1E8C4444AAF4F6CCCAD0803F9B10.d.83DABABCCBFA67F35F452BC2359F540E.e.7473/click - {}
RESULT: {}
COMMAND: GET /session/6f873cfbd9220f733b1c899e801fac9f/screenshot - {}
RESULT: {}
COMMAND: POST /session/6f873cfbd9220f733b1c899e801fac9f/element - {"using":"xpath","value":"//span[@id=\"application-managepartners-display-component---masterPtm--smartTable-header-inner\"]"}
RESULT: {"using":"xpath","value":"//span[@id=\"application-managepartners-display-component---masterPtm--smartTable-header-inner\"]"}
COMMAND: POST /session/6f873cfbd9220f733b1c899e801fac9f/elements - {"using":"xpath","value":"//span[@id=\"application-managepartners-display-component---masterPtm--smartTable-header-inner\"]"}
RESULT: {"using":"xpath","value":"//span[@id=\"application-managepartners-display-component---masterPtm--smartTable-header-inner\"]"}
COMMAND: POST /session/6f873cfbd9220f733b1c899e801fac9f/execute/sync - {"script":"<script> [56 bytes]","args":[{"element-6066-11e4-a52e-4f735466cecf":"f.0D8D1E8C4444AAF4F6CCCAD0803F9B10.d.83DABABCCBFA67F35F452BC2359F540E.e.7007","ELEMENT":"f.0D8D1E8C4444AAF4F6CCCAD0803F9B10.d.83DABABCCBFA67F35F452BC2359F540E.e.7007"}]}
RESULT: {"script":"<script> [56 bytes]","args":[{"element-6066-11e4-a52e-4f735466cecf":"f.0D8D1E8C4444AAF4F6CCCAD0803F9B10.d.83DABABCCBFA67F35F452BC2359F540E.e.7007","ELEMENT":"f.0D8D1E8C4444AAF4F6CCCAD0803F9B10.d.83DABABCCBFA67F35F452BC2359F540E.e.7007"}]}
COMMAND: POST /session/6f873cfbd9220f733b1c899e801fac9f/element - {"using":"xpath","value":"//span[contains(@title, \"Remove\")]"}
COMMAND: GET /session/6f873cfbd9220f733b1c899e801fac9f/screenshot - {}
RESULT: {"using":"xpath","value":"//span[contains(@title, \"Remove\")]"}
COMMAND: POST /session/6f873cfbd9220f733b1c899e801fac9f/element/f.0D8D1E8C4444AAF4F6CCCAD0803F9B10.d.83DABABCCBFA67F35F452BC2359F540E.e.7495/click - {}
RESULT: {}
RESULT: {}
COMMAND: GET /session/6f873cfbd9220f733b1c899e801fac9f/screenshot - {}
RESULT: {}
RESULT: undefined
COMMAND: POST /session/6f873cfbd9220f733b1c899e801fac9f/element - {"using":"xpath","value":"//*[@id=\"application-managepartners-display-component---masterPtm--partnerTypes-arrow\"]"}
RESULT: {"using":"xpath","value":"//*[@id=\"application-managepartners-display-component---masterPtm--partnerTypes-arrow\"]"}
COMMAND: POST /session/6f873cfbd9220f733b1c899e801fac9f/element/f.0D8D1E8C4444AAF4F6CCCAD0803F9B10.d.83DABABCCBFA67F35F452BC2359F540E.e.7599/click - {}
RESULT: {}
COMMAND: GET /session/6f873cfbd9220f733b1c899e801fac9f/screenshot - {}
RESULT: {}
COMMAND: POST /session/6f873cfbd9220f733b1c899e801fac9f/element - {"using":"xpath","value":"//li[.//span[text()=\"External partner\"]]//div[contains(@class,\"sapMCbBg\")]"}
RESULT: {"using":"xpath","value":"//li[.//span[text()=\"External partner\"]]//div[contains(@class,\"sapMCbBg\")]"}
COMMAND: POST /session/6f873cfbd9220f733b1c899e801fac9f/element/f.0D8D1E8C4444AAF4F6CCCAD0803F9B10.d.83DABABCCBFA67F35F452BC2359F540E.e.7604/click - {}
RESULT: {}
COMMAND: GET /session/6f873cfbd9220f733b1c899e801fac9f/screenshot - {}
RESULT: {}
COMMAND: POST /session/6f873cfbd9220f733b1c899e801fac9f/element - {"using":"xpath","value":"//span[@id=\"application-managepartners-display-component---masterPtm--smartTable-header-inner\"]"}
RESULT: {"using":"xpath","value":"//span[@id=\"application-managepartners-display-component---masterPtm--smartTable-header-inner\"]"}
COMMAND: POST /session/6f873cfbd9220f733b1c899e801fac9f/elements - {"using":"xpath","value":"//span[@id=\"application-managepartners-display-component---masterPtm--smartTable-header-inner\"]"}
RESULT: {"using":"xpath","value":"//span[@id=\"application-managepartners-display-component---masterPtm--smartTable-header-inner\"]"}
COMMAND: POST /session/6f873cfbd9220f733b1c899e801fac9f/execute/sync - {"script":"<script> [56 bytes]","args":[{"element-6066-11e4-a52e-4f735466cecf":"f.0D8D1E8C4444AAF4F6CCCAD0803F9B10.d.83DABABCCBFA67F35F452BC2359F540E.e.7007","ELEMENT":"f.0D8D1E8C4444AAF4F6CCCAD0803F9B10.d.83DABABCCBFA67F35F452BC2359F540E.e.7007"}]}
RESULT: {"script":"<script> [56 bytes]","args":[{"element-6066-11e4-a52e-4f735466cecf":"f.0D8D1E8C4444AAF4F6CCCAD0803F9B10.d.83DABABCCBFA67F35F452BC2359F540E.e.7007","ELEMENT":"f.0D8D1E8C4444AAF4F6CCCAD0803F9B10.d.83DABABCCBFA67F35F452BC2359F540E.e.7007"}]}
COMMAND: POST /session/6f873cfbd9220f733b1c899e801fac9f/element - {"using":"xpath","value":"//span[contains(@title, \"Remove\")]"}
COMMAND: GET /session/6f873cfbd9220f733b1c899e801fac9f/screenshot - {}
RESULT: {"using":"xpath","value":"//span[contains(@title, \"Remove\")]"}
COMMAND: POST /session/6f873cfbd9220f733b1c899e801fac9f/element/f.0D8D1E8C4444AAF4F6CCCAD0803F9B10.d.83DABABCCBFA67F35F452BC2359F540E.e.7658/click - {}
RESULT: {}
RESULT: {}
COMMAND: GET /session/6f873cfbd9220f733b1c899e801fac9f/screenshot - {}
RESULT: {}
RESULT: undefined
COMMAND: POST /session/6f873cfbd9220f733b1c899e801fac9f/element - {"using":"xpath","value":"//*[@id=\"application-managepartners-display-component---masterPtm--smartFilterBar-btnFilters\"]"}
RESULT: {"using":"xpath","value":"//*[@id=\"application-managepartners-display-component---masterPtm--smartFilterBar-btnFilters\"]"}
COMMAND: POST /session/6f873cfbd9220f733b1c899e801fac9f/element/f.0D8D1E8C4444AAF4F6CCCAD0803F9B10.d.83DABABCCBFA67F35F452BC2359F540E.e.6849/click - {}
RESULT: {}
COMMAND: GET /session/6f873cfbd9220f733b1c899e801fac9f/screenshot - {}
RESULT: {}
COMMAND: POST /session/6f873cfbd9220f733b1c899e801fac9f/elements - {"using":"xpath","value":"//table[contains(@id, \"listView-innerSelectionPanelTable-listUl\")]/tbody/tr"}
RESULT: {"using":"xpath","value":"//table[contains(@id, \"listView-innerSelectionPanelTable-listUl\")]/tbody/tr"}
COMMAND: POST /session/6f873cfbd9220f733b1c899e801fac9f/element - {"using":"xpath","value":"//table[contains(@id, \"listView-innerSelectionPanelTable-listUl\")]/tbody/tr[2]/td[2]/div/div"}
RESULT: {"using":"xpath","value":"//table[contains(@id, \"listView-innerSelectionPanelTable-listUl\")]/tbody/tr[2]/td[2]/div/div"}
COMMAND: POST /session/6f873cfbd9220f733b1c899e801fac9f/element - {"using":"xpath","value":"//table[contains(@id, \"listView-innerSelectionPanelTable-listUl\")]/tbody/tr[2]/td[2]/div"}
RESULT: {"using":"xpath","value":"//table[contains(@id, \"listView-innerSelectionPanelTable-listUl\")]/tbody/tr[2]/td[2]/div"}
COMMAND: POST /session/6f873cfbd9220f733b1c899e801fac9f/element - {"using":"xpath","value":"//table[contains(@id, \"listView-innerSelectionPanelTable-listUl\")]/tbody/tr[2]/td[3]/div/div/span/span[1]/bdi"}
RESULT: {"using":"xpath","value":"//table[contains(@id, \"listView-innerSelectionPanelTable-listUl\")]/tbody/tr[2]/td[3]/div/div/span/span[1]/bdi"}
COMMAND: POST /session/6f873cfbd9220f733b1c899e801fac9f/execute/sync - {"script":"<script> [56 bytes]","args":[{"element-6066-11e4-a52e-4f735466cecf":"f.0D8D1E8C4444AAF4F6CCCAD0803F9B10.d.83DABABCCBFA67F35F452BC2359F540E.e.7766","ELEMENT":"f.0D8D1E8C4444AAF4F6CCCAD0803F9B10.d.83DABABCCBFA67F35F452BC2359F540E.e.7766"}]}
RESULT: {"script":"<script> [56 bytes]","args":[{"element-6066-11e4-a52e-4f735466cecf":"f.0D8D1E8C4444AAF4F6CCCAD0803F9B10.d.83DABABCCBFA67F35F452BC2359F540E.e.7766","ELEMENT":"f.0D8D1E8C4444AAF4F6CCCAD0803F9B10.d.83DABABCCBFA67F35F452BC2359F540E.e.7766"}]}
COMMAND: GET /session/6f873cfbd9220f733b1c899e801fac9f/element/f.0D8D1E8C4444AAF4F6CCCAD0803F9B10.d.83DABABCCBFA67F35F452BC2359F540E.e.7765/attribute/aria-checked - {}
COMMAND: GET /session/6f873cfbd9220f733b1c899e801fac9f/screenshot - {}
RESULT: {}
COMMAND: POST /session/6f873cfbd9220f733b1c899e801fac9f/element - {"using":"xpath","value":"//table[contains(@id, \"listView-innerSelectionPanelTable-listUl\")]/tbody/tr[3]/td[2]/div/div"}
RESULT: {}
RESULT: {"using":"xpath","value":"//table[contains(@id, \"listView-innerSelectionPanelTable-listUl\")]/tbody/tr[3]/td[2]/div/div"}
COMMAND: POST /session/6f873cfbd9220f733b1c899e801fac9f/element - {"using":"xpath","value":"//table[contains(@id, \"listView-innerSelectionPanelTable-listUl\")]/tbody/tr[3]/td[2]/div"}
RESULT: {"using":"xpath","value":"//table[contains(@id, \"listView-innerSelectionPanelTable-listUl\")]/tbody/tr[3]/td[2]/div"}
COMMAND: POST /session/6f873cfbd9220f733b1c899e801fac9f/element - {"using":"xpath","value":"//table[contains(@id, \"listView-innerSelectionPanelTable-listUl\")]/tbody/tr[3]/td[3]/div/div/span/span[1]/bdi"}
RESULT: {"using":"xpath","value":"//table[contains(@id, \"listView-innerSelectionPanelTable-listUl\")]/tbody/tr[3]/td[3]/div/div/span/span[1]/bdi"}
COMMAND: POST /session/6f873cfbd9220f733b1c899e801fac9f/execute/sync - {"script":"<script> [56 bytes]","args":[{"element-6066-11e4-a52e-4f735466cecf":"f.0D8D1E8C4444AAF4F6CCCAD0803F9B10.d.83DABABCCBFA67F35F452BC2359F540E.e.7769","ELEMENT":"f.0D8D1E8C4444AAF4F6CCCAD0803F9B10.d.83DABABCCBFA67F35F452BC2359F540E.e.7769"}]}
RESULT: {"script":"<script> [56 bytes]","args":[{"element-6066-11e4-a52e-4f735466cecf":"f.0D8D1E8C4444AAF4F6CCCAD0803F9B10.d.83DABABCCBFA67F35F452BC2359F540E.e.7769","ELEMENT":"f.0D8D1E8C4444AAF4F6CCCAD0803F9B10.d.83DABABCCBFA67F35F452BC2359F540E.e.7769"}]}
COMMAND: GET /session/6f873cfbd9220f733b1c899e801fac9f/element/f.0D8D1E8C4444AAF4F6CCCAD0803F9B10.d.83DABABCCBFA67F35F452BC2359F540E.e.7768/attribute/aria-checked - {}
COMMAND: GET /session/6f873cfbd9220f733b1c899e801fac9f/screenshot - {}
RESULT: {}
COMMAND: POST /session/6f873cfbd9220f733b1c899e801fac9f/element - {"using":"xpath","value":"//table[contains(@id, \"listView-innerSelectionPanelTable-listUl\")]/tbody/tr[4]/td[2]/div/div"}
RESULT: {}
RESULT: {"using":"xpath","value":"//table[contains(@id, \"listView-innerSelectionPanelTable-listUl\")]/tbody/tr[4]/td[2]/div/div"}
COMMAND: POST /session/6f873cfbd9220f733b1c899e801fac9f/element - {"using":"xpath","value":"//table[contains(@id, \"listView-innerSelectionPanelTable-listUl\")]/tbody/tr[4]/td[2]/div"}
RESULT: {"using":"xpath","value":"//table[contains(@id, \"listView-innerSelectionPanelTable-listUl\")]/tbody/tr[4]/td[2]/div"}
COMMAND: POST /session/6f873cfbd9220f733b1c899e801fac9f/element - {"using":"xpath","value":"//table[contains(@id, \"listView-innerSelectionPanelTable-listUl\")]/tbody/tr[4]/td[3]/div/div/span/span[1]/bdi"}
RESULT: {"using":"xpath","value":"//table[contains(@id, \"listView-innerSelectionPanelTable-listUl\")]/tbody/tr[4]/td[3]/div/div/span/span[1]/bdi"}
COMMAND: POST /session/6f873cfbd9220f733b1c899e801fac9f/execute/sync - {"script":"<script> [56 bytes]","args":[{"element-6066-11e4-a52e-4f735466cecf":"f.0D8D1E8C4444AAF4F6CCCAD0803F9B10.d.83DABABCCBFA67F35F452BC2359F540E.e.7772","ELEMENT":"f.0D8D1E8C4444AAF4F6CCCAD0803F9B10.d.83DABABCCBFA67F35F452BC2359F540E.e.7772"}]}
RESULT: {"script":"<script> [56 bytes]","args":[{"element-6066-11e4-a52e-4f735466cecf":"f.0D8D1E8C4444AAF4F6CCCAD0803F9B10.d.83DABABCCBFA67F35F452BC2359F540E.e.7772","ELEMENT":"f.0D8D1E8C4444AAF4F6CCCAD0803F9B10.d.83DABABCCBFA67F35F452BC2359F540E.e.7772"}]}
COMMAND: GET /session/6f873cfbd9220f733b1c899e801fac9f/element/f.0D8D1E8C4444AAF4F6CCCAD0803F9B10.d.83DABABCCBFA67F35F452BC2359F540E.e.7771/attribute/aria-checked - {}
COMMAND: GET /session/6f873cfbd9220f733b1c899e801fac9f/screenshot - {}
RESULT: {}
COMMAND: POST /session/6f873cfbd9220f733b1c899e801fac9f/element - {"using":"xpath","value":"//table[contains(@id, \"listView-innerSelectionPanelTable-listUl\")]/tbody/tr[5]/td[2]/div/div"}
RESULT: {}
RESULT: {"using":"xpath","value":"//table[contains(@id, \"listView-innerSelectionPanelTable-listUl\")]/tbody/tr[5]/td[2]/div/div"}
COMMAND: POST /session/6f873cfbd9220f733b1c899e801fac9f/element - {"using":"xpath","value":"//table[contains(@id, \"listView-innerSelectionPanelTable-listUl\")]/tbody/tr[5]/td[2]/div"}
RESULT: {"using":"xpath","value":"//table[contains(@id, \"listView-innerSelectionPanelTable-listUl\")]/tbody/tr[5]/td[2]/div"}
COMMAND: POST /session/6f873cfbd9220f733b1c899e801fac9f/element - {"using":"xpath","value":"//table[contains(@id, \"listView-innerSelectionPanelTable-listUl\")]/tbody/tr[5]/td[3]/div/div/span/span[1]/bdi"}
RESULT: {"using":"xpath","value":"//table[contains(@id, \"listView-innerSelectionPanelTable-listUl\")]/tbody/tr[5]/td[3]/div/div/span/span[1]/bdi"}
COMMAND: POST /session/6f873cfbd9220f733b1c899e801fac9f/execute/sync - {"script":"<script> [56 bytes]","args":[{"element-6066-11e4-a52e-4f735466cecf":"f.0D8D1E8C4444AAF4F6CCCAD0803F9B10.d.83DABABCCBFA67F35F452BC2359F540E.e.7775","ELEMENT":"f.0D8D1E8C4444AAF4F6CCCAD0803F9B10.d.83DABABCCBFA67F35F452BC2359F540E.e.7775"}]}
RESULT: {"script":"<script> [56 bytes]","args":[{"element-6066-11e4-a52e-4f735466cecf":"f.0D8D1E8C4444AAF4F6CCCAD0803F9B10.d.83DABABCCBFA67F35F452BC2359F540E.e.7775","ELEMENT":"f.0D8D1E8C4444AAF4F6CCCAD0803F9B10.d.83DABABCCBFA67F35F452BC2359F540E.e.7775"}]}
COMMAND: GET /session/6f873cfbd9220f733b1c899e801fac9f/element/f.0D8D1E8C4444AAF4F6CCCAD0803F9B10.d.83DABABCCBFA67F35F452BC2359F540E.e.7774/attribute/aria-checked - {}
COMMAND: GET /session/6f873cfbd9220f733b1c899e801fac9f/screenshot - {}
RESULT: {}
COMMAND: POST /session/6f873cfbd9220f733b1c899e801fac9f/element - {"using":"xpath","value":"//table[contains(@id, \"listView-innerSelectionPanelTable-listUl\")]/tbody/tr[6]/td[2]/div/div"}
RESULT: {}
RESULT: {"using":"xpath","value":"//table[contains(@id, \"listView-innerSelectionPanelTable-listUl\")]/tbody/tr[6]/td[2]/div/div"}
COMMAND: POST /session/6f873cfbd9220f733b1c899e801fac9f/element - {"using":"xpath","value":"//table[contains(@id, \"listView-innerSelectionPanelTable-listUl\")]/tbody/tr[6]/td[2]/div"}
RESULT: {"using":"xpath","value":"//table[contains(@id, \"listView-innerSelectionPanelTable-listUl\")]/tbody/tr[6]/td[2]/div"}
COMMAND: POST /session/6f873cfbd9220f733b1c899e801fac9f/element - {"using":"xpath","value":"//table[contains(@id, \"listView-innerSelectionPanelTable-listUl\")]/tbody/tr[6]/td[3]/div/div/span/span[1]/bdi"}
RESULT: {"using":"xpath","value":"//table[contains(@id, \"listView-innerSelectionPanelTable-listUl\")]/tbody/tr[6]/td[3]/div/div/span/span[1]/bdi"}
COMMAND: POST /session/6f873cfbd9220f733b1c899e801fac9f/execute/sync - {"script":"<script> [56 bytes]","args":[{"element-6066-11e4-a52e-4f735466cecf":"f.0D8D1E8C4444AAF4F6CCCAD0803F9B10.d.83DABABCCBFA67F35F452BC2359F540E.e.7778","ELEMENT":"f.0D8D1E8C4444AAF4F6CCCAD0803F9B10.d.83DABABCCBFA67F35F452BC2359F540E.e.7778"}]}
RESULT: {"script":"<script> [56 bytes]","args":[{"element-6066-11e4-a52e-4f735466cecf":"f.0D8D1E8C4444AAF4F6CCCAD0803F9B10.d.83DABABCCBFA67F35F452BC2359F540E.e.7778","ELEMENT":"f.0D8D1E8C4444AAF4F6CCCAD0803F9B10.d.83DABABCCBFA67F35F452BC2359F540E.e.7778"}]}
COMMAND: GET /session/6f873cfbd9220f733b1c899e801fac9f/element/f.0D8D1E8C4444AAF4F6CCCAD0803F9B10.d.83DABABCCBFA67F35F452BC2359F540E.e.7777/attribute/aria-checked - {}
COMMAND: GET /session/6f873cfbd9220f733b1c899e801fac9f/screenshot - {}
RESULT: {}
COMMAND: POST /session/6f873cfbd9220f733b1c899e801fac9f/element - {"using":"xpath","value":"//table[contains(@id, \"listView-innerSelectionPanelTable-listUl\")]/tbody/tr[7]/td[2]/div/div"}
RESULT: {}
RESULT: {"using":"xpath","value":"//table[contains(@id, \"listView-innerSelectionPanelTable-listUl\")]/tbody/tr[7]/td[2]/div/div"}
COMMAND: POST /session/6f873cfbd9220f733b1c899e801fac9f/element - {"using":"xpath","value":"//table[contains(@id, \"listView-innerSelectionPanelTable-listUl\")]/tbody/tr[7]/td[2]/div"}
RESULT: {"using":"xpath","value":"//table[contains(@id, \"listView-innerSelectionPanelTable-listUl\")]/tbody/tr[7]/td[2]/div"}
COMMAND: POST /session/6f873cfbd9220f733b1c899e801fac9f/element - {"using":"xpath","value":"//table[contains(@id, \"listView-innerSelectionPanelTable-listUl\")]/tbody/tr[7]/td[3]/div/div/span/span[1]/bdi"}
RESULT: {"using":"xpath","value":"//table[contains(@id, \"listView-innerSelectionPanelTable-listUl\")]/tbody/tr[7]/td[3]/div/div/span/span[1]/bdi"}
COMMAND: POST /session/6f873cfbd9220f733b1c899e801fac9f/execute/sync - {"script":"<script> [56 bytes]","args":[{"element-6066-11e4-a52e-4f735466cecf":"f.0D8D1E8C4444AAF4F6CCCAD0803F9B10.d.83DABABCCBFA67F35F452BC2359F540E.e.7781","ELEMENT":"f.0D8D1E8C4444AAF4F6CCCAD0803F9B10.d.83DABABCCBFA67F35F452BC2359F540E.e.7781"}]}
RESULT: {"script":"<script> [56 bytes]","args":[{"element-6066-11e4-a52e-4f735466cecf":"f.0D8D1E8C4444AAF4F6CCCAD0803F9B10.d.83DABABCCBFA67F35F452BC2359F540E.e.7781","ELEMENT":"f.0D8D1E8C4444AAF4F6CCCAD0803F9B10.d.83DABABCCBFA67F35F452BC2359F540E.e.7781"}]}
COMMAND: GET /session/6f873cfbd9220f733b1c899e801fac9f/element/f.0D8D1E8C4444AAF4F6CCCAD0803F9B10.d.83DABABCCBFA67F35F452BC2359F540E.e.7780/attribute/aria-checked - {}
COMMAND: GET /session/6f873cfbd9220f733b1c899e801fac9f/screenshot - {}
RESULT: {}
COMMAND: POST /session/6f873cfbd9220f733b1c899e801fac9f/element - {"using":"xpath","value":"//table[contains(@id, \"listView-innerSelectionPanelTable-listUl\")]/tbody/tr[8]/td[2]/div/div"}
RESULT: {}
RESULT: {"using":"xpath","value":"//table[contains(@id, \"listView-innerSelectionPanelTable-listUl\")]/tbody/tr[8]/td[2]/div/div"}
COMMAND: POST /session/6f873cfbd9220f733b1c899e801fac9f/element - {"using":"xpath","value":"//table[contains(@id, \"listView-innerSelectionPanelTable-listUl\")]/tbody/tr[8]/td[2]/div"}
RESULT: {"using":"xpath","value":"//table[contains(@id, \"listView-innerSelectionPanelTable-listUl\")]/tbody/tr[8]/td[2]/div"}
COMMAND: POST /session/6f873cfbd9220f733b1c899e801fac9f/element - {"using":"xpath","value":"//table[contains(@id, \"listView-innerSelectionPanelTable-listUl\")]/tbody/tr[8]/td[3]/div/div/span/span[1]/bdi"}
RESULT: {"using":"xpath","value":"//table[contains(@id, \"listView-innerSelectionPanelTable-listUl\")]/tbody/tr[8]/td[3]/div/div/span/span[1]/bdi"}
COMMAND: POST /session/6f873cfbd9220f733b1c899e801fac9f/execute/sync - {"script":"<script> [56 bytes]","args":[{"element-6066-11e4-a52e-4f735466cecf":"f.0D8D1E8C4444AAF4F6CCCAD0803F9B10.d.83DABABCCBFA67F35F452BC2359F540E.e.7784","ELEMENT":"f.0D8D1E8C4444AAF4F6CCCAD0803F9B10.d.83DABABCCBFA67F35F452BC2359F540E.e.7784"}]}
RESULT: {"script":"<script> [56 bytes]","args":[{"element-6066-11e4-a52e-4f735466cecf":"f.0D8D1E8C4444AAF4F6CCCAD0803F9B10.d.83DABABCCBFA67F35F452BC2359F540E.e.7784","ELEMENT":"f.0D8D1E8C4444AAF4F6CCCAD0803F9B10.d.83DABABCCBFA67F35F452BC2359F540E.e.7784"}]}
COMMAND: GET /session/6f873cfbd9220f733b1c899e801fac9f/element/f.0D8D1E8C4444AAF4F6CCCAD0803F9B10.d.83DABABCCBFA67F35F452BC2359F540E.e.7783/attribute/aria-checked - {}
COMMAND: GET /session/6f873cfbd9220f733b1c899e801fac9f/screenshot - {}
RESULT: {}
COMMAND: POST /session/6f873cfbd9220f733b1c899e801fac9f/element - {"using":"xpath","value":"//table[contains(@id, \"listView-innerSelectionPanelTable-listUl\")]/tbody/tr[9]/td[2]/div/div"}
RESULT: {}
RESULT: {"using":"xpath","value":"//table[contains(@id, \"listView-innerSelectionPanelTable-listUl\")]/tbody/tr[9]/td[2]/div/div"}
COMMAND: POST /session/6f873cfbd9220f733b1c899e801fac9f/element - {"using":"xpath","value":"//table[contains(@id, \"listView-innerSelectionPanelTable-listUl\")]/tbody/tr[9]/td[2]/div"}
RESULT: {"using":"xpath","value":"//table[contains(@id, \"listView-innerSelectionPanelTable-listUl\")]/tbody/tr[9]/td[2]/div"}
COMMAND: POST /session/6f873cfbd9220f733b1c899e801fac9f/element - {"using":"xpath","value":"//table[contains(@id, \"listView-innerSelectionPanelTable-listUl\")]/tbody/tr[9]/td[3]/div/div/span/span[1]/bdi"}
RESULT: {"using":"xpath","value":"//table[contains(@id, \"listView-innerSelectionPanelTable-listUl\")]/tbody/tr[9]/td[3]/div/div/span/span[1]/bdi"}
COMMAND: POST /session/6f873cfbd9220f733b1c899e801fac9f/execute/sync - {"script":"<script> [56 bytes]","args":[{"element-6066-11e4-a52e-4f735466cecf":"f.0D8D1E8C4444AAF4F6CCCAD0803F9B10.d.83DABABCCBFA67F35F452BC2359F540E.e.7787","ELEMENT":"f.0D8D1E8C4444AAF4F6CCCAD0803F9B10.d.83DABABCCBFA67F35F452BC2359F540E.e.7787"}]}
RESULT: {"script":"<script> [56 bytes]","args":[{"element-6066-11e4-a52e-4f735466cecf":"f.0D8D1E8C4444AAF4F6CCCAD0803F9B10.d.83DABABCCBFA67F35F452BC2359F540E.e.7787","ELEMENT":"f.0D8D1E8C4444AAF4F6CCCAD0803F9B10.d.83DABABCCBFA67F35F452BC2359F540E.e.7787"}]}
COMMAND: GET /session/6f873cfbd9220f733b1c899e801fac9f/element/f.0D8D1E8C4444AAF4F6CCCAD0803F9B10.d.83DABABCCBFA67F35F452BC2359F540E.e.7786/attribute/aria-checked - {}
COMMAND: GET /session/6f873cfbd9220f733b1c899e801fac9f/screenshot - {}
RESULT: {}
COMMAND: POST /session/6f873cfbd9220f733b1c899e801fac9f/element - {"using":"xpath","value":"//table[contains(@id, \"listView-innerSelectionPanelTable-listUl\")]/tbody/tr[10]/td[2]/div/div"}
RESULT: {}
RESULT: {"using":"xpath","value":"//table[contains(@id, \"listView-innerSelectionPanelTable-listUl\")]/tbody/tr[10]/td[2]/div/div"}
COMMAND: POST /session/6f873cfbd9220f733b1c899e801fac9f/element - {"using":"xpath","value":"//table[contains(@id, \"listView-innerSelectionPanelTable-listUl\")]/tbody/tr[10]/td[2]/div"}
RESULT: {"using":"xpath","value":"//table[contains(@id, \"listView-innerSelectionPanelTable-listUl\")]/tbody/tr[10]/td[2]/div"}
COMMAND: POST /session/6f873cfbd9220f733b1c899e801fac9f/element - {"using":"xpath","value":"//table[contains(@id, \"listView-innerSelectionPanelTable-listUl\")]/tbody/tr[10]/td[3]/div/div/span/span[1]/bdi"}
RESULT: {"using":"xpath","value":"//table[contains(@id, \"listView-innerSelectionPanelTable-listUl\")]/tbody/tr[10]/td[3]/div/div/span/span[1]/bdi"}
COMMAND: POST /session/6f873cfbd9220f733b1c899e801fac9f/execute/sync - {"script":"<script> [56 bytes]","args":[{"element-6066-11e4-a52e-4f735466cecf":"f.0D8D1E8C4444AAF4F6CCCAD0803F9B10.d.83DABABCCBFA67F35F452BC2359F540E.e.7790","ELEMENT":"f.0D8D1E8C4444AAF4F6CCCAD0803F9B10.d.83DABABCCBFA67F35F452BC2359F540E.e.7790"}]}
RESULT: {"script":"<script> [56 bytes]","args":[{"element-6066-11e4-a52e-4f735466cecf":"f.0D8D1E8C4444AAF4F6CCCAD0803F9B10.d.83DABABCCBFA67F35F452BC2359F540E.e.7790","ELEMENT":"f.0D8D1E8C4444AAF4F6CCCAD0803F9B10.d.83DABABCCBFA67F35F452BC2359F540E.e.7790"}]}
COMMAND: GET /session/6f873cfbd9220f733b1c899e801fac9f/element/f.0D8D1E8C4444AAF4F6CCCAD0803F9B10.d.83DABABCCBFA67F35F452BC2359F540E.e.7789/attribute/aria-checked - {}
COMMAND: GET /session/6f873cfbd9220f733b1c899e801fac9f/screenshot - {}
RESULT: {}
COMMAND: POST /session/6f873cfbd9220f733b1c899e801fac9f/element - {"using":"xpath","value":"//table[contains(@id, \"listView-innerSelectionPanelTable-listUl\")]/tbody/tr[11]/td[2]/div/div"}
RESULT: {}
RESULT: {"using":"xpath","value":"//table[contains(@id, \"listView-innerSelectionPanelTable-listUl\")]/tbody/tr[11]/td[2]/div/div"}
COMMAND: POST /session/6f873cfbd9220f733b1c899e801fac9f/element - {"using":"xpath","value":"//table[contains(@id, \"listView-innerSelectionPanelTable-listUl\")]/tbody/tr[11]/td[2]/div"}
RESULT: {"using":"xpath","value":"//table[contains(@id, \"listView-innerSelectionPanelTable-listUl\")]/tbody/tr[11]/td[2]/div"}
COMMAND: POST /session/6f873cfbd9220f733b1c899e801fac9f/element - {"using":"xpath","value":"//table[contains(@id, \"listView-innerSelectionPanelTable-listUl\")]/tbody/tr[11]/td[3]/div/div/span/span[1]/bdi"}
RESULT: {"using":"xpath","value":"//table[contains(@id, \"listView-innerSelectionPanelTable-listUl\")]/tbody/tr[11]/td[3]/div/div/span/span[1]/bdi"}
COMMAND: POST /session/6f873cfbd9220f733b1c899e801fac9f/execute/sync - {"script":"<script> [56 bytes]","args":[{"element-6066-11e4-a52e-4f735466cecf":"f.0D8D1E8C4444AAF4F6CCCAD0803F9B10.d.83DABABCCBFA67F35F452BC2359F540E.e.7793","ELEMENT":"f.0D8D1E8C4444AAF4F6CCCAD0803F9B10.d.83DABABCCBFA67F35F452BC2359F540E.e.7793"}]}
RESULT: {"script":"<script> [56 bytes]","args":[{"element-6066-11e4-a52e-4f735466cecf":"f.0D8D1E8C4444AAF4F6CCCAD0803F9B10.d.83DABABCCBFA67F35F452BC2359F540E.e.7793","ELEMENT":"f.0D8D1E8C4444AAF4F6CCCAD0803F9B10.d.83DABABCCBFA67F35F452BC2359F540E.e.7793"}]}
COMMAND: GET /session/6f873cfbd9220f733b1c899e801fac9f/element/f.0D8D1E8C4444AAF4F6CCCAD0803F9B10.d.83DABABCCBFA67F35F452BC2359F540E.e.7792/attribute/aria-checked - {}
COMMAND: GET /session/6f873cfbd9220f733b1c899e801fac9f/screenshot - {}
RESULT: {}
COMMAND: POST /session/6f873cfbd9220f733b1c899e801fac9f/element - {"using":"xpath","value":"//table[contains(@id, \"listView-innerSelectionPanelTable-listUl\")]/tbody/tr[12]/td[2]/div/div"}
RESULT: {}
RESULT: {"using":"xpath","value":"//table[contains(@id, \"listView-innerSelectionPanelTable-listUl\")]/tbody/tr[12]/td[2]/div/div"}
COMMAND: POST /session/6f873cfbd9220f733b1c899e801fac9f/element - {"using":"xpath","value":"//table[contains(@id, \"listView-innerSelectionPanelTable-listUl\")]/tbody/tr[12]/td[2]/div"}
RESULT: {"using":"xpath","value":"//table[contains(@id, \"listView-innerSelectionPanelTable-listUl\")]/tbody/tr[12]/td[2]/div"}
COMMAND: POST /session/6f873cfbd9220f733b1c899e801fac9f/element - {"using":"xpath","value":"//table[contains(@id, \"listView-innerSelectionPanelTable-listUl\")]/tbody/tr[12]/td[3]/div/div/span/span[1]/bdi"}
RESULT: {"using":"xpath","value":"//table[contains(@id, \"listView-innerSelectionPanelTable-listUl\")]/tbody/tr[12]/td[3]/div/div/span/span[1]/bdi"}
COMMAND: POST /session/6f873cfbd9220f733b1c899e801fac9f/execute/sync - {"script":"<script> [56 bytes]","args":[{"element-6066-11e4-a52e-4f735466cecf":"f.0D8D1E8C4444AAF4F6CCCAD0803F9B10.d.83DABABCCBFA67F35F452BC2359F540E.e.7796","ELEMENT":"f.0D8D1E8C4444AAF4F6CCCAD0803F9B10.d.83DABABCCBFA67F35F452BC2359F540E.e.7796"}]}
RESULT: {"script":"<script> [56 bytes]","args":[{"element-6066-11e4-a52e-4f735466cecf":"f.0D8D1E8C4444AAF4F6CCCAD0803F9B10.d.83DABABCCBFA67F35F452BC2359F540E.e.7796","ELEMENT":"f.0D8D1E8C4444AAF4F6CCCAD0803F9B10.d.83DABABCCBFA67F35F452BC2359F540E.e.7796"}]}
COMMAND: GET /session/6f873cfbd9220f733b1c899e801fac9f/element/f.0D8D1E8C4444AAF4F6CCCAD0803F9B10.d.83DABABCCBFA67F35F452BC2359F540E.e.7795/attribute/aria-checked - {}
COMMAND: GET /session/6f873cfbd9220f733b1c899e801fac9f/screenshot - {}
RESULT: {}
COMMAND: POST /session/6f873cfbd9220f733b1c899e801fac9f/element - {"using":"xpath","value":"//table[contains(@id, \"listView-innerSelectionPanelTable-listUl\")]/tbody/tr[13]/td[2]/div/div"}
RESULT: {}
RESULT: {"using":"xpath","value":"//table[contains(@id, \"listView-innerSelectionPanelTable-listUl\")]/tbody/tr[13]/td[2]/div/div"}
COMMAND: POST /session/6f873cfbd9220f733b1c899e801fac9f/element - {"using":"xpath","value":"//table[contains(@id, \"listView-innerSelectionPanelTable-listUl\")]/tbody/tr[13]/td[2]/div"}
RESULT: {"using":"xpath","value":"//table[contains(@id, \"listView-innerSelectionPanelTable-listUl\")]/tbody/tr[13]/td[2]/div"}
COMMAND: POST /session/6f873cfbd9220f733b1c899e801fac9f/element - {"using":"xpath","value":"//table[contains(@id, \"listView-innerSelectionPanelTable-listUl\")]/tbody/tr[13]/td[3]/div/div/span/span[1]/bdi"}
RESULT: {"using":"xpath","value":"//table[contains(@id, \"listView-innerSelectionPanelTable-listUl\")]/tbody/tr[13]/td[3]/div/div/span/span[1]/bdi"}
COMMAND: POST /session/6f873cfbd9220f733b1c899e801fac9f/execute/sync - {"script":"<script> [56 bytes]","args":[{"element-6066-11e4-a52e-4f735466cecf":"f.0D8D1E8C4444AAF4F6CCCAD0803F9B10.d.83DABABCCBFA67F35F452BC2359F540E.e.7799","ELEMENT":"f.0D8D1E8C4444AAF4F6CCCAD0803F9B10.d.83DABABCCBFA67F35F452BC2359F540E.e.7799"}]}
RESULT: {"script":"<script> [56 bytes]","args":[{"element-6066-11e4-a52e-4f735466cecf":"f.0D8D1E8C4444AAF4F6CCCAD0803F9B10.d.83DABABCCBFA67F35F452BC2359F540E.e.7799","ELEMENT":"f.0D8D1E8C4444AAF4F6CCCAD0803F9B10.d.83DABABCCBFA67F35F452BC2359F540E.e.7799"}]}
COMMAND: GET /session/6f873cfbd9220f733b1c899e801fac9f/element/f.0D8D1E8C4444AAF4F6CCCAD0803F9B10.d.83DABABCCBFA67F35F452BC2359F540E.e.7798/attribute/aria-checked - {}
COMMAND: GET /session/6f873cfbd9220f733b1c899e801fac9f/screenshot - {}
RESULT: {}
COMMAND: POST /session/6f873cfbd9220f733b1c899e801fac9f/element - {"using":"xpath","value":"//table[contains(@id, \"listView-innerSelectionPanelTable-listUl\")]/tbody/tr[14]/td[2]/div/div"}
COMMAND: POST /session/6f873cfbd9220f733b1c899e801fac9f/element/f.0D8D1E8C4444AAF4F6CCCAD0803F9B10.d.83DABABCCBFA67F35F452BC2359F540E.e.7797/click - {}
RESULT: {}
RESULT: {}
COMMAND: GET /session/6f873cfbd9220f733b1c899e801fac9f/screenshot - {}
RESULT: {"using":"xpath","value":"//table[contains(@id, \"listView-innerSelectionPanelTable-listUl\")]/tbody/tr[14]/td[2]/div/div"}
COMMAND: POST /session/6f873cfbd9220f733b1c899e801fac9f/element - {"using":"xpath","value":"//table[contains(@id, \"listView-innerSelectionPanelTable-listUl\")]/tbody/tr[14]/td[2]/div"}
RESULT: {}
RESULT: {"using":"xpath","value":"//table[contains(@id, \"listView-innerSelectionPanelTable-listUl\")]/tbody/tr[14]/td[2]/div"}
COMMAND: POST /session/6f873cfbd9220f733b1c899e801fac9f/element - {"using":"xpath","value":"//table[contains(@id, \"listView-innerSelectionPanelTable-listUl\")]/tbody/tr[14]/td[3]/div/div/span/span[1]/bdi"}
RESULT: {"using":"xpath","value":"//table[contains(@id, \"listView-innerSelectionPanelTable-listUl\")]/tbody/tr[14]/td[3]/div/div/span/span[1]/bdi"}
COMMAND: POST /session/6f873cfbd9220f733b1c899e801fac9f/execute/sync - {"script":"<script> [56 bytes]","args":[{"element-6066-11e4-a52e-4f735466cecf":"f.0D8D1E8C4444AAF4F6CCCAD0803F9B10.d.83DABABCCBFA67F35F452BC2359F540E.e.7803","ELEMENT":"f.0D8D1E8C4444AAF4F6CCCAD0803F9B10.d.83DABABCCBFA67F35F452BC2359F540E.e.7803"}]}
RESULT: {"script":"<script> [56 bytes]","args":[{"element-6066-11e4-a52e-4f735466cecf":"f.0D8D1E8C4444AAF4F6CCCAD0803F9B10.d.83DABABCCBFA67F35F452BC2359F540E.e.7803","ELEMENT":"f.0D8D1E8C4444AAF4F6CCCAD0803F9B10.d.83DABABCCBFA67F35F452BC2359F540E.e.7803"}]}
COMMAND: GET /session/6f873cfbd9220f733b1c899e801fac9f/element/f.0D8D1E8C4444AAF4F6CCCAD0803F9B10.d.83DABABCCBFA67F35F452BC2359F540E.e.7802/attribute/aria-checked - {}
COMMAND: GET /session/6f873cfbd9220f733b1c899e801fac9f/screenshot - {}
RESULT: {}
COMMAND: POST /session/6f873cfbd9220f733b1c899e801fac9f/element - {"using":"xpath","value":"//table[contains(@id, \"listView-innerSelectionPanelTable-listUl\")]/tbody/tr[15]/td[2]/div/div"}
RESULT: {}
RESULT: {"using":"xpath","value":"//table[contains(@id, \"listView-innerSelectionPanelTable-listUl\")]/tbody/tr[15]/td[2]/div/div"}
COMMAND: POST /session/6f873cfbd9220f733b1c899e801fac9f/element - {"using":"xpath","value":"//table[contains(@id, \"listView-innerSelectionPanelTable-listUl\")]/tbody/tr[15]/td[2]/div"}
RESULT: {"using":"xpath","value":"//table[contains(@id, \"listView-innerSelectionPanelTable-listUl\")]/tbody/tr[15]/td[2]/div"}
COMMAND: POST /session/6f873cfbd9220f733b1c899e801fac9f/element - {"using":"xpath","value":"//table[contains(@id, \"listView-innerSelectionPanelTable-listUl\")]/tbody/tr[15]/td[3]/div/div/span/span[1]/bdi"}
RESULT: {"using":"xpath","value":"//table[contains(@id, \"listView-innerSelectionPanelTable-listUl\")]/tbody/tr[15]/td[3]/div/div/span/span[1]/bdi"}
COMMAND: POST /session/6f873cfbd9220f733b1c899e801fac9f/execute/sync - {"script":"<script> [56 bytes]","args":[{"element-6066-11e4-a52e-4f735466cecf":"f.0D8D1E8C4444AAF4F6CCCAD0803F9B10.d.83DABABCCBFA67F35F452BC2359F540E.e.7806","ELEMENT":"f.0D8D1E8C4444AAF4F6CCCAD0803F9B10.d.83DABABCCBFA67F35F452BC2359F540E.e.7806"}]}
RESULT: {"script":"<script> [56 bytes]","args":[{"element-6066-11e4-a52e-4f735466cecf":"f.0D8D1E8C4444AAF4F6CCCAD0803F9B10.d.83DABABCCBFA67F35F452BC2359F540E.e.7806","ELEMENT":"f.0D8D1E8C4444AAF4F6CCCAD0803F9B10.d.83DABABCCBFA67F35F452BC2359F540E.e.7806"}]}
COMMAND: GET /session/6f873cfbd9220f733b1c899e801fac9f/element/f.0D8D1E8C4444AAF4F6CCCAD0803F9B10.d.83DABABCCBFA67F35F452BC2359F540E.e.7805/attribute/aria-checked - {}
COMMAND: GET /session/6f873cfbd9220f733b1c899e801fac9f/screenshot - {}
RESULT: {}
COMMAND: POST /session/6f873cfbd9220f733b1c899e801fac9f/element - {"using":"xpath","value":"//table[contains(@id, \"listView-innerSelectionPanelTable-listUl\")]/tbody/tr[16]/td[2]/div/div"}
RESULT: {}
RESULT: {"using":"xpath","value":"//table[contains(@id, \"listView-innerSelectionPanelTable-listUl\")]/tbody/tr[16]/td[2]/div/div"}
COMMAND: POST /session/6f873cfbd9220f733b1c899e801fac9f/element - {"using":"xpath","value":"//table[contains(@id, \"listView-innerSelectionPanelTable-listUl\")]/tbody/tr[16]/td[2]/div"}
RESULT: {"using":"xpath","value":"//table[contains(@id, \"listView-innerSelectionPanelTable-listUl\")]/tbody/tr[16]/td[2]/div"}
COMMAND: POST /session/6f873cfbd9220f733b1c899e801fac9f/element - {"using":"xpath","value":"//table[contains(@id, \"listView-innerSelectionPanelTable-listUl\")]/tbody/tr[16]/td[3]/div/div/span/span[1]/bdi"}
RESULT: {"using":"xpath","value":"//table[contains(@id, \"listView-innerSelectionPanelTable-listUl\")]/tbody/tr[16]/td[3]/div/div/span/span[1]/bdi"}
COMMAND: POST /session/6f873cfbd9220f733b1c899e801fac9f/execute/sync - {"script":"<script> [56 bytes]","args":[{"element-6066-11e4-a52e-4f735466cecf":"f.0D8D1E8C4444AAF4F6CCCAD0803F9B10.d.83DABABCCBFA67F35F452BC2359F540E.e.7809","ELEMENT":"f.0D8D1E8C4444AAF4F6CCCAD0803F9B10.d.83DABABCCBFA67F35F452BC2359F540E.e.7809"}]}
RESULT: {"script":"<script> [56 bytes]","args":[{"element-6066-11e4-a52e-4f735466cecf":"f.0D8D1E8C4444AAF4F6CCCAD0803F9B10.d.83DABABCCBFA67F35F452BC2359F540E.e.7809","ELEMENT":"f.0D8D1E8C4444AAF4F6CCCAD0803F9B10.d.83DABABCCBFA67F35F452BC2359F540E.e.7809"}]}
COMMAND: GET /session/6f873cfbd9220f733b1c899e801fac9f/element/f.0D8D1E8C4444AAF4F6CCCAD0803F9B10.d.83DABABCCBFA67F35F452BC2359F540E.e.7808/attribute/aria-checked - {}
COMMAND: GET /session/6f873cfbd9220f733b1c899e801fac9f/screenshot - {}
RESULT: {}
COMMAND: POST /session/6f873cfbd9220f733b1c899e801fac9f/element - {"using":"xpath","value":"//table[contains(@id, \"listView-innerSelectionPanelTable-listUl\")]/tbody/tr[17]/td[2]/div/div"}
RESULT: {}
RESULT: {"using":"xpath","value":"//table[contains(@id, \"listView-innerSelectionPanelTable-listUl\")]/tbody/tr[17]/td[2]/div/div"}
COMMAND: POST /session/6f873cfbd9220f733b1c899e801fac9f/element - {"using":"xpath","value":"//table[contains(@id, \"listView-innerSelectionPanelTable-listUl\")]/tbody/tr[17]/td[2]/div"}
RESULT: {"using":"xpath","value":"//table[contains(@id, \"listView-innerSelectionPanelTable-listUl\")]/tbody/tr[17]/td[2]/div"}
COMMAND: POST /session/6f873cfbd9220f733b1c899e801fac9f/element - {"using":"xpath","value":"//table[contains(@id, \"listView-innerSelectionPanelTable-listUl\")]/tbody/tr[17]/td[3]/div/div/span/span[1]/bdi"}
RESULT: {"using":"xpath","value":"//table[contains(@id, \"listView-innerSelectionPanelTable-listUl\")]/tbody/tr[17]/td[3]/div/div/span/span[1]/bdi"}
COMMAND: POST /session/6f873cfbd9220f733b1c899e801fac9f/execute/sync - {"script":"<script> [56 bytes]","args":[{"element-6066-11e4-a52e-4f735466cecf":"f.0D8D1E8C4444AAF4F6CCCAD0803F9B10.d.83DABABCCBFA67F35F452BC2359F540E.e.7812","ELEMENT":"f.0D8D1E8C4444AAF4F6CCCAD0803F9B10.d.83DABABCCBFA67F35F452BC2359F540E.e.7812"}]}
RESULT: {"script":"<script> [56 bytes]","args":[{"element-6066-11e4-a52e-4f735466cecf":"f.0D8D1E8C4444AAF4F6CCCAD0803F9B10.d.83DABABCCBFA67F35F452BC2359F540E.e.7812","ELEMENT":"f.0D8D1E8C4444AAF4F6CCCAD0803F9B10.d.83DABABCCBFA67F35F452BC2359F540E.e.7812"}]}
COMMAND: GET /session/6f873cfbd9220f733b1c899e801fac9f/element/f.0D8D1E8C4444AAF4F6CCCAD0803F9B10.d.83DABABCCBFA67F35F452BC2359F540E.e.7811/attribute/aria-checked - {}
COMMAND: GET /session/6f873cfbd9220f733b1c899e801fac9f/screenshot - {}
RESULT: {}
COMMAND: POST /session/6f873cfbd9220f733b1c899e801fac9f/element - {"using":"xpath","value":"//table[contains(@id, \"listView-innerSelectionPanelTable-listUl\")]/tbody/tr[18]/td[2]/div/div"}
RESULT: {}
RESULT: {"using":"xpath","value":"//table[contains(@id, \"listView-innerSelectionPanelTable-listUl\")]/tbody/tr[18]/td[2]/div/div"}
COMMAND: POST /session/6f873cfbd9220f733b1c899e801fac9f/element - {"using":"xpath","value":"//table[contains(@id, \"listView-innerSelectionPanelTable-listUl\")]/tbody/tr[18]/td[2]/div"}
RESULT: {"using":"xpath","value":"//table[contains(@id, \"listView-innerSelectionPanelTable-listUl\")]/tbody/tr[18]/td[2]/div"}
COMMAND: POST /session/6f873cfbd9220f733b1c899e801fac9f/element - {"using":"xpath","value":"//table[contains(@id, \"listView-innerSelectionPanelTable-listUl\")]/tbody/tr[18]/td[3]/div/div/span/span[1]/bdi"}
RESULT: {"using":"xpath","value":"//table[contains(@id, \"listView-innerSelectionPanelTable-listUl\")]/tbody/tr[18]/td[3]/div/div/span/span[1]/bdi"}
COMMAND: POST /session/6f873cfbd9220f733b1c899e801fac9f/execute/sync - {"script":"<script> [56 bytes]","args":[{"element-6066-11e4-a52e-4f735466cecf":"f.0D8D1E8C4444AAF4F6CCCAD0803F9B10.d.83DABABCCBFA67F35F452BC2359F540E.e.7815","ELEMENT":"f.0D8D1E8C4444AAF4F6CCCAD0803F9B10.d.83DABABCCBFA67F35F452BC2359F540E.e.7815"}]}
RESULT: {"script":"<script> [56 bytes]","args":[{"element-6066-11e4-a52e-4f735466cecf":"f.0D8D1E8C4444AAF4F6CCCAD0803F9B10.d.83DABABCCBFA67F35F452BC2359F540E.e.7815","ELEMENT":"f.0D8D1E8C4444AAF4F6CCCAD0803F9B10.d.83DABABCCBFA67F35F452BC2359F540E.e.7815"}]}
COMMAND: GET /session/6f873cfbd9220f733b1c899e801fac9f/element/f.0D8D1E8C4444AAF4F6CCCAD0803F9B10.d.83DABABCCBFA67F35F452BC2359F540E.e.7814/attribute/aria-checked - {}
COMMAND: GET /session/6f873cfbd9220f733b1c899e801fac9f/screenshot - {}
RESULT: {}
COMMAND: POST /session/6f873cfbd9220f733b1c899e801fac9f/element - {"using":"xpath","value":"//table[contains(@id, \"listView-innerSelectionPanelTable-listUl\")]/tbody/tr[19]/td[2]/div/div"}
RESULT: {}
RESULT: {"using":"xpath","value":"//table[contains(@id, \"listView-innerSelectionPanelTable-listUl\")]/tbody/tr[19]/td[2]/div/div"}
COMMAND: POST /session/6f873cfbd9220f733b1c899e801fac9f/element - {"using":"xpath","value":"//table[contains(@id, \"listView-innerSelectionPanelTable-listUl\")]/tbody/tr[19]/td[2]/div"}
RESULT: {"using":"xpath","value":"//table[contains(@id, \"listView-innerSelectionPanelTable-listUl\")]/tbody/tr[19]/td[2]/div"}
COMMAND: POST /session/6f873cfbd9220f733b1c899e801fac9f/element - {"using":"xpath","value":"//table[contains(@id, \"listView-innerSelectionPanelTable-listUl\")]/tbody/tr[19]/td[3]/div/div/span/span[1]/bdi"}
RESULT: {"using":"xpath","value":"//table[contains(@id, \"listView-innerSelectionPanelTable-listUl\")]/tbody/tr[19]/td[3]/div/div/span/span[1]/bdi"}
COMMAND: POST /session/6f873cfbd9220f733b1c899e801fac9f/execute/sync - {"script":"<script> [56 bytes]","args":[{"element-6066-11e4-a52e-4f735466cecf":"f.0D8D1E8C4444AAF4F6CCCAD0803F9B10.d.83DABABCCBFA67F35F452BC2359F540E.e.7818","ELEMENT":"f.0D8D1E8C4444AAF4F6CCCAD0803F9B10.d.83DABABCCBFA67F35F452BC2359F540E.e.7818"}]}
RESULT: {"script":"<script> [56 bytes]","args":[{"element-6066-11e4-a52e-4f735466cecf":"f.0D8D1E8C4444AAF4F6CCCAD0803F9B10.d.83DABABCCBFA67F35F452BC2359F540E.e.7818","ELEMENT":"f.0D8D1E8C4444AAF4F6CCCAD0803F9B10.d.83DABABCCBFA67F35F452BC2359F540E.e.7818"}]}
COMMAND: GET /session/6f873cfbd9220f733b1c899e801fac9f/element/f.0D8D1E8C4444AAF4F6CCCAD0803F9B10.d.83DABABCCBFA67F35F452BC2359F540E.e.7817/attribute/aria-checked - {}
COMMAND: GET /session/6f873cfbd9220f733b1c899e801fac9f/screenshot - {}
RESULT: {}
COMMAND: POST /session/6f873cfbd9220f733b1c899e801fac9f/element - {"using":"xpath","value":"//table[contains(@id, \"listView-innerSelectionPanelTable-listUl\")]/tbody/tr[20]/td[2]/div/div"}
RESULT: {}
RESULT: {"using":"xpath","value":"//table[contains(@id, \"listView-innerSelectionPanelTable-listUl\")]/tbody/tr[20]/td[2]/div/div"}
COMMAND: POST /session/6f873cfbd9220f733b1c899e801fac9f/element - {"using":"xpath","value":"//table[contains(@id, \"listView-innerSelectionPanelTable-listUl\")]/tbody/tr[20]/td[2]/div"}
RESULT: {"using":"xpath","value":"//table[contains(@id, \"listView-innerSelectionPanelTable-listUl\")]/tbody/tr[20]/td[2]/div"}
COMMAND: POST /session/6f873cfbd9220f733b1c899e801fac9f/element - {"using":"xpath","value":"//table[contains(@id, \"listView-innerSelectionPanelTable-listUl\")]/tbody/tr[20]/td[3]/div/div/span/span[1]/bdi"}
RESULT: {"using":"xpath","value":"//table[contains(@id, \"listView-innerSelectionPanelTable-listUl\")]/tbody/tr[20]/td[3]/div/div/span/span[1]/bdi"}
COMMAND: POST /session/6f873cfbd9220f733b1c899e801fac9f/execute/sync - {"script":"<script> [56 bytes]","args":[{"element-6066-11e4-a52e-4f735466cecf":"f.0D8D1E8C4444AAF4F6CCCAD0803F9B10.d.83DABABCCBFA67F35F452BC2359F540E.e.7821","ELEMENT":"f.0D8D1E8C4444AAF4F6CCCAD0803F9B10.d.83DABABCCBFA67F35F452BC2359F540E.e.7821"}]}
RESULT: {"script":"<script> [56 bytes]","args":[{"element-6066-11e4-a52e-4f735466cecf":"f.0D8D1E8C4444AAF4F6CCCAD0803F9B10.d.83DABABCCBFA67F35F452BC2359F540E.e.7821","ELEMENT":"f.0D8D1E8C4444AAF4F6CCCAD0803F9B10.d.83DABABCCBFA67F35F452BC2359F540E.e.7821"}]}
COMMAND: GET /session/6f873cfbd9220f733b1c899e801fac9f/element/f.0D8D1E8C4444AAF4F6CCCAD0803F9B10.d.83DABABCCBFA67F35F452BC2359F540E.e.7820/attribute/aria-checked - {}
COMMAND: GET /session/6f873cfbd9220f733b1c899e801fac9f/screenshot - {}
RESULT: {}
COMMAND: POST /session/6f873cfbd9220f733b1c899e801fac9f/element - {"using":"xpath","value":"//table[contains(@id, \"listView-innerSelectionPanelTable-listUl\")]/tbody/tr[21]/td[2]/div/div"}
RESULT: {}
RESULT: {"using":"xpath","value":"//table[contains(@id, \"listView-innerSelectionPanelTable-listUl\")]/tbody/tr[21]/td[2]/div/div"}
COMMAND: POST /session/6f873cfbd9220f733b1c899e801fac9f/element - {"using":"xpath","value":"//table[contains(@id, \"listView-innerSelectionPanelTable-listUl\")]/tbody/tr[21]/td[2]/div"}
RESULT: {"using":"xpath","value":"//table[contains(@id, \"listView-innerSelectionPanelTable-listUl\")]/tbody/tr[21]/td[2]/div"}
COMMAND: POST /session/6f873cfbd9220f733b1c899e801fac9f/element - {"using":"xpath","value":"//table[contains(@id, \"listView-innerSelectionPanelTable-listUl\")]/tbody/tr[21]/td[3]/div/div/span/span[1]/bdi"}
RESULT: {"using":"xpath","value":"//table[contains(@id, \"listView-innerSelectionPanelTable-listUl\")]/tbody/tr[21]/td[3]/div/div/span/span[1]/bdi"}
COMMAND: POST /session/6f873cfbd9220f733b1c899e801fac9f/execute/sync - {"script":"<script> [56 bytes]","args":[{"element-6066-11e4-a52e-4f735466cecf":"f.0D8D1E8C4444AAF4F6CCCAD0803F9B10.d.83DABABCCBFA67F35F452BC2359F540E.e.7824","ELEMENT":"f.0D8D1E8C4444AAF4F6CCCAD0803F9B10.d.83DABABCCBFA67F35F452BC2359F540E.e.7824"}]}
RESULT: {"script":"<script> [56 bytes]","args":[{"element-6066-11e4-a52e-4f735466cecf":"f.0D8D1E8C4444AAF4F6CCCAD0803F9B10.d.83DABABCCBFA67F35F452BC2359F540E.e.7824","ELEMENT":"f.0D8D1E8C4444AAF4F6CCCAD0803F9B10.d.83DABABCCBFA67F35F452BC2359F540E.e.7824"}]}
COMMAND: GET /session/6f873cfbd9220f733b1c899e801fac9f/element/f.0D8D1E8C4444AAF4F6CCCAD0803F9B10.d.83DABABCCBFA67F35F452BC2359F540E.e.7823/attribute/aria-checked - {}
COMMAND: GET /session/6f873cfbd9220f733b1c899e801fac9f/screenshot - {}
RESULT: {}
COMMAND: POST /session/6f873cfbd9220f733b1c899e801fac9f/element - {"using":"xpath","value":"//table[contains(@id, \"listView-innerSelectionPanelTable-listUl\")]/tbody/tr[22]/td[2]/div/div"}
RESULT: {}
RESULT: {"using":"xpath","value":"//table[contains(@id, \"listView-innerSelectionPanelTable-listUl\")]/tbody/tr[22]/td[2]/div/div"}
COMMAND: POST /session/6f873cfbd9220f733b1c899e801fac9f/element - {"using":"xpath","value":"//table[contains(@id, \"listView-innerSelectionPanelTable-listUl\")]/tbody/tr[22]/td[2]/div"}
RESULT: {"using":"xpath","value":"//table[contains(@id, \"listView-innerSelectionPanelTable-listUl\")]/tbody/tr[22]/td[2]/div"}
COMMAND: POST /session/6f873cfbd9220f733b1c899e801fac9f/element - {"using":"xpath","value":"//table[contains(@id, \"listView-innerSelectionPanelTable-listUl\")]/tbody/tr[22]/td[3]/div/div/span/span[1]/bdi"}
RESULT: {"using":"xpath","value":"//table[contains(@id, \"listView-innerSelectionPanelTable-listUl\")]/tbody/tr[22]/td[3]/div/div/span/span[1]/bdi"}
COMMAND: POST /session/6f873cfbd9220f733b1c899e801fac9f/execute/sync - {"script":"<script> [56 bytes]","args":[{"element-6066-11e4-a52e-4f735466cecf":"f.0D8D1E8C4444AAF4F6CCCAD0803F9B10.d.83DABABCCBFA67F35F452BC2359F540E.e.7827","ELEMENT":"f.0D8D1E8C4444AAF4F6CCCAD0803F9B10.d.83DABABCCBFA67F35F452BC2359F540E.e.7827"}]}
RESULT: {"script":"<script> [56 bytes]","args":[{"element-6066-11e4-a52e-4f735466cecf":"f.0D8D1E8C4444AAF4F6CCCAD0803F9B10.d.83DABABCCBFA67F35F452BC2359F540E.e.7827","ELEMENT":"f.0D8D1E8C4444AAF4F6CCCAD0803F9B10.d.83DABABCCBFA67F35F452BC2359F540E.e.7827"}]}
COMMAND: GET /session/6f873cfbd9220f733b1c899e801fac9f/element/f.0D8D1E8C4444AAF4F6CCCAD0803F9B10.d.83DABABCCBFA67F35F452BC2359F540E.e.7826/attribute/aria-checked - {}
COMMAND: GET /session/6f873cfbd9220f733b1c899e801fac9f/screenshot - {}
RESULT: {}
COMMAND: POST /session/6f873cfbd9220f733b1c899e801fac9f/element - {"using":"xpath","value":"//table[contains(@id, \"listView-innerSelectionPanelTable-listUl\")]/tbody/tr[23]/td[2]/div/div"}
RESULT: {}
RESULT: {"using":"xpath","value":"//table[contains(@id, \"listView-innerSelectionPanelTable-listUl\")]/tbody/tr[23]/td[2]/div/div"}
COMMAND: POST /session/6f873cfbd9220f733b1c899e801fac9f/element - {"using":"xpath","value":"//table[contains(@id, \"listView-innerSelectionPanelTable-listUl\")]/tbody/tr[23]/td[2]/div"}
RESULT: {"using":"xpath","value":"//table[contains(@id, \"listView-innerSelectionPanelTable-listUl\")]/tbody/tr[23]/td[2]/div"}
COMMAND: POST /session/6f873cfbd9220f733b1c899e801fac9f/element - {"using":"xpath","value":"//table[contains(@id, \"listView-innerSelectionPanelTable-listUl\")]/tbody/tr[23]/td[3]/div/div/span/span[1]/bdi"}
RESULT: {"using":"xpath","value":"//table[contains(@id, \"listView-innerSelectionPanelTable-listUl\")]/tbody/tr[23]/td[3]/div/div/span/span[1]/bdi"}
COMMAND: POST /session/6f873cfbd9220f733b1c899e801fac9f/execute/sync - {"script":"<script> [56 bytes]","args":[{"element-6066-11e4-a52e-4f735466cecf":"f.0D8D1E8C4444AAF4F6CCCAD0803F9B10.d.83DABABCCBFA67F35F452BC2359F540E.e.7830","ELEMENT":"f.0D8D1E8C4444AAF4F6CCCAD0803F9B10.d.83DABABCCBFA67F35F452BC2359F540E.e.7830"}]}
RESULT: {"script":"<script> [56 bytes]","args":[{"element-6066-11e4-a52e-4f735466cecf":"f.0D8D1E8C4444AAF4F6CCCAD0803F9B10.d.83DABABCCBFA67F35F452BC2359F540E.e.7830","ELEMENT":"f.0D8D1E8C4444AAF4F6CCCAD0803F9B10.d.83DABABCCBFA67F35F452BC2359F540E.e.7830"}]}
COMMAND: GET /session/6f873cfbd9220f733b1c899e801fac9f/element/f.0D8D1E8C4444AAF4F6CCCAD0803F9B10.d.83DABABCCBFA67F35F452BC2359F540E.e.7829/attribute/aria-checked - {}
COMMAND: GET /session/6f873cfbd9220f733b1c899e801fac9f/screenshot - {}
RESULT: {}
COMMAND: POST /session/6f873cfbd9220f733b1c899e801fac9f/element - {"using":"xpath","value":"//table[contains(@id, \"listView-innerSelectionPanelTable-listUl\")]/tbody/tr[24]/td[2]/div/div"}
RESULT: {}
RESULT: {"using":"xpath","value":"//table[contains(@id, \"listView-innerSelectionPanelTable-listUl\")]/tbody/tr[24]/td[2]/div/div"}
COMMAND: POST /session/6f873cfbd9220f733b1c899e801fac9f/element - {"using":"xpath","value":"//table[contains(@id, \"listView-innerSelectionPanelTable-listUl\")]/tbody/tr[24]/td[2]/div"}
RESULT: {"using":"xpath","value":"//table[contains(@id, \"listView-innerSelectionPanelTable-listUl\")]/tbody/tr[24]/td[2]/div"}
COMMAND: POST /session/6f873cfbd9220f733b1c899e801fac9f/element - {"using":"xpath","value":"//table[contains(@id, \"listView-innerSelectionPanelTable-listUl\")]/tbody/tr[24]/td[3]/div/div/span/span[1]/bdi"}
RESULT: {"using":"xpath","value":"//table[contains(@id, \"listView-innerSelectionPanelTable-listUl\")]/tbody/tr[24]/td[3]/div/div/span/span[1]/bdi"}
COMMAND: POST /session/6f873cfbd9220f733b1c899e801fac9f/execute/sync - {"script":"<script> [56 bytes]","args":[{"element-6066-11e4-a52e-4f735466cecf":"f.0D8D1E8C4444AAF4F6CCCAD0803F9B10.d.83DABABCCBFA67F35F452BC2359F540E.e.7833","ELEMENT":"f.0D8D1E8C4444AAF4F6CCCAD0803F9B10.d.83DABABCCBFA67F35F452BC2359F540E.e.7833"}]}
RESULT: {"script":"<script> [56 bytes]","args":[{"element-6066-11e4-a52e-4f735466cecf":"f.0D8D1E8C4444AAF4F6CCCAD0803F9B10.d.83DABABCCBFA67F35F452BC2359F540E.e.7833","ELEMENT":"f.0D8D1E8C4444AAF4F6CCCAD0803F9B10.d.83DABABCCBFA67F35F452BC2359F540E.e.7833"}]}
COMMAND: GET /session/6f873cfbd9220f733b1c899e801fac9f/element/f.0D8D1E8C4444AAF4F6CCCAD0803F9B10.d.83DABABCCBFA67F35F452BC2359F540E.e.7832/attribute/aria-checked - {}
COMMAND: GET /session/6f873cfbd9220f733b1c899e801fac9f/screenshot - {}
RESULT: {}
COMMAND: POST /session/6f873cfbd9220f733b1c899e801fac9f/element - {"using":"xpath","value":"//table[contains(@id, \"listView-innerSelectionPanelTable-listUl\")]/tbody/tr[25]/td[2]/div/div"}
RESULT: {}
RESULT: {"using":"xpath","value":"//table[contains(@id, \"listView-innerSelectionPanelTable-listUl\")]/tbody/tr[25]/td[2]/div/div"}
COMMAND: POST /session/6f873cfbd9220f733b1c899e801fac9f/element - {"using":"xpath","value":"//table[contains(@id, \"listView-innerSelectionPanelTable-listUl\")]/tbody/tr[25]/td[2]/div"}
RESULT: {"using":"xpath","value":"//table[contains(@id, \"listView-innerSelectionPanelTable-listUl\")]/tbody/tr[25]/td[2]/div"}
COMMAND: POST /session/6f873cfbd9220f733b1c899e801fac9f/element - {"using":"xpath","value":"//table[contains(@id, \"listView-innerSelectionPanelTable-listUl\")]/tbody/tr[25]/td[3]/div/div/span/span[1]/bdi"}
RESULT: {"using":"xpath","value":"//table[contains(@id, \"listView-innerSelectionPanelTable-listUl\")]/tbody/tr[25]/td[3]/div/div/span/span[1]/bdi"}
COMMAND: POST /session/6f873cfbd9220f733b1c899e801fac9f/execute/sync - {"script":"<script> [56 bytes]","args":[{"element-6066-11e4-a52e-4f735466cecf":"f.0D8D1E8C4444AAF4F6CCCAD0803F9B10.d.83DABABCCBFA67F35F452BC2359F540E.e.7836","ELEMENT":"f.0D8D1E8C4444AAF4F6CCCAD0803F9B10.d.83DABABCCBFA67F35F452BC2359F540E.e.7836"}]}
RESULT: {"script":"<script> [56 bytes]","args":[{"element-6066-11e4-a52e-4f735466cecf":"f.0D8D1E8C4444AAF4F6CCCAD0803F9B10.d.83DABABCCBFA67F35F452BC2359F540E.e.7836","ELEMENT":"f.0D8D1E8C4444AAF4F6CCCAD0803F9B10.d.83DABABCCBFA67F35F452BC2359F540E.e.7836"}]}
COMMAND: GET /session/6f873cfbd9220f733b1c899e801fac9f/element/f.0D8D1E8C4444AAF4F6CCCAD0803F9B10.d.83DABABCCBFA67F35F452BC2359F540E.e.7835/attribute/aria-checked - {}
COMMAND: GET /session/6f873cfbd9220f733b1c899e801fac9f/screenshot - {}
RESULT: {}
COMMAND: POST /session/6f873cfbd9220f733b1c899e801fac9f/element - {"using":"xpath","value":"//bdi[contains(text(), \"OK\")]"}
RESULT: {}
RESULT: {"using":"xpath","value":"//bdi[contains(text(), \"OK\")]"}
COMMAND: POST /session/6f873cfbd9220f733b1c899e801fac9f/element/f.0D8D1E8C4444AAF4F6CCCAD0803F9B10.d.83DABABCCBFA67F35F452BC2359F540E.e.7837/click - {}
RESULT: {}
COMMAND: GET /session/6f873cfbd9220f733b1c899e801fac9f/screenshot - {}
RESULT: {}
RESULT: undefined
COMMAND: POST /session/6f873cfbd9220f733b1c899e801fac9f/element - {"using":"xpath","value":"//*[@id=\"application-managepartners-display-component---masterPtm--smartFilterBar-filterItemControlA_-LINK_TO_ADDRESSES_MAIN.CITY1-vhi\"]"}
RESULT: {"using":"xpath","value":"//*[@id=\"application-managepartners-display-component---masterPtm--smartFilterBar-filterItemControlA_-LINK_TO_ADDRESSES_MAIN.CITY1-vhi\"]"}
COMMAND: POST /session/6f873cfbd9220f733b1c899e801fac9f/element/f.0D8D1E8C4444AAF4F6CCCAD0803F9B10.d.83DABABCCBFA67F35F452BC2359F540E.e.7851/click - {}
RESULT: {}
COMMAND: GET /session/6f873cfbd9220f733b1c899e801fac9f/screenshot - {}
RESULT: {}
RESULT: undefined
COMMAND: POST /session/6f873cfbd9220f733b1c899e801fac9f/execute/async - {"script":"<script> [776 bytes]","args":[{"enterText":"Bangalore","selector":{"controlType":"sap.m.Input","viewName":"etm.portal.ui.managepartners.view.Master","viewId":"application-managepartners-display-component---masterPtm","properties":{"valueState":"None"},"searchOpenDialogs":true,"interaction":{"idSuffix":"inner"}},"clearTextFirst":true,"interactionType":"ENTER_TEXT"}]}
RESULT: {"script":"<script> [776 bytes]","args":[{"enterText":"Bangalore","selector":{"controlType":"sap.m.Input","viewName":"etm.portal.ui.managepartners.view.Master","viewId":"application-managepartners-display-component---masterPtm","properties":{"valueState":"None"},"searchOpenDialogs":true,"interaction":{"idSuffix":"inner"}},"clearTextFirst":true,"interactionType":"ENTER_TEXT"}]}
COMMAND: POST /session/6f873cfbd9220f733b1c899e801fac9f/actions - {"actions":[{"id":"action25","type":"key","parameters":{},"actions":[{"type":"keyDown","value":"î€‡"},{"type":"pause","duration":10},{"type":"keyUp","value":"î€‡"}]}]}
RESULT: {"actions":[{"id":"action25","type":"key","parameters":{},"actions":[{"type":"keyDown","value":"î€‡"},{"type":"pause","duration":10},{"type":"keyUp","value":"î€‡"}]}]}
COMMAND: GET /session/6f873cfbd9220f733b1c899e801fac9f/screenshot - {}
RESULT: {}
COMMAND: POST /session/6f873cfbd9220f733b1c899e801fac9f/element - {"using":"xpath","value":"(//bdi[contains(text(), \"OK\")])[1]"}
RESULT: {"using":"xpath","value":"(//bdi[contains(text(), \"OK\")])[1]"}
COMMAND: POST /session/6f873cfbd9220f733b1c899e801fac9f/element/f.0D8D1E8C4444AAF4F6CCCAD0803F9B10.d.83DABABCCBFA67F35F452BC2359F540E.e.7856/click - {}
RESULT: {}
COMMAND: GET /session/6f873cfbd9220f733b1c899e801fac9f/screenshot - {}
RESULT: {}
COMMAND: POST /session/6f873cfbd9220f733b1c899e801fac9f/element - {"using":"xpath","value":"//span[@id=\"application-managepartners-display-component---masterPtm--smartTable-header-inner\"]"}
RESULT: {"using":"xpath","value":"//span[@id=\"application-managepartners-display-component---masterPtm--smartTable-header-inner\"]"}
COMMAND: POST /session/6f873cfbd9220f733b1c899e801fac9f/elements - {"using":"xpath","value":"//span[@id=\"application-managepartners-display-component---masterPtm--smartTable-header-inner\"]"}
RESULT: {"using":"xpath","value":"//span[@id=\"application-managepartners-display-component---masterPtm--smartTable-header-inner\"]"}
COMMAND: POST /session/6f873cfbd9220f733b1c899e801fac9f/execute/sync - {"script":"<script> [56 bytes]","args":[{"element-6066-11e4-a52e-4f735466cecf":"f.0D8D1E8C4444AAF4F6CCCAD0803F9B10.d.83DABABCCBFA67F35F452BC2359F540E.e.7007","ELEMENT":"f.0D8D1E8C4444AAF4F6CCCAD0803F9B10.d.83DABABCCBFA67F35F452BC2359F540E.e.7007"}]}
RESULT: {"script":"<script> [56 bytes]","args":[{"element-6066-11e4-a52e-4f735466cecf":"f.0D8D1E8C4444AAF4F6CCCAD0803F9B10.d.83DABABCCBFA67F35F452BC2359F540E.e.7007","ELEMENT":"f.0D8D1E8C4444AAF4F6CCCAD0803F9B10.d.83DABABCCBFA67F35F452BC2359F540E.e.7007"}]}
COMMAND: GET /session/6f873cfbd9220f733b1c899e801fac9f/screenshot - {}
COMMAND: GET /session/6f873cfbd9220f733b1c899e801fac9f/screenshot - {}
RESULT: {}
]]></system-out>
      <system-err><![CDATA[
TypeError: Cannot read properties of null (reading '0')
    at Context.<anonymous> (D:\a\1\s\test\specs\BTS\manage-partners.spec.js:664:91)
]]></system-err>
    </testcase>
    <testcase classname="chrome.136_0_7103_49.windows.Partner_specific_tests_US150819_US151080_US151654_US151176_US103444_US151078_US151079_US151109_US151174_US151175_US151189" name="Should try to save empty partner US151174" time="52.212">
      <system-out><![CDATA[
COMMAND: POST /session/6f873cfbd9220f733b1c899e801fac9f/element - {"using":"xpath","value":"//li[.//span[text()=\"Manage Partners\"]]"}
COMMAND: GET /session/6f873cfbd9220f733b1c899e801fac9f/screenshot - {}
RESULT: {}
RESULT: {"using":"xpath","value":"//li[.//span[text()=\"Manage Partners\"]]"}
COMMAND: POST /session/6f873cfbd9220f733b1c899e801fac9f/element - {"using":"xpath","value":"//li[.//span[text()=\"Manage Partners\"]]"}
RESULT: {}
RESULT: {"using":"xpath","value":"//li[.//span[text()=\"Manage Partners\"]]"}
COMMAND: POST /session/6f873cfbd9220f733b1c899e801fac9f/element - {"using":"css selector","value":"#shell-header-logo"}
RESULT: {"using":"css selector","value":"#shell-header-logo"}
COMMAND: POST /session/6f873cfbd9220f733b1c899e801fac9f/element/f.0D8D1E8C4444AAF4F6CCCAD0803F9B10.d.83DABABCCBFA67F35F452BC2359F540E.e.7862/click - {}
COMMAND: POST /session/6f873cfbd9220f733b1c899e801fac9f/execute/sync - {"script":"<script> [8489 bytes]","args":[{"element-6066-11e4-a52e-4f735466cecf":"f.0D8D1E8C4444AAF4F6CCCAD0803F9B10.d.83DABABCCBFA67F35F452BC2359F540E.e.7862","ELEMENT":"f.0D8D1E8C4444AAF4F6CCCAD0803F9B10.d.83DABABCCBFA67F35F452BC2359F540E.e.7862"}]}
RESULT: {"script":"<script> [8489 bytes]","args":[{"element-6066-11e4-a52e-4f735466cecf":"f.0D8D1E8C4444AAF4F6CCCAD0803F9B10.d.83DABABCCBFA67F35F452BC2359F540E.e.7862","ELEMENT":"f.0D8D1E8C4444AAF4F6CCCAD0803F9B10.d.83DABABCCBFA67F35F452BC2359F540E.e.7862"}]}
COMMAND: POST /session/6f873cfbd9220f733b1c899e801fac9f/execute/sync - {"script":"<script> [5351 bytes]","args":[{"element-6066-11e4-a52e-4f735466cecf":"f.0D8D1E8C4444AAF4F6CCCAD0803F9B10.d.83DABABCCBFA67F35F452BC2359F540E.e.7862","ELEMENT":"f.0D8D1E8C4444AAF4F6CCCAD0803F9B10.d.83DABABCCBFA67F35F452BC2359F540E.e.7862"}]}
COMMAND: GET /session/6f873cfbd9220f733b1c899e801fac9f/screenshot - {}
RESULT: {}
COMMAND: GET /session/6f873cfbd9220f733b1c899e801fac9f/screenshot - {}
COMMAND: POST /session/6f873cfbd9220f733b1c899e801fac9f/element - {"using":"css selector","value":"#shell-header-logo"}
RESULT: {}
RESULT: {}
RESULT: {"using":"css selector","value":"#shell-header-logo"}
COMMAND: POST /session/6f873cfbd9220f733b1c899e801fac9f/execute/sync - {"script":"<script> [8489 bytes]","args":[{"element-6066-11e4-a52e-4f735466cecf":"f.0D8D1E8C4444AAF4F6CCCAD0803F9B10.d.83DABABCCBFA67F35F452BC2359F540E.e.8882","ELEMENT":"f.0D8D1E8C4444AAF4F6CCCAD0803F9B10.d.83DABABCCBFA67F35F452BC2359F540E.e.8882"}]}
RESULT: {"script":"<script> [8489 bytes]","args":[{"element-6066-11e4-a52e-4f735466cecf":"f.0D8D1E8C4444AAF4F6CCCAD0803F9B10.d.83DABABCCBFA67F35F452BC2359F540E.e.8882","ELEMENT":"f.0D8D1E8C4444AAF4F6CCCAD0803F9B10.d.83DABABCCBFA67F35F452BC2359F540E.e.8882"}]}
COMMAND: POST /session/6f873cfbd9220f733b1c899e801fac9f/execute/sync - {"script":"<script> [5351 bytes]","args":[{"element-6066-11e4-a52e-4f735466cecf":"f.0D8D1E8C4444AAF4F6CCCAD0803F9B10.d.83DABABCCBFA67F35F452BC2359F540E.e.8882","ELEMENT":"f.0D8D1E8C4444AAF4F6CCCAD0803F9B10.d.83DABABCCBFA67F35F452BC2359F540E.e.8882"}]}
COMMAND: GET /session/6f873cfbd9220f733b1c899e801fac9f/screenshot - {}
RESULT: {"script":"<script> [5351 bytes]","args":[{"element-6066-11e4-a52e-4f735466cecf":"f.0D8D1E8C4444AAF4F6CCCAD0803F9B10.d.83DABABCCBFA67F35F452BC2359F540E.e.8882","ELEMENT":"f.0D8D1E8C4444AAF4F6CCCAD0803F9B10.d.83DABABCCBFA67F35F452BC2359F540E.e.8882"}]}
COMMAND: GET /session/6f873cfbd9220f733b1c899e801fac9f/screenshot - {}
RESULT: {}
RESULT: {}
RESULT: undefined
COMMAND: POST /session/6f873cfbd9220f733b1c899e801fac9f/element - {"using":"xpath","value":"//*[@id=\"__tile30\"]"}
RESULT: {"using":"xpath","value":"//*[@id=\"__tile30\"]"}
COMMAND: POST /session/6f873cfbd9220f733b1c899e801fac9f/element/f.0D8D1E8C4444AAF4F6CCCAD0803F9B10.d.83DABABCCBFA67F35F452BC2359F540E.e.4528/click - {}
RESULT: {}
COMMAND: POST /session/6f873cfbd9220f733b1c899e801fac9f/element - {"using":"xpath","value":"//button[@data-kt=\"addButton\"]"}
COMMAND: GET /session/6f873cfbd9220f733b1c899e801fac9f/screenshot - {}
RESULT: {"using":"xpath","value":"//button[@data-kt=\"addButton\"]"}
COMMAND: POST /session/6f873cfbd9220f733b1c899e801fac9f/elements - {"using":"xpath","value":"//button[@data-kt=\"addButton\"]"}
RESULT: {}
RESULT: {"using":"xpath","value":"//button[@data-kt=\"addButton\"]"}
COMMAND: POST /session/6f873cfbd9220f733b1c899e801fac9f/elements - {"using":"xpath","value":"//button[@data-kt=\"addButton\"]"}
RESULT: {"using":"xpath","value":"//button[@data-kt=\"addButton\"]"}
COMMAND: POST /session/6f873cfbd9220f733b1c899e801fac9f/elements - {"using":"xpath","value":"//button[@data-kt=\"addButton\"]"}
RESULT: {"using":"xpath","value":"//button[@data-kt=\"addButton\"]"}
COMMAND: POST /session/6f873cfbd9220f733b1c899e801fac9f/elements - {"using":"xpath","value":"//button[@data-kt=\"addButton\"]"}
RESULT: {"using":"xpath","value":"//button[@data-kt=\"addButton\"]"}
COMMAND: POST /session/6f873cfbd9220f733b1c899e801fac9f/element - {"using":"xpath","value":"//button[@data-kt=\"addButton\"]"}
RESULT: {"using":"xpath","value":"//button[@data-kt=\"addButton\"]"}
COMMAND: POST /session/6f873cfbd9220f733b1c899e801fac9f/execute/sync - {"script":"<script> [8489 bytes]","args":[{"element-6066-11e4-a52e-4f735466cecf":"f.0D8D1E8C4444AAF4F6CCCAD0803F9B10.d.83DABABCCBFA67F35F452BC2359F540E.e.8927","ELEMENT":"f.0D8D1E8C4444AAF4F6CCCAD0803F9B10.d.83DABABCCBFA67F35F452BC2359F540E.e.8927"}]}
RESULT: {"script":"<script> [8489 bytes]","args":[{"element-6066-11e4-a52e-4f735466cecf":"f.0D8D1E8C4444AAF4F6CCCAD0803F9B10.d.83DABABCCBFA67F35F452BC2359F540E.e.8927","ELEMENT":"f.0D8D1E8C4444AAF4F6CCCAD0803F9B10.d.83DABABCCBFA67F35F452BC2359F540E.e.8927"}]}
COMMAND: GET /session/6f873cfbd9220f733b1c899e801fac9f/element/f.0D8D1E8C4444AAF4F6CCCAD0803F9B10.d.83DABABCCBFA67F35F452BC2359F540E.e.8927/enabled - {}
COMMAND: GET /session/6f873cfbd9220f733b1c899e801fac9f/screenshot - {}
RESULT: {}
COMMAND: POST /session/6f873cfbd9220f733b1c899e801fac9f/execute/sync - {"script":"<script> [8489 bytes]","args":[{"element-6066-11e4-a52e-4f735466cecf":"f.0D8D1E8C4444AAF4F6CCCAD0803F9B10.d.83DABABCCBFA67F35F452BC2359F540E.e.8927","ELEMENT":"f.0D8D1E8C4444AAF4F6CCCAD0803F9B10.d.83DABABCCBFA67F35F452BC2359F540E.e.8927"}]}
COMMAND: GET /session/6f873cfbd9220f733b1c899e801fac9f/screenshot - {}
RESULT: {}
RESULT: {"script":"<script> [8489 bytes]","args":[{"element-6066-11e4-a52e-4f735466cecf":"f.0D8D1E8C4444AAF4F6CCCAD0803F9B10.d.83DABABCCBFA67F35F452BC2359F540E.e.8927","ELEMENT":"f.0D8D1E8C4444AAF4F6CCCAD0803F9B10.d.83DABABCCBFA67F35F452BC2359F540E.e.8927"}]}
COMMAND: POST /session/6f873cfbd9220f733b1c899e801fac9f/execute/sync - {"script":"<script> [5351 bytes]","args":[{"element-6066-11e4-a52e-4f735466cecf":"f.0D8D1E8C4444AAF4F6CCCAD0803F9B10.d.83DABABCCBFA67F35F452BC2359F540E.e.8927","ELEMENT":"f.0D8D1E8C4444AAF4F6CCCAD0803F9B10.d.83DABABCCBFA67F35F452BC2359F540E.e.8927"}]}
COMMAND: GET /session/6f873cfbd9220f733b1c899e801fac9f/screenshot - {}
RESULT: {}
RESULT: {"script":"<script> [5351 bytes]","args":[{"element-6066-11e4-a52e-4f735466cecf":"f.0D8D1E8C4444AAF4F6CCCAD0803F9B10.d.83DABABCCBFA67F35F452BC2359F540E.e.8927","ELEMENT":"f.0D8D1E8C4444AAF4F6CCCAD0803F9B10.d.83DABABCCBFA67F35F452BC2359F540E.e.8927"}]}
COMMAND: POST /session/6f873cfbd9220f733b1c899e801fac9f/element/f.0D8D1E8C4444AAF4F6CCCAD0803F9B10.d.83DABABCCBFA67F35F452BC2359F540E.e.8927/click - {}
COMMAND: GET /session/6f873cfbd9220f733b1c899e801fac9f/screenshot - {}
RESULT: {}
RESULT: {}
COMMAND: GET /session/6f873cfbd9220f733b1c899e801fac9f/screenshot - {}
RESULT: {}
RESULT: {}
COMMAND: POST /session/6f873cfbd9220f733b1c899e801fac9f/element - {"using":"xpath","value":"//button[@data-kt=\"saveButton\"]"}
RESULT: {"using":"xpath","value":"//button[@data-kt=\"saveButton\"]"}
COMMAND: POST /session/6f873cfbd9220f733b1c899e801fac9f/element/f.0D8D1E8C4444AAF4F6CCCAD0803F9B10.d.83DABABCCBFA67F35F452BC2359F540E.e.9234/click - {}
RESULT: {}
COMMAND: GET /session/6f873cfbd9220f733b1c899e801fac9f/screenshot - {}
RESULT: {}
COMMAND: POST /session/6f873cfbd9220f733b1c899e801fac9f/element - {"using":"xpath","value":"//span[contains(@class, \"sapMMsgBoxText\")]"}
RESULT: {"using":"xpath","value":"//span[contains(@class, \"sapMMsgBoxText\")]"}
COMMAND: POST /session/6f873cfbd9220f733b1c899e801fac9f/execute/sync - {"script":"<script> [56 bytes]","args":[{"element-6066-11e4-a52e-4f735466cecf":"f.0D8D1E8C4444AAF4F6CCCAD0803F9B10.d.83DABABCCBFA67F35F452BC2359F540E.e.9334","ELEMENT":"f.0D8D1E8C4444AAF4F6CCCAD0803F9B10.d.83DABABCCBFA67F35F452BC2359F540E.e.9334"}]}
RESULT: {"script":"<script> [56 bytes]","args":[{"element-6066-11e4-a52e-4f735466cecf":"f.0D8D1E8C4444AAF4F6CCCAD0803F9B10.d.83DABABCCBFA67F35F452BC2359F540E.e.9334","ELEMENT":"f.0D8D1E8C4444AAF4F6CCCAD0803F9B10.d.83DABABCCBFA67F35F452BC2359F540E.e.9334"}]}
COMMAND: POST /session/6f873cfbd9220f733b1c899e801fac9f/element - {"using":"xpath","value":"(//bdi[contains(text(), \"Close\")])[1]"}
COMMAND: POST /session/6f873cfbd9220f733b1c899e801fac9f/elements - {"using":"xpath","value":"//span[contains(@class, \"sapMMsgBoxText\")]"}
COMMAND: GET /session/6f873cfbd9220f733b1c899e801fac9f/screenshot - {}
RESULT: {"using":"xpath","value":"(//bdi[contains(text(), \"Close\")])[1]"}
COMMAND: POST /session/6f873cfbd9220f733b1c899e801fac9f/element/f.0D8D1E8C4444AAF4F6CCCAD0803F9B10.d.83DABABCCBFA67F35F452BC2359F540E.e.9335/click - {}
RESULT: {"using":"xpath","value":"//span[contains(@class, \"sapMMsgBoxText\")]"}
RESULT: {}
RESULT: {}
COMMAND: GET /session/6f873cfbd9220f733b1c899e801fac9f/screenshot - {}
RESULT: {}
COMMAND: POST /session/6f873cfbd9220f733b1c899e801fac9f/element - {"using":"css selector","value":"#shell-header-logo"}
RESULT: {"using":"css selector","value":"#shell-header-logo"}
COMMAND: POST /session/6f873cfbd9220f733b1c899e801fac9f/element/f.0D8D1E8C4444AAF4F6CCCAD0803F9B10.d.83DABABCCBFA67F35F452BC2359F540E.e.8882/click - {}
RESULT: {}
COMMAND: GET /session/6f873cfbd9220f733b1c899e801fac9f/screenshot - {}
RESULT: {}
]]></system-out>
    </testcase>
    <testcase classname="chrome.136_0_7103_49.windows.Partner_specific_tests_US150819_US151080_US151654_US151176_US103444_US151078_US151079_US151109_US151174_US151175_US151189" name="Should do various searches US151175" time="159.602">
      <system-out><![CDATA[
COMMAND: POST /session/6f873cfbd9220f733b1c899e801fac9f/element - {"using":"xpath","value":"//li[.//span[text()=\"Manage Partners\"]]"}
RESULT: {"using":"xpath","value":"//li[.//span[text()=\"Manage Partners\"]]"}
COMMAND: POST /session/6f873cfbd9220f733b1c899e801fac9f/element - {"using":"xpath","value":"//li[.//span[text()=\"Manage Partners\"]]"}
RESULT: {"using":"xpath","value":"//li[.//span[text()=\"Manage Partners\"]]"}
COMMAND: POST /session/6f873cfbd9220f733b1c899e801fac9f/element - {"using":"css selector","value":"#shell-header-logo"}
RESULT: {"using":"css selector","value":"#shell-header-logo"}
COMMAND: POST /session/6f873cfbd9220f733b1c899e801fac9f/element/f.0D8D1E8C4444AAF4F6CCCAD0803F9B10.d.83DABABCCBFA67F35F452BC2359F540E.e.9337/click - {}
COMMAND: POST /session/6f873cfbd9220f733b1c899e801fac9f/execute/sync - {"script":"<script> [8489 bytes]","args":[{"element-6066-11e4-a52e-4f735466cecf":"f.0D8D1E8C4444AAF4F6CCCAD0803F9B10.d.83DABABCCBFA67F35F452BC2359F540E.e.9337","ELEMENT":"f.0D8D1E8C4444AAF4F6CCCAD0803F9B10.d.83DABABCCBFA67F35F452BC2359F540E.e.9337"}]}
RESULT: {}
COMMAND: GET /session/6f873cfbd9220f733b1c899e801fac9f/screenshot - {}
RESULT: {"script":"<script> [8489 bytes]","args":[{"element-6066-11e4-a52e-4f735466cecf":"f.0D8D1E8C4444AAF4F6CCCAD0803F9B10.d.83DABABCCBFA67F35F452BC2359F540E.e.9337","ELEMENT":"f.0D8D1E8C4444AAF4F6CCCAD0803F9B10.d.83DABABCCBFA67F35F452BC2359F540E.e.9337"}]}
COMMAND: POST /session/6f873cfbd9220f733b1c899e801fac9f/execute/sync - {"script":"<script> [5351 bytes]","args":[{"element-6066-11e4-a52e-4f735466cecf":"f.0D8D1E8C4444AAF4F6CCCAD0803F9B10.d.83DABABCCBFA67F35F452BC2359F540E.e.9337","ELEMENT":"f.0D8D1E8C4444AAF4F6CCCAD0803F9B10.d.83DABABCCBFA67F35F452BC2359F540E.e.9337"}]}
COMMAND: GET /session/6f873cfbd9220f733b1c899e801fac9f/screenshot - {}
RESULT: {}
RESULT: {"script":"<script> [5351 bytes]","args":[{"element-6066-11e4-a52e-4f735466cecf":"f.0D8D1E8C4444AAF4F6CCCAD0803F9B10.d.83DABABCCBFA67F35F452BC2359F540E.e.9337","ELEMENT":"f.0D8D1E8C4444AAF4F6CCCAD0803F9B10.d.83DABABCCBFA67F35F452BC2359F540E.e.9337"}]}
COMMAND: GET /session/6f873cfbd9220f733b1c899e801fac9f/screenshot - {}
RESULT: {}
RESULT: {}
RESULT: undefined
COMMAND: POST /session/6f873cfbd9220f733b1c899e801fac9f/element - {"using":"xpath","value":"//*[@id=\"__tile30\"]"}
RESULT: {"using":"xpath","value":"//*[@id=\"__tile30\"]"}
COMMAND: POST /session/6f873cfbd9220f733b1c899e801fac9f/element/f.0D8D1E8C4444AAF4F6CCCAD0803F9B10.d.83DABABCCBFA67F35F452BC2359F540E.e.4528/click - {}
RESULT: {}
COMMAND: POST /session/6f873cfbd9220f733b1c899e801fac9f/element - {"using":"xpath","value":"//button[@data-kt=\"addButton\"]"}
COMMAND: GET /session/6f873cfbd9220f733b1c899e801fac9f/screenshot - {}
RESULT: {"using":"xpath","value":"//button[@data-kt=\"addButton\"]"}
COMMAND: POST /session/6f873cfbd9220f733b1c899e801fac9f/elements - {"using":"xpath","value":"//button[@data-kt=\"addButton\"]"}
RESULT: {}
RESULT: {"using":"xpath","value":"//button[@data-kt=\"addButton\"]"}
COMMAND: POST /session/6f873cfbd9220f733b1c899e801fac9f/elements - {"using":"xpath","value":"//button[@data-kt=\"addButton\"]"}
RESULT: {"using":"xpath","value":"//button[@data-kt=\"addButton\"]"}
COMMAND: POST /session/6f873cfbd9220f733b1c899e801fac9f/elements - {"using":"xpath","value":"//button[@data-kt=\"addButton\"]"}
RESULT: {"using":"xpath","value":"//button[@data-kt=\"addButton\"]"}
COMMAND: POST /session/6f873cfbd9220f733b1c899e801fac9f/elements - {"using":"xpath","value":"//button[@data-kt=\"addButton\"]"}
RESULT: {"using":"xpath","value":"//button[@data-kt=\"addButton\"]"}
COMMAND: POST /session/6f873cfbd9220f733b1c899e801fac9f/elements - {"using":"xpath","value":"//button[@data-kt=\"addButton\"]"}
RESULT: {"using":"xpath","value":"//button[@data-kt=\"addButton\"]"}
COMMAND: POST /session/6f873cfbd9220f733b1c899e801fac9f/elements - {"using":"xpath","value":"//button[@data-kt=\"addButton\"]"}
RESULT: {"using":"xpath","value":"//button[@data-kt=\"addButton\"]"}
COMMAND: POST /session/6f873cfbd9220f733b1c899e801fac9f/elements - {"using":"xpath","value":"//button[@data-kt=\"addButton\"]"}
RESULT: {"using":"xpath","value":"//button[@data-kt=\"addButton\"]"}
COMMAND: POST /session/6f873cfbd9220f733b1c899e801fac9f/elements - {"using":"xpath","value":"//button[@data-kt=\"addButton\"]"}
RESULT: {"using":"xpath","value":"//button[@data-kt=\"addButton\"]"}
COMMAND: POST /session/6f873cfbd9220f733b1c899e801fac9f/elements - {"using":"xpath","value":"//button[@data-kt=\"addButton\"]"}
RESULT: {"using":"xpath","value":"//button[@data-kt=\"addButton\"]"}
COMMAND: POST /session/6f873cfbd9220f733b1c899e801fac9f/elements - {"using":"xpath","value":"//button[@data-kt=\"addButton\"]"}
RESULT: {"using":"xpath","value":"//button[@data-kt=\"addButton\"]"}
COMMAND: POST /session/6f873cfbd9220f733b1c899e801fac9f/elements - {"using":"xpath","value":"//button[@data-kt=\"addButton\"]"}
RESULT: {"using":"xpath","value":"//button[@data-kt=\"addButton\"]"}
COMMAND: POST /session/6f873cfbd9220f733b1c899e801fac9f/elements - {"using":"xpath","value":"//button[@data-kt=\"addButton\"]"}
RESULT: {"using":"xpath","value":"//button[@data-kt=\"addButton\"]"}
COMMAND: POST /session/6f873cfbd9220f733b1c899e801fac9f/elements - {"using":"xpath","value":"//button[@data-kt=\"addButton\"]"}
RESULT: {"using":"xpath","value":"//button[@data-kt=\"addButton\"]"}
COMMAND: POST /session/6f873cfbd9220f733b1c899e801fac9f/elements - {"using":"xpath","value":"//button[@data-kt=\"addButton\"]"}
RESULT: {"using":"xpath","value":"//button[@data-kt=\"addButton\"]"}
COMMAND: POST /session/6f873cfbd9220f733b1c899e801fac9f/elements - {"using":"xpath","value":"//button[@data-kt=\"addButton\"]"}
RESULT: {"using":"xpath","value":"//button[@data-kt=\"addButton\"]"}
COMMAND: POST /session/6f873cfbd9220f733b1c899e801fac9f/elements - {"using":"xpath","value":"//button[@data-kt=\"addButton\"]"}
RESULT: {"using":"xpath","value":"//button[@data-kt=\"addButton\"]"}
COMMAND: POST /session/6f873cfbd9220f733b1c899e801fac9f/elements - {"using":"xpath","value":"//button[@data-kt=\"addButton\"]"}
RESULT: {"using":"xpath","value":"//button[@data-kt=\"addButton\"]"}
COMMAND: POST /session/6f873cfbd9220f733b1c899e801fac9f/elements - {"using":"xpath","value":"//button[@data-kt=\"addButton\"]"}
RESULT: {"using":"xpath","value":"//button[@data-kt=\"addButton\"]"}
COMMAND: POST /session/6f873cfbd9220f733b1c899e801fac9f/elements - {"using":"xpath","value":"//button[@data-kt=\"addButton\"]"}
RESULT: {"using":"xpath","value":"//button[@data-kt=\"addButton\"]"}
COMMAND: POST /session/6f873cfbd9220f733b1c899e801fac9f/elements - {"using":"xpath","value":"//button[@data-kt=\"addButton\"]"}
RESULT: {"using":"xpath","value":"//button[@data-kt=\"addButton\"]"}
COMMAND: POST /session/6f873cfbd9220f733b1c899e801fac9f/elements - {"using":"xpath","value":"//button[@data-kt=\"addButton\"]"}
RESULT: {"using":"xpath","value":"//button[@data-kt=\"addButton\"]"}
COMMAND: POST /session/6f873cfbd9220f733b1c899e801fac9f/elements - {"using":"xpath","value":"//button[@data-kt=\"addButton\"]"}
RESULT: {"using":"xpath","value":"//button[@data-kt=\"addButton\"]"}
COMMAND: POST /session/6f873cfbd9220f733b1c899e801fac9f/element - {"using":"xpath","value":"//button[@data-kt=\"addButton\"]"}
RESULT: {"using":"xpath","value":"//button[@data-kt=\"addButton\"]"}
COMMAND: POST /session/6f873cfbd9220f733b1c899e801fac9f/execute/sync - {"script":"<script> [8489 bytes]","args":[{"element-6066-11e4-a52e-4f735466cecf":"f.0D8D1E8C4444AAF4F6CCCAD0803F9B10.d.83DABABCCBFA67F35F452BC2359F540E.e.9382","ELEMENT":"f.0D8D1E8C4444AAF4F6CCCAD0803F9B10.d.83DABABCCBFA67F35F452BC2359F540E.e.9382"}]}
RESULT: {"script":"<script> [8489 bytes]","args":[{"element-6066-11e4-a52e-4f735466cecf":"f.0D8D1E8C4444AAF4F6CCCAD0803F9B10.d.83DABABCCBFA67F35F452BC2359F540E.e.9382","ELEMENT":"f.0D8D1E8C4444AAF4F6CCCAD0803F9B10.d.83DABABCCBFA67F35F452BC2359F540E.e.9382"}]}
COMMAND: GET /session/6f873cfbd9220f733b1c899e801fac9f/element/f.0D8D1E8C4444AAF4F6CCCAD0803F9B10.d.83DABABCCBFA67F35F452BC2359F540E.e.9382/enabled - {}
COMMAND: GET /session/6f873cfbd9220f733b1c899e801fac9f/screenshot - {}
RESULT: {}
COMMAND: POST /session/6f873cfbd9220f733b1c899e801fac9f/execute/sync - {"script":"<script> [8489 bytes]","args":[{"element-6066-11e4-a52e-4f735466cecf":"f.0D8D1E8C4444AAF4F6CCCAD0803F9B10.d.83DABABCCBFA67F35F452BC2359F540E.e.9382","ELEMENT":"f.0D8D1E8C4444AAF4F6CCCAD0803F9B10.d.83DABABCCBFA67F35F452BC2359F540E.e.9382"}]}
COMMAND: GET /session/6f873cfbd9220f733b1c899e801fac9f/screenshot - {}
RESULT: {}
RESULT: {"script":"<script> [8489 bytes]","args":[{"element-6066-11e4-a52e-4f735466cecf":"f.0D8D1E8C4444AAF4F6CCCAD0803F9B10.d.83DABABCCBFA67F35F452BC2359F540E.e.9382","ELEMENT":"f.0D8D1E8C4444AAF4F6CCCAD0803F9B10.d.83DABABCCBFA67F35F452BC2359F540E.e.9382"}]}
COMMAND: POST /session/6f873cfbd9220f733b1c899e801fac9f/execute/sync - {"script":"<script> [5351 bytes]","args":[{"element-6066-11e4-a52e-4f735466cecf":"f.0D8D1E8C4444AAF4F6CCCAD0803F9B10.d.83DABABCCBFA67F35F452BC2359F540E.e.9382","ELEMENT":"f.0D8D1E8C4444AAF4F6CCCAD0803F9B10.d.83DABABCCBFA67F35F452BC2359F540E.e.9382"}]}
COMMAND: GET /session/6f873cfbd9220f733b1c899e801fac9f/screenshot - {}
RESULT: {}
RESULT: {"script":"<script> [5351 bytes]","args":[{"element-6066-11e4-a52e-4f735466cecf":"f.0D8D1E8C4444AAF4F6CCCAD0803F9B10.d.83DABABCCBFA67F35F452BC2359F540E.e.9382","ELEMENT":"f.0D8D1E8C4444AAF4F6CCCAD0803F9B10.d.83DABABCCBFA67F35F452BC2359F540E.e.9382"}]}
COMMAND: GET /session/6f873cfbd9220f733b1c899e801fac9f/screenshot - {}
RESULT: {}
RESULT: {}
COMMAND: POST /session/6f873cfbd9220f733b1c899e801fac9f/element - {"using":"xpath","value":"//span[@id=\"application-managepartners-display-component---masterPtm--smartTable-header-inner\"]"}
RESULT: {"using":"xpath","value":"//span[@id=\"application-managepartners-display-component---masterPtm--smartTable-header-inner\"]"}
COMMAND: POST /session/6f873cfbd9220f733b1c899e801fac9f/elements - {"using":"xpath","value":"//span[@id=\"application-managepartners-display-component---masterPtm--smartTable-header-inner\"]"}
RESULT: {"using":"xpath","value":"//span[@id=\"application-managepartners-display-component---masterPtm--smartTable-header-inner\"]"}
COMMAND: POST /session/6f873cfbd9220f733b1c899e801fac9f/execute/sync - {"script":"<script> [56 bytes]","args":[{"element-6066-11e4-a52e-4f735466cecf":"f.0D8D1E8C4444AAF4F6CCCAD0803F9B10.d.83DABABCCBFA67F35F452BC2359F540E.e.9506","ELEMENT":"f.0D8D1E8C4444AAF4F6CCCAD0803F9B10.d.83DABABCCBFA67F35F452BC2359F540E.e.9506"}]}
RESULT: {"script":"<script> [56 bytes]","args":[{"element-6066-11e4-a52e-4f735466cecf":"f.0D8D1E8C4444AAF4F6CCCAD0803F9B10.d.83DABABCCBFA67F35F452BC2359F540E.e.9506","ELEMENT":"f.0D8D1E8C4444AAF4F6CCCAD0803F9B10.d.83DABABCCBFA67F35F452BC2359F540E.e.9506"}]}
RESULT: undefined
COMMAND: POST /session/6f873cfbd9220f733b1c899e801fac9f/element - {"using":"xpath","value":"//*[@id=\"application-managepartners-display-component---masterPtm--smartFilterBar-btnFilters\"]"}
COMMAND: GET /session/6f873cfbd9220f733b1c899e801fac9f/screenshot - {}
RESULT: {"using":"xpath","value":"//*[@id=\"application-managepartners-display-component---masterPtm--smartFilterBar-btnFilters\"]"}
COMMAND: POST /session/6f873cfbd9220f733b1c899e801fac9f/element/f.0D8D1E8C4444AAF4F6CCCAD0803F9B10.d.83DABABCCBFA67F35F452BC2359F540E.e.9347/click - {}
RESULT: {}
RESULT: {}
COMMAND: GET /session/6f873cfbd9220f733b1c899e801fac9f/screenshot - {}
RESULT: {}
COMMAND: POST /session/6f873cfbd9220f733b1c899e801fac9f/elements - {"using":"xpath","value":"//table[contains(@id, \"listView-innerSelectionPanelTable-listUl\")]/tbody/tr"}
RESULT: {"using":"xpath","value":"//table[contains(@id, \"listView-innerSelectionPanelTable-listUl\")]/tbody/tr"}
COMMAND: POST /session/6f873cfbd9220f733b1c899e801fac9f/element - {"using":"xpath","value":"//table[contains(@id, \"listView-innerSelectionPanelTable-listUl\")]/tbody/tr[2]/td[2]/div/div"}
RESULT: {"using":"xpath","value":"//table[contains(@id, \"listView-innerSelectionPanelTable-listUl\")]/tbody/tr[2]/td[2]/div/div"}
COMMAND: POST /session/6f873cfbd9220f733b1c899e801fac9f/element - {"using":"xpath","value":"//table[contains(@id, \"listView-innerSelectionPanelTable-listUl\")]/tbody/tr[2]/td[2]/div"}
RESULT: {"using":"xpath","value":"//table[contains(@id, \"listView-innerSelectionPanelTable-listUl\")]/tbody/tr[2]/td[2]/div"}
COMMAND: POST /session/6f873cfbd9220f733b1c899e801fac9f/element - {"using":"xpath","value":"//table[contains(@id, \"listView-innerSelectionPanelTable-listUl\")]/tbody/tr[2]/td[3]/div/div/span/span[1]/bdi"}
RESULT: {"using":"xpath","value":"//table[contains(@id, \"listView-innerSelectionPanelTable-listUl\")]/tbody/tr[2]/td[3]/div/div/span/span[1]/bdi"}
COMMAND: POST /session/6f873cfbd9220f733b1c899e801fac9f/execute/sync - {"script":"<script> [56 bytes]","args":[{"element-6066-11e4-a52e-4f735466cecf":"f.0D8D1E8C4444AAF4F6CCCAD0803F9B10.d.83DABABCCBFA67F35F452BC2359F540E.e.9574","ELEMENT":"f.0D8D1E8C4444AAF4F6CCCAD0803F9B10.d.83DABABCCBFA67F35F452BC2359F540E.e.9574"}]}
RESULT: {"script":"<script> [56 bytes]","args":[{"element-6066-11e4-a52e-4f735466cecf":"f.0D8D1E8C4444AAF4F6CCCAD0803F9B10.d.83DABABCCBFA67F35F452BC2359F540E.e.9574","ELEMENT":"f.0D8D1E8C4444AAF4F6CCCAD0803F9B10.d.83DABABCCBFA67F35F452BC2359F540E.e.9574"}]}
COMMAND: GET /session/6f873cfbd9220f733b1c899e801fac9f/element/f.0D8D1E8C4444AAF4F6CCCAD0803F9B10.d.83DABABCCBFA67F35F452BC2359F540E.e.9573/attribute/aria-checked - {}
COMMAND: GET /session/6f873cfbd9220f733b1c899e801fac9f/screenshot - {}
RESULT: {}
COMMAND: POST /session/6f873cfbd9220f733b1c899e801fac9f/element - {"using":"xpath","value":"//table[contains(@id, \"listView-innerSelectionPanelTable-listUl\")]/tbody/tr[3]/td[2]/div/div"}
RESULT: {}
RESULT: {"using":"xpath","value":"//table[contains(@id, \"listView-innerSelectionPanelTable-listUl\")]/tbody/tr[3]/td[2]/div/div"}
COMMAND: POST /session/6f873cfbd9220f733b1c899e801fac9f/element - {"using":"xpath","value":"//table[contains(@id, \"listView-innerSelectionPanelTable-listUl\")]/tbody/tr[3]/td[2]/div"}
RESULT: {"using":"xpath","value":"//table[contains(@id, \"listView-innerSelectionPanelTable-listUl\")]/tbody/tr[3]/td[2]/div"}
COMMAND: POST /session/6f873cfbd9220f733b1c899e801fac9f/element - {"using":"xpath","value":"//table[contains(@id, \"listView-innerSelectionPanelTable-listUl\")]/tbody/tr[3]/td[3]/div/div/span/span[1]/bdi"}
RESULT: {"using":"xpath","value":"//table[contains(@id, \"listView-innerSelectionPanelTable-listUl\")]/tbody/tr[3]/td[3]/div/div/span/span[1]/bdi"}
COMMAND: POST /session/6f873cfbd9220f733b1c899e801fac9f/execute/sync - {"script":"<script> [56 bytes]","args":[{"element-6066-11e4-a52e-4f735466cecf":"f.0D8D1E8C4444AAF4F6CCCAD0803F9B10.d.83DABABCCBFA67F35F452BC2359F540E.e.9577","ELEMENT":"f.0D8D1E8C4444AAF4F6CCCAD0803F9B10.d.83DABABCCBFA67F35F452BC2359F540E.e.9577"}]}
RESULT: {"script":"<script> [56 bytes]","args":[{"element-6066-11e4-a52e-4f735466cecf":"f.0D8D1E8C4444AAF4F6CCCAD0803F9B10.d.83DABABCCBFA67F35F452BC2359F540E.e.9577","ELEMENT":"f.0D8D1E8C4444AAF4F6CCCAD0803F9B10.d.83DABABCCBFA67F35F452BC2359F540E.e.9577"}]}
COMMAND: GET /session/6f873cfbd9220f733b1c899e801fac9f/element/f.0D8D1E8C4444AAF4F6CCCAD0803F9B10.d.83DABABCCBFA67F35F452BC2359F540E.e.9576/attribute/aria-checked - {}
COMMAND: GET /session/6f873cfbd9220f733b1c899e801fac9f/screenshot - {}
RESULT: {}
COMMAND: POST /session/6f873cfbd9220f733b1c899e801fac9f/element - {"using":"xpath","value":"//table[contains(@id, \"listView-innerSelectionPanelTable-listUl\")]/tbody/tr[4]/td[2]/div/div"}
RESULT: {}
RESULT: {"using":"xpath","value":"//table[contains(@id, \"listView-innerSelectionPanelTable-listUl\")]/tbody/tr[4]/td[2]/div/div"}
COMMAND: POST /session/6f873cfbd9220f733b1c899e801fac9f/element - {"using":"xpath","value":"//table[contains(@id, \"listView-innerSelectionPanelTable-listUl\")]/tbody/tr[4]/td[2]/div"}
RESULT: {"using":"xpath","value":"//table[contains(@id, \"listView-innerSelectionPanelTable-listUl\")]/tbody/tr[4]/td[2]/div"}
COMMAND: POST /session/6f873cfbd9220f733b1c899e801fac9f/element - {"using":"xpath","value":"//table[contains(@id, \"listView-innerSelectionPanelTable-listUl\")]/tbody/tr[4]/td[3]/div/div/span/span[1]/bdi"}
RESULT: {"using":"xpath","value":"//table[contains(@id, \"listView-innerSelectionPanelTable-listUl\")]/tbody/tr[4]/td[3]/div/div/span/span[1]/bdi"}
COMMAND: POST /session/6f873cfbd9220f733b1c899e801fac9f/execute/sync - {"script":"<script> [56 bytes]","args":[{"element-6066-11e4-a52e-4f735466cecf":"f.0D8D1E8C4444AAF4F6CCCAD0803F9B10.d.83DABABCCBFA67F35F452BC2359F540E.e.9580","ELEMENT":"f.0D8D1E8C4444AAF4F6CCCAD0803F9B10.d.83DABABCCBFA67F35F452BC2359F540E.e.9580"}]}
RESULT: {"script":"<script> [56 bytes]","args":[{"element-6066-11e4-a52e-4f735466cecf":"f.0D8D1E8C4444AAF4F6CCCAD0803F9B10.d.83DABABCCBFA67F35F452BC2359F540E.e.9580","ELEMENT":"f.0D8D1E8C4444AAF4F6CCCAD0803F9B10.d.83DABABCCBFA67F35F452BC2359F540E.e.9580"}]}
COMMAND: GET /session/6f873cfbd9220f733b1c899e801fac9f/element/f.0D8D1E8C4444AAF4F6CCCAD0803F9B10.d.83DABABCCBFA67F35F452BC2359F540E.e.9579/attribute/aria-checked - {}
COMMAND: GET /session/6f873cfbd9220f733b1c899e801fac9f/screenshot - {}
RESULT: {}
COMMAND: POST /session/6f873cfbd9220f733b1c899e801fac9f/element - {"using":"xpath","value":"//table[contains(@id, \"listView-innerSelectionPanelTable-listUl\")]/tbody/tr[5]/td[2]/div/div"}
RESULT: {}
RESULT: {"using":"xpath","value":"//table[contains(@id, \"listView-innerSelectionPanelTable-listUl\")]/tbody/tr[5]/td[2]/div/div"}
COMMAND: POST /session/6f873cfbd9220f733b1c899e801fac9f/element - {"using":"xpath","value":"//table[contains(@id, \"listView-innerSelectionPanelTable-listUl\")]/tbody/tr[5]/td[2]/div"}
RESULT: {"using":"xpath","value":"//table[contains(@id, \"listView-innerSelectionPanelTable-listUl\")]/tbody/tr[5]/td[2]/div"}
COMMAND: POST /session/6f873cfbd9220f733b1c899e801fac9f/element - {"using":"xpath","value":"//table[contains(@id, \"listView-innerSelectionPanelTable-listUl\")]/tbody/tr[5]/td[3]/div/div/span/span[1]/bdi"}
RESULT: {"using":"xpath","value":"//table[contains(@id, \"listView-innerSelectionPanelTable-listUl\")]/tbody/tr[5]/td[3]/div/div/span/span[1]/bdi"}
COMMAND: POST /session/6f873cfbd9220f733b1c899e801fac9f/execute/sync - {"script":"<script> [56 bytes]","args":[{"element-6066-11e4-a52e-4f735466cecf":"f.0D8D1E8C4444AAF4F6CCCAD0803F9B10.d.83DABABCCBFA67F35F452BC2359F540E.e.9583","ELEMENT":"f.0D8D1E8C4444AAF4F6CCCAD0803F9B10.d.83DABABCCBFA67F35F452BC2359F540E.e.9583"}]}
RESULT: {"script":"<script> [56 bytes]","args":[{"element-6066-11e4-a52e-4f735466cecf":"f.0D8D1E8C4444AAF4F6CCCAD0803F9B10.d.83DABABCCBFA67F35F452BC2359F540E.e.9583","ELEMENT":"f.0D8D1E8C4444AAF4F6CCCAD0803F9B10.d.83DABABCCBFA67F35F452BC2359F540E.e.9583"}]}
COMMAND: GET /session/6f873cfbd9220f733b1c899e801fac9f/element/f.0D8D1E8C4444AAF4F6CCCAD0803F9B10.d.83DABABCCBFA67F35F452BC2359F540E.e.9582/attribute/aria-checked - {}
COMMAND: GET /session/6f873cfbd9220f733b1c899e801fac9f/screenshot - {}
RESULT: {}
COMMAND: POST /session/6f873cfbd9220f733b1c899e801fac9f/element - {"using":"xpath","value":"//table[contains(@id, \"listView-innerSelectionPanelTable-listUl\")]/tbody/tr[6]/td[2]/div/div"}
RESULT: {}
RESULT: {"using":"xpath","value":"//table[contains(@id, \"listView-innerSelectionPanelTable-listUl\")]/tbody/tr[6]/td[2]/div/div"}
COMMAND: POST /session/6f873cfbd9220f733b1c899e801fac9f/element - {"using":"xpath","value":"//table[contains(@id, \"listView-innerSelectionPanelTable-listUl\")]/tbody/tr[6]/td[2]/div"}
RESULT: {"using":"xpath","value":"//table[contains(@id, \"listView-innerSelectionPanelTable-listUl\")]/tbody/tr[6]/td[2]/div"}
COMMAND: POST /session/6f873cfbd9220f733b1c899e801fac9f/element - {"using":"xpath","value":"//table[contains(@id, \"listView-innerSelectionPanelTable-listUl\")]/tbody/tr[6]/td[3]/div/div/span/span[1]/bdi"}
RESULT: {"using":"xpath","value":"//table[contains(@id, \"listView-innerSelectionPanelTable-listUl\")]/tbody/tr[6]/td[3]/div/div/span/span[1]/bdi"}
COMMAND: POST /session/6f873cfbd9220f733b1c899e801fac9f/execute/sync - {"script":"<script> [56 bytes]","args":[{"element-6066-11e4-a52e-4f735466cecf":"f.0D8D1E8C4444AAF4F6CCCAD0803F9B10.d.83DABABCCBFA67F35F452BC2359F540E.e.9586","ELEMENT":"f.0D8D1E8C4444AAF4F6CCCAD0803F9B10.d.83DABABCCBFA67F35F452BC2359F540E.e.9586"}]}
RESULT: {"script":"<script> [56 bytes]","args":[{"element-6066-11e4-a52e-4f735466cecf":"f.0D8D1E8C4444AAF4F6CCCAD0803F9B10.d.83DABABCCBFA67F35F452BC2359F540E.e.9586","ELEMENT":"f.0D8D1E8C4444AAF4F6CCCAD0803F9B10.d.83DABABCCBFA67F35F452BC2359F540E.e.9586"}]}
COMMAND: GET /session/6f873cfbd9220f733b1c899e801fac9f/element/f.0D8D1E8C4444AAF4F6CCCAD0803F9B10.d.83DABABCCBFA67F35F452BC2359F540E.e.9585/attribute/aria-checked - {}
COMMAND: GET /session/6f873cfbd9220f733b1c899e801fac9f/screenshot - {}
RESULT: {}
COMMAND: POST /session/6f873cfbd9220f733b1c899e801fac9f/element - {"using":"xpath","value":"//table[contains(@id, \"listView-innerSelectionPanelTable-listUl\")]/tbody/tr[7]/td[2]/div/div"}
RESULT: {}
RESULT: {"using":"xpath","value":"//table[contains(@id, \"listView-innerSelectionPanelTable-listUl\")]/tbody/tr[7]/td[2]/div/div"}
COMMAND: POST /session/6f873cfbd9220f733b1c899e801fac9f/element - {"using":"xpath","value":"//table[contains(@id, \"listView-innerSelectionPanelTable-listUl\")]/tbody/tr[7]/td[2]/div"}
RESULT: {"using":"xpath","value":"//table[contains(@id, \"listView-innerSelectionPanelTable-listUl\")]/tbody/tr[7]/td[2]/div"}
COMMAND: POST /session/6f873cfbd9220f733b1c899e801fac9f/element - {"using":"xpath","value":"//table[contains(@id, \"listView-innerSelectionPanelTable-listUl\")]/tbody/tr[7]/td[3]/div/div/span/span[1]/bdi"}
RESULT: {"using":"xpath","value":"//table[contains(@id, \"listView-innerSelectionPanelTable-listUl\")]/tbody/tr[7]/td[3]/div/div/span/span[1]/bdi"}
COMMAND: POST /session/6f873cfbd9220f733b1c899e801fac9f/execute/sync - {"script":"<script> [56 bytes]","args":[{"element-6066-11e4-a52e-4f735466cecf":"f.0D8D1E8C4444AAF4F6CCCAD0803F9B10.d.83DABABCCBFA67F35F452BC2359F540E.e.9589","ELEMENT":"f.0D8D1E8C4444AAF4F6CCCAD0803F9B10.d.83DABABCCBFA67F35F452BC2359F540E.e.9589"}]}
RESULT: {"script":"<script> [56 bytes]","args":[{"element-6066-11e4-a52e-4f735466cecf":"f.0D8D1E8C4444AAF4F6CCCAD0803F9B10.d.83DABABCCBFA67F35F452BC2359F540E.e.9589","ELEMENT":"f.0D8D1E8C4444AAF4F6CCCAD0803F9B10.d.83DABABCCBFA67F35F452BC2359F540E.e.9589"}]}
COMMAND: GET /session/6f873cfbd9220f733b1c899e801fac9f/element/f.0D8D1E8C4444AAF4F6CCCAD0803F9B10.d.83DABABCCBFA67F35F452BC2359F540E.e.9588/attribute/aria-checked - {}
COMMAND: GET /session/6f873cfbd9220f733b1c899e801fac9f/screenshot - {}
RESULT: {}
COMMAND: POST /session/6f873cfbd9220f733b1c899e801fac9f/element - {"using":"xpath","value":"//table[contains(@id, \"listView-innerSelectionPanelTable-listUl\")]/tbody/tr[8]/td[2]/div/div"}
RESULT: {}
RESULT: {"using":"xpath","value":"//table[contains(@id, \"listView-innerSelectionPanelTable-listUl\")]/tbody/tr[8]/td[2]/div/div"}
COMMAND: POST /session/6f873cfbd9220f733b1c899e801fac9f/element - {"using":"xpath","value":"//table[contains(@id, \"listView-innerSelectionPanelTable-listUl\")]/tbody/tr[8]/td[2]/div"}
RESULT: {"using":"xpath","value":"//table[contains(@id, \"listView-innerSelectionPanelTable-listUl\")]/tbody/tr[8]/td[2]/div"}
COMMAND: POST /session/6f873cfbd9220f733b1c899e801fac9f/element - {"using":"xpath","value":"//table[contains(@id, \"listView-innerSelectionPanelTable-listUl\")]/tbody/tr[8]/td[3]/div/div/span/span[1]/bdi"}
RESULT: {"using":"xpath","value":"//table[contains(@id, \"listView-innerSelectionPanelTable-listUl\")]/tbody/tr[8]/td[3]/div/div/span/span[1]/bdi"}
COMMAND: POST /session/6f873cfbd9220f733b1c899e801fac9f/execute/sync - {"script":"<script> [56 bytes]","args":[{"element-6066-11e4-a52e-4f735466cecf":"f.0D8D1E8C4444AAF4F6CCCAD0803F9B10.d.83DABABCCBFA67F35F452BC2359F540E.e.9592","ELEMENT":"f.0D8D1E8C4444AAF4F6CCCAD0803F9B10.d.83DABABCCBFA67F35F452BC2359F540E.e.9592"}]}
RESULT: {"script":"<script> [56 bytes]","args":[{"element-6066-11e4-a52e-4f735466cecf":"f.0D8D1E8C4444AAF4F6CCCAD0803F9B10.d.83DABABCCBFA67F35F452BC2359F540E.e.9592","ELEMENT":"f.0D8D1E8C4444AAF4F6CCCAD0803F9B10.d.83DABABCCBFA67F35F452BC2359F540E.e.9592"}]}
COMMAND: GET /session/6f873cfbd9220f733b1c899e801fac9f/element/f.0D8D1E8C4444AAF4F6CCCAD0803F9B10.d.83DABABCCBFA67F35F452BC2359F540E.e.9591/attribute/aria-checked - {}
COMMAND: GET /session/6f873cfbd9220f733b1c899e801fac9f/screenshot - {}
RESULT: {}
COMMAND: POST /session/6f873cfbd9220f733b1c899e801fac9f/element - {"using":"xpath","value":"//table[contains(@id, \"listView-innerSelectionPanelTable-listUl\")]/tbody/tr[9]/td[2]/div/div"}
RESULT: {}
RESULT: {"using":"xpath","value":"//table[contains(@id, \"listView-innerSelectionPanelTable-listUl\")]/tbody/tr[9]/td[2]/div/div"}
COMMAND: POST /session/6f873cfbd9220f733b1c899e801fac9f/element - {"using":"xpath","value":"//table[contains(@id, \"listView-innerSelectionPanelTable-listUl\")]/tbody/tr[9]/td[2]/div"}
RESULT: {"using":"xpath","value":"//table[contains(@id, \"listView-innerSelectionPanelTable-listUl\")]/tbody/tr[9]/td[2]/div"}
COMMAND: POST /session/6f873cfbd9220f733b1c899e801fac9f/element - {"using":"xpath","value":"//table[contains(@id, \"listView-innerSelectionPanelTable-listUl\")]/tbody/tr[9]/td[3]/div/div/span/span[1]/bdi"}
RESULT: {"using":"xpath","value":"//table[contains(@id, \"listView-innerSelectionPanelTable-listUl\")]/tbody/tr[9]/td[3]/div/div/span/span[1]/bdi"}
COMMAND: POST /session/6f873cfbd9220f733b1c899e801fac9f/execute/sync - {"script":"<script> [56 bytes]","args":[{"element-6066-11e4-a52e-4f735466cecf":"f.0D8D1E8C4444AAF4F6CCCAD0803F9B10.d.83DABABCCBFA67F35F452BC2359F540E.e.9595","ELEMENT":"f.0D8D1E8C4444AAF4F6CCCAD0803F9B10.d.83DABABCCBFA67F35F452BC2359F540E.e.9595"}]}
RESULT: {"script":"<script> [56 bytes]","args":[{"element-6066-11e4-a52e-4f735466cecf":"f.0D8D1E8C4444AAF4F6CCCAD0803F9B10.d.83DABABCCBFA67F35F452BC2359F540E.e.9595","ELEMENT":"f.0D8D1E8C4444AAF4F6CCCAD0803F9B10.d.83DABABCCBFA67F35F452BC2359F540E.e.9595"}]}
COMMAND: GET /session/6f873cfbd9220f733b1c899e801fac9f/element/f.0D8D1E8C4444AAF4F6CCCAD0803F9B10.d.83DABABCCBFA67F35F452BC2359F540E.e.9594/attribute/aria-checked - {}
COMMAND: GET /session/6f873cfbd9220f733b1c899e801fac9f/screenshot - {}
RESULT: {}
COMMAND: POST /session/6f873cfbd9220f733b1c899e801fac9f/element - {"using":"xpath","value":"//table[contains(@id, \"listView-innerSelectionPanelTable-listUl\")]/tbody/tr[10]/td[2]/div/div"}
RESULT: {}
RESULT: {"using":"xpath","value":"//table[contains(@id, \"listView-innerSelectionPanelTable-listUl\")]/tbody/tr[10]/td[2]/div/div"}
COMMAND: POST /session/6f873cfbd9220f733b1c899e801fac9f/element - {"using":"xpath","value":"//table[contains(@id, \"listView-innerSelectionPanelTable-listUl\")]/tbody/tr[10]/td[2]/div"}
RESULT: {"using":"xpath","value":"//table[contains(@id, \"listView-innerSelectionPanelTable-listUl\")]/tbody/tr[10]/td[2]/div"}
COMMAND: POST /session/6f873cfbd9220f733b1c899e801fac9f/element - {"using":"xpath","value":"//table[contains(@id, \"listView-innerSelectionPanelTable-listUl\")]/tbody/tr[10]/td[3]/div/div/span/span[1]/bdi"}
RESULT: {"using":"xpath","value":"//table[contains(@id, \"listView-innerSelectionPanelTable-listUl\")]/tbody/tr[10]/td[3]/div/div/span/span[1]/bdi"}
COMMAND: POST /session/6f873cfbd9220f733b1c899e801fac9f/execute/sync - {"script":"<script> [56 bytes]","args":[{"element-6066-11e4-a52e-4f735466cecf":"f.0D8D1E8C4444AAF4F6CCCAD0803F9B10.d.83DABABCCBFA67F35F452BC2359F540E.e.9598","ELEMENT":"f.0D8D1E8C4444AAF4F6CCCAD0803F9B10.d.83DABABCCBFA67F35F452BC2359F540E.e.9598"}]}
RESULT: {"script":"<script> [56 bytes]","args":[{"element-6066-11e4-a52e-4f735466cecf":"f.0D8D1E8C4444AAF4F6CCCAD0803F9B10.d.83DABABCCBFA67F35F452BC2359F540E.e.9598","ELEMENT":"f.0D8D1E8C4444AAF4F6CCCAD0803F9B10.d.83DABABCCBFA67F35F452BC2359F540E.e.9598"}]}
COMMAND: GET /session/6f873cfbd9220f733b1c899e801fac9f/element/f.0D8D1E8C4444AAF4F6CCCAD0803F9B10.d.83DABABCCBFA67F35F452BC2359F540E.e.9597/attribute/aria-checked - {}
COMMAND: GET /session/6f873cfbd9220f733b1c899e801fac9f/screenshot - {}
RESULT: {}
COMMAND: POST /session/6f873cfbd9220f733b1c899e801fac9f/element - {"using":"xpath","value":"//table[contains(@id, \"listView-innerSelectionPanelTable-listUl\")]/tbody/tr[11]/td[2]/div/div"}
RESULT: {}
RESULT: {"using":"xpath","value":"//table[contains(@id, \"listView-innerSelectionPanelTable-listUl\")]/tbody/tr[11]/td[2]/div/div"}
COMMAND: POST /session/6f873cfbd9220f733b1c899e801fac9f/element - {"using":"xpath","value":"//table[contains(@id, \"listView-innerSelectionPanelTable-listUl\")]/tbody/tr[11]/td[2]/div"}
RESULT: {"using":"xpath","value":"//table[contains(@id, \"listView-innerSelectionPanelTable-listUl\")]/tbody/tr[11]/td[2]/div"}
COMMAND: POST /session/6f873cfbd9220f733b1c899e801fac9f/element - {"using":"xpath","value":"//table[contains(@id, \"listView-innerSelectionPanelTable-listUl\")]/tbody/tr[11]/td[3]/div/div/span/span[1]/bdi"}
RESULT: {"using":"xpath","value":"//table[contains(@id, \"listView-innerSelectionPanelTable-listUl\")]/tbody/tr[11]/td[3]/div/div/span/span[1]/bdi"}
COMMAND: POST /session/6f873cfbd9220f733b1c899e801fac9f/execute/sync - {"script":"<script> [56 bytes]","args":[{"element-6066-11e4-a52e-4f735466cecf":"f.0D8D1E8C4444AAF4F6CCCAD0803F9B10.d.83DABABCCBFA67F35F452BC2359F540E.e.9601","ELEMENT":"f.0D8D1E8C4444AAF4F6CCCAD0803F9B10.d.83DABABCCBFA67F35F452BC2359F540E.e.9601"}]}
RESULT: {"script":"<script> [56 bytes]","args":[{"element-6066-11e4-a52e-4f735466cecf":"f.0D8D1E8C4444AAF4F6CCCAD0803F9B10.d.83DABABCCBFA67F35F452BC2359F540E.e.9601","ELEMENT":"f.0D8D1E8C4444AAF4F6CCCAD0803F9B10.d.83DABABCCBFA67F35F452BC2359F540E.e.9601"}]}
COMMAND: GET /session/6f873cfbd9220f733b1c899e801fac9f/element/f.0D8D1E8C4444AAF4F6CCCAD0803F9B10.d.83DABABCCBFA67F35F452BC2359F540E.e.9600/attribute/aria-checked - {}
COMMAND: GET /session/6f873cfbd9220f733b1c899e801fac9f/screenshot - {}
RESULT: {}
COMMAND: POST /session/6f873cfbd9220f733b1c899e801fac9f/element - {"using":"xpath","value":"//table[contains(@id, \"listView-innerSelectionPanelTable-listUl\")]/tbody/tr[12]/td[2]/div/div"}
RESULT: {}
RESULT: {"using":"xpath","value":"//table[contains(@id, \"listView-innerSelectionPanelTable-listUl\")]/tbody/tr[12]/td[2]/div/div"}
COMMAND: POST /session/6f873cfbd9220f733b1c899e801fac9f/element - {"using":"xpath","value":"//table[contains(@id, \"listView-innerSelectionPanelTable-listUl\")]/tbody/tr[12]/td[2]/div"}
RESULT: {"using":"xpath","value":"//table[contains(@id, \"listView-innerSelectionPanelTable-listUl\")]/tbody/tr[12]/td[2]/div"}
COMMAND: POST /session/6f873cfbd9220f733b1c899e801fac9f/element - {"using":"xpath","value":"//table[contains(@id, \"listView-innerSelectionPanelTable-listUl\")]/tbody/tr[12]/td[3]/div/div/span/span[1]/bdi"}
RESULT: {"using":"xpath","value":"//table[contains(@id, \"listView-innerSelectionPanelTable-listUl\")]/tbody/tr[12]/td[3]/div/div/span/span[1]/bdi"}
COMMAND: POST /session/6f873cfbd9220f733b1c899e801fac9f/execute/sync - {"script":"<script> [56 bytes]","args":[{"element-6066-11e4-a52e-4f735466cecf":"f.0D8D1E8C4444AAF4F6CCCAD0803F9B10.d.83DABABCCBFA67F35F452BC2359F540E.e.9604","ELEMENT":"f.0D8D1E8C4444AAF4F6CCCAD0803F9B10.d.83DABABCCBFA67F35F452BC2359F540E.e.9604"}]}
RESULT: {"script":"<script> [56 bytes]","args":[{"element-6066-11e4-a52e-4f735466cecf":"f.0D8D1E8C4444AAF4F6CCCAD0803F9B10.d.83DABABCCBFA67F35F452BC2359F540E.e.9604","ELEMENT":"f.0D8D1E8C4444AAF4F6CCCAD0803F9B10.d.83DABABCCBFA67F35F452BC2359F540E.e.9604"}]}
COMMAND: GET /session/6f873cfbd9220f733b1c899e801fac9f/element/f.0D8D1E8C4444AAF4F6CCCAD0803F9B10.d.83DABABCCBFA67F35F452BC2359F540E.e.9603/attribute/aria-checked - {}
COMMAND: GET /session/6f873cfbd9220f733b1c899e801fac9f/screenshot - {}
RESULT: {}
COMMAND: POST /session/6f873cfbd9220f733b1c899e801fac9f/element - {"using":"xpath","value":"//table[contains(@id, \"listView-innerSelectionPanelTable-listUl\")]/tbody/tr[13]/td[2]/div/div"}
RESULT: {}
RESULT: {"using":"xpath","value":"//table[contains(@id, \"listView-innerSelectionPanelTable-listUl\")]/tbody/tr[13]/td[2]/div/div"}
COMMAND: POST /session/6f873cfbd9220f733b1c899e801fac9f/element - {"using":"xpath","value":"//table[contains(@id, \"listView-innerSelectionPanelTable-listUl\")]/tbody/tr[13]/td[2]/div"}
RESULT: {"using":"xpath","value":"//table[contains(@id, \"listView-innerSelectionPanelTable-listUl\")]/tbody/tr[13]/td[2]/div"}
COMMAND: POST /session/6f873cfbd9220f733b1c899e801fac9f/element - {"using":"xpath","value":"//table[contains(@id, \"listView-innerSelectionPanelTable-listUl\")]/tbody/tr[13]/td[3]/div/div/span/span[1]/bdi"}
RESULT: {"using":"xpath","value":"//table[contains(@id, \"listView-innerSelectionPanelTable-listUl\")]/tbody/tr[13]/td[3]/div/div/span/span[1]/bdi"}
COMMAND: POST /session/6f873cfbd9220f733b1c899e801fac9f/execute/sync - {"script":"<script> [56 bytes]","args":[{"element-6066-11e4-a52e-4f735466cecf":"f.0D8D1E8C4444AAF4F6CCCAD0803F9B10.d.83DABABCCBFA67F35F452BC2359F540E.e.9607","ELEMENT":"f.0D8D1E8C4444AAF4F6CCCAD0803F9B10.d.83DABABCCBFA67F35F452BC2359F540E.e.9607"}]}
RESULT: {"script":"<script> [56 bytes]","args":[{"element-6066-11e4-a52e-4f735466cecf":"f.0D8D1E8C4444AAF4F6CCCAD0803F9B10.d.83DABABCCBFA67F35F452BC2359F540E.e.9607","ELEMENT":"f.0D8D1E8C4444AAF4F6CCCAD0803F9B10.d.83DABABCCBFA67F35F452BC2359F540E.e.9607"}]}
COMMAND: GET /session/6f873cfbd9220f733b1c899e801fac9f/element/f.0D8D1E8C4444AAF4F6CCCAD0803F9B10.d.83DABABCCBFA67F35F452BC2359F540E.e.9606/attribute/aria-checked - {}
COMMAND: GET /session/6f873cfbd9220f733b1c899e801fac9f/screenshot - {}
RESULT: {}
COMMAND: POST /session/6f873cfbd9220f733b1c899e801fac9f/element - {"using":"xpath","value":"//table[contains(@id, \"listView-innerSelectionPanelTable-listUl\")]/tbody/tr[14]/td[2]/div/div"}
RESULT: {}
RESULT: {"using":"xpath","value":"//table[contains(@id, \"listView-innerSelectionPanelTable-listUl\")]/tbody/tr[14]/td[2]/div/div"}
COMMAND: POST /session/6f873cfbd9220f733b1c899e801fac9f/element - {"using":"xpath","value":"//table[contains(@id, \"listView-innerSelectionPanelTable-listUl\")]/tbody/tr[14]/td[2]/div"}
RESULT: {"using":"xpath","value":"//table[contains(@id, \"listView-innerSelectionPanelTable-listUl\")]/tbody/tr[14]/td[2]/div"}
COMMAND: POST /session/6f873cfbd9220f733b1c899e801fac9f/element - {"using":"xpath","value":"//table[contains(@id, \"listView-innerSelectionPanelTable-listUl\")]/tbody/tr[14]/td[3]/div/div/span/span[1]/bdi"}
RESULT: {"using":"xpath","value":"//table[contains(@id, \"listView-innerSelectionPanelTable-listUl\")]/tbody/tr[14]/td[3]/div/div/span/span[1]/bdi"}
COMMAND: POST /session/6f873cfbd9220f733b1c899e801fac9f/execute/sync - {"script":"<script> [56 bytes]","args":[{"element-6066-11e4-a52e-4f735466cecf":"f.0D8D1E8C4444AAF4F6CCCAD0803F9B10.d.83DABABCCBFA67F35F452BC2359F540E.e.9610","ELEMENT":"f.0D8D1E8C4444AAF4F6CCCAD0803F9B10.d.83DABABCCBFA67F35F452BC2359F540E.e.9610"}]}
RESULT: {"script":"<script> [56 bytes]","args":[{"element-6066-11e4-a52e-4f735466cecf":"f.0D8D1E8C4444AAF4F6CCCAD0803F9B10.d.83DABABCCBFA67F35F452BC2359F540E.e.9610","ELEMENT":"f.0D8D1E8C4444AAF4F6CCCAD0803F9B10.d.83DABABCCBFA67F35F452BC2359F540E.e.9610"}]}
COMMAND: GET /session/6f873cfbd9220f733b1c899e801fac9f/element/f.0D8D1E8C4444AAF4F6CCCAD0803F9B10.d.83DABABCCBFA67F35F452BC2359F540E.e.9609/attribute/aria-checked - {}
COMMAND: GET /session/6f873cfbd9220f733b1c899e801fac9f/screenshot - {}
RESULT: {}
COMMAND: POST /session/6f873cfbd9220f733b1c899e801fac9f/element - {"using":"xpath","value":"//table[contains(@id, \"listView-innerSelectionPanelTable-listUl\")]/tbody/tr[15]/td[2]/div/div"}
RESULT: {}
RESULT: {"using":"xpath","value":"//table[contains(@id, \"listView-innerSelectionPanelTable-listUl\")]/tbody/tr[15]/td[2]/div/div"}
COMMAND: POST /session/6f873cfbd9220f733b1c899e801fac9f/element - {"using":"xpath","value":"//table[contains(@id, \"listView-innerSelectionPanelTable-listUl\")]/tbody/tr[15]/td[2]/div"}
RESULT: {"using":"xpath","value":"//table[contains(@id, \"listView-innerSelectionPanelTable-listUl\")]/tbody/tr[15]/td[2]/div"}
COMMAND: POST /session/6f873cfbd9220f733b1c899e801fac9f/element - {"using":"xpath","value":"//table[contains(@id, \"listView-innerSelectionPanelTable-listUl\")]/tbody/tr[15]/td[3]/div/div/span/span[1]/bdi"}
RESULT: {"using":"xpath","value":"//table[contains(@id, \"listView-innerSelectionPanelTable-listUl\")]/tbody/tr[15]/td[3]/div/div/span/span[1]/bdi"}
COMMAND: POST /session/6f873cfbd9220f733b1c899e801fac9f/execute/sync - {"script":"<script> [56 bytes]","args":[{"element-6066-11e4-a52e-4f735466cecf":"f.0D8D1E8C4444AAF4F6CCCAD0803F9B10.d.83DABABCCBFA67F35F452BC2359F540E.e.9613","ELEMENT":"f.0D8D1E8C4444AAF4F6CCCAD0803F9B10.d.83DABABCCBFA67F35F452BC2359F540E.e.9613"}]}
RESULT: {"script":"<script> [56 bytes]","args":[{"element-6066-11e4-a52e-4f735466cecf":"f.0D8D1E8C4444AAF4F6CCCAD0803F9B10.d.83DABABCCBFA67F35F452BC2359F540E.e.9613","ELEMENT":"f.0D8D1E8C4444AAF4F6CCCAD0803F9B10.d.83DABABCCBFA67F35F452BC2359F540E.e.9613"}]}
COMMAND: GET /session/6f873cfbd9220f733b1c899e801fac9f/element/f.0D8D1E8C4444AAF4F6CCCAD0803F9B10.d.83DABABCCBFA67F35F452BC2359F540E.e.9612/attribute/aria-checked - {}
COMMAND: GET /session/6f873cfbd9220f733b1c899e801fac9f/screenshot - {}
RESULT: {}
COMMAND: POST /session/6f873cfbd9220f733b1c899e801fac9f/element - {"using":"xpath","value":"//table[contains(@id, \"listView-innerSelectionPanelTable-listUl\")]/tbody/tr[16]/td[2]/div/div"}
RESULT: {}
RESULT: {"using":"xpath","value":"//table[contains(@id, \"listView-innerSelectionPanelTable-listUl\")]/tbody/tr[16]/td[2]/div/div"}
COMMAND: POST /session/6f873cfbd9220f733b1c899e801fac9f/element - {"using":"xpath","value":"//table[contains(@id, \"listView-innerSelectionPanelTable-listUl\")]/tbody/tr[16]/td[2]/div"}
RESULT: {"using":"xpath","value":"//table[contains(@id, \"listView-innerSelectionPanelTable-listUl\")]/tbody/tr[16]/td[2]/div"}
COMMAND: POST /session/6f873cfbd9220f733b1c899e801fac9f/element - {"using":"xpath","value":"//table[contains(@id, \"listView-innerSelectionPanelTable-listUl\")]/tbody/tr[16]/td[3]/div/div/span/span[1]/bdi"}
RESULT: {"using":"xpath","value":"//table[contains(@id, \"listView-innerSelectionPanelTable-listUl\")]/tbody/tr[16]/td[3]/div/div/span/span[1]/bdi"}
COMMAND: POST /session/6f873cfbd9220f733b1c899e801fac9f/execute/sync - {"script":"<script> [56 bytes]","args":[{"element-6066-11e4-a52e-4f735466cecf":"f.0D8D1E8C4444AAF4F6CCCAD0803F9B10.d.83DABABCCBFA67F35F452BC2359F540E.e.9616","ELEMENT":"f.0D8D1E8C4444AAF4F6CCCAD0803F9B10.d.83DABABCCBFA67F35F452BC2359F540E.e.9616"}]}
RESULT: {"script":"<script> [56 bytes]","args":[{"element-6066-11e4-a52e-4f735466cecf":"f.0D8D1E8C4444AAF4F6CCCAD0803F9B10.d.83DABABCCBFA67F35F452BC2359F540E.e.9616","ELEMENT":"f.0D8D1E8C4444AAF4F6CCCAD0803F9B10.d.83DABABCCBFA67F35F452BC2359F540E.e.9616"}]}
COMMAND: GET /session/6f873cfbd9220f733b1c899e801fac9f/element/f.0D8D1E8C4444AAF4F6CCCAD0803F9B10.d.83DABABCCBFA67F35F452BC2359F540E.e.9615/attribute/aria-checked - {}
COMMAND: GET /session/6f873cfbd9220f733b1c899e801fac9f/screenshot - {}
RESULT: {}
COMMAND: POST /session/6f873cfbd9220f733b1c899e801fac9f/element - {"using":"xpath","value":"//table[contains(@id, \"listView-innerSelectionPanelTable-listUl\")]/tbody/tr[17]/td[2]/div/div"}
RESULT: {}
RESULT: {"using":"xpath","value":"//table[contains(@id, \"listView-innerSelectionPanelTable-listUl\")]/tbody/tr[17]/td[2]/div/div"}
COMMAND: POST /session/6f873cfbd9220f733b1c899e801fac9f/element - {"using":"xpath","value":"//table[contains(@id, \"listView-innerSelectionPanelTable-listUl\")]/tbody/tr[17]/td[2]/div"}
RESULT: {"using":"xpath","value":"//table[contains(@id, \"listView-innerSelectionPanelTable-listUl\")]/tbody/tr[17]/td[2]/div"}
COMMAND: POST /session/6f873cfbd9220f733b1c899e801fac9f/element - {"using":"xpath","value":"//table[contains(@id, \"listView-innerSelectionPanelTable-listUl\")]/tbody/tr[17]/td[3]/div/div/span/span[1]/bdi"}
RESULT: {"using":"xpath","value":"//table[contains(@id, \"listView-innerSelectionPanelTable-listUl\")]/tbody/tr[17]/td[3]/div/div/span/span[1]/bdi"}
COMMAND: POST /session/6f873cfbd9220f733b1c899e801fac9f/execute/sync - {"script":"<script> [56 bytes]","args":[{"element-6066-11e4-a52e-4f735466cecf":"f.0D8D1E8C4444AAF4F6CCCAD0803F9B10.d.83DABABCCBFA67F35F452BC2359F540E.e.9619","ELEMENT":"f.0D8D1E8C4444AAF4F6CCCAD0803F9B10.d.83DABABCCBFA67F35F452BC2359F540E.e.9619"}]}
RESULT: {"script":"<script> [56 bytes]","args":[{"element-6066-11e4-a52e-4f735466cecf":"f.0D8D1E8C4444AAF4F6CCCAD0803F9B10.d.83DABABCCBFA67F35F452BC2359F540E.e.9619","ELEMENT":"f.0D8D1E8C4444AAF4F6CCCAD0803F9B10.d.83DABABCCBFA67F35F452BC2359F540E.e.9619"}]}
COMMAND: GET /session/6f873cfbd9220f733b1c899e801fac9f/element/f.0D8D1E8C4444AAF4F6CCCAD0803F9B10.d.83DABABCCBFA67F35F452BC2359F540E.e.9618/attribute/aria-checked - {}
COMMAND: GET /session/6f873cfbd9220f733b1c899e801fac9f/screenshot - {}
RESULT: {}
COMMAND: POST /session/6f873cfbd9220f733b1c899e801fac9f/element - {"using":"xpath","value":"//table[contains(@id, \"listView-innerSelectionPanelTable-listUl\")]/tbody/tr[18]/td[2]/div/div"}
RESULT: {}
RESULT: {"using":"xpath","value":"//table[contains(@id, \"listView-innerSelectionPanelTable-listUl\")]/tbody/tr[18]/td[2]/div/div"}
COMMAND: POST /session/6f873cfbd9220f733b1c899e801fac9f/element - {"using":"xpath","value":"//table[contains(@id, \"listView-innerSelectionPanelTable-listUl\")]/tbody/tr[18]/td[2]/div"}
RESULT: {"using":"xpath","value":"//table[contains(@id, \"listView-innerSelectionPanelTable-listUl\")]/tbody/tr[18]/td[2]/div"}
COMMAND: POST /session/6f873cfbd9220f733b1c899e801fac9f/element - {"using":"xpath","value":"//table[contains(@id, \"listView-innerSelectionPanelTable-listUl\")]/tbody/tr[18]/td[3]/div/div/span/span[1]/bdi"}
RESULT: {"using":"xpath","value":"//table[contains(@id, \"listView-innerSelectionPanelTable-listUl\")]/tbody/tr[18]/td[3]/div/div/span/span[1]/bdi"}
COMMAND: POST /session/6f873cfbd9220f733b1c899e801fac9f/execute/sync - {"script":"<script> [56 bytes]","args":[{"element-6066-11e4-a52e-4f735466cecf":"f.0D8D1E8C4444AAF4F6CCCAD0803F9B10.d.83DABABCCBFA67F35F452BC2359F540E.e.9622","ELEMENT":"f.0D8D1E8C4444AAF4F6CCCAD0803F9B10.d.83DABABCCBFA67F35F452BC2359F540E.e.9622"}]}
RESULT: {"script":"<script> [56 bytes]","args":[{"element-6066-11e4-a52e-4f735466cecf":"f.0D8D1E8C4444AAF4F6CCCAD0803F9B10.d.83DABABCCBFA67F35F452BC2359F540E.e.9622","ELEMENT":"f.0D8D1E8C4444AAF4F6CCCAD0803F9B10.d.83DABABCCBFA67F35F452BC2359F540E.e.9622"}]}
COMMAND: GET /session/6f873cfbd9220f733b1c899e801fac9f/element/f.0D8D1E8C4444AAF4F6CCCAD0803F9B10.d.83DABABCCBFA67F35F452BC2359F540E.e.9621/attribute/aria-checked - {}
COMMAND: GET /session/6f873cfbd9220f733b1c899e801fac9f/screenshot - {}
RESULT: {}
COMMAND: POST /session/6f873cfbd9220f733b1c899e801fac9f/element - {"using":"xpath","value":"//table[contains(@id, \"listView-innerSelectionPanelTable-listUl\")]/tbody/tr[19]/td[2]/div/div"}
RESULT: {}
RESULT: {"using":"xpath","value":"//table[contains(@id, \"listView-innerSelectionPanelTable-listUl\")]/tbody/tr[19]/td[2]/div/div"}
COMMAND: POST /session/6f873cfbd9220f733b1c899e801fac9f/element - {"using":"xpath","value":"//table[contains(@id, \"listView-innerSelectionPanelTable-listUl\")]/tbody/tr[19]/td[2]/div"}
RESULT: {"using":"xpath","value":"//table[contains(@id, \"listView-innerSelectionPanelTable-listUl\")]/tbody/tr[19]/td[2]/div"}
COMMAND: POST /session/6f873cfbd9220f733b1c899e801fac9f/element - {"using":"xpath","value":"//table[contains(@id, \"listView-innerSelectionPanelTable-listUl\")]/tbody/tr[19]/td[3]/div/div/span/span[1]/bdi"}
RESULT: {"using":"xpath","value":"//table[contains(@id, \"listView-innerSelectionPanelTable-listUl\")]/tbody/tr[19]/td[3]/div/div/span/span[1]/bdi"}
COMMAND: POST /session/6f873cfbd9220f733b1c899e801fac9f/execute/sync - {"script":"<script> [56 bytes]","args":[{"element-6066-11e4-a52e-4f735466cecf":"f.0D8D1E8C4444AAF4F6CCCAD0803F9B10.d.83DABABCCBFA67F35F452BC2359F540E.e.9625","ELEMENT":"f.0D8D1E8C4444AAF4F6CCCAD0803F9B10.d.83DABABCCBFA67F35F452BC2359F540E.e.9625"}]}
RESULT: {"script":"<script> [56 bytes]","args":[{"element-6066-11e4-a52e-4f735466cecf":"f.0D8D1E8C4444AAF4F6CCCAD0803F9B10.d.83DABABCCBFA67F35F452BC2359F540E.e.9625","ELEMENT":"f.0D8D1E8C4444AAF4F6CCCAD0803F9B10.d.83DABABCCBFA67F35F452BC2359F540E.e.9625"}]}
COMMAND: GET /session/6f873cfbd9220f733b1c899e801fac9f/element/f.0D8D1E8C4444AAF4F6CCCAD0803F9B10.d.83DABABCCBFA67F35F452BC2359F540E.e.9624/attribute/aria-checked - {}
COMMAND: GET /session/6f873cfbd9220f733b1c899e801fac9f/screenshot - {}
RESULT: {}
COMMAND: POST /session/6f873cfbd9220f733b1c899e801fac9f/element - {"using":"xpath","value":"//table[contains(@id, \"listView-innerSelectionPanelTable-listUl\")]/tbody/tr[20]/td[2]/div/div"}
RESULT: {}
RESULT: {"using":"xpath","value":"//table[contains(@id, \"listView-innerSelectionPanelTable-listUl\")]/tbody/tr[20]/td[2]/div/div"}
COMMAND: POST /session/6f873cfbd9220f733b1c899e801fac9f/element - {"using":"xpath","value":"//table[contains(@id, \"listView-innerSelectionPanelTable-listUl\")]/tbody/tr[20]/td[2]/div"}
RESULT: {"using":"xpath","value":"//table[contains(@id, \"listView-innerSelectionPanelTable-listUl\")]/tbody/tr[20]/td[2]/div"}
COMMAND: POST /session/6f873cfbd9220f733b1c899e801fac9f/element - {"using":"xpath","value":"//table[contains(@id, \"listView-innerSelectionPanelTable-listUl\")]/tbody/tr[20]/td[3]/div/div/span/span[1]/bdi"}
RESULT: {"using":"xpath","value":"//table[contains(@id, \"listView-innerSelectionPanelTable-listUl\")]/tbody/tr[20]/td[3]/div/div/span/span[1]/bdi"}
COMMAND: POST /session/6f873cfbd9220f733b1c899e801fac9f/execute/sync - {"script":"<script> [56 bytes]","args":[{"element-6066-11e4-a52e-4f735466cecf":"f.0D8D1E8C4444AAF4F6CCCAD0803F9B10.d.83DABABCCBFA67F35F452BC2359F540E.e.9628","ELEMENT":"f.0D8D1E8C4444AAF4F6CCCAD0803F9B10.d.83DABABCCBFA67F35F452BC2359F540E.e.9628"}]}
RESULT: {"script":"<script> [56 bytes]","args":[{"element-6066-11e4-a52e-4f735466cecf":"f.0D8D1E8C4444AAF4F6CCCAD0803F9B10.d.83DABABCCBFA67F35F452BC2359F540E.e.9628","ELEMENT":"f.0D8D1E8C4444AAF4F6CCCAD0803F9B10.d.83DABABCCBFA67F35F452BC2359F540E.e.9628"}]}
COMMAND: GET /session/6f873cfbd9220f733b1c899e801fac9f/element/f.0D8D1E8C4444AAF4F6CCCAD0803F9B10.d.83DABABCCBFA67F35F452BC2359F540E.e.9627/attribute/aria-checked - {}
COMMAND: GET /session/6f873cfbd9220f733b1c899e801fac9f/screenshot - {}
RESULT: {}
COMMAND: POST /session/6f873cfbd9220f733b1c899e801fac9f/element - {"using":"xpath","value":"//table[contains(@id, \"listView-innerSelectionPanelTable-listUl\")]/tbody/tr[21]/td[2]/div/div"}
COMMAND: POST /session/6f873cfbd9220f733b1c899e801fac9f/element/f.0D8D1E8C4444AAF4F6CCCAD0803F9B10.d.83DABABCCBFA67F35F452BC2359F540E.e.9626/click - {}
RESULT: {}
RESULT: {}
COMMAND: GET /session/6f873cfbd9220f733b1c899e801fac9f/screenshot - {}
RESULT: {"using":"xpath","value":"//table[contains(@id, \"listView-innerSelectionPanelTable-listUl\")]/tbody/tr[21]/td[2]/div/div"}
COMMAND: POST /session/6f873cfbd9220f733b1c899e801fac9f/element - {"using":"xpath","value":"//table[contains(@id, \"listView-innerSelectionPanelTable-listUl\")]/tbody/tr[21]/td[2]/div"}
RESULT: {}
RESULT: {"using":"xpath","value":"//table[contains(@id, \"listView-innerSelectionPanelTable-listUl\")]/tbody/tr[21]/td[2]/div"}
COMMAND: POST /session/6f873cfbd9220f733b1c899e801fac9f/element - {"using":"xpath","value":"//table[contains(@id, \"listView-innerSelectionPanelTable-listUl\")]/tbody/tr[21]/td[3]/div/div/span/span[1]/bdi"}
RESULT: {"using":"xpath","value":"//table[contains(@id, \"listView-innerSelectionPanelTable-listUl\")]/tbody/tr[21]/td[3]/div/div/span/span[1]/bdi"}
COMMAND: POST /session/6f873cfbd9220f733b1c899e801fac9f/execute/sync - {"script":"<script> [56 bytes]","args":[{"element-6066-11e4-a52e-4f735466cecf":"f.0D8D1E8C4444AAF4F6CCCAD0803F9B10.d.83DABABCCBFA67F35F452BC2359F540E.e.9634","ELEMENT":"f.0D8D1E8C4444AAF4F6CCCAD0803F9B10.d.83DABABCCBFA67F35F452BC2359F540E.e.9634"}]}
RESULT: {"script":"<script> [56 bytes]","args":[{"element-6066-11e4-a52e-4f735466cecf":"f.0D8D1E8C4444AAF4F6CCCAD0803F9B10.d.83DABABCCBFA67F35F452BC2359F540E.e.9634","ELEMENT":"f.0D8D1E8C4444AAF4F6CCCAD0803F9B10.d.83DABABCCBFA67F35F452BC2359F540E.e.9634"}]}
COMMAND: GET /session/6f873cfbd9220f733b1c899e801fac9f/element/f.0D8D1E8C4444AAF4F6CCCAD0803F9B10.d.83DABABCCBFA67F35F452BC2359F540E.e.9633/attribute/aria-checked - {}
COMMAND: GET /session/6f873cfbd9220f733b1c899e801fac9f/screenshot - {}
RESULT: {}
COMMAND: POST /session/6f873cfbd9220f733b1c899e801fac9f/element - {"using":"xpath","value":"//table[contains(@id, \"listView-innerSelectionPanelTable-listUl\")]/tbody/tr[22]/td[2]/div/div"}
COMMAND: POST /session/6f873cfbd9220f733b1c899e801fac9f/element/f.0D8D1E8C4444AAF4F6CCCAD0803F9B10.d.83DABABCCBFA67F35F452BC2359F540E.e.9632/click - {}
RESULT: {}
RESULT: {}
COMMAND: GET /session/6f873cfbd9220f733b1c899e801fac9f/screenshot - {}
RESULT: {"using":"xpath","value":"//table[contains(@id, \"listView-innerSelectionPanelTable-listUl\")]/tbody/tr[22]/td[2]/div/div"}
COMMAND: POST /session/6f873cfbd9220f733b1c899e801fac9f/element - {"using":"xpath","value":"//table[contains(@id, \"listView-innerSelectionPanelTable-listUl\")]/tbody/tr[22]/td[2]/div"}
RESULT: {}
RESULT: {"using":"xpath","value":"//table[contains(@id, \"listView-innerSelectionPanelTable-listUl\")]/tbody/tr[22]/td[2]/div"}
COMMAND: POST /session/6f873cfbd9220f733b1c899e801fac9f/element - {"using":"xpath","value":"//table[contains(@id, \"listView-innerSelectionPanelTable-listUl\")]/tbody/tr[22]/td[3]/div/div/span/span[1]/bdi"}
RESULT: {"using":"xpath","value":"//table[contains(@id, \"listView-innerSelectionPanelTable-listUl\")]/tbody/tr[22]/td[3]/div/div/span/span[1]/bdi"}
COMMAND: POST /session/6f873cfbd9220f733b1c899e801fac9f/execute/sync - {"script":"<script> [56 bytes]","args":[{"element-6066-11e4-a52e-4f735466cecf":"f.0D8D1E8C4444AAF4F6CCCAD0803F9B10.d.83DABABCCBFA67F35F452BC2359F540E.e.9638","ELEMENT":"f.0D8D1E8C4444AAF4F6CCCAD0803F9B10.d.83DABABCCBFA67F35F452BC2359F540E.e.9638"}]}
RESULT: {"script":"<script> [56 bytes]","args":[{"element-6066-11e4-a52e-4f735466cecf":"f.0D8D1E8C4444AAF4F6CCCAD0803F9B10.d.83DABABCCBFA67F35F452BC2359F540E.e.9638","ELEMENT":"f.0D8D1E8C4444AAF4F6CCCAD0803F9B10.d.83DABABCCBFA67F35F452BC2359F540E.e.9638"}]}
COMMAND: GET /session/6f873cfbd9220f733b1c899e801fac9f/element/f.0D8D1E8C4444AAF4F6CCCAD0803F9B10.d.83DABABCCBFA67F35F452BC2359F540E.e.9637/attribute/aria-checked - {}
COMMAND: GET /session/6f873cfbd9220f733b1c899e801fac9f/screenshot - {}
RESULT: {}
COMMAND: POST /session/6f873cfbd9220f733b1c899e801fac9f/element - {"using":"xpath","value":"//table[contains(@id, \"listView-innerSelectionPanelTable-listUl\")]/tbody/tr[23]/td[2]/div/div"}
RESULT: {}
RESULT: {"using":"xpath","value":"//table[contains(@id, \"listView-innerSelectionPanelTable-listUl\")]/tbody/tr[23]/td[2]/div/div"}
COMMAND: POST /session/6f873cfbd9220f733b1c899e801fac9f/element - {"using":"xpath","value":"//table[contains(@id, \"listView-innerSelectionPanelTable-listUl\")]/tbody/tr[23]/td[2]/div"}
RESULT: {"using":"xpath","value":"//table[contains(@id, \"listView-innerSelectionPanelTable-listUl\")]/tbody/tr[23]/td[2]/div"}
COMMAND: POST /session/6f873cfbd9220f733b1c899e801fac9f/element - {"using":"xpath","value":"//table[contains(@id, \"listView-innerSelectionPanelTable-listUl\")]/tbody/tr[23]/td[3]/div/div/span/span[1]/bdi"}
RESULT: {"using":"xpath","value":"//table[contains(@id, \"listView-innerSelectionPanelTable-listUl\")]/tbody/tr[23]/td[3]/div/div/span/span[1]/bdi"}
COMMAND: POST /session/6f873cfbd9220f733b1c899e801fac9f/execute/sync - {"script":"<script> [56 bytes]","args":[{"element-6066-11e4-a52e-4f735466cecf":"f.0D8D1E8C4444AAF4F6CCCAD0803F9B10.d.83DABABCCBFA67F35F452BC2359F540E.e.9641","ELEMENT":"f.0D8D1E8C4444AAF4F6CCCAD0803F9B10.d.83DABABCCBFA67F35F452BC2359F540E.e.9641"}]}
RESULT: {"script":"<script> [56 bytes]","args":[{"element-6066-11e4-a52e-4f735466cecf":"f.0D8D1E8C4444AAF4F6CCCAD0803F9B10.d.83DABABCCBFA67F35F452BC2359F540E.e.9641","ELEMENT":"f.0D8D1E8C4444AAF4F6CCCAD0803F9B10.d.83DABABCCBFA67F35F452BC2359F540E.e.9641"}]}
COMMAND: GET /session/6f873cfbd9220f733b1c899e801fac9f/element/f.0D8D1E8C4444AAF4F6CCCAD0803F9B10.d.83DABABCCBFA67F35F452BC2359F540E.e.9640/attribute/aria-checked - {}
COMMAND: GET /session/6f873cfbd9220f733b1c899e801fac9f/screenshot - {}
RESULT: {}
COMMAND: POST /session/6f873cfbd9220f733b1c899e801fac9f/element - {"using":"xpath","value":"//table[contains(@id, \"listView-innerSelectionPanelTable-listUl\")]/tbody/tr[24]/td[2]/div/div"}
RESULT: {}
RESULT: {"using":"xpath","value":"//table[contains(@id, \"listView-innerSelectionPanelTable-listUl\")]/tbody/tr[24]/td[2]/div/div"}
COMMAND: POST /session/6f873cfbd9220f733b1c899e801fac9f/element - {"using":"xpath","value":"//table[contains(@id, \"listView-innerSelectionPanelTable-listUl\")]/tbody/tr[24]/td[2]/div"}
RESULT: {"using":"xpath","value":"//table[contains(@id, \"listView-innerSelectionPanelTable-listUl\")]/tbody/tr[24]/td[2]/div"}
COMMAND: POST /session/6f873cfbd9220f733b1c899e801fac9f/element - {"using":"xpath","value":"//table[contains(@id, \"listView-innerSelectionPanelTable-listUl\")]/tbody/tr[24]/td[3]/div/div/span/span[1]/bdi"}
RESULT: {"using":"xpath","value":"//table[contains(@id, \"listView-innerSelectionPanelTable-listUl\")]/tbody/tr[24]/td[3]/div/div/span/span[1]/bdi"}
COMMAND: POST /session/6f873cfbd9220f733b1c899e801fac9f/execute/sync - {"script":"<script> [56 bytes]","args":[{"element-6066-11e4-a52e-4f735466cecf":"f.0D8D1E8C4444AAF4F6CCCAD0803F9B10.d.83DABABCCBFA67F35F452BC2359F540E.e.9644","ELEMENT":"f.0D8D1E8C4444AAF4F6CCCAD0803F9B10.d.83DABABCCBFA67F35F452BC2359F540E.e.9644"}]}
RESULT: {"script":"<script> [56 bytes]","args":[{"element-6066-11e4-a52e-4f735466cecf":"f.0D8D1E8C4444AAF4F6CCCAD0803F9B10.d.83DABABCCBFA67F35F452BC2359F540E.e.9644","ELEMENT":"f.0D8D1E8C4444AAF4F6CCCAD0803F9B10.d.83DABABCCBFA67F35F452BC2359F540E.e.9644"}]}
COMMAND: GET /session/6f873cfbd9220f733b1c899e801fac9f/element/f.0D8D1E8C4444AAF4F6CCCAD0803F9B10.d.83DABABCCBFA67F35F452BC2359F540E.e.9643/attribute/aria-checked - {}
COMMAND: GET /session/6f873cfbd9220f733b1c899e801fac9f/screenshot - {}
RESULT: {}
COMMAND: POST /session/6f873cfbd9220f733b1c899e801fac9f/element - {"using":"xpath","value":"//table[contains(@id, \"listView-innerSelectionPanelTable-listUl\")]/tbody/tr[25]/td[2]/div/div"}
RESULT: {}
RESULT: {"using":"xpath","value":"//table[contains(@id, \"listView-innerSelectionPanelTable-listUl\")]/tbody/tr[25]/td[2]/div/div"}
COMMAND: POST /session/6f873cfbd9220f733b1c899e801fac9f/element - {"using":"xpath","value":"//table[contains(@id, \"listView-innerSelectionPanelTable-listUl\")]/tbody/tr[25]/td[2]/div"}
RESULT: {"using":"xpath","value":"//table[contains(@id, \"listView-innerSelectionPanelTable-listUl\")]/tbody/tr[25]/td[2]/div"}
COMMAND: POST /session/6f873cfbd9220f733b1c899e801fac9f/element - {"using":"xpath","value":"//table[contains(@id, \"listView-innerSelectionPanelTable-listUl\")]/tbody/tr[25]/td[3]/div/div/span/span[1]/bdi"}
RESULT: {"using":"xpath","value":"//table[contains(@id, \"listView-innerSelectionPanelTable-listUl\")]/tbody/tr[25]/td[3]/div/div/span/span[1]/bdi"}
COMMAND: POST /session/6f873cfbd9220f733b1c899e801fac9f/execute/sync - {"script":"<script> [56 bytes]","args":[{"element-6066-11e4-a52e-4f735466cecf":"f.0D8D1E8C4444AAF4F6CCCAD0803F9B10.d.83DABABCCBFA67F35F452BC2359F540E.e.9647","ELEMENT":"f.0D8D1E8C4444AAF4F6CCCAD0803F9B10.d.83DABABCCBFA67F35F452BC2359F540E.e.9647"}]}
RESULT: {"script":"<script> [56 bytes]","args":[{"element-6066-11e4-a52e-4f735466cecf":"f.0D8D1E8C4444AAF4F6CCCAD0803F9B10.d.83DABABCCBFA67F35F452BC2359F540E.e.9647","ELEMENT":"f.0D8D1E8C4444AAF4F6CCCAD0803F9B10.d.83DABABCCBFA67F35F452BC2359F540E.e.9647"}]}
COMMAND: GET /session/6f873cfbd9220f733b1c899e801fac9f/element/f.0D8D1E8C4444AAF4F6CCCAD0803F9B10.d.83DABABCCBFA67F35F452BC2359F540E.e.9646/attribute/aria-checked - {}
COMMAND: GET /session/6f873cfbd9220f733b1c899e801fac9f/screenshot - {}
RESULT: {}
COMMAND: POST /session/6f873cfbd9220f733b1c899e801fac9f/element - {"using":"xpath","value":"//bdi[contains(text(), \"OK\")]"}
RESULT: {}
RESULT: {"using":"xpath","value":"//bdi[contains(text(), \"OK\")]"}
COMMAND: POST /session/6f873cfbd9220f733b1c899e801fac9f/element/f.0D8D1E8C4444AAF4F6CCCAD0803F9B10.d.83DABABCCBFA67F35F452BC2359F540E.e.9648/click - {}
RESULT: {}
COMMAND: GET /session/6f873cfbd9220f733b1c899e801fac9f/screenshot - {}
RESULT: {}
COMMAND: POST /session/6f873cfbd9220f733b1c899e801fac9f/execute/async - {"script":"<script> [1562 bytes]","args":[{"selector":{"id":"application-managepartners-display-component---masterPtm--smartFilterBar-filterItemControlA_-LINK_TO_ADDRESSES_MAIN.ID-vhi"},"wdio_ui5_key":"applicationmanagepartners-display-component---masterPtm--smartFilterBar-filterItemControlA_-LINK_TO_ADDRESSES_MAIN.ID-vhi"}]}
RESULT: {"script":"<script> [1562 bytes]","args":[{"selector":{"id":"application-managepartners-display-component---masterPtm--smartFilterBar-filterItemControlA_-LINK_TO_ADDRESSES_MAIN.ID-vhi"},"wdio_ui5_key":"applicationmanagepartners-display-component---masterPtm--smartFilterBar-filterItemControlA_-LINK_TO_ADDRESSES_MAIN.ID-vhi"}]}
RESULT: undefined
COMMAND: POST /session/6f873cfbd9220f733b1c899e801fac9f/element - {"using":"xpath","value":"//*[@id=\"application-managepartners-display-component---masterPtm--smartFilterBar-filterItemControlA_-LINK_TO_ADDRESSES_MAIN.ID-vhi\"]"}
RESULT: {"using":"xpath","value":"//*[@id=\"application-managepartners-display-component---masterPtm--smartFilterBar-filterItemControlA_-LINK_TO_ADDRESSES_MAIN.ID-vhi\"]"}
COMMAND: POST /session/6f873cfbd9220f733b1c899e801fac9f/element/f.0D8D1E8C4444AAF4F6CCCAD0803F9B10.d.83DABABCCBFA67F35F452BC2359F540E.e.9661/click - {}
RESULT: {}
COMMAND: GET /session/6f873cfbd9220f733b1c899e801fac9f/screenshot - {}
RESULT: {}
COMMAND: POST /session/6f873cfbd9220f733b1c899e801fac9f/element - {"using":"xpath","value":"//div[input[@value=\"contains\"]]//span[contains(@id, \"arrow\")]"}
RESULT: {"using":"xpath","value":"//div[input[@value=\"contains\"]]//span[contains(@id, \"arrow\")]"}
COMMAND: POST /session/6f873cfbd9220f733b1c899e801fac9f/element/f.0D8D1E8C4444AAF4F6CCCAD0803F9B10.d.83DABABCCBFA67F35F452BC2359F540E.e.9666/click - {}
RESULT: {}
COMMAND: GET /session/6f873cfbd9220f733b1c899e801fac9f/screenshot - {}
RESULT: {}
COMMAND: POST /session/6f873cfbd9220f733b1c899e801fac9f/element - {"using":"xpath","value":"//li[.//span[text()='equal to']]"}
RESULT: {"using":"xpath","value":"//li[.//span[text()='equal to']]"}
COMMAND: POST /session/6f873cfbd9220f733b1c899e801fac9f/element/f.0D8D1E8C4444AAF4F6CCCAD0803F9B10.d.83DABABCCBFA67F35F452BC2359F540E.e.9667/click - {}
RESULT: {}
COMMAND: GET /session/6f873cfbd9220f733b1c899e801fac9f/screenshot - {}
RESULT: {}
RESULT: undefined
COMMAND: POST /session/6f873cfbd9220f733b1c899e801fac9f/execute/async - {"script":"<script> [776 bytes]","args":[{"enterText":"1006","selector":{"controlType":"sap.m.Input","viewName":"etm.portal.ui.managepartners.view.Master","viewId":"application-managepartners-display-component---masterPtm","properties":{"valueState":"None"},"searchOpenDialogs":true,"interaction":{"idSuffix":"inner"}},"clearTextFirst":true,"interactionType":"ENTER_TEXT"}]}
RESULT: {"script":"<script> [776 bytes]","args":[{"enterText":"1006","selector":{"controlType":"sap.m.Input","viewName":"etm.portal.ui.managepartners.view.Master","viewId":"application-managepartners-display-component---masterPtm","properties":{"valueState":"None"},"searchOpenDialogs":true,"interaction":{"idSuffix":"inner"}},"clearTextFirst":true,"interactionType":"ENTER_TEXT"}]}
COMMAND: POST /session/6f873cfbd9220f733b1c899e801fac9f/actions - {"actions":[{"id":"action31","type":"key","parameters":{},"actions":[{"type":"keyDown","value":"î€‡"},{"type":"pause","duration":10},{"type":"keyUp","value":"î€‡"}]}]}
RESULT: {"actions":[{"id":"action31","type":"key","parameters":{},"actions":[{"type":"keyDown","value":"î€‡"},{"type":"pause","duration":10},{"type":"keyUp","value":"î€‡"}]}]}
COMMAND: GET /session/6f873cfbd9220f733b1c899e801fac9f/screenshot - {}
RESULT: {}
COMMAND: POST /session/6f873cfbd9220f733b1c899e801fac9f/element - {"using":"xpath","value":"(//bdi[contains(text(), \"OK\")])[1]"}
RESULT: {"using":"xpath","value":"(//bdi[contains(text(), \"OK\")])[1]"}
COMMAND: POST /session/6f873cfbd9220f733b1c899e801fac9f/element/f.0D8D1E8C4444AAF4F6CCCAD0803F9B10.d.83DABABCCBFA67F35F452BC2359F540E.e.9668/click - {}
RESULT: {}
COMMAND: GET /session/6f873cfbd9220f733b1c899e801fac9f/screenshot - {}
RESULT: {}
COMMAND: POST /session/6f873cfbd9220f733b1c899e801fac9f/element - {"using":"xpath","value":"//span[@id=\"application-managepartners-display-component---masterPtm--smartTable-header-inner\"]"}
RESULT: {"using":"xpath","value":"//span[@id=\"application-managepartners-display-component---masterPtm--smartTable-header-inner\"]"}
COMMAND: POST /session/6f873cfbd9220f733b1c899e801fac9f/elements - {"using":"xpath","value":"//span[@id=\"application-managepartners-display-component---masterPtm--smartTable-header-inner\"]"}
RESULT: {"using":"xpath","value":"//span[@id=\"application-managepartners-display-component---masterPtm--smartTable-header-inner\"]"}
COMMAND: POST /session/6f873cfbd9220f733b1c899e801fac9f/execute/sync - {"script":"<script> [56 bytes]","args":[{"element-6066-11e4-a52e-4f735466cecf":"f.0D8D1E8C4444AAF4F6CCCAD0803F9B10.d.83DABABCCBFA67F35F452BC2359F540E.e.9506","ELEMENT":"f.0D8D1E8C4444AAF4F6CCCAD0803F9B10.d.83DABABCCBFA67F35F452BC2359F540E.e.9506"}]}
RESULT: {"script":"<script> [56 bytes]","args":[{"element-6066-11e4-a52e-4f735466cecf":"f.0D8D1E8C4444AAF4F6CCCAD0803F9B10.d.83DABABCCBFA67F35F452BC2359F540E.e.9506","ELEMENT":"f.0D8D1E8C4444AAF4F6CCCAD0803F9B10.d.83DABABCCBFA67F35F452BC2359F540E.e.9506"}]}
COMMAND: POST /session/6f873cfbd9220f733b1c899e801fac9f/element - {"using":"xpath","value":"//span[contains(@title, \"Remove\")]"}
COMMAND: GET /session/6f873cfbd9220f733b1c899e801fac9f/screenshot - {}
RESULT: {"using":"xpath","value":"//span[contains(@title, \"Remove\")]"}
COMMAND: POST /session/6f873cfbd9220f733b1c899e801fac9f/element/f.0D8D1E8C4444AAF4F6CCCAD0803F9B10.d.83DABABCCBFA67F35F452BC2359F540E.e.9672/click - {}
RESULT: {}
RESULT: {}
COMMAND: GET /session/6f873cfbd9220f733b1c899e801fac9f/screenshot - {}
RESULT: {}
RESULT: undefined
COMMAND: POST /session/6f873cfbd9220f733b1c899e801fac9f/element - {"using":"xpath","value":"//*[@id=\"application-managepartners-display-component---masterPtm--smartFilterBar-filterItemControl_BASIC-YARD-vhi\"]"}
RESULT: {"using":"xpath","value":"//*[@id=\"application-managepartners-display-component---masterPtm--smartFilterBar-filterItemControl_BASIC-YARD-vhi\"]"}
COMMAND: POST /session/6f873cfbd9220f733b1c899e801fac9f/element/f.0D8D1E8C4444AAF4F6CCCAD0803F9B10.d.83DABABCCBFA67F35F452BC2359F540E.e.9780/click - {}
RESULT: {}
COMMAND: GET /session/6f873cfbd9220f733b1c899e801fac9f/screenshot - {}
RESULT: {}
RESULT: undefined
COMMAND: POST /session/6f873cfbd9220f733b1c899e801fac9f/execute/async - {"script":"<script> [776 bytes]","args":[{"enterText":"Test","selector":{"id":"application-managepartners-display-component---masterPtm--smartFilterBar-filterItemControl_BASIC-YARD-valueHelpDialog-smartFilterBar-btnBasicSearch","searchOpenDialogs":true,"interaction":{"idSuffix":"I"}},"clearTextFirst":true,"interactionType":"ENTER_TEXT"}]}
RESULT: {"script":"<script> [776 bytes]","args":[{"enterText":"Test","selector":{"id":"application-managepartners-display-component---masterPtm--smartFilterBar-filterItemControl_BASIC-YARD-valueHelpDialog-smartFilterBar-btnBasicSearch","searchOpenDialogs":true,"interaction":{"idSuffix":"I"}},"clearTextFirst":true,"interactionType":"ENTER_TEXT"}]}
COMMAND: POST /session/6f873cfbd9220f733b1c899e801fac9f/actions - {"actions":[{"id":"action32","type":"key","parameters":{},"actions":[{"type":"keyDown","value":"î€‡"},{"type":"pause","duration":10},{"type":"keyUp","value":"î€‡"}]}]}
RESULT: {"actions":[{"id":"action32","type":"key","parameters":{},"actions":[{"type":"keyDown","value":"î€‡"},{"type":"pause","duration":10},{"type":"keyUp","value":"î€‡"}]}]}
COMMAND: POST /session/6f873cfbd9220f733b1c899e801fac9f/elements - {"using":"xpath","value":"//table[contains(@id, \"smartFilterBar-filterItemControl_BASIC-YARD-valueHelpDialog-table-table\")]/tbody/tr"}
COMMAND: GET /session/6f873cfbd9220f733b1c899e801fac9f/screenshot - {}
RESULT: {"using":"xpath","value":"//table[contains(@id, \"smartFilterBar-filterItemControl_BASIC-YARD-valueHelpDialog-table-table\")]/tbody/tr"}
COMMAND: POST /session/6f873cfbd9220f733b1c899e801fac9f/element - {"using":"xpath","value":"//table[contains(@id, \"smartFilterBar-filterItemControl_BASIC-YARD-valueHelpDialog-table-table\")]/tbody/tr[1]/td[1]/div/span"}
RESULT: {}
RESULT: {"using":"xpath","value":"//table[contains(@id, \"smartFilterBar-filterItemControl_BASIC-YARD-valueHelpDialog-table-table\")]/tbody/tr[1]/td[1]/div/span"}
COMMAND: POST /session/6f873cfbd9220f733b1c899e801fac9f/elements - {"using":"xpath","value":"//table[contains(@id, \"smartFilterBar-filterItemControl_BASIC-YARD-valueHelpDialog-table-table\")]/tbody/tr[1]/td[1]/div/span"}
RESULT: {"using":"xpath","value":"//table[contains(@id, \"smartFilterBar-filterItemControl_BASIC-YARD-valueHelpDialog-table-table\")]/tbody/tr[1]/td[1]/div/span"}
COMMAND: POST /session/6f873cfbd9220f733b1c899e801fac9f/execute/sync - {"script":"<script> [56 bytes]","args":[{"element-6066-11e4-a52e-4f735466cecf":"f.0D8D1E8C4444AAF4F6CCCAD0803F9B10.d.83DABABCCBFA67F35F452BC2359F540E.e.9798","ELEMENT":"f.0D8D1E8C4444AAF4F6CCCAD0803F9B10.d.83DABABCCBFA67F35F452BC2359F540E.e.9798"}]}
RESULT: {"script":"<script> [56 bytes]","args":[{"element-6066-11e4-a52e-4f735466cecf":"f.0D8D1E8C4444AAF4F6CCCAD0803F9B10.d.83DABABCCBFA67F35F452BC2359F540E.e.9798","ELEMENT":"f.0D8D1E8C4444AAF4F6CCCAD0803F9B10.d.83DABABCCBFA67F35F452BC2359F540E.e.9798"}]}
COMMAND: POST /session/6f873cfbd9220f733b1c899e801fac9f/element - {"using":"xpath","value":"//table[contains(@id, \"smartFilterBar-filterItemControl_BASIC-YARD-valueHelpDialog-table-table\")]/tbody/tr[2]/td[1]/div/span"}
COMMAND: GET /session/6f873cfbd9220f733b1c899e801fac9f/screenshot - {}
RESULT: {"using":"xpath","value":"//table[contains(@id, \"smartFilterBar-filterItemControl_BASIC-YARD-valueHelpDialog-table-table\")]/tbody/tr[2]/td[1]/div/span"}
COMMAND: POST /session/6f873cfbd9220f733b1c899e801fac9f/elements - {"using":"xpath","value":"//table[contains(@id, \"smartFilterBar-filterItemControl_BASIC-YARD-valueHelpDialog-table-table\")]/tbody/tr[2]/td[1]/div/span"}
RESULT: {}
RESULT: {"using":"xpath","value":"//table[contains(@id, \"smartFilterBar-filterItemControl_BASIC-YARD-valueHelpDialog-table-table\")]/tbody/tr[2]/td[1]/div/span"}
COMMAND: POST /session/6f873cfbd9220f733b1c899e801fac9f/execute/sync - {"script":"<script> [56 bytes]","args":[{"element-6066-11e4-a52e-4f735466cecf":"f.0D8D1E8C4444AAF4F6CCCAD0803F9B10.d.83DABABCCBFA67F35F452BC2359F540E.e.9799","ELEMENT":"f.0D8D1E8C4444AAF4F6CCCAD0803F9B10.d.83DABABCCBFA67F35F452BC2359F540E.e.9799"}]}
RESULT: {"script":"<script> [56 bytes]","args":[{"element-6066-11e4-a52e-4f735466cecf":"f.0D8D1E8C4444AAF4F6CCCAD0803F9B10.d.83DABABCCBFA67F35F452BC2359F540E.e.9799","ELEMENT":"f.0D8D1E8C4444AAF4F6CCCAD0803F9B10.d.83DABABCCBFA67F35F452BC2359F540E.e.9799"}]}
COMMAND: POST /session/6f873cfbd9220f733b1c899e801fac9f/element - {"using":"xpath","value":"//table[contains(@id, \"smartFilterBar-filterItemControl_BASIC-YARD-valueHelpDialog-table-table\")]/tbody/tr[3]/td[1]/div/span"}
COMMAND: GET /session/6f873cfbd9220f733b1c899e801fac9f/screenshot - {}
RESULT: {"using":"xpath","value":"//table[contains(@id, \"smartFilterBar-filterItemControl_BASIC-YARD-valueHelpDialog-table-table\")]/tbody/tr[3]/td[1]/div/span"}
COMMAND: POST /session/6f873cfbd9220f733b1c899e801fac9f/elements - {"using":"xpath","value":"//table[contains(@id, \"smartFilterBar-filterItemControl_BASIC-YARD-valueHelpDialog-table-table\")]/tbody/tr[3]/td[1]/div/span"}
RESULT: {}
RESULT: {"using":"xpath","value":"//table[contains(@id, \"smartFilterBar-filterItemControl_BASIC-YARD-valueHelpDialog-table-table\")]/tbody/tr[3]/td[1]/div/span"}
COMMAND: POST /session/6f873cfbd9220f733b1c899e801fac9f/execute/sync - {"script":"<script> [56 bytes]","args":[{"element-6066-11e4-a52e-4f735466cecf":"f.0D8D1E8C4444AAF4F6CCCAD0803F9B10.d.83DABABCCBFA67F35F452BC2359F540E.e.9800","ELEMENT":"f.0D8D1E8C4444AAF4F6CCCAD0803F9B10.d.83DABABCCBFA67F35F452BC2359F540E.e.9800"}]}
RESULT: {"script":"<script> [56 bytes]","args":[{"element-6066-11e4-a52e-4f735466cecf":"f.0D8D1E8C4444AAF4F6CCCAD0803F9B10.d.83DABABCCBFA67F35F452BC2359F540E.e.9800","ELEMENT":"f.0D8D1E8C4444AAF4F6CCCAD0803F9B10.d.83DABABCCBFA67F35F452BC2359F540E.e.9800"}]}
COMMAND: POST /session/6f873cfbd9220f733b1c899e801fac9f/element - {"using":"xpath","value":"//div[contains(@id, \"filterItemControl_BASIC-YARD-valueHelpDialog-table-rowsel2\")]"}
COMMAND: GET /session/6f873cfbd9220f733b1c899e801fac9f/screenshot - {}
RESULT: {"using":"xpath","value":"//div[contains(@id, \"filterItemControl_BASIC-YARD-valueHelpDialog-table-rowsel2\")]"}
COMMAND: POST /session/6f873cfbd9220f733b1c899e801fac9f/element/f.0D8D1E8C4444AAF4F6CCCAD0803F9B10.d.83DABABCCBFA67F35F452BC2359F540E.e.9801/click - {}
RESULT: {}
RESULT: {}
COMMAND: GET /session/6f873cfbd9220f733b1c899e801fac9f/screenshot - {}
RESULT: {}
COMMAND: POST /session/6f873cfbd9220f733b1c899e801fac9f/element - {"using":"xpath","value":"(//bdi[contains(text(), \"OK\")])[1]"}
RESULT: {"using":"xpath","value":"(//bdi[contains(text(), \"OK\")])[1]"}
COMMAND: POST /session/6f873cfbd9220f733b1c899e801fac9f/element/f.0D8D1E8C4444AAF4F6CCCAD0803F9B10.d.83DABABCCBFA67F35F452BC2359F540E.e.9803/click - {}
RESULT: {}
COMMAND: GET /session/6f873cfbd9220f733b1c899e801fac9f/screenshot - {}
RESULT: {}
COMMAND: POST /session/6f873cfbd9220f733b1c899e801fac9f/element - {"using":"xpath","value":"//span[@id=\"application-managepartners-display-component---masterPtm--smartTable-header-inner\"]"}
RESULT: {"using":"xpath","value":"//span[@id=\"application-managepartners-display-component---masterPtm--smartTable-header-inner\"]"}
COMMAND: POST /session/6f873cfbd9220f733b1c899e801fac9f/elements - {"using":"xpath","value":"//span[@id=\"application-managepartners-display-component---masterPtm--smartTable-header-inner\"]"}
RESULT: {"using":"xpath","value":"//span[@id=\"application-managepartners-display-component---masterPtm--smartTable-header-inner\"]"}
COMMAND: POST /session/6f873cfbd9220f733b1c899e801fac9f/execute/sync - {"script":"<script> [56 bytes]","args":[{"element-6066-11e4-a52e-4f735466cecf":"f.0D8D1E8C4444AAF4F6CCCAD0803F9B10.d.83DABABCCBFA67F35F452BC2359F540E.e.9506","ELEMENT":"f.0D8D1E8C4444AAF4F6CCCAD0803F9B10.d.83DABABCCBFA67F35F452BC2359F540E.e.9506"}]}
RESULT: {"script":"<script> [56 bytes]","args":[{"element-6066-11e4-a52e-4f735466cecf":"f.0D8D1E8C4444AAF4F6CCCAD0803F9B10.d.83DABABCCBFA67F35F452BC2359F540E.e.9506","ELEMENT":"f.0D8D1E8C4444AAF4F6CCCAD0803F9B10.d.83DABABCCBFA67F35F452BC2359F540E.e.9506"}]}
COMMAND: POST /session/6f873cfbd9220f733b1c899e801fac9f/element - {"using":"xpath","value":"//span[contains(@title, \"Remove\")]"}
COMMAND: GET /session/6f873cfbd9220f733b1c899e801fac9f/screenshot - {}
RESULT: {"using":"xpath","value":"//span[contains(@title, \"Remove\")]"}
COMMAND: POST /session/6f873cfbd9220f733b1c899e801fac9f/element/f.0D8D1E8C4444AAF4F6CCCAD0803F9B10.d.83DABABCCBFA67F35F452BC2359F540E.e.9816/click - {}
RESULT: {}
RESULT: {}
COMMAND: GET /session/6f873cfbd9220f733b1c899e801fac9f/screenshot - {}
RESULT: {}
RESULT: undefined
COMMAND: POST /session/6f873cfbd9220f733b1c899e801fac9f/element - {"using":"xpath","value":"//*[@id=\"application-managepartners-display-component---masterPtm--smartFilterBar-filterItemControl_BASIC-MAIN_ADDRESS-vhi\"]"}
RESULT: {"using":"xpath","value":"//*[@id=\"application-managepartners-display-component---masterPtm--smartFilterBar-filterItemControl_BASIC-MAIN_ADDRESS-vhi\"]"}
COMMAND: POST /session/6f873cfbd9220f733b1c899e801fac9f/element/f.0D8D1E8C4444AAF4F6CCCAD0803F9B10.d.83DABABCCBFA67F35F452BC2359F540E.e.9918/click - {}
RESULT: {}
COMMAND: GET /session/6f873cfbd9220f733b1c899e801fac9f/screenshot - {}
RESULT: {}
RESULT: undefined
COMMAND: POST /session/6f873cfbd9220f733b1c899e801fac9f/execute/async - {"script":"<script> [776 bytes]","args":[{"enterText":"Romania","selector":{"id":"application-managepartners-display-component---masterPtm--smartFilterBar-filterItemControl_BASIC-MAIN_ADDRESS-valueHelpDialog-smartFilterBar-btnBasicSearch","searchOpenDialogs":true,"interaction":{"idSuffix":"I"}},"clearTextFirst":true,"interactionType":"ENTER_TEXT"}]}
RESULT: {"script":"<script> [776 bytes]","args":[{"enterText":"Romania","selector":{"id":"application-managepartners-display-component---masterPtm--smartFilterBar-filterItemControl_BASIC-MAIN_ADDRESS-valueHelpDialog-smartFilterBar-btnBasicSearch","searchOpenDialogs":true,"interaction":{"idSuffix":"I"}},"clearTextFirst":true,"interactionType":"ENTER_TEXT"}]}
COMMAND: POST /session/6f873cfbd9220f733b1c899e801fac9f/actions - {"actions":[{"id":"action33","type":"key","parameters":{},"actions":[{"type":"keyDown","value":"î€‡"},{"type":"pause","duration":10},{"type":"keyUp","value":"î€‡"}]}]}
RESULT: {"actions":[{"id":"action33","type":"key","parameters":{},"actions":[{"type":"keyDown","value":"î€‡"},{"type":"pause","duration":10},{"type":"keyUp","value":"î€‡"}]}]}
COMMAND: POST /session/6f873cfbd9220f733b1c899e801fac9f/elements - {"using":"xpath","value":"//table[contains(@id, \"smartFilterBar-filterItemControl_BASIC-MAIN_ADDRESS-valueHelpDialog-table-table\")]/tbody/tr"}
COMMAND: GET /session/6f873cfbd9220f733b1c899e801fac9f/screenshot - {}
RESULT: {"using":"xpath","value":"//table[contains(@id, \"smartFilterBar-filterItemControl_BASIC-MAIN_ADDRESS-valueHelpDialog-table-table\")]/tbody/tr"}
COMMAND: POST /session/6f873cfbd9220f733b1c899e801fac9f/element - {"using":"xpath","value":"//table[contains(@id, \"smartFilterBar-filterItemControl_BASIC-MAIN_ADDRESS-valueHelpDialog-table-table\")]/tbody/tr[1]/td[1]/div/span"}
RESULT: {}
RESULT: {"using":"xpath","value":"//table[contains(@id, \"smartFilterBar-filterItemControl_BASIC-MAIN_ADDRESS-valueHelpDialog-table-table\")]/tbody/tr[1]/td[1]/div/span"}
COMMAND: POST /session/6f873cfbd9220f733b1c899e801fac9f/elements - {"using":"xpath","value":"//table[contains(@id, \"smartFilterBar-filterItemControl_BASIC-MAIN_ADDRESS-valueHelpDialog-table-table\")]/tbody/tr[1]/td[1]/div/span"}
RESULT: {"using":"xpath","value":"//table[contains(@id, \"smartFilterBar-filterItemControl_BASIC-MAIN_ADDRESS-valueHelpDialog-table-table\")]/tbody/tr[1]/td[1]/div/span"}
COMMAND: POST /session/6f873cfbd9220f733b1c899e801fac9f/execute/sync - {"script":"<script> [56 bytes]","args":[{"element-6066-11e4-a52e-4f735466cecf":"f.0D8D1E8C4444AAF4F6CCCAD0803F9B10.d.83DABABCCBFA67F35F452BC2359F540E.e.9939","ELEMENT":"f.0D8D1E8C4444AAF4F6CCCAD0803F9B10.d.83DABABCCBFA67F35F452BC2359F540E.e.9939"}]}
RESULT: {"script":"<script> [56 bytes]","args":[{"element-6066-11e4-a52e-4f735466cecf":"f.0D8D1E8C4444AAF4F6CCCAD0803F9B10.d.83DABABCCBFA67F35F452BC2359F540E.e.9939","ELEMENT":"f.0D8D1E8C4444AAF4F6CCCAD0803F9B10.d.83DABABCCBFA67F35F452BC2359F540E.e.9939"}]}
COMMAND: POST /session/6f873cfbd9220f733b1c899e801fac9f/element - {"using":"xpath","value":"//div[contains(@id, \"filterItemControl_BASIC-MAIN_ADDRESS-valueHelpDialog-table-rowsel0\")]"}
COMMAND: GET /session/6f873cfbd9220f733b1c899e801fac9f/screenshot - {}
RESULT: {"using":"xpath","value":"//div[contains(@id, \"filterItemControl_BASIC-MAIN_ADDRESS-valueHelpDialog-table-rowsel0\")]"}
COMMAND: POST /session/6f873cfbd9220f733b1c899e801fac9f/element/f.0D8D1E8C4444AAF4F6CCCAD0803F9B10.d.83DABABCCBFA67F35F452BC2359F540E.e.9940/click - {}
RESULT: {}
RESULT: {}
COMMAND: GET /session/6f873cfbd9220f733b1c899e801fac9f/screenshot - {}
RESULT: {}
COMMAND: POST /session/6f873cfbd9220f733b1c899e801fac9f/element - {"using":"xpath","value":"(//bdi[contains(text(), \"OK\")])[1]"}
RESULT: {"using":"xpath","value":"(//bdi[contains(text(), \"OK\")])[1]"}
COMMAND: POST /session/6f873cfbd9220f733b1c899e801fac9f/element/f.0D8D1E8C4444AAF4F6CCCAD0803F9B10.d.83DABABCCBFA67F35F452BC2359F540E.e.9942/click - {}
RESULT: {}
COMMAND: GET /session/6f873cfbd9220f733b1c899e801fac9f/screenshot - {}
RESULT: {}
COMMAND: POST /session/6f873cfbd9220f733b1c899e801fac9f/element - {"using":"xpath","value":"//span[@id=\"application-managepartners-display-component---masterPtm--smartTable-header-inner\"]"}
RESULT: {"using":"xpath","value":"//span[@id=\"application-managepartners-display-component---masterPtm--smartTable-header-inner\"]"}
COMMAND: POST /session/6f873cfbd9220f733b1c899e801fac9f/elements - {"using":"xpath","value":"//span[@id=\"application-managepartners-display-component---masterPtm--smartTable-header-inner\"]"}
RESULT: {"using":"xpath","value":"//span[@id=\"application-managepartners-display-component---masterPtm--smartTable-header-inner\"]"}
COMMAND: POST /session/6f873cfbd9220f733b1c899e801fac9f/execute/sync - {"script":"<script> [56 bytes]","args":[{"element-6066-11e4-a52e-4f735466cecf":"f.0D8D1E8C4444AAF4F6CCCAD0803F9B10.d.83DABABCCBFA67F35F452BC2359F540E.e.9506","ELEMENT":"f.0D8D1E8C4444AAF4F6CCCAD0803F9B10.d.83DABABCCBFA67F35F452BC2359F540E.e.9506"}]}
RESULT: {"script":"<script> [56 bytes]","args":[{"element-6066-11e4-a52e-4f735466cecf":"f.0D8D1E8C4444AAF4F6CCCAD0803F9B10.d.83DABABCCBFA67F35F452BC2359F540E.e.9506","ELEMENT":"f.0D8D1E8C4444AAF4F6CCCAD0803F9B10.d.83DABABCCBFA67F35F452BC2359F540E.e.9506"}]}
COMMAND: POST /session/6f873cfbd9220f733b1c899e801fac9f/element - {"using":"xpath","value":"//span[contains(@title, \"Remove\")]"}
COMMAND: GET /session/6f873cfbd9220f733b1c899e801fac9f/screenshot - {}
RESULT: {"using":"xpath","value":"//span[contains(@title, \"Remove\")]"}
COMMAND: POST /session/6f873cfbd9220f733b1c899e801fac9f/element/f.0D8D1E8C4444AAF4F6CCCAD0803F9B10.d.83DABABCCBFA67F35F452BC2359F540E.e.9955/click - {}
RESULT: {}
RESULT: {}
COMMAND: GET /session/6f873cfbd9220f733b1c899e801fac9f/screenshot - {}
COMMAND: POST /session/6f873cfbd9220f733b1c899e801fac9f/execute/async - {"script":"<script> [1562 bytes]","args":[{"selector":{"id":"application-managepartners-display-component---masterPtm--catalogs-arrow"},"wdio_ui5_key":"applicationmanagepartners-display-component---masterPtm--catalogs-arrow"}]}
RESULT: {}
RESULT: {"script":"<script> [1562 bytes]","args":[{"selector":{"id":"application-managepartners-display-component---masterPtm--catalogs-arrow"},"wdio_ui5_key":"applicationmanagepartners-display-component---masterPtm--catalogs-arrow"}]}
RESULT: undefined
COMMAND: POST /session/6f873cfbd9220f733b1c899e801fac9f/element - {"using":"xpath","value":"//*[@id=\"application-managepartners-display-component---masterPtm--catalogs-arrow\"]"}
RESULT: {"using":"xpath","value":"//*[@id=\"application-managepartners-display-component---masterPtm--catalogs-arrow\"]"}
COMMAND: POST /session/6f873cfbd9220f733b1c899e801fac9f/element/f.0D8D1E8C4444AAF4F6CCCAD0803F9B10.d.83DABABCCBFA67F35F452BC2359F540E.e.10062/click - {}
RESULT: {}
COMMAND: GET /session/6f873cfbd9220f733b1c899e801fac9f/screenshot - {}
RESULT: {}
COMMAND: POST /session/6f873cfbd9220f733b1c899e801fac9f/element - {"using":"xpath","value":"//li[.//span[text()=\"Webshop Catalog\"]]//div[contains(@class,\"sapMCbBg\")]"}
RESULT: {"using":"xpath","value":"//li[.//span[text()=\"Webshop Catalog\"]]//div[contains(@class,\"sapMCbBg\")]"}
COMMAND: POST /session/6f873cfbd9220f733b1c899e801fac9f/element/f.0D8D1E8C4444AAF4F6CCCAD0803F9B10.d.83DABABCCBFA67F35F452BC2359F540E.e.10074/click - {}
RESULT: {}
COMMAND: GET /session/6f873cfbd9220f733b1c899e801fac9f/screenshot - {}
RESULT: {}
RESULT: undefined
COMMAND: POST /session/6f873cfbd9220f733b1c899e801fac9f/element - {"using":"xpath","value":"//*[@id=\"application-managepartners-display-component---masterPtm--catalogs-arrow\"]"}
RESULT: {"using":"xpath","value":"//*[@id=\"application-managepartners-display-component---masterPtm--catalogs-arrow\"]"}
COMMAND: POST /session/6f873cfbd9220f733b1c899e801fac9f/element/f.0D8D1E8C4444AAF4F6CCCAD0803F9B10.d.83DABABCCBFA67F35F452BC2359F540E.e.10062/click - {}
RESULT: {}
COMMAND: POST /session/6f873cfbd9220f733b1c899e801fac9f/element - {"using":"xpath","value":"//span[@id=\"application-managepartners-display-component---masterPtm--smartTable-header-inner\"]"}
COMMAND: GET /session/6f873cfbd9220f733b1c899e801fac9f/screenshot - {}
RESULT: {"using":"xpath","value":"//span[@id=\"application-managepartners-display-component---masterPtm--smartTable-header-inner\"]"}
COMMAND: POST /session/6f873cfbd9220f733b1c899e801fac9f/elements - {"using":"xpath","value":"//span[@id=\"application-managepartners-display-component---masterPtm--smartTable-header-inner\"]"}
RESULT: {}
RESULT: {"using":"xpath","value":"//span[@id=\"application-managepartners-display-component---masterPtm--smartTable-header-inner\"]"}
COMMAND: POST /session/6f873cfbd9220f733b1c899e801fac9f/execute/sync - {"script":"<script> [56 bytes]","args":[{"element-6066-11e4-a52e-4f735466cecf":"f.0D8D1E8C4444AAF4F6CCCAD0803F9B10.d.83DABABCCBFA67F35F452BC2359F540E.e.9506","ELEMENT":"f.0D8D1E8C4444AAF4F6CCCAD0803F9B10.d.83DABABCCBFA67F35F452BC2359F540E.e.9506"}]}
RESULT: {"script":"<script> [56 bytes]","args":[{"element-6066-11e4-a52e-4f735466cecf":"f.0D8D1E8C4444AAF4F6CCCAD0803F9B10.d.83DABABCCBFA67F35F452BC2359F540E.e.9506","ELEMENT":"f.0D8D1E8C4444AAF4F6CCCAD0803F9B10.d.83DABABCCBFA67F35F452BC2359F540E.e.9506"}]}
COMMAND: POST /session/6f873cfbd9220f733b1c899e801fac9f/element - {"using":"xpath","value":"//span[contains(@title, \"Remove\")]"}
COMMAND: GET /session/6f873cfbd9220f733b1c899e801fac9f/screenshot - {}
RESULT: {"using":"xpath","value":"//span[contains(@title, \"Remove\")]"}
COMMAND: POST /session/6f873cfbd9220f733b1c899e801fac9f/element/f.0D8D1E8C4444AAF4F6CCCAD0803F9B10.d.83DABABCCBFA67F35F452BC2359F540E.e.10088/click - {}
RESULT: {}
RESULT: {}
COMMAND: GET /session/6f873cfbd9220f733b1c899e801fac9f/screenshot - {}
RESULT: {}
COMMAND: POST /session/6f873cfbd9220f733b1c899e801fac9f/execute/async - {"script":"<script> [1562 bytes]","args":[{"selector":{"id":"application-managepartners-display-component---masterPtm--currencies-arrow"},"wdio_ui5_key":"applicationmanagepartners-display-component---masterPtm--currencies-arrow"}]}
RESULT: {"script":"<script> [1562 bytes]","args":[{"selector":{"id":"application-managepartners-display-component---masterPtm--currencies-arrow"},"wdio_ui5_key":"applicationmanagepartners-display-component---masterPtm--currencies-arrow"}]}
RESULT: undefined
COMMAND: POST /session/6f873cfbd9220f733b1c899e801fac9f/element - {"using":"xpath","value":"//*[@id=\"application-managepartners-display-component---masterPtm--currencies-arrow\"]"}
RESULT: {"using":"xpath","value":"//*[@id=\"application-managepartners-display-component---masterPtm--currencies-arrow\"]"}
COMMAND: POST /session/6f873cfbd9220f733b1c899e801fac9f/element/f.0D8D1E8C4444AAF4F6CCCAD0803F9B10.d.83DABABCCBFA67F35F452BC2359F540E.e.10202/click - {}
RESULT: {}
COMMAND: GET /session/6f873cfbd9220f733b1c899e801fac9f/screenshot - {}
RESULT: {}
COMMAND: POST /session/6f873cfbd9220f733b1c899e801fac9f/element - {"using":"xpath","value":"//li[.//span[text()=\"US Dollar\"]]//div[contains(@class,\"sapMCbBg\")]"}
RESULT: {"using":"xpath","value":"//li[.//span[text()=\"US Dollar\"]]//div[contains(@class,\"sapMCbBg\")]"}
COMMAND: POST /session/6f873cfbd9220f733b1c899e801fac9f/element/f.0D8D1E8C4444AAF4F6CCCAD0803F9B10.d.83DABABCCBFA67F35F452BC2359F540E.e.10205/click - {}
RESULT: {}
COMMAND: GET /session/6f873cfbd9220f733b1c899e801fac9f/screenshot - {}
RESULT: {}
RESULT: undefined
COMMAND: POST /session/6f873cfbd9220f733b1c899e801fac9f/element - {"using":"xpath","value":"//*[@id=\"application-managepartners-display-component---masterPtm--currencies-arrow\"]"}
RESULT: {"using":"xpath","value":"//*[@id=\"application-managepartners-display-component---masterPtm--currencies-arrow\"]"}
COMMAND: POST /session/6f873cfbd9220f733b1c899e801fac9f/element/f.0D8D1E8C4444AAF4F6CCCAD0803F9B10.d.83DABABCCBFA67F35F452BC2359F540E.e.10202/click - {}
RESULT: {}
COMMAND: POST /session/6f873cfbd9220f733b1c899e801fac9f/element - {"using":"xpath","value":"//span[@id=\"application-managepartners-display-component---masterPtm--smartTable-header-inner\"]"}
COMMAND: GET /session/6f873cfbd9220f733b1c899e801fac9f/screenshot - {}
RESULT: {"using":"xpath","value":"//span[@id=\"application-managepartners-display-component---masterPtm--smartTable-header-inner\"]"}
COMMAND: POST /session/6f873cfbd9220f733b1c899e801fac9f/elements - {"using":"xpath","value":"//span[@id=\"application-managepartners-display-component---masterPtm--smartTable-header-inner\"]"}
RESULT: {}
RESULT: {"using":"xpath","value":"//span[@id=\"application-managepartners-display-component---masterPtm--smartTable-header-inner\"]"}
COMMAND: POST /session/6f873cfbd9220f733b1c899e801fac9f/execute/sync - {"script":"<script> [56 bytes]","args":[{"element-6066-11e4-a52e-4f735466cecf":"f.0D8D1E8C4444AAF4F6CCCAD0803F9B10.d.83DABABCCBFA67F35F452BC2359F540E.e.9506","ELEMENT":"f.0D8D1E8C4444AAF4F6CCCAD0803F9B10.d.83DABABCCBFA67F35F452BC2359F540E.e.9506"}]}
RESULT: {"script":"<script> [56 bytes]","args":[{"element-6066-11e4-a52e-4f735466cecf":"f.0D8D1E8C4444AAF4F6CCCAD0803F9B10.d.83DABABCCBFA67F35F452BC2359F540E.e.9506","ELEMENT":"f.0D8D1E8C4444AAF4F6CCCAD0803F9B10.d.83DABABCCBFA67F35F452BC2359F540E.e.9506"}]}
COMMAND: POST /session/6f873cfbd9220f733b1c899e801fac9f/element - {"using":"xpath","value":"//span[contains(@title, \"Remove\")]"}
COMMAND: GET /session/6f873cfbd9220f733b1c899e801fac9f/screenshot - {}
RESULT: {"using":"xpath","value":"//span[contains(@title, \"Remove\")]"}
COMMAND: POST /session/6f873cfbd9220f733b1c899e801fac9f/element/f.0D8D1E8C4444AAF4F6CCCAD0803F9B10.d.83DABABCCBFA67F35F452BC2359F540E.e.10291/click - {}
RESULT: {}
RESULT: {}
COMMAND: GET /session/6f873cfbd9220f733b1c899e801fac9f/screenshot - {}
RESULT: {}
COMMAND: POST /session/6f873cfbd9220f733b1c899e801fac9f/execute/async - {"script":"<script> [1562 bytes]","args":[{"selector":{"id":"application-managepartners-display-component---masterPtm--languages-arrow"},"wdio_ui5_key":"applicationmanagepartners-display-component---masterPtm--languages-arrow"}]}
RESULT: {"script":"<script> [1562 bytes]","args":[{"selector":{"id":"application-managepartners-display-component---masterPtm--languages-arrow"},"wdio_ui5_key":"applicationmanagepartners-display-component---masterPtm--languages-arrow"}]}
RESULT: undefined
COMMAND: POST /session/6f873cfbd9220f733b1c899e801fac9f/element - {"using":"xpath","value":"//*[@id=\"application-managepartners-display-component---masterPtm--languages-arrow\"]"}
RESULT: {"using":"xpath","value":"//*[@id=\"application-managepartners-display-component---masterPtm--languages-arrow\"]"}
COMMAND: POST /session/6f873cfbd9220f733b1c899e801fac9f/element/f.0D8D1E8C4444AAF4F6CCCAD0803F9B10.d.83DABABCCBFA67F35F452BC2359F540E.e.10366/click - {}
RESULT: {}
COMMAND: GET /session/6f873cfbd9220f733b1c899e801fac9f/screenshot - {}
RESULT: {}
COMMAND: POST /session/6f873cfbd9220f733b1c899e801fac9f/element - {"using":"xpath","value":"//li[.//span[text()=\"German\"]]//div[contains(@class,\"sapMCbBg\")]"}
RESULT: {"using":"xpath","value":"//li[.//span[text()=\"German\"]]//div[contains(@class,\"sapMCbBg\")]"}
COMMAND: POST /session/6f873cfbd9220f733b1c899e801fac9f/element/f.0D8D1E8C4444AAF4F6CCCAD0803F9B10.d.83DABABCCBFA67F35F452BC2359F540E.e.10410/click - {}
RESULT: {}
COMMAND: GET /session/6f873cfbd9220f733b1c899e801fac9f/screenshot - {}
RESULT: {}
RESULT: undefined
COMMAND: POST /session/6f873cfbd9220f733b1c899e801fac9f/element - {"using":"xpath","value":"//*[@id=\"application-managepartners-display-component---masterPtm--languages-arrow\"]"}
RESULT: {"using":"xpath","value":"//*[@id=\"application-managepartners-display-component---masterPtm--languages-arrow\"]"}
COMMAND: POST /session/6f873cfbd9220f733b1c899e801fac9f/element/f.0D8D1E8C4444AAF4F6CCCAD0803F9B10.d.83DABABCCBFA67F35F452BC2359F540E.e.10366/click - {}
RESULT: {}
COMMAND: POST /session/6f873cfbd9220f733b1c899e801fac9f/element - {"using":"xpath","value":"//span[@id=\"application-managepartners-display-component---masterPtm--smartTable-header-inner\"]"}
COMMAND: GET /session/6f873cfbd9220f733b1c899e801fac9f/screenshot - {}
RESULT: {"using":"xpath","value":"//span[@id=\"application-managepartners-display-component---masterPtm--smartTable-header-inner\"]"}
COMMAND: POST /session/6f873cfbd9220f733b1c899e801fac9f/elements - {"using":"xpath","value":"//span[@id=\"application-managepartners-display-component---masterPtm--smartTable-header-inner\"]"}
RESULT: {}
RESULT: {"using":"xpath","value":"//span[@id=\"application-managepartners-display-component---masterPtm--smartTable-header-inner\"]"}
COMMAND: POST /session/6f873cfbd9220f733b1c899e801fac9f/execute/sync - {"script":"<script> [56 bytes]","args":[{"element-6066-11e4-a52e-4f735466cecf":"f.0D8D1E8C4444AAF4F6CCCAD0803F9B10.d.83DABABCCBFA67F35F452BC2359F540E.e.9506","ELEMENT":"f.0D8D1E8C4444AAF4F6CCCAD0803F9B10.d.83DABABCCBFA67F35F452BC2359F540E.e.9506"}]}
RESULT: {"script":"<script> [56 bytes]","args":[{"element-6066-11e4-a52e-4f735466cecf":"f.0D8D1E8C4444AAF4F6CCCAD0803F9B10.d.83DABABCCBFA67F35F452BC2359F540E.e.9506","ELEMENT":"f.0D8D1E8C4444AAF4F6CCCAD0803F9B10.d.83DABABCCBFA67F35F452BC2359F540E.e.9506"}]}
COMMAND: POST /session/6f873cfbd9220f733b1c899e801fac9f/element - {"using":"css selector","value":"#shell-header-logo"}
COMMAND: GET /session/6f873cfbd9220f733b1c899e801fac9f/screenshot - {}
RESULT: {"using":"css selector","value":"#shell-header-logo"}
COMMAND: POST /session/6f873cfbd9220f733b1c899e801fac9f/element/f.0D8D1E8C4444AAF4F6CCCAD0803F9B10.d.83DABABCCBFA67F35F452BC2359F540E.e.9337/click - {}
RESULT: {}
RESULT: {}
COMMAND: GET /session/6f873cfbd9220f733b1c899e801fac9f/screenshot - {}
RESULT: {}
COMMAND: POST /session/6f873cfbd9220f733b1c899e801fac9f/element - {"using":"css selector","value":"#j_username"}
COMMAND: POST /session/6f873cfbd9220f733b1c899e801fac9f/url - {"url":"https://qa-testing-00-live-etm-ui.cfapps.eu10-004.hana.ondemand.com/"}
COMMAND: GET /session/6f873cfbd9220f733b1c899e801fac9f/screenshot - {}
RESULT: {"using":"css selector","value":"#j_username"}
COMMAND: POST /session/6f873cfbd9220f733b1c899e801fac9f/element - {"using":"css selector","value":"#j_username"}
RESULT: {"url":"https://qa-testing-00-live-etm-ui.cfapps.eu10-004.hana.ondemand.com/"}
RESULT: undefined
COMMAND: GET /session/6f873cfbd9220f733b1c899e801fac9f/screenshot - {}
RESULT: {}
RESULT: {"using":"css selector","value":"#j_username"}
COMMAND: POST /session/6f873cfbd9220f733b1c899e801fac9f/element - {"using":"css selector","value":"#shell-header-logo"}
RESULT: {}
RESULT: {"using":"css selector","value":"#shell-header-logo"}
COMMAND: POST /session/6f873cfbd9220f733b1c899e801fac9f/execute/sync - {"script":"<script> [8489 bytes]","args":[{"element-6066-11e4-a52e-4f735466cecf":"f.0D8D1E8C4444AAF4F6CCCAD0803F9B10.d.841B083DF74FD7F80291D46DE9F7DD76.e.10486","ELEMENT":"f.0D8D1E8C4444AAF4F6CCCAD0803F9B10.d.841B083DF74FD7F80291D46DE9F7DD76.e.10486"}]}
RESULT: {"script":"<script> [8489 bytes]","args":[{"element-6066-11e4-a52e-4f735466cecf":"f.0D8D1E8C4444AAF4F6CCCAD0803F9B10.d.841B083DF74FD7F80291D46DE9F7DD76.e.10486","ELEMENT":"f.0D8D1E8C4444AAF4F6CCCAD0803F9B10.d.841B083DF74FD7F80291D46DE9F7DD76.e.10486"}]}
COMMAND: POST /session/6f873cfbd9220f733b1c899e801fac9f/element - {"using":"css selector","value":"#shell-header-logo"}
COMMAND: GET /session/6f873cfbd9220f733b1c899e801fac9f/screenshot - {}
RESULT: {"using":"css selector","value":"#shell-header-logo"}
COMMAND: POST /session/6f873cfbd9220f733b1c899e801fac9f/execute/sync - {"script":"<script> [8489 bytes]","args":[{"element-6066-11e4-a52e-4f735466cecf":"f.0D8D1E8C4444AAF4F6CCCAD0803F9B10.d.841B083DF74FD7F80291D46DE9F7DD76.e.10486","ELEMENT":"f.0D8D1E8C4444AAF4F6CCCAD0803F9B10.d.841B083DF74FD7F80291D46DE9F7DD76.e.10486"}]}
RESULT: {}
RESULT: {"script":"<script> [8489 bytes]","args":[{"element-6066-11e4-a52e-4f735466cecf":"f.0D8D1E8C4444AAF4F6CCCAD0803F9B10.d.841B083DF74FD7F80291D46DE9F7DD76.e.10486","ELEMENT":"f.0D8D1E8C4444AAF4F6CCCAD0803F9B10.d.841B083DF74FD7F80291D46DE9F7DD76.e.10486"}]}
COMMAND: POST /session/6f873cfbd9220f733b1c899e801fac9f/execute/sync - {"script":"<script> [5351 bytes]","args":[{"element-6066-11e4-a52e-4f735466cecf":"f.0D8D1E8C4444AAF4F6CCCAD0803F9B10.d.841B083DF74FD7F80291D46DE9F7DD76.e.10486","ELEMENT":"f.0D8D1E8C4444AAF4F6CCCAD0803F9B10.d.841B083DF74FD7F80291D46DE9F7DD76.e.10486"}]}
COMMAND: GET /session/6f873cfbd9220f733b1c899e801fac9f/screenshot - {}
RESULT: {"script":"<script> [5351 bytes]","args":[{"element-6066-11e4-a52e-4f735466cecf":"f.0D8D1E8C4444AAF4F6CCCAD0803F9B10.d.841B083DF74FD7F80291D46DE9F7DD76.e.10486","ELEMENT":"f.0D8D1E8C4444AAF4F6CCCAD0803F9B10.d.841B083DF74FD7F80291D46DE9F7DD76.e.10486"}]}
COMMAND: POST /session/6f873cfbd9220f733b1c899e801fac9f/element - {"using":"css selector","value":"#shell-header-logo"}
COMMAND: GET /session/6f873cfbd9220f733b1c899e801fac9f/screenshot - {}
RESULT: {}
RESULT: {"using":"css selector","value":"#shell-header-logo"}
COMMAND: POST /session/6f873cfbd9220f733b1c899e801fac9f/element/f.0D8D1E8C4444AAF4F6CCCAD0803F9B10.d.841B083DF74FD7F80291D46DE9F7DD76.e.10486/click - {}
RESULT: {}
RESULT: {}
COMMAND: GET /session/6f873cfbd9220f733b1c899e801fac9f/screenshot - {}
RESULT: {}
COMMAND: POST /session/6f873cfbd9220f733b1c899e801fac9f/execute/async - {"script":"<script> [189 bytes]","args":[]}
RESULT: {"script":"<script> [189 bytes]","args":[]}
COMMAND: POST /session/6f873cfbd9220f733b1c899e801fac9f/execute/async - {"script":"<script> [123 bytes]","args":[]}
RESULT: {"script":"<script> [123 bytes]","args":[]}
COMMAND: POST /session/6f873cfbd9220f733b1c899e801fac9f/timeouts - {"script":"<number>"}
RESULT: {"script":"<number>"}
COMMAND: GET /session/6f873cfbd9220f733b1c899e801fac9f/timeouts - {}
RESULT: {}
RESULT: undefined
COMMAND: POST /session/6f873cfbd9220f733b1c899e801fac9f/execute/async - {"script":"<script> [2676 bytes]","args":[]}
RESULT: {"script":"<script> [2676 bytes]","args":[]}
COMMAND: POST /session/6f873cfbd9220f733b1c899e801fac9f/execute/async - {"script":"<script> [2342 bytes]","args":[{"protocol":"http","hostname":"0.0.0.0","path":"/","capabilities":{"browserName":"chrome","goog:chromeOptions":{"binary":"C:\\Program Files\\Google\\Chrome\\Application\\chrome.exe","args":["--start-maximized"]}},"logLevel":"warn","connectionRetryTimeout":120000,"connectionRetryCount":3,"logLevels":{},"enableDirectConnect":true,"strictSSL":true,"_":"65 more keys: [\"cacheDir\",\"port\",\"requestedCapabilities\",\"automationProtocol\",\"baseUrl\",\"waitforInterval\",\"waitforTimeout\",\"onReload\",\"beforeCommand\",\"afterCommand\",\"rootDir\",\"specs\",\"suites\",\"exclude\",\"groupLogsByTestSpec\",\"excludeDriverLogs\",\"bail\",\"framework\",\"reporters\",\"services\",\"maxInstances\",\"maxInstancesPerCapability\",\"injectGlobals\",\"filesToWatch\",\"execArgv\",\"runnerEnv\",\"runner\",\"shard\",\"specFileRetries\",\"specFileRetriesDelay\",\"specFileRetriesDeferred\",\"reporterSyncInterval\",\"reporterSyncTimeout\",\"cucumberFeaturesWithLineNumbers\",\"autoCompileOpts\",\"mochaOpts\",\"jasmineOpts\",\"cucumberOpts\",\"onPrepare\",\"onWorkerStart\",\"onWorkerEnd\",\"before\",\"beforeSession\",\"beforeSuite\",\"beforeHook\",\"beforeTest\",\"afterTest\",\"afterHook\",\"afterSuite\",\"afterSession\",\"after\",\"onComplete\",\"beforeAssertion\",\"afterAssertion\",\"beforeFeature\",\"beforeScenario\",\"beforeStep\",\"afterStep\",\"afterScenario\",\"afterFeature\",\"_\",\"suite\",\"$0\",\"ignoredWorkerServices\",\"wdi5\"]"}]}
RESULT: {"script":"<script> [2342 bytes]","args":[{"protocol":"http","hostname":"0.0.0.0","path":"/","capabilities":{"browserName":"chrome","goog:chromeOptions":{"binary":"C:\\Program Files\\Google\\Chrome\\Application\\chrome.exe","args":["--start-maximized"]}},"logLevel":"warn","connectionRetryTimeout":120000,"connectionRetryCount":3,"logLevels":{},"enableDirectConnect":true,"strictSSL":true,"_":"65 more keys: [\"cacheDir\",\"port\",\"requestedCapabilities\",\"automationProtocol\",\"baseUrl\",\"waitforInterval\",\"waitforTimeout\",\"onReload\",\"beforeCommand\",\"afterCommand\",\"rootDir\",\"specs\",\"suites\",\"exclude\",\"groupLogsByTestSpec\",\"excludeDriverLogs\",\"bail\",\"framework\",\"reporters\",\"services\",\"maxInstances\",\"maxInstancesPerCapability\",\"injectGlobals\",\"filesToWatch\",\"execArgv\",\"runnerEnv\",\"runner\",\"shard\",\"specFileRetries\",\"specFileRetriesDelay\",\"specFileRetriesDeferred\",\"reporterSyncInterval\",\"reporterSyncTimeout\",\"cucumberFeaturesWithLineNumbers\",\"autoCompileOpts\",\"mochaOpts\",\"jasmineOpts\",\"cucumberOpts\",\"onPrepare\",\"onWorkerStart\",\"onWorkerEnd\",\"before\",\"beforeSession\",\"beforeSuite\",\"beforeHook\",\"beforeTest\",\"afterTest\",\"afterHook\",\"afterSuite\",\"afterSession\",\"after\",\"onComplete\",\"beforeAssertion\",\"afterAssertion\",\"beforeFeature\",\"beforeScenario\",\"beforeStep\",\"afterStep\",\"afterScenario\",\"afterFeature\",\"_\",\"suite\",\"$0\",\"ignoredWorkerServices\",\"wdi5\"]"}]}
COMMAND: POST /session/6f873cfbd9220f733b1c899e801fac9f/execute/async - {"script":"<script> [21126 bytes]","args":[35000]}
RESULT: {"script":"<script> [21126 bytes]","args":[35000]}
COMMAND: POST /session/6f873cfbd9220f733b1c899e801fac9f/window/maximize - {}
RESULT: {}
COMMAND: POST /session/6f873cfbd9220f733b1c899e801fac9f/execute/async - {"script":"<script> [1562 bytes]","args":[{"selector":{"id":"shell-header","interaction":{"idSuffix":"icon"}},"wdio_ui5_key":"shellheader"}]}
COMMAND: GET /session/6f873cfbd9220f733b1c899e801fac9f/screenshot - {}
RESULT: {"script":"<script> [1562 bytes]","args":[{"selector":{"id":"shell-header","interaction":{"idSuffix":"icon"}},"wdio_ui5_key":"shellheader"}]}
RESULT: undefined
COMMAND: POST /session/6f873cfbd9220f733b1c899e801fac9f/refresh - {}
RESULT: {}
RESULT: {}
COMMAND: GET /session/6f873cfbd9220f733b1c899e801fac9f/screenshot - {}
RESULT: {}
COMMAND: POST /session/6f873cfbd9220f733b1c899e801fac9f/refresh - {}
RESULT: {}
COMMAND: GET /session/6f873cfbd9220f733b1c899e801fac9f/screenshot - {}
RESULT: {}
COMMAND: POST /session/6f873cfbd9220f733b1c899e801fac9f/window/fullscreen - {}
RESULT: {}
COMMAND: POST /session/6f873cfbd9220f733b1c899e801fac9f/execute/async - {"script":"<script> [189 bytes]","args":[]}
RESULT: {"script":"<script> [189 bytes]","args":[]}
COMMAND: POST /session/6f873cfbd9220f733b1c899e801fac9f/execute/async - {"script":"<script> [123 bytes]","args":[]}
RESULT: {"script":"<script> [123 bytes]","args":[]}
COMMAND: POST /session/6f873cfbd9220f733b1c899e801fac9f/timeouts - {"script":"<number>"}
RESULT: {"script":"<number>"}
COMMAND: GET /session/6f873cfbd9220f733b1c899e801fac9f/timeouts - {}
RESULT: {}
RESULT: undefined
COMMAND: POST /session/6f873cfbd9220f733b1c899e801fac9f/execute/async - {"script":"<script> [2676 bytes]","args":[]}
RESULT: {"script":"<script> [2676 bytes]","args":[]}
COMMAND: POST /session/6f873cfbd9220f733b1c899e801fac9f/execute/async - {"script":"<script> [2342 bytes]","args":[{"protocol":"http","hostname":"0.0.0.0","path":"/","capabilities":{"browserName":"chrome","goog:chromeOptions":{"binary":"C:\\Program Files\\Google\\Chrome\\Application\\chrome.exe","args":["--start-maximized"]}},"logLevel":"warn","connectionRetryTimeout":120000,"connectionRetryCount":3,"logLevels":{},"enableDirectConnect":true,"strictSSL":true,"_":"65 more keys: [\"cacheDir\",\"port\",\"requestedCapabilities\",\"automationProtocol\",\"baseUrl\",\"waitforInterval\",\"waitforTimeout\",\"onReload\",\"beforeCommand\",\"afterCommand\",\"rootDir\",\"specs\",\"suites\",\"exclude\",\"groupLogsByTestSpec\",\"excludeDriverLogs\",\"bail\",\"framework\",\"reporters\",\"services\",\"maxInstances\",\"maxInstancesPerCapability\",\"injectGlobals\",\"filesToWatch\",\"execArgv\",\"runnerEnv\",\"runner\",\"shard\",\"specFileRetries\",\"specFileRetriesDelay\",\"specFileRetriesDeferred\",\"reporterSyncInterval\",\"reporterSyncTimeout\",\"cucumberFeaturesWithLineNumbers\",\"autoCompileOpts\",\"mochaOpts\",\"jasmineOpts\",\"cucumberOpts\",\"onPrepare\",\"onWorkerStart\",\"onWorkerEnd\",\"before\",\"beforeSession\",\"beforeSuite\",\"beforeHook\",\"beforeTest\",\"afterTest\",\"afterHook\",\"afterSuite\",\"afterSession\",\"after\",\"onComplete\",\"beforeAssertion\",\"afterAssertion\",\"beforeFeature\",\"beforeScenario\",\"beforeStep\",\"afterStep\",\"afterScenario\",\"afterFeature\",\"_\",\"suite\",\"$0\",\"ignoredWorkerServices\",\"wdi5\"]"}]}
RESULT: {"script":"<script> [2342 bytes]","args":[{"protocol":"http","hostname":"0.0.0.0","path":"/","capabilities":{"browserName":"chrome","goog:chromeOptions":{"binary":"C:\\Program Files\\Google\\Chrome\\Application\\chrome.exe","args":["--start-maximized"]}},"logLevel":"warn","connectionRetryTimeout":120000,"connectionRetryCount":3,"logLevels":{},"enableDirectConnect":true,"strictSSL":true,"_":"65 more keys: [\"cacheDir\",\"port\",\"requestedCapabilities\",\"automationProtocol\",\"baseUrl\",\"waitforInterval\",\"waitforTimeout\",\"onReload\",\"beforeCommand\",\"afterCommand\",\"rootDir\",\"specs\",\"suites\",\"exclude\",\"groupLogsByTestSpec\",\"excludeDriverLogs\",\"bail\",\"framework\",\"reporters\",\"services\",\"maxInstances\",\"maxInstancesPerCapability\",\"injectGlobals\",\"filesToWatch\",\"execArgv\",\"runnerEnv\",\"runner\",\"shard\",\"specFileRetries\",\"specFileRetriesDelay\",\"specFileRetriesDeferred\",\"reporterSyncInterval\",\"reporterSyncTimeout\",\"cucumberFeaturesWithLineNumbers\",\"autoCompileOpts\",\"mochaOpts\",\"jasmineOpts\",\"cucumberOpts\",\"onPrepare\",\"onWorkerStart\",\"onWorkerEnd\",\"before\",\"beforeSession\",\"beforeSuite\",\"beforeHook\",\"beforeTest\",\"afterTest\",\"afterHook\",\"afterSuite\",\"afterSession\",\"after\",\"onComplete\",\"beforeAssertion\",\"afterAssertion\",\"beforeFeature\",\"beforeScenario\",\"beforeStep\",\"afterStep\",\"afterScenario\",\"afterFeature\",\"_\",\"suite\",\"$0\",\"ignoredWorkerServices\",\"wdi5\"]"}]}
COMMAND: POST /session/6f873cfbd9220f733b1c899e801fac9f/execute/async - {"script":"<script> [21126 bytes]","args":[35000]}
RESULT: {"script":"<script> [21126 bytes]","args":[35000]}
]]></system-out>
    </testcase>
  </testsuite>
  <testsuite timestamp="2025-05-14T06:29:34" time="447.668" tests="4" failures="0" errors="0" skipped="0">
    <properties>
      <property name="specId" value="0" />
      <property name="suiteName" value="Create partner US118246" />
      <property name="capabilities" value="chrome.136_0_7103_49.windows" />
      <property name="file" value="file:///D:/a/1/s/test/specs/BTS/create-partner.spec.js" />
    </properties>
    <testcase classname="chrome.136_0_7103_49.windows.Create_partner_US118246" name="Should create a new yard in case create yard failed" time="117.31">
      <system-out><![CDATA[
COMMAND: POST /session/6f873cfbd9220f733b1c899e801fac9f/window/fullscreen - {}
RESULT: {}
COMMAND: POST /session/6f873cfbd9220f733b1c899e801fac9f/execute/async - {"script":"<script> [1562 bytes]","args":[{"selector":{"controlType":"sap.m.GenericTile","properties":{"header":"Manage Yards"}},"wdio_ui5_key":"sapm.GenericTile{\"header\":\"Manage Yards\"}"}]}
RESULT: {"script":"<script> [1562 bytes]","args":[{"selector":{"controlType":"sap.m.GenericTile","properties":{"header":"Manage Yards"}},"wdio_ui5_key":"sapm.GenericTile{\"header\":\"Manage Yards\"}"}]}
RESULT: undefined
COMMAND: POST /session/6f873cfbd9220f733b1c899e801fac9f/element - {"using":"xpath","value":"//*[@id=\"__tile41\"]"}
RESULT: {"using":"xpath","value":"//*[@id=\"__tile41\"]"}
COMMAND: POST /session/6f873cfbd9220f733b1c899e801fac9f/element/f.0D8D1E8C4444AAF4F6CCCAD0803F9B10.d.5E59F2BEC0EA4A62818C25E93CE1AC0C.e.10648/click - {}
RESULT: {}
COMMAND: POST /session/6f873cfbd9220f733b1c899e801fac9f/element - {"using":"xpath","value":"//button[@data-kt=\"addNewYardOverflowToolbarButton\"]"}
COMMAND: GET /session/6f873cfbd9220f733b1c899e801fac9f/screenshot - {}
RESULT: {"using":"xpath","value":"//button[@data-kt=\"addNewYardOverflowToolbarButton\"]"}
COMMAND: POST /session/6f873cfbd9220f733b1c899e801fac9f/elements - {"using":"xpath","value":"//button[@data-kt=\"addNewYardOverflowToolbarButton\"]"}
RESULT: {}
RESULT: {"using":"xpath","value":"//button[@data-kt=\"addNewYardOverflowToolbarButton\"]"}
COMMAND: POST /session/6f873cfbd9220f733b1c899e801fac9f/elements - {"using":"xpath","value":"//button[@data-kt=\"addNewYardOverflowToolbarButton\"]"}
RESULT: {"using":"xpath","value":"//button[@data-kt=\"addNewYardOverflowToolbarButton\"]"}
COMMAND: POST /session/6f873cfbd9220f733b1c899e801fac9f/elements - {"using":"xpath","value":"//button[@data-kt=\"addNewYardOverflowToolbarButton\"]"}
RESULT: {"using":"xpath","value":"//button[@data-kt=\"addNewYardOverflowToolbarButton\"]"}
COMMAND: POST /session/6f873cfbd9220f733b1c899e801fac9f/elements - {"using":"xpath","value":"//button[@data-kt=\"addNewYardOverflowToolbarButton\"]"}
RESULT: {"using":"xpath","value":"//button[@data-kt=\"addNewYardOverflowToolbarButton\"]"}
COMMAND: POST /session/6f873cfbd9220f733b1c899e801fac9f/elements - {"using":"xpath","value":"//button[@data-kt=\"addNewYardOverflowToolbarButton\"]"}
RESULT: {"using":"xpath","value":"//button[@data-kt=\"addNewYardOverflowToolbarButton\"]"}
COMMAND: POST /session/6f873cfbd9220f733b1c899e801fac9f/elements - {"using":"xpath","value":"//button[@data-kt=\"addNewYardOverflowToolbarButton\"]"}
RESULT: {"using":"xpath","value":"//button[@data-kt=\"addNewYardOverflowToolbarButton\"]"}
COMMAND: POST /session/6f873cfbd9220f733b1c899e801fac9f/elements - {"using":"xpath","value":"//button[@data-kt=\"addNewYardOverflowToolbarButton\"]"}
RESULT: {"using":"xpath","value":"//button[@data-kt=\"addNewYardOverflowToolbarButton\"]"}
COMMAND: POST /session/6f873cfbd9220f733b1c899e801fac9f/elements - {"using":"xpath","value":"//button[@data-kt=\"addNewYardOverflowToolbarButton\"]"}
RESULT: {"using":"xpath","value":"//button[@data-kt=\"addNewYardOverflowToolbarButton\"]"}
COMMAND: POST /session/6f873cfbd9220f733b1c899e801fac9f/elements - {"using":"xpath","value":"//button[@data-kt=\"addNewYardOverflowToolbarButton\"]"}
RESULT: {"using":"xpath","value":"//button[@data-kt=\"addNewYardOverflowToolbarButton\"]"}
COMMAND: POST /session/6f873cfbd9220f733b1c899e801fac9f/elements - {"using":"xpath","value":"//button[@data-kt=\"addNewYardOverflowToolbarButton\"]"}
RESULT: {"using":"xpath","value":"//button[@data-kt=\"addNewYardOverflowToolbarButton\"]"}
COMMAND: POST /session/6f873cfbd9220f733b1c899e801fac9f/elements - {"using":"xpath","value":"//button[@data-kt=\"addNewYardOverflowToolbarButton\"]"}
RESULT: {"using":"xpath","value":"//button[@data-kt=\"addNewYardOverflowToolbarButton\"]"}
COMMAND: POST /session/6f873cfbd9220f733b1c899e801fac9f/elements - {"using":"xpath","value":"//button[@data-kt=\"addNewYardOverflowToolbarButton\"]"}
RESULT: {"using":"xpath","value":"//button[@data-kt=\"addNewYardOverflowToolbarButton\"]"}
COMMAND: POST /session/6f873cfbd9220f733b1c899e801fac9f/elements - {"using":"xpath","value":"//button[@data-kt=\"addNewYardOverflowToolbarButton\"]"}
RESULT: {"using":"xpath","value":"//button[@data-kt=\"addNewYardOverflowToolbarButton\"]"}
COMMAND: POST /session/6f873cfbd9220f733b1c899e801fac9f/elements - {"using":"xpath","value":"//button[@data-kt=\"addNewYardOverflowToolbarButton\"]"}
RESULT: {"using":"xpath","value":"//button[@data-kt=\"addNewYardOverflowToolbarButton\"]"}
COMMAND: POST /session/6f873cfbd9220f733b1c899e801fac9f/elements - {"using":"xpath","value":"//button[@data-kt=\"addNewYardOverflowToolbarButton\"]"}
RESULT: {"using":"xpath","value":"//button[@data-kt=\"addNewYardOverflowToolbarButton\"]"}
COMMAND: POST /session/6f873cfbd9220f733b1c899e801fac9f/elements - {"using":"xpath","value":"//button[@data-kt=\"addNewYardOverflowToolbarButton\"]"}
RESULT: {"using":"xpath","value":"//button[@data-kt=\"addNewYardOverflowToolbarButton\"]"}
COMMAND: POST /session/6f873cfbd9220f733b1c899e801fac9f/elements - {"using":"xpath","value":"//button[@data-kt=\"addNewYardOverflowToolbarButton\"]"}
RESULT: {"using":"xpath","value":"//button[@data-kt=\"addNewYardOverflowToolbarButton\"]"}
COMMAND: POST /session/6f873cfbd9220f733b1c899e801fac9f/elements - {"using":"xpath","value":"//button[@data-kt=\"addNewYardOverflowToolbarButton\"]"}
RESULT: {"using":"xpath","value":"//button[@data-kt=\"addNewYardOverflowToolbarButton\"]"}
COMMAND: POST /session/6f873cfbd9220f733b1c899e801fac9f/elements - {"using":"xpath","value":"//button[@data-kt=\"addNewYardOverflowToolbarButton\"]"}
RESULT: {"using":"xpath","value":"//button[@data-kt=\"addNewYardOverflowToolbarButton\"]"}
COMMAND: POST /session/6f873cfbd9220f733b1c899e801fac9f/elements - {"using":"xpath","value":"//button[@data-kt=\"addNewYardOverflowToolbarButton\"]"}
RESULT: {"using":"xpath","value":"//button[@data-kt=\"addNewYardOverflowToolbarButton\"]"}
COMMAND: POST /session/6f873cfbd9220f733b1c899e801fac9f/elements - {"using":"xpath","value":"//button[@data-kt=\"addNewYardOverflowToolbarButton\"]"}
RESULT: {"using":"xpath","value":"//button[@data-kt=\"addNewYardOverflowToolbarButton\"]"}
COMMAND: POST /session/6f873cfbd9220f733b1c899e801fac9f/elements - {"using":"xpath","value":"//button[@data-kt=\"addNewYardOverflowToolbarButton\"]"}
RESULT: {"using":"xpath","value":"//button[@data-kt=\"addNewYardOverflowToolbarButton\"]"}
COMMAND: POST /session/6f873cfbd9220f733b1c899e801fac9f/elements - {"using":"xpath","value":"//button[@data-kt=\"addNewYardOverflowToolbarButton\"]"}
RESULT: {"using":"xpath","value":"//button[@data-kt=\"addNewYardOverflowToolbarButton\"]"}
COMMAND: POST /session/6f873cfbd9220f733b1c899e801fac9f/elements - {"using":"xpath","value":"//button[@data-kt=\"addNewYardOverflowToolbarButton\"]"}
RESULT: {"using":"xpath","value":"//button[@data-kt=\"addNewYardOverflowToolbarButton\"]"}
COMMAND: POST /session/6f873cfbd9220f733b1c899e801fac9f/elements - {"using":"xpath","value":"//button[@data-kt=\"addNewYardOverflowToolbarButton\"]"}
RESULT: {"using":"xpath","value":"//button[@data-kt=\"addNewYardOverflowToolbarButton\"]"}
COMMAND: POST /session/6f873cfbd9220f733b1c899e801fac9f/elements - {"using":"xpath","value":"//button[@data-kt=\"addNewYardOverflowToolbarButton\"]"}
RESULT: {"using":"xpath","value":"//button[@data-kt=\"addNewYardOverflowToolbarButton\"]"}
COMMAND: POST /session/6f873cfbd9220f733b1c899e801fac9f/elements - {"using":"xpath","value":"//button[@data-kt=\"addNewYardOverflowToolbarButton\"]"}
RESULT: {"using":"xpath","value":"//button[@data-kt=\"addNewYardOverflowToolbarButton\"]"}
COMMAND: POST /session/6f873cfbd9220f733b1c899e801fac9f/elements - {"using":"xpath","value":"//button[@data-kt=\"addNewYardOverflowToolbarButton\"]"}
RESULT: {"using":"xpath","value":"//button[@data-kt=\"addNewYardOverflowToolbarButton\"]"}
COMMAND: POST /session/6f873cfbd9220f733b1c899e801fac9f/elements - {"using":"xpath","value":"//button[@data-kt=\"addNewYardOverflowToolbarButton\"]"}
RESULT: {"using":"xpath","value":"//button[@data-kt=\"addNewYardOverflowToolbarButton\"]"}
COMMAND: POST /session/6f873cfbd9220f733b1c899e801fac9f/elements - {"using":"xpath","value":"//button[@data-kt=\"addNewYardOverflowToolbarButton\"]"}
RESULT: {"using":"xpath","value":"//button[@data-kt=\"addNewYardOverflowToolbarButton\"]"}
COMMAND: POST /session/6f873cfbd9220f733b1c899e801fac9f/elements - {"using":"xpath","value":"//button[@data-kt=\"addNewYardOverflowToolbarButton\"]"}
RESULT: {"using":"xpath","value":"//button[@data-kt=\"addNewYardOverflowToolbarButton\"]"}
COMMAND: POST /session/6f873cfbd9220f733b1c899e801fac9f/elements - {"using":"xpath","value":"//button[@data-kt=\"addNewYardOverflowToolbarButton\"]"}
RESULT: {"using":"xpath","value":"//button[@data-kt=\"addNewYardOverflowToolbarButton\"]"}
COMMAND: POST /session/6f873cfbd9220f733b1c899e801fac9f/elements - {"using":"xpath","value":"//button[@data-kt=\"addNewYardOverflowToolbarButton\"]"}
RESULT: {"using":"xpath","value":"//button[@data-kt=\"addNewYardOverflowToolbarButton\"]"}
COMMAND: POST /session/6f873cfbd9220f733b1c899e801fac9f/elements - {"using":"xpath","value":"//button[@data-kt=\"addNewYardOverflowToolbarButton\"]"}
RESULT: {"using":"xpath","value":"//button[@data-kt=\"addNewYardOverflowToolbarButton\"]"}
COMMAND: POST /session/6f873cfbd9220f733b1c899e801fac9f/elements - {"using":"xpath","value":"//button[@data-kt=\"addNewYardOverflowToolbarButton\"]"}
RESULT: {"using":"xpath","value":"//button[@data-kt=\"addNewYardOverflowToolbarButton\"]"}
COMMAND: POST /session/6f873cfbd9220f733b1c899e801fac9f/elements - {"using":"xpath","value":"//button[@data-kt=\"addNewYardOverflowToolbarButton\"]"}
RESULT: {"using":"xpath","value":"//button[@data-kt=\"addNewYardOverflowToolbarButton\"]"}
COMMAND: POST /session/6f873cfbd9220f733b1c899e801fac9f/element - {"using":"xpath","value":"//button[@data-kt=\"addNewYardOverflowToolbarButton\"]"}
RESULT: {"using":"xpath","value":"//button[@data-kt=\"addNewYardOverflowToolbarButton\"]"}
COMMAND: POST /session/6f873cfbd9220f733b1c899e801fac9f/execute/sync - {"script":"<script> [8489 bytes]","args":[{"element-6066-11e4-a52e-4f735466cecf":"f.0D8D1E8C4444AAF4F6CCCAD0803F9B10.d.5E59F2BEC0EA4A62818C25E93CE1AC0C.e.10786","ELEMENT":"f.0D8D1E8C4444AAF4F6CCCAD0803F9B10.d.5E59F2BEC0EA4A62818C25E93CE1AC0C.e.10786"}]}
RESULT: {"script":"<script> [8489 bytes]","args":[{"element-6066-11e4-a52e-4f735466cecf":"f.0D8D1E8C4444AAF4F6CCCAD0803F9B10.d.5E59F2BEC0EA4A62818C25E93CE1AC0C.e.10786","ELEMENT":"f.0D8D1E8C4444AAF4F6CCCAD0803F9B10.d.5E59F2BEC0EA4A62818C25E93CE1AC0C.e.10786"}]}
COMMAND: GET /session/6f873cfbd9220f733b1c899e801fac9f/element/f.0D8D1E8C4444AAF4F6CCCAD0803F9B10.d.5E59F2BEC0EA4A62818C25E93CE1AC0C.e.10786/enabled - {}
COMMAND: GET /session/6f873cfbd9220f733b1c899e801fac9f/screenshot - {}
RESULT: {}
COMMAND: POST /session/6f873cfbd9220f733b1c899e801fac9f/execute/sync - {"script":"<script> [8489 bytes]","args":[{"element-6066-11e4-a52e-4f735466cecf":"f.0D8D1E8C4444AAF4F6CCCAD0803F9B10.d.5E59F2BEC0EA4A62818C25E93CE1AC0C.e.10786","ELEMENT":"f.0D8D1E8C4444AAF4F6CCCAD0803F9B10.d.5E59F2BEC0EA4A62818C25E93CE1AC0C.e.10786"}]}
COMMAND: GET /session/6f873cfbd9220f733b1c899e801fac9f/screenshot - {}
RESULT: {}
RESULT: {"script":"<script> [8489 bytes]","args":[{"element-6066-11e4-a52e-4f735466cecf":"f.0D8D1E8C4444AAF4F6CCCAD0803F9B10.d.5E59F2BEC0EA4A62818C25E93CE1AC0C.e.10786","ELEMENT":"f.0D8D1E8C4444AAF4F6CCCAD0803F9B10.d.5E59F2BEC0EA4A62818C25E93CE1AC0C.e.10786"}]}
COMMAND: POST /session/6f873cfbd9220f733b1c899e801fac9f/execute/sync - {"script":"<script> [5351 bytes]","args":[{"element-6066-11e4-a52e-4f735466cecf":"f.0D8D1E8C4444AAF4F6CCCAD0803F9B10.d.5E59F2BEC0EA4A62818C25E93CE1AC0C.e.10786","ELEMENT":"f.0D8D1E8C4444AAF4F6CCCAD0803F9B10.d.5E59F2BEC0EA4A62818C25E93CE1AC0C.e.10786"}]}
COMMAND: GET /session/6f873cfbd9220f733b1c899e801fac9f/screenshot - {}
RESULT: {}
RESULT: {"script":"<script> [5351 bytes]","args":[{"element-6066-11e4-a52e-4f735466cecf":"f.0D8D1E8C4444AAF4F6CCCAD0803F9B10.d.5E59F2BEC0EA4A62818C25E93CE1AC0C.e.10786","ELEMENT":"f.0D8D1E8C4444AAF4F6CCCAD0803F9B10.d.5E59F2BEC0EA4A62818C25E93CE1AC0C.e.10786"}]}
COMMAND: POST /session/6f873cfbd9220f733b1c899e801fac9f/element/f.0D8D1E8C4444AAF4F6CCCAD0803F9B10.d.5E59F2BEC0EA4A62818C25E93CE1AC0C.e.10786/click - {}
COMMAND: GET /session/6f873cfbd9220f733b1c899e801fac9f/screenshot - {}
RESULT: {}
RESULT: {}
COMMAND: GET /session/6f873cfbd9220f733b1c899e801fac9f/screenshot - {}
RESULT: {}
RESULT: {}
COMMAND: POST /session/6f873cfbd9220f733b1c899e801fac9f/element - {"using":"xpath","value":"//input[@id=\"application-manageyards-display-component---NewYard--yardId-inner\"]"}
RESULT: {"using":"xpath","value":"//input[@id=\"application-manageyards-display-component---NewYard--yardId-inner\"]"}
COMMAND: POST /session/6f873cfbd9220f733b1c899e801fac9f/element - {"using":"xpath","value":"//input[@id=\"application-manageyards-display-component---NewYard--yardId-inner\"]"}
RESULT: {"using":"xpath","value":"//input[@id=\"application-manageyards-display-component---NewYard--yardId-inner\"]"}
COMMAND: POST /session/6f873cfbd9220f733b1c899e801fac9f/execute/async - {"script":"<script> [1562 bytes]","args":[{"selector":{"id":"application-manageyards-display-component---NewYard--addressDetailDetailsName1","interaction":{"idSuffix":"inner"}},"wdio_ui5_key":"applicationmanageyards-display-component---NewYard--addressDetailDetailsName1"}]}
RESULT: {"script":"<script> [1562 bytes]","args":[{"selector":{"id":"application-manageyards-display-component---NewYard--addressDetailDetailsName1","interaction":{"idSuffix":"inner"}},"wdio_ui5_key":"applicationmanageyards-display-component---NewYard--addressDetailDetailsName1"}]}
RESULT: undefined
COMMAND: POST /session/6f873cfbd9220f733b1c899e801fac9f/execute/async - {"script":"<script> [776 bytes]","args":[{"enterText":"Intracompany Yard wdIO","selector":{"id":"application-manageyards-display-component---NewYard--addressDetailDetailsName1","interaction":{"idSuffix":"inner"}},"clearTextFirst":true,"interactionType":"ENTER_TEXT"}]}
RESULT: {"script":"<script> [776 bytes]","args":[{"enterText":"Intracompany Yard wdIO","selector":{"id":"application-manageyards-display-component---NewYard--addressDetailDetailsName1","interaction":{"idSuffix":"inner"}},"clearTextFirst":true,"interactionType":"ENTER_TEXT"}]}
COMMAND: POST /session/6f873cfbd9220f733b1c899e801fac9f/execute/async - {"script":"<script> [1562 bytes]","args":[{"selector":{"id":"application-manageyards-display-component---NewYard--addressDetailDetailsLanguage-arrow"},"wdio_ui5_key":"applicationmanageyards-display-component---NewYard--addressDetailDetailsLanguage-arrow"}]}
RESULT: {"script":"<script> [1562 bytes]","args":[{"selector":{"id":"application-manageyards-display-component---NewYard--addressDetailDetailsLanguage-arrow"},"wdio_ui5_key":"applicationmanageyards-display-component---NewYard--addressDetailDetailsLanguage-arrow"}]}
RESULT: undefined
COMMAND: POST /session/6f873cfbd9220f733b1c899e801fac9f/element - {"using":"xpath","value":"//*[@id=\"application-manageyards-display-component---NewYard--addressDetailDetailsLanguage-arrow\"]"}
RESULT: {"using":"xpath","value":"//*[@id=\"application-manageyards-display-component---NewYard--addressDetailDetailsLanguage-arrow\"]"}
COMMAND: POST /session/6f873cfbd9220f733b1c899e801fac9f/element/f.0D8D1E8C4444AAF4F6CCCAD0803F9B10.d.5E59F2BEC0EA4A62818C25E93CE1AC0C.e.11216/click - {}
RESULT: {}
COMMAND: POST /session/6f873cfbd9220f733b1c899e801fac9f/element - {"using":"xpath","value":"//span[contains(text(), \"English\")]"}
COMMAND: GET /session/6f873cfbd9220f733b1c899e801fac9f/screenshot - {}
RESULT: {"using":"xpath","value":"//span[contains(text(), \"English\")]"}
COMMAND: POST /session/6f873cfbd9220f733b1c899e801fac9f/element/f.0D8D1E8C4444AAF4F6CCCAD0803F9B10.d.5E59F2BEC0EA4A62818C25E93CE1AC0C.e.11217/click - {}
RESULT: {}
RESULT: {}
COMMAND: POST /session/6f873cfbd9220f733b1c899e801fac9f/execute/async - {"script":"<script> [1562 bytes]","args":[{"selector":{"id":"application-manageyards-display-component---NewYard--addressDetailDetailsCity1","interaction":{"idSuffix":"inner"}},"wdio_ui5_key":"applicationmanageyards-display-component---NewYard--addressDetailDetailsCity1"}]}
COMMAND: GET /session/6f873cfbd9220f733b1c899e801fac9f/screenshot - {}
RESULT: {"script":"<script> [1562 bytes]","args":[{"selector":{"id":"application-manageyards-display-component---NewYard--addressDetailDetailsCity1","interaction":{"idSuffix":"inner"}},"wdio_ui5_key":"applicationmanageyards-display-component---NewYard--addressDetailDetailsCity1"}]}
RESULT: undefined
COMMAND: POST /session/6f873cfbd9220f733b1c899e801fac9f/execute/async - {"script":"<script> [776 bytes]","args":[{"enterText":"Rosario","selector":{"id":"application-manageyards-display-component---NewYard--addressDetailDetailsCity1","interaction":{"idSuffix":"inner"}},"clearTextFirst":true,"interactionType":"ENTER_TEXT"}]}
RESULT: {}
RESULT: {"script":"<script> [776 bytes]","args":[{"enterText":"Rosario","selector":{"id":"application-manageyards-display-component---NewYard--addressDetailDetailsCity1","interaction":{"idSuffix":"inner"}},"clearTextFirst":true,"interactionType":"ENTER_TEXT"}]}
COMMAND: POST /session/6f873cfbd9220f733b1c899e801fac9f/execute/async - {"script":"<script> [1562 bytes]","args":[{"selector":{"id":"application-manageyards-display-component---NewYard--addressDetailDetailsCountry-arrow"},"wdio_ui5_key":"applicationmanageyards-display-component---NewYard--addressDetailDetailsCountry-arrow"}]}
RESULT: {"script":"<script> [1562 bytes]","args":[{"selector":{"id":"application-manageyards-display-component---NewYard--addressDetailDetailsCountry-arrow"},"wdio_ui5_key":"applicationmanageyards-display-component---NewYard--addressDetailDetailsCountry-arrow"}]}
RESULT: undefined
COMMAND: POST /session/6f873cfbd9220f733b1c899e801fac9f/element - {"using":"xpath","value":"//*[@id=\"application-manageyards-display-component---NewYard--addressDetailDetailsCountry-arrow\"]"}
RESULT: {"using":"xpath","value":"//*[@id=\"application-manageyards-display-component---NewYard--addressDetailDetailsCountry-arrow\"]"}
COMMAND: POST /session/6f873cfbd9220f733b1c899e801fac9f/element/f.0D8D1E8C4444AAF4F6CCCAD0803F9B10.d.5E59F2BEC0EA4A62818C25E93CE1AC0C.e.11219/click - {}
RESULT: {}
COMMAND: POST /session/6f873cfbd9220f733b1c899e801fac9f/element - {"using":"xpath","value":"//span[contains(text(), \"Argentina\")]"}
COMMAND: GET /session/6f873cfbd9220f733b1c899e801fac9f/screenshot - {}
RESULT: {"using":"xpath","value":"//span[contains(text(), \"Argentina\")]"}
COMMAND: POST /session/6f873cfbd9220f733b1c899e801fac9f/element/f.0D8D1E8C4444AAF4F6CCCAD0803F9B10.d.5E59F2BEC0EA4A62818C25E93CE1AC0C.e.11220/click - {}
RESULT: {}
RESULT: {}
COMMAND: POST /session/6f873cfbd9220f733b1c899e801fac9f/execute/async - {"script":"<script> [1562 bytes]","args":[{"selector":{"id":"application-manageyards-display-component---NewYard--addressEditDetailsCostObjectCstType-arrow"},"wdio_ui5_key":"applicationmanageyards-display-component---NewYard--addressEditDetailsCostObjectCstType-arrow"}]}
COMMAND: GET /session/6f873cfbd9220f733b1c899e801fac9f/screenshot - {}
RESULT: {"script":"<script> [1562 bytes]","args":[{"selector":{"id":"application-manageyards-display-component---NewYard--addressEditDetailsCostObjectCstType-arrow"},"wdio_ui5_key":"applicationmanageyards-display-component---NewYard--addressEditDetailsCostObjectCstType-arrow"}]}
RESULT: undefined
COMMAND: POST /session/6f873cfbd9220f733b1c899e801fac9f/element - {"using":"xpath","value":"//*[@id=\"application-manageyards-display-component---NewYard--addressEditDetailsCostObjectCstType-arrow\"]"}
RESULT: {}
RESULT: {"using":"xpath","value":"//*[@id=\"application-manageyards-display-component---NewYard--addressEditDetailsCostObjectCstType-arrow\"]"}
COMMAND: POST /session/6f873cfbd9220f733b1c899e801fac9f/element/f.0D8D1E8C4444AAF4F6CCCAD0803F9B10.d.5E59F2BEC0EA4A62818C25E93CE1AC0C.e.11221/click - {}
RESULT: {}
COMMAND: POST /session/6f873cfbd9220f733b1c899e801fac9f/element - {"using":"xpath","value":"//span[contains(text(), \"Cost Center\")]"}
COMMAND: GET /session/6f873cfbd9220f733b1c899e801fac9f/screenshot - {}
RESULT: {"using":"xpath","value":"//span[contains(text(), \"Cost Center\")]"}
COMMAND: POST /session/6f873cfbd9220f733b1c899e801fac9f/element/f.0D8D1E8C4444AAF4F6CCCAD0803F9B10.d.5E59F2BEC0EA4A62818C25E93CE1AC0C.e.11222/click - {}
RESULT: {}
RESULT: {}
COMMAND: GET /session/6f873cfbd9220f733b1c899e801fac9f/screenshot - {}
RESULT: {}
COMMAND: POST /session/6f873cfbd9220f733b1c899e801fac9f/element - {"using":"xpath","value":"//span[@id=\"application-manageyards-display-component---NewYard--addressNewCostObjectCstID-vhi\"]"}
RESULT: {"using":"xpath","value":"//span[@id=\"application-manageyards-display-component---NewYard--addressNewCostObjectCstID-vhi\"]"}
COMMAND: POST /session/6f873cfbd9220f733b1c899e801fac9f/execute/sync - {"script":"<script> [8489 bytes]","args":[{"element-6066-11e4-a52e-4f735466cecf":"f.0D8D1E8C4444AAF4F6CCCAD0803F9B10.d.5E59F2BEC0EA4A62818C25E93CE1AC0C.e.11226","ELEMENT":"f.0D8D1E8C4444AAF4F6CCCAD0803F9B10.d.5E59F2BEC0EA4A62818C25E93CE1AC0C.e.11226"}]}
RESULT: {"script":"<script> [8489 bytes]","args":[{"element-6066-11e4-a52e-4f735466cecf":"f.0D8D1E8C4444AAF4F6CCCAD0803F9B10.d.5E59F2BEC0EA4A62818C25E93CE1AC0C.e.11226","ELEMENT":"f.0D8D1E8C4444AAF4F6CCCAD0803F9B10.d.5E59F2BEC0EA4A62818C25E93CE1AC0C.e.11226"}]}
COMMAND: POST /session/6f873cfbd9220f733b1c899e801fac9f/execute/async - {"script":"<script> [1562 bytes]","args":[{"selector":{"id":"application-manageyards-display-component---NewYard--addressNewCostObjectCstID-vhi"},"wdio_ui5_key":"applicationmanageyards-display-component---NewYard--addressNewCostObjectCstID-vhi"}]}
COMMAND: GET /session/6f873cfbd9220f733b1c899e801fac9f/screenshot - {}
RESULT: {"script":"<script> [1562 bytes]","args":[{"selector":{"id":"application-manageyards-display-component---NewYard--addressNewCostObjectCstID-vhi"},"wdio_ui5_key":"applicationmanageyards-display-component---NewYard--addressNewCostObjectCstID-vhi"}]}
RESULT: undefined
COMMAND: POST /session/6f873cfbd9220f733b1c899e801fac9f/element - {"using":"xpath","value":"//*[@id=\"application-manageyards-display-component---NewYard--addressNewCostObjectCstID-vhi\"]"}
RESULT: {}
RESULT: {"using":"xpath","value":"//*[@id=\"application-manageyards-display-component---NewYard--addressNewCostObjectCstID-vhi\"]"}
COMMAND: POST /session/6f873cfbd9220f733b1c899e801fac9f/element/f.0D8D1E8C4444AAF4F6CCCAD0803F9B10.d.5E59F2BEC0EA4A62818C25E93CE1AC0C.e.11226/click - {}
RESULT: {}
COMMAND: GET /session/6f873cfbd9220f733b1c899e801fac9f/screenshot - {}
RESULT: {}
COMMAND: POST /session/6f873cfbd9220f733b1c899e801fac9f/execute/async - {"script":"<script> [1562 bytes]","args":[{"selector":{"controlType":"sap.m.SearchField","properties":{"placeholder":"Search"},"searchOpenDialogs":true,"interaction":{"idSuffix":"I"}},"wdio_ui5_key":"sapm.SearchField{\"placeholder\":\"Search\"}"}]}
RESULT: {"script":"<script> [1562 bytes]","args":[{"selector":{"controlType":"sap.m.SearchField","properties":{"placeholder":"Search"},"searchOpenDialogs":true,"interaction":{"idSuffix":"I"}},"wdio_ui5_key":"sapm.SearchField{\"placeholder\":\"Search\"}"}]}
RESULT: undefined
COMMAND: POST /session/6f873cfbd9220f733b1c899e801fac9f/execute/async - {"script":"<script> [776 bytes]","args":[{"enterText":"10001013","selector":{"controlType":"sap.m.SearchField","properties":{"placeholder":"Search"},"searchOpenDialogs":true,"interaction":{"idSuffix":"I"}},"clearTextFirst":true,"interactionType":"ENTER_TEXT"}]}
RESULT: {"script":"<script> [776 bytes]","args":[{"enterText":"10001013","selector":{"controlType":"sap.m.SearchField","properties":{"placeholder":"Search"},"searchOpenDialogs":true,"interaction":{"idSuffix":"I"}},"clearTextFirst":true,"interactionType":"ENTER_TEXT"}]}
COMMAND: POST /session/6f873cfbd9220f733b1c899e801fac9f/actions - {"actions":[{"id":"action34","type":"key","parameters":{},"actions":[{"type":"keyDown","value":"î€‡"},{"type":"pause","duration":10},{"type":"keyUp","value":"î€‡"}]}]}
RESULT: {"actions":[{"id":"action34","type":"key","parameters":{},"actions":[{"type":"keyDown","value":"î€‡"},{"type":"pause","duration":10},{"type":"keyUp","value":"î€‡"}]}]}
COMMAND: GET /session/6f873cfbd9220f733b1c899e801fac9f/screenshot - {}
RESULT: {}
COMMAND: POST /session/6f873cfbd9220f733b1c899e801fac9f/element - {"using":"xpath","value":"//span[contains(text(), \"General Management\")]"}
RESULT: {"using":"xpath","value":"//span[contains(text(), \"General Management\")]"}
COMMAND: POST /session/6f873cfbd9220f733b1c899e801fac9f/element/f.0D8D1E8C4444AAF4F6CCCAD0803F9B10.d.5E59F2BEC0EA4A62818C25E93CE1AC0C.e.11266/click - {}
RESULT: {}
COMMAND: GET /session/6f873cfbd9220f733b1c899e801fac9f/screenshot - {}
RESULT: {}
COMMAND: POST /session/6f873cfbd9220f733b1c899e801fac9f/element - {"using":"xpath","value":"//bdi[contains(text(), \"OK\")]"}
RESULT: {"using":"xpath","value":"//bdi[contains(text(), \"OK\")]"}
COMMAND: POST /session/6f873cfbd9220f733b1c899e801fac9f/element/f.0D8D1E8C4444AAF4F6CCCAD0803F9B10.d.5E59F2BEC0EA4A62818C25E93CE1AC0C.e.11267/click - {}
RESULT: {}
COMMAND: GET /session/6f873cfbd9220f733b1c899e801fac9f/screenshot - {}
RESULT: {}
COMMAND: POST /session/6f873cfbd9220f733b1c899e801fac9f/execute/async - {"script":"<script> [1562 bytes]","args":[{"selector":{"id":"application-manageyards-display-component---NewYard--addressEditDetailsCurrency-arrow"},"wdio_ui5_key":"applicationmanageyards-display-component---NewYard--addressEditDetailsCurrency-arrow"}]}
RESULT: {"script":"<script> [1562 bytes]","args":[{"selector":{"id":"application-manageyards-display-component---NewYard--addressEditDetailsCurrency-arrow"},"wdio_ui5_key":"applicationmanageyards-display-component---NewYard--addressEditDetailsCurrency-arrow"}]}
RESULT: undefined
COMMAND: POST /session/6f873cfbd9220f733b1c899e801fac9f/element - {"using":"xpath","value":"//*[@id=\"application-manageyards-display-component---NewYard--addressEditDetailsCurrency-arrow\"]"}
RESULT: {"using":"xpath","value":"//*[@id=\"application-manageyards-display-component---NewYard--addressEditDetailsCurrency-arrow\"]"}
COMMAND: POST /session/6f873cfbd9220f733b1c899e801fac9f/element/f.0D8D1E8C4444AAF4F6CCCAD0803F9B10.d.5E59F2BEC0EA4A62818C25E93CE1AC0C.e.11270/click - {}
RESULT: {}
COMMAND: POST /session/6f873cfbd9220f733b1c899e801fac9f/element - {"using":"xpath","value":"//span[contains(text(), \"Euro\")]"}
COMMAND: GET /session/6f873cfbd9220f733b1c899e801fac9f/screenshot - {}
RESULT: {"using":"xpath","value":"//span[contains(text(), \"Euro\")]"}
COMMAND: POST /session/6f873cfbd9220f733b1c899e801fac9f/element/f.0D8D1E8C4444AAF4F6CCCAD0803F9B10.d.5E59F2BEC0EA4A62818C25E93CE1AC0C.e.11271/click - {}
RESULT: {}
RESULT: {}
COMMAND: POST /session/6f873cfbd9220f733b1c899e801fac9f/execute/async - {"script":"<script> [1562 bytes]","args":[{"selector":{"controlType":"sap.m.Input","viewName":"etm.portal.ui.manageyards.view.New","viewId":"application-manageyards-display-component---NewYard","bindingPath":{"path":"","propertyPath":"/CONTROLLING_AREA","modelName":"NewYardModel"},"interaction":{"idSuffix":"inner"}},"wdio_ui5_key":"etmportal.ui.manageyards.view.Newsap.m.Input{\"path\":\"\",\"propertyPath\":\"/CONTROLLING_AREA\",\"modelName\":\"NewYardModel\"}"}]}
COMMAND: GET /session/6f873cfbd9220f733b1c899e801fac9f/screenshot - {}
RESULT: {"script":"<script> [1562 bytes]","args":[{"selector":{"controlType":"sap.m.Input","viewName":"etm.portal.ui.manageyards.view.New","viewId":"application-manageyards-display-component---NewYard","bindingPath":{"path":"","propertyPath":"/CONTROLLING_AREA","modelName":"NewYardModel"},"interaction":{"idSuffix":"inner"}},"wdio_ui5_key":"etmportal.ui.manageyards.view.Newsap.m.Input{\"path\":\"\",\"propertyPath\":\"/CONTROLLING_AREA\",\"modelName\":\"NewYardModel\"}"}]}
RESULT: undefined
COMMAND: POST /session/6f873cfbd9220f733b1c899e801fac9f/execute/async - {"script":"<script> [776 bytes]","args":[{"enterText":"Z001","selector":{"controlType":"sap.m.Input","viewName":"etm.portal.ui.manageyards.view.New","viewId":"application-manageyards-display-component---NewYard","bindingPath":{"path":"","propertyPath":"/CONTROLLING_AREA","modelName":"NewYardModel"},"interaction":{"idSuffix":"inner"}},"clearTextFirst":true,"interactionType":"ENTER_TEXT"}]}
RESULT: {}
RESULT: {"script":"<script> [776 bytes]","args":[{"enterText":"Z001","selector":{"controlType":"sap.m.Input","viewName":"etm.portal.ui.manageyards.view.New","viewId":"application-manageyards-display-component---NewYard","bindingPath":{"path":"","propertyPath":"/CONTROLLING_AREA","modelName":"NewYardModel"},"interaction":{"idSuffix":"inner"}},"clearTextFirst":true,"interactionType":"ENTER_TEXT"}]}
COMMAND: POST /session/6f873cfbd9220f733b1c899e801fac9f/execute/async - {"script":"<script> [1562 bytes]","args":[{"selector":{"id":"application-manageyards-display-component---NewYard--companyCodeComboBox","interaction":{"idSuffix":"inner"}},"wdio_ui5_key":"applicationmanageyards-display-component---NewYard--companyCodeComboBox"}]}
RESULT: {"script":"<script> [1562 bytes]","args":[{"selector":{"id":"application-manageyards-display-component---NewYard--companyCodeComboBox","interaction":{"idSuffix":"inner"}},"wdio_ui5_key":"applicationmanageyards-display-component---NewYard--companyCodeComboBox"}]}
RESULT: undefined
COMMAND: POST /session/6f873cfbd9220f733b1c899e801fac9f/execute/async - {"script":"<script> [776 bytes]","args":[{"enterText":"1000","selector":{"id":"application-manageyards-display-component---NewYard--companyCodeComboBox","interaction":{"idSuffix":"inner"}},"clearTextFirst":true,"interactionType":"ENTER_TEXT"}]}
RESULT: {"script":"<script> [776 bytes]","args":[{"enterText":"1000","selector":{"id":"application-manageyards-display-component---NewYard--companyCodeComboBox","interaction":{"idSuffix":"inner"}},"clearTextFirst":true,"interactionType":"ENTER_TEXT"}]}
COMMAND: POST /session/6f873cfbd9220f733b1c899e801fac9f/execute/async - {"script":"<script> [1562 bytes]","args":[{"selector":{"controlType":"sap.m.Input","viewName":"etm.portal.ui.manageyards.view.New","viewId":"application-manageyards-display-component---NewYard","bindingPath":{"path":"","propertyPath":"/PLANT","modelName":"NewYardModel"},"interaction":{"idSuffix":"inner"}},"wdio_ui5_key":"etmportal.ui.manageyards.view.Newsap.m.Input{\"path\":\"\",\"propertyPath\":\"/PLANT\",\"modelName\":\"NewYardModel\"}"}]}
RESULT: {"script":"<script> [1562 bytes]","args":[{"selector":{"controlType":"sap.m.Input","viewName":"etm.portal.ui.manageyards.view.New","viewId":"application-manageyards-display-component---NewYard","bindingPath":{"path":"","propertyPath":"/PLANT","modelName":"NewYardModel"},"interaction":{"idSuffix":"inner"}},"wdio_ui5_key":"etmportal.ui.manageyards.view.Newsap.m.Input{\"path\":\"\",\"propertyPath\":\"/PLANT\",\"modelName\":\"NewYardModel\"}"}]}
RESULT: undefined
COMMAND: POST /session/6f873cfbd9220f733b1c899e801fac9f/execute/async - {"script":"<script> [776 bytes]","args":[{"enterText":"1001","selector":{"controlType":"sap.m.Input","viewName":"etm.portal.ui.manageyards.view.New","viewId":"application-manageyards-display-component---NewYard","bindingPath":{"path":"","propertyPath":"/PLANT","modelName":"NewYardModel"},"interaction":{"idSuffix":"inner"}},"clearTextFirst":true,"interactionType":"ENTER_TEXT"}]}
RESULT: {"script":"<script> [776 bytes]","args":[{"enterText":"1001","selector":{"controlType":"sap.m.Input","viewName":"etm.portal.ui.manageyards.view.New","viewId":"application-manageyards-display-component---NewYard","bindingPath":{"path":"","propertyPath":"/PLANT","modelName":"NewYardModel"},"interaction":{"idSuffix":"inner"}},"clearTextFirst":true,"interactionType":"ENTER_TEXT"}]}
COMMAND: POST /session/6f873cfbd9220f733b1c899e801fac9f/execute/async - {"script":"<script> [1562 bytes]","args":[{"selector":{"controlType":"sap.m.Input","viewName":"etm.portal.ui.manageyards.view.New","viewId":"application-manageyards-display-component---NewYard","bindingPath":{"path":"","propertyPath":"/SALES_AREA_VKORG","modelName":"NewYardModel"},"interaction":{"idSuffix":"inner"}},"wdio_ui5_key":"etmportal.ui.manageyards.view.Newsap.m.Input{\"path\":\"\",\"propertyPath\":\"/SALES_AREA_VKORG\",\"modelName\":\"NewYardModel\"}"}]}
RESULT: {"script":"<script> [1562 bytes]","args":[{"selector":{"controlType":"sap.m.Input","viewName":"etm.portal.ui.manageyards.view.New","viewId":"application-manageyards-display-component---NewYard","bindingPath":{"path":"","propertyPath":"/SALES_AREA_VKORG","modelName":"NewYardModel"},"interaction":{"idSuffix":"inner"}},"wdio_ui5_key":"etmportal.ui.manageyards.view.Newsap.m.Input{\"path\":\"\",\"propertyPath\":\"/SALES_AREA_VKORG\",\"modelName\":\"NewYardModel\"}"}]}
RESULT: undefined
COMMAND: POST /session/6f873cfbd9220f733b1c899e801fac9f/execute/async - {"script":"<script> [776 bytes]","args":[{"enterText":"C002","selector":{"controlType":"sap.m.Input","viewName":"etm.portal.ui.manageyards.view.New","viewId":"application-manageyards-display-component---NewYard","bindingPath":{"path":"","propertyPath":"/SALES_AREA_VKORG","modelName":"NewYardModel"},"interaction":{"idSuffix":"inner"}},"clearTextFirst":true,"interactionType":"ENTER_TEXT"}]}
RESULT: {"script":"<script> [776 bytes]","args":[{"enterText":"C002","selector":{"controlType":"sap.m.Input","viewName":"etm.portal.ui.manageyards.view.New","viewId":"application-manageyards-display-component---NewYard","bindingPath":{"path":"","propertyPath":"/SALES_AREA_VKORG","modelName":"NewYardModel"},"interaction":{"idSuffix":"inner"}},"clearTextFirst":true,"interactionType":"ENTER_TEXT"}]}
COMMAND: POST /session/6f873cfbd9220f733b1c899e801fac9f/execute/async - {"script":"<script> [1562 bytes]","args":[{"selector":{"controlType":"sap.m.Input","viewName":"etm.portal.ui.manageyards.view.New","viewId":"application-manageyards-display-component---NewYard","bindingPath":{"path":"","propertyPath":"/SALES_AREA_VTWEG","modelName":"NewYardModel"},"interaction":{"idSuffix":"inner"}},"wdio_ui5_key":"etmportal.ui.manageyards.view.Newsap.m.Input{\"path\":\"\",\"propertyPath\":\"/SALES_AREA_VTWEG\",\"modelName\":\"NewYardModel\"}"}]}
RESULT: {"script":"<script> [1562 bytes]","args":[{"selector":{"controlType":"sap.m.Input","viewName":"etm.portal.ui.manageyards.view.New","viewId":"application-manageyards-display-component---NewYard","bindingPath":{"path":"","propertyPath":"/SALES_AREA_VTWEG","modelName":"NewYardModel"},"interaction":{"idSuffix":"inner"}},"wdio_ui5_key":"etmportal.ui.manageyards.view.Newsap.m.Input{\"path\":\"\",\"propertyPath\":\"/SALES_AREA_VTWEG\",\"modelName\":\"NewYardModel\"}"}]}
RESULT: undefined
COMMAND: POST /session/6f873cfbd9220f733b1c899e801fac9f/execute/async - {"script":"<script> [776 bytes]","args":[{"enterText":"C2","selector":{"controlType":"sap.m.Input","viewName":"etm.portal.ui.manageyards.view.New","viewId":"application-manageyards-display-component---NewYard","bindingPath":{"path":"","propertyPath":"/SALES_AREA_VTWEG","modelName":"NewYardModel"},"interaction":{"idSuffix":"inner"}},"clearTextFirst":true,"interactionType":"ENTER_TEXT"}]}
RESULT: {"script":"<script> [776 bytes]","args":[{"enterText":"C2","selector":{"controlType":"sap.m.Input","viewName":"etm.portal.ui.manageyards.view.New","viewId":"application-manageyards-display-component---NewYard","bindingPath":{"path":"","propertyPath":"/SALES_AREA_VTWEG","modelName":"NewYardModel"},"interaction":{"idSuffix":"inner"}},"clearTextFirst":true,"interactionType":"ENTER_TEXT"}]}
COMMAND: POST /session/6f873cfbd9220f733b1c899e801fac9f/execute/async - {"script":"<script> [1562 bytes]","args":[{"selector":{"controlType":"sap.m.Input","viewName":"etm.portal.ui.manageyards.view.New","viewId":"application-manageyards-display-component---NewYard","bindingPath":{"path":"","propertyPath":"/SALES_AREA_SPART","modelName":"NewYardModel"},"interaction":{"idSuffix":"inner"}},"wdio_ui5_key":"etmportal.ui.manageyards.view.Newsap.m.Input{\"path\":\"\",\"propertyPath\":\"/SALES_AREA_SPART\",\"modelName\":\"NewYardModel\"}"}]}
RESULT: {"script":"<script> [1562 bytes]","args":[{"selector":{"controlType":"sap.m.Input","viewName":"etm.portal.ui.manageyards.view.New","viewId":"application-manageyards-display-component---NewYard","bindingPath":{"path":"","propertyPath":"/SALES_AREA_SPART","modelName":"NewYardModel"},"interaction":{"idSuffix":"inner"}},"wdio_ui5_key":"etmportal.ui.manageyards.view.Newsap.m.Input{\"path\":\"\",\"propertyPath\":\"/SALES_AREA_SPART\",\"modelName\":\"NewYardModel\"}"}]}
RESULT: undefined
COMMAND: POST /session/6f873cfbd9220f733b1c899e801fac9f/execute/async - {"script":"<script> [776 bytes]","args":[{"enterText":"C2","selector":{"controlType":"sap.m.Input","viewName":"etm.portal.ui.manageyards.view.New","viewId":"application-manageyards-display-component---NewYard","bindingPath":{"path":"","propertyPath":"/SALES_AREA_SPART","modelName":"NewYardModel"},"interaction":{"idSuffix":"inner"}},"clearTextFirst":true,"interactionType":"ENTER_TEXT"}]}
RESULT: {"script":"<script> [776 bytes]","args":[{"enterText":"C2","selector":{"controlType":"sap.m.Input","viewName":"etm.portal.ui.manageyards.view.New","viewId":"application-manageyards-display-component---NewYard","bindingPath":{"path":"","propertyPath":"/SALES_AREA_SPART","modelName":"NewYardModel"},"interaction":{"idSuffix":"inner"}},"clearTextFirst":true,"interactionType":"ENTER_TEXT"}]}
COMMAND: POST /session/6f873cfbd9220f733b1c899e801fac9f/execute/async - {"script":"<script> [1562 bytes]","args":[{"selector":{"controlType":"sap.m.Input","viewName":"etm.portal.ui.manageyards.view.New","viewId":"application-manageyards-display-component---NewYard","bindingPath":{"path":"","propertyPath":"/SHIP_POINT","modelName":"NewYardModel"},"interaction":{"idSuffix":"inner"}},"wdio_ui5_key":"etmportal.ui.manageyards.view.Newsap.m.Input{\"path\":\"\",\"propertyPath\":\"/SHIP_POINT\",\"modelName\":\"NewYardModel\"}"}]}
RESULT: {"script":"<script> [1562 bytes]","args":[{"selector":{"controlType":"sap.m.Input","viewName":"etm.portal.ui.manageyards.view.New","viewId":"application-manageyards-display-component---NewYard","bindingPath":{"path":"","propertyPath":"/SHIP_POINT","modelName":"NewYardModel"},"interaction":{"idSuffix":"inner"}},"wdio_ui5_key":"etmportal.ui.manageyards.view.Newsap.m.Input{\"path\":\"\",\"propertyPath\":\"/SHIP_POINT\",\"modelName\":\"NewYardModel\"}"}]}
RESULT: undefined
COMMAND: POST /session/6f873cfbd9220f733b1c899e801fac9f/execute/async - {"script":"<script> [776 bytes]","args":[{"enterText":"1710","selector":{"controlType":"sap.m.Input","viewName":"etm.portal.ui.manageyards.view.New","viewId":"application-manageyards-display-component---NewYard","bindingPath":{"path":"","propertyPath":"/SHIP_POINT","modelName":"NewYardModel"},"interaction":{"idSuffix":"inner"}},"clearTextFirst":true,"interactionType":"ENTER_TEXT"}]}
RESULT: {"script":"<script> [776 bytes]","args":[{"enterText":"1710","selector":{"controlType":"sap.m.Input","viewName":"etm.portal.ui.manageyards.view.New","viewId":"application-manageyards-display-component---NewYard","bindingPath":{"path":"","propertyPath":"/SHIP_POINT","modelName":"NewYardModel"},"interaction":{"idSuffix":"inner"}},"clearTextFirst":true,"interactionType":"ENTER_TEXT"}]}
COMMAND: POST /session/6f873cfbd9220f733b1c899e801fac9f/execute/async - {"script":"<script> [1562 bytes]","args":[{"selector":{"controlType":"sap.m.Input","viewName":"etm.portal.ui.manageyards.view.New","viewId":"application-manageyards-display-component---NewYard","bindingPath":{"path":"","propertyPath":"/DELIVERY_TYPE","modelName":"NewYardModel"},"interaction":{"idSuffix":"inner"}},"wdio_ui5_key":"etmportal.ui.manageyards.view.Newsap.m.Input{\"path\":\"\",\"propertyPath\":\"/DELIVERY_TYPE\",\"modelName\":\"NewYardModel\"}"}]}
RESULT: {"script":"<script> [1562 bytes]","args":[{"selector":{"controlType":"sap.m.Input","viewName":"etm.portal.ui.manageyards.view.New","viewId":"application-manageyards-display-component---NewYard","bindingPath":{"path":"","propertyPath":"/DELIVERY_TYPE","modelName":"NewYardModel"},"interaction":{"idSuffix":"inner"}},"wdio_ui5_key":"etmportal.ui.manageyards.view.Newsap.m.Input{\"path\":\"\",\"propertyPath\":\"/DELIVERY_TYPE\",\"modelName\":\"NewYardModel\"}"}]}
RESULT: undefined
COMMAND: POST /session/6f873cfbd9220f733b1c899e801fac9f/execute/async - {"script":"<script> [776 bytes]","args":[{"enterText":"ZL01","selector":{"controlType":"sap.m.Input","viewName":"etm.portal.ui.manageyards.view.New","viewId":"application-manageyards-display-component---NewYard","bindingPath":{"path":"","propertyPath":"/DELIVERY_TYPE","modelName":"NewYardModel"},"interaction":{"idSuffix":"inner"}},"clearTextFirst":true,"interactionType":"ENTER_TEXT"}]}
RESULT: {"script":"<script> [776 bytes]","args":[{"enterText":"ZL01","selector":{"controlType":"sap.m.Input","viewName":"etm.portal.ui.manageyards.view.New","viewId":"application-manageyards-display-component---NewYard","bindingPath":{"path":"","propertyPath":"/DELIVERY_TYPE","modelName":"NewYardModel"},"interaction":{"idSuffix":"inner"}},"clearTextFirst":true,"interactionType":"ENTER_TEXT"}]}
COMMAND: POST /session/6f873cfbd9220f733b1c899e801fac9f/execute/async - {"script":"<script> [1562 bytes]","args":[{"selector":{"controlType":"sap.m.Input","viewName":"etm.portal.ui.manageyards.view.New","viewId":"application-manageyards-display-component---NewYard","bindingPath":{"path":"","propertyPath":"/AUART","modelName":"NewYardModel"},"interaction":{"idSuffix":"inner"}},"wdio_ui5_key":"etmportal.ui.manageyards.view.Newsap.m.Input{\"path\":\"\",\"propertyPath\":\"/AUART\",\"modelName\":\"NewYardModel\"}"}]}
RESULT: {"script":"<script> [1562 bytes]","args":[{"selector":{"controlType":"sap.m.Input","viewName":"etm.portal.ui.manageyards.view.New","viewId":"application-manageyards-display-component---NewYard","bindingPath":{"path":"","propertyPath":"/AUART","modelName":"NewYardModel"},"interaction":{"idSuffix":"inner"}},"wdio_ui5_key":"etmportal.ui.manageyards.view.Newsap.m.Input{\"path\":\"\",\"propertyPath\":\"/AUART\",\"modelName\":\"NewYardModel\"}"}]}
RESULT: undefined
COMMAND: POST /session/6f873cfbd9220f733b1c899e801fac9f/execute/async - {"script":"<script> [776 bytes]","args":[{"enterText":"TA","selector":{"controlType":"sap.m.Input","viewName":"etm.portal.ui.manageyards.view.New","viewId":"application-manageyards-display-component---NewYard","bindingPath":{"path":"","propertyPath":"/AUART","modelName":"NewYardModel"},"interaction":{"idSuffix":"inner"}},"clearTextFirst":true,"interactionType":"ENTER_TEXT"}]}
RESULT: {"script":"<script> [776 bytes]","args":[{"enterText":"TA","selector":{"controlType":"sap.m.Input","viewName":"etm.portal.ui.manageyards.view.New","viewId":"application-manageyards-display-component---NewYard","bindingPath":{"path":"","propertyPath":"/AUART","modelName":"NewYardModel"},"interaction":{"idSuffix":"inner"}},"clearTextFirst":true,"interactionType":"ENTER_TEXT"}]}
COMMAND: POST /session/6f873cfbd9220f733b1c899e801fac9f/element - {"using":"xpath","value":"//button[@data-kt=\"newYardSaveButton\"]"}
RESULT: {"using":"xpath","value":"//button[@data-kt=\"newYardSaveButton\"]"}
COMMAND: POST /session/6f873cfbd9220f733b1c899e801fac9f/element/f.0D8D1E8C4444AAF4F6CCCAD0803F9B10.d.5E59F2BEC0EA4A62818C25E93CE1AC0C.e.11179/click - {}
RESULT: {}
COMMAND: GET /session/6f873cfbd9220f733b1c899e801fac9f/screenshot - {}
RESULT: {}
COMMAND: POST /session/6f873cfbd9220f733b1c899e801fac9f/element - {"using":"xpath","value":"//header[contains(@id, 'ObjectPageLayout-headerTitle')]/div[1]/div[2]/div[1]/span[1]"}
RESULT: {"using":"xpath","value":"//header[contains(@id, 'ObjectPageLayout-headerTitle')]/div[1]/div[2]/div[1]/span[1]"}
COMMAND: POST /session/6f873cfbd9220f733b1c899e801fac9f/elements - {"using":"xpath","value":"//header[contains(@id, 'ObjectPageLayout-headerTitle')]/div[1]/div[2]/div[1]/span[1]"}
RESULT: {"using":"xpath","value":"//header[contains(@id, 'ObjectPageLayout-headerTitle')]/div[1]/div[2]/div[1]/span[1]"}
COMMAND: POST /session/6f873cfbd9220f733b1c899e801fac9f/execute/sync - {"script":"<script> [56 bytes]","args":[{"element-6066-11e4-a52e-4f735466cecf":"f.0D8D1E8C4444AAF4F6CCCAD0803F9B10.d.5E59F2BEC0EA4A62818C25E93CE1AC0C.e.11492","ELEMENT":"f.0D8D1E8C4444AAF4F6CCCAD0803F9B10.d.5E59F2BEC0EA4A62818C25E93CE1AC0C.e.11492"}]}
RESULT: {"script":"<script> [56 bytes]","args":[{"element-6066-11e4-a52e-4f735466cecf":"f.0D8D1E8C4444AAF4F6CCCAD0803F9B10.d.5E59F2BEC0EA4A62818C25E93CE1AC0C.e.11492","ELEMENT":"f.0D8D1E8C4444AAF4F6CCCAD0803F9B10.d.5E59F2BEC0EA4A62818C25E93CE1AC0C.e.11492"}]}
COMMAND: GET /session/6f873cfbd9220f733b1c899e801fac9f/screenshot - {}
RESULT: {}
COMMAND: POST /session/6f873cfbd9220f733b1c899e801fac9f/execute/sync - {"script":"<script> [56 bytes]","args":[{"element-6066-11e4-a52e-4f735466cecf":"f.0D8D1E8C4444AAF4F6CCCAD0803F9B10.d.5E59F2BEC0EA4A62818C25E93CE1AC0C.e.11492","ELEMENT":"f.0D8D1E8C4444AAF4F6CCCAD0803F9B10.d.5E59F2BEC0EA4A62818C25E93CE1AC0C.e.11492"}]}
RESULT: {"script":"<script> [56 bytes]","args":[{"element-6066-11e4-a52e-4f735466cecf":"f.0D8D1E8C4444AAF4F6CCCAD0803F9B10.d.5E59F2BEC0EA4A62818C25E93CE1AC0C.e.11492","ELEMENT":"f.0D8D1E8C4444AAF4F6CCCAD0803F9B10.d.5E59F2BEC0EA4A62818C25E93CE1AC0C.e.11492"}]}
COMMAND: GET /session/6f873cfbd9220f733b1c899e801fac9f/screenshot - {}
COMMAND: POST /session/6f873cfbd9220f733b1c899e801fac9f/execute/sync - {"script":"<script> [56 bytes]","args":[{"element-6066-11e4-a52e-4f735466cecf":"f.0D8D1E8C4444AAF4F6CCCAD0803F9B10.d.5E59F2BEC0EA4A62818C25E93CE1AC0C.e.11492","ELEMENT":"f.0D8D1E8C4444AAF4F6CCCAD0803F9B10.d.5E59F2BEC0EA4A62818C25E93CE1AC0C.e.11492"}]}
RESULT: {}
RESULT: {"script":"<script> [56 bytes]","args":[{"element-6066-11e4-a52e-4f735466cecf":"f.0D8D1E8C4444AAF4F6CCCAD0803F9B10.d.5E59F2BEC0EA4A62818C25E93CE1AC0C.e.11492","ELEMENT":"f.0D8D1E8C4444AAF4F6CCCAD0803F9B10.d.5E59F2BEC0EA4A62818C25E93CE1AC0C.e.11492"}]}
COMMAND: GET /session/6f873cfbd9220f733b1c899e801fac9f/screenshot - {}
RESULT: {}
COMMAND: POST /session/6f873cfbd9220f733b1c899e801fac9f/element - {"using":"css selector","value":"#shell-header-logo"}
RESULT: {"using":"css selector","value":"#shell-header-logo"}
COMMAND: POST /session/6f873cfbd9220f733b1c899e801fac9f/element/f.0D8D1E8C4444AAF4F6CCCAD0803F9B10.d.5E59F2BEC0EA4A62818C25E93CE1AC0C.e.10754/click - {}
RESULT: {}
COMMAND: GET /session/6f873cfbd9220f733b1c899e801fac9f/screenshot - {}
RESULT: {}
COMMAND: POST /session/6f873cfbd9220f733b1c899e801fac9f/execute/sync - {"script":"<script> [299 bytes]","args":[["getModel","getResource"]]}
RESULT: {"script":"<script> [299 bytes]","args":[["getModel","getResource"]]}
COMMAND: GET /session/6f873cfbd9220f733b1c899e801fac9f/screenshot - {}
]]></system-out>
    </testcase>
    <testcase classname="chrome.136_0_7103_49.windows.Create_partner_US118246" name="Should create new external partner" time="94.137">
      <system-out><![CDATA[
COMMAND: POST /session/6f873cfbd9220f733b1c899e801fac9f/window/fullscreen - {}
RESULT: {}
RESULT: {}
COMMAND: POST /session/6f873cfbd9220f733b1c899e801fac9f/execute/async - {"script":"<script> [1562 bytes]","args":[{"selector":{"controlType":"sap.m.GenericTile","properties":{"header":"Manage Partners"}},"wdio_ui5_key":"sapm.GenericTile{\"header\":\"Manage Partners\"}"}]}
RESULT: {"script":"<script> [1562 bytes]","args":[{"selector":{"controlType":"sap.m.GenericTile","properties":{"header":"Manage Partners"}},"wdio_ui5_key":"sapm.GenericTile{\"header\":\"Manage Partners\"}"}]}
RESULT: undefined
COMMAND: POST /session/6f873cfbd9220f733b1c899e801fac9f/element - {"using":"xpath","value":"//*[@id=\"__tile38\"]"}
RESULT: {"using":"xpath","value":"//*[@id=\"__tile38\"]"}
COMMAND: POST /session/6f873cfbd9220f733b1c899e801fac9f/element/f.0D8D1E8C4444AAF4F6CCCAD0803F9B10.d.5E59F2BEC0EA4A62818C25E93CE1AC0C.e.10639/click - {}
RESULT: {}
COMMAND: POST /session/6f873cfbd9220f733b1c899e801fac9f/element - {"using":"xpath","value":"//button[@data-kt=\"addButton\"]"}
COMMAND: GET /session/6f873cfbd9220f733b1c899e801fac9f/screenshot - {}
RESULT: {"using":"xpath","value":"//button[@data-kt=\"addButton\"]"}
COMMAND: POST /session/6f873cfbd9220f733b1c899e801fac9f/elements - {"using":"xpath","value":"//button[@data-kt=\"addButton\"]"}
RESULT: {}
RESULT: {"using":"xpath","value":"//button[@data-kt=\"addButton\"]"}
COMMAND: POST /session/6f873cfbd9220f733b1c899e801fac9f/elements - {"using":"xpath","value":"//button[@data-kt=\"addButton\"]"}
RESULT: {"using":"xpath","value":"//button[@data-kt=\"addButton\"]"}
COMMAND: POST /session/6f873cfbd9220f733b1c899e801fac9f/elements - {"using":"xpath","value":"//button[@data-kt=\"addButton\"]"}
RESULT: {"using":"xpath","value":"//button[@data-kt=\"addButton\"]"}
COMMAND: POST /session/6f873cfbd9220f733b1c899e801fac9f/element - {"using":"xpath","value":"//button[@data-kt=\"addButton\"]"}
RESULT: {"using":"xpath","value":"//button[@data-kt=\"addButton\"]"}
COMMAND: POST /session/6f873cfbd9220f733b1c899e801fac9f/execute/sync - {"script":"<script> [8489 bytes]","args":[{"element-6066-11e4-a52e-4f735466cecf":"f.0D8D1E8C4444AAF4F6CCCAD0803F9B10.d.5E59F2BEC0EA4A62818C25E93CE1AC0C.e.11547","ELEMENT":"f.0D8D1E8C4444AAF4F6CCCAD0803F9B10.d.5E59F2BEC0EA4A62818C25E93CE1AC0C.e.11547"}]}
RESULT: {"script":"<script> [8489 bytes]","args":[{"element-6066-11e4-a52e-4f735466cecf":"f.0D8D1E8C4444AAF4F6CCCAD0803F9B10.d.5E59F2BEC0EA4A62818C25E93CE1AC0C.e.11547","ELEMENT":"f.0D8D1E8C4444AAF4F6CCCAD0803F9B10.d.5E59F2BEC0EA4A62818C25E93CE1AC0C.e.11547"}]}
COMMAND: GET /session/6f873cfbd9220f733b1c899e801fac9f/element/f.0D8D1E8C4444AAF4F6CCCAD0803F9B10.d.5E59F2BEC0EA4A62818C25E93CE1AC0C.e.11547/enabled - {}
COMMAND: GET /session/6f873cfbd9220f733b1c899e801fac9f/screenshot - {}
RESULT: {}
COMMAND: POST /session/6f873cfbd9220f733b1c899e801fac9f/execute/sync - {"script":"<script> [8489 bytes]","args":[{"element-6066-11e4-a52e-4f735466cecf":"f.0D8D1E8C4444AAF4F6CCCAD0803F9B10.d.5E59F2BEC0EA4A62818C25E93CE1AC0C.e.11547","ELEMENT":"f.0D8D1E8C4444AAF4F6CCCAD0803F9B10.d.5E59F2BEC0EA4A62818C25E93CE1AC0C.e.11547"}]}
COMMAND: GET /session/6f873cfbd9220f733b1c899e801fac9f/screenshot - {}
RESULT: {}
RESULT: {"script":"<script> [8489 bytes]","args":[{"element-6066-11e4-a52e-4f735466cecf":"f.0D8D1E8C4444AAF4F6CCCAD0803F9B10.d.5E59F2BEC0EA4A62818C25E93CE1AC0C.e.11547","ELEMENT":"f.0D8D1E8C4444AAF4F6CCCAD0803F9B10.d.5E59F2BEC0EA4A62818C25E93CE1AC0C.e.11547"}]}
COMMAND: POST /session/6f873cfbd9220f733b1c899e801fac9f/execute/sync - {"script":"<script> [5351 bytes]","args":[{"element-6066-11e4-a52e-4f735466cecf":"f.0D8D1E8C4444AAF4F6CCCAD0803F9B10.d.5E59F2BEC0EA4A62818C25E93CE1AC0C.e.11547","ELEMENT":"f.0D8D1E8C4444AAF4F6CCCAD0803F9B10.d.5E59F2BEC0EA4A62818C25E93CE1AC0C.e.11547"}]}
COMMAND: GET /session/6f873cfbd9220f733b1c899e801fac9f/screenshot - {}
RESULT: {}
RESULT: {"script":"<script> [5351 bytes]","args":[{"element-6066-11e4-a52e-4f735466cecf":"f.0D8D1E8C4444AAF4F6CCCAD0803F9B10.d.5E59F2BEC0EA4A62818C25E93CE1AC0C.e.11547","ELEMENT":"f.0D8D1E8C4444AAF4F6CCCAD0803F9B10.d.5E59F2BEC0EA4A62818C25E93CE1AC0C.e.11547"}]}
COMMAND: POST /session/6f873cfbd9220f733b1c899e801fac9f/element/f.0D8D1E8C4444AAF4F6CCCAD0803F9B10.d.5E59F2BEC0EA4A62818C25E93CE1AC0C.e.11547/click - {}
COMMAND: GET /session/6f873cfbd9220f733b1c899e801fac9f/screenshot - {}
RESULT: {}
RESULT: {}
COMMAND: GET /session/6f873cfbd9220f733b1c899e801fac9f/screenshot - {}
COMMAND: POST /session/6f873cfbd9220f733b1c899e801fac9f/execute/async - {"script":"<script> [1562 bytes]","args":[{"selector":{"id":"application-managepartners-display-component---NewPartner--addressDetailDetailsName1","interaction":{"idSuffix":"inner"}},"wdio_ui5_key":"applicationmanagepartners-display-component---NewPartner--addressDetailDetailsName1"}]}
RESULT: {}
RESULT: {}
RESULT: {"script":"<script> [1562 bytes]","args":[{"selector":{"id":"application-managepartners-display-component---NewPartner--addressDetailDetailsName1","interaction":{"idSuffix":"inner"}},"wdio_ui5_key":"applicationmanagepartners-display-component---NewPartner--addressDetailDetailsName1"}]}
RESULT: undefined
COMMAND: POST /session/6f873cfbd9220f733b1c899e801fac9f/execute/async - {"script":"<script> [776 bytes]","args":[{"enterText":"External Partner WDIO","selector":{"id":"application-managepartners-display-component---NewPartner--addressDetailDetailsName1","interaction":{"idSuffix":"inner"}},"clearTextFirst":true,"interactionType":"ENTER_TEXT"}]}
RESULT: {"script":"<script> [776 bytes]","args":[{"enterText":"External Partner WDIO","selector":{"id":"application-managepartners-display-component---NewPartner--addressDetailDetailsName1","interaction":{"idSuffix":"inner"}},"clearTextFirst":true,"interactionType":"ENTER_TEXT"}]}
COMMAND: POST /session/6f873cfbd9220f733b1c899e801fac9f/execute/async - {"script":"<script> [1562 bytes]","args":[{"selector":{"id":"application-managepartners-display-component---NewPartner--addressDetailDetailsLanguage-arrow"},"wdio_ui5_key":"applicationmanagepartners-display-component---NewPartner--addressDetailDetailsLanguage-arrow"}]}
RESULT: {"script":"<script> [1562 bytes]","args":[{"selector":{"id":"application-managepartners-display-component---NewPartner--addressDetailDetailsLanguage-arrow"},"wdio_ui5_key":"applicationmanagepartners-display-component---NewPartner--addressDetailDetailsLanguage-arrow"}]}
RESULT: undefined
COMMAND: POST /session/6f873cfbd9220f733b1c899e801fac9f/element - {"using":"xpath","value":"//*[@id=\"application-managepartners-display-component---NewPartner--addressDetailDetailsLanguage-arrow\"]"}
RESULT: {"using":"xpath","value":"//*[@id=\"application-managepartners-display-component---NewPartner--addressDetailDetailsLanguage-arrow\"]"}
COMMAND: POST /session/6f873cfbd9220f733b1c899e801fac9f/element/f.0D8D1E8C4444AAF4F6CCCAD0803F9B10.d.5E59F2BEC0EA4A62818C25E93CE1AC0C.e.11983/click - {}
RESULT: {}
COMMAND: POST /session/6f873cfbd9220f733b1c899e801fac9f/element - {"using":"xpath","value":"//span[contains(text(), \"English\")]"}
COMMAND: GET /session/6f873cfbd9220f733b1c899e801fac9f/screenshot - {}
RESULT: {"using":"xpath","value":"//span[contains(text(), \"English\")]"}
COMMAND: POST /session/6f873cfbd9220f733b1c899e801fac9f/element/f.0D8D1E8C4444AAF4F6CCCAD0803F9B10.d.5E59F2BEC0EA4A62818C25E93CE1AC0C.e.11984/click - {}
RESULT: {}
RESULT: {}
COMMAND: GET /session/6f873cfbd9220f733b1c899e801fac9f/screenshot - {}
RESULT: {}
COMMAND: POST /session/6f873cfbd9220f733b1c899e801fac9f/execute/async - {"script":"<script> [1562 bytes]","args":[{"selector":{"id":"application-managepartners-display-component---NewPartner--addressDetailDetailsCity1","interaction":{"idSuffix":"inner"}},"wdio_ui5_key":"applicationmanagepartners-display-component---NewPartner--addressDetailDetailsCity1"}]}
RESULT: {"script":"<script> [1562 bytes]","args":[{"selector":{"id":"application-managepartners-display-component---NewPartner--addressDetailDetailsCity1","interaction":{"idSuffix":"inner"}},"wdio_ui5_key":"applicationmanagepartners-display-component---NewPartner--addressDetailDetailsCity1"}]}
RESULT: undefined
COMMAND: POST /session/6f873cfbd9220f733b1c899e801fac9f/execute/async - {"script":"<script> [776 bytes]","args":[{"enterText":"Rosario","selector":{"id":"application-managepartners-display-component---NewPartner--addressDetailDetailsCity1","interaction":{"idSuffix":"inner"}},"clearTextFirst":true,"interactionType":"ENTER_TEXT"}]}
RESULT: {"script":"<script> [776 bytes]","args":[{"enterText":"Rosario","selector":{"id":"application-managepartners-display-component---NewPartner--addressDetailDetailsCity1","interaction":{"idSuffix":"inner"}},"clearTextFirst":true,"interactionType":"ENTER_TEXT"}]}
COMMAND: POST /session/6f873cfbd9220f733b1c899e801fac9f/execute/async - {"script":"<script> [1562 bytes]","args":[{"selector":{"id":"application-managepartners-display-component---NewPartner--addressDetailDetailsCountry-arrow"},"wdio_ui5_key":"applicationmanagepartners-display-component---NewPartner--addressDetailDetailsCountry-arrow"}]}
RESULT: {"script":"<script> [1562 bytes]","args":[{"selector":{"id":"application-managepartners-display-component---NewPartner--addressDetailDetailsCountry-arrow"},"wdio_ui5_key":"applicationmanagepartners-display-component---NewPartner--addressDetailDetailsCountry-arrow"}]}
RESULT: undefined
COMMAND: POST /session/6f873cfbd9220f733b1c899e801fac9f/element - {"using":"xpath","value":"//*[@id=\"application-managepartners-display-component---NewPartner--addressDetailDetailsCountry-arrow\"]"}
RESULT: {"using":"xpath","value":"//*[@id=\"application-managepartners-display-component---NewPartner--addressDetailDetailsCountry-arrow\"]"}
COMMAND: POST /session/6f873cfbd9220f733b1c899e801fac9f/element/f.0D8D1E8C4444AAF4F6CCCAD0803F9B10.d.5E59F2BEC0EA4A62818C25E93CE1AC0C.e.11970/click - {}
RESULT: {}
COMMAND: POST /session/6f873cfbd9220f733b1c899e801fac9f/element - {"using":"xpath","value":"//span[contains(text(), \"Argentina\")]"}
COMMAND: GET /session/6f873cfbd9220f733b1c899e801fac9f/screenshot - {}
RESULT: {"using":"xpath","value":"//span[contains(text(), \"Argentina\")]"}
COMMAND: POST /session/6f873cfbd9220f733b1c899e801fac9f/element/f.0D8D1E8C4444AAF4F6CCCAD0803F9B10.d.5E59F2BEC0EA4A62818C25E93CE1AC0C.e.11986/click - {}
RESULT: {}
RESULT: {}
COMMAND: GET /session/6f873cfbd9220f733b1c899e801fac9f/screenshot - {}
RESULT: {}
COMMAND: POST /session/6f873cfbd9220f733b1c899e801fac9f/element - {"using":"xpath","value":"//bdi[contains(text(), \"Commercial\")]"}
RESULT: {"using":"xpath","value":"//bdi[contains(text(), \"Commercial\")]"}
COMMAND: POST /session/6f873cfbd9220f733b1c899e801fac9f/element/f.0D8D1E8C4444AAF4F6CCCAD0803F9B10.d.5E59F2BEC0EA4A62818C25E93CE1AC0C.e.11987/click - {}
RESULT: {}
COMMAND: GET /session/6f873cfbd9220f733b1c899e801fac9f/screenshot - {}
RESULT: {}
COMMAND: POST /session/6f873cfbd9220f733b1c899e801fac9f/execute/async - {"script":"<script> [1562 bytes]","args":[{"selector":{"id":"application-managepartners-display-component---NewPartner--partnerDetailInternal-arrow"},"wdio_ui5_key":"applicationmanagepartners-display-component---NewPartner--partnerDetailInternal-arrow"}]}
RESULT: {"script":"<script> [1562 bytes]","args":[{"selector":{"id":"application-managepartners-display-component---NewPartner--partnerDetailInternal-arrow"},"wdio_ui5_key":"applicationmanagepartners-display-component---NewPartner--partnerDetailInternal-arrow"}]}
RESULT: undefined
COMMAND: POST /session/6f873cfbd9220f733b1c899e801fac9f/element - {"using":"xpath","value":"//*[@id=\"application-managepartners-display-component---NewPartner--partnerDetailInternal-arrow\"]"}
RESULT: {"using":"xpath","value":"//*[@id=\"application-managepartners-display-component---NewPartner--partnerDetailInternal-arrow\"]"}
COMMAND: POST /session/6f873cfbd9220f733b1c899e801fac9f/element/f.0D8D1E8C4444AAF4F6CCCAD0803F9B10.d.5E59F2BEC0EA4A62818C25E93CE1AC0C.e.11993/click - {}
RESULT: {}
COMMAND: POST /session/6f873cfbd9220f733b1c899e801fac9f/element - {"using":"xpath","value":"//span[contains(text(), \"External partner\")]"}
COMMAND: GET /session/6f873cfbd9220f733b1c899e801fac9f/screenshot - {}
RESULT: {"using":"xpath","value":"//span[contains(text(), \"External partner\")]"}
COMMAND: POST /session/6f873cfbd9220f733b1c899e801fac9f/element/f.0D8D1E8C4444AAF4F6CCCAD0803F9B10.d.5E59F2BEC0EA4A62818C25E93CE1AC0C.e.11994/click - {}
RESULT: {}
RESULT: {}
COMMAND: POST /session/6f873cfbd9220f733b1c899e801fac9f/execute/async - {"script":"<script> [1562 bytes]","args":[{"selector":{"id":"application-managepartners-display-component---NewPartner--partnerDetailsCurrency-arrow"},"wdio_ui5_key":"applicationmanagepartners-display-component---NewPartner--partnerDetailsCurrency-arrow"}]}
COMMAND: GET /session/6f873cfbd9220f733b1c899e801fac9f/screenshot - {}
RESULT: {"script":"<script> [1562 bytes]","args":[{"selector":{"id":"application-managepartners-display-component---NewPartner--partnerDetailsCurrency-arrow"},"wdio_ui5_key":"applicationmanagepartners-display-component---NewPartner--partnerDetailsCurrency-arrow"}]}
RESULT: undefined
COMMAND: POST /session/6f873cfbd9220f733b1c899e801fac9f/element - {"using":"xpath","value":"//*[@id=\"application-managepartners-display-component---NewPartner--partnerDetailsCurrency-arrow\"]"}
RESULT: {}
RESULT: {"using":"xpath","value":"//*[@id=\"application-managepartners-display-component---NewPartner--partnerDetailsCurrency-arrow\"]"}
COMMAND: POST /session/6f873cfbd9220f733b1c899e801fac9f/element/f.0D8D1E8C4444AAF4F6CCCAD0803F9B10.d.5E59F2BEC0EA4A62818C25E93CE1AC0C.e.11999/click - {}
RESULT: {}
COMMAND: POST /session/6f873cfbd9220f733b1c899e801fac9f/element - {"using":"xpath","value":"//span[contains(text(), \"US Dollar\")]"}
COMMAND: GET /session/6f873cfbd9220f733b1c899e801fac9f/screenshot - {}
RESULT: {"using":"xpath","value":"//span[contains(text(), \"US Dollar\")]"}
COMMAND: POST /session/6f873cfbd9220f733b1c899e801fac9f/element/f.0D8D1E8C4444AAF4F6CCCAD0803F9B10.d.5E59F2BEC0EA4A62818C25E93CE1AC0C.e.12000/click - {}
RESULT: {}
RESULT: {}
COMMAND: GET /session/6f873cfbd9220f733b1c899e801fac9f/screenshot - {}
RESULT: {}
COMMAND: POST /session/6f873cfbd9220f733b1c899e801fac9f/element - {"using":"xpath","value":"//input[@id=\"application-managepartners-display-component---NewPartner--companyCodeComboBox-inner\"]"}
RESULT: {"using":"xpath","value":"//input[@id=\"application-managepartners-display-component---NewPartner--companyCodeComboBox-inner\"]"}
COMMAND: POST /session/6f873cfbd9220f733b1c899e801fac9f/element/f.0D8D1E8C4444AAF4F6CCCAD0803F9B10.d.5E59F2BEC0EA4A62818C25E93CE1AC0C.e.11861/clear - {}
RESULT: {}
COMMAND: POST /session/6f873cfbd9220f733b1c899e801fac9f/element/f.0D8D1E8C4444AAF4F6CCCAD0803F9B10.d.5E59F2BEC0EA4A62818C25E93CE1AC0C.e.11861/value - {"text":"C002"}
COMMAND: GET /session/6f873cfbd9220f733b1c899e801fac9f/screenshot - {}
RESULT: {"text":"C002"}
COMMAND: GET /session/6f873cfbd9220f733b1c899e801fac9f/screenshot - {}
RESULT: {}
RESULT: {}
COMMAND: POST /session/6f873cfbd9220f733b1c899e801fac9f/element - {"using":"xpath","value":"//li[.//span[text()= \"C002\"]]"}
RESULT: {"using":"xpath","value":"//li[.//span[text()= \"C002\"]]"}
COMMAND: POST /session/6f873cfbd9220f733b1c899e801fac9f/element/f.0D8D1E8C4444AAF4F6CCCAD0803F9B10.d.5E59F2BEC0EA4A62818C25E93CE1AC0C.e.12004/click - {}
RESULT: {}
COMMAND: GET /session/6f873cfbd9220f733b1c899e801fac9f/screenshot - {}
RESULT: {}
COMMAND: POST /session/6f873cfbd9220f733b1c899e801fac9f/execute/async - {"script":"<script> [1562 bytes]","args":[{"selector":{"id":"application-managepartners-display-component---NewPartner--btnAddTableRow-img"},"wdio_ui5_key":"applicationmanagepartners-display-component---NewPartner--btnAddTableRow-img"}]}
RESULT: {"script":"<script> [1562 bytes]","args":[{"selector":{"id":"application-managepartners-display-component---NewPartner--btnAddTableRow-img"},"wdio_ui5_key":"applicationmanagepartners-display-component---NewPartner--btnAddTableRow-img"}]}
RESULT: undefined
COMMAND: POST /session/6f873cfbd9220f733b1c899e801fac9f/element - {"using":"xpath","value":"//*[@id=\"application-managepartners-display-component---NewPartner--btnAddTableRow-img\"]"}
RESULT: {"using":"xpath","value":"//*[@id=\"application-managepartners-display-component---NewPartner--btnAddTableRow-img\"]"}
COMMAND: POST /session/6f873cfbd9220f733b1c899e801fac9f/element/f.0D8D1E8C4444AAF4F6CCCAD0803F9B10.d.5E59F2BEC0EA4A62818C25E93CE1AC0C.e.12005/click - {}
RESULT: {}
COMMAND: GET /session/6f873cfbd9220f733b1c899e801fac9f/screenshot - {}
RESULT: {}
COMMAND: POST /session/6f873cfbd9220f733b1c899e801fac9f/element - {"using":"xpath","value":"//input[@id=\"application-managepartners-display-component---NewPartner--assignmentYard-application-managepartners-display-component---NewPartner--assignmentsTable-0-inner\"]"}
RESULT: {"using":"xpath","value":"//input[@id=\"application-managepartners-display-component---NewPartner--assignmentYard-application-managepartners-display-component---NewPartner--assignmentsTable-0-inner\"]"}
COMMAND: POST /session/6f873cfbd9220f733b1c899e801fac9f/element/f.0D8D1E8C4444AAF4F6CCCAD0803F9B10.d.5E59F2BEC0EA4A62818C25E93CE1AC0C.e.12008/clear - {}
RESULT: {}
COMMAND: POST /session/6f873cfbd9220f733b1c899e801fac9f/element/f.0D8D1E8C4444AAF4F6CCCAD0803F9B10.d.5E59F2BEC0EA4A62818C25E93CE1AC0C.e.12008/value - {"text":"307"}
COMMAND: GET /session/6f873cfbd9220f733b1c899e801fac9f/screenshot - {}
RESULT: {"text":"307"}
COMMAND: GET /session/6f873cfbd9220f733b1c899e801fac9f/screenshot - {}
RESULT: {}
RESULT: {}
COMMAND: POST /session/6f873cfbd9220f733b1c899e801fac9f/element - {"using":"xpath","value":"//li[.//span[text()='307']]"}
RESULT: {"using":"xpath","value":"//li[.//span[text()='307']]"}
COMMAND: POST /session/6f873cfbd9220f733b1c899e801fac9f/element/f.0D8D1E8C4444AAF4F6CCCAD0803F9B10.d.5E59F2BEC0EA4A62818C25E93CE1AC0C.e.12016/click - {}
RESULT: {}
COMMAND: GET /session/6f873cfbd9220f733b1c899e801fac9f/screenshot - {}
RESULT: {}
COMMAND: POST /session/6f873cfbd9220f733b1c899e801fac9f/actions - {"actions":[{"id":"action35","type":"key","parameters":{},"actions":[{"type":"keyDown","value":"î€‡"},{"type":"pause","duration":10},{"type":"keyUp","value":"î€‡"}]}]}
RESULT: {"actions":[{"id":"action35","type":"key","parameters":{},"actions":[{"type":"keyDown","value":"î€‡"},{"type":"pause","duration":10},{"type":"keyUp","value":"î€‡"}]}]}
COMMAND: POST /session/6f873cfbd9220f733b1c899e801fac9f/element - {"using":"xpath","value":"//td[contains(@id, \"assignmentsTable-0-cell2\")]/div/div"}
COMMAND: GET /session/6f873cfbd9220f733b1c899e801fac9f/screenshot - {}
RESULT: {"using":"xpath","value":"//td[contains(@id, \"assignmentsTable-0-cell2\")]/div/div"}
COMMAND: POST /session/6f873cfbd9220f733b1c899e801fac9f/element/f.0D8D1E8C4444AAF4F6CCCAD0803F9B10.d.5E59F2BEC0EA4A62818C25E93CE1AC0C.e.12019/click - {}
RESULT: {}
RESULT: {}
COMMAND: GET /session/6f873cfbd9220f733b1c899e801fac9f/screenshot - {}
RESULT: {}
COMMAND: POST /session/6f873cfbd9220f733b1c899e801fac9f/element - {"using":"xpath","value":"//button[@data-kt=\"saveButton\"]"}
RESULT: {"using":"xpath","value":"//button[@data-kt=\"saveButton\"]"}
COMMAND: POST /session/6f873cfbd9220f733b1c899e801fac9f/element/f.0D8D1E8C4444AAF4F6CCCAD0803F9B10.d.5E59F2BEC0EA4A62818C25E93CE1AC0C.e.11891/click - {}
RESULT: {}
COMMAND: GET /session/6f873cfbd9220f733b1c899e801fac9f/screenshot - {}
RESULT: {}
COMMAND: POST /session/6f873cfbd9220f733b1c899e801fac9f/element - {"using":"xpath","value":"//header[contains(@id, 'ObjectPageLayout-headerTitle')]/div[1]/div[2]/div[2]/span[1]"}
RESULT: {"using":"xpath","value":"//header[contains(@id, 'ObjectPageLayout-headerTitle')]/div[1]/div[2]/div[2]/span[1]"}
COMMAND: POST /session/6f873cfbd9220f733b1c899e801fac9f/elements - {"using":"xpath","value":"//header[contains(@id, 'ObjectPageLayout-headerTitle')]/div[1]/div[2]/div[2]/span[1]"}
RESULT: {"using":"xpath","value":"//header[contains(@id, 'ObjectPageLayout-headerTitle')]/div[1]/div[2]/div[2]/span[1]"}
COMMAND: POST /session/6f873cfbd9220f733b1c899e801fac9f/execute/sync - {"script":"<script> [56 bytes]","args":[{"element-6066-11e4-a52e-4f735466cecf":"f.0D8D1E8C4444AAF4F6CCCAD0803F9B10.d.5E59F2BEC0EA4A62818C25E93CE1AC0C.e.12182","ELEMENT":"f.0D8D1E8C4444AAF4F6CCCAD0803F9B10.d.5E59F2BEC0EA4A62818C25E93CE1AC0C.e.12182"}]}
RESULT: {"script":"<script> [56 bytes]","args":[{"element-6066-11e4-a52e-4f735466cecf":"f.0D8D1E8C4444AAF4F6CCCAD0803F9B10.d.5E59F2BEC0EA4A62818C25E93CE1AC0C.e.12182","ELEMENT":"f.0D8D1E8C4444AAF4F6CCCAD0803F9B10.d.5E59F2BEC0EA4A62818C25E93CE1AC0C.e.12182"}]}
COMMAND: POST /session/6f873cfbd9220f733b1c899e801fac9f/element - {"using":"css selector","value":"#shell-header-logo"}
COMMAND: GET /session/6f873cfbd9220f733b1c899e801fac9f/screenshot - {}
RESULT: {"using":"css selector","value":"#shell-header-logo"}
COMMAND: POST /session/6f873cfbd9220f733b1c899e801fac9f/element/f.0D8D1E8C4444AAF4F6CCCAD0803F9B10.d.5E59F2BEC0EA4A62818C25E93CE1AC0C.e.11502/click - {}
RESULT: {}
RESULT: {}
COMMAND: GET /session/6f873cfbd9220f733b1c899e801fac9f/screenshot - {}
RESULT: {}
COMMAND: POST /session/6f873cfbd9220f733b1c899e801fac9f/execute/sync - {"script":"<script> [299 bytes]","args":[["getModel","getResource"]]}
RESULT: {"script":"<script> [299 bytes]","args":[["getModel","getResource"]]}
]]></system-out>
    </testcase>
    <testcase classname="chrome.136_0_7103_49.windows.Create_partner_US118246" name="Should create a new yard in case create yard failed" time="96.996">
      <system-out><![CDATA[
RESULT: undefined
COMMAND: POST /session/6f873cfbd9220f733b1c899e801fac9f/element - {"using":"xpath","value":"//*[@id=\"__tile41\"]"}
COMMAND: GET /session/6f873cfbd9220f733b1c899e801fac9f/screenshot - {}
RESULT: {"using":"xpath","value":"//*[@id=\"__tile41\"]"}
COMMAND: POST /session/6f873cfbd9220f733b1c899e801fac9f/element/f.0D8D1E8C4444AAF4F6CCCAD0803F9B10.d.5E59F2BEC0EA4A62818C25E93CE1AC0C.e.10648/click - {}
RESULT: {}
RESULT: {}
COMMAND: POST /session/6f873cfbd9220f733b1c899e801fac9f/element - {"using":"xpath","value":"//button[@data-kt=\"addNewYardOverflowToolbarButton\"]"}
COMMAND: GET /session/6f873cfbd9220f733b1c899e801fac9f/screenshot - {}
RESULT: {"using":"xpath","value":"//button[@data-kt=\"addNewYardOverflowToolbarButton\"]"}
COMMAND: POST /session/6f873cfbd9220f733b1c899e801fac9f/elements - {"using":"xpath","value":"//button[@data-kt=\"addNewYardOverflowToolbarButton\"]"}
RESULT: {}
RESULT: {"using":"xpath","value":"//button[@data-kt=\"addNewYardOverflowToolbarButton\"]"}
COMMAND: POST /session/6f873cfbd9220f733b1c899e801fac9f/execute/sync - {"script":"<script> [8489 bytes]","args":[{"element-6066-11e4-a52e-4f735466cecf":"f.0D8D1E8C4444AAF4F6CCCAD0803F9B10.d.5E59F2BEC0EA4A62818C25E93CE1AC0C.e.12226","ELEMENT":"f.0D8D1E8C4444AAF4F6CCCAD0803F9B10.d.5E59F2BEC0EA4A62818C25E93CE1AC0C.e.12226"}]}
RESULT: {"script":"<script> [8489 bytes]","args":[{"element-6066-11e4-a52e-4f735466cecf":"f.0D8D1E8C4444AAF4F6CCCAD0803F9B10.d.5E59F2BEC0EA4A62818C25E93CE1AC0C.e.12226","ELEMENT":"f.0D8D1E8C4444AAF4F6CCCAD0803F9B10.d.5E59F2BEC0EA4A62818C25E93CE1AC0C.e.12226"}]}
COMMAND: GET /session/6f873cfbd9220f733b1c899e801fac9f/element/f.0D8D1E8C4444AAF4F6CCCAD0803F9B10.d.5E59F2BEC0EA4A62818C25E93CE1AC0C.e.12226/enabled - {}
COMMAND: GET /session/6f873cfbd9220f733b1c899e801fac9f/screenshot - {}
RESULT: {}
COMMAND: POST /session/6f873cfbd9220f733b1c899e801fac9f/execute/sync - {"script":"<script> [8489 bytes]","args":[{"element-6066-11e4-a52e-4f735466cecf":"f.0D8D1E8C4444AAF4F6CCCAD0803F9B10.d.5E59F2BEC0EA4A62818C25E93CE1AC0C.e.12226","ELEMENT":"f.0D8D1E8C4444AAF4F6CCCAD0803F9B10.d.5E59F2BEC0EA4A62818C25E93CE1AC0C.e.12226"}]}
COMMAND: GET /session/6f873cfbd9220f733b1c899e801fac9f/screenshot - {}
RESULT: {}
RESULT: {"script":"<script> [8489 bytes]","args":[{"element-6066-11e4-a52e-4f735466cecf":"f.0D8D1E8C4444AAF4F6CCCAD0803F9B10.d.5E59F2BEC0EA4A62818C25E93CE1AC0C.e.12226","ELEMENT":"f.0D8D1E8C4444AAF4F6CCCAD0803F9B10.d.5E59F2BEC0EA4A62818C25E93CE1AC0C.e.12226"}]}
COMMAND: POST /session/6f873cfbd9220f733b1c899e801fac9f/execute/sync - {"script":"<script> [5351 bytes]","args":[{"element-6066-11e4-a52e-4f735466cecf":"f.0D8D1E8C4444AAF4F6CCCAD0803F9B10.d.5E59F2BEC0EA4A62818C25E93CE1AC0C.e.12226","ELEMENT":"f.0D8D1E8C4444AAF4F6CCCAD0803F9B10.d.5E59F2BEC0EA4A62818C25E93CE1AC0C.e.12226"}]}
COMMAND: GET /session/6f873cfbd9220f733b1c899e801fac9f/screenshot - {}
RESULT: {}
RESULT: {"script":"<script> [5351 bytes]","args":[{"element-6066-11e4-a52e-4f735466cecf":"f.0D8D1E8C4444AAF4F6CCCAD0803F9B10.d.5E59F2BEC0EA4A62818C25E93CE1AC0C.e.12226","ELEMENT":"f.0D8D1E8C4444AAF4F6CCCAD0803F9B10.d.5E59F2BEC0EA4A62818C25E93CE1AC0C.e.12226"}]}
COMMAND: POST /session/6f873cfbd9220f733b1c899e801fac9f/element/f.0D8D1E8C4444AAF4F6CCCAD0803F9B10.d.5E59F2BEC0EA4A62818C25E93CE1AC0C.e.12226/click - {}
COMMAND: GET /session/6f873cfbd9220f733b1c899e801fac9f/screenshot - {}
RESULT: {}
RESULT: {}
COMMAND: GET /session/6f873cfbd9220f733b1c899e801fac9f/screenshot - {}
COMMAND: POST /session/6f873cfbd9220f733b1c899e801fac9f/element - {"using":"xpath","value":"//input[@id=\"application-manageyards-display-component---NewYard--yardId-inner\"]"}
RESULT: {}
RESULT: {}
RESULT: {"using":"xpath","value":"//input[@id=\"application-manageyards-display-component---NewYard--yardId-inner\"]"}
COMMAND: POST /session/6f873cfbd9220f733b1c899e801fac9f/element - {"using":"xpath","value":"//input[@id=\"application-manageyards-display-component---NewYard--yardId-inner\"]"}
RESULT: {"using":"xpath","value":"//input[@id=\"application-manageyards-display-component---NewYard--yardId-inner\"]"}
RESULT: undefined
COMMAND: POST /session/6f873cfbd9220f733b1c899e801fac9f/execute/async - {"script":"<script> [776 bytes]","args":[{"enterText":"Warehouse Managed WDIO","selector":{"id":"application-manageyards-display-component---NewYard--addressDetailDetailsName1","interaction":{"idSuffix":"inner"}},"clearTextFirst":true,"interactionType":"ENTER_TEXT"}]}
RESULT: {"script":"<script> [776 bytes]","args":[{"enterText":"Warehouse Managed WDIO","selector":{"id":"application-manageyards-display-component---NewYard--addressDetailDetailsName1","interaction":{"idSuffix":"inner"}},"clearTextFirst":true,"interactionType":"ENTER_TEXT"}]}
RESULT: undefined
COMMAND: POST /session/6f873cfbd9220f733b1c899e801fac9f/element - {"using":"xpath","value":"//*[@id=\"application-manageyards-display-component---NewYard--addressDetailDetailsLanguage-arrow\"]"}
RESULT: {"using":"xpath","value":"//*[@id=\"application-manageyards-display-component---NewYard--addressDetailDetailsLanguage-arrow\"]"}
COMMAND: POST /session/6f873cfbd9220f733b1c899e801fac9f/element/f.0D8D1E8C4444AAF4F6CCCAD0803F9B10.d.5E59F2BEC0EA4A62818C25E93CE1AC0C.e.12796/click - {}
RESULT: {}
COMMAND: POST /session/6f873cfbd9220f733b1c899e801fac9f/element - {"using":"xpath","value":"//span[contains(text(), \"English\")]"}
COMMAND: GET /session/6f873cfbd9220f733b1c899e801fac9f/screenshot - {}
RESULT: {"using":"xpath","value":"//span[contains(text(), \"English\")]"}
COMMAND: POST /session/6f873cfbd9220f733b1c899e801fac9f/element/f.0D8D1E8C4444AAF4F6CCCAD0803F9B10.d.5E59F2BEC0EA4A62818C25E93CE1AC0C.e.12797/click - {}
RESULT: {}
RESULT: {}
RESULT: undefined
COMMAND: POST /session/6f873cfbd9220f733b1c899e801fac9f/execute/async - {"script":"<script> [776 bytes]","args":[{"enterText":"Rosario","selector":{"id":"application-manageyards-display-component---NewYard--addressDetailDetailsCity1","interaction":{"idSuffix":"inner"}},"clearTextFirst":true,"interactionType":"ENTER_TEXT"}]}
COMMAND: GET /session/6f873cfbd9220f733b1c899e801fac9f/screenshot - {}
RESULT: {"script":"<script> [776 bytes]","args":[{"enterText":"Rosario","selector":{"id":"application-manageyards-display-component---NewYard--addressDetailDetailsCity1","interaction":{"idSuffix":"inner"}},"clearTextFirst":true,"interactionType":"ENTER_TEXT"}]}
RESULT: undefined
COMMAND: POST /session/6f873cfbd9220f733b1c899e801fac9f/element - {"using":"xpath","value":"//*[@id=\"application-manageyards-display-component---NewYard--addressDetailDetailsCountry-arrow\"]"}
RESULT: {}
RESULT: {"using":"xpath","value":"//*[@id=\"application-manageyards-display-component---NewYard--addressDetailDetailsCountry-arrow\"]"}
COMMAND: POST /session/6f873cfbd9220f733b1c899e801fac9f/element/f.0D8D1E8C4444AAF4F6CCCAD0803F9B10.d.5E59F2BEC0EA4A62818C25E93CE1AC0C.e.12798/click - {}
RESULT: {}
COMMAND: POST /session/6f873cfbd9220f733b1c899e801fac9f/element - {"using":"xpath","value":"//span[contains(text(), \"Argentina\")]"}
COMMAND: GET /session/6f873cfbd9220f733b1c899e801fac9f/screenshot - {}
RESULT: {"using":"xpath","value":"//span[contains(text(), \"Argentina\")]"}
COMMAND: POST /session/6f873cfbd9220f733b1c899e801fac9f/element/f.0D8D1E8C4444AAF4F6CCCAD0803F9B10.d.5E59F2BEC0EA4A62818C25E93CE1AC0C.e.12799/click - {}
RESULT: {}
RESULT: {}
RESULT: undefined
COMMAND: POST /session/6f873cfbd9220f733b1c899e801fac9f/element - {"using":"xpath","value":"//*[@id=\"application-manageyards-display-component---NewYard--addressEditDetailsCostObjectCstType-arrow\"]"}
COMMAND: GET /session/6f873cfbd9220f733b1c899e801fac9f/screenshot - {}
RESULT: {"using":"xpath","value":"//*[@id=\"application-manageyards-display-component---NewYard--addressEditDetailsCostObjectCstType-arrow\"]"}
COMMAND: POST /session/6f873cfbd9220f733b1c899e801fac9f/element/f.0D8D1E8C4444AAF4F6CCCAD0803F9B10.d.5E59F2BEC0EA4A62818C25E93CE1AC0C.e.12801/click - {}
RESULT: {}
RESULT: {}
COMMAND: POST /session/6f873cfbd9220f733b1c899e801fac9f/element - {"using":"xpath","value":"//span[contains(text(), \"Cost Center\")]"}
COMMAND: GET /session/6f873cfbd9220f733b1c899e801fac9f/screenshot - {}
RESULT: {"using":"xpath","value":"//span[contains(text(), \"Cost Center\")]"}
COMMAND: POST /session/6f873cfbd9220f733b1c899e801fac9f/element/f.0D8D1E8C4444AAF4F6CCCAD0803F9B10.d.5E59F2BEC0EA4A62818C25E93CE1AC0C.e.12802/click - {}
RESULT: {}
RESULT: {}
COMMAND: GET /session/6f873cfbd9220f733b1c899e801fac9f/screenshot - {}
RESULT: {}
COMMAND: POST /session/6f873cfbd9220f733b1c899e801fac9f/element - {"using":"xpath","value":"//span[@id=\"application-manageyards-display-component---NewYard--addressNewCostObjectCstID-vhi\"]"}
RESULT: {"using":"xpath","value":"//span[@id=\"application-manageyards-display-component---NewYard--addressNewCostObjectCstID-vhi\"]"}
COMMAND: POST /session/6f873cfbd9220f733b1c899e801fac9f/execute/sync - {"script":"<script> [8489 bytes]","args":[{"element-6066-11e4-a52e-4f735466cecf":"f.0D8D1E8C4444AAF4F6CCCAD0803F9B10.d.5E59F2BEC0EA4A62818C25E93CE1AC0C.e.12806","ELEMENT":"f.0D8D1E8C4444AAF4F6CCCAD0803F9B10.d.5E59F2BEC0EA4A62818C25E93CE1AC0C.e.12806"}]}
RESULT: {"script":"<script> [8489 bytes]","args":[{"element-6066-11e4-a52e-4f735466cecf":"f.0D8D1E8C4444AAF4F6CCCAD0803F9B10.d.5E59F2BEC0EA4A62818C25E93CE1AC0C.e.12806","ELEMENT":"f.0D8D1E8C4444AAF4F6CCCAD0803F9B10.d.5E59F2BEC0EA4A62818C25E93CE1AC0C.e.12806"}]}
RESULT: undefined
COMMAND: POST /session/6f873cfbd9220f733b1c899e801fac9f/element - {"using":"xpath","value":"//*[@id=\"application-manageyards-display-component---NewYard--addressNewCostObjectCstID-vhi\"]"}
COMMAND: GET /session/6f873cfbd9220f733b1c899e801fac9f/screenshot - {}
RESULT: {"using":"xpath","value":"//*[@id=\"application-manageyards-display-component---NewYard--addressNewCostObjectCstID-vhi\"]"}
COMMAND: POST /session/6f873cfbd9220f733b1c899e801fac9f/element/f.0D8D1E8C4444AAF4F6CCCAD0803F9B10.d.5E59F2BEC0EA4A62818C25E93CE1AC0C.e.12806/click - {}
RESULT: {}
RESULT: {}
COMMAND: GET /session/6f873cfbd9220f733b1c899e801fac9f/screenshot - {}
RESULT: {}
RESULT: undefined
COMMAND: POST /session/6f873cfbd9220f733b1c899e801fac9f/execute/async - {"script":"<script> [776 bytes]","args":[{"enterText":"10001013","selector":{"controlType":"sap.m.SearchField","properties":{"placeholder":"Search"},"searchOpenDialogs":true,"interaction":{"idSuffix":"I"}},"clearTextFirst":true,"interactionType":"ENTER_TEXT"}]}
RESULT: {"script":"<script> [776 bytes]","args":[{"enterText":"10001013","selector":{"controlType":"sap.m.SearchField","properties":{"placeholder":"Search"},"searchOpenDialogs":true,"interaction":{"idSuffix":"I"}},"clearTextFirst":true,"interactionType":"ENTER_TEXT"}]}
COMMAND: POST /session/6f873cfbd9220f733b1c899e801fac9f/actions - {"actions":[{"id":"action36","type":"key","parameters":{},"actions":[{"type":"keyDown","value":"î€‡"},{"type":"pause","duration":10},{"type":"keyUp","value":"î€‡"}]}]}
RESULT: {"actions":[{"id":"action36","type":"key","parameters":{},"actions":[{"type":"keyDown","value":"î€‡"},{"type":"pause","duration":10},{"type":"keyUp","value":"î€‡"}]}]}
COMMAND: GET /session/6f873cfbd9220f733b1c899e801fac9f/screenshot - {}
RESULT: {}
COMMAND: POST /session/6f873cfbd9220f733b1c899e801fac9f/element - {"using":"xpath","value":"//span[contains(text(), \"General Management\")]"}
RESULT: {"using":"xpath","value":"//span[contains(text(), \"General Management\")]"}
COMMAND: POST /session/6f873cfbd9220f733b1c899e801fac9f/element/f.0D8D1E8C4444AAF4F6CCCAD0803F9B10.d.5E59F2BEC0EA4A62818C25E93CE1AC0C.e.12845/click - {}
RESULT: {}
COMMAND: GET /session/6f873cfbd9220f733b1c899e801fac9f/screenshot - {}
RESULT: {}
COMMAND: POST /session/6f873cfbd9220f733b1c899e801fac9f/element - {"using":"xpath","value":"//bdi[contains(text(), \"OK\")]"}
RESULT: {"using":"xpath","value":"//bdi[contains(text(), \"OK\")]"}
COMMAND: POST /session/6f873cfbd9220f733b1c899e801fac9f/element/f.0D8D1E8C4444AAF4F6CCCAD0803F9B10.d.5E59F2BEC0EA4A62818C25E93CE1AC0C.e.12846/click - {}
RESULT: {}
COMMAND: GET /session/6f873cfbd9220f733b1c899e801fac9f/screenshot - {}
RESULT: {}
RESULT: undefined
COMMAND: POST /session/6f873cfbd9220f733b1c899e801fac9f/element - {"using":"xpath","value":"//*[@id=\"application-manageyards-display-component---NewYard--addressEditDetailsCurrency-arrow\"]"}
RESULT: {"using":"xpath","value":"//*[@id=\"application-manageyards-display-component---NewYard--addressEditDetailsCurrency-arrow\"]"}
COMMAND: POST /session/6f873cfbd9220f733b1c899e801fac9f/element/f.0D8D1E8C4444AAF4F6CCCAD0803F9B10.d.5E59F2BEC0EA4A62818C25E93CE1AC0C.e.12849/click - {}
RESULT: {}
COMMAND: POST /session/6f873cfbd9220f733b1c899e801fac9f/element - {"using":"xpath","value":"//span[contains(text(), \"Euro\")]"}
COMMAND: GET /session/6f873cfbd9220f733b1c899e801fac9f/screenshot - {}
RESULT: {"using":"xpath","value":"//span[contains(text(), \"Euro\")]"}
COMMAND: POST /session/6f873cfbd9220f733b1c899e801fac9f/element/f.0D8D1E8C4444AAF4F6CCCAD0803F9B10.d.5E59F2BEC0EA4A62818C25E93CE1AC0C.e.12850/click - {}
RESULT: {}
RESULT: {}
RESULT: undefined
COMMAND: POST /session/6f873cfbd9220f733b1c899e801fac9f/execute/async - {"script":"<script> [776 bytes]","args":[{"enterText":"Z001","selector":{"controlType":"sap.m.Input","viewName":"etm.portal.ui.manageyards.view.New","viewId":"application-manageyards-display-component---NewYard","bindingPath":{"path":"","propertyPath":"/CONTROLLING_AREA","modelName":"NewYardModel"},"interaction":{"idSuffix":"inner"}},"clearTextFirst":true,"interactionType":"ENTER_TEXT"}]}
COMMAND: GET /session/6f873cfbd9220f733b1c899e801fac9f/screenshot - {}
RESULT: {"script":"<script> [776 bytes]","args":[{"enterText":"Z001","selector":{"controlType":"sap.m.Input","viewName":"etm.portal.ui.manageyards.view.New","viewId":"application-manageyards-display-component---NewYard","bindingPath":{"path":"","propertyPath":"/CONTROLLING_AREA","modelName":"NewYardModel"},"interaction":{"idSuffix":"inner"}},"clearTextFirst":true,"interactionType":"ENTER_TEXT"}]}
RESULT: undefined
COMMAND: POST /session/6f873cfbd9220f733b1c899e801fac9f/execute/async - {"script":"<script> [776 bytes]","args":[{"enterText":"1000","selector":{"id":"application-manageyards-display-component---NewYard--companyCodeComboBox","interaction":{"idSuffix":"inner"}},"clearTextFirst":true,"interactionType":"ENTER_TEXT"}]}
RESULT: {}
RESULT: {"script":"<script> [776 bytes]","args":[{"enterText":"1000","selector":{"id":"application-manageyards-display-component---NewYard--companyCodeComboBox","interaction":{"idSuffix":"inner"}},"clearTextFirst":true,"interactionType":"ENTER_TEXT"}]}
RESULT: undefined
COMMAND: POST /session/6f873cfbd9220f733b1c899e801fac9f/execute/async - {"script":"<script> [776 bytes]","args":[{"enterText":"1001","selector":{"controlType":"sap.m.Input","viewName":"etm.portal.ui.manageyards.view.New","viewId":"application-manageyards-display-component---NewYard","bindingPath":{"path":"","propertyPath":"/PLANT","modelName":"NewYardModel"},"interaction":{"idSuffix":"inner"}},"clearTextFirst":true,"interactionType":"ENTER_TEXT"}]}
RESULT: {"script":"<script> [776 bytes]","args":[{"enterText":"1001","selector":{"controlType":"sap.m.Input","viewName":"etm.portal.ui.manageyards.view.New","viewId":"application-manageyards-display-component---NewYard","bindingPath":{"path":"","propertyPath":"/PLANT","modelName":"NewYardModel"},"interaction":{"idSuffix":"inner"}},"clearTextFirst":true,"interactionType":"ENTER_TEXT"}]}
RESULT: undefined
COMMAND: POST /session/6f873cfbd9220f733b1c899e801fac9f/execute/async - {"script":"<script> [776 bytes]","args":[{"enterText":"C002","selector":{"controlType":"sap.m.Input","viewName":"etm.portal.ui.manageyards.view.New","viewId":"application-manageyards-display-component---NewYard","bindingPath":{"path":"","propertyPath":"/SALES_AREA_VKORG","modelName":"NewYardModel"},"interaction":{"idSuffix":"inner"}},"clearTextFirst":true,"interactionType":"ENTER_TEXT"}]}
RESULT: {"script":"<script> [776 bytes]","args":[{"enterText":"C002","selector":{"controlType":"sap.m.Input","viewName":"etm.portal.ui.manageyards.view.New","viewId":"application-manageyards-display-component---NewYard","bindingPath":{"path":"","propertyPath":"/SALES_AREA_VKORG","modelName":"NewYardModel"},"interaction":{"idSuffix":"inner"}},"clearTextFirst":true,"interactionType":"ENTER_TEXT"}]}
RESULT: undefined
COMMAND: POST /session/6f873cfbd9220f733b1c899e801fac9f/execute/async - {"script":"<script> [776 bytes]","args":[{"enterText":"C2","selector":{"controlType":"sap.m.Input","viewName":"etm.portal.ui.manageyards.view.New","viewId":"application-manageyards-display-component---NewYard","bindingPath":{"path":"","propertyPath":"/SALES_AREA_VTWEG","modelName":"NewYardModel"},"interaction":{"idSuffix":"inner"}},"clearTextFirst":true,"interactionType":"ENTER_TEXT"}]}
RESULT: {"script":"<script> [776 bytes]","args":[{"enterText":"C2","selector":{"controlType":"sap.m.Input","viewName":"etm.portal.ui.manageyards.view.New","viewId":"application-manageyards-display-component---NewYard","bindingPath":{"path":"","propertyPath":"/SALES_AREA_VTWEG","modelName":"NewYardModel"},"interaction":{"idSuffix":"inner"}},"clearTextFirst":true,"interactionType":"ENTER_TEXT"}]}
RESULT: undefined
COMMAND: POST /session/6f873cfbd9220f733b1c899e801fac9f/execute/async - {"script":"<script> [776 bytes]","args":[{"enterText":"C2","selector":{"controlType":"sap.m.Input","viewName":"etm.portal.ui.manageyards.view.New","viewId":"application-manageyards-display-component---NewYard","bindingPath":{"path":"","propertyPath":"/SALES_AREA_SPART","modelName":"NewYardModel"},"interaction":{"idSuffix":"inner"}},"clearTextFirst":true,"interactionType":"ENTER_TEXT"}]}
RESULT: {"script":"<script> [776 bytes]","args":[{"enterText":"C2","selector":{"controlType":"sap.m.Input","viewName":"etm.portal.ui.manageyards.view.New","viewId":"application-manageyards-display-component---NewYard","bindingPath":{"path":"","propertyPath":"/SALES_AREA_SPART","modelName":"NewYardModel"},"interaction":{"idSuffix":"inner"}},"clearTextFirst":true,"interactionType":"ENTER_TEXT"}]}
RESULT: undefined
COMMAND: POST /session/6f873cfbd9220f733b1c899e801fac9f/execute/async - {"script":"<script> [776 bytes]","args":[{"enterText":"1710","selector":{"controlType":"sap.m.Input","viewName":"etm.portal.ui.manageyards.view.New","viewId":"application-manageyards-display-component---NewYard","bindingPath":{"path":"","propertyPath":"/SHIP_POINT","modelName":"NewYardModel"},"interaction":{"idSuffix":"inner"}},"clearTextFirst":true,"interactionType":"ENTER_TEXT"}]}
RESULT: {"script":"<script> [776 bytes]","args":[{"enterText":"1710","selector":{"controlType":"sap.m.Input","viewName":"etm.portal.ui.manageyards.view.New","viewId":"application-manageyards-display-component---NewYard","bindingPath":{"path":"","propertyPath":"/SHIP_POINT","modelName":"NewYardModel"},"interaction":{"idSuffix":"inner"}},"clearTextFirst":true,"interactionType":"ENTER_TEXT"}]}
RESULT: undefined
COMMAND: POST /session/6f873cfbd9220f733b1c899e801fac9f/execute/async - {"script":"<script> [776 bytes]","args":[{"enterText":"ZL01","selector":{"controlType":"sap.m.Input","viewName":"etm.portal.ui.manageyards.view.New","viewId":"application-manageyards-display-component---NewYard","bindingPath":{"path":"","propertyPath":"/DELIVERY_TYPE","modelName":"NewYardModel"},"interaction":{"idSuffix":"inner"}},"clearTextFirst":true,"interactionType":"ENTER_TEXT"}]}
RESULT: {"script":"<script> [776 bytes]","args":[{"enterText":"ZL01","selector":{"controlType":"sap.m.Input","viewName":"etm.portal.ui.manageyards.view.New","viewId":"application-manageyards-display-component---NewYard","bindingPath":{"path":"","propertyPath":"/DELIVERY_TYPE","modelName":"NewYardModel"},"interaction":{"idSuffix":"inner"}},"clearTextFirst":true,"interactionType":"ENTER_TEXT"}]}
RESULT: undefined
COMMAND: POST /session/6f873cfbd9220f733b1c899e801fac9f/execute/async - {"script":"<script> [776 bytes]","args":[{"enterText":"TA","selector":{"controlType":"sap.m.Input","viewName":"etm.portal.ui.manageyards.view.New","viewId":"application-manageyards-display-component---NewYard","bindingPath":{"path":"","propertyPath":"/AUART","modelName":"NewYardModel"},"interaction":{"idSuffix":"inner"}},"clearTextFirst":true,"interactionType":"ENTER_TEXT"}]}
RESULT: {"script":"<script> [776 bytes]","args":[{"enterText":"TA","selector":{"controlType":"sap.m.Input","viewName":"etm.portal.ui.manageyards.view.New","viewId":"application-manageyards-display-component---NewYard","bindingPath":{"path":"","propertyPath":"/AUART","modelName":"NewYardModel"},"interaction":{"idSuffix":"inner"}},"clearTextFirst":true,"interactionType":"ENTER_TEXT"}]}
COMMAND: POST /session/6f873cfbd9220f733b1c899e801fac9f/execute/async - {"script":"<script> [1562 bytes]","args":[{"selector":{"id":"application-manageyards-display-component---NewYard--whmCheckBox","interaction":{"idSuffix":"CbBg"}},"wdio_ui5_key":"applicationmanageyards-display-component---NewYard--whmCheckBox"}]}
RESULT: {"script":"<script> [1562 bytes]","args":[{"selector":{"id":"application-manageyards-display-component---NewYard--whmCheckBox","interaction":{"idSuffix":"CbBg"}},"wdio_ui5_key":"applicationmanageyards-display-component---NewYard--whmCheckBox"}]}
RESULT: undefined
COMMAND: POST /session/6f873cfbd9220f733b1c899e801fac9f/element - {"using":"xpath","value":"//*[@id=\"application-manageyards-display-component---NewYard--whmCheckBox\"]"}
RESULT: {"using":"xpath","value":"//*[@id=\"application-manageyards-display-component---NewYard--whmCheckBox\"]"}
COMMAND: POST /session/6f873cfbd9220f733b1c899e801fac9f/element/f.0D8D1E8C4444AAF4F6CCCAD0803F9B10.d.5E59F2BEC0EA4A62818C25E93CE1AC0C.e.12860/click - {}
RESULT: {}
COMMAND: GET /session/6f873cfbd9220f733b1c899e801fac9f/screenshot - {}
RESULT: {}
COMMAND: POST /session/6f873cfbd9220f733b1c899e801fac9f/element - {"using":"xpath","value":"//button[@data-kt=\"newYardSaveButton\"]"}
RESULT: {"using":"xpath","value":"//button[@data-kt=\"newYardSaveButton\"]"}
COMMAND: POST /session/6f873cfbd9220f733b1c899e801fac9f/element/f.0D8D1E8C4444AAF4F6CCCAD0803F9B10.d.5E59F2BEC0EA4A62818C25E93CE1AC0C.e.12758/click - {}
RESULT: {}
COMMAND: GET /session/6f873cfbd9220f733b1c899e801fac9f/screenshot - {}
COMMAND: POST /session/6f873cfbd9220f733b1c899e801fac9f/element - {"using":"xpath","value":"//header[contains(@id, 'ObjectPageLayout-headerTitle')]/div[1]/div[2]/div[1]/span[1]"}
RESULT: {}
RESULT: {"using":"xpath","value":"//header[contains(@id, 'ObjectPageLayout-headerTitle')]/div[1]/div[2]/div[1]/span[1]"}
COMMAND: POST /session/6f873cfbd9220f733b1c899e801fac9f/elements - {"using":"xpath","value":"//header[contains(@id, 'ObjectPageLayout-headerTitle')]/div[1]/div[2]/div[1]/span[1]"}
RESULT: {"using":"xpath","value":"//header[contains(@id, 'ObjectPageLayout-headerTitle')]/div[1]/div[2]/div[1]/span[1]"}
COMMAND: POST /session/6f873cfbd9220f733b1c899e801fac9f/execute/sync - {"script":"<script> [56 bytes]","args":[{"element-6066-11e4-a52e-4f735466cecf":"f.0D8D1E8C4444AAF4F6CCCAD0803F9B10.d.5E59F2BEC0EA4A62818C25E93CE1AC0C.e.13065","ELEMENT":"f.0D8D1E8C4444AAF4F6CCCAD0803F9B10.d.5E59F2BEC0EA4A62818C25E93CE1AC0C.e.13065"}]}
RESULT: {"script":"<script> [56 bytes]","args":[{"element-6066-11e4-a52e-4f735466cecf":"f.0D8D1E8C4444AAF4F6CCCAD0803F9B10.d.5E59F2BEC0EA4A62818C25E93CE1AC0C.e.13065","ELEMENT":"f.0D8D1E8C4444AAF4F6CCCAD0803F9B10.d.5E59F2BEC0EA4A62818C25E93CE1AC0C.e.13065"}]}
COMMAND: GET /session/6f873cfbd9220f733b1c899e801fac9f/screenshot - {}
RESULT: {}
COMMAND: POST /session/6f873cfbd9220f733b1c899e801fac9f/element - {"using":"css selector","value":"#shell-header-logo"}
RESULT: {"using":"css selector","value":"#shell-header-logo"}
COMMAND: POST /session/6f873cfbd9220f733b1c899e801fac9f/element/f.0D8D1E8C4444AAF4F6CCCAD0803F9B10.d.5E59F2BEC0EA4A62818C25E93CE1AC0C.e.12186/click - {}
RESULT: {}
COMMAND: GET /session/6f873cfbd9220f733b1c899e801fac9f/screenshot - {}
RESULT: {}
COMMAND: POST /session/6f873cfbd9220f733b1c899e801fac9f/execute/sync - {"script":"<script> [299 bytes]","args":[["getModel","getResource"]]}
RESULT: {"script":"<script> [299 bytes]","args":[["getModel","getResource"]]}
COMMAND: GET /session/6f873cfbd9220f733b1c899e801fac9f/screenshot - {}
]]></system-out>
    </testcase>
    <testcase classname="chrome.136_0_7103_49.windows.Create_partner_US118246" name="Should create new external WHM partner" time="85.405">
      <system-out><![CDATA[
COMMAND: POST /session/6f873cfbd9220f733b1c899e801fac9f/window/fullscreen - {}
RESULT: {}
RESULT: {}
RESULT: undefined
COMMAND: POST /session/6f873cfbd9220f733b1c899e801fac9f/element - {"using":"xpath","value":"//*[@id=\"__tile38\"]"}
RESULT: {"using":"xpath","value":"//*[@id=\"__tile38\"]"}
COMMAND: POST /session/6f873cfbd9220f733b1c899e801fac9f/element/f.0D8D1E8C4444AAF4F6CCCAD0803F9B10.d.5E59F2BEC0EA4A62818C25E93CE1AC0C.e.10639/click - {}
RESULT: {}
COMMAND: POST /session/6f873cfbd9220f733b1c899e801fac9f/element - {"using":"xpath","value":"//button[@data-kt=\"addButton\"]"}
COMMAND: GET /session/6f873cfbd9220f733b1c899e801fac9f/screenshot - {}
RESULT: {"using":"xpath","value":"//button[@data-kt=\"addButton\"]"}
COMMAND: POST /session/6f873cfbd9220f733b1c899e801fac9f/elements - {"using":"xpath","value":"//button[@data-kt=\"addButton\"]"}
RESULT: {}
RESULT: {"using":"xpath","value":"//button[@data-kt=\"addButton\"]"}
COMMAND: POST /session/6f873cfbd9220f733b1c899e801fac9f/element - {"using":"xpath","value":"//button[@data-kt=\"addButton\"]"}
RESULT: {"using":"xpath","value":"//button[@data-kt=\"addButton\"]"}
COMMAND: POST /session/6f873cfbd9220f733b1c899e801fac9f/execute/sync - {"script":"<script> [8489 bytes]","args":[{"element-6066-11e4-a52e-4f735466cecf":"f.0D8D1E8C4444AAF4F6CCCAD0803F9B10.d.5E59F2BEC0EA4A62818C25E93CE1AC0C.e.13114","ELEMENT":"f.0D8D1E8C4444AAF4F6CCCAD0803F9B10.d.5E59F2BEC0EA4A62818C25E93CE1AC0C.e.13114"}]}
RESULT: {"script":"<script> [8489 bytes]","args":[{"element-6066-11e4-a52e-4f735466cecf":"f.0D8D1E8C4444AAF4F6CCCAD0803F9B10.d.5E59F2BEC0EA4A62818C25E93CE1AC0C.e.13114","ELEMENT":"f.0D8D1E8C4444AAF4F6CCCAD0803F9B10.d.5E59F2BEC0EA4A62818C25E93CE1AC0C.e.13114"}]}
COMMAND: GET /session/6f873cfbd9220f733b1c899e801fac9f/element/f.0D8D1E8C4444AAF4F6CCCAD0803F9B10.d.5E59F2BEC0EA4A62818C25E93CE1AC0C.e.13114/enabled - {}
COMMAND: GET /session/6f873cfbd9220f733b1c899e801fac9f/screenshot - {}
RESULT: {}
COMMAND: POST /session/6f873cfbd9220f733b1c899e801fac9f/execute/sync - {"script":"<script> [8489 bytes]","args":[{"element-6066-11e4-a52e-4f735466cecf":"f.0D8D1E8C4444AAF4F6CCCAD0803F9B10.d.5E59F2BEC0EA4A62818C25E93CE1AC0C.e.13114","ELEMENT":"f.0D8D1E8C4444AAF4F6CCCAD0803F9B10.d.5E59F2BEC0EA4A62818C25E93CE1AC0C.e.13114"}]}
COMMAND: GET /session/6f873cfbd9220f733b1c899e801fac9f/screenshot - {}
RESULT: {}
RESULT: {"script":"<script> [8489 bytes]","args":[{"element-6066-11e4-a52e-4f735466cecf":"f.0D8D1E8C4444AAF4F6CCCAD0803F9B10.d.5E59F2BEC0EA4A62818C25E93CE1AC0C.e.13114","ELEMENT":"f.0D8D1E8C4444AAF4F6CCCAD0803F9B10.d.5E59F2BEC0EA4A62818C25E93CE1AC0C.e.13114"}]}
COMMAND: POST /session/6f873cfbd9220f733b1c899e801fac9f/execute/sync - {"script":"<script> [5351 bytes]","args":[{"element-6066-11e4-a52e-4f735466cecf":"f.0D8D1E8C4444AAF4F6CCCAD0803F9B10.d.5E59F2BEC0EA4A62818C25E93CE1AC0C.e.13114","ELEMENT":"f.0D8D1E8C4444AAF4F6CCCAD0803F9B10.d.5E59F2BEC0EA4A62818C25E93CE1AC0C.e.13114"}]}
COMMAND: GET /session/6f873cfbd9220f733b1c899e801fac9f/screenshot - {}
RESULT: {}
RESULT: {"script":"<script> [5351 bytes]","args":[{"element-6066-11e4-a52e-4f735466cecf":"f.0D8D1E8C4444AAF4F6CCCAD0803F9B10.d.5E59F2BEC0EA4A62818C25E93CE1AC0C.e.13114","ELEMENT":"f.0D8D1E8C4444AAF4F6CCCAD0803F9B10.d.5E59F2BEC0EA4A62818C25E93CE1AC0C.e.13114"}]}
COMMAND: POST /session/6f873cfbd9220f733b1c899e801fac9f/element/f.0D8D1E8C4444AAF4F6CCCAD0803F9B10.d.5E59F2BEC0EA4A62818C25E93CE1AC0C.e.13114/click - {}
COMMAND: GET /session/6f873cfbd9220f733b1c899e801fac9f/screenshot - {}
RESULT: {}
RESULT: {}
COMMAND: GET /session/6f873cfbd9220f733b1c899e801fac9f/screenshot - {}
RESULT: undefined
COMMAND: POST /session/6f873cfbd9220f733b1c899e801fac9f/execute/async - {"script":"<script> [776 bytes]","args":[{"enterText":"External Partner WDIO","selector":{"id":"application-managepartners-display-component---NewPartner--addressDetailDetailsName1","interaction":{"idSuffix":"inner"}},"clearTextFirst":true,"interactionType":"ENTER_TEXT"}]}
RESULT: {}
RESULT: {}
RESULT: {"script":"<script> [776 bytes]","args":[{"enterText":"External Partner WDIO","selector":{"id":"application-managepartners-display-component---NewPartner--addressDetailDetailsName1","interaction":{"idSuffix":"inner"}},"clearTextFirst":true,"interactionType":"ENTER_TEXT"}]}
RESULT: undefined
COMMAND: POST /session/6f873cfbd9220f733b1c899e801fac9f/element - {"using":"xpath","value":"//*[@id=\"application-managepartners-display-component---NewPartner--addressDetailDetailsLanguage-arrow\"]"}
RESULT: {"using":"xpath","value":"//*[@id=\"application-managepartners-display-component---NewPartner--addressDetailDetailsLanguage-arrow\"]"}
COMMAND: POST /session/6f873cfbd9220f733b1c899e801fac9f/element/f.0D8D1E8C4444AAF4F6CCCAD0803F9B10.d.5E59F2BEC0EA4A62818C25E93CE1AC0C.e.13559/click - {}
RESULT: {}
COMMAND: POST /session/6f873cfbd9220f733b1c899e801fac9f/element - {"using":"xpath","value":"//span[contains(text(), \"English\")]"}
COMMAND: GET /session/6f873cfbd9220f733b1c899e801fac9f/screenshot - {}
RESULT: {"using":"xpath","value":"//span[contains(text(), \"English\")]"}
COMMAND: POST /session/6f873cfbd9220f733b1c899e801fac9f/element/f.0D8D1E8C4444AAF4F6CCCAD0803F9B10.d.5E59F2BEC0EA4A62818C25E93CE1AC0C.e.13560/click - {}
RESULT: {}
RESULT: {}
COMMAND: GET /session/6f873cfbd9220f733b1c899e801fac9f/screenshot - {}
RESULT: {}
RESULT: undefined
COMMAND: POST /session/6f873cfbd9220f733b1c899e801fac9f/execute/async - {"script":"<script> [776 bytes]","args":[{"enterText":"Rosario","selector":{"id":"application-managepartners-display-component---NewPartner--addressDetailDetailsCity1","interaction":{"idSuffix":"inner"}},"clearTextFirst":true,"interactionType":"ENTER_TEXT"}]}
RESULT: {"script":"<script> [776 bytes]","args":[{"enterText":"Rosario","selector":{"id":"application-managepartners-display-component---NewPartner--addressDetailDetailsCity1","interaction":{"idSuffix":"inner"}},"clearTextFirst":true,"interactionType":"ENTER_TEXT"}]}
RESULT: undefined
COMMAND: POST /session/6f873cfbd9220f733b1c899e801fac9f/element - {"using":"xpath","value":"//*[@id=\"application-managepartners-display-component---NewPartner--addressDetailDetailsCountry-arrow\"]"}
RESULT: {"using":"xpath","value":"//*[@id=\"application-managepartners-display-component---NewPartner--addressDetailDetailsCountry-arrow\"]"}
COMMAND: POST /session/6f873cfbd9220f733b1c899e801fac9f/element/f.0D8D1E8C4444AAF4F6CCCAD0803F9B10.d.5E59F2BEC0EA4A62818C25E93CE1AC0C.e.13528/click - {}
RESULT: {}
COMMAND: POST /session/6f873cfbd9220f733b1c899e801fac9f/element - {"using":"xpath","value":"//span[contains(text(), \"Argentina\")]"}
COMMAND: GET /session/6f873cfbd9220f733b1c899e801fac9f/screenshot - {}
RESULT: {"using":"xpath","value":"//span[contains(text(), \"Argentina\")]"}
COMMAND: POST /session/6f873cfbd9220f733b1c899e801fac9f/element/f.0D8D1E8C4444AAF4F6CCCAD0803F9B10.d.5E59F2BEC0EA4A62818C25E93CE1AC0C.e.13561/click - {}
RESULT: {}
RESULT: {}
COMMAND: GET /session/6f873cfbd9220f733b1c899e801fac9f/screenshot - {}
RESULT: {}
COMMAND: POST /session/6f873cfbd9220f733b1c899e801fac9f/element - {"using":"xpath","value":"//bdi[contains(text(), \"Commercial\")]"}
RESULT: {"using":"xpath","value":"//bdi[contains(text(), \"Commercial\")]"}
COMMAND: POST /session/6f873cfbd9220f733b1c899e801fac9f/element/f.0D8D1E8C4444AAF4F6CCCAD0803F9B10.d.5E59F2BEC0EA4A62818C25E93CE1AC0C.e.13562/click - {}
RESULT: {}
COMMAND: GET /session/6f873cfbd9220f733b1c899e801fac9f/screenshot - {}
RESULT: {}
RESULT: undefined
COMMAND: POST /session/6f873cfbd9220f733b1c899e801fac9f/element - {"using":"xpath","value":"//*[@id=\"application-managepartners-display-component---NewPartner--partnerDetailInternal-arrow\"]"}
RESULT: {"using":"xpath","value":"//*[@id=\"application-managepartners-display-component---NewPartner--partnerDetailInternal-arrow\"]"}
COMMAND: POST /session/6f873cfbd9220f733b1c899e801fac9f/element/f.0D8D1E8C4444AAF4F6CCCAD0803F9B10.d.5E59F2BEC0EA4A62818C25E93CE1AC0C.e.13568/click - {}
RESULT: {}
COMMAND: POST /session/6f873cfbd9220f733b1c899e801fac9f/element - {"using":"xpath","value":"//span[contains(text(), \"External partner\")]"}
COMMAND: GET /session/6f873cfbd9220f733b1c899e801fac9f/screenshot - {}
RESULT: {"using":"xpath","value":"//span[contains(text(), \"External partner\")]"}
COMMAND: POST /session/6f873cfbd9220f733b1c899e801fac9f/element/f.0D8D1E8C4444AAF4F6CCCAD0803F9B10.d.5E59F2BEC0EA4A62818C25E93CE1AC0C.e.13569/click - {}
RESULT: {}
RESULT: {}
RESULT: undefined
COMMAND: POST /session/6f873cfbd9220f733b1c899e801fac9f/element - {"using":"xpath","value":"//*[@id=\"application-managepartners-display-component---NewPartner--partnerDetailsCurrency-arrow\"]"}
COMMAND: GET /session/6f873cfbd9220f733b1c899e801fac9f/screenshot - {}
RESULT: {"using":"xpath","value":"//*[@id=\"application-managepartners-display-component---NewPartner--partnerDetailsCurrency-arrow\"]"}
COMMAND: POST /session/6f873cfbd9220f733b1c899e801fac9f/element/f.0D8D1E8C4444AAF4F6CCCAD0803F9B10.d.5E59F2BEC0EA4A62818C25E93CE1AC0C.e.13574/click - {}
RESULT: {}
RESULT: {}
COMMAND: POST /session/6f873cfbd9220f733b1c899e801fac9f/element - {"using":"xpath","value":"//span[contains(text(), \"US Dollar\")]"}
COMMAND: GET /session/6f873cfbd9220f733b1c899e801fac9f/screenshot - {}
RESULT: {"using":"xpath","value":"//span[contains(text(), \"US Dollar\")]"}
COMMAND: POST /session/6f873cfbd9220f733b1c899e801fac9f/element/f.0D8D1E8C4444AAF4F6CCCAD0803F9B10.d.5E59F2BEC0EA4A62818C25E93CE1AC0C.e.13575/click - {}
RESULT: {}
RESULT: {}
COMMAND: GET /session/6f873cfbd9220f733b1c899e801fac9f/screenshot - {}
RESULT: {}
COMMAND: POST /session/6f873cfbd9220f733b1c899e801fac9f/element - {"using":"xpath","value":"//input[@id=\"application-managepartners-display-component---NewPartner--companyCodeComboBox-inner\"]"}
RESULT: {"using":"xpath","value":"//input[@id=\"application-managepartners-display-component---NewPartner--companyCodeComboBox-inner\"]"}
COMMAND: POST /session/6f873cfbd9220f733b1c899e801fac9f/element/f.0D8D1E8C4444AAF4F6CCCAD0803F9B10.d.5E59F2BEC0EA4A62818C25E93CE1AC0C.e.13427/clear - {}
RESULT: {}
COMMAND: POST /session/6f873cfbd9220f733b1c899e801fac9f/element/f.0D8D1E8C4444AAF4F6CCCAD0803F9B10.d.5E59F2BEC0EA4A62818C25E93CE1AC0C.e.13427/value - {"text":"C002"}
COMMAND: GET /session/6f873cfbd9220f733b1c899e801fac9f/screenshot - {}
RESULT: {"text":"C002"}
COMMAND: GET /session/6f873cfbd9220f733b1c899e801fac9f/screenshot - {}
RESULT: {}
RESULT: {}
COMMAND: POST /session/6f873cfbd9220f733b1c899e801fac9f/element - {"using":"xpath","value":"//li[.//span[text()= \"C002\"]]"}
RESULT: {"using":"xpath","value":"//li[.//span[text()= \"C002\"]]"}
COMMAND: POST /session/6f873cfbd9220f733b1c899e801fac9f/element/f.0D8D1E8C4444AAF4F6CCCAD0803F9B10.d.5E59F2BEC0EA4A62818C25E93CE1AC0C.e.13579/click - {}
RESULT: {}
COMMAND: GET /session/6f873cfbd9220f733b1c899e801fac9f/screenshot - {}
RESULT: {}
RESULT: undefined
COMMAND: POST /session/6f873cfbd9220f733b1c899e801fac9f/element - {"using":"xpath","value":"//*[@id=\"application-managepartners-display-component---NewPartner--btnAddTableRow-img\"]"}
RESULT: {"using":"xpath","value":"//*[@id=\"application-managepartners-display-component---NewPartner--btnAddTableRow-img\"]"}
COMMAND: POST /session/6f873cfbd9220f733b1c899e801fac9f/element/f.0D8D1E8C4444AAF4F6CCCAD0803F9B10.d.5E59F2BEC0EA4A62818C25E93CE1AC0C.e.13580/click - {}
RESULT: {}
COMMAND: GET /session/6f873cfbd9220f733b1c899e801fac9f/screenshot - {}
COMMAND: POST /session/6f873cfbd9220f733b1c899e801fac9f/element - {"using":"xpath","value":"//input[@id=\"application-managepartners-display-component---NewPartner--assignmentYard-application-managepartners-display-component---NewPartner--assignmentsTable-0-inner\"]"}
RESULT: {}
RESULT: {"using":"xpath","value":"//input[@id=\"application-managepartners-display-component---NewPartner--assignmentYard-application-managepartners-display-component---NewPartner--assignmentsTable-0-inner\"]"}
COMMAND: POST /session/6f873cfbd9220f733b1c899e801fac9f/element/f.0D8D1E8C4444AAF4F6CCCAD0803F9B10.d.5E59F2BEC0EA4A62818C25E93CE1AC0C.e.13583/clear - {}
RESULT: {}
COMMAND: POST /session/6f873cfbd9220f733b1c899e801fac9f/element/f.0D8D1E8C4444AAF4F6CCCAD0803F9B10.d.5E59F2BEC0EA4A62818C25E93CE1AC0C.e.13583/value - {"text":"309"}
COMMAND: GET /session/6f873cfbd9220f733b1c899e801fac9f/screenshot - {}
RESULT: {"text":"309"}
COMMAND: GET /session/6f873cfbd9220f733b1c899e801fac9f/screenshot - {}
RESULT: {}
RESULT: {}
COMMAND: POST /session/6f873cfbd9220f733b1c899e801fac9f/element - {"using":"xpath","value":"//li[.//span[text()='309']]"}
RESULT: {"using":"xpath","value":"//li[.//span[text()='309']]"}
COMMAND: POST /session/6f873cfbd9220f733b1c899e801fac9f/element/f.0D8D1E8C4444AAF4F6CCCAD0803F9B10.d.5E59F2BEC0EA4A62818C25E93CE1AC0C.e.13591/click - {}
RESULT: {}
COMMAND: GET /session/6f873cfbd9220f733b1c899e801fac9f/screenshot - {}
RESULT: {}
COMMAND: POST /session/6f873cfbd9220f733b1c899e801fac9f/actions - {"actions":[{"id":"action37","type":"key","parameters":{},"actions":[{"type":"keyDown","value":"î€‡"},{"type":"pause","duration":10},{"type":"keyUp","value":"î€‡"}]}]}
RESULT: {"actions":[{"id":"action37","type":"key","parameters":{},"actions":[{"type":"keyDown","value":"î€‡"},{"type":"pause","duration":10},{"type":"keyUp","value":"î€‡"}]}]}
COMMAND: POST /session/6f873cfbd9220f733b1c899e801fac9f/element - {"using":"xpath","value":"//td[contains(@id, \"assignmentsTable-0-cell2\")]/div/div"}
COMMAND: GET /session/6f873cfbd9220f733b1c899e801fac9f/screenshot - {}
RESULT: {"using":"xpath","value":"//td[contains(@id, \"assignmentsTable-0-cell2\")]/div/div"}
COMMAND: POST /session/6f873cfbd9220f733b1c899e801fac9f/element/f.0D8D1E8C4444AAF4F6CCCAD0803F9B10.d.5E59F2BEC0EA4A62818C25E93CE1AC0C.e.13594/click - {}
RESULT: {}
RESULT: {}
COMMAND: GET /session/6f873cfbd9220f733b1c899e801fac9f/screenshot - {}
RESULT: {}
COMMAND: POST /session/6f873cfbd9220f733b1c899e801fac9f/element - {"using":"xpath","value":"//button[@data-kt=\"saveButton\"]"}
RESULT: {"using":"xpath","value":"//button[@data-kt=\"saveButton\"]"}
COMMAND: POST /session/6f873cfbd9220f733b1c899e801fac9f/element/f.0D8D1E8C4444AAF4F6CCCAD0803F9B10.d.5E59F2BEC0EA4A62818C25E93CE1AC0C.e.13458/click - {}
RESULT: {}
COMMAND: GET /session/6f873cfbd9220f733b1c899e801fac9f/screenshot - {}
RESULT: {}
COMMAND: POST /session/6f873cfbd9220f733b1c899e801fac9f/element - {"using":"xpath","value":"//header[contains(@id, 'ObjectPageLayout-headerTitle')]/div[1]/div[2]/div[2]/span[1]"}
RESULT: {"using":"xpath","value":"//header[contains(@id, 'ObjectPageLayout-headerTitle')]/div[1]/div[2]/div[2]/span[1]"}
COMMAND: POST /session/6f873cfbd9220f733b1c899e801fac9f/elements - {"using":"xpath","value":"//header[contains(@id, 'ObjectPageLayout-headerTitle')]/div[1]/div[2]/div[2]/span[1]"}
RESULT: {"using":"xpath","value":"//header[contains(@id, 'ObjectPageLayout-headerTitle')]/div[1]/div[2]/div[2]/span[1]"}
COMMAND: POST /session/6f873cfbd9220f733b1c899e801fac9f/execute/sync - {"script":"<script> [56 bytes]","args":[{"element-6066-11e4-a52e-4f735466cecf":"f.0D8D1E8C4444AAF4F6CCCAD0803F9B10.d.5E59F2BEC0EA4A62818C25E93CE1AC0C.e.13757","ELEMENT":"f.0D8D1E8C4444AAF4F6CCCAD0803F9B10.d.5E59F2BEC0EA4A62818C25E93CE1AC0C.e.13757"}]}
RESULT: {"script":"<script> [56 bytes]","args":[{"element-6066-11e4-a52e-4f735466cecf":"f.0D8D1E8C4444AAF4F6CCCAD0803F9B10.d.5E59F2BEC0EA4A62818C25E93CE1AC0C.e.13757","ELEMENT":"f.0D8D1E8C4444AAF4F6CCCAD0803F9B10.d.5E59F2BEC0EA4A62818C25E93CE1AC0C.e.13757"}]}
COMMAND: POST /session/6f873cfbd9220f733b1c899e801fac9f/element - {"using":"css selector","value":"#shell-header-logo"}
COMMAND: GET /session/6f873cfbd9220f733b1c899e801fac9f/screenshot - {}
RESULT: {"using":"css selector","value":"#shell-header-logo"}
COMMAND: POST /session/6f873cfbd9220f733b1c899e801fac9f/element/f.0D8D1E8C4444AAF4F6CCCAD0803F9B10.d.5E59F2BEC0EA4A62818C25E93CE1AC0C.e.13069/click - {}
RESULT: {}
RESULT: {}
COMMAND: GET /session/6f873cfbd9220f733b1c899e801fac9f/screenshot - {}
RESULT: {}
COMMAND: POST /session/6f873cfbd9220f733b1c899e801fac9f/execute/sync - {"script":"<script> [299 bytes]","args":[["getModel","getResource"]]}
RESULT: {"script":"<script> [299 bytes]","args":[["getModel","getResource"]]}
COMMAND: GET /session/6f873cfbd9220f733b1c899e801fac9f/screenshot - {}
RESULT: {}
COMMAND: DELETE /session/6f873cfbd9220f733b1c899e801fac9f - {}
RESULT: {}
]]></system-out>
    </testcase>
  </testsuite>
</testsuites>