<?xml version="1.0" encoding="UTF-8"?>
<testsuites tests="48" failures="0" errors="0" skipped="0">
  <testsuite timestamp="2025-04-23T17:24:19" time="1048.969" tests="12" failures="0" errors="0" skipped="0">
    <properties>
      <property name="specId" value="0"/>
      <property name="suiteName" value="Billing Transfer - Master data &amp; Intercompany US127250"/>
      <property name="capabilities" value="chrome.135_0_7049_96.windows"/>
      <property name="file" value="file:///D:/a/1/s/test/specs/BTS/billing-transfer-intercompany.spec.js"/>
    </properties>
    <testcase classname="chrome.135_0_7049_96.windows.Billing_Transfer_-_Master_data_&amp;_Intercompany_US127250" name="Should create a new yard" time="122.15">
      <system-out><![CDATA[
COMMAND: POST /session/129c046a4c158aab34184c97257eb527/window/fullscreen - {}
RESULT: {}
COMMAND: POST /session/129c046a4c158aab34184c97257eb527/execute/async - {"script":"<script> [1562 bytes]","args":[{"selector":{"controlType":"sap.m.GenericTile","properties":{"header":"Manage Yards"}},"wdio_ui5_key":"sapm.GenericTile{\"header\":\"Manage Yards\"}"}]}
RESULT: {"script":"<script> [1562 bytes]","args":[{"selector":{"controlType":"sap.m.GenericTile","properties":{"header":"Manage Yards"}},"wdio_ui5_key":"sapm.GenericTile{\"header\":\"Manage Yards\"}"}]}
RESULT: undefined
COMMAND: POST /session/129c046a4c158aab34184c97257eb527/element - {"using":"xpath","value":"//*[@id=\"__tile41\"]"}
RESULT: {"using":"xpath","value":"//*[@id=\"__tile41\"]"}
COMMAND: POST /session/129c046a4c158aab34184c97257eb527/element/f.8E45E670A1384E074590F00FAD9F292A.d.B24D1D6B434CE69CE5622DE330DE5367.e.169/click - {}
RESULT: {}
COMMAND: POST /session/129c046a4c158aab34184c97257eb527/element - {"using":"xpath","value":"//button[@data-kt=\"addNewYardOverflowToolbarButton\"]"}
COMMAND: GET /session/129c046a4c158aab34184c97257eb527/screenshot - {}
RESULT: {"using":"xpath","value":"//button[@data-kt=\"addNewYardOverflowToolbarButton\"]"}
COMMAND: POST /session/129c046a4c158aab34184c97257eb527/elements - {"using":"xpath","value":"//button[@data-kt=\"addNewYardOverflowToolbarButton\"]"}
RESULT: {}
RESULT: {"using":"xpath","value":"//button[@data-kt=\"addNewYardOverflowToolbarButton\"]"}
COMMAND: POST /session/129c046a4c158aab34184c97257eb527/elements - {"using":"xpath","value":"//button[@data-kt=\"addNewYardOverflowToolbarButton\"]"}
RESULT: {"using":"xpath","value":"//button[@data-kt=\"addNewYardOverflowToolbarButton\"]"}
COMMAND: POST /session/129c046a4c158aab34184c97257eb527/elements - {"using":"xpath","value":"//button[@data-kt=\"addNewYardOverflowToolbarButton\"]"}
RESULT: {"using":"xpath","value":"//button[@data-kt=\"addNewYardOverflowToolbarButton\"]"}
COMMAND: POST /session/129c046a4c158aab34184c97257eb527/elements - {"using":"xpath","value":"//button[@data-kt=\"addNewYardOverflowToolbarButton\"]"}
RESULT: {"using":"xpath","value":"//button[@data-kt=\"addNewYardOverflowToolbarButton\"]"}
COMMAND: POST /session/129c046a4c158aab34184c97257eb527/elements - {"using":"xpath","value":"//button[@data-kt=\"addNewYardOverflowToolbarButton\"]"}
RESULT: {"using":"xpath","value":"//button[@data-kt=\"addNewYardOverflowToolbarButton\"]"}
COMMAND: POST /session/129c046a4c158aab34184c97257eb527/elements - {"using":"xpath","value":"//button[@data-kt=\"addNewYardOverflowToolbarButton\"]"}
RESULT: {"using":"xpath","value":"//button[@data-kt=\"addNewYardOverflowToolbarButton\"]"}
COMMAND: POST /session/129c046a4c158aab34184c97257eb527/elements - {"using":"xpath","value":"//button[@data-kt=\"addNewYardOverflowToolbarButton\"]"}
RESULT: {"using":"xpath","value":"//button[@data-kt=\"addNewYardOverflowToolbarButton\"]"}
COMMAND: POST /session/129c046a4c158aab34184c97257eb527/elements - {"using":"xpath","value":"//button[@data-kt=\"addNewYardOverflowToolbarButton\"]"}
RESULT: {"using":"xpath","value":"//button[@data-kt=\"addNewYardOverflowToolbarButton\"]"}
COMMAND: POST /session/129c046a4c158aab34184c97257eb527/elements - {"using":"xpath","value":"//button[@data-kt=\"addNewYardOverflowToolbarButton\"]"}
RESULT: {"using":"xpath","value":"//button[@data-kt=\"addNewYardOverflowToolbarButton\"]"}
COMMAND: POST /session/129c046a4c158aab34184c97257eb527/elements - {"using":"xpath","value":"//button[@data-kt=\"addNewYardOverflowToolbarButton\"]"}
RESULT: {"using":"xpath","value":"//button[@data-kt=\"addNewYardOverflowToolbarButton\"]"}
COMMAND: POST /session/129c046a4c158aab34184c97257eb527/elements - {"using":"xpath","value":"//button[@data-kt=\"addNewYardOverflowToolbarButton\"]"}
RESULT: {"using":"xpath","value":"//button[@data-kt=\"addNewYardOverflowToolbarButton\"]"}
COMMAND: POST /session/129c046a4c158aab34184c97257eb527/elements - {"using":"xpath","value":"//button[@data-kt=\"addNewYardOverflowToolbarButton\"]"}
RESULT: {"using":"xpath","value":"//button[@data-kt=\"addNewYardOverflowToolbarButton\"]"}
COMMAND: POST /session/129c046a4c158aab34184c97257eb527/elements - {"using":"xpath","value":"//button[@data-kt=\"addNewYardOverflowToolbarButton\"]"}
RESULT: {"using":"xpath","value":"//button[@data-kt=\"addNewYardOverflowToolbarButton\"]"}
COMMAND: POST /session/129c046a4c158aab34184c97257eb527/elements - {"using":"xpath","value":"//button[@data-kt=\"addNewYardOverflowToolbarButton\"]"}
RESULT: {"using":"xpath","value":"//button[@data-kt=\"addNewYardOverflowToolbarButton\"]"}
COMMAND: POST /session/129c046a4c158aab34184c97257eb527/elements - {"using":"xpath","value":"//button[@data-kt=\"addNewYardOverflowToolbarButton\"]"}
RESULT: {"using":"xpath","value":"//button[@data-kt=\"addNewYardOverflowToolbarButton\"]"}
COMMAND: POST /session/129c046a4c158aab34184c97257eb527/elements - {"using":"xpath","value":"//button[@data-kt=\"addNewYardOverflowToolbarButton\"]"}
RESULT: {"using":"xpath","value":"//button[@data-kt=\"addNewYardOverflowToolbarButton\"]"}
COMMAND: POST /session/129c046a4c158aab34184c97257eb527/elements - {"using":"xpath","value":"//button[@data-kt=\"addNewYardOverflowToolbarButton\"]"}
RESULT: {"using":"xpath","value":"//button[@data-kt=\"addNewYardOverflowToolbarButton\"]"}
COMMAND: POST /session/129c046a4c158aab34184c97257eb527/elements - {"using":"xpath","value":"//button[@data-kt=\"addNewYardOverflowToolbarButton\"]"}
RESULT: {"using":"xpath","value":"//button[@data-kt=\"addNewYardOverflowToolbarButton\"]"}
COMMAND: POST /session/129c046a4c158aab34184c97257eb527/elements - {"using":"xpath","value":"//button[@data-kt=\"addNewYardOverflowToolbarButton\"]"}
RESULT: {"using":"xpath","value":"//button[@data-kt=\"addNewYardOverflowToolbarButton\"]"}
COMMAND: POST /session/129c046a4c158aab34184c97257eb527/elements - {"using":"xpath","value":"//button[@data-kt=\"addNewYardOverflowToolbarButton\"]"}
RESULT: {"using":"xpath","value":"//button[@data-kt=\"addNewYardOverflowToolbarButton\"]"}
COMMAND: POST /session/129c046a4c158aab34184c97257eb527/elements - {"using":"xpath","value":"//button[@data-kt=\"addNewYardOverflowToolbarButton\"]"}
RESULT: {"using":"xpath","value":"//button[@data-kt=\"addNewYardOverflowToolbarButton\"]"}
COMMAND: POST /session/129c046a4c158aab34184c97257eb527/elements - {"using":"xpath","value":"//button[@data-kt=\"addNewYardOverflowToolbarButton\"]"}
RESULT: {"using":"xpath","value":"//button[@data-kt=\"addNewYardOverflowToolbarButton\"]"}
COMMAND: POST /session/129c046a4c158aab34184c97257eb527/elements - {"using":"xpath","value":"//button[@data-kt=\"addNewYardOverflowToolbarButton\"]"}
RESULT: {"using":"xpath","value":"//button[@data-kt=\"addNewYardOverflowToolbarButton\"]"}
COMMAND: POST /session/129c046a4c158aab34184c97257eb527/elements - {"using":"xpath","value":"//button[@data-kt=\"addNewYardOverflowToolbarButton\"]"}
RESULT: {"using":"xpath","value":"//button[@data-kt=\"addNewYardOverflowToolbarButton\"]"}
COMMAND: POST /session/129c046a4c158aab34184c97257eb527/elements - {"using":"xpath","value":"//button[@data-kt=\"addNewYardOverflowToolbarButton\"]"}
RESULT: {"using":"xpath","value":"//button[@data-kt=\"addNewYardOverflowToolbarButton\"]"}
COMMAND: POST /session/129c046a4c158aab34184c97257eb527/elements - {"using":"xpath","value":"//button[@data-kt=\"addNewYardOverflowToolbarButton\"]"}
RESULT: {"using":"xpath","value":"//button[@data-kt=\"addNewYardOverflowToolbarButton\"]"}
COMMAND: POST /session/129c046a4c158aab34184c97257eb527/elements - {"using":"xpath","value":"//button[@data-kt=\"addNewYardOverflowToolbarButton\"]"}
RESULT: {"using":"xpath","value":"//button[@data-kt=\"addNewYardOverflowToolbarButton\"]"}
COMMAND: POST /session/129c046a4c158aab34184c97257eb527/elements - {"using":"xpath","value":"//button[@data-kt=\"addNewYardOverflowToolbarButton\"]"}
RESULT: {"using":"xpath","value":"//button[@data-kt=\"addNewYardOverflowToolbarButton\"]"}
COMMAND: POST /session/129c046a4c158aab34184c97257eb527/elements - {"using":"xpath","value":"//button[@data-kt=\"addNewYardOverflowToolbarButton\"]"}
RESULT: {"using":"xpath","value":"//button[@data-kt=\"addNewYardOverflowToolbarButton\"]"}
COMMAND: POST /session/129c046a4c158aab34184c97257eb527/elements - {"using":"xpath","value":"//button[@data-kt=\"addNewYardOverflowToolbarButton\"]"}
RESULT: {"using":"xpath","value":"//button[@data-kt=\"addNewYardOverflowToolbarButton\"]"}
COMMAND: POST /session/129c046a4c158aab34184c97257eb527/elements - {"using":"xpath","value":"//button[@data-kt=\"addNewYardOverflowToolbarButton\"]"}
RESULT: {"using":"xpath","value":"//button[@data-kt=\"addNewYardOverflowToolbarButton\"]"}
COMMAND: POST /session/129c046a4c158aab34184c97257eb527/elements - {"using":"xpath","value":"//button[@data-kt=\"addNewYardOverflowToolbarButton\"]"}
RESULT: {"using":"xpath","value":"//button[@data-kt=\"addNewYardOverflowToolbarButton\"]"}
COMMAND: POST /session/129c046a4c158aab34184c97257eb527/elements - {"using":"xpath","value":"//button[@data-kt=\"addNewYardOverflowToolbarButton\"]"}
RESULT: {"using":"xpath","value":"//button[@data-kt=\"addNewYardOverflowToolbarButton\"]"}
COMMAND: POST /session/129c046a4c158aab34184c97257eb527/elements - {"using":"xpath","value":"//button[@data-kt=\"addNewYardOverflowToolbarButton\"]"}
RESULT: {"using":"xpath","value":"//button[@data-kt=\"addNewYardOverflowToolbarButton\"]"}
COMMAND: POST /session/129c046a4c158aab34184c97257eb527/elements - {"using":"xpath","value":"//button[@data-kt=\"addNewYardOverflowToolbarButton\"]"}
RESULT: {"using":"xpath","value":"//button[@data-kt=\"addNewYardOverflowToolbarButton\"]"}
COMMAND: POST /session/129c046a4c158aab34184c97257eb527/elements - {"using":"xpath","value":"//button[@data-kt=\"addNewYardOverflowToolbarButton\"]"}
RESULT: {"using":"xpath","value":"//button[@data-kt=\"addNewYardOverflowToolbarButton\"]"}
COMMAND: POST /session/129c046a4c158aab34184c97257eb527/elements - {"using":"xpath","value":"//button[@data-kt=\"addNewYardOverflowToolbarButton\"]"}
RESULT: {"using":"xpath","value":"//button[@data-kt=\"addNewYardOverflowToolbarButton\"]"}
COMMAND: POST /session/129c046a4c158aab34184c97257eb527/elements - {"using":"xpath","value":"//button[@data-kt=\"addNewYardOverflowToolbarButton\"]"}
RESULT: {"using":"xpath","value":"//button[@data-kt=\"addNewYardOverflowToolbarButton\"]"}
COMMAND: POST /session/129c046a4c158aab34184c97257eb527/elements - {"using":"xpath","value":"//button[@data-kt=\"addNewYardOverflowToolbarButton\"]"}
RESULT: {"using":"xpath","value":"//button[@data-kt=\"addNewYardOverflowToolbarButton\"]"}
COMMAND: POST /session/129c046a4c158aab34184c97257eb527/elements - {"using":"xpath","value":"//button[@data-kt=\"addNewYardOverflowToolbarButton\"]"}
RESULT: {"using":"xpath","value":"//button[@data-kt=\"addNewYardOverflowToolbarButton\"]"}
COMMAND: POST /session/129c046a4c158aab34184c97257eb527/elements - {"using":"xpath","value":"//button[@data-kt=\"addNewYardOverflowToolbarButton\"]"}
RESULT: {"using":"xpath","value":"//button[@data-kt=\"addNewYardOverflowToolbarButton\"]"}
COMMAND: POST /session/129c046a4c158aab34184c97257eb527/element - {"using":"xpath","value":"//button[@data-kt=\"addNewYardOverflowToolbarButton\"]"}
RESULT: {"using":"xpath","value":"//button[@data-kt=\"addNewYardOverflowToolbarButton\"]"}
COMMAND: POST /session/129c046a4c158aab34184c97257eb527/execute/sync - {"script":"<script> [8489 bytes]","args":[{"element-6066-11e4-a52e-4f735466cecf":"f.8E45E670A1384E074590F00FAD9F292A.d.B24D1D6B434CE69CE5622DE330DE5367.e.306","ELEMENT":"f.8E45E670A1384E074590F00FAD9F292A.d.B24D1D6B434CE69CE5622DE330DE5367.e.306"}]}
RESULT: {"script":"<script> [8489 bytes]","args":[{"element-6066-11e4-a52e-4f735466cecf":"f.8E45E670A1384E074590F00FAD9F292A.d.B24D1D6B434CE69CE5622DE330DE5367.e.306","ELEMENT":"f.8E45E670A1384E074590F00FAD9F292A.d.B24D1D6B434CE69CE5622DE330DE5367.e.306"}]}
COMMAND: GET /session/129c046a4c158aab34184c97257eb527/element/f.8E45E670A1384E074590F00FAD9F292A.d.B24D1D6B434CE69CE5622DE330DE5367.e.306/enabled - {}
COMMAND: GET /session/129c046a4c158aab34184c97257eb527/screenshot - {}
RESULT: {}
COMMAND: POST /session/129c046a4c158aab34184c97257eb527/execute/sync - {"script":"<script> [8489 bytes]","args":[{"element-6066-11e4-a52e-4f735466cecf":"f.8E45E670A1384E074590F00FAD9F292A.d.B24D1D6B434CE69CE5622DE330DE5367.e.306","ELEMENT":"f.8E45E670A1384E074590F00FAD9F292A.d.B24D1D6B434CE69CE5622DE330DE5367.e.306"}]}
COMMAND: GET /session/129c046a4c158aab34184c97257eb527/screenshot - {}
RESULT: {}
RESULT: {"script":"<script> [8489 bytes]","args":[{"element-6066-11e4-a52e-4f735466cecf":"f.8E45E670A1384E074590F00FAD9F292A.d.B24D1D6B434CE69CE5622DE330DE5367.e.306","ELEMENT":"f.8E45E670A1384E074590F00FAD9F292A.d.B24D1D6B434CE69CE5622DE330DE5367.e.306"}]}
COMMAND: POST /session/129c046a4c158aab34184c97257eb527/execute/sync - {"script":"<script> [5351 bytes]","args":[{"element-6066-11e4-a52e-4f735466cecf":"f.8E45E670A1384E074590F00FAD9F292A.d.B24D1D6B434CE69CE5622DE330DE5367.e.306","ELEMENT":"f.8E45E670A1384E074590F00FAD9F292A.d.B24D1D6B434CE69CE5622DE330DE5367.e.306"}]}
COMMAND: GET /session/129c046a4c158aab34184c97257eb527/screenshot - {}
RESULT: {}
RESULT: {"script":"<script> [5351 bytes]","args":[{"element-6066-11e4-a52e-4f735466cecf":"f.8E45E670A1384E074590F00FAD9F292A.d.B24D1D6B434CE69CE5622DE330DE5367.e.306","ELEMENT":"f.8E45E670A1384E074590F00FAD9F292A.d.B24D1D6B434CE69CE5622DE330DE5367.e.306"}]}
COMMAND: POST /session/129c046a4c158aab34184c97257eb527/element/f.8E45E670A1384E074590F00FAD9F292A.d.B24D1D6B434CE69CE5622DE330DE5367.e.306/click - {}
COMMAND: GET /session/129c046a4c158aab34184c97257eb527/screenshot - {}
RESULT: {}
RESULT: {}
COMMAND: GET /session/129c046a4c158aab34184c97257eb527/screenshot - {}
COMMAND: POST /session/129c046a4c158aab34184c97257eb527/element - {"using":"xpath","value":"//input[@id=\"application-manageyards-display-component---NewYard--yardId-inner\"]"}
RESULT: {}
RESULT: {}
RESULT: {"using":"xpath","value":"//input[@id=\"application-manageyards-display-component---NewYard--yardId-inner\"]"}
COMMAND: POST /session/129c046a4c158aab34184c97257eb527/element - {"using":"xpath","value":"//input[@id=\"application-manageyards-display-component---NewYard--yardId-inner\"]"}
RESULT: {"using":"xpath","value":"//input[@id=\"application-manageyards-display-component---NewYard--yardId-inner\"]"}
COMMAND: POST /session/129c046a4c158aab34184c97257eb527/execute/async - {"script":"<script> [1562 bytes]","args":[{"selector":{"id":"application-manageyards-display-component---NewYard--addressDetailDetailsName1","interaction":{"idSuffix":"inner"}},"wdio_ui5_key":"applicationmanageyards-display-component---NewYard--addressDetailDetailsName1"}]}
RESULT: {"script":"<script> [1562 bytes]","args":[{"selector":{"id":"application-manageyards-display-component---NewYard--addressDetailDetailsName1","interaction":{"idSuffix":"inner"}},"wdio_ui5_key":"applicationmanageyards-display-component---NewYard--addressDetailDetailsName1"}]}
RESULT: undefined
COMMAND: POST /session/129c046a4c158aab34184c97257eb527/execute/async - {"script":"<script> [776 bytes]","args":[{"enterText":"Intercompany Yard wdIO","selector":{"id":"application-manageyards-display-component---NewYard--addressDetailDetailsName1","interaction":{"idSuffix":"inner"}},"clearTextFirst":true,"interactionType":"ENTER_TEXT"}]}
RESULT: {"script":"<script> [776 bytes]","args":[{"enterText":"Intercompany Yard wdIO","selector":{"id":"application-manageyards-display-component---NewYard--addressDetailDetailsName1","interaction":{"idSuffix":"inner"}},"clearTextFirst":true,"interactionType":"ENTER_TEXT"}]}
COMMAND: POST /session/129c046a4c158aab34184c97257eb527/execute/async - {"script":"<script> [1562 bytes]","args":[{"selector":{"id":"application-manageyards-display-component---NewYard--addressDetailDetailsLanguage-arrow"},"wdio_ui5_key":"applicationmanageyards-display-component---NewYard--addressDetailDetailsLanguage-arrow"}]}
RESULT: {"script":"<script> [1562 bytes]","args":[{"selector":{"id":"application-manageyards-display-component---NewYard--addressDetailDetailsLanguage-arrow"},"wdio_ui5_key":"applicationmanageyards-display-component---NewYard--addressDetailDetailsLanguage-arrow"}]}
RESULT: undefined
COMMAND: POST /session/129c046a4c158aab34184c97257eb527/element - {"using":"xpath","value":"//*[@id=\"application-manageyards-display-component---NewYard--addressDetailDetailsLanguage-arrow\"]"}
RESULT: {"using":"xpath","value":"//*[@id=\"application-manageyards-display-component---NewYard--addressDetailDetailsLanguage-arrow\"]"}
COMMAND: POST /session/129c046a4c158aab34184c97257eb527/element/f.8E45E670A1384E074590F00FAD9F292A.d.B24D1D6B434CE69CE5622DE330DE5367.e.740/click - {}
RESULT: {}
COMMAND: POST /session/129c046a4c158aab34184c97257eb527/element - {"using":"xpath","value":"//span[contains(text(), \"English\")]"}
COMMAND: GET /session/129c046a4c158aab34184c97257eb527/screenshot - {}
RESULT: {"using":"xpath","value":"//span[contains(text(), \"English\")]"}
COMMAND: POST /session/129c046a4c158aab34184c97257eb527/element/f.8E45E670A1384E074590F00FAD9F292A.d.B24D1D6B434CE69CE5622DE330DE5367.e.741/click - {}
RESULT: {}
RESULT: {}
COMMAND: POST /session/129c046a4c158aab34184c97257eb527/execute/async - {"script":"<script> [1562 bytes]","args":[{"selector":{"id":"application-manageyards-display-component---NewYard--addressDetailDetailsCity1","interaction":{"idSuffix":"inner"}},"wdio_ui5_key":"applicationmanageyards-display-component---NewYard--addressDetailDetailsCity1"}]}
COMMAND: GET /session/129c046a4c158aab34184c97257eb527/screenshot - {}
RESULT: {"script":"<script> [1562 bytes]","args":[{"selector":{"id":"application-manageyards-display-component---NewYard--addressDetailDetailsCity1","interaction":{"idSuffix":"inner"}},"wdio_ui5_key":"applicationmanageyards-display-component---NewYard--addressDetailDetailsCity1"}]}
RESULT: undefined
COMMAND: POST /session/129c046a4c158aab34184c97257eb527/execute/async - {"script":"<script> [776 bytes]","args":[{"enterText":"Rosario","selector":{"id":"application-manageyards-display-component---NewYard--addressDetailDetailsCity1","interaction":{"idSuffix":"inner"}},"clearTextFirst":true,"interactionType":"ENTER_TEXT"}]}
RESULT: {}
RESULT: {"script":"<script> [776 bytes]","args":[{"enterText":"Rosario","selector":{"id":"application-manageyards-display-component---NewYard--addressDetailDetailsCity1","interaction":{"idSuffix":"inner"}},"clearTextFirst":true,"interactionType":"ENTER_TEXT"}]}
COMMAND: POST /session/129c046a4c158aab34184c97257eb527/execute/async - {"script":"<script> [1562 bytes]","args":[{"selector":{"id":"application-manageyards-display-component---NewYard--addressDetailDetailsCountry-arrow"},"wdio_ui5_key":"applicationmanageyards-display-component---NewYard--addressDetailDetailsCountry-arrow"}]}
RESULT: {"script":"<script> [1562 bytes]","args":[{"selector":{"id":"application-manageyards-display-component---NewYard--addressDetailDetailsCountry-arrow"},"wdio_ui5_key":"applicationmanageyards-display-component---NewYard--addressDetailDetailsCountry-arrow"}]}
RESULT: undefined
COMMAND: POST /session/129c046a4c158aab34184c97257eb527/element - {"using":"xpath","value":"//*[@id=\"application-manageyards-display-component---NewYard--addressDetailDetailsCountry-arrow\"]"}
RESULT: {"using":"xpath","value":"//*[@id=\"application-manageyards-display-component---NewYard--addressDetailDetailsCountry-arrow\"]"}
COMMAND: POST /session/129c046a4c158aab34184c97257eb527/element/f.8E45E670A1384E074590F00FAD9F292A.d.B24D1D6B434CE69CE5622DE330DE5367.e.743/click - {}
RESULT: {}
COMMAND: POST /session/129c046a4c158aab34184c97257eb527/element - {"using":"xpath","value":"//span[contains(text(), \"Argentina\")]"}
COMMAND: GET /session/129c046a4c158aab34184c97257eb527/screenshot - {}
RESULT: {"using":"xpath","value":"//span[contains(text(), \"Argentina\")]"}
COMMAND: POST /session/129c046a4c158aab34184c97257eb527/element/f.8E45E670A1384E074590F00FAD9F292A.d.B24D1D6B434CE69CE5622DE330DE5367.e.744/click - {}
RESULT: {}
RESULT: {}
COMMAND: POST /session/129c046a4c158aab34184c97257eb527/execute/async - {"script":"<script> [1562 bytes]","args":[{"selector":{"id":"application-manageyards-display-component---NewYard--addressEditDetailsCostObjectCstType-arrow"},"wdio_ui5_key":"applicationmanageyards-display-component---NewYard--addressEditDetailsCostObjectCstType-arrow"}]}
COMMAND: GET /session/129c046a4c158aab34184c97257eb527/screenshot - {}
RESULT: {"script":"<script> [1562 bytes]","args":[{"selector":{"id":"application-manageyards-display-component---NewYard--addressEditDetailsCostObjectCstType-arrow"},"wdio_ui5_key":"applicationmanageyards-display-component---NewYard--addressEditDetailsCostObjectCstType-arrow"}]}
RESULT: undefined
COMMAND: POST /session/129c046a4c158aab34184c97257eb527/element - {"using":"xpath","value":"//*[@id=\"application-manageyards-display-component---NewYard--addressEditDetailsCostObjectCstType-arrow\"]"}
RESULT: {}
RESULT: {"using":"xpath","value":"//*[@id=\"application-manageyards-display-component---NewYard--addressEditDetailsCostObjectCstType-arrow\"]"}
COMMAND: POST /session/129c046a4c158aab34184c97257eb527/element/f.8E45E670A1384E074590F00FAD9F292A.d.B24D1D6B434CE69CE5622DE330DE5367.e.746/click - {}
RESULT: {}
COMMAND: POST /session/129c046a4c158aab34184c97257eb527/element - {"using":"xpath","value":"//span[contains(text(), \"Cost Center\")]"}
COMMAND: GET /session/129c046a4c158aab34184c97257eb527/screenshot - {}
RESULT: {"using":"xpath","value":"//span[contains(text(), \"Cost Center\")]"}
COMMAND: POST /session/129c046a4c158aab34184c97257eb527/element/f.8E45E670A1384E074590F00FAD9F292A.d.B24D1D6B434CE69CE5622DE330DE5367.e.747/click - {}
RESULT: {}
RESULT: {}
COMMAND: GET /session/129c046a4c158aab34184c97257eb527/screenshot - {}
RESULT: {}
COMMAND: POST /session/129c046a4c158aab34184c97257eb527/element - {"using":"xpath","value":"//span[@id=\"application-manageyards-display-component---NewYard--addressNewCostObjectCstID-vhi\"]"}
RESULT: {"using":"xpath","value":"//span[@id=\"application-manageyards-display-component---NewYard--addressNewCostObjectCstID-vhi\"]"}
COMMAND: POST /session/129c046a4c158aab34184c97257eb527/execute/sync - {"script":"<script> [8489 bytes]","args":[{"element-6066-11e4-a52e-4f735466cecf":"f.8E45E670A1384E074590F00FAD9F292A.d.B24D1D6B434CE69CE5622DE330DE5367.e.750","ELEMENT":"f.8E45E670A1384E074590F00FAD9F292A.d.B24D1D6B434CE69CE5622DE330DE5367.e.750"}]}
RESULT: {"script":"<script> [8489 bytes]","args":[{"element-6066-11e4-a52e-4f735466cecf":"f.8E45E670A1384E074590F00FAD9F292A.d.B24D1D6B434CE69CE5622DE330DE5367.e.750","ELEMENT":"f.8E45E670A1384E074590F00FAD9F292A.d.B24D1D6B434CE69CE5622DE330DE5367.e.750"}]}
COMMAND: POST /session/129c046a4c158aab34184c97257eb527/execute/async - {"script":"<script> [1562 bytes]","args":[{"selector":{"id":"application-manageyards-display-component---NewYard--addressNewCostObjectCstID-vhi"},"wdio_ui5_key":"applicationmanageyards-display-component---NewYard--addressNewCostObjectCstID-vhi"}]}
COMMAND: GET /session/129c046a4c158aab34184c97257eb527/screenshot - {}
RESULT: {"script":"<script> [1562 bytes]","args":[{"selector":{"id":"application-manageyards-display-component---NewYard--addressNewCostObjectCstID-vhi"},"wdio_ui5_key":"applicationmanageyards-display-component---NewYard--addressNewCostObjectCstID-vhi"}]}
RESULT: undefined
COMMAND: POST /session/129c046a4c158aab34184c97257eb527/element - {"using":"xpath","value":"//*[@id=\"application-manageyards-display-component---NewYard--addressNewCostObjectCstID-vhi\"]"}
RESULT: {}
RESULT: {"using":"xpath","value":"//*[@id=\"application-manageyards-display-component---NewYard--addressNewCostObjectCstID-vhi\"]"}
COMMAND: POST /session/129c046a4c158aab34184c97257eb527/element/f.8E45E670A1384E074590F00FAD9F292A.d.B24D1D6B434CE69CE5622DE330DE5367.e.750/click - {}
RESULT: {}
COMMAND: GET /session/129c046a4c158aab34184c97257eb527/screenshot - {}
RESULT: {}
COMMAND: POST /session/129c046a4c158aab34184c97257eb527/execute/async - {"script":"<script> [1562 bytes]","args":[{"selector":{"controlType":"sap.m.SearchField","properties":{"placeholder":"Search"},"searchOpenDialogs":true,"interaction":{"idSuffix":"I"}},"wdio_ui5_key":"sapm.SearchField{\"placeholder\":\"Search\"}"}]}
RESULT: {"script":"<script> [1562 bytes]","args":[{"selector":{"controlType":"sap.m.SearchField","properties":{"placeholder":"Search"},"searchOpenDialogs":true,"interaction":{"idSuffix":"I"}},"wdio_ui5_key":"sapm.SearchField{\"placeholder\":\"Search\"}"}]}
RESULT: undefined
COMMAND: POST /session/129c046a4c158aab34184c97257eb527/execute/async - {"script":"<script> [776 bytes]","args":[{"enterText":"10001013","selector":{"controlType":"sap.m.SearchField","properties":{"placeholder":"Search"},"searchOpenDialogs":true,"interaction":{"idSuffix":"I"}},"clearTextFirst":true,"interactionType":"ENTER_TEXT"}]}
RESULT: {"script":"<script> [776 bytes]","args":[{"enterText":"10001013","selector":{"controlType":"sap.m.SearchField","properties":{"placeholder":"Search"},"searchOpenDialogs":true,"interaction":{"idSuffix":"I"}},"clearTextFirst":true,"interactionType":"ENTER_TEXT"}]}
COMMAND: POST /session/129c046a4c158aab34184c97257eb527/actions - {"actions":[{"id":"action1","type":"key","parameters":{},"actions":[{"type":"keyDown","value":""},{"type":"pause","duration":10},{"type":"keyUp","value":""}]}]}
RESULT: {"actions":[{"id":"action1","type":"key","parameters":{},"actions":[{"type":"keyDown","value":""},{"type":"pause","duration":10},{"type":"keyUp","value":""}]}]}
COMMAND: GET /session/129c046a4c158aab34184c97257eb527/screenshot - {}
RESULT: {}
COMMAND: POST /session/129c046a4c158aab34184c97257eb527/element - {"using":"xpath","value":"//span[contains(text(), \"General Management\")]"}
RESULT: {"using":"xpath","value":"//span[contains(text(), \"General Management\")]"}
COMMAND: POST /session/129c046a4c158aab34184c97257eb527/element/f.8E45E670A1384E074590F00FAD9F292A.d.B24D1D6B434CE69CE5622DE330DE5367.e.792/click - {}
RESULT: {}
COMMAND: GET /session/129c046a4c158aab34184c97257eb527/screenshot - {}
RESULT: {}
COMMAND: POST /session/129c046a4c158aab34184c97257eb527/element - {"using":"xpath","value":"//bdi[contains(text(), \"OK\")]"}
RESULT: {"using":"xpath","value":"//bdi[contains(text(), \"OK\")]"}
COMMAND: POST /session/129c046a4c158aab34184c97257eb527/element/f.8E45E670A1384E074590F00FAD9F292A.d.B24D1D6B434CE69CE5622DE330DE5367.e.793/click - {}
RESULT: {}
COMMAND: GET /session/129c046a4c158aab34184c97257eb527/screenshot - {}
RESULT: {}
COMMAND: POST /session/129c046a4c158aab34184c97257eb527/execute/async - {"script":"<script> [1562 bytes]","args":[{"selector":{"id":"application-manageyards-display-component---NewYard--addressEditDetailsCurrency-arrow"},"wdio_ui5_key":"applicationmanageyards-display-component---NewYard--addressEditDetailsCurrency-arrow"}]}
RESULT: {"script":"<script> [1562 bytes]","args":[{"selector":{"id":"application-manageyards-display-component---NewYard--addressEditDetailsCurrency-arrow"},"wdio_ui5_key":"applicationmanageyards-display-component---NewYard--addressEditDetailsCurrency-arrow"}]}
RESULT: undefined
COMMAND: POST /session/129c046a4c158aab34184c97257eb527/element - {"using":"xpath","value":"//*[@id=\"application-manageyards-display-component---NewYard--addressEditDetailsCurrency-arrow\"]"}
RESULT: {"using":"xpath","value":"//*[@id=\"application-manageyards-display-component---NewYard--addressEditDetailsCurrency-arrow\"]"}
COMMAND: POST /session/129c046a4c158aab34184c97257eb527/element/f.8E45E670A1384E074590F00FAD9F292A.d.B24D1D6B434CE69CE5622DE330DE5367.e.796/click - {}
RESULT: {}
COMMAND: POST /session/129c046a4c158aab34184c97257eb527/element - {"using":"xpath","value":"//span[contains(text(), \"Euro\")]"}
COMMAND: GET /session/129c046a4c158aab34184c97257eb527/screenshot - {}
RESULT: {"using":"xpath","value":"//span[contains(text(), \"Euro\")]"}
COMMAND: POST /session/129c046a4c158aab34184c97257eb527/element/f.8E45E670A1384E074590F00FAD9F292A.d.B24D1D6B434CE69CE5622DE330DE5367.e.797/click - {}
RESULT: {}
RESULT: {}
COMMAND: POST /session/129c046a4c158aab34184c97257eb527/execute/async - {"script":"<script> [1562 bytes]","args":[{"selector":{"controlType":"sap.m.Input","viewName":"etm.portal.ui.manageyards.view.New","viewId":"application-manageyards-display-component---NewYard","bindingPath":{"path":"","propertyPath":"/CONTROLLING_AREA","modelName":"NewYardModel"},"interaction":{"idSuffix":"inner"}},"wdio_ui5_key":"etmportal.ui.manageyards.view.Newsap.m.Input{\"path\":\"\",\"propertyPath\":\"/CONTROLLING_AREA\",\"modelName\":\"NewYardModel\"}"}]}
COMMAND: GET /session/129c046a4c158aab34184c97257eb527/screenshot - {}
RESULT: {"script":"<script> [1562 bytes]","args":[{"selector":{"controlType":"sap.m.Input","viewName":"etm.portal.ui.manageyards.view.New","viewId":"application-manageyards-display-component---NewYard","bindingPath":{"path":"","propertyPath":"/CONTROLLING_AREA","modelName":"NewYardModel"},"interaction":{"idSuffix":"inner"}},"wdio_ui5_key":"etmportal.ui.manageyards.view.Newsap.m.Input{\"path\":\"\",\"propertyPath\":\"/CONTROLLING_AREA\",\"modelName\":\"NewYardModel\"}"}]}
RESULT: undefined
COMMAND: POST /session/129c046a4c158aab34184c97257eb527/execute/async - {"script":"<script> [776 bytes]","args":[{"enterText":"Z001","selector":{"controlType":"sap.m.Input","viewName":"etm.portal.ui.manageyards.view.New","viewId":"application-manageyards-display-component---NewYard","bindingPath":{"path":"","propertyPath":"/CONTROLLING_AREA","modelName":"NewYardModel"},"interaction":{"idSuffix":"inner"}},"clearTextFirst":true,"interactionType":"ENTER_TEXT"}]}
RESULT: {}
RESULT: {"script":"<script> [776 bytes]","args":[{"enterText":"Z001","selector":{"controlType":"sap.m.Input","viewName":"etm.portal.ui.manageyards.view.New","viewId":"application-manageyards-display-component---NewYard","bindingPath":{"path":"","propertyPath":"/CONTROLLING_AREA","modelName":"NewYardModel"},"interaction":{"idSuffix":"inner"}},"clearTextFirst":true,"interactionType":"ENTER_TEXT"}]}
COMMAND: POST /session/129c046a4c158aab34184c97257eb527/execute/async - {"script":"<script> [1562 bytes]","args":[{"selector":{"id":"application-manageyards-display-component---NewYard--companyCodeComboBox","interaction":{"idSuffix":"inner"}},"wdio_ui5_key":"applicationmanageyards-display-component---NewYard--companyCodeComboBox"}]}
RESULT: {"script":"<script> [1562 bytes]","args":[{"selector":{"id":"application-manageyards-display-component---NewYard--companyCodeComboBox","interaction":{"idSuffix":"inner"}},"wdio_ui5_key":"applicationmanageyards-display-component---NewYard--companyCodeComboBox"}]}
RESULT: undefined
COMMAND: POST /session/129c046a4c158aab34184c97257eb527/execute/async - {"script":"<script> [776 bytes]","args":[{"enterText":"1000","selector":{"id":"application-manageyards-display-component---NewYard--companyCodeComboBox","interaction":{"idSuffix":"inner"}},"clearTextFirst":true,"interactionType":"ENTER_TEXT"}]}
RESULT: {"script":"<script> [776 bytes]","args":[{"enterText":"1000","selector":{"id":"application-manageyards-display-component---NewYard--companyCodeComboBox","interaction":{"idSuffix":"inner"}},"clearTextFirst":true,"interactionType":"ENTER_TEXT"}]}
COMMAND: POST /session/129c046a4c158aab34184c97257eb527/execute/async - {"script":"<script> [1562 bytes]","args":[{"selector":{"controlType":"sap.m.Input","viewName":"etm.portal.ui.manageyards.view.New","viewId":"application-manageyards-display-component---NewYard","bindingPath":{"path":"","propertyPath":"/PLANT","modelName":"NewYardModel"},"interaction":{"idSuffix":"inner"}},"wdio_ui5_key":"etmportal.ui.manageyards.view.Newsap.m.Input{\"path\":\"\",\"propertyPath\":\"/PLANT\",\"modelName\":\"NewYardModel\"}"}]}
RESULT: {"script":"<script> [1562 bytes]","args":[{"selector":{"controlType":"sap.m.Input","viewName":"etm.portal.ui.manageyards.view.New","viewId":"application-manageyards-display-component---NewYard","bindingPath":{"path":"","propertyPath":"/PLANT","modelName":"NewYardModel"},"interaction":{"idSuffix":"inner"}},"wdio_ui5_key":"etmportal.ui.manageyards.view.Newsap.m.Input{\"path\":\"\",\"propertyPath\":\"/PLANT\",\"modelName\":\"NewYardModel\"}"}]}
RESULT: undefined
COMMAND: POST /session/129c046a4c158aab34184c97257eb527/execute/async - {"script":"<script> [776 bytes]","args":[{"enterText":"1001","selector":{"controlType":"sap.m.Input","viewName":"etm.portal.ui.manageyards.view.New","viewId":"application-manageyards-display-component---NewYard","bindingPath":{"path":"","propertyPath":"/PLANT","modelName":"NewYardModel"},"interaction":{"idSuffix":"inner"}},"clearTextFirst":true,"interactionType":"ENTER_TEXT"}]}
RESULT: {"script":"<script> [776 bytes]","args":[{"enterText":"1001","selector":{"controlType":"sap.m.Input","viewName":"etm.portal.ui.manageyards.view.New","viewId":"application-manageyards-display-component---NewYard","bindingPath":{"path":"","propertyPath":"/PLANT","modelName":"NewYardModel"},"interaction":{"idSuffix":"inner"}},"clearTextFirst":true,"interactionType":"ENTER_TEXT"}]}
COMMAND: POST /session/129c046a4c158aab34184c97257eb527/execute/async - {"script":"<script> [1562 bytes]","args":[{"selector":{"controlType":"sap.m.Input","viewName":"etm.portal.ui.manageyards.view.New","viewId":"application-manageyards-display-component---NewYard","bindingPath":{"path":"","propertyPath":"/SALES_AREA_VKORG","modelName":"NewYardModel"},"interaction":{"idSuffix":"inner"}},"wdio_ui5_key":"etmportal.ui.manageyards.view.Newsap.m.Input{\"path\":\"\",\"propertyPath\":\"/SALES_AREA_VKORG\",\"modelName\":\"NewYardModel\"}"}]}
RESULT: {"script":"<script> [1562 bytes]","args":[{"selector":{"controlType":"sap.m.Input","viewName":"etm.portal.ui.manageyards.view.New","viewId":"application-manageyards-display-component---NewYard","bindingPath":{"path":"","propertyPath":"/SALES_AREA_VKORG","modelName":"NewYardModel"},"interaction":{"idSuffix":"inner"}},"wdio_ui5_key":"etmportal.ui.manageyards.view.Newsap.m.Input{\"path\":\"\",\"propertyPath\":\"/SALES_AREA_VKORG\",\"modelName\":\"NewYardModel\"}"}]}
RESULT: undefined
COMMAND: POST /session/129c046a4c158aab34184c97257eb527/execute/async - {"script":"<script> [776 bytes]","args":[{"enterText":"C002","selector":{"controlType":"sap.m.Input","viewName":"etm.portal.ui.manageyards.view.New","viewId":"application-manageyards-display-component---NewYard","bindingPath":{"path":"","propertyPath":"/SALES_AREA_VKORG","modelName":"NewYardModel"},"interaction":{"idSuffix":"inner"}},"clearTextFirst":true,"interactionType":"ENTER_TEXT"}]}
RESULT: {"script":"<script> [776 bytes]","args":[{"enterText":"C002","selector":{"controlType":"sap.m.Input","viewName":"etm.portal.ui.manageyards.view.New","viewId":"application-manageyards-display-component---NewYard","bindingPath":{"path":"","propertyPath":"/SALES_AREA_VKORG","modelName":"NewYardModel"},"interaction":{"idSuffix":"inner"}},"clearTextFirst":true,"interactionType":"ENTER_TEXT"}]}
COMMAND: POST /session/129c046a4c158aab34184c97257eb527/execute/async - {"script":"<script> [1562 bytes]","args":[{"selector":{"controlType":"sap.m.Input","viewName":"etm.portal.ui.manageyards.view.New","viewId":"application-manageyards-display-component---NewYard","bindingPath":{"path":"","propertyPath":"/SALES_AREA_VTWEG","modelName":"NewYardModel"},"interaction":{"idSuffix":"inner"}},"wdio_ui5_key":"etmportal.ui.manageyards.view.Newsap.m.Input{\"path\":\"\",\"propertyPath\":\"/SALES_AREA_VTWEG\",\"modelName\":\"NewYardModel\"}"}]}
RESULT: {"script":"<script> [1562 bytes]","args":[{"selector":{"controlType":"sap.m.Input","viewName":"etm.portal.ui.manageyards.view.New","viewId":"application-manageyards-display-component---NewYard","bindingPath":{"path":"","propertyPath":"/SALES_AREA_VTWEG","modelName":"NewYardModel"},"interaction":{"idSuffix":"inner"}},"wdio_ui5_key":"etmportal.ui.manageyards.view.Newsap.m.Input{\"path\":\"\",\"propertyPath\":\"/SALES_AREA_VTWEG\",\"modelName\":\"NewYardModel\"}"}]}
RESULT: undefined
COMMAND: POST /session/129c046a4c158aab34184c97257eb527/execute/async - {"script":"<script> [776 bytes]","args":[{"enterText":"C2","selector":{"controlType":"sap.m.Input","viewName":"etm.portal.ui.manageyards.view.New","viewId":"application-manageyards-display-component---NewYard","bindingPath":{"path":"","propertyPath":"/SALES_AREA_VTWEG","modelName":"NewYardModel"},"interaction":{"idSuffix":"inner"}},"clearTextFirst":true,"interactionType":"ENTER_TEXT"}]}
RESULT: {"script":"<script> [776 bytes]","args":[{"enterText":"C2","selector":{"controlType":"sap.m.Input","viewName":"etm.portal.ui.manageyards.view.New","viewId":"application-manageyards-display-component---NewYard","bindingPath":{"path":"","propertyPath":"/SALES_AREA_VTWEG","modelName":"NewYardModel"},"interaction":{"idSuffix":"inner"}},"clearTextFirst":true,"interactionType":"ENTER_TEXT"}]}
COMMAND: POST /session/129c046a4c158aab34184c97257eb527/execute/async - {"script":"<script> [1562 bytes]","args":[{"selector":{"controlType":"sap.m.Input","viewName":"etm.portal.ui.manageyards.view.New","viewId":"application-manageyards-display-component---NewYard","bindingPath":{"path":"","propertyPath":"/SALES_AREA_SPART","modelName":"NewYardModel"},"interaction":{"idSuffix":"inner"}},"wdio_ui5_key":"etmportal.ui.manageyards.view.Newsap.m.Input{\"path\":\"\",\"propertyPath\":\"/SALES_AREA_SPART\",\"modelName\":\"NewYardModel\"}"}]}
RESULT: {"script":"<script> [1562 bytes]","args":[{"selector":{"controlType":"sap.m.Input","viewName":"etm.portal.ui.manageyards.view.New","viewId":"application-manageyards-display-component---NewYard","bindingPath":{"path":"","propertyPath":"/SALES_AREA_SPART","modelName":"NewYardModel"},"interaction":{"idSuffix":"inner"}},"wdio_ui5_key":"etmportal.ui.manageyards.view.Newsap.m.Input{\"path\":\"\",\"propertyPath\":\"/SALES_AREA_SPART\",\"modelName\":\"NewYardModel\"}"}]}
RESULT: undefined
COMMAND: POST /session/129c046a4c158aab34184c97257eb527/execute/async - {"script":"<script> [776 bytes]","args":[{"enterText":"C2","selector":{"controlType":"sap.m.Input","viewName":"etm.portal.ui.manageyards.view.New","viewId":"application-manageyards-display-component---NewYard","bindingPath":{"path":"","propertyPath":"/SALES_AREA_SPART","modelName":"NewYardModel"},"interaction":{"idSuffix":"inner"}},"clearTextFirst":true,"interactionType":"ENTER_TEXT"}]}
RESULT: {"script":"<script> [776 bytes]","args":[{"enterText":"C2","selector":{"controlType":"sap.m.Input","viewName":"etm.portal.ui.manageyards.view.New","viewId":"application-manageyards-display-component---NewYard","bindingPath":{"path":"","propertyPath":"/SALES_AREA_SPART","modelName":"NewYardModel"},"interaction":{"idSuffix":"inner"}},"clearTextFirst":true,"interactionType":"ENTER_TEXT"}]}
COMMAND: POST /session/129c046a4c158aab34184c97257eb527/execute/async - {"script":"<script> [1562 bytes]","args":[{"selector":{"controlType":"sap.m.Input","viewName":"etm.portal.ui.manageyards.view.New","viewId":"application-manageyards-display-component---NewYard","bindingPath":{"path":"","propertyPath":"/SHIP_POINT","modelName":"NewYardModel"},"interaction":{"idSuffix":"inner"}},"wdio_ui5_key":"etmportal.ui.manageyards.view.Newsap.m.Input{\"path\":\"\",\"propertyPath\":\"/SHIP_POINT\",\"modelName\":\"NewYardModel\"}"}]}
RESULT: {"script":"<script> [1562 bytes]","args":[{"selector":{"controlType":"sap.m.Input","viewName":"etm.portal.ui.manageyards.view.New","viewId":"application-manageyards-display-component---NewYard","bindingPath":{"path":"","propertyPath":"/SHIP_POINT","modelName":"NewYardModel"},"interaction":{"idSuffix":"inner"}},"wdio_ui5_key":"etmportal.ui.manageyards.view.Newsap.m.Input{\"path\":\"\",\"propertyPath\":\"/SHIP_POINT\",\"modelName\":\"NewYardModel\"}"}]}
RESULT: undefined
COMMAND: POST /session/129c046a4c158aab34184c97257eb527/execute/async - {"script":"<script> [776 bytes]","args":[{"enterText":"1710","selector":{"controlType":"sap.m.Input","viewName":"etm.portal.ui.manageyards.view.New","viewId":"application-manageyards-display-component---NewYard","bindingPath":{"path":"","propertyPath":"/SHIP_POINT","modelName":"NewYardModel"},"interaction":{"idSuffix":"inner"}},"clearTextFirst":true,"interactionType":"ENTER_TEXT"}]}
RESULT: {"script":"<script> [776 bytes]","args":[{"enterText":"1710","selector":{"controlType":"sap.m.Input","viewName":"etm.portal.ui.manageyards.view.New","viewId":"application-manageyards-display-component---NewYard","bindingPath":{"path":"","propertyPath":"/SHIP_POINT","modelName":"NewYardModel"},"interaction":{"idSuffix":"inner"}},"clearTextFirst":true,"interactionType":"ENTER_TEXT"}]}
COMMAND: POST /session/129c046a4c158aab34184c97257eb527/execute/async - {"script":"<script> [1562 bytes]","args":[{"selector":{"controlType":"sap.m.Input","viewName":"etm.portal.ui.manageyards.view.New","viewId":"application-manageyards-display-component---NewYard","bindingPath":{"path":"","propertyPath":"/DELIVERY_TYPE","modelName":"NewYardModel"},"interaction":{"idSuffix":"inner"}},"wdio_ui5_key":"etmportal.ui.manageyards.view.Newsap.m.Input{\"path\":\"\",\"propertyPath\":\"/DELIVERY_TYPE\",\"modelName\":\"NewYardModel\"}"}]}
RESULT: {"script":"<script> [1562 bytes]","args":[{"selector":{"controlType":"sap.m.Input","viewName":"etm.portal.ui.manageyards.view.New","viewId":"application-manageyards-display-component---NewYard","bindingPath":{"path":"","propertyPath":"/DELIVERY_TYPE","modelName":"NewYardModel"},"interaction":{"idSuffix":"inner"}},"wdio_ui5_key":"etmportal.ui.manageyards.view.Newsap.m.Input{\"path\":\"\",\"propertyPath\":\"/DELIVERY_TYPE\",\"modelName\":\"NewYardModel\"}"}]}
RESULT: undefined
COMMAND: POST /session/129c046a4c158aab34184c97257eb527/execute/async - {"script":"<script> [776 bytes]","args":[{"enterText":"ZL01","selector":{"controlType":"sap.m.Input","viewName":"etm.portal.ui.manageyards.view.New","viewId":"application-manageyards-display-component---NewYard","bindingPath":{"path":"","propertyPath":"/DELIVERY_TYPE","modelName":"NewYardModel"},"interaction":{"idSuffix":"inner"}},"clearTextFirst":true,"interactionType":"ENTER_TEXT"}]}
RESULT: {"script":"<script> [776 bytes]","args":[{"enterText":"ZL01","selector":{"controlType":"sap.m.Input","viewName":"etm.portal.ui.manageyards.view.New","viewId":"application-manageyards-display-component---NewYard","bindingPath":{"path":"","propertyPath":"/DELIVERY_TYPE","modelName":"NewYardModel"},"interaction":{"idSuffix":"inner"}},"clearTextFirst":true,"interactionType":"ENTER_TEXT"}]}
COMMAND: POST /session/129c046a4c158aab34184c97257eb527/execute/async - {"script":"<script> [1562 bytes]","args":[{"selector":{"controlType":"sap.m.Input","viewName":"etm.portal.ui.manageyards.view.New","viewId":"application-manageyards-display-component---NewYard","bindingPath":{"path":"","propertyPath":"/AUART","modelName":"NewYardModel"},"interaction":{"idSuffix":"inner"}},"wdio_ui5_key":"etmportal.ui.manageyards.view.Newsap.m.Input{\"path\":\"\",\"propertyPath\":\"/AUART\",\"modelName\":\"NewYardModel\"}"}]}
RESULT: {"script":"<script> [1562 bytes]","args":[{"selector":{"controlType":"sap.m.Input","viewName":"etm.portal.ui.manageyards.view.New","viewId":"application-manageyards-display-component---NewYard","bindingPath":{"path":"","propertyPath":"/AUART","modelName":"NewYardModel"},"interaction":{"idSuffix":"inner"}},"wdio_ui5_key":"etmportal.ui.manageyards.view.Newsap.m.Input{\"path\":\"\",\"propertyPath\":\"/AUART\",\"modelName\":\"NewYardModel\"}"}]}
RESULT: undefined
COMMAND: POST /session/129c046a4c158aab34184c97257eb527/execute/async - {"script":"<script> [776 bytes]","args":[{"enterText":"TA","selector":{"controlType":"sap.m.Input","viewName":"etm.portal.ui.manageyards.view.New","viewId":"application-manageyards-display-component---NewYard","bindingPath":{"path":"","propertyPath":"/AUART","modelName":"NewYardModel"},"interaction":{"idSuffix":"inner"}},"clearTextFirst":true,"interactionType":"ENTER_TEXT"}]}
RESULT: {"script":"<script> [776 bytes]","args":[{"enterText":"TA","selector":{"controlType":"sap.m.Input","viewName":"etm.portal.ui.manageyards.view.New","viewId":"application-manageyards-display-component---NewYard","bindingPath":{"path":"","propertyPath":"/AUART","modelName":"NewYardModel"},"interaction":{"idSuffix":"inner"}},"clearTextFirst":true,"interactionType":"ENTER_TEXT"}]}
COMMAND: POST /session/129c046a4c158aab34184c97257eb527/element - {"using":"xpath","value":"//button[@data-kt=\"newYardSaveButton\"]"}
RESULT: {"using":"xpath","value":"//button[@data-kt=\"newYardSaveButton\"]"}
COMMAND: POST /session/129c046a4c158aab34184c97257eb527/element/f.8E45E670A1384E074590F00FAD9F292A.d.B24D1D6B434CE69CE5622DE330DE5367.e.725/click - {}
RESULT: {}
COMMAND: GET /session/129c046a4c158aab34184c97257eb527/screenshot - {}
RESULT: {}
COMMAND: POST /session/129c046a4c158aab34184c97257eb527/element - {"using":"xpath","value":"//header[contains(@id, 'ObjectPageLayout-headerTitle')]/div[1]/div[2]/div[1]/span[1]"}
RESULT: {"using":"xpath","value":"//header[contains(@id, 'ObjectPageLayout-headerTitle')]/div[1]/div[2]/div[1]/span[1]"}
COMMAND: POST /session/129c046a4c158aab34184c97257eb527/elements - {"using":"xpath","value":"//header[contains(@id, 'ObjectPageLayout-headerTitle')]/div[1]/div[2]/div[1]/span[1]"}
RESULT: {"using":"xpath","value":"//header[contains(@id, 'ObjectPageLayout-headerTitle')]/div[1]/div[2]/div[1]/span[1]"}
COMMAND: POST /session/129c046a4c158aab34184c97257eb527/execute/sync - {"script":"<script> [56 bytes]","args":[{"element-6066-11e4-a52e-4f735466cecf":"f.8E45E670A1384E074590F00FAD9F292A.d.B24D1D6B434CE69CE5622DE330DE5367.e.1024","ELEMENT":"f.8E45E670A1384E074590F00FAD9F292A.d.B24D1D6B434CE69CE5622DE330DE5367.e.1024"}]}
RESULT: {"script":"<script> [56 bytes]","args":[{"element-6066-11e4-a52e-4f735466cecf":"f.8E45E670A1384E074590F00FAD9F292A.d.B24D1D6B434CE69CE5622DE330DE5367.e.1024","ELEMENT":"f.8E45E670A1384E074590F00FAD9F292A.d.B24D1D6B434CE69CE5622DE330DE5367.e.1024"}]}
COMMAND: GET /session/129c046a4c158aab34184c97257eb527/screenshot - {}
RESULT: {}
COMMAND: POST /session/129c046a4c158aab34184c97257eb527/element - {"using":"css selector","value":"#shell-header-logo"}
RESULT: {"using":"css selector","value":"#shell-header-logo"}
COMMAND: POST /session/129c046a4c158aab34184c97257eb527/element/f.8E45E670A1384E074590F00FAD9F292A.d.B24D1D6B434CE69CE5622DE330DE5367.e.274/click - {}
RESULT: {}
COMMAND: GET /session/129c046a4c158aab34184c97257eb527/screenshot - {}
RESULT: {}
COMMAND: POST /session/129c046a4c158aab34184c97257eb527/execute/sync - {"script":"<script> [299 bytes]","args":[["getModel","getResource"]]}
RESULT: {"script":"<script> [299 bytes]","args":[["getModel","getResource"]]}
]]></system-out>
    </testcase>
    <testcase classname="chrome.135_0_7049_96.windows.Billing_Transfer_-_Master_data_&amp;_Intercompany_US127250" name="Should create a new partner" time="123.343">
      <system-out><![CDATA[
COMMAND: POST /session/129c046a4c158aab34184c97257eb527/window/fullscreen - {}
COMMAND: GET /session/129c046a4c158aab34184c97257eb527/screenshot - {}
RESULT: {}
COMMAND: POST /session/129c046a4c158aab34184c97257eb527/execute/async - {"script":"<script> [1562 bytes]","args":[{"selector":{"controlType":"sap.m.GenericTile","properties":{"header":"Manage Partners"}},"wdio_ui5_key":"sapm.GenericTile{\"header\":\"Manage Partners\"}"}]}
RESULT: {}
RESULT: {"script":"<script> [1562 bytes]","args":[{"selector":{"controlType":"sap.m.GenericTile","properties":{"header":"Manage Partners"}},"wdio_ui5_key":"sapm.GenericTile{\"header\":\"Manage Partners\"}"}]}
RESULT: undefined
COMMAND: POST /session/129c046a4c158aab34184c97257eb527/element - {"using":"xpath","value":"//*[@id=\"__tile38\"]"}
RESULT: {"using":"xpath","value":"//*[@id=\"__tile38\"]"}
COMMAND: POST /session/129c046a4c158aab34184c97257eb527/element/f.8E45E670A1384E074590F00FAD9F292A.d.B24D1D6B434CE69CE5622DE330DE5367.e.160/click - {}
RESULT: {}
COMMAND: POST /session/129c046a4c158aab34184c97257eb527/element - {"using":"xpath","value":"//button[@data-kt=\"addButton\"]"}
COMMAND: GET /session/129c046a4c158aab34184c97257eb527/screenshot - {}
RESULT: {"using":"xpath","value":"//button[@data-kt=\"addButton\"]"}
COMMAND: POST /session/129c046a4c158aab34184c97257eb527/elements - {"using":"xpath","value":"//button[@data-kt=\"addButton\"]"}
RESULT: {}
RESULT: {"using":"xpath","value":"//button[@data-kt=\"addButton\"]"}
COMMAND: POST /session/129c046a4c158aab34184c97257eb527/elements - {"using":"xpath","value":"//button[@data-kt=\"addButton\"]"}
RESULT: {"using":"xpath","value":"//button[@data-kt=\"addButton\"]"}
COMMAND: POST /session/129c046a4c158aab34184c97257eb527/elements - {"using":"xpath","value":"//button[@data-kt=\"addButton\"]"}
RESULT: {"using":"xpath","value":"//button[@data-kt=\"addButton\"]"}
COMMAND: POST /session/129c046a4c158aab34184c97257eb527/elements - {"using":"xpath","value":"//button[@data-kt=\"addButton\"]"}
RESULT: {"using":"xpath","value":"//button[@data-kt=\"addButton\"]"}
COMMAND: POST /session/129c046a4c158aab34184c97257eb527/elements - {"using":"xpath","value":"//button[@data-kt=\"addButton\"]"}
RESULT: {"using":"xpath","value":"//button[@data-kt=\"addButton\"]"}
COMMAND: POST /session/129c046a4c158aab34184c97257eb527/elements - {"using":"xpath","value":"//button[@data-kt=\"addButton\"]"}
RESULT: {"using":"xpath","value":"//button[@data-kt=\"addButton\"]"}
COMMAND: POST /session/129c046a4c158aab34184c97257eb527/elements - {"using":"xpath","value":"//button[@data-kt=\"addButton\"]"}
RESULT: {"using":"xpath","value":"//button[@data-kt=\"addButton\"]"}
COMMAND: POST /session/129c046a4c158aab34184c97257eb527/elements - {"using":"xpath","value":"//button[@data-kt=\"addButton\"]"}
RESULT: {"using":"xpath","value":"//button[@data-kt=\"addButton\"]"}
COMMAND: POST /session/129c046a4c158aab34184c97257eb527/elements - {"using":"xpath","value":"//button[@data-kt=\"addButton\"]"}
RESULT: {"using":"xpath","value":"//button[@data-kt=\"addButton\"]"}
COMMAND: POST /session/129c046a4c158aab34184c97257eb527/elements - {"using":"xpath","value":"//button[@data-kt=\"addButton\"]"}
RESULT: {"using":"xpath","value":"//button[@data-kt=\"addButton\"]"}
COMMAND: POST /session/129c046a4c158aab34184c97257eb527/elements - {"using":"xpath","value":"//button[@data-kt=\"addButton\"]"}
RESULT: {"using":"xpath","value":"//button[@data-kt=\"addButton\"]"}
COMMAND: POST /session/129c046a4c158aab34184c97257eb527/elements - {"using":"xpath","value":"//button[@data-kt=\"addButton\"]"}
RESULT: {"using":"xpath","value":"//button[@data-kt=\"addButton\"]"}
COMMAND: POST /session/129c046a4c158aab34184c97257eb527/elements - {"using":"xpath","value":"//button[@data-kt=\"addButton\"]"}
RESULT: {"using":"xpath","value":"//button[@data-kt=\"addButton\"]"}
COMMAND: POST /session/129c046a4c158aab34184c97257eb527/elements - {"using":"xpath","value":"//button[@data-kt=\"addButton\"]"}
RESULT: {"using":"xpath","value":"//button[@data-kt=\"addButton\"]"}
COMMAND: POST /session/129c046a4c158aab34184c97257eb527/elements - {"using":"xpath","value":"//button[@data-kt=\"addButton\"]"}
RESULT: {"using":"xpath","value":"//button[@data-kt=\"addButton\"]"}
COMMAND: POST /session/129c046a4c158aab34184c97257eb527/elements - {"using":"xpath","value":"//button[@data-kt=\"addButton\"]"}
RESULT: {"using":"xpath","value":"//button[@data-kt=\"addButton\"]"}
COMMAND: POST /session/129c046a4c158aab34184c97257eb527/elements - {"using":"xpath","value":"//button[@data-kt=\"addButton\"]"}
RESULT: {"using":"xpath","value":"//button[@data-kt=\"addButton\"]"}
COMMAND: POST /session/129c046a4c158aab34184c97257eb527/elements - {"using":"xpath","value":"//button[@data-kt=\"addButton\"]"}
RESULT: {"using":"xpath","value":"//button[@data-kt=\"addButton\"]"}
COMMAND: POST /session/129c046a4c158aab34184c97257eb527/elements - {"using":"xpath","value":"//button[@data-kt=\"addButton\"]"}
RESULT: {"using":"xpath","value":"//button[@data-kt=\"addButton\"]"}
COMMAND: POST /session/129c046a4c158aab34184c97257eb527/elements - {"using":"xpath","value":"//button[@data-kt=\"addButton\"]"}
RESULT: {"using":"xpath","value":"//button[@data-kt=\"addButton\"]"}
COMMAND: POST /session/129c046a4c158aab34184c97257eb527/elements - {"using":"xpath","value":"//button[@data-kt=\"addButton\"]"}
RESULT: {"using":"xpath","value":"//button[@data-kt=\"addButton\"]"}
COMMAND: POST /session/129c046a4c158aab34184c97257eb527/elements - {"using":"xpath","value":"//button[@data-kt=\"addButton\"]"}
RESULT: {"using":"xpath","value":"//button[@data-kt=\"addButton\"]"}
COMMAND: POST /session/129c046a4c158aab34184c97257eb527/elements - {"using":"xpath","value":"//button[@data-kt=\"addButton\"]"}
RESULT: {"using":"xpath","value":"//button[@data-kt=\"addButton\"]"}
COMMAND: POST /session/129c046a4c158aab34184c97257eb527/element - {"using":"xpath","value":"//button[@data-kt=\"addButton\"]"}
RESULT: {"using":"xpath","value":"//button[@data-kt=\"addButton\"]"}
COMMAND: POST /session/129c046a4c158aab34184c97257eb527/execute/sync - {"script":"<script> [8489 bytes]","args":[{"element-6066-11e4-a52e-4f735466cecf":"f.8E45E670A1384E074590F00FAD9F292A.d.B24D1D6B434CE69CE5622DE330DE5367.e.1062","ELEMENT":"f.8E45E670A1384E074590F00FAD9F292A.d.B24D1D6B434CE69CE5622DE330DE5367.e.1062"}]}
RESULT: {"script":"<script> [8489 bytes]","args":[{"element-6066-11e4-a52e-4f735466cecf":"f.8E45E670A1384E074590F00FAD9F292A.d.B24D1D6B434CE69CE5622DE330DE5367.e.1062","ELEMENT":"f.8E45E670A1384E074590F00FAD9F292A.d.B24D1D6B434CE69CE5622DE330DE5367.e.1062"}]}
COMMAND: GET /session/129c046a4c158aab34184c97257eb527/element/f.8E45E670A1384E074590F00FAD9F292A.d.B24D1D6B434CE69CE5622DE330DE5367.e.1062/enabled - {}
COMMAND: GET /session/129c046a4c158aab34184c97257eb527/screenshot - {}
RESULT: {}
COMMAND: POST /session/129c046a4c158aab34184c97257eb527/execute/sync - {"script":"<script> [8489 bytes]","args":[{"element-6066-11e4-a52e-4f735466cecf":"f.8E45E670A1384E074590F00FAD9F292A.d.B24D1D6B434CE69CE5622DE330DE5367.e.1062","ELEMENT":"f.8E45E670A1384E074590F00FAD9F292A.d.B24D1D6B434CE69CE5622DE330DE5367.e.1062"}]}
COMMAND: GET /session/129c046a4c158aab34184c97257eb527/screenshot - {}
RESULT: {}
RESULT: {"script":"<script> [8489 bytes]","args":[{"element-6066-11e4-a52e-4f735466cecf":"f.8E45E670A1384E074590F00FAD9F292A.d.B24D1D6B434CE69CE5622DE330DE5367.e.1062","ELEMENT":"f.8E45E670A1384E074590F00FAD9F292A.d.B24D1D6B434CE69CE5622DE330DE5367.e.1062"}]}
COMMAND: POST /session/129c046a4c158aab34184c97257eb527/execute/sync - {"script":"<script> [5351 bytes]","args":[{"element-6066-11e4-a52e-4f735466cecf":"f.8E45E670A1384E074590F00FAD9F292A.d.B24D1D6B434CE69CE5622DE330DE5367.e.1062","ELEMENT":"f.8E45E670A1384E074590F00FAD9F292A.d.B24D1D6B434CE69CE5622DE330DE5367.e.1062"}]}
COMMAND: GET /session/129c046a4c158aab34184c97257eb527/screenshot - {}
RESULT: {}
RESULT: {"script":"<script> [5351 bytes]","args":[{"element-6066-11e4-a52e-4f735466cecf":"f.8E45E670A1384E074590F00FAD9F292A.d.B24D1D6B434CE69CE5622DE330DE5367.e.1062","ELEMENT":"f.8E45E670A1384E074590F00FAD9F292A.d.B24D1D6B434CE69CE5622DE330DE5367.e.1062"}]}
COMMAND: POST /session/129c046a4c158aab34184c97257eb527/element/f.8E45E670A1384E074590F00FAD9F292A.d.B24D1D6B434CE69CE5622DE330DE5367.e.1062/click - {}
COMMAND: GET /session/129c046a4c158aab34184c97257eb527/screenshot - {}
RESULT: {}
RESULT: {}
COMMAND: GET /session/129c046a4c158aab34184c97257eb527/screenshot - {}
COMMAND: POST /session/129c046a4c158aab34184c97257eb527/execute/async - {"script":"<script> [1562 bytes]","args":[{"selector":{"id":"application-managepartners-display-component---NewPartner--addressDetailDetailsName1","interaction":{"idSuffix":"inner"}},"wdio_ui5_key":"applicationmanagepartners-display-component---NewPartner--addressDetailDetailsName1"}]}
RESULT: {}
RESULT: {}
RESULT: {"script":"<script> [1562 bytes]","args":[{"selector":{"id":"application-managepartners-display-component---NewPartner--addressDetailDetailsName1","interaction":{"idSuffix":"inner"}},"wdio_ui5_key":"applicationmanagepartners-display-component---NewPartner--addressDetailDetailsName1"}]}
RESULT: undefined
COMMAND: POST /session/129c046a4c158aab34184c97257eb527/execute/async - {"script":"<script> [776 bytes]","args":[{"enterText":"Intercompany Partner WDIO","selector":{"id":"application-managepartners-display-component---NewPartner--addressDetailDetailsName1","interaction":{"idSuffix":"inner"}},"clearTextFirst":true,"interactionType":"ENTER_TEXT"}]}
RESULT: {"script":"<script> [776 bytes]","args":[{"enterText":"Intercompany Partner WDIO","selector":{"id":"application-managepartners-display-component---NewPartner--addressDetailDetailsName1","interaction":{"idSuffix":"inner"}},"clearTextFirst":true,"interactionType":"ENTER_TEXT"}]}
COMMAND: POST /session/129c046a4c158aab34184c97257eb527/execute/async - {"script":"<script> [1562 bytes]","args":[{"selector":{"id":"application-managepartners-display-component---NewPartner--addressDetailDetailsLanguage-arrow"},"wdio_ui5_key":"applicationmanagepartners-display-component---NewPartner--addressDetailDetailsLanguage-arrow"}]}
RESULT: {"script":"<script> [1562 bytes]","args":[{"selector":{"id":"application-managepartners-display-component---NewPartner--addressDetailDetailsLanguage-arrow"},"wdio_ui5_key":"applicationmanagepartners-display-component---NewPartner--addressDetailDetailsLanguage-arrow"}]}
RESULT: undefined
COMMAND: POST /session/129c046a4c158aab34184c97257eb527/element - {"using":"xpath","value":"//*[@id=\"application-managepartners-display-component---NewPartner--addressDetailDetailsLanguage-arrow\"]"}
RESULT: {"using":"xpath","value":"//*[@id=\"application-managepartners-display-component---NewPartner--addressDetailDetailsLanguage-arrow\"]"}
COMMAND: POST /session/129c046a4c158aab34184c97257eb527/element/f.8E45E670A1384E074590F00FAD9F292A.d.B24D1D6B434CE69CE5622DE330DE5367.e.1505/click - {}
RESULT: {}
COMMAND: POST /session/129c046a4c158aab34184c97257eb527/element - {"using":"xpath","value":"//span[contains(text(), \"English\")]"}
COMMAND: GET /session/129c046a4c158aab34184c97257eb527/screenshot - {}
RESULT: {"using":"xpath","value":"//span[contains(text(), \"English\")]"}
COMMAND: POST /session/129c046a4c158aab34184c97257eb527/element/f.8E45E670A1384E074590F00FAD9F292A.d.B24D1D6B434CE69CE5622DE330DE5367.e.1506/click - {}
RESULT: {}
RESULT: {}
COMMAND: GET /session/129c046a4c158aab34184c97257eb527/screenshot - {}
RESULT: {}
COMMAND: POST /session/129c046a4c158aab34184c97257eb527/execute/async - {"script":"<script> [1562 bytes]","args":[{"selector":{"id":"application-managepartners-display-component---NewPartner--addressDetailDetailsCity1","interaction":{"idSuffix":"inner"}},"wdio_ui5_key":"applicationmanagepartners-display-component---NewPartner--addressDetailDetailsCity1"}]}
RESULT: {"script":"<script> [1562 bytes]","args":[{"selector":{"id":"application-managepartners-display-component---NewPartner--addressDetailDetailsCity1","interaction":{"idSuffix":"inner"}},"wdio_ui5_key":"applicationmanagepartners-display-component---NewPartner--addressDetailDetailsCity1"}]}
RESULT: undefined
COMMAND: POST /session/129c046a4c158aab34184c97257eb527/execute/async - {"script":"<script> [776 bytes]","args":[{"enterText":"Rosario","selector":{"id":"application-managepartners-display-component---NewPartner--addressDetailDetailsCity1","interaction":{"idSuffix":"inner"}},"clearTextFirst":true,"interactionType":"ENTER_TEXT"}]}
RESULT: {"script":"<script> [776 bytes]","args":[{"enterText":"Rosario","selector":{"id":"application-managepartners-display-component---NewPartner--addressDetailDetailsCity1","interaction":{"idSuffix":"inner"}},"clearTextFirst":true,"interactionType":"ENTER_TEXT"}]}
COMMAND: POST /session/129c046a4c158aab34184c97257eb527/execute/async - {"script":"<script> [1562 bytes]","args":[{"selector":{"id":"application-managepartners-display-component---NewPartner--addressDetailDetailsCountry-arrow"},"wdio_ui5_key":"applicationmanagepartners-display-component---NewPartner--addressDetailDetailsCountry-arrow"}]}
RESULT: {"script":"<script> [1562 bytes]","args":[{"selector":{"id":"application-managepartners-display-component---NewPartner--addressDetailDetailsCountry-arrow"},"wdio_ui5_key":"applicationmanagepartners-display-component---NewPartner--addressDetailDetailsCountry-arrow"}]}
RESULT: undefined
COMMAND: POST /session/129c046a4c158aab34184c97257eb527/element - {"using":"xpath","value":"//*[@id=\"application-managepartners-display-component---NewPartner--addressDetailDetailsCountry-arrow\"]"}
RESULT: {"using":"xpath","value":"//*[@id=\"application-managepartners-display-component---NewPartner--addressDetailDetailsCountry-arrow\"]"}
COMMAND: POST /session/129c046a4c158aab34184c97257eb527/element/f.8E45E670A1384E074590F00FAD9F292A.d.B24D1D6B434CE69CE5622DE330DE5367.e.1491/click - {}
RESULT: {}
COMMAND: POST /session/129c046a4c158aab34184c97257eb527/element - {"using":"xpath","value":"//span[contains(text(), \"Argentina\")]"}
COMMAND: GET /session/129c046a4c158aab34184c97257eb527/screenshot - {}
RESULT: {"using":"xpath","value":"//span[contains(text(), \"Argentina\")]"}
COMMAND: POST /session/129c046a4c158aab34184c97257eb527/element/f.8E45E670A1384E074590F00FAD9F292A.d.B24D1D6B434CE69CE5622DE330DE5367.e.1508/click - {}
RESULT: {}
RESULT: {}
COMMAND: GET /session/129c046a4c158aab34184c97257eb527/screenshot - {}
RESULT: {}
COMMAND: POST /session/129c046a4c158aab34184c97257eb527/element - {"using":"xpath","value":"//bdi[contains(text(), \"Commercial\")]"}
RESULT: {"using":"xpath","value":"//bdi[contains(text(), \"Commercial\")]"}
COMMAND: POST /session/129c046a4c158aab34184c97257eb527/element/f.8E45E670A1384E074590F00FAD9F292A.d.B24D1D6B434CE69CE5622DE330DE5367.e.1509/click - {}
RESULT: {}
COMMAND: GET /session/129c046a4c158aab34184c97257eb527/screenshot - {}
RESULT: {}
COMMAND: POST /session/129c046a4c158aab34184c97257eb527/execute/async - {"script":"<script> [1562 bytes]","args":[{"selector":{"id":"application-managepartners-display-component---NewPartner--partnerDetailInternal-arrow"},"wdio_ui5_key":"applicationmanagepartners-display-component---NewPartner--partnerDetailInternal-arrow"}]}
RESULT: {"script":"<script> [1562 bytes]","args":[{"selector":{"id":"application-managepartners-display-component---NewPartner--partnerDetailInternal-arrow"},"wdio_ui5_key":"applicationmanagepartners-display-component---NewPartner--partnerDetailInternal-arrow"}]}
RESULT: undefined
COMMAND: POST /session/129c046a4c158aab34184c97257eb527/element - {"using":"xpath","value":"//*[@id=\"application-managepartners-display-component---NewPartner--partnerDetailInternal-arrow\"]"}
RESULT: {"using":"xpath","value":"//*[@id=\"application-managepartners-display-component---NewPartner--partnerDetailInternal-arrow\"]"}
COMMAND: POST /session/129c046a4c158aab34184c97257eb527/element/f.8E45E670A1384E074590F00FAD9F292A.d.B24D1D6B434CE69CE5622DE330DE5367.e.1517/click - {}
RESULT: {}
COMMAND: POST /session/129c046a4c158aab34184c97257eb527/element - {"using":"xpath","value":"//span[contains(text(), \"Affiliated company\")]"}
COMMAND: GET /session/129c046a4c158aab34184c97257eb527/screenshot - {}
RESULT: {"using":"xpath","value":"//span[contains(text(), \"Affiliated company\")]"}
COMMAND: POST /session/129c046a4c158aab34184c97257eb527/element/f.8E45E670A1384E074590F00FAD9F292A.d.B24D1D6B434CE69CE5622DE330DE5367.e.1518/click - {}
RESULT: {}
RESULT: {}
COMMAND: POST /session/129c046a4c158aab34184c97257eb527/execute/async - {"script":"<script> [1562 bytes]","args":[{"selector":{"id":"application-managepartners-display-component---NewPartner--partnerDetailsCurrency-arrow"},"wdio_ui5_key":"applicationmanagepartners-display-component---NewPartner--partnerDetailsCurrency-arrow"}]}
COMMAND: GET /session/129c046a4c158aab34184c97257eb527/screenshot - {}
RESULT: {"script":"<script> [1562 bytes]","args":[{"selector":{"id":"application-managepartners-display-component---NewPartner--partnerDetailsCurrency-arrow"},"wdio_ui5_key":"applicationmanagepartners-display-component---NewPartner--partnerDetailsCurrency-arrow"}]}
RESULT: undefined
COMMAND: POST /session/129c046a4c158aab34184c97257eb527/element - {"using":"xpath","value":"//*[@id=\"application-managepartners-display-component---NewPartner--partnerDetailsCurrency-arrow\"]"}
RESULT: {}
RESULT: {"using":"xpath","value":"//*[@id=\"application-managepartners-display-component---NewPartner--partnerDetailsCurrency-arrow\"]"}
COMMAND: POST /session/129c046a4c158aab34184c97257eb527/element/f.8E45E670A1384E074590F00FAD9F292A.d.B24D1D6B434CE69CE5622DE330DE5367.e.1525/click - {}
RESULT: {}
COMMAND: POST /session/129c046a4c158aab34184c97257eb527/element - {"using":"xpath","value":"//span[contains(text(), \"Euro\")]"}
COMMAND: GET /session/129c046a4c158aab34184c97257eb527/screenshot - {}
RESULT: {"using":"xpath","value":"//span[contains(text(), \"Euro\")]"}
COMMAND: POST /session/129c046a4c158aab34184c97257eb527/element/f.8E45E670A1384E074590F00FAD9F292A.d.B24D1D6B434CE69CE5622DE330DE5367.e.1526/click - {}
RESULT: {}
RESULT: {}
COMMAND: POST /session/129c046a4c158aab34184c97257eb527/execute/async - {"script":"<script> [1562 bytes]","args":[{"selector":{"id":"application-managepartners-display-component---NewPartner--addressEditDetailsCostObjectCstType-arrow"},"wdio_ui5_key":"applicationmanagepartners-display-component---NewPartner--addressEditDetailsCostObjectCstType-arrow"}]}
COMMAND: GET /session/129c046a4c158aab34184c97257eb527/screenshot - {}
RESULT: {"script":"<script> [1562 bytes]","args":[{"selector":{"id":"application-managepartners-display-component---NewPartner--addressEditDetailsCostObjectCstType-arrow"},"wdio_ui5_key":"applicationmanagepartners-display-component---NewPartner--addressEditDetailsCostObjectCstType-arrow"}]}
RESULT: undefined
COMMAND: POST /session/129c046a4c158aab34184c97257eb527/element - {"using":"xpath","value":"//*[@id=\"application-managepartners-display-component---NewPartner--addressEditDetailsCostObjectCstType-arrow\"]"}
RESULT: {}
RESULT: {"using":"xpath","value":"//*[@id=\"application-managepartners-display-component---NewPartner--addressEditDetailsCostObjectCstType-arrow\"]"}
COMMAND: POST /session/129c046a4c158aab34184c97257eb527/element/f.8E45E670A1384E074590F00FAD9F292A.d.B24D1D6B434CE69CE5622DE330DE5367.e.1527/click - {}
RESULT: {}
COMMAND: POST /session/129c046a4c158aab34184c97257eb527/element - {"using":"xpath","value":"//span[contains(text(), \"Cost Center\")]"}
COMMAND: GET /session/129c046a4c158aab34184c97257eb527/screenshot - {}
RESULT: {"using":"xpath","value":"//span[contains(text(), \"Cost Center\")]"}
COMMAND: POST /session/129c046a4c158aab34184c97257eb527/element/f.8E45E670A1384E074590F00FAD9F292A.d.B24D1D6B434CE69CE5622DE330DE5367.e.1528/click - {}
RESULT: {}
RESULT: {}
COMMAND: GET /session/129c046a4c158aab34184c97257eb527/screenshot - {}
RESULT: {}
COMMAND: POST /session/129c046a4c158aab34184c97257eb527/element - {"using":"xpath","value":"//span[@id=\"application-managepartners-display-component---NewPartner--addressNewCostObjectCstID-vhi\"]"}
RESULT: {"using":"xpath","value":"//span[@id=\"application-managepartners-display-component---NewPartner--addressNewCostObjectCstID-vhi\"]"}
COMMAND: POST /session/129c046a4c158aab34184c97257eb527/execute/sync - {"script":"<script> [8489 bytes]","args":[{"element-6066-11e4-a52e-4f735466cecf":"f.8E45E670A1384E074590F00FAD9F292A.d.B24D1D6B434CE69CE5622DE330DE5367.e.1531","ELEMENT":"f.8E45E670A1384E074590F00FAD9F292A.d.B24D1D6B434CE69CE5622DE330DE5367.e.1531"}]}
RESULT: {"script":"<script> [8489 bytes]","args":[{"element-6066-11e4-a52e-4f735466cecf":"f.8E45E670A1384E074590F00FAD9F292A.d.B24D1D6B434CE69CE5622DE330DE5367.e.1531","ELEMENT":"f.8E45E670A1384E074590F00FAD9F292A.d.B24D1D6B434CE69CE5622DE330DE5367.e.1531"}]}
COMMAND: POST /session/129c046a4c158aab34184c97257eb527/execute/async - {"script":"<script> [1562 bytes]","args":[{"selector":{"id":"application-managepartners-display-component---NewPartner--addressNewCostObjectCstID-vhi"},"wdio_ui5_key":"applicationmanagepartners-display-component---NewPartner--addressNewCostObjectCstID-vhi"}]}
COMMAND: GET /session/129c046a4c158aab34184c97257eb527/screenshot - {}
RESULT: {"script":"<script> [1562 bytes]","args":[{"selector":{"id":"application-managepartners-display-component---NewPartner--addressNewCostObjectCstID-vhi"},"wdio_ui5_key":"applicationmanagepartners-display-component---NewPartner--addressNewCostObjectCstID-vhi"}]}
RESULT: undefined
COMMAND: POST /session/129c046a4c158aab34184c97257eb527/element - {"using":"xpath","value":"//*[@id=\"application-managepartners-display-component---NewPartner--addressNewCostObjectCstID-vhi\"]"}
RESULT: {}
RESULT: {"using":"xpath","value":"//*[@id=\"application-managepartners-display-component---NewPartner--addressNewCostObjectCstID-vhi\"]"}
COMMAND: POST /session/129c046a4c158aab34184c97257eb527/element/f.8E45E670A1384E074590F00FAD9F292A.d.B24D1D6B434CE69CE5622DE330DE5367.e.1531/click - {}
RESULT: {}
COMMAND: GET /session/129c046a4c158aab34184c97257eb527/screenshot - {}
RESULT: {}
RESULT: undefined
COMMAND: POST /session/129c046a4c158aab34184c97257eb527/execute/async - {"script":"<script> [776 bytes]","args":[{"enterText":"10001013","selector":{"controlType":"sap.m.SearchField","properties":{"placeholder":"Search"},"searchOpenDialogs":true,"interaction":{"idSuffix":"I"}},"clearTextFirst":true,"interactionType":"ENTER_TEXT"}]}
RESULT: {"script":"<script> [776 bytes]","args":[{"enterText":"10001013","selector":{"controlType":"sap.m.SearchField","properties":{"placeholder":"Search"},"searchOpenDialogs":true,"interaction":{"idSuffix":"I"}},"clearTextFirst":true,"interactionType":"ENTER_TEXT"}]}
COMMAND: POST /session/129c046a4c158aab34184c97257eb527/actions - {"actions":[{"id":"action2","type":"key","parameters":{},"actions":[{"type":"keyDown","value":""},{"type":"pause","duration":10},{"type":"keyUp","value":""}]}]}
RESULT: {"actions":[{"id":"action2","type":"key","parameters":{},"actions":[{"type":"keyDown","value":""},{"type":"pause","duration":10},{"type":"keyUp","value":""}]}]}
COMMAND: GET /session/129c046a4c158aab34184c97257eb527/screenshot - {}
RESULT: {}
COMMAND: POST /session/129c046a4c158aab34184c97257eb527/element - {"using":"xpath","value":"//span[contains(text(), \"General Management\")]"}
RESULT: {"using":"xpath","value":"//span[contains(text(), \"General Management\")]"}
COMMAND: POST /session/129c046a4c158aab34184c97257eb527/element/f.8E45E670A1384E074590F00FAD9F292A.d.B24D1D6B434CE69CE5622DE330DE5367.e.1570/click - {}
RESULT: {}
COMMAND: GET /session/129c046a4c158aab34184c97257eb527/screenshot - {}
RESULT: {}
COMMAND: POST /session/129c046a4c158aab34184c97257eb527/element - {"using":"xpath","value":"//bdi[contains(text(), \"OK\")]"}
RESULT: {"using":"xpath","value":"//bdi[contains(text(), \"OK\")]"}
COMMAND: POST /session/129c046a4c158aab34184c97257eb527/element/f.8E45E670A1384E074590F00FAD9F292A.d.B24D1D6B434CE69CE5622DE330DE5367.e.1571/click - {}
RESULT: {}
COMMAND: GET /session/129c046a4c158aab34184c97257eb527/screenshot - {}
RESULT: {}
COMMAND: POST /session/129c046a4c158aab34184c97257eb527/element - {"using":"xpath","value":"//input[@id=\"application-managepartners-display-component---NewPartner--companyCodeComboBox-inner\"]"}
RESULT: {"using":"xpath","value":"//input[@id=\"application-managepartners-display-component---NewPartner--companyCodeComboBox-inner\"]"}
COMMAND: POST /session/129c046a4c158aab34184c97257eb527/element/f.8E45E670A1384E074590F00FAD9F292A.d.B24D1D6B434CE69CE5622DE330DE5367.e.1371/clear - {}
RESULT: {}
COMMAND: POST /session/129c046a4c158aab34184c97257eb527/element/f.8E45E670A1384E074590F00FAD9F292A.d.B24D1D6B434CE69CE5622DE330DE5367.e.1371/value - {"text":"C002"}
COMMAND: GET /session/129c046a4c158aab34184c97257eb527/screenshot - {}
RESULT: {"text":"C002"}
COMMAND: GET /session/129c046a4c158aab34184c97257eb527/screenshot - {}
RESULT: {}
RESULT: {}
COMMAND: POST /session/129c046a4c158aab34184c97257eb527/element - {"using":"xpath","value":"//span[contains(text(), \"C002\")]"}
RESULT: {"using":"xpath","value":"//span[contains(text(), \"C002\")]"}
COMMAND: POST /session/129c046a4c158aab34184c97257eb527/element/f.8E45E670A1384E074590F00FAD9F292A.d.B24D1D6B434CE69CE5622DE330DE5367.e.1577/click - {}
RESULT: {}
COMMAND: GET /session/129c046a4c158aab34184c97257eb527/screenshot - {}
RESULT: {}
COMMAND: POST /session/129c046a4c158aab34184c97257eb527/execute/async - {"script":"<script> [1562 bytes]","args":[{"selector":{"id":"application-managepartners-display-component---NewPartner--btnAddTableRow-img"},"wdio_ui5_key":"applicationmanagepartners-display-component---NewPartner--btnAddTableRow-img"}]}
RESULT: {"script":"<script> [1562 bytes]","args":[{"selector":{"id":"application-managepartners-display-component---NewPartner--btnAddTableRow-img"},"wdio_ui5_key":"applicationmanagepartners-display-component---NewPartner--btnAddTableRow-img"}]}
RESULT: undefined
COMMAND: POST /session/129c046a4c158aab34184c97257eb527/element - {"using":"xpath","value":"//*[@id=\"application-managepartners-display-component---NewPartner--btnAddTableRow-img\"]"}
RESULT: {"using":"xpath","value":"//*[@id=\"application-managepartners-display-component---NewPartner--btnAddTableRow-img\"]"}
COMMAND: POST /session/129c046a4c158aab34184c97257eb527/element/f.8E45E670A1384E074590F00FAD9F292A.d.B24D1D6B434CE69CE5622DE330DE5367.e.1578/click - {}
RESULT: {}
COMMAND: GET /session/129c046a4c158aab34184c97257eb527/screenshot - {}
RESULT: {}
COMMAND: POST /session/129c046a4c158aab34184c97257eb527/element - {"using":"xpath","value":"//input[@id=\"application-managepartners-display-component---NewPartner--assignmentYard-application-managepartners-display-component---NewPartner--assignmentsTable-0-inner\"]"}
RESULT: {"using":"xpath","value":"//input[@id=\"application-managepartners-display-component---NewPartner--assignmentYard-application-managepartners-display-component---NewPartner--assignmentsTable-0-inner\"]"}
COMMAND: POST /session/129c046a4c158aab34184c97257eb527/element/f.8E45E670A1384E074590F00FAD9F292A.d.B24D1D6B434CE69CE5622DE330DE5367.e.1581/clear - {}
RESULT: {}
COMMAND: POST /session/129c046a4c158aab34184c97257eb527/element/f.8E45E670A1384E074590F00FAD9F292A.d.B24D1D6B434CE69CE5622DE330DE5367.e.1581/value - {"text":"741"}
COMMAND: GET /session/129c046a4c158aab34184c97257eb527/screenshot - {}
RESULT: {"text":"741"}
COMMAND: GET /session/129c046a4c158aab34184c97257eb527/screenshot - {}
RESULT: {}
RESULT: {}
COMMAND: POST /session/129c046a4c158aab34184c97257eb527/element - {"using":"xpath","value":"//li[.//span[text()='741']]"}
RESULT: {"using":"xpath","value":"//li[.//span[text()='741']]"}
COMMAND: POST /session/129c046a4c158aab34184c97257eb527/element/f.8E45E670A1384E074590F00FAD9F292A.d.B24D1D6B434CE69CE5622DE330DE5367.e.1590/click - {}
RESULT: {}
COMMAND: GET /session/129c046a4c158aab34184c97257eb527/screenshot - {}
RESULT: {}
COMMAND: POST /session/129c046a4c158aab34184c97257eb527/actions - {"actions":[{"id":"action3","type":"key","parameters":{},"actions":[{"type":"keyDown","value":""},{"type":"pause","duration":10},{"type":"keyUp","value":""}]}]}
RESULT: {"actions":[{"id":"action3","type":"key","parameters":{},"actions":[{"type":"keyDown","value":""},{"type":"pause","duration":10},{"type":"keyUp","value":""}]}]}
COMMAND: POST /session/129c046a4c158aab34184c97257eb527/execute/async - {"script":"<script> [1562 bytes]","args":[{"selector":{"id":"application-managepartners-display-component---NewPartner--externalCustomerComboBox-application-managepartners-display-component---NewPartner--assignmentsTable-0-vhi"},"wdio_ui5_key":"applicationmanagepartners-display-component---NewPartner--externalCustomerComboBox-application-managepartners-display-component---NewPartner--assignmentsTable-0-vhi"}]}
COMMAND: GET /session/129c046a4c158aab34184c97257eb527/screenshot - {}
RESULT: {"script":"<script> [1562 bytes]","args":[{"selector":{"id":"application-managepartners-display-component---NewPartner--externalCustomerComboBox-application-managepartners-display-component---NewPartner--assignmentsTable-0-vhi"},"wdio_ui5_key":"applicationmanagepartners-display-component---NewPartner--externalCustomerComboBox-application-managepartners-display-component---NewPartner--assignmentsTable-0-vhi"}]}
RESULT: undefined
COMMAND: POST /session/129c046a4c158aab34184c97257eb527/element - {"using":"xpath","value":"//*[@id=\"application-managepartners-display-component---NewPartner--externalCustomerComboBox-application-managepartners-display-component---NewPartner--assignmentsTable-0-vhi\"]"}
RESULT: {}
RESULT: {"using":"xpath","value":"//*[@id=\"application-managepartners-display-component---NewPartner--externalCustomerComboBox-application-managepartners-display-component---NewPartner--assignmentsTable-0-vhi\"]"}
COMMAND: POST /session/129c046a4c158aab34184c97257eb527/element/f.8E45E670A1384E074590F00FAD9F292A.d.B24D1D6B434CE69CE5622DE330DE5367.e.1594/click - {}
RESULT: {}
RESULT: undefined
COMMAND: POST /session/129c046a4c158aab34184c97257eb527/execute/async - {"script":"<script> [776 bytes]","args":[{"enterText":"300003","selector":{"controlType":"sap.m.SearchField","properties":{"placeholder":"Search"},"searchOpenDialogs":true,"interaction":{"idSuffix":"I"}},"clearTextFirst":true,"interactionType":"ENTER_TEXT"}]}
COMMAND: GET /session/129c046a4c158aab34184c97257eb527/screenshot - {}
RESULT: {"script":"<script> [776 bytes]","args":[{"enterText":"300003","selector":{"controlType":"sap.m.SearchField","properties":{"placeholder":"Search"},"searchOpenDialogs":true,"interaction":{"idSuffix":"I"}},"clearTextFirst":true,"interactionType":"ENTER_TEXT"}]}
COMMAND: POST /session/129c046a4c158aab34184c97257eb527/actions - {"actions":[{"id":"action4","type":"key","parameters":{},"actions":[{"type":"keyDown","value":""},{"type":"pause","duration":10},{"type":"keyUp","value":""}]}]}
RESULT: {}
RESULT: {"actions":[{"id":"action4","type":"key","parameters":{},"actions":[{"type":"keyDown","value":""},{"type":"pause","duration":10},{"type":"keyUp","value":""}]}]}
COMMAND: GET /session/129c046a4c158aab34184c97257eb527/screenshot - {}
RESULT: {}
COMMAND: POST /session/129c046a4c158aab34184c97257eb527/element - {"using":"xpath","value":"//span[contains(text(), \"300003\")]"}
RESULT: {"using":"xpath","value":"//span[contains(text(), \"300003\")]"}
COMMAND: POST /session/129c046a4c158aab34184c97257eb527/element/f.8E45E670A1384E074590F00FAD9F292A.d.B24D1D6B434CE69CE5622DE330DE5367.e.1612/click - {}
RESULT: {}
COMMAND: GET /session/129c046a4c158aab34184c97257eb527/screenshot - {}
RESULT: {}
COMMAND: POST /session/129c046a4c158aab34184c97257eb527/element - {"using":"xpath","value":"//bdi[contains(text(), \"OK\")]"}
RESULT: {"using":"xpath","value":"//bdi[contains(text(), \"OK\")]"}
COMMAND: POST /session/129c046a4c158aab34184c97257eb527/element/f.8E45E670A1384E074590F00FAD9F292A.d.B24D1D6B434CE69CE5622DE330DE5367.e.1614/click - {}
RESULT: {}
COMMAND: GET /session/129c046a4c158aab34184c97257eb527/screenshot - {}
RESULT: {}
COMMAND: POST /session/129c046a4c158aab34184c97257eb527/execute/async - {"script":"<script> [1562 bytes]","args":[{"selector":{"id":"application-managepartners-display-component---NewPartner--intercompVendorComboBox-application-managepartners-display-component---NewPartner--assignmentsTable-0-vhi"},"wdio_ui5_key":"applicationmanagepartners-display-component---NewPartner--intercompVendorComboBox-application-managepartners-display-component---NewPartner--assignmentsTable-0-vhi"}]}
RESULT: {"script":"<script> [1562 bytes]","args":[{"selector":{"id":"application-managepartners-display-component---NewPartner--intercompVendorComboBox-application-managepartners-display-component---NewPartner--assignmentsTable-0-vhi"},"wdio_ui5_key":"applicationmanagepartners-display-component---NewPartner--intercompVendorComboBox-application-managepartners-display-component---NewPartner--assignmentsTable-0-vhi"}]}
RESULT: undefined
COMMAND: POST /session/129c046a4c158aab34184c97257eb527/element - {"using":"xpath","value":"//*[@id=\"application-managepartners-display-component---NewPartner--intercompVendorComboBox-application-managepartners-display-component---NewPartner--assignmentsTable-0-vhi\"]"}
RESULT: {"using":"xpath","value":"//*[@id=\"application-managepartners-display-component---NewPartner--intercompVendorComboBox-application-managepartners-display-component---NewPartner--assignmentsTable-0-vhi\"]"}
COMMAND: POST /session/129c046a4c158aab34184c97257eb527/element/f.8E45E670A1384E074590F00FAD9F292A.d.B24D1D6B434CE69CE5622DE330DE5367.e.1618/click - {}
RESULT: {}
RESULT: undefined
COMMAND: POST /session/129c046a4c158aab34184c97257eb527/execute/async - {"script":"<script> [776 bytes]","args":[{"enterText":"100005","selector":{"controlType":"sap.m.SearchField","properties":{"placeholder":"Search"},"searchOpenDialogs":true,"interaction":{"idSuffix":"I"}},"clearTextFirst":true,"interactionType":"ENTER_TEXT"}]}
COMMAND: GET /session/129c046a4c158aab34184c97257eb527/screenshot - {}
RESULT: {"script":"<script> [776 bytes]","args":[{"enterText":"100005","selector":{"controlType":"sap.m.SearchField","properties":{"placeholder":"Search"},"searchOpenDialogs":true,"interaction":{"idSuffix":"I"}},"clearTextFirst":true,"interactionType":"ENTER_TEXT"}]}
COMMAND: POST /session/129c046a4c158aab34184c97257eb527/actions - {"actions":[{"id":"action5","type":"key","parameters":{},"actions":[{"type":"keyDown","value":""},{"type":"pause","duration":10},{"type":"keyUp","value":""}]}]}
RESULT: {}
RESULT: {"actions":[{"id":"action5","type":"key","parameters":{},"actions":[{"type":"keyDown","value":""},{"type":"pause","duration":10},{"type":"keyUp","value":""}]}]}
COMMAND: GET /session/129c046a4c158aab34184c97257eb527/screenshot - {}
RESULT: {}
COMMAND: POST /session/129c046a4c158aab34184c97257eb527/element - {"using":"xpath","value":"//span[contains(text(), \"Penguins - Field/12345 Berlin\")]"}
RESULT: {"using":"xpath","value":"//span[contains(text(), \"Penguins - Field/12345 Berlin\")]"}
COMMAND: POST /session/129c046a4c158aab34184c97257eb527/element/f.8E45E670A1384E074590F00FAD9F292A.d.B24D1D6B434CE69CE5622DE330DE5367.e.1636/click - {}
RESULT: {}
COMMAND: GET /session/129c046a4c158aab34184c97257eb527/screenshot - {}
RESULT: {}
COMMAND: POST /session/129c046a4c158aab34184c97257eb527/element - {"using":"xpath","value":"//bdi[contains(text(), \"OK\")]"}
RESULT: {"using":"xpath","value":"//bdi[contains(text(), \"OK\")]"}
COMMAND: POST /session/129c046a4c158aab34184c97257eb527/element/f.8E45E670A1384E074590F00FAD9F292A.d.B24D1D6B434CE69CE5622DE330DE5367.e.1637/click - {}
RESULT: {}
COMMAND: GET /session/129c046a4c158aab34184c97257eb527/screenshot - {}
RESULT: {}
COMMAND: POST /session/129c046a4c158aab34184c97257eb527/element - {"using":"xpath","value":"//button[@data-kt=\"saveButton\"]"}
RESULT: {"using":"xpath","value":"//button[@data-kt=\"saveButton\"]"}
COMMAND: POST /session/129c046a4c158aab34184c97257eb527/element/f.8E45E670A1384E074590F00FAD9F292A.d.B24D1D6B434CE69CE5622DE330DE5367.e.1487/click - {}
RESULT: {}
COMMAND: GET /session/129c046a4c158aab34184c97257eb527/screenshot - {}
RESULT: {}
COMMAND: POST /session/129c046a4c158aab34184c97257eb527/element - {"using":"xpath","value":"//header[contains(@id, 'ObjectPageLayout-headerTitle')]/div[1]/div[2]/div[2]/span[1]"}
RESULT: {"using":"xpath","value":"//header[contains(@id, 'ObjectPageLayout-headerTitle')]/div[1]/div[2]/div[2]/span[1]"}
COMMAND: POST /session/129c046a4c158aab34184c97257eb527/elements - {"using":"xpath","value":"//header[contains(@id, 'ObjectPageLayout-headerTitle')]/div[1]/div[2]/div[2]/span[1]"}
RESULT: {"using":"xpath","value":"//header[contains(@id, 'ObjectPageLayout-headerTitle')]/div[1]/div[2]/div[2]/span[1]"}
COMMAND: POST /session/129c046a4c158aab34184c97257eb527/execute/sync - {"script":"<script> [56 bytes]","args":[{"element-6066-11e4-a52e-4f735466cecf":"f.8E45E670A1384E074590F00FAD9F292A.d.B24D1D6B434CE69CE5622DE330DE5367.e.1802","ELEMENT":"f.8E45E670A1384E074590F00FAD9F292A.d.B24D1D6B434CE69CE5622DE330DE5367.e.1802"}]}
RESULT: {"script":"<script> [56 bytes]","args":[{"element-6066-11e4-a52e-4f735466cecf":"f.8E45E670A1384E074590F00FAD9F292A.d.B24D1D6B434CE69CE5622DE330DE5367.e.1802","ELEMENT":"f.8E45E670A1384E074590F00FAD9F292A.d.B24D1D6B434CE69CE5622DE330DE5367.e.1802"}]}
COMMAND: POST /session/129c046a4c158aab34184c97257eb527/element - {"using":"css selector","value":"#shell-header-logo"}
COMMAND: GET /session/129c046a4c158aab34184c97257eb527/screenshot - {}
RESULT: {}
RESULT: {"using":"css selector","value":"#shell-header-logo"}
COMMAND: POST /session/129c046a4c158aab34184c97257eb527/element/f.8E45E670A1384E074590F00FAD9F292A.d.B24D1D6B434CE69CE5622DE330DE5367.e.1029/click - {}
RESULT: {}
COMMAND: GET /session/129c046a4c158aab34184c97257eb527/screenshot - {}
RESULT: {}
COMMAND: POST /session/129c046a4c158aab34184c97257eb527/execute/sync - {"script":"<script> [299 bytes]","args":[["getModel","getResource"]]}
RESULT: {"script":"<script> [299 bytes]","args":[["getModel","getResource"]]}
]]></system-out>
    </testcase>
    <testcase classname="chrome.135_0_7049_96.windows.Billing_Transfer_-_Master_data_&amp;_Intercompany_US127250" name="Should create a new site" time="96.297">
      <system-out><![CDATA[
COMMAND: GET /session/129c046a4c158aab34184c97257eb527/screenshot - {}
COMMAND: POST /session/129c046a4c158aab34184c97257eb527/execute/async - {"script":"<script> [1562 bytes]","args":[{"selector":{"controlType":"sap.m.TileContent","bindingPath":{"path":"","propertyPath":"/properties/info"},"ancestor":{"controlType":"sap.m.GenericTile","properties":{"header":"Manage Sites"}}},"wdio_ui5_key":"sapm.TileContent{\"path\":\"\",\"propertyPath\":\"/properties/info\"}{\"controlType\":\"sap.m.GenericTile\",\"properties\":{\"header\":\"Manage Sites\"}}"}]}
RESULT: {}
RESULT: {"script":"<script> [1562 bytes]","args":[{"selector":{"controlType":"sap.m.TileContent","bindingPath":{"path":"","propertyPath":"/properties/info"},"ancestor":{"controlType":"sap.m.GenericTile","properties":{"header":"Manage Sites"}}},"wdio_ui5_key":"sapm.TileContent{\"path\":\"\",\"propertyPath\":\"/properties/info\"}{\"controlType\":\"sap.m.GenericTile\",\"properties\":{\"header\":\"Manage Sites\"}}"}]}
RESULT: undefined
COMMAND: POST /session/129c046a4c158aab34184c97257eb527/element - {"using":"xpath","value":"//*[@id=\"__xmlview7--numericTileContent\"]"}
RESULT: {"using":"xpath","value":"//*[@id=\"__xmlview7--numericTileContent\"]"}
COMMAND: POST /session/129c046a4c158aab34184c97257eb527/element/f.8E45E670A1384E074590F00FAD9F292A.d.B24D1D6B434CE69CE5622DE330DE5367.e.1804/click - {}
RESULT: {}
COMMAND: POST /session/129c046a4c158aab34184c97257eb527/element - {"using":"xpath","value":"//button[@data-kt=\"addOverflowToolbarButton\"]"}
COMMAND: GET /session/129c046a4c158aab34184c97257eb527/screenshot - {}
RESULT: {}
RESULT: {"using":"xpath","value":"//button[@data-kt=\"addOverflowToolbarButton\"]"}
COMMAND: POST /session/129c046a4c158aab34184c97257eb527/elements - {"using":"xpath","value":"//button[@data-kt=\"addOverflowToolbarButton\"]"}
RESULT: {"using":"xpath","value":"//button[@data-kt=\"addOverflowToolbarButton\"]"}
COMMAND: POST /session/129c046a4c158aab34184c97257eb527/elements - {"using":"xpath","value":"//button[@data-kt=\"addOverflowToolbarButton\"]"}
RESULT: {"using":"xpath","value":"//button[@data-kt=\"addOverflowToolbarButton\"]"}
COMMAND: POST /session/129c046a4c158aab34184c97257eb527/elements - {"using":"xpath","value":"//button[@data-kt=\"addOverflowToolbarButton\"]"}
RESULT: {"using":"xpath","value":"//button[@data-kt=\"addOverflowToolbarButton\"]"}
COMMAND: POST /session/129c046a4c158aab34184c97257eb527/element - {"using":"xpath","value":"//button[@data-kt=\"addOverflowToolbarButton\"]"}
RESULT: {"using":"xpath","value":"//button[@data-kt=\"addOverflowToolbarButton\"]"}
COMMAND: POST /session/129c046a4c158aab34184c97257eb527/execute/sync - {"script":"<script> [8489 bytes]","args":[{"element-6066-11e4-a52e-4f735466cecf":"f.8E45E670A1384E074590F00FAD9F292A.d.B24D1D6B434CE69CE5622DE330DE5367.e.1850","ELEMENT":"f.8E45E670A1384E074590F00FAD9F292A.d.B24D1D6B434CE69CE5622DE330DE5367.e.1850"}]}
RESULT: {"script":"<script> [8489 bytes]","args":[{"element-6066-11e4-a52e-4f735466cecf":"f.8E45E670A1384E074590F00FAD9F292A.d.B24D1D6B434CE69CE5622DE330DE5367.e.1850","ELEMENT":"f.8E45E670A1384E074590F00FAD9F292A.d.B24D1D6B434CE69CE5622DE330DE5367.e.1850"}]}
COMMAND: GET /session/129c046a4c158aab34184c97257eb527/element/f.8E45E670A1384E074590F00FAD9F292A.d.B24D1D6B434CE69CE5622DE330DE5367.e.1850/enabled - {}
COMMAND: GET /session/129c046a4c158aab34184c97257eb527/screenshot - {}
RESULT: {}
COMMAND: POST /session/129c046a4c158aab34184c97257eb527/execute/sync - {"script":"<script> [8489 bytes]","args":[{"element-6066-11e4-a52e-4f735466cecf":"f.8E45E670A1384E074590F00FAD9F292A.d.B24D1D6B434CE69CE5622DE330DE5367.e.1850","ELEMENT":"f.8E45E670A1384E074590F00FAD9F292A.d.B24D1D6B434CE69CE5622DE330DE5367.e.1850"}]}
COMMAND: GET /session/129c046a4c158aab34184c97257eb527/screenshot - {}
RESULT: {}
RESULT: {"script":"<script> [8489 bytes]","args":[{"element-6066-11e4-a52e-4f735466cecf":"f.8E45E670A1384E074590F00FAD9F292A.d.B24D1D6B434CE69CE5622DE330DE5367.e.1850","ELEMENT":"f.8E45E670A1384E074590F00FAD9F292A.d.B24D1D6B434CE69CE5622DE330DE5367.e.1850"}]}
COMMAND: POST /session/129c046a4c158aab34184c97257eb527/execute/sync - {"script":"<script> [5351 bytes]","args":[{"element-6066-11e4-a52e-4f735466cecf":"f.8E45E670A1384E074590F00FAD9F292A.d.B24D1D6B434CE69CE5622DE330DE5367.e.1850","ELEMENT":"f.8E45E670A1384E074590F00FAD9F292A.d.B24D1D6B434CE69CE5622DE330DE5367.e.1850"}]}
COMMAND: GET /session/129c046a4c158aab34184c97257eb527/screenshot - {}
RESULT: {}
RESULT: {"script":"<script> [5351 bytes]","args":[{"element-6066-11e4-a52e-4f735466cecf":"f.8E45E670A1384E074590F00FAD9F292A.d.B24D1D6B434CE69CE5622DE330DE5367.e.1850","ELEMENT":"f.8E45E670A1384E074590F00FAD9F292A.d.B24D1D6B434CE69CE5622DE330DE5367.e.1850"}]}
COMMAND: POST /session/129c046a4c158aab34184c97257eb527/element/f.8E45E670A1384E074590F00FAD9F292A.d.B24D1D6B434CE69CE5622DE330DE5367.e.1850/click - {}
COMMAND: GET /session/129c046a4c158aab34184c97257eb527/screenshot - {}
RESULT: {}
RESULT: {}
COMMAND: GET /session/129c046a4c158aab34184c97257eb527/screenshot - {}
COMMAND: POST /session/129c046a4c158aab34184c97257eb527/execute/async - {"script":"<script> [1562 bytes]","args":[{"selector":{"id":"application-managesites-display-component---NewSite--addressDetailDetailsName1","interaction":{"idSuffix":"inner"}},"wdio_ui5_key":"applicationmanagesites-display-component---NewSite--addressDetailDetailsName1"}]}
RESULT: {}
RESULT: {}
RESULT: {"script":"<script> [1562 bytes]","args":[{"selector":{"id":"application-managesites-display-component---NewSite--addressDetailDetailsName1","interaction":{"idSuffix":"inner"}},"wdio_ui5_key":"applicationmanagesites-display-component---NewSite--addressDetailDetailsName1"}]}
RESULT: undefined
COMMAND: POST /session/129c046a4c158aab34184c97257eb527/execute/async - {"script":"<script> [776 bytes]","args":[{"enterText":"Intercompany Site wdIO","selector":{"id":"application-managesites-display-component---NewSite--addressDetailDetailsName1","interaction":{"idSuffix":"inner"}},"clearTextFirst":true,"interactionType":"ENTER_TEXT"}]}
RESULT: {"script":"<script> [776 bytes]","args":[{"enterText":"Intercompany Site wdIO","selector":{"id":"application-managesites-display-component---NewSite--addressDetailDetailsName1","interaction":{"idSuffix":"inner"}},"clearTextFirst":true,"interactionType":"ENTER_TEXT"}]}
COMMAND: POST /session/129c046a4c158aab34184c97257eb527/execute/async - {"script":"<script> [1562 bytes]","args":[{"selector":{"id":"application-managesites-display-component---NewSite--addressDetailDetailsLanguage-arrow"},"wdio_ui5_key":"applicationmanagesites-display-component---NewSite--addressDetailDetailsLanguage-arrow"}]}
RESULT: {"script":"<script> [1562 bytes]","args":[{"selector":{"id":"application-managesites-display-component---NewSite--addressDetailDetailsLanguage-arrow"},"wdio_ui5_key":"applicationmanagesites-display-component---NewSite--addressDetailDetailsLanguage-arrow"}]}
RESULT: undefined
COMMAND: POST /session/129c046a4c158aab34184c97257eb527/element - {"using":"xpath","value":"//*[@id=\"application-managesites-display-component---NewSite--addressDetailDetailsLanguage-arrow\"]"}
RESULT: {"using":"xpath","value":"//*[@id=\"application-managesites-display-component---NewSite--addressDetailDetailsLanguage-arrow\"]"}
COMMAND: POST /session/129c046a4c158aab34184c97257eb527/element/f.8E45E670A1384E074590F00FAD9F292A.d.B24D1D6B434CE69CE5622DE330DE5367.e.2486/click - {}
RESULT: {}
COMMAND: POST /session/129c046a4c158aab34184c97257eb527/element - {"using":"xpath","value":"//span[contains(text(), \"English\")]"}
COMMAND: GET /session/129c046a4c158aab34184c97257eb527/screenshot - {}
RESULT: {"using":"xpath","value":"//span[contains(text(), \"English\")]"}
COMMAND: POST /session/129c046a4c158aab34184c97257eb527/element/f.8E45E670A1384E074590F00FAD9F292A.d.B24D1D6B434CE69CE5622DE330DE5367.e.2487/click - {}
RESULT: {}
RESULT: {}
COMMAND: POST /session/129c046a4c158aab34184c97257eb527/execute/async - {"script":"<script> [1562 bytes]","args":[{"selector":{"id":"application-managesites-display-component---NewSite--addressDetailDetailsCity1","interaction":{"idSuffix":"inner"}},"wdio_ui5_key":"applicationmanagesites-display-component---NewSite--addressDetailDetailsCity1"}]}
COMMAND: GET /session/129c046a4c158aab34184c97257eb527/screenshot - {}
RESULT: {"script":"<script> [1562 bytes]","args":[{"selector":{"id":"application-managesites-display-component---NewSite--addressDetailDetailsCity1","interaction":{"idSuffix":"inner"}},"wdio_ui5_key":"applicationmanagesites-display-component---NewSite--addressDetailDetailsCity1"}]}
RESULT: undefined
COMMAND: POST /session/129c046a4c158aab34184c97257eb527/execute/async - {"script":"<script> [776 bytes]","args":[{"enterText":"Rosario","selector":{"id":"application-managesites-display-component---NewSite--addressDetailDetailsCity1","interaction":{"idSuffix":"inner"}},"clearTextFirst":true,"interactionType":"ENTER_TEXT"}]}
RESULT: {}
RESULT: {"script":"<script> [776 bytes]","args":[{"enterText":"Rosario","selector":{"id":"application-managesites-display-component---NewSite--addressDetailDetailsCity1","interaction":{"idSuffix":"inner"}},"clearTextFirst":true,"interactionType":"ENTER_TEXT"}]}
COMMAND: POST /session/129c046a4c158aab34184c97257eb527/execute/async - {"script":"<script> [1562 bytes]","args":[{"selector":{"id":"application-managesites-display-component---NewSite--addressDetailDetailsCountry-arrow"},"wdio_ui5_key":"applicationmanagesites-display-component---NewSite--addressDetailDetailsCountry-arrow"}]}
RESULT: {"script":"<script> [1562 bytes]","args":[{"selector":{"id":"application-managesites-display-component---NewSite--addressDetailDetailsCountry-arrow"},"wdio_ui5_key":"applicationmanagesites-display-component---NewSite--addressDetailDetailsCountry-arrow"}]}
RESULT: undefined
COMMAND: POST /session/129c046a4c158aab34184c97257eb527/element - {"using":"xpath","value":"//*[@id=\"application-managesites-display-component---NewSite--addressDetailDetailsCountry-arrow\"]"}
RESULT: {"using":"xpath","value":"//*[@id=\"application-managesites-display-component---NewSite--addressDetailDetailsCountry-arrow\"]"}
COMMAND: POST /session/129c046a4c158aab34184c97257eb527/element/f.8E45E670A1384E074590F00FAD9F292A.d.B24D1D6B434CE69CE5622DE330DE5367.e.2489/click - {}
RESULT: {}
COMMAND: POST /session/129c046a4c158aab34184c97257eb527/element - {"using":"xpath","value":"//span[contains(text(), \"Argentina\")]"}
COMMAND: GET /session/129c046a4c158aab34184c97257eb527/screenshot - {}
RESULT: {"using":"xpath","value":"//span[contains(text(), \"Argentina\")]"}
COMMAND: POST /session/129c046a4c158aab34184c97257eb527/element/f.8E45E670A1384E074590F00FAD9F292A.d.B24D1D6B434CE69CE5622DE330DE5367.e.2490/click - {}
RESULT: {}
RESULT: {}
COMMAND: GET /session/129c046a4c158aab34184c97257eb527/screenshot - {}
RESULT: {}
COMMAND: POST /session/129c046a4c158aab34184c97257eb527/execute/async - {"script":"<script> [1562 bytes]","args":[{"selector":{"id":"application-managesites-display-component---NewSite--addressEditDetailsCostObjectCstType-arrow"},"wdio_ui5_key":"applicationmanagesites-display-component---NewSite--addressEditDetailsCostObjectCstType-arrow"}]}
RESULT: {"script":"<script> [1562 bytes]","args":[{"selector":{"id":"application-managesites-display-component---NewSite--addressEditDetailsCostObjectCstType-arrow"},"wdio_ui5_key":"applicationmanagesites-display-component---NewSite--addressEditDetailsCostObjectCstType-arrow"}]}
RESULT: undefined
COMMAND: POST /session/129c046a4c158aab34184c97257eb527/element - {"using":"xpath","value":"//*[@id=\"application-managesites-display-component---NewSite--addressEditDetailsCostObjectCstType-arrow\"]"}
RESULT: {"using":"xpath","value":"//*[@id=\"application-managesites-display-component---NewSite--addressEditDetailsCostObjectCstType-arrow\"]"}
COMMAND: POST /session/129c046a4c158aab34184c97257eb527/element/f.8E45E670A1384E074590F00FAD9F292A.d.B24D1D6B434CE69CE5622DE330DE5367.e.2492/click - {}
RESULT: {}
COMMAND: POST /session/129c046a4c158aab34184c97257eb527/element - {"using":"xpath","value":"//span[contains(text(), \"Cost Center\")]"}
COMMAND: GET /session/129c046a4c158aab34184c97257eb527/screenshot - {}
RESULT: {"using":"xpath","value":"//span[contains(text(), \"Cost Center\")]"}
COMMAND: POST /session/129c046a4c158aab34184c97257eb527/element/f.8E45E670A1384E074590F00FAD9F292A.d.B24D1D6B434CE69CE5622DE330DE5367.e.2493/click - {}
RESULT: {}
RESULT: {}
COMMAND: GET /session/129c046a4c158aab34184c97257eb527/screenshot - {}
RESULT: {}
COMMAND: POST /session/129c046a4c158aab34184c97257eb527/element - {"using":"xpath","value":"//span[@id=\"application-managesites-display-component---NewSite--addressNewCostObjectCstID-vhi\"]"}
RESULT: {"using":"xpath","value":"//span[@id=\"application-managesites-display-component---NewSite--addressNewCostObjectCstID-vhi\"]"}
COMMAND: POST /session/129c046a4c158aab34184c97257eb527/execute/sync - {"script":"<script> [8489 bytes]","args":[{"element-6066-11e4-a52e-4f735466cecf":"f.8E45E670A1384E074590F00FAD9F292A.d.B24D1D6B434CE69CE5622DE330DE5367.e.2497","ELEMENT":"f.8E45E670A1384E074590F00FAD9F292A.d.B24D1D6B434CE69CE5622DE330DE5367.e.2497"}]}
RESULT: {"script":"<script> [8489 bytes]","args":[{"element-6066-11e4-a52e-4f735466cecf":"f.8E45E670A1384E074590F00FAD9F292A.d.B24D1D6B434CE69CE5622DE330DE5367.e.2497","ELEMENT":"f.8E45E670A1384E074590F00FAD9F292A.d.B24D1D6B434CE69CE5622DE330DE5367.e.2497"}]}
COMMAND: POST /session/129c046a4c158aab34184c97257eb527/execute/async - {"script":"<script> [1562 bytes]","args":[{"selector":{"id":"application-managesites-display-component---NewSite--addressNewCostObjectCstID-vhi"},"wdio_ui5_key":"applicationmanagesites-display-component---NewSite--addressNewCostObjectCstID-vhi"}]}
COMMAND: GET /session/129c046a4c158aab34184c97257eb527/screenshot - {}
RESULT: {"script":"<script> [1562 bytes]","args":[{"selector":{"id":"application-managesites-display-component---NewSite--addressNewCostObjectCstID-vhi"},"wdio_ui5_key":"applicationmanagesites-display-component---NewSite--addressNewCostObjectCstID-vhi"}]}
RESULT: undefined
COMMAND: POST /session/129c046a4c158aab34184c97257eb527/element - {"using":"xpath","value":"//*[@id=\"application-managesites-display-component---NewSite--addressNewCostObjectCstID-vhi\"]"}
RESULT: {}
RESULT: {"using":"xpath","value":"//*[@id=\"application-managesites-display-component---NewSite--addressNewCostObjectCstID-vhi\"]"}
COMMAND: POST /session/129c046a4c158aab34184c97257eb527/element/f.8E45E670A1384E074590F00FAD9F292A.d.B24D1D6B434CE69CE5622DE330DE5367.e.2497/click - {}
RESULT: {}
COMMAND: GET /session/129c046a4c158aab34184c97257eb527/screenshot - {}
RESULT: {}
RESULT: undefined
COMMAND: POST /session/129c046a4c158aab34184c97257eb527/execute/async - {"script":"<script> [776 bytes]","args":[{"enterText":"10001013","selector":{"controlType":"sap.m.SearchField","properties":{"placeholder":"Search"},"searchOpenDialogs":true,"interaction":{"idSuffix":"I"}},"clearTextFirst":true,"interactionType":"ENTER_TEXT"}]}
RESULT: {"script":"<script> [776 bytes]","args":[{"enterText":"10001013","selector":{"controlType":"sap.m.SearchField","properties":{"placeholder":"Search"},"searchOpenDialogs":true,"interaction":{"idSuffix":"I"}},"clearTextFirst":true,"interactionType":"ENTER_TEXT"}]}
COMMAND: POST /session/129c046a4c158aab34184c97257eb527/actions - {"actions":[{"id":"action6","type":"key","parameters":{},"actions":[{"type":"keyDown","value":""},{"type":"pause","duration":10},{"type":"keyUp","value":""}]}]}
RESULT: {"actions":[{"id":"action6","type":"key","parameters":{},"actions":[{"type":"keyDown","value":""},{"type":"pause","duration":10},{"type":"keyUp","value":""}]}]}
COMMAND: GET /session/129c046a4c158aab34184c97257eb527/screenshot - {}
RESULT: {}
COMMAND: POST /session/129c046a4c158aab34184c97257eb527/element - {"using":"xpath","value":"//span[contains(text(), \"General Management\")]"}
RESULT: {"using":"xpath","value":"//span[contains(text(), \"General Management\")]"}
COMMAND: POST /session/129c046a4c158aab34184c97257eb527/element/f.8E45E670A1384E074590F00FAD9F292A.d.B24D1D6B434CE69CE5622DE330DE5367.e.2536/click - {}
RESULT: {}
COMMAND: GET /session/129c046a4c158aab34184c97257eb527/screenshot - {}
RESULT: {}
COMMAND: POST /session/129c046a4c158aab34184c97257eb527/element - {"using":"xpath","value":"//bdi[contains(text(), \"OK\")]"}
RESULT: {"using":"xpath","value":"//bdi[contains(text(), \"OK\")]"}
COMMAND: POST /session/129c046a4c158aab34184c97257eb527/element/f.8E45E670A1384E074590F00FAD9F292A.d.B24D1D6B434CE69CE5622DE330DE5367.e.2537/click - {}
RESULT: {}
COMMAND: GET /session/129c046a4c158aab34184c97257eb527/screenshot - {}
RESULT: {}
COMMAND: POST /session/129c046a4c158aab34184c97257eb527/element - {"using":"xpath","value":"//input[@id=\"application-managesites-display-component---NewSite--addressDetailDetailsCalendar-inner\"]"}
RESULT: {"using":"xpath","value":"//input[@id=\"application-managesites-display-component---NewSite--addressDetailDetailsCalendar-inner\"]"}
COMMAND: POST /session/129c046a4c158aab34184c97257eb527/element/f.8E45E670A1384E074590F00FAD9F292A.d.B24D1D6B434CE69CE5622DE330DE5367.e.2312/clear - {}
RESULT: {}
COMMAND: POST /session/129c046a4c158aab34184c97257eb527/element/f.8E45E670A1384E074590F00FAD9F292A.d.B24D1D6B434CE69CE5622DE330DE5367.e.2312/value - {"text":"Unit"}
COMMAND: GET /session/129c046a4c158aab34184c97257eb527/screenshot - {}
RESULT: {"text":"Unit"}
COMMAND: GET /session/129c046a4c158aab34184c97257eb527/screenshot - {}
RESULT: {}
RESULT: {}
COMMAND: POST /session/129c046a4c158aab34184c97257eb527/actions - {"actions":[{"id":"action7","type":"key","parameters":{},"actions":[{"type":"keyDown","value":""},{"type":"pause","duration":10},{"type":"keyUp","value":""}]}]}
RESULT: {"actions":[{"id":"action7","type":"key","parameters":{},"actions":[{"type":"keyDown","value":""},{"type":"pause","duration":10},{"type":"keyUp","value":""}]}]}
COMMAND: POST /session/129c046a4c158aab34184c97257eb527/element - {"using":"xpath","value":"//input[@id=\"application-managesites-display-component---NewSite--addressDetailDetailsYard-inner\"]"}
COMMAND: GET /session/129c046a4c158aab34184c97257eb527/screenshot - {}
RESULT: {"using":"xpath","value":"//input[@id=\"application-managesites-display-component---NewSite--addressDetailDetailsYard-inner\"]"}
COMMAND: POST /session/129c046a4c158aab34184c97257eb527/element/f.8E45E670A1384E074590F00FAD9F292A.d.B24D1D6B434CE69CE5622DE330DE5367.e.2313/clear - {}
RESULT: {}
RESULT: {}
COMMAND: POST /session/129c046a4c158aab34184c97257eb527/element/f.8E45E670A1384E074590F00FAD9F292A.d.B24D1D6B434CE69CE5622DE330DE5367.e.2313/value - {"text":"741"}
COMMAND: GET /session/129c046a4c158aab34184c97257eb527/screenshot - {}
RESULT: {"text":"741"}
COMMAND: GET /session/129c046a4c158aab34184c97257eb527/screenshot - {}
RESULT: {}
RESULT: {}
COMMAND: POST /session/129c046a4c158aab34184c97257eb527/element - {"using":"xpath","value":"//li[.//span[text()='741']]"}
RESULT: {"using":"xpath","value":"//li[.//span[text()='741']]"}
COMMAND: POST /session/129c046a4c158aab34184c97257eb527/element/f.8E45E670A1384E074590F00FAD9F292A.d.B24D1D6B434CE69CE5622DE330DE5367.e.2545/click - {}
RESULT: {}
COMMAND: GET /session/129c046a4c158aab34184c97257eb527/screenshot - {}
RESULT: {}
COMMAND: POST /session/129c046a4c158aab34184c97257eb527/element - {"using":"xpath","value":"//input[@id=\"application-managesites-display-component---NewSite--addressDetailDetailsPartner-inner\"]"}
RESULT: {"using":"xpath","value":"//input[@id=\"application-managesites-display-component---NewSite--addressDetailDetailsPartner-inner\"]"}
COMMAND: POST /session/129c046a4c158aab34184c97257eb527/element - {"using":"xpath","value":"//input[@id=\"application-managesites-display-component---NewSite--addressDetailDetailsPartner-inner\"]"}
RESULT: {"using":"xpath","value":"//input[@id=\"application-managesites-display-component---NewSite--addressDetailDetailsPartner-inner\"]"}
COMMAND: POST /session/129c046a4c158aab34184c97257eb527/element - {"using":"xpath","value":"//button[@data-kt=\"saveButton\"]"}
RESULT: {"using":"xpath","value":"//button[@data-kt=\"saveButton\"]"}
COMMAND: POST /session/129c046a4c158aab34184c97257eb527/element/f.8E45E670A1384E074590F00FAD9F292A.d.B24D1D6B434CE69CE5622DE330DE5367.e.2471/click - {}
RESULT: {}
COMMAND: GET /session/129c046a4c158aab34184c97257eb527/screenshot - {}
RESULT: {}
COMMAND: POST /session/129c046a4c158aab34184c97257eb527/element - {"using":"xpath","value":"//header[contains(@id, 'ObjectPageLayout-headerTitle')]/div[1]/div[2]/div[2]/span[1]"}
RESULT: {"using":"xpath","value":"//header[contains(@id, 'ObjectPageLayout-headerTitle')]/div[1]/div[2]/div[2]/span[1]"}
COMMAND: POST /session/129c046a4c158aab34184c97257eb527/elements - {"using":"xpath","value":"//header[contains(@id, 'ObjectPageLayout-headerTitle')]/div[1]/div[2]/div[2]/span[1]"}
RESULT: {"using":"xpath","value":"//header[contains(@id, 'ObjectPageLayout-headerTitle')]/div[1]/div[2]/div[2]/span[1]"}
COMMAND: POST /session/129c046a4c158aab34184c97257eb527/execute/sync - {"script":"<script> [56 bytes]","args":[{"element-6066-11e4-a52e-4f735466cecf":"f.8E45E670A1384E074590F00FAD9F292A.d.B24D1D6B434CE69CE5622DE330DE5367.e.2745","ELEMENT":"f.8E45E670A1384E074590F00FAD9F292A.d.B24D1D6B434CE69CE5622DE330DE5367.e.2745"}]}
RESULT: {"script":"<script> [56 bytes]","args":[{"element-6066-11e4-a52e-4f735466cecf":"f.8E45E670A1384E074590F00FAD9F292A.d.B24D1D6B434CE69CE5622DE330DE5367.e.2745","ELEMENT":"f.8E45E670A1384E074590F00FAD9F292A.d.B24D1D6B434CE69CE5622DE330DE5367.e.2745"}]}
COMMAND: POST /session/129c046a4c158aab34184c97257eb527/element - {"using":"css selector","value":"#shell-header-logo"}
COMMAND: GET /session/129c046a4c158aab34184c97257eb527/screenshot - {}
RESULT: {"using":"css selector","value":"#shell-header-logo"}
COMMAND: POST /session/129c046a4c158aab34184c97257eb527/element/f.8E45E670A1384E074590F00FAD9F292A.d.B24D1D6B434CE69CE5622DE330DE5367.e.1808/click - {}
RESULT: {}
RESULT: {}
COMMAND: GET /session/129c046a4c158aab34184c97257eb527/screenshot - {}
RESULT: {}
COMMAND: POST /session/129c046a4c158aab34184c97257eb527/execute/sync - {"script":"<script> [299 bytes]","args":[["getModel","getResource"]]}
RESULT: {"script":"<script> [299 bytes]","args":[["getModel","getResource"]]}
COMMAND: GET /session/129c046a4c158aab34184c97257eb527/screenshot - {}
]]></system-out>
    </testcase>
    <testcase classname="chrome.135_0_7049_96.windows.Billing_Transfer_-_Master_data_&amp;_Intercompany_US127250" name="Should create a new equipment" time="118.459">
      <system-out><![CDATA[
COMMAND: POST /session/129c046a4c158aab34184c97257eb527/execute/async - {"script":"<script> [1562 bytes]","args":[{"selector":{"controlType":"sap.m.GenericTile","properties":{"header":"Manage Resources"}},"wdio_ui5_key":"sapm.GenericTile{\"header\":\"Manage Resources\"}"}]}
RESULT: {}
RESULT: {"script":"<script> [1562 bytes]","args":[{"selector":{"controlType":"sap.m.GenericTile","properties":{"header":"Manage Resources"}},"wdio_ui5_key":"sapm.GenericTile{\"header\":\"Manage Resources\"}"}]}
RESULT: undefined
COMMAND: POST /session/129c046a4c158aab34184c97257eb527/element - {"using":"xpath","value":"//*[@id=\"__tile39\"]"}
RESULT: {"using":"xpath","value":"//*[@id=\"__tile39\"]"}
COMMAND: POST /session/129c046a4c158aab34184c97257eb527/element/f.8E45E670A1384E074590F00FAD9F292A.d.B24D1D6B434CE69CE5622DE330DE5367.e.163/click - {}
RESULT: {}
COMMAND: POST /session/129c046a4c158aab34184c97257eb527/element - {"using":"xpath","value":"//button[@data-kt=\"addNewRUOverflowToolbarButton\"]"}
COMMAND: GET /session/129c046a4c158aab34184c97257eb527/screenshot - {}
RESULT: {"using":"xpath","value":"//button[@data-kt=\"addNewRUOverflowToolbarButton\"]"}
COMMAND: POST /session/129c046a4c158aab34184c97257eb527/elements - {"using":"xpath","value":"//button[@data-kt=\"addNewRUOverflowToolbarButton\"]"}
RESULT: {}
RESULT: {"using":"xpath","value":"//button[@data-kt=\"addNewRUOverflowToolbarButton\"]"}
COMMAND: POST /session/129c046a4c158aab34184c97257eb527/elements - {"using":"xpath","value":"//button[@data-kt=\"addNewRUOverflowToolbarButton\"]"}
RESULT: {"using":"xpath","value":"//button[@data-kt=\"addNewRUOverflowToolbarButton\"]"}
COMMAND: POST /session/129c046a4c158aab34184c97257eb527/elements - {"using":"xpath","value":"//button[@data-kt=\"addNewRUOverflowToolbarButton\"]"}
RESULT: {"using":"xpath","value":"//button[@data-kt=\"addNewRUOverflowToolbarButton\"]"}
COMMAND: POST /session/129c046a4c158aab34184c97257eb527/elements - {"using":"xpath","value":"//button[@data-kt=\"addNewRUOverflowToolbarButton\"]"}
RESULT: {"using":"xpath","value":"//button[@data-kt=\"addNewRUOverflowToolbarButton\"]"}
COMMAND: POST /session/129c046a4c158aab34184c97257eb527/elements - {"using":"xpath","value":"//button[@data-kt=\"addNewRUOverflowToolbarButton\"]"}
RESULT: {"using":"xpath","value":"//button[@data-kt=\"addNewRUOverflowToolbarButton\"]"}
COMMAND: POST /session/129c046a4c158aab34184c97257eb527/elements - {"using":"xpath","value":"//button[@data-kt=\"addNewRUOverflowToolbarButton\"]"}
RESULT: {"using":"xpath","value":"//button[@data-kt=\"addNewRUOverflowToolbarButton\"]"}
COMMAND: POST /session/129c046a4c158aab34184c97257eb527/elements - {"using":"xpath","value":"//button[@data-kt=\"addNewRUOverflowToolbarButton\"]"}
RESULT: {"using":"xpath","value":"//button[@data-kt=\"addNewRUOverflowToolbarButton\"]"}
COMMAND: POST /session/129c046a4c158aab34184c97257eb527/elements - {"using":"xpath","value":"//button[@data-kt=\"addNewRUOverflowToolbarButton\"]"}
RESULT: {"using":"xpath","value":"//button[@data-kt=\"addNewRUOverflowToolbarButton\"]"}
COMMAND: POST /session/129c046a4c158aab34184c97257eb527/elements - {"using":"xpath","value":"//button[@data-kt=\"addNewRUOverflowToolbarButton\"]"}
RESULT: undefined
RESULT: undefined
RESULT: {"using":"xpath","value":"//button[@data-kt=\"addNewRUOverflowToolbarButton\"]"}
COMMAND: POST /session/129c046a4c158aab34184c97257eb527/elements - {"using":"xpath","value":"//button[@data-kt=\"addNewRUOverflowToolbarButton\"]"}
RESULT: {"using":"xpath","value":"//button[@data-kt=\"addNewRUOverflowToolbarButton\"]"}
COMMAND: POST /session/129c046a4c158aab34184c97257eb527/element - {"using":"xpath","value":"//button[@data-kt=\"addNewRUOverflowToolbarButton\"]"}
RESULT: {"using":"xpath","value":"//button[@data-kt=\"addNewRUOverflowToolbarButton\"]"}
COMMAND: POST /session/129c046a4c158aab34184c97257eb527/execute/sync - {"script":"<script> [8489 bytes]","args":[{"element-6066-11e4-a52e-4f735466cecf":"f.8E45E670A1384E074590F00FAD9F292A.d.B24D1D6B434CE69CE5622DE330DE5367.e.2788","ELEMENT":"f.8E45E670A1384E074590F00FAD9F292A.d.B24D1D6B434CE69CE5622DE330DE5367.e.2788"}]}
RESULT: {"script":"<script> [8489 bytes]","args":[{"element-6066-11e4-a52e-4f735466cecf":"f.8E45E670A1384E074590F00FAD9F292A.d.B24D1D6B434CE69CE5622DE330DE5367.e.2788","ELEMENT":"f.8E45E670A1384E074590F00FAD9F292A.d.B24D1D6B434CE69CE5622DE330DE5367.e.2788"}]}
COMMAND: GET /session/129c046a4c158aab34184c97257eb527/element/f.8E45E670A1384E074590F00FAD9F292A.d.B24D1D6B434CE69CE5622DE330DE5367.e.2788/enabled - {}
COMMAND: GET /session/129c046a4c158aab34184c97257eb527/screenshot - {}
RESULT: {}
COMMAND: POST /session/129c046a4c158aab34184c97257eb527/execute/sync - {"script":"<script> [8489 bytes]","args":[{"element-6066-11e4-a52e-4f735466cecf":"f.8E45E670A1384E074590F00FAD9F292A.d.B24D1D6B434CE69CE5622DE330DE5367.e.2788","ELEMENT":"f.8E45E670A1384E074590F00FAD9F292A.d.B24D1D6B434CE69CE5622DE330DE5367.e.2788"}]}
COMMAND: GET /session/129c046a4c158aab34184c97257eb527/screenshot - {}
RESULT: {}
RESULT: {}
RESULT: {"script":"<script> [8489 bytes]","args":[{"element-6066-11e4-a52e-4f735466cecf":"f.8E45E670A1384E074590F00FAD9F292A.d.B24D1D6B434CE69CE5622DE330DE5367.e.2788","ELEMENT":"f.8E45E670A1384E074590F00FAD9F292A.d.B24D1D6B434CE69CE5622DE330DE5367.e.2788"}]}
COMMAND: POST /session/129c046a4c158aab34184c97257eb527/execute/sync - {"script":"<script> [5351 bytes]","args":[{"element-6066-11e4-a52e-4f735466cecf":"f.8E45E670A1384E074590F00FAD9F292A.d.B24D1D6B434CE69CE5622DE330DE5367.e.2788","ELEMENT":"f.8E45E670A1384E074590F00FAD9F292A.d.B24D1D6B434CE69CE5622DE330DE5367.e.2788"}]}
COMMAND: GET /session/129c046a4c158aab34184c97257eb527/screenshot - {}
RESULT: {"script":"<script> [5351 bytes]","args":[{"element-6066-11e4-a52e-4f735466cecf":"f.8E45E670A1384E074590F00FAD9F292A.d.B24D1D6B434CE69CE5622DE330DE5367.e.2788","ELEMENT":"f.8E45E670A1384E074590F00FAD9F292A.d.B24D1D6B434CE69CE5622DE330DE5367.e.2788"}]}
COMMAND: POST /session/129c046a4c158aab34184c97257eb527/element/f.8E45E670A1384E074590F00FAD9F292A.d.B24D1D6B434CE69CE5622DE330DE5367.e.2788/click - {}
COMMAND: GET /session/129c046a4c158aab34184c97257eb527/screenshot - {}
RESULT: {}
RESULT: {}
COMMAND: GET /session/129c046a4c158aab34184c97257eb527/screenshot - {}
RESULT: {}
RESULT: {}
COMMAND: POST /session/129c046a4c158aab34184c97257eb527/execute/async - {"script":"<script> [1562 bytes]","args":[{"selector":{"id":"application-manageresources-display-component---newResourceUnit--TYPE-arrow"},"wdio_ui5_key":"applicationmanageresources-display-component---newResourceUnit--TYPE-arrow"}]}
RESULT: {"script":"<script> [1562 bytes]","args":[{"selector":{"id":"application-manageresources-display-component---newResourceUnit--TYPE-arrow"},"wdio_ui5_key":"applicationmanageresources-display-component---newResourceUnit--TYPE-arrow"}]}
RESULT: undefined
COMMAND: POST /session/129c046a4c158aab34184c97257eb527/element - {"using":"xpath","value":"//*[@id=\"application-manageresources-display-component---newResourceUnit--TYPE-arrow\"]"}
RESULT: {"using":"xpath","value":"//*[@id=\"application-manageresources-display-component---newResourceUnit--TYPE-arrow\"]"}
COMMAND: POST /session/129c046a4c158aab34184c97257eb527/element/f.8E45E670A1384E074590F00FAD9F292A.d.B24D1D6B434CE69CE5622DE330DE5367.e.3142/click - {}
RESULT: {}
COMMAND: POST /session/129c046a4c158aab34184c97257eb527/element - {"using":"xpath","value":"//input[@id=\"application-manageresources-display-component---newResourceUnit--TYPE-inner\"]"}
COMMAND: GET /session/129c046a4c158aab34184c97257eb527/screenshot - {}
RESULT: {"using":"xpath","value":"//input[@id=\"application-manageresources-display-component---newResourceUnit--TYPE-inner\"]"}
COMMAND: POST /session/129c046a4c158aab34184c97257eb527/element/f.8E45E670A1384E074590F00FAD9F292A.d.B24D1D6B434CE69CE5622DE330DE5367.e.3138/clear - {}
RESULT: {}
RESULT: {}
COMMAND: POST /session/129c046a4c158aab34184c97257eb527/element/f.8E45E670A1384E074590F00FAD9F292A.d.B24D1D6B434CE69CE5622DE330DE5367.e.3138/value - {"text":"Equipment"}
COMMAND: GET /session/129c046a4c158aab34184c97257eb527/screenshot - {}
RESULT: {"text":"Equipment"}
COMMAND: GET /session/129c046a4c158aab34184c97257eb527/screenshot - {}
RESULT: {}
RESULT: {}
COMMAND: POST /session/129c046a4c158aab34184c97257eb527/actions - {"actions":[{"id":"action8","type":"key","parameters":{},"actions":[{"type":"keyDown","value":""},{"type":"pause","duration":10},{"type":"keyUp","value":""}]}]}
RESULT: {"actions":[{"id":"action8","type":"key","parameters":{},"actions":[{"type":"keyDown","value":""},{"type":"pause","duration":10},{"type":"keyUp","value":""}]}]}
COMMAND: POST /session/129c046a4c158aab34184c97257eb527/execute/async - {"script":"<script> [1562 bytes]","args":[{"selector":{"id":"application-manageresources-display-component---newResourceUnit--resourceId","interaction":{"idSuffix":"inner"}},"wdio_ui5_key":"applicationmanageresources-display-component---newResourceUnit--resourceId"}]}
COMMAND: GET /session/129c046a4c158aab34184c97257eb527/screenshot - {}
RESULT: {"script":"<script> [1562 bytes]","args":[{"selector":{"id":"application-manageresources-display-component---newResourceUnit--resourceId","interaction":{"idSuffix":"inner"}},"wdio_ui5_key":"applicationmanageresources-display-component---newResourceUnit--resourceId"}]}
RESULT: undefined
COMMAND: POST /session/129c046a4c158aab34184c97257eb527/execute/async - {"script":"<script> [776 bytes]","args":[{"enterText":"j74hxBzytk","selector":{"id":"application-manageresources-display-component---newResourceUnit--resourceId","interaction":{"idSuffix":"inner"}},"clearTextFirst":true,"interactionType":"ENTER_TEXT"}]}
RESULT: {}
RESULT: {"script":"<script> [776 bytes]","args":[{"enterText":"j74hxBzytk","selector":{"id":"application-manageresources-display-component---newResourceUnit--resourceId","interaction":{"idSuffix":"inner"}},"clearTextFirst":true,"interactionType":"ENTER_TEXT"}]}
COMMAND: POST /session/129c046a4c158aab34184c97257eb527/execute/async - {"script":"<script> [1562 bytes]","args":[{"selector":{"id":"application-manageresources-display-component---newResourceUnit--SHORT_TEXT","interaction":{"idSuffix":"inner"}},"wdio_ui5_key":"applicationmanageresources-display-component---newResourceUnit--SHORT_TEXT"}]}
RESULT: {"script":"<script> [1562 bytes]","args":[{"selector":{"id":"application-manageresources-display-component---newResourceUnit--SHORT_TEXT","interaction":{"idSuffix":"inner"}},"wdio_ui5_key":"applicationmanageresources-display-component---newResourceUnit--SHORT_TEXT"}]}
RESULT: undefined
COMMAND: POST /session/129c046a4c158aab34184c97257eb527/execute/async - {"script":"<script> [776 bytes]","args":[{"enterText":"Intercompany Equipment WDIO","selector":{"id":"application-manageresources-display-component---newResourceUnit--SHORT_TEXT","interaction":{"idSuffix":"inner"}},"clearTextFirst":true,"interactionType":"ENTER_TEXT"}]}
RESULT: {"script":"<script> [776 bytes]","args":[{"enterText":"Intercompany Equipment WDIO","selector":{"id":"application-manageresources-display-component---newResourceUnit--SHORT_TEXT","interaction":{"idSuffix":"inner"}},"clearTextFirst":true,"interactionType":"ENTER_TEXT"}]}
COMMAND: POST /session/129c046a4c158aab34184c97257eb527/execute/async - {"script":"<script> [1562 bytes]","args":[{"selector":{"id":"application-manageresources-display-component---newResourceUnit--BASE_UNIT_OF_MEASURE","interaction":{"idSuffix":"inner"}},"wdio_ui5_key":"applicationmanageresources-display-component---newResourceUnit--BASE_UNIT_OF_MEASURE"}]}
RESULT: {"script":"<script> [1562 bytes]","args":[{"selector":{"id":"application-manageresources-display-component---newResourceUnit--BASE_UNIT_OF_MEASURE","interaction":{"idSuffix":"inner"}},"wdio_ui5_key":"applicationmanageresources-display-component---newResourceUnit--BASE_UNIT_OF_MEASURE"}]}
RESULT: undefined
COMMAND: POST /session/129c046a4c158aab34184c97257eb527/execute/async - {"script":"<script> [776 bytes]","args":[{"enterText":"Piece","selector":{"id":"application-manageresources-display-component---newResourceUnit--BASE_UNIT_OF_MEASURE","interaction":{"idSuffix":"inner"}},"clearTextFirst":true,"interactionType":"ENTER_TEXT"}]}
RESULT: {"script":"<script> [776 bytes]","args":[{"enterText":"Piece","selector":{"id":"application-manageresources-display-component---newResourceUnit--BASE_UNIT_OF_MEASURE","interaction":{"idSuffix":"inner"}},"clearTextFirst":true,"interactionType":"ENTER_TEXT"}]}
COMMAND: POST /session/129c046a4c158aab34184c97257eb527/execute/async - {"script":"<script> [1562 bytes]","args":[{"selector":{"id":"application-manageresources-display-component---newResourceUnit--WEIGHT_UNIT","interaction":{"idSuffix":"inner"}},"wdio_ui5_key":"applicationmanageresources-display-component---newResourceUnit--WEIGHT_UNIT"}]}
RESULT: {"script":"<script> [1562 bytes]","args":[{"selector":{"id":"application-manageresources-display-component---newResourceUnit--WEIGHT_UNIT","interaction":{"idSuffix":"inner"}},"wdio_ui5_key":"applicationmanageresources-display-component---newResourceUnit--WEIGHT_UNIT"}]}
RESULT: undefined
COMMAND: POST /session/129c046a4c158aab34184c97257eb527/execute/async - {"script":"<script> [776 bytes]","args":[{"enterText":"Gram","selector":{"id":"application-manageresources-display-component---newResourceUnit--WEIGHT_UNIT","interaction":{"idSuffix":"inner"}},"clearTextFirst":true,"interactionType":"ENTER_TEXT"}]}
RESULT: {"script":"<script> [776 bytes]","args":[{"enterText":"Gram","selector":{"id":"application-manageresources-display-component---newResourceUnit--WEIGHT_UNIT","interaction":{"idSuffix":"inner"}},"clearTextFirst":true,"interactionType":"ENTER_TEXT"}]}
COMMAND: POST /session/129c046a4c158aab34184c97257eb527/execute/async - {"script":"<script> [1562 bytes]","args":[{"selector":{"id":"application-manageresources-display-component---newResourceUnit--DIMENSION_UNIT","interaction":{"idSuffix":"inner"}},"wdio_ui5_key":"applicationmanageresources-display-component---newResourceUnit--DIMENSION_UNIT"}]}
RESULT: {"script":"<script> [1562 bytes]","args":[{"selector":{"id":"application-manageresources-display-component---newResourceUnit--DIMENSION_UNIT","interaction":{"idSuffix":"inner"}},"wdio_ui5_key":"applicationmanageresources-display-component---newResourceUnit--DIMENSION_UNIT"}]}
RESULT: undefined
COMMAND: POST /session/129c046a4c158aab34184c97257eb527/execute/async - {"script":"<script> [776 bytes]","args":[{"enterText":"Meter","selector":{"id":"application-manageresources-display-component---newResourceUnit--DIMENSION_UNIT","interaction":{"idSuffix":"inner"}},"clearTextFirst":true,"interactionType":"ENTER_TEXT"}]}
RESULT: {"script":"<script> [776 bytes]","args":[{"enterText":"Meter","selector":{"id":"application-manageresources-display-component---newResourceUnit--DIMENSION_UNIT","interaction":{"idSuffix":"inner"}},"clearTextFirst":true,"interactionType":"ENTER_TEXT"}]}
COMMAND: POST /session/129c046a4c158aab34184c97257eb527/execute/async - {"script":"<script> [1562 bytes]","args":[{"selector":{"id":"application-manageresources-display-component---newResourceUnit--newRRUPage-anchBar-application-manageresources-display-component---newResourceUnit--control-anchor","interaction":{"idSuffix":"BDI-content"}},"wdio_ui5_key":"applicationmanageresources-display-component---newResourceUnit--newRRUPage-anchBar-application-manageresources-display-component---newResourceUnit--control-anchor"}]}
RESULT: {"script":"<script> [1562 bytes]","args":[{"selector":{"id":"application-manageresources-display-component---newResourceUnit--newRRUPage-anchBar-application-manageresources-display-component---newResourceUnit--control-anchor","interaction":{"idSuffix":"BDI-content"}},"wdio_ui5_key":"applicationmanageresources-display-component---newResourceUnit--newRRUPage-anchBar-application-manageresources-display-component---newResourceUnit--control-anchor"}]}
RESULT: undefined
COMMAND: POST /session/129c046a4c158aab34184c97257eb527/element - {"using":"xpath","value":"//*[@id=\"application-manageresources-display-component---newResourceUnit--newRRUPage-anchBar-application-manageresources-display-component---newResourceUnit--control-anchor\"]"}
RESULT: {"using":"xpath","value":"//*[@id=\"application-manageresources-display-component---newResourceUnit--newRRUPage-anchBar-application-manageresources-display-component---newResourceUnit--control-anchor\"]"}
COMMAND: POST /session/129c046a4c158aab34184c97257eb527/element/f.8E45E670A1384E074590F00FAD9F292A.d.B24D1D6B434CE69CE5622DE330DE5367.e.3275/click - {}
RESULT: {}
COMMAND: POST /session/129c046a4c158aab34184c97257eb527/execute/async - {"script":"<script> [1562 bytes]","args":[{"selector":{"id":"application-manageresources-display-component---newResourceUnit--PLANNING_GROUP","interaction":{"idSuffix":"inner"}},"wdio_ui5_key":"applicationmanageresources-display-component---newResourceUnit--PLANNING_GROUP"}]}
COMMAND: GET /session/129c046a4c158aab34184c97257eb527/screenshot - {}
RESULT: {"script":"<script> [1562 bytes]","args":[{"selector":{"id":"application-manageresources-display-component---newResourceUnit--PLANNING_GROUP","interaction":{"idSuffix":"inner"}},"wdio_ui5_key":"applicationmanageresources-display-component---newResourceUnit--PLANNING_GROUP"}]}
RESULT: undefined
COMMAND: POST /session/129c046a4c158aab34184c97257eb527/execute/async - {"script":"<script> [776 bytes]","args":[{"enterText":"Heavy Equi","selector":{"id":"application-manageresources-display-component---newResourceUnit--PLANNING_GROUP","interaction":{"idSuffix":"inner"}},"clearTextFirst":true,"interactionType":"ENTER_TEXT"}]}
RESULT: {}
RESULT: {"script":"<script> [776 bytes]","args":[{"enterText":"Heavy Equi","selector":{"id":"application-manageresources-display-component---newResourceUnit--PLANNING_GROUP","interaction":{"idSuffix":"inner"}},"clearTextFirst":true,"interactionType":"ENTER_TEXT"}]}
COMMAND: POST /session/129c046a4c158aab34184c97257eb527/execute/async - {"script":"<script> [1562 bytes]","args":[{"selector":{"id":"application-manageresources-display-component---newResourceUnit--ITEM_TYPE-arrow"},"wdio_ui5_key":"applicationmanageresources-display-component---newResourceUnit--ITEM_TYPE-arrow"}]}
RESULT: {"script":"<script> [1562 bytes]","args":[{"selector":{"id":"application-manageresources-display-component---newResourceUnit--ITEM_TYPE-arrow"},"wdio_ui5_key":"applicationmanageresources-display-component---newResourceUnit--ITEM_TYPE-arrow"}]}
RESULT: undefined
COMMAND: POST /session/129c046a4c158aab34184c97257eb527/element - {"using":"xpath","value":"//*[@id=\"application-manageresources-display-component---newResourceUnit--ITEM_TYPE-arrow\"]"}
RESULT: {"using":"xpath","value":"//*[@id=\"application-manageresources-display-component---newResourceUnit--ITEM_TYPE-arrow\"]"}
COMMAND: POST /session/129c046a4c158aab34184c97257eb527/element/f.8E45E670A1384E074590F00FAD9F292A.d.B24D1D6B434CE69CE5622DE330DE5367.e.3282/click - {}
RESULT: {}
COMMAND: POST /session/129c046a4c158aab34184c97257eb527/element - {"using":"xpath","value":"(//span[contains(text(), \"Resource Unit\")])[2]"}
COMMAND: GET /session/129c046a4c158aab34184c97257eb527/screenshot - {}
RESULT: {"using":"xpath","value":"(//span[contains(text(), \"Resource Unit\")])[2]"}
COMMAND: POST /session/129c046a4c158aab34184c97257eb527/element/f.8E45E670A1384E074590F00FAD9F292A.d.B24D1D6B434CE69CE5622DE330DE5367.e.3283/click - {}
RESULT: {}
RESULT: {}
COMMAND: GET /session/129c046a4c158aab34184c97257eb527/screenshot - {}
RESULT: {}
COMMAND: POST /session/129c046a4c158aab34184c97257eb527/element - {"using":"css selector","value":"#application-manageresources-display-component---newResourceUnit--btnAddTimeSegment"}
RESULT: {"using":"css selector","value":"#application-manageresources-display-component---newResourceUnit--btnAddTimeSegment"}
COMMAND: GET /session/129c046a4c158aab34184c97257eb527/element/f.8E45E670A1384E074590F00FAD9F292A.d.B24D1D6B434CE69CE5622DE330DE5367.e.3284/rect - {}
RESULT: {}
COMMAND: GET /session/129c046a4c158aab34184c97257eb527/window/rect - {}
RESULT: {}
COMMAND: POST /session/129c046a4c158aab34184c97257eb527/execute/sync - {"script":"<script> [92 bytes]","args":[]}
RESULT: {"script":"<script> [92 bytes]","args":[]}
COMMAND: POST /session/129c046a4c158aab34184c97257eb527/actions - {"actions":[{"id":"action9","type":"wheel","parameters":{},"actions":[{"type":"scroll","x":-1888,"y":-32,"deltaX":0,"deltaY":0,"duration":0,"origin":{"element-6066-11e4-a52e-4f735466cecf":"f.8E45E670A1384E074590F00FAD9F292A.d.B24D1D6B434CE69CE5622DE330DE5367.e.3284"}}]}]}
COMMAND: GET /session/129c046a4c158aab34184c97257eb527/screenshot - {}
RESULT: {}
COMMAND: POST /session/129c046a4c158aab34184c97257eb527/execute/sync - {"script":"<script> [79 bytes]","args":[{"element-6066-11e4-a52e-4f735466cecf":"f.8E45E670A1384E074590F00FAD9F292A.d.B24D1D6B434CE69CE5622DE330DE5367.e.3284","ELEMENT":"f.8E45E670A1384E074590F00FAD9F292A.d.B24D1D6B434CE69CE5622DE330DE5367.e.3284"},{"block":"start","inline":"nearest"}]}
RESULT: {"script":"<script> [79 bytes]","args":[{"element-6066-11e4-a52e-4f735466cecf":"f.8E45E670A1384E074590F00FAD9F292A.d.B24D1D6B434CE69CE5622DE330DE5367.e.3284","ELEMENT":"f.8E45E670A1384E074590F00FAD9F292A.d.B24D1D6B434CE69CE5622DE330DE5367.e.3284"},{"block":"start","inline":"nearest"}]}
COMMAND: POST /session/129c046a4c158aab34184c97257eb527/execute/async - {"script":"<script> [1562 bytes]","args":[{"selector":{"id":"application-manageresources-display-component---newResourceUnit--btnAddTimeSegment","interaction":{"idSuffix":"inner"}},"wdio_ui5_key":"applicationmanageresources-display-component---newResourceUnit--btnAddTimeSegment"}]}
COMMAND: GET /session/129c046a4c158aab34184c97257eb527/screenshot - {}
RESULT: {"script":"<script> [1562 bytes]","args":[{"selector":{"id":"application-manageresources-display-component---newResourceUnit--btnAddTimeSegment","interaction":{"idSuffix":"inner"}},"wdio_ui5_key":"applicationmanageresources-display-component---newResourceUnit--btnAddTimeSegment"}]}
RESULT: undefined
COMMAND: POST /session/129c046a4c158aab34184c97257eb527/element - {"using":"xpath","value":"//*[@id=\"application-manageresources-display-component---newResourceUnit--btnAddTimeSegment\"]"}
RESULT: {}
RESULT: {"using":"xpath","value":"//*[@id=\"application-manageresources-display-component---newResourceUnit--btnAddTimeSegment\"]"}
COMMAND: POST /session/129c046a4c158aab34184c97257eb527/element/f.8E45E670A1384E074590F00FAD9F292A.d.B24D1D6B434CE69CE5622DE330DE5367.e.3284/click - {}
RESULT: {}
COMMAND: GET /session/129c046a4c158aab34184c97257eb527/screenshot - {}
RESULT: {}
COMMAND: POST /session/129c046a4c158aab34184c97257eb527/element - {"using":"xpath","value":"//input[@id=\"application-manageresources-display-component---newResourceUnit--idRuTSAdmin-application-manageresources-display-component---newResourceUnit--RUTimeSegment-0-inner\"]"}
RESULT: {"using":"xpath","value":"//input[@id=\"application-manageresources-display-component---newResourceUnit--idRuTSAdmin-application-manageresources-display-component---newResourceUnit--RUTimeSegment-0-inner\"]"}
COMMAND: POST /session/129c046a4c158aab34184c97257eb527/element/f.8E45E670A1384E074590F00FAD9F292A.d.B24D1D6B434CE69CE5622DE330DE5367.e.3290/clear - {}
RESULT: {}
COMMAND: POST /session/129c046a4c158aab34184c97257eb527/element/f.8E45E670A1384E074590F00FAD9F292A.d.B24D1D6B434CE69CE5622DE330DE5367.e.3290/value - {"text":"741"}
COMMAND: GET /session/129c046a4c158aab34184c97257eb527/screenshot - {}
RESULT: {"text":"741"}
COMMAND: GET /session/129c046a4c158aab34184c97257eb527/screenshot - {}
RESULT: {}
RESULT: {}
COMMAND: POST /session/129c046a4c158aab34184c97257eb527/element - {"using":"xpath","value":"//li[.//span[text()='741']]"}
RESULT: {"using":"xpath","value":"//li[.//span[text()='741']]"}
COMMAND: POST /session/129c046a4c158aab34184c97257eb527/element/f.8E45E670A1384E074590F00FAD9F292A.d.B24D1D6B434CE69CE5622DE330DE5367.e.3302/click - {}
RESULT: {}
COMMAND: GET /session/129c046a4c158aab34184c97257eb527/screenshot - {}
RESULT: {}
COMMAND: POST /session/129c046a4c158aab34184c97257eb527/element - {"using":"xpath","value":"(//span[contains(@id, \"-application-manageresources-display-component---newResourceUnit--RUTimeSegment-0-arrow\")])[6]"}
RESULT: {"using":"xpath","value":"(//span[contains(@id, \"-application-manageresources-display-component---newResourceUnit--RUTimeSegment-0-arrow\")])[6]"}
COMMAND: POST /session/129c046a4c158aab34184c97257eb527/element/f.8E45E670A1384E074590F00FAD9F292A.d.B24D1D6B434CE69CE5622DE330DE5367.e.3303/click - {}
RESULT: {}
COMMAND: POST /session/129c046a4c158aab34184c97257eb527/element - {"using":"xpath","value":"//span[contains(text(), \"PM Order\")]"}
COMMAND: GET /session/129c046a4c158aab34184c97257eb527/screenshot - {}
RESULT: {"using":"xpath","value":"//span[contains(text(), \"PM Order\")]"}
COMMAND: POST /session/129c046a4c158aab34184c97257eb527/element/f.8E45E670A1384E074590F00FAD9F292A.d.B24D1D6B434CE69CE5622DE330DE5367.e.3306/click - {}
RESULT: {}
RESULT: {}
COMMAND: GET /session/129c046a4c158aab34184c97257eb527/screenshot - {}
RESULT: {}
COMMAND: POST /session/129c046a4c158aab34184c97257eb527/element - {"using":"xpath","value":"(//span[contains(@id ,\"manageresources-display-component---newResourceUnit--RUTimeSegment-0-vhi\")])[2]"}
RESULT: {"using":"xpath","value":"(//span[contains(@id ,\"manageresources-display-component---newResourceUnit--RUTimeSegment-0-vhi\")])[2]"}
COMMAND: POST /session/129c046a4c158aab34184c97257eb527/element/f.8E45E670A1384E074590F00FAD9F292A.d.B24D1D6B434CE69CE5622DE330DE5367.e.3309/click - {}
RESULT: {}
COMMAND: GET /session/129c046a4c158aab34184c97257eb527/screenshot - {}
RESULT: {}
RESULT: undefined
COMMAND: POST /session/129c046a4c158aab34184c97257eb527/execute/async - {"script":"<script> [776 bytes]","args":[{"enterText":"4000360","selector":{"controlType":"sap.m.SearchField","properties":{"placeholder":"Search"},"searchOpenDialogs":true,"interaction":{"idSuffix":"I"}},"clearTextFirst":true,"interactionType":"ENTER_TEXT"}]}
RESULT: {"script":"<script> [776 bytes]","args":[{"enterText":"4000360","selector":{"controlType":"sap.m.SearchField","properties":{"placeholder":"Search"},"searchOpenDialogs":true,"interaction":{"idSuffix":"I"}},"clearTextFirst":true,"interactionType":"ENTER_TEXT"}]}
COMMAND: POST /session/129c046a4c158aab34184c97257eb527/actions - {"actions":[{"id":"action10","type":"key","parameters":{},"actions":[{"type":"keyDown","value":""},{"type":"pause","duration":10},{"type":"keyUp","value":""}]}]}
RESULT: {"actions":[{"id":"action10","type":"key","parameters":{},"actions":[{"type":"keyDown","value":""},{"type":"pause","duration":10},{"type":"keyUp","value":""}]}]}
COMMAND: GET /session/129c046a4c158aab34184c97257eb527/screenshot - {}
RESULT: {}
COMMAND: POST /session/129c046a4c158aab34184c97257eb527/element - {"using":"xpath","value":"//td/div/span[contains(text(), \"BGL Vehicles\")]"}
RESULT: {"using":"xpath","value":"//td/div/span[contains(text(), \"BGL Vehicles\")]"}
COMMAND: POST /session/129c046a4c158aab34184c97257eb527/element/f.8E45E670A1384E074590F00FAD9F292A.d.B24D1D6B434CE69CE5622DE330DE5367.e.3327/click - {}
RESULT: {}
COMMAND: GET /session/129c046a4c158aab34184c97257eb527/screenshot - {}
RESULT: {}
COMMAND: POST /session/129c046a4c158aab34184c97257eb527/element - {"using":"xpath","value":"//bdi[contains(text(), \"OK\")]"}
RESULT: {"using":"xpath","value":"//bdi[contains(text(), \"OK\")]"}
COMMAND: POST /session/129c046a4c158aab34184c97257eb527/element/f.8E45E670A1384E074590F00FAD9F292A.d.B24D1D6B434CE69CE5622DE330DE5367.e.3328/click - {}
RESULT: {}
COMMAND: GET /session/129c046a4c158aab34184c97257eb527/screenshot - {}
RESULT: {}
COMMAND: POST /session/129c046a4c158aab34184c97257eb527/execute/async - {"script":"<script> [1562 bytes]","args":[{"selector":{"id":"application-manageresources-display-component---newResourceUnit--newRRUPage-anchBar-application-manageresources-display-component---newResourceUnit--resource-anchor","interaction":{"idSuffix":"BDI-content"}},"wdio_ui5_key":"applicationmanageresources-display-component---newResourceUnit--newRRUPage-anchBar-application-manageresources-display-component---newResourceUnit--resource-anchor"}]}
RESULT: {"script":"<script> [1562 bytes]","args":[{"selector":{"id":"application-manageresources-display-component---newResourceUnit--newRRUPage-anchBar-application-manageresources-display-component---newResourceUnit--resource-anchor","interaction":{"idSuffix":"BDI-content"}},"wdio_ui5_key":"applicationmanageresources-display-component---newResourceUnit--newRRUPage-anchBar-application-manageresources-display-component---newResourceUnit--resource-anchor"}]}
RESULT: undefined
COMMAND: POST /session/129c046a4c158aab34184c97257eb527/element - {"using":"xpath","value":"//*[@id=\"application-manageresources-display-component---newResourceUnit--newRRUPage-anchBar-application-manageresources-display-component---newResourceUnit--resource-anchor\"]"}
RESULT: {"using":"xpath","value":"//*[@id=\"application-manageresources-display-component---newResourceUnit--newRRUPage-anchBar-application-manageresources-display-component---newResourceUnit--resource-anchor\"]"}
COMMAND: POST /session/129c046a4c158aab34184c97257eb527/element/f.8E45E670A1384E074590F00FAD9F292A.d.B24D1D6B434CE69CE5622DE330DE5367.e.3332/click - {}
RESULT: {}
COMMAND: POST /session/129c046a4c158aab34184c97257eb527/execute/async - {"script":"<script> [1562 bytes]","args":[{"selector":{"id":"application-manageresources-display-component---newResourceUnit--PLANNED_DELIVERY_DATE","interaction":{"idSuffix":"inner"}},"wdio_ui5_key":"applicationmanageresources-display-component---newResourceUnit--PLANNED_DELIVERY_DATE"}]}
COMMAND: GET /session/129c046a4c158aab34184c97257eb527/screenshot - {}
RESULT: {"script":"<script> [1562 bytes]","args":[{"selector":{"id":"application-manageresources-display-component---newResourceUnit--PLANNED_DELIVERY_DATE","interaction":{"idSuffix":"inner"}},"wdio_ui5_key":"applicationmanageresources-display-component---newResourceUnit--PLANNED_DELIVERY_DATE"}]}
RESULT: undefined
COMMAND: POST /session/129c046a4c158aab34184c97257eb527/execute/async - {"script":"<script> [6424 bytes]","args":[{"element-6066-11e4-a52e-4f735466cecf":"f.8E45E670A1384E074590F00FAD9F292A.d.B24D1D6B434CE69CE5622DE330DE5367.e.3198"},"setValue",["4/23/25"]]}
RESULT: {}
RESULT: {"script":"<script> [6424 bytes]","args":[{"element-6066-11e4-a52e-4f735466cecf":"f.8E45E670A1384E074590F00FAD9F292A.d.B24D1D6B434CE69CE5622DE330DE5367.e.3198"},"setValue",["4/23/25"]]}
COMMAND: POST /session/129c046a4c158aab34184c97257eb527/element - {"using":"xpath","value":"//button[@data-kt=\"resourceUnitSaveButton\"]"}
RESULT: {"using":"xpath","value":"//button[@data-kt=\"resourceUnitSaveButton\"]"}
COMMAND: POST /session/129c046a4c158aab34184c97257eb527/element/f.8E45E670A1384E074590F00FAD9F292A.d.B24D1D6B434CE69CE5622DE330DE5367.e.3159/click - {}
RESULT: {}
COMMAND: GET /session/129c046a4c158aab34184c97257eb527/screenshot - {}
RESULT: {}
COMMAND: POST /session/129c046a4c158aab34184c97257eb527/element - {"using":"xpath","value":"//bdi[contains(text(), \"Close\")]"}
RESULT: {"using":"xpath","value":"//bdi[contains(text(), \"Close\")]"}
COMMAND: POST /session/129c046a4c158aab34184c97257eb527/element/f.8E45E670A1384E074590F00FAD9F292A.d.B24D1D6B434CE69CE5622DE330DE5367.e.3341/click - {}
RESULT: {}
COMMAND: GET /session/129c046a4c158aab34184c97257eb527/screenshot - {}
RESULT: {}
COMMAND: POST /session/129c046a4c158aab34184c97257eb527/element - {"using":"xpath","value":"(//button[contains(@id ,\"actionsToolbar-overflowButton\")])[1]"}
RESULT: {"using":"xpath","value":"(//button[contains(@id ,\"actionsToolbar-overflowButton\")])[1]"}
COMMAND: POST /session/129c046a4c158aab34184c97257eb527/element/f.8E45E670A1384E074590F00FAD9F292A.d.B24D1D6B434CE69CE5622DE330DE5367.e.3399/click - {}
RESULT: {}
COMMAND: GET /session/129c046a4c158aab34184c97257eb527/screenshot - {}
RESULT: {}
COMMAND: POST /session/129c046a4c158aab34184c97257eb527/element - {"using":"xpath","value":"//button[@data-kt=\"priceInfoButton\"]"}
RESULT: {"using":"xpath","value":"//button[@data-kt=\"priceInfoButton\"]"}
COMMAND: POST /session/129c046a4c158aab34184c97257eb527/element/f.8E45E670A1384E074590F00FAD9F292A.d.B24D1D6B434CE69CE5622DE330DE5367.e.3401/click - {}
RESULT: {}
COMMAND: GET /session/129c046a4c158aab34184c97257eb527/screenshot - {}
RESULT: {}
]]></system-out>
    </testcase>
    <testcase classname="chrome.135_0_7049_96.windows.Billing_Transfer_-_Master_data_&amp;_Intercompany_US127250" name="Should create new pricing rule TB on the equipment TB" time="54.67">
      <system-out><![CDATA[
COMMAND: POST /session/129c046a4c158aab34184c97257eb527/element - {"using":"xpath","value":"//button[@data-kt=\"addButton\"]"}
RESULT: {"using":"xpath","value":"//button[@data-kt=\"addButton\"]"}
COMMAND: POST /session/129c046a4c158aab34184c97257eb527/elements - {"using":"xpath","value":"//button[@data-kt=\"addButton\"]"}
RESULT: {"using":"xpath","value":"//button[@data-kt=\"addButton\"]"}
COMMAND: POST /session/129c046a4c158aab34184c97257eb527/elements - {"using":"xpath","value":"//button[@data-kt=\"addButton\"]"}
RESULT: {"using":"xpath","value":"//button[@data-kt=\"addButton\"]"}
COMMAND: POST /session/129c046a4c158aab34184c97257eb527/element - {"using":"xpath","value":"//button[@data-kt=\"addButton\"]"}
RESULT: {"using":"xpath","value":"//button[@data-kt=\"addButton\"]"}
COMMAND: POST /session/129c046a4c158aab34184c97257eb527/execute/sync - {"script":"<script> [8489 bytes]","args":[{"element-6066-11e4-a52e-4f735466cecf":"f.8E45E670A1384E074590F00FAD9F292A.d.B24D1D6B434CE69CE5622DE330DE5367.e.3438","ELEMENT":"f.8E45E670A1384E074590F00FAD9F292A.d.B24D1D6B434CE69CE5622DE330DE5367.e.3438"}]}
RESULT: {"script":"<script> [8489 bytes]","args":[{"element-6066-11e4-a52e-4f735466cecf":"f.8E45E670A1384E074590F00FAD9F292A.d.B24D1D6B434CE69CE5622DE330DE5367.e.3438","ELEMENT":"f.8E45E670A1384E074590F00FAD9F292A.d.B24D1D6B434CE69CE5622DE330DE5367.e.3438"}]}
COMMAND: GET /session/129c046a4c158aab34184c97257eb527/element/f.8E45E670A1384E074590F00FAD9F292A.d.B24D1D6B434CE69CE5622DE330DE5367.e.3438/enabled - {}
COMMAND: GET /session/129c046a4c158aab34184c97257eb527/screenshot - {}
RESULT: {}
COMMAND: POST /session/129c046a4c158aab34184c97257eb527/execute/sync - {"script":"<script> [8489 bytes]","args":[{"element-6066-11e4-a52e-4f735466cecf":"f.8E45E670A1384E074590F00FAD9F292A.d.B24D1D6B434CE69CE5622DE330DE5367.e.3438","ELEMENT":"f.8E45E670A1384E074590F00FAD9F292A.d.B24D1D6B434CE69CE5622DE330DE5367.e.3438"}]}
COMMAND: GET /session/129c046a4c158aab34184c97257eb527/screenshot - {}
RESULT: {}
RESULT: {"script":"<script> [8489 bytes]","args":[{"element-6066-11e4-a52e-4f735466cecf":"f.8E45E670A1384E074590F00FAD9F292A.d.B24D1D6B434CE69CE5622DE330DE5367.e.3438","ELEMENT":"f.8E45E670A1384E074590F00FAD9F292A.d.B24D1D6B434CE69CE5622DE330DE5367.e.3438"}]}
COMMAND: POST /session/129c046a4c158aab34184c97257eb527/execute/sync - {"script":"<script> [5351 bytes]","args":[{"element-6066-11e4-a52e-4f735466cecf":"f.8E45E670A1384E074590F00FAD9F292A.d.B24D1D6B434CE69CE5622DE330DE5367.e.3438","ELEMENT":"f.8E45E670A1384E074590F00FAD9F292A.d.B24D1D6B434CE69CE5622DE330DE5367.e.3438"}]}
COMMAND: GET /session/129c046a4c158aab34184c97257eb527/screenshot - {}
RESULT: {}
RESULT: {"script":"<script> [5351 bytes]","args":[{"element-6066-11e4-a52e-4f735466cecf":"f.8E45E670A1384E074590F00FAD9F292A.d.B24D1D6B434CE69CE5622DE330DE5367.e.3438","ELEMENT":"f.8E45E670A1384E074590F00FAD9F292A.d.B24D1D6B434CE69CE5622DE330DE5367.e.3438"}]}
COMMAND: POST /session/129c046a4c158aab34184c97257eb527/element/f.8E45E670A1384E074590F00FAD9F292A.d.B24D1D6B434CE69CE5622DE330DE5367.e.3438/click - {}
COMMAND: GET /session/129c046a4c158aab34184c97257eb527/screenshot - {}
RESULT: {}
RESULT: {}
COMMAND: GET /session/129c046a4c158aab34184c97257eb527/screenshot - {}
RESULT: {}
RESULT: {}
COMMAND: POST /session/129c046a4c158aab34184c97257eb527/execute/async - {"script":"<script> [1562 bytes]","args":[{"selector":{"controlType":"sap.m.Title","viewName":"etm.portal.ui.managepricingrules.view.NewItem","viewId":"application-managepricingrules-display-component---newInfoPriceItem","properties":{"text":"New Pricing Rules - Item Level"}},"wdio_ui5_key":"etmportal.ui.managepricingrules.view.NewItemsap.m.Title{\"text\":\"New Pricing Rules - Item Level\"}"}]}
RESULT: {"script":"<script> [1562 bytes]","args":[{"selector":{"controlType":"sap.m.Title","viewName":"etm.portal.ui.managepricingrules.view.NewItem","viewId":"application-managepricingrules-display-component---newInfoPriceItem","properties":{"text":"New Pricing Rules - Item Level"}},"wdio_ui5_key":"etmportal.ui.managepricingrules.view.NewItemsap.m.Title{\"text\":\"New Pricing Rules - Item Level\"}"}]}
RESULT: undefined
COMMAND: POST /session/129c046a4c158aab34184c97257eb527/execute/async - {"script":"<script> [6424 bytes]","args":[{"element-6066-11e4-a52e-4f735466cecf":"f.8E45E670A1384E074590F00FAD9F292A.d.B24D1D6B434CE69CE5622DE330DE5367.e.3603"},"getText",[]]}
RESULT: {"script":"<script> [6424 bytes]","args":[{"element-6066-11e4-a52e-4f735466cecf":"f.8E45E670A1384E074590F00FAD9F292A.d.B24D1D6B434CE69CE5622DE330DE5367.e.3603"},"getText",[]]}
COMMAND: POST /session/129c046a4c158aab34184c97257eb527/execute/async - {"script":"<script> [1562 bytes]","args":[{"selector":{"id":"application-managepricingrules-display-component---newInfoPriceItem--condValidTo","interaction":{"idSuffix":"inner"}},"wdio_ui5_key":"applicationmanagepricingrules-display-component---newInfoPriceItem--condValidTo"}]}
RESULT: {"script":"<script> [1562 bytes]","args":[{"selector":{"id":"application-managepricingrules-display-component---newInfoPriceItem--condValidTo","interaction":{"idSuffix":"inner"}},"wdio_ui5_key":"applicationmanagepricingrules-display-component---newInfoPriceItem--condValidTo"}]}
RESULT: undefined
COMMAND: POST /session/129c046a4c158aab34184c97257eb527/execute/async - {"script":"<script> [776 bytes]","args":[{"enterText":"12/23/25","selector":{"id":"application-managepricingrules-display-component---newInfoPriceItem--condValidTo","interaction":{"idSuffix":"inner"}},"clearTextFirst":true,"interactionType":"ENTER_TEXT"}]}
RESULT: {"script":"<script> [776 bytes]","args":[{"enterText":"12/23/25","selector":{"id":"application-managepricingrules-display-component---newInfoPriceItem--condValidTo","interaction":{"idSuffix":"inner"}},"clearTextFirst":true,"interactionType":"ENTER_TEXT"}]}
COMMAND: POST /session/129c046a4c158aab34184c97257eb527/execute/async - {"script":"<script> [1562 bytes]","args":[{"selector":{"id":"application-managepricingrules-display-component---newInfoPriceItem--billType-arrow"},"wdio_ui5_key":"applicationmanagepricingrules-display-component---newInfoPriceItem--billType-arrow"}]}
RESULT: {"script":"<script> [1562 bytes]","args":[{"selector":{"id":"application-managepricingrules-display-component---newInfoPriceItem--billType-arrow"},"wdio_ui5_key":"applicationmanagepricingrules-display-component---newInfoPriceItem--billType-arrow"}]}
RESULT: undefined
COMMAND: POST /session/129c046a4c158aab34184c97257eb527/element - {"using":"xpath","value":"//*[@id=\"application-managepricingrules-display-component---newInfoPriceItem--billType-arrow\"]"}
RESULT: {"using":"xpath","value":"//*[@id=\"application-managepricingrules-display-component---newInfoPriceItem--billType-arrow\"]"}
COMMAND: POST /session/129c046a4c158aab34184c97257eb527/element/f.8E45E670A1384E074590F00FAD9F292A.d.B24D1D6B434CE69CE5622DE330DE5367.e.3605/click - {}
RESULT: {}
COMMAND: POST /session/129c046a4c158aab34184c97257eb527/element - {"using":"xpath","value":"//span[contains(text(), \"TB - Time based\")]"}
COMMAND: GET /session/129c046a4c158aab34184c97257eb527/screenshot - {}
RESULT: {"using":"xpath","value":"//span[contains(text(), \"TB - Time based\")]"}
COMMAND: POST /session/129c046a4c158aab34184c97257eb527/element/f.8E45E670A1384E074590F00FAD9F292A.d.B24D1D6B434CE69CE5622DE330DE5367.e.3606/click - {}
RESULT: {}
RESULT: {}
COMMAND: POST /session/129c046a4c158aab34184c97257eb527/execute/async - {"script":"<script> [1562 bytes]","args":[{"selector":{"id":"application-managepricingrules-display-component---newInfoPriceItem--priceProc-arrow"},"wdio_ui5_key":"applicationmanagepricingrules-display-component---newInfoPriceItem--priceProc-arrow"}]}
COMMAND: GET /session/129c046a4c158aab34184c97257eb527/screenshot - {}
RESULT: {"script":"<script> [1562 bytes]","args":[{"selector":{"id":"application-managepricingrules-display-component---newInfoPriceItem--priceProc-arrow"},"wdio_ui5_key":"applicationmanagepricingrules-display-component---newInfoPriceItem--priceProc-arrow"}]}
RESULT: undefined
COMMAND: POST /session/129c046a4c158aab34184c97257eb527/element - {"using":"xpath","value":"//*[@id=\"application-managepricingrules-display-component---newInfoPriceItem--priceProc-arrow\"]"}
RESULT: {}
RESULT: {"using":"xpath","value":"//*[@id=\"application-managepricingrules-display-component---newInfoPriceItem--priceProc-arrow\"]"}
COMMAND: POST /session/129c046a4c158aab34184c97257eb527/element/f.8E45E670A1384E074590F00FAD9F292A.d.B24D1D6B434CE69CE5622DE330DE5367.e.3569/click - {}
RESULT: {}
COMMAND: POST /session/129c046a4c158aab34184c97257eb527/element - {"using":"xpath","value":"//span[contains(text(), \"TBS - Time based standard\")]"}
COMMAND: GET /session/129c046a4c158aab34184c97257eb527/screenshot - {}
RESULT: {"using":"xpath","value":"//span[contains(text(), \"TBS - Time based standard\")]"}
COMMAND: POST /session/129c046a4c158aab34184c97257eb527/element/f.8E45E670A1384E074590F00FAD9F292A.d.B24D1D6B434CE69CE5622DE330DE5367.e.3607/click - {}
RESULT: {}
RESULT: {}
COMMAND: POST /session/129c046a4c158aab34184c97257eb527/execute/async - {"script":"<script> [1562 bytes]","args":[{"selector":{"id":"application-managepricingrules-display-component---newInfoPriceItem--calcBase-arrow"},"wdio_ui5_key":"applicationmanagepricingrules-display-component---newInfoPriceItem--calcBase-arrow"}]}
COMMAND: GET /session/129c046a4c158aab34184c97257eb527/screenshot - {}
RESULT: {"script":"<script> [1562 bytes]","args":[{"selector":{"id":"application-managepricingrules-display-component---newInfoPriceItem--calcBase-arrow"},"wdio_ui5_key":"applicationmanagepricingrules-display-component---newInfoPriceItem--calcBase-arrow"}]}
RESULT: undefined
COMMAND: POST /session/129c046a4c158aab34184c97257eb527/element - {"using":"xpath","value":"//*[@id=\"application-managepricingrules-display-component---newInfoPriceItem--calcBase-arrow\"]"}
RESULT: {}
RESULT: {"using":"xpath","value":"//*[@id=\"application-managepricingrules-display-component---newInfoPriceItem--calcBase-arrow\"]"}
COMMAND: POST /session/129c046a4c158aab34184c97257eb527/element/f.8E45E670A1384E074590F00FAD9F292A.d.B24D1D6B434CE69CE5622DE330DE5367.e.3576/click - {}
RESULT: {}
COMMAND: GET /session/129c046a4c158aab34184c97257eb527/screenshot - {}
RESULT: {}
COMMAND: POST /session/129c046a4c158aab34184c97257eb527/element - {"using":"xpath","value":"//span[contains(text(), \"0006 - TB(calendar days)\")]"}
RESULT: {"using":"xpath","value":"//span[contains(text(), \"0006 - TB(calendar days)\")]"}
COMMAND: POST /session/129c046a4c158aab34184c97257eb527/element/f.8E45E670A1384E074590F00FAD9F292A.d.B24D1D6B434CE69CE5622DE330DE5367.e.3608/click - {}
RESULT: {}
COMMAND: GET /session/129c046a4c158aab34184c97257eb527/screenshot - {}
RESULT: {}
COMMAND: POST /session/129c046a4c158aab34184c97257eb527/execute/async - {"script":"<script> [1562 bytes]","args":[{"selector":{"id":"application-managepricingrules-display-component---newInfoPriceItem--daysMonth","interaction":{"idSuffix":"inner"}},"wdio_ui5_key":"applicationmanagepricingrules-display-component---newInfoPriceItem--daysMonth"}]}
RESULT: {"script":"<script> [1562 bytes]","args":[{"selector":{"id":"application-managepricingrules-display-component---newInfoPriceItem--daysMonth","interaction":{"idSuffix":"inner"}},"wdio_ui5_key":"applicationmanagepricingrules-display-component---newInfoPriceItem--daysMonth"}]}
RESULT: undefined
COMMAND: POST /session/129c046a4c158aab34184c97257eb527/execute/async - {"script":"<script> [776 bytes]","args":[{"enterText":"30","selector":{"id":"application-managepricingrules-display-component---newInfoPriceItem--daysMonth","interaction":{"idSuffix":"inner"}},"clearTextFirst":true,"interactionType":"ENTER_TEXT"}]}
RESULT: {"script":"<script> [776 bytes]","args":[{"enterText":"30","selector":{"id":"application-managepricingrules-display-component---newInfoPriceItem--daysMonth","interaction":{"idSuffix":"inner"}},"clearTextFirst":true,"interactionType":"ENTER_TEXT"}]}
COMMAND: POST /session/129c046a4c158aab34184c97257eb527/element - {"using":"xpath","value":"//button[@data-kt=\"saveNewRuleButton\"]"}
RESULT: {"using":"xpath","value":"//button[@data-kt=\"saveNewRuleButton\"]"}
COMMAND: POST /session/129c046a4c158aab34184c97257eb527/element/f.8E45E670A1384E074590F00FAD9F292A.d.B24D1D6B434CE69CE5622DE330DE5367.e.3593/click - {}
RESULT: {}
COMMAND: GET /session/129c046a4c158aab34184c97257eb527/screenshot - {}
RESULT: {}
COMMAND: POST /session/129c046a4c158aab34184c97257eb527/execute/async - {"script":"<script> [1562 bytes]","args":[{"selector":{"id":"application-managepricingrules-display-component---priceInfoItem--smartFilterBar-btnBasicSearch","interaction":{"idSuffix":"I"}},"wdio_ui5_key":"applicationmanagepricingrules-display-component---priceInfoItem--smartFilterBar-btnBasicSearch"}]}
RESULT: {"script":"<script> [1562 bytes]","args":[{"selector":{"id":"application-managepricingrules-display-component---priceInfoItem--smartFilterBar-btnBasicSearch","interaction":{"idSuffix":"I"}},"wdio_ui5_key":"applicationmanagepricingrules-display-component---priceInfoItem--smartFilterBar-btnBasicSearch"}]}
RESULT: undefined
COMMAND: POST /session/129c046a4c158aab34184c97257eb527/execute/async - {"script":"<script> [776 bytes]","args":[{"enterText":"j74hxBzytk","selector":{"id":"application-managepricingrules-display-component---priceInfoItem--smartFilterBar-btnBasicSearch","interaction":{"idSuffix":"I"}},"clearTextFirst":true,"interactionType":"ENTER_TEXT"}]}
RESULT: {"script":"<script> [776 bytes]","args":[{"enterText":"j74hxBzytk","selector":{"id":"application-managepricingrules-display-component---priceInfoItem--smartFilterBar-btnBasicSearch","interaction":{"idSuffix":"I"}},"clearTextFirst":true,"interactionType":"ENTER_TEXT"}]}
COMMAND: POST /session/129c046a4c158aab34184c97257eb527/actions - {"actions":[{"id":"action11","type":"key","parameters":{},"actions":[{"type":"keyDown","value":""},{"type":"pause","duration":10},{"type":"keyUp","value":""}]}]}
RESULT: {"actions":[{"id":"action11","type":"key","parameters":{},"actions":[{"type":"keyDown","value":""},{"type":"pause","duration":10},{"type":"keyUp","value":""}]}]}
COMMAND: GET /session/129c046a4c158aab34184c97257eb527/screenshot - {}
RESULT: {}
COMMAND: POST /session/129c046a4c158aab34184c97257eb527/element - {"using":"xpath","value":"//span[@id=\"application-managepricingrules-display-component---priceInfoItem--smartTable-header-inner\"]"}
RESULT: {"using":"xpath","value":"//span[@id=\"application-managepricingrules-display-component---priceInfoItem--smartTable-header-inner\"]"}
COMMAND: POST /session/129c046a4c158aab34184c97257eb527/elements - {"using":"xpath","value":"//span[@id=\"application-managepricingrules-display-component---priceInfoItem--smartTable-header-inner\"]"}
RESULT: {"using":"xpath","value":"//span[@id=\"application-managepricingrules-display-component---priceInfoItem--smartTable-header-inner\"]"}
COMMAND: POST /session/129c046a4c158aab34184c97257eb527/execute/sync - {"script":"<script> [56 bytes]","args":[{"element-6066-11e4-a52e-4f735466cecf":"f.8E45E670A1384E074590F00FAD9F292A.d.B24D1D6B434CE69CE5622DE330DE5367.e.3622","ELEMENT":"f.8E45E670A1384E074590F00FAD9F292A.d.B24D1D6B434CE69CE5622DE330DE5367.e.3622"}]}
RESULT: {"script":"<script> [56 bytes]","args":[{"element-6066-11e4-a52e-4f735466cecf":"f.8E45E670A1384E074590F00FAD9F292A.d.B24D1D6B434CE69CE5622DE330DE5367.e.3622","ELEMENT":"f.8E45E670A1384E074590F00FAD9F292A.d.B24D1D6B434CE69CE5622DE330DE5367.e.3622"}]}
COMMAND: POST /session/129c046a4c158aab34184c97257eb527/element - {"using":"css selector","value":"#shell-header-logo"}
COMMAND: GET /session/129c046a4c158aab34184c97257eb527/screenshot - {}
RESULT: {"using":"css selector","value":"#shell-header-logo"}
COMMAND: POST /session/129c046a4c158aab34184c97257eb527/element/f.8E45E670A1384E074590F00FAD9F292A.d.B24D1D6B434CE69CE5622DE330DE5367.e.2750/click - {}
RESULT: {}
RESULT: {}
COMMAND: GET /session/129c046a4c158aab34184c97257eb527/screenshot - {}
RESULT: {}
]]></system-out>
    </testcase>
    <testcase classname="chrome.135_0_7049_96.windows.Billing_Transfer_-_Master_data_&amp;_Intercompany_US127250" name="Should create new condition for equipment TB" time="68.048">
      <system-out><![CDATA[
COMMAND: POST /session/129c046a4c158aab34184c97257eb527/execute/async - {"script":"<script> [1562 bytes]","args":[{"selector":{"controlType":"sap.m.Text","properties":{"text":"Manage Conditions & Prices"},"interaction":{"idSuffix":"inner"}},"wdio_ui5_key":"sapm.Text{\"text\":\"Manage Conditions & Prices\"}"}]}
RESULT: {"script":"<script> [1562 bytes]","args":[{"selector":{"controlType":"sap.m.Text","properties":{"text":"Manage Conditions & Prices"},"interaction":{"idSuffix":"inner"}},"wdio_ui5_key":"sapm.Text{\"text\":\"Manage Conditions & Prices\"}"}]}
RESULT: undefined
COMMAND: POST /session/129c046a4c158aab34184c97257eb527/element - {"using":"xpath","value":"//*[@id=\"__tile53-title\"]"}
RESULT: {"using":"xpath","value":"//*[@id=\"__tile53-title\"]"}
COMMAND: POST /session/129c046a4c158aab34184c97257eb527/element/f.8E45E670A1384E074590F00FAD9F292A.d.B24D1D6B434CE69CE5622DE330DE5367.e.3625/click - {}
RESULT: {}
COMMAND: POST /session/129c046a4c158aab34184c97257eb527/element - {"using":"xpath","value":"//button[@aria-label=\"Create\"]"}
COMMAND: GET /session/129c046a4c158aab34184c97257eb527/screenshot - {}
RESULT: {"using":"xpath","value":"//button[@aria-label=\"Create\"]"}
COMMAND: POST /session/129c046a4c158aab34184c97257eb527/elements - {"using":"xpath","value":"//button[@aria-label=\"Create\"]"}
RESULT: {}
RESULT: {"using":"xpath","value":"//button[@aria-label=\"Create\"]"}
COMMAND: POST /session/129c046a4c158aab34184c97257eb527/elements - {"using":"xpath","value":"//button[@aria-label=\"Create\"]"}
RESULT: {"using":"xpath","value":"//button[@aria-label=\"Create\"]"}
COMMAND: POST /session/129c046a4c158aab34184c97257eb527/elements - {"using":"xpath","value":"//button[@aria-label=\"Create\"]"}
RESULT: {"using":"xpath","value":"//button[@aria-label=\"Create\"]"}
COMMAND: POST /session/129c046a4c158aab34184c97257eb527/elements - {"using":"xpath","value":"//button[@aria-label=\"Create\"]"}
RESULT: {"using":"xpath","value":"//button[@aria-label=\"Create\"]"}
COMMAND: POST /session/129c046a4c158aab34184c97257eb527/elements - {"using":"xpath","value":"//button[@aria-label=\"Create\"]"}
RESULT: {"using":"xpath","value":"//button[@aria-label=\"Create\"]"}
COMMAND: POST /session/129c046a4c158aab34184c97257eb527/elements - {"using":"xpath","value":"//button[@aria-label=\"Create\"]"}
RESULT: {"using":"xpath","value":"//button[@aria-label=\"Create\"]"}
COMMAND: POST /session/129c046a4c158aab34184c97257eb527/elements - {"using":"xpath","value":"//button[@aria-label=\"Create\"]"}
RESULT: {"using":"xpath","value":"//button[@aria-label=\"Create\"]"}
COMMAND: POST /session/129c046a4c158aab34184c97257eb527/elements - {"using":"xpath","value":"//button[@aria-label=\"Create\"]"}
RESULT: {"using":"xpath","value":"//button[@aria-label=\"Create\"]"}
COMMAND: POST /session/129c046a4c158aab34184c97257eb527/elements - {"using":"xpath","value":"//button[@aria-label=\"Create\"]"}
RESULT: {"using":"xpath","value":"//button[@aria-label=\"Create\"]"}
COMMAND: POST /session/129c046a4c158aab34184c97257eb527/elements - {"using":"xpath","value":"//button[@aria-label=\"Create\"]"}
RESULT: {"using":"xpath","value":"//button[@aria-label=\"Create\"]"}
COMMAND: POST /session/129c046a4c158aab34184c97257eb527/elements - {"using":"xpath","value":"//button[@aria-label=\"Create\"]"}
RESULT: {"using":"xpath","value":"//button[@aria-label=\"Create\"]"}
COMMAND: POST /session/129c046a4c158aab34184c97257eb527/elements - {"using":"xpath","value":"//button[@aria-label=\"Create\"]"}
RESULT: {"using":"xpath","value":"//button[@aria-label=\"Create\"]"}
COMMAND: POST /session/129c046a4c158aab34184c97257eb527/elements - {"using":"xpath","value":"//button[@aria-label=\"Create\"]"}
RESULT: {"using":"xpath","value":"//button[@aria-label=\"Create\"]"}
COMMAND: POST /session/129c046a4c158aab34184c97257eb527/elements - {"using":"xpath","value":"//button[@aria-label=\"Create\"]"}
RESULT: {"using":"xpath","value":"//button[@aria-label=\"Create\"]"}
COMMAND: POST /session/129c046a4c158aab34184c97257eb527/elements - {"using":"xpath","value":"//button[@aria-label=\"Create\"]"}
RESULT: {"using":"xpath","value":"//button[@aria-label=\"Create\"]"}
COMMAND: POST /session/129c046a4c158aab34184c97257eb527/elements - {"using":"xpath","value":"//button[@aria-label=\"Create\"]"}
RESULT: {"using":"xpath","value":"//button[@aria-label=\"Create\"]"}
COMMAND: POST /session/129c046a4c158aab34184c97257eb527/elements - {"using":"xpath","value":"//button[@aria-label=\"Create\"]"}
RESULT: {"using":"xpath","value":"//button[@aria-label=\"Create\"]"}
COMMAND: POST /session/129c046a4c158aab34184c97257eb527/elements - {"using":"xpath","value":"//button[@aria-label=\"Create\"]"}
RESULT: {"using":"xpath","value":"//button[@aria-label=\"Create\"]"}
COMMAND: POST /session/129c046a4c158aab34184c97257eb527/elements - {"using":"xpath","value":"//button[@aria-label=\"Create\"]"}
RESULT: {"using":"xpath","value":"//button[@aria-label=\"Create\"]"}
COMMAND: POST /session/129c046a4c158aab34184c97257eb527/element - {"using":"xpath","value":"//button[@aria-label=\"Create\"]"}
RESULT: {"using":"xpath","value":"//button[@aria-label=\"Create\"]"}
COMMAND: POST /session/129c046a4c158aab34184c97257eb527/execute/sync - {"script":"<script> [8489 bytes]","args":[{"element-6066-11e4-a52e-4f735466cecf":"f.8E45E670A1384E074590F00FAD9F292A.d.B24D1D6B434CE69CE5622DE330DE5367.e.3661","ELEMENT":"f.8E45E670A1384E074590F00FAD9F292A.d.B24D1D6B434CE69CE5622DE330DE5367.e.3661"}]}
RESULT: {"script":"<script> [8489 bytes]","args":[{"element-6066-11e4-a52e-4f735466cecf":"f.8E45E670A1384E074590F00FAD9F292A.d.B24D1D6B434CE69CE5622DE330DE5367.e.3661","ELEMENT":"f.8E45E670A1384E074590F00FAD9F292A.d.B24D1D6B434CE69CE5622DE330DE5367.e.3661"}]}
COMMAND: GET /session/129c046a4c158aab34184c97257eb527/element/f.8E45E670A1384E074590F00FAD9F292A.d.B24D1D6B434CE69CE5622DE330DE5367.e.3661/enabled - {}
COMMAND: GET /session/129c046a4c158aab34184c97257eb527/screenshot - {}
RESULT: {}
COMMAND: POST /session/129c046a4c158aab34184c97257eb527/execute/sync - {"script":"<script> [8489 bytes]","args":[{"element-6066-11e4-a52e-4f735466cecf":"f.8E45E670A1384E074590F00FAD9F292A.d.B24D1D6B434CE69CE5622DE330DE5367.e.3661","ELEMENT":"f.8E45E670A1384E074590F00FAD9F292A.d.B24D1D6B434CE69CE5622DE330DE5367.e.3661"}]}
COMMAND: GET /session/129c046a4c158aab34184c97257eb527/screenshot - {}
RESULT: {}
RESULT: {"script":"<script> [8489 bytes]","args":[{"element-6066-11e4-a52e-4f735466cecf":"f.8E45E670A1384E074590F00FAD9F292A.d.B24D1D6B434CE69CE5622DE330DE5367.e.3661","ELEMENT":"f.8E45E670A1384E074590F00FAD9F292A.d.B24D1D6B434CE69CE5622DE330DE5367.e.3661"}]}
COMMAND: POST /session/129c046a4c158aab34184c97257eb527/execute/sync - {"script":"<script> [5351 bytes]","args":[{"element-6066-11e4-a52e-4f735466cecf":"f.8E45E670A1384E074590F00FAD9F292A.d.B24D1D6B434CE69CE5622DE330DE5367.e.3661","ELEMENT":"f.8E45E670A1384E074590F00FAD9F292A.d.B24D1D6B434CE69CE5622DE330DE5367.e.3661"}]}
COMMAND: GET /session/129c046a4c158aab34184c97257eb527/screenshot - {}
RESULT: {}
RESULT: {"script":"<script> [5351 bytes]","args":[{"element-6066-11e4-a52e-4f735466cecf":"f.8E45E670A1384E074590F00FAD9F292A.d.B24D1D6B434CE69CE5622DE330DE5367.e.3661","ELEMENT":"f.8E45E670A1384E074590F00FAD9F292A.d.B24D1D6B434CE69CE5622DE330DE5367.e.3661"}]}
COMMAND: POST /session/129c046a4c158aab34184c97257eb527/element/f.8E45E670A1384E074590F00FAD9F292A.d.B24D1D6B434CE69CE5622DE330DE5367.e.3661/click - {}
COMMAND: GET /session/129c046a4c158aab34184c97257eb527/screenshot - {}
RESULT: {}
RESULT: {}
COMMAND: GET /session/129c046a4c158aab34184c97257eb527/screenshot - {}
RESULT: {}
RESULT: {}
COMMAND: POST /session/129c046a4c158aab34184c97257eb527/actions - {"actions":[{"id":"action12","type":"key","parameters":{},"actions":[{"type":"keyDown","value":""},{"type":"pause","duration":10},{"type":"keyUp","value":""}]}]}
RESULT: {"actions":[{"id":"action12","type":"key","parameters":{},"actions":[{"type":"keyDown","value":""},{"type":"pause","duration":10},{"type":"keyUp","value":""}]}]}
COMMAND: GET /session/129c046a4c158aab34184c97257eb527/screenshot - {}
RESULT: {}
COMMAND: POST /session/129c046a4c158aab34184c97257eb527/execute/async - {"script":"<script> [1562 bytes]","args":[{"selector":{"id":"application-manageconditionprice-display-component---newCondition--condBillCond-arrow"},"wdio_ui5_key":"applicationmanageconditionprice-display-component---newCondition--condBillCond-arrow"}]}
RESULT: {"script":"<script> [1562 bytes]","args":[{"selector":{"id":"application-manageconditionprice-display-component---newCondition--condBillCond-arrow"},"wdio_ui5_key":"applicationmanageconditionprice-display-component---newCondition--condBillCond-arrow"}]}
RESULT: undefined
COMMAND: POST /session/129c046a4c158aab34184c97257eb527/element - {"using":"xpath","value":"//*[@id=\"application-manageconditionprice-display-component---newCondition--condBillCond-arrow\"]"}
RESULT: {"using":"xpath","value":"//*[@id=\"application-manageconditionprice-display-component---newCondition--condBillCond-arrow\"]"}
COMMAND: POST /session/129c046a4c158aab34184c97257eb527/element/f.8E45E670A1384E074590F00FAD9F292A.d.B24D1D6B434CE69CE5622DE330DE5367.e.3871/click - {}
RESULT: {}
COMMAND: GET /session/129c046a4c158aab34184c97257eb527/screenshot - {}
RESULT: {}
COMMAND: POST /session/129c046a4c158aab34184c97257eb527/element - {"using":"xpath","value":"//li[.//span[contains(text(), \"DISP - D&I special price\")]]"}
RESULT: {"using":"xpath","value":"//li[.//span[contains(text(), \"DISP - D&I special price\")]]"}
COMMAND: POST /session/129c046a4c158aab34184c97257eb527/element/f.8E45E670A1384E074590F00FAD9F292A.d.B24D1D6B434CE69CE5622DE330DE5367.e.3874/click - {}
RESULT: {}
COMMAND: GET /session/129c046a4c158aab34184c97257eb527/screenshot - {}
RESULT: {}
COMMAND: POST /session/129c046a4c158aab34184c97257eb527/execute/async - {"script":"<script> [1562 bytes]","args":[{"selector":{"id":"application-manageconditionprice-display-component---newCondition--condValidTo","interaction":{"idSuffix":"inner"}},"wdio_ui5_key":"applicationmanageconditionprice-display-component---newCondition--condValidTo"}]}
RESULT: {"script":"<script> [1562 bytes]","args":[{"selector":{"id":"application-manageconditionprice-display-component---newCondition--condValidTo","interaction":{"idSuffix":"inner"}},"wdio_ui5_key":"applicationmanageconditionprice-display-component---newCondition--condValidTo"}]}
RESULT: undefined
COMMAND: POST /session/129c046a4c158aab34184c97257eb527/execute/async - {"script":"<script> [776 bytes]","args":[{"enterText":"12/23/25","selector":{"id":"application-manageconditionprice-display-component---newCondition--condValidTo","interaction":{"idSuffix":"inner"}},"clearTextFirst":true,"interactionType":"ENTER_TEXT"}]}
RESULT: {"script":"<script> [776 bytes]","args":[{"enterText":"12/23/25","selector":{"id":"application-manageconditionprice-display-component---newCondition--condValidTo","interaction":{"idSuffix":"inner"}},"clearTextFirst":true,"interactionType":"ENTER_TEXT"}]}
COMMAND: POST /session/129c046a4c158aab34184c97257eb527/element - {"using":"xpath","value":"//input[@id=\"application-manageconditionprice-display-component---newCondition--condRU-inner\"]"}
RESULT: {"using":"xpath","value":"//input[@id=\"application-manageconditionprice-display-component---newCondition--condRU-inner\"]"}
COMMAND: POST /session/129c046a4c158aab34184c97257eb527/element/f.8E45E670A1384E074590F00FAD9F292A.d.B24D1D6B434CE69CE5622DE330DE5367.e.3735/clear - {}
RESULT: {}
COMMAND: POST /session/129c046a4c158aab34184c97257eb527/element/f.8E45E670A1384E074590F00FAD9F292A.d.B24D1D6B434CE69CE5622DE330DE5367.e.3735/value - {"text":"j74hxBzytk"}
COMMAND: GET /session/129c046a4c158aab34184c97257eb527/screenshot - {}
RESULT: {"text":"j74hxBzytk"}
COMMAND: GET /session/129c046a4c158aab34184c97257eb527/screenshot - {}
RESULT: {}
RESULT: {}
COMMAND: POST /session/129c046a4c158aab34184c97257eb527/actions - {"actions":[{"id":"action13","type":"key","parameters":{},"actions":[{"type":"keyDown","value":""},{"type":"pause","duration":10},{"type":"keyUp","value":""}]}]}
RESULT: {"actions":[{"id":"action13","type":"key","parameters":{},"actions":[{"type":"keyDown","value":""},{"type":"pause","duration":10},{"type":"keyUp","value":""}]}]}
COMMAND: POST /session/129c046a4c158aab34184c97257eb527/execute/async - {"script":"<script> [1562 bytes]","args":[{"selector":{"id":"application-manageconditionprice-display-component---newCondition--condBaseQty","interaction":{"idSuffix":"inner"}},"wdio_ui5_key":"applicationmanageconditionprice-display-component---newCondition--condBaseQty"}]}
COMMAND: GET /session/129c046a4c158aab34184c97257eb527/screenshot - {}
RESULT: {"script":"<script> [1562 bytes]","args":[{"selector":{"id":"application-manageconditionprice-display-component---newCondition--condBaseQty","interaction":{"idSuffix":"inner"}},"wdio_ui5_key":"applicationmanageconditionprice-display-component---newCondition--condBaseQty"}]}
RESULT: undefined
COMMAND: POST /session/129c046a4c158aab34184c97257eb527/execute/async - {"script":"<script> [776 bytes]","args":[{"enterText":"1","selector":{"id":"application-manageconditionprice-display-component---newCondition--condBaseQty","interaction":{"idSuffix":"inner"}},"clearTextFirst":true,"interactionType":"ENTER_TEXT"}]}
RESULT: {}
RESULT: {"script":"<script> [776 bytes]","args":[{"enterText":"1","selector":{"id":"application-manageconditionprice-display-component---newCondition--condBaseQty","interaction":{"idSuffix":"inner"}},"clearTextFirst":true,"interactionType":"ENTER_TEXT"}]}
COMMAND: POST /session/129c046a4c158aab34184c97257eb527/execute/async - {"script":"<script> [1562 bytes]","args":[{"selector":{"id":"application-manageconditionprice-display-component---newCondition--condValue","interaction":{"idSuffix":"inner"}},"wdio_ui5_key":"applicationmanageconditionprice-display-component---newCondition--condValue"}]}
RESULT: {"script":"<script> [1562 bytes]","args":[{"selector":{"id":"application-manageconditionprice-display-component---newCondition--condValue","interaction":{"idSuffix":"inner"}},"wdio_ui5_key":"applicationmanageconditionprice-display-component---newCondition--condValue"}]}
RESULT: undefined
COMMAND: POST /session/129c046a4c158aab34184c97257eb527/execute/async - {"script":"<script> [776 bytes]","args":[{"enterText":"100","selector":{"id":"application-manageconditionprice-display-component---newCondition--condValue","interaction":{"idSuffix":"inner"}},"clearTextFirst":true,"interactionType":"ENTER_TEXT"}]}
RESULT: {"script":"<script> [776 bytes]","args":[{"enterText":"100","selector":{"id":"application-manageconditionprice-display-component---newCondition--condValue","interaction":{"idSuffix":"inner"}},"clearTextFirst":true,"interactionType":"ENTER_TEXT"}]}
COMMAND: POST /session/129c046a4c158aab34184c97257eb527/execute/async - {"script":"<script> [1562 bytes]","args":[{"selector":{"id":"application-manageconditionprice-display-component---newCondition--condCurr-arrow"},"wdio_ui5_key":"applicationmanageconditionprice-display-component---newCondition--condCurr-arrow"}]}
RESULT: {"script":"<script> [1562 bytes]","args":[{"selector":{"id":"application-manageconditionprice-display-component---newCondition--condCurr-arrow"},"wdio_ui5_key":"applicationmanageconditionprice-display-component---newCondition--condCurr-arrow"}]}
RESULT: undefined
COMMAND: POST /session/129c046a4c158aab34184c97257eb527/element - {"using":"xpath","value":"//*[@id=\"application-manageconditionprice-display-component---newCondition--condCurr-arrow\"]"}
RESULT: {"using":"xpath","value":"//*[@id=\"application-manageconditionprice-display-component---newCondition--condCurr-arrow\"]"}
COMMAND: POST /session/129c046a4c158aab34184c97257eb527/element/f.8E45E670A1384E074590F00FAD9F292A.d.B24D1D6B434CE69CE5622DE330DE5367.e.3833/click - {}
RESULT: {}
COMMAND: POST /session/129c046a4c158aab34184c97257eb527/element - {"using":"xpath","value":"//span[contains(text(), \"Euro\")]"}
COMMAND: GET /session/129c046a4c158aab34184c97257eb527/screenshot - {}
RESULT: {"using":"xpath","value":"//span[contains(text(), \"Euro\")]"}
COMMAND: POST /session/129c046a4c158aab34184c97257eb527/element/f.8E45E670A1384E074590F00FAD9F292A.d.B24D1D6B434CE69CE5622DE330DE5367.e.3911/click - {}
RESULT: {}
RESULT: {}
COMMAND: POST /session/129c046a4c158aab34184c97257eb527/element - {"using":"xpath","value":"//button[@data-kt=\"saveButton\"]"}
COMMAND: GET /session/129c046a4c158aab34184c97257eb527/screenshot - {}
RESULT: {"using":"xpath","value":"//button[@data-kt=\"saveButton\"]"}
COMMAND: POST /session/129c046a4c158aab34184c97257eb527/element/f.8E45E670A1384E074590F00FAD9F292A.d.B24D1D6B434CE69CE5622DE330DE5367.e.3834/click - {}
RESULT: {}
RESULT: {}
COMMAND: GET /session/129c046a4c158aab34184c97257eb527/screenshot - {}
RESULT: {}
COMMAND: POST /session/129c046a4c158aab34184c97257eb527/execute/async - {"script":"<script> [1562 bytes]","args":[{"selector":{"id":"application-manageconditionprice-display-component---conditions--smartFilterBar-btnBasicSearch","interaction":{"idSuffix":"I"}},"wdio_ui5_key":"applicationmanageconditionprice-display-component---conditions--smartFilterBar-btnBasicSearch"}]}
RESULT: {"script":"<script> [1562 bytes]","args":[{"selector":{"id":"application-manageconditionprice-display-component---conditions--smartFilterBar-btnBasicSearch","interaction":{"idSuffix":"I"}},"wdio_ui5_key":"applicationmanageconditionprice-display-component---conditions--smartFilterBar-btnBasicSearch"}]}
RESULT: undefined
COMMAND: POST /session/129c046a4c158aab34184c97257eb527/execute/async - {"script":"<script> [776 bytes]","args":[{"enterText":"j74hxBzytk","selector":{"id":"application-manageconditionprice-display-component---conditions--smartFilterBar-btnBasicSearch","interaction":{"idSuffix":"I"}},"clearTextFirst":true,"interactionType":"ENTER_TEXT"}]}
RESULT: {"script":"<script> [776 bytes]","args":[{"enterText":"j74hxBzytk","selector":{"id":"application-manageconditionprice-display-component---conditions--smartFilterBar-btnBasicSearch","interaction":{"idSuffix":"I"}},"clearTextFirst":true,"interactionType":"ENTER_TEXT"}]}
COMMAND: POST /session/129c046a4c158aab34184c97257eb527/actions - {"actions":[{"id":"action14","type":"key","parameters":{},"actions":[{"type":"keyDown","value":""},{"type":"pause","duration":10},{"type":"keyUp","value":""}]}]}
RESULT: {"actions":[{"id":"action14","type":"key","parameters":{},"actions":[{"type":"keyDown","value":""},{"type":"pause","duration":10},{"type":"keyUp","value":""}]}]}
COMMAND: GET /session/129c046a4c158aab34184c97257eb527/screenshot - {}
RESULT: {}
COMMAND: POST /session/129c046a4c158aab34184c97257eb527/execute/async - {"script":"<script> [1562 bytes]","args":[{"selector":{"id":"application-manageconditionprice-display-component---conditions--smartFilterBar-filterItemControl_BASIC-BILL_TYPES-vhi"},"wdio_ui5_key":"applicationmanageconditionprice-display-component---conditions--smartFilterBar-filterItemControl_BASIC-BILL_TYPES-vhi"}]}
RESULT: {"script":"<script> [1562 bytes]","args":[{"selector":{"id":"application-manageconditionprice-display-component---conditions--smartFilterBar-filterItemControl_BASIC-BILL_TYPES-vhi"},"wdio_ui5_key":"applicationmanageconditionprice-display-component---conditions--smartFilterBar-filterItemControl_BASIC-BILL_TYPES-vhi"}]}
RESULT: undefined
COMMAND: POST /session/129c046a4c158aab34184c97257eb527/element - {"using":"xpath","value":"//*[@id=\"application-manageconditionprice-display-component---conditions--smartFilterBar-filterItemControl_BASIC-BILL_TYPES-vhi\"]"}
RESULT: {"using":"xpath","value":"//*[@id=\"application-manageconditionprice-display-component---conditions--smartFilterBar-filterItemControl_BASIC-BILL_TYPES-vhi\"]"}
COMMAND: POST /session/129c046a4c158aab34184c97257eb527/element/f.8E45E670A1384E074590F00FAD9F292A.d.B24D1D6B434CE69CE5622DE330DE5367.e.4018/click - {}
RESULT: {}
COMMAND: POST /session/129c046a4c158aab34184c97257eb527/execute/async - {"script":"<script> [1562 bytes]","args":[{"selector":{"id":"application-manageconditionprice-display-component---conditions--smartFilterBar-filterItemControl_BASIC-BILL_TYPES-valueHelpDialog-smartFilterBar-btnBasicSearch","searchOpenDialogs":true,"interaction":{"idSuffix":"I"}},"wdio_ui5_key":"applicationmanageconditionprice-display-component---conditions--smartFilterBar-filterItemControl_BASIC-BILL_TYPES-valueHelpDialog-smartFilterBar-btnBasicSearch"}]}
COMMAND: GET /session/129c046a4c158aab34184c97257eb527/screenshot - {}
RESULT: {"script":"<script> [1562 bytes]","args":[{"selector":{"id":"application-manageconditionprice-display-component---conditions--smartFilterBar-filterItemControl_BASIC-BILL_TYPES-valueHelpDialog-smartFilterBar-btnBasicSearch","searchOpenDialogs":true,"interaction":{"idSuffix":"I"}},"wdio_ui5_key":"applicationmanageconditionprice-display-component---conditions--smartFilterBar-filterItemControl_BASIC-BILL_TYPES-valueHelpDialog-smartFilterBar-btnBasicSearch"}]}
RESULT: undefined
COMMAND: POST /session/129c046a4c158aab34184c97257eb527/execute/async - {"script":"<script> [776 bytes]","args":[{"enterText":"TB","selector":{"id":"application-manageconditionprice-display-component---conditions--smartFilterBar-filterItemControl_BASIC-BILL_TYPES-valueHelpDialog-smartFilterBar-btnBasicSearch","searchOpenDialogs":true,"interaction":{"idSuffix":"I"}},"clearTextFirst":true,"interactionType":"ENTER_TEXT"}]}
RESULT: {}
RESULT: {"script":"<script> [776 bytes]","args":[{"enterText":"TB","selector":{"id":"application-manageconditionprice-display-component---conditions--smartFilterBar-filterItemControl_BASIC-BILL_TYPES-valueHelpDialog-smartFilterBar-btnBasicSearch","searchOpenDialogs":true,"interaction":{"idSuffix":"I"}},"clearTextFirst":true,"interactionType":"ENTER_TEXT"}]}
COMMAND: POST /session/129c046a4c158aab34184c97257eb527/actions - {"actions":[{"id":"action15","type":"key","parameters":{},"actions":[{"type":"keyDown","value":""},{"type":"pause","duration":10},{"type":"keyUp","value":""}]}]}
RESULT: {"actions":[{"id":"action15","type":"key","parameters":{},"actions":[{"type":"keyDown","value":""},{"type":"pause","duration":10},{"type":"keyUp","value":""}]}]}
COMMAND: GET /session/129c046a4c158aab34184c97257eb527/screenshot - {}
RESULT: {}
COMMAND: POST /session/129c046a4c158aab34184c97257eb527/element - {"using":"xpath","value":"//div[contains(@id, 'application-manageconditionprice-display-component---conditions--smartFilterBar-filterItemControl_BASIC-BILL_TYPES-valueHelpDialog-table-rowsel0')]"}
RESULT: {"using":"xpath","value":"//div[contains(@id, 'application-manageconditionprice-display-component---conditions--smartFilterBar-filterItemControl_BASIC-BILL_TYPES-valueHelpDialog-table-rowsel0')]"}
COMMAND: POST /session/129c046a4c158aab34184c97257eb527/element/f.8E45E670A1384E074590F00FAD9F292A.d.B24D1D6B434CE69CE5622DE330DE5367.e.4028/click - {}
RESULT: {}
COMMAND: GET /session/129c046a4c158aab34184c97257eb527/screenshot - {}
RESULT: {}
COMMAND: POST /session/129c046a4c158aab34184c97257eb527/element - {"using":"xpath","value":"//bdi[contains(text(), \"OK\")]"}
RESULT: {"using":"xpath","value":"//bdi[contains(text(), \"OK\")]"}
COMMAND: POST /session/129c046a4c158aab34184c97257eb527/element/f.8E45E670A1384E074590F00FAD9F292A.d.B24D1D6B434CE69CE5622DE330DE5367.e.4030/click - {}
RESULT: {}
COMMAND: GET /session/129c046a4c158aab34184c97257eb527/screenshot - {}
RESULT: {}
COMMAND: POST /session/129c046a4c158aab34184c97257eb527/element - {"using":"xpath","value":"//span[@id=\"application-manageconditionprice-display-component---conditions--smartTable-header-inner\"]"}
RESULT: {"using":"xpath","value":"//span[@id=\"application-manageconditionprice-display-component---conditions--smartTable-header-inner\"]"}
COMMAND: POST /session/129c046a4c158aab34184c97257eb527/elements - {"using":"xpath","value":"//span[@id=\"application-manageconditionprice-display-component---conditions--smartTable-header-inner\"]"}
RESULT: {"using":"xpath","value":"//span[@id=\"application-manageconditionprice-display-component---conditions--smartTable-header-inner\"]"}
COMMAND: POST /session/129c046a4c158aab34184c97257eb527/execute/sync - {"script":"<script> [56 bytes]","args":[{"element-6066-11e4-a52e-4f735466cecf":"f.8E45E670A1384E074590F00FAD9F292A.d.B24D1D6B434CE69CE5622DE330DE5367.e.4033","ELEMENT":"f.8E45E670A1384E074590F00FAD9F292A.d.B24D1D6B434CE69CE5622DE330DE5367.e.4033"}]}
RESULT: {"script":"<script> [56 bytes]","args":[{"element-6066-11e4-a52e-4f735466cecf":"f.8E45E670A1384E074590F00FAD9F292A.d.B24D1D6B434CE69CE5622DE330DE5367.e.4033","ELEMENT":"f.8E45E670A1384E074590F00FAD9F292A.d.B24D1D6B434CE69CE5622DE330DE5367.e.4033"}]}
COMMAND: POST /session/129c046a4c158aab34184c97257eb527/element - {"using":"css selector","value":"#shell-header-logo"}
COMMAND: GET /session/129c046a4c158aab34184c97257eb527/screenshot - {}
RESULT: {"using":"css selector","value":"#shell-header-logo"}
COMMAND: POST /session/129c046a4c158aab34184c97257eb527/element/f.8E45E670A1384E074590F00FAD9F292A.d.B24D1D6B434CE69CE5622DE330DE5367.e.3628/click - {}
RESULT: {}
RESULT: {}
COMMAND: GET /session/129c046a4c158aab34184c97257eb527/screenshot - {}
RESULT: {}
]]></system-out>
    </testcase>
    <testcase classname="chrome.135_0_7049_96.windows.Billing_Transfer_-_Master_data_&amp;_Intercompany_US127250" name="Should do a stock increase" time="86.22">
      <system-out><![CDATA[
COMMAND: POST /session/129c046a4c158aab34184c97257eb527/execute/async - {"script":"<script> [1562 bytes]","args":[{"selector":{"controlType":"sap.m.Text","viewName":"etm.portal.ui.managehandoverstile.view.Master","properties":{"text":"Manage Handovers"},"interaction":{"idSuffix":"inner"}},"wdio_ui5_key":"etmportal.ui.managehandoverstile.view.Mastersap.m.Text{\"text\":\"Manage Handovers\"}"}]}
RESULT: {"script":"<script> [1562 bytes]","args":[{"selector":{"controlType":"sap.m.Text","viewName":"etm.portal.ui.managehandoverstile.view.Master","properties":{"text":"Manage Handovers"},"interaction":{"idSuffix":"inner"}},"wdio_ui5_key":"etmportal.ui.managehandoverstile.view.Mastersap.m.Text{\"text\":\"Manage Handovers\"}"}]}
RESULT: undefined
COMMAND: POST /session/129c046a4c158aab34184c97257eb527/element - {"using":"xpath","value":"//*[@id=\"__tile133-title\"]"}
RESULT: {"using":"xpath","value":"//*[@id=\"__tile133-title\"]"}
COMMAND: POST /session/129c046a4c158aab34184c97257eb527/element/f.8E45E670A1384E074590F00FAD9F292A.d.B24D1D6B434CE69CE5622DE330DE5367.e.4038/click - {}
RESULT: {}
COMMAND: POST /session/129c046a4c158aab34184c97257eb527/element - {"using":"xpath","value":"//button[@data-kt=\"masterHOAddButton\"]"}
COMMAND: GET /session/129c046a4c158aab34184c97257eb527/screenshot - {}
RESULT: {"using":"xpath","value":"//button[@data-kt=\"masterHOAddButton\"]"}
COMMAND: POST /session/129c046a4c158aab34184c97257eb527/elements - {"using":"xpath","value":"//button[@data-kt=\"masterHOAddButton\"]"}
RESULT: {}
RESULT: {"using":"xpath","value":"//button[@data-kt=\"masterHOAddButton\"]"}
COMMAND: POST /session/129c046a4c158aab34184c97257eb527/elements - {"using":"xpath","value":"//button[@data-kt=\"masterHOAddButton\"]"}
RESULT: {"using":"xpath","value":"//button[@data-kt=\"masterHOAddButton\"]"}
COMMAND: POST /session/129c046a4c158aab34184c97257eb527/elements - {"using":"xpath","value":"//button[@data-kt=\"masterHOAddButton\"]"}
RESULT: {"using":"xpath","value":"//button[@data-kt=\"masterHOAddButton\"]"}
COMMAND: POST /session/129c046a4c158aab34184c97257eb527/elements - {"using":"xpath","value":"//button[@data-kt=\"masterHOAddButton\"]"}
RESULT: {"using":"xpath","value":"//button[@data-kt=\"masterHOAddButton\"]"}
COMMAND: POST /session/129c046a4c158aab34184c97257eb527/elements - {"using":"xpath","value":"//button[@data-kt=\"masterHOAddButton\"]"}
RESULT: {"using":"xpath","value":"//button[@data-kt=\"masterHOAddButton\"]"}
COMMAND: POST /session/129c046a4c158aab34184c97257eb527/elements - {"using":"xpath","value":"//button[@data-kt=\"masterHOAddButton\"]"}
RESULT: {"using":"xpath","value":"//button[@data-kt=\"masterHOAddButton\"]"}
COMMAND: POST /session/129c046a4c158aab34184c97257eb527/elements - {"using":"xpath","value":"//button[@data-kt=\"masterHOAddButton\"]"}
RESULT: {"using":"xpath","value":"//button[@data-kt=\"masterHOAddButton\"]"}
COMMAND: POST /session/129c046a4c158aab34184c97257eb527/elements - {"using":"xpath","value":"//button[@data-kt=\"masterHOAddButton\"]"}
RESULT: {"using":"xpath","value":"//button[@data-kt=\"masterHOAddButton\"]"}
COMMAND: POST /session/129c046a4c158aab34184c97257eb527/elements - {"using":"xpath","value":"//button[@data-kt=\"masterHOAddButton\"]"}
RESULT: {"using":"xpath","value":"//button[@data-kt=\"masterHOAddButton\"]"}
COMMAND: POST /session/129c046a4c158aab34184c97257eb527/elements - {"using":"xpath","value":"//button[@data-kt=\"masterHOAddButton\"]"}
RESULT: {"using":"xpath","value":"//button[@data-kt=\"masterHOAddButton\"]"}
COMMAND: POST /session/129c046a4c158aab34184c97257eb527/elements - {"using":"xpath","value":"//button[@data-kt=\"masterHOAddButton\"]"}
RESULT: {"using":"xpath","value":"//button[@data-kt=\"masterHOAddButton\"]"}
COMMAND: POST /session/129c046a4c158aab34184c97257eb527/elements - {"using":"xpath","value":"//button[@data-kt=\"masterHOAddButton\"]"}
RESULT: {"using":"xpath","value":"//button[@data-kt=\"masterHOAddButton\"]"}
COMMAND: POST /session/129c046a4c158aab34184c97257eb527/element - {"using":"xpath","value":"//button[@data-kt=\"masterHOAddButton\"]"}
RESULT: {"using":"xpath","value":"//button[@data-kt=\"masterHOAddButton\"]"}
COMMAND: POST /session/129c046a4c158aab34184c97257eb527/execute/sync - {"script":"<script> [8489 bytes]","args":[{"element-6066-11e4-a52e-4f735466cecf":"f.8E45E670A1384E074590F00FAD9F292A.d.B24D1D6B434CE69CE5622DE330DE5367.e.4069","ELEMENT":"f.8E45E670A1384E074590F00FAD9F292A.d.B24D1D6B434CE69CE5622DE330DE5367.e.4069"}]}
RESULT: {"script":"<script> [8489 bytes]","args":[{"element-6066-11e4-a52e-4f735466cecf":"f.8E45E670A1384E074590F00FAD9F292A.d.B24D1D6B434CE69CE5622DE330DE5367.e.4069","ELEMENT":"f.8E45E670A1384E074590F00FAD9F292A.d.B24D1D6B434CE69CE5622DE330DE5367.e.4069"}]}
COMMAND: GET /session/129c046a4c158aab34184c97257eb527/element/f.8E45E670A1384E074590F00FAD9F292A.d.B24D1D6B434CE69CE5622DE330DE5367.e.4069/enabled - {}
COMMAND: GET /session/129c046a4c158aab34184c97257eb527/screenshot - {}
RESULT: {}
COMMAND: POST /session/129c046a4c158aab34184c97257eb527/execute/sync - {"script":"<script> [8489 bytes]","args":[{"element-6066-11e4-a52e-4f735466cecf":"f.8E45E670A1384E074590F00FAD9F292A.d.B24D1D6B434CE69CE5622DE330DE5367.e.4069","ELEMENT":"f.8E45E670A1384E074590F00FAD9F292A.d.B24D1D6B434CE69CE5622DE330DE5367.e.4069"}]}
COMMAND: GET /session/129c046a4c158aab34184c97257eb527/screenshot - {}
RESULT: {}
RESULT: {}
RESULT: {"script":"<script> [8489 bytes]","args":[{"element-6066-11e4-a52e-4f735466cecf":"f.8E45E670A1384E074590F00FAD9F292A.d.B24D1D6B434CE69CE5622DE330DE5367.e.4069","ELEMENT":"f.8E45E670A1384E074590F00FAD9F292A.d.B24D1D6B434CE69CE5622DE330DE5367.e.4069"}]}
COMMAND: POST /session/129c046a4c158aab34184c97257eb527/execute/sync - {"script":"<script> [5351 bytes]","args":[{"element-6066-11e4-a52e-4f735466cecf":"f.8E45E670A1384E074590F00FAD9F292A.d.B24D1D6B434CE69CE5622DE330DE5367.e.4069","ELEMENT":"f.8E45E670A1384E074590F00FAD9F292A.d.B24D1D6B434CE69CE5622DE330DE5367.e.4069"}]}
COMMAND: GET /session/129c046a4c158aab34184c97257eb527/screenshot - {}
RESULT: {"script":"<script> [5351 bytes]","args":[{"element-6066-11e4-a52e-4f735466cecf":"f.8E45E670A1384E074590F00FAD9F292A.d.B24D1D6B434CE69CE5622DE330DE5367.e.4069","ELEMENT":"f.8E45E670A1384E074590F00FAD9F292A.d.B24D1D6B434CE69CE5622DE330DE5367.e.4069"}]}
COMMAND: POST /session/129c046a4c158aab34184c97257eb527/element/f.8E45E670A1384E074590F00FAD9F292A.d.B24D1D6B434CE69CE5622DE330DE5367.e.4069/click - {}
COMMAND: GET /session/129c046a4c158aab34184c97257eb527/screenshot - {}
RESULT: {}
RESULT: {}
COMMAND: GET /session/129c046a4c158aab34184c97257eb527/screenshot - {}
COMMAND: POST /session/129c046a4c158aab34184c97257eb527/element - {"using":"xpath","value":"//span[contains(@id ,\"AddNewHO--typeSelect-arrow\")]"}
RESULT: {}
RESULT: {}
RESULT: {"using":"xpath","value":"//span[contains(@id ,\"AddNewHO--typeSelect-arrow\")]"}
COMMAND: POST /session/129c046a4c158aab34184c97257eb527/element/f.8E45E670A1384E074590F00FAD9F292A.d.B24D1D6B434CE69CE5622DE330DE5367.e.4415/click - {}
RESULT: {}
COMMAND: GET /session/129c046a4c158aab34184c97257eb527/screenshot - {}
RESULT: {}
COMMAND: POST /session/129c046a4c158aab34184c97257eb527/element - {"using":"xpath","value":"(//li[contains(text(), \"stock increase yard\")])[1]"}
RESULT: {"using":"xpath","value":"(//li[contains(text(), \"stock increase yard\")])[1]"}
COMMAND: POST /session/129c046a4c158aab34184c97257eb527/element/f.8E45E670A1384E074590F00FAD9F292A.d.B24D1D6B434CE69CE5622DE330DE5367.e.4416/click - {}
RESULT: {}
COMMAND: GET /session/129c046a4c158aab34184c97257eb527/screenshot - {}
RESULT: {}
COMMAND: POST /session/129c046a4c158aab34184c97257eb527/execute/async - {"script":"<script> [1562 bytes]","args":[{"selector":{"id":"application-managehandovers-display-component---AddNewHO--dueDate","interaction":{"idSuffix":"inner"}},"wdio_ui5_key":"applicationmanagehandovers-display-component---AddNewHO--dueDate"}]}
RESULT: {"script":"<script> [1562 bytes]","args":[{"selector":{"id":"application-managehandovers-display-component---AddNewHO--dueDate","interaction":{"idSuffix":"inner"}},"wdio_ui5_key":"applicationmanagehandovers-display-component---AddNewHO--dueDate"}]}
RESULT: undefined
COMMAND: POST /session/129c046a4c158aab34184c97257eb527/execute/async - {"script":"<script> [6424 bytes]","args":[{"element-6066-11e4-a52e-4f735466cecf":"f.8E45E670A1384E074590F00FAD9F292A.d.B24D1D6B434CE69CE5622DE330DE5367.e.4418"},"setValue",["04/23/2025"]]}
RESULT: {"script":"<script> [6424 bytes]","args":[{"element-6066-11e4-a52e-4f735466cecf":"f.8E45E670A1384E074590F00FAD9F292A.d.B24D1D6B434CE69CE5622DE330DE5367.e.4418"},"setValue",["04/23/2025"]]}
COMMAND: POST /session/129c046a4c158aab34184c97257eb527/element - {"using":"xpath","value":"//input[@id=\"generalSectionFrg--receiveYard-inner\"]"}
RESULT: {"using":"xpath","value":"//input[@id=\"generalSectionFrg--receiveYard-inner\"]"}
COMMAND: POST /session/129c046a4c158aab34184c97257eb527/element/f.8E45E670A1384E074590F00FAD9F292A.d.B24D1D6B434CE69CE5622DE330DE5367.e.4424/clear - {}
RESULT: {}
COMMAND: POST /session/129c046a4c158aab34184c97257eb527/element/f.8E45E670A1384E074590F00FAD9F292A.d.B24D1D6B434CE69CE5622DE330DE5367.e.4424/value - {"text":"741"}
COMMAND: GET /session/129c046a4c158aab34184c97257eb527/screenshot - {}
RESULT: {"text":"741"}
COMMAND: GET /session/129c046a4c158aab34184c97257eb527/screenshot - {}
RESULT: {}
RESULT: {}
COMMAND: POST /session/129c046a4c158aab34184c97257eb527/element - {"using":"xpath","value":"//li[.//span[text()='741']]"}
RESULT: {"using":"xpath","value":"//li[.//span[text()='741']]"}
COMMAND: POST /session/129c046a4c158aab34184c97257eb527/element/f.8E45E670A1384E074590F00FAD9F292A.d.B24D1D6B434CE69CE5622DE330DE5367.e.4441/click - {}
RESULT: {}
COMMAND: GET /session/129c046a4c158aab34184c97257eb527/screenshot - {}
RESULT: {}
COMMAND: POST /session/129c046a4c158aab34184c97257eb527/execute/async - {"script":"<script> [1562 bytes]","args":[{"selector":{"id":"application-managehandovers-display-component---AddNewHO--ObjectPageLayout-anchBar-application-managehandovers-display-component---AddNewHO--section4-anchor","interaction":{"idSuffix":"BDI-content"}},"wdio_ui5_key":"applicationmanagehandovers-display-component---AddNewHO--ObjectPageLayout-anchBar-application-managehandovers-display-component---AddNewHO--section4-anchor"}]}
RESULT: {"script":"<script> [1562 bytes]","args":[{"selector":{"id":"application-managehandovers-display-component---AddNewHO--ObjectPageLayout-anchBar-application-managehandovers-display-component---AddNewHO--section4-anchor","interaction":{"idSuffix":"BDI-content"}},"wdio_ui5_key":"applicationmanagehandovers-display-component---AddNewHO--ObjectPageLayout-anchBar-application-managehandovers-display-component---AddNewHO--section4-anchor"}]}
RESULT: undefined
COMMAND: POST /session/129c046a4c158aab34184c97257eb527/element - {"using":"xpath","value":"//*[@id=\"application-managehandovers-display-component---AddNewHO--ObjectPageLayout-anchBar-application-managehandovers-display-component---AddNewHO--section4-anchor\"]"}
RESULT: {"using":"xpath","value":"//*[@id=\"application-managehandovers-display-component---AddNewHO--ObjectPageLayout-anchBar-application-managehandovers-display-component---AddNewHO--section4-anchor\"]"}
COMMAND: POST /session/129c046a4c158aab34184c97257eb527/element/f.8E45E670A1384E074590F00FAD9F292A.d.B24D1D6B434CE69CE5622DE330DE5367.e.4443/click - {}
RESULT: {}
COMMAND: POST /session/129c046a4c158aab34184c97257eb527/element - {"using":"xpath","value":"//button[@aria-label=\"Add\"]"}
COMMAND: GET /session/129c046a4c158aab34184c97257eb527/screenshot - {}
RESULT: {"using":"xpath","value":"//button[@aria-label=\"Add\"]"}
COMMAND: POST /session/129c046a4c158aab34184c97257eb527/element/f.8E45E670A1384E074590F00FAD9F292A.d.B24D1D6B434CE69CE5622DE330DE5367.e.4445/click - {}
RESULT: {}
RESULT: {}
COMMAND: GET /session/129c046a4c158aab34184c97257eb527/screenshot - {}
RESULT: {}
COMMAND: POST /session/129c046a4c158aab34184c97257eb527/execute/async - {"script":"<script> [1562 bytes]","args":[{"selector":{"id":"application-managehandovers-display-component---AddNewHO--smartFilterBar-btnBasicSearch","searchOpenDialogs":true,"interaction":{"idSuffix":"I"}},"wdio_ui5_key":"applicationmanagehandovers-display-component---AddNewHO--smartFilterBar-btnBasicSearch"}]}
RESULT: {"script":"<script> [1562 bytes]","args":[{"selector":{"id":"application-managehandovers-display-component---AddNewHO--smartFilterBar-btnBasicSearch","searchOpenDialogs":true,"interaction":{"idSuffix":"I"}},"wdio_ui5_key":"applicationmanagehandovers-display-component---AddNewHO--smartFilterBar-btnBasicSearch"}]}
RESULT: undefined
COMMAND: POST /session/129c046a4c158aab34184c97257eb527/execute/async - {"script":"<script> [776 bytes]","args":[{"enterText":"j74hxBzytk","selector":{"id":"application-managehandovers-display-component---AddNewHO--smartFilterBar-btnBasicSearch","searchOpenDialogs":true,"interaction":{"idSuffix":"I"}},"clearTextFirst":true,"interactionType":"ENTER_TEXT"}]}
RESULT: {"script":"<script> [776 bytes]","args":[{"enterText":"j74hxBzytk","selector":{"id":"application-managehandovers-display-component---AddNewHO--smartFilterBar-btnBasicSearch","searchOpenDialogs":true,"interaction":{"idSuffix":"I"}},"clearTextFirst":true,"interactionType":"ENTER_TEXT"}]}
COMMAND: POST /session/129c046a4c158aab34184c97257eb527/actions - {"actions":[{"id":"action16","type":"key","parameters":{},"actions":[{"type":"keyDown","value":""},{"type":"pause","duration":10},{"type":"keyUp","value":""}]}]}
RESULT: {"actions":[{"id":"action16","type":"key","parameters":{},"actions":[{"type":"keyDown","value":""},{"type":"pause","duration":10},{"type":"keyUp","value":""}]}]}
COMMAND: GET /session/129c046a4c158aab34184c97257eb527/screenshot - {}
RESULT: {}
COMMAND: POST /session/129c046a4c158aab34184c97257eb527/execute/async - {"script":"<script> [1562 bytes]","args":[{"selector":{"id":"application-managehandovers-display-component---AddNewHO--popup-sa","searchOpenDialogs":true,"interaction":{"idSuffix":"CbBg"}},"wdio_ui5_key":"applicationmanagehandovers-display-component---AddNewHO--popup-sa"}]}
RESULT: {"script":"<script> [1562 bytes]","args":[{"selector":{"id":"application-managehandovers-display-component---AddNewHO--popup-sa","searchOpenDialogs":true,"interaction":{"idSuffix":"CbBg"}},"wdio_ui5_key":"applicationmanagehandovers-display-component---AddNewHO--popup-sa"}]}
RESULT: undefined
COMMAND: POST /session/129c046a4c158aab34184c97257eb527/element - {"using":"xpath","value":"//*[@id=\"application-managehandovers-display-component---AddNewHO--popup-sa\"]"}
RESULT: {"using":"xpath","value":"//*[@id=\"application-managehandovers-display-component---AddNewHO--popup-sa\"]"}
COMMAND: POST /session/129c046a4c158aab34184c97257eb527/element/f.8E45E670A1384E074590F00FAD9F292A.d.B24D1D6B434CE69CE5622DE330DE5367.e.4599/click - {}
RESULT: {}
COMMAND: GET /session/129c046a4c158aab34184c97257eb527/screenshot - {}
RESULT: {}
COMMAND: POST /session/129c046a4c158aab34184c97257eb527/element - {"using":"xpath","value":"//bdi[contains(text(), \"Select\")]"}
RESULT: {"using":"xpath","value":"//bdi[contains(text(), \"Select\")]"}
COMMAND: POST /session/129c046a4c158aab34184c97257eb527/element/f.8E45E670A1384E074590F00FAD9F292A.d.B24D1D6B434CE69CE5622DE330DE5367.e.4600/click - {}
RESULT: {}
COMMAND: GET /session/129c046a4c158aab34184c97257eb527/screenshot - {}
RESULT: {}
COMMAND: POST /session/129c046a4c158aab34184c97257eb527/element - {"using":"xpath","value":"//button[@data-kt=\"AddNewHOSaveButton\"]"}
RESULT: {"using":"xpath","value":"//button[@data-kt=\"AddNewHOSaveButton\"]"}
COMMAND: POST /session/129c046a4c158aab34184c97257eb527/element/f.8E45E670A1384E074590F00FAD9F292A.d.B24D1D6B434CE69CE5622DE330DE5367.e.4604/click - {}
RESULT: {}
COMMAND: GET /session/129c046a4c158aab34184c97257eb527/screenshot - {}
RESULT: {}
COMMAND: POST /session/129c046a4c158aab34184c97257eb527/execute/async - {"script":"<script> [1562 bytes]","args":[{"selector":{"id":"receiptDatePicker","viewName":"etm.portal.ui.managehandovers.view.DetailExecuteHO","interaction":{"idSuffix":"inner"}},"wdio_ui5_key":"receiptDatePickeretmportal.ui.managehandovers.view.DetailExecuteHO"}]}
RESULT: {"script":"<script> [1562 bytes]","args":[{"selector":{"id":"receiptDatePicker","viewName":"etm.portal.ui.managehandovers.view.DetailExecuteHO","interaction":{"idSuffix":"inner"}},"wdio_ui5_key":"receiptDatePickeretmportal.ui.managehandovers.view.DetailExecuteHO"}]}
RESULT: undefined
COMMAND: POST /session/129c046a4c158aab34184c97257eb527/execute/async - {"script":"<script> [6424 bytes]","args":[{"element-6066-11e4-a52e-4f735466cecf":"f.8E45E670A1384E074590F00FAD9F292A.d.B24D1D6B434CE69CE5622DE330DE5367.e.4634"},"setValue",["04/23/2025"]]}
RESULT: {"script":"<script> [6424 bytes]","args":[{"element-6066-11e4-a52e-4f735466cecf":"f.8E45E670A1384E074590F00FAD9F292A.d.B24D1D6B434CE69CE5622DE330DE5367.e.4634"},"setValue",["04/23/2025"]]}
COMMAND: POST /session/129c046a4c158aab34184c97257eb527/element - {"using":"xpath","value":"//button[@data-kt=\"PickingTableConfirmAllButton\"]"}
RESULT: {"using":"xpath","value":"//button[@data-kt=\"PickingTableConfirmAllButton\"]"}
COMMAND: POST /session/129c046a4c158aab34184c97257eb527/element/f.8E45E670A1384E074590F00FAD9F292A.d.B24D1D6B434CE69CE5622DE330DE5367.e.4650/click - {}
RESULT: {}
COMMAND: GET /session/129c046a4c158aab34184c97257eb527/screenshot - {}
RESULT: {}
COMMAND: POST /session/129c046a4c158aab34184c97257eb527/element - {"using":"xpath","value":"//bdi[contains(text(), \"OK\")]"}
RESULT: {"using":"xpath","value":"//bdi[contains(text(), \"OK\")]"}
COMMAND: POST /session/129c046a4c158aab34184c97257eb527/element/f.8E45E670A1384E074590F00FAD9F292A.d.B24D1D6B434CE69CE5622DE330DE5367.e.4652/click - {}
RESULT: {}
COMMAND: GET /session/129c046a4c158aab34184c97257eb527/screenshot - {}
RESULT: {}
COMMAND: POST /session/129c046a4c158aab34184c97257eb527/element - {"using":"xpath","value":"(//bdi[contains(text(), \"Receive\")])[2]"}
RESULT: {"using":"xpath","value":"(//bdi[contains(text(), \"Receive\")])[2]"}
COMMAND: POST /session/129c046a4c158aab34184c97257eb527/element/f.8E45E670A1384E074590F00FAD9F292A.d.B24D1D6B434CE69CE5622DE330DE5367.e.4654/click - {}
RESULT: {}
COMMAND: GET /session/129c046a4c158aab34184c97257eb527/screenshot - {}
RESULT: {}
COMMAND: POST /session/129c046a4c158aab34184c97257eb527/element - {"using":"css selector","value":"#shell-header-logo"}
RESULT: {"using":"css selector","value":"#shell-header-logo"}
COMMAND: POST /session/129c046a4c158aab34184c97257eb527/element/f.8E45E670A1384E074590F00FAD9F292A.d.B24D1D6B434CE69CE5622DE330DE5367.e.4041/click - {}
RESULT: {}
COMMAND: GET /session/129c046a4c158aab34184c97257eb527/screenshot - {}
RESULT: {}
]]></system-out>
    </testcase>
    <testcase classname="chrome.135_0_7049_96.windows.Billing_Transfer_-_Master_data_&amp;_Intercompany_US127250" name="Should create a new contract" time="69.736">
      <system-out><![CDATA[
COMMAND: POST /session/129c046a4c158aab34184c97257eb527/execute/async - {"script":"<script> [1562 bytes]","args":[{"selector":{"controlType":"sap.m.Text","viewName":"etm.portal.ui.managecontractstile.view.Master","properties":{"text":"Manage Contracts"},"interaction":{"idSuffix":"inner"}},"wdio_ui5_key":"etmportal.ui.managecontractstile.view.Mastersap.m.Text{\"text\":\"Manage Contracts\"}"}]}
RESULT: {"script":"<script> [1562 bytes]","args":[{"selector":{"controlType":"sap.m.Text","viewName":"etm.portal.ui.managecontractstile.view.Master","properties":{"text":"Manage Contracts"},"interaction":{"idSuffix":"inner"}},"wdio_ui5_key":"etmportal.ui.managecontractstile.view.Mastersap.m.Text{\"text\":\"Manage Contracts\"}"}]}
RESULT: undefined
COMMAND: POST /session/129c046a4c158aab34184c97257eb527/element - {"using":"xpath","value":"//*[@id=\"__tile130-title\"]"}
RESULT: {"using":"xpath","value":"//*[@id=\"__tile130-title\"]"}
COMMAND: POST /session/129c046a4c158aab34184c97257eb527/element/f.8E45E670A1384E074590F00FAD9F292A.d.B24D1D6B434CE69CE5622DE330DE5367.e.4805/click - {}
RESULT: {}
COMMAND: GET /session/129c046a4c158aab34184c97257eb527/screenshot - {}
RESULT: {}
COMMAND: POST /session/129c046a4c158aab34184c97257eb527/element - {"using":"xpath","value":"//button[@data-kt=\"addButton\"]"}
RESULT: {"using":"xpath","value":"//button[@data-kt=\"addButton\"]"}
COMMAND: POST /session/129c046a4c158aab34184c97257eb527/elements - {"using":"xpath","value":"//button[@data-kt=\"addButton\"]"}
RESULT: {"using":"xpath","value":"//button[@data-kt=\"addButton\"]"}
RESULT: undefined
COMMAND: POST /session/129c046a4c158aab34184c97257eb527/elements - {"using":"xpath","value":"//button[@data-kt=\"addButton\"]"}
RESULT: {"using":"xpath","value":"//button[@data-kt=\"addButton\"]"}
COMMAND: POST /session/129c046a4c158aab34184c97257eb527/element - {"using":"xpath","value":"//button[@data-kt=\"addButton\"]"}
RESULT: {"using":"xpath","value":"//button[@data-kt=\"addButton\"]"}
COMMAND: POST /session/129c046a4c158aab34184c97257eb527/execute/sync - {"script":"<script> [8489 bytes]","args":[{"element-6066-11e4-a52e-4f735466cecf":"f.8E45E670A1384E074590F00FAD9F292A.d.B24D1D6B434CE69CE5622DE330DE5367.e.4847","ELEMENT":"f.8E45E670A1384E074590F00FAD9F292A.d.B24D1D6B434CE69CE5622DE330DE5367.e.4847"}]}
RESULT: {"script":"<script> [8489 bytes]","args":[{"element-6066-11e4-a52e-4f735466cecf":"f.8E45E670A1384E074590F00FAD9F292A.d.B24D1D6B434CE69CE5622DE330DE5367.e.4847","ELEMENT":"f.8E45E670A1384E074590F00FAD9F292A.d.B24D1D6B434CE69CE5622DE330DE5367.e.4847"}]}
COMMAND: GET /session/129c046a4c158aab34184c97257eb527/element/f.8E45E670A1384E074590F00FAD9F292A.d.B24D1D6B434CE69CE5622DE330DE5367.e.4847/enabled - {}
COMMAND: GET /session/129c046a4c158aab34184c97257eb527/screenshot - {}
RESULT: {}
COMMAND: POST /session/129c046a4c158aab34184c97257eb527/execute/sync - {"script":"<script> [8489 bytes]","args":[{"element-6066-11e4-a52e-4f735466cecf":"f.8E45E670A1384E074590F00FAD9F292A.d.B24D1D6B434CE69CE5622DE330DE5367.e.4847","ELEMENT":"f.8E45E670A1384E074590F00FAD9F292A.d.B24D1D6B434CE69CE5622DE330DE5367.e.4847"}]}
COMMAND: GET /session/129c046a4c158aab34184c97257eb527/screenshot - {}
RESULT: {}
RESULT: {"script":"<script> [8489 bytes]","args":[{"element-6066-11e4-a52e-4f735466cecf":"f.8E45E670A1384E074590F00FAD9F292A.d.B24D1D6B434CE69CE5622DE330DE5367.e.4847","ELEMENT":"f.8E45E670A1384E074590F00FAD9F292A.d.B24D1D6B434CE69CE5622DE330DE5367.e.4847"}]}
COMMAND: POST /session/129c046a4c158aab34184c97257eb527/execute/sync - {"script":"<script> [5351 bytes]","args":[{"element-6066-11e4-a52e-4f735466cecf":"f.8E45E670A1384E074590F00FAD9F292A.d.B24D1D6B434CE69CE5622DE330DE5367.e.4847","ELEMENT":"f.8E45E670A1384E074590F00FAD9F292A.d.B24D1D6B434CE69CE5622DE330DE5367.e.4847"}]}
COMMAND: GET /session/129c046a4c158aab34184c97257eb527/screenshot - {}
RESULT: {}
RESULT: {"script":"<script> [5351 bytes]","args":[{"element-6066-11e4-a52e-4f735466cecf":"f.8E45E670A1384E074590F00FAD9F292A.d.B24D1D6B434CE69CE5622DE330DE5367.e.4847","ELEMENT":"f.8E45E670A1384E074590F00FAD9F292A.d.B24D1D6B434CE69CE5622DE330DE5367.e.4847"}]}
COMMAND: GET /session/129c046a4c158aab34184c97257eb527/screenshot - {}
RESULT: {}
RESULT: {}
COMMAND: POST /session/129c046a4c158aab34184c97257eb527/element/f.8E45E670A1384E074590F00FAD9F292A.d.B24D1D6B434CE69CE5622DE330DE5367.e.4847/click - {}
RESULT: {}
COMMAND: GET /session/129c046a4c158aab34184c97257eb527/screenshot - {}
RESULT: {}
COMMAND: POST /session/129c046a4c158aab34184c97257eb527/execute/async - {"script":"<script> [1562 bytes]","args":[{"selector":{"id":"application-managecontracts-display-component---AddNewContract--projectDescription","interaction":{"idSuffix":"inner"}},"wdio_ui5_key":"applicationmanagecontracts-display-component---AddNewContract--projectDescription"}]}
RESULT: {"script":"<script> [1562 bytes]","args":[{"selector":{"id":"application-managecontracts-display-component---AddNewContract--projectDescription","interaction":{"idSuffix":"inner"}},"wdio_ui5_key":"applicationmanagecontracts-display-component---AddNewContract--projectDescription"}]}
RESULT: undefined
COMMAND: POST /session/129c046a4c158aab34184c97257eb527/execute/async - {"script":"<script> [776 bytes]","args":[{"enterText":"Intercompany Contract WDIO","selector":{"id":"application-managecontracts-display-component---AddNewContract--projectDescription","interaction":{"idSuffix":"inner"}},"clearTextFirst":true,"interactionType":"ENTER_TEXT"}]}
RESULT: {"script":"<script> [776 bytes]","args":[{"enterText":"Intercompany Contract WDIO","selector":{"id":"application-managecontracts-display-component---AddNewContract--projectDescription","interaction":{"idSuffix":"inner"}},"clearTextFirst":true,"interactionType":"ENTER_TEXT"}]}
COMMAND: POST /session/129c046a4c158aab34184c97257eb527/element - {"using":"xpath","value":"//input[@id=\"application-managecontracts-display-component---AddNewContract--site-inner\"]"}
RESULT: {"using":"xpath","value":"//input[@id=\"application-managecontracts-display-component---AddNewContract--site-inner\"]"}
COMMAND: POST /session/129c046a4c158aab34184c97257eb527/element/f.8E45E670A1384E074590F00FAD9F292A.d.B24D1D6B434CE69CE5622DE330DE5367.e.5339/clear - {}
RESULT: {}
COMMAND: POST /session/129c046a4c158aab34184c97257eb527/element/f.8E45E670A1384E074590F00FAD9F292A.d.B24D1D6B434CE69CE5622DE330DE5367.e.5339/value - {"text":"2551"}
COMMAND: GET /session/129c046a4c158aab34184c97257eb527/screenshot - {}
RESULT: {"text":"2551"}
COMMAND: GET /session/129c046a4c158aab34184c97257eb527/screenshot - {}
RESULT: {}
RESULT: {}
COMMAND: POST /session/129c046a4c158aab34184c97257eb527/element - {"using":"xpath","value":"//li[.//span[text()='2551']]"}
RESULT: {"using":"xpath","value":"//li[.//span[text()='2551']]"}
COMMAND: POST /session/129c046a4c158aab34184c97257eb527/element/f.8E45E670A1384E074590F00FAD9F292A.d.B24D1D6B434CE69CE5622DE330DE5367.e.5366/click - {}
RESULT: {}
COMMAND: GET /session/129c046a4c158aab34184c97257eb527/screenshot - {}
RESULT: {}
COMMAND: POST /session/129c046a4c158aab34184c97257eb527/element - {"using":"xpath","value":"//input[@id=\"application-managecontracts-display-component---AddNewContract--yardId-inner\"]"}
RESULT: {"using":"xpath","value":"//input[@id=\"application-managecontracts-display-component---AddNewContract--yardId-inner\"]"}
COMMAND: GET /session/129c046a4c158aab34184c97257eb527/element/f.8E45E670A1384E074590F00FAD9F292A.d.B24D1D6B434CE69CE5622DE330DE5367.e.5340/property/value - {}
RESULT: {}
COMMAND: POST /session/129c046a4c158aab34184c97257eb527/element - {"using":"xpath","value":"//input[@id=\"application-managecontracts-display-component---AddNewContract--customerSelect-inner\"]"}
COMMAND: GET /session/129c046a4c158aab34184c97257eb527/screenshot - {}
RESULT: {"using":"xpath","value":"//input[@id=\"application-managecontracts-display-component---AddNewContract--customerSelect-inner\"]"}
COMMAND: POST /session/129c046a4c158aab34184c97257eb527/element/f.8E45E670A1384E074590F00FAD9F292A.d.B24D1D6B434CE69CE5622DE330DE5367.e.5338/clear - {}
RESULT: {}
RESULT: {}
COMMAND: POST /session/129c046a4c158aab34184c97257eb527/element/f.8E45E670A1384E074590F00FAD9F292A.d.B24D1D6B434CE69CE5622DE330DE5367.e.5338/value - {"text":"1591"}
COMMAND: GET /session/129c046a4c158aab34184c97257eb527/screenshot - {}
RESULT: {"text":"1591"}
COMMAND: GET /session/129c046a4c158aab34184c97257eb527/screenshot - {}
RESULT: {}
RESULT: {}
COMMAND: POST /session/129c046a4c158aab34184c97257eb527/element - {"using":"xpath","value":"//li[.//span[text()='1591']]"}
RESULT: {"using":"xpath","value":"//li[.//span[text()='1591']]"}
COMMAND: POST /session/129c046a4c158aab34184c97257eb527/element/f.8E45E670A1384E074590F00FAD9F292A.d.B24D1D6B434CE69CE5622DE330DE5367.e.5369/click - {}
RESULT: {}
COMMAND: GET /session/129c046a4c158aab34184c97257eb527/screenshot - {}
RESULT: {}
COMMAND: POST /session/129c046a4c158aab34184c97257eb527/element - {"using":"xpath","value":"//button[@data-kt=\"saveButton\"]"}
RESULT: {"using":"xpath","value":"//button[@data-kt=\"saveButton\"]"}
COMMAND: POST /session/129c046a4c158aab34184c97257eb527/element/f.8E45E670A1384E074590F00FAD9F292A.d.B24D1D6B434CE69CE5622DE330DE5367.e.5357/click - {}
RESULT: {}
COMMAND: GET /session/129c046a4c158aab34184c97257eb527/screenshot - {}
RESULT: {}
COMMAND: POST /session/129c046a4c158aab34184c97257eb527/element - {"using":"xpath","value":"//span[contains(@id ,\"contractDetailTitleNoExpanded\")]"}
RESULT: {"using":"xpath","value":"//span[contains(@id ,\"contractDetailTitleNoExpanded\")]"}
COMMAND: POST /session/129c046a4c158aab34184c97257eb527/elements - {"using":"xpath","value":"//span[contains(@id ,\"contractDetailTitleNoExpanded\")]"}
RESULT: {"using":"xpath","value":"//span[contains(@id ,\"contractDetailTitleNoExpanded\")]"}
COMMAND: POST /session/129c046a4c158aab34184c97257eb527/execute/sync - {"script":"<script> [56 bytes]","args":[{"element-6066-11e4-a52e-4f735466cecf":"f.8E45E670A1384E074590F00FAD9F292A.d.B24D1D6B434CE69CE5622DE330DE5367.e.5442","ELEMENT":"f.8E45E670A1384E074590F00FAD9F292A.d.B24D1D6B434CE69CE5622DE330DE5367.e.5442"}]}
RESULT: {"script":"<script> [56 bytes]","args":[{"element-6066-11e4-a52e-4f735466cecf":"f.8E45E670A1384E074590F00FAD9F292A.d.B24D1D6B434CE69CE5622DE330DE5367.e.5442","ELEMENT":"f.8E45E670A1384E074590F00FAD9F292A.d.B24D1D6B434CE69CE5622DE330DE5367.e.5442"}]}
COMMAND: GET /session/129c046a4c158aab34184c97257eb527/screenshot - {}
RESULT: {}
]]></system-out>
    </testcase>
    <testcase classname="chrome.135_0_7049_96.windows.Billing_Transfer_-_Master_data_&amp;_Intercompany_US127250" name="Should add equipment to the contract" time="44.65">
      <system-out><![CDATA[
COMMAND: POST /session/129c046a4c158aab34184c97257eb527/element - {"using":"xpath","value":"//button[@data-kt=\"contractDetailEditBtnButton\"]"}
RESULT: {"using":"xpath","value":"//button[@data-kt=\"contractDetailEditBtnButton\"]"}
COMMAND: POST /session/129c046a4c158aab34184c97257eb527/element/f.8E45E670A1384E074590F00FAD9F292A.d.B24D1D6B434CE69CE5622DE330DE5367.e.5443/click - {}
RESULT: {}
COMMAND: GET /session/129c046a4c158aab34184c97257eb527/screenshot - {}
RESULT: {}
COMMAND: POST /session/129c046a4c158aab34184c97257eb527/element - {"using":"xpath","value":"(//span[contains(text(), \"Additional Addresses\")])[2]"}
RESULT: {"using":"xpath","value":"(//span[contains(text(), \"Additional Addresses\")])[2]"}
COMMAND: POST /session/129c046a4c158aab34184c97257eb527/element/f.8E45E670A1384E074590F00FAD9F292A.d.B24D1D6B434CE69CE5622DE330DE5367.e.5499/click - {}
RESULT: {}
COMMAND: GET /session/129c046a4c158aab34184c97257eb527/screenshot - {}
RESULT: {}
COMMAND: POST /session/129c046a4c158aab34184c97257eb527/element - {"using":"xpath","value":"//button[@data-kt=\"btnAddTableRowOverflowToolbarButton\"]"}
RESULT: {"using":"xpath","value":"//button[@data-kt=\"btnAddTableRowOverflowToolbarButton\"]"}
COMMAND: POST /session/129c046a4c158aab34184c97257eb527/element/f.8E45E670A1384E074590F00FAD9F292A.d.B24D1D6B434CE69CE5622DE330DE5367.e.5501/click - {}
RESULT: {}
COMMAND: GET /session/129c046a4c158aab34184c97257eb527/screenshot - {}
RESULT: {}
COMMAND: POST /session/129c046a4c158aab34184c97257eb527/element - {"using":"xpath","value":"//div[(text() = 'Standard Entry' or . = 'Standard Entry')]"}
RESULT: {"using":"xpath","value":"//div[(text() = 'Standard Entry' or . = 'Standard Entry')]"}
COMMAND: POST /session/129c046a4c158aab34184c97257eb527/element/f.8E45E670A1384E074590F00FAD9F292A.d.B24D1D6B434CE69CE5622DE330DE5367.e.5503/click - {}
RESULT: {}
COMMAND: GET /session/129c046a4c158aab34184c97257eb527/screenshot - {}
RESULT: {}
COMMAND: POST /session/129c046a4c158aab34184c97257eb527/element - {"using":"xpath","value":"//td[7]/div/div/input"}
RESULT: {"using":"xpath","value":"//td[7]/div/div/input"}
COMMAND: POST /session/129c046a4c158aab34184c97257eb527/element/f.8E45E670A1384E074590F00FAD9F292A.d.B24D1D6B434CE69CE5622DE330DE5367.e.5512/clear - {}
RESULT: {}
COMMAND: POST /session/129c046a4c158aab34184c97257eb527/element/f.8E45E670A1384E074590F00FAD9F292A.d.B24D1D6B434CE69CE5622DE330DE5367.e.5512/value - {"text":"j74hxBzytk"}
COMMAND: GET /session/129c046a4c158aab34184c97257eb527/screenshot - {}
RESULT: {"text":"j74hxBzytk"}
COMMAND: GET /session/129c046a4c158aab34184c97257eb527/screenshot - {}
RESULT: {}
RESULT: {}
COMMAND: POST /session/129c046a4c158aab34184c97257eb527/actions - {"actions":[{"id":"action17","type":"key","parameters":{},"actions":[{"type":"keyDown","value":""},{"type":"pause","duration":10},{"type":"keyUp","value":""}]}]}
RESULT: {"actions":[{"id":"action17","type":"key","parameters":{},"actions":[{"type":"keyDown","value":""},{"type":"pause","duration":10},{"type":"keyUp","value":""}]}]}
COMMAND: GET /session/129c046a4c158aab34184c97257eb527/screenshot - {}
RESULT: {}
COMMAND: POST /session/129c046a4c158aab34184c97257eb527/element - {"using":"xpath","value":"(//button[@data-kt=\"saveButton\"])[2]"}
RESULT: {"using":"xpath","value":"(//button[@data-kt=\"saveButton\"])[2]"}
COMMAND: POST /session/129c046a4c158aab34184c97257eb527/element/f.8E45E670A1384E074590F00FAD9F292A.d.B24D1D6B434CE69CE5622DE330DE5367.e.5527/click - {}
RESULT: {}
COMMAND: GET /session/129c046a4c158aab34184c97257eb527/screenshot - {}
RESULT: {}
COMMAND: POST /session/129c046a4c158aab34184c97257eb527/element - {"using":"xpath","value":"//span[contains(@id ,\"contractItemsSmartTable-header-inner\")]"}
RESULT: {"using":"xpath","value":"//span[contains(@id ,\"contractItemsSmartTable-header-inner\")]"}
COMMAND: POST /session/129c046a4c158aab34184c97257eb527/elements - {"using":"xpath","value":"//span[contains(@id ,\"contractItemsSmartTable-header-inner\")]"}
RESULT: {"using":"xpath","value":"//span[contains(@id ,\"contractItemsSmartTable-header-inner\")]"}
COMMAND: POST /session/129c046a4c158aab34184c97257eb527/execute/sync - {"script":"<script> [56 bytes]","args":[{"element-6066-11e4-a52e-4f735466cecf":"f.8E45E670A1384E074590F00FAD9F292A.d.B24D1D6B434CE69CE5622DE330DE5367.e.5533","ELEMENT":"f.8E45E670A1384E074590F00FAD9F292A.d.B24D1D6B434CE69CE5622DE330DE5367.e.5533"}]}
RESULT: {"script":"<script> [56 bytes]","args":[{"element-6066-11e4-a52e-4f735466cecf":"f.8E45E670A1384E074590F00FAD9F292A.d.B24D1D6B434CE69CE5622DE330DE5367.e.5533","ELEMENT":"f.8E45E670A1384E074590F00FAD9F292A.d.B24D1D6B434CE69CE5622DE330DE5367.e.5533"}]}
]]></system-out>
    </testcase>
    <testcase classname="chrome.135_0_7049_96.windows.Billing_Transfer_-_Master_data_&amp;_Intercompany_US127250" name="Should do a provide to site handover" time="57.983">
      <system-out><![CDATA[
COMMAND: POST /session/129c046a4c158aab34184c97257eb527/element - {"using":"xpath","value":"//button[@data-kt=\"provideButton\"]"}
COMMAND: GET /session/129c046a4c158aab34184c97257eb527/screenshot - {}
RESULT: {"using":"xpath","value":"//button[@data-kt=\"provideButton\"]"}
COMMAND: POST /session/129c046a4c158aab34184c97257eb527/element/f.8E45E670A1384E074590F00FAD9F292A.d.B24D1D6B434CE69CE5622DE330DE5367.e.5534/click - {}
RESULT: {}
RESULT: {}
COMMAND: GET /session/129c046a4c158aab34184c97257eb527/screenshot - {}
RESULT: undefined
COMMAND: POST /session/129c046a4c158aab34184c97257eb527/execute/async - {"script":"<script> [6424 bytes]","args":[{"element-6066-11e4-a52e-4f735466cecf":"f.8E45E670A1384E074590F00FAD9F292A.d.B24D1D6B434CE69CE5622DE330DE5367.e.4418"},"setValue",["04/23/2025"]]}
RESULT: {}
COMMAND: POST /session/129c046a4c158aab34184c97257eb527/execute/async - {"script":"<script> [1562 bytes]","args":[{"selector":{"id":"application-managehandovers-display-component---AddNewHO--dueDate","interaction":{"idSuffix":"inner"}},"wdio_ui5_key":"applicationmanagehandovers-display-component---AddNewHO--dueDate"}]}
RESULT: {"script":"<script> [1562 bytes]","args":[{"selector":{"id":"application-managehandovers-display-component---AddNewHO--dueDate","interaction":{"idSuffix":"inner"}},"wdio_ui5_key":"applicationmanagehandovers-display-component---AddNewHO--dueDate"}]}
COMMAND: POST /session/129c046a4c158aab34184c97257eb527/execute/async - {"script":"<script> [6424 bytes]","args":[{"element-6066-11e4-a52e-4f735466cecf":"f.8E45E670A1384E074590F00FAD9F292A.d.B24D1D6B434CE69CE5622DE330DE5367.e.5607"},"setValue",["04/23/2025"]]}
RESULT: {"script":"<script> [6424 bytes]","args":[{"element-6066-11e4-a52e-4f735466cecf":"f.8E45E670A1384E074590F00FAD9F292A.d.B24D1D6B434CE69CE5622DE330DE5367.e.5607"},"setValue",["04/23/2025"]]}
COMMAND: POST /session/129c046a4c158aab34184c97257eb527/element - {"using":"xpath","value":"//bdi[contains(text(), \"Instructions\")]"}
RESULT: {"using":"xpath","value":"//bdi[contains(text(), \"Instructions\")]"}
COMMAND: POST /session/129c046a4c158aab34184c97257eb527/element/f.8E45E670A1384E074590F00FAD9F292A.d.B24D1D6B434CE69CE5622DE330DE5367.e.5693/click - {}
RESULT: {}
COMMAND: GET /session/129c046a4c158aab34184c97257eb527/screenshot - {}
RESULT: {}
COMMAND: POST /session/129c046a4c158aab34184c97257eb527/element - {"using":"xpath","value":"//button[@data-kt=\"AddNewHOProvideAddItemsButton\"]"}
RESULT: {"using":"xpath","value":"//button[@data-kt=\"AddNewHOProvideAddItemsButton\"]"}
COMMAND: POST /session/129c046a4c158aab34184c97257eb527/element/f.8E45E670A1384E074590F00FAD9F292A.d.B24D1D6B434CE69CE5622DE330DE5367.e.5699/click - {}
RESULT: {}
COMMAND: GET /session/129c046a4c158aab34184c97257eb527/screenshot - {}
RESULT: {}
RESULT: undefined
COMMAND: POST /session/129c046a4c158aab34184c97257eb527/element - {"using":"xpath","value":"//*[@id=\"application-managehandovers-display-component---AddNewHO--popup-sa\"]"}
RESULT: {"using":"xpath","value":"//*[@id=\"application-managehandovers-display-component---AddNewHO--popup-sa\"]"}
COMMAND: POST /session/129c046a4c158aab34184c97257eb527/element/f.8E45E670A1384E074590F00FAD9F292A.d.B24D1D6B434CE69CE5622DE330DE5367.e.5715/click - {}
RESULT: {}
COMMAND: GET /session/129c046a4c158aab34184c97257eb527/screenshot - {}
RESULT: {}
COMMAND: POST /session/129c046a4c158aab34184c97257eb527/element - {"using":"xpath","value":"//*[contains(@id ,\"BDI-content\")][contains(text(), \"Select\")]"}
RESULT: {"using":"xpath","value":"//*[contains(@id ,\"BDI-content\")][contains(text(), \"Select\")]"}
COMMAND: POST /session/129c046a4c158aab34184c97257eb527/element/f.8E45E670A1384E074590F00FAD9F292A.d.B24D1D6B434CE69CE5622DE330DE5367.e.5717/click - {}
RESULT: {}
COMMAND: GET /session/129c046a4c158aab34184c97257eb527/screenshot - {}
RESULT: {}
COMMAND: POST /session/129c046a4c158aab34184c97257eb527/execute/async - {"script":"<script> [1562 bytes]","args":[{"selector":{"id":"application-managehandovers-display-component---AddNewHO--confirmCreationButton","interaction":{"idSuffix":"BDI-content"}},"wdio_ui5_key":"applicationmanagehandovers-display-component---AddNewHO--confirmCreationButton"}]}
RESULT: {"script":"<script> [1562 bytes]","args":[{"selector":{"id":"application-managehandovers-display-component---AddNewHO--confirmCreationButton","interaction":{"idSuffix":"BDI-content"}},"wdio_ui5_key":"applicationmanagehandovers-display-component---AddNewHO--confirmCreationButton"}]}
RESULT: undefined
COMMAND: POST /session/129c046a4c158aab34184c97257eb527/element - {"using":"xpath","value":"//*[@id=\"application-managehandovers-display-component---AddNewHO--confirmCreationButton\"]"}
RESULT: {"using":"xpath","value":"//*[@id=\"application-managehandovers-display-component---AddNewHO--confirmCreationButton\"]"}
COMMAND: POST /session/129c046a4c158aab34184c97257eb527/element/f.8E45E670A1384E074590F00FAD9F292A.d.B24D1D6B434CE69CE5622DE330DE5367.e.5653/click - {}
RESULT: {}
COMMAND: GET /session/129c046a4c158aab34184c97257eb527/screenshot - {}
RESULT: {}
COMMAND: POST /session/129c046a4c158aab34184c97257eb527/element - {"using":"xpath","value":"//button[@data-kt=\"PickingTableConfirmAllButton\"]"}
RESULT: {"using":"xpath","value":"//button[@data-kt=\"PickingTableConfirmAllButton\"]"}
COMMAND: POST /session/129c046a4c158aab34184c97257eb527/element/f.8E45E670A1384E074590F00FAD9F292A.d.B24D1D6B434CE69CE5622DE330DE5367.e.5766/click - {}
COMMAND: POST /session/129c046a4c158aab34184c97257eb527/element - {"using":"xpath","value":"//button[@data-kt=\"PickingTableConfirmAllButton\"]"}
RESULT: {"using":"xpath","value":"//button[@data-kt=\"PickingTableConfirmAllButton\"]"}
COMMAND: POST /session/129c046a4c158aab34184c97257eb527/element/f.8E45E670A1384E074590F00FAD9F292A.d.B24D1D6B434CE69CE5622DE330DE5367.e.5766/click - {}
COMMAND: POST /session/129c046a4c158aab34184c97257eb527/element - {"using":"xpath","value":"//button[@data-kt=\"PickingTableConfirmAllButton\"]"}
RESULT: {"using":"xpath","value":"//button[@data-kt=\"PickingTableConfirmAllButton\"]"}
COMMAND: POST /session/129c046a4c158aab34184c97257eb527/element/f.8E45E670A1384E074590F00FAD9F292A.d.B24D1D6B434CE69CE5622DE330DE5367.e.5768/click - {}
RESULT: {}
COMMAND: GET /session/129c046a4c158aab34184c97257eb527/screenshot - {}
RESULT: {}
COMMAND: POST /session/129c046a4c158aab34184c97257eb527/element - {"using":"xpath","value":"//bdi[contains(text(), \"OK\")]"}
RESULT: {"using":"xpath","value":"//bdi[contains(text(), \"OK\")]"}
COMMAND: POST /session/129c046a4c158aab34184c97257eb527/element/f.8E45E670A1384E074590F00FAD9F292A.d.B24D1D6B434CE69CE5622DE330DE5367.e.5779/click - {}
RESULT: {}
COMMAND: GET /session/129c046a4c158aab34184c97257eb527/screenshot - {}
RESULT: {}
COMMAND: POST /session/129c046a4c158aab34184c97257eb527/element - {"using":"xpath","value":"//bdi[contains(text(), \"Issue\")]"}
RESULT: {"using":"xpath","value":"//bdi[contains(text(), \"Issue\")]"}
COMMAND: POST /session/129c046a4c158aab34184c97257eb527/element/f.8E45E670A1384E074590F00FAD9F292A.d.B24D1D6B434CE69CE5622DE330DE5367.e.5781/click - {}
RESULT: {}
COMMAND: GET /session/129c046a4c158aab34184c97257eb527/screenshot - {}
RESULT: {}
COMMAND: POST /session/129c046a4c158aab34184c97257eb527/element - {"using":"css selector","value":"#shell-header-logo"}
RESULT: {"using":"css selector","value":"#shell-header-logo"}
COMMAND: POST /session/129c046a4c158aab34184c97257eb527/element/f.8E45E670A1384E074590F00FAD9F292A.d.B24D1D6B434CE69CE5622DE330DE5367.e.4808/click - {}
RESULT: {}
COMMAND: GET /session/129c046a4c158aab34184c97257eb527/screenshot - {}
RESULT: {}
]]></system-out>
    </testcase>
    <testcase classname="chrome.135_0_7049_96.windows.Billing_Transfer_-_Master_data_&amp;_Intercompany_US127250" name="Should go navigate to Manage Billings and trigger contract calculation check result" time="74.485">
      <system-out><![CDATA[
COMMAND: POST /session/129c046a4c158aab34184c97257eb527/execute/async - {"script":"<script> [1562 bytes]","args":[{"selector":{"controlType":"sap.m.GenericTile","properties":{"header":"Manage Billings"}},"wdio_ui5_key":"sapm.GenericTile{\"header\":\"Manage Billings\"}"}]}
RESULT: {"script":"<script> [1562 bytes]","args":[{"selector":{"controlType":"sap.m.GenericTile","properties":{"header":"Manage Billings"}},"wdio_ui5_key":"sapm.GenericTile{\"header\":\"Manage Billings\"}"}]}
RESULT: undefined
COMMAND: POST /session/129c046a4c158aab34184c97257eb527/element - {"using":"xpath","value":"//*[@id=\"__tile51\"]"}
RESULT: {"using":"xpath","value":"//*[@id=\"__tile51\"]"}
COMMAND: POST /session/129c046a4c158aab34184c97257eb527/element/f.8E45E670A1384E074590F00FAD9F292A.d.B24D1D6B434CE69CE5622DE330DE5367.e.206/click - {}
RESULT: {}
COMMAND: GET /session/129c046a4c158aab34184c97257eb527/screenshot - {}
RESULT: {}
COMMAND: POST /session/129c046a4c158aab34184c97257eb527/execute/async - {"script":"<script> [1562 bytes]","args":[{"selector":{"id":"application-managebillings-display-component---billRunCalcResult--smartFilterBar-btnBasicSearch","interaction":{"idSuffix":"I"}},"wdio_ui5_key":"applicationmanagebillings-display-component---billRunCalcResult--smartFilterBar-btnBasicSearch"}]}
RESULT: {"script":"<script> [1562 bytes]","args":[{"selector":{"id":"application-managebillings-display-component---billRunCalcResult--smartFilterBar-btnBasicSearch","interaction":{"idSuffix":"I"}},"wdio_ui5_key":"applicationmanagebillings-display-component---billRunCalcResult--smartFilterBar-btnBasicSearch"}]}
RESULT: undefined
COMMAND: POST /session/129c046a4c158aab34184c97257eb527/execute/async - {"script":"<script> [776 bytes]","args":[{"enterText":"10621","selector":{"id":"application-managebillings-display-component---billRunCalcResult--smartFilterBar-btnBasicSearch","interaction":{"idSuffix":"I"}},"clearTextFirst":true,"interactionType":"ENTER_TEXT"}]}
RESULT: {"script":"<script> [776 bytes]","args":[{"enterText":"10621","selector":{"id":"application-managebillings-display-component---billRunCalcResult--smartFilterBar-btnBasicSearch","interaction":{"idSuffix":"I"}},"clearTextFirst":true,"interactionType":"ENTER_TEXT"}]}
COMMAND: POST /session/129c046a4c158aab34184c97257eb527/actions - {"actions":[{"id":"action18","type":"key","parameters":{},"actions":[{"type":"keyDown","value":""},{"type":"pause","duration":10},{"type":"keyUp","value":""}]}]}
RESULT: {"actions":[{"id":"action18","type":"key","parameters":{},"actions":[{"type":"keyDown","value":""},{"type":"pause","duration":10},{"type":"keyUp","value":""}]}]}
COMMAND: GET /session/129c046a4c158aab34184c97257eb527/screenshot - {}
RESULT: {}
COMMAND: POST /session/129c046a4c158aab34184c97257eb527/element - {"using":"xpath","value":"//td[@aria-colindex=\"1\"]/div/div[contains(@class, \"sapMCbBg\")]"}
RESULT: {"using":"xpath","value":"//td[@aria-colindex=\"1\"]/div/div[contains(@class, \"sapMCbBg\")]"}
COMMAND: POST /session/129c046a4c158aab34184c97257eb527/element/f.8E45E670A1384E074590F00FAD9F292A.d.B24D1D6B434CE69CE5622DE330DE5367.e.6177/click - {}
RESULT: {}
COMMAND: GET /session/129c046a4c158aab34184c97257eb527/screenshot - {}
RESULT: {}
COMMAND: POST /session/129c046a4c158aab34184c97257eb527/execute/async - {"script":"<script> [1562 bytes]","args":[{"selector":{"id":"application-managebillings-display-component---billRunCalcResult--contractBillRunDate","interaction":{"idSuffix":"inner"}},"wdio_ui5_key":"applicationmanagebillings-display-component---billRunCalcResult--contractBillRunDate"}]}
RESULT: {"script":"<script> [1562 bytes]","args":[{"selector":{"id":"application-managebillings-display-component---billRunCalcResult--contractBillRunDate","interaction":{"idSuffix":"inner"}},"wdio_ui5_key":"applicationmanagebillings-display-component---billRunCalcResult--contractBillRunDate"}]}
RESULT: undefined
COMMAND: POST /session/129c046a4c158aab34184c97257eb527/execute/async - {"script":"<script> [776 bytes]","args":[{"enterText":"05/23/25","selector":{"id":"application-managebillings-display-component---billRunCalcResult--contractBillRunDate","interaction":{"idSuffix":"inner"}},"clearTextFirst":true,"interactionType":"ENTER_TEXT"}]}
RESULT: {"script":"<script> [776 bytes]","args":[{"enterText":"05/23/25","selector":{"id":"application-managebillings-display-component---billRunCalcResult--contractBillRunDate","interaction":{"idSuffix":"inner"}},"clearTextFirst":true,"interactionType":"ENTER_TEXT"}]}
COMMAND: POST /session/129c046a4c158aab34184c97257eb527/element - {"using":"xpath","value":"//bdi[contains(text(), \"Trigger Calculation\")]"}
RESULT: {"using":"xpath","value":"//bdi[contains(text(), \"Trigger Calculation\")]"}
COMMAND: POST /session/129c046a4c158aab34184c97257eb527/element/f.8E45E670A1384E074590F00FAD9F292A.d.B24D1D6B434CE69CE5622DE330DE5367.e.6315/click - {}
RESULT: {}
COMMAND: GET /session/129c046a4c158aab34184c97257eb527/screenshot - {}
RESULT: {}
COMMAND: POST /session/129c046a4c158aab34184c97257eb527/element - {"using":"xpath","value":"(//span[contains(@id, \"imgNav\")])[1]"}
RESULT: {"using":"xpath","value":"(//span[contains(@id, \"imgNav\")])[1]"}
COMMAND: POST /session/129c046a4c158aab34184c97257eb527/element/f.8E45E670A1384E074590F00FAD9F292A.d.B24D1D6B434CE69CE5622DE330DE5367.e.6204/click - {}
RESULT: {}
COMMAND: GET /session/129c046a4c158aab34184c97257eb527/screenshot - {}
RESULT: {}
COMMAND: POST /session/129c046a4c158aab34184c97257eb527/element - {"using":"xpath","value":"//tr/td[6]/div[1]/span[1]/span[1]"}
RESULT: {"using":"xpath","value":"//tr/td[6]/div[1]/span[1]/span[1]"}
COMMAND: GET /session/129c046a4c158aab34184c97257eb527/element/f.8E45E670A1384E074590F00FAD9F292A.d.B24D1D6B434CE69CE5622DE330DE5367.e.6321/text - {}
RESULT: {}
COMMAND: POST /session/129c046a4c158aab34184c97257eb527/element - {"using":"xpath","value":"(//span[contains(@id, \"imgNav\")])[2]"}
RESULT: {"using":"xpath","value":"(//span[contains(@id, \"imgNav\")])[2]"}
COMMAND: POST /session/129c046a4c158aab34184c97257eb527/element/f.8E45E670A1384E074590F00FAD9F292A.d.B24D1D6B434CE69CE5622DE330DE5367.e.6322/click - {}
RESULT: {}
COMMAND: POST /session/129c046a4c158aab34184c97257eb527/element - {"using":"xpath","value":"//bdi[contains(text(), \"Business Confirm\")]"}
COMMAND: GET /session/129c046a4c158aab34184c97257eb527/screenshot - {}
RESULT: {"using":"xpath","value":"//bdi[contains(text(), \"Business Confirm\")]"}
COMMAND: POST /session/129c046a4c158aab34184c97257eb527/elements - {"using":"xpath","value":"//bdi[contains(text(), \"Business Confirm\")]"}
RESULT: {}
RESULT: {"using":"xpath","value":"//bdi[contains(text(), \"Business Confirm\")]"}
COMMAND: POST /session/129c046a4c158aab34184c97257eb527/elements - {"using":"xpath","value":"//bdi[contains(text(), \"Business Confirm\")]"}
RESULT: {"using":"xpath","value":"//bdi[contains(text(), \"Business Confirm\")]"}
COMMAND: POST /session/129c046a4c158aab34184c97257eb527/element - {"using":"xpath","value":"//bdi[contains(text(), \"Business Confirm\")]"}
RESULT: {"using":"xpath","value":"//bdi[contains(text(), \"Business Confirm\")]"}
COMMAND: POST /session/129c046a4c158aab34184c97257eb527/element/f.8E45E670A1384E074590F00FAD9F292A.d.B24D1D6B434CE69CE5622DE330DE5367.e.6325/click - {}
COMMAND: POST /session/129c046a4c158aab34184c97257eb527/element - {"using":"xpath","value":"//bdi[contains(text(), \"Business Confirm\")]"}
RESULT: {"using":"xpath","value":"//bdi[contains(text(), \"Business Confirm\")]"}
COMMAND: POST /session/129c046a4c158aab34184c97257eb527/element/f.8E45E670A1384E074590F00FAD9F292A.d.B24D1D6B434CE69CE5622DE330DE5367.e.6325/click - {}
COMMAND: POST /session/129c046a4c158aab34184c97257eb527/element - {"using":"xpath","value":"//bdi[contains(text(), \"Business Confirm\")]"}
RESULT: {"using":"xpath","value":"//bdi[contains(text(), \"Business Confirm\")]"}
COMMAND: POST /session/129c046a4c158aab34184c97257eb527/element/f.8E45E670A1384E074590F00FAD9F292A.d.B24D1D6B434CE69CE5622DE330DE5367.e.6379/click - {}
RESULT: {}
COMMAND: POST /session/129c046a4c158aab34184c97257eb527/element - {"using":"css selector","value":"#shell-header-logo"}
COMMAND: GET /session/129c046a4c158aab34184c97257eb527/screenshot - {}
RESULT: {"using":"css selector","value":"#shell-header-logo"}
COMMAND: POST /session/129c046a4c158aab34184c97257eb527/element/f.8E45E670A1384E074590F00FAD9F292A.d.B24D1D6B434CE69CE5622DE330DE5367.e.5960/click - {}
RESULT: {}
RESULT: {}
COMMAND: GET /session/129c046a4c158aab34184c97257eb527/screenshot - {}
RESULT: {}
]]></system-out>
    </testcase>
    <testcase classname="chrome.135_0_7049_96.windows.Billing_Transfer_-_Master_data_&amp;_Intercompany_US127250" name="Should do Billing Transfer all the way into invoice open for intercompany case" time="78.38">
      <system-out><![CDATA[
COMMAND: POST /session/129c046a4c158aab34184c97257eb527/execute/async - {"script":"<script> [1562 bytes]","args":[{"selector":{"controlType":"sap.m.GenericTile","properties":{"header":"Billing Transfer"}},"wdio_ui5_key":"sapm.GenericTile{\"header\":\"Billing Transfer\"}"}]}
RESULT: {"script":"<script> [1562 bytes]","args":[{"selector":{"controlType":"sap.m.GenericTile","properties":{"header":"Billing Transfer"}},"wdio_ui5_key":"sapm.GenericTile{\"header\":\"Billing Transfer\"}"}]}
RESULT: undefined
COMMAND: POST /session/129c046a4c158aab34184c97257eb527/element - {"using":"xpath","value":"//*[@id=\"__tile50\"]"}
RESULT: {"using":"xpath","value":"//*[@id=\"__tile50\"]"}
COMMAND: POST /session/129c046a4c158aab34184c97257eb527/element/f.8E45E670A1384E074590F00FAD9F292A.d.B24D1D6B434CE69CE5622DE330DE5367.e.204/click - {}
RESULT: {}
COMMAND: POST /session/129c046a4c158aab34184c97257eb527/element - {"using":"xpath","value":"//input[contains(@id ,\"application-billingtransfer-display-component---billingWorkbench--smartFilterBar-btnBasicSearch\")]"}
COMMAND: GET /session/129c046a4c158aab34184c97257eb527/screenshot - {}
RESULT: {"using":"xpath","value":"//input[contains(@id ,\"application-billingtransfer-display-component---billingWorkbench--smartFilterBar-btnBasicSearch\")]"}
COMMAND: POST /session/129c046a4c158aab34184c97257eb527/elements - {"using":"xpath","value":"//input[contains(@id ,\"application-billingtransfer-display-component---billingWorkbench--smartFilterBar-btnBasicSearch\")]"}
RESULT: {}
RESULT: {"using":"xpath","value":"//input[contains(@id ,\"application-billingtransfer-display-component---billingWorkbench--smartFilterBar-btnBasicSearch\")]"}
COMMAND: POST /session/129c046a4c158aab34184c97257eb527/elements - {"using":"xpath","value":"//input[contains(@id ,\"application-billingtransfer-display-component---billingWorkbench--smartFilterBar-btnBasicSearch\")]"}
RESULT: {"using":"xpath","value":"//input[contains(@id ,\"application-billingtransfer-display-component---billingWorkbench--smartFilterBar-btnBasicSearch\")]"}
COMMAND: POST /session/129c046a4c158aab34184c97257eb527/elements - {"using":"xpath","value":"//input[contains(@id ,\"application-billingtransfer-display-component---billingWorkbench--smartFilterBar-btnBasicSearch\")]"}
RESULT: {"using":"xpath","value":"//input[contains(@id ,\"application-billingtransfer-display-component---billingWorkbench--smartFilterBar-btnBasicSearch\")]"}
COMMAND: POST /session/129c046a4c158aab34184c97257eb527/elements - {"using":"xpath","value":"//input[contains(@id ,\"application-billingtransfer-display-component---billingWorkbench--smartFilterBar-btnBasicSearch\")]"}
RESULT: {"using":"xpath","value":"//input[contains(@id ,\"application-billingtransfer-display-component---billingWorkbench--smartFilterBar-btnBasicSearch\")]"}
COMMAND: POST /session/129c046a4c158aab34184c97257eb527/element - {"using":"xpath","value":"//input[contains(@id ,\"application-billingtransfer-display-component---billingWorkbench--smartFilterBar-btnBasicSearch\")]"}
RESULT: {"using":"xpath","value":"//input[contains(@id ,\"application-billingtransfer-display-component---billingWorkbench--smartFilterBar-btnBasicSearch\")]"}
COMMAND: POST /session/129c046a4c158aab34184c97257eb527/execute/sync - {"script":"<script> [8489 bytes]","args":[{"element-6066-11e4-a52e-4f735466cecf":"f.8E45E670A1384E074590F00FAD9F292A.d.B24D1D6B434CE69CE5622DE330DE5367.e.6406","ELEMENT":"f.8E45E670A1384E074590F00FAD9F292A.d.B24D1D6B434CE69CE5622DE330DE5367.e.6406"}]}
RESULT: {"script":"<script> [8489 bytes]","args":[{"element-6066-11e4-a52e-4f735466cecf":"f.8E45E670A1384E074590F00FAD9F292A.d.B24D1D6B434CE69CE5622DE330DE5367.e.6406","ELEMENT":"f.8E45E670A1384E074590F00FAD9F292A.d.B24D1D6B434CE69CE5622DE330DE5367.e.6406"}]}
COMMAND: GET /session/129c046a4c158aab34184c97257eb527/element/f.8E45E670A1384E074590F00FAD9F292A.d.B24D1D6B434CE69CE5622DE330DE5367.e.6406/enabled - {}
COMMAND: GET /session/129c046a4c158aab34184c97257eb527/screenshot - {}
RESULT: {}
COMMAND: POST /session/129c046a4c158aab34184c97257eb527/element/f.8E45E670A1384E074590F00FAD9F292A.d.B24D1D6B434CE69CE5622DE330DE5367.e.6406/click - {}
COMMAND: GET /session/129c046a4c158aab34184c97257eb527/screenshot - {}
RESULT: {}
RESULT: {}
RESULT: {}
COMMAND: GET /session/129c046a4c158aab34184c97257eb527/screenshot - {}
RESULT: {}
COMMAND: POST /session/129c046a4c158aab34184c97257eb527/element/f.8E45E670A1384E074590F00FAD9F292A.d.B24D1D6B434CE69CE5622DE330DE5367.e.6406/clear - {}
RESULT: {}
COMMAND: POST /session/129c046a4c158aab34184c97257eb527/element/f.8E45E670A1384E074590F00FAD9F292A.d.B24D1D6B434CE69CE5622DE330DE5367.e.6406/value - {"text":"10621"}
COMMAND: GET /session/129c046a4c158aab34184c97257eb527/screenshot - {}
RESULT: {"text":"10621"}
COMMAND: POST /session/129c046a4c158aab34184c97257eb527/actions - {"actions":[{"id":"action19","type":"key","parameters":{},"actions":[{"type":"keyDown","value":""},{"type":"pause","duration":10},{"type":"keyUp","value":""}]}]}
COMMAND: GET /session/129c046a4c158aab34184c97257eb527/screenshot - {}
RESULT: {}
RESULT: {"actions":[{"id":"action19","type":"key","parameters":{},"actions":[{"type":"keyDown","value":""},{"type":"pause","duration":10},{"type":"keyUp","value":""}]}]}
COMMAND: GET /session/129c046a4c158aab34184c97257eb527/screenshot - {}
RESULT: {}
RESULT: {}
COMMAND: POST /session/129c046a4c158aab34184c97257eb527/element - {"using":"xpath","value":"//span[contains(@id ,\"application-billingtransfer-display-component---billingWorkbench--smartTableBillingRuns-header-inner\")]"}
RESULT: {"using":"xpath","value":"//span[contains(@id ,\"application-billingtransfer-display-component---billingWorkbench--smartTableBillingRuns-header-inner\")]"}
COMMAND: POST /session/129c046a4c158aab34184c97257eb527/elements - {"using":"xpath","value":"//span[contains(@id ,\"application-billingtransfer-display-component---billingWorkbench--smartTableBillingRuns-header-inner\")]"}
RESULT: {"using":"xpath","value":"//span[contains(@id ,\"application-billingtransfer-display-component---billingWorkbench--smartTableBillingRuns-header-inner\")]"}
COMMAND: POST /session/129c046a4c158aab34184c97257eb527/execute/sync - {"script":"<script> [56 bytes]","args":[{"element-6066-11e4-a52e-4f735466cecf":"f.8E45E670A1384E074590F00FAD9F292A.d.B24D1D6B434CE69CE5622DE330DE5367.e.6554","ELEMENT":"f.8E45E670A1384E074590F00FAD9F292A.d.B24D1D6B434CE69CE5622DE330DE5367.e.6554"}]}
RESULT: {"script":"<script> [56 bytes]","args":[{"element-6066-11e4-a52e-4f735466cecf":"f.8E45E670A1384E074590F00FAD9F292A.d.B24D1D6B434CE69CE5622DE330DE5367.e.6554","ELEMENT":"f.8E45E670A1384E074590F00FAD9F292A.d.B24D1D6B434CE69CE5622DE330DE5367.e.6554"}]}
COMMAND: POST /session/129c046a4c158aab34184c97257eb527/element - {"using":"xpath","value":"//td[@aria-colindex=\"1\"]/div/div[contains(@class, \"sapMCbBg\")]"}
COMMAND: GET /session/129c046a4c158aab34184c97257eb527/screenshot - {}
RESULT: {"using":"xpath","value":"//td[@aria-colindex=\"1\"]/div/div[contains(@class, \"sapMCbBg\")]"}
COMMAND: POST /session/129c046a4c158aab34184c97257eb527/element/f.8E45E670A1384E074590F00FAD9F292A.d.B24D1D6B434CE69CE5622DE330DE5367.e.6548/click - {}
RESULT: {}
RESULT: {}
COMMAND: GET /session/129c046a4c158aab34184c97257eb527/screenshot - {}
RESULT: {}
COMMAND: POST /session/129c046a4c158aab34184c97257eb527/element - {"using":"xpath","value":"//bdi[contains(text(), \"Check\")]"}
RESULT: {"using":"xpath","value":"//bdi[contains(text(), \"Check\")]"}
COMMAND: POST /session/129c046a4c158aab34184c97257eb527/element/f.8E45E670A1384E074590F00FAD9F292A.d.B24D1D6B434CE69CE5622DE330DE5367.e.6555/click - {}
RESULT: {}
COMMAND: GET /session/129c046a4c158aab34184c97257eb527/screenshot - {}
RESULT: {}
COMMAND: POST /session/129c046a4c158aab34184c97257eb527/element - {"using":"xpath","value":"//bdi[contains(text(), \"OK\")]"}
RESULT: {"using":"xpath","value":"//bdi[contains(text(), \"OK\")]"}
COMMAND: POST /session/129c046a4c158aab34184c97257eb527/element/f.8E45E670A1384E074590F00FAD9F292A.d.B24D1D6B434CE69CE5622DE330DE5367.e.6558/click - {}
RESULT: {}
COMMAND: GET /session/129c046a4c158aab34184c97257eb527/screenshot - {}
RESULT: {}
COMMAND: POST /session/129c046a4c158aab34184c97257eb527/element - {"using":"xpath","value":"(//span[contains(text(), \"CO/SD checked\")]/parent::div/preceding-sibling::div/span)[1]"}
RESULT: {"using":"xpath","value":"(//span[contains(text(), \"CO/SD checked\")]/parent::div/preceding-sibling::div/span)[1]"}
COMMAND: POST /session/129c046a4c158aab34184c97257eb527/element/f.8E45E670A1384E074590F00FAD9F292A.d.B24D1D6B434CE69CE5622DE330DE5367.e.6560/click - {}
RESULT: {}
COMMAND: GET /session/129c046a4c158aab34184c97257eb527/screenshot - {}
RESULT: {}
COMMAND: POST /session/129c046a4c158aab34184c97257eb527/element - {"using":"xpath","value":"//input[contains(@id ,\"application-billingtransfer-display-component---billingWorkbench--smartFilterBar-btnBasicSearch\")]"}
RESULT: {"using":"xpath","value":"//input[contains(@id ,\"application-billingtransfer-display-component---billingWorkbench--smartFilterBar-btnBasicSearch\")]"}
COMMAND: POST /session/129c046a4c158aab34184c97257eb527/elements - {"using":"xpath","value":"//input[contains(@id ,\"application-billingtransfer-display-component---billingWorkbench--smartFilterBar-btnBasicSearch\")]"}
RESULT: {"using":"xpath","value":"//input[contains(@id ,\"application-billingtransfer-display-component---billingWorkbench--smartFilterBar-btnBasicSearch\")]"}
COMMAND: POST /session/129c046a4c158aab34184c97257eb527/execute/sync - {"script":"<script> [8489 bytes]","args":[{"element-6066-11e4-a52e-4f735466cecf":"f.8E45E670A1384E074590F00FAD9F292A.d.B24D1D6B434CE69CE5622DE330DE5367.e.6406","ELEMENT":"f.8E45E670A1384E074590F00FAD9F292A.d.B24D1D6B434CE69CE5622DE330DE5367.e.6406"}]}
RESULT: {"script":"<script> [8489 bytes]","args":[{"element-6066-11e4-a52e-4f735466cecf":"f.8E45E670A1384E074590F00FAD9F292A.d.B24D1D6B434CE69CE5622DE330DE5367.e.6406","ELEMENT":"f.8E45E670A1384E074590F00FAD9F292A.d.B24D1D6B434CE69CE5622DE330DE5367.e.6406"}]}
COMMAND: GET /session/129c046a4c158aab34184c97257eb527/element/f.8E45E670A1384E074590F00FAD9F292A.d.B24D1D6B434CE69CE5622DE330DE5367.e.6406/enabled - {}
COMMAND: GET /session/129c046a4c158aab34184c97257eb527/screenshot - {}
RESULT: {}
COMMAND: POST /session/129c046a4c158aab34184c97257eb527/element/f.8E45E670A1384E074590F00FAD9F292A.d.B24D1D6B434CE69CE5622DE330DE5367.e.6406/click - {}
COMMAND: GET /session/129c046a4c158aab34184c97257eb527/screenshot - {}
RESULT: {}
RESULT: {}
COMMAND: GET /session/129c046a4c158aab34184c97257eb527/screenshot - {}
RESULT: {}
RESULT: {}
COMMAND: POST /session/129c046a4c158aab34184c97257eb527/element/f.8E45E670A1384E074590F00FAD9F292A.d.B24D1D6B434CE69CE5622DE330DE5367.e.6406/clear - {}
RESULT: {}
COMMAND: POST /session/129c046a4c158aab34184c97257eb527/element/f.8E45E670A1384E074590F00FAD9F292A.d.B24D1D6B434CE69CE5622DE330DE5367.e.6406/value - {"text":"10621"}
COMMAND: GET /session/129c046a4c158aab34184c97257eb527/screenshot - {}
RESULT: {"text":"10621"}
COMMAND: POST /session/129c046a4c158aab34184c97257eb527/actions - {"actions":[{"id":"action20","type":"key","parameters":{},"actions":[{"type":"keyDown","value":""},{"type":"pause","duration":10},{"type":"keyUp","value":""}]}]}
COMMAND: GET /session/129c046a4c158aab34184c97257eb527/screenshot - {}
RESULT: {}
RESULT: {"actions":[{"id":"action20","type":"key","parameters":{},"actions":[{"type":"keyDown","value":""},{"type":"pause","duration":10},{"type":"keyUp","value":""}]}]}
COMMAND: GET /session/129c046a4c158aab34184c97257eb527/screenshot - {}
RESULT: {}
RESULT: {}
COMMAND: POST /session/129c046a4c158aab34184c97257eb527/element - {"using":"xpath","value":"//span[contains(@id ,\"application-billingtransfer-display-component---billingWorkbench--smartTableBillingRuns-header-inner\")]"}
RESULT: {"using":"xpath","value":"//span[contains(@id ,\"application-billingtransfer-display-component---billingWorkbench--smartTableBillingRuns-header-inner\")]"}
COMMAND: POST /session/129c046a4c158aab34184c97257eb527/elements - {"using":"xpath","value":"//span[contains(@id ,\"application-billingtransfer-display-component---billingWorkbench--smartTableBillingRuns-header-inner\")]"}
RESULT: {"using":"xpath","value":"//span[contains(@id ,\"application-billingtransfer-display-component---billingWorkbench--smartTableBillingRuns-header-inner\")]"}
COMMAND: POST /session/129c046a4c158aab34184c97257eb527/execute/sync - {"script":"<script> [56 bytes]","args":[{"element-6066-11e4-a52e-4f735466cecf":"f.8E45E670A1384E074590F00FAD9F292A.d.B24D1D6B434CE69CE5622DE330DE5367.e.6554","ELEMENT":"f.8E45E670A1384E074590F00FAD9F292A.d.B24D1D6B434CE69CE5622DE330DE5367.e.6554"}]}
RESULT: {"script":"<script> [56 bytes]","args":[{"element-6066-11e4-a52e-4f735466cecf":"f.8E45E670A1384E074590F00FAD9F292A.d.B24D1D6B434CE69CE5622DE330DE5367.e.6554","ELEMENT":"f.8E45E670A1384E074590F00FAD9F292A.d.B24D1D6B434CE69CE5622DE330DE5367.e.6554"}]}
COMMAND: POST /session/129c046a4c158aab34184c97257eb527/element - {"using":"xpath","value":"//td[@aria-colindex=\"1\"]/div/div[contains(@class, \"sapMCbBg\")]"}
COMMAND: GET /session/129c046a4c158aab34184c97257eb527/screenshot - {}
RESULT: {"using":"xpath","value":"//td[@aria-colindex=\"1\"]/div/div[contains(@class, \"sapMCbBg\")]"}
COMMAND: POST /session/129c046a4c158aab34184c97257eb527/element/f.8E45E670A1384E074590F00FAD9F292A.d.B24D1D6B434CE69CE5622DE330DE5367.e.6564/click - {}
RESULT: {}
RESULT: {}
COMMAND: GET /session/129c046a4c158aab34184c97257eb527/screenshot - {}
RESULT: {}
COMMAND: POST /session/129c046a4c158aab34184c97257eb527/element - {"using":"xpath","value":"//bdi[text()=\"Transfer\"]"}
RESULT: {"using":"xpath","value":"//bdi[text()=\"Transfer\"]"}
COMMAND: POST /session/129c046a4c158aab34184c97257eb527/element/f.8E45E670A1384E074590F00FAD9F292A.d.B24D1D6B434CE69CE5622DE330DE5367.e.6565/click - {}
RESULT: {}
COMMAND: GET /session/129c046a4c158aab34184c97257eb527/screenshot - {}
RESULT: {}
COMMAND: POST /session/129c046a4c158aab34184c97257eb527/element - {"using":"xpath","value":"//bdi[contains(text(), \"OK\")]"}
RESULT: {"using":"xpath","value":"//bdi[contains(text(), \"OK\")]"}
COMMAND: POST /session/129c046a4c158aab34184c97257eb527/element/f.8E45E670A1384E074590F00FAD9F292A.d.B24D1D6B434CE69CE5622DE330DE5367.e.6568/click - {}
RESULT: {}
COMMAND: GET /session/129c046a4c158aab34184c97257eb527/screenshot - {}
RESULT: {}
COMMAND: POST /session/129c046a4c158aab34184c97257eb527/element - {"using":"xpath","value":"(//span[contains(text(), \"Invoice open\")]/parent::div/preceding-sibling::div/span)[1]"}
RESULT: {"using":"xpath","value":"(//span[contains(text(), \"Invoice open\")]/parent::div/preceding-sibling::div/span)[1]"}
COMMAND: POST /session/129c046a4c158aab34184c97257eb527/element/f.8E45E670A1384E074590F00FAD9F292A.d.B24D1D6B434CE69CE5622DE330DE5367.e.6581/click - {}
RESULT: {}
COMMAND: GET /session/129c046a4c158aab34184c97257eb527/screenshot - {}
RESULT: {}
COMMAND: POST /session/129c046a4c158aab34184c97257eb527/element - {"using":"xpath","value":"//input[contains(@id ,\"application-billingtransfer-display-component---billingWorkbench--smartFilterBar-btnBasicSearch\")]"}
RESULT: {"using":"xpath","value":"//input[contains(@id ,\"application-billingtransfer-display-component---billingWorkbench--smartFilterBar-btnBasicSearch\")]"}
COMMAND: POST /session/129c046a4c158aab34184c97257eb527/elements - {"using":"xpath","value":"//input[contains(@id ,\"application-billingtransfer-display-component---billingWorkbench--smartFilterBar-btnBasicSearch\")]"}
RESULT: {"using":"xpath","value":"//input[contains(@id ,\"application-billingtransfer-display-component---billingWorkbench--smartFilterBar-btnBasicSearch\")]"}
COMMAND: POST /session/129c046a4c158aab34184c97257eb527/execute/sync - {"script":"<script> [8489 bytes]","args":[{"element-6066-11e4-a52e-4f735466cecf":"f.8E45E670A1384E074590F00FAD9F292A.d.B24D1D6B434CE69CE5622DE330DE5367.e.6406","ELEMENT":"f.8E45E670A1384E074590F00FAD9F292A.d.B24D1D6B434CE69CE5622DE330DE5367.e.6406"}]}
RESULT: {"script":"<script> [8489 bytes]","args":[{"element-6066-11e4-a52e-4f735466cecf":"f.8E45E670A1384E074590F00FAD9F292A.d.B24D1D6B434CE69CE5622DE330DE5367.e.6406","ELEMENT":"f.8E45E670A1384E074590F00FAD9F292A.d.B24D1D6B434CE69CE5622DE330DE5367.e.6406"}]}
COMMAND: GET /session/129c046a4c158aab34184c97257eb527/element/f.8E45E670A1384E074590F00FAD9F292A.d.B24D1D6B434CE69CE5622DE330DE5367.e.6406/enabled - {}
COMMAND: GET /session/129c046a4c158aab34184c97257eb527/screenshot - {}
RESULT: {}
COMMAND: POST /session/129c046a4c158aab34184c97257eb527/element/f.8E45E670A1384E074590F00FAD9F292A.d.B24D1D6B434CE69CE5622DE330DE5367.e.6406/click - {}
COMMAND: GET /session/129c046a4c158aab34184c97257eb527/screenshot - {}
RESULT: {}
RESULT: {}
COMMAND: GET /session/129c046a4c158aab34184c97257eb527/screenshot - {}
RESULT: {}
RESULT: {}
COMMAND: POST /session/129c046a4c158aab34184c97257eb527/element/f.8E45E670A1384E074590F00FAD9F292A.d.B24D1D6B434CE69CE5622DE330DE5367.e.6406/clear - {}
RESULT: {}
COMMAND: POST /session/129c046a4c158aab34184c97257eb527/element/f.8E45E670A1384E074590F00FAD9F292A.d.B24D1D6B434CE69CE5622DE330DE5367.e.6406/value - {"text":"10621"}
COMMAND: GET /session/129c046a4c158aab34184c97257eb527/screenshot - {}
RESULT: {"text":"10621"}
COMMAND: POST /session/129c046a4c158aab34184c97257eb527/actions - {"actions":[{"id":"action21","type":"key","parameters":{},"actions":[{"type":"keyDown","value":""},{"type":"pause","duration":10},{"type":"keyUp","value":""}]}]}
COMMAND: GET /session/129c046a4c158aab34184c97257eb527/screenshot - {}
RESULT: {}
RESULT: {"actions":[{"id":"action21","type":"key","parameters":{},"actions":[{"type":"keyDown","value":""},{"type":"pause","duration":10},{"type":"keyUp","value":""}]}]}
COMMAND: GET /session/129c046a4c158aab34184c97257eb527/screenshot - {}
RESULT: {}
RESULT: {}
COMMAND: POST /session/129c046a4c158aab34184c97257eb527/element - {"using":"xpath","value":"//span[contains(@id ,\"application-billingtransfer-display-component---billingWorkbench--smartTableBillingRuns-header-inner\")]"}
RESULT: {"using":"xpath","value":"//span[contains(@id ,\"application-billingtransfer-display-component---billingWorkbench--smartTableBillingRuns-header-inner\")]"}
COMMAND: POST /session/129c046a4c158aab34184c97257eb527/elements - {"using":"xpath","value":"//span[contains(@id ,\"application-billingtransfer-display-component---billingWorkbench--smartTableBillingRuns-header-inner\")]"}
RESULT: {"using":"xpath","value":"//span[contains(@id ,\"application-billingtransfer-display-component---billingWorkbench--smartTableBillingRuns-header-inner\")]"}
COMMAND: POST /session/129c046a4c158aab34184c97257eb527/execute/sync - {"script":"<script> [56 bytes]","args":[{"element-6066-11e4-a52e-4f735466cecf":"f.8E45E670A1384E074590F00FAD9F292A.d.B24D1D6B434CE69CE5622DE330DE5367.e.6554","ELEMENT":"f.8E45E670A1384E074590F00FAD9F292A.d.B24D1D6B434CE69CE5622DE330DE5367.e.6554"}]}
RESULT: {"script":"<script> [56 bytes]","args":[{"element-6066-11e4-a52e-4f735466cecf":"f.8E45E670A1384E074590F00FAD9F292A.d.B24D1D6B434CE69CE5622DE330DE5367.e.6554","ELEMENT":"f.8E45E670A1384E074590F00FAD9F292A.d.B24D1D6B434CE69CE5622DE330DE5367.e.6554"}]}
COMMAND: POST /session/129c046a4c158aab34184c97257eb527/element - {"using":"css selector","value":"#shell-header-logo"}
COMMAND: GET /session/129c046a4c158aab34184c97257eb527/screenshot - {}
RESULT: {"using":"css selector","value":"#shell-header-logo"}
COMMAND: POST /session/129c046a4c158aab34184c97257eb527/element/f.8E45E670A1384E074590F00FAD9F292A.d.B24D1D6B434CE69CE5622DE330DE5367.e.6404/click - {}
RESULT: {}
RESULT: {}
COMMAND: GET /session/129c046a4c158aab34184c97257eb527/screenshot - {}
RESULT: {}
COMMAND: POST /session/129c046a4c158aab34184c97257eb527/element - {"using":"css selector","value":"#j_username"}
COMMAND: POST /session/129c046a4c158aab34184c97257eb527/url - {"url":"https://qa-testing-00-live-etm-ui.cfapps.eu10-004.hana.ondemand.com/"}
RESULT: {"using":"css selector","value":"#j_username"}
COMMAND: POST /session/129c046a4c158aab34184c97257eb527/element - {"using":"css selector","value":"#j_username"}
RESULT: {"url":"https://qa-testing-00-live-etm-ui.cfapps.eu10-004.hana.ondemand.com/"}
RESULT: undefined
COMMAND: GET /session/129c046a4c158aab34184c97257eb527/screenshot - {}
RESULT: {"using":"css selector","value":"#j_username"}
COMMAND: POST /session/129c046a4c158aab34184c97257eb527/element - {"using":"css selector","value":"#shell-header-logo"}
RESULT: {}
RESULT: {"using":"css selector","value":"#shell-header-logo"}
COMMAND: POST /session/129c046a4c158aab34184c97257eb527/execute/sync - {"script":"<script> [8489 bytes]","args":[{"element-6066-11e4-a52e-4f735466cecf":"f.8E45E670A1384E074590F00FAD9F292A.d.4DC393C462D34C96921E79092D4F6873.e.6590","ELEMENT":"f.8E45E670A1384E074590F00FAD9F292A.d.4DC393C462D34C96921E79092D4F6873.e.6590"}]}
RESULT: {"script":"<script> [8489 bytes]","args":[{"element-6066-11e4-a52e-4f735466cecf":"f.8E45E670A1384E074590F00FAD9F292A.d.4DC393C462D34C96921E79092D4F6873.e.6590","ELEMENT":"f.8E45E670A1384E074590F00FAD9F292A.d.4DC393C462D34C96921E79092D4F6873.e.6590"}]}
COMMAND: POST /session/129c046a4c158aab34184c97257eb527/element - {"using":"css selector","value":"#shell-header-logo"}
COMMAND: GET /session/129c046a4c158aab34184c97257eb527/screenshot - {}
RESULT: {"using":"css selector","value":"#shell-header-logo"}
COMMAND: POST /session/129c046a4c158aab34184c97257eb527/execute/sync - {"script":"<script> [8489 bytes]","args":[{"element-6066-11e4-a52e-4f735466cecf":"f.8E45E670A1384E074590F00FAD9F292A.d.4DC393C462D34C96921E79092D4F6873.e.6590","ELEMENT":"f.8E45E670A1384E074590F00FAD9F292A.d.4DC393C462D34C96921E79092D4F6873.e.6590"}]}
RESULT: {}
RESULT: {"script":"<script> [8489 bytes]","args":[{"element-6066-11e4-a52e-4f735466cecf":"f.8E45E670A1384E074590F00FAD9F292A.d.4DC393C462D34C96921E79092D4F6873.e.6590","ELEMENT":"f.8E45E670A1384E074590F00FAD9F292A.d.4DC393C462D34C96921E79092D4F6873.e.6590"}]}
COMMAND: POST /session/129c046a4c158aab34184c97257eb527/execute/sync - {"script":"<script> [5351 bytes]","args":[{"element-6066-11e4-a52e-4f735466cecf":"f.8E45E670A1384E074590F00FAD9F292A.d.4DC393C462D34C96921E79092D4F6873.e.6590","ELEMENT":"f.8E45E670A1384E074590F00FAD9F292A.d.4DC393C462D34C96921E79092D4F6873.e.6590"}]}
COMMAND: GET /session/129c046a4c158aab34184c97257eb527/screenshot - {}
RESULT: {"script":"<script> [5351 bytes]","args":[{"element-6066-11e4-a52e-4f735466cecf":"f.8E45E670A1384E074590F00FAD9F292A.d.4DC393C462D34C96921E79092D4F6873.e.6590","ELEMENT":"f.8E45E670A1384E074590F00FAD9F292A.d.4DC393C462D34C96921E79092D4F6873.e.6590"}]}
COMMAND: POST /session/129c046a4c158aab34184c97257eb527/element - {"using":"css selector","value":"#shell-header-logo"}
COMMAND: GET /session/129c046a4c158aab34184c97257eb527/screenshot - {}
RESULT: {}
RESULT: {"using":"css selector","value":"#shell-header-logo"}
COMMAND: POST /session/129c046a4c158aab34184c97257eb527/element/f.8E45E670A1384E074590F00FAD9F292A.d.4DC393C462D34C96921E79092D4F6873.e.6590/click - {}
RESULT: {}
RESULT: {}
COMMAND: GET /session/129c046a4c158aab34184c97257eb527/screenshot - {}
RESULT: {}
COMMAND: POST /session/129c046a4c158aab34184c97257eb527/execute/async - {"script":"<script> [189 bytes]","args":[]}
RESULT: {"script":"<script> [189 bytes]","args":[]}
COMMAND: POST /session/129c046a4c158aab34184c97257eb527/execute/async - {"script":"<script> [123 bytes]","args":[]}
RESULT: {"script":"<script> [123 bytes]","args":[]}
COMMAND: POST /session/129c046a4c158aab34184c97257eb527/timeouts - {"script":"<number>"}
RESULT: {"script":"<number>"}
COMMAND: GET /session/129c046a4c158aab34184c97257eb527/timeouts - {}
RESULT: {}
RESULT: undefined
COMMAND: POST /session/129c046a4c158aab34184c97257eb527/execute/async - {"script":"<script> [2676 bytes]","args":[]}
RESULT: {"script":"<script> [2676 bytes]","args":[]}
COMMAND: POST /session/129c046a4c158aab34184c97257eb527/execute/async - {"script":"<script> [2342 bytes]","args":[{"protocol":"http","hostname":"0.0.0.0","path":"/","capabilities":{"browserName":"chrome","goog:chromeOptions":{"binary":"C:\\Program Files\\Google\\Chrome\\Application\\chrome.exe","args":["--start-maximized"]}},"logLevel":"warn","connectionRetryTimeout":120000,"connectionRetryCount":3,"logLevels":{},"enableDirectConnect":true,"strictSSL":true,"_":"65 more keys: [\"cacheDir\",\"port\",\"requestedCapabilities\",\"automationProtocol\",\"baseUrl\",\"waitforInterval\",\"waitforTimeout\",\"onReload\",\"beforeCommand\",\"afterCommand\",\"rootDir\",\"specs\",\"suites\",\"exclude\",\"groupLogsByTestSpec\",\"excludeDriverLogs\",\"bail\",\"framework\",\"reporters\",\"services\",\"maxInstances\",\"maxInstancesPerCapability\",\"injectGlobals\",\"filesToWatch\",\"execArgv\",\"runnerEnv\",\"runner\",\"shard\",\"specFileRetries\",\"specFileRetriesDelay\",\"specFileRetriesDeferred\",\"reporterSyncInterval\",\"reporterSyncTimeout\",\"cucumberFeaturesWithLineNumbers\",\"autoCompileOpts\",\"mochaOpts\",\"jasmineOpts\",\"cucumberOpts\",\"onPrepare\",\"onWorkerStart\",\"onWorkerEnd\",\"before\",\"beforeSession\",\"beforeSuite\",\"beforeHook\",\"beforeTest\",\"afterTest\",\"afterHook\",\"afterSuite\",\"afterSession\",\"after\",\"onComplete\",\"beforeAssertion\",\"afterAssertion\",\"beforeFeature\",\"beforeScenario\",\"beforeStep\",\"afterStep\",\"afterScenario\",\"afterFeature\",\"_\",\"suite\",\"$0\",\"ignoredWorkerServices\",\"wdi5\"]"}]}
RESULT: {"script":"<script> [2342 bytes]","args":[{"protocol":"http","hostname":"0.0.0.0","path":"/","capabilities":{"browserName":"chrome","goog:chromeOptions":{"binary":"C:\\Program Files\\Google\\Chrome\\Application\\chrome.exe","args":["--start-maximized"]}},"logLevel":"warn","connectionRetryTimeout":120000,"connectionRetryCount":3,"logLevels":{},"enableDirectConnect":true,"strictSSL":true,"_":"65 more keys: [\"cacheDir\",\"port\",\"requestedCapabilities\",\"automationProtocol\",\"baseUrl\",\"waitforInterval\",\"waitforTimeout\",\"onReload\",\"beforeCommand\",\"afterCommand\",\"rootDir\",\"specs\",\"suites\",\"exclude\",\"groupLogsByTestSpec\",\"excludeDriverLogs\",\"bail\",\"framework\",\"reporters\",\"services\",\"maxInstances\",\"maxInstancesPerCapability\",\"injectGlobals\",\"filesToWatch\",\"execArgv\",\"runnerEnv\",\"runner\",\"shard\",\"specFileRetries\",\"specFileRetriesDelay\",\"specFileRetriesDeferred\",\"reporterSyncInterval\",\"reporterSyncTimeout\",\"cucumberFeaturesWithLineNumbers\",\"autoCompileOpts\",\"mochaOpts\",\"jasmineOpts\",\"cucumberOpts\",\"onPrepare\",\"onWorkerStart\",\"onWorkerEnd\",\"before\",\"beforeSession\",\"beforeSuite\",\"beforeHook\",\"beforeTest\",\"afterTest\",\"afterHook\",\"afterSuite\",\"afterSession\",\"after\",\"onComplete\",\"beforeAssertion\",\"afterAssertion\",\"beforeFeature\",\"beforeScenario\",\"beforeStep\",\"afterStep\",\"afterScenario\",\"afterFeature\",\"_\",\"suite\",\"$0\",\"ignoredWorkerServices\",\"wdi5\"]"}]}
COMMAND: POST /session/129c046a4c158aab34184c97257eb527/execute/async - {"script":"<script> [21126 bytes]","args":[35000]}
RESULT: {"script":"<script> [21126 bytes]","args":[35000]}
COMMAND: POST /session/129c046a4c158aab34184c97257eb527/window/maximize - {}
RESULT: {}
COMMAND: POST /session/129c046a4c158aab34184c97257eb527/execute/async - {"script":"<script> [1562 bytes]","args":[{"selector":{"id":"shell-header","interaction":{"idSuffix":"icon"}},"wdio_ui5_key":"shellheader"}]}
COMMAND: GET /session/129c046a4c158aab34184c97257eb527/screenshot - {}
RESULT: {"script":"<script> [1562 bytes]","args":[{"selector":{"id":"shell-header","interaction":{"idSuffix":"icon"}},"wdio_ui5_key":"shellheader"}]}
RESULT: undefined
COMMAND: POST /session/129c046a4c158aab34184c97257eb527/refresh - {}
RESULT: {}
RESULT: {}
COMMAND: GET /session/129c046a4c158aab34184c97257eb527/screenshot - {}
RESULT: {}
COMMAND: POST /session/129c046a4c158aab34184c97257eb527/refresh - {}
RESULT: {}
COMMAND: GET /session/129c046a4c158aab34184c97257eb527/screenshot - {}
RESULT: {}
COMMAND: POST /session/129c046a4c158aab34184c97257eb527/window/fullscreen - {}
RESULT: {}
COMMAND: POST /session/129c046a4c158aab34184c97257eb527/execute/async - {"script":"<script> [189 bytes]","args":[]}
RESULT: {"script":"<script> [189 bytes]","args":[]}
COMMAND: POST /session/129c046a4c158aab34184c97257eb527/execute/async - {"script":"<script> [123 bytes]","args":[]}
RESULT: {"script":"<script> [123 bytes]","args":[]}
COMMAND: POST /session/129c046a4c158aab34184c97257eb527/timeouts - {"script":"<number>"}
RESULT: {"script":"<number>"}
COMMAND: GET /session/129c046a4c158aab34184c97257eb527/timeouts - {}
RESULT: {}
RESULT: undefined
COMMAND: POST /session/129c046a4c158aab34184c97257eb527/execute/async - {"script":"<script> [2676 bytes]","args":[]}
RESULT: {"script":"<script> [2676 bytes]","args":[]}
COMMAND: POST /session/129c046a4c158aab34184c97257eb527/execute/async - {"script":"<script> [2342 bytes]","args":[{"protocol":"http","hostname":"0.0.0.0","path":"/","capabilities":{"browserName":"chrome","goog:chromeOptions":{"binary":"C:\\Program Files\\Google\\Chrome\\Application\\chrome.exe","args":["--start-maximized"]}},"logLevel":"warn","connectionRetryTimeout":120000,"connectionRetryCount":3,"logLevels":{},"enableDirectConnect":true,"strictSSL":true,"_":"65 more keys: [\"cacheDir\",\"port\",\"requestedCapabilities\",\"automationProtocol\",\"baseUrl\",\"waitforInterval\",\"waitforTimeout\",\"onReload\",\"beforeCommand\",\"afterCommand\",\"rootDir\",\"specs\",\"suites\",\"exclude\",\"groupLogsByTestSpec\",\"excludeDriverLogs\",\"bail\",\"framework\",\"reporters\",\"services\",\"maxInstances\",\"maxInstancesPerCapability\",\"injectGlobals\",\"filesToWatch\",\"execArgv\",\"runnerEnv\",\"runner\",\"shard\",\"specFileRetries\",\"specFileRetriesDelay\",\"specFileRetriesDeferred\",\"reporterSyncInterval\",\"reporterSyncTimeout\",\"cucumberFeaturesWithLineNumbers\",\"autoCompileOpts\",\"mochaOpts\",\"jasmineOpts\",\"cucumberOpts\",\"onPrepare\",\"onWorkerStart\",\"onWorkerEnd\",\"before\",\"beforeSession\",\"beforeSuite\",\"beforeHook\",\"beforeTest\",\"afterTest\",\"afterHook\",\"afterSuite\",\"afterSession\",\"after\",\"onComplete\",\"beforeAssertion\",\"afterAssertion\",\"beforeFeature\",\"beforeScenario\",\"beforeStep\",\"afterStep\",\"afterScenario\",\"afterFeature\",\"_\",\"suite\",\"$0\",\"ignoredWorkerServices\",\"wdi5\"]"}]}
RESULT: {"script":"<script> [2342 bytes]","args":[{"protocol":"http","hostname":"0.0.0.0","path":"/","capabilities":{"browserName":"chrome","goog:chromeOptions":{"binary":"C:\\Program Files\\Google\\Chrome\\Application\\chrome.exe","args":["--start-maximized"]}},"logLevel":"warn","connectionRetryTimeout":120000,"connectionRetryCount":3,"logLevels":{},"enableDirectConnect":true,"strictSSL":true,"_":"65 more keys: [\"cacheDir\",\"port\",\"requestedCapabilities\",\"automationProtocol\",\"baseUrl\",\"waitforInterval\",\"waitforTimeout\",\"onReload\",\"beforeCommand\",\"afterCommand\",\"rootDir\",\"specs\",\"suites\",\"exclude\",\"groupLogsByTestSpec\",\"excludeDriverLogs\",\"bail\",\"framework\",\"reporters\",\"services\",\"maxInstances\",\"maxInstancesPerCapability\",\"injectGlobals\",\"filesToWatch\",\"execArgv\",\"runnerEnv\",\"runner\",\"shard\",\"specFileRetries\",\"specFileRetriesDelay\",\"specFileRetriesDeferred\",\"reporterSyncInterval\",\"reporterSyncTimeout\",\"cucumberFeaturesWithLineNumbers\",\"autoCompileOpts\",\"mochaOpts\",\"jasmineOpts\",\"cucumberOpts\",\"onPrepare\",\"onWorkerStart\",\"onWorkerEnd\",\"before\",\"beforeSession\",\"beforeSuite\",\"beforeHook\",\"beforeTest\",\"afterTest\",\"afterHook\",\"afterSuite\",\"afterSession\",\"after\",\"onComplete\",\"beforeAssertion\",\"afterAssertion\",\"beforeFeature\",\"beforeScenario\",\"beforeStep\",\"afterStep\",\"afterScenario\",\"afterFeature\",\"_\",\"suite\",\"$0\",\"ignoredWorkerServices\",\"wdi5\"]"}]}
COMMAND: POST /session/129c046a4c158aab34184c97257eb527/execute/async - {"script":"<script> [21126 bytes]","args":[35000]}
RESULT: {"script":"<script> [21126 bytes]","args":[35000]}
]]></system-out>
    </testcase>
  </testsuite>
  <testsuite timestamp="2025-04-23T17:41:48" time="989.797" tests="12" failures="0" errors="0" skipped="0">
    <properties>
      <property name="specId" value="0"/>
      <property name="suiteName" value="Billing Transfer - Intracompany US127249"/>
      <property name="capabilities" value="chrome.135_0_7049_96.windows"/>
      <property name="file" value="file:///D:/a/1/s/test/specs/BTS/billing-transfer-intracompany.spec.js"/>
    </properties>
    <testcase classname="chrome.135_0_7049_96.windows.Billing_Transfer_-_Intracompany_US127249" name="Should create a new yard" time="105.2">
      <system-out><![CDATA[
COMMAND: POST /session/129c046a4c158aab34184c97257eb527/window/fullscreen - {}
RESULT: {}
COMMAND: POST /session/129c046a4c158aab34184c97257eb527/execute/async - {"script":"<script> [1562 bytes]","args":[{"selector":{"controlType":"sap.m.GenericTile","properties":{"header":"Manage Yards"}},"wdio_ui5_key":"sapm.GenericTile{\"header\":\"Manage Yards\"}"}]}
RESULT: {"script":"<script> [1562 bytes]","args":[{"selector":{"controlType":"sap.m.GenericTile","properties":{"header":"Manage Yards"}},"wdio_ui5_key":"sapm.GenericTile{\"header\":\"Manage Yards\"}"}]}
RESULT: undefined
COMMAND: POST /session/129c046a4c158aab34184c97257eb527/element - {"using":"xpath","value":"//*[@id=\"__tile41\"]"}
RESULT: {"using":"xpath","value":"//*[@id=\"__tile41\"]"}
COMMAND: POST /session/129c046a4c158aab34184c97257eb527/element/f.8E45E670A1384E074590F00FAD9F292A.d.B9315B5F6C892A79F8A4A16B771F67C2.e.6761/click - {}
RESULT: {}
COMMAND: POST /session/129c046a4c158aab34184c97257eb527/element - {"using":"xpath","value":"//button[@data-kt=\"addNewYardOverflowToolbarButton\"]"}
COMMAND: GET /session/129c046a4c158aab34184c97257eb527/screenshot - {}
RESULT: {"using":"xpath","value":"//button[@data-kt=\"addNewYardOverflowToolbarButton\"]"}
COMMAND: POST /session/129c046a4c158aab34184c97257eb527/elements - {"using":"xpath","value":"//button[@data-kt=\"addNewYardOverflowToolbarButton\"]"}
RESULT: {}
RESULT: {"using":"xpath","value":"//button[@data-kt=\"addNewYardOverflowToolbarButton\"]"}
COMMAND: POST /session/129c046a4c158aab34184c97257eb527/elements - {"using":"xpath","value":"//button[@data-kt=\"addNewYardOverflowToolbarButton\"]"}
RESULT: {"using":"xpath","value":"//button[@data-kt=\"addNewYardOverflowToolbarButton\"]"}
COMMAND: POST /session/129c046a4c158aab34184c97257eb527/elements - {"using":"xpath","value":"//button[@data-kt=\"addNewYardOverflowToolbarButton\"]"}
RESULT: {"using":"xpath","value":"//button[@data-kt=\"addNewYardOverflowToolbarButton\"]"}
COMMAND: POST /session/129c046a4c158aab34184c97257eb527/elements - {"using":"xpath","value":"//button[@data-kt=\"addNewYardOverflowToolbarButton\"]"}
RESULT: {"using":"xpath","value":"//button[@data-kt=\"addNewYardOverflowToolbarButton\"]"}
COMMAND: POST /session/129c046a4c158aab34184c97257eb527/elements - {"using":"xpath","value":"//button[@data-kt=\"addNewYardOverflowToolbarButton\"]"}
RESULT: {"using":"xpath","value":"//button[@data-kt=\"addNewYardOverflowToolbarButton\"]"}
COMMAND: POST /session/129c046a4c158aab34184c97257eb527/elements - {"using":"xpath","value":"//button[@data-kt=\"addNewYardOverflowToolbarButton\"]"}
RESULT: {"using":"xpath","value":"//button[@data-kt=\"addNewYardOverflowToolbarButton\"]"}
COMMAND: POST /session/129c046a4c158aab34184c97257eb527/elements - {"using":"xpath","value":"//button[@data-kt=\"addNewYardOverflowToolbarButton\"]"}
RESULT: {"using":"xpath","value":"//button[@data-kt=\"addNewYardOverflowToolbarButton\"]"}
COMMAND: POST /session/129c046a4c158aab34184c97257eb527/elements - {"using":"xpath","value":"//button[@data-kt=\"addNewYardOverflowToolbarButton\"]"}
RESULT: {"using":"xpath","value":"//button[@data-kt=\"addNewYardOverflowToolbarButton\"]"}
COMMAND: POST /session/129c046a4c158aab34184c97257eb527/elements - {"using":"xpath","value":"//button[@data-kt=\"addNewYardOverflowToolbarButton\"]"}
RESULT: {"using":"xpath","value":"//button[@data-kt=\"addNewYardOverflowToolbarButton\"]"}
COMMAND: POST /session/129c046a4c158aab34184c97257eb527/elements - {"using":"xpath","value":"//button[@data-kt=\"addNewYardOverflowToolbarButton\"]"}
RESULT: {"using":"xpath","value":"//button[@data-kt=\"addNewYardOverflowToolbarButton\"]"}
COMMAND: POST /session/129c046a4c158aab34184c97257eb527/elements - {"using":"xpath","value":"//button[@data-kt=\"addNewYardOverflowToolbarButton\"]"}
RESULT: {"using":"xpath","value":"//button[@data-kt=\"addNewYardOverflowToolbarButton\"]"}
COMMAND: POST /session/129c046a4c158aab34184c97257eb527/elements - {"using":"xpath","value":"//button[@data-kt=\"addNewYardOverflowToolbarButton\"]"}
RESULT: {"using":"xpath","value":"//button[@data-kt=\"addNewYardOverflowToolbarButton\"]"}
COMMAND: POST /session/129c046a4c158aab34184c97257eb527/elements - {"using":"xpath","value":"//button[@data-kt=\"addNewYardOverflowToolbarButton\"]"}
RESULT: {"using":"xpath","value":"//button[@data-kt=\"addNewYardOverflowToolbarButton\"]"}
COMMAND: POST /session/129c046a4c158aab34184c97257eb527/elements - {"using":"xpath","value":"//button[@data-kt=\"addNewYardOverflowToolbarButton\"]"}
RESULT: {"using":"xpath","value":"//button[@data-kt=\"addNewYardOverflowToolbarButton\"]"}
COMMAND: POST /session/129c046a4c158aab34184c97257eb527/elements - {"using":"xpath","value":"//button[@data-kt=\"addNewYardOverflowToolbarButton\"]"}
RESULT: {"using":"xpath","value":"//button[@data-kt=\"addNewYardOverflowToolbarButton\"]"}
COMMAND: POST /session/129c046a4c158aab34184c97257eb527/elements - {"using":"xpath","value":"//button[@data-kt=\"addNewYardOverflowToolbarButton\"]"}
RESULT: {"using":"xpath","value":"//button[@data-kt=\"addNewYardOverflowToolbarButton\"]"}
COMMAND: POST /session/129c046a4c158aab34184c97257eb527/elements - {"using":"xpath","value":"//button[@data-kt=\"addNewYardOverflowToolbarButton\"]"}
RESULT: {"using":"xpath","value":"//button[@data-kt=\"addNewYardOverflowToolbarButton\"]"}
COMMAND: POST /session/129c046a4c158aab34184c97257eb527/elements - {"using":"xpath","value":"//button[@data-kt=\"addNewYardOverflowToolbarButton\"]"}
RESULT: {"using":"xpath","value":"//button[@data-kt=\"addNewYardOverflowToolbarButton\"]"}
COMMAND: POST /session/129c046a4c158aab34184c97257eb527/elements - {"using":"xpath","value":"//button[@data-kt=\"addNewYardOverflowToolbarButton\"]"}
RESULT: {"using":"xpath","value":"//button[@data-kt=\"addNewYardOverflowToolbarButton\"]"}
COMMAND: POST /session/129c046a4c158aab34184c97257eb527/elements - {"using":"xpath","value":"//button[@data-kt=\"addNewYardOverflowToolbarButton\"]"}
RESULT: {"using":"xpath","value":"//button[@data-kt=\"addNewYardOverflowToolbarButton\"]"}
COMMAND: POST /session/129c046a4c158aab34184c97257eb527/elements - {"using":"xpath","value":"//button[@data-kt=\"addNewYardOverflowToolbarButton\"]"}
RESULT: {"using":"xpath","value":"//button[@data-kt=\"addNewYardOverflowToolbarButton\"]"}
COMMAND: POST /session/129c046a4c158aab34184c97257eb527/elements - {"using":"xpath","value":"//button[@data-kt=\"addNewYardOverflowToolbarButton\"]"}
RESULT: {"using":"xpath","value":"//button[@data-kt=\"addNewYardOverflowToolbarButton\"]"}
COMMAND: POST /session/129c046a4c158aab34184c97257eb527/element - {"using":"xpath","value":"//button[@data-kt=\"addNewYardOverflowToolbarButton\"]"}
RESULT: {"using":"xpath","value":"//button[@data-kt=\"addNewYardOverflowToolbarButton\"]"}
COMMAND: POST /session/129c046a4c158aab34184c97257eb527/execute/sync - {"script":"<script> [8489 bytes]","args":[{"element-6066-11e4-a52e-4f735466cecf":"f.8E45E670A1384E074590F00FAD9F292A.d.B9315B5F6C892A79F8A4A16B771F67C2.e.6897","ELEMENT":"f.8E45E670A1384E074590F00FAD9F292A.d.B9315B5F6C892A79F8A4A16B771F67C2.e.6897"}]}
RESULT: {"script":"<script> [8489 bytes]","args":[{"element-6066-11e4-a52e-4f735466cecf":"f.8E45E670A1384E074590F00FAD9F292A.d.B9315B5F6C892A79F8A4A16B771F67C2.e.6897","ELEMENT":"f.8E45E670A1384E074590F00FAD9F292A.d.B9315B5F6C892A79F8A4A16B771F67C2.e.6897"}]}
COMMAND: GET /session/129c046a4c158aab34184c97257eb527/element/f.8E45E670A1384E074590F00FAD9F292A.d.B9315B5F6C892A79F8A4A16B771F67C2.e.6897/enabled - {}
COMMAND: GET /session/129c046a4c158aab34184c97257eb527/screenshot - {}
RESULT: {}
COMMAND: POST /session/129c046a4c158aab34184c97257eb527/execute/sync - {"script":"<script> [8489 bytes]","args":[{"element-6066-11e4-a52e-4f735466cecf":"f.8E45E670A1384E074590F00FAD9F292A.d.B9315B5F6C892A79F8A4A16B771F67C2.e.6897","ELEMENT":"f.8E45E670A1384E074590F00FAD9F292A.d.B9315B5F6C892A79F8A4A16B771F67C2.e.6897"}]}
COMMAND: GET /session/129c046a4c158aab34184c97257eb527/screenshot - {}
RESULT: {}
RESULT: {"script":"<script> [8489 bytes]","args":[{"element-6066-11e4-a52e-4f735466cecf":"f.8E45E670A1384E074590F00FAD9F292A.d.B9315B5F6C892A79F8A4A16B771F67C2.e.6897","ELEMENT":"f.8E45E670A1384E074590F00FAD9F292A.d.B9315B5F6C892A79F8A4A16B771F67C2.e.6897"}]}
COMMAND: POST /session/129c046a4c158aab34184c97257eb527/execute/sync - {"script":"<script> [5351 bytes]","args":[{"element-6066-11e4-a52e-4f735466cecf":"f.8E45E670A1384E074590F00FAD9F292A.d.B9315B5F6C892A79F8A4A16B771F67C2.e.6897","ELEMENT":"f.8E45E670A1384E074590F00FAD9F292A.d.B9315B5F6C892A79F8A4A16B771F67C2.e.6897"}]}
COMMAND: GET /session/129c046a4c158aab34184c97257eb527/screenshot - {}
RESULT: {}
RESULT: {"script":"<script> [5351 bytes]","args":[{"element-6066-11e4-a52e-4f735466cecf":"f.8E45E670A1384E074590F00FAD9F292A.d.B9315B5F6C892A79F8A4A16B771F67C2.e.6897","ELEMENT":"f.8E45E670A1384E074590F00FAD9F292A.d.B9315B5F6C892A79F8A4A16B771F67C2.e.6897"}]}
COMMAND: POST /session/129c046a4c158aab34184c97257eb527/element/f.8E45E670A1384E074590F00FAD9F292A.d.B9315B5F6C892A79F8A4A16B771F67C2.e.6897/click - {}
COMMAND: GET /session/129c046a4c158aab34184c97257eb527/screenshot - {}
RESULT: {}
RESULT: {}
COMMAND: GET /session/129c046a4c158aab34184c97257eb527/screenshot - {}
COMMAND: POST /session/129c046a4c158aab34184c97257eb527/element - {"using":"xpath","value":"//input[@id=\"application-manageyards-display-component---NewYard--yardId-inner\"]"}
RESULT: {}
RESULT: {}
RESULT: {"using":"xpath","value":"//input[@id=\"application-manageyards-display-component---NewYard--yardId-inner\"]"}
COMMAND: POST /session/129c046a4c158aab34184c97257eb527/element - {"using":"xpath","value":"//input[@id=\"application-manageyards-display-component---NewYard--yardId-inner\"]"}
RESULT: {"using":"xpath","value":"//input[@id=\"application-manageyards-display-component---NewYard--yardId-inner\"]"}
COMMAND: POST /session/129c046a4c158aab34184c97257eb527/execute/async - {"script":"<script> [1562 bytes]","args":[{"selector":{"id":"application-manageyards-display-component---NewYard--addressDetailDetailsName1","interaction":{"idSuffix":"inner"}},"wdio_ui5_key":"applicationmanageyards-display-component---NewYard--addressDetailDetailsName1"}]}
RESULT: {"script":"<script> [1562 bytes]","args":[{"selector":{"id":"application-manageyards-display-component---NewYard--addressDetailDetailsName1","interaction":{"idSuffix":"inner"}},"wdio_ui5_key":"applicationmanageyards-display-component---NewYard--addressDetailDetailsName1"}]}
RESULT: undefined
COMMAND: POST /session/129c046a4c158aab34184c97257eb527/execute/async - {"script":"<script> [776 bytes]","args":[{"enterText":"Intracompany Yard wdIO","selector":{"id":"application-manageyards-display-component---NewYard--addressDetailDetailsName1","interaction":{"idSuffix":"inner"}},"clearTextFirst":true,"interactionType":"ENTER_TEXT"}]}
RESULT: {"script":"<script> [776 bytes]","args":[{"enterText":"Intracompany Yard wdIO","selector":{"id":"application-manageyards-display-component---NewYard--addressDetailDetailsName1","interaction":{"idSuffix":"inner"}},"clearTextFirst":true,"interactionType":"ENTER_TEXT"}]}
COMMAND: POST /session/129c046a4c158aab34184c97257eb527/execute/async - {"script":"<script> [1562 bytes]","args":[{"selector":{"id":"application-manageyards-display-component---NewYard--addressDetailDetailsLanguage-arrow"},"wdio_ui5_key":"applicationmanageyards-display-component---NewYard--addressDetailDetailsLanguage-arrow"}]}
RESULT: {"script":"<script> [1562 bytes]","args":[{"selector":{"id":"application-manageyards-display-component---NewYard--addressDetailDetailsLanguage-arrow"},"wdio_ui5_key":"applicationmanageyards-display-component---NewYard--addressDetailDetailsLanguage-arrow"}]}
RESULT: undefined
COMMAND: POST /session/129c046a4c158aab34184c97257eb527/element - {"using":"xpath","value":"//*[@id=\"application-manageyards-display-component---NewYard--addressDetailDetailsLanguage-arrow\"]"}
RESULT: {"using":"xpath","value":"//*[@id=\"application-manageyards-display-component---NewYard--addressDetailDetailsLanguage-arrow\"]"}
COMMAND: POST /session/129c046a4c158aab34184c97257eb527/element/f.8E45E670A1384E074590F00FAD9F292A.d.B9315B5F6C892A79F8A4A16B771F67C2.e.7328/click - {}
RESULT: {}
COMMAND: POST /session/129c046a4c158aab34184c97257eb527/element - {"using":"xpath","value":"//span[contains(text(), \"English\")]"}
COMMAND: GET /session/129c046a4c158aab34184c97257eb527/screenshot - {}
RESULT: {"using":"xpath","value":"//span[contains(text(), \"English\")]"}
COMMAND: POST /session/129c046a4c158aab34184c97257eb527/element/f.8E45E670A1384E074590F00FAD9F292A.d.B9315B5F6C892A79F8A4A16B771F67C2.e.7329/click - {}
RESULT: {}
RESULT: {}
COMMAND: POST /session/129c046a4c158aab34184c97257eb527/execute/async - {"script":"<script> [1562 bytes]","args":[{"selector":{"id":"application-manageyards-display-component---NewYard--addressDetailDetailsCity1","interaction":{"idSuffix":"inner"}},"wdio_ui5_key":"applicationmanageyards-display-component---NewYard--addressDetailDetailsCity1"}]}
COMMAND: GET /session/129c046a4c158aab34184c97257eb527/screenshot - {}
RESULT: {}
RESULT: {"script":"<script> [1562 bytes]","args":[{"selector":{"id":"application-manageyards-display-component---NewYard--addressDetailDetailsCity1","interaction":{"idSuffix":"inner"}},"wdio_ui5_key":"applicationmanageyards-display-component---NewYard--addressDetailDetailsCity1"}]}
RESULT: undefined
COMMAND: POST /session/129c046a4c158aab34184c97257eb527/execute/async - {"script":"<script> [776 bytes]","args":[{"enterText":"Rosario","selector":{"id":"application-manageyards-display-component---NewYard--addressDetailDetailsCity1","interaction":{"idSuffix":"inner"}},"clearTextFirst":true,"interactionType":"ENTER_TEXT"}]}
RESULT: {"script":"<script> [776 bytes]","args":[{"enterText":"Rosario","selector":{"id":"application-manageyards-display-component---NewYard--addressDetailDetailsCity1","interaction":{"idSuffix":"inner"}},"clearTextFirst":true,"interactionType":"ENTER_TEXT"}]}
COMMAND: POST /session/129c046a4c158aab34184c97257eb527/execute/async - {"script":"<script> [1562 bytes]","args":[{"selector":{"id":"application-manageyards-display-component---NewYard--addressDetailDetailsCountry-arrow"},"wdio_ui5_key":"applicationmanageyards-display-component---NewYard--addressDetailDetailsCountry-arrow"}]}
RESULT: {"script":"<script> [1562 bytes]","args":[{"selector":{"id":"application-manageyards-display-component---NewYard--addressDetailDetailsCountry-arrow"},"wdio_ui5_key":"applicationmanageyards-display-component---NewYard--addressDetailDetailsCountry-arrow"}]}
RESULT: undefined
COMMAND: POST /session/129c046a4c158aab34184c97257eb527/element - {"using":"xpath","value":"//*[@id=\"application-manageyards-display-component---NewYard--addressDetailDetailsCountry-arrow\"]"}
RESULT: {"using":"xpath","value":"//*[@id=\"application-manageyards-display-component---NewYard--addressDetailDetailsCountry-arrow\"]"}
COMMAND: POST /session/129c046a4c158aab34184c97257eb527/element/f.8E45E670A1384E074590F00FAD9F292A.d.B9315B5F6C892A79F8A4A16B771F67C2.e.7331/click - {}
RESULT: {}
COMMAND: POST /session/129c046a4c158aab34184c97257eb527/element - {"using":"xpath","value":"//span[contains(text(), \"Argentina\")]"}
COMMAND: GET /session/129c046a4c158aab34184c97257eb527/screenshot - {}
RESULT: {"using":"xpath","value":"//span[contains(text(), \"Argentina\")]"}
COMMAND: POST /session/129c046a4c158aab34184c97257eb527/element/f.8E45E670A1384E074590F00FAD9F292A.d.B9315B5F6C892A79F8A4A16B771F67C2.e.7332/click - {}
RESULT: {}
RESULT: {}
COMMAND: POST /session/129c046a4c158aab34184c97257eb527/execute/async - {"script":"<script> [1562 bytes]","args":[{"selector":{"id":"application-manageyards-display-component---NewYard--addressEditDetailsCostObjectCstType-arrow"},"wdio_ui5_key":"applicationmanageyards-display-component---NewYard--addressEditDetailsCostObjectCstType-arrow"}]}
COMMAND: GET /session/129c046a4c158aab34184c97257eb527/screenshot - {}
RESULT: {"script":"<script> [1562 bytes]","args":[{"selector":{"id":"application-manageyards-display-component---NewYard--addressEditDetailsCostObjectCstType-arrow"},"wdio_ui5_key":"applicationmanageyards-display-component---NewYard--addressEditDetailsCostObjectCstType-arrow"}]}
RESULT: undefined
COMMAND: POST /session/129c046a4c158aab34184c97257eb527/element - {"using":"xpath","value":"//*[@id=\"application-manageyards-display-component---NewYard--addressEditDetailsCostObjectCstType-arrow\"]"}
RESULT: {}
RESULT: {"using":"xpath","value":"//*[@id=\"application-manageyards-display-component---NewYard--addressEditDetailsCostObjectCstType-arrow\"]"}
COMMAND: POST /session/129c046a4c158aab34184c97257eb527/element/f.8E45E670A1384E074590F00FAD9F292A.d.B9315B5F6C892A79F8A4A16B771F67C2.e.7334/click - {}
RESULT: {}
COMMAND: POST /session/129c046a4c158aab34184c97257eb527/element - {"using":"xpath","value":"//span[contains(text(), \"Cost Center\")]"}
COMMAND: GET /session/129c046a4c158aab34184c97257eb527/screenshot - {}
RESULT: {"using":"xpath","value":"//span[contains(text(), \"Cost Center\")]"}
COMMAND: POST /session/129c046a4c158aab34184c97257eb527/element/f.8E45E670A1384E074590F00FAD9F292A.d.B9315B5F6C892A79F8A4A16B771F67C2.e.7335/click - {}
RESULT: {}
RESULT: {}
COMMAND: GET /session/129c046a4c158aab34184c97257eb527/screenshot - {}
RESULT: {}
COMMAND: POST /session/129c046a4c158aab34184c97257eb527/element - {"using":"xpath","value":"//span[@id=\"application-manageyards-display-component---NewYard--addressNewCostObjectCstID-vhi\"]"}
RESULT: {"using":"xpath","value":"//span[@id=\"application-manageyards-display-component---NewYard--addressNewCostObjectCstID-vhi\"]"}
COMMAND: POST /session/129c046a4c158aab34184c97257eb527/execute/sync - {"script":"<script> [8489 bytes]","args":[{"element-6066-11e4-a52e-4f735466cecf":"f.8E45E670A1384E074590F00FAD9F292A.d.B9315B5F6C892A79F8A4A16B771F67C2.e.7338","ELEMENT":"f.8E45E670A1384E074590F00FAD9F292A.d.B9315B5F6C892A79F8A4A16B771F67C2.e.7338"}]}
RESULT: {"script":"<script> [8489 bytes]","args":[{"element-6066-11e4-a52e-4f735466cecf":"f.8E45E670A1384E074590F00FAD9F292A.d.B9315B5F6C892A79F8A4A16B771F67C2.e.7338","ELEMENT":"f.8E45E670A1384E074590F00FAD9F292A.d.B9315B5F6C892A79F8A4A16B771F67C2.e.7338"}]}
COMMAND: POST /session/129c046a4c158aab34184c97257eb527/execute/async - {"script":"<script> [1562 bytes]","args":[{"selector":{"id":"application-manageyards-display-component---NewYard--addressNewCostObjectCstID-vhi"},"wdio_ui5_key":"applicationmanageyards-display-component---NewYard--addressNewCostObjectCstID-vhi"}]}
COMMAND: GET /session/129c046a4c158aab34184c97257eb527/screenshot - {}
RESULT: {"script":"<script> [1562 bytes]","args":[{"selector":{"id":"application-manageyards-display-component---NewYard--addressNewCostObjectCstID-vhi"},"wdio_ui5_key":"applicationmanageyards-display-component---NewYard--addressNewCostObjectCstID-vhi"}]}
RESULT: undefined
COMMAND: POST /session/129c046a4c158aab34184c97257eb527/element - {"using":"xpath","value":"//*[@id=\"application-manageyards-display-component---NewYard--addressNewCostObjectCstID-vhi\"]"}
RESULT: {}
RESULT: {"using":"xpath","value":"//*[@id=\"application-manageyards-display-component---NewYard--addressNewCostObjectCstID-vhi\"]"}
COMMAND: POST /session/129c046a4c158aab34184c97257eb527/element/f.8E45E670A1384E074590F00FAD9F292A.d.B9315B5F6C892A79F8A4A16B771F67C2.e.7338/click - {}
RESULT: {}
COMMAND: GET /session/129c046a4c158aab34184c97257eb527/screenshot - {}
COMMAND: POST /session/129c046a4c158aab34184c97257eb527/execute/async - {"script":"<script> [1562 bytes]","args":[{"selector":{"controlType":"sap.m.SearchField","properties":{"placeholder":"Search"},"searchOpenDialogs":true,"interaction":{"idSuffix":"I"}},"wdio_ui5_key":"sapm.SearchField{\"placeholder\":\"Search\"}"}]}
RESULT: {}
RESULT: {"script":"<script> [1562 bytes]","args":[{"selector":{"controlType":"sap.m.SearchField","properties":{"placeholder":"Search"},"searchOpenDialogs":true,"interaction":{"idSuffix":"I"}},"wdio_ui5_key":"sapm.SearchField{\"placeholder\":\"Search\"}"}]}
RESULT: undefined
COMMAND: POST /session/129c046a4c158aab34184c97257eb527/execute/async - {"script":"<script> [776 bytes]","args":[{"enterText":"10001013","selector":{"controlType":"sap.m.SearchField","properties":{"placeholder":"Search"},"searchOpenDialogs":true,"interaction":{"idSuffix":"I"}},"clearTextFirst":true,"interactionType":"ENTER_TEXT"}]}
RESULT: {"script":"<script> [776 bytes]","args":[{"enterText":"10001013","selector":{"controlType":"sap.m.SearchField","properties":{"placeholder":"Search"},"searchOpenDialogs":true,"interaction":{"idSuffix":"I"}},"clearTextFirst":true,"interactionType":"ENTER_TEXT"}]}
COMMAND: POST /session/129c046a4c158aab34184c97257eb527/actions - {"actions":[{"id":"action22","type":"key","parameters":{},"actions":[{"type":"keyDown","value":""},{"type":"pause","duration":10},{"type":"keyUp","value":""}]}]}
RESULT: {"actions":[{"id":"action22","type":"key","parameters":{},"actions":[{"type":"keyDown","value":""},{"type":"pause","duration":10},{"type":"keyUp","value":""}]}]}
COMMAND: GET /session/129c046a4c158aab34184c97257eb527/screenshot - {}
RESULT: {}
COMMAND: POST /session/129c046a4c158aab34184c97257eb527/element - {"using":"xpath","value":"//span[contains(text(), \"General Management\")]"}
RESULT: {"using":"xpath","value":"//span[contains(text(), \"General Management\")]"}
COMMAND: POST /session/129c046a4c158aab34184c97257eb527/element/f.8E45E670A1384E074590F00FAD9F292A.d.B9315B5F6C892A79F8A4A16B771F67C2.e.7380/click - {}
RESULT: {}
COMMAND: GET /session/129c046a4c158aab34184c97257eb527/screenshot - {}
RESULT: {}
COMMAND: POST /session/129c046a4c158aab34184c97257eb527/element - {"using":"xpath","value":"//bdi[contains(text(), \"OK\")]"}
RESULT: {"using":"xpath","value":"//bdi[contains(text(), \"OK\")]"}
COMMAND: POST /session/129c046a4c158aab34184c97257eb527/element/f.8E45E670A1384E074590F00FAD9F292A.d.B9315B5F6C892A79F8A4A16B771F67C2.e.7381/click - {}
RESULT: {}
COMMAND: GET /session/129c046a4c158aab34184c97257eb527/screenshot - {}
RESULT: {}
COMMAND: POST /session/129c046a4c158aab34184c97257eb527/execute/async - {"script":"<script> [1562 bytes]","args":[{"selector":{"id":"application-manageyards-display-component---NewYard--addressEditDetailsCurrency-arrow"},"wdio_ui5_key":"applicationmanageyards-display-component---NewYard--addressEditDetailsCurrency-arrow"}]}
RESULT: {"script":"<script> [1562 bytes]","args":[{"selector":{"id":"application-manageyards-display-component---NewYard--addressEditDetailsCurrency-arrow"},"wdio_ui5_key":"applicationmanageyards-display-component---NewYard--addressEditDetailsCurrency-arrow"}]}
RESULT: undefined
COMMAND: POST /session/129c046a4c158aab34184c97257eb527/element - {"using":"xpath","value":"//*[@id=\"application-manageyards-display-component---NewYard--addressEditDetailsCurrency-arrow\"]"}
RESULT: {"using":"xpath","value":"//*[@id=\"application-manageyards-display-component---NewYard--addressEditDetailsCurrency-arrow\"]"}
COMMAND: POST /session/129c046a4c158aab34184c97257eb527/element/f.8E45E670A1384E074590F00FAD9F292A.d.B9315B5F6C892A79F8A4A16B771F67C2.e.7384/click - {}
RESULT: {}
COMMAND: POST /session/129c046a4c158aab34184c97257eb527/element - {"using":"xpath","value":"//span[contains(text(), \"Euro\")]"}
COMMAND: GET /session/129c046a4c158aab34184c97257eb527/screenshot - {}
RESULT: {"using":"xpath","value":"//span[contains(text(), \"Euro\")]"}
COMMAND: POST /session/129c046a4c158aab34184c97257eb527/element/f.8E45E670A1384E074590F00FAD9F292A.d.B9315B5F6C892A79F8A4A16B771F67C2.e.7385/click - {}
RESULT: {}
RESULT: {}
COMMAND: POST /session/129c046a4c158aab34184c97257eb527/execute/async - {"script":"<script> [1562 bytes]","args":[{"selector":{"controlType":"sap.m.Input","viewName":"etm.portal.ui.manageyards.view.New","viewId":"application-manageyards-display-component---NewYard","bindingPath":{"path":"","propertyPath":"/CONTROLLING_AREA","modelName":"NewYardModel"},"interaction":{"idSuffix":"inner"}},"wdio_ui5_key":"etmportal.ui.manageyards.view.Newsap.m.Input{\"path\":\"\",\"propertyPath\":\"/CONTROLLING_AREA\",\"modelName\":\"NewYardModel\"}"}]}
COMMAND: GET /session/129c046a4c158aab34184c97257eb527/screenshot - {}
RESULT: {"script":"<script> [1562 bytes]","args":[{"selector":{"controlType":"sap.m.Input","viewName":"etm.portal.ui.manageyards.view.New","viewId":"application-manageyards-display-component---NewYard","bindingPath":{"path":"","propertyPath":"/CONTROLLING_AREA","modelName":"NewYardModel"},"interaction":{"idSuffix":"inner"}},"wdio_ui5_key":"etmportal.ui.manageyards.view.Newsap.m.Input{\"path\":\"\",\"propertyPath\":\"/CONTROLLING_AREA\",\"modelName\":\"NewYardModel\"}"}]}
RESULT: undefined
COMMAND: POST /session/129c046a4c158aab34184c97257eb527/execute/async - {"script":"<script> [776 bytes]","args":[{"enterText":"Z001","selector":{"controlType":"sap.m.Input","viewName":"etm.portal.ui.manageyards.view.New","viewId":"application-manageyards-display-component---NewYard","bindingPath":{"path":"","propertyPath":"/CONTROLLING_AREA","modelName":"NewYardModel"},"interaction":{"idSuffix":"inner"}},"clearTextFirst":true,"interactionType":"ENTER_TEXT"}]}
RESULT: {}
RESULT: {"script":"<script> [776 bytes]","args":[{"enterText":"Z001","selector":{"controlType":"sap.m.Input","viewName":"etm.portal.ui.manageyards.view.New","viewId":"application-manageyards-display-component---NewYard","bindingPath":{"path":"","propertyPath":"/CONTROLLING_AREA","modelName":"NewYardModel"},"interaction":{"idSuffix":"inner"}},"clearTextFirst":true,"interactionType":"ENTER_TEXT"}]}
COMMAND: POST /session/129c046a4c158aab34184c97257eb527/execute/async - {"script":"<script> [1562 bytes]","args":[{"selector":{"id":"application-manageyards-display-component---NewYard--companyCodeComboBox","interaction":{"idSuffix":"inner"}},"wdio_ui5_key":"applicationmanageyards-display-component---NewYard--companyCodeComboBox"}]}
RESULT: {"script":"<script> [1562 bytes]","args":[{"selector":{"id":"application-manageyards-display-component---NewYard--companyCodeComboBox","interaction":{"idSuffix":"inner"}},"wdio_ui5_key":"applicationmanageyards-display-component---NewYard--companyCodeComboBox"}]}
RESULT: undefined
COMMAND: POST /session/129c046a4c158aab34184c97257eb527/execute/async - {"script":"<script> [776 bytes]","args":[{"enterText":"1000","selector":{"id":"application-manageyards-display-component---NewYard--companyCodeComboBox","interaction":{"idSuffix":"inner"}},"clearTextFirst":true,"interactionType":"ENTER_TEXT"}]}
RESULT: {"script":"<script> [776 bytes]","args":[{"enterText":"1000","selector":{"id":"application-manageyards-display-component---NewYard--companyCodeComboBox","interaction":{"idSuffix":"inner"}},"clearTextFirst":true,"interactionType":"ENTER_TEXT"}]}
COMMAND: POST /session/129c046a4c158aab34184c97257eb527/execute/async - {"script":"<script> [1562 bytes]","args":[{"selector":{"controlType":"sap.m.Input","viewName":"etm.portal.ui.manageyards.view.New","viewId":"application-manageyards-display-component---NewYard","bindingPath":{"path":"","propertyPath":"/PLANT","modelName":"NewYardModel"},"interaction":{"idSuffix":"inner"}},"wdio_ui5_key":"etmportal.ui.manageyards.view.Newsap.m.Input{\"path\":\"\",\"propertyPath\":\"/PLANT\",\"modelName\":\"NewYardModel\"}"}]}
RESULT: {"script":"<script> [1562 bytes]","args":[{"selector":{"controlType":"sap.m.Input","viewName":"etm.portal.ui.manageyards.view.New","viewId":"application-manageyards-display-component---NewYard","bindingPath":{"path":"","propertyPath":"/PLANT","modelName":"NewYardModel"},"interaction":{"idSuffix":"inner"}},"wdio_ui5_key":"etmportal.ui.manageyards.view.Newsap.m.Input{\"path\":\"\",\"propertyPath\":\"/PLANT\",\"modelName\":\"NewYardModel\"}"}]}
RESULT: undefined
COMMAND: POST /session/129c046a4c158aab34184c97257eb527/execute/async - {"script":"<script> [776 bytes]","args":[{"enterText":"1001","selector":{"controlType":"sap.m.Input","viewName":"etm.portal.ui.manageyards.view.New","viewId":"application-manageyards-display-component---NewYard","bindingPath":{"path":"","propertyPath":"/PLANT","modelName":"NewYardModel"},"interaction":{"idSuffix":"inner"}},"clearTextFirst":true,"interactionType":"ENTER_TEXT"}]}
RESULT: {"script":"<script> [776 bytes]","args":[{"enterText":"1001","selector":{"controlType":"sap.m.Input","viewName":"etm.portal.ui.manageyards.view.New","viewId":"application-manageyards-display-component---NewYard","bindingPath":{"path":"","propertyPath":"/PLANT","modelName":"NewYardModel"},"interaction":{"idSuffix":"inner"}},"clearTextFirst":true,"interactionType":"ENTER_TEXT"}]}
COMMAND: POST /session/129c046a4c158aab34184c97257eb527/execute/async - {"script":"<script> [1562 bytes]","args":[{"selector":{"controlType":"sap.m.Input","viewName":"etm.portal.ui.manageyards.view.New","viewId":"application-manageyards-display-component---NewYard","bindingPath":{"path":"","propertyPath":"/SALES_AREA_VKORG","modelName":"NewYardModel"},"interaction":{"idSuffix":"inner"}},"wdio_ui5_key":"etmportal.ui.manageyards.view.Newsap.m.Input{\"path\":\"\",\"propertyPath\":\"/SALES_AREA_VKORG\",\"modelName\":\"NewYardModel\"}"}]}
RESULT: {"script":"<script> [1562 bytes]","args":[{"selector":{"controlType":"sap.m.Input","viewName":"etm.portal.ui.manageyards.view.New","viewId":"application-manageyards-display-component---NewYard","bindingPath":{"path":"","propertyPath":"/SALES_AREA_VKORG","modelName":"NewYardModel"},"interaction":{"idSuffix":"inner"}},"wdio_ui5_key":"etmportal.ui.manageyards.view.Newsap.m.Input{\"path\":\"\",\"propertyPath\":\"/SALES_AREA_VKORG\",\"modelName\":\"NewYardModel\"}"}]}
RESULT: undefined
COMMAND: POST /session/129c046a4c158aab34184c97257eb527/execute/async - {"script":"<script> [776 bytes]","args":[{"enterText":"C002","selector":{"controlType":"sap.m.Input","viewName":"etm.portal.ui.manageyards.view.New","viewId":"application-manageyards-display-component---NewYard","bindingPath":{"path":"","propertyPath":"/SALES_AREA_VKORG","modelName":"NewYardModel"},"interaction":{"idSuffix":"inner"}},"clearTextFirst":true,"interactionType":"ENTER_TEXT"}]}
RESULT: {"script":"<script> [776 bytes]","args":[{"enterText":"C002","selector":{"controlType":"sap.m.Input","viewName":"etm.portal.ui.manageyards.view.New","viewId":"application-manageyards-display-component---NewYard","bindingPath":{"path":"","propertyPath":"/SALES_AREA_VKORG","modelName":"NewYardModel"},"interaction":{"idSuffix":"inner"}},"clearTextFirst":true,"interactionType":"ENTER_TEXT"}]}
COMMAND: POST /session/129c046a4c158aab34184c97257eb527/execute/async - {"script":"<script> [1562 bytes]","args":[{"selector":{"controlType":"sap.m.Input","viewName":"etm.portal.ui.manageyards.view.New","viewId":"application-manageyards-display-component---NewYard","bindingPath":{"path":"","propertyPath":"/SALES_AREA_VTWEG","modelName":"NewYardModel"},"interaction":{"idSuffix":"inner"}},"wdio_ui5_key":"etmportal.ui.manageyards.view.Newsap.m.Input{\"path\":\"\",\"propertyPath\":\"/SALES_AREA_VTWEG\",\"modelName\":\"NewYardModel\"}"}]}
RESULT: {"script":"<script> [1562 bytes]","args":[{"selector":{"controlType":"sap.m.Input","viewName":"etm.portal.ui.manageyards.view.New","viewId":"application-manageyards-display-component---NewYard","bindingPath":{"path":"","propertyPath":"/SALES_AREA_VTWEG","modelName":"NewYardModel"},"interaction":{"idSuffix":"inner"}},"wdio_ui5_key":"etmportal.ui.manageyards.view.Newsap.m.Input{\"path\":\"\",\"propertyPath\":\"/SALES_AREA_VTWEG\",\"modelName\":\"NewYardModel\"}"}]}
RESULT: undefined
COMMAND: POST /session/129c046a4c158aab34184c97257eb527/execute/async - {"script":"<script> [776 bytes]","args":[{"enterText":"C2","selector":{"controlType":"sap.m.Input","viewName":"etm.portal.ui.manageyards.view.New","viewId":"application-manageyards-display-component---NewYard","bindingPath":{"path":"","propertyPath":"/SALES_AREA_VTWEG","modelName":"NewYardModel"},"interaction":{"idSuffix":"inner"}},"clearTextFirst":true,"interactionType":"ENTER_TEXT"}]}
RESULT: {"script":"<script> [776 bytes]","args":[{"enterText":"C2","selector":{"controlType":"sap.m.Input","viewName":"etm.portal.ui.manageyards.view.New","viewId":"application-manageyards-display-component---NewYard","bindingPath":{"path":"","propertyPath":"/SALES_AREA_VTWEG","modelName":"NewYardModel"},"interaction":{"idSuffix":"inner"}},"clearTextFirst":true,"interactionType":"ENTER_TEXT"}]}
COMMAND: POST /session/129c046a4c158aab34184c97257eb527/execute/async - {"script":"<script> [1562 bytes]","args":[{"selector":{"controlType":"sap.m.Input","viewName":"etm.portal.ui.manageyards.view.New","viewId":"application-manageyards-display-component---NewYard","bindingPath":{"path":"","propertyPath":"/SALES_AREA_SPART","modelName":"NewYardModel"},"interaction":{"idSuffix":"inner"}},"wdio_ui5_key":"etmportal.ui.manageyards.view.Newsap.m.Input{\"path\":\"\",\"propertyPath\":\"/SALES_AREA_SPART\",\"modelName\":\"NewYardModel\"}"}]}
RESULT: {"script":"<script> [1562 bytes]","args":[{"selector":{"controlType":"sap.m.Input","viewName":"etm.portal.ui.manageyards.view.New","viewId":"application-manageyards-display-component---NewYard","bindingPath":{"path":"","propertyPath":"/SALES_AREA_SPART","modelName":"NewYardModel"},"interaction":{"idSuffix":"inner"}},"wdio_ui5_key":"etmportal.ui.manageyards.view.Newsap.m.Input{\"path\":\"\",\"propertyPath\":\"/SALES_AREA_SPART\",\"modelName\":\"NewYardModel\"}"}]}
RESULT: undefined
COMMAND: POST /session/129c046a4c158aab34184c97257eb527/execute/async - {"script":"<script> [776 bytes]","args":[{"enterText":"C2","selector":{"controlType":"sap.m.Input","viewName":"etm.portal.ui.manageyards.view.New","viewId":"application-manageyards-display-component---NewYard","bindingPath":{"path":"","propertyPath":"/SALES_AREA_SPART","modelName":"NewYardModel"},"interaction":{"idSuffix":"inner"}},"clearTextFirst":true,"interactionType":"ENTER_TEXT"}]}
RESULT: {"script":"<script> [776 bytes]","args":[{"enterText":"C2","selector":{"controlType":"sap.m.Input","viewName":"etm.portal.ui.manageyards.view.New","viewId":"application-manageyards-display-component---NewYard","bindingPath":{"path":"","propertyPath":"/SALES_AREA_SPART","modelName":"NewYardModel"},"interaction":{"idSuffix":"inner"}},"clearTextFirst":true,"interactionType":"ENTER_TEXT"}]}
COMMAND: POST /session/129c046a4c158aab34184c97257eb527/execute/async - {"script":"<script> [1562 bytes]","args":[{"selector":{"controlType":"sap.m.Input","viewName":"etm.portal.ui.manageyards.view.New","viewId":"application-manageyards-display-component---NewYard","bindingPath":{"path":"","propertyPath":"/SHIP_POINT","modelName":"NewYardModel"},"interaction":{"idSuffix":"inner"}},"wdio_ui5_key":"etmportal.ui.manageyards.view.Newsap.m.Input{\"path\":\"\",\"propertyPath\":\"/SHIP_POINT\",\"modelName\":\"NewYardModel\"}"}]}
RESULT: {"script":"<script> [1562 bytes]","args":[{"selector":{"controlType":"sap.m.Input","viewName":"etm.portal.ui.manageyards.view.New","viewId":"application-manageyards-display-component---NewYard","bindingPath":{"path":"","propertyPath":"/SHIP_POINT","modelName":"NewYardModel"},"interaction":{"idSuffix":"inner"}},"wdio_ui5_key":"etmportal.ui.manageyards.view.Newsap.m.Input{\"path\":\"\",\"propertyPath\":\"/SHIP_POINT\",\"modelName\":\"NewYardModel\"}"}]}
RESULT: undefined
COMMAND: POST /session/129c046a4c158aab34184c97257eb527/execute/async - {"script":"<script> [776 bytes]","args":[{"enterText":"1710","selector":{"controlType":"sap.m.Input","viewName":"etm.portal.ui.manageyards.view.New","viewId":"application-manageyards-display-component---NewYard","bindingPath":{"path":"","propertyPath":"/SHIP_POINT","modelName":"NewYardModel"},"interaction":{"idSuffix":"inner"}},"clearTextFirst":true,"interactionType":"ENTER_TEXT"}]}
RESULT: {"script":"<script> [776 bytes]","args":[{"enterText":"1710","selector":{"controlType":"sap.m.Input","viewName":"etm.portal.ui.manageyards.view.New","viewId":"application-manageyards-display-component---NewYard","bindingPath":{"path":"","propertyPath":"/SHIP_POINT","modelName":"NewYardModel"},"interaction":{"idSuffix":"inner"}},"clearTextFirst":true,"interactionType":"ENTER_TEXT"}]}
COMMAND: POST /session/129c046a4c158aab34184c97257eb527/execute/async - {"script":"<script> [1562 bytes]","args":[{"selector":{"controlType":"sap.m.Input","viewName":"etm.portal.ui.manageyards.view.New","viewId":"application-manageyards-display-component---NewYard","bindingPath":{"path":"","propertyPath":"/DELIVERY_TYPE","modelName":"NewYardModel"},"interaction":{"idSuffix":"inner"}},"wdio_ui5_key":"etmportal.ui.manageyards.view.Newsap.m.Input{\"path\":\"\",\"propertyPath\":\"/DELIVERY_TYPE\",\"modelName\":\"NewYardModel\"}"}]}
RESULT: {"script":"<script> [1562 bytes]","args":[{"selector":{"controlType":"sap.m.Input","viewName":"etm.portal.ui.manageyards.view.New","viewId":"application-manageyards-display-component---NewYard","bindingPath":{"path":"","propertyPath":"/DELIVERY_TYPE","modelName":"NewYardModel"},"interaction":{"idSuffix":"inner"}},"wdio_ui5_key":"etmportal.ui.manageyards.view.Newsap.m.Input{\"path\":\"\",\"propertyPath\":\"/DELIVERY_TYPE\",\"modelName\":\"NewYardModel\"}"}]}
RESULT: undefined
COMMAND: POST /session/129c046a4c158aab34184c97257eb527/execute/async - {"script":"<script> [776 bytes]","args":[{"enterText":"ZL01","selector":{"controlType":"sap.m.Input","viewName":"etm.portal.ui.manageyards.view.New","viewId":"application-manageyards-display-component---NewYard","bindingPath":{"path":"","propertyPath":"/DELIVERY_TYPE","modelName":"NewYardModel"},"interaction":{"idSuffix":"inner"}},"clearTextFirst":true,"interactionType":"ENTER_TEXT"}]}
RESULT: {"script":"<script> [776 bytes]","args":[{"enterText":"ZL01","selector":{"controlType":"sap.m.Input","viewName":"etm.portal.ui.manageyards.view.New","viewId":"application-manageyards-display-component---NewYard","bindingPath":{"path":"","propertyPath":"/DELIVERY_TYPE","modelName":"NewYardModel"},"interaction":{"idSuffix":"inner"}},"clearTextFirst":true,"interactionType":"ENTER_TEXT"}]}
COMMAND: POST /session/129c046a4c158aab34184c97257eb527/execute/async - {"script":"<script> [1562 bytes]","args":[{"selector":{"controlType":"sap.m.Input","viewName":"etm.portal.ui.manageyards.view.New","viewId":"application-manageyards-display-component---NewYard","bindingPath":{"path":"","propertyPath":"/AUART","modelName":"NewYardModel"},"interaction":{"idSuffix":"inner"}},"wdio_ui5_key":"etmportal.ui.manageyards.view.Newsap.m.Input{\"path\":\"\",\"propertyPath\":\"/AUART\",\"modelName\":\"NewYardModel\"}"}]}
RESULT: {"script":"<script> [1562 bytes]","args":[{"selector":{"controlType":"sap.m.Input","viewName":"etm.portal.ui.manageyards.view.New","viewId":"application-manageyards-display-component---NewYard","bindingPath":{"path":"","propertyPath":"/AUART","modelName":"NewYardModel"},"interaction":{"idSuffix":"inner"}},"wdio_ui5_key":"etmportal.ui.manageyards.view.Newsap.m.Input{\"path\":\"\",\"propertyPath\":\"/AUART\",\"modelName\":\"NewYardModel\"}"}]}
RESULT: undefined
COMMAND: POST /session/129c046a4c158aab34184c97257eb527/execute/async - {"script":"<script> [776 bytes]","args":[{"enterText":"TA","selector":{"controlType":"sap.m.Input","viewName":"etm.portal.ui.manageyards.view.New","viewId":"application-manageyards-display-component---NewYard","bindingPath":{"path":"","propertyPath":"/AUART","modelName":"NewYardModel"},"interaction":{"idSuffix":"inner"}},"clearTextFirst":true,"interactionType":"ENTER_TEXT"}]}
RESULT: {"script":"<script> [776 bytes]","args":[{"enterText":"TA","selector":{"controlType":"sap.m.Input","viewName":"etm.portal.ui.manageyards.view.New","viewId":"application-manageyards-display-component---NewYard","bindingPath":{"path":"","propertyPath":"/AUART","modelName":"NewYardModel"},"interaction":{"idSuffix":"inner"}},"clearTextFirst":true,"interactionType":"ENTER_TEXT"}]}
COMMAND: POST /session/129c046a4c158aab34184c97257eb527/element - {"using":"xpath","value":"//button[@data-kt=\"newYardSaveButton\"]"}
RESULT: {"using":"xpath","value":"//button[@data-kt=\"newYardSaveButton\"]"}
COMMAND: POST /session/129c046a4c158aab34184c97257eb527/element/f.8E45E670A1384E074590F00FAD9F292A.d.B9315B5F6C892A79F8A4A16B771F67C2.e.7313/click - {}
RESULT: {}
COMMAND: GET /session/129c046a4c158aab34184c97257eb527/screenshot - {}
RESULT: {}
COMMAND: POST /session/129c046a4c158aab34184c97257eb527/element - {"using":"xpath","value":"//header[contains(@id, 'ObjectPageLayout-headerTitle')]/div[1]/div[2]/div[1]/span[1]"}
RESULT: {"using":"xpath","value":"//header[contains(@id, 'ObjectPageLayout-headerTitle')]/div[1]/div[2]/div[1]/span[1]"}
COMMAND: POST /session/129c046a4c158aab34184c97257eb527/elements - {"using":"xpath","value":"//header[contains(@id, 'ObjectPageLayout-headerTitle')]/div[1]/div[2]/div[1]/span[1]"}
RESULT: {"using":"xpath","value":"//header[contains(@id, 'ObjectPageLayout-headerTitle')]/div[1]/div[2]/div[1]/span[1]"}
COMMAND: POST /session/129c046a4c158aab34184c97257eb527/execute/sync - {"script":"<script> [56 bytes]","args":[{"element-6066-11e4-a52e-4f735466cecf":"f.8E45E670A1384E074590F00FAD9F292A.d.B9315B5F6C892A79F8A4A16B771F67C2.e.7610","ELEMENT":"f.8E45E670A1384E074590F00FAD9F292A.d.B9315B5F6C892A79F8A4A16B771F67C2.e.7610"}]}
RESULT: {"script":"<script> [56 bytes]","args":[{"element-6066-11e4-a52e-4f735466cecf":"f.8E45E670A1384E074590F00FAD9F292A.d.B9315B5F6C892A79F8A4A16B771F67C2.e.7610","ELEMENT":"f.8E45E670A1384E074590F00FAD9F292A.d.B9315B5F6C892A79F8A4A16B771F67C2.e.7610"}]}
COMMAND: GET /session/129c046a4c158aab34184c97257eb527/screenshot - {}
RESULT: {}
COMMAND: POST /session/129c046a4c158aab34184c97257eb527/element - {"using":"css selector","value":"#shell-header-logo"}
RESULT: {"using":"css selector","value":"#shell-header-logo"}
COMMAND: POST /session/129c046a4c158aab34184c97257eb527/element/f.8E45E670A1384E074590F00FAD9F292A.d.B9315B5F6C892A79F8A4A16B771F67C2.e.6864/click - {}
RESULT: {}
COMMAND: GET /session/129c046a4c158aab34184c97257eb527/screenshot - {}
RESULT: {}
COMMAND: POST /session/129c046a4c158aab34184c97257eb527/execute/sync - {"script":"<script> [299 bytes]","args":[["getModel","getResource"]]}
RESULT: {"script":"<script> [299 bytes]","args":[["getModel","getResource"]]}
]]></system-out>
    </testcase>
    <testcase classname="chrome.135_0_7049_96.windows.Billing_Transfer_-_Intracompany_US127249" name="Should create a new partner" time="120.599">
      <system-out><![CDATA[
COMMAND: POST /session/129c046a4c158aab34184c97257eb527/window/fullscreen - {}
COMMAND: GET /session/129c046a4c158aab34184c97257eb527/screenshot - {}
RESULT: {}
COMMAND: POST /session/129c046a4c158aab34184c97257eb527/execute/async - {"script":"<script> [1562 bytes]","args":[{"selector":{"controlType":"sap.m.GenericTile","properties":{"header":"Manage Partners"}},"wdio_ui5_key":"sapm.GenericTile{\"header\":\"Manage Partners\"}"}]}
RESULT: {}
RESULT: {"script":"<script> [1562 bytes]","args":[{"selector":{"controlType":"sap.m.GenericTile","properties":{"header":"Manage Partners"}},"wdio_ui5_key":"sapm.GenericTile{\"header\":\"Manage Partners\"}"}]}
RESULT: undefined
COMMAND: POST /session/129c046a4c158aab34184c97257eb527/element - {"using":"xpath","value":"//*[@id=\"__tile38\"]"}
RESULT: {"using":"xpath","value":"//*[@id=\"__tile38\"]"}
COMMAND: POST /session/129c046a4c158aab34184c97257eb527/element/f.8E45E670A1384E074590F00FAD9F292A.d.B9315B5F6C892A79F8A4A16B771F67C2.e.6752/click - {}
RESULT: {}
COMMAND: POST /session/129c046a4c158aab34184c97257eb527/element - {"using":"xpath","value":"//button[@data-kt=\"addButton\"]"}
COMMAND: GET /session/129c046a4c158aab34184c97257eb527/screenshot - {}
RESULT: {"using":"xpath","value":"//button[@data-kt=\"addButton\"]"}
COMMAND: POST /session/129c046a4c158aab34184c97257eb527/elements - {"using":"xpath","value":"//button[@data-kt=\"addButton\"]"}
RESULT: {}
RESULT: {"using":"xpath","value":"//button[@data-kt=\"addButton\"]"}
COMMAND: POST /session/129c046a4c158aab34184c97257eb527/elements - {"using":"xpath","value":"//button[@data-kt=\"addButton\"]"}
RESULT: {"using":"xpath","value":"//button[@data-kt=\"addButton\"]"}
COMMAND: POST /session/129c046a4c158aab34184c97257eb527/elements - {"using":"xpath","value":"//button[@data-kt=\"addButton\"]"}
RESULT: {"using":"xpath","value":"//button[@data-kt=\"addButton\"]"}
COMMAND: POST /session/129c046a4c158aab34184c97257eb527/elements - {"using":"xpath","value":"//button[@data-kt=\"addButton\"]"}
RESULT: {"using":"xpath","value":"//button[@data-kt=\"addButton\"]"}
COMMAND: POST /session/129c046a4c158aab34184c97257eb527/elements - {"using":"xpath","value":"//button[@data-kt=\"addButton\"]"}
RESULT: {"using":"xpath","value":"//button[@data-kt=\"addButton\"]"}
COMMAND: POST /session/129c046a4c158aab34184c97257eb527/elements - {"using":"xpath","value":"//button[@data-kt=\"addButton\"]"}
RESULT: {"using":"xpath","value":"//button[@data-kt=\"addButton\"]"}
COMMAND: POST /session/129c046a4c158aab34184c97257eb527/elements - {"using":"xpath","value":"//button[@data-kt=\"addButton\"]"}
RESULT: {"using":"xpath","value":"//button[@data-kt=\"addButton\"]"}
COMMAND: POST /session/129c046a4c158aab34184c97257eb527/elements - {"using":"xpath","value":"//button[@data-kt=\"addButton\"]"}
RESULT: {"using":"xpath","value":"//button[@data-kt=\"addButton\"]"}
COMMAND: POST /session/129c046a4c158aab34184c97257eb527/elements - {"using":"xpath","value":"//button[@data-kt=\"addButton\"]"}
RESULT: {"using":"xpath","value":"//button[@data-kt=\"addButton\"]"}
COMMAND: POST /session/129c046a4c158aab34184c97257eb527/elements - {"using":"xpath","value":"//button[@data-kt=\"addButton\"]"}
RESULT: {"using":"xpath","value":"//button[@data-kt=\"addButton\"]"}
COMMAND: POST /session/129c046a4c158aab34184c97257eb527/elements - {"using":"xpath","value":"//button[@data-kt=\"addButton\"]"}
RESULT: {"using":"xpath","value":"//button[@data-kt=\"addButton\"]"}
COMMAND: POST /session/129c046a4c158aab34184c97257eb527/elements - {"using":"xpath","value":"//button[@data-kt=\"addButton\"]"}
RESULT: {"using":"xpath","value":"//button[@data-kt=\"addButton\"]"}
COMMAND: POST /session/129c046a4c158aab34184c97257eb527/elements - {"using":"xpath","value":"//button[@data-kt=\"addButton\"]"}
RESULT: {"using":"xpath","value":"//button[@data-kt=\"addButton\"]"}
COMMAND: POST /session/129c046a4c158aab34184c97257eb527/elements - {"using":"xpath","value":"//button[@data-kt=\"addButton\"]"}
RESULT: {"using":"xpath","value":"//button[@data-kt=\"addButton\"]"}
COMMAND: POST /session/129c046a4c158aab34184c97257eb527/elements - {"using":"xpath","value":"//button[@data-kt=\"addButton\"]"}
RESULT: {"using":"xpath","value":"//button[@data-kt=\"addButton\"]"}
COMMAND: POST /session/129c046a4c158aab34184c97257eb527/elements - {"using":"xpath","value":"//button[@data-kt=\"addButton\"]"}
RESULT: {"using":"xpath","value":"//button[@data-kt=\"addButton\"]"}
COMMAND: POST /session/129c046a4c158aab34184c97257eb527/elements - {"using":"xpath","value":"//button[@data-kt=\"addButton\"]"}
RESULT: {"using":"xpath","value":"//button[@data-kt=\"addButton\"]"}
COMMAND: POST /session/129c046a4c158aab34184c97257eb527/elements - {"using":"xpath","value":"//button[@data-kt=\"addButton\"]"}
RESULT: {"using":"xpath","value":"//button[@data-kt=\"addButton\"]"}
COMMAND: POST /session/129c046a4c158aab34184c97257eb527/elements - {"using":"xpath","value":"//button[@data-kt=\"addButton\"]"}
RESULT: {"using":"xpath","value":"//button[@data-kt=\"addButton\"]"}
COMMAND: POST /session/129c046a4c158aab34184c97257eb527/elements - {"using":"xpath","value":"//button[@data-kt=\"addButton\"]"}
RESULT: {"using":"xpath","value":"//button[@data-kt=\"addButton\"]"}
COMMAND: POST /session/129c046a4c158aab34184c97257eb527/element - {"using":"xpath","value":"//button[@data-kt=\"addButton\"]"}
RESULT: {"using":"xpath","value":"//button[@data-kt=\"addButton\"]"}
COMMAND: POST /session/129c046a4c158aab34184c97257eb527/execute/sync - {"script":"<script> [8489 bytes]","args":[{"element-6066-11e4-a52e-4f735466cecf":"f.8E45E670A1384E074590F00FAD9F292A.d.B9315B5F6C892A79F8A4A16B771F67C2.e.7659","ELEMENT":"f.8E45E670A1384E074590F00FAD9F292A.d.B9315B5F6C892A79F8A4A16B771F67C2.e.7659"}]}
RESULT: {"script":"<script> [8489 bytes]","args":[{"element-6066-11e4-a52e-4f735466cecf":"f.8E45E670A1384E074590F00FAD9F292A.d.B9315B5F6C892A79F8A4A16B771F67C2.e.7659","ELEMENT":"f.8E45E670A1384E074590F00FAD9F292A.d.B9315B5F6C892A79F8A4A16B771F67C2.e.7659"}]}
COMMAND: GET /session/129c046a4c158aab34184c97257eb527/element/f.8E45E670A1384E074590F00FAD9F292A.d.B9315B5F6C892A79F8A4A16B771F67C2.e.7659/enabled - {}
COMMAND: GET /session/129c046a4c158aab34184c97257eb527/screenshot - {}
RESULT: {}
COMMAND: POST /session/129c046a4c158aab34184c97257eb527/execute/sync - {"script":"<script> [8489 bytes]","args":[{"element-6066-11e4-a52e-4f735466cecf":"f.8E45E670A1384E074590F00FAD9F292A.d.B9315B5F6C892A79F8A4A16B771F67C2.e.7659","ELEMENT":"f.8E45E670A1384E074590F00FAD9F292A.d.B9315B5F6C892A79F8A4A16B771F67C2.e.7659"}]}
COMMAND: GET /session/129c046a4c158aab34184c97257eb527/screenshot - {}
RESULT: {}
RESULT: {"script":"<script> [8489 bytes]","args":[{"element-6066-11e4-a52e-4f735466cecf":"f.8E45E670A1384E074590F00FAD9F292A.d.B9315B5F6C892A79F8A4A16B771F67C2.e.7659","ELEMENT":"f.8E45E670A1384E074590F00FAD9F292A.d.B9315B5F6C892A79F8A4A16B771F67C2.e.7659"}]}
COMMAND: POST /session/129c046a4c158aab34184c97257eb527/execute/sync - {"script":"<script> [5351 bytes]","args":[{"element-6066-11e4-a52e-4f735466cecf":"f.8E45E670A1384E074590F00FAD9F292A.d.B9315B5F6C892A79F8A4A16B771F67C2.e.7659","ELEMENT":"f.8E45E670A1384E074590F00FAD9F292A.d.B9315B5F6C892A79F8A4A16B771F67C2.e.7659"}]}
COMMAND: GET /session/129c046a4c158aab34184c97257eb527/screenshot - {}
RESULT: {}
RESULT: {"script":"<script> [5351 bytes]","args":[{"element-6066-11e4-a52e-4f735466cecf":"f.8E45E670A1384E074590F00FAD9F292A.d.B9315B5F6C892A79F8A4A16B771F67C2.e.7659","ELEMENT":"f.8E45E670A1384E074590F00FAD9F292A.d.B9315B5F6C892A79F8A4A16B771F67C2.e.7659"}]}
COMMAND: POST /session/129c046a4c158aab34184c97257eb527/element/f.8E45E670A1384E074590F00FAD9F292A.d.B9315B5F6C892A79F8A4A16B771F67C2.e.7659/click - {}
COMMAND: GET /session/129c046a4c158aab34184c97257eb527/screenshot - {}
RESULT: {}
RESULT: {}
COMMAND: GET /session/129c046a4c158aab34184c97257eb527/screenshot - {}
COMMAND: POST /session/129c046a4c158aab34184c97257eb527/execute/async - {"script":"<script> [1562 bytes]","args":[{"selector":{"id":"application-managepartners-display-component---NewPartner--addressDetailDetailsName1","interaction":{"idSuffix":"inner"}},"wdio_ui5_key":"applicationmanagepartners-display-component---NewPartner--addressDetailDetailsName1"}]}
RESULT: {}
RESULT: {}
RESULT: {"script":"<script> [1562 bytes]","args":[{"selector":{"id":"application-managepartners-display-component---NewPartner--addressDetailDetailsName1","interaction":{"idSuffix":"inner"}},"wdio_ui5_key":"applicationmanagepartners-display-component---NewPartner--addressDetailDetailsName1"}]}
RESULT: undefined
COMMAND: POST /session/129c046a4c158aab34184c97257eb527/execute/async - {"script":"<script> [776 bytes]","args":[{"enterText":"Intracompany Partner WDIO","selector":{"id":"application-managepartners-display-component---NewPartner--addressDetailDetailsName1","interaction":{"idSuffix":"inner"}},"clearTextFirst":true,"interactionType":"ENTER_TEXT"}]}
RESULT: {"script":"<script> [776 bytes]","args":[{"enterText":"Intracompany Partner WDIO","selector":{"id":"application-managepartners-display-component---NewPartner--addressDetailDetailsName1","interaction":{"idSuffix":"inner"}},"clearTextFirst":true,"interactionType":"ENTER_TEXT"}]}
COMMAND: POST /session/129c046a4c158aab34184c97257eb527/execute/async - {"script":"<script> [1562 bytes]","args":[{"selector":{"id":"application-managepartners-display-component---NewPartner--addressDetailDetailsLanguage-arrow"},"wdio_ui5_key":"applicationmanagepartners-display-component---NewPartner--addressDetailDetailsLanguage-arrow"}]}
RESULT: {"script":"<script> [1562 bytes]","args":[{"selector":{"id":"application-managepartners-display-component---NewPartner--addressDetailDetailsLanguage-arrow"},"wdio_ui5_key":"applicationmanagepartners-display-component---NewPartner--addressDetailDetailsLanguage-arrow"}]}
RESULT: undefined
COMMAND: POST /session/129c046a4c158aab34184c97257eb527/element - {"using":"xpath","value":"//*[@id=\"application-managepartners-display-component---NewPartner--addressDetailDetailsLanguage-arrow\"]"}
RESULT: {"using":"xpath","value":"//*[@id=\"application-managepartners-display-component---NewPartner--addressDetailDetailsLanguage-arrow\"]"}
COMMAND: POST /session/129c046a4c158aab34184c97257eb527/element/f.8E45E670A1384E074590F00FAD9F292A.d.B9315B5F6C892A79F8A4A16B771F67C2.e.8094/click - {}
RESULT: {}
COMMAND: POST /session/129c046a4c158aab34184c97257eb527/element - {"using":"xpath","value":"//span[contains(text(), \"English\")]"}
COMMAND: GET /session/129c046a4c158aab34184c97257eb527/screenshot - {}
RESULT: {"using":"xpath","value":"//span[contains(text(), \"English\")]"}
COMMAND: POST /session/129c046a4c158aab34184c97257eb527/element/f.8E45E670A1384E074590F00FAD9F292A.d.B9315B5F6C892A79F8A4A16B771F67C2.e.8095/click - {}
RESULT: {}
RESULT: {}
COMMAND: GET /session/129c046a4c158aab34184c97257eb527/screenshot - {}
RESULT: {}
COMMAND: POST /session/129c046a4c158aab34184c97257eb527/execute/async - {"script":"<script> [1562 bytes]","args":[{"selector":{"id":"application-managepartners-display-component---NewPartner--addressDetailDetailsCity1","interaction":{"idSuffix":"inner"}},"wdio_ui5_key":"applicationmanagepartners-display-component---NewPartner--addressDetailDetailsCity1"}]}
RESULT: {"script":"<script> [1562 bytes]","args":[{"selector":{"id":"application-managepartners-display-component---NewPartner--addressDetailDetailsCity1","interaction":{"idSuffix":"inner"}},"wdio_ui5_key":"applicationmanagepartners-display-component---NewPartner--addressDetailDetailsCity1"}]}
RESULT: undefined
COMMAND: POST /session/129c046a4c158aab34184c97257eb527/execute/async - {"script":"<script> [776 bytes]","args":[{"enterText":"Rosario","selector":{"id":"application-managepartners-display-component---NewPartner--addressDetailDetailsCity1","interaction":{"idSuffix":"inner"}},"clearTextFirst":true,"interactionType":"ENTER_TEXT"}]}
RESULT: {"script":"<script> [776 bytes]","args":[{"enterText":"Rosario","selector":{"id":"application-managepartners-display-component---NewPartner--addressDetailDetailsCity1","interaction":{"idSuffix":"inner"}},"clearTextFirst":true,"interactionType":"ENTER_TEXT"}]}
COMMAND: POST /session/129c046a4c158aab34184c97257eb527/execute/async - {"script":"<script> [1562 bytes]","args":[{"selector":{"id":"application-managepartners-display-component---NewPartner--addressDetailDetailsCountry-arrow"},"wdio_ui5_key":"applicationmanagepartners-display-component---NewPartner--addressDetailDetailsCountry-arrow"}]}
RESULT: {"script":"<script> [1562 bytes]","args":[{"selector":{"id":"application-managepartners-display-component---NewPartner--addressDetailDetailsCountry-arrow"},"wdio_ui5_key":"applicationmanagepartners-display-component---NewPartner--addressDetailDetailsCountry-arrow"}]}
RESULT: undefined
COMMAND: POST /session/129c046a4c158aab34184c97257eb527/element - {"using":"xpath","value":"//*[@id=\"application-managepartners-display-component---NewPartner--addressDetailDetailsCountry-arrow\"]"}
RESULT: {"using":"xpath","value":"//*[@id=\"application-managepartners-display-component---NewPartner--addressDetailDetailsCountry-arrow\"]"}
COMMAND: POST /session/129c046a4c158aab34184c97257eb527/element/f.8E45E670A1384E074590F00FAD9F292A.d.B9315B5F6C892A79F8A4A16B771F67C2.e.8076/click - {}
RESULT: {}
COMMAND: POST /session/129c046a4c158aab34184c97257eb527/element - {"using":"xpath","value":"//span[contains(text(), \"Argentina\")]"}
COMMAND: GET /session/129c046a4c158aab34184c97257eb527/screenshot - {}
RESULT: {"using":"xpath","value":"//span[contains(text(), \"Argentina\")]"}
COMMAND: POST /session/129c046a4c158aab34184c97257eb527/element/f.8E45E670A1384E074590F00FAD9F292A.d.B9315B5F6C892A79F8A4A16B771F67C2.e.8097/click - {}
RESULT: {}
RESULT: {}
COMMAND: GET /session/129c046a4c158aab34184c97257eb527/screenshot - {}
RESULT: {}
COMMAND: POST /session/129c046a4c158aab34184c97257eb527/element - {"using":"xpath","value":"//bdi[contains(text(), \"Commercial\")]"}
RESULT: {"using":"xpath","value":"//bdi[contains(text(), \"Commercial\")]"}
COMMAND: POST /session/129c046a4c158aab34184c97257eb527/element/f.8E45E670A1384E074590F00FAD9F292A.d.B9315B5F6C892A79F8A4A16B771F67C2.e.8098/click - {}
RESULT: {}
COMMAND: GET /session/129c046a4c158aab34184c97257eb527/screenshot - {}
RESULT: {}
COMMAND: POST /session/129c046a4c158aab34184c97257eb527/execute/async - {"script":"<script> [1562 bytes]","args":[{"selector":{"id":"application-managepartners-display-component---NewPartner--partnerDetailInternal-arrow"},"wdio_ui5_key":"applicationmanagepartners-display-component---NewPartner--partnerDetailInternal-arrow"}]}
RESULT: {"script":"<script> [1562 bytes]","args":[{"selector":{"id":"application-managepartners-display-component---NewPartner--partnerDetailInternal-arrow"},"wdio_ui5_key":"applicationmanagepartners-display-component---NewPartner--partnerDetailInternal-arrow"}]}
RESULT: undefined
COMMAND: POST /session/129c046a4c158aab34184c97257eb527/element - {"using":"xpath","value":"//*[@id=\"application-managepartners-display-component---NewPartner--partnerDetailInternal-arrow\"]"}
RESULT: {"using":"xpath","value":"//*[@id=\"application-managepartners-display-component---NewPartner--partnerDetailInternal-arrow\"]"}
COMMAND: POST /session/129c046a4c158aab34184c97257eb527/element/f.8E45E670A1384E074590F00FAD9F292A.d.B9315B5F6C892A79F8A4A16B771F67C2.e.8104/click - {}
RESULT: {}
COMMAND: POST /session/129c046a4c158aab34184c97257eb527/element - {"using":"xpath","value":"//span[contains(text(), \"Affiliated company\")]"}
COMMAND: GET /session/129c046a4c158aab34184c97257eb527/screenshot - {}
RESULT: {"using":"xpath","value":"//span[contains(text(), \"Affiliated company\")]"}
COMMAND: POST /session/129c046a4c158aab34184c97257eb527/element/f.8E45E670A1384E074590F00FAD9F292A.d.B9315B5F6C892A79F8A4A16B771F67C2.e.8105/click - {}
RESULT: {}
RESULT: {}
COMMAND: POST /session/129c046a4c158aab34184c97257eb527/execute/async - {"script":"<script> [1562 bytes]","args":[{"selector":{"id":"application-managepartners-display-component---NewPartner--partnerDetailsCurrency-arrow"},"wdio_ui5_key":"applicationmanagepartners-display-component---NewPartner--partnerDetailsCurrency-arrow"}]}
COMMAND: GET /session/129c046a4c158aab34184c97257eb527/screenshot - {}
RESULT: {"script":"<script> [1562 bytes]","args":[{"selector":{"id":"application-managepartners-display-component---NewPartner--partnerDetailsCurrency-arrow"},"wdio_ui5_key":"applicationmanagepartners-display-component---NewPartner--partnerDetailsCurrency-arrow"}]}
RESULT: undefined
COMMAND: POST /session/129c046a4c158aab34184c97257eb527/element - {"using":"xpath","value":"//*[@id=\"application-managepartners-display-component---NewPartner--partnerDetailsCurrency-arrow\"]"}
RESULT: {}
RESULT: {"using":"xpath","value":"//*[@id=\"application-managepartners-display-component---NewPartner--partnerDetailsCurrency-arrow\"]"}
COMMAND: POST /session/129c046a4c158aab34184c97257eb527/element/f.8E45E670A1384E074590F00FAD9F292A.d.B9315B5F6C892A79F8A4A16B771F67C2.e.8112/click - {}
RESULT: {}
COMMAND: POST /session/129c046a4c158aab34184c97257eb527/element - {"using":"xpath","value":"//span[contains(text(), \"Euro\")]"}
COMMAND: GET /session/129c046a4c158aab34184c97257eb527/screenshot - {}
RESULT: {"using":"xpath","value":"//span[contains(text(), \"Euro\")]"}
COMMAND: POST /session/129c046a4c158aab34184c97257eb527/element/f.8E45E670A1384E074590F00FAD9F292A.d.B9315B5F6C892A79F8A4A16B771F67C2.e.8113/click - {}
RESULT: {}
RESULT: {}
COMMAND: POST /session/129c046a4c158aab34184c97257eb527/execute/async - {"script":"<script> [1562 bytes]","args":[{"selector":{"id":"application-managepartners-display-component---NewPartner--addressEditDetailsCostObjectCstType-arrow"},"wdio_ui5_key":"applicationmanagepartners-display-component---NewPartner--addressEditDetailsCostObjectCstType-arrow"}]}
COMMAND: GET /session/129c046a4c158aab34184c97257eb527/screenshot - {}
RESULT: {"script":"<script> [1562 bytes]","args":[{"selector":{"id":"application-managepartners-display-component---NewPartner--addressEditDetailsCostObjectCstType-arrow"},"wdio_ui5_key":"applicationmanagepartners-display-component---NewPartner--addressEditDetailsCostObjectCstType-arrow"}]}
RESULT: undefined
COMMAND: POST /session/129c046a4c158aab34184c97257eb527/element - {"using":"xpath","value":"//*[@id=\"application-managepartners-display-component---NewPartner--addressEditDetailsCostObjectCstType-arrow\"]"}
RESULT: {}
RESULT: {"using":"xpath","value":"//*[@id=\"application-managepartners-display-component---NewPartner--addressEditDetailsCostObjectCstType-arrow\"]"}
COMMAND: POST /session/129c046a4c158aab34184c97257eb527/element/f.8E45E670A1384E074590F00FAD9F292A.d.B9315B5F6C892A79F8A4A16B771F67C2.e.8114/click - {}
RESULT: {}
COMMAND: POST /session/129c046a4c158aab34184c97257eb527/element - {"using":"xpath","value":"//span[contains(text(), \"Cost Center\")]"}
COMMAND: GET /session/129c046a4c158aab34184c97257eb527/screenshot - {}
RESULT: {}
RESULT: {"using":"xpath","value":"//span[contains(text(), \"Cost Center\")]"}
COMMAND: POST /session/129c046a4c158aab34184c97257eb527/element/f.8E45E670A1384E074590F00FAD9F292A.d.B9315B5F6C892A79F8A4A16B771F67C2.e.8115/click - {}
RESULT: {}
COMMAND: GET /session/129c046a4c158aab34184c97257eb527/screenshot - {}
RESULT: {}
COMMAND: POST /session/129c046a4c158aab34184c97257eb527/element - {"using":"xpath","value":"//span[@id=\"application-managepartners-display-component---NewPartner--addressNewCostObjectCstID-vhi\"]"}
RESULT: {"using":"xpath","value":"//span[@id=\"application-managepartners-display-component---NewPartner--addressNewCostObjectCstID-vhi\"]"}
COMMAND: POST /session/129c046a4c158aab34184c97257eb527/execute/sync - {"script":"<script> [8489 bytes]","args":[{"element-6066-11e4-a52e-4f735466cecf":"f.8E45E670A1384E074590F00FAD9F292A.d.B9315B5F6C892A79F8A4A16B771F67C2.e.8118","ELEMENT":"f.8E45E670A1384E074590F00FAD9F292A.d.B9315B5F6C892A79F8A4A16B771F67C2.e.8118"}]}
RESULT: {"script":"<script> [8489 bytes]","args":[{"element-6066-11e4-a52e-4f735466cecf":"f.8E45E670A1384E074590F00FAD9F292A.d.B9315B5F6C892A79F8A4A16B771F67C2.e.8118","ELEMENT":"f.8E45E670A1384E074590F00FAD9F292A.d.B9315B5F6C892A79F8A4A16B771F67C2.e.8118"}]}
COMMAND: POST /session/129c046a4c158aab34184c97257eb527/execute/async - {"script":"<script> [1562 bytes]","args":[{"selector":{"id":"application-managepartners-display-component---NewPartner--addressNewCostObjectCstID-vhi"},"wdio_ui5_key":"applicationmanagepartners-display-component---NewPartner--addressNewCostObjectCstID-vhi"}]}
COMMAND: GET /session/129c046a4c158aab34184c97257eb527/screenshot - {}
RESULT: {"script":"<script> [1562 bytes]","args":[{"selector":{"id":"application-managepartners-display-component---NewPartner--addressNewCostObjectCstID-vhi"},"wdio_ui5_key":"applicationmanagepartners-display-component---NewPartner--addressNewCostObjectCstID-vhi"}]}
RESULT: undefined
COMMAND: POST /session/129c046a4c158aab34184c97257eb527/element - {"using":"xpath","value":"//*[@id=\"application-managepartners-display-component---NewPartner--addressNewCostObjectCstID-vhi\"]"}
RESULT: {}
RESULT: {"using":"xpath","value":"//*[@id=\"application-managepartners-display-component---NewPartner--addressNewCostObjectCstID-vhi\"]"}
COMMAND: POST /session/129c046a4c158aab34184c97257eb527/element/f.8E45E670A1384E074590F00FAD9F292A.d.B9315B5F6C892A79F8A4A16B771F67C2.e.8118/click - {}
RESULT: {}
COMMAND: GET /session/129c046a4c158aab34184c97257eb527/screenshot - {}
RESULT: {}
RESULT: undefined
COMMAND: POST /session/129c046a4c158aab34184c97257eb527/execute/async - {"script":"<script> [776 bytes]","args":[{"enterText":"10001013","selector":{"controlType":"sap.m.SearchField","properties":{"placeholder":"Search"},"searchOpenDialogs":true,"interaction":{"idSuffix":"I"}},"clearTextFirst":true,"interactionType":"ENTER_TEXT"}]}
RESULT: {"script":"<script> [776 bytes]","args":[{"enterText":"10001013","selector":{"controlType":"sap.m.SearchField","properties":{"placeholder":"Search"},"searchOpenDialogs":true,"interaction":{"idSuffix":"I"}},"clearTextFirst":true,"interactionType":"ENTER_TEXT"}]}
COMMAND: POST /session/129c046a4c158aab34184c97257eb527/actions - {"actions":[{"id":"action23","type":"key","parameters":{},"actions":[{"type":"keyDown","value":""},{"type":"pause","duration":10},{"type":"keyUp","value":""}]}]}
RESULT: {"actions":[{"id":"action23","type":"key","parameters":{},"actions":[{"type":"keyDown","value":""},{"type":"pause","duration":10},{"type":"keyUp","value":""}]}]}
COMMAND: GET /session/129c046a4c158aab34184c97257eb527/screenshot - {}
RESULT: {}
COMMAND: POST /session/129c046a4c158aab34184c97257eb527/element - {"using":"xpath","value":"//span[contains(text(), \"General Management\")]"}
RESULT: {"using":"xpath","value":"//span[contains(text(), \"General Management\")]"}
COMMAND: POST /session/129c046a4c158aab34184c97257eb527/element/f.8E45E670A1384E074590F00FAD9F292A.d.B9315B5F6C892A79F8A4A16B771F67C2.e.8157/click - {}
RESULT: {}
COMMAND: GET /session/129c046a4c158aab34184c97257eb527/screenshot - {}
RESULT: {}
COMMAND: POST /session/129c046a4c158aab34184c97257eb527/element - {"using":"xpath","value":"//bdi[contains(text(), \"OK\")]"}
RESULT: {"using":"xpath","value":"//bdi[contains(text(), \"OK\")]"}
COMMAND: POST /session/129c046a4c158aab34184c97257eb527/element/f.8E45E670A1384E074590F00FAD9F292A.d.B9315B5F6C892A79F8A4A16B771F67C2.e.8158/click - {}
RESULT: {}
COMMAND: GET /session/129c046a4c158aab34184c97257eb527/screenshot - {}
RESULT: {}
COMMAND: POST /session/129c046a4c158aab34184c97257eb527/element - {"using":"xpath","value":"//input[@id=\"application-managepartners-display-component---NewPartner--companyCodeComboBox-inner\"]"}
RESULT: {"using":"xpath","value":"//input[@id=\"application-managepartners-display-component---NewPartner--companyCodeComboBox-inner\"]"}
COMMAND: POST /session/129c046a4c158aab34184c97257eb527/element/f.8E45E670A1384E074590F00FAD9F292A.d.B9315B5F6C892A79F8A4A16B771F67C2.e.7960/clear - {}
RESULT: {}
COMMAND: POST /session/129c046a4c158aab34184c97257eb527/element/f.8E45E670A1384E074590F00FAD9F292A.d.B9315B5F6C892A79F8A4A16B771F67C2.e.7960/value - {"text":"1000"}
COMMAND: GET /session/129c046a4c158aab34184c97257eb527/screenshot - {}
RESULT: {}
RESULT: {"text":"1000"}
COMMAND: GET /session/129c046a4c158aab34184c97257eb527/screenshot - {}
RESULT: {}
COMMAND: POST /session/129c046a4c158aab34184c97257eb527/element - {"using":"xpath","value":"//span[contains(text(), \"1000\")]"}
RESULT: {"using":"xpath","value":"//span[contains(text(), \"1000\")]"}
COMMAND: POST /session/129c046a4c158aab34184c97257eb527/element/f.8E45E670A1384E074590F00FAD9F292A.d.B9315B5F6C892A79F8A4A16B771F67C2.e.8164/click - {}
RESULT: {}
COMMAND: GET /session/129c046a4c158aab34184c97257eb527/screenshot - {}
RESULT: {}
COMMAND: POST /session/129c046a4c158aab34184c97257eb527/execute/async - {"script":"<script> [1562 bytes]","args":[{"selector":{"id":"application-managepartners-display-component---NewPartner--btnAddTableRow-img"},"wdio_ui5_key":"applicationmanagepartners-display-component---NewPartner--btnAddTableRow-img"}]}
RESULT: {"script":"<script> [1562 bytes]","args":[{"selector":{"id":"application-managepartners-display-component---NewPartner--btnAddTableRow-img"},"wdio_ui5_key":"applicationmanagepartners-display-component---NewPartner--btnAddTableRow-img"}]}
RESULT: undefined
COMMAND: POST /session/129c046a4c158aab34184c97257eb527/element - {"using":"xpath","value":"//*[@id=\"application-managepartners-display-component---NewPartner--btnAddTableRow-img\"]"}
RESULT: {"using":"xpath","value":"//*[@id=\"application-managepartners-display-component---NewPartner--btnAddTableRow-img\"]"}
COMMAND: POST /session/129c046a4c158aab34184c97257eb527/element/f.8E45E670A1384E074590F00FAD9F292A.d.B9315B5F6C892A79F8A4A16B771F67C2.e.8165/click - {}
RESULT: {}
COMMAND: GET /session/129c046a4c158aab34184c97257eb527/screenshot - {}
RESULT: {}
COMMAND: POST /session/129c046a4c158aab34184c97257eb527/element - {"using":"xpath","value":"//input[@id=\"application-managepartners-display-component---NewPartner--assignmentYard-application-managepartners-display-component---NewPartner--assignmentsTable-0-inner\"]"}
RESULT: {"using":"xpath","value":"//input[@id=\"application-managepartners-display-component---NewPartner--assignmentYard-application-managepartners-display-component---NewPartner--assignmentsTable-0-inner\"]"}
COMMAND: POST /session/129c046a4c158aab34184c97257eb527/element/f.8E45E670A1384E074590F00FAD9F292A.d.B9315B5F6C892A79F8A4A16B771F67C2.e.8168/clear - {}
RESULT: {}
COMMAND: POST /session/129c046a4c158aab34184c97257eb527/element/f.8E45E670A1384E074590F00FAD9F292A.d.B9315B5F6C892A79F8A4A16B771F67C2.e.8168/value - {"text":"745"}
COMMAND: GET /session/129c046a4c158aab34184c97257eb527/screenshot - {}
RESULT: {"text":"745"}
COMMAND: GET /session/129c046a4c158aab34184c97257eb527/screenshot - {}
RESULT: {}
RESULT: {}
COMMAND: POST /session/129c046a4c158aab34184c97257eb527/element - {"using":"xpath","value":"//li[.//span[text()='745']]"}
RESULT: {"using":"xpath","value":"//li[.//span[text()='745']]"}
COMMAND: POST /session/129c046a4c158aab34184c97257eb527/element/f.8E45E670A1384E074590F00FAD9F292A.d.B9315B5F6C892A79F8A4A16B771F67C2.e.8177/click - {}
RESULT: {}
COMMAND: GET /session/129c046a4c158aab34184c97257eb527/screenshot - {}
RESULT: {}
COMMAND: POST /session/129c046a4c158aab34184c97257eb527/actions - {"actions":[{"id":"action24","type":"key","parameters":{},"actions":[{"type":"keyDown","value":""},{"type":"pause","duration":10},{"type":"keyUp","value":""}]}]}
RESULT: {"actions":[{"id":"action24","type":"key","parameters":{},"actions":[{"type":"keyDown","value":""},{"type":"pause","duration":10},{"type":"keyUp","value":""}]}]}
COMMAND: POST /session/129c046a4c158aab34184c97257eb527/execute/async - {"script":"<script> [1562 bytes]","args":[{"selector":{"id":"application-managepartners-display-component---NewPartner--externalCustomerComboBox-application-managepartners-display-component---NewPartner--assignmentsTable-0-vhi"},"wdio_ui5_key":"applicationmanagepartners-display-component---NewPartner--externalCustomerComboBox-application-managepartners-display-component---NewPartner--assignmentsTable-0-vhi"}]}
COMMAND: GET /session/129c046a4c158aab34184c97257eb527/screenshot - {}
RESULT: {"script":"<script> [1562 bytes]","args":[{"selector":{"id":"application-managepartners-display-component---NewPartner--externalCustomerComboBox-application-managepartners-display-component---NewPartner--assignmentsTable-0-vhi"},"wdio_ui5_key":"applicationmanagepartners-display-component---NewPartner--externalCustomerComboBox-application-managepartners-display-component---NewPartner--assignmentsTable-0-vhi"}]}
RESULT: undefined
COMMAND: POST /session/129c046a4c158aab34184c97257eb527/element - {"using":"xpath","value":"//*[@id=\"application-managepartners-display-component---NewPartner--externalCustomerComboBox-application-managepartners-display-component---NewPartner--assignmentsTable-0-vhi\"]"}
RESULT: {}
RESULT: {"using":"xpath","value":"//*[@id=\"application-managepartners-display-component---NewPartner--externalCustomerComboBox-application-managepartners-display-component---NewPartner--assignmentsTable-0-vhi\"]"}
COMMAND: POST /session/129c046a4c158aab34184c97257eb527/element/f.8E45E670A1384E074590F00FAD9F292A.d.B9315B5F6C892A79F8A4A16B771F67C2.e.8181/click - {}
RESULT: {}
RESULT: undefined
COMMAND: POST /session/129c046a4c158aab34184c97257eb527/execute/async - {"script":"<script> [776 bytes]","args":[{"enterText":"300003","selector":{"controlType":"sap.m.SearchField","properties":{"placeholder":"Search"},"searchOpenDialogs":true,"interaction":{"idSuffix":"I"}},"clearTextFirst":true,"interactionType":"ENTER_TEXT"}]}
COMMAND: GET /session/129c046a4c158aab34184c97257eb527/screenshot - {}
RESULT: {"script":"<script> [776 bytes]","args":[{"enterText":"300003","selector":{"controlType":"sap.m.SearchField","properties":{"placeholder":"Search"},"searchOpenDialogs":true,"interaction":{"idSuffix":"I"}},"clearTextFirst":true,"interactionType":"ENTER_TEXT"}]}
COMMAND: POST /session/129c046a4c158aab34184c97257eb527/actions - {"actions":[{"id":"action25","type":"key","parameters":{},"actions":[{"type":"keyDown","value":""},{"type":"pause","duration":10},{"type":"keyUp","value":""}]}]}
RESULT: {}
RESULT: {"actions":[{"id":"action25","type":"key","parameters":{},"actions":[{"type":"keyDown","value":""},{"type":"pause","duration":10},{"type":"keyUp","value":""}]}]}
COMMAND: GET /session/129c046a4c158aab34184c97257eb527/screenshot - {}
RESULT: {}
COMMAND: POST /session/129c046a4c158aab34184c97257eb527/element - {"using":"xpath","value":"//span[contains(text(), \"300003\")]"}
RESULT: {"using":"xpath","value":"//span[contains(text(), \"300003\")]"}
COMMAND: POST /session/129c046a4c158aab34184c97257eb527/element/f.8E45E670A1384E074590F00FAD9F292A.d.B9315B5F6C892A79F8A4A16B771F67C2.e.8200/click - {}
RESULT: {}
COMMAND: GET /session/129c046a4c158aab34184c97257eb527/screenshot - {}
RESULT: {}
COMMAND: POST /session/129c046a4c158aab34184c97257eb527/element - {"using":"xpath","value":"//bdi[contains(text(), \"OK\")]"}
RESULT: {"using":"xpath","value":"//bdi[contains(text(), \"OK\")]"}
COMMAND: POST /session/129c046a4c158aab34184c97257eb527/element/f.8E45E670A1384E074590F00FAD9F292A.d.B9315B5F6C892A79F8A4A16B771F67C2.e.8202/click - {}
RESULT: {}
COMMAND: GET /session/129c046a4c158aab34184c97257eb527/screenshot - {}
RESULT: {}
COMMAND: POST /session/129c046a4c158aab34184c97257eb527/execute/async - {"script":"<script> [1562 bytes]","args":[{"selector":{"id":"application-managepartners-display-component---NewPartner--intercompVendorComboBox-application-managepartners-display-component---NewPartner--assignmentsTable-0-vhi"},"wdio_ui5_key":"applicationmanagepartners-display-component---NewPartner--intercompVendorComboBox-application-managepartners-display-component---NewPartner--assignmentsTable-0-vhi"}]}
RESULT: {"script":"<script> [1562 bytes]","args":[{"selector":{"id":"application-managepartners-display-component---NewPartner--intercompVendorComboBox-application-managepartners-display-component---NewPartner--assignmentsTable-0-vhi"},"wdio_ui5_key":"applicationmanagepartners-display-component---NewPartner--intercompVendorComboBox-application-managepartners-display-component---NewPartner--assignmentsTable-0-vhi"}]}
RESULT: undefined
COMMAND: POST /session/129c046a4c158aab34184c97257eb527/element - {"using":"xpath","value":"//*[@id=\"application-managepartners-display-component---NewPartner--intercompVendorComboBox-application-managepartners-display-component---NewPartner--assignmentsTable-0-vhi\"]"}
RESULT: {"using":"xpath","value":"//*[@id=\"application-managepartners-display-component---NewPartner--intercompVendorComboBox-application-managepartners-display-component---NewPartner--assignmentsTable-0-vhi\"]"}
COMMAND: POST /session/129c046a4c158aab34184c97257eb527/element/f.8E45E670A1384E074590F00FAD9F292A.d.B9315B5F6C892A79F8A4A16B771F67C2.e.8206/click - {}
RESULT: {}
RESULT: undefined
COMMAND: POST /session/129c046a4c158aab34184c97257eb527/execute/async - {"script":"<script> [776 bytes]","args":[{"enterText":"100005","selector":{"controlType":"sap.m.SearchField","properties":{"placeholder":"Search"},"searchOpenDialogs":true,"interaction":{"idSuffix":"I"}},"clearTextFirst":true,"interactionType":"ENTER_TEXT"}]}
COMMAND: GET /session/129c046a4c158aab34184c97257eb527/screenshot - {}
RESULT: {"script":"<script> [776 bytes]","args":[{"enterText":"100005","selector":{"controlType":"sap.m.SearchField","properties":{"placeholder":"Search"},"searchOpenDialogs":true,"interaction":{"idSuffix":"I"}},"clearTextFirst":true,"interactionType":"ENTER_TEXT"}]}
COMMAND: POST /session/129c046a4c158aab34184c97257eb527/actions - {"actions":[{"id":"action26","type":"key","parameters":{},"actions":[{"type":"keyDown","value":""},{"type":"pause","duration":10},{"type":"keyUp","value":""}]}]}
RESULT: {}
RESULT: {"actions":[{"id":"action26","type":"key","parameters":{},"actions":[{"type":"keyDown","value":""},{"type":"pause","duration":10},{"type":"keyUp","value":""}]}]}
COMMAND: GET /session/129c046a4c158aab34184c97257eb527/screenshot - {}
RESULT: {}
COMMAND: POST /session/129c046a4c158aab34184c97257eb527/element - {"using":"xpath","value":"//span[contains(text(), \"Penguins - Field/12345 Berlin\")]"}
RESULT: {"using":"xpath","value":"//span[contains(text(), \"Penguins - Field/12345 Berlin\")]"}
COMMAND: POST /session/129c046a4c158aab34184c97257eb527/element/f.8E45E670A1384E074590F00FAD9F292A.d.B9315B5F6C892A79F8A4A16B771F67C2.e.8224/click - {}
RESULT: {}
COMMAND: GET /session/129c046a4c158aab34184c97257eb527/screenshot - {}
RESULT: {}
COMMAND: POST /session/129c046a4c158aab34184c97257eb527/element - {"using":"xpath","value":"//bdi[contains(text(), \"OK\")]"}
RESULT: {"using":"xpath","value":"//bdi[contains(text(), \"OK\")]"}
COMMAND: POST /session/129c046a4c158aab34184c97257eb527/element/f.8E45E670A1384E074590F00FAD9F292A.d.B9315B5F6C892A79F8A4A16B771F67C2.e.8225/click - {}
RESULT: {}
COMMAND: GET /session/129c046a4c158aab34184c97257eb527/screenshot - {}
RESULT: {}
COMMAND: POST /session/129c046a4c158aab34184c97257eb527/element - {"using":"xpath","value":"//button[@data-kt=\"saveButton\"]"}
RESULT: {"using":"xpath","value":"//button[@data-kt=\"saveButton\"]"}
COMMAND: POST /session/129c046a4c158aab34184c97257eb527/element/f.8E45E670A1384E074590F00FAD9F292A.d.B9315B5F6C892A79F8A4A16B771F67C2.e.8078/click - {}
RESULT: {}
COMMAND: GET /session/129c046a4c158aab34184c97257eb527/screenshot - {}
RESULT: {}
COMMAND: POST /session/129c046a4c158aab34184c97257eb527/element - {"using":"xpath","value":"//header[contains(@id, 'ObjectPageLayout-headerTitle')]/div[1]/div[2]/div[2]/span[1]"}
RESULT: {"using":"xpath","value":"//header[contains(@id, 'ObjectPageLayout-headerTitle')]/div[1]/div[2]/div[2]/span[1]"}
COMMAND: POST /session/129c046a4c158aab34184c97257eb527/elements - {"using":"xpath","value":"//header[contains(@id, 'ObjectPageLayout-headerTitle')]/div[1]/div[2]/div[2]/span[1]"}
RESULT: {"using":"xpath","value":"//header[contains(@id, 'ObjectPageLayout-headerTitle')]/div[1]/div[2]/div[2]/span[1]"}
COMMAND: POST /session/129c046a4c158aab34184c97257eb527/execute/sync - {"script":"<script> [56 bytes]","args":[{"element-6066-11e4-a52e-4f735466cecf":"f.8E45E670A1384E074590F00FAD9F292A.d.B9315B5F6C892A79F8A4A16B771F67C2.e.8390","ELEMENT":"f.8E45E670A1384E074590F00FAD9F292A.d.B9315B5F6C892A79F8A4A16B771F67C2.e.8390"}]}
RESULT: {"script":"<script> [56 bytes]","args":[{"element-6066-11e4-a52e-4f735466cecf":"f.8E45E670A1384E074590F00FAD9F292A.d.B9315B5F6C892A79F8A4A16B771F67C2.e.8390","ELEMENT":"f.8E45E670A1384E074590F00FAD9F292A.d.B9315B5F6C892A79F8A4A16B771F67C2.e.8390"}]}
COMMAND: POST /session/129c046a4c158aab34184c97257eb527/element - {"using":"css selector","value":"#shell-header-logo"}
COMMAND: GET /session/129c046a4c158aab34184c97257eb527/screenshot - {}
RESULT: {"using":"css selector","value":"#shell-header-logo"}
COMMAND: POST /session/129c046a4c158aab34184c97257eb527/element/f.8E45E670A1384E074590F00FAD9F292A.d.B9315B5F6C892A79F8A4A16B771F67C2.e.7614/click - {}
RESULT: {}
RESULT: {}
COMMAND: GET /session/129c046a4c158aab34184c97257eb527/screenshot - {}
RESULT: {}
COMMAND: POST /session/129c046a4c158aab34184c97257eb527/execute/sync - {"script":"<script> [299 bytes]","args":[["getModel","getResource"]]}
RESULT: {"script":"<script> [299 bytes]","args":[["getModel","getResource"]]}
]]></system-out>
    </testcase>
    <testcase classname="chrome.135_0_7049_96.windows.Billing_Transfer_-_Intracompany_US127249" name="Should create a new site" time="90.38">
      <system-out><![CDATA[
COMMAND: GET /session/129c046a4c158aab34184c97257eb527/screenshot - {}
COMMAND: POST /session/129c046a4c158aab34184c97257eb527/execute/async - {"script":"<script> [1562 bytes]","args":[{"selector":{"controlType":"sap.m.TileContent","bindingPath":{"path":"","propertyPath":"/properties/info"},"ancestor":{"controlType":"sap.m.GenericTile","properties":{"header":"Manage Sites"}}},"wdio_ui5_key":"sapm.TileContent{\"path\":\"\",\"propertyPath\":\"/properties/info\"}{\"controlType\":\"sap.m.GenericTile\",\"properties\":{\"header\":\"Manage Sites\"}}"}]}
RESULT: {}
RESULT: {"script":"<script> [1562 bytes]","args":[{"selector":{"controlType":"sap.m.TileContent","bindingPath":{"path":"","propertyPath":"/properties/info"},"ancestor":{"controlType":"sap.m.GenericTile","properties":{"header":"Manage Sites"}}},"wdio_ui5_key":"sapm.TileContent{\"path\":\"\",\"propertyPath\":\"/properties/info\"}{\"controlType\":\"sap.m.GenericTile\",\"properties\":{\"header\":\"Manage Sites\"}}"}]}
RESULT: undefined
COMMAND: POST /session/129c046a4c158aab34184c97257eb527/element - {"using":"xpath","value":"//*[@id=\"__xmlview7--numericTileContent\"]"}
RESULT: {"using":"xpath","value":"//*[@id=\"__xmlview7--numericTileContent\"]"}
COMMAND: POST /session/129c046a4c158aab34184c97257eb527/element/f.8E45E670A1384E074590F00FAD9F292A.d.B9315B5F6C892A79F8A4A16B771F67C2.e.8392/click - {}
RESULT: {}
COMMAND: POST /session/129c046a4c158aab34184c97257eb527/element - {"using":"xpath","value":"//button[@data-kt=\"addOverflowToolbarButton\"]"}
COMMAND: GET /session/129c046a4c158aab34184c97257eb527/screenshot - {}
RESULT: {"using":"xpath","value":"//button[@data-kt=\"addOverflowToolbarButton\"]"}
COMMAND: POST /session/129c046a4c158aab34184c97257eb527/elements - {"using":"xpath","value":"//button[@data-kt=\"addOverflowToolbarButton\"]"}
RESULT: {}
RESULT: {"using":"xpath","value":"//button[@data-kt=\"addOverflowToolbarButton\"]"}
COMMAND: POST /session/129c046a4c158aab34184c97257eb527/elements - {"using":"xpath","value":"//button[@data-kt=\"addOverflowToolbarButton\"]"}
RESULT: {"using":"xpath","value":"//button[@data-kt=\"addOverflowToolbarButton\"]"}
COMMAND: POST /session/129c046a4c158aab34184c97257eb527/element - {"using":"xpath","value":"//button[@data-kt=\"addOverflowToolbarButton\"]"}
RESULT: {"using":"xpath","value":"//button[@data-kt=\"addOverflowToolbarButton\"]"}
COMMAND: POST /session/129c046a4c158aab34184c97257eb527/execute/sync - {"script":"<script> [8489 bytes]","args":[{"element-6066-11e4-a52e-4f735466cecf":"f.8E45E670A1384E074590F00FAD9F292A.d.B9315B5F6C892A79F8A4A16B771F67C2.e.8439","ELEMENT":"f.8E45E670A1384E074590F00FAD9F292A.d.B9315B5F6C892A79F8A4A16B771F67C2.e.8439"}]}
RESULT: {"script":"<script> [8489 bytes]","args":[{"element-6066-11e4-a52e-4f735466cecf":"f.8E45E670A1384E074590F00FAD9F292A.d.B9315B5F6C892A79F8A4A16B771F67C2.e.8439","ELEMENT":"f.8E45E670A1384E074590F00FAD9F292A.d.B9315B5F6C892A79F8A4A16B771F67C2.e.8439"}]}
COMMAND: GET /session/129c046a4c158aab34184c97257eb527/element/f.8E45E670A1384E074590F00FAD9F292A.d.B9315B5F6C892A79F8A4A16B771F67C2.e.8439/enabled - {}
COMMAND: GET /session/129c046a4c158aab34184c97257eb527/screenshot - {}
RESULT: {}
COMMAND: POST /session/129c046a4c158aab34184c97257eb527/execute/sync - {"script":"<script> [8489 bytes]","args":[{"element-6066-11e4-a52e-4f735466cecf":"f.8E45E670A1384E074590F00FAD9F292A.d.B9315B5F6C892A79F8A4A16B771F67C2.e.8439","ELEMENT":"f.8E45E670A1384E074590F00FAD9F292A.d.B9315B5F6C892A79F8A4A16B771F67C2.e.8439"}]}
COMMAND: GET /session/129c046a4c158aab34184c97257eb527/screenshot - {}
RESULT: {}
RESULT: {"script":"<script> [8489 bytes]","args":[{"element-6066-11e4-a52e-4f735466cecf":"f.8E45E670A1384E074590F00FAD9F292A.d.B9315B5F6C892A79F8A4A16B771F67C2.e.8439","ELEMENT":"f.8E45E670A1384E074590F00FAD9F292A.d.B9315B5F6C892A79F8A4A16B771F67C2.e.8439"}]}
COMMAND: POST /session/129c046a4c158aab34184c97257eb527/execute/sync - {"script":"<script> [5351 bytes]","args":[{"element-6066-11e4-a52e-4f735466cecf":"f.8E45E670A1384E074590F00FAD9F292A.d.B9315B5F6C892A79F8A4A16B771F67C2.e.8439","ELEMENT":"f.8E45E670A1384E074590F00FAD9F292A.d.B9315B5F6C892A79F8A4A16B771F67C2.e.8439"}]}
COMMAND: GET /session/129c046a4c158aab34184c97257eb527/screenshot - {}
RESULT: {}
RESULT: {"script":"<script> [5351 bytes]","args":[{"element-6066-11e4-a52e-4f735466cecf":"f.8E45E670A1384E074590F00FAD9F292A.d.B9315B5F6C892A79F8A4A16B771F67C2.e.8439","ELEMENT":"f.8E45E670A1384E074590F00FAD9F292A.d.B9315B5F6C892A79F8A4A16B771F67C2.e.8439"}]}
COMMAND: POST /session/129c046a4c158aab34184c97257eb527/element/f.8E45E670A1384E074590F00FAD9F292A.d.B9315B5F6C892A79F8A4A16B771F67C2.e.8439/click - {}
COMMAND: GET /session/129c046a4c158aab34184c97257eb527/screenshot - {}
RESULT: {}
RESULT: {}
RESULT: {}
COMMAND: GET /session/129c046a4c158aab34184c97257eb527/screenshot - {}
COMMAND: POST /session/129c046a4c158aab34184c97257eb527/execute/async - {"script":"<script> [1562 bytes]","args":[{"selector":{"id":"application-managesites-display-component---NewSite--addressDetailDetailsName1","interaction":{"idSuffix":"inner"}},"wdio_ui5_key":"applicationmanagesites-display-component---NewSite--addressDetailDetailsName1"}]}
RESULT: {}
RESULT: {"script":"<script> [1562 bytes]","args":[{"selector":{"id":"application-managesites-display-component---NewSite--addressDetailDetailsName1","interaction":{"idSuffix":"inner"}},"wdio_ui5_key":"applicationmanagesites-display-component---NewSite--addressDetailDetailsName1"}]}
RESULT: undefined
COMMAND: POST /session/129c046a4c158aab34184c97257eb527/execute/async - {"script":"<script> [776 bytes]","args":[{"enterText":"Intracompany Site wdIO","selector":{"id":"application-managesites-display-component---NewSite--addressDetailDetailsName1","interaction":{"idSuffix":"inner"}},"clearTextFirst":true,"interactionType":"ENTER_TEXT"}]}
RESULT: {"script":"<script> [776 bytes]","args":[{"enterText":"Intracompany Site wdIO","selector":{"id":"application-managesites-display-component---NewSite--addressDetailDetailsName1","interaction":{"idSuffix":"inner"}},"clearTextFirst":true,"interactionType":"ENTER_TEXT"}]}
COMMAND: POST /session/129c046a4c158aab34184c97257eb527/execute/async - {"script":"<script> [1562 bytes]","args":[{"selector":{"id":"application-managesites-display-component---NewSite--addressDetailDetailsLanguage-arrow"},"wdio_ui5_key":"applicationmanagesites-display-component---NewSite--addressDetailDetailsLanguage-arrow"}]}
RESULT: {"script":"<script> [1562 bytes]","args":[{"selector":{"id":"application-managesites-display-component---NewSite--addressDetailDetailsLanguage-arrow"},"wdio_ui5_key":"applicationmanagesites-display-component---NewSite--addressDetailDetailsLanguage-arrow"}]}
RESULT: undefined
COMMAND: POST /session/129c046a4c158aab34184c97257eb527/element - {"using":"xpath","value":"//*[@id=\"application-managesites-display-component---NewSite--addressDetailDetailsLanguage-arrow\"]"}
RESULT: {"using":"xpath","value":"//*[@id=\"application-managesites-display-component---NewSite--addressDetailDetailsLanguage-arrow\"]"}
COMMAND: POST /session/129c046a4c158aab34184c97257eb527/element/f.8E45E670A1384E074590F00FAD9F292A.d.B9315B5F6C892A79F8A4A16B771F67C2.e.8836/click - {}
RESULT: {}
COMMAND: POST /session/129c046a4c158aab34184c97257eb527/element - {"using":"xpath","value":"//span[contains(text(), \"English\")]"}
COMMAND: GET /session/129c046a4c158aab34184c97257eb527/screenshot - {}
RESULT: {"using":"xpath","value":"//span[contains(text(), \"English\")]"}
COMMAND: POST /session/129c046a4c158aab34184c97257eb527/element/f.8E45E670A1384E074590F00FAD9F292A.d.B9315B5F6C892A79F8A4A16B771F67C2.e.8837/click - {}
RESULT: {}
RESULT: {}
COMMAND: POST /session/129c046a4c158aab34184c97257eb527/execute/async - {"script":"<script> [1562 bytes]","args":[{"selector":{"id":"application-managesites-display-component---NewSite--addressDetailDetailsCity1","interaction":{"idSuffix":"inner"}},"wdio_ui5_key":"applicationmanagesites-display-component---NewSite--addressDetailDetailsCity1"}]}
COMMAND: GET /session/129c046a4c158aab34184c97257eb527/screenshot - {}
RESULT: {"script":"<script> [1562 bytes]","args":[{"selector":{"id":"application-managesites-display-component---NewSite--addressDetailDetailsCity1","interaction":{"idSuffix":"inner"}},"wdio_ui5_key":"applicationmanagesites-display-component---NewSite--addressDetailDetailsCity1"}]}
RESULT: undefined
COMMAND: POST /session/129c046a4c158aab34184c97257eb527/execute/async - {"script":"<script> [776 bytes]","args":[{"enterText":"Rosario","selector":{"id":"application-managesites-display-component---NewSite--addressDetailDetailsCity1","interaction":{"idSuffix":"inner"}},"clearTextFirst":true,"interactionType":"ENTER_TEXT"}]}
RESULT: {}
RESULT: {"script":"<script> [776 bytes]","args":[{"enterText":"Rosario","selector":{"id":"application-managesites-display-component---NewSite--addressDetailDetailsCity1","interaction":{"idSuffix":"inner"}},"clearTextFirst":true,"interactionType":"ENTER_TEXT"}]}
COMMAND: POST /session/129c046a4c158aab34184c97257eb527/execute/async - {"script":"<script> [1562 bytes]","args":[{"selector":{"id":"application-managesites-display-component---NewSite--addressDetailDetailsCountry-arrow"},"wdio_ui5_key":"applicationmanagesites-display-component---NewSite--addressDetailDetailsCountry-arrow"}]}
RESULT: {"script":"<script> [1562 bytes]","args":[{"selector":{"id":"application-managesites-display-component---NewSite--addressDetailDetailsCountry-arrow"},"wdio_ui5_key":"applicationmanagesites-display-component---NewSite--addressDetailDetailsCountry-arrow"}]}
RESULT: undefined
COMMAND: POST /session/129c046a4c158aab34184c97257eb527/element - {"using":"xpath","value":"//*[@id=\"application-managesites-display-component---NewSite--addressDetailDetailsCountry-arrow\"]"}
RESULT: {"using":"xpath","value":"//*[@id=\"application-managesites-display-component---NewSite--addressDetailDetailsCountry-arrow\"]"}
COMMAND: POST /session/129c046a4c158aab34184c97257eb527/element/f.8E45E670A1384E074590F00FAD9F292A.d.B9315B5F6C892A79F8A4A16B771F67C2.e.8839/click - {}
RESULT: {}
COMMAND: POST /session/129c046a4c158aab34184c97257eb527/element - {"using":"xpath","value":"//span[contains(text(), \"Argentina\")]"}
COMMAND: GET /session/129c046a4c158aab34184c97257eb527/screenshot - {}
RESULT: {"using":"xpath","value":"//span[contains(text(), \"Argentina\")]"}
COMMAND: POST /session/129c046a4c158aab34184c97257eb527/element/f.8E45E670A1384E074590F00FAD9F292A.d.B9315B5F6C892A79F8A4A16B771F67C2.e.8840/click - {}
RESULT: {}
RESULT: {}
COMMAND: GET /session/129c046a4c158aab34184c97257eb527/screenshot - {}
RESULT: {}
COMMAND: POST /session/129c046a4c158aab34184c97257eb527/execute/async - {"script":"<script> [1562 bytes]","args":[{"selector":{"id":"application-managesites-display-component---NewSite--addressEditDetailsCostObjectCstType-arrow"},"wdio_ui5_key":"applicationmanagesites-display-component---NewSite--addressEditDetailsCostObjectCstType-arrow"}]}
RESULT: {"script":"<script> [1562 bytes]","args":[{"selector":{"id":"application-managesites-display-component---NewSite--addressEditDetailsCostObjectCstType-arrow"},"wdio_ui5_key":"applicationmanagesites-display-component---NewSite--addressEditDetailsCostObjectCstType-arrow"}]}
RESULT: undefined
COMMAND: POST /session/129c046a4c158aab34184c97257eb527/element - {"using":"xpath","value":"//*[@id=\"application-managesites-display-component---NewSite--addressEditDetailsCostObjectCstType-arrow\"]"}
RESULT: {"using":"xpath","value":"//*[@id=\"application-managesites-display-component---NewSite--addressEditDetailsCostObjectCstType-arrow\"]"}
COMMAND: POST /session/129c046a4c158aab34184c97257eb527/element/f.8E45E670A1384E074590F00FAD9F292A.d.B9315B5F6C892A79F8A4A16B771F67C2.e.8842/click - {}
RESULT: {}
COMMAND: POST /session/129c046a4c158aab34184c97257eb527/element - {"using":"xpath","value":"//span[contains(text(), \"Cost Center\")]"}
COMMAND: GET /session/129c046a4c158aab34184c97257eb527/screenshot - {}
RESULT: {"using":"xpath","value":"//span[contains(text(), \"Cost Center\")]"}
COMMAND: POST /session/129c046a4c158aab34184c97257eb527/element/f.8E45E670A1384E074590F00FAD9F292A.d.B9315B5F6C892A79F8A4A16B771F67C2.e.8844/click - {}
RESULT: {}
RESULT: {}
COMMAND: GET /session/129c046a4c158aab34184c97257eb527/screenshot - {}
RESULT: {}
COMMAND: POST /session/129c046a4c158aab34184c97257eb527/element - {"using":"xpath","value":"//span[@id=\"application-managesites-display-component---NewSite--addressNewCostObjectCstID-vhi\"]"}
RESULT: {"using":"xpath","value":"//span[@id=\"application-managesites-display-component---NewSite--addressNewCostObjectCstID-vhi\"]"}
COMMAND: POST /session/129c046a4c158aab34184c97257eb527/execute/sync - {"script":"<script> [8489 bytes]","args":[{"element-6066-11e4-a52e-4f735466cecf":"f.8E45E670A1384E074590F00FAD9F292A.d.B9315B5F6C892A79F8A4A16B771F67C2.e.8847","ELEMENT":"f.8E45E670A1384E074590F00FAD9F292A.d.B9315B5F6C892A79F8A4A16B771F67C2.e.8847"}]}
RESULT: {"script":"<script> [8489 bytes]","args":[{"element-6066-11e4-a52e-4f735466cecf":"f.8E45E670A1384E074590F00FAD9F292A.d.B9315B5F6C892A79F8A4A16B771F67C2.e.8847","ELEMENT":"f.8E45E670A1384E074590F00FAD9F292A.d.B9315B5F6C892A79F8A4A16B771F67C2.e.8847"}]}
COMMAND: POST /session/129c046a4c158aab34184c97257eb527/execute/async - {"script":"<script> [1562 bytes]","args":[{"selector":{"id":"application-managesites-display-component---NewSite--addressNewCostObjectCstID-vhi"},"wdio_ui5_key":"applicationmanagesites-display-component---NewSite--addressNewCostObjectCstID-vhi"}]}
COMMAND: GET /session/129c046a4c158aab34184c97257eb527/screenshot - {}
RESULT: {"script":"<script> [1562 bytes]","args":[{"selector":{"id":"application-managesites-display-component---NewSite--addressNewCostObjectCstID-vhi"},"wdio_ui5_key":"applicationmanagesites-display-component---NewSite--addressNewCostObjectCstID-vhi"}]}
RESULT: undefined
COMMAND: POST /session/129c046a4c158aab34184c97257eb527/element - {"using":"xpath","value":"//*[@id=\"application-managesites-display-component---NewSite--addressNewCostObjectCstID-vhi\"]"}
RESULT: {}
RESULT: {"using":"xpath","value":"//*[@id=\"application-managesites-display-component---NewSite--addressNewCostObjectCstID-vhi\"]"}
COMMAND: POST /session/129c046a4c158aab34184c97257eb527/element/f.8E45E670A1384E074590F00FAD9F292A.d.B9315B5F6C892A79F8A4A16B771F67C2.e.8847/click - {}
RESULT: {}
COMMAND: GET /session/129c046a4c158aab34184c97257eb527/screenshot - {}
RESULT: {}
RESULT: undefined
COMMAND: POST /session/129c046a4c158aab34184c97257eb527/execute/async - {"script":"<script> [776 bytes]","args":[{"enterText":"10001013","selector":{"controlType":"sap.m.SearchField","properties":{"placeholder":"Search"},"searchOpenDialogs":true,"interaction":{"idSuffix":"I"}},"clearTextFirst":true,"interactionType":"ENTER_TEXT"}]}
RESULT: {"script":"<script> [776 bytes]","args":[{"enterText":"10001013","selector":{"controlType":"sap.m.SearchField","properties":{"placeholder":"Search"},"searchOpenDialogs":true,"interaction":{"idSuffix":"I"}},"clearTextFirst":true,"interactionType":"ENTER_TEXT"}]}
COMMAND: POST /session/129c046a4c158aab34184c97257eb527/actions - {"actions":[{"id":"action27","type":"key","parameters":{},"actions":[{"type":"keyDown","value":""},{"type":"pause","duration":10},{"type":"keyUp","value":""}]}]}
RESULT: {"actions":[{"id":"action27","type":"key","parameters":{},"actions":[{"type":"keyDown","value":""},{"type":"pause","duration":10},{"type":"keyUp","value":""}]}]}
COMMAND: GET /session/129c046a4c158aab34184c97257eb527/screenshot - {}
RESULT: {}
COMMAND: POST /session/129c046a4c158aab34184c97257eb527/element - {"using":"xpath","value":"//span[contains(text(), \"General Management\")]"}
RESULT: {"using":"xpath","value":"//span[contains(text(), \"General Management\")]"}
COMMAND: POST /session/129c046a4c158aab34184c97257eb527/element/f.8E45E670A1384E074590F00FAD9F292A.d.B9315B5F6C892A79F8A4A16B771F67C2.e.8886/click - {}
RESULT: {}
COMMAND: GET /session/129c046a4c158aab34184c97257eb527/screenshot - {}
RESULT: {}
COMMAND: POST /session/129c046a4c158aab34184c97257eb527/element - {"using":"xpath","value":"//bdi[contains(text(), \"OK\")]"}
RESULT: {"using":"xpath","value":"//bdi[contains(text(), \"OK\")]"}
COMMAND: POST /session/129c046a4c158aab34184c97257eb527/element/f.8E45E670A1384E074590F00FAD9F292A.d.B9315B5F6C892A79F8A4A16B771F67C2.e.8887/click - {}
RESULT: {}
COMMAND: GET /session/129c046a4c158aab34184c97257eb527/screenshot - {}
RESULT: {}
COMMAND: POST /session/129c046a4c158aab34184c97257eb527/element - {"using":"xpath","value":"//input[@id=\"application-managesites-display-component---NewSite--addressDetailDetailsCalendar-inner\"]"}
RESULT: {"using":"xpath","value":"//input[@id=\"application-managesites-display-component---NewSite--addressDetailDetailsCalendar-inner\"]"}
COMMAND: POST /session/129c046a4c158aab34184c97257eb527/element/f.8E45E670A1384E074590F00FAD9F292A.d.B9315B5F6C892A79F8A4A16B771F67C2.e.8633/clear - {}
RESULT: {}
COMMAND: POST /session/129c046a4c158aab34184c97257eb527/element/f.8E45E670A1384E074590F00FAD9F292A.d.B9315B5F6C892A79F8A4A16B771F67C2.e.8633/value - {"text":"Unit"}
COMMAND: GET /session/129c046a4c158aab34184c97257eb527/screenshot - {}
RESULT: {}
RESULT: {"text":"Unit"}
COMMAND: GET /session/129c046a4c158aab34184c97257eb527/screenshot - {}
RESULT: {}
COMMAND: POST /session/129c046a4c158aab34184c97257eb527/actions - {"actions":[{"id":"action28","type":"key","parameters":{},"actions":[{"type":"keyDown","value":""},{"type":"pause","duration":10},{"type":"keyUp","value":""}]}]}
RESULT: {"actions":[{"id":"action28","type":"key","parameters":{},"actions":[{"type":"keyDown","value":""},{"type":"pause","duration":10},{"type":"keyUp","value":""}]}]}
COMMAND: POST /session/129c046a4c158aab34184c97257eb527/element - {"using":"xpath","value":"//input[@id=\"application-managesites-display-component---NewSite--addressDetailDetailsYard-inner\"]"}
COMMAND: GET /session/129c046a4c158aab34184c97257eb527/screenshot - {}
RESULT: {"using":"xpath","value":"//input[@id=\"application-managesites-display-component---NewSite--addressDetailDetailsYard-inner\"]"}
COMMAND: POST /session/129c046a4c158aab34184c97257eb527/element/f.8E45E670A1384E074590F00FAD9F292A.d.B9315B5F6C892A79F8A4A16B771F67C2.e.8634/clear - {}
RESULT: {}
RESULT: {}
COMMAND: POST /session/129c046a4c158aab34184c97257eb527/element/f.8E45E670A1384E074590F00FAD9F292A.d.B9315B5F6C892A79F8A4A16B771F67C2.e.8634/value - {"text":"745"}
COMMAND: GET /session/129c046a4c158aab34184c97257eb527/screenshot - {}
RESULT: {}
RESULT: {"text":"745"}
COMMAND: GET /session/129c046a4c158aab34184c97257eb527/screenshot - {}
RESULT: {}
COMMAND: POST /session/129c046a4c158aab34184c97257eb527/element - {"using":"xpath","value":"//li[.//span[text()='745']]"}
RESULT: {"using":"xpath","value":"//li[.//span[text()='745']]"}
COMMAND: POST /session/129c046a4c158aab34184c97257eb527/element/f.8E45E670A1384E074590F00FAD9F292A.d.B9315B5F6C892A79F8A4A16B771F67C2.e.8895/click - {}
RESULT: {}
COMMAND: GET /session/129c046a4c158aab34184c97257eb527/screenshot - {}
RESULT: {}
COMMAND: POST /session/129c046a4c158aab34184c97257eb527/element - {"using":"xpath","value":"//input[@id=\"application-managesites-display-component---NewSite--addressDetailDetailsPartner-inner\"]"}
RESULT: {"using":"xpath","value":"//input[@id=\"application-managesites-display-component---NewSite--addressDetailDetailsPartner-inner\"]"}
COMMAND: POST /session/129c046a4c158aab34184c97257eb527/element - {"using":"xpath","value":"//input[@id=\"application-managesites-display-component---NewSite--addressDetailDetailsPartner-inner\"]"}
RESULT: {"using":"xpath","value":"//input[@id=\"application-managesites-display-component---NewSite--addressDetailDetailsPartner-inner\"]"}
COMMAND: POST /session/129c046a4c158aab34184c97257eb527/element - {"using":"xpath","value":"//button[@data-kt=\"saveButton\"]"}
RESULT: {"using":"xpath","value":"//button[@data-kt=\"saveButton\"]"}
COMMAND: POST /session/129c046a4c158aab34184c97257eb527/element/f.8E45E670A1384E074590F00FAD9F292A.d.B9315B5F6C892A79F8A4A16B771F67C2.e.8829/click - {}
RESULT: {}
COMMAND: GET /session/129c046a4c158aab34184c97257eb527/screenshot - {}
RESULT: {}
COMMAND: POST /session/129c046a4c158aab34184c97257eb527/element - {"using":"xpath","value":"//header[contains(@id, 'ObjectPageLayout-headerTitle')]/div[1]/div[2]/div[2]/span[1]"}
RESULT: {"using":"xpath","value":"//header[contains(@id, 'ObjectPageLayout-headerTitle')]/div[1]/div[2]/div[2]/span[1]"}
COMMAND: POST /session/129c046a4c158aab34184c97257eb527/elements - {"using":"xpath","value":"//header[contains(@id, 'ObjectPageLayout-headerTitle')]/div[1]/div[2]/div[2]/span[1]"}
RESULT: {"using":"xpath","value":"//header[contains(@id, 'ObjectPageLayout-headerTitle')]/div[1]/div[2]/div[2]/span[1]"}
COMMAND: POST /session/129c046a4c158aab34184c97257eb527/execute/sync - {"script":"<script> [56 bytes]","args":[{"element-6066-11e4-a52e-4f735466cecf":"f.8E45E670A1384E074590F00FAD9F292A.d.B9315B5F6C892A79F8A4A16B771F67C2.e.9097","ELEMENT":"f.8E45E670A1384E074590F00FAD9F292A.d.B9315B5F6C892A79F8A4A16B771F67C2.e.9097"}]}
RESULT: {"script":"<script> [56 bytes]","args":[{"element-6066-11e4-a52e-4f735466cecf":"f.8E45E670A1384E074590F00FAD9F292A.d.B9315B5F6C892A79F8A4A16B771F67C2.e.9097","ELEMENT":"f.8E45E670A1384E074590F00FAD9F292A.d.B9315B5F6C892A79F8A4A16B771F67C2.e.9097"}]}
COMMAND: POST /session/129c046a4c158aab34184c97257eb527/element - {"using":"css selector","value":"#shell-header-logo"}
COMMAND: GET /session/129c046a4c158aab34184c97257eb527/screenshot - {}
RESULT: {"using":"css selector","value":"#shell-header-logo"}
COMMAND: POST /session/129c046a4c158aab34184c97257eb527/element/f.8E45E670A1384E074590F00FAD9F292A.d.B9315B5F6C892A79F8A4A16B771F67C2.e.8396/click - {}
RESULT: {}
RESULT: {}
COMMAND: GET /session/129c046a4c158aab34184c97257eb527/screenshot - {}
RESULT: {}
COMMAND: POST /session/129c046a4c158aab34184c97257eb527/execute/sync - {"script":"<script> [299 bytes]","args":[["getModel","getResource"]]}
RESULT: {"script":"<script> [299 bytes]","args":[["getModel","getResource"]]}
]]></system-out>
    </testcase>
    <testcase classname="chrome.135_0_7049_96.windows.Billing_Transfer_-_Intracompany_US127249" name="Should create a new equipment" time="116.481">
      <system-out><![CDATA[
COMMAND: POST /session/129c046a4c158aab34184c97257eb527/execute/async - {"script":"<script> [1562 bytes]","args":[{"selector":{"controlType":"sap.m.GenericTile","properties":{"header":"Manage Resources"}},"wdio_ui5_key":"sapm.GenericTile{\"header\":\"Manage Resources\"}"}]}
COMMAND: GET /session/129c046a4c158aab34184c97257eb527/screenshot - {}
RESULT: {"script":"<script> [1562 bytes]","args":[{"selector":{"controlType":"sap.m.GenericTile","properties":{"header":"Manage Resources"}},"wdio_ui5_key":"sapm.GenericTile{\"header\":\"Manage Resources\"}"}]}
RESULT: undefined
COMMAND: POST /session/129c046a4c158aab34184c97257eb527/element - {"using":"xpath","value":"//*[@id=\"__tile39\"]"}
RESULT: {}
RESULT: {"using":"xpath","value":"//*[@id=\"__tile39\"]"}
COMMAND: POST /session/129c046a4c158aab34184c97257eb527/element/f.8E45E670A1384E074590F00FAD9F292A.d.B9315B5F6C892A79F8A4A16B771F67C2.e.6755/click - {}
RESULT: {}
COMMAND: POST /session/129c046a4c158aab34184c97257eb527/element - {"using":"xpath","value":"//button[@data-kt=\"addNewRUOverflowToolbarButton\"]"}
COMMAND: GET /session/129c046a4c158aab34184c97257eb527/screenshot - {}
RESULT: {"using":"xpath","value":"//button[@data-kt=\"addNewRUOverflowToolbarButton\"]"}
COMMAND: POST /session/129c046a4c158aab34184c97257eb527/elements - {"using":"xpath","value":"//button[@data-kt=\"addNewRUOverflowToolbarButton\"]"}
RESULT: {}
RESULT: {"using":"xpath","value":"//button[@data-kt=\"addNewRUOverflowToolbarButton\"]"}
COMMAND: POST /session/129c046a4c158aab34184c97257eb527/elements - {"using":"xpath","value":"//button[@data-kt=\"addNewRUOverflowToolbarButton\"]"}
RESULT: {"using":"xpath","value":"//button[@data-kt=\"addNewRUOverflowToolbarButton\"]"}
COMMAND: POST /session/129c046a4c158aab34184c97257eb527/elements - {"using":"xpath","value":"//button[@data-kt=\"addNewRUOverflowToolbarButton\"]"}
RESULT: {"using":"xpath","value":"//button[@data-kt=\"addNewRUOverflowToolbarButton\"]"}
COMMAND: POST /session/129c046a4c158aab34184c97257eb527/elements - {"using":"xpath","value":"//button[@data-kt=\"addNewRUOverflowToolbarButton\"]"}
RESULT: {"using":"xpath","value":"//button[@data-kt=\"addNewRUOverflowToolbarButton\"]"}
COMMAND: POST /session/129c046a4c158aab34184c97257eb527/elements - {"using":"xpath","value":"//button[@data-kt=\"addNewRUOverflowToolbarButton\"]"}
RESULT: {"using":"xpath","value":"//button[@data-kt=\"addNewRUOverflowToolbarButton\"]"}
COMMAND: POST /session/129c046a4c158aab34184c97257eb527/elements - {"using":"xpath","value":"//button[@data-kt=\"addNewRUOverflowToolbarButton\"]"}
RESULT: {"using":"xpath","value":"//button[@data-kt=\"addNewRUOverflowToolbarButton\"]"}
COMMAND: POST /session/129c046a4c158aab34184c97257eb527/elements - {"using":"xpath","value":"//button[@data-kt=\"addNewRUOverflowToolbarButton\"]"}
RESULT: undefined
RESULT: undefined
RESULT: {"using":"xpath","value":"//button[@data-kt=\"addNewRUOverflowToolbarButton\"]"}
COMMAND: POST /session/129c046a4c158aab34184c97257eb527/elements - {"using":"xpath","value":"//button[@data-kt=\"addNewRUOverflowToolbarButton\"]"}
RESULT: {"using":"xpath","value":"//button[@data-kt=\"addNewRUOverflowToolbarButton\"]"}
COMMAND: POST /session/129c046a4c158aab34184c97257eb527/elements - {"using":"xpath","value":"//button[@data-kt=\"addNewRUOverflowToolbarButton\"]"}
RESULT: {"using":"xpath","value":"//button[@data-kt=\"addNewRUOverflowToolbarButton\"]"}
COMMAND: POST /session/129c046a4c158aab34184c97257eb527/elements - {"using":"xpath","value":"//button[@data-kt=\"addNewRUOverflowToolbarButton\"]"}
RESULT: {"using":"xpath","value":"//button[@data-kt=\"addNewRUOverflowToolbarButton\"]"}
COMMAND: POST /session/129c046a4c158aab34184c97257eb527/elements - {"using":"xpath","value":"//button[@data-kt=\"addNewRUOverflowToolbarButton\"]"}
RESULT: {"using":"xpath","value":"//button[@data-kt=\"addNewRUOverflowToolbarButton\"]"}
COMMAND: POST /session/129c046a4c158aab34184c97257eb527/elements - {"using":"xpath","value":"//button[@data-kt=\"addNewRUOverflowToolbarButton\"]"}
RESULT: {"using":"xpath","value":"//button[@data-kt=\"addNewRUOverflowToolbarButton\"]"}
COMMAND: POST /session/129c046a4c158aab34184c97257eb527/elements - {"using":"xpath","value":"//button[@data-kt=\"addNewRUOverflowToolbarButton\"]"}
RESULT: {"using":"xpath","value":"//button[@data-kt=\"addNewRUOverflowToolbarButton\"]"}
COMMAND: POST /session/129c046a4c158aab34184c97257eb527/elements - {"using":"xpath","value":"//button[@data-kt=\"addNewRUOverflowToolbarButton\"]"}
RESULT: {"using":"xpath","value":"//button[@data-kt=\"addNewRUOverflowToolbarButton\"]"}
COMMAND: POST /session/129c046a4c158aab34184c97257eb527/element - {"using":"xpath","value":"//button[@data-kt=\"addNewRUOverflowToolbarButton\"]"}
RESULT: {"using":"xpath","value":"//button[@data-kt=\"addNewRUOverflowToolbarButton\"]"}
COMMAND: POST /session/129c046a4c158aab34184c97257eb527/execute/sync - {"script":"<script> [8489 bytes]","args":[{"element-6066-11e4-a52e-4f735466cecf":"f.8E45E670A1384E074590F00FAD9F292A.d.B9315B5F6C892A79F8A4A16B771F67C2.e.9140","ELEMENT":"f.8E45E670A1384E074590F00FAD9F292A.d.B9315B5F6C892A79F8A4A16B771F67C2.e.9140"}]}
RESULT: {"script":"<script> [8489 bytes]","args":[{"element-6066-11e4-a52e-4f735466cecf":"f.8E45E670A1384E074590F00FAD9F292A.d.B9315B5F6C892A79F8A4A16B771F67C2.e.9140","ELEMENT":"f.8E45E670A1384E074590F00FAD9F292A.d.B9315B5F6C892A79F8A4A16B771F67C2.e.9140"}]}
COMMAND: GET /session/129c046a4c158aab34184c97257eb527/element/f.8E45E670A1384E074590F00FAD9F292A.d.B9315B5F6C892A79F8A4A16B771F67C2.e.9140/enabled - {}
COMMAND: GET /session/129c046a4c158aab34184c97257eb527/screenshot - {}
RESULT: {}
COMMAND: POST /session/129c046a4c158aab34184c97257eb527/execute/sync - {"script":"<script> [8489 bytes]","args":[{"element-6066-11e4-a52e-4f735466cecf":"f.8E45E670A1384E074590F00FAD9F292A.d.B9315B5F6C892A79F8A4A16B771F67C2.e.9140","ELEMENT":"f.8E45E670A1384E074590F00FAD9F292A.d.B9315B5F6C892A79F8A4A16B771F67C2.e.9140"}]}
COMMAND: GET /session/129c046a4c158aab34184c97257eb527/screenshot - {}
RESULT: {}
RESULT: {"script":"<script> [8489 bytes]","args":[{"element-6066-11e4-a52e-4f735466cecf":"f.8E45E670A1384E074590F00FAD9F292A.d.B9315B5F6C892A79F8A4A16B771F67C2.e.9140","ELEMENT":"f.8E45E670A1384E074590F00FAD9F292A.d.B9315B5F6C892A79F8A4A16B771F67C2.e.9140"}]}
COMMAND: POST /session/129c046a4c158aab34184c97257eb527/execute/sync - {"script":"<script> [5351 bytes]","args":[{"element-6066-11e4-a52e-4f735466cecf":"f.8E45E670A1384E074590F00FAD9F292A.d.B9315B5F6C892A79F8A4A16B771F67C2.e.9140","ELEMENT":"f.8E45E670A1384E074590F00FAD9F292A.d.B9315B5F6C892A79F8A4A16B771F67C2.e.9140"}]}
COMMAND: GET /session/129c046a4c158aab34184c97257eb527/screenshot - {}
RESULT: {}
RESULT: {"script":"<script> [5351 bytes]","args":[{"element-6066-11e4-a52e-4f735466cecf":"f.8E45E670A1384E074590F00FAD9F292A.d.B9315B5F6C892A79F8A4A16B771F67C2.e.9140","ELEMENT":"f.8E45E670A1384E074590F00FAD9F292A.d.B9315B5F6C892A79F8A4A16B771F67C2.e.9140"}]}
COMMAND: POST /session/129c046a4c158aab34184c97257eb527/element/f.8E45E670A1384E074590F00FAD9F292A.d.B9315B5F6C892A79F8A4A16B771F67C2.e.9140/click - {}
COMMAND: GET /session/129c046a4c158aab34184c97257eb527/screenshot - {}
RESULT: {}
RESULT: {}
COMMAND: GET /session/129c046a4c158aab34184c97257eb527/screenshot - {}
RESULT: {}
RESULT: {}
COMMAND: POST /session/129c046a4c158aab34184c97257eb527/execute/async - {"script":"<script> [1562 bytes]","args":[{"selector":{"id":"application-manageresources-display-component---newResourceUnit--TYPE-arrow"},"wdio_ui5_key":"applicationmanageresources-display-component---newResourceUnit--TYPE-arrow"}]}
RESULT: {"script":"<script> [1562 bytes]","args":[{"selector":{"id":"application-manageresources-display-component---newResourceUnit--TYPE-arrow"},"wdio_ui5_key":"applicationmanageresources-display-component---newResourceUnit--TYPE-arrow"}]}
RESULT: undefined
COMMAND: POST /session/129c046a4c158aab34184c97257eb527/element - {"using":"xpath","value":"//*[@id=\"application-manageresources-display-component---newResourceUnit--TYPE-arrow\"]"}
RESULT: {"using":"xpath","value":"//*[@id=\"application-manageresources-display-component---newResourceUnit--TYPE-arrow\"]"}
COMMAND: POST /session/129c046a4c158aab34184c97257eb527/element/f.8E45E670A1384E074590F00FAD9F292A.d.B9315B5F6C892A79F8A4A16B771F67C2.e.9493/click - {}
RESULT: {}
COMMAND: POST /session/129c046a4c158aab34184c97257eb527/element - {"using":"xpath","value":"//input[@id=\"application-manageresources-display-component---newResourceUnit--TYPE-inner\"]"}
COMMAND: GET /session/129c046a4c158aab34184c97257eb527/screenshot - {}
RESULT: {"using":"xpath","value":"//input[@id=\"application-manageresources-display-component---newResourceUnit--TYPE-inner\"]"}
COMMAND: POST /session/129c046a4c158aab34184c97257eb527/element/f.8E45E670A1384E074590F00FAD9F292A.d.B9315B5F6C892A79F8A4A16B771F67C2.e.9470/clear - {}
RESULT: {}
RESULT: {}
COMMAND: POST /session/129c046a4c158aab34184c97257eb527/element/f.8E45E670A1384E074590F00FAD9F292A.d.B9315B5F6C892A79F8A4A16B771F67C2.e.9470/value - {"text":"Equipment"}
COMMAND: GET /session/129c046a4c158aab34184c97257eb527/screenshot - {}
RESULT: {"text":"Equipment"}
COMMAND: GET /session/129c046a4c158aab34184c97257eb527/screenshot - {}
RESULT: {}
RESULT: {}
COMMAND: POST /session/129c046a4c158aab34184c97257eb527/actions - {"actions":[{"id":"action29","type":"key","parameters":{},"actions":[{"type":"keyDown","value":""},{"type":"pause","duration":10},{"type":"keyUp","value":""}]}]}
RESULT: {"actions":[{"id":"action29","type":"key","parameters":{},"actions":[{"type":"keyDown","value":""},{"type":"pause","duration":10},{"type":"keyUp","value":""}]}]}
COMMAND: POST /session/129c046a4c158aab34184c97257eb527/execute/async - {"script":"<script> [1562 bytes]","args":[{"selector":{"id":"application-manageresources-display-component---newResourceUnit--resourceId","interaction":{"idSuffix":"inner"}},"wdio_ui5_key":"applicationmanageresources-display-component---newResourceUnit--resourceId"}]}
COMMAND: GET /session/129c046a4c158aab34184c97257eb527/screenshot - {}
RESULT: {"script":"<script> [1562 bytes]","args":[{"selector":{"id":"application-manageresources-display-component---newResourceUnit--resourceId","interaction":{"idSuffix":"inner"}},"wdio_ui5_key":"applicationmanageresources-display-component---newResourceUnit--resourceId"}]}
RESULT: undefined
COMMAND: POST /session/129c046a4c158aab34184c97257eb527/execute/async - {"script":"<script> [776 bytes]","args":[{"enterText":"b13Zb8n1x4","selector":{"id":"application-manageresources-display-component---newResourceUnit--resourceId","interaction":{"idSuffix":"inner"}},"clearTextFirst":true,"interactionType":"ENTER_TEXT"}]}
RESULT: {}
RESULT: {"script":"<script> [776 bytes]","args":[{"enterText":"b13Zb8n1x4","selector":{"id":"application-manageresources-display-component---newResourceUnit--resourceId","interaction":{"idSuffix":"inner"}},"clearTextFirst":true,"interactionType":"ENTER_TEXT"}]}
COMMAND: POST /session/129c046a4c158aab34184c97257eb527/execute/async - {"script":"<script> [1562 bytes]","args":[{"selector":{"id":"application-manageresources-display-component---newResourceUnit--SHORT_TEXT","interaction":{"idSuffix":"inner"}},"wdio_ui5_key":"applicationmanageresources-display-component---newResourceUnit--SHORT_TEXT"}]}
RESULT: {"script":"<script> [1562 bytes]","args":[{"selector":{"id":"application-manageresources-display-component---newResourceUnit--SHORT_TEXT","interaction":{"idSuffix":"inner"}},"wdio_ui5_key":"applicationmanageresources-display-component---newResourceUnit--SHORT_TEXT"}]}
RESULT: undefined
COMMAND: POST /session/129c046a4c158aab34184c97257eb527/execute/async - {"script":"<script> [776 bytes]","args":[{"enterText":"Intercompany Equipment WDIO","selector":{"id":"application-manageresources-display-component---newResourceUnit--SHORT_TEXT","interaction":{"idSuffix":"inner"}},"clearTextFirst":true,"interactionType":"ENTER_TEXT"}]}
RESULT: {"script":"<script> [776 bytes]","args":[{"enterText":"Intercompany Equipment WDIO","selector":{"id":"application-manageresources-display-component---newResourceUnit--SHORT_TEXT","interaction":{"idSuffix":"inner"}},"clearTextFirst":true,"interactionType":"ENTER_TEXT"}]}
COMMAND: POST /session/129c046a4c158aab34184c97257eb527/execute/async - {"script":"<script> [1562 bytes]","args":[{"selector":{"id":"application-manageresources-display-component---newResourceUnit--BASE_UNIT_OF_MEASURE","interaction":{"idSuffix":"inner"}},"wdio_ui5_key":"applicationmanageresources-display-component---newResourceUnit--BASE_UNIT_OF_MEASURE"}]}
RESULT: {"script":"<script> [1562 bytes]","args":[{"selector":{"id":"application-manageresources-display-component---newResourceUnit--BASE_UNIT_OF_MEASURE","interaction":{"idSuffix":"inner"}},"wdio_ui5_key":"applicationmanageresources-display-component---newResourceUnit--BASE_UNIT_OF_MEASURE"}]}
RESULT: undefined
COMMAND: POST /session/129c046a4c158aab34184c97257eb527/execute/async - {"script":"<script> [776 bytes]","args":[{"enterText":"Piece","selector":{"id":"application-manageresources-display-component---newResourceUnit--BASE_UNIT_OF_MEASURE","interaction":{"idSuffix":"inner"}},"clearTextFirst":true,"interactionType":"ENTER_TEXT"}]}
RESULT: {"script":"<script> [776 bytes]","args":[{"enterText":"Piece","selector":{"id":"application-manageresources-display-component---newResourceUnit--BASE_UNIT_OF_MEASURE","interaction":{"idSuffix":"inner"}},"clearTextFirst":true,"interactionType":"ENTER_TEXT"}]}
COMMAND: POST /session/129c046a4c158aab34184c97257eb527/execute/async - {"script":"<script> [1562 bytes]","args":[{"selector":{"id":"application-manageresources-display-component---newResourceUnit--WEIGHT_UNIT","interaction":{"idSuffix":"inner"}},"wdio_ui5_key":"applicationmanageresources-display-component---newResourceUnit--WEIGHT_UNIT"}]}
RESULT: {"script":"<script> [1562 bytes]","args":[{"selector":{"id":"application-manageresources-display-component---newResourceUnit--WEIGHT_UNIT","interaction":{"idSuffix":"inner"}},"wdio_ui5_key":"applicationmanageresources-display-component---newResourceUnit--WEIGHT_UNIT"}]}
RESULT: undefined
COMMAND: POST /session/129c046a4c158aab34184c97257eb527/execute/async - {"script":"<script> [776 bytes]","args":[{"enterText":"Gram","selector":{"id":"application-manageresources-display-component---newResourceUnit--WEIGHT_UNIT","interaction":{"idSuffix":"inner"}},"clearTextFirst":true,"interactionType":"ENTER_TEXT"}]}
RESULT: {"script":"<script> [776 bytes]","args":[{"enterText":"Gram","selector":{"id":"application-manageresources-display-component---newResourceUnit--WEIGHT_UNIT","interaction":{"idSuffix":"inner"}},"clearTextFirst":true,"interactionType":"ENTER_TEXT"}]}
COMMAND: POST /session/129c046a4c158aab34184c97257eb527/execute/async - {"script":"<script> [1562 bytes]","args":[{"selector":{"id":"application-manageresources-display-component---newResourceUnit--DIMENSION_UNIT","interaction":{"idSuffix":"inner"}},"wdio_ui5_key":"applicationmanageresources-display-component---newResourceUnit--DIMENSION_UNIT"}]}
RESULT: {"script":"<script> [1562 bytes]","args":[{"selector":{"id":"application-manageresources-display-component---newResourceUnit--DIMENSION_UNIT","interaction":{"idSuffix":"inner"}},"wdio_ui5_key":"applicationmanageresources-display-component---newResourceUnit--DIMENSION_UNIT"}]}
RESULT: undefined
COMMAND: POST /session/129c046a4c158aab34184c97257eb527/execute/async - {"script":"<script> [776 bytes]","args":[{"enterText":"Meter","selector":{"id":"application-manageresources-display-component---newResourceUnit--DIMENSION_UNIT","interaction":{"idSuffix":"inner"}},"clearTextFirst":true,"interactionType":"ENTER_TEXT"}]}
RESULT: {"script":"<script> [776 bytes]","args":[{"enterText":"Meter","selector":{"id":"application-manageresources-display-component---newResourceUnit--DIMENSION_UNIT","interaction":{"idSuffix":"inner"}},"clearTextFirst":true,"interactionType":"ENTER_TEXT"}]}
COMMAND: POST /session/129c046a4c158aab34184c97257eb527/execute/async - {"script":"<script> [1562 bytes]","args":[{"selector":{"id":"application-manageresources-display-component---newResourceUnit--newRRUPage-anchBar-application-manageresources-display-component---newResourceUnit--control-anchor","interaction":{"idSuffix":"BDI-content"}},"wdio_ui5_key":"applicationmanageresources-display-component---newResourceUnit--newRRUPage-anchBar-application-manageresources-display-component---newResourceUnit--control-anchor"}]}
RESULT: {"script":"<script> [1562 bytes]","args":[{"selector":{"id":"application-manageresources-display-component---newResourceUnit--newRRUPage-anchBar-application-manageresources-display-component---newResourceUnit--control-anchor","interaction":{"idSuffix":"BDI-content"}},"wdio_ui5_key":"applicationmanageresources-display-component---newResourceUnit--newRRUPage-anchBar-application-manageresources-display-component---newResourceUnit--control-anchor"}]}
RESULT: undefined
COMMAND: POST /session/129c046a4c158aab34184c97257eb527/element - {"using":"xpath","value":"//*[@id=\"application-manageresources-display-component---newResourceUnit--newRRUPage-anchBar-application-manageresources-display-component---newResourceUnit--control-anchor\"]"}
RESULT: {"using":"xpath","value":"//*[@id=\"application-manageresources-display-component---newResourceUnit--newRRUPage-anchBar-application-manageresources-display-component---newResourceUnit--control-anchor\"]"}
COMMAND: POST /session/129c046a4c158aab34184c97257eb527/element/f.8E45E670A1384E074590F00FAD9F292A.d.B9315B5F6C892A79F8A4A16B771F67C2.e.9625/click - {}
RESULT: {}
COMMAND: POST /session/129c046a4c158aab34184c97257eb527/execute/async - {"script":"<script> [1562 bytes]","args":[{"selector":{"id":"application-manageresources-display-component---newResourceUnit--PLANNING_GROUP","interaction":{"idSuffix":"inner"}},"wdio_ui5_key":"applicationmanageresources-display-component---newResourceUnit--PLANNING_GROUP"}]}
COMMAND: GET /session/129c046a4c158aab34184c97257eb527/screenshot - {}
RESULT: {"script":"<script> [1562 bytes]","args":[{"selector":{"id":"application-manageresources-display-component---newResourceUnit--PLANNING_GROUP","interaction":{"idSuffix":"inner"}},"wdio_ui5_key":"applicationmanageresources-display-component---newResourceUnit--PLANNING_GROUP"}]}
RESULT: undefined
COMMAND: POST /session/129c046a4c158aab34184c97257eb527/execute/async - {"script":"<script> [776 bytes]","args":[{"enterText":"Heavy Equi","selector":{"id":"application-manageresources-display-component---newResourceUnit--PLANNING_GROUP","interaction":{"idSuffix":"inner"}},"clearTextFirst":true,"interactionType":"ENTER_TEXT"}]}
RESULT: {}
RESULT: {"script":"<script> [776 bytes]","args":[{"enterText":"Heavy Equi","selector":{"id":"application-manageresources-display-component---newResourceUnit--PLANNING_GROUP","interaction":{"idSuffix":"inner"}},"clearTextFirst":true,"interactionType":"ENTER_TEXT"}]}
COMMAND: POST /session/129c046a4c158aab34184c97257eb527/execute/async - {"script":"<script> [1562 bytes]","args":[{"selector":{"id":"application-manageresources-display-component---newResourceUnit--ITEM_TYPE-arrow"},"wdio_ui5_key":"applicationmanageresources-display-component---newResourceUnit--ITEM_TYPE-arrow"}]}
RESULT: {"script":"<script> [1562 bytes]","args":[{"selector":{"id":"application-manageresources-display-component---newResourceUnit--ITEM_TYPE-arrow"},"wdio_ui5_key":"applicationmanageresources-display-component---newResourceUnit--ITEM_TYPE-arrow"}]}
RESULT: undefined
COMMAND: POST /session/129c046a4c158aab34184c97257eb527/element - {"using":"xpath","value":"//*[@id=\"application-manageresources-display-component---newResourceUnit--ITEM_TYPE-arrow\"]"}
RESULT: {"using":"xpath","value":"//*[@id=\"application-manageresources-display-component---newResourceUnit--ITEM_TYPE-arrow\"]"}
COMMAND: POST /session/129c046a4c158aab34184c97257eb527/element/f.8E45E670A1384E074590F00FAD9F292A.d.B9315B5F6C892A79F8A4A16B771F67C2.e.9634/click - {}
RESULT: {}
COMMAND: POST /session/129c046a4c158aab34184c97257eb527/element - {"using":"xpath","value":"(//span[contains(text(), \"Resource Unit\")])[2]"}
COMMAND: GET /session/129c046a4c158aab34184c97257eb527/screenshot - {}
RESULT: {}
RESULT: {"using":"xpath","value":"(//span[contains(text(), \"Resource Unit\")])[2]"}
COMMAND: POST /session/129c046a4c158aab34184c97257eb527/element/f.8E45E670A1384E074590F00FAD9F292A.d.B9315B5F6C892A79F8A4A16B771F67C2.e.9635/click - {}
RESULT: {}
COMMAND: GET /session/129c046a4c158aab34184c97257eb527/screenshot - {}
RESULT: {}
COMMAND: POST /session/129c046a4c158aab34184c97257eb527/element - {"using":"css selector","value":"#application-manageresources-display-component---newResourceUnit--btnAddTimeSegment"}
RESULT: {"using":"css selector","value":"#application-manageresources-display-component---newResourceUnit--btnAddTimeSegment"}
COMMAND: GET /session/129c046a4c158aab34184c97257eb527/element/f.8E45E670A1384E074590F00FAD9F292A.d.B9315B5F6C892A79F8A4A16B771F67C2.e.9636/rect - {}
RESULT: {}
COMMAND: GET /session/129c046a4c158aab34184c97257eb527/window/rect - {}
RESULT: {}
COMMAND: POST /session/129c046a4c158aab34184c97257eb527/execute/sync - {"script":"<script> [92 bytes]","args":[]}
RESULT: {"script":"<script> [92 bytes]","args":[]}
COMMAND: POST /session/129c046a4c158aab34184c97257eb527/actions - {"actions":[{"id":"action30","type":"wheel","parameters":{},"actions":[{"type":"scroll","x":-1888,"y":-32,"deltaX":0,"deltaY":0,"duration":0,"origin":{"element-6066-11e4-a52e-4f735466cecf":"f.8E45E670A1384E074590F00FAD9F292A.d.B9315B5F6C892A79F8A4A16B771F67C2.e.9636"}}]}]}
COMMAND: GET /session/129c046a4c158aab34184c97257eb527/screenshot - {}
RESULT: {}
COMMAND: POST /session/129c046a4c158aab34184c97257eb527/execute/sync - {"script":"<script> [79 bytes]","args":[{"element-6066-11e4-a52e-4f735466cecf":"f.8E45E670A1384E074590F00FAD9F292A.d.B9315B5F6C892A79F8A4A16B771F67C2.e.9636","ELEMENT":"f.8E45E670A1384E074590F00FAD9F292A.d.B9315B5F6C892A79F8A4A16B771F67C2.e.9636"},{"block":"start","inline":"nearest"}]}
RESULT: {"script":"<script> [79 bytes]","args":[{"element-6066-11e4-a52e-4f735466cecf":"f.8E45E670A1384E074590F00FAD9F292A.d.B9315B5F6C892A79F8A4A16B771F67C2.e.9636","ELEMENT":"f.8E45E670A1384E074590F00FAD9F292A.d.B9315B5F6C892A79F8A4A16B771F67C2.e.9636"},{"block":"start","inline":"nearest"}]}
COMMAND: POST /session/129c046a4c158aab34184c97257eb527/execute/async - {"script":"<script> [1562 bytes]","args":[{"selector":{"id":"application-manageresources-display-component---newResourceUnit--btnAddTimeSegment","interaction":{"idSuffix":"inner"}},"wdio_ui5_key":"applicationmanageresources-display-component---newResourceUnit--btnAddTimeSegment"}]}
COMMAND: GET /session/129c046a4c158aab34184c97257eb527/screenshot - {}
RESULT: {"script":"<script> [1562 bytes]","args":[{"selector":{"id":"application-manageresources-display-component---newResourceUnit--btnAddTimeSegment","interaction":{"idSuffix":"inner"}},"wdio_ui5_key":"applicationmanageresources-display-component---newResourceUnit--btnAddTimeSegment"}]}
RESULT: undefined
COMMAND: POST /session/129c046a4c158aab34184c97257eb527/element - {"using":"xpath","value":"//*[@id=\"application-manageresources-display-component---newResourceUnit--btnAddTimeSegment\"]"}
RESULT: {}
RESULT: {"using":"xpath","value":"//*[@id=\"application-manageresources-display-component---newResourceUnit--btnAddTimeSegment\"]"}
COMMAND: POST /session/129c046a4c158aab34184c97257eb527/element/f.8E45E670A1384E074590F00FAD9F292A.d.B9315B5F6C892A79F8A4A16B771F67C2.e.9636/click - {}
RESULT: {}
COMMAND: GET /session/129c046a4c158aab34184c97257eb527/screenshot - {}
RESULT: {}
COMMAND: POST /session/129c046a4c158aab34184c97257eb527/element - {"using":"xpath","value":"//input[@id=\"application-manageresources-display-component---newResourceUnit--idRuTSAdmin-application-manageresources-display-component---newResourceUnit--RUTimeSegment-0-inner\"]"}
RESULT: {"using":"xpath","value":"//input[@id=\"application-manageresources-display-component---newResourceUnit--idRuTSAdmin-application-manageresources-display-component---newResourceUnit--RUTimeSegment-0-inner\"]"}
COMMAND: POST /session/129c046a4c158aab34184c97257eb527/element/f.8E45E670A1384E074590F00FAD9F292A.d.B9315B5F6C892A79F8A4A16B771F67C2.e.9642/clear - {}
RESULT: {}
COMMAND: POST /session/129c046a4c158aab34184c97257eb527/element/f.8E45E670A1384E074590F00FAD9F292A.d.B9315B5F6C892A79F8A4A16B771F67C2.e.9642/value - {"text":"745"}
COMMAND: GET /session/129c046a4c158aab34184c97257eb527/screenshot - {}
RESULT: {"text":"745"}
COMMAND: GET /session/129c046a4c158aab34184c97257eb527/screenshot - {}
RESULT: {}
RESULT: {}
COMMAND: POST /session/129c046a4c158aab34184c97257eb527/element - {"using":"xpath","value":"//li[.//span[text()='745']]"}
RESULT: {"using":"xpath","value":"//li[.//span[text()='745']]"}
COMMAND: POST /session/129c046a4c158aab34184c97257eb527/element/f.8E45E670A1384E074590F00FAD9F292A.d.B9315B5F6C892A79F8A4A16B771F67C2.e.9656/click - {}
RESULT: {}
COMMAND: GET /session/129c046a4c158aab34184c97257eb527/screenshot - {}
RESULT: {}
COMMAND: POST /session/129c046a4c158aab34184c97257eb527/element - {"using":"xpath","value":"(//span[contains(@id, \"-application-manageresources-display-component---newResourceUnit--RUTimeSegment-0-arrow\")])[6]"}
RESULT: {"using":"xpath","value":"(//span[contains(@id, \"-application-manageresources-display-component---newResourceUnit--RUTimeSegment-0-arrow\")])[6]"}
COMMAND: POST /session/129c046a4c158aab34184c97257eb527/element/f.8E45E670A1384E074590F00FAD9F292A.d.B9315B5F6C892A79F8A4A16B771F67C2.e.9657/click - {}
RESULT: {}
COMMAND: POST /session/129c046a4c158aab34184c97257eb527/element - {"using":"xpath","value":"//span[contains(text(), \"PM Order\")]"}
COMMAND: GET /session/129c046a4c158aab34184c97257eb527/screenshot - {}
RESULT: {"using":"xpath","value":"//span[contains(text(), \"PM Order\")]"}
COMMAND: POST /session/129c046a4c158aab34184c97257eb527/element/f.8E45E670A1384E074590F00FAD9F292A.d.B9315B5F6C892A79F8A4A16B771F67C2.e.9660/click - {}
RESULT: {}
RESULT: {}
COMMAND: GET /session/129c046a4c158aab34184c97257eb527/screenshot - {}
RESULT: {}
COMMAND: POST /session/129c046a4c158aab34184c97257eb527/element - {"using":"xpath","value":"(//span[contains(@id ,\"manageresources-display-component---newResourceUnit--RUTimeSegment-0-vhi\")])[2]"}
RESULT: {"using":"xpath","value":"(//span[contains(@id ,\"manageresources-display-component---newResourceUnit--RUTimeSegment-0-vhi\")])[2]"}
COMMAND: POST /session/129c046a4c158aab34184c97257eb527/element/f.8E45E670A1384E074590F00FAD9F292A.d.B9315B5F6C892A79F8A4A16B771F67C2.e.9663/click - {}
RESULT: {}
COMMAND: GET /session/129c046a4c158aab34184c97257eb527/screenshot - {}
RESULT: {}
RESULT: undefined
COMMAND: POST /session/129c046a4c158aab34184c97257eb527/execute/async - {"script":"<script> [776 bytes]","args":[{"enterText":"4000360","selector":{"controlType":"sap.m.SearchField","properties":{"placeholder":"Search"},"searchOpenDialogs":true,"interaction":{"idSuffix":"I"}},"clearTextFirst":true,"interactionType":"ENTER_TEXT"}]}
RESULT: {"script":"<script> [776 bytes]","args":[{"enterText":"4000360","selector":{"controlType":"sap.m.SearchField","properties":{"placeholder":"Search"},"searchOpenDialogs":true,"interaction":{"idSuffix":"I"}},"clearTextFirst":true,"interactionType":"ENTER_TEXT"}]}
COMMAND: POST /session/129c046a4c158aab34184c97257eb527/actions - {"actions":[{"id":"action31","type":"key","parameters":{},"actions":[{"type":"keyDown","value":""},{"type":"pause","duration":10},{"type":"keyUp","value":""}]}]}
RESULT: {"actions":[{"id":"action31","type":"key","parameters":{},"actions":[{"type":"keyDown","value":""},{"type":"pause","duration":10},{"type":"keyUp","value":""}]}]}
COMMAND: GET /session/129c046a4c158aab34184c97257eb527/screenshot - {}
RESULT: {}
COMMAND: POST /session/129c046a4c158aab34184c97257eb527/element - {"using":"xpath","value":"//td/div/span[contains(text(), \"BGL Vehicles\")]"}
RESULT: {"using":"xpath","value":"//td/div/span[contains(text(), \"BGL Vehicles\")]"}
COMMAND: POST /session/129c046a4c158aab34184c97257eb527/element/f.8E45E670A1384E074590F00FAD9F292A.d.B9315B5F6C892A79F8A4A16B771F67C2.e.9681/click - {}
RESULT: {}
COMMAND: GET /session/129c046a4c158aab34184c97257eb527/screenshot - {}
RESULT: {}
COMMAND: POST /session/129c046a4c158aab34184c97257eb527/element - {"using":"xpath","value":"//bdi[contains(text(), \"OK\")]"}
RESULT: {"using":"xpath","value":"//bdi[contains(text(), \"OK\")]"}
COMMAND: POST /session/129c046a4c158aab34184c97257eb527/element/f.8E45E670A1384E074590F00FAD9F292A.d.B9315B5F6C892A79F8A4A16B771F67C2.e.9682/click - {}
RESULT: {}
COMMAND: GET /session/129c046a4c158aab34184c97257eb527/screenshot - {}
RESULT: {}
COMMAND: POST /session/129c046a4c158aab34184c97257eb527/execute/async - {"script":"<script> [1562 bytes]","args":[{"selector":{"id":"application-manageresources-display-component---newResourceUnit--newRRUPage-anchBar-application-manageresources-display-component---newResourceUnit--resource-anchor","interaction":{"idSuffix":"BDI-content"}},"wdio_ui5_key":"applicationmanageresources-display-component---newResourceUnit--newRRUPage-anchBar-application-manageresources-display-component---newResourceUnit--resource-anchor"}]}
RESULT: {"script":"<script> [1562 bytes]","args":[{"selector":{"id":"application-manageresources-display-component---newResourceUnit--newRRUPage-anchBar-application-manageresources-display-component---newResourceUnit--resource-anchor","interaction":{"idSuffix":"BDI-content"}},"wdio_ui5_key":"applicationmanageresources-display-component---newResourceUnit--newRRUPage-anchBar-application-manageresources-display-component---newResourceUnit--resource-anchor"}]}
RESULT: undefined
COMMAND: POST /session/129c046a4c158aab34184c97257eb527/element - {"using":"xpath","value":"//*[@id=\"application-manageresources-display-component---newResourceUnit--newRRUPage-anchBar-application-manageresources-display-component---newResourceUnit--resource-anchor\"]"}
RESULT: {"using":"xpath","value":"//*[@id=\"application-manageresources-display-component---newResourceUnit--newRRUPage-anchBar-application-manageresources-display-component---newResourceUnit--resource-anchor\"]"}
COMMAND: POST /session/129c046a4c158aab34184c97257eb527/element/f.8E45E670A1384E074590F00FAD9F292A.d.B9315B5F6C892A79F8A4A16B771F67C2.e.9686/click - {}
RESULT: {}
COMMAND: POST /session/129c046a4c158aab34184c97257eb527/execute/async - {"script":"<script> [1562 bytes]","args":[{"selector":{"id":"application-manageresources-display-component---newResourceUnit--PLANNED_DELIVERY_DATE","interaction":{"idSuffix":"inner"}},"wdio_ui5_key":"applicationmanageresources-display-component---newResourceUnit--PLANNED_DELIVERY_DATE"}]}
COMMAND: GET /session/129c046a4c158aab34184c97257eb527/screenshot - {}
RESULT: {"script":"<script> [1562 bytes]","args":[{"selector":{"id":"application-manageresources-display-component---newResourceUnit--PLANNED_DELIVERY_DATE","interaction":{"idSuffix":"inner"}},"wdio_ui5_key":"applicationmanageresources-display-component---newResourceUnit--PLANNED_DELIVERY_DATE"}]}
RESULT: undefined
COMMAND: POST /session/129c046a4c158aab34184c97257eb527/execute/async - {"script":"<script> [6424 bytes]","args":[{"element-6066-11e4-a52e-4f735466cecf":"f.8E45E670A1384E074590F00FAD9F292A.d.B9315B5F6C892A79F8A4A16B771F67C2.e.9548"},"setValue",["4/23/25"]]}
RESULT: {}
RESULT: {"script":"<script> [6424 bytes]","args":[{"element-6066-11e4-a52e-4f735466cecf":"f.8E45E670A1384E074590F00FAD9F292A.d.B9315B5F6C892A79F8A4A16B771F67C2.e.9548"},"setValue",["4/23/25"]]}
COMMAND: POST /session/129c046a4c158aab34184c97257eb527/element - {"using":"xpath","value":"//button[@data-kt=\"resourceUnitSaveButton\"]"}
RESULT: {"using":"xpath","value":"//button[@data-kt=\"resourceUnitSaveButton\"]"}
COMMAND: POST /session/129c046a4c158aab34184c97257eb527/element/f.8E45E670A1384E074590F00FAD9F292A.d.B9315B5F6C892A79F8A4A16B771F67C2.e.9509/click - {}
RESULT: {}
COMMAND: GET /session/129c046a4c158aab34184c97257eb527/screenshot - {}
RESULT: {}
COMMAND: POST /session/129c046a4c158aab34184c97257eb527/element - {"using":"xpath","value":"//bdi[contains(text(), \"Close\")]"}
RESULT: {"using":"xpath","value":"//bdi[contains(text(), \"Close\")]"}
COMMAND: POST /session/129c046a4c158aab34184c97257eb527/element/f.8E45E670A1384E074590F00FAD9F292A.d.B9315B5F6C892A79F8A4A16B771F67C2.e.9695/click - {}
RESULT: {}
COMMAND: GET /session/129c046a4c158aab34184c97257eb527/screenshot - {}
RESULT: {}
COMMAND: POST /session/129c046a4c158aab34184c97257eb527/element - {"using":"xpath","value":"(//button[contains(@id ,\"actionsToolbar-overflowButton\")])[1]"}
RESULT: {"using":"xpath","value":"(//button[contains(@id ,\"actionsToolbar-overflowButton\")])[1]"}
COMMAND: POST /session/129c046a4c158aab34184c97257eb527/element/f.8E45E670A1384E074590F00FAD9F292A.d.B9315B5F6C892A79F8A4A16B771F67C2.e.9751/click - {}
RESULT: {}
COMMAND: GET /session/129c046a4c158aab34184c97257eb527/screenshot - {}
RESULT: {}
COMMAND: POST /session/129c046a4c158aab34184c97257eb527/element - {"using":"xpath","value":"//button[@data-kt=\"priceInfoButton\"]"}
RESULT: {"using":"xpath","value":"//button[@data-kt=\"priceInfoButton\"]"}
COMMAND: POST /session/129c046a4c158aab34184c97257eb527/element/f.8E45E670A1384E074590F00FAD9F292A.d.B9315B5F6C892A79F8A4A16B771F67C2.e.9753/click - {}
RESULT: {}
COMMAND: GET /session/129c046a4c158aab34184c97257eb527/screenshot - {}
RESULT: {}
]]></system-out>
    </testcase>
    <testcase classname="chrome.135_0_7049_96.windows.Billing_Transfer_-_Intracompany_US127249" name="Should create a pricing procedure" time="52.953">
      <system-out><![CDATA[
COMMAND: POST /session/129c046a4c158aab34184c97257eb527/element - {"using":"xpath","value":"//button[@data-kt=\"addButton\"]"}
RESULT: {"using":"xpath","value":"//button[@data-kt=\"addButton\"]"}
COMMAND: POST /session/129c046a4c158aab34184c97257eb527/elements - {"using":"xpath","value":"//button[@data-kt=\"addButton\"]"}
RESULT: {"using":"xpath","value":"//button[@data-kt=\"addButton\"]"}
COMMAND: POST /session/129c046a4c158aab34184c97257eb527/elements - {"using":"xpath","value":"//button[@data-kt=\"addButton\"]"}
RESULT: {"using":"xpath","value":"//button[@data-kt=\"addButton\"]"}
COMMAND: POST /session/129c046a4c158aab34184c97257eb527/element - {"using":"xpath","value":"//button[@data-kt=\"addButton\"]"}
RESULT: {"using":"xpath","value":"//button[@data-kt=\"addButton\"]"}
COMMAND: POST /session/129c046a4c158aab34184c97257eb527/execute/sync - {"script":"<script> [8489 bytes]","args":[{"element-6066-11e4-a52e-4f735466cecf":"f.8E45E670A1384E074590F00FAD9F292A.d.B9315B5F6C892A79F8A4A16B771F67C2.e.9789","ELEMENT":"f.8E45E670A1384E074590F00FAD9F292A.d.B9315B5F6C892A79F8A4A16B771F67C2.e.9789"}]}
RESULT: {"script":"<script> [8489 bytes]","args":[{"element-6066-11e4-a52e-4f735466cecf":"f.8E45E670A1384E074590F00FAD9F292A.d.B9315B5F6C892A79F8A4A16B771F67C2.e.9789","ELEMENT":"f.8E45E670A1384E074590F00FAD9F292A.d.B9315B5F6C892A79F8A4A16B771F67C2.e.9789"}]}
COMMAND: GET /session/129c046a4c158aab34184c97257eb527/element/f.8E45E670A1384E074590F00FAD9F292A.d.B9315B5F6C892A79F8A4A16B771F67C2.e.9789/enabled - {}
COMMAND: GET /session/129c046a4c158aab34184c97257eb527/screenshot - {}
RESULT: {}
COMMAND: POST /session/129c046a4c158aab34184c97257eb527/execute/sync - {"script":"<script> [8489 bytes]","args":[{"element-6066-11e4-a52e-4f735466cecf":"f.8E45E670A1384E074590F00FAD9F292A.d.B9315B5F6C892A79F8A4A16B771F67C2.e.9789","ELEMENT":"f.8E45E670A1384E074590F00FAD9F292A.d.B9315B5F6C892A79F8A4A16B771F67C2.e.9789"}]}
COMMAND: GET /session/129c046a4c158aab34184c97257eb527/screenshot - {}
RESULT: {}
RESULT: {"script":"<script> [8489 bytes]","args":[{"element-6066-11e4-a52e-4f735466cecf":"f.8E45E670A1384E074590F00FAD9F292A.d.B9315B5F6C892A79F8A4A16B771F67C2.e.9789","ELEMENT":"f.8E45E670A1384E074590F00FAD9F292A.d.B9315B5F6C892A79F8A4A16B771F67C2.e.9789"}]}
COMMAND: POST /session/129c046a4c158aab34184c97257eb527/execute/sync - {"script":"<script> [5351 bytes]","args":[{"element-6066-11e4-a52e-4f735466cecf":"f.8E45E670A1384E074590F00FAD9F292A.d.B9315B5F6C892A79F8A4A16B771F67C2.e.9789","ELEMENT":"f.8E45E670A1384E074590F00FAD9F292A.d.B9315B5F6C892A79F8A4A16B771F67C2.e.9789"}]}
COMMAND: GET /session/129c046a4c158aab34184c97257eb527/screenshot - {}
RESULT: {}
RESULT: {"script":"<script> [5351 bytes]","args":[{"element-6066-11e4-a52e-4f735466cecf":"f.8E45E670A1384E074590F00FAD9F292A.d.B9315B5F6C892A79F8A4A16B771F67C2.e.9789","ELEMENT":"f.8E45E670A1384E074590F00FAD9F292A.d.B9315B5F6C892A79F8A4A16B771F67C2.e.9789"}]}
COMMAND: POST /session/129c046a4c158aab34184c97257eb527/element/f.8E45E670A1384E074590F00FAD9F292A.d.B9315B5F6C892A79F8A4A16B771F67C2.e.9789/click - {}
COMMAND: GET /session/129c046a4c158aab34184c97257eb527/screenshot - {}
RESULT: {}
RESULT: {}
COMMAND: GET /session/129c046a4c158aab34184c97257eb527/screenshot - {}
RESULT: {}
RESULT: {}
COMMAND: POST /session/129c046a4c158aab34184c97257eb527/execute/async - {"script":"<script> [1562 bytes]","args":[{"selector":{"controlType":"sap.m.Title","viewName":"etm.portal.ui.managepricingrules.view.NewItem","viewId":"application-managepricingrules-display-component---newInfoPriceItem","properties":{"text":"New Pricing Rules - Item Level"}},"wdio_ui5_key":"etmportal.ui.managepricingrules.view.NewItemsap.m.Title{\"text\":\"New Pricing Rules - Item Level\"}"}]}
RESULT: {"script":"<script> [1562 bytes]","args":[{"selector":{"controlType":"sap.m.Title","viewName":"etm.portal.ui.managepricingrules.view.NewItem","viewId":"application-managepricingrules-display-component---newInfoPriceItem","properties":{"text":"New Pricing Rules - Item Level"}},"wdio_ui5_key":"etmportal.ui.managepricingrules.view.NewItemsap.m.Title{\"text\":\"New Pricing Rules - Item Level\"}"}]}
RESULT: undefined
COMMAND: POST /session/129c046a4c158aab34184c97257eb527/execute/async - {"script":"<script> [6424 bytes]","args":[{"element-6066-11e4-a52e-4f735466cecf":"f.8E45E670A1384E074590F00FAD9F292A.d.B9315B5F6C892A79F8A4A16B771F67C2.e.9960"},"getText",[]]}
RESULT: {"script":"<script> [6424 bytes]","args":[{"element-6066-11e4-a52e-4f735466cecf":"f.8E45E670A1384E074590F00FAD9F292A.d.B9315B5F6C892A79F8A4A16B771F67C2.e.9960"},"getText",[]]}
COMMAND: POST /session/129c046a4c158aab34184c97257eb527/execute/async - {"script":"<script> [1562 bytes]","args":[{"selector":{"id":"application-managepricingrules-display-component---newInfoPriceItem--condValidTo","interaction":{"idSuffix":"inner"}},"wdio_ui5_key":"applicationmanagepricingrules-display-component---newInfoPriceItem--condValidTo"}]}
RESULT: {"script":"<script> [1562 bytes]","args":[{"selector":{"id":"application-managepricingrules-display-component---newInfoPriceItem--condValidTo","interaction":{"idSuffix":"inner"}},"wdio_ui5_key":"applicationmanagepricingrules-display-component---newInfoPriceItem--condValidTo"}]}
RESULT: undefined
COMMAND: POST /session/129c046a4c158aab34184c97257eb527/execute/async - {"script":"<script> [776 bytes]","args":[{"enterText":"12/23/25","selector":{"id":"application-managepricingrules-display-component---newInfoPriceItem--condValidTo","interaction":{"idSuffix":"inner"}},"clearTextFirst":true,"interactionType":"ENTER_TEXT"}]}
RESULT: {"script":"<script> [776 bytes]","args":[{"enterText":"12/23/25","selector":{"id":"application-managepricingrules-display-component---newInfoPriceItem--condValidTo","interaction":{"idSuffix":"inner"}},"clearTextFirst":true,"interactionType":"ENTER_TEXT"}]}
COMMAND: POST /session/129c046a4c158aab34184c97257eb527/execute/async - {"script":"<script> [1562 bytes]","args":[{"selector":{"id":"application-managepricingrules-display-component---newInfoPriceItem--billType-arrow"},"wdio_ui5_key":"applicationmanagepricingrules-display-component---newInfoPriceItem--billType-arrow"}]}
RESULT: {"script":"<script> [1562 bytes]","args":[{"selector":{"id":"application-managepricingrules-display-component---newInfoPriceItem--billType-arrow"},"wdio_ui5_key":"applicationmanagepricingrules-display-component---newInfoPriceItem--billType-arrow"}]}
RESULT: undefined
COMMAND: POST /session/129c046a4c158aab34184c97257eb527/element - {"using":"xpath","value":"//*[@id=\"application-managepricingrules-display-component---newInfoPriceItem--billType-arrow\"]"}
RESULT: {"using":"xpath","value":"//*[@id=\"application-managepricingrules-display-component---newInfoPriceItem--billType-arrow\"]"}
COMMAND: POST /session/129c046a4c158aab34184c97257eb527/element/f.8E45E670A1384E074590F00FAD9F292A.d.B9315B5F6C892A79F8A4A16B771F67C2.e.9919/click - {}
RESULT: {}
COMMAND: POST /session/129c046a4c158aab34184c97257eb527/element - {"using":"xpath","value":"//span[contains(text(), \"TB - Time based\")]"}
COMMAND: GET /session/129c046a4c158aab34184c97257eb527/screenshot - {}
RESULT: {"using":"xpath","value":"//span[contains(text(), \"TB - Time based\")]"}
COMMAND: POST /session/129c046a4c158aab34184c97257eb527/element/f.8E45E670A1384E074590F00FAD9F292A.d.B9315B5F6C892A79F8A4A16B771F67C2.e.9962/click - {}
RESULT: {}
RESULT: {}
COMMAND: POST /session/129c046a4c158aab34184c97257eb527/execute/async - {"script":"<script> [1562 bytes]","args":[{"selector":{"id":"application-managepricingrules-display-component---newInfoPriceItem--priceProc-arrow"},"wdio_ui5_key":"applicationmanagepricingrules-display-component---newInfoPriceItem--priceProc-arrow"}]}
COMMAND: GET /session/129c046a4c158aab34184c97257eb527/screenshot - {}
RESULT: {"script":"<script> [1562 bytes]","args":[{"selector":{"id":"application-managepricingrules-display-component---newInfoPriceItem--priceProc-arrow"},"wdio_ui5_key":"applicationmanagepricingrules-display-component---newInfoPriceItem--priceProc-arrow"}]}
RESULT: undefined
COMMAND: POST /session/129c046a4c158aab34184c97257eb527/element - {"using":"xpath","value":"//*[@id=\"application-managepricingrules-display-component---newInfoPriceItem--priceProc-arrow\"]"}
RESULT: {}
RESULT: {"using":"xpath","value":"//*[@id=\"application-managepricingrules-display-component---newInfoPriceItem--priceProc-arrow\"]"}
COMMAND: POST /session/129c046a4c158aab34184c97257eb527/element/f.8E45E670A1384E074590F00FAD9F292A.d.B9315B5F6C892A79F8A4A16B771F67C2.e.9926/click - {}
RESULT: {}
COMMAND: POST /session/129c046a4c158aab34184c97257eb527/element - {"using":"xpath","value":"//span[contains(text(), \"TBS - Time based standard\")]"}
COMMAND: GET /session/129c046a4c158aab34184c97257eb527/screenshot - {}
RESULT: {"using":"xpath","value":"//span[contains(text(), \"TBS - Time based standard\")]"}
COMMAND: POST /session/129c046a4c158aab34184c97257eb527/element/f.8E45E670A1384E074590F00FAD9F292A.d.B9315B5F6C892A79F8A4A16B771F67C2.e.9963/click - {}
RESULT: {}
RESULT: {}
COMMAND: POST /session/129c046a4c158aab34184c97257eb527/execute/async - {"script":"<script> [1562 bytes]","args":[{"selector":{"id":"application-managepricingrules-display-component---newInfoPriceItem--calcBase-arrow"},"wdio_ui5_key":"applicationmanagepricingrules-display-component---newInfoPriceItem--calcBase-arrow"}]}
COMMAND: GET /session/129c046a4c158aab34184c97257eb527/screenshot - {}
RESULT: {"script":"<script> [1562 bytes]","args":[{"selector":{"id":"application-managepricingrules-display-component---newInfoPriceItem--calcBase-arrow"},"wdio_ui5_key":"applicationmanagepricingrules-display-component---newInfoPriceItem--calcBase-arrow"}]}
RESULT: undefined
COMMAND: POST /session/129c046a4c158aab34184c97257eb527/element - {"using":"xpath","value":"//*[@id=\"application-managepricingrules-display-component---newInfoPriceItem--calcBase-arrow\"]"}
RESULT: {}
RESULT: {"using":"xpath","value":"//*[@id=\"application-managepricingrules-display-component---newInfoPriceItem--calcBase-arrow\"]"}
COMMAND: POST /session/129c046a4c158aab34184c97257eb527/element/f.8E45E670A1384E074590F00FAD9F292A.d.B9315B5F6C892A79F8A4A16B771F67C2.e.9933/click - {}
RESULT: {}
COMMAND: GET /session/129c046a4c158aab34184c97257eb527/screenshot - {}
RESULT: {}
COMMAND: POST /session/129c046a4c158aab34184c97257eb527/element - {"using":"xpath","value":"//span[contains(text(), \"0006 - TB(calendar days)\")]"}
RESULT: {"using":"xpath","value":"//span[contains(text(), \"0006 - TB(calendar days)\")]"}
COMMAND: POST /session/129c046a4c158aab34184c97257eb527/element/f.8E45E670A1384E074590F00FAD9F292A.d.B9315B5F6C892A79F8A4A16B771F67C2.e.9964/click - {}
RESULT: {}
COMMAND: GET /session/129c046a4c158aab34184c97257eb527/screenshot - {}
RESULT: {}
COMMAND: POST /session/129c046a4c158aab34184c97257eb527/execute/async - {"script":"<script> [1562 bytes]","args":[{"selector":{"id":"application-managepricingrules-display-component---newInfoPriceItem--daysMonth","interaction":{"idSuffix":"inner"}},"wdio_ui5_key":"applicationmanagepricingrules-display-component---newInfoPriceItem--daysMonth"}]}
RESULT: {"script":"<script> [1562 bytes]","args":[{"selector":{"id":"application-managepricingrules-display-component---newInfoPriceItem--daysMonth","interaction":{"idSuffix":"inner"}},"wdio_ui5_key":"applicationmanagepricingrules-display-component---newInfoPriceItem--daysMonth"}]}
RESULT: undefined
COMMAND: POST /session/129c046a4c158aab34184c97257eb527/execute/async - {"script":"<script> [776 bytes]","args":[{"enterText":"30","selector":{"id":"application-managepricingrules-display-component---newInfoPriceItem--daysMonth","interaction":{"idSuffix":"inner"}},"clearTextFirst":true,"interactionType":"ENTER_TEXT"}]}
RESULT: {"script":"<script> [776 bytes]","args":[{"enterText":"30","selector":{"id":"application-managepricingrules-display-component---newInfoPriceItem--daysMonth","interaction":{"idSuffix":"inner"}},"clearTextFirst":true,"interactionType":"ENTER_TEXT"}]}
COMMAND: POST /session/129c046a4c158aab34184c97257eb527/element - {"using":"xpath","value":"//button[@data-kt=\"saveNewRuleButton\"]"}
RESULT: {"using":"xpath","value":"//button[@data-kt=\"saveNewRuleButton\"]"}
COMMAND: POST /session/129c046a4c158aab34184c97257eb527/element/f.8E45E670A1384E074590F00FAD9F292A.d.B9315B5F6C892A79F8A4A16B771F67C2.e.9953/click - {}
RESULT: {}
COMMAND: GET /session/129c046a4c158aab34184c97257eb527/screenshot - {}
RESULT: {}
COMMAND: POST /session/129c046a4c158aab34184c97257eb527/execute/async - {"script":"<script> [1562 bytes]","args":[{"selector":{"id":"application-managepricingrules-display-component---priceInfoItem--smartFilterBar-btnBasicSearch","interaction":{"idSuffix":"I"}},"wdio_ui5_key":"applicationmanagepricingrules-display-component---priceInfoItem--smartFilterBar-btnBasicSearch"}]}
RESULT: {"script":"<script> [1562 bytes]","args":[{"selector":{"id":"application-managepricingrules-display-component---priceInfoItem--smartFilterBar-btnBasicSearch","interaction":{"idSuffix":"I"}},"wdio_ui5_key":"applicationmanagepricingrules-display-component---priceInfoItem--smartFilterBar-btnBasicSearch"}]}
RESULT: undefined
COMMAND: POST /session/129c046a4c158aab34184c97257eb527/execute/async - {"script":"<script> [776 bytes]","args":[{"enterText":"b13Zb8n1x4","selector":{"id":"application-managepricingrules-display-component---priceInfoItem--smartFilterBar-btnBasicSearch","interaction":{"idSuffix":"I"}},"clearTextFirst":true,"interactionType":"ENTER_TEXT"}]}
RESULT: {"script":"<script> [776 bytes]","args":[{"enterText":"b13Zb8n1x4","selector":{"id":"application-managepricingrules-display-component---priceInfoItem--smartFilterBar-btnBasicSearch","interaction":{"idSuffix":"I"}},"clearTextFirst":true,"interactionType":"ENTER_TEXT"}]}
COMMAND: POST /session/129c046a4c158aab34184c97257eb527/actions - {"actions":[{"id":"action32","type":"key","parameters":{},"actions":[{"type":"keyDown","value":""},{"type":"pause","duration":10},{"type":"keyUp","value":""}]}]}
RESULT: {"actions":[{"id":"action32","type":"key","parameters":{},"actions":[{"type":"keyDown","value":""},{"type":"pause","duration":10},{"type":"keyUp","value":""}]}]}
COMMAND: GET /session/129c046a4c158aab34184c97257eb527/screenshot - {}
RESULT: {}
COMMAND: POST /session/129c046a4c158aab34184c97257eb527/element - {"using":"xpath","value":"//span[@id=\"application-managepricingrules-display-component---priceInfoItem--smartTable-header-inner\"]"}
RESULT: {"using":"xpath","value":"//span[@id=\"application-managepricingrules-display-component---priceInfoItem--smartTable-header-inner\"]"}
COMMAND: POST /session/129c046a4c158aab34184c97257eb527/elements - {"using":"xpath","value":"//span[@id=\"application-managepricingrules-display-component---priceInfoItem--smartTable-header-inner\"]"}
RESULT: {"using":"xpath","value":"//span[@id=\"application-managepricingrules-display-component---priceInfoItem--smartTable-header-inner\"]"}
COMMAND: POST /session/129c046a4c158aab34184c97257eb527/execute/sync - {"script":"<script> [56 bytes]","args":[{"element-6066-11e4-a52e-4f735466cecf":"f.8E45E670A1384E074590F00FAD9F292A.d.B9315B5F6C892A79F8A4A16B771F67C2.e.9988","ELEMENT":"f.8E45E670A1384E074590F00FAD9F292A.d.B9315B5F6C892A79F8A4A16B771F67C2.e.9988"}]}
RESULT: {"script":"<script> [56 bytes]","args":[{"element-6066-11e4-a52e-4f735466cecf":"f.8E45E670A1384E074590F00FAD9F292A.d.B9315B5F6C892A79F8A4A16B771F67C2.e.9988","ELEMENT":"f.8E45E670A1384E074590F00FAD9F292A.d.B9315B5F6C892A79F8A4A16B771F67C2.e.9988"}]}
COMMAND: POST /session/129c046a4c158aab34184c97257eb527/element - {"using":"css selector","value":"#shell-header-logo"}
COMMAND: GET /session/129c046a4c158aab34184c97257eb527/screenshot - {}
RESULT: {"using":"css selector","value":"#shell-header-logo"}
COMMAND: POST /session/129c046a4c158aab34184c97257eb527/element/f.8E45E670A1384E074590F00FAD9F292A.d.B9315B5F6C892A79F8A4A16B771F67C2.e.9100/click - {}
RESULT: {}
RESULT: {}
COMMAND: GET /session/129c046a4c158aab34184c97257eb527/screenshot - {}
RESULT: {}
]]></system-out>
    </testcase>
    <testcase classname="chrome.135_0_7049_96.windows.Billing_Transfer_-_Intracompany_US127249" name="Should manage conditions" time="70.817">
      <system-out><![CDATA[
COMMAND: POST /session/129c046a4c158aab34184c97257eb527/execute/async - {"script":"<script> [1562 bytes]","args":[{"selector":{"controlType":"sap.m.Text","properties":{"text":"Manage Conditions & Prices"},"interaction":{"idSuffix":"inner"}},"wdio_ui5_key":"sapm.Text{\"text\":\"Manage Conditions & Prices\"}"}]}
RESULT: {"script":"<script> [1562 bytes]","args":[{"selector":{"controlType":"sap.m.Text","properties":{"text":"Manage Conditions & Prices"},"interaction":{"idSuffix":"inner"}},"wdio_ui5_key":"sapm.Text{\"text\":\"Manage Conditions & Prices\"}"}]}
RESULT: undefined
COMMAND: POST /session/129c046a4c158aab34184c97257eb527/element - {"using":"xpath","value":"//*[@id=\"__tile53-title\"]"}
RESULT: {"using":"xpath","value":"//*[@id=\"__tile53-title\"]"}
COMMAND: POST /session/129c046a4c158aab34184c97257eb527/element/f.8E45E670A1384E074590F00FAD9F292A.d.B9315B5F6C892A79F8A4A16B771F67C2.e.9991/click - {}
RESULT: {}
COMMAND: POST /session/129c046a4c158aab34184c97257eb527/element - {"using":"xpath","value":"//button[@aria-label=\"Create\"]"}
COMMAND: GET /session/129c046a4c158aab34184c97257eb527/screenshot - {}
RESULT: {"using":"xpath","value":"//button[@aria-label=\"Create\"]"}
COMMAND: POST /session/129c046a4c158aab34184c97257eb527/elements - {"using":"xpath","value":"//button[@aria-label=\"Create\"]"}
RESULT: {}
RESULT: {"using":"xpath","value":"//button[@aria-label=\"Create\"]"}
COMMAND: POST /session/129c046a4c158aab34184c97257eb527/elements - {"using":"xpath","value":"//button[@aria-label=\"Create\"]"}
RESULT: {"using":"xpath","value":"//button[@aria-label=\"Create\"]"}
COMMAND: POST /session/129c046a4c158aab34184c97257eb527/elements - {"using":"xpath","value":"//button[@aria-label=\"Create\"]"}
RESULT: {"using":"xpath","value":"//button[@aria-label=\"Create\"]"}
COMMAND: POST /session/129c046a4c158aab34184c97257eb527/elements - {"using":"xpath","value":"//button[@aria-label=\"Create\"]"}
RESULT: {"using":"xpath","value":"//button[@aria-label=\"Create\"]"}
COMMAND: POST /session/129c046a4c158aab34184c97257eb527/elements - {"using":"xpath","value":"//button[@aria-label=\"Create\"]"}
RESULT: {"using":"xpath","value":"//button[@aria-label=\"Create\"]"}
COMMAND: POST /session/129c046a4c158aab34184c97257eb527/elements - {"using":"xpath","value":"//button[@aria-label=\"Create\"]"}
RESULT: {"using":"xpath","value":"//button[@aria-label=\"Create\"]"}
COMMAND: POST /session/129c046a4c158aab34184c97257eb527/elements - {"using":"xpath","value":"//button[@aria-label=\"Create\"]"}
RESULT: {"using":"xpath","value":"//button[@aria-label=\"Create\"]"}
COMMAND: POST /session/129c046a4c158aab34184c97257eb527/element - {"using":"xpath","value":"//button[@aria-label=\"Create\"]"}
RESULT: {"using":"xpath","value":"//button[@aria-label=\"Create\"]"}
COMMAND: POST /session/129c046a4c158aab34184c97257eb527/execute/sync - {"script":"<script> [8489 bytes]","args":[{"element-6066-11e4-a52e-4f735466cecf":"f.8E45E670A1384E074590F00FAD9F292A.d.B9315B5F6C892A79F8A4A16B771F67C2.e.10025","ELEMENT":"f.8E45E670A1384E074590F00FAD9F292A.d.B9315B5F6C892A79F8A4A16B771F67C2.e.10025"}]}
RESULT: {"script":"<script> [8489 bytes]","args":[{"element-6066-11e4-a52e-4f735466cecf":"f.8E45E670A1384E074590F00FAD9F292A.d.B9315B5F6C892A79F8A4A16B771F67C2.e.10025","ELEMENT":"f.8E45E670A1384E074590F00FAD9F292A.d.B9315B5F6C892A79F8A4A16B771F67C2.e.10025"}]}
COMMAND: GET /session/129c046a4c158aab34184c97257eb527/element/f.8E45E670A1384E074590F00FAD9F292A.d.B9315B5F6C892A79F8A4A16B771F67C2.e.10025/enabled - {}
COMMAND: GET /session/129c046a4c158aab34184c97257eb527/screenshot - {}
RESULT: {}
COMMAND: POST /session/129c046a4c158aab34184c97257eb527/execute/sync - {"script":"<script> [8489 bytes]","args":[{"element-6066-11e4-a52e-4f735466cecf":"f.8E45E670A1384E074590F00FAD9F292A.d.B9315B5F6C892A79F8A4A16B771F67C2.e.10025","ELEMENT":"f.8E45E670A1384E074590F00FAD9F292A.d.B9315B5F6C892A79F8A4A16B771F67C2.e.10025"}]}
COMMAND: GET /session/129c046a4c158aab34184c97257eb527/screenshot - {}
RESULT: {}
RESULT: {"script":"<script> [8489 bytes]","args":[{"element-6066-11e4-a52e-4f735466cecf":"f.8E45E670A1384E074590F00FAD9F292A.d.B9315B5F6C892A79F8A4A16B771F67C2.e.10025","ELEMENT":"f.8E45E670A1384E074590F00FAD9F292A.d.B9315B5F6C892A79F8A4A16B771F67C2.e.10025"}]}
COMMAND: POST /session/129c046a4c158aab34184c97257eb527/execute/sync - {"script":"<script> [5351 bytes]","args":[{"element-6066-11e4-a52e-4f735466cecf":"f.8E45E670A1384E074590F00FAD9F292A.d.B9315B5F6C892A79F8A4A16B771F67C2.e.10025","ELEMENT":"f.8E45E670A1384E074590F00FAD9F292A.d.B9315B5F6C892A79F8A4A16B771F67C2.e.10025"}]}
COMMAND: GET /session/129c046a4c158aab34184c97257eb527/screenshot - {}
RESULT: {}
RESULT: {"script":"<script> [5351 bytes]","args":[{"element-6066-11e4-a52e-4f735466cecf":"f.8E45E670A1384E074590F00FAD9F292A.d.B9315B5F6C892A79F8A4A16B771F67C2.e.10025","ELEMENT":"f.8E45E670A1384E074590F00FAD9F292A.d.B9315B5F6C892A79F8A4A16B771F67C2.e.10025"}]}
COMMAND: POST /session/129c046a4c158aab34184c97257eb527/element/f.8E45E670A1384E074590F00FAD9F292A.d.B9315B5F6C892A79F8A4A16B771F67C2.e.10025/click - {}
COMMAND: GET /session/129c046a4c158aab34184c97257eb527/screenshot - {}
RESULT: {}
RESULT: {}
COMMAND: GET /session/129c046a4c158aab34184c97257eb527/screenshot - {}
RESULT: {}
RESULT: {}
COMMAND: POST /session/129c046a4c158aab34184c97257eb527/actions - {"actions":[{"id":"action33","type":"key","parameters":{},"actions":[{"type":"keyDown","value":""},{"type":"pause","duration":10},{"type":"keyUp","value":""}]}]}
RESULT: {"actions":[{"id":"action33","type":"key","parameters":{},"actions":[{"type":"keyDown","value":""},{"type":"pause","duration":10},{"type":"keyUp","value":""}]}]}
COMMAND: GET /session/129c046a4c158aab34184c97257eb527/screenshot - {}
RESULT: {}
COMMAND: POST /session/129c046a4c158aab34184c97257eb527/execute/async - {"script":"<script> [1562 bytes]","args":[{"selector":{"id":"application-manageconditionprice-display-component---newCondition--condBillCond-arrow"},"wdio_ui5_key":"applicationmanageconditionprice-display-component---newCondition--condBillCond-arrow"}]}
RESULT: {"script":"<script> [1562 bytes]","args":[{"selector":{"id":"application-manageconditionprice-display-component---newCondition--condBillCond-arrow"},"wdio_ui5_key":"applicationmanageconditionprice-display-component---newCondition--condBillCond-arrow"}]}
RESULT: undefined
COMMAND: POST /session/129c046a4c158aab34184c97257eb527/element - {"using":"xpath","value":"//*[@id=\"application-manageconditionprice-display-component---newCondition--condBillCond-arrow\"]"}
RESULT: {"using":"xpath","value":"//*[@id=\"application-manageconditionprice-display-component---newCondition--condBillCond-arrow\"]"}
COMMAND: POST /session/129c046a4c158aab34184c97257eb527/element/f.8E45E670A1384E074590F00FAD9F292A.d.B9315B5F6C892A79F8A4A16B771F67C2.e.10205/click - {}
RESULT: {}
COMMAND: GET /session/129c046a4c158aab34184c97257eb527/screenshot - {}
RESULT: {}
COMMAND: POST /session/129c046a4c158aab34184c97257eb527/element - {"using":"xpath","value":"//li[.//span[contains(text(), \"DISP - D&I special price\")]]"}
RESULT: {"using":"xpath","value":"//li[.//span[contains(text(), \"DISP - D&I special price\")]]"}
COMMAND: POST /session/129c046a4c158aab34184c97257eb527/element/f.8E45E670A1384E074590F00FAD9F292A.d.B9315B5F6C892A79F8A4A16B771F67C2.e.10208/click - {}
RESULT: {}
COMMAND: GET /session/129c046a4c158aab34184c97257eb527/screenshot - {}
RESULT: {}
COMMAND: POST /session/129c046a4c158aab34184c97257eb527/execute/async - {"script":"<script> [1562 bytes]","args":[{"selector":{"id":"application-manageconditionprice-display-component---newCondition--condValidTo","interaction":{"idSuffix":"inner"}},"wdio_ui5_key":"applicationmanageconditionprice-display-component---newCondition--condValidTo"}]}
RESULT: {"script":"<script> [1562 bytes]","args":[{"selector":{"id":"application-manageconditionprice-display-component---newCondition--condValidTo","interaction":{"idSuffix":"inner"}},"wdio_ui5_key":"applicationmanageconditionprice-display-component---newCondition--condValidTo"}]}
RESULT: undefined
COMMAND: POST /session/129c046a4c158aab34184c97257eb527/execute/async - {"script":"<script> [776 bytes]","args":[{"enterText":"12/23/25","selector":{"id":"application-manageconditionprice-display-component---newCondition--condValidTo","interaction":{"idSuffix":"inner"}},"clearTextFirst":true,"interactionType":"ENTER_TEXT"}]}
RESULT: {"script":"<script> [776 bytes]","args":[{"enterText":"12/23/25","selector":{"id":"application-manageconditionprice-display-component---newCondition--condValidTo","interaction":{"idSuffix":"inner"}},"clearTextFirst":true,"interactionType":"ENTER_TEXT"}]}
COMMAND: POST /session/129c046a4c158aab34184c97257eb527/element - {"using":"xpath","value":"//input[@id=\"application-manageconditionprice-display-component---newCondition--condRU-inner\"]"}
RESULT: {"using":"xpath","value":"//input[@id=\"application-manageconditionprice-display-component---newCondition--condRU-inner\"]"}
COMMAND: POST /session/129c046a4c158aab34184c97257eb527/element/f.8E45E670A1384E074590F00FAD9F292A.d.B9315B5F6C892A79F8A4A16B771F67C2.e.10041/clear - {}
RESULT: {}
COMMAND: POST /session/129c046a4c158aab34184c97257eb527/element/f.8E45E670A1384E074590F00FAD9F292A.d.B9315B5F6C892A79F8A4A16B771F67C2.e.10041/value - {"text":"b13Zb8n1x4"}
COMMAND: GET /session/129c046a4c158aab34184c97257eb527/screenshot - {}
RESULT: {"text":"b13Zb8n1x4"}
COMMAND: GET /session/129c046a4c158aab34184c97257eb527/screenshot - {}
RESULT: {}
RESULT: {}
COMMAND: POST /session/129c046a4c158aab34184c97257eb527/actions - {"actions":[{"id":"action34","type":"key","parameters":{},"actions":[{"type":"keyDown","value":""},{"type":"pause","duration":10},{"type":"keyUp","value":""}]}]}
RESULT: {"actions":[{"id":"action34","type":"key","parameters":{},"actions":[{"type":"keyDown","value":""},{"type":"pause","duration":10},{"type":"keyUp","value":""}]}]}
COMMAND: POST /session/129c046a4c158aab34184c97257eb527/execute/async - {"script":"<script> [1562 bytes]","args":[{"selector":{"id":"application-manageconditionprice-display-component---newCondition--condBaseQty","interaction":{"idSuffix":"inner"}},"wdio_ui5_key":"applicationmanageconditionprice-display-component---newCondition--condBaseQty"}]}
COMMAND: GET /session/129c046a4c158aab34184c97257eb527/screenshot - {}
RESULT: {"script":"<script> [1562 bytes]","args":[{"selector":{"id":"application-manageconditionprice-display-component---newCondition--condBaseQty","interaction":{"idSuffix":"inner"}},"wdio_ui5_key":"applicationmanageconditionprice-display-component---newCondition--condBaseQty"}]}
RESULT: undefined
COMMAND: POST /session/129c046a4c158aab34184c97257eb527/execute/async - {"script":"<script> [776 bytes]","args":[{"enterText":"1","selector":{"id":"application-manageconditionprice-display-component---newCondition--condBaseQty","interaction":{"idSuffix":"inner"}},"clearTextFirst":true,"interactionType":"ENTER_TEXT"}]}
RESULT: {}
RESULT: {"script":"<script> [776 bytes]","args":[{"enterText":"1","selector":{"id":"application-manageconditionprice-display-component---newCondition--condBaseQty","interaction":{"idSuffix":"inner"}},"clearTextFirst":true,"interactionType":"ENTER_TEXT"}]}
COMMAND: POST /session/129c046a4c158aab34184c97257eb527/execute/async - {"script":"<script> [1562 bytes]","args":[{"selector":{"id":"application-manageconditionprice-display-component---newCondition--condValue","interaction":{"idSuffix":"inner"}},"wdio_ui5_key":"applicationmanageconditionprice-display-component---newCondition--condValue"}]}
RESULT: {"script":"<script> [1562 bytes]","args":[{"selector":{"id":"application-manageconditionprice-display-component---newCondition--condValue","interaction":{"idSuffix":"inner"}},"wdio_ui5_key":"applicationmanageconditionprice-display-component---newCondition--condValue"}]}
RESULT: undefined
COMMAND: POST /session/129c046a4c158aab34184c97257eb527/execute/async - {"script":"<script> [776 bytes]","args":[{"enterText":"200","selector":{"id":"application-manageconditionprice-display-component---newCondition--condValue","interaction":{"idSuffix":"inner"}},"clearTextFirst":true,"interactionType":"ENTER_TEXT"}]}
RESULT: {"script":"<script> [776 bytes]","args":[{"enterText":"200","selector":{"id":"application-manageconditionprice-display-component---newCondition--condValue","interaction":{"idSuffix":"inner"}},"clearTextFirst":true,"interactionType":"ENTER_TEXT"}]}
COMMAND: POST /session/129c046a4c158aab34184c97257eb527/execute/async - {"script":"<script> [1562 bytes]","args":[{"selector":{"id":"application-manageconditionprice-display-component---newCondition--condCurr-arrow"},"wdio_ui5_key":"applicationmanageconditionprice-display-component---newCondition--condCurr-arrow"}]}
RESULT: {"script":"<script> [1562 bytes]","args":[{"selector":{"id":"application-manageconditionprice-display-component---newCondition--condCurr-arrow"},"wdio_ui5_key":"applicationmanageconditionprice-display-component---newCondition--condCurr-arrow"}]}
RESULT: undefined
COMMAND: POST /session/129c046a4c158aab34184c97257eb527/element - {"using":"xpath","value":"//*[@id=\"application-manageconditionprice-display-component---newCondition--condCurr-arrow\"]"}
RESULT: {"using":"xpath","value":"//*[@id=\"application-manageconditionprice-display-component---newCondition--condCurr-arrow\"]"}
COMMAND: POST /session/129c046a4c158aab34184c97257eb527/element/f.8E45E670A1384E074590F00FAD9F292A.d.B9315B5F6C892A79F8A4A16B771F67C2.e.10187/click - {}
RESULT: {}
COMMAND: POST /session/129c046a4c158aab34184c97257eb527/element - {"using":"xpath","value":"//span[contains(text(), \"Euro\")]"}
COMMAND: GET /session/129c046a4c158aab34184c97257eb527/screenshot - {}
RESULT: {"using":"xpath","value":"//span[contains(text(), \"Euro\")]"}
COMMAND: POST /session/129c046a4c158aab34184c97257eb527/element/f.8E45E670A1384E074590F00FAD9F292A.d.B9315B5F6C892A79F8A4A16B771F67C2.e.10245/click - {}
RESULT: {}
RESULT: {}
COMMAND: POST /session/129c046a4c158aab34184c97257eb527/element - {"using":"xpath","value":"//button[@data-kt=\"saveButton\"]"}
COMMAND: GET /session/129c046a4c158aab34184c97257eb527/screenshot - {}
RESULT: {"using":"xpath","value":"//button[@data-kt=\"saveButton\"]"}
COMMAND: POST /session/129c046a4c158aab34184c97257eb527/element/f.8E45E670A1384E074590F00FAD9F292A.d.B9315B5F6C892A79F8A4A16B771F67C2.e.10188/click - {}
RESULT: {}
RESULT: {}
COMMAND: GET /session/129c046a4c158aab34184c97257eb527/screenshot - {}
RESULT: {}
COMMAND: POST /session/129c046a4c158aab34184c97257eb527/execute/async - {"script":"<script> [1562 bytes]","args":[{"selector":{"id":"application-manageconditionprice-display-component---conditions--smartFilterBar-btnBasicSearch","interaction":{"idSuffix":"I"}},"wdio_ui5_key":"applicationmanageconditionprice-display-component---conditions--smartFilterBar-btnBasicSearch"}]}
RESULT: {"script":"<script> [1562 bytes]","args":[{"selector":{"id":"application-manageconditionprice-display-component---conditions--smartFilterBar-btnBasicSearch","interaction":{"idSuffix":"I"}},"wdio_ui5_key":"applicationmanageconditionprice-display-component---conditions--smartFilterBar-btnBasicSearch"}]}
RESULT: undefined
COMMAND: POST /session/129c046a4c158aab34184c97257eb527/execute/async - {"script":"<script> [776 bytes]","args":[{"enterText":"b13Zb8n1x4","selector":{"id":"application-manageconditionprice-display-component---conditions--smartFilterBar-btnBasicSearch","interaction":{"idSuffix":"I"}},"clearTextFirst":true,"interactionType":"ENTER_TEXT"}]}
RESULT: {"script":"<script> [776 bytes]","args":[{"enterText":"b13Zb8n1x4","selector":{"id":"application-manageconditionprice-display-component---conditions--smartFilterBar-btnBasicSearch","interaction":{"idSuffix":"I"}},"clearTextFirst":true,"interactionType":"ENTER_TEXT"}]}
COMMAND: POST /session/129c046a4c158aab34184c97257eb527/actions - {"actions":[{"id":"action35","type":"key","parameters":{},"actions":[{"type":"keyDown","value":""},{"type":"pause","duration":10},{"type":"keyUp","value":""}]}]}
RESULT: {"actions":[{"id":"action35","type":"key","parameters":{},"actions":[{"type":"keyDown","value":""},{"type":"pause","duration":10},{"type":"keyUp","value":""}]}]}
COMMAND: GET /session/129c046a4c158aab34184c97257eb527/screenshot - {}
RESULT: {}
COMMAND: POST /session/129c046a4c158aab34184c97257eb527/execute/async - {"script":"<script> [1562 bytes]","args":[{"selector":{"id":"application-manageconditionprice-display-component---conditions--smartFilterBar-filterItemControl_BASIC-BILL_TYPES-vhi"},"wdio_ui5_key":"applicationmanageconditionprice-display-component---conditions--smartFilterBar-filterItemControl_BASIC-BILL_TYPES-vhi"}]}
RESULT: {"script":"<script> [1562 bytes]","args":[{"selector":{"id":"application-manageconditionprice-display-component---conditions--smartFilterBar-filterItemControl_BASIC-BILL_TYPES-vhi"},"wdio_ui5_key":"applicationmanageconditionprice-display-component---conditions--smartFilterBar-filterItemControl_BASIC-BILL_TYPES-vhi"}]}
RESULT: undefined
COMMAND: POST /session/129c046a4c158aab34184c97257eb527/element - {"using":"xpath","value":"//*[@id=\"application-manageconditionprice-display-component---conditions--smartFilterBar-filterItemControl_BASIC-BILL_TYPES-vhi\"]"}
RESULT: {"using":"xpath","value":"//*[@id=\"application-manageconditionprice-display-component---conditions--smartFilterBar-filterItemControl_BASIC-BILL_TYPES-vhi\"]"}
COMMAND: POST /session/129c046a4c158aab34184c97257eb527/element/f.8E45E670A1384E074590F00FAD9F292A.d.B9315B5F6C892A79F8A4A16B771F67C2.e.10261/click - {}
RESULT: {}
COMMAND: POST /session/129c046a4c158aab34184c97257eb527/execute/async - {"script":"<script> [1562 bytes]","args":[{"selector":{"id":"application-manageconditionprice-display-component---conditions--smartFilterBar-filterItemControl_BASIC-BILL_TYPES-valueHelpDialog-smartFilterBar-btnBasicSearch","searchOpenDialogs":true,"interaction":{"idSuffix":"I"}},"wdio_ui5_key":"applicationmanageconditionprice-display-component---conditions--smartFilterBar-filterItemControl_BASIC-BILL_TYPES-valueHelpDialog-smartFilterBar-btnBasicSearch"}]}
COMMAND: GET /session/129c046a4c158aab34184c97257eb527/screenshot - {}
RESULT: {"script":"<script> [1562 bytes]","args":[{"selector":{"id":"application-manageconditionprice-display-component---conditions--smartFilterBar-filterItemControl_BASIC-BILL_TYPES-valueHelpDialog-smartFilterBar-btnBasicSearch","searchOpenDialogs":true,"interaction":{"idSuffix":"I"}},"wdio_ui5_key":"applicationmanageconditionprice-display-component---conditions--smartFilterBar-filterItemControl_BASIC-BILL_TYPES-valueHelpDialog-smartFilterBar-btnBasicSearch"}]}
RESULT: undefined
COMMAND: POST /session/129c046a4c158aab34184c97257eb527/execute/async - {"script":"<script> [776 bytes]","args":[{"enterText":"TB","selector":{"id":"application-manageconditionprice-display-component---conditions--smartFilterBar-filterItemControl_BASIC-BILL_TYPES-valueHelpDialog-smartFilterBar-btnBasicSearch","searchOpenDialogs":true,"interaction":{"idSuffix":"I"}},"clearTextFirst":true,"interactionType":"ENTER_TEXT"}]}
RESULT: {}
RESULT: {"script":"<script> [776 bytes]","args":[{"enterText":"TB","selector":{"id":"application-manageconditionprice-display-component---conditions--smartFilterBar-filterItemControl_BASIC-BILL_TYPES-valueHelpDialog-smartFilterBar-btnBasicSearch","searchOpenDialogs":true,"interaction":{"idSuffix":"I"}},"clearTextFirst":true,"interactionType":"ENTER_TEXT"}]}
COMMAND: POST /session/129c046a4c158aab34184c97257eb527/actions - {"actions":[{"id":"action36","type":"key","parameters":{},"actions":[{"type":"keyDown","value":""},{"type":"pause","duration":10},{"type":"keyUp","value":""}]}]}
RESULT: {"actions":[{"id":"action36","type":"key","parameters":{},"actions":[{"type":"keyDown","value":""},{"type":"pause","duration":10},{"type":"keyUp","value":""}]}]}
COMMAND: GET /session/129c046a4c158aab34184c97257eb527/screenshot - {}
RESULT: {}
COMMAND: POST /session/129c046a4c158aab34184c97257eb527/element - {"using":"xpath","value":"//div[contains(@id, 'application-manageconditionprice-display-component---conditions--smartFilterBar-filterItemControl_BASIC-BILL_TYPES-valueHelpDialog-table-rowsel0')]"}
RESULT: {"using":"xpath","value":"//div[contains(@id, 'application-manageconditionprice-display-component---conditions--smartFilterBar-filterItemControl_BASIC-BILL_TYPES-valueHelpDialog-table-rowsel0')]"}
COMMAND: POST /session/129c046a4c158aab34184c97257eb527/element/f.8E45E670A1384E074590F00FAD9F292A.d.B9315B5F6C892A79F8A4A16B771F67C2.e.10270/click - {}
RESULT: {}
COMMAND: GET /session/129c046a4c158aab34184c97257eb527/screenshot - {}
RESULT: {}
COMMAND: POST /session/129c046a4c158aab34184c97257eb527/element - {"using":"xpath","value":"//bdi[contains(text(), \"OK\")]"}
RESULT: {"using":"xpath","value":"//bdi[contains(text(), \"OK\")]"}
COMMAND: POST /session/129c046a4c158aab34184c97257eb527/element/f.8E45E670A1384E074590F00FAD9F292A.d.B9315B5F6C892A79F8A4A16B771F67C2.e.10272/click - {}
RESULT: {}
COMMAND: GET /session/129c046a4c158aab34184c97257eb527/screenshot - {}
RESULT: {}
COMMAND: POST /session/129c046a4c158aab34184c97257eb527/element - {"using":"xpath","value":"//span[@id=\"application-manageconditionprice-display-component---conditions--smartTable-header-inner\"]"}
RESULT: {"using":"xpath","value":"//span[@id=\"application-manageconditionprice-display-component---conditions--smartTable-header-inner\"]"}
COMMAND: POST /session/129c046a4c158aab34184c97257eb527/elements - {"using":"xpath","value":"//span[@id=\"application-manageconditionprice-display-component---conditions--smartTable-header-inner\"]"}
RESULT: {"using":"xpath","value":"//span[@id=\"application-manageconditionprice-display-component---conditions--smartTable-header-inner\"]"}
COMMAND: POST /session/129c046a4c158aab34184c97257eb527/execute/sync - {"script":"<script> [56 bytes]","args":[{"element-6066-11e4-a52e-4f735466cecf":"f.8E45E670A1384E074590F00FAD9F292A.d.B9315B5F6C892A79F8A4A16B771F67C2.e.10275","ELEMENT":"f.8E45E670A1384E074590F00FAD9F292A.d.B9315B5F6C892A79F8A4A16B771F67C2.e.10275"}]}
RESULT: {"script":"<script> [56 bytes]","args":[{"element-6066-11e4-a52e-4f735466cecf":"f.8E45E670A1384E074590F00FAD9F292A.d.B9315B5F6C892A79F8A4A16B771F67C2.e.10275","ELEMENT":"f.8E45E670A1384E074590F00FAD9F292A.d.B9315B5F6C892A79F8A4A16B771F67C2.e.10275"}]}
COMMAND: POST /session/129c046a4c158aab34184c97257eb527/element - {"using":"css selector","value":"#shell-header-logo"}
COMMAND: GET /session/129c046a4c158aab34184c97257eb527/screenshot - {}
RESULT: {"using":"css selector","value":"#shell-header-logo"}
COMMAND: POST /session/129c046a4c158aab34184c97257eb527/element/f.8E45E670A1384E074590F00FAD9F292A.d.B9315B5F6C892A79F8A4A16B771F67C2.e.9993/click - {}
RESULT: {}
RESULT: {}
COMMAND: GET /session/129c046a4c158aab34184c97257eb527/screenshot - {}
RESULT: {}
]]></system-out>
    </testcase>
    <testcase classname="chrome.135_0_7049_96.windows.Billing_Transfer_-_Intracompany_US127249" name="Should do a stock increase handover" time="86.881">
      <system-out><![CDATA[
COMMAND: POST /session/129c046a4c158aab34184c97257eb527/execute/async - {"script":"<script> [1562 bytes]","args":[{"selector":{"controlType":"sap.m.Text","viewName":"etm.portal.ui.managehandoverstile.view.Master","properties":{"text":"Manage Handovers"},"interaction":{"idSuffix":"inner"}},"wdio_ui5_key":"etmportal.ui.managehandoverstile.view.Mastersap.m.Text{\"text\":\"Manage Handovers\"}"}]}
RESULT: {"script":"<script> [1562 bytes]","args":[{"selector":{"controlType":"sap.m.Text","viewName":"etm.portal.ui.managehandoverstile.view.Master","properties":{"text":"Manage Handovers"},"interaction":{"idSuffix":"inner"}},"wdio_ui5_key":"etmportal.ui.managehandoverstile.view.Mastersap.m.Text{\"text\":\"Manage Handovers\"}"}]}
RESULT: undefined
COMMAND: POST /session/129c046a4c158aab34184c97257eb527/element - {"using":"xpath","value":"//*[@id=\"__tile133-title\"]"}
RESULT: {"using":"xpath","value":"//*[@id=\"__tile133-title\"]"}
COMMAND: POST /session/129c046a4c158aab34184c97257eb527/element/f.8E45E670A1384E074590F00FAD9F292A.d.B9315B5F6C892A79F8A4A16B771F67C2.e.10280/click - {}
RESULT: {}
COMMAND: POST /session/129c046a4c158aab34184c97257eb527/element - {"using":"xpath","value":"//button[@data-kt=\"masterHOAddButton\"]"}
COMMAND: GET /session/129c046a4c158aab34184c97257eb527/screenshot - {}
RESULT: {"using":"xpath","value":"//button[@data-kt=\"masterHOAddButton\"]"}
COMMAND: POST /session/129c046a4c158aab34184c97257eb527/elements - {"using":"xpath","value":"//button[@data-kt=\"masterHOAddButton\"]"}
RESULT: {}
RESULT: {"using":"xpath","value":"//button[@data-kt=\"masterHOAddButton\"]"}
COMMAND: POST /session/129c046a4c158aab34184c97257eb527/elements - {"using":"xpath","value":"//button[@data-kt=\"masterHOAddButton\"]"}
RESULT: {"using":"xpath","value":"//button[@data-kt=\"masterHOAddButton\"]"}
COMMAND: POST /session/129c046a4c158aab34184c97257eb527/elements - {"using":"xpath","value":"//button[@data-kt=\"masterHOAddButton\"]"}
RESULT: {"using":"xpath","value":"//button[@data-kt=\"masterHOAddButton\"]"}
COMMAND: POST /session/129c046a4c158aab34184c97257eb527/elements - {"using":"xpath","value":"//button[@data-kt=\"masterHOAddButton\"]"}
RESULT: {"using":"xpath","value":"//button[@data-kt=\"masterHOAddButton\"]"}
COMMAND: POST /session/129c046a4c158aab34184c97257eb527/elements - {"using":"xpath","value":"//button[@data-kt=\"masterHOAddButton\"]"}
RESULT: {"using":"xpath","value":"//button[@data-kt=\"masterHOAddButton\"]"}
COMMAND: POST /session/129c046a4c158aab34184c97257eb527/elements - {"using":"xpath","value":"//button[@data-kt=\"masterHOAddButton\"]"}
RESULT: {"using":"xpath","value":"//button[@data-kt=\"masterHOAddButton\"]"}
COMMAND: POST /session/129c046a4c158aab34184c97257eb527/elements - {"using":"xpath","value":"//button[@data-kt=\"masterHOAddButton\"]"}
RESULT: {"using":"xpath","value":"//button[@data-kt=\"masterHOAddButton\"]"}
COMMAND: POST /session/129c046a4c158aab34184c97257eb527/elements - {"using":"xpath","value":"//button[@data-kt=\"masterHOAddButton\"]"}
RESULT: {"using":"xpath","value":"//button[@data-kt=\"masterHOAddButton\"]"}
COMMAND: POST /session/129c046a4c158aab34184c97257eb527/elements - {"using":"xpath","value":"//button[@data-kt=\"masterHOAddButton\"]"}
RESULT: {"using":"xpath","value":"//button[@data-kt=\"masterHOAddButton\"]"}
COMMAND: POST /session/129c046a4c158aab34184c97257eb527/elements - {"using":"xpath","value":"//button[@data-kt=\"masterHOAddButton\"]"}
RESULT: {"using":"xpath","value":"//button[@data-kt=\"masterHOAddButton\"]"}
COMMAND: POST /session/129c046a4c158aab34184c97257eb527/elements - {"using":"xpath","value":"//button[@data-kt=\"masterHOAddButton\"]"}
RESULT: {"using":"xpath","value":"//button[@data-kt=\"masterHOAddButton\"]"}
COMMAND: POST /session/129c046a4c158aab34184c97257eb527/elements - {"using":"xpath","value":"//button[@data-kt=\"masterHOAddButton\"]"}
RESULT: {"using":"xpath","value":"//button[@data-kt=\"masterHOAddButton\"]"}
COMMAND: POST /session/129c046a4c158aab34184c97257eb527/elements - {"using":"xpath","value":"//button[@data-kt=\"masterHOAddButton\"]"}
RESULT: {"using":"xpath","value":"//button[@data-kt=\"masterHOAddButton\"]"}
COMMAND: POST /session/129c046a4c158aab34184c97257eb527/elements - {"using":"xpath","value":"//button[@data-kt=\"masterHOAddButton\"]"}
RESULT: {"using":"xpath","value":"//button[@data-kt=\"masterHOAddButton\"]"}
COMMAND: POST /session/129c046a4c158aab34184c97257eb527/elements - {"using":"xpath","value":"//button[@data-kt=\"masterHOAddButton\"]"}
RESULT: {"using":"xpath","value":"//button[@data-kt=\"masterHOAddButton\"]"}
COMMAND: POST /session/129c046a4c158aab34184c97257eb527/elements - {"using":"xpath","value":"//button[@data-kt=\"masterHOAddButton\"]"}
RESULT: {"using":"xpath","value":"//button[@data-kt=\"masterHOAddButton\"]"}
COMMAND: POST /session/129c046a4c158aab34184c97257eb527/elements - {"using":"xpath","value":"//button[@data-kt=\"masterHOAddButton\"]"}
RESULT: {"using":"xpath","value":"//button[@data-kt=\"masterHOAddButton\"]"}
COMMAND: POST /session/129c046a4c158aab34184c97257eb527/elements - {"using":"xpath","value":"//button[@data-kt=\"masterHOAddButton\"]"}
RESULT: {"using":"xpath","value":"//button[@data-kt=\"masterHOAddButton\"]"}
COMMAND: POST /session/129c046a4c158aab34184c97257eb527/element - {"using":"xpath","value":"//button[@data-kt=\"masterHOAddButton\"]"}
RESULT: {"using":"xpath","value":"//button[@data-kt=\"masterHOAddButton\"]"}
COMMAND: POST /session/129c046a4c158aab34184c97257eb527/execute/sync - {"script":"<script> [8489 bytes]","args":[{"element-6066-11e4-a52e-4f735466cecf":"f.8E45E670A1384E074590F00FAD9F292A.d.B9315B5F6C892A79F8A4A16B771F67C2.e.10319","ELEMENT":"f.8E45E670A1384E074590F00FAD9F292A.d.B9315B5F6C892A79F8A4A16B771F67C2.e.10319"}]}
RESULT: {"script":"<script> [8489 bytes]","args":[{"element-6066-11e4-a52e-4f735466cecf":"f.8E45E670A1384E074590F00FAD9F292A.d.B9315B5F6C892A79F8A4A16B771F67C2.e.10319","ELEMENT":"f.8E45E670A1384E074590F00FAD9F292A.d.B9315B5F6C892A79F8A4A16B771F67C2.e.10319"}]}
COMMAND: GET /session/129c046a4c158aab34184c97257eb527/element/f.8E45E670A1384E074590F00FAD9F292A.d.B9315B5F6C892A79F8A4A16B771F67C2.e.10319/enabled - {}
COMMAND: GET /session/129c046a4c158aab34184c97257eb527/screenshot - {}
RESULT: {}
COMMAND: POST /session/129c046a4c158aab34184c97257eb527/execute/sync - {"script":"<script> [8489 bytes]","args":[{"element-6066-11e4-a52e-4f735466cecf":"f.8E45E670A1384E074590F00FAD9F292A.d.B9315B5F6C892A79F8A4A16B771F67C2.e.10319","ELEMENT":"f.8E45E670A1384E074590F00FAD9F292A.d.B9315B5F6C892A79F8A4A16B771F67C2.e.10319"}]}
COMMAND: GET /session/129c046a4c158aab34184c97257eb527/screenshot - {}
RESULT: {}
RESULT: {"script":"<script> [8489 bytes]","args":[{"element-6066-11e4-a52e-4f735466cecf":"f.8E45E670A1384E074590F00FAD9F292A.d.B9315B5F6C892A79F8A4A16B771F67C2.e.10319","ELEMENT":"f.8E45E670A1384E074590F00FAD9F292A.d.B9315B5F6C892A79F8A4A16B771F67C2.e.10319"}]}
COMMAND: POST /session/129c046a4c158aab34184c97257eb527/execute/sync - {"script":"<script> [5351 bytes]","args":[{"element-6066-11e4-a52e-4f735466cecf":"f.8E45E670A1384E074590F00FAD9F292A.d.B9315B5F6C892A79F8A4A16B771F67C2.e.10319","ELEMENT":"f.8E45E670A1384E074590F00FAD9F292A.d.B9315B5F6C892A79F8A4A16B771F67C2.e.10319"}]}
COMMAND: GET /session/129c046a4c158aab34184c97257eb527/screenshot - {}
RESULT: {}
RESULT: {"script":"<script> [5351 bytes]","args":[{"element-6066-11e4-a52e-4f735466cecf":"f.8E45E670A1384E074590F00FAD9F292A.d.B9315B5F6C892A79F8A4A16B771F67C2.e.10319","ELEMENT":"f.8E45E670A1384E074590F00FAD9F292A.d.B9315B5F6C892A79F8A4A16B771F67C2.e.10319"}]}
COMMAND: POST /session/129c046a4c158aab34184c97257eb527/element/f.8E45E670A1384E074590F00FAD9F292A.d.B9315B5F6C892A79F8A4A16B771F67C2.e.10319/click - {}
COMMAND: GET /session/129c046a4c158aab34184c97257eb527/screenshot - {}
RESULT: {}
RESULT: {}
COMMAND: GET /session/129c046a4c158aab34184c97257eb527/screenshot - {}
COMMAND: POST /session/129c046a4c158aab34184c97257eb527/element - {"using":"xpath","value":"//span[contains(@id ,\"AddNewHO--typeSelect-arrow\")]"}
RESULT: {}
RESULT: {}
RESULT: {"using":"xpath","value":"//span[contains(@id ,\"AddNewHO--typeSelect-arrow\")]"}
COMMAND: POST /session/129c046a4c158aab34184c97257eb527/element/f.8E45E670A1384E074590F00FAD9F292A.d.B9315B5F6C892A79F8A4A16B771F67C2.e.10669/click - {}
RESULT: {}
COMMAND: GET /session/129c046a4c158aab34184c97257eb527/screenshot - {}
RESULT: {}
COMMAND: POST /session/129c046a4c158aab34184c97257eb527/element - {"using":"xpath","value":"(//li[contains(text(), \"stock increase yard\")])[1]"}
RESULT: {"using":"xpath","value":"(//li[contains(text(), \"stock increase yard\")])[1]"}
COMMAND: POST /session/129c046a4c158aab34184c97257eb527/element/f.8E45E670A1384E074590F00FAD9F292A.d.B9315B5F6C892A79F8A4A16B771F67C2.e.10670/click - {}
RESULT: {}
COMMAND: GET /session/129c046a4c158aab34184c97257eb527/screenshot - {}
RESULT: {}
COMMAND: POST /session/129c046a4c158aab34184c97257eb527/execute/async - {"script":"<script> [1562 bytes]","args":[{"selector":{"id":"application-managehandovers-display-component---AddNewHO--dueDate","interaction":{"idSuffix":"inner"}},"wdio_ui5_key":"applicationmanagehandovers-display-component---AddNewHO--dueDate"}]}
RESULT: {"script":"<script> [1562 bytes]","args":[{"selector":{"id":"application-managehandovers-display-component---AddNewHO--dueDate","interaction":{"idSuffix":"inner"}},"wdio_ui5_key":"applicationmanagehandovers-display-component---AddNewHO--dueDate"}]}
RESULT: undefined
COMMAND: POST /session/129c046a4c158aab34184c97257eb527/execute/async - {"script":"<script> [6424 bytes]","args":[{"element-6066-11e4-a52e-4f735466cecf":"f.8E45E670A1384E074590F00FAD9F292A.d.B9315B5F6C892A79F8A4A16B771F67C2.e.10672"},"setValue",["04/23/2025"]]}
RESULT: {"script":"<script> [6424 bytes]","args":[{"element-6066-11e4-a52e-4f735466cecf":"f.8E45E670A1384E074590F00FAD9F292A.d.B9315B5F6C892A79F8A4A16B771F67C2.e.10672"},"setValue",["04/23/2025"]]}
COMMAND: POST /session/129c046a4c158aab34184c97257eb527/element - {"using":"xpath","value":"//input[@id=\"generalSectionFrg--receiveYard-inner\"]"}
RESULT: {"using":"xpath","value":"//input[@id=\"generalSectionFrg--receiveYard-inner\"]"}
COMMAND: POST /session/129c046a4c158aab34184c97257eb527/element/f.8E45E670A1384E074590F00FAD9F292A.d.B9315B5F6C892A79F8A4A16B771F67C2.e.10678/clear - {}
RESULT: {}
COMMAND: POST /session/129c046a4c158aab34184c97257eb527/element/f.8E45E670A1384E074590F00FAD9F292A.d.B9315B5F6C892A79F8A4A16B771F67C2.e.10678/value - {"text":"745"}
COMMAND: GET /session/129c046a4c158aab34184c97257eb527/screenshot - {}
RESULT: {"text":"745"}
COMMAND: GET /session/129c046a4c158aab34184c97257eb527/screenshot - {}
RESULT: {}
RESULT: {}
COMMAND: POST /session/129c046a4c158aab34184c97257eb527/element - {"using":"xpath","value":"//li[.//span[text()='745']]"}
RESULT: {"using":"xpath","value":"//li[.//span[text()='745']]"}
COMMAND: POST /session/129c046a4c158aab34184c97257eb527/element/f.8E45E670A1384E074590F00FAD9F292A.d.B9315B5F6C892A79F8A4A16B771F67C2.e.10694/click - {}
RESULT: {}
COMMAND: GET /session/129c046a4c158aab34184c97257eb527/screenshot - {}
RESULT: {}
COMMAND: POST /session/129c046a4c158aab34184c97257eb527/execute/async - {"script":"<script> [1562 bytes]","args":[{"selector":{"id":"application-managehandovers-display-component---AddNewHO--ObjectPageLayout-anchBar-application-managehandovers-display-component---AddNewHO--section4-anchor","interaction":{"idSuffix":"BDI-content"}},"wdio_ui5_key":"applicationmanagehandovers-display-component---AddNewHO--ObjectPageLayout-anchBar-application-managehandovers-display-component---AddNewHO--section4-anchor"}]}
RESULT: {"script":"<script> [1562 bytes]","args":[{"selector":{"id":"application-managehandovers-display-component---AddNewHO--ObjectPageLayout-anchBar-application-managehandovers-display-component---AddNewHO--section4-anchor","interaction":{"idSuffix":"BDI-content"}},"wdio_ui5_key":"applicationmanagehandovers-display-component---AddNewHO--ObjectPageLayout-anchBar-application-managehandovers-display-component---AddNewHO--section4-anchor"}]}
RESULT: undefined
COMMAND: POST /session/129c046a4c158aab34184c97257eb527/element - {"using":"xpath","value":"//*[@id=\"application-managehandovers-display-component---AddNewHO--ObjectPageLayout-anchBar-application-managehandovers-display-component---AddNewHO--section4-anchor\"]"}
RESULT: {"using":"xpath","value":"//*[@id=\"application-managehandovers-display-component---AddNewHO--ObjectPageLayout-anchBar-application-managehandovers-display-component---AddNewHO--section4-anchor\"]"}
COMMAND: POST /session/129c046a4c158aab34184c97257eb527/element/f.8E45E670A1384E074590F00FAD9F292A.d.B9315B5F6C892A79F8A4A16B771F67C2.e.10696/click - {}
RESULT: {}
COMMAND: POST /session/129c046a4c158aab34184c97257eb527/element - {"using":"xpath","value":"//button[@aria-label=\"Add\"]"}
COMMAND: GET /session/129c046a4c158aab34184c97257eb527/screenshot - {}
RESULT: {"using":"xpath","value":"//button[@aria-label=\"Add\"]"}
COMMAND: POST /session/129c046a4c158aab34184c97257eb527/element/f.8E45E670A1384E074590F00FAD9F292A.d.B9315B5F6C892A79F8A4A16B771F67C2.e.10700/click - {}
RESULT: {}
RESULT: {}
COMMAND: GET /session/129c046a4c158aab34184c97257eb527/screenshot - {}
RESULT: {}
COMMAND: POST /session/129c046a4c158aab34184c97257eb527/execute/async - {"script":"<script> [1562 bytes]","args":[{"selector":{"id":"application-managehandovers-display-component---AddNewHO--smartFilterBar-btnBasicSearch","searchOpenDialogs":true,"interaction":{"idSuffix":"I"}},"wdio_ui5_key":"applicationmanagehandovers-display-component---AddNewHO--smartFilterBar-btnBasicSearch"}]}
RESULT: {"script":"<script> [1562 bytes]","args":[{"selector":{"id":"application-managehandovers-display-component---AddNewHO--smartFilterBar-btnBasicSearch","searchOpenDialogs":true,"interaction":{"idSuffix":"I"}},"wdio_ui5_key":"applicationmanagehandovers-display-component---AddNewHO--smartFilterBar-btnBasicSearch"}]}
RESULT: undefined
COMMAND: POST /session/129c046a4c158aab34184c97257eb527/execute/async - {"script":"<script> [776 bytes]","args":[{"enterText":"b13Zb8n1x4","selector":{"id":"application-managehandovers-display-component---AddNewHO--smartFilterBar-btnBasicSearch","searchOpenDialogs":true,"interaction":{"idSuffix":"I"}},"clearTextFirst":true,"interactionType":"ENTER_TEXT"}]}
RESULT: {"script":"<script> [776 bytes]","args":[{"enterText":"b13Zb8n1x4","selector":{"id":"application-managehandovers-display-component---AddNewHO--smartFilterBar-btnBasicSearch","searchOpenDialogs":true,"interaction":{"idSuffix":"I"}},"clearTextFirst":true,"interactionType":"ENTER_TEXT"}]}
COMMAND: POST /session/129c046a4c158aab34184c97257eb527/actions - {"actions":[{"id":"action37","type":"key","parameters":{},"actions":[{"type":"keyDown","value":""},{"type":"pause","duration":10},{"type":"keyUp","value":""}]}]}
RESULT: {"actions":[{"id":"action37","type":"key","parameters":{},"actions":[{"type":"keyDown","value":""},{"type":"pause","duration":10},{"type":"keyUp","value":""}]}]}
COMMAND: GET /session/129c046a4c158aab34184c97257eb527/screenshot - {}
RESULT: {}
COMMAND: POST /session/129c046a4c158aab34184c97257eb527/execute/async - {"script":"<script> [1562 bytes]","args":[{"selector":{"id":"application-managehandovers-display-component---AddNewHO--popup-sa","searchOpenDialogs":true,"interaction":{"idSuffix":"CbBg"}},"wdio_ui5_key":"applicationmanagehandovers-display-component---AddNewHO--popup-sa"}]}
RESULT: {"script":"<script> [1562 bytes]","args":[{"selector":{"id":"application-managehandovers-display-component---AddNewHO--popup-sa","searchOpenDialogs":true,"interaction":{"idSuffix":"CbBg"}},"wdio_ui5_key":"applicationmanagehandovers-display-component---AddNewHO--popup-sa"}]}
RESULT: undefined
COMMAND: POST /session/129c046a4c158aab34184c97257eb527/element - {"using":"xpath","value":"//*[@id=\"application-managehandovers-display-component---AddNewHO--popup-sa\"]"}
RESULT: {"using":"xpath","value":"//*[@id=\"application-managehandovers-display-component---AddNewHO--popup-sa\"]"}
COMMAND: POST /session/129c046a4c158aab34184c97257eb527/element/f.8E45E670A1384E074590F00FAD9F292A.d.B9315B5F6C892A79F8A4A16B771F67C2.e.10852/click - {}
RESULT: {}
COMMAND: GET /session/129c046a4c158aab34184c97257eb527/screenshot - {}
RESULT: {}
COMMAND: POST /session/129c046a4c158aab34184c97257eb527/element - {"using":"xpath","value":"//bdi[contains(text(), \"Select\")]"}
RESULT: {"using":"xpath","value":"//bdi[contains(text(), \"Select\")]"}
COMMAND: POST /session/129c046a4c158aab34184c97257eb527/element/f.8E45E670A1384E074590F00FAD9F292A.d.B9315B5F6C892A79F8A4A16B771F67C2.e.10853/click - {}
RESULT: {}
COMMAND: GET /session/129c046a4c158aab34184c97257eb527/screenshot - {}
RESULT: {}
COMMAND: POST /session/129c046a4c158aab34184c97257eb527/element - {"using":"xpath","value":"//button[@data-kt=\"AddNewHOSaveButton\"]"}
RESULT: {"using":"xpath","value":"//button[@data-kt=\"AddNewHOSaveButton\"]"}
COMMAND: POST /session/129c046a4c158aab34184c97257eb527/element/f.8E45E670A1384E074590F00FAD9F292A.d.B9315B5F6C892A79F8A4A16B771F67C2.e.10857/click - {}
RESULT: {}
COMMAND: GET /session/129c046a4c158aab34184c97257eb527/screenshot - {}
RESULT: {}
COMMAND: POST /session/129c046a4c158aab34184c97257eb527/execute/async - {"script":"<script> [1562 bytes]","args":[{"selector":{"id":"receiptDatePicker","viewName":"etm.portal.ui.managehandovers.view.DetailExecuteHO","interaction":{"idSuffix":"inner"}},"wdio_ui5_key":"receiptDatePickeretmportal.ui.managehandovers.view.DetailExecuteHO"}]}
RESULT: {"script":"<script> [1562 bytes]","args":[{"selector":{"id":"receiptDatePicker","viewName":"etm.portal.ui.managehandovers.view.DetailExecuteHO","interaction":{"idSuffix":"inner"}},"wdio_ui5_key":"receiptDatePickeretmportal.ui.managehandovers.view.DetailExecuteHO"}]}
RESULT: undefined
COMMAND: POST /session/129c046a4c158aab34184c97257eb527/execute/async - {"script":"<script> [6424 bytes]","args":[{"element-6066-11e4-a52e-4f735466cecf":"f.8E45E670A1384E074590F00FAD9F292A.d.B9315B5F6C892A79F8A4A16B771F67C2.e.10887"},"setValue",["04/23/2025"]]}
RESULT: {"script":"<script> [6424 bytes]","args":[{"element-6066-11e4-a52e-4f735466cecf":"f.8E45E670A1384E074590F00FAD9F292A.d.B9315B5F6C892A79F8A4A16B771F67C2.e.10887"},"setValue",["04/23/2025"]]}
COMMAND: POST /session/129c046a4c158aab34184c97257eb527/element - {"using":"xpath","value":"//button[@data-kt=\"PickingTableConfirmAllButton\"]"}
RESULT: {"using":"xpath","value":"//button[@data-kt=\"PickingTableConfirmAllButton\"]"}
COMMAND: POST /session/129c046a4c158aab34184c97257eb527/element/f.8E45E670A1384E074590F00FAD9F292A.d.B9315B5F6C892A79F8A4A16B771F67C2.e.10902/click - {}
RESULT: {}
COMMAND: GET /session/129c046a4c158aab34184c97257eb527/screenshot - {}
RESULT: {}
COMMAND: POST /session/129c046a4c158aab34184c97257eb527/element - {"using":"xpath","value":"//bdi[contains(text(), \"OK\")]"}
RESULT: {"using":"xpath","value":"//bdi[contains(text(), \"OK\")]"}
COMMAND: POST /session/129c046a4c158aab34184c97257eb527/element/f.8E45E670A1384E074590F00FAD9F292A.d.B9315B5F6C892A79F8A4A16B771F67C2.e.10904/click - {}
RESULT: {}
COMMAND: GET /session/129c046a4c158aab34184c97257eb527/screenshot - {}
RESULT: {}
COMMAND: POST /session/129c046a4c158aab34184c97257eb527/element - {"using":"xpath","value":"(//bdi[contains(text(), \"Receive\")])[2]"}
RESULT: {"using":"xpath","value":"(//bdi[contains(text(), \"Receive\")])[2]"}
COMMAND: POST /session/129c046a4c158aab34184c97257eb527/element/f.8E45E670A1384E074590F00FAD9F292A.d.B9315B5F6C892A79F8A4A16B771F67C2.e.10906/click - {}
RESULT: {}
COMMAND: GET /session/129c046a4c158aab34184c97257eb527/screenshot - {}
RESULT: {}
COMMAND: POST /session/129c046a4c158aab34184c97257eb527/element - {"using":"css selector","value":"#shell-header-logo"}
RESULT: {"using":"css selector","value":"#shell-header-logo"}
COMMAND: POST /session/129c046a4c158aab34184c97257eb527/element/f.8E45E670A1384E074590F00FAD9F292A.d.B9315B5F6C892A79F8A4A16B771F67C2.e.10282/click - {}
RESULT: {}
COMMAND: GET /session/129c046a4c158aab34184c97257eb527/screenshot - {}
RESULT: {}
]]></system-out>
    </testcase>
    <testcase classname="chrome.135_0_7049_96.windows.Billing_Transfer_-_Intracompany_US127249" name="Should create a new contract" time="59.229">
      <system-out><![CDATA[
COMMAND: POST /session/129c046a4c158aab34184c97257eb527/execute/async - {"script":"<script> [1562 bytes]","args":[{"selector":{"controlType":"sap.m.Text","viewName":"etm.portal.ui.managecontractstile.view.Master","properties":{"text":"Manage Contracts"},"interaction":{"idSuffix":"inner"}},"wdio_ui5_key":"etmportal.ui.managecontractstile.view.Mastersap.m.Text{\"text\":\"Manage Contracts\"}"}]}
RESULT: {"script":"<script> [1562 bytes]","args":[{"selector":{"controlType":"sap.m.Text","viewName":"etm.portal.ui.managecontractstile.view.Master","properties":{"text":"Manage Contracts"},"interaction":{"idSuffix":"inner"}},"wdio_ui5_key":"etmportal.ui.managecontractstile.view.Mastersap.m.Text{\"text\":\"Manage Contracts\"}"}]}
RESULT: undefined
COMMAND: POST /session/129c046a4c158aab34184c97257eb527/element - {"using":"xpath","value":"//*[@id=\"__tile130-title\"]"}
RESULT: {"using":"xpath","value":"//*[@id=\"__tile130-title\"]"}
COMMAND: POST /session/129c046a4c158aab34184c97257eb527/element/f.8E45E670A1384E074590F00FAD9F292A.d.B9315B5F6C892A79F8A4A16B771F67C2.e.11068/click - {}
RESULT: {}
COMMAND: GET /session/129c046a4c158aab34184c97257eb527/screenshot - {}
RESULT: {}
COMMAND: POST /session/129c046a4c158aab34184c97257eb527/element - {"using":"xpath","value":"//button[@data-kt=\"addButton\"]"}
RESULT: {"using":"xpath","value":"//button[@data-kt=\"addButton\"]"}
COMMAND: POST /session/129c046a4c158aab34184c97257eb527/elements - {"using":"xpath","value":"//button[@data-kt=\"addButton\"]"}
RESULT: {"using":"xpath","value":"//button[@data-kt=\"addButton\"]"}
RESULT: undefined
COMMAND: POST /session/129c046a4c158aab34184c97257eb527/elements - {"using":"xpath","value":"//button[@data-kt=\"addButton\"]"}
RESULT: {"using":"xpath","value":"//button[@data-kt=\"addButton\"]"}
COMMAND: POST /session/129c046a4c158aab34184c97257eb527/element - {"using":"xpath","value":"//button[@data-kt=\"addButton\"]"}
RESULT: {"using":"xpath","value":"//button[@data-kt=\"addButton\"]"}
COMMAND: POST /session/129c046a4c158aab34184c97257eb527/execute/sync - {"script":"<script> [8489 bytes]","args":[{"element-6066-11e4-a52e-4f735466cecf":"f.8E45E670A1384E074590F00FAD9F292A.d.B9315B5F6C892A79F8A4A16B771F67C2.e.11096","ELEMENT":"f.8E45E670A1384E074590F00FAD9F292A.d.B9315B5F6C892A79F8A4A16B771F67C2.e.11096"}]}
RESULT: {"script":"<script> [8489 bytes]","args":[{"element-6066-11e4-a52e-4f735466cecf":"f.8E45E670A1384E074590F00FAD9F292A.d.B9315B5F6C892A79F8A4A16B771F67C2.e.11096","ELEMENT":"f.8E45E670A1384E074590F00FAD9F292A.d.B9315B5F6C892A79F8A4A16B771F67C2.e.11096"}]}
COMMAND: GET /session/129c046a4c158aab34184c97257eb527/element/f.8E45E670A1384E074590F00FAD9F292A.d.B9315B5F6C892A79F8A4A16B771F67C2.e.11096/enabled - {}
COMMAND: GET /session/129c046a4c158aab34184c97257eb527/screenshot - {}
RESULT: {}
COMMAND: POST /session/129c046a4c158aab34184c97257eb527/execute/sync - {"script":"<script> [8489 bytes]","args":[{"element-6066-11e4-a52e-4f735466cecf":"f.8E45E670A1384E074590F00FAD9F292A.d.B9315B5F6C892A79F8A4A16B771F67C2.e.11096","ELEMENT":"f.8E45E670A1384E074590F00FAD9F292A.d.B9315B5F6C892A79F8A4A16B771F67C2.e.11096"}]}
COMMAND: GET /session/129c046a4c158aab34184c97257eb527/screenshot - {}
RESULT: {}
RESULT: {"script":"<script> [8489 bytes]","args":[{"element-6066-11e4-a52e-4f735466cecf":"f.8E45E670A1384E074590F00FAD9F292A.d.B9315B5F6C892A79F8A4A16B771F67C2.e.11096","ELEMENT":"f.8E45E670A1384E074590F00FAD9F292A.d.B9315B5F6C892A79F8A4A16B771F67C2.e.11096"}]}
COMMAND: POST /session/129c046a4c158aab34184c97257eb527/execute/sync - {"script":"<script> [5351 bytes]","args":[{"element-6066-11e4-a52e-4f735466cecf":"f.8E45E670A1384E074590F00FAD9F292A.d.B9315B5F6C892A79F8A4A16B771F67C2.e.11096","ELEMENT":"f.8E45E670A1384E074590F00FAD9F292A.d.B9315B5F6C892A79F8A4A16B771F67C2.e.11096"}]}
COMMAND: GET /session/129c046a4c158aab34184c97257eb527/screenshot - {}
RESULT: {}
RESULT: {"script":"<script> [5351 bytes]","args":[{"element-6066-11e4-a52e-4f735466cecf":"f.8E45E670A1384E074590F00FAD9F292A.d.B9315B5F6C892A79F8A4A16B771F67C2.e.11096","ELEMENT":"f.8E45E670A1384E074590F00FAD9F292A.d.B9315B5F6C892A79F8A4A16B771F67C2.e.11096"}]}
COMMAND: GET /session/129c046a4c158aab34184c97257eb527/screenshot - {}
RESULT: {}
RESULT: {}
COMMAND: POST /session/129c046a4c158aab34184c97257eb527/element/f.8E45E670A1384E074590F00FAD9F292A.d.B9315B5F6C892A79F8A4A16B771F67C2.e.11096/click - {}
RESULT: {}
COMMAND: GET /session/129c046a4c158aab34184c97257eb527/screenshot - {}
COMMAND: POST /session/129c046a4c158aab34184c97257eb527/execute/async - {"script":"<script> [1562 bytes]","args":[{"selector":{"id":"application-managecontracts-display-component---AddNewContract--projectDescription","interaction":{"idSuffix":"inner"}},"wdio_ui5_key":"applicationmanagecontracts-display-component---AddNewContract--projectDescription"}]}
RESULT: {}
RESULT: {"script":"<script> [1562 bytes]","args":[{"selector":{"id":"application-managecontracts-display-component---AddNewContract--projectDescription","interaction":{"idSuffix":"inner"}},"wdio_ui5_key":"applicationmanagecontracts-display-component---AddNewContract--projectDescription"}]}
RESULT: undefined
COMMAND: POST /session/129c046a4c158aab34184c97257eb527/execute/async - {"script":"<script> [776 bytes]","args":[{"enterText":"Contract WDIO","selector":{"id":"application-managecontracts-display-component---AddNewContract--projectDescription","interaction":{"idSuffix":"inner"}},"clearTextFirst":true,"interactionType":"ENTER_TEXT"}]}
RESULT: {"script":"<script> [776 bytes]","args":[{"enterText":"Contract WDIO","selector":{"id":"application-managecontracts-display-component---AddNewContract--projectDescription","interaction":{"idSuffix":"inner"}},"clearTextFirst":true,"interactionType":"ENTER_TEXT"}]}
COMMAND: POST /session/129c046a4c158aab34184c97257eb527/element - {"using":"xpath","value":"//input[@id=\"application-managecontracts-display-component---AddNewContract--site-inner\"]"}
RESULT: {"using":"xpath","value":"//input[@id=\"application-managecontracts-display-component---AddNewContract--site-inner\"]"}
COMMAND: POST /session/129c046a4c158aab34184c97257eb527/element/f.8E45E670A1384E074590F00FAD9F292A.d.B9315B5F6C892A79F8A4A16B771F67C2.e.11449/clear - {}
RESULT: {}
COMMAND: POST /session/129c046a4c158aab34184c97257eb527/element/f.8E45E670A1384E074590F00FAD9F292A.d.B9315B5F6C892A79F8A4A16B771F67C2.e.11449/value - {"text":"2554"}
COMMAND: GET /session/129c046a4c158aab34184c97257eb527/screenshot - {}
RESULT: {"text":"2554"}
COMMAND: GET /session/129c046a4c158aab34184c97257eb527/screenshot - {}
RESULT: {}
RESULT: {}
COMMAND: POST /session/129c046a4c158aab34184c97257eb527/element - {"using":"xpath","value":"//li[.//span[text()='2554']]"}
RESULT: {"using":"xpath","value":"//li[.//span[text()='2554']]"}
COMMAND: POST /session/129c046a4c158aab34184c97257eb527/element/f.8E45E670A1384E074590F00FAD9F292A.d.B9315B5F6C892A79F8A4A16B771F67C2.e.11472/click - {}
RESULT: {}
COMMAND: GET /session/129c046a4c158aab34184c97257eb527/screenshot - {}
RESULT: {}
COMMAND: POST /session/129c046a4c158aab34184c97257eb527/element - {"using":"xpath","value":"//input[@id=\"application-managecontracts-display-component---AddNewContract--yardId-inner\"]"}
RESULT: {"using":"xpath","value":"//input[@id=\"application-managecontracts-display-component---AddNewContract--yardId-inner\"]"}
COMMAND: GET /session/129c046a4c158aab34184c97257eb527/element/f.8E45E670A1384E074590F00FAD9F292A.d.B9315B5F6C892A79F8A4A16B771F67C2.e.11450/property/value - {}
RESULT: {}
COMMAND: POST /session/129c046a4c158aab34184c97257eb527/element - {"using":"xpath","value":"//input[@id=\"application-managecontracts-display-component---AddNewContract--customerSelect-inner\"]"}
COMMAND: GET /session/129c046a4c158aab34184c97257eb527/screenshot - {}
RESULT: {"using":"xpath","value":"//input[@id=\"application-managecontracts-display-component---AddNewContract--customerSelect-inner\"]"}
COMMAND: POST /session/129c046a4c158aab34184c97257eb527/element/f.8E45E670A1384E074590F00FAD9F292A.d.B9315B5F6C892A79F8A4A16B771F67C2.e.11448/clear - {}
RESULT: {}
RESULT: {}
COMMAND: POST /session/129c046a4c158aab34184c97257eb527/element/f.8E45E670A1384E074590F00FAD9F292A.d.B9315B5F6C892A79F8A4A16B771F67C2.e.11448/value - {"text":"1597"}
COMMAND: GET /session/129c046a4c158aab34184c97257eb527/screenshot - {}
RESULT: {"text":"1597"}
COMMAND: GET /session/129c046a4c158aab34184c97257eb527/screenshot - {}
RESULT: {}
RESULT: {}
COMMAND: POST /session/129c046a4c158aab34184c97257eb527/element - {"using":"xpath","value":"//li[.//span[text()='1597']]"}
RESULT: {"using":"xpath","value":"//li[.//span[text()='1597']]"}
COMMAND: POST /session/129c046a4c158aab34184c97257eb527/element/f.8E45E670A1384E074590F00FAD9F292A.d.B9315B5F6C892A79F8A4A16B771F67C2.e.11475/click - {}
RESULT: {}
COMMAND: GET /session/129c046a4c158aab34184c97257eb527/screenshot - {}
RESULT: {}
COMMAND: POST /session/129c046a4c158aab34184c97257eb527/element - {"using":"xpath","value":"//button[@data-kt=\"saveButton\"]"}
RESULT: {"using":"xpath","value":"//button[@data-kt=\"saveButton\"]"}
COMMAND: POST /session/129c046a4c158aab34184c97257eb527/element/f.8E45E670A1384E074590F00FAD9F292A.d.B9315B5F6C892A79F8A4A16B771F67C2.e.11465/click - {}
RESULT: {}
COMMAND: GET /session/129c046a4c158aab34184c97257eb527/screenshot - {}
RESULT: {}
COMMAND: POST /session/129c046a4c158aab34184c97257eb527/element - {"using":"xpath","value":"//span[contains(@id ,\"contractDetailTitleNoExpanded\")]"}
RESULT: {"using":"xpath","value":"//span[contains(@id ,\"contractDetailTitleNoExpanded\")]"}
COMMAND: POST /session/129c046a4c158aab34184c97257eb527/elements - {"using":"xpath","value":"//span[contains(@id ,\"contractDetailTitleNoExpanded\")]"}
RESULT: {"using":"xpath","value":"//span[contains(@id ,\"contractDetailTitleNoExpanded\")]"}
COMMAND: POST /session/129c046a4c158aab34184c97257eb527/execute/sync - {"script":"<script> [56 bytes]","args":[{"element-6066-11e4-a52e-4f735466cecf":"f.8E45E670A1384E074590F00FAD9F292A.d.B9315B5F6C892A79F8A4A16B771F67C2.e.11496","ELEMENT":"f.8E45E670A1384E074590F00FAD9F292A.d.B9315B5F6C892A79F8A4A16B771F67C2.e.11496"}]}
RESULT: {"script":"<script> [56 bytes]","args":[{"element-6066-11e4-a52e-4f735466cecf":"f.8E45E670A1384E074590F00FAD9F292A.d.B9315B5F6C892A79F8A4A16B771F67C2.e.11496","ELEMENT":"f.8E45E670A1384E074590F00FAD9F292A.d.B9315B5F6C892A79F8A4A16B771F67C2.e.11496"}]}
COMMAND: GET /session/129c046a4c158aab34184c97257eb527/screenshot - {}
RESULT: {}
]]></system-out>
    </testcase>
    <testcase classname="chrome.135_0_7049_96.windows.Billing_Transfer_-_Intracompany_US127249" name="Should add equipment to the contract" time="40.575">
      <system-out><![CDATA[
COMMAND: POST /session/129c046a4c158aab34184c97257eb527/element - {"using":"xpath","value":"//button[@data-kt=\"contractDetailEditBtnButton\"]"}
RESULT: {"using":"xpath","value":"//button[@data-kt=\"contractDetailEditBtnButton\"]"}
COMMAND: POST /session/129c046a4c158aab34184c97257eb527/element/f.8E45E670A1384E074590F00FAD9F292A.d.B9315B5F6C892A79F8A4A16B771F67C2.e.11497/click - {}
RESULT: {}
COMMAND: GET /session/129c046a4c158aab34184c97257eb527/screenshot - {}
RESULT: {}
COMMAND: POST /session/129c046a4c158aab34184c97257eb527/element - {"using":"xpath","value":"(//span[contains(text(), \"Additional Addresses\")])[2]"}
RESULT: {"using":"xpath","value":"(//span[contains(text(), \"Additional Addresses\")])[2]"}
COMMAND: POST /session/129c046a4c158aab34184c97257eb527/element/f.8E45E670A1384E074590F00FAD9F292A.d.B9315B5F6C892A79F8A4A16B771F67C2.e.11552/click - {}
RESULT: {}
COMMAND: GET /session/129c046a4c158aab34184c97257eb527/screenshot - {}
RESULT: {}
COMMAND: POST /session/129c046a4c158aab34184c97257eb527/element - {"using":"xpath","value":"//button[@data-kt=\"btnAddTableRowOverflowToolbarButton\"]"}
RESULT: {"using":"xpath","value":"//button[@data-kt=\"btnAddTableRowOverflowToolbarButton\"]"}
COMMAND: POST /session/129c046a4c158aab34184c97257eb527/element/f.8E45E670A1384E074590F00FAD9F292A.d.B9315B5F6C892A79F8A4A16B771F67C2.e.11556/click - {}
RESULT: {}
COMMAND: GET /session/129c046a4c158aab34184c97257eb527/screenshot - {}
RESULT: {}
COMMAND: POST /session/129c046a4c158aab34184c97257eb527/element - {"using":"xpath","value":"//div[(text() = 'Standard Entry' or . = 'Standard Entry')]"}
RESULT: {"using":"xpath","value":"//div[(text() = 'Standard Entry' or . = 'Standard Entry')]"}
COMMAND: POST /session/129c046a4c158aab34184c97257eb527/element/f.8E45E670A1384E074590F00FAD9F292A.d.B9315B5F6C892A79F8A4A16B771F67C2.e.11558/click - {}
RESULT: {}
COMMAND: GET /session/129c046a4c158aab34184c97257eb527/screenshot - {}
RESULT: {}
COMMAND: POST /session/129c046a4c158aab34184c97257eb527/element - {"using":"xpath","value":"//td[7]/div/div/input"}
RESULT: {"using":"xpath","value":"//td[7]/div/div/input"}
COMMAND: POST /session/129c046a4c158aab34184c97257eb527/element/f.8E45E670A1384E074590F00FAD9F292A.d.B9315B5F6C892A79F8A4A16B771F67C2.e.11567/clear - {}
RESULT: {}
COMMAND: POST /session/129c046a4c158aab34184c97257eb527/element/f.8E45E670A1384E074590F00FAD9F292A.d.B9315B5F6C892A79F8A4A16B771F67C2.e.11567/value - {"text":"b13Zb8n1x4"}
COMMAND: GET /session/129c046a4c158aab34184c97257eb527/screenshot - {}
RESULT: {"text":"b13Zb8n1x4"}
COMMAND: GET /session/129c046a4c158aab34184c97257eb527/screenshot - {}
RESULT: {}
RESULT: {}
COMMAND: POST /session/129c046a4c158aab34184c97257eb527/actions - {"actions":[{"id":"action38","type":"key","parameters":{},"actions":[{"type":"keyDown","value":""},{"type":"pause","duration":10},{"type":"keyUp","value":""}]}]}
RESULT: {"actions":[{"id":"action38","type":"key","parameters":{},"actions":[{"type":"keyDown","value":""},{"type":"pause","duration":10},{"type":"keyUp","value":""}]}]}
COMMAND: GET /session/129c046a4c158aab34184c97257eb527/screenshot - {}
RESULT: {}
COMMAND: POST /session/129c046a4c158aab34184c97257eb527/element - {"using":"xpath","value":"(//button[@data-kt=\"saveButton\"])[2]"}
RESULT: {"using":"xpath","value":"(//button[@data-kt=\"saveButton\"])[2]"}
COMMAND: POST /session/129c046a4c158aab34184c97257eb527/element/f.8E45E670A1384E074590F00FAD9F292A.d.B9315B5F6C892A79F8A4A16B771F67C2.e.11582/click - {}
RESULT: {}
COMMAND: GET /session/129c046a4c158aab34184c97257eb527/screenshot - {}
RESULT: {}
COMMAND: POST /session/129c046a4c158aab34184c97257eb527/element - {"using":"xpath","value":"//span[contains(@id ,\"contractItemsSmartTable-header-inner\")]"}
RESULT: {"using":"xpath","value":"//span[contains(@id ,\"contractItemsSmartTable-header-inner\")]"}
COMMAND: POST /session/129c046a4c158aab34184c97257eb527/elements - {"using":"xpath","value":"//span[contains(@id ,\"contractItemsSmartTable-header-inner\")]"}
RESULT: {"using":"xpath","value":"//span[contains(@id ,\"contractItemsSmartTable-header-inner\")]"}
COMMAND: POST /session/129c046a4c158aab34184c97257eb527/execute/sync - {"script":"<script> [56 bytes]","args":[{"element-6066-11e4-a52e-4f735466cecf":"f.8E45E670A1384E074590F00FAD9F292A.d.B9315B5F6C892A79F8A4A16B771F67C2.e.11587","ELEMENT":"f.8E45E670A1384E074590F00FAD9F292A.d.B9315B5F6C892A79F8A4A16B771F67C2.e.11587"}]}
RESULT: {"script":"<script> [56 bytes]","args":[{"element-6066-11e4-a52e-4f735466cecf":"f.8E45E670A1384E074590F00FAD9F292A.d.B9315B5F6C892A79F8A4A16B771F67C2.e.11587","ELEMENT":"f.8E45E670A1384E074590F00FAD9F292A.d.B9315B5F6C892A79F8A4A16B771F67C2.e.11587"}]}
COMMAND: GET /session/129c046a4c158aab34184c97257eb527/screenshot - {}
]]></system-out>
    </testcase>
    <testcase classname="chrome.135_0_7049_96.windows.Billing_Transfer_-_Intracompany_US127249" name="Should do a provide to site handover" time="57.177">
      <system-out><![CDATA[
COMMAND: POST /session/129c046a4c158aab34184c97257eb527/element - {"using":"xpath","value":"//button[@data-kt=\"provideButton\"]"}
RESULT: {}
RESULT: {"using":"xpath","value":"//button[@data-kt=\"provideButton\"]"}
COMMAND: POST /session/129c046a4c158aab34184c97257eb527/element/f.8E45E670A1384E074590F00FAD9F292A.d.B9315B5F6C892A79F8A4A16B771F67C2.e.11589/click - {}
RESULT: {}
COMMAND: GET /session/129c046a4c158aab34184c97257eb527/screenshot - {}
RESULT: undefined
COMMAND: POST /session/129c046a4c158aab34184c97257eb527/execute/async - {"script":"<script> [6424 bytes]","args":[{"element-6066-11e4-a52e-4f735466cecf":"f.8E45E670A1384E074590F00FAD9F292A.d.B9315B5F6C892A79F8A4A16B771F67C2.e.10672"},"setValue",["04/23/2025"]]}
RESULT: {}
COMMAND: POST /session/129c046a4c158aab34184c97257eb527/execute/async - {"script":"<script> [1562 bytes]","args":[{"selector":{"id":"application-managehandovers-display-component---AddNewHO--dueDate","interaction":{"idSuffix":"inner"}},"wdio_ui5_key":"applicationmanagehandovers-display-component---AddNewHO--dueDate"}]}
RESULT: {"script":"<script> [1562 bytes]","args":[{"selector":{"id":"application-managehandovers-display-component---AddNewHO--dueDate","interaction":{"idSuffix":"inner"}},"wdio_ui5_key":"applicationmanagehandovers-display-component---AddNewHO--dueDate"}]}
COMMAND: POST /session/129c046a4c158aab34184c97257eb527/execute/async - {"script":"<script> [6424 bytes]","args":[{"element-6066-11e4-a52e-4f735466cecf":"f.8E45E670A1384E074590F00FAD9F292A.d.B9315B5F6C892A79F8A4A16B771F67C2.e.11604"},"setValue",["04/23/2025"]]}
RESULT: {"script":"<script> [6424 bytes]","args":[{"element-6066-11e4-a52e-4f735466cecf":"f.8E45E670A1384E074590F00FAD9F292A.d.B9315B5F6C892A79F8A4A16B771F67C2.e.11604"},"setValue",["04/23/2025"]]}
COMMAND: POST /session/129c046a4c158aab34184c97257eb527/element - {"using":"xpath","value":"//bdi[contains(text(), \"Instructions\")]"}
RESULT: {"using":"xpath","value":"//bdi[contains(text(), \"Instructions\")]"}
COMMAND: POST /session/129c046a4c158aab34184c97257eb527/element/f.8E45E670A1384E074590F00FAD9F292A.d.B9315B5F6C892A79F8A4A16B771F67C2.e.11724/click - {}
RESULT: {}
COMMAND: GET /session/129c046a4c158aab34184c97257eb527/screenshot - {}
RESULT: {}
COMMAND: POST /session/129c046a4c158aab34184c97257eb527/element - {"using":"xpath","value":"//button[@data-kt=\"AddNewHOProvideAddItemsButton\"]"}
RESULT: {"using":"xpath","value":"//button[@data-kt=\"AddNewHOProvideAddItemsButton\"]"}
COMMAND: POST /session/129c046a4c158aab34184c97257eb527/element/f.8E45E670A1384E074590F00FAD9F292A.d.B9315B5F6C892A79F8A4A16B771F67C2.e.11728/click - {}
RESULT: {}
COMMAND: GET /session/129c046a4c158aab34184c97257eb527/screenshot - {}
RESULT: {}
RESULT: undefined
COMMAND: POST /session/129c046a4c158aab34184c97257eb527/element - {"using":"xpath","value":"//*[@id=\"application-managehandovers-display-component---AddNewHO--popup-sa\"]"}
RESULT: {"using":"xpath","value":"//*[@id=\"application-managehandovers-display-component---AddNewHO--popup-sa\"]"}
COMMAND: POST /session/129c046a4c158aab34184c97257eb527/element/f.8E45E670A1384E074590F00FAD9F292A.d.B9315B5F6C892A79F8A4A16B771F67C2.e.11734/click - {}
RESULT: {}
COMMAND: GET /session/129c046a4c158aab34184c97257eb527/screenshot - {}
RESULT: {}
COMMAND: POST /session/129c046a4c158aab34184c97257eb527/element - {"using":"xpath","value":"//*[contains(@id ,\"BDI-content\")][contains(text(), \"Select\")]"}
RESULT: {"using":"xpath","value":"//*[contains(@id ,\"BDI-content\")][contains(text(), \"Select\")]"}
COMMAND: POST /session/129c046a4c158aab34184c97257eb527/element/f.8E45E670A1384E074590F00FAD9F292A.d.B9315B5F6C892A79F8A4A16B771F67C2.e.11735/click - {}
RESULT: {}
COMMAND: GET /session/129c046a4c158aab34184c97257eb527/screenshot - {}
RESULT: {}
COMMAND: POST /session/129c046a4c158aab34184c97257eb527/execute/async - {"script":"<script> [1562 bytes]","args":[{"selector":{"id":"application-managehandovers-display-component---AddNewHO--confirmCreationButton","interaction":{"idSuffix":"BDI-content"}},"wdio_ui5_key":"applicationmanagehandovers-display-component---AddNewHO--confirmCreationButton"}]}
RESULT: {"script":"<script> [1562 bytes]","args":[{"selector":{"id":"application-managehandovers-display-component---AddNewHO--confirmCreationButton","interaction":{"idSuffix":"BDI-content"}},"wdio_ui5_key":"applicationmanagehandovers-display-component---AddNewHO--confirmCreationButton"}]}
RESULT: undefined
COMMAND: POST /session/129c046a4c158aab34184c97257eb527/element - {"using":"xpath","value":"//*[@id=\"application-managehandovers-display-component---AddNewHO--confirmCreationButton\"]"}
RESULT: {"using":"xpath","value":"//*[@id=\"application-managehandovers-display-component---AddNewHO--confirmCreationButton\"]"}
COMMAND: POST /session/129c046a4c158aab34184c97257eb527/element/f.8E45E670A1384E074590F00FAD9F292A.d.B9315B5F6C892A79F8A4A16B771F67C2.e.11684/click - {}
RESULT: {}
COMMAND: GET /session/129c046a4c158aab34184c97257eb527/screenshot - {}
RESULT: {}
COMMAND: POST /session/129c046a4c158aab34184c97257eb527/element - {"using":"xpath","value":"//button[@data-kt=\"PickingTableConfirmAllButton\"]"}
RESULT: {"using":"xpath","value":"//button[@data-kt=\"PickingTableConfirmAllButton\"]"}
COMMAND: POST /session/129c046a4c158aab34184c97257eb527/element/f.8E45E670A1384E074590F00FAD9F292A.d.B9315B5F6C892A79F8A4A16B771F67C2.e.11772/click - {}
COMMAND: POST /session/129c046a4c158aab34184c97257eb527/element - {"using":"xpath","value":"//button[@data-kt=\"PickingTableConfirmAllButton\"]"}
RESULT: {"using":"xpath","value":"//button[@data-kt=\"PickingTableConfirmAllButton\"]"}
COMMAND: POST /session/129c046a4c158aab34184c97257eb527/element/f.8E45E670A1384E074590F00FAD9F292A.d.B9315B5F6C892A79F8A4A16B771F67C2.e.11772/click - {}
COMMAND: POST /session/129c046a4c158aab34184c97257eb527/element - {"using":"xpath","value":"//button[@data-kt=\"PickingTableConfirmAllButton\"]"}
RESULT: {"using":"xpath","value":"//button[@data-kt=\"PickingTableConfirmAllButton\"]"}
COMMAND: POST /session/129c046a4c158aab34184c97257eb527/element/f.8E45E670A1384E074590F00FAD9F292A.d.B9315B5F6C892A79F8A4A16B771F67C2.e.11796/click - {}
RESULT: {}
COMMAND: GET /session/129c046a4c158aab34184c97257eb527/screenshot - {}
RESULT: {}
COMMAND: POST /session/129c046a4c158aab34184c97257eb527/element - {"using":"xpath","value":"//bdi[contains(text(), \"OK\")]"}
RESULT: {"using":"xpath","value":"//bdi[contains(text(), \"OK\")]"}
COMMAND: POST /session/129c046a4c158aab34184c97257eb527/element/f.8E45E670A1384E074590F00FAD9F292A.d.B9315B5F6C892A79F8A4A16B771F67C2.e.11798/click - {}
RESULT: {}
COMMAND: GET /session/129c046a4c158aab34184c97257eb527/screenshot - {}
RESULT: {}
COMMAND: POST /session/129c046a4c158aab34184c97257eb527/element - {"using":"xpath","value":"//bdi[contains(text(), \"Issue\")]"}
RESULT: {"using":"xpath","value":"//bdi[contains(text(), \"Issue\")]"}
COMMAND: POST /session/129c046a4c158aab34184c97257eb527/element/f.8E45E670A1384E074590F00FAD9F292A.d.B9315B5F6C892A79F8A4A16B771F67C2.e.11800/click - {}
RESULT: {}
COMMAND: GET /session/129c046a4c158aab34184c97257eb527/screenshot - {}
RESULT: {}
COMMAND: POST /session/129c046a4c158aab34184c97257eb527/element - {"using":"css selector","value":"#shell-header-logo"}
RESULT: {"using":"css selector","value":"#shell-header-logo"}
COMMAND: POST /session/129c046a4c158aab34184c97257eb527/element/f.8E45E670A1384E074590F00FAD9F292A.d.B9315B5F6C892A79F8A4A16B771F67C2.e.11071/click - {}
RESULT: {}
COMMAND: GET /session/129c046a4c158aab34184c97257eb527/screenshot - {}
RESULT: {}
]]></system-out>
    </testcase>
    <testcase classname="chrome.135_0_7049_96.windows.Billing_Transfer_-_Intracompany_US127249" name="Should go navigate to Manage Billings and trigger contract calculation check result" time="60.173">
      <system-out><![CDATA[
COMMAND: POST /session/129c046a4c158aab34184c97257eb527/execute/async - {"script":"<script> [1562 bytes]","args":[{"selector":{"controlType":"sap.m.GenericTile","properties":{"header":"Manage Billings"}},"wdio_ui5_key":"sapm.GenericTile{\"header\":\"Manage Billings\"}"}]}
RESULT: {"script":"<script> [1562 bytes]","args":[{"selector":{"controlType":"sap.m.GenericTile","properties":{"header":"Manage Billings"}},"wdio_ui5_key":"sapm.GenericTile{\"header\":\"Manage Billings\"}"}]}
RESULT: undefined
COMMAND: POST /session/129c046a4c158aab34184c97257eb527/element - {"using":"xpath","value":"//*[@id=\"__tile51\"]"}
RESULT: {"using":"xpath","value":"//*[@id=\"__tile51\"]"}
COMMAND: POST /session/129c046a4c158aab34184c97257eb527/element/f.8E45E670A1384E074590F00FAD9F292A.d.B9315B5F6C892A79F8A4A16B771F67C2.e.6798/click - {}
RESULT: {}
COMMAND: GET /session/129c046a4c158aab34184c97257eb527/screenshot - {}
RESULT: {}
COMMAND: POST /session/129c046a4c158aab34184c97257eb527/execute/async - {"script":"<script> [1562 bytes]","args":[{"selector":{"id":"application-managebillings-display-component---billRunCalcResult--smartFilterBar-btnBasicSearch","interaction":{"idSuffix":"I"}},"wdio_ui5_key":"applicationmanagebillings-display-component---billRunCalcResult--smartFilterBar-btnBasicSearch"}]}
RESULT: {"script":"<script> [1562 bytes]","args":[{"selector":{"id":"application-managebillings-display-component---billRunCalcResult--smartFilterBar-btnBasicSearch","interaction":{"idSuffix":"I"}},"wdio_ui5_key":"applicationmanagebillings-display-component---billRunCalcResult--smartFilterBar-btnBasicSearch"}]}
RESULT: undefined
COMMAND: POST /session/129c046a4c158aab34184c97257eb527/execute/async - {"script":"<script> [776 bytes]","args":[{"enterText":"10625","selector":{"id":"application-managebillings-display-component---billRunCalcResult--smartFilterBar-btnBasicSearch","interaction":{"idSuffix":"I"}},"clearTextFirst":true,"interactionType":"ENTER_TEXT"}]}
RESULT: {"script":"<script> [776 bytes]","args":[{"enterText":"10625","selector":{"id":"application-managebillings-display-component---billRunCalcResult--smartFilterBar-btnBasicSearch","interaction":{"idSuffix":"I"}},"clearTextFirst":true,"interactionType":"ENTER_TEXT"}]}
COMMAND: POST /session/129c046a4c158aab34184c97257eb527/actions - {"actions":[{"id":"action39","type":"key","parameters":{},"actions":[{"type":"keyDown","value":""},{"type":"pause","duration":10},{"type":"keyUp","value":""}]}]}
RESULT: {"actions":[{"id":"action39","type":"key","parameters":{},"actions":[{"type":"keyDown","value":""},{"type":"pause","duration":10},{"type":"keyUp","value":""}]}]}
COMMAND: GET /session/129c046a4c158aab34184c97257eb527/screenshot - {}
RESULT: {}
COMMAND: POST /session/129c046a4c158aab34184c97257eb527/element - {"using":"xpath","value":"//td[@aria-colindex=\"1\"]/div/div[contains(@class, \"sapMCbBg\")]"}
RESULT: {"using":"xpath","value":"//td[@aria-colindex=\"1\"]/div/div[contains(@class, \"sapMCbBg\")]"}
COMMAND: POST /session/129c046a4c158aab34184c97257eb527/element/f.8E45E670A1384E074590F00FAD9F292A.d.B9315B5F6C892A79F8A4A16B771F67C2.e.12166/click - {}
RESULT: {}
COMMAND: GET /session/129c046a4c158aab34184c97257eb527/screenshot - {}
RESULT: {}
COMMAND: POST /session/129c046a4c158aab34184c97257eb527/execute/async - {"script":"<script> [1562 bytes]","args":[{"selector":{"id":"application-managebillings-display-component---billRunCalcResult--contractBillRunDate","interaction":{"idSuffix":"inner"}},"wdio_ui5_key":"applicationmanagebillings-display-component---billRunCalcResult--contractBillRunDate"}]}
RESULT: {"script":"<script> [1562 bytes]","args":[{"selector":{"id":"application-managebillings-display-component---billRunCalcResult--contractBillRunDate","interaction":{"idSuffix":"inner"}},"wdio_ui5_key":"applicationmanagebillings-display-component---billRunCalcResult--contractBillRunDate"}]}
RESULT: undefined
COMMAND: POST /session/129c046a4c158aab34184c97257eb527/execute/async - {"script":"<script> [776 bytes]","args":[{"enterText":"04/23/25","selector":{"id":"application-managebillings-display-component---billRunCalcResult--contractBillRunDate","interaction":{"idSuffix":"inner"}},"clearTextFirst":true,"interactionType":"ENTER_TEXT"}]}
RESULT: {"script":"<script> [776 bytes]","args":[{"enterText":"04/23/25","selector":{"id":"application-managebillings-display-component---billRunCalcResult--contractBillRunDate","interaction":{"idSuffix":"inner"}},"clearTextFirst":true,"interactionType":"ENTER_TEXT"}]}
COMMAND: POST /session/129c046a4c158aab34184c97257eb527/element - {"using":"xpath","value":"//bdi[contains(text(), \"Trigger Calculation\")]"}
RESULT: {"using":"xpath","value":"//bdi[contains(text(), \"Trigger Calculation\")]"}
COMMAND: POST /session/129c046a4c158aab34184c97257eb527/element/f.8E45E670A1384E074590F00FAD9F292A.d.B9315B5F6C892A79F8A4A16B771F67C2.e.12349/click - {}
RESULT: {}
COMMAND: GET /session/129c046a4c158aab34184c97257eb527/screenshot - {}
RESULT: {}
COMMAND: POST /session/129c046a4c158aab34184c97257eb527/element - {"using":"xpath","value":"(//span[contains(@id, \"imgNav\")])[1]"}
RESULT: {"using":"xpath","value":"(//span[contains(@id, \"imgNav\")])[1]"}
COMMAND: POST /session/129c046a4c158aab34184c97257eb527/element/f.8E45E670A1384E074590F00FAD9F292A.d.B9315B5F6C892A79F8A4A16B771F67C2.e.12177/click - {}
RESULT: {}
COMMAND: GET /session/129c046a4c158aab34184c97257eb527/screenshot - {}
RESULT: {}
COMMAND: POST /session/129c046a4c158aab34184c97257eb527/element - {"using":"xpath","value":"//tr/td[6]/div[1]/span[1]/span[1]"}
RESULT: {"using":"xpath","value":"//tr/td[6]/div[1]/span[1]/span[1]"}
COMMAND: GET /session/129c046a4c158aab34184c97257eb527/element/f.8E45E670A1384E074590F00FAD9F292A.d.B9315B5F6C892A79F8A4A16B771F67C2.e.12355/text - {}
RESULT: {}
COMMAND: POST /session/129c046a4c158aab34184c97257eb527/element - {"using":"xpath","value":"(//span[contains(@id, \"imgNav\")])[2]"}
RESULT: {"using":"xpath","value":"(//span[contains(@id, \"imgNav\")])[2]"}
COMMAND: POST /session/129c046a4c158aab34184c97257eb527/element/f.8E45E670A1384E074590F00FAD9F292A.d.B9315B5F6C892A79F8A4A16B771F67C2.e.12356/click - {}
RESULT: {}
COMMAND: POST /session/129c046a4c158aab34184c97257eb527/element - {"using":"xpath","value":"//bdi[contains(text(), \"Business Confirm\")]"}
COMMAND: GET /session/129c046a4c158aab34184c97257eb527/screenshot - {}
RESULT: {"using":"xpath","value":"//bdi[contains(text(), \"Business Confirm\")]"}
COMMAND: POST /session/129c046a4c158aab34184c97257eb527/elements - {"using":"xpath","value":"//bdi[contains(text(), \"Business Confirm\")]"}
RESULT: {}
RESULT: {"using":"xpath","value":"//bdi[contains(text(), \"Business Confirm\")]"}
COMMAND: POST /session/129c046a4c158aab34184c97257eb527/elements - {"using":"xpath","value":"//bdi[contains(text(), \"Business Confirm\")]"}
RESULT: {"using":"xpath","value":"//bdi[contains(text(), \"Business Confirm\")]"}
COMMAND: POST /session/129c046a4c158aab34184c97257eb527/elements - {"using":"xpath","value":"//bdi[contains(text(), \"Business Confirm\")]"}
RESULT: {"using":"xpath","value":"//bdi[contains(text(), \"Business Confirm\")]"}
COMMAND: POST /session/129c046a4c158aab34184c97257eb527/element - {"using":"xpath","value":"//bdi[contains(text(), \"Business Confirm\")]"}
RESULT: {"using":"xpath","value":"//bdi[contains(text(), \"Business Confirm\")]"}
COMMAND: POST /session/129c046a4c158aab34184c97257eb527/element/f.8E45E670A1384E074590F00FAD9F292A.d.B9315B5F6C892A79F8A4A16B771F67C2.e.12359/click - {}
COMMAND: POST /session/129c046a4c158aab34184c97257eb527/element - {"using":"xpath","value":"//bdi[contains(text(), \"Business Confirm\")]"}
RESULT: {"using":"xpath","value":"//bdi[contains(text(), \"Business Confirm\")]"}
COMMAND: POST /session/129c046a4c158aab34184c97257eb527/element/f.8E45E670A1384E074590F00FAD9F292A.d.B9315B5F6C892A79F8A4A16B771F67C2.e.12359/click - {}
COMMAND: POST /session/129c046a4c158aab34184c97257eb527/element - {"using":"xpath","value":"//bdi[contains(text(), \"Business Confirm\")]"}
RESULT: {"using":"xpath","value":"//bdi[contains(text(), \"Business Confirm\")]"}
COMMAND: POST /session/129c046a4c158aab34184c97257eb527/element/f.8E45E670A1384E074590F00FAD9F292A.d.B9315B5F6C892A79F8A4A16B771F67C2.e.12413/click - {}
RESULT: {}
COMMAND: POST /session/129c046a4c158aab34184c97257eb527/element - {"using":"css selector","value":"#shell-header-logo"}
COMMAND: GET /session/129c046a4c158aab34184c97257eb527/screenshot - {}
RESULT: {"using":"css selector","value":"#shell-header-logo"}
COMMAND: POST /session/129c046a4c158aab34184c97257eb527/element/f.8E45E670A1384E074590F00FAD9F292A.d.B9315B5F6C892A79F8A4A16B771F67C2.e.11992/click - {}
RESULT: {}
RESULT: {}
COMMAND: GET /session/129c046a4c158aab34184c97257eb527/screenshot - {}
RESULT: {}
]]></system-out>
    </testcase>
    <testcase classname="chrome.135_0_7049_96.windows.Billing_Transfer_-_Intracompany_US127249" name="Should navigate to billing transfer and invoice the contract" time="73.788">
      <system-out><![CDATA[
COMMAND: POST /session/129c046a4c158aab34184c97257eb527/execute/async - {"script":"<script> [1562 bytes]","args":[{"selector":{"controlType":"sap.m.GenericTile","properties":{"header":"Billing Transfer"}},"wdio_ui5_key":"sapm.GenericTile{\"header\":\"Billing Transfer\"}"}]}
RESULT: {"script":"<script> [1562 bytes]","args":[{"selector":{"controlType":"sap.m.GenericTile","properties":{"header":"Billing Transfer"}},"wdio_ui5_key":"sapm.GenericTile{\"header\":\"Billing Transfer\"}"}]}
RESULT: undefined
COMMAND: POST /session/129c046a4c158aab34184c97257eb527/element - {"using":"xpath","value":"//*[@id=\"__tile50\"]"}
RESULT: {"using":"xpath","value":"//*[@id=\"__tile50\"]"}
COMMAND: POST /session/129c046a4c158aab34184c97257eb527/element/f.8E45E670A1384E074590F00FAD9F292A.d.B9315B5F6C892A79F8A4A16B771F67C2.e.6796/click - {}
RESULT: {}
COMMAND: POST /session/129c046a4c158aab34184c97257eb527/element - {"using":"xpath","value":"//input[contains(@id ,\"application-billingtransfer-display-component---billingWorkbench--smartFilterBar-btnBasicSearch\")]"}
COMMAND: GET /session/129c046a4c158aab34184c97257eb527/screenshot - {}
RESULT: {"using":"xpath","value":"//input[contains(@id ,\"application-billingtransfer-display-component---billingWorkbench--smartFilterBar-btnBasicSearch\")]"}
COMMAND: POST /session/129c046a4c158aab34184c97257eb527/elements - {"using":"xpath","value":"//input[contains(@id ,\"application-billingtransfer-display-component---billingWorkbench--smartFilterBar-btnBasicSearch\")]"}
RESULT: {}
RESULT: {"using":"xpath","value":"//input[contains(@id ,\"application-billingtransfer-display-component---billingWorkbench--smartFilterBar-btnBasicSearch\")]"}
COMMAND: POST /session/129c046a4c158aab34184c97257eb527/element - {"using":"xpath","value":"//input[contains(@id ,\"application-billingtransfer-display-component---billingWorkbench--smartFilterBar-btnBasicSearch\")]"}
RESULT: {"using":"xpath","value":"//input[contains(@id ,\"application-billingtransfer-display-component---billingWorkbench--smartFilterBar-btnBasicSearch\")]"}
COMMAND: POST /session/129c046a4c158aab34184c97257eb527/execute/sync - {"script":"<script> [8489 bytes]","args":[{"element-6066-11e4-a52e-4f735466cecf":"f.8E45E670A1384E074590F00FAD9F292A.d.B9315B5F6C892A79F8A4A16B771F67C2.e.12441","ELEMENT":"f.8E45E670A1384E074590F00FAD9F292A.d.B9315B5F6C892A79F8A4A16B771F67C2.e.12441"}]}
RESULT: {"script":"<script> [8489 bytes]","args":[{"element-6066-11e4-a52e-4f735466cecf":"f.8E45E670A1384E074590F00FAD9F292A.d.B9315B5F6C892A79F8A4A16B771F67C2.e.12441","ELEMENT":"f.8E45E670A1384E074590F00FAD9F292A.d.B9315B5F6C892A79F8A4A16B771F67C2.e.12441"}]}
COMMAND: GET /session/129c046a4c158aab34184c97257eb527/element/f.8E45E670A1384E074590F00FAD9F292A.d.B9315B5F6C892A79F8A4A16B771F67C2.e.12441/enabled - {}
COMMAND: GET /session/129c046a4c158aab34184c97257eb527/screenshot - {}
RESULT: {}
COMMAND: POST /session/129c046a4c158aab34184c97257eb527/element/f.8E45E670A1384E074590F00FAD9F292A.d.B9315B5F6C892A79F8A4A16B771F67C2.e.12441/click - {}
COMMAND: GET /session/129c046a4c158aab34184c97257eb527/screenshot - {}
RESULT: {}
RESULT: {}
COMMAND: GET /session/129c046a4c158aab34184c97257eb527/screenshot - {}
RESULT: {}
RESULT: {}
COMMAND: POST /session/129c046a4c158aab34184c97257eb527/element/f.8E45E670A1384E074590F00FAD9F292A.d.B9315B5F6C892A79F8A4A16B771F67C2.e.12441/clear - {}
RESULT: {}
COMMAND: POST /session/129c046a4c158aab34184c97257eb527/element/f.8E45E670A1384E074590F00FAD9F292A.d.B9315B5F6C892A79F8A4A16B771F67C2.e.12441/value - {"text":"10625"}
COMMAND: GET /session/129c046a4c158aab34184c97257eb527/screenshot - {}
RESULT: {"text":"10625"}
COMMAND: POST /session/129c046a4c158aab34184c97257eb527/actions - {"actions":[{"id":"action40","type":"key","parameters":{},"actions":[{"type":"keyDown","value":""},{"type":"pause","duration":10},{"type":"keyUp","value":""}]}]}
COMMAND: GET /session/129c046a4c158aab34184c97257eb527/screenshot - {}
RESULT: {}
RESULT: {"actions":[{"id":"action40","type":"key","parameters":{},"actions":[{"type":"keyDown","value":""},{"type":"pause","duration":10},{"type":"keyUp","value":""}]}]}
COMMAND: GET /session/129c046a4c158aab34184c97257eb527/screenshot - {}
RESULT: {}
RESULT: {}
COMMAND: POST /session/129c046a4c158aab34184c97257eb527/element - {"using":"xpath","value":"//span[contains(@id ,\"application-billingtransfer-display-component---billingWorkbench--smartTableBillingRuns-header-inner\")]"}
RESULT: {"using":"xpath","value":"//span[contains(@id ,\"application-billingtransfer-display-component---billingWorkbench--smartTableBillingRuns-header-inner\")]"}
COMMAND: POST /session/129c046a4c158aab34184c97257eb527/elements - {"using":"xpath","value":"//span[contains(@id ,\"application-billingtransfer-display-component---billingWorkbench--smartTableBillingRuns-header-inner\")]"}
RESULT: {"using":"xpath","value":"//span[contains(@id ,\"application-billingtransfer-display-component---billingWorkbench--smartTableBillingRuns-header-inner\")]"}
COMMAND: POST /session/129c046a4c158aab34184c97257eb527/execute/sync - {"script":"<script> [56 bytes]","args":[{"element-6066-11e4-a52e-4f735466cecf":"f.8E45E670A1384E074590F00FAD9F292A.d.B9315B5F6C892A79F8A4A16B771F67C2.e.12590","ELEMENT":"f.8E45E670A1384E074590F00FAD9F292A.d.B9315B5F6C892A79F8A4A16B771F67C2.e.12590"}]}
RESULT: {"script":"<script> [56 bytes]","args":[{"element-6066-11e4-a52e-4f735466cecf":"f.8E45E670A1384E074590F00FAD9F292A.d.B9315B5F6C892A79F8A4A16B771F67C2.e.12590","ELEMENT":"f.8E45E670A1384E074590F00FAD9F292A.d.B9315B5F6C892A79F8A4A16B771F67C2.e.12590"}]}
COMMAND: POST /session/129c046a4c158aab34184c97257eb527/element - {"using":"xpath","value":"//td[@aria-colindex=\"1\"]/div/div[contains(@class, \"sapMCbBg\")]"}
COMMAND: GET /session/129c046a4c158aab34184c97257eb527/screenshot - {}
RESULT: {"using":"xpath","value":"//td[@aria-colindex=\"1\"]/div/div[contains(@class, \"sapMCbBg\")]"}
COMMAND: POST /session/129c046a4c158aab34184c97257eb527/element/f.8E45E670A1384E074590F00FAD9F292A.d.B9315B5F6C892A79F8A4A16B771F67C2.e.12583/click - {}
RESULT: {}
RESULT: {}
COMMAND: GET /session/129c046a4c158aab34184c97257eb527/screenshot - {}
RESULT: {}
COMMAND: POST /session/129c046a4c158aab34184c97257eb527/element - {"using":"xpath","value":"//bdi[contains(text(), \"Check\")]"}
RESULT: {"using":"xpath","value":"//bdi[contains(text(), \"Check\")]"}
COMMAND: POST /session/129c046a4c158aab34184c97257eb527/element/f.8E45E670A1384E074590F00FAD9F292A.d.B9315B5F6C892A79F8A4A16B771F67C2.e.12591/click - {}
RESULT: {}
COMMAND: GET /session/129c046a4c158aab34184c97257eb527/screenshot - {}
RESULT: {}
COMMAND: POST /session/129c046a4c158aab34184c97257eb527/element - {"using":"xpath","value":"//bdi[contains(text(), \"OK\")]"}
RESULT: {"using":"xpath","value":"//bdi[contains(text(), \"OK\")]"}
COMMAND: POST /session/129c046a4c158aab34184c97257eb527/element/f.8E45E670A1384E074590F00FAD9F292A.d.B9315B5F6C892A79F8A4A16B771F67C2.e.12594/click - {}
RESULT: {}
COMMAND: GET /session/129c046a4c158aab34184c97257eb527/screenshot - {}
RESULT: {}
COMMAND: POST /session/129c046a4c158aab34184c97257eb527/element - {"using":"xpath","value":"(//span[contains(text(), \"CO/SD checked\")]/parent::div/preceding-sibling::div/span)[1]"}
RESULT: {"using":"xpath","value":"(//span[contains(text(), \"CO/SD checked\")]/parent::div/preceding-sibling::div/span)[1]"}
COMMAND: POST /session/129c046a4c158aab34184c97257eb527/element/f.8E45E670A1384E074590F00FAD9F292A.d.B9315B5F6C892A79F8A4A16B771F67C2.e.12595/click - {}
RESULT: {}
COMMAND: GET /session/129c046a4c158aab34184c97257eb527/screenshot - {}
RESULT: {}
COMMAND: POST /session/129c046a4c158aab34184c97257eb527/element - {"using":"xpath","value":"//input[contains(@id ,\"application-billingtransfer-display-component---billingWorkbench--smartFilterBar-btnBasicSearch\")]"}
RESULT: {"using":"xpath","value":"//input[contains(@id ,\"application-billingtransfer-display-component---billingWorkbench--smartFilterBar-btnBasicSearch\")]"}
COMMAND: POST /session/129c046a4c158aab34184c97257eb527/elements - {"using":"xpath","value":"//input[contains(@id ,\"application-billingtransfer-display-component---billingWorkbench--smartFilterBar-btnBasicSearch\")]"}
RESULT: {"using":"xpath","value":"//input[contains(@id ,\"application-billingtransfer-display-component---billingWorkbench--smartFilterBar-btnBasicSearch\")]"}
COMMAND: POST /session/129c046a4c158aab34184c97257eb527/execute/sync - {"script":"<script> [8489 bytes]","args":[{"element-6066-11e4-a52e-4f735466cecf":"f.8E45E670A1384E074590F00FAD9F292A.d.B9315B5F6C892A79F8A4A16B771F67C2.e.12441","ELEMENT":"f.8E45E670A1384E074590F00FAD9F292A.d.B9315B5F6C892A79F8A4A16B771F67C2.e.12441"}]}
RESULT: {"script":"<script> [8489 bytes]","args":[{"element-6066-11e4-a52e-4f735466cecf":"f.8E45E670A1384E074590F00FAD9F292A.d.B9315B5F6C892A79F8A4A16B771F67C2.e.12441","ELEMENT":"f.8E45E670A1384E074590F00FAD9F292A.d.B9315B5F6C892A79F8A4A16B771F67C2.e.12441"}]}
COMMAND: GET /session/129c046a4c158aab34184c97257eb527/element/f.8E45E670A1384E074590F00FAD9F292A.d.B9315B5F6C892A79F8A4A16B771F67C2.e.12441/enabled - {}
COMMAND: GET /session/129c046a4c158aab34184c97257eb527/screenshot - {}
RESULT: {}
COMMAND: POST /session/129c046a4c158aab34184c97257eb527/element/f.8E45E670A1384E074590F00FAD9F292A.d.B9315B5F6C892A79F8A4A16B771F67C2.e.12441/click - {}
COMMAND: GET /session/129c046a4c158aab34184c97257eb527/screenshot - {}
RESULT: {}
RESULT: {}
COMMAND: GET /session/129c046a4c158aab34184c97257eb527/screenshot - {}
RESULT: {}
RESULT: {}
COMMAND: POST /session/129c046a4c158aab34184c97257eb527/element/f.8E45E670A1384E074590F00FAD9F292A.d.B9315B5F6C892A79F8A4A16B771F67C2.e.12441/clear - {}
RESULT: {}
COMMAND: POST /session/129c046a4c158aab34184c97257eb527/element/f.8E45E670A1384E074590F00FAD9F292A.d.B9315B5F6C892A79F8A4A16B771F67C2.e.12441/value - {"text":"10625"}
COMMAND: GET /session/129c046a4c158aab34184c97257eb527/screenshot - {}
RESULT: {"text":"10625"}
COMMAND: POST /session/129c046a4c158aab34184c97257eb527/actions - {"actions":[{"id":"action41","type":"key","parameters":{},"actions":[{"type":"keyDown","value":""},{"type":"pause","duration":10},{"type":"keyUp","value":""}]}]}
COMMAND: GET /session/129c046a4c158aab34184c97257eb527/screenshot - {}
RESULT: {}
RESULT: {"actions":[{"id":"action41","type":"key","parameters":{},"actions":[{"type":"keyDown","value":""},{"type":"pause","duration":10},{"type":"keyUp","value":""}]}]}
COMMAND: GET /session/129c046a4c158aab34184c97257eb527/screenshot - {}
RESULT: {}
RESULT: {}
COMMAND: POST /session/129c046a4c158aab34184c97257eb527/element - {"using":"xpath","value":"//span[contains(@id ,\"application-billingtransfer-display-component---billingWorkbench--smartTableBillingRuns-header-inner\")]"}
RESULT: {"using":"xpath","value":"//span[contains(@id ,\"application-billingtransfer-display-component---billingWorkbench--smartTableBillingRuns-header-inner\")]"}
COMMAND: POST /session/129c046a4c158aab34184c97257eb527/elements - {"using":"xpath","value":"//span[contains(@id ,\"application-billingtransfer-display-component---billingWorkbench--smartTableBillingRuns-header-inner\")]"}
RESULT: {"using":"xpath","value":"//span[contains(@id ,\"application-billingtransfer-display-component---billingWorkbench--smartTableBillingRuns-header-inner\")]"}
COMMAND: POST /session/129c046a4c158aab34184c97257eb527/execute/sync - {"script":"<script> [56 bytes]","args":[{"element-6066-11e4-a52e-4f735466cecf":"f.8E45E670A1384E074590F00FAD9F292A.d.B9315B5F6C892A79F8A4A16B771F67C2.e.12590","ELEMENT":"f.8E45E670A1384E074590F00FAD9F292A.d.B9315B5F6C892A79F8A4A16B771F67C2.e.12590"}]}
RESULT: {"script":"<script> [56 bytes]","args":[{"element-6066-11e4-a52e-4f735466cecf":"f.8E45E670A1384E074590F00FAD9F292A.d.B9315B5F6C892A79F8A4A16B771F67C2.e.12590","ELEMENT":"f.8E45E670A1384E074590F00FAD9F292A.d.B9315B5F6C892A79F8A4A16B771F67C2.e.12590"}]}
COMMAND: POST /session/129c046a4c158aab34184c97257eb527/element - {"using":"xpath","value":"//td[@aria-colindex=\"1\"]/div/div[contains(@class, \"sapMCbBg\")]"}
COMMAND: GET /session/129c046a4c158aab34184c97257eb527/screenshot - {}
RESULT: {"using":"xpath","value":"//td[@aria-colindex=\"1\"]/div/div[contains(@class, \"sapMCbBg\")]"}
COMMAND: POST /session/129c046a4c158aab34184c97257eb527/element/f.8E45E670A1384E074590F00FAD9F292A.d.B9315B5F6C892A79F8A4A16B771F67C2.e.12600/click - {}
RESULT: {}
RESULT: {}
COMMAND: GET /session/129c046a4c158aab34184c97257eb527/screenshot - {}
RESULT: {}
COMMAND: POST /session/129c046a4c158aab34184c97257eb527/element - {"using":"xpath","value":"//bdi[text()=\"Transfer\"]"}
RESULT: {"using":"xpath","value":"//bdi[text()=\"Transfer\"]"}
COMMAND: POST /session/129c046a4c158aab34184c97257eb527/element/f.8E45E670A1384E074590F00FAD9F292A.d.B9315B5F6C892A79F8A4A16B771F67C2.e.12601/click - {}
RESULT: {}
COMMAND: GET /session/129c046a4c158aab34184c97257eb527/screenshot - {}
RESULT: {}
COMMAND: POST /session/129c046a4c158aab34184c97257eb527/element - {"using":"xpath","value":"//bdi[contains(text(), \"OK\")]"}
RESULT: {"using":"xpath","value":"//bdi[contains(text(), \"OK\")]"}
COMMAND: POST /session/129c046a4c158aab34184c97257eb527/element/f.8E45E670A1384E074590F00FAD9F292A.d.B9315B5F6C892A79F8A4A16B771F67C2.e.12604/click - {}
RESULT: {}
COMMAND: GET /session/129c046a4c158aab34184c97257eb527/screenshot - {}
COMMAND: POST /session/129c046a4c158aab34184c97257eb527/element - {"using":"xpath","value":"(//span[contains(text(), \"Completed\")]/parent::div/preceding-sibling::div/span)[1]"}
RESULT: {}
RESULT: {"using":"xpath","value":"(//span[contains(text(), \"Completed\")]/parent::div/preceding-sibling::div/span)[1]"}
COMMAND: POST /session/129c046a4c158aab34184c97257eb527/element/f.8E45E670A1384E074590F00FAD9F292A.d.B9315B5F6C892A79F8A4A16B771F67C2.e.12618/click - {}
RESULT: {}
COMMAND: POST /session/129c046a4c158aab34184c97257eb527/element - {"using":"xpath","value":"//input[contains(@id ,\"application-billingtransfer-display-component---billingWorkbench--smartFilterBar-btnBasicSearch\")]"}
RESULT: {"using":"xpath","value":"//input[contains(@id ,\"application-billingtransfer-display-component---billingWorkbench--smartFilterBar-btnBasicSearch\")]"}
COMMAND: POST /session/129c046a4c158aab34184c97257eb527/elements - {"using":"xpath","value":"//input[contains(@id ,\"application-billingtransfer-display-component---billingWorkbench--smartFilterBar-btnBasicSearch\")]"}
RESULT: {"using":"xpath","value":"//input[contains(@id ,\"application-billingtransfer-display-component---billingWorkbench--smartFilterBar-btnBasicSearch\")]"}
COMMAND: POST /session/129c046a4c158aab34184c97257eb527/execute/sync - {"script":"<script> [8489 bytes]","args":[{"element-6066-11e4-a52e-4f735466cecf":"f.8E45E670A1384E074590F00FAD9F292A.d.B9315B5F6C892A79F8A4A16B771F67C2.e.12441","ELEMENT":"f.8E45E670A1384E074590F00FAD9F292A.d.B9315B5F6C892A79F8A4A16B771F67C2.e.12441"}]}
RESULT: {"script":"<script> [8489 bytes]","args":[{"element-6066-11e4-a52e-4f735466cecf":"f.8E45E670A1384E074590F00FAD9F292A.d.B9315B5F6C892A79F8A4A16B771F67C2.e.12441","ELEMENT":"f.8E45E670A1384E074590F00FAD9F292A.d.B9315B5F6C892A79F8A4A16B771F67C2.e.12441"}]}
COMMAND: GET /session/129c046a4c158aab34184c97257eb527/element/f.8E45E670A1384E074590F00FAD9F292A.d.B9315B5F6C892A79F8A4A16B771F67C2.e.12441/enabled - {}
RESULT: {}
COMMAND: POST /session/129c046a4c158aab34184c97257eb527/element/f.8E45E670A1384E074590F00FAD9F292A.d.B9315B5F6C892A79F8A4A16B771F67C2.e.12441/click - {}
COMMAND: GET /session/129c046a4c158aab34184c97257eb527/screenshot - {}
COMMAND: GET /session/129c046a4c158aab34184c97257eb527/screenshot - {}
COMMAND: GET /session/129c046a4c158aab34184c97257eb527/screenshot - {}
RESULT: {}
COMMAND: GET /session/129c046a4c158aab34184c97257eb527/screenshot - {}
RESULT: {}
RESULT: {}
RESULT: {}
RESULT: {}
COMMAND: POST /session/129c046a4c158aab34184c97257eb527/element/f.8E45E670A1384E074590F00FAD9F292A.d.B9315B5F6C892A79F8A4A16B771F67C2.e.12441/clear - {}
RESULT: {}
COMMAND: POST /session/129c046a4c158aab34184c97257eb527/element/f.8E45E670A1384E074590F00FAD9F292A.d.B9315B5F6C892A79F8A4A16B771F67C2.e.12441/value - {"text":"10625"}
COMMAND: GET /session/129c046a4c158aab34184c97257eb527/screenshot - {}
RESULT: {"text":"10625"}
COMMAND: POST /session/129c046a4c158aab34184c97257eb527/actions - {"actions":[{"id":"action42","type":"key","parameters":{},"actions":[{"type":"keyDown","value":""},{"type":"pause","duration":10},{"type":"keyUp","value":""}]}]}
COMMAND: GET /session/129c046a4c158aab34184c97257eb527/screenshot - {}
RESULT: {}
RESULT: {"actions":[{"id":"action42","type":"key","parameters":{},"actions":[{"type":"keyDown","value":""},{"type":"pause","duration":10},{"type":"keyUp","value":""}]}]}
COMMAND: GET /session/129c046a4c158aab34184c97257eb527/screenshot - {}
RESULT: {}
RESULT: {}
COMMAND: POST /session/129c046a4c158aab34184c97257eb527/element - {"using":"xpath","value":"//span[contains(@id ,\"application-billingtransfer-display-component---billingWorkbench--smartTableBillingRuns-header-inner\")]"}
RESULT: {"using":"xpath","value":"//span[contains(@id ,\"application-billingtransfer-display-component---billingWorkbench--smartTableBillingRuns-header-inner\")]"}
COMMAND: POST /session/129c046a4c158aab34184c97257eb527/elements - {"using":"xpath","value":"//span[contains(@id ,\"application-billingtransfer-display-component---billingWorkbench--smartTableBillingRuns-header-inner\")]"}
RESULT: {"using":"xpath","value":"//span[contains(@id ,\"application-billingtransfer-display-component---billingWorkbench--smartTableBillingRuns-header-inner\")]"}
COMMAND: POST /session/129c046a4c158aab34184c97257eb527/execute/sync - {"script":"<script> [56 bytes]","args":[{"element-6066-11e4-a52e-4f735466cecf":"f.8E45E670A1384E074590F00FAD9F292A.d.B9315B5F6C892A79F8A4A16B771F67C2.e.12590","ELEMENT":"f.8E45E670A1384E074590F00FAD9F292A.d.B9315B5F6C892A79F8A4A16B771F67C2.e.12590"}]}
RESULT: {"script":"<script> [56 bytes]","args":[{"element-6066-11e4-a52e-4f735466cecf":"f.8E45E670A1384E074590F00FAD9F292A.d.B9315B5F6C892A79F8A4A16B771F67C2.e.12590","ELEMENT":"f.8E45E670A1384E074590F00FAD9F292A.d.B9315B5F6C892A79F8A4A16B771F67C2.e.12590"}]}
COMMAND: POST /session/129c046a4c158aab34184c97257eb527/element - {"using":"css selector","value":"#shell-header-logo"}
COMMAND: GET /session/129c046a4c158aab34184c97257eb527/screenshot - {}
RESULT: {"using":"css selector","value":"#shell-header-logo"}
COMMAND: POST /session/129c046a4c158aab34184c97257eb527/element/f.8E45E670A1384E074590F00FAD9F292A.d.B9315B5F6C892A79F8A4A16B771F67C2.e.12439/click - {}
RESULT: {}
RESULT: {}
COMMAND: GET /session/129c046a4c158aab34184c97257eb527/screenshot - {}
RESULT: {}
COMMAND: POST /session/129c046a4c158aab34184c97257eb527/element - {"using":"css selector","value":"#j_username"}
COMMAND: POST /session/129c046a4c158aab34184c97257eb527/url - {"url":"https://qa-testing-00-live-etm-ui.cfapps.eu10-004.hana.ondemand.com/"}
RESULT: {"using":"css selector","value":"#j_username"}
COMMAND: POST /session/129c046a4c158aab34184c97257eb527/element - {"using":"css selector","value":"#j_username"}
RESULT: {"url":"https://qa-testing-00-live-etm-ui.cfapps.eu10-004.hana.ondemand.com/"}
RESULT: undefined
COMMAND: GET /session/129c046a4c158aab34184c97257eb527/screenshot - {}
RESULT: {"using":"css selector","value":"#j_username"}
COMMAND: POST /session/129c046a4c158aab34184c97257eb527/element - {"using":"css selector","value":"#shell-header-logo"}
RESULT: {}
RESULT: {"using":"css selector","value":"#shell-header-logo"}
COMMAND: POST /session/129c046a4c158aab34184c97257eb527/execute/sync - {"script":"<script> [8489 bytes]","args":[{"element-6066-11e4-a52e-4f735466cecf":"f.8E45E670A1384E074590F00FAD9F292A.d.BDE17BB15E2364148CA00B5BB47EE301.e.12630","ELEMENT":"f.8E45E670A1384E074590F00FAD9F292A.d.BDE17BB15E2364148CA00B5BB47EE301.e.12630"}]}
RESULT: {"script":"<script> [8489 bytes]","args":[{"element-6066-11e4-a52e-4f735466cecf":"f.8E45E670A1384E074590F00FAD9F292A.d.BDE17BB15E2364148CA00B5BB47EE301.e.12630","ELEMENT":"f.8E45E670A1384E074590F00FAD9F292A.d.BDE17BB15E2364148CA00B5BB47EE301.e.12630"}]}
COMMAND: POST /session/129c046a4c158aab34184c97257eb527/element - {"using":"css selector","value":"#shell-header-logo"}
COMMAND: GET /session/129c046a4c158aab34184c97257eb527/screenshot - {}
RESULT: {"using":"css selector","value":"#shell-header-logo"}
COMMAND: POST /session/129c046a4c158aab34184c97257eb527/execute/sync - {"script":"<script> [8489 bytes]","args":[{"element-6066-11e4-a52e-4f735466cecf":"f.8E45E670A1384E074590F00FAD9F292A.d.BDE17BB15E2364148CA00B5BB47EE301.e.12630","ELEMENT":"f.8E45E670A1384E074590F00FAD9F292A.d.BDE17BB15E2364148CA00B5BB47EE301.e.12630"}]}
RESULT: {}
RESULT: {"script":"<script> [8489 bytes]","args":[{"element-6066-11e4-a52e-4f735466cecf":"f.8E45E670A1384E074590F00FAD9F292A.d.BDE17BB15E2364148CA00B5BB47EE301.e.12630","ELEMENT":"f.8E45E670A1384E074590F00FAD9F292A.d.BDE17BB15E2364148CA00B5BB47EE301.e.12630"}]}
COMMAND: POST /session/129c046a4c158aab34184c97257eb527/execute/sync - {"script":"<script> [5351 bytes]","args":[{"element-6066-11e4-a52e-4f735466cecf":"f.8E45E670A1384E074590F00FAD9F292A.d.BDE17BB15E2364148CA00B5BB47EE301.e.12630","ELEMENT":"f.8E45E670A1384E074590F00FAD9F292A.d.BDE17BB15E2364148CA00B5BB47EE301.e.12630"}]}
COMMAND: GET /session/129c046a4c158aab34184c97257eb527/screenshot - {}
RESULT: {"script":"<script> [5351 bytes]","args":[{"element-6066-11e4-a52e-4f735466cecf":"f.8E45E670A1384E074590F00FAD9F292A.d.BDE17BB15E2364148CA00B5BB47EE301.e.12630","ELEMENT":"f.8E45E670A1384E074590F00FAD9F292A.d.BDE17BB15E2364148CA00B5BB47EE301.e.12630"}]}
COMMAND: POST /session/129c046a4c158aab34184c97257eb527/element - {"using":"css selector","value":"#shell-header-logo"}
COMMAND: GET /session/129c046a4c158aab34184c97257eb527/screenshot - {}
RESULT: {}
RESULT: {"using":"css selector","value":"#shell-header-logo"}
COMMAND: POST /session/129c046a4c158aab34184c97257eb527/element/f.8E45E670A1384E074590F00FAD9F292A.d.BDE17BB15E2364148CA00B5BB47EE301.e.12630/click - {}
RESULT: {}
RESULT: {}
COMMAND: GET /session/129c046a4c158aab34184c97257eb527/screenshot - {}
RESULT: {}
COMMAND: POST /session/129c046a4c158aab34184c97257eb527/execute/async - {"script":"<script> [189 bytes]","args":[]}
RESULT: {"script":"<script> [189 bytes]","args":[]}
COMMAND: POST /session/129c046a4c158aab34184c97257eb527/execute/async - {"script":"<script> [123 bytes]","args":[]}
RESULT: {"script":"<script> [123 bytes]","args":[]}
COMMAND: POST /session/129c046a4c158aab34184c97257eb527/timeouts - {"script":"<number>"}
RESULT: {"script":"<number>"}
COMMAND: GET /session/129c046a4c158aab34184c97257eb527/timeouts - {}
RESULT: {}
RESULT: undefined
COMMAND: POST /session/129c046a4c158aab34184c97257eb527/execute/async - {"script":"<script> [2676 bytes]","args":[]}
RESULT: {"script":"<script> [2676 bytes]","args":[]}
COMMAND: POST /session/129c046a4c158aab34184c97257eb527/execute/async - {"script":"<script> [2342 bytes]","args":[{"protocol":"http","hostname":"0.0.0.0","path":"/","capabilities":{"browserName":"chrome","goog:chromeOptions":{"binary":"C:\\Program Files\\Google\\Chrome\\Application\\chrome.exe","args":["--start-maximized"]}},"logLevel":"warn","connectionRetryTimeout":120000,"connectionRetryCount":3,"logLevels":{},"enableDirectConnect":true,"strictSSL":true,"_":"65 more keys: [\"cacheDir\",\"port\",\"requestedCapabilities\",\"automationProtocol\",\"baseUrl\",\"waitforInterval\",\"waitforTimeout\",\"onReload\",\"beforeCommand\",\"afterCommand\",\"rootDir\",\"specs\",\"suites\",\"exclude\",\"groupLogsByTestSpec\",\"excludeDriverLogs\",\"bail\",\"framework\",\"reporters\",\"services\",\"maxInstances\",\"maxInstancesPerCapability\",\"injectGlobals\",\"filesToWatch\",\"execArgv\",\"runnerEnv\",\"runner\",\"shard\",\"specFileRetries\",\"specFileRetriesDelay\",\"specFileRetriesDeferred\",\"reporterSyncInterval\",\"reporterSyncTimeout\",\"cucumberFeaturesWithLineNumbers\",\"autoCompileOpts\",\"mochaOpts\",\"jasmineOpts\",\"cucumberOpts\",\"onPrepare\",\"onWorkerStart\",\"onWorkerEnd\",\"before\",\"beforeSession\",\"beforeSuite\",\"beforeHook\",\"beforeTest\",\"afterTest\",\"afterHook\",\"afterSuite\",\"afterSession\",\"after\",\"onComplete\",\"beforeAssertion\",\"afterAssertion\",\"beforeFeature\",\"beforeScenario\",\"beforeStep\",\"afterStep\",\"afterScenario\",\"afterFeature\",\"_\",\"suite\",\"$0\",\"ignoredWorkerServices\",\"wdi5\"]"}]}
RESULT: {"script":"<script> [2342 bytes]","args":[{"protocol":"http","hostname":"0.0.0.0","path":"/","capabilities":{"browserName":"chrome","goog:chromeOptions":{"binary":"C:\\Program Files\\Google\\Chrome\\Application\\chrome.exe","args":["--start-maximized"]}},"logLevel":"warn","connectionRetryTimeout":120000,"connectionRetryCount":3,"logLevels":{},"enableDirectConnect":true,"strictSSL":true,"_":"65 more keys: [\"cacheDir\",\"port\",\"requestedCapabilities\",\"automationProtocol\",\"baseUrl\",\"waitforInterval\",\"waitforTimeout\",\"onReload\",\"beforeCommand\",\"afterCommand\",\"rootDir\",\"specs\",\"suites\",\"exclude\",\"groupLogsByTestSpec\",\"excludeDriverLogs\",\"bail\",\"framework\",\"reporters\",\"services\",\"maxInstances\",\"maxInstancesPerCapability\",\"injectGlobals\",\"filesToWatch\",\"execArgv\",\"runnerEnv\",\"runner\",\"shard\",\"specFileRetries\",\"specFileRetriesDelay\",\"specFileRetriesDeferred\",\"reporterSyncInterval\",\"reporterSyncTimeout\",\"cucumberFeaturesWithLineNumbers\",\"autoCompileOpts\",\"mochaOpts\",\"jasmineOpts\",\"cucumberOpts\",\"onPrepare\",\"onWorkerStart\",\"onWorkerEnd\",\"before\",\"beforeSession\",\"beforeSuite\",\"beforeHook\",\"beforeTest\",\"afterTest\",\"afterHook\",\"afterSuite\",\"afterSession\",\"after\",\"onComplete\",\"beforeAssertion\",\"afterAssertion\",\"beforeFeature\",\"beforeScenario\",\"beforeStep\",\"afterStep\",\"afterScenario\",\"afterFeature\",\"_\",\"suite\",\"$0\",\"ignoredWorkerServices\",\"wdi5\"]"}]}
COMMAND: POST /session/129c046a4c158aab34184c97257eb527/execute/async - {"script":"<script> [21126 bytes]","args":[35000]}
RESULT: {"script":"<script> [21126 bytes]","args":[35000]}
COMMAND: POST /session/129c046a4c158aab34184c97257eb527/window/maximize - {}
RESULT: {}
COMMAND: POST /session/129c046a4c158aab34184c97257eb527/execute/async - {"script":"<script> [1562 bytes]","args":[{"selector":{"id":"shell-header","interaction":{"idSuffix":"icon"}},"wdio_ui5_key":"shellheader"}]}
COMMAND: GET /session/129c046a4c158aab34184c97257eb527/screenshot - {}
RESULT: {"script":"<script> [1562 bytes]","args":[{"selector":{"id":"shell-header","interaction":{"idSuffix":"icon"}},"wdio_ui5_key":"shellheader"}]}
RESULT: undefined
COMMAND: POST /session/129c046a4c158aab34184c97257eb527/refresh - {}
RESULT: {}
RESULT: {}
COMMAND: GET /session/129c046a4c158aab34184c97257eb527/screenshot - {}
RESULT: {}
COMMAND: POST /session/129c046a4c158aab34184c97257eb527/refresh - {}
RESULT: {}
COMMAND: GET /session/129c046a4c158aab34184c97257eb527/screenshot - {}
RESULT: {}
COMMAND: POST /session/129c046a4c158aab34184c97257eb527/window/fullscreen - {}
RESULT: {}
COMMAND: POST /session/129c046a4c158aab34184c97257eb527/execute/async - {"script":"<script> [189 bytes]","args":[]}
RESULT: {"script":"<script> [189 bytes]","args":[]}
COMMAND: POST /session/129c046a4c158aab34184c97257eb527/execute/async - {"script":"<script> [123 bytes]","args":[]}
RESULT: {"script":"<script> [123 bytes]","args":[]}
COMMAND: POST /session/129c046a4c158aab34184c97257eb527/timeouts - {"script":"<number>"}
RESULT: {"script":"<number>"}
COMMAND: GET /session/129c046a4c158aab34184c97257eb527/timeouts - {}
RESULT: {}
RESULT: undefined
COMMAND: POST /session/129c046a4c158aab34184c97257eb527/execute/async - {"script":"<script> [2676 bytes]","args":[]}
RESULT: {"script":"<script> [2676 bytes]","args":[]}
COMMAND: POST /session/129c046a4c158aab34184c97257eb527/execute/async - {"script":"<script> [2342 bytes]","args":[{"protocol":"http","hostname":"0.0.0.0","path":"/","capabilities":{"browserName":"chrome","goog:chromeOptions":{"binary":"C:\\Program Files\\Google\\Chrome\\Application\\chrome.exe","args":["--start-maximized"]}},"logLevel":"warn","connectionRetryTimeout":120000,"connectionRetryCount":3,"logLevels":{},"enableDirectConnect":true,"strictSSL":true,"_":"65 more keys: [\"cacheDir\",\"port\",\"requestedCapabilities\",\"automationProtocol\",\"baseUrl\",\"waitforInterval\",\"waitforTimeout\",\"onReload\",\"beforeCommand\",\"afterCommand\",\"rootDir\",\"specs\",\"suites\",\"exclude\",\"groupLogsByTestSpec\",\"excludeDriverLogs\",\"bail\",\"framework\",\"reporters\",\"services\",\"maxInstances\",\"maxInstancesPerCapability\",\"injectGlobals\",\"filesToWatch\",\"execArgv\",\"runnerEnv\",\"runner\",\"shard\",\"specFileRetries\",\"specFileRetriesDelay\",\"specFileRetriesDeferred\",\"reporterSyncInterval\",\"reporterSyncTimeout\",\"cucumberFeaturesWithLineNumbers\",\"autoCompileOpts\",\"mochaOpts\",\"jasmineOpts\",\"cucumberOpts\",\"onPrepare\",\"onWorkerStart\",\"onWorkerEnd\",\"before\",\"beforeSession\",\"beforeSuite\",\"beforeHook\",\"beforeTest\",\"afterTest\",\"afterHook\",\"afterSuite\",\"afterSession\",\"after\",\"onComplete\",\"beforeAssertion\",\"afterAssertion\",\"beforeFeature\",\"beforeScenario\",\"beforeStep\",\"afterStep\",\"afterScenario\",\"afterFeature\",\"_\",\"suite\",\"$0\",\"ignoredWorkerServices\",\"wdi5\"]"}]}
RESULT: {"script":"<script> [2342 bytes]","args":[{"protocol":"http","hostname":"0.0.0.0","path":"/","capabilities":{"browserName":"chrome","goog:chromeOptions":{"binary":"C:\\Program Files\\Google\\Chrome\\Application\\chrome.exe","args":["--start-maximized"]}},"logLevel":"warn","connectionRetryTimeout":120000,"connectionRetryCount":3,"logLevels":{},"enableDirectConnect":true,"strictSSL":true,"_":"65 more keys: [\"cacheDir\",\"port\",\"requestedCapabilities\",\"automationProtocol\",\"baseUrl\",\"waitforInterval\",\"waitforTimeout\",\"onReload\",\"beforeCommand\",\"afterCommand\",\"rootDir\",\"specs\",\"suites\",\"exclude\",\"groupLogsByTestSpec\",\"excludeDriverLogs\",\"bail\",\"framework\",\"reporters\",\"services\",\"maxInstances\",\"maxInstancesPerCapability\",\"injectGlobals\",\"filesToWatch\",\"execArgv\",\"runnerEnv\",\"runner\",\"shard\",\"specFileRetries\",\"specFileRetriesDelay\",\"specFileRetriesDeferred\",\"reporterSyncInterval\",\"reporterSyncTimeout\",\"cucumberFeaturesWithLineNumbers\",\"autoCompileOpts\",\"mochaOpts\",\"jasmineOpts\",\"cucumberOpts\",\"onPrepare\",\"onWorkerStart\",\"onWorkerEnd\",\"before\",\"beforeSession\",\"beforeSuite\",\"beforeHook\",\"beforeTest\",\"afterTest\",\"afterHook\",\"afterSuite\",\"afterSession\",\"after\",\"onComplete\",\"beforeAssertion\",\"afterAssertion\",\"beforeFeature\",\"beforeScenario\",\"beforeStep\",\"afterStep\",\"afterScenario\",\"afterFeature\",\"_\",\"suite\",\"$0\",\"ignoredWorkerServices\",\"wdi5\"]"}]}
COMMAND: POST /session/129c046a4c158aab34184c97257eb527/execute/async - {"script":"<script> [21126 bytes]","args":[35000]}
RESULT: {"script":"<script> [21126 bytes]","args":[35000]}
]]></system-out>
    </testcase>
  </testsuite>
  <testsuite timestamp="2025-04-23T17:58:17" time="686.865" tests="12" failures="0" errors="0" skipped="0">
    <properties>
      <property name="specId" value="0"/>
      <property name="suiteName" value="Billing transfer US117289"/>
      <property name="capabilities" value="chrome.135_0_7049_96.windows"/>
      <property name="file" value="file:///D:/a/1/s/test/specs/BTS/billing-transfer.spec.js"/>
    </properties>
    <testcase classname="chrome.135_0_7049_96.windows.Billing_transfer_US117289" name="Should create a new yard" time="0.026">
      <system-out><![CDATA[
COMMAND: POST /session/129c046a4c158aab34184c97257eb527/window/fullscreen - {}
RESULT: {}
]]></system-out>
    </testcase>
    <testcase classname="chrome.135_0_7049_96.windows.Billing_transfer_US117289" name="Should create a new partner" time="0.004"/>
    <testcase classname="chrome.135_0_7049_96.windows.Billing_transfer_US117289" name="Should create a new site" time="0.004"/>
    <testcase classname="chrome.135_0_7049_96.windows.Billing_transfer_US117289" name="Should create a new equipment" time="119.55">
      <system-out><![CDATA[
COMMAND: POST /session/129c046a4c158aab34184c97257eb527/execute/async - {"script":"<script> [1562 bytes]","args":[{"selector":{"controlType":"sap.m.GenericTile","properties":{"header":"Manage Resources"}},"wdio_ui5_key":"sapm.GenericTile{\"header\":\"Manage Resources\"}"}]}
RESULT: {"script":"<script> [1562 bytes]","args":[{"selector":{"controlType":"sap.m.GenericTile","properties":{"header":"Manage Resources"}},"wdio_ui5_key":"sapm.GenericTile{\"header\":\"Manage Resources\"}"}]}
RESULT: undefined
COMMAND: POST /session/129c046a4c158aab34184c97257eb527/element - {"using":"xpath","value":"//*[@id=\"__tile39\"]"}
RESULT: {"using":"xpath","value":"//*[@id=\"__tile39\"]"}
COMMAND: POST /session/129c046a4c158aab34184c97257eb527/element/f.8E45E670A1384E074590F00FAD9F292A.d.6CFB500DD596EDA3845E936C7C40CE59.e.12795/click - {}
RESULT: {}
COMMAND: POST /session/129c046a4c158aab34184c97257eb527/element - {"using":"xpath","value":"//button[@data-kt=\"addNewRUOverflowToolbarButton\"]"}
COMMAND: GET /session/129c046a4c158aab34184c97257eb527/screenshot - {}
RESULT: {"using":"xpath","value":"//button[@data-kt=\"addNewRUOverflowToolbarButton\"]"}
COMMAND: POST /session/129c046a4c158aab34184c97257eb527/elements - {"using":"xpath","value":"//button[@data-kt=\"addNewRUOverflowToolbarButton\"]"}
RESULT: {}
RESULT: {"using":"xpath","value":"//button[@data-kt=\"addNewRUOverflowToolbarButton\"]"}
COMMAND: POST /session/129c046a4c158aab34184c97257eb527/elements - {"using":"xpath","value":"//button[@data-kt=\"addNewRUOverflowToolbarButton\"]"}
RESULT: {"using":"xpath","value":"//button[@data-kt=\"addNewRUOverflowToolbarButton\"]"}
COMMAND: POST /session/129c046a4c158aab34184c97257eb527/elements - {"using":"xpath","value":"//button[@data-kt=\"addNewRUOverflowToolbarButton\"]"}
RESULT: {"using":"xpath","value":"//button[@data-kt=\"addNewRUOverflowToolbarButton\"]"}
COMMAND: POST /session/129c046a4c158aab34184c97257eb527/elements - {"using":"xpath","value":"//button[@data-kt=\"addNewRUOverflowToolbarButton\"]"}
RESULT: {"using":"xpath","value":"//button[@data-kt=\"addNewRUOverflowToolbarButton\"]"}
RESULT: undefined
COMMAND: POST /session/129c046a4c158aab34184c97257eb527/elements - {"using":"xpath","value":"//button[@data-kt=\"addNewRUOverflowToolbarButton\"]"}
RESULT: {"using":"xpath","value":"//button[@data-kt=\"addNewRUOverflowToolbarButton\"]"}
COMMAND: POST /session/129c046a4c158aab34184c97257eb527/elements - {"using":"xpath","value":"//button[@data-kt=\"addNewRUOverflowToolbarButton\"]"}
RESULT: {"using":"xpath","value":"//button[@data-kt=\"addNewRUOverflowToolbarButton\"]"}
COMMAND: POST /session/129c046a4c158aab34184c97257eb527/elements - {"using":"xpath","value":"//button[@data-kt=\"addNewRUOverflowToolbarButton\"]"}
RESULT: {"using":"xpath","value":"//button[@data-kt=\"addNewRUOverflowToolbarButton\"]"}
COMMAND: POST /session/129c046a4c158aab34184c97257eb527/elements - {"using":"xpath","value":"//button[@data-kt=\"addNewRUOverflowToolbarButton\"]"}
RESULT: {"using":"xpath","value":"//button[@data-kt=\"addNewRUOverflowToolbarButton\"]"}
COMMAND: POST /session/129c046a4c158aab34184c97257eb527/elements - {"using":"xpath","value":"//button[@data-kt=\"addNewRUOverflowToolbarButton\"]"}
RESULT: {"using":"xpath","value":"//button[@data-kt=\"addNewRUOverflowToolbarButton\"]"}
COMMAND: POST /session/129c046a4c158aab34184c97257eb527/elements - {"using":"xpath","value":"//button[@data-kt=\"addNewRUOverflowToolbarButton\"]"}
RESULT: {"using":"xpath","value":"//button[@data-kt=\"addNewRUOverflowToolbarButton\"]"}
COMMAND: POST /session/129c046a4c158aab34184c97257eb527/elements - {"using":"xpath","value":"//button[@data-kt=\"addNewRUOverflowToolbarButton\"]"}
RESULT: {"using":"xpath","value":"//button[@data-kt=\"addNewRUOverflowToolbarButton\"]"}
COMMAND: POST /session/129c046a4c158aab34184c97257eb527/elements - {"using":"xpath","value":"//button[@data-kt=\"addNewRUOverflowToolbarButton\"]"}
RESULT: {"using":"xpath","value":"//button[@data-kt=\"addNewRUOverflowToolbarButton\"]"}
COMMAND: POST /session/129c046a4c158aab34184c97257eb527/elements - {"using":"xpath","value":"//button[@data-kt=\"addNewRUOverflowToolbarButton\"]"}
RESULT: {"using":"xpath","value":"//button[@data-kt=\"addNewRUOverflowToolbarButton\"]"}
COMMAND: POST /session/129c046a4c158aab34184c97257eb527/elements - {"using":"xpath","value":"//button[@data-kt=\"addNewRUOverflowToolbarButton\"]"}
RESULT: {"using":"xpath","value":"//button[@data-kt=\"addNewRUOverflowToolbarButton\"]"}
COMMAND: POST /session/129c046a4c158aab34184c97257eb527/elements - {"using":"xpath","value":"//button[@data-kt=\"addNewRUOverflowToolbarButton\"]"}
RESULT: {"using":"xpath","value":"//button[@data-kt=\"addNewRUOverflowToolbarButton\"]"}
COMMAND: POST /session/129c046a4c158aab34184c97257eb527/elements - {"using":"xpath","value":"//button[@data-kt=\"addNewRUOverflowToolbarButton\"]"}
RESULT: {"using":"xpath","value":"//button[@data-kt=\"addNewRUOverflowToolbarButton\"]"}
COMMAND: POST /session/129c046a4c158aab34184c97257eb527/elements - {"using":"xpath","value":"//button[@data-kt=\"addNewRUOverflowToolbarButton\"]"}
RESULT: {"using":"xpath","value":"//button[@data-kt=\"addNewRUOverflowToolbarButton\"]"}
COMMAND: POST /session/129c046a4c158aab34184c97257eb527/elements - {"using":"xpath","value":"//button[@data-kt=\"addNewRUOverflowToolbarButton\"]"}
RESULT: {"using":"xpath","value":"//button[@data-kt=\"addNewRUOverflowToolbarButton\"]"}
COMMAND: POST /session/129c046a4c158aab34184c97257eb527/elements - {"using":"xpath","value":"//button[@data-kt=\"addNewRUOverflowToolbarButton\"]"}
RESULT: {"using":"xpath","value":"//button[@data-kt=\"addNewRUOverflowToolbarButton\"]"}
COMMAND: POST /session/129c046a4c158aab34184c97257eb527/elements - {"using":"xpath","value":"//button[@data-kt=\"addNewRUOverflowToolbarButton\"]"}
RESULT: {"using":"xpath","value":"//button[@data-kt=\"addNewRUOverflowToolbarButton\"]"}
COMMAND: POST /session/129c046a4c158aab34184c97257eb527/elements - {"using":"xpath","value":"//button[@data-kt=\"addNewRUOverflowToolbarButton\"]"}
RESULT: {"using":"xpath","value":"//button[@data-kt=\"addNewRUOverflowToolbarButton\"]"}
COMMAND: POST /session/129c046a4c158aab34184c97257eb527/elements - {"using":"xpath","value":"//button[@data-kt=\"addNewRUOverflowToolbarButton\"]"}
RESULT: {"using":"xpath","value":"//button[@data-kt=\"addNewRUOverflowToolbarButton\"]"}
COMMAND: POST /session/129c046a4c158aab34184c97257eb527/elements - {"using":"xpath","value":"//button[@data-kt=\"addNewRUOverflowToolbarButton\"]"}
RESULT: {"using":"xpath","value":"//button[@data-kt=\"addNewRUOverflowToolbarButton\"]"}
COMMAND: POST /session/129c046a4c158aab34184c97257eb527/elements - {"using":"xpath","value":"//button[@data-kt=\"addNewRUOverflowToolbarButton\"]"}
RESULT: {"using":"xpath","value":"//button[@data-kt=\"addNewRUOverflowToolbarButton\"]"}
COMMAND: POST /session/129c046a4c158aab34184c97257eb527/elements - {"using":"xpath","value":"//button[@data-kt=\"addNewRUOverflowToolbarButton\"]"}
RESULT: {"using":"xpath","value":"//button[@data-kt=\"addNewRUOverflowToolbarButton\"]"}
COMMAND: POST /session/129c046a4c158aab34184c97257eb527/elements - {"using":"xpath","value":"//button[@data-kt=\"addNewRUOverflowToolbarButton\"]"}
RESULT: {"using":"xpath","value":"//button[@data-kt=\"addNewRUOverflowToolbarButton\"]"}
COMMAND: POST /session/129c046a4c158aab34184c97257eb527/elements - {"using":"xpath","value":"//button[@data-kt=\"addNewRUOverflowToolbarButton\"]"}
RESULT: {"using":"xpath","value":"//button[@data-kt=\"addNewRUOverflowToolbarButton\"]"}
COMMAND: POST /session/129c046a4c158aab34184c97257eb527/element - {"using":"xpath","value":"//button[@data-kt=\"addNewRUOverflowToolbarButton\"]"}
RESULT: {"using":"xpath","value":"//button[@data-kt=\"addNewRUOverflowToolbarButton\"]"}
COMMAND: POST /session/129c046a4c158aab34184c97257eb527/execute/sync - {"script":"<script> [8489 bytes]","args":[{"element-6066-11e4-a52e-4f735466cecf":"f.8E45E670A1384E074590F00FAD9F292A.d.6CFB500DD596EDA3845E936C7C40CE59.e.12924","ELEMENT":"f.8E45E670A1384E074590F00FAD9F292A.d.6CFB500DD596EDA3845E936C7C40CE59.e.12924"}]}
RESULT: {"script":"<script> [8489 bytes]","args":[{"element-6066-11e4-a52e-4f735466cecf":"f.8E45E670A1384E074590F00FAD9F292A.d.6CFB500DD596EDA3845E936C7C40CE59.e.12924","ELEMENT":"f.8E45E670A1384E074590F00FAD9F292A.d.6CFB500DD596EDA3845E936C7C40CE59.e.12924"}]}
COMMAND: GET /session/129c046a4c158aab34184c97257eb527/element/f.8E45E670A1384E074590F00FAD9F292A.d.6CFB500DD596EDA3845E936C7C40CE59.e.12924/enabled - {}
COMMAND: GET /session/129c046a4c158aab34184c97257eb527/screenshot - {}
RESULT: {}
COMMAND: POST /session/129c046a4c158aab34184c97257eb527/execute/sync - {"script":"<script> [8489 bytes]","args":[{"element-6066-11e4-a52e-4f735466cecf":"f.8E45E670A1384E074590F00FAD9F292A.d.6CFB500DD596EDA3845E936C7C40CE59.e.12924","ELEMENT":"f.8E45E670A1384E074590F00FAD9F292A.d.6CFB500DD596EDA3845E936C7C40CE59.e.12924"}]}
COMMAND: GET /session/129c046a4c158aab34184c97257eb527/screenshot - {}
RESULT: {}
RESULT: {"script":"<script> [8489 bytes]","args":[{"element-6066-11e4-a52e-4f735466cecf":"f.8E45E670A1384E074590F00FAD9F292A.d.6CFB500DD596EDA3845E936C7C40CE59.e.12924","ELEMENT":"f.8E45E670A1384E074590F00FAD9F292A.d.6CFB500DD596EDA3845E936C7C40CE59.e.12924"}]}
COMMAND: POST /session/129c046a4c158aab34184c97257eb527/execute/sync - {"script":"<script> [5351 bytes]","args":[{"element-6066-11e4-a52e-4f735466cecf":"f.8E45E670A1384E074590F00FAD9F292A.d.6CFB500DD596EDA3845E936C7C40CE59.e.12924","ELEMENT":"f.8E45E670A1384E074590F00FAD9F292A.d.6CFB500DD596EDA3845E936C7C40CE59.e.12924"}]}
COMMAND: GET /session/129c046a4c158aab34184c97257eb527/screenshot - {}
RESULT: {}
RESULT: {"script":"<script> [5351 bytes]","args":[{"element-6066-11e4-a52e-4f735466cecf":"f.8E45E670A1384E074590F00FAD9F292A.d.6CFB500DD596EDA3845E936C7C40CE59.e.12924","ELEMENT":"f.8E45E670A1384E074590F00FAD9F292A.d.6CFB500DD596EDA3845E936C7C40CE59.e.12924"}]}
COMMAND: POST /session/129c046a4c158aab34184c97257eb527/element/f.8E45E670A1384E074590F00FAD9F292A.d.6CFB500DD596EDA3845E936C7C40CE59.e.12924/click - {}
COMMAND: GET /session/129c046a4c158aab34184c97257eb527/screenshot - {}
RESULT: {}
RESULT: {}
COMMAND: GET /session/129c046a4c158aab34184c97257eb527/screenshot - {}
RESULT: {}
COMMAND: POST /session/129c046a4c158aab34184c97257eb527/execute/async - {"script":"<script> [1562 bytes]","args":[{"selector":{"id":"application-manageresources-display-component---newResourceUnit--TYPE-arrow"},"wdio_ui5_key":"applicationmanageresources-display-component---newResourceUnit--TYPE-arrow"}]}
RESULT: {}
RESULT: {"script":"<script> [1562 bytes]","args":[{"selector":{"id":"application-manageresources-display-component---newResourceUnit--TYPE-arrow"},"wdio_ui5_key":"applicationmanageresources-display-component---newResourceUnit--TYPE-arrow"}]}
RESULT: undefined
COMMAND: POST /session/129c046a4c158aab34184c97257eb527/element - {"using":"xpath","value":"//*[@id=\"application-manageresources-display-component---newResourceUnit--TYPE-arrow\"]"}
RESULT: {"using":"xpath","value":"//*[@id=\"application-manageresources-display-component---newResourceUnit--TYPE-arrow\"]"}
COMMAND: POST /session/129c046a4c158aab34184c97257eb527/element/f.8E45E670A1384E074590F00FAD9F292A.d.6CFB500DD596EDA3845E936C7C40CE59.e.13283/click - {}
RESULT: {}
COMMAND: POST /session/129c046a4c158aab34184c97257eb527/element - {"using":"xpath","value":"//input[@id=\"application-manageresources-display-component---newResourceUnit--TYPE-inner\"]"}
COMMAND: GET /session/129c046a4c158aab34184c97257eb527/screenshot - {}
RESULT: {"using":"xpath","value":"//input[@id=\"application-manageresources-display-component---newResourceUnit--TYPE-inner\"]"}
COMMAND: POST /session/129c046a4c158aab34184c97257eb527/element/f.8E45E670A1384E074590F00FAD9F292A.d.6CFB500DD596EDA3845E936C7C40CE59.e.13275/clear - {}
RESULT: {}
RESULT: {}
COMMAND: POST /session/129c046a4c158aab34184c97257eb527/element/f.8E45E670A1384E074590F00FAD9F292A.d.6CFB500DD596EDA3845E936C7C40CE59.e.13275/value - {"text":"Equipment"}
COMMAND: GET /session/129c046a4c158aab34184c97257eb527/screenshot - {}
RESULT: {"text":"Equipment"}
COMMAND: GET /session/129c046a4c158aab34184c97257eb527/screenshot - {}
RESULT: {}
RESULT: {}
COMMAND: POST /session/129c046a4c158aab34184c97257eb527/actions - {"actions":[{"id":"action43","type":"key","parameters":{},"actions":[{"type":"keyDown","value":""},{"type":"pause","duration":10},{"type":"keyUp","value":""}]}]}
RESULT: {"actions":[{"id":"action43","type":"key","parameters":{},"actions":[{"type":"keyDown","value":""},{"type":"pause","duration":10},{"type":"keyUp","value":""}]}]}
COMMAND: POST /session/129c046a4c158aab34184c97257eb527/execute/async - {"script":"<script> [1562 bytes]","args":[{"selector":{"id":"application-manageresources-display-component---newResourceUnit--resourceId","interaction":{"idSuffix":"inner"}},"wdio_ui5_key":"applicationmanageresources-display-component---newResourceUnit--resourceId"}]}
COMMAND: GET /session/129c046a4c158aab34184c97257eb527/screenshot - {}
RESULT: {"script":"<script> [1562 bytes]","args":[{"selector":{"id":"application-manageresources-display-component---newResourceUnit--resourceId","interaction":{"idSuffix":"inner"}},"wdio_ui5_key":"applicationmanageresources-display-component---newResourceUnit--resourceId"}]}
RESULT: undefined
COMMAND: POST /session/129c046a4c158aab34184c97257eb527/execute/async - {"script":"<script> [776 bytes]","args":[{"enterText":"0zrJ2gijVp","selector":{"id":"application-manageresources-display-component---newResourceUnit--resourceId","interaction":{"idSuffix":"inner"}},"clearTextFirst":true,"interactionType":"ENTER_TEXT"}]}
RESULT: {}
RESULT: {"script":"<script> [776 bytes]","args":[{"enterText":"0zrJ2gijVp","selector":{"id":"application-manageresources-display-component---newResourceUnit--resourceId","interaction":{"idSuffix":"inner"}},"clearTextFirst":true,"interactionType":"ENTER_TEXT"}]}
COMMAND: POST /session/129c046a4c158aab34184c97257eb527/execute/async - {"script":"<script> [1562 bytes]","args":[{"selector":{"id":"application-manageresources-display-component---newResourceUnit--SHORT_TEXT","interaction":{"idSuffix":"inner"}},"wdio_ui5_key":"applicationmanageresources-display-component---newResourceUnit--SHORT_TEXT"}]}
RESULT: {"script":"<script> [1562 bytes]","args":[{"selector":{"id":"application-manageresources-display-component---newResourceUnit--SHORT_TEXT","interaction":{"idSuffix":"inner"}},"wdio_ui5_key":"applicationmanageresources-display-component---newResourceUnit--SHORT_TEXT"}]}
RESULT: undefined
COMMAND: POST /session/129c046a4c158aab34184c97257eb527/execute/async - {"script":"<script> [776 bytes]","args":[{"enterText":"Intercompany Equipment WDIO","selector":{"id":"application-manageresources-display-component---newResourceUnit--SHORT_TEXT","interaction":{"idSuffix":"inner"}},"clearTextFirst":true,"interactionType":"ENTER_TEXT"}]}
RESULT: {"script":"<script> [776 bytes]","args":[{"enterText":"Intercompany Equipment WDIO","selector":{"id":"application-manageresources-display-component---newResourceUnit--SHORT_TEXT","interaction":{"idSuffix":"inner"}},"clearTextFirst":true,"interactionType":"ENTER_TEXT"}]}
COMMAND: POST /session/129c046a4c158aab34184c97257eb527/execute/async - {"script":"<script> [1562 bytes]","args":[{"selector":{"id":"application-manageresources-display-component---newResourceUnit--BASE_UNIT_OF_MEASURE","interaction":{"idSuffix":"inner"}},"wdio_ui5_key":"applicationmanageresources-display-component---newResourceUnit--BASE_UNIT_OF_MEASURE"}]}
RESULT: {"script":"<script> [1562 bytes]","args":[{"selector":{"id":"application-manageresources-display-component---newResourceUnit--BASE_UNIT_OF_MEASURE","interaction":{"idSuffix":"inner"}},"wdio_ui5_key":"applicationmanageresources-display-component---newResourceUnit--BASE_UNIT_OF_MEASURE"}]}
RESULT: undefined
COMMAND: POST /session/129c046a4c158aab34184c97257eb527/execute/async - {"script":"<script> [776 bytes]","args":[{"enterText":"Piece","selector":{"id":"application-manageresources-display-component---newResourceUnit--BASE_UNIT_OF_MEASURE","interaction":{"idSuffix":"inner"}},"clearTextFirst":true,"interactionType":"ENTER_TEXT"}]}
RESULT: {"script":"<script> [776 bytes]","args":[{"enterText":"Piece","selector":{"id":"application-manageresources-display-component---newResourceUnit--BASE_UNIT_OF_MEASURE","interaction":{"idSuffix":"inner"}},"clearTextFirst":true,"interactionType":"ENTER_TEXT"}]}
COMMAND: POST /session/129c046a4c158aab34184c97257eb527/execute/async - {"script":"<script> [1562 bytes]","args":[{"selector":{"id":"application-manageresources-display-component---newResourceUnit--WEIGHT_UNIT","interaction":{"idSuffix":"inner"}},"wdio_ui5_key":"applicationmanageresources-display-component---newResourceUnit--WEIGHT_UNIT"}]}
RESULT: {"script":"<script> [1562 bytes]","args":[{"selector":{"id":"application-manageresources-display-component---newResourceUnit--WEIGHT_UNIT","interaction":{"idSuffix":"inner"}},"wdio_ui5_key":"applicationmanageresources-display-component---newResourceUnit--WEIGHT_UNIT"}]}
RESULT: undefined
COMMAND: POST /session/129c046a4c158aab34184c97257eb527/execute/async - {"script":"<script> [776 bytes]","args":[{"enterText":"Gram","selector":{"id":"application-manageresources-display-component---newResourceUnit--WEIGHT_UNIT","interaction":{"idSuffix":"inner"}},"clearTextFirst":true,"interactionType":"ENTER_TEXT"}]}
RESULT: {"script":"<script> [776 bytes]","args":[{"enterText":"Gram","selector":{"id":"application-manageresources-display-component---newResourceUnit--WEIGHT_UNIT","interaction":{"idSuffix":"inner"}},"clearTextFirst":true,"interactionType":"ENTER_TEXT"}]}
COMMAND: POST /session/129c046a4c158aab34184c97257eb527/execute/async - {"script":"<script> [1562 bytes]","args":[{"selector":{"id":"application-manageresources-display-component---newResourceUnit--DIMENSION_UNIT","interaction":{"idSuffix":"inner"}},"wdio_ui5_key":"applicationmanageresources-display-component---newResourceUnit--DIMENSION_UNIT"}]}
RESULT: {"script":"<script> [1562 bytes]","args":[{"selector":{"id":"application-manageresources-display-component---newResourceUnit--DIMENSION_UNIT","interaction":{"idSuffix":"inner"}},"wdio_ui5_key":"applicationmanageresources-display-component---newResourceUnit--DIMENSION_UNIT"}]}
RESULT: undefined
COMMAND: POST /session/129c046a4c158aab34184c97257eb527/execute/async - {"script":"<script> [776 bytes]","args":[{"enterText":"Meter","selector":{"id":"application-manageresources-display-component---newResourceUnit--DIMENSION_UNIT","interaction":{"idSuffix":"inner"}},"clearTextFirst":true,"interactionType":"ENTER_TEXT"}]}
RESULT: {"script":"<script> [776 bytes]","args":[{"enterText":"Meter","selector":{"id":"application-manageresources-display-component---newResourceUnit--DIMENSION_UNIT","interaction":{"idSuffix":"inner"}},"clearTextFirst":true,"interactionType":"ENTER_TEXT"}]}
COMMAND: POST /session/129c046a4c158aab34184c97257eb527/execute/async - {"script":"<script> [1562 bytes]","args":[{"selector":{"id":"application-manageresources-display-component---newResourceUnit--newRRUPage-anchBar-application-manageresources-display-component---newResourceUnit--control-anchor","interaction":{"idSuffix":"BDI-content"}},"wdio_ui5_key":"applicationmanageresources-display-component---newResourceUnit--newRRUPage-anchBar-application-manageresources-display-component---newResourceUnit--control-anchor"}]}
RESULT: {"script":"<script> [1562 bytes]","args":[{"selector":{"id":"application-manageresources-display-component---newResourceUnit--newRRUPage-anchBar-application-manageresources-display-component---newResourceUnit--control-anchor","interaction":{"idSuffix":"BDI-content"}},"wdio_ui5_key":"applicationmanageresources-display-component---newResourceUnit--newRRUPage-anchBar-application-manageresources-display-component---newResourceUnit--control-anchor"}]}
RESULT: undefined
COMMAND: POST /session/129c046a4c158aab34184c97257eb527/element - {"using":"xpath","value":"//*[@id=\"application-manageresources-display-component---newResourceUnit--newRRUPage-anchBar-application-manageresources-display-component---newResourceUnit--control-anchor\"]"}
RESULT: {"using":"xpath","value":"//*[@id=\"application-manageresources-display-component---newResourceUnit--newRRUPage-anchBar-application-manageresources-display-component---newResourceUnit--control-anchor\"]"}
COMMAND: POST /session/129c046a4c158aab34184c97257eb527/element/f.8E45E670A1384E074590F00FAD9F292A.d.6CFB500DD596EDA3845E936C7C40CE59.e.13418/click - {}
RESULT: {}
COMMAND: POST /session/129c046a4c158aab34184c97257eb527/execute/async - {"script":"<script> [1562 bytes]","args":[{"selector":{"id":"application-manageresources-display-component---newResourceUnit--PLANNING_GROUP","interaction":{"idSuffix":"inner"}},"wdio_ui5_key":"applicationmanageresources-display-component---newResourceUnit--PLANNING_GROUP"}]}
COMMAND: GET /session/129c046a4c158aab34184c97257eb527/screenshot - {}
RESULT: {"script":"<script> [1562 bytes]","args":[{"selector":{"id":"application-manageresources-display-component---newResourceUnit--PLANNING_GROUP","interaction":{"idSuffix":"inner"}},"wdio_ui5_key":"applicationmanageresources-display-component---newResourceUnit--PLANNING_GROUP"}]}
RESULT: undefined
COMMAND: POST /session/129c046a4c158aab34184c97257eb527/execute/async - {"script":"<script> [776 bytes]","args":[{"enterText":"Heavy Equi","selector":{"id":"application-manageresources-display-component---newResourceUnit--PLANNING_GROUP","interaction":{"idSuffix":"inner"}},"clearTextFirst":true,"interactionType":"ENTER_TEXT"}]}
RESULT: {}
RESULT: {"script":"<script> [776 bytes]","args":[{"enterText":"Heavy Equi","selector":{"id":"application-manageresources-display-component---newResourceUnit--PLANNING_GROUP","interaction":{"idSuffix":"inner"}},"clearTextFirst":true,"interactionType":"ENTER_TEXT"}]}
COMMAND: POST /session/129c046a4c158aab34184c97257eb527/execute/async - {"script":"<script> [1562 bytes]","args":[{"selector":{"id":"application-manageresources-display-component---newResourceUnit--ITEM_TYPE-arrow"},"wdio_ui5_key":"applicationmanageresources-display-component---newResourceUnit--ITEM_TYPE-arrow"}]}
RESULT: {"script":"<script> [1562 bytes]","args":[{"selector":{"id":"application-manageresources-display-component---newResourceUnit--ITEM_TYPE-arrow"},"wdio_ui5_key":"applicationmanageresources-display-component---newResourceUnit--ITEM_TYPE-arrow"}]}
RESULT: undefined
COMMAND: POST /session/129c046a4c158aab34184c97257eb527/element - {"using":"xpath","value":"//*[@id=\"application-manageresources-display-component---newResourceUnit--ITEM_TYPE-arrow\"]"}
RESULT: {"using":"xpath","value":"//*[@id=\"application-manageresources-display-component---newResourceUnit--ITEM_TYPE-arrow\"]"}
COMMAND: POST /session/129c046a4c158aab34184c97257eb527/element/f.8E45E670A1384E074590F00FAD9F292A.d.6CFB500DD596EDA3845E936C7C40CE59.e.13426/click - {}
RESULT: {}
COMMAND: POST /session/129c046a4c158aab34184c97257eb527/element - {"using":"xpath","value":"(//span[contains(text(), \"Resource Unit\")])[2]"}
COMMAND: GET /session/129c046a4c158aab34184c97257eb527/screenshot - {}
RESULT: {"using":"xpath","value":"(//span[contains(text(), \"Resource Unit\")])[2]"}
COMMAND: POST /session/129c046a4c158aab34184c97257eb527/element/f.8E45E670A1384E074590F00FAD9F292A.d.6CFB500DD596EDA3845E936C7C40CE59.e.13427/click - {}
RESULT: {}
RESULT: {}
COMMAND: GET /session/129c046a4c158aab34184c97257eb527/screenshot - {}
RESULT: {}
COMMAND: POST /session/129c046a4c158aab34184c97257eb527/element - {"using":"css selector","value":"#application-manageresources-display-component---newResourceUnit--btnAddTimeSegment"}
RESULT: {"using":"css selector","value":"#application-manageresources-display-component---newResourceUnit--btnAddTimeSegment"}
COMMAND: GET /session/129c046a4c158aab34184c97257eb527/element/f.8E45E670A1384E074590F00FAD9F292A.d.6CFB500DD596EDA3845E936C7C40CE59.e.13428/rect - {}
RESULT: {}
COMMAND: GET /session/129c046a4c158aab34184c97257eb527/window/rect - {}
RESULT: {}
COMMAND: POST /session/129c046a4c158aab34184c97257eb527/execute/sync - {"script":"<script> [92 bytes]","args":[]}
RESULT: {"script":"<script> [92 bytes]","args":[]}
COMMAND: POST /session/129c046a4c158aab34184c97257eb527/actions - {"actions":[{"id":"action44","type":"wheel","parameters":{},"actions":[{"type":"scroll","x":-1888,"y":-32,"deltaX":0,"deltaY":0,"duration":0,"origin":{"element-6066-11e4-a52e-4f735466cecf":"f.8E45E670A1384E074590F00FAD9F292A.d.6CFB500DD596EDA3845E936C7C40CE59.e.13428"}}]}]}
COMMAND: GET /session/129c046a4c158aab34184c97257eb527/screenshot - {}
RESULT: {}
COMMAND: POST /session/129c046a4c158aab34184c97257eb527/execute/sync - {"script":"<script> [79 bytes]","args":[{"element-6066-11e4-a52e-4f735466cecf":"f.8E45E670A1384E074590F00FAD9F292A.d.6CFB500DD596EDA3845E936C7C40CE59.e.13428","ELEMENT":"f.8E45E670A1384E074590F00FAD9F292A.d.6CFB500DD596EDA3845E936C7C40CE59.e.13428"},{"block":"start","inline":"nearest"}]}
RESULT: {"script":"<script> [79 bytes]","args":[{"element-6066-11e4-a52e-4f735466cecf":"f.8E45E670A1384E074590F00FAD9F292A.d.6CFB500DD596EDA3845E936C7C40CE59.e.13428","ELEMENT":"f.8E45E670A1384E074590F00FAD9F292A.d.6CFB500DD596EDA3845E936C7C40CE59.e.13428"},{"block":"start","inline":"nearest"}]}
COMMAND: POST /session/129c046a4c158aab34184c97257eb527/execute/async - {"script":"<script> [1562 bytes]","args":[{"selector":{"id":"application-manageresources-display-component---newResourceUnit--btnAddTimeSegment","interaction":{"idSuffix":"inner"}},"wdio_ui5_key":"applicationmanageresources-display-component---newResourceUnit--btnAddTimeSegment"}]}
COMMAND: GET /session/129c046a4c158aab34184c97257eb527/screenshot - {}
RESULT: {"script":"<script> [1562 bytes]","args":[{"selector":{"id":"application-manageresources-display-component---newResourceUnit--btnAddTimeSegment","interaction":{"idSuffix":"inner"}},"wdio_ui5_key":"applicationmanageresources-display-component---newResourceUnit--btnAddTimeSegment"}]}
RESULT: undefined
COMMAND: POST /session/129c046a4c158aab34184c97257eb527/element - {"using":"xpath","value":"//*[@id=\"application-manageresources-display-component---newResourceUnit--btnAddTimeSegment\"]"}
RESULT: {}
RESULT: {"using":"xpath","value":"//*[@id=\"application-manageresources-display-component---newResourceUnit--btnAddTimeSegment\"]"}
COMMAND: POST /session/129c046a4c158aab34184c97257eb527/element/f.8E45E670A1384E074590F00FAD9F292A.d.6CFB500DD596EDA3845E936C7C40CE59.e.13428/click - {}
RESULT: {}
COMMAND: GET /session/129c046a4c158aab34184c97257eb527/screenshot - {}
RESULT: {}
COMMAND: POST /session/129c046a4c158aab34184c97257eb527/element - {"using":"xpath","value":"//input[@id=\"application-manageresources-display-component---newResourceUnit--idRuTSAdmin-application-manageresources-display-component---newResourceUnit--RUTimeSegment-0-inner\"]"}
RESULT: {"using":"xpath","value":"//input[@id=\"application-manageresources-display-component---newResourceUnit--idRuTSAdmin-application-manageresources-display-component---newResourceUnit--RUTimeSegment-0-inner\"]"}
COMMAND: POST /session/129c046a4c158aab34184c97257eb527/element/f.8E45E670A1384E074590F00FAD9F292A.d.6CFB500DD596EDA3845E936C7C40CE59.e.13434/clear - {}
RESULT: {}
COMMAND: POST /session/129c046a4c158aab34184c97257eb527/element/f.8E45E670A1384E074590F00FAD9F292A.d.6CFB500DD596EDA3845E936C7C40CE59.e.13434/value - {"text":"745"}
COMMAND: GET /session/129c046a4c158aab34184c97257eb527/screenshot - {}
RESULT: {"text":"745"}
COMMAND: GET /session/129c046a4c158aab34184c97257eb527/screenshot - {}
RESULT: {}
RESULT: {}
COMMAND: POST /session/129c046a4c158aab34184c97257eb527/element - {"using":"xpath","value":"//li[.//span[text()='745']]"}
RESULT: {"using":"xpath","value":"//li[.//span[text()='745']]"}
COMMAND: POST /session/129c046a4c158aab34184c97257eb527/element/f.8E45E670A1384E074590F00FAD9F292A.d.6CFB500DD596EDA3845E936C7C40CE59.e.13446/click - {}
RESULT: {}
COMMAND: GET /session/129c046a4c158aab34184c97257eb527/screenshot - {}
RESULT: {}
COMMAND: POST /session/129c046a4c158aab34184c97257eb527/element - {"using":"xpath","value":"(//span[contains(@id, \"-application-manageresources-display-component---newResourceUnit--RUTimeSegment-0-arrow\")])[6]"}
RESULT: {"using":"xpath","value":"(//span[contains(@id, \"-application-manageresources-display-component---newResourceUnit--RUTimeSegment-0-arrow\")])[6]"}
COMMAND: POST /session/129c046a4c158aab34184c97257eb527/element/f.8E45E670A1384E074590F00FAD9F292A.d.6CFB500DD596EDA3845E936C7C40CE59.e.13447/click - {}
RESULT: {}
COMMAND: POST /session/129c046a4c158aab34184c97257eb527/element - {"using":"xpath","value":"//span[contains(text(), \"PM Order\")]"}
COMMAND: GET /session/129c046a4c158aab34184c97257eb527/screenshot - {}
RESULT: {"using":"xpath","value":"//span[contains(text(), \"PM Order\")]"}
COMMAND: POST /session/129c046a4c158aab34184c97257eb527/element/f.8E45E670A1384E074590F00FAD9F292A.d.6CFB500DD596EDA3845E936C7C40CE59.e.13450/click - {}
RESULT: {}
RESULT: {}
COMMAND: GET /session/129c046a4c158aab34184c97257eb527/screenshot - {}
RESULT: {}
COMMAND: POST /session/129c046a4c158aab34184c97257eb527/element - {"using":"xpath","value":"(//span[contains(@id ,\"manageresources-display-component---newResourceUnit--RUTimeSegment-0-vhi\")])[2]"}
RESULT: {"using":"xpath","value":"(//span[contains(@id ,\"manageresources-display-component---newResourceUnit--RUTimeSegment-0-vhi\")])[2]"}
COMMAND: POST /session/129c046a4c158aab34184c97257eb527/element/f.8E45E670A1384E074590F00FAD9F292A.d.6CFB500DD596EDA3845E936C7C40CE59.e.13453/click - {}
RESULT: {}
COMMAND: GET /session/129c046a4c158aab34184c97257eb527/screenshot - {}
RESULT: {}
COMMAND: POST /session/129c046a4c158aab34184c97257eb527/execute/async - {"script":"<script> [1562 bytes]","args":[{"selector":{"controlType":"sap.m.SearchField","properties":{"placeholder":"Search"},"searchOpenDialogs":true,"interaction":{"idSuffix":"I"}},"wdio_ui5_key":"sapm.SearchField{\"placeholder\":\"Search\"}"}]}
RESULT: {"script":"<script> [1562 bytes]","args":[{"selector":{"controlType":"sap.m.SearchField","properties":{"placeholder":"Search"},"searchOpenDialogs":true,"interaction":{"idSuffix":"I"}},"wdio_ui5_key":"sapm.SearchField{\"placeholder\":\"Search\"}"}]}
RESULT: undefined
COMMAND: POST /session/129c046a4c158aab34184c97257eb527/execute/async - {"script":"<script> [776 bytes]","args":[{"enterText":"4000360","selector":{"controlType":"sap.m.SearchField","properties":{"placeholder":"Search"},"searchOpenDialogs":true,"interaction":{"idSuffix":"I"}},"clearTextFirst":true,"interactionType":"ENTER_TEXT"}]}
RESULT: {"script":"<script> [776 bytes]","args":[{"enterText":"4000360","selector":{"controlType":"sap.m.SearchField","properties":{"placeholder":"Search"},"searchOpenDialogs":true,"interaction":{"idSuffix":"I"}},"clearTextFirst":true,"interactionType":"ENTER_TEXT"}]}
COMMAND: POST /session/129c046a4c158aab34184c97257eb527/actions - {"actions":[{"id":"action45","type":"key","parameters":{},"actions":[{"type":"keyDown","value":""},{"type":"pause","duration":10},{"type":"keyUp","value":""}]}]}
RESULT: {"actions":[{"id":"action45","type":"key","parameters":{},"actions":[{"type":"keyDown","value":""},{"type":"pause","duration":10},{"type":"keyUp","value":""}]}]}
COMMAND: GET /session/129c046a4c158aab34184c97257eb527/screenshot - {}
RESULT: {}
COMMAND: POST /session/129c046a4c158aab34184c97257eb527/element - {"using":"xpath","value":"//td/div/span[contains(text(), \"BGL Vehicles\")]"}
RESULT: {"using":"xpath","value":"//td/div/span[contains(text(), \"BGL Vehicles\")]"}
COMMAND: POST /session/129c046a4c158aab34184c97257eb527/element/f.8E45E670A1384E074590F00FAD9F292A.d.6CFB500DD596EDA3845E936C7C40CE59.e.13473/click - {}
RESULT: {}
COMMAND: GET /session/129c046a4c158aab34184c97257eb527/screenshot - {}
RESULT: {}
COMMAND: POST /session/129c046a4c158aab34184c97257eb527/element - {"using":"xpath","value":"//bdi[contains(text(), \"OK\")]"}
RESULT: {"using":"xpath","value":"//bdi[contains(text(), \"OK\")]"}
COMMAND: POST /session/129c046a4c158aab34184c97257eb527/element/f.8E45E670A1384E074590F00FAD9F292A.d.6CFB500DD596EDA3845E936C7C40CE59.e.13474/click - {}
RESULT: {}
COMMAND: GET /session/129c046a4c158aab34184c97257eb527/screenshot - {}
RESULT: {}
COMMAND: POST /session/129c046a4c158aab34184c97257eb527/execute/async - {"script":"<script> [1562 bytes]","args":[{"selector":{"id":"application-manageresources-display-component---newResourceUnit--newRRUPage-anchBar-application-manageresources-display-component---newResourceUnit--resource-anchor","interaction":{"idSuffix":"BDI-content"}},"wdio_ui5_key":"applicationmanageresources-display-component---newResourceUnit--newRRUPage-anchBar-application-manageresources-display-component---newResourceUnit--resource-anchor"}]}
RESULT: {"script":"<script> [1562 bytes]","args":[{"selector":{"id":"application-manageresources-display-component---newResourceUnit--newRRUPage-anchBar-application-manageresources-display-component---newResourceUnit--resource-anchor","interaction":{"idSuffix":"BDI-content"}},"wdio_ui5_key":"applicationmanageresources-display-component---newResourceUnit--newRRUPage-anchBar-application-manageresources-display-component---newResourceUnit--resource-anchor"}]}
RESULT: undefined
COMMAND: POST /session/129c046a4c158aab34184c97257eb527/element - {"using":"xpath","value":"//*[@id=\"application-manageresources-display-component---newResourceUnit--newRRUPage-anchBar-application-manageresources-display-component---newResourceUnit--resource-anchor\"]"}
RESULT: {"using":"xpath","value":"//*[@id=\"application-manageresources-display-component---newResourceUnit--newRRUPage-anchBar-application-manageresources-display-component---newResourceUnit--resource-anchor\"]"}
COMMAND: POST /session/129c046a4c158aab34184c97257eb527/element/f.8E45E670A1384E074590F00FAD9F292A.d.6CFB500DD596EDA3845E936C7C40CE59.e.13478/click - {}
RESULT: {}
COMMAND: POST /session/129c046a4c158aab34184c97257eb527/execute/async - {"script":"<script> [1562 bytes]","args":[{"selector":{"id":"application-manageresources-display-component---newResourceUnit--PLANNED_DELIVERY_DATE","interaction":{"idSuffix":"inner"}},"wdio_ui5_key":"applicationmanageresources-display-component---newResourceUnit--PLANNED_DELIVERY_DATE"}]}
COMMAND: GET /session/129c046a4c158aab34184c97257eb527/screenshot - {}
RESULT: {"script":"<script> [1562 bytes]","args":[{"selector":{"id":"application-manageresources-display-component---newResourceUnit--PLANNED_DELIVERY_DATE","interaction":{"idSuffix":"inner"}},"wdio_ui5_key":"applicationmanageresources-display-component---newResourceUnit--PLANNED_DELIVERY_DATE"}]}
RESULT: undefined
COMMAND: POST /session/129c046a4c158aab34184c97257eb527/execute/async - {"script":"<script> [6424 bytes]","args":[{"element-6066-11e4-a52e-4f735466cecf":"f.8E45E670A1384E074590F00FAD9F292A.d.6CFB500DD596EDA3845E936C7C40CE59.e.13341"},"setValue",["4/23/25"]]}
RESULT: {}
RESULT: {"script":"<script> [6424 bytes]","args":[{"element-6066-11e4-a52e-4f735466cecf":"f.8E45E670A1384E074590F00FAD9F292A.d.6CFB500DD596EDA3845E936C7C40CE59.e.13341"},"setValue",["4/23/25"]]}
COMMAND: POST /session/129c046a4c158aab34184c97257eb527/element - {"using":"xpath","value":"//button[@data-kt=\"resourceUnitSaveButton\"]"}
RESULT: {"using":"xpath","value":"//button[@data-kt=\"resourceUnitSaveButton\"]"}
COMMAND: POST /session/129c046a4c158aab34184c97257eb527/element/f.8E45E670A1384E074590F00FAD9F292A.d.6CFB500DD596EDA3845E936C7C40CE59.e.13301/click - {}
RESULT: {}
COMMAND: GET /session/129c046a4c158aab34184c97257eb527/screenshot - {}
RESULT: {}
COMMAND: POST /session/129c046a4c158aab34184c97257eb527/element - {"using":"xpath","value":"//bdi[contains(text(), \"Close\")]"}
RESULT: {"using":"xpath","value":"//bdi[contains(text(), \"Close\")]"}
COMMAND: POST /session/129c046a4c158aab34184c97257eb527/element/f.8E45E670A1384E074590F00FAD9F292A.d.6CFB500DD596EDA3845E936C7C40CE59.e.13488/click - {}
RESULT: {}
COMMAND: GET /session/129c046a4c158aab34184c97257eb527/screenshot - {}
RESULT: {}
COMMAND: POST /session/129c046a4c158aab34184c97257eb527/element - {"using":"xpath","value":"(//button[contains(@id ,\"actionsToolbar-overflowButton\")])[1]"}
RESULT: {"using":"xpath","value":"(//button[contains(@id ,\"actionsToolbar-overflowButton\")])[1]"}
COMMAND: POST /session/129c046a4c158aab34184c97257eb527/element/f.8E45E670A1384E074590F00FAD9F292A.d.6CFB500DD596EDA3845E936C7C40CE59.e.13542/click - {}
RESULT: {}
COMMAND: GET /session/129c046a4c158aab34184c97257eb527/screenshot - {}
RESULT: {}
COMMAND: POST /session/129c046a4c158aab34184c97257eb527/element - {"using":"xpath","value":"//button[@data-kt=\"priceInfoButton\"]"}
RESULT: {"using":"xpath","value":"//button[@data-kt=\"priceInfoButton\"]"}
COMMAND: POST /session/129c046a4c158aab34184c97257eb527/element/f.8E45E670A1384E074590F00FAD9F292A.d.6CFB500DD596EDA3845E936C7C40CE59.e.13544/click - {}
RESULT: {}
COMMAND: GET /session/129c046a4c158aab34184c97257eb527/screenshot - {}
RESULT: {}
]]></system-out>
    </testcase>
    <testcase classname="chrome.135_0_7049_96.windows.Billing_transfer_US117289" name="Should create new pricing rule" time="53.616">
      <system-out><![CDATA[
COMMAND: POST /session/129c046a4c158aab34184c97257eb527/element - {"using":"xpath","value":"//button[@data-kt=\"addButton\"]"}
RESULT: {"using":"xpath","value":"//button[@data-kt=\"addButton\"]"}
COMMAND: POST /session/129c046a4c158aab34184c97257eb527/elements - {"using":"xpath","value":"//button[@data-kt=\"addButton\"]"}
RESULT: {"using":"xpath","value":"//button[@data-kt=\"addButton\"]"}
COMMAND: POST /session/129c046a4c158aab34184c97257eb527/elements - {"using":"xpath","value":"//button[@data-kt=\"addButton\"]"}
RESULT: {"using":"xpath","value":"//button[@data-kt=\"addButton\"]"}
COMMAND: POST /session/129c046a4c158aab34184c97257eb527/element - {"using":"xpath","value":"//button[@data-kt=\"addButton\"]"}
RESULT: {"using":"xpath","value":"//button[@data-kt=\"addButton\"]"}
COMMAND: POST /session/129c046a4c158aab34184c97257eb527/execute/sync - {"script":"<script> [8489 bytes]","args":[{"element-6066-11e4-a52e-4f735466cecf":"f.8E45E670A1384E074590F00FAD9F292A.d.6CFB500DD596EDA3845E936C7C40CE59.e.13580","ELEMENT":"f.8E45E670A1384E074590F00FAD9F292A.d.6CFB500DD596EDA3845E936C7C40CE59.e.13580"}]}
RESULT: {"script":"<script> [8489 bytes]","args":[{"element-6066-11e4-a52e-4f735466cecf":"f.8E45E670A1384E074590F00FAD9F292A.d.6CFB500DD596EDA3845E936C7C40CE59.e.13580","ELEMENT":"f.8E45E670A1384E074590F00FAD9F292A.d.6CFB500DD596EDA3845E936C7C40CE59.e.13580"}]}
COMMAND: GET /session/129c046a4c158aab34184c97257eb527/element/f.8E45E670A1384E074590F00FAD9F292A.d.6CFB500DD596EDA3845E936C7C40CE59.e.13580/enabled - {}
COMMAND: GET /session/129c046a4c158aab34184c97257eb527/screenshot - {}
RESULT: {}
COMMAND: POST /session/129c046a4c158aab34184c97257eb527/execute/sync - {"script":"<script> [8489 bytes]","args":[{"element-6066-11e4-a52e-4f735466cecf":"f.8E45E670A1384E074590F00FAD9F292A.d.6CFB500DD596EDA3845E936C7C40CE59.e.13580","ELEMENT":"f.8E45E670A1384E074590F00FAD9F292A.d.6CFB500DD596EDA3845E936C7C40CE59.e.13580"}]}
COMMAND: GET /session/129c046a4c158aab34184c97257eb527/screenshot - {}
RESULT: {}
RESULT: {"script":"<script> [8489 bytes]","args":[{"element-6066-11e4-a52e-4f735466cecf":"f.8E45E670A1384E074590F00FAD9F292A.d.6CFB500DD596EDA3845E936C7C40CE59.e.13580","ELEMENT":"f.8E45E670A1384E074590F00FAD9F292A.d.6CFB500DD596EDA3845E936C7C40CE59.e.13580"}]}
COMMAND: POST /session/129c046a4c158aab34184c97257eb527/execute/sync - {"script":"<script> [5351 bytes]","args":[{"element-6066-11e4-a52e-4f735466cecf":"f.8E45E670A1384E074590F00FAD9F292A.d.6CFB500DD596EDA3845E936C7C40CE59.e.13580","ELEMENT":"f.8E45E670A1384E074590F00FAD9F292A.d.6CFB500DD596EDA3845E936C7C40CE59.e.13580"}]}
COMMAND: GET /session/129c046a4c158aab34184c97257eb527/screenshot - {}
RESULT: {}
RESULT: {"script":"<script> [5351 bytes]","args":[{"element-6066-11e4-a52e-4f735466cecf":"f.8E45E670A1384E074590F00FAD9F292A.d.6CFB500DD596EDA3845E936C7C40CE59.e.13580","ELEMENT":"f.8E45E670A1384E074590F00FAD9F292A.d.6CFB500DD596EDA3845E936C7C40CE59.e.13580"}]}
COMMAND: POST /session/129c046a4c158aab34184c97257eb527/element/f.8E45E670A1384E074590F00FAD9F292A.d.6CFB500DD596EDA3845E936C7C40CE59.e.13580/click - {}
COMMAND: GET /session/129c046a4c158aab34184c97257eb527/screenshot - {}
RESULT: {}
RESULT: {}
COMMAND: GET /session/129c046a4c158aab34184c97257eb527/screenshot - {}
RESULT: {}
RESULT: {}
COMMAND: POST /session/129c046a4c158aab34184c97257eb527/execute/async - {"script":"<script> [1562 bytes]","args":[{"selector":{"controlType":"sap.m.Title","viewName":"etm.portal.ui.managepricingrules.view.NewItem","viewId":"application-managepricingrules-display-component---newInfoPriceItem","properties":{"text":"New Pricing Rules - Item Level"}},"wdio_ui5_key":"etmportal.ui.managepricingrules.view.NewItemsap.m.Title{\"text\":\"New Pricing Rules - Item Level\"}"}]}
RESULT: {"script":"<script> [1562 bytes]","args":[{"selector":{"controlType":"sap.m.Title","viewName":"etm.portal.ui.managepricingrules.view.NewItem","viewId":"application-managepricingrules-display-component---newInfoPriceItem","properties":{"text":"New Pricing Rules - Item Level"}},"wdio_ui5_key":"etmportal.ui.managepricingrules.view.NewItemsap.m.Title{\"text\":\"New Pricing Rules - Item Level\"}"}]}
RESULT: undefined
COMMAND: POST /session/129c046a4c158aab34184c97257eb527/execute/async - {"script":"<script> [6424 bytes]","args":[{"element-6066-11e4-a52e-4f735466cecf":"f.8E45E670A1384E074590F00FAD9F292A.d.6CFB500DD596EDA3845E936C7C40CE59.e.13661"},"getText",[]]}
RESULT: {"script":"<script> [6424 bytes]","args":[{"element-6066-11e4-a52e-4f735466cecf":"f.8E45E670A1384E074590F00FAD9F292A.d.6CFB500DD596EDA3845E936C7C40CE59.e.13661"},"getText",[]]}
COMMAND: POST /session/129c046a4c158aab34184c97257eb527/execute/async - {"script":"<script> [1562 bytes]","args":[{"selector":{"id":"application-managepricingrules-display-component---newInfoPriceItem--condValidTo","interaction":{"idSuffix":"inner"}},"wdio_ui5_key":"applicationmanagepricingrules-display-component---newInfoPriceItem--condValidTo"}]}
RESULT: {"script":"<script> [1562 bytes]","args":[{"selector":{"id":"application-managepricingrules-display-component---newInfoPriceItem--condValidTo","interaction":{"idSuffix":"inner"}},"wdio_ui5_key":"applicationmanagepricingrules-display-component---newInfoPriceItem--condValidTo"}]}
RESULT: undefined
COMMAND: POST /session/129c046a4c158aab34184c97257eb527/execute/async - {"script":"<script> [776 bytes]","args":[{"enterText":"12/23/25","selector":{"id":"application-managepricingrules-display-component---newInfoPriceItem--condValidTo","interaction":{"idSuffix":"inner"}},"clearTextFirst":true,"interactionType":"ENTER_TEXT"}]}
RESULT: {"script":"<script> [776 bytes]","args":[{"enterText":"12/23/25","selector":{"id":"application-managepricingrules-display-component---newInfoPriceItem--condValidTo","interaction":{"idSuffix":"inner"}},"clearTextFirst":true,"interactionType":"ENTER_TEXT"}]}
COMMAND: POST /session/129c046a4c158aab34184c97257eb527/execute/async - {"script":"<script> [1562 bytes]","args":[{"selector":{"id":"application-managepricingrules-display-component---newInfoPriceItem--billType-arrow"},"wdio_ui5_key":"applicationmanagepricingrules-display-component---newInfoPriceItem--billType-arrow"}]}
RESULT: {"script":"<script> [1562 bytes]","args":[{"selector":{"id":"application-managepricingrules-display-component---newInfoPriceItem--billType-arrow"},"wdio_ui5_key":"applicationmanagepricingrules-display-component---newInfoPriceItem--billType-arrow"}]}
RESULT: undefined
COMMAND: POST /session/129c046a4c158aab34184c97257eb527/element - {"using":"xpath","value":"//*[@id=\"application-managepricingrules-display-component---newInfoPriceItem--billType-arrow\"]"}
RESULT: {"using":"xpath","value":"//*[@id=\"application-managepricingrules-display-component---newInfoPriceItem--billType-arrow\"]"}
COMMAND: POST /session/129c046a4c158aab34184c97257eb527/element/f.8E45E670A1384E074590F00FAD9F292A.d.6CFB500DD596EDA3845E936C7C40CE59.e.13665/click - {}
RESULT: {}
COMMAND: POST /session/129c046a4c158aab34184c97257eb527/element - {"using":"xpath","value":"//span[contains(text(), \"TB - Time based\")]"}
COMMAND: GET /session/129c046a4c158aab34184c97257eb527/screenshot - {}
RESULT: {"using":"xpath","value":"//span[contains(text(), \"TB - Time based\")]"}
COMMAND: POST /session/129c046a4c158aab34184c97257eb527/element/f.8E45E670A1384E074590F00FAD9F292A.d.6CFB500DD596EDA3845E936C7C40CE59.e.13666/click - {}
RESULT: {}
RESULT: {}
COMMAND: POST /session/129c046a4c158aab34184c97257eb527/execute/async - {"script":"<script> [1562 bytes]","args":[{"selector":{"id":"application-managepricingrules-display-component---newInfoPriceItem--priceProc-arrow"},"wdio_ui5_key":"applicationmanagepricingrules-display-component---newInfoPriceItem--priceProc-arrow"}]}
COMMAND: GET /session/129c046a4c158aab34184c97257eb527/screenshot - {}
RESULT: {"script":"<script> [1562 bytes]","args":[{"selector":{"id":"application-managepricingrules-display-component---newInfoPriceItem--priceProc-arrow"},"wdio_ui5_key":"applicationmanagepricingrules-display-component---newInfoPriceItem--priceProc-arrow"}]}
RESULT: undefined
COMMAND: POST /session/129c046a4c158aab34184c97257eb527/element - {"using":"xpath","value":"//*[@id=\"application-managepricingrules-display-component---newInfoPriceItem--priceProc-arrow\"]"}
RESULT: {}
RESULT: {"using":"xpath","value":"//*[@id=\"application-managepricingrules-display-component---newInfoPriceItem--priceProc-arrow\"]"}
COMMAND: POST /session/129c046a4c158aab34184c97257eb527/element/f.8E45E670A1384E074590F00FAD9F292A.d.6CFB500DD596EDA3845E936C7C40CE59.e.13667/click - {}
RESULT: {}
COMMAND: POST /session/129c046a4c158aab34184c97257eb527/element - {"using":"xpath","value":"//span[contains(text(), \"TBS - Time based standard\")]"}
COMMAND: GET /session/129c046a4c158aab34184c97257eb527/screenshot - {}
RESULT: {"using":"xpath","value":"//span[contains(text(), \"TBS - Time based standard\")]"}
COMMAND: POST /session/129c046a4c158aab34184c97257eb527/element/f.8E45E670A1384E074590F00FAD9F292A.d.6CFB500DD596EDA3845E936C7C40CE59.e.13668/click - {}
RESULT: {}
RESULT: {}
COMMAND: POST /session/129c046a4c158aab34184c97257eb527/execute/async - {"script":"<script> [1562 bytes]","args":[{"selector":{"id":"application-managepricingrules-display-component---newInfoPriceItem--calcBase-arrow"},"wdio_ui5_key":"applicationmanagepricingrules-display-component---newInfoPriceItem--calcBase-arrow"}]}
COMMAND: GET /session/129c046a4c158aab34184c97257eb527/screenshot - {}
RESULT: {"script":"<script> [1562 bytes]","args":[{"selector":{"id":"application-managepricingrules-display-component---newInfoPriceItem--calcBase-arrow"},"wdio_ui5_key":"applicationmanagepricingrules-display-component---newInfoPriceItem--calcBase-arrow"}]}
RESULT: undefined
COMMAND: POST /session/129c046a4c158aab34184c97257eb527/element - {"using":"xpath","value":"//*[@id=\"application-managepricingrules-display-component---newInfoPriceItem--calcBase-arrow\"]"}
RESULT: {}
RESULT: {"using":"xpath","value":"//*[@id=\"application-managepricingrules-display-component---newInfoPriceItem--calcBase-arrow\"]"}
COMMAND: POST /session/129c046a4c158aab34184c97257eb527/element/f.8E45E670A1384E074590F00FAD9F292A.d.6CFB500DD596EDA3845E936C7C40CE59.e.13669/click - {}
RESULT: {}
COMMAND: GET /session/129c046a4c158aab34184c97257eb527/screenshot - {}
RESULT: {}
COMMAND: POST /session/129c046a4c158aab34184c97257eb527/element - {"using":"xpath","value":"//span[contains(text(), \"0006 - TB(calendar days)\")]"}
RESULT: {"using":"xpath","value":"//span[contains(text(), \"0006 - TB(calendar days)\")]"}
COMMAND: POST /session/129c046a4c158aab34184c97257eb527/element/f.8E45E670A1384E074590F00FAD9F292A.d.6CFB500DD596EDA3845E936C7C40CE59.e.13670/click - {}
RESULT: {}
COMMAND: GET /session/129c046a4c158aab34184c97257eb527/screenshot - {}
RESULT: {}
COMMAND: POST /session/129c046a4c158aab34184c97257eb527/execute/async - {"script":"<script> [1562 bytes]","args":[{"selector":{"id":"application-managepricingrules-display-component---newInfoPriceItem--daysMonth","interaction":{"idSuffix":"inner"}},"wdio_ui5_key":"applicationmanagepricingrules-display-component---newInfoPriceItem--daysMonth"}]}
RESULT: {"script":"<script> [1562 bytes]","args":[{"selector":{"id":"application-managepricingrules-display-component---newInfoPriceItem--daysMonth","interaction":{"idSuffix":"inner"}},"wdio_ui5_key":"applicationmanagepricingrules-display-component---newInfoPriceItem--daysMonth"}]}
RESULT: undefined
COMMAND: POST /session/129c046a4c158aab34184c97257eb527/execute/async - {"script":"<script> [776 bytes]","args":[{"enterText":"30","selector":{"id":"application-managepricingrules-display-component---newInfoPriceItem--daysMonth","interaction":{"idSuffix":"inner"}},"clearTextFirst":true,"interactionType":"ENTER_TEXT"}]}
RESULT: {"script":"<script> [776 bytes]","args":[{"enterText":"30","selector":{"id":"application-managepricingrules-display-component---newInfoPriceItem--daysMonth","interaction":{"idSuffix":"inner"}},"clearTextFirst":true,"interactionType":"ENTER_TEXT"}]}
COMMAND: POST /session/129c046a4c158aab34184c97257eb527/element - {"using":"xpath","value":"//button[@data-kt=\"saveNewRuleButton\"]"}
RESULT: {"using":"xpath","value":"//button[@data-kt=\"saveNewRuleButton\"]"}
COMMAND: POST /session/129c046a4c158aab34184c97257eb527/element/f.8E45E670A1384E074590F00FAD9F292A.d.6CFB500DD596EDA3845E936C7C40CE59.e.13672/click - {}
RESULT: {}
COMMAND: GET /session/129c046a4c158aab34184c97257eb527/screenshot - {}
RESULT: {}
COMMAND: POST /session/129c046a4c158aab34184c97257eb527/execute/async - {"script":"<script> [1562 bytes]","args":[{"selector":{"id":"application-managepricingrules-display-component---priceInfoItem--smartFilterBar-btnBasicSearch","interaction":{"idSuffix":"I"}},"wdio_ui5_key":"applicationmanagepricingrules-display-component---priceInfoItem--smartFilterBar-btnBasicSearch"}]}
RESULT: {"script":"<script> [1562 bytes]","args":[{"selector":{"id":"application-managepricingrules-display-component---priceInfoItem--smartFilterBar-btnBasicSearch","interaction":{"idSuffix":"I"}},"wdio_ui5_key":"applicationmanagepricingrules-display-component---priceInfoItem--smartFilterBar-btnBasicSearch"}]}
RESULT: undefined
COMMAND: POST /session/129c046a4c158aab34184c97257eb527/execute/async - {"script":"<script> [776 bytes]","args":[{"enterText":"0zrJ2gijVp","selector":{"id":"application-managepricingrules-display-component---priceInfoItem--smartFilterBar-btnBasicSearch","interaction":{"idSuffix":"I"}},"clearTextFirst":true,"interactionType":"ENTER_TEXT"}]}
RESULT: {"script":"<script> [776 bytes]","args":[{"enterText":"0zrJ2gijVp","selector":{"id":"application-managepricingrules-display-component---priceInfoItem--smartFilterBar-btnBasicSearch","interaction":{"idSuffix":"I"}},"clearTextFirst":true,"interactionType":"ENTER_TEXT"}]}
COMMAND: POST /session/129c046a4c158aab34184c97257eb527/actions - {"actions":[{"id":"action46","type":"key","parameters":{},"actions":[{"type":"keyDown","value":""},{"type":"pause","duration":10},{"type":"keyUp","value":""}]}]}
RESULT: {"actions":[{"id":"action46","type":"key","parameters":{},"actions":[{"type":"keyDown","value":""},{"type":"pause","duration":10},{"type":"keyUp","value":""}]}]}
COMMAND: GET /session/129c046a4c158aab34184c97257eb527/screenshot - {}
RESULT: {}
COMMAND: POST /session/129c046a4c158aab34184c97257eb527/element - {"using":"xpath","value":"//span[@id=\"application-managepricingrules-display-component---priceInfoItem--smartTable-header-inner\"]"}
RESULT: {"using":"xpath","value":"//span[@id=\"application-managepricingrules-display-component---priceInfoItem--smartTable-header-inner\"]"}
COMMAND: POST /session/129c046a4c158aab34184c97257eb527/elements - {"using":"xpath","value":"//span[@id=\"application-managepricingrules-display-component---priceInfoItem--smartTable-header-inner\"]"}
RESULT: {"using":"xpath","value":"//span[@id=\"application-managepricingrules-display-component---priceInfoItem--smartTable-header-inner\"]"}
COMMAND: POST /session/129c046a4c158aab34184c97257eb527/execute/sync - {"script":"<script> [56 bytes]","args":[{"element-6066-11e4-a52e-4f735466cecf":"f.8E45E670A1384E074590F00FAD9F292A.d.6CFB500DD596EDA3845E936C7C40CE59.e.13696","ELEMENT":"f.8E45E670A1384E074590F00FAD9F292A.d.6CFB500DD596EDA3845E936C7C40CE59.e.13696"}]}
RESULT: {"script":"<script> [56 bytes]","args":[{"element-6066-11e4-a52e-4f735466cecf":"f.8E45E670A1384E074590F00FAD9F292A.d.6CFB500DD596EDA3845E936C7C40CE59.e.13696","ELEMENT":"f.8E45E670A1384E074590F00FAD9F292A.d.6CFB500DD596EDA3845E936C7C40CE59.e.13696"}]}
COMMAND: POST /session/129c046a4c158aab34184c97257eb527/element - {"using":"css selector","value":"#shell-header-logo"}
COMMAND: GET /session/129c046a4c158aab34184c97257eb527/screenshot - {}
RESULT: {"using":"css selector","value":"#shell-header-logo"}
COMMAND: POST /session/129c046a4c158aab34184c97257eb527/element/f.8E45E670A1384E074590F00FAD9F292A.d.6CFB500DD596EDA3845E936C7C40CE59.e.12895/click - {}
RESULT: {}
RESULT: {}
COMMAND: GET /session/129c046a4c158aab34184c97257eb527/screenshot - {}
RESULT: {}
]]></system-out>
    </testcase>
    <testcase classname="chrome.135_0_7049_96.windows.Billing_transfer_US117289" name="Should create new condition for equipment" time="71.138">
      <system-out><![CDATA[
COMMAND: POST /session/129c046a4c158aab34184c97257eb527/execute/async - {"script":"<script> [1562 bytes]","args":[{"selector":{"controlType":"sap.m.Text","properties":{"text":"Manage Conditions & Prices"},"interaction":{"idSuffix":"inner"}},"wdio_ui5_key":"sapm.Text{\"text\":\"Manage Conditions & Prices\"}"}]}
RESULT: {"script":"<script> [1562 bytes]","args":[{"selector":{"controlType":"sap.m.Text","properties":{"text":"Manage Conditions & Prices"},"interaction":{"idSuffix":"inner"}},"wdio_ui5_key":"sapm.Text{\"text\":\"Manage Conditions & Prices\"}"}]}
RESULT: undefined
COMMAND: POST /session/129c046a4c158aab34184c97257eb527/element - {"using":"xpath","value":"//*[@id=\"__tile53-title\"]"}
RESULT: {"using":"xpath","value":"//*[@id=\"__tile53-title\"]"}
COMMAND: POST /session/129c046a4c158aab34184c97257eb527/element/f.8E45E670A1384E074590F00FAD9F292A.d.6CFB500DD596EDA3845E936C7C40CE59.e.13699/click - {}
RESULT: {}
COMMAND: POST /session/129c046a4c158aab34184c97257eb527/element - {"using":"xpath","value":"//button[@aria-label=\"Create\"]"}
COMMAND: GET /session/129c046a4c158aab34184c97257eb527/screenshot - {}
RESULT: {"using":"xpath","value":"//button[@aria-label=\"Create\"]"}
COMMAND: POST /session/129c046a4c158aab34184c97257eb527/elements - {"using":"xpath","value":"//button[@aria-label=\"Create\"]"}
RESULT: {}
RESULT: {"using":"xpath","value":"//button[@aria-label=\"Create\"]"}
COMMAND: POST /session/129c046a4c158aab34184c97257eb527/elements - {"using":"xpath","value":"//button[@aria-label=\"Create\"]"}
RESULT: {"using":"xpath","value":"//button[@aria-label=\"Create\"]"}
COMMAND: POST /session/129c046a4c158aab34184c97257eb527/elements - {"using":"xpath","value":"//button[@aria-label=\"Create\"]"}
RESULT: {"using":"xpath","value":"//button[@aria-label=\"Create\"]"}
COMMAND: POST /session/129c046a4c158aab34184c97257eb527/elements - {"using":"xpath","value":"//button[@aria-label=\"Create\"]"}
RESULT: {"using":"xpath","value":"//button[@aria-label=\"Create\"]"}
COMMAND: POST /session/129c046a4c158aab34184c97257eb527/elements - {"using":"xpath","value":"//button[@aria-label=\"Create\"]"}
RESULT: {"using":"xpath","value":"//button[@aria-label=\"Create\"]"}
COMMAND: POST /session/129c046a4c158aab34184c97257eb527/elements - {"using":"xpath","value":"//button[@aria-label=\"Create\"]"}
RESULT: {"using":"xpath","value":"//button[@aria-label=\"Create\"]"}
COMMAND: POST /session/129c046a4c158aab34184c97257eb527/elements - {"using":"xpath","value":"//button[@aria-label=\"Create\"]"}
RESULT: {"using":"xpath","value":"//button[@aria-label=\"Create\"]"}
COMMAND: POST /session/129c046a4c158aab34184c97257eb527/elements - {"using":"xpath","value":"//button[@aria-label=\"Create\"]"}
RESULT: {"using":"xpath","value":"//button[@aria-label=\"Create\"]"}
COMMAND: POST /session/129c046a4c158aab34184c97257eb527/elements - {"using":"xpath","value":"//button[@aria-label=\"Create\"]"}
RESULT: {"using":"xpath","value":"//button[@aria-label=\"Create\"]"}
COMMAND: POST /session/129c046a4c158aab34184c97257eb527/elements - {"using":"xpath","value":"//button[@aria-label=\"Create\"]"}
RESULT: {"using":"xpath","value":"//button[@aria-label=\"Create\"]"}
COMMAND: POST /session/129c046a4c158aab34184c97257eb527/elements - {"using":"xpath","value":"//button[@aria-label=\"Create\"]"}
RESULT: {"using":"xpath","value":"//button[@aria-label=\"Create\"]"}
COMMAND: POST /session/129c046a4c158aab34184c97257eb527/elements - {"using":"xpath","value":"//button[@aria-label=\"Create\"]"}
RESULT: {"using":"xpath","value":"//button[@aria-label=\"Create\"]"}
COMMAND: POST /session/129c046a4c158aab34184c97257eb527/element - {"using":"xpath","value":"//button[@aria-label=\"Create\"]"}
RESULT: {"using":"xpath","value":"//button[@aria-label=\"Create\"]"}
COMMAND: POST /session/129c046a4c158aab34184c97257eb527/execute/sync - {"script":"<script> [8489 bytes]","args":[{"element-6066-11e4-a52e-4f735466cecf":"f.8E45E670A1384E074590F00FAD9F292A.d.6CFB500DD596EDA3845E936C7C40CE59.e.13733","ELEMENT":"f.8E45E670A1384E074590F00FAD9F292A.d.6CFB500DD596EDA3845E936C7C40CE59.e.13733"}]}
RESULT: {"script":"<script> [8489 bytes]","args":[{"element-6066-11e4-a52e-4f735466cecf":"f.8E45E670A1384E074590F00FAD9F292A.d.6CFB500DD596EDA3845E936C7C40CE59.e.13733","ELEMENT":"f.8E45E670A1384E074590F00FAD9F292A.d.6CFB500DD596EDA3845E936C7C40CE59.e.13733"}]}
COMMAND: GET /session/129c046a4c158aab34184c97257eb527/element/f.8E45E670A1384E074590F00FAD9F292A.d.6CFB500DD596EDA3845E936C7C40CE59.e.13733/enabled - {}
COMMAND: GET /session/129c046a4c158aab34184c97257eb527/screenshot - {}
RESULT: {}
COMMAND: POST /session/129c046a4c158aab34184c97257eb527/execute/sync - {"script":"<script> [8489 bytes]","args":[{"element-6066-11e4-a52e-4f735466cecf":"f.8E45E670A1384E074590F00FAD9F292A.d.6CFB500DD596EDA3845E936C7C40CE59.e.13733","ELEMENT":"f.8E45E670A1384E074590F00FAD9F292A.d.6CFB500DD596EDA3845E936C7C40CE59.e.13733"}]}
COMMAND: GET /session/129c046a4c158aab34184c97257eb527/screenshot - {}
RESULT: {}
RESULT: {"script":"<script> [8489 bytes]","args":[{"element-6066-11e4-a52e-4f735466cecf":"f.8E45E670A1384E074590F00FAD9F292A.d.6CFB500DD596EDA3845E936C7C40CE59.e.13733","ELEMENT":"f.8E45E670A1384E074590F00FAD9F292A.d.6CFB500DD596EDA3845E936C7C40CE59.e.13733"}]}
COMMAND: POST /session/129c046a4c158aab34184c97257eb527/execute/sync - {"script":"<script> [5351 bytes]","args":[{"element-6066-11e4-a52e-4f735466cecf":"f.8E45E670A1384E074590F00FAD9F292A.d.6CFB500DD596EDA3845E936C7C40CE59.e.13733","ELEMENT":"f.8E45E670A1384E074590F00FAD9F292A.d.6CFB500DD596EDA3845E936C7C40CE59.e.13733"}]}
COMMAND: GET /session/129c046a4c158aab34184c97257eb527/screenshot - {}
RESULT: {}
RESULT: {"script":"<script> [5351 bytes]","args":[{"element-6066-11e4-a52e-4f735466cecf":"f.8E45E670A1384E074590F00FAD9F292A.d.6CFB500DD596EDA3845E936C7C40CE59.e.13733","ELEMENT":"f.8E45E670A1384E074590F00FAD9F292A.d.6CFB500DD596EDA3845E936C7C40CE59.e.13733"}]}
COMMAND: POST /session/129c046a4c158aab34184c97257eb527/element/f.8E45E670A1384E074590F00FAD9F292A.d.6CFB500DD596EDA3845E936C7C40CE59.e.13733/click - {}
COMMAND: GET /session/129c046a4c158aab34184c97257eb527/screenshot - {}
RESULT: {}
RESULT: {}
COMMAND: GET /session/129c046a4c158aab34184c97257eb527/screenshot - {}
RESULT: {}
RESULT: {}
COMMAND: POST /session/129c046a4c158aab34184c97257eb527/actions - {"actions":[{"id":"action47","type":"key","parameters":{},"actions":[{"type":"keyDown","value":""},{"type":"pause","duration":10},{"type":"keyUp","value":""}]}]}
RESULT: {"actions":[{"id":"action47","type":"key","parameters":{},"actions":[{"type":"keyDown","value":""},{"type":"pause","duration":10},{"type":"keyUp","value":""}]}]}
COMMAND: GET /session/129c046a4c158aab34184c97257eb527/screenshot - {}
RESULT: {}
COMMAND: POST /session/129c046a4c158aab34184c97257eb527/execute/async - {"script":"<script> [1562 bytes]","args":[{"selector":{"id":"application-manageconditionprice-display-component---newCondition--condBillCond-arrow"},"wdio_ui5_key":"applicationmanageconditionprice-display-component---newCondition--condBillCond-arrow"}]}
RESULT: {"script":"<script> [1562 bytes]","args":[{"selector":{"id":"application-manageconditionprice-display-component---newCondition--condBillCond-arrow"},"wdio_ui5_key":"applicationmanageconditionprice-display-component---newCondition--condBillCond-arrow"}]}
RESULT: undefined
COMMAND: POST /session/129c046a4c158aab34184c97257eb527/element - {"using":"xpath","value":"//*[@id=\"application-manageconditionprice-display-component---newCondition--condBillCond-arrow\"]"}
RESULT: {"using":"xpath","value":"//*[@id=\"application-manageconditionprice-display-component---newCondition--condBillCond-arrow\"]"}
COMMAND: POST /session/129c046a4c158aab34184c97257eb527/element/f.8E45E670A1384E074590F00FAD9F292A.d.6CFB500DD596EDA3845E936C7C40CE59.e.13910/click - {}
RESULT: {}
COMMAND: GET /session/129c046a4c158aab34184c97257eb527/screenshot - {}
RESULT: {}
COMMAND: POST /session/129c046a4c158aab34184c97257eb527/element - {"using":"xpath","value":"//li[.//span[contains(text(), \"DISP - D&I special price\")]]"}
RESULT: {"using":"xpath","value":"//li[.//span[contains(text(), \"DISP - D&I special price\")]]"}
COMMAND: POST /session/129c046a4c158aab34184c97257eb527/element/f.8E45E670A1384E074590F00FAD9F292A.d.6CFB500DD596EDA3845E936C7C40CE59.e.13913/click - {}
RESULT: {}
COMMAND: GET /session/129c046a4c158aab34184c97257eb527/screenshot - {}
RESULT: {}
COMMAND: POST /session/129c046a4c158aab34184c97257eb527/execute/async - {"script":"<script> [1562 bytes]","args":[{"selector":{"id":"application-manageconditionprice-display-component---newCondition--condValidTo","interaction":{"idSuffix":"inner"}},"wdio_ui5_key":"applicationmanageconditionprice-display-component---newCondition--condValidTo"}]}
RESULT: {"script":"<script> [1562 bytes]","args":[{"selector":{"id":"application-manageconditionprice-display-component---newCondition--condValidTo","interaction":{"idSuffix":"inner"}},"wdio_ui5_key":"applicationmanageconditionprice-display-component---newCondition--condValidTo"}]}
RESULT: undefined
COMMAND: POST /session/129c046a4c158aab34184c97257eb527/execute/async - {"script":"<script> [776 bytes]","args":[{"enterText":"12/23/25","selector":{"id":"application-manageconditionprice-display-component---newCondition--condValidTo","interaction":{"idSuffix":"inner"}},"clearTextFirst":true,"interactionType":"ENTER_TEXT"}]}
RESULT: {"script":"<script> [776 bytes]","args":[{"enterText":"12/23/25","selector":{"id":"application-manageconditionprice-display-component---newCondition--condValidTo","interaction":{"idSuffix":"inner"}},"clearTextFirst":true,"interactionType":"ENTER_TEXT"}]}
COMMAND: POST /session/129c046a4c158aab34184c97257eb527/element - {"using":"xpath","value":"//input[@id=\"application-manageconditionprice-display-component---newCondition--condRU-inner\"]"}
RESULT: {"using":"xpath","value":"//input[@id=\"application-manageconditionprice-display-component---newCondition--condRU-inner\"]"}
COMMAND: POST /session/129c046a4c158aab34184c97257eb527/element/f.8E45E670A1384E074590F00FAD9F292A.d.6CFB500DD596EDA3845E936C7C40CE59.e.13775/clear - {}
RESULT: {}
COMMAND: POST /session/129c046a4c158aab34184c97257eb527/element/f.8E45E670A1384E074590F00FAD9F292A.d.6CFB500DD596EDA3845E936C7C40CE59.e.13775/value - {"text":"0zrJ2gijVp"}
COMMAND: GET /session/129c046a4c158aab34184c97257eb527/screenshot - {}
RESULT: {"text":"0zrJ2gijVp"}
COMMAND: GET /session/129c046a4c158aab34184c97257eb527/screenshot - {}
RESULT: {}
RESULT: {}
COMMAND: POST /session/129c046a4c158aab34184c97257eb527/actions - {"actions":[{"id":"action48","type":"key","parameters":{},"actions":[{"type":"keyDown","value":""},{"type":"pause","duration":10},{"type":"keyUp","value":""}]}]}
RESULT: {"actions":[{"id":"action48","type":"key","parameters":{},"actions":[{"type":"keyDown","value":""},{"type":"pause","duration":10},{"type":"keyUp","value":""}]}]}
COMMAND: POST /session/129c046a4c158aab34184c97257eb527/execute/async - {"script":"<script> [1562 bytes]","args":[{"selector":{"id":"application-manageconditionprice-display-component---newCondition--condBaseQty","interaction":{"idSuffix":"inner"}},"wdio_ui5_key":"applicationmanageconditionprice-display-component---newCondition--condBaseQty"}]}
COMMAND: GET /session/129c046a4c158aab34184c97257eb527/screenshot - {}
RESULT: {"script":"<script> [1562 bytes]","args":[{"selector":{"id":"application-manageconditionprice-display-component---newCondition--condBaseQty","interaction":{"idSuffix":"inner"}},"wdio_ui5_key":"applicationmanageconditionprice-display-component---newCondition--condBaseQty"}]}
RESULT: undefined
COMMAND: POST /session/129c046a4c158aab34184c97257eb527/execute/async - {"script":"<script> [776 bytes]","args":[{"enterText":"1","selector":{"id":"application-manageconditionprice-display-component---newCondition--condBaseQty","interaction":{"idSuffix":"inner"}},"clearTextFirst":true,"interactionType":"ENTER_TEXT"}]}
RESULT: {}
RESULT: {"script":"<script> [776 bytes]","args":[{"enterText":"1","selector":{"id":"application-manageconditionprice-display-component---newCondition--condBaseQty","interaction":{"idSuffix":"inner"}},"clearTextFirst":true,"interactionType":"ENTER_TEXT"}]}
COMMAND: POST /session/129c046a4c158aab34184c97257eb527/execute/async - {"script":"<script> [1562 bytes]","args":[{"selector":{"id":"application-manageconditionprice-display-component---newCondition--condValue","interaction":{"idSuffix":"inner"}},"wdio_ui5_key":"applicationmanageconditionprice-display-component---newCondition--condValue"}]}
RESULT: {"script":"<script> [1562 bytes]","args":[{"selector":{"id":"application-manageconditionprice-display-component---newCondition--condValue","interaction":{"idSuffix":"inner"}},"wdio_ui5_key":"applicationmanageconditionprice-display-component---newCondition--condValue"}]}
RESULT: undefined
COMMAND: POST /session/129c046a4c158aab34184c97257eb527/execute/async - {"script":"<script> [776 bytes]","args":[{"enterText":"100","selector":{"id":"application-manageconditionprice-display-component---newCondition--condValue","interaction":{"idSuffix":"inner"}},"clearTextFirst":true,"interactionType":"ENTER_TEXT"}]}
RESULT: {"script":"<script> [776 bytes]","args":[{"enterText":"100","selector":{"id":"application-manageconditionprice-display-component---newCondition--condValue","interaction":{"idSuffix":"inner"}},"clearTextFirst":true,"interactionType":"ENTER_TEXT"}]}
COMMAND: POST /session/129c046a4c158aab34184c97257eb527/execute/async - {"script":"<script> [1562 bytes]","args":[{"selector":{"id":"application-manageconditionprice-display-component---newCondition--condCurr-arrow"},"wdio_ui5_key":"applicationmanageconditionprice-display-component---newCondition--condCurr-arrow"}]}
RESULT: {"script":"<script> [1562 bytes]","args":[{"selector":{"id":"application-manageconditionprice-display-component---newCondition--condCurr-arrow"},"wdio_ui5_key":"applicationmanageconditionprice-display-component---newCondition--condCurr-arrow"}]}
RESULT: undefined
COMMAND: POST /session/129c046a4c158aab34184c97257eb527/element - {"using":"xpath","value":"//*[@id=\"application-manageconditionprice-display-component---newCondition--condCurr-arrow\"]"}
RESULT: {"using":"xpath","value":"//*[@id=\"application-manageconditionprice-display-component---newCondition--condCurr-arrow\"]"}
COMMAND: POST /session/129c046a4c158aab34184c97257eb527/element/f.8E45E670A1384E074590F00FAD9F292A.d.6CFB500DD596EDA3845E936C7C40CE59.e.13874/click - {}
RESULT: {}
COMMAND: POST /session/129c046a4c158aab34184c97257eb527/element - {"using":"xpath","value":"//span[contains(text(), \"Euro\")]"}
COMMAND: GET /session/129c046a4c158aab34184c97257eb527/screenshot - {}
RESULT: {"using":"xpath","value":"//span[contains(text(), \"Euro\")]"}
COMMAND: POST /session/129c046a4c158aab34184c97257eb527/element/f.8E45E670A1384E074590F00FAD9F292A.d.6CFB500DD596EDA3845E936C7C40CE59.e.13950/click - {}
RESULT: {}
RESULT: {}
COMMAND: POST /session/129c046a4c158aab34184c97257eb527/element - {"using":"xpath","value":"//button[@data-kt=\"saveButton\"]"}
COMMAND: GET /session/129c046a4c158aab34184c97257eb527/screenshot - {}
RESULT: {"using":"xpath","value":"//button[@data-kt=\"saveButton\"]"}
COMMAND: POST /session/129c046a4c158aab34184c97257eb527/element/f.8E45E670A1384E074590F00FAD9F292A.d.6CFB500DD596EDA3845E936C7C40CE59.e.13875/click - {}
RESULT: {}
RESULT: {}
COMMAND: GET /session/129c046a4c158aab34184c97257eb527/screenshot - {}
RESULT: {}
COMMAND: POST /session/129c046a4c158aab34184c97257eb527/execute/async - {"script":"<script> [1562 bytes]","args":[{"selector":{"id":"application-manageconditionprice-display-component---conditions--smartFilterBar-btnBasicSearch","interaction":{"idSuffix":"I"}},"wdio_ui5_key":"applicationmanageconditionprice-display-component---conditions--smartFilterBar-btnBasicSearch"}]}
RESULT: {"script":"<script> [1562 bytes]","args":[{"selector":{"id":"application-manageconditionprice-display-component---conditions--smartFilterBar-btnBasicSearch","interaction":{"idSuffix":"I"}},"wdio_ui5_key":"applicationmanageconditionprice-display-component---conditions--smartFilterBar-btnBasicSearch"}]}
RESULT: undefined
COMMAND: POST /session/129c046a4c158aab34184c97257eb527/execute/async - {"script":"<script> [776 bytes]","args":[{"enterText":"0zrJ2gijVp","selector":{"id":"application-manageconditionprice-display-component---conditions--smartFilterBar-btnBasicSearch","interaction":{"idSuffix":"I"}},"clearTextFirst":true,"interactionType":"ENTER_TEXT"}]}
RESULT: {"script":"<script> [776 bytes]","args":[{"enterText":"0zrJ2gijVp","selector":{"id":"application-manageconditionprice-display-component---conditions--smartFilterBar-btnBasicSearch","interaction":{"idSuffix":"I"}},"clearTextFirst":true,"interactionType":"ENTER_TEXT"}]}
COMMAND: POST /session/129c046a4c158aab34184c97257eb527/actions - {"actions":[{"id":"action49","type":"key","parameters":{},"actions":[{"type":"keyDown","value":""},{"type":"pause","duration":10},{"type":"keyUp","value":""}]}]}
RESULT: {"actions":[{"id":"action49","type":"key","parameters":{},"actions":[{"type":"keyDown","value":""},{"type":"pause","duration":10},{"type":"keyUp","value":""}]}]}
COMMAND: GET /session/129c046a4c158aab34184c97257eb527/screenshot - {}
RESULT: {}
COMMAND: POST /session/129c046a4c158aab34184c97257eb527/execute/async - {"script":"<script> [1562 bytes]","args":[{"selector":{"id":"application-manageconditionprice-display-component---conditions--smartFilterBar-filterItemControl_BASIC-BILL_TYPES-vhi"},"wdio_ui5_key":"applicationmanageconditionprice-display-component---conditions--smartFilterBar-filterItemControl_BASIC-BILL_TYPES-vhi"}]}
RESULT: {"script":"<script> [1562 bytes]","args":[{"selector":{"id":"application-manageconditionprice-display-component---conditions--smartFilterBar-filterItemControl_BASIC-BILL_TYPES-vhi"},"wdio_ui5_key":"applicationmanageconditionprice-display-component---conditions--smartFilterBar-filterItemControl_BASIC-BILL_TYPES-vhi"}]}
RESULT: undefined
COMMAND: POST /session/129c046a4c158aab34184c97257eb527/element - {"using":"xpath","value":"//*[@id=\"application-manageconditionprice-display-component---conditions--smartFilterBar-filterItemControl_BASIC-BILL_TYPES-vhi\"]"}
RESULT: {"using":"xpath","value":"//*[@id=\"application-manageconditionprice-display-component---conditions--smartFilterBar-filterItemControl_BASIC-BILL_TYPES-vhi\"]"}
COMMAND: POST /session/129c046a4c158aab34184c97257eb527/element/f.8E45E670A1384E074590F00FAD9F292A.d.6CFB500DD596EDA3845E936C7C40CE59.e.13966/click - {}
RESULT: {}
COMMAND: POST /session/129c046a4c158aab34184c97257eb527/execute/async - {"script":"<script> [1562 bytes]","args":[{"selector":{"id":"application-manageconditionprice-display-component---conditions--smartFilterBar-filterItemControl_BASIC-BILL_TYPES-valueHelpDialog-smartFilterBar-btnBasicSearch","searchOpenDialogs":true,"interaction":{"idSuffix":"I"}},"wdio_ui5_key":"applicationmanageconditionprice-display-component---conditions--smartFilterBar-filterItemControl_BASIC-BILL_TYPES-valueHelpDialog-smartFilterBar-btnBasicSearch"}]}
COMMAND: GET /session/129c046a4c158aab34184c97257eb527/screenshot - {}
RESULT: {"script":"<script> [1562 bytes]","args":[{"selector":{"id":"application-manageconditionprice-display-component---conditions--smartFilterBar-filterItemControl_BASIC-BILL_TYPES-valueHelpDialog-smartFilterBar-btnBasicSearch","searchOpenDialogs":true,"interaction":{"idSuffix":"I"}},"wdio_ui5_key":"applicationmanageconditionprice-display-component---conditions--smartFilterBar-filterItemControl_BASIC-BILL_TYPES-valueHelpDialog-smartFilterBar-btnBasicSearch"}]}
RESULT: undefined
COMMAND: POST /session/129c046a4c158aab34184c97257eb527/execute/async - {"script":"<script> [776 bytes]","args":[{"enterText":"TB","selector":{"id":"application-manageconditionprice-display-component---conditions--smartFilterBar-filterItemControl_BASIC-BILL_TYPES-valueHelpDialog-smartFilterBar-btnBasicSearch","searchOpenDialogs":true,"interaction":{"idSuffix":"I"}},"clearTextFirst":true,"interactionType":"ENTER_TEXT"}]}
RESULT: {}
RESULT: {"script":"<script> [776 bytes]","args":[{"enterText":"TB","selector":{"id":"application-manageconditionprice-display-component---conditions--smartFilterBar-filterItemControl_BASIC-BILL_TYPES-valueHelpDialog-smartFilterBar-btnBasicSearch","searchOpenDialogs":true,"interaction":{"idSuffix":"I"}},"clearTextFirst":true,"interactionType":"ENTER_TEXT"}]}
COMMAND: POST /session/129c046a4c158aab34184c97257eb527/actions - {"actions":[{"id":"action50","type":"key","parameters":{},"actions":[{"type":"keyDown","value":""},{"type":"pause","duration":10},{"type":"keyUp","value":""}]}]}
RESULT: {"actions":[{"id":"action50","type":"key","parameters":{},"actions":[{"type":"keyDown","value":""},{"type":"pause","duration":10},{"type":"keyUp","value":""}]}]}
COMMAND: GET /session/129c046a4c158aab34184c97257eb527/screenshot - {}
RESULT: {}
COMMAND: POST /session/129c046a4c158aab34184c97257eb527/element - {"using":"xpath","value":"//div[contains(@id, 'application-manageconditionprice-display-component---conditions--smartFilterBar-filterItemControl_BASIC-BILL_TYPES-valueHelpDialog-table-rowsel0')]"}
RESULT: {"using":"xpath","value":"//div[contains(@id, 'application-manageconditionprice-display-component---conditions--smartFilterBar-filterItemControl_BASIC-BILL_TYPES-valueHelpDialog-table-rowsel0')]"}
COMMAND: POST /session/129c046a4c158aab34184c97257eb527/element/f.8E45E670A1384E074590F00FAD9F292A.d.6CFB500DD596EDA3845E936C7C40CE59.e.13976/click - {}
RESULT: {}
COMMAND: GET /session/129c046a4c158aab34184c97257eb527/screenshot - {}
RESULT: {}
COMMAND: POST /session/129c046a4c158aab34184c97257eb527/element - {"using":"xpath","value":"//bdi[contains(text(), \"OK\")]"}
RESULT: {"using":"xpath","value":"//bdi[contains(text(), \"OK\")]"}
COMMAND: POST /session/129c046a4c158aab34184c97257eb527/element/f.8E45E670A1384E074590F00FAD9F292A.d.6CFB500DD596EDA3845E936C7C40CE59.e.13978/click - {}
RESULT: {}
COMMAND: GET /session/129c046a4c158aab34184c97257eb527/screenshot - {}
RESULT: {}
COMMAND: POST /session/129c046a4c158aab34184c97257eb527/element - {"using":"xpath","value":"//span[@id=\"application-manageconditionprice-display-component---conditions--smartTable-header-inner\"]"}
RESULT: {"using":"xpath","value":"//span[@id=\"application-manageconditionprice-display-component---conditions--smartTable-header-inner\"]"}
COMMAND: POST /session/129c046a4c158aab34184c97257eb527/elements - {"using":"xpath","value":"//span[@id=\"application-manageconditionprice-display-component---conditions--smartTable-header-inner\"]"}
RESULT: {"using":"xpath","value":"//span[@id=\"application-manageconditionprice-display-component---conditions--smartTable-header-inner\"]"}
COMMAND: POST /session/129c046a4c158aab34184c97257eb527/execute/sync - {"script":"<script> [56 bytes]","args":[{"element-6066-11e4-a52e-4f735466cecf":"f.8E45E670A1384E074590F00FAD9F292A.d.6CFB500DD596EDA3845E936C7C40CE59.e.13981","ELEMENT":"f.8E45E670A1384E074590F00FAD9F292A.d.6CFB500DD596EDA3845E936C7C40CE59.e.13981"}]}
RESULT: {"script":"<script> [56 bytes]","args":[{"element-6066-11e4-a52e-4f735466cecf":"f.8E45E670A1384E074590F00FAD9F292A.d.6CFB500DD596EDA3845E936C7C40CE59.e.13981","ELEMENT":"f.8E45E670A1384E074590F00FAD9F292A.d.6CFB500DD596EDA3845E936C7C40CE59.e.13981"}]}
COMMAND: POST /session/129c046a4c158aab34184c97257eb527/element - {"using":"css selector","value":"#shell-header-logo"}
COMMAND: GET /session/129c046a4c158aab34184c97257eb527/screenshot - {}
RESULT: {"using":"css selector","value":"#shell-header-logo"}
COMMAND: POST /session/129c046a4c158aab34184c97257eb527/element/f.8E45E670A1384E074590F00FAD9F292A.d.6CFB500DD596EDA3845E936C7C40CE59.e.13701/click - {}
RESULT: {}
RESULT: {}
COMMAND: GET /session/129c046a4c158aab34184c97257eb527/screenshot - {}
RESULT: {}
]]></system-out>
    </testcase>
    <testcase classname="chrome.135_0_7049_96.windows.Billing_transfer_US117289" name="Should do a stock increase" time="84.797">
      <system-out><![CDATA[
COMMAND: POST /session/129c046a4c158aab34184c97257eb527/execute/async - {"script":"<script> [1562 bytes]","args":[{"selector":{"controlType":"sap.m.Text","viewName":"etm.portal.ui.managehandoverstile.view.Master","properties":{"text":"Manage Handovers"},"interaction":{"idSuffix":"inner"}},"wdio_ui5_key":"etmportal.ui.managehandoverstile.view.Mastersap.m.Text{\"text\":\"Manage Handovers\"}"}]}
RESULT: {"script":"<script> [1562 bytes]","args":[{"selector":{"controlType":"sap.m.Text","viewName":"etm.portal.ui.managehandoverstile.view.Master","properties":{"text":"Manage Handovers"},"interaction":{"idSuffix":"inner"}},"wdio_ui5_key":"etmportal.ui.managehandoverstile.view.Mastersap.m.Text{\"text\":\"Manage Handovers\"}"}]}
RESULT: undefined
COMMAND: POST /session/129c046a4c158aab34184c97257eb527/element - {"using":"xpath","value":"//*[@id=\"__tile133-title\"]"}
RESULT: {"using":"xpath","value":"//*[@id=\"__tile133-title\"]"}
COMMAND: POST /session/129c046a4c158aab34184c97257eb527/element/f.8E45E670A1384E074590F00FAD9F292A.d.6CFB500DD596EDA3845E936C7C40CE59.e.13986/click - {}
RESULT: {}
COMMAND: POST /session/129c046a4c158aab34184c97257eb527/element - {"using":"xpath","value":"//button[@data-kt=\"masterHOAddButton\"]"}
COMMAND: GET /session/129c046a4c158aab34184c97257eb527/screenshot - {}
RESULT: {"using":"xpath","value":"//button[@data-kt=\"masterHOAddButton\"]"}
COMMAND: POST /session/129c046a4c158aab34184c97257eb527/elements - {"using":"xpath","value":"//button[@data-kt=\"masterHOAddButton\"]"}
RESULT: {}
RESULT: {"using":"xpath","value":"//button[@data-kt=\"masterHOAddButton\"]"}
COMMAND: POST /session/129c046a4c158aab34184c97257eb527/elements - {"using":"xpath","value":"//button[@data-kt=\"masterHOAddButton\"]"}
RESULT: {"using":"xpath","value":"//button[@data-kt=\"masterHOAddButton\"]"}
COMMAND: POST /session/129c046a4c158aab34184c97257eb527/elements - {"using":"xpath","value":"//button[@data-kt=\"masterHOAddButton\"]"}
RESULT: {"using":"xpath","value":"//button[@data-kt=\"masterHOAddButton\"]"}
COMMAND: POST /session/129c046a4c158aab34184c97257eb527/elements - {"using":"xpath","value":"//button[@data-kt=\"masterHOAddButton\"]"}
RESULT: {"using":"xpath","value":"//button[@data-kt=\"masterHOAddButton\"]"}
COMMAND: POST /session/129c046a4c158aab34184c97257eb527/elements - {"using":"xpath","value":"//button[@data-kt=\"masterHOAddButton\"]"}
RESULT: {"using":"xpath","value":"//button[@data-kt=\"masterHOAddButton\"]"}
COMMAND: POST /session/129c046a4c158aab34184c97257eb527/elements - {"using":"xpath","value":"//button[@data-kt=\"masterHOAddButton\"]"}
RESULT: {"using":"xpath","value":"//button[@data-kt=\"masterHOAddButton\"]"}
COMMAND: POST /session/129c046a4c158aab34184c97257eb527/elements - {"using":"xpath","value":"//button[@data-kt=\"masterHOAddButton\"]"}
RESULT: {"using":"xpath","value":"//button[@data-kt=\"masterHOAddButton\"]"}
COMMAND: POST /session/129c046a4c158aab34184c97257eb527/elements - {"using":"xpath","value":"//button[@data-kt=\"masterHOAddButton\"]"}
RESULT: {"using":"xpath","value":"//button[@data-kt=\"masterHOAddButton\"]"}
COMMAND: POST /session/129c046a4c158aab34184c97257eb527/elements - {"using":"xpath","value":"//button[@data-kt=\"masterHOAddButton\"]"}
RESULT: {"using":"xpath","value":"//button[@data-kt=\"masterHOAddButton\"]"}
COMMAND: POST /session/129c046a4c158aab34184c97257eb527/elements - {"using":"xpath","value":"//button[@data-kt=\"masterHOAddButton\"]"}
RESULT: {"using":"xpath","value":"//button[@data-kt=\"masterHOAddButton\"]"}
COMMAND: POST /session/129c046a4c158aab34184c97257eb527/elements - {"using":"xpath","value":"//button[@data-kt=\"masterHOAddButton\"]"}
RESULT: {"using":"xpath","value":"//button[@data-kt=\"masterHOAddButton\"]"}
COMMAND: POST /session/129c046a4c158aab34184c97257eb527/elements - {"using":"xpath","value":"//button[@data-kt=\"masterHOAddButton\"]"}
RESULT: {"using":"xpath","value":"//button[@data-kt=\"masterHOAddButton\"]"}
COMMAND: POST /session/129c046a4c158aab34184c97257eb527/elements - {"using":"xpath","value":"//button[@data-kt=\"masterHOAddButton\"]"}
RESULT: {"using":"xpath","value":"//button[@data-kt=\"masterHOAddButton\"]"}
COMMAND: POST /session/129c046a4c158aab34184c97257eb527/elements - {"using":"xpath","value":"//button[@data-kt=\"masterHOAddButton\"]"}
RESULT: {"using":"xpath","value":"//button[@data-kt=\"masterHOAddButton\"]"}
COMMAND: POST /session/129c046a4c158aab34184c97257eb527/elements - {"using":"xpath","value":"//button[@data-kt=\"masterHOAddButton\"]"}
RESULT: {"using":"xpath","value":"//button[@data-kt=\"masterHOAddButton\"]"}
COMMAND: POST /session/129c046a4c158aab34184c97257eb527/elements - {"using":"xpath","value":"//button[@data-kt=\"masterHOAddButton\"]"}
RESULT: {"using":"xpath","value":"//button[@data-kt=\"masterHOAddButton\"]"}
COMMAND: POST /session/129c046a4c158aab34184c97257eb527/elements - {"using":"xpath","value":"//button[@data-kt=\"masterHOAddButton\"]"}
RESULT: {"using":"xpath","value":"//button[@data-kt=\"masterHOAddButton\"]"}
COMMAND: POST /session/129c046a4c158aab34184c97257eb527/element - {"using":"xpath","value":"//button[@data-kt=\"masterHOAddButton\"]"}
RESULT: {"using":"xpath","value":"//button[@data-kt=\"masterHOAddButton\"]"}
COMMAND: POST /session/129c046a4c158aab34184c97257eb527/execute/sync - {"script":"<script> [8489 bytes]","args":[{"element-6066-11e4-a52e-4f735466cecf":"f.8E45E670A1384E074590F00FAD9F292A.d.6CFB500DD596EDA3845E936C7C40CE59.e.14013","ELEMENT":"f.8E45E670A1384E074590F00FAD9F292A.d.6CFB500DD596EDA3845E936C7C40CE59.e.14013"}]}
RESULT: {"script":"<script> [8489 bytes]","args":[{"element-6066-11e4-a52e-4f735466cecf":"f.8E45E670A1384E074590F00FAD9F292A.d.6CFB500DD596EDA3845E936C7C40CE59.e.14013","ELEMENT":"f.8E45E670A1384E074590F00FAD9F292A.d.6CFB500DD596EDA3845E936C7C40CE59.e.14013"}]}
COMMAND: GET /session/129c046a4c158aab34184c97257eb527/element/f.8E45E670A1384E074590F00FAD9F292A.d.6CFB500DD596EDA3845E936C7C40CE59.e.14013/enabled - {}
COMMAND: GET /session/129c046a4c158aab34184c97257eb527/screenshot - {}
RESULT: {}
RESULT: {}
COMMAND: POST /session/129c046a4c158aab34184c97257eb527/execute/sync - {"script":"<script> [8489 bytes]","args":[{"element-6066-11e4-a52e-4f735466cecf":"f.8E45E670A1384E074590F00FAD9F292A.d.6CFB500DD596EDA3845E936C7C40CE59.e.14013","ELEMENT":"f.8E45E670A1384E074590F00FAD9F292A.d.6CFB500DD596EDA3845E936C7C40CE59.e.14013"}]}
COMMAND: GET /session/129c046a4c158aab34184c97257eb527/screenshot - {}
RESULT: {"script":"<script> [8489 bytes]","args":[{"element-6066-11e4-a52e-4f735466cecf":"f.8E45E670A1384E074590F00FAD9F292A.d.6CFB500DD596EDA3845E936C7C40CE59.e.14013","ELEMENT":"f.8E45E670A1384E074590F00FAD9F292A.d.6CFB500DD596EDA3845E936C7C40CE59.e.14013"}]}
COMMAND: POST /session/129c046a4c158aab34184c97257eb527/execute/sync - {"script":"<script> [5351 bytes]","args":[{"element-6066-11e4-a52e-4f735466cecf":"f.8E45E670A1384E074590F00FAD9F292A.d.6CFB500DD596EDA3845E936C7C40CE59.e.14013","ELEMENT":"f.8E45E670A1384E074590F00FAD9F292A.d.6CFB500DD596EDA3845E936C7C40CE59.e.14013"}]}
COMMAND: GET /session/129c046a4c158aab34184c97257eb527/screenshot - {}
RESULT: {}
RESULT: {"script":"<script> [5351 bytes]","args":[{"element-6066-11e4-a52e-4f735466cecf":"f.8E45E670A1384E074590F00FAD9F292A.d.6CFB500DD596EDA3845E936C7C40CE59.e.14013","ELEMENT":"f.8E45E670A1384E074590F00FAD9F292A.d.6CFB500DD596EDA3845E936C7C40CE59.e.14013"}]}
COMMAND: POST /session/129c046a4c158aab34184c97257eb527/element/f.8E45E670A1384E074590F00FAD9F292A.d.6CFB500DD596EDA3845E936C7C40CE59.e.14013/click - {}
COMMAND: GET /session/129c046a4c158aab34184c97257eb527/screenshot - {}
RESULT: {}
RESULT: {}
COMMAND: GET /session/129c046a4c158aab34184c97257eb527/screenshot - {}
COMMAND: POST /session/129c046a4c158aab34184c97257eb527/element - {"using":"xpath","value":"//span[contains(@id ,\"AddNewHO--typeSelect-arrow\")]"}
RESULT: {}
RESULT: {}
RESULT: {"using":"xpath","value":"//span[contains(@id ,\"AddNewHO--typeSelect-arrow\")]"}
COMMAND: POST /session/129c046a4c158aab34184c97257eb527/element/f.8E45E670A1384E074590F00FAD9F292A.d.6CFB500DD596EDA3845E936C7C40CE59.e.14384/click - {}
RESULT: {}
COMMAND: GET /session/129c046a4c158aab34184c97257eb527/screenshot - {}
RESULT: {}
COMMAND: POST /session/129c046a4c158aab34184c97257eb527/element - {"using":"xpath","value":"(//li[contains(text(), \"stock increase yard\")])[1]"}
RESULT: {"using":"xpath","value":"(//li[contains(text(), \"stock increase yard\")])[1]"}
COMMAND: POST /session/129c046a4c158aab34184c97257eb527/element/f.8E45E670A1384E074590F00FAD9F292A.d.6CFB500DD596EDA3845E936C7C40CE59.e.14385/click - {}
RESULT: {}
COMMAND: GET /session/129c046a4c158aab34184c97257eb527/screenshot - {}
RESULT: {}
COMMAND: POST /session/129c046a4c158aab34184c97257eb527/execute/async - {"script":"<script> [1562 bytes]","args":[{"selector":{"id":"application-managehandovers-display-component---AddNewHO--dueDate","interaction":{"idSuffix":"inner"}},"wdio_ui5_key":"applicationmanagehandovers-display-component---AddNewHO--dueDate"}]}
RESULT: {"script":"<script> [1562 bytes]","args":[{"selector":{"id":"application-managehandovers-display-component---AddNewHO--dueDate","interaction":{"idSuffix":"inner"}},"wdio_ui5_key":"applicationmanagehandovers-display-component---AddNewHO--dueDate"}]}
RESULT: undefined
COMMAND: POST /session/129c046a4c158aab34184c97257eb527/execute/async - {"script":"<script> [6424 bytes]","args":[{"element-6066-11e4-a52e-4f735466cecf":"f.8E45E670A1384E074590F00FAD9F292A.d.6CFB500DD596EDA3845E936C7C40CE59.e.14387"},"setValue",["04/23/2025"]]}
RESULT: {"script":"<script> [6424 bytes]","args":[{"element-6066-11e4-a52e-4f735466cecf":"f.8E45E670A1384E074590F00FAD9F292A.d.6CFB500DD596EDA3845E936C7C40CE59.e.14387"},"setValue",["04/23/2025"]]}
COMMAND: POST /session/129c046a4c158aab34184c97257eb527/element - {"using":"xpath","value":"//input[@id=\"generalSectionFrg--receiveYard-inner\"]"}
RESULT: {"using":"xpath","value":"//input[@id=\"generalSectionFrg--receiveYard-inner\"]"}
COMMAND: POST /session/129c046a4c158aab34184c97257eb527/element/f.8E45E670A1384E074590F00FAD9F292A.d.6CFB500DD596EDA3845E936C7C40CE59.e.14393/clear - {}
RESULT: {}
COMMAND: POST /session/129c046a4c158aab34184c97257eb527/element/f.8E45E670A1384E074590F00FAD9F292A.d.6CFB500DD596EDA3845E936C7C40CE59.e.14393/value - {"text":"745"}
COMMAND: GET /session/129c046a4c158aab34184c97257eb527/screenshot - {}
RESULT: {}
RESULT: {"text":"745"}
COMMAND: GET /session/129c046a4c158aab34184c97257eb527/screenshot - {}
RESULT: {}
COMMAND: POST /session/129c046a4c158aab34184c97257eb527/element - {"using":"xpath","value":"//li[.//span[text()='745']]"}
RESULT: {"using":"xpath","value":"//li[.//span[text()='745']]"}
COMMAND: POST /session/129c046a4c158aab34184c97257eb527/element/f.8E45E670A1384E074590F00FAD9F292A.d.6CFB500DD596EDA3845E936C7C40CE59.e.14410/click - {}
RESULT: {}
COMMAND: GET /session/129c046a4c158aab34184c97257eb527/screenshot - {}
RESULT: {}
COMMAND: POST /session/129c046a4c158aab34184c97257eb527/execute/async - {"script":"<script> [1562 bytes]","args":[{"selector":{"id":"application-managehandovers-display-component---AddNewHO--ObjectPageLayout-anchBar-application-managehandovers-display-component---AddNewHO--section4-anchor","interaction":{"idSuffix":"BDI-content"}},"wdio_ui5_key":"applicationmanagehandovers-display-component---AddNewHO--ObjectPageLayout-anchBar-application-managehandovers-display-component---AddNewHO--section4-anchor"}]}
RESULT: {"script":"<script> [1562 bytes]","args":[{"selector":{"id":"application-managehandovers-display-component---AddNewHO--ObjectPageLayout-anchBar-application-managehandovers-display-component---AddNewHO--section4-anchor","interaction":{"idSuffix":"BDI-content"}},"wdio_ui5_key":"applicationmanagehandovers-display-component---AddNewHO--ObjectPageLayout-anchBar-application-managehandovers-display-component---AddNewHO--section4-anchor"}]}
RESULT: undefined
COMMAND: POST /session/129c046a4c158aab34184c97257eb527/element - {"using":"xpath","value":"//*[@id=\"application-managehandovers-display-component---AddNewHO--ObjectPageLayout-anchBar-application-managehandovers-display-component---AddNewHO--section4-anchor\"]"}
RESULT: {"using":"xpath","value":"//*[@id=\"application-managehandovers-display-component---AddNewHO--ObjectPageLayout-anchBar-application-managehandovers-display-component---AddNewHO--section4-anchor\"]"}
COMMAND: POST /session/129c046a4c158aab34184c97257eb527/element/f.8E45E670A1384E074590F00FAD9F292A.d.6CFB500DD596EDA3845E936C7C40CE59.e.14412/click - {}
RESULT: {}
COMMAND: POST /session/129c046a4c158aab34184c97257eb527/element - {"using":"xpath","value":"//button[@aria-label=\"Add\"]"}
COMMAND: GET /session/129c046a4c158aab34184c97257eb527/screenshot - {}
RESULT: {"using":"xpath","value":"//button[@aria-label=\"Add\"]"}
COMMAND: POST /session/129c046a4c158aab34184c97257eb527/element/f.8E45E670A1384E074590F00FAD9F292A.d.6CFB500DD596EDA3845E936C7C40CE59.e.14414/click - {}
RESULT: {}
RESULT: {}
COMMAND: GET /session/129c046a4c158aab34184c97257eb527/screenshot - {}
RESULT: {}
COMMAND: POST /session/129c046a4c158aab34184c97257eb527/execute/async - {"script":"<script> [1562 bytes]","args":[{"selector":{"id":"application-managehandovers-display-component---AddNewHO--smartFilterBar-btnBasicSearch","searchOpenDialogs":true,"interaction":{"idSuffix":"I"}},"wdio_ui5_key":"applicationmanagehandovers-display-component---AddNewHO--smartFilterBar-btnBasicSearch"}]}
RESULT: {"script":"<script> [1562 bytes]","args":[{"selector":{"id":"application-managehandovers-display-component---AddNewHO--smartFilterBar-btnBasicSearch","searchOpenDialogs":true,"interaction":{"idSuffix":"I"}},"wdio_ui5_key":"applicationmanagehandovers-display-component---AddNewHO--smartFilterBar-btnBasicSearch"}]}
RESULT: undefined
COMMAND: POST /session/129c046a4c158aab34184c97257eb527/execute/async - {"script":"<script> [776 bytes]","args":[{"enterText":"0zrJ2gijVp","selector":{"id":"application-managehandovers-display-component---AddNewHO--smartFilterBar-btnBasicSearch","searchOpenDialogs":true,"interaction":{"idSuffix":"I"}},"clearTextFirst":true,"interactionType":"ENTER_TEXT"}]}
RESULT: {"script":"<script> [776 bytes]","args":[{"enterText":"0zrJ2gijVp","selector":{"id":"application-managehandovers-display-component---AddNewHO--smartFilterBar-btnBasicSearch","searchOpenDialogs":true,"interaction":{"idSuffix":"I"}},"clearTextFirst":true,"interactionType":"ENTER_TEXT"}]}
COMMAND: POST /session/129c046a4c158aab34184c97257eb527/actions - {"actions":[{"id":"action51","type":"key","parameters":{},"actions":[{"type":"keyDown","value":""},{"type":"pause","duration":10},{"type":"keyUp","value":""}]}]}
RESULT: {"actions":[{"id":"action51","type":"key","parameters":{},"actions":[{"type":"keyDown","value":""},{"type":"pause","duration":10},{"type":"keyUp","value":""}]}]}
COMMAND: GET /session/129c046a4c158aab34184c97257eb527/screenshot - {}
RESULT: {}
COMMAND: POST /session/129c046a4c158aab34184c97257eb527/execute/async - {"script":"<script> [1562 bytes]","args":[{"selector":{"id":"application-managehandovers-display-component---AddNewHO--popup-sa","searchOpenDialogs":true,"interaction":{"idSuffix":"CbBg"}},"wdio_ui5_key":"applicationmanagehandovers-display-component---AddNewHO--popup-sa"}]}
RESULT: {"script":"<script> [1562 bytes]","args":[{"selector":{"id":"application-managehandovers-display-component---AddNewHO--popup-sa","searchOpenDialogs":true,"interaction":{"idSuffix":"CbBg"}},"wdio_ui5_key":"applicationmanagehandovers-display-component---AddNewHO--popup-sa"}]}
RESULT: undefined
COMMAND: POST /session/129c046a4c158aab34184c97257eb527/element - {"using":"xpath","value":"//*[@id=\"application-managehandovers-display-component---AddNewHO--popup-sa\"]"}
RESULT: {"using":"xpath","value":"//*[@id=\"application-managehandovers-display-component---AddNewHO--popup-sa\"]"}
COMMAND: POST /session/129c046a4c158aab34184c97257eb527/element/f.8E45E670A1384E074590F00FAD9F292A.d.6CFB500DD596EDA3845E936C7C40CE59.e.14567/click - {}
RESULT: {}
COMMAND: GET /session/129c046a4c158aab34184c97257eb527/screenshot - {}
RESULT: {}
COMMAND: POST /session/129c046a4c158aab34184c97257eb527/element - {"using":"xpath","value":"//bdi[contains(text(), \"Select\")]"}
RESULT: {"using":"xpath","value":"//bdi[contains(text(), \"Select\")]"}
COMMAND: POST /session/129c046a4c158aab34184c97257eb527/element/f.8E45E670A1384E074590F00FAD9F292A.d.6CFB500DD596EDA3845E936C7C40CE59.e.14568/click - {}
RESULT: {}
COMMAND: GET /session/129c046a4c158aab34184c97257eb527/screenshot - {}
RESULT: {}
COMMAND: POST /session/129c046a4c158aab34184c97257eb527/element - {"using":"xpath","value":"//button[@data-kt=\"AddNewHOSaveButton\"]"}
RESULT: {"using":"xpath","value":"//button[@data-kt=\"AddNewHOSaveButton\"]"}
COMMAND: POST /session/129c046a4c158aab34184c97257eb527/element/f.8E45E670A1384E074590F00FAD9F292A.d.6CFB500DD596EDA3845E936C7C40CE59.e.14572/click - {}
RESULT: {}
COMMAND: GET /session/129c046a4c158aab34184c97257eb527/screenshot - {}
COMMAND: POST /session/129c046a4c158aab34184c97257eb527/execute/async - {"script":"<script> [1562 bytes]","args":[{"selector":{"id":"receiptDatePicker","viewName":"etm.portal.ui.managehandovers.view.DetailExecuteHO","interaction":{"idSuffix":"inner"}},"wdio_ui5_key":"receiptDatePickeretmportal.ui.managehandovers.view.DetailExecuteHO"}]}
RESULT: {}
RESULT: {"script":"<script> [1562 bytes]","args":[{"selector":{"id":"receiptDatePicker","viewName":"etm.portal.ui.managehandovers.view.DetailExecuteHO","interaction":{"idSuffix":"inner"}},"wdio_ui5_key":"receiptDatePickeretmportal.ui.managehandovers.view.DetailExecuteHO"}]}
RESULT: undefined
COMMAND: POST /session/129c046a4c158aab34184c97257eb527/execute/async - {"script":"<script> [6424 bytes]","args":[{"element-6066-11e4-a52e-4f735466cecf":"f.8E45E670A1384E074590F00FAD9F292A.d.6CFB500DD596EDA3845E936C7C40CE59.e.14599"},"setValue",["04/23/2025"]]}
RESULT: {"script":"<script> [6424 bytes]","args":[{"element-6066-11e4-a52e-4f735466cecf":"f.8E45E670A1384E074590F00FAD9F292A.d.6CFB500DD596EDA3845E936C7C40CE59.e.14599"},"setValue",["04/23/2025"]]}
COMMAND: POST /session/129c046a4c158aab34184c97257eb527/element - {"using":"xpath","value":"//button[@data-kt=\"PickingTableConfirmAllButton\"]"}
RESULT: {"using":"xpath","value":"//button[@data-kt=\"PickingTableConfirmAllButton\"]"}
COMMAND: POST /session/129c046a4c158aab34184c97257eb527/element/f.8E45E670A1384E074590F00FAD9F292A.d.6CFB500DD596EDA3845E936C7C40CE59.e.14615/click - {}
RESULT: {}
COMMAND: GET /session/129c046a4c158aab34184c97257eb527/screenshot - {}
RESULT: {}
COMMAND: POST /session/129c046a4c158aab34184c97257eb527/element - {"using":"xpath","value":"//bdi[contains(text(), \"OK\")]"}
RESULT: {"using":"xpath","value":"//bdi[contains(text(), \"OK\")]"}
COMMAND: POST /session/129c046a4c158aab34184c97257eb527/element/f.8E45E670A1384E074590F00FAD9F292A.d.6CFB500DD596EDA3845E936C7C40CE59.e.14617/click - {}
RESULT: {}
COMMAND: GET /session/129c046a4c158aab34184c97257eb527/screenshot - {}
RESULT: {}
COMMAND: POST /session/129c046a4c158aab34184c97257eb527/element - {"using":"xpath","value":"(//bdi[contains(text(), \"Receive\")])[2]"}
RESULT: {"using":"xpath","value":"(//bdi[contains(text(), \"Receive\")])[2]"}
COMMAND: POST /session/129c046a4c158aab34184c97257eb527/element/f.8E45E670A1384E074590F00FAD9F292A.d.6CFB500DD596EDA3845E936C7C40CE59.e.14619/click - {}
RESULT: {}
COMMAND: GET /session/129c046a4c158aab34184c97257eb527/screenshot - {}
RESULT: {}
COMMAND: POST /session/129c046a4c158aab34184c97257eb527/element - {"using":"css selector","value":"#shell-header-logo"}
RESULT: {"using":"css selector","value":"#shell-header-logo"}
COMMAND: POST /session/129c046a4c158aab34184c97257eb527/element/f.8E45E670A1384E074590F00FAD9F292A.d.6CFB500DD596EDA3845E936C7C40CE59.e.13988/click - {}
RESULT: {}
COMMAND: GET /session/129c046a4c158aab34184c97257eb527/screenshot - {}
RESULT: {}
]]></system-out>
    </testcase>
    <testcase classname="chrome.135_0_7049_96.windows.Billing_transfer_US117289" name="Should create a new contract" time="57.896">
      <system-out><![CDATA[
COMMAND: POST /session/129c046a4c158aab34184c97257eb527/execute/async - {"script":"<script> [1562 bytes]","args":[{"selector":{"controlType":"sap.m.Text","viewName":"etm.portal.ui.managecontractstile.view.Master","properties":{"text":"Manage Contracts"},"interaction":{"idSuffix":"inner"}},"wdio_ui5_key":"etmportal.ui.managecontractstile.view.Mastersap.m.Text{\"text\":\"Manage Contracts\"}"}]}
RESULT: {"script":"<script> [1562 bytes]","args":[{"selector":{"controlType":"sap.m.Text","viewName":"etm.portal.ui.managecontractstile.view.Master","properties":{"text":"Manage Contracts"},"interaction":{"idSuffix":"inner"}},"wdio_ui5_key":"etmportal.ui.managecontractstile.view.Mastersap.m.Text{\"text\":\"Manage Contracts\"}"}]}
RESULT: undefined
COMMAND: POST /session/129c046a4c158aab34184c97257eb527/element - {"using":"xpath","value":"//*[@id=\"__tile130-title\"]"}
RESULT: {"using":"xpath","value":"//*[@id=\"__tile130-title\"]"}
COMMAND: POST /session/129c046a4c158aab34184c97257eb527/element/f.8E45E670A1384E074590F00FAD9F292A.d.6CFB500DD596EDA3845E936C7C40CE59.e.14780/click - {}
RESULT: {}
COMMAND: GET /session/129c046a4c158aab34184c97257eb527/screenshot - {}
RESULT: {}
COMMAND: POST /session/129c046a4c158aab34184c97257eb527/element - {"using":"xpath","value":"//button[@data-kt=\"addButton\"]"}
RESULT: {"using":"xpath","value":"//button[@data-kt=\"addButton\"]"}
COMMAND: POST /session/129c046a4c158aab34184c97257eb527/elements - {"using":"xpath","value":"//button[@data-kt=\"addButton\"]"}
RESULT: {"using":"xpath","value":"//button[@data-kt=\"addButton\"]"}
RESULT: undefined
COMMAND: POST /session/129c046a4c158aab34184c97257eb527/elements - {"using":"xpath","value":"//button[@data-kt=\"addButton\"]"}
RESULT: {"using":"xpath","value":"//button[@data-kt=\"addButton\"]"}
COMMAND: POST /session/129c046a4c158aab34184c97257eb527/element - {"using":"xpath","value":"//button[@data-kt=\"addButton\"]"}
RESULT: {"using":"xpath","value":"//button[@data-kt=\"addButton\"]"}
COMMAND: POST /session/129c046a4c158aab34184c97257eb527/execute/sync - {"script":"<script> [8489 bytes]","args":[{"element-6066-11e4-a52e-4f735466cecf":"f.8E45E670A1384E074590F00FAD9F292A.d.6CFB500DD596EDA3845E936C7C40CE59.e.14809","ELEMENT":"f.8E45E670A1384E074590F00FAD9F292A.d.6CFB500DD596EDA3845E936C7C40CE59.e.14809"}]}
RESULT: {"script":"<script> [8489 bytes]","args":[{"element-6066-11e4-a52e-4f735466cecf":"f.8E45E670A1384E074590F00FAD9F292A.d.6CFB500DD596EDA3845E936C7C40CE59.e.14809","ELEMENT":"f.8E45E670A1384E074590F00FAD9F292A.d.6CFB500DD596EDA3845E936C7C40CE59.e.14809"}]}
COMMAND: GET /session/129c046a4c158aab34184c97257eb527/element/f.8E45E670A1384E074590F00FAD9F292A.d.6CFB500DD596EDA3845E936C7C40CE59.e.14809/enabled - {}
COMMAND: GET /session/129c046a4c158aab34184c97257eb527/screenshot - {}
RESULT: {}
COMMAND: POST /session/129c046a4c158aab34184c97257eb527/execute/sync - {"script":"<script> [8489 bytes]","args":[{"element-6066-11e4-a52e-4f735466cecf":"f.8E45E670A1384E074590F00FAD9F292A.d.6CFB500DD596EDA3845E936C7C40CE59.e.14809","ELEMENT":"f.8E45E670A1384E074590F00FAD9F292A.d.6CFB500DD596EDA3845E936C7C40CE59.e.14809"}]}
COMMAND: GET /session/129c046a4c158aab34184c97257eb527/screenshot - {}
RESULT: {}
RESULT: {"script":"<script> [8489 bytes]","args":[{"element-6066-11e4-a52e-4f735466cecf":"f.8E45E670A1384E074590F00FAD9F292A.d.6CFB500DD596EDA3845E936C7C40CE59.e.14809","ELEMENT":"f.8E45E670A1384E074590F00FAD9F292A.d.6CFB500DD596EDA3845E936C7C40CE59.e.14809"}]}
COMMAND: POST /session/129c046a4c158aab34184c97257eb527/execute/sync - {"script":"<script> [5351 bytes]","args":[{"element-6066-11e4-a52e-4f735466cecf":"f.8E45E670A1384E074590F00FAD9F292A.d.6CFB500DD596EDA3845E936C7C40CE59.e.14809","ELEMENT":"f.8E45E670A1384E074590F00FAD9F292A.d.6CFB500DD596EDA3845E936C7C40CE59.e.14809"}]}
COMMAND: GET /session/129c046a4c158aab34184c97257eb527/screenshot - {}
RESULT: {}
RESULT: {"script":"<script> [5351 bytes]","args":[{"element-6066-11e4-a52e-4f735466cecf":"f.8E45E670A1384E074590F00FAD9F292A.d.6CFB500DD596EDA3845E936C7C40CE59.e.14809","ELEMENT":"f.8E45E670A1384E074590F00FAD9F292A.d.6CFB500DD596EDA3845E936C7C40CE59.e.14809"}]}
COMMAND: GET /session/129c046a4c158aab34184c97257eb527/screenshot - {}
RESULT: {}
RESULT: {}
COMMAND: POST /session/129c046a4c158aab34184c97257eb527/element/f.8E45E670A1384E074590F00FAD9F292A.d.6CFB500DD596EDA3845E936C7C40CE59.e.14809/click - {}
RESULT: {}
COMMAND: GET /session/129c046a4c158aab34184c97257eb527/screenshot - {}
RESULT: {}
COMMAND: POST /session/129c046a4c158aab34184c97257eb527/execute/async - {"script":"<script> [1562 bytes]","args":[{"selector":{"id":"application-managecontracts-display-component---AddNewContract--projectDescription","interaction":{"idSuffix":"inner"}},"wdio_ui5_key":"applicationmanagecontracts-display-component---AddNewContract--projectDescription"}]}
RESULT: {"script":"<script> [1562 bytes]","args":[{"selector":{"id":"application-managecontracts-display-component---AddNewContract--projectDescription","interaction":{"idSuffix":"inner"}},"wdio_ui5_key":"applicationmanagecontracts-display-component---AddNewContract--projectDescription"}]}
RESULT: undefined
COMMAND: POST /session/129c046a4c158aab34184c97257eb527/execute/async - {"script":"<script> [776 bytes]","args":[{"enterText":"Contract WDIO","selector":{"id":"application-managecontracts-display-component---AddNewContract--projectDescription","interaction":{"idSuffix":"inner"}},"clearTextFirst":true,"interactionType":"ENTER_TEXT"}]}
RESULT: {"script":"<script> [776 bytes]","args":[{"enterText":"Contract WDIO","selector":{"id":"application-managecontracts-display-component---AddNewContract--projectDescription","interaction":{"idSuffix":"inner"}},"clearTextFirst":true,"interactionType":"ENTER_TEXT"}]}
COMMAND: POST /session/129c046a4c158aab34184c97257eb527/element - {"using":"xpath","value":"//input[@id=\"application-managecontracts-display-component---AddNewContract--site-inner\"]"}
RESULT: {"using":"xpath","value":"//input[@id=\"application-managecontracts-display-component---AddNewContract--site-inner\"]"}
COMMAND: POST /session/129c046a4c158aab34184c97257eb527/element/f.8E45E670A1384E074590F00FAD9F292A.d.6CFB500DD596EDA3845E936C7C40CE59.e.15159/clear - {}
RESULT: {}
COMMAND: POST /session/129c046a4c158aab34184c97257eb527/element/f.8E45E670A1384E074590F00FAD9F292A.d.6CFB500DD596EDA3845E936C7C40CE59.e.15159/value - {"text":"2554"}
COMMAND: GET /session/129c046a4c158aab34184c97257eb527/screenshot - {}
RESULT: {"text":"2554"}
COMMAND: GET /session/129c046a4c158aab34184c97257eb527/screenshot - {}
RESULT: {}
RESULT: {}
COMMAND: POST /session/129c046a4c158aab34184c97257eb527/element - {"using":"xpath","value":"//li[.//span[text()='2554']]"}
RESULT: {"using":"xpath","value":"//li[.//span[text()='2554']]"}
COMMAND: POST /session/129c046a4c158aab34184c97257eb527/element/f.8E45E670A1384E074590F00FAD9F292A.d.6CFB500DD596EDA3845E936C7C40CE59.e.15190/click - {}
RESULT: {}
COMMAND: GET /session/129c046a4c158aab34184c97257eb527/screenshot - {}
RESULT: {}
COMMAND: POST /session/129c046a4c158aab34184c97257eb527/element - {"using":"xpath","value":"//input[@id=\"application-managecontracts-display-component---AddNewContract--yardId-inner\"]"}
RESULT: {"using":"xpath","value":"//input[@id=\"application-managecontracts-display-component---AddNewContract--yardId-inner\"]"}
COMMAND: GET /session/129c046a4c158aab34184c97257eb527/element/f.8E45E670A1384E074590F00FAD9F292A.d.6CFB500DD596EDA3845E936C7C40CE59.e.15160/property/value - {}
RESULT: {}
COMMAND: POST /session/129c046a4c158aab34184c97257eb527/element - {"using":"xpath","value":"//input[@id=\"application-managecontracts-display-component---AddNewContract--customerSelect-inner\"]"}
COMMAND: GET /session/129c046a4c158aab34184c97257eb527/screenshot - {}
RESULT: {"using":"xpath","value":"//input[@id=\"application-managecontracts-display-component---AddNewContract--customerSelect-inner\"]"}
COMMAND: POST /session/129c046a4c158aab34184c97257eb527/element/f.8E45E670A1384E074590F00FAD9F292A.d.6CFB500DD596EDA3845E936C7C40CE59.e.15158/clear - {}
RESULT: {}
RESULT: {}
COMMAND: POST /session/129c046a4c158aab34184c97257eb527/element/f.8E45E670A1384E074590F00FAD9F292A.d.6CFB500DD596EDA3845E936C7C40CE59.e.15158/value - {"text":"1597"}
COMMAND: GET /session/129c046a4c158aab34184c97257eb527/screenshot - {}
RESULT: {"text":"1597"}
COMMAND: GET /session/129c046a4c158aab34184c97257eb527/screenshot - {}
RESULT: {}
RESULT: {}
COMMAND: POST /session/129c046a4c158aab34184c97257eb527/element - {"using":"xpath","value":"//li[.//span[text()='1597']]"}
RESULT: {"using":"xpath","value":"//li[.//span[text()='1597']]"}
COMMAND: POST /session/129c046a4c158aab34184c97257eb527/element/f.8E45E670A1384E074590F00FAD9F292A.d.6CFB500DD596EDA3845E936C7C40CE59.e.15193/click - {}
RESULT: {}
COMMAND: GET /session/129c046a4c158aab34184c97257eb527/screenshot - {}
RESULT: {}
COMMAND: POST /session/129c046a4c158aab34184c97257eb527/element - {"using":"xpath","value":"//button[@data-kt=\"saveButton\"]"}
RESULT: {"using":"xpath","value":"//button[@data-kt=\"saveButton\"]"}
COMMAND: POST /session/129c046a4c158aab34184c97257eb527/element/f.8E45E670A1384E074590F00FAD9F292A.d.6CFB500DD596EDA3845E936C7C40CE59.e.15183/click - {}
RESULT: {}
COMMAND: GET /session/129c046a4c158aab34184c97257eb527/screenshot - {}
RESULT: {}
COMMAND: POST /session/129c046a4c158aab34184c97257eb527/element - {"using":"xpath","value":"//span[contains(@id ,\"contractDetailTitleNoExpanded\")]"}
RESULT: {"using":"xpath","value":"//span[contains(@id ,\"contractDetailTitleNoExpanded\")]"}
COMMAND: POST /session/129c046a4c158aab34184c97257eb527/elements - {"using":"xpath","value":"//span[contains(@id ,\"contractDetailTitleNoExpanded\")]"}
RESULT: {"using":"xpath","value":"//span[contains(@id ,\"contractDetailTitleNoExpanded\")]"}
COMMAND: POST /session/129c046a4c158aab34184c97257eb527/execute/sync - {"script":"<script> [56 bytes]","args":[{"element-6066-11e4-a52e-4f735466cecf":"f.8E45E670A1384E074590F00FAD9F292A.d.6CFB500DD596EDA3845E936C7C40CE59.e.15201","ELEMENT":"f.8E45E670A1384E074590F00FAD9F292A.d.6CFB500DD596EDA3845E936C7C40CE59.e.15201"}]}
RESULT: {"script":"<script> [56 bytes]","args":[{"element-6066-11e4-a52e-4f735466cecf":"f.8E45E670A1384E074590F00FAD9F292A.d.6CFB500DD596EDA3845E936C7C40CE59.e.15201","ELEMENT":"f.8E45E670A1384E074590F00FAD9F292A.d.6CFB500DD596EDA3845E936C7C40CE59.e.15201"}]}
COMMAND: GET /session/129c046a4c158aab34184c97257eb527/screenshot - {}
RESULT: {}
]]></system-out>
    </testcase>
    <testcase classname="chrome.135_0_7049_96.windows.Billing_transfer_US117289" name="Should add created equipment to contract" time="41.309">
      <system-out><![CDATA[
COMMAND: POST /session/129c046a4c158aab34184c97257eb527/element - {"using":"xpath","value":"//button[@data-kt=\"contractDetailEditBtnButton\"]"}
RESULT: {"using":"xpath","value":"//button[@data-kt=\"contractDetailEditBtnButton\"]"}
COMMAND: POST /session/129c046a4c158aab34184c97257eb527/element/f.8E45E670A1384E074590F00FAD9F292A.d.6CFB500DD596EDA3845E936C7C40CE59.e.15204/click - {}
RESULT: {}
COMMAND: GET /session/129c046a4c158aab34184c97257eb527/screenshot - {}
RESULT: {}
COMMAND: POST /session/129c046a4c158aab34184c97257eb527/element - {"using":"xpath","value":"(//span[contains(text(), \"Additional Addresses\")])[2]"}
RESULT: {"using":"xpath","value":"(//span[contains(text(), \"Additional Addresses\")])[2]"}
COMMAND: POST /session/129c046a4c158aab34184c97257eb527/element/f.8E45E670A1384E074590F00FAD9F292A.d.6CFB500DD596EDA3845E936C7C40CE59.e.15259/click - {}
RESULT: {}
COMMAND: GET /session/129c046a4c158aab34184c97257eb527/screenshot - {}
RESULT: {}
COMMAND: POST /session/129c046a4c158aab34184c97257eb527/element - {"using":"xpath","value":"//button[@data-kt=\"btnAddTableRowOverflowToolbarButton\"]"}
RESULT: {"using":"xpath","value":"//button[@data-kt=\"btnAddTableRowOverflowToolbarButton\"]"}
COMMAND: POST /session/129c046a4c158aab34184c97257eb527/element/f.8E45E670A1384E074590F00FAD9F292A.d.6CFB500DD596EDA3845E936C7C40CE59.e.15263/click - {}
RESULT: {}
COMMAND: GET /session/129c046a4c158aab34184c97257eb527/screenshot - {}
RESULT: {}
COMMAND: POST /session/129c046a4c158aab34184c97257eb527/element - {"using":"xpath","value":"//div[(text() = 'Standard Entry' or . = 'Standard Entry')]"}
RESULT: {"using":"xpath","value":"//div[(text() = 'Standard Entry' or . = 'Standard Entry')]"}
COMMAND: POST /session/129c046a4c158aab34184c97257eb527/element/f.8E45E670A1384E074590F00FAD9F292A.d.6CFB500DD596EDA3845E936C7C40CE59.e.15265/click - {}
RESULT: {}
COMMAND: GET /session/129c046a4c158aab34184c97257eb527/screenshot - {}
RESULT: {}
COMMAND: POST /session/129c046a4c158aab34184c97257eb527/element - {"using":"xpath","value":"//td[7]/div/div/input"}
RESULT: {"using":"xpath","value":"//td[7]/div/div/input"}
COMMAND: POST /session/129c046a4c158aab34184c97257eb527/element/f.8E45E670A1384E074590F00FAD9F292A.d.6CFB500DD596EDA3845E936C7C40CE59.e.15274/clear - {}
RESULT: {}
COMMAND: POST /session/129c046a4c158aab34184c97257eb527/element/f.8E45E670A1384E074590F00FAD9F292A.d.6CFB500DD596EDA3845E936C7C40CE59.e.15274/value - {"text":"0zrJ2gijVp"}
COMMAND: GET /session/129c046a4c158aab34184c97257eb527/screenshot - {}
RESULT: {"text":"0zrJ2gijVp"}
COMMAND: GET /session/129c046a4c158aab34184c97257eb527/screenshot - {}
RESULT: {}
RESULT: {}
COMMAND: POST /session/129c046a4c158aab34184c97257eb527/actions - {"actions":[{"id":"action52","type":"key","parameters":{},"actions":[{"type":"keyDown","value":""},{"type":"pause","duration":10},{"type":"keyUp","value":""}]}]}
RESULT: {"actions":[{"id":"action52","type":"key","parameters":{},"actions":[{"type":"keyDown","value":""},{"type":"pause","duration":10},{"type":"keyUp","value":""}]}]}
COMMAND: GET /session/129c046a4c158aab34184c97257eb527/screenshot - {}
RESULT: {}
COMMAND: POST /session/129c046a4c158aab34184c97257eb527/element - {"using":"xpath","value":"(//button[@data-kt=\"saveButton\"])[2]"}
RESULT: {"using":"xpath","value":"(//button[@data-kt=\"saveButton\"])[2]"}
COMMAND: POST /session/129c046a4c158aab34184c97257eb527/element/f.8E45E670A1384E074590F00FAD9F292A.d.6CFB500DD596EDA3845E936C7C40CE59.e.15289/click - {}
RESULT: {}
COMMAND: GET /session/129c046a4c158aab34184c97257eb527/screenshot - {}
RESULT: {}
COMMAND: POST /session/129c046a4c158aab34184c97257eb527/element - {"using":"xpath","value":"//span[contains(@id ,\"contractItemsSmartTable-header-inner\")]"}
RESULT: {"using":"xpath","value":"//span[contains(@id ,\"contractItemsSmartTable-header-inner\")]"}
COMMAND: POST /session/129c046a4c158aab34184c97257eb527/elements - {"using":"xpath","value":"//span[contains(@id ,\"contractItemsSmartTable-header-inner\")]"}
RESULT: {"using":"xpath","value":"//span[contains(@id ,\"contractItemsSmartTable-header-inner\")]"}
COMMAND: POST /session/129c046a4c158aab34184c97257eb527/execute/sync - {"script":"<script> [56 bytes]","args":[{"element-6066-11e4-a52e-4f735466cecf":"f.8E45E670A1384E074590F00FAD9F292A.d.6CFB500DD596EDA3845E936C7C40CE59.e.15298","ELEMENT":"f.8E45E670A1384E074590F00FAD9F292A.d.6CFB500DD596EDA3845E936C7C40CE59.e.15298"}]}
RESULT: {"script":"<script> [56 bytes]","args":[{"element-6066-11e4-a52e-4f735466cecf":"f.8E45E670A1384E074590F00FAD9F292A.d.6CFB500DD596EDA3845E936C7C40CE59.e.15298","ELEMENT":"f.8E45E670A1384E074590F00FAD9F292A.d.6CFB500DD596EDA3845E936C7C40CE59.e.15298"}]}
COMMAND: GET /session/129c046a4c158aab34184c97257eb527/screenshot - {}
]]></system-out>
    </testcase>
    <testcase classname="chrome.135_0_7049_96.windows.Billing_transfer_US117289" name="Should do a provide to site handover" time="59.996">
      <system-out><![CDATA[
COMMAND: POST /session/129c046a4c158aab34184c97257eb527/element - {"using":"xpath","value":"//button[@data-kt=\"provideButton\"]"}
RESULT: {}
RESULT: {"using":"xpath","value":"//button[@data-kt=\"provideButton\"]"}
COMMAND: POST /session/129c046a4c158aab34184c97257eb527/element/f.8E45E670A1384E074590F00FAD9F292A.d.6CFB500DD596EDA3845E936C7C40CE59.e.15299/click - {}
RESULT: {}
COMMAND: GET /session/129c046a4c158aab34184c97257eb527/screenshot - {}
RESULT: {}
RESULT: undefined
COMMAND: POST /session/129c046a4c158aab34184c97257eb527/execute/async - {"script":"<script> [6424 bytes]","args":[{"element-6066-11e4-a52e-4f735466cecf":"f.8E45E670A1384E074590F00FAD9F292A.d.6CFB500DD596EDA3845E936C7C40CE59.e.14387"},"setValue",["04/23/2025"]]}
COMMAND: POST /session/129c046a4c158aab34184c97257eb527/execute/async - {"script":"<script> [1562 bytes]","args":[{"selector":{"id":"application-managehandovers-display-component---AddNewHO--dueDate","interaction":{"idSuffix":"inner"}},"wdio_ui5_key":"applicationmanagehandovers-display-component---AddNewHO--dueDate"}]}
RESULT: {"script":"<script> [1562 bytes]","args":[{"selector":{"id":"application-managehandovers-display-component---AddNewHO--dueDate","interaction":{"idSuffix":"inner"}},"wdio_ui5_key":"applicationmanagehandovers-display-component---AddNewHO--dueDate"}]}
COMMAND: POST /session/129c046a4c158aab34184c97257eb527/execute/async - {"script":"<script> [6424 bytes]","args":[{"element-6066-11e4-a52e-4f735466cecf":"f.8E45E670A1384E074590F00FAD9F292A.d.6CFB500DD596EDA3845E936C7C40CE59.e.15371"},"setValue",["04/23/2025"]]}
RESULT: {"script":"<script> [6424 bytes]","args":[{"element-6066-11e4-a52e-4f735466cecf":"f.8E45E670A1384E074590F00FAD9F292A.d.6CFB500DD596EDA3845E936C7C40CE59.e.15371"},"setValue",["04/23/2025"]]}
COMMAND: POST /session/129c046a4c158aab34184c97257eb527/element - {"using":"xpath","value":"//bdi[contains(text(), \"Instructions\")]"}
RESULT: {"using":"xpath","value":"//bdi[contains(text(), \"Instructions\")]"}
COMMAND: POST /session/129c046a4c158aab34184c97257eb527/element/f.8E45E670A1384E074590F00FAD9F292A.d.6CFB500DD596EDA3845E936C7C40CE59.e.15618/click - {}
RESULT: {}
COMMAND: GET /session/129c046a4c158aab34184c97257eb527/screenshot - {}
RESULT: {}
COMMAND: POST /session/129c046a4c158aab34184c97257eb527/element - {"using":"xpath","value":"//button[@data-kt=\"AddNewHOProvideAddItemsButton\"]"}
RESULT: {"using":"xpath","value":"//button[@data-kt=\"AddNewHOProvideAddItemsButton\"]"}
COMMAND: POST /session/129c046a4c158aab34184c97257eb527/element/f.8E45E670A1384E074590F00FAD9F292A.d.6CFB500DD596EDA3845E936C7C40CE59.e.15622/click - {}
RESULT: {}
COMMAND: GET /session/129c046a4c158aab34184c97257eb527/screenshot - {}
RESULT: {}
RESULT: undefined
COMMAND: POST /session/129c046a4c158aab34184c97257eb527/element - {"using":"xpath","value":"//*[@id=\"application-managehandovers-display-component---AddNewHO--popup-sa\"]"}
RESULT: {"using":"xpath","value":"//*[@id=\"application-managehandovers-display-component---AddNewHO--popup-sa\"]"}
COMMAND: POST /session/129c046a4c158aab34184c97257eb527/element/f.8E45E670A1384E074590F00FAD9F292A.d.6CFB500DD596EDA3845E936C7C40CE59.e.15637/click - {}
RESULT: {}
COMMAND: GET /session/129c046a4c158aab34184c97257eb527/screenshot - {}
RESULT: {}
COMMAND: POST /session/129c046a4c158aab34184c97257eb527/element - {"using":"xpath","value":"//*[contains(@id ,\"BDI-content\")][contains(text(), \"Select\")]"}
RESULT: {"using":"xpath","value":"//*[contains(@id ,\"BDI-content\")][contains(text(), \"Select\")]"}
COMMAND: POST /session/129c046a4c158aab34184c97257eb527/element/f.8E45E670A1384E074590F00FAD9F292A.d.6CFB500DD596EDA3845E936C7C40CE59.e.15638/click - {}
RESULT: {}
COMMAND: GET /session/129c046a4c158aab34184c97257eb527/screenshot - {}
RESULT: {}
COMMAND: POST /session/129c046a4c158aab34184c97257eb527/execute/async - {"script":"<script> [1562 bytes]","args":[{"selector":{"id":"application-managehandovers-display-component---AddNewHO--confirmCreationButton","interaction":{"idSuffix":"BDI-content"}},"wdio_ui5_key":"applicationmanagehandovers-display-component---AddNewHO--confirmCreationButton"}]}
RESULT: {"script":"<script> [1562 bytes]","args":[{"selector":{"id":"application-managehandovers-display-component---AddNewHO--confirmCreationButton","interaction":{"idSuffix":"BDI-content"}},"wdio_ui5_key":"applicationmanagehandovers-display-component---AddNewHO--confirmCreationButton"}]}
RESULT: undefined
COMMAND: POST /session/129c046a4c158aab34184c97257eb527/element - {"using":"xpath","value":"//*[@id=\"application-managehandovers-display-component---AddNewHO--confirmCreationButton\"]"}
RESULT: {"using":"xpath","value":"//*[@id=\"application-managehandovers-display-component---AddNewHO--confirmCreationButton\"]"}
COMMAND: POST /session/129c046a4c158aab34184c97257eb527/element/f.8E45E670A1384E074590F00FAD9F292A.d.6CFB500DD596EDA3845E936C7C40CE59.e.15418/click - {}
RESULT: {}
COMMAND: GET /session/129c046a4c158aab34184c97257eb527/screenshot - {}
RESULT: {}
COMMAND: POST /session/129c046a4c158aab34184c97257eb527/element - {"using":"xpath","value":"//button[@data-kt=\"PickingTableConfirmAllButton\"]"}
RESULT: {"using":"xpath","value":"//button[@data-kt=\"PickingTableConfirmAllButton\"]"}
COMMAND: POST /session/129c046a4c158aab34184c97257eb527/elements - {"using":"xpath","value":"//button[@data-kt=\"PickingTableConfirmAllButton\"]"}
RESULT: {"using":"xpath","value":"//button[@data-kt=\"PickingTableConfirmAllButton\"]"}
COMMAND: POST /session/129c046a4c158aab34184c97257eb527/elements - {"using":"xpath","value":"//button[@data-kt=\"PickingTableConfirmAllButton\"]"}
RESULT: {"using":"xpath","value":"//button[@data-kt=\"PickingTableConfirmAllButton\"]"}
COMMAND: POST /session/129c046a4c158aab34184c97257eb527/element - {"using":"xpath","value":"//button[@data-kt=\"PickingTableConfirmAllButton\"]"}
RESULT: {"using":"xpath","value":"//button[@data-kt=\"PickingTableConfirmAllButton\"]"}
COMMAND: POST /session/129c046a4c158aab34184c97257eb527/element/f.8E45E670A1384E074590F00FAD9F292A.d.6CFB500DD596EDA3845E936C7C40CE59.e.15686/click - {}
COMMAND: POST /session/129c046a4c158aab34184c97257eb527/element - {"using":"xpath","value":"//button[@data-kt=\"PickingTableConfirmAllButton\"]"}
RESULT: {"using":"xpath","value":"//button[@data-kt=\"PickingTableConfirmAllButton\"]"}
COMMAND: POST /session/129c046a4c158aab34184c97257eb527/element/f.8E45E670A1384E074590F00FAD9F292A.d.6CFB500DD596EDA3845E936C7C40CE59.e.15686/click - {}
COMMAND: POST /session/129c046a4c158aab34184c97257eb527/element - {"using":"xpath","value":"//button[@data-kt=\"PickingTableConfirmAllButton\"]"}
RESULT: {"using":"xpath","value":"//button[@data-kt=\"PickingTableConfirmAllButton\"]"}
COMMAND: POST /session/129c046a4c158aab34184c97257eb527/element/f.8E45E670A1384E074590F00FAD9F292A.d.6CFB500DD596EDA3845E936C7C40CE59.e.15698/click - {}
RESULT: {}
COMMAND: GET /session/129c046a4c158aab34184c97257eb527/screenshot - {}
RESULT: {}
COMMAND: POST /session/129c046a4c158aab34184c97257eb527/element - {"using":"xpath","value":"//bdi[contains(text(), \"OK\")]"}
RESULT: {"using":"xpath","value":"//bdi[contains(text(), \"OK\")]"}
COMMAND: POST /session/129c046a4c158aab34184c97257eb527/element/f.8E45E670A1384E074590F00FAD9F292A.d.6CFB500DD596EDA3845E936C7C40CE59.e.15702/click - {}
RESULT: {}
COMMAND: GET /session/129c046a4c158aab34184c97257eb527/screenshot - {}
RESULT: {}
COMMAND: POST /session/129c046a4c158aab34184c97257eb527/element - {"using":"xpath","value":"//bdi[contains(text(), \"Issue\")]"}
RESULT: {"using":"xpath","value":"//bdi[contains(text(), \"Issue\")]"}
COMMAND: POST /session/129c046a4c158aab34184c97257eb527/element/f.8E45E670A1384E074590F00FAD9F292A.d.6CFB500DD596EDA3845E936C7C40CE59.e.15704/click - {}
RESULT: {}
COMMAND: GET /session/129c046a4c158aab34184c97257eb527/screenshot - {}
RESULT: {}
COMMAND: POST /session/129c046a4c158aab34184c97257eb527/element - {"using":"css selector","value":"#shell-header-logo"}
RESULT: {"using":"css selector","value":"#shell-header-logo"}
COMMAND: POST /session/129c046a4c158aab34184c97257eb527/element/f.8E45E670A1384E074590F00FAD9F292A.d.6CFB500DD596EDA3845E936C7C40CE59.e.14782/click - {}
RESULT: {}
COMMAND: GET /session/129c046a4c158aab34184c97257eb527/screenshot - {}
RESULT: {}
]]></system-out>
    </testcase>
    <testcase classname="chrome.135_0_7049_96.windows.Billing_transfer_US117289" name="Should navigate to Manage Billings and trigger contract calculation business confirm it" time="57.024">
      <system-out><![CDATA[
COMMAND: POST /session/129c046a4c158aab34184c97257eb527/execute/async - {"script":"<script> [1562 bytes]","args":[{"selector":{"controlType":"sap.m.GenericTile","properties":{"header":"Manage Billings"}},"wdio_ui5_key":"sapm.GenericTile{\"header\":\"Manage Billings\"}"}]}
RESULT: {"script":"<script> [1562 bytes]","args":[{"selector":{"controlType":"sap.m.GenericTile","properties":{"header":"Manage Billings"}},"wdio_ui5_key":"sapm.GenericTile{\"header\":\"Manage Billings\"}"}]}
RESULT: undefined
COMMAND: POST /session/129c046a4c158aab34184c97257eb527/element - {"using":"xpath","value":"//*[@id=\"__tile51\"]"}
RESULT: {"using":"xpath","value":"//*[@id=\"__tile51\"]"}
COMMAND: POST /session/129c046a4c158aab34184c97257eb527/element/f.8E45E670A1384E074590F00FAD9F292A.d.6CFB500DD596EDA3845E936C7C40CE59.e.12837/click - {}
RESULT: {}
COMMAND: GET /session/129c046a4c158aab34184c97257eb527/screenshot - {}
COMMAND: POST /session/129c046a4c158aab34184c97257eb527/execute/async - {"script":"<script> [1562 bytes]","args":[{"selector":{"id":"application-managebillings-display-component---billRunCalcResult--smartFilterBar-btnBasicSearch","interaction":{"idSuffix":"I"}},"wdio_ui5_key":"applicationmanagebillings-display-component---billRunCalcResult--smartFilterBar-btnBasicSearch"}]}
RESULT: {}
RESULT: {"script":"<script> [1562 bytes]","args":[{"selector":{"id":"application-managebillings-display-component---billRunCalcResult--smartFilterBar-btnBasicSearch","interaction":{"idSuffix":"I"}},"wdio_ui5_key":"applicationmanagebillings-display-component---billRunCalcResult--smartFilterBar-btnBasicSearch"}]}
RESULT: undefined
COMMAND: POST /session/129c046a4c158aab34184c97257eb527/execute/async - {"script":"<script> [776 bytes]","args":[{"enterText":"10629","selector":{"id":"application-managebillings-display-component---billRunCalcResult--smartFilterBar-btnBasicSearch","interaction":{"idSuffix":"I"}},"clearTextFirst":true,"interactionType":"ENTER_TEXT"}]}
RESULT: {"script":"<script> [776 bytes]","args":[{"enterText":"10629","selector":{"id":"application-managebillings-display-component---billRunCalcResult--smartFilterBar-btnBasicSearch","interaction":{"idSuffix":"I"}},"clearTextFirst":true,"interactionType":"ENTER_TEXT"}]}
COMMAND: POST /session/129c046a4c158aab34184c97257eb527/actions - {"actions":[{"id":"action53","type":"key","parameters":{},"actions":[{"type":"keyDown","value":""},{"type":"pause","duration":10},{"type":"keyUp","value":""}]}]}
RESULT: {"actions":[{"id":"action53","type":"key","parameters":{},"actions":[{"type":"keyDown","value":""},{"type":"pause","duration":10},{"type":"keyUp","value":""}]}]}
COMMAND: GET /session/129c046a4c158aab34184c97257eb527/screenshot - {}
RESULT: {}
COMMAND: POST /session/129c046a4c158aab34184c97257eb527/element - {"using":"xpath","value":"//td[@aria-colindex=\"1\"]/div/div[contains(@class, \"sapMCbBg\")]"}
RESULT: {"using":"xpath","value":"//td[@aria-colindex=\"1\"]/div/div[contains(@class, \"sapMCbBg\")]"}
COMMAND: POST /session/129c046a4c158aab34184c97257eb527/element/f.8E45E670A1384E074590F00FAD9F292A.d.6CFB500DD596EDA3845E936C7C40CE59.e.16083/click - {}
RESULT: {}
COMMAND: GET /session/129c046a4c158aab34184c97257eb527/screenshot - {}
RESULT: {}
COMMAND: POST /session/129c046a4c158aab34184c97257eb527/execute/async - {"script":"<script> [1562 bytes]","args":[{"selector":{"id":"application-managebillings-display-component---billRunCalcResult--contractBillRunDate","interaction":{"idSuffix":"inner"}},"wdio_ui5_key":"applicationmanagebillings-display-component---billRunCalcResult--contractBillRunDate"}]}
RESULT: {"script":"<script> [1562 bytes]","args":[{"selector":{"id":"application-managebillings-display-component---billRunCalcResult--contractBillRunDate","interaction":{"idSuffix":"inner"}},"wdio_ui5_key":"applicationmanagebillings-display-component---billRunCalcResult--contractBillRunDate"}]}
RESULT: undefined
COMMAND: POST /session/129c046a4c158aab34184c97257eb527/execute/async - {"script":"<script> [776 bytes]","args":[{"enterText":"05/23/25","selector":{"id":"application-managebillings-display-component---billRunCalcResult--contractBillRunDate","interaction":{"idSuffix":"inner"}},"clearTextFirst":true,"interactionType":"ENTER_TEXT"}]}
RESULT: {"script":"<script> [776 bytes]","args":[{"enterText":"05/23/25","selector":{"id":"application-managebillings-display-component---billRunCalcResult--contractBillRunDate","interaction":{"idSuffix":"inner"}},"clearTextFirst":true,"interactionType":"ENTER_TEXT"}]}
COMMAND: POST /session/129c046a4c158aab34184c97257eb527/element - {"using":"xpath","value":"//bdi[contains(text(), \"Trigger Calculation\")]"}
RESULT: {"using":"xpath","value":"//bdi[contains(text(), \"Trigger Calculation\")]"}
COMMAND: POST /session/129c046a4c158aab34184c97257eb527/element/f.8E45E670A1384E074590F00FAD9F292A.d.6CFB500DD596EDA3845E936C7C40CE59.e.16135/click - {}
RESULT: {}
COMMAND: GET /session/129c046a4c158aab34184c97257eb527/screenshot - {}
RESULT: {}
COMMAND: POST /session/129c046a4c158aab34184c97257eb527/element - {"using":"xpath","value":"(//span[contains(@id, \"imgNav\")])[1]"}
RESULT: {"using":"xpath","value":"(//span[contains(@id, \"imgNav\")])[1]"}
COMMAND: POST /session/129c046a4c158aab34184c97257eb527/element/f.8E45E670A1384E074590F00FAD9F292A.d.6CFB500DD596EDA3845E936C7C40CE59.e.16084/click - {}
RESULT: {}
COMMAND: GET /session/129c046a4c158aab34184c97257eb527/screenshot - {}
RESULT: {}
COMMAND: POST /session/129c046a4c158aab34184c97257eb527/execute/async - {"script":"<script> [1562 bytes]","args":[{"selector":{"controlType":"sap.ui.core.Icon","viewName":"etm.portal.ui.managebillings.view.Master","viewId":"application-managebillings-display-component---billRunCalcResult","properties":{"src":{"regex":{"source":"slim\\-arrow\\-right"}}}},"wdio_ui5_key":"etmportal.ui.managebillings.view.Mastersap.ui.core.Icon{\"src\":{\"regex\":{\"source\":\"slim\\\\-arrow\\\\-right\"}}}"}]}
RESULT: {"script":"<script> [1562 bytes]","args":[{"selector":{"controlType":"sap.ui.core.Icon","viewName":"etm.portal.ui.managebillings.view.Master","viewId":"application-managebillings-display-component---billRunCalcResult","properties":{"src":{"regex":{"source":"slim\\-arrow\\-right"}}}},"wdio_ui5_key":"etmportal.ui.managebillings.view.Mastersap.ui.core.Icon{\"src\":{\"regex\":{\"source\":\"slim\\\\-arrow\\\\-right\"}}}"}]}
RESULT: undefined
COMMAND: POST /session/129c046a4c158aab34184c97257eb527/element - {"using":"xpath","value":"//*[@id=\"__item2783-application-managebillings-display-component---billRunCalcResult--billingRunsTable-0-imgNav\"]"}
RESULT: {"using":"xpath","value":"//*[@id=\"__item2783-application-managebillings-display-component---billRunCalcResult--billingRunsTable-0-imgNav\"]"}
COMMAND: POST /session/129c046a4c158aab34184c97257eb527/element/f.8E45E670A1384E074590F00FAD9F292A.d.6CFB500DD596EDA3845E936C7C40CE59.e.16139/click - {}
RESULT: {}
COMMAND: POST /session/129c046a4c158aab34184c97257eb527/execute/async - {"script":"<script> [1562 bytes]","args":[{"selector":{"id":"application-managebillings-display-component---billRunCalcResult--btnConf","interaction":{"idSuffix":"BDI-content"}},"wdio_ui5_key":"applicationmanagebillings-display-component---billRunCalcResult--btnConf"}]}
COMMAND: GET /session/129c046a4c158aab34184c97257eb527/screenshot - {}
RESULT: {"script":"<script> [1562 bytes]","args":[{"selector":{"id":"application-managebillings-display-component---billRunCalcResult--btnConf","interaction":{"idSuffix":"BDI-content"}},"wdio_ui5_key":"applicationmanagebillings-display-component---billRunCalcResult--btnConf"}]}
RESULT: undefined
COMMAND: POST /session/129c046a4c158aab34184c97257eb527/element - {"using":"xpath","value":"//*[@id=\"application-managebillings-display-component---billRunCalcResult--btnConf\"]"}
RESULT: {}
RESULT: {"using":"xpath","value":"//*[@id=\"application-managebillings-display-component---billRunCalcResult--btnConf\"]"}
COMMAND: POST /session/129c046a4c158aab34184c97257eb527/element/f.8E45E670A1384E074590F00FAD9F292A.d.6CFB500DD596EDA3845E936C7C40CE59.e.16182/click - {}
RESULT: {}
COMMAND: POST /session/129c046a4c158aab34184c97257eb527/element - {"using":"css selector","value":"#shell-header-logo"}
COMMAND: GET /session/129c046a4c158aab34184c97257eb527/screenshot - {}
RESULT: {"using":"css selector","value":"#shell-header-logo"}
COMMAND: POST /session/129c046a4c158aab34184c97257eb527/element/f.8E45E670A1384E074590F00FAD9F292A.d.6CFB500DD596EDA3845E936C7C40CE59.e.15879/click - {}
RESULT: {}
RESULT: {}
COMMAND: GET /session/129c046a4c158aab34184c97257eb527/screenshot - {}
RESULT: {}
]]></system-out>
    </testcase>
    <testcase classname="chrome.135_0_7049_96.windows.Billing_transfer_US117289" name="Should trigger Billing Transfer process all the way to completion" time="95.862">
      <system-out><![CDATA[
COMMAND: POST /session/129c046a4c158aab34184c97257eb527/execute/async - {"script":"<script> [1562 bytes]","args":[{"selector":{"controlType":"sap.m.GenericTile","properties":{"header":"Billing Transfer"}},"wdio_ui5_key":"sapm.GenericTile{\"header\":\"Billing Transfer\"}"}]}
RESULT: {"script":"<script> [1562 bytes]","args":[{"selector":{"controlType":"sap.m.GenericTile","properties":{"header":"Billing Transfer"}},"wdio_ui5_key":"sapm.GenericTile{\"header\":\"Billing Transfer\"}"}]}
RESULT: undefined
COMMAND: POST /session/129c046a4c158aab34184c97257eb527/element - {"using":"xpath","value":"//*[@id=\"__tile50\"]"}
RESULT: {"using":"xpath","value":"//*[@id=\"__tile50\"]"}
COMMAND: POST /session/129c046a4c158aab34184c97257eb527/element/f.8E45E670A1384E074590F00FAD9F292A.d.6CFB500DD596EDA3845E936C7C40CE59.e.12835/click - {}
RESULT: {}
COMMAND: POST /session/129c046a4c158aab34184c97257eb527/element - {"using":"xpath","value":"//input[contains(@id ,\"application-billingtransfer-display-component---billingWorkbench--smartFilterBar-btnBasicSearch\")]"}
COMMAND: GET /session/129c046a4c158aab34184c97257eb527/screenshot - {}
RESULT: {"using":"xpath","value":"//input[contains(@id ,\"application-billingtransfer-display-component---billingWorkbench--smartFilterBar-btnBasicSearch\")]"}
COMMAND: POST /session/129c046a4c158aab34184c97257eb527/elements - {"using":"xpath","value":"//input[contains(@id ,\"application-billingtransfer-display-component---billingWorkbench--smartFilterBar-btnBasicSearch\")]"}
RESULT: {}
RESULT: {"using":"xpath","value":"//input[contains(@id ,\"application-billingtransfer-display-component---billingWorkbench--smartFilterBar-btnBasicSearch\")]"}
COMMAND: POST /session/129c046a4c158aab34184c97257eb527/element - {"using":"xpath","value":"//input[contains(@id ,\"application-billingtransfer-display-component---billingWorkbench--smartFilterBar-btnBasicSearch\")]"}
RESULT: {"using":"xpath","value":"//input[contains(@id ,\"application-billingtransfer-display-component---billingWorkbench--smartFilterBar-btnBasicSearch\")]"}
COMMAND: POST /session/129c046a4c158aab34184c97257eb527/execute/sync - {"script":"<script> [8489 bytes]","args":[{"element-6066-11e4-a52e-4f735466cecf":"f.8E45E670A1384E074590F00FAD9F292A.d.6CFB500DD596EDA3845E936C7C40CE59.e.16217","ELEMENT":"f.8E45E670A1384E074590F00FAD9F292A.d.6CFB500DD596EDA3845E936C7C40CE59.e.16217"}]}
RESULT: {"script":"<script> [8489 bytes]","args":[{"element-6066-11e4-a52e-4f735466cecf":"f.8E45E670A1384E074590F00FAD9F292A.d.6CFB500DD596EDA3845E936C7C40CE59.e.16217","ELEMENT":"f.8E45E670A1384E074590F00FAD9F292A.d.6CFB500DD596EDA3845E936C7C40CE59.e.16217"}]}
COMMAND: GET /session/129c046a4c158aab34184c97257eb527/element/f.8E45E670A1384E074590F00FAD9F292A.d.6CFB500DD596EDA3845E936C7C40CE59.e.16217/enabled - {}
COMMAND: GET /session/129c046a4c158aab34184c97257eb527/screenshot - {}
RESULT: {}
COMMAND: POST /session/129c046a4c158aab34184c97257eb527/element/f.8E45E670A1384E074590F00FAD9F292A.d.6CFB500DD596EDA3845E936C7C40CE59.e.16217/click - {}
COMMAND: GET /session/129c046a4c158aab34184c97257eb527/screenshot - {}
RESULT: {}
RESULT: {}
COMMAND: GET /session/129c046a4c158aab34184c97257eb527/screenshot - {}
RESULT: {}
RESULT: {}
COMMAND: POST /session/129c046a4c158aab34184c97257eb527/element/f.8E45E670A1384E074590F00FAD9F292A.d.6CFB500DD596EDA3845E936C7C40CE59.e.16217/clear - {}
RESULT: {}
COMMAND: POST /session/129c046a4c158aab34184c97257eb527/element/f.8E45E670A1384E074590F00FAD9F292A.d.6CFB500DD596EDA3845E936C7C40CE59.e.16217/value - {"text":"10629"}
COMMAND: GET /session/129c046a4c158aab34184c97257eb527/screenshot - {}
RESULT: {"text":"10629"}
COMMAND: POST /session/129c046a4c158aab34184c97257eb527/actions - {"actions":[{"id":"action54","type":"key","parameters":{},"actions":[{"type":"keyDown","value":""},{"type":"pause","duration":10},{"type":"keyUp","value":""}]}]}
COMMAND: GET /session/129c046a4c158aab34184c97257eb527/screenshot - {}
RESULT: {}
RESULT: {"actions":[{"id":"action54","type":"key","parameters":{},"actions":[{"type":"keyDown","value":""},{"type":"pause","duration":10},{"type":"keyUp","value":""}]}]}
COMMAND: GET /session/129c046a4c158aab34184c97257eb527/screenshot - {}
RESULT: {}
RESULT: {}
COMMAND: POST /session/129c046a4c158aab34184c97257eb527/element - {"using":"xpath","value":"//span[contains(@id ,\"application-billingtransfer-display-component---billingWorkbench--smartTableBillingRuns-header-inner\")]"}
RESULT: {"using":"xpath","value":"//span[contains(@id ,\"application-billingtransfer-display-component---billingWorkbench--smartTableBillingRuns-header-inner\")]"}
COMMAND: POST /session/129c046a4c158aab34184c97257eb527/elements - {"using":"xpath","value":"//span[contains(@id ,\"application-billingtransfer-display-component---billingWorkbench--smartTableBillingRuns-header-inner\")]"}
RESULT: {"using":"xpath","value":"//span[contains(@id ,\"application-billingtransfer-display-component---billingWorkbench--smartTableBillingRuns-header-inner\")]"}
COMMAND: POST /session/129c046a4c158aab34184c97257eb527/execute/sync - {"script":"<script> [56 bytes]","args":[{"element-6066-11e4-a52e-4f735466cecf":"f.8E45E670A1384E074590F00FAD9F292A.d.6CFB500DD596EDA3845E936C7C40CE59.e.16361","ELEMENT":"f.8E45E670A1384E074590F00FAD9F292A.d.6CFB500DD596EDA3845E936C7C40CE59.e.16361"}]}
RESULT: {"script":"<script> [56 bytes]","args":[{"element-6066-11e4-a52e-4f735466cecf":"f.8E45E670A1384E074590F00FAD9F292A.d.6CFB500DD596EDA3845E936C7C40CE59.e.16361","ELEMENT":"f.8E45E670A1384E074590F00FAD9F292A.d.6CFB500DD596EDA3845E936C7C40CE59.e.16361"}]}
COMMAND: POST /session/129c046a4c158aab34184c97257eb527/element - {"using":"xpath","value":"//td[@aria-colindex=\"1\"]/div/div[contains(@class, \"sapMCbBg\")]"}
COMMAND: GET /session/129c046a4c158aab34184c97257eb527/screenshot - {}
RESULT: {"using":"xpath","value":"//td[@aria-colindex=\"1\"]/div/div[contains(@class, \"sapMCbBg\")]"}
COMMAND: POST /session/129c046a4c158aab34184c97257eb527/element/f.8E45E670A1384E074590F00FAD9F292A.d.6CFB500DD596EDA3845E936C7C40CE59.e.16338/click - {}
RESULT: {}
RESULT: {}
COMMAND: GET /session/129c046a4c158aab34184c97257eb527/screenshot - {}
RESULT: {}
COMMAND: POST /session/129c046a4c158aab34184c97257eb527/element - {"using":"xpath","value":"//bdi[contains(text(), \"Check\")]"}
RESULT: {"using":"xpath","value":"//bdi[contains(text(), \"Check\")]"}
COMMAND: POST /session/129c046a4c158aab34184c97257eb527/element/f.8E45E670A1384E074590F00FAD9F292A.d.6CFB500DD596EDA3845E936C7C40CE59.e.16362/click - {}
RESULT: {}
COMMAND: GET /session/129c046a4c158aab34184c97257eb527/screenshot - {}
RESULT: {}
COMMAND: POST /session/129c046a4c158aab34184c97257eb527/element - {"using":"xpath","value":"//bdi[contains(text(), \"OK\")]"}
RESULT: {"using":"xpath","value":"//bdi[contains(text(), \"OK\")]"}
COMMAND: POST /session/129c046a4c158aab34184c97257eb527/element/f.8E45E670A1384E074590F00FAD9F292A.d.6CFB500DD596EDA3845E936C7C40CE59.e.16365/click - {}
RESULT: {}
COMMAND: GET /session/129c046a4c158aab34184c97257eb527/screenshot - {}
RESULT: {}
COMMAND: POST /session/129c046a4c158aab34184c97257eb527/element - {"using":"xpath","value":"(//span[contains(text(), \"CO/SD checked\")]/parent::div/preceding-sibling::div/span)[1]"}
RESULT: {"using":"xpath","value":"(//span[contains(text(), \"CO/SD checked\")]/parent::div/preceding-sibling::div/span)[1]"}
COMMAND: POST /session/129c046a4c158aab34184c97257eb527/element/f.8E45E670A1384E074590F00FAD9F292A.d.6CFB500DD596EDA3845E936C7C40CE59.e.16374/click - {}
RESULT: {}
COMMAND: GET /session/129c046a4c158aab34184c97257eb527/screenshot - {}
RESULT: {}
COMMAND: POST /session/129c046a4c158aab34184c97257eb527/element - {"using":"xpath","value":"//input[contains(@id ,\"application-billingtransfer-display-component---billingWorkbench--smartFilterBar-btnBasicSearch\")]"}
RESULT: {"using":"xpath","value":"//input[contains(@id ,\"application-billingtransfer-display-component---billingWorkbench--smartFilterBar-btnBasicSearch\")]"}
COMMAND: POST /session/129c046a4c158aab34184c97257eb527/elements - {"using":"xpath","value":"//input[contains(@id ,\"application-billingtransfer-display-component---billingWorkbench--smartFilterBar-btnBasicSearch\")]"}
RESULT: {"using":"xpath","value":"//input[contains(@id ,\"application-billingtransfer-display-component---billingWorkbench--smartFilterBar-btnBasicSearch\")]"}
COMMAND: POST /session/129c046a4c158aab34184c97257eb527/execute/sync - {"script":"<script> [8489 bytes]","args":[{"element-6066-11e4-a52e-4f735466cecf":"f.8E45E670A1384E074590F00FAD9F292A.d.6CFB500DD596EDA3845E936C7C40CE59.e.16217","ELEMENT":"f.8E45E670A1384E074590F00FAD9F292A.d.6CFB500DD596EDA3845E936C7C40CE59.e.16217"}]}
RESULT: {"script":"<script> [8489 bytes]","args":[{"element-6066-11e4-a52e-4f735466cecf":"f.8E45E670A1384E074590F00FAD9F292A.d.6CFB500DD596EDA3845E936C7C40CE59.e.16217","ELEMENT":"f.8E45E670A1384E074590F00FAD9F292A.d.6CFB500DD596EDA3845E936C7C40CE59.e.16217"}]}
COMMAND: GET /session/129c046a4c158aab34184c97257eb527/element/f.8E45E670A1384E074590F00FAD9F292A.d.6CFB500DD596EDA3845E936C7C40CE59.e.16217/enabled - {}
COMMAND: GET /session/129c046a4c158aab34184c97257eb527/screenshot - {}
RESULT: {}
COMMAND: POST /session/129c046a4c158aab34184c97257eb527/element/f.8E45E670A1384E074590F00FAD9F292A.d.6CFB500DD596EDA3845E936C7C40CE59.e.16217/click - {}
COMMAND: GET /session/129c046a4c158aab34184c97257eb527/screenshot - {}
RESULT: {}
RESULT: {}
COMMAND: GET /session/129c046a4c158aab34184c97257eb527/screenshot - {}
RESULT: {}
RESULT: {}
COMMAND: POST /session/129c046a4c158aab34184c97257eb527/element/f.8E45E670A1384E074590F00FAD9F292A.d.6CFB500DD596EDA3845E936C7C40CE59.e.16217/clear - {}
RESULT: {}
COMMAND: POST /session/129c046a4c158aab34184c97257eb527/element/f.8E45E670A1384E074590F00FAD9F292A.d.6CFB500DD596EDA3845E936C7C40CE59.e.16217/value - {"text":"10629"}
COMMAND: GET /session/129c046a4c158aab34184c97257eb527/screenshot - {}
RESULT: {"text":"10629"}
COMMAND: POST /session/129c046a4c158aab34184c97257eb527/actions - {"actions":[{"id":"action55","type":"key","parameters":{},"actions":[{"type":"keyDown","value":""},{"type":"pause","duration":10},{"type":"keyUp","value":""}]}]}
COMMAND: GET /session/129c046a4c158aab34184c97257eb527/screenshot - {}
RESULT: {}
RESULT: {"actions":[{"id":"action55","type":"key","parameters":{},"actions":[{"type":"keyDown","value":""},{"type":"pause","duration":10},{"type":"keyUp","value":""}]}]}
COMMAND: GET /session/129c046a4c158aab34184c97257eb527/screenshot - {}
RESULT: {}
RESULT: {}
COMMAND: POST /session/129c046a4c158aab34184c97257eb527/element - {"using":"xpath","value":"//span[contains(@id ,\"application-billingtransfer-display-component---billingWorkbench--smartTableBillingRuns-header-inner\")]"}
RESULT: {"using":"xpath","value":"//span[contains(@id ,\"application-billingtransfer-display-component---billingWorkbench--smartTableBillingRuns-header-inner\")]"}
COMMAND: POST /session/129c046a4c158aab34184c97257eb527/elements - {"using":"xpath","value":"//span[contains(@id ,\"application-billingtransfer-display-component---billingWorkbench--smartTableBillingRuns-header-inner\")]"}
RESULT: {"using":"xpath","value":"//span[contains(@id ,\"application-billingtransfer-display-component---billingWorkbench--smartTableBillingRuns-header-inner\")]"}
COMMAND: POST /session/129c046a4c158aab34184c97257eb527/execute/sync - {"script":"<script> [56 bytes]","args":[{"element-6066-11e4-a52e-4f735466cecf":"f.8E45E670A1384E074590F00FAD9F292A.d.6CFB500DD596EDA3845E936C7C40CE59.e.16361","ELEMENT":"f.8E45E670A1384E074590F00FAD9F292A.d.6CFB500DD596EDA3845E936C7C40CE59.e.16361"}]}
RESULT: {"script":"<script> [56 bytes]","args":[{"element-6066-11e4-a52e-4f735466cecf":"f.8E45E670A1384E074590F00FAD9F292A.d.6CFB500DD596EDA3845E936C7C40CE59.e.16361","ELEMENT":"f.8E45E670A1384E074590F00FAD9F292A.d.6CFB500DD596EDA3845E936C7C40CE59.e.16361"}]}
COMMAND: GET /session/129c046a4c158aab34184c97257eb527/screenshot - {}
RESULT: {}
COMMAND: POST /session/129c046a4c158aab34184c97257eb527/execute/sync - {"script":"<script> [56 bytes]","args":[{"element-6066-11e4-a52e-4f735466cecf":"f.8E45E670A1384E074590F00FAD9F292A.d.6CFB500DD596EDA3845E936C7C40CE59.e.16361","ELEMENT":"f.8E45E670A1384E074590F00FAD9F292A.d.6CFB500DD596EDA3845E936C7C40CE59.e.16361"}]}
RESULT: {"script":"<script> [56 bytes]","args":[{"element-6066-11e4-a52e-4f735466cecf":"f.8E45E670A1384E074590F00FAD9F292A.d.6CFB500DD596EDA3845E936C7C40CE59.e.16361","ELEMENT":"f.8E45E670A1384E074590F00FAD9F292A.d.6CFB500DD596EDA3845E936C7C40CE59.e.16361"}]}
COMMAND: GET /session/129c046a4c158aab34184c97257eb527/screenshot - {}
COMMAND: POST /session/129c046a4c158aab34184c97257eb527/execute/sync - {"script":"<script> [56 bytes]","args":[{"element-6066-11e4-a52e-4f735466cecf":"f.8E45E670A1384E074590F00FAD9F292A.d.6CFB500DD596EDA3845E936C7C40CE59.e.16361","ELEMENT":"f.8E45E670A1384E074590F00FAD9F292A.d.6CFB500DD596EDA3845E936C7C40CE59.e.16361"}]}
RESULT: {}
RESULT: {"script":"<script> [56 bytes]","args":[{"element-6066-11e4-a52e-4f735466cecf":"f.8E45E670A1384E074590F00FAD9F292A.d.6CFB500DD596EDA3845E936C7C40CE59.e.16361","ELEMENT":"f.8E45E670A1384E074590F00FAD9F292A.d.6CFB500DD596EDA3845E936C7C40CE59.e.16361"}]}
COMMAND: GET /session/129c046a4c158aab34184c97257eb527/screenshot - {}
RESULT: {}
COMMAND: POST /session/129c046a4c158aab34184c97257eb527/execute/sync - {"script":"<script> [56 bytes]","args":[{"element-6066-11e4-a52e-4f735466cecf":"f.8E45E670A1384E074590F00FAD9F292A.d.6CFB500DD596EDA3845E936C7C40CE59.e.16361","ELEMENT":"f.8E45E670A1384E074590F00FAD9F292A.d.6CFB500DD596EDA3845E936C7C40CE59.e.16361"}]}
RESULT: {"script":"<script> [56 bytes]","args":[{"element-6066-11e4-a52e-4f735466cecf":"f.8E45E670A1384E074590F00FAD9F292A.d.6CFB500DD596EDA3845E936C7C40CE59.e.16361","ELEMENT":"f.8E45E670A1384E074590F00FAD9F292A.d.6CFB500DD596EDA3845E936C7C40CE59.e.16361"}]}
COMMAND: GET /session/129c046a4c158aab34184c97257eb527/screenshot - {}
RESULT: {}
COMMAND: POST /session/129c046a4c158aab34184c97257eb527/execute/sync - {"script":"<script> [56 bytes]","args":[{"element-6066-11e4-a52e-4f735466cecf":"f.8E45E670A1384E074590F00FAD9F292A.d.6CFB500DD596EDA3845E936C7C40CE59.e.16361","ELEMENT":"f.8E45E670A1384E074590F00FAD9F292A.d.6CFB500DD596EDA3845E936C7C40CE59.e.16361"}]}
RESULT: {"script":"<script> [56 bytes]","args":[{"element-6066-11e4-a52e-4f735466cecf":"f.8E45E670A1384E074590F00FAD9F292A.d.6CFB500DD596EDA3845E936C7C40CE59.e.16361","ELEMENT":"f.8E45E670A1384E074590F00FAD9F292A.d.6CFB500DD596EDA3845E936C7C40CE59.e.16361"}]}
COMMAND: GET /session/129c046a4c158aab34184c97257eb527/screenshot - {}
RESULT: {}
COMMAND: POST /session/129c046a4c158aab34184c97257eb527/execute/sync - {"script":"<script> [56 bytes]","args":[{"element-6066-11e4-a52e-4f735466cecf":"f.8E45E670A1384E074590F00FAD9F292A.d.6CFB500DD596EDA3845E936C7C40CE59.e.16361","ELEMENT":"f.8E45E670A1384E074590F00FAD9F292A.d.6CFB500DD596EDA3845E936C7C40CE59.e.16361"}]}
RESULT: {"script":"<script> [56 bytes]","args":[{"element-6066-11e4-a52e-4f735466cecf":"f.8E45E670A1384E074590F00FAD9F292A.d.6CFB500DD596EDA3845E936C7C40CE59.e.16361","ELEMENT":"f.8E45E670A1384E074590F00FAD9F292A.d.6CFB500DD596EDA3845E936C7C40CE59.e.16361"}]}
COMMAND: GET /session/129c046a4c158aab34184c97257eb527/screenshot - {}
RESULT: {}
COMMAND: POST /session/129c046a4c158aab34184c97257eb527/execute/sync - {"script":"<script> [56 bytes]","args":[{"element-6066-11e4-a52e-4f735466cecf":"f.8E45E670A1384E074590F00FAD9F292A.d.6CFB500DD596EDA3845E936C7C40CE59.e.16361","ELEMENT":"f.8E45E670A1384E074590F00FAD9F292A.d.6CFB500DD596EDA3845E936C7C40CE59.e.16361"}]}
RESULT: {"script":"<script> [56 bytes]","args":[{"element-6066-11e4-a52e-4f735466cecf":"f.8E45E670A1384E074590F00FAD9F292A.d.6CFB500DD596EDA3845E936C7C40CE59.e.16361","ELEMENT":"f.8E45E670A1384E074590F00FAD9F292A.d.6CFB500DD596EDA3845E936C7C40CE59.e.16361"}]}
COMMAND: GET /session/129c046a4c158aab34184c97257eb527/screenshot - {}
RESULT: {}
COMMAND: POST /session/129c046a4c158aab34184c97257eb527/execute/sync - {"script":"<script> [56 bytes]","args":[{"element-6066-11e4-a52e-4f735466cecf":"f.8E45E670A1384E074590F00FAD9F292A.d.6CFB500DD596EDA3845E936C7C40CE59.e.16361","ELEMENT":"f.8E45E670A1384E074590F00FAD9F292A.d.6CFB500DD596EDA3845E936C7C40CE59.e.16361"}]}
RESULT: {"script":"<script> [56 bytes]","args":[{"element-6066-11e4-a52e-4f735466cecf":"f.8E45E670A1384E074590F00FAD9F292A.d.6CFB500DD596EDA3845E936C7C40CE59.e.16361","ELEMENT":"f.8E45E670A1384E074590F00FAD9F292A.d.6CFB500DD596EDA3845E936C7C40CE59.e.16361"}]}
COMMAND: GET /session/129c046a4c158aab34184c97257eb527/screenshot - {}
RESULT: {}
COMMAND: POST /session/129c046a4c158aab34184c97257eb527/execute/sync - {"script":"<script> [56 bytes]","args":[{"element-6066-11e4-a52e-4f735466cecf":"f.8E45E670A1384E074590F00FAD9F292A.d.6CFB500DD596EDA3845E936C7C40CE59.e.16361","ELEMENT":"f.8E45E670A1384E074590F00FAD9F292A.d.6CFB500DD596EDA3845E936C7C40CE59.e.16361"}]}
RESULT: {"script":"<script> [56 bytes]","args":[{"element-6066-11e4-a52e-4f735466cecf":"f.8E45E670A1384E074590F00FAD9F292A.d.6CFB500DD596EDA3845E936C7C40CE59.e.16361","ELEMENT":"f.8E45E670A1384E074590F00FAD9F292A.d.6CFB500DD596EDA3845E936C7C40CE59.e.16361"}]}
COMMAND: GET /session/129c046a4c158aab34184c97257eb527/screenshot - {}
RESULT: {}
COMMAND: POST /session/129c046a4c158aab34184c97257eb527/execute/sync - {"script":"<script> [56 bytes]","args":[{"element-6066-11e4-a52e-4f735466cecf":"f.8E45E670A1384E074590F00FAD9F292A.d.6CFB500DD596EDA3845E936C7C40CE59.e.16361","ELEMENT":"f.8E45E670A1384E074590F00FAD9F292A.d.6CFB500DD596EDA3845E936C7C40CE59.e.16361"}]}
RESULT: {"script":"<script> [56 bytes]","args":[{"element-6066-11e4-a52e-4f735466cecf":"f.8E45E670A1384E074590F00FAD9F292A.d.6CFB500DD596EDA3845E936C7C40CE59.e.16361","ELEMENT":"f.8E45E670A1384E074590F00FAD9F292A.d.6CFB500DD596EDA3845E936C7C40CE59.e.16361"}]}
COMMAND: GET /session/129c046a4c158aab34184c97257eb527/screenshot - {}
RESULT: {}
COMMAND: POST /session/129c046a4c158aab34184c97257eb527/execute/sync - {"script":"<script> [56 bytes]","args":[{"element-6066-11e4-a52e-4f735466cecf":"f.8E45E670A1384E074590F00FAD9F292A.d.6CFB500DD596EDA3845E936C7C40CE59.e.16361","ELEMENT":"f.8E45E670A1384E074590F00FAD9F292A.d.6CFB500DD596EDA3845E936C7C40CE59.e.16361"}]}
RESULT: {"script":"<script> [56 bytes]","args":[{"element-6066-11e4-a52e-4f735466cecf":"f.8E45E670A1384E074590F00FAD9F292A.d.6CFB500DD596EDA3845E936C7C40CE59.e.16361","ELEMENT":"f.8E45E670A1384E074590F00FAD9F292A.d.6CFB500DD596EDA3845E936C7C40CE59.e.16361"}]}
COMMAND: GET /session/129c046a4c158aab34184c97257eb527/screenshot - {}
COMMAND: POST /session/129c046a4c158aab34184c97257eb527/execute/sync - {"script":"<script> [56 bytes]","args":[{"element-6066-11e4-a52e-4f735466cecf":"f.8E45E670A1384E074590F00FAD9F292A.d.6CFB500DD596EDA3845E936C7C40CE59.e.16361","ELEMENT":"f.8E45E670A1384E074590F00FAD9F292A.d.6CFB500DD596EDA3845E936C7C40CE59.e.16361"}]}
RESULT: {}
RESULT: {"script":"<script> [56 bytes]","args":[{"element-6066-11e4-a52e-4f735466cecf":"f.8E45E670A1384E074590F00FAD9F292A.d.6CFB500DD596EDA3845E936C7C40CE59.e.16361","ELEMENT":"f.8E45E670A1384E074590F00FAD9F292A.d.6CFB500DD596EDA3845E936C7C40CE59.e.16361"}]}
COMMAND: GET /session/129c046a4c158aab34184c97257eb527/screenshot - {}
RESULT: {}
COMMAND: POST /session/129c046a4c158aab34184c97257eb527/execute/sync - {"script":"<script> [56 bytes]","args":[{"element-6066-11e4-a52e-4f735466cecf":"f.8E45E670A1384E074590F00FAD9F292A.d.6CFB500DD596EDA3845E936C7C40CE59.e.16361","ELEMENT":"f.8E45E670A1384E074590F00FAD9F292A.d.6CFB500DD596EDA3845E936C7C40CE59.e.16361"}]}
RESULT: {"script":"<script> [56 bytes]","args":[{"element-6066-11e4-a52e-4f735466cecf":"f.8E45E670A1384E074590F00FAD9F292A.d.6CFB500DD596EDA3845E936C7C40CE59.e.16361","ELEMENT":"f.8E45E670A1384E074590F00FAD9F292A.d.6CFB500DD596EDA3845E936C7C40CE59.e.16361"}]}
COMMAND: GET /session/129c046a4c158aab34184c97257eb527/screenshot - {}
RESULT: {}
COMMAND: POST /session/129c046a4c158aab34184c97257eb527/execute/sync - {"script":"<script> [56 bytes]","args":[{"element-6066-11e4-a52e-4f735466cecf":"f.8E45E670A1384E074590F00FAD9F292A.d.6CFB500DD596EDA3845E936C7C40CE59.e.16361","ELEMENT":"f.8E45E670A1384E074590F00FAD9F292A.d.6CFB500DD596EDA3845E936C7C40CE59.e.16361"}]}
RESULT: {"script":"<script> [56 bytes]","args":[{"element-6066-11e4-a52e-4f735466cecf":"f.8E45E670A1384E074590F00FAD9F292A.d.6CFB500DD596EDA3845E936C7C40CE59.e.16361","ELEMENT":"f.8E45E670A1384E074590F00FAD9F292A.d.6CFB500DD596EDA3845E936C7C40CE59.e.16361"}]}
COMMAND: GET /session/129c046a4c158aab34184c97257eb527/screenshot - {}
RESULT: {}
COMMAND: POST /session/129c046a4c158aab34184c97257eb527/execute/sync - {"script":"<script> [56 bytes]","args":[{"element-6066-11e4-a52e-4f735466cecf":"f.8E45E670A1384E074590F00FAD9F292A.d.6CFB500DD596EDA3845E936C7C40CE59.e.16361","ELEMENT":"f.8E45E670A1384E074590F00FAD9F292A.d.6CFB500DD596EDA3845E936C7C40CE59.e.16361"}]}
RESULT: {"script":"<script> [56 bytes]","args":[{"element-6066-11e4-a52e-4f735466cecf":"f.8E45E670A1384E074590F00FAD9F292A.d.6CFB500DD596EDA3845E936C7C40CE59.e.16361","ELEMENT":"f.8E45E670A1384E074590F00FAD9F292A.d.6CFB500DD596EDA3845E936C7C40CE59.e.16361"}]}
COMMAND: GET /session/129c046a4c158aab34184c97257eb527/screenshot - {}
RESULT: {}
COMMAND: POST /session/129c046a4c158aab34184c97257eb527/execute/sync - {"script":"<script> [56 bytes]","args":[{"element-6066-11e4-a52e-4f735466cecf":"f.8E45E670A1384E074590F00FAD9F292A.d.6CFB500DD596EDA3845E936C7C40CE59.e.16361","ELEMENT":"f.8E45E670A1384E074590F00FAD9F292A.d.6CFB500DD596EDA3845E936C7C40CE59.e.16361"}]}
RESULT: {"script":"<script> [56 bytes]","args":[{"element-6066-11e4-a52e-4f735466cecf":"f.8E45E670A1384E074590F00FAD9F292A.d.6CFB500DD596EDA3845E936C7C40CE59.e.16361","ELEMENT":"f.8E45E670A1384E074590F00FAD9F292A.d.6CFB500DD596EDA3845E936C7C40CE59.e.16361"}]}
COMMAND: GET /session/129c046a4c158aab34184c97257eb527/screenshot - {}
RESULT: {}
COMMAND: POST /session/129c046a4c158aab34184c97257eb527/execute/sync - {"script":"<script> [56 bytes]","args":[{"element-6066-11e4-a52e-4f735466cecf":"f.8E45E670A1384E074590F00FAD9F292A.d.6CFB500DD596EDA3845E936C7C40CE59.e.16361","ELEMENT":"f.8E45E670A1384E074590F00FAD9F292A.d.6CFB500DD596EDA3845E936C7C40CE59.e.16361"}]}
RESULT: {"script":"<script> [56 bytes]","args":[{"element-6066-11e4-a52e-4f735466cecf":"f.8E45E670A1384E074590F00FAD9F292A.d.6CFB500DD596EDA3845E936C7C40CE59.e.16361","ELEMENT":"f.8E45E670A1384E074590F00FAD9F292A.d.6CFB500DD596EDA3845E936C7C40CE59.e.16361"}]}
COMMAND: GET /session/129c046a4c158aab34184c97257eb527/screenshot - {}
RESULT: {}
COMMAND: POST /session/129c046a4c158aab34184c97257eb527/execute/sync - {"script":"<script> [56 bytes]","args":[{"element-6066-11e4-a52e-4f735466cecf":"f.8E45E670A1384E074590F00FAD9F292A.d.6CFB500DD596EDA3845E936C7C40CE59.e.16361","ELEMENT":"f.8E45E670A1384E074590F00FAD9F292A.d.6CFB500DD596EDA3845E936C7C40CE59.e.16361"}]}
RESULT: {"script":"<script> [56 bytes]","args":[{"element-6066-11e4-a52e-4f735466cecf":"f.8E45E670A1384E074590F00FAD9F292A.d.6CFB500DD596EDA3845E936C7C40CE59.e.16361","ELEMENT":"f.8E45E670A1384E074590F00FAD9F292A.d.6CFB500DD596EDA3845E936C7C40CE59.e.16361"}]}
COMMAND: GET /session/129c046a4c158aab34184c97257eb527/screenshot - {}
RESULT: {}
COMMAND: POST /session/129c046a4c158aab34184c97257eb527/execute/sync - {"script":"<script> [56 bytes]","args":[{"element-6066-11e4-a52e-4f735466cecf":"f.8E45E670A1384E074590F00FAD9F292A.d.6CFB500DD596EDA3845E936C7C40CE59.e.16361","ELEMENT":"f.8E45E670A1384E074590F00FAD9F292A.d.6CFB500DD596EDA3845E936C7C40CE59.e.16361"}]}
RESULT: {"script":"<script> [56 bytes]","args":[{"element-6066-11e4-a52e-4f735466cecf":"f.8E45E670A1384E074590F00FAD9F292A.d.6CFB500DD596EDA3845E936C7C40CE59.e.16361","ELEMENT":"f.8E45E670A1384E074590F00FAD9F292A.d.6CFB500DD596EDA3845E936C7C40CE59.e.16361"}]}
COMMAND: GET /session/129c046a4c158aab34184c97257eb527/screenshot - {}
RESULT: {}
COMMAND: POST /session/129c046a4c158aab34184c97257eb527/execute/sync - {"script":"<script> [56 bytes]","args":[{"element-6066-11e4-a52e-4f735466cecf":"f.8E45E670A1384E074590F00FAD9F292A.d.6CFB500DD596EDA3845E936C7C40CE59.e.16361","ELEMENT":"f.8E45E670A1384E074590F00FAD9F292A.d.6CFB500DD596EDA3845E936C7C40CE59.e.16361"}]}
RESULT: {"script":"<script> [56 bytes]","args":[{"element-6066-11e4-a52e-4f735466cecf":"f.8E45E670A1384E074590F00FAD9F292A.d.6CFB500DD596EDA3845E936C7C40CE59.e.16361","ELEMENT":"f.8E45E670A1384E074590F00FAD9F292A.d.6CFB500DD596EDA3845E936C7C40CE59.e.16361"}]}
COMMAND: GET /session/129c046a4c158aab34184c97257eb527/screenshot - {}
RESULT: {}
COMMAND: POST /session/129c046a4c158aab34184c97257eb527/execute/sync - {"script":"<script> [56 bytes]","args":[{"element-6066-11e4-a52e-4f735466cecf":"f.8E45E670A1384E074590F00FAD9F292A.d.6CFB500DD596EDA3845E936C7C40CE59.e.16361","ELEMENT":"f.8E45E670A1384E074590F00FAD9F292A.d.6CFB500DD596EDA3845E936C7C40CE59.e.16361"}]}
RESULT: {"script":"<script> [56 bytes]","args":[{"element-6066-11e4-a52e-4f735466cecf":"f.8E45E670A1384E074590F00FAD9F292A.d.6CFB500DD596EDA3845E936C7C40CE59.e.16361","ELEMENT":"f.8E45E670A1384E074590F00FAD9F292A.d.6CFB500DD596EDA3845E936C7C40CE59.e.16361"}]}
COMMAND: GET /session/129c046a4c158aab34184c97257eb527/screenshot - {}
RESULT: {}
COMMAND: POST /session/129c046a4c158aab34184c97257eb527/execute/sync - {"script":"<script> [56 bytes]","args":[{"element-6066-11e4-a52e-4f735466cecf":"f.8E45E670A1384E074590F00FAD9F292A.d.6CFB500DD596EDA3845E936C7C40CE59.e.16361","ELEMENT":"f.8E45E670A1384E074590F00FAD9F292A.d.6CFB500DD596EDA3845E936C7C40CE59.e.16361"}]}
RESULT: {"script":"<script> [56 bytes]","args":[{"element-6066-11e4-a52e-4f735466cecf":"f.8E45E670A1384E074590F00FAD9F292A.d.6CFB500DD596EDA3845E936C7C40CE59.e.16361","ELEMENT":"f.8E45E670A1384E074590F00FAD9F292A.d.6CFB500DD596EDA3845E936C7C40CE59.e.16361"}]}
COMMAND: GET /session/129c046a4c158aab34184c97257eb527/screenshot - {}
RESULT: {}
COMMAND: POST /session/129c046a4c158aab34184c97257eb527/execute/sync - {"script":"<script> [56 bytes]","args":[{"element-6066-11e4-a52e-4f735466cecf":"f.8E45E670A1384E074590F00FAD9F292A.d.6CFB500DD596EDA3845E936C7C40CE59.e.16361","ELEMENT":"f.8E45E670A1384E074590F00FAD9F292A.d.6CFB500DD596EDA3845E936C7C40CE59.e.16361"}]}
RESULT: {"script":"<script> [56 bytes]","args":[{"element-6066-11e4-a52e-4f735466cecf":"f.8E45E670A1384E074590F00FAD9F292A.d.6CFB500DD596EDA3845E936C7C40CE59.e.16361","ELEMENT":"f.8E45E670A1384E074590F00FAD9F292A.d.6CFB500DD596EDA3845E936C7C40CE59.e.16361"}]}
COMMAND: GET /session/129c046a4c158aab34184c97257eb527/screenshot - {}
RESULT: {}
COMMAND: POST /session/129c046a4c158aab34184c97257eb527/execute/sync - {"script":"<script> [56 bytes]","args":[{"element-6066-11e4-a52e-4f735466cecf":"f.8E45E670A1384E074590F00FAD9F292A.d.6CFB500DD596EDA3845E936C7C40CE59.e.16361","ELEMENT":"f.8E45E670A1384E074590F00FAD9F292A.d.6CFB500DD596EDA3845E936C7C40CE59.e.16361"}]}
RESULT: {"script":"<script> [56 bytes]","args":[{"element-6066-11e4-a52e-4f735466cecf":"f.8E45E670A1384E074590F00FAD9F292A.d.6CFB500DD596EDA3845E936C7C40CE59.e.16361","ELEMENT":"f.8E45E670A1384E074590F00FAD9F292A.d.6CFB500DD596EDA3845E936C7C40CE59.e.16361"}]}
COMMAND: GET /session/129c046a4c158aab34184c97257eb527/screenshot - {}
RESULT: {}
COMMAND: POST /session/129c046a4c158aab34184c97257eb527/execute/sync - {"script":"<script> [56 bytes]","args":[{"element-6066-11e4-a52e-4f735466cecf":"f.8E45E670A1384E074590F00FAD9F292A.d.6CFB500DD596EDA3845E936C7C40CE59.e.16361","ELEMENT":"f.8E45E670A1384E074590F00FAD9F292A.d.6CFB500DD596EDA3845E936C7C40CE59.e.16361"}]}
RESULT: {"script":"<script> [56 bytes]","args":[{"element-6066-11e4-a52e-4f735466cecf":"f.8E45E670A1384E074590F00FAD9F292A.d.6CFB500DD596EDA3845E936C7C40CE59.e.16361","ELEMENT":"f.8E45E670A1384E074590F00FAD9F292A.d.6CFB500DD596EDA3845E936C7C40CE59.e.16361"}]}
COMMAND: GET /session/129c046a4c158aab34184c97257eb527/screenshot - {}
RESULT: {}
COMMAND: POST /session/129c046a4c158aab34184c97257eb527/execute/sync - {"script":"<script> [56 bytes]","args":[{"element-6066-11e4-a52e-4f735466cecf":"f.8E45E670A1384E074590F00FAD9F292A.d.6CFB500DD596EDA3845E936C7C40CE59.e.16361","ELEMENT":"f.8E45E670A1384E074590F00FAD9F292A.d.6CFB500DD596EDA3845E936C7C40CE59.e.16361"}]}
RESULT: {"script":"<script> [56 bytes]","args":[{"element-6066-11e4-a52e-4f735466cecf":"f.8E45E670A1384E074590F00FAD9F292A.d.6CFB500DD596EDA3845E936C7C40CE59.e.16361","ELEMENT":"f.8E45E670A1384E074590F00FAD9F292A.d.6CFB500DD596EDA3845E936C7C40CE59.e.16361"}]}
COMMAND: GET /session/129c046a4c158aab34184c97257eb527/screenshot - {}
RESULT: {}
COMMAND: POST /session/129c046a4c158aab34184c97257eb527/execute/sync - {"script":"<script> [56 bytes]","args":[{"element-6066-11e4-a52e-4f735466cecf":"f.8E45E670A1384E074590F00FAD9F292A.d.6CFB500DD596EDA3845E936C7C40CE59.e.16361","ELEMENT":"f.8E45E670A1384E074590F00FAD9F292A.d.6CFB500DD596EDA3845E936C7C40CE59.e.16361"}]}
RESULT: {"script":"<script> [56 bytes]","args":[{"element-6066-11e4-a52e-4f735466cecf":"f.8E45E670A1384E074590F00FAD9F292A.d.6CFB500DD596EDA3845E936C7C40CE59.e.16361","ELEMENT":"f.8E45E670A1384E074590F00FAD9F292A.d.6CFB500DD596EDA3845E936C7C40CE59.e.16361"}]}
COMMAND: POST /session/129c046a4c158aab34184c97257eb527/element - {"using":"xpath","value":"//td[@aria-colindex=\"1\"]/div/div[contains(@class, \"sapMCbBg\")]"}
COMMAND: GET /session/129c046a4c158aab34184c97257eb527/screenshot - {}
RESULT: {"using":"xpath","value":"//td[@aria-colindex=\"1\"]/div/div[contains(@class, \"sapMCbBg\")]"}
COMMAND: POST /session/129c046a4c158aab34184c97257eb527/element/f.8E45E670A1384E074590F00FAD9F292A.d.6CFB500DD596EDA3845E936C7C40CE59.e.16378/click - {}
RESULT: {}
RESULT: {}
COMMAND: GET /session/129c046a4c158aab34184c97257eb527/screenshot - {}
RESULT: {}
COMMAND: POST /session/129c046a4c158aab34184c97257eb527/element - {"using":"xpath","value":"//bdi[text()=\"Transfer\"]"}
RESULT: {"using":"xpath","value":"//bdi[text()=\"Transfer\"]"}
COMMAND: POST /session/129c046a4c158aab34184c97257eb527/element/f.8E45E670A1384E074590F00FAD9F292A.d.6CFB500DD596EDA3845E936C7C40CE59.e.16379/click - {}
RESULT: {}
COMMAND: GET /session/129c046a4c158aab34184c97257eb527/screenshot - {}
RESULT: {}
COMMAND: POST /session/129c046a4c158aab34184c97257eb527/element - {"using":"xpath","value":"//bdi[contains(text(), \"OK\")]"}
RESULT: {"using":"xpath","value":"//bdi[contains(text(), \"OK\")]"}
COMMAND: POST /session/129c046a4c158aab34184c97257eb527/element/f.8E45E670A1384E074590F00FAD9F292A.d.6CFB500DD596EDA3845E936C7C40CE59.e.16382/click - {}
RESULT: {}
COMMAND: GET /session/129c046a4c158aab34184c97257eb527/screenshot - {}
RESULT: {}
COMMAND: POST /session/129c046a4c158aab34184c97257eb527/element - {"using":"xpath","value":"(//span[contains(text(), \"Completed\")]/parent::div/preceding-sibling::div/span)[1]"}
RESULT: {"using":"xpath","value":"(//span[contains(text(), \"Completed\")]/parent::div/preceding-sibling::div/span)[1]"}
COMMAND: POST /session/129c046a4c158aab34184c97257eb527/element/f.8E45E670A1384E074590F00FAD9F292A.d.6CFB500DD596EDA3845E936C7C40CE59.e.16391/click - {}
RESULT: {}
COMMAND: POST /session/129c046a4c158aab34184c97257eb527/element - {"using":"xpath","value":"//input[contains(@id ,\"application-billingtransfer-display-component---billingWorkbench--smartFilterBar-btnBasicSearch\")]"}
COMMAND: GET /session/129c046a4c158aab34184c97257eb527/screenshot - {}
RESULT: {"using":"xpath","value":"//input[contains(@id ,\"application-billingtransfer-display-component---billingWorkbench--smartFilterBar-btnBasicSearch\")]"}
COMMAND: POST /session/129c046a4c158aab34184c97257eb527/elements - {"using":"xpath","value":"//input[contains(@id ,\"application-billingtransfer-display-component---billingWorkbench--smartFilterBar-btnBasicSearch\")]"}
RESULT: {}
RESULT: {"using":"xpath","value":"//input[contains(@id ,\"application-billingtransfer-display-component---billingWorkbench--smartFilterBar-btnBasicSearch\")]"}
COMMAND: POST /session/129c046a4c158aab34184c97257eb527/execute/sync - {"script":"<script> [8489 bytes]","args":[{"element-6066-11e4-a52e-4f735466cecf":"f.8E45E670A1384E074590F00FAD9F292A.d.6CFB500DD596EDA3845E936C7C40CE59.e.16217","ELEMENT":"f.8E45E670A1384E074590F00FAD9F292A.d.6CFB500DD596EDA3845E936C7C40CE59.e.16217"}]}
RESULT: {"script":"<script> [8489 bytes]","args":[{"element-6066-11e4-a52e-4f735466cecf":"f.8E45E670A1384E074590F00FAD9F292A.d.6CFB500DD596EDA3845E936C7C40CE59.e.16217","ELEMENT":"f.8E45E670A1384E074590F00FAD9F292A.d.6CFB500DD596EDA3845E936C7C40CE59.e.16217"}]}
COMMAND: GET /session/129c046a4c158aab34184c97257eb527/element/f.8E45E670A1384E074590F00FAD9F292A.d.6CFB500DD596EDA3845E936C7C40CE59.e.16217/enabled - {}
COMMAND: GET /session/129c046a4c158aab34184c97257eb527/screenshot - {}
RESULT: {}
COMMAND: POST /session/129c046a4c158aab34184c97257eb527/element/f.8E45E670A1384E074590F00FAD9F292A.d.6CFB500DD596EDA3845E936C7C40CE59.e.16217/click - {}
COMMAND: GET /session/129c046a4c158aab34184c97257eb527/screenshot - {}
RESULT: {}
RESULT: {}
COMMAND: GET /session/129c046a4c158aab34184c97257eb527/screenshot - {}
RESULT: {}
RESULT: {}
COMMAND: POST /session/129c046a4c158aab34184c97257eb527/element/f.8E45E670A1384E074590F00FAD9F292A.d.6CFB500DD596EDA3845E936C7C40CE59.e.16217/clear - {}
RESULT: {}
COMMAND: POST /session/129c046a4c158aab34184c97257eb527/element/f.8E45E670A1384E074590F00FAD9F292A.d.6CFB500DD596EDA3845E936C7C40CE59.e.16217/value - {"text":"10629"}
COMMAND: GET /session/129c046a4c158aab34184c97257eb527/screenshot - {}
RESULT: {"text":"10629"}
COMMAND: POST /session/129c046a4c158aab34184c97257eb527/actions - {"actions":[{"id":"action56","type":"key","parameters":{},"actions":[{"type":"keyDown","value":""},{"type":"pause","duration":10},{"type":"keyUp","value":""}]}]}
COMMAND: GET /session/129c046a4c158aab34184c97257eb527/screenshot - {}
RESULT: {}
RESULT: {"actions":[{"id":"action56","type":"key","parameters":{},"actions":[{"type":"keyDown","value":""},{"type":"pause","duration":10},{"type":"keyUp","value":""}]}]}
COMMAND: GET /session/129c046a4c158aab34184c97257eb527/screenshot - {}
RESULT: {}
RESULT: {}
COMMAND: POST /session/129c046a4c158aab34184c97257eb527/element - {"using":"xpath","value":"//span[contains(@id ,\"application-billingtransfer-display-component---billingWorkbench--smartTableBillingRuns-header-inner\")]"}
RESULT: {"using":"xpath","value":"//span[contains(@id ,\"application-billingtransfer-display-component---billingWorkbench--smartTableBillingRuns-header-inner\")]"}
COMMAND: POST /session/129c046a4c158aab34184c97257eb527/elements - {"using":"xpath","value":"//span[contains(@id ,\"application-billingtransfer-display-component---billingWorkbench--smartTableBillingRuns-header-inner\")]"}
RESULT: {"using":"xpath","value":"//span[contains(@id ,\"application-billingtransfer-display-component---billingWorkbench--smartTableBillingRuns-header-inner\")]"}
COMMAND: POST /session/129c046a4c158aab34184c97257eb527/execute/sync - {"script":"<script> [56 bytes]","args":[{"element-6066-11e4-a52e-4f735466cecf":"f.8E45E670A1384E074590F00FAD9F292A.d.6CFB500DD596EDA3845E936C7C40CE59.e.16361","ELEMENT":"f.8E45E670A1384E074590F00FAD9F292A.d.6CFB500DD596EDA3845E936C7C40CE59.e.16361"}]}
RESULT: {"script":"<script> [56 bytes]","args":[{"element-6066-11e4-a52e-4f735466cecf":"f.8E45E670A1384E074590F00FAD9F292A.d.6CFB500DD596EDA3845E936C7C40CE59.e.16361","ELEMENT":"f.8E45E670A1384E074590F00FAD9F292A.d.6CFB500DD596EDA3845E936C7C40CE59.e.16361"}]}
COMMAND: GET /session/129c046a4c158aab34184c97257eb527/screenshot - {}
RESULT: {}
COMMAND: POST /session/129c046a4c158aab34184c97257eb527/execute/sync - {"script":"<script> [56 bytes]","args":[{"element-6066-11e4-a52e-4f735466cecf":"f.8E45E670A1384E074590F00FAD9F292A.d.6CFB500DD596EDA3845E936C7C40CE59.e.16361","ELEMENT":"f.8E45E670A1384E074590F00FAD9F292A.d.6CFB500DD596EDA3845E936C7C40CE59.e.16361"}]}
RESULT: {"script":"<script> [56 bytes]","args":[{"element-6066-11e4-a52e-4f735466cecf":"f.8E45E670A1384E074590F00FAD9F292A.d.6CFB500DD596EDA3845E936C7C40CE59.e.16361","ELEMENT":"f.8E45E670A1384E074590F00FAD9F292A.d.6CFB500DD596EDA3845E936C7C40CE59.e.16361"}]}
COMMAND: GET /session/129c046a4c158aab34184c97257eb527/screenshot - {}
RESULT: {}
COMMAND: POST /session/129c046a4c158aab34184c97257eb527/execute/sync - {"script":"<script> [56 bytes]","args":[{"element-6066-11e4-a52e-4f735466cecf":"f.8E45E670A1384E074590F00FAD9F292A.d.6CFB500DD596EDA3845E936C7C40CE59.e.16361","ELEMENT":"f.8E45E670A1384E074590F00FAD9F292A.d.6CFB500DD596EDA3845E936C7C40CE59.e.16361"}]}
RESULT: {"script":"<script> [56 bytes]","args":[{"element-6066-11e4-a52e-4f735466cecf":"f.8E45E670A1384E074590F00FAD9F292A.d.6CFB500DD596EDA3845E936C7C40CE59.e.16361","ELEMENT":"f.8E45E670A1384E074590F00FAD9F292A.d.6CFB500DD596EDA3845E936C7C40CE59.e.16361"}]}
COMMAND: GET /session/129c046a4c158aab34184c97257eb527/screenshot - {}
RESULT: {}
COMMAND: POST /session/129c046a4c158aab34184c97257eb527/execute/sync - {"script":"<script> [56 bytes]","args":[{"element-6066-11e4-a52e-4f735466cecf":"f.8E45E670A1384E074590F00FAD9F292A.d.6CFB500DD596EDA3845E936C7C40CE59.e.16361","ELEMENT":"f.8E45E670A1384E074590F00FAD9F292A.d.6CFB500DD596EDA3845E936C7C40CE59.e.16361"}]}
RESULT: {"script":"<script> [56 bytes]","args":[{"element-6066-11e4-a52e-4f735466cecf":"f.8E45E670A1384E074590F00FAD9F292A.d.6CFB500DD596EDA3845E936C7C40CE59.e.16361","ELEMENT":"f.8E45E670A1384E074590F00FAD9F292A.d.6CFB500DD596EDA3845E936C7C40CE59.e.16361"}]}
COMMAND: GET /session/129c046a4c158aab34184c97257eb527/screenshot - {}
RESULT: {}
COMMAND: POST /session/129c046a4c158aab34184c97257eb527/execute/sync - {"script":"<script> [56 bytes]","args":[{"element-6066-11e4-a52e-4f735466cecf":"f.8E45E670A1384E074590F00FAD9F292A.d.6CFB500DD596EDA3845E936C7C40CE59.e.16361","ELEMENT":"f.8E45E670A1384E074590F00FAD9F292A.d.6CFB500DD596EDA3845E936C7C40CE59.e.16361"}]}
RESULT: {"script":"<script> [56 bytes]","args":[{"element-6066-11e4-a52e-4f735466cecf":"f.8E45E670A1384E074590F00FAD9F292A.d.6CFB500DD596EDA3845E936C7C40CE59.e.16361","ELEMENT":"f.8E45E670A1384E074590F00FAD9F292A.d.6CFB500DD596EDA3845E936C7C40CE59.e.16361"}]}
COMMAND: GET /session/129c046a4c158aab34184c97257eb527/screenshot - {}
RESULT: {}
COMMAND: POST /session/129c046a4c158aab34184c97257eb527/execute/sync - {"script":"<script> [56 bytes]","args":[{"element-6066-11e4-a52e-4f735466cecf":"f.8E45E670A1384E074590F00FAD9F292A.d.6CFB500DD596EDA3845E936C7C40CE59.e.16361","ELEMENT":"f.8E45E670A1384E074590F00FAD9F292A.d.6CFB500DD596EDA3845E936C7C40CE59.e.16361"}]}
RESULT: {"script":"<script> [56 bytes]","args":[{"element-6066-11e4-a52e-4f735466cecf":"f.8E45E670A1384E074590F00FAD9F292A.d.6CFB500DD596EDA3845E936C7C40CE59.e.16361","ELEMENT":"f.8E45E670A1384E074590F00FAD9F292A.d.6CFB500DD596EDA3845E936C7C40CE59.e.16361"}]}
COMMAND: GET /session/129c046a4c158aab34184c97257eb527/screenshot - {}
RESULT: {}
COMMAND: POST /session/129c046a4c158aab34184c97257eb527/execute/sync - {"script":"<script> [56 bytes]","args":[{"element-6066-11e4-a52e-4f735466cecf":"f.8E45E670A1384E074590F00FAD9F292A.d.6CFB500DD596EDA3845E936C7C40CE59.e.16361","ELEMENT":"f.8E45E670A1384E074590F00FAD9F292A.d.6CFB500DD596EDA3845E936C7C40CE59.e.16361"}]}
RESULT: {"script":"<script> [56 bytes]","args":[{"element-6066-11e4-a52e-4f735466cecf":"f.8E45E670A1384E074590F00FAD9F292A.d.6CFB500DD596EDA3845E936C7C40CE59.e.16361","ELEMENT":"f.8E45E670A1384E074590F00FAD9F292A.d.6CFB500DD596EDA3845E936C7C40CE59.e.16361"}]}
COMMAND: GET /session/129c046a4c158aab34184c97257eb527/screenshot - {}
RESULT: {}
COMMAND: POST /session/129c046a4c158aab34184c97257eb527/execute/sync - {"script":"<script> [56 bytes]","args":[{"element-6066-11e4-a52e-4f735466cecf":"f.8E45E670A1384E074590F00FAD9F292A.d.6CFB500DD596EDA3845E936C7C40CE59.e.16361","ELEMENT":"f.8E45E670A1384E074590F00FAD9F292A.d.6CFB500DD596EDA3845E936C7C40CE59.e.16361"}]}
RESULT: {"script":"<script> [56 bytes]","args":[{"element-6066-11e4-a52e-4f735466cecf":"f.8E45E670A1384E074590F00FAD9F292A.d.6CFB500DD596EDA3845E936C7C40CE59.e.16361","ELEMENT":"f.8E45E670A1384E074590F00FAD9F292A.d.6CFB500DD596EDA3845E936C7C40CE59.e.16361"}]}
COMMAND: GET /session/129c046a4c158aab34184c97257eb527/screenshot - {}
RESULT: {}
COMMAND: POST /session/129c046a4c158aab34184c97257eb527/execute/sync - {"script":"<script> [56 bytes]","args":[{"element-6066-11e4-a52e-4f735466cecf":"f.8E45E670A1384E074590F00FAD9F292A.d.6CFB500DD596EDA3845E936C7C40CE59.e.16361","ELEMENT":"f.8E45E670A1384E074590F00FAD9F292A.d.6CFB500DD596EDA3845E936C7C40CE59.e.16361"}]}
RESULT: {"script":"<script> [56 bytes]","args":[{"element-6066-11e4-a52e-4f735466cecf":"f.8E45E670A1384E074590F00FAD9F292A.d.6CFB500DD596EDA3845E936C7C40CE59.e.16361","ELEMENT":"f.8E45E670A1384E074590F00FAD9F292A.d.6CFB500DD596EDA3845E936C7C40CE59.e.16361"}]}
COMMAND: GET /session/129c046a4c158aab34184c97257eb527/screenshot - {}
RESULT: {}
COMMAND: POST /session/129c046a4c158aab34184c97257eb527/execute/sync - {"script":"<script> [56 bytes]","args":[{"element-6066-11e4-a52e-4f735466cecf":"f.8E45E670A1384E074590F00FAD9F292A.d.6CFB500DD596EDA3845E936C7C40CE59.e.16361","ELEMENT":"f.8E45E670A1384E074590F00FAD9F292A.d.6CFB500DD596EDA3845E936C7C40CE59.e.16361"}]}
RESULT: {"script":"<script> [56 bytes]","args":[{"element-6066-11e4-a52e-4f735466cecf":"f.8E45E670A1384E074590F00FAD9F292A.d.6CFB500DD596EDA3845E936C7C40CE59.e.16361","ELEMENT":"f.8E45E670A1384E074590F00FAD9F292A.d.6CFB500DD596EDA3845E936C7C40CE59.e.16361"}]}
COMMAND: GET /session/129c046a4c158aab34184c97257eb527/screenshot - {}
RESULT: {}
COMMAND: POST /session/129c046a4c158aab34184c97257eb527/execute/sync - {"script":"<script> [56 bytes]","args":[{"element-6066-11e4-a52e-4f735466cecf":"f.8E45E670A1384E074590F00FAD9F292A.d.6CFB500DD596EDA3845E936C7C40CE59.e.16361","ELEMENT":"f.8E45E670A1384E074590F00FAD9F292A.d.6CFB500DD596EDA3845E936C7C40CE59.e.16361"}]}
RESULT: {"script":"<script> [56 bytes]","args":[{"element-6066-11e4-a52e-4f735466cecf":"f.8E45E670A1384E074590F00FAD9F292A.d.6CFB500DD596EDA3845E936C7C40CE59.e.16361","ELEMENT":"f.8E45E670A1384E074590F00FAD9F292A.d.6CFB500DD596EDA3845E936C7C40CE59.e.16361"}]}
COMMAND: GET /session/129c046a4c158aab34184c97257eb527/screenshot - {}
RESULT: {}
COMMAND: POST /session/129c046a4c158aab34184c97257eb527/execute/sync - {"script":"<script> [56 bytes]","args":[{"element-6066-11e4-a52e-4f735466cecf":"f.8E45E670A1384E074590F00FAD9F292A.d.6CFB500DD596EDA3845E936C7C40CE59.e.16361","ELEMENT":"f.8E45E670A1384E074590F00FAD9F292A.d.6CFB500DD596EDA3845E936C7C40CE59.e.16361"}]}
RESULT: {"script":"<script> [56 bytes]","args":[{"element-6066-11e4-a52e-4f735466cecf":"f.8E45E670A1384E074590F00FAD9F292A.d.6CFB500DD596EDA3845E936C7C40CE59.e.16361","ELEMENT":"f.8E45E670A1384E074590F00FAD9F292A.d.6CFB500DD596EDA3845E936C7C40CE59.e.16361"}]}
COMMAND: GET /session/129c046a4c158aab34184c97257eb527/screenshot - {}
RESULT: {}
COMMAND: POST /session/129c046a4c158aab34184c97257eb527/execute/sync - {"script":"<script> [56 bytes]","args":[{"element-6066-11e4-a52e-4f735466cecf":"f.8E45E670A1384E074590F00FAD9F292A.d.6CFB500DD596EDA3845E936C7C40CE59.e.16361","ELEMENT":"f.8E45E670A1384E074590F00FAD9F292A.d.6CFB500DD596EDA3845E936C7C40CE59.e.16361"}]}
RESULT: {"script":"<script> [56 bytes]","args":[{"element-6066-11e4-a52e-4f735466cecf":"f.8E45E670A1384E074590F00FAD9F292A.d.6CFB500DD596EDA3845E936C7C40CE59.e.16361","ELEMENT":"f.8E45E670A1384E074590F00FAD9F292A.d.6CFB500DD596EDA3845E936C7C40CE59.e.16361"}]}
COMMAND: GET /session/129c046a4c158aab34184c97257eb527/screenshot - {}
RESULT: {}
COMMAND: POST /session/129c046a4c158aab34184c97257eb527/execute/sync - {"script":"<script> [56 bytes]","args":[{"element-6066-11e4-a52e-4f735466cecf":"f.8E45E670A1384E074590F00FAD9F292A.d.6CFB500DD596EDA3845E936C7C40CE59.e.16361","ELEMENT":"f.8E45E670A1384E074590F00FAD9F292A.d.6CFB500DD596EDA3845E936C7C40CE59.e.16361"}]}
RESULT: {"script":"<script> [56 bytes]","args":[{"element-6066-11e4-a52e-4f735466cecf":"f.8E45E670A1384E074590F00FAD9F292A.d.6CFB500DD596EDA3845E936C7C40CE59.e.16361","ELEMENT":"f.8E45E670A1384E074590F00FAD9F292A.d.6CFB500DD596EDA3845E936C7C40CE59.e.16361"}]}
COMMAND: GET /session/129c046a4c158aab34184c97257eb527/screenshot - {}
RESULT: {}
COMMAND: POST /session/129c046a4c158aab34184c97257eb527/execute/sync - {"script":"<script> [56 bytes]","args":[{"element-6066-11e4-a52e-4f735466cecf":"f.8E45E670A1384E074590F00FAD9F292A.d.6CFB500DD596EDA3845E936C7C40CE59.e.16361","ELEMENT":"f.8E45E670A1384E074590F00FAD9F292A.d.6CFB500DD596EDA3845E936C7C40CE59.e.16361"}]}
RESULT: {"script":"<script> [56 bytes]","args":[{"element-6066-11e4-a52e-4f735466cecf":"f.8E45E670A1384E074590F00FAD9F292A.d.6CFB500DD596EDA3845E936C7C40CE59.e.16361","ELEMENT":"f.8E45E670A1384E074590F00FAD9F292A.d.6CFB500DD596EDA3845E936C7C40CE59.e.16361"}]}
COMMAND: GET /session/129c046a4c158aab34184c97257eb527/screenshot - {}
RESULT: {}
COMMAND: POST /session/129c046a4c158aab34184c97257eb527/execute/sync - {"script":"<script> [56 bytes]","args":[{"element-6066-11e4-a52e-4f735466cecf":"f.8E45E670A1384E074590F00FAD9F292A.d.6CFB500DD596EDA3845E936C7C40CE59.e.16361","ELEMENT":"f.8E45E670A1384E074590F00FAD9F292A.d.6CFB500DD596EDA3845E936C7C40CE59.e.16361"}]}
RESULT: {"script":"<script> [56 bytes]","args":[{"element-6066-11e4-a52e-4f735466cecf":"f.8E45E670A1384E074590F00FAD9F292A.d.6CFB500DD596EDA3845E936C7C40CE59.e.16361","ELEMENT":"f.8E45E670A1384E074590F00FAD9F292A.d.6CFB500DD596EDA3845E936C7C40CE59.e.16361"}]}
COMMAND: GET /session/129c046a4c158aab34184c97257eb527/screenshot - {}
RESULT: {}
COMMAND: POST /session/129c046a4c158aab34184c97257eb527/execute/sync - {"script":"<script> [56 bytes]","args":[{"element-6066-11e4-a52e-4f735466cecf":"f.8E45E670A1384E074590F00FAD9F292A.d.6CFB500DD596EDA3845E936C7C40CE59.e.16361","ELEMENT":"f.8E45E670A1384E074590F00FAD9F292A.d.6CFB500DD596EDA3845E936C7C40CE59.e.16361"}]}
RESULT: {"script":"<script> [56 bytes]","args":[{"element-6066-11e4-a52e-4f735466cecf":"f.8E45E670A1384E074590F00FAD9F292A.d.6CFB500DD596EDA3845E936C7C40CE59.e.16361","ELEMENT":"f.8E45E670A1384E074590F00FAD9F292A.d.6CFB500DD596EDA3845E936C7C40CE59.e.16361"}]}
COMMAND: GET /session/129c046a4c158aab34184c97257eb527/screenshot - {}
RESULT: {}
COMMAND: POST /session/129c046a4c158aab34184c97257eb527/execute/sync - {"script":"<script> [56 bytes]","args":[{"element-6066-11e4-a52e-4f735466cecf":"f.8E45E670A1384E074590F00FAD9F292A.d.6CFB500DD596EDA3845E936C7C40CE59.e.16361","ELEMENT":"f.8E45E670A1384E074590F00FAD9F292A.d.6CFB500DD596EDA3845E936C7C40CE59.e.16361"}]}
RESULT: {"script":"<script> [56 bytes]","args":[{"element-6066-11e4-a52e-4f735466cecf":"f.8E45E670A1384E074590F00FAD9F292A.d.6CFB500DD596EDA3845E936C7C40CE59.e.16361","ELEMENT":"f.8E45E670A1384E074590F00FAD9F292A.d.6CFB500DD596EDA3845E936C7C40CE59.e.16361"}]}
COMMAND: GET /session/129c046a4c158aab34184c97257eb527/screenshot - {}
RESULT: {}
COMMAND: POST /session/129c046a4c158aab34184c97257eb527/execute/sync - {"script":"<script> [56 bytes]","args":[{"element-6066-11e4-a52e-4f735466cecf":"f.8E45E670A1384E074590F00FAD9F292A.d.6CFB500DD596EDA3845E936C7C40CE59.e.16361","ELEMENT":"f.8E45E670A1384E074590F00FAD9F292A.d.6CFB500DD596EDA3845E936C7C40CE59.e.16361"}]}
RESULT: {"script":"<script> [56 bytes]","args":[{"element-6066-11e4-a52e-4f735466cecf":"f.8E45E670A1384E074590F00FAD9F292A.d.6CFB500DD596EDA3845E936C7C40CE59.e.16361","ELEMENT":"f.8E45E670A1384E074590F00FAD9F292A.d.6CFB500DD596EDA3845E936C7C40CE59.e.16361"}]}
COMMAND: GET /session/129c046a4c158aab34184c97257eb527/screenshot - {}
RESULT: {}
COMMAND: POST /session/129c046a4c158aab34184c97257eb527/execute/sync - {"script":"<script> [56 bytes]","args":[{"element-6066-11e4-a52e-4f735466cecf":"f.8E45E670A1384E074590F00FAD9F292A.d.6CFB500DD596EDA3845E936C7C40CE59.e.16361","ELEMENT":"f.8E45E670A1384E074590F00FAD9F292A.d.6CFB500DD596EDA3845E936C7C40CE59.e.16361"}]}
RESULT: {"script":"<script> [56 bytes]","args":[{"element-6066-11e4-a52e-4f735466cecf":"f.8E45E670A1384E074590F00FAD9F292A.d.6CFB500DD596EDA3845E936C7C40CE59.e.16361","ELEMENT":"f.8E45E670A1384E074590F00FAD9F292A.d.6CFB500DD596EDA3845E936C7C40CE59.e.16361"}]}
COMMAND: GET /session/129c046a4c158aab34184c97257eb527/screenshot - {}
RESULT: {}
COMMAND: POST /session/129c046a4c158aab34184c97257eb527/execute/sync - {"script":"<script> [56 bytes]","args":[{"element-6066-11e4-a52e-4f735466cecf":"f.8E45E670A1384E074590F00FAD9F292A.d.6CFB500DD596EDA3845E936C7C40CE59.e.16361","ELEMENT":"f.8E45E670A1384E074590F00FAD9F292A.d.6CFB500DD596EDA3845E936C7C40CE59.e.16361"}]}
RESULT: {"script":"<script> [56 bytes]","args":[{"element-6066-11e4-a52e-4f735466cecf":"f.8E45E670A1384E074590F00FAD9F292A.d.6CFB500DD596EDA3845E936C7C40CE59.e.16361","ELEMENT":"f.8E45E670A1384E074590F00FAD9F292A.d.6CFB500DD596EDA3845E936C7C40CE59.e.16361"}]}
COMMAND: POST /session/129c046a4c158aab34184c97257eb527/element - {"using":"css selector","value":"#shell-header-logo"}
COMMAND: GET /session/129c046a4c158aab34184c97257eb527/screenshot - {}
RESULT: {"using":"css selector","value":"#shell-header-logo"}
COMMAND: POST /session/129c046a4c158aab34184c97257eb527/element/f.8E45E670A1384E074590F00FAD9F292A.d.6CFB500DD596EDA3845E936C7C40CE59.e.16215/click - {}
RESULT: {}
RESULT: {}
COMMAND: GET /session/129c046a4c158aab34184c97257eb527/screenshot - {}
RESULT: {}
COMMAND: POST /session/129c046a4c158aab34184c97257eb527/element - {"using":"css selector","value":"#j_username"}
COMMAND: POST /session/129c046a4c158aab34184c97257eb527/url - {"url":"https://qa-testing-00-live-etm-ui.cfapps.eu10-004.hana.ondemand.com/"}
RESULT: {"using":"css selector","value":"#j_username"}
COMMAND: POST /session/129c046a4c158aab34184c97257eb527/element - {"using":"css selector","value":"#j_username"}
RESULT: {"url":"https://qa-testing-00-live-etm-ui.cfapps.eu10-004.hana.ondemand.com/"}
RESULT: undefined
COMMAND: GET /session/129c046a4c158aab34184c97257eb527/screenshot - {}
RESULT: {"using":"css selector","value":"#j_username"}
COMMAND: POST /session/129c046a4c158aab34184c97257eb527/element - {"using":"css selector","value":"#shell-header-logo"}
RESULT: {}
RESULT: {"using":"css selector","value":"#shell-header-logo"}
COMMAND: POST /session/129c046a4c158aab34184c97257eb527/execute/sync - {"script":"<script> [8489 bytes]","args":[{"element-6066-11e4-a52e-4f735466cecf":"f.8E45E670A1384E074590F00FAD9F292A.d.0C8CB2AF4F8F936BD15335A8608CD844.e.16400","ELEMENT":"f.8E45E670A1384E074590F00FAD9F292A.d.0C8CB2AF4F8F936BD15335A8608CD844.e.16400"}]}
RESULT: {"script":"<script> [8489 bytes]","args":[{"element-6066-11e4-a52e-4f735466cecf":"f.8E45E670A1384E074590F00FAD9F292A.d.0C8CB2AF4F8F936BD15335A8608CD844.e.16400","ELEMENT":"f.8E45E670A1384E074590F00FAD9F292A.d.0C8CB2AF4F8F936BD15335A8608CD844.e.16400"}]}
COMMAND: POST /session/129c046a4c158aab34184c97257eb527/element - {"using":"css selector","value":"#shell-header-logo"}
COMMAND: GET /session/129c046a4c158aab34184c97257eb527/screenshot - {}
RESULT: {"using":"css selector","value":"#shell-header-logo"}
COMMAND: POST /session/129c046a4c158aab34184c97257eb527/execute/sync - {"script":"<script> [8489 bytes]","args":[{"element-6066-11e4-a52e-4f735466cecf":"f.8E45E670A1384E074590F00FAD9F292A.d.0C8CB2AF4F8F936BD15335A8608CD844.e.16400","ELEMENT":"f.8E45E670A1384E074590F00FAD9F292A.d.0C8CB2AF4F8F936BD15335A8608CD844.e.16400"}]}
RESULT: {}
RESULT: {"script":"<script> [8489 bytes]","args":[{"element-6066-11e4-a52e-4f735466cecf":"f.8E45E670A1384E074590F00FAD9F292A.d.0C8CB2AF4F8F936BD15335A8608CD844.e.16400","ELEMENT":"f.8E45E670A1384E074590F00FAD9F292A.d.0C8CB2AF4F8F936BD15335A8608CD844.e.16400"}]}
COMMAND: POST /session/129c046a4c158aab34184c97257eb527/execute/sync - {"script":"<script> [5351 bytes]","args":[{"element-6066-11e4-a52e-4f735466cecf":"f.8E45E670A1384E074590F00FAD9F292A.d.0C8CB2AF4F8F936BD15335A8608CD844.e.16400","ELEMENT":"f.8E45E670A1384E074590F00FAD9F292A.d.0C8CB2AF4F8F936BD15335A8608CD844.e.16400"}]}
COMMAND: GET /session/129c046a4c158aab34184c97257eb527/screenshot - {}
RESULT: {"script":"<script> [5351 bytes]","args":[{"element-6066-11e4-a52e-4f735466cecf":"f.8E45E670A1384E074590F00FAD9F292A.d.0C8CB2AF4F8F936BD15335A8608CD844.e.16400","ELEMENT":"f.8E45E670A1384E074590F00FAD9F292A.d.0C8CB2AF4F8F936BD15335A8608CD844.e.16400"}]}
COMMAND: POST /session/129c046a4c158aab34184c97257eb527/element - {"using":"css selector","value":"#shell-header-logo"}
COMMAND: GET /session/129c046a4c158aab34184c97257eb527/screenshot - {}
RESULT: {}
RESULT: {"using":"css selector","value":"#shell-header-logo"}
COMMAND: POST /session/129c046a4c158aab34184c97257eb527/element/f.8E45E670A1384E074590F00FAD9F292A.d.0C8CB2AF4F8F936BD15335A8608CD844.e.16400/click - {}
RESULT: {}
RESULT: {}
COMMAND: GET /session/129c046a4c158aab34184c97257eb527/screenshot - {}
RESULT: {}
COMMAND: POST /session/129c046a4c158aab34184c97257eb527/execute/async - {"script":"<script> [189 bytes]","args":[]}
RESULT: {"script":"<script> [189 bytes]","args":[]}
COMMAND: POST /session/129c046a4c158aab34184c97257eb527/execute/async - {"script":"<script> [123 bytes]","args":[]}
RESULT: {"script":"<script> [123 bytes]","args":[]}
COMMAND: POST /session/129c046a4c158aab34184c97257eb527/timeouts - {"script":"<number>"}
RESULT: {"script":"<number>"}
COMMAND: GET /session/129c046a4c158aab34184c97257eb527/timeouts - {}
RESULT: {}
RESULT: undefined
COMMAND: POST /session/129c046a4c158aab34184c97257eb527/execute/async - {"script":"<script> [2676 bytes]","args":[]}
RESULT: {"script":"<script> [2676 bytes]","args":[]}
COMMAND: POST /session/129c046a4c158aab34184c97257eb527/execute/async - {"script":"<script> [2342 bytes]","args":[{"protocol":"http","hostname":"0.0.0.0","path":"/","capabilities":{"browserName":"chrome","goog:chromeOptions":{"binary":"C:\\Program Files\\Google\\Chrome\\Application\\chrome.exe","args":["--start-maximized"]}},"logLevel":"warn","connectionRetryTimeout":120000,"connectionRetryCount":3,"logLevels":{},"enableDirectConnect":true,"strictSSL":true,"_":"65 more keys: [\"cacheDir\",\"port\",\"requestedCapabilities\",\"automationProtocol\",\"baseUrl\",\"waitforInterval\",\"waitforTimeout\",\"onReload\",\"beforeCommand\",\"afterCommand\",\"rootDir\",\"specs\",\"suites\",\"exclude\",\"groupLogsByTestSpec\",\"excludeDriverLogs\",\"bail\",\"framework\",\"reporters\",\"services\",\"maxInstances\",\"maxInstancesPerCapability\",\"injectGlobals\",\"filesToWatch\",\"execArgv\",\"runnerEnv\",\"runner\",\"shard\",\"specFileRetries\",\"specFileRetriesDelay\",\"specFileRetriesDeferred\",\"reporterSyncInterval\",\"reporterSyncTimeout\",\"cucumberFeaturesWithLineNumbers\",\"autoCompileOpts\",\"mochaOpts\",\"jasmineOpts\",\"cucumberOpts\",\"onPrepare\",\"onWorkerStart\",\"onWorkerEnd\",\"before\",\"beforeSession\",\"beforeSuite\",\"beforeHook\",\"beforeTest\",\"afterTest\",\"afterHook\",\"afterSuite\",\"afterSession\",\"after\",\"onComplete\",\"beforeAssertion\",\"afterAssertion\",\"beforeFeature\",\"beforeScenario\",\"beforeStep\",\"afterStep\",\"afterScenario\",\"afterFeature\",\"_\",\"suite\",\"$0\",\"ignoredWorkerServices\",\"wdi5\"]"}]}
RESULT: {"script":"<script> [2342 bytes]","args":[{"protocol":"http","hostname":"0.0.0.0","path":"/","capabilities":{"browserName":"chrome","goog:chromeOptions":{"binary":"C:\\Program Files\\Google\\Chrome\\Application\\chrome.exe","args":["--start-maximized"]}},"logLevel":"warn","connectionRetryTimeout":120000,"connectionRetryCount":3,"logLevels":{},"enableDirectConnect":true,"strictSSL":true,"_":"65 more keys: [\"cacheDir\",\"port\",\"requestedCapabilities\",\"automationProtocol\",\"baseUrl\",\"waitforInterval\",\"waitforTimeout\",\"onReload\",\"beforeCommand\",\"afterCommand\",\"rootDir\",\"specs\",\"suites\",\"exclude\",\"groupLogsByTestSpec\",\"excludeDriverLogs\",\"bail\",\"framework\",\"reporters\",\"services\",\"maxInstances\",\"maxInstancesPerCapability\",\"injectGlobals\",\"filesToWatch\",\"execArgv\",\"runnerEnv\",\"runner\",\"shard\",\"specFileRetries\",\"specFileRetriesDelay\",\"specFileRetriesDeferred\",\"reporterSyncInterval\",\"reporterSyncTimeout\",\"cucumberFeaturesWithLineNumbers\",\"autoCompileOpts\",\"mochaOpts\",\"jasmineOpts\",\"cucumberOpts\",\"onPrepare\",\"onWorkerStart\",\"onWorkerEnd\",\"before\",\"beforeSession\",\"beforeSuite\",\"beforeHook\",\"beforeTest\",\"afterTest\",\"afterHook\",\"afterSuite\",\"afterSession\",\"after\",\"onComplete\",\"beforeAssertion\",\"afterAssertion\",\"beforeFeature\",\"beforeScenario\",\"beforeStep\",\"afterStep\",\"afterScenario\",\"afterFeature\",\"_\",\"suite\",\"$0\",\"ignoredWorkerServices\",\"wdi5\"]"}]}
COMMAND: POST /session/129c046a4c158aab34184c97257eb527/execute/async - {"script":"<script> [21126 bytes]","args":[35000]}
RESULT: {"script":"<script> [21126 bytes]","args":[35000]}
COMMAND: POST /session/129c046a4c158aab34184c97257eb527/window/maximize - {}
RESULT: {}
COMMAND: POST /session/129c046a4c158aab34184c97257eb527/execute/async - {"script":"<script> [1562 bytes]","args":[{"selector":{"id":"shell-header","interaction":{"idSuffix":"icon"}},"wdio_ui5_key":"shellheader"}]}
COMMAND: GET /session/129c046a4c158aab34184c97257eb527/screenshot - {}
RESULT: {"script":"<script> [1562 bytes]","args":[{"selector":{"id":"shell-header","interaction":{"idSuffix":"icon"}},"wdio_ui5_key":"shellheader"}]}
RESULT: undefined
COMMAND: POST /session/129c046a4c158aab34184c97257eb527/refresh - {}
RESULT: {}
RESULT: {}
COMMAND: GET /session/129c046a4c158aab34184c97257eb527/screenshot - {}
RESULT: {}
COMMAND: POST /session/129c046a4c158aab34184c97257eb527/refresh - {}
RESULT: {}
COMMAND: GET /session/129c046a4c158aab34184c97257eb527/screenshot - {}
RESULT: {}
COMMAND: POST /session/129c046a4c158aab34184c97257eb527/window/fullscreen - {}
RESULT: {}
COMMAND: POST /session/129c046a4c158aab34184c97257eb527/execute/async - {"script":"<script> [189 bytes]","args":[]}
RESULT: {"script":"<script> [189 bytes]","args":[]}
COMMAND: POST /session/129c046a4c158aab34184c97257eb527/execute/async - {"script":"<script> [123 bytes]","args":[]}
RESULT: {"script":"<script> [123 bytes]","args":[]}
COMMAND: POST /session/129c046a4c158aab34184c97257eb527/timeouts - {"script":"<number>"}
RESULT: {"script":"<number>"}
COMMAND: GET /session/129c046a4c158aab34184c97257eb527/timeouts - {}
RESULT: {}
RESULT: undefined
COMMAND: POST /session/129c046a4c158aab34184c97257eb527/execute/async - {"script":"<script> [2676 bytes]","args":[]}
RESULT: {"script":"<script> [2676 bytes]","args":[]}
COMMAND: POST /session/129c046a4c158aab34184c97257eb527/execute/async - {"script":"<script> [2342 bytes]","args":[{"protocol":"http","hostname":"0.0.0.0","path":"/","capabilities":{"browserName":"chrome","goog:chromeOptions":{"binary":"C:\\Program Files\\Google\\Chrome\\Application\\chrome.exe","args":["--start-maximized"]}},"logLevel":"warn","connectionRetryTimeout":120000,"connectionRetryCount":3,"logLevels":{},"enableDirectConnect":true,"strictSSL":true,"_":"65 more keys: [\"cacheDir\",\"port\",\"requestedCapabilities\",\"automationProtocol\",\"baseUrl\",\"waitforInterval\",\"waitforTimeout\",\"onReload\",\"beforeCommand\",\"afterCommand\",\"rootDir\",\"specs\",\"suites\",\"exclude\",\"groupLogsByTestSpec\",\"excludeDriverLogs\",\"bail\",\"framework\",\"reporters\",\"services\",\"maxInstances\",\"maxInstancesPerCapability\",\"injectGlobals\",\"filesToWatch\",\"execArgv\",\"runnerEnv\",\"runner\",\"shard\",\"specFileRetries\",\"specFileRetriesDelay\",\"specFileRetriesDeferred\",\"reporterSyncInterval\",\"reporterSyncTimeout\",\"cucumberFeaturesWithLineNumbers\",\"autoCompileOpts\",\"mochaOpts\",\"jasmineOpts\",\"cucumberOpts\",\"onPrepare\",\"onWorkerStart\",\"onWorkerEnd\",\"before\",\"beforeSession\",\"beforeSuite\",\"beforeHook\",\"beforeTest\",\"afterTest\",\"afterHook\",\"afterSuite\",\"afterSession\",\"after\",\"onComplete\",\"beforeAssertion\",\"afterAssertion\",\"beforeFeature\",\"beforeScenario\",\"beforeStep\",\"afterStep\",\"afterScenario\",\"afterFeature\",\"_\",\"suite\",\"$0\",\"ignoredWorkerServices\",\"wdi5\"]"}]}
RESULT: {"script":"<script> [2342 bytes]","args":[{"protocol":"http","hostname":"0.0.0.0","path":"/","capabilities":{"browserName":"chrome","goog:chromeOptions":{"binary":"C:\\Program Files\\Google\\Chrome\\Application\\chrome.exe","args":["--start-maximized"]}},"logLevel":"warn","connectionRetryTimeout":120000,"connectionRetryCount":3,"logLevels":{},"enableDirectConnect":true,"strictSSL":true,"_":"65 more keys: [\"cacheDir\",\"port\",\"requestedCapabilities\",\"automationProtocol\",\"baseUrl\",\"waitforInterval\",\"waitforTimeout\",\"onReload\",\"beforeCommand\",\"afterCommand\",\"rootDir\",\"specs\",\"suites\",\"exclude\",\"groupLogsByTestSpec\",\"excludeDriverLogs\",\"bail\",\"framework\",\"reporters\",\"services\",\"maxInstances\",\"maxInstancesPerCapability\",\"injectGlobals\",\"filesToWatch\",\"execArgv\",\"runnerEnv\",\"runner\",\"shard\",\"specFileRetries\",\"specFileRetriesDelay\",\"specFileRetriesDeferred\",\"reporterSyncInterval\",\"reporterSyncTimeout\",\"cucumberFeaturesWithLineNumbers\",\"autoCompileOpts\",\"mochaOpts\",\"jasmineOpts\",\"cucumberOpts\",\"onPrepare\",\"onWorkerStart\",\"onWorkerEnd\",\"before\",\"beforeSession\",\"beforeSuite\",\"beforeHook\",\"beforeTest\",\"afterTest\",\"afterHook\",\"afterSuite\",\"afterSession\",\"after\",\"onComplete\",\"beforeAssertion\",\"afterAssertion\",\"beforeFeature\",\"beforeScenario\",\"beforeStep\",\"afterStep\",\"afterScenario\",\"afterFeature\",\"_\",\"suite\",\"$0\",\"ignoredWorkerServices\",\"wdi5\"]"}]}
COMMAND: POST /session/129c046a4c158aab34184c97257eb527/execute/async - {"script":"<script> [21126 bytes]","args":[35000]}
RESULT: {"script":"<script> [21126 bytes]","args":[35000]}
]]></system-out>
    </testcase>
  </testsuite>
  <testsuite timestamp="2025-04-23T18:09:44" time="645.032" tests="12" failures="0" errors="0" skipped="0">
    <properties>
      <property name="specId" value="0"/>
      <property name="suiteName" value="Create Reverse Billing US127248"/>
      <property name="capabilities" value="chrome.135_0_7049_96.windows"/>
      <property name="file" value="file:///D:/a/1/s/test/specs/BTS/reverse-billing.spec.js"/>
    </properties>
    <testcase classname="chrome.135_0_7049_96.windows.Create_Reverse_Billing_US127248" name="Should create a new yard" time="0.045">
      <system-out><![CDATA[
COMMAND: POST /session/129c046a4c158aab34184c97257eb527/window/fullscreen - {}
RESULT: {}
]]></system-out>
    </testcase>
    <testcase classname="chrome.135_0_7049_96.windows.Create_Reverse_Billing_US127248" name="Should create a new partner" time="0.005"/>
    <testcase classname="chrome.135_0_7049_96.windows.Create_Reverse_Billing_US127248" name="Should create a new site" time="0.004"/>
    <testcase classname="chrome.135_0_7049_96.windows.Create_Reverse_Billing_US127248" name="Should create a resource" time="131.016">
      <system-out><![CDATA[
COMMAND: POST /session/129c046a4c158aab34184c97257eb527/execute/async - {"script":"<script> [1562 bytes]","args":[{"selector":{"controlType":"sap.m.GenericTile","properties":{"header":"Manage Resources"}},"wdio_ui5_key":"sapm.GenericTile{\"header\":\"Manage Resources\"}"}]}
RESULT: {"script":"<script> [1562 bytes]","args":[{"selector":{"controlType":"sap.m.GenericTile","properties":{"header":"Manage Resources"}},"wdio_ui5_key":"sapm.GenericTile{\"header\":\"Manage Resources\"}"}]}
RESULT: undefined
COMMAND: POST /session/129c046a4c158aab34184c97257eb527/element - {"using":"xpath","value":"//*[@id=\"__tile39\"]"}
RESULT: {"using":"xpath","value":"//*[@id=\"__tile39\"]"}
COMMAND: POST /session/129c046a4c158aab34184c97257eb527/element/f.8E45E670A1384E074590F00FAD9F292A.d.21A2C690177D3C771FC1A3F57C951162.e.16570/click - {}
RESULT: {}
COMMAND: POST /session/129c046a4c158aab34184c97257eb527/element - {"using":"xpath","value":"//button[@data-kt=\"addNewRUOverflowToolbarButton\"]"}
COMMAND: GET /session/129c046a4c158aab34184c97257eb527/screenshot - {}
RESULT: {"using":"xpath","value":"//button[@data-kt=\"addNewRUOverflowToolbarButton\"]"}
COMMAND: POST /session/129c046a4c158aab34184c97257eb527/elements - {"using":"xpath","value":"//button[@data-kt=\"addNewRUOverflowToolbarButton\"]"}
RESULT: {}
RESULT: {"using":"xpath","value":"//button[@data-kt=\"addNewRUOverflowToolbarButton\"]"}
COMMAND: POST /session/129c046a4c158aab34184c97257eb527/elements - {"using":"xpath","value":"//button[@data-kt=\"addNewRUOverflowToolbarButton\"]"}
RESULT: {"using":"xpath","value":"//button[@data-kt=\"addNewRUOverflowToolbarButton\"]"}
COMMAND: POST /session/129c046a4c158aab34184c97257eb527/elements - {"using":"xpath","value":"//button[@data-kt=\"addNewRUOverflowToolbarButton\"]"}
RESULT: undefined
RESULT: undefined
RESULT: {"using":"xpath","value":"//button[@data-kt=\"addNewRUOverflowToolbarButton\"]"}
COMMAND: POST /session/129c046a4c158aab34184c97257eb527/elements - {"using":"xpath","value":"//button[@data-kt=\"addNewRUOverflowToolbarButton\"]"}
RESULT: {"using":"xpath","value":"//button[@data-kt=\"addNewRUOverflowToolbarButton\"]"}
COMMAND: POST /session/129c046a4c158aab34184c97257eb527/elements - {"using":"xpath","value":"//button[@data-kt=\"addNewRUOverflowToolbarButton\"]"}
RESULT: {"using":"xpath","value":"//button[@data-kt=\"addNewRUOverflowToolbarButton\"]"}
COMMAND: POST /session/129c046a4c158aab34184c97257eb527/elements - {"using":"xpath","value":"//button[@data-kt=\"addNewRUOverflowToolbarButton\"]"}
RESULT: {"using":"xpath","value":"//button[@data-kt=\"addNewRUOverflowToolbarButton\"]"}
COMMAND: POST /session/129c046a4c158aab34184c97257eb527/elements - {"using":"xpath","value":"//button[@data-kt=\"addNewRUOverflowToolbarButton\"]"}
RESULT: {"using":"xpath","value":"//button[@data-kt=\"addNewRUOverflowToolbarButton\"]"}
COMMAND: POST /session/129c046a4c158aab34184c97257eb527/elements - {"using":"xpath","value":"//button[@data-kt=\"addNewRUOverflowToolbarButton\"]"}
RESULT: {"using":"xpath","value":"//button[@data-kt=\"addNewRUOverflowToolbarButton\"]"}
COMMAND: POST /session/129c046a4c158aab34184c97257eb527/elements - {"using":"xpath","value":"//button[@data-kt=\"addNewRUOverflowToolbarButton\"]"}
RESULT: {"using":"xpath","value":"//button[@data-kt=\"addNewRUOverflowToolbarButton\"]"}
COMMAND: POST /session/129c046a4c158aab34184c97257eb527/elements - {"using":"xpath","value":"//button[@data-kt=\"addNewRUOverflowToolbarButton\"]"}
RESULT: {"using":"xpath","value":"//button[@data-kt=\"addNewRUOverflowToolbarButton\"]"}
COMMAND: POST /session/129c046a4c158aab34184c97257eb527/elements - {"using":"xpath","value":"//button[@data-kt=\"addNewRUOverflowToolbarButton\"]"}
RESULT: {"using":"xpath","value":"//button[@data-kt=\"addNewRUOverflowToolbarButton\"]"}
COMMAND: POST /session/129c046a4c158aab34184c97257eb527/elements - {"using":"xpath","value":"//button[@data-kt=\"addNewRUOverflowToolbarButton\"]"}
RESULT: {"using":"xpath","value":"//button[@data-kt=\"addNewRUOverflowToolbarButton\"]"}
COMMAND: POST /session/129c046a4c158aab34184c97257eb527/elements - {"using":"xpath","value":"//button[@data-kt=\"addNewRUOverflowToolbarButton\"]"}
RESULT: {"using":"xpath","value":"//button[@data-kt=\"addNewRUOverflowToolbarButton\"]"}
COMMAND: POST /session/129c046a4c158aab34184c97257eb527/elements - {"using":"xpath","value":"//button[@data-kt=\"addNewRUOverflowToolbarButton\"]"}
RESULT: {"using":"xpath","value":"//button[@data-kt=\"addNewRUOverflowToolbarButton\"]"}
COMMAND: POST /session/129c046a4c158aab34184c97257eb527/elements - {"using":"xpath","value":"//button[@data-kt=\"addNewRUOverflowToolbarButton\"]"}
RESULT: {"using":"xpath","value":"//button[@data-kt=\"addNewRUOverflowToolbarButton\"]"}
COMMAND: POST /session/129c046a4c158aab34184c97257eb527/elements - {"using":"xpath","value":"//button[@data-kt=\"addNewRUOverflowToolbarButton\"]"}
RESULT: {"using":"xpath","value":"//button[@data-kt=\"addNewRUOverflowToolbarButton\"]"}
COMMAND: POST /session/129c046a4c158aab34184c97257eb527/elements - {"using":"xpath","value":"//button[@data-kt=\"addNewRUOverflowToolbarButton\"]"}
RESULT: {"using":"xpath","value":"//button[@data-kt=\"addNewRUOverflowToolbarButton\"]"}
COMMAND: POST /session/129c046a4c158aab34184c97257eb527/elements - {"using":"xpath","value":"//button[@data-kt=\"addNewRUOverflowToolbarButton\"]"}
RESULT: {"using":"xpath","value":"//button[@data-kt=\"addNewRUOverflowToolbarButton\"]"}
COMMAND: POST /session/129c046a4c158aab34184c97257eb527/elements - {"using":"xpath","value":"//button[@data-kt=\"addNewRUOverflowToolbarButton\"]"}
RESULT: {"using":"xpath","value":"//button[@data-kt=\"addNewRUOverflowToolbarButton\"]"}
COMMAND: POST /session/129c046a4c158aab34184c97257eb527/elements - {"using":"xpath","value":"//button[@data-kt=\"addNewRUOverflowToolbarButton\"]"}
RESULT: {"using":"xpath","value":"//button[@data-kt=\"addNewRUOverflowToolbarButton\"]"}
COMMAND: POST /session/129c046a4c158aab34184c97257eb527/elements - {"using":"xpath","value":"//button[@data-kt=\"addNewRUOverflowToolbarButton\"]"}
RESULT: {"using":"xpath","value":"//button[@data-kt=\"addNewRUOverflowToolbarButton\"]"}
COMMAND: POST /session/129c046a4c158aab34184c97257eb527/elements - {"using":"xpath","value":"//button[@data-kt=\"addNewRUOverflowToolbarButton\"]"}
RESULT: {"using":"xpath","value":"//button[@data-kt=\"addNewRUOverflowToolbarButton\"]"}
COMMAND: POST /session/129c046a4c158aab34184c97257eb527/elements - {"using":"xpath","value":"//button[@data-kt=\"addNewRUOverflowToolbarButton\"]"}
RESULT: {"using":"xpath","value":"//button[@data-kt=\"addNewRUOverflowToolbarButton\"]"}
COMMAND: POST /session/129c046a4c158aab34184c97257eb527/elements - {"using":"xpath","value":"//button[@data-kt=\"addNewRUOverflowToolbarButton\"]"}
RESULT: {"using":"xpath","value":"//button[@data-kt=\"addNewRUOverflowToolbarButton\"]"}
COMMAND: POST /session/129c046a4c158aab34184c97257eb527/element - {"using":"xpath","value":"//button[@data-kt=\"addNewRUOverflowToolbarButton\"]"}
RESULT: {"using":"xpath","value":"//button[@data-kt=\"addNewRUOverflowToolbarButton\"]"}
COMMAND: POST /session/129c046a4c158aab34184c97257eb527/execute/sync - {"script":"<script> [8489 bytes]","args":[{"element-6066-11e4-a52e-4f735466cecf":"f.8E45E670A1384E074590F00FAD9F292A.d.21A2C690177D3C771FC1A3F57C951162.e.16710","ELEMENT":"f.8E45E670A1384E074590F00FAD9F292A.d.21A2C690177D3C771FC1A3F57C951162.e.16710"}]}
RESULT: {"script":"<script> [8489 bytes]","args":[{"element-6066-11e4-a52e-4f735466cecf":"f.8E45E670A1384E074590F00FAD9F292A.d.21A2C690177D3C771FC1A3F57C951162.e.16710","ELEMENT":"f.8E45E670A1384E074590F00FAD9F292A.d.21A2C690177D3C771FC1A3F57C951162.e.16710"}]}
COMMAND: GET /session/129c046a4c158aab34184c97257eb527/element/f.8E45E670A1384E074590F00FAD9F292A.d.21A2C690177D3C771FC1A3F57C951162.e.16710/enabled - {}
COMMAND: GET /session/129c046a4c158aab34184c97257eb527/screenshot - {}
RESULT: {}
COMMAND: POST /session/129c046a4c158aab34184c97257eb527/execute/sync - {"script":"<script> [8489 bytes]","args":[{"element-6066-11e4-a52e-4f735466cecf":"f.8E45E670A1384E074590F00FAD9F292A.d.21A2C690177D3C771FC1A3F57C951162.e.16710","ELEMENT":"f.8E45E670A1384E074590F00FAD9F292A.d.21A2C690177D3C771FC1A3F57C951162.e.16710"}]}
COMMAND: GET /session/129c046a4c158aab34184c97257eb527/screenshot - {}
RESULT: {}
RESULT: {"script":"<script> [8489 bytes]","args":[{"element-6066-11e4-a52e-4f735466cecf":"f.8E45E670A1384E074590F00FAD9F292A.d.21A2C690177D3C771FC1A3F57C951162.e.16710","ELEMENT":"f.8E45E670A1384E074590F00FAD9F292A.d.21A2C690177D3C771FC1A3F57C951162.e.16710"}]}
COMMAND: POST /session/129c046a4c158aab34184c97257eb527/execute/sync - {"script":"<script> [5351 bytes]","args":[{"element-6066-11e4-a52e-4f735466cecf":"f.8E45E670A1384E074590F00FAD9F292A.d.21A2C690177D3C771FC1A3F57C951162.e.16710","ELEMENT":"f.8E45E670A1384E074590F00FAD9F292A.d.21A2C690177D3C771FC1A3F57C951162.e.16710"}]}
COMMAND: GET /session/129c046a4c158aab34184c97257eb527/screenshot - {}
RESULT: {}
RESULT: {"script":"<script> [5351 bytes]","args":[{"element-6066-11e4-a52e-4f735466cecf":"f.8E45E670A1384E074590F00FAD9F292A.d.21A2C690177D3C771FC1A3F57C951162.e.16710","ELEMENT":"f.8E45E670A1384E074590F00FAD9F292A.d.21A2C690177D3C771FC1A3F57C951162.e.16710"}]}
COMMAND: POST /session/129c046a4c158aab34184c97257eb527/element/f.8E45E670A1384E074590F00FAD9F292A.d.21A2C690177D3C771FC1A3F57C951162.e.16710/click - {}
COMMAND: GET /session/129c046a4c158aab34184c97257eb527/screenshot - {}
RESULT: {}
RESULT: {}
COMMAND: GET /session/129c046a4c158aab34184c97257eb527/screenshot - {}
COMMAND: POST /session/129c046a4c158aab34184c97257eb527/execute/async - {"script":"<script> [1562 bytes]","args":[{"selector":{"id":"application-manageresources-display-component---newResourceUnit--TYPE-arrow"},"wdio_ui5_key":"applicationmanageresources-display-component---newResourceUnit--TYPE-arrow"}]}
RESULT: {}
RESULT: {}
RESULT: {"script":"<script> [1562 bytes]","args":[{"selector":{"id":"application-manageresources-display-component---newResourceUnit--TYPE-arrow"},"wdio_ui5_key":"applicationmanageresources-display-component---newResourceUnit--TYPE-arrow"}]}
RESULT: undefined
COMMAND: POST /session/129c046a4c158aab34184c97257eb527/element - {"using":"xpath","value":"//*[@id=\"application-manageresources-display-component---newResourceUnit--TYPE-arrow\"]"}
RESULT: {"using":"xpath","value":"//*[@id=\"application-manageresources-display-component---newResourceUnit--TYPE-arrow\"]"}
COMMAND: POST /session/129c046a4c158aab34184c97257eb527/element/f.8E45E670A1384E074590F00FAD9F292A.d.21A2C690177D3C771FC1A3F57C951162.e.17078/click - {}
RESULT: {}
COMMAND: POST /session/129c046a4c158aab34184c97257eb527/element - {"using":"xpath","value":"//input[@id=\"application-manageresources-display-component---newResourceUnit--TYPE-inner\"]"}
COMMAND: GET /session/129c046a4c158aab34184c97257eb527/screenshot - {}
RESULT: {"using":"xpath","value":"//input[@id=\"application-manageresources-display-component---newResourceUnit--TYPE-inner\"]"}
COMMAND: POST /session/129c046a4c158aab34184c97257eb527/element/f.8E45E670A1384E074590F00FAD9F292A.d.21A2C690177D3C771FC1A3F57C951162.e.17068/clear - {}
RESULT: {}
RESULT: {}
COMMAND: POST /session/129c046a4c158aab34184c97257eb527/element/f.8E45E670A1384E074590F00FAD9F292A.d.21A2C690177D3C771FC1A3F57C951162.e.17068/value - {"text":"Equipment"}
COMMAND: GET /session/129c046a4c158aab34184c97257eb527/screenshot - {}
RESULT: {"text":"Equipment"}
COMMAND: GET /session/129c046a4c158aab34184c97257eb527/screenshot - {}
RESULT: {}
RESULT: {}
COMMAND: POST /session/129c046a4c158aab34184c97257eb527/actions - {"actions":[{"id":"action57","type":"key","parameters":{},"actions":[{"type":"keyDown","value":""},{"type":"pause","duration":10},{"type":"keyUp","value":""}]}]}
RESULT: {"actions":[{"id":"action57","type":"key","parameters":{},"actions":[{"type":"keyDown","value":""},{"type":"pause","duration":10},{"type":"keyUp","value":""}]}]}
COMMAND: POST /session/129c046a4c158aab34184c97257eb527/execute/async - {"script":"<script> [1562 bytes]","args":[{"selector":{"id":"application-manageresources-display-component---newResourceUnit--resourceId","interaction":{"idSuffix":"inner"}},"wdio_ui5_key":"applicationmanageresources-display-component---newResourceUnit--resourceId"}]}
COMMAND: GET /session/129c046a4c158aab34184c97257eb527/screenshot - {}
RESULT: {"script":"<script> [1562 bytes]","args":[{"selector":{"id":"application-manageresources-display-component---newResourceUnit--resourceId","interaction":{"idSuffix":"inner"}},"wdio_ui5_key":"applicationmanageresources-display-component---newResourceUnit--resourceId"}]}
RESULT: undefined
COMMAND: POST /session/129c046a4c158aab34184c97257eb527/execute/async - {"script":"<script> [776 bytes]","args":[{"enterText":"OoDLQD8aZ3","selector":{"id":"application-manageresources-display-component---newResourceUnit--resourceId","interaction":{"idSuffix":"inner"}},"clearTextFirst":true,"interactionType":"ENTER_TEXT"}]}
RESULT: {}
RESULT: {"script":"<script> [776 bytes]","args":[{"enterText":"OoDLQD8aZ3","selector":{"id":"application-manageresources-display-component---newResourceUnit--resourceId","interaction":{"idSuffix":"inner"}},"clearTextFirst":true,"interactionType":"ENTER_TEXT"}]}
COMMAND: POST /session/129c046a4c158aab34184c97257eb527/execute/async - {"script":"<script> [1562 bytes]","args":[{"selector":{"id":"application-manageresources-display-component---newResourceUnit--SHORT_TEXT","interaction":{"idSuffix":"inner"}},"wdio_ui5_key":"applicationmanageresources-display-component---newResourceUnit--SHORT_TEXT"}]}
RESULT: {"script":"<script> [1562 bytes]","args":[{"selector":{"id":"application-manageresources-display-component---newResourceUnit--SHORT_TEXT","interaction":{"idSuffix":"inner"}},"wdio_ui5_key":"applicationmanageresources-display-component---newResourceUnit--SHORT_TEXT"}]}
RESULT: undefined
COMMAND: POST /session/129c046a4c158aab34184c97257eb527/execute/async - {"script":"<script> [776 bytes]","args":[{"enterText":"Intercompany Equipment WDIO","selector":{"id":"application-manageresources-display-component---newResourceUnit--SHORT_TEXT","interaction":{"idSuffix":"inner"}},"clearTextFirst":true,"interactionType":"ENTER_TEXT"}]}
RESULT: {"script":"<script> [776 bytes]","args":[{"enterText":"Intercompany Equipment WDIO","selector":{"id":"application-manageresources-display-component---newResourceUnit--SHORT_TEXT","interaction":{"idSuffix":"inner"}},"clearTextFirst":true,"interactionType":"ENTER_TEXT"}]}
COMMAND: POST /session/129c046a4c158aab34184c97257eb527/execute/async - {"script":"<script> [1562 bytes]","args":[{"selector":{"id":"application-manageresources-display-component---newResourceUnit--BASE_UNIT_OF_MEASURE","interaction":{"idSuffix":"inner"}},"wdio_ui5_key":"applicationmanageresources-display-component---newResourceUnit--BASE_UNIT_OF_MEASURE"}]}
RESULT: {"script":"<script> [1562 bytes]","args":[{"selector":{"id":"application-manageresources-display-component---newResourceUnit--BASE_UNIT_OF_MEASURE","interaction":{"idSuffix":"inner"}},"wdio_ui5_key":"applicationmanageresources-display-component---newResourceUnit--BASE_UNIT_OF_MEASURE"}]}
RESULT: undefined
COMMAND: POST /session/129c046a4c158aab34184c97257eb527/execute/async - {"script":"<script> [776 bytes]","args":[{"enterText":"Piece","selector":{"id":"application-manageresources-display-component---newResourceUnit--BASE_UNIT_OF_MEASURE","interaction":{"idSuffix":"inner"}},"clearTextFirst":true,"interactionType":"ENTER_TEXT"}]}
RESULT: {"script":"<script> [776 bytes]","args":[{"enterText":"Piece","selector":{"id":"application-manageresources-display-component---newResourceUnit--BASE_UNIT_OF_MEASURE","interaction":{"idSuffix":"inner"}},"clearTextFirst":true,"interactionType":"ENTER_TEXT"}]}
COMMAND: POST /session/129c046a4c158aab34184c97257eb527/execute/async - {"script":"<script> [1562 bytes]","args":[{"selector":{"id":"application-manageresources-display-component---newResourceUnit--WEIGHT_UNIT","interaction":{"idSuffix":"inner"}},"wdio_ui5_key":"applicationmanageresources-display-component---newResourceUnit--WEIGHT_UNIT"}]}
RESULT: {"script":"<script> [1562 bytes]","args":[{"selector":{"id":"application-manageresources-display-component---newResourceUnit--WEIGHT_UNIT","interaction":{"idSuffix":"inner"}},"wdio_ui5_key":"applicationmanageresources-display-component---newResourceUnit--WEIGHT_UNIT"}]}
RESULT: undefined
COMMAND: POST /session/129c046a4c158aab34184c97257eb527/execute/async - {"script":"<script> [776 bytes]","args":[{"enterText":"Gram","selector":{"id":"application-manageresources-display-component---newResourceUnit--WEIGHT_UNIT","interaction":{"idSuffix":"inner"}},"clearTextFirst":true,"interactionType":"ENTER_TEXT"}]}
RESULT: {"script":"<script> [776 bytes]","args":[{"enterText":"Gram","selector":{"id":"application-manageresources-display-component---newResourceUnit--WEIGHT_UNIT","interaction":{"idSuffix":"inner"}},"clearTextFirst":true,"interactionType":"ENTER_TEXT"}]}
COMMAND: POST /session/129c046a4c158aab34184c97257eb527/execute/async - {"script":"<script> [1562 bytes]","args":[{"selector":{"id":"application-manageresources-display-component---newResourceUnit--DIMENSION_UNIT","interaction":{"idSuffix":"inner"}},"wdio_ui5_key":"applicationmanageresources-display-component---newResourceUnit--DIMENSION_UNIT"}]}
RESULT: {"script":"<script> [1562 bytes]","args":[{"selector":{"id":"application-manageresources-display-component---newResourceUnit--DIMENSION_UNIT","interaction":{"idSuffix":"inner"}},"wdio_ui5_key":"applicationmanageresources-display-component---newResourceUnit--DIMENSION_UNIT"}]}
RESULT: undefined
COMMAND: POST /session/129c046a4c158aab34184c97257eb527/execute/async - {"script":"<script> [776 bytes]","args":[{"enterText":"Meter","selector":{"id":"application-manageresources-display-component---newResourceUnit--DIMENSION_UNIT","interaction":{"idSuffix":"inner"}},"clearTextFirst":true,"interactionType":"ENTER_TEXT"}]}
RESULT: {"script":"<script> [776 bytes]","args":[{"enterText":"Meter","selector":{"id":"application-manageresources-display-component---newResourceUnit--DIMENSION_UNIT","interaction":{"idSuffix":"inner"}},"clearTextFirst":true,"interactionType":"ENTER_TEXT"}]}
COMMAND: POST /session/129c046a4c158aab34184c97257eb527/execute/async - {"script":"<script> [1562 bytes]","args":[{"selector":{"id":"application-manageresources-display-component---newResourceUnit--newRRUPage-anchBar-application-manageresources-display-component---newResourceUnit--control-anchor","interaction":{"idSuffix":"BDI-content"}},"wdio_ui5_key":"applicationmanageresources-display-component---newResourceUnit--newRRUPage-anchBar-application-manageresources-display-component---newResourceUnit--control-anchor"}]}
RESULT: {"script":"<script> [1562 bytes]","args":[{"selector":{"id":"application-manageresources-display-component---newResourceUnit--newRRUPage-anchBar-application-manageresources-display-component---newResourceUnit--control-anchor","interaction":{"idSuffix":"BDI-content"}},"wdio_ui5_key":"applicationmanageresources-display-component---newResourceUnit--newRRUPage-anchBar-application-manageresources-display-component---newResourceUnit--control-anchor"}]}
RESULT: undefined
COMMAND: POST /session/129c046a4c158aab34184c97257eb527/element - {"using":"xpath","value":"//*[@id=\"application-manageresources-display-component---newResourceUnit--newRRUPage-anchBar-application-manageresources-display-component---newResourceUnit--control-anchor\"]"}
RESULT: {"using":"xpath","value":"//*[@id=\"application-manageresources-display-component---newResourceUnit--newRRUPage-anchBar-application-manageresources-display-component---newResourceUnit--control-anchor\"]"}
COMMAND: POST /session/129c046a4c158aab34184c97257eb527/element/f.8E45E670A1384E074590F00FAD9F292A.d.21A2C690177D3C771FC1A3F57C951162.e.17213/click - {}
RESULT: {}
COMMAND: POST /session/129c046a4c158aab34184c97257eb527/execute/async - {"script":"<script> [1562 bytes]","args":[{"selector":{"id":"application-manageresources-display-component---newResourceUnit--PLANNING_GROUP","interaction":{"idSuffix":"inner"}},"wdio_ui5_key":"applicationmanageresources-display-component---newResourceUnit--PLANNING_GROUP"}]}
COMMAND: GET /session/129c046a4c158aab34184c97257eb527/screenshot - {}
RESULT: {"script":"<script> [1562 bytes]","args":[{"selector":{"id":"application-manageresources-display-component---newResourceUnit--PLANNING_GROUP","interaction":{"idSuffix":"inner"}},"wdio_ui5_key":"applicationmanageresources-display-component---newResourceUnit--PLANNING_GROUP"}]}
RESULT: undefined
COMMAND: POST /session/129c046a4c158aab34184c97257eb527/execute/async - {"script":"<script> [776 bytes]","args":[{"enterText":"Heavy Equi","selector":{"id":"application-manageresources-display-component---newResourceUnit--PLANNING_GROUP","interaction":{"idSuffix":"inner"}},"clearTextFirst":true,"interactionType":"ENTER_TEXT"}]}
RESULT: {}
RESULT: {"script":"<script> [776 bytes]","args":[{"enterText":"Heavy Equi","selector":{"id":"application-manageresources-display-component---newResourceUnit--PLANNING_GROUP","interaction":{"idSuffix":"inner"}},"clearTextFirst":true,"interactionType":"ENTER_TEXT"}]}
COMMAND: POST /session/129c046a4c158aab34184c97257eb527/execute/async - {"script":"<script> [1562 bytes]","args":[{"selector":{"id":"application-manageresources-display-component---newResourceUnit--ITEM_TYPE-arrow"},"wdio_ui5_key":"applicationmanageresources-display-component---newResourceUnit--ITEM_TYPE-arrow"}]}
RESULT: {"script":"<script> [1562 bytes]","args":[{"selector":{"id":"application-manageresources-display-component---newResourceUnit--ITEM_TYPE-arrow"},"wdio_ui5_key":"applicationmanageresources-display-component---newResourceUnit--ITEM_TYPE-arrow"}]}
RESULT: undefined
COMMAND: POST /session/129c046a4c158aab34184c97257eb527/element - {"using":"xpath","value":"//*[@id=\"application-manageresources-display-component---newResourceUnit--ITEM_TYPE-arrow\"]"}
RESULT: {"using":"xpath","value":"//*[@id=\"application-manageresources-display-component---newResourceUnit--ITEM_TYPE-arrow\"]"}
COMMAND: POST /session/129c046a4c158aab34184c97257eb527/element/f.8E45E670A1384E074590F00FAD9F292A.d.21A2C690177D3C771FC1A3F57C951162.e.17222/click - {}
RESULT: {}
COMMAND: POST /session/129c046a4c158aab34184c97257eb527/element - {"using":"xpath","value":"(//span[contains(text(), \"Resource Unit\")])[2]"}
COMMAND: GET /session/129c046a4c158aab34184c97257eb527/screenshot - {}
RESULT: {"using":"xpath","value":"(//span[contains(text(), \"Resource Unit\")])[2]"}
COMMAND: POST /session/129c046a4c158aab34184c97257eb527/element/f.8E45E670A1384E074590F00FAD9F292A.d.21A2C690177D3C771FC1A3F57C951162.e.17223/click - {}
RESULT: {}
RESULT: {}
COMMAND: GET /session/129c046a4c158aab34184c97257eb527/screenshot - {}
RESULT: {}
COMMAND: POST /session/129c046a4c158aab34184c97257eb527/element - {"using":"css selector","value":"#application-manageresources-display-component---newResourceUnit--btnAddTimeSegment"}
RESULT: {"using":"css selector","value":"#application-manageresources-display-component---newResourceUnit--btnAddTimeSegment"}
COMMAND: GET /session/129c046a4c158aab34184c97257eb527/element/f.8E45E670A1384E074590F00FAD9F292A.d.21A2C690177D3C771FC1A3F57C951162.e.17224/rect - {}
RESULT: {}
COMMAND: GET /session/129c046a4c158aab34184c97257eb527/window/rect - {}
RESULT: {}
COMMAND: POST /session/129c046a4c158aab34184c97257eb527/execute/sync - {"script":"<script> [92 bytes]","args":[]}
RESULT: {"script":"<script> [92 bytes]","args":[]}
COMMAND: POST /session/129c046a4c158aab34184c97257eb527/actions - {"actions":[{"id":"action58","type":"wheel","parameters":{},"actions":[{"type":"scroll","x":-1888,"y":-32,"deltaX":0,"deltaY":0,"duration":0,"origin":{"element-6066-11e4-a52e-4f735466cecf":"f.8E45E670A1384E074590F00FAD9F292A.d.21A2C690177D3C771FC1A3F57C951162.e.17224"}}]}]}
COMMAND: GET /session/129c046a4c158aab34184c97257eb527/screenshot - {}
RESULT: {}
COMMAND: POST /session/129c046a4c158aab34184c97257eb527/execute/sync - {"script":"<script> [79 bytes]","args":[{"element-6066-11e4-a52e-4f735466cecf":"f.8E45E670A1384E074590F00FAD9F292A.d.21A2C690177D3C771FC1A3F57C951162.e.17224","ELEMENT":"f.8E45E670A1384E074590F00FAD9F292A.d.21A2C690177D3C771FC1A3F57C951162.e.17224"},{"block":"start","inline":"nearest"}]}
RESULT: {"script":"<script> [79 bytes]","args":[{"element-6066-11e4-a52e-4f735466cecf":"f.8E45E670A1384E074590F00FAD9F292A.d.21A2C690177D3C771FC1A3F57C951162.e.17224","ELEMENT":"f.8E45E670A1384E074590F00FAD9F292A.d.21A2C690177D3C771FC1A3F57C951162.e.17224"},{"block":"start","inline":"nearest"}]}
COMMAND: POST /session/129c046a4c158aab34184c97257eb527/execute/async - {"script":"<script> [1562 bytes]","args":[{"selector":{"id":"application-manageresources-display-component---newResourceUnit--btnAddTimeSegment","interaction":{"idSuffix":"inner"}},"wdio_ui5_key":"applicationmanageresources-display-component---newResourceUnit--btnAddTimeSegment"}]}
COMMAND: GET /session/129c046a4c158aab34184c97257eb527/screenshot - {}
RESULT: {"script":"<script> [1562 bytes]","args":[{"selector":{"id":"application-manageresources-display-component---newResourceUnit--btnAddTimeSegment","interaction":{"idSuffix":"inner"}},"wdio_ui5_key":"applicationmanageresources-display-component---newResourceUnit--btnAddTimeSegment"}]}
RESULT: undefined
COMMAND: POST /session/129c046a4c158aab34184c97257eb527/element - {"using":"xpath","value":"//*[@id=\"application-manageresources-display-component---newResourceUnit--btnAddTimeSegment\"]"}
RESULT: {}
RESULT: {"using":"xpath","value":"//*[@id=\"application-manageresources-display-component---newResourceUnit--btnAddTimeSegment\"]"}
COMMAND: POST /session/129c046a4c158aab34184c97257eb527/element/f.8E45E670A1384E074590F00FAD9F292A.d.21A2C690177D3C771FC1A3F57C951162.e.17224/click - {}
RESULT: {}
COMMAND: GET /session/129c046a4c158aab34184c97257eb527/screenshot - {}
RESULT: {}
COMMAND: POST /session/129c046a4c158aab34184c97257eb527/element - {"using":"xpath","value":"//input[@id=\"application-manageresources-display-component---newResourceUnit--idRuTSAdmin-application-manageresources-display-component---newResourceUnit--RUTimeSegment-0-inner\"]"}
RESULT: {"using":"xpath","value":"//input[@id=\"application-manageresources-display-component---newResourceUnit--idRuTSAdmin-application-manageresources-display-component---newResourceUnit--RUTimeSegment-0-inner\"]"}
COMMAND: POST /session/129c046a4c158aab34184c97257eb527/element/f.8E45E670A1384E074590F00FAD9F292A.d.21A2C690177D3C771FC1A3F57C951162.e.17230/clear - {}
RESULT: {}
COMMAND: POST /session/129c046a4c158aab34184c97257eb527/element/f.8E45E670A1384E074590F00FAD9F292A.d.21A2C690177D3C771FC1A3F57C951162.e.17230/value - {"text":"745"}
COMMAND: GET /session/129c046a4c158aab34184c97257eb527/screenshot - {}
RESULT: {"text":"745"}
COMMAND: GET /session/129c046a4c158aab34184c97257eb527/screenshot - {}
RESULT: {}
RESULT: {}
COMMAND: POST /session/129c046a4c158aab34184c97257eb527/element - {"using":"xpath","value":"//li[.//span[text()='745']]"}
RESULT: {"using":"xpath","value":"//li[.//span[text()='745']]"}
COMMAND: POST /session/129c046a4c158aab34184c97257eb527/element/f.8E45E670A1384E074590F00FAD9F292A.d.21A2C690177D3C771FC1A3F57C951162.e.17242/click - {}
RESULT: {}
COMMAND: GET /session/129c046a4c158aab34184c97257eb527/screenshot - {}
RESULT: {}
COMMAND: POST /session/129c046a4c158aab34184c97257eb527/element - {"using":"xpath","value":"(//span[contains(@id, \"-application-manageresources-display-component---newResourceUnit--RUTimeSegment-0-arrow\")])[6]"}
RESULT: {"using":"xpath","value":"(//span[contains(@id, \"-application-manageresources-display-component---newResourceUnit--RUTimeSegment-0-arrow\")])[6]"}
COMMAND: POST /session/129c046a4c158aab34184c97257eb527/element/f.8E45E670A1384E074590F00FAD9F292A.d.21A2C690177D3C771FC1A3F57C951162.e.17243/click - {}
RESULT: {}
COMMAND: POST /session/129c046a4c158aab34184c97257eb527/element - {"using":"xpath","value":"//span[contains(text(), \"PM Order\")]"}
COMMAND: GET /session/129c046a4c158aab34184c97257eb527/screenshot - {}
RESULT: {"using":"xpath","value":"//span[contains(text(), \"PM Order\")]"}
COMMAND: POST /session/129c046a4c158aab34184c97257eb527/element/f.8E45E670A1384E074590F00FAD9F292A.d.21A2C690177D3C771FC1A3F57C951162.e.17246/click - {}
RESULT: {}
RESULT: {}
COMMAND: GET /session/129c046a4c158aab34184c97257eb527/screenshot - {}
RESULT: {}
COMMAND: POST /session/129c046a4c158aab34184c97257eb527/element - {"using":"xpath","value":"(//span[contains(@id ,\"manageresources-display-component---newResourceUnit--RUTimeSegment-0-vhi\")])[2]"}
RESULT: {"using":"xpath","value":"(//span[contains(@id ,\"manageresources-display-component---newResourceUnit--RUTimeSegment-0-vhi\")])[2]"}
COMMAND: POST /session/129c046a4c158aab34184c97257eb527/element/f.8E45E670A1384E074590F00FAD9F292A.d.21A2C690177D3C771FC1A3F57C951162.e.17249/click - {}
RESULT: {}
COMMAND: GET /session/129c046a4c158aab34184c97257eb527/screenshot - {}
RESULT: {}
COMMAND: POST /session/129c046a4c158aab34184c97257eb527/execute/async - {"script":"<script> [1562 bytes]","args":[{"selector":{"controlType":"sap.m.SearchField","properties":{"placeholder":"Search"},"searchOpenDialogs":true,"interaction":{"idSuffix":"I"}},"wdio_ui5_key":"sapm.SearchField{\"placeholder\":\"Search\"}"}]}
RESULT: {"script":"<script> [1562 bytes]","args":[{"selector":{"controlType":"sap.m.SearchField","properties":{"placeholder":"Search"},"searchOpenDialogs":true,"interaction":{"idSuffix":"I"}},"wdio_ui5_key":"sapm.SearchField{\"placeholder\":\"Search\"}"}]}
RESULT: undefined
COMMAND: POST /session/129c046a4c158aab34184c97257eb527/execute/async - {"script":"<script> [776 bytes]","args":[{"enterText":"4000360","selector":{"controlType":"sap.m.SearchField","properties":{"placeholder":"Search"},"searchOpenDialogs":true,"interaction":{"idSuffix":"I"}},"clearTextFirst":true,"interactionType":"ENTER_TEXT"}]}
RESULT: {"script":"<script> [776 bytes]","args":[{"enterText":"4000360","selector":{"controlType":"sap.m.SearchField","properties":{"placeholder":"Search"},"searchOpenDialogs":true,"interaction":{"idSuffix":"I"}},"clearTextFirst":true,"interactionType":"ENTER_TEXT"}]}
COMMAND: POST /session/129c046a4c158aab34184c97257eb527/actions - {"actions":[{"id":"action59","type":"key","parameters":{},"actions":[{"type":"keyDown","value":""},{"type":"pause","duration":10},{"type":"keyUp","value":""}]}]}
RESULT: {"actions":[{"id":"action59","type":"key","parameters":{},"actions":[{"type":"keyDown","value":""},{"type":"pause","duration":10},{"type":"keyUp","value":""}]}]}
COMMAND: GET /session/129c046a4c158aab34184c97257eb527/screenshot - {}
RESULT: {}
COMMAND: POST /session/129c046a4c158aab34184c97257eb527/element - {"using":"xpath","value":"//td/div/span[contains(text(), \"BGL Vehicles\")]"}
RESULT: {"using":"xpath","value":"//td/div/span[contains(text(), \"BGL Vehicles\")]"}
COMMAND: POST /session/129c046a4c158aab34184c97257eb527/element/f.8E45E670A1384E074590F00FAD9F292A.d.21A2C690177D3C771FC1A3F57C951162.e.17268/click - {}
RESULT: {}
COMMAND: GET /session/129c046a4c158aab34184c97257eb527/screenshot - {}
RESULT: {}
COMMAND: POST /session/129c046a4c158aab34184c97257eb527/element - {"using":"xpath","value":"//bdi[contains(text(), \"OK\")]"}
RESULT: {"using":"xpath","value":"//bdi[contains(text(), \"OK\")]"}
COMMAND: POST /session/129c046a4c158aab34184c97257eb527/element/f.8E45E670A1384E074590F00FAD9F292A.d.21A2C690177D3C771FC1A3F57C951162.e.17269/click - {}
RESULT: {}
COMMAND: GET /session/129c046a4c158aab34184c97257eb527/screenshot - {}
RESULT: {}
COMMAND: POST /session/129c046a4c158aab34184c97257eb527/execute/async - {"script":"<script> [1562 bytes]","args":[{"selector":{"id":"application-manageresources-display-component---newResourceUnit--newRRUPage-anchBar-application-manageresources-display-component---newResourceUnit--resource-anchor","interaction":{"idSuffix":"BDI-content"}},"wdio_ui5_key":"applicationmanageresources-display-component---newResourceUnit--newRRUPage-anchBar-application-manageresources-display-component---newResourceUnit--resource-anchor"}]}
RESULT: {"script":"<script> [1562 bytes]","args":[{"selector":{"id":"application-manageresources-display-component---newResourceUnit--newRRUPage-anchBar-application-manageresources-display-component---newResourceUnit--resource-anchor","interaction":{"idSuffix":"BDI-content"}},"wdio_ui5_key":"applicationmanageresources-display-component---newResourceUnit--newRRUPage-anchBar-application-manageresources-display-component---newResourceUnit--resource-anchor"}]}
RESULT: undefined
COMMAND: POST /session/129c046a4c158aab34184c97257eb527/element - {"using":"xpath","value":"//*[@id=\"application-manageresources-display-component---newResourceUnit--newRRUPage-anchBar-application-manageresources-display-component---newResourceUnit--resource-anchor\"]"}
RESULT: {"using":"xpath","value":"//*[@id=\"application-manageresources-display-component---newResourceUnit--newRRUPage-anchBar-application-manageresources-display-component---newResourceUnit--resource-anchor\"]"}
COMMAND: POST /session/129c046a4c158aab34184c97257eb527/element/f.8E45E670A1384E074590F00FAD9F292A.d.21A2C690177D3C771FC1A3F57C951162.e.17273/click - {}
RESULT: {}
COMMAND: POST /session/129c046a4c158aab34184c97257eb527/execute/async - {"script":"<script> [1562 bytes]","args":[{"selector":{"id":"application-manageresources-display-component---newResourceUnit--PLANNED_DELIVERY_DATE","interaction":{"idSuffix":"inner"}},"wdio_ui5_key":"applicationmanageresources-display-component---newResourceUnit--PLANNED_DELIVERY_DATE"}]}
COMMAND: GET /session/129c046a4c158aab34184c97257eb527/screenshot - {}
RESULT: {"script":"<script> [1562 bytes]","args":[{"selector":{"id":"application-manageresources-display-component---newResourceUnit--PLANNED_DELIVERY_DATE","interaction":{"idSuffix":"inner"}},"wdio_ui5_key":"applicationmanageresources-display-component---newResourceUnit--PLANNED_DELIVERY_DATE"}]}
RESULT: undefined
COMMAND: POST /session/129c046a4c158aab34184c97257eb527/execute/async - {"script":"<script> [6424 bytes]","args":[{"element-6066-11e4-a52e-4f735466cecf":"f.8E45E670A1384E074590F00FAD9F292A.d.21A2C690177D3C771FC1A3F57C951162.e.17135"},"setValue",["4/23/25"]]}
RESULT: {}
RESULT: {"script":"<script> [6424 bytes]","args":[{"element-6066-11e4-a52e-4f735466cecf":"f.8E45E670A1384E074590F00FAD9F292A.d.21A2C690177D3C771FC1A3F57C951162.e.17135"},"setValue",["4/23/25"]]}
COMMAND: POST /session/129c046a4c158aab34184c97257eb527/element - {"using":"xpath","value":"//button[@data-kt=\"resourceUnitSaveButton\"]"}
RESULT: {"using":"xpath","value":"//button[@data-kt=\"resourceUnitSaveButton\"]"}
COMMAND: POST /session/129c046a4c158aab34184c97257eb527/element/f.8E45E670A1384E074590F00FAD9F292A.d.21A2C690177D3C771FC1A3F57C951162.e.17096/click - {}
RESULT: {}
COMMAND: GET /session/129c046a4c158aab34184c97257eb527/screenshot - {}
RESULT: {}
COMMAND: POST /session/129c046a4c158aab34184c97257eb527/element - {"using":"xpath","value":"//bdi[contains(text(), \"Close\")]"}
RESULT: {"using":"xpath","value":"//bdi[contains(text(), \"Close\")]"}
COMMAND: POST /session/129c046a4c158aab34184c97257eb527/element/f.8E45E670A1384E074590F00FAD9F292A.d.21A2C690177D3C771FC1A3F57C951162.e.17281/click - {}
RESULT: {}
COMMAND: GET /session/129c046a4c158aab34184c97257eb527/screenshot - {}
RESULT: {}
COMMAND: POST /session/129c046a4c158aab34184c97257eb527/element - {"using":"xpath","value":"(//button[contains(@id ,\"actionsToolbar-overflowButton\")])[1]"}
RESULT: {"using":"xpath","value":"(//button[contains(@id ,\"actionsToolbar-overflowButton\")])[1]"}
COMMAND: POST /session/129c046a4c158aab34184c97257eb527/element/f.8E45E670A1384E074590F00FAD9F292A.d.21A2C690177D3C771FC1A3F57C951162.e.17313/click - {}
RESULT: {}
COMMAND: GET /session/129c046a4c158aab34184c97257eb527/screenshot - {}
RESULT: {}
COMMAND: POST /session/129c046a4c158aab34184c97257eb527/element - {"using":"xpath","value":"//button[@data-kt=\"priceInfoButton\"]"}
RESULT: {"using":"xpath","value":"//button[@data-kt=\"priceInfoButton\"]"}
COMMAND: POST /session/129c046a4c158aab34184c97257eb527/element/f.8E45E670A1384E074590F00FAD9F292A.d.21A2C690177D3C771FC1A3F57C951162.e.17315/click - {}
RESULT: {}
COMMAND: GET /session/129c046a4c158aab34184c97257eb527/screenshot - {}
]]></system-out>
    </testcase>
    <testcase classname="chrome.135_0_7049_96.windows.Create_Reverse_Billing_US127248" name="Should create a pricing procedure" time="52.433">
      <system-out><![CDATA[
COMMAND: POST /session/129c046a4c158aab34184c97257eb527/element - {"using":"xpath","value":"//button[@data-kt=\"addButton\"]"}
RESULT: {}
RESULT: {"using":"xpath","value":"//button[@data-kt=\"addButton\"]"}
COMMAND: POST /session/129c046a4c158aab34184c97257eb527/elements - {"using":"xpath","value":"//button[@data-kt=\"addButton\"]"}
RESULT: {"using":"xpath","value":"//button[@data-kt=\"addButton\"]"}
COMMAND: POST /session/129c046a4c158aab34184c97257eb527/execute/sync - {"script":"<script> [8489 bytes]","args":[{"element-6066-11e4-a52e-4f735466cecf":"f.8E45E670A1384E074590F00FAD9F292A.d.21A2C690177D3C771FC1A3F57C951162.e.17351","ELEMENT":"f.8E45E670A1384E074590F00FAD9F292A.d.21A2C690177D3C771FC1A3F57C951162.e.17351"}]}
RESULT: {"script":"<script> [8489 bytes]","args":[{"element-6066-11e4-a52e-4f735466cecf":"f.8E45E670A1384E074590F00FAD9F292A.d.21A2C690177D3C771FC1A3F57C951162.e.17351","ELEMENT":"f.8E45E670A1384E074590F00FAD9F292A.d.21A2C690177D3C771FC1A3F57C951162.e.17351"}]}
COMMAND: GET /session/129c046a4c158aab34184c97257eb527/element/f.8E45E670A1384E074590F00FAD9F292A.d.21A2C690177D3C771FC1A3F57C951162.e.17351/enabled - {}
COMMAND: GET /session/129c046a4c158aab34184c97257eb527/screenshot - {}
RESULT: {}
COMMAND: POST /session/129c046a4c158aab34184c97257eb527/execute/sync - {"script":"<script> [8489 bytes]","args":[{"element-6066-11e4-a52e-4f735466cecf":"f.8E45E670A1384E074590F00FAD9F292A.d.21A2C690177D3C771FC1A3F57C951162.e.17351","ELEMENT":"f.8E45E670A1384E074590F00FAD9F292A.d.21A2C690177D3C771FC1A3F57C951162.e.17351"}]}
COMMAND: GET /session/129c046a4c158aab34184c97257eb527/screenshot - {}
RESULT: {}
RESULT: {"script":"<script> [8489 bytes]","args":[{"element-6066-11e4-a52e-4f735466cecf":"f.8E45E670A1384E074590F00FAD9F292A.d.21A2C690177D3C771FC1A3F57C951162.e.17351","ELEMENT":"f.8E45E670A1384E074590F00FAD9F292A.d.21A2C690177D3C771FC1A3F57C951162.e.17351"}]}
COMMAND: POST /session/129c046a4c158aab34184c97257eb527/execute/sync - {"script":"<script> [5351 bytes]","args":[{"element-6066-11e4-a52e-4f735466cecf":"f.8E45E670A1384E074590F00FAD9F292A.d.21A2C690177D3C771FC1A3F57C951162.e.17351","ELEMENT":"f.8E45E670A1384E074590F00FAD9F292A.d.21A2C690177D3C771FC1A3F57C951162.e.17351"}]}
COMMAND: GET /session/129c046a4c158aab34184c97257eb527/screenshot - {}
RESULT: {}
RESULT: {"script":"<script> [5351 bytes]","args":[{"element-6066-11e4-a52e-4f735466cecf":"f.8E45E670A1384E074590F00FAD9F292A.d.21A2C690177D3C771FC1A3F57C951162.e.17351","ELEMENT":"f.8E45E670A1384E074590F00FAD9F292A.d.21A2C690177D3C771FC1A3F57C951162.e.17351"}]}
COMMAND: POST /session/129c046a4c158aab34184c97257eb527/element/f.8E45E670A1384E074590F00FAD9F292A.d.21A2C690177D3C771FC1A3F57C951162.e.17351/click - {}
COMMAND: GET /session/129c046a4c158aab34184c97257eb527/screenshot - {}
RESULT: {}
RESULT: {}
COMMAND: GET /session/129c046a4c158aab34184c97257eb527/screenshot - {}
RESULT: {}
RESULT: {}
COMMAND: POST /session/129c046a4c158aab34184c97257eb527/execute/async - {"script":"<script> [1562 bytes]","args":[{"selector":{"controlType":"sap.m.Title","viewName":"etm.portal.ui.managepricingrules.view.NewItem","viewId":"application-managepricingrules-display-component---newInfoPriceItem","properties":{"text":"New Pricing Rules - Item Level"}},"wdio_ui5_key":"etmportal.ui.managepricingrules.view.NewItemsap.m.Title{\"text\":\"New Pricing Rules - Item Level\"}"}]}
RESULT: {"script":"<script> [1562 bytes]","args":[{"selector":{"controlType":"sap.m.Title","viewName":"etm.portal.ui.managepricingrules.view.NewItem","viewId":"application-managepricingrules-display-component---newInfoPriceItem","properties":{"text":"New Pricing Rules - Item Level"}},"wdio_ui5_key":"etmportal.ui.managepricingrules.view.NewItemsap.m.Title{\"text\":\"New Pricing Rules - Item Level\"}"}]}
RESULT: undefined
COMMAND: POST /session/129c046a4c158aab34184c97257eb527/execute/async - {"script":"<script> [6424 bytes]","args":[{"element-6066-11e4-a52e-4f735466cecf":"f.8E45E670A1384E074590F00FAD9F292A.d.21A2C690177D3C771FC1A3F57C951162.e.17522"},"getText",[]]}
RESULT: {"script":"<script> [6424 bytes]","args":[{"element-6066-11e4-a52e-4f735466cecf":"f.8E45E670A1384E074590F00FAD9F292A.d.21A2C690177D3C771FC1A3F57C951162.e.17522"},"getText",[]]}
COMMAND: POST /session/129c046a4c158aab34184c97257eb527/execute/async - {"script":"<script> [1562 bytes]","args":[{"selector":{"id":"application-managepricingrules-display-component---newInfoPriceItem--condValidTo","interaction":{"idSuffix":"inner"}},"wdio_ui5_key":"applicationmanagepricingrules-display-component---newInfoPriceItem--condValidTo"}]}
RESULT: {"script":"<script> [1562 bytes]","args":[{"selector":{"id":"application-managepricingrules-display-component---newInfoPriceItem--condValidTo","interaction":{"idSuffix":"inner"}},"wdio_ui5_key":"applicationmanagepricingrules-display-component---newInfoPriceItem--condValidTo"}]}
RESULT: undefined
COMMAND: POST /session/129c046a4c158aab34184c97257eb527/execute/async - {"script":"<script> [776 bytes]","args":[{"enterText":"12/23/25","selector":{"id":"application-managepricingrules-display-component---newInfoPriceItem--condValidTo","interaction":{"idSuffix":"inner"}},"clearTextFirst":true,"interactionType":"ENTER_TEXT"}]}
RESULT: {"script":"<script> [776 bytes]","args":[{"enterText":"12/23/25","selector":{"id":"application-managepricingrules-display-component---newInfoPriceItem--condValidTo","interaction":{"idSuffix":"inner"}},"clearTextFirst":true,"interactionType":"ENTER_TEXT"}]}
COMMAND: POST /session/129c046a4c158aab34184c97257eb527/execute/async - {"script":"<script> [1562 bytes]","args":[{"selector":{"id":"application-managepricingrules-display-component---newInfoPriceItem--billType-arrow"},"wdio_ui5_key":"applicationmanagepricingrules-display-component---newInfoPriceItem--billType-arrow"}]}
RESULT: {"script":"<script> [1562 bytes]","args":[{"selector":{"id":"application-managepricingrules-display-component---newInfoPriceItem--billType-arrow"},"wdio_ui5_key":"applicationmanagepricingrules-display-component---newInfoPriceItem--billType-arrow"}]}
RESULT: undefined
COMMAND: POST /session/129c046a4c158aab34184c97257eb527/element - {"using":"xpath","value":"//*[@id=\"application-managepricingrules-display-component---newInfoPriceItem--billType-arrow\"]"}
RESULT: {"using":"xpath","value":"//*[@id=\"application-managepricingrules-display-component---newInfoPriceItem--billType-arrow\"]"}
COMMAND: POST /session/129c046a4c158aab34184c97257eb527/element/f.8E45E670A1384E074590F00FAD9F292A.d.21A2C690177D3C771FC1A3F57C951162.e.17482/click - {}
RESULT: {}
COMMAND: POST /session/129c046a4c158aab34184c97257eb527/element - {"using":"xpath","value":"//span[contains(text(), \"TB - Time based\")]"}
COMMAND: GET /session/129c046a4c158aab34184c97257eb527/screenshot - {}
RESULT: {"using":"xpath","value":"//span[contains(text(), \"TB - Time based\")]"}
COMMAND: POST /session/129c046a4c158aab34184c97257eb527/element/f.8E45E670A1384E074590F00FAD9F292A.d.21A2C690177D3C771FC1A3F57C951162.e.17524/click - {}
RESULT: {}
RESULT: {}
COMMAND: POST /session/129c046a4c158aab34184c97257eb527/execute/async - {"script":"<script> [1562 bytes]","args":[{"selector":{"id":"application-managepricingrules-display-component---newInfoPriceItem--priceProc-arrow"},"wdio_ui5_key":"applicationmanagepricingrules-display-component---newInfoPriceItem--priceProc-arrow"}]}
COMMAND: GET /session/129c046a4c158aab34184c97257eb527/screenshot - {}
RESULT: {"script":"<script> [1562 bytes]","args":[{"selector":{"id":"application-managepricingrules-display-component---newInfoPriceItem--priceProc-arrow"},"wdio_ui5_key":"applicationmanagepricingrules-display-component---newInfoPriceItem--priceProc-arrow"}]}
RESULT: undefined
COMMAND: POST /session/129c046a4c158aab34184c97257eb527/element - {"using":"xpath","value":"//*[@id=\"application-managepricingrules-display-component---newInfoPriceItem--priceProc-arrow\"]"}
RESULT: {}
RESULT: {"using":"xpath","value":"//*[@id=\"application-managepricingrules-display-component---newInfoPriceItem--priceProc-arrow\"]"}
COMMAND: POST /session/129c046a4c158aab34184c97257eb527/element/f.8E45E670A1384E074590F00FAD9F292A.d.21A2C690177D3C771FC1A3F57C951162.e.17489/click - {}
RESULT: {}
COMMAND: POST /session/129c046a4c158aab34184c97257eb527/element - {"using":"xpath","value":"//span[contains(text(), \"TBS - Time based standard\")]"}
COMMAND: GET /session/129c046a4c158aab34184c97257eb527/screenshot - {}
RESULT: {"using":"xpath","value":"//span[contains(text(), \"TBS - Time based standard\")]"}
COMMAND: POST /session/129c046a4c158aab34184c97257eb527/element/f.8E45E670A1384E074590F00FAD9F292A.d.21A2C690177D3C771FC1A3F57C951162.e.17525/click - {}
RESULT: {}
RESULT: {}
COMMAND: POST /session/129c046a4c158aab34184c97257eb527/execute/async - {"script":"<script> [1562 bytes]","args":[{"selector":{"id":"application-managepricingrules-display-component---newInfoPriceItem--calcBase-arrow"},"wdio_ui5_key":"applicationmanagepricingrules-display-component---newInfoPriceItem--calcBase-arrow"}]}
COMMAND: GET /session/129c046a4c158aab34184c97257eb527/screenshot - {}
RESULT: {"script":"<script> [1562 bytes]","args":[{"selector":{"id":"application-managepricingrules-display-component---newInfoPriceItem--calcBase-arrow"},"wdio_ui5_key":"applicationmanagepricingrules-display-component---newInfoPriceItem--calcBase-arrow"}]}
RESULT: undefined
COMMAND: POST /session/129c046a4c158aab34184c97257eb527/element - {"using":"xpath","value":"//*[@id=\"application-managepricingrules-display-component---newInfoPriceItem--calcBase-arrow\"]"}
RESULT: {}
RESULT: {"using":"xpath","value":"//*[@id=\"application-managepricingrules-display-component---newInfoPriceItem--calcBase-arrow\"]"}
COMMAND: POST /session/129c046a4c158aab34184c97257eb527/element/f.8E45E670A1384E074590F00FAD9F292A.d.21A2C690177D3C771FC1A3F57C951162.e.17496/click - {}
RESULT: {}
COMMAND: GET /session/129c046a4c158aab34184c97257eb527/screenshot - {}
RESULT: {}
COMMAND: POST /session/129c046a4c158aab34184c97257eb527/element - {"using":"xpath","value":"//span[contains(text(), \"0006 - TB(calendar days)\")]"}
RESULT: {"using":"xpath","value":"//span[contains(text(), \"0006 - TB(calendar days)\")]"}
COMMAND: POST /session/129c046a4c158aab34184c97257eb527/element/f.8E45E670A1384E074590F00FAD9F292A.d.21A2C690177D3C771FC1A3F57C951162.e.17526/click - {}
RESULT: {}
COMMAND: GET /session/129c046a4c158aab34184c97257eb527/screenshot - {}
RESULT: {}
COMMAND: POST /session/129c046a4c158aab34184c97257eb527/execute/async - {"script":"<script> [1562 bytes]","args":[{"selector":{"id":"application-managepricingrules-display-component---newInfoPriceItem--daysMonth","interaction":{"idSuffix":"inner"}},"wdio_ui5_key":"applicationmanagepricingrules-display-component---newInfoPriceItem--daysMonth"}]}
RESULT: {"script":"<script> [1562 bytes]","args":[{"selector":{"id":"application-managepricingrules-display-component---newInfoPriceItem--daysMonth","interaction":{"idSuffix":"inner"}},"wdio_ui5_key":"applicationmanagepricingrules-display-component---newInfoPriceItem--daysMonth"}]}
RESULT: undefined
COMMAND: POST /session/129c046a4c158aab34184c97257eb527/execute/async - {"script":"<script> [776 bytes]","args":[{"enterText":"30","selector":{"id":"application-managepricingrules-display-component---newInfoPriceItem--daysMonth","interaction":{"idSuffix":"inner"}},"clearTextFirst":true,"interactionType":"ENTER_TEXT"}]}
RESULT: {"script":"<script> [776 bytes]","args":[{"enterText":"30","selector":{"id":"application-managepricingrules-display-component---newInfoPriceItem--daysMonth","interaction":{"idSuffix":"inner"}},"clearTextFirst":true,"interactionType":"ENTER_TEXT"}]}
COMMAND: POST /session/129c046a4c158aab34184c97257eb527/element - {"using":"xpath","value":"//button[@data-kt=\"saveNewRuleButton\"]"}
RESULT: {"using":"xpath","value":"//button[@data-kt=\"saveNewRuleButton\"]"}
COMMAND: POST /session/129c046a4c158aab34184c97257eb527/element/f.8E45E670A1384E074590F00FAD9F292A.d.21A2C690177D3C771FC1A3F57C951162.e.17516/click - {}
RESULT: {}
COMMAND: GET /session/129c046a4c158aab34184c97257eb527/screenshot - {}
RESULT: {}
COMMAND: POST /session/129c046a4c158aab34184c97257eb527/execute/async - {"script":"<script> [1562 bytes]","args":[{"selector":{"id":"application-managepricingrules-display-component---priceInfoItem--smartFilterBar-btnBasicSearch","interaction":{"idSuffix":"I"}},"wdio_ui5_key":"applicationmanagepricingrules-display-component---priceInfoItem--smartFilterBar-btnBasicSearch"}]}
RESULT: {"script":"<script> [1562 bytes]","args":[{"selector":{"id":"application-managepricingrules-display-component---priceInfoItem--smartFilterBar-btnBasicSearch","interaction":{"idSuffix":"I"}},"wdio_ui5_key":"applicationmanagepricingrules-display-component---priceInfoItem--smartFilterBar-btnBasicSearch"}]}
RESULT: undefined
COMMAND: POST /session/129c046a4c158aab34184c97257eb527/execute/async - {"script":"<script> [776 bytes]","args":[{"enterText":"OoDLQD8aZ3","selector":{"id":"application-managepricingrules-display-component---priceInfoItem--smartFilterBar-btnBasicSearch","interaction":{"idSuffix":"I"}},"clearTextFirst":true,"interactionType":"ENTER_TEXT"}]}
RESULT: {"script":"<script> [776 bytes]","args":[{"enterText":"OoDLQD8aZ3","selector":{"id":"application-managepricingrules-display-component---priceInfoItem--smartFilterBar-btnBasicSearch","interaction":{"idSuffix":"I"}},"clearTextFirst":true,"interactionType":"ENTER_TEXT"}]}
COMMAND: POST /session/129c046a4c158aab34184c97257eb527/actions - {"actions":[{"id":"action60","type":"key","parameters":{},"actions":[{"type":"keyDown","value":""},{"type":"pause","duration":10},{"type":"keyUp","value":""}]}]}
RESULT: {"actions":[{"id":"action60","type":"key","parameters":{},"actions":[{"type":"keyDown","value":""},{"type":"pause","duration":10},{"type":"keyUp","value":""}]}]}
COMMAND: GET /session/129c046a4c158aab34184c97257eb527/screenshot - {}
RESULT: {}
COMMAND: POST /session/129c046a4c158aab34184c97257eb527/element - {"using":"xpath","value":"//span[@id=\"application-managepricingrules-display-component---priceInfoItem--smartTable-header-inner\"]"}
RESULT: {"using":"xpath","value":"//span[@id=\"application-managepricingrules-display-component---priceInfoItem--smartTable-header-inner\"]"}
COMMAND: POST /session/129c046a4c158aab34184c97257eb527/elements - {"using":"xpath","value":"//span[@id=\"application-managepricingrules-display-component---priceInfoItem--smartTable-header-inner\"]"}
RESULT: {"using":"xpath","value":"//span[@id=\"application-managepricingrules-display-component---priceInfoItem--smartTable-header-inner\"]"}
COMMAND: POST /session/129c046a4c158aab34184c97257eb527/execute/sync - {"script":"<script> [56 bytes]","args":[{"element-6066-11e4-a52e-4f735466cecf":"f.8E45E670A1384E074590F00FAD9F292A.d.21A2C690177D3C771FC1A3F57C951162.e.17551","ELEMENT":"f.8E45E670A1384E074590F00FAD9F292A.d.21A2C690177D3C771FC1A3F57C951162.e.17551"}]}
RESULT: {"script":"<script> [56 bytes]","args":[{"element-6066-11e4-a52e-4f735466cecf":"f.8E45E670A1384E074590F00FAD9F292A.d.21A2C690177D3C771FC1A3F57C951162.e.17551","ELEMENT":"f.8E45E670A1384E074590F00FAD9F292A.d.21A2C690177D3C771FC1A3F57C951162.e.17551"}]}
COMMAND: POST /session/129c046a4c158aab34184c97257eb527/element - {"using":"css selector","value":"#shell-header-logo"}
COMMAND: GET /session/129c046a4c158aab34184c97257eb527/screenshot - {}
RESULT: {"using":"css selector","value":"#shell-header-logo"}
COMMAND: POST /session/129c046a4c158aab34184c97257eb527/element/f.8E45E670A1384E074590F00FAD9F292A.d.21A2C690177D3C771FC1A3F57C951162.e.16679/click - {}
RESULT: {}
RESULT: {}
COMMAND: GET /session/129c046a4c158aab34184c97257eb527/screenshot - {}
RESULT: {}
]]></system-out>
    </testcase>
    <testcase classname="chrome.135_0_7049_96.windows.Create_Reverse_Billing_US127248" name="Should manage conditions" time="68.168">
      <system-out><![CDATA[
COMMAND: POST /session/129c046a4c158aab34184c97257eb527/execute/async - {"script":"<script> [1562 bytes]","args":[{"selector":{"controlType":"sap.m.Text","properties":{"text":"Manage Conditions & Prices"},"interaction":{"idSuffix":"inner"}},"wdio_ui5_key":"sapm.Text{\"text\":\"Manage Conditions & Prices\"}"}]}
RESULT: {"script":"<script> [1562 bytes]","args":[{"selector":{"controlType":"sap.m.Text","properties":{"text":"Manage Conditions & Prices"},"interaction":{"idSuffix":"inner"}},"wdio_ui5_key":"sapm.Text{\"text\":\"Manage Conditions & Prices\"}"}]}
RESULT: undefined
COMMAND: POST /session/129c046a4c158aab34184c97257eb527/element - {"using":"xpath","value":"//*[@id=\"__tile53-title\"]"}
RESULT: {"using":"xpath","value":"//*[@id=\"__tile53-title\"]"}
COMMAND: POST /session/129c046a4c158aab34184c97257eb527/element/f.8E45E670A1384E074590F00FAD9F292A.d.21A2C690177D3C771FC1A3F57C951162.e.17554/click - {}
RESULT: {}
COMMAND: POST /session/129c046a4c158aab34184c97257eb527/element - {"using":"xpath","value":"//button[@aria-label=\"Create\"]"}
COMMAND: GET /session/129c046a4c158aab34184c97257eb527/screenshot - {}
RESULT: {"using":"xpath","value":"//button[@aria-label=\"Create\"]"}
COMMAND: POST /session/129c046a4c158aab34184c97257eb527/elements - {"using":"xpath","value":"//button[@aria-label=\"Create\"]"}
RESULT: {}
RESULT: {"using":"xpath","value":"//button[@aria-label=\"Create\"]"}
COMMAND: POST /session/129c046a4c158aab34184c97257eb527/elements - {"using":"xpath","value":"//button[@aria-label=\"Create\"]"}
RESULT: {"using":"xpath","value":"//button[@aria-label=\"Create\"]"}
COMMAND: POST /session/129c046a4c158aab34184c97257eb527/elements - {"using":"xpath","value":"//button[@aria-label=\"Create\"]"}
RESULT: {"using":"xpath","value":"//button[@aria-label=\"Create\"]"}
COMMAND: POST /session/129c046a4c158aab34184c97257eb527/element - {"using":"xpath","value":"//button[@aria-label=\"Create\"]"}
RESULT: {"using":"xpath","value":"//button[@aria-label=\"Create\"]"}
COMMAND: POST /session/129c046a4c158aab34184c97257eb527/execute/sync - {"script":"<script> [8489 bytes]","args":[{"element-6066-11e4-a52e-4f735466cecf":"f.8E45E670A1384E074590F00FAD9F292A.d.21A2C690177D3C771FC1A3F57C951162.e.17588","ELEMENT":"f.8E45E670A1384E074590F00FAD9F292A.d.21A2C690177D3C771FC1A3F57C951162.e.17588"}]}
RESULT: {"script":"<script> [8489 bytes]","args":[{"element-6066-11e4-a52e-4f735466cecf":"f.8E45E670A1384E074590F00FAD9F292A.d.21A2C690177D3C771FC1A3F57C951162.e.17588","ELEMENT":"f.8E45E670A1384E074590F00FAD9F292A.d.21A2C690177D3C771FC1A3F57C951162.e.17588"}]}
COMMAND: GET /session/129c046a4c158aab34184c97257eb527/element/f.8E45E670A1384E074590F00FAD9F292A.d.21A2C690177D3C771FC1A3F57C951162.e.17588/enabled - {}
COMMAND: GET /session/129c046a4c158aab34184c97257eb527/screenshot - {}
RESULT: {}
COMMAND: POST /session/129c046a4c158aab34184c97257eb527/execute/sync - {"script":"<script> [8489 bytes]","args":[{"element-6066-11e4-a52e-4f735466cecf":"f.8E45E670A1384E074590F00FAD9F292A.d.21A2C690177D3C771FC1A3F57C951162.e.17588","ELEMENT":"f.8E45E670A1384E074590F00FAD9F292A.d.21A2C690177D3C771FC1A3F57C951162.e.17588"}]}
COMMAND: GET /session/129c046a4c158aab34184c97257eb527/screenshot - {}
RESULT: {}
RESULT: {"script":"<script> [8489 bytes]","args":[{"element-6066-11e4-a52e-4f735466cecf":"f.8E45E670A1384E074590F00FAD9F292A.d.21A2C690177D3C771FC1A3F57C951162.e.17588","ELEMENT":"f.8E45E670A1384E074590F00FAD9F292A.d.21A2C690177D3C771FC1A3F57C951162.e.17588"}]}
COMMAND: POST /session/129c046a4c158aab34184c97257eb527/execute/sync - {"script":"<script> [5351 bytes]","args":[{"element-6066-11e4-a52e-4f735466cecf":"f.8E45E670A1384E074590F00FAD9F292A.d.21A2C690177D3C771FC1A3F57C951162.e.17588","ELEMENT":"f.8E45E670A1384E074590F00FAD9F292A.d.21A2C690177D3C771FC1A3F57C951162.e.17588"}]}
COMMAND: GET /session/129c046a4c158aab34184c97257eb527/screenshot - {}
RESULT: {}
RESULT: {"script":"<script> [5351 bytes]","args":[{"element-6066-11e4-a52e-4f735466cecf":"f.8E45E670A1384E074590F00FAD9F292A.d.21A2C690177D3C771FC1A3F57C951162.e.17588","ELEMENT":"f.8E45E670A1384E074590F00FAD9F292A.d.21A2C690177D3C771FC1A3F57C951162.e.17588"}]}
COMMAND: POST /session/129c046a4c158aab34184c97257eb527/element/f.8E45E670A1384E074590F00FAD9F292A.d.21A2C690177D3C771FC1A3F57C951162.e.17588/click - {}
COMMAND: GET /session/129c046a4c158aab34184c97257eb527/screenshot - {}
RESULT: {}
RESULT: {}
COMMAND: GET /session/129c046a4c158aab34184c97257eb527/screenshot - {}
RESULT: {}
RESULT: {}
COMMAND: POST /session/129c046a4c158aab34184c97257eb527/actions - {"actions":[{"id":"action61","type":"key","parameters":{},"actions":[{"type":"keyDown","value":""},{"type":"pause","duration":10},{"type":"keyUp","value":""}]}]}
RESULT: {"actions":[{"id":"action61","type":"key","parameters":{},"actions":[{"type":"keyDown","value":""},{"type":"pause","duration":10},{"type":"keyUp","value":""}]}]}
COMMAND: GET /session/129c046a4c158aab34184c97257eb527/screenshot - {}
RESULT: {}
COMMAND: POST /session/129c046a4c158aab34184c97257eb527/execute/async - {"script":"<script> [1562 bytes]","args":[{"selector":{"id":"application-manageconditionprice-display-component---newCondition--condBillCond-arrow"},"wdio_ui5_key":"applicationmanageconditionprice-display-component---newCondition--condBillCond-arrow"}]}
RESULT: {"script":"<script> [1562 bytes]","args":[{"selector":{"id":"application-manageconditionprice-display-component---newCondition--condBillCond-arrow"},"wdio_ui5_key":"applicationmanageconditionprice-display-component---newCondition--condBillCond-arrow"}]}
RESULT: undefined
COMMAND: POST /session/129c046a4c158aab34184c97257eb527/element - {"using":"xpath","value":"//*[@id=\"application-manageconditionprice-display-component---newCondition--condBillCond-arrow\"]"}
RESULT: {"using":"xpath","value":"//*[@id=\"application-manageconditionprice-display-component---newCondition--condBillCond-arrow\"]"}
COMMAND: POST /session/129c046a4c158aab34184c97257eb527/element/f.8E45E670A1384E074590F00FAD9F292A.d.21A2C690177D3C771FC1A3F57C951162.e.17765/click - {}
RESULT: {}
COMMAND: GET /session/129c046a4c158aab34184c97257eb527/screenshot - {}
RESULT: {}
COMMAND: POST /session/129c046a4c158aab34184c97257eb527/element - {"using":"xpath","value":"//li[.//span[contains(text(), \"DISP - D&I special price\")]]"}
RESULT: {"using":"xpath","value":"//li[.//span[contains(text(), \"DISP - D&I special price\")]]"}
COMMAND: POST /session/129c046a4c158aab34184c97257eb527/element/f.8E45E670A1384E074590F00FAD9F292A.d.21A2C690177D3C771FC1A3F57C951162.e.17768/click - {}
RESULT: {}
COMMAND: GET /session/129c046a4c158aab34184c97257eb527/screenshot - {}
RESULT: {}
COMMAND: POST /session/129c046a4c158aab34184c97257eb527/execute/async - {"script":"<script> [1562 bytes]","args":[{"selector":{"id":"application-manageconditionprice-display-component---newCondition--condValidTo","interaction":{"idSuffix":"inner"}},"wdio_ui5_key":"applicationmanageconditionprice-display-component---newCondition--condValidTo"}]}
RESULT: {"script":"<script> [1562 bytes]","args":[{"selector":{"id":"application-manageconditionprice-display-component---newCondition--condValidTo","interaction":{"idSuffix":"inner"}},"wdio_ui5_key":"applicationmanageconditionprice-display-component---newCondition--condValidTo"}]}
RESULT: undefined
COMMAND: POST /session/129c046a4c158aab34184c97257eb527/execute/async - {"script":"<script> [776 bytes]","args":[{"enterText":"12/23/25","selector":{"id":"application-manageconditionprice-display-component---newCondition--condValidTo","interaction":{"idSuffix":"inner"}},"clearTextFirst":true,"interactionType":"ENTER_TEXT"}]}
RESULT: {"script":"<script> [776 bytes]","args":[{"enterText":"12/23/25","selector":{"id":"application-manageconditionprice-display-component---newCondition--condValidTo","interaction":{"idSuffix":"inner"}},"clearTextFirst":true,"interactionType":"ENTER_TEXT"}]}
COMMAND: POST /session/129c046a4c158aab34184c97257eb527/element - {"using":"xpath","value":"//input[@id=\"application-manageconditionprice-display-component---newCondition--condRU-inner\"]"}
RESULT: {"using":"xpath","value":"//input[@id=\"application-manageconditionprice-display-component---newCondition--condRU-inner\"]"}
COMMAND: POST /session/129c046a4c158aab34184c97257eb527/element/f.8E45E670A1384E074590F00FAD9F292A.d.21A2C690177D3C771FC1A3F57C951162.e.17630/clear - {}
RESULT: {}
COMMAND: POST /session/129c046a4c158aab34184c97257eb527/element/f.8E45E670A1384E074590F00FAD9F292A.d.21A2C690177D3C771FC1A3F57C951162.e.17630/value - {"text":"OoDLQD8aZ3"}
COMMAND: GET /session/129c046a4c158aab34184c97257eb527/screenshot - {}
RESULT: {"text":"OoDLQD8aZ3"}
COMMAND: GET /session/129c046a4c158aab34184c97257eb527/screenshot - {}
RESULT: {}
RESULT: {}
COMMAND: POST /session/129c046a4c158aab34184c97257eb527/actions - {"actions":[{"id":"action62","type":"key","parameters":{},"actions":[{"type":"keyDown","value":""},{"type":"pause","duration":10},{"type":"keyUp","value":""}]}]}
RESULT: {"actions":[{"id":"action62","type":"key","parameters":{},"actions":[{"type":"keyDown","value":""},{"type":"pause","duration":10},{"type":"keyUp","value":""}]}]}
COMMAND: POST /session/129c046a4c158aab34184c97257eb527/execute/async - {"script":"<script> [1562 bytes]","args":[{"selector":{"id":"application-manageconditionprice-display-component---newCondition--condBaseQty","interaction":{"idSuffix":"inner"}},"wdio_ui5_key":"applicationmanageconditionprice-display-component---newCondition--condBaseQty"}]}
COMMAND: GET /session/129c046a4c158aab34184c97257eb527/screenshot - {}
RESULT: {"script":"<script> [1562 bytes]","args":[{"selector":{"id":"application-manageconditionprice-display-component---newCondition--condBaseQty","interaction":{"idSuffix":"inner"}},"wdio_ui5_key":"applicationmanageconditionprice-display-component---newCondition--condBaseQty"}]}
RESULT: undefined
COMMAND: POST /session/129c046a4c158aab34184c97257eb527/execute/async - {"script":"<script> [776 bytes]","args":[{"enterText":"1","selector":{"id":"application-manageconditionprice-display-component---newCondition--condBaseQty","interaction":{"idSuffix":"inner"}},"clearTextFirst":true,"interactionType":"ENTER_TEXT"}]}
RESULT: {}
RESULT: {"script":"<script> [776 bytes]","args":[{"enterText":"1","selector":{"id":"application-manageconditionprice-display-component---newCondition--condBaseQty","interaction":{"idSuffix":"inner"}},"clearTextFirst":true,"interactionType":"ENTER_TEXT"}]}
COMMAND: POST /session/129c046a4c158aab34184c97257eb527/execute/async - {"script":"<script> [1562 bytes]","args":[{"selector":{"id":"application-manageconditionprice-display-component---newCondition--condValue","interaction":{"idSuffix":"inner"}},"wdio_ui5_key":"applicationmanageconditionprice-display-component---newCondition--condValue"}]}
RESULT: {"script":"<script> [1562 bytes]","args":[{"selector":{"id":"application-manageconditionprice-display-component---newCondition--condValue","interaction":{"idSuffix":"inner"}},"wdio_ui5_key":"applicationmanageconditionprice-display-component---newCondition--condValue"}]}
RESULT: undefined
COMMAND: POST /session/129c046a4c158aab34184c97257eb527/execute/async - {"script":"<script> [776 bytes]","args":[{"enterText":"200","selector":{"id":"application-manageconditionprice-display-component---newCondition--condValue","interaction":{"idSuffix":"inner"}},"clearTextFirst":true,"interactionType":"ENTER_TEXT"}]}
RESULT: {"script":"<script> [776 bytes]","args":[{"enterText":"200","selector":{"id":"application-manageconditionprice-display-component---newCondition--condValue","interaction":{"idSuffix":"inner"}},"clearTextFirst":true,"interactionType":"ENTER_TEXT"}]}
COMMAND: POST /session/129c046a4c158aab34184c97257eb527/execute/async - {"script":"<script> [1562 bytes]","args":[{"selector":{"id":"application-manageconditionprice-display-component---newCondition--condCurr-arrow"},"wdio_ui5_key":"applicationmanageconditionprice-display-component---newCondition--condCurr-arrow"}]}
RESULT: {"script":"<script> [1562 bytes]","args":[{"selector":{"id":"application-manageconditionprice-display-component---newCondition--condCurr-arrow"},"wdio_ui5_key":"applicationmanageconditionprice-display-component---newCondition--condCurr-arrow"}]}
RESULT: undefined
COMMAND: POST /session/129c046a4c158aab34184c97257eb527/element - {"using":"xpath","value":"//*[@id=\"application-manageconditionprice-display-component---newCondition--condCurr-arrow\"]"}
RESULT: {"using":"xpath","value":"//*[@id=\"application-manageconditionprice-display-component---newCondition--condCurr-arrow\"]"}
COMMAND: POST /session/129c046a4c158aab34184c97257eb527/element/f.8E45E670A1384E074590F00FAD9F292A.d.21A2C690177D3C771FC1A3F57C951162.e.17738/click - {}
RESULT: {}
COMMAND: POST /session/129c046a4c158aab34184c97257eb527/element - {"using":"xpath","value":"//span[contains(text(), \"Euro\")]"}
COMMAND: GET /session/129c046a4c158aab34184c97257eb527/screenshot - {}
RESULT: {"using":"xpath","value":"//span[contains(text(), \"Euro\")]"}
COMMAND: POST /session/129c046a4c158aab34184c97257eb527/element/f.8E45E670A1384E074590F00FAD9F292A.d.21A2C690177D3C771FC1A3F57C951162.e.17805/click - {}
RESULT: {}
RESULT: {}
COMMAND: POST /session/129c046a4c158aab34184c97257eb527/element - {"using":"xpath","value":"//button[@data-kt=\"saveButton\"]"}
COMMAND: GET /session/129c046a4c158aab34184c97257eb527/screenshot - {}
RESULT: {"using":"xpath","value":"//button[@data-kt=\"saveButton\"]"}
COMMAND: POST /session/129c046a4c158aab34184c97257eb527/element/f.8E45E670A1384E074590F00FAD9F292A.d.21A2C690177D3C771FC1A3F57C951162.e.17739/click - {}
RESULT: {}
RESULT: {}
COMMAND: GET /session/129c046a4c158aab34184c97257eb527/screenshot - {}
RESULT: {}
COMMAND: POST /session/129c046a4c158aab34184c97257eb527/execute/async - {"script":"<script> [1562 bytes]","args":[{"selector":{"id":"application-manageconditionprice-display-component---conditions--smartFilterBar-btnBasicSearch","interaction":{"idSuffix":"I"}},"wdio_ui5_key":"applicationmanageconditionprice-display-component---conditions--smartFilterBar-btnBasicSearch"}]}
RESULT: {"script":"<script> [1562 bytes]","args":[{"selector":{"id":"application-manageconditionprice-display-component---conditions--smartFilterBar-btnBasicSearch","interaction":{"idSuffix":"I"}},"wdio_ui5_key":"applicationmanageconditionprice-display-component---conditions--smartFilterBar-btnBasicSearch"}]}
RESULT: undefined
COMMAND: POST /session/129c046a4c158aab34184c97257eb527/execute/async - {"script":"<script> [776 bytes]","args":[{"enterText":"OoDLQD8aZ3","selector":{"id":"application-manageconditionprice-display-component---conditions--smartFilterBar-btnBasicSearch","interaction":{"idSuffix":"I"}},"clearTextFirst":true,"interactionType":"ENTER_TEXT"}]}
RESULT: {"script":"<script> [776 bytes]","args":[{"enterText":"OoDLQD8aZ3","selector":{"id":"application-manageconditionprice-display-component---conditions--smartFilterBar-btnBasicSearch","interaction":{"idSuffix":"I"}},"clearTextFirst":true,"interactionType":"ENTER_TEXT"}]}
COMMAND: POST /session/129c046a4c158aab34184c97257eb527/actions - {"actions":[{"id":"action63","type":"key","parameters":{},"actions":[{"type":"keyDown","value":""},{"type":"pause","duration":10},{"type":"keyUp","value":""}]}]}
RESULT: {"actions":[{"id":"action63","type":"key","parameters":{},"actions":[{"type":"keyDown","value":""},{"type":"pause","duration":10},{"type":"keyUp","value":""}]}]}
COMMAND: GET /session/129c046a4c158aab34184c97257eb527/screenshot - {}
RESULT: {}
COMMAND: POST /session/129c046a4c158aab34184c97257eb527/execute/async - {"script":"<script> [1562 bytes]","args":[{"selector":{"id":"application-manageconditionprice-display-component---conditions--smartFilterBar-filterItemControl_BASIC-BILL_TYPES-vhi"},"wdio_ui5_key":"applicationmanageconditionprice-display-component---conditions--smartFilterBar-filterItemControl_BASIC-BILL_TYPES-vhi"}]}
RESULT: {"script":"<script> [1562 bytes]","args":[{"selector":{"id":"application-manageconditionprice-display-component---conditions--smartFilterBar-filterItemControl_BASIC-BILL_TYPES-vhi"},"wdio_ui5_key":"applicationmanageconditionprice-display-component---conditions--smartFilterBar-filterItemControl_BASIC-BILL_TYPES-vhi"}]}
RESULT: undefined
COMMAND: POST /session/129c046a4c158aab34184c97257eb527/element - {"using":"xpath","value":"//*[@id=\"application-manageconditionprice-display-component---conditions--smartFilterBar-filterItemControl_BASIC-BILL_TYPES-vhi\"]"}
RESULT: {"using":"xpath","value":"//*[@id=\"application-manageconditionprice-display-component---conditions--smartFilterBar-filterItemControl_BASIC-BILL_TYPES-vhi\"]"}
COMMAND: POST /session/129c046a4c158aab34184c97257eb527/element/f.8E45E670A1384E074590F00FAD9F292A.d.21A2C690177D3C771FC1A3F57C951162.e.17911/click - {}
RESULT: {}
COMMAND: POST /session/129c046a4c158aab34184c97257eb527/execute/async - {"script":"<script> [1562 bytes]","args":[{"selector":{"id":"application-manageconditionprice-display-component---conditions--smartFilterBar-filterItemControl_BASIC-BILL_TYPES-valueHelpDialog-smartFilterBar-btnBasicSearch","searchOpenDialogs":true,"interaction":{"idSuffix":"I"}},"wdio_ui5_key":"applicationmanageconditionprice-display-component---conditions--smartFilterBar-filterItemControl_BASIC-BILL_TYPES-valueHelpDialog-smartFilterBar-btnBasicSearch"}]}
COMMAND: GET /session/129c046a4c158aab34184c97257eb527/screenshot - {}
RESULT: {"script":"<script> [1562 bytes]","args":[{"selector":{"id":"application-manageconditionprice-display-component---conditions--smartFilterBar-filterItemControl_BASIC-BILL_TYPES-valueHelpDialog-smartFilterBar-btnBasicSearch","searchOpenDialogs":true,"interaction":{"idSuffix":"I"}},"wdio_ui5_key":"applicationmanageconditionprice-display-component---conditions--smartFilterBar-filterItemControl_BASIC-BILL_TYPES-valueHelpDialog-smartFilterBar-btnBasicSearch"}]}
RESULT: undefined
COMMAND: POST /session/129c046a4c158aab34184c97257eb527/execute/async - {"script":"<script> [776 bytes]","args":[{"enterText":"TB","selector":{"id":"application-manageconditionprice-display-component---conditions--smartFilterBar-filterItemControl_BASIC-BILL_TYPES-valueHelpDialog-smartFilterBar-btnBasicSearch","searchOpenDialogs":true,"interaction":{"idSuffix":"I"}},"clearTextFirst":true,"interactionType":"ENTER_TEXT"}]}
RESULT: {}
RESULT: {"script":"<script> [776 bytes]","args":[{"enterText":"TB","selector":{"id":"application-manageconditionprice-display-component---conditions--smartFilterBar-filterItemControl_BASIC-BILL_TYPES-valueHelpDialog-smartFilterBar-btnBasicSearch","searchOpenDialogs":true,"interaction":{"idSuffix":"I"}},"clearTextFirst":true,"interactionType":"ENTER_TEXT"}]}
COMMAND: POST /session/129c046a4c158aab34184c97257eb527/actions - {"actions":[{"id":"action64","type":"key","parameters":{},"actions":[{"type":"keyDown","value":""},{"type":"pause","duration":10},{"type":"keyUp","value":""}]}]}
RESULT: {"actions":[{"id":"action64","type":"key","parameters":{},"actions":[{"type":"keyDown","value":""},{"type":"pause","duration":10},{"type":"keyUp","value":""}]}]}
COMMAND: GET /session/129c046a4c158aab34184c97257eb527/screenshot - {}
RESULT: {}
COMMAND: POST /session/129c046a4c158aab34184c97257eb527/element - {"using":"xpath","value":"//div[contains(@id, 'application-manageconditionprice-display-component---conditions--smartFilterBar-filterItemControl_BASIC-BILL_TYPES-valueHelpDialog-table-rowsel0')]"}
RESULT: {"using":"xpath","value":"//div[contains(@id, 'application-manageconditionprice-display-component---conditions--smartFilterBar-filterItemControl_BASIC-BILL_TYPES-valueHelpDialog-table-rowsel0')]"}
COMMAND: POST /session/129c046a4c158aab34184c97257eb527/element/f.8E45E670A1384E074590F00FAD9F292A.d.21A2C690177D3C771FC1A3F57C951162.e.17921/click - {}
RESULT: {}
COMMAND: GET /session/129c046a4c158aab34184c97257eb527/screenshot - {}
RESULT: {}
COMMAND: POST /session/129c046a4c158aab34184c97257eb527/element - {"using":"xpath","value":"//bdi[contains(text(), \"OK\")]"}
RESULT: {"using":"xpath","value":"//bdi[contains(text(), \"OK\")]"}
COMMAND: POST /session/129c046a4c158aab34184c97257eb527/element/f.8E45E670A1384E074590F00FAD9F292A.d.21A2C690177D3C771FC1A3F57C951162.e.17923/click - {}
RESULT: {}
COMMAND: GET /session/129c046a4c158aab34184c97257eb527/screenshot - {}
RESULT: {}
COMMAND: POST /session/129c046a4c158aab34184c97257eb527/element - {"using":"xpath","value":"//span[@id=\"application-manageconditionprice-display-component---conditions--smartTable-header-inner\"]"}
RESULT: {"using":"xpath","value":"//span[@id=\"application-manageconditionprice-display-component---conditions--smartTable-header-inner\"]"}
COMMAND: POST /session/129c046a4c158aab34184c97257eb527/elements - {"using":"xpath","value":"//span[@id=\"application-manageconditionprice-display-component---conditions--smartTable-header-inner\"]"}
RESULT: {"using":"xpath","value":"//span[@id=\"application-manageconditionprice-display-component---conditions--smartTable-header-inner\"]"}
COMMAND: POST /session/129c046a4c158aab34184c97257eb527/execute/sync - {"script":"<script> [56 bytes]","args":[{"element-6066-11e4-a52e-4f735466cecf":"f.8E45E670A1384E074590F00FAD9F292A.d.21A2C690177D3C771FC1A3F57C951162.e.17926","ELEMENT":"f.8E45E670A1384E074590F00FAD9F292A.d.21A2C690177D3C771FC1A3F57C951162.e.17926"}]}
RESULT: {"script":"<script> [56 bytes]","args":[{"element-6066-11e4-a52e-4f735466cecf":"f.8E45E670A1384E074590F00FAD9F292A.d.21A2C690177D3C771FC1A3F57C951162.e.17926","ELEMENT":"f.8E45E670A1384E074590F00FAD9F292A.d.21A2C690177D3C771FC1A3F57C951162.e.17926"}]}
COMMAND: POST /session/129c046a4c158aab34184c97257eb527/element - {"using":"css selector","value":"#shell-header-logo"}
COMMAND: GET /session/129c046a4c158aab34184c97257eb527/screenshot - {}
RESULT: {"using":"css selector","value":"#shell-header-logo"}
COMMAND: POST /session/129c046a4c158aab34184c97257eb527/element/f.8E45E670A1384E074590F00FAD9F292A.d.21A2C690177D3C771FC1A3F57C951162.e.17556/click - {}
RESULT: {}
RESULT: {}
COMMAND: GET /session/129c046a4c158aab34184c97257eb527/screenshot - {}
RESULT: {}
]]></system-out>
    </testcase>
    <testcase classname="chrome.135_0_7049_96.windows.Create_Reverse_Billing_US127248" name="Should do a stock increase handover" time="84.725">
      <system-out><![CDATA[
COMMAND: POST /session/129c046a4c158aab34184c97257eb527/execute/async - {"script":"<script> [1562 bytes]","args":[{"selector":{"controlType":"sap.m.Text","viewName":"etm.portal.ui.managehandoverstile.view.Master","properties":{"text":"Manage Handovers"},"interaction":{"idSuffix":"inner"}},"wdio_ui5_key":"etmportal.ui.managehandoverstile.view.Mastersap.m.Text{\"text\":\"Manage Handovers\"}"}]}
RESULT: {"script":"<script> [1562 bytes]","args":[{"selector":{"controlType":"sap.m.Text","viewName":"etm.portal.ui.managehandoverstile.view.Master","properties":{"text":"Manage Handovers"},"interaction":{"idSuffix":"inner"}},"wdio_ui5_key":"etmportal.ui.managehandoverstile.view.Mastersap.m.Text{\"text\":\"Manage Handovers\"}"}]}
RESULT: undefined
COMMAND: POST /session/129c046a4c158aab34184c97257eb527/element - {"using":"xpath","value":"//*[@id=\"__tile132-title\"]"}
RESULT: {"using":"xpath","value":"//*[@id=\"__tile132-title\"]"}
COMMAND: POST /session/129c046a4c158aab34184c97257eb527/element/f.8E45E670A1384E074590F00FAD9F292A.d.21A2C690177D3C771FC1A3F57C951162.e.17931/click - {}
RESULT: {}
COMMAND: POST /session/129c046a4c158aab34184c97257eb527/element - {"using":"xpath","value":"//button[@data-kt=\"masterHOAddButton\"]"}
COMMAND: GET /session/129c046a4c158aab34184c97257eb527/screenshot - {}
RESULT: {"using":"xpath","value":"//button[@data-kt=\"masterHOAddButton\"]"}
COMMAND: POST /session/129c046a4c158aab34184c97257eb527/elements - {"using":"xpath","value":"//button[@data-kt=\"masterHOAddButton\"]"}
RESULT: {}
RESULT: {"using":"xpath","value":"//button[@data-kt=\"masterHOAddButton\"]"}
COMMAND: POST /session/129c046a4c158aab34184c97257eb527/elements - {"using":"xpath","value":"//button[@data-kt=\"masterHOAddButton\"]"}
RESULT: {"using":"xpath","value":"//button[@data-kt=\"masterHOAddButton\"]"}
COMMAND: POST /session/129c046a4c158aab34184c97257eb527/elements - {"using":"xpath","value":"//button[@data-kt=\"masterHOAddButton\"]"}
RESULT: {"using":"xpath","value":"//button[@data-kt=\"masterHOAddButton\"]"}
COMMAND: POST /session/129c046a4c158aab34184c97257eb527/elements - {"using":"xpath","value":"//button[@data-kt=\"masterHOAddButton\"]"}
RESULT: {"using":"xpath","value":"//button[@data-kt=\"masterHOAddButton\"]"}
COMMAND: POST /session/129c046a4c158aab34184c97257eb527/elements - {"using":"xpath","value":"//button[@data-kt=\"masterHOAddButton\"]"}
RESULT: {"using":"xpath","value":"//button[@data-kt=\"masterHOAddButton\"]"}
COMMAND: POST /session/129c046a4c158aab34184c97257eb527/elements - {"using":"xpath","value":"//button[@data-kt=\"masterHOAddButton\"]"}
RESULT: {"using":"xpath","value":"//button[@data-kt=\"masterHOAddButton\"]"}
COMMAND: POST /session/129c046a4c158aab34184c97257eb527/elements - {"using":"xpath","value":"//button[@data-kt=\"masterHOAddButton\"]"}
RESULT: {"using":"xpath","value":"//button[@data-kt=\"masterHOAddButton\"]"}
COMMAND: POST /session/129c046a4c158aab34184c97257eb527/elements - {"using":"xpath","value":"//button[@data-kt=\"masterHOAddButton\"]"}
RESULT: {"using":"xpath","value":"//button[@data-kt=\"masterHOAddButton\"]"}
COMMAND: POST /session/129c046a4c158aab34184c97257eb527/elements - {"using":"xpath","value":"//button[@data-kt=\"masterHOAddButton\"]"}
RESULT: {"using":"xpath","value":"//button[@data-kt=\"masterHOAddButton\"]"}
COMMAND: POST /session/129c046a4c158aab34184c97257eb527/elements - {"using":"xpath","value":"//button[@data-kt=\"masterHOAddButton\"]"}
RESULT: {"using":"xpath","value":"//button[@data-kt=\"masterHOAddButton\"]"}
COMMAND: POST /session/129c046a4c158aab34184c97257eb527/elements - {"using":"xpath","value":"//button[@data-kt=\"masterHOAddButton\"]"}
RESULT: {"using":"xpath","value":"//button[@data-kt=\"masterHOAddButton\"]"}
COMMAND: POST /session/129c046a4c158aab34184c97257eb527/elements - {"using":"xpath","value":"//button[@data-kt=\"masterHOAddButton\"]"}
RESULT: {"using":"xpath","value":"//button[@data-kt=\"masterHOAddButton\"]"}
COMMAND: POST /session/129c046a4c158aab34184c97257eb527/element - {"using":"xpath","value":"//button[@data-kt=\"masterHOAddButton\"]"}
RESULT: {"using":"xpath","value":"//button[@data-kt=\"masterHOAddButton\"]"}
COMMAND: POST /session/129c046a4c158aab34184c97257eb527/execute/sync - {"script":"<script> [8489 bytes]","args":[{"element-6066-11e4-a52e-4f735466cecf":"f.8E45E670A1384E074590F00FAD9F292A.d.21A2C690177D3C771FC1A3F57C951162.e.17962","ELEMENT":"f.8E45E670A1384E074590F00FAD9F292A.d.21A2C690177D3C771FC1A3F57C951162.e.17962"}]}
RESULT: {"script":"<script> [8489 bytes]","args":[{"element-6066-11e4-a52e-4f735466cecf":"f.8E45E670A1384E074590F00FAD9F292A.d.21A2C690177D3C771FC1A3F57C951162.e.17962","ELEMENT":"f.8E45E670A1384E074590F00FAD9F292A.d.21A2C690177D3C771FC1A3F57C951162.e.17962"}]}
COMMAND: GET /session/129c046a4c158aab34184c97257eb527/element/f.8E45E670A1384E074590F00FAD9F292A.d.21A2C690177D3C771FC1A3F57C951162.e.17962/enabled - {}
COMMAND: GET /session/129c046a4c158aab34184c97257eb527/screenshot - {}
RESULT: {}
COMMAND: POST /session/129c046a4c158aab34184c97257eb527/execute/sync - {"script":"<script> [8489 bytes]","args":[{"element-6066-11e4-a52e-4f735466cecf":"f.8E45E670A1384E074590F00FAD9F292A.d.21A2C690177D3C771FC1A3F57C951162.e.17962","ELEMENT":"f.8E45E670A1384E074590F00FAD9F292A.d.21A2C690177D3C771FC1A3F57C951162.e.17962"}]}
COMMAND: GET /session/129c046a4c158aab34184c97257eb527/screenshot - {}
RESULT: {}
RESULT: {"script":"<script> [8489 bytes]","args":[{"element-6066-11e4-a52e-4f735466cecf":"f.8E45E670A1384E074590F00FAD9F292A.d.21A2C690177D3C771FC1A3F57C951162.e.17962","ELEMENT":"f.8E45E670A1384E074590F00FAD9F292A.d.21A2C690177D3C771FC1A3F57C951162.e.17962"}]}
COMMAND: POST /session/129c046a4c158aab34184c97257eb527/execute/sync - {"script":"<script> [5351 bytes]","args":[{"element-6066-11e4-a52e-4f735466cecf":"f.8E45E670A1384E074590F00FAD9F292A.d.21A2C690177D3C771FC1A3F57C951162.e.17962","ELEMENT":"f.8E45E670A1384E074590F00FAD9F292A.d.21A2C690177D3C771FC1A3F57C951162.e.17962"}]}
COMMAND: GET /session/129c046a4c158aab34184c97257eb527/screenshot - {}
RESULT: {}
RESULT: {"script":"<script> [5351 bytes]","args":[{"element-6066-11e4-a52e-4f735466cecf":"f.8E45E670A1384E074590F00FAD9F292A.d.21A2C690177D3C771FC1A3F57C951162.e.17962","ELEMENT":"f.8E45E670A1384E074590F00FAD9F292A.d.21A2C690177D3C771FC1A3F57C951162.e.17962"}]}
COMMAND: POST /session/129c046a4c158aab34184c97257eb527/element/f.8E45E670A1384E074590F00FAD9F292A.d.21A2C690177D3C771FC1A3F57C951162.e.17962/click - {}
COMMAND: GET /session/129c046a4c158aab34184c97257eb527/screenshot - {}
RESULT: {}
RESULT: {}
COMMAND: GET /session/129c046a4c158aab34184c97257eb527/screenshot - {}
RESULT: {}
COMMAND: POST /session/129c046a4c158aab34184c97257eb527/element - {"using":"xpath","value":"//span[contains(@id ,\"AddNewHO--typeSelect-arrow\")]"}
RESULT: {}
RESULT: {"using":"xpath","value":"//span[contains(@id ,\"AddNewHO--typeSelect-arrow\")]"}
COMMAND: POST /session/129c046a4c158aab34184c97257eb527/element/f.8E45E670A1384E074590F00FAD9F292A.d.21A2C690177D3C771FC1A3F57C951162.e.18331/click - {}
RESULT: {}
COMMAND: GET /session/129c046a4c158aab34184c97257eb527/screenshot - {}
RESULT: {}
COMMAND: POST /session/129c046a4c158aab34184c97257eb527/element - {"using":"xpath","value":"(//li[contains(text(), \"stock increase yard\")])[1]"}
RESULT: {"using":"xpath","value":"(//li[contains(text(), \"stock increase yard\")])[1]"}
COMMAND: POST /session/129c046a4c158aab34184c97257eb527/element/f.8E45E670A1384E074590F00FAD9F292A.d.21A2C690177D3C771FC1A3F57C951162.e.18332/click - {}
RESULT: {}
COMMAND: GET /session/129c046a4c158aab34184c97257eb527/screenshot - {}
RESULT: {}
COMMAND: POST /session/129c046a4c158aab34184c97257eb527/execute/async - {"script":"<script> [1562 bytes]","args":[{"selector":{"id":"application-managehandovers-display-component---AddNewHO--dueDate","interaction":{"idSuffix":"inner"}},"wdio_ui5_key":"applicationmanagehandovers-display-component---AddNewHO--dueDate"}]}
RESULT: {"script":"<script> [1562 bytes]","args":[{"selector":{"id":"application-managehandovers-display-component---AddNewHO--dueDate","interaction":{"idSuffix":"inner"}},"wdio_ui5_key":"applicationmanagehandovers-display-component---AddNewHO--dueDate"}]}
RESULT: undefined
COMMAND: POST /session/129c046a4c158aab34184c97257eb527/execute/async - {"script":"<script> [6424 bytes]","args":[{"element-6066-11e4-a52e-4f735466cecf":"f.8E45E670A1384E074590F00FAD9F292A.d.21A2C690177D3C771FC1A3F57C951162.e.18334"},"setValue",["04/23/2025"]]}
RESULT: {"script":"<script> [6424 bytes]","args":[{"element-6066-11e4-a52e-4f735466cecf":"f.8E45E670A1384E074590F00FAD9F292A.d.21A2C690177D3C771FC1A3F57C951162.e.18334"},"setValue",["04/23/2025"]]}
COMMAND: POST /session/129c046a4c158aab34184c97257eb527/element - {"using":"xpath","value":"//input[@id=\"generalSectionFrg--receiveYard-inner\"]"}
RESULT: {"using":"xpath","value":"//input[@id=\"generalSectionFrg--receiveYard-inner\"]"}
COMMAND: POST /session/129c046a4c158aab34184c97257eb527/element/f.8E45E670A1384E074590F00FAD9F292A.d.21A2C690177D3C771FC1A3F57C951162.e.18340/clear - {}
RESULT: {}
COMMAND: POST /session/129c046a4c158aab34184c97257eb527/element/f.8E45E670A1384E074590F00FAD9F292A.d.21A2C690177D3C771FC1A3F57C951162.e.18340/value - {"text":"745"}
COMMAND: GET /session/129c046a4c158aab34184c97257eb527/screenshot - {}
RESULT: {"text":"745"}
COMMAND: GET /session/129c046a4c158aab34184c97257eb527/screenshot - {}
RESULT: {}
RESULT: {}
COMMAND: POST /session/129c046a4c158aab34184c97257eb527/element - {"using":"xpath","value":"//li[.//span[text()='745']]"}
RESULT: {"using":"xpath","value":"//li[.//span[text()='745']]"}
COMMAND: POST /session/129c046a4c158aab34184c97257eb527/element/f.8E45E670A1384E074590F00FAD9F292A.d.21A2C690177D3C771FC1A3F57C951162.e.18357/click - {}
RESULT: {}
COMMAND: GET /session/129c046a4c158aab34184c97257eb527/screenshot - {}
RESULT: {}
COMMAND: POST /session/129c046a4c158aab34184c97257eb527/execute/async - {"script":"<script> [1562 bytes]","args":[{"selector":{"id":"application-managehandovers-display-component---AddNewHO--ObjectPageLayout-anchBar-application-managehandovers-display-component---AddNewHO--section4-anchor","interaction":{"idSuffix":"BDI-content"}},"wdio_ui5_key":"applicationmanagehandovers-display-component---AddNewHO--ObjectPageLayout-anchBar-application-managehandovers-display-component---AddNewHO--section4-anchor"}]}
RESULT: {"script":"<script> [1562 bytes]","args":[{"selector":{"id":"application-managehandovers-display-component---AddNewHO--ObjectPageLayout-anchBar-application-managehandovers-display-component---AddNewHO--section4-anchor","interaction":{"idSuffix":"BDI-content"}},"wdio_ui5_key":"applicationmanagehandovers-display-component---AddNewHO--ObjectPageLayout-anchBar-application-managehandovers-display-component---AddNewHO--section4-anchor"}]}
RESULT: undefined
COMMAND: POST /session/129c046a4c158aab34184c97257eb527/element - {"using":"xpath","value":"//*[@id=\"application-managehandovers-display-component---AddNewHO--ObjectPageLayout-anchBar-application-managehandovers-display-component---AddNewHO--section4-anchor\"]"}
RESULT: {"using":"xpath","value":"//*[@id=\"application-managehandovers-display-component---AddNewHO--ObjectPageLayout-anchBar-application-managehandovers-display-component---AddNewHO--section4-anchor\"]"}
COMMAND: POST /session/129c046a4c158aab34184c97257eb527/element/f.8E45E670A1384E074590F00FAD9F292A.d.21A2C690177D3C771FC1A3F57C951162.e.18359/click - {}
RESULT: {}
COMMAND: POST /session/129c046a4c158aab34184c97257eb527/element - {"using":"xpath","value":"//button[@aria-label=\"Add\"]"}
COMMAND: GET /session/129c046a4c158aab34184c97257eb527/screenshot - {}
RESULT: {"using":"xpath","value":"//button[@aria-label=\"Add\"]"}
COMMAND: POST /session/129c046a4c158aab34184c97257eb527/element/f.8E45E670A1384E074590F00FAD9F292A.d.21A2C690177D3C771FC1A3F57C951162.e.18361/click - {}
RESULT: {}
RESULT: {}
COMMAND: GET /session/129c046a4c158aab34184c97257eb527/screenshot - {}
RESULT: {}
COMMAND: POST /session/129c046a4c158aab34184c97257eb527/execute/async - {"script":"<script> [1562 bytes]","args":[{"selector":{"id":"application-managehandovers-display-component---AddNewHO--smartFilterBar-btnBasicSearch","searchOpenDialogs":true,"interaction":{"idSuffix":"I"}},"wdio_ui5_key":"applicationmanagehandovers-display-component---AddNewHO--smartFilterBar-btnBasicSearch"}]}
RESULT: {"script":"<script> [1562 bytes]","args":[{"selector":{"id":"application-managehandovers-display-component---AddNewHO--smartFilterBar-btnBasicSearch","searchOpenDialogs":true,"interaction":{"idSuffix":"I"}},"wdio_ui5_key":"applicationmanagehandovers-display-component---AddNewHO--smartFilterBar-btnBasicSearch"}]}
RESULT: undefined
COMMAND: POST /session/129c046a4c158aab34184c97257eb527/execute/async - {"script":"<script> [776 bytes]","args":[{"enterText":"OoDLQD8aZ3","selector":{"id":"application-managehandovers-display-component---AddNewHO--smartFilterBar-btnBasicSearch","searchOpenDialogs":true,"interaction":{"idSuffix":"I"}},"clearTextFirst":true,"interactionType":"ENTER_TEXT"}]}
RESULT: {"script":"<script> [776 bytes]","args":[{"enterText":"OoDLQD8aZ3","selector":{"id":"application-managehandovers-display-component---AddNewHO--smartFilterBar-btnBasicSearch","searchOpenDialogs":true,"interaction":{"idSuffix":"I"}},"clearTextFirst":true,"interactionType":"ENTER_TEXT"}]}
COMMAND: POST /session/129c046a4c158aab34184c97257eb527/actions - {"actions":[{"id":"action65","type":"key","parameters":{},"actions":[{"type":"keyDown","value":""},{"type":"pause","duration":10},{"type":"keyUp","value":""}]}]}
RESULT: {"actions":[{"id":"action65","type":"key","parameters":{},"actions":[{"type":"keyDown","value":""},{"type":"pause","duration":10},{"type":"keyUp","value":""}]}]}
COMMAND: GET /session/129c046a4c158aab34184c97257eb527/screenshot - {}
RESULT: {}
COMMAND: POST /session/129c046a4c158aab34184c97257eb527/execute/async - {"script":"<script> [1562 bytes]","args":[{"selector":{"id":"application-managehandovers-display-component---AddNewHO--popup-sa","searchOpenDialogs":true,"interaction":{"idSuffix":"CbBg"}},"wdio_ui5_key":"applicationmanagehandovers-display-component---AddNewHO--popup-sa"}]}
RESULT: {"script":"<script> [1562 bytes]","args":[{"selector":{"id":"application-managehandovers-display-component---AddNewHO--popup-sa","searchOpenDialogs":true,"interaction":{"idSuffix":"CbBg"}},"wdio_ui5_key":"applicationmanagehandovers-display-component---AddNewHO--popup-sa"}]}
RESULT: undefined
COMMAND: POST /session/129c046a4c158aab34184c97257eb527/element - {"using":"xpath","value":"//*[@id=\"application-managehandovers-display-component---AddNewHO--popup-sa\"]"}
RESULT: {"using":"xpath","value":"//*[@id=\"application-managehandovers-display-component---AddNewHO--popup-sa\"]"}
COMMAND: POST /session/129c046a4c158aab34184c97257eb527/element/f.8E45E670A1384E074590F00FAD9F292A.d.21A2C690177D3C771FC1A3F57C951162.e.18516/click - {}
RESULT: {}
COMMAND: GET /session/129c046a4c158aab34184c97257eb527/screenshot - {}
RESULT: {}
COMMAND: POST /session/129c046a4c158aab34184c97257eb527/element - {"using":"xpath","value":"//bdi[contains(text(), \"Select\")]"}
RESULT: {"using":"xpath","value":"//bdi[contains(text(), \"Select\")]"}
COMMAND: POST /session/129c046a4c158aab34184c97257eb527/element/f.8E45E670A1384E074590F00FAD9F292A.d.21A2C690177D3C771FC1A3F57C951162.e.18517/click - {}
RESULT: {}
COMMAND: GET /session/129c046a4c158aab34184c97257eb527/screenshot - {}
RESULT: {}
COMMAND: POST /session/129c046a4c158aab34184c97257eb527/element - {"using":"xpath","value":"//button[@data-kt=\"AddNewHOSaveButton\"]"}
RESULT: {"using":"xpath","value":"//button[@data-kt=\"AddNewHOSaveButton\"]"}
COMMAND: POST /session/129c046a4c158aab34184c97257eb527/element/f.8E45E670A1384E074590F00FAD9F292A.d.21A2C690177D3C771FC1A3F57C951162.e.18521/click - {}
RESULT: {}
COMMAND: GET /session/129c046a4c158aab34184c97257eb527/screenshot - {}
RESULT: {}
COMMAND: POST /session/129c046a4c158aab34184c97257eb527/execute/async - {"script":"<script> [1562 bytes]","args":[{"selector":{"id":"receiptDatePicker","viewName":"etm.portal.ui.managehandovers.view.DetailExecuteHO","interaction":{"idSuffix":"inner"}},"wdio_ui5_key":"receiptDatePickeretmportal.ui.managehandovers.view.DetailExecuteHO"}]}
RESULT: {"script":"<script> [1562 bytes]","args":[{"selector":{"id":"receiptDatePicker","viewName":"etm.portal.ui.managehandovers.view.DetailExecuteHO","interaction":{"idSuffix":"inner"}},"wdio_ui5_key":"receiptDatePickeretmportal.ui.managehandovers.view.DetailExecuteHO"}]}
RESULT: undefined
COMMAND: POST /session/129c046a4c158aab34184c97257eb527/execute/async - {"script":"<script> [6424 bytes]","args":[{"element-6066-11e4-a52e-4f735466cecf":"f.8E45E670A1384E074590F00FAD9F292A.d.21A2C690177D3C771FC1A3F57C951162.e.18550"},"setValue",["04/23/2025"]]}
RESULT: {"script":"<script> [6424 bytes]","args":[{"element-6066-11e4-a52e-4f735466cecf":"f.8E45E670A1384E074590F00FAD9F292A.d.21A2C690177D3C771FC1A3F57C951162.e.18550"},"setValue",["04/23/2025"]]}
COMMAND: POST /session/129c046a4c158aab34184c97257eb527/element - {"using":"xpath","value":"//button[@data-kt=\"PickingTableConfirmAllButton\"]"}
RESULT: {"using":"xpath","value":"//button[@data-kt=\"PickingTableConfirmAllButton\"]"}
COMMAND: POST /session/129c046a4c158aab34184c97257eb527/element/f.8E45E670A1384E074590F00FAD9F292A.d.21A2C690177D3C771FC1A3F57C951162.e.18566/click - {}
RESULT: {}
COMMAND: GET /session/129c046a4c158aab34184c97257eb527/screenshot - {}
RESULT: {}
COMMAND: POST /session/129c046a4c158aab34184c97257eb527/element - {"using":"xpath","value":"//bdi[contains(text(), \"OK\")]"}
RESULT: {"using":"xpath","value":"//bdi[contains(text(), \"OK\")]"}
COMMAND: POST /session/129c046a4c158aab34184c97257eb527/element/f.8E45E670A1384E074590F00FAD9F292A.d.21A2C690177D3C771FC1A3F57C951162.e.18568/click - {}
RESULT: {}
COMMAND: GET /session/129c046a4c158aab34184c97257eb527/screenshot - {}
RESULT: {}
COMMAND: POST /session/129c046a4c158aab34184c97257eb527/element - {"using":"xpath","value":"(//bdi[contains(text(), \"Receive\")])[2]"}
RESULT: {"using":"xpath","value":"(//bdi[contains(text(), \"Receive\")])[2]"}
COMMAND: POST /session/129c046a4c158aab34184c97257eb527/element/f.8E45E670A1384E074590F00FAD9F292A.d.21A2C690177D3C771FC1A3F57C951162.e.18570/click - {}
RESULT: {}
COMMAND: GET /session/129c046a4c158aab34184c97257eb527/screenshot - {}
RESULT: {}
COMMAND: POST /session/129c046a4c158aab34184c97257eb527/element - {"using":"css selector","value":"#shell-header-logo"}
RESULT: {"using":"css selector","value":"#shell-header-logo"}
COMMAND: POST /session/129c046a4c158aab34184c97257eb527/element/f.8E45E670A1384E074590F00FAD9F292A.d.21A2C690177D3C771FC1A3F57C951162.e.17933/click - {}
RESULT: {}
COMMAND: GET /session/129c046a4c158aab34184c97257eb527/screenshot - {}
RESULT: {}
]]></system-out>
    </testcase>
    <testcase classname="chrome.135_0_7049_96.windows.Create_Reverse_Billing_US127248" name="Should create a new contract" time="55.086">
      <system-out><![CDATA[
COMMAND: POST /session/129c046a4c158aab34184c97257eb527/execute/async - {"script":"<script> [1562 bytes]","args":[{"selector":{"controlType":"sap.m.Text","viewName":"etm.portal.ui.managecontractstile.view.Master","properties":{"text":"Manage Contracts"},"interaction":{"idSuffix":"inner"}},"wdio_ui5_key":"etmportal.ui.managecontractstile.view.Mastersap.m.Text{\"text\":\"Manage Contracts\"}"}]}
RESULT: {"script":"<script> [1562 bytes]","args":[{"selector":{"controlType":"sap.m.Text","viewName":"etm.portal.ui.managecontractstile.view.Master","properties":{"text":"Manage Contracts"},"interaction":{"idSuffix":"inner"}},"wdio_ui5_key":"etmportal.ui.managecontractstile.view.Mastersap.m.Text{\"text\":\"Manage Contracts\"}"}]}
RESULT: undefined
COMMAND: POST /session/129c046a4c158aab34184c97257eb527/element - {"using":"xpath","value":"//*[@id=\"__tile131-title\"]"}
RESULT: {"using":"xpath","value":"//*[@id=\"__tile131-title\"]"}
COMMAND: POST /session/129c046a4c158aab34184c97257eb527/element/f.8E45E670A1384E074590F00FAD9F292A.d.21A2C690177D3C771FC1A3F57C951162.e.18731/click - {}
RESULT: {}
COMMAND: GET /session/129c046a4c158aab34184c97257eb527/screenshot - {}
COMMAND: POST /session/129c046a4c158aab34184c97257eb527/element - {"using":"xpath","value":"//button[@data-kt=\"addButton\"]"}
RESULT: undefined
RESULT: undefined
RESULT: {}
RESULT: {"using":"xpath","value":"//button[@data-kt=\"addButton\"]"}
COMMAND: POST /session/129c046a4c158aab34184c97257eb527/elements - {"using":"xpath","value":"//button[@data-kt=\"addButton\"]"}
RESULT: {"using":"xpath","value":"//button[@data-kt=\"addButton\"]"}
COMMAND: POST /session/129c046a4c158aab34184c97257eb527/execute/sync - {"script":"<script> [8489 bytes]","args":[{"element-6066-11e4-a52e-4f735466cecf":"f.8E45E670A1384E074590F00FAD9F292A.d.21A2C690177D3C771FC1A3F57C951162.e.18802","ELEMENT":"f.8E45E670A1384E074590F00FAD9F292A.d.21A2C690177D3C771FC1A3F57C951162.e.18802"}]}
RESULT: {"script":"<script> [8489 bytes]","args":[{"element-6066-11e4-a52e-4f735466cecf":"f.8E45E670A1384E074590F00FAD9F292A.d.21A2C690177D3C771FC1A3F57C951162.e.18802","ELEMENT":"f.8E45E670A1384E074590F00FAD9F292A.d.21A2C690177D3C771FC1A3F57C951162.e.18802"}]}
COMMAND: GET /session/129c046a4c158aab34184c97257eb527/element/f.8E45E670A1384E074590F00FAD9F292A.d.21A2C690177D3C771FC1A3F57C951162.e.18802/enabled - {}
COMMAND: GET /session/129c046a4c158aab34184c97257eb527/screenshot - {}
RESULT: {}
COMMAND: POST /session/129c046a4c158aab34184c97257eb527/execute/sync - {"script":"<script> [8489 bytes]","args":[{"element-6066-11e4-a52e-4f735466cecf":"f.8E45E670A1384E074590F00FAD9F292A.d.21A2C690177D3C771FC1A3F57C951162.e.18802","ELEMENT":"f.8E45E670A1384E074590F00FAD9F292A.d.21A2C690177D3C771FC1A3F57C951162.e.18802"}]}
COMMAND: GET /session/129c046a4c158aab34184c97257eb527/screenshot - {}
RESULT: {}
RESULT: {"script":"<script> [8489 bytes]","args":[{"element-6066-11e4-a52e-4f735466cecf":"f.8E45E670A1384E074590F00FAD9F292A.d.21A2C690177D3C771FC1A3F57C951162.e.18802","ELEMENT":"f.8E45E670A1384E074590F00FAD9F292A.d.21A2C690177D3C771FC1A3F57C951162.e.18802"}]}
COMMAND: POST /session/129c046a4c158aab34184c97257eb527/execute/sync - {"script":"<script> [5351 bytes]","args":[{"element-6066-11e4-a52e-4f735466cecf":"f.8E45E670A1384E074590F00FAD9F292A.d.21A2C690177D3C771FC1A3F57C951162.e.18802","ELEMENT":"f.8E45E670A1384E074590F00FAD9F292A.d.21A2C690177D3C771FC1A3F57C951162.e.18802"}]}
COMMAND: GET /session/129c046a4c158aab34184c97257eb527/screenshot - {}
RESULT: {}
RESULT: {"script":"<script> [5351 bytes]","args":[{"element-6066-11e4-a52e-4f735466cecf":"f.8E45E670A1384E074590F00FAD9F292A.d.21A2C690177D3C771FC1A3F57C951162.e.18802","ELEMENT":"f.8E45E670A1384E074590F00FAD9F292A.d.21A2C690177D3C771FC1A3F57C951162.e.18802"}]}
COMMAND: GET /session/129c046a4c158aab34184c97257eb527/screenshot - {}
RESULT: {}
RESULT: {}
COMMAND: POST /session/129c046a4c158aab34184c97257eb527/element/f.8E45E670A1384E074590F00FAD9F292A.d.21A2C690177D3C771FC1A3F57C951162.e.18802/click - {}
RESULT: {}
COMMAND: GET /session/129c046a4c158aab34184c97257eb527/screenshot - {}
RESULT: {}
COMMAND: POST /session/129c046a4c158aab34184c97257eb527/execute/async - {"script":"<script> [1562 bytes]","args":[{"selector":{"id":"application-managecontracts-display-component---AddNewContract--projectDescription","interaction":{"idSuffix":"inner"}},"wdio_ui5_key":"applicationmanagecontracts-display-component---AddNewContract--projectDescription"}]}
RESULT: {"script":"<script> [1562 bytes]","args":[{"selector":{"id":"application-managecontracts-display-component---AddNewContract--projectDescription","interaction":{"idSuffix":"inner"}},"wdio_ui5_key":"applicationmanagecontracts-display-component---AddNewContract--projectDescription"}]}
RESULT: undefined
COMMAND: POST /session/129c046a4c158aab34184c97257eb527/execute/async - {"script":"<script> [776 bytes]","args":[{"enterText":"Contract WDIO","selector":{"id":"application-managecontracts-display-component---AddNewContract--projectDescription","interaction":{"idSuffix":"inner"}},"clearTextFirst":true,"interactionType":"ENTER_TEXT"}]}
RESULT: {"script":"<script> [776 bytes]","args":[{"enterText":"Contract WDIO","selector":{"id":"application-managecontracts-display-component---AddNewContract--projectDescription","interaction":{"idSuffix":"inner"}},"clearTextFirst":true,"interactionType":"ENTER_TEXT"}]}
COMMAND: POST /session/129c046a4c158aab34184c97257eb527/element - {"using":"xpath","value":"//input[@id=\"application-managecontracts-display-component---AddNewContract--site-inner\"]"}
RESULT: {"using":"xpath","value":"//input[@id=\"application-managecontracts-display-component---AddNewContract--site-inner\"]"}
COMMAND: POST /session/129c046a4c158aab34184c97257eb527/element/f.8E45E670A1384E074590F00FAD9F292A.d.21A2C690177D3C771FC1A3F57C951162.e.19130/clear - {}
RESULT: {}
COMMAND: POST /session/129c046a4c158aab34184c97257eb527/element/f.8E45E670A1384E074590F00FAD9F292A.d.21A2C690177D3C771FC1A3F57C951162.e.19130/value - {"text":"2554"}
COMMAND: GET /session/129c046a4c158aab34184c97257eb527/screenshot - {}
RESULT: {"text":"2554"}
COMMAND: GET /session/129c046a4c158aab34184c97257eb527/screenshot - {}
RESULT: {}
RESULT: {}
COMMAND: POST /session/129c046a4c158aab34184c97257eb527/element - {"using":"xpath","value":"//li[.//span[text()='2554']]"}
RESULT: {"using":"xpath","value":"//li[.//span[text()='2554']]"}
COMMAND: POST /session/129c046a4c158aab34184c97257eb527/element/f.8E45E670A1384E074590F00FAD9F292A.d.21A2C690177D3C771FC1A3F57C951162.e.19153/click - {}
RESULT: {}
COMMAND: GET /session/129c046a4c158aab34184c97257eb527/screenshot - {}
RESULT: {}
COMMAND: POST /session/129c046a4c158aab34184c97257eb527/element - {"using":"xpath","value":"//input[@id=\"application-managecontracts-display-component---AddNewContract--yardId-inner\"]"}
RESULT: {"using":"xpath","value":"//input[@id=\"application-managecontracts-display-component---AddNewContract--yardId-inner\"]"}
COMMAND: GET /session/129c046a4c158aab34184c97257eb527/element/f.8E45E670A1384E074590F00FAD9F292A.d.21A2C690177D3C771FC1A3F57C951162.e.19131/property/value - {}
RESULT: {}
COMMAND: POST /session/129c046a4c158aab34184c97257eb527/element - {"using":"xpath","value":"//input[@id=\"application-managecontracts-display-component---AddNewContract--customerSelect-inner\"]"}
COMMAND: GET /session/129c046a4c158aab34184c97257eb527/screenshot - {}
RESULT: {"using":"xpath","value":"//input[@id=\"application-managecontracts-display-component---AddNewContract--customerSelect-inner\"]"}
COMMAND: POST /session/129c046a4c158aab34184c97257eb527/element/f.8E45E670A1384E074590F00FAD9F292A.d.21A2C690177D3C771FC1A3F57C951162.e.19129/clear - {}
RESULT: {}
RESULT: {}
COMMAND: POST /session/129c046a4c158aab34184c97257eb527/element/f.8E45E670A1384E074590F00FAD9F292A.d.21A2C690177D3C771FC1A3F57C951162.e.19129/value - {"text":"1597"}
COMMAND: GET /session/129c046a4c158aab34184c97257eb527/screenshot - {}
RESULT: {"text":"1597"}
COMMAND: GET /session/129c046a4c158aab34184c97257eb527/screenshot - {}
RESULT: {}
RESULT: {}
COMMAND: POST /session/129c046a4c158aab34184c97257eb527/element - {"using":"xpath","value":"//li[.//span[text()='1597']]"}
RESULT: {"using":"xpath","value":"//li[.//span[text()='1597']]"}
COMMAND: POST /session/129c046a4c158aab34184c97257eb527/element/f.8E45E670A1384E074590F00FAD9F292A.d.21A2C690177D3C771FC1A3F57C951162.e.19156/click - {}
RESULT: {}
COMMAND: GET /session/129c046a4c158aab34184c97257eb527/screenshot - {}
RESULT: {}
COMMAND: POST /session/129c046a4c158aab34184c97257eb527/element - {"using":"xpath","value":"//button[@data-kt=\"saveButton\"]"}
RESULT: {"using":"xpath","value":"//button[@data-kt=\"saveButton\"]"}
COMMAND: POST /session/129c046a4c158aab34184c97257eb527/element/f.8E45E670A1384E074590F00FAD9F292A.d.21A2C690177D3C771FC1A3F57C951162.e.19144/click - {}
RESULT: {}
COMMAND: GET /session/129c046a4c158aab34184c97257eb527/screenshot - {}
RESULT: {}
COMMAND: POST /session/129c046a4c158aab34184c97257eb527/element - {"using":"xpath","value":"//span[contains(@id ,\"contractDetailTitleNoExpanded\")]"}
RESULT: {"using":"xpath","value":"//span[contains(@id ,\"contractDetailTitleNoExpanded\")]"}
COMMAND: POST /session/129c046a4c158aab34184c97257eb527/elements - {"using":"xpath","value":"//span[contains(@id ,\"contractDetailTitleNoExpanded\")]"}
RESULT: {"using":"xpath","value":"//span[contains(@id ,\"contractDetailTitleNoExpanded\")]"}
COMMAND: POST /session/129c046a4c158aab34184c97257eb527/execute/sync - {"script":"<script> [56 bytes]","args":[{"element-6066-11e4-a52e-4f735466cecf":"f.8E45E670A1384E074590F00FAD9F292A.d.21A2C690177D3C771FC1A3F57C951162.e.19164","ELEMENT":"f.8E45E670A1384E074590F00FAD9F292A.d.21A2C690177D3C771FC1A3F57C951162.e.19164"}]}
RESULT: {"script":"<script> [56 bytes]","args":[{"element-6066-11e4-a52e-4f735466cecf":"f.8E45E670A1384E074590F00FAD9F292A.d.21A2C690177D3C771FC1A3F57C951162.e.19164","ELEMENT":"f.8E45E670A1384E074590F00FAD9F292A.d.21A2C690177D3C771FC1A3F57C951162.e.19164"}]}
COMMAND: GET /session/129c046a4c158aab34184c97257eb527/screenshot - {}
RESULT: {}
]]></system-out>
    </testcase>
    <testcase classname="chrome.135_0_7049_96.windows.Create_Reverse_Billing_US127248" name="Should add equipment to the contract" time="40.946">
      <system-out><![CDATA[
COMMAND: POST /session/129c046a4c158aab34184c97257eb527/element - {"using":"xpath","value":"//button[@data-kt=\"contractDetailEditBtnButton\"]"}
RESULT: {"using":"xpath","value":"//button[@data-kt=\"contractDetailEditBtnButton\"]"}
COMMAND: POST /session/129c046a4c158aab34184c97257eb527/element/f.8E45E670A1384E074590F00FAD9F292A.d.21A2C690177D3C771FC1A3F57C951162.e.19167/click - {}
RESULT: {}
COMMAND: GET /session/129c046a4c158aab34184c97257eb527/screenshot - {}
RESULT: {}
COMMAND: POST /session/129c046a4c158aab34184c97257eb527/element - {"using":"xpath","value":"(//span[contains(text(), \"Additional Addresses\")])[2]"}
RESULT: {"using":"xpath","value":"(//span[contains(text(), \"Additional Addresses\")])[2]"}
COMMAND: POST /session/129c046a4c158aab34184c97257eb527/element/f.8E45E670A1384E074590F00FAD9F292A.d.21A2C690177D3C771FC1A3F57C951162.e.19223/click - {}
RESULT: {}
COMMAND: GET /session/129c046a4c158aab34184c97257eb527/screenshot - {}
RESULT: {}
COMMAND: POST /session/129c046a4c158aab34184c97257eb527/element - {"using":"xpath","value":"//button[@data-kt=\"btnAddTableRowOverflowToolbarButton\"]"}
RESULT: {"using":"xpath","value":"//button[@data-kt=\"btnAddTableRowOverflowToolbarButton\"]"}
COMMAND: POST /session/129c046a4c158aab34184c97257eb527/element/f.8E45E670A1384E074590F00FAD9F292A.d.21A2C690177D3C771FC1A3F57C951162.e.19225/click - {}
RESULT: {}
COMMAND: GET /session/129c046a4c158aab34184c97257eb527/screenshot - {}
RESULT: {}
COMMAND: POST /session/129c046a4c158aab34184c97257eb527/element - {"using":"xpath","value":"//div[(text() = 'Standard Entry' or . = 'Standard Entry')]"}
RESULT: {"using":"xpath","value":"//div[(text() = 'Standard Entry' or . = 'Standard Entry')]"}
COMMAND: POST /session/129c046a4c158aab34184c97257eb527/element/f.8E45E670A1384E074590F00FAD9F292A.d.21A2C690177D3C771FC1A3F57C951162.e.19227/click - {}
RESULT: {}
COMMAND: GET /session/129c046a4c158aab34184c97257eb527/screenshot - {}
RESULT: {}
COMMAND: POST /session/129c046a4c158aab34184c97257eb527/element - {"using":"xpath","value":"//td[7]/div/div/input"}
RESULT: {"using":"xpath","value":"//td[7]/div/div/input"}
COMMAND: POST /session/129c046a4c158aab34184c97257eb527/element/f.8E45E670A1384E074590F00FAD9F292A.d.21A2C690177D3C771FC1A3F57C951162.e.19236/clear - {}
RESULT: {}
COMMAND: POST /session/129c046a4c158aab34184c97257eb527/element/f.8E45E670A1384E074590F00FAD9F292A.d.21A2C690177D3C771FC1A3F57C951162.e.19236/value - {"text":"OoDLQD8aZ3"}
COMMAND: GET /session/129c046a4c158aab34184c97257eb527/screenshot - {}
RESULT: {"text":"OoDLQD8aZ3"}
COMMAND: GET /session/129c046a4c158aab34184c97257eb527/screenshot - {}
RESULT: {}
RESULT: {}
COMMAND: POST /session/129c046a4c158aab34184c97257eb527/actions - {"actions":[{"id":"action66","type":"key","parameters":{},"actions":[{"type":"keyDown","value":""},{"type":"pause","duration":10},{"type":"keyUp","value":""}]}]}
RESULT: {"actions":[{"id":"action66","type":"key","parameters":{},"actions":[{"type":"keyDown","value":""},{"type":"pause","duration":10},{"type":"keyUp","value":""}]}]}
COMMAND: GET /session/129c046a4c158aab34184c97257eb527/screenshot - {}
RESULT: {}
COMMAND: POST /session/129c046a4c158aab34184c97257eb527/element - {"using":"xpath","value":"(//button[@data-kt=\"saveButton\"])[2]"}
RESULT: {"using":"xpath","value":"(//button[@data-kt=\"saveButton\"])[2]"}
COMMAND: POST /session/129c046a4c158aab34184c97257eb527/element/f.8E45E670A1384E074590F00FAD9F292A.d.21A2C690177D3C771FC1A3F57C951162.e.19251/click - {}
RESULT: {}
COMMAND: GET /session/129c046a4c158aab34184c97257eb527/screenshot - {}
RESULT: {}
COMMAND: POST /session/129c046a4c158aab34184c97257eb527/element - {"using":"xpath","value":"//span[contains(@id ,\"contractItemsSmartTable-header-inner\")]"}
RESULT: {"using":"xpath","value":"//span[contains(@id ,\"contractItemsSmartTable-header-inner\")]"}
COMMAND: POST /session/129c046a4c158aab34184c97257eb527/elements - {"using":"xpath","value":"//span[contains(@id ,\"contractItemsSmartTable-header-inner\")]"}
RESULT: {"using":"xpath","value":"//span[contains(@id ,\"contractItemsSmartTable-header-inner\")]"}
COMMAND: POST /session/129c046a4c158aab34184c97257eb527/execute/sync - {"script":"<script> [56 bytes]","args":[{"element-6066-11e4-a52e-4f735466cecf":"f.8E45E670A1384E074590F00FAD9F292A.d.21A2C690177D3C771FC1A3F57C951162.e.19259","ELEMENT":"f.8E45E670A1384E074590F00FAD9F292A.d.21A2C690177D3C771FC1A3F57C951162.e.19259"}]}
RESULT: {"script":"<script> [56 bytes]","args":[{"element-6066-11e4-a52e-4f735466cecf":"f.8E45E670A1384E074590F00FAD9F292A.d.21A2C690177D3C771FC1A3F57C951162.e.19259","ELEMENT":"f.8E45E670A1384E074590F00FAD9F292A.d.21A2C690177D3C771FC1A3F57C951162.e.19259"}]}
]]></system-out>
    </testcase>
    <testcase classname="chrome.135_0_7049_96.windows.Create_Reverse_Billing_US127248" name="Should do a provide to site handover" time="56.125">
      <system-out><![CDATA[
COMMAND: POST /session/129c046a4c158aab34184c97257eb527/element - {"using":"xpath","value":"//button[@data-kt=\"provideButton\"]"}
COMMAND: GET /session/129c046a4c158aab34184c97257eb527/screenshot - {}
RESULT: {"using":"xpath","value":"//button[@data-kt=\"provideButton\"]"}
COMMAND: POST /session/129c046a4c158aab34184c97257eb527/element/f.8E45E670A1384E074590F00FAD9F292A.d.21A2C690177D3C771FC1A3F57C951162.e.19260/click - {}
RESULT: {}
RESULT: {}
COMMAND: GET /session/129c046a4c158aab34184c97257eb527/screenshot - {}
RESULT: {}
RESULT: undefined
COMMAND: POST /session/129c046a4c158aab34184c97257eb527/execute/async - {"script":"<script> [6424 bytes]","args":[{"element-6066-11e4-a52e-4f735466cecf":"f.8E45E670A1384E074590F00FAD9F292A.d.21A2C690177D3C771FC1A3F57C951162.e.18334"},"setValue",["04/23/2025"]]}
COMMAND: POST /session/129c046a4c158aab34184c97257eb527/execute/async - {"script":"<script> [1562 bytes]","args":[{"selector":{"id":"application-managehandovers-display-component---AddNewHO--dueDate","interaction":{"idSuffix":"inner"}},"wdio_ui5_key":"applicationmanagehandovers-display-component---AddNewHO--dueDate"}]}
RESULT: {"script":"<script> [1562 bytes]","args":[{"selector":{"id":"application-managehandovers-display-component---AddNewHO--dueDate","interaction":{"idSuffix":"inner"}},"wdio_ui5_key":"applicationmanagehandovers-display-component---AddNewHO--dueDate"}]}
COMMAND: POST /session/129c046a4c158aab34184c97257eb527/execute/async - {"script":"<script> [6424 bytes]","args":[{"element-6066-11e4-a52e-4f735466cecf":"f.8E45E670A1384E074590F00FAD9F292A.d.21A2C690177D3C771FC1A3F57C951162.e.19347"},"setValue",["04/23/2025"]]}
RESULT: {"script":"<script> [6424 bytes]","args":[{"element-6066-11e4-a52e-4f735466cecf":"f.8E45E670A1384E074590F00FAD9F292A.d.21A2C690177D3C771FC1A3F57C951162.e.19347"},"setValue",["04/23/2025"]]}
COMMAND: POST /session/129c046a4c158aab34184c97257eb527/element - {"using":"xpath","value":"//bdi[contains(text(), \"Instructions\")]"}
RESULT: {"using":"xpath","value":"//bdi[contains(text(), \"Instructions\")]"}
COMMAND: POST /session/129c046a4c158aab34184c97257eb527/element/f.8E45E670A1384E074590F00FAD9F292A.d.21A2C690177D3C771FC1A3F57C951162.e.19570/click - {}
RESULT: {}
COMMAND: GET /session/129c046a4c158aab34184c97257eb527/screenshot - {}
RESULT: {}
COMMAND: POST /session/129c046a4c158aab34184c97257eb527/element - {"using":"xpath","value":"//button[@data-kt=\"AddNewHOProvideAddItemsButton\"]"}
RESULT: {"using":"xpath","value":"//button[@data-kt=\"AddNewHOProvideAddItemsButton\"]"}
COMMAND: POST /session/129c046a4c158aab34184c97257eb527/element/f.8E45E670A1384E074590F00FAD9F292A.d.21A2C690177D3C771FC1A3F57C951162.e.19574/click - {}
RESULT: {}
COMMAND: GET /session/129c046a4c158aab34184c97257eb527/screenshot - {}
RESULT: {}
RESULT: undefined
COMMAND: POST /session/129c046a4c158aab34184c97257eb527/element - {"using":"xpath","value":"//*[@id=\"application-managehandovers-display-component---AddNewHO--popup-sa\"]"}
RESULT: {"using":"xpath","value":"//*[@id=\"application-managehandovers-display-component---AddNewHO--popup-sa\"]"}
COMMAND: POST /session/129c046a4c158aab34184c97257eb527/element/f.8E45E670A1384E074590F00FAD9F292A.d.21A2C690177D3C771FC1A3F57C951162.e.19583/click - {}
RESULT: {}
COMMAND: GET /session/129c046a4c158aab34184c97257eb527/screenshot - {}
RESULT: {}
COMMAND: POST /session/129c046a4c158aab34184c97257eb527/element - {"using":"xpath","value":"//*[contains(@id ,\"BDI-content\")][contains(text(), \"Select\")]"}
RESULT: {"using":"xpath","value":"//*[contains(@id ,\"BDI-content\")][contains(text(), \"Select\")]"}
COMMAND: POST /session/129c046a4c158aab34184c97257eb527/element/f.8E45E670A1384E074590F00FAD9F292A.d.21A2C690177D3C771FC1A3F57C951162.e.19585/click - {}
RESULT: {}
COMMAND: GET /session/129c046a4c158aab34184c97257eb527/screenshot - {}
RESULT: {}
COMMAND: POST /session/129c046a4c158aab34184c97257eb527/execute/async - {"script":"<script> [1562 bytes]","args":[{"selector":{"id":"application-managehandovers-display-component---AddNewHO--confirmCreationButton","interaction":{"idSuffix":"BDI-content"}},"wdio_ui5_key":"applicationmanagehandovers-display-component---AddNewHO--confirmCreationButton"}]}
RESULT: {"script":"<script> [1562 bytes]","args":[{"selector":{"id":"application-managehandovers-display-component---AddNewHO--confirmCreationButton","interaction":{"idSuffix":"BDI-content"}},"wdio_ui5_key":"applicationmanagehandovers-display-component---AddNewHO--confirmCreationButton"}]}
RESULT: undefined
COMMAND: POST /session/129c046a4c158aab34184c97257eb527/element - {"using":"xpath","value":"//*[@id=\"application-managehandovers-display-component---AddNewHO--confirmCreationButton\"]"}
RESULT: {"using":"xpath","value":"//*[@id=\"application-managehandovers-display-component---AddNewHO--confirmCreationButton\"]"}
COMMAND: POST /session/129c046a4c158aab34184c97257eb527/element/f.8E45E670A1384E074590F00FAD9F292A.d.21A2C690177D3C771FC1A3F57C951162.e.19393/click - {}
RESULT: {}
COMMAND: GET /session/129c046a4c158aab34184c97257eb527/screenshot - {}
RESULT: {}
COMMAND: POST /session/129c046a4c158aab34184c97257eb527/element - {"using":"xpath","value":"//button[@data-kt=\"PickingTableConfirmAllButton\"]"}
RESULT: {"using":"xpath","value":"//button[@data-kt=\"PickingTableConfirmAllButton\"]"}
COMMAND: POST /session/129c046a4c158aab34184c97257eb527/element/f.8E45E670A1384E074590F00FAD9F292A.d.21A2C690177D3C771FC1A3F57C951162.e.19622/click - {}
COMMAND: POST /session/129c046a4c158aab34184c97257eb527/element - {"using":"xpath","value":"//button[@data-kt=\"PickingTableConfirmAllButton\"]"}
RESULT: {"using":"xpath","value":"//button[@data-kt=\"PickingTableConfirmAllButton\"]"}
COMMAND: POST /session/129c046a4c158aab34184c97257eb527/element/f.8E45E670A1384E074590F00FAD9F292A.d.21A2C690177D3C771FC1A3F57C951162.e.19622/click - {}
COMMAND: POST /session/129c046a4c158aab34184c97257eb527/element - {"using":"xpath","value":"//button[@data-kt=\"PickingTableConfirmAllButton\"]"}
RESULT: {"using":"xpath","value":"//button[@data-kt=\"PickingTableConfirmAllButton\"]"}
COMMAND: POST /session/129c046a4c158aab34184c97257eb527/element/f.8E45E670A1384E074590F00FAD9F292A.d.21A2C690177D3C771FC1A3F57C951162.e.19643/click - {}
RESULT: {}
COMMAND: GET /session/129c046a4c158aab34184c97257eb527/screenshot - {}
RESULT: {}
COMMAND: POST /session/129c046a4c158aab34184c97257eb527/element - {"using":"xpath","value":"//bdi[contains(text(), \"OK\")]"}
RESULT: {"using":"xpath","value":"//bdi[contains(text(), \"OK\")]"}
COMMAND: POST /session/129c046a4c158aab34184c97257eb527/element/f.8E45E670A1384E074590F00FAD9F292A.d.21A2C690177D3C771FC1A3F57C951162.e.19647/click - {}
RESULT: {}
COMMAND: GET /session/129c046a4c158aab34184c97257eb527/screenshot - {}
RESULT: {}
COMMAND: POST /session/129c046a4c158aab34184c97257eb527/element - {"using":"xpath","value":"//bdi[contains(text(), \"Issue\")]"}
RESULT: {"using":"xpath","value":"//bdi[contains(text(), \"Issue\")]"}
COMMAND: POST /session/129c046a4c158aab34184c97257eb527/element/f.8E45E670A1384E074590F00FAD9F292A.d.21A2C690177D3C771FC1A3F57C951162.e.19648/click - {}
RESULT: {}
COMMAND: GET /session/129c046a4c158aab34184c97257eb527/screenshot - {}
RESULT: {}
COMMAND: POST /session/129c046a4c158aab34184c97257eb527/element - {"using":"css selector","value":"#shell-header-logo"}
RESULT: {"using":"css selector","value":"#shell-header-logo"}
COMMAND: POST /session/129c046a4c158aab34184c97257eb527/element/f.8E45E670A1384E074590F00FAD9F292A.d.21A2C690177D3C771FC1A3F57C951162.e.18734/click - {}
RESULT: {}
COMMAND: GET /session/129c046a4c158aab34184c97257eb527/screenshot - {}
RESULT: {}
]]></system-out>
    </testcase>
    <testcase classname="chrome.135_0_7049_96.windows.Create_Reverse_Billing_US127248" name="Should go navigate to Manage Billings and trigger contract calculation check result" time="58.498">
      <system-out><![CDATA[
COMMAND: POST /session/129c046a4c158aab34184c97257eb527/execute/async - {"script":"<script> [1562 bytes]","args":[{"selector":{"controlType":"sap.m.GenericTile","properties":{"header":"Manage Billings"}},"wdio_ui5_key":"sapm.GenericTile{\"header\":\"Manage Billings\"}"}]}
RESULT: {"script":"<script> [1562 bytes]","args":[{"selector":{"controlType":"sap.m.GenericTile","properties":{"header":"Manage Billings"}},"wdio_ui5_key":"sapm.GenericTile{\"header\":\"Manage Billings\"}"}]}
RESULT: undefined
COMMAND: POST /session/129c046a4c158aab34184c97257eb527/element - {"using":"xpath","value":"//*[@id=\"__tile51\"]"}
RESULT: {"using":"xpath","value":"//*[@id=\"__tile51\"]"}
COMMAND: POST /session/129c046a4c158aab34184c97257eb527/element/f.8E45E670A1384E074590F00FAD9F292A.d.21A2C690177D3C771FC1A3F57C951162.e.16612/click - {}
RESULT: {}
COMMAND: GET /session/129c046a4c158aab34184c97257eb527/screenshot - {}
COMMAND: POST /session/129c046a4c158aab34184c97257eb527/execute/async - {"script":"<script> [1562 bytes]","args":[{"selector":{"id":"application-managebillings-display-component---billRunCalcResult--smartFilterBar-btnBasicSearch","interaction":{"idSuffix":"I"}},"wdio_ui5_key":"applicationmanagebillings-display-component---billRunCalcResult--smartFilterBar-btnBasicSearch"}]}
RESULT: {}
RESULT: {"script":"<script> [1562 bytes]","args":[{"selector":{"id":"application-managebillings-display-component---billRunCalcResult--smartFilterBar-btnBasicSearch","interaction":{"idSuffix":"I"}},"wdio_ui5_key":"applicationmanagebillings-display-component---billRunCalcResult--smartFilterBar-btnBasicSearch"}]}
RESULT: undefined
COMMAND: POST /session/129c046a4c158aab34184c97257eb527/execute/async - {"script":"<script> [776 bytes]","args":[{"enterText":"10633","selector":{"id":"application-managebillings-display-component---billRunCalcResult--smartFilterBar-btnBasicSearch","interaction":{"idSuffix":"I"}},"clearTextFirst":true,"interactionType":"ENTER_TEXT"}]}
RESULT: {"script":"<script> [776 bytes]","args":[{"enterText":"10633","selector":{"id":"application-managebillings-display-component---billRunCalcResult--smartFilterBar-btnBasicSearch","interaction":{"idSuffix":"I"}},"clearTextFirst":true,"interactionType":"ENTER_TEXT"}]}
COMMAND: POST /session/129c046a4c158aab34184c97257eb527/actions - {"actions":[{"id":"action67","type":"key","parameters":{},"actions":[{"type":"keyDown","value":""},{"type":"pause","duration":10},{"type":"keyUp","value":""}]}]}
RESULT: {"actions":[{"id":"action67","type":"key","parameters":{},"actions":[{"type":"keyDown","value":""},{"type":"pause","duration":10},{"type":"keyUp","value":""}]}]}
COMMAND: GET /session/129c046a4c158aab34184c97257eb527/screenshot - {}
RESULT: {}
COMMAND: POST /session/129c046a4c158aab34184c97257eb527/element - {"using":"xpath","value":"//td[@aria-colindex=\"1\"]/div/div[contains(@class, \"sapMCbBg\")]"}
RESULT: {"using":"xpath","value":"//td[@aria-colindex=\"1\"]/div/div[contains(@class, \"sapMCbBg\")]"}
COMMAND: POST /session/129c046a4c158aab34184c97257eb527/element/f.8E45E670A1384E074590F00FAD9F292A.d.21A2C690177D3C771FC1A3F57C951162.e.20036/click - {}
RESULT: {}
COMMAND: GET /session/129c046a4c158aab34184c97257eb527/screenshot - {}
RESULT: {}
COMMAND: POST /session/129c046a4c158aab34184c97257eb527/execute/async - {"script":"<script> [1562 bytes]","args":[{"selector":{"id":"application-managebillings-display-component---billRunCalcResult--contractBillRunDate","interaction":{"idSuffix":"inner"}},"wdio_ui5_key":"applicationmanagebillings-display-component---billRunCalcResult--contractBillRunDate"}]}
RESULT: {"script":"<script> [1562 bytes]","args":[{"selector":{"id":"application-managebillings-display-component---billRunCalcResult--contractBillRunDate","interaction":{"idSuffix":"inner"}},"wdio_ui5_key":"applicationmanagebillings-display-component---billRunCalcResult--contractBillRunDate"}]}
RESULT: undefined
COMMAND: POST /session/129c046a4c158aab34184c97257eb527/execute/async - {"script":"<script> [776 bytes]","args":[{"enterText":"05/23/25","selector":{"id":"application-managebillings-display-component---billRunCalcResult--contractBillRunDate","interaction":{"idSuffix":"inner"}},"clearTextFirst":true,"interactionType":"ENTER_TEXT"}]}
RESULT: {"script":"<script> [776 bytes]","args":[{"enterText":"05/23/25","selector":{"id":"application-managebillings-display-component---billRunCalcResult--contractBillRunDate","interaction":{"idSuffix":"inner"}},"clearTextFirst":true,"interactionType":"ENTER_TEXT"}]}
COMMAND: POST /session/129c046a4c158aab34184c97257eb527/element - {"using":"xpath","value":"//bdi[contains(text(), \"Trigger Calculation\")]"}
RESULT: {"using":"xpath","value":"//bdi[contains(text(), \"Trigger Calculation\")]"}
COMMAND: POST /session/129c046a4c158aab34184c97257eb527/element/f.8E45E670A1384E074590F00FAD9F292A.d.21A2C690177D3C771FC1A3F57C951162.e.20087/click - {}
RESULT: {}
COMMAND: GET /session/129c046a4c158aab34184c97257eb527/screenshot - {}
RESULT: {}
COMMAND: POST /session/129c046a4c158aab34184c97257eb527/element - {"using":"xpath","value":"(//span[contains(@id, \"imgNav\")])[1]"}
RESULT: {"using":"xpath","value":"(//span[contains(@id, \"imgNav\")])[1]"}
COMMAND: POST /session/129c046a4c158aab34184c97257eb527/element/f.8E45E670A1384E074590F00FAD9F292A.d.21A2C690177D3C771FC1A3F57C951162.e.20037/click - {}
RESULT: {}
COMMAND: GET /session/129c046a4c158aab34184c97257eb527/screenshot - {}
RESULT: {}
COMMAND: POST /session/129c046a4c158aab34184c97257eb527/element - {"using":"xpath","value":"//tr/td[6]/div[1]/span[1]/span[1]"}
RESULT: {"using":"xpath","value":"//tr/td[6]/div[1]/span[1]/span[1]"}
COMMAND: GET /session/129c046a4c158aab34184c97257eb527/element/f.8E45E670A1384E074590F00FAD9F292A.d.21A2C690177D3C771FC1A3F57C951162.e.20093/text - {}
RESULT: {}
COMMAND: POST /session/129c046a4c158aab34184c97257eb527/element - {"using":"xpath","value":"(//span[contains(@id, \"imgNav\")])[2]"}
RESULT: {"using":"xpath","value":"(//span[contains(@id, \"imgNav\")])[2]"}
COMMAND: POST /session/129c046a4c158aab34184c97257eb527/element/f.8E45E670A1384E074590F00FAD9F292A.d.21A2C690177D3C771FC1A3F57C951162.e.20094/click - {}
RESULT: {}
COMMAND: POST /session/129c046a4c158aab34184c97257eb527/element - {"using":"xpath","value":"//bdi[contains(text(), \"Business Confirm\")]"}
COMMAND: GET /session/129c046a4c158aab34184c97257eb527/screenshot - {}
RESULT: {"using":"xpath","value":"//bdi[contains(text(), \"Business Confirm\")]"}
COMMAND: POST /session/129c046a4c158aab34184c97257eb527/elements - {"using":"xpath","value":"//bdi[contains(text(), \"Business Confirm\")]"}
RESULT: {}
RESULT: {"using":"xpath","value":"//bdi[contains(text(), \"Business Confirm\")]"}
COMMAND: POST /session/129c046a4c158aab34184c97257eb527/element - {"using":"xpath","value":"//bdi[contains(text(), \"Business Confirm\")]"}
RESULT: {"using":"xpath","value":"//bdi[contains(text(), \"Business Confirm\")]"}
COMMAND: POST /session/129c046a4c158aab34184c97257eb527/element/f.8E45E670A1384E074590F00FAD9F292A.d.21A2C690177D3C771FC1A3F57C951162.e.20135/click - {}
RESULT: {}
COMMAND: POST /session/129c046a4c158aab34184c97257eb527/element - {"using":"css selector","value":"#shell-header-logo"}
COMMAND: GET /session/129c046a4c158aab34184c97257eb527/screenshot - {}
RESULT: {"using":"css selector","value":"#shell-header-logo"}
COMMAND: POST /session/129c046a4c158aab34184c97257eb527/element/f.8E45E670A1384E074590F00FAD9F292A.d.21A2C690177D3C771FC1A3F57C951162.e.19826/click - {}
RESULT: {}
RESULT: {}
COMMAND: GET /session/129c046a4c158aab34184c97257eb527/screenshot - {}
RESULT: {}
]]></system-out>
    </testcase>
    <testcase classname="chrome.135_0_7049_96.windows.Create_Reverse_Billing_US127248" name="Should go into Billing Transfer and reverse the billing" time="39.29">
      <system-out><![CDATA[
COMMAND: POST /session/129c046a4c158aab34184c97257eb527/execute/async - {"script":"<script> [1562 bytes]","args":[{"selector":{"controlType":"sap.m.GenericTile","properties":{"header":"Billing Transfer"}},"wdio_ui5_key":"sapm.GenericTile{\"header\":\"Billing Transfer\"}"}]}
RESULT: {"script":"<script> [1562 bytes]","args":[{"selector":{"controlType":"sap.m.GenericTile","properties":{"header":"Billing Transfer"}},"wdio_ui5_key":"sapm.GenericTile{\"header\":\"Billing Transfer\"}"}]}
RESULT: undefined
COMMAND: POST /session/129c046a4c158aab34184c97257eb527/element - {"using":"xpath","value":"//*[@id=\"__tile50\"]"}
RESULT: {"using":"xpath","value":"//*[@id=\"__tile50\"]"}
COMMAND: POST /session/129c046a4c158aab34184c97257eb527/element/f.8E45E670A1384E074590F00FAD9F292A.d.21A2C690177D3C771FC1A3F57C951162.e.16610/click - {}
RESULT: {}
COMMAND: POST /session/129c046a4c158aab34184c97257eb527/element - {"using":"xpath","value":"//input[contains(@id ,\"application-billingtransfer-display-component---billingWorkbench--smartFilterBar-btnBasicSearch\")]"}
COMMAND: GET /session/129c046a4c158aab34184c97257eb527/screenshot - {}
RESULT: {"using":"xpath","value":"//input[contains(@id ,\"application-billingtransfer-display-component---billingWorkbench--smartFilterBar-btnBasicSearch\")]"}
COMMAND: POST /session/129c046a4c158aab34184c97257eb527/elements - {"using":"xpath","value":"//input[contains(@id ,\"application-billingtransfer-display-component---billingWorkbench--smartFilterBar-btnBasicSearch\")]"}
RESULT: {}
RESULT: {"using":"xpath","value":"//input[contains(@id ,\"application-billingtransfer-display-component---billingWorkbench--smartFilterBar-btnBasicSearch\")]"}
COMMAND: POST /session/129c046a4c158aab34184c97257eb527/element - {"using":"xpath","value":"//input[contains(@id ,\"application-billingtransfer-display-component---billingWorkbench--smartFilterBar-btnBasicSearch\")]"}
RESULT: {"using":"xpath","value":"//input[contains(@id ,\"application-billingtransfer-display-component---billingWorkbench--smartFilterBar-btnBasicSearch\")]"}
COMMAND: POST /session/129c046a4c158aab34184c97257eb527/execute/sync - {"script":"<script> [8489 bytes]","args":[{"element-6066-11e4-a52e-4f735466cecf":"f.8E45E670A1384E074590F00FAD9F292A.d.21A2C690177D3C771FC1A3F57C951162.e.20163","ELEMENT":"f.8E45E670A1384E074590F00FAD9F292A.d.21A2C690177D3C771FC1A3F57C951162.e.20163"}]}
RESULT: {"script":"<script> [8489 bytes]","args":[{"element-6066-11e4-a52e-4f735466cecf":"f.8E45E670A1384E074590F00FAD9F292A.d.21A2C690177D3C771FC1A3F57C951162.e.20163","ELEMENT":"f.8E45E670A1384E074590F00FAD9F292A.d.21A2C690177D3C771FC1A3F57C951162.e.20163"}]}
COMMAND: GET /session/129c046a4c158aab34184c97257eb527/element/f.8E45E670A1384E074590F00FAD9F292A.d.21A2C690177D3C771FC1A3F57C951162.e.20163/enabled - {}
COMMAND: GET /session/129c046a4c158aab34184c97257eb527/screenshot - {}
RESULT: {}
COMMAND: POST /session/129c046a4c158aab34184c97257eb527/element/f.8E45E670A1384E074590F00FAD9F292A.d.21A2C690177D3C771FC1A3F57C951162.e.20163/click - {}
COMMAND: GET /session/129c046a4c158aab34184c97257eb527/screenshot - {}
RESULT: {}
RESULT: {}
COMMAND: GET /session/129c046a4c158aab34184c97257eb527/screenshot - {}
RESULT: {}
RESULT: {}
COMMAND: POST /session/129c046a4c158aab34184c97257eb527/element/f.8E45E670A1384E074590F00FAD9F292A.d.21A2C690177D3C771FC1A3F57C951162.e.20163/clear - {}
RESULT: {}
COMMAND: POST /session/129c046a4c158aab34184c97257eb527/element/f.8E45E670A1384E074590F00FAD9F292A.d.21A2C690177D3C771FC1A3F57C951162.e.20163/value - {"text":"10633"}
COMMAND: GET /session/129c046a4c158aab34184c97257eb527/screenshot - {}
RESULT: {}
RESULT: {"text":"10633"}
COMMAND: POST /session/129c046a4c158aab34184c97257eb527/actions - {"actions":[{"id":"action68","type":"key","parameters":{},"actions":[{"type":"keyDown","value":""},{"type":"pause","duration":10},{"type":"keyUp","value":""}]}]}
COMMAND: GET /session/129c046a4c158aab34184c97257eb527/screenshot - {}
RESULT: {"actions":[{"id":"action68","type":"key","parameters":{},"actions":[{"type":"keyDown","value":""},{"type":"pause","duration":10},{"type":"keyUp","value":""}]}]}
COMMAND: GET /session/129c046a4c158aab34184c97257eb527/screenshot - {}
RESULT: {}
RESULT: {}
COMMAND: POST /session/129c046a4c158aab34184c97257eb527/element - {"using":"xpath","value":"//span[contains(@id ,\"application-billingtransfer-display-component---billingWorkbench--smartTableBillingRuns-header-inner\")]"}
RESULT: {"using":"xpath","value":"//span[contains(@id ,\"application-billingtransfer-display-component---billingWorkbench--smartTableBillingRuns-header-inner\")]"}
COMMAND: POST /session/129c046a4c158aab34184c97257eb527/elements - {"using":"xpath","value":"//span[contains(@id ,\"application-billingtransfer-display-component---billingWorkbench--smartTableBillingRuns-header-inner\")]"}
RESULT: {"using":"xpath","value":"//span[contains(@id ,\"application-billingtransfer-display-component---billingWorkbench--smartTableBillingRuns-header-inner\")]"}
COMMAND: POST /session/129c046a4c158aab34184c97257eb527/execute/sync - {"script":"<script> [56 bytes]","args":[{"element-6066-11e4-a52e-4f735466cecf":"f.8E45E670A1384E074590F00FAD9F292A.d.21A2C690177D3C771FC1A3F57C951162.e.20307","ELEMENT":"f.8E45E670A1384E074590F00FAD9F292A.d.21A2C690177D3C771FC1A3F57C951162.e.20307"}]}
RESULT: {"script":"<script> [56 bytes]","args":[{"element-6066-11e4-a52e-4f735466cecf":"f.8E45E670A1384E074590F00FAD9F292A.d.21A2C690177D3C771FC1A3F57C951162.e.20307","ELEMENT":"f.8E45E670A1384E074590F00FAD9F292A.d.21A2C690177D3C771FC1A3F57C951162.e.20307"}]}
COMMAND: POST /session/129c046a4c158aab34184c97257eb527/element - {"using":"xpath","value":"//td[@aria-colindex=\"1\"]/div/div[contains(@class, \"sapMCbBg\")]"}
COMMAND: GET /session/129c046a4c158aab34184c97257eb527/screenshot - {}
RESULT: {"using":"xpath","value":"//td[@aria-colindex=\"1\"]/div/div[contains(@class, \"sapMCbBg\")]"}
COMMAND: POST /session/129c046a4c158aab34184c97257eb527/element/f.8E45E670A1384E074590F00FAD9F292A.d.21A2C690177D3C771FC1A3F57C951162.e.20264/click - {}
RESULT: {}
RESULT: {}
COMMAND: GET /session/129c046a4c158aab34184c97257eb527/screenshot - {}
RESULT: {}
COMMAND: POST /session/129c046a4c158aab34184c97257eb527/element - {"using":"xpath","value":"//bdi[contains(text(), \"Reverse\")]"}
RESULT: {"using":"xpath","value":"//bdi[contains(text(), \"Reverse\")]"}
COMMAND: POST /session/129c046a4c158aab34184c97257eb527/element/f.8E45E670A1384E074590F00FAD9F292A.d.21A2C690177D3C771FC1A3F57C951162.e.20308/click - {}
RESULT: {}
COMMAND: GET /session/129c046a4c158aab34184c97257eb527/screenshot - {}
RESULT: {}
COMMAND: POST /session/129c046a4c158aab34184c97257eb527/element - {"using":"xpath","value":"//input[contains(@id ,\"application-billingtransfer-display-component---billingWorkbench--smartFilterBar-btnBasicSearch\")]"}
RESULT: {"using":"xpath","value":"//input[contains(@id ,\"application-billingtransfer-display-component---billingWorkbench--smartFilterBar-btnBasicSearch\")]"}
COMMAND: POST /session/129c046a4c158aab34184c97257eb527/elements - {"using":"xpath","value":"//input[contains(@id ,\"application-billingtransfer-display-component---billingWorkbench--smartFilterBar-btnBasicSearch\")]"}
RESULT: {"using":"xpath","value":"//input[contains(@id ,\"application-billingtransfer-display-component---billingWorkbench--smartFilterBar-btnBasicSearch\")]"}
COMMAND: POST /session/129c046a4c158aab34184c97257eb527/execute/sync - {"script":"<script> [8489 bytes]","args":[{"element-6066-11e4-a52e-4f735466cecf":"f.8E45E670A1384E074590F00FAD9F292A.d.21A2C690177D3C771FC1A3F57C951162.e.20163","ELEMENT":"f.8E45E670A1384E074590F00FAD9F292A.d.21A2C690177D3C771FC1A3F57C951162.e.20163"}]}
RESULT: {"script":"<script> [8489 bytes]","args":[{"element-6066-11e4-a52e-4f735466cecf":"f.8E45E670A1384E074590F00FAD9F292A.d.21A2C690177D3C771FC1A3F57C951162.e.20163","ELEMENT":"f.8E45E670A1384E074590F00FAD9F292A.d.21A2C690177D3C771FC1A3F57C951162.e.20163"}]}
COMMAND: GET /session/129c046a4c158aab34184c97257eb527/element/f.8E45E670A1384E074590F00FAD9F292A.d.21A2C690177D3C771FC1A3F57C951162.e.20163/enabled - {}
COMMAND: GET /session/129c046a4c158aab34184c97257eb527/screenshot - {}
RESULT: {}
COMMAND: POST /session/129c046a4c158aab34184c97257eb527/element/f.8E45E670A1384E074590F00FAD9F292A.d.21A2C690177D3C771FC1A3F57C951162.e.20163/click - {}
COMMAND: GET /session/129c046a4c158aab34184c97257eb527/screenshot - {}
RESULT: {}
RESULT: {}
COMMAND: GET /session/129c046a4c158aab34184c97257eb527/screenshot - {}
RESULT: {}
RESULT: {}
COMMAND: POST /session/129c046a4c158aab34184c97257eb527/element/f.8E45E670A1384E074590F00FAD9F292A.d.21A2C690177D3C771FC1A3F57C951162.e.20163/clear - {}
RESULT: {}
COMMAND: POST /session/129c046a4c158aab34184c97257eb527/element/f.8E45E670A1384E074590F00FAD9F292A.d.21A2C690177D3C771FC1A3F57C951162.e.20163/value - {"text":"10633"}
COMMAND: GET /session/129c046a4c158aab34184c97257eb527/screenshot - {}
RESULT: {"text":"10633"}
COMMAND: POST /session/129c046a4c158aab34184c97257eb527/actions - {"actions":[{"id":"action69","type":"key","parameters":{},"actions":[{"type":"keyDown","value":""},{"type":"pause","duration":10},{"type":"keyUp","value":""}]}]}
COMMAND: GET /session/129c046a4c158aab34184c97257eb527/screenshot - {}
RESULT: {}
RESULT: {"actions":[{"id":"action69","type":"key","parameters":{},"actions":[{"type":"keyDown","value":""},{"type":"pause","duration":10},{"type":"keyUp","value":""}]}]}
COMMAND: GET /session/129c046a4c158aab34184c97257eb527/screenshot - {}
RESULT: {}
RESULT: {}
COMMAND: POST /session/129c046a4c158aab34184c97257eb527/element - {"using":"xpath","value":"//span[contains(@id ,\"application-billingtransfer-display-component---billingWorkbench--smartTableBillingRuns-header-inner\")]"}
RESULT: {"using":"xpath","value":"//span[contains(@id ,\"application-billingtransfer-display-component---billingWorkbench--smartTableBillingRuns-header-inner\")]"}
COMMAND: POST /session/129c046a4c158aab34184c97257eb527/elements - {"using":"xpath","value":"//span[contains(@id ,\"application-billingtransfer-display-component---billingWorkbench--smartTableBillingRuns-header-inner\")]"}
RESULT: {"using":"xpath","value":"//span[contains(@id ,\"application-billingtransfer-display-component---billingWorkbench--smartTableBillingRuns-header-inner\")]"}
COMMAND: POST /session/129c046a4c158aab34184c97257eb527/execute/sync - {"script":"<script> [56 bytes]","args":[{"element-6066-11e4-a52e-4f735466cecf":"f.8E45E670A1384E074590F00FAD9F292A.d.21A2C690177D3C771FC1A3F57C951162.e.20307","ELEMENT":"f.8E45E670A1384E074590F00FAD9F292A.d.21A2C690177D3C771FC1A3F57C951162.e.20307"}]}
RESULT: {"script":"<script> [56 bytes]","args":[{"element-6066-11e4-a52e-4f735466cecf":"f.8E45E670A1384E074590F00FAD9F292A.d.21A2C690177D3C771FC1A3F57C951162.e.20307","ELEMENT":"f.8E45E670A1384E074590F00FAD9F292A.d.21A2C690177D3C771FC1A3F57C951162.e.20307"}]}
COMMAND: POST /session/129c046a4c158aab34184c97257eb527/element - {"using":"css selector","value":"#shell-header-logo"}
COMMAND: GET /session/129c046a4c158aab34184c97257eb527/screenshot - {}
RESULT: {"using":"css selector","value":"#shell-header-logo"}
COMMAND: POST /session/129c046a4c158aab34184c97257eb527/element/f.8E45E670A1384E074590F00FAD9F292A.d.21A2C690177D3C771FC1A3F57C951162.e.20161/click - {}
RESULT: {}
RESULT: {}
COMMAND: GET /session/129c046a4c158aab34184c97257eb527/screenshot - {}
RESULT: {}
COMMAND: DELETE /session/129c046a4c158aab34184c97257eb527 - {}
RESULT: {}
]]></system-out>
    </testcase>
  </testsuite>
</testsuites>