<?xml version="1.0" encoding="UTF-8"?>
<testsuites tests="49" failures="0" errors="0" skipped="0">
  <testsuite timestamp="2025-06-01T15:06:15" time="1836.106" tests="49" failures="0" errors="0" skipped="0">
    <properties>
      <property name="specId" value="0"/>
      <property name="suiteName" value="Sanity Tests US104253"/>
      <property name="capabilities" value="chrome.136_0_7103_93.windows"/>
      <property name="file" value="file:///D:/a/1/s/test/specs/General/sanity.spec.js"/>
    </properties>
    <testcase classname="chrome.136_0_7103_93.windows.Sanity_Tests_US104253" name="Should open Manage Partners page" time="37.045">
      <system-out><![CDATA[
COMMAND: POST /session/95c3c6165dc75285dc529b6f9e26713d/execute/async - {"script":"<script> [1562 bytes]","args":[{"selector":{"controlType":"sap.m.GenericTile","properties":{"header":"Manage Partners"}},"wdio_ui5_key":"sapm.GenericTile{\"header\":\"Manage Partners\"}"}]}
RESULT: {"script":"<script> [1562 bytes]","args":[{"selector":{"controlType":"sap.m.GenericTile","properties":{"header":"Manage Partners"}},"wdio_ui5_key":"sapm.GenericTile{\"header\":\"Manage Partners\"}"}]}
RESULT: undefined
COMMAND: POST /session/95c3c6165dc75285dc529b6f9e26713d/element - {"using":"xpath","value":"//*[@id=\"__tile38\"]"}
RESULT: {"using":"xpath","value":"//*[@id=\"__tile38\"]"}
COMMAND: POST /session/95c3c6165dc75285dc529b6f9e26713d/element/f.635531698F2B1D5C5340D165F45B7D1A.d.341A9FE31C0D00F8D77BA7F2C979DF7F.e.117/click - {}
RESULT: {}
COMMAND: GET /session/95c3c6165dc75285dc529b6f9e26713d/screenshot - {}
RESULT: {}
COMMAND: POST /session/95c3c6165dc75285dc529b6f9e26713d/elements - {"using":"xpath","value":"//span[text()='Error']"}
RESULT: {"using":"xpath","value":"//span[text()='Error']"}
RESULT: undefined
COMMAND: POST /session/95c3c6165dc75285dc529b6f9e26713d/element - {"using":"xpath","value":"//*[@id=\"__tile38\"]"}
RESULT: {"using":"xpath","value":"//*[@id=\"__tile38\"]"}
COMMAND: POST /session/95c3c6165dc75285dc529b6f9e26713d/element/f.635531698F2B1D5C5340D165F45B7D1A.d.341A9FE31C0D00F8D77BA7F2C979DF7F.e.117/click - {}
RESULT: undefined
COMMAND: POST /session/95c3c6165dc75285dc529b6f9e26713d/element - {"using":"xpath","value":"//*[@id=\"__tile38\"]"}
RESULT: {"using":"xpath","value":"//*[@id=\"__tile38\"]"}
COMMAND: POST /session/95c3c6165dc75285dc529b6f9e26713d/element/f.635531698F2B1D5C5340D165F45B7D1A.d.341A9FE31C0D00F8D77BA7F2C979DF7F.e.117/click - {}
COMMAND: POST /session/95c3c6165dc75285dc529b6f9e26713d/execute/async - {"script":"<script> [1562 bytes]","args":[{"selector":{"id":"shellAppTitle"},"wdio_ui5_key":"shellAppTitle"}]}
RESULT: {"script":"<script> [1562 bytes]","args":[{"selector":{"id":"shellAppTitle"},"wdio_ui5_key":"shellAppTitle"}]}
RESULT: undefined
COMMAND: POST /session/95c3c6165dc75285dc529b6f9e26713d/execute/async - {"script":"<script> [6424 bytes]","args":[{"element-6066-11e4-a52e-4f735466cecf":"f.635531698F2B1D5C5340D165F45B7D1A.d.341A9FE31C0D00F8D77BA7F2C979DF7F.e.295"},"getTitle",[]]}
RESULT: {"script":"<script> [6424 bytes]","args":[{"element-6066-11e4-a52e-4f735466cecf":"f.635531698F2B1D5C5340D165F45B7D1A.d.341A9FE31C0D00F8D77BA7F2C979DF7F.e.295"},"getTitle",[]]}
COMMAND: POST /session/95c3c6165dc75285dc529b6f9e26713d/execute/async - {"script":"<script> [1562 bytes]","args":[{"selector":{"id":"backBtn"},"wdio_ui5_key":"backBtn"}]}
RESULT: {"script":"<script> [1562 bytes]","args":[{"selector":{"id":"backBtn"},"wdio_ui5_key":"backBtn"}]}
RESULT: undefined
COMMAND: POST /session/95c3c6165dc75285dc529b6f9e26713d/element - {"using":"xpath","value":"//*[@id=\"backBtn\"]"}
RESULT: {"using":"xpath","value":"//*[@id=\"backBtn\"]"}
COMMAND: POST /session/95c3c6165dc75285dc529b6f9e26713d/element/f.635531698F2B1D5C5340D165F45B7D1A.d.341A9FE31C0D00F8D77BA7F2C979DF7F.e.296/click - {}
RESULT: {}
COMMAND: GET /session/95c3c6165dc75285dc529b6f9e26713d/screenshot - {}
RESULT: {}
]]></system-out>
    </testcase>
    <testcase classname="chrome.136_0_7103_93.windows.Sanity_Tests_US104253" name="Should open Manage Sites page" time="36.111">
      <system-out><![CDATA[
COMMAND: POST /session/95c3c6165dc75285dc529b6f9e26713d/execute/async - {"script":"<script> [1562 bytes]","args":[{"selector":{"controlType":"sap.m.GenericTile","properties":{"header":"Manage Sites"}},"wdio_ui5_key":"sapm.GenericTile{\"header\":\"Manage Sites\"}"}]}
RESULT: {"script":"<script> [1562 bytes]","args":[{"selector":{"controlType":"sap.m.GenericTile","properties":{"header":"Manage Sites"}},"wdio_ui5_key":"sapm.GenericTile{\"header\":\"Manage Sites\"}"}]}
RESULT: undefined
COMMAND: POST /session/95c3c6165dc75285dc529b6f9e26713d/element - {"using":"xpath","value":"//*[@id=\"__tile40\"]"}
RESULT: {"using":"xpath","value":"//*[@id=\"__tile40\"]"}
COMMAND: POST /session/95c3c6165dc75285dc529b6f9e26713d/element/f.635531698F2B1D5C5340D165F45B7D1A.d.341A9FE31C0D00F8D77BA7F2C979DF7F.e.298/click - {}
RESULT: {}
COMMAND: GET /session/95c3c6165dc75285dc529b6f9e26713d/screenshot - {}
RESULT: {}
COMMAND: POST /session/95c3c6165dc75285dc529b6f9e26713d/elements - {"using":"xpath","value":"//span[text()='Error']"}
RESULT: {"using":"xpath","value":"//span[text()='Error']"}
RESULT: undefined
COMMAND: POST /session/95c3c6165dc75285dc529b6f9e26713d/element - {"using":"xpath","value":"//*[@id=\"__tile40\"]"}
RESULT: {"using":"xpath","value":"//*[@id=\"__tile40\"]"}
COMMAND: POST /session/95c3c6165dc75285dc529b6f9e26713d/element/f.635531698F2B1D5C5340D165F45B7D1A.d.341A9FE31C0D00F8D77BA7F2C979DF7F.e.298/click - {}
RESULT: undefined
COMMAND: POST /session/95c3c6165dc75285dc529b6f9e26713d/element - {"using":"xpath","value":"//*[@id=\"__tile40\"]"}
RESULT: {"using":"xpath","value":"//*[@id=\"__tile40\"]"}
COMMAND: POST /session/95c3c6165dc75285dc529b6f9e26713d/element/f.635531698F2B1D5C5340D165F45B7D1A.d.341A9FE31C0D00F8D77BA7F2C979DF7F.e.298/click - {}
RESULT: undefined
COMMAND: POST /session/95c3c6165dc75285dc529b6f9e26713d/execute/async - {"script":"<script> [6424 bytes]","args":[{"element-6066-11e4-a52e-4f735466cecf":"f.635531698F2B1D5C5340D165F45B7D1A.d.341A9FE31C0D00F8D77BA7F2C979DF7F.e.295"},"getTitle",[]]}
COMMAND: POST /session/95c3c6165dc75285dc529b6f9e26713d/execute/async - {"script":"<script> [1562 bytes]","args":[{"selector":{"id":"shellAppTitle"},"wdio_ui5_key":"shellAppTitle"}]}
RESULT: {"script":"<script> [1562 bytes]","args":[{"selector":{"id":"shellAppTitle"},"wdio_ui5_key":"shellAppTitle"}]}
COMMAND: POST /session/95c3c6165dc75285dc529b6f9e26713d/execute/async - {"script":"<script> [6424 bytes]","args":[{"element-6066-11e4-a52e-4f735466cecf":"f.635531698F2B1D5C5340D165F45B7D1A.d.341A9FE31C0D00F8D77BA7F2C979DF7F.e.488"},"getTitle",[]]}
RESULT: {"script":"<script> [6424 bytes]","args":[{"element-6066-11e4-a52e-4f735466cecf":"f.635531698F2B1D5C5340D165F45B7D1A.d.341A9FE31C0D00F8D77BA7F2C979DF7F.e.488"},"getTitle",[]]}
RESULT: undefined
COMMAND: POST /session/95c3c6165dc75285dc529b6f9e26713d/element/f.635531698F2B1D5C5340D165F45B7D1A.d.341A9FE31C0D00F8D77BA7F2C979DF7F.e.296/click - {}
RESULT: {}
COMMAND: GET /session/95c3c6165dc75285dc529b6f9e26713d/screenshot - {}
RESULT: {}
]]></system-out>
    </testcase>
    <testcase classname="chrome.136_0_7103_93.windows.Sanity_Tests_US104253" name="Should open Manage Resources page" time="35.884">
      <system-out><![CDATA[
COMMAND: POST /session/95c3c6165dc75285dc529b6f9e26713d/execute/async - {"script":"<script> [1562 bytes]","args":[{"selector":{"controlType":"sap.m.GenericTile","properties":{"header":"Manage Resources"}},"wdio_ui5_key":"sapm.GenericTile{\"header\":\"Manage Resources\"}"}]}
RESULT: {"script":"<script> [1562 bytes]","args":[{"selector":{"controlType":"sap.m.GenericTile","properties":{"header":"Manage Resources"}},"wdio_ui5_key":"sapm.GenericTile{\"header\":\"Manage Resources\"}"}]}
RESULT: undefined
COMMAND: POST /session/95c3c6165dc75285dc529b6f9e26713d/element - {"using":"xpath","value":"//*[@id=\"__tile39\"]"}
RESULT: {"using":"xpath","value":"//*[@id=\"__tile39\"]"}
COMMAND: POST /session/95c3c6165dc75285dc529b6f9e26713d/element/f.635531698F2B1D5C5340D165F45B7D1A.d.341A9FE31C0D00F8D77BA7F2C979DF7F.e.490/click - {}
RESULT: {}
COMMAND: GET /session/95c3c6165dc75285dc529b6f9e26713d/screenshot - {}
RESULT: {}
COMMAND: POST /session/95c3c6165dc75285dc529b6f9e26713d/elements - {"using":"xpath","value":"//span[text()='Error']"}
RESULT: {"using":"xpath","value":"//span[text()='Error']"}
RESULT: undefined
COMMAND: POST /session/95c3c6165dc75285dc529b6f9e26713d/element - {"using":"xpath","value":"//*[@id=\"__tile39\"]"}
RESULT: {"using":"xpath","value":"//*[@id=\"__tile39\"]"}
COMMAND: POST /session/95c3c6165dc75285dc529b6f9e26713d/element/f.635531698F2B1D5C5340D165F45B7D1A.d.341A9FE31C0D00F8D77BA7F2C979DF7F.e.490/click - {}
RESULT: undefined
COMMAND: POST /session/95c3c6165dc75285dc529b6f9e26713d/element - {"using":"xpath","value":"//*[@id=\"__tile39\"]"}
RESULT: {"using":"xpath","value":"//*[@id=\"__tile39\"]"}
COMMAND: POST /session/95c3c6165dc75285dc529b6f9e26713d/element/f.635531698F2B1D5C5340D165F45B7D1A.d.341A9FE31C0D00F8D77BA7F2C979DF7F.e.490/click - {}
RESULT: undefined
COMMAND: POST /session/95c3c6165dc75285dc529b6f9e26713d/execute/async - {"script":"<script> [6424 bytes]","args":[{"element-6066-11e4-a52e-4f735466cecf":"f.635531698F2B1D5C5340D165F45B7D1A.d.341A9FE31C0D00F8D77BA7F2C979DF7F.e.295"},"getTitle",[]]}
COMMAND: POST /session/95c3c6165dc75285dc529b6f9e26713d/execute/async - {"script":"<script> [1562 bytes]","args":[{"selector":{"id":"shellAppTitle"},"wdio_ui5_key":"shellAppTitle"}]}
RESULT: {"script":"<script> [1562 bytes]","args":[{"selector":{"id":"shellAppTitle"},"wdio_ui5_key":"shellAppTitle"}]}
COMMAND: POST /session/95c3c6165dc75285dc529b6f9e26713d/execute/async - {"script":"<script> [6424 bytes]","args":[{"element-6066-11e4-a52e-4f735466cecf":"f.635531698F2B1D5C5340D165F45B7D1A.d.341A9FE31C0D00F8D77BA7F2C979DF7F.e.662"},"getTitle",[]]}
RESULT: {"script":"<script> [6424 bytes]","args":[{"element-6066-11e4-a52e-4f735466cecf":"f.635531698F2B1D5C5340D165F45B7D1A.d.341A9FE31C0D00F8D77BA7F2C979DF7F.e.662"},"getTitle",[]]}
RESULT: undefined
COMMAND: POST /session/95c3c6165dc75285dc529b6f9e26713d/element/f.635531698F2B1D5C5340D165F45B7D1A.d.341A9FE31C0D00F8D77BA7F2C979DF7F.e.296/click - {}
COMMAND: POST /session/95c3c6165dc75285dc529b6f9e26713d/element - {"using":"xpath","value":"//*[@id=\"backBtn\"]"}
RESULT: {"using":"xpath","value":"//*[@id=\"backBtn\"]"}
COMMAND: POST /session/95c3c6165dc75285dc529b6f9e26713d/element/f.635531698F2B1D5C5340D165F45B7D1A.d.341A9FE31C0D00F8D77BA7F2C979DF7F.e.296/click - {}
COMMAND: POST /session/95c3c6165dc75285dc529b6f9e26713d/element - {"using":"xpath","value":"//*[@id=\"backBtn\"]"}
RESULT: {"using":"xpath","value":"//*[@id=\"backBtn\"]"}
COMMAND: POST /session/95c3c6165dc75285dc529b6f9e26713d/element/f.635531698F2B1D5C5340D165F45B7D1A.d.341A9FE31C0D00F8D77BA7F2C979DF7F.e.663/click - {}
RESULT: {}
COMMAND: GET /session/95c3c6165dc75285dc529b6f9e26713d/screenshot - {}
RESULT: {}
]]></system-out>
    </testcase>
    <testcase classname="chrome.136_0_7103_93.windows.Sanity_Tests_US104253" name="Should open Manage Catalogs page" time="35.913">
      <system-out><![CDATA[
COMMAND: POST /session/95c3c6165dc75285dc529b6f9e26713d/execute/async - {"script":"<script> [1562 bytes]","args":[{"selector":{"controlType":"sap.m.GenericTile","properties":{"header":"Manage Catalogs"}},"wdio_ui5_key":"sapm.GenericTile{\"header\":\"Manage Catalogs\"}"}]}
RESULT: {"script":"<script> [1562 bytes]","args":[{"selector":{"controlType":"sap.m.GenericTile","properties":{"header":"Manage Catalogs"}},"wdio_ui5_key":"sapm.GenericTile{\"header\":\"Manage Catalogs\"}"}]}
RESULT: undefined
COMMAND: POST /session/95c3c6165dc75285dc529b6f9e26713d/element - {"using":"xpath","value":"//*[@id=\"__tile37\"]"}
RESULT: {"using":"xpath","value":"//*[@id=\"__tile37\"]"}
COMMAND: POST /session/95c3c6165dc75285dc529b6f9e26713d/element/f.635531698F2B1D5C5340D165F45B7D1A.d.341A9FE31C0D00F8D77BA7F2C979DF7F.e.665/click - {}
RESULT: {}
COMMAND: GET /session/95c3c6165dc75285dc529b6f9e26713d/screenshot - {}
RESULT: {}
COMMAND: POST /session/95c3c6165dc75285dc529b6f9e26713d/elements - {"using":"xpath","value":"//span[text()='Error']"}
RESULT: {"using":"xpath","value":"//span[text()='Error']"}
RESULT: undefined
COMMAND: POST /session/95c3c6165dc75285dc529b6f9e26713d/element - {"using":"xpath","value":"//*[@id=\"__tile37\"]"}
RESULT: {"using":"xpath","value":"//*[@id=\"__tile37\"]"}
COMMAND: POST /session/95c3c6165dc75285dc529b6f9e26713d/element/f.635531698F2B1D5C5340D165F45B7D1A.d.341A9FE31C0D00F8D77BA7F2C979DF7F.e.665/click - {}
RESULT: undefined
COMMAND: POST /session/95c3c6165dc75285dc529b6f9e26713d/element - {"using":"xpath","value":"//*[@id=\"__tile37\"]"}
RESULT: {"using":"xpath","value":"//*[@id=\"__tile37\"]"}
COMMAND: POST /session/95c3c6165dc75285dc529b6f9e26713d/element/f.635531698F2B1D5C5340D165F45B7D1A.d.341A9FE31C0D00F8D77BA7F2C979DF7F.e.665/click - {}
RESULT: undefined
COMMAND: POST /session/95c3c6165dc75285dc529b6f9e26713d/execute/async - {"script":"<script> [6424 bytes]","args":[{"element-6066-11e4-a52e-4f735466cecf":"f.635531698F2B1D5C5340D165F45B7D1A.d.341A9FE31C0D00F8D77BA7F2C979DF7F.e.295"},"getTitle",[]]}
COMMAND: POST /session/95c3c6165dc75285dc529b6f9e26713d/execute/async - {"script":"<script> [1562 bytes]","args":[{"selector":{"id":"shellAppTitle"},"wdio_ui5_key":"shellAppTitle"}]}
RESULT: {"script":"<script> [1562 bytes]","args":[{"selector":{"id":"shellAppTitle"},"wdio_ui5_key":"shellAppTitle"}]}
COMMAND: POST /session/95c3c6165dc75285dc529b6f9e26713d/execute/async - {"script":"<script> [6424 bytes]","args":[{"element-6066-11e4-a52e-4f735466cecf":"f.635531698F2B1D5C5340D165F45B7D1A.d.341A9FE31C0D00F8D77BA7F2C979DF7F.e.735"},"getTitle",[]]}
RESULT: {"script":"<script> [6424 bytes]","args":[{"element-6066-11e4-a52e-4f735466cecf":"f.635531698F2B1D5C5340D165F45B7D1A.d.341A9FE31C0D00F8D77BA7F2C979DF7F.e.735"},"getTitle",[]]}
RESULT: undefined
COMMAND: POST /session/95c3c6165dc75285dc529b6f9e26713d/element/f.635531698F2B1D5C5340D165F45B7D1A.d.341A9FE31C0D00F8D77BA7F2C979DF7F.e.663/click - {}
RESULT: {}
COMMAND: GET /session/95c3c6165dc75285dc529b6f9e26713d/screenshot - {}
RESULT: {}
]]></system-out>
    </testcase>
    <testcase classname="chrome.136_0_7103_93.windows.Sanity_Tests_US104253" name="Should open Manage Calendars page" time="35.93">
      <system-out><![CDATA[
COMMAND: POST /session/95c3c6165dc75285dc529b6f9e26713d/execute/async - {"script":"<script> [1562 bytes]","args":[{"selector":{"controlType":"sap.m.GenericTile","properties":{"header":"Manage Calendars"}},"wdio_ui5_key":"sapm.GenericTile{\"header\":\"Manage Calendars\"}"}]}
RESULT: {"script":"<script> [1562 bytes]","args":[{"selector":{"controlType":"sap.m.GenericTile","properties":{"header":"Manage Calendars"}},"wdio_ui5_key":"sapm.GenericTile{\"header\":\"Manage Calendars\"}"}]}
RESULT: undefined
COMMAND: POST /session/95c3c6165dc75285dc529b6f9e26713d/element - {"using":"xpath","value":"//*[@id=\"__tile36\"]"}
RESULT: {"using":"xpath","value":"//*[@id=\"__tile36\"]"}
COMMAND: POST /session/95c3c6165dc75285dc529b6f9e26713d/element/f.635531698F2B1D5C5340D165F45B7D1A.d.341A9FE31C0D00F8D77BA7F2C979DF7F.e.738/click - {}
RESULT: {}
COMMAND: GET /session/95c3c6165dc75285dc529b6f9e26713d/screenshot - {}
RESULT: {}
COMMAND: POST /session/95c3c6165dc75285dc529b6f9e26713d/elements - {"using":"xpath","value":"//span[text()='Error']"}
RESULT: {"using":"xpath","value":"//span[text()='Error']"}
RESULT: undefined
COMMAND: POST /session/95c3c6165dc75285dc529b6f9e26713d/element - {"using":"xpath","value":"//*[@id=\"__tile36\"]"}
RESULT: {"using":"xpath","value":"//*[@id=\"__tile36\"]"}
COMMAND: POST /session/95c3c6165dc75285dc529b6f9e26713d/element/f.635531698F2B1D5C5340D165F45B7D1A.d.341A9FE31C0D00F8D77BA7F2C979DF7F.e.738/click - {}
RESULT: undefined
COMMAND: POST /session/95c3c6165dc75285dc529b6f9e26713d/element - {"using":"xpath","value":"//*[@id=\"__tile36\"]"}
RESULT: {"using":"xpath","value":"//*[@id=\"__tile36\"]"}
COMMAND: POST /session/95c3c6165dc75285dc529b6f9e26713d/element/f.635531698F2B1D5C5340D165F45B7D1A.d.341A9FE31C0D00F8D77BA7F2C979DF7F.e.738/click - {}
RESULT: undefined
COMMAND: POST /session/95c3c6165dc75285dc529b6f9e26713d/execute/async - {"script":"<script> [6424 bytes]","args":[{"element-6066-11e4-a52e-4f735466cecf":"f.635531698F2B1D5C5340D165F45B7D1A.d.341A9FE31C0D00F8D77BA7F2C979DF7F.e.295"},"getTitle",[]]}
COMMAND: POST /session/95c3c6165dc75285dc529b6f9e26713d/execute/async - {"script":"<script> [1562 bytes]","args":[{"selector":{"id":"shellAppTitle"},"wdio_ui5_key":"shellAppTitle"}]}
RESULT: {"script":"<script> [1562 bytes]","args":[{"selector":{"id":"shellAppTitle"},"wdio_ui5_key":"shellAppTitle"}]}
COMMAND: POST /session/95c3c6165dc75285dc529b6f9e26713d/execute/async - {"script":"<script> [6424 bytes]","args":[{"element-6066-11e4-a52e-4f735466cecf":"f.635531698F2B1D5C5340D165F45B7D1A.d.341A9FE31C0D00F8D77BA7F2C979DF7F.e.816"},"getTitle",[]]}
RESULT: {"script":"<script> [6424 bytes]","args":[{"element-6066-11e4-a52e-4f735466cecf":"f.635531698F2B1D5C5340D165F45B7D1A.d.341A9FE31C0D00F8D77BA7F2C979DF7F.e.816"},"getTitle",[]]}
RESULT: undefined
COMMAND: POST /session/95c3c6165dc75285dc529b6f9e26713d/element/f.635531698F2B1D5C5340D165F45B7D1A.d.341A9FE31C0D00F8D77BA7F2C979DF7F.e.663/click - {}
COMMAND: POST /session/95c3c6165dc75285dc529b6f9e26713d/element - {"using":"xpath","value":"//*[@id=\"backBtn\"]"}
RESULT: {"using":"xpath","value":"//*[@id=\"backBtn\"]"}
COMMAND: POST /session/95c3c6165dc75285dc529b6f9e26713d/element/f.635531698F2B1D5C5340D165F45B7D1A.d.341A9FE31C0D00F8D77BA7F2C979DF7F.e.663/click - {}
COMMAND: POST /session/95c3c6165dc75285dc529b6f9e26713d/element - {"using":"xpath","value":"//*[@id=\"backBtn\"]"}
RESULT: {"using":"xpath","value":"//*[@id=\"backBtn\"]"}
COMMAND: POST /session/95c3c6165dc75285dc529b6f9e26713d/element/f.635531698F2B1D5C5340D165F45B7D1A.d.341A9FE31C0D00F8D77BA7F2C979DF7F.e.817/click - {}
RESULT: {}
COMMAND: GET /session/95c3c6165dc75285dc529b6f9e26713d/screenshot - {}
RESULT: {}
]]></system-out>
    </testcase>
    <testcase classname="chrome.136_0_7103_93.windows.Sanity_Tests_US104253" name="Should open Address Management page" time="36.7">
      <system-out><![CDATA[
COMMAND: POST /session/95c3c6165dc75285dc529b6f9e26713d/execute/async - {"script":"<script> [1562 bytes]","args":[{"selector":{"controlType":"sap.m.GenericTile","properties":{"header":"Address Management"}},"wdio_ui5_key":"sapm.GenericTile{\"header\":\"Address Management\"}"}]}
RESULT: {"script":"<script> [1562 bytes]","args":[{"selector":{"controlType":"sap.m.GenericTile","properties":{"header":"Address Management"}},"wdio_ui5_key":"sapm.GenericTile{\"header\":\"Address Management\"}"}]}
RESULT: undefined
COMMAND: POST /session/95c3c6165dc75285dc529b6f9e26713d/element - {"using":"xpath","value":"//*[@id=\"__tile33\"]"}
RESULT: {"using":"xpath","value":"//*[@id=\"__tile33\"]"}
COMMAND: POST /session/95c3c6165dc75285dc529b6f9e26713d/element/f.635531698F2B1D5C5340D165F45B7D1A.d.341A9FE31C0D00F8D77BA7F2C979DF7F.e.819/click - {}
RESULT: {}
COMMAND: GET /session/95c3c6165dc75285dc529b6f9e26713d/screenshot - {}
RESULT: {}
COMMAND: POST /session/95c3c6165dc75285dc529b6f9e26713d/elements - {"using":"xpath","value":"//span[text()='Error']"}
RESULT: {"using":"xpath","value":"//span[text()='Error']"}
RESULT: undefined
COMMAND: POST /session/95c3c6165dc75285dc529b6f9e26713d/element - {"using":"xpath","value":"//*[@id=\"__tile33\"]"}
RESULT: {"using":"xpath","value":"//*[@id=\"__tile33\"]"}
COMMAND: POST /session/95c3c6165dc75285dc529b6f9e26713d/element/f.635531698F2B1D5C5340D165F45B7D1A.d.341A9FE31C0D00F8D77BA7F2C979DF7F.e.819/click - {}
RESULT: undefined
COMMAND: POST /session/95c3c6165dc75285dc529b6f9e26713d/element - {"using":"xpath","value":"//*[@id=\"__tile33\"]"}
RESULT: {"using":"xpath","value":"//*[@id=\"__tile33\"]"}
COMMAND: POST /session/95c3c6165dc75285dc529b6f9e26713d/element/f.635531698F2B1D5C5340D165F45B7D1A.d.341A9FE31C0D00F8D77BA7F2C979DF7F.e.819/click - {}
RESULT: undefined
COMMAND: POST /session/95c3c6165dc75285dc529b6f9e26713d/execute/async - {"script":"<script> [6424 bytes]","args":[{"element-6066-11e4-a52e-4f735466cecf":"f.635531698F2B1D5C5340D165F45B7D1A.d.341A9FE31C0D00F8D77BA7F2C979DF7F.e.295"},"getTitle",[]]}
COMMAND: POST /session/95c3c6165dc75285dc529b6f9e26713d/execute/async - {"script":"<script> [1562 bytes]","args":[{"selector":{"id":"shellAppTitle"},"wdio_ui5_key":"shellAppTitle"}]}
RESULT: {"script":"<script> [1562 bytes]","args":[{"selector":{"id":"shellAppTitle"},"wdio_ui5_key":"shellAppTitle"}]}
COMMAND: POST /session/95c3c6165dc75285dc529b6f9e26713d/execute/async - {"script":"<script> [6424 bytes]","args":[{"element-6066-11e4-a52e-4f735466cecf":"f.635531698F2B1D5C5340D165F45B7D1A.d.341A9FE31C0D00F8D77BA7F2C979DF7F.e.1011"},"getTitle",[]]}
RESULT: {"script":"<script> [6424 bytes]","args":[{"element-6066-11e4-a52e-4f735466cecf":"f.635531698F2B1D5C5340D165F45B7D1A.d.341A9FE31C0D00F8D77BA7F2C979DF7F.e.1011"},"getTitle",[]]}
RESULT: undefined
COMMAND: POST /session/95c3c6165dc75285dc529b6f9e26713d/element/f.635531698F2B1D5C5340D165F45B7D1A.d.341A9FE31C0D00F8D77BA7F2C979DF7F.e.817/click - {}
RESULT: {}
COMMAND: GET /session/95c3c6165dc75285dc529b6f9e26713d/screenshot - {}
RESULT: {}
]]></system-out>
    </testcase>
    <testcase classname="chrome.136_0_7103_93.windows.Sanity_Tests_US104253" name="Should open Bill Of Resources page" time="36.226">
      <system-out><![CDATA[
COMMAND: POST /session/95c3c6165dc75285dc529b6f9e26713d/execute/async - {"script":"<script> [1562 bytes]","args":[{"selector":{"controlType":"sap.m.GenericTile","properties":{"header":"Bill Of Resources"}},"wdio_ui5_key":"sapm.GenericTile{\"header\":\"Bill Of Resources\"}"}]}
RESULT: {"script":"<script> [1562 bytes]","args":[{"selector":{"controlType":"sap.m.GenericTile","properties":{"header":"Bill Of Resources"}},"wdio_ui5_key":"sapm.GenericTile{\"header\":\"Bill Of Resources\"}"}]}
RESULT: undefined
COMMAND: POST /session/95c3c6165dc75285dc529b6f9e26713d/element - {"using":"xpath","value":"//*[@id=\"__tile34\"]"}
RESULT: {"using":"xpath","value":"//*[@id=\"__tile34\"]"}
COMMAND: POST /session/95c3c6165dc75285dc529b6f9e26713d/element/f.635531698F2B1D5C5340D165F45B7D1A.d.341A9FE31C0D00F8D77BA7F2C979DF7F.e.1013/click - {}
RESULT: {}
COMMAND: GET /session/95c3c6165dc75285dc529b6f9e26713d/screenshot - {}
RESULT: {}
COMMAND: POST /session/95c3c6165dc75285dc529b6f9e26713d/elements - {"using":"xpath","value":"//span[text()='Error']"}
RESULT: {"using":"xpath","value":"//span[text()='Error']"}
RESULT: undefined
COMMAND: POST /session/95c3c6165dc75285dc529b6f9e26713d/element - {"using":"xpath","value":"//*[@id=\"__tile34\"]"}
RESULT: {"using":"xpath","value":"//*[@id=\"__tile34\"]"}
COMMAND: POST /session/95c3c6165dc75285dc529b6f9e26713d/element/f.635531698F2B1D5C5340D165F45B7D1A.d.341A9FE31C0D00F8D77BA7F2C979DF7F.e.1013/click - {}
RESULT: undefined
COMMAND: POST /session/95c3c6165dc75285dc529b6f9e26713d/element - {"using":"xpath","value":"//*[@id=\"__tile34\"]"}
RESULT: {"using":"xpath","value":"//*[@id=\"__tile34\"]"}
COMMAND: POST /session/95c3c6165dc75285dc529b6f9e26713d/element/f.635531698F2B1D5C5340D165F45B7D1A.d.341A9FE31C0D00F8D77BA7F2C979DF7F.e.1013/click - {}
RESULT: undefined
COMMAND: POST /session/95c3c6165dc75285dc529b6f9e26713d/execute/async - {"script":"<script> [6424 bytes]","args":[{"element-6066-11e4-a52e-4f735466cecf":"f.635531698F2B1D5C5340D165F45B7D1A.d.341A9FE31C0D00F8D77BA7F2C979DF7F.e.295"},"getTitle",[]]}
COMMAND: POST /session/95c3c6165dc75285dc529b6f9e26713d/execute/async - {"script":"<script> [1562 bytes]","args":[{"selector":{"id":"shellAppTitle"},"wdio_ui5_key":"shellAppTitle"}]}
RESULT: {"script":"<script> [1562 bytes]","args":[{"selector":{"id":"shellAppTitle"},"wdio_ui5_key":"shellAppTitle"}]}
COMMAND: POST /session/95c3c6165dc75285dc529b6f9e26713d/execute/async - {"script":"<script> [6424 bytes]","args":[{"element-6066-11e4-a52e-4f735466cecf":"f.635531698F2B1D5C5340D165F45B7D1A.d.341A9FE31C0D00F8D77BA7F2C979DF7F.e.1121"},"getTitle",[]]}
RESULT: {"script":"<script> [6424 bytes]","args":[{"element-6066-11e4-a52e-4f735466cecf":"f.635531698F2B1D5C5340D165F45B7D1A.d.341A9FE31C0D00F8D77BA7F2C979DF7F.e.1121"},"getTitle",[]]}
RESULT: undefined
COMMAND: POST /session/95c3c6165dc75285dc529b6f9e26713d/element/f.635531698F2B1D5C5340D165F45B7D1A.d.341A9FE31C0D00F8D77BA7F2C979DF7F.e.817/click - {}
COMMAND: POST /session/95c3c6165dc75285dc529b6f9e26713d/element - {"using":"xpath","value":"//*[@id=\"backBtn\"]"}
RESULT: {"using":"xpath","value":"//*[@id=\"backBtn\"]"}
COMMAND: POST /session/95c3c6165dc75285dc529b6f9e26713d/element/f.635531698F2B1D5C5340D165F45B7D1A.d.341A9FE31C0D00F8D77BA7F2C979DF7F.e.817/click - {}
COMMAND: POST /session/95c3c6165dc75285dc529b6f9e26713d/element - {"using":"xpath","value":"//*[@id=\"backBtn\"]"}
RESULT: {"using":"xpath","value":"//*[@id=\"backBtn\"]"}
COMMAND: POST /session/95c3c6165dc75285dc529b6f9e26713d/element/f.635531698F2B1D5C5340D165F45B7D1A.d.341A9FE31C0D00F8D77BA7F2C979DF7F.e.1122/click - {}
RESULT: {}
COMMAND: GET /session/95c3c6165dc75285dc529b6f9e26713d/screenshot - {}
RESULT: {}
]]></system-out>
    </testcase>
    <testcase classname="chrome.136_0_7103_93.windows.Sanity_Tests_US104253" name="Should open Manage Yards page" time="36.044">
      <system-out><![CDATA[
COMMAND: POST /session/95c3c6165dc75285dc529b6f9e26713d/execute/async - {"script":"<script> [1562 bytes]","args":[{"selector":{"controlType":"sap.m.GenericTile","properties":{"header":"Manage Yards"}},"wdio_ui5_key":"sapm.GenericTile{\"header\":\"Manage Yards\"}"}]}
RESULT: {"script":"<script> [1562 bytes]","args":[{"selector":{"controlType":"sap.m.GenericTile","properties":{"header":"Manage Yards"}},"wdio_ui5_key":"sapm.GenericTile{\"header\":\"Manage Yards\"}"}]}
RESULT: undefined
COMMAND: POST /session/95c3c6165dc75285dc529b6f9e26713d/element - {"using":"xpath","value":"//*[@id=\"__tile41\"]"}
RESULT: {"using":"xpath","value":"//*[@id=\"__tile41\"]"}
COMMAND: POST /session/95c3c6165dc75285dc529b6f9e26713d/element/f.635531698F2B1D5C5340D165F45B7D1A.d.341A9FE31C0D00F8D77BA7F2C979DF7F.e.1124/click - {}
RESULT: {}
COMMAND: GET /session/95c3c6165dc75285dc529b6f9e26713d/screenshot - {}
RESULT: {}
COMMAND: POST /session/95c3c6165dc75285dc529b6f9e26713d/elements - {"using":"xpath","value":"//span[text()='Error']"}
RESULT: {"using":"xpath","value":"//span[text()='Error']"}
RESULT: undefined
COMMAND: POST /session/95c3c6165dc75285dc529b6f9e26713d/element - {"using":"xpath","value":"//*[@id=\"__tile41\"]"}
RESULT: {"using":"xpath","value":"//*[@id=\"__tile41\"]"}
COMMAND: POST /session/95c3c6165dc75285dc529b6f9e26713d/element/f.635531698F2B1D5C5340D165F45B7D1A.d.341A9FE31C0D00F8D77BA7F2C979DF7F.e.1124/click - {}
RESULT: undefined
COMMAND: POST /session/95c3c6165dc75285dc529b6f9e26713d/element - {"using":"xpath","value":"//*[@id=\"__tile41\"]"}
RESULT: {"using":"xpath","value":"//*[@id=\"__tile41\"]"}
COMMAND: POST /session/95c3c6165dc75285dc529b6f9e26713d/element/f.635531698F2B1D5C5340D165F45B7D1A.d.341A9FE31C0D00F8D77BA7F2C979DF7F.e.1124/click - {}
RESULT: undefined
COMMAND: POST /session/95c3c6165dc75285dc529b6f9e26713d/execute/async - {"script":"<script> [6424 bytes]","args":[{"element-6066-11e4-a52e-4f735466cecf":"f.635531698F2B1D5C5340D165F45B7D1A.d.341A9FE31C0D00F8D77BA7F2C979DF7F.e.295"},"getTitle",[]]}
COMMAND: POST /session/95c3c6165dc75285dc529b6f9e26713d/execute/async - {"script":"<script> [1562 bytes]","args":[{"selector":{"id":"shellAppTitle"},"wdio_ui5_key":"shellAppTitle"}]}
RESULT: {"script":"<script> [1562 bytes]","args":[{"selector":{"id":"shellAppTitle"},"wdio_ui5_key":"shellAppTitle"}]}
COMMAND: POST /session/95c3c6165dc75285dc529b6f9e26713d/execute/async - {"script":"<script> [6424 bytes]","args":[{"element-6066-11e4-a52e-4f735466cecf":"f.635531698F2B1D5C5340D165F45B7D1A.d.341A9FE31C0D00F8D77BA7F2C979DF7F.e.1307"},"getTitle",[]]}
RESULT: {"script":"<script> [6424 bytes]","args":[{"element-6066-11e4-a52e-4f735466cecf":"f.635531698F2B1D5C5340D165F45B7D1A.d.341A9FE31C0D00F8D77BA7F2C979DF7F.e.1307"},"getTitle",[]]}
RESULT: undefined
COMMAND: POST /session/95c3c6165dc75285dc529b6f9e26713d/element/f.635531698F2B1D5C5340D165F45B7D1A.d.341A9FE31C0D00F8D77BA7F2C979DF7F.e.1122/click - {}
RESULT: {}
COMMAND: GET /session/95c3c6165dc75285dc529b6f9e26713d/screenshot - {}
RESULT: {}
]]></system-out>
    </testcase>
    <testcase classname="chrome.136_0_7103_93.windows.Sanity_Tests_US104253" name="Should open Manage Requests page" time="36.017">
      <system-out><![CDATA[
COMMAND: POST /session/95c3c6165dc75285dc529b6f9e26713d/execute/async - {"script":"<script> [1562 bytes]","args":[{"selector":{"controlType":"sap.m.GenericTile","properties":{"header":"Manage Requests"}},"wdio_ui5_key":"sapm.GenericTile{\"header\":\"Manage Requests\"}"}]}
RESULT: {"script":"<script> [1562 bytes]","args":[{"selector":{"controlType":"sap.m.GenericTile","properties":{"header":"Manage Requests"}},"wdio_ui5_key":"sapm.GenericTile{\"header\":\"Manage Requests\"}"}]}
RESULT: undefined
COMMAND: POST /session/95c3c6165dc75285dc529b6f9e26713d/element - {"using":"xpath","value":"//*[@id=\"__tile47\"]"}
RESULT: {"using":"xpath","value":"//*[@id=\"__tile47\"]"}
COMMAND: POST /session/95c3c6165dc75285dc529b6f9e26713d/element/f.635531698F2B1D5C5340D165F45B7D1A.d.341A9FE31C0D00F8D77BA7F2C979DF7F.e.1309/click - {}
RESULT: {}
COMMAND: GET /session/95c3c6165dc75285dc529b6f9e26713d/screenshot - {}
RESULT: {}
COMMAND: POST /session/95c3c6165dc75285dc529b6f9e26713d/elements - {"using":"xpath","value":"//span[text()='Error']"}
RESULT: {"using":"xpath","value":"//span[text()='Error']"}
RESULT: undefined
COMMAND: POST /session/95c3c6165dc75285dc529b6f9e26713d/element - {"using":"xpath","value":"//*[@id=\"__tile47\"]"}
RESULT: {"using":"xpath","value":"//*[@id=\"__tile47\"]"}
COMMAND: POST /session/95c3c6165dc75285dc529b6f9e26713d/element/f.635531698F2B1D5C5340D165F45B7D1A.d.341A9FE31C0D00F8D77BA7F2C979DF7F.e.1309/click - {}
RESULT: undefined
COMMAND: POST /session/95c3c6165dc75285dc529b6f9e26713d/element - {"using":"xpath","value":"//*[@id=\"__tile47\"]"}
RESULT: {"using":"xpath","value":"//*[@id=\"__tile47\"]"}
COMMAND: POST /session/95c3c6165dc75285dc529b6f9e26713d/element/f.635531698F2B1D5C5340D165F45B7D1A.d.341A9FE31C0D00F8D77BA7F2C979DF7F.e.1309/click - {}
RESULT: undefined
COMMAND: POST /session/95c3c6165dc75285dc529b6f9e26713d/execute/async - {"script":"<script> [6424 bytes]","args":[{"element-6066-11e4-a52e-4f735466cecf":"f.635531698F2B1D5C5340D165F45B7D1A.d.341A9FE31C0D00F8D77BA7F2C979DF7F.e.295"},"getTitle",[]]}
COMMAND: POST /session/95c3c6165dc75285dc529b6f9e26713d/execute/async - {"script":"<script> [1562 bytes]","args":[{"selector":{"id":"shellAppTitle"},"wdio_ui5_key":"shellAppTitle"}]}
RESULT: {"script":"<script> [1562 bytes]","args":[{"selector":{"id":"shellAppTitle"},"wdio_ui5_key":"shellAppTitle"}]}
COMMAND: POST /session/95c3c6165dc75285dc529b6f9e26713d/execute/async - {"script":"<script> [6424 bytes]","args":[{"element-6066-11e4-a52e-4f735466cecf":"f.635531698F2B1D5C5340D165F45B7D1A.d.341A9FE31C0D00F8D77BA7F2C979DF7F.e.1402"},"getTitle",[]]}
RESULT: {"script":"<script> [6424 bytes]","args":[{"element-6066-11e4-a52e-4f735466cecf":"f.635531698F2B1D5C5340D165F45B7D1A.d.341A9FE31C0D00F8D77BA7F2C979DF7F.e.1402"},"getTitle",[]]}
RESULT: undefined
COMMAND: POST /session/95c3c6165dc75285dc529b6f9e26713d/element/f.635531698F2B1D5C5340D165F45B7D1A.d.341A9FE31C0D00F8D77BA7F2C979DF7F.e.1122/click - {}
COMMAND: POST /session/95c3c6165dc75285dc529b6f9e26713d/element - {"using":"xpath","value":"//*[@id=\"backBtn\"]"}
RESULT: {"using":"xpath","value":"//*[@id=\"backBtn\"]"}
COMMAND: POST /session/95c3c6165dc75285dc529b6f9e26713d/element/f.635531698F2B1D5C5340D165F45B7D1A.d.341A9FE31C0D00F8D77BA7F2C979DF7F.e.1122/click - {}
COMMAND: POST /session/95c3c6165dc75285dc529b6f9e26713d/element - {"using":"xpath","value":"//*[@id=\"backBtn\"]"}
RESULT: {"using":"xpath","value":"//*[@id=\"backBtn\"]"}
COMMAND: POST /session/95c3c6165dc75285dc529b6f9e26713d/element/f.635531698F2B1D5C5340D165F45B7D1A.d.341A9FE31C0D00F8D77BA7F2C979DF7F.e.1403/click - {}
RESULT: {}
COMMAND: GET /session/95c3c6165dc75285dc529b6f9e26713d/screenshot - {}
RESULT: {}
]]></system-out>
    </testcase>
    <testcase classname="chrome.136_0_7103_93.windows.Sanity_Tests_US104253" name="Should open Manage Purchasing page" time="35.914">
      <system-out><![CDATA[
COMMAND: POST /session/95c3c6165dc75285dc529b6f9e26713d/execute/async - {"script":"<script> [1562 bytes]","args":[{"selector":{"controlType":"sap.m.GenericTile","properties":{"header":"Manage Purchasing"}},"wdio_ui5_key":"sapm.GenericTile{\"header\":\"Manage Purchasing\"}"}]}
RESULT: {"script":"<script> [1562 bytes]","args":[{"selector":{"controlType":"sap.m.GenericTile","properties":{"header":"Manage Purchasing"}},"wdio_ui5_key":"sapm.GenericTile{\"header\":\"Manage Purchasing\"}"}]}
RESULT: undefined
COMMAND: POST /session/95c3c6165dc75285dc529b6f9e26713d/element - {"using":"xpath","value":"//*[@id=\"__tile46\"]"}
RESULT: {"using":"xpath","value":"//*[@id=\"__tile46\"]"}
COMMAND: POST /session/95c3c6165dc75285dc529b6f9e26713d/element/f.635531698F2B1D5C5340D165F45B7D1A.d.341A9FE31C0D00F8D77BA7F2C979DF7F.e.1406/click - {}
RESULT: {}
COMMAND: GET /session/95c3c6165dc75285dc529b6f9e26713d/screenshot - {}
RESULT: {}
COMMAND: POST /session/95c3c6165dc75285dc529b6f9e26713d/elements - {"using":"xpath","value":"//span[text()='Error']"}
RESULT: {"using":"xpath","value":"//span[text()='Error']"}
RESULT: undefined
COMMAND: POST /session/95c3c6165dc75285dc529b6f9e26713d/element - {"using":"xpath","value":"//*[@id=\"__tile46\"]"}
RESULT: {"using":"xpath","value":"//*[@id=\"__tile46\"]"}
COMMAND: POST /session/95c3c6165dc75285dc529b6f9e26713d/element/f.635531698F2B1D5C5340D165F45B7D1A.d.341A9FE31C0D00F8D77BA7F2C979DF7F.e.1406/click - {}
RESULT: undefined
COMMAND: POST /session/95c3c6165dc75285dc529b6f9e26713d/element - {"using":"xpath","value":"//*[@id=\"__tile46\"]"}
RESULT: {"using":"xpath","value":"//*[@id=\"__tile46\"]"}
COMMAND: POST /session/95c3c6165dc75285dc529b6f9e26713d/element/f.635531698F2B1D5C5340D165F45B7D1A.d.341A9FE31C0D00F8D77BA7F2C979DF7F.e.1406/click - {}
RESULT: undefined
COMMAND: POST /session/95c3c6165dc75285dc529b6f9e26713d/execute/async - {"script":"<script> [6424 bytes]","args":[{"element-6066-11e4-a52e-4f735466cecf":"f.635531698F2B1D5C5340D165F45B7D1A.d.341A9FE31C0D00F8D77BA7F2C979DF7F.e.295"},"getTitle",[]]}
COMMAND: POST /session/95c3c6165dc75285dc529b6f9e26713d/execute/async - {"script":"<script> [1562 bytes]","args":[{"selector":{"id":"shellAppTitle"},"wdio_ui5_key":"shellAppTitle"}]}
RESULT: {"script":"<script> [1562 bytes]","args":[{"selector":{"id":"shellAppTitle"},"wdio_ui5_key":"shellAppTitle"}]}
COMMAND: POST /session/95c3c6165dc75285dc529b6f9e26713d/execute/async - {"script":"<script> [6424 bytes]","args":[{"element-6066-11e4-a52e-4f735466cecf":"f.635531698F2B1D5C5340D165F45B7D1A.d.341A9FE31C0D00F8D77BA7F2C979DF7F.e.1483"},"getTitle",[]]}
RESULT: {"script":"<script> [6424 bytes]","args":[{"element-6066-11e4-a52e-4f735466cecf":"f.635531698F2B1D5C5340D165F45B7D1A.d.341A9FE31C0D00F8D77BA7F2C979DF7F.e.1483"},"getTitle",[]]}
RESULT: undefined
COMMAND: POST /session/95c3c6165dc75285dc529b6f9e26713d/element/f.635531698F2B1D5C5340D165F45B7D1A.d.341A9FE31C0D00F8D77BA7F2C979DF7F.e.1403/click - {}
RESULT: {}
COMMAND: GET /session/95c3c6165dc75285dc529b6f9e26713d/screenshot - {}
RESULT: {}
]]></system-out>
    </testcase>
    <testcase classname="chrome.136_0_7103_93.windows.Sanity_Tests_US104253" name="Should open Planning Board page" time="37.643">
      <system-out><![CDATA[
COMMAND: POST /session/95c3c6165dc75285dc529b6f9e26713d/execute/async - {"script":"<script> [1562 bytes]","args":[{"selector":{"controlType":"sap.m.GenericTile","properties":{"header":"Planning Board"}},"wdio_ui5_key":"sapm.GenericTile{\"header\":\"Planning Board\"}"}]}
RESULT: {"script":"<script> [1562 bytes]","args":[{"selector":{"controlType":"sap.m.GenericTile","properties":{"header":"Planning Board"}},"wdio_ui5_key":"sapm.GenericTile{\"header\":\"Planning Board\"}"}]}
RESULT: undefined
COMMAND: POST /session/95c3c6165dc75285dc529b6f9e26713d/element - {"using":"xpath","value":"//*[@id=\"__tile130\"]"}
RESULT: {"using":"xpath","value":"//*[@id=\"__tile130\"]"}
COMMAND: POST /session/95c3c6165dc75285dc529b6f9e26713d/element/f.635531698F2B1D5C5340D165F45B7D1A.d.341A9FE31C0D00F8D77BA7F2C979DF7F.e.1485/click - {}
RESULT: {}
COMMAND: GET /session/95c3c6165dc75285dc529b6f9e26713d/screenshot - {}
RESULT: {}
COMMAND: POST /session/95c3c6165dc75285dc529b6f9e26713d/elements - {"using":"xpath","value":"//span[text()='Error']"}
RESULT: {"using":"xpath","value":"//span[text()='Error']"}
RESULT: undefined
COMMAND: POST /session/95c3c6165dc75285dc529b6f9e26713d/element - {"using":"xpath","value":"//*[@id=\"__tile130\"]"}
RESULT: {"using":"xpath","value":"//*[@id=\"__tile130\"]"}
COMMAND: POST /session/95c3c6165dc75285dc529b6f9e26713d/element/f.635531698F2B1D5C5340D165F45B7D1A.d.341A9FE31C0D00F8D77BA7F2C979DF7F.e.1485/click - {}
RESULT: undefined
COMMAND: POST /session/95c3c6165dc75285dc529b6f9e26713d/element - {"using":"xpath","value":"//*[@id=\"__tile130\"]"}
RESULT: {"using":"xpath","value":"//*[@id=\"__tile130\"]"}
COMMAND: POST /session/95c3c6165dc75285dc529b6f9e26713d/element/f.635531698F2B1D5C5340D165F45B7D1A.d.341A9FE31C0D00F8D77BA7F2C979DF7F.e.1485/click - {}
RESULT: undefined
COMMAND: POST /session/95c3c6165dc75285dc529b6f9e26713d/execute/async - {"script":"<script> [6424 bytes]","args":[{"element-6066-11e4-a52e-4f735466cecf":"f.635531698F2B1D5C5340D165F45B7D1A.d.341A9FE31C0D00F8D77BA7F2C979DF7F.e.295"},"getTitle",[]]}
COMMAND: POST /session/95c3c6165dc75285dc529b6f9e26713d/execute/async - {"script":"<script> [1562 bytes]","args":[{"selector":{"id":"shellAppTitle"},"wdio_ui5_key":"shellAppTitle"}]}
RESULT: {"script":"<script> [1562 bytes]","args":[{"selector":{"id":"shellAppTitle"},"wdio_ui5_key":"shellAppTitle"}]}
COMMAND: POST /session/95c3c6165dc75285dc529b6f9e26713d/execute/async - {"script":"<script> [6424 bytes]","args":[{"element-6066-11e4-a52e-4f735466cecf":"f.635531698F2B1D5C5340D165F45B7D1A.d.341A9FE31C0D00F8D77BA7F2C979DF7F.e.1538"},"getTitle",[]]}
RESULT: {"script":"<script> [6424 bytes]","args":[{"element-6066-11e4-a52e-4f735466cecf":"f.635531698F2B1D5C5340D165F45B7D1A.d.341A9FE31C0D00F8D77BA7F2C979DF7F.e.1538"},"getTitle",[]]}
RESULT: undefined
COMMAND: POST /session/95c3c6165dc75285dc529b6f9e26713d/element/f.635531698F2B1D5C5340D165F45B7D1A.d.341A9FE31C0D00F8D77BA7F2C979DF7F.e.1403/click - {}
COMMAND: POST /session/95c3c6165dc75285dc529b6f9e26713d/element/f.635531698F2B1D5C5340D165F45B7D1A.d.341A9FE31C0D00F8D77BA7F2C979DF7F.e.1403/click - {}
COMMAND: POST /session/95c3c6165dc75285dc529b6f9e26713d/element - {"using":"xpath","value":"//*[@id=\"backBtn\"]"}
COMMAND: POST /session/95c3c6165dc75285dc529b6f9e26713d/element - {"using":"xpath","value":"//*[@id=\"backBtn\"]"}
RESULT: {"using":"xpath","value":"//*[@id=\"backBtn\"]"}
COMMAND: POST /session/95c3c6165dc75285dc529b6f9e26713d/element/f.635531698F2B1D5C5340D165F45B7D1A.d.341A9FE31C0D00F8D77BA7F2C979DF7F.e.1403/click - {}
RESULT: {"using":"xpath","value":"//*[@id=\"backBtn\"]"}
COMMAND: POST /session/95c3c6165dc75285dc529b6f9e26713d/element/f.635531698F2B1D5C5340D165F45B7D1A.d.341A9FE31C0D00F8D77BA7F2C979DF7F.e.1403/click - {}
COMMAND: POST /session/95c3c6165dc75285dc529b6f9e26713d/element - {"using":"xpath","value":"//*[@id=\"backBtn\"]"}
COMMAND: POST /session/95c3c6165dc75285dc529b6f9e26713d/element - {"using":"xpath","value":"//*[@id=\"backBtn\"]"}
RESULT: {"using":"xpath","value":"//*[@id=\"backBtn\"]"}
COMMAND: POST /session/95c3c6165dc75285dc529b6f9e26713d/element/f.635531698F2B1D5C5340D165F45B7D1A.d.341A9FE31C0D00F8D77BA7F2C979DF7F.e.1539/click - {}
RESULT: {"using":"xpath","value":"//*[@id=\"backBtn\"]"}
COMMAND: POST /session/95c3c6165dc75285dc529b6f9e26713d/element/f.635531698F2B1D5C5340D165F45B7D1A.d.341A9FE31C0D00F8D77BA7F2C979DF7F.e.1539/click - {}
RESULT: {}
COMMAND: GET /session/95c3c6165dc75285dc529b6f9e26713d/screenshot - {}
RESULT: {}
COMMAND: GET /session/95c3c6165dc75285dc529b6f9e26713d/screenshot - {}
RESULT: {}
RESULT: {}
]]></system-out>
    </testcase>
    <testcase classname="chrome.136_0_7103_93.windows.Sanity_Tests_US104253" name="Should open Manage Contracts page" time="37.455">
      <system-out><![CDATA[
COMMAND: POST /session/95c3c6165dc75285dc529b6f9e26713d/execute/async - {"script":"<script> [1562 bytes]","args":[{"selector":{"controlType":"sap.m.GenericTile","properties":{"header":"Manage Contracts"}},"wdio_ui5_key":"sapm.GenericTile{\"header\":\"Manage Contracts\"}"}]}
RESULT: {"script":"<script> [1562 bytes]","args":[{"selector":{"controlType":"sap.m.GenericTile","properties":{"header":"Manage Contracts"}},"wdio_ui5_key":"sapm.GenericTile{\"header\":\"Manage Contracts\"}"}]}
RESULT: undefined
COMMAND: POST /session/95c3c6165dc75285dc529b6f9e26713d/element - {"using":"xpath","value":"//*[@id=\"__tile132\"]"}
RESULT: {"using":"xpath","value":"//*[@id=\"__tile132\"]"}
COMMAND: POST /session/95c3c6165dc75285dc529b6f9e26713d/element/f.635531698F2B1D5C5340D165F45B7D1A.d.341A9FE31C0D00F8D77BA7F2C979DF7F.e.1541/click - {}
RESULT: {}
COMMAND: GET /session/95c3c6165dc75285dc529b6f9e26713d/screenshot - {}
RESULT: {}
COMMAND: POST /session/95c3c6165dc75285dc529b6f9e26713d/elements - {"using":"xpath","value":"//span[text()='Error']"}
RESULT: {"using":"xpath","value":"//span[text()='Error']"}
RESULT: undefined
COMMAND: POST /session/95c3c6165dc75285dc529b6f9e26713d/element - {"using":"xpath","value":"//*[@id=\"__tile132\"]"}
RESULT: {"using":"xpath","value":"//*[@id=\"__tile132\"]"}
COMMAND: POST /session/95c3c6165dc75285dc529b6f9e26713d/element/f.635531698F2B1D5C5340D165F45B7D1A.d.341A9FE31C0D00F8D77BA7F2C979DF7F.e.1541/click - {}
RESULT: undefined
COMMAND: POST /session/95c3c6165dc75285dc529b6f9e26713d/element - {"using":"xpath","value":"//*[@id=\"__tile132\"]"}
RESULT: {"using":"xpath","value":"//*[@id=\"__tile132\"]"}
COMMAND: POST /session/95c3c6165dc75285dc529b6f9e26713d/element/f.635531698F2B1D5C5340D165F45B7D1A.d.341A9FE31C0D00F8D77BA7F2C979DF7F.e.1541/click - {}
RESULT: undefined
COMMAND: POST /session/95c3c6165dc75285dc529b6f9e26713d/execute/async - {"script":"<script> [6424 bytes]","args":[{"element-6066-11e4-a52e-4f735466cecf":"f.635531698F2B1D5C5340D165F45B7D1A.d.341A9FE31C0D00F8D77BA7F2C979DF7F.e.295"},"getTitle",[]]}
COMMAND: POST /session/95c3c6165dc75285dc529b6f9e26713d/execute/async - {"script":"<script> [1562 bytes]","args":[{"selector":{"id":"shellAppTitle"},"wdio_ui5_key":"shellAppTitle"}]}
RESULT: {"script":"<script> [1562 bytes]","args":[{"selector":{"id":"shellAppTitle"},"wdio_ui5_key":"shellAppTitle"}]}
COMMAND: POST /session/95c3c6165dc75285dc529b6f9e26713d/execute/async - {"script":"<script> [6424 bytes]","args":[{"element-6066-11e4-a52e-4f735466cecf":"f.635531698F2B1D5C5340D165F45B7D1A.d.341A9FE31C0D00F8D77BA7F2C979DF7F.e.1607"},"getTitle",[]]}
RESULT: {"script":"<script> [6424 bytes]","args":[{"element-6066-11e4-a52e-4f735466cecf":"f.635531698F2B1D5C5340D165F45B7D1A.d.341A9FE31C0D00F8D77BA7F2C979DF7F.e.1607"},"getTitle",[]]}
RESULT: undefined
COMMAND: POST /session/95c3c6165dc75285dc529b6f9e26713d/element/f.635531698F2B1D5C5340D165F45B7D1A.d.341A9FE31C0D00F8D77BA7F2C979DF7F.e.1539/click - {}
RESULT: {}
COMMAND: GET /session/95c3c6165dc75285dc529b6f9e26713d/screenshot - {}
RESULT: {}
]]></system-out>
    </testcase>
    <testcase classname="chrome.136_0_7103_93.windows.Sanity_Tests_US104253" name="Should open Manage Quotations page" time="36.032">
      <system-out><![CDATA[
COMMAND: POST /session/95c3c6165dc75285dc529b6f9e26713d/execute/async - {"script":"<script> [1562 bytes]","args":[{"selector":{"controlType":"sap.m.GenericTile","properties":{"header":"Manage Quotations"}},"wdio_ui5_key":"sapm.GenericTile{\"header\":\"Manage Quotations\"}"}]}
RESULT: {"script":"<script> [1562 bytes]","args":[{"selector":{"controlType":"sap.m.GenericTile","properties":{"header":"Manage Quotations"}},"wdio_ui5_key":"sapm.GenericTile{\"header\":\"Manage Quotations\"}"}]}
RESULT: undefined
COMMAND: POST /session/95c3c6165dc75285dc529b6f9e26713d/element - {"using":"xpath","value":"//*[@id=\"__tile133\"]"}
RESULT: {"using":"xpath","value":"//*[@id=\"__tile133\"]"}
COMMAND: POST /session/95c3c6165dc75285dc529b6f9e26713d/element/f.635531698F2B1D5C5340D165F45B7D1A.d.341A9FE31C0D00F8D77BA7F2C979DF7F.e.1609/click - {}
RESULT: {}
COMMAND: GET /session/95c3c6165dc75285dc529b6f9e26713d/screenshot - {}
RESULT: {}
COMMAND: POST /session/95c3c6165dc75285dc529b6f9e26713d/elements - {"using":"xpath","value":"//span[text()='Error']"}
RESULT: {"using":"xpath","value":"//span[text()='Error']"}
RESULT: undefined
COMMAND: POST /session/95c3c6165dc75285dc529b6f9e26713d/element - {"using":"xpath","value":"//*[@id=\"__tile133\"]"}
RESULT: {"using":"xpath","value":"//*[@id=\"__tile133\"]"}
COMMAND: POST /session/95c3c6165dc75285dc529b6f9e26713d/element/f.635531698F2B1D5C5340D165F45B7D1A.d.341A9FE31C0D00F8D77BA7F2C979DF7F.e.1609/click - {}
RESULT: undefined
COMMAND: POST /session/95c3c6165dc75285dc529b6f9e26713d/element - {"using":"xpath","value":"//*[@id=\"__tile133\"]"}
RESULT: {"using":"xpath","value":"//*[@id=\"__tile133\"]"}
COMMAND: POST /session/95c3c6165dc75285dc529b6f9e26713d/element/f.635531698F2B1D5C5340D165F45B7D1A.d.341A9FE31C0D00F8D77BA7F2C979DF7F.e.1609/click - {}
RESULT: undefined
COMMAND: POST /session/95c3c6165dc75285dc529b6f9e26713d/execute/async - {"script":"<script> [6424 bytes]","args":[{"element-6066-11e4-a52e-4f735466cecf":"f.635531698F2B1D5C5340D165F45B7D1A.d.341A9FE31C0D00F8D77BA7F2C979DF7F.e.295"},"getTitle",[]]}
COMMAND: POST /session/95c3c6165dc75285dc529b6f9e26713d/execute/async - {"script":"<script> [1562 bytes]","args":[{"selector":{"id":"shellAppTitle"},"wdio_ui5_key":"shellAppTitle"}]}
RESULT: {"script":"<script> [1562 bytes]","args":[{"selector":{"id":"shellAppTitle"},"wdio_ui5_key":"shellAppTitle"}]}
COMMAND: POST /session/95c3c6165dc75285dc529b6f9e26713d/execute/async - {"script":"<script> [6424 bytes]","args":[{"element-6066-11e4-a52e-4f735466cecf":"f.635531698F2B1D5C5340D165F45B7D1A.d.341A9FE31C0D00F8D77BA7F2C979DF7F.e.1682"},"getTitle",[]]}
RESULT: {"script":"<script> [6424 bytes]","args":[{"element-6066-11e4-a52e-4f735466cecf":"f.635531698F2B1D5C5340D165F45B7D1A.d.341A9FE31C0D00F8D77BA7F2C979DF7F.e.1682"},"getTitle",[]]}
RESULT: undefined
COMMAND: POST /session/95c3c6165dc75285dc529b6f9e26713d/element/f.635531698F2B1D5C5340D165F45B7D1A.d.341A9FE31C0D00F8D77BA7F2C979DF7F.e.1539/click - {}
COMMAND: POST /session/95c3c6165dc75285dc529b6f9e26713d/element - {"using":"xpath","value":"//*[@id=\"backBtn\"]"}
RESULT: {"using":"xpath","value":"//*[@id=\"backBtn\"]"}
COMMAND: POST /session/95c3c6165dc75285dc529b6f9e26713d/element/f.635531698F2B1D5C5340D165F45B7D1A.d.341A9FE31C0D00F8D77BA7F2C979DF7F.e.1539/click - {}
COMMAND: POST /session/95c3c6165dc75285dc529b6f9e26713d/element - {"using":"xpath","value":"//*[@id=\"backBtn\"]"}
RESULT: {"using":"xpath","value":"//*[@id=\"backBtn\"]"}
COMMAND: POST /session/95c3c6165dc75285dc529b6f9e26713d/element/f.635531698F2B1D5C5340D165F45B7D1A.d.341A9FE31C0D00F8D77BA7F2C979DF7F.e.1683/click - {}
RESULT: {}
COMMAND: GET /session/95c3c6165dc75285dc529b6f9e26713d/screenshot - {}
RESULT: {}
]]></system-out>
    </testcase>
    <testcase classname="chrome.136_0_7103_93.windows.Sanity_Tests_US104253" name="Should open Manage Handovers page" time="36.31">
      <system-out><![CDATA[
COMMAND: POST /session/95c3c6165dc75285dc529b6f9e26713d/execute/async - {"script":"<script> [1562 bytes]","args":[{"selector":{"controlType":"sap.m.GenericTile","properties":{"header":"Manage Handovers"}},"wdio_ui5_key":"sapm.GenericTile{\"header\":\"Manage Handovers\"}"}]}
RESULT: {"script":"<script> [1562 bytes]","args":[{"selector":{"controlType":"sap.m.GenericTile","properties":{"header":"Manage Handovers"}},"wdio_ui5_key":"sapm.GenericTile{\"header\":\"Manage Handovers\"}"}]}
RESULT: undefined
COMMAND: POST /session/95c3c6165dc75285dc529b6f9e26713d/element - {"using":"xpath","value":"//*[@id=\"__tile131\"]"}
RESULT: {"using":"xpath","value":"//*[@id=\"__tile131\"]"}
COMMAND: POST /session/95c3c6165dc75285dc529b6f9e26713d/element/f.635531698F2B1D5C5340D165F45B7D1A.d.341A9FE31C0D00F8D77BA7F2C979DF7F.e.1685/click - {}
RESULT: {}
COMMAND: GET /session/95c3c6165dc75285dc529b6f9e26713d/screenshot - {}
RESULT: {}
COMMAND: POST /session/95c3c6165dc75285dc529b6f9e26713d/elements - {"using":"xpath","value":"//span[text()='Error']"}
RESULT: {"using":"xpath","value":"//span[text()='Error']"}
RESULT: undefined
COMMAND: POST /session/95c3c6165dc75285dc529b6f9e26713d/element - {"using":"xpath","value":"//*[@id=\"__tile131\"]"}
RESULT: {"using":"xpath","value":"//*[@id=\"__tile131\"]"}
COMMAND: POST /session/95c3c6165dc75285dc529b6f9e26713d/element/f.635531698F2B1D5C5340D165F45B7D1A.d.341A9FE31C0D00F8D77BA7F2C979DF7F.e.1685/click - {}
RESULT: undefined
COMMAND: POST /session/95c3c6165dc75285dc529b6f9e26713d/element - {"using":"xpath","value":"//*[@id=\"__tile131\"]"}
RESULT: {"using":"xpath","value":"//*[@id=\"__tile131\"]"}
COMMAND: POST /session/95c3c6165dc75285dc529b6f9e26713d/element/f.635531698F2B1D5C5340D165F45B7D1A.d.341A9FE31C0D00F8D77BA7F2C979DF7F.e.1685/click - {}
RESULT: undefined
COMMAND: POST /session/95c3c6165dc75285dc529b6f9e26713d/execute/async - {"script":"<script> [6424 bytes]","args":[{"element-6066-11e4-a52e-4f735466cecf":"f.635531698F2B1D5C5340D165F45B7D1A.d.341A9FE31C0D00F8D77BA7F2C979DF7F.e.295"},"getTitle",[]]}
COMMAND: POST /session/95c3c6165dc75285dc529b6f9e26713d/execute/async - {"script":"<script> [1562 bytes]","args":[{"selector":{"id":"shellAppTitle"},"wdio_ui5_key":"shellAppTitle"}]}
RESULT: {"script":"<script> [1562 bytes]","args":[{"selector":{"id":"shellAppTitle"},"wdio_ui5_key":"shellAppTitle"}]}
COMMAND: POST /session/95c3c6165dc75285dc529b6f9e26713d/execute/async - {"script":"<script> [6424 bytes]","args":[{"element-6066-11e4-a52e-4f735466cecf":"f.635531698F2B1D5C5340D165F45B7D1A.d.341A9FE31C0D00F8D77BA7F2C979DF7F.e.1790"},"getTitle",[]]}
RESULT: {"script":"<script> [6424 bytes]","args":[{"element-6066-11e4-a52e-4f735466cecf":"f.635531698F2B1D5C5340D165F45B7D1A.d.341A9FE31C0D00F8D77BA7F2C979DF7F.e.1790"},"getTitle",[]]}
RESULT: undefined
COMMAND: POST /session/95c3c6165dc75285dc529b6f9e26713d/element/f.635531698F2B1D5C5340D165F45B7D1A.d.341A9FE31C0D00F8D77BA7F2C979DF7F.e.1683/click - {}
RESULT: {}
COMMAND: GET /session/95c3c6165dc75285dc529b6f9e26713d/screenshot - {}
RESULT: {}
]]></system-out>
    </testcase>
    <testcase classname="chrome.136_0_7103_93.windows.Sanity_Tests_US104253" name="Should open Delivery Monitor page" time="37.375">
      <system-out><![CDATA[
COMMAND: POST /session/95c3c6165dc75285dc529b6f9e26713d/execute/async - {"script":"<script> [1562 bytes]","args":[{"selector":{"controlType":"sap.m.GenericTile","properties":{"header":"Delivery Monitor"}},"wdio_ui5_key":"sapm.GenericTile{\"header\":\"Delivery Monitor\"}"}]}
RESULT: {"script":"<script> [1562 bytes]","args":[{"selector":{"controlType":"sap.m.GenericTile","properties":{"header":"Delivery Monitor"}},"wdio_ui5_key":"sapm.GenericTile{\"header\":\"Delivery Monitor\"}"}]}
RESULT: undefined
COMMAND: POST /session/95c3c6165dc75285dc529b6f9e26713d/element - {"using":"xpath","value":"//*[@id=\"__tile43\"]"}
RESULT: {"using":"xpath","value":"//*[@id=\"__tile43\"]"}
COMMAND: POST /session/95c3c6165dc75285dc529b6f9e26713d/element/f.635531698F2B1D5C5340D165F45B7D1A.d.341A9FE31C0D00F8D77BA7F2C979DF7F.e.1792/click - {}
RESULT: {}
COMMAND: GET /session/95c3c6165dc75285dc529b6f9e26713d/screenshot - {}
RESULT: {}
COMMAND: POST /session/95c3c6165dc75285dc529b6f9e26713d/elements - {"using":"xpath","value":"//span[text()='Error']"}
RESULT: {"using":"xpath","value":"//span[text()='Error']"}
RESULT: undefined
COMMAND: POST /session/95c3c6165dc75285dc529b6f9e26713d/element - {"using":"xpath","value":"//*[@id=\"__tile43\"]"}
RESULT: {"using":"xpath","value":"//*[@id=\"__tile43\"]"}
COMMAND: POST /session/95c3c6165dc75285dc529b6f9e26713d/element/f.635531698F2B1D5C5340D165F45B7D1A.d.341A9FE31C0D00F8D77BA7F2C979DF7F.e.1792/click - {}
RESULT: undefined
COMMAND: POST /session/95c3c6165dc75285dc529b6f9e26713d/element - {"using":"xpath","value":"//*[@id=\"__tile43\"]"}
RESULT: {"using":"xpath","value":"//*[@id=\"__tile43\"]"}
COMMAND: POST /session/95c3c6165dc75285dc529b6f9e26713d/element/f.635531698F2B1D5C5340D165F45B7D1A.d.341A9FE31C0D00F8D77BA7F2C979DF7F.e.1792/click - {}
RESULT: undefined
COMMAND: POST /session/95c3c6165dc75285dc529b6f9e26713d/execute/async - {"script":"<script> [6424 bytes]","args":[{"element-6066-11e4-a52e-4f735466cecf":"f.635531698F2B1D5C5340D165F45B7D1A.d.341A9FE31C0D00F8D77BA7F2C979DF7F.e.295"},"getTitle",[]]}
COMMAND: POST /session/95c3c6165dc75285dc529b6f9e26713d/execute/async - {"script":"<script> [1562 bytes]","args":[{"selector":{"id":"shellAppTitle"},"wdio_ui5_key":"shellAppTitle"}]}
RESULT: {"script":"<script> [1562 bytes]","args":[{"selector":{"id":"shellAppTitle"},"wdio_ui5_key":"shellAppTitle"}]}
COMMAND: POST /session/95c3c6165dc75285dc529b6f9e26713d/execute/async - {"script":"<script> [6424 bytes]","args":[{"element-6066-11e4-a52e-4f735466cecf":"f.635531698F2B1D5C5340D165F45B7D1A.d.341A9FE31C0D00F8D77BA7F2C979DF7F.e.1910"},"getTitle",[]]}
RESULT: {"script":"<script> [6424 bytes]","args":[{"element-6066-11e4-a52e-4f735466cecf":"f.635531698F2B1D5C5340D165F45B7D1A.d.341A9FE31C0D00F8D77BA7F2C979DF7F.e.1910"},"getTitle",[]]}
RESULT: undefined
COMMAND: POST /session/95c3c6165dc75285dc529b6f9e26713d/element/f.635531698F2B1D5C5340D165F45B7D1A.d.341A9FE31C0D00F8D77BA7F2C979DF7F.e.1683/click - {}
COMMAND: POST /session/95c3c6165dc75285dc529b6f9e26713d/element - {"using":"xpath","value":"//*[@id=\"backBtn\"]"}
RESULT: {"using":"xpath","value":"//*[@id=\"backBtn\"]"}
COMMAND: POST /session/95c3c6165dc75285dc529b6f9e26713d/element/f.635531698F2B1D5C5340D165F45B7D1A.d.341A9FE31C0D00F8D77BA7F2C979DF7F.e.1683/click - {}
COMMAND: POST /session/95c3c6165dc75285dc529b6f9e26713d/element - {"using":"xpath","value":"//*[@id=\"backBtn\"]"}
RESULT: {"using":"xpath","value":"//*[@id=\"backBtn\"]"}
COMMAND: POST /session/95c3c6165dc75285dc529b6f9e26713d/element/f.635531698F2B1D5C5340D165F45B7D1A.d.341A9FE31C0D00F8D77BA7F2C979DF7F.e.1911/click - {}
RESULT: {}
COMMAND: GET /session/95c3c6165dc75285dc529b6f9e26713d/screenshot - {}
RESULT: {}
]]></system-out>
    </testcase>
    <testcase classname="chrome.136_0_7103_93.windows.Sanity_Tests_US104253" name="Should open Manage Calendar Exceptions page" time="35.953">
      <system-out><![CDATA[
COMMAND: POST /session/95c3c6165dc75285dc529b6f9e26713d/execute/async - {"script":"<script> [1562 bytes]","args":[{"selector":{"controlType":"sap.m.GenericTile","properties":{"header":"Manage Calendar Exceptions"}},"wdio_ui5_key":"sapm.GenericTile{\"header\":\"Manage Calendar Exceptions\"}"}]}
RESULT: {"script":"<script> [1562 bytes]","args":[{"selector":{"controlType":"sap.m.GenericTile","properties":{"header":"Manage Calendar Exceptions"}},"wdio_ui5_key":"sapm.GenericTile{\"header\":\"Manage Calendar Exceptions\"}"}]}
RESULT: undefined
COMMAND: POST /session/95c3c6165dc75285dc529b6f9e26713d/element - {"using":"xpath","value":"//*[@id=\"__tile52\"]"}
RESULT: {"using":"xpath","value":"//*[@id=\"__tile52\"]"}
COMMAND: POST /session/95c3c6165dc75285dc529b6f9e26713d/element/f.635531698F2B1D5C5340D165F45B7D1A.d.341A9FE31C0D00F8D77BA7F2C979DF7F.e.1913/click - {}
RESULT: {}
COMMAND: GET /session/95c3c6165dc75285dc529b6f9e26713d/screenshot - {}
RESULT: {}
COMMAND: POST /session/95c3c6165dc75285dc529b6f9e26713d/elements - {"using":"xpath","value":"//span[text()='Error']"}
RESULT: {"using":"xpath","value":"//span[text()='Error']"}
RESULT: undefined
COMMAND: POST /session/95c3c6165dc75285dc529b6f9e26713d/element - {"using":"xpath","value":"//*[@id=\"__tile52\"]"}
RESULT: {"using":"xpath","value":"//*[@id=\"__tile52\"]"}
COMMAND: POST /session/95c3c6165dc75285dc529b6f9e26713d/element/f.635531698F2B1D5C5340D165F45B7D1A.d.341A9FE31C0D00F8D77BA7F2C979DF7F.e.1913/click - {}
RESULT: undefined
COMMAND: POST /session/95c3c6165dc75285dc529b6f9e26713d/element - {"using":"xpath","value":"//*[@id=\"__tile52\"]"}
RESULT: {"using":"xpath","value":"//*[@id=\"__tile52\"]"}
COMMAND: POST /session/95c3c6165dc75285dc529b6f9e26713d/element/f.635531698F2B1D5C5340D165F45B7D1A.d.341A9FE31C0D00F8D77BA7F2C979DF7F.e.1913/click - {}
RESULT: undefined
COMMAND: POST /session/95c3c6165dc75285dc529b6f9e26713d/execute/async - {"script":"<script> [6424 bytes]","args":[{"element-6066-11e4-a52e-4f735466cecf":"f.635531698F2B1D5C5340D165F45B7D1A.d.341A9FE31C0D00F8D77BA7F2C979DF7F.e.295"},"getTitle",[]]}
COMMAND: POST /session/95c3c6165dc75285dc529b6f9e26713d/execute/async - {"script":"<script> [1562 bytes]","args":[{"selector":{"id":"shellAppTitle"},"wdio_ui5_key":"shellAppTitle"}]}
RESULT: {"script":"<script> [1562 bytes]","args":[{"selector":{"id":"shellAppTitle"},"wdio_ui5_key":"shellAppTitle"}]}
COMMAND: POST /session/95c3c6165dc75285dc529b6f9e26713d/execute/async - {"script":"<script> [6424 bytes]","args":[{"element-6066-11e4-a52e-4f735466cecf":"f.635531698F2B1D5C5340D165F45B7D1A.d.341A9FE31C0D00F8D77BA7F2C979DF7F.e.1981"},"getTitle",[]]}
RESULT: {"script":"<script> [6424 bytes]","args":[{"element-6066-11e4-a52e-4f735466cecf":"f.635531698F2B1D5C5340D165F45B7D1A.d.341A9FE31C0D00F8D77BA7F2C979DF7F.e.1981"},"getTitle",[]]}
RESULT: undefined
COMMAND: POST /session/95c3c6165dc75285dc529b6f9e26713d/element/f.635531698F2B1D5C5340D165F45B7D1A.d.341A9FE31C0D00F8D77BA7F2C979DF7F.e.1911/click - {}
RESULT: {}
COMMAND: GET /session/95c3c6165dc75285dc529b6f9e26713d/screenshot - {}
RESULT: {}
]]></system-out>
    </testcase>
    <testcase classname="chrome.136_0_7103_93.windows.Sanity_Tests_US104253" name="Should open Manage States Performance page" time="36.07">
      <system-out><![CDATA[
COMMAND: POST /session/95c3c6165dc75285dc529b6f9e26713d/execute/async - {"script":"<script> [1562 bytes]","args":[{"selector":{"controlType":"sap.m.GenericTile","properties":{"header":"Manage States & Performance"}},"wdio_ui5_key":"sapm.GenericTile{\"header\":\"Manage States & Performance\"}"}]}
RESULT: {"script":"<script> [1562 bytes]","args":[{"selector":{"controlType":"sap.m.GenericTile","properties":{"header":"Manage States & Performance"}},"wdio_ui5_key":"sapm.GenericTile{\"header\":\"Manage States & Performance\"}"}]}
RESULT: undefined
COMMAND: POST /session/95c3c6165dc75285dc529b6f9e26713d/element - {"using":"xpath","value":"//*[@id=\"__tile56\"]"}
RESULT: {"using":"xpath","value":"//*[@id=\"__tile56\"]"}
COMMAND: POST /session/95c3c6165dc75285dc529b6f9e26713d/element/f.635531698F2B1D5C5340D165F45B7D1A.d.341A9FE31C0D00F8D77BA7F2C979DF7F.e.1985/click - {}
RESULT: {}
COMMAND: GET /session/95c3c6165dc75285dc529b6f9e26713d/screenshot - {}
RESULT: {}
COMMAND: POST /session/95c3c6165dc75285dc529b6f9e26713d/elements - {"using":"xpath","value":"//span[text()='Error']"}
RESULT: {"using":"xpath","value":"//span[text()='Error']"}
RESULT: undefined
COMMAND: POST /session/95c3c6165dc75285dc529b6f9e26713d/element - {"using":"xpath","value":"//*[@id=\"__tile56\"]"}
RESULT: {"using":"xpath","value":"//*[@id=\"__tile56\"]"}
COMMAND: POST /session/95c3c6165dc75285dc529b6f9e26713d/element/f.635531698F2B1D5C5340D165F45B7D1A.d.341A9FE31C0D00F8D77BA7F2C979DF7F.e.1985/click - {}
RESULT: undefined
COMMAND: POST /session/95c3c6165dc75285dc529b6f9e26713d/element - {"using":"xpath","value":"//*[@id=\"__tile56\"]"}
RESULT: {"using":"xpath","value":"//*[@id=\"__tile56\"]"}
COMMAND: POST /session/95c3c6165dc75285dc529b6f9e26713d/element/f.635531698F2B1D5C5340D165F45B7D1A.d.341A9FE31C0D00F8D77BA7F2C979DF7F.e.1985/click - {}
RESULT: undefined
COMMAND: POST /session/95c3c6165dc75285dc529b6f9e26713d/execute/async - {"script":"<script> [6424 bytes]","args":[{"element-6066-11e4-a52e-4f735466cecf":"f.635531698F2B1D5C5340D165F45B7D1A.d.341A9FE31C0D00F8D77BA7F2C979DF7F.e.295"},"getTitle",[]]}
COMMAND: POST /session/95c3c6165dc75285dc529b6f9e26713d/execute/async - {"script":"<script> [1562 bytes]","args":[{"selector":{"id":"shellAppTitle"},"wdio_ui5_key":"shellAppTitle"}]}
RESULT: {"script":"<script> [1562 bytes]","args":[{"selector":{"id":"shellAppTitle"},"wdio_ui5_key":"shellAppTitle"}]}
COMMAND: POST /session/95c3c6165dc75285dc529b6f9e26713d/execute/async - {"script":"<script> [6424 bytes]","args":[{"element-6066-11e4-a52e-4f735466cecf":"f.635531698F2B1D5C5340D165F45B7D1A.d.341A9FE31C0D00F8D77BA7F2C979DF7F.e.2084"},"getTitle",[]]}
RESULT: {"script":"<script> [6424 bytes]","args":[{"element-6066-11e4-a52e-4f735466cecf":"f.635531698F2B1D5C5340D165F45B7D1A.d.341A9FE31C0D00F8D77BA7F2C979DF7F.e.2084"},"getTitle",[]]}
RESULT: undefined
COMMAND: POST /session/95c3c6165dc75285dc529b6f9e26713d/element/f.635531698F2B1D5C5340D165F45B7D1A.d.341A9FE31C0D00F8D77BA7F2C979DF7F.e.1911/click - {}
COMMAND: POST /session/95c3c6165dc75285dc529b6f9e26713d/element - {"using":"xpath","value":"//*[@id=\"backBtn\"]"}
RESULT: {"using":"xpath","value":"//*[@id=\"backBtn\"]"}
COMMAND: POST /session/95c3c6165dc75285dc529b6f9e26713d/element/f.635531698F2B1D5C5340D165F45B7D1A.d.341A9FE31C0D00F8D77BA7F2C979DF7F.e.1911/click - {}
COMMAND: POST /session/95c3c6165dc75285dc529b6f9e26713d/element - {"using":"xpath","value":"//*[@id=\"backBtn\"]"}
RESULT: {"using":"xpath","value":"//*[@id=\"backBtn\"]"}
COMMAND: POST /session/95c3c6165dc75285dc529b6f9e26713d/element/f.635531698F2B1D5C5340D165F45B7D1A.d.341A9FE31C0D00F8D77BA7F2C979DF7F.e.2085/click - {}
RESULT: {}
COMMAND: GET /session/95c3c6165dc75285dc529b6f9e26713d/screenshot - {}
RESULT: {}
]]></system-out>
    </testcase>
    <testcase classname="chrome.136_0_7103_93.windows.Sanity_Tests_US104253" name="Should open Manage Billings page" time="36.139">
      <system-out><![CDATA[
COMMAND: POST /session/95c3c6165dc75285dc529b6f9e26713d/execute/async - {"script":"<script> [1562 bytes]","args":[{"selector":{"controlType":"sap.m.GenericTile","properties":{"header":"Manage Billings"}},"wdio_ui5_key":"sapm.GenericTile{\"header\":\"Manage Billings\"}"}]}
RESULT: {"script":"<script> [1562 bytes]","args":[{"selector":{"controlType":"sap.m.GenericTile","properties":{"header":"Manage Billings"}},"wdio_ui5_key":"sapm.GenericTile{\"header\":\"Manage Billings\"}"}]}
RESULT: undefined
COMMAND: POST /session/95c3c6165dc75285dc529b6f9e26713d/element - {"using":"xpath","value":"//*[@id=\"__tile51\"]"}
RESULT: {"using":"xpath","value":"//*[@id=\"__tile51\"]"}
COMMAND: POST /session/95c3c6165dc75285dc529b6f9e26713d/element/f.635531698F2B1D5C5340D165F45B7D1A.d.341A9FE31C0D00F8D77BA7F2C979DF7F.e.2087/click - {}
RESULT: {}
COMMAND: GET /session/95c3c6165dc75285dc529b6f9e26713d/screenshot - {}
RESULT: {}
COMMAND: POST /session/95c3c6165dc75285dc529b6f9e26713d/elements - {"using":"xpath","value":"//span[text()='Error']"}
RESULT: {"using":"xpath","value":"//span[text()='Error']"}
RESULT: undefined
COMMAND: POST /session/95c3c6165dc75285dc529b6f9e26713d/element - {"using":"xpath","value":"//*[@id=\"__tile51\"]"}
RESULT: {"using":"xpath","value":"//*[@id=\"__tile51\"]"}
COMMAND: POST /session/95c3c6165dc75285dc529b6f9e26713d/element/f.635531698F2B1D5C5340D165F45B7D1A.d.341A9FE31C0D00F8D77BA7F2C979DF7F.e.2087/click - {}
RESULT: undefined
COMMAND: POST /session/95c3c6165dc75285dc529b6f9e26713d/element - {"using":"xpath","value":"//*[@id=\"__tile51\"]"}
RESULT: {"using":"xpath","value":"//*[@id=\"__tile51\"]"}
COMMAND: POST /session/95c3c6165dc75285dc529b6f9e26713d/element/f.635531698F2B1D5C5340D165F45B7D1A.d.341A9FE31C0D00F8D77BA7F2C979DF7F.e.2087/click - {}
RESULT: undefined
COMMAND: POST /session/95c3c6165dc75285dc529b6f9e26713d/execute/async - {"script":"<script> [6424 bytes]","args":[{"element-6066-11e4-a52e-4f735466cecf":"f.635531698F2B1D5C5340D165F45B7D1A.d.341A9FE31C0D00F8D77BA7F2C979DF7F.e.295"},"getTitle",[]]}
COMMAND: POST /session/95c3c6165dc75285dc529b6f9e26713d/execute/async - {"script":"<script> [1562 bytes]","args":[{"selector":{"id":"shellAppTitle"},"wdio_ui5_key":"shellAppTitle"}]}
RESULT: {"script":"<script> [1562 bytes]","args":[{"selector":{"id":"shellAppTitle"},"wdio_ui5_key":"shellAppTitle"}]}
COMMAND: POST /session/95c3c6165dc75285dc529b6f9e26713d/execute/async - {"script":"<script> [6424 bytes]","args":[{"element-6066-11e4-a52e-4f735466cecf":"f.635531698F2B1D5C5340D165F45B7D1A.d.341A9FE31C0D00F8D77BA7F2C979DF7F.e.2320"},"getTitle",[]]}
RESULT: {"script":"<script> [6424 bytes]","args":[{"element-6066-11e4-a52e-4f735466cecf":"f.635531698F2B1D5C5340D165F45B7D1A.d.341A9FE31C0D00F8D77BA7F2C979DF7F.e.2320"},"getTitle",[]]}
RESULT: undefined
COMMAND: POST /session/95c3c6165dc75285dc529b6f9e26713d/element/f.635531698F2B1D5C5340D165F45B7D1A.d.341A9FE31C0D00F8D77BA7F2C979DF7F.e.2085/click - {}
COMMAND: POST /session/95c3c6165dc75285dc529b6f9e26713d/element/f.635531698F2B1D5C5340D165F45B7D1A.d.341A9FE31C0D00F8D77BA7F2C979DF7F.e.2085/click - {}
RESULT: {}
COMMAND: GET /session/95c3c6165dc75285dc529b6f9e26713d/screenshot - {}
COMMAND: POST /session/95c3c6165dc75285dc529b6f9e26713d/element - {"using":"xpath","value":"//*[@id=\"backBtn\"]"}
RESULT: {}
RESULT: {"using":"xpath","value":"//*[@id=\"backBtn\"]"}
COMMAND: POST /session/95c3c6165dc75285dc529b6f9e26713d/elements - {"using":"xpath","value":"//*[@id=\"backBtn\"]"}
RESULT: {"using":"xpath","value":"//*[@id=\"backBtn\"]"}
COMMAND: POST /session/95c3c6165dc75285dc529b6f9e26713d/elements - {"using":"xpath","value":"//*[@id=\"backBtn\"]"}
RESULT: {"using":"xpath","value":"//*[@id=\"backBtn\"]"}
COMMAND: POST /session/95c3c6165dc75285dc529b6f9e26713d/elements - {"using":"xpath","value":"//*[@id=\"backBtn\"]"}
RESULT: {"using":"xpath","value":"//*[@id=\"backBtn\"]"}
COMMAND: POST /session/95c3c6165dc75285dc529b6f9e26713d/elements - {"using":"xpath","value":"//*[@id=\"backBtn\"]"}
RESULT: {"using":"xpath","value":"//*[@id=\"backBtn\"]"}
COMMAND: POST /session/95c3c6165dc75285dc529b6f9e26713d/elements - {"using":"xpath","value":"//*[@id=\"backBtn\"]"}
RESULT: {"using":"xpath","value":"//*[@id=\"backBtn\"]"}
COMMAND: POST /session/95c3c6165dc75285dc529b6f9e26713d/elements - {"using":"xpath","value":"//*[@id=\"backBtn\"]"}
RESULT: {"using":"xpath","value":"//*[@id=\"backBtn\"]"}
COMMAND: POST /session/95c3c6165dc75285dc529b6f9e26713d/elements - {"using":"xpath","value":"//*[@id=\"backBtn\"]"}
RESULT: {"using":"xpath","value":"//*[@id=\"backBtn\"]"}
COMMAND: POST /session/95c3c6165dc75285dc529b6f9e26713d/elements - {"using":"xpath","value":"//*[@id=\"backBtn\"]"}
RESULT: {"using":"xpath","value":"//*[@id=\"backBtn\"]"}
COMMAND: POST /session/95c3c6165dc75285dc529b6f9e26713d/elements - {"using":"xpath","value":"//*[@id=\"backBtn\"]"}
RESULT: {"using":"xpath","value":"//*[@id=\"backBtn\"]"}
COMMAND: POST /session/95c3c6165dc75285dc529b6f9e26713d/elements - {"using":"xpath","value":"//*[@id=\"backBtn\"]"}
RESULT: {"using":"xpath","value":"//*[@id=\"backBtn\"]"}
COMMAND: POST /session/95c3c6165dc75285dc529b6f9e26713d/elements - {"using":"xpath","value":"//*[@id=\"backBtn\"]"}
RESULT: {"using":"xpath","value":"//*[@id=\"backBtn\"]"}
COMMAND: POST /session/95c3c6165dc75285dc529b6f9e26713d/elements - {"using":"xpath","value":"//*[@id=\"backBtn\"]"}
RESULT: {"using":"xpath","value":"//*[@id=\"backBtn\"]"}
COMMAND: POST /session/95c3c6165dc75285dc529b6f9e26713d/elements - {"using":"xpath","value":"//*[@id=\"backBtn\"]"}
RESULT: {"using":"xpath","value":"//*[@id=\"backBtn\"]"}
COMMAND: POST /session/95c3c6165dc75285dc529b6f9e26713d/elements - {"using":"xpath","value":"//*[@id=\"backBtn\"]"}
RESULT: {"using":"xpath","value":"//*[@id=\"backBtn\"]"}
COMMAND: POST /session/95c3c6165dc75285dc529b6f9e26713d/elements - {"using":"xpath","value":"//*[@id=\"backBtn\"]"}
RESULT: {"using":"xpath","value":"//*[@id=\"backBtn\"]"}
COMMAND: POST /session/95c3c6165dc75285dc529b6f9e26713d/elements - {"using":"xpath","value":"//*[@id=\"backBtn\"]"}
RESULT: {"using":"xpath","value":"//*[@id=\"backBtn\"]"}
COMMAND: POST /session/95c3c6165dc75285dc529b6f9e26713d/elements - {"using":"xpath","value":"//*[@id=\"backBtn\"]"}
RESULT: {"using":"xpath","value":"//*[@id=\"backBtn\"]"}
COMMAND: POST /session/95c3c6165dc75285dc529b6f9e26713d/elements - {"using":"xpath","value":"//*[@id=\"backBtn\"]"}
RESULT: {"using":"xpath","value":"//*[@id=\"backBtn\"]"}
COMMAND: POST /session/95c3c6165dc75285dc529b6f9e26713d/elements - {"using":"xpath","value":"//*[@id=\"backBtn\"]"}
]]></system-out>
    </testcase>
    <testcase classname="chrome.136_0_7103_93.windows.Sanity_Tests_US104253" name="Should open Manage Conditions Prices page" time="43.522">
      <system-out><![CDATA[
COMMAND: POST /session/95c3c6165dc75285dc529b6f9e26713d/execute/async - {"script":"<script> [1562 bytes]","args":[{"selector":{"controlType":"sap.m.GenericTile","properties":{"header":"Manage Conditions & Prices"}},"wdio_ui5_key":"sapm.GenericTile{\"header\":\"Manage Conditions & Prices\"}"}]}
RESULT: {"using":"xpath","value":"//*[@id=\"backBtn\"]"}
RESULT: {"script":"<script> [1562 bytes]","args":[{"selector":{"controlType":"sap.m.GenericTile","properties":{"header":"Manage Conditions & Prices"}},"wdio_ui5_key":"sapm.GenericTile{\"header\":\"Manage Conditions & Prices\"}"}]}
RESULT: undefined
COMMAND: POST /session/95c3c6165dc75285dc529b6f9e26713d/element - {"using":"xpath","value":"//*[@id=\"__tile53\"]"}
COMMAND: POST /session/95c3c6165dc75285dc529b6f9e26713d/elements - {"using":"xpath","value":"//*[@id=\"backBtn\"]"}
RESULT: {"using":"xpath","value":"//*[@id=\"__tile53\"]"}
COMMAND: POST /session/95c3c6165dc75285dc529b6f9e26713d/element/f.635531698F2B1D5C5340D165F45B7D1A.d.341A9FE31C0D00F8D77BA7F2C979DF7F.e.2322/click - {}
RESULT: {"using":"xpath","value":"//*[@id=\"backBtn\"]"}
RESULT: {}
COMMAND: GET /session/95c3c6165dc75285dc529b6f9e26713d/screenshot - {}
RESULT: {}
COMMAND: POST /session/95c3c6165dc75285dc529b6f9e26713d/elements - {"using":"xpath","value":"//*[@id=\"backBtn\"]"}
RESULT: {"using":"xpath","value":"//*[@id=\"backBtn\"]"}
COMMAND: POST /session/95c3c6165dc75285dc529b6f9e26713d/elements - {"using":"xpath","value":"//*[@id=\"backBtn\"]"}
RESULT: {"using":"xpath","value":"//*[@id=\"backBtn\"]"}
COMMAND: POST /session/95c3c6165dc75285dc529b6f9e26713d/elements - {"using":"xpath","value":"//*[@id=\"backBtn\"]"}
RESULT: {"using":"xpath","value":"//*[@id=\"backBtn\"]"}
COMMAND: POST /session/95c3c6165dc75285dc529b6f9e26713d/element - {"using":"xpath","value":"//*[@id=\"backBtn\"]"}
RESULT: {"using":"xpath","value":"//*[@id=\"backBtn\"]"}
COMMAND: POST /session/95c3c6165dc75285dc529b6f9e26713d/element/f.635531698F2B1D5C5340D165F45B7D1A.d.341A9FE31C0D00F8D77BA7F2C979DF7F.e.2085/click - {}
COMMAND: POST /session/95c3c6165dc75285dc529b6f9e26713d/element - {"using":"xpath","value":"//*[@id=\"backBtn\"]"}
RESULT: {"using":"xpath","value":"//*[@id=\"backBtn\"]"}
COMMAND: POST /session/95c3c6165dc75285dc529b6f9e26713d/element/f.635531698F2B1D5C5340D165F45B7D1A.d.341A9FE31C0D00F8D77BA7F2C979DF7F.e.2326/click - {}
COMMAND: POST /session/95c3c6165dc75285dc529b6f9e26713d/elements - {"using":"xpath","value":"//span[text()='Error']"}
RESULT: {}
COMMAND: GET /session/95c3c6165dc75285dc529b6f9e26713d/screenshot - {}
RESULT: {"using":"xpath","value":"//span[text()='Error']"}
RESULT: {}
RESULT: undefined
COMMAND: POST /session/95c3c6165dc75285dc529b6f9e26713d/element - {"using":"xpath","value":"//*[@id=\"__tile53\"]"}
RESULT: {"using":"xpath","value":"//*[@id=\"__tile53\"]"}
COMMAND: POST /session/95c3c6165dc75285dc529b6f9e26713d/element/f.635531698F2B1D5C5340D165F45B7D1A.d.341A9FE31C0D00F8D77BA7F2C979DF7F.e.2322/click - {}
RESULT: {}
RESULT: undefined
COMMAND: POST /session/95c3c6165dc75285dc529b6f9e26713d/element - {"using":"xpath","value":"//*[@id=\"__tile53\"]"}
COMMAND: GET /session/95c3c6165dc75285dc529b6f9e26713d/screenshot - {}
RESULT: {}
RESULT: {"using":"xpath","value":"//*[@id=\"__tile53\"]"}
COMMAND: POST /session/95c3c6165dc75285dc529b6f9e26713d/element/f.635531698F2B1D5C5340D165F45B7D1A.d.341A9FE31C0D00F8D77BA7F2C979DF7F.e.2322/click - {}
RESULT: undefined
COMMAND: POST /session/95c3c6165dc75285dc529b6f9e26713d/execute/async - {"script":"<script> [6424 bytes]","args":[{"element-6066-11e4-a52e-4f735466cecf":"f.635531698F2B1D5C5340D165F45B7D1A.d.341A9FE31C0D00F8D77BA7F2C979DF7F.e.295"},"getTitle",[]]}
COMMAND: POST /session/95c3c6165dc75285dc529b6f9e26713d/execute/async - {"script":"<script> [1562 bytes]","args":[{"selector":{"id":"shellAppTitle"},"wdio_ui5_key":"shellAppTitle"}]}
RESULT: {"script":"<script> [1562 bytes]","args":[{"selector":{"id":"shellAppTitle"},"wdio_ui5_key":"shellAppTitle"}]}
COMMAND: POST /session/95c3c6165dc75285dc529b6f9e26713d/execute/async - {"script":"<script> [6424 bytes]","args":[{"element-6066-11e4-a52e-4f735466cecf":"f.635531698F2B1D5C5340D165F45B7D1A.d.341A9FE31C0D00F8D77BA7F2C979DF7F.e.2680"},"getTitle",[]]}
RESULT: {"script":"<script> [6424 bytes]","args":[{"element-6066-11e4-a52e-4f735466cecf":"f.635531698F2B1D5C5340D165F45B7D1A.d.341A9FE31C0D00F8D77BA7F2C979DF7F.e.2680"},"getTitle",[]]}
RESULT: undefined
COMMAND: POST /session/95c3c6165dc75285dc529b6f9e26713d/element/f.635531698F2B1D5C5340D165F45B7D1A.d.341A9FE31C0D00F8D77BA7F2C979DF7F.e.2326/click - {}
RESULT: {}
COMMAND: GET /session/95c3c6165dc75285dc529b6f9e26713d/screenshot - {}
RESULT: {}
]]></system-out>
    </testcase>
    <testcase classname="chrome.136_0_7103_93.windows.Sanity_Tests_US104253" name="Should open Billing Transfer page" time="36.142">
      <system-out><![CDATA[
COMMAND: POST /session/95c3c6165dc75285dc529b6f9e26713d/execute/async - {"script":"<script> [1562 bytes]","args":[{"selector":{"controlType":"sap.m.GenericTile","properties":{"header":"Billing Transfer"}},"wdio_ui5_key":"sapm.GenericTile{\"header\":\"Billing Transfer\"}"}]}
RESULT: {"script":"<script> [1562 bytes]","args":[{"selector":{"controlType":"sap.m.GenericTile","properties":{"header":"Billing Transfer"}},"wdio_ui5_key":"sapm.GenericTile{\"header\":\"Billing Transfer\"}"}]}
RESULT: undefined
COMMAND: POST /session/95c3c6165dc75285dc529b6f9e26713d/element - {"using":"xpath","value":"//*[@id=\"__tile50\"]"}
RESULT: {"using":"xpath","value":"//*[@id=\"__tile50\"]"}
COMMAND: POST /session/95c3c6165dc75285dc529b6f9e26713d/element/f.635531698F2B1D5C5340D165F45B7D1A.d.341A9FE31C0D00F8D77BA7F2C979DF7F.e.2682/click - {}
RESULT: {}
COMMAND: GET /session/95c3c6165dc75285dc529b6f9e26713d/screenshot - {}
RESULT: {}
COMMAND: POST /session/95c3c6165dc75285dc529b6f9e26713d/elements - {"using":"xpath","value":"//span[text()='Error']"}
RESULT: {"using":"xpath","value":"//span[text()='Error']"}
RESULT: undefined
COMMAND: POST /session/95c3c6165dc75285dc529b6f9e26713d/element - {"using":"xpath","value":"//*[@id=\"__tile50\"]"}
RESULT: {"using":"xpath","value":"//*[@id=\"__tile50\"]"}
COMMAND: POST /session/95c3c6165dc75285dc529b6f9e26713d/element/f.635531698F2B1D5C5340D165F45B7D1A.d.341A9FE31C0D00F8D77BA7F2C979DF7F.e.2682/click - {}
RESULT: undefined
COMMAND: POST /session/95c3c6165dc75285dc529b6f9e26713d/element - {"using":"xpath","value":"//*[@id=\"__tile50\"]"}
RESULT: {"using":"xpath","value":"//*[@id=\"__tile50\"]"}
COMMAND: POST /session/95c3c6165dc75285dc529b6f9e26713d/element/f.635531698F2B1D5C5340D165F45B7D1A.d.341A9FE31C0D00F8D77BA7F2C979DF7F.e.2682/click - {}
RESULT: undefined
COMMAND: POST /session/95c3c6165dc75285dc529b6f9e26713d/execute/async - {"script":"<script> [6424 bytes]","args":[{"element-6066-11e4-a52e-4f735466cecf":"f.635531698F2B1D5C5340D165F45B7D1A.d.341A9FE31C0D00F8D77BA7F2C979DF7F.e.295"},"getTitle",[]]}
COMMAND: POST /session/95c3c6165dc75285dc529b6f9e26713d/execute/async - {"script":"<script> [1562 bytes]","args":[{"selector":{"id":"shellAppTitle"},"wdio_ui5_key":"shellAppTitle"}]}
RESULT: {"script":"<script> [1562 bytes]","args":[{"selector":{"id":"shellAppTitle"},"wdio_ui5_key":"shellAppTitle"}]}
COMMAND: POST /session/95c3c6165dc75285dc529b6f9e26713d/execute/async - {"script":"<script> [6424 bytes]","args":[{"element-6066-11e4-a52e-4f735466cecf":"f.635531698F2B1D5C5340D165F45B7D1A.d.341A9FE31C0D00F8D77BA7F2C979DF7F.e.2817"},"getTitle",[]]}
RESULT: {"script":"<script> [6424 bytes]","args":[{"element-6066-11e4-a52e-4f735466cecf":"f.635531698F2B1D5C5340D165F45B7D1A.d.341A9FE31C0D00F8D77BA7F2C979DF7F.e.2817"},"getTitle",[]]}
RESULT: undefined
COMMAND: POST /session/95c3c6165dc75285dc529b6f9e26713d/element/f.635531698F2B1D5C5340D165F45B7D1A.d.341A9FE31C0D00F8D77BA7F2C979DF7F.e.2326/click - {}
COMMAND: POST /session/95c3c6165dc75285dc529b6f9e26713d/element - {"using":"xpath","value":"//*[@id=\"backBtn\"]"}
RESULT: {"using":"xpath","value":"//*[@id=\"backBtn\"]"}
COMMAND: POST /session/95c3c6165dc75285dc529b6f9e26713d/element/f.635531698F2B1D5C5340D165F45B7D1A.d.341A9FE31C0D00F8D77BA7F2C979DF7F.e.2326/click - {}
COMMAND: POST /session/95c3c6165dc75285dc529b6f9e26713d/element - {"using":"xpath","value":"//*[@id=\"backBtn\"]"}
RESULT: {"using":"xpath","value":"//*[@id=\"backBtn\"]"}
COMMAND: POST /session/95c3c6165dc75285dc529b6f9e26713d/element/f.635531698F2B1D5C5340D165F45B7D1A.d.341A9FE31C0D00F8D77BA7F2C979DF7F.e.2818/click - {}
RESULT: {}
COMMAND: GET /session/95c3c6165dc75285dc529b6f9e26713d/screenshot - {}
RESULT: {}
]]></system-out>
    </testcase>
    <testcase classname="chrome.136_0_7103_93.windows.Sanity_Tests_US104253" name="Should open Manage Pricing Rules page" time="37.342">
      <system-out><![CDATA[
COMMAND: POST /session/95c3c6165dc75285dc529b6f9e26713d/execute/async - {"script":"<script> [1562 bytes]","args":[{"selector":{"controlType":"sap.m.GenericTile","properties":{"header":"Manage Pricing Rules"}},"wdio_ui5_key":"sapm.GenericTile{\"header\":\"Manage Pricing Rules\"}"}]}
RESULT: {"script":"<script> [1562 bytes]","args":[{"selector":{"controlType":"sap.m.GenericTile","properties":{"header":"Manage Pricing Rules"}},"wdio_ui5_key":"sapm.GenericTile{\"header\":\"Manage Pricing Rules\"}"}]}
RESULT: undefined
COMMAND: POST /session/95c3c6165dc75285dc529b6f9e26713d/element - {"using":"xpath","value":"//*[@id=\"__tile55\"]"}
RESULT: {"using":"xpath","value":"//*[@id=\"__tile55\"]"}
COMMAND: POST /session/95c3c6165dc75285dc529b6f9e26713d/element/f.635531698F2B1D5C5340D165F45B7D1A.d.341A9FE31C0D00F8D77BA7F2C979DF7F.e.2820/click - {}
RESULT: {}
COMMAND: GET /session/95c3c6165dc75285dc529b6f9e26713d/screenshot - {}
RESULT: {}
COMMAND: POST /session/95c3c6165dc75285dc529b6f9e26713d/elements - {"using":"xpath","value":"//span[text()='Error']"}
RESULT: {"using":"xpath","value":"//span[text()='Error']"}
RESULT: undefined
COMMAND: POST /session/95c3c6165dc75285dc529b6f9e26713d/element - {"using":"xpath","value":"//*[@id=\"__tile55\"]"}
RESULT: {"using":"xpath","value":"//*[@id=\"__tile55\"]"}
COMMAND: POST /session/95c3c6165dc75285dc529b6f9e26713d/element/f.635531698F2B1D5C5340D165F45B7D1A.d.341A9FE31C0D00F8D77BA7F2C979DF7F.e.2820/click - {}
RESULT: undefined
COMMAND: POST /session/95c3c6165dc75285dc529b6f9e26713d/element - {"using":"xpath","value":"//*[@id=\"__tile55\"]"}
RESULT: {"using":"xpath","value":"//*[@id=\"__tile55\"]"}
COMMAND: POST /session/95c3c6165dc75285dc529b6f9e26713d/element/f.635531698F2B1D5C5340D165F45B7D1A.d.341A9FE31C0D00F8D77BA7F2C979DF7F.e.2820/click - {}
RESULT: undefined
COMMAND: POST /session/95c3c6165dc75285dc529b6f9e26713d/execute/async - {"script":"<script> [6424 bytes]","args":[{"element-6066-11e4-a52e-4f735466cecf":"f.635531698F2B1D5C5340D165F45B7D1A.d.341A9FE31C0D00F8D77BA7F2C979DF7F.e.295"},"getTitle",[]]}
COMMAND: POST /session/95c3c6165dc75285dc529b6f9e26713d/execute/async - {"script":"<script> [1562 bytes]","args":[{"selector":{"id":"shellAppTitle"},"wdio_ui5_key":"shellAppTitle"}]}
RESULT: {"script":"<script> [1562 bytes]","args":[{"selector":{"id":"shellAppTitle"},"wdio_ui5_key":"shellAppTitle"}]}
COMMAND: POST /session/95c3c6165dc75285dc529b6f9e26713d/execute/async - {"script":"<script> [6424 bytes]","args":[{"element-6066-11e4-a52e-4f735466cecf":"f.635531698F2B1D5C5340D165F45B7D1A.d.341A9FE31C0D00F8D77BA7F2C979DF7F.e.2900"},"getTitle",[]]}
RESULT: {"script":"<script> [6424 bytes]","args":[{"element-6066-11e4-a52e-4f735466cecf":"f.635531698F2B1D5C5340D165F45B7D1A.d.341A9FE31C0D00F8D77BA7F2C979DF7F.e.2900"},"getTitle",[]]}
RESULT: undefined
COMMAND: POST /session/95c3c6165dc75285dc529b6f9e26713d/element/f.635531698F2B1D5C5340D165F45B7D1A.d.341A9FE31C0D00F8D77BA7F2C979DF7F.e.2818/click - {}
RESULT: {}
COMMAND: GET /session/95c3c6165dc75285dc529b6f9e26713d/screenshot - {}
RESULT: {}
]]></system-out>
    </testcase>
    <testcase classname="chrome.136_0_7103_93.windows.Sanity_Tests_US104253" name="Should open Manage Price Determination Matrices page" time="36.036">
      <system-out><![CDATA[
COMMAND: POST /session/95c3c6165dc75285dc529b6f9e26713d/execute/async - {"script":"<script> [1562 bytes]","args":[{"selector":{"controlType":"sap.m.GenericTile","properties":{"header":"Manage Price Determination Matrices"}},"wdio_ui5_key":"sapm.GenericTile{\"header\":\"Manage Price Determination Matrices\"}"}]}
RESULT: {"script":"<script> [1562 bytes]","args":[{"selector":{"controlType":"sap.m.GenericTile","properties":{"header":"Manage Price Determination Matrices"}},"wdio_ui5_key":"sapm.GenericTile{\"header\":\"Manage Price Determination Matrices\"}"}]}
RESULT: undefined
COMMAND: POST /session/95c3c6165dc75285dc529b6f9e26713d/element - {"using":"xpath","value":"//*[@id=\"__tile54\"]"}
RESULT: {"using":"xpath","value":"//*[@id=\"__tile54\"]"}
COMMAND: POST /session/95c3c6165dc75285dc529b6f9e26713d/element/f.635531698F2B1D5C5340D165F45B7D1A.d.341A9FE31C0D00F8D77BA7F2C979DF7F.e.2902/click - {}
RESULT: {}
COMMAND: GET /session/95c3c6165dc75285dc529b6f9e26713d/screenshot - {}
RESULT: {}
COMMAND: POST /session/95c3c6165dc75285dc529b6f9e26713d/elements - {"using":"xpath","value":"//span[text()='Error']"}
RESULT: {"using":"xpath","value":"//span[text()='Error']"}
RESULT: undefined
COMMAND: POST /session/95c3c6165dc75285dc529b6f9e26713d/element - {"using":"xpath","value":"//*[@id=\"__tile54\"]"}
RESULT: {"using":"xpath","value":"//*[@id=\"__tile54\"]"}
COMMAND: POST /session/95c3c6165dc75285dc529b6f9e26713d/element/f.635531698F2B1D5C5340D165F45B7D1A.d.341A9FE31C0D00F8D77BA7F2C979DF7F.e.2902/click - {}
RESULT: undefined
COMMAND: POST /session/95c3c6165dc75285dc529b6f9e26713d/element - {"using":"xpath","value":"//*[@id=\"__tile54\"]"}
RESULT: {"using":"xpath","value":"//*[@id=\"__tile54\"]"}
COMMAND: POST /session/95c3c6165dc75285dc529b6f9e26713d/element/f.635531698F2B1D5C5340D165F45B7D1A.d.341A9FE31C0D00F8D77BA7F2C979DF7F.e.2902/click - {}
RESULT: undefined
COMMAND: POST /session/95c3c6165dc75285dc529b6f9e26713d/execute/async - {"script":"<script> [6424 bytes]","args":[{"element-6066-11e4-a52e-4f735466cecf":"f.635531698F2B1D5C5340D165F45B7D1A.d.341A9FE31C0D00F8D77BA7F2C979DF7F.e.295"},"getTitle",[]]}
COMMAND: POST /session/95c3c6165dc75285dc529b6f9e26713d/execute/async - {"script":"<script> [1562 bytes]","args":[{"selector":{"id":"shellAppTitle"},"wdio_ui5_key":"shellAppTitle"}]}
RESULT: {"script":"<script> [1562 bytes]","args":[{"selector":{"id":"shellAppTitle"},"wdio_ui5_key":"shellAppTitle"}]}
COMMAND: POST /session/95c3c6165dc75285dc529b6f9e26713d/execute/async - {"script":"<script> [6424 bytes]","args":[{"element-6066-11e4-a52e-4f735466cecf":"f.635531698F2B1D5C5340D165F45B7D1A.d.341A9FE31C0D00F8D77BA7F2C979DF7F.e.2982"},"getTitle",[]]}
RESULT: {"script":"<script> [6424 bytes]","args":[{"element-6066-11e4-a52e-4f735466cecf":"f.635531698F2B1D5C5340D165F45B7D1A.d.341A9FE31C0D00F8D77BA7F2C979DF7F.e.2982"},"getTitle",[]]}
RESULT: undefined
COMMAND: POST /session/95c3c6165dc75285dc529b6f9e26713d/element/f.635531698F2B1D5C5340D165F45B7D1A.d.341A9FE31C0D00F8D77BA7F2C979DF7F.e.2818/click - {}
COMMAND: POST /session/95c3c6165dc75285dc529b6f9e26713d/element - {"using":"xpath","value":"//*[@id=\"backBtn\"]"}
RESULT: {"using":"xpath","value":"//*[@id=\"backBtn\"]"}
COMMAND: POST /session/95c3c6165dc75285dc529b6f9e26713d/element/f.635531698F2B1D5C5340D165F45B7D1A.d.341A9FE31C0D00F8D77BA7F2C979DF7F.e.2818/click - {}
COMMAND: POST /session/95c3c6165dc75285dc529b6f9e26713d/element - {"using":"xpath","value":"//*[@id=\"backBtn\"]"}
RESULT: {"using":"xpath","value":"//*[@id=\"backBtn\"]"}
COMMAND: POST /session/95c3c6165dc75285dc529b6f9e26713d/element/f.635531698F2B1D5C5340D165F45B7D1A.d.341A9FE31C0D00F8D77BA7F2C979DF7F.e.2983/click - {}
RESULT: {}
COMMAND: GET /session/95c3c6165dc75285dc529b6f9e26713d/screenshot - {}
RESULT: {}
]]></system-out>
    </testcase>
    <testcase classname="chrome.136_0_7103_93.windows.Sanity_Tests_US104253" name="Should open Yard Overview page" time="36.476">
      <system-out><![CDATA[
COMMAND: POST /session/95c3c6165dc75285dc529b6f9e26713d/execute/async - {"script":"<script> [1562 bytes]","args":[{"selector":{"controlType":"sap.m.GenericTile","properties":{"header":"Yard Overview"}},"wdio_ui5_key":"sapm.GenericTile{\"header\":\"Yard Overview\"}"}]}
RESULT: {"script":"<script> [1562 bytes]","args":[{"selector":{"controlType":"sap.m.GenericTile","properties":{"header":"Yard Overview"}},"wdio_ui5_key":"sapm.GenericTile{\"header\":\"Yard Overview\"}"}]}
RESULT: undefined
COMMAND: POST /session/95c3c6165dc75285dc529b6f9e26713d/element - {"using":"xpath","value":"//*[@id=\"__tile102\"]"}
RESULT: {"using":"xpath","value":"//*[@id=\"__tile102\"]"}
COMMAND: POST /session/95c3c6165dc75285dc529b6f9e26713d/element/f.635531698F2B1D5C5340D165F45B7D1A.d.341A9FE31C0D00F8D77BA7F2C979DF7F.e.2985/click - {}
RESULT: {}
COMMAND: GET /session/95c3c6165dc75285dc529b6f9e26713d/screenshot - {}
RESULT: {}
COMMAND: POST /session/95c3c6165dc75285dc529b6f9e26713d/elements - {"using":"xpath","value":"//span[text()='Error']"}
RESULT: {"using":"xpath","value":"//span[text()='Error']"}
RESULT: undefined
COMMAND: POST /session/95c3c6165dc75285dc529b6f9e26713d/element - {"using":"xpath","value":"//*[@id=\"__tile102\"]"}
RESULT: {"using":"xpath","value":"//*[@id=\"__tile102\"]"}
COMMAND: POST /session/95c3c6165dc75285dc529b6f9e26713d/element/f.635531698F2B1D5C5340D165F45B7D1A.d.341A9FE31C0D00F8D77BA7F2C979DF7F.e.2985/click - {}
RESULT: undefined
COMMAND: POST /session/95c3c6165dc75285dc529b6f9e26713d/element - {"using":"xpath","value":"//*[@id=\"__tile102\"]"}
RESULT: {"using":"xpath","value":"//*[@id=\"__tile102\"]"}
COMMAND: POST /session/95c3c6165dc75285dc529b6f9e26713d/element/f.635531698F2B1D5C5340D165F45B7D1A.d.341A9FE31C0D00F8D77BA7F2C979DF7F.e.2985/click - {}
RESULT: undefined
COMMAND: POST /session/95c3c6165dc75285dc529b6f9e26713d/execute/async - {"script":"<script> [6424 bytes]","args":[{"element-6066-11e4-a52e-4f735466cecf":"f.635531698F2B1D5C5340D165F45B7D1A.d.341A9FE31C0D00F8D77BA7F2C979DF7F.e.295"},"getTitle",[]]}
COMMAND: POST /session/95c3c6165dc75285dc529b6f9e26713d/execute/async - {"script":"<script> [1562 bytes]","args":[{"selector":{"id":"shellAppTitle"},"wdio_ui5_key":"shellAppTitle"}]}
RESULT: {"script":"<script> [1562 bytes]","args":[{"selector":{"id":"shellAppTitle"},"wdio_ui5_key":"shellAppTitle"}]}
COMMAND: POST /session/95c3c6165dc75285dc529b6f9e26713d/execute/async - {"script":"<script> [6424 bytes]","args":[{"element-6066-11e4-a52e-4f735466cecf":"f.635531698F2B1D5C5340D165F45B7D1A.d.341A9FE31C0D00F8D77BA7F2C979DF7F.e.3044"},"getTitle",[]]}
RESULT: {"script":"<script> [6424 bytes]","args":[{"element-6066-11e4-a52e-4f735466cecf":"f.635531698F2B1D5C5340D165F45B7D1A.d.341A9FE31C0D00F8D77BA7F2C979DF7F.e.3044"},"getTitle",[]]}
RESULT: undefined
COMMAND: POST /session/95c3c6165dc75285dc529b6f9e26713d/element/f.635531698F2B1D5C5340D165F45B7D1A.d.341A9FE31C0D00F8D77BA7F2C979DF7F.e.2983/click - {}
RESULT: {}
COMMAND: GET /session/95c3c6165dc75285dc529b6f9e26713d/screenshot - {}
RESULT: {}
]]></system-out>
    </testcase>
    <testcase classname="chrome.136_0_7103_93.windows.Sanity_Tests_US104253" name="Should open Site Overview page" time="36.194">
      <system-out><![CDATA[
COMMAND: POST /session/95c3c6165dc75285dc529b6f9e26713d/execute/async - {"script":"<script> [1562 bytes]","args":[{"selector":{"controlType":"sap.m.GenericTile","properties":{"header":"Site Overview"}},"wdio_ui5_key":"sapm.GenericTile{\"header\":\"Site Overview\"}"}]}
RESULT: {"script":"<script> [1562 bytes]","args":[{"selector":{"controlType":"sap.m.GenericTile","properties":{"header":"Site Overview"}},"wdio_ui5_key":"sapm.GenericTile{\"header\":\"Site Overview\"}"}]}
RESULT: undefined
COMMAND: POST /session/95c3c6165dc75285dc529b6f9e26713d/element - {"using":"xpath","value":"//*[@id=\"__tile100\"]"}
RESULT: {"using":"xpath","value":"//*[@id=\"__tile100\"]"}
COMMAND: POST /session/95c3c6165dc75285dc529b6f9e26713d/element/f.635531698F2B1D5C5340D165F45B7D1A.d.341A9FE31C0D00F8D77BA7F2C979DF7F.e.3047/click - {}
RESULT: {}
COMMAND: GET /session/95c3c6165dc75285dc529b6f9e26713d/screenshot - {}
RESULT: {}
COMMAND: POST /session/95c3c6165dc75285dc529b6f9e26713d/elements - {"using":"xpath","value":"//span[text()='Error']"}
RESULT: {"using":"xpath","value":"//span[text()='Error']"}
RESULT: undefined
COMMAND: POST /session/95c3c6165dc75285dc529b6f9e26713d/element - {"using":"xpath","value":"//*[@id=\"__tile100\"]"}
RESULT: {"using":"xpath","value":"//*[@id=\"__tile100\"]"}
COMMAND: POST /session/95c3c6165dc75285dc529b6f9e26713d/element/f.635531698F2B1D5C5340D165F45B7D1A.d.341A9FE31C0D00F8D77BA7F2C979DF7F.e.3047/click - {}
RESULT: undefined
COMMAND: POST /session/95c3c6165dc75285dc529b6f9e26713d/element - {"using":"xpath","value":"//*[@id=\"__tile100\"]"}
RESULT: {"using":"xpath","value":"//*[@id=\"__tile100\"]"}
COMMAND: POST /session/95c3c6165dc75285dc529b6f9e26713d/element/f.635531698F2B1D5C5340D165F45B7D1A.d.341A9FE31C0D00F8D77BA7F2C979DF7F.e.3047/click - {}
RESULT: undefined
COMMAND: POST /session/95c3c6165dc75285dc529b6f9e26713d/execute/async - {"script":"<script> [6424 bytes]","args":[{"element-6066-11e4-a52e-4f735466cecf":"f.635531698F2B1D5C5340D165F45B7D1A.d.341A9FE31C0D00F8D77BA7F2C979DF7F.e.295"},"getTitle",[]]}
COMMAND: POST /session/95c3c6165dc75285dc529b6f9e26713d/execute/async - {"script":"<script> [1562 bytes]","args":[{"selector":{"id":"shellAppTitle"},"wdio_ui5_key":"shellAppTitle"}]}
RESULT: {"script":"<script> [1562 bytes]","args":[{"selector":{"id":"shellAppTitle"},"wdio_ui5_key":"shellAppTitle"}]}
COMMAND: POST /session/95c3c6165dc75285dc529b6f9e26713d/execute/async - {"script":"<script> [6424 bytes]","args":[{"element-6066-11e4-a52e-4f735466cecf":"f.635531698F2B1D5C5340D165F45B7D1A.d.341A9FE31C0D00F8D77BA7F2C979DF7F.e.3174"},"getTitle",[]]}
RESULT: {"script":"<script> [6424 bytes]","args":[{"element-6066-11e4-a52e-4f735466cecf":"f.635531698F2B1D5C5340D165F45B7D1A.d.341A9FE31C0D00F8D77BA7F2C979DF7F.e.3174"},"getTitle",[]]}
RESULT: undefined
COMMAND: POST /session/95c3c6165dc75285dc529b6f9e26713d/element/f.635531698F2B1D5C5340D165F45B7D1A.d.341A9FE31C0D00F8D77BA7F2C979DF7F.e.2983/click - {}
COMMAND: POST /session/95c3c6165dc75285dc529b6f9e26713d/element - {"using":"xpath","value":"//*[@id=\"backBtn\"]"}
RESULT: {"using":"xpath","value":"//*[@id=\"backBtn\"]"}
COMMAND: POST /session/95c3c6165dc75285dc529b6f9e26713d/element/f.635531698F2B1D5C5340D165F45B7D1A.d.341A9FE31C0D00F8D77BA7F2C979DF7F.e.2983/click - {}
COMMAND: POST /session/95c3c6165dc75285dc529b6f9e26713d/element - {"using":"xpath","value":"//*[@id=\"backBtn\"]"}
RESULT: {"using":"xpath","value":"//*[@id=\"backBtn\"]"}
COMMAND: POST /session/95c3c6165dc75285dc529b6f9e26713d/element/f.635531698F2B1D5C5340D165F45B7D1A.d.341A9FE31C0D00F8D77BA7F2C979DF7F.e.3175/click - {}
RESULT: {}
COMMAND: GET /session/95c3c6165dc75285dc529b6f9e26713d/screenshot - {}
RESULT: {}
]]></system-out>
    </testcase>
    <testcase classname="chrome.136_0_7103_93.windows.Sanity_Tests_US104253" name="Should open Trace Track Resources page" time="36.856">
      <system-out><![CDATA[
COMMAND: POST /session/95c3c6165dc75285dc529b6f9e26713d/execute/async - {"script":"<script> [1562 bytes]","args":[{"selector":{"controlType":"sap.m.GenericTile","properties":{"header":"Trace & Track Resources"}},"wdio_ui5_key":"sapm.GenericTile{\"header\":\"Trace & Track Resources\"}"}]}
RESULT: {"script":"<script> [1562 bytes]","args":[{"selector":{"controlType":"sap.m.GenericTile","properties":{"header":"Trace & Track Resources"}},"wdio_ui5_key":"sapm.GenericTile{\"header\":\"Trace & Track Resources\"}"}]}
RESULT: undefined
COMMAND: POST /session/95c3c6165dc75285dc529b6f9e26713d/element - {"using":"xpath","value":"//*[@id=\"__tile101\"]"}
RESULT: {"using":"xpath","value":"//*[@id=\"__tile101\"]"}
COMMAND: POST /session/95c3c6165dc75285dc529b6f9e26713d/element/f.635531698F2B1D5C5340D165F45B7D1A.d.341A9FE31C0D00F8D77BA7F2C979DF7F.e.3178/click - {}
RESULT: {}
COMMAND: GET /session/95c3c6165dc75285dc529b6f9e26713d/screenshot - {}
RESULT: {}
COMMAND: POST /session/95c3c6165dc75285dc529b6f9e26713d/elements - {"using":"xpath","value":"//span[text()='Error']"}
RESULT: {"using":"xpath","value":"//span[text()='Error']"}
RESULT: undefined
COMMAND: POST /session/95c3c6165dc75285dc529b6f9e26713d/element - {"using":"xpath","value":"//*[@id=\"__tile101\"]"}
RESULT: {"using":"xpath","value":"//*[@id=\"__tile101\"]"}
COMMAND: POST /session/95c3c6165dc75285dc529b6f9e26713d/element/f.635531698F2B1D5C5340D165F45B7D1A.d.341A9FE31C0D00F8D77BA7F2C979DF7F.e.3178/click - {}
RESULT: undefined
COMMAND: POST /session/95c3c6165dc75285dc529b6f9e26713d/element - {"using":"xpath","value":"//*[@id=\"__tile101\"]"}
RESULT: {"using":"xpath","value":"//*[@id=\"__tile101\"]"}
COMMAND: POST /session/95c3c6165dc75285dc529b6f9e26713d/element/f.635531698F2B1D5C5340D165F45B7D1A.d.341A9FE31C0D00F8D77BA7F2C979DF7F.e.3178/click - {}
RESULT: undefined
COMMAND: POST /session/95c3c6165dc75285dc529b6f9e26713d/execute/async - {"script":"<script> [6424 bytes]","args":[{"element-6066-11e4-a52e-4f735466cecf":"f.635531698F2B1D5C5340D165F45B7D1A.d.341A9FE31C0D00F8D77BA7F2C979DF7F.e.295"},"getTitle",[]]}
COMMAND: POST /session/95c3c6165dc75285dc529b6f9e26713d/execute/async - {"script":"<script> [1562 bytes]","args":[{"selector":{"id":"shellAppTitle"},"wdio_ui5_key":"shellAppTitle"}]}
RESULT: {"script":"<script> [1562 bytes]","args":[{"selector":{"id":"shellAppTitle"},"wdio_ui5_key":"shellAppTitle"}]}
COMMAND: POST /session/95c3c6165dc75285dc529b6f9e26713d/execute/async - {"script":"<script> [6424 bytes]","args":[{"element-6066-11e4-a52e-4f735466cecf":"f.635531698F2B1D5C5340D165F45B7D1A.d.341A9FE31C0D00F8D77BA7F2C979DF7F.e.3213"},"getTitle",[]]}
RESULT: {"script":"<script> [6424 bytes]","args":[{"element-6066-11e4-a52e-4f735466cecf":"f.635531698F2B1D5C5340D165F45B7D1A.d.341A9FE31C0D00F8D77BA7F2C979DF7F.e.3213"},"getTitle",[]]}
RESULT: undefined
COMMAND: POST /session/95c3c6165dc75285dc529b6f9e26713d/element/f.635531698F2B1D5C5340D165F45B7D1A.d.341A9FE31C0D00F8D77BA7F2C979DF7F.e.3175/click - {}
RESULT: {}
COMMAND: GET /session/95c3c6165dc75285dc529b6f9e26713d/screenshot - {}
RESULT: {}
]]></system-out>
    </testcase>
    <testcase classname="chrome.136_0_7103_93.windows.Sanity_Tests_US104253" name="Should open RU Inventory List page" time="36.314">
      <system-out><![CDATA[
COMMAND: POST /session/95c3c6165dc75285dc529b6f9e26713d/execute/async - {"script":"<script> [1562 bytes]","args":[{"selector":{"controlType":"sap.m.GenericTile","properties":{"header":"RU Inventory List"}},"wdio_ui5_key":"sapm.GenericTile{\"header\":\"RU Inventory List\"}"}]}
RESULT: {"script":"<script> [1562 bytes]","args":[{"selector":{"controlType":"sap.m.GenericTile","properties":{"header":"RU Inventory List"}},"wdio_ui5_key":"sapm.GenericTile{\"header\":\"RU Inventory List\"}"}]}
RESULT: undefined
COMMAND: POST /session/95c3c6165dc75285dc529b6f9e26713d/element - {"using":"xpath","value":"//*[@id=\"__tile99\"]"}
RESULT: {"using":"xpath","value":"//*[@id=\"__tile99\"]"}
COMMAND: POST /session/95c3c6165dc75285dc529b6f9e26713d/element/f.635531698F2B1D5C5340D165F45B7D1A.d.341A9FE31C0D00F8D77BA7F2C979DF7F.e.3215/click - {}
RESULT: {}
COMMAND: GET /session/95c3c6165dc75285dc529b6f9e26713d/screenshot - {}
RESULT: {}
COMMAND: POST /session/95c3c6165dc75285dc529b6f9e26713d/elements - {"using":"xpath","value":"//span[text()='Error']"}
RESULT: {"using":"xpath","value":"//span[text()='Error']"}
RESULT: undefined
COMMAND: POST /session/95c3c6165dc75285dc529b6f9e26713d/element - {"using":"xpath","value":"//*[@id=\"__tile99\"]"}
RESULT: {"using":"xpath","value":"//*[@id=\"__tile99\"]"}
COMMAND: POST /session/95c3c6165dc75285dc529b6f9e26713d/element/f.635531698F2B1D5C5340D165F45B7D1A.d.341A9FE31C0D00F8D77BA7F2C979DF7F.e.3215/click - {}
RESULT: undefined
COMMAND: POST /session/95c3c6165dc75285dc529b6f9e26713d/element - {"using":"xpath","value":"//*[@id=\"__tile99\"]"}
RESULT: {"using":"xpath","value":"//*[@id=\"__tile99\"]"}
COMMAND: POST /session/95c3c6165dc75285dc529b6f9e26713d/element/f.635531698F2B1D5C5340D165F45B7D1A.d.341A9FE31C0D00F8D77BA7F2C979DF7F.e.3215/click - {}
RESULT: undefined
COMMAND: POST /session/95c3c6165dc75285dc529b6f9e26713d/execute/async - {"script":"<script> [6424 bytes]","args":[{"element-6066-11e4-a52e-4f735466cecf":"f.635531698F2B1D5C5340D165F45B7D1A.d.341A9FE31C0D00F8D77BA7F2C979DF7F.e.295"},"getTitle",[]]}
COMMAND: POST /session/95c3c6165dc75285dc529b6f9e26713d/execute/async - {"script":"<script> [1562 bytes]","args":[{"selector":{"id":"shellAppTitle"},"wdio_ui5_key":"shellAppTitle"}]}
RESULT: {"script":"<script> [1562 bytes]","args":[{"selector":{"id":"shellAppTitle"},"wdio_ui5_key":"shellAppTitle"}]}
COMMAND: POST /session/95c3c6165dc75285dc529b6f9e26713d/execute/async - {"script":"<script> [6424 bytes]","args":[{"element-6066-11e4-a52e-4f735466cecf":"f.635531698F2B1D5C5340D165F45B7D1A.d.341A9FE31C0D00F8D77BA7F2C979DF7F.e.3413"},"getTitle",[]]}
RESULT: {"script":"<script> [6424 bytes]","args":[{"element-6066-11e4-a52e-4f735466cecf":"f.635531698F2B1D5C5340D165F45B7D1A.d.341A9FE31C0D00F8D77BA7F2C979DF7F.e.3413"},"getTitle",[]]}
RESULT: undefined
COMMAND: POST /session/95c3c6165dc75285dc529b6f9e26713d/element/f.635531698F2B1D5C5340D165F45B7D1A.d.341A9FE31C0D00F8D77BA7F2C979DF7F.e.3175/click - {}
COMMAND: POST /session/95c3c6165dc75285dc529b6f9e26713d/element - {"using":"xpath","value":"//*[@id=\"backBtn\"]"}
RESULT: {"using":"xpath","value":"//*[@id=\"backBtn\"]"}
COMMAND: POST /session/95c3c6165dc75285dc529b6f9e26713d/element/f.635531698F2B1D5C5340D165F45B7D1A.d.341A9FE31C0D00F8D77BA7F2C979DF7F.e.3175/click - {}
COMMAND: POST /session/95c3c6165dc75285dc529b6f9e26713d/element - {"using":"xpath","value":"//*[@id=\"backBtn\"]"}
RESULT: {"using":"xpath","value":"//*[@id=\"backBtn\"]"}
COMMAND: POST /session/95c3c6165dc75285dc529b6f9e26713d/element/f.635531698F2B1D5C5340D165F45B7D1A.d.341A9FE31C0D00F8D77BA7F2C979DF7F.e.3414/click - {}
RESULT: {}
COMMAND: GET /session/95c3c6165dc75285dc529b6f9e26713d/screenshot - {}
RESULT: {}
]]></system-out>
    </testcase>
    <testcase classname="chrome.136_0_7103_93.windows.Sanity_Tests_US104253" name="Should open Contracts Dashboard page" time="39.52">
      <system-out><![CDATA[
COMMAND: POST /session/95c3c6165dc75285dc529b6f9e26713d/execute/async - {"script":"<script> [1562 bytes]","args":[{"selector":{"controlType":"sap.m.GenericTile","properties":{"header":"Contracts Dashboard"}},"wdio_ui5_key":"sapm.GenericTile{\"header\":\"Contracts Dashboard\"}"}]}
RESULT: {"script":"<script> [1562 bytes]","args":[{"selector":{"controlType":"sap.m.GenericTile","properties":{"header":"Contracts Dashboard"}},"wdio_ui5_key":"sapm.GenericTile{\"header\":\"Contracts Dashboard\"}"}]}
RESULT: undefined
COMMAND: POST /session/95c3c6165dc75285dc529b6f9e26713d/element - {"using":"xpath","value":"//*[@id=\"__tile97\"]"}
RESULT: {"using":"xpath","value":"//*[@id=\"__tile97\"]"}
COMMAND: POST /session/95c3c6165dc75285dc529b6f9e26713d/element/f.635531698F2B1D5C5340D165F45B7D1A.d.341A9FE31C0D00F8D77BA7F2C979DF7F.e.3416/click - {}
RESULT: {}
COMMAND: GET /session/95c3c6165dc75285dc529b6f9e26713d/screenshot - {}
RESULT: {}
COMMAND: POST /session/95c3c6165dc75285dc529b6f9e26713d/elements - {"using":"xpath","value":"//span[text()='Error']"}
RESULT: {"using":"xpath","value":"//span[text()='Error']"}
RESULT: undefined
COMMAND: POST /session/95c3c6165dc75285dc529b6f9e26713d/element - {"using":"xpath","value":"//*[@id=\"__tile97\"]"}
RESULT: {"using":"xpath","value":"//*[@id=\"__tile97\"]"}
COMMAND: POST /session/95c3c6165dc75285dc529b6f9e26713d/element/f.635531698F2B1D5C5340D165F45B7D1A.d.341A9FE31C0D00F8D77BA7F2C979DF7F.e.3416/click - {}
RESULT: undefined
COMMAND: POST /session/95c3c6165dc75285dc529b6f9e26713d/element - {"using":"xpath","value":"//*[@id=\"__tile97\"]"}
RESULT: {"using":"xpath","value":"//*[@id=\"__tile97\"]"}
COMMAND: POST /session/95c3c6165dc75285dc529b6f9e26713d/element/f.635531698F2B1D5C5340D165F45B7D1A.d.341A9FE31C0D00F8D77BA7F2C979DF7F.e.3416/click - {}
RESULT: undefined
COMMAND: POST /session/95c3c6165dc75285dc529b6f9e26713d/execute/async - {"script":"<script> [6424 bytes]","args":[{"element-6066-11e4-a52e-4f735466cecf":"f.635531698F2B1D5C5340D165F45B7D1A.d.341A9FE31C0D00F8D77BA7F2C979DF7F.e.295"},"getTitle",[]]}
COMMAND: POST /session/95c3c6165dc75285dc529b6f9e26713d/execute/async - {"script":"<script> [1562 bytes]","args":[{"selector":{"id":"shellAppTitle"},"wdio_ui5_key":"shellAppTitle"}]}
RESULT: {"script":"<script> [1562 bytes]","args":[{"selector":{"id":"shellAppTitle"},"wdio_ui5_key":"shellAppTitle"}]}
COMMAND: POST /session/95c3c6165dc75285dc529b6f9e26713d/execute/async - {"script":"<script> [6424 bytes]","args":[{"element-6066-11e4-a52e-4f735466cecf":"f.635531698F2B1D5C5340D165F45B7D1A.d.341A9FE31C0D00F8D77BA7F2C979DF7F.e.3438"},"getTitle",[]]}
RESULT: {"script":"<script> [6424 bytes]","args":[{"element-6066-11e4-a52e-4f735466cecf":"f.635531698F2B1D5C5340D165F45B7D1A.d.341A9FE31C0D00F8D77BA7F2C979DF7F.e.3438"},"getTitle",[]]}
RESULT: undefined
COMMAND: POST /session/95c3c6165dc75285dc529b6f9e26713d/element/f.635531698F2B1D5C5340D165F45B7D1A.d.341A9FE31C0D00F8D77BA7F2C979DF7F.e.3414/click - {}
RESULT: {}
COMMAND: GET /session/95c3c6165dc75285dc529b6f9e26713d/screenshot - {}
RESULT: {}
]]></system-out>
    </testcase>
    <testcase classname="chrome.136_0_7103_93.windows.Sanity_Tests_US104253" name="Should open Bin Status Report page" time="37.781">
      <system-out><![CDATA[
COMMAND: POST /session/95c3c6165dc75285dc529b6f9e26713d/execute/async - {"script":"<script> [1562 bytes]","args":[{"selector":{"controlType":"sap.m.GenericTile","properties":{"header":"Bin Status Report"}},"wdio_ui5_key":"sapm.GenericTile{\"header\":\"Bin Status Report\"}"}]}
RESULT: {"script":"<script> [1562 bytes]","args":[{"selector":{"controlType":"sap.m.GenericTile","properties":{"header":"Bin Status Report"}},"wdio_ui5_key":"sapm.GenericTile{\"header\":\"Bin Status Report\"}"}]}
RESULT: undefined
COMMAND: POST /session/95c3c6165dc75285dc529b6f9e26713d/element - {"using":"xpath","value":"//*[@id=\"__tile104\"]"}
RESULT: {"using":"xpath","value":"//*[@id=\"__tile104\"]"}
COMMAND: POST /session/95c3c6165dc75285dc529b6f9e26713d/element/f.635531698F2B1D5C5340D165F45B7D1A.d.341A9FE31C0D00F8D77BA7F2C979DF7F.e.3440/click - {}
RESULT: {}
COMMAND: GET /session/95c3c6165dc75285dc529b6f9e26713d/screenshot - {}
RESULT: {}
COMMAND: POST /session/95c3c6165dc75285dc529b6f9e26713d/elements - {"using":"xpath","value":"//span[text()='Error']"}
RESULT: {"using":"xpath","value":"//span[text()='Error']"}
RESULT: undefined
COMMAND: POST /session/95c3c6165dc75285dc529b6f9e26713d/element - {"using":"xpath","value":"//*[@id=\"__tile104\"]"}
RESULT: {"using":"xpath","value":"//*[@id=\"__tile104\"]"}
COMMAND: POST /session/95c3c6165dc75285dc529b6f9e26713d/element/f.635531698F2B1D5C5340D165F45B7D1A.d.341A9FE31C0D00F8D77BA7F2C979DF7F.e.3440/click - {}
RESULT: undefined
COMMAND: POST /session/95c3c6165dc75285dc529b6f9e26713d/element - {"using":"xpath","value":"//*[@id=\"__tile104\"]"}
RESULT: {"using":"xpath","value":"//*[@id=\"__tile104\"]"}
COMMAND: POST /session/95c3c6165dc75285dc529b6f9e26713d/element/f.635531698F2B1D5C5340D165F45B7D1A.d.341A9FE31C0D00F8D77BA7F2C979DF7F.e.3440/click - {}
RESULT: undefined
COMMAND: POST /session/95c3c6165dc75285dc529b6f9e26713d/execute/async - {"script":"<script> [6424 bytes]","args":[{"element-6066-11e4-a52e-4f735466cecf":"f.635531698F2B1D5C5340D165F45B7D1A.d.341A9FE31C0D00F8D77BA7F2C979DF7F.e.295"},"getTitle",[]]}
COMMAND: POST /session/95c3c6165dc75285dc529b6f9e26713d/execute/async - {"script":"<script> [1562 bytes]","args":[{"selector":{"id":"shellAppTitle"},"wdio_ui5_key":"shellAppTitle"}]}
RESULT: {"script":"<script> [1562 bytes]","args":[{"selector":{"id":"shellAppTitle"},"wdio_ui5_key":"shellAppTitle"}]}
COMMAND: POST /session/95c3c6165dc75285dc529b6f9e26713d/execute/async - {"script":"<script> [6424 bytes]","args":[{"element-6066-11e4-a52e-4f735466cecf":"f.635531698F2B1D5C5340D165F45B7D1A.d.341A9FE31C0D00F8D77BA7F2C979DF7F.e.3534"},"getTitle",[]]}
RESULT: {"script":"<script> [6424 bytes]","args":[{"element-6066-11e4-a52e-4f735466cecf":"f.635531698F2B1D5C5340D165F45B7D1A.d.341A9FE31C0D00F8D77BA7F2C979DF7F.e.3534"},"getTitle",[]]}
RESULT: undefined
COMMAND: POST /session/95c3c6165dc75285dc529b6f9e26713d/element/f.635531698F2B1D5C5340D165F45B7D1A.d.341A9FE31C0D00F8D77BA7F2C979DF7F.e.3414/click - {}
COMMAND: POST /session/95c3c6165dc75285dc529b6f9e26713d/element - {"using":"xpath","value":"//*[@id=\"backBtn\"]"}
RESULT: {"using":"xpath","value":"//*[@id=\"backBtn\"]"}
COMMAND: POST /session/95c3c6165dc75285dc529b6f9e26713d/element/f.635531698F2B1D5C5340D165F45B7D1A.d.341A9FE31C0D00F8D77BA7F2C979DF7F.e.3414/click - {}
COMMAND: POST /session/95c3c6165dc75285dc529b6f9e26713d/element - {"using":"xpath","value":"//*[@id=\"backBtn\"]"}
RESULT: {"using":"xpath","value":"//*[@id=\"backBtn\"]"}
COMMAND: POST /session/95c3c6165dc75285dc529b6f9e26713d/element/f.635531698F2B1D5C5340D165F45B7D1A.d.341A9FE31C0D00F8D77BA7F2C979DF7F.e.3535/click - {}
RESULT: {}
COMMAND: GET /session/95c3c6165dc75285dc529b6f9e26713d/screenshot - {}
RESULT: {}
]]></system-out>
    </testcase>
    <testcase classname="chrome.136_0_7103_93.windows.Sanity_Tests_US104253" name="Should open Manage Warehouse Movements page" time="36.001">
      <system-out><![CDATA[
COMMAND: POST /session/95c3c6165dc75285dc529b6f9e26713d/execute/async - {"script":"<script> [1562 bytes]","args":[{"selector":{"controlType":"sap.m.GenericTile","properties":{"header":"Manage Warehouse Movements"}},"wdio_ui5_key":"sapm.GenericTile{\"header\":\"Manage Warehouse Movements\"}"}]}
RESULT: {"script":"<script> [1562 bytes]","args":[{"selector":{"controlType":"sap.m.GenericTile","properties":{"header":"Manage Warehouse Movements"}},"wdio_ui5_key":"sapm.GenericTile{\"header\":\"Manage Warehouse Movements\"}"}]}
RESULT: undefined
COMMAND: POST /session/95c3c6165dc75285dc529b6f9e26713d/element - {"using":"xpath","value":"//*[@id=\"__tile105\"]"}
RESULT: {"using":"xpath","value":"//*[@id=\"__tile105\"]"}
COMMAND: POST /session/95c3c6165dc75285dc529b6f9e26713d/element/f.635531698F2B1D5C5340D165F45B7D1A.d.341A9FE31C0D00F8D77BA7F2C979DF7F.e.3539/click - {}
RESULT: {}
COMMAND: GET /session/95c3c6165dc75285dc529b6f9e26713d/screenshot - {}
RESULT: {}
COMMAND: POST /session/95c3c6165dc75285dc529b6f9e26713d/elements - {"using":"xpath","value":"//span[text()='Error']"}
RESULT: {"using":"xpath","value":"//span[text()='Error']"}
RESULT: undefined
COMMAND: POST /session/95c3c6165dc75285dc529b6f9e26713d/element - {"using":"xpath","value":"//*[@id=\"__tile105\"]"}
RESULT: {"using":"xpath","value":"//*[@id=\"__tile105\"]"}
COMMAND: POST /session/95c3c6165dc75285dc529b6f9e26713d/element/f.635531698F2B1D5C5340D165F45B7D1A.d.341A9FE31C0D00F8D77BA7F2C979DF7F.e.3539/click - {}
RESULT: undefined
COMMAND: POST /session/95c3c6165dc75285dc529b6f9e26713d/element - {"using":"xpath","value":"//*[@id=\"__tile105\"]"}
RESULT: {"using":"xpath","value":"//*[@id=\"__tile105\"]"}
COMMAND: POST /session/95c3c6165dc75285dc529b6f9e26713d/element/f.635531698F2B1D5C5340D165F45B7D1A.d.341A9FE31C0D00F8D77BA7F2C979DF7F.e.3539/click - {}
RESULT: undefined
COMMAND: POST /session/95c3c6165dc75285dc529b6f9e26713d/execute/async - {"script":"<script> [6424 bytes]","args":[{"element-6066-11e4-a52e-4f735466cecf":"f.635531698F2B1D5C5340D165F45B7D1A.d.341A9FE31C0D00F8D77BA7F2C979DF7F.e.295"},"getTitle",[]]}
COMMAND: POST /session/95c3c6165dc75285dc529b6f9e26713d/execute/async - {"script":"<script> [1562 bytes]","args":[{"selector":{"id":"shellAppTitle"},"wdio_ui5_key":"shellAppTitle"}]}
RESULT: {"script":"<script> [1562 bytes]","args":[{"selector":{"id":"shellAppTitle"},"wdio_ui5_key":"shellAppTitle"}]}
COMMAND: POST /session/95c3c6165dc75285dc529b6f9e26713d/execute/async - {"script":"<script> [6424 bytes]","args":[{"element-6066-11e4-a52e-4f735466cecf":"f.635531698F2B1D5C5340D165F45B7D1A.d.341A9FE31C0D00F8D77BA7F2C979DF7F.e.3641"},"getTitle",[]]}
RESULT: {"script":"<script> [6424 bytes]","args":[{"element-6066-11e4-a52e-4f735466cecf":"f.635531698F2B1D5C5340D165F45B7D1A.d.341A9FE31C0D00F8D77BA7F2C979DF7F.e.3641"},"getTitle",[]]}
RESULT: undefined
COMMAND: POST /session/95c3c6165dc75285dc529b6f9e26713d/element/f.635531698F2B1D5C5340D165F45B7D1A.d.341A9FE31C0D00F8D77BA7F2C979DF7F.e.3535/click - {}
RESULT: {}
COMMAND: GET /session/95c3c6165dc75285dc529b6f9e26713d/screenshot - {}
RESULT: {}
]]></system-out>
    </testcase>
    <testcase classname="chrome.136_0_7103_93.windows.Sanity_Tests_US104253" name="Should open Bin Inventory List page" time="41.509">
      <system-out><![CDATA[
COMMAND: POST /session/95c3c6165dc75285dc529b6f9e26713d/execute/async - {"script":"<script> [1562 bytes]","args":[{"selector":{"controlType":"sap.m.GenericTile","properties":{"header":"Bin Inventory List"}},"wdio_ui5_key":"sapm.GenericTile{\"header\":\"Bin Inventory List\"}"}]}
RESULT: {"script":"<script> [1562 bytes]","args":[{"selector":{"controlType":"sap.m.GenericTile","properties":{"header":"Bin Inventory List"}},"wdio_ui5_key":"sapm.GenericTile{\"header\":\"Bin Inventory List\"}"}]}
RESULT: undefined
COMMAND: POST /session/95c3c6165dc75285dc529b6f9e26713d/element - {"using":"xpath","value":"//*[@id=\"__tile103\"]"}
RESULT: {"using":"xpath","value":"//*[@id=\"__tile103\"]"}
COMMAND: POST /session/95c3c6165dc75285dc529b6f9e26713d/element/f.635531698F2B1D5C5340D165F45B7D1A.d.341A9FE31C0D00F8D77BA7F2C979DF7F.e.3643/click - {}
RESULT: {}
COMMAND: GET /session/95c3c6165dc75285dc529b6f9e26713d/screenshot - {}
RESULT: {}
COMMAND: POST /session/95c3c6165dc75285dc529b6f9e26713d/elements - {"using":"xpath","value":"//span[text()='Error']"}
RESULT: {"using":"xpath","value":"//span[text()='Error']"}
RESULT: undefined
COMMAND: POST /session/95c3c6165dc75285dc529b6f9e26713d/element - {"using":"xpath","value":"//*[@id=\"__tile103\"]"}
RESULT: {"using":"xpath","value":"//*[@id=\"__tile103\"]"}
COMMAND: POST /session/95c3c6165dc75285dc529b6f9e26713d/element/f.635531698F2B1D5C5340D165F45B7D1A.d.341A9FE31C0D00F8D77BA7F2C979DF7F.e.3643/click - {}
RESULT: undefined
COMMAND: POST /session/95c3c6165dc75285dc529b6f9e26713d/element - {"using":"xpath","value":"//*[@id=\"__tile103\"]"}
RESULT: {"using":"xpath","value":"//*[@id=\"__tile103\"]"}
COMMAND: POST /session/95c3c6165dc75285dc529b6f9e26713d/element/f.635531698F2B1D5C5340D165F45B7D1A.d.341A9FE31C0D00F8D77BA7F2C979DF7F.e.3643/click - {}
RESULT: undefined
COMMAND: POST /session/95c3c6165dc75285dc529b6f9e26713d/execute/async - {"script":"<script> [6424 bytes]","args":[{"element-6066-11e4-a52e-4f735466cecf":"f.635531698F2B1D5C5340D165F45B7D1A.d.341A9FE31C0D00F8D77BA7F2C979DF7F.e.295"},"getTitle",[]]}
COMMAND: POST /session/95c3c6165dc75285dc529b6f9e26713d/execute/async - {"script":"<script> [1562 bytes]","args":[{"selector":{"id":"shellAppTitle"},"wdio_ui5_key":"shellAppTitle"}]}
RESULT: {"script":"<script> [1562 bytes]","args":[{"selector":{"id":"shellAppTitle"},"wdio_ui5_key":"shellAppTitle"}]}
COMMAND: POST /session/95c3c6165dc75285dc529b6f9e26713d/execute/async - {"script":"<script> [6424 bytes]","args":[{"element-6066-11e4-a52e-4f735466cecf":"f.635531698F2B1D5C5340D165F45B7D1A.d.341A9FE31C0D00F8D77BA7F2C979DF7F.e.3739"},"getTitle",[]]}
RESULT: {"script":"<script> [6424 bytes]","args":[{"element-6066-11e4-a52e-4f735466cecf":"f.635531698F2B1D5C5340D165F45B7D1A.d.341A9FE31C0D00F8D77BA7F2C979DF7F.e.3739"},"getTitle",[]]}
RESULT: undefined
COMMAND: POST /session/95c3c6165dc75285dc529b6f9e26713d/element/f.635531698F2B1D5C5340D165F45B7D1A.d.341A9FE31C0D00F8D77BA7F2C979DF7F.e.3535/click - {}
COMMAND: POST /session/95c3c6165dc75285dc529b6f9e26713d/element - {"using":"xpath","value":"//*[@id=\"backBtn\"]"}
RESULT: {"using":"xpath","value":"//*[@id=\"backBtn\"]"}
COMMAND: POST /session/95c3c6165dc75285dc529b6f9e26713d/element/f.635531698F2B1D5C5340D165F45B7D1A.d.341A9FE31C0D00F8D77BA7F2C979DF7F.e.3535/click - {}
COMMAND: POST /session/95c3c6165dc75285dc529b6f9e26713d/element - {"using":"xpath","value":"//*[@id=\"backBtn\"]"}
RESULT: {"using":"xpath","value":"//*[@id=\"backBtn\"]"}
COMMAND: POST /session/95c3c6165dc75285dc529b6f9e26713d/element/f.635531698F2B1D5C5340D165F45B7D1A.d.341A9FE31C0D00F8D77BA7F2C979DF7F.e.3740/click - {}
RESULT: {}
COMMAND: GET /session/95c3c6165dc75285dc529b6f9e26713d/screenshot - {}
RESULT: {}
]]></system-out>
    </testcase>
    <testcase classname="chrome.136_0_7103_93.windows.Sanity_Tests_US104253" name="Should open ISC Templates page" time="38.368">
      <system-out><![CDATA[
COMMAND: POST /session/95c3c6165dc75285dc529b6f9e26713d/execute/async - {"script":"<script> [1562 bytes]","args":[{"selector":{"controlType":"sap.m.GenericTile","properties":{"header":"ISC Templates"}},"wdio_ui5_key":"sapm.GenericTile{\"header\":\"ISC Templates\"}"}]}
RESULT: {"script":"<script> [1562 bytes]","args":[{"selector":{"controlType":"sap.m.GenericTile","properties":{"header":"ISC Templates"}},"wdio_ui5_key":"sapm.GenericTile{\"header\":\"ISC Templates\"}"}]}
RESULT: undefined
COMMAND: POST /session/95c3c6165dc75285dc529b6f9e26713d/element - {"using":"xpath","value":"//*[@id=\"__tile111\"]"}
RESULT: {"using":"xpath","value":"//*[@id=\"__tile111\"]"}
COMMAND: POST /session/95c3c6165dc75285dc529b6f9e26713d/element/f.635531698F2B1D5C5340D165F45B7D1A.d.341A9FE31C0D00F8D77BA7F2C979DF7F.e.3742/click - {}
RESULT: {}
COMMAND: GET /session/95c3c6165dc75285dc529b6f9e26713d/screenshot - {}
RESULT: {}
COMMAND: POST /session/95c3c6165dc75285dc529b6f9e26713d/elements - {"using":"xpath","value":"//span[text()='Error']"}
RESULT: {"using":"xpath","value":"//span[text()='Error']"}
RESULT: undefined
COMMAND: POST /session/95c3c6165dc75285dc529b6f9e26713d/element - {"using":"xpath","value":"//*[@id=\"__tile111\"]"}
RESULT: {"using":"xpath","value":"//*[@id=\"__tile111\"]"}
COMMAND: POST /session/95c3c6165dc75285dc529b6f9e26713d/element/f.635531698F2B1D5C5340D165F45B7D1A.d.341A9FE31C0D00F8D77BA7F2C979DF7F.e.3742/click - {}
RESULT: undefined
COMMAND: POST /session/95c3c6165dc75285dc529b6f9e26713d/element - {"using":"xpath","value":"//*[@id=\"__tile111\"]"}
RESULT: {"using":"xpath","value":"//*[@id=\"__tile111\"]"}
COMMAND: POST /session/95c3c6165dc75285dc529b6f9e26713d/element/f.635531698F2B1D5C5340D165F45B7D1A.d.341A9FE31C0D00F8D77BA7F2C979DF7F.e.3742/click - {}
RESULT: undefined
COMMAND: POST /session/95c3c6165dc75285dc529b6f9e26713d/execute/async - {"script":"<script> [6424 bytes]","args":[{"element-6066-11e4-a52e-4f735466cecf":"f.635531698F2B1D5C5340D165F45B7D1A.d.341A9FE31C0D00F8D77BA7F2C979DF7F.e.295"},"getTitle",[]]}
COMMAND: POST /session/95c3c6165dc75285dc529b6f9e26713d/execute/async - {"script":"<script> [1562 bytes]","args":[{"selector":{"id":"shellAppTitle"},"wdio_ui5_key":"shellAppTitle"}]}
RESULT: {"script":"<script> [1562 bytes]","args":[{"selector":{"id":"shellAppTitle"},"wdio_ui5_key":"shellAppTitle"}]}
COMMAND: POST /session/95c3c6165dc75285dc529b6f9e26713d/execute/async - {"script":"<script> [6424 bytes]","args":[{"element-6066-11e4-a52e-4f735466cecf":"f.635531698F2B1D5C5340D165F45B7D1A.d.341A9FE31C0D00F8D77BA7F2C979DF7F.e.3815"},"getTitle",[]]}
RESULT: {"script":"<script> [6424 bytes]","args":[{"element-6066-11e4-a52e-4f735466cecf":"f.635531698F2B1D5C5340D165F45B7D1A.d.341A9FE31C0D00F8D77BA7F2C979DF7F.e.3815"},"getTitle",[]]}
RESULT: undefined
COMMAND: POST /session/95c3c6165dc75285dc529b6f9e26713d/element/f.635531698F2B1D5C5340D165F45B7D1A.d.341A9FE31C0D00F8D77BA7F2C979DF7F.e.3740/click - {}
RESULT: {}
COMMAND: GET /session/95c3c6165dc75285dc529b6f9e26713d/screenshot - {}
RESULT: {}
]]></system-out>
    </testcase>
    <testcase classname="chrome.136_0_7103_93.windows.Sanity_Tests_US104253" name="Should open ISC Schedules page" time="36.185">
      <system-out><![CDATA[
COMMAND: POST /session/95c3c6165dc75285dc529b6f9e26713d/execute/async - {"script":"<script> [1562 bytes]","args":[{"selector":{"controlType":"sap.m.GenericTile","properties":{"header":"ISC Schedules"}},"wdio_ui5_key":"sapm.GenericTile{\"header\":\"ISC Schedules\"}"}]}
RESULT: {"script":"<script> [1562 bytes]","args":[{"selector":{"controlType":"sap.m.GenericTile","properties":{"header":"ISC Schedules"}},"wdio_ui5_key":"sapm.GenericTile{\"header\":\"ISC Schedules\"}"}]}
RESULT: undefined
COMMAND: POST /session/95c3c6165dc75285dc529b6f9e26713d/element - {"using":"xpath","value":"//*[@id=\"__tile109\"]"}
RESULT: {"using":"xpath","value":"//*[@id=\"__tile109\"]"}
COMMAND: POST /session/95c3c6165dc75285dc529b6f9e26713d/element/f.635531698F2B1D5C5340D165F45B7D1A.d.341A9FE31C0D00F8D77BA7F2C979DF7F.e.3818/click - {}
RESULT: {}
COMMAND: GET /session/95c3c6165dc75285dc529b6f9e26713d/screenshot - {}
RESULT: {}
COMMAND: POST /session/95c3c6165dc75285dc529b6f9e26713d/elements - {"using":"xpath","value":"//span[text()='Error']"}
RESULT: {"using":"xpath","value":"//span[text()='Error']"}
RESULT: undefined
COMMAND: POST /session/95c3c6165dc75285dc529b6f9e26713d/element - {"using":"xpath","value":"//*[@id=\"__tile109\"]"}
RESULT: {"using":"xpath","value":"//*[@id=\"__tile109\"]"}
COMMAND: POST /session/95c3c6165dc75285dc529b6f9e26713d/element/f.635531698F2B1D5C5340D165F45B7D1A.d.341A9FE31C0D00F8D77BA7F2C979DF7F.e.3818/click - {}
RESULT: undefined
COMMAND: POST /session/95c3c6165dc75285dc529b6f9e26713d/element - {"using":"xpath","value":"//*[@id=\"__tile109\"]"}
RESULT: {"using":"xpath","value":"//*[@id=\"__tile109\"]"}
COMMAND: POST /session/95c3c6165dc75285dc529b6f9e26713d/element/f.635531698F2B1D5C5340D165F45B7D1A.d.341A9FE31C0D00F8D77BA7F2C979DF7F.e.3818/click - {}
RESULT: undefined
COMMAND: POST /session/95c3c6165dc75285dc529b6f9e26713d/execute/async - {"script":"<script> [6424 bytes]","args":[{"element-6066-11e4-a52e-4f735466cecf":"f.635531698F2B1D5C5340D165F45B7D1A.d.341A9FE31C0D00F8D77BA7F2C979DF7F.e.295"},"getTitle",[]]}
COMMAND: POST /session/95c3c6165dc75285dc529b6f9e26713d/execute/async - {"script":"<script> [1562 bytes]","args":[{"selector":{"id":"shellAppTitle"},"wdio_ui5_key":"shellAppTitle"}]}
RESULT: {"script":"<script> [1562 bytes]","args":[{"selector":{"id":"shellAppTitle"},"wdio_ui5_key":"shellAppTitle"}]}
COMMAND: POST /session/95c3c6165dc75285dc529b6f9e26713d/execute/async - {"script":"<script> [6424 bytes]","args":[{"element-6066-11e4-a52e-4f735466cecf":"f.635531698F2B1D5C5340D165F45B7D1A.d.341A9FE31C0D00F8D77BA7F2C979DF7F.e.3892"},"getTitle",[]]}
RESULT: {"script":"<script> [6424 bytes]","args":[{"element-6066-11e4-a52e-4f735466cecf":"f.635531698F2B1D5C5340D165F45B7D1A.d.341A9FE31C0D00F8D77BA7F2C979DF7F.e.3892"},"getTitle",[]]}
RESULT: undefined
COMMAND: POST /session/95c3c6165dc75285dc529b6f9e26713d/element/f.635531698F2B1D5C5340D165F45B7D1A.d.341A9FE31C0D00F8D77BA7F2C979DF7F.e.3740/click - {}
COMMAND: POST /session/95c3c6165dc75285dc529b6f9e26713d/element - {"using":"xpath","value":"//*[@id=\"backBtn\"]"}
RESULT: {"using":"xpath","value":"//*[@id=\"backBtn\"]"}
COMMAND: POST /session/95c3c6165dc75285dc529b6f9e26713d/element/f.635531698F2B1D5C5340D165F45B7D1A.d.341A9FE31C0D00F8D77BA7F2C979DF7F.e.3740/click - {}
COMMAND: POST /session/95c3c6165dc75285dc529b6f9e26713d/element - {"using":"xpath","value":"//*[@id=\"backBtn\"]"}
RESULT: {"using":"xpath","value":"//*[@id=\"backBtn\"]"}
COMMAND: POST /session/95c3c6165dc75285dc529b6f9e26713d/element/f.635531698F2B1D5C5340D165F45B7D1A.d.341A9FE31C0D00F8D77BA7F2C979DF7F.e.3893/click - {}
RESULT: {}
COMMAND: GET /session/95c3c6165dc75285dc529b6f9e26713d/screenshot - {}
RESULT: {}
]]></system-out>
    </testcase>
    <testcase classname="chrome.136_0_7103_93.windows.Sanity_Tests_US104253" name="Should open ISC Dashboard page" time="36.879">
      <system-out><![CDATA[
COMMAND: POST /session/95c3c6165dc75285dc529b6f9e26713d/execute/async - {"script":"<script> [1562 bytes]","args":[{"selector":{"controlType":"sap.m.GenericTile","properties":{"header":"ISC Dashboard"}},"wdio_ui5_key":"sapm.GenericTile{\"header\":\"ISC Dashboard\"}"}]}
RESULT: {"script":"<script> [1562 bytes]","args":[{"selector":{"controlType":"sap.m.GenericTile","properties":{"header":"ISC Dashboard"}},"wdio_ui5_key":"sapm.GenericTile{\"header\":\"ISC Dashboard\"}"}]}
RESULT: undefined
COMMAND: POST /session/95c3c6165dc75285dc529b6f9e26713d/element - {"using":"xpath","value":"//*[@id=\"__tile106\"]"}
RESULT: {"using":"xpath","value":"//*[@id=\"__tile106\"]"}
COMMAND: POST /session/95c3c6165dc75285dc529b6f9e26713d/element/f.635531698F2B1D5C5340D165F45B7D1A.d.341A9FE31C0D00F8D77BA7F2C979DF7F.e.3895/click - {}
RESULT: {}
COMMAND: GET /session/95c3c6165dc75285dc529b6f9e26713d/screenshot - {}
RESULT: {}
COMMAND: POST /session/95c3c6165dc75285dc529b6f9e26713d/elements - {"using":"xpath","value":"//span[text()='Error']"}
RESULT: {"using":"xpath","value":"//span[text()='Error']"}
RESULT: undefined
COMMAND: POST /session/95c3c6165dc75285dc529b6f9e26713d/element - {"using":"xpath","value":"//*[@id=\"__tile106\"]"}
RESULT: {"using":"xpath","value":"//*[@id=\"__tile106\"]"}
COMMAND: POST /session/95c3c6165dc75285dc529b6f9e26713d/element/f.635531698F2B1D5C5340D165F45B7D1A.d.341A9FE31C0D00F8D77BA7F2C979DF7F.e.3895/click - {}
RESULT: undefined
COMMAND: POST /session/95c3c6165dc75285dc529b6f9e26713d/element - {"using":"xpath","value":"//*[@id=\"__tile106\"]"}
RESULT: {"using":"xpath","value":"//*[@id=\"__tile106\"]"}
COMMAND: POST /session/95c3c6165dc75285dc529b6f9e26713d/element/f.635531698F2B1D5C5340D165F45B7D1A.d.341A9FE31C0D00F8D77BA7F2C979DF7F.e.3895/click - {}
RESULT: undefined
COMMAND: POST /session/95c3c6165dc75285dc529b6f9e26713d/execute/async - {"script":"<script> [6424 bytes]","args":[{"element-6066-11e4-a52e-4f735466cecf":"f.635531698F2B1D5C5340D165F45B7D1A.d.341A9FE31C0D00F8D77BA7F2C979DF7F.e.295"},"getTitle",[]]}
COMMAND: POST /session/95c3c6165dc75285dc529b6f9e26713d/execute/async - {"script":"<script> [1562 bytes]","args":[{"selector":{"id":"shellAppTitle"},"wdio_ui5_key":"shellAppTitle"}]}
RESULT: {"script":"<script> [1562 bytes]","args":[{"selector":{"id":"shellAppTitle"},"wdio_ui5_key":"shellAppTitle"}]}
COMMAND: POST /session/95c3c6165dc75285dc529b6f9e26713d/execute/async - {"script":"<script> [6424 bytes]","args":[{"element-6066-11e4-a52e-4f735466cecf":"f.635531698F2B1D5C5340D165F45B7D1A.d.341A9FE31C0D00F8D77BA7F2C979DF7F.e.4011"},"getTitle",[]]}
RESULT: {"script":"<script> [6424 bytes]","args":[{"element-6066-11e4-a52e-4f735466cecf":"f.635531698F2B1D5C5340D165F45B7D1A.d.341A9FE31C0D00F8D77BA7F2C979DF7F.e.4011"},"getTitle",[]]}
RESULT: undefined
COMMAND: POST /session/95c3c6165dc75285dc529b6f9e26713d/element/f.635531698F2B1D5C5340D165F45B7D1A.d.341A9FE31C0D00F8D77BA7F2C979DF7F.e.3893/click - {}
RESULT: {}
COMMAND: GET /session/95c3c6165dc75285dc529b6f9e26713d/screenshot - {}
RESULT: {}
]]></system-out>
    </testcase>
    <testcase classname="chrome.136_0_7103_93.windows.Sanity_Tests_US104253" name="Should open ISC Orders page" time="37.34">
      <system-out><![CDATA[
COMMAND: POST /session/95c3c6165dc75285dc529b6f9e26713d/execute/async - {"script":"<script> [1562 bytes]","args":[{"selector":{"controlType":"sap.m.GenericTile","properties":{"header":"ISC Orders"}},"wdio_ui5_key":"sapm.GenericTile{\"header\":\"ISC Orders\"}"}]}
RESULT: {"script":"<script> [1562 bytes]","args":[{"selector":{"controlType":"sap.m.GenericTile","properties":{"header":"ISC Orders"}},"wdio_ui5_key":"sapm.GenericTile{\"header\":\"ISC Orders\"}"}]}
RESULT: undefined
COMMAND: POST /session/95c3c6165dc75285dc529b6f9e26713d/element - {"using":"xpath","value":"//*[@id=\"__tile108\"]"}
RESULT: {"using":"xpath","value":"//*[@id=\"__tile108\"]"}
COMMAND: POST /session/95c3c6165dc75285dc529b6f9e26713d/element/f.635531698F2B1D5C5340D165F45B7D1A.d.341A9FE31C0D00F8D77BA7F2C979DF7F.e.4013/click - {}
RESULT: {}
COMMAND: GET /session/95c3c6165dc75285dc529b6f9e26713d/screenshot - {}
RESULT: {}
COMMAND: POST /session/95c3c6165dc75285dc529b6f9e26713d/elements - {"using":"xpath","value":"//span[text()='Error']"}
RESULT: {"using":"xpath","value":"//span[text()='Error']"}
RESULT: undefined
COMMAND: POST /session/95c3c6165dc75285dc529b6f9e26713d/element - {"using":"xpath","value":"//*[@id=\"__tile108\"]"}
RESULT: {"using":"xpath","value":"//*[@id=\"__tile108\"]"}
COMMAND: POST /session/95c3c6165dc75285dc529b6f9e26713d/element/f.635531698F2B1D5C5340D165F45B7D1A.d.341A9FE31C0D00F8D77BA7F2C979DF7F.e.4013/click - {}
RESULT: undefined
COMMAND: POST /session/95c3c6165dc75285dc529b6f9e26713d/element - {"using":"xpath","value":"//*[@id=\"__tile108\"]"}
RESULT: {"using":"xpath","value":"//*[@id=\"__tile108\"]"}
COMMAND: POST /session/95c3c6165dc75285dc529b6f9e26713d/element/f.635531698F2B1D5C5340D165F45B7D1A.d.341A9FE31C0D00F8D77BA7F2C979DF7F.e.4013/click - {}
RESULT: undefined
COMMAND: POST /session/95c3c6165dc75285dc529b6f9e26713d/execute/async - {"script":"<script> [6424 bytes]","args":[{"element-6066-11e4-a52e-4f735466cecf":"f.635531698F2B1D5C5340D165F45B7D1A.d.341A9FE31C0D00F8D77BA7F2C979DF7F.e.295"},"getTitle",[]]}
COMMAND: POST /session/95c3c6165dc75285dc529b6f9e26713d/execute/async - {"script":"<script> [1562 bytes]","args":[{"selector":{"id":"shellAppTitle"},"wdio_ui5_key":"shellAppTitle"}]}
RESULT: {"script":"<script> [1562 bytes]","args":[{"selector":{"id":"shellAppTitle"},"wdio_ui5_key":"shellAppTitle"}]}
COMMAND: POST /session/95c3c6165dc75285dc529b6f9e26713d/execute/async - {"script":"<script> [6424 bytes]","args":[{"element-6066-11e4-a52e-4f735466cecf":"f.635531698F2B1D5C5340D165F45B7D1A.d.341A9FE31C0D00F8D77BA7F2C979DF7F.e.4118"},"getTitle",[]]}
RESULT: {"script":"<script> [6424 bytes]","args":[{"element-6066-11e4-a52e-4f735466cecf":"f.635531698F2B1D5C5340D165F45B7D1A.d.341A9FE31C0D00F8D77BA7F2C979DF7F.e.4118"},"getTitle",[]]}
RESULT: undefined
COMMAND: POST /session/95c3c6165dc75285dc529b6f9e26713d/element/f.635531698F2B1D5C5340D165F45B7D1A.d.341A9FE31C0D00F8D77BA7F2C979DF7F.e.3893/click - {}
COMMAND: POST /session/95c3c6165dc75285dc529b6f9e26713d/element - {"using":"xpath","value":"//*[@id=\"backBtn\"]"}
RESULT: {"using":"xpath","value":"//*[@id=\"backBtn\"]"}
COMMAND: POST /session/95c3c6165dc75285dc529b6f9e26713d/element/f.635531698F2B1D5C5340D165F45B7D1A.d.341A9FE31C0D00F8D77BA7F2C979DF7F.e.3893/click - {}
COMMAND: POST /session/95c3c6165dc75285dc529b6f9e26713d/element - {"using":"xpath","value":"//*[@id=\"backBtn\"]"}
RESULT: {"using":"xpath","value":"//*[@id=\"backBtn\"]"}
COMMAND: POST /session/95c3c6165dc75285dc529b6f9e26713d/element/f.635531698F2B1D5C5340D165F45B7D1A.d.341A9FE31C0D00F8D77BA7F2C979DF7F.e.4119/click - {}
RESULT: {}
COMMAND: GET /session/95c3c6165dc75285dc529b6f9e26713d/screenshot - {}
RESULT: {}
]]></system-out>
    </testcase>
    <testcase classname="chrome.136_0_7103_93.windows.Sanity_Tests_US104253" name="Should open ISC Tasks page" time="35.831">
      <system-out><![CDATA[
COMMAND: POST /session/95c3c6165dc75285dc529b6f9e26713d/execute/async - {"script":"<script> [1562 bytes]","args":[{"selector":{"controlType":"sap.m.GenericTile","properties":{"header":"ISC Tasks"}},"wdio_ui5_key":"sapm.GenericTile{\"header\":\"ISC Tasks\"}"}]}
RESULT: {"script":"<script> [1562 bytes]","args":[{"selector":{"controlType":"sap.m.GenericTile","properties":{"header":"ISC Tasks"}},"wdio_ui5_key":"sapm.GenericTile{\"header\":\"ISC Tasks\"}"}]}
RESULT: undefined
COMMAND: POST /session/95c3c6165dc75285dc529b6f9e26713d/element - {"using":"xpath","value":"//*[@id=\"__tile110\"]"}
RESULT: {"using":"xpath","value":"//*[@id=\"__tile110\"]"}
COMMAND: POST /session/95c3c6165dc75285dc529b6f9e26713d/element/f.635531698F2B1D5C5340D165F45B7D1A.d.341A9FE31C0D00F8D77BA7F2C979DF7F.e.4121/click - {}
RESULT: {}
COMMAND: GET /session/95c3c6165dc75285dc529b6f9e26713d/screenshot - {}
RESULT: {}
COMMAND: POST /session/95c3c6165dc75285dc529b6f9e26713d/elements - {"using":"xpath","value":"//span[text()='Error']"}
RESULT: {"using":"xpath","value":"//span[text()='Error']"}
RESULT: undefined
COMMAND: POST /session/95c3c6165dc75285dc529b6f9e26713d/element - {"using":"xpath","value":"//*[@id=\"__tile110\"]"}
RESULT: {"using":"xpath","value":"//*[@id=\"__tile110\"]"}
COMMAND: POST /session/95c3c6165dc75285dc529b6f9e26713d/element/f.635531698F2B1D5C5340D165F45B7D1A.d.341A9FE31C0D00F8D77BA7F2C979DF7F.e.4121/click - {}
RESULT: undefined
COMMAND: POST /session/95c3c6165dc75285dc529b6f9e26713d/element - {"using":"xpath","value":"//*[@id=\"__tile110\"]"}
RESULT: {"using":"xpath","value":"//*[@id=\"__tile110\"]"}
COMMAND: POST /session/95c3c6165dc75285dc529b6f9e26713d/element/f.635531698F2B1D5C5340D165F45B7D1A.d.341A9FE31C0D00F8D77BA7F2C979DF7F.e.4121/click - {}
RESULT: undefined
COMMAND: POST /session/95c3c6165dc75285dc529b6f9e26713d/execute/async - {"script":"<script> [6424 bytes]","args":[{"element-6066-11e4-a52e-4f735466cecf":"f.635531698F2B1D5C5340D165F45B7D1A.d.341A9FE31C0D00F8D77BA7F2C979DF7F.e.295"},"getTitle",[]]}
COMMAND: POST /session/95c3c6165dc75285dc529b6f9e26713d/execute/async - {"script":"<script> [1562 bytes]","args":[{"selector":{"id":"shellAppTitle"},"wdio_ui5_key":"shellAppTitle"}]}
RESULT: {"script":"<script> [1562 bytes]","args":[{"selector":{"id":"shellAppTitle"},"wdio_ui5_key":"shellAppTitle"}]}
COMMAND: POST /session/95c3c6165dc75285dc529b6f9e26713d/execute/async - {"script":"<script> [6424 bytes]","args":[{"element-6066-11e4-a52e-4f735466cecf":"f.635531698F2B1D5C5340D165F45B7D1A.d.341A9FE31C0D00F8D77BA7F2C979DF7F.e.4210"},"getTitle",[]]}
RESULT: {"script":"<script> [6424 bytes]","args":[{"element-6066-11e4-a52e-4f735466cecf":"f.635531698F2B1D5C5340D165F45B7D1A.d.341A9FE31C0D00F8D77BA7F2C979DF7F.e.4210"},"getTitle",[]]}
RESULT: undefined
COMMAND: POST /session/95c3c6165dc75285dc529b6f9e26713d/element/f.635531698F2B1D5C5340D165F45B7D1A.d.341A9FE31C0D00F8D77BA7F2C979DF7F.e.4119/click - {}
RESULT: {}
COMMAND: GET /session/95c3c6165dc75285dc529b6f9e26713d/screenshot - {}
RESULT: {}
]]></system-out>
    </testcase>
    <testcase classname="chrome.136_0_7103_93.windows.Sanity_Tests_US104253" name="Should open Manage Resource Logbook page" time="36.145">
      <system-out><![CDATA[
COMMAND: POST /session/95c3c6165dc75285dc529b6f9e26713d/execute/async - {"script":"<script> [1562 bytes]","args":[{"selector":{"controlType":"sap.m.GenericTile","properties":{"header":"Manage Resource Logbook"}},"wdio_ui5_key":"sapm.GenericTile{\"header\":\"Manage Resource Logbook\"}"}]}
RESULT: {"script":"<script> [1562 bytes]","args":[{"selector":{"controlType":"sap.m.GenericTile","properties":{"header":"Manage Resource Logbook"}},"wdio_ui5_key":"sapm.GenericTile{\"header\":\"Manage Resource Logbook\"}"}]}
RESULT: undefined
COMMAND: POST /session/95c3c6165dc75285dc529b6f9e26713d/element - {"using":"xpath","value":"//*[@id=\"__tile113\"]"}
RESULT: {"using":"xpath","value":"//*[@id=\"__tile113\"]"}
COMMAND: POST /session/95c3c6165dc75285dc529b6f9e26713d/element/f.635531698F2B1D5C5340D165F45B7D1A.d.341A9FE31C0D00F8D77BA7F2C979DF7F.e.4212/click - {}
RESULT: {}
COMMAND: GET /session/95c3c6165dc75285dc529b6f9e26713d/screenshot - {}
RESULT: {}
COMMAND: POST /session/95c3c6165dc75285dc529b6f9e26713d/elements - {"using":"xpath","value":"//span[text()='Error']"}
RESULT: {"using":"xpath","value":"//span[text()='Error']"}
RESULT: undefined
COMMAND: POST /session/95c3c6165dc75285dc529b6f9e26713d/element - {"using":"xpath","value":"//*[@id=\"__tile113\"]"}
RESULT: {"using":"xpath","value":"//*[@id=\"__tile113\"]"}
COMMAND: POST /session/95c3c6165dc75285dc529b6f9e26713d/element/f.635531698F2B1D5C5340D165F45B7D1A.d.341A9FE31C0D00F8D77BA7F2C979DF7F.e.4212/click - {}
RESULT: undefined
COMMAND: POST /session/95c3c6165dc75285dc529b6f9e26713d/element - {"using":"xpath","value":"//*[@id=\"__tile113\"]"}
RESULT: {"using":"xpath","value":"//*[@id=\"__tile113\"]"}
COMMAND: POST /session/95c3c6165dc75285dc529b6f9e26713d/element/f.635531698F2B1D5C5340D165F45B7D1A.d.341A9FE31C0D00F8D77BA7F2C979DF7F.e.4212/click - {}
RESULT: undefined
COMMAND: POST /session/95c3c6165dc75285dc529b6f9e26713d/execute/async - {"script":"<script> [6424 bytes]","args":[{"element-6066-11e4-a52e-4f735466cecf":"f.635531698F2B1D5C5340D165F45B7D1A.d.341A9FE31C0D00F8D77BA7F2C979DF7F.e.295"},"getTitle",[]]}
COMMAND: POST /session/95c3c6165dc75285dc529b6f9e26713d/execute/async - {"script":"<script> [1562 bytes]","args":[{"selector":{"id":"shellAppTitle"},"wdio_ui5_key":"shellAppTitle"}]}
RESULT: {"script":"<script> [1562 bytes]","args":[{"selector":{"id":"shellAppTitle"},"wdio_ui5_key":"shellAppTitle"}]}
COMMAND: POST /session/95c3c6165dc75285dc529b6f9e26713d/execute/async - {"script":"<script> [6424 bytes]","args":[{"element-6066-11e4-a52e-4f735466cecf":"f.635531698F2B1D5C5340D165F45B7D1A.d.341A9FE31C0D00F8D77BA7F2C979DF7F.e.4315"},"getTitle",[]]}
RESULT: {"script":"<script> [6424 bytes]","args":[{"element-6066-11e4-a52e-4f735466cecf":"f.635531698F2B1D5C5340D165F45B7D1A.d.341A9FE31C0D00F8D77BA7F2C979DF7F.e.4315"},"getTitle",[]]}
RESULT: undefined
COMMAND: POST /session/95c3c6165dc75285dc529b6f9e26713d/element/f.635531698F2B1D5C5340D165F45B7D1A.d.341A9FE31C0D00F8D77BA7F2C979DF7F.e.4119/click - {}
COMMAND: POST /session/95c3c6165dc75285dc529b6f9e26713d/element - {"using":"xpath","value":"//*[@id=\"backBtn\"]"}
RESULT: {"using":"xpath","value":"//*[@id=\"backBtn\"]"}
COMMAND: POST /session/95c3c6165dc75285dc529b6f9e26713d/element/f.635531698F2B1D5C5340D165F45B7D1A.d.341A9FE31C0D00F8D77BA7F2C979DF7F.e.4119/click - {}
COMMAND: POST /session/95c3c6165dc75285dc529b6f9e26713d/element - {"using":"xpath","value":"//*[@id=\"backBtn\"]"}
RESULT: {"using":"xpath","value":"//*[@id=\"backBtn\"]"}
COMMAND: POST /session/95c3c6165dc75285dc529b6f9e26713d/element/f.635531698F2B1D5C5340D165F45B7D1A.d.341A9FE31C0D00F8D77BA7F2C979DF7F.e.4316/click - {}
RESULT: {}
COMMAND: GET /session/95c3c6165dc75285dc529b6f9e26713d/screenshot - {}
RESULT: {}
]]></system-out>
    </testcase>
    <testcase classname="chrome.136_0_7103_93.windows.Sanity_Tests_US104253" name="Should open Manage Logbook page" time="36.464">
      <system-out><![CDATA[
COMMAND: POST /session/95c3c6165dc75285dc529b6f9e26713d/execute/async - {"script":"<script> [1562 bytes]","args":[{"selector":{"controlType":"sap.m.GenericTile","properties":{"header":"Manage Logbook"}},"wdio_ui5_key":"sapm.GenericTile{\"header\":\"Manage Logbook\"}"}]}
RESULT: {"script":"<script> [1562 bytes]","args":[{"selector":{"controlType":"sap.m.GenericTile","properties":{"header":"Manage Logbook"}},"wdio_ui5_key":"sapm.GenericTile{\"header\":\"Manage Logbook\"}"}]}
RESULT: undefined
COMMAND: POST /session/95c3c6165dc75285dc529b6f9e26713d/element - {"using":"xpath","value":"//*[@id=\"__tile112\"]"}
RESULT: {"using":"xpath","value":"//*[@id=\"__tile112\"]"}
COMMAND: POST /session/95c3c6165dc75285dc529b6f9e26713d/element/f.635531698F2B1D5C5340D165F45B7D1A.d.341A9FE31C0D00F8D77BA7F2C979DF7F.e.4318/click - {}
RESULT: {}
COMMAND: GET /session/95c3c6165dc75285dc529b6f9e26713d/screenshot - {}
RESULT: {}
COMMAND: POST /session/95c3c6165dc75285dc529b6f9e26713d/elements - {"using":"xpath","value":"//span[text()='Error']"}
RESULT: {"using":"xpath","value":"//span[text()='Error']"}
RESULT: undefined
COMMAND: POST /session/95c3c6165dc75285dc529b6f9e26713d/element - {"using":"xpath","value":"//*[@id=\"__tile112\"]"}
RESULT: {"using":"xpath","value":"//*[@id=\"__tile112\"]"}
COMMAND: POST /session/95c3c6165dc75285dc529b6f9e26713d/element/f.635531698F2B1D5C5340D165F45B7D1A.d.341A9FE31C0D00F8D77BA7F2C979DF7F.e.4318/click - {}
RESULT: undefined
COMMAND: POST /session/95c3c6165dc75285dc529b6f9e26713d/element - {"using":"xpath","value":"//*[@id=\"__tile112\"]"}
RESULT: {"using":"xpath","value":"//*[@id=\"__tile112\"]"}
COMMAND: POST /session/95c3c6165dc75285dc529b6f9e26713d/element/f.635531698F2B1D5C5340D165F45B7D1A.d.341A9FE31C0D00F8D77BA7F2C979DF7F.e.4318/click - {}
RESULT: undefined
COMMAND: POST /session/95c3c6165dc75285dc529b6f9e26713d/execute/async - {"script":"<script> [6424 bytes]","args":[{"element-6066-11e4-a52e-4f735466cecf":"f.635531698F2B1D5C5340D165F45B7D1A.d.341A9FE31C0D00F8D77BA7F2C979DF7F.e.295"},"getTitle",[]]}
COMMAND: POST /session/95c3c6165dc75285dc529b6f9e26713d/execute/async - {"script":"<script> [1562 bytes]","args":[{"selector":{"id":"shellAppTitle"},"wdio_ui5_key":"shellAppTitle"}]}
RESULT: {"script":"<script> [1562 bytes]","args":[{"selector":{"id":"shellAppTitle"},"wdio_ui5_key":"shellAppTitle"}]}
COMMAND: POST /session/95c3c6165dc75285dc529b6f9e26713d/execute/async - {"script":"<script> [6424 bytes]","args":[{"element-6066-11e4-a52e-4f735466cecf":"f.635531698F2B1D5C5340D165F45B7D1A.d.341A9FE31C0D00F8D77BA7F2C979DF7F.e.4408"},"getTitle",[]]}
RESULT: {"script":"<script> [6424 bytes]","args":[{"element-6066-11e4-a52e-4f735466cecf":"f.635531698F2B1D5C5340D165F45B7D1A.d.341A9FE31C0D00F8D77BA7F2C979DF7F.e.4408"},"getTitle",[]]}
RESULT: undefined
COMMAND: POST /session/95c3c6165dc75285dc529b6f9e26713d/element/f.635531698F2B1D5C5340D165F45B7D1A.d.341A9FE31C0D00F8D77BA7F2C979DF7F.e.4316/click - {}
RESULT: {}
COMMAND: GET /session/95c3c6165dc75285dc529b6f9e26713d/screenshot - {}
RESULT: {}
]]></system-out>
    </testcase>
    <testcase classname="chrome.136_0_7103_93.windows.Sanity_Tests_US104253" name="Should open ISC Orders Calendar page" time="36.402">
      <system-out><![CDATA[
COMMAND: POST /session/95c3c6165dc75285dc529b6f9e26713d/execute/async - {"script":"<script> [1562 bytes]","args":[{"selector":{"controlType":"sap.m.GenericTile","properties":{"header":"ISC Orders Calendar"}},"wdio_ui5_key":"sapm.GenericTile{\"header\":\"ISC Orders Calendar\"}"}]}
RESULT: {"script":"<script> [1562 bytes]","args":[{"selector":{"controlType":"sap.m.GenericTile","properties":{"header":"ISC Orders Calendar"}},"wdio_ui5_key":"sapm.GenericTile{\"header\":\"ISC Orders Calendar\"}"}]}
RESULT: undefined
COMMAND: POST /session/95c3c6165dc75285dc529b6f9e26713d/element - {"using":"xpath","value":"//*[@id=\"__tile107\"]"}
RESULT: {"using":"xpath","value":"//*[@id=\"__tile107\"]"}
COMMAND: POST /session/95c3c6165dc75285dc529b6f9e26713d/element/f.635531698F2B1D5C5340D165F45B7D1A.d.341A9FE31C0D00F8D77BA7F2C979DF7F.e.4410/click - {}
RESULT: {}
COMMAND: GET /session/95c3c6165dc75285dc529b6f9e26713d/screenshot - {}
RESULT: {}
COMMAND: POST /session/95c3c6165dc75285dc529b6f9e26713d/elements - {"using":"xpath","value":"//span[text()='Error']"}
RESULT: {"using":"xpath","value":"//span[text()='Error']"}
RESULT: undefined
COMMAND: POST /session/95c3c6165dc75285dc529b6f9e26713d/element - {"using":"xpath","value":"//*[@id=\"__tile107\"]"}
RESULT: {"using":"xpath","value":"//*[@id=\"__tile107\"]"}
COMMAND: POST /session/95c3c6165dc75285dc529b6f9e26713d/element/f.635531698F2B1D5C5340D165F45B7D1A.d.341A9FE31C0D00F8D77BA7F2C979DF7F.e.4410/click - {}
RESULT: undefined
COMMAND: POST /session/95c3c6165dc75285dc529b6f9e26713d/element - {"using":"xpath","value":"//*[@id=\"__tile107\"]"}
RESULT: {"using":"xpath","value":"//*[@id=\"__tile107\"]"}
COMMAND: POST /session/95c3c6165dc75285dc529b6f9e26713d/element/f.635531698F2B1D5C5340D165F45B7D1A.d.341A9FE31C0D00F8D77BA7F2C979DF7F.e.4410/click - {}
RESULT: undefined
COMMAND: POST /session/95c3c6165dc75285dc529b6f9e26713d/execute/async - {"script":"<script> [6424 bytes]","args":[{"element-6066-11e4-a52e-4f735466cecf":"f.635531698F2B1D5C5340D165F45B7D1A.d.341A9FE31C0D00F8D77BA7F2C979DF7F.e.295"},"getTitle",[]]}
COMMAND: POST /session/95c3c6165dc75285dc529b6f9e26713d/execute/async - {"script":"<script> [1562 bytes]","args":[{"selector":{"id":"shellAppTitle"},"wdio_ui5_key":"shellAppTitle"}]}
RESULT: {"script":"<script> [1562 bytes]","args":[{"selector":{"id":"shellAppTitle"},"wdio_ui5_key":"shellAppTitle"}]}
COMMAND: POST /session/95c3c6165dc75285dc529b6f9e26713d/execute/async - {"script":"<script> [6424 bytes]","args":[{"element-6066-11e4-a52e-4f735466cecf":"f.635531698F2B1D5C5340D165F45B7D1A.d.341A9FE31C0D00F8D77BA7F2C979DF7F.e.4617"},"getTitle",[]]}
RESULT: {"script":"<script> [6424 bytes]","args":[{"element-6066-11e4-a52e-4f735466cecf":"f.635531698F2B1D5C5340D165F45B7D1A.d.341A9FE31C0D00F8D77BA7F2C979DF7F.e.4617"},"getTitle",[]]}
RESULT: undefined
COMMAND: POST /session/95c3c6165dc75285dc529b6f9e26713d/element/f.635531698F2B1D5C5340D165F45B7D1A.d.341A9FE31C0D00F8D77BA7F2C979DF7F.e.4316/click - {}
COMMAND: POST /session/95c3c6165dc75285dc529b6f9e26713d/element - {"using":"xpath","value":"//*[@id=\"backBtn\"]"}
RESULT: {"using":"xpath","value":"//*[@id=\"backBtn\"]"}
COMMAND: POST /session/95c3c6165dc75285dc529b6f9e26713d/element/f.635531698F2B1D5C5340D165F45B7D1A.d.341A9FE31C0D00F8D77BA7F2C979DF7F.e.4316/click - {}
COMMAND: POST /session/95c3c6165dc75285dc529b6f9e26713d/element - {"using":"xpath","value":"//*[@id=\"backBtn\"]"}
RESULT: {"using":"xpath","value":"//*[@id=\"backBtn\"]"}
COMMAND: POST /session/95c3c6165dc75285dc529b6f9e26713d/element/f.635531698F2B1D5C5340D165F45B7D1A.d.341A9FE31C0D00F8D77BA7F2C979DF7F.e.4618/click - {}
RESULT: {}
COMMAND: GET /session/95c3c6165dc75285dc529b6f9e26713d/screenshot - {}
RESULT: {}
]]></system-out>
    </testcase>
    <testcase classname="chrome.136_0_7103_93.windows.Sanity_Tests_US104253" name="Should open Configure System page" time="36.511">
      <system-out><![CDATA[
COMMAND: POST /session/95c3c6165dc75285dc529b6f9e26713d/execute/async - {"script":"<script> [1562 bytes]","args":[{"selector":{"controlType":"sap.m.GenericTile","properties":{"header":"Configure System"}},"wdio_ui5_key":"sapm.GenericTile{\"header\":\"Configure System\"}"}]}
RESULT: {"script":"<script> [1562 bytes]","args":[{"selector":{"controlType":"sap.m.GenericTile","properties":{"header":"Configure System"}},"wdio_ui5_key":"sapm.GenericTile{\"header\":\"Configure System\"}"}]}
RESULT: undefined
COMMAND: POST /session/95c3c6165dc75285dc529b6f9e26713d/element - {"using":"xpath","value":"//*[@id=\"__tile114\"]"}
RESULT: {"using":"xpath","value":"//*[@id=\"__tile114\"]"}
COMMAND: POST /session/95c3c6165dc75285dc529b6f9e26713d/element/f.635531698F2B1D5C5340D165F45B7D1A.d.341A9FE31C0D00F8D77BA7F2C979DF7F.e.4620/click - {}
RESULT: {}
COMMAND: GET /session/95c3c6165dc75285dc529b6f9e26713d/screenshot - {}
RESULT: {}
COMMAND: POST /session/95c3c6165dc75285dc529b6f9e26713d/elements - {"using":"xpath","value":"//span[text()='Error']"}
RESULT: {"using":"xpath","value":"//span[text()='Error']"}
RESULT: undefined
COMMAND: POST /session/95c3c6165dc75285dc529b6f9e26713d/element - {"using":"xpath","value":"//*[@id=\"__tile114\"]"}
RESULT: {"using":"xpath","value":"//*[@id=\"__tile114\"]"}
COMMAND: POST /session/95c3c6165dc75285dc529b6f9e26713d/element/f.635531698F2B1D5C5340D165F45B7D1A.d.341A9FE31C0D00F8D77BA7F2C979DF7F.e.4620/click - {}
RESULT: undefined
COMMAND: POST /session/95c3c6165dc75285dc529b6f9e26713d/element - {"using":"xpath","value":"//*[@id=\"__tile114\"]"}
RESULT: {"using":"xpath","value":"//*[@id=\"__tile114\"]"}
COMMAND: POST /session/95c3c6165dc75285dc529b6f9e26713d/element/f.635531698F2B1D5C5340D165F45B7D1A.d.341A9FE31C0D00F8D77BA7F2C979DF7F.e.4620/click - {}
RESULT: undefined
COMMAND: POST /session/95c3c6165dc75285dc529b6f9e26713d/execute/async - {"script":"<script> [6424 bytes]","args":[{"element-6066-11e4-a52e-4f735466cecf":"f.635531698F2B1D5C5340D165F45B7D1A.d.341A9FE31C0D00F8D77BA7F2C979DF7F.e.295"},"getTitle",[]]}
COMMAND: POST /session/95c3c6165dc75285dc529b6f9e26713d/execute/async - {"script":"<script> [1562 bytes]","args":[{"selector":{"id":"shellAppTitle"},"wdio_ui5_key":"shellAppTitle"}]}
RESULT: {"script":"<script> [1562 bytes]","args":[{"selector":{"id":"shellAppTitle"},"wdio_ui5_key":"shellAppTitle"}]}
COMMAND: POST /session/95c3c6165dc75285dc529b6f9e26713d/execute/async - {"script":"<script> [6424 bytes]","args":[{"element-6066-11e4-a52e-4f735466cecf":"f.635531698F2B1D5C5340D165F45B7D1A.d.341A9FE31C0D00F8D77BA7F2C979DF7F.e.4662"},"getTitle",[]]}
RESULT: {"script":"<script> [6424 bytes]","args":[{"element-6066-11e4-a52e-4f735466cecf":"f.635531698F2B1D5C5340D165F45B7D1A.d.341A9FE31C0D00F8D77BA7F2C979DF7F.e.4662"},"getTitle",[]]}
RESULT: undefined
COMMAND: POST /session/95c3c6165dc75285dc529b6f9e26713d/element/f.635531698F2B1D5C5340D165F45B7D1A.d.341A9FE31C0D00F8D77BA7F2C979DF7F.e.4618/click - {}
RESULT: {}
COMMAND: GET /session/95c3c6165dc75285dc529b6f9e26713d/screenshot - {}
RESULT: {}
]]></system-out>
    </testcase>
    <testcase classname="chrome.136_0_7103_93.windows.Sanity_Tests_US104253" name="Should open Manage Classifications page" time="35.841">
      <system-out><![CDATA[
COMMAND: POST /session/95c3c6165dc75285dc529b6f9e26713d/execute/async - {"script":"<script> [1562 bytes]","args":[{"selector":{"controlType":"sap.m.GenericTile","properties":{"header":"Manage Classifications"}},"wdio_ui5_key":"sapm.GenericTile{\"header\":\"Manage Classifications\"}"}]}
RESULT: {"script":"<script> [1562 bytes]","args":[{"selector":{"controlType":"sap.m.GenericTile","properties":{"header":"Manage Classifications"}},"wdio_ui5_key":"sapm.GenericTile{\"header\":\"Manage Classifications\"}"}]}
RESULT: undefined
COMMAND: POST /session/95c3c6165dc75285dc529b6f9e26713d/element - {"using":"xpath","value":"//*[@id=\"__tile115\"]"}
RESULT: {"using":"xpath","value":"//*[@id=\"__tile115\"]"}
COMMAND: POST /session/95c3c6165dc75285dc529b6f9e26713d/element/f.635531698F2B1D5C5340D165F45B7D1A.d.341A9FE31C0D00F8D77BA7F2C979DF7F.e.4666/click - {}
RESULT: {}
COMMAND: GET /session/95c3c6165dc75285dc529b6f9e26713d/screenshot - {}
RESULT: {}
COMMAND: POST /session/95c3c6165dc75285dc529b6f9e26713d/elements - {"using":"xpath","value":"//span[text()='Error']"}
RESULT: {"using":"xpath","value":"//span[text()='Error']"}
RESULT: undefined
COMMAND: POST /session/95c3c6165dc75285dc529b6f9e26713d/element - {"using":"xpath","value":"//*[@id=\"__tile115\"]"}
RESULT: {"using":"xpath","value":"//*[@id=\"__tile115\"]"}
COMMAND: POST /session/95c3c6165dc75285dc529b6f9e26713d/element/f.635531698F2B1D5C5340D165F45B7D1A.d.341A9FE31C0D00F8D77BA7F2C979DF7F.e.4666/click - {}
RESULT: undefined
COMMAND: POST /session/95c3c6165dc75285dc529b6f9e26713d/element - {"using":"xpath","value":"//*[@id=\"__tile115\"]"}
RESULT: {"using":"xpath","value":"//*[@id=\"__tile115\"]"}
COMMAND: POST /session/95c3c6165dc75285dc529b6f9e26713d/element/f.635531698F2B1D5C5340D165F45B7D1A.d.341A9FE31C0D00F8D77BA7F2C979DF7F.e.4666/click - {}
RESULT: undefined
COMMAND: POST /session/95c3c6165dc75285dc529b6f9e26713d/execute/async - {"script":"<script> [6424 bytes]","args":[{"element-6066-11e4-a52e-4f735466cecf":"f.635531698F2B1D5C5340D165F45B7D1A.d.341A9FE31C0D00F8D77BA7F2C979DF7F.e.295"},"getTitle",[]]}
COMMAND: POST /session/95c3c6165dc75285dc529b6f9e26713d/execute/async - {"script":"<script> [1562 bytes]","args":[{"selector":{"id":"shellAppTitle"},"wdio_ui5_key":"shellAppTitle"}]}
RESULT: {"script":"<script> [1562 bytes]","args":[{"selector":{"id":"shellAppTitle"},"wdio_ui5_key":"shellAppTitle"}]}
COMMAND: POST /session/95c3c6165dc75285dc529b6f9e26713d/execute/async - {"script":"<script> [6424 bytes]","args":[{"element-6066-11e4-a52e-4f735466cecf":"f.635531698F2B1D5C5340D165F45B7D1A.d.341A9FE31C0D00F8D77BA7F2C979DF7F.e.4775"},"getTitle",[]]}
RESULT: {"script":"<script> [6424 bytes]","args":[{"element-6066-11e4-a52e-4f735466cecf":"f.635531698F2B1D5C5340D165F45B7D1A.d.341A9FE31C0D00F8D77BA7F2C979DF7F.e.4775"},"getTitle",[]]}
RESULT: undefined
COMMAND: POST /session/95c3c6165dc75285dc529b6f9e26713d/element/f.635531698F2B1D5C5340D165F45B7D1A.d.341A9FE31C0D00F8D77BA7F2C979DF7F.e.4618/click - {}
COMMAND: POST /session/95c3c6165dc75285dc529b6f9e26713d/element - {"using":"xpath","value":"//*[@id=\"backBtn\"]"}
RESULT: {"using":"xpath","value":"//*[@id=\"backBtn\"]"}
COMMAND: POST /session/95c3c6165dc75285dc529b6f9e26713d/element/f.635531698F2B1D5C5340D165F45B7D1A.d.341A9FE31C0D00F8D77BA7F2C979DF7F.e.4618/click - {}
COMMAND: POST /session/95c3c6165dc75285dc529b6f9e26713d/element - {"using":"xpath","value":"//*[@id=\"backBtn\"]"}
RESULT: {"using":"xpath","value":"//*[@id=\"backBtn\"]"}
COMMAND: POST /session/95c3c6165dc75285dc529b6f9e26713d/element/f.635531698F2B1D5C5340D165F45B7D1A.d.341A9FE31C0D00F8D77BA7F2C979DF7F.e.4776/click - {}
RESULT: {}
COMMAND: GET /session/95c3c6165dc75285dc529b6f9e26713d/screenshot - {}
RESULT: {}
]]></system-out>
    </testcase>
    <testcase classname="chrome.136_0_7103_93.windows.Sanity_Tests_US104253" name="Should open Data Explorer page" time="37.574">
      <system-out><![CDATA[
COMMAND: POST /session/95c3c6165dc75285dc529b6f9e26713d/execute/async - {"script":"<script> [1562 bytes]","args":[{"selector":{"controlType":"sap.m.GenericTile","properties":{"header":"Data Explorer"}},"wdio_ui5_key":"sapm.GenericTile{\"header\":\"Data Explorer\"}"}]}
RESULT: {"script":"<script> [1562 bytes]","args":[{"selector":{"controlType":"sap.m.GenericTile","properties":{"header":"Data Explorer"}},"wdio_ui5_key":"sapm.GenericTile{\"header\":\"Data Explorer\"}"}]}
RESULT: undefined
COMMAND: POST /session/95c3c6165dc75285dc529b6f9e26713d/element - {"using":"xpath","value":"//*[@id=\"__tile117\"]"}
RESULT: {"using":"xpath","value":"//*[@id=\"__tile117\"]"}
COMMAND: POST /session/95c3c6165dc75285dc529b6f9e26713d/element/f.635531698F2B1D5C5340D165F45B7D1A.d.341A9FE31C0D00F8D77BA7F2C979DF7F.e.4778/click - {}
RESULT: {}
COMMAND: GET /session/95c3c6165dc75285dc529b6f9e26713d/screenshot - {}
RESULT: {}
COMMAND: POST /session/95c3c6165dc75285dc529b6f9e26713d/elements - {"using":"xpath","value":"//span[text()='Error']"}
RESULT: {"using":"xpath","value":"//span[text()='Error']"}
RESULT: undefined
COMMAND: POST /session/95c3c6165dc75285dc529b6f9e26713d/element - {"using":"xpath","value":"//*[@id=\"__tile117\"]"}
RESULT: {"using":"xpath","value":"//*[@id=\"__tile117\"]"}
COMMAND: POST /session/95c3c6165dc75285dc529b6f9e26713d/element/f.635531698F2B1D5C5340D165F45B7D1A.d.341A9FE31C0D00F8D77BA7F2C979DF7F.e.4778/click - {}
RESULT: undefined
COMMAND: POST /session/95c3c6165dc75285dc529b6f9e26713d/element - {"using":"xpath","value":"//*[@id=\"__tile117\"]"}
RESULT: {"using":"xpath","value":"//*[@id=\"__tile117\"]"}
COMMAND: POST /session/95c3c6165dc75285dc529b6f9e26713d/element/f.635531698F2B1D5C5340D165F45B7D1A.d.341A9FE31C0D00F8D77BA7F2C979DF7F.e.4778/click - {}
RESULT: undefined
COMMAND: POST /session/95c3c6165dc75285dc529b6f9e26713d/execute/async - {"script":"<script> [6424 bytes]","args":[{"element-6066-11e4-a52e-4f735466cecf":"f.635531698F2B1D5C5340D165F45B7D1A.d.341A9FE31C0D00F8D77BA7F2C979DF7F.e.295"},"getTitle",[]]}
COMMAND: POST /session/95c3c6165dc75285dc529b6f9e26713d/execute/async - {"script":"<script> [1562 bytes]","args":[{"selector":{"id":"shellAppTitle"},"wdio_ui5_key":"shellAppTitle"}]}
RESULT: {"script":"<script> [1562 bytes]","args":[{"selector":{"id":"shellAppTitle"},"wdio_ui5_key":"shellAppTitle"}]}
COMMAND: POST /session/95c3c6165dc75285dc529b6f9e26713d/execute/async - {"script":"<script> [6424 bytes]","args":[{"element-6066-11e4-a52e-4f735466cecf":"f.635531698F2B1D5C5340D165F45B7D1A.d.341A9FE31C0D00F8D77BA7F2C979DF7F.e.4961"},"getTitle",[]]}
RESULT: {"script":"<script> [6424 bytes]","args":[{"element-6066-11e4-a52e-4f735466cecf":"f.635531698F2B1D5C5340D165F45B7D1A.d.341A9FE31C0D00F8D77BA7F2C979DF7F.e.4961"},"getTitle",[]]}
RESULT: undefined
COMMAND: POST /session/95c3c6165dc75285dc529b6f9e26713d/element/f.635531698F2B1D5C5340D165F45B7D1A.d.341A9FE31C0D00F8D77BA7F2C979DF7F.e.4776/click - {}
RESULT: {}
COMMAND: GET /session/95c3c6165dc75285dc529b6f9e26713d/screenshot - {}
RESULT: {}
]]></system-out>
    </testcase>
    <testcase classname="chrome.136_0_7103_93.windows.Sanity_Tests_US104253" name="Should open Performance Monitor page" time="36.737">
      <system-out><![CDATA[
COMMAND: POST /session/95c3c6165dc75285dc529b6f9e26713d/execute/async - {"script":"<script> [1562 bytes]","args":[{"selector":{"controlType":"sap.m.GenericTile","properties":{"header":"Performance Monitor"}},"wdio_ui5_key":"sapm.GenericTile{\"header\":\"Performance Monitor\"}"}]}
RESULT: {"script":"<script> [1562 bytes]","args":[{"selector":{"controlType":"sap.m.GenericTile","properties":{"header":"Performance Monitor"}},"wdio_ui5_key":"sapm.GenericTile{\"header\":\"Performance Monitor\"}"}]}
RESULT: undefined
COMMAND: POST /session/95c3c6165dc75285dc529b6f9e26713d/element - {"using":"xpath","value":"//*[@id=\"__tile116\"]"}
RESULT: {"using":"xpath","value":"//*[@id=\"__tile116\"]"}
COMMAND: POST /session/95c3c6165dc75285dc529b6f9e26713d/element/f.635531698F2B1D5C5340D165F45B7D1A.d.341A9FE31C0D00F8D77BA7F2C979DF7F.e.4963/click - {}
RESULT: {}
COMMAND: GET /session/95c3c6165dc75285dc529b6f9e26713d/screenshot - {}
RESULT: {}
COMMAND: POST /session/95c3c6165dc75285dc529b6f9e26713d/elements - {"using":"xpath","value":"//span[text()='Error']"}
RESULT: {"using":"xpath","value":"//span[text()='Error']"}
RESULT: undefined
COMMAND: POST /session/95c3c6165dc75285dc529b6f9e26713d/element - {"using":"xpath","value":"//*[@id=\"__tile116\"]"}
RESULT: {"using":"xpath","value":"//*[@id=\"__tile116\"]"}
COMMAND: POST /session/95c3c6165dc75285dc529b6f9e26713d/element/f.635531698F2B1D5C5340D165F45B7D1A.d.341A9FE31C0D00F8D77BA7F2C979DF7F.e.4963/click - {}
RESULT: undefined
COMMAND: POST /session/95c3c6165dc75285dc529b6f9e26713d/element - {"using":"xpath","value":"//*[@id=\"__tile116\"]"}
RESULT: {"using":"xpath","value":"//*[@id=\"__tile116\"]"}
COMMAND: POST /session/95c3c6165dc75285dc529b6f9e26713d/element/f.635531698F2B1D5C5340D165F45B7D1A.d.341A9FE31C0D00F8D77BA7F2C979DF7F.e.4963/click - {}
RESULT: undefined
COMMAND: POST /session/95c3c6165dc75285dc529b6f9e26713d/execute/async - {"script":"<script> [6424 bytes]","args":[{"element-6066-11e4-a52e-4f735466cecf":"f.635531698F2B1D5C5340D165F45B7D1A.d.341A9FE31C0D00F8D77BA7F2C979DF7F.e.295"},"getTitle",[]]}
COMMAND: POST /session/95c3c6165dc75285dc529b6f9e26713d/execute/async - {"script":"<script> [1562 bytes]","args":[{"selector":{"id":"shellAppTitle"},"wdio_ui5_key":"shellAppTitle"}]}
RESULT: {"script":"<script> [1562 bytes]","args":[{"selector":{"id":"shellAppTitle"},"wdio_ui5_key":"shellAppTitle"}]}
COMMAND: POST /session/95c3c6165dc75285dc529b6f9e26713d/execute/async - {"script":"<script> [6424 bytes]","args":[{"element-6066-11e4-a52e-4f735466cecf":"f.635531698F2B1D5C5340D165F45B7D1A.d.341A9FE31C0D00F8D77BA7F2C979DF7F.e.5004"},"getTitle",[]]}
RESULT: {"script":"<script> [6424 bytes]","args":[{"element-6066-11e4-a52e-4f735466cecf":"f.635531698F2B1D5C5340D165F45B7D1A.d.341A9FE31C0D00F8D77BA7F2C979DF7F.e.5004"},"getTitle",[]]}
RESULT: undefined
COMMAND: POST /session/95c3c6165dc75285dc529b6f9e26713d/element/f.635531698F2B1D5C5340D165F45B7D1A.d.341A9FE31C0D00F8D77BA7F2C979DF7F.e.4776/click - {}
COMMAND: POST /session/95c3c6165dc75285dc529b6f9e26713d/element - {"using":"xpath","value":"//*[@id=\"backBtn\"]"}
RESULT: {"using":"xpath","value":"//*[@id=\"backBtn\"]"}
COMMAND: POST /session/95c3c6165dc75285dc529b6f9e26713d/element/f.635531698F2B1D5C5340D165F45B7D1A.d.341A9FE31C0D00F8D77BA7F2C979DF7F.e.4776/click - {}
COMMAND: POST /session/95c3c6165dc75285dc529b6f9e26713d/element - {"using":"xpath","value":"//*[@id=\"backBtn\"]"}
RESULT: {"using":"xpath","value":"//*[@id=\"backBtn\"]"}
COMMAND: POST /session/95c3c6165dc75285dc529b6f9e26713d/element/f.635531698F2B1D5C5340D165F45B7D1A.d.341A9FE31C0D00F8D77BA7F2C979DF7F.e.5005/click - {}
RESULT: {}
COMMAND: GET /session/95c3c6165dc75285dc529b6f9e26713d/screenshot - {}
RESULT: {}
]]></system-out>
    </testcase>
    <testcase classname="chrome.136_0_7103_93.windows.Sanity_Tests_US104253" name="Should open Organizational Model page" time="39.326">
      <system-out><![CDATA[
COMMAND: POST /session/95c3c6165dc75285dc529b6f9e26713d/execute/async - {"script":"<script> [1562 bytes]","args":[{"selector":{"controlType":"sap.m.GenericTile","properties":{"header":"Organizational Model"}},"wdio_ui5_key":"sapm.GenericTile{\"header\":\"Organizational Model\"}"}]}
RESULT: {"script":"<script> [1562 bytes]","args":[{"selector":{"controlType":"sap.m.GenericTile","properties":{"header":"Organizational Model"}},"wdio_ui5_key":"sapm.GenericTile{\"header\":\"Organizational Model\"}"}]}
RESULT: undefined
COMMAND: POST /session/95c3c6165dc75285dc529b6f9e26713d/element - {"using":"xpath","value":"//*[@id=\"__tile120\"]"}
RESULT: {"using":"xpath","value":"//*[@id=\"__tile120\"]"}
COMMAND: POST /session/95c3c6165dc75285dc529b6f9e26713d/element/f.635531698F2B1D5C5340D165F45B7D1A.d.341A9FE31C0D00F8D77BA7F2C979DF7F.e.5008/click - {}
RESULT: {}
COMMAND: GET /session/95c3c6165dc75285dc529b6f9e26713d/screenshot - {}
RESULT: {}
COMMAND: POST /session/95c3c6165dc75285dc529b6f9e26713d/elements - {"using":"xpath","value":"//span[text()='Error']"}
RESULT: {"using":"xpath","value":"//span[text()='Error']"}
RESULT: undefined
COMMAND: POST /session/95c3c6165dc75285dc529b6f9e26713d/element - {"using":"xpath","value":"//*[@id=\"__tile120\"]"}
RESULT: {"using":"xpath","value":"//*[@id=\"__tile120\"]"}
COMMAND: POST /session/95c3c6165dc75285dc529b6f9e26713d/element/f.635531698F2B1D5C5340D165F45B7D1A.d.341A9FE31C0D00F8D77BA7F2C979DF7F.e.5008/click - {}
RESULT: undefined
COMMAND: POST /session/95c3c6165dc75285dc529b6f9e26713d/element - {"using":"xpath","value":"//*[@id=\"__tile120\"]"}
RESULT: {"using":"xpath","value":"//*[@id=\"__tile120\"]"}
COMMAND: POST /session/95c3c6165dc75285dc529b6f9e26713d/element/f.635531698F2B1D5C5340D165F45B7D1A.d.341A9FE31C0D00F8D77BA7F2C979DF7F.e.5008/click - {}
RESULT: undefined
COMMAND: POST /session/95c3c6165dc75285dc529b6f9e26713d/execute/async - {"script":"<script> [6424 bytes]","args":[{"element-6066-11e4-a52e-4f735466cecf":"f.635531698F2B1D5C5340D165F45B7D1A.d.341A9FE31C0D00F8D77BA7F2C979DF7F.e.295"},"getTitle",[]]}
COMMAND: POST /session/95c3c6165dc75285dc529b6f9e26713d/execute/async - {"script":"<script> [1562 bytes]","args":[{"selector":{"id":"shellAppTitle"},"wdio_ui5_key":"shellAppTitle"}]}
RESULT: {"script":"<script> [1562 bytes]","args":[{"selector":{"id":"shellAppTitle"},"wdio_ui5_key":"shellAppTitle"}]}
COMMAND: POST /session/95c3c6165dc75285dc529b6f9e26713d/execute/async - {"script":"<script> [6424 bytes]","args":[{"element-6066-11e4-a52e-4f735466cecf":"f.635531698F2B1D5C5340D165F45B7D1A.d.341A9FE31C0D00F8D77BA7F2C979DF7F.e.5025"},"getTitle",[]]}
RESULT: {"script":"<script> [6424 bytes]","args":[{"element-6066-11e4-a52e-4f735466cecf":"f.635531698F2B1D5C5340D165F45B7D1A.d.341A9FE31C0D00F8D77BA7F2C979DF7F.e.5025"},"getTitle",[]]}
RESULT: undefined
COMMAND: POST /session/95c3c6165dc75285dc529b6f9e26713d/element/f.635531698F2B1D5C5340D165F45B7D1A.d.341A9FE31C0D00F8D77BA7F2C979DF7F.e.5005/click - {}
RESULT: {}
COMMAND: GET /session/95c3c6165dc75285dc529b6f9e26713d/screenshot - {}
RESULT: {}
]]></system-out>
    </testcase>
    <testcase classname="chrome.136_0_7103_93.windows.Sanity_Tests_US104253" name="Should open Manage Roles page" time="36.619">
      <system-out><![CDATA[
COMMAND: POST /session/95c3c6165dc75285dc529b6f9e26713d/execute/async - {"script":"<script> [1562 bytes]","args":[{"selector":{"controlType":"sap.m.GenericTile","properties":{"header":"Manage Roles"}},"wdio_ui5_key":"sapm.GenericTile{\"header\":\"Manage Roles\"}"}]}
RESULT: {"script":"<script> [1562 bytes]","args":[{"selector":{"controlType":"sap.m.GenericTile","properties":{"header":"Manage Roles"}},"wdio_ui5_key":"sapm.GenericTile{\"header\":\"Manage Roles\"}"}]}
RESULT: undefined
COMMAND: POST /session/95c3c6165dc75285dc529b6f9e26713d/element - {"using":"xpath","value":"//*[@id=\"__tile119\"]"}
RESULT: {"using":"xpath","value":"//*[@id=\"__tile119\"]"}
COMMAND: POST /session/95c3c6165dc75285dc529b6f9e26713d/element/f.635531698F2B1D5C5340D165F45B7D1A.d.341A9FE31C0D00F8D77BA7F2C979DF7F.e.5029/click - {}
RESULT: {}
COMMAND: GET /session/95c3c6165dc75285dc529b6f9e26713d/screenshot - {}
RESULT: {}
COMMAND: POST /session/95c3c6165dc75285dc529b6f9e26713d/elements - {"using":"xpath","value":"//span[text()='Error']"}
RESULT: {"using":"xpath","value":"//span[text()='Error']"}
RESULT: undefined
COMMAND: POST /session/95c3c6165dc75285dc529b6f9e26713d/element - {"using":"xpath","value":"//*[@id=\"__tile119\"]"}
RESULT: {"using":"xpath","value":"//*[@id=\"__tile119\"]"}
COMMAND: POST /session/95c3c6165dc75285dc529b6f9e26713d/element/f.635531698F2B1D5C5340D165F45B7D1A.d.341A9FE31C0D00F8D77BA7F2C979DF7F.e.5029/click - {}
RESULT: undefined
COMMAND: POST /session/95c3c6165dc75285dc529b6f9e26713d/element - {"using":"xpath","value":"//*[@id=\"__tile119\"]"}
RESULT: {"using":"xpath","value":"//*[@id=\"__tile119\"]"}
COMMAND: POST /session/95c3c6165dc75285dc529b6f9e26713d/element/f.635531698F2B1D5C5340D165F45B7D1A.d.341A9FE31C0D00F8D77BA7F2C979DF7F.e.5029/click - {}
RESULT: undefined
COMMAND: POST /session/95c3c6165dc75285dc529b6f9e26713d/execute/async - {"script":"<script> [6424 bytes]","args":[{"element-6066-11e4-a52e-4f735466cecf":"f.635531698F2B1D5C5340D165F45B7D1A.d.341A9FE31C0D00F8D77BA7F2C979DF7F.e.295"},"getTitle",[]]}
COMMAND: POST /session/95c3c6165dc75285dc529b6f9e26713d/execute/async - {"script":"<script> [1562 bytes]","args":[{"selector":{"id":"shellAppTitle"},"wdio_ui5_key":"shellAppTitle"}]}
RESULT: {"script":"<script> [1562 bytes]","args":[{"selector":{"id":"shellAppTitle"},"wdio_ui5_key":"shellAppTitle"}]}
COMMAND: POST /session/95c3c6165dc75285dc529b6f9e26713d/execute/async - {"script":"<script> [6424 bytes]","args":[{"element-6066-11e4-a52e-4f735466cecf":"f.635531698F2B1D5C5340D165F45B7D1A.d.341A9FE31C0D00F8D77BA7F2C979DF7F.e.5129"},"getTitle",[]]}
RESULT: {"script":"<script> [6424 bytes]","args":[{"element-6066-11e4-a52e-4f735466cecf":"f.635531698F2B1D5C5340D165F45B7D1A.d.341A9FE31C0D00F8D77BA7F2C979DF7F.e.5129"},"getTitle",[]]}
RESULT: undefined
COMMAND: POST /session/95c3c6165dc75285dc529b6f9e26713d/element/f.635531698F2B1D5C5340D165F45B7D1A.d.341A9FE31C0D00F8D77BA7F2C979DF7F.e.5005/click - {}
COMMAND: POST /session/95c3c6165dc75285dc529b6f9e26713d/element - {"using":"xpath","value":"//*[@id=\"backBtn\"]"}
RESULT: {"using":"xpath","value":"//*[@id=\"backBtn\"]"}
COMMAND: POST /session/95c3c6165dc75285dc529b6f9e26713d/element/f.635531698F2B1D5C5340D165F45B7D1A.d.341A9FE31C0D00F8D77BA7F2C979DF7F.e.5005/click - {}
COMMAND: POST /session/95c3c6165dc75285dc529b6f9e26713d/element - {"using":"xpath","value":"//*[@id=\"backBtn\"]"}
RESULT: {"using":"xpath","value":"//*[@id=\"backBtn\"]"}
COMMAND: POST /session/95c3c6165dc75285dc529b6f9e26713d/element/f.635531698F2B1D5C5340D165F45B7D1A.d.341A9FE31C0D00F8D77BA7F2C979DF7F.e.5130/click - {}
RESULT: {}
COMMAND: GET /session/95c3c6165dc75285dc529b6f9e26713d/screenshot - {}
RESULT: {}
]]></system-out>
    </testcase>
    <testcase classname="chrome.136_0_7103_93.windows.Sanity_Tests_US104253" name="Should open Authorization Tables page" time="36.757">
      <system-out><![CDATA[
COMMAND: POST /session/95c3c6165dc75285dc529b6f9e26713d/execute/async - {"script":"<script> [1562 bytes]","args":[{"selector":{"controlType":"sap.m.GenericTile","properties":{"header":"Authorization Tables"}},"wdio_ui5_key":"sapm.GenericTile{\"header\":\"Authorization Tables\"}"}]}
RESULT: {"script":"<script> [1562 bytes]","args":[{"selector":{"controlType":"sap.m.GenericTile","properties":{"header":"Authorization Tables"}},"wdio_ui5_key":"sapm.GenericTile{\"header\":\"Authorization Tables\"}"}]}
RESULT: undefined
COMMAND: POST /session/95c3c6165dc75285dc529b6f9e26713d/element - {"using":"xpath","value":"//*[@id=\"__tile118\"]"}
RESULT: {"using":"xpath","value":"//*[@id=\"__tile118\"]"}
COMMAND: POST /session/95c3c6165dc75285dc529b6f9e26713d/element/f.635531698F2B1D5C5340D165F45B7D1A.d.341A9FE31C0D00F8D77BA7F2C979DF7F.e.5132/click - {}
RESULT: {}
COMMAND: GET /session/95c3c6165dc75285dc529b6f9e26713d/screenshot - {}
RESULT: {}
COMMAND: POST /session/95c3c6165dc75285dc529b6f9e26713d/elements - {"using":"xpath","value":"//span[text()='Error']"}
RESULT: {"using":"xpath","value":"//span[text()='Error']"}
RESULT: undefined
COMMAND: POST /session/95c3c6165dc75285dc529b6f9e26713d/element - {"using":"xpath","value":"//*[@id=\"__tile118\"]"}
RESULT: {"using":"xpath","value":"//*[@id=\"__tile118\"]"}
COMMAND: POST /session/95c3c6165dc75285dc529b6f9e26713d/element/f.635531698F2B1D5C5340D165F45B7D1A.d.341A9FE31C0D00F8D77BA7F2C979DF7F.e.5132/click - {}
RESULT: undefined
COMMAND: POST /session/95c3c6165dc75285dc529b6f9e26713d/element - {"using":"xpath","value":"//*[@id=\"__tile118\"]"}
RESULT: {"using":"xpath","value":"//*[@id=\"__tile118\"]"}
COMMAND: POST /session/95c3c6165dc75285dc529b6f9e26713d/element/f.635531698F2B1D5C5340D165F45B7D1A.d.341A9FE31C0D00F8D77BA7F2C979DF7F.e.5132/click - {}
RESULT: undefined
COMMAND: POST /session/95c3c6165dc75285dc529b6f9e26713d/execute/async - {"script":"<script> [6424 bytes]","args":[{"element-6066-11e4-a52e-4f735466cecf":"f.635531698F2B1D5C5340D165F45B7D1A.d.341A9FE31C0D00F8D77BA7F2C979DF7F.e.295"},"getTitle",[]]}
COMMAND: POST /session/95c3c6165dc75285dc529b6f9e26713d/execute/async - {"script":"<script> [1562 bytes]","args":[{"selector":{"id":"shellAppTitle"},"wdio_ui5_key":"shellAppTitle"}]}
RESULT: {"script":"<script> [1562 bytes]","args":[{"selector":{"id":"shellAppTitle"},"wdio_ui5_key":"shellAppTitle"}]}
COMMAND: POST /session/95c3c6165dc75285dc529b6f9e26713d/execute/async - {"script":"<script> [6424 bytes]","args":[{"element-6066-11e4-a52e-4f735466cecf":"f.635531698F2B1D5C5340D165F45B7D1A.d.341A9FE31C0D00F8D77BA7F2C979DF7F.e.5230"},"getTitle",[]]}
RESULT: {"script":"<script> [6424 bytes]","args":[{"element-6066-11e4-a52e-4f735466cecf":"f.635531698F2B1D5C5340D165F45B7D1A.d.341A9FE31C0D00F8D77BA7F2C979DF7F.e.5230"},"getTitle",[]]}
RESULT: undefined
COMMAND: POST /session/95c3c6165dc75285dc529b6f9e26713d/element/f.635531698F2B1D5C5340D165F45B7D1A.d.341A9FE31C0D00F8D77BA7F2C979DF7F.e.5130/click - {}
RESULT: {}
COMMAND: GET /session/95c3c6165dc75285dc529b6f9e26713d/screenshot - {}
RESULT: {}
]]></system-out>
    </testcase>
    <testcase classname="chrome.136_0_7103_93.windows.Sanity_Tests_US104253" name="Should open User Maintenance page" time="36.793">
      <system-out><![CDATA[
COMMAND: POST /session/95c3c6165dc75285dc529b6f9e26713d/execute/async - {"script":"<script> [1562 bytes]","args":[{"selector":{"controlType":"sap.m.GenericTile","properties":{"header":"User Maintenance"}},"wdio_ui5_key":"sapm.GenericTile{\"header\":\"User Maintenance\"}"}]}
RESULT: {"script":"<script> [1562 bytes]","args":[{"selector":{"controlType":"sap.m.GenericTile","properties":{"header":"User Maintenance"}},"wdio_ui5_key":"sapm.GenericTile{\"header\":\"User Maintenance\"}"}]}
RESULT: undefined
COMMAND: POST /session/95c3c6165dc75285dc529b6f9e26713d/element - {"using":"xpath","value":"//*[@id=\"__tile121\"]"}
RESULT: {"using":"xpath","value":"//*[@id=\"__tile121\"]"}
COMMAND: POST /session/95c3c6165dc75285dc529b6f9e26713d/element/f.635531698F2B1D5C5340D165F45B7D1A.d.341A9FE31C0D00F8D77BA7F2C979DF7F.e.5232/click - {}
RESULT: {}
COMMAND: GET /session/95c3c6165dc75285dc529b6f9e26713d/screenshot - {}
RESULT: {}
COMMAND: POST /session/95c3c6165dc75285dc529b6f9e26713d/elements - {"using":"xpath","value":"//span[text()='Error']"}
RESULT: {"using":"xpath","value":"//span[text()='Error']"}
RESULT: undefined
COMMAND: POST /session/95c3c6165dc75285dc529b6f9e26713d/element - {"using":"xpath","value":"//*[@id=\"__tile121\"]"}
RESULT: {"using":"xpath","value":"//*[@id=\"__tile121\"]"}
COMMAND: POST /session/95c3c6165dc75285dc529b6f9e26713d/element/f.635531698F2B1D5C5340D165F45B7D1A.d.341A9FE31C0D00F8D77BA7F2C979DF7F.e.5232/click - {}
RESULT: undefined
COMMAND: POST /session/95c3c6165dc75285dc529b6f9e26713d/element - {"using":"xpath","value":"//*[@id=\"__tile121\"]"}
RESULT: {"using":"xpath","value":"//*[@id=\"__tile121\"]"}
COMMAND: POST /session/95c3c6165dc75285dc529b6f9e26713d/element/f.635531698F2B1D5C5340D165F45B7D1A.d.341A9FE31C0D00F8D77BA7F2C979DF7F.e.5232/click - {}
RESULT: undefined
COMMAND: POST /session/95c3c6165dc75285dc529b6f9e26713d/execute/async - {"script":"<script> [6424 bytes]","args":[{"element-6066-11e4-a52e-4f735466cecf":"f.635531698F2B1D5C5340D165F45B7D1A.d.341A9FE31C0D00F8D77BA7F2C979DF7F.e.295"},"getTitle",[]]}
COMMAND: POST /session/95c3c6165dc75285dc529b6f9e26713d/execute/async - {"script":"<script> [1562 bytes]","args":[{"selector":{"id":"shellAppTitle"},"wdio_ui5_key":"shellAppTitle"}]}
RESULT: {"script":"<script> [1562 bytes]","args":[{"selector":{"id":"shellAppTitle"},"wdio_ui5_key":"shellAppTitle"}]}
COMMAND: POST /session/95c3c6165dc75285dc529b6f9e26713d/execute/async - {"script":"<script> [6424 bytes]","args":[{"element-6066-11e4-a52e-4f735466cecf":"f.635531698F2B1D5C5340D165F45B7D1A.d.341A9FE31C0D00F8D77BA7F2C979DF7F.e.5290"},"getTitle",[]]}
RESULT: {"script":"<script> [6424 bytes]","args":[{"element-6066-11e4-a52e-4f735466cecf":"f.635531698F2B1D5C5340D165F45B7D1A.d.341A9FE31C0D00F8D77BA7F2C979DF7F.e.5290"},"getTitle",[]]}
RESULT: undefined
COMMAND: POST /session/95c3c6165dc75285dc529b6f9e26713d/element/f.635531698F2B1D5C5340D165F45B7D1A.d.341A9FE31C0D00F8D77BA7F2C979DF7F.e.5130/click - {}
COMMAND: POST /session/95c3c6165dc75285dc529b6f9e26713d/element - {"using":"xpath","value":"//*[@id=\"backBtn\"]"}
RESULT: {"using":"xpath","value":"//*[@id=\"backBtn\"]"}
COMMAND: POST /session/95c3c6165dc75285dc529b6f9e26713d/element/f.635531698F2B1D5C5340D165F45B7D1A.d.341A9FE31C0D00F8D77BA7F2C979DF7F.e.5130/click - {}
COMMAND: POST /session/95c3c6165dc75285dc529b6f9e26713d/element - {"using":"xpath","value":"//*[@id=\"backBtn\"]"}
RESULT: {"using":"xpath","value":"//*[@id=\"backBtn\"]"}
COMMAND: POST /session/95c3c6165dc75285dc529b6f9e26713d/element/f.635531698F2B1D5C5340D165F45B7D1A.d.341A9FE31C0D00F8D77BA7F2C979DF7F.e.5291/click - {}
RESULT: {}
COMMAND: GET /session/95c3c6165dc75285dc529b6f9e26713d/screenshot - {}
RESULT: {}
]]></system-out>
    </testcase>
    <testcase classname="chrome.136_0_7103_93.windows.Sanity_Tests_US104253" name="Should open Schedule Jobs page" time="35.827">
      <system-out><![CDATA[
COMMAND: POST /session/95c3c6165dc75285dc529b6f9e26713d/execute/async - {"script":"<script> [1562 bytes]","args":[{"selector":{"controlType":"sap.m.GenericTile","properties":{"header":"Schedule Jobs"}},"wdio_ui5_key":"sapm.GenericTile{\"header\":\"Schedule Jobs\"}"}]}
RESULT: {"script":"<script> [1562 bytes]","args":[{"selector":{"controlType":"sap.m.GenericTile","properties":{"header":"Schedule Jobs"}},"wdio_ui5_key":"sapm.GenericTile{\"header\":\"Schedule Jobs\"}"}]}
RESULT: undefined
COMMAND: POST /session/95c3c6165dc75285dc529b6f9e26713d/element - {"using":"xpath","value":"//*[@id=\"__tile127\"]"}
RESULT: {"using":"xpath","value":"//*[@id=\"__tile127\"]"}
COMMAND: POST /session/95c3c6165dc75285dc529b6f9e26713d/element/f.635531698F2B1D5C5340D165F45B7D1A.d.341A9FE31C0D00F8D77BA7F2C979DF7F.e.5293/click - {}
RESULT: {}
COMMAND: GET /session/95c3c6165dc75285dc529b6f9e26713d/screenshot - {}
RESULT: {}
COMMAND: POST /session/95c3c6165dc75285dc529b6f9e26713d/elements - {"using":"xpath","value":"//span[text()='Error']"}
RESULT: {"using":"xpath","value":"//span[text()='Error']"}
RESULT: undefined
COMMAND: POST /session/95c3c6165dc75285dc529b6f9e26713d/element - {"using":"xpath","value":"//*[@id=\"__tile127\"]"}
RESULT: {"using":"xpath","value":"//*[@id=\"__tile127\"]"}
COMMAND: POST /session/95c3c6165dc75285dc529b6f9e26713d/element/f.635531698F2B1D5C5340D165F45B7D1A.d.341A9FE31C0D00F8D77BA7F2C979DF7F.e.5293/click - {}
RESULT: undefined
COMMAND: POST /session/95c3c6165dc75285dc529b6f9e26713d/element - {"using":"xpath","value":"//*[@id=\"__tile127\"]"}
RESULT: {"using":"xpath","value":"//*[@id=\"__tile127\"]"}
COMMAND: POST /session/95c3c6165dc75285dc529b6f9e26713d/element/f.635531698F2B1D5C5340D165F45B7D1A.d.341A9FE31C0D00F8D77BA7F2C979DF7F.e.5293/click - {}
RESULT: undefined
COMMAND: POST /session/95c3c6165dc75285dc529b6f9e26713d/execute/async - {"script":"<script> [6424 bytes]","args":[{"element-6066-11e4-a52e-4f735466cecf":"f.635531698F2B1D5C5340D165F45B7D1A.d.341A9FE31C0D00F8D77BA7F2C979DF7F.e.295"},"getTitle",[]]}
COMMAND: POST /session/95c3c6165dc75285dc529b6f9e26713d/execute/async - {"script":"<script> [1562 bytes]","args":[{"selector":{"id":"shellAppTitle"},"wdio_ui5_key":"shellAppTitle"}]}
RESULT: {"script":"<script> [1562 bytes]","args":[{"selector":{"id":"shellAppTitle"},"wdio_ui5_key":"shellAppTitle"}]}
COMMAND: POST /session/95c3c6165dc75285dc529b6f9e26713d/execute/async - {"script":"<script> [6424 bytes]","args":[{"element-6066-11e4-a52e-4f735466cecf":"f.635531698F2B1D5C5340D165F45B7D1A.d.341A9FE31C0D00F8D77BA7F2C979DF7F.e.5363"},"getTitle",[]]}
RESULT: {"script":"<script> [6424 bytes]","args":[{"element-6066-11e4-a52e-4f735466cecf":"f.635531698F2B1D5C5340D165F45B7D1A.d.341A9FE31C0D00F8D77BA7F2C979DF7F.e.5363"},"getTitle",[]]}
RESULT: undefined
COMMAND: POST /session/95c3c6165dc75285dc529b6f9e26713d/element/f.635531698F2B1D5C5340D165F45B7D1A.d.341A9FE31C0D00F8D77BA7F2C979DF7F.e.5291/click - {}
COMMAND: POST /session/95c3c6165dc75285dc529b6f9e26713d/element/f.635531698F2B1D5C5340D165F45B7D1A.d.341A9FE31C0D00F8D77BA7F2C979DF7F.e.5291/click - {}
RESULT: {}
COMMAND: GET /session/95c3c6165dc75285dc529b6f9e26713d/screenshot - {}
COMMAND: POST /session/95c3c6165dc75285dc529b6f9e26713d/element - {"using":"xpath","value":"//*[@id=\"backBtn\"]"}
RESULT: {}
RESULT: {"using":"xpath","value":"//*[@id=\"backBtn\"]"}
COMMAND: POST /session/95c3c6165dc75285dc529b6f9e26713d/elements - {"using":"xpath","value":"//*[@id=\"backBtn\"]"}
RESULT: {"using":"xpath","value":"//*[@id=\"backBtn\"]"}
COMMAND: POST /session/95c3c6165dc75285dc529b6f9e26713d/elements - {"using":"xpath","value":"//*[@id=\"backBtn\"]"}
RESULT: {"using":"xpath","value":"//*[@id=\"backBtn\"]"}
COMMAND: POST /session/95c3c6165dc75285dc529b6f9e26713d/elements - {"using":"xpath","value":"//*[@id=\"backBtn\"]"}
RESULT: {"using":"xpath","value":"//*[@id=\"backBtn\"]"}
COMMAND: POST /session/95c3c6165dc75285dc529b6f9e26713d/elements - {"using":"xpath","value":"//*[@id=\"backBtn\"]"}
RESULT: {"using":"xpath","value":"//*[@id=\"backBtn\"]"}
COMMAND: POST /session/95c3c6165dc75285dc529b6f9e26713d/elements - {"using":"xpath","value":"//*[@id=\"backBtn\"]"}
RESULT: {"using":"xpath","value":"//*[@id=\"backBtn\"]"}
COMMAND: POST /session/95c3c6165dc75285dc529b6f9e26713d/elements - {"using":"xpath","value":"//*[@id=\"backBtn\"]"}
RESULT: {"using":"xpath","value":"//*[@id=\"backBtn\"]"}
COMMAND: POST /session/95c3c6165dc75285dc529b6f9e26713d/elements - {"using":"xpath","value":"//*[@id=\"backBtn\"]"}
RESULT: {"using":"xpath","value":"//*[@id=\"backBtn\"]"}
COMMAND: POST /session/95c3c6165dc75285dc529b6f9e26713d/elements - {"using":"xpath","value":"//*[@id=\"backBtn\"]"}
RESULT: {"using":"xpath","value":"//*[@id=\"backBtn\"]"}
COMMAND: POST /session/95c3c6165dc75285dc529b6f9e26713d/elements - {"using":"xpath","value":"//*[@id=\"backBtn\"]"}
RESULT: {"using":"xpath","value":"//*[@id=\"backBtn\"]"}
COMMAND: POST /session/95c3c6165dc75285dc529b6f9e26713d/elements - {"using":"xpath","value":"//*[@id=\"backBtn\"]"}
RESULT: {"using":"xpath","value":"//*[@id=\"backBtn\"]"}
COMMAND: POST /session/95c3c6165dc75285dc529b6f9e26713d/elements - {"using":"xpath","value":"//*[@id=\"backBtn\"]"}
RESULT: {"using":"xpath","value":"//*[@id=\"backBtn\"]"}
COMMAND: POST /session/95c3c6165dc75285dc529b6f9e26713d/elements - {"using":"xpath","value":"//*[@id=\"backBtn\"]"}
RESULT: {"using":"xpath","value":"//*[@id=\"backBtn\"]"}
COMMAND: POST /session/95c3c6165dc75285dc529b6f9e26713d/elements - {"using":"xpath","value":"//*[@id=\"backBtn\"]"}
RESULT: {"using":"xpath","value":"//*[@id=\"backBtn\"]"}
COMMAND: POST /session/95c3c6165dc75285dc529b6f9e26713d/elements - {"using":"xpath","value":"//*[@id=\"backBtn\"]"}
RESULT: {"using":"xpath","value":"//*[@id=\"backBtn\"]"}
COMMAND: POST /session/95c3c6165dc75285dc529b6f9e26713d/elements - {"using":"xpath","value":"//*[@id=\"backBtn\"]"}
RESULT: {"using":"xpath","value":"//*[@id=\"backBtn\"]"}
COMMAND: POST /session/95c3c6165dc75285dc529b6f9e26713d/elements - {"using":"xpath","value":"//*[@id=\"backBtn\"]"}
RESULT: {"using":"xpath","value":"//*[@id=\"backBtn\"]"}
COMMAND: POST /session/95c3c6165dc75285dc529b6f9e26713d/elements - {"using":"xpath","value":"//*[@id=\"backBtn\"]"}
RESULT: {"using":"xpath","value":"//*[@id=\"backBtn\"]"}
COMMAND: POST /session/95c3c6165dc75285dc529b6f9e26713d/elements - {"using":"xpath","value":"//*[@id=\"backBtn\"]"}
RESULT: {"using":"xpath","value":"//*[@id=\"backBtn\"]"}
COMMAND: POST /session/95c3c6165dc75285dc529b6f9e26713d/elements - {"using":"xpath","value":"//*[@id=\"backBtn\"]"}
RESULT: {"using":"xpath","value":"//*[@id=\"backBtn\"]"}
]]></system-out>
    </testcase>
    <testcase classname="chrome.136_0_7103_93.windows.Sanity_Tests_US104253" name="Should open Jobs Setup page" time="35.898">
      <system-out><![CDATA[
COMMAND: POST /session/95c3c6165dc75285dc529b6f9e26713d/execute/async - {"script":"<script> [1562 bytes]","args":[{"selector":{"controlType":"sap.m.GenericTile","properties":{"header":"Jobs Setup"}},"wdio_ui5_key":"sapm.GenericTile{\"header\":\"Jobs Setup\"}"}]}
COMMAND: POST /session/95c3c6165dc75285dc529b6f9e26713d/elements - {"using":"xpath","value":"//*[@id=\"backBtn\"]"}
RESULT: {"script":"<script> [1562 bytes]","args":[{"selector":{"controlType":"sap.m.GenericTile","properties":{"header":"Jobs Setup"}},"wdio_ui5_key":"sapm.GenericTile{\"header\":\"Jobs Setup\"}"}]}
RESULT: undefined
COMMAND: POST /session/95c3c6165dc75285dc529b6f9e26713d/element - {"using":"xpath","value":"//*[@id=\"__tile128\"]"}
RESULT: {"using":"xpath","value":"//*[@id=\"backBtn\"]"}
RESULT: {"using":"xpath","value":"//*[@id=\"__tile128\"]"}
COMMAND: POST /session/95c3c6165dc75285dc529b6f9e26713d/element/f.635531698F2B1D5C5340D165F45B7D1A.d.341A9FE31C0D00F8D77BA7F2C979DF7F.e.5365/click - {}
COMMAND: POST /session/95c3c6165dc75285dc529b6f9e26713d/elements - {"using":"xpath","value":"//*[@id=\"backBtn\"]"}
RESULT: {}
COMMAND: GET /session/95c3c6165dc75285dc529b6f9e26713d/screenshot - {}
RESULT: {"using":"xpath","value":"//*[@id=\"backBtn\"]"}
RESULT: {}
COMMAND: POST /session/95c3c6165dc75285dc529b6f9e26713d/elements - {"using":"xpath","value":"//*[@id=\"backBtn\"]"}
RESULT: {"using":"xpath","value":"//*[@id=\"backBtn\"]"}
COMMAND: POST /session/95c3c6165dc75285dc529b6f9e26713d/element - {"using":"xpath","value":"//*[@id=\"backBtn\"]"}
RESULT: {"using":"xpath","value":"//*[@id=\"backBtn\"]"}
COMMAND: POST /session/95c3c6165dc75285dc529b6f9e26713d/element/f.635531698F2B1D5C5340D165F45B7D1A.d.341A9FE31C0D00F8D77BA7F2C979DF7F.e.5291/click - {}
COMMAND: POST /session/95c3c6165dc75285dc529b6f9e26713d/element - {"using":"xpath","value":"//*[@id=\"backBtn\"]"}
RESULT: {"using":"xpath","value":"//*[@id=\"backBtn\"]"}
COMMAND: POST /session/95c3c6165dc75285dc529b6f9e26713d/element/f.635531698F2B1D5C5340D165F45B7D1A.d.341A9FE31C0D00F8D77BA7F2C979DF7F.e.5426/click - {}
RESULT: {}
COMMAND: GET /session/95c3c6165dc75285dc529b6f9e26713d/screenshot - {}
RESULT: {}
COMMAND: POST /session/95c3c6165dc75285dc529b6f9e26713d/elements - {"using":"xpath","value":"//span[text()='Error']"}
RESULT: {"using":"xpath","value":"//span[text()='Error']"}
RESULT: undefined
COMMAND: POST /session/95c3c6165dc75285dc529b6f9e26713d/element - {"using":"xpath","value":"//*[@id=\"__tile128\"]"}
RESULT: {"using":"xpath","value":"//*[@id=\"__tile128\"]"}
COMMAND: POST /session/95c3c6165dc75285dc529b6f9e26713d/element/f.635531698F2B1D5C5340D165F45B7D1A.d.341A9FE31C0D00F8D77BA7F2C979DF7F.e.5365/click - {}
RESULT: undefined
COMMAND: POST /session/95c3c6165dc75285dc529b6f9e26713d/element - {"using":"xpath","value":"//*[@id=\"__tile128\"]"}
RESULT: {"using":"xpath","value":"//*[@id=\"__tile128\"]"}
COMMAND: POST /session/95c3c6165dc75285dc529b6f9e26713d/element/f.635531698F2B1D5C5340D165F45B7D1A.d.341A9FE31C0D00F8D77BA7F2C979DF7F.e.5365/click - {}
RESULT: undefined
COMMAND: POST /session/95c3c6165dc75285dc529b6f9e26713d/execute/async - {"script":"<script> [6424 bytes]","args":[{"element-6066-11e4-a52e-4f735466cecf":"f.635531698F2B1D5C5340D165F45B7D1A.d.341A9FE31C0D00F8D77BA7F2C979DF7F.e.295"},"getTitle",[]]}
COMMAND: POST /session/95c3c6165dc75285dc529b6f9e26713d/execute/async - {"script":"<script> [1562 bytes]","args":[{"selector":{"id":"shellAppTitle"},"wdio_ui5_key":"shellAppTitle"}]}
RESULT: {"script":"<script> [1562 bytes]","args":[{"selector":{"id":"shellAppTitle"},"wdio_ui5_key":"shellAppTitle"}]}
COMMAND: POST /session/95c3c6165dc75285dc529b6f9e26713d/execute/async - {"script":"<script> [6424 bytes]","args":[{"element-6066-11e4-a52e-4f735466cecf":"f.635531698F2B1D5C5340D165F45B7D1A.d.341A9FE31C0D00F8D77BA7F2C979DF7F.e.5452"},"getTitle",[]]}
RESULT: {"script":"<script> [6424 bytes]","args":[{"element-6066-11e4-a52e-4f735466cecf":"f.635531698F2B1D5C5340D165F45B7D1A.d.341A9FE31C0D00F8D77BA7F2C979DF7F.e.5452"},"getTitle",[]]}
RESULT: undefined
COMMAND: POST /session/95c3c6165dc75285dc529b6f9e26713d/element/f.635531698F2B1D5C5340D165F45B7D1A.d.341A9FE31C0D00F8D77BA7F2C979DF7F.e.5426/click - {}
COMMAND: POST /session/95c3c6165dc75285dc529b6f9e26713d/element/f.635531698F2B1D5C5340D165F45B7D1A.d.341A9FE31C0D00F8D77BA7F2C979DF7F.e.5426/click - {}
RESULT: {}
COMMAND: GET /session/95c3c6165dc75285dc529b6f9e26713d/screenshot - {}
RESULT: {}
COMMAND: GET /session/95c3c6165dc75285dc529b6f9e26713d/screenshot - {}
RESULT: {}
RESULT: {}
]]></system-out>
    </testcase>
    <testcase classname="chrome.136_0_7103_93.windows.Sanity_Tests_US104253" name="Should open Target Systems Configuration page" time="35.886">
      <system-out><![CDATA[
COMMAND: POST /session/95c3c6165dc75285dc529b6f9e26713d/execute/async - {"script":"<script> [1562 bytes]","args":[{"selector":{"controlType":"sap.m.GenericTile","properties":{"header":"Target Systems Configuration"}},"wdio_ui5_key":"sapm.GenericTile{\"header\":\"Target Systems Configuration\"}"}]}
RESULT: {"script":"<script> [1562 bytes]","args":[{"selector":{"controlType":"sap.m.GenericTile","properties":{"header":"Target Systems Configuration"}},"wdio_ui5_key":"sapm.GenericTile{\"header\":\"Target Systems Configuration\"}"}]}
RESULT: undefined
COMMAND: POST /session/95c3c6165dc75285dc529b6f9e26713d/element - {"using":"xpath","value":"//*[@id=\"__tile129\"]"}
RESULT: {"using":"xpath","value":"//*[@id=\"__tile129\"]"}
COMMAND: POST /session/95c3c6165dc75285dc529b6f9e26713d/element/f.635531698F2B1D5C5340D165F45B7D1A.d.341A9FE31C0D00F8D77BA7F2C979DF7F.e.5456/click - {}
RESULT: {}
COMMAND: GET /session/95c3c6165dc75285dc529b6f9e26713d/screenshot - {}
RESULT: {}
COMMAND: POST /session/95c3c6165dc75285dc529b6f9e26713d/elements - {"using":"xpath","value":"//span[text()='Error']"}
RESULT: {"using":"xpath","value":"//span[text()='Error']"}
RESULT: undefined
COMMAND: POST /session/95c3c6165dc75285dc529b6f9e26713d/element - {"using":"xpath","value":"//*[@id=\"__tile129\"]"}
RESULT: {"using":"xpath","value":"//*[@id=\"__tile129\"]"}
COMMAND: POST /session/95c3c6165dc75285dc529b6f9e26713d/element/f.635531698F2B1D5C5340D165F45B7D1A.d.341A9FE31C0D00F8D77BA7F2C979DF7F.e.5456/click - {}
RESULT: undefined
COMMAND: POST /session/95c3c6165dc75285dc529b6f9e26713d/element - {"using":"xpath","value":"//*[@id=\"__tile129\"]"}
RESULT: {"using":"xpath","value":"//*[@id=\"__tile129\"]"}
COMMAND: POST /session/95c3c6165dc75285dc529b6f9e26713d/element/f.635531698F2B1D5C5340D165F45B7D1A.d.341A9FE31C0D00F8D77BA7F2C979DF7F.e.5456/click - {}
RESULT: undefined
COMMAND: POST /session/95c3c6165dc75285dc529b6f9e26713d/execute/async - {"script":"<script> [6424 bytes]","args":[{"element-6066-11e4-a52e-4f735466cecf":"f.635531698F2B1D5C5340D165F45B7D1A.d.341A9FE31C0D00F8D77BA7F2C979DF7F.e.295"},"getTitle",[]]}
COMMAND: POST /session/95c3c6165dc75285dc529b6f9e26713d/execute/async - {"script":"<script> [1562 bytes]","args":[{"selector":{"id":"shellAppTitle"},"wdio_ui5_key":"shellAppTitle"}]}
RESULT: {"script":"<script> [1562 bytes]","args":[{"selector":{"id":"shellAppTitle"},"wdio_ui5_key":"shellAppTitle"}]}
COMMAND: POST /session/95c3c6165dc75285dc529b6f9e26713d/execute/async - {"script":"<script> [6424 bytes]","args":[{"element-6066-11e4-a52e-4f735466cecf":"f.635531698F2B1D5C5340D165F45B7D1A.d.341A9FE31C0D00F8D77BA7F2C979DF7F.e.5508"},"getTitle",[]]}
RESULT: {"script":"<script> [6424 bytes]","args":[{"element-6066-11e4-a52e-4f735466cecf":"f.635531698F2B1D5C5340D165F45B7D1A.d.341A9FE31C0D00F8D77BA7F2C979DF7F.e.5508"},"getTitle",[]]}
RESULT: undefined
COMMAND: POST /session/95c3c6165dc75285dc529b6f9e26713d/element/f.635531698F2B1D5C5340D165F45B7D1A.d.341A9FE31C0D00F8D77BA7F2C979DF7F.e.5426/click - {}
COMMAND: POST /session/95c3c6165dc75285dc529b6f9e26713d/element/f.635531698F2B1D5C5340D165F45B7D1A.d.341A9FE31C0D00F8D77BA7F2C979DF7F.e.5426/click - {}
RESULT: {}
COMMAND: GET /session/95c3c6165dc75285dc529b6f9e26713d/screenshot - {}
COMMAND: POST /session/95c3c6165dc75285dc529b6f9e26713d/element - {"using":"xpath","value":"//*[@id=\"backBtn\"]"}
RESULT: {}
RESULT: {"using":"xpath","value":"//*[@id=\"backBtn\"]"}
COMMAND: POST /session/95c3c6165dc75285dc529b6f9e26713d/elements - {"using":"xpath","value":"//*[@id=\"backBtn\"]"}
RESULT: {"using":"xpath","value":"//*[@id=\"backBtn\"]"}
COMMAND: POST /session/95c3c6165dc75285dc529b6f9e26713d/elements - {"using":"xpath","value":"//*[@id=\"backBtn\"]"}
RESULT: {"using":"xpath","value":"//*[@id=\"backBtn\"]"}
COMMAND: POST /session/95c3c6165dc75285dc529b6f9e26713d/elements - {"using":"xpath","value":"//*[@id=\"backBtn\"]"}
RESULT: {"using":"xpath","value":"//*[@id=\"backBtn\"]"}
COMMAND: POST /session/95c3c6165dc75285dc529b6f9e26713d/elements - {"using":"xpath","value":"//*[@id=\"backBtn\"]"}
RESULT: {"using":"xpath","value":"//*[@id=\"backBtn\"]"}
COMMAND: POST /session/95c3c6165dc75285dc529b6f9e26713d/elements - {"using":"xpath","value":"//*[@id=\"backBtn\"]"}
RESULT: {"using":"xpath","value":"//*[@id=\"backBtn\"]"}
COMMAND: POST /session/95c3c6165dc75285dc529b6f9e26713d/elements - {"using":"xpath","value":"//*[@id=\"backBtn\"]"}
RESULT: {"using":"xpath","value":"//*[@id=\"backBtn\"]"}
COMMAND: POST /session/95c3c6165dc75285dc529b6f9e26713d/elements - {"using":"xpath","value":"//*[@id=\"backBtn\"]"}
RESULT: {"using":"xpath","value":"//*[@id=\"backBtn\"]"}
COMMAND: POST /session/95c3c6165dc75285dc529b6f9e26713d/elements - {"using":"xpath","value":"//*[@id=\"backBtn\"]"}
RESULT: {"using":"xpath","value":"//*[@id=\"backBtn\"]"}
COMMAND: POST /session/95c3c6165dc75285dc529b6f9e26713d/elements - {"using":"xpath","value":"//*[@id=\"backBtn\"]"}
RESULT: {"using":"xpath","value":"//*[@id=\"backBtn\"]"}
COMMAND: POST /session/95c3c6165dc75285dc529b6f9e26713d/elements - {"using":"xpath","value":"//*[@id=\"backBtn\"]"}
RESULT: {"using":"xpath","value":"//*[@id=\"backBtn\"]"}
COMMAND: POST /session/95c3c6165dc75285dc529b6f9e26713d/elements - {"using":"xpath","value":"//*[@id=\"backBtn\"]"}
RESULT: {"using":"xpath","value":"//*[@id=\"backBtn\"]"}
COMMAND: POST /session/95c3c6165dc75285dc529b6f9e26713d/elements - {"using":"xpath","value":"//*[@id=\"backBtn\"]"}
RESULT: {"using":"xpath","value":"//*[@id=\"backBtn\"]"}
COMMAND: POST /session/95c3c6165dc75285dc529b6f9e26713d/elements - {"using":"xpath","value":"//*[@id=\"backBtn\"]"}
RESULT: {"using":"xpath","value":"//*[@id=\"backBtn\"]"}
COMMAND: POST /session/95c3c6165dc75285dc529b6f9e26713d/elements - {"using":"xpath","value":"//*[@id=\"backBtn\"]"}
RESULT: {"using":"xpath","value":"//*[@id=\"backBtn\"]"}
COMMAND: POST /session/95c3c6165dc75285dc529b6f9e26713d/elements - {"using":"xpath","value":"//*[@id=\"backBtn\"]"}
RESULT: {"using":"xpath","value":"//*[@id=\"backBtn\"]"}
COMMAND: POST /session/95c3c6165dc75285dc529b6f9e26713d/elements - {"using":"xpath","value":"//*[@id=\"backBtn\"]"}
RESULT: {"using":"xpath","value":"//*[@id=\"backBtn\"]"}
COMMAND: POST /session/95c3c6165dc75285dc529b6f9e26713d/elements - {"using":"xpath","value":"//*[@id=\"backBtn\"]"}
RESULT: {"using":"xpath","value":"//*[@id=\"backBtn\"]"}
COMMAND: POST /session/95c3c6165dc75285dc529b6f9e26713d/elements - {"using":"xpath","value":"//*[@id=\"backBtn\"]"}
RESULT: {"using":"xpath","value":"//*[@id=\"backBtn\"]"}
COMMAND: POST /session/95c3c6165dc75285dc529b6f9e26713d/elements - {"using":"xpath","value":"//*[@id=\"backBtn\"]"}
RESULT: {"using":"xpath","value":"//*[@id=\"backBtn\"]"}
COMMAND: POST /session/95c3c6165dc75285dc529b6f9e26713d/elements - {"using":"xpath","value":"//*[@id=\"backBtn\"]"}
RESULT: {"using":"xpath","value":"//*[@id=\"backBtn\"]"}
COMMAND: POST /session/95c3c6165dc75285dc529b6f9e26713d/elements - {"using":"xpath","value":"//*[@id=\"backBtn\"]"}
RESULT: {"using":"xpath","value":"//*[@id=\"backBtn\"]"}
COMMAND: POST /session/95c3c6165dc75285dc529b6f9e26713d/elements - {"using":"xpath","value":"//*[@id=\"backBtn\"]"}
RESULT: {"using":"xpath","value":"//*[@id=\"backBtn\"]"}
COMMAND: POST /session/95c3c6165dc75285dc529b6f9e26713d/elements - {"using":"xpath","value":"//*[@id=\"backBtn\"]"}
RESULT: {"using":"xpath","value":"//*[@id=\"backBtn\"]"}
COMMAND: POST /session/95c3c6165dc75285dc529b6f9e26713d/elements - {"using":"xpath","value":"//*[@id=\"backBtn\"]"}
RESULT: {"using":"xpath","value":"//*[@id=\"backBtn\"]"}
COMMAND: POST /session/95c3c6165dc75285dc529b6f9e26713d/elements - {"using":"xpath","value":"//*[@id=\"backBtn\"]"}
RESULT: {"using":"xpath","value":"//*[@id=\"backBtn\"]"}
COMMAND: POST /session/95c3c6165dc75285dc529b6f9e26713d/elements - {"using":"xpath","value":"//*[@id=\"backBtn\"]"}
RESULT: {"using":"xpath","value":"//*[@id=\"backBtn\"]"}
COMMAND: POST /session/95c3c6165dc75285dc529b6f9e26713d/elements - {"using":"xpath","value":"//*[@id=\"backBtn\"]"}
RESULT: {"using":"xpath","value":"//*[@id=\"backBtn\"]"}
COMMAND: POST /session/95c3c6165dc75285dc529b6f9e26713d/elements - {"using":"xpath","value":"//*[@id=\"backBtn\"]"}
RESULT: {"using":"xpath","value":"//*[@id=\"backBtn\"]"}
COMMAND: POST /session/95c3c6165dc75285dc529b6f9e26713d/elements - {"using":"xpath","value":"//*[@id=\"backBtn\"]"}
RESULT: {"using":"xpath","value":"//*[@id=\"backBtn\"]"}
COMMAND: POST /session/95c3c6165dc75285dc529b6f9e26713d/elements - {"using":"xpath","value":"//*[@id=\"backBtn\"]"}
RESULT: {"using":"xpath","value":"//*[@id=\"backBtn\"]"}
COMMAND: POST /session/95c3c6165dc75285dc529b6f9e26713d/elements - {"using":"xpath","value":"//*[@id=\"backBtn\"]"}
RESULT: {"using":"xpath","value":"//*[@id=\"backBtn\"]"}
COMMAND: POST /session/95c3c6165dc75285dc529b6f9e26713d/elements - {"using":"xpath","value":"//*[@id=\"backBtn\"]"}
RESULT: {"using":"xpath","value":"//*[@id=\"backBtn\"]"}
COMMAND: POST /session/95c3c6165dc75285dc529b6f9e26713d/elements - {"using":"xpath","value":"//*[@id=\"backBtn\"]"}
RESULT: {"using":"xpath","value":"//*[@id=\"backBtn\"]"}
COMMAND: POST /session/95c3c6165dc75285dc529b6f9e26713d/elements - {"using":"xpath","value":"//*[@id=\"backBtn\"]"}
RESULT: {"using":"xpath","value":"//*[@id=\"backBtn\"]"}
COMMAND: POST /session/95c3c6165dc75285dc529b6f9e26713d/elements - {"using":"xpath","value":"//*[@id=\"backBtn\"]"}
RESULT: {"using":"xpath","value":"//*[@id=\"backBtn\"]"}
COMMAND: POST /session/95c3c6165dc75285dc529b6f9e26713d/elements - {"using":"xpath","value":"//*[@id=\"backBtn\"]"}
RESULT: {"using":"xpath","value":"//*[@id=\"backBtn\"]"}
COMMAND: POST /session/95c3c6165dc75285dc529b6f9e26713d/elements - {"using":"xpath","value":"//*[@id=\"backBtn\"]"}
RESULT: {"using":"xpath","value":"//*[@id=\"backBtn\"]"}
COMMAND: POST /session/95c3c6165dc75285dc529b6f9e26713d/elements - {"using":"xpath","value":"//*[@id=\"backBtn\"]"}
RESULT: {"using":"xpath","value":"//*[@id=\"backBtn\"]"}
COMMAND: POST /session/95c3c6165dc75285dc529b6f9e26713d/elements - {"using":"xpath","value":"//*[@id=\"backBtn\"]"}
RESULT: {"using":"xpath","value":"//*[@id=\"backBtn\"]"}
COMMAND: DELETE /session/95c3c6165dc75285dc529b6f9e26713d - {}
COMMAND: POST /session/95c3c6165dc75285dc529b6f9e26713d/elements - {"using":"xpath","value":"//*[@id=\"backBtn\"]"}
RESULT: {}
]]></system-out>
    </testcase>
  </testsuite>
</testsuites>