<?xml version="1.0" encoding="UTF-8"?>
<testsuites tests="80" failures="33" errors="33" skipped="0">
  <testsuite timestamp="2025-06-04T05:54:31" time="797.164" tests="8" failures="1" errors="1" skipped="0">
    <properties>
      <property name="specId" value="0" />
      <property name="suiteName" value="Stock increase - with WHM US125587" />
      <property name="capabilities" value="chrome.136_0_7103_93.windows" />
      <property name="file" value="file:///D:/a/1/s/test/specs/HTR/stock-increase.spec.js" />
    </properties>
    <testcase classname="chrome.136_0_7103_93.windows.Stock_increase_-_with_WHM_US125587" name="Should create a new WHM yard" time="129.122">
      <system-out><![CDATA[
COMMAND: POST /session/848251078812a197579c886f13255d0c/window/fullscreen - {}
RESULT: {}
COMMAND: POST /session/848251078812a197579c886f13255d0c/execute/async - {"script":"<script> [1562 bytes]","args":[{"selector":{"controlType":"sap.m.GenericTile","properties":{"header":"Manage Yards"}},"wdio_ui5_key":"sapm.GenericTile{\"header\":\"Manage Yards\"}"}]}
RESULT: {"script":"<script> [1562 bytes]","args":[{"selector":{"controlType":"sap.m.GenericTile","properties":{"header":"Manage Yards"}},"wdio_ui5_key":"sapm.GenericTile{\"header\":\"Manage Yards\"}"}]}
RESULT: undefined
COMMAND: POST /session/848251078812a197579c886f13255d0c/element - {"using":"xpath","value":"//*[@id=\"__tile41\"]"}
RESULT: {"using":"xpath","value":"//*[@id=\"__tile41\"]"}
COMMAND: POST /session/848251078812a197579c886f13255d0c/element/f.E62CCC3EBD73CC3434E37D87B2A77947.d.7224E03097B27616F70F30FBDBC3CA41.e.130/click - {}
RESULT: {}
COMMAND: GET /session/848251078812a197579c886f13255d0c/screenshot - {}
RESULT: {}
COMMAND: POST /session/848251078812a197579c886f13255d0c/elements - {"using":"xpath","value":"//span[text()='Error']"}
RESULT: {"using":"xpath","value":"//span[text()='Error']"}
COMMAND: POST /session/848251078812a197579c886f13255d0c/element - {"using":"xpath","value":"//button[@data-kt=\"addNewYardOverflowToolbarButton\"]"}
RESULT: {"using":"xpath","value":"//button[@data-kt=\"addNewYardOverflowToolbarButton\"]"}
COMMAND: POST /session/848251078812a197579c886f13255d0c/elements - {"using":"xpath","value":"//button[@data-kt=\"addNewYardOverflowToolbarButton\"]"}
RESULT: {"using":"xpath","value":"//button[@data-kt=\"addNewYardOverflowToolbarButton\"]"}
COMMAND: POST /session/848251078812a197579c886f13255d0c/elements - {"using":"xpath","value":"//button[@data-kt=\"addNewYardOverflowToolbarButton\"]"}
RESULT: {"using":"xpath","value":"//button[@data-kt=\"addNewYardOverflowToolbarButton\"]"}
COMMAND: POST /session/848251078812a197579c886f13255d0c/elements - {"using":"xpath","value":"//button[@data-kt=\"addNewYardOverflowToolbarButton\"]"}
RESULT: {"using":"xpath","value":"//button[@data-kt=\"addNewYardOverflowToolbarButton\"]"}
COMMAND: POST /session/848251078812a197579c886f13255d0c/elements - {"using":"xpath","value":"//button[@data-kt=\"addNewYardOverflowToolbarButton\"]"}
RESULT: {"using":"xpath","value":"//button[@data-kt=\"addNewYardOverflowToolbarButton\"]"}
COMMAND: POST /session/848251078812a197579c886f13255d0c/elements - {"using":"xpath","value":"//button[@data-kt=\"addNewYardOverflowToolbarButton\"]"}
RESULT: {"using":"xpath","value":"//button[@data-kt=\"addNewYardOverflowToolbarButton\"]"}
COMMAND: POST /session/848251078812a197579c886f13255d0c/element - {"using":"xpath","value":"//button[@data-kt=\"addNewYardOverflowToolbarButton\"]"}
RESULT: {"using":"xpath","value":"//button[@data-kt=\"addNewYardOverflowToolbarButton\"]"}
COMMAND: POST /session/848251078812a197579c886f13255d0c/execute/sync - {"script":"<script> [8489 bytes]","args":[{"element-6066-11e4-a52e-4f735466cecf":"f.E62CCC3EBD73CC3434E37D87B2A77947.d.7224E03097B27616F70F30FBDBC3CA41.e.265","ELEMENT":"f.E62CCC3EBD73CC3434E37D87B2A77947.d.7224E03097B27616F70F30FBDBC3CA41.e.265"}]}
RESULT: {"script":"<script> [8489 bytes]","args":[{"element-6066-11e4-a52e-4f735466cecf":"f.E62CCC3EBD73CC3434E37D87B2A77947.d.7224E03097B27616F70F30FBDBC3CA41.e.265","ELEMENT":"f.E62CCC3EBD73CC3434E37D87B2A77947.d.7224E03097B27616F70F30FBDBC3CA41.e.265"}]}
COMMAND: GET /session/848251078812a197579c886f13255d0c/element/f.E62CCC3EBD73CC3434E37D87B2A77947.d.7224E03097B27616F70F30FBDBC3CA41.e.265/enabled - {}
COMMAND: GET /session/848251078812a197579c886f13255d0c/screenshot - {}
RESULT: {}
COMMAND: POST /session/848251078812a197579c886f13255d0c/execute/sync - {"script":"<script> [8489 bytes]","args":[{"element-6066-11e4-a52e-4f735466cecf":"f.E62CCC3EBD73CC3434E37D87B2A77947.d.7224E03097B27616F70F30FBDBC3CA41.e.265","ELEMENT":"f.E62CCC3EBD73CC3434E37D87B2A77947.d.7224E03097B27616F70F30FBDBC3CA41.e.265"}]}
COMMAND: GET /session/848251078812a197579c886f13255d0c/screenshot - {}
RESULT: {}
RESULT: {"script":"<script> [8489 bytes]","args":[{"element-6066-11e4-a52e-4f735466cecf":"f.E62CCC3EBD73CC3434E37D87B2A77947.d.7224E03097B27616F70F30FBDBC3CA41.e.265","ELEMENT":"f.E62CCC3EBD73CC3434E37D87B2A77947.d.7224E03097B27616F70F30FBDBC3CA41.e.265"}]}
COMMAND: POST /session/848251078812a197579c886f13255d0c/execute/sync - {"script":"<script> [5351 bytes]","args":[{"element-6066-11e4-a52e-4f735466cecf":"f.E62CCC3EBD73CC3434E37D87B2A77947.d.7224E03097B27616F70F30FBDBC3CA41.e.265","ELEMENT":"f.E62CCC3EBD73CC3434E37D87B2A77947.d.7224E03097B27616F70F30FBDBC3CA41.e.265"}]}
COMMAND: GET /session/848251078812a197579c886f13255d0c/screenshot - {}
RESULT: {}
RESULT: {"script":"<script> [5351 bytes]","args":[{"element-6066-11e4-a52e-4f735466cecf":"f.E62CCC3EBD73CC3434E37D87B2A77947.d.7224E03097B27616F70F30FBDBC3CA41.e.265","ELEMENT":"f.E62CCC3EBD73CC3434E37D87B2A77947.d.7224E03097B27616F70F30FBDBC3CA41.e.265"}]}
COMMAND: POST /session/848251078812a197579c886f13255d0c/element/f.E62CCC3EBD73CC3434E37D87B2A77947.d.7224E03097B27616F70F30FBDBC3CA41.e.265/click - {}
COMMAND: GET /session/848251078812a197579c886f13255d0c/screenshot - {}
RESULT: {}
RESULT: {}
COMMAND: GET /session/848251078812a197579c886f13255d0c/screenshot - {}
RESULT: {}
COMMAND: POST /session/848251078812a197579c886f13255d0c/element - {"using":"xpath","value":"//input[@id=\"application-manageyards-display-component---NewYard--yardId-inner\"]"}
RESULT: {}
RESULT: {"using":"xpath","value":"//input[@id=\"application-manageyards-display-component---NewYard--yardId-inner\"]"}
COMMAND: POST /session/848251078812a197579c886f13255d0c/element - {"using":"xpath","value":"//input[@id=\"application-manageyards-display-component---NewYard--yardId-inner\"]"}
RESULT: {"using":"xpath","value":"//input[@id=\"application-manageyards-display-component---NewYard--yardId-inner\"]"}
COMMAND: POST /session/848251078812a197579c886f13255d0c/execute/async - {"script":"<script> [1562 bytes]","args":[{"selector":{"id":"application-manageyards-display-component---NewYard--addressDetailDetailsName1","interaction":{"idSuffix":"inner"}},"wdio_ui5_key":"applicationmanageyards-display-component---NewYard--addressDetailDetailsName1"}]}
RESULT: {"script":"<script> [1562 bytes]","args":[{"selector":{"id":"application-manageyards-display-component---NewYard--addressDetailDetailsName1","interaction":{"idSuffix":"inner"}},"wdio_ui5_key":"applicationmanageyards-display-component---NewYard--addressDetailDetailsName1"}]}
RESULT: undefined
COMMAND: POST /session/848251078812a197579c886f13255d0c/execute/async - {"script":"<script> [776 bytes]","args":[{"enterText":"Warehouse Managed WDIO","selector":{"id":"application-manageyards-display-component---NewYard--addressDetailDetailsName1","interaction":{"idSuffix":"inner"}},"clearTextFirst":true,"interactionType":"ENTER_TEXT"}]}
RESULT: {"script":"<script> [776 bytes]","args":[{"enterText":"Warehouse Managed WDIO","selector":{"id":"application-manageyards-display-component---NewYard--addressDetailDetailsName1","interaction":{"idSuffix":"inner"}},"clearTextFirst":true,"interactionType":"ENTER_TEXT"}]}
COMMAND: POST /session/848251078812a197579c886f13255d0c/execute/async - {"script":"<script> [1562 bytes]","args":[{"selector":{"id":"application-manageyards-display-component---NewYard--addressDetailDetailsLanguage-arrow"},"wdio_ui5_key":"applicationmanageyards-display-component---NewYard--addressDetailDetailsLanguage-arrow"}]}
RESULT: {"script":"<script> [1562 bytes]","args":[{"selector":{"id":"application-manageyards-display-component---NewYard--addressDetailDetailsLanguage-arrow"},"wdio_ui5_key":"applicationmanageyards-display-component---NewYard--addressDetailDetailsLanguage-arrow"}]}
RESULT: undefined
COMMAND: POST /session/848251078812a197579c886f13255d0c/element - {"using":"xpath","value":"//*[@id=\"application-manageyards-display-component---NewYard--addressDetailDetailsLanguage-arrow\"]"}
RESULT: {"using":"xpath","value":"//*[@id=\"application-manageyards-display-component---NewYard--addressDetailDetailsLanguage-arrow\"]"}
COMMAND: POST /session/848251078812a197579c886f13255d0c/element/f.E62CCC3EBD73CC3434E37D87B2A77947.d.7224E03097B27616F70F30FBDBC3CA41.e.696/click - {}
RESULT: {}
COMMAND: POST /session/848251078812a197579c886f13255d0c/element - {"using":"xpath","value":"//span[contains(text(), \"English\")]"}
COMMAND: GET /session/848251078812a197579c886f13255d0c/screenshot - {}
RESULT: {"using":"xpath","value":"//span[contains(text(), \"English\")]"}
COMMAND: POST /session/848251078812a197579c886f13255d0c/element/f.E62CCC3EBD73CC3434E37D87B2A77947.d.7224E03097B27616F70F30FBDBC3CA41.e.697/click - {}
RESULT: {}
RESULT: {}
COMMAND: POST /session/848251078812a197579c886f13255d0c/execute/async - {"script":"<script> [1562 bytes]","args":[{"selector":{"id":"application-manageyards-display-component---NewYard--addressDetailDetailsCity1","interaction":{"idSuffix":"inner"}},"wdio_ui5_key":"applicationmanageyards-display-component---NewYard--addressDetailDetailsCity1"}]}
COMMAND: GET /session/848251078812a197579c886f13255d0c/screenshot - {}
RESULT: {"script":"<script> [1562 bytes]","args":[{"selector":{"id":"application-manageyards-display-component---NewYard--addressDetailDetailsCity1","interaction":{"idSuffix":"inner"}},"wdio_ui5_key":"applicationmanageyards-display-component---NewYard--addressDetailDetailsCity1"}]}
RESULT: undefined
COMMAND: POST /session/848251078812a197579c886f13255d0c/execute/async - {"script":"<script> [776 bytes]","args":[{"enterText":"Rosario","selector":{"id":"application-manageyards-display-component---NewYard--addressDetailDetailsCity1","interaction":{"idSuffix":"inner"}},"clearTextFirst":true,"interactionType":"ENTER_TEXT"}]}
RESULT: {}
RESULT: {"script":"<script> [776 bytes]","args":[{"enterText":"Rosario","selector":{"id":"application-manageyards-display-component---NewYard--addressDetailDetailsCity1","interaction":{"idSuffix":"inner"}},"clearTextFirst":true,"interactionType":"ENTER_TEXT"}]}
COMMAND: POST /session/848251078812a197579c886f13255d0c/execute/async - {"script":"<script> [1562 bytes]","args":[{"selector":{"id":"application-manageyards-display-component---NewYard--addressDetailDetailsCountry-arrow"},"wdio_ui5_key":"applicationmanageyards-display-component---NewYard--addressDetailDetailsCountry-arrow"}]}
RESULT: {"script":"<script> [1562 bytes]","args":[{"selector":{"id":"application-manageyards-display-component---NewYard--addressDetailDetailsCountry-arrow"},"wdio_ui5_key":"applicationmanageyards-display-component---NewYard--addressDetailDetailsCountry-arrow"}]}
RESULT: undefined
COMMAND: POST /session/848251078812a197579c886f13255d0c/element - {"using":"xpath","value":"//*[@id=\"application-manageyards-display-component---NewYard--addressDetailDetailsCountry-arrow\"]"}
RESULT: {"using":"xpath","value":"//*[@id=\"application-manageyards-display-component---NewYard--addressDetailDetailsCountry-arrow\"]"}
COMMAND: POST /session/848251078812a197579c886f13255d0c/element/f.E62CCC3EBD73CC3434E37D87B2A77947.d.7224E03097B27616F70F30FBDBC3CA41.e.699/click - {}
RESULT: {}
COMMAND: POST /session/848251078812a197579c886f13255d0c/element - {"using":"xpath","value":"//span[contains(text(), \"Argentina\")]"}
COMMAND: GET /session/848251078812a197579c886f13255d0c/screenshot - {}
RESULT: {"using":"xpath","value":"//span[contains(text(), \"Argentina\")]"}
COMMAND: POST /session/848251078812a197579c886f13255d0c/element/f.E62CCC3EBD73CC3434E37D87B2A77947.d.7224E03097B27616F70F30FBDBC3CA41.e.700/click - {}
RESULT: {}
RESULT: {}
COMMAND: POST /session/848251078812a197579c886f13255d0c/execute/async - {"script":"<script> [1562 bytes]","args":[{"selector":{"id":"application-manageyards-display-component---NewYard--addressEditDetailsCostObjectCstType-arrow"},"wdio_ui5_key":"applicationmanageyards-display-component---NewYard--addressEditDetailsCostObjectCstType-arrow"}]}
COMMAND: GET /session/848251078812a197579c886f13255d0c/screenshot - {}
RESULT: {}
RESULT: {"script":"<script> [1562 bytes]","args":[{"selector":{"id":"application-manageyards-display-component---NewYard--addressEditDetailsCostObjectCstType-arrow"},"wdio_ui5_key":"applicationmanageyards-display-component---NewYard--addressEditDetailsCostObjectCstType-arrow"}]}
RESULT: undefined
COMMAND: POST /session/848251078812a197579c886f13255d0c/element - {"using":"xpath","value":"//*[@id=\"application-manageyards-display-component---NewYard--addressEditDetailsCostObjectCstType-arrow\"]"}
RESULT: {"using":"xpath","value":"//*[@id=\"application-manageyards-display-component---NewYard--addressEditDetailsCostObjectCstType-arrow\"]"}
COMMAND: POST /session/848251078812a197579c886f13255d0c/element/f.E62CCC3EBD73CC3434E37D87B2A77947.d.7224E03097B27616F70F30FBDBC3CA41.e.702/click - {}
RESULT: {}
COMMAND: POST /session/848251078812a197579c886f13255d0c/element - {"using":"xpath","value":"//span[contains(text(), \"Cost Center\")]"}
COMMAND: GET /session/848251078812a197579c886f13255d0c/screenshot - {}
RESULT: {"using":"xpath","value":"//span[contains(text(), \"Cost Center\")]"}
COMMAND: POST /session/848251078812a197579c886f13255d0c/element/f.E62CCC3EBD73CC3434E37D87B2A77947.d.7224E03097B27616F70F30FBDBC3CA41.e.703/click - {}
RESULT: {}
RESULT: {}
COMMAND: GET /session/848251078812a197579c886f13255d0c/screenshot - {}
RESULT: {}
COMMAND: POST /session/848251078812a197579c886f13255d0c/element - {"using":"xpath","value":"//span[@id=\"application-manageyards-display-component---NewYard--addressNewCostObjectCstID-vhi\"]"}
RESULT: {"using":"xpath","value":"//span[@id=\"application-manageyards-display-component---NewYard--addressNewCostObjectCstID-vhi\"]"}
COMMAND: POST /session/848251078812a197579c886f13255d0c/execute/sync - {"script":"<script> [8489 bytes]","args":[{"element-6066-11e4-a52e-4f735466cecf":"f.E62CCC3EBD73CC3434E37D87B2A77947.d.7224E03097B27616F70F30FBDBC3CA41.e.707","ELEMENT":"f.E62CCC3EBD73CC3434E37D87B2A77947.d.7224E03097B27616F70F30FBDBC3CA41.e.707"}]}
RESULT: {"script":"<script> [8489 bytes]","args":[{"element-6066-11e4-a52e-4f735466cecf":"f.E62CCC3EBD73CC3434E37D87B2A77947.d.7224E03097B27616F70F30FBDBC3CA41.e.707","ELEMENT":"f.E62CCC3EBD73CC3434E37D87B2A77947.d.7224E03097B27616F70F30FBDBC3CA41.e.707"}]}
COMMAND: POST /session/848251078812a197579c886f13255d0c/execute/async - {"script":"<script> [1562 bytes]","args":[{"selector":{"id":"application-manageyards-display-component---NewYard--addressNewCostObjectCstID-vhi"},"wdio_ui5_key":"applicationmanageyards-display-component---NewYard--addressNewCostObjectCstID-vhi"}]}
COMMAND: GET /session/848251078812a197579c886f13255d0c/screenshot - {}
RESULT: {"script":"<script> [1562 bytes]","args":[{"selector":{"id":"application-manageyards-display-component---NewYard--addressNewCostObjectCstID-vhi"},"wdio_ui5_key":"applicationmanageyards-display-component---NewYard--addressNewCostObjectCstID-vhi"}]}
RESULT: undefined
COMMAND: POST /session/848251078812a197579c886f13255d0c/element - {"using":"xpath","value":"//*[@id=\"application-manageyards-display-component---NewYard--addressNewCostObjectCstID-vhi\"]"}
RESULT: {}
RESULT: {"using":"xpath","value":"//*[@id=\"application-manageyards-display-component---NewYard--addressNewCostObjectCstID-vhi\"]"}
COMMAND: POST /session/848251078812a197579c886f13255d0c/element/f.E62CCC3EBD73CC3434E37D87B2A77947.d.7224E03097B27616F70F30FBDBC3CA41.e.707/click - {}
RESULT: {}
COMMAND: GET /session/848251078812a197579c886f13255d0c/screenshot - {}
RESULT: {}
COMMAND: POST /session/848251078812a197579c886f13255d0c/execute/async - {"script":"<script> [1562 bytes]","args":[{"selector":{"controlType":"sap.m.SearchField","properties":{"placeholder":"Search"},"searchOpenDialogs":true,"interaction":{"idSuffix":"I"}},"wdio_ui5_key":"sapm.SearchField{\"placeholder\":\"Search\"}"}]}
RESULT: {"script":"<script> [1562 bytes]","args":[{"selector":{"controlType":"sap.m.SearchField","properties":{"placeholder":"Search"},"searchOpenDialogs":true,"interaction":{"idSuffix":"I"}},"wdio_ui5_key":"sapm.SearchField{\"placeholder\":\"Search\"}"}]}
RESULT: undefined
COMMAND: POST /session/848251078812a197579c886f13255d0c/execute/async - {"script":"<script> [776 bytes]","args":[{"enterText":"bauh_b","selector":{"controlType":"sap.m.SearchField","properties":{"placeholder":"Search"},"searchOpenDialogs":true,"interaction":{"idSuffix":"I"}},"clearTextFirst":true,"interactionType":"ENTER_TEXT"}]}
RESULT: {"script":"<script> [776 bytes]","args":[{"enterText":"bauh_b","selector":{"controlType":"sap.m.SearchField","properties":{"placeholder":"Search"},"searchOpenDialogs":true,"interaction":{"idSuffix":"I"}},"clearTextFirst":true,"interactionType":"ENTER_TEXT"}]}
COMMAND: POST /session/848251078812a197579c886f13255d0c/actions - {"actions":[{"id":"action1","type":"key","parameters":{},"actions":[{"type":"keyDown","value":"î€‡"},{"type":"pause","duration":10},{"type":"keyUp","value":"î€‡"}]}]}
RESULT: {"actions":[{"id":"action1","type":"key","parameters":{},"actions":[{"type":"keyDown","value":"î€‡"},{"type":"pause","duration":10},{"type":"keyUp","value":"î€‡"}]}]}
COMMAND: GET /session/848251078812a197579c886f13255d0c/screenshot - {}
RESULT: {}
COMMAND: POST /session/848251078812a197579c886f13255d0c/element - {"using":"xpath","value":"//span[contains(text(), \"Demo Yard\")]"}
RESULT: {"using":"xpath","value":"//span[contains(text(), \"Demo Yard\")]"}
COMMAND: POST /session/848251078812a197579c886f13255d0c/element/f.E62CCC3EBD73CC3434E37D87B2A77947.d.7224E03097B27616F70F30FBDBC3CA41.e.749/click - {}
RESULT: {}
COMMAND: GET /session/848251078812a197579c886f13255d0c/screenshot - {}
RESULT: {}
COMMAND: POST /session/848251078812a197579c886f13255d0c/element - {"using":"xpath","value":"//bdi[contains(text(), \"OK\")]"}
RESULT: {"using":"xpath","value":"//bdi[contains(text(), \"OK\")]"}
COMMAND: POST /session/848251078812a197579c886f13255d0c/element/f.E62CCC3EBD73CC3434E37D87B2A77947.d.7224E03097B27616F70F30FBDBC3CA41.e.750/click - {}
RESULT: {}
COMMAND: GET /session/848251078812a197579c886f13255d0c/screenshot - {}
RESULT: {}
COMMAND: POST /session/848251078812a197579c886f13255d0c/execute/async - {"script":"<script> [1562 bytes]","args":[{"selector":{"id":"application-manageyards-display-component---NewYard--addressEditDetailsCurrency-arrow"},"wdio_ui5_key":"applicationmanageyards-display-component---NewYard--addressEditDetailsCurrency-arrow"}]}
RESULT: {"script":"<script> [1562 bytes]","args":[{"selector":{"id":"application-manageyards-display-component---NewYard--addressEditDetailsCurrency-arrow"},"wdio_ui5_key":"applicationmanageyards-display-component---NewYard--addressEditDetailsCurrency-arrow"}]}
RESULT: undefined
COMMAND: POST /session/848251078812a197579c886f13255d0c/element - {"using":"xpath","value":"//*[@id=\"application-manageyards-display-component---NewYard--addressEditDetailsCurrency-arrow\"]"}
RESULT: {"using":"xpath","value":"//*[@id=\"application-manageyards-display-component---NewYard--addressEditDetailsCurrency-arrow\"]"}
COMMAND: POST /session/848251078812a197579c886f13255d0c/element/f.E62CCC3EBD73CC3434E37D87B2A77947.d.7224E03097B27616F70F30FBDBC3CA41.e.753/click - {}
RESULT: {}
COMMAND: POST /session/848251078812a197579c886f13255d0c/element - {"using":"xpath","value":"//span[contains(text(), \"Euro\")]"}
COMMAND: GET /session/848251078812a197579c886f13255d0c/screenshot - {}
RESULT: {"using":"xpath","value":"//span[contains(text(), \"Euro\")]"}
COMMAND: POST /session/848251078812a197579c886f13255d0c/element/f.E62CCC3EBD73CC3434E37D87B2A77947.d.7224E03097B27616F70F30FBDBC3CA41.e.754/click - {}
RESULT: {}
RESULT: {}
COMMAND: POST /session/848251078812a197579c886f13255d0c/execute/async - {"script":"<script> [1562 bytes]","args":[{"selector":{"controlType":"sap.m.Input","viewName":"etm.portal.ui.manageyards.view.New","viewId":"application-manageyards-display-component---NewYard","bindingPath":{"path":"","propertyPath":"/CONTROLLING_AREA","modelName":"NewYardModel"},"interaction":{"idSuffix":"inner"}},"wdio_ui5_key":"etmportal.ui.manageyards.view.Newsap.m.Input{\"path\":\"\",\"propertyPath\":\"/CONTROLLING_AREA\",\"modelName\":\"NewYardModel\"}"}]}
COMMAND: GET /session/848251078812a197579c886f13255d0c/screenshot - {}
RESULT: {"script":"<script> [1562 bytes]","args":[{"selector":{"controlType":"sap.m.Input","viewName":"etm.portal.ui.manageyards.view.New","viewId":"application-manageyards-display-component---NewYard","bindingPath":{"path":"","propertyPath":"/CONTROLLING_AREA","modelName":"NewYardModel"},"interaction":{"idSuffix":"inner"}},"wdio_ui5_key":"etmportal.ui.manageyards.view.Newsap.m.Input{\"path\":\"\",\"propertyPath\":\"/CONTROLLING_AREA\",\"modelName\":\"NewYardModel\"}"}]}
RESULT: undefined
COMMAND: POST /session/848251078812a197579c886f13255d0c/execute/async - {"script":"<script> [776 bytes]","args":[{"enterText":"Z001","selector":{"controlType":"sap.m.Input","viewName":"etm.portal.ui.manageyards.view.New","viewId":"application-manageyards-display-component---NewYard","bindingPath":{"path":"","propertyPath":"/CONTROLLING_AREA","modelName":"NewYardModel"},"interaction":{"idSuffix":"inner"}},"clearTextFirst":true,"interactionType":"ENTER_TEXT"}]}
RESULT: {}
RESULT: {"script":"<script> [776 bytes]","args":[{"enterText":"Z001","selector":{"controlType":"sap.m.Input","viewName":"etm.portal.ui.manageyards.view.New","viewId":"application-manageyards-display-component---NewYard","bindingPath":{"path":"","propertyPath":"/CONTROLLING_AREA","modelName":"NewYardModel"},"interaction":{"idSuffix":"inner"}},"clearTextFirst":true,"interactionType":"ENTER_TEXT"}]}
COMMAND: POST /session/848251078812a197579c886f13255d0c/execute/async - {"script":"<script> [1562 bytes]","args":[{"selector":{"id":"application-manageyards-display-component---NewYard--companyCodeComboBox","interaction":{"idSuffix":"inner"}},"wdio_ui5_key":"applicationmanageyards-display-component---NewYard--companyCodeComboBox"}]}
RESULT: {"script":"<script> [1562 bytes]","args":[{"selector":{"id":"application-manageyards-display-component---NewYard--companyCodeComboBox","interaction":{"idSuffix":"inner"}},"wdio_ui5_key":"applicationmanageyards-display-component---NewYard--companyCodeComboBox"}]}
RESULT: undefined
COMMAND: POST /session/848251078812a197579c886f13255d0c/execute/async - {"script":"<script> [776 bytes]","args":[{"enterText":"1000","selector":{"id":"application-manageyards-display-component---NewYard--companyCodeComboBox","interaction":{"idSuffix":"inner"}},"clearTextFirst":true,"interactionType":"ENTER_TEXT"}]}
RESULT: {"script":"<script> [776 bytes]","args":[{"enterText":"1000","selector":{"id":"application-manageyards-display-component---NewYard--companyCodeComboBox","interaction":{"idSuffix":"inner"}},"clearTextFirst":true,"interactionType":"ENTER_TEXT"}]}
COMMAND: POST /session/848251078812a197579c886f13255d0c/execute/async - {"script":"<script> [1562 bytes]","args":[{"selector":{"controlType":"sap.m.Input","viewName":"etm.portal.ui.manageyards.view.New","viewId":"application-manageyards-display-component---NewYard","bindingPath":{"path":"","propertyPath":"/PLANT","modelName":"NewYardModel"},"interaction":{"idSuffix":"inner"}},"wdio_ui5_key":"etmportal.ui.manageyards.view.Newsap.m.Input{\"path\":\"\",\"propertyPath\":\"/PLANT\",\"modelName\":\"NewYardModel\"}"}]}
RESULT: {"script":"<script> [1562 bytes]","args":[{"selector":{"controlType":"sap.m.Input","viewName":"etm.portal.ui.manageyards.view.New","viewId":"application-manageyards-display-component---NewYard","bindingPath":{"path":"","propertyPath":"/PLANT","modelName":"NewYardModel"},"interaction":{"idSuffix":"inner"}},"wdio_ui5_key":"etmportal.ui.manageyards.view.Newsap.m.Input{\"path\":\"\",\"propertyPath\":\"/PLANT\",\"modelName\":\"NewYardModel\"}"}]}
RESULT: undefined
COMMAND: POST /session/848251078812a197579c886f13255d0c/execute/async - {"script":"<script> [776 bytes]","args":[{"enterText":"1001","selector":{"controlType":"sap.m.Input","viewName":"etm.portal.ui.manageyards.view.New","viewId":"application-manageyards-display-component---NewYard","bindingPath":{"path":"","propertyPath":"/PLANT","modelName":"NewYardModel"},"interaction":{"idSuffix":"inner"}},"clearTextFirst":true,"interactionType":"ENTER_TEXT"}]}
RESULT: {"script":"<script> [776 bytes]","args":[{"enterText":"1001","selector":{"controlType":"sap.m.Input","viewName":"etm.portal.ui.manageyards.view.New","viewId":"application-manageyards-display-component---NewYard","bindingPath":{"path":"","propertyPath":"/PLANT","modelName":"NewYardModel"},"interaction":{"idSuffix":"inner"}},"clearTextFirst":true,"interactionType":"ENTER_TEXT"}]}
COMMAND: POST /session/848251078812a197579c886f13255d0c/execute/async - {"script":"<script> [1562 bytes]","args":[{"selector":{"controlType":"sap.m.Input","viewName":"etm.portal.ui.manageyards.view.New","viewId":"application-manageyards-display-component---NewYard","bindingPath":{"path":"","propertyPath":"/SALES_AREA_VKORG","modelName":"NewYardModel"},"interaction":{"idSuffix":"inner"}},"wdio_ui5_key":"etmportal.ui.manageyards.view.Newsap.m.Input{\"path\":\"\",\"propertyPath\":\"/SALES_AREA_VKORG\",\"modelName\":\"NewYardModel\"}"}]}
RESULT: {"script":"<script> [1562 bytes]","args":[{"selector":{"controlType":"sap.m.Input","viewName":"etm.portal.ui.manageyards.view.New","viewId":"application-manageyards-display-component---NewYard","bindingPath":{"path":"","propertyPath":"/SALES_AREA_VKORG","modelName":"NewYardModel"},"interaction":{"idSuffix":"inner"}},"wdio_ui5_key":"etmportal.ui.manageyards.view.Newsap.m.Input{\"path\":\"\",\"propertyPath\":\"/SALES_AREA_VKORG\",\"modelName\":\"NewYardModel\"}"}]}
RESULT: undefined
COMMAND: POST /session/848251078812a197579c886f13255d0c/execute/async - {"script":"<script> [776 bytes]","args":[{"enterText":"C002","selector":{"controlType":"sap.m.Input","viewName":"etm.portal.ui.manageyards.view.New","viewId":"application-manageyards-display-component---NewYard","bindingPath":{"path":"","propertyPath":"/SALES_AREA_VKORG","modelName":"NewYardModel"},"interaction":{"idSuffix":"inner"}},"clearTextFirst":true,"interactionType":"ENTER_TEXT"}]}
RESULT: {"script":"<script> [776 bytes]","args":[{"enterText":"C002","selector":{"controlType":"sap.m.Input","viewName":"etm.portal.ui.manageyards.view.New","viewId":"application-manageyards-display-component---NewYard","bindingPath":{"path":"","propertyPath":"/SALES_AREA_VKORG","modelName":"NewYardModel"},"interaction":{"idSuffix":"inner"}},"clearTextFirst":true,"interactionType":"ENTER_TEXT"}]}
COMMAND: POST /session/848251078812a197579c886f13255d0c/execute/async - {"script":"<script> [1562 bytes]","args":[{"selector":{"controlType":"sap.m.Input","viewName":"etm.portal.ui.manageyards.view.New","viewId":"application-manageyards-display-component---NewYard","bindingPath":{"path":"","propertyPath":"/SALES_AREA_VTWEG","modelName":"NewYardModel"},"interaction":{"idSuffix":"inner"}},"wdio_ui5_key":"etmportal.ui.manageyards.view.Newsap.m.Input{\"path\":\"\",\"propertyPath\":\"/SALES_AREA_VTWEG\",\"modelName\":\"NewYardModel\"}"}]}
RESULT: {"script":"<script> [1562 bytes]","args":[{"selector":{"controlType":"sap.m.Input","viewName":"etm.portal.ui.manageyards.view.New","viewId":"application-manageyards-display-component---NewYard","bindingPath":{"path":"","propertyPath":"/SALES_AREA_VTWEG","modelName":"NewYardModel"},"interaction":{"idSuffix":"inner"}},"wdio_ui5_key":"etmportal.ui.manageyards.view.Newsap.m.Input{\"path\":\"\",\"propertyPath\":\"/SALES_AREA_VTWEG\",\"modelName\":\"NewYardModel\"}"}]}
RESULT: undefined
COMMAND: POST /session/848251078812a197579c886f13255d0c/execute/async - {"script":"<script> [776 bytes]","args":[{"enterText":"C2","selector":{"controlType":"sap.m.Input","viewName":"etm.portal.ui.manageyards.view.New","viewId":"application-manageyards-display-component---NewYard","bindingPath":{"path":"","propertyPath":"/SALES_AREA_VTWEG","modelName":"NewYardModel"},"interaction":{"idSuffix":"inner"}},"clearTextFirst":true,"interactionType":"ENTER_TEXT"}]}
RESULT: {"script":"<script> [776 bytes]","args":[{"enterText":"C2","selector":{"controlType":"sap.m.Input","viewName":"etm.portal.ui.manageyards.view.New","viewId":"application-manageyards-display-component---NewYard","bindingPath":{"path":"","propertyPath":"/SALES_AREA_VTWEG","modelName":"NewYardModel"},"interaction":{"idSuffix":"inner"}},"clearTextFirst":true,"interactionType":"ENTER_TEXT"}]}
COMMAND: POST /session/848251078812a197579c886f13255d0c/execute/async - {"script":"<script> [1562 bytes]","args":[{"selector":{"controlType":"sap.m.Input","viewName":"etm.portal.ui.manageyards.view.New","viewId":"application-manageyards-display-component---NewYard","bindingPath":{"path":"","propertyPath":"/SALES_AREA_SPART","modelName":"NewYardModel"},"interaction":{"idSuffix":"inner"}},"wdio_ui5_key":"etmportal.ui.manageyards.view.Newsap.m.Input{\"path\":\"\",\"propertyPath\":\"/SALES_AREA_SPART\",\"modelName\":\"NewYardModel\"}"}]}
RESULT: {"script":"<script> [1562 bytes]","args":[{"selector":{"controlType":"sap.m.Input","viewName":"etm.portal.ui.manageyards.view.New","viewId":"application-manageyards-display-component---NewYard","bindingPath":{"path":"","propertyPath":"/SALES_AREA_SPART","modelName":"NewYardModel"},"interaction":{"idSuffix":"inner"}},"wdio_ui5_key":"etmportal.ui.manageyards.view.Newsap.m.Input{\"path\":\"\",\"propertyPath\":\"/SALES_AREA_SPART\",\"modelName\":\"NewYardModel\"}"}]}
RESULT: undefined
COMMAND: POST /session/848251078812a197579c886f13255d0c/execute/async - {"script":"<script> [776 bytes]","args":[{"enterText":"C2","selector":{"controlType":"sap.m.Input","viewName":"etm.portal.ui.manageyards.view.New","viewId":"application-manageyards-display-component---NewYard","bindingPath":{"path":"","propertyPath":"/SALES_AREA_SPART","modelName":"NewYardModel"},"interaction":{"idSuffix":"inner"}},"clearTextFirst":true,"interactionType":"ENTER_TEXT"}]}
RESULT: {"script":"<script> [776 bytes]","args":[{"enterText":"C2","selector":{"controlType":"sap.m.Input","viewName":"etm.portal.ui.manageyards.view.New","viewId":"application-manageyards-display-component---NewYard","bindingPath":{"path":"","propertyPath":"/SALES_AREA_SPART","modelName":"NewYardModel"},"interaction":{"idSuffix":"inner"}},"clearTextFirst":true,"interactionType":"ENTER_TEXT"}]}
COMMAND: POST /session/848251078812a197579c886f13255d0c/execute/async - {"script":"<script> [1562 bytes]","args":[{"selector":{"controlType":"sap.m.Input","viewName":"etm.portal.ui.manageyards.view.New","viewId":"application-manageyards-display-component---NewYard","bindingPath":{"path":"","propertyPath":"/SHIP_POINT","modelName":"NewYardModel"},"interaction":{"idSuffix":"inner"}},"wdio_ui5_key":"etmportal.ui.manageyards.view.Newsap.m.Input{\"path\":\"\",\"propertyPath\":\"/SHIP_POINT\",\"modelName\":\"NewYardModel\"}"}]}
RESULT: {"script":"<script> [1562 bytes]","args":[{"selector":{"controlType":"sap.m.Input","viewName":"etm.portal.ui.manageyards.view.New","viewId":"application-manageyards-display-component---NewYard","bindingPath":{"path":"","propertyPath":"/SHIP_POINT","modelName":"NewYardModel"},"interaction":{"idSuffix":"inner"}},"wdio_ui5_key":"etmportal.ui.manageyards.view.Newsap.m.Input{\"path\":\"\",\"propertyPath\":\"/SHIP_POINT\",\"modelName\":\"NewYardModel\"}"}]}
RESULT: undefined
COMMAND: POST /session/848251078812a197579c886f13255d0c/execute/async - {"script":"<script> [776 bytes]","args":[{"enterText":"1710","selector":{"controlType":"sap.m.Input","viewName":"etm.portal.ui.manageyards.view.New","viewId":"application-manageyards-display-component---NewYard","bindingPath":{"path":"","propertyPath":"/SHIP_POINT","modelName":"NewYardModel"},"interaction":{"idSuffix":"inner"}},"clearTextFirst":true,"interactionType":"ENTER_TEXT"}]}
RESULT: {"script":"<script> [776 bytes]","args":[{"enterText":"1710","selector":{"controlType":"sap.m.Input","viewName":"etm.portal.ui.manageyards.view.New","viewId":"application-manageyards-display-component---NewYard","bindingPath":{"path":"","propertyPath":"/SHIP_POINT","modelName":"NewYardModel"},"interaction":{"idSuffix":"inner"}},"clearTextFirst":true,"interactionType":"ENTER_TEXT"}]}
COMMAND: POST /session/848251078812a197579c886f13255d0c/execute/async - {"script":"<script> [1562 bytes]","args":[{"selector":{"controlType":"sap.m.Input","viewName":"etm.portal.ui.manageyards.view.New","viewId":"application-manageyards-display-component---NewYard","bindingPath":{"path":"","propertyPath":"/DELIVERY_TYPE","modelName":"NewYardModel"},"interaction":{"idSuffix":"inner"}},"wdio_ui5_key":"etmportal.ui.manageyards.view.Newsap.m.Input{\"path\":\"\",\"propertyPath\":\"/DELIVERY_TYPE\",\"modelName\":\"NewYardModel\"}"}]}
RESULT: {"script":"<script> [1562 bytes]","args":[{"selector":{"controlType":"sap.m.Input","viewName":"etm.portal.ui.manageyards.view.New","viewId":"application-manageyards-display-component---NewYard","bindingPath":{"path":"","propertyPath":"/DELIVERY_TYPE","modelName":"NewYardModel"},"interaction":{"idSuffix":"inner"}},"wdio_ui5_key":"etmportal.ui.manageyards.view.Newsap.m.Input{\"path\":\"\",\"propertyPath\":\"/DELIVERY_TYPE\",\"modelName\":\"NewYardModel\"}"}]}
RESULT: undefined
COMMAND: POST /session/848251078812a197579c886f13255d0c/execute/async - {"script":"<script> [776 bytes]","args":[{"enterText":"ZL01","selector":{"controlType":"sap.m.Input","viewName":"etm.portal.ui.manageyards.view.New","viewId":"application-manageyards-display-component---NewYard","bindingPath":{"path":"","propertyPath":"/DELIVERY_TYPE","modelName":"NewYardModel"},"interaction":{"idSuffix":"inner"}},"clearTextFirst":true,"interactionType":"ENTER_TEXT"}]}
RESULT: {"script":"<script> [776 bytes]","args":[{"enterText":"ZL01","selector":{"controlType":"sap.m.Input","viewName":"etm.portal.ui.manageyards.view.New","viewId":"application-manageyards-display-component---NewYard","bindingPath":{"path":"","propertyPath":"/DELIVERY_TYPE","modelName":"NewYardModel"},"interaction":{"idSuffix":"inner"}},"clearTextFirst":true,"interactionType":"ENTER_TEXT"}]}
COMMAND: POST /session/848251078812a197579c886f13255d0c/execute/async - {"script":"<script> [1562 bytes]","args":[{"selector":{"controlType":"sap.m.Input","viewName":"etm.portal.ui.manageyards.view.New","viewId":"application-manageyards-display-component---NewYard","bindingPath":{"path":"","propertyPath":"/AUART","modelName":"NewYardModel"},"interaction":{"idSuffix":"inner"}},"wdio_ui5_key":"etmportal.ui.manageyards.view.Newsap.m.Input{\"path\":\"\",\"propertyPath\":\"/AUART\",\"modelName\":\"NewYardModel\"}"}]}
RESULT: {"script":"<script> [1562 bytes]","args":[{"selector":{"controlType":"sap.m.Input","viewName":"etm.portal.ui.manageyards.view.New","viewId":"application-manageyards-display-component---NewYard","bindingPath":{"path":"","propertyPath":"/AUART","modelName":"NewYardModel"},"interaction":{"idSuffix":"inner"}},"wdio_ui5_key":"etmportal.ui.manageyards.view.Newsap.m.Input{\"path\":\"\",\"propertyPath\":\"/AUART\",\"modelName\":\"NewYardModel\"}"}]}
RESULT: undefined
COMMAND: POST /session/848251078812a197579c886f13255d0c/execute/async - {"script":"<script> [776 bytes]","args":[{"enterText":"TA","selector":{"controlType":"sap.m.Input","viewName":"etm.portal.ui.manageyards.view.New","viewId":"application-manageyards-display-component---NewYard","bindingPath":{"path":"","propertyPath":"/AUART","modelName":"NewYardModel"},"interaction":{"idSuffix":"inner"}},"clearTextFirst":true,"interactionType":"ENTER_TEXT"}]}
RESULT: {"script":"<script> [776 bytes]","args":[{"enterText":"TA","selector":{"controlType":"sap.m.Input","viewName":"etm.portal.ui.manageyards.view.New","viewId":"application-manageyards-display-component---NewYard","bindingPath":{"path":"","propertyPath":"/AUART","modelName":"NewYardModel"},"interaction":{"idSuffix":"inner"}},"clearTextFirst":true,"interactionType":"ENTER_TEXT"}]}
COMMAND: POST /session/848251078812a197579c886f13255d0c/execute/async - {"script":"<script> [1562 bytes]","args":[{"selector":{"id":"application-manageyards-display-component---NewYard--whmCheckBox","interaction":{"idSuffix":"CbBg"}},"wdio_ui5_key":"applicationmanageyards-display-component---NewYard--whmCheckBox"}]}
RESULT: {"script":"<script> [1562 bytes]","args":[{"selector":{"id":"application-manageyards-display-component---NewYard--whmCheckBox","interaction":{"idSuffix":"CbBg"}},"wdio_ui5_key":"applicationmanageyards-display-component---NewYard--whmCheckBox"}]}
RESULT: undefined
COMMAND: POST /session/848251078812a197579c886f13255d0c/element - {"using":"xpath","value":"//*[@id=\"application-manageyards-display-component---NewYard--whmCheckBox\"]"}
RESULT: {"using":"xpath","value":"//*[@id=\"application-manageyards-display-component---NewYard--whmCheckBox\"]"}
COMMAND: POST /session/848251078812a197579c886f13255d0c/element/f.E62CCC3EBD73CC3434E37D87B2A77947.d.7224E03097B27616F70F30FBDBC3CA41.e.774/click - {}
RESULT: {}
COMMAND: GET /session/848251078812a197579c886f13255d0c/screenshot - {}
RESULT: {}
COMMAND: POST /session/848251078812a197579c886f13255d0c/element - {"using":"xpath","value":"//button[@data-kt=\"newYardSaveButton\"]"}
RESULT: {"using":"xpath","value":"//button[@data-kt=\"newYardSaveButton\"]"}
COMMAND: POST /session/848251078812a197579c886f13255d0c/element/f.E62CCC3EBD73CC3434E37D87B2A77947.d.7224E03097B27616F70F30FBDBC3CA41.e.681/click - {}
RESULT: {}
COMMAND: GET /session/848251078812a197579c886f13255d0c/screenshot - {}
RESULT: {}
COMMAND: POST /session/848251078812a197579c886f13255d0c/element - {"using":"xpath","value":"//header[contains(@id, 'ObjectPageLayout-headerTitle')]/div[1]/div[2]/div[1]/span[1]"}
RESULT: {"using":"xpath","value":"//header[contains(@id, 'ObjectPageLayout-headerTitle')]/div[1]/div[2]/div[1]/span[1]"}
COMMAND: POST /session/848251078812a197579c886f13255d0c/elements - {"using":"xpath","value":"//header[contains(@id, 'ObjectPageLayout-headerTitle')]/div[1]/div[2]/div[1]/span[1]"}
RESULT: {"using":"xpath","value":"//header[contains(@id, 'ObjectPageLayout-headerTitle')]/div[1]/div[2]/div[1]/span[1]"}
COMMAND: POST /session/848251078812a197579c886f13255d0c/execute/sync - {"script":"<script> [56 bytes]","args":[{"element-6066-11e4-a52e-4f735466cecf":"f.E62CCC3EBD73CC3434E37D87B2A77947.d.7224E03097B27616F70F30FBDBC3CA41.e.976","ELEMENT":"f.E62CCC3EBD73CC3434E37D87B2A77947.d.7224E03097B27616F70F30FBDBC3CA41.e.976"}]}
RESULT: {"script":"<script> [56 bytes]","args":[{"element-6066-11e4-a52e-4f735466cecf":"f.E62CCC3EBD73CC3434E37D87B2A77947.d.7224E03097B27616F70F30FBDBC3CA41.e.976","ELEMENT":"f.E62CCC3EBD73CC3434E37D87B2A77947.d.7224E03097B27616F70F30FBDBC3CA41.e.976"}]}
COMMAND: GET /session/848251078812a197579c886f13255d0c/screenshot - {}
RESULT: {}
COMMAND: POST /session/848251078812a197579c886f13255d0c/element - {"using":"css selector","value":"#shell-header-logo"}
RESULT: {"using":"css selector","value":"#shell-header-logo"}
COMMAND: POST /session/848251078812a197579c886f13255d0c/element/f.E62CCC3EBD73CC3434E37D87B2A77947.d.7224E03097B27616F70F30FBDBC3CA41.e.233/click - {}
RESULT: {}
COMMAND: GET /session/848251078812a197579c886f13255d0c/screenshot - {}
RESULT: {}
COMMAND: POST /session/848251078812a197579c886f13255d0c/execute/sync - {"script":"<script> [299 bytes]","args":[["getModel","getResource"]]}
RESULT: {"script":"<script> [299 bytes]","args":[["getModel","getResource"]]}
COMMAND: GET /session/848251078812a197579c886f13255d0c/screenshot - {}
]]></system-out>
    </testcase>
    <testcase classname="chrome.136_0_7103_93.windows.Stock_increase_-_with_WHM_US125587" name="Should create a new external WHM partner" time="102.606">
      <system-out><![CDATA[
COMMAND: POST /session/848251078812a197579c886f13255d0c/window/fullscreen - {}
RESULT: {}
RESULT: {}
COMMAND: POST /session/848251078812a197579c886f13255d0c/execute/async - {"script":"<script> [1562 bytes]","args":[{"selector":{"controlType":"sap.m.GenericTile","properties":{"header":"Manage Partners"}},"wdio_ui5_key":"sapm.GenericTile{\"header\":\"Manage Partners\"}"}]}
RESULT: {"script":"<script> [1562 bytes]","args":[{"selector":{"controlType":"sap.m.GenericTile","properties":{"header":"Manage Partners"}},"wdio_ui5_key":"sapm.GenericTile{\"header\":\"Manage Partners\"}"}]}
RESULT: undefined
COMMAND: POST /session/848251078812a197579c886f13255d0c/element - {"using":"xpath","value":"//*[@id=\"__tile38\"]"}
RESULT: {"using":"xpath","value":"//*[@id=\"__tile38\"]"}
COMMAND: POST /session/848251078812a197579c886f13255d0c/element/f.E62CCC3EBD73CC3434E37D87B2A77947.d.7224E03097B27616F70F30FBDBC3CA41.e.121/click - {}
RESULT: {}
COMMAND: GET /session/848251078812a197579c886f13255d0c/screenshot - {}
RESULT: {}
COMMAND: POST /session/848251078812a197579c886f13255d0c/elements - {"using":"xpath","value":"//span[text()='Error']"}
RESULT: {"using":"xpath","value":"//span[text()='Error']"}
COMMAND: POST /session/848251078812a197579c886f13255d0c/element - {"using":"xpath","value":"//button[@data-kt=\"addButton\"]"}
RESULT: {"using":"xpath","value":"//button[@data-kt=\"addButton\"]"}
COMMAND: POST /session/848251078812a197579c886f13255d0c/elements - {"using":"xpath","value":"//button[@data-kt=\"addButton\"]"}
RESULT: {"using":"xpath","value":"//button[@data-kt=\"addButton\"]"}
COMMAND: POST /session/848251078812a197579c886f13255d0c/elements - {"using":"xpath","value":"//button[@data-kt=\"addButton\"]"}
RESULT: {"using":"xpath","value":"//button[@data-kt=\"addButton\"]"}
COMMAND: POST /session/848251078812a197579c886f13255d0c/element - {"using":"xpath","value":"//button[@data-kt=\"addButton\"]"}
RESULT: {"using":"xpath","value":"//button[@data-kt=\"addButton\"]"}
COMMAND: POST /session/848251078812a197579c886f13255d0c/execute/sync - {"script":"<script> [8489 bytes]","args":[{"element-6066-11e4-a52e-4f735466cecf":"f.E62CCC3EBD73CC3434E37D87B2A77947.d.7224E03097B27616F70F30FBDBC3CA41.e.1014","ELEMENT":"f.E62CCC3EBD73CC3434E37D87B2A77947.d.7224E03097B27616F70F30FBDBC3CA41.e.1014"}]}
RESULT: {"script":"<script> [8489 bytes]","args":[{"element-6066-11e4-a52e-4f735466cecf":"f.E62CCC3EBD73CC3434E37D87B2A77947.d.7224E03097B27616F70F30FBDBC3CA41.e.1014","ELEMENT":"f.E62CCC3EBD73CC3434E37D87B2A77947.d.7224E03097B27616F70F30FBDBC3CA41.e.1014"}]}
COMMAND: GET /session/848251078812a197579c886f13255d0c/element/f.E62CCC3EBD73CC3434E37D87B2A77947.d.7224E03097B27616F70F30FBDBC3CA41.e.1014/enabled - {}
COMMAND: GET /session/848251078812a197579c886f13255d0c/screenshot - {}
RESULT: {}
COMMAND: POST /session/848251078812a197579c886f13255d0c/execute/sync - {"script":"<script> [8489 bytes]","args":[{"element-6066-11e4-a52e-4f735466cecf":"f.E62CCC3EBD73CC3434E37D87B2A77947.d.7224E03097B27616F70F30FBDBC3CA41.e.1014","ELEMENT":"f.E62CCC3EBD73CC3434E37D87B2A77947.d.7224E03097B27616F70F30FBDBC3CA41.e.1014"}]}
COMMAND: GET /session/848251078812a197579c886f13255d0c/screenshot - {}
RESULT: {}
RESULT: {"script":"<script> [8489 bytes]","args":[{"element-6066-11e4-a52e-4f735466cecf":"f.E62CCC3EBD73CC3434E37D87B2A77947.d.7224E03097B27616F70F30FBDBC3CA41.e.1014","ELEMENT":"f.E62CCC3EBD73CC3434E37D87B2A77947.d.7224E03097B27616F70F30FBDBC3CA41.e.1014"}]}
COMMAND: POST /session/848251078812a197579c886f13255d0c/execute/sync - {"script":"<script> [5351 bytes]","args":[{"element-6066-11e4-a52e-4f735466cecf":"f.E62CCC3EBD73CC3434E37D87B2A77947.d.7224E03097B27616F70F30FBDBC3CA41.e.1014","ELEMENT":"f.E62CCC3EBD73CC3434E37D87B2A77947.d.7224E03097B27616F70F30FBDBC3CA41.e.1014"}]}
COMMAND: GET /session/848251078812a197579c886f13255d0c/screenshot - {}
RESULT: {}
RESULT: {"script":"<script> [5351 bytes]","args":[{"element-6066-11e4-a52e-4f735466cecf":"f.E62CCC3EBD73CC3434E37D87B2A77947.d.7224E03097B27616F70F30FBDBC3CA41.e.1014","ELEMENT":"f.E62CCC3EBD73CC3434E37D87B2A77947.d.7224E03097B27616F70F30FBDBC3CA41.e.1014"}]}
COMMAND: POST /session/848251078812a197579c886f13255d0c/element/f.E62CCC3EBD73CC3434E37D87B2A77947.d.7224E03097B27616F70F30FBDBC3CA41.e.1014/click - {}
COMMAND: GET /session/848251078812a197579c886f13255d0c/screenshot - {}
RESULT: {}
RESULT: {}
COMMAND: GET /session/848251078812a197579c886f13255d0c/screenshot - {}
COMMAND: POST /session/848251078812a197579c886f13255d0c/execute/async - {"script":"<script> [1562 bytes]","args":[{"selector":{"id":"application-managepartners-display-component---NewPartner--addressDetailDetailsName1","interaction":{"idSuffix":"inner"}},"wdio_ui5_key":"applicationmanagepartners-display-component---NewPartner--addressDetailDetailsName1"}]}
RESULT: {}
RESULT: {}
RESULT: {"script":"<script> [1562 bytes]","args":[{"selector":{"id":"application-managepartners-display-component---NewPartner--addressDetailDetailsName1","interaction":{"idSuffix":"inner"}},"wdio_ui5_key":"applicationmanagepartners-display-component---NewPartner--addressDetailDetailsName1"}]}
RESULT: undefined
COMMAND: POST /session/848251078812a197579c886f13255d0c/execute/async - {"script":"<script> [776 bytes]","args":[{"enterText":"External Partner WDIO","selector":{"id":"application-managepartners-display-component---NewPartner--addressDetailDetailsName1","interaction":{"idSuffix":"inner"}},"clearTextFirst":true,"interactionType":"ENTER_TEXT"}]}
RESULT: {"script":"<script> [776 bytes]","args":[{"enterText":"External Partner WDIO","selector":{"id":"application-managepartners-display-component---NewPartner--addressDetailDetailsName1","interaction":{"idSuffix":"inner"}},"clearTextFirst":true,"interactionType":"ENTER_TEXT"}]}
COMMAND: POST /session/848251078812a197579c886f13255d0c/execute/async - {"script":"<script> [1562 bytes]","args":[{"selector":{"id":"application-managepartners-display-component---NewPartner--addressDetailDetailsLanguage-arrow"},"wdio_ui5_key":"applicationmanagepartners-display-component---NewPartner--addressDetailDetailsLanguage-arrow"}]}
RESULT: {"script":"<script> [1562 bytes]","args":[{"selector":{"id":"application-managepartners-display-component---NewPartner--addressDetailDetailsLanguage-arrow"},"wdio_ui5_key":"applicationmanagepartners-display-component---NewPartner--addressDetailDetailsLanguage-arrow"}]}
RESULT: undefined
COMMAND: POST /session/848251078812a197579c886f13255d0c/element - {"using":"xpath","value":"//*[@id=\"application-managepartners-display-component---NewPartner--addressDetailDetailsLanguage-arrow\"]"}
RESULT: {"using":"xpath","value":"//*[@id=\"application-managepartners-display-component---NewPartner--addressDetailDetailsLanguage-arrow\"]"}
COMMAND: POST /session/848251078812a197579c886f13255d0c/element/f.E62CCC3EBD73CC3434E37D87B2A77947.d.7224E03097B27616F70F30FBDBC3CA41.e.1460/click - {}
RESULT: {}
COMMAND: POST /session/848251078812a197579c886f13255d0c/element - {"using":"xpath","value":"//span[contains(text(), \"English\")]"}
COMMAND: GET /session/848251078812a197579c886f13255d0c/screenshot - {}
RESULT: {"using":"xpath","value":"//span[contains(text(), \"English\")]"}
COMMAND: POST /session/848251078812a197579c886f13255d0c/element/f.E62CCC3EBD73CC3434E37D87B2A77947.d.7224E03097B27616F70F30FBDBC3CA41.e.1461/click - {}
RESULT: {}
RESULT: {}
COMMAND: GET /session/848251078812a197579c886f13255d0c/screenshot - {}
RESULT: {}
COMMAND: POST /session/848251078812a197579c886f13255d0c/execute/async - {"script":"<script> [1562 bytes]","args":[{"selector":{"id":"application-managepartners-display-component---NewPartner--addressDetailDetailsCity1","interaction":{"idSuffix":"inner"}},"wdio_ui5_key":"applicationmanagepartners-display-component---NewPartner--addressDetailDetailsCity1"}]}
RESULT: {"script":"<script> [1562 bytes]","args":[{"selector":{"id":"application-managepartners-display-component---NewPartner--addressDetailDetailsCity1","interaction":{"idSuffix":"inner"}},"wdio_ui5_key":"applicationmanagepartners-display-component---NewPartner--addressDetailDetailsCity1"}]}
RESULT: undefined
COMMAND: POST /session/848251078812a197579c886f13255d0c/execute/async - {"script":"<script> [776 bytes]","args":[{"enterText":"Rosario","selector":{"id":"application-managepartners-display-component---NewPartner--addressDetailDetailsCity1","interaction":{"idSuffix":"inner"}},"clearTextFirst":true,"interactionType":"ENTER_TEXT"}]}
RESULT: {"script":"<script> [776 bytes]","args":[{"enterText":"Rosario","selector":{"id":"application-managepartners-display-component---NewPartner--addressDetailDetailsCity1","interaction":{"idSuffix":"inner"}},"clearTextFirst":true,"interactionType":"ENTER_TEXT"}]}
COMMAND: POST /session/848251078812a197579c886f13255d0c/execute/async - {"script":"<script> [1562 bytes]","args":[{"selector":{"id":"application-managepartners-display-component---NewPartner--addressDetailDetailsCountry-arrow"},"wdio_ui5_key":"applicationmanagepartners-display-component---NewPartner--addressDetailDetailsCountry-arrow"}]}
RESULT: {"script":"<script> [1562 bytes]","args":[{"selector":{"id":"application-managepartners-display-component---NewPartner--addressDetailDetailsCountry-arrow"},"wdio_ui5_key":"applicationmanagepartners-display-component---NewPartner--addressDetailDetailsCountry-arrow"}]}
RESULT: undefined
COMMAND: POST /session/848251078812a197579c886f13255d0c/element - {"using":"xpath","value":"//*[@id=\"application-managepartners-display-component---NewPartner--addressDetailDetailsCountry-arrow\"]"}
RESULT: {"using":"xpath","value":"//*[@id=\"application-managepartners-display-component---NewPartner--addressDetailDetailsCountry-arrow\"]"}
COMMAND: POST /session/848251078812a197579c886f13255d0c/element/f.E62CCC3EBD73CC3434E37D87B2A77947.d.7224E03097B27616F70F30FBDBC3CA41.e.1435/click - {}
RESULT: {}
COMMAND: POST /session/848251078812a197579c886f13255d0c/element - {"using":"xpath","value":"//span[contains(text(), \"Argentina\")]"}
COMMAND: GET /session/848251078812a197579c886f13255d0c/screenshot - {}
RESULT: {"using":"xpath","value":"//span[contains(text(), \"Argentina\")]"}
COMMAND: POST /session/848251078812a197579c886f13255d0c/element/f.E62CCC3EBD73CC3434E37D87B2A77947.d.7224E03097B27616F70F30FBDBC3CA41.e.1463/click - {}
RESULT: {}
RESULT: {}
COMMAND: GET /session/848251078812a197579c886f13255d0c/screenshot - {}
RESULT: {}
COMMAND: POST /session/848251078812a197579c886f13255d0c/element - {"using":"xpath","value":"//bdi[contains(text(), \"Commercial\")]"}
RESULT: {"using":"xpath","value":"//bdi[contains(text(), \"Commercial\")]"}
COMMAND: POST /session/848251078812a197579c886f13255d0c/element/f.E62CCC3EBD73CC3434E37D87B2A77947.d.7224E03097B27616F70F30FBDBC3CA41.e.1464/click - {}
RESULT: {}
COMMAND: GET /session/848251078812a197579c886f13255d0c/screenshot - {}
RESULT: {}
COMMAND: POST /session/848251078812a197579c886f13255d0c/execute/async - {"script":"<script> [1562 bytes]","args":[{"selector":{"id":"application-managepartners-display-component---NewPartner--partnerDetailInternal-arrow"},"wdio_ui5_key":"applicationmanagepartners-display-component---NewPartner--partnerDetailInternal-arrow"}]}
RESULT: {"script":"<script> [1562 bytes]","args":[{"selector":{"id":"application-managepartners-display-component---NewPartner--partnerDetailInternal-arrow"},"wdio_ui5_key":"applicationmanagepartners-display-component---NewPartner--partnerDetailInternal-arrow"}]}
RESULT: undefined
COMMAND: POST /session/848251078812a197579c886f13255d0c/element - {"using":"xpath","value":"//*[@id=\"application-managepartners-display-component---NewPartner--partnerDetailInternal-arrow\"]"}
RESULT: {"using":"xpath","value":"//*[@id=\"application-managepartners-display-component---NewPartner--partnerDetailInternal-arrow\"]"}
COMMAND: POST /session/848251078812a197579c886f13255d0c/element/f.E62CCC3EBD73CC3434E37D87B2A77947.d.7224E03097B27616F70F30FBDBC3CA41.e.1470/click - {}
RESULT: {}
COMMAND: POST /session/848251078812a197579c886f13255d0c/element - {"using":"xpath","value":"//span[contains(text(), \"External partner\")]"}
COMMAND: GET /session/848251078812a197579c886f13255d0c/screenshot - {}
RESULT: {"using":"xpath","value":"//span[contains(text(), \"External partner\")]"}
COMMAND: POST /session/848251078812a197579c886f13255d0c/element/f.E62CCC3EBD73CC3434E37D87B2A77947.d.7224E03097B27616F70F30FBDBC3CA41.e.1471/click - {}
RESULT: {}
RESULT: {}
COMMAND: POST /session/848251078812a197579c886f13255d0c/execute/async - {"script":"<script> [1562 bytes]","args":[{"selector":{"id":"application-managepartners-display-component---NewPartner--partnerDetailsCurrency-arrow"},"wdio_ui5_key":"applicationmanagepartners-display-component---NewPartner--partnerDetailsCurrency-arrow"}]}
COMMAND: GET /session/848251078812a197579c886f13255d0c/screenshot - {}
RESULT: {"script":"<script> [1562 bytes]","args":[{"selector":{"id":"application-managepartners-display-component---NewPartner--partnerDetailsCurrency-arrow"},"wdio_ui5_key":"applicationmanagepartners-display-component---NewPartner--partnerDetailsCurrency-arrow"}]}
RESULT: undefined
COMMAND: POST /session/848251078812a197579c886f13255d0c/element - {"using":"xpath","value":"//*[@id=\"application-managepartners-display-component---NewPartner--partnerDetailsCurrency-arrow\"]"}
RESULT: {}
RESULT: {"using":"xpath","value":"//*[@id=\"application-managepartners-display-component---NewPartner--partnerDetailsCurrency-arrow\"]"}
COMMAND: POST /session/848251078812a197579c886f13255d0c/element/f.E62CCC3EBD73CC3434E37D87B2A77947.d.7224E03097B27616F70F30FBDBC3CA41.e.1476/click - {}
RESULT: {}
COMMAND: POST /session/848251078812a197579c886f13255d0c/element - {"using":"xpath","value":"//span[contains(text(), \"US Dollar\")]"}
COMMAND: GET /session/848251078812a197579c886f13255d0c/screenshot - {}
RESULT: {"using":"xpath","value":"//span[contains(text(), \"US Dollar\")]"}
COMMAND: POST /session/848251078812a197579c886f13255d0c/element/f.E62CCC3EBD73CC3434E37D87B2A77947.d.7224E03097B27616F70F30FBDBC3CA41.e.1477/click - {}
RESULT: {}
RESULT: {}
COMMAND: GET /session/848251078812a197579c886f13255d0c/screenshot - {}
RESULT: {}
COMMAND: POST /session/848251078812a197579c886f13255d0c/element - {"using":"xpath","value":"//input[@id=\"application-managepartners-display-component---NewPartner--companyCodeComboBox-inner\"]"}
RESULT: {"using":"xpath","value":"//input[@id=\"application-managepartners-display-component---NewPartner--companyCodeComboBox-inner\"]"}
COMMAND: POST /session/848251078812a197579c886f13255d0c/element/f.E62CCC3EBD73CC3434E37D87B2A77947.d.7224E03097B27616F70F30FBDBC3CA41.e.1325/clear - {}
RESULT: {}
COMMAND: POST /session/848251078812a197579c886f13255d0c/element/f.E62CCC3EBD73CC3434E37D87B2A77947.d.7224E03097B27616F70F30FBDBC3CA41.e.1325/value - {"text":"C002"}
COMMAND: GET /session/848251078812a197579c886f13255d0c/screenshot - {}
RESULT: {}
RESULT: {"text":"C002"}
COMMAND: GET /session/848251078812a197579c886f13255d0c/screenshot - {}
RESULT: {}
COMMAND: POST /session/848251078812a197579c886f13255d0c/element - {"using":"xpath","value":"//li[.//span[text()= \"C002\"]]"}
RESULT: {"using":"xpath","value":"//li[.//span[text()= \"C002\"]]"}
COMMAND: POST /session/848251078812a197579c886f13255d0c/element/f.E62CCC3EBD73CC3434E37D87B2A77947.d.7224E03097B27616F70F30FBDBC3CA41.e.1481/click - {}
RESULT: {}
COMMAND: GET /session/848251078812a197579c886f13255d0c/screenshot - {}
RESULT: {}
COMMAND: POST /session/848251078812a197579c886f13255d0c/execute/async - {"script":"<script> [1562 bytes]","args":[{"selector":{"controlType":"sap.ui.core.Icon","viewName":"etm.portal.ui.managepartners.view.NewPartner","viewId":"application-managepartners-display-component---NewPartner","properties":{"src":{"regex":{"source":"slim\\-arrow\\-down"}}},"ancestor":{"controlType":"sap.m.ComboBox","viewName":"etm.portal.ui.managepartners.view.NewPartner","viewId":"application-managepartners-display-component---NewPartner","bindingPath":{"path":"","propertyPath":"/CATALOG","modelName":"oNewPartnerModel"}}},"wdio_ui5_key":"etmportal.ui.managepartners.view.NewPartnersap.ui.core.Icon{\"src\":{\"regex\":{\"source\":\"slim\\\\-arrow\\\\-down\"}}}{\"controlType\":\"sap.m.ComboBox\",\"viewName\":\"etm.portal.ui.managepartners.view.NewPartner\",\"viewId\":\"application-managepartners-display-component---NewPartner\",\"bindingPath\":{\"path\":\"\",\"propertyPath\":\"/CATALOG\",\"modelName\":\"oNewPartnerModel\"}}"}]}
RESULT: {"script":"<script> [1562 bytes]","args":[{"selector":{"controlType":"sap.ui.core.Icon","viewName":"etm.portal.ui.managepartners.view.NewPartner","viewId":"application-managepartners-display-component---NewPartner","properties":{"src":{"regex":{"source":"slim\\-arrow\\-down"}}},"ancestor":{"controlType":"sap.m.ComboBox","viewName":"etm.portal.ui.managepartners.view.NewPartner","viewId":"application-managepartners-display-component---NewPartner","bindingPath":{"path":"","propertyPath":"/CATALOG","modelName":"oNewPartnerModel"}}},"wdio_ui5_key":"etmportal.ui.managepartners.view.NewPartnersap.ui.core.Icon{\"src\":{\"regex\":{\"source\":\"slim\\\\-arrow\\\\-down\"}}}{\"controlType\":\"sap.m.ComboBox\",\"viewName\":\"etm.portal.ui.managepartners.view.NewPartner\",\"viewId\":\"application-managepartners-display-component---NewPartner\",\"bindingPath\":{\"path\":\"\",\"propertyPath\":\"/CATALOG\",\"modelName\":\"oNewPartnerModel\"}}"}]}
RESULT: undefined
COMMAND: POST /session/848251078812a197579c886f13255d0c/element - {"using":"xpath","value":"//*[@id=\"__box22-arrow\"]"}
RESULT: {"using":"xpath","value":"//*[@id=\"__box22-arrow\"]"}
COMMAND: POST /session/848251078812a197579c886f13255d0c/element/f.E62CCC3EBD73CC3434E37D87B2A77947.d.7224E03097B27616F70F30FBDBC3CA41.e.1436/click - {}
RESULT: {}
COMMAND: GET /session/848251078812a197579c886f13255d0c/screenshot - {}
RESULT: {}
COMMAND: POST /session/848251078812a197579c886f13255d0c/element - {"using":"xpath","value":"//ul[contains(@id,\"popup-list-listUl\")]//li[.//span[text()= \"Webshop Catalog\"]]"}
RESULT: {"using":"xpath","value":"//ul[contains(@id,\"popup-list-listUl\")]//li[.//span[text()= \"Webshop Catalog\"]]"}
COMMAND: POST /session/848251078812a197579c886f13255d0c/element/f.E62CCC3EBD73CC3434E37D87B2A77947.d.7224E03097B27616F70F30FBDBC3CA41.e.1483/click - {}
RESULT: {}
COMMAND: GET /session/848251078812a197579c886f13255d0c/screenshot - {}
RESULT: {}
COMMAND: POST /session/848251078812a197579c886f13255d0c/execute/async - {"script":"<script> [1562 bytes]","args":[{"selector":{"id":"application-managepartners-display-component---NewPartner--btnAddTableRow-img"},"wdio_ui5_key":"applicationmanagepartners-display-component---NewPartner--btnAddTableRow-img"}]}
RESULT: {"script":"<script> [1562 bytes]","args":[{"selector":{"id":"application-managepartners-display-component---NewPartner--btnAddTableRow-img"},"wdio_ui5_key":"applicationmanagepartners-display-component---NewPartner--btnAddTableRow-img"}]}
RESULT: undefined
COMMAND: POST /session/848251078812a197579c886f13255d0c/element - {"using":"xpath","value":"//*[@id=\"application-managepartners-display-component---NewPartner--btnAddTableRow-img\"]"}
RESULT: {"using":"xpath","value":"//*[@id=\"application-managepartners-display-component---NewPartner--btnAddTableRow-img\"]"}
COMMAND: POST /session/848251078812a197579c886f13255d0c/element/f.E62CCC3EBD73CC3434E37D87B2A77947.d.7224E03097B27616F70F30FBDBC3CA41.e.1484/click - {}
RESULT: {}
COMMAND: GET /session/848251078812a197579c886f13255d0c/screenshot - {}
RESULT: {}
COMMAND: POST /session/848251078812a197579c886f13255d0c/element - {"using":"xpath","value":"//input[@id=\"application-managepartners-display-component---NewPartner--assignmentYard-application-managepartners-display-component---NewPartner--assignmentsTable-0-inner\"]"}
RESULT: {"using":"xpath","value":"//input[@id=\"application-managepartners-display-component---NewPartner--assignmentYard-application-managepartners-display-component---NewPartner--assignmentsTable-0-inner\"]"}
COMMAND: POST /session/848251078812a197579c886f13255d0c/element/f.E62CCC3EBD73CC3434E37D87B2A77947.d.7224E03097B27616F70F30FBDBC3CA41.e.1487/clear - {}
RESULT: {}
COMMAND: POST /session/848251078812a197579c886f13255d0c/element/f.E62CCC3EBD73CC3434E37D87B2A77947.d.7224E03097B27616F70F30FBDBC3CA41.e.1487/value - {"text":"639"}
COMMAND: GET /session/848251078812a197579c886f13255d0c/screenshot - {}
RESULT: {"text":"639"}
COMMAND: GET /session/848251078812a197579c886f13255d0c/screenshot - {}
RESULT: {}
RESULT: {}
COMMAND: POST /session/848251078812a197579c886f13255d0c/element - {"using":"xpath","value":"//li[.//span[text()='639']]"}
RESULT: {"using":"xpath","value":"//li[.//span[text()='639']]"}
COMMAND: POST /session/848251078812a197579c886f13255d0c/element/f.E62CCC3EBD73CC3434E37D87B2A77947.d.7224E03097B27616F70F30FBDBC3CA41.e.1495/click - {}
RESULT: {}
COMMAND: GET /session/848251078812a197579c886f13255d0c/screenshot - {}
RESULT: {}
COMMAND: POST /session/848251078812a197579c886f13255d0c/actions - {"actions":[{"id":"action2","type":"key","parameters":{},"actions":[{"type":"keyDown","value":"î€‡"},{"type":"pause","duration":10},{"type":"keyUp","value":"î€‡"}]}]}
RESULT: {"actions":[{"id":"action2","type":"key","parameters":{},"actions":[{"type":"keyDown","value":"î€‡"},{"type":"pause","duration":10},{"type":"keyUp","value":"î€‡"}]}]}
COMMAND: POST /session/848251078812a197579c886f13255d0c/element - {"using":"xpath","value":"//td[contains(@id, \"assignmentsTable-0-cell2\")]/div/div"}
COMMAND: GET /session/848251078812a197579c886f13255d0c/screenshot - {}
RESULT: {"using":"xpath","value":"//td[contains(@id, \"assignmentsTable-0-cell2\")]/div/div"}
COMMAND: POST /session/848251078812a197579c886f13255d0c/element/f.E62CCC3EBD73CC3434E37D87B2A77947.d.7224E03097B27616F70F30FBDBC3CA41.e.1498/click - {}
RESULT: {}
RESULT: {}
COMMAND: GET /session/848251078812a197579c886f13255d0c/screenshot - {}
RESULT: {}
COMMAND: POST /session/848251078812a197579c886f13255d0c/element - {"using":"xpath","value":"//button[@data-kt=\"saveButton\"]"}
RESULT: {"using":"xpath","value":"//button[@data-kt=\"saveButton\"]"}
COMMAND: POST /session/848251078812a197579c886f13255d0c/element/f.E62CCC3EBD73CC3434E37D87B2A77947.d.7224E03097B27616F70F30FBDBC3CA41.e.1437/click - {}
RESULT: {}
COMMAND: GET /session/848251078812a197579c886f13255d0c/screenshot - {}
RESULT: {}
COMMAND: POST /session/848251078812a197579c886f13255d0c/element - {"using":"xpath","value":"//header[contains(@id, 'ObjectPageLayout-headerTitle')]/div[1]/div[2]/div[2]/span[1]"}
RESULT: {"using":"xpath","value":"//header[contains(@id, 'ObjectPageLayout-headerTitle')]/div[1]/div[2]/div[2]/span[1]"}
COMMAND: POST /session/848251078812a197579c886f13255d0c/elements - {"using":"xpath","value":"//header[contains(@id, 'ObjectPageLayout-headerTitle')]/div[1]/div[2]/div[2]/span[1]"}
RESULT: {"using":"xpath","value":"//header[contains(@id, 'ObjectPageLayout-headerTitle')]/div[1]/div[2]/div[2]/span[1]"}
COMMAND: POST /session/848251078812a197579c886f13255d0c/execute/sync - {"script":"<script> [56 bytes]","args":[{"element-6066-11e4-a52e-4f735466cecf":"f.E62CCC3EBD73CC3434E37D87B2A77947.d.7224E03097B27616F70F30FBDBC3CA41.e.1659","ELEMENT":"f.E62CCC3EBD73CC3434E37D87B2A77947.d.7224E03097B27616F70F30FBDBC3CA41.e.1659"}]}
RESULT: {"script":"<script> [56 bytes]","args":[{"element-6066-11e4-a52e-4f735466cecf":"f.E62CCC3EBD73CC3434E37D87B2A77947.d.7224E03097B27616F70F30FBDBC3CA41.e.1659","ELEMENT":"f.E62CCC3EBD73CC3434E37D87B2A77947.d.7224E03097B27616F70F30FBDBC3CA41.e.1659"}]}
COMMAND: POST /session/848251078812a197579c886f13255d0c/element - {"using":"css selector","value":"#shell-header-logo"}
COMMAND: GET /session/848251078812a197579c886f13255d0c/screenshot - {}
RESULT: {"using":"css selector","value":"#shell-header-logo"}
COMMAND: POST /session/848251078812a197579c886f13255d0c/element/f.E62CCC3EBD73CC3434E37D87B2A77947.d.7224E03097B27616F70F30FBDBC3CA41.e.980/click - {}
RESULT: {}
RESULT: {}
COMMAND: GET /session/848251078812a197579c886f13255d0c/screenshot - {}
RESULT: {}
COMMAND: POST /session/848251078812a197579c886f13255d0c/execute/sync - {"script":"<script> [299 bytes]","args":[["getModel","getResource"]]}
RESULT: {"script":"<script> [299 bytes]","args":[["getModel","getResource"]]}
]]></system-out>
    </testcase>
    <testcase classname="chrome.136_0_7103_93.windows.Stock_increase_-_with_WHM_US125587" name="Should create a new WHM site" time="99.021">
      <system-out><![CDATA[
COMMAND: POST /session/848251078812a197579c886f13255d0c/execute/async - {"script":"<script> [1562 bytes]","args":[{"selector":{"controlType":"sap.m.GenericTile","properties":{"header":"Manage Sites"}},"wdio_ui5_key":"sapm.GenericTile{\"header\":\"Manage Sites\"}"}]}
COMMAND: GET /session/848251078812a197579c886f13255d0c/screenshot - {}
RESULT: {"script":"<script> [1562 bytes]","args":[{"selector":{"controlType":"sap.m.GenericTile","properties":{"header":"Manage Sites"}},"wdio_ui5_key":"sapm.GenericTile{\"header\":\"Manage Sites\"}"}]}
RESULT: undefined
COMMAND: POST /session/848251078812a197579c886f13255d0c/element - {"using":"xpath","value":"//*[@id=\"__tile40\"]"}
RESULT: {}
RESULT: {"using":"xpath","value":"//*[@id=\"__tile40\"]"}
COMMAND: POST /session/848251078812a197579c886f13255d0c/element/f.E62CCC3EBD73CC3434E37D87B2A77947.d.7224E03097B27616F70F30FBDBC3CA41.e.127/click - {}
RESULT: {}
COMMAND: GET /session/848251078812a197579c886f13255d0c/screenshot - {}
RESULT: {}
COMMAND: POST /session/848251078812a197579c886f13255d0c/elements - {"using":"xpath","value":"//span[text()='Error']"}
RESULT: {"using":"xpath","value":"//span[text()='Error']"}
COMMAND: POST /session/848251078812a197579c886f13255d0c/element - {"using":"xpath","value":"//button[@data-kt=\"addOverflowToolbarButton\"]"}
RESULT: {"using":"xpath","value":"//button[@data-kt=\"addOverflowToolbarButton\"]"}
COMMAND: POST /session/848251078812a197579c886f13255d0c/elements - {"using":"xpath","value":"//button[@data-kt=\"addOverflowToolbarButton\"]"}
RESULT: {"using":"xpath","value":"//button[@data-kt=\"addOverflowToolbarButton\"]"}
COMMAND: POST /session/848251078812a197579c886f13255d0c/execute/sync - {"script":"<script> [8489 bytes]","args":[{"element-6066-11e4-a52e-4f735466cecf":"f.E62CCC3EBD73CC3434E37D87B2A77947.d.7224E03097B27616F70F30FBDBC3CA41.e.1707","ELEMENT":"f.E62CCC3EBD73CC3434E37D87B2A77947.d.7224E03097B27616F70F30FBDBC3CA41.e.1707"}]}
RESULT: {"script":"<script> [8489 bytes]","args":[{"element-6066-11e4-a52e-4f735466cecf":"f.E62CCC3EBD73CC3434E37D87B2A77947.d.7224E03097B27616F70F30FBDBC3CA41.e.1707","ELEMENT":"f.E62CCC3EBD73CC3434E37D87B2A77947.d.7224E03097B27616F70F30FBDBC3CA41.e.1707"}]}
COMMAND: GET /session/848251078812a197579c886f13255d0c/element/f.E62CCC3EBD73CC3434E37D87B2A77947.d.7224E03097B27616F70F30FBDBC3CA41.e.1707/enabled - {}
COMMAND: GET /session/848251078812a197579c886f13255d0c/screenshot - {}
RESULT: {}
COMMAND: POST /session/848251078812a197579c886f13255d0c/execute/sync - {"script":"<script> [8489 bytes]","args":[{"element-6066-11e4-a52e-4f735466cecf":"f.E62CCC3EBD73CC3434E37D87B2A77947.d.7224E03097B27616F70F30FBDBC3CA41.e.1707","ELEMENT":"f.E62CCC3EBD73CC3434E37D87B2A77947.d.7224E03097B27616F70F30FBDBC3CA41.e.1707"}]}
COMMAND: GET /session/848251078812a197579c886f13255d0c/screenshot - {}
RESULT: {}
RESULT: {"script":"<script> [8489 bytes]","args":[{"element-6066-11e4-a52e-4f735466cecf":"f.E62CCC3EBD73CC3434E37D87B2A77947.d.7224E03097B27616F70F30FBDBC3CA41.e.1707","ELEMENT":"f.E62CCC3EBD73CC3434E37D87B2A77947.d.7224E03097B27616F70F30FBDBC3CA41.e.1707"}]}
COMMAND: POST /session/848251078812a197579c886f13255d0c/execute/sync - {"script":"<script> [5351 bytes]","args":[{"element-6066-11e4-a52e-4f735466cecf":"f.E62CCC3EBD73CC3434E37D87B2A77947.d.7224E03097B27616F70F30FBDBC3CA41.e.1707","ELEMENT":"f.E62CCC3EBD73CC3434E37D87B2A77947.d.7224E03097B27616F70F30FBDBC3CA41.e.1707"}]}
COMMAND: GET /session/848251078812a197579c886f13255d0c/screenshot - {}
RESULT: {}
RESULT: {"script":"<script> [5351 bytes]","args":[{"element-6066-11e4-a52e-4f735466cecf":"f.E62CCC3EBD73CC3434E37D87B2A77947.d.7224E03097B27616F70F30FBDBC3CA41.e.1707","ELEMENT":"f.E62CCC3EBD73CC3434E37D87B2A77947.d.7224E03097B27616F70F30FBDBC3CA41.e.1707"}]}
COMMAND: POST /session/848251078812a197579c886f13255d0c/element/f.E62CCC3EBD73CC3434E37D87B2A77947.d.7224E03097B27616F70F30FBDBC3CA41.e.1707/click - {}
COMMAND: GET /session/848251078812a197579c886f13255d0c/screenshot - {}
RESULT: {}
RESULT: {}
COMMAND: GET /session/848251078812a197579c886f13255d0c/screenshot - {}
COMMAND: POST /session/848251078812a197579c886f13255d0c/element - {"using":"xpath","value":"//input[@id=\"application-managesites-display-component---NewSite--siteId-inner\"]"}
RESULT: {}
RESULT: {}
RESULT: {"using":"xpath","value":"//input[@id=\"application-managesites-display-component---NewSite--siteId-inner\"]"}
COMMAND: POST /session/848251078812a197579c886f13255d0c/element - {"using":"xpath","value":"//input[@id=\"application-managesites-display-component---NewSite--siteId-inner\"]"}
RESULT: {"using":"xpath","value":"//input[@id=\"application-managesites-display-component---NewSite--siteId-inner\"]"}
COMMAND: POST /session/848251078812a197579c886f13255d0c/execute/async - {"script":"<script> [1562 bytes]","args":[{"selector":{"id":"application-managesites-display-component---NewSite--addressDetailDetailsName1","interaction":{"idSuffix":"inner"}},"wdio_ui5_key":"applicationmanagesites-display-component---NewSite--addressDetailDetailsName1"}]}
RESULT: {"script":"<script> [1562 bytes]","args":[{"selector":{"id":"application-managesites-display-component---NewSite--addressDetailDetailsName1","interaction":{"idSuffix":"inner"}},"wdio_ui5_key":"applicationmanagesites-display-component---NewSite--addressDetailDetailsName1"}]}
RESULT: undefined
COMMAND: POST /session/848251078812a197579c886f13255d0c/execute/async - {"script":"<script> [776 bytes]","args":[{"enterText":"Warehouse Managed Site WDIO","selector":{"id":"application-managesites-display-component---NewSite--addressDetailDetailsName1","interaction":{"idSuffix":"inner"}},"clearTextFirst":true,"interactionType":"ENTER_TEXT"}]}
RESULT: {"script":"<script> [776 bytes]","args":[{"enterText":"Warehouse Managed Site WDIO","selector":{"id":"application-managesites-display-component---NewSite--addressDetailDetailsName1","interaction":{"idSuffix":"inner"}},"clearTextFirst":true,"interactionType":"ENTER_TEXT"}]}
COMMAND: POST /session/848251078812a197579c886f13255d0c/execute/async - {"script":"<script> [1562 bytes]","args":[{"selector":{"id":"application-managesites-display-component---NewSite--addressDetailDetailsLanguage-arrow"},"wdio_ui5_key":"applicationmanagesites-display-component---NewSite--addressDetailDetailsLanguage-arrow"}]}
RESULT: {"script":"<script> [1562 bytes]","args":[{"selector":{"id":"application-managesites-display-component---NewSite--addressDetailDetailsLanguage-arrow"},"wdio_ui5_key":"applicationmanagesites-display-component---NewSite--addressDetailDetailsLanguage-arrow"}]}
RESULT: undefined
COMMAND: POST /session/848251078812a197579c886f13255d0c/element - {"using":"xpath","value":"//*[@id=\"application-managesites-display-component---NewSite--addressDetailDetailsLanguage-arrow\"]"}
RESULT: {"using":"xpath","value":"//*[@id=\"application-managesites-display-component---NewSite--addressDetailDetailsLanguage-arrow\"]"}
COMMAND: POST /session/848251078812a197579c886f13255d0c/element/f.E62CCC3EBD73CC3434E37D87B2A77947.d.7224E03097B27616F70F30FBDBC3CA41.e.2228/click - {}
RESULT: {}
COMMAND: POST /session/848251078812a197579c886f13255d0c/element - {"using":"xpath","value":"//span[contains(text(), \"English\")]"}
COMMAND: GET /session/848251078812a197579c886f13255d0c/screenshot - {}
RESULT: {"using":"xpath","value":"//span[contains(text(), \"English\")]"}
COMMAND: POST /session/848251078812a197579c886f13255d0c/element/f.E62CCC3EBD73CC3434E37D87B2A77947.d.7224E03097B27616F70F30FBDBC3CA41.e.2229/click - {}
RESULT: {}
RESULT: {}
COMMAND: POST /session/848251078812a197579c886f13255d0c/execute/async - {"script":"<script> [1562 bytes]","args":[{"selector":{"id":"application-managesites-display-component---NewSite--addressDetailDetailsCity1","interaction":{"idSuffix":"inner"}},"wdio_ui5_key":"applicationmanagesites-display-component---NewSite--addressDetailDetailsCity1"}]}
COMMAND: GET /session/848251078812a197579c886f13255d0c/screenshot - {}
RESULT: {"script":"<script> [1562 bytes]","args":[{"selector":{"id":"application-managesites-display-component---NewSite--addressDetailDetailsCity1","interaction":{"idSuffix":"inner"}},"wdio_ui5_key":"applicationmanagesites-display-component---NewSite--addressDetailDetailsCity1"}]}
RESULT: undefined
COMMAND: POST /session/848251078812a197579c886f13255d0c/execute/async - {"script":"<script> [776 bytes]","args":[{"enterText":"Rosario","selector":{"id":"application-managesites-display-component---NewSite--addressDetailDetailsCity1","interaction":{"idSuffix":"inner"}},"clearTextFirst":true,"interactionType":"ENTER_TEXT"}]}
RESULT: {}
RESULT: {"script":"<script> [776 bytes]","args":[{"enterText":"Rosario","selector":{"id":"application-managesites-display-component---NewSite--addressDetailDetailsCity1","interaction":{"idSuffix":"inner"}},"clearTextFirst":true,"interactionType":"ENTER_TEXT"}]}
COMMAND: POST /session/848251078812a197579c886f13255d0c/execute/async - {"script":"<script> [1562 bytes]","args":[{"selector":{"id":"application-managesites-display-component---NewSite--addressDetailDetailsCountry-arrow"},"wdio_ui5_key":"applicationmanagesites-display-component---NewSite--addressDetailDetailsCountry-arrow"}]}
RESULT: {"script":"<script> [1562 bytes]","args":[{"selector":{"id":"application-managesites-display-component---NewSite--addressDetailDetailsCountry-arrow"},"wdio_ui5_key":"applicationmanagesites-display-component---NewSite--addressDetailDetailsCountry-arrow"}]}
RESULT: undefined
COMMAND: POST /session/848251078812a197579c886f13255d0c/element - {"using":"xpath","value":"//*[@id=\"application-managesites-display-component---NewSite--addressDetailDetailsCountry-arrow\"]"}
RESULT: {"using":"xpath","value":"//*[@id=\"application-managesites-display-component---NewSite--addressDetailDetailsCountry-arrow\"]"}
COMMAND: POST /session/848251078812a197579c886f13255d0c/element/f.E62CCC3EBD73CC3434E37D87B2A77947.d.7224E03097B27616F70F30FBDBC3CA41.e.2148/click - {}
RESULT: {}
COMMAND: POST /session/848251078812a197579c886f13255d0c/element - {"using":"xpath","value":"//span[contains(text(), \"Argentina\")]"}
COMMAND: GET /session/848251078812a197579c886f13255d0c/screenshot - {}
RESULT: {}
RESULT: {"using":"xpath","value":"//span[contains(text(), \"Argentina\")]"}
COMMAND: POST /session/848251078812a197579c886f13255d0c/element/f.E62CCC3EBD73CC3434E37D87B2A77947.d.7224E03097B27616F70F30FBDBC3CA41.e.2231/click - {}
RESULT: {}
COMMAND: GET /session/848251078812a197579c886f13255d0c/screenshot - {}
RESULT: {}
COMMAND: POST /session/848251078812a197579c886f13255d0c/execute/async - {"script":"<script> [1562 bytes]","args":[{"selector":{"id":"application-managesites-display-component---NewSite--addressEditDetailsCostObjectCstType-arrow"},"wdio_ui5_key":"applicationmanagesites-display-component---NewSite--addressEditDetailsCostObjectCstType-arrow"}]}
RESULT: {"script":"<script> [1562 bytes]","args":[{"selector":{"id":"application-managesites-display-component---NewSite--addressEditDetailsCostObjectCstType-arrow"},"wdio_ui5_key":"applicationmanagesites-display-component---NewSite--addressEditDetailsCostObjectCstType-arrow"}]}
RESULT: undefined
COMMAND: POST /session/848251078812a197579c886f13255d0c/element - {"using":"xpath","value":"//*[@id=\"application-managesites-display-component---NewSite--addressEditDetailsCostObjectCstType-arrow\"]"}
RESULT: {"using":"xpath","value":"//*[@id=\"application-managesites-display-component---NewSite--addressEditDetailsCostObjectCstType-arrow\"]"}
COMMAND: POST /session/848251078812a197579c886f13255d0c/element/f.E62CCC3EBD73CC3434E37D87B2A77947.d.7224E03097B27616F70F30FBDBC3CA41.e.2190/click - {}
RESULT: {}
COMMAND: POST /session/848251078812a197579c886f13255d0c/element - {"using":"xpath","value":"//span[contains(text(), \"Cost Center\")]"}
COMMAND: GET /session/848251078812a197579c886f13255d0c/screenshot - {}
RESULT: {"using":"xpath","value":"//span[contains(text(), \"Cost Center\")]"}
COMMAND: POST /session/848251078812a197579c886f13255d0c/element/f.E62CCC3EBD73CC3434E37D87B2A77947.d.7224E03097B27616F70F30FBDBC3CA41.e.2234/click - {}
RESULT: {}
RESULT: {}
COMMAND: GET /session/848251078812a197579c886f13255d0c/screenshot - {}
RESULT: {}
COMMAND: POST /session/848251078812a197579c886f13255d0c/element - {"using":"xpath","value":"//span[@id=\"application-managesites-display-component---NewSite--addressNewCostObjectCstID-vhi\"]"}
RESULT: {"using":"xpath","value":"//span[@id=\"application-managesites-display-component---NewSite--addressNewCostObjectCstID-vhi\"]"}
COMMAND: POST /session/848251078812a197579c886f13255d0c/execute/sync - {"script":"<script> [8489 bytes]","args":[{"element-6066-11e4-a52e-4f735466cecf":"f.E62CCC3EBD73CC3434E37D87B2A77947.d.7224E03097B27616F70F30FBDBC3CA41.e.2238","ELEMENT":"f.E62CCC3EBD73CC3434E37D87B2A77947.d.7224E03097B27616F70F30FBDBC3CA41.e.2238"}]}
RESULT: {"script":"<script> [8489 bytes]","args":[{"element-6066-11e4-a52e-4f735466cecf":"f.E62CCC3EBD73CC3434E37D87B2A77947.d.7224E03097B27616F70F30FBDBC3CA41.e.2238","ELEMENT":"f.E62CCC3EBD73CC3434E37D87B2A77947.d.7224E03097B27616F70F30FBDBC3CA41.e.2238"}]}
COMMAND: POST /session/848251078812a197579c886f13255d0c/execute/async - {"script":"<script> [1562 bytes]","args":[{"selector":{"id":"application-managesites-display-component---NewSite--addressNewCostObjectCstID-vhi"},"wdio_ui5_key":"applicationmanagesites-display-component---NewSite--addressNewCostObjectCstID-vhi"}]}
COMMAND: GET /session/848251078812a197579c886f13255d0c/screenshot - {}
RESULT: {"script":"<script> [1562 bytes]","args":[{"selector":{"id":"application-managesites-display-component---NewSite--addressNewCostObjectCstID-vhi"},"wdio_ui5_key":"applicationmanagesites-display-component---NewSite--addressNewCostObjectCstID-vhi"}]}
RESULT: undefined
COMMAND: POST /session/848251078812a197579c886f13255d0c/element - {"using":"xpath","value":"//*[@id=\"application-managesites-display-component---NewSite--addressNewCostObjectCstID-vhi\"]"}
RESULT: {}
RESULT: {"using":"xpath","value":"//*[@id=\"application-managesites-display-component---NewSite--addressNewCostObjectCstID-vhi\"]"}
COMMAND: POST /session/848251078812a197579c886f13255d0c/element/f.E62CCC3EBD73CC3434E37D87B2A77947.d.7224E03097B27616F70F30FBDBC3CA41.e.2238/click - {}
RESULT: {}
COMMAND: GET /session/848251078812a197579c886f13255d0c/screenshot - {}
RESULT: {}
RESULT: undefined
COMMAND: POST /session/848251078812a197579c886f13255d0c/execute/async - {"script":"<script> [776 bytes]","args":[{"enterText":"10001013","selector":{"controlType":"sap.m.SearchField","properties":{"placeholder":"Search"},"searchOpenDialogs":true,"interaction":{"idSuffix":"I"}},"clearTextFirst":true,"interactionType":"ENTER_TEXT"}]}
RESULT: {"script":"<script> [776 bytes]","args":[{"enterText":"10001013","selector":{"controlType":"sap.m.SearchField","properties":{"placeholder":"Search"},"searchOpenDialogs":true,"interaction":{"idSuffix":"I"}},"clearTextFirst":true,"interactionType":"ENTER_TEXT"}]}
COMMAND: POST /session/848251078812a197579c886f13255d0c/actions - {"actions":[{"id":"action3","type":"key","parameters":{},"actions":[{"type":"keyDown","value":"î€‡"},{"type":"pause","duration":10},{"type":"keyUp","value":"î€‡"}]}]}
RESULT: {"actions":[{"id":"action3","type":"key","parameters":{},"actions":[{"type":"keyDown","value":"î€‡"},{"type":"pause","duration":10},{"type":"keyUp","value":"î€‡"}]}]}
COMMAND: GET /session/848251078812a197579c886f13255d0c/screenshot - {}
RESULT: {}
COMMAND: POST /session/848251078812a197579c886f13255d0c/element - {"using":"xpath","value":"//span[contains(text(), \"General Management\")]"}
RESULT: {"using":"xpath","value":"//span[contains(text(), \"General Management\")]"}
COMMAND: POST /session/848251078812a197579c886f13255d0c/element/f.E62CCC3EBD73CC3434E37D87B2A77947.d.7224E03097B27616F70F30FBDBC3CA41.e.2276/click - {}
RESULT: {}
COMMAND: GET /session/848251078812a197579c886f13255d0c/screenshot - {}
RESULT: {}
COMMAND: POST /session/848251078812a197579c886f13255d0c/element - {"using":"xpath","value":"//bdi[contains(text(), \"OK\")]"}
RESULT: {"using":"xpath","value":"//bdi[contains(text(), \"OK\")]"}
COMMAND: POST /session/848251078812a197579c886f13255d0c/element/f.E62CCC3EBD73CC3434E37D87B2A77947.d.7224E03097B27616F70F30FBDBC3CA41.e.2277/click - {}
RESULT: {}
COMMAND: GET /session/848251078812a197579c886f13255d0c/screenshot - {}
RESULT: {}
COMMAND: POST /session/848251078812a197579c886f13255d0c/element - {"using":"xpath","value":"//input[@id=\"application-managesites-display-component---NewSite--addressDetailDetailsCalendar-inner\"]"}
RESULT: {"using":"xpath","value":"//input[@id=\"application-managesites-display-component---NewSite--addressDetailDetailsCalendar-inner\"]"}
COMMAND: POST /session/848251078812a197579c886f13255d0c/element/f.E62CCC3EBD73CC3434E37D87B2A77947.d.7224E03097B27616F70F30FBDBC3CA41.e.1903/clear - {}
RESULT: {}
COMMAND: POST /session/848251078812a197579c886f13255d0c/element/f.E62CCC3EBD73CC3434E37D87B2A77947.d.7224E03097B27616F70F30FBDBC3CA41.e.1903/value - {"text":"Unit"}
COMMAND: GET /session/848251078812a197579c886f13255d0c/screenshot - {}
RESULT: {"text":"Unit"}
COMMAND: GET /session/848251078812a197579c886f13255d0c/screenshot - {}
RESULT: {}
RESULT: {}
COMMAND: POST /session/848251078812a197579c886f13255d0c/actions - {"actions":[{"id":"action4","type":"key","parameters":{},"actions":[{"type":"keyDown","value":"î€‡"},{"type":"pause","duration":10},{"type":"keyUp","value":"î€‡"}]}]}
RESULT: {"actions":[{"id":"action4","type":"key","parameters":{},"actions":[{"type":"keyDown","value":"î€‡"},{"type":"pause","duration":10},{"type":"keyUp","value":"î€‡"}]}]}
COMMAND: POST /session/848251078812a197579c886f13255d0c/element - {"using":"xpath","value":"//input[@id=\"application-managesites-display-component---NewSite--addressDetailDetailsYard-inner\"]"}
COMMAND: GET /session/848251078812a197579c886f13255d0c/screenshot - {}
RESULT: {"using":"xpath","value":"//input[@id=\"application-managesites-display-component---NewSite--addressDetailDetailsYard-inner\"]"}
COMMAND: POST /session/848251078812a197579c886f13255d0c/element/f.E62CCC3EBD73CC3434E37D87B2A77947.d.7224E03097B27616F70F30FBDBC3CA41.e.1904/clear - {}
RESULT: {}
RESULT: {}
COMMAND: POST /session/848251078812a197579c886f13255d0c/element/f.E62CCC3EBD73CC3434E37D87B2A77947.d.7224E03097B27616F70F30FBDBC3CA41.e.1904/value - {"text":"639"}
COMMAND: GET /session/848251078812a197579c886f13255d0c/screenshot - {}
RESULT: {"text":"639"}
COMMAND: GET /session/848251078812a197579c886f13255d0c/screenshot - {}
RESULT: {}
RESULT: {}
COMMAND: POST /session/848251078812a197579c886f13255d0c/element - {"using":"xpath","value":"//li[.//span[text()='639']]"}
RESULT: {"using":"xpath","value":"//li[.//span[text()='639']]"}
COMMAND: POST /session/848251078812a197579c886f13255d0c/element/f.E62CCC3EBD73CC3434E37D87B2A77947.d.7224E03097B27616F70F30FBDBC3CA41.e.2285/click - {}
RESULT: {}
COMMAND: GET /session/848251078812a197579c886f13255d0c/screenshot - {}
RESULT: {}
COMMAND: POST /session/848251078812a197579c886f13255d0c/element - {"using":"xpath","value":"//input[@id=\"application-managesites-display-component---NewSite--addressDetailDetailsPartner-inner\"]"}
RESULT: {"using":"xpath","value":"//input[@id=\"application-managesites-display-component---NewSite--addressDetailDetailsPartner-inner\"]"}
COMMAND: POST /session/848251078812a197579c886f13255d0c/element - {"using":"xpath","value":"//input[@id=\"application-managesites-display-component---NewSite--addressDetailDetailsPartner-inner\"]"}
RESULT: {"using":"xpath","value":"//input[@id=\"application-managesites-display-component---NewSite--addressDetailDetailsPartner-inner\"]"}
COMMAND: POST /session/848251078812a197579c886f13255d0c/execute/async - {"script":"<script> [1562 bytes]","args":[{"selector":{"id":"application-managesites-display-component---NewSite--siteWhmCheckBox-label","interaction":{"idSuffix":"bdi"}},"wdio_ui5_key":"applicationmanagesites-display-component---NewSite--siteWhmCheckBox-label"}]}
RESULT: {"script":"<script> [1562 bytes]","args":[{"selector":{"id":"application-managesites-display-component---NewSite--siteWhmCheckBox-label","interaction":{"idSuffix":"bdi"}},"wdio_ui5_key":"applicationmanagesites-display-component---NewSite--siteWhmCheckBox-label"}]}
RESULT: undefined
COMMAND: POST /session/848251078812a197579c886f13255d0c/element - {"using":"xpath","value":"//*[@id=\"application-managesites-display-component---NewSite--siteWhmCheckBox-label\"]"}
RESULT: {"using":"xpath","value":"//*[@id=\"application-managesites-display-component---NewSite--siteWhmCheckBox-label\"]"}
COMMAND: POST /session/848251078812a197579c886f13255d0c/element/f.E62CCC3EBD73CC3434E37D87B2A77947.d.7224E03097B27616F70F30FBDBC3CA41.e.2287/click - {}
RESULT: {}
COMMAND: GET /session/848251078812a197579c886f13255d0c/screenshot - {}
RESULT: {}
COMMAND: POST /session/848251078812a197579c886f13255d0c/element - {"using":"xpath","value":"//button[@data-kt=\"saveButton\"]"}
RESULT: {"using":"xpath","value":"//button[@data-kt=\"saveButton\"]"}
COMMAND: POST /session/848251078812a197579c886f13255d0c/element/f.E62CCC3EBD73CC3434E37D87B2A77947.d.7224E03097B27616F70F30FBDBC3CA41.e.2099/click - {}
RESULT: {}
COMMAND: GET /session/848251078812a197579c886f13255d0c/screenshot - {}
RESULT: {}
COMMAND: POST /session/848251078812a197579c886f13255d0c/element - {"using":"xpath","value":"//header[contains(@id, 'ObjectPageLayout-headerTitle')]/div[1]/div[2]/div[2]/span[1]"}
RESULT: {"using":"xpath","value":"//header[contains(@id, 'ObjectPageLayout-headerTitle')]/div[1]/div[2]/div[2]/span[1]"}
COMMAND: POST /session/848251078812a197579c886f13255d0c/elements - {"using":"xpath","value":"//header[contains(@id, 'ObjectPageLayout-headerTitle')]/div[1]/div[2]/div[2]/span[1]"}
RESULT: {"using":"xpath","value":"//header[contains(@id, 'ObjectPageLayout-headerTitle')]/div[1]/div[2]/div[2]/span[1]"}
COMMAND: POST /session/848251078812a197579c886f13255d0c/execute/sync - {"script":"<script> [56 bytes]","args":[{"element-6066-11e4-a52e-4f735466cecf":"f.E62CCC3EBD73CC3434E37D87B2A77947.d.7224E03097B27616F70F30FBDBC3CA41.e.2489","ELEMENT":"f.E62CCC3EBD73CC3434E37D87B2A77947.d.7224E03097B27616F70F30FBDBC3CA41.e.2489"}]}
RESULT: {"script":"<script> [56 bytes]","args":[{"element-6066-11e4-a52e-4f735466cecf":"f.E62CCC3EBD73CC3434E37D87B2A77947.d.7224E03097B27616F70F30FBDBC3CA41.e.2489","ELEMENT":"f.E62CCC3EBD73CC3434E37D87B2A77947.d.7224E03097B27616F70F30FBDBC3CA41.e.2489"}]}
COMMAND: POST /session/848251078812a197579c886f13255d0c/element - {"using":"css selector","value":"#shell-header-logo"}
COMMAND: GET /session/848251078812a197579c886f13255d0c/screenshot - {}
RESULT: {"using":"css selector","value":"#shell-header-logo"}
COMMAND: POST /session/848251078812a197579c886f13255d0c/element/f.E62CCC3EBD73CC3434E37D87B2A77947.d.7224E03097B27616F70F30FBDBC3CA41.e.1664/click - {}
RESULT: {}
RESULT: {}
COMMAND: GET /session/848251078812a197579c886f13255d0c/screenshot - {}
RESULT: {}
COMMAND: POST /session/848251078812a197579c886f13255d0c/execute/sync - {"script":"<script> [299 bytes]","args":[["getModel","getResource"]]}
RESULT: {"script":"<script> [299 bytes]","args":[["getModel","getResource"]]}
]]></system-out>
    </testcase>
    <testcase classname="chrome.136_0_7103_93.windows.Stock_increase_-_with_WHM_US125587" name="Should create a new material" time="126.79">
      <system-out><![CDATA[
COMMAND: GET /session/848251078812a197579c886f13255d0c/screenshot - {}
COMMAND: POST /session/848251078812a197579c886f13255d0c/execute/async - {"script":"<script> [1562 bytes]","args":[{"selector":{"controlType":"sap.m.GenericTile","properties":{"header":"Manage Resources"}},"wdio_ui5_key":"sapm.GenericTile{\"header\":\"Manage Resources\"}"}]}
RESULT: {}
RESULT: {"script":"<script> [1562 bytes]","args":[{"selector":{"controlType":"sap.m.GenericTile","properties":{"header":"Manage Resources"}},"wdio_ui5_key":"sapm.GenericTile{\"header\":\"Manage Resources\"}"}]}
RESULT: undefined
COMMAND: POST /session/848251078812a197579c886f13255d0c/element - {"using":"xpath","value":"//*[@id=\"__tile39\"]"}
RESULT: {"using":"xpath","value":"//*[@id=\"__tile39\"]"}
COMMAND: POST /session/848251078812a197579c886f13255d0c/element/f.E62CCC3EBD73CC3434E37D87B2A77947.d.7224E03097B27616F70F30FBDBC3CA41.e.124/click - {}
RESULT: {}
COMMAND: GET /session/848251078812a197579c886f13255d0c/screenshot - {}
RESULT: {}
COMMAND: POST /session/848251078812a197579c886f13255d0c/elements - {"using":"xpath","value":"//span[text()='Error']"}
RESULT: {"using":"xpath","value":"//span[text()='Error']"}
COMMAND: POST /session/848251078812a197579c886f13255d0c/element - {"using":"xpath","value":"//button[@data-kt=\"addNewRUOverflowToolbarButton\"]"}
RESULT: {"using":"xpath","value":"//button[@data-kt=\"addNewRUOverflowToolbarButton\"]"}
COMMAND: POST /session/848251078812a197579c886f13255d0c/elements - {"using":"xpath","value":"//button[@data-kt=\"addNewRUOverflowToolbarButton\"]"}
RESULT: {"using":"xpath","value":"//button[@data-kt=\"addNewRUOverflowToolbarButton\"]"}
COMMAND: POST /session/848251078812a197579c886f13255d0c/elements - {"using":"xpath","value":"//button[@data-kt=\"addNewRUOverflowToolbarButton\"]"}
RESULT: {"using":"xpath","value":"//button[@data-kt=\"addNewRUOverflowToolbarButton\"]"}
COMMAND: POST /session/848251078812a197579c886f13255d0c/element - {"using":"xpath","value":"//button[@data-kt=\"addNewRUOverflowToolbarButton\"]"}
RESULT: {"using":"xpath","value":"//button[@data-kt=\"addNewRUOverflowToolbarButton\"]"}
COMMAND: POST /session/848251078812a197579c886f13255d0c/execute/sync - {"script":"<script> [8489 bytes]","args":[{"element-6066-11e4-a52e-4f735466cecf":"f.E62CCC3EBD73CC3434E37D87B2A77947.d.7224E03097B27616F70F30FBDBC3CA41.e.2522","ELEMENT":"f.E62CCC3EBD73CC3434E37D87B2A77947.d.7224E03097B27616F70F30FBDBC3CA41.e.2522"}]}
RESULT: {"script":"<script> [8489 bytes]","args":[{"element-6066-11e4-a52e-4f735466cecf":"f.E62CCC3EBD73CC3434E37D87B2A77947.d.7224E03097B27616F70F30FBDBC3CA41.e.2522","ELEMENT":"f.E62CCC3EBD73CC3434E37D87B2A77947.d.7224E03097B27616F70F30FBDBC3CA41.e.2522"}]}
COMMAND: GET /session/848251078812a197579c886f13255d0c/element/f.E62CCC3EBD73CC3434E37D87B2A77947.d.7224E03097B27616F70F30FBDBC3CA41.e.2522/enabled - {}
COMMAND: GET /session/848251078812a197579c886f13255d0c/screenshot - {}
RESULT: {}
COMMAND: POST /session/848251078812a197579c886f13255d0c/execute/sync - {"script":"<script> [8489 bytes]","args":[{"element-6066-11e4-a52e-4f735466cecf":"f.E62CCC3EBD73CC3434E37D87B2A77947.d.7224E03097B27616F70F30FBDBC3CA41.e.2522","ELEMENT":"f.E62CCC3EBD73CC3434E37D87B2A77947.d.7224E03097B27616F70F30FBDBC3CA41.e.2522"}]}
COMMAND: GET /session/848251078812a197579c886f13255d0c/screenshot - {}
RESULT: {}
RESULT: {"script":"<script> [8489 bytes]","args":[{"element-6066-11e4-a52e-4f735466cecf":"f.E62CCC3EBD73CC3434E37D87B2A77947.d.7224E03097B27616F70F30FBDBC3CA41.e.2522","ELEMENT":"f.E62CCC3EBD73CC3434E37D87B2A77947.d.7224E03097B27616F70F30FBDBC3CA41.e.2522"}]}
COMMAND: POST /session/848251078812a197579c886f13255d0c/execute/sync - {"script":"<script> [5351 bytes]","args":[{"element-6066-11e4-a52e-4f735466cecf":"f.E62CCC3EBD73CC3434E37D87B2A77947.d.7224E03097B27616F70F30FBDBC3CA41.e.2522","ELEMENT":"f.E62CCC3EBD73CC3434E37D87B2A77947.d.7224E03097B27616F70F30FBDBC3CA41.e.2522"}]}
COMMAND: GET /session/848251078812a197579c886f13255d0c/screenshot - {}
RESULT: {}
RESULT: {"script":"<script> [5351 bytes]","args":[{"element-6066-11e4-a52e-4f735466cecf":"f.E62CCC3EBD73CC3434E37D87B2A77947.d.7224E03097B27616F70F30FBDBC3CA41.e.2522","ELEMENT":"f.E62CCC3EBD73CC3434E37D87B2A77947.d.7224E03097B27616F70F30FBDBC3CA41.e.2522"}]}
COMMAND: POST /session/848251078812a197579c886f13255d0c/element/f.E62CCC3EBD73CC3434E37D87B2A77947.d.7224E03097B27616F70F30FBDBC3CA41.e.2522/click - {}
COMMAND: GET /session/848251078812a197579c886f13255d0c/screenshot - {}
RESULT: {}
RESULT: {}
COMMAND: GET /session/848251078812a197579c886f13255d0c/screenshot - {}
RESULT: {}
RESULT: {}
COMMAND: POST /session/848251078812a197579c886f13255d0c/execute/async - {"script":"<script> [1562 bytes]","args":[{"selector":{"id":"application-manageresources-display-component---newResourceUnit--TYPE-arrow"},"wdio_ui5_key":"applicationmanageresources-display-component---newResourceUnit--TYPE-arrow"}]}
RESULT: {"script":"<script> [1562 bytes]","args":[{"selector":{"id":"application-manageresources-display-component---newResourceUnit--TYPE-arrow"},"wdio_ui5_key":"applicationmanageresources-display-component---newResourceUnit--TYPE-arrow"}]}
RESULT: undefined
COMMAND: POST /session/848251078812a197579c886f13255d0c/element - {"using":"xpath","value":"//*[@id=\"application-manageresources-display-component---newResourceUnit--TYPE-arrow\"]"}
RESULT: {"using":"xpath","value":"//*[@id=\"application-manageresources-display-component---newResourceUnit--TYPE-arrow\"]"}
COMMAND: POST /session/848251078812a197579c886f13255d0c/element/f.E62CCC3EBD73CC3434E37D87B2A77947.d.7224E03097B27616F70F30FBDBC3CA41.e.2878/click - {}
RESULT: {}
COMMAND: POST /session/848251078812a197579c886f13255d0c/element - {"using":"xpath","value":"//input[@id=\"application-manageresources-display-component---newResourceUnit--TYPE-inner\"]"}
COMMAND: GET /session/848251078812a197579c886f13255d0c/screenshot - {}
RESULT: {"using":"xpath","value":"//input[@id=\"application-manageresources-display-component---newResourceUnit--TYPE-inner\"]"}
COMMAND: POST /session/848251078812a197579c886f13255d0c/element/f.E62CCC3EBD73CC3434E37D87B2A77947.d.7224E03097B27616F70F30FBDBC3CA41.e.2873/clear - {}
RESULT: {}
RESULT: {}
COMMAND: POST /session/848251078812a197579c886f13255d0c/element/f.E62CCC3EBD73CC3434E37D87B2A77947.d.7224E03097B27616F70F30FBDBC3CA41.e.2873/value - {"text":"Material"}
COMMAND: GET /session/848251078812a197579c886f13255d0c/screenshot - {}
RESULT: {"text":"Material"}
COMMAND: GET /session/848251078812a197579c886f13255d0c/screenshot - {}
RESULT: {}
RESULT: {}
COMMAND: POST /session/848251078812a197579c886f13255d0c/actions - {"actions":[{"id":"action5","type":"key","parameters":{},"actions":[{"type":"keyDown","value":"î€‡"},{"type":"pause","duration":10},{"type":"keyUp","value":"î€‡"}]}]}
RESULT: {"actions":[{"id":"action5","type":"key","parameters":{},"actions":[{"type":"keyDown","value":"î€‡"},{"type":"pause","duration":10},{"type":"keyUp","value":"î€‡"}]}]}
COMMAND: POST /session/848251078812a197579c886f13255d0c/execute/async - {"script":"<script> [1562 bytes]","args":[{"selector":{"id":"application-manageresources-display-component---newResourceUnit--SHORT_TEXT","interaction":{"idSuffix":"inner"}},"wdio_ui5_key":"applicationmanageresources-display-component---newResourceUnit--SHORT_TEXT"}]}
COMMAND: GET /session/848251078812a197579c886f13255d0c/screenshot - {}
RESULT: {"script":"<script> [1562 bytes]","args":[{"selector":{"id":"application-manageresources-display-component---newResourceUnit--SHORT_TEXT","interaction":{"idSuffix":"inner"}},"wdio_ui5_key":"applicationmanageresources-display-component---newResourceUnit--SHORT_TEXT"}]}
RESULT: undefined
COMMAND: POST /session/848251078812a197579c886f13255d0c/execute/async - {"script":"<script> [776 bytes]","args":[{"enterText":"Cement WDIO","selector":{"id":"application-manageresources-display-component---newResourceUnit--SHORT_TEXT","interaction":{"idSuffix":"inner"}},"clearTextFirst":true,"interactionType":"ENTER_TEXT"}]}
RESULT: {}
RESULT: {"script":"<script> [776 bytes]","args":[{"enterText":"Cement WDIO","selector":{"id":"application-manageresources-display-component---newResourceUnit--SHORT_TEXT","interaction":{"idSuffix":"inner"}},"clearTextFirst":true,"interactionType":"ENTER_TEXT"}]}
COMMAND: POST /session/848251078812a197579c886f13255d0c/execute/async - {"script":"<script> [1562 bytes]","args":[{"selector":{"id":"application-manageresources-display-component---newResourceUnit--BASE_UNIT_OF_MEASURE","interaction":{"idSuffix":"inner"}},"wdio_ui5_key":"applicationmanageresources-display-component---newResourceUnit--BASE_UNIT_OF_MEASURE"}]}
RESULT: {"script":"<script> [1562 bytes]","args":[{"selector":{"id":"application-manageresources-display-component---newResourceUnit--BASE_UNIT_OF_MEASURE","interaction":{"idSuffix":"inner"}},"wdio_ui5_key":"applicationmanageresources-display-component---newResourceUnit--BASE_UNIT_OF_MEASURE"}]}
RESULT: undefined
COMMAND: POST /session/848251078812a197579c886f13255d0c/execute/async - {"script":"<script> [776 bytes]","args":[{"enterText":"Piece","selector":{"id":"application-manageresources-display-component---newResourceUnit--BASE_UNIT_OF_MEASURE","interaction":{"idSuffix":"inner"}},"clearTextFirst":true,"interactionType":"ENTER_TEXT"}]}
RESULT: {"script":"<script> [776 bytes]","args":[{"enterText":"Piece","selector":{"id":"application-manageresources-display-component---newResourceUnit--BASE_UNIT_OF_MEASURE","interaction":{"idSuffix":"inner"}},"clearTextFirst":true,"interactionType":"ENTER_TEXT"}]}
COMMAND: POST /session/848251078812a197579c886f13255d0c/execute/async - {"script":"<script> [1562 bytes]","args":[{"selector":{"id":"application-manageresources-display-component---newResourceUnit--WEIGHT_UNIT","interaction":{"idSuffix":"inner"}},"wdio_ui5_key":"applicationmanageresources-display-component---newResourceUnit--WEIGHT_UNIT"}]}
RESULT: {"script":"<script> [1562 bytes]","args":[{"selector":{"id":"application-manageresources-display-component---newResourceUnit--WEIGHT_UNIT","interaction":{"idSuffix":"inner"}},"wdio_ui5_key":"applicationmanageresources-display-component---newResourceUnit--WEIGHT_UNIT"}]}
RESULT: undefined
COMMAND: POST /session/848251078812a197579c886f13255d0c/execute/async - {"script":"<script> [776 bytes]","args":[{"enterText":"Gram","selector":{"id":"application-manageresources-display-component---newResourceUnit--WEIGHT_UNIT","interaction":{"idSuffix":"inner"}},"clearTextFirst":true,"interactionType":"ENTER_TEXT"}]}
RESULT: {"script":"<script> [776 bytes]","args":[{"enterText":"Gram","selector":{"id":"application-manageresources-display-component---newResourceUnit--WEIGHT_UNIT","interaction":{"idSuffix":"inner"}},"clearTextFirst":true,"interactionType":"ENTER_TEXT"}]}
COMMAND: POST /session/848251078812a197579c886f13255d0c/execute/async - {"script":"<script> [1562 bytes]","args":[{"selector":{"id":"application-manageresources-display-component---newResourceUnit--DIMENSION_UNIT","interaction":{"idSuffix":"inner"}},"wdio_ui5_key":"applicationmanageresources-display-component---newResourceUnit--DIMENSION_UNIT"}]}
RESULT: {"script":"<script> [1562 bytes]","args":[{"selector":{"id":"application-manageresources-display-component---newResourceUnit--DIMENSION_UNIT","interaction":{"idSuffix":"inner"}},"wdio_ui5_key":"applicationmanageresources-display-component---newResourceUnit--DIMENSION_UNIT"}]}
RESULT: undefined
COMMAND: POST /session/848251078812a197579c886f13255d0c/execute/async - {"script":"<script> [776 bytes]","args":[{"enterText":"Meter","selector":{"id":"application-manageresources-display-component---newResourceUnit--DIMENSION_UNIT","interaction":{"idSuffix":"inner"}},"clearTextFirst":true,"interactionType":"ENTER_TEXT"}]}
RESULT: {"script":"<script> [776 bytes]","args":[{"enterText":"Meter","selector":{"id":"application-manageresources-display-component---newResourceUnit--DIMENSION_UNIT","interaction":{"idSuffix":"inner"}},"clearTextFirst":true,"interactionType":"ENTER_TEXT"}]}
COMMAND: POST /session/848251078812a197579c886f13255d0c/execute/async - {"script":"<script> [1562 bytes]","args":[{"selector":{"id":"application-manageresources-display-component---newResourceUnit--newRRUPage-anchBar-application-manageresources-display-component---newResourceUnit--control-anchor","interaction":{"idSuffix":"BDI-content"}},"wdio_ui5_key":"applicationmanageresources-display-component---newResourceUnit--newRRUPage-anchBar-application-manageresources-display-component---newResourceUnit--control-anchor"}]}
RESULT: {"script":"<script> [1562 bytes]","args":[{"selector":{"id":"application-manageresources-display-component---newResourceUnit--newRRUPage-anchBar-application-manageresources-display-component---newResourceUnit--control-anchor","interaction":{"idSuffix":"BDI-content"}},"wdio_ui5_key":"applicationmanageresources-display-component---newResourceUnit--newRRUPage-anchBar-application-manageresources-display-component---newResourceUnit--control-anchor"}]}
RESULT: undefined
COMMAND: POST /session/848251078812a197579c886f13255d0c/element - {"using":"xpath","value":"//*[@id=\"application-manageresources-display-component---newResourceUnit--newRRUPage-anchBar-application-manageresources-display-component---newResourceUnit--control-anchor\"]"}
RESULT: {"using":"xpath","value":"//*[@id=\"application-manageresources-display-component---newResourceUnit--newRRUPage-anchBar-application-manageresources-display-component---newResourceUnit--control-anchor\"]"}
COMMAND: POST /session/848251078812a197579c886f13255d0c/element/f.E62CCC3EBD73CC3434E37D87B2A77947.d.7224E03097B27616F70F30FBDBC3CA41.e.3009/click - {}
RESULT: {}
COMMAND: POST /session/848251078812a197579c886f13255d0c/execute/async - {"script":"<script> [1562 bytes]","args":[{"selector":{"id":"application-manageresources-display-component---newResourceUnit--PLANNING_GROUP","interaction":{"idSuffix":"inner"}},"wdio_ui5_key":"applicationmanageresources-display-component---newResourceUnit--PLANNING_GROUP"}]}
COMMAND: GET /session/848251078812a197579c886f13255d0c/screenshot - {}
RESULT: {"script":"<script> [1562 bytes]","args":[{"selector":{"id":"application-manageresources-display-component---newResourceUnit--PLANNING_GROUP","interaction":{"idSuffix":"inner"}},"wdio_ui5_key":"applicationmanageresources-display-component---newResourceUnit--PLANNING_GROUP"}]}
RESULT: undefined
COMMAND: POST /session/848251078812a197579c886f13255d0c/execute/async - {"script":"<script> [776 bytes]","args":[{"enterText":"Material","selector":{"id":"application-manageresources-display-component---newResourceUnit--PLANNING_GROUP","interaction":{"idSuffix":"inner"}},"clearTextFirst":true,"interactionType":"ENTER_TEXT"}]}
RESULT: {}
RESULT: {"script":"<script> [776 bytes]","args":[{"enterText":"Material","selector":{"id":"application-manageresources-display-component---newResourceUnit--PLANNING_GROUP","interaction":{"idSuffix":"inner"}},"clearTextFirst":true,"interactionType":"ENTER_TEXT"}]}
COMMAND: POST /session/848251078812a197579c886f13255d0c/execute/async - {"script":"<script> [1562 bytes]","args":[{"selector":{"id":"application-manageresources-display-component---newResourceUnit--PLANNING_INDICATOR","interaction":{"idSuffix":"inner"}},"wdio_ui5_key":"applicationmanageresources-display-component---newResourceUnit--PLANNING_INDICATOR"}]}
RESULT: {"script":"<script> [1562 bytes]","args":[{"selector":{"id":"application-manageresources-display-component---newResourceUnit--PLANNING_INDICATOR","interaction":{"idSuffix":"inner"}},"wdio_ui5_key":"applicationmanageresources-display-component---newResourceUnit--PLANNING_INDICATOR"}]}
RESULT: undefined
COMMAND: POST /session/848251078812a197579c886f13255d0c/execute/async - {"script":"<script> [776 bytes]","args":[{"enterText":"10 - infinite","selector":{"id":"application-manageresources-display-component---newResourceUnit--PLANNING_INDICATOR","interaction":{"idSuffix":"inner"}},"clearTextFirst":true,"interactionType":"ENTER_TEXT"}]}
RESULT: {"script":"<script> [776 bytes]","args":[{"enterText":"10 - infinite","selector":{"id":"application-manageresources-display-component---newResourceUnit--PLANNING_INDICATOR","interaction":{"idSuffix":"inner"}},"clearTextFirst":true,"interactionType":"ENTER_TEXT"}]}
COMMAND: POST /session/848251078812a197579c886f13255d0c/element - {"using":"css selector","value":"#application-manageresources-display-component---newResourceUnit--btnAddTimeSegment"}
RESULT: {"using":"css selector","value":"#application-manageresources-display-component---newResourceUnit--btnAddTimeSegment"}
COMMAND: GET /session/848251078812a197579c886f13255d0c/element/f.E62CCC3EBD73CC3434E37D87B2A77947.d.7224E03097B27616F70F30FBDBC3CA41.e.3017/rect - {}
RESULT: {}
COMMAND: GET /session/848251078812a197579c886f13255d0c/window/rect - {}
RESULT: {}
COMMAND: POST /session/848251078812a197579c886f13255d0c/execute/sync - {"script":"<script> [92 bytes]","args":[]}
RESULT: {"script":"<script> [92 bytes]","args":[]}
COMMAND: POST /session/848251078812a197579c886f13255d0c/actions - {"actions":[{"id":"action6","type":"wheel","parameters":{},"actions":[{"type":"scroll","x":-1888,"y":-32,"deltaX":0,"deltaY":0,"duration":0,"origin":{"element-6066-11e4-a52e-4f735466cecf":"f.E62CCC3EBD73CC3434E37D87B2A77947.d.7224E03097B27616F70F30FBDBC3CA41.e.3017"}}]}]}
COMMAND: GET /session/848251078812a197579c886f13255d0c/screenshot - {}
RESULT: {}
COMMAND: POST /session/848251078812a197579c886f13255d0c/execute/sync - {"script":"<script> [79 bytes]","args":[{"element-6066-11e4-a52e-4f735466cecf":"f.E62CCC3EBD73CC3434E37D87B2A77947.d.7224E03097B27616F70F30FBDBC3CA41.e.3017","ELEMENT":"f.E62CCC3EBD73CC3434E37D87B2A77947.d.7224E03097B27616F70F30FBDBC3CA41.e.3017"},{"block":"start","inline":"nearest"}]}
RESULT: {"script":"<script> [79 bytes]","args":[{"element-6066-11e4-a52e-4f735466cecf":"f.E62CCC3EBD73CC3434E37D87B2A77947.d.7224E03097B27616F70F30FBDBC3CA41.e.3017","ELEMENT":"f.E62CCC3EBD73CC3434E37D87B2A77947.d.7224E03097B27616F70F30FBDBC3CA41.e.3017"},{"block":"start","inline":"nearest"}]}
COMMAND: POST /session/848251078812a197579c886f13255d0c/execute/async - {"script":"<script> [1562 bytes]","args":[{"selector":{"id":"application-manageresources-display-component---newResourceUnit--btnAddTimeSegment","interaction":{"idSuffix":"inner"}},"wdio_ui5_key":"applicationmanageresources-display-component---newResourceUnit--btnAddTimeSegment"}]}
COMMAND: GET /session/848251078812a197579c886f13255d0c/screenshot - {}
RESULT: {"script":"<script> [1562 bytes]","args":[{"selector":{"id":"application-manageresources-display-component---newResourceUnit--btnAddTimeSegment","interaction":{"idSuffix":"inner"}},"wdio_ui5_key":"applicationmanageresources-display-component---newResourceUnit--btnAddTimeSegment"}]}
RESULT: undefined
COMMAND: POST /session/848251078812a197579c886f13255d0c/element - {"using":"xpath","value":"//*[@id=\"application-manageresources-display-component---newResourceUnit--btnAddTimeSegment\"]"}
RESULT: {}
RESULT: {"using":"xpath","value":"//*[@id=\"application-manageresources-display-component---newResourceUnit--btnAddTimeSegment\"]"}
COMMAND: POST /session/848251078812a197579c886f13255d0c/element/f.E62CCC3EBD73CC3434E37D87B2A77947.d.7224E03097B27616F70F30FBDBC3CA41.e.3017/click - {}
RESULT: {}
COMMAND: GET /session/848251078812a197579c886f13255d0c/screenshot - {}
RESULT: {}
COMMAND: POST /session/848251078812a197579c886f13255d0c/element - {"using":"xpath","value":"//input[@id=\"application-manageresources-display-component---newResourceUnit--idRuTSAdmin-application-manageresources-display-component---newResourceUnit--RUTimeSegment-0-inner\"]"}
RESULT: {"using":"xpath","value":"//input[@id=\"application-manageresources-display-component---newResourceUnit--idRuTSAdmin-application-manageresources-display-component---newResourceUnit--RUTimeSegment-0-inner\"]"}
COMMAND: POST /session/848251078812a197579c886f13255d0c/element/f.E62CCC3EBD73CC3434E37D87B2A77947.d.7224E03097B27616F70F30FBDBC3CA41.e.3022/clear - {}
RESULT: {}
COMMAND: POST /session/848251078812a197579c886f13255d0c/element/f.E62CCC3EBD73CC3434E37D87B2A77947.d.7224E03097B27616F70F30FBDBC3CA41.e.3022/value - {"text":"639"}
COMMAND: GET /session/848251078812a197579c886f13255d0c/screenshot - {}
RESULT: {"text":"639"}
COMMAND: GET /session/848251078812a197579c886f13255d0c/screenshot - {}
RESULT: {}
RESULT: {}
COMMAND: POST /session/848251078812a197579c886f13255d0c/element - {"using":"xpath","value":"//li[.//span[text()='639']]"}
RESULT: {"using":"xpath","value":"//li[.//span[text()='639']]"}
COMMAND: POST /session/848251078812a197579c886f13255d0c/element/f.E62CCC3EBD73CC3434E37D87B2A77947.d.7224E03097B27616F70F30FBDBC3CA41.e.3033/click - {}
RESULT: {}
COMMAND: GET /session/848251078812a197579c886f13255d0c/screenshot - {}
RESULT: {}
COMMAND: POST /session/848251078812a197579c886f13255d0c/element - {"using":"xpath","value":"(//span[contains(@id, \"-application-manageresources-display-component---newResourceUnit--RUTimeSegment-0-arrow\")])[2]"}
RESULT: {"using":"xpath","value":"(//span[contains(@id, \"-application-manageresources-display-component---newResourceUnit--RUTimeSegment-0-arrow\")])[2]"}
COMMAND: POST /session/848251078812a197579c886f13255d0c/element/f.E62CCC3EBD73CC3434E37D87B2A77947.d.7224E03097B27616F70F30FBDBC3CA41.e.3034/click - {}
RESULT: {}
COMMAND: POST /session/848251078812a197579c886f13255d0c/element - {"using":"xpath","value":"//span[contains(text(), \"PM Order\")]"}
COMMAND: GET /session/848251078812a197579c886f13255d0c/screenshot - {}
RESULT: {"using":"xpath","value":"//span[contains(text(), \"PM Order\")]"}
COMMAND: POST /session/848251078812a197579c886f13255d0c/element/f.E62CCC3EBD73CC3434E37D87B2A77947.d.7224E03097B27616F70F30FBDBC3CA41.e.3035/click - {}
RESULT: {}
RESULT: {}
COMMAND: GET /session/848251078812a197579c886f13255d0c/screenshot - {}
RESULT: {}
COMMAND: POST /session/848251078812a197579c886f13255d0c/element - {"using":"xpath","value":"//td/div/div/div/span[contains(@id, \"newResourceUnit--RUTimeSegment-0-vhi\")][1]"}
RESULT: {"using":"xpath","value":"//td/div/div/div/span[contains(@id, \"newResourceUnit--RUTimeSegment-0-vhi\")][1]"}
COMMAND: GET /session/848251078812a197579c886f13255d0c/element/f.E62CCC3EBD73CC3434E37D87B2A77947.d.7224E03097B27616F70F30FBDBC3CA41.e.3039/rect - {}
RESULT: {}
COMMAND: GET /session/848251078812a197579c886f13255d0c/window/rect - {}
RESULT: {}
COMMAND: POST /session/848251078812a197579c886f13255d0c/execute/sync - {"script":"<script> [92 bytes]","args":[]}
RESULT: {"script":"<script> [92 bytes]","args":[]}
COMMAND: POST /session/848251078812a197579c886f13255d0c/actions - {"actions":[{"id":"action7","type":"wheel","parameters":{},"actions":[{"type":"scroll","x":-1888,"y":-24,"deltaX":0,"deltaY":0,"duration":0,"origin":{"element-6066-11e4-a52e-4f735466cecf":"f.E62CCC3EBD73CC3434E37D87B2A77947.d.7224E03097B27616F70F30FBDBC3CA41.e.3039"}}]}]}
COMMAND: GET /session/848251078812a197579c886f13255d0c/screenshot - {}
RESULT: {}
COMMAND: POST /session/848251078812a197579c886f13255d0c/execute/sync - {"script":"<script> [79 bytes]","args":[{"element-6066-11e4-a52e-4f735466cecf":"f.E62CCC3EBD73CC3434E37D87B2A77947.d.7224E03097B27616F70F30FBDBC3CA41.e.3039","ELEMENT":"f.E62CCC3EBD73CC3434E37D87B2A77947.d.7224E03097B27616F70F30FBDBC3CA41.e.3039"},{"block":"start","inline":"nearest"}]}
RESULT: {"script":"<script> [79 bytes]","args":[{"element-6066-11e4-a52e-4f735466cecf":"f.E62CCC3EBD73CC3434E37D87B2A77947.d.7224E03097B27616F70F30FBDBC3CA41.e.3039","ELEMENT":"f.E62CCC3EBD73CC3434E37D87B2A77947.d.7224E03097B27616F70F30FBDBC3CA41.e.3039"},{"block":"start","inline":"nearest"}]}
COMMAND: GET /session/848251078812a197579c886f13255d0c/screenshot - {}
RESULT: {}
COMMAND: POST /session/848251078812a197579c886f13255d0c/element/f.E62CCC3EBD73CC3434E37D87B2A77947.d.7224E03097B27616F70F30FBDBC3CA41.e.3039/click - {}
RESULT: {}
COMMAND: GET /session/848251078812a197579c886f13255d0c/screenshot - {}
RESULT: {}
RESULT: undefined
COMMAND: POST /session/848251078812a197579c886f13255d0c/execute/async - {"script":"<script> [776 bytes]","args":[{"enterText":"4000360","selector":{"controlType":"sap.m.SearchField","properties":{"placeholder":"Search"},"searchOpenDialogs":true,"interaction":{"idSuffix":"I"}},"clearTextFirst":true,"interactionType":"ENTER_TEXT"}]}
RESULT: {"script":"<script> [776 bytes]","args":[{"enterText":"4000360","selector":{"controlType":"sap.m.SearchField","properties":{"placeholder":"Search"},"searchOpenDialogs":true,"interaction":{"idSuffix":"I"}},"clearTextFirst":true,"interactionType":"ENTER_TEXT"}]}
COMMAND: POST /session/848251078812a197579c886f13255d0c/actions - {"actions":[{"id":"action8","type":"key","parameters":{},"actions":[{"type":"keyDown","value":"î€‡"},{"type":"pause","duration":10},{"type":"keyUp","value":"î€‡"}]}]}
RESULT: {"actions":[{"id":"action8","type":"key","parameters":{},"actions":[{"type":"keyDown","value":"î€‡"},{"type":"pause","duration":10},{"type":"keyUp","value":"î€‡"}]}]}
COMMAND: GET /session/848251078812a197579c886f13255d0c/screenshot - {}
RESULT: {}
COMMAND: POST /session/848251078812a197579c886f13255d0c/element - {"using":"xpath","value":"//td/div/span[contains(text(), \"BGL Vehicles\")]"}
RESULT: {"using":"xpath","value":"//td/div/span[contains(text(), \"BGL Vehicles\")]"}
COMMAND: POST /session/848251078812a197579c886f13255d0c/element/f.E62CCC3EBD73CC3434E37D87B2A77947.d.7224E03097B27616F70F30FBDBC3CA41.e.3061/click - {}
RESULT: {}
COMMAND: GET /session/848251078812a197579c886f13255d0c/screenshot - {}
RESULT: {}
COMMAND: POST /session/848251078812a197579c886f13255d0c/element - {"using":"xpath","value":"//bdi[contains(text(), \"OK\")]"}
RESULT: {"using":"xpath","value":"//bdi[contains(text(), \"OK\")]"}
COMMAND: POST /session/848251078812a197579c886f13255d0c/element/f.E62CCC3EBD73CC3434E37D87B2A77947.d.7224E03097B27616F70F30FBDBC3CA41.e.3062/click - {}
RESULT: {}
COMMAND: GET /session/848251078812a197579c886f13255d0c/screenshot - {}
RESULT: {}
COMMAND: POST /session/848251078812a197579c886f13255d0c/element - {"using":"xpath","value":"//label[contains(@class, 'sapMLabelRequired') and .//bdi[contains(text(), 'Planned Retirement')]]"}
RESULT: {"using":"xpath","value":"//label[contains(@class, 'sapMLabelRequired') and .//bdi[contains(text(), 'Planned Retirement')]]"}
COMMAND: POST /session/848251078812a197579c886f13255d0c/elements - {"using":"xpath","value":"//label[contains(@class, 'sapMLabelRequired') and .//bdi[contains(text(), 'Planned Retirement')]]"}
RESULT: {"using":"xpath","value":"//label[contains(@class, 'sapMLabelRequired') and .//bdi[contains(text(), 'Planned Retirement')]]"}
COMMAND: POST /session/848251078812a197579c886f13255d0c/element - {"using":"xpath","value":"//button[@data-kt=\"resourceUnitSaveButton\"]"}
RESULT: {"using":"xpath","value":"//button[@data-kt=\"resourceUnitSaveButton\"]"}
COMMAND: POST /session/848251078812a197579c886f13255d0c/element/f.E62CCC3EBD73CC3434E37D87B2A77947.d.7224E03097B27616F70F30FBDBC3CA41.e.2896/click - {}
RESULT: {}
COMMAND: GET /session/848251078812a197579c886f13255d0c/screenshot - {}
RESULT: {}
COMMAND: POST /session/848251078812a197579c886f13255d0c/element - {"using":"xpath","value":"//bdi[contains(text(), \"Close\")]"}
RESULT: {"using":"xpath","value":"//bdi[contains(text(), \"Close\")]"}
COMMAND: POST /session/848251078812a197579c886f13255d0c/element/f.E62CCC3EBD73CC3434E37D87B2A77947.d.7224E03097B27616F70F30FBDBC3CA41.e.3069/click - {}
RESULT: {}
COMMAND: GET /session/848251078812a197579c886f13255d0c/screenshot - {}
RESULT: {}
COMMAND: POST /session/848251078812a197579c886f13255d0c/element - {"using":"xpath","value":"//header[contains(@id, 'detailRruPage-headerTitle')]/div[1]/div[2]/div[2]/span[1]"}
RESULT: {"using":"xpath","value":"//header[contains(@id, 'detailRruPage-headerTitle')]/div[1]/div[2]/div[2]/span[1]"}
COMMAND: POST /session/848251078812a197579c886f13255d0c/elements - {"using":"xpath","value":"//header[contains(@id, 'detailRruPage-headerTitle')]/div[1]/div[2]/div[2]/span[1]"}
RESULT: {"using":"xpath","value":"//header[contains(@id, 'detailRruPage-headerTitle')]/div[1]/div[2]/div[2]/span[1]"}
COMMAND: POST /session/848251078812a197579c886f13255d0c/execute/sync - {"script":"<script> [56 bytes]","args":[{"element-6066-11e4-a52e-4f735466cecf":"f.E62CCC3EBD73CC3434E37D87B2A77947.d.7224E03097B27616F70F30FBDBC3CA41.e.3103","ELEMENT":"f.E62CCC3EBD73CC3434E37D87B2A77947.d.7224E03097B27616F70F30FBDBC3CA41.e.3103"}]}
RESULT: {"script":"<script> [56 bytes]","args":[{"element-6066-11e4-a52e-4f735466cecf":"f.E62CCC3EBD73CC3434E37D87B2A77947.d.7224E03097B27616F70F30FBDBC3CA41.e.3103","ELEMENT":"f.E62CCC3EBD73CC3434E37D87B2A77947.d.7224E03097B27616F70F30FBDBC3CA41.e.3103"}]}
COMMAND: POST /session/848251078812a197579c886f13255d0c/element - {"using":"css selector","value":"#shell-header-logo"}
COMMAND: GET /session/848251078812a197579c886f13255d0c/screenshot - {}
RESULT: {"using":"css selector","value":"#shell-header-logo"}
COMMAND: POST /session/848251078812a197579c886f13255d0c/element/f.E62CCC3EBD73CC3434E37D87B2A77947.d.7224E03097B27616F70F30FBDBC3CA41.e.2494/click - {}
RESULT: {}
RESULT: {}
COMMAND: GET /session/848251078812a197579c886f13255d0c/screenshot - {}
RESULT: {}
]]></system-out>
    </testcase>
    <testcase classname="chrome.136_0_7103_93.windows.Stock_increase_-_with_WHM_US125587" name="Bin Status Report Should Create New Organization yard" time="89.128">
      <system-out><![CDATA[
COMMAND: POST /session/848251078812a197579c886f13255d0c/execute/async - {"script":"<script> [1562 bytes]","args":[{"selector":{"controlType":"sap.m.GenericTile","properties":{"header":"Bin Status Report"}},"wdio_ui5_key":"sapm.GenericTile{\"header\":\"Bin Status Report\"}"}]}
RESULT: {"script":"<script> [1562 bytes]","args":[{"selector":{"controlType":"sap.m.GenericTile","properties":{"header":"Bin Status Report"}},"wdio_ui5_key":"sapm.GenericTile{\"header\":\"Bin Status Report\"}"}]}
RESULT: undefined
COMMAND: POST /session/848251078812a197579c886f13255d0c/element - {"using":"xpath","value":"//*[@id=\"__tile104\"]"}
RESULT: {"using":"xpath","value":"//*[@id=\"__tile104\"]"}
COMMAND: POST /session/848251078812a197579c886f13255d0c/element/f.E62CCC3EBD73CC3434E37D87B2A77947.d.7224E03097B27616F70F30FBDBC3CA41.e.108/click - {}
RESULT: {}
COMMAND: GET /session/848251078812a197579c886f13255d0c/screenshot - {}
RESULT: {}
COMMAND: POST /session/848251078812a197579c886f13255d0c/elements - {"using":"xpath","value":"//span[text()='Error']"}
RESULT: {"using":"xpath","value":"//span[text()='Error']"}
COMMAND: POST /session/848251078812a197579c886f13255d0c/element - {"using":"xpath","value":"//button[@id=\"application-binstatusreport-display-component---warehousing--createOrgBtn\"]"}
RESULT: {"using":"xpath","value":"//button[@id=\"application-binstatusreport-display-component---warehousing--createOrgBtn\"]"}
COMMAND: POST /session/848251078812a197579c886f13255d0c/elements - {"using":"xpath","value":"//button[@id=\"application-binstatusreport-display-component---warehousing--createOrgBtn\"]"}
RESULT: {"using":"xpath","value":"//button[@id=\"application-binstatusreport-display-component---warehousing--createOrgBtn\"]"}
COMMAND: POST /session/848251078812a197579c886f13255d0c/execute/sync - {"script":"<script> [8489 bytes]","args":[{"element-6066-11e4-a52e-4f735466cecf":"f.E62CCC3EBD73CC3434E37D87B2A77947.d.7224E03097B27616F70F30FBDBC3CA41.e.3162","ELEMENT":"f.E62CCC3EBD73CC3434E37D87B2A77947.d.7224E03097B27616F70F30FBDBC3CA41.e.3162"}]}
RESULT: {"script":"<script> [8489 bytes]","args":[{"element-6066-11e4-a52e-4f735466cecf":"f.E62CCC3EBD73CC3434E37D87B2A77947.d.7224E03097B27616F70F30FBDBC3CA41.e.3162","ELEMENT":"f.E62CCC3EBD73CC3434E37D87B2A77947.d.7224E03097B27616F70F30FBDBC3CA41.e.3162"}]}
COMMAND: GET /session/848251078812a197579c886f13255d0c/element/f.E62CCC3EBD73CC3434E37D87B2A77947.d.7224E03097B27616F70F30FBDBC3CA41.e.3162/enabled - {}
COMMAND: GET /session/848251078812a197579c886f13255d0c/screenshot - {}
RESULT: {}
COMMAND: POST /session/848251078812a197579c886f13255d0c/execute/sync - {"script":"<script> [8489 bytes]","args":[{"element-6066-11e4-a52e-4f735466cecf":"f.E62CCC3EBD73CC3434E37D87B2A77947.d.7224E03097B27616F70F30FBDBC3CA41.e.3162","ELEMENT":"f.E62CCC3EBD73CC3434E37D87B2A77947.d.7224E03097B27616F70F30FBDBC3CA41.e.3162"}]}
COMMAND: GET /session/848251078812a197579c886f13255d0c/screenshot - {}
RESULT: {}
RESULT: {"script":"<script> [8489 bytes]","args":[{"element-6066-11e4-a52e-4f735466cecf":"f.E62CCC3EBD73CC3434E37D87B2A77947.d.7224E03097B27616F70F30FBDBC3CA41.e.3162","ELEMENT":"f.E62CCC3EBD73CC3434E37D87B2A77947.d.7224E03097B27616F70F30FBDBC3CA41.e.3162"}]}
COMMAND: POST /session/848251078812a197579c886f13255d0c/execute/sync - {"script":"<script> [5351 bytes]","args":[{"element-6066-11e4-a52e-4f735466cecf":"f.E62CCC3EBD73CC3434E37D87B2A77947.d.7224E03097B27616F70F30FBDBC3CA41.e.3162","ELEMENT":"f.E62CCC3EBD73CC3434E37D87B2A77947.d.7224E03097B27616F70F30FBDBC3CA41.e.3162"}]}
COMMAND: GET /session/848251078812a197579c886f13255d0c/screenshot - {}
RESULT: {}
RESULT: {"script":"<script> [5351 bytes]","args":[{"element-6066-11e4-a52e-4f735466cecf":"f.E62CCC3EBD73CC3434E37D87B2A77947.d.7224E03097B27616F70F30FBDBC3CA41.e.3162","ELEMENT":"f.E62CCC3EBD73CC3434E37D87B2A77947.d.7224E03097B27616F70F30FBDBC3CA41.e.3162"}]}
COMMAND: GET /session/848251078812a197579c886f13255d0c/screenshot - {}
RESULT: {}
RESULT: {}
COMMAND: POST /session/848251078812a197579c886f13255d0c/element/f.E62CCC3EBD73CC3434E37D87B2A77947.d.7224E03097B27616F70F30FBDBC3CA41.e.3162/click - {}
RESULT: {}
COMMAND: GET /session/848251078812a197579c886f13255d0c/screenshot - {}
RESULT: {}
COMMAND: POST /session/848251078812a197579c886f13255d0c/execute/async - {"script":"<script> [1562 bytes]","args":[{"selector":{"id":"createOrganizationPop--sectionInput","searchOpenDialogs":true,"interaction":{"idSuffix":"inner"}},"wdio_ui5_key":"createOrganizationPopsectionInput"}]}
RESULT: {"script":"<script> [1562 bytes]","args":[{"selector":{"id":"createOrganizationPop--sectionInput","searchOpenDialogs":true,"interaction":{"idSuffix":"inner"}},"wdio_ui5_key":"createOrganizationPopsectionInput"}]}
RESULT: undefined
COMMAND: POST /session/848251078812a197579c886f13255d0c/execute/async - {"script":"<script> [776 bytes]","args":[{"enterText":"WDIO-639","selector":{"id":"createOrganizationPop--sectionInput","searchOpenDialogs":true,"interaction":{"idSuffix":"inner"}},"clearTextFirst":true,"interactionType":"ENTER_TEXT"}]}
RESULT: {"script":"<script> [776 bytes]","args":[{"enterText":"WDIO-639","selector":{"id":"createOrganizationPop--sectionInput","searchOpenDialogs":true,"interaction":{"idSuffix":"inner"}},"clearTextFirst":true,"interactionType":"ENTER_TEXT"}]}
COMMAND: POST /session/848251078812a197579c886f13255d0c/execute/async - {"script":"<script> [1562 bytes]","args":[{"selector":{"id":"createOrganizationPop--descriptionInput","searchOpenDialogs":true,"interaction":{"idSuffix":"inner"}},"wdio_ui5_key":"createOrganizationPopdescriptionInput"}]}
RESULT: {"script":"<script> [1562 bytes]","args":[{"selector":{"id":"createOrganizationPop--descriptionInput","searchOpenDialogs":true,"interaction":{"idSuffix":"inner"}},"wdio_ui5_key":"createOrganizationPopdescriptionInput"}]}
RESULT: undefined
COMMAND: POST /session/848251078812a197579c886f13255d0c/execute/async - {"script":"<script> [776 bytes]","args":[{"enterText":"Shipping-639","selector":{"id":"createOrganizationPop--descriptionInput","searchOpenDialogs":true,"interaction":{"idSuffix":"inner"}},"clearTextFirst":true,"interactionType":"ENTER_TEXT"}]}
RESULT: {"script":"<script> [776 bytes]","args":[{"enterText":"Shipping-639","selector":{"id":"createOrganizationPop--descriptionInput","searchOpenDialogs":true,"interaction":{"idSuffix":"inner"}},"clearTextFirst":true,"interactionType":"ENTER_TEXT"}]}
COMMAND: POST /session/848251078812a197579c886f13255d0c/element - {"using":"css selector","value":"#createOrganizationPop--yardOrg-inner"}
RESULT: {"using":"css selector","value":"#createOrganizationPop--yardOrg-inner"}
COMMAND: POST /session/848251078812a197579c886f13255d0c/element/f.E62CCC3EBD73CC3434E37D87B2A77947.d.7224E03097B27616F70F30FBDBC3CA41.e.3464/clear - {}
RESULT: {}
COMMAND: POST /session/848251078812a197579c886f13255d0c/element/f.E62CCC3EBD73CC3434E37D87B2A77947.d.7224E03097B27616F70F30FBDBC3CA41.e.3464/value - {"text":"639"}
COMMAND: GET /session/848251078812a197579c886f13255d0c/screenshot - {}
RESULT: {"text":"639"}
COMMAND: GET /session/848251078812a197579c886f13255d0c/screenshot - {}
RESULT: {}
RESULT: {}
COMMAND: POST /session/848251078812a197579c886f13255d0c/actions - {"actions":[{"id":"action9","type":"key","parameters":{},"actions":[{"type":"keyDown","value":"î€‡"},{"type":"pause","duration":10},{"type":"keyUp","value":"î€‡"}]}]}
RESULT: {"actions":[{"id":"action9","type":"key","parameters":{},"actions":[{"type":"keyDown","value":"î€‡"},{"type":"pause","duration":10},{"type":"keyUp","value":"î€‡"}]}]}
COMMAND: POST /session/848251078812a197579c886f13255d0c/execute/async - {"script":"<script> [1562 bytes]","args":[{"selector":{"id":"createOrganizationPop--grZone","searchOpenDialogs":true,"interaction":{"idSuffix":"CbBg"}},"wdio_ui5_key":"createOrganizationPopgrZone"}]}
COMMAND: GET /session/848251078812a197579c886f13255d0c/screenshot - {}
RESULT: {"script":"<script> [1562 bytes]","args":[{"selector":{"id":"createOrganizationPop--grZone","searchOpenDialogs":true,"interaction":{"idSuffix":"CbBg"}},"wdio_ui5_key":"createOrganizationPopgrZone"}]}
RESULT: undefined
COMMAND: POST /session/848251078812a197579c886f13255d0c/element - {"using":"xpath","value":"//*[@id=\"createOrganizationPop--grZone\"]"}
RESULT: {}
RESULT: {"using":"xpath","value":"//*[@id=\"createOrganizationPop--grZone\"]"}
COMMAND: POST /session/848251078812a197579c886f13255d0c/element/f.E62CCC3EBD73CC3434E37D87B2A77947.d.7224E03097B27616F70F30FBDBC3CA41.e.3486/click - {}
RESULT: {}
COMMAND: GET /session/848251078812a197579c886f13255d0c/screenshot - {}
RESULT: {}
COMMAND: POST /session/848251078812a197579c886f13255d0c/execute/async - {"script":"<script> [1562 bytes]","args":[{"selector":{"id":"createOrganizationPop--giZone","searchOpenDialogs":true,"interaction":{"idSuffix":"CbBg"}},"wdio_ui5_key":"createOrganizationPopgiZone"}]}
RESULT: {"script":"<script> [1562 bytes]","args":[{"selector":{"id":"createOrganizationPop--giZone","searchOpenDialogs":true,"interaction":{"idSuffix":"CbBg"}},"wdio_ui5_key":"createOrganizationPopgiZone"}]}
RESULT: undefined
COMMAND: POST /session/848251078812a197579c886f13255d0c/element - {"using":"xpath","value":"//*[@id=\"createOrganizationPop--giZone\"]"}
RESULT: {"using":"xpath","value":"//*[@id=\"createOrganizationPop--giZone\"]"}
COMMAND: POST /session/848251078812a197579c886f13255d0c/element/f.E62CCC3EBD73CC3434E37D87B2A77947.d.7224E03097B27616F70F30FBDBC3CA41.e.3488/click - {}
RESULT: {}
COMMAND: GET /session/848251078812a197579c886f13255d0c/screenshot - {}
RESULT: {}
COMMAND: POST /session/848251078812a197579c886f13255d0c/execute/async - {"script":"<script> [1562 bytes]","args":[{"selector":{"id":"createOrganizationPop--binNoInput","searchOpenDialogs":true,"interaction":{"idSuffix":"inner"}},"wdio_ui5_key":"createOrganizationPopbinNoInput"}]}
RESULT: {"script":"<script> [1562 bytes]","args":[{"selector":{"id":"createOrganizationPop--binNoInput","searchOpenDialogs":true,"interaction":{"idSuffix":"inner"}},"wdio_ui5_key":"createOrganizationPopbinNoInput"}]}
RESULT: undefined
COMMAND: POST /session/848251078812a197579c886f13255d0c/execute/async - {"script":"<script> [776 bytes]","args":[{"enterText":"Bin-Wd","selector":{"id":"createOrganizationPop--binNoInput","searchOpenDialogs":true,"interaction":{"idSuffix":"inner"}},"clearTextFirst":true,"interactionType":"ENTER_TEXT"}]}
RESULT: {"script":"<script> [776 bytes]","args":[{"enterText":"Bin-Wd","selector":{"id":"createOrganizationPop--binNoInput","searchOpenDialogs":true,"interaction":{"idSuffix":"inner"}},"clearTextFirst":true,"interactionType":"ENTER_TEXT"}]}
COMMAND: POST /session/848251078812a197579c886f13255d0c/execute/async - {"script":"<script> [1562 bytes]","args":[{"selector":{"id":"createOrganizationPop--descriptionId","searchOpenDialogs":true,"interaction":{"idSuffix":"inner"}},"wdio_ui5_key":"createOrganizationPopdescriptionId"}]}
RESULT: {"script":"<script> [1562 bytes]","args":[{"selector":{"id":"createOrganizationPop--descriptionId","searchOpenDialogs":true,"interaction":{"idSuffix":"inner"}},"wdio_ui5_key":"createOrganizationPopdescriptionId"}]}
RESULT: undefined
COMMAND: POST /session/848251078812a197579c886f13255d0c/execute/async - {"script":"<script> [776 bytes]","args":[{"enterText":"Shipping-Wd","selector":{"id":"createOrganizationPop--descriptionId","searchOpenDialogs":true,"interaction":{"idSuffix":"inner"}},"clearTextFirst":true,"interactionType":"ENTER_TEXT"}]}
RESULT: {"script":"<script> [776 bytes]","args":[{"enterText":"Shipping-Wd","selector":{"id":"createOrganizationPop--descriptionId","searchOpenDialogs":true,"interaction":{"idSuffix":"inner"}},"clearTextFirst":true,"interactionType":"ENTER_TEXT"}]}
COMMAND: POST /session/848251078812a197579c886f13255d0c/execute/async - {"script":"<script> [1562 bytes]","args":[{"selector":{"controlType":"sap.m.CheckBox","viewName":"etm.portal.ui.binstatusreport.view.MasterWareBins","viewId":"application-binstatusreport-display-component---warehousing","bindingPath":{"path":"","propertyPath":"/ZONE","modelName":"newBin"},"searchOpenDialogs":true,"interaction":{"idSuffix":"CbBg"}},"wdio_ui5_key":"etmportal.ui.binstatusreport.view.MasterWareBinssap.m.CheckBox{\"path\":\"\",\"propertyPath\":\"/ZONE\",\"modelName\":\"newBin\"}"}]}
RESULT: {"script":"<script> [1562 bytes]","args":[{"selector":{"controlType":"sap.m.CheckBox","viewName":"etm.portal.ui.binstatusreport.view.MasterWareBins","viewId":"application-binstatusreport-display-component---warehousing","bindingPath":{"path":"","propertyPath":"/ZONE","modelName":"newBin"},"searchOpenDialogs":true,"interaction":{"idSuffix":"CbBg"}},"wdio_ui5_key":"etmportal.ui.binstatusreport.view.MasterWareBinssap.m.CheckBox{\"path\":\"\",\"propertyPath\":\"/ZONE\",\"modelName\":\"newBin\"}"}]}
RESULT: undefined
COMMAND: POST /session/848251078812a197579c886f13255d0c/element - {"using":"xpath","value":"//*[@id=\"__box56\"]"}
RESULT: {"using":"xpath","value":"//*[@id=\"__box56\"]"}
COMMAND: POST /session/848251078812a197579c886f13255d0c/element/f.E62CCC3EBD73CC3434E37D87B2A77947.d.7224E03097B27616F70F30FBDBC3CA41.e.3511/click - {}
RESULT: {}
COMMAND: GET /session/848251078812a197579c886f13255d0c/screenshot - {}
RESULT: {}
COMMAND: POST /session/848251078812a197579c886f13255d0c/execute/async - {"script":"<script> [1562 bytes]","args":[{"selector":{"id":"createOrganizationPop--binTypesCB","searchOpenDialogs":true,"interaction":{"idSuffix":"inner"}},"wdio_ui5_key":"createOrganizationPopbinTypesCB"}]}
RESULT: {"script":"<script> [1562 bytes]","args":[{"selector":{"id":"createOrganizationPop--binTypesCB","searchOpenDialogs":true,"interaction":{"idSuffix":"inner"}},"wdio_ui5_key":"createOrganizationPopbinTypesCB"}]}
RESULT: undefined
COMMAND: POST /session/848251078812a197579c886f13255d0c/execute/async - {"script":"<script> [776 bytes]","args":[{"enterText":"1 - General / No capacity check","selector":{"id":"createOrganizationPop--binTypesCB","searchOpenDialogs":true,"interaction":{"idSuffix":"inner"}},"clearTextFirst":true,"interactionType":"ENTER_TEXT"}]}
RESULT: {"script":"<script> [776 bytes]","args":[{"enterText":"1 - General / No capacity check","selector":{"id":"createOrganizationPop--binTypesCB","searchOpenDialogs":true,"interaction":{"idSuffix":"inner"}},"clearTextFirst":true,"interactionType":"ENTER_TEXT"}]}
COMMAND: POST /session/848251078812a197579c886f13255d0c/actions - {"actions":[{"id":"action10","type":"key","parameters":{},"actions":[{"type":"keyDown","value":"î€‡"},{"type":"pause","duration":10},{"type":"keyUp","value":"î€‡"}]}]}
RESULT: {"actions":[{"id":"action10","type":"key","parameters":{},"actions":[{"type":"keyDown","value":"î€‡"},{"type":"pause","duration":10},{"type":"keyUp","value":"î€‡"}]}]}
COMMAND: GET /session/848251078812a197579c886f13255d0c/screenshot - {}
RESULT: {}
COMMAND: POST /session/848251078812a197579c886f13255d0c/execute/async - {"script":"<script> [1562 bytes]","args":[{"selector":{"id":"createOrganizationPop--finishBtn","searchOpenDialogs":true,"interaction":{"idSuffix":"BDI-content"}},"wdio_ui5_key":"createOrganizationPopfinishBtn"}]}
RESULT: {"script":"<script> [1562 bytes]","args":[{"selector":{"id":"createOrganizationPop--finishBtn","searchOpenDialogs":true,"interaction":{"idSuffix":"BDI-content"}},"wdio_ui5_key":"createOrganizationPopfinishBtn"}]}
RESULT: undefined
COMMAND: POST /session/848251078812a197579c886f13255d0c/element - {"using":"xpath","value":"//*[@id=\"createOrganizationPop--finishBtn\"]"}
RESULT: {"using":"xpath","value":"//*[@id=\"createOrganizationPop--finishBtn\"]"}
COMMAND: POST /session/848251078812a197579c886f13255d0c/element/f.E62CCC3EBD73CC3434E37D87B2A77947.d.7224E03097B27616F70F30FBDBC3CA41.e.3522/click - {}
RESULT: {}
COMMAND: GET /session/848251078812a197579c886f13255d0c/screenshot - {}
RESULT: {}
COMMAND: POST /session/848251078812a197579c886f13255d0c/element - {"using":"css selector","value":"#shell-header-logo"}
RESULT: {"using":"css selector","value":"#shell-header-logo"}
COMMAND: POST /session/848251078812a197579c886f13255d0c/element/f.E62CCC3EBD73CC3434E37D87B2A77947.d.7224E03097B27616F70F30FBDBC3CA41.e.3110/click - {}
RESULT: {}
COMMAND: GET /session/848251078812a197579c886f13255d0c/screenshot - {}
RESULT: {}
]]></system-out>
    </testcase>
    <testcase classname="chrome.136_0_7103_93.windows.Stock_increase_-_with_WHM_US125587" name="Bin Status Report Should Create New Organization for Site" time="73.864">
      <system-out><![CDATA[
RESULT: undefined
COMMAND: POST /session/848251078812a197579c886f13255d0c/element - {"using":"xpath","value":"//*[@id=\"__tile104\"]"}
RESULT: {"using":"xpath","value":"//*[@id=\"__tile104\"]"}
COMMAND: POST /session/848251078812a197579c886f13255d0c/element/f.E62CCC3EBD73CC3434E37D87B2A77947.d.7224E03097B27616F70F30FBDBC3CA41.e.108/click - {}
RESULT: {}
COMMAND: GET /session/848251078812a197579c886f13255d0c/screenshot - {}
COMMAND: POST /session/848251078812a197579c886f13255d0c/elements - {"using":"xpath","value":"//span[text()='Error']"}
RESULT: {}
RESULT: {"using":"xpath","value":"//span[text()='Error']"}
COMMAND: POST /session/848251078812a197579c886f13255d0c/element - {"using":"xpath","value":"//button[@id=\"application-binstatusreport-display-component---warehousing--createOrgBtn\"]"}
RESULT: {"using":"xpath","value":"//button[@id=\"application-binstatusreport-display-component---warehousing--createOrgBtn\"]"}
COMMAND: POST /session/848251078812a197579c886f13255d0c/elements - {"using":"xpath","value":"//button[@id=\"application-binstatusreport-display-component---warehousing--createOrgBtn\"]"}
RESULT: {"using":"xpath","value":"//button[@id=\"application-binstatusreport-display-component---warehousing--createOrgBtn\"]"}
COMMAND: POST /session/848251078812a197579c886f13255d0c/execute/sync - {"script":"<script> [8489 bytes]","args":[{"element-6066-11e4-a52e-4f735466cecf":"f.E62CCC3EBD73CC3434E37D87B2A77947.d.7224E03097B27616F70F30FBDBC3CA41.e.3551","ELEMENT":"f.E62CCC3EBD73CC3434E37D87B2A77947.d.7224E03097B27616F70F30FBDBC3CA41.e.3551"}]}
RESULT: {"script":"<script> [8489 bytes]","args":[{"element-6066-11e4-a52e-4f735466cecf":"f.E62CCC3EBD73CC3434E37D87B2A77947.d.7224E03097B27616F70F30FBDBC3CA41.e.3551","ELEMENT":"f.E62CCC3EBD73CC3434E37D87B2A77947.d.7224E03097B27616F70F30FBDBC3CA41.e.3551"}]}
COMMAND: GET /session/848251078812a197579c886f13255d0c/element/f.E62CCC3EBD73CC3434E37D87B2A77947.d.7224E03097B27616F70F30FBDBC3CA41.e.3551/enabled - {}
COMMAND: GET /session/848251078812a197579c886f13255d0c/screenshot - {}
RESULT: {}
COMMAND: POST /session/848251078812a197579c886f13255d0c/execute/sync - {"script":"<script> [8489 bytes]","args":[{"element-6066-11e4-a52e-4f735466cecf":"f.E62CCC3EBD73CC3434E37D87B2A77947.d.7224E03097B27616F70F30FBDBC3CA41.e.3551","ELEMENT":"f.E62CCC3EBD73CC3434E37D87B2A77947.d.7224E03097B27616F70F30FBDBC3CA41.e.3551"}]}
COMMAND: GET /session/848251078812a197579c886f13255d0c/screenshot - {}
RESULT: {}
RESULT: {"script":"<script> [8489 bytes]","args":[{"element-6066-11e4-a52e-4f735466cecf":"f.E62CCC3EBD73CC3434E37D87B2A77947.d.7224E03097B27616F70F30FBDBC3CA41.e.3551","ELEMENT":"f.E62CCC3EBD73CC3434E37D87B2A77947.d.7224E03097B27616F70F30FBDBC3CA41.e.3551"}]}
COMMAND: POST /session/848251078812a197579c886f13255d0c/execute/sync - {"script":"<script> [5351 bytes]","args":[{"element-6066-11e4-a52e-4f735466cecf":"f.E62CCC3EBD73CC3434E37D87B2A77947.d.7224E03097B27616F70F30FBDBC3CA41.e.3551","ELEMENT":"f.E62CCC3EBD73CC3434E37D87B2A77947.d.7224E03097B27616F70F30FBDBC3CA41.e.3551"}]}
COMMAND: GET /session/848251078812a197579c886f13255d0c/screenshot - {}
RESULT: {}
RESULT: {"script":"<script> [5351 bytes]","args":[{"element-6066-11e4-a52e-4f735466cecf":"f.E62CCC3EBD73CC3434E37D87B2A77947.d.7224E03097B27616F70F30FBDBC3CA41.e.3551","ELEMENT":"f.E62CCC3EBD73CC3434E37D87B2A77947.d.7224E03097B27616F70F30FBDBC3CA41.e.3551"}]}
COMMAND: GET /session/848251078812a197579c886f13255d0c/screenshot - {}
RESULT: {}
RESULT: {}
COMMAND: POST /session/848251078812a197579c886f13255d0c/element/f.E62CCC3EBD73CC3434E37D87B2A77947.d.7224E03097B27616F70F30FBDBC3CA41.e.3551/click - {}
RESULT: {}
COMMAND: GET /session/848251078812a197579c886f13255d0c/screenshot - {}
RESULT: {}
RESULT: undefined
COMMAND: POST /session/848251078812a197579c886f13255d0c/execute/async - {"script":"<script> [776 bytes]","args":[{"enterText":"2354","selector":{"id":"createOrganizationPop--sectionInput","searchOpenDialogs":true,"interaction":{"idSuffix":"inner"}},"clearTextFirst":true,"interactionType":"ENTER_TEXT"}]}
RESULT: {"script":"<script> [776 bytes]","args":[{"enterText":"2354","selector":{"id":"createOrganizationPop--sectionInput","searchOpenDialogs":true,"interaction":{"idSuffix":"inner"}},"clearTextFirst":true,"interactionType":"ENTER_TEXT"}]}
RESULT: undefined
COMMAND: POST /session/848251078812a197579c886f13255d0c/execute/async - {"script":"<script> [776 bytes]","args":[{"enterText":"WDIO-2354","selector":{"id":"createOrganizationPop--descriptionInput","searchOpenDialogs":true,"interaction":{"idSuffix":"inner"}},"clearTextFirst":true,"interactionType":"ENTER_TEXT"}]}
RESULT: {"script":"<script> [776 bytes]","args":[{"enterText":"WDIO-2354","selector":{"id":"createOrganizationPop--descriptionInput","searchOpenDialogs":true,"interaction":{"idSuffix":"inner"}},"clearTextFirst":true,"interactionType":"ENTER_TEXT"}]}
COMMAND: POST /session/848251078812a197579c886f13255d0c/element - {"using":"css selector","value":"#createOrganizationPop--siteOrg-inner"}
RESULT: {"using":"css selector","value":"#createOrganizationPop--siteOrg-inner"}
COMMAND: POST /session/848251078812a197579c886f13255d0c/element/f.E62CCC3EBD73CC3434E37D87B2A77947.d.7224E03097B27616F70F30FBDBC3CA41.e.3613/clear - {}
RESULT: {}
COMMAND: POST /session/848251078812a197579c886f13255d0c/element/f.E62CCC3EBD73CC3434E37D87B2A77947.d.7224E03097B27616F70F30FBDBC3CA41.e.3613/value - {"text":"2354"}
COMMAND: GET /session/848251078812a197579c886f13255d0c/screenshot - {}
RESULT: {"text":"2354"}
COMMAND: GET /session/848251078812a197579c886f13255d0c/screenshot - {}
RESULT: {}
RESULT: {}
COMMAND: POST /session/848251078812a197579c886f13255d0c/actions - {"actions":[{"id":"action11","type":"key","parameters":{},"actions":[{"type":"keyDown","value":"î€‡"},{"type":"pause","duration":10},{"type":"keyUp","value":"î€‡"}]}]}
RESULT: {"actions":[{"id":"action11","type":"key","parameters":{},"actions":[{"type":"keyDown","value":"î€‡"},{"type":"pause","duration":10},{"type":"keyUp","value":"î€‡"}]}]}
RESULT: undefined
COMMAND: POST /session/848251078812a197579c886f13255d0c/element - {"using":"xpath","value":"//*[@id=\"createOrganizationPop--giZone\"]"}
COMMAND: GET /session/848251078812a197579c886f13255d0c/screenshot - {}
RESULT: {"using":"xpath","value":"//*[@id=\"createOrganizationPop--giZone\"]"}
COMMAND: POST /session/848251078812a197579c886f13255d0c/element/f.E62CCC3EBD73CC3434E37D87B2A77947.d.7224E03097B27616F70F30FBDBC3CA41.e.3651/click - {}
RESULT: {}
RESULT: {}
COMMAND: GET /session/848251078812a197579c886f13255d0c/screenshot - {}
RESULT: {}
RESULT: undefined
COMMAND: POST /session/848251078812a197579c886f13255d0c/execute/async - {"script":"<script> [776 bytes]","args":[{"enterText":"WD-BIN","selector":{"id":"createOrganizationPop--binNoInput","searchOpenDialogs":true,"interaction":{"idSuffix":"inner"}},"clearTextFirst":true,"interactionType":"ENTER_TEXT"}]}
RESULT: {"script":"<script> [776 bytes]","args":[{"enterText":"WD-BIN","selector":{"id":"createOrganizationPop--binNoInput","searchOpenDialogs":true,"interaction":{"idSuffix":"inner"}},"clearTextFirst":true,"interactionType":"ENTER_TEXT"}]}
RESULT: undefined
COMMAND: POST /session/848251078812a197579c886f13255d0c/execute/async - {"script":"<script> [776 bytes]","args":[{"enterText":"WD-BIN","selector":{"id":"createOrganizationPop--descriptionId","searchOpenDialogs":true,"interaction":{"idSuffix":"inner"}},"clearTextFirst":true,"interactionType":"ENTER_TEXT"}]}
RESULT: {"script":"<script> [776 bytes]","args":[{"enterText":"WD-BIN","selector":{"id":"createOrganizationPop--descriptionId","searchOpenDialogs":true,"interaction":{"idSuffix":"inner"}},"clearTextFirst":true,"interactionType":"ENTER_TEXT"}]}
COMMAND: POST /session/848251078812a197579c886f13255d0c/execute/async - {"script":"<script> [1562 bytes]","args":[{"selector":{"controlType":"sap.m.CheckBox","viewName":"etm.portal.ui.binstatusreport.view.MasterWareBins","viewId":"application-binstatusreport-display-component---warehousing","bindingPath":{"propertyPath":"/ZONE","modelName":"newBin"},"searchOpenDialogs":true,"interaction":{"idSuffix":"CbBg"}},"wdio_ui5_key":"etmportal.ui.binstatusreport.view.MasterWareBinssap.m.CheckBox{\"propertyPath\":\"/ZONE\",\"modelName\":\"newBin\"}"}]}
RESULT: {"script":"<script> [1562 bytes]","args":[{"selector":{"controlType":"sap.m.CheckBox","viewName":"etm.portal.ui.binstatusreport.view.MasterWareBins","viewId":"application-binstatusreport-display-component---warehousing","bindingPath":{"propertyPath":"/ZONE","modelName":"newBin"},"searchOpenDialogs":true,"interaction":{"idSuffix":"CbBg"}},"wdio_ui5_key":"etmportal.ui.binstatusreport.view.MasterWareBinssap.m.CheckBox{\"propertyPath\":\"/ZONE\",\"modelName\":\"newBin\"}"}]}
RESULT: undefined
COMMAND: POST /session/848251078812a197579c886f13255d0c/element - {"using":"xpath","value":"//*[@id=\"__box68\"]"}
RESULT: {"using":"xpath","value":"//*[@id=\"__box68\"]"}
COMMAND: POST /session/848251078812a197579c886f13255d0c/element/f.E62CCC3EBD73CC3434E37D87B2A77947.d.7224E03097B27616F70F30FBDBC3CA41.e.3673/click - {}
RESULT: {}
COMMAND: GET /session/848251078812a197579c886f13255d0c/screenshot - {}
RESULT: {}
RESULT: undefined
COMMAND: POST /session/848251078812a197579c886f13255d0c/execute/async - {"script":"<script> [776 bytes]","args":[{"enterText":"1 - General / No capacity check","selector":{"id":"createOrganizationPop--binTypesCB","searchOpenDialogs":true,"interaction":{"idSuffix":"inner"}},"clearTextFirst":true,"interactionType":"ENTER_TEXT"}]}
RESULT: {"script":"<script> [776 bytes]","args":[{"enterText":"1 - General / No capacity check","selector":{"id":"createOrganizationPop--binTypesCB","searchOpenDialogs":true,"interaction":{"idSuffix":"inner"}},"clearTextFirst":true,"interactionType":"ENTER_TEXT"}]}
COMMAND: POST /session/848251078812a197579c886f13255d0c/execute/async - {"script":"<script> [1562 bytes]","args":[{"selector":{"id":"createOrganizationPop--capacityId","searchOpenDialogs":true,"interaction":{"idSuffix":"inner"}},"wdio_ui5_key":"createOrganizationPopcapacityId"}]}
RESULT: {"script":"<script> [1562 bytes]","args":[{"selector":{"id":"createOrganizationPop--capacityId","searchOpenDialogs":true,"interaction":{"idSuffix":"inner"}},"wdio_ui5_key":"createOrganizationPopcapacityId"}]}
RESULT: undefined
COMMAND: POST /session/848251078812a197579c886f13255d0c/actions - {"actions":[{"id":"action12","type":"key","parameters":{},"actions":[{"type":"keyDown","value":"î€‡"},{"type":"pause","duration":10},{"type":"keyUp","value":"î€‡"}]}]}
RESULT: {"actions":[{"id":"action12","type":"key","parameters":{},"actions":[{"type":"keyDown","value":"î€‡"},{"type":"pause","duration":10},{"type":"keyUp","value":"î€‡"}]}]}
COMMAND: GET /session/848251078812a197579c886f13255d0c/screenshot - {}
RESULT: {}
RESULT: undefined
COMMAND: POST /session/848251078812a197579c886f13255d0c/element - {"using":"xpath","value":"//*[@id=\"createOrganizationPop--finishBtn\"]"}
RESULT: {"using":"xpath","value":"//*[@id=\"createOrganizationPop--finishBtn\"]"}
COMMAND: POST /session/848251078812a197579c886f13255d0c/element/f.E62CCC3EBD73CC3434E37D87B2A77947.d.7224E03097B27616F70F30FBDBC3CA41.e.3687/click - {}
RESULT: {}
COMMAND: GET /session/848251078812a197579c886f13255d0c/screenshot - {}
RESULT: {}
COMMAND: POST /session/848251078812a197579c886f13255d0c/element - {"using":"css selector","value":"#shell-header-logo"}
RESULT: {"using":"css selector","value":"#shell-header-logo"}
COMMAND: POST /session/848251078812a197579c886f13255d0c/element/f.E62CCC3EBD73CC3434E37D87B2A77947.d.7224E03097B27616F70F30FBDBC3CA41.e.3531/click - {}
RESULT: {}
COMMAND: GET /session/848251078812a197579c886f13255d0c/screenshot - {}
RESULT: {}
]]></system-out>
    </testcase>
    <testcase classname="chrome.136_0_7103_93.windows.Stock_increase_-_with_WHM_US125587" name="Create a Warehouse Movement for created yard" time="51.962">
      <system-out><![CDATA[
COMMAND: POST /session/848251078812a197579c886f13255d0c/execute/async - {"script":"<script> [1562 bytes]","args":[{"selector":{"controlType":"sap.m.GenericTile","properties":{"header":"Manage Warehouse Movements"}},"wdio_ui5_key":"sapm.GenericTile{\"header\":\"Manage Warehouse Movements\"}"}]}
RESULT: {"script":"<script> [1562 bytes]","args":[{"selector":{"controlType":"sap.m.GenericTile","properties":{"header":"Manage Warehouse Movements"}},"wdio_ui5_key":"sapm.GenericTile{\"header\":\"Manage Warehouse Movements\"}"}]}
RESULT: undefined
COMMAND: POST /session/848251078812a197579c886f13255d0c/element - {"using":"xpath","value":"//*[@id=\"__tile105\"]"}
RESULT: {"using":"xpath","value":"//*[@id=\"__tile105\"]"}
COMMAND: POST /session/848251078812a197579c886f13255d0c/element/f.E62CCC3EBD73CC3434E37D87B2A77947.d.7224E03097B27616F70F30FBDBC3CA41.e.3698/click - {}
RESULT: {}
COMMAND: GET /session/848251078812a197579c886f13255d0c/screenshot - {}
RESULT: {}
COMMAND: POST /session/848251078812a197579c886f13255d0c/elements - {"using":"xpath","value":"//span[text()='Error']"}
RESULT: {"using":"xpath","value":"//span[text()='Error']"}
COMMAND: POST /session/848251078812a197579c886f13255d0c/element - {"using":"xpath","value":"//input[@id='application-warehousemovements-display-component---warehouseMovements--smartFilterBar-filterItemControl_BASIC-YARD-inner']"}
RESULT: {"using":"xpath","value":"//input[@id='application-warehousemovements-display-component---warehouseMovements--smartFilterBar-filterItemControl_BASIC-YARD-inner']"}
COMMAND: POST /session/848251078812a197579c886f13255d0c/elements - {"using":"xpath","value":"//input[@id='application-warehousemovements-display-component---warehouseMovements--smartFilterBar-filterItemControl_BASIC-YARD-inner']"}
RESULT: {"using":"xpath","value":"//input[@id='application-warehousemovements-display-component---warehouseMovements--smartFilterBar-filterItemControl_BASIC-YARD-inner']"}
COMMAND: POST /session/848251078812a197579c886f13255d0c/elements - {"using":"xpath","value":"//input[@id='application-warehousemovements-display-component---warehouseMovements--smartFilterBar-filterItemControl_BASIC-YARD-inner']"}
RESULT: {"using":"xpath","value":"//input[@id='application-warehousemovements-display-component---warehouseMovements--smartFilterBar-filterItemControl_BASIC-YARD-inner']"}
COMMAND: POST /session/848251078812a197579c886f13255d0c/element - {"using":"xpath","value":"//input[@id='application-warehousemovements-display-component---warehouseMovements--smartFilterBar-filterItemControl_BASIC-YARD-inner']"}
RESULT: {"using":"xpath","value":"//input[@id='application-warehousemovements-display-component---warehouseMovements--smartFilterBar-filterItemControl_BASIC-YARD-inner']"}
COMMAND: POST /session/848251078812a197579c886f13255d0c/execute/sync - {"script":"<script> [8489 bytes]","args":[{"element-6066-11e4-a52e-4f735466cecf":"f.E62CCC3EBD73CC3434E37D87B2A77947.d.7224E03097B27616F70F30FBDBC3CA41.e.3706","ELEMENT":"f.E62CCC3EBD73CC3434E37D87B2A77947.d.7224E03097B27616F70F30FBDBC3CA41.e.3706"}]}
RESULT: {"script":"<script> [8489 bytes]","args":[{"element-6066-11e4-a52e-4f735466cecf":"f.E62CCC3EBD73CC3434E37D87B2A77947.d.7224E03097B27616F70F30FBDBC3CA41.e.3706","ELEMENT":"f.E62CCC3EBD73CC3434E37D87B2A77947.d.7224E03097B27616F70F30FBDBC3CA41.e.3706"}]}
COMMAND: GET /session/848251078812a197579c886f13255d0c/element/f.E62CCC3EBD73CC3434E37D87B2A77947.d.7224E03097B27616F70F30FBDBC3CA41.e.3706/enabled - {}
COMMAND: GET /session/848251078812a197579c886f13255d0c/screenshot - {}
RESULT: {}
COMMAND: POST /session/848251078812a197579c886f13255d0c/execute/sync - {"script":"<script> [8489 bytes]","args":[{"element-6066-11e4-a52e-4f735466cecf":"f.E62CCC3EBD73CC3434E37D87B2A77947.d.7224E03097B27616F70F30FBDBC3CA41.e.3706","ELEMENT":"f.E62CCC3EBD73CC3434E37D87B2A77947.d.7224E03097B27616F70F30FBDBC3CA41.e.3706"}]}
COMMAND: GET /session/848251078812a197579c886f13255d0c/screenshot - {}
RESULT: {}
RESULT: {"script":"<script> [8489 bytes]","args":[{"element-6066-11e4-a52e-4f735466cecf":"f.E62CCC3EBD73CC3434E37D87B2A77947.d.7224E03097B27616F70F30FBDBC3CA41.e.3706","ELEMENT":"f.E62CCC3EBD73CC3434E37D87B2A77947.d.7224E03097B27616F70F30FBDBC3CA41.e.3706"}]}
COMMAND: POST /session/848251078812a197579c886f13255d0c/execute/sync - {"script":"<script> [5351 bytes]","args":[{"element-6066-11e4-a52e-4f735466cecf":"f.E62CCC3EBD73CC3434E37D87B2A77947.d.7224E03097B27616F70F30FBDBC3CA41.e.3706","ELEMENT":"f.E62CCC3EBD73CC3434E37D87B2A77947.d.7224E03097B27616F70F30FBDBC3CA41.e.3706"}]}
COMMAND: GET /session/848251078812a197579c886f13255d0c/screenshot - {}
RESULT: {}
RESULT: {"script":"<script> [5351 bytes]","args":[{"element-6066-11e4-a52e-4f735466cecf":"f.E62CCC3EBD73CC3434E37D87B2A77947.d.7224E03097B27616F70F30FBDBC3CA41.e.3706","ELEMENT":"f.E62CCC3EBD73CC3434E37D87B2A77947.d.7224E03097B27616F70F30FBDBC3CA41.e.3706"}]}
COMMAND: GET /session/848251078812a197579c886f13255d0c/screenshot - {}
RESULT: {}
RESULT: {}
COMMAND: POST /session/848251078812a197579c886f13255d0c/element/f.E62CCC3EBD73CC3434E37D87B2A77947.d.7224E03097B27616F70F30FBDBC3CA41.e.3706/clear - {}
RESULT: {}
COMMAND: POST /session/848251078812a197579c886f13255d0c/element/f.E62CCC3EBD73CC3434E37D87B2A77947.d.7224E03097B27616F70F30FBDBC3CA41.e.3706/value - {"text":"639"}
COMMAND: GET /session/848251078812a197579c886f13255d0c/screenshot - {}
RESULT: {"text":"639"}
COMMAND: POST /session/848251078812a197579c886f13255d0c/actions - {"actions":[{"id":"action13","type":"key","parameters":{},"actions":[{"type":"keyDown","value":"î€‡"},{"type":"pause","duration":10},{"type":"keyUp","value":"î€‡"}]}]}
COMMAND: GET /session/848251078812a197579c886f13255d0c/screenshot - {}
RESULT: {}
RESULT: {"actions":[{"id":"action13","type":"key","parameters":{},"actions":[{"type":"keyDown","value":"î€‡"},{"type":"pause","duration":10},{"type":"keyUp","value":"î€‡"}]}]}
COMMAND: GET /session/848251078812a197579c886f13255d0c/screenshot - {}
RESULT: {}
RESULT: {}
COMMAND: POST /session/848251078812a197579c886f13255d0c/element - {"using":"xpath","value":"//button[contains(@data-kt, \"MasterMovementAddOverflowToolbarButton\")]"}
RESULT: {"using":"xpath","value":"//button[contains(@data-kt, \"MasterMovementAddOverflowToolbarButton\")]"}
COMMAND: POST /session/848251078812a197579c886f13255d0c/element/f.E62CCC3EBD73CC3434E37D87B2A77947.d.7224E03097B27616F70F30FBDBC3CA41.e.3744/click - {}
RESULT: {}
COMMAND: GET /session/848251078812a197579c886f13255d0c/screenshot - {}
RESULT: {}
COMMAND: POST /session/848251078812a197579c886f13255d0c/element - {"using":"xpath","value":"//*[@id=\"application-warehousemovements-display-component---addMovement--sectionsList-arrow\"]"}
RESULT: {"using":"xpath","value":"//*[@id=\"application-warehousemovements-display-component---addMovement--sectionsList-arrow\"]"}
COMMAND: POST /session/848251078812a197579c886f13255d0c/element/f.E62CCC3EBD73CC3434E37D87B2A77947.d.7224E03097B27616F70F30FBDBC3CA41.e.3890/click - {}
RESULT: {}
COMMAND: POST /session/848251078812a197579c886f13255d0c/actions - {"actions":[{"id":"action14","type":"key","parameters":{},"actions":[{"type":"keyDown","value":"î€•"},{"type":"pause","duration":10},{"type":"keyUp","value":"î€•"}]}]}
COMMAND: GET /session/848251078812a197579c886f13255d0c/screenshot - {}
RESULT: {"actions":[{"id":"action14","type":"key","parameters":{},"actions":[{"type":"keyDown","value":"î€•"},{"type":"pause","duration":10},{"type":"keyUp","value":"î€•"}]}]}
COMMAND: GET /session/848251078812a197579c886f13255d0c/screenshot - {}
RESULT: {}
RESULT: {}
COMMAND: POST /session/848251078812a197579c886f13255d0c/actions - {"actions":[{"id":"action15","type":"key","parameters":{},"actions":[{"type":"keyDown","value":"î€‡"},{"type":"pause","duration":10},{"type":"keyUp","value":"î€‡"}]}]}
RESULT: {"actions":[{"id":"action15","type":"key","parameters":{},"actions":[{"type":"keyDown","value":"î€‡"},{"type":"pause","duration":10},{"type":"keyUp","value":"î€‡"}]}]}
COMMAND: GET /session/848251078812a197579c886f13255d0c/screenshot - {}
RESULT: {}
COMMAND: POST /session/848251078812a197579c886f13255d0c/element - {"using":"xpath","value":"//*[@id=\"application-warehousemovements-display-component---addMovement--saveMovementBtn-BDI-content\" and text()=\"Save\"]"}
RESULT: {"using":"xpath","value":"//*[@id=\"application-warehousemovements-display-component---addMovement--saveMovementBtn-BDI-content\" and text()=\"Save\"]"}
COMMAND: POST /session/848251078812a197579c886f13255d0c/element/f.E62CCC3EBD73CC3434E37D87B2A77947.d.7224E03097B27616F70F30FBDBC3CA41.e.3891/click - {}
RESULT: {}
COMMAND: GET /session/848251078812a197579c886f13255d0c/screenshot - {}
RESULT: {}
COMMAND: POST /session/848251078812a197579c886f13255d0c/element - {"using":"css selector","value":"#shell-header-logo"}
RESULT: {"using":"css selector","value":"#shell-header-logo"}
COMMAND: POST /session/848251078812a197579c886f13255d0c/element/f.E62CCC3EBD73CC3434E37D87B2A77947.d.7224E03097B27616F70F30FBDBC3CA41.e.3700/click - {}
RESULT: {}
COMMAND: GET /session/848251078812a197579c886f13255d0c/screenshot - {}
RESULT: {}
]]></system-out>
    </testcase>
  </testsuite>
  <testsuite timestamp="2025-06-04T06:07:48" time="156.396" tests="6" failures="0" errors="0" skipped="0">
    <properties>
      <property name="specId" value="0" />
      <property name="suiteName" value="Provide to Site w/ warehouse management w/ clarification US115878" />
      <property name="capabilities" value="chrome.136_0_7103_93.windows" />
      <property name="file" value="file:///D:/a/1/s/test/specs/HTR/provide-to-site-w-warehouse-w-clarification.spec.js" />
    </properties>
    <testcase classname="chrome.136_0_7103_93.windows.Provide_to_Site_w/_warehouse_management_w/_clarification_US115878" name="Should create a new WHM yard" time="0.018">
      <system-out><![CDATA[
COMMAND: POST /session/848251078812a197579c886f13255d0c/window/fullscreen - {}
RESULT: {}
]]></system-out>
    </testcase>
    <testcase classname="chrome.136_0_7103_93.windows.Provide_to_Site_w/_warehouse_management_w/_clarification_US115878" name="Should create a new external WHM partner" time="0.005" />
    <testcase classname="chrome.136_0_7103_93.windows.Provide_to_Site_w/_warehouse_management_w/_clarification_US115878" name="Should create a new WHM site" time="0.004" />
    <testcase classname="chrome.136_0_7103_93.windows.Provide_to_Site_w/_warehouse_management_w/_clarification_US115878" name="Should create a new material" time="136.94">
      <system-out><![CDATA[
COMMAND: POST /session/848251078812a197579c886f13255d0c/execute/async - {"script":"<script> [1562 bytes]","args":[{"selector":{"controlType":"sap.m.GenericTile","properties":{"header":"Manage Resources"}},"wdio_ui5_key":"sapm.GenericTile{\"header\":\"Manage Resources\"}"}]}
RESULT: {"script":"<script> [1562 bytes]","args":[{"selector":{"controlType":"sap.m.GenericTile","properties":{"header":"Manage Resources"}},"wdio_ui5_key":"sapm.GenericTile{\"header\":\"Manage Resources\"}"}]}
RESULT: undefined
COMMAND: POST /session/848251078812a197579c886f13255d0c/element - {"using":"xpath","value":"//*[@id=\"__tile31\"]"}
RESULT: {"using":"xpath","value":"//*[@id=\"__tile31\"]"}
COMMAND: POST /session/848251078812a197579c886f13255d0c/element/f.E62CCC3EBD73CC3434E37D87B2A77947.d.E652FE0090DE86B49066CA0E3D2F1F0D.e.4399/click - {}
RESULT: {}
COMMAND: GET /session/848251078812a197579c886f13255d0c/screenshot - {}
RESULT: {}
COMMAND: POST /session/848251078812a197579c886f13255d0c/elements - {"using":"xpath","value":"//span[text()='Error']"}
RESULT: {"using":"xpath","value":"//span[text()='Error']"}
COMMAND: POST /session/848251078812a197579c886f13255d0c/element - {"using":"xpath","value":"//button[@data-kt=\"addNewRUOverflowToolbarButton\"]"}
RESULT: {"using":"xpath","value":"//button[@data-kt=\"addNewRUOverflowToolbarButton\"]"}
COMMAND: POST /session/848251078812a197579c886f13255d0c/elements - {"using":"xpath","value":"//button[@data-kt=\"addNewRUOverflowToolbarButton\"]"}
RESULT: {"using":"xpath","value":"//button[@data-kt=\"addNewRUOverflowToolbarButton\"]"}
COMMAND: POST /session/848251078812a197579c886f13255d0c/element - {"using":"xpath","value":"//button[@data-kt=\"addNewRUOverflowToolbarButton\"]"}
RESULT: {"using":"xpath","value":"//button[@data-kt=\"addNewRUOverflowToolbarButton\"]"}
COMMAND: POST /session/848251078812a197579c886f13255d0c/execute/sync - {"script":"<script> [8489 bytes]","args":[{"element-6066-11e4-a52e-4f735466cecf":"f.E62CCC3EBD73CC3434E37D87B2A77947.d.E652FE0090DE86B49066CA0E3D2F1F0D.e.4538","ELEMENT":"f.E62CCC3EBD73CC3434E37D87B2A77947.d.E652FE0090DE86B49066CA0E3D2F1F0D.e.4538"}]}
RESULT: {"script":"<script> [8489 bytes]","args":[{"element-6066-11e4-a52e-4f735466cecf":"f.E62CCC3EBD73CC3434E37D87B2A77947.d.E652FE0090DE86B49066CA0E3D2F1F0D.e.4538","ELEMENT":"f.E62CCC3EBD73CC3434E37D87B2A77947.d.E652FE0090DE86B49066CA0E3D2F1F0D.e.4538"}]}
COMMAND: GET /session/848251078812a197579c886f13255d0c/element/f.E62CCC3EBD73CC3434E37D87B2A77947.d.E652FE0090DE86B49066CA0E3D2F1F0D.e.4538/enabled - {}
COMMAND: GET /session/848251078812a197579c886f13255d0c/screenshot - {}
RESULT: {}
COMMAND: POST /session/848251078812a197579c886f13255d0c/execute/sync - {"script":"<script> [8489 bytes]","args":[{"element-6066-11e4-a52e-4f735466cecf":"f.E62CCC3EBD73CC3434E37D87B2A77947.d.E652FE0090DE86B49066CA0E3D2F1F0D.e.4538","ELEMENT":"f.E62CCC3EBD73CC3434E37D87B2A77947.d.E652FE0090DE86B49066CA0E3D2F1F0D.e.4538"}]}
COMMAND: GET /session/848251078812a197579c886f13255d0c/screenshot - {}
RESULT: {}
RESULT: {"script":"<script> [8489 bytes]","args":[{"element-6066-11e4-a52e-4f735466cecf":"f.E62CCC3EBD73CC3434E37D87B2A77947.d.E652FE0090DE86B49066CA0E3D2F1F0D.e.4538","ELEMENT":"f.E62CCC3EBD73CC3434E37D87B2A77947.d.E652FE0090DE86B49066CA0E3D2F1F0D.e.4538"}]}
COMMAND: POST /session/848251078812a197579c886f13255d0c/execute/sync - {"script":"<script> [5351 bytes]","args":[{"element-6066-11e4-a52e-4f735466cecf":"f.E62CCC3EBD73CC3434E37D87B2A77947.d.E652FE0090DE86B49066CA0E3D2F1F0D.e.4538","ELEMENT":"f.E62CCC3EBD73CC3434E37D87B2A77947.d.E652FE0090DE86B49066CA0E3D2F1F0D.e.4538"}]}
COMMAND: GET /session/848251078812a197579c886f13255d0c/screenshot - {}
RESULT: {}
RESULT: {"script":"<script> [5351 bytes]","args":[{"element-6066-11e4-a52e-4f735466cecf":"f.E62CCC3EBD73CC3434E37D87B2A77947.d.E652FE0090DE86B49066CA0E3D2F1F0D.e.4538","ELEMENT":"f.E62CCC3EBD73CC3434E37D87B2A77947.d.E652FE0090DE86B49066CA0E3D2F1F0D.e.4538"}]}
COMMAND: POST /session/848251078812a197579c886f13255d0c/element/f.E62CCC3EBD73CC3434E37D87B2A77947.d.E652FE0090DE86B49066CA0E3D2F1F0D.e.4538/click - {}
COMMAND: GET /session/848251078812a197579c886f13255d0c/screenshot - {}
RESULT: {}
RESULT: {}
COMMAND: GET /session/848251078812a197579c886f13255d0c/screenshot - {}
COMMAND: POST /session/848251078812a197579c886f13255d0c/execute/async - {"script":"<script> [1562 bytes]","args":[{"selector":{"id":"application-manageresources-display-component---newResourceUnit--TYPE-arrow"},"wdio_ui5_key":"applicationmanageresources-display-component---newResourceUnit--TYPE-arrow"}]}
RESULT: {}
RESULT: {}
RESULT: {"script":"<script> [1562 bytes]","args":[{"selector":{"id":"application-manageresources-display-component---newResourceUnit--TYPE-arrow"},"wdio_ui5_key":"applicationmanageresources-display-component---newResourceUnit--TYPE-arrow"}]}
RESULT: undefined
COMMAND: POST /session/848251078812a197579c886f13255d0c/element - {"using":"xpath","value":"//*[@id=\"application-manageresources-display-component---newResourceUnit--TYPE-arrow\"]"}
RESULT: {"using":"xpath","value":"//*[@id=\"application-manageresources-display-component---newResourceUnit--TYPE-arrow\"]"}
COMMAND: POST /session/848251078812a197579c886f13255d0c/element/f.E62CCC3EBD73CC3434E37D87B2A77947.d.E652FE0090DE86B49066CA0E3D2F1F0D.e.4892/click - {}
RESULT: {}
COMMAND: POST /session/848251078812a197579c886f13255d0c/element - {"using":"xpath","value":"//input[@id=\"application-manageresources-display-component---newResourceUnit--TYPE-inner\"]"}
COMMAND: GET /session/848251078812a197579c886f13255d0c/screenshot - {}
RESULT: {"using":"xpath","value":"//input[@id=\"application-manageresources-display-component---newResourceUnit--TYPE-inner\"]"}
COMMAND: POST /session/848251078812a197579c886f13255d0c/element/f.E62CCC3EBD73CC3434E37D87B2A77947.d.E652FE0090DE86B49066CA0E3D2F1F0D.e.4880/clear - {}
RESULT: {}
RESULT: {}
COMMAND: POST /session/848251078812a197579c886f13255d0c/element/f.E62CCC3EBD73CC3434E37D87B2A77947.d.E652FE0090DE86B49066CA0E3D2F1F0D.e.4880/value - {"text":"Material"}
COMMAND: GET /session/848251078812a197579c886f13255d0c/screenshot - {}
RESULT: {"text":"Material"}
COMMAND: GET /session/848251078812a197579c886f13255d0c/screenshot - {}
RESULT: {}
RESULT: {}
COMMAND: POST /session/848251078812a197579c886f13255d0c/actions - {"actions":[{"id":"action16","type":"key","parameters":{},"actions":[{"type":"keyDown","value":"î€‡"},{"type":"pause","duration":10},{"type":"keyUp","value":"î€‡"}]}]}
RESULT: {"actions":[{"id":"action16","type":"key","parameters":{},"actions":[{"type":"keyDown","value":"î€‡"},{"type":"pause","duration":10},{"type":"keyUp","value":"î€‡"}]}]}
COMMAND: POST /session/848251078812a197579c886f13255d0c/execute/async - {"script":"<script> [1562 bytes]","args":[{"selector":{"id":"application-manageresources-display-component---newResourceUnit--SHORT_TEXT","interaction":{"idSuffix":"inner"}},"wdio_ui5_key":"applicationmanageresources-display-component---newResourceUnit--SHORT_TEXT"}]}
COMMAND: GET /session/848251078812a197579c886f13255d0c/screenshot - {}
RESULT: {"script":"<script> [1562 bytes]","args":[{"selector":{"id":"application-manageresources-display-component---newResourceUnit--SHORT_TEXT","interaction":{"idSuffix":"inner"}},"wdio_ui5_key":"applicationmanageresources-display-component---newResourceUnit--SHORT_TEXT"}]}
RESULT: undefined
COMMAND: POST /session/848251078812a197579c886f13255d0c/execute/async - {"script":"<script> [776 bytes]","args":[{"enterText":"Cement WDIO","selector":{"id":"application-manageresources-display-component---newResourceUnit--SHORT_TEXT","interaction":{"idSuffix":"inner"}},"clearTextFirst":true,"interactionType":"ENTER_TEXT"}]}
RESULT: {}
RESULT: {"script":"<script> [776 bytes]","args":[{"enterText":"Cement WDIO","selector":{"id":"application-manageresources-display-component---newResourceUnit--SHORT_TEXT","interaction":{"idSuffix":"inner"}},"clearTextFirst":true,"interactionType":"ENTER_TEXT"}]}
COMMAND: POST /session/848251078812a197579c886f13255d0c/execute/async - {"script":"<script> [1562 bytes]","args":[{"selector":{"id":"application-manageresources-display-component---newResourceUnit--BASE_UNIT_OF_MEASURE","interaction":{"idSuffix":"inner"}},"wdio_ui5_key":"applicationmanageresources-display-component---newResourceUnit--BASE_UNIT_OF_MEASURE"}]}
RESULT: {"script":"<script> [1562 bytes]","args":[{"selector":{"id":"application-manageresources-display-component---newResourceUnit--BASE_UNIT_OF_MEASURE","interaction":{"idSuffix":"inner"}},"wdio_ui5_key":"applicationmanageresources-display-component---newResourceUnit--BASE_UNIT_OF_MEASURE"}]}
RESULT: undefined
COMMAND: POST /session/848251078812a197579c886f13255d0c/execute/async - {"script":"<script> [776 bytes]","args":[{"enterText":"Piece","selector":{"id":"application-manageresources-display-component---newResourceUnit--BASE_UNIT_OF_MEASURE","interaction":{"idSuffix":"inner"}},"clearTextFirst":true,"interactionType":"ENTER_TEXT"}]}
RESULT: {"script":"<script> [776 bytes]","args":[{"enterText":"Piece","selector":{"id":"application-manageresources-display-component---newResourceUnit--BASE_UNIT_OF_MEASURE","interaction":{"idSuffix":"inner"}},"clearTextFirst":true,"interactionType":"ENTER_TEXT"}]}
COMMAND: POST /session/848251078812a197579c886f13255d0c/execute/async - {"script":"<script> [1562 bytes]","args":[{"selector":{"id":"application-manageresources-display-component---newResourceUnit--WEIGHT_UNIT","interaction":{"idSuffix":"inner"}},"wdio_ui5_key":"applicationmanageresources-display-component---newResourceUnit--WEIGHT_UNIT"}]}
RESULT: {"script":"<script> [1562 bytes]","args":[{"selector":{"id":"application-manageresources-display-component---newResourceUnit--WEIGHT_UNIT","interaction":{"idSuffix":"inner"}},"wdio_ui5_key":"applicationmanageresources-display-component---newResourceUnit--WEIGHT_UNIT"}]}
RESULT: undefined
COMMAND: POST /session/848251078812a197579c886f13255d0c/execute/async - {"script":"<script> [776 bytes]","args":[{"enterText":"Gram","selector":{"id":"application-manageresources-display-component---newResourceUnit--WEIGHT_UNIT","interaction":{"idSuffix":"inner"}},"clearTextFirst":true,"interactionType":"ENTER_TEXT"}]}
RESULT: {"script":"<script> [776 bytes]","args":[{"enterText":"Gram","selector":{"id":"application-manageresources-display-component---newResourceUnit--WEIGHT_UNIT","interaction":{"idSuffix":"inner"}},"clearTextFirst":true,"interactionType":"ENTER_TEXT"}]}
COMMAND: POST /session/848251078812a197579c886f13255d0c/execute/async - {"script":"<script> [1562 bytes]","args":[{"selector":{"id":"application-manageresources-display-component---newResourceUnit--DIMENSION_UNIT","interaction":{"idSuffix":"inner"}},"wdio_ui5_key":"applicationmanageresources-display-component---newResourceUnit--DIMENSION_UNIT"}]}
RESULT: {"script":"<script> [1562 bytes]","args":[{"selector":{"id":"application-manageresources-display-component---newResourceUnit--DIMENSION_UNIT","interaction":{"idSuffix":"inner"}},"wdio_ui5_key":"applicationmanageresources-display-component---newResourceUnit--DIMENSION_UNIT"}]}
RESULT: undefined
COMMAND: POST /session/848251078812a197579c886f13255d0c/execute/async - {"script":"<script> [776 bytes]","args":[{"enterText":"Meter","selector":{"id":"application-manageresources-display-component---newResourceUnit--DIMENSION_UNIT","interaction":{"idSuffix":"inner"}},"clearTextFirst":true,"interactionType":"ENTER_TEXT"}]}
RESULT: {"script":"<script> [776 bytes]","args":[{"enterText":"Meter","selector":{"id":"application-manageresources-display-component---newResourceUnit--DIMENSION_UNIT","interaction":{"idSuffix":"inner"}},"clearTextFirst":true,"interactionType":"ENTER_TEXT"}]}
COMMAND: POST /session/848251078812a197579c886f13255d0c/execute/async - {"script":"<script> [1562 bytes]","args":[{"selector":{"id":"application-manageresources-display-component---newResourceUnit--newRRUPage-anchBar-application-manageresources-display-component---newResourceUnit--control-anchor","interaction":{"idSuffix":"BDI-content"}},"wdio_ui5_key":"applicationmanageresources-display-component---newResourceUnit--newRRUPage-anchBar-application-manageresources-display-component---newResourceUnit--control-anchor"}]}
RESULT: {"script":"<script> [1562 bytes]","args":[{"selector":{"id":"application-manageresources-display-component---newResourceUnit--newRRUPage-anchBar-application-manageresources-display-component---newResourceUnit--control-anchor","interaction":{"idSuffix":"BDI-content"}},"wdio_ui5_key":"applicationmanageresources-display-component---newResourceUnit--newRRUPage-anchBar-application-manageresources-display-component---newResourceUnit--control-anchor"}]}
RESULT: undefined
COMMAND: POST /session/848251078812a197579c886f13255d0c/element - {"using":"xpath","value":"//*[@id=\"application-manageresources-display-component---newResourceUnit--newRRUPage-anchBar-application-manageresources-display-component---newResourceUnit--control-anchor\"]"}
RESULT: {"using":"xpath","value":"//*[@id=\"application-manageresources-display-component---newResourceUnit--newRRUPage-anchBar-application-manageresources-display-component---newResourceUnit--control-anchor\"]"}
COMMAND: POST /session/848251078812a197579c886f13255d0c/element/f.E62CCC3EBD73CC3434E37D87B2A77947.d.E652FE0090DE86B49066CA0E3D2F1F0D.e.5024/click - {}
RESULT: {}
COMMAND: POST /session/848251078812a197579c886f13255d0c/execute/async - {"script":"<script> [1562 bytes]","args":[{"selector":{"id":"application-manageresources-display-component---newResourceUnit--PLANNING_GROUP","interaction":{"idSuffix":"inner"}},"wdio_ui5_key":"applicationmanageresources-display-component---newResourceUnit--PLANNING_GROUP"}]}
COMMAND: GET /session/848251078812a197579c886f13255d0c/screenshot - {}
RESULT: {"script":"<script> [1562 bytes]","args":[{"selector":{"id":"application-manageresources-display-component---newResourceUnit--PLANNING_GROUP","interaction":{"idSuffix":"inner"}},"wdio_ui5_key":"applicationmanageresources-display-component---newResourceUnit--PLANNING_GROUP"}]}
RESULT: undefined
COMMAND: POST /session/848251078812a197579c886f13255d0c/execute/async - {"script":"<script> [776 bytes]","args":[{"enterText":"Material","selector":{"id":"application-manageresources-display-component---newResourceUnit--PLANNING_GROUP","interaction":{"idSuffix":"inner"}},"clearTextFirst":true,"interactionType":"ENTER_TEXT"}]}
RESULT: {}
RESULT: {"script":"<script> [776 bytes]","args":[{"enterText":"Material","selector":{"id":"application-manageresources-display-component---newResourceUnit--PLANNING_GROUP","interaction":{"idSuffix":"inner"}},"clearTextFirst":true,"interactionType":"ENTER_TEXT"}]}
COMMAND: POST /session/848251078812a197579c886f13255d0c/execute/async - {"script":"<script> [1562 bytes]","args":[{"selector":{"id":"application-manageresources-display-component---newResourceUnit--PLANNING_INDICATOR","interaction":{"idSuffix":"inner"}},"wdio_ui5_key":"applicationmanageresources-display-component---newResourceUnit--PLANNING_INDICATOR"}]}
RESULT: {"script":"<script> [1562 bytes]","args":[{"selector":{"id":"application-manageresources-display-component---newResourceUnit--PLANNING_INDICATOR","interaction":{"idSuffix":"inner"}},"wdio_ui5_key":"applicationmanageresources-display-component---newResourceUnit--PLANNING_INDICATOR"}]}
RESULT: undefined
COMMAND: POST /session/848251078812a197579c886f13255d0c/execute/async - {"script":"<script> [776 bytes]","args":[{"enterText":"10 - infinite","selector":{"id":"application-manageresources-display-component---newResourceUnit--PLANNING_INDICATOR","interaction":{"idSuffix":"inner"}},"clearTextFirst":true,"interactionType":"ENTER_TEXT"}]}
RESULT: {"script":"<script> [776 bytes]","args":[{"enterText":"10 - infinite","selector":{"id":"application-manageresources-display-component---newResourceUnit--PLANNING_INDICATOR","interaction":{"idSuffix":"inner"}},"clearTextFirst":true,"interactionType":"ENTER_TEXT"}]}
COMMAND: POST /session/848251078812a197579c886f13255d0c/element - {"using":"css selector","value":"#application-manageresources-display-component---newResourceUnit--btnAddTimeSegment"}
RESULT: {"using":"css selector","value":"#application-manageresources-display-component---newResourceUnit--btnAddTimeSegment"}
COMMAND: GET /session/848251078812a197579c886f13255d0c/element/f.E62CCC3EBD73CC3434E37D87B2A77947.d.E652FE0090DE86B49066CA0E3D2F1F0D.e.5034/rect - {}
RESULT: {}
COMMAND: GET /session/848251078812a197579c886f13255d0c/window/rect - {}
RESULT: {}
COMMAND: POST /session/848251078812a197579c886f13255d0c/execute/sync - {"script":"<script> [92 bytes]","args":[]}
RESULT: {"script":"<script> [92 bytes]","args":[]}
COMMAND: POST /session/848251078812a197579c886f13255d0c/actions - {"actions":[{"id":"action17","type":"wheel","parameters":{},"actions":[{"type":"scroll","x":-1888,"y":-32,"deltaX":0,"deltaY":0,"duration":0,"origin":{"element-6066-11e4-a52e-4f735466cecf":"f.E62CCC3EBD73CC3434E37D87B2A77947.d.E652FE0090DE86B49066CA0E3D2F1F0D.e.5034"}}]}]}
COMMAND: GET /session/848251078812a197579c886f13255d0c/screenshot - {}
RESULT: {}
COMMAND: POST /session/848251078812a197579c886f13255d0c/execute/sync - {"script":"<script> [79 bytes]","args":[{"element-6066-11e4-a52e-4f735466cecf":"f.E62CCC3EBD73CC3434E37D87B2A77947.d.E652FE0090DE86B49066CA0E3D2F1F0D.e.5034","ELEMENT":"f.E62CCC3EBD73CC3434E37D87B2A77947.d.E652FE0090DE86B49066CA0E3D2F1F0D.e.5034"},{"block":"start","inline":"nearest"}]}
RESULT: {"script":"<script> [79 bytes]","args":[{"element-6066-11e4-a52e-4f735466cecf":"f.E62CCC3EBD73CC3434E37D87B2A77947.d.E652FE0090DE86B49066CA0E3D2F1F0D.e.5034","ELEMENT":"f.E62CCC3EBD73CC3434E37D87B2A77947.d.E652FE0090DE86B49066CA0E3D2F1F0D.e.5034"},{"block":"start","inline":"nearest"}]}
COMMAND: POST /session/848251078812a197579c886f13255d0c/execute/async - {"script":"<script> [1562 bytes]","args":[{"selector":{"id":"application-manageresources-display-component---newResourceUnit--btnAddTimeSegment","interaction":{"idSuffix":"inner"}},"wdio_ui5_key":"applicationmanageresources-display-component---newResourceUnit--btnAddTimeSegment"}]}
COMMAND: GET /session/848251078812a197579c886f13255d0c/screenshot - {}
RESULT: {"script":"<script> [1562 bytes]","args":[{"selector":{"id":"application-manageresources-display-component---newResourceUnit--btnAddTimeSegment","interaction":{"idSuffix":"inner"}},"wdio_ui5_key":"applicationmanageresources-display-component---newResourceUnit--btnAddTimeSegment"}]}
RESULT: undefined
COMMAND: POST /session/848251078812a197579c886f13255d0c/element - {"using":"xpath","value":"//*[@id=\"application-manageresources-display-component---newResourceUnit--btnAddTimeSegment\"]"}
RESULT: {}
RESULT: {"using":"xpath","value":"//*[@id=\"application-manageresources-display-component---newResourceUnit--btnAddTimeSegment\"]"}
COMMAND: POST /session/848251078812a197579c886f13255d0c/element/f.E62CCC3EBD73CC3434E37D87B2A77947.d.E652FE0090DE86B49066CA0E3D2F1F0D.e.5034/click - {}
RESULT: {}
COMMAND: GET /session/848251078812a197579c886f13255d0c/screenshot - {}
RESULT: {}
COMMAND: POST /session/848251078812a197579c886f13255d0c/element - {"using":"xpath","value":"//input[@id=\"application-manageresources-display-component---newResourceUnit--idRuTSAdmin-application-manageresources-display-component---newResourceUnit--RUTimeSegment-0-inner\"]"}
RESULT: {"using":"xpath","value":"//input[@id=\"application-manageresources-display-component---newResourceUnit--idRuTSAdmin-application-manageresources-display-component---newResourceUnit--RUTimeSegment-0-inner\"]"}
COMMAND: POST /session/848251078812a197579c886f13255d0c/element/f.E62CCC3EBD73CC3434E37D87B2A77947.d.E652FE0090DE86B49066CA0E3D2F1F0D.e.5039/clear - {}
RESULT: {}
COMMAND: POST /session/848251078812a197579c886f13255d0c/element/f.E62CCC3EBD73CC3434E37D87B2A77947.d.E652FE0090DE86B49066CA0E3D2F1F0D.e.5039/value - {"text":"639"}
COMMAND: GET /session/848251078812a197579c886f13255d0c/screenshot - {}
RESULT: {"text":"639"}
COMMAND: GET /session/848251078812a197579c886f13255d0c/screenshot - {}
RESULT: {}
RESULT: {}
COMMAND: POST /session/848251078812a197579c886f13255d0c/element - {"using":"xpath","value":"//li[.//span[text()='639']]"}
RESULT: {"using":"xpath","value":"//li[.//span[text()='639']]"}
COMMAND: POST /session/848251078812a197579c886f13255d0c/element/f.E62CCC3EBD73CC3434E37D87B2A77947.d.E652FE0090DE86B49066CA0E3D2F1F0D.e.5049/click - {}
RESULT: {}
COMMAND: GET /session/848251078812a197579c886f13255d0c/screenshot - {}
RESULT: {}
COMMAND: POST /session/848251078812a197579c886f13255d0c/element - {"using":"xpath","value":"(//span[contains(@id, \"-application-manageresources-display-component---newResourceUnit--RUTimeSegment-0-arrow\")])[2]"}
RESULT: {"using":"xpath","value":"(//span[contains(@id, \"-application-manageresources-display-component---newResourceUnit--RUTimeSegment-0-arrow\")])[2]"}
COMMAND: POST /session/848251078812a197579c886f13255d0c/element/f.E62CCC3EBD73CC3434E37D87B2A77947.d.E652FE0090DE86B49066CA0E3D2F1F0D.e.5050/click - {}
RESULT: {}
COMMAND: POST /session/848251078812a197579c886f13255d0c/element - {"using":"xpath","value":"//span[contains(text(), \"PM Order\")]"}
COMMAND: GET /session/848251078812a197579c886f13255d0c/screenshot - {}
RESULT: {"using":"xpath","value":"//span[contains(text(), \"PM Order\")]"}
COMMAND: POST /session/848251078812a197579c886f13255d0c/element/f.E62CCC3EBD73CC3434E37D87B2A77947.d.E652FE0090DE86B49066CA0E3D2F1F0D.e.5051/click - {}
RESULT: {}
RESULT: {}
COMMAND: GET /session/848251078812a197579c886f13255d0c/screenshot - {}
RESULT: {}
COMMAND: POST /session/848251078812a197579c886f13255d0c/element - {"using":"xpath","value":"//td/div/div/div/span[contains(@id, \"newResourceUnit--RUTimeSegment-0-vhi\")][1]"}
RESULT: {"using":"xpath","value":"//td/div/div/div/span[contains(@id, \"newResourceUnit--RUTimeSegment-0-vhi\")][1]"}
COMMAND: GET /session/848251078812a197579c886f13255d0c/element/f.E62CCC3EBD73CC3434E37D87B2A77947.d.E652FE0090DE86B49066CA0E3D2F1F0D.e.5055/rect - {}
RESULT: {}
COMMAND: GET /session/848251078812a197579c886f13255d0c/window/rect - {}
RESULT: {}
COMMAND: POST /session/848251078812a197579c886f13255d0c/execute/sync - {"script":"<script> [92 bytes]","args":[]}
RESULT: {"script":"<script> [92 bytes]","args":[]}
COMMAND: POST /session/848251078812a197579c886f13255d0c/actions - {"actions":[{"id":"action18","type":"wheel","parameters":{},"actions":[{"type":"scroll","x":-1888,"y":-24,"deltaX":0,"deltaY":0,"duration":0,"origin":{"element-6066-11e4-a52e-4f735466cecf":"f.E62CCC3EBD73CC3434E37D87B2A77947.d.E652FE0090DE86B49066CA0E3D2F1F0D.e.5055"}}]}]}
COMMAND: GET /session/848251078812a197579c886f13255d0c/screenshot - {}
RESULT: {}
COMMAND: POST /session/848251078812a197579c886f13255d0c/execute/sync - {"script":"<script> [79 bytes]","args":[{"element-6066-11e4-a52e-4f735466cecf":"f.E62CCC3EBD73CC3434E37D87B2A77947.d.E652FE0090DE86B49066CA0E3D2F1F0D.e.5055","ELEMENT":"f.E62CCC3EBD73CC3434E37D87B2A77947.d.E652FE0090DE86B49066CA0E3D2F1F0D.e.5055"},{"block":"start","inline":"nearest"}]}
RESULT: {"script":"<script> [79 bytes]","args":[{"element-6066-11e4-a52e-4f735466cecf":"f.E62CCC3EBD73CC3434E37D87B2A77947.d.E652FE0090DE86B49066CA0E3D2F1F0D.e.5055","ELEMENT":"f.E62CCC3EBD73CC3434E37D87B2A77947.d.E652FE0090DE86B49066CA0E3D2F1F0D.e.5055"},{"block":"start","inline":"nearest"}]}
COMMAND: GET /session/848251078812a197579c886f13255d0c/screenshot - {}
RESULT: {}
COMMAND: POST /session/848251078812a197579c886f13255d0c/element/f.E62CCC3EBD73CC3434E37D87B2A77947.d.E652FE0090DE86B49066CA0E3D2F1F0D.e.5055/click - {}
RESULT: {}
COMMAND: GET /session/848251078812a197579c886f13255d0c/screenshot - {}
RESULT: {}
COMMAND: POST /session/848251078812a197579c886f13255d0c/execute/async - {"script":"<script> [1562 bytes]","args":[{"selector":{"controlType":"sap.m.SearchField","properties":{"placeholder":"Search"},"searchOpenDialogs":true,"interaction":{"idSuffix":"I"}},"wdio_ui5_key":"sapm.SearchField{\"placeholder\":\"Search\"}"}]}
RESULT: {"script":"<script> [1562 bytes]","args":[{"selector":{"controlType":"sap.m.SearchField","properties":{"placeholder":"Search"},"searchOpenDialogs":true,"interaction":{"idSuffix":"I"}},"wdio_ui5_key":"sapm.SearchField{\"placeholder\":\"Search\"}"}]}
RESULT: undefined
COMMAND: POST /session/848251078812a197579c886f13255d0c/execute/async - {"script":"<script> [776 bytes]","args":[{"enterText":"4000360","selector":{"controlType":"sap.m.SearchField","properties":{"placeholder":"Search"},"searchOpenDialogs":true,"interaction":{"idSuffix":"I"}},"clearTextFirst":true,"interactionType":"ENTER_TEXT"}]}
RESULT: {"script":"<script> [776 bytes]","args":[{"enterText":"4000360","selector":{"controlType":"sap.m.SearchField","properties":{"placeholder":"Search"},"searchOpenDialogs":true,"interaction":{"idSuffix":"I"}},"clearTextFirst":true,"interactionType":"ENTER_TEXT"}]}
COMMAND: POST /session/848251078812a197579c886f13255d0c/actions - {"actions":[{"id":"action19","type":"key","parameters":{},"actions":[{"type":"keyDown","value":"î€‡"},{"type":"pause","duration":10},{"type":"keyUp","value":"î€‡"}]}]}
RESULT: {"actions":[{"id":"action19","type":"key","parameters":{},"actions":[{"type":"keyDown","value":"î€‡"},{"type":"pause","duration":10},{"type":"keyUp","value":"î€‡"}]}]}
COMMAND: GET /session/848251078812a197579c886f13255d0c/screenshot - {}
RESULT: {}
COMMAND: POST /session/848251078812a197579c886f13255d0c/element - {"using":"xpath","value":"//td/div/span[contains(text(), \"BGL Vehicles\")]"}
RESULT: {"using":"xpath","value":"//td/div/span[contains(text(), \"BGL Vehicles\")]"}
COMMAND: POST /session/848251078812a197579c886f13255d0c/element/f.E62CCC3EBD73CC3434E37D87B2A77947.d.E652FE0090DE86B49066CA0E3D2F1F0D.e.5077/click - {}
RESULT: {}
COMMAND: GET /session/848251078812a197579c886f13255d0c/screenshot - {}
RESULT: {}
COMMAND: POST /session/848251078812a197579c886f13255d0c/element - {"using":"xpath","value":"//bdi[contains(text(), \"OK\")]"}
RESULT: {"using":"xpath","value":"//bdi[contains(text(), \"OK\")]"}
COMMAND: POST /session/848251078812a197579c886f13255d0c/element/f.E62CCC3EBD73CC3434E37D87B2A77947.d.E652FE0090DE86B49066CA0E3D2F1F0D.e.5078/click - {}
RESULT: {}
COMMAND: GET /session/848251078812a197579c886f13255d0c/screenshot - {}
RESULT: {}
COMMAND: POST /session/848251078812a197579c886f13255d0c/element - {"using":"xpath","value":"//label[contains(@class, 'sapMLabelRequired') and .//bdi[contains(text(), 'Planned Retirement')]]"}
RESULT: {"using":"xpath","value":"//label[contains(@class, 'sapMLabelRequired') and .//bdi[contains(text(), 'Planned Retirement')]]"}
COMMAND: POST /session/848251078812a197579c886f13255d0c/elements - {"using":"xpath","value":"//label[contains(@class, 'sapMLabelRequired') and .//bdi[contains(text(), 'Planned Retirement')]]"}
RESULT: {"using":"xpath","value":"//label[contains(@class, 'sapMLabelRequired') and .//bdi[contains(text(), 'Planned Retirement')]]"}
COMMAND: POST /session/848251078812a197579c886f13255d0c/element - {"using":"xpath","value":"//button[@data-kt=\"resourceUnitSaveButton\"]"}
RESULT: {"using":"xpath","value":"//button[@data-kt=\"resourceUnitSaveButton\"]"}
COMMAND: POST /session/848251078812a197579c886f13255d0c/element/f.E62CCC3EBD73CC3434E37D87B2A77947.d.E652FE0090DE86B49066CA0E3D2F1F0D.e.4910/click - {}
RESULT: {}
COMMAND: GET /session/848251078812a197579c886f13255d0c/screenshot - {}
RESULT: {}
COMMAND: POST /session/848251078812a197579c886f13255d0c/element - {"using":"xpath","value":"//bdi[contains(text(), \"Close\")]"}
RESULT: {"using":"xpath","value":"//bdi[contains(text(), \"Close\")]"}
COMMAND: POST /session/848251078812a197579c886f13255d0c/element/f.E62CCC3EBD73CC3434E37D87B2A77947.d.E652FE0090DE86B49066CA0E3D2F1F0D.e.5085/click - {}
RESULT: {}
COMMAND: GET /session/848251078812a197579c886f13255d0c/screenshot - {}
RESULT: {}
COMMAND: POST /session/848251078812a197579c886f13255d0c/element - {"using":"xpath","value":"//header[contains(@id, 'detailRruPage-headerTitle')]/div[1]/div[2]/div[2]/span[1]"}
RESULT: {"using":"xpath","value":"//header[contains(@id, 'detailRruPage-headerTitle')]/div[1]/div[2]/div[2]/span[1]"}
COMMAND: POST /session/848251078812a197579c886f13255d0c/elements - {"using":"xpath","value":"//header[contains(@id, 'detailRruPage-headerTitle')]/div[1]/div[2]/div[2]/span[1]"}
RESULT: {"using":"xpath","value":"//header[contains(@id, 'detailRruPage-headerTitle')]/div[1]/div[2]/div[2]/span[1]"}
COMMAND: POST /session/848251078812a197579c886f13255d0c/execute/sync - {"script":"<script> [56 bytes]","args":[{"element-6066-11e4-a52e-4f735466cecf":"f.E62CCC3EBD73CC3434E37D87B2A77947.d.E652FE0090DE86B49066CA0E3D2F1F0D.e.5116","ELEMENT":"f.E62CCC3EBD73CC3434E37D87B2A77947.d.E652FE0090DE86B49066CA0E3D2F1F0D.e.5116"}]}
RESULT: {"script":"<script> [56 bytes]","args":[{"element-6066-11e4-a52e-4f735466cecf":"f.E62CCC3EBD73CC3434E37D87B2A77947.d.E652FE0090DE86B49066CA0E3D2F1F0D.e.5116","ELEMENT":"f.E62CCC3EBD73CC3434E37D87B2A77947.d.E652FE0090DE86B49066CA0E3D2F1F0D.e.5116"}]}
COMMAND: POST /session/848251078812a197579c886f13255d0c/element - {"using":"css selector","value":"#shell-header-logo"}
COMMAND: GET /session/848251078812a197579c886f13255d0c/screenshot - {}
RESULT: {"using":"css selector","value":"#shell-header-logo"}
COMMAND: POST /session/848251078812a197579c886f13255d0c/element/f.E62CCC3EBD73CC3434E37D87B2A77947.d.E652FE0090DE86B49066CA0E3D2F1F0D.e.4377/click - {}
RESULT: {}
RESULT: {}
COMMAND: GET /session/848251078812a197579c886f13255d0c/screenshot - {}
RESULT: {}
]]></system-out>
    </testcase>
    <testcase classname="chrome.136_0_7103_93.windows.Provide_to_Site_w/_warehouse_management_w/_clarification_US115878" name="Bin Status Report Should Create New Organization yard" time="0.007" />
    <testcase classname="chrome.136_0_7103_93.windows.Provide_to_Site_w/_warehouse_management_w/_clarification_US115878" name="Bin Status Report Should Create New Organization for Site" time="0.005" />
  </testsuite>
  <testsuite timestamp="2025-06-04T06:10:25" time="443.533" tests="6" failures="6" errors="6" skipped="0">
    <properties>
      <property name="specId" value="0" />
      <property name="suiteName" value="Provide to Site w/ warehouse management w clarification" />
      <property name="capabilities" value="chrome.136_0_7103_93.windows" />
      <property name="file" value="file:///D:/a/1/s/test/specs/HTR/provide-to-site-w-warehouse-w-clarification.spec.js" />
    </properties>
  </testsuite>
  <testsuite timestamp="2025-06-04T06:17:48" time="153.605" tests="6" failures="0" errors="0" skipped="0">
    <properties>
      <property name="specId" value="0" />
      <property name="suiteName" value="Provide to Site w/ warehouse management w/o clarification US113782 " />
      <property name="capabilities" value="chrome.136_0_7103_93.windows" />
      <property name="file" value="file:///D:/a/1/s/test/specs/HTR/provide-to-site-w-warehouse-wo-clarification.spec.js" />
    </properties>
    <testcase classname="chrome.136_0_7103_93.windows.Provide_to_Site_w/_warehouse_management_w/o_clarification_US113782_" name="Should create a new WHM yard" time="0.021">
      <system-out><![CDATA[
COMMAND: POST /session/848251078812a197579c886f13255d0c/window/fullscreen - {}
RESULT: {}
]]></system-out>
    </testcase>
    <testcase classname="chrome.136_0_7103_93.windows.Provide_to_Site_w/_warehouse_management_w/o_clarification_US113782_" name="Should create a new external WHM partner" time="0.006" />
    <testcase classname="chrome.136_0_7103_93.windows.Provide_to_Site_w/_warehouse_management_w/o_clarification_US113782_" name="Should create a new WHM site" time="0.003" />
    <testcase classname="chrome.136_0_7103_93.windows.Provide_to_Site_w/_warehouse_management_w/o_clarification_US113782_" name="Should create a new material" time="135.12">
      <system-out><![CDATA[
COMMAND: POST /session/848251078812a197579c886f13255d0c/execute/async - {"script":"<script> [1562 bytes]","args":[{"selector":{"controlType":"sap.m.GenericTile","properties":{"header":"Manage Resources"}},"wdio_ui5_key":"sapm.GenericTile{\"header\":\"Manage Resources\"}"}]}
RESULT: {"script":"<script> [1562 bytes]","args":[{"selector":{"controlType":"sap.m.GenericTile","properties":{"header":"Manage Resources"}},"wdio_ui5_key":"sapm.GenericTile{\"header\":\"Manage Resources\"}"}]}
RESULT: undefined
COMMAND: POST /session/848251078812a197579c886f13255d0c/element - {"using":"xpath","value":"//*[@id=\"__tile31\"]"}
RESULT: {"using":"xpath","value":"//*[@id=\"__tile31\"]"}
COMMAND: POST /session/848251078812a197579c886f13255d0c/element/f.E62CCC3EBD73CC3434E37D87B2A77947.d.A97DA5F7C9CE15D665EBB37FC596A0C2.e.5563/click - {}
RESULT: {}
COMMAND: GET /session/848251078812a197579c886f13255d0c/screenshot - {}
RESULT: {}
COMMAND: POST /session/848251078812a197579c886f13255d0c/elements - {"using":"xpath","value":"//span[text()='Error']"}
RESULT: {"using":"xpath","value":"//span[text()='Error']"}
COMMAND: POST /session/848251078812a197579c886f13255d0c/element - {"using":"xpath","value":"//button[@data-kt=\"addNewRUOverflowToolbarButton\"]"}
RESULT: {"using":"xpath","value":"//button[@data-kt=\"addNewRUOverflowToolbarButton\"]"}
COMMAND: POST /session/848251078812a197579c886f13255d0c/elements - {"using":"xpath","value":"//button[@data-kt=\"addNewRUOverflowToolbarButton\"]"}
RESULT: {"using":"xpath","value":"//button[@data-kt=\"addNewRUOverflowToolbarButton\"]"}
COMMAND: POST /session/848251078812a197579c886f13255d0c/execute/sync - {"script":"<script> [8489 bytes]","args":[{"element-6066-11e4-a52e-4f735466cecf":"f.E62CCC3EBD73CC3434E37D87B2A77947.d.A97DA5F7C9CE15D665EBB37FC596A0C2.e.5694","ELEMENT":"f.E62CCC3EBD73CC3434E37D87B2A77947.d.A97DA5F7C9CE15D665EBB37FC596A0C2.e.5694"}]}
RESULT: {"script":"<script> [8489 bytes]","args":[{"element-6066-11e4-a52e-4f735466cecf":"f.E62CCC3EBD73CC3434E37D87B2A77947.d.A97DA5F7C9CE15D665EBB37FC596A0C2.e.5694","ELEMENT":"f.E62CCC3EBD73CC3434E37D87B2A77947.d.A97DA5F7C9CE15D665EBB37FC596A0C2.e.5694"}]}
COMMAND: GET /session/848251078812a197579c886f13255d0c/element/f.E62CCC3EBD73CC3434E37D87B2A77947.d.A97DA5F7C9CE15D665EBB37FC596A0C2.e.5694/enabled - {}
COMMAND: GET /session/848251078812a197579c886f13255d0c/screenshot - {}
RESULT: {}
COMMAND: POST /session/848251078812a197579c886f13255d0c/execute/sync - {"script":"<script> [8489 bytes]","args":[{"element-6066-11e4-a52e-4f735466cecf":"f.E62CCC3EBD73CC3434E37D87B2A77947.d.A97DA5F7C9CE15D665EBB37FC596A0C2.e.5694","ELEMENT":"f.E62CCC3EBD73CC3434E37D87B2A77947.d.A97DA5F7C9CE15D665EBB37FC596A0C2.e.5694"}]}
COMMAND: GET /session/848251078812a197579c886f13255d0c/screenshot - {}
RESULT: {}
RESULT: {"script":"<script> [8489 bytes]","args":[{"element-6066-11e4-a52e-4f735466cecf":"f.E62CCC3EBD73CC3434E37D87B2A77947.d.A97DA5F7C9CE15D665EBB37FC596A0C2.e.5694","ELEMENT":"f.E62CCC3EBD73CC3434E37D87B2A77947.d.A97DA5F7C9CE15D665EBB37FC596A0C2.e.5694"}]}
COMMAND: POST /session/848251078812a197579c886f13255d0c/execute/sync - {"script":"<script> [5351 bytes]","args":[{"element-6066-11e4-a52e-4f735466cecf":"f.E62CCC3EBD73CC3434E37D87B2A77947.d.A97DA5F7C9CE15D665EBB37FC596A0C2.e.5694","ELEMENT":"f.E62CCC3EBD73CC3434E37D87B2A77947.d.A97DA5F7C9CE15D665EBB37FC596A0C2.e.5694"}]}
COMMAND: GET /session/848251078812a197579c886f13255d0c/screenshot - {}
RESULT: {}
RESULT: {"script":"<script> [5351 bytes]","args":[{"element-6066-11e4-a52e-4f735466cecf":"f.E62CCC3EBD73CC3434E37D87B2A77947.d.A97DA5F7C9CE15D665EBB37FC596A0C2.e.5694","ELEMENT":"f.E62CCC3EBD73CC3434E37D87B2A77947.d.A97DA5F7C9CE15D665EBB37FC596A0C2.e.5694"}]}
COMMAND: POST /session/848251078812a197579c886f13255d0c/element/f.E62CCC3EBD73CC3434E37D87B2A77947.d.A97DA5F7C9CE15D665EBB37FC596A0C2.e.5694/click - {}
COMMAND: GET /session/848251078812a197579c886f13255d0c/screenshot - {}
RESULT: {}
RESULT: {}
COMMAND: GET /session/848251078812a197579c886f13255d0c/screenshot - {}
RESULT: {}
COMMAND: POST /session/848251078812a197579c886f13255d0c/execute/async - {"script":"<script> [1562 bytes]","args":[{"selector":{"id":"application-manageresources-display-component---newResourceUnit--TYPE-arrow"},"wdio_ui5_key":"applicationmanageresources-display-component---newResourceUnit--TYPE-arrow"}]}
RESULT: {}
RESULT: {"script":"<script> [1562 bytes]","args":[{"selector":{"id":"application-manageresources-display-component---newResourceUnit--TYPE-arrow"},"wdio_ui5_key":"applicationmanageresources-display-component---newResourceUnit--TYPE-arrow"}]}
RESULT: undefined
COMMAND: POST /session/848251078812a197579c886f13255d0c/element - {"using":"xpath","value":"//*[@id=\"application-manageresources-display-component---newResourceUnit--TYPE-arrow\"]"}
RESULT: {"using":"xpath","value":"//*[@id=\"application-manageresources-display-component---newResourceUnit--TYPE-arrow\"]"}
COMMAND: POST /session/848251078812a197579c886f13255d0c/element/f.E62CCC3EBD73CC3434E37D87B2A77947.d.A97DA5F7C9CE15D665EBB37FC596A0C2.e.6051/click - {}
RESULT: {}
COMMAND: POST /session/848251078812a197579c886f13255d0c/element - {"using":"xpath","value":"//input[@id=\"application-manageresources-display-component---newResourceUnit--TYPE-inner\"]"}
COMMAND: GET /session/848251078812a197579c886f13255d0c/screenshot - {}
RESULT: {"using":"xpath","value":"//input[@id=\"application-manageresources-display-component---newResourceUnit--TYPE-inner\"]"}
COMMAND: POST /session/848251078812a197579c886f13255d0c/element/f.E62CCC3EBD73CC3434E37D87B2A77947.d.A97DA5F7C9CE15D665EBB37FC596A0C2.e.6046/clear - {}
RESULT: {}
RESULT: {}
COMMAND: POST /session/848251078812a197579c886f13255d0c/element/f.E62CCC3EBD73CC3434E37D87B2A77947.d.A97DA5F7C9CE15D665EBB37FC596A0C2.e.6046/value - {"text":"Material"}
COMMAND: GET /session/848251078812a197579c886f13255d0c/screenshot - {}
RESULT: {"text":"Material"}
COMMAND: GET /session/848251078812a197579c886f13255d0c/screenshot - {}
RESULT: {}
RESULT: {}
COMMAND: POST /session/848251078812a197579c886f13255d0c/actions - {"actions":[{"id":"action21","type":"key","parameters":{},"actions":[{"type":"keyDown","value":"î€‡"},{"type":"pause","duration":10},{"type":"keyUp","value":"î€‡"}]}]}
RESULT: {"actions":[{"id":"action21","type":"key","parameters":{},"actions":[{"type":"keyDown","value":"î€‡"},{"type":"pause","duration":10},{"type":"keyUp","value":"î€‡"}]}]}
COMMAND: POST /session/848251078812a197579c886f13255d0c/execute/async - {"script":"<script> [1562 bytes]","args":[{"selector":{"id":"application-manageresources-display-component---newResourceUnit--SHORT_TEXT","interaction":{"idSuffix":"inner"}},"wdio_ui5_key":"applicationmanageresources-display-component---newResourceUnit--SHORT_TEXT"}]}
COMMAND: GET /session/848251078812a197579c886f13255d0c/screenshot - {}
RESULT: {"script":"<script> [1562 bytes]","args":[{"selector":{"id":"application-manageresources-display-component---newResourceUnit--SHORT_TEXT","interaction":{"idSuffix":"inner"}},"wdio_ui5_key":"applicationmanageresources-display-component---newResourceUnit--SHORT_TEXT"}]}
RESULT: undefined
COMMAND: POST /session/848251078812a197579c886f13255d0c/execute/async - {"script":"<script> [776 bytes]","args":[{"enterText":"Cement WDIO","selector":{"id":"application-manageresources-display-component---newResourceUnit--SHORT_TEXT","interaction":{"idSuffix":"inner"}},"clearTextFirst":true,"interactionType":"ENTER_TEXT"}]}
RESULT: {}
RESULT: {"script":"<script> [776 bytes]","args":[{"enterText":"Cement WDIO","selector":{"id":"application-manageresources-display-component---newResourceUnit--SHORT_TEXT","interaction":{"idSuffix":"inner"}},"clearTextFirst":true,"interactionType":"ENTER_TEXT"}]}
COMMAND: POST /session/848251078812a197579c886f13255d0c/execute/async - {"script":"<script> [1562 bytes]","args":[{"selector":{"id":"application-manageresources-display-component---newResourceUnit--BASE_UNIT_OF_MEASURE","interaction":{"idSuffix":"inner"}},"wdio_ui5_key":"applicationmanageresources-display-component---newResourceUnit--BASE_UNIT_OF_MEASURE"}]}
RESULT: {"script":"<script> [1562 bytes]","args":[{"selector":{"id":"application-manageresources-display-component---newResourceUnit--BASE_UNIT_OF_MEASURE","interaction":{"idSuffix":"inner"}},"wdio_ui5_key":"applicationmanageresources-display-component---newResourceUnit--BASE_UNIT_OF_MEASURE"}]}
RESULT: undefined
COMMAND: POST /session/848251078812a197579c886f13255d0c/execute/async - {"script":"<script> [776 bytes]","args":[{"enterText":"Piece","selector":{"id":"application-manageresources-display-component---newResourceUnit--BASE_UNIT_OF_MEASURE","interaction":{"idSuffix":"inner"}},"clearTextFirst":true,"interactionType":"ENTER_TEXT"}]}
RESULT: {"script":"<script> [776 bytes]","args":[{"enterText":"Piece","selector":{"id":"application-manageresources-display-component---newResourceUnit--BASE_UNIT_OF_MEASURE","interaction":{"idSuffix":"inner"}},"clearTextFirst":true,"interactionType":"ENTER_TEXT"}]}
COMMAND: POST /session/848251078812a197579c886f13255d0c/execute/async - {"script":"<script> [1562 bytes]","args":[{"selector":{"id":"application-manageresources-display-component---newResourceUnit--WEIGHT_UNIT","interaction":{"idSuffix":"inner"}},"wdio_ui5_key":"applicationmanageresources-display-component---newResourceUnit--WEIGHT_UNIT"}]}
RESULT: {"script":"<script> [1562 bytes]","args":[{"selector":{"id":"application-manageresources-display-component---newResourceUnit--WEIGHT_UNIT","interaction":{"idSuffix":"inner"}},"wdio_ui5_key":"applicationmanageresources-display-component---newResourceUnit--WEIGHT_UNIT"}]}
RESULT: undefined
COMMAND: POST /session/848251078812a197579c886f13255d0c/execute/async - {"script":"<script> [776 bytes]","args":[{"enterText":"Gram","selector":{"id":"application-manageresources-display-component---newResourceUnit--WEIGHT_UNIT","interaction":{"idSuffix":"inner"}},"clearTextFirst":true,"interactionType":"ENTER_TEXT"}]}
RESULT: {"script":"<script> [776 bytes]","args":[{"enterText":"Gram","selector":{"id":"application-manageresources-display-component---newResourceUnit--WEIGHT_UNIT","interaction":{"idSuffix":"inner"}},"clearTextFirst":true,"interactionType":"ENTER_TEXT"}]}
COMMAND: POST /session/848251078812a197579c886f13255d0c/execute/async - {"script":"<script> [1562 bytes]","args":[{"selector":{"id":"application-manageresources-display-component---newResourceUnit--DIMENSION_UNIT","interaction":{"idSuffix":"inner"}},"wdio_ui5_key":"applicationmanageresources-display-component---newResourceUnit--DIMENSION_UNIT"}]}
RESULT: {"script":"<script> [1562 bytes]","args":[{"selector":{"id":"application-manageresources-display-component---newResourceUnit--DIMENSION_UNIT","interaction":{"idSuffix":"inner"}},"wdio_ui5_key":"applicationmanageresources-display-component---newResourceUnit--DIMENSION_UNIT"}]}
RESULT: undefined
COMMAND: POST /session/848251078812a197579c886f13255d0c/execute/async - {"script":"<script> [776 bytes]","args":[{"enterText":"Meter","selector":{"id":"application-manageresources-display-component---newResourceUnit--DIMENSION_UNIT","interaction":{"idSuffix":"inner"}},"clearTextFirst":true,"interactionType":"ENTER_TEXT"}]}
RESULT: {"script":"<script> [776 bytes]","args":[{"enterText":"Meter","selector":{"id":"application-manageresources-display-component---newResourceUnit--DIMENSION_UNIT","interaction":{"idSuffix":"inner"}},"clearTextFirst":true,"interactionType":"ENTER_TEXT"}]}
COMMAND: POST /session/848251078812a197579c886f13255d0c/execute/async - {"script":"<script> [1562 bytes]","args":[{"selector":{"id":"application-manageresources-display-component---newResourceUnit--newRRUPage-anchBar-application-manageresources-display-component---newResourceUnit--control-anchor","interaction":{"idSuffix":"BDI-content"}},"wdio_ui5_key":"applicationmanageresources-display-component---newResourceUnit--newRRUPage-anchBar-application-manageresources-display-component---newResourceUnit--control-anchor"}]}
RESULT: {"script":"<script> [1562 bytes]","args":[{"selector":{"id":"application-manageresources-display-component---newResourceUnit--newRRUPage-anchBar-application-manageresources-display-component---newResourceUnit--control-anchor","interaction":{"idSuffix":"BDI-content"}},"wdio_ui5_key":"applicationmanageresources-display-component---newResourceUnit--newRRUPage-anchBar-application-manageresources-display-component---newResourceUnit--control-anchor"}]}
RESULT: undefined
COMMAND: POST /session/848251078812a197579c886f13255d0c/element - {"using":"xpath","value":"//*[@id=\"application-manageresources-display-component---newResourceUnit--newRRUPage-anchBar-application-manageresources-display-component---newResourceUnit--control-anchor\"]"}
RESULT: {"using":"xpath","value":"//*[@id=\"application-manageresources-display-component---newResourceUnit--newRRUPage-anchBar-application-manageresources-display-component---newResourceUnit--control-anchor\"]"}
COMMAND: POST /session/848251078812a197579c886f13255d0c/element/f.E62CCC3EBD73CC3434E37D87B2A77947.d.A97DA5F7C9CE15D665EBB37FC596A0C2.e.6182/click - {}
RESULT: {}
COMMAND: POST /session/848251078812a197579c886f13255d0c/execute/async - {"script":"<script> [1562 bytes]","args":[{"selector":{"id":"application-manageresources-display-component---newResourceUnit--PLANNING_GROUP","interaction":{"idSuffix":"inner"}},"wdio_ui5_key":"applicationmanageresources-display-component---newResourceUnit--PLANNING_GROUP"}]}
COMMAND: GET /session/848251078812a197579c886f13255d0c/screenshot - {}
RESULT: {"script":"<script> [1562 bytes]","args":[{"selector":{"id":"application-manageresources-display-component---newResourceUnit--PLANNING_GROUP","interaction":{"idSuffix":"inner"}},"wdio_ui5_key":"applicationmanageresources-display-component---newResourceUnit--PLANNING_GROUP"}]}
RESULT: undefined
COMMAND: POST /session/848251078812a197579c886f13255d0c/execute/async - {"script":"<script> [776 bytes]","args":[{"enterText":"Material","selector":{"id":"application-manageresources-display-component---newResourceUnit--PLANNING_GROUP","interaction":{"idSuffix":"inner"}},"clearTextFirst":true,"interactionType":"ENTER_TEXT"}]}
RESULT: {}
RESULT: {"script":"<script> [776 bytes]","args":[{"enterText":"Material","selector":{"id":"application-manageresources-display-component---newResourceUnit--PLANNING_GROUP","interaction":{"idSuffix":"inner"}},"clearTextFirst":true,"interactionType":"ENTER_TEXT"}]}
COMMAND: POST /session/848251078812a197579c886f13255d0c/execute/async - {"script":"<script> [1562 bytes]","args":[{"selector":{"id":"application-manageresources-display-component---newResourceUnit--PLANNING_INDICATOR","interaction":{"idSuffix":"inner"}},"wdio_ui5_key":"applicationmanageresources-display-component---newResourceUnit--PLANNING_INDICATOR"}]}
RESULT: {"script":"<script> [1562 bytes]","args":[{"selector":{"id":"application-manageresources-display-component---newResourceUnit--PLANNING_INDICATOR","interaction":{"idSuffix":"inner"}},"wdio_ui5_key":"applicationmanageresources-display-component---newResourceUnit--PLANNING_INDICATOR"}]}
RESULT: undefined
COMMAND: POST /session/848251078812a197579c886f13255d0c/execute/async - {"script":"<script> [776 bytes]","args":[{"enterText":"10 - infinite","selector":{"id":"application-manageresources-display-component---newResourceUnit--PLANNING_INDICATOR","interaction":{"idSuffix":"inner"}},"clearTextFirst":true,"interactionType":"ENTER_TEXT"}]}
RESULT: {"script":"<script> [776 bytes]","args":[{"enterText":"10 - infinite","selector":{"id":"application-manageresources-display-component---newResourceUnit--PLANNING_INDICATOR","interaction":{"idSuffix":"inner"}},"clearTextFirst":true,"interactionType":"ENTER_TEXT"}]}
COMMAND: POST /session/848251078812a197579c886f13255d0c/element - {"using":"css selector","value":"#application-manageresources-display-component---newResourceUnit--btnAddTimeSegment"}
RESULT: {"using":"css selector","value":"#application-manageresources-display-component---newResourceUnit--btnAddTimeSegment"}
COMMAND: GET /session/848251078812a197579c886f13255d0c/element/f.E62CCC3EBD73CC3434E37D87B2A77947.d.A97DA5F7C9CE15D665EBB37FC596A0C2.e.6192/rect - {}
RESULT: {}
COMMAND: GET /session/848251078812a197579c886f13255d0c/window/rect - {}
RESULT: {}
COMMAND: POST /session/848251078812a197579c886f13255d0c/execute/sync - {"script":"<script> [92 bytes]","args":[]}
RESULT: {"script":"<script> [92 bytes]","args":[]}
COMMAND: POST /session/848251078812a197579c886f13255d0c/actions - {"actions":[{"id":"action22","type":"wheel","parameters":{},"actions":[{"type":"scroll","x":-1888,"y":-32,"deltaX":0,"deltaY":0,"duration":0,"origin":{"element-6066-11e4-a52e-4f735466cecf":"f.E62CCC3EBD73CC3434E37D87B2A77947.d.A97DA5F7C9CE15D665EBB37FC596A0C2.e.6192"}}]}]}
COMMAND: GET /session/848251078812a197579c886f13255d0c/screenshot - {}
RESULT: {}
COMMAND: POST /session/848251078812a197579c886f13255d0c/execute/sync - {"script":"<script> [79 bytes]","args":[{"element-6066-11e4-a52e-4f735466cecf":"f.E62CCC3EBD73CC3434E37D87B2A77947.d.A97DA5F7C9CE15D665EBB37FC596A0C2.e.6192","ELEMENT":"f.E62CCC3EBD73CC3434E37D87B2A77947.d.A97DA5F7C9CE15D665EBB37FC596A0C2.e.6192"},{"block":"start","inline":"nearest"}]}
RESULT: {"script":"<script> [79 bytes]","args":[{"element-6066-11e4-a52e-4f735466cecf":"f.E62CCC3EBD73CC3434E37D87B2A77947.d.A97DA5F7C9CE15D665EBB37FC596A0C2.e.6192","ELEMENT":"f.E62CCC3EBD73CC3434E37D87B2A77947.d.A97DA5F7C9CE15D665EBB37FC596A0C2.e.6192"},{"block":"start","inline":"nearest"}]}
COMMAND: POST /session/848251078812a197579c886f13255d0c/execute/async - {"script":"<script> [1562 bytes]","args":[{"selector":{"id":"application-manageresources-display-component---newResourceUnit--btnAddTimeSegment","interaction":{"idSuffix":"inner"}},"wdio_ui5_key":"applicationmanageresources-display-component---newResourceUnit--btnAddTimeSegment"}]}
COMMAND: GET /session/848251078812a197579c886f13255d0c/screenshot - {}
RESULT: {"script":"<script> [1562 bytes]","args":[{"selector":{"id":"application-manageresources-display-component---newResourceUnit--btnAddTimeSegment","interaction":{"idSuffix":"inner"}},"wdio_ui5_key":"applicationmanageresources-display-component---newResourceUnit--btnAddTimeSegment"}]}
RESULT: undefined
COMMAND: POST /session/848251078812a197579c886f13255d0c/element - {"using":"xpath","value":"//*[@id=\"application-manageresources-display-component---newResourceUnit--btnAddTimeSegment\"]"}
RESULT: {}
RESULT: {"using":"xpath","value":"//*[@id=\"application-manageresources-display-component---newResourceUnit--btnAddTimeSegment\"]"}
COMMAND: POST /session/848251078812a197579c886f13255d0c/element/f.E62CCC3EBD73CC3434E37D87B2A77947.d.A97DA5F7C9CE15D665EBB37FC596A0C2.e.6192/click - {}
RESULT: {}
COMMAND: GET /session/848251078812a197579c886f13255d0c/screenshot - {}
RESULT: {}
COMMAND: POST /session/848251078812a197579c886f13255d0c/element - {"using":"xpath","value":"//input[@id=\"application-manageresources-display-component---newResourceUnit--idRuTSAdmin-application-manageresources-display-component---newResourceUnit--RUTimeSegment-0-inner\"]"}
RESULT: {"using":"xpath","value":"//input[@id=\"application-manageresources-display-component---newResourceUnit--idRuTSAdmin-application-manageresources-display-component---newResourceUnit--RUTimeSegment-0-inner\"]"}
COMMAND: POST /session/848251078812a197579c886f13255d0c/element/f.E62CCC3EBD73CC3434E37D87B2A77947.d.A97DA5F7C9CE15D665EBB37FC596A0C2.e.6197/clear - {}
RESULT: {}
COMMAND: POST /session/848251078812a197579c886f13255d0c/element/f.E62CCC3EBD73CC3434E37D87B2A77947.d.A97DA5F7C9CE15D665EBB37FC596A0C2.e.6197/value - {"text":"639"}
COMMAND: GET /session/848251078812a197579c886f13255d0c/screenshot - {}
RESULT: {"text":"639"}
COMMAND: GET /session/848251078812a197579c886f13255d0c/screenshot - {}
RESULT: {}
RESULT: {}
COMMAND: POST /session/848251078812a197579c886f13255d0c/element - {"using":"xpath","value":"//li[.//span[text()='639']]"}
RESULT: {"using":"xpath","value":"//li[.//span[text()='639']]"}
COMMAND: POST /session/848251078812a197579c886f13255d0c/element/f.E62CCC3EBD73CC3434E37D87B2A77947.d.A97DA5F7C9CE15D665EBB37FC596A0C2.e.6206/click - {}
RESULT: {}
COMMAND: GET /session/848251078812a197579c886f13255d0c/screenshot - {}
RESULT: {}
COMMAND: POST /session/848251078812a197579c886f13255d0c/element - {"using":"xpath","value":"(//span[contains(@id, \"-application-manageresources-display-component---newResourceUnit--RUTimeSegment-0-arrow\")])[2]"}
RESULT: {"using":"xpath","value":"(//span[contains(@id, \"-application-manageresources-display-component---newResourceUnit--RUTimeSegment-0-arrow\")])[2]"}
COMMAND: POST /session/848251078812a197579c886f13255d0c/element/f.E62CCC3EBD73CC3434E37D87B2A77947.d.A97DA5F7C9CE15D665EBB37FC596A0C2.e.6207/click - {}
RESULT: {}
COMMAND: POST /session/848251078812a197579c886f13255d0c/element - {"using":"xpath","value":"//span[contains(text(), \"PM Order\")]"}
COMMAND: GET /session/848251078812a197579c886f13255d0c/screenshot - {}
RESULT: {"using":"xpath","value":"//span[contains(text(), \"PM Order\")]"}
COMMAND: POST /session/848251078812a197579c886f13255d0c/element/f.E62CCC3EBD73CC3434E37D87B2A77947.d.A97DA5F7C9CE15D665EBB37FC596A0C2.e.6208/click - {}
RESULT: {}
RESULT: {}
COMMAND: GET /session/848251078812a197579c886f13255d0c/screenshot - {}
RESULT: {}
COMMAND: POST /session/848251078812a197579c886f13255d0c/element - {"using":"xpath","value":"//td/div/div/div/span[contains(@id, \"newResourceUnit--RUTimeSegment-0-vhi\")][1]"}
RESULT: {"using":"xpath","value":"//td/div/div/div/span[contains(@id, \"newResourceUnit--RUTimeSegment-0-vhi\")][1]"}
COMMAND: GET /session/848251078812a197579c886f13255d0c/element/f.E62CCC3EBD73CC3434E37D87B2A77947.d.A97DA5F7C9CE15D665EBB37FC596A0C2.e.6212/rect - {}
RESULT: {}
COMMAND: GET /session/848251078812a197579c886f13255d0c/window/rect - {}
RESULT: {}
COMMAND: POST /session/848251078812a197579c886f13255d0c/execute/sync - {"script":"<script> [92 bytes]","args":[]}
RESULT: {"script":"<script> [92 bytes]","args":[]}
COMMAND: POST /session/848251078812a197579c886f13255d0c/actions - {"actions":[{"id":"action23","type":"wheel","parameters":{},"actions":[{"type":"scroll","x":-1888,"y":-24,"deltaX":0,"deltaY":0,"duration":0,"origin":{"element-6066-11e4-a52e-4f735466cecf":"f.E62CCC3EBD73CC3434E37D87B2A77947.d.A97DA5F7C9CE15D665EBB37FC596A0C2.e.6212"}}]}]}
COMMAND: GET /session/848251078812a197579c886f13255d0c/screenshot - {}
RESULT: {}
COMMAND: POST /session/848251078812a197579c886f13255d0c/execute/sync - {"script":"<script> [79 bytes]","args":[{"element-6066-11e4-a52e-4f735466cecf":"f.E62CCC3EBD73CC3434E37D87B2A77947.d.A97DA5F7C9CE15D665EBB37FC596A0C2.e.6212","ELEMENT":"f.E62CCC3EBD73CC3434E37D87B2A77947.d.A97DA5F7C9CE15D665EBB37FC596A0C2.e.6212"},{"block":"start","inline":"nearest"}]}
RESULT: {"script":"<script> [79 bytes]","args":[{"element-6066-11e4-a52e-4f735466cecf":"f.E62CCC3EBD73CC3434E37D87B2A77947.d.A97DA5F7C9CE15D665EBB37FC596A0C2.e.6212","ELEMENT":"f.E62CCC3EBD73CC3434E37D87B2A77947.d.A97DA5F7C9CE15D665EBB37FC596A0C2.e.6212"},{"block":"start","inline":"nearest"}]}
COMMAND: GET /session/848251078812a197579c886f13255d0c/screenshot - {}
RESULT: {}
COMMAND: POST /session/848251078812a197579c886f13255d0c/element/f.E62CCC3EBD73CC3434E37D87B2A77947.d.A97DA5F7C9CE15D665EBB37FC596A0C2.e.6212/click - {}
RESULT: {}
COMMAND: GET /session/848251078812a197579c886f13255d0c/screenshot - {}
RESULT: {}
COMMAND: POST /session/848251078812a197579c886f13255d0c/execute/async - {"script":"<script> [1562 bytes]","args":[{"selector":{"controlType":"sap.m.SearchField","properties":{"placeholder":"Search"},"searchOpenDialogs":true,"interaction":{"idSuffix":"I"}},"wdio_ui5_key":"sapm.SearchField{\"placeholder\":\"Search\"}"}]}
RESULT: {"script":"<script> [1562 bytes]","args":[{"selector":{"controlType":"sap.m.SearchField","properties":{"placeholder":"Search"},"searchOpenDialogs":true,"interaction":{"idSuffix":"I"}},"wdio_ui5_key":"sapm.SearchField{\"placeholder\":\"Search\"}"}]}
RESULT: undefined
COMMAND: POST /session/848251078812a197579c886f13255d0c/execute/async - {"script":"<script> [776 bytes]","args":[{"enterText":"4000360","selector":{"controlType":"sap.m.SearchField","properties":{"placeholder":"Search"},"searchOpenDialogs":true,"interaction":{"idSuffix":"I"}},"clearTextFirst":true,"interactionType":"ENTER_TEXT"}]}
RESULT: {"script":"<script> [776 bytes]","args":[{"enterText":"4000360","selector":{"controlType":"sap.m.SearchField","properties":{"placeholder":"Search"},"searchOpenDialogs":true,"interaction":{"idSuffix":"I"}},"clearTextFirst":true,"interactionType":"ENTER_TEXT"}]}
COMMAND: POST /session/848251078812a197579c886f13255d0c/actions - {"actions":[{"id":"action24","type":"key","parameters":{},"actions":[{"type":"keyDown","value":"î€‡"},{"type":"pause","duration":10},{"type":"keyUp","value":"î€‡"}]}]}
RESULT: {"actions":[{"id":"action24","type":"key","parameters":{},"actions":[{"type":"keyDown","value":"î€‡"},{"type":"pause","duration":10},{"type":"keyUp","value":"î€‡"}]}]}
COMMAND: GET /session/848251078812a197579c886f13255d0c/screenshot - {}
RESULT: {}
COMMAND: POST /session/848251078812a197579c886f13255d0c/element - {"using":"xpath","value":"//td/div/span[contains(text(), \"BGL Vehicles\")]"}
RESULT: {"using":"xpath","value":"//td/div/span[contains(text(), \"BGL Vehicles\")]"}
COMMAND: POST /session/848251078812a197579c886f13255d0c/element/f.E62CCC3EBD73CC3434E37D87B2A77947.d.A97DA5F7C9CE15D665EBB37FC596A0C2.e.6233/click - {}
RESULT: {}
COMMAND: GET /session/848251078812a197579c886f13255d0c/screenshot - {}
RESULT: {}
COMMAND: POST /session/848251078812a197579c886f13255d0c/element - {"using":"xpath","value":"//bdi[contains(text(), \"OK\")]"}
RESULT: {"using":"xpath","value":"//bdi[contains(text(), \"OK\")]"}
COMMAND: POST /session/848251078812a197579c886f13255d0c/element/f.E62CCC3EBD73CC3434E37D87B2A77947.d.A97DA5F7C9CE15D665EBB37FC596A0C2.e.6234/click - {}
RESULT: {}
COMMAND: GET /session/848251078812a197579c886f13255d0c/screenshot - {}
RESULT: {}
COMMAND: POST /session/848251078812a197579c886f13255d0c/element - {"using":"xpath","value":"//label[contains(@class, 'sapMLabelRequired') and .//bdi[contains(text(), 'Planned Retirement')]]"}
RESULT: {"using":"xpath","value":"//label[contains(@class, 'sapMLabelRequired') and .//bdi[contains(text(), 'Planned Retirement')]]"}
COMMAND: POST /session/848251078812a197579c886f13255d0c/elements - {"using":"xpath","value":"//label[contains(@class, 'sapMLabelRequired') and .//bdi[contains(text(), 'Planned Retirement')]]"}
RESULT: {"using":"xpath","value":"//label[contains(@class, 'sapMLabelRequired') and .//bdi[contains(text(), 'Planned Retirement')]]"}
COMMAND: POST /session/848251078812a197579c886f13255d0c/element - {"using":"xpath","value":"//button[@data-kt=\"resourceUnitSaveButton\"]"}
RESULT: {"using":"xpath","value":"//button[@data-kt=\"resourceUnitSaveButton\"]"}
COMMAND: POST /session/848251078812a197579c886f13255d0c/element/f.E62CCC3EBD73CC3434E37D87B2A77947.d.A97DA5F7C9CE15D665EBB37FC596A0C2.e.6068/click - {}
RESULT: {}
COMMAND: GET /session/848251078812a197579c886f13255d0c/screenshot - {}
RESULT: {}
COMMAND: POST /session/848251078812a197579c886f13255d0c/element - {"using":"xpath","value":"//bdi[contains(text(), \"Close\")]"}
RESULT: {"using":"xpath","value":"//bdi[contains(text(), \"Close\")]"}
COMMAND: POST /session/848251078812a197579c886f13255d0c/element/f.E62CCC3EBD73CC3434E37D87B2A77947.d.A97DA5F7C9CE15D665EBB37FC596A0C2.e.6241/click - {}
RESULT: {}
COMMAND: GET /session/848251078812a197579c886f13255d0c/screenshot - {}
RESULT: {}
COMMAND: POST /session/848251078812a197579c886f13255d0c/element - {"using":"xpath","value":"//header[contains(@id, 'detailRruPage-headerTitle')]/div[1]/div[2]/div[2]/span[1]"}
RESULT: {"using":"xpath","value":"//header[contains(@id, 'detailRruPage-headerTitle')]/div[1]/div[2]/div[2]/span[1]"}
COMMAND: POST /session/848251078812a197579c886f13255d0c/elements - {"using":"xpath","value":"//header[contains(@id, 'detailRruPage-headerTitle')]/div[1]/div[2]/div[2]/span[1]"}
RESULT: {"using":"xpath","value":"//header[contains(@id, 'detailRruPage-headerTitle')]/div[1]/div[2]/div[2]/span[1]"}
COMMAND: POST /session/848251078812a197579c886f13255d0c/execute/sync - {"script":"<script> [56 bytes]","args":[{"element-6066-11e4-a52e-4f735466cecf":"f.E62CCC3EBD73CC3434E37D87B2A77947.d.A97DA5F7C9CE15D665EBB37FC596A0C2.e.6270","ELEMENT":"f.E62CCC3EBD73CC3434E37D87B2A77947.d.A97DA5F7C9CE15D665EBB37FC596A0C2.e.6270"}]}
RESULT: {"script":"<script> [56 bytes]","args":[{"element-6066-11e4-a52e-4f735466cecf":"f.E62CCC3EBD73CC3434E37D87B2A77947.d.A97DA5F7C9CE15D665EBB37FC596A0C2.e.6270","ELEMENT":"f.E62CCC3EBD73CC3434E37D87B2A77947.d.A97DA5F7C9CE15D665EBB37FC596A0C2.e.6270"}]}
COMMAND: POST /session/848251078812a197579c886f13255d0c/element - {"using":"css selector","value":"#shell-header-logo"}
COMMAND: GET /session/848251078812a197579c886f13255d0c/screenshot - {}
RESULT: {"using":"css selector","value":"#shell-header-logo"}
COMMAND: POST /session/848251078812a197579c886f13255d0c/element/f.E62CCC3EBD73CC3434E37D87B2A77947.d.A97DA5F7C9CE15D665EBB37FC596A0C2.e.5546/click - {}
RESULT: {}
RESULT: {}
COMMAND: GET /session/848251078812a197579c886f13255d0c/screenshot - {}
RESULT: {}
]]></system-out>
    </testcase>
    <testcase classname="chrome.136_0_7103_93.windows.Provide_to_Site_w/_warehouse_management_w/o_clarification_US113782_" name="Bin Status Report Should Create New Organization yard" time="0.007" />
    <testcase classname="chrome.136_0_7103_93.windows.Provide_to_Site_w/_warehouse_management_w/o_clarification_US113782_" name="Bin Status Report Should Create New Organization for Site" time="0.006" />
  </testsuite>
  <testsuite timestamp="2025-06-04T06:20:22" time="310.885" tests="5" failures="5" errors="5" skipped="0">
    <properties>
      <property name="specId" value="0" />
      <property name="suiteName" value="Provide to Site w/ warehouse management wo clarification" />
      <property name="capabilities" value="chrome.136_0_7103_93.windows" />
      <property name="file" value="file:///D:/a/1/s/test/specs/HTR/provide-to-site-w-warehouse-wo-clarification.spec.js" />
    </properties>
  </testsuite>
  <testsuite timestamp="2025-06-04T06:25:33" time="540.141" tests="4" failures="0" errors="0" skipped="0">
    <properties>
      <property name="specId" value="0" />
      <property name="suiteName" value="Provide to Site w/o warehouse management w/ clarification US116605" />
      <property name="capabilities" value="chrome.136_0_7103_93.windows" />
      <property name="file" value="file:///D:/a/1/s/test/specs/HTR/provide-to-site-wo-warehouse-w-clarification.spec.js" />
    </properties>
    <testcase classname="chrome.136_0_7103_93.windows.Provide_to_Site_w/o_warehouse_management_w/_clarification_US116605" name="Should create a new yard" time="121.757">
      <system-out><![CDATA[
COMMAND: POST /session/848251078812a197579c886f13255d0c/window/fullscreen - {}
RESULT: {}
COMMAND: POST /session/848251078812a197579c886f13255d0c/execute/async - {"script":"<script> [1562 bytes]","args":[{"selector":{"controlType":"sap.m.GenericTile","properties":{"header":"Manage Yards"}},"wdio_ui5_key":"sapm.GenericTile{\"header\":\"Manage Yards\"}"}]}
RESULT: {"script":"<script> [1562 bytes]","args":[{"selector":{"controlType":"sap.m.GenericTile","properties":{"header":"Manage Yards"}},"wdio_ui5_key":"sapm.GenericTile{\"header\":\"Manage Yards\"}"}]}
RESULT: undefined
COMMAND: POST /session/848251078812a197579c886f13255d0c/element - {"using":"xpath","value":"//*[@id=\"__tile33\"]"}
RESULT: {"using":"xpath","value":"//*[@id=\"__tile33\"]"}
COMMAND: POST /session/848251078812a197579c886f13255d0c/element/f.E62CCC3EBD73CC3434E37D87B2A77947.d.F319B77B0A948927F1E753E384CAF44E.e.6727/click - {}
RESULT: {}
COMMAND: GET /session/848251078812a197579c886f13255d0c/screenshot - {}
RESULT: {}
COMMAND: POST /session/848251078812a197579c886f13255d0c/elements - {"using":"xpath","value":"//span[text()='Error']"}
RESULT: {"using":"xpath","value":"//span[text()='Error']"}
COMMAND: POST /session/848251078812a197579c886f13255d0c/element - {"using":"xpath","value":"//button[@data-kt=\"addNewYardOverflowToolbarButton\"]"}
RESULT: {"using":"xpath","value":"//button[@data-kt=\"addNewYardOverflowToolbarButton\"]"}
COMMAND: POST /session/848251078812a197579c886f13255d0c/elements - {"using":"xpath","value":"//button[@data-kt=\"addNewYardOverflowToolbarButton\"]"}
RESULT: {"using":"xpath","value":"//button[@data-kt=\"addNewYardOverflowToolbarButton\"]"}
COMMAND: POST /session/848251078812a197579c886f13255d0c/execute/sync - {"script":"<script> [8489 bytes]","args":[{"element-6066-11e4-a52e-4f735466cecf":"f.E62CCC3EBD73CC3434E37D87B2A77947.d.F319B77B0A948927F1E753E384CAF44E.e.6863","ELEMENT":"f.E62CCC3EBD73CC3434E37D87B2A77947.d.F319B77B0A948927F1E753E384CAF44E.e.6863"}]}
RESULT: {"script":"<script> [8489 bytes]","args":[{"element-6066-11e4-a52e-4f735466cecf":"f.E62CCC3EBD73CC3434E37D87B2A77947.d.F319B77B0A948927F1E753E384CAF44E.e.6863","ELEMENT":"f.E62CCC3EBD73CC3434E37D87B2A77947.d.F319B77B0A948927F1E753E384CAF44E.e.6863"}]}
COMMAND: GET /session/848251078812a197579c886f13255d0c/element/f.E62CCC3EBD73CC3434E37D87B2A77947.d.F319B77B0A948927F1E753E384CAF44E.e.6863/enabled - {}
COMMAND: GET /session/848251078812a197579c886f13255d0c/screenshot - {}
RESULT: {}
COMMAND: POST /session/848251078812a197579c886f13255d0c/execute/sync - {"script":"<script> [8489 bytes]","args":[{"element-6066-11e4-a52e-4f735466cecf":"f.E62CCC3EBD73CC3434E37D87B2A77947.d.F319B77B0A948927F1E753E384CAF44E.e.6863","ELEMENT":"f.E62CCC3EBD73CC3434E37D87B2A77947.d.F319B77B0A948927F1E753E384CAF44E.e.6863"}]}
COMMAND: GET /session/848251078812a197579c886f13255d0c/screenshot - {}
RESULT: {}
RESULT: {"script":"<script> [8489 bytes]","args":[{"element-6066-11e4-a52e-4f735466cecf":"f.E62CCC3EBD73CC3434E37D87B2A77947.d.F319B77B0A948927F1E753E384CAF44E.e.6863","ELEMENT":"f.E62CCC3EBD73CC3434E37D87B2A77947.d.F319B77B0A948927F1E753E384CAF44E.e.6863"}]}
COMMAND: POST /session/848251078812a197579c886f13255d0c/execute/sync - {"script":"<script> [5351 bytes]","args":[{"element-6066-11e4-a52e-4f735466cecf":"f.E62CCC3EBD73CC3434E37D87B2A77947.d.F319B77B0A948927F1E753E384CAF44E.e.6863","ELEMENT":"f.E62CCC3EBD73CC3434E37D87B2A77947.d.F319B77B0A948927F1E753E384CAF44E.e.6863"}]}
COMMAND: GET /session/848251078812a197579c886f13255d0c/screenshot - {}
RESULT: {}
RESULT: {"script":"<script> [5351 bytes]","args":[{"element-6066-11e4-a52e-4f735466cecf":"f.E62CCC3EBD73CC3434E37D87B2A77947.d.F319B77B0A948927F1E753E384CAF44E.e.6863","ELEMENT":"f.E62CCC3EBD73CC3434E37D87B2A77947.d.F319B77B0A948927F1E753E384CAF44E.e.6863"}]}
COMMAND: POST /session/848251078812a197579c886f13255d0c/element/f.E62CCC3EBD73CC3434E37D87B2A77947.d.F319B77B0A948927F1E753E384CAF44E.e.6863/click - {}
COMMAND: GET /session/848251078812a197579c886f13255d0c/screenshot - {}
RESULT: {}
RESULT: {}
COMMAND: GET /session/848251078812a197579c886f13255d0c/screenshot - {}
RESULT: {}
COMMAND: POST /session/848251078812a197579c886f13255d0c/element - {"using":"xpath","value":"//input[@id=\"application-manageyards-display-component---NewYard--yardId-inner\"]"}
RESULT: {}
RESULT: {"using":"xpath","value":"//input[@id=\"application-manageyards-display-component---NewYard--yardId-inner\"]"}
COMMAND: POST /session/848251078812a197579c886f13255d0c/element - {"using":"xpath","value":"//input[@id=\"application-manageyards-display-component---NewYard--yardId-inner\"]"}
RESULT: {"using":"xpath","value":"//input[@id=\"application-manageyards-display-component---NewYard--yardId-inner\"]"}
COMMAND: POST /session/848251078812a197579c886f13255d0c/execute/async - {"script":"<script> [1562 bytes]","args":[{"selector":{"id":"application-manageyards-display-component---NewYard--addressDetailDetailsName1","interaction":{"idSuffix":"inner"}},"wdio_ui5_key":"applicationmanageyards-display-component---NewYard--addressDetailDetailsName1"}]}
RESULT: {"script":"<script> [1562 bytes]","args":[{"selector":{"id":"application-manageyards-display-component---NewYard--addressDetailDetailsName1","interaction":{"idSuffix":"inner"}},"wdio_ui5_key":"applicationmanageyards-display-component---NewYard--addressDetailDetailsName1"}]}
RESULT: undefined
COMMAND: POST /session/848251078812a197579c886f13255d0c/execute/async - {"script":"<script> [776 bytes]","args":[{"enterText":"Other Yard WDIO","selector":{"id":"application-manageyards-display-component---NewYard--addressDetailDetailsName1","interaction":{"idSuffix":"inner"}},"clearTextFirst":true,"interactionType":"ENTER_TEXT"}]}
RESULT: {"script":"<script> [776 bytes]","args":[{"enterText":"Other Yard WDIO","selector":{"id":"application-manageyards-display-component---NewYard--addressDetailDetailsName1","interaction":{"idSuffix":"inner"}},"clearTextFirst":true,"interactionType":"ENTER_TEXT"}]}
COMMAND: POST /session/848251078812a197579c886f13255d0c/execute/async - {"script":"<script> [1562 bytes]","args":[{"selector":{"id":"application-manageyards-display-component---NewYard--addressDetailDetailsLanguage-arrow"},"wdio_ui5_key":"applicationmanageyards-display-component---NewYard--addressDetailDetailsLanguage-arrow"}]}
RESULT: {"script":"<script> [1562 bytes]","args":[{"selector":{"id":"application-manageyards-display-component---NewYard--addressDetailDetailsLanguage-arrow"},"wdio_ui5_key":"applicationmanageyards-display-component---NewYard--addressDetailDetailsLanguage-arrow"}]}
RESULT: undefined
COMMAND: POST /session/848251078812a197579c886f13255d0c/element - {"using":"xpath","value":"//*[@id=\"application-manageyards-display-component---NewYard--addressDetailDetailsLanguage-arrow\"]"}
RESULT: {"using":"xpath","value":"//*[@id=\"application-manageyards-display-component---NewYard--addressDetailDetailsLanguage-arrow\"]"}
COMMAND: POST /session/848251078812a197579c886f13255d0c/element/f.E62CCC3EBD73CC3434E37D87B2A77947.d.F319B77B0A948927F1E753E384CAF44E.e.7288/click - {}
RESULT: {}
COMMAND: POST /session/848251078812a197579c886f13255d0c/element - {"using":"xpath","value":"//span[contains(text(), \"English\")]"}
COMMAND: GET /session/848251078812a197579c886f13255d0c/screenshot - {}
RESULT: {"using":"xpath","value":"//span[contains(text(), \"English\")]"}
COMMAND: POST /session/848251078812a197579c886f13255d0c/element/f.E62CCC3EBD73CC3434E37D87B2A77947.d.F319B77B0A948927F1E753E384CAF44E.e.7289/click - {}
RESULT: {}
RESULT: {}
COMMAND: POST /session/848251078812a197579c886f13255d0c/execute/async - {"script":"<script> [1562 bytes]","args":[{"selector":{"id":"application-manageyards-display-component---NewYard--addressDetailDetailsCity1","interaction":{"idSuffix":"inner"}},"wdio_ui5_key":"applicationmanageyards-display-component---NewYard--addressDetailDetailsCity1"}]}
COMMAND: GET /session/848251078812a197579c886f13255d0c/screenshot - {}
RESULT: {"script":"<script> [1562 bytes]","args":[{"selector":{"id":"application-manageyards-display-component---NewYard--addressDetailDetailsCity1","interaction":{"idSuffix":"inner"}},"wdio_ui5_key":"applicationmanageyards-display-component---NewYard--addressDetailDetailsCity1"}]}
RESULT: undefined
COMMAND: POST /session/848251078812a197579c886f13255d0c/execute/async - {"script":"<script> [776 bytes]","args":[{"enterText":"Rosario","selector":{"id":"application-manageyards-display-component---NewYard--addressDetailDetailsCity1","interaction":{"idSuffix":"inner"}},"clearTextFirst":true,"interactionType":"ENTER_TEXT"}]}
RESULT: {}
RESULT: {"script":"<script> [776 bytes]","args":[{"enterText":"Rosario","selector":{"id":"application-manageyards-display-component---NewYard--addressDetailDetailsCity1","interaction":{"idSuffix":"inner"}},"clearTextFirst":true,"interactionType":"ENTER_TEXT"}]}
COMMAND: POST /session/848251078812a197579c886f13255d0c/execute/async - {"script":"<script> [1562 bytes]","args":[{"selector":{"id":"application-manageyards-display-component---NewYard--addressDetailDetailsCountry-arrow"},"wdio_ui5_key":"applicationmanageyards-display-component---NewYard--addressDetailDetailsCountry-arrow"}]}
RESULT: {"script":"<script> [1562 bytes]","args":[{"selector":{"id":"application-manageyards-display-component---NewYard--addressDetailDetailsCountry-arrow"},"wdio_ui5_key":"applicationmanageyards-display-component---NewYard--addressDetailDetailsCountry-arrow"}]}
RESULT: undefined
COMMAND: POST /session/848251078812a197579c886f13255d0c/element - {"using":"xpath","value":"//*[@id=\"application-manageyards-display-component---NewYard--addressDetailDetailsCountry-arrow\"]"}
RESULT: {"using":"xpath","value":"//*[@id=\"application-manageyards-display-component---NewYard--addressDetailDetailsCountry-arrow\"]"}
COMMAND: POST /session/848251078812a197579c886f13255d0c/element/f.E62CCC3EBD73CC3434E37D87B2A77947.d.F319B77B0A948927F1E753E384CAF44E.e.7291/click - {}
RESULT: {}
COMMAND: POST /session/848251078812a197579c886f13255d0c/element - {"using":"xpath","value":"//span[contains(text(), \"Argentina\")]"}
COMMAND: GET /session/848251078812a197579c886f13255d0c/screenshot - {}
RESULT: {"using":"xpath","value":"//span[contains(text(), \"Argentina\")]"}
COMMAND: POST /session/848251078812a197579c886f13255d0c/element/f.E62CCC3EBD73CC3434E37D87B2A77947.d.F319B77B0A948927F1E753E384CAF44E.e.7292/click - {}
RESULT: {}
RESULT: {}
COMMAND: POST /session/848251078812a197579c886f13255d0c/execute/async - {"script":"<script> [1562 bytes]","args":[{"selector":{"id":"application-manageyards-display-component---NewYard--addressEditDetailsCostObjectCstType-arrow"},"wdio_ui5_key":"applicationmanageyards-display-component---NewYard--addressEditDetailsCostObjectCstType-arrow"}]}
COMMAND: GET /session/848251078812a197579c886f13255d0c/screenshot - {}
RESULT: {"script":"<script> [1562 bytes]","args":[{"selector":{"id":"application-manageyards-display-component---NewYard--addressEditDetailsCostObjectCstType-arrow"},"wdio_ui5_key":"applicationmanageyards-display-component---NewYard--addressEditDetailsCostObjectCstType-arrow"}]}
RESULT: undefined
COMMAND: POST /session/848251078812a197579c886f13255d0c/element - {"using":"xpath","value":"//*[@id=\"application-manageyards-display-component---NewYard--addressEditDetailsCostObjectCstType-arrow\"]"}
RESULT: {}
RESULT: {"using":"xpath","value":"//*[@id=\"application-manageyards-display-component---NewYard--addressEditDetailsCostObjectCstType-arrow\"]"}
COMMAND: POST /session/848251078812a197579c886f13255d0c/element/f.E62CCC3EBD73CC3434E37D87B2A77947.d.F319B77B0A948927F1E753E384CAF44E.e.7294/click - {}
RESULT: {}
COMMAND: POST /session/848251078812a197579c886f13255d0c/element - {"using":"xpath","value":"//span[contains(text(), \"Cost Center\")]"}
COMMAND: GET /session/848251078812a197579c886f13255d0c/screenshot - {}
RESULT: {"using":"xpath","value":"//span[contains(text(), \"Cost Center\")]"}
COMMAND: POST /session/848251078812a197579c886f13255d0c/element/f.E62CCC3EBD73CC3434E37D87B2A77947.d.F319B77B0A948927F1E753E384CAF44E.e.7295/click - {}
RESULT: {}
RESULT: {}
COMMAND: GET /session/848251078812a197579c886f13255d0c/screenshot - {}
RESULT: {}
COMMAND: POST /session/848251078812a197579c886f13255d0c/element - {"using":"xpath","value":"//span[@id=\"application-manageyards-display-component---NewYard--addressNewCostObjectCstID-vhi\"]"}
RESULT: {"using":"xpath","value":"//span[@id=\"application-manageyards-display-component---NewYard--addressNewCostObjectCstID-vhi\"]"}
COMMAND: POST /session/848251078812a197579c886f13255d0c/execute/sync - {"script":"<script> [8489 bytes]","args":[{"element-6066-11e4-a52e-4f735466cecf":"f.E62CCC3EBD73CC3434E37D87B2A77947.d.F319B77B0A948927F1E753E384CAF44E.e.7299","ELEMENT":"f.E62CCC3EBD73CC3434E37D87B2A77947.d.F319B77B0A948927F1E753E384CAF44E.e.7299"}]}
RESULT: {"script":"<script> [8489 bytes]","args":[{"element-6066-11e4-a52e-4f735466cecf":"f.E62CCC3EBD73CC3434E37D87B2A77947.d.F319B77B0A948927F1E753E384CAF44E.e.7299","ELEMENT":"f.E62CCC3EBD73CC3434E37D87B2A77947.d.F319B77B0A948927F1E753E384CAF44E.e.7299"}]}
COMMAND: POST /session/848251078812a197579c886f13255d0c/execute/async - {"script":"<script> [1562 bytes]","args":[{"selector":{"id":"application-manageyards-display-component---NewYard--addressNewCostObjectCstID-vhi"},"wdio_ui5_key":"applicationmanageyards-display-component---NewYard--addressNewCostObjectCstID-vhi"}]}
COMMAND: GET /session/848251078812a197579c886f13255d0c/screenshot - {}
RESULT: {"script":"<script> [1562 bytes]","args":[{"selector":{"id":"application-manageyards-display-component---NewYard--addressNewCostObjectCstID-vhi"},"wdio_ui5_key":"applicationmanageyards-display-component---NewYard--addressNewCostObjectCstID-vhi"}]}
RESULT: undefined
COMMAND: POST /session/848251078812a197579c886f13255d0c/element - {"using":"xpath","value":"//*[@id=\"application-manageyards-display-component---NewYard--addressNewCostObjectCstID-vhi\"]"}
RESULT: {}
RESULT: {"using":"xpath","value":"//*[@id=\"application-manageyards-display-component---NewYard--addressNewCostObjectCstID-vhi\"]"}
COMMAND: POST /session/848251078812a197579c886f13255d0c/element/f.E62CCC3EBD73CC3434E37D87B2A77947.d.F319B77B0A948927F1E753E384CAF44E.e.7299/click - {}
RESULT: {}
COMMAND: GET /session/848251078812a197579c886f13255d0c/screenshot - {}
RESULT: {}
COMMAND: POST /session/848251078812a197579c886f13255d0c/execute/async - {"script":"<script> [1562 bytes]","args":[{"selector":{"controlType":"sap.m.SearchField","properties":{"placeholder":"Search"},"searchOpenDialogs":true,"interaction":{"idSuffix":"I"}},"wdio_ui5_key":"sapm.SearchField{\"placeholder\":\"Search\"}"}]}
RESULT: {"script":"<script> [1562 bytes]","args":[{"selector":{"controlType":"sap.m.SearchField","properties":{"placeholder":"Search"},"searchOpenDialogs":true,"interaction":{"idSuffix":"I"}},"wdio_ui5_key":"sapm.SearchField{\"placeholder\":\"Search\"}"}]}
RESULT: undefined
COMMAND: POST /session/848251078812a197579c886f13255d0c/execute/async - {"script":"<script> [776 bytes]","args":[{"enterText":"bauh_b","selector":{"controlType":"sap.m.SearchField","properties":{"placeholder":"Search"},"searchOpenDialogs":true,"interaction":{"idSuffix":"I"}},"clearTextFirst":true,"interactionType":"ENTER_TEXT"}]}
RESULT: {"script":"<script> [776 bytes]","args":[{"enterText":"bauh_b","selector":{"controlType":"sap.m.SearchField","properties":{"placeholder":"Search"},"searchOpenDialogs":true,"interaction":{"idSuffix":"I"}},"clearTextFirst":true,"interactionType":"ENTER_TEXT"}]}
COMMAND: POST /session/848251078812a197579c886f13255d0c/actions - {"actions":[{"id":"action25","type":"key","parameters":{},"actions":[{"type":"keyDown","value":"î€‡"},{"type":"pause","duration":10},{"type":"keyUp","value":"î€‡"}]}]}
RESULT: {"actions":[{"id":"action25","type":"key","parameters":{},"actions":[{"type":"keyDown","value":"î€‡"},{"type":"pause","duration":10},{"type":"keyUp","value":"î€‡"}]}]}
COMMAND: GET /session/848251078812a197579c886f13255d0c/screenshot - {}
RESULT: {}
COMMAND: POST /session/848251078812a197579c886f13255d0c/element - {"using":"xpath","value":"//span[contains(text(), \"Demo Yard\")]"}
RESULT: {"using":"xpath","value":"//span[contains(text(), \"Demo Yard\")]"}
COMMAND: POST /session/848251078812a197579c886f13255d0c/element/f.E62CCC3EBD73CC3434E37D87B2A77947.d.F319B77B0A948927F1E753E384CAF44E.e.7340/click - {}
RESULT: {}
COMMAND: GET /session/848251078812a197579c886f13255d0c/screenshot - {}
RESULT: {}
COMMAND: POST /session/848251078812a197579c886f13255d0c/element - {"using":"xpath","value":"//bdi[contains(text(), \"OK\")]"}
RESULT: {"using":"xpath","value":"//bdi[contains(text(), \"OK\")]"}
COMMAND: POST /session/848251078812a197579c886f13255d0c/element/f.E62CCC3EBD73CC3434E37D87B2A77947.d.F319B77B0A948927F1E753E384CAF44E.e.7341/click - {}
RESULT: {}
COMMAND: GET /session/848251078812a197579c886f13255d0c/screenshot - {}
RESULT: {}
COMMAND: POST /session/848251078812a197579c886f13255d0c/execute/async - {"script":"<script> [1562 bytes]","args":[{"selector":{"id":"application-manageyards-display-component---NewYard--addressEditDetailsCurrency-arrow"},"wdio_ui5_key":"applicationmanageyards-display-component---NewYard--addressEditDetailsCurrency-arrow"}]}
RESULT: {"script":"<script> [1562 bytes]","args":[{"selector":{"id":"application-manageyards-display-component---NewYard--addressEditDetailsCurrency-arrow"},"wdio_ui5_key":"applicationmanageyards-display-component---NewYard--addressEditDetailsCurrency-arrow"}]}
RESULT: undefined
COMMAND: POST /session/848251078812a197579c886f13255d0c/element - {"using":"xpath","value":"//*[@id=\"application-manageyards-display-component---NewYard--addressEditDetailsCurrency-arrow\"]"}
RESULT: {"using":"xpath","value":"//*[@id=\"application-manageyards-display-component---NewYard--addressEditDetailsCurrency-arrow\"]"}
COMMAND: POST /session/848251078812a197579c886f13255d0c/element/f.E62CCC3EBD73CC3434E37D87B2A77947.d.F319B77B0A948927F1E753E384CAF44E.e.7344/click - {}
RESULT: {}
COMMAND: POST /session/848251078812a197579c886f13255d0c/element - {"using":"xpath","value":"//span[contains(text(), \"Euro\")]"}
COMMAND: GET /session/848251078812a197579c886f13255d0c/screenshot - {}
RESULT: {"using":"xpath","value":"//span[contains(text(), \"Euro\")]"}
COMMAND: POST /session/848251078812a197579c886f13255d0c/element/f.E62CCC3EBD73CC3434E37D87B2A77947.d.F319B77B0A948927F1E753E384CAF44E.e.7345/click - {}
RESULT: {}
RESULT: {}
COMMAND: POST /session/848251078812a197579c886f13255d0c/execute/async - {"script":"<script> [1562 bytes]","args":[{"selector":{"controlType":"sap.m.Input","viewName":"etm.portal.ui.manageyards.view.New","viewId":"application-manageyards-display-component---NewYard","bindingPath":{"path":"","propertyPath":"/CONTROLLING_AREA","modelName":"NewYardModel"},"interaction":{"idSuffix":"inner"}},"wdio_ui5_key":"etmportal.ui.manageyards.view.Newsap.m.Input{\"path\":\"\",\"propertyPath\":\"/CONTROLLING_AREA\",\"modelName\":\"NewYardModel\"}"}]}
COMMAND: GET /session/848251078812a197579c886f13255d0c/screenshot - {}
RESULT: {"script":"<script> [1562 bytes]","args":[{"selector":{"controlType":"sap.m.Input","viewName":"etm.portal.ui.manageyards.view.New","viewId":"application-manageyards-display-component---NewYard","bindingPath":{"path":"","propertyPath":"/CONTROLLING_AREA","modelName":"NewYardModel"},"interaction":{"idSuffix":"inner"}},"wdio_ui5_key":"etmportal.ui.manageyards.view.Newsap.m.Input{\"path\":\"\",\"propertyPath\":\"/CONTROLLING_AREA\",\"modelName\":\"NewYardModel\"}"}]}
RESULT: undefined
COMMAND: POST /session/848251078812a197579c886f13255d0c/execute/async - {"script":"<script> [776 bytes]","args":[{"enterText":"Z001","selector":{"controlType":"sap.m.Input","viewName":"etm.portal.ui.manageyards.view.New","viewId":"application-manageyards-display-component---NewYard","bindingPath":{"path":"","propertyPath":"/CONTROLLING_AREA","modelName":"NewYardModel"},"interaction":{"idSuffix":"inner"}},"clearTextFirst":true,"interactionType":"ENTER_TEXT"}]}
RESULT: {}
RESULT: {"script":"<script> [776 bytes]","args":[{"enterText":"Z001","selector":{"controlType":"sap.m.Input","viewName":"etm.portal.ui.manageyards.view.New","viewId":"application-manageyards-display-component---NewYard","bindingPath":{"path":"","propertyPath":"/CONTROLLING_AREA","modelName":"NewYardModel"},"interaction":{"idSuffix":"inner"}},"clearTextFirst":true,"interactionType":"ENTER_TEXT"}]}
COMMAND: POST /session/848251078812a197579c886f13255d0c/execute/async - {"script":"<script> [1562 bytes]","args":[{"selector":{"id":"application-manageyards-display-component---NewYard--companyCodeComboBox","interaction":{"idSuffix":"inner"}},"wdio_ui5_key":"applicationmanageyards-display-component---NewYard--companyCodeComboBox"}]}
RESULT: {"script":"<script> [1562 bytes]","args":[{"selector":{"id":"application-manageyards-display-component---NewYard--companyCodeComboBox","interaction":{"idSuffix":"inner"}},"wdio_ui5_key":"applicationmanageyards-display-component---NewYard--companyCodeComboBox"}]}
RESULT: undefined
COMMAND: POST /session/848251078812a197579c886f13255d0c/execute/async - {"script":"<script> [776 bytes]","args":[{"enterText":"1000","selector":{"id":"application-manageyards-display-component---NewYard--companyCodeComboBox","interaction":{"idSuffix":"inner"}},"clearTextFirst":true,"interactionType":"ENTER_TEXT"}]}
RESULT: {"script":"<script> [776 bytes]","args":[{"enterText":"1000","selector":{"id":"application-manageyards-display-component---NewYard--companyCodeComboBox","interaction":{"idSuffix":"inner"}},"clearTextFirst":true,"interactionType":"ENTER_TEXT"}]}
COMMAND: POST /session/848251078812a197579c886f13255d0c/execute/async - {"script":"<script> [1562 bytes]","args":[{"selector":{"controlType":"sap.m.Input","viewName":"etm.portal.ui.manageyards.view.New","viewId":"application-manageyards-display-component---NewYard","bindingPath":{"path":"","propertyPath":"/PLANT","modelName":"NewYardModel"},"interaction":{"idSuffix":"inner"}},"wdio_ui5_key":"etmportal.ui.manageyards.view.Newsap.m.Input{\"path\":\"\",\"propertyPath\":\"/PLANT\",\"modelName\":\"NewYardModel\"}"}]}
RESULT: {"script":"<script> [1562 bytes]","args":[{"selector":{"controlType":"sap.m.Input","viewName":"etm.portal.ui.manageyards.view.New","viewId":"application-manageyards-display-component---NewYard","bindingPath":{"path":"","propertyPath":"/PLANT","modelName":"NewYardModel"},"interaction":{"idSuffix":"inner"}},"wdio_ui5_key":"etmportal.ui.manageyards.view.Newsap.m.Input{\"path\":\"\",\"propertyPath\":\"/PLANT\",\"modelName\":\"NewYardModel\"}"}]}
RESULT: undefined
COMMAND: POST /session/848251078812a197579c886f13255d0c/execute/async - {"script":"<script> [776 bytes]","args":[{"enterText":"1001","selector":{"controlType":"sap.m.Input","viewName":"etm.portal.ui.manageyards.view.New","viewId":"application-manageyards-display-component---NewYard","bindingPath":{"path":"","propertyPath":"/PLANT","modelName":"NewYardModel"},"interaction":{"idSuffix":"inner"}},"clearTextFirst":true,"interactionType":"ENTER_TEXT"}]}
RESULT: {"script":"<script> [776 bytes]","args":[{"enterText":"1001","selector":{"controlType":"sap.m.Input","viewName":"etm.portal.ui.manageyards.view.New","viewId":"application-manageyards-display-component---NewYard","bindingPath":{"path":"","propertyPath":"/PLANT","modelName":"NewYardModel"},"interaction":{"idSuffix":"inner"}},"clearTextFirst":true,"interactionType":"ENTER_TEXT"}]}
COMMAND: POST /session/848251078812a197579c886f13255d0c/execute/async - {"script":"<script> [1562 bytes]","args":[{"selector":{"controlType":"sap.m.Input","viewName":"etm.portal.ui.manageyards.view.New","viewId":"application-manageyards-display-component---NewYard","bindingPath":{"path":"","propertyPath":"/SALES_AREA_VKORG","modelName":"NewYardModel"},"interaction":{"idSuffix":"inner"}},"wdio_ui5_key":"etmportal.ui.manageyards.view.Newsap.m.Input{\"path\":\"\",\"propertyPath\":\"/SALES_AREA_VKORG\",\"modelName\":\"NewYardModel\"}"}]}
RESULT: {"script":"<script> [1562 bytes]","args":[{"selector":{"controlType":"sap.m.Input","viewName":"etm.portal.ui.manageyards.view.New","viewId":"application-manageyards-display-component---NewYard","bindingPath":{"path":"","propertyPath":"/SALES_AREA_VKORG","modelName":"NewYardModel"},"interaction":{"idSuffix":"inner"}},"wdio_ui5_key":"etmportal.ui.manageyards.view.Newsap.m.Input{\"path\":\"\",\"propertyPath\":\"/SALES_AREA_VKORG\",\"modelName\":\"NewYardModel\"}"}]}
RESULT: undefined
COMMAND: POST /session/848251078812a197579c886f13255d0c/execute/async - {"script":"<script> [776 bytes]","args":[{"enterText":"C002","selector":{"controlType":"sap.m.Input","viewName":"etm.portal.ui.manageyards.view.New","viewId":"application-manageyards-display-component---NewYard","bindingPath":{"path":"","propertyPath":"/SALES_AREA_VKORG","modelName":"NewYardModel"},"interaction":{"idSuffix":"inner"}},"clearTextFirst":true,"interactionType":"ENTER_TEXT"}]}
RESULT: {"script":"<script> [776 bytes]","args":[{"enterText":"C002","selector":{"controlType":"sap.m.Input","viewName":"etm.portal.ui.manageyards.view.New","viewId":"application-manageyards-display-component---NewYard","bindingPath":{"path":"","propertyPath":"/SALES_AREA_VKORG","modelName":"NewYardModel"},"interaction":{"idSuffix":"inner"}},"clearTextFirst":true,"interactionType":"ENTER_TEXT"}]}
COMMAND: POST /session/848251078812a197579c886f13255d0c/execute/async - {"script":"<script> [1562 bytes]","args":[{"selector":{"controlType":"sap.m.Input","viewName":"etm.portal.ui.manageyards.view.New","viewId":"application-manageyards-display-component---NewYard","bindingPath":{"path":"","propertyPath":"/SALES_AREA_VTWEG","modelName":"NewYardModel"},"interaction":{"idSuffix":"inner"}},"wdio_ui5_key":"etmportal.ui.manageyards.view.Newsap.m.Input{\"path\":\"\",\"propertyPath\":\"/SALES_AREA_VTWEG\",\"modelName\":\"NewYardModel\"}"}]}
RESULT: {"script":"<script> [1562 bytes]","args":[{"selector":{"controlType":"sap.m.Input","viewName":"etm.portal.ui.manageyards.view.New","viewId":"application-manageyards-display-component---NewYard","bindingPath":{"path":"","propertyPath":"/SALES_AREA_VTWEG","modelName":"NewYardModel"},"interaction":{"idSuffix":"inner"}},"wdio_ui5_key":"etmportal.ui.manageyards.view.Newsap.m.Input{\"path\":\"\",\"propertyPath\":\"/SALES_AREA_VTWEG\",\"modelName\":\"NewYardModel\"}"}]}
RESULT: undefined
COMMAND: POST /session/848251078812a197579c886f13255d0c/execute/async - {"script":"<script> [776 bytes]","args":[{"enterText":"C2","selector":{"controlType":"sap.m.Input","viewName":"etm.portal.ui.manageyards.view.New","viewId":"application-manageyards-display-component---NewYard","bindingPath":{"path":"","propertyPath":"/SALES_AREA_VTWEG","modelName":"NewYardModel"},"interaction":{"idSuffix":"inner"}},"clearTextFirst":true,"interactionType":"ENTER_TEXT"}]}
RESULT: {"script":"<script> [776 bytes]","args":[{"enterText":"C2","selector":{"controlType":"sap.m.Input","viewName":"etm.portal.ui.manageyards.view.New","viewId":"application-manageyards-display-component---NewYard","bindingPath":{"path":"","propertyPath":"/SALES_AREA_VTWEG","modelName":"NewYardModel"},"interaction":{"idSuffix":"inner"}},"clearTextFirst":true,"interactionType":"ENTER_TEXT"}]}
COMMAND: POST /session/848251078812a197579c886f13255d0c/execute/async - {"script":"<script> [1562 bytes]","args":[{"selector":{"controlType":"sap.m.Input","viewName":"etm.portal.ui.manageyards.view.New","viewId":"application-manageyards-display-component---NewYard","bindingPath":{"path":"","propertyPath":"/SALES_AREA_SPART","modelName":"NewYardModel"},"interaction":{"idSuffix":"inner"}},"wdio_ui5_key":"etmportal.ui.manageyards.view.Newsap.m.Input{\"path\":\"\",\"propertyPath\":\"/SALES_AREA_SPART\",\"modelName\":\"NewYardModel\"}"}]}
RESULT: {"script":"<script> [1562 bytes]","args":[{"selector":{"controlType":"sap.m.Input","viewName":"etm.portal.ui.manageyards.view.New","viewId":"application-manageyards-display-component---NewYard","bindingPath":{"path":"","propertyPath":"/SALES_AREA_SPART","modelName":"NewYardModel"},"interaction":{"idSuffix":"inner"}},"wdio_ui5_key":"etmportal.ui.manageyards.view.Newsap.m.Input{\"path\":\"\",\"propertyPath\":\"/SALES_AREA_SPART\",\"modelName\":\"NewYardModel\"}"}]}
RESULT: undefined
COMMAND: POST /session/848251078812a197579c886f13255d0c/execute/async - {"script":"<script> [776 bytes]","args":[{"enterText":"C2","selector":{"controlType":"sap.m.Input","viewName":"etm.portal.ui.manageyards.view.New","viewId":"application-manageyards-display-component---NewYard","bindingPath":{"path":"","propertyPath":"/SALES_AREA_SPART","modelName":"NewYardModel"},"interaction":{"idSuffix":"inner"}},"clearTextFirst":true,"interactionType":"ENTER_TEXT"}]}
RESULT: {"script":"<script> [776 bytes]","args":[{"enterText":"C2","selector":{"controlType":"sap.m.Input","viewName":"etm.portal.ui.manageyards.view.New","viewId":"application-manageyards-display-component---NewYard","bindingPath":{"path":"","propertyPath":"/SALES_AREA_SPART","modelName":"NewYardModel"},"interaction":{"idSuffix":"inner"}},"clearTextFirst":true,"interactionType":"ENTER_TEXT"}]}
COMMAND: POST /session/848251078812a197579c886f13255d0c/execute/async - {"script":"<script> [1562 bytes]","args":[{"selector":{"controlType":"sap.m.Input","viewName":"etm.portal.ui.manageyards.view.New","viewId":"application-manageyards-display-component---NewYard","bindingPath":{"path":"","propertyPath":"/SHIP_POINT","modelName":"NewYardModel"},"interaction":{"idSuffix":"inner"}},"wdio_ui5_key":"etmportal.ui.manageyards.view.Newsap.m.Input{\"path\":\"\",\"propertyPath\":\"/SHIP_POINT\",\"modelName\":\"NewYardModel\"}"}]}
RESULT: {"script":"<script> [1562 bytes]","args":[{"selector":{"controlType":"sap.m.Input","viewName":"etm.portal.ui.manageyards.view.New","viewId":"application-manageyards-display-component---NewYard","bindingPath":{"path":"","propertyPath":"/SHIP_POINT","modelName":"NewYardModel"},"interaction":{"idSuffix":"inner"}},"wdio_ui5_key":"etmportal.ui.manageyards.view.Newsap.m.Input{\"path\":\"\",\"propertyPath\":\"/SHIP_POINT\",\"modelName\":\"NewYardModel\"}"}]}
RESULT: undefined
COMMAND: POST /session/848251078812a197579c886f13255d0c/execute/async - {"script":"<script> [776 bytes]","args":[{"enterText":"1710","selector":{"controlType":"sap.m.Input","viewName":"etm.portal.ui.manageyards.view.New","viewId":"application-manageyards-display-component---NewYard","bindingPath":{"path":"","propertyPath":"/SHIP_POINT","modelName":"NewYardModel"},"interaction":{"idSuffix":"inner"}},"clearTextFirst":true,"interactionType":"ENTER_TEXT"}]}
RESULT: {"script":"<script> [776 bytes]","args":[{"enterText":"1710","selector":{"controlType":"sap.m.Input","viewName":"etm.portal.ui.manageyards.view.New","viewId":"application-manageyards-display-component---NewYard","bindingPath":{"path":"","propertyPath":"/SHIP_POINT","modelName":"NewYardModel"},"interaction":{"idSuffix":"inner"}},"clearTextFirst":true,"interactionType":"ENTER_TEXT"}]}
COMMAND: POST /session/848251078812a197579c886f13255d0c/execute/async - {"script":"<script> [1562 bytes]","args":[{"selector":{"controlType":"sap.m.Input","viewName":"etm.portal.ui.manageyards.view.New","viewId":"application-manageyards-display-component---NewYard","bindingPath":{"path":"","propertyPath":"/DELIVERY_TYPE","modelName":"NewYardModel"},"interaction":{"idSuffix":"inner"}},"wdio_ui5_key":"etmportal.ui.manageyards.view.Newsap.m.Input{\"path\":\"\",\"propertyPath\":\"/DELIVERY_TYPE\",\"modelName\":\"NewYardModel\"}"}]}
RESULT: {"script":"<script> [1562 bytes]","args":[{"selector":{"controlType":"sap.m.Input","viewName":"etm.portal.ui.manageyards.view.New","viewId":"application-manageyards-display-component---NewYard","bindingPath":{"path":"","propertyPath":"/DELIVERY_TYPE","modelName":"NewYardModel"},"interaction":{"idSuffix":"inner"}},"wdio_ui5_key":"etmportal.ui.manageyards.view.Newsap.m.Input{\"path\":\"\",\"propertyPath\":\"/DELIVERY_TYPE\",\"modelName\":\"NewYardModel\"}"}]}
RESULT: undefined
COMMAND: POST /session/848251078812a197579c886f13255d0c/execute/async - {"script":"<script> [776 bytes]","args":[{"enterText":"ZL01","selector":{"controlType":"sap.m.Input","viewName":"etm.portal.ui.manageyards.view.New","viewId":"application-manageyards-display-component---NewYard","bindingPath":{"path":"","propertyPath":"/DELIVERY_TYPE","modelName":"NewYardModel"},"interaction":{"idSuffix":"inner"}},"clearTextFirst":true,"interactionType":"ENTER_TEXT"}]}
RESULT: {"script":"<script> [776 bytes]","args":[{"enterText":"ZL01","selector":{"controlType":"sap.m.Input","viewName":"etm.portal.ui.manageyards.view.New","viewId":"application-manageyards-display-component---NewYard","bindingPath":{"path":"","propertyPath":"/DELIVERY_TYPE","modelName":"NewYardModel"},"interaction":{"idSuffix":"inner"}},"clearTextFirst":true,"interactionType":"ENTER_TEXT"}]}
COMMAND: POST /session/848251078812a197579c886f13255d0c/execute/async - {"script":"<script> [1562 bytes]","args":[{"selector":{"controlType":"sap.m.Input","viewName":"etm.portal.ui.manageyards.view.New","viewId":"application-manageyards-display-component---NewYard","bindingPath":{"path":"","propertyPath":"/AUART","modelName":"NewYardModel"},"interaction":{"idSuffix":"inner"}},"wdio_ui5_key":"etmportal.ui.manageyards.view.Newsap.m.Input{\"path\":\"\",\"propertyPath\":\"/AUART\",\"modelName\":\"NewYardModel\"}"}]}
RESULT: {"script":"<script> [1562 bytes]","args":[{"selector":{"controlType":"sap.m.Input","viewName":"etm.portal.ui.manageyards.view.New","viewId":"application-manageyards-display-component---NewYard","bindingPath":{"path":"","propertyPath":"/AUART","modelName":"NewYardModel"},"interaction":{"idSuffix":"inner"}},"wdio_ui5_key":"etmportal.ui.manageyards.view.Newsap.m.Input{\"path\":\"\",\"propertyPath\":\"/AUART\",\"modelName\":\"NewYardModel\"}"}]}
RESULT: undefined
COMMAND: POST /session/848251078812a197579c886f13255d0c/execute/async - {"script":"<script> [776 bytes]","args":[{"enterText":"TA","selector":{"controlType":"sap.m.Input","viewName":"etm.portal.ui.manageyards.view.New","viewId":"application-manageyards-display-component---NewYard","bindingPath":{"path":"","propertyPath":"/AUART","modelName":"NewYardModel"},"interaction":{"idSuffix":"inner"}},"clearTextFirst":true,"interactionType":"ENTER_TEXT"}]}
RESULT: {"script":"<script> [776 bytes]","args":[{"enterText":"TA","selector":{"controlType":"sap.m.Input","viewName":"etm.portal.ui.manageyards.view.New","viewId":"application-manageyards-display-component---NewYard","bindingPath":{"path":"","propertyPath":"/AUART","modelName":"NewYardModel"},"interaction":{"idSuffix":"inner"}},"clearTextFirst":true,"interactionType":"ENTER_TEXT"}]}
COMMAND: POST /session/848251078812a197579c886f13255d0c/element - {"using":"xpath","value":"//button[@data-kt=\"newYardSaveButton\"]"}
RESULT: {"using":"xpath","value":"//button[@data-kt=\"newYardSaveButton\"]"}
COMMAND: POST /session/848251078812a197579c886f13255d0c/element/f.E62CCC3EBD73CC3434E37D87B2A77947.d.F319B77B0A948927F1E753E384CAF44E.e.7271/click - {}
RESULT: {}
COMMAND: GET /session/848251078812a197579c886f13255d0c/screenshot - {}
RESULT: {}
COMMAND: POST /session/848251078812a197579c886f13255d0c/element - {"using":"xpath","value":"//header[contains(@id, 'ObjectPageLayout-headerTitle')]/div[1]/div[2]/div[1]/span[1]"}
RESULT: {"using":"xpath","value":"//header[contains(@id, 'ObjectPageLayout-headerTitle')]/div[1]/div[2]/div[1]/span[1]"}
COMMAND: POST /session/848251078812a197579c886f13255d0c/elements - {"using":"xpath","value":"//header[contains(@id, 'ObjectPageLayout-headerTitle')]/div[1]/div[2]/div[1]/span[1]"}
RESULT: {"using":"xpath","value":"//header[contains(@id, 'ObjectPageLayout-headerTitle')]/div[1]/div[2]/div[1]/span[1]"}
COMMAND: POST /session/848251078812a197579c886f13255d0c/execute/sync - {"script":"<script> [56 bytes]","args":[{"element-6066-11e4-a52e-4f735466cecf":"f.E62CCC3EBD73CC3434E37D87B2A77947.d.F319B77B0A948927F1E753E384CAF44E.e.7561","ELEMENT":"f.E62CCC3EBD73CC3434E37D87B2A77947.d.F319B77B0A948927F1E753E384CAF44E.e.7561"}]}
RESULT: {"script":"<script> [56 bytes]","args":[{"element-6066-11e4-a52e-4f735466cecf":"f.E62CCC3EBD73CC3434E37D87B2A77947.d.F319B77B0A948927F1E753E384CAF44E.e.7561","ELEMENT":"f.E62CCC3EBD73CC3434E37D87B2A77947.d.F319B77B0A948927F1E753E384CAF44E.e.7561"}]}
COMMAND: GET /session/848251078812a197579c886f13255d0c/screenshot - {}
RESULT: {}
COMMAND: POST /session/848251078812a197579c886f13255d0c/element - {"using":"css selector","value":"#shell-header-logo"}
RESULT: {"using":"css selector","value":"#shell-header-logo"}
COMMAND: POST /session/848251078812a197579c886f13255d0c/element/f.E62CCC3EBD73CC3434E37D87B2A77947.d.F319B77B0A948927F1E753E384CAF44E.e.6699/click - {}
RESULT: {}
COMMAND: GET /session/848251078812a197579c886f13255d0c/screenshot - {}
RESULT: {}
COMMAND: POST /session/848251078812a197579c886f13255d0c/execute/sync - {"script":"<script> [299 bytes]","args":[["getModel","getResource"]]}
RESULT: {"script":"<script> [299 bytes]","args":[["getModel","getResource"]]}
]]></system-out>
    </testcase>
    <testcase classname="chrome.136_0_7103_93.windows.Provide_to_Site_w/o_warehouse_management_w/_clarification_US116605" name="Should create a new external partner" time="107.022">
      <system-out><![CDATA[
COMMAND: GET /session/848251078812a197579c886f13255d0c/screenshot - {}
COMMAND: POST /session/848251078812a197579c886f13255d0c/window/fullscreen - {}
RESULT: {}
RESULT: {}
COMMAND: POST /session/848251078812a197579c886f13255d0c/execute/async - {"script":"<script> [1562 bytes]","args":[{"selector":{"controlType":"sap.m.GenericTile","properties":{"header":"Manage Partners"}},"wdio_ui5_key":"sapm.GenericTile{\"header\":\"Manage Partners\"}"}]}
RESULT: {"script":"<script> [1562 bytes]","args":[{"selector":{"controlType":"sap.m.GenericTile","properties":{"header":"Manage Partners"}},"wdio_ui5_key":"sapm.GenericTile{\"header\":\"Manage Partners\"}"}]}
RESULT: undefined
COMMAND: POST /session/848251078812a197579c886f13255d0c/element - {"using":"xpath","value":"//*[@id=\"__tile30\"]"}
RESULT: {"using":"xpath","value":"//*[@id=\"__tile30\"]"}
COMMAND: POST /session/848251078812a197579c886f13255d0c/element/f.E62CCC3EBD73CC3434E37D87B2A77947.d.F319B77B0A948927F1E753E384CAF44E.e.6718/click - {}
RESULT: {}
COMMAND: GET /session/848251078812a197579c886f13255d0c/screenshot - {}
COMMAND: POST /session/848251078812a197579c886f13255d0c/elements - {"using":"xpath","value":"//span[text()='Error']"}
RESULT: {}
RESULT: {"using":"xpath","value":"//span[text()='Error']"}
COMMAND: POST /session/848251078812a197579c886f13255d0c/element - {"using":"xpath","value":"//button[@data-kt=\"addButton\"]"}
RESULT: {"using":"xpath","value":"//button[@data-kt=\"addButton\"]"}
COMMAND: POST /session/848251078812a197579c886f13255d0c/elements - {"using":"xpath","value":"//button[@data-kt=\"addButton\"]"}
RESULT: {"using":"xpath","value":"//button[@data-kt=\"addButton\"]"}
COMMAND: POST /session/848251078812a197579c886f13255d0c/elements - {"using":"xpath","value":"//button[@data-kt=\"addButton\"]"}
RESULT: {"using":"xpath","value":"//button[@data-kt=\"addButton\"]"}
COMMAND: POST /session/848251078812a197579c886f13255d0c/element - {"using":"xpath","value":"//button[@data-kt=\"addButton\"]"}
RESULT: {"using":"xpath","value":"//button[@data-kt=\"addButton\"]"}
COMMAND: POST /session/848251078812a197579c886f13255d0c/execute/sync - {"script":"<script> [8489 bytes]","args":[{"element-6066-11e4-a52e-4f735466cecf":"f.E62CCC3EBD73CC3434E37D87B2A77947.d.F319B77B0A948927F1E753E384CAF44E.e.7610","ELEMENT":"f.E62CCC3EBD73CC3434E37D87B2A77947.d.F319B77B0A948927F1E753E384CAF44E.e.7610"}]}
RESULT: {"script":"<script> [8489 bytes]","args":[{"element-6066-11e4-a52e-4f735466cecf":"f.E62CCC3EBD73CC3434E37D87B2A77947.d.F319B77B0A948927F1E753E384CAF44E.e.7610","ELEMENT":"f.E62CCC3EBD73CC3434E37D87B2A77947.d.F319B77B0A948927F1E753E384CAF44E.e.7610"}]}
COMMAND: GET /session/848251078812a197579c886f13255d0c/element/f.E62CCC3EBD73CC3434E37D87B2A77947.d.F319B77B0A948927F1E753E384CAF44E.e.7610/enabled - {}
COMMAND: GET /session/848251078812a197579c886f13255d0c/screenshot - {}
RESULT: {}
COMMAND: POST /session/848251078812a197579c886f13255d0c/execute/sync - {"script":"<script> [8489 bytes]","args":[{"element-6066-11e4-a52e-4f735466cecf":"f.E62CCC3EBD73CC3434E37D87B2A77947.d.F319B77B0A948927F1E753E384CAF44E.e.7610","ELEMENT":"f.E62CCC3EBD73CC3434E37D87B2A77947.d.F319B77B0A948927F1E753E384CAF44E.e.7610"}]}
COMMAND: GET /session/848251078812a197579c886f13255d0c/screenshot - {}
RESULT: {}
RESULT: {"script":"<script> [8489 bytes]","args":[{"element-6066-11e4-a52e-4f735466cecf":"f.E62CCC3EBD73CC3434E37D87B2A77947.d.F319B77B0A948927F1E753E384CAF44E.e.7610","ELEMENT":"f.E62CCC3EBD73CC3434E37D87B2A77947.d.F319B77B0A948927F1E753E384CAF44E.e.7610"}]}
COMMAND: POST /session/848251078812a197579c886f13255d0c/execute/sync - {"script":"<script> [5351 bytes]","args":[{"element-6066-11e4-a52e-4f735466cecf":"f.E62CCC3EBD73CC3434E37D87B2A77947.d.F319B77B0A948927F1E753E384CAF44E.e.7610","ELEMENT":"f.E62CCC3EBD73CC3434E37D87B2A77947.d.F319B77B0A948927F1E753E384CAF44E.e.7610"}]}
COMMAND: GET /session/848251078812a197579c886f13255d0c/screenshot - {}
RESULT: {}
RESULT: {"script":"<script> [5351 bytes]","args":[{"element-6066-11e4-a52e-4f735466cecf":"f.E62CCC3EBD73CC3434E37D87B2A77947.d.F319B77B0A948927F1E753E384CAF44E.e.7610","ELEMENT":"f.E62CCC3EBD73CC3434E37D87B2A77947.d.F319B77B0A948927F1E753E384CAF44E.e.7610"}]}
COMMAND: POST /session/848251078812a197579c886f13255d0c/element/f.E62CCC3EBD73CC3434E37D87B2A77947.d.F319B77B0A948927F1E753E384CAF44E.e.7610/click - {}
COMMAND: GET /session/848251078812a197579c886f13255d0c/screenshot - {}
RESULT: {}
RESULT: {}
COMMAND: GET /session/848251078812a197579c886f13255d0c/screenshot - {}
COMMAND: POST /session/848251078812a197579c886f13255d0c/execute/async - {"script":"<script> [1562 bytes]","args":[{"selector":{"id":"application-managepartners-display-component---NewPartner--addressDetailDetailsName1","interaction":{"idSuffix":"inner"}},"wdio_ui5_key":"applicationmanagepartners-display-component---NewPartner--addressDetailDetailsName1"}]}
RESULT: {}
RESULT: {}
RESULT: {"script":"<script> [1562 bytes]","args":[{"selector":{"id":"application-managepartners-display-component---NewPartner--addressDetailDetailsName1","interaction":{"idSuffix":"inner"}},"wdio_ui5_key":"applicationmanagepartners-display-component---NewPartner--addressDetailDetailsName1"}]}
RESULT: undefined
COMMAND: POST /session/848251078812a197579c886f13255d0c/execute/async - {"script":"<script> [776 bytes]","args":[{"enterText":"External Partner WDIO","selector":{"id":"application-managepartners-display-component---NewPartner--addressDetailDetailsName1","interaction":{"idSuffix":"inner"}},"clearTextFirst":true,"interactionType":"ENTER_TEXT"}]}
RESULT: {"script":"<script> [776 bytes]","args":[{"enterText":"External Partner WDIO","selector":{"id":"application-managepartners-display-component---NewPartner--addressDetailDetailsName1","interaction":{"idSuffix":"inner"}},"clearTextFirst":true,"interactionType":"ENTER_TEXT"}]}
COMMAND: POST /session/848251078812a197579c886f13255d0c/execute/async - {"script":"<script> [1562 bytes]","args":[{"selector":{"id":"application-managepartners-display-component---NewPartner--addressDetailDetailsLanguage-arrow"},"wdio_ui5_key":"applicationmanagepartners-display-component---NewPartner--addressDetailDetailsLanguage-arrow"}]}
RESULT: {"script":"<script> [1562 bytes]","args":[{"selector":{"id":"application-managepartners-display-component---NewPartner--addressDetailDetailsLanguage-arrow"},"wdio_ui5_key":"applicationmanagepartners-display-component---NewPartner--addressDetailDetailsLanguage-arrow"}]}
RESULT: undefined
COMMAND: POST /session/848251078812a197579c886f13255d0c/element - {"using":"xpath","value":"//*[@id=\"application-managepartners-display-component---NewPartner--addressDetailDetailsLanguage-arrow\"]"}
RESULT: {"using":"xpath","value":"//*[@id=\"application-managepartners-display-component---NewPartner--addressDetailDetailsLanguage-arrow\"]"}
COMMAND: POST /session/848251078812a197579c886f13255d0c/element/f.E62CCC3EBD73CC3434E37D87B2A77947.d.F319B77B0A948927F1E753E384CAF44E.e.8045/click - {}
RESULT: {}
COMMAND: POST /session/848251078812a197579c886f13255d0c/element - {"using":"xpath","value":"//span[contains(text(), \"English\")]"}
COMMAND: GET /session/848251078812a197579c886f13255d0c/screenshot - {}
RESULT: {"using":"xpath","value":"//span[contains(text(), \"English\")]"}
COMMAND: POST /session/848251078812a197579c886f13255d0c/element/f.E62CCC3EBD73CC3434E37D87B2A77947.d.F319B77B0A948927F1E753E384CAF44E.e.8046/click - {}
RESULT: {}
RESULT: {}
COMMAND: GET /session/848251078812a197579c886f13255d0c/screenshot - {}
RESULT: {}
COMMAND: POST /session/848251078812a197579c886f13255d0c/execute/async - {"script":"<script> [1562 bytes]","args":[{"selector":{"id":"application-managepartners-display-component---NewPartner--addressDetailDetailsCity1","interaction":{"idSuffix":"inner"}},"wdio_ui5_key":"applicationmanagepartners-display-component---NewPartner--addressDetailDetailsCity1"}]}
RESULT: {"script":"<script> [1562 bytes]","args":[{"selector":{"id":"application-managepartners-display-component---NewPartner--addressDetailDetailsCity1","interaction":{"idSuffix":"inner"}},"wdio_ui5_key":"applicationmanagepartners-display-component---NewPartner--addressDetailDetailsCity1"}]}
RESULT: undefined
COMMAND: POST /session/848251078812a197579c886f13255d0c/execute/async - {"script":"<script> [776 bytes]","args":[{"enterText":"Rosario","selector":{"id":"application-managepartners-display-component---NewPartner--addressDetailDetailsCity1","interaction":{"idSuffix":"inner"}},"clearTextFirst":true,"interactionType":"ENTER_TEXT"}]}
RESULT: {"script":"<script> [776 bytes]","args":[{"enterText":"Rosario","selector":{"id":"application-managepartners-display-component---NewPartner--addressDetailDetailsCity1","interaction":{"idSuffix":"inner"}},"clearTextFirst":true,"interactionType":"ENTER_TEXT"}]}
COMMAND: POST /session/848251078812a197579c886f13255d0c/execute/async - {"script":"<script> [1562 bytes]","args":[{"selector":{"id":"application-managepartners-display-component---NewPartner--addressDetailDetailsCountry-arrow"},"wdio_ui5_key":"applicationmanagepartners-display-component---NewPartner--addressDetailDetailsCountry-arrow"}]}
RESULT: {"script":"<script> [1562 bytes]","args":[{"selector":{"id":"application-managepartners-display-component---NewPartner--addressDetailDetailsCountry-arrow"},"wdio_ui5_key":"applicationmanagepartners-display-component---NewPartner--addressDetailDetailsCountry-arrow"}]}
RESULT: undefined
COMMAND: POST /session/848251078812a197579c886f13255d0c/element - {"using":"xpath","value":"//*[@id=\"application-managepartners-display-component---NewPartner--addressDetailDetailsCountry-arrow\"]"}
RESULT: {"using":"xpath","value":"//*[@id=\"application-managepartners-display-component---NewPartner--addressDetailDetailsCountry-arrow\"]"}
COMMAND: POST /session/848251078812a197579c886f13255d0c/element/f.E62CCC3EBD73CC3434E37D87B2A77947.d.F319B77B0A948927F1E753E384CAF44E.e.8024/click - {}
RESULT: {}
COMMAND: POST /session/848251078812a197579c886f13255d0c/element - {"using":"xpath","value":"//span[contains(text(), \"Argentina\")]"}
COMMAND: GET /session/848251078812a197579c886f13255d0c/screenshot - {}
RESULT: {"using":"xpath","value":"//span[contains(text(), \"Argentina\")]"}
COMMAND: POST /session/848251078812a197579c886f13255d0c/element/f.E62CCC3EBD73CC3434E37D87B2A77947.d.F319B77B0A948927F1E753E384CAF44E.e.8048/click - {}
RESULT: {}
RESULT: {}
COMMAND: GET /session/848251078812a197579c886f13255d0c/screenshot - {}
RESULT: {}
COMMAND: POST /session/848251078812a197579c886f13255d0c/element - {"using":"xpath","value":"//bdi[contains(text(), \"Commercial\")]"}
RESULT: {"using":"xpath","value":"//bdi[contains(text(), \"Commercial\")]"}
COMMAND: POST /session/848251078812a197579c886f13255d0c/element/f.E62CCC3EBD73CC3434E37D87B2A77947.d.F319B77B0A948927F1E753E384CAF44E.e.8049/click - {}
RESULT: {}
COMMAND: GET /session/848251078812a197579c886f13255d0c/screenshot - {}
RESULT: {}
COMMAND: POST /session/848251078812a197579c886f13255d0c/execute/async - {"script":"<script> [1562 bytes]","args":[{"selector":{"id":"application-managepartners-display-component---NewPartner--partnerDetailInternal-arrow"},"wdio_ui5_key":"applicationmanagepartners-display-component---NewPartner--partnerDetailInternal-arrow"}]}
RESULT: {"script":"<script> [1562 bytes]","args":[{"selector":{"id":"application-managepartners-display-component---NewPartner--partnerDetailInternal-arrow"},"wdio_ui5_key":"applicationmanagepartners-display-component---NewPartner--partnerDetailInternal-arrow"}]}
RESULT: undefined
COMMAND: POST /session/848251078812a197579c886f13255d0c/element - {"using":"xpath","value":"//*[@id=\"application-managepartners-display-component---NewPartner--partnerDetailInternal-arrow\"]"}
RESULT: {"using":"xpath","value":"//*[@id=\"application-managepartners-display-component---NewPartner--partnerDetailInternal-arrow\"]"}
COMMAND: POST /session/848251078812a197579c886f13255d0c/element/f.E62CCC3EBD73CC3434E37D87B2A77947.d.F319B77B0A948927F1E753E384CAF44E.e.8055/click - {}
RESULT: {}
COMMAND: POST /session/848251078812a197579c886f13255d0c/element - {"using":"xpath","value":"//span[contains(text(), \"External partner\")]"}
COMMAND: GET /session/848251078812a197579c886f13255d0c/screenshot - {}
RESULT: {"using":"xpath","value":"//span[contains(text(), \"External partner\")]"}
COMMAND: POST /session/848251078812a197579c886f13255d0c/element/f.E62CCC3EBD73CC3434E37D87B2A77947.d.F319B77B0A948927F1E753E384CAF44E.e.8058/click - {}
RESULT: {}
RESULT: {}
COMMAND: POST /session/848251078812a197579c886f13255d0c/execute/async - {"script":"<script> [1562 bytes]","args":[{"selector":{"id":"application-managepartners-display-component---NewPartner--partnerDetailsCurrency-arrow"},"wdio_ui5_key":"applicationmanagepartners-display-component---NewPartner--partnerDetailsCurrency-arrow"}]}
COMMAND: GET /session/848251078812a197579c886f13255d0c/screenshot - {}
RESULT: {"script":"<script> [1562 bytes]","args":[{"selector":{"id":"application-managepartners-display-component---NewPartner--partnerDetailsCurrency-arrow"},"wdio_ui5_key":"applicationmanagepartners-display-component---NewPartner--partnerDetailsCurrency-arrow"}]}
RESULT: undefined
COMMAND: POST /session/848251078812a197579c886f13255d0c/element - {"using":"xpath","value":"//*[@id=\"application-managepartners-display-component---NewPartner--partnerDetailsCurrency-arrow\"]"}
RESULT: {}
RESULT: {"using":"xpath","value":"//*[@id=\"application-managepartners-display-component---NewPartner--partnerDetailsCurrency-arrow\"]"}
COMMAND: POST /session/848251078812a197579c886f13255d0c/element/f.E62CCC3EBD73CC3434E37D87B2A77947.d.F319B77B0A948927F1E753E384CAF44E.e.8063/click - {}
RESULT: {}
COMMAND: POST /session/848251078812a197579c886f13255d0c/element - {"using":"xpath","value":"//span[contains(text(), \"US Dollar\")]"}
COMMAND: GET /session/848251078812a197579c886f13255d0c/screenshot - {}
RESULT: {"using":"xpath","value":"//span[contains(text(), \"US Dollar\")]"}
COMMAND: POST /session/848251078812a197579c886f13255d0c/element/f.E62CCC3EBD73CC3434E37D87B2A77947.d.F319B77B0A948927F1E753E384CAF44E.e.8064/click - {}
RESULT: {}
RESULT: {}
COMMAND: GET /session/848251078812a197579c886f13255d0c/screenshot - {}
RESULT: {}
COMMAND: POST /session/848251078812a197579c886f13255d0c/element - {"using":"xpath","value":"//input[@id=\"application-managepartners-display-component---NewPartner--companyCodeComboBox-inner\"]"}
RESULT: {"using":"xpath","value":"//input[@id=\"application-managepartners-display-component---NewPartner--companyCodeComboBox-inner\"]"}
COMMAND: POST /session/848251078812a197579c886f13255d0c/element/f.E62CCC3EBD73CC3434E37D87B2A77947.d.F319B77B0A948927F1E753E384CAF44E.e.7910/clear - {}
RESULT: {}
COMMAND: POST /session/848251078812a197579c886f13255d0c/element/f.E62CCC3EBD73CC3434E37D87B2A77947.d.F319B77B0A948927F1E753E384CAF44E.e.7910/value - {"text":"C002"}
COMMAND: GET /session/848251078812a197579c886f13255d0c/screenshot - {}
RESULT: {"text":"C002"}
COMMAND: GET /session/848251078812a197579c886f13255d0c/screenshot - {}
RESULT: {}
RESULT: {}
COMMAND: POST /session/848251078812a197579c886f13255d0c/element - {"using":"xpath","value":"//li[.//span[text()= \"C002\"]]"}
RESULT: {"using":"xpath","value":"//li[.//span[text()= \"C002\"]]"}
COMMAND: POST /session/848251078812a197579c886f13255d0c/element/f.E62CCC3EBD73CC3434E37D87B2A77947.d.F319B77B0A948927F1E753E384CAF44E.e.8068/click - {}
RESULT: {}
COMMAND: GET /session/848251078812a197579c886f13255d0c/screenshot - {}
RESULT: {}
COMMAND: POST /session/848251078812a197579c886f13255d0c/execute/async - {"script":"<script> [1562 bytes]","args":[{"selector":{"controlType":"sap.ui.core.Icon","viewName":"etm.portal.ui.managepartners.view.NewPartner","viewId":"application-managepartners-display-component---NewPartner","properties":{"src":{"regex":{"source":"slim\\-arrow\\-down"}}},"ancestor":{"controlType":"sap.m.ComboBox","viewName":"etm.portal.ui.managepartners.view.NewPartner","viewId":"application-managepartners-display-component---NewPartner","bindingPath":{"path":"","propertyPath":"/CATALOG","modelName":"oNewPartnerModel"}}},"wdio_ui5_key":"etmportal.ui.managepartners.view.NewPartnersap.ui.core.Icon{\"src\":{\"regex\":{\"source\":\"slim\\\\-arrow\\\\-down\"}}}{\"controlType\":\"sap.m.ComboBox\",\"viewName\":\"etm.portal.ui.managepartners.view.NewPartner\",\"viewId\":\"application-managepartners-display-component---NewPartner\",\"bindingPath\":{\"path\":\"\",\"propertyPath\":\"/CATALOG\",\"modelName\":\"oNewPartnerModel\"}}"}]}
RESULT: {"script":"<script> [1562 bytes]","args":[{"selector":{"controlType":"sap.ui.core.Icon","viewName":"etm.portal.ui.managepartners.view.NewPartner","viewId":"application-managepartners-display-component---NewPartner","properties":{"src":{"regex":{"source":"slim\\-arrow\\-down"}}},"ancestor":{"controlType":"sap.m.ComboBox","viewName":"etm.portal.ui.managepartners.view.NewPartner","viewId":"application-managepartners-display-component---NewPartner","bindingPath":{"path":"","propertyPath":"/CATALOG","modelName":"oNewPartnerModel"}}},"wdio_ui5_key":"etmportal.ui.managepartners.view.NewPartnersap.ui.core.Icon{\"src\":{\"regex\":{\"source\":\"slim\\\\-arrow\\\\-down\"}}}{\"controlType\":\"sap.m.ComboBox\",\"viewName\":\"etm.portal.ui.managepartners.view.NewPartner\",\"viewId\":\"application-managepartners-display-component---NewPartner\",\"bindingPath\":{\"path\":\"\",\"propertyPath\":\"/CATALOG\",\"modelName\":\"oNewPartnerModel\"}}"}]}
RESULT: undefined
COMMAND: POST /session/848251078812a197579c886f13255d0c/element - {"using":"xpath","value":"//*[@id=\"__box21-arrow\"]"}
RESULT: {"using":"xpath","value":"//*[@id=\"__box21-arrow\"]"}
COMMAND: POST /session/848251078812a197579c886f13255d0c/element/f.E62CCC3EBD73CC3434E37D87B2A77947.d.F319B77B0A948927F1E753E384CAF44E.e.8025/click - {}
RESULT: {}
COMMAND: GET /session/848251078812a197579c886f13255d0c/screenshot - {}
RESULT: {}
COMMAND: POST /session/848251078812a197579c886f13255d0c/element - {"using":"xpath","value":"//ul[contains(@id,\"popup-list-listUl\")]//li[.//span[text()= \"Webshop Catalog\"]]"}
RESULT: {"using":"xpath","value":"//ul[contains(@id,\"popup-list-listUl\")]//li[.//span[text()= \"Webshop Catalog\"]]"}
COMMAND: POST /session/848251078812a197579c886f13255d0c/element/f.E62CCC3EBD73CC3434E37D87B2A77947.d.F319B77B0A948927F1E753E384CAF44E.e.8070/click - {}
RESULT: {}
COMMAND: GET /session/848251078812a197579c886f13255d0c/screenshot - {}
RESULT: {}
COMMAND: POST /session/848251078812a197579c886f13255d0c/execute/async - {"script":"<script> [1562 bytes]","args":[{"selector":{"id":"application-managepartners-display-component---NewPartner--btnAddTableRow-img"},"wdio_ui5_key":"applicationmanagepartners-display-component---NewPartner--btnAddTableRow-img"}]}
RESULT: {"script":"<script> [1562 bytes]","args":[{"selector":{"id":"application-managepartners-display-component---NewPartner--btnAddTableRow-img"},"wdio_ui5_key":"applicationmanagepartners-display-component---NewPartner--btnAddTableRow-img"}]}
RESULT: undefined
COMMAND: POST /session/848251078812a197579c886f13255d0c/element - {"using":"xpath","value":"//*[@id=\"application-managepartners-display-component---NewPartner--btnAddTableRow-img\"]"}
RESULT: {"using":"xpath","value":"//*[@id=\"application-managepartners-display-component---NewPartner--btnAddTableRow-img\"]"}
COMMAND: POST /session/848251078812a197579c886f13255d0c/element/f.E62CCC3EBD73CC3434E37D87B2A77947.d.F319B77B0A948927F1E753E384CAF44E.e.8071/click - {}
RESULT: {}
COMMAND: GET /session/848251078812a197579c886f13255d0c/screenshot - {}
RESULT: {}
COMMAND: POST /session/848251078812a197579c886f13255d0c/element - {"using":"xpath","value":"//input[@id=\"application-managepartners-display-component---NewPartner--assignmentYard-application-managepartners-display-component---NewPartner--assignmentsTable-0-inner\"]"}
RESULT: {"using":"xpath","value":"//input[@id=\"application-managepartners-display-component---NewPartner--assignmentYard-application-managepartners-display-component---NewPartner--assignmentsTable-0-inner\"]"}
COMMAND: POST /session/848251078812a197579c886f13255d0c/element/f.E62CCC3EBD73CC3434E37D87B2A77947.d.F319B77B0A948927F1E753E384CAF44E.e.8074/clear - {}
RESULT: {}
COMMAND: POST /session/848251078812a197579c886f13255d0c/element/f.E62CCC3EBD73CC3434E37D87B2A77947.d.F319B77B0A948927F1E753E384CAF44E.e.8074/value - {"text":"647"}
COMMAND: GET /session/848251078812a197579c886f13255d0c/screenshot - {}
RESULT: {"text":"647"}
COMMAND: GET /session/848251078812a197579c886f13255d0c/screenshot - {}
RESULT: {}
RESULT: {}
COMMAND: POST /session/848251078812a197579c886f13255d0c/element - {"using":"xpath","value":"//li[.//span[text()='647']]"}
RESULT: {"using":"xpath","value":"//li[.//span[text()='647']]"}
COMMAND: POST /session/848251078812a197579c886f13255d0c/element/f.E62CCC3EBD73CC3434E37D87B2A77947.d.F319B77B0A948927F1E753E384CAF44E.e.8082/click - {}
RESULT: {}
COMMAND: GET /session/848251078812a197579c886f13255d0c/screenshot - {}
RESULT: {}
COMMAND: POST /session/848251078812a197579c886f13255d0c/actions - {"actions":[{"id":"action26","type":"key","parameters":{},"actions":[{"type":"keyDown","value":"î€‡"},{"type":"pause","duration":10},{"type":"keyUp","value":"î€‡"}]}]}
RESULT: {"actions":[{"id":"action26","type":"key","parameters":{},"actions":[{"type":"keyDown","value":"î€‡"},{"type":"pause","duration":10},{"type":"keyUp","value":"î€‡"}]}]}
COMMAND: POST /session/848251078812a197579c886f13255d0c/element - {"using":"xpath","value":"//td[contains(@id, \"assignmentsTable-0-cell2\")]/div/div"}
COMMAND: GET /session/848251078812a197579c886f13255d0c/screenshot - {}
RESULT: {"using":"xpath","value":"//td[contains(@id, \"assignmentsTable-0-cell2\")]/div/div"}
COMMAND: POST /session/848251078812a197579c886f13255d0c/element/f.E62CCC3EBD73CC3434E37D87B2A77947.d.F319B77B0A948927F1E753E384CAF44E.e.8085/click - {}
RESULT: {}
RESULT: {}
COMMAND: GET /session/848251078812a197579c886f13255d0c/screenshot - {}
RESULT: {}
COMMAND: POST /session/848251078812a197579c886f13255d0c/element - {"using":"xpath","value":"//button[@data-kt=\"saveButton\"]"}
RESULT: {"using":"xpath","value":"//button[@data-kt=\"saveButton\"]"}
COMMAND: POST /session/848251078812a197579c886f13255d0c/element/f.E62CCC3EBD73CC3434E37D87B2A77947.d.F319B77B0A948927F1E753E384CAF44E.e.8020/click - {}
RESULT: {}
COMMAND: GET /session/848251078812a197579c886f13255d0c/screenshot - {}
RESULT: {}
COMMAND: POST /session/848251078812a197579c886f13255d0c/element - {"using":"xpath","value":"//header[contains(@id, 'ObjectPageLayout-headerTitle')]/div[1]/div[2]/div[2]/span[1]"}
RESULT: {"using":"xpath","value":"//header[contains(@id, 'ObjectPageLayout-headerTitle')]/div[1]/div[2]/div[2]/span[1]"}
COMMAND: POST /session/848251078812a197579c886f13255d0c/elements - {"using":"xpath","value":"//header[contains(@id, 'ObjectPageLayout-headerTitle')]/div[1]/div[2]/div[2]/span[1]"}
RESULT: {"using":"xpath","value":"//header[contains(@id, 'ObjectPageLayout-headerTitle')]/div[1]/div[2]/div[2]/span[1]"}
COMMAND: POST /session/848251078812a197579c886f13255d0c/execute/sync - {"script":"<script> [56 bytes]","args":[{"element-6066-11e4-a52e-4f735466cecf":"f.E62CCC3EBD73CC3434E37D87B2A77947.d.F319B77B0A948927F1E753E384CAF44E.e.8245","ELEMENT":"f.E62CCC3EBD73CC3434E37D87B2A77947.d.F319B77B0A948927F1E753E384CAF44E.e.8245"}]}
RESULT: {"script":"<script> [56 bytes]","args":[{"element-6066-11e4-a52e-4f735466cecf":"f.E62CCC3EBD73CC3434E37D87B2A77947.d.F319B77B0A948927F1E753E384CAF44E.e.8245","ELEMENT":"f.E62CCC3EBD73CC3434E37D87B2A77947.d.F319B77B0A948927F1E753E384CAF44E.e.8245"}]}
COMMAND: POST /session/848251078812a197579c886f13255d0c/element - {"using":"css selector","value":"#shell-header-logo"}
COMMAND: GET /session/848251078812a197579c886f13255d0c/screenshot - {}
RESULT: {"using":"css selector","value":"#shell-header-logo"}
COMMAND: POST /session/848251078812a197579c886f13255d0c/element/f.E62CCC3EBD73CC3434E37D87B2A77947.d.F319B77B0A948927F1E753E384CAF44E.e.7566/click - {}
RESULT: {}
RESULT: {}
COMMAND: GET /session/848251078812a197579c886f13255d0c/screenshot - {}
RESULT: {}
COMMAND: POST /session/848251078812a197579c886f13255d0c/execute/sync - {"script":"<script> [299 bytes]","args":[["getModel","getResource"]]}
RESULT: {"script":"<script> [299 bytes]","args":[["getModel","getResource"]]}
]]></system-out>
    </testcase>
    <testcase classname="chrome.136_0_7103_93.windows.Provide_to_Site_w/o_warehouse_management_w/_clarification_US116605" name="Should create a new site" time="165.563">
      <system-out><![CDATA[
COMMAND: POST /session/848251078812a197579c886f13255d0c/execute/async - {"script":"<script> [1562 bytes]","args":[{"selector":{"controlType":"sap.m.GenericTile","properties":{"header":"Manage Sites"}},"wdio_ui5_key":"sapm.GenericTile{\"header\":\"Manage Sites\"}"}]}
COMMAND: GET /session/848251078812a197579c886f13255d0c/screenshot - {}
RESULT: {"script":"<script> [1562 bytes]","args":[{"selector":{"controlType":"sap.m.GenericTile","properties":{"header":"Manage Sites"}},"wdio_ui5_key":"sapm.GenericTile{\"header\":\"Manage Sites\"}"}]}
RESULT: undefined
COMMAND: POST /session/848251078812a197579c886f13255d0c/element - {"using":"xpath","value":"//*[@id=\"__tile32\"]"}
RESULT: {}
RESULT: {"using":"xpath","value":"//*[@id=\"__tile32\"]"}
COMMAND: POST /session/848251078812a197579c886f13255d0c/element/f.E62CCC3EBD73CC3434E37D87B2A77947.d.F319B77B0A948927F1E753E384CAF44E.e.6724/click - {}
RESULT: {}
COMMAND: GET /session/848251078812a197579c886f13255d0c/screenshot - {}
RESULT: {}
COMMAND: POST /session/848251078812a197579c886f13255d0c/elements - {"using":"xpath","value":"//span[text()='Error']"}
RESULT: {"using":"xpath","value":"//span[text()='Error']"}
COMMAND: POST /session/848251078812a197579c886f13255d0c/element - {"using":"xpath","value":"//button[@data-kt=\"addOverflowToolbarButton\"]"}
RESULT: {"using":"xpath","value":"//button[@data-kt=\"addOverflowToolbarButton\"]"}
COMMAND: POST /session/848251078812a197579c886f13255d0c/elements - {"using":"xpath","value":"//button[@data-kt=\"addOverflowToolbarButton\"]"}
RESULT: {"using":"xpath","value":"//button[@data-kt=\"addOverflowToolbarButton\"]"}
COMMAND: POST /session/848251078812a197579c886f13255d0c/execute/sync - {"script":"<script> [8489 bytes]","args":[{"element-6066-11e4-a52e-4f735466cecf":"f.E62CCC3EBD73CC3434E37D87B2A77947.d.F319B77B0A948927F1E753E384CAF44E.e.8285","ELEMENT":"f.E62CCC3EBD73CC3434E37D87B2A77947.d.F319B77B0A948927F1E753E384CAF44E.e.8285"}]}
RESULT: {"script":"<script> [8489 bytes]","args":[{"element-6066-11e4-a52e-4f735466cecf":"f.E62CCC3EBD73CC3434E37D87B2A77947.d.F319B77B0A948927F1E753E384CAF44E.e.8285","ELEMENT":"f.E62CCC3EBD73CC3434E37D87B2A77947.d.F319B77B0A948927F1E753E384CAF44E.e.8285"}]}
COMMAND: GET /session/848251078812a197579c886f13255d0c/element/f.E62CCC3EBD73CC3434E37D87B2A77947.d.F319B77B0A948927F1E753E384CAF44E.e.8285/enabled - {}
COMMAND: GET /session/848251078812a197579c886f13255d0c/screenshot - {}
RESULT: {}
COMMAND: POST /session/848251078812a197579c886f13255d0c/execute/sync - {"script":"<script> [8489 bytes]","args":[{"element-6066-11e4-a52e-4f735466cecf":"f.E62CCC3EBD73CC3434E37D87B2A77947.d.F319B77B0A948927F1E753E384CAF44E.e.8285","ELEMENT":"f.E62CCC3EBD73CC3434E37D87B2A77947.d.F319B77B0A948927F1E753E384CAF44E.e.8285"}]}
COMMAND: GET /session/848251078812a197579c886f13255d0c/screenshot - {}
RESULT: {}
RESULT: {"script":"<script> [8489 bytes]","args":[{"element-6066-11e4-a52e-4f735466cecf":"f.E62CCC3EBD73CC3434E37D87B2A77947.d.F319B77B0A948927F1E753E384CAF44E.e.8285","ELEMENT":"f.E62CCC3EBD73CC3434E37D87B2A77947.d.F319B77B0A948927F1E753E384CAF44E.e.8285"}]}
COMMAND: POST /session/848251078812a197579c886f13255d0c/execute/sync - {"script":"<script> [5351 bytes]","args":[{"element-6066-11e4-a52e-4f735466cecf":"f.E62CCC3EBD73CC3434E37D87B2A77947.d.F319B77B0A948927F1E753E384CAF44E.e.8285","ELEMENT":"f.E62CCC3EBD73CC3434E37D87B2A77947.d.F319B77B0A948927F1E753E384CAF44E.e.8285"}]}
COMMAND: GET /session/848251078812a197579c886f13255d0c/screenshot - {}
RESULT: {}
RESULT: {"script":"<script> [5351 bytes]","args":[{"element-6066-11e4-a52e-4f735466cecf":"f.E62CCC3EBD73CC3434E37D87B2A77947.d.F319B77B0A948927F1E753E384CAF44E.e.8285","ELEMENT":"f.E62CCC3EBD73CC3434E37D87B2A77947.d.F319B77B0A948927F1E753E384CAF44E.e.8285"}]}
COMMAND: POST /session/848251078812a197579c886f13255d0c/element/f.E62CCC3EBD73CC3434E37D87B2A77947.d.F319B77B0A948927F1E753E384CAF44E.e.8285/click - {}
COMMAND: GET /session/848251078812a197579c886f13255d0c/screenshot - {}
RESULT: {}
RESULT: {}
COMMAND: GET /session/848251078812a197579c886f13255d0c/screenshot - {}
COMMAND: POST /session/848251078812a197579c886f13255d0c/element - {"using":"xpath","value":"//input[@id=\"application-managesites-display-component---NewSite--siteId-inner\"]"}
RESULT: {}
RESULT: {}
RESULT: {"using":"xpath","value":"//input[@id=\"application-managesites-display-component---NewSite--siteId-inner\"]"}
COMMAND: POST /session/848251078812a197579c886f13255d0c/element - {"using":"xpath","value":"//input[@id=\"application-managesites-display-component---NewSite--siteId-inner\"]"}
RESULT: {"using":"xpath","value":"//input[@id=\"application-managesites-display-component---NewSite--siteId-inner\"]"}
COMMAND: POST /session/848251078812a197579c886f13255d0c/execute/async - {"script":"<script> [1562 bytes]","args":[{"selector":{"id":"application-managesites-display-component---NewSite--addressDetailDetailsName1","interaction":{"idSuffix":"inner"}},"wdio_ui5_key":"applicationmanagesites-display-component---NewSite--addressDetailDetailsName1"}]}
RESULT: {"script":"<script> [1562 bytes]","args":[{"selector":{"id":"application-managesites-display-component---NewSite--addressDetailDetailsName1","interaction":{"idSuffix":"inner"}},"wdio_ui5_key":"applicationmanagesites-display-component---NewSite--addressDetailDetailsName1"}]}
RESULT: undefined
COMMAND: POST /session/848251078812a197579c886f13255d0c/execute/async - {"script":"<script> [776 bytes]","args":[{"enterText":"Other Type Site WDIO","selector":{"id":"application-managesites-display-component---NewSite--addressDetailDetailsName1","interaction":{"idSuffix":"inner"}},"clearTextFirst":true,"interactionType":"ENTER_TEXT"}]}
RESULT: {"script":"<script> [776 bytes]","args":[{"enterText":"Other Type Site WDIO","selector":{"id":"application-managesites-display-component---NewSite--addressDetailDetailsName1","interaction":{"idSuffix":"inner"}},"clearTextFirst":true,"interactionType":"ENTER_TEXT"}]}
COMMAND: POST /session/848251078812a197579c886f13255d0c/execute/async - {"script":"<script> [1562 bytes]","args":[{"selector":{"id":"application-managesites-display-component---NewSite--addressDetailDetailsLanguage-arrow"},"wdio_ui5_key":"applicationmanagesites-display-component---NewSite--addressDetailDetailsLanguage-arrow"}]}
RESULT: {"script":"<script> [1562 bytes]","args":[{"selector":{"id":"application-managesites-display-component---NewSite--addressDetailDetailsLanguage-arrow"},"wdio_ui5_key":"applicationmanagesites-display-component---NewSite--addressDetailDetailsLanguage-arrow"}]}
RESULT: undefined
COMMAND: POST /session/848251078812a197579c886f13255d0c/element - {"using":"xpath","value":"//*[@id=\"application-managesites-display-component---NewSite--addressDetailDetailsLanguage-arrow\"]"}
RESULT: {"using":"xpath","value":"//*[@id=\"application-managesites-display-component---NewSite--addressDetailDetailsLanguage-arrow\"]"}
COMMAND: POST /session/848251078812a197579c886f13255d0c/element/f.E62CCC3EBD73CC3434E37D87B2A77947.d.F319B77B0A948927F1E753E384CAF44E.e.8751/click - {}
RESULT: {}
COMMAND: POST /session/848251078812a197579c886f13255d0c/element - {"using":"xpath","value":"//span[contains(text(), \"English\")]"}
COMMAND: GET /session/848251078812a197579c886f13255d0c/screenshot - {}
RESULT: {"using":"xpath","value":"//span[contains(text(), \"English\")]"}
COMMAND: POST /session/848251078812a197579c886f13255d0c/element/f.E62CCC3EBD73CC3434E37D87B2A77947.d.F319B77B0A948927F1E753E384CAF44E.e.8752/click - {}
RESULT: {}
RESULT: {}
COMMAND: POST /session/848251078812a197579c886f13255d0c/execute/async - {"script":"<script> [1562 bytes]","args":[{"selector":{"id":"application-managesites-display-component---NewSite--addressDetailDetailsCity1","interaction":{"idSuffix":"inner"}},"wdio_ui5_key":"applicationmanagesites-display-component---NewSite--addressDetailDetailsCity1"}]}
COMMAND: GET /session/848251078812a197579c886f13255d0c/screenshot - {}
RESULT: {"script":"<script> [1562 bytes]","args":[{"selector":{"id":"application-managesites-display-component---NewSite--addressDetailDetailsCity1","interaction":{"idSuffix":"inner"}},"wdio_ui5_key":"applicationmanagesites-display-component---NewSite--addressDetailDetailsCity1"}]}
RESULT: undefined
COMMAND: POST /session/848251078812a197579c886f13255d0c/execute/async - {"script":"<script> [776 bytes]","args":[{"enterText":"Rosario","selector":{"id":"application-managesites-display-component---NewSite--addressDetailDetailsCity1","interaction":{"idSuffix":"inner"}},"clearTextFirst":true,"interactionType":"ENTER_TEXT"}]}
RESULT: {}
RESULT: {"script":"<script> [776 bytes]","args":[{"enterText":"Rosario","selector":{"id":"application-managesites-display-component---NewSite--addressDetailDetailsCity1","interaction":{"idSuffix":"inner"}},"clearTextFirst":true,"interactionType":"ENTER_TEXT"}]}
COMMAND: POST /session/848251078812a197579c886f13255d0c/execute/async - {"script":"<script> [1562 bytes]","args":[{"selector":{"id":"application-managesites-display-component---NewSite--addressDetailDetailsCountry-arrow"},"wdio_ui5_key":"applicationmanagesites-display-component---NewSite--addressDetailDetailsCountry-arrow"}]}
RESULT: {"script":"<script> [1562 bytes]","args":[{"selector":{"id":"application-managesites-display-component---NewSite--addressDetailDetailsCountry-arrow"},"wdio_ui5_key":"applicationmanagesites-display-component---NewSite--addressDetailDetailsCountry-arrow"}]}
RESULT: undefined
COMMAND: POST /session/848251078812a197579c886f13255d0c/element - {"using":"xpath","value":"//*[@id=\"application-managesites-display-component---NewSite--addressDetailDetailsCountry-arrow\"]"}
RESULT: {"using":"xpath","value":"//*[@id=\"application-managesites-display-component---NewSite--addressDetailDetailsCountry-arrow\"]"}
COMMAND: POST /session/848251078812a197579c886f13255d0c/element/f.E62CCC3EBD73CC3434E37D87B2A77947.d.F319B77B0A948927F1E753E384CAF44E.e.8754/click - {}
RESULT: {}
COMMAND: POST /session/848251078812a197579c886f13255d0c/element - {"using":"xpath","value":"//span[contains(text(), \"Argentina\")]"}
COMMAND: GET /session/848251078812a197579c886f13255d0c/screenshot - {}
RESULT: {"using":"xpath","value":"//span[contains(text(), \"Argentina\")]"}
COMMAND: POST /session/848251078812a197579c886f13255d0c/element/f.E62CCC3EBD73CC3434E37D87B2A77947.d.F319B77B0A948927F1E753E384CAF44E.e.8755/click - {}
RESULT: {}
RESULT: {}
COMMAND: GET /session/848251078812a197579c886f13255d0c/screenshot - {}
RESULT: {}
COMMAND: POST /session/848251078812a197579c886f13255d0c/execute/async - {"script":"<script> [1562 bytes]","args":[{"selector":{"id":"application-managesites-display-component---NewSite--addressEditDetailsCostObjectCstType-arrow"},"wdio_ui5_key":"applicationmanagesites-display-component---NewSite--addressEditDetailsCostObjectCstType-arrow"}]}
RESULT: {"script":"<script> [1562 bytes]","args":[{"selector":{"id":"application-managesites-display-component---NewSite--addressEditDetailsCostObjectCstType-arrow"},"wdio_ui5_key":"applicationmanagesites-display-component---NewSite--addressEditDetailsCostObjectCstType-arrow"}]}
RESULT: undefined
COMMAND: POST /session/848251078812a197579c886f13255d0c/element - {"using":"xpath","value":"//*[@id=\"application-managesites-display-component---NewSite--addressEditDetailsCostObjectCstType-arrow\"]"}
RESULT: {"using":"xpath","value":"//*[@id=\"application-managesites-display-component---NewSite--addressEditDetailsCostObjectCstType-arrow\"]"}
COMMAND: POST /session/848251078812a197579c886f13255d0c/element/f.E62CCC3EBD73CC3434E37D87B2A77947.d.F319B77B0A948927F1E753E384CAF44E.e.8757/click - {}
RESULT: {}
COMMAND: POST /session/848251078812a197579c886f13255d0c/element - {"using":"xpath","value":"//span[contains(text(), \"Cost Center\")]"}
COMMAND: GET /session/848251078812a197579c886f13255d0c/screenshot - {}
RESULT: {"using":"xpath","value":"//span[contains(text(), \"Cost Center\")]"}
COMMAND: POST /session/848251078812a197579c886f13255d0c/element/f.E62CCC3EBD73CC3434E37D87B2A77947.d.F319B77B0A948927F1E753E384CAF44E.e.8758/click - {}
RESULT: {}
RESULT: {}
COMMAND: GET /session/848251078812a197579c886f13255d0c/screenshot - {}
RESULT: {}
COMMAND: POST /session/848251078812a197579c886f13255d0c/element - {"using":"xpath","value":"//span[@id=\"application-managesites-display-component---NewSite--addressNewCostObjectCstID-vhi\"]"}
RESULT: {"using":"xpath","value":"//span[@id=\"application-managesites-display-component---NewSite--addressNewCostObjectCstID-vhi\"]"}
COMMAND: POST /session/848251078812a197579c886f13255d0c/execute/sync - {"script":"<script> [8489 bytes]","args":[{"element-6066-11e4-a52e-4f735466cecf":"f.E62CCC3EBD73CC3434E37D87B2A77947.d.F319B77B0A948927F1E753E384CAF44E.e.8763","ELEMENT":"f.E62CCC3EBD73CC3434E37D87B2A77947.d.F319B77B0A948927F1E753E384CAF44E.e.8763"}]}
RESULT: {"script":"<script> [8489 bytes]","args":[{"element-6066-11e4-a52e-4f735466cecf":"f.E62CCC3EBD73CC3434E37D87B2A77947.d.F319B77B0A948927F1E753E384CAF44E.e.8763","ELEMENT":"f.E62CCC3EBD73CC3434E37D87B2A77947.d.F319B77B0A948927F1E753E384CAF44E.e.8763"}]}
COMMAND: POST /session/848251078812a197579c886f13255d0c/execute/async - {"script":"<script> [1562 bytes]","args":[{"selector":{"id":"application-managesites-display-component---NewSite--addressNewCostObjectCstID-vhi"},"wdio_ui5_key":"applicationmanagesites-display-component---NewSite--addressNewCostObjectCstID-vhi"}]}
COMMAND: GET /session/848251078812a197579c886f13255d0c/screenshot - {}
RESULT: {"script":"<script> [1562 bytes]","args":[{"selector":{"id":"application-managesites-display-component---NewSite--addressNewCostObjectCstID-vhi"},"wdio_ui5_key":"applicationmanagesites-display-component---NewSite--addressNewCostObjectCstID-vhi"}]}
RESULT: undefined
COMMAND: POST /session/848251078812a197579c886f13255d0c/element - {"using":"xpath","value":"//*[@id=\"application-managesites-display-component---NewSite--addressNewCostObjectCstID-vhi\"]"}
RESULT: {}
RESULT: {"using":"xpath","value":"//*[@id=\"application-managesites-display-component---NewSite--addressNewCostObjectCstID-vhi\"]"}
COMMAND: POST /session/848251078812a197579c886f13255d0c/element/f.E62CCC3EBD73CC3434E37D87B2A77947.d.F319B77B0A948927F1E753E384CAF44E.e.8763/click - {}
RESULT: {}
COMMAND: GET /session/848251078812a197579c886f13255d0c/screenshot - {}
RESULT: {}
RESULT: undefined
COMMAND: POST /session/848251078812a197579c886f13255d0c/execute/async - {"script":"<script> [776 bytes]","args":[{"enterText":"10001013","selector":{"controlType":"sap.m.SearchField","properties":{"placeholder":"Search"},"searchOpenDialogs":true,"interaction":{"idSuffix":"I"}},"clearTextFirst":true,"interactionType":"ENTER_TEXT"}]}
RESULT: {"script":"<script> [776 bytes]","args":[{"enterText":"10001013","selector":{"controlType":"sap.m.SearchField","properties":{"placeholder":"Search"},"searchOpenDialogs":true,"interaction":{"idSuffix":"I"}},"clearTextFirst":true,"interactionType":"ENTER_TEXT"}]}
COMMAND: POST /session/848251078812a197579c886f13255d0c/actions - {"actions":[{"id":"action27","type":"key","parameters":{},"actions":[{"type":"keyDown","value":"î€‡"},{"type":"pause","duration":10},{"type":"keyUp","value":"î€‡"}]}]}
RESULT: {"actions":[{"id":"action27","type":"key","parameters":{},"actions":[{"type":"keyDown","value":"î€‡"},{"type":"pause","duration":10},{"type":"keyUp","value":"î€‡"}]}]}
COMMAND: GET /session/848251078812a197579c886f13255d0c/screenshot - {}
RESULT: {}
COMMAND: POST /session/848251078812a197579c886f13255d0c/element - {"using":"xpath","value":"//span[contains(text(), \"General Management\")]"}
RESULT: {"using":"xpath","value":"//span[contains(text(), \"General Management\")]"}
COMMAND: POST /session/848251078812a197579c886f13255d0c/element/f.E62CCC3EBD73CC3434E37D87B2A77947.d.F319B77B0A948927F1E753E384CAF44E.e.8802/click - {}
RESULT: {}
COMMAND: GET /session/848251078812a197579c886f13255d0c/screenshot - {}
RESULT: {}
COMMAND: POST /session/848251078812a197579c886f13255d0c/element - {"using":"xpath","value":"//bdi[contains(text(), \"OK\")]"}
RESULT: {"using":"xpath","value":"//bdi[contains(text(), \"OK\")]"}
COMMAND: POST /session/848251078812a197579c886f13255d0c/element/f.E62CCC3EBD73CC3434E37D87B2A77947.d.F319B77B0A948927F1E753E384CAF44E.e.8803/click - {}
RESULT: {}
COMMAND: GET /session/848251078812a197579c886f13255d0c/screenshot - {}
RESULT: {}
COMMAND: POST /session/848251078812a197579c886f13255d0c/element - {"using":"xpath","value":"//input[@id=\"application-managesites-display-component---NewSite--addressDetailDetailsCalendar-inner\"]"}
RESULT: {"using":"xpath","value":"//input[@id=\"application-managesites-display-component---NewSite--addressDetailDetailsCalendar-inner\"]"}
COMMAND: POST /session/848251078812a197579c886f13255d0c/element/f.E62CCC3EBD73CC3434E37D87B2A77947.d.F319B77B0A948927F1E753E384CAF44E.e.8548/clear - {}
RESULT: {}
COMMAND: POST /session/848251078812a197579c886f13255d0c/element/f.E62CCC3EBD73CC3434E37D87B2A77947.d.F319B77B0A948927F1E753E384CAF44E.e.8548/value - {"text":"Unit"}
COMMAND: GET /session/848251078812a197579c886f13255d0c/screenshot - {}
RESULT: {"text":"Unit"}
COMMAND: GET /session/848251078812a197579c886f13255d0c/screenshot - {}
RESULT: {}
RESULT: {}
COMMAND: POST /session/848251078812a197579c886f13255d0c/actions - {"actions":[{"id":"action28","type":"key","parameters":{},"actions":[{"type":"keyDown","value":"î€‡"},{"type":"pause","duration":10},{"type":"keyUp","value":"î€‡"}]}]}
RESULT: {"actions":[{"id":"action28","type":"key","parameters":{},"actions":[{"type":"keyDown","value":"î€‡"},{"type":"pause","duration":10},{"type":"keyUp","value":"î€‡"}]}]}
COMMAND: POST /session/848251078812a197579c886f13255d0c/element - {"using":"xpath","value":"//input[@id=\"application-managesites-display-component---NewSite--addressDetailDetailsYard-inner\"]"}
COMMAND: GET /session/848251078812a197579c886f13255d0c/screenshot - {}
RESULT: {"using":"xpath","value":"//input[@id=\"application-managesites-display-component---NewSite--addressDetailDetailsYard-inner\"]"}
COMMAND: POST /session/848251078812a197579c886f13255d0c/element/f.E62CCC3EBD73CC3434E37D87B2A77947.d.F319B77B0A948927F1E753E384CAF44E.e.8549/clear - {}
RESULT: {}
RESULT: {}
COMMAND: POST /session/848251078812a197579c886f13255d0c/element/f.E62CCC3EBD73CC3434E37D87B2A77947.d.F319B77B0A948927F1E753E384CAF44E.e.8549/value - {"text":"647"}
COMMAND: GET /session/848251078812a197579c886f13255d0c/screenshot - {}
RESULT: {"text":"647"}
COMMAND: GET /session/848251078812a197579c886f13255d0c/screenshot - {}
RESULT: {}
RESULT: {}
COMMAND: POST /session/848251078812a197579c886f13255d0c/element - {"using":"xpath","value":"//li[.//span[text()='647']]"}
RESULT: {"using":"xpath","value":"//li[.//span[text()='647']]"}
COMMAND: POST /session/848251078812a197579c886f13255d0c/element/f.E62CCC3EBD73CC3434E37D87B2A77947.d.F319B77B0A948927F1E753E384CAF44E.e.8811/click - {}
RESULT: {}
COMMAND: GET /session/848251078812a197579c886f13255d0c/screenshot - {}
RESULT: {}
COMMAND: POST /session/848251078812a197579c886f13255d0c/element - {"using":"xpath","value":"//input[@id=\"application-managesites-display-component---NewSite--addressDetailDetailsPartner-inner\"]"}
RESULT: {"using":"xpath","value":"//input[@id=\"application-managesites-display-component---NewSite--addressDetailDetailsPartner-inner\"]"}
COMMAND: POST /session/848251078812a197579c886f13255d0c/element - {"using":"xpath","value":"//input[@id=\"application-managesites-display-component---NewSite--addressDetailDetailsPartner-inner\"]"}
RESULT: {"using":"xpath","value":"//input[@id=\"application-managesites-display-component---NewSite--addressDetailDetailsPartner-inner\"]"}
COMMAND: POST /session/848251078812a197579c886f13255d0c/element - {"using":"xpath","value":"//button[@data-kt=\"saveButton\"]"}
RESULT: {"using":"xpath","value":"//button[@data-kt=\"saveButton\"]"}
COMMAND: POST /session/848251078812a197579c886f13255d0c/element/f.E62CCC3EBD73CC3434E37D87B2A77947.d.F319B77B0A948927F1E753E384CAF44E.e.8731/click - {}
RESULT: {}
COMMAND: GET /session/848251078812a197579c886f13255d0c/screenshot - {}
RESULT: {}
COMMAND: POST /session/848251078812a197579c886f13255d0c/element - {"using":"xpath","value":"//header[contains(@id, 'ObjectPageLayout-headerTitle')]/div[1]/div[2]/div[2]/span[1]"}
RESULT: {"using":"xpath","value":"//header[contains(@id, 'ObjectPageLayout-headerTitle')]/div[1]/div[2]/div[2]/span[1]"}
COMMAND: POST /session/848251078812a197579c886f13255d0c/elements - {"using":"xpath","value":"//header[contains(@id, 'ObjectPageLayout-headerTitle')]/div[1]/div[2]/div[2]/span[1]"}
RESULT: {"using":"xpath","value":"//header[contains(@id, 'ObjectPageLayout-headerTitle')]/div[1]/div[2]/div[2]/span[1]"}
COMMAND: POST /session/848251078812a197579c886f13255d0c/execute/sync - {"script":"<script> [56 bytes]","args":[{"element-6066-11e4-a52e-4f735466cecf":"f.E62CCC3EBD73CC3434E37D87B2A77947.d.F319B77B0A948927F1E753E384CAF44E.e.9016","ELEMENT":"f.E62CCC3EBD73CC3434E37D87B2A77947.d.F319B77B0A948927F1E753E384CAF44E.e.9016"}]}
RESULT: {"script":"<script> [56 bytes]","args":[{"element-6066-11e4-a52e-4f735466cecf":"f.E62CCC3EBD73CC3434E37D87B2A77947.d.F319B77B0A948927F1E753E384CAF44E.e.9016","ELEMENT":"f.E62CCC3EBD73CC3434E37D87B2A77947.d.F319B77B0A948927F1E753E384CAF44E.e.9016"}]}
COMMAND: POST /session/848251078812a197579c886f13255d0c/element - {"using":"css selector","value":"#shell-header-logo"}
COMMAND: GET /session/848251078812a197579c886f13255d0c/screenshot - {}
RESULT: {"using":"css selector","value":"#shell-header-logo"}
COMMAND: POST /session/848251078812a197579c886f13255d0c/element/f.E62CCC3EBD73CC3434E37D87B2A77947.d.F319B77B0A948927F1E753E384CAF44E.e.8250/click - {}
RESULT: {}
RESULT: {}
COMMAND: GET /session/848251078812a197579c886f13255d0c/screenshot - {}
RESULT: {}
COMMAND: POST /session/848251078812a197579c886f13255d0c/execute/sync - {"script":"<script> [299 bytes]","args":[["getModel","getResource"]]}
RESULT: {"script":"<script> [299 bytes]","args":[["getModel","getResource"]]}
COMMAND: POST /session/848251078812a197579c886f13255d0c/actions - {"actions":[{"id":"action29","type":"key","parameters":{},"actions":[{"type":"keyDown","value":"î€‡"},{"type":"pause","duration":10},{"type":"keyUp","value":"î€‡"}]}]}
COMMAND: GET /session/848251078812a197579c886f13255d0c/screenshot - {}
RESULT: {"actions":[{"id":"action29","type":"key","parameters":{},"actions":[{"type":"keyDown","value":"î€‡"},{"type":"pause","duration":10},{"type":"keyUp","value":"î€‡"}]}]}
COMMAND: GET /session/848251078812a197579c886f13255d0c/screenshot - {}
RESULT: {}
RESULT: {}
COMMAND: POST /session/848251078812a197579c886f13255d0c/refresh - {}
RESULT: {}
COMMAND: GET /session/848251078812a197579c886f13255d0c/screenshot - {}
RESULT: {}
COMMAND: POST /session/848251078812a197579c886f13255d0c/refresh - {}
RESULT: {}
COMMAND: GET /session/848251078812a197579c886f13255d0c/screenshot - {}
RESULT: {}
COMMAND: POST /session/848251078812a197579c886f13255d0c/window/fullscreen - {}
RESULT: {}
COMMAND: POST /session/848251078812a197579c886f13255d0c/execute/async - {"script":"<script> [189 bytes]","args":[]}
RESULT: {"script":"<script> [189 bytes]","args":[]}
COMMAND: POST /session/848251078812a197579c886f13255d0c/execute/async - {"script":"<script> [123 bytes]","args":[]}
RESULT: {"script":"<script> [123 bytes]","args":[]}
COMMAND: POST /session/848251078812a197579c886f13255d0c/timeouts - {"script":"<number>"}
RESULT: {"script":"<number>"}
COMMAND: GET /session/848251078812a197579c886f13255d0c/timeouts - {}
RESULT: {}
RESULT: undefined
COMMAND: POST /session/848251078812a197579c886f13255d0c/execute/async - {"script":"<script> [2676 bytes]","args":[]}
RESULT: {"script":"<script> [2676 bytes]","args":[]}
COMMAND: POST /session/848251078812a197579c886f13255d0c/execute/async - {"script":"<script> [2342 bytes]","args":[{"protocol":"http","hostname":"0.0.0.0","path":"/","capabilities":{"browserName":"chrome","goog:chromeOptions":{"binary":"C:\\Program Files\\Google\\Chrome\\Application\\chrome.exe","args":["--start-maximized"]}},"logLevel":"warn","connectionRetryTimeout":120000,"connectionRetryCount":3,"logLevels":{},"enableDirectConnect":true,"strictSSL":true,"_":"65 more keys: [\"cacheDir\",\"port\",\"requestedCapabilities\",\"automationProtocol\",\"baseUrl\",\"waitforInterval\",\"waitforTimeout\",\"onReload\",\"beforeCommand\",\"afterCommand\",\"rootDir\",\"specs\",\"suites\",\"exclude\",\"groupLogsByTestSpec\",\"excludeDriverLogs\",\"bail\",\"framework\",\"reporters\",\"services\",\"maxInstances\",\"maxInstancesPerCapability\",\"injectGlobals\",\"filesToWatch\",\"execArgv\",\"runnerEnv\",\"runner\",\"shard\",\"specFileRetries\",\"specFileRetriesDelay\",\"specFileRetriesDeferred\",\"reporterSyncInterval\",\"reporterSyncTimeout\",\"cucumberFeaturesWithLineNumbers\",\"autoCompileOpts\",\"mochaOpts\",\"jasmineOpts\",\"cucumberOpts\",\"onPrepare\",\"onWorkerStart\",\"onWorkerEnd\",\"before\",\"beforeSession\",\"beforeSuite\",\"beforeHook\",\"beforeTest\",\"afterTest\",\"afterHook\",\"afterSuite\",\"afterSession\",\"after\",\"onComplete\",\"beforeAssertion\",\"afterAssertion\",\"beforeFeature\",\"beforeScenario\",\"beforeStep\",\"afterStep\",\"afterScenario\",\"afterFeature\",\"_\",\"suite\",\"$0\",\"ignoredWorkerServices\",\"wdi5\"]"}]}
RESULT: {"script":"<script> [2342 bytes]","args":[{"protocol":"http","hostname":"0.0.0.0","path":"/","capabilities":{"browserName":"chrome","goog:chromeOptions":{"binary":"C:\\Program Files\\Google\\Chrome\\Application\\chrome.exe","args":["--start-maximized"]}},"logLevel":"warn","connectionRetryTimeout":120000,"connectionRetryCount":3,"logLevels":{},"enableDirectConnect":true,"strictSSL":true,"_":"65 more keys: [\"cacheDir\",\"port\",\"requestedCapabilities\",\"automationProtocol\",\"baseUrl\",\"waitforInterval\",\"waitforTimeout\",\"onReload\",\"beforeCommand\",\"afterCommand\",\"rootDir\",\"specs\",\"suites\",\"exclude\",\"groupLogsByTestSpec\",\"excludeDriverLogs\",\"bail\",\"framework\",\"reporters\",\"services\",\"maxInstances\",\"maxInstancesPerCapability\",\"injectGlobals\",\"filesToWatch\",\"execArgv\",\"runnerEnv\",\"runner\",\"shard\",\"specFileRetries\",\"specFileRetriesDelay\",\"specFileRetriesDeferred\",\"reporterSyncInterval\",\"reporterSyncTimeout\",\"cucumberFeaturesWithLineNumbers\",\"autoCompileOpts\",\"mochaOpts\",\"jasmineOpts\",\"cucumberOpts\",\"onPrepare\",\"onWorkerStart\",\"onWorkerEnd\",\"before\",\"beforeSession\",\"beforeSuite\",\"beforeHook\",\"beforeTest\",\"afterTest\",\"afterHook\",\"afterSuite\",\"afterSession\",\"after\",\"onComplete\",\"beforeAssertion\",\"afterAssertion\",\"beforeFeature\",\"beforeScenario\",\"beforeStep\",\"afterStep\",\"afterScenario\",\"afterFeature\",\"_\",\"suite\",\"$0\",\"ignoredWorkerServices\",\"wdi5\"]"}]}
COMMAND: POST /session/848251078812a197579c886f13255d0c/execute/async - {"script":"<script> [21126 bytes]","args":[35000]}
RESULT: {"script":"<script> [21126 bytes]","args":[35000]}
COMMAND: POST /session/848251078812a197579c886f13255d0c/window/fullscreen - {}
RESULT: {}
]]></system-out>
    </testcase>
    <testcase classname="chrome.136_0_7103_93.windows.Provide_to_Site_w/o_warehouse_management_w/_clarification_US116605" name="Should create a new material" time="128.77">
      <system-out><![CDATA[
COMMAND: POST /session/848251078812a197579c886f13255d0c/execute/async - {"script":"<script> [1562 bytes]","args":[{"selector":{"controlType":"sap.m.GenericTile","properties":{"header":"Manage Resources"}},"wdio_ui5_key":"sapm.GenericTile{\"header\":\"Manage Resources\"}"}]}
RESULT: {"script":"<script> [1562 bytes]","args":[{"selector":{"controlType":"sap.m.GenericTile","properties":{"header":"Manage Resources"}},"wdio_ui5_key":"sapm.GenericTile{\"header\":\"Manage Resources\"}"}]}
RESULT: undefined
COMMAND: POST /session/848251078812a197579c886f13255d0c/element - {"using":"xpath","value":"//*[@id=\"__tile31\"]"}
RESULT: {"using":"xpath","value":"//*[@id=\"__tile31\"]"}
COMMAND: POST /session/848251078812a197579c886f13255d0c/element/f.E62CCC3EBD73CC3434E37D87B2A77947.d.01FC7D57EBF586A584516CC72815F152.e.9090/click - {}
RESULT: {}
COMMAND: GET /session/848251078812a197579c886f13255d0c/screenshot - {}
RESULT: {}
COMMAND: POST /session/848251078812a197579c886f13255d0c/elements - {"using":"xpath","value":"//span[text()='Error']"}
RESULT: {"using":"xpath","value":"//span[text()='Error']"}
COMMAND: POST /session/848251078812a197579c886f13255d0c/element - {"using":"xpath","value":"//button[@data-kt=\"addNewRUOverflowToolbarButton\"]"}
RESULT: {"using":"xpath","value":"//button[@data-kt=\"addNewRUOverflowToolbarButton\"]"}
COMMAND: POST /session/848251078812a197579c886f13255d0c/elements - {"using":"xpath","value":"//button[@data-kt=\"addNewRUOverflowToolbarButton\"]"}
RESULT: {"using":"xpath","value":"//button[@data-kt=\"addNewRUOverflowToolbarButton\"]"}
COMMAND: POST /session/848251078812a197579c886f13255d0c/elements - {"using":"xpath","value":"//button[@data-kt=\"addNewRUOverflowToolbarButton\"]"}
RESULT: {"using":"xpath","value":"//button[@data-kt=\"addNewRUOverflowToolbarButton\"]"}
COMMAND: POST /session/848251078812a197579c886f13255d0c/elements - {"using":"xpath","value":"//button[@data-kt=\"addNewRUOverflowToolbarButton\"]"}
RESULT: {"using":"xpath","value":"//button[@data-kt=\"addNewRUOverflowToolbarButton\"]"}
COMMAND: POST /session/848251078812a197579c886f13255d0c/elements - {"using":"xpath","value":"//button[@data-kt=\"addNewRUOverflowToolbarButton\"]"}
RESULT: {"using":"xpath","value":"//button[@data-kt=\"addNewRUOverflowToolbarButton\"]"}
COMMAND: POST /session/848251078812a197579c886f13255d0c/elements - {"using":"xpath","value":"//button[@data-kt=\"addNewRUOverflowToolbarButton\"]"}
RESULT: {"using":"xpath","value":"//button[@data-kt=\"addNewRUOverflowToolbarButton\"]"}
COMMAND: POST /session/848251078812a197579c886f13255d0c/elements - {"using":"xpath","value":"//button[@data-kt=\"addNewRUOverflowToolbarButton\"]"}
RESULT: {"using":"xpath","value":"//button[@data-kt=\"addNewRUOverflowToolbarButton\"]"}
COMMAND: POST /session/848251078812a197579c886f13255d0c/elements - {"using":"xpath","value":"//button[@data-kt=\"addNewRUOverflowToolbarButton\"]"}
RESULT: {"using":"xpath","value":"//button[@data-kt=\"addNewRUOverflowToolbarButton\"]"}
COMMAND: POST /session/848251078812a197579c886f13255d0c/elements - {"using":"xpath","value":"//button[@data-kt=\"addNewRUOverflowToolbarButton\"]"}
RESULT: {"using":"xpath","value":"//button[@data-kt=\"addNewRUOverflowToolbarButton\"]"}
COMMAND: POST /session/848251078812a197579c886f13255d0c/elements - {"using":"xpath","value":"//button[@data-kt=\"addNewRUOverflowToolbarButton\"]"}
RESULT: {"using":"xpath","value":"//button[@data-kt=\"addNewRUOverflowToolbarButton\"]"}
COMMAND: POST /session/848251078812a197579c886f13255d0c/elements - {"using":"xpath","value":"//button[@data-kt=\"addNewRUOverflowToolbarButton\"]"}
RESULT: {"using":"xpath","value":"//button[@data-kt=\"addNewRUOverflowToolbarButton\"]"}
COMMAND: POST /session/848251078812a197579c886f13255d0c/element - {"using":"xpath","value":"//button[@data-kt=\"addNewRUOverflowToolbarButton\"]"}
RESULT: {"using":"xpath","value":"//button[@data-kt=\"addNewRUOverflowToolbarButton\"]"}
COMMAND: POST /session/848251078812a197579c886f13255d0c/execute/sync - {"script":"<script> [8489 bytes]","args":[{"element-6066-11e4-a52e-4f735466cecf":"f.E62CCC3EBD73CC3434E37D87B2A77947.d.01FC7D57EBF586A584516CC72815F152.e.9198","ELEMENT":"f.E62CCC3EBD73CC3434E37D87B2A77947.d.01FC7D57EBF586A584516CC72815F152.e.9198"}]}
RESULT: {"script":"<script> [8489 bytes]","args":[{"element-6066-11e4-a52e-4f735466cecf":"f.E62CCC3EBD73CC3434E37D87B2A77947.d.01FC7D57EBF586A584516CC72815F152.e.9198","ELEMENT":"f.E62CCC3EBD73CC3434E37D87B2A77947.d.01FC7D57EBF586A584516CC72815F152.e.9198"}]}
COMMAND: GET /session/848251078812a197579c886f13255d0c/element/f.E62CCC3EBD73CC3434E37D87B2A77947.d.01FC7D57EBF586A584516CC72815F152.e.9198/enabled - {}
COMMAND: GET /session/848251078812a197579c886f13255d0c/screenshot - {}
RESULT: {}
COMMAND: POST /session/848251078812a197579c886f13255d0c/execute/sync - {"script":"<script> [8489 bytes]","args":[{"element-6066-11e4-a52e-4f735466cecf":"f.E62CCC3EBD73CC3434E37D87B2A77947.d.01FC7D57EBF586A584516CC72815F152.e.9198","ELEMENT":"f.E62CCC3EBD73CC3434E37D87B2A77947.d.01FC7D57EBF586A584516CC72815F152.e.9198"}]}
COMMAND: GET /session/848251078812a197579c886f13255d0c/screenshot - {}
RESULT: {}
RESULT: {"script":"<script> [8489 bytes]","args":[{"element-6066-11e4-a52e-4f735466cecf":"f.E62CCC3EBD73CC3434E37D87B2A77947.d.01FC7D57EBF586A584516CC72815F152.e.9198","ELEMENT":"f.E62CCC3EBD73CC3434E37D87B2A77947.d.01FC7D57EBF586A584516CC72815F152.e.9198"}]}
COMMAND: POST /session/848251078812a197579c886f13255d0c/execute/sync - {"script":"<script> [5351 bytes]","args":[{"element-6066-11e4-a52e-4f735466cecf":"f.E62CCC3EBD73CC3434E37D87B2A77947.d.01FC7D57EBF586A584516CC72815F152.e.9198","ELEMENT":"f.E62CCC3EBD73CC3434E37D87B2A77947.d.01FC7D57EBF586A584516CC72815F152.e.9198"}]}
COMMAND: GET /session/848251078812a197579c886f13255d0c/screenshot - {}
RESULT: {}
RESULT: {"script":"<script> [5351 bytes]","args":[{"element-6066-11e4-a52e-4f735466cecf":"f.E62CCC3EBD73CC3434E37D87B2A77947.d.01FC7D57EBF586A584516CC72815F152.e.9198","ELEMENT":"f.E62CCC3EBD73CC3434E37D87B2A77947.d.01FC7D57EBF586A584516CC72815F152.e.9198"}]}
COMMAND: POST /session/848251078812a197579c886f13255d0c/element/f.E62CCC3EBD73CC3434E37D87B2A77947.d.01FC7D57EBF586A584516CC72815F152.e.9198/click - {}
COMMAND: GET /session/848251078812a197579c886f13255d0c/screenshot - {}
RESULT: {}
RESULT: {}
COMMAND: GET /session/848251078812a197579c886f13255d0c/screenshot - {}
RESULT: {}
COMMAND: POST /session/848251078812a197579c886f13255d0c/execute/async - {"script":"<script> [1562 bytes]","args":[{"selector":{"id":"application-manageresources-display-component---newResourceUnit--TYPE-arrow"},"wdio_ui5_key":"applicationmanageresources-display-component---newResourceUnit--TYPE-arrow"}]}
RESULT: {}
RESULT: {"script":"<script> [1562 bytes]","args":[{"selector":{"id":"application-manageresources-display-component---newResourceUnit--TYPE-arrow"},"wdio_ui5_key":"applicationmanageresources-display-component---newResourceUnit--TYPE-arrow"}]}
RESULT: undefined
COMMAND: POST /session/848251078812a197579c886f13255d0c/element - {"using":"xpath","value":"//*[@id=\"application-manageresources-display-component---newResourceUnit--TYPE-arrow\"]"}
RESULT: {"using":"xpath","value":"//*[@id=\"application-manageresources-display-component---newResourceUnit--TYPE-arrow\"]"}
COMMAND: POST /session/848251078812a197579c886f13255d0c/element/f.E62CCC3EBD73CC3434E37D87B2A77947.d.01FC7D57EBF586A584516CC72815F152.e.9555/click - {}
RESULT: {}
COMMAND: POST /session/848251078812a197579c886f13255d0c/element - {"using":"xpath","value":"//input[@id=\"application-manageresources-display-component---newResourceUnit--TYPE-inner\"]"}
COMMAND: GET /session/848251078812a197579c886f13255d0c/screenshot - {}
RESULT: {"using":"xpath","value":"//input[@id=\"application-manageresources-display-component---newResourceUnit--TYPE-inner\"]"}
COMMAND: POST /session/848251078812a197579c886f13255d0c/element/f.E62CCC3EBD73CC3434E37D87B2A77947.d.01FC7D57EBF586A584516CC72815F152.e.9550/clear - {}
RESULT: {}
RESULT: {}
COMMAND: POST /session/848251078812a197579c886f13255d0c/element/f.E62CCC3EBD73CC3434E37D87B2A77947.d.01FC7D57EBF586A584516CC72815F152.e.9550/value - {"text":"Material"}
COMMAND: GET /session/848251078812a197579c886f13255d0c/screenshot - {}
RESULT: {"text":"Material"}
COMMAND: GET /session/848251078812a197579c886f13255d0c/screenshot - {}
RESULT: {}
RESULT: {}
COMMAND: POST /session/848251078812a197579c886f13255d0c/actions - {"actions":[{"id":"action30","type":"key","parameters":{},"actions":[{"type":"keyDown","value":"î€‡"},{"type":"pause","duration":10},{"type":"keyUp","value":"î€‡"}]}]}
RESULT: {"actions":[{"id":"action30","type":"key","parameters":{},"actions":[{"type":"keyDown","value":"î€‡"},{"type":"pause","duration":10},{"type":"keyUp","value":"î€‡"}]}]}
COMMAND: POST /session/848251078812a197579c886f13255d0c/execute/async - {"script":"<script> [1562 bytes]","args":[{"selector":{"id":"application-manageresources-display-component---newResourceUnit--SHORT_TEXT","interaction":{"idSuffix":"inner"}},"wdio_ui5_key":"applicationmanageresources-display-component---newResourceUnit--SHORT_TEXT"}]}
COMMAND: GET /session/848251078812a197579c886f13255d0c/screenshot - {}
RESULT: {"script":"<script> [1562 bytes]","args":[{"selector":{"id":"application-manageresources-display-component---newResourceUnit--SHORT_TEXT","interaction":{"idSuffix":"inner"}},"wdio_ui5_key":"applicationmanageresources-display-component---newResourceUnit--SHORT_TEXT"}]}
RESULT: undefined
COMMAND: POST /session/848251078812a197579c886f13255d0c/execute/async - {"script":"<script> [776 bytes]","args":[{"enterText":"Cement WDIO","selector":{"id":"application-manageresources-display-component---newResourceUnit--SHORT_TEXT","interaction":{"idSuffix":"inner"}},"clearTextFirst":true,"interactionType":"ENTER_TEXT"}]}
RESULT: {}
RESULT: {"script":"<script> [776 bytes]","args":[{"enterText":"Cement WDIO","selector":{"id":"application-manageresources-display-component---newResourceUnit--SHORT_TEXT","interaction":{"idSuffix":"inner"}},"clearTextFirst":true,"interactionType":"ENTER_TEXT"}]}
COMMAND: POST /session/848251078812a197579c886f13255d0c/execute/async - {"script":"<script> [1562 bytes]","args":[{"selector":{"id":"application-manageresources-display-component---newResourceUnit--BASE_UNIT_OF_MEASURE","interaction":{"idSuffix":"inner"}},"wdio_ui5_key":"applicationmanageresources-display-component---newResourceUnit--BASE_UNIT_OF_MEASURE"}]}
RESULT: {"script":"<script> [1562 bytes]","args":[{"selector":{"id":"application-manageresources-display-component---newResourceUnit--BASE_UNIT_OF_MEASURE","interaction":{"idSuffix":"inner"}},"wdio_ui5_key":"applicationmanageresources-display-component---newResourceUnit--BASE_UNIT_OF_MEASURE"}]}
RESULT: undefined
COMMAND: POST /session/848251078812a197579c886f13255d0c/execute/async - {"script":"<script> [776 bytes]","args":[{"enterText":"Piece","selector":{"id":"application-manageresources-display-component---newResourceUnit--BASE_UNIT_OF_MEASURE","interaction":{"idSuffix":"inner"}},"clearTextFirst":true,"interactionType":"ENTER_TEXT"}]}
RESULT: {"script":"<script> [776 bytes]","args":[{"enterText":"Piece","selector":{"id":"application-manageresources-display-component---newResourceUnit--BASE_UNIT_OF_MEASURE","interaction":{"idSuffix":"inner"}},"clearTextFirst":true,"interactionType":"ENTER_TEXT"}]}
COMMAND: POST /session/848251078812a197579c886f13255d0c/execute/async - {"script":"<script> [1562 bytes]","args":[{"selector":{"id":"application-manageresources-display-component---newResourceUnit--WEIGHT_UNIT","interaction":{"idSuffix":"inner"}},"wdio_ui5_key":"applicationmanageresources-display-component---newResourceUnit--WEIGHT_UNIT"}]}
RESULT: {"script":"<script> [1562 bytes]","args":[{"selector":{"id":"application-manageresources-display-component---newResourceUnit--WEIGHT_UNIT","interaction":{"idSuffix":"inner"}},"wdio_ui5_key":"applicationmanageresources-display-component---newResourceUnit--WEIGHT_UNIT"}]}
RESULT: undefined
COMMAND: POST /session/848251078812a197579c886f13255d0c/execute/async - {"script":"<script> [776 bytes]","args":[{"enterText":"Gram","selector":{"id":"application-manageresources-display-component---newResourceUnit--WEIGHT_UNIT","interaction":{"idSuffix":"inner"}},"clearTextFirst":true,"interactionType":"ENTER_TEXT"}]}
RESULT: {"script":"<script> [776 bytes]","args":[{"enterText":"Gram","selector":{"id":"application-manageresources-display-component---newResourceUnit--WEIGHT_UNIT","interaction":{"idSuffix":"inner"}},"clearTextFirst":true,"interactionType":"ENTER_TEXT"}]}
COMMAND: POST /session/848251078812a197579c886f13255d0c/execute/async - {"script":"<script> [1562 bytes]","args":[{"selector":{"id":"application-manageresources-display-component---newResourceUnit--DIMENSION_UNIT","interaction":{"idSuffix":"inner"}},"wdio_ui5_key":"applicationmanageresources-display-component---newResourceUnit--DIMENSION_UNIT"}]}
RESULT: {"script":"<script> [1562 bytes]","args":[{"selector":{"id":"application-manageresources-display-component---newResourceUnit--DIMENSION_UNIT","interaction":{"idSuffix":"inner"}},"wdio_ui5_key":"applicationmanageresources-display-component---newResourceUnit--DIMENSION_UNIT"}]}
RESULT: undefined
COMMAND: POST /session/848251078812a197579c886f13255d0c/execute/async - {"script":"<script> [776 bytes]","args":[{"enterText":"Meter","selector":{"id":"application-manageresources-display-component---newResourceUnit--DIMENSION_UNIT","interaction":{"idSuffix":"inner"}},"clearTextFirst":true,"interactionType":"ENTER_TEXT"}]}
RESULT: {"script":"<script> [776 bytes]","args":[{"enterText":"Meter","selector":{"id":"application-manageresources-display-component---newResourceUnit--DIMENSION_UNIT","interaction":{"idSuffix":"inner"}},"clearTextFirst":true,"interactionType":"ENTER_TEXT"}]}
COMMAND: POST /session/848251078812a197579c886f13255d0c/execute/async - {"script":"<script> [1562 bytes]","args":[{"selector":{"id":"application-manageresources-display-component---newResourceUnit--newRRUPage-anchBar-application-manageresources-display-component---newResourceUnit--control-anchor","interaction":{"idSuffix":"BDI-content"}},"wdio_ui5_key":"applicationmanageresources-display-component---newResourceUnit--newRRUPage-anchBar-application-manageresources-display-component---newResourceUnit--control-anchor"}]}
RESULT: {"script":"<script> [1562 bytes]","args":[{"selector":{"id":"application-manageresources-display-component---newResourceUnit--newRRUPage-anchBar-application-manageresources-display-component---newResourceUnit--control-anchor","interaction":{"idSuffix":"BDI-content"}},"wdio_ui5_key":"applicationmanageresources-display-component---newResourceUnit--newRRUPage-anchBar-application-manageresources-display-component---newResourceUnit--control-anchor"}]}
RESULT: undefined
COMMAND: POST /session/848251078812a197579c886f13255d0c/element - {"using":"xpath","value":"//*[@id=\"application-manageresources-display-component---newResourceUnit--newRRUPage-anchBar-application-manageresources-display-component---newResourceUnit--control-anchor\"]"}
RESULT: {"using":"xpath","value":"//*[@id=\"application-manageresources-display-component---newResourceUnit--newRRUPage-anchBar-application-manageresources-display-component---newResourceUnit--control-anchor\"]"}
COMMAND: POST /session/848251078812a197579c886f13255d0c/element/f.E62CCC3EBD73CC3434E37D87B2A77947.d.01FC7D57EBF586A584516CC72815F152.e.9688/click - {}
RESULT: {}
COMMAND: POST /session/848251078812a197579c886f13255d0c/execute/async - {"script":"<script> [1562 bytes]","args":[{"selector":{"id":"application-manageresources-display-component---newResourceUnit--PLANNING_GROUP","interaction":{"idSuffix":"inner"}},"wdio_ui5_key":"applicationmanageresources-display-component---newResourceUnit--PLANNING_GROUP"}]}
COMMAND: GET /session/848251078812a197579c886f13255d0c/screenshot - {}
RESULT: {"script":"<script> [1562 bytes]","args":[{"selector":{"id":"application-manageresources-display-component---newResourceUnit--PLANNING_GROUP","interaction":{"idSuffix":"inner"}},"wdio_ui5_key":"applicationmanageresources-display-component---newResourceUnit--PLANNING_GROUP"}]}
RESULT: undefined
COMMAND: POST /session/848251078812a197579c886f13255d0c/execute/async - {"script":"<script> [776 bytes]","args":[{"enterText":"Material","selector":{"id":"application-manageresources-display-component---newResourceUnit--PLANNING_GROUP","interaction":{"idSuffix":"inner"}},"clearTextFirst":true,"interactionType":"ENTER_TEXT"}]}
RESULT: {}
RESULT: {"script":"<script> [776 bytes]","args":[{"enterText":"Material","selector":{"id":"application-manageresources-display-component---newResourceUnit--PLANNING_GROUP","interaction":{"idSuffix":"inner"}},"clearTextFirst":true,"interactionType":"ENTER_TEXT"}]}
COMMAND: POST /session/848251078812a197579c886f13255d0c/execute/async - {"script":"<script> [1562 bytes]","args":[{"selector":{"id":"application-manageresources-display-component---newResourceUnit--PLANNING_INDICATOR","interaction":{"idSuffix":"inner"}},"wdio_ui5_key":"applicationmanageresources-display-component---newResourceUnit--PLANNING_INDICATOR"}]}
RESULT: {"script":"<script> [1562 bytes]","args":[{"selector":{"id":"application-manageresources-display-component---newResourceUnit--PLANNING_INDICATOR","interaction":{"idSuffix":"inner"}},"wdio_ui5_key":"applicationmanageresources-display-component---newResourceUnit--PLANNING_INDICATOR"}]}
RESULT: undefined
COMMAND: POST /session/848251078812a197579c886f13255d0c/execute/async - {"script":"<script> [776 bytes]","args":[{"enterText":"10 - infinite","selector":{"id":"application-manageresources-display-component---newResourceUnit--PLANNING_INDICATOR","interaction":{"idSuffix":"inner"}},"clearTextFirst":true,"interactionType":"ENTER_TEXT"}]}
RESULT: {"script":"<script> [776 bytes]","args":[{"enterText":"10 - infinite","selector":{"id":"application-manageresources-display-component---newResourceUnit--PLANNING_INDICATOR","interaction":{"idSuffix":"inner"}},"clearTextFirst":true,"interactionType":"ENTER_TEXT"}]}
COMMAND: POST /session/848251078812a197579c886f13255d0c/element - {"using":"css selector","value":"#application-manageresources-display-component---newResourceUnit--btnAddTimeSegment"}
RESULT: {"using":"css selector","value":"#application-manageresources-display-component---newResourceUnit--btnAddTimeSegment"}
COMMAND: GET /session/848251078812a197579c886f13255d0c/element/f.E62CCC3EBD73CC3434E37D87B2A77947.d.01FC7D57EBF586A584516CC72815F152.e.9696/rect - {}
RESULT: {}
COMMAND: GET /session/848251078812a197579c886f13255d0c/window/rect - {}
RESULT: {}
COMMAND: POST /session/848251078812a197579c886f13255d0c/execute/sync - {"script":"<script> [92 bytes]","args":[]}
RESULT: {"script":"<script> [92 bytes]","args":[]}
COMMAND: POST /session/848251078812a197579c886f13255d0c/actions - {"actions":[{"id":"action31","type":"wheel","parameters":{},"actions":[{"type":"scroll","x":-1888,"y":-32,"deltaX":0,"deltaY":0,"duration":0,"origin":{"element-6066-11e4-a52e-4f735466cecf":"f.E62CCC3EBD73CC3434E37D87B2A77947.d.01FC7D57EBF586A584516CC72815F152.e.9696"}}]}]}
COMMAND: GET /session/848251078812a197579c886f13255d0c/screenshot - {}
RESULT: {}
COMMAND: POST /session/848251078812a197579c886f13255d0c/execute/sync - {"script":"<script> [79 bytes]","args":[{"element-6066-11e4-a52e-4f735466cecf":"f.E62CCC3EBD73CC3434E37D87B2A77947.d.01FC7D57EBF586A584516CC72815F152.e.9696","ELEMENT":"f.E62CCC3EBD73CC3434E37D87B2A77947.d.01FC7D57EBF586A584516CC72815F152.e.9696"},{"block":"start","inline":"nearest"}]}
RESULT: {"script":"<script> [79 bytes]","args":[{"element-6066-11e4-a52e-4f735466cecf":"f.E62CCC3EBD73CC3434E37D87B2A77947.d.01FC7D57EBF586A584516CC72815F152.e.9696","ELEMENT":"f.E62CCC3EBD73CC3434E37D87B2A77947.d.01FC7D57EBF586A584516CC72815F152.e.9696"},{"block":"start","inline":"nearest"}]}
COMMAND: POST /session/848251078812a197579c886f13255d0c/execute/async - {"script":"<script> [1562 bytes]","args":[{"selector":{"id":"application-manageresources-display-component---newResourceUnit--btnAddTimeSegment","interaction":{"idSuffix":"inner"}},"wdio_ui5_key":"applicationmanageresources-display-component---newResourceUnit--btnAddTimeSegment"}]}
COMMAND: GET /session/848251078812a197579c886f13255d0c/screenshot - {}
RESULT: {"script":"<script> [1562 bytes]","args":[{"selector":{"id":"application-manageresources-display-component---newResourceUnit--btnAddTimeSegment","interaction":{"idSuffix":"inner"}},"wdio_ui5_key":"applicationmanageresources-display-component---newResourceUnit--btnAddTimeSegment"}]}
RESULT: undefined
COMMAND: POST /session/848251078812a197579c886f13255d0c/element - {"using":"xpath","value":"//*[@id=\"application-manageresources-display-component---newResourceUnit--btnAddTimeSegment\"]"}
RESULT: {}
RESULT: {"using":"xpath","value":"//*[@id=\"application-manageresources-display-component---newResourceUnit--btnAddTimeSegment\"]"}
COMMAND: POST /session/848251078812a197579c886f13255d0c/element/f.E62CCC3EBD73CC3434E37D87B2A77947.d.01FC7D57EBF586A584516CC72815F152.e.9696/click - {}
RESULT: {}
COMMAND: GET /session/848251078812a197579c886f13255d0c/screenshot - {}
RESULT: {}
COMMAND: POST /session/848251078812a197579c886f13255d0c/element - {"using":"xpath","value":"//input[@id=\"application-manageresources-display-component---newResourceUnit--idRuTSAdmin-application-manageresources-display-component---newResourceUnit--RUTimeSegment-0-inner\"]"}
RESULT: {"using":"xpath","value":"//input[@id=\"application-manageresources-display-component---newResourceUnit--idRuTSAdmin-application-manageresources-display-component---newResourceUnit--RUTimeSegment-0-inner\"]"}
COMMAND: POST /session/848251078812a197579c886f13255d0c/element/f.E62CCC3EBD73CC3434E37D87B2A77947.d.01FC7D57EBF586A584516CC72815F152.e.9701/clear - {}
RESULT: {}
COMMAND: POST /session/848251078812a197579c886f13255d0c/element/f.E62CCC3EBD73CC3434E37D87B2A77947.d.01FC7D57EBF586A584516CC72815F152.e.9701/value - {"text":"647"}
COMMAND: GET /session/848251078812a197579c886f13255d0c/screenshot - {}
RESULT: {"text":"647"}
COMMAND: GET /session/848251078812a197579c886f13255d0c/screenshot - {}
RESULT: {}
RESULT: {}
COMMAND: POST /session/848251078812a197579c886f13255d0c/element - {"using":"xpath","value":"//li[.//span[text()='647']]"}
RESULT: {"using":"xpath","value":"//li[.//span[text()='647']]"}
COMMAND: POST /session/848251078812a197579c886f13255d0c/element/f.E62CCC3EBD73CC3434E37D87B2A77947.d.01FC7D57EBF586A584516CC72815F152.e.9712/click - {}
RESULT: {}
COMMAND: GET /session/848251078812a197579c886f13255d0c/screenshot - {}
RESULT: {}
COMMAND: POST /session/848251078812a197579c886f13255d0c/element - {"using":"xpath","value":"(//span[contains(@id, \"-application-manageresources-display-component---newResourceUnit--RUTimeSegment-0-arrow\")])[2]"}
RESULT: {"using":"xpath","value":"(//span[contains(@id, \"-application-manageresources-display-component---newResourceUnit--RUTimeSegment-0-arrow\")])[2]"}
COMMAND: POST /session/848251078812a197579c886f13255d0c/element/f.E62CCC3EBD73CC3434E37D87B2A77947.d.01FC7D57EBF586A584516CC72815F152.e.9713/click - {}
RESULT: {}
COMMAND: POST /session/848251078812a197579c886f13255d0c/element - {"using":"xpath","value":"//span[contains(text(), \"PM Order\")]"}
COMMAND: GET /session/848251078812a197579c886f13255d0c/screenshot - {}
RESULT: {"using":"xpath","value":"//span[contains(text(), \"PM Order\")]"}
COMMAND: POST /session/848251078812a197579c886f13255d0c/element/f.E62CCC3EBD73CC3434E37D87B2A77947.d.01FC7D57EBF586A584516CC72815F152.e.9714/click - {}
RESULT: {}
RESULT: {}
COMMAND: GET /session/848251078812a197579c886f13255d0c/screenshot - {}
RESULT: {}
COMMAND: POST /session/848251078812a197579c886f13255d0c/element - {"using":"xpath","value":"//td/div/div/div/span[contains(@id, \"newResourceUnit--RUTimeSegment-0-vhi\")][1]"}
RESULT: {"using":"xpath","value":"//td/div/div/div/span[contains(@id, \"newResourceUnit--RUTimeSegment-0-vhi\")][1]"}
COMMAND: GET /session/848251078812a197579c886f13255d0c/element/f.E62CCC3EBD73CC3434E37D87B2A77947.d.01FC7D57EBF586A584516CC72815F152.e.9718/rect - {}
RESULT: {}
COMMAND: GET /session/848251078812a197579c886f13255d0c/window/rect - {}
RESULT: {}
COMMAND: POST /session/848251078812a197579c886f13255d0c/execute/sync - {"script":"<script> [92 bytes]","args":[]}
RESULT: {"script":"<script> [92 bytes]","args":[]}
COMMAND: POST /session/848251078812a197579c886f13255d0c/actions - {"actions":[{"id":"action32","type":"wheel","parameters":{},"actions":[{"type":"scroll","x":-1888,"y":-24,"deltaX":0,"deltaY":0,"duration":0,"origin":{"element-6066-11e4-a52e-4f735466cecf":"f.E62CCC3EBD73CC3434E37D87B2A77947.d.01FC7D57EBF586A584516CC72815F152.e.9718"}}]}]}
COMMAND: GET /session/848251078812a197579c886f13255d0c/screenshot - {}
RESULT: {}
COMMAND: POST /session/848251078812a197579c886f13255d0c/execute/sync - {"script":"<script> [79 bytes]","args":[{"element-6066-11e4-a52e-4f735466cecf":"f.E62CCC3EBD73CC3434E37D87B2A77947.d.01FC7D57EBF586A584516CC72815F152.e.9718","ELEMENT":"f.E62CCC3EBD73CC3434E37D87B2A77947.d.01FC7D57EBF586A584516CC72815F152.e.9718"},{"block":"start","inline":"nearest"}]}
RESULT: {"script":"<script> [79 bytes]","args":[{"element-6066-11e4-a52e-4f735466cecf":"f.E62CCC3EBD73CC3434E37D87B2A77947.d.01FC7D57EBF586A584516CC72815F152.e.9718","ELEMENT":"f.E62CCC3EBD73CC3434E37D87B2A77947.d.01FC7D57EBF586A584516CC72815F152.e.9718"},{"block":"start","inline":"nearest"}]}
COMMAND: GET /session/848251078812a197579c886f13255d0c/screenshot - {}
RESULT: {}
COMMAND: POST /session/848251078812a197579c886f13255d0c/element/f.E62CCC3EBD73CC3434E37D87B2A77947.d.01FC7D57EBF586A584516CC72815F152.e.9718/click - {}
RESULT: {}
COMMAND: GET /session/848251078812a197579c886f13255d0c/screenshot - {}
RESULT: {}
COMMAND: POST /session/848251078812a197579c886f13255d0c/execute/async - {"script":"<script> [1562 bytes]","args":[{"selector":{"controlType":"sap.m.SearchField","properties":{"placeholder":"Search"},"searchOpenDialogs":true,"interaction":{"idSuffix":"I"}},"wdio_ui5_key":"sapm.SearchField{\"placeholder\":\"Search\"}"}]}
RESULT: {"script":"<script> [1562 bytes]","args":[{"selector":{"controlType":"sap.m.SearchField","properties":{"placeholder":"Search"},"searchOpenDialogs":true,"interaction":{"idSuffix":"I"}},"wdio_ui5_key":"sapm.SearchField{\"placeholder\":\"Search\"}"}]}
RESULT: undefined
COMMAND: POST /session/848251078812a197579c886f13255d0c/execute/async - {"script":"<script> [776 bytes]","args":[{"enterText":"4000360","selector":{"controlType":"sap.m.SearchField","properties":{"placeholder":"Search"},"searchOpenDialogs":true,"interaction":{"idSuffix":"I"}},"clearTextFirst":true,"interactionType":"ENTER_TEXT"}]}
RESULT: {"script":"<script> [776 bytes]","args":[{"enterText":"4000360","selector":{"controlType":"sap.m.SearchField","properties":{"placeholder":"Search"},"searchOpenDialogs":true,"interaction":{"idSuffix":"I"}},"clearTextFirst":true,"interactionType":"ENTER_TEXT"}]}
COMMAND: POST /session/848251078812a197579c886f13255d0c/actions - {"actions":[{"id":"action33","type":"key","parameters":{},"actions":[{"type":"keyDown","value":"î€‡"},{"type":"pause","duration":10},{"type":"keyUp","value":"î€‡"}]}]}
RESULT: {"actions":[{"id":"action33","type":"key","parameters":{},"actions":[{"type":"keyDown","value":"î€‡"},{"type":"pause","duration":10},{"type":"keyUp","value":"î€‡"}]}]}
COMMAND: GET /session/848251078812a197579c886f13255d0c/screenshot - {}
RESULT: {}
COMMAND: POST /session/848251078812a197579c886f13255d0c/element - {"using":"xpath","value":"//td/div/span[contains(text(), \"BGL Vehicles\")]"}
RESULT: {"using":"xpath","value":"//td/div/span[contains(text(), \"BGL Vehicles\")]"}
COMMAND: POST /session/848251078812a197579c886f13255d0c/element/f.E62CCC3EBD73CC3434E37D87B2A77947.d.01FC7D57EBF586A584516CC72815F152.e.9741/click - {}
RESULT: {}
COMMAND: GET /session/848251078812a197579c886f13255d0c/screenshot - {}
RESULT: {}
COMMAND: POST /session/848251078812a197579c886f13255d0c/element - {"using":"xpath","value":"//bdi[contains(text(), \"OK\")]"}
RESULT: {"using":"xpath","value":"//bdi[contains(text(), \"OK\")]"}
COMMAND: POST /session/848251078812a197579c886f13255d0c/element/f.E62CCC3EBD73CC3434E37D87B2A77947.d.01FC7D57EBF586A584516CC72815F152.e.9742/click - {}
RESULT: {}
COMMAND: GET /session/848251078812a197579c886f13255d0c/screenshot - {}
RESULT: {}
COMMAND: POST /session/848251078812a197579c886f13255d0c/element - {"using":"xpath","value":"//label[contains(@class, 'sapMLabelRequired') and .//bdi[contains(text(), 'Planned Retirement')]]"}
RESULT: {"using":"xpath","value":"//label[contains(@class, 'sapMLabelRequired') and .//bdi[contains(text(), 'Planned Retirement')]]"}
COMMAND: POST /session/848251078812a197579c886f13255d0c/elements - {"using":"xpath","value":"//label[contains(@class, 'sapMLabelRequired') and .//bdi[contains(text(), 'Planned Retirement')]]"}
RESULT: {"using":"xpath","value":"//label[contains(@class, 'sapMLabelRequired') and .//bdi[contains(text(), 'Planned Retirement')]]"}
COMMAND: POST /session/848251078812a197579c886f13255d0c/element - {"using":"xpath","value":"//button[@data-kt=\"resourceUnitSaveButton\"]"}
RESULT: {"using":"xpath","value":"//button[@data-kt=\"resourceUnitSaveButton\"]"}
COMMAND: POST /session/848251078812a197579c886f13255d0c/element/f.E62CCC3EBD73CC3434E37D87B2A77947.d.01FC7D57EBF586A584516CC72815F152.e.9574/click - {}
RESULT: {}
COMMAND: GET /session/848251078812a197579c886f13255d0c/screenshot - {}
RESULT: {}
COMMAND: POST /session/848251078812a197579c886f13255d0c/element - {"using":"xpath","value":"//bdi[contains(text(), \"Close\")]"}
RESULT: {"using":"xpath","value":"//bdi[contains(text(), \"Close\")]"}
COMMAND: POST /session/848251078812a197579c886f13255d0c/element/f.E62CCC3EBD73CC3434E37D87B2A77947.d.01FC7D57EBF586A584516CC72815F152.e.9748/click - {}
RESULT: {}
COMMAND: GET /session/848251078812a197579c886f13255d0c/screenshot - {}
RESULT: {}
COMMAND: POST /session/848251078812a197579c886f13255d0c/element - {"using":"xpath","value":"//header[contains(@id, 'detailRruPage-headerTitle')]/div[1]/div[2]/div[2]/span[1]"}
RESULT: {"using":"xpath","value":"//header[contains(@id, 'detailRruPage-headerTitle')]/div[1]/div[2]/div[2]/span[1]"}
COMMAND: POST /session/848251078812a197579c886f13255d0c/elements - {"using":"xpath","value":"//header[contains(@id, 'detailRruPage-headerTitle')]/div[1]/div[2]/div[2]/span[1]"}
RESULT: {"using":"xpath","value":"//header[contains(@id, 'detailRruPage-headerTitle')]/div[1]/div[2]/div[2]/span[1]"}
COMMAND: POST /session/848251078812a197579c886f13255d0c/execute/sync - {"script":"<script> [56 bytes]","args":[{"element-6066-11e4-a52e-4f735466cecf":"f.E62CCC3EBD73CC3434E37D87B2A77947.d.01FC7D57EBF586A584516CC72815F152.e.9783","ELEMENT":"f.E62CCC3EBD73CC3434E37D87B2A77947.d.01FC7D57EBF586A584516CC72815F152.e.9783"}]}
RESULT: {"script":"<script> [56 bytes]","args":[{"element-6066-11e4-a52e-4f735466cecf":"f.E62CCC3EBD73CC3434E37D87B2A77947.d.01FC7D57EBF586A584516CC72815F152.e.9783","ELEMENT":"f.E62CCC3EBD73CC3434E37D87B2A77947.d.01FC7D57EBF586A584516CC72815F152.e.9783"}]}
COMMAND: POST /session/848251078812a197579c886f13255d0c/element - {"using":"css selector","value":"#shell-header-logo"}
COMMAND: GET /session/848251078812a197579c886f13255d0c/screenshot - {}
RESULT: {"using":"css selector","value":"#shell-header-logo"}
COMMAND: POST /session/848251078812a197579c886f13255d0c/element/f.E62CCC3EBD73CC3434E37D87B2A77947.d.01FC7D57EBF586A584516CC72815F152.e.9167/click - {}
RESULT: {}
RESULT: {}
COMMAND: GET /session/848251078812a197579c886f13255d0c/screenshot - {}
RESULT: {}
]]></system-out>
    </testcase>
  </testsuite>
  <testsuite timestamp="2025-06-04T06:34:33" time="294.463" tests="6" failures="4" errors="4" skipped="0">
    <properties>
      <property name="specId" value="0" />
      <property name="suiteName" value="Provide to Site w/o warehouse management w clarification" />
      <property name="capabilities" value="chrome.136_0_7103_93.windows" />
      <property name="file" value="file:///D:/a/1/s/test/specs/HTR/provide-to-site-wo-warehouse-w-clarification.spec.js" />
    </properties>
    <testcase classname="chrome.136_0_7103_93.windows.Provide_to_Site_w/o_warehouse_management_w_clarification" name="Should Test for Handover Execution" time="13.026">
      <system-out><![CDATA[
COMMAND: POST /session/848251078812a197579c886f13255d0c/element - {"using":"xpath","value":"(//span[contains(@id, \"imgNav\")])[1]"}
COMMAND: GET /session/848251078812a197579c886f13255d0c/screenshot - {}
RESULT: {"using":"xpath","value":"(//span[contains(@id, \"imgNav\")])[1]"}
COMMAND: POST /session/848251078812a197579c886f13255d0c/element/f.E62CCC3EBD73CC3434E37D87B2A77947.d.01FC7D57EBF586A584516CC72815F152.e.9846/click - {}
RESULT: {}
RESULT: {}
COMMAND: GET /session/848251078812a197579c886f13255d0c/screenshot - {}
RESULT: {}
COMMAND: POST /session/848251078812a197579c886f13255d0c/element - {"using":"css selector","value":"#shell-header-logo"}
RESULT: {"using":"css selector","value":"#shell-header-logo"}
COMMAND: POST /session/848251078812a197579c886f13255d0c/element/f.E62CCC3EBD73CC3434E37D87B2A77947.d.01FC7D57EBF586A584516CC72815F152.e.9786/click - {}
RESULT: {}
COMMAND: GET /session/848251078812a197579c886f13255d0c/screenshot - {}
RESULT: {}
]]></system-out>
    </testcase>
    <testcase classname="chrome.136_0_7103_93.windows.Provide_to_Site_w/o_warehouse_management_w_clarification" name="Should test for Clarification" time="0.005">
      <system-out><![CDATA[
COMMAND: POST /session/848251078812a197579c886f13255d0c/element - {"using":"css selector","value":"#j_username"}
COMMAND: POST /session/848251078812a197579c886f13255d0c/url - {"url":"https://qa-testing-00-live-etm-ui.cfapps.eu10-004.hana.ondemand.com/"}
COMMAND: GET /session/848251078812a197579c886f13255d0c/screenshot - {}
RESULT: {"using":"css selector","value":"#j_username"}
COMMAND: POST /session/848251078812a197579c886f13255d0c/element - {"using":"css selector","value":"#j_username"}
RESULT: {"url":"https://qa-testing-00-live-etm-ui.cfapps.eu10-004.hana.ondemand.com/"}
RESULT: undefined
COMMAND: GET /session/848251078812a197579c886f13255d0c/screenshot - {}
RESULT: {}
RESULT: {"using":"css selector","value":"#j_username"}
COMMAND: POST /session/848251078812a197579c886f13255d0c/element - {"using":"css selector","value":"#shell-header-logo"}
RESULT: {}
RESULT: {"using":"css selector","value":"#shell-header-logo"}
COMMAND: POST /session/848251078812a197579c886f13255d0c/execute/sync - {"script":"<script> [8489 bytes]","args":[{"element-6066-11e4-a52e-4f735466cecf":"f.E62CCC3EBD73CC3434E37D87B2A77947.d.C3D049F292E62E8008C3D26ED4D1461E.e.10210","ELEMENT":"f.E62CCC3EBD73CC3434E37D87B2A77947.d.C3D049F292E62E8008C3D26ED4D1461E.e.10210"}]}
RESULT: {"script":"<script> [8489 bytes]","args":[{"element-6066-11e4-a52e-4f735466cecf":"f.E62CCC3EBD73CC3434E37D87B2A77947.d.C3D049F292E62E8008C3D26ED4D1461E.e.10210","ELEMENT":"f.E62CCC3EBD73CC3434E37D87B2A77947.d.C3D049F292E62E8008C3D26ED4D1461E.e.10210"}]}
COMMAND: POST /session/848251078812a197579c886f13255d0c/element - {"using":"css selector","value":"#shell-header-logo"}
COMMAND: GET /session/848251078812a197579c886f13255d0c/screenshot - {}
RESULT: {"using":"css selector","value":"#shell-header-logo"}
COMMAND: POST /session/848251078812a197579c886f13255d0c/execute/sync - {"script":"<script> [8489 bytes]","args":[{"element-6066-11e4-a52e-4f735466cecf":"f.E62CCC3EBD73CC3434E37D87B2A77947.d.C3D049F292E62E8008C3D26ED4D1461E.e.10210","ELEMENT":"f.E62CCC3EBD73CC3434E37D87B2A77947.d.C3D049F292E62E8008C3D26ED4D1461E.e.10210"}]}
RESULT: {}
RESULT: {"script":"<script> [8489 bytes]","args":[{"element-6066-11e4-a52e-4f735466cecf":"f.E62CCC3EBD73CC3434E37D87B2A77947.d.C3D049F292E62E8008C3D26ED4D1461E.e.10210","ELEMENT":"f.E62CCC3EBD73CC3434E37D87B2A77947.d.C3D049F292E62E8008C3D26ED4D1461E.e.10210"}]}
COMMAND: POST /session/848251078812a197579c886f13255d0c/execute/sync - {"script":"<script> [5351 bytes]","args":[{"element-6066-11e4-a52e-4f735466cecf":"f.E62CCC3EBD73CC3434E37D87B2A77947.d.C3D049F292E62E8008C3D26ED4D1461E.e.10210","ELEMENT":"f.E62CCC3EBD73CC3434E37D87B2A77947.d.C3D049F292E62E8008C3D26ED4D1461E.e.10210"}]}
COMMAND: GET /session/848251078812a197579c886f13255d0c/screenshot - {}
RESULT: {"script":"<script> [5351 bytes]","args":[{"element-6066-11e4-a52e-4f735466cecf":"f.E62CCC3EBD73CC3434E37D87B2A77947.d.C3D049F292E62E8008C3D26ED4D1461E.e.10210","ELEMENT":"f.E62CCC3EBD73CC3434E37D87B2A77947.d.C3D049F292E62E8008C3D26ED4D1461E.e.10210"}]}
COMMAND: POST /session/848251078812a197579c886f13255d0c/element - {"using":"css selector","value":"#shell-header-logo"}
COMMAND: GET /session/848251078812a197579c886f13255d0c/screenshot - {}
RESULT: {}
RESULT: {"using":"css selector","value":"#shell-header-logo"}
COMMAND: POST /session/848251078812a197579c886f13255d0c/element/f.E62CCC3EBD73CC3434E37D87B2A77947.d.C3D049F292E62E8008C3D26ED4D1461E.e.10210/click - {}
RESULT: {}
RESULT: {}
COMMAND: GET /session/848251078812a197579c886f13255d0c/screenshot - {}
RESULT: {}
COMMAND: POST /session/848251078812a197579c886f13255d0c/execute/async - {"script":"<script> [189 bytes]","args":[]}
RESULT: {"script":"<script> [189 bytes]","args":[]}
COMMAND: POST /session/848251078812a197579c886f13255d0c/execute/async - {"script":"<script> [123 bytes]","args":[]}
RESULT: {"script":"<script> [123 bytes]","args":[]}
COMMAND: POST /session/848251078812a197579c886f13255d0c/timeouts - {"script":"<number>"}
RESULT: {"script":"<number>"}
COMMAND: GET /session/848251078812a197579c886f13255d0c/timeouts - {}
RESULT: {}
RESULT: undefined
COMMAND: POST /session/848251078812a197579c886f13255d0c/execute/async - {"script":"<script> [2676 bytes]","args":[]}
RESULT: {"script":"<script> [2676 bytes]","args":[]}
COMMAND: POST /session/848251078812a197579c886f13255d0c/execute/async - {"script":"<script> [2342 bytes]","args":[{"protocol":"http","hostname":"0.0.0.0","path":"/","capabilities":{"browserName":"chrome","goog:chromeOptions":{"binary":"C:\\Program Files\\Google\\Chrome\\Application\\chrome.exe","args":["--start-maximized"]}},"logLevel":"warn","connectionRetryTimeout":120000,"connectionRetryCount":3,"logLevels":{},"enableDirectConnect":true,"strictSSL":true,"_":"65 more keys: [\"cacheDir\",\"port\",\"requestedCapabilities\",\"automationProtocol\",\"baseUrl\",\"waitforInterval\",\"waitforTimeout\",\"onReload\",\"beforeCommand\",\"afterCommand\",\"rootDir\",\"specs\",\"suites\",\"exclude\",\"groupLogsByTestSpec\",\"excludeDriverLogs\",\"bail\",\"framework\",\"reporters\",\"services\",\"maxInstances\",\"maxInstancesPerCapability\",\"injectGlobals\",\"filesToWatch\",\"execArgv\",\"runnerEnv\",\"runner\",\"shard\",\"specFileRetries\",\"specFileRetriesDelay\",\"specFileRetriesDeferred\",\"reporterSyncInterval\",\"reporterSyncTimeout\",\"cucumberFeaturesWithLineNumbers\",\"autoCompileOpts\",\"mochaOpts\",\"jasmineOpts\",\"cucumberOpts\",\"onPrepare\",\"onWorkerStart\",\"onWorkerEnd\",\"before\",\"beforeSession\",\"beforeSuite\",\"beforeHook\",\"beforeTest\",\"afterTest\",\"afterHook\",\"afterSuite\",\"afterSession\",\"after\",\"onComplete\",\"beforeAssertion\",\"afterAssertion\",\"beforeFeature\",\"beforeScenario\",\"beforeStep\",\"afterStep\",\"afterScenario\",\"afterFeature\",\"_\",\"suite\",\"$0\",\"ignoredWorkerServices\",\"wdi5\"]"}]}
RESULT: {"script":"<script> [2342 bytes]","args":[{"protocol":"http","hostname":"0.0.0.0","path":"/","capabilities":{"browserName":"chrome","goog:chromeOptions":{"binary":"C:\\Program Files\\Google\\Chrome\\Application\\chrome.exe","args":["--start-maximized"]}},"logLevel":"warn","connectionRetryTimeout":120000,"connectionRetryCount":3,"logLevels":{},"enableDirectConnect":true,"strictSSL":true,"_":"65 more keys: [\"cacheDir\",\"port\",\"requestedCapabilities\",\"automationProtocol\",\"baseUrl\",\"waitforInterval\",\"waitforTimeout\",\"onReload\",\"beforeCommand\",\"afterCommand\",\"rootDir\",\"specs\",\"suites\",\"exclude\",\"groupLogsByTestSpec\",\"excludeDriverLogs\",\"bail\",\"framework\",\"reporters\",\"services\",\"maxInstances\",\"maxInstancesPerCapability\",\"injectGlobals\",\"filesToWatch\",\"execArgv\",\"runnerEnv\",\"runner\",\"shard\",\"specFileRetries\",\"specFileRetriesDelay\",\"specFileRetriesDeferred\",\"reporterSyncInterval\",\"reporterSyncTimeout\",\"cucumberFeaturesWithLineNumbers\",\"autoCompileOpts\",\"mochaOpts\",\"jasmineOpts\",\"cucumberOpts\",\"onPrepare\",\"onWorkerStart\",\"onWorkerEnd\",\"before\",\"beforeSession\",\"beforeSuite\",\"beforeHook\",\"beforeTest\",\"afterTest\",\"afterHook\",\"afterSuite\",\"afterSession\",\"after\",\"onComplete\",\"beforeAssertion\",\"afterAssertion\",\"beforeFeature\",\"beforeScenario\",\"beforeStep\",\"afterStep\",\"afterScenario\",\"afterFeature\",\"_\",\"suite\",\"$0\",\"ignoredWorkerServices\",\"wdi5\"]"}]}
COMMAND: POST /session/848251078812a197579c886f13255d0c/execute/async - {"script":"<script> [21126 bytes]","args":[35000]}
RESULT: {"script":"<script> [21126 bytes]","args":[35000]}
COMMAND: POST /session/848251078812a197579c886f13255d0c/window/maximize - {}
RESULT: {}
COMMAND: POST /session/848251078812a197579c886f13255d0c/execute/async - {"script":"<script> [1562 bytes]","args":[{"selector":{"id":"shell-header","interaction":{"idSuffix":"icon"}},"wdio_ui5_key":"shellheader"}]}
COMMAND: GET /session/848251078812a197579c886f13255d0c/screenshot - {}
RESULT: {"script":"<script> [1562 bytes]","args":[{"selector":{"id":"shell-header","interaction":{"idSuffix":"icon"}},"wdio_ui5_key":"shellheader"}]}
RESULT: undefined
COMMAND: POST /session/848251078812a197579c886f13255d0c/window/fullscreen - {}
RESULT: {}
RESULT: {}
]]></system-out>
    </testcase>
  </testsuite>
  <testsuite timestamp="2025-06-04T06:39:28" time="146.479" tests="4" failures="0" errors="0" skipped="0">
    <properties>
      <property name="specId" value="0" />
      <property name="suiteName" value="Provide to Site w/o warehouse management w/o clarification US116612" />
      <property name="capabilities" value="chrome.136_0_7103_93.windows" />
      <property name="file" value="file:///D:/a/1/s/test/specs/HTR/provide-to-site-wo-warehouse-wo-clarification.spec.js" />
    </properties>
    <testcase classname="chrome.136_0_7103_93.windows.Provide_to_Site_w/o_warehouse_management_w/o_clarification_US116612" name="Should create a new yard" time="0.026">
      <system-out><![CDATA[
COMMAND: POST /session/848251078812a197579c886f13255d0c/window/fullscreen - {}
RESULT: {}
]]></system-out>
    </testcase>
    <testcase classname="chrome.136_0_7103_93.windows.Provide_to_Site_w/o_warehouse_management_w/o_clarification_US116612" name="Should create a new external partner" time="0.004" />
    <testcase classname="chrome.136_0_7103_93.windows.Provide_to_Site_w/o_warehouse_management_w/o_clarification_US116612" name="Should create a new site" time="0.004" />
    <testcase classname="chrome.136_0_7103_93.windows.Provide_to_Site_w/o_warehouse_management_w/o_clarification_US116612" name="Should create a new material" time="131.203">
      <system-out><![CDATA[
COMMAND: POST /session/848251078812a197579c886f13255d0c/execute/async - {"script":"<script> [1562 bytes]","args":[{"selector":{"controlType":"sap.m.GenericTile","properties":{"header":"Manage Resources"}},"wdio_ui5_key":"sapm.GenericTile{\"header\":\"Manage Resources\"}"}]}
RESULT: {"script":"<script> [1562 bytes]","args":[{"selector":{"controlType":"sap.m.GenericTile","properties":{"header":"Manage Resources"}},"wdio_ui5_key":"sapm.GenericTile{\"header\":\"Manage Resources\"}"}]}
RESULT: undefined
COMMAND: POST /session/848251078812a197579c886f13255d0c/element - {"using":"xpath","value":"//*[@id=\"__tile31\"]"}
RESULT: {"using":"xpath","value":"//*[@id=\"__tile31\"]"}
COMMAND: POST /session/848251078812a197579c886f13255d0c/element/f.E62CCC3EBD73CC3434E37D87B2A77947.d.C3D049F292E62E8008C3D26ED4D1461E.e.10238/click - {}
RESULT: {}
COMMAND: GET /session/848251078812a197579c886f13255d0c/screenshot - {}
RESULT: {}
COMMAND: POST /session/848251078812a197579c886f13255d0c/elements - {"using":"xpath","value":"//span[text()='Error']"}
RESULT: {"using":"xpath","value":"//span[text()='Error']"}
COMMAND: POST /session/848251078812a197579c886f13255d0c/element - {"using":"xpath","value":"//button[@data-kt=\"addNewRUOverflowToolbarButton\"]"}
RESULT: {"using":"xpath","value":"//button[@data-kt=\"addNewRUOverflowToolbarButton\"]"}
COMMAND: POST /session/848251078812a197579c886f13255d0c/elements - {"using":"xpath","value":"//button[@data-kt=\"addNewRUOverflowToolbarButton\"]"}
RESULT: {"using":"xpath","value":"//button[@data-kt=\"addNewRUOverflowToolbarButton\"]"}
COMMAND: POST /session/848251078812a197579c886f13255d0c/elements - {"using":"xpath","value":"//button[@data-kt=\"addNewRUOverflowToolbarButton\"]"}
RESULT: {"using":"xpath","value":"//button[@data-kt=\"addNewRUOverflowToolbarButton\"]"}
COMMAND: POST /session/848251078812a197579c886f13255d0c/elements - {"using":"xpath","value":"//button[@data-kt=\"addNewRUOverflowToolbarButton\"]"}
RESULT: {"using":"xpath","value":"//button[@data-kt=\"addNewRUOverflowToolbarButton\"]"}
COMMAND: POST /session/848251078812a197579c886f13255d0c/element - {"using":"xpath","value":"//button[@data-kt=\"addNewRUOverflowToolbarButton\"]"}
RESULT: {"using":"xpath","value":"//button[@data-kt=\"addNewRUOverflowToolbarButton\"]"}
COMMAND: POST /session/848251078812a197579c886f13255d0c/execute/sync - {"script":"<script> [8489 bytes]","args":[{"element-6066-11e4-a52e-4f735466cecf":"f.E62CCC3EBD73CC3434E37D87B2A77947.d.C3D049F292E62E8008C3D26ED4D1461E.e.10367","ELEMENT":"f.E62CCC3EBD73CC3434E37D87B2A77947.d.C3D049F292E62E8008C3D26ED4D1461E.e.10367"}]}
RESULT: {"script":"<script> [8489 bytes]","args":[{"element-6066-11e4-a52e-4f735466cecf":"f.E62CCC3EBD73CC3434E37D87B2A77947.d.C3D049F292E62E8008C3D26ED4D1461E.e.10367","ELEMENT":"f.E62CCC3EBD73CC3434E37D87B2A77947.d.C3D049F292E62E8008C3D26ED4D1461E.e.10367"}]}
COMMAND: GET /session/848251078812a197579c886f13255d0c/element/f.E62CCC3EBD73CC3434E37D87B2A77947.d.C3D049F292E62E8008C3D26ED4D1461E.e.10367/enabled - {}
COMMAND: GET /session/848251078812a197579c886f13255d0c/screenshot - {}
RESULT: {}
COMMAND: POST /session/848251078812a197579c886f13255d0c/execute/sync - {"script":"<script> [8489 bytes]","args":[{"element-6066-11e4-a52e-4f735466cecf":"f.E62CCC3EBD73CC3434E37D87B2A77947.d.C3D049F292E62E8008C3D26ED4D1461E.e.10367","ELEMENT":"f.E62CCC3EBD73CC3434E37D87B2A77947.d.C3D049F292E62E8008C3D26ED4D1461E.e.10367"}]}
COMMAND: GET /session/848251078812a197579c886f13255d0c/screenshot - {}
RESULT: {}
RESULT: {"script":"<script> [8489 bytes]","args":[{"element-6066-11e4-a52e-4f735466cecf":"f.E62CCC3EBD73CC3434E37D87B2A77947.d.C3D049F292E62E8008C3D26ED4D1461E.e.10367","ELEMENT":"f.E62CCC3EBD73CC3434E37D87B2A77947.d.C3D049F292E62E8008C3D26ED4D1461E.e.10367"}]}
COMMAND: POST /session/848251078812a197579c886f13255d0c/execute/sync - {"script":"<script> [5351 bytes]","args":[{"element-6066-11e4-a52e-4f735466cecf":"f.E62CCC3EBD73CC3434E37D87B2A77947.d.C3D049F292E62E8008C3D26ED4D1461E.e.10367","ELEMENT":"f.E62CCC3EBD73CC3434E37D87B2A77947.d.C3D049F292E62E8008C3D26ED4D1461E.e.10367"}]}
COMMAND: GET /session/848251078812a197579c886f13255d0c/screenshot - {}
RESULT: {}
RESULT: {"script":"<script> [5351 bytes]","args":[{"element-6066-11e4-a52e-4f735466cecf":"f.E62CCC3EBD73CC3434E37D87B2A77947.d.C3D049F292E62E8008C3D26ED4D1461E.e.10367","ELEMENT":"f.E62CCC3EBD73CC3434E37D87B2A77947.d.C3D049F292E62E8008C3D26ED4D1461E.e.10367"}]}
COMMAND: POST /session/848251078812a197579c886f13255d0c/element/f.E62CCC3EBD73CC3434E37D87B2A77947.d.C3D049F292E62E8008C3D26ED4D1461E.e.10367/click - {}
COMMAND: GET /session/848251078812a197579c886f13255d0c/screenshot - {}
RESULT: {}
RESULT: {}
COMMAND: GET /session/848251078812a197579c886f13255d0c/screenshot - {}
RESULT: {}
RESULT: {}
COMMAND: POST /session/848251078812a197579c886f13255d0c/execute/async - {"script":"<script> [1562 bytes]","args":[{"selector":{"id":"application-manageresources-display-component---newResourceUnit--TYPE-arrow"},"wdio_ui5_key":"applicationmanageresources-display-component---newResourceUnit--TYPE-arrow"}]}
RESULT: {"script":"<script> [1562 bytes]","args":[{"selector":{"id":"application-manageresources-display-component---newResourceUnit--TYPE-arrow"},"wdio_ui5_key":"applicationmanageresources-display-component---newResourceUnit--TYPE-arrow"}]}
RESULT: undefined
COMMAND: POST /session/848251078812a197579c886f13255d0c/element - {"using":"xpath","value":"//*[@id=\"application-manageresources-display-component---newResourceUnit--TYPE-arrow\"]"}
RESULT: {"using":"xpath","value":"//*[@id=\"application-manageresources-display-component---newResourceUnit--TYPE-arrow\"]"}
COMMAND: POST /session/848251078812a197579c886f13255d0c/element/f.E62CCC3EBD73CC3434E37D87B2A77947.d.C3D049F292E62E8008C3D26ED4D1461E.e.10736/click - {}
RESULT: {}
COMMAND: POST /session/848251078812a197579c886f13255d0c/element - {"using":"xpath","value":"//input[@id=\"application-manageresources-display-component---newResourceUnit--TYPE-inner\"]"}
COMMAND: GET /session/848251078812a197579c886f13255d0c/screenshot - {}
RESULT: {"using":"xpath","value":"//input[@id=\"application-manageresources-display-component---newResourceUnit--TYPE-inner\"]"}
COMMAND: POST /session/848251078812a197579c886f13255d0c/element/f.E62CCC3EBD73CC3434E37D87B2A77947.d.C3D049F292E62E8008C3D26ED4D1461E.e.10720/clear - {}
RESULT: {}
RESULT: {}
COMMAND: POST /session/848251078812a197579c886f13255d0c/element/f.E62CCC3EBD73CC3434E37D87B2A77947.d.C3D049F292E62E8008C3D26ED4D1461E.e.10720/value - {"text":"Material"}
COMMAND: GET /session/848251078812a197579c886f13255d0c/screenshot - {}
RESULT: {"text":"Material"}
COMMAND: GET /session/848251078812a197579c886f13255d0c/screenshot - {}
RESULT: {}
RESULT: {}
COMMAND: POST /session/848251078812a197579c886f13255d0c/actions - {"actions":[{"id":"action34","type":"key","parameters":{},"actions":[{"type":"keyDown","value":"î€‡"},{"type":"pause","duration":10},{"type":"keyUp","value":"î€‡"}]}]}
RESULT: {"actions":[{"id":"action34","type":"key","parameters":{},"actions":[{"type":"keyDown","value":"î€‡"},{"type":"pause","duration":10},{"type":"keyUp","value":"î€‡"}]}]}
COMMAND: POST /session/848251078812a197579c886f13255d0c/execute/async - {"script":"<script> [1562 bytes]","args":[{"selector":{"id":"application-manageresources-display-component---newResourceUnit--SHORT_TEXT","interaction":{"idSuffix":"inner"}},"wdio_ui5_key":"applicationmanageresources-display-component---newResourceUnit--SHORT_TEXT"}]}
COMMAND: GET /session/848251078812a197579c886f13255d0c/screenshot - {}
RESULT: {"script":"<script> [1562 bytes]","args":[{"selector":{"id":"application-manageresources-display-component---newResourceUnit--SHORT_TEXT","interaction":{"idSuffix":"inner"}},"wdio_ui5_key":"applicationmanageresources-display-component---newResourceUnit--SHORT_TEXT"}]}
RESULT: undefined
COMMAND: POST /session/848251078812a197579c886f13255d0c/execute/async - {"script":"<script> [776 bytes]","args":[{"enterText":"Cement WDIO","selector":{"id":"application-manageresources-display-component---newResourceUnit--SHORT_TEXT","interaction":{"idSuffix":"inner"}},"clearTextFirst":true,"interactionType":"ENTER_TEXT"}]}
RESULT: {}
RESULT: {"script":"<script> [776 bytes]","args":[{"enterText":"Cement WDIO","selector":{"id":"application-manageresources-display-component---newResourceUnit--SHORT_TEXT","interaction":{"idSuffix":"inner"}},"clearTextFirst":true,"interactionType":"ENTER_TEXT"}]}
COMMAND: POST /session/848251078812a197579c886f13255d0c/execute/async - {"script":"<script> [1562 bytes]","args":[{"selector":{"id":"application-manageresources-display-component---newResourceUnit--BASE_UNIT_OF_MEASURE","interaction":{"idSuffix":"inner"}},"wdio_ui5_key":"applicationmanageresources-display-component---newResourceUnit--BASE_UNIT_OF_MEASURE"}]}
RESULT: {"script":"<script> [1562 bytes]","args":[{"selector":{"id":"application-manageresources-display-component---newResourceUnit--BASE_UNIT_OF_MEASURE","interaction":{"idSuffix":"inner"}},"wdio_ui5_key":"applicationmanageresources-display-component---newResourceUnit--BASE_UNIT_OF_MEASURE"}]}
RESULT: undefined
COMMAND: POST /session/848251078812a197579c886f13255d0c/execute/async - {"script":"<script> [776 bytes]","args":[{"enterText":"Piece","selector":{"id":"application-manageresources-display-component---newResourceUnit--BASE_UNIT_OF_MEASURE","interaction":{"idSuffix":"inner"}},"clearTextFirst":true,"interactionType":"ENTER_TEXT"}]}
RESULT: {"script":"<script> [776 bytes]","args":[{"enterText":"Piece","selector":{"id":"application-manageresources-display-component---newResourceUnit--BASE_UNIT_OF_MEASURE","interaction":{"idSuffix":"inner"}},"clearTextFirst":true,"interactionType":"ENTER_TEXT"}]}
COMMAND: POST /session/848251078812a197579c886f13255d0c/execute/async - {"script":"<script> [1562 bytes]","args":[{"selector":{"id":"application-manageresources-display-component---newResourceUnit--WEIGHT_UNIT","interaction":{"idSuffix":"inner"}},"wdio_ui5_key":"applicationmanageresources-display-component---newResourceUnit--WEIGHT_UNIT"}]}
RESULT: {"script":"<script> [1562 bytes]","args":[{"selector":{"id":"application-manageresources-display-component---newResourceUnit--WEIGHT_UNIT","interaction":{"idSuffix":"inner"}},"wdio_ui5_key":"applicationmanageresources-display-component---newResourceUnit--WEIGHT_UNIT"}]}
RESULT: undefined
COMMAND: POST /session/848251078812a197579c886f13255d0c/execute/async - {"script":"<script> [776 bytes]","args":[{"enterText":"Gram","selector":{"id":"application-manageresources-display-component---newResourceUnit--WEIGHT_UNIT","interaction":{"idSuffix":"inner"}},"clearTextFirst":true,"interactionType":"ENTER_TEXT"}]}
RESULT: {"script":"<script> [776 bytes]","args":[{"enterText":"Gram","selector":{"id":"application-manageresources-display-component---newResourceUnit--WEIGHT_UNIT","interaction":{"idSuffix":"inner"}},"clearTextFirst":true,"interactionType":"ENTER_TEXT"}]}
COMMAND: POST /session/848251078812a197579c886f13255d0c/execute/async - {"script":"<script> [1562 bytes]","args":[{"selector":{"id":"application-manageresources-display-component---newResourceUnit--DIMENSION_UNIT","interaction":{"idSuffix":"inner"}},"wdio_ui5_key":"applicationmanageresources-display-component---newResourceUnit--DIMENSION_UNIT"}]}
RESULT: {"script":"<script> [1562 bytes]","args":[{"selector":{"id":"application-manageresources-display-component---newResourceUnit--DIMENSION_UNIT","interaction":{"idSuffix":"inner"}},"wdio_ui5_key":"applicationmanageresources-display-component---newResourceUnit--DIMENSION_UNIT"}]}
RESULT: undefined
COMMAND: POST /session/848251078812a197579c886f13255d0c/execute/async - {"script":"<script> [776 bytes]","args":[{"enterText":"Meter","selector":{"id":"application-manageresources-display-component---newResourceUnit--DIMENSION_UNIT","interaction":{"idSuffix":"inner"}},"clearTextFirst":true,"interactionType":"ENTER_TEXT"}]}
RESULT: {"script":"<script> [776 bytes]","args":[{"enterText":"Meter","selector":{"id":"application-manageresources-display-component---newResourceUnit--DIMENSION_UNIT","interaction":{"idSuffix":"inner"}},"clearTextFirst":true,"interactionType":"ENTER_TEXT"}]}
COMMAND: POST /session/848251078812a197579c886f13255d0c/execute/async - {"script":"<script> [1562 bytes]","args":[{"selector":{"id":"application-manageresources-display-component---newResourceUnit--newRRUPage-anchBar-application-manageresources-display-component---newResourceUnit--control-anchor","interaction":{"idSuffix":"BDI-content"}},"wdio_ui5_key":"applicationmanageresources-display-component---newResourceUnit--newRRUPage-anchBar-application-manageresources-display-component---newResourceUnit--control-anchor"}]}
RESULT: {"script":"<script> [1562 bytes]","args":[{"selector":{"id":"application-manageresources-display-component---newResourceUnit--newRRUPage-anchBar-application-manageresources-display-component---newResourceUnit--control-anchor","interaction":{"idSuffix":"BDI-content"}},"wdio_ui5_key":"applicationmanageresources-display-component---newResourceUnit--newRRUPage-anchBar-application-manageresources-display-component---newResourceUnit--control-anchor"}]}
RESULT: undefined
COMMAND: POST /session/848251078812a197579c886f13255d0c/element - {"using":"xpath","value":"//*[@id=\"application-manageresources-display-component---newResourceUnit--newRRUPage-anchBar-application-manageresources-display-component---newResourceUnit--control-anchor\"]"}
RESULT: {"using":"xpath","value":"//*[@id=\"application-manageresources-display-component---newResourceUnit--newRRUPage-anchBar-application-manageresources-display-component---newResourceUnit--control-anchor\"]"}
COMMAND: POST /session/848251078812a197579c886f13255d0c/element/f.E62CCC3EBD73CC3434E37D87B2A77947.d.C3D049F292E62E8008C3D26ED4D1461E.e.10867/click - {}
RESULT: {}
COMMAND: POST /session/848251078812a197579c886f13255d0c/execute/async - {"script":"<script> [1562 bytes]","args":[{"selector":{"id":"application-manageresources-display-component---newResourceUnit--PLANNING_GROUP","interaction":{"idSuffix":"inner"}},"wdio_ui5_key":"applicationmanageresources-display-component---newResourceUnit--PLANNING_GROUP"}]}
COMMAND: GET /session/848251078812a197579c886f13255d0c/screenshot - {}
RESULT: {"script":"<script> [1562 bytes]","args":[{"selector":{"id":"application-manageresources-display-component---newResourceUnit--PLANNING_GROUP","interaction":{"idSuffix":"inner"}},"wdio_ui5_key":"applicationmanageresources-display-component---newResourceUnit--PLANNING_GROUP"}]}
RESULT: undefined
COMMAND: POST /session/848251078812a197579c886f13255d0c/execute/async - {"script":"<script> [776 bytes]","args":[{"enterText":"Material","selector":{"id":"application-manageresources-display-component---newResourceUnit--PLANNING_GROUP","interaction":{"idSuffix":"inner"}},"clearTextFirst":true,"interactionType":"ENTER_TEXT"}]}
RESULT: {}
RESULT: {"script":"<script> [776 bytes]","args":[{"enterText":"Material","selector":{"id":"application-manageresources-display-component---newResourceUnit--PLANNING_GROUP","interaction":{"idSuffix":"inner"}},"clearTextFirst":true,"interactionType":"ENTER_TEXT"}]}
COMMAND: POST /session/848251078812a197579c886f13255d0c/execute/async - {"script":"<script> [1562 bytes]","args":[{"selector":{"id":"application-manageresources-display-component---newResourceUnit--PLANNING_INDICATOR","interaction":{"idSuffix":"inner"}},"wdio_ui5_key":"applicationmanageresources-display-component---newResourceUnit--PLANNING_INDICATOR"}]}
RESULT: {"script":"<script> [1562 bytes]","args":[{"selector":{"id":"application-manageresources-display-component---newResourceUnit--PLANNING_INDICATOR","interaction":{"idSuffix":"inner"}},"wdio_ui5_key":"applicationmanageresources-display-component---newResourceUnit--PLANNING_INDICATOR"}]}
RESULT: undefined
COMMAND: POST /session/848251078812a197579c886f13255d0c/execute/async - {"script":"<script> [776 bytes]","args":[{"enterText":"10 - infinite","selector":{"id":"application-manageresources-display-component---newResourceUnit--PLANNING_INDICATOR","interaction":{"idSuffix":"inner"}},"clearTextFirst":true,"interactionType":"ENTER_TEXT"}]}
RESULT: {"script":"<script> [776 bytes]","args":[{"enterText":"10 - infinite","selector":{"id":"application-manageresources-display-component---newResourceUnit--PLANNING_INDICATOR","interaction":{"idSuffix":"inner"}},"clearTextFirst":true,"interactionType":"ENTER_TEXT"}]}
COMMAND: POST /session/848251078812a197579c886f13255d0c/element - {"using":"css selector","value":"#application-manageresources-display-component---newResourceUnit--btnAddTimeSegment"}
RESULT: {"using":"css selector","value":"#application-manageresources-display-component---newResourceUnit--btnAddTimeSegment"}
COMMAND: GET /session/848251078812a197579c886f13255d0c/element/f.E62CCC3EBD73CC3434E37D87B2A77947.d.C3D049F292E62E8008C3D26ED4D1461E.e.10875/rect - {}
RESULT: {}
COMMAND: GET /session/848251078812a197579c886f13255d0c/window/rect - {}
RESULT: {}
COMMAND: POST /session/848251078812a197579c886f13255d0c/execute/sync - {"script":"<script> [92 bytes]","args":[]}
RESULT: {"script":"<script> [92 bytes]","args":[]}
COMMAND: POST /session/848251078812a197579c886f13255d0c/actions - {"actions":[{"id":"action35","type":"wheel","parameters":{},"actions":[{"type":"scroll","x":-1888,"y":-32,"deltaX":0,"deltaY":0,"duration":0,"origin":{"element-6066-11e4-a52e-4f735466cecf":"f.E62CCC3EBD73CC3434E37D87B2A77947.d.C3D049F292E62E8008C3D26ED4D1461E.e.10875"}}]}]}
COMMAND: GET /session/848251078812a197579c886f13255d0c/screenshot - {}
RESULT: {}
COMMAND: POST /session/848251078812a197579c886f13255d0c/execute/sync - {"script":"<script> [79 bytes]","args":[{"element-6066-11e4-a52e-4f735466cecf":"f.E62CCC3EBD73CC3434E37D87B2A77947.d.C3D049F292E62E8008C3D26ED4D1461E.e.10875","ELEMENT":"f.E62CCC3EBD73CC3434E37D87B2A77947.d.C3D049F292E62E8008C3D26ED4D1461E.e.10875"},{"block":"start","inline":"nearest"}]}
RESULT: {"script":"<script> [79 bytes]","args":[{"element-6066-11e4-a52e-4f735466cecf":"f.E62CCC3EBD73CC3434E37D87B2A77947.d.C3D049F292E62E8008C3D26ED4D1461E.e.10875","ELEMENT":"f.E62CCC3EBD73CC3434E37D87B2A77947.d.C3D049F292E62E8008C3D26ED4D1461E.e.10875"},{"block":"start","inline":"nearest"}]}
COMMAND: POST /session/848251078812a197579c886f13255d0c/execute/async - {"script":"<script> [1562 bytes]","args":[{"selector":{"id":"application-manageresources-display-component---newResourceUnit--btnAddTimeSegment","interaction":{"idSuffix":"inner"}},"wdio_ui5_key":"applicationmanageresources-display-component---newResourceUnit--btnAddTimeSegment"}]}
COMMAND: GET /session/848251078812a197579c886f13255d0c/screenshot - {}
RESULT: {"script":"<script> [1562 bytes]","args":[{"selector":{"id":"application-manageresources-display-component---newResourceUnit--btnAddTimeSegment","interaction":{"idSuffix":"inner"}},"wdio_ui5_key":"applicationmanageresources-display-component---newResourceUnit--btnAddTimeSegment"}]}
RESULT: undefined
COMMAND: POST /session/848251078812a197579c886f13255d0c/element - {"using":"xpath","value":"//*[@id=\"application-manageresources-display-component---newResourceUnit--btnAddTimeSegment\"]"}
RESULT: {}
RESULT: {"using":"xpath","value":"//*[@id=\"application-manageresources-display-component---newResourceUnit--btnAddTimeSegment\"]"}
COMMAND: POST /session/848251078812a197579c886f13255d0c/element/f.E62CCC3EBD73CC3434E37D87B2A77947.d.C3D049F292E62E8008C3D26ED4D1461E.e.10875/click - {}
RESULT: {}
COMMAND: GET /session/848251078812a197579c886f13255d0c/screenshot - {}
RESULT: {}
COMMAND: POST /session/848251078812a197579c886f13255d0c/element - {"using":"xpath","value":"//input[@id=\"application-manageresources-display-component---newResourceUnit--idRuTSAdmin-application-manageresources-display-component---newResourceUnit--RUTimeSegment-0-inner\"]"}
RESULT: {"using":"xpath","value":"//input[@id=\"application-manageresources-display-component---newResourceUnit--idRuTSAdmin-application-manageresources-display-component---newResourceUnit--RUTimeSegment-0-inner\"]"}
COMMAND: POST /session/848251078812a197579c886f13255d0c/element/f.E62CCC3EBD73CC3434E37D87B2A77947.d.C3D049F292E62E8008C3D26ED4D1461E.e.10880/clear - {}
RESULT: {}
COMMAND: POST /session/848251078812a197579c886f13255d0c/element/f.E62CCC3EBD73CC3434E37D87B2A77947.d.C3D049F292E62E8008C3D26ED4D1461E.e.10880/value - {"text":"647"}
COMMAND: GET /session/848251078812a197579c886f13255d0c/screenshot - {}
RESULT: {"text":"647"}
COMMAND: GET /session/848251078812a197579c886f13255d0c/screenshot - {}
RESULT: {}
RESULT: {}
COMMAND: POST /session/848251078812a197579c886f13255d0c/element - {"using":"xpath","value":"//li[.//span[text()='647']]"}
RESULT: {"using":"xpath","value":"//li[.//span[text()='647']]"}
COMMAND: POST /session/848251078812a197579c886f13255d0c/element/f.E62CCC3EBD73CC3434E37D87B2A77947.d.C3D049F292E62E8008C3D26ED4D1461E.e.10889/click - {}
RESULT: {}
COMMAND: GET /session/848251078812a197579c886f13255d0c/screenshot - {}
RESULT: {}
COMMAND: POST /session/848251078812a197579c886f13255d0c/element - {"using":"xpath","value":"(//span[contains(@id, \"-application-manageresources-display-component---newResourceUnit--RUTimeSegment-0-arrow\")])[2]"}
RESULT: {"using":"xpath","value":"(//span[contains(@id, \"-application-manageresources-display-component---newResourceUnit--RUTimeSegment-0-arrow\")])[2]"}
COMMAND: POST /session/848251078812a197579c886f13255d0c/element/f.E62CCC3EBD73CC3434E37D87B2A77947.d.C3D049F292E62E8008C3D26ED4D1461E.e.10890/click - {}
RESULT: {}
COMMAND: POST /session/848251078812a197579c886f13255d0c/element - {"using":"xpath","value":"//span[contains(text(), \"PM Order\")]"}
COMMAND: GET /session/848251078812a197579c886f13255d0c/screenshot - {}
RESULT: {"using":"xpath","value":"//span[contains(text(), \"PM Order\")]"}
COMMAND: POST /session/848251078812a197579c886f13255d0c/element/f.E62CCC3EBD73CC3434E37D87B2A77947.d.C3D049F292E62E8008C3D26ED4D1461E.e.10891/click - {}
RESULT: {}
RESULT: {}
COMMAND: GET /session/848251078812a197579c886f13255d0c/screenshot - {}
RESULT: {}
COMMAND: POST /session/848251078812a197579c886f13255d0c/element - {"using":"xpath","value":"//td/div/div/div/span[contains(@id, \"newResourceUnit--RUTimeSegment-0-vhi\")][1]"}
RESULT: {"using":"xpath","value":"//td/div/div/div/span[contains(@id, \"newResourceUnit--RUTimeSegment-0-vhi\")][1]"}
COMMAND: GET /session/848251078812a197579c886f13255d0c/element/f.E62CCC3EBD73CC3434E37D87B2A77947.d.C3D049F292E62E8008C3D26ED4D1461E.e.10895/rect - {}
RESULT: {}
COMMAND: GET /session/848251078812a197579c886f13255d0c/window/rect - {}
RESULT: {}
COMMAND: POST /session/848251078812a197579c886f13255d0c/execute/sync - {"script":"<script> [92 bytes]","args":[]}
RESULT: {"script":"<script> [92 bytes]","args":[]}
COMMAND: POST /session/848251078812a197579c886f13255d0c/actions - {"actions":[{"id":"action36","type":"wheel","parameters":{},"actions":[{"type":"scroll","x":-1888,"y":-24,"deltaX":0,"deltaY":0,"duration":0,"origin":{"element-6066-11e4-a52e-4f735466cecf":"f.E62CCC3EBD73CC3434E37D87B2A77947.d.C3D049F292E62E8008C3D26ED4D1461E.e.10895"}}]}]}
COMMAND: GET /session/848251078812a197579c886f13255d0c/screenshot - {}
RESULT: {}
COMMAND: POST /session/848251078812a197579c886f13255d0c/execute/sync - {"script":"<script> [79 bytes]","args":[{"element-6066-11e4-a52e-4f735466cecf":"f.E62CCC3EBD73CC3434E37D87B2A77947.d.C3D049F292E62E8008C3D26ED4D1461E.e.10895","ELEMENT":"f.E62CCC3EBD73CC3434E37D87B2A77947.d.C3D049F292E62E8008C3D26ED4D1461E.e.10895"},{"block":"start","inline":"nearest"}]}
RESULT: {"script":"<script> [79 bytes]","args":[{"element-6066-11e4-a52e-4f735466cecf":"f.E62CCC3EBD73CC3434E37D87B2A77947.d.C3D049F292E62E8008C3D26ED4D1461E.e.10895","ELEMENT":"f.E62CCC3EBD73CC3434E37D87B2A77947.d.C3D049F292E62E8008C3D26ED4D1461E.e.10895"},{"block":"start","inline":"nearest"}]}
COMMAND: GET /session/848251078812a197579c886f13255d0c/screenshot - {}
RESULT: {}
COMMAND: POST /session/848251078812a197579c886f13255d0c/element/f.E62CCC3EBD73CC3434E37D87B2A77947.d.C3D049F292E62E8008C3D26ED4D1461E.e.10895/click - {}
RESULT: {}
COMMAND: GET /session/848251078812a197579c886f13255d0c/screenshot - {}
RESULT: {}
COMMAND: POST /session/848251078812a197579c886f13255d0c/execute/async - {"script":"<script> [1562 bytes]","args":[{"selector":{"controlType":"sap.m.SearchField","properties":{"placeholder":"Search"},"searchOpenDialogs":true,"interaction":{"idSuffix":"I"}},"wdio_ui5_key":"sapm.SearchField{\"placeholder\":\"Search\"}"}]}
RESULT: {"script":"<script> [1562 bytes]","args":[{"selector":{"controlType":"sap.m.SearchField","properties":{"placeholder":"Search"},"searchOpenDialogs":true,"interaction":{"idSuffix":"I"}},"wdio_ui5_key":"sapm.SearchField{\"placeholder\":\"Search\"}"}]}
RESULT: undefined
COMMAND: POST /session/848251078812a197579c886f13255d0c/execute/async - {"script":"<script> [776 bytes]","args":[{"enterText":"4000360","selector":{"controlType":"sap.m.SearchField","properties":{"placeholder":"Search"},"searchOpenDialogs":true,"interaction":{"idSuffix":"I"}},"clearTextFirst":true,"interactionType":"ENTER_TEXT"}]}
RESULT: {"script":"<script> [776 bytes]","args":[{"enterText":"4000360","selector":{"controlType":"sap.m.SearchField","properties":{"placeholder":"Search"},"searchOpenDialogs":true,"interaction":{"idSuffix":"I"}},"clearTextFirst":true,"interactionType":"ENTER_TEXT"}]}
COMMAND: POST /session/848251078812a197579c886f13255d0c/actions - {"actions":[{"id":"action37","type":"key","parameters":{},"actions":[{"type":"keyDown","value":"î€‡"},{"type":"pause","duration":10},{"type":"keyUp","value":"î€‡"}]}]}
RESULT: {"actions":[{"id":"action37","type":"key","parameters":{},"actions":[{"type":"keyDown","value":"î€‡"},{"type":"pause","duration":10},{"type":"keyUp","value":"î€‡"}]}]}
COMMAND: GET /session/848251078812a197579c886f13255d0c/screenshot - {}
RESULT: {}
COMMAND: POST /session/848251078812a197579c886f13255d0c/element - {"using":"xpath","value":"//td/div/span[contains(text(), \"BGL Vehicles\")]"}
RESULT: {"using":"xpath","value":"//td/div/span[contains(text(), \"BGL Vehicles\")]"}
COMMAND: POST /session/848251078812a197579c886f13255d0c/element/f.E62CCC3EBD73CC3434E37D87B2A77947.d.C3D049F292E62E8008C3D26ED4D1461E.e.10918/click - {}
RESULT: {}
COMMAND: GET /session/848251078812a197579c886f13255d0c/screenshot - {}
RESULT: {}
COMMAND: POST /session/848251078812a197579c886f13255d0c/element - {"using":"xpath","value":"//bdi[contains(text(), \"OK\")]"}
RESULT: {"using":"xpath","value":"//bdi[contains(text(), \"OK\")]"}
COMMAND: POST /session/848251078812a197579c886f13255d0c/element/f.E62CCC3EBD73CC3434E37D87B2A77947.d.C3D049F292E62E8008C3D26ED4D1461E.e.10919/click - {}
RESULT: {}
COMMAND: GET /session/848251078812a197579c886f13255d0c/screenshot - {}
RESULT: {}
COMMAND: POST /session/848251078812a197579c886f13255d0c/element - {"using":"xpath","value":"//label[contains(@class, 'sapMLabelRequired') and .//bdi[contains(text(), 'Planned Retirement')]]"}
RESULT: {"using":"xpath","value":"//label[contains(@class, 'sapMLabelRequired') and .//bdi[contains(text(), 'Planned Retirement')]]"}
COMMAND: POST /session/848251078812a197579c886f13255d0c/elements - {"using":"xpath","value":"//label[contains(@class, 'sapMLabelRequired') and .//bdi[contains(text(), 'Planned Retirement')]]"}
RESULT: {"using":"xpath","value":"//label[contains(@class, 'sapMLabelRequired') and .//bdi[contains(text(), 'Planned Retirement')]]"}
COMMAND: POST /session/848251078812a197579c886f13255d0c/element - {"using":"xpath","value":"//button[@data-kt=\"resourceUnitSaveButton\"]"}
RESULT: {"using":"xpath","value":"//button[@data-kt=\"resourceUnitSaveButton\"]"}
COMMAND: POST /session/848251078812a197579c886f13255d0c/element/f.E62CCC3EBD73CC3434E37D87B2A77947.d.C3D049F292E62E8008C3D26ED4D1461E.e.10753/click - {}
RESULT: {}
COMMAND: GET /session/848251078812a197579c886f13255d0c/screenshot - {}
RESULT: {}
COMMAND: POST /session/848251078812a197579c886f13255d0c/element - {"using":"xpath","value":"//bdi[contains(text(), \"Close\")]"}
RESULT: {"using":"xpath","value":"//bdi[contains(text(), \"Close\")]"}
COMMAND: POST /session/848251078812a197579c886f13255d0c/element/f.E62CCC3EBD73CC3434E37D87B2A77947.d.C3D049F292E62E8008C3D26ED4D1461E.e.10925/click - {}
RESULT: {}
COMMAND: GET /session/848251078812a197579c886f13255d0c/screenshot - {}
RESULT: {}
COMMAND: POST /session/848251078812a197579c886f13255d0c/element - {"using":"xpath","value":"//header[contains(@id, 'detailRruPage-headerTitle')]/div[1]/div[2]/div[2]/span[1]"}
RESULT: {"using":"xpath","value":"//header[contains(@id, 'detailRruPage-headerTitle')]/div[1]/div[2]/div[2]/span[1]"}
COMMAND: POST /session/848251078812a197579c886f13255d0c/elements - {"using":"xpath","value":"//header[contains(@id, 'detailRruPage-headerTitle')]/div[1]/div[2]/div[2]/span[1]"}
RESULT: {"using":"xpath","value":"//header[contains(@id, 'detailRruPage-headerTitle')]/div[1]/div[2]/div[2]/span[1]"}
COMMAND: POST /session/848251078812a197579c886f13255d0c/execute/sync - {"script":"<script> [56 bytes]","args":[{"element-6066-11e4-a52e-4f735466cecf":"f.E62CCC3EBD73CC3434E37D87B2A77947.d.C3D049F292E62E8008C3D26ED4D1461E.e.10960","ELEMENT":"f.E62CCC3EBD73CC3434E37D87B2A77947.d.C3D049F292E62E8008C3D26ED4D1461E.e.10960"}]}
RESULT: {"script":"<script> [56 bytes]","args":[{"element-6066-11e4-a52e-4f735466cecf":"f.E62CCC3EBD73CC3434E37D87B2A77947.d.C3D049F292E62E8008C3D26ED4D1461E.e.10960","ELEMENT":"f.E62CCC3EBD73CC3434E37D87B2A77947.d.C3D049F292E62E8008C3D26ED4D1461E.e.10960"}]}
COMMAND: POST /session/848251078812a197579c886f13255d0c/element - {"using":"css selector","value":"#shell-header-logo"}
COMMAND: GET /session/848251078812a197579c886f13255d0c/screenshot - {}
RESULT: {"using":"css selector","value":"#shell-header-logo"}
COMMAND: POST /session/848251078812a197579c886f13255d0c/element/f.E62CCC3EBD73CC3434E37D87B2A77947.d.C3D049F292E62E8008C3D26ED4D1461E.e.10210/click - {}
RESULT: {}
RESULT: {}
COMMAND: GET /session/848251078812a197579c886f13255d0c/screenshot - {}
RESULT: {}
]]></system-out>
    </testcase>
  </testsuite>
  <testsuite timestamp="2025-06-04T06:41:54" time="288.407" tests="6" failures="4" errors="4" skipped="0">
    <properties>
      <property name="specId" value="0" />
      <property name="suiteName" value="Provide to Site w/o warehouse management w/o clarification" />
      <property name="capabilities" value="chrome.136_0_7103_93.windows" />
      <property name="file" value="file:///D:/a/1/s/test/specs/HTR/provide-to-site-wo-warehouse-wo-clarification.spec.js" />
    </properties>
    <testcase classname="chrome.136_0_7103_93.windows.Provide_to_Site_w/o_warehouse_management_w/o_clarification" name="Should Test for Handover Execution" time="13.685">
      <system-out><![CDATA[
COMMAND: POST /session/848251078812a197579c886f13255d0c/element - {"using":"xpath","value":"(//span[contains(@id, \"imgNav\")])[1]"}
COMMAND: GET /session/848251078812a197579c886f13255d0c/screenshot - {}
RESULT: {"using":"xpath","value":"(//span[contains(@id, \"imgNav\")])[1]"}
COMMAND: POST /session/848251078812a197579c886f13255d0c/element/f.E62CCC3EBD73CC3434E37D87B2A77947.d.C3D049F292E62E8008C3D26ED4D1461E.e.11055/click - {}
RESULT: {}
RESULT: {}
COMMAND: GET /session/848251078812a197579c886f13255d0c/screenshot - {}
RESULT: {}
COMMAND: POST /session/848251078812a197579c886f13255d0c/element - {"using":"css selector","value":"#shell-header-logo"}
RESULT: {"using":"css selector","value":"#shell-header-logo"}
COMMAND: POST /session/848251078812a197579c886f13255d0c/element/f.E62CCC3EBD73CC3434E37D87B2A77947.d.C3D049F292E62E8008C3D26ED4D1461E.e.10963/click - {}
RESULT: {}
COMMAND: GET /session/848251078812a197579c886f13255d0c/screenshot - {}
RESULT: {}
]]></system-out>
    </testcase>
    <testcase classname="chrome.136_0_7103_93.windows.Provide_to_Site_w/o_warehouse_management_w/o_clarification" name="Should test for Clarification" time="0.006">
      <system-out><![CDATA[
COMMAND: POST /session/848251078812a197579c886f13255d0c/element - {"using":"css selector","value":"#j_username"}
COMMAND: POST /session/848251078812a197579c886f13255d0c/url - {"url":"https://qa-testing-00-live-etm-ui.cfapps.eu10-004.hana.ondemand.com/"}
COMMAND: GET /session/848251078812a197579c886f13255d0c/screenshot - {}
RESULT: {"using":"css selector","value":"#j_username"}
COMMAND: POST /session/848251078812a197579c886f13255d0c/element - {"using":"css selector","value":"#j_username"}
RESULT: {"url":"https://qa-testing-00-live-etm-ui.cfapps.eu10-004.hana.ondemand.com/"}
RESULT: undefined
COMMAND: GET /session/848251078812a197579c886f13255d0c/screenshot - {}
RESULT: {}
RESULT: {"using":"css selector","value":"#j_username"}
COMMAND: POST /session/848251078812a197579c886f13255d0c/element - {"using":"css selector","value":"#shell-header-logo"}
RESULT: {}
RESULT: {"using":"css selector","value":"#shell-header-logo"}
COMMAND: POST /session/848251078812a197579c886f13255d0c/execute/sync - {"script":"<script> [8489 bytes]","args":[{"element-6066-11e4-a52e-4f735466cecf":"f.E62CCC3EBD73CC3434E37D87B2A77947.d.2E6222F1476F439F494378A604FDB6B8.e.11411","ELEMENT":"f.E62CCC3EBD73CC3434E37D87B2A77947.d.2E6222F1476F439F494378A604FDB6B8.e.11411"}]}
RESULT: {"script":"<script> [8489 bytes]","args":[{"element-6066-11e4-a52e-4f735466cecf":"f.E62CCC3EBD73CC3434E37D87B2A77947.d.2E6222F1476F439F494378A604FDB6B8.e.11411","ELEMENT":"f.E62CCC3EBD73CC3434E37D87B2A77947.d.2E6222F1476F439F494378A604FDB6B8.e.11411"}]}
COMMAND: POST /session/848251078812a197579c886f13255d0c/element - {"using":"css selector","value":"#shell-header-logo"}
COMMAND: GET /session/848251078812a197579c886f13255d0c/screenshot - {}
RESULT: {"using":"css selector","value":"#shell-header-logo"}
COMMAND: POST /session/848251078812a197579c886f13255d0c/execute/sync - {"script":"<script> [8489 bytes]","args":[{"element-6066-11e4-a52e-4f735466cecf":"f.E62CCC3EBD73CC3434E37D87B2A77947.d.2E6222F1476F439F494378A604FDB6B8.e.11411","ELEMENT":"f.E62CCC3EBD73CC3434E37D87B2A77947.d.2E6222F1476F439F494378A604FDB6B8.e.11411"}]}
RESULT: {}
RESULT: {"script":"<script> [8489 bytes]","args":[{"element-6066-11e4-a52e-4f735466cecf":"f.E62CCC3EBD73CC3434E37D87B2A77947.d.2E6222F1476F439F494378A604FDB6B8.e.11411","ELEMENT":"f.E62CCC3EBD73CC3434E37D87B2A77947.d.2E6222F1476F439F494378A604FDB6B8.e.11411"}]}
COMMAND: POST /session/848251078812a197579c886f13255d0c/execute/sync - {"script":"<script> [5351 bytes]","args":[{"element-6066-11e4-a52e-4f735466cecf":"f.E62CCC3EBD73CC3434E37D87B2A77947.d.2E6222F1476F439F494378A604FDB6B8.e.11411","ELEMENT":"f.E62CCC3EBD73CC3434E37D87B2A77947.d.2E6222F1476F439F494378A604FDB6B8.e.11411"}]}
COMMAND: GET /session/848251078812a197579c886f13255d0c/screenshot - {}
RESULT: {"script":"<script> [5351 bytes]","args":[{"element-6066-11e4-a52e-4f735466cecf":"f.E62CCC3EBD73CC3434E37D87B2A77947.d.2E6222F1476F439F494378A604FDB6B8.e.11411","ELEMENT":"f.E62CCC3EBD73CC3434E37D87B2A77947.d.2E6222F1476F439F494378A604FDB6B8.e.11411"}]}
COMMAND: POST /session/848251078812a197579c886f13255d0c/element - {"using":"css selector","value":"#shell-header-logo"}
COMMAND: GET /session/848251078812a197579c886f13255d0c/screenshot - {}
RESULT: {}
RESULT: {"using":"css selector","value":"#shell-header-logo"}
COMMAND: POST /session/848251078812a197579c886f13255d0c/element/f.E62CCC3EBD73CC3434E37D87B2A77947.d.2E6222F1476F439F494378A604FDB6B8.e.11411/click - {}
RESULT: {}
RESULT: {}
COMMAND: GET /session/848251078812a197579c886f13255d0c/screenshot - {}
RESULT: {}
COMMAND: POST /session/848251078812a197579c886f13255d0c/execute/async - {"script":"<script> [189 bytes]","args":[]}
RESULT: {"script":"<script> [189 bytes]","args":[]}
COMMAND: POST /session/848251078812a197579c886f13255d0c/execute/async - {"script":"<script> [123 bytes]","args":[]}
RESULT: {"script":"<script> [123 bytes]","args":[]}
COMMAND: POST /session/848251078812a197579c886f13255d0c/timeouts - {"script":"<number>"}
RESULT: {"script":"<number>"}
COMMAND: GET /session/848251078812a197579c886f13255d0c/timeouts - {}
RESULT: {}
RESULT: undefined
COMMAND: POST /session/848251078812a197579c886f13255d0c/execute/async - {"script":"<script> [2676 bytes]","args":[]}
RESULT: {"script":"<script> [2676 bytes]","args":[]}
COMMAND: POST /session/848251078812a197579c886f13255d0c/execute/async - {"script":"<script> [2342 bytes]","args":[{"protocol":"http","hostname":"0.0.0.0","path":"/","capabilities":{"browserName":"chrome","goog:chromeOptions":{"binary":"C:\\Program Files\\Google\\Chrome\\Application\\chrome.exe","args":["--start-maximized"]}},"logLevel":"warn","connectionRetryTimeout":120000,"connectionRetryCount":3,"logLevels":{},"enableDirectConnect":true,"strictSSL":true,"_":"65 more keys: [\"cacheDir\",\"port\",\"requestedCapabilities\",\"automationProtocol\",\"baseUrl\",\"waitforInterval\",\"waitforTimeout\",\"onReload\",\"beforeCommand\",\"afterCommand\",\"rootDir\",\"specs\",\"suites\",\"exclude\",\"groupLogsByTestSpec\",\"excludeDriverLogs\",\"bail\",\"framework\",\"reporters\",\"services\",\"maxInstances\",\"maxInstancesPerCapability\",\"injectGlobals\",\"filesToWatch\",\"execArgv\",\"runnerEnv\",\"runner\",\"shard\",\"specFileRetries\",\"specFileRetriesDelay\",\"specFileRetriesDeferred\",\"reporterSyncInterval\",\"reporterSyncTimeout\",\"cucumberFeaturesWithLineNumbers\",\"autoCompileOpts\",\"mochaOpts\",\"jasmineOpts\",\"cucumberOpts\",\"onPrepare\",\"onWorkerStart\",\"onWorkerEnd\",\"before\",\"beforeSession\",\"beforeSuite\",\"beforeHook\",\"beforeTest\",\"afterTest\",\"afterHook\",\"afterSuite\",\"afterSession\",\"after\",\"onComplete\",\"beforeAssertion\",\"afterAssertion\",\"beforeFeature\",\"beforeScenario\",\"beforeStep\",\"afterStep\",\"afterScenario\",\"afterFeature\",\"_\",\"suite\",\"$0\",\"ignoredWorkerServices\",\"wdi5\"]"}]}
RESULT: {"script":"<script> [2342 bytes]","args":[{"protocol":"http","hostname":"0.0.0.0","path":"/","capabilities":{"browserName":"chrome","goog:chromeOptions":{"binary":"C:\\Program Files\\Google\\Chrome\\Application\\chrome.exe","args":["--start-maximized"]}},"logLevel":"warn","connectionRetryTimeout":120000,"connectionRetryCount":3,"logLevels":{},"enableDirectConnect":true,"strictSSL":true,"_":"65 more keys: [\"cacheDir\",\"port\",\"requestedCapabilities\",\"automationProtocol\",\"baseUrl\",\"waitforInterval\",\"waitforTimeout\",\"onReload\",\"beforeCommand\",\"afterCommand\",\"rootDir\",\"specs\",\"suites\",\"exclude\",\"groupLogsByTestSpec\",\"excludeDriverLogs\",\"bail\",\"framework\",\"reporters\",\"services\",\"maxInstances\",\"maxInstancesPerCapability\",\"injectGlobals\",\"filesToWatch\",\"execArgv\",\"runnerEnv\",\"runner\",\"shard\",\"specFileRetries\",\"specFileRetriesDelay\",\"specFileRetriesDeferred\",\"reporterSyncInterval\",\"reporterSyncTimeout\",\"cucumberFeaturesWithLineNumbers\",\"autoCompileOpts\",\"mochaOpts\",\"jasmineOpts\",\"cucumberOpts\",\"onPrepare\",\"onWorkerStart\",\"onWorkerEnd\",\"before\",\"beforeSession\",\"beforeSuite\",\"beforeHook\",\"beforeTest\",\"afterTest\",\"afterHook\",\"afterSuite\",\"afterSession\",\"after\",\"onComplete\",\"beforeAssertion\",\"afterAssertion\",\"beforeFeature\",\"beforeScenario\",\"beforeStep\",\"afterStep\",\"afterScenario\",\"afterFeature\",\"_\",\"suite\",\"$0\",\"ignoredWorkerServices\",\"wdi5\"]"}]}
COMMAND: POST /session/848251078812a197579c886f13255d0c/execute/async - {"script":"<script> [21126 bytes]","args":[35000]}
RESULT: {"script":"<script> [21126 bytes]","args":[35000]}
COMMAND: POST /session/848251078812a197579c886f13255d0c/window/maximize - {}
RESULT: {}
COMMAND: POST /session/848251078812a197579c886f13255d0c/execute/async - {"script":"<script> [1562 bytes]","args":[{"selector":{"id":"shell-header","interaction":{"idSuffix":"icon"}},"wdio_ui5_key":"shellheader"}]}
COMMAND: GET /session/848251078812a197579c886f13255d0c/screenshot - {}
RESULT: {"script":"<script> [1562 bytes]","args":[{"selector":{"id":"shell-header","interaction":{"idSuffix":"icon"}},"wdio_ui5_key":"shellheader"}]}
RESULT: undefined
COMMAND: POST /session/848251078812a197579c886f13255d0c/refresh - {}
RESULT: {}
RESULT: {}
COMMAND: GET /session/848251078812a197579c886f13255d0c/screenshot - {}
RESULT: {}
COMMAND: POST /session/848251078812a197579c886f13255d0c/refresh - {}
RESULT: {}
COMMAND: GET /session/848251078812a197579c886f13255d0c/screenshot - {}
RESULT: {}
COMMAND: POST /session/848251078812a197579c886f13255d0c/window/fullscreen - {}
RESULT: {}
COMMAND: POST /session/848251078812a197579c886f13255d0c/execute/async - {"script":"<script> [189 bytes]","args":[]}
RESULT: {"script":"<script> [189 bytes]","args":[]}
COMMAND: POST /session/848251078812a197579c886f13255d0c/execute/async - {"script":"<script> [123 bytes]","args":[]}
RESULT: {"script":"<script> [123 bytes]","args":[]}
COMMAND: POST /session/848251078812a197579c886f13255d0c/timeouts - {"script":"<number>"}
RESULT: {"script":"<number>"}
COMMAND: GET /session/848251078812a197579c886f13255d0c/timeouts - {}
RESULT: {}
RESULT: undefined
COMMAND: POST /session/848251078812a197579c886f13255d0c/execute/async - {"script":"<script> [2676 bytes]","args":[]}
RESULT: {"script":"<script> [2676 bytes]","args":[]}
COMMAND: POST /session/848251078812a197579c886f13255d0c/execute/async - {"script":"<script> [2342 bytes]","args":[{"protocol":"http","hostname":"0.0.0.0","path":"/","capabilities":{"browserName":"chrome","goog:chromeOptions":{"binary":"C:\\Program Files\\Google\\Chrome\\Application\\chrome.exe","args":["--start-maximized"]}},"logLevel":"warn","connectionRetryTimeout":120000,"connectionRetryCount":3,"logLevels":{},"enableDirectConnect":true,"strictSSL":true,"_":"65 more keys: [\"cacheDir\",\"port\",\"requestedCapabilities\",\"automationProtocol\",\"baseUrl\",\"waitforInterval\",\"waitforTimeout\",\"onReload\",\"beforeCommand\",\"afterCommand\",\"rootDir\",\"specs\",\"suites\",\"exclude\",\"groupLogsByTestSpec\",\"excludeDriverLogs\",\"bail\",\"framework\",\"reporters\",\"services\",\"maxInstances\",\"maxInstancesPerCapability\",\"injectGlobals\",\"filesToWatch\",\"execArgv\",\"runnerEnv\",\"runner\",\"shard\",\"specFileRetries\",\"specFileRetriesDelay\",\"specFileRetriesDeferred\",\"reporterSyncInterval\",\"reporterSyncTimeout\",\"cucumberFeaturesWithLineNumbers\",\"autoCompileOpts\",\"mochaOpts\",\"jasmineOpts\",\"cucumberOpts\",\"onPrepare\",\"onWorkerStart\",\"onWorkerEnd\",\"before\",\"beforeSession\",\"beforeSuite\",\"beforeHook\",\"beforeTest\",\"afterTest\",\"afterHook\",\"afterSuite\",\"afterSession\",\"after\",\"onComplete\",\"beforeAssertion\",\"afterAssertion\",\"beforeFeature\",\"beforeScenario\",\"beforeStep\",\"afterStep\",\"afterScenario\",\"afterFeature\",\"_\",\"suite\",\"$0\",\"ignoredWorkerServices\",\"wdi5\"]"}]}
RESULT: {"script":"<script> [2342 bytes]","args":[{"protocol":"http","hostname":"0.0.0.0","path":"/","capabilities":{"browserName":"chrome","goog:chromeOptions":{"binary":"C:\\Program Files\\Google\\Chrome\\Application\\chrome.exe","args":["--start-maximized"]}},"logLevel":"warn","connectionRetryTimeout":120000,"connectionRetryCount":3,"logLevels":{},"enableDirectConnect":true,"strictSSL":true,"_":"65 more keys: [\"cacheDir\",\"port\",\"requestedCapabilities\",\"automationProtocol\",\"baseUrl\",\"waitforInterval\",\"waitforTimeout\",\"onReload\",\"beforeCommand\",\"afterCommand\",\"rootDir\",\"specs\",\"suites\",\"exclude\",\"groupLogsByTestSpec\",\"excludeDriverLogs\",\"bail\",\"framework\",\"reporters\",\"services\",\"maxInstances\",\"maxInstancesPerCapability\",\"injectGlobals\",\"filesToWatch\",\"execArgv\",\"runnerEnv\",\"runner\",\"shard\",\"specFileRetries\",\"specFileRetriesDelay\",\"specFileRetriesDeferred\",\"reporterSyncInterval\",\"reporterSyncTimeout\",\"cucumberFeaturesWithLineNumbers\",\"autoCompileOpts\",\"mochaOpts\",\"jasmineOpts\",\"cucumberOpts\",\"onPrepare\",\"onWorkerStart\",\"onWorkerEnd\",\"before\",\"beforeSession\",\"beforeSuite\",\"beforeHook\",\"beforeTest\",\"afterTest\",\"afterHook\",\"afterSuite\",\"afterSession\",\"after\",\"onComplete\",\"beforeAssertion\",\"afterAssertion\",\"beforeFeature\",\"beforeScenario\",\"beforeStep\",\"afterStep\",\"afterScenario\",\"afterFeature\",\"_\",\"suite\",\"$0\",\"ignoredWorkerServices\",\"wdi5\"]"}]}
COMMAND: POST /session/848251078812a197579c886f13255d0c/execute/async - {"script":"<script> [21126 bytes]","args":[35000]}
RESULT: {"script":"<script> [21126 bytes]","args":[35000]}
]]></system-out>
    </testcase>
  </testsuite>
  <testsuite timestamp="2025-06-04T06:46:42" time="197.02" tests="6" failures="0" errors="0" skipped="0">
    <properties>
      <property name="specId" value="0" />
      <property name="suiteName" value="Return from Site w/ warehouse management w/ clarification US125588" />
      <property name="capabilities" value="chrome.136_0_7103_93.windows" />
      <property name="file" value="file:///D:/a/1/s/test/specs/HTR/return-from-site-w-warehouse-management-w-clarification.spec.js" />
    </properties>
    <testcase classname="chrome.136_0_7103_93.windows.Return_from_Site_w/_warehouse_management_w/_clarification_US125588" name="Should create a new WHM yard" time="0.013">
      <system-out><![CDATA[
COMMAND: POST /session/848251078812a197579c886f13255d0c/window/fullscreen - {}
RESULT: {}
]]></system-out>
    </testcase>
    <testcase classname="chrome.136_0_7103_93.windows.Return_from_Site_w/_warehouse_management_w/_clarification_US125588" name="Should create a new external WHM partner" time="0.004" />
    <testcase classname="chrome.136_0_7103_93.windows.Return_from_Site_w/_warehouse_management_w/_clarification_US125588" name="Should create a new WHM site" time="0.004" />
    <testcase classname="chrome.136_0_7103_93.windows.Return_from_Site_w/_warehouse_management_w/_clarification_US125588" name="Should create a new material" time="139.631">
      <system-out><![CDATA[
COMMAND: POST /session/848251078812a197579c886f13255d0c/execute/async - {"script":"<script> [1562 bytes]","args":[{"selector":{"controlType":"sap.m.GenericTile","properties":{"header":"Manage Resources"}},"wdio_ui5_key":"sapm.GenericTile{\"header\":\"Manage Resources\"}"}]}
RESULT: {"script":"<script> [1562 bytes]","args":[{"selector":{"controlType":"sap.m.GenericTile","properties":{"header":"Manage Resources"}},"wdio_ui5_key":"sapm.GenericTile{\"header\":\"Manage Resources\"}"}]}
RESULT: undefined
COMMAND: POST /session/848251078812a197579c886f13255d0c/element - {"using":"xpath","value":"//*[@id=\"__tile39\"]"}
RESULT: {"using":"xpath","value":"//*[@id=\"__tile39\"]"}
COMMAND: POST /session/848251078812a197579c886f13255d0c/element/f.E62CCC3EBD73CC3434E37D87B2A77947.d.13AE3F60E11F032344DF1A9695677CDB.e.11571/click - {}
RESULT: {}
COMMAND: GET /session/848251078812a197579c886f13255d0c/screenshot - {}
RESULT: {}
COMMAND: POST /session/848251078812a197579c886f13255d0c/elements - {"using":"xpath","value":"//span[text()='Error']"}
RESULT: {"using":"xpath","value":"//span[text()='Error']"}
COMMAND: POST /session/848251078812a197579c886f13255d0c/element - {"using":"xpath","value":"//button[@data-kt=\"addNewRUOverflowToolbarButton\"]"}
RESULT: {"using":"xpath","value":"//button[@data-kt=\"addNewRUOverflowToolbarButton\"]"}
COMMAND: POST /session/848251078812a197579c886f13255d0c/elements - {"using":"xpath","value":"//button[@data-kt=\"addNewRUOverflowToolbarButton\"]"}
RESULT: {"using":"xpath","value":"//button[@data-kt=\"addNewRUOverflowToolbarButton\"]"}
COMMAND: POST /session/848251078812a197579c886f13255d0c/elements - {"using":"xpath","value":"//button[@data-kt=\"addNewRUOverflowToolbarButton\"]"}
RESULT: {"using":"xpath","value":"//button[@data-kt=\"addNewRUOverflowToolbarButton\"]"}
COMMAND: POST /session/848251078812a197579c886f13255d0c/elements - {"using":"xpath","value":"//button[@data-kt=\"addNewRUOverflowToolbarButton\"]"}
RESULT: {"using":"xpath","value":"//button[@data-kt=\"addNewRUOverflowToolbarButton\"]"}
COMMAND: POST /session/848251078812a197579c886f13255d0c/elements - {"using":"xpath","value":"//button[@data-kt=\"addNewRUOverflowToolbarButton\"]"}
RESULT: {"using":"xpath","value":"//button[@data-kt=\"addNewRUOverflowToolbarButton\"]"}
COMMAND: POST /session/848251078812a197579c886f13255d0c/elements - {"using":"xpath","value":"//button[@data-kt=\"addNewRUOverflowToolbarButton\"]"}
RESULT: {"using":"xpath","value":"//button[@data-kt=\"addNewRUOverflowToolbarButton\"]"}
COMMAND: POST /session/848251078812a197579c886f13255d0c/element - {"using":"xpath","value":"//button[@data-kt=\"addNewRUOverflowToolbarButton\"]"}
RESULT: {"using":"xpath","value":"//button[@data-kt=\"addNewRUOverflowToolbarButton\"]"}
COMMAND: POST /session/848251078812a197579c886f13255d0c/execute/sync - {"script":"<script> [8489 bytes]","args":[{"element-6066-11e4-a52e-4f735466cecf":"f.E62CCC3EBD73CC3434E37D87B2A77947.d.13AE3F60E11F032344DF1A9695677CDB.e.11712","ELEMENT":"f.E62CCC3EBD73CC3434E37D87B2A77947.d.13AE3F60E11F032344DF1A9695677CDB.e.11712"}]}
RESULT: {"script":"<script> [8489 bytes]","args":[{"element-6066-11e4-a52e-4f735466cecf":"f.E62CCC3EBD73CC3434E37D87B2A77947.d.13AE3F60E11F032344DF1A9695677CDB.e.11712","ELEMENT":"f.E62CCC3EBD73CC3434E37D87B2A77947.d.13AE3F60E11F032344DF1A9695677CDB.e.11712"}]}
COMMAND: GET /session/848251078812a197579c886f13255d0c/element/f.E62CCC3EBD73CC3434E37D87B2A77947.d.13AE3F60E11F032344DF1A9695677CDB.e.11712/enabled - {}
COMMAND: GET /session/848251078812a197579c886f13255d0c/screenshot - {}
RESULT: {}
COMMAND: POST /session/848251078812a197579c886f13255d0c/execute/sync - {"script":"<script> [8489 bytes]","args":[{"element-6066-11e4-a52e-4f735466cecf":"f.E62CCC3EBD73CC3434E37D87B2A77947.d.13AE3F60E11F032344DF1A9695677CDB.e.11712","ELEMENT":"f.E62CCC3EBD73CC3434E37D87B2A77947.d.13AE3F60E11F032344DF1A9695677CDB.e.11712"}]}
COMMAND: GET /session/848251078812a197579c886f13255d0c/screenshot - {}
RESULT: {}
RESULT: {"script":"<script> [8489 bytes]","args":[{"element-6066-11e4-a52e-4f735466cecf":"f.E62CCC3EBD73CC3434E37D87B2A77947.d.13AE3F60E11F032344DF1A9695677CDB.e.11712","ELEMENT":"f.E62CCC3EBD73CC3434E37D87B2A77947.d.13AE3F60E11F032344DF1A9695677CDB.e.11712"}]}
COMMAND: POST /session/848251078812a197579c886f13255d0c/execute/sync - {"script":"<script> [5351 bytes]","args":[{"element-6066-11e4-a52e-4f735466cecf":"f.E62CCC3EBD73CC3434E37D87B2A77947.d.13AE3F60E11F032344DF1A9695677CDB.e.11712","ELEMENT":"f.E62CCC3EBD73CC3434E37D87B2A77947.d.13AE3F60E11F032344DF1A9695677CDB.e.11712"}]}
COMMAND: GET /session/848251078812a197579c886f13255d0c/screenshot - {}
RESULT: {}
RESULT: {"script":"<script> [5351 bytes]","args":[{"element-6066-11e4-a52e-4f735466cecf":"f.E62CCC3EBD73CC3434E37D87B2A77947.d.13AE3F60E11F032344DF1A9695677CDB.e.11712","ELEMENT":"f.E62CCC3EBD73CC3434E37D87B2A77947.d.13AE3F60E11F032344DF1A9695677CDB.e.11712"}]}
COMMAND: POST /session/848251078812a197579c886f13255d0c/element/f.E62CCC3EBD73CC3434E37D87B2A77947.d.13AE3F60E11F032344DF1A9695677CDB.e.11712/click - {}
COMMAND: GET /session/848251078812a197579c886f13255d0c/screenshot - {}
RESULT: {}
RESULT: {}
COMMAND: GET /session/848251078812a197579c886f13255d0c/screenshot - {}
RESULT: {}
RESULT: {}
COMMAND: POST /session/848251078812a197579c886f13255d0c/execute/async - {"script":"<script> [1562 bytes]","args":[{"selector":{"id":"application-manageresources-display-component---newResourceUnit--TYPE-arrow"},"wdio_ui5_key":"applicationmanageresources-display-component---newResourceUnit--TYPE-arrow"}]}
RESULT: {"script":"<script> [1562 bytes]","args":[{"selector":{"id":"application-manageresources-display-component---newResourceUnit--TYPE-arrow"},"wdio_ui5_key":"applicationmanageresources-display-component---newResourceUnit--TYPE-arrow"}]}
RESULT: undefined
COMMAND: POST /session/848251078812a197579c886f13255d0c/element - {"using":"xpath","value":"//*[@id=\"application-manageresources-display-component---newResourceUnit--TYPE-arrow\"]"}
RESULT: {"using":"xpath","value":"//*[@id=\"application-manageresources-display-component---newResourceUnit--TYPE-arrow\"]"}
COMMAND: POST /session/848251078812a197579c886f13255d0c/element/f.E62CCC3EBD73CC3434E37D87B2A77947.d.13AE3F60E11F032344DF1A9695677CDB.e.12074/click - {}
RESULT: {}
COMMAND: POST /session/848251078812a197579c886f13255d0c/element - {"using":"xpath","value":"//input[@id=\"application-manageresources-display-component---newResourceUnit--TYPE-inner\"]"}
COMMAND: GET /session/848251078812a197579c886f13255d0c/screenshot - {}
RESULT: {"using":"xpath","value":"//input[@id=\"application-manageresources-display-component---newResourceUnit--TYPE-inner\"]"}
COMMAND: POST /session/848251078812a197579c886f13255d0c/element/f.E62CCC3EBD73CC3434E37D87B2A77947.d.13AE3F60E11F032344DF1A9695677CDB.e.12062/clear - {}
RESULT: {}
RESULT: {}
COMMAND: POST /session/848251078812a197579c886f13255d0c/element/f.E62CCC3EBD73CC3434E37D87B2A77947.d.13AE3F60E11F032344DF1A9695677CDB.e.12062/value - {"text":"Material"}
COMMAND: GET /session/848251078812a197579c886f13255d0c/screenshot - {}
RESULT: {"text":"Material"}
COMMAND: GET /session/848251078812a197579c886f13255d0c/screenshot - {}
RESULT: {}
RESULT: {}
COMMAND: POST /session/848251078812a197579c886f13255d0c/actions - {"actions":[{"id":"action38","type":"key","parameters":{},"actions":[{"type":"keyDown","value":"î€‡"},{"type":"pause","duration":10},{"type":"keyUp","value":"î€‡"}]}]}
RESULT: {"actions":[{"id":"action38","type":"key","parameters":{},"actions":[{"type":"keyDown","value":"î€‡"},{"type":"pause","duration":10},{"type":"keyUp","value":"î€‡"}]}]}
COMMAND: POST /session/848251078812a197579c886f13255d0c/execute/async - {"script":"<script> [1562 bytes]","args":[{"selector":{"id":"application-manageresources-display-component---newResourceUnit--SHORT_TEXT","interaction":{"idSuffix":"inner"}},"wdio_ui5_key":"applicationmanageresources-display-component---newResourceUnit--SHORT_TEXT"}]}
COMMAND: GET /session/848251078812a197579c886f13255d0c/screenshot - {}
RESULT: {"script":"<script> [1562 bytes]","args":[{"selector":{"id":"application-manageresources-display-component---newResourceUnit--SHORT_TEXT","interaction":{"idSuffix":"inner"}},"wdio_ui5_key":"applicationmanageresources-display-component---newResourceUnit--SHORT_TEXT"}]}
RESULT: undefined
COMMAND: POST /session/848251078812a197579c886f13255d0c/execute/async - {"script":"<script> [776 bytes]","args":[{"enterText":"Cement WDIO","selector":{"id":"application-manageresources-display-component---newResourceUnit--SHORT_TEXT","interaction":{"idSuffix":"inner"}},"clearTextFirst":true,"interactionType":"ENTER_TEXT"}]}
RESULT: {}
RESULT: {"script":"<script> [776 bytes]","args":[{"enterText":"Cement WDIO","selector":{"id":"application-manageresources-display-component---newResourceUnit--SHORT_TEXT","interaction":{"idSuffix":"inner"}},"clearTextFirst":true,"interactionType":"ENTER_TEXT"}]}
COMMAND: POST /session/848251078812a197579c886f13255d0c/execute/async - {"script":"<script> [1562 bytes]","args":[{"selector":{"id":"application-manageresources-display-component---newResourceUnit--BASE_UNIT_OF_MEASURE","interaction":{"idSuffix":"inner"}},"wdio_ui5_key":"applicationmanageresources-display-component---newResourceUnit--BASE_UNIT_OF_MEASURE"}]}
RESULT: {"script":"<script> [1562 bytes]","args":[{"selector":{"id":"application-manageresources-display-component---newResourceUnit--BASE_UNIT_OF_MEASURE","interaction":{"idSuffix":"inner"}},"wdio_ui5_key":"applicationmanageresources-display-component---newResourceUnit--BASE_UNIT_OF_MEASURE"}]}
RESULT: undefined
COMMAND: POST /session/848251078812a197579c886f13255d0c/execute/async - {"script":"<script> [776 bytes]","args":[{"enterText":"Piece","selector":{"id":"application-manageresources-display-component---newResourceUnit--BASE_UNIT_OF_MEASURE","interaction":{"idSuffix":"inner"}},"clearTextFirst":true,"interactionType":"ENTER_TEXT"}]}
RESULT: {"script":"<script> [776 bytes]","args":[{"enterText":"Piece","selector":{"id":"application-manageresources-display-component---newResourceUnit--BASE_UNIT_OF_MEASURE","interaction":{"idSuffix":"inner"}},"clearTextFirst":true,"interactionType":"ENTER_TEXT"}]}
COMMAND: POST /session/848251078812a197579c886f13255d0c/execute/async - {"script":"<script> [1562 bytes]","args":[{"selector":{"id":"application-manageresources-display-component---newResourceUnit--WEIGHT_UNIT","interaction":{"idSuffix":"inner"}},"wdio_ui5_key":"applicationmanageresources-display-component---newResourceUnit--WEIGHT_UNIT"}]}
RESULT: {"script":"<script> [1562 bytes]","args":[{"selector":{"id":"application-manageresources-display-component---newResourceUnit--WEIGHT_UNIT","interaction":{"idSuffix":"inner"}},"wdio_ui5_key":"applicationmanageresources-display-component---newResourceUnit--WEIGHT_UNIT"}]}
RESULT: undefined
COMMAND: POST /session/848251078812a197579c886f13255d0c/execute/async - {"script":"<script> [776 bytes]","args":[{"enterText":"Gram","selector":{"id":"application-manageresources-display-component---newResourceUnit--WEIGHT_UNIT","interaction":{"idSuffix":"inner"}},"clearTextFirst":true,"interactionType":"ENTER_TEXT"}]}
RESULT: {"script":"<script> [776 bytes]","args":[{"enterText":"Gram","selector":{"id":"application-manageresources-display-component---newResourceUnit--WEIGHT_UNIT","interaction":{"idSuffix":"inner"}},"clearTextFirst":true,"interactionType":"ENTER_TEXT"}]}
COMMAND: POST /session/848251078812a197579c886f13255d0c/execute/async - {"script":"<script> [1562 bytes]","args":[{"selector":{"id":"application-manageresources-display-component---newResourceUnit--DIMENSION_UNIT","interaction":{"idSuffix":"inner"}},"wdio_ui5_key":"applicationmanageresources-display-component---newResourceUnit--DIMENSION_UNIT"}]}
RESULT: {"script":"<script> [1562 bytes]","args":[{"selector":{"id":"application-manageresources-display-component---newResourceUnit--DIMENSION_UNIT","interaction":{"idSuffix":"inner"}},"wdio_ui5_key":"applicationmanageresources-display-component---newResourceUnit--DIMENSION_UNIT"}]}
RESULT: undefined
COMMAND: POST /session/848251078812a197579c886f13255d0c/execute/async - {"script":"<script> [776 bytes]","args":[{"enterText":"Meter","selector":{"id":"application-manageresources-display-component---newResourceUnit--DIMENSION_UNIT","interaction":{"idSuffix":"inner"}},"clearTextFirst":true,"interactionType":"ENTER_TEXT"}]}
RESULT: {"script":"<script> [776 bytes]","args":[{"enterText":"Meter","selector":{"id":"application-manageresources-display-component---newResourceUnit--DIMENSION_UNIT","interaction":{"idSuffix":"inner"}},"clearTextFirst":true,"interactionType":"ENTER_TEXT"}]}
COMMAND: POST /session/848251078812a197579c886f13255d0c/execute/async - {"script":"<script> [1562 bytes]","args":[{"selector":{"id":"application-manageresources-display-component---newResourceUnit--newRRUPage-anchBar-application-manageresources-display-component---newResourceUnit--control-anchor","interaction":{"idSuffix":"BDI-content"}},"wdio_ui5_key":"applicationmanageresources-display-component---newResourceUnit--newRRUPage-anchBar-application-manageresources-display-component---newResourceUnit--control-anchor"}]}
RESULT: {"script":"<script> [1562 bytes]","args":[{"selector":{"id":"application-manageresources-display-component---newResourceUnit--newRRUPage-anchBar-application-manageresources-display-component---newResourceUnit--control-anchor","interaction":{"idSuffix":"BDI-content"}},"wdio_ui5_key":"applicationmanageresources-display-component---newResourceUnit--newRRUPage-anchBar-application-manageresources-display-component---newResourceUnit--control-anchor"}]}
RESULT: undefined
COMMAND: POST /session/848251078812a197579c886f13255d0c/element - {"using":"xpath","value":"//*[@id=\"application-manageresources-display-component---newResourceUnit--newRRUPage-anchBar-application-manageresources-display-component---newResourceUnit--control-anchor\"]"}
RESULT: {"using":"xpath","value":"//*[@id=\"application-manageresources-display-component---newResourceUnit--newRRUPage-anchBar-application-manageresources-display-component---newResourceUnit--control-anchor\"]"}
COMMAND: POST /session/848251078812a197579c886f13255d0c/element/f.E62CCC3EBD73CC3434E37D87B2A77947.d.13AE3F60E11F032344DF1A9695677CDB.e.12207/click - {}
RESULT: {}
COMMAND: POST /session/848251078812a197579c886f13255d0c/execute/async - {"script":"<script> [1562 bytes]","args":[{"selector":{"id":"application-manageresources-display-component---newResourceUnit--PLANNING_GROUP","interaction":{"idSuffix":"inner"}},"wdio_ui5_key":"applicationmanageresources-display-component---newResourceUnit--PLANNING_GROUP"}]}
COMMAND: GET /session/848251078812a197579c886f13255d0c/screenshot - {}
RESULT: {"script":"<script> [1562 bytes]","args":[{"selector":{"id":"application-manageresources-display-component---newResourceUnit--PLANNING_GROUP","interaction":{"idSuffix":"inner"}},"wdio_ui5_key":"applicationmanageresources-display-component---newResourceUnit--PLANNING_GROUP"}]}
RESULT: undefined
COMMAND: POST /session/848251078812a197579c886f13255d0c/execute/async - {"script":"<script> [776 bytes]","args":[{"enterText":"Material","selector":{"id":"application-manageresources-display-component---newResourceUnit--PLANNING_GROUP","interaction":{"idSuffix":"inner"}},"clearTextFirst":true,"interactionType":"ENTER_TEXT"}]}
RESULT: {}
RESULT: {"script":"<script> [776 bytes]","args":[{"enterText":"Material","selector":{"id":"application-manageresources-display-component---newResourceUnit--PLANNING_GROUP","interaction":{"idSuffix":"inner"}},"clearTextFirst":true,"interactionType":"ENTER_TEXT"}]}
COMMAND: POST /session/848251078812a197579c886f13255d0c/execute/async - {"script":"<script> [1562 bytes]","args":[{"selector":{"id":"application-manageresources-display-component---newResourceUnit--PLANNING_INDICATOR","interaction":{"idSuffix":"inner"}},"wdio_ui5_key":"applicationmanageresources-display-component---newResourceUnit--PLANNING_INDICATOR"}]}
RESULT: {"script":"<script> [1562 bytes]","args":[{"selector":{"id":"application-manageresources-display-component---newResourceUnit--PLANNING_INDICATOR","interaction":{"idSuffix":"inner"}},"wdio_ui5_key":"applicationmanageresources-display-component---newResourceUnit--PLANNING_INDICATOR"}]}
RESULT: undefined
COMMAND: POST /session/848251078812a197579c886f13255d0c/execute/async - {"script":"<script> [776 bytes]","args":[{"enterText":"10 - infinite","selector":{"id":"application-manageresources-display-component---newResourceUnit--PLANNING_INDICATOR","interaction":{"idSuffix":"inner"}},"clearTextFirst":true,"interactionType":"ENTER_TEXT"}]}
RESULT: {"script":"<script> [776 bytes]","args":[{"enterText":"10 - infinite","selector":{"id":"application-manageresources-display-component---newResourceUnit--PLANNING_INDICATOR","interaction":{"idSuffix":"inner"}},"clearTextFirst":true,"interactionType":"ENTER_TEXT"}]}
COMMAND: POST /session/848251078812a197579c886f13255d0c/element - {"using":"css selector","value":"#application-manageresources-display-component---newResourceUnit--btnAddTimeSegment"}
RESULT: {"using":"css selector","value":"#application-manageresources-display-component---newResourceUnit--btnAddTimeSegment"}
COMMAND: GET /session/848251078812a197579c886f13255d0c/element/f.E62CCC3EBD73CC3434E37D87B2A77947.d.13AE3F60E11F032344DF1A9695677CDB.e.12217/rect - {}
RESULT: {}
COMMAND: GET /session/848251078812a197579c886f13255d0c/window/rect - {}
RESULT: {}
COMMAND: POST /session/848251078812a197579c886f13255d0c/execute/sync - {"script":"<script> [92 bytes]","args":[]}
RESULT: {"script":"<script> [92 bytes]","args":[]}
COMMAND: POST /session/848251078812a197579c886f13255d0c/actions - {"actions":[{"id":"action39","type":"wheel","parameters":{},"actions":[{"type":"scroll","x":-1888,"y":-32,"deltaX":0,"deltaY":0,"duration":0,"origin":{"element-6066-11e4-a52e-4f735466cecf":"f.E62CCC3EBD73CC3434E37D87B2A77947.d.13AE3F60E11F032344DF1A9695677CDB.e.12217"}}]}]}
COMMAND: GET /session/848251078812a197579c886f13255d0c/screenshot - {}
RESULT: {}
COMMAND: POST /session/848251078812a197579c886f13255d0c/execute/sync - {"script":"<script> [79 bytes]","args":[{"element-6066-11e4-a52e-4f735466cecf":"f.E62CCC3EBD73CC3434E37D87B2A77947.d.13AE3F60E11F032344DF1A9695677CDB.e.12217","ELEMENT":"f.E62CCC3EBD73CC3434E37D87B2A77947.d.13AE3F60E11F032344DF1A9695677CDB.e.12217"},{"block":"start","inline":"nearest"}]}
RESULT: {"script":"<script> [79 bytes]","args":[{"element-6066-11e4-a52e-4f735466cecf":"f.E62CCC3EBD73CC3434E37D87B2A77947.d.13AE3F60E11F032344DF1A9695677CDB.e.12217","ELEMENT":"f.E62CCC3EBD73CC3434E37D87B2A77947.d.13AE3F60E11F032344DF1A9695677CDB.e.12217"},{"block":"start","inline":"nearest"}]}
COMMAND: POST /session/848251078812a197579c886f13255d0c/execute/async - {"script":"<script> [1562 bytes]","args":[{"selector":{"id":"application-manageresources-display-component---newResourceUnit--btnAddTimeSegment","interaction":{"idSuffix":"inner"}},"wdio_ui5_key":"applicationmanageresources-display-component---newResourceUnit--btnAddTimeSegment"}]}
COMMAND: GET /session/848251078812a197579c886f13255d0c/screenshot - {}
RESULT: {"script":"<script> [1562 bytes]","args":[{"selector":{"id":"application-manageresources-display-component---newResourceUnit--btnAddTimeSegment","interaction":{"idSuffix":"inner"}},"wdio_ui5_key":"applicationmanageresources-display-component---newResourceUnit--btnAddTimeSegment"}]}
RESULT: undefined
COMMAND: POST /session/848251078812a197579c886f13255d0c/element - {"using":"xpath","value":"//*[@id=\"application-manageresources-display-component---newResourceUnit--btnAddTimeSegment\"]"}
RESULT: {}
RESULT: {"using":"xpath","value":"//*[@id=\"application-manageresources-display-component---newResourceUnit--btnAddTimeSegment\"]"}
COMMAND: POST /session/848251078812a197579c886f13255d0c/element/f.E62CCC3EBD73CC3434E37D87B2A77947.d.13AE3F60E11F032344DF1A9695677CDB.e.12217/click - {}
RESULT: {}
COMMAND: GET /session/848251078812a197579c886f13255d0c/screenshot - {}
RESULT: {}
COMMAND: POST /session/848251078812a197579c886f13255d0c/element - {"using":"xpath","value":"//input[@id=\"application-manageresources-display-component---newResourceUnit--idRuTSAdmin-application-manageresources-display-component---newResourceUnit--RUTimeSegment-0-inner\"]"}
RESULT: {"using":"xpath","value":"//input[@id=\"application-manageresources-display-component---newResourceUnit--idRuTSAdmin-application-manageresources-display-component---newResourceUnit--RUTimeSegment-0-inner\"]"}
COMMAND: POST /session/848251078812a197579c886f13255d0c/element/f.E62CCC3EBD73CC3434E37D87B2A77947.d.13AE3F60E11F032344DF1A9695677CDB.e.12222/clear - {}
RESULT: {}
COMMAND: POST /session/848251078812a197579c886f13255d0c/element/f.E62CCC3EBD73CC3434E37D87B2A77947.d.13AE3F60E11F032344DF1A9695677CDB.e.12222/value - {"text":"639"}
COMMAND: GET /session/848251078812a197579c886f13255d0c/screenshot - {}
RESULT: {"text":"639"}
COMMAND: GET /session/848251078812a197579c886f13255d0c/screenshot - {}
RESULT: {}
RESULT: {}
COMMAND: POST /session/848251078812a197579c886f13255d0c/element - {"using":"xpath","value":"//li[.//span[text()='639']]"}
RESULT: {"using":"xpath","value":"//li[.//span[text()='639']]"}
COMMAND: POST /session/848251078812a197579c886f13255d0c/element/f.E62CCC3EBD73CC3434E37D87B2A77947.d.13AE3F60E11F032344DF1A9695677CDB.e.12233/click - {}
RESULT: {}
COMMAND: GET /session/848251078812a197579c886f13255d0c/screenshot - {}
RESULT: {}
COMMAND: POST /session/848251078812a197579c886f13255d0c/element - {"using":"xpath","value":"(//span[contains(@id, \"-application-manageresources-display-component---newResourceUnit--RUTimeSegment-0-arrow\")])[2]"}
RESULT: {"using":"xpath","value":"(//span[contains(@id, \"-application-manageresources-display-component---newResourceUnit--RUTimeSegment-0-arrow\")])[2]"}
COMMAND: POST /session/848251078812a197579c886f13255d0c/element/f.E62CCC3EBD73CC3434E37D87B2A77947.d.13AE3F60E11F032344DF1A9695677CDB.e.12234/click - {}
RESULT: {}
COMMAND: POST /session/848251078812a197579c886f13255d0c/element - {"using":"xpath","value":"//span[contains(text(), \"PM Order\")]"}
COMMAND: GET /session/848251078812a197579c886f13255d0c/screenshot - {}
RESULT: {"using":"xpath","value":"//span[contains(text(), \"PM Order\")]"}
COMMAND: POST /session/848251078812a197579c886f13255d0c/element/f.E62CCC3EBD73CC3434E37D87B2A77947.d.13AE3F60E11F032344DF1A9695677CDB.e.12235/click - {}
RESULT: {}
RESULT: {}
COMMAND: GET /session/848251078812a197579c886f13255d0c/screenshot - {}
RESULT: {}
COMMAND: POST /session/848251078812a197579c886f13255d0c/element - {"using":"xpath","value":"//td/div/div/div/span[contains(@id, \"newResourceUnit--RUTimeSegment-0-vhi\")][1]"}
RESULT: {"using":"xpath","value":"//td/div/div/div/span[contains(@id, \"newResourceUnit--RUTimeSegment-0-vhi\")][1]"}
COMMAND: GET /session/848251078812a197579c886f13255d0c/element/f.E62CCC3EBD73CC3434E37D87B2A77947.d.13AE3F60E11F032344DF1A9695677CDB.e.12239/rect - {}
RESULT: {}
COMMAND: GET /session/848251078812a197579c886f13255d0c/window/rect - {}
RESULT: {}
COMMAND: POST /session/848251078812a197579c886f13255d0c/execute/sync - {"script":"<script> [92 bytes]","args":[]}
RESULT: {"script":"<script> [92 bytes]","args":[]}
COMMAND: POST /session/848251078812a197579c886f13255d0c/actions - {"actions":[{"id":"action40","type":"wheel","parameters":{},"actions":[{"type":"scroll","x":-1888,"y":-24,"deltaX":0,"deltaY":0,"duration":0,"origin":{"element-6066-11e4-a52e-4f735466cecf":"f.E62CCC3EBD73CC3434E37D87B2A77947.d.13AE3F60E11F032344DF1A9695677CDB.e.12239"}}]}]}
COMMAND: GET /session/848251078812a197579c886f13255d0c/screenshot - {}
RESULT: {}
COMMAND: POST /session/848251078812a197579c886f13255d0c/execute/sync - {"script":"<script> [79 bytes]","args":[{"element-6066-11e4-a52e-4f735466cecf":"f.E62CCC3EBD73CC3434E37D87B2A77947.d.13AE3F60E11F032344DF1A9695677CDB.e.12239","ELEMENT":"f.E62CCC3EBD73CC3434E37D87B2A77947.d.13AE3F60E11F032344DF1A9695677CDB.e.12239"},{"block":"start","inline":"nearest"}]}
RESULT: {"script":"<script> [79 bytes]","args":[{"element-6066-11e4-a52e-4f735466cecf":"f.E62CCC3EBD73CC3434E37D87B2A77947.d.13AE3F60E11F032344DF1A9695677CDB.e.12239","ELEMENT":"f.E62CCC3EBD73CC3434E37D87B2A77947.d.13AE3F60E11F032344DF1A9695677CDB.e.12239"},{"block":"start","inline":"nearest"}]}
COMMAND: GET /session/848251078812a197579c886f13255d0c/screenshot - {}
RESULT: {}
COMMAND: POST /session/848251078812a197579c886f13255d0c/element/f.E62CCC3EBD73CC3434E37D87B2A77947.d.13AE3F60E11F032344DF1A9695677CDB.e.12239/click - {}
RESULT: {}
COMMAND: GET /session/848251078812a197579c886f13255d0c/screenshot - {}
RESULT: {}
COMMAND: POST /session/848251078812a197579c886f13255d0c/execute/async - {"script":"<script> [1562 bytes]","args":[{"selector":{"controlType":"sap.m.SearchField","properties":{"placeholder":"Search"},"searchOpenDialogs":true,"interaction":{"idSuffix":"I"}},"wdio_ui5_key":"sapm.SearchField{\"placeholder\":\"Search\"}"}]}
RESULT: {"script":"<script> [1562 bytes]","args":[{"selector":{"controlType":"sap.m.SearchField","properties":{"placeholder":"Search"},"searchOpenDialogs":true,"interaction":{"idSuffix":"I"}},"wdio_ui5_key":"sapm.SearchField{\"placeholder\":\"Search\"}"}]}
RESULT: undefined
COMMAND: POST /session/848251078812a197579c886f13255d0c/execute/async - {"script":"<script> [776 bytes]","args":[{"enterText":"4000360","selector":{"controlType":"sap.m.SearchField","properties":{"placeholder":"Search"},"searchOpenDialogs":true,"interaction":{"idSuffix":"I"}},"clearTextFirst":true,"interactionType":"ENTER_TEXT"}]}
RESULT: {"script":"<script> [776 bytes]","args":[{"enterText":"4000360","selector":{"controlType":"sap.m.SearchField","properties":{"placeholder":"Search"},"searchOpenDialogs":true,"interaction":{"idSuffix":"I"}},"clearTextFirst":true,"interactionType":"ENTER_TEXT"}]}
COMMAND: POST /session/848251078812a197579c886f13255d0c/actions - {"actions":[{"id":"action41","type":"key","parameters":{},"actions":[{"type":"keyDown","value":"î€‡"},{"type":"pause","duration":10},{"type":"keyUp","value":"î€‡"}]}]}
RESULT: {"actions":[{"id":"action41","type":"key","parameters":{},"actions":[{"type":"keyDown","value":"î€‡"},{"type":"pause","duration":10},{"type":"keyUp","value":"î€‡"}]}]}
COMMAND: GET /session/848251078812a197579c886f13255d0c/screenshot - {}
RESULT: {}
COMMAND: POST /session/848251078812a197579c886f13255d0c/element - {"using":"xpath","value":"//td/div/span[contains(text(), \"BGL Vehicles\")]"}
RESULT: {"using":"xpath","value":"//td/div/span[contains(text(), \"BGL Vehicles\")]"}
COMMAND: POST /session/848251078812a197579c886f13255d0c/element/f.E62CCC3EBD73CC3434E37D87B2A77947.d.13AE3F60E11F032344DF1A9695677CDB.e.12262/click - {}
RESULT: {}
COMMAND: GET /session/848251078812a197579c886f13255d0c/screenshot - {}
RESULT: {}
COMMAND: POST /session/848251078812a197579c886f13255d0c/element - {"using":"xpath","value":"//bdi[contains(text(), \"OK\")]"}
RESULT: {"using":"xpath","value":"//bdi[contains(text(), \"OK\")]"}
COMMAND: POST /session/848251078812a197579c886f13255d0c/element/f.E62CCC3EBD73CC3434E37D87B2A77947.d.13AE3F60E11F032344DF1A9695677CDB.e.12263/click - {}
RESULT: {}
COMMAND: GET /session/848251078812a197579c886f13255d0c/screenshot - {}
RESULT: {}
COMMAND: POST /session/848251078812a197579c886f13255d0c/element - {"using":"xpath","value":"//label[contains(@class, 'sapMLabelRequired') and .//bdi[contains(text(), 'Planned Retirement')]]"}
RESULT: {"using":"xpath","value":"//label[contains(@class, 'sapMLabelRequired') and .//bdi[contains(text(), 'Planned Retirement')]]"}
COMMAND: POST /session/848251078812a197579c886f13255d0c/elements - {"using":"xpath","value":"//label[contains(@class, 'sapMLabelRequired') and .//bdi[contains(text(), 'Planned Retirement')]]"}
RESULT: {"using":"xpath","value":"//label[contains(@class, 'sapMLabelRequired') and .//bdi[contains(text(), 'Planned Retirement')]]"}
COMMAND: POST /session/848251078812a197579c886f13255d0c/element - {"using":"xpath","value":"//button[@data-kt=\"resourceUnitSaveButton\"]"}
RESULT: {"using":"xpath","value":"//button[@data-kt=\"resourceUnitSaveButton\"]"}
COMMAND: POST /session/848251078812a197579c886f13255d0c/element/f.E62CCC3EBD73CC3434E37D87B2A77947.d.13AE3F60E11F032344DF1A9695677CDB.e.12093/click - {}
RESULT: {}
COMMAND: GET /session/848251078812a197579c886f13255d0c/screenshot - {}
RESULT: {}
COMMAND: POST /session/848251078812a197579c886f13255d0c/element - {"using":"xpath","value":"//bdi[contains(text(), \"Close\")]"}
RESULT: {"using":"xpath","value":"//bdi[contains(text(), \"Close\")]"}
COMMAND: POST /session/848251078812a197579c886f13255d0c/element/f.E62CCC3EBD73CC3434E37D87B2A77947.d.13AE3F60E11F032344DF1A9695677CDB.e.12269/click - {}
RESULT: {}
COMMAND: GET /session/848251078812a197579c886f13255d0c/screenshot - {}
RESULT: {}
COMMAND: POST /session/848251078812a197579c886f13255d0c/element - {"using":"xpath","value":"//header[contains(@id, 'detailRruPage-headerTitle')]/div[1]/div[2]/div[2]/span[1]"}
RESULT: {"using":"xpath","value":"//header[contains(@id, 'detailRruPage-headerTitle')]/div[1]/div[2]/div[2]/span[1]"}
COMMAND: POST /session/848251078812a197579c886f13255d0c/elements - {"using":"xpath","value":"//header[contains(@id, 'detailRruPage-headerTitle')]/div[1]/div[2]/div[2]/span[1]"}
RESULT: {"using":"xpath","value":"//header[contains(@id, 'detailRruPage-headerTitle')]/div[1]/div[2]/div[2]/span[1]"}
COMMAND: POST /session/848251078812a197579c886f13255d0c/execute/sync - {"script":"<script> [56 bytes]","args":[{"element-6066-11e4-a52e-4f735466cecf":"f.E62CCC3EBD73CC3434E37D87B2A77947.d.13AE3F60E11F032344DF1A9695677CDB.e.12306","ELEMENT":"f.E62CCC3EBD73CC3434E37D87B2A77947.d.13AE3F60E11F032344DF1A9695677CDB.e.12306"}]}
RESULT: {"script":"<script> [56 bytes]","args":[{"element-6066-11e4-a52e-4f735466cecf":"f.E62CCC3EBD73CC3434E37D87B2A77947.d.13AE3F60E11F032344DF1A9695677CDB.e.12306","ELEMENT":"f.E62CCC3EBD73CC3434E37D87B2A77947.d.13AE3F60E11F032344DF1A9695677CDB.e.12306"}]}
COMMAND: POST /session/848251078812a197579c886f13255d0c/element - {"using":"css selector","value":"#shell-header-logo"}
COMMAND: GET /session/848251078812a197579c886f13255d0c/screenshot - {}
RESULT: {"using":"css selector","value":"#shell-header-logo"}
COMMAND: POST /session/848251078812a197579c886f13255d0c/element/f.E62CCC3EBD73CC3434E37D87B2A77947.d.13AE3F60E11F032344DF1A9695677CDB.e.11682/click - {}
RESULT: {}
RESULT: {}
COMMAND: GET /session/848251078812a197579c886f13255d0c/screenshot - {}
RESULT: {}
]]></system-out>
    </testcase>
    <testcase classname="chrome.136_0_7103_93.windows.Return_from_Site_w/_warehouse_management_w/_clarification_US125588" name="Bin Status Report Should Create New Organization yard" time="0.004" />
    <testcase classname="chrome.136_0_7103_93.windows.Return_from_Site_w/_warehouse_management_w/_clarification_US125588" name="Bin Status Report Should Create New Organization for Site" time="0.004" />
  </testsuite>
  <testsuite timestamp="2025-06-04T06:49:59" time="507.726" tests="7" failures="7" errors="7" skipped="0">
    <properties>
      <property name="specId" value="0" />
      <property name="suiteName" value="Return from Site w/ warehouse management w clarification" />
      <property name="capabilities" value="chrome.136_0_7103_93.windows" />
      <property name="file" value="file:///D:/a/1/s/test/specs/HTR/return-from-site-w-warehouse-management-w-clarification.spec.js" />
    </properties>
  </testsuite>
  <testsuite timestamp="2025-06-04T06:58:27" time="533.56" tests="9" failures="3" errors="3" skipped="0">
    <properties>
      <property name="specId" value="0" />
      <property name="suiteName" value="Create masterdata for Yard Overview - trigger provide US130988" />
      <property name="capabilities" value="chrome.136_0_7103_93.windows" />
      <property name="file" value="file:///D:/a/1/s/test/specs/HTR/stock-decrease.spec.js" />
    </properties>
    <testcase classname="chrome.136_0_7103_93.windows.Create_masterdata_for_Yard_Overview_-_trigger_provide_US130988" name="Should create a new WHM yard" time="0.014">
      <system-out><![CDATA[
COMMAND: POST /session/848251078812a197579c886f13255d0c/window/fullscreen - {}
RESULT: {}
]]></system-out>
    </testcase>
    <testcase classname="chrome.136_0_7103_93.windows.Create_masterdata_for_Yard_Overview_-_trigger_provide_US130988" name="Should create a new partner" time="0.004" />
    <testcase classname="chrome.136_0_7103_93.windows.Create_masterdata_for_Yard_Overview_-_trigger_provide_US130988" name="Should create a new site" time="0.003" />
    <testcase classname="chrome.136_0_7103_93.windows.Create_masterdata_for_Yard_Overview_-_trigger_provide_US130988" name="Should create a new material" time="135.747">
      <system-out><![CDATA[
COMMAND: POST /session/848251078812a197579c886f13255d0c/execute/async - {"script":"<script> [1562 bytes]","args":[{"selector":{"controlType":"sap.m.GenericTile","properties":{"header":"Manage Resources"}},"wdio_ui5_key":"sapm.GenericTile{\"header\":\"Manage Resources\"}"}]}
RESULT: {"script":"<script> [1562 bytes]","args":[{"selector":{"controlType":"sap.m.GenericTile","properties":{"header":"Manage Resources"}},"wdio_ui5_key":"sapm.GenericTile{\"header\":\"Manage Resources\"}"}]}
RESULT: undefined
COMMAND: POST /session/848251078812a197579c886f13255d0c/element - {"using":"xpath","value":"//*[@id=\"__tile31\"]"}
RESULT: {"using":"xpath","value":"//*[@id=\"__tile31\"]"}
COMMAND: POST /session/848251078812a197579c886f13255d0c/element/f.E62CCC3EBD73CC3434E37D87B2A77947.d.CBBBD7AA681185123A2CB4D8E4D86EF7.e.12741/click - {}
RESULT: {}
COMMAND: GET /session/848251078812a197579c886f13255d0c/screenshot - {}
RESULT: {}
COMMAND: POST /session/848251078812a197579c886f13255d0c/elements - {"using":"xpath","value":"//span[text()='Error']"}
RESULT: {"using":"xpath","value":"//span[text()='Error']"}
COMMAND: POST /session/848251078812a197579c886f13255d0c/element - {"using":"xpath","value":"//button[@data-kt=\"addNewRUOverflowToolbarButton\"]"}
RESULT: {"using":"xpath","value":"//button[@data-kt=\"addNewRUOverflowToolbarButton\"]"}
COMMAND: POST /session/848251078812a197579c886f13255d0c/elements - {"using":"xpath","value":"//button[@data-kt=\"addNewRUOverflowToolbarButton\"]"}
RESULT: {"using":"xpath","value":"//button[@data-kt=\"addNewRUOverflowToolbarButton\"]"}
COMMAND: POST /session/848251078812a197579c886f13255d0c/elements - {"using":"xpath","value":"//button[@data-kt=\"addNewRUOverflowToolbarButton\"]"}
RESULT: {"using":"xpath","value":"//button[@data-kt=\"addNewRUOverflowToolbarButton\"]"}
COMMAND: POST /session/848251078812a197579c886f13255d0c/element - {"using":"xpath","value":"//button[@data-kt=\"addNewRUOverflowToolbarButton\"]"}
RESULT: {"using":"xpath","value":"//button[@data-kt=\"addNewRUOverflowToolbarButton\"]"}
COMMAND: POST /session/848251078812a197579c886f13255d0c/execute/sync - {"script":"<script> [8489 bytes]","args":[{"element-6066-11e4-a52e-4f735466cecf":"f.E62CCC3EBD73CC3434E37D87B2A77947.d.CBBBD7AA681185123A2CB4D8E4D86EF7.e.12871","ELEMENT":"f.E62CCC3EBD73CC3434E37D87B2A77947.d.CBBBD7AA681185123A2CB4D8E4D86EF7.e.12871"}]}
RESULT: {"script":"<script> [8489 bytes]","args":[{"element-6066-11e4-a52e-4f735466cecf":"f.E62CCC3EBD73CC3434E37D87B2A77947.d.CBBBD7AA681185123A2CB4D8E4D86EF7.e.12871","ELEMENT":"f.E62CCC3EBD73CC3434E37D87B2A77947.d.CBBBD7AA681185123A2CB4D8E4D86EF7.e.12871"}]}
COMMAND: GET /session/848251078812a197579c886f13255d0c/element/f.E62CCC3EBD73CC3434E37D87B2A77947.d.CBBBD7AA681185123A2CB4D8E4D86EF7.e.12871/enabled - {}
COMMAND: GET /session/848251078812a197579c886f13255d0c/screenshot - {}
RESULT: {}
COMMAND: POST /session/848251078812a197579c886f13255d0c/execute/sync - {"script":"<script> [8489 bytes]","args":[{"element-6066-11e4-a52e-4f735466cecf":"f.E62CCC3EBD73CC3434E37D87B2A77947.d.CBBBD7AA681185123A2CB4D8E4D86EF7.e.12871","ELEMENT":"f.E62CCC3EBD73CC3434E37D87B2A77947.d.CBBBD7AA681185123A2CB4D8E4D86EF7.e.12871"}]}
COMMAND: GET /session/848251078812a197579c886f13255d0c/screenshot - {}
RESULT: {}
RESULT: {"script":"<script> [8489 bytes]","args":[{"element-6066-11e4-a52e-4f735466cecf":"f.E62CCC3EBD73CC3434E37D87B2A77947.d.CBBBD7AA681185123A2CB4D8E4D86EF7.e.12871","ELEMENT":"f.E62CCC3EBD73CC3434E37D87B2A77947.d.CBBBD7AA681185123A2CB4D8E4D86EF7.e.12871"}]}
COMMAND: POST /session/848251078812a197579c886f13255d0c/execute/sync - {"script":"<script> [5351 bytes]","args":[{"element-6066-11e4-a52e-4f735466cecf":"f.E62CCC3EBD73CC3434E37D87B2A77947.d.CBBBD7AA681185123A2CB4D8E4D86EF7.e.12871","ELEMENT":"f.E62CCC3EBD73CC3434E37D87B2A77947.d.CBBBD7AA681185123A2CB4D8E4D86EF7.e.12871"}]}
COMMAND: GET /session/848251078812a197579c886f13255d0c/screenshot - {}
RESULT: {}
RESULT: {"script":"<script> [5351 bytes]","args":[{"element-6066-11e4-a52e-4f735466cecf":"f.E62CCC3EBD73CC3434E37D87B2A77947.d.CBBBD7AA681185123A2CB4D8E4D86EF7.e.12871","ELEMENT":"f.E62CCC3EBD73CC3434E37D87B2A77947.d.CBBBD7AA681185123A2CB4D8E4D86EF7.e.12871"}]}
COMMAND: POST /session/848251078812a197579c886f13255d0c/element/f.E62CCC3EBD73CC3434E37D87B2A77947.d.CBBBD7AA681185123A2CB4D8E4D86EF7.e.12871/click - {}
COMMAND: GET /session/848251078812a197579c886f13255d0c/screenshot - {}
RESULT: {}
RESULT: {}
COMMAND: GET /session/848251078812a197579c886f13255d0c/screenshot - {}
RESULT: {}
COMMAND: POST /session/848251078812a197579c886f13255d0c/execute/async - {"script":"<script> [1562 bytes]","args":[{"selector":{"id":"application-manageresources-display-component---newResourceUnit--TYPE-arrow"},"wdio_ui5_key":"applicationmanageresources-display-component---newResourceUnit--TYPE-arrow"}]}
RESULT: {}
RESULT: {"script":"<script> [1562 bytes]","args":[{"selector":{"id":"application-manageresources-display-component---newResourceUnit--TYPE-arrow"},"wdio_ui5_key":"applicationmanageresources-display-component---newResourceUnit--TYPE-arrow"}]}
RESULT: undefined
COMMAND: POST /session/848251078812a197579c886f13255d0c/element - {"using":"xpath","value":"//*[@id=\"application-manageresources-display-component---newResourceUnit--TYPE-arrow\"]"}
RESULT: {"using":"xpath","value":"//*[@id=\"application-manageresources-display-component---newResourceUnit--TYPE-arrow\"]"}
COMMAND: POST /session/848251078812a197579c886f13255d0c/element/f.E62CCC3EBD73CC3434E37D87B2A77947.d.CBBBD7AA681185123A2CB4D8E4D86EF7.e.13240/click - {}
RESULT: {}
COMMAND: POST /session/848251078812a197579c886f13255d0c/element - {"using":"xpath","value":"//input[@id=\"application-manageresources-display-component---newResourceUnit--TYPE-inner\"]"}
COMMAND: GET /session/848251078812a197579c886f13255d0c/screenshot - {}
RESULT: {"using":"xpath","value":"//input[@id=\"application-manageresources-display-component---newResourceUnit--TYPE-inner\"]"}
COMMAND: POST /session/848251078812a197579c886f13255d0c/element/f.E62CCC3EBD73CC3434E37D87B2A77947.d.CBBBD7AA681185123A2CB4D8E4D86EF7.e.13224/clear - {}
RESULT: {}
RESULT: {}
COMMAND: POST /session/848251078812a197579c886f13255d0c/element/f.E62CCC3EBD73CC3434E37D87B2A77947.d.CBBBD7AA681185123A2CB4D8E4D86EF7.e.13224/value - {"text":"Material"}
COMMAND: GET /session/848251078812a197579c886f13255d0c/screenshot - {}
RESULT: {"text":"Material"}
COMMAND: GET /session/848251078812a197579c886f13255d0c/screenshot - {}
RESULT: {}
RESULT: {}
COMMAND: POST /session/848251078812a197579c886f13255d0c/actions - {"actions":[{"id":"action43","type":"key","parameters":{},"actions":[{"type":"keyDown","value":"î€‡"},{"type":"pause","duration":10},{"type":"keyUp","value":"î€‡"}]}]}
RESULT: {"actions":[{"id":"action43","type":"key","parameters":{},"actions":[{"type":"keyDown","value":"î€‡"},{"type":"pause","duration":10},{"type":"keyUp","value":"î€‡"}]}]}
COMMAND: POST /session/848251078812a197579c886f13255d0c/execute/async - {"script":"<script> [1562 bytes]","args":[{"selector":{"id":"application-manageresources-display-component---newResourceUnit--SHORT_TEXT","interaction":{"idSuffix":"inner"}},"wdio_ui5_key":"applicationmanageresources-display-component---newResourceUnit--SHORT_TEXT"}]}
COMMAND: GET /session/848251078812a197579c886f13255d0c/screenshot - {}
RESULT: {"script":"<script> [1562 bytes]","args":[{"selector":{"id":"application-manageresources-display-component---newResourceUnit--SHORT_TEXT","interaction":{"idSuffix":"inner"}},"wdio_ui5_key":"applicationmanageresources-display-component---newResourceUnit--SHORT_TEXT"}]}
RESULT: undefined
COMMAND: POST /session/848251078812a197579c886f13255d0c/execute/async - {"script":"<script> [776 bytes]","args":[{"enterText":"Cement WDIO","selector":{"id":"application-manageresources-display-component---newResourceUnit--SHORT_TEXT","interaction":{"idSuffix":"inner"}},"clearTextFirst":true,"interactionType":"ENTER_TEXT"}]}
RESULT: {}
RESULT: {"script":"<script> [776 bytes]","args":[{"enterText":"Cement WDIO","selector":{"id":"application-manageresources-display-component---newResourceUnit--SHORT_TEXT","interaction":{"idSuffix":"inner"}},"clearTextFirst":true,"interactionType":"ENTER_TEXT"}]}
COMMAND: POST /session/848251078812a197579c886f13255d0c/execute/async - {"script":"<script> [1562 bytes]","args":[{"selector":{"id":"application-manageresources-display-component---newResourceUnit--BASE_UNIT_OF_MEASURE","interaction":{"idSuffix":"inner"}},"wdio_ui5_key":"applicationmanageresources-display-component---newResourceUnit--BASE_UNIT_OF_MEASURE"}]}
RESULT: {"script":"<script> [1562 bytes]","args":[{"selector":{"id":"application-manageresources-display-component---newResourceUnit--BASE_UNIT_OF_MEASURE","interaction":{"idSuffix":"inner"}},"wdio_ui5_key":"applicationmanageresources-display-component---newResourceUnit--BASE_UNIT_OF_MEASURE"}]}
RESULT: undefined
COMMAND: POST /session/848251078812a197579c886f13255d0c/execute/async - {"script":"<script> [776 bytes]","args":[{"enterText":"Piece","selector":{"id":"application-manageresources-display-component---newResourceUnit--BASE_UNIT_OF_MEASURE","interaction":{"idSuffix":"inner"}},"clearTextFirst":true,"interactionType":"ENTER_TEXT"}]}
RESULT: {"script":"<script> [776 bytes]","args":[{"enterText":"Piece","selector":{"id":"application-manageresources-display-component---newResourceUnit--BASE_UNIT_OF_MEASURE","interaction":{"idSuffix":"inner"}},"clearTextFirst":true,"interactionType":"ENTER_TEXT"}]}
COMMAND: POST /session/848251078812a197579c886f13255d0c/execute/async - {"script":"<script> [1562 bytes]","args":[{"selector":{"id":"application-manageresources-display-component---newResourceUnit--WEIGHT_UNIT","interaction":{"idSuffix":"inner"}},"wdio_ui5_key":"applicationmanageresources-display-component---newResourceUnit--WEIGHT_UNIT"}]}
RESULT: {"script":"<script> [1562 bytes]","args":[{"selector":{"id":"application-manageresources-display-component---newResourceUnit--WEIGHT_UNIT","interaction":{"idSuffix":"inner"}},"wdio_ui5_key":"applicationmanageresources-display-component---newResourceUnit--WEIGHT_UNIT"}]}
RESULT: undefined
COMMAND: POST /session/848251078812a197579c886f13255d0c/execute/async - {"script":"<script> [776 bytes]","args":[{"enterText":"Gram","selector":{"id":"application-manageresources-display-component---newResourceUnit--WEIGHT_UNIT","interaction":{"idSuffix":"inner"}},"clearTextFirst":true,"interactionType":"ENTER_TEXT"}]}
RESULT: {"script":"<script> [776 bytes]","args":[{"enterText":"Gram","selector":{"id":"application-manageresources-display-component---newResourceUnit--WEIGHT_UNIT","interaction":{"idSuffix":"inner"}},"clearTextFirst":true,"interactionType":"ENTER_TEXT"}]}
COMMAND: POST /session/848251078812a197579c886f13255d0c/execute/async - {"script":"<script> [1562 bytes]","args":[{"selector":{"id":"application-manageresources-display-component---newResourceUnit--DIMENSION_UNIT","interaction":{"idSuffix":"inner"}},"wdio_ui5_key":"applicationmanageresources-display-component---newResourceUnit--DIMENSION_UNIT"}]}
RESULT: {"script":"<script> [1562 bytes]","args":[{"selector":{"id":"application-manageresources-display-component---newResourceUnit--DIMENSION_UNIT","interaction":{"idSuffix":"inner"}},"wdio_ui5_key":"applicationmanageresources-display-component---newResourceUnit--DIMENSION_UNIT"}]}
RESULT: undefined
COMMAND: POST /session/848251078812a197579c886f13255d0c/execute/async - {"script":"<script> [776 bytes]","args":[{"enterText":"Meter","selector":{"id":"application-manageresources-display-component---newResourceUnit--DIMENSION_UNIT","interaction":{"idSuffix":"inner"}},"clearTextFirst":true,"interactionType":"ENTER_TEXT"}]}
RESULT: {"script":"<script> [776 bytes]","args":[{"enterText":"Meter","selector":{"id":"application-manageresources-display-component---newResourceUnit--DIMENSION_UNIT","interaction":{"idSuffix":"inner"}},"clearTextFirst":true,"interactionType":"ENTER_TEXT"}]}
COMMAND: POST /session/848251078812a197579c886f13255d0c/execute/async - {"script":"<script> [1562 bytes]","args":[{"selector":{"id":"application-manageresources-display-component---newResourceUnit--newRRUPage-anchBar-application-manageresources-display-component---newResourceUnit--control-anchor","interaction":{"idSuffix":"BDI-content"}},"wdio_ui5_key":"applicationmanageresources-display-component---newResourceUnit--newRRUPage-anchBar-application-manageresources-display-component---newResourceUnit--control-anchor"}]}
RESULT: {"script":"<script> [1562 bytes]","args":[{"selector":{"id":"application-manageresources-display-component---newResourceUnit--newRRUPage-anchBar-application-manageresources-display-component---newResourceUnit--control-anchor","interaction":{"idSuffix":"BDI-content"}},"wdio_ui5_key":"applicationmanageresources-display-component---newResourceUnit--newRRUPage-anchBar-application-manageresources-display-component---newResourceUnit--control-anchor"}]}
RESULT: undefined
COMMAND: POST /session/848251078812a197579c886f13255d0c/element - {"using":"xpath","value":"//*[@id=\"application-manageresources-display-component---newResourceUnit--newRRUPage-anchBar-application-manageresources-display-component---newResourceUnit--control-anchor\"]"}
RESULT: {"using":"xpath","value":"//*[@id=\"application-manageresources-display-component---newResourceUnit--newRRUPage-anchBar-application-manageresources-display-component---newResourceUnit--control-anchor\"]"}
COMMAND: POST /session/848251078812a197579c886f13255d0c/element/f.E62CCC3EBD73CC3434E37D87B2A77947.d.CBBBD7AA681185123A2CB4D8E4D86EF7.e.13372/click - {}
RESULT: {}
COMMAND: POST /session/848251078812a197579c886f13255d0c/execute/async - {"script":"<script> [1562 bytes]","args":[{"selector":{"id":"application-manageresources-display-component---newResourceUnit--PLANNING_GROUP","interaction":{"idSuffix":"inner"}},"wdio_ui5_key":"applicationmanageresources-display-component---newResourceUnit--PLANNING_GROUP"}]}
COMMAND: GET /session/848251078812a197579c886f13255d0c/screenshot - {}
RESULT: {"script":"<script> [1562 bytes]","args":[{"selector":{"id":"application-manageresources-display-component---newResourceUnit--PLANNING_GROUP","interaction":{"idSuffix":"inner"}},"wdio_ui5_key":"applicationmanageresources-display-component---newResourceUnit--PLANNING_GROUP"}]}
RESULT: undefined
COMMAND: POST /session/848251078812a197579c886f13255d0c/execute/async - {"script":"<script> [776 bytes]","args":[{"enterText":"Material","selector":{"id":"application-manageresources-display-component---newResourceUnit--PLANNING_GROUP","interaction":{"idSuffix":"inner"}},"clearTextFirst":true,"interactionType":"ENTER_TEXT"}]}
RESULT: {}
RESULT: {"script":"<script> [776 bytes]","args":[{"enterText":"Material","selector":{"id":"application-manageresources-display-component---newResourceUnit--PLANNING_GROUP","interaction":{"idSuffix":"inner"}},"clearTextFirst":true,"interactionType":"ENTER_TEXT"}]}
COMMAND: POST /session/848251078812a197579c886f13255d0c/execute/async - {"script":"<script> [1562 bytes]","args":[{"selector":{"id":"application-manageresources-display-component---newResourceUnit--PLANNING_INDICATOR","interaction":{"idSuffix":"inner"}},"wdio_ui5_key":"applicationmanageresources-display-component---newResourceUnit--PLANNING_INDICATOR"}]}
RESULT: {"script":"<script> [1562 bytes]","args":[{"selector":{"id":"application-manageresources-display-component---newResourceUnit--PLANNING_INDICATOR","interaction":{"idSuffix":"inner"}},"wdio_ui5_key":"applicationmanageresources-display-component---newResourceUnit--PLANNING_INDICATOR"}]}
RESULT: undefined
COMMAND: POST /session/848251078812a197579c886f13255d0c/execute/async - {"script":"<script> [776 bytes]","args":[{"enterText":"10 - infinite","selector":{"id":"application-manageresources-display-component---newResourceUnit--PLANNING_INDICATOR","interaction":{"idSuffix":"inner"}},"clearTextFirst":true,"interactionType":"ENTER_TEXT"}]}
RESULT: {"script":"<script> [776 bytes]","args":[{"enterText":"10 - infinite","selector":{"id":"application-manageresources-display-component---newResourceUnit--PLANNING_INDICATOR","interaction":{"idSuffix":"inner"}},"clearTextFirst":true,"interactionType":"ENTER_TEXT"}]}
COMMAND: POST /session/848251078812a197579c886f13255d0c/element - {"using":"css selector","value":"#application-manageresources-display-component---newResourceUnit--btnAddTimeSegment"}
RESULT: {"using":"css selector","value":"#application-manageresources-display-component---newResourceUnit--btnAddTimeSegment"}
COMMAND: GET /session/848251078812a197579c886f13255d0c/element/f.E62CCC3EBD73CC3434E37D87B2A77947.d.CBBBD7AA681185123A2CB4D8E4D86EF7.e.13381/rect - {}
RESULT: {}
COMMAND: GET /session/848251078812a197579c886f13255d0c/window/rect - {}
RESULT: {}
COMMAND: POST /session/848251078812a197579c886f13255d0c/execute/sync - {"script":"<script> [92 bytes]","args":[]}
RESULT: {"script":"<script> [92 bytes]","args":[]}
COMMAND: POST /session/848251078812a197579c886f13255d0c/actions - {"actions":[{"id":"action44","type":"wheel","parameters":{},"actions":[{"type":"scroll","x":-1888,"y":-32,"deltaX":0,"deltaY":0,"duration":0,"origin":{"element-6066-11e4-a52e-4f735466cecf":"f.E62CCC3EBD73CC3434E37D87B2A77947.d.CBBBD7AA681185123A2CB4D8E4D86EF7.e.13381"}}]}]}
COMMAND: GET /session/848251078812a197579c886f13255d0c/screenshot - {}
RESULT: {}
COMMAND: POST /session/848251078812a197579c886f13255d0c/execute/sync - {"script":"<script> [79 bytes]","args":[{"element-6066-11e4-a52e-4f735466cecf":"f.E62CCC3EBD73CC3434E37D87B2A77947.d.CBBBD7AA681185123A2CB4D8E4D86EF7.e.13381","ELEMENT":"f.E62CCC3EBD73CC3434E37D87B2A77947.d.CBBBD7AA681185123A2CB4D8E4D86EF7.e.13381"},{"block":"start","inline":"nearest"}]}
RESULT: {"script":"<script> [79 bytes]","args":[{"element-6066-11e4-a52e-4f735466cecf":"f.E62CCC3EBD73CC3434E37D87B2A77947.d.CBBBD7AA681185123A2CB4D8E4D86EF7.e.13381","ELEMENT":"f.E62CCC3EBD73CC3434E37D87B2A77947.d.CBBBD7AA681185123A2CB4D8E4D86EF7.e.13381"},{"block":"start","inline":"nearest"}]}
COMMAND: POST /session/848251078812a197579c886f13255d0c/execute/async - {"script":"<script> [1562 bytes]","args":[{"selector":{"id":"application-manageresources-display-component---newResourceUnit--btnAddTimeSegment","interaction":{"idSuffix":"inner"}},"wdio_ui5_key":"applicationmanageresources-display-component---newResourceUnit--btnAddTimeSegment"}]}
COMMAND: GET /session/848251078812a197579c886f13255d0c/screenshot - {}
RESULT: {"script":"<script> [1562 bytes]","args":[{"selector":{"id":"application-manageresources-display-component---newResourceUnit--btnAddTimeSegment","interaction":{"idSuffix":"inner"}},"wdio_ui5_key":"applicationmanageresources-display-component---newResourceUnit--btnAddTimeSegment"}]}
RESULT: undefined
COMMAND: POST /session/848251078812a197579c886f13255d0c/element - {"using":"xpath","value":"//*[@id=\"application-manageresources-display-component---newResourceUnit--btnAddTimeSegment\"]"}
RESULT: {}
RESULT: {"using":"xpath","value":"//*[@id=\"application-manageresources-display-component---newResourceUnit--btnAddTimeSegment\"]"}
COMMAND: POST /session/848251078812a197579c886f13255d0c/element/f.E62CCC3EBD73CC3434E37D87B2A77947.d.CBBBD7AA681185123A2CB4D8E4D86EF7.e.13381/click - {}
RESULT: {}
COMMAND: GET /session/848251078812a197579c886f13255d0c/screenshot - {}
RESULT: {}
COMMAND: POST /session/848251078812a197579c886f13255d0c/element - {"using":"xpath","value":"//input[@id=\"application-manageresources-display-component---newResourceUnit--idRuTSAdmin-application-manageresources-display-component---newResourceUnit--RUTimeSegment-0-inner\"]"}
RESULT: {"using":"xpath","value":"//input[@id=\"application-manageresources-display-component---newResourceUnit--idRuTSAdmin-application-manageresources-display-component---newResourceUnit--RUTimeSegment-0-inner\"]"}
COMMAND: POST /session/848251078812a197579c886f13255d0c/element/f.E62CCC3EBD73CC3434E37D87B2A77947.d.CBBBD7AA681185123A2CB4D8E4D86EF7.e.13386/clear - {}
RESULT: {}
COMMAND: POST /session/848251078812a197579c886f13255d0c/element/f.E62CCC3EBD73CC3434E37D87B2A77947.d.CBBBD7AA681185123A2CB4D8E4D86EF7.e.13386/value - {"text":"639"}
COMMAND: GET /session/848251078812a197579c886f13255d0c/screenshot - {}
RESULT: {"text":"639"}
COMMAND: GET /session/848251078812a197579c886f13255d0c/screenshot - {}
RESULT: {}
RESULT: {}
COMMAND: POST /session/848251078812a197579c886f13255d0c/element - {"using":"xpath","value":"//li[.//span[text()='639']]"}
RESULT: {"using":"xpath","value":"//li[.//span[text()='639']]"}
COMMAND: POST /session/848251078812a197579c886f13255d0c/element/f.E62CCC3EBD73CC3434E37D87B2A77947.d.CBBBD7AA681185123A2CB4D8E4D86EF7.e.13399/click - {}
RESULT: {}
COMMAND: GET /session/848251078812a197579c886f13255d0c/screenshot - {}
RESULT: {}
COMMAND: POST /session/848251078812a197579c886f13255d0c/element - {"using":"xpath","value":"(//span[contains(@id, \"-application-manageresources-display-component---newResourceUnit--RUTimeSegment-0-arrow\")])[2]"}
RESULT: {"using":"xpath","value":"(//span[contains(@id, \"-application-manageresources-display-component---newResourceUnit--RUTimeSegment-0-arrow\")])[2]"}
COMMAND: POST /session/848251078812a197579c886f13255d0c/element/f.E62CCC3EBD73CC3434E37D87B2A77947.d.CBBBD7AA681185123A2CB4D8E4D86EF7.e.13400/click - {}
RESULT: {}
COMMAND: POST /session/848251078812a197579c886f13255d0c/element - {"using":"xpath","value":"//span[contains(text(), \"PM Order\")]"}
COMMAND: GET /session/848251078812a197579c886f13255d0c/screenshot - {}
RESULT: {"using":"xpath","value":"//span[contains(text(), \"PM Order\")]"}
COMMAND: POST /session/848251078812a197579c886f13255d0c/element/f.E62CCC3EBD73CC3434E37D87B2A77947.d.CBBBD7AA681185123A2CB4D8E4D86EF7.e.13401/click - {}
RESULT: {}
RESULT: {}
COMMAND: GET /session/848251078812a197579c886f13255d0c/screenshot - {}
RESULT: {}
COMMAND: POST /session/848251078812a197579c886f13255d0c/element - {"using":"xpath","value":"//td/div/div/div/span[contains(@id, \"newResourceUnit--RUTimeSegment-0-vhi\")][1]"}
RESULT: {"using":"xpath","value":"//td/div/div/div/span[contains(@id, \"newResourceUnit--RUTimeSegment-0-vhi\")][1]"}
COMMAND: GET /session/848251078812a197579c886f13255d0c/element/f.E62CCC3EBD73CC3434E37D87B2A77947.d.CBBBD7AA681185123A2CB4D8E4D86EF7.e.13405/rect - {}
RESULT: {}
COMMAND: GET /session/848251078812a197579c886f13255d0c/window/rect - {}
RESULT: {}
COMMAND: POST /session/848251078812a197579c886f13255d0c/execute/sync - {"script":"<script> [92 bytes]","args":[]}
RESULT: {"script":"<script> [92 bytes]","args":[]}
COMMAND: POST /session/848251078812a197579c886f13255d0c/actions - {"actions":[{"id":"action45","type":"wheel","parameters":{},"actions":[{"type":"scroll","x":-1888,"y":-24,"deltaX":0,"deltaY":0,"duration":0,"origin":{"element-6066-11e4-a52e-4f735466cecf":"f.E62CCC3EBD73CC3434E37D87B2A77947.d.CBBBD7AA681185123A2CB4D8E4D86EF7.e.13405"}}]}]}
COMMAND: GET /session/848251078812a197579c886f13255d0c/screenshot - {}
RESULT: {}
COMMAND: POST /session/848251078812a197579c886f13255d0c/execute/sync - {"script":"<script> [79 bytes]","args":[{"element-6066-11e4-a52e-4f735466cecf":"f.E62CCC3EBD73CC3434E37D87B2A77947.d.CBBBD7AA681185123A2CB4D8E4D86EF7.e.13405","ELEMENT":"f.E62CCC3EBD73CC3434E37D87B2A77947.d.CBBBD7AA681185123A2CB4D8E4D86EF7.e.13405"},{"block":"start","inline":"nearest"}]}
RESULT: {"script":"<script> [79 bytes]","args":[{"element-6066-11e4-a52e-4f735466cecf":"f.E62CCC3EBD73CC3434E37D87B2A77947.d.CBBBD7AA681185123A2CB4D8E4D86EF7.e.13405","ELEMENT":"f.E62CCC3EBD73CC3434E37D87B2A77947.d.CBBBD7AA681185123A2CB4D8E4D86EF7.e.13405"},{"block":"start","inline":"nearest"}]}
COMMAND: GET /session/848251078812a197579c886f13255d0c/screenshot - {}
RESULT: {}
COMMAND: POST /session/848251078812a197579c886f13255d0c/element/f.E62CCC3EBD73CC3434E37D87B2A77947.d.CBBBD7AA681185123A2CB4D8E4D86EF7.e.13405/click - {}
RESULT: {}
COMMAND: GET /session/848251078812a197579c886f13255d0c/screenshot - {}
RESULT: {}
COMMAND: POST /session/848251078812a197579c886f13255d0c/execute/async - {"script":"<script> [1562 bytes]","args":[{"selector":{"controlType":"sap.m.SearchField","properties":{"placeholder":"Search"},"searchOpenDialogs":true,"interaction":{"idSuffix":"I"}},"wdio_ui5_key":"sapm.SearchField{\"placeholder\":\"Search\"}"}]}
RESULT: {"script":"<script> [1562 bytes]","args":[{"selector":{"controlType":"sap.m.SearchField","properties":{"placeholder":"Search"},"searchOpenDialogs":true,"interaction":{"idSuffix":"I"}},"wdio_ui5_key":"sapm.SearchField{\"placeholder\":\"Search\"}"}]}
RESULT: undefined
COMMAND: POST /session/848251078812a197579c886f13255d0c/execute/async - {"script":"<script> [776 bytes]","args":[{"enterText":"4000360","selector":{"controlType":"sap.m.SearchField","properties":{"placeholder":"Search"},"searchOpenDialogs":true,"interaction":{"idSuffix":"I"}},"clearTextFirst":true,"interactionType":"ENTER_TEXT"}]}
RESULT: {"script":"<script> [776 bytes]","args":[{"enterText":"4000360","selector":{"controlType":"sap.m.SearchField","properties":{"placeholder":"Search"},"searchOpenDialogs":true,"interaction":{"idSuffix":"I"}},"clearTextFirst":true,"interactionType":"ENTER_TEXT"}]}
COMMAND: POST /session/848251078812a197579c886f13255d0c/actions - {"actions":[{"id":"action46","type":"key","parameters":{},"actions":[{"type":"keyDown","value":"î€‡"},{"type":"pause","duration":10},{"type":"keyUp","value":"î€‡"}]}]}
RESULT: {"actions":[{"id":"action46","type":"key","parameters":{},"actions":[{"type":"keyDown","value":"î€‡"},{"type":"pause","duration":10},{"type":"keyUp","value":"î€‡"}]}]}
COMMAND: GET /session/848251078812a197579c886f13255d0c/screenshot - {}
RESULT: {}
COMMAND: POST /session/848251078812a197579c886f13255d0c/element - {"using":"xpath","value":"//td/div/span[contains(text(), \"BGL Vehicles\")]"}
RESULT: {"using":"xpath","value":"//td/div/span[contains(text(), \"BGL Vehicles\")]"}
COMMAND: POST /session/848251078812a197579c886f13255d0c/element/f.E62CCC3EBD73CC3434E37D87B2A77947.d.CBBBD7AA681185123A2CB4D8E4D86EF7.e.13426/click - {}
RESULT: {}
COMMAND: GET /session/848251078812a197579c886f13255d0c/screenshot - {}
RESULT: {}
COMMAND: POST /session/848251078812a197579c886f13255d0c/element - {"using":"xpath","value":"//bdi[contains(text(), \"OK\")]"}
RESULT: {"using":"xpath","value":"//bdi[contains(text(), \"OK\")]"}
COMMAND: POST /session/848251078812a197579c886f13255d0c/element/f.E62CCC3EBD73CC3434E37D87B2A77947.d.CBBBD7AA681185123A2CB4D8E4D86EF7.e.13427/click - {}
RESULT: {}
COMMAND: GET /session/848251078812a197579c886f13255d0c/screenshot - {}
RESULT: {}
COMMAND: POST /session/848251078812a197579c886f13255d0c/element - {"using":"xpath","value":"//label[contains(@class, 'sapMLabelRequired') and .//bdi[contains(text(), 'Planned Retirement')]]"}
RESULT: {"using":"xpath","value":"//label[contains(@class, 'sapMLabelRequired') and .//bdi[contains(text(), 'Planned Retirement')]]"}
COMMAND: POST /session/848251078812a197579c886f13255d0c/elements - {"using":"xpath","value":"//label[contains(@class, 'sapMLabelRequired') and .//bdi[contains(text(), 'Planned Retirement')]]"}
RESULT: {"using":"xpath","value":"//label[contains(@class, 'sapMLabelRequired') and .//bdi[contains(text(), 'Planned Retirement')]]"}
COMMAND: POST /session/848251078812a197579c886f13255d0c/element - {"using":"xpath","value":"//button[@data-kt=\"resourceUnitSaveButton\"]"}
RESULT: {"using":"xpath","value":"//button[@data-kt=\"resourceUnitSaveButton\"]"}
COMMAND: POST /session/848251078812a197579c886f13255d0c/element/f.E62CCC3EBD73CC3434E37D87B2A77947.d.CBBBD7AA681185123A2CB4D8E4D86EF7.e.13259/click - {}
RESULT: {}
COMMAND: GET /session/848251078812a197579c886f13255d0c/screenshot - {}
RESULT: {}
COMMAND: POST /session/848251078812a197579c886f13255d0c/element - {"using":"xpath","value":"//bdi[contains(text(), \"Close\")]"}
RESULT: {"using":"xpath","value":"//bdi[contains(text(), \"Close\")]"}
COMMAND: POST /session/848251078812a197579c886f13255d0c/element/f.E62CCC3EBD73CC3434E37D87B2A77947.d.CBBBD7AA681185123A2CB4D8E4D86EF7.e.13433/click - {}
RESULT: {}
COMMAND: GET /session/848251078812a197579c886f13255d0c/screenshot - {}
RESULT: {}
COMMAND: POST /session/848251078812a197579c886f13255d0c/element - {"using":"xpath","value":"//header[contains(@id, 'detailRruPage-headerTitle')]/div[1]/div[2]/div[2]/span[1]"}
RESULT: {"using":"xpath","value":"//header[contains(@id, 'detailRruPage-headerTitle')]/div[1]/div[2]/div[2]/span[1]"}
COMMAND: POST /session/848251078812a197579c886f13255d0c/elements - {"using":"xpath","value":"//header[contains(@id, 'detailRruPage-headerTitle')]/div[1]/div[2]/div[2]/span[1]"}
RESULT: {"using":"xpath","value":"//header[contains(@id, 'detailRruPage-headerTitle')]/div[1]/div[2]/div[2]/span[1]"}
COMMAND: POST /session/848251078812a197579c886f13255d0c/execute/sync - {"script":"<script> [56 bytes]","args":[{"element-6066-11e4-a52e-4f735466cecf":"f.E62CCC3EBD73CC3434E37D87B2A77947.d.CBBBD7AA681185123A2CB4D8E4D86EF7.e.13464","ELEMENT":"f.E62CCC3EBD73CC3434E37D87B2A77947.d.CBBBD7AA681185123A2CB4D8E4D86EF7.e.13464"}]}
RESULT: {"script":"<script> [56 bytes]","args":[{"element-6066-11e4-a52e-4f735466cecf":"f.E62CCC3EBD73CC3434E37D87B2A77947.d.CBBBD7AA681185123A2CB4D8E4D86EF7.e.13464","ELEMENT":"f.E62CCC3EBD73CC3434E37D87B2A77947.d.CBBBD7AA681185123A2CB4D8E4D86EF7.e.13464"}]}
COMMAND: POST /session/848251078812a197579c886f13255d0c/element - {"using":"css selector","value":"#shell-header-logo"}
COMMAND: GET /session/848251078812a197579c886f13255d0c/screenshot - {}
RESULT: {"using":"css selector","value":"#shell-header-logo"}
COMMAND: POST /session/848251078812a197579c886f13255d0c/element/f.E62CCC3EBD73CC3434E37D87B2A77947.d.CBBBD7AA681185123A2CB4D8E4D86EF7.e.12723/click - {}
RESULT: {}
RESULT: {}
COMMAND: GET /session/848251078812a197579c886f13255d0c/screenshot - {}
RESULT: {}
]]></system-out>
    </testcase>
    <testcase classname="chrome.136_0_7103_93.windows.Create_masterdata_for_Yard_Overview_-_trigger_provide_US130988" name="Bin Status Report Should Create New Organization yard" time="0.004" />
    <testcase classname="chrome.136_0_7103_93.windows.Create_masterdata_for_Yard_Overview_-_trigger_provide_US130988" name="Create a Warehouse Movement for created yard" time="46.975">
      <system-out><![CDATA[
COMMAND: POST /session/848251078812a197579c886f13255d0c/execute/async - {"script":"<script> [1562 bytes]","args":[{"selector":{"controlType":"sap.m.GenericTile","properties":{"header":"Manage Warehouse Movements"}},"wdio_ui5_key":"sapm.GenericTile{\"header\":\"Manage Warehouse Movements\"}"}]}
RESULT: {"script":"<script> [1562 bytes]","args":[{"selector":{"controlType":"sap.m.GenericTile","properties":{"header":"Manage Warehouse Movements"}},"wdio_ui5_key":"sapm.GenericTile{\"header\":\"Manage Warehouse Movements\"}"}]}
RESULT: undefined
COMMAND: POST /session/848251078812a197579c886f13255d0c/element - {"using":"xpath","value":"//*[@id=\"__tile105\"]"}
RESULT: {"using":"xpath","value":"//*[@id=\"__tile105\"]"}
COMMAND: POST /session/848251078812a197579c886f13255d0c/element/f.E62CCC3EBD73CC3434E37D87B2A77947.d.CBBBD7AA681185123A2CB4D8E4D86EF7.e.13466/click - {}
RESULT: {}
COMMAND: POST /session/848251078812a197579c886f13255d0c/element - {"using":"xpath","value":"//input[@id='application-warehousemovements-display-component---warehouseMovements--smartFilterBar-filterItemControl_BASIC-YARD-inner']"}
COMMAND: GET /session/848251078812a197579c886f13255d0c/screenshot - {}
RESULT: {"using":"xpath","value":"//input[@id='application-warehousemovements-display-component---warehouseMovements--smartFilterBar-filterItemControl_BASIC-YARD-inner']"}
COMMAND: POST /session/848251078812a197579c886f13255d0c/elements - {"using":"xpath","value":"//input[@id='application-warehousemovements-display-component---warehouseMovements--smartFilterBar-filterItemControl_BASIC-YARD-inner']"}
RESULT: {}
RESULT: {"using":"xpath","value":"//input[@id='application-warehousemovements-display-component---warehouseMovements--smartFilterBar-filterItemControl_BASIC-YARD-inner']"}
COMMAND: POST /session/848251078812a197579c886f13255d0c/elements - {"using":"xpath","value":"//input[@id='application-warehousemovements-display-component---warehouseMovements--smartFilterBar-filterItemControl_BASIC-YARD-inner']"}
RESULT: {"using":"xpath","value":"//input[@id='application-warehousemovements-display-component---warehouseMovements--smartFilterBar-filterItemControl_BASIC-YARD-inner']"}
COMMAND: POST /session/848251078812a197579c886f13255d0c/element - {"using":"xpath","value":"//input[@id='application-warehousemovements-display-component---warehouseMovements--smartFilterBar-filterItemControl_BASIC-YARD-inner']"}
RESULT: {"using":"xpath","value":"//input[@id='application-warehousemovements-display-component---warehouseMovements--smartFilterBar-filterItemControl_BASIC-YARD-inner']"}
COMMAND: POST /session/848251078812a197579c886f13255d0c/execute/sync - {"script":"<script> [8489 bytes]","args":[{"element-6066-11e4-a52e-4f735466cecf":"f.E62CCC3EBD73CC3434E37D87B2A77947.d.CBBBD7AA681185123A2CB4D8E4D86EF7.e.13475","ELEMENT":"f.E62CCC3EBD73CC3434E37D87B2A77947.d.CBBBD7AA681185123A2CB4D8E4D86EF7.e.13475"}]}
RESULT: {"script":"<script> [8489 bytes]","args":[{"element-6066-11e4-a52e-4f735466cecf":"f.E62CCC3EBD73CC3434E37D87B2A77947.d.CBBBD7AA681185123A2CB4D8E4D86EF7.e.13475","ELEMENT":"f.E62CCC3EBD73CC3434E37D87B2A77947.d.CBBBD7AA681185123A2CB4D8E4D86EF7.e.13475"}]}
COMMAND: GET /session/848251078812a197579c886f13255d0c/element/f.E62CCC3EBD73CC3434E37D87B2A77947.d.CBBBD7AA681185123A2CB4D8E4D86EF7.e.13475/enabled - {}
COMMAND: GET /session/848251078812a197579c886f13255d0c/screenshot - {}
RESULT: {}
COMMAND: POST /session/848251078812a197579c886f13255d0c/execute/sync - {"script":"<script> [8489 bytes]","args":[{"element-6066-11e4-a52e-4f735466cecf":"f.E62CCC3EBD73CC3434E37D87B2A77947.d.CBBBD7AA681185123A2CB4D8E4D86EF7.e.13475","ELEMENT":"f.E62CCC3EBD73CC3434E37D87B2A77947.d.CBBBD7AA681185123A2CB4D8E4D86EF7.e.13475"}]}
COMMAND: GET /session/848251078812a197579c886f13255d0c/screenshot - {}
RESULT: {}
RESULT: {"script":"<script> [8489 bytes]","args":[{"element-6066-11e4-a52e-4f735466cecf":"f.E62CCC3EBD73CC3434E37D87B2A77947.d.CBBBD7AA681185123A2CB4D8E4D86EF7.e.13475","ELEMENT":"f.E62CCC3EBD73CC3434E37D87B2A77947.d.CBBBD7AA681185123A2CB4D8E4D86EF7.e.13475"}]}
COMMAND: POST /session/848251078812a197579c886f13255d0c/execute/sync - {"script":"<script> [5351 bytes]","args":[{"element-6066-11e4-a52e-4f735466cecf":"f.E62CCC3EBD73CC3434E37D87B2A77947.d.CBBBD7AA681185123A2CB4D8E4D86EF7.e.13475","ELEMENT":"f.E62CCC3EBD73CC3434E37D87B2A77947.d.CBBBD7AA681185123A2CB4D8E4D86EF7.e.13475"}]}
COMMAND: GET /session/848251078812a197579c886f13255d0c/screenshot - {}
RESULT: {}
RESULT: {"script":"<script> [5351 bytes]","args":[{"element-6066-11e4-a52e-4f735466cecf":"f.E62CCC3EBD73CC3434E37D87B2A77947.d.CBBBD7AA681185123A2CB4D8E4D86EF7.e.13475","ELEMENT":"f.E62CCC3EBD73CC3434E37D87B2A77947.d.CBBBD7AA681185123A2CB4D8E4D86EF7.e.13475"}]}
COMMAND: GET /session/848251078812a197579c886f13255d0c/screenshot - {}
RESULT: {}
RESULT: {}
COMMAND: POST /session/848251078812a197579c886f13255d0c/element/f.E62CCC3EBD73CC3434E37D87B2A77947.d.CBBBD7AA681185123A2CB4D8E4D86EF7.e.13475/clear - {}
RESULT: {}
COMMAND: POST /session/848251078812a197579c886f13255d0c/element/f.E62CCC3EBD73CC3434E37D87B2A77947.d.CBBBD7AA681185123A2CB4D8E4D86EF7.e.13475/value - {"text":"639"}
COMMAND: GET /session/848251078812a197579c886f13255d0c/screenshot - {}
RESULT: {"text":"639"}
COMMAND: POST /session/848251078812a197579c886f13255d0c/actions - {"actions":[{"id":"action47","type":"key","parameters":{},"actions":[{"type":"keyDown","value":"î€‡"},{"type":"pause","duration":10},{"type":"keyUp","value":"î€‡"}]}]}
COMMAND: GET /session/848251078812a197579c886f13255d0c/screenshot - {}
RESULT: {}
RESULT: {"actions":[{"id":"action47","type":"key","parameters":{},"actions":[{"type":"keyDown","value":"î€‡"},{"type":"pause","duration":10},{"type":"keyUp","value":"î€‡"}]}]}
COMMAND: GET /session/848251078812a197579c886f13255d0c/screenshot - {}
RESULT: {}
RESULT: {}
COMMAND: POST /session/848251078812a197579c886f13255d0c/element - {"using":"xpath","value":"//button[contains(@data-kt, \"MasterMovementAddOverflowToolbarButton\")]"}
RESULT: {"using":"xpath","value":"//button[contains(@data-kt, \"MasterMovementAddOverflowToolbarButton\")]"}
COMMAND: POST /session/848251078812a197579c886f13255d0c/element/f.E62CCC3EBD73CC3434E37D87B2A77947.d.CBBBD7AA681185123A2CB4D8E4D86EF7.e.13513/click - {}
RESULT: {}
COMMAND: GET /session/848251078812a197579c886f13255d0c/screenshot - {}
RESULT: {}
COMMAND: POST /session/848251078812a197579c886f13255d0c/element - {"using":"xpath","value":"//*[@id=\"application-warehousemovements-display-component---addMovement--sectionsList-arrow\"]"}
RESULT: {"using":"xpath","value":"//*[@id=\"application-warehousemovements-display-component---addMovement--sectionsList-arrow\"]"}
COMMAND: POST /session/848251078812a197579c886f13255d0c/element/f.E62CCC3EBD73CC3434E37D87B2A77947.d.CBBBD7AA681185123A2CB4D8E4D86EF7.e.13691/click - {}
RESULT: {}
COMMAND: POST /session/848251078812a197579c886f13255d0c/actions - {"actions":[{"id":"action48","type":"key","parameters":{},"actions":[{"type":"keyDown","value":"î€•"},{"type":"pause","duration":10},{"type":"keyUp","value":"î€•"}]}]}
COMMAND: GET /session/848251078812a197579c886f13255d0c/screenshot - {}
RESULT: {"actions":[{"id":"action48","type":"key","parameters":{},"actions":[{"type":"keyDown","value":"î€•"},{"type":"pause","duration":10},{"type":"keyUp","value":"î€•"}]}]}
COMMAND: GET /session/848251078812a197579c886f13255d0c/screenshot - {}
RESULT: {}
RESULT: {}
COMMAND: POST /session/848251078812a197579c886f13255d0c/actions - {"actions":[{"id":"action49","type":"key","parameters":{},"actions":[{"type":"keyDown","value":"î€‡"},{"type":"pause","duration":10},{"type":"keyUp","value":"î€‡"}]}]}
RESULT: {"actions":[{"id":"action49","type":"key","parameters":{},"actions":[{"type":"keyDown","value":"î€‡"},{"type":"pause","duration":10},{"type":"keyUp","value":"î€‡"}]}]}
COMMAND: GET /session/848251078812a197579c886f13255d0c/screenshot - {}
RESULT: {}
COMMAND: POST /session/848251078812a197579c886f13255d0c/element - {"using":"xpath","value":"//*[@id=\"application-warehousemovements-display-component---addMovement--saveMovementBtn-BDI-content\" and text()=\"Save\"]"}
RESULT: {"using":"xpath","value":"//*[@id=\"application-warehousemovements-display-component---addMovement--saveMovementBtn-BDI-content\" and text()=\"Save\"]"}
COMMAND: POST /session/848251078812a197579c886f13255d0c/element/f.E62CCC3EBD73CC3434E37D87B2A77947.d.CBBBD7AA681185123A2CB4D8E4D86EF7.e.13692/click - {}
RESULT: {}
COMMAND: GET /session/848251078812a197579c886f13255d0c/screenshot - {}
RESULT: {}
COMMAND: POST /session/848251078812a197579c886f13255d0c/element - {"using":"css selector","value":"#shell-header-logo"}
RESULT: {"using":"css selector","value":"#shell-header-logo"}
COMMAND: POST /session/848251078812a197579c886f13255d0c/element/f.E62CCC3EBD73CC3434E37D87B2A77947.d.CBBBD7AA681185123A2CB4D8E4D86EF7.e.13470/click - {}
RESULT: {}
COMMAND: GET /session/848251078812a197579c886f13255d0c/screenshot - {}
RESULT: {}
]]></system-out>
    </testcase>
  </testsuite>
  <testsuite timestamp="2025-06-04T07:07:21" time="716.186" tests="7" failures="3" errors="3" skipped="0">
    <properties>
      <property name="specId" value="0" />
      <property name="suiteName" value="Transfer Yard to Yard US131076" />
      <property name="capabilities" value="chrome.136_0_7103_93.windows" />
      <property name="file" value="file:///D:/a/1/s/test/specs/HTR/transfer-yard-to-yard.spec.js" />
    </properties>
    <testcase classname="chrome.136_0_7103_93.windows.Transfer_Yard_to_Yard_US131076" name="Should create a new yard" time="0.015">
      <system-out><![CDATA[
COMMAND: POST /session/848251078812a197579c886f13255d0c/window/fullscreen - {}
RESULT: {}
]]></system-out>
    </testcase>
    <testcase classname="chrome.136_0_7103_93.windows.Transfer_Yard_to_Yard_US131076" name="Should create a new 2nd yard" time="144.189">
      <system-out><![CDATA[
COMMAND: POST /session/848251078812a197579c886f13255d0c/window/fullscreen - {}
RESULT: {}
COMMAND: POST /session/848251078812a197579c886f13255d0c/execute/async - {"script":"<script> [1562 bytes]","args":[{"selector":{"controlType":"sap.m.GenericTile","properties":{"header":"Manage Yards"}},"wdio_ui5_key":"sapm.GenericTile{\"header\":\"Manage Yards\"}"}]}
RESULT: {"script":"<script> [1562 bytes]","args":[{"selector":{"controlType":"sap.m.GenericTile","properties":{"header":"Manage Yards"}},"wdio_ui5_key":"sapm.GenericTile{\"header\":\"Manage Yards\"}"}]}
RESULT: undefined
COMMAND: POST /session/848251078812a197579c886f13255d0c/element - {"using":"xpath","value":"//*[@id=\"__tile33\"]"}
RESULT: {"using":"xpath","value":"//*[@id=\"__tile33\"]"}
COMMAND: POST /session/848251078812a197579c886f13255d0c/element/f.E62CCC3EBD73CC3434E37D87B2A77947.d.4857C9466E477EA412DD9797E2BED68A.e.14322/click - {}
RESULT: {}
COMMAND: GET /session/848251078812a197579c886f13255d0c/screenshot - {}
RESULT: {}
COMMAND: POST /session/848251078812a197579c886f13255d0c/elements - {"using":"xpath","value":"//span[text()='Error']"}
RESULT: {"using":"xpath","value":"//span[text()='Error']"}
COMMAND: POST /session/848251078812a197579c886f13255d0c/element - {"using":"xpath","value":"//button[@data-kt=\"addNewYardOverflowToolbarButton\"]"}
RESULT: {"using":"xpath","value":"//button[@data-kt=\"addNewYardOverflowToolbarButton\"]"}
COMMAND: POST /session/848251078812a197579c886f13255d0c/elements - {"using":"xpath","value":"//button[@data-kt=\"addNewYardOverflowToolbarButton\"]"}
RESULT: {"using":"xpath","value":"//button[@data-kt=\"addNewYardOverflowToolbarButton\"]"}
COMMAND: POST /session/848251078812a197579c886f13255d0c/elements - {"using":"xpath","value":"//button[@data-kt=\"addNewYardOverflowToolbarButton\"]"}
RESULT: {"using":"xpath","value":"//button[@data-kt=\"addNewYardOverflowToolbarButton\"]"}
COMMAND: POST /session/848251078812a197579c886f13255d0c/elements - {"using":"xpath","value":"//button[@data-kt=\"addNewYardOverflowToolbarButton\"]"}
RESULT: {"using":"xpath","value":"//button[@data-kt=\"addNewYardOverflowToolbarButton\"]"}
COMMAND: POST /session/848251078812a197579c886f13255d0c/elements - {"using":"xpath","value":"//button[@data-kt=\"addNewYardOverflowToolbarButton\"]"}
RESULT: {"using":"xpath","value":"//button[@data-kt=\"addNewYardOverflowToolbarButton\"]"}
COMMAND: POST /session/848251078812a197579c886f13255d0c/elements - {"using":"xpath","value":"//button[@data-kt=\"addNewYardOverflowToolbarButton\"]"}
RESULT: {"using":"xpath","value":"//button[@data-kt=\"addNewYardOverflowToolbarButton\"]"}
COMMAND: POST /session/848251078812a197579c886f13255d0c/elements - {"using":"xpath","value":"//button[@data-kt=\"addNewYardOverflowToolbarButton\"]"}
RESULT: {"using":"xpath","value":"//button[@data-kt=\"addNewYardOverflowToolbarButton\"]"}
COMMAND: POST /session/848251078812a197579c886f13255d0c/elements - {"using":"xpath","value":"//button[@data-kt=\"addNewYardOverflowToolbarButton\"]"}
RESULT: {"using":"xpath","value":"//button[@data-kt=\"addNewYardOverflowToolbarButton\"]"}
COMMAND: POST /session/848251078812a197579c886f13255d0c/elements - {"using":"xpath","value":"//button[@data-kt=\"addNewYardOverflowToolbarButton\"]"}
RESULT: {"using":"xpath","value":"//button[@data-kt=\"addNewYardOverflowToolbarButton\"]"}
COMMAND: POST /session/848251078812a197579c886f13255d0c/elements - {"using":"xpath","value":"//button[@data-kt=\"addNewYardOverflowToolbarButton\"]"}
RESULT: {"using":"xpath","value":"//button[@data-kt=\"addNewYardOverflowToolbarButton\"]"}
COMMAND: POST /session/848251078812a197579c886f13255d0c/elements - {"using":"xpath","value":"//button[@data-kt=\"addNewYardOverflowToolbarButton\"]"}
RESULT: {"using":"xpath","value":"//button[@data-kt=\"addNewYardOverflowToolbarButton\"]"}
COMMAND: POST /session/848251078812a197579c886f13255d0c/elements - {"using":"xpath","value":"//button[@data-kt=\"addNewYardOverflowToolbarButton\"]"}
RESULT: {"using":"xpath","value":"//button[@data-kt=\"addNewYardOverflowToolbarButton\"]"}
COMMAND: POST /session/848251078812a197579c886f13255d0c/elements - {"using":"xpath","value":"//button[@data-kt=\"addNewYardOverflowToolbarButton\"]"}
RESULT: {"using":"xpath","value":"//button[@data-kt=\"addNewYardOverflowToolbarButton\"]"}
COMMAND: POST /session/848251078812a197579c886f13255d0c/elements - {"using":"xpath","value":"//button[@data-kt=\"addNewYardOverflowToolbarButton\"]"}
RESULT: {"using":"xpath","value":"//button[@data-kt=\"addNewYardOverflowToolbarButton\"]"}
COMMAND: POST /session/848251078812a197579c886f13255d0c/elements - {"using":"xpath","value":"//button[@data-kt=\"addNewYardOverflowToolbarButton\"]"}
RESULT: {"using":"xpath","value":"//button[@data-kt=\"addNewYardOverflowToolbarButton\"]"}
COMMAND: POST /session/848251078812a197579c886f13255d0c/elements - {"using":"xpath","value":"//button[@data-kt=\"addNewYardOverflowToolbarButton\"]"}
RESULT: {"using":"xpath","value":"//button[@data-kt=\"addNewYardOverflowToolbarButton\"]"}
COMMAND: POST /session/848251078812a197579c886f13255d0c/elements - {"using":"xpath","value":"//button[@data-kt=\"addNewYardOverflowToolbarButton\"]"}
RESULT: {"using":"xpath","value":"//button[@data-kt=\"addNewYardOverflowToolbarButton\"]"}
COMMAND: POST /session/848251078812a197579c886f13255d0c/elements - {"using":"xpath","value":"//button[@data-kt=\"addNewYardOverflowToolbarButton\"]"}
RESULT: {"using":"xpath","value":"//button[@data-kt=\"addNewYardOverflowToolbarButton\"]"}
COMMAND: POST /session/848251078812a197579c886f13255d0c/elements - {"using":"xpath","value":"//button[@data-kt=\"addNewYardOverflowToolbarButton\"]"}
RESULT: {"using":"xpath","value":"//button[@data-kt=\"addNewYardOverflowToolbarButton\"]"}
COMMAND: POST /session/848251078812a197579c886f13255d0c/elements - {"using":"xpath","value":"//button[@data-kt=\"addNewYardOverflowToolbarButton\"]"}
RESULT: {"using":"xpath","value":"//button[@data-kt=\"addNewYardOverflowToolbarButton\"]"}
COMMAND: POST /session/848251078812a197579c886f13255d0c/elements - {"using":"xpath","value":"//button[@data-kt=\"addNewYardOverflowToolbarButton\"]"}
RESULT: {"using":"xpath","value":"//button[@data-kt=\"addNewYardOverflowToolbarButton\"]"}
COMMAND: POST /session/848251078812a197579c886f13255d0c/elements - {"using":"xpath","value":"//button[@data-kt=\"addNewYardOverflowToolbarButton\"]"}
RESULT: {"using":"xpath","value":"//button[@data-kt=\"addNewYardOverflowToolbarButton\"]"}
COMMAND: POST /session/848251078812a197579c886f13255d0c/elements - {"using":"xpath","value":"//button[@data-kt=\"addNewYardOverflowToolbarButton\"]"}
RESULT: {"using":"xpath","value":"//button[@data-kt=\"addNewYardOverflowToolbarButton\"]"}
COMMAND: POST /session/848251078812a197579c886f13255d0c/elements - {"using":"xpath","value":"//button[@data-kt=\"addNewYardOverflowToolbarButton\"]"}
RESULT: {"using":"xpath","value":"//button[@data-kt=\"addNewYardOverflowToolbarButton\"]"}
COMMAND: POST /session/848251078812a197579c886f13255d0c/elements - {"using":"xpath","value":"//button[@data-kt=\"addNewYardOverflowToolbarButton\"]"}
RESULT: {"using":"xpath","value":"//button[@data-kt=\"addNewYardOverflowToolbarButton\"]"}
COMMAND: POST /session/848251078812a197579c886f13255d0c/elements - {"using":"xpath","value":"//button[@data-kt=\"addNewYardOverflowToolbarButton\"]"}
RESULT: {"using":"xpath","value":"//button[@data-kt=\"addNewYardOverflowToolbarButton\"]"}
COMMAND: POST /session/848251078812a197579c886f13255d0c/elements - {"using":"xpath","value":"//button[@data-kt=\"addNewYardOverflowToolbarButton\"]"}
RESULT: {"using":"xpath","value":"//button[@data-kt=\"addNewYardOverflowToolbarButton\"]"}
COMMAND: POST /session/848251078812a197579c886f13255d0c/element - {"using":"xpath","value":"//button[@data-kt=\"addNewYardOverflowToolbarButton\"]"}
RESULT: {"using":"xpath","value":"//button[@data-kt=\"addNewYardOverflowToolbarButton\"]"}
COMMAND: POST /session/848251078812a197579c886f13255d0c/execute/sync - {"script":"<script> [8489 bytes]","args":[{"element-6066-11e4-a52e-4f735466cecf":"f.E62CCC3EBD73CC3434E37D87B2A77947.d.4857C9466E477EA412DD9797E2BED68A.e.14447","ELEMENT":"f.E62CCC3EBD73CC3434E37D87B2A77947.d.4857C9466E477EA412DD9797E2BED68A.e.14447"}]}
RESULT: {"script":"<script> [8489 bytes]","args":[{"element-6066-11e4-a52e-4f735466cecf":"f.E62CCC3EBD73CC3434E37D87B2A77947.d.4857C9466E477EA412DD9797E2BED68A.e.14447","ELEMENT":"f.E62CCC3EBD73CC3434E37D87B2A77947.d.4857C9466E477EA412DD9797E2BED68A.e.14447"}]}
COMMAND: GET /session/848251078812a197579c886f13255d0c/element/f.E62CCC3EBD73CC3434E37D87B2A77947.d.4857C9466E477EA412DD9797E2BED68A.e.14447/enabled - {}
COMMAND: GET /session/848251078812a197579c886f13255d0c/screenshot - {}
RESULT: {}
COMMAND: POST /session/848251078812a197579c886f13255d0c/execute/sync - {"script":"<script> [8489 bytes]","args":[{"element-6066-11e4-a52e-4f735466cecf":"f.E62CCC3EBD73CC3434E37D87B2A77947.d.4857C9466E477EA412DD9797E2BED68A.e.14447","ELEMENT":"f.E62CCC3EBD73CC3434E37D87B2A77947.d.4857C9466E477EA412DD9797E2BED68A.e.14447"}]}
COMMAND: GET /session/848251078812a197579c886f13255d0c/screenshot - {}
RESULT: {}
RESULT: {"script":"<script> [8489 bytes]","args":[{"element-6066-11e4-a52e-4f735466cecf":"f.E62CCC3EBD73CC3434E37D87B2A77947.d.4857C9466E477EA412DD9797E2BED68A.e.14447","ELEMENT":"f.E62CCC3EBD73CC3434E37D87B2A77947.d.4857C9466E477EA412DD9797E2BED68A.e.14447"}]}
COMMAND: POST /session/848251078812a197579c886f13255d0c/execute/sync - {"script":"<script> [5351 bytes]","args":[{"element-6066-11e4-a52e-4f735466cecf":"f.E62CCC3EBD73CC3434E37D87B2A77947.d.4857C9466E477EA412DD9797E2BED68A.e.14447","ELEMENT":"f.E62CCC3EBD73CC3434E37D87B2A77947.d.4857C9466E477EA412DD9797E2BED68A.e.14447"}]}
COMMAND: GET /session/848251078812a197579c886f13255d0c/screenshot - {}
RESULT: {}
RESULT: {"script":"<script> [5351 bytes]","args":[{"element-6066-11e4-a52e-4f735466cecf":"f.E62CCC3EBD73CC3434E37D87B2A77947.d.4857C9466E477EA412DD9797E2BED68A.e.14447","ELEMENT":"f.E62CCC3EBD73CC3434E37D87B2A77947.d.4857C9466E477EA412DD9797E2BED68A.e.14447"}]}
COMMAND: POST /session/848251078812a197579c886f13255d0c/element/f.E62CCC3EBD73CC3434E37D87B2A77947.d.4857C9466E477EA412DD9797E2BED68A.e.14447/click - {}
COMMAND: GET /session/848251078812a197579c886f13255d0c/screenshot - {}
RESULT: {}
RESULT: {}
COMMAND: GET /session/848251078812a197579c886f13255d0c/screenshot - {}
RESULT: {}
COMMAND: POST /session/848251078812a197579c886f13255d0c/element - {"using":"xpath","value":"//input[@id=\"application-manageyards-display-component---NewYard--yardId-inner\"]"}
RESULT: {}
RESULT: {"using":"xpath","value":"//input[@id=\"application-manageyards-display-component---NewYard--yardId-inner\"]"}
COMMAND: POST /session/848251078812a197579c886f13255d0c/element - {"using":"xpath","value":"//input[@id=\"application-manageyards-display-component---NewYard--yardId-inner\"]"}
RESULT: {"using":"xpath","value":"//input[@id=\"application-manageyards-display-component---NewYard--yardId-inner\"]"}
COMMAND: POST /session/848251078812a197579c886f13255d0c/execute/async - {"script":"<script> [1562 bytes]","args":[{"selector":{"id":"application-manageyards-display-component---NewYard--addressDetailDetailsName1","interaction":{"idSuffix":"inner"}},"wdio_ui5_key":"applicationmanageyards-display-component---NewYard--addressDetailDetailsName1"}]}
RESULT: {"script":"<script> [1562 bytes]","args":[{"selector":{"id":"application-manageyards-display-component---NewYard--addressDetailDetailsName1","interaction":{"idSuffix":"inner"}},"wdio_ui5_key":"applicationmanageyards-display-component---NewYard--addressDetailDetailsName1"}]}
RESULT: undefined
COMMAND: POST /session/848251078812a197579c886f13255d0c/execute/async - {"script":"<script> [776 bytes]","args":[{"enterText":"Intracompany Yard wdIO","selector":{"id":"application-manageyards-display-component---NewYard--addressDetailDetailsName1","interaction":{"idSuffix":"inner"}},"clearTextFirst":true,"interactionType":"ENTER_TEXT"}]}
RESULT: {"script":"<script> [776 bytes]","args":[{"enterText":"Intracompany Yard wdIO","selector":{"id":"application-manageyards-display-component---NewYard--addressDetailDetailsName1","interaction":{"idSuffix":"inner"}},"clearTextFirst":true,"interactionType":"ENTER_TEXT"}]}
COMMAND: POST /session/848251078812a197579c886f13255d0c/execute/async - {"script":"<script> [1562 bytes]","args":[{"selector":{"id":"application-manageyards-display-component---NewYard--addressDetailDetailsLanguage-arrow"},"wdio_ui5_key":"applicationmanageyards-display-component---NewYard--addressDetailDetailsLanguage-arrow"}]}
RESULT: {"script":"<script> [1562 bytes]","args":[{"selector":{"id":"application-manageyards-display-component---NewYard--addressDetailDetailsLanguage-arrow"},"wdio_ui5_key":"applicationmanageyards-display-component---NewYard--addressDetailDetailsLanguage-arrow"}]}
RESULT: undefined
COMMAND: POST /session/848251078812a197579c886f13255d0c/element - {"using":"xpath","value":"//*[@id=\"application-manageyards-display-component---NewYard--addressDetailDetailsLanguage-arrow\"]"}
RESULT: {"using":"xpath","value":"//*[@id=\"application-manageyards-display-component---NewYard--addressDetailDetailsLanguage-arrow\"]"}
COMMAND: POST /session/848251078812a197579c886f13255d0c/element/f.E62CCC3EBD73CC3434E37D87B2A77947.d.4857C9466E477EA412DD9797E2BED68A.e.14877/click - {}
RESULT: {}
COMMAND: POST /session/848251078812a197579c886f13255d0c/element - {"using":"xpath","value":"//span[contains(text(), \"English\")]"}
COMMAND: GET /session/848251078812a197579c886f13255d0c/screenshot - {}
RESULT: {"using":"xpath","value":"//span[contains(text(), \"English\")]"}
COMMAND: POST /session/848251078812a197579c886f13255d0c/element/f.E62CCC3EBD73CC3434E37D87B2A77947.d.4857C9466E477EA412DD9797E2BED68A.e.14878/click - {}
RESULT: {}
RESULT: {}
COMMAND: POST /session/848251078812a197579c886f13255d0c/execute/async - {"script":"<script> [1562 bytes]","args":[{"selector":{"id":"application-manageyards-display-component---NewYard--addressDetailDetailsCity1","interaction":{"idSuffix":"inner"}},"wdio_ui5_key":"applicationmanageyards-display-component---NewYard--addressDetailDetailsCity1"}]}
COMMAND: GET /session/848251078812a197579c886f13255d0c/screenshot - {}
RESULT: {"script":"<script> [1562 bytes]","args":[{"selector":{"id":"application-manageyards-display-component---NewYard--addressDetailDetailsCity1","interaction":{"idSuffix":"inner"}},"wdio_ui5_key":"applicationmanageyards-display-component---NewYard--addressDetailDetailsCity1"}]}
RESULT: undefined
COMMAND: POST /session/848251078812a197579c886f13255d0c/execute/async - {"script":"<script> [776 bytes]","args":[{"enterText":"Rosario","selector":{"id":"application-manageyards-display-component---NewYard--addressDetailDetailsCity1","interaction":{"idSuffix":"inner"}},"clearTextFirst":true,"interactionType":"ENTER_TEXT"}]}
RESULT: {}
RESULT: {"script":"<script> [776 bytes]","args":[{"enterText":"Rosario","selector":{"id":"application-manageyards-display-component---NewYard--addressDetailDetailsCity1","interaction":{"idSuffix":"inner"}},"clearTextFirst":true,"interactionType":"ENTER_TEXT"}]}
COMMAND: POST /session/848251078812a197579c886f13255d0c/execute/async - {"script":"<script> [1562 bytes]","args":[{"selector":{"id":"application-manageyards-display-component---NewYard--addressDetailDetailsCountry-arrow"},"wdio_ui5_key":"applicationmanageyards-display-component---NewYard--addressDetailDetailsCountry-arrow"}]}
RESULT: {"script":"<script> [1562 bytes]","args":[{"selector":{"id":"application-manageyards-display-component---NewYard--addressDetailDetailsCountry-arrow"},"wdio_ui5_key":"applicationmanageyards-display-component---NewYard--addressDetailDetailsCountry-arrow"}]}
RESULT: undefined
COMMAND: POST /session/848251078812a197579c886f13255d0c/element - {"using":"xpath","value":"//*[@id=\"application-manageyards-display-component---NewYard--addressDetailDetailsCountry-arrow\"]"}
RESULT: {"using":"xpath","value":"//*[@id=\"application-manageyards-display-component---NewYard--addressDetailDetailsCountry-arrow\"]"}
COMMAND: POST /session/848251078812a197579c886f13255d0c/element/f.E62CCC3EBD73CC3434E37D87B2A77947.d.4857C9466E477EA412DD9797E2BED68A.e.14880/click - {}
RESULT: {}
COMMAND: POST /session/848251078812a197579c886f13255d0c/element - {"using":"xpath","value":"//span[contains(text(), \"Argentina\")]"}
COMMAND: GET /session/848251078812a197579c886f13255d0c/screenshot - {}
RESULT: {"using":"xpath","value":"//span[contains(text(), \"Argentina\")]"}
COMMAND: POST /session/848251078812a197579c886f13255d0c/element/f.E62CCC3EBD73CC3434E37D87B2A77947.d.4857C9466E477EA412DD9797E2BED68A.e.14882/click - {}
RESULT: {}
RESULT: {}
COMMAND: POST /session/848251078812a197579c886f13255d0c/execute/async - {"script":"<script> [1562 bytes]","args":[{"selector":{"id":"application-manageyards-display-component---NewYard--addressEditDetailsCostObjectCstType-arrow"},"wdio_ui5_key":"applicationmanageyards-display-component---NewYard--addressEditDetailsCostObjectCstType-arrow"}]}
COMMAND: GET /session/848251078812a197579c886f13255d0c/screenshot - {}
RESULT: {"script":"<script> [1562 bytes]","args":[{"selector":{"id":"application-manageyards-display-component---NewYard--addressEditDetailsCostObjectCstType-arrow"},"wdio_ui5_key":"applicationmanageyards-display-component---NewYard--addressEditDetailsCostObjectCstType-arrow"}]}
RESULT: undefined
COMMAND: POST /session/848251078812a197579c886f13255d0c/element - {"using":"xpath","value":"//*[@id=\"application-manageyards-display-component---NewYard--addressEditDetailsCostObjectCstType-arrow\"]"}
RESULT: {}
RESULT: {"using":"xpath","value":"//*[@id=\"application-manageyards-display-component---NewYard--addressEditDetailsCostObjectCstType-arrow\"]"}
COMMAND: POST /session/848251078812a197579c886f13255d0c/element/f.E62CCC3EBD73CC3434E37D87B2A77947.d.4857C9466E477EA412DD9797E2BED68A.e.14883/click - {}
RESULT: {}
COMMAND: POST /session/848251078812a197579c886f13255d0c/element - {"using":"xpath","value":"//span[contains(text(), \"Cost Center\")]"}
COMMAND: GET /session/848251078812a197579c886f13255d0c/screenshot - {}
RESULT: {"using":"xpath","value":"//span[contains(text(), \"Cost Center\")]"}
COMMAND: POST /session/848251078812a197579c886f13255d0c/element/f.E62CCC3EBD73CC3434E37D87B2A77947.d.4857C9466E477EA412DD9797E2BED68A.e.14884/click - {}
RESULT: {}
RESULT: {}
COMMAND: GET /session/848251078812a197579c886f13255d0c/screenshot - {}
RESULT: {}
COMMAND: POST /session/848251078812a197579c886f13255d0c/element - {"using":"xpath","value":"//span[@id=\"application-manageyards-display-component---NewYard--addressNewCostObjectCstID-vhi\"]"}
RESULT: {"using":"xpath","value":"//span[@id=\"application-manageyards-display-component---NewYard--addressNewCostObjectCstID-vhi\"]"}
COMMAND: POST /session/848251078812a197579c886f13255d0c/execute/sync - {"script":"<script> [8489 bytes]","args":[{"element-6066-11e4-a52e-4f735466cecf":"f.E62CCC3EBD73CC3434E37D87B2A77947.d.4857C9466E477EA412DD9797E2BED68A.e.14888","ELEMENT":"f.E62CCC3EBD73CC3434E37D87B2A77947.d.4857C9466E477EA412DD9797E2BED68A.e.14888"}]}
RESULT: {"script":"<script> [8489 bytes]","args":[{"element-6066-11e4-a52e-4f735466cecf":"f.E62CCC3EBD73CC3434E37D87B2A77947.d.4857C9466E477EA412DD9797E2BED68A.e.14888","ELEMENT":"f.E62CCC3EBD73CC3434E37D87B2A77947.d.4857C9466E477EA412DD9797E2BED68A.e.14888"}]}
COMMAND: POST /session/848251078812a197579c886f13255d0c/execute/async - {"script":"<script> [1562 bytes]","args":[{"selector":{"id":"application-manageyards-display-component---NewYard--addressNewCostObjectCstID-vhi"},"wdio_ui5_key":"applicationmanageyards-display-component---NewYard--addressNewCostObjectCstID-vhi"}]}
COMMAND: GET /session/848251078812a197579c886f13255d0c/screenshot - {}
RESULT: {"script":"<script> [1562 bytes]","args":[{"selector":{"id":"application-manageyards-display-component---NewYard--addressNewCostObjectCstID-vhi"},"wdio_ui5_key":"applicationmanageyards-display-component---NewYard--addressNewCostObjectCstID-vhi"}]}
RESULT: undefined
COMMAND: POST /session/848251078812a197579c886f13255d0c/element - {"using":"xpath","value":"//*[@id=\"application-manageyards-display-component---NewYard--addressNewCostObjectCstID-vhi\"]"}
RESULT: {}
RESULT: {"using":"xpath","value":"//*[@id=\"application-manageyards-display-component---NewYard--addressNewCostObjectCstID-vhi\"]"}
COMMAND: POST /session/848251078812a197579c886f13255d0c/element/f.E62CCC3EBD73CC3434E37D87B2A77947.d.4857C9466E477EA412DD9797E2BED68A.e.14888/click - {}
RESULT: {}
COMMAND: GET /session/848251078812a197579c886f13255d0c/screenshot - {}
RESULT: {}
COMMAND: POST /session/848251078812a197579c886f13255d0c/execute/async - {"script":"<script> [1562 bytes]","args":[{"selector":{"controlType":"sap.m.SearchField","properties":{"placeholder":"Search"},"searchOpenDialogs":true,"interaction":{"idSuffix":"I"}},"wdio_ui5_key":"sapm.SearchField{\"placeholder\":\"Search\"}"}]}
RESULT: {"script":"<script> [1562 bytes]","args":[{"selector":{"controlType":"sap.m.SearchField","properties":{"placeholder":"Search"},"searchOpenDialogs":true,"interaction":{"idSuffix":"I"}},"wdio_ui5_key":"sapm.SearchField{\"placeholder\":\"Search\"}"}]}
RESULT: undefined
COMMAND: POST /session/848251078812a197579c886f13255d0c/execute/async - {"script":"<script> [776 bytes]","args":[{"enterText":"bauh_b","selector":{"controlType":"sap.m.SearchField","properties":{"placeholder":"Search"},"searchOpenDialogs":true,"interaction":{"idSuffix":"I"}},"clearTextFirst":true,"interactionType":"ENTER_TEXT"}]}
RESULT: {"script":"<script> [776 bytes]","args":[{"enterText":"bauh_b","selector":{"controlType":"sap.m.SearchField","properties":{"placeholder":"Search"},"searchOpenDialogs":true,"interaction":{"idSuffix":"I"}},"clearTextFirst":true,"interactionType":"ENTER_TEXT"}]}
COMMAND: POST /session/848251078812a197579c886f13255d0c/actions - {"actions":[{"id":"action51","type":"key","parameters":{},"actions":[{"type":"keyDown","value":"î€‡"},{"type":"pause","duration":10},{"type":"keyUp","value":"î€‡"}]}]}
RESULT: {"actions":[{"id":"action51","type":"key","parameters":{},"actions":[{"type":"keyDown","value":"î€‡"},{"type":"pause","duration":10},{"type":"keyUp","value":"î€‡"}]}]}
COMMAND: GET /session/848251078812a197579c886f13255d0c/screenshot - {}
RESULT: {}
COMMAND: POST /session/848251078812a197579c886f13255d0c/element - {"using":"xpath","value":"//span[contains(text(), \"Demo Yard\")]"}
RESULT: {"using":"xpath","value":"//span[contains(text(), \"Demo Yard\")]"}
COMMAND: POST /session/848251078812a197579c886f13255d0c/element/f.E62CCC3EBD73CC3434E37D87B2A77947.d.4857C9466E477EA412DD9797E2BED68A.e.14929/click - {}
RESULT: {}
COMMAND: GET /session/848251078812a197579c886f13255d0c/screenshot - {}
RESULT: {}
COMMAND: POST /session/848251078812a197579c886f13255d0c/element - {"using":"xpath","value":"//bdi[contains(text(), \"OK\")]"}
RESULT: {"using":"xpath","value":"//bdi[contains(text(), \"OK\")]"}
COMMAND: POST /session/848251078812a197579c886f13255d0c/element/f.E62CCC3EBD73CC3434E37D87B2A77947.d.4857C9466E477EA412DD9797E2BED68A.e.14930/click - {}
RESULT: {}
COMMAND: GET /session/848251078812a197579c886f13255d0c/screenshot - {}
RESULT: {}
COMMAND: POST /session/848251078812a197579c886f13255d0c/execute/async - {"script":"<script> [1562 bytes]","args":[{"selector":{"id":"application-manageyards-display-component---NewYard--addressEditDetailsCurrency-arrow"},"wdio_ui5_key":"applicationmanageyards-display-component---NewYard--addressEditDetailsCurrency-arrow"}]}
RESULT: {"script":"<script> [1562 bytes]","args":[{"selector":{"id":"application-manageyards-display-component---NewYard--addressEditDetailsCurrency-arrow"},"wdio_ui5_key":"applicationmanageyards-display-component---NewYard--addressEditDetailsCurrency-arrow"}]}
RESULT: undefined
COMMAND: POST /session/848251078812a197579c886f13255d0c/element - {"using":"xpath","value":"//*[@id=\"application-manageyards-display-component---NewYard--addressEditDetailsCurrency-arrow\"]"}
RESULT: {"using":"xpath","value":"//*[@id=\"application-manageyards-display-component---NewYard--addressEditDetailsCurrency-arrow\"]"}
COMMAND: POST /session/848251078812a197579c886f13255d0c/element/f.E62CCC3EBD73CC3434E37D87B2A77947.d.4857C9466E477EA412DD9797E2BED68A.e.14933/click - {}
RESULT: {}
COMMAND: POST /session/848251078812a197579c886f13255d0c/element - {"using":"xpath","value":"//span[contains(text(), \"Euro\")]"}
COMMAND: GET /session/848251078812a197579c886f13255d0c/screenshot - {}
RESULT: {"using":"xpath","value":"//span[contains(text(), \"Euro\")]"}
COMMAND: POST /session/848251078812a197579c886f13255d0c/element/f.E62CCC3EBD73CC3434E37D87B2A77947.d.4857C9466E477EA412DD9797E2BED68A.e.14934/click - {}
RESULT: {}
RESULT: {}
COMMAND: POST /session/848251078812a197579c886f13255d0c/execute/async - {"script":"<script> [1562 bytes]","args":[{"selector":{"controlType":"sap.m.Input","viewName":"etm.portal.ui.manageyards.view.New","viewId":"application-manageyards-display-component---NewYard","bindingPath":{"path":"","propertyPath":"/CONTROLLING_AREA","modelName":"NewYardModel"},"interaction":{"idSuffix":"inner"}},"wdio_ui5_key":"etmportal.ui.manageyards.view.Newsap.m.Input{\"path\":\"\",\"propertyPath\":\"/CONTROLLING_AREA\",\"modelName\":\"NewYardModel\"}"}]}
COMMAND: GET /session/848251078812a197579c886f13255d0c/screenshot - {}
RESULT: {"script":"<script> [1562 bytes]","args":[{"selector":{"controlType":"sap.m.Input","viewName":"etm.portal.ui.manageyards.view.New","viewId":"application-manageyards-display-component---NewYard","bindingPath":{"path":"","propertyPath":"/CONTROLLING_AREA","modelName":"NewYardModel"},"interaction":{"idSuffix":"inner"}},"wdio_ui5_key":"etmportal.ui.manageyards.view.Newsap.m.Input{\"path\":\"\",\"propertyPath\":\"/CONTROLLING_AREA\",\"modelName\":\"NewYardModel\"}"}]}
RESULT: undefined
COMMAND: POST /session/848251078812a197579c886f13255d0c/execute/async - {"script":"<script> [776 bytes]","args":[{"enterText":"Z001","selector":{"controlType":"sap.m.Input","viewName":"etm.portal.ui.manageyards.view.New","viewId":"application-manageyards-display-component---NewYard","bindingPath":{"path":"","propertyPath":"/CONTROLLING_AREA","modelName":"NewYardModel"},"interaction":{"idSuffix":"inner"}},"clearTextFirst":true,"interactionType":"ENTER_TEXT"}]}
RESULT: {}
RESULT: {"script":"<script> [776 bytes]","args":[{"enterText":"Z001","selector":{"controlType":"sap.m.Input","viewName":"etm.portal.ui.manageyards.view.New","viewId":"application-manageyards-display-component---NewYard","bindingPath":{"path":"","propertyPath":"/CONTROLLING_AREA","modelName":"NewYardModel"},"interaction":{"idSuffix":"inner"}},"clearTextFirst":true,"interactionType":"ENTER_TEXT"}]}
COMMAND: POST /session/848251078812a197579c886f13255d0c/execute/async - {"script":"<script> [1562 bytes]","args":[{"selector":{"id":"application-manageyards-display-component---NewYard--companyCodeComboBox","interaction":{"idSuffix":"inner"}},"wdio_ui5_key":"applicationmanageyards-display-component---NewYard--companyCodeComboBox"}]}
RESULT: {"script":"<script> [1562 bytes]","args":[{"selector":{"id":"application-manageyards-display-component---NewYard--companyCodeComboBox","interaction":{"idSuffix":"inner"}},"wdio_ui5_key":"applicationmanageyards-display-component---NewYard--companyCodeComboBox"}]}
RESULT: undefined
COMMAND: POST /session/848251078812a197579c886f13255d0c/execute/async - {"script":"<script> [776 bytes]","args":[{"enterText":"1000","selector":{"id":"application-manageyards-display-component---NewYard--companyCodeComboBox","interaction":{"idSuffix":"inner"}},"clearTextFirst":true,"interactionType":"ENTER_TEXT"}]}
RESULT: {"script":"<script> [776 bytes]","args":[{"enterText":"1000","selector":{"id":"application-manageyards-display-component---NewYard--companyCodeComboBox","interaction":{"idSuffix":"inner"}},"clearTextFirst":true,"interactionType":"ENTER_TEXT"}]}
COMMAND: POST /session/848251078812a197579c886f13255d0c/execute/async - {"script":"<script> [1562 bytes]","args":[{"selector":{"controlType":"sap.m.Input","viewName":"etm.portal.ui.manageyards.view.New","viewId":"application-manageyards-display-component---NewYard","bindingPath":{"path":"","propertyPath":"/PLANT","modelName":"NewYardModel"},"interaction":{"idSuffix":"inner"}},"wdio_ui5_key":"etmportal.ui.manageyards.view.Newsap.m.Input{\"path\":\"\",\"propertyPath\":\"/PLANT\",\"modelName\":\"NewYardModel\"}"}]}
RESULT: {"script":"<script> [1562 bytes]","args":[{"selector":{"controlType":"sap.m.Input","viewName":"etm.portal.ui.manageyards.view.New","viewId":"application-manageyards-display-component---NewYard","bindingPath":{"path":"","propertyPath":"/PLANT","modelName":"NewYardModel"},"interaction":{"idSuffix":"inner"}},"wdio_ui5_key":"etmportal.ui.manageyards.view.Newsap.m.Input{\"path\":\"\",\"propertyPath\":\"/PLANT\",\"modelName\":\"NewYardModel\"}"}]}
RESULT: undefined
COMMAND: POST /session/848251078812a197579c886f13255d0c/execute/async - {"script":"<script> [776 bytes]","args":[{"enterText":"1001","selector":{"controlType":"sap.m.Input","viewName":"etm.portal.ui.manageyards.view.New","viewId":"application-manageyards-display-component---NewYard","bindingPath":{"path":"","propertyPath":"/PLANT","modelName":"NewYardModel"},"interaction":{"idSuffix":"inner"}},"clearTextFirst":true,"interactionType":"ENTER_TEXT"}]}
RESULT: {"script":"<script> [776 bytes]","args":[{"enterText":"1001","selector":{"controlType":"sap.m.Input","viewName":"etm.portal.ui.manageyards.view.New","viewId":"application-manageyards-display-component---NewYard","bindingPath":{"path":"","propertyPath":"/PLANT","modelName":"NewYardModel"},"interaction":{"idSuffix":"inner"}},"clearTextFirst":true,"interactionType":"ENTER_TEXT"}]}
COMMAND: POST /session/848251078812a197579c886f13255d0c/execute/async - {"script":"<script> [1562 bytes]","args":[{"selector":{"controlType":"sap.m.Input","viewName":"etm.portal.ui.manageyards.view.New","viewId":"application-manageyards-display-component---NewYard","bindingPath":{"path":"","propertyPath":"/SALES_AREA_VKORG","modelName":"NewYardModel"},"interaction":{"idSuffix":"inner"}},"wdio_ui5_key":"etmportal.ui.manageyards.view.Newsap.m.Input{\"path\":\"\",\"propertyPath\":\"/SALES_AREA_VKORG\",\"modelName\":\"NewYardModel\"}"}]}
RESULT: {"script":"<script> [1562 bytes]","args":[{"selector":{"controlType":"sap.m.Input","viewName":"etm.portal.ui.manageyards.view.New","viewId":"application-manageyards-display-component---NewYard","bindingPath":{"path":"","propertyPath":"/SALES_AREA_VKORG","modelName":"NewYardModel"},"interaction":{"idSuffix":"inner"}},"wdio_ui5_key":"etmportal.ui.manageyards.view.Newsap.m.Input{\"path\":\"\",\"propertyPath\":\"/SALES_AREA_VKORG\",\"modelName\":\"NewYardModel\"}"}]}
RESULT: undefined
COMMAND: POST /session/848251078812a197579c886f13255d0c/execute/async - {"script":"<script> [776 bytes]","args":[{"enterText":"C002","selector":{"controlType":"sap.m.Input","viewName":"etm.portal.ui.manageyards.view.New","viewId":"application-manageyards-display-component---NewYard","bindingPath":{"path":"","propertyPath":"/SALES_AREA_VKORG","modelName":"NewYardModel"},"interaction":{"idSuffix":"inner"}},"clearTextFirst":true,"interactionType":"ENTER_TEXT"}]}
RESULT: {"script":"<script> [776 bytes]","args":[{"enterText":"C002","selector":{"controlType":"sap.m.Input","viewName":"etm.portal.ui.manageyards.view.New","viewId":"application-manageyards-display-component---NewYard","bindingPath":{"path":"","propertyPath":"/SALES_AREA_VKORG","modelName":"NewYardModel"},"interaction":{"idSuffix":"inner"}},"clearTextFirst":true,"interactionType":"ENTER_TEXT"}]}
COMMAND: POST /session/848251078812a197579c886f13255d0c/execute/async - {"script":"<script> [1562 bytes]","args":[{"selector":{"controlType":"sap.m.Input","viewName":"etm.portal.ui.manageyards.view.New","viewId":"application-manageyards-display-component---NewYard","bindingPath":{"path":"","propertyPath":"/SALES_AREA_VTWEG","modelName":"NewYardModel"},"interaction":{"idSuffix":"inner"}},"wdio_ui5_key":"etmportal.ui.manageyards.view.Newsap.m.Input{\"path\":\"\",\"propertyPath\":\"/SALES_AREA_VTWEG\",\"modelName\":\"NewYardModel\"}"}]}
RESULT: {"script":"<script> [1562 bytes]","args":[{"selector":{"controlType":"sap.m.Input","viewName":"etm.portal.ui.manageyards.view.New","viewId":"application-manageyards-display-component---NewYard","bindingPath":{"path":"","propertyPath":"/SALES_AREA_VTWEG","modelName":"NewYardModel"},"interaction":{"idSuffix":"inner"}},"wdio_ui5_key":"etmportal.ui.manageyards.view.Newsap.m.Input{\"path\":\"\",\"propertyPath\":\"/SALES_AREA_VTWEG\",\"modelName\":\"NewYardModel\"}"}]}
RESULT: undefined
COMMAND: POST /session/848251078812a197579c886f13255d0c/execute/async - {"script":"<script> [776 bytes]","args":[{"enterText":"C2","selector":{"controlType":"sap.m.Input","viewName":"etm.portal.ui.manageyards.view.New","viewId":"application-manageyards-display-component---NewYard","bindingPath":{"path":"","propertyPath":"/SALES_AREA_VTWEG","modelName":"NewYardModel"},"interaction":{"idSuffix":"inner"}},"clearTextFirst":true,"interactionType":"ENTER_TEXT"}]}
RESULT: {"script":"<script> [776 bytes]","args":[{"enterText":"C2","selector":{"controlType":"sap.m.Input","viewName":"etm.portal.ui.manageyards.view.New","viewId":"application-manageyards-display-component---NewYard","bindingPath":{"path":"","propertyPath":"/SALES_AREA_VTWEG","modelName":"NewYardModel"},"interaction":{"idSuffix":"inner"}},"clearTextFirst":true,"interactionType":"ENTER_TEXT"}]}
COMMAND: POST /session/848251078812a197579c886f13255d0c/execute/async - {"script":"<script> [1562 bytes]","args":[{"selector":{"controlType":"sap.m.Input","viewName":"etm.portal.ui.manageyards.view.New","viewId":"application-manageyards-display-component---NewYard","bindingPath":{"path":"","propertyPath":"/SALES_AREA_SPART","modelName":"NewYardModel"},"interaction":{"idSuffix":"inner"}},"wdio_ui5_key":"etmportal.ui.manageyards.view.Newsap.m.Input{\"path\":\"\",\"propertyPath\":\"/SALES_AREA_SPART\",\"modelName\":\"NewYardModel\"}"}]}
RESULT: {"script":"<script> [1562 bytes]","args":[{"selector":{"controlType":"sap.m.Input","viewName":"etm.portal.ui.manageyards.view.New","viewId":"application-manageyards-display-component---NewYard","bindingPath":{"path":"","propertyPath":"/SALES_AREA_SPART","modelName":"NewYardModel"},"interaction":{"idSuffix":"inner"}},"wdio_ui5_key":"etmportal.ui.manageyards.view.Newsap.m.Input{\"path\":\"\",\"propertyPath\":\"/SALES_AREA_SPART\",\"modelName\":\"NewYardModel\"}"}]}
RESULT: undefined
COMMAND: POST /session/848251078812a197579c886f13255d0c/execute/async - {"script":"<script> [776 bytes]","args":[{"enterText":"C2","selector":{"controlType":"sap.m.Input","viewName":"etm.portal.ui.manageyards.view.New","viewId":"application-manageyards-display-component---NewYard","bindingPath":{"path":"","propertyPath":"/SALES_AREA_SPART","modelName":"NewYardModel"},"interaction":{"idSuffix":"inner"}},"clearTextFirst":true,"interactionType":"ENTER_TEXT"}]}
RESULT: {"script":"<script> [776 bytes]","args":[{"enterText":"C2","selector":{"controlType":"sap.m.Input","viewName":"etm.portal.ui.manageyards.view.New","viewId":"application-manageyards-display-component---NewYard","bindingPath":{"path":"","propertyPath":"/SALES_AREA_SPART","modelName":"NewYardModel"},"interaction":{"idSuffix":"inner"}},"clearTextFirst":true,"interactionType":"ENTER_TEXT"}]}
COMMAND: POST /session/848251078812a197579c886f13255d0c/execute/async - {"script":"<script> [1562 bytes]","args":[{"selector":{"controlType":"sap.m.Input","viewName":"etm.portal.ui.manageyards.view.New","viewId":"application-manageyards-display-component---NewYard","bindingPath":{"path":"","propertyPath":"/SHIP_POINT","modelName":"NewYardModel"},"interaction":{"idSuffix":"inner"}},"wdio_ui5_key":"etmportal.ui.manageyards.view.Newsap.m.Input{\"path\":\"\",\"propertyPath\":\"/SHIP_POINT\",\"modelName\":\"NewYardModel\"}"}]}
RESULT: {"script":"<script> [1562 bytes]","args":[{"selector":{"controlType":"sap.m.Input","viewName":"etm.portal.ui.manageyards.view.New","viewId":"application-manageyards-display-component---NewYard","bindingPath":{"path":"","propertyPath":"/SHIP_POINT","modelName":"NewYardModel"},"interaction":{"idSuffix":"inner"}},"wdio_ui5_key":"etmportal.ui.manageyards.view.Newsap.m.Input{\"path\":\"\",\"propertyPath\":\"/SHIP_POINT\",\"modelName\":\"NewYardModel\"}"}]}
RESULT: undefined
COMMAND: POST /session/848251078812a197579c886f13255d0c/execute/async - {"script":"<script> [776 bytes]","args":[{"enterText":"1710","selector":{"controlType":"sap.m.Input","viewName":"etm.portal.ui.manageyards.view.New","viewId":"application-manageyards-display-component---NewYard","bindingPath":{"path":"","propertyPath":"/SHIP_POINT","modelName":"NewYardModel"},"interaction":{"idSuffix":"inner"}},"clearTextFirst":true,"interactionType":"ENTER_TEXT"}]}
RESULT: {"script":"<script> [776 bytes]","args":[{"enterText":"1710","selector":{"controlType":"sap.m.Input","viewName":"etm.portal.ui.manageyards.view.New","viewId":"application-manageyards-display-component---NewYard","bindingPath":{"path":"","propertyPath":"/SHIP_POINT","modelName":"NewYardModel"},"interaction":{"idSuffix":"inner"}},"clearTextFirst":true,"interactionType":"ENTER_TEXT"}]}
COMMAND: POST /session/848251078812a197579c886f13255d0c/execute/async - {"script":"<script> [1562 bytes]","args":[{"selector":{"controlType":"sap.m.Input","viewName":"etm.portal.ui.manageyards.view.New","viewId":"application-manageyards-display-component---NewYard","bindingPath":{"path":"","propertyPath":"/DELIVERY_TYPE","modelName":"NewYardModel"},"interaction":{"idSuffix":"inner"}},"wdio_ui5_key":"etmportal.ui.manageyards.view.Newsap.m.Input{\"path\":\"\",\"propertyPath\":\"/DELIVERY_TYPE\",\"modelName\":\"NewYardModel\"}"}]}
RESULT: {"script":"<script> [1562 bytes]","args":[{"selector":{"controlType":"sap.m.Input","viewName":"etm.portal.ui.manageyards.view.New","viewId":"application-manageyards-display-component---NewYard","bindingPath":{"path":"","propertyPath":"/DELIVERY_TYPE","modelName":"NewYardModel"},"interaction":{"idSuffix":"inner"}},"wdio_ui5_key":"etmportal.ui.manageyards.view.Newsap.m.Input{\"path\":\"\",\"propertyPath\":\"/DELIVERY_TYPE\",\"modelName\":\"NewYardModel\"}"}]}
RESULT: undefined
COMMAND: POST /session/848251078812a197579c886f13255d0c/execute/async - {"script":"<script> [776 bytes]","args":[{"enterText":"ZL01","selector":{"controlType":"sap.m.Input","viewName":"etm.portal.ui.manageyards.view.New","viewId":"application-manageyards-display-component---NewYard","bindingPath":{"path":"","propertyPath":"/DELIVERY_TYPE","modelName":"NewYardModel"},"interaction":{"idSuffix":"inner"}},"clearTextFirst":true,"interactionType":"ENTER_TEXT"}]}
RESULT: {"script":"<script> [776 bytes]","args":[{"enterText":"ZL01","selector":{"controlType":"sap.m.Input","viewName":"etm.portal.ui.manageyards.view.New","viewId":"application-manageyards-display-component---NewYard","bindingPath":{"path":"","propertyPath":"/DELIVERY_TYPE","modelName":"NewYardModel"},"interaction":{"idSuffix":"inner"}},"clearTextFirst":true,"interactionType":"ENTER_TEXT"}]}
COMMAND: POST /session/848251078812a197579c886f13255d0c/execute/async - {"script":"<script> [1562 bytes]","args":[{"selector":{"controlType":"sap.m.Input","viewName":"etm.portal.ui.manageyards.view.New","viewId":"application-manageyards-display-component---NewYard","bindingPath":{"path":"","propertyPath":"/AUART","modelName":"NewYardModel"},"interaction":{"idSuffix":"inner"}},"wdio_ui5_key":"etmportal.ui.manageyards.view.Newsap.m.Input{\"path\":\"\",\"propertyPath\":\"/AUART\",\"modelName\":\"NewYardModel\"}"}]}
RESULT: {"script":"<script> [1562 bytes]","args":[{"selector":{"controlType":"sap.m.Input","viewName":"etm.portal.ui.manageyards.view.New","viewId":"application-manageyards-display-component---NewYard","bindingPath":{"path":"","propertyPath":"/AUART","modelName":"NewYardModel"},"interaction":{"idSuffix":"inner"}},"wdio_ui5_key":"etmportal.ui.manageyards.view.Newsap.m.Input{\"path\":\"\",\"propertyPath\":\"/AUART\",\"modelName\":\"NewYardModel\"}"}]}
RESULT: undefined
COMMAND: POST /session/848251078812a197579c886f13255d0c/execute/async - {"script":"<script> [776 bytes]","args":[{"enterText":"TA","selector":{"controlType":"sap.m.Input","viewName":"etm.portal.ui.manageyards.view.New","viewId":"application-manageyards-display-component---NewYard","bindingPath":{"path":"","propertyPath":"/AUART","modelName":"NewYardModel"},"interaction":{"idSuffix":"inner"}},"clearTextFirst":true,"interactionType":"ENTER_TEXT"}]}
RESULT: {"script":"<script> [776 bytes]","args":[{"enterText":"TA","selector":{"controlType":"sap.m.Input","viewName":"etm.portal.ui.manageyards.view.New","viewId":"application-manageyards-display-component---NewYard","bindingPath":{"path":"","propertyPath":"/AUART","modelName":"NewYardModel"},"interaction":{"idSuffix":"inner"}},"clearTextFirst":true,"interactionType":"ENTER_TEXT"}]}
COMMAND: POST /session/848251078812a197579c886f13255d0c/element - {"using":"xpath","value":"//button[@data-kt=\"newYardSaveButton\"]"}
RESULT: {"using":"xpath","value":"//button[@data-kt=\"newYardSaveButton\"]"}
COMMAND: POST /session/848251078812a197579c886f13255d0c/element/f.E62CCC3EBD73CC3434E37D87B2A77947.d.4857C9466E477EA412DD9797E2BED68A.e.14862/click - {}
RESULT: {}
COMMAND: GET /session/848251078812a197579c886f13255d0c/screenshot - {}
RESULT: {}
COMMAND: POST /session/848251078812a197579c886f13255d0c/element - {"using":"xpath","value":"//header[contains(@id, 'ObjectPageLayout-headerTitle')]/div[1]/div[2]/div[1]/span[1]"}
RESULT: {"using":"xpath","value":"//header[contains(@id, 'ObjectPageLayout-headerTitle')]/div[1]/div[2]/div[1]/span[1]"}
COMMAND: POST /session/848251078812a197579c886f13255d0c/elements - {"using":"xpath","value":"//header[contains(@id, 'ObjectPageLayout-headerTitle')]/div[1]/div[2]/div[1]/span[1]"}
RESULT: {"using":"xpath","value":"//header[contains(@id, 'ObjectPageLayout-headerTitle')]/div[1]/div[2]/div[1]/span[1]"}
COMMAND: POST /session/848251078812a197579c886f13255d0c/execute/sync - {"script":"<script> [56 bytes]","args":[{"element-6066-11e4-a52e-4f735466cecf":"f.E62CCC3EBD73CC3434E37D87B2A77947.d.4857C9466E477EA412DD9797E2BED68A.e.15151","ELEMENT":"f.E62CCC3EBD73CC3434E37D87B2A77947.d.4857C9466E477EA412DD9797E2BED68A.e.15151"}]}
RESULT: {"script":"<script> [56 bytes]","args":[{"element-6066-11e4-a52e-4f735466cecf":"f.E62CCC3EBD73CC3434E37D87B2A77947.d.4857C9466E477EA412DD9797E2BED68A.e.15151","ELEMENT":"f.E62CCC3EBD73CC3434E37D87B2A77947.d.4857C9466E477EA412DD9797E2BED68A.e.15151"}]}
COMMAND: GET /session/848251078812a197579c886f13255d0c/screenshot - {}
RESULT: {}
COMMAND: POST /session/848251078812a197579c886f13255d0c/element - {"using":"css selector","value":"#shell-header-logo"}
RESULT: {"using":"css selector","value":"#shell-header-logo"}
COMMAND: POST /session/848251078812a197579c886f13255d0c/element/f.E62CCC3EBD73CC3434E37D87B2A77947.d.4857C9466E477EA412DD9797E2BED68A.e.14296/click - {}
RESULT: {}
COMMAND: GET /session/848251078812a197579c886f13255d0c/screenshot - {}
RESULT: {}
COMMAND: POST /session/848251078812a197579c886f13255d0c/execute/sync - {"script":"<script> [299 bytes]","args":[["getModel","getResource"]]}
RESULT: {"script":"<script> [299 bytes]","args":[["getModel","getResource"]]}
COMMAND: GET /session/848251078812a197579c886f13255d0c/screenshot - {}
]]></system-out>
    </testcase>
    <testcase classname="chrome.136_0_7103_93.windows.Transfer_Yard_to_Yard_US131076" name="Should create an equipment" time="162.066">
      <system-out><![CDATA[
COMMAND: POST /session/848251078812a197579c886f13255d0c/execute/async - {"script":"<script> [1562 bytes]","args":[{"selector":{"controlType":"sap.m.GenericTile","properties":{"header":"Manage Resources"}},"wdio_ui5_key":"sapm.GenericTile{\"header\":\"Manage Resources\"}"}]}
RESULT: {}
RESULT: {"script":"<script> [1562 bytes]","args":[{"selector":{"controlType":"sap.m.GenericTile","properties":{"header":"Manage Resources"}},"wdio_ui5_key":"sapm.GenericTile{\"header\":\"Manage Resources\"}"}]}
RESULT: undefined
COMMAND: POST /session/848251078812a197579c886f13255d0c/element - {"using":"xpath","value":"//*[@id=\"__tile31\"]"}
RESULT: {"using":"xpath","value":"//*[@id=\"__tile31\"]"}
COMMAND: POST /session/848251078812a197579c886f13255d0c/element/f.E62CCC3EBD73CC3434E37D87B2A77947.d.4857C9466E477EA412DD9797E2BED68A.e.14316/click - {}
RESULT: {}
COMMAND: GET /session/848251078812a197579c886f13255d0c/screenshot - {}
COMMAND: POST /session/848251078812a197579c886f13255d0c/elements - {"using":"xpath","value":"//span[text()='Error']"}
RESULT: {}
RESULT: {"using":"xpath","value":"//span[text()='Error']"}
COMMAND: POST /session/848251078812a197579c886f13255d0c/element - {"using":"xpath","value":"//button[@data-kt=\"addNewRUOverflowToolbarButton\"]"}
RESULT: {"using":"xpath","value":"//button[@data-kt=\"addNewRUOverflowToolbarButton\"]"}
COMMAND: POST /session/848251078812a197579c886f13255d0c/elements - {"using":"xpath","value":"//button[@data-kt=\"addNewRUOverflowToolbarButton\"]"}
RESULT: {"using":"xpath","value":"//button[@data-kt=\"addNewRUOverflowToolbarButton\"]"}
COMMAND: POST /session/848251078812a197579c886f13255d0c/elements - {"using":"xpath","value":"//button[@data-kt=\"addNewRUOverflowToolbarButton\"]"}
RESULT: {"using":"xpath","value":"//button[@data-kt=\"addNewRUOverflowToolbarButton\"]"}
COMMAND: POST /session/848251078812a197579c886f13255d0c/elements - {"using":"xpath","value":"//button[@data-kt=\"addNewRUOverflowToolbarButton\"]"}
RESULT: {"using":"xpath","value":"//button[@data-kt=\"addNewRUOverflowToolbarButton\"]"}
COMMAND: POST /session/848251078812a197579c886f13255d0c/elements - {"using":"xpath","value":"//button[@data-kt=\"addNewRUOverflowToolbarButton\"]"}
RESULT: {"using":"xpath","value":"//button[@data-kt=\"addNewRUOverflowToolbarButton\"]"}
COMMAND: POST /session/848251078812a197579c886f13255d0c/element - {"using":"xpath","value":"//button[@data-kt=\"addNewRUOverflowToolbarButton\"]"}
RESULT: {"using":"xpath","value":"//button[@data-kt=\"addNewRUOverflowToolbarButton\"]"}
COMMAND: POST /session/848251078812a197579c886f13255d0c/execute/sync - {"script":"<script> [8489 bytes]","args":[{"element-6066-11e4-a52e-4f735466cecf":"f.E62CCC3EBD73CC3434E37D87B2A77947.d.4857C9466E477EA412DD9797E2BED68A.e.15183","ELEMENT":"f.E62CCC3EBD73CC3434E37D87B2A77947.d.4857C9466E477EA412DD9797E2BED68A.e.15183"}]}
RESULT: {"script":"<script> [8489 bytes]","args":[{"element-6066-11e4-a52e-4f735466cecf":"f.E62CCC3EBD73CC3434E37D87B2A77947.d.4857C9466E477EA412DD9797E2BED68A.e.15183","ELEMENT":"f.E62CCC3EBD73CC3434E37D87B2A77947.d.4857C9466E477EA412DD9797E2BED68A.e.15183"}]}
COMMAND: GET /session/848251078812a197579c886f13255d0c/element/f.E62CCC3EBD73CC3434E37D87B2A77947.d.4857C9466E477EA412DD9797E2BED68A.e.15183/enabled - {}
COMMAND: GET /session/848251078812a197579c886f13255d0c/screenshot - {}
RESULT: {}
COMMAND: POST /session/848251078812a197579c886f13255d0c/execute/sync - {"script":"<script> [8489 bytes]","args":[{"element-6066-11e4-a52e-4f735466cecf":"f.E62CCC3EBD73CC3434E37D87B2A77947.d.4857C9466E477EA412DD9797E2BED68A.e.15183","ELEMENT":"f.E62CCC3EBD73CC3434E37D87B2A77947.d.4857C9466E477EA412DD9797E2BED68A.e.15183"}]}
COMMAND: GET /session/848251078812a197579c886f13255d0c/screenshot - {}
RESULT: {}
RESULT: {"script":"<script> [8489 bytes]","args":[{"element-6066-11e4-a52e-4f735466cecf":"f.E62CCC3EBD73CC3434E37D87B2A77947.d.4857C9466E477EA412DD9797E2BED68A.e.15183","ELEMENT":"f.E62CCC3EBD73CC3434E37D87B2A77947.d.4857C9466E477EA412DD9797E2BED68A.e.15183"}]}
COMMAND: POST /session/848251078812a197579c886f13255d0c/execute/sync - {"script":"<script> [5351 bytes]","args":[{"element-6066-11e4-a52e-4f735466cecf":"f.E62CCC3EBD73CC3434E37D87B2A77947.d.4857C9466E477EA412DD9797E2BED68A.e.15183","ELEMENT":"f.E62CCC3EBD73CC3434E37D87B2A77947.d.4857C9466E477EA412DD9797E2BED68A.e.15183"}]}
COMMAND: GET /session/848251078812a197579c886f13255d0c/screenshot - {}
RESULT: {}
RESULT: {"script":"<script> [5351 bytes]","args":[{"element-6066-11e4-a52e-4f735466cecf":"f.E62CCC3EBD73CC3434E37D87B2A77947.d.4857C9466E477EA412DD9797E2BED68A.e.15183","ELEMENT":"f.E62CCC3EBD73CC3434E37D87B2A77947.d.4857C9466E477EA412DD9797E2BED68A.e.15183"}]}
COMMAND: POST /session/848251078812a197579c886f13255d0c/element/f.E62CCC3EBD73CC3434E37D87B2A77947.d.4857C9466E477EA412DD9797E2BED68A.e.15183/click - {}
COMMAND: GET /session/848251078812a197579c886f13255d0c/screenshot - {}
RESULT: {}
RESULT: {}
COMMAND: GET /session/848251078812a197579c886f13255d0c/screenshot - {}
RESULT: {}
RESULT: {}
COMMAND: POST /session/848251078812a197579c886f13255d0c/execute/async - {"script":"<script> [1562 bytes]","args":[{"selector":{"id":"application-manageresources-display-component---newResourceUnit--TYPE-arrow"},"wdio_ui5_key":"applicationmanageresources-display-component---newResourceUnit--TYPE-arrow"}]}
RESULT: {"script":"<script> [1562 bytes]","args":[{"selector":{"id":"application-manageresources-display-component---newResourceUnit--TYPE-arrow"},"wdio_ui5_key":"applicationmanageresources-display-component---newResourceUnit--TYPE-arrow"}]}
RESULT: undefined
COMMAND: POST /session/848251078812a197579c886f13255d0c/element - {"using":"xpath","value":"//*[@id=\"application-manageresources-display-component---newResourceUnit--TYPE-arrow\"]"}
RESULT: {"using":"xpath","value":"//*[@id=\"application-manageresources-display-component---newResourceUnit--TYPE-arrow\"]"}
COMMAND: POST /session/848251078812a197579c886f13255d0c/element/f.E62CCC3EBD73CC3434E37D87B2A77947.d.4857C9466E477EA412DD9797E2BED68A.e.15541/click - {}
RESULT: {}
COMMAND: POST /session/848251078812a197579c886f13255d0c/element - {"using":"xpath","value":"//input[@id=\"application-manageresources-display-component---newResourceUnit--TYPE-inner\"]"}
COMMAND: GET /session/848251078812a197579c886f13255d0c/screenshot - {}
RESULT: {"using":"xpath","value":"//input[@id=\"application-manageresources-display-component---newResourceUnit--TYPE-inner\"]"}
COMMAND: POST /session/848251078812a197579c886f13255d0c/element/f.E62CCC3EBD73CC3434E37D87B2A77947.d.4857C9466E477EA412DD9797E2BED68A.e.15536/clear - {}
RESULT: {}
RESULT: {}
COMMAND: POST /session/848251078812a197579c886f13255d0c/element/f.E62CCC3EBD73CC3434E37D87B2A77947.d.4857C9466E477EA412DD9797E2BED68A.e.15536/value - {"text":"Equipment"}
COMMAND: GET /session/848251078812a197579c886f13255d0c/screenshot - {}
RESULT: {"text":"Equipment"}
COMMAND: GET /session/848251078812a197579c886f13255d0c/screenshot - {}
RESULT: {}
RESULT: {}
COMMAND: POST /session/848251078812a197579c886f13255d0c/actions - {"actions":[{"id":"action52","type":"key","parameters":{},"actions":[{"type":"keyDown","value":"î€‡"},{"type":"pause","duration":10},{"type":"keyUp","value":"î€‡"}]}]}
RESULT: {"actions":[{"id":"action52","type":"key","parameters":{},"actions":[{"type":"keyDown","value":"î€‡"},{"type":"pause","duration":10},{"type":"keyUp","value":"î€‡"}]}]}
COMMAND: POST /session/848251078812a197579c886f13255d0c/execute/async - {"script":"<script> [1562 bytes]","args":[{"selector":{"id":"application-manageresources-display-component---newResourceUnit--resourceId","interaction":{"idSuffix":"inner"}},"wdio_ui5_key":"applicationmanageresources-display-component---newResourceUnit--resourceId"}]}
COMMAND: GET /session/848251078812a197579c886f13255d0c/screenshot - {}
RESULT: {"script":"<script> [1562 bytes]","args":[{"selector":{"id":"application-manageresources-display-component---newResourceUnit--resourceId","interaction":{"idSuffix":"inner"}},"wdio_ui5_key":"applicationmanageresources-display-component---newResourceUnit--resourceId"}]}
RESULT: undefined
COMMAND: POST /session/848251078812a197579c886f13255d0c/execute/async - {"script":"<script> [776 bytes]","args":[{"enterText":"BmtSUH5ubP","selector":{"id":"application-manageresources-display-component---newResourceUnit--resourceId","interaction":{"idSuffix":"inner"}},"clearTextFirst":true,"interactionType":"ENTER_TEXT"}]}
RESULT: {}
RESULT: {"script":"<script> [776 bytes]","args":[{"enterText":"BmtSUH5ubP","selector":{"id":"application-manageresources-display-component---newResourceUnit--resourceId","interaction":{"idSuffix":"inner"}},"clearTextFirst":true,"interactionType":"ENTER_TEXT"}]}
COMMAND: POST /session/848251078812a197579c886f13255d0c/execute/async - {"script":"<script> [1562 bytes]","args":[{"selector":{"id":"application-manageresources-display-component---newResourceUnit--SHORT_TEXT","interaction":{"idSuffix":"inner"}},"wdio_ui5_key":"applicationmanageresources-display-component---newResourceUnit--SHORT_TEXT"}]}
RESULT: {"script":"<script> [1562 bytes]","args":[{"selector":{"id":"application-manageresources-display-component---newResourceUnit--SHORT_TEXT","interaction":{"idSuffix":"inner"}},"wdio_ui5_key":"applicationmanageresources-display-component---newResourceUnit--SHORT_TEXT"}]}
RESULT: undefined
COMMAND: POST /session/848251078812a197579c886f13255d0c/execute/async - {"script":"<script> [776 bytes]","args":[{"enterText":"Intercompany Equipment WDIO","selector":{"id":"application-manageresources-display-component---newResourceUnit--SHORT_TEXT","interaction":{"idSuffix":"inner"}},"clearTextFirst":true,"interactionType":"ENTER_TEXT"}]}
RESULT: {"script":"<script> [776 bytes]","args":[{"enterText":"Intercompany Equipment WDIO","selector":{"id":"application-manageresources-display-component---newResourceUnit--SHORT_TEXT","interaction":{"idSuffix":"inner"}},"clearTextFirst":true,"interactionType":"ENTER_TEXT"}]}
COMMAND: POST /session/848251078812a197579c886f13255d0c/execute/async - {"script":"<script> [1562 bytes]","args":[{"selector":{"id":"application-manageresources-display-component---newResourceUnit--BASE_UNIT_OF_MEASURE","interaction":{"idSuffix":"inner"}},"wdio_ui5_key":"applicationmanageresources-display-component---newResourceUnit--BASE_UNIT_OF_MEASURE"}]}
RESULT: {"script":"<script> [1562 bytes]","args":[{"selector":{"id":"application-manageresources-display-component---newResourceUnit--BASE_UNIT_OF_MEASURE","interaction":{"idSuffix":"inner"}},"wdio_ui5_key":"applicationmanageresources-display-component---newResourceUnit--BASE_UNIT_OF_MEASURE"}]}
RESULT: undefined
COMMAND: POST /session/848251078812a197579c886f13255d0c/execute/async - {"script":"<script> [776 bytes]","args":[{"enterText":"Piece","selector":{"id":"application-manageresources-display-component---newResourceUnit--BASE_UNIT_OF_MEASURE","interaction":{"idSuffix":"inner"}},"clearTextFirst":true,"interactionType":"ENTER_TEXT"}]}
RESULT: {"script":"<script> [776 bytes]","args":[{"enterText":"Piece","selector":{"id":"application-manageresources-display-component---newResourceUnit--BASE_UNIT_OF_MEASURE","interaction":{"idSuffix":"inner"}},"clearTextFirst":true,"interactionType":"ENTER_TEXT"}]}
COMMAND: POST /session/848251078812a197579c886f13255d0c/execute/async - {"script":"<script> [1562 bytes]","args":[{"selector":{"id":"application-manageresources-display-component---newResourceUnit--WEIGHT_UNIT","interaction":{"idSuffix":"inner"}},"wdio_ui5_key":"applicationmanageresources-display-component---newResourceUnit--WEIGHT_UNIT"}]}
RESULT: {"script":"<script> [1562 bytes]","args":[{"selector":{"id":"application-manageresources-display-component---newResourceUnit--WEIGHT_UNIT","interaction":{"idSuffix":"inner"}},"wdio_ui5_key":"applicationmanageresources-display-component---newResourceUnit--WEIGHT_UNIT"}]}
RESULT: undefined
COMMAND: POST /session/848251078812a197579c886f13255d0c/execute/async - {"script":"<script> [776 bytes]","args":[{"enterText":"Gram","selector":{"id":"application-manageresources-display-component---newResourceUnit--WEIGHT_UNIT","interaction":{"idSuffix":"inner"}},"clearTextFirst":true,"interactionType":"ENTER_TEXT"}]}
RESULT: {"script":"<script> [776 bytes]","args":[{"enterText":"Gram","selector":{"id":"application-manageresources-display-component---newResourceUnit--WEIGHT_UNIT","interaction":{"idSuffix":"inner"}},"clearTextFirst":true,"interactionType":"ENTER_TEXT"}]}
COMMAND: POST /session/848251078812a197579c886f13255d0c/execute/async - {"script":"<script> [1562 bytes]","args":[{"selector":{"id":"application-manageresources-display-component---newResourceUnit--DIMENSION_UNIT","interaction":{"idSuffix":"inner"}},"wdio_ui5_key":"applicationmanageresources-display-component---newResourceUnit--DIMENSION_UNIT"}]}
RESULT: {"script":"<script> [1562 bytes]","args":[{"selector":{"id":"application-manageresources-display-component---newResourceUnit--DIMENSION_UNIT","interaction":{"idSuffix":"inner"}},"wdio_ui5_key":"applicationmanageresources-display-component---newResourceUnit--DIMENSION_UNIT"}]}
RESULT: undefined
COMMAND: POST /session/848251078812a197579c886f13255d0c/execute/async - {"script":"<script> [776 bytes]","args":[{"enterText":"Meter","selector":{"id":"application-manageresources-display-component---newResourceUnit--DIMENSION_UNIT","interaction":{"idSuffix":"inner"}},"clearTextFirst":true,"interactionType":"ENTER_TEXT"}]}
RESULT: {"script":"<script> [776 bytes]","args":[{"enterText":"Meter","selector":{"id":"application-manageresources-display-component---newResourceUnit--DIMENSION_UNIT","interaction":{"idSuffix":"inner"}},"clearTextFirst":true,"interactionType":"ENTER_TEXT"}]}
COMMAND: POST /session/848251078812a197579c886f13255d0c/execute/async - {"script":"<script> [1562 bytes]","args":[{"selector":{"id":"application-manageresources-display-component---newResourceUnit--newRRUPage-anchBar-application-manageresources-display-component---newResourceUnit--control-anchor","interaction":{"idSuffix":"BDI-content"}},"wdio_ui5_key":"applicationmanageresources-display-component---newResourceUnit--newRRUPage-anchBar-application-manageresources-display-component---newResourceUnit--control-anchor"}]}
RESULT: {"script":"<script> [1562 bytes]","args":[{"selector":{"id":"application-manageresources-display-component---newResourceUnit--newRRUPage-anchBar-application-manageresources-display-component---newResourceUnit--control-anchor","interaction":{"idSuffix":"BDI-content"}},"wdio_ui5_key":"applicationmanageresources-display-component---newResourceUnit--newRRUPage-anchBar-application-manageresources-display-component---newResourceUnit--control-anchor"}]}
RESULT: undefined
COMMAND: POST /session/848251078812a197579c886f13255d0c/element - {"using":"xpath","value":"//*[@id=\"application-manageresources-display-component---newResourceUnit--newRRUPage-anchBar-application-manageresources-display-component---newResourceUnit--control-anchor\"]"}
RESULT: {"using":"xpath","value":"//*[@id=\"application-manageresources-display-component---newResourceUnit--newRRUPage-anchBar-application-manageresources-display-component---newResourceUnit--control-anchor\"]"}
COMMAND: POST /session/848251078812a197579c886f13255d0c/element/f.E62CCC3EBD73CC3434E37D87B2A77947.d.4857C9466E477EA412DD9797E2BED68A.e.15701/click - {}
RESULT: {}
COMMAND: POST /session/848251078812a197579c886f13255d0c/execute/async - {"script":"<script> [1562 bytes]","args":[{"selector":{"id":"application-manageresources-display-component---newResourceUnit--PLANNING_GROUP","interaction":{"idSuffix":"inner"}},"wdio_ui5_key":"applicationmanageresources-display-component---newResourceUnit--PLANNING_GROUP"}]}
COMMAND: GET /session/848251078812a197579c886f13255d0c/screenshot - {}
RESULT: {"script":"<script> [1562 bytes]","args":[{"selector":{"id":"application-manageresources-display-component---newResourceUnit--PLANNING_GROUP","interaction":{"idSuffix":"inner"}},"wdio_ui5_key":"applicationmanageresources-display-component---newResourceUnit--PLANNING_GROUP"}]}
RESULT: undefined
COMMAND: POST /session/848251078812a197579c886f13255d0c/execute/async - {"script":"<script> [776 bytes]","args":[{"enterText":"Heavy Equi","selector":{"id":"application-manageresources-display-component---newResourceUnit--PLANNING_GROUP","interaction":{"idSuffix":"inner"}},"clearTextFirst":true,"interactionType":"ENTER_TEXT"}]}
RESULT: {}
RESULT: {"script":"<script> [776 bytes]","args":[{"enterText":"Heavy Equi","selector":{"id":"application-manageresources-display-component---newResourceUnit--PLANNING_GROUP","interaction":{"idSuffix":"inner"}},"clearTextFirst":true,"interactionType":"ENTER_TEXT"}]}
COMMAND: POST /session/848251078812a197579c886f13255d0c/execute/async - {"script":"<script> [1562 bytes]","args":[{"selector":{"id":"application-manageresources-display-component---newResourceUnit--ITEM_TYPE-arrow"},"wdio_ui5_key":"applicationmanageresources-display-component---newResourceUnit--ITEM_TYPE-arrow"}]}
RESULT: {"script":"<script> [1562 bytes]","args":[{"selector":{"id":"application-manageresources-display-component---newResourceUnit--ITEM_TYPE-arrow"},"wdio_ui5_key":"applicationmanageresources-display-component---newResourceUnit--ITEM_TYPE-arrow"}]}
RESULT: undefined
COMMAND: POST /session/848251078812a197579c886f13255d0c/element - {"using":"xpath","value":"//*[@id=\"application-manageresources-display-component---newResourceUnit--ITEM_TYPE-arrow\"]"}
RESULT: {"using":"xpath","value":"//*[@id=\"application-manageresources-display-component---newResourceUnit--ITEM_TYPE-arrow\"]"}
COMMAND: POST /session/848251078812a197579c886f13255d0c/element/f.E62CCC3EBD73CC3434E37D87B2A77947.d.4857C9466E477EA412DD9797E2BED68A.e.15710/click - {}
RESULT: {}
COMMAND: POST /session/848251078812a197579c886f13255d0c/element - {"using":"xpath","value":"//ul[contains(@id,\"ITEM_TYPE-popup-list-listUl\")]//li[.//span[contains(text(),\"Resource Unit\")]]"}
COMMAND: GET /session/848251078812a197579c886f13255d0c/screenshot - {}
RESULT: {"using":"xpath","value":"//ul[contains(@id,\"ITEM_TYPE-popup-list-listUl\")]//li[.//span[contains(text(),\"Resource Unit\")]]"}
COMMAND: POST /session/848251078812a197579c886f13255d0c/element/f.E62CCC3EBD73CC3434E37D87B2A77947.d.4857C9466E477EA412DD9797E2BED68A.e.15711/click - {}
RESULT: {}
RESULT: {}
COMMAND: GET /session/848251078812a197579c886f13255d0c/screenshot - {}
RESULT: {}
COMMAND: POST /session/848251078812a197579c886f13255d0c/element - {"using":"css selector","value":"#application-manageresources-display-component---newResourceUnit--btnAddTimeSegment"}
RESULT: {"using":"css selector","value":"#application-manageresources-display-component---newResourceUnit--btnAddTimeSegment"}
COMMAND: GET /session/848251078812a197579c886f13255d0c/element/f.E62CCC3EBD73CC3434E37D87B2A77947.d.4857C9466E477EA412DD9797E2BED68A.e.15719/rect - {}
RESULT: {}
COMMAND: GET /session/848251078812a197579c886f13255d0c/window/rect - {}
RESULT: {}
COMMAND: POST /session/848251078812a197579c886f13255d0c/execute/sync - {"script":"<script> [92 bytes]","args":[]}
RESULT: {"script":"<script> [92 bytes]","args":[]}
COMMAND: POST /session/848251078812a197579c886f13255d0c/actions - {"actions":[{"id":"action53","type":"wheel","parameters":{},"actions":[{"type":"scroll","x":-1888,"y":-32,"deltaX":0,"deltaY":0,"duration":0,"origin":{"element-6066-11e4-a52e-4f735466cecf":"f.E62CCC3EBD73CC3434E37D87B2A77947.d.4857C9466E477EA412DD9797E2BED68A.e.15719"}}]}]}
COMMAND: GET /session/848251078812a197579c886f13255d0c/screenshot - {}
RESULT: {}
COMMAND: POST /session/848251078812a197579c886f13255d0c/execute/sync - {"script":"<script> [79 bytes]","args":[{"element-6066-11e4-a52e-4f735466cecf":"f.E62CCC3EBD73CC3434E37D87B2A77947.d.4857C9466E477EA412DD9797E2BED68A.e.15719","ELEMENT":"f.E62CCC3EBD73CC3434E37D87B2A77947.d.4857C9466E477EA412DD9797E2BED68A.e.15719"},{"block":"start","inline":"nearest"}]}
RESULT: {"script":"<script> [79 bytes]","args":[{"element-6066-11e4-a52e-4f735466cecf":"f.E62CCC3EBD73CC3434E37D87B2A77947.d.4857C9466E477EA412DD9797E2BED68A.e.15719","ELEMENT":"f.E62CCC3EBD73CC3434E37D87B2A77947.d.4857C9466E477EA412DD9797E2BED68A.e.15719"},{"block":"start","inline":"nearest"}]}
COMMAND: POST /session/848251078812a197579c886f13255d0c/execute/async - {"script":"<script> [1562 bytes]","args":[{"selector":{"id":"application-manageresources-display-component---newResourceUnit--btnAddTimeSegment","interaction":{"idSuffix":"inner"}},"wdio_ui5_key":"applicationmanageresources-display-component---newResourceUnit--btnAddTimeSegment"}]}
COMMAND: GET /session/848251078812a197579c886f13255d0c/screenshot - {}
RESULT: {"script":"<script> [1562 bytes]","args":[{"selector":{"id":"application-manageresources-display-component---newResourceUnit--btnAddTimeSegment","interaction":{"idSuffix":"inner"}},"wdio_ui5_key":"applicationmanageresources-display-component---newResourceUnit--btnAddTimeSegment"}]}
RESULT: undefined
COMMAND: POST /session/848251078812a197579c886f13255d0c/element - {"using":"xpath","value":"//*[@id=\"application-manageresources-display-component---newResourceUnit--btnAddTimeSegment\"]"}
RESULT: {}
RESULT: {"using":"xpath","value":"//*[@id=\"application-manageresources-display-component---newResourceUnit--btnAddTimeSegment\"]"}
COMMAND: POST /session/848251078812a197579c886f13255d0c/element/f.E62CCC3EBD73CC3434E37D87B2A77947.d.4857C9466E477EA412DD9797E2BED68A.e.15719/click - {}
RESULT: {}
COMMAND: GET /session/848251078812a197579c886f13255d0c/screenshot - {}
RESULT: {}
COMMAND: POST /session/848251078812a197579c886f13255d0c/element - {"using":"xpath","value":"//input[@id=\"application-manageresources-display-component---newResourceUnit--idRuTSAdmin-application-manageresources-display-component---newResourceUnit--RUTimeSegment-0-inner\"]"}
RESULT: {"using":"xpath","value":"//input[@id=\"application-manageresources-display-component---newResourceUnit--idRuTSAdmin-application-manageresources-display-component---newResourceUnit--RUTimeSegment-0-inner\"]"}
COMMAND: POST /session/848251078812a197579c886f13255d0c/element/f.E62CCC3EBD73CC3434E37D87B2A77947.d.4857C9466E477EA412DD9797E2BED68A.e.15725/clear - {}
RESULT: {}
COMMAND: POST /session/848251078812a197579c886f13255d0c/element/f.E62CCC3EBD73CC3434E37D87B2A77947.d.4857C9466E477EA412DD9797E2BED68A.e.15725/value - {"text":"647"}
COMMAND: GET /session/848251078812a197579c886f13255d0c/screenshot - {}
RESULT: {"text":"647"}
COMMAND: GET /session/848251078812a197579c886f13255d0c/screenshot - {}
RESULT: {}
RESULT: {}
COMMAND: POST /session/848251078812a197579c886f13255d0c/element - {"using":"xpath","value":"//li[.//span[text()='647']]"}
RESULT: {"using":"xpath","value":"//li[.//span[text()='647']]"}
COMMAND: POST /session/848251078812a197579c886f13255d0c/element/f.E62CCC3EBD73CC3434E37D87B2A77947.d.4857C9466E477EA412DD9797E2BED68A.e.15737/click - {}
RESULT: {}
COMMAND: GET /session/848251078812a197579c886f13255d0c/screenshot - {}
RESULT: {}
COMMAND: POST /session/848251078812a197579c886f13255d0c/element - {"using":"xpath","value":"(//span[contains(@id, \"-application-manageresources-display-component---newResourceUnit--RUTimeSegment-0-arrow\")])[6]"}
RESULT: {"using":"xpath","value":"(//span[contains(@id, \"-application-manageresources-display-component---newResourceUnit--RUTimeSegment-0-arrow\")])[6]"}
COMMAND: POST /session/848251078812a197579c886f13255d0c/element/f.E62CCC3EBD73CC3434E37D87B2A77947.d.4857C9466E477EA412DD9797E2BED68A.e.15738/click - {}
RESULT: {}
COMMAND: GET /session/848251078812a197579c886f13255d0c/screenshot - {}
RESULT: {}
COMMAND: POST /session/848251078812a197579c886f13255d0c/element - {"using":"xpath","value":"//span[contains(text(), \"PM Order\")]"}
RESULT: {"using":"xpath","value":"//span[contains(text(), \"PM Order\")]"}
COMMAND: POST /session/848251078812a197579c886f13255d0c/element/f.E62CCC3EBD73CC3434E37D87B2A77947.d.4857C9466E477EA412DD9797E2BED68A.e.15741/click - {}
RESULT: {}
COMMAND: GET /session/848251078812a197579c886f13255d0c/screenshot - {}
RESULT: {}
COMMAND: POST /session/848251078812a197579c886f13255d0c/element - {"using":"xpath","value":"(//span[contains(@id ,\"manageresources-display-component---newResourceUnit--RUTimeSegment-0-vhi\")])[1]"}
RESULT: {"using":"xpath","value":"(//span[contains(@id ,\"manageresources-display-component---newResourceUnit--RUTimeSegment-0-vhi\")])[1]"}
COMMAND: GET /session/848251078812a197579c886f13255d0c/element/f.E62CCC3EBD73CC3434E37D87B2A77947.d.4857C9466E477EA412DD9797E2BED68A.e.15745/rect - {}
RESULT: {}
COMMAND: GET /session/848251078812a197579c886f13255d0c/window/rect - {}
RESULT: {}
COMMAND: POST /session/848251078812a197579c886f13255d0c/execute/sync - {"script":"<script> [92 bytes]","args":[]}
RESULT: {"script":"<script> [92 bytes]","args":[]}
COMMAND: POST /session/848251078812a197579c886f13255d0c/actions - {"actions":[{"id":"action54","type":"wheel","parameters":{},"actions":[{"type":"scroll","x":-869,"y":-24,"deltaX":0,"deltaY":0,"duration":0,"origin":{"element-6066-11e4-a52e-4f735466cecf":"f.E62CCC3EBD73CC3434E37D87B2A77947.d.4857C9466E477EA412DD9797E2BED68A.e.15745"}}]}]}
COMMAND: GET /session/848251078812a197579c886f13255d0c/screenshot - {}
RESULT: {"actions":[{"id":"action54","type":"wheel","parameters":{},"actions":[{"type":"scroll","x":-869,"y":-24,"deltaX":0,"deltaY":0,"duration":0,"origin":{"element-6066-11e4-a52e-4f735466cecf":"f.E62CCC3EBD73CC3434E37D87B2A77947.d.4857C9466E477EA412DD9797E2BED68A.e.15745"}}]}]}
COMMAND: DELETE /session/848251078812a197579c886f13255d0c/actions - {}
COMMAND: GET /session/848251078812a197579c886f13255d0c/screenshot - {}
RESULT: {}
RESULT: {}
COMMAND: GET /session/848251078812a197579c886f13255d0c/screenshot - {}
RESULT: {}
RESULT: {}
COMMAND: POST /session/848251078812a197579c886f13255d0c/element/f.E62CCC3EBD73CC3434E37D87B2A77947.d.4857C9466E477EA412DD9797E2BED68A.e.15745/click - {}
RESULT: {}
COMMAND: GET /session/848251078812a197579c886f13255d0c/screenshot - {}
RESULT: {}
RESULT: undefined
COMMAND: POST /session/848251078812a197579c886f13255d0c/execute/async - {"script":"<script> [776 bytes]","args":[{"enterText":"4000360","selector":{"controlType":"sap.m.SearchField","properties":{"placeholder":"Search"},"searchOpenDialogs":true,"interaction":{"idSuffix":"I"}},"clearTextFirst":true,"interactionType":"ENTER_TEXT"}]}
RESULT: {"script":"<script> [776 bytes]","args":[{"enterText":"4000360","selector":{"controlType":"sap.m.SearchField","properties":{"placeholder":"Search"},"searchOpenDialogs":true,"interaction":{"idSuffix":"I"}},"clearTextFirst":true,"interactionType":"ENTER_TEXT"}]}
COMMAND: POST /session/848251078812a197579c886f13255d0c/actions - {"actions":[{"id":"action55","type":"key","parameters":{},"actions":[{"type":"keyDown","value":"î€‡"},{"type":"pause","duration":10},{"type":"keyUp","value":"î€‡"}]}]}
RESULT: {"actions":[{"id":"action55","type":"key","parameters":{},"actions":[{"type":"keyDown","value":"î€‡"},{"type":"pause","duration":10},{"type":"keyUp","value":"î€‡"}]}]}
COMMAND: GET /session/848251078812a197579c886f13255d0c/screenshot - {}
RESULT: {}
COMMAND: POST /session/848251078812a197579c886f13255d0c/element - {"using":"xpath","value":"//td/div/span[contains(text(), \"BGL Vehicles\")]"}
RESULT: {"using":"xpath","value":"//td/div/span[contains(text(), \"BGL Vehicles\")]"}
COMMAND: POST /session/848251078812a197579c886f13255d0c/element/f.E62CCC3EBD73CC3434E37D87B2A77947.d.4857C9466E477EA412DD9797E2BED68A.e.15766/click - {}
RESULT: {}
COMMAND: GET /session/848251078812a197579c886f13255d0c/screenshot - {}
RESULT: {}
COMMAND: POST /session/848251078812a197579c886f13255d0c/element - {"using":"xpath","value":"//bdi[contains(text(), \"OK\")]"}
RESULT: {"using":"xpath","value":"//bdi[contains(text(), \"OK\")]"}
COMMAND: POST /session/848251078812a197579c886f13255d0c/element/f.E62CCC3EBD73CC3434E37D87B2A77947.d.4857C9466E477EA412DD9797E2BED68A.e.15767/click - {}
RESULT: {}
COMMAND: GET /session/848251078812a197579c886f13255d0c/screenshot - {}
RESULT: {}
COMMAND: POST /session/848251078812a197579c886f13255d0c/execute/async - {"script":"<script> [1562 bytes]","args":[{"selector":{"id":"application-manageresources-display-component---newResourceUnit--newRRUPage-anchBar-application-manageresources-display-component---newResourceUnit--resource-anchor","interaction":{"idSuffix":"BDI-content"}},"wdio_ui5_key":"applicationmanageresources-display-component---newResourceUnit--newRRUPage-anchBar-application-manageresources-display-component---newResourceUnit--resource-anchor"}]}
RESULT: {"script":"<script> [1562 bytes]","args":[{"selector":{"id":"application-manageresources-display-component---newResourceUnit--newRRUPage-anchBar-application-manageresources-display-component---newResourceUnit--resource-anchor","interaction":{"idSuffix":"BDI-content"}},"wdio_ui5_key":"applicationmanageresources-display-component---newResourceUnit--newRRUPage-anchBar-application-manageresources-display-component---newResourceUnit--resource-anchor"}]}
RESULT: undefined
COMMAND: POST /session/848251078812a197579c886f13255d0c/element - {"using":"xpath","value":"//*[@id=\"application-manageresources-display-component---newResourceUnit--newRRUPage-anchBar-application-manageresources-display-component---newResourceUnit--resource-anchor\"]"}
RESULT: {"using":"xpath","value":"//*[@id=\"application-manageresources-display-component---newResourceUnit--newRRUPage-anchBar-application-manageresources-display-component---newResourceUnit--resource-anchor\"]"}
COMMAND: POST /session/848251078812a197579c886f13255d0c/element/f.E62CCC3EBD73CC3434E37D87B2A77947.d.4857C9466E477EA412DD9797E2BED68A.e.15771/click - {}
RESULT: {}
COMMAND: POST /session/848251078812a197579c886f13255d0c/execute/async - {"script":"<script> [1562 bytes]","args":[{"selector":{"id":"application-manageresources-display-component---newResourceUnit--PLANNED_DELIVERY_DATE","interaction":{"idSuffix":"inner"}},"wdio_ui5_key":"applicationmanageresources-display-component---newResourceUnit--PLANNED_DELIVERY_DATE"}]}
COMMAND: GET /session/848251078812a197579c886f13255d0c/screenshot - {}
RESULT: {}
RESULT: {"script":"<script> [1562 bytes]","args":[{"selector":{"id":"application-manageresources-display-component---newResourceUnit--PLANNED_DELIVERY_DATE","interaction":{"idSuffix":"inner"}},"wdio_ui5_key":"applicationmanageresources-display-component---newResourceUnit--PLANNED_DELIVERY_DATE"}]}
RESULT: undefined
COMMAND: POST /session/848251078812a197579c886f13255d0c/execute/async - {"script":"<script> [6424 bytes]","args":[{"element-6066-11e4-a52e-4f735466cecf":"f.E62CCC3EBD73CC3434E37D87B2A77947.d.4857C9466E477EA412DD9797E2BED68A.e.15598"},"setValue",["6/4/25"]]}
RESULT: {"script":"<script> [6424 bytes]","args":[{"element-6066-11e4-a52e-4f735466cecf":"f.E62CCC3EBD73CC3434E37D87B2A77947.d.4857C9466E477EA412DD9797E2BED68A.e.15598"},"setValue",["6/4/25"]]}
COMMAND: POST /session/848251078812a197579c886f13255d0c/element - {"using":"xpath","value":"//label[contains(@class, 'sapMLabelRequired') and .//bdi[contains(text(), 'Planned Retirement')]]"}
RESULT: {"using":"xpath","value":"//label[contains(@class, 'sapMLabelRequired') and .//bdi[contains(text(), 'Planned Retirement')]]"}
COMMAND: POST /session/848251078812a197579c886f13255d0c/elements - {"using":"xpath","value":"//label[contains(@class, 'sapMLabelRequired') and .//bdi[contains(text(), 'Planned Retirement')]]"}
RESULT: {"using":"xpath","value":"//label[contains(@class, 'sapMLabelRequired') and .//bdi[contains(text(), 'Planned Retirement')]]"}
COMMAND: POST /session/848251078812a197579c886f13255d0c/element - {"using":"xpath","value":"//button[@data-kt=\"resourceUnitSaveButton\"]"}
RESULT: {"using":"xpath","value":"//button[@data-kt=\"resourceUnitSaveButton\"]"}
COMMAND: POST /session/848251078812a197579c886f13255d0c/element/f.E62CCC3EBD73CC3434E37D87B2A77947.d.4857C9466E477EA412DD9797E2BED68A.e.15558/click - {}
RESULT: {}
COMMAND: GET /session/848251078812a197579c886f13255d0c/screenshot - {}
RESULT: {}
COMMAND: POST /session/848251078812a197579c886f13255d0c/element - {"using":"xpath","value":"//bdi[contains(text(), \"Close\")]"}
RESULT: {"using":"xpath","value":"//bdi[contains(text(), \"Close\")]"}
COMMAND: POST /session/848251078812a197579c886f13255d0c/element/f.E62CCC3EBD73CC3434E37D87B2A77947.d.4857C9466E477EA412DD9797E2BED68A.e.15781/click - {}
RESULT: {}
COMMAND: GET /session/848251078812a197579c886f13255d0c/screenshot - {}
RESULT: {}
COMMAND: POST /session/848251078812a197579c886f13255d0c/element - {"using":"xpath","value":"(//button[contains(@id ,\"actionsToolbar-overflowButton\")])[1]"}
RESULT: {"using":"xpath","value":"(//button[contains(@id ,\"actionsToolbar-overflowButton\")])[1]"}
COMMAND: POST /session/848251078812a197579c886f13255d0c/element/f.E62CCC3EBD73CC3434E37D87B2A77947.d.4857C9466E477EA412DD9797E2BED68A.e.15842/click - {}
RESULT: {}
COMMAND: GET /session/848251078812a197579c886f13255d0c/screenshot - {}
RESULT: {}
COMMAND: POST /session/848251078812a197579c886f13255d0c/element - {"using":"xpath","value":"//button[@data-kt=\"priceInfoButton\"]"}
RESULT: {"using":"xpath","value":"//button[@data-kt=\"priceInfoButton\"]"}
COMMAND: POST /session/848251078812a197579c886f13255d0c/element/f.E62CCC3EBD73CC3434E37D87B2A77947.d.4857C9466E477EA412DD9797E2BED68A.e.15844/click - {}
RESULT: {}
COMMAND: GET /session/848251078812a197579c886f13255d0c/screenshot - {}
RESULT: {}
COMMAND: POST /session/848251078812a197579c886f13255d0c/element - {"using":"css selector","value":"#shell-header-logo"}
RESULT: {"using":"css selector","value":"#shell-header-logo"}
COMMAND: POST /session/848251078812a197579c886f13255d0c/element/f.E62CCC3EBD73CC3434E37D87B2A77947.d.4857C9466E477EA412DD9797E2BED68A.e.15154/click - {}
RESULT: {}
COMMAND: GET /session/848251078812a197579c886f13255d0c/screenshot - {}
RESULT: {}
]]></system-out>
    </testcase>
    <testcase classname="chrome.136_0_7103_93.windows.Transfer_Yard_to_Yard_US131076" name="Prereq Should create a new equipment multipart" time="131.765">
      <system-out><![CDATA[
RESULT: undefined
COMMAND: POST /session/848251078812a197579c886f13255d0c/element - {"using":"xpath","value":"//*[@id=\"__tile31\"]"}
RESULT: {"using":"xpath","value":"//*[@id=\"__tile31\"]"}
COMMAND: POST /session/848251078812a197579c886f13255d0c/element/f.E62CCC3EBD73CC3434E37D87B2A77947.d.4857C9466E477EA412DD9797E2BED68A.e.14316/click - {}
RESULT: {}
COMMAND: GET /session/848251078812a197579c886f13255d0c/screenshot - {}
RESULT: {}
COMMAND: POST /session/848251078812a197579c886f13255d0c/elements - {"using":"xpath","value":"//span[text()='Error']"}
RESULT: {"using":"xpath","value":"//span[text()='Error']"}
COMMAND: POST /session/848251078812a197579c886f13255d0c/element - {"using":"xpath","value":"//button[@data-kt=\"addNewRUOverflowToolbarButton\"]"}
RESULT: {"using":"xpath","value":"//button[@data-kt=\"addNewRUOverflowToolbarButton\"]"}
COMMAND: POST /session/848251078812a197579c886f13255d0c/elements - {"using":"xpath","value":"//button[@data-kt=\"addNewRUOverflowToolbarButton\"]"}
RESULT: {"using":"xpath","value":"//button[@data-kt=\"addNewRUOverflowToolbarButton\"]"}
COMMAND: POST /session/848251078812a197579c886f13255d0c/execute/sync - {"script":"<script> [8489 bytes]","args":[{"element-6066-11e4-a52e-4f735466cecf":"f.E62CCC3EBD73CC3434E37D87B2A77947.d.4857C9466E477EA412DD9797E2BED68A.e.15961","ELEMENT":"f.E62CCC3EBD73CC3434E37D87B2A77947.d.4857C9466E477EA412DD9797E2BED68A.e.15961"}]}
RESULT: {"script":"<script> [8489 bytes]","args":[{"element-6066-11e4-a52e-4f735466cecf":"f.E62CCC3EBD73CC3434E37D87B2A77947.d.4857C9466E477EA412DD9797E2BED68A.e.15961","ELEMENT":"f.E62CCC3EBD73CC3434E37D87B2A77947.d.4857C9466E477EA412DD9797E2BED68A.e.15961"}]}
COMMAND: GET /session/848251078812a197579c886f13255d0c/element/f.E62CCC3EBD73CC3434E37D87B2A77947.d.4857C9466E477EA412DD9797E2BED68A.e.15961/enabled - {}
COMMAND: GET /session/848251078812a197579c886f13255d0c/screenshot - {}
RESULT: {}
COMMAND: POST /session/848251078812a197579c886f13255d0c/execute/sync - {"script":"<script> [8489 bytes]","args":[{"element-6066-11e4-a52e-4f735466cecf":"f.E62CCC3EBD73CC3434E37D87B2A77947.d.4857C9466E477EA412DD9797E2BED68A.e.15961","ELEMENT":"f.E62CCC3EBD73CC3434E37D87B2A77947.d.4857C9466E477EA412DD9797E2BED68A.e.15961"}]}
COMMAND: GET /session/848251078812a197579c886f13255d0c/screenshot - {}
RESULT: {}
RESULT: {"script":"<script> [8489 bytes]","args":[{"element-6066-11e4-a52e-4f735466cecf":"f.E62CCC3EBD73CC3434E37D87B2A77947.d.4857C9466E477EA412DD9797E2BED68A.e.15961","ELEMENT":"f.E62CCC3EBD73CC3434E37D87B2A77947.d.4857C9466E477EA412DD9797E2BED68A.e.15961"}]}
COMMAND: POST /session/848251078812a197579c886f13255d0c/execute/sync - {"script":"<script> [5351 bytes]","args":[{"element-6066-11e4-a52e-4f735466cecf":"f.E62CCC3EBD73CC3434E37D87B2A77947.d.4857C9466E477EA412DD9797E2BED68A.e.15961","ELEMENT":"f.E62CCC3EBD73CC3434E37D87B2A77947.d.4857C9466E477EA412DD9797E2BED68A.e.15961"}]}
COMMAND: GET /session/848251078812a197579c886f13255d0c/screenshot - {}
RESULT: {}
RESULT: {"script":"<script> [5351 bytes]","args":[{"element-6066-11e4-a52e-4f735466cecf":"f.E62CCC3EBD73CC3434E37D87B2A77947.d.4857C9466E477EA412DD9797E2BED68A.e.15961","ELEMENT":"f.E62CCC3EBD73CC3434E37D87B2A77947.d.4857C9466E477EA412DD9797E2BED68A.e.15961"}]}
COMMAND: POST /session/848251078812a197579c886f13255d0c/element/f.E62CCC3EBD73CC3434E37D87B2A77947.d.4857C9466E477EA412DD9797E2BED68A.e.15961/click - {}
COMMAND: GET /session/848251078812a197579c886f13255d0c/screenshot - {}
RESULT: {}
RESULT: {}
COMMAND: GET /session/848251078812a197579c886f13255d0c/screenshot - {}
RESULT: undefined
COMMAND: POST /session/848251078812a197579c886f13255d0c/element - {"using":"xpath","value":"//*[@id=\"application-manageresources-display-component---newResourceUnit--TYPE-arrow\"]"}
RESULT: {}
RESULT: {}
RESULT: {"using":"xpath","value":"//*[@id=\"application-manageresources-display-component---newResourceUnit--TYPE-arrow\"]"}
COMMAND: POST /session/848251078812a197579c886f13255d0c/element/f.E62CCC3EBD73CC3434E37D87B2A77947.d.4857C9466E477EA412DD9797E2BED68A.e.16310/click - {}
RESULT: {}
COMMAND: POST /session/848251078812a197579c886f13255d0c/element - {"using":"xpath","value":"//input[@id=\"application-manageresources-display-component---newResourceUnit--TYPE-inner\"]"}
COMMAND: GET /session/848251078812a197579c886f13255d0c/screenshot - {}
RESULT: {"using":"xpath","value":"//input[@id=\"application-manageresources-display-component---newResourceUnit--TYPE-inner\"]"}
COMMAND: POST /session/848251078812a197579c886f13255d0c/element/f.E62CCC3EBD73CC3434E37D87B2A77947.d.4857C9466E477EA412DD9797E2BED68A.e.16301/clear - {}
RESULT: {}
RESULT: {}
COMMAND: POST /session/848251078812a197579c886f13255d0c/element/f.E62CCC3EBD73CC3434E37D87B2A77947.d.4857C9466E477EA412DD9797E2BED68A.e.16301/value - {"text":"Equi Multipart"}
COMMAND: GET /session/848251078812a197579c886f13255d0c/screenshot - {}
RESULT: {"text":"Equi Multipart"}
COMMAND: GET /session/848251078812a197579c886f13255d0c/screenshot - {}
RESULT: {}
RESULT: {}
COMMAND: POST /session/848251078812a197579c886f13255d0c/actions - {"actions":[{"id":"action56","type":"key","parameters":{},"actions":[{"type":"keyDown","value":"î€‡"},{"type":"pause","duration":10},{"type":"keyUp","value":"î€‡"}]}]}
RESULT: {"actions":[{"id":"action56","type":"key","parameters":{},"actions":[{"type":"keyDown","value":"î€‡"},{"type":"pause","duration":10},{"type":"keyUp","value":"î€‡"}]}]}
RESULT: undefined
COMMAND: POST /session/848251078812a197579c886f13255d0c/execute/async - {"script":"<script> [776 bytes]","args":[{"enterText":"Equipment Multipart WDIO","selector":{"id":"application-manageresources-display-component---newResourceUnit--SHORT_TEXT","interaction":{"idSuffix":"inner"}},"clearTextFirst":true,"interactionType":"ENTER_TEXT"}]}
COMMAND: GET /session/848251078812a197579c886f13255d0c/screenshot - {}
RESULT: {"script":"<script> [776 bytes]","args":[{"enterText":"Equipment Multipart WDIO","selector":{"id":"application-manageresources-display-component---newResourceUnit--SHORT_TEXT","interaction":{"idSuffix":"inner"}},"clearTextFirst":true,"interactionType":"ENTER_TEXT"}]}
RESULT: undefined
COMMAND: POST /session/848251078812a197579c886f13255d0c/execute/async - {"script":"<script> [776 bytes]","args":[{"enterText":"Piece","selector":{"id":"application-manageresources-display-component---newResourceUnit--BASE_UNIT_OF_MEASURE","interaction":{"idSuffix":"inner"}},"clearTextFirst":true,"interactionType":"ENTER_TEXT"}]}
RESULT: {}
RESULT: {"script":"<script> [776 bytes]","args":[{"enterText":"Piece","selector":{"id":"application-manageresources-display-component---newResourceUnit--BASE_UNIT_OF_MEASURE","interaction":{"idSuffix":"inner"}},"clearTextFirst":true,"interactionType":"ENTER_TEXT"}]}
RESULT: undefined
COMMAND: POST /session/848251078812a197579c886f13255d0c/execute/async - {"script":"<script> [776 bytes]","args":[{"enterText":"Gram","selector":{"id":"application-manageresources-display-component---newResourceUnit--WEIGHT_UNIT","interaction":{"idSuffix":"inner"}},"clearTextFirst":true,"interactionType":"ENTER_TEXT"}]}
RESULT: {"script":"<script> [776 bytes]","args":[{"enterText":"Gram","selector":{"id":"application-manageresources-display-component---newResourceUnit--WEIGHT_UNIT","interaction":{"idSuffix":"inner"}},"clearTextFirst":true,"interactionType":"ENTER_TEXT"}]}
RESULT: undefined
COMMAND: POST /session/848251078812a197579c886f13255d0c/execute/async - {"script":"<script> [776 bytes]","args":[{"enterText":"Meter","selector":{"id":"application-manageresources-display-component---newResourceUnit--DIMENSION_UNIT","interaction":{"idSuffix":"inner"}},"clearTextFirst":true,"interactionType":"ENTER_TEXT"}]}
RESULT: {"script":"<script> [776 bytes]","args":[{"enterText":"Meter","selector":{"id":"application-manageresources-display-component---newResourceUnit--DIMENSION_UNIT","interaction":{"idSuffix":"inner"}},"clearTextFirst":true,"interactionType":"ENTER_TEXT"}]}
RESULT: undefined
COMMAND: POST /session/848251078812a197579c886f13255d0c/element - {"using":"xpath","value":"//*[@id=\"application-manageresources-display-component---newResourceUnit--newRRUPage-anchBar-application-manageresources-display-component---newResourceUnit--control-anchor\"]"}
RESULT: {"using":"xpath","value":"//*[@id=\"application-manageresources-display-component---newResourceUnit--newRRUPage-anchBar-application-manageresources-display-component---newResourceUnit--control-anchor\"]"}
COMMAND: POST /session/848251078812a197579c886f13255d0c/element/f.E62CCC3EBD73CC3434E37D87B2A77947.d.4857C9466E477EA412DD9797E2BED68A.e.16439/click - {}
RESULT: {}
RESULT: undefined
COMMAND: POST /session/848251078812a197579c886f13255d0c/execute/async - {"script":"<script> [776 bytes]","args":[{"enterText":"Heavy Equi","selector":{"id":"application-manageresources-display-component---newResourceUnit--PLANNING_GROUP","interaction":{"idSuffix":"inner"}},"clearTextFirst":true,"interactionType":"ENTER_TEXT"}]}
COMMAND: GET /session/848251078812a197579c886f13255d0c/screenshot - {}
RESULT: {"script":"<script> [776 bytes]","args":[{"enterText":"Heavy Equi","selector":{"id":"application-manageresources-display-component---newResourceUnit--PLANNING_GROUP","interaction":{"idSuffix":"inner"}},"clearTextFirst":true,"interactionType":"ENTER_TEXT"}]}
RESULT: {}
COMMAND: POST /session/848251078812a197579c886f13255d0c/execute/async - {"script":"<script> [1562 bytes]","args":[{"selector":{"id":"application-manageresources-display-component---newResourceUnit--PLANNING_INDICATOR","interaction":{"idSuffix":"inner"}},"wdio_ui5_key":"applicationmanageresources-display-component---newResourceUnit--PLANNING_INDICATOR"}]}
RESULT: {"script":"<script> [1562 bytes]","args":[{"selector":{"id":"application-manageresources-display-component---newResourceUnit--PLANNING_INDICATOR","interaction":{"idSuffix":"inner"}},"wdio_ui5_key":"applicationmanageresources-display-component---newResourceUnit--PLANNING_INDICATOR"}]}
RESULT: undefined
COMMAND: POST /session/848251078812a197579c886f13255d0c/execute/async - {"script":"<script> [776 bytes]","args":[{"enterText":"10 - infinite","selector":{"id":"application-manageresources-display-component---newResourceUnit--PLANNING_INDICATOR","interaction":{"idSuffix":"inner"}},"clearTextFirst":true,"interactionType":"ENTER_TEXT"}]}
RESULT: {"script":"<script> [776 bytes]","args":[{"enterText":"10 - infinite","selector":{"id":"application-manageresources-display-component---newResourceUnit--PLANNING_INDICATOR","interaction":{"idSuffix":"inner"}},"clearTextFirst":true,"interactionType":"ENTER_TEXT"}]}
RESULT: undefined
COMMAND: POST /session/848251078812a197579c886f13255d0c/element - {"using":"xpath","value":"//*[@id=\"application-manageresources-display-component---newResourceUnit--ITEM_TYPE-arrow\"]"}
RESULT: {"using":"xpath","value":"//*[@id=\"application-manageresources-display-component---newResourceUnit--ITEM_TYPE-arrow\"]"}
COMMAND: POST /session/848251078812a197579c886f13255d0c/element/f.E62CCC3EBD73CC3434E37D87B2A77947.d.4857C9466E477EA412DD9797E2BED68A.e.16446/click - {}
RESULT: {}
COMMAND: GET /session/848251078812a197579c886f13255d0c/screenshot - {}
RESULT: {}
COMMAND: POST /session/848251078812a197579c886f13255d0c/execute/async - {"script":"<script> [1562 bytes]","args":[{"selector":{"controlType":"sap.m.StandardListItem","viewName":"reusables.view.manageresources.NewResourceUnit","viewId":"application-manageresources-display-component---newResourceUnit","properties":{"title":"Pool Equipment"},"searchOpenDialogs":true,"interaction":{"idSuffix":"content"}},"wdio_ui5_key":"reusablesview.manageresources.NewResourceUnitsap.m.StandardListItem{\"title\":\"Pool Equipment\"}"}]}
RESULT: {"script":"<script> [1562 bytes]","args":[{"selector":{"controlType":"sap.m.StandardListItem","viewName":"reusables.view.manageresources.NewResourceUnit","viewId":"application-manageresources-display-component---newResourceUnit","properties":{"title":"Pool Equipment"},"searchOpenDialogs":true,"interaction":{"idSuffix":"content"}},"wdio_ui5_key":"reusablesview.manageresources.NewResourceUnitsap.m.StandardListItem{\"title\":\"Pool Equipment\"}"}]}
RESULT: undefined
COMMAND: POST /session/848251078812a197579c886f13255d0c/element - {"using":"xpath","value":"//*[@id=\"__item1510\"]"}
RESULT: {"using":"xpath","value":"//*[@id=\"__item1510\"]"}
COMMAND: POST /session/848251078812a197579c886f13255d0c/element/f.E62CCC3EBD73CC3434E37D87B2A77947.d.4857C9466E477EA412DD9797E2BED68A.e.16448/click - {}
RESULT: {}
COMMAND: GET /session/848251078812a197579c886f13255d0c/screenshot - {}
RESULT: {}
COMMAND: POST /session/848251078812a197579c886f13255d0c/element - {"using":"css selector","value":"#application-manageresources-display-component---newResourceUnit--btnAddTimeSegment"}
RESULT: {"using":"css selector","value":"#application-manageresources-display-component---newResourceUnit--btnAddTimeSegment"}
COMMAND: GET /session/848251078812a197579c886f13255d0c/element/f.E62CCC3EBD73CC3434E37D87B2A77947.d.4857C9466E477EA412DD9797E2BED68A.e.16510/rect - {}
RESULT: {}
COMMAND: GET /session/848251078812a197579c886f13255d0c/window/rect - {}
RESULT: {}
COMMAND: POST /session/848251078812a197579c886f13255d0c/execute/sync - {"script":"<script> [92 bytes]","args":[]}
RESULT: {"script":"<script> [92 bytes]","args":[]}
COMMAND: POST /session/848251078812a197579c886f13255d0c/actions - {"actions":[{"id":"action57","type":"wheel","parameters":{},"actions":[{"type":"scroll","x":-1888,"y":-32,"deltaX":0,"deltaY":0,"duration":0,"origin":{"element-6066-11e4-a52e-4f735466cecf":"f.E62CCC3EBD73CC3434E37D87B2A77947.d.4857C9466E477EA412DD9797E2BED68A.e.16510"}}]}]}
COMMAND: GET /session/848251078812a197579c886f13255d0c/screenshot - {}
RESULT: {}
COMMAND: POST /session/848251078812a197579c886f13255d0c/execute/sync - {"script":"<script> [79 bytes]","args":[{"element-6066-11e4-a52e-4f735466cecf":"f.E62CCC3EBD73CC3434E37D87B2A77947.d.4857C9466E477EA412DD9797E2BED68A.e.16510","ELEMENT":"f.E62CCC3EBD73CC3434E37D87B2A77947.d.4857C9466E477EA412DD9797E2BED68A.e.16510"},{"block":"start","inline":"nearest"}]}
RESULT: {"script":"<script> [79 bytes]","args":[{"element-6066-11e4-a52e-4f735466cecf":"f.E62CCC3EBD73CC3434E37D87B2A77947.d.4857C9466E477EA412DD9797E2BED68A.e.16510","ELEMENT":"f.E62CCC3EBD73CC3434E37D87B2A77947.d.4857C9466E477EA412DD9797E2BED68A.e.16510"},{"block":"start","inline":"nearest"}]}
RESULT: undefined
COMMAND: POST /session/848251078812a197579c886f13255d0c/element - {"using":"xpath","value":"//*[@id=\"application-manageresources-display-component---newResourceUnit--btnAddTimeSegment\"]"}
COMMAND: GET /session/848251078812a197579c886f13255d0c/screenshot - {}
RESULT: {"using":"xpath","value":"//*[@id=\"application-manageresources-display-component---newResourceUnit--btnAddTimeSegment\"]"}
COMMAND: POST /session/848251078812a197579c886f13255d0c/element/f.E62CCC3EBD73CC3434E37D87B2A77947.d.4857C9466E477EA412DD9797E2BED68A.e.16510/click - {}
RESULT: {}
RESULT: {}
COMMAND: GET /session/848251078812a197579c886f13255d0c/screenshot - {}
RESULT: {}
COMMAND: POST /session/848251078812a197579c886f13255d0c/element - {"using":"xpath","value":"//input[@id=\"application-manageresources-display-component---newResourceUnit--idRuTSAdmin-application-manageresources-display-component---newResourceUnit--RUTimeSegment-0-inner\"]"}
RESULT: {"using":"xpath","value":"//input[@id=\"application-manageresources-display-component---newResourceUnit--idRuTSAdmin-application-manageresources-display-component---newResourceUnit--RUTimeSegment-0-inner\"]"}
COMMAND: POST /session/848251078812a197579c886f13255d0c/element/f.E62CCC3EBD73CC3434E37D87B2A77947.d.4857C9466E477EA412DD9797E2BED68A.e.16515/clear - {}
RESULT: {}
COMMAND: POST /session/848251078812a197579c886f13255d0c/element/f.E62CCC3EBD73CC3434E37D87B2A77947.d.4857C9466E477EA412DD9797E2BED68A.e.16515/value - {"text":"647"}
COMMAND: GET /session/848251078812a197579c886f13255d0c/screenshot - {}
RESULT: {"text":"647"}
COMMAND: GET /session/848251078812a197579c886f13255d0c/screenshot - {}
RESULT: {}
RESULT: {}
COMMAND: POST /session/848251078812a197579c886f13255d0c/element - {"using":"xpath","value":"//li[.//span[text()='647']]"}
RESULT: {"using":"xpath","value":"//li[.//span[text()='647']]"}
COMMAND: POST /session/848251078812a197579c886f13255d0c/element/f.E62CCC3EBD73CC3434E37D87B2A77947.d.4857C9466E477EA412DD9797E2BED68A.e.16528/click - {}
RESULT: {}
COMMAND: GET /session/848251078812a197579c886f13255d0c/screenshot - {}
RESULT: {}
COMMAND: POST /session/848251078812a197579c886f13255d0c/element - {"using":"xpath","value":"(//span[contains(@id, \"-application-manageresources-display-component---newResourceUnit--RUTimeSegment-0-arrow\")])[5]"}
RESULT: {"using":"xpath","value":"(//span[contains(@id, \"-application-manageresources-display-component---newResourceUnit--RUTimeSegment-0-arrow\")])[5]"}
COMMAND: POST /session/848251078812a197579c886f13255d0c/element/f.E62CCC3EBD73CC3434E37D87B2A77947.d.4857C9466E477EA412DD9797E2BED68A.e.16529/click - {}
RESULT: {}
COMMAND: GET /session/848251078812a197579c886f13255d0c/screenshot - {}
RESULT: {}
COMMAND: POST /session/848251078812a197579c886f13255d0c/element - {"using":"xpath","value":"//span[contains(text(), \"PM Order\")]"}
RESULT: {"using":"xpath","value":"//span[contains(text(), \"PM Order\")]"}
COMMAND: POST /session/848251078812a197579c886f13255d0c/element/f.E62CCC3EBD73CC3434E37D87B2A77947.d.4857C9466E477EA412DD9797E2BED68A.e.16530/click - {}
RESULT: {}
COMMAND: GET /session/848251078812a197579c886f13255d0c/screenshot - {}
RESULT: {}
COMMAND: POST /session/848251078812a197579c886f13255d0c/element - {"using":"xpath","value":"(//span[contains(@id ,\"manageresources-display-component---newResourceUnit--RUTimeSegment-0-vhi\")])[1]"}
RESULT: {"using":"xpath","value":"(//span[contains(@id ,\"manageresources-display-component---newResourceUnit--RUTimeSegment-0-vhi\")])[1]"}
COMMAND: GET /session/848251078812a197579c886f13255d0c/element/f.E62CCC3EBD73CC3434E37D87B2A77947.d.4857C9466E477EA412DD9797E2BED68A.e.16534/rect - {}
RESULT: {}
COMMAND: GET /session/848251078812a197579c886f13255d0c/window/rect - {}
RESULT: {}
COMMAND: POST /session/848251078812a197579c886f13255d0c/execute/sync - {"script":"<script> [92 bytes]","args":[]}
RESULT: {"script":"<script> [92 bytes]","args":[]}
COMMAND: POST /session/848251078812a197579c886f13255d0c/actions - {"actions":[{"id":"action58","type":"wheel","parameters":{},"actions":[{"type":"scroll","x":-1888,"y":-24,"deltaX":0,"deltaY":0,"duration":0,"origin":{"element-6066-11e4-a52e-4f735466cecf":"f.E62CCC3EBD73CC3434E37D87B2A77947.d.4857C9466E477EA412DD9797E2BED68A.e.16534"}}]}]}
COMMAND: GET /session/848251078812a197579c886f13255d0c/screenshot - {}
RESULT: {}
COMMAND: POST /session/848251078812a197579c886f13255d0c/execute/sync - {"script":"<script> [79 bytes]","args":[{"element-6066-11e4-a52e-4f735466cecf":"f.E62CCC3EBD73CC3434E37D87B2A77947.d.4857C9466E477EA412DD9797E2BED68A.e.16534","ELEMENT":"f.E62CCC3EBD73CC3434E37D87B2A77947.d.4857C9466E477EA412DD9797E2BED68A.e.16534"},{"block":"start","inline":"nearest"}]}
RESULT: {"script":"<script> [79 bytes]","args":[{"element-6066-11e4-a52e-4f735466cecf":"f.E62CCC3EBD73CC3434E37D87B2A77947.d.4857C9466E477EA412DD9797E2BED68A.e.16534","ELEMENT":"f.E62CCC3EBD73CC3434E37D87B2A77947.d.4857C9466E477EA412DD9797E2BED68A.e.16534"},{"block":"start","inline":"nearest"}]}
COMMAND: GET /session/848251078812a197579c886f13255d0c/screenshot - {}
RESULT: {}
COMMAND: POST /session/848251078812a197579c886f13255d0c/element/f.E62CCC3EBD73CC3434E37D87B2A77947.d.4857C9466E477EA412DD9797E2BED68A.e.16534/click - {}
RESULT: {}
COMMAND: GET /session/848251078812a197579c886f13255d0c/screenshot - {}
RESULT: {}
RESULT: undefined
COMMAND: POST /session/848251078812a197579c886f13255d0c/execute/async - {"script":"<script> [776 bytes]","args":[{"enterText":"4000360","selector":{"controlType":"sap.m.SearchField","properties":{"placeholder":"Search"},"searchOpenDialogs":true,"interaction":{"idSuffix":"I"}},"clearTextFirst":true,"interactionType":"ENTER_TEXT"}]}
RESULT: {"script":"<script> [776 bytes]","args":[{"enterText":"4000360","selector":{"controlType":"sap.m.SearchField","properties":{"placeholder":"Search"},"searchOpenDialogs":true,"interaction":{"idSuffix":"I"}},"clearTextFirst":true,"interactionType":"ENTER_TEXT"}]}
COMMAND: POST /session/848251078812a197579c886f13255d0c/actions - {"actions":[{"id":"action59","type":"key","parameters":{},"actions":[{"type":"keyDown","value":"î€‡"},{"type":"pause","duration":10},{"type":"keyUp","value":"î€‡"}]}]}
RESULT: {"actions":[{"id":"action59","type":"key","parameters":{},"actions":[{"type":"keyDown","value":"î€‡"},{"type":"pause","duration":10},{"type":"keyUp","value":"î€‡"}]}]}
COMMAND: GET /session/848251078812a197579c886f13255d0c/screenshot - {}
RESULT: {}
COMMAND: POST /session/848251078812a197579c886f13255d0c/element - {"using":"xpath","value":"//td/div/span[contains(text(), \"BGL Vehicles\")]"}
RESULT: {"using":"xpath","value":"//td/div/span[contains(text(), \"BGL Vehicles\")]"}
COMMAND: POST /session/848251078812a197579c886f13255d0c/element/f.E62CCC3EBD73CC3434E37D87B2A77947.d.4857C9466E477EA412DD9797E2BED68A.e.16554/click - {}
RESULT: {}
COMMAND: GET /session/848251078812a197579c886f13255d0c/screenshot - {}
RESULT: {}
COMMAND: POST /session/848251078812a197579c886f13255d0c/element - {"using":"xpath","value":"//bdi[contains(text(), \"OK\")]"}
RESULT: {"using":"xpath","value":"//bdi[contains(text(), \"OK\")]"}
COMMAND: POST /session/848251078812a197579c886f13255d0c/element/f.E62CCC3EBD73CC3434E37D87B2A77947.d.4857C9466E477EA412DD9797E2BED68A.e.16555/click - {}
RESULT: {}
COMMAND: GET /session/848251078812a197579c886f13255d0c/screenshot - {}
RESULT: {}
COMMAND: POST /session/848251078812a197579c886f13255d0c/element - {"using":"xpath","value":"//label[contains(@class, 'sapMLabelRequired') and .//bdi[contains(text(), 'Planned Retirement')]]"}
RESULT: {"using":"xpath","value":"//label[contains(@class, 'sapMLabelRequired') and .//bdi[contains(text(), 'Planned Retirement')]]"}
COMMAND: POST /session/848251078812a197579c886f13255d0c/elements - {"using":"xpath","value":"//label[contains(@class, 'sapMLabelRequired') and .//bdi[contains(text(), 'Planned Retirement')]]"}
RESULT: {"using":"xpath","value":"//label[contains(@class, 'sapMLabelRequired') and .//bdi[contains(text(), 'Planned Retirement')]]"}
COMMAND: POST /session/848251078812a197579c886f13255d0c/element - {"using":"xpath","value":"//button[@data-kt=\"resourceUnitSaveButton\"]"}
RESULT: {"using":"xpath","value":"//button[@data-kt=\"resourceUnitSaveButton\"]"}
COMMAND: POST /session/848251078812a197579c886f13255d0c/element/f.E62CCC3EBD73CC3434E37D87B2A77947.d.4857C9466E477EA412DD9797E2BED68A.e.16327/click - {}
RESULT: {}
COMMAND: GET /session/848251078812a197579c886f13255d0c/screenshot - {}
RESULT: {}
COMMAND: POST /session/848251078812a197579c886f13255d0c/element - {"using":"xpath","value":"//bdi[contains(text(), \"Close\")]"}
RESULT: {"using":"xpath","value":"//bdi[contains(text(), \"Close\")]"}
COMMAND: POST /session/848251078812a197579c886f13255d0c/element/f.E62CCC3EBD73CC3434E37D87B2A77947.d.4857C9466E477EA412DD9797E2BED68A.e.16561/click - {}
RESULT: {}
COMMAND: GET /session/848251078812a197579c886f13255d0c/screenshot - {}
RESULT: {}
COMMAND: POST /session/848251078812a197579c886f13255d0c/element - {"using":"xpath","value":"//header[contains(@id, 'detailRruPage-headerTitle')]/div[1]/div[2]/div[2]/span[1]"}
RESULT: {"using":"xpath","value":"//header[contains(@id, 'detailRruPage-headerTitle')]/div[1]/div[2]/div[2]/span[1]"}
COMMAND: POST /session/848251078812a197579c886f13255d0c/elements - {"using":"xpath","value":"//header[contains(@id, 'detailRruPage-headerTitle')]/div[1]/div[2]/div[2]/span[1]"}
RESULT: {"using":"xpath","value":"//header[contains(@id, 'detailRruPage-headerTitle')]/div[1]/div[2]/div[2]/span[1]"}
COMMAND: POST /session/848251078812a197579c886f13255d0c/execute/sync - {"script":"<script> [56 bytes]","args":[{"element-6066-11e4-a52e-4f735466cecf":"f.E62CCC3EBD73CC3434E37D87B2A77947.d.4857C9466E477EA412DD9797E2BED68A.e.16587","ELEMENT":"f.E62CCC3EBD73CC3434E37D87B2A77947.d.4857C9466E477EA412DD9797E2BED68A.e.16587"}]}
RESULT: {"script":"<script> [56 bytes]","args":[{"element-6066-11e4-a52e-4f735466cecf":"f.E62CCC3EBD73CC3434E37D87B2A77947.d.4857C9466E477EA412DD9797E2BED68A.e.16587","ELEMENT":"f.E62CCC3EBD73CC3434E37D87B2A77947.d.4857C9466E477EA412DD9797E2BED68A.e.16587"}]}
COMMAND: POST /session/848251078812a197579c886f13255d0c/element - {"using":"css selector","value":"#shell-header-logo"}
COMMAND: GET /session/848251078812a197579c886f13255d0c/screenshot - {}
RESULT: {"using":"css selector","value":"#shell-header-logo"}
COMMAND: POST /session/848251078812a197579c886f13255d0c/element/f.E62CCC3EBD73CC3434E37D87B2A77947.d.4857C9466E477EA412DD9797E2BED68A.e.15922/click - {}
RESULT: {}
RESULT: {}
COMMAND: GET /session/848251078812a197579c886f13255d0c/screenshot - {}
RESULT: {}
]]></system-out>
    </testcase>
  </testsuite>
</testsuites>