<?xml version="1.0" encoding="UTF-8"?>
<testsuites tests="49" failures="0" errors="0" skipped="0">
  <testsuite timestamp="2025-04-21T15:07:46" time="1663.165" tests="49" failures="0" errors="0" skipped="0">
    <properties>
      <property name="specId" value="0"/>
      <property name="suiteName" value="Sanity Tests US104253"/>
      <property name="capabilities" value="chrome.135_0_7049_42.windows"/>
      <property name="file" value="file:///D:/a/1/s/test/specs/General/sanity.spec.js"/>
    </properties>
    <testcase classname="chrome.135_0_7049_42.windows.Sanity_Tests_US104253" name="Should open Manage Partners page" time="31.69">
      <system-out><![CDATA[
COMMAND: POST /session/be70287e4f4cadcf3f1092f2387a5597/execute/async - {"script":"<script> [1562 bytes]","args":[{"selector":{"controlType":"sap.m.GenericTile","properties":{"header":"Manage Partners"}},"wdio_ui5_key":"sapm.GenericTile{\"header\":\"Manage Partners\"}"}]}
RESULT: {"script":"<script> [1562 bytes]","args":[{"selector":{"controlType":"sap.m.GenericTile","properties":{"header":"Manage Partners"}},"wdio_ui5_key":"sapm.GenericTile{\"header\":\"Manage Partners\"}"}]}
RESULT: undefined
COMMAND: POST /session/be70287e4f4cadcf3f1092f2387a5597/element - {"using":"xpath","value":"//*[@id=\"__tile38\"]"}
RESULT: {"using":"xpath","value":"//*[@id=\"__tile38\"]"}
COMMAND: POST /session/be70287e4f4cadcf3f1092f2387a5597/element/f.ADED239B795CA95CF93BAE70182185CF.d.612FD643C83522FEBC103406F3B360FA.e.114/click - {}
RESULT: {}
COMMAND: GET /session/be70287e4f4cadcf3f1092f2387a5597/screenshot - {}
RESULT: {}
RESULT: undefined
COMMAND: POST /session/be70287e4f4cadcf3f1092f2387a5597/element - {"using":"xpath","value":"//*[@id=\"__tile38\"]"}
RESULT: {"using":"xpath","value":"//*[@id=\"__tile38\"]"}
COMMAND: POST /session/be70287e4f4cadcf3f1092f2387a5597/element/f.ADED239B795CA95CF93BAE70182185CF.d.612FD643C83522FEBC103406F3B360FA.e.114/click - {}
RESULT: undefined
COMMAND: POST /session/be70287e4f4cadcf3f1092f2387a5597/element - {"using":"xpath","value":"//*[@id=\"__tile38\"]"}
RESULT: {"using":"xpath","value":"//*[@id=\"__tile38\"]"}
COMMAND: POST /session/be70287e4f4cadcf3f1092f2387a5597/element/f.ADED239B795CA95CF93BAE70182185CF.d.612FD643C83522FEBC103406F3B360FA.e.114/click - {}
COMMAND: POST /session/be70287e4f4cadcf3f1092f2387a5597/execute/async - {"script":"<script> [1562 bytes]","args":[{"selector":{"id":"shellAppTitle"},"wdio_ui5_key":"shellAppTitle"}]}
RESULT: {"script":"<script> [1562 bytes]","args":[{"selector":{"id":"shellAppTitle"},"wdio_ui5_key":"shellAppTitle"}]}
RESULT: undefined
COMMAND: POST /session/be70287e4f4cadcf3f1092f2387a5597/execute/async - {"script":"<script> [6424 bytes]","args":[{"element-6066-11e4-a52e-4f735466cecf":"f.ADED239B795CA95CF93BAE70182185CF.d.612FD643C83522FEBC103406F3B360FA.e.288"},"getTitle",[]]}
RESULT: {"script":"<script> [6424 bytes]","args":[{"element-6066-11e4-a52e-4f735466cecf":"f.ADED239B795CA95CF93BAE70182185CF.d.612FD643C83522FEBC103406F3B360FA.e.288"},"getTitle",[]]}
COMMAND: POST /session/be70287e4f4cadcf3f1092f2387a5597/execute/async - {"script":"<script> [1562 bytes]","args":[{"selector":{"id":"backBtn"},"wdio_ui5_key":"backBtn"}]}
RESULT: {"script":"<script> [1562 bytes]","args":[{"selector":{"id":"backBtn"},"wdio_ui5_key":"backBtn"}]}
RESULT: undefined
COMMAND: POST /session/be70287e4f4cadcf3f1092f2387a5597/element - {"using":"xpath","value":"//*[@id=\"backBtn\"]"}
RESULT: {"using":"xpath","value":"//*[@id=\"backBtn\"]"}
COMMAND: POST /session/be70287e4f4cadcf3f1092f2387a5597/element/f.ADED239B795CA95CF93BAE70182185CF.d.612FD643C83522FEBC103406F3B360FA.e.289/click - {}
RESULT: {}
COMMAND: GET /session/be70287e4f4cadcf3f1092f2387a5597/screenshot - {}
RESULT: {}
]]></system-out>
    </testcase>
    <testcase classname="chrome.135_0_7049_42.windows.Sanity_Tests_US104253" name="Should open Manage Sites page" time="32.833">
      <system-out><![CDATA[
COMMAND: POST /session/be70287e4f4cadcf3f1092f2387a5597/execute/async - {"script":"<script> [1562 bytes]","args":[{"selector":{"controlType":"sap.m.GenericTile","properties":{"header":"Manage Sites"}},"wdio_ui5_key":"sapm.GenericTile{\"header\":\"Manage Sites\"}"}]}
RESULT: {"script":"<script> [1562 bytes]","args":[{"selector":{"controlType":"sap.m.GenericTile","properties":{"header":"Manage Sites"}},"wdio_ui5_key":"sapm.GenericTile{\"header\":\"Manage Sites\"}"}]}
RESULT: undefined
COMMAND: POST /session/be70287e4f4cadcf3f1092f2387a5597/element - {"using":"xpath","value":"//*[@id=\"__tile40\"]"}
RESULT: {"using":"xpath","value":"//*[@id=\"__tile40\"]"}
COMMAND: POST /session/be70287e4f4cadcf3f1092f2387a5597/element/f.ADED239B795CA95CF93BAE70182185CF.d.612FD643C83522FEBC103406F3B360FA.e.291/click - {}
RESULT: {}
COMMAND: GET /session/be70287e4f4cadcf3f1092f2387a5597/screenshot - {}
RESULT: {}
RESULT: undefined
COMMAND: POST /session/be70287e4f4cadcf3f1092f2387a5597/element - {"using":"xpath","value":"//*[@id=\"__tile40\"]"}
RESULT: {"using":"xpath","value":"//*[@id=\"__tile40\"]"}
COMMAND: POST /session/be70287e4f4cadcf3f1092f2387a5597/element/f.ADED239B795CA95CF93BAE70182185CF.d.612FD643C83522FEBC103406F3B360FA.e.291/click - {}
RESULT: undefined
COMMAND: POST /session/be70287e4f4cadcf3f1092f2387a5597/element - {"using":"xpath","value":"//*[@id=\"__tile40\"]"}
RESULT: {"using":"xpath","value":"//*[@id=\"__tile40\"]"}
COMMAND: POST /session/be70287e4f4cadcf3f1092f2387a5597/element/f.ADED239B795CA95CF93BAE70182185CF.d.612FD643C83522FEBC103406F3B360FA.e.291/click - {}
RESULT: undefined
COMMAND: POST /session/be70287e4f4cadcf3f1092f2387a5597/execute/async - {"script":"<script> [6424 bytes]","args":[{"element-6066-11e4-a52e-4f735466cecf":"f.ADED239B795CA95CF93BAE70182185CF.d.612FD643C83522FEBC103406F3B360FA.e.288"},"getTitle",[]]}
COMMAND: POST /session/be70287e4f4cadcf3f1092f2387a5597/execute/async - {"script":"<script> [1562 bytes]","args":[{"selector":{"id":"shellAppTitle"},"wdio_ui5_key":"shellAppTitle"}]}
RESULT: {"script":"<script> [1562 bytes]","args":[{"selector":{"id":"shellAppTitle"},"wdio_ui5_key":"shellAppTitle"}]}
COMMAND: POST /session/be70287e4f4cadcf3f1092f2387a5597/execute/async - {"script":"<script> [6424 bytes]","args":[{"element-6066-11e4-a52e-4f735466cecf":"f.ADED239B795CA95CF93BAE70182185CF.d.612FD643C83522FEBC103406F3B360FA.e.662"},"getTitle",[]]}
RESULT: {"script":"<script> [6424 bytes]","args":[{"element-6066-11e4-a52e-4f735466cecf":"f.ADED239B795CA95CF93BAE70182185CF.d.612FD643C83522FEBC103406F3B360FA.e.662"},"getTitle",[]]}
RESULT: undefined
COMMAND: POST /session/be70287e4f4cadcf3f1092f2387a5597/element/f.ADED239B795CA95CF93BAE70182185CF.d.612FD643C83522FEBC103406F3B360FA.e.289/click - {}
RESULT: {}
COMMAND: GET /session/be70287e4f4cadcf3f1092f2387a5597/screenshot - {}
RESULT: {}
]]></system-out>
    </testcase>
    <testcase classname="chrome.135_0_7049_42.windows.Sanity_Tests_US104253" name="Should open Manage Resources page" time="30.591">
      <system-out><![CDATA[
COMMAND: POST /session/be70287e4f4cadcf3f1092f2387a5597/execute/async - {"script":"<script> [1562 bytes]","args":[{"selector":{"controlType":"sap.m.GenericTile","properties":{"header":"Manage Resources"}},"wdio_ui5_key":"sapm.GenericTile{\"header\":\"Manage Resources\"}"}]}
RESULT: {"script":"<script> [1562 bytes]","args":[{"selector":{"controlType":"sap.m.GenericTile","properties":{"header":"Manage Resources"}},"wdio_ui5_key":"sapm.GenericTile{\"header\":\"Manage Resources\"}"}]}
RESULT: undefined
COMMAND: POST /session/be70287e4f4cadcf3f1092f2387a5597/element - {"using":"xpath","value":"//*[@id=\"__tile39\"]"}
RESULT: {"using":"xpath","value":"//*[@id=\"__tile39\"]"}
COMMAND: POST /session/be70287e4f4cadcf3f1092f2387a5597/element/f.ADED239B795CA95CF93BAE70182185CF.d.612FD643C83522FEBC103406F3B360FA.e.664/click - {}
RESULT: {}
COMMAND: GET /session/be70287e4f4cadcf3f1092f2387a5597/screenshot - {}
RESULT: {}
RESULT: undefined
COMMAND: POST /session/be70287e4f4cadcf3f1092f2387a5597/element - {"using":"xpath","value":"//*[@id=\"__tile39\"]"}
RESULT: {"using":"xpath","value":"//*[@id=\"__tile39\"]"}
COMMAND: POST /session/be70287e4f4cadcf3f1092f2387a5597/element/f.ADED239B795CA95CF93BAE70182185CF.d.612FD643C83522FEBC103406F3B360FA.e.664/click - {}
RESULT: undefined
COMMAND: POST /session/be70287e4f4cadcf3f1092f2387a5597/element - {"using":"xpath","value":"//*[@id=\"__tile39\"]"}
RESULT: {"using":"xpath","value":"//*[@id=\"__tile39\"]"}
COMMAND: POST /session/be70287e4f4cadcf3f1092f2387a5597/element/f.ADED239B795CA95CF93BAE70182185CF.d.612FD643C83522FEBC103406F3B360FA.e.664/click - {}
RESULT: undefined
RESULT: undefined
COMMAND: POST /session/be70287e4f4cadcf3f1092f2387a5597/execute/async - {"script":"<script> [6424 bytes]","args":[{"element-6066-11e4-a52e-4f735466cecf":"f.ADED239B795CA95CF93BAE70182185CF.d.612FD643C83522FEBC103406F3B360FA.e.288"},"getTitle",[]]}
COMMAND: POST /session/be70287e4f4cadcf3f1092f2387a5597/execute/async - {"script":"<script> [1562 bytes]","args":[{"selector":{"id":"shellAppTitle"},"wdio_ui5_key":"shellAppTitle"}]}
RESULT: {"script":"<script> [1562 bytes]","args":[{"selector":{"id":"shellAppTitle"},"wdio_ui5_key":"shellAppTitle"}]}
COMMAND: POST /session/be70287e4f4cadcf3f1092f2387a5597/execute/async - {"script":"<script> [6424 bytes]","args":[{"element-6066-11e4-a52e-4f735466cecf":"f.ADED239B795CA95CF93BAE70182185CF.d.612FD643C83522FEBC103406F3B360FA.e.834"},"getTitle",[]]}
RESULT: {"script":"<script> [6424 bytes]","args":[{"element-6066-11e4-a52e-4f735466cecf":"f.ADED239B795CA95CF93BAE70182185CF.d.612FD643C83522FEBC103406F3B360FA.e.834"},"getTitle",[]]}
RESULT: undefined
COMMAND: POST /session/be70287e4f4cadcf3f1092f2387a5597/element/f.ADED239B795CA95CF93BAE70182185CF.d.612FD643C83522FEBC103406F3B360FA.e.289/click - {}
COMMAND: POST /session/be70287e4f4cadcf3f1092f2387a5597/element - {"using":"xpath","value":"//*[@id=\"backBtn\"]"}
RESULT: {"using":"xpath","value":"//*[@id=\"backBtn\"]"}
COMMAND: POST /session/be70287e4f4cadcf3f1092f2387a5597/element/f.ADED239B795CA95CF93BAE70182185CF.d.612FD643C83522FEBC103406F3B360FA.e.289/click - {}
COMMAND: POST /session/be70287e4f4cadcf3f1092f2387a5597/element - {"using":"xpath","value":"//*[@id=\"backBtn\"]"}
RESULT: {"using":"xpath","value":"//*[@id=\"backBtn\"]"}
COMMAND: POST /session/be70287e4f4cadcf3f1092f2387a5597/element/f.ADED239B795CA95CF93BAE70182185CF.d.612FD643C83522FEBC103406F3B360FA.e.835/click - {}
RESULT: {}
COMMAND: GET /session/be70287e4f4cadcf3f1092f2387a5597/screenshot - {}
RESULT: {}
]]></system-out>
    </testcase>
    <testcase classname="chrome.135_0_7049_42.windows.Sanity_Tests_US104253" name="Should open Manage Catalogs page" time="31.668">
      <system-out><![CDATA[
COMMAND: POST /session/be70287e4f4cadcf3f1092f2387a5597/execute/async - {"script":"<script> [1562 bytes]","args":[{"selector":{"controlType":"sap.m.GenericTile","properties":{"header":"Manage Catalogs"}},"wdio_ui5_key":"sapm.GenericTile{\"header\":\"Manage Catalogs\"}"}]}
RESULT: {"script":"<script> [1562 bytes]","args":[{"selector":{"controlType":"sap.m.GenericTile","properties":{"header":"Manage Catalogs"}},"wdio_ui5_key":"sapm.GenericTile{\"header\":\"Manage Catalogs\"}"}]}
RESULT: undefined
COMMAND: POST /session/be70287e4f4cadcf3f1092f2387a5597/element - {"using":"xpath","value":"//*[@id=\"__tile37\"]"}
RESULT: {"using":"xpath","value":"//*[@id=\"__tile37\"]"}
COMMAND: POST /session/be70287e4f4cadcf3f1092f2387a5597/element/f.ADED239B795CA95CF93BAE70182185CF.d.612FD643C83522FEBC103406F3B360FA.e.837/click - {}
RESULT: {}
COMMAND: GET /session/be70287e4f4cadcf3f1092f2387a5597/screenshot - {}
RESULT: {}
RESULT: undefined
COMMAND: POST /session/be70287e4f4cadcf3f1092f2387a5597/element - {"using":"xpath","value":"//*[@id=\"__tile37\"]"}
RESULT: {"using":"xpath","value":"//*[@id=\"__tile37\"]"}
COMMAND: POST /session/be70287e4f4cadcf3f1092f2387a5597/element/f.ADED239B795CA95CF93BAE70182185CF.d.612FD643C83522FEBC103406F3B360FA.e.837/click - {}
RESULT: undefined
COMMAND: POST /session/be70287e4f4cadcf3f1092f2387a5597/element - {"using":"xpath","value":"//*[@id=\"__tile37\"]"}
RESULT: {"using":"xpath","value":"//*[@id=\"__tile37\"]"}
COMMAND: POST /session/be70287e4f4cadcf3f1092f2387a5597/element/f.ADED239B795CA95CF93BAE70182185CF.d.612FD643C83522FEBC103406F3B360FA.e.837/click - {}
RESULT: undefined
COMMAND: POST /session/be70287e4f4cadcf3f1092f2387a5597/execute/async - {"script":"<script> [6424 bytes]","args":[{"element-6066-11e4-a52e-4f735466cecf":"f.ADED239B795CA95CF93BAE70182185CF.d.612FD643C83522FEBC103406F3B360FA.e.288"},"getTitle",[]]}
COMMAND: POST /session/be70287e4f4cadcf3f1092f2387a5597/execute/async - {"script":"<script> [1562 bytes]","args":[{"selector":{"id":"shellAppTitle"},"wdio_ui5_key":"shellAppTitle"}]}
RESULT: {"script":"<script> [1562 bytes]","args":[{"selector":{"id":"shellAppTitle"},"wdio_ui5_key":"shellAppTitle"}]}
COMMAND: POST /session/be70287e4f4cadcf3f1092f2387a5597/execute/async - {"script":"<script> [6424 bytes]","args":[{"element-6066-11e4-a52e-4f735466cecf":"f.ADED239B795CA95CF93BAE70182185CF.d.612FD643C83522FEBC103406F3B360FA.e.906"},"getTitle",[]]}
RESULT: {"script":"<script> [6424 bytes]","args":[{"element-6066-11e4-a52e-4f735466cecf":"f.ADED239B795CA95CF93BAE70182185CF.d.612FD643C83522FEBC103406F3B360FA.e.906"},"getTitle",[]]}
RESULT: undefined
COMMAND: POST /session/be70287e4f4cadcf3f1092f2387a5597/element/f.ADED239B795CA95CF93BAE70182185CF.d.612FD643C83522FEBC103406F3B360FA.e.835/click - {}
RESULT: {}
COMMAND: GET /session/be70287e4f4cadcf3f1092f2387a5597/screenshot - {}
RESULT: {}
]]></system-out>
    </testcase>
    <testcase classname="chrome.135_0_7049_42.windows.Sanity_Tests_US104253" name="Should open Manage Calendars page" time="31.157">
      <system-out><![CDATA[
COMMAND: POST /session/be70287e4f4cadcf3f1092f2387a5597/execute/async - {"script":"<script> [1562 bytes]","args":[{"selector":{"controlType":"sap.m.GenericTile","properties":{"header":"Manage Calendars"}},"wdio_ui5_key":"sapm.GenericTile{\"header\":\"Manage Calendars\"}"}]}
RESULT: {"script":"<script> [1562 bytes]","args":[{"selector":{"controlType":"sap.m.GenericTile","properties":{"header":"Manage Calendars"}},"wdio_ui5_key":"sapm.GenericTile{\"header\":\"Manage Calendars\"}"}]}
RESULT: undefined
COMMAND: POST /session/be70287e4f4cadcf3f1092f2387a5597/element - {"using":"xpath","value":"//*[@id=\"__tile36\"]"}
RESULT: {"using":"xpath","value":"//*[@id=\"__tile36\"]"}
COMMAND: POST /session/be70287e4f4cadcf3f1092f2387a5597/element/f.ADED239B795CA95CF93BAE70182185CF.d.612FD643C83522FEBC103406F3B360FA.e.909/click - {}
RESULT: {}
COMMAND: GET /session/be70287e4f4cadcf3f1092f2387a5597/screenshot - {}
RESULT: {}
RESULT: undefined
COMMAND: POST /session/be70287e4f4cadcf3f1092f2387a5597/element - {"using":"xpath","value":"//*[@id=\"__tile36\"]"}
RESULT: {"using":"xpath","value":"//*[@id=\"__tile36\"]"}
COMMAND: POST /session/be70287e4f4cadcf3f1092f2387a5597/element/f.ADED239B795CA95CF93BAE70182185CF.d.612FD643C83522FEBC103406F3B360FA.e.909/click - {}
RESULT: undefined
COMMAND: POST /session/be70287e4f4cadcf3f1092f2387a5597/element - {"using":"xpath","value":"//*[@id=\"__tile36\"]"}
RESULT: {"using":"xpath","value":"//*[@id=\"__tile36\"]"}
COMMAND: POST /session/be70287e4f4cadcf3f1092f2387a5597/element/f.ADED239B795CA95CF93BAE70182185CF.d.612FD643C83522FEBC103406F3B360FA.e.909/click - {}
RESULT: undefined
COMMAND: POST /session/be70287e4f4cadcf3f1092f2387a5597/execute/async - {"script":"<script> [6424 bytes]","args":[{"element-6066-11e4-a52e-4f735466cecf":"f.ADED239B795CA95CF93BAE70182185CF.d.612FD643C83522FEBC103406F3B360FA.e.288"},"getTitle",[]]}
COMMAND: POST /session/be70287e4f4cadcf3f1092f2387a5597/execute/async - {"script":"<script> [1562 bytes]","args":[{"selector":{"id":"shellAppTitle"},"wdio_ui5_key":"shellAppTitle"}]}
RESULT: {"script":"<script> [1562 bytes]","args":[{"selector":{"id":"shellAppTitle"},"wdio_ui5_key":"shellAppTitle"}]}
COMMAND: POST /session/be70287e4f4cadcf3f1092f2387a5597/execute/async - {"script":"<script> [6424 bytes]","args":[{"element-6066-11e4-a52e-4f735466cecf":"f.ADED239B795CA95CF93BAE70182185CF.d.612FD643C83522FEBC103406F3B360FA.e.978"},"getTitle",[]]}
RESULT: {"script":"<script> [6424 bytes]","args":[{"element-6066-11e4-a52e-4f735466cecf":"f.ADED239B795CA95CF93BAE70182185CF.d.612FD643C83522FEBC103406F3B360FA.e.978"},"getTitle",[]]}
RESULT: undefined
COMMAND: POST /session/be70287e4f4cadcf3f1092f2387a5597/element/f.ADED239B795CA95CF93BAE70182185CF.d.612FD643C83522FEBC103406F3B360FA.e.835/click - {}
COMMAND: POST /session/be70287e4f4cadcf3f1092f2387a5597/element - {"using":"xpath","value":"//*[@id=\"backBtn\"]"}
RESULT: {"using":"xpath","value":"//*[@id=\"backBtn\"]"}
COMMAND: POST /session/be70287e4f4cadcf3f1092f2387a5597/element/f.ADED239B795CA95CF93BAE70182185CF.d.612FD643C83522FEBC103406F3B360FA.e.835/click - {}
COMMAND: POST /session/be70287e4f4cadcf3f1092f2387a5597/element - {"using":"xpath","value":"//*[@id=\"backBtn\"]"}
RESULT: {"using":"xpath","value":"//*[@id=\"backBtn\"]"}
COMMAND: POST /session/be70287e4f4cadcf3f1092f2387a5597/element/f.ADED239B795CA95CF93BAE70182185CF.d.612FD643C83522FEBC103406F3B360FA.e.979/click - {}
RESULT: {}
COMMAND: GET /session/be70287e4f4cadcf3f1092f2387a5597/screenshot - {}
RESULT: {}
]]></system-out>
    </testcase>
    <testcase classname="chrome.135_0_7049_42.windows.Sanity_Tests_US104253" name="Should open Address Management page" time="33.841">
      <system-out><![CDATA[
COMMAND: POST /session/be70287e4f4cadcf3f1092f2387a5597/execute/async - {"script":"<script> [1562 bytes]","args":[{"selector":{"controlType":"sap.m.GenericTile","properties":{"header":"Address Management"}},"wdio_ui5_key":"sapm.GenericTile{\"header\":\"Address Management\"}"}]}
RESULT: {"script":"<script> [1562 bytes]","args":[{"selector":{"controlType":"sap.m.GenericTile","properties":{"header":"Address Management"}},"wdio_ui5_key":"sapm.GenericTile{\"header\":\"Address Management\"}"}]}
RESULT: undefined
COMMAND: POST /session/be70287e4f4cadcf3f1092f2387a5597/element - {"using":"xpath","value":"//*[@id=\"__tile33\"]"}
RESULT: {"using":"xpath","value":"//*[@id=\"__tile33\"]"}
COMMAND: POST /session/be70287e4f4cadcf3f1092f2387a5597/element/f.ADED239B795CA95CF93BAE70182185CF.d.612FD643C83522FEBC103406F3B360FA.e.981/click - {}
RESULT: {}
COMMAND: GET /session/be70287e4f4cadcf3f1092f2387a5597/screenshot - {}
RESULT: {}
RESULT: undefined
COMMAND: POST /session/be70287e4f4cadcf3f1092f2387a5597/element - {"using":"xpath","value":"//*[@id=\"__tile33\"]"}
RESULT: {"using":"xpath","value":"//*[@id=\"__tile33\"]"}
COMMAND: POST /session/be70287e4f4cadcf3f1092f2387a5597/element/f.ADED239B795CA95CF93BAE70182185CF.d.612FD643C83522FEBC103406F3B360FA.e.981/click - {}
RESULT: undefined
COMMAND: POST /session/be70287e4f4cadcf3f1092f2387a5597/element - {"using":"xpath","value":"//*[@id=\"__tile33\"]"}
RESULT: {"using":"xpath","value":"//*[@id=\"__tile33\"]"}
COMMAND: POST /session/be70287e4f4cadcf3f1092f2387a5597/element/f.ADED239B795CA95CF93BAE70182185CF.d.612FD643C83522FEBC103406F3B360FA.e.981/click - {}
RESULT: undefined
COMMAND: POST /session/be70287e4f4cadcf3f1092f2387a5597/execute/async - {"script":"<script> [6424 bytes]","args":[{"element-6066-11e4-a52e-4f735466cecf":"f.ADED239B795CA95CF93BAE70182185CF.d.612FD643C83522FEBC103406F3B360FA.e.288"},"getTitle",[]]}
COMMAND: POST /session/be70287e4f4cadcf3f1092f2387a5597/execute/async - {"script":"<script> [1562 bytes]","args":[{"selector":{"id":"shellAppTitle"},"wdio_ui5_key":"shellAppTitle"}]}
RESULT: {"script":"<script> [1562 bytes]","args":[{"selector":{"id":"shellAppTitle"},"wdio_ui5_key":"shellAppTitle"}]}
COMMAND: POST /session/be70287e4f4cadcf3f1092f2387a5597/execute/async - {"script":"<script> [6424 bytes]","args":[{"element-6066-11e4-a52e-4f735466cecf":"f.ADED239B795CA95CF93BAE70182185CF.d.612FD643C83522FEBC103406F3B360FA.e.1180"},"getTitle",[]]}
RESULT: {"script":"<script> [6424 bytes]","args":[{"element-6066-11e4-a52e-4f735466cecf":"f.ADED239B795CA95CF93BAE70182185CF.d.612FD643C83522FEBC103406F3B360FA.e.1180"},"getTitle",[]]}
RESULT: undefined
COMMAND: POST /session/be70287e4f4cadcf3f1092f2387a5597/element/f.ADED239B795CA95CF93BAE70182185CF.d.612FD643C83522FEBC103406F3B360FA.e.979/click - {}
RESULT: {}
COMMAND: GET /session/be70287e4f4cadcf3f1092f2387a5597/screenshot - {}
RESULT: {}
]]></system-out>
    </testcase>
    <testcase classname="chrome.135_0_7049_42.windows.Sanity_Tests_US104253" name="Should open Bill Of Resources page" time="32.01">
      <system-out><![CDATA[
COMMAND: POST /session/be70287e4f4cadcf3f1092f2387a5597/execute/async - {"script":"<script> [1562 bytes]","args":[{"selector":{"controlType":"sap.m.GenericTile","properties":{"header":"Bill Of Resources"}},"wdio_ui5_key":"sapm.GenericTile{\"header\":\"Bill Of Resources\"}"}]}
RESULT: {"script":"<script> [1562 bytes]","args":[{"selector":{"controlType":"sap.m.GenericTile","properties":{"header":"Bill Of Resources"}},"wdio_ui5_key":"sapm.GenericTile{\"header\":\"Bill Of Resources\"}"}]}
RESULT: undefined
COMMAND: POST /session/be70287e4f4cadcf3f1092f2387a5597/element - {"using":"xpath","value":"//*[@id=\"__tile34\"]"}
RESULT: {"using":"xpath","value":"//*[@id=\"__tile34\"]"}
COMMAND: POST /session/be70287e4f4cadcf3f1092f2387a5597/element/f.ADED239B795CA95CF93BAE70182185CF.d.612FD643C83522FEBC103406F3B360FA.e.1182/click - {}
RESULT: {}
COMMAND: GET /session/be70287e4f4cadcf3f1092f2387a5597/screenshot - {}
RESULT: {}
RESULT: undefined
COMMAND: POST /session/be70287e4f4cadcf3f1092f2387a5597/element - {"using":"xpath","value":"//*[@id=\"__tile34\"]"}
RESULT: {"using":"xpath","value":"//*[@id=\"__tile34\"]"}
COMMAND: POST /session/be70287e4f4cadcf3f1092f2387a5597/element/f.ADED239B795CA95CF93BAE70182185CF.d.612FD643C83522FEBC103406F3B360FA.e.1182/click - {}
RESULT: undefined
COMMAND: POST /session/be70287e4f4cadcf3f1092f2387a5597/element - {"using":"xpath","value":"//*[@id=\"__tile34\"]"}
RESULT: {"using":"xpath","value":"//*[@id=\"__tile34\"]"}
COMMAND: POST /session/be70287e4f4cadcf3f1092f2387a5597/element/f.ADED239B795CA95CF93BAE70182185CF.d.612FD643C83522FEBC103406F3B360FA.e.1182/click - {}
RESULT: undefined
COMMAND: POST /session/be70287e4f4cadcf3f1092f2387a5597/execute/async - {"script":"<script> [6424 bytes]","args":[{"element-6066-11e4-a52e-4f735466cecf":"f.ADED239B795CA95CF93BAE70182185CF.d.612FD643C83522FEBC103406F3B360FA.e.288"},"getTitle",[]]}
COMMAND: POST /session/be70287e4f4cadcf3f1092f2387a5597/execute/async - {"script":"<script> [1562 bytes]","args":[{"selector":{"id":"shellAppTitle"},"wdio_ui5_key":"shellAppTitle"}]}
RESULT: {"script":"<script> [1562 bytes]","args":[{"selector":{"id":"shellAppTitle"},"wdio_ui5_key":"shellAppTitle"}]}
COMMAND: POST /session/be70287e4f4cadcf3f1092f2387a5597/execute/async - {"script":"<script> [6424 bytes]","args":[{"element-6066-11e4-a52e-4f735466cecf":"f.ADED239B795CA95CF93BAE70182185CF.d.612FD643C83522FEBC103406F3B360FA.e.1274"},"getTitle",[]]}
RESULT: {"script":"<script> [6424 bytes]","args":[{"element-6066-11e4-a52e-4f735466cecf":"f.ADED239B795CA95CF93BAE70182185CF.d.612FD643C83522FEBC103406F3B360FA.e.1274"},"getTitle",[]]}
RESULT: undefined
COMMAND: POST /session/be70287e4f4cadcf3f1092f2387a5597/element/f.ADED239B795CA95CF93BAE70182185CF.d.612FD643C83522FEBC103406F3B360FA.e.979/click - {}
COMMAND: POST /session/be70287e4f4cadcf3f1092f2387a5597/element - {"using":"xpath","value":"//*[@id=\"backBtn\"]"}
RESULT: {"using":"xpath","value":"//*[@id=\"backBtn\"]"}
COMMAND: POST /session/be70287e4f4cadcf3f1092f2387a5597/element/f.ADED239B795CA95CF93BAE70182185CF.d.612FD643C83522FEBC103406F3B360FA.e.979/click - {}
COMMAND: POST /session/be70287e4f4cadcf3f1092f2387a5597/element - {"using":"xpath","value":"//*[@id=\"backBtn\"]"}
RESULT: {"using":"xpath","value":"//*[@id=\"backBtn\"]"}
COMMAND: POST /session/be70287e4f4cadcf3f1092f2387a5597/element/f.ADED239B795CA95CF93BAE70182185CF.d.612FD643C83522FEBC103406F3B360FA.e.1275/click - {}
RESULT: {}
COMMAND: GET /session/be70287e4f4cadcf3f1092f2387a5597/screenshot - {}
RESULT: {}
]]></system-out>
    </testcase>
    <testcase classname="chrome.135_0_7049_42.windows.Sanity_Tests_US104253" name="Should open Manage Yards page" time="31.335">
      <system-out><![CDATA[
COMMAND: POST /session/be70287e4f4cadcf3f1092f2387a5597/execute/async - {"script":"<script> [1562 bytes]","args":[{"selector":{"controlType":"sap.m.GenericTile","properties":{"header":"Manage Yards"}},"wdio_ui5_key":"sapm.GenericTile{\"header\":\"Manage Yards\"}"}]}
RESULT: {"script":"<script> [1562 bytes]","args":[{"selector":{"controlType":"sap.m.GenericTile","properties":{"header":"Manage Yards"}},"wdio_ui5_key":"sapm.GenericTile{\"header\":\"Manage Yards\"}"}]}
RESULT: undefined
COMMAND: POST /session/be70287e4f4cadcf3f1092f2387a5597/element - {"using":"xpath","value":"//*[@id=\"__tile41\"]"}
RESULT: {"using":"xpath","value":"//*[@id=\"__tile41\"]"}
COMMAND: POST /session/be70287e4f4cadcf3f1092f2387a5597/element/f.ADED239B795CA95CF93BAE70182185CF.d.612FD643C83522FEBC103406F3B360FA.e.1277/click - {}
RESULT: {}
COMMAND: GET /session/be70287e4f4cadcf3f1092f2387a5597/screenshot - {}
RESULT: {}
RESULT: undefined
COMMAND: POST /session/be70287e4f4cadcf3f1092f2387a5597/element - {"using":"xpath","value":"//*[@id=\"__tile41\"]"}
RESULT: {"using":"xpath","value":"//*[@id=\"__tile41\"]"}
COMMAND: POST /session/be70287e4f4cadcf3f1092f2387a5597/element/f.ADED239B795CA95CF93BAE70182185CF.d.612FD643C83522FEBC103406F3B360FA.e.1277/click - {}
RESULT: undefined
COMMAND: POST /session/be70287e4f4cadcf3f1092f2387a5597/element - {"using":"xpath","value":"//*[@id=\"__tile41\"]"}
RESULT: {"using":"xpath","value":"//*[@id=\"__tile41\"]"}
COMMAND: POST /session/be70287e4f4cadcf3f1092f2387a5597/element/f.ADED239B795CA95CF93BAE70182185CF.d.612FD643C83522FEBC103406F3B360FA.e.1277/click - {}
RESULT: undefined
COMMAND: POST /session/be70287e4f4cadcf3f1092f2387a5597/execute/async - {"script":"<script> [6424 bytes]","args":[{"element-6066-11e4-a52e-4f735466cecf":"f.ADED239B795CA95CF93BAE70182185CF.d.612FD643C83522FEBC103406F3B360FA.e.288"},"getTitle",[]]}
COMMAND: POST /session/be70287e4f4cadcf3f1092f2387a5597/execute/async - {"script":"<script> [1562 bytes]","args":[{"selector":{"id":"shellAppTitle"},"wdio_ui5_key":"shellAppTitle"}]}
RESULT: {"script":"<script> [1562 bytes]","args":[{"selector":{"id":"shellAppTitle"},"wdio_ui5_key":"shellAppTitle"}]}
COMMAND: POST /session/be70287e4f4cadcf3f1092f2387a5597/execute/async - {"script":"<script> [6424 bytes]","args":[{"element-6066-11e4-a52e-4f735466cecf":"f.ADED239B795CA95CF93BAE70182185CF.d.612FD643C83522FEBC103406F3B360FA.e.1456"},"getTitle",[]]}
RESULT: {"script":"<script> [6424 bytes]","args":[{"element-6066-11e4-a52e-4f735466cecf":"f.ADED239B795CA95CF93BAE70182185CF.d.612FD643C83522FEBC103406F3B360FA.e.1456"},"getTitle",[]]}
RESULT: undefined
COMMAND: POST /session/be70287e4f4cadcf3f1092f2387a5597/element/f.ADED239B795CA95CF93BAE70182185CF.d.612FD643C83522FEBC103406F3B360FA.e.1275/click - {}
RESULT: {}
COMMAND: GET /session/be70287e4f4cadcf3f1092f2387a5597/screenshot - {}
RESULT: {}
]]></system-out>
    </testcase>
    <testcase classname="chrome.135_0_7049_42.windows.Sanity_Tests_US104253" name="Should open Manage Requests page" time="30.53">
      <system-out><![CDATA[
COMMAND: POST /session/be70287e4f4cadcf3f1092f2387a5597/execute/async - {"script":"<script> [1562 bytes]","args":[{"selector":{"controlType":"sap.m.GenericTile","properties":{"header":"Manage Requests"}},"wdio_ui5_key":"sapm.GenericTile{\"header\":\"Manage Requests\"}"}]}
RESULT: {"script":"<script> [1562 bytes]","args":[{"selector":{"controlType":"sap.m.GenericTile","properties":{"header":"Manage Requests"}},"wdio_ui5_key":"sapm.GenericTile{\"header\":\"Manage Requests\"}"}]}
RESULT: undefined
COMMAND: POST /session/be70287e4f4cadcf3f1092f2387a5597/element - {"using":"xpath","value":"//*[@id=\"__tile47\"]"}
RESULT: {"using":"xpath","value":"//*[@id=\"__tile47\"]"}
COMMAND: POST /session/be70287e4f4cadcf3f1092f2387a5597/element/f.ADED239B795CA95CF93BAE70182185CF.d.612FD643C83522FEBC103406F3B360FA.e.1458/click - {}
RESULT: {}
COMMAND: GET /session/be70287e4f4cadcf3f1092f2387a5597/screenshot - {}
RESULT: {}
RESULT: undefined
COMMAND: POST /session/be70287e4f4cadcf3f1092f2387a5597/element - {"using":"xpath","value":"//*[@id=\"__tile47\"]"}
RESULT: {"using":"xpath","value":"//*[@id=\"__tile47\"]"}
COMMAND: POST /session/be70287e4f4cadcf3f1092f2387a5597/element/f.ADED239B795CA95CF93BAE70182185CF.d.612FD643C83522FEBC103406F3B360FA.e.1458/click - {}
RESULT: undefined
COMMAND: POST /session/be70287e4f4cadcf3f1092f2387a5597/element - {"using":"xpath","value":"//*[@id=\"__tile47\"]"}
RESULT: {"using":"xpath","value":"//*[@id=\"__tile47\"]"}
COMMAND: POST /session/be70287e4f4cadcf3f1092f2387a5597/element/f.ADED239B795CA95CF93BAE70182185CF.d.612FD643C83522FEBC103406F3B360FA.e.1458/click - {}
RESULT: undefined
COMMAND: POST /session/be70287e4f4cadcf3f1092f2387a5597/execute/async - {"script":"<script> [6424 bytes]","args":[{"element-6066-11e4-a52e-4f735466cecf":"f.ADED239B795CA95CF93BAE70182185CF.d.612FD643C83522FEBC103406F3B360FA.e.288"},"getTitle",[]]}
COMMAND: POST /session/be70287e4f4cadcf3f1092f2387a5597/execute/async - {"script":"<script> [1562 bytes]","args":[{"selector":{"id":"shellAppTitle"},"wdio_ui5_key":"shellAppTitle"}]}
RESULT: {"script":"<script> [1562 bytes]","args":[{"selector":{"id":"shellAppTitle"},"wdio_ui5_key":"shellAppTitle"}]}
COMMAND: POST /session/be70287e4f4cadcf3f1092f2387a5597/execute/async - {"script":"<script> [6424 bytes]","args":[{"element-6066-11e4-a52e-4f735466cecf":"f.ADED239B795CA95CF93BAE70182185CF.d.612FD643C83522FEBC103406F3B360FA.e.1558"},"getTitle",[]]}
RESULT: {"script":"<script> [6424 bytes]","args":[{"element-6066-11e4-a52e-4f735466cecf":"f.ADED239B795CA95CF93BAE70182185CF.d.612FD643C83522FEBC103406F3B360FA.e.1558"},"getTitle",[]]}
RESULT: undefined
COMMAND: POST /session/be70287e4f4cadcf3f1092f2387a5597/element/f.ADED239B795CA95CF93BAE70182185CF.d.612FD643C83522FEBC103406F3B360FA.e.1275/click - {}
COMMAND: POST /session/be70287e4f4cadcf3f1092f2387a5597/element - {"using":"xpath","value":"//*[@id=\"backBtn\"]"}
RESULT: {"using":"xpath","value":"//*[@id=\"backBtn\"]"}
COMMAND: POST /session/be70287e4f4cadcf3f1092f2387a5597/element/f.ADED239B795CA95CF93BAE70182185CF.d.612FD643C83522FEBC103406F3B360FA.e.1275/click - {}
COMMAND: POST /session/be70287e4f4cadcf3f1092f2387a5597/element - {"using":"xpath","value":"//*[@id=\"backBtn\"]"}
RESULT: {"using":"xpath","value":"//*[@id=\"backBtn\"]"}
COMMAND: POST /session/be70287e4f4cadcf3f1092f2387a5597/element/f.ADED239B795CA95CF93BAE70182185CF.d.612FD643C83522FEBC103406F3B360FA.e.1559/click - {}
RESULT: {}
COMMAND: GET /session/be70287e4f4cadcf3f1092f2387a5597/screenshot - {}
RESULT: {}
]]></system-out>
    </testcase>
    <testcase classname="chrome.135_0_7049_42.windows.Sanity_Tests_US104253" name="Should open Manage Purchasing page" time="41.487">
      <system-out><![CDATA[
COMMAND: POST /session/be70287e4f4cadcf3f1092f2387a5597/execute/async - {"script":"<script> [1562 bytes]","args":[{"selector":{"controlType":"sap.m.GenericTile","properties":{"header":"Manage Purchasing"}},"wdio_ui5_key":"sapm.GenericTile{\"header\":\"Manage Purchasing\"}"}]}
RESULT: {"script":"<script> [1562 bytes]","args":[{"selector":{"controlType":"sap.m.GenericTile","properties":{"header":"Manage Purchasing"}},"wdio_ui5_key":"sapm.GenericTile{\"header\":\"Manage Purchasing\"}"}]}
RESULT: undefined
COMMAND: POST /session/be70287e4f4cadcf3f1092f2387a5597/element - {"using":"xpath","value":"//*[@id=\"__tile46\"]"}
RESULT: {"using":"xpath","value":"//*[@id=\"__tile46\"]"}
COMMAND: POST /session/be70287e4f4cadcf3f1092f2387a5597/element/f.ADED239B795CA95CF93BAE70182185CF.d.612FD643C83522FEBC103406F3B360FA.e.1562/click - {}
RESULT: {}
COMMAND: GET /session/be70287e4f4cadcf3f1092f2387a5597/screenshot - {}
RESULT: {}
RESULT: undefined
COMMAND: POST /session/be70287e4f4cadcf3f1092f2387a5597/element - {"using":"xpath","value":"//*[@id=\"__tile46\"]"}
RESULT: {"using":"xpath","value":"//*[@id=\"__tile46\"]"}
COMMAND: POST /session/be70287e4f4cadcf3f1092f2387a5597/element/f.ADED239B795CA95CF93BAE70182185CF.d.612FD643C83522FEBC103406F3B360FA.e.1562/click - {}
RESULT: undefined
COMMAND: POST /session/be70287e4f4cadcf3f1092f2387a5597/element - {"using":"xpath","value":"//*[@id=\"__tile46\"]"}
RESULT: {"using":"xpath","value":"//*[@id=\"__tile46\"]"}
COMMAND: POST /session/be70287e4f4cadcf3f1092f2387a5597/element/f.ADED239B795CA95CF93BAE70182185CF.d.612FD643C83522FEBC103406F3B360FA.e.1562/click - {}
RESULT: undefined
COMMAND: POST /session/be70287e4f4cadcf3f1092f2387a5597/execute/async - {"script":"<script> [6424 bytes]","args":[{"element-6066-11e4-a52e-4f735466cecf":"f.ADED239B795CA95CF93BAE70182185CF.d.612FD643C83522FEBC103406F3B360FA.e.288"},"getTitle",[]]}
COMMAND: POST /session/be70287e4f4cadcf3f1092f2387a5597/execute/async - {"script":"<script> [1562 bytes]","args":[{"selector":{"id":"shellAppTitle"},"wdio_ui5_key":"shellAppTitle"}]}
RESULT: {"script":"<script> [1562 bytes]","args":[{"selector":{"id":"shellAppTitle"},"wdio_ui5_key":"shellAppTitle"}]}
COMMAND: POST /session/be70287e4f4cadcf3f1092f2387a5597/execute/async - {"script":"<script> [6424 bytes]","args":[{"element-6066-11e4-a52e-4f735466cecf":"f.ADED239B795CA95CF93BAE70182185CF.d.612FD643C83522FEBC103406F3B360FA.e.1643"},"getTitle",[]]}
RESULT: {"script":"<script> [6424 bytes]","args":[{"element-6066-11e4-a52e-4f735466cecf":"f.ADED239B795CA95CF93BAE70182185CF.d.612FD643C83522FEBC103406F3B360FA.e.1643"},"getTitle",[]]}
RESULT: undefined
COMMAND: POST /session/be70287e4f4cadcf3f1092f2387a5597/element/f.ADED239B795CA95CF93BAE70182185CF.d.612FD643C83522FEBC103406F3B360FA.e.1559/click - {}
RESULT: {}
COMMAND: GET /session/be70287e4f4cadcf3f1092f2387a5597/screenshot - {}
RESULT: {}
]]></system-out>
    </testcase>
    <testcase classname="chrome.135_0_7049_42.windows.Sanity_Tests_US104253" name="Should open Planning Board page" time="32.399">
      <system-out><![CDATA[
COMMAND: POST /session/be70287e4f4cadcf3f1092f2387a5597/execute/async - {"script":"<script> [1562 bytes]","args":[{"selector":{"controlType":"sap.m.GenericTile","properties":{"header":"Planning Board"}},"wdio_ui5_key":"sapm.GenericTile{\"header\":\"Planning Board\"}"}]}
RESULT: {"script":"<script> [1562 bytes]","args":[{"selector":{"controlType":"sap.m.GenericTile","properties":{"header":"Planning Board"}},"wdio_ui5_key":"sapm.GenericTile{\"header\":\"Planning Board\"}"}]}
RESULT: undefined
COMMAND: POST /session/be70287e4f4cadcf3f1092f2387a5597/element - {"using":"xpath","value":"//*[@id=\"__tile131\"]"}
RESULT: {"using":"xpath","value":"//*[@id=\"__tile131\"]"}
COMMAND: POST /session/be70287e4f4cadcf3f1092f2387a5597/element/f.ADED239B795CA95CF93BAE70182185CF.d.612FD643C83522FEBC103406F3B360FA.e.1645/click - {}
RESULT: {}
COMMAND: GET /session/be70287e4f4cadcf3f1092f2387a5597/screenshot - {}
RESULT: {}
RESULT: undefined
COMMAND: POST /session/be70287e4f4cadcf3f1092f2387a5597/element - {"using":"xpath","value":"//*[@id=\"__tile131\"]"}
RESULT: {"using":"xpath","value":"//*[@id=\"__tile131\"]"}
COMMAND: POST /session/be70287e4f4cadcf3f1092f2387a5597/element/f.ADED239B795CA95CF93BAE70182185CF.d.612FD643C83522FEBC103406F3B360FA.e.1645/click - {}
RESULT: undefined
COMMAND: POST /session/be70287e4f4cadcf3f1092f2387a5597/element - {"using":"xpath","value":"//*[@id=\"__tile131\"]"}
RESULT: {"using":"xpath","value":"//*[@id=\"__tile131\"]"}
COMMAND: POST /session/be70287e4f4cadcf3f1092f2387a5597/element/f.ADED239B795CA95CF93BAE70182185CF.d.612FD643C83522FEBC103406F3B360FA.e.1645/click - {}
RESULT: undefined
COMMAND: POST /session/be70287e4f4cadcf3f1092f2387a5597/execute/async - {"script":"<script> [6424 bytes]","args":[{"element-6066-11e4-a52e-4f735466cecf":"f.ADED239B795CA95CF93BAE70182185CF.d.612FD643C83522FEBC103406F3B360FA.e.288"},"getTitle",[]]}
COMMAND: POST /session/be70287e4f4cadcf3f1092f2387a5597/execute/async - {"script":"<script> [1562 bytes]","args":[{"selector":{"id":"shellAppTitle"},"wdio_ui5_key":"shellAppTitle"}]}
RESULT: {"script":"<script> [1562 bytes]","args":[{"selector":{"id":"shellAppTitle"},"wdio_ui5_key":"shellAppTitle"}]}
COMMAND: POST /session/be70287e4f4cadcf3f1092f2387a5597/execute/async - {"script":"<script> [6424 bytes]","args":[{"element-6066-11e4-a52e-4f735466cecf":"f.ADED239B795CA95CF93BAE70182185CF.d.612FD643C83522FEBC103406F3B360FA.e.1703"},"getTitle",[]]}
RESULT: {"script":"<script> [6424 bytes]","args":[{"element-6066-11e4-a52e-4f735466cecf":"f.ADED239B795CA95CF93BAE70182185CF.d.612FD643C83522FEBC103406F3B360FA.e.1703"},"getTitle",[]]}
RESULT: undefined
COMMAND: POST /session/be70287e4f4cadcf3f1092f2387a5597/element/f.ADED239B795CA95CF93BAE70182185CF.d.612FD643C83522FEBC103406F3B360FA.e.1559/click - {}
COMMAND: POST /session/be70287e4f4cadcf3f1092f2387a5597/element/f.ADED239B795CA95CF93BAE70182185CF.d.612FD643C83522FEBC103406F3B360FA.e.1559/click - {}
COMMAND: POST /session/be70287e4f4cadcf3f1092f2387a5597/element - {"using":"xpath","value":"//*[@id=\"backBtn\"]"}
COMMAND: POST /session/be70287e4f4cadcf3f1092f2387a5597/element - {"using":"xpath","value":"//*[@id=\"backBtn\"]"}
RESULT: {"using":"xpath","value":"//*[@id=\"backBtn\"]"}
COMMAND: POST /session/be70287e4f4cadcf3f1092f2387a5597/element/f.ADED239B795CA95CF93BAE70182185CF.d.612FD643C83522FEBC103406F3B360FA.e.1559/click - {}
RESULT: {"using":"xpath","value":"//*[@id=\"backBtn\"]"}
COMMAND: POST /session/be70287e4f4cadcf3f1092f2387a5597/element/f.ADED239B795CA95CF93BAE70182185CF.d.612FD643C83522FEBC103406F3B360FA.e.1559/click - {}
COMMAND: POST /session/be70287e4f4cadcf3f1092f2387a5597/element - {"using":"xpath","value":"//*[@id=\"backBtn\"]"}
COMMAND: POST /session/be70287e4f4cadcf3f1092f2387a5597/element - {"using":"xpath","value":"//*[@id=\"backBtn\"]"}
RESULT: {"using":"xpath","value":"//*[@id=\"backBtn\"]"}
COMMAND: POST /session/be70287e4f4cadcf3f1092f2387a5597/element/f.ADED239B795CA95CF93BAE70182185CF.d.612FD643C83522FEBC103406F3B360FA.e.1704/click - {}
RESULT: {"using":"xpath","value":"//*[@id=\"backBtn\"]"}
COMMAND: POST /session/be70287e4f4cadcf3f1092f2387a5597/element/f.ADED239B795CA95CF93BAE70182185CF.d.612FD643C83522FEBC103406F3B360FA.e.1704/click - {}
RESULT: {}
COMMAND: GET /session/be70287e4f4cadcf3f1092f2387a5597/screenshot - {}
RESULT: {}
COMMAND: GET /session/be70287e4f4cadcf3f1092f2387a5597/screenshot - {}
RESULT: {}
RESULT: {}
]]></system-out>
    </testcase>
    <testcase classname="chrome.135_0_7049_42.windows.Sanity_Tests_US104253" name="Should open Manage Contracts page" time="35.032">
      <system-out><![CDATA[
COMMAND: POST /session/be70287e4f4cadcf3f1092f2387a5597/execute/async - {"script":"<script> [1562 bytes]","args":[{"selector":{"controlType":"sap.m.GenericTile","properties":{"header":"Manage Contracts"}},"wdio_ui5_key":"sapm.GenericTile{\"header\":\"Manage Contracts\"}"}]}
RESULT: {"script":"<script> [1562 bytes]","args":[{"selector":{"controlType":"sap.m.GenericTile","properties":{"header":"Manage Contracts"}},"wdio_ui5_key":"sapm.GenericTile{\"header\":\"Manage Contracts\"}"}]}
RESULT: undefined
COMMAND: POST /session/be70287e4f4cadcf3f1092f2387a5597/element - {"using":"xpath","value":"//*[@id=\"__tile133\"]"}
RESULT: {"using":"xpath","value":"//*[@id=\"__tile133\"]"}
COMMAND: POST /session/be70287e4f4cadcf3f1092f2387a5597/element/f.ADED239B795CA95CF93BAE70182185CF.d.612FD643C83522FEBC103406F3B360FA.e.1706/click - {}
RESULT: {}
COMMAND: GET /session/be70287e4f4cadcf3f1092f2387a5597/screenshot - {}
RESULT: {}
RESULT: undefined
COMMAND: POST /session/be70287e4f4cadcf3f1092f2387a5597/element - {"using":"xpath","value":"//*[@id=\"__tile133\"]"}
RESULT: {"using":"xpath","value":"//*[@id=\"__tile133\"]"}
COMMAND: POST /session/be70287e4f4cadcf3f1092f2387a5597/element/f.ADED239B795CA95CF93BAE70182185CF.d.612FD643C83522FEBC103406F3B360FA.e.1706/click - {}
RESULT: undefined
RESULT: undefined
RESULT: undefined
COMMAND: POST /session/be70287e4f4cadcf3f1092f2387a5597/element - {"using":"xpath","value":"//*[@id=\"__tile133\"]"}
RESULT: {"using":"xpath","value":"//*[@id=\"__tile133\"]"}
COMMAND: POST /session/be70287e4f4cadcf3f1092f2387a5597/element/f.ADED239B795CA95CF93BAE70182185CF.d.612FD643C83522FEBC103406F3B360FA.e.1706/click - {}
RESULT: undefined
COMMAND: POST /session/be70287e4f4cadcf3f1092f2387a5597/execute/async - {"script":"<script> [6424 bytes]","args":[{"element-6066-11e4-a52e-4f735466cecf":"f.ADED239B795CA95CF93BAE70182185CF.d.612FD643C83522FEBC103406F3B360FA.e.288"},"getTitle",[]]}
COMMAND: POST /session/be70287e4f4cadcf3f1092f2387a5597/execute/async - {"script":"<script> [1562 bytes]","args":[{"selector":{"id":"shellAppTitle"},"wdio_ui5_key":"shellAppTitle"}]}
RESULT: {"script":"<script> [1562 bytes]","args":[{"selector":{"id":"shellAppTitle"},"wdio_ui5_key":"shellAppTitle"}]}
COMMAND: POST /session/be70287e4f4cadcf3f1092f2387a5597/execute/async - {"script":"<script> [6424 bytes]","args":[{"element-6066-11e4-a52e-4f735466cecf":"f.ADED239B795CA95CF93BAE70182185CF.d.612FD643C83522FEBC103406F3B360FA.e.1771"},"getTitle",[]]}
RESULT: {"script":"<script> [6424 bytes]","args":[{"element-6066-11e4-a52e-4f735466cecf":"f.ADED239B795CA95CF93BAE70182185CF.d.612FD643C83522FEBC103406F3B360FA.e.1771"},"getTitle",[]]}
RESULT: undefined
COMMAND: POST /session/be70287e4f4cadcf3f1092f2387a5597/element/f.ADED239B795CA95CF93BAE70182185CF.d.612FD643C83522FEBC103406F3B360FA.e.1704/click - {}
RESULT: {}
COMMAND: GET /session/be70287e4f4cadcf3f1092f2387a5597/screenshot - {}
RESULT: {}
]]></system-out>
    </testcase>
    <testcase classname="chrome.135_0_7049_42.windows.Sanity_Tests_US104253" name="Should open Manage Quotations page" time="31.859">
      <system-out><![CDATA[
COMMAND: POST /session/be70287e4f4cadcf3f1092f2387a5597/execute/async - {"script":"<script> [1562 bytes]","args":[{"selector":{"controlType":"sap.m.GenericTile","properties":{"header":"Manage Quotations"}},"wdio_ui5_key":"sapm.GenericTile{\"header\":\"Manage Quotations\"}"}]}
RESULT: {"script":"<script> [1562 bytes]","args":[{"selector":{"controlType":"sap.m.GenericTile","properties":{"header":"Manage Quotations"}},"wdio_ui5_key":"sapm.GenericTile{\"header\":\"Manage Quotations\"}"}]}
RESULT: undefined
COMMAND: POST /session/be70287e4f4cadcf3f1092f2387a5597/element - {"using":"xpath","value":"//*[@id=\"__tile130\"]"}
RESULT: {"using":"xpath","value":"//*[@id=\"__tile130\"]"}
COMMAND: POST /session/be70287e4f4cadcf3f1092f2387a5597/element/f.ADED239B795CA95CF93BAE70182185CF.d.612FD643C83522FEBC103406F3B360FA.e.1773/click - {}
RESULT: {}
COMMAND: GET /session/be70287e4f4cadcf3f1092f2387a5597/screenshot - {}
RESULT: {}
RESULT: undefined
COMMAND: POST /session/be70287e4f4cadcf3f1092f2387a5597/element - {"using":"xpath","value":"//*[@id=\"__tile130\"]"}
RESULT: {"using":"xpath","value":"//*[@id=\"__tile130\"]"}
COMMAND: POST /session/be70287e4f4cadcf3f1092f2387a5597/element/f.ADED239B795CA95CF93BAE70182185CF.d.612FD643C83522FEBC103406F3B360FA.e.1773/click - {}
RESULT: undefined
RESULT: undefined
RESULT: undefined
COMMAND: POST /session/be70287e4f4cadcf3f1092f2387a5597/element - {"using":"xpath","value":"//*[@id=\"__tile130\"]"}
RESULT: {"using":"xpath","value":"//*[@id=\"__tile130\"]"}
COMMAND: POST /session/be70287e4f4cadcf3f1092f2387a5597/element/f.ADED239B795CA95CF93BAE70182185CF.d.612FD643C83522FEBC103406F3B360FA.e.1773/click - {}
RESULT: undefined
COMMAND: POST /session/be70287e4f4cadcf3f1092f2387a5597/execute/async - {"script":"<script> [6424 bytes]","args":[{"element-6066-11e4-a52e-4f735466cecf":"f.ADED239B795CA95CF93BAE70182185CF.d.612FD643C83522FEBC103406F3B360FA.e.288"},"getTitle",[]]}
COMMAND: POST /session/be70287e4f4cadcf3f1092f2387a5597/execute/async - {"script":"<script> [1562 bytes]","args":[{"selector":{"id":"shellAppTitle"},"wdio_ui5_key":"shellAppTitle"}]}
RESULT: {"script":"<script> [1562 bytes]","args":[{"selector":{"id":"shellAppTitle"},"wdio_ui5_key":"shellAppTitle"}]}
COMMAND: POST /session/be70287e4f4cadcf3f1092f2387a5597/execute/async - {"script":"<script> [6424 bytes]","args":[{"element-6066-11e4-a52e-4f735466cecf":"f.ADED239B795CA95CF93BAE70182185CF.d.612FD643C83522FEBC103406F3B360FA.e.1859"},"getTitle",[]]}
RESULT: {"script":"<script> [6424 bytes]","args":[{"element-6066-11e4-a52e-4f735466cecf":"f.ADED239B795CA95CF93BAE70182185CF.d.612FD643C83522FEBC103406F3B360FA.e.1859"},"getTitle",[]]}
RESULT: undefined
COMMAND: POST /session/be70287e4f4cadcf3f1092f2387a5597/element/f.ADED239B795CA95CF93BAE70182185CF.d.612FD643C83522FEBC103406F3B360FA.e.1704/click - {}
COMMAND: POST /session/be70287e4f4cadcf3f1092f2387a5597/element - {"using":"xpath","value":"//*[@id=\"backBtn\"]"}
RESULT: {"using":"xpath","value":"//*[@id=\"backBtn\"]"}
COMMAND: POST /session/be70287e4f4cadcf3f1092f2387a5597/element/f.ADED239B795CA95CF93BAE70182185CF.d.612FD643C83522FEBC103406F3B360FA.e.1704/click - {}
COMMAND: POST /session/be70287e4f4cadcf3f1092f2387a5597/element - {"using":"xpath","value":"//*[@id=\"backBtn\"]"}
RESULT: {"using":"xpath","value":"//*[@id=\"backBtn\"]"}
COMMAND: POST /session/be70287e4f4cadcf3f1092f2387a5597/element/f.ADED239B795CA95CF93BAE70182185CF.d.612FD643C83522FEBC103406F3B360FA.e.1860/click - {}
RESULT: {}
COMMAND: GET /session/be70287e4f4cadcf3f1092f2387a5597/screenshot - {}
RESULT: {}
]]></system-out>
    </testcase>
    <testcase classname="chrome.135_0_7049_42.windows.Sanity_Tests_US104253" name="Should open Manage Handovers page" time="33.744">
      <system-out><![CDATA[
COMMAND: POST /session/be70287e4f4cadcf3f1092f2387a5597/execute/async - {"script":"<script> [1562 bytes]","args":[{"selector":{"controlType":"sap.m.GenericTile","properties":{"header":"Manage Handovers"}},"wdio_ui5_key":"sapm.GenericTile{\"header\":\"Manage Handovers\"}"}]}
RESULT: {"script":"<script> [1562 bytes]","args":[{"selector":{"controlType":"sap.m.GenericTile","properties":{"header":"Manage Handovers"}},"wdio_ui5_key":"sapm.GenericTile{\"header\":\"Manage Handovers\"}"}]}
RESULT: undefined
COMMAND: POST /session/be70287e4f4cadcf3f1092f2387a5597/element - {"using":"xpath","value":"//*[@id=\"__tile132\"]"}
RESULT: {"using":"xpath","value":"//*[@id=\"__tile132\"]"}
COMMAND: POST /session/be70287e4f4cadcf3f1092f2387a5597/element/f.ADED239B795CA95CF93BAE70182185CF.d.612FD643C83522FEBC103406F3B360FA.e.1862/click - {}
RESULT: {}
COMMAND: GET /session/be70287e4f4cadcf3f1092f2387a5597/screenshot - {}
RESULT: {}
RESULT: undefined
COMMAND: POST /session/be70287e4f4cadcf3f1092f2387a5597/element - {"using":"xpath","value":"//*[@id=\"__tile132\"]"}
RESULT: {"using":"xpath","value":"//*[@id=\"__tile132\"]"}
COMMAND: POST /session/be70287e4f4cadcf3f1092f2387a5597/element/f.ADED239B795CA95CF93BAE70182185CF.d.612FD643C83522FEBC103406F3B360FA.e.1862/click - {}
RESULT: undefined
COMMAND: POST /session/be70287e4f4cadcf3f1092f2387a5597/element - {"using":"xpath","value":"//*[@id=\"__tile132\"]"}
RESULT: {"using":"xpath","value":"//*[@id=\"__tile132\"]"}
COMMAND: POST /session/be70287e4f4cadcf3f1092f2387a5597/element/f.ADED239B795CA95CF93BAE70182185CF.d.612FD643C83522FEBC103406F3B360FA.e.1862/click - {}
RESULT: undefined
COMMAND: POST /session/be70287e4f4cadcf3f1092f2387a5597/execute/async - {"script":"<script> [6424 bytes]","args":[{"element-6066-11e4-a52e-4f735466cecf":"f.ADED239B795CA95CF93BAE70182185CF.d.612FD643C83522FEBC103406F3B360FA.e.288"},"getTitle",[]]}
COMMAND: POST /session/be70287e4f4cadcf3f1092f2387a5597/execute/async - {"script":"<script> [1562 bytes]","args":[{"selector":{"id":"shellAppTitle"},"wdio_ui5_key":"shellAppTitle"}]}
RESULT: {"script":"<script> [1562 bytes]","args":[{"selector":{"id":"shellAppTitle"},"wdio_ui5_key":"shellAppTitle"}]}
COMMAND: POST /session/be70287e4f4cadcf3f1092f2387a5597/execute/async - {"script":"<script> [6424 bytes]","args":[{"element-6066-11e4-a52e-4f735466cecf":"f.ADED239B795CA95CF93BAE70182185CF.d.612FD643C83522FEBC103406F3B360FA.e.1970"},"getTitle",[]]}
RESULT: {"script":"<script> [6424 bytes]","args":[{"element-6066-11e4-a52e-4f735466cecf":"f.ADED239B795CA95CF93BAE70182185CF.d.612FD643C83522FEBC103406F3B360FA.e.1970"},"getTitle",[]]}
RESULT: undefined
COMMAND: POST /session/be70287e4f4cadcf3f1092f2387a5597/element/f.ADED239B795CA95CF93BAE70182185CF.d.612FD643C83522FEBC103406F3B360FA.e.1860/click - {}
RESULT: {}
COMMAND: GET /session/be70287e4f4cadcf3f1092f2387a5597/screenshot - {}
RESULT: {}
]]></system-out>
    </testcase>
    <testcase classname="chrome.135_0_7049_42.windows.Sanity_Tests_US104253" name="Should open Delivery Monitor page" time="34.394">
      <system-out><![CDATA[
COMMAND: POST /session/be70287e4f4cadcf3f1092f2387a5597/execute/async - {"script":"<script> [1562 bytes]","args":[{"selector":{"controlType":"sap.m.GenericTile","properties":{"header":"Delivery Monitor"}},"wdio_ui5_key":"sapm.GenericTile{\"header\":\"Delivery Monitor\"}"}]}
RESULT: {"script":"<script> [1562 bytes]","args":[{"selector":{"controlType":"sap.m.GenericTile","properties":{"header":"Delivery Monitor"}},"wdio_ui5_key":"sapm.GenericTile{\"header\":\"Delivery Monitor\"}"}]}
RESULT: undefined
COMMAND: POST /session/be70287e4f4cadcf3f1092f2387a5597/element - {"using":"xpath","value":"//*[@id=\"__tile43\"]"}
RESULT: {"using":"xpath","value":"//*[@id=\"__tile43\"]"}
COMMAND: POST /session/be70287e4f4cadcf3f1092f2387a5597/element/f.ADED239B795CA95CF93BAE70182185CF.d.612FD643C83522FEBC103406F3B360FA.e.1972/click - {}
RESULT: {}
COMMAND: GET /session/be70287e4f4cadcf3f1092f2387a5597/screenshot - {}
RESULT: {}
RESULT: undefined
COMMAND: POST /session/be70287e4f4cadcf3f1092f2387a5597/element - {"using":"xpath","value":"//*[@id=\"__tile43\"]"}
RESULT: {"using":"xpath","value":"//*[@id=\"__tile43\"]"}
COMMAND: POST /session/be70287e4f4cadcf3f1092f2387a5597/element/f.ADED239B795CA95CF93BAE70182185CF.d.612FD643C83522FEBC103406F3B360FA.e.1972/click - {}
RESULT: undefined
COMMAND: POST /session/be70287e4f4cadcf3f1092f2387a5597/element - {"using":"xpath","value":"//*[@id=\"__tile43\"]"}
RESULT: {"using":"xpath","value":"//*[@id=\"__tile43\"]"}
COMMAND: POST /session/be70287e4f4cadcf3f1092f2387a5597/element/f.ADED239B795CA95CF93BAE70182185CF.d.612FD643C83522FEBC103406F3B360FA.e.1972/click - {}
RESULT: undefined
COMMAND: POST /session/be70287e4f4cadcf3f1092f2387a5597/execute/async - {"script":"<script> [6424 bytes]","args":[{"element-6066-11e4-a52e-4f735466cecf":"f.ADED239B795CA95CF93BAE70182185CF.d.612FD643C83522FEBC103406F3B360FA.e.288"},"getTitle",[]]}
COMMAND: POST /session/be70287e4f4cadcf3f1092f2387a5597/execute/async - {"script":"<script> [1562 bytes]","args":[{"selector":{"id":"shellAppTitle"},"wdio_ui5_key":"shellAppTitle"}]}
RESULT: {"script":"<script> [1562 bytes]","args":[{"selector":{"id":"shellAppTitle"},"wdio_ui5_key":"shellAppTitle"}]}
COMMAND: POST /session/be70287e4f4cadcf3f1092f2387a5597/execute/async - {"script":"<script> [6424 bytes]","args":[{"element-6066-11e4-a52e-4f735466cecf":"f.ADED239B795CA95CF93BAE70182185CF.d.612FD643C83522FEBC103406F3B360FA.e.2090"},"getTitle",[]]}
RESULT: {"script":"<script> [6424 bytes]","args":[{"element-6066-11e4-a52e-4f735466cecf":"f.ADED239B795CA95CF93BAE70182185CF.d.612FD643C83522FEBC103406F3B360FA.e.2090"},"getTitle",[]]}
RESULT: undefined
COMMAND: POST /session/be70287e4f4cadcf3f1092f2387a5597/element/f.ADED239B795CA95CF93BAE70182185CF.d.612FD643C83522FEBC103406F3B360FA.e.1860/click - {}
COMMAND: POST /session/be70287e4f4cadcf3f1092f2387a5597/element - {"using":"xpath","value":"//*[@id=\"backBtn\"]"}
RESULT: {"using":"xpath","value":"//*[@id=\"backBtn\"]"}
COMMAND: POST /session/be70287e4f4cadcf3f1092f2387a5597/element/f.ADED239B795CA95CF93BAE70182185CF.d.612FD643C83522FEBC103406F3B360FA.e.1860/click - {}
COMMAND: POST /session/be70287e4f4cadcf3f1092f2387a5597/element - {"using":"xpath","value":"//*[@id=\"backBtn\"]"}
RESULT: {"using":"xpath","value":"//*[@id=\"backBtn\"]"}
COMMAND: POST /session/be70287e4f4cadcf3f1092f2387a5597/element/f.ADED239B795CA95CF93BAE70182185CF.d.612FD643C83522FEBC103406F3B360FA.e.2091/click - {}
RESULT: {}
COMMAND: GET /session/be70287e4f4cadcf3f1092f2387a5597/screenshot - {}
RESULT: {}
]]></system-out>
    </testcase>
    <testcase classname="chrome.135_0_7049_42.windows.Sanity_Tests_US104253" name="Should open Manage Calendar Exceptions page" time="32.944">
      <system-out><![CDATA[
COMMAND: POST /session/be70287e4f4cadcf3f1092f2387a5597/execute/async - {"script":"<script> [1562 bytes]","args":[{"selector":{"controlType":"sap.m.GenericTile","properties":{"header":"Manage Calendar Exceptions"}},"wdio_ui5_key":"sapm.GenericTile{\"header\":\"Manage Calendar Exceptions\"}"}]}
RESULT: {"script":"<script> [1562 bytes]","args":[{"selector":{"controlType":"sap.m.GenericTile","properties":{"header":"Manage Calendar Exceptions"}},"wdio_ui5_key":"sapm.GenericTile{\"header\":\"Manage Calendar Exceptions\"}"}]}
RESULT: undefined
COMMAND: POST /session/be70287e4f4cadcf3f1092f2387a5597/element - {"using":"xpath","value":"//*[@id=\"__tile52\"]"}
RESULT: {"using":"xpath","value":"//*[@id=\"__tile52\"]"}
COMMAND: POST /session/be70287e4f4cadcf3f1092f2387a5597/element/f.ADED239B795CA95CF93BAE70182185CF.d.612FD643C83522FEBC103406F3B360FA.e.2093/click - {}
RESULT: {}
COMMAND: GET /session/be70287e4f4cadcf3f1092f2387a5597/screenshot - {}
RESULT: {}
RESULT: undefined
COMMAND: POST /session/be70287e4f4cadcf3f1092f2387a5597/element - {"using":"xpath","value":"//*[@id=\"__tile52\"]"}
RESULT: {"using":"xpath","value":"//*[@id=\"__tile52\"]"}
COMMAND: POST /session/be70287e4f4cadcf3f1092f2387a5597/element/f.ADED239B795CA95CF93BAE70182185CF.d.612FD643C83522FEBC103406F3B360FA.e.2093/click - {}
RESULT: undefined
COMMAND: POST /session/be70287e4f4cadcf3f1092f2387a5597/element - {"using":"xpath","value":"//*[@id=\"__tile52\"]"}
RESULT: {"using":"xpath","value":"//*[@id=\"__tile52\"]"}
COMMAND: POST /session/be70287e4f4cadcf3f1092f2387a5597/element/f.ADED239B795CA95CF93BAE70182185CF.d.612FD643C83522FEBC103406F3B360FA.e.2093/click - {}
RESULT: undefined
COMMAND: POST /session/be70287e4f4cadcf3f1092f2387a5597/execute/async - {"script":"<script> [6424 bytes]","args":[{"element-6066-11e4-a52e-4f735466cecf":"f.ADED239B795CA95CF93BAE70182185CF.d.612FD643C83522FEBC103406F3B360FA.e.288"},"getTitle",[]]}
COMMAND: POST /session/be70287e4f4cadcf3f1092f2387a5597/execute/async - {"script":"<script> [1562 bytes]","args":[{"selector":{"id":"shellAppTitle"},"wdio_ui5_key":"shellAppTitle"}]}
RESULT: {"script":"<script> [1562 bytes]","args":[{"selector":{"id":"shellAppTitle"},"wdio_ui5_key":"shellAppTitle"}]}
COMMAND: POST /session/be70287e4f4cadcf3f1092f2387a5597/execute/async - {"script":"<script> [6424 bytes]","args":[{"element-6066-11e4-a52e-4f735466cecf":"f.ADED239B795CA95CF93BAE70182185CF.d.612FD643C83522FEBC103406F3B360FA.e.2163"},"getTitle",[]]}
RESULT: {"script":"<script> [6424 bytes]","args":[{"element-6066-11e4-a52e-4f735466cecf":"f.ADED239B795CA95CF93BAE70182185CF.d.612FD643C83522FEBC103406F3B360FA.e.2163"},"getTitle",[]]}
RESULT: undefined
COMMAND: POST /session/be70287e4f4cadcf3f1092f2387a5597/element/f.ADED239B795CA95CF93BAE70182185CF.d.612FD643C83522FEBC103406F3B360FA.e.2091/click - {}
RESULT: {}
COMMAND: GET /session/be70287e4f4cadcf3f1092f2387a5597/screenshot - {}
RESULT: {}
]]></system-out>
    </testcase>
    <testcase classname="chrome.135_0_7049_42.windows.Sanity_Tests_US104253" name="Should open Manage States Performance page" time="36.018">
      <system-out><![CDATA[
COMMAND: POST /session/be70287e4f4cadcf3f1092f2387a5597/execute/async - {"script":"<script> [1562 bytes]","args":[{"selector":{"controlType":"sap.m.GenericTile","properties":{"header":"Manage States & Performance"}},"wdio_ui5_key":"sapm.GenericTile{\"header\":\"Manage States & Performance\"}"}]}
RESULT: {"script":"<script> [1562 bytes]","args":[{"selector":{"controlType":"sap.m.GenericTile","properties":{"header":"Manage States & Performance"}},"wdio_ui5_key":"sapm.GenericTile{\"header\":\"Manage States & Performance\"}"}]}
RESULT: undefined
COMMAND: POST /session/be70287e4f4cadcf3f1092f2387a5597/element - {"using":"xpath","value":"//*[@id=\"__tile56\"]"}
RESULT: {"using":"xpath","value":"//*[@id=\"__tile56\"]"}
COMMAND: POST /session/be70287e4f4cadcf3f1092f2387a5597/element/f.ADED239B795CA95CF93BAE70182185CF.d.612FD643C83522FEBC103406F3B360FA.e.2167/click - {}
RESULT: {}
COMMAND: GET /session/be70287e4f4cadcf3f1092f2387a5597/screenshot - {}
RESULT: {}
RESULT: undefined
COMMAND: POST /session/be70287e4f4cadcf3f1092f2387a5597/element - {"using":"xpath","value":"//*[@id=\"__tile56\"]"}
RESULT: {"using":"xpath","value":"//*[@id=\"__tile56\"]"}
COMMAND: POST /session/be70287e4f4cadcf3f1092f2387a5597/element/f.ADED239B795CA95CF93BAE70182185CF.d.612FD643C83522FEBC103406F3B360FA.e.2167/click - {}
RESULT: undefined
COMMAND: POST /session/be70287e4f4cadcf3f1092f2387a5597/element - {"using":"xpath","value":"//*[@id=\"__tile56\"]"}
RESULT: {"using":"xpath","value":"//*[@id=\"__tile56\"]"}
COMMAND: POST /session/be70287e4f4cadcf3f1092f2387a5597/element/f.ADED239B795CA95CF93BAE70182185CF.d.612FD643C83522FEBC103406F3B360FA.e.2167/click - {}
RESULT: undefined
COMMAND: POST /session/be70287e4f4cadcf3f1092f2387a5597/execute/async - {"script":"<script> [6424 bytes]","args":[{"element-6066-11e4-a52e-4f735466cecf":"f.ADED239B795CA95CF93BAE70182185CF.d.612FD643C83522FEBC103406F3B360FA.e.288"},"getTitle",[]]}
COMMAND: POST /session/be70287e4f4cadcf3f1092f2387a5597/execute/async - {"script":"<script> [1562 bytes]","args":[{"selector":{"id":"shellAppTitle"},"wdio_ui5_key":"shellAppTitle"}]}
RESULT: {"script":"<script> [1562 bytes]","args":[{"selector":{"id":"shellAppTitle"},"wdio_ui5_key":"shellAppTitle"}]}
COMMAND: POST /session/be70287e4f4cadcf3f1092f2387a5597/execute/async - {"script":"<script> [6424 bytes]","args":[{"element-6066-11e4-a52e-4f735466cecf":"f.ADED239B795CA95CF93BAE70182185CF.d.612FD643C83522FEBC103406F3B360FA.e.2267"},"getTitle",[]]}
RESULT: {"script":"<script> [6424 bytes]","args":[{"element-6066-11e4-a52e-4f735466cecf":"f.ADED239B795CA95CF93BAE70182185CF.d.612FD643C83522FEBC103406F3B360FA.e.2267"},"getTitle",[]]}
RESULT: undefined
COMMAND: POST /session/be70287e4f4cadcf3f1092f2387a5597/element/f.ADED239B795CA95CF93BAE70182185CF.d.612FD643C83522FEBC103406F3B360FA.e.2091/click - {}
COMMAND: POST /session/be70287e4f4cadcf3f1092f2387a5597/element - {"using":"xpath","value":"//*[@id=\"backBtn\"]"}
RESULT: {"using":"xpath","value":"//*[@id=\"backBtn\"]"}
COMMAND: POST /session/be70287e4f4cadcf3f1092f2387a5597/element/f.ADED239B795CA95CF93BAE70182185CF.d.612FD643C83522FEBC103406F3B360FA.e.2091/click - {}
COMMAND: POST /session/be70287e4f4cadcf3f1092f2387a5597/element - {"using":"xpath","value":"//*[@id=\"backBtn\"]"}
RESULT: {"using":"xpath","value":"//*[@id=\"backBtn\"]"}
COMMAND: POST /session/be70287e4f4cadcf3f1092f2387a5597/element/f.ADED239B795CA95CF93BAE70182185CF.d.612FD643C83522FEBC103406F3B360FA.e.2268/click - {}
RESULT: {}
COMMAND: GET /session/be70287e4f4cadcf3f1092f2387a5597/screenshot - {}
RESULT: {}
]]></system-out>
    </testcase>
    <testcase classname="chrome.135_0_7049_42.windows.Sanity_Tests_US104253" name="Should open Manage Billings page" time="35.877">
      <system-out><![CDATA[
COMMAND: POST /session/be70287e4f4cadcf3f1092f2387a5597/execute/async - {"script":"<script> [1562 bytes]","args":[{"selector":{"controlType":"sap.m.GenericTile","properties":{"header":"Manage Billings"}},"wdio_ui5_key":"sapm.GenericTile{\"header\":\"Manage Billings\"}"}]}
RESULT: {"script":"<script> [1562 bytes]","args":[{"selector":{"controlType":"sap.m.GenericTile","properties":{"header":"Manage Billings"}},"wdio_ui5_key":"sapm.GenericTile{\"header\":\"Manage Billings\"}"}]}
RESULT: undefined
COMMAND: POST /session/be70287e4f4cadcf3f1092f2387a5597/element - {"using":"xpath","value":"//*[@id=\"__tile51\"]"}
RESULT: {"using":"xpath","value":"//*[@id=\"__tile51\"]"}
COMMAND: POST /session/be70287e4f4cadcf3f1092f2387a5597/element/f.ADED239B795CA95CF93BAE70182185CF.d.612FD643C83522FEBC103406F3B360FA.e.2270/click - {}
RESULT: {}
COMMAND: GET /session/be70287e4f4cadcf3f1092f2387a5597/screenshot - {}
RESULT: {}
RESULT: undefined
COMMAND: POST /session/be70287e4f4cadcf3f1092f2387a5597/element - {"using":"xpath","value":"//*[@id=\"__tile51\"]"}
RESULT: {"using":"xpath","value":"//*[@id=\"__tile51\"]"}
COMMAND: POST /session/be70287e4f4cadcf3f1092f2387a5597/element/f.ADED239B795CA95CF93BAE70182185CF.d.612FD643C83522FEBC103406F3B360FA.e.2270/click - {}
RESULT: undefined
COMMAND: POST /session/be70287e4f4cadcf3f1092f2387a5597/element - {"using":"xpath","value":"//*[@id=\"__tile51\"]"}
RESULT: {"using":"xpath","value":"//*[@id=\"__tile51\"]"}
COMMAND: POST /session/be70287e4f4cadcf3f1092f2387a5597/element/f.ADED239B795CA95CF93BAE70182185CF.d.612FD643C83522FEBC103406F3B360FA.e.2270/click - {}
RESULT: undefined
COMMAND: POST /session/be70287e4f4cadcf3f1092f2387a5597/execute/async - {"script":"<script> [6424 bytes]","args":[{"element-6066-11e4-a52e-4f735466cecf":"f.ADED239B795CA95CF93BAE70182185CF.d.612FD643C83522FEBC103406F3B360FA.e.288"},"getTitle",[]]}
COMMAND: POST /session/be70287e4f4cadcf3f1092f2387a5597/execute/async - {"script":"<script> [1562 bytes]","args":[{"selector":{"id":"shellAppTitle"},"wdio_ui5_key":"shellAppTitle"}]}
RESULT: {"script":"<script> [1562 bytes]","args":[{"selector":{"id":"shellAppTitle"},"wdio_ui5_key":"shellAppTitle"}]}
COMMAND: POST /session/be70287e4f4cadcf3f1092f2387a5597/execute/async - {"script":"<script> [6424 bytes]","args":[{"element-6066-11e4-a52e-4f735466cecf":"f.ADED239B795CA95CF93BAE70182185CF.d.612FD643C83522FEBC103406F3B360FA.e.2505"},"getTitle",[]]}
RESULT: {"script":"<script> [6424 bytes]","args":[{"element-6066-11e4-a52e-4f735466cecf":"f.ADED239B795CA95CF93BAE70182185CF.d.612FD643C83522FEBC103406F3B360FA.e.2505"},"getTitle",[]]}
RESULT: undefined
COMMAND: POST /session/be70287e4f4cadcf3f1092f2387a5597/element/f.ADED239B795CA95CF93BAE70182185CF.d.612FD643C83522FEBC103406F3B360FA.e.2268/click - {}
COMMAND: POST /session/be70287e4f4cadcf3f1092f2387a5597/element/f.ADED239B795CA95CF93BAE70182185CF.d.612FD643C83522FEBC103406F3B360FA.e.2268/click - {}
RESULT: {}
COMMAND: GET /session/be70287e4f4cadcf3f1092f2387a5597/screenshot - {}
COMMAND: POST /session/be70287e4f4cadcf3f1092f2387a5597/element - {"using":"xpath","value":"//*[@id=\"backBtn\"]"}
RESULT: {}
RESULT: {"using":"xpath","value":"//*[@id=\"backBtn\"]"}
COMMAND: POST /session/be70287e4f4cadcf3f1092f2387a5597/elements - {"using":"xpath","value":"//*[@id=\"backBtn\"]"}
RESULT: {"using":"xpath","value":"//*[@id=\"backBtn\"]"}
COMMAND: POST /session/be70287e4f4cadcf3f1092f2387a5597/elements - {"using":"xpath","value":"//*[@id=\"backBtn\"]"}
RESULT: {"using":"xpath","value":"//*[@id=\"backBtn\"]"}
COMMAND: POST /session/be70287e4f4cadcf3f1092f2387a5597/elements - {"using":"xpath","value":"//*[@id=\"backBtn\"]"}
RESULT: {"using":"xpath","value":"//*[@id=\"backBtn\"]"}
COMMAND: POST /session/be70287e4f4cadcf3f1092f2387a5597/elements - {"using":"xpath","value":"//*[@id=\"backBtn\"]"}
RESULT: {"using":"xpath","value":"//*[@id=\"backBtn\"]"}
COMMAND: POST /session/be70287e4f4cadcf3f1092f2387a5597/elements - {"using":"xpath","value":"//*[@id=\"backBtn\"]"}
RESULT: {"using":"xpath","value":"//*[@id=\"backBtn\"]"}
COMMAND: POST /session/be70287e4f4cadcf3f1092f2387a5597/elements - {"using":"xpath","value":"//*[@id=\"backBtn\"]"}
RESULT: {"using":"xpath","value":"//*[@id=\"backBtn\"]"}
COMMAND: POST /session/be70287e4f4cadcf3f1092f2387a5597/elements - {"using":"xpath","value":"//*[@id=\"backBtn\"]"}
RESULT: {"using":"xpath","value":"//*[@id=\"backBtn\"]"}
COMMAND: POST /session/be70287e4f4cadcf3f1092f2387a5597/elements - {"using":"xpath","value":"//*[@id=\"backBtn\"]"}
RESULT: {"using":"xpath","value":"//*[@id=\"backBtn\"]"}
COMMAND: POST /session/be70287e4f4cadcf3f1092f2387a5597/elements - {"using":"xpath","value":"//*[@id=\"backBtn\"]"}
RESULT: {"using":"xpath","value":"//*[@id=\"backBtn\"]"}
COMMAND: POST /session/be70287e4f4cadcf3f1092f2387a5597/elements - {"using":"xpath","value":"//*[@id=\"backBtn\"]"}
RESULT: {"using":"xpath","value":"//*[@id=\"backBtn\"]"}
COMMAND: POST /session/be70287e4f4cadcf3f1092f2387a5597/elements - {"using":"xpath","value":"//*[@id=\"backBtn\"]"}
RESULT: {"using":"xpath","value":"//*[@id=\"backBtn\"]"}
COMMAND: POST /session/be70287e4f4cadcf3f1092f2387a5597/elements - {"using":"xpath","value":"//*[@id=\"backBtn\"]"}
RESULT: {"using":"xpath","value":"//*[@id=\"backBtn\"]"}
COMMAND: POST /session/be70287e4f4cadcf3f1092f2387a5597/elements - {"using":"xpath","value":"//*[@id=\"backBtn\"]"}
RESULT: {"using":"xpath","value":"//*[@id=\"backBtn\"]"}
COMMAND: POST /session/be70287e4f4cadcf3f1092f2387a5597/elements - {"using":"xpath","value":"//*[@id=\"backBtn\"]"}
RESULT: {"using":"xpath","value":"//*[@id=\"backBtn\"]"}
COMMAND: POST /session/be70287e4f4cadcf3f1092f2387a5597/elements - {"using":"xpath","value":"//*[@id=\"backBtn\"]"}
RESULT: {"using":"xpath","value":"//*[@id=\"backBtn\"]"}
COMMAND: POST /session/be70287e4f4cadcf3f1092f2387a5597/elements - {"using":"xpath","value":"//*[@id=\"backBtn\"]"}
RESULT: {"using":"xpath","value":"//*[@id=\"backBtn\"]"}
COMMAND: POST /session/be70287e4f4cadcf3f1092f2387a5597/elements - {"using":"xpath","value":"//*[@id=\"backBtn\"]"}
RESULT: {"using":"xpath","value":"//*[@id=\"backBtn\"]"}
COMMAND: POST /session/be70287e4f4cadcf3f1092f2387a5597/elements - {"using":"xpath","value":"//*[@id=\"backBtn\"]"}
RESULT: {"using":"xpath","value":"//*[@id=\"backBtn\"]"}
]]></system-out>
    </testcase>
    <testcase classname="chrome.135_0_7049_42.windows.Sanity_Tests_US104253" name="Should open Manage Conditions Prices page" time="50.67">
      <system-out><![CDATA[
COMMAND: POST /session/be70287e4f4cadcf3f1092f2387a5597/execute/async - {"script":"<script> [1562 bytes]","args":[{"selector":{"controlType":"sap.m.GenericTile","properties":{"header":"Manage Conditions & Prices"}},"wdio_ui5_key":"sapm.GenericTile{\"header\":\"Manage Conditions & Prices\"}"}]}
COMMAND: POST /session/be70287e4f4cadcf3f1092f2387a5597/elements - {"using":"xpath","value":"//*[@id=\"backBtn\"]"}
RESULT: {"script":"<script> [1562 bytes]","args":[{"selector":{"controlType":"sap.m.GenericTile","properties":{"header":"Manage Conditions & Prices"}},"wdio_ui5_key":"sapm.GenericTile{\"header\":\"Manage Conditions & Prices\"}"}]}
RESULT: undefined
COMMAND: POST /session/be70287e4f4cadcf3f1092f2387a5597/element - {"using":"xpath","value":"//*[@id=\"__tile53\"]"}
RESULT: {"using":"xpath","value":"//*[@id=\"backBtn\"]"}
RESULT: {"using":"xpath","value":"//*[@id=\"__tile53\"]"}
COMMAND: POST /session/be70287e4f4cadcf3f1092f2387a5597/element/f.ADED239B795CA95CF93BAE70182185CF.d.612FD643C83522FEBC103406F3B360FA.e.2507/click - {}
RESULT: {}
COMMAND: GET /session/be70287e4f4cadcf3f1092f2387a5597/screenshot - {}
COMMAND: POST /session/be70287e4f4cadcf3f1092f2387a5597/elements - {"using":"xpath","value":"//*[@id=\"backBtn\"]"}
RESULT: {}
RESULT: {"using":"xpath","value":"//*[@id=\"backBtn\"]"}
COMMAND: POST /session/be70287e4f4cadcf3f1092f2387a5597/elements - {"using":"xpath","value":"//*[@id=\"backBtn\"]"}
RESULT: {"using":"xpath","value":"//*[@id=\"backBtn\"]"}
COMMAND: POST /session/be70287e4f4cadcf3f1092f2387a5597/elements - {"using":"xpath","value":"//*[@id=\"backBtn\"]"}
RESULT: {"using":"xpath","value":"//*[@id=\"backBtn\"]"}
COMMAND: POST /session/be70287e4f4cadcf3f1092f2387a5597/elements - {"using":"xpath","value":"//*[@id=\"backBtn\"]"}
RESULT: undefined
COMMAND: POST /session/be70287e4f4cadcf3f1092f2387a5597/element - {"using":"xpath","value":"//*[@id=\"__tile53\"]"}
RESULT: {"using":"xpath","value":"//*[@id=\"backBtn\"]"}
COMMAND: POST /session/be70287e4f4cadcf3f1092f2387a5597/element - {"using":"xpath","value":"//*[@id=\"backBtn\"]"}
RESULT: {"using":"xpath","value":"//*[@id=\"__tile53\"]"}
COMMAND: POST /session/be70287e4f4cadcf3f1092f2387a5597/element/f.ADED239B795CA95CF93BAE70182185CF.d.612FD643C83522FEBC103406F3B360FA.e.2507/click - {}
RESULT: {"using":"xpath","value":"//*[@id=\"backBtn\"]"}
COMMAND: POST /session/be70287e4f4cadcf3f1092f2387a5597/element/f.ADED239B795CA95CF93BAE70182185CF.d.612FD643C83522FEBC103406F3B360FA.e.2268/click - {}
COMMAND: POST /session/be70287e4f4cadcf3f1092f2387a5597/element - {"using":"xpath","value":"//*[@id=\"backBtn\"]"}
RESULT: {"using":"xpath","value":"//*[@id=\"backBtn\"]"}
COMMAND: POST /session/be70287e4f4cadcf3f1092f2387a5597/element/f.ADED239B795CA95CF93BAE70182185CF.d.612FD643C83522FEBC103406F3B360FA.e.2537/click - {}
RESULT: {}
COMMAND: GET /session/be70287e4f4cadcf3f1092f2387a5597/screenshot - {}
RESULT: {}
RESULT: undefined
COMMAND: POST /session/be70287e4f4cadcf3f1092f2387a5597/element - {"using":"xpath","value":"//*[@id=\"__tile53\"]"}
COMMAND: GET /session/be70287e4f4cadcf3f1092f2387a5597/screenshot - {}
RESULT: {}
RESULT: {"using":"xpath","value":"//*[@id=\"__tile53\"]"}
COMMAND: POST /session/be70287e4f4cadcf3f1092f2387a5597/element/f.ADED239B795CA95CF93BAE70182185CF.d.612FD643C83522FEBC103406F3B360FA.e.2507/click - {}
RESULT: {}
RESULT: undefined
COMMAND: POST /session/be70287e4f4cadcf3f1092f2387a5597/execute/async - {"script":"<script> [6424 bytes]","args":[{"element-6066-11e4-a52e-4f735466cecf":"f.ADED239B795CA95CF93BAE70182185CF.d.612FD643C83522FEBC103406F3B360FA.e.288"},"getTitle",[]]}
COMMAND: POST /session/be70287e4f4cadcf3f1092f2387a5597/execute/async - {"script":"<script> [1562 bytes]","args":[{"selector":{"id":"shellAppTitle"},"wdio_ui5_key":"shellAppTitle"}]}
RESULT: {"script":"<script> [1562 bytes]","args":[{"selector":{"id":"shellAppTitle"},"wdio_ui5_key":"shellAppTitle"}]}
COMMAND: POST /session/be70287e4f4cadcf3f1092f2387a5597/execute/async - {"script":"<script> [6424 bytes]","args":[{"element-6066-11e4-a52e-4f735466cecf":"f.ADED239B795CA95CF93BAE70182185CF.d.612FD643C83522FEBC103406F3B360FA.e.2865"},"getTitle",[]]}
RESULT: {"script":"<script> [6424 bytes]","args":[{"element-6066-11e4-a52e-4f735466cecf":"f.ADED239B795CA95CF93BAE70182185CF.d.612FD643C83522FEBC103406F3B360FA.e.2865"},"getTitle",[]]}
RESULT: undefined
COMMAND: POST /session/be70287e4f4cadcf3f1092f2387a5597/element/f.ADED239B795CA95CF93BAE70182185CF.d.612FD643C83522FEBC103406F3B360FA.e.2537/click - {}
RESULT: {}
COMMAND: GET /session/be70287e4f4cadcf3f1092f2387a5597/screenshot - {}
RESULT: {}
]]></system-out>
    </testcase>
    <testcase classname="chrome.135_0_7049_42.windows.Sanity_Tests_US104253" name="Should open Billing Transfer page" time="32.418">
      <system-out><![CDATA[
COMMAND: POST /session/be70287e4f4cadcf3f1092f2387a5597/execute/async - {"script":"<script> [1562 bytes]","args":[{"selector":{"controlType":"sap.m.GenericTile","properties":{"header":"Billing Transfer"}},"wdio_ui5_key":"sapm.GenericTile{\"header\":\"Billing Transfer\"}"}]}
RESULT: {"script":"<script> [1562 bytes]","args":[{"selector":{"controlType":"sap.m.GenericTile","properties":{"header":"Billing Transfer"}},"wdio_ui5_key":"sapm.GenericTile{\"header\":\"Billing Transfer\"}"}]}
RESULT: undefined
COMMAND: POST /session/be70287e4f4cadcf3f1092f2387a5597/element - {"using":"xpath","value":"//*[@id=\"__tile50\"]"}
RESULT: {"using":"xpath","value":"//*[@id=\"__tile50\"]"}
COMMAND: POST /session/be70287e4f4cadcf3f1092f2387a5597/element/f.ADED239B795CA95CF93BAE70182185CF.d.612FD643C83522FEBC103406F3B360FA.e.2867/click - {}
RESULT: {}
COMMAND: GET /session/be70287e4f4cadcf3f1092f2387a5597/screenshot - {}
RESULT: {}
RESULT: undefined
COMMAND: POST /session/be70287e4f4cadcf3f1092f2387a5597/element - {"using":"xpath","value":"//*[@id=\"__tile50\"]"}
RESULT: {"using":"xpath","value":"//*[@id=\"__tile50\"]"}
COMMAND: POST /session/be70287e4f4cadcf3f1092f2387a5597/element/f.ADED239B795CA95CF93BAE70182185CF.d.612FD643C83522FEBC103406F3B360FA.e.2867/click - {}
RESULT: undefined
COMMAND: POST /session/be70287e4f4cadcf3f1092f2387a5597/element - {"using":"xpath","value":"//*[@id=\"__tile50\"]"}
RESULT: {"using":"xpath","value":"//*[@id=\"__tile50\"]"}
COMMAND: POST /session/be70287e4f4cadcf3f1092f2387a5597/element/f.ADED239B795CA95CF93BAE70182185CF.d.612FD643C83522FEBC103406F3B360FA.e.2867/click - {}
RESULT: undefined
COMMAND: POST /session/be70287e4f4cadcf3f1092f2387a5597/execute/async - {"script":"<script> [6424 bytes]","args":[{"element-6066-11e4-a52e-4f735466cecf":"f.ADED239B795CA95CF93BAE70182185CF.d.612FD643C83522FEBC103406F3B360FA.e.288"},"getTitle",[]]}
COMMAND: POST /session/be70287e4f4cadcf3f1092f2387a5597/execute/async - {"script":"<script> [1562 bytes]","args":[{"selector":{"id":"shellAppTitle"},"wdio_ui5_key":"shellAppTitle"}]}
RESULT: {"script":"<script> [1562 bytes]","args":[{"selector":{"id":"shellAppTitle"},"wdio_ui5_key":"shellAppTitle"}]}
COMMAND: POST /session/be70287e4f4cadcf3f1092f2387a5597/execute/async - {"script":"<script> [6424 bytes]","args":[{"element-6066-11e4-a52e-4f735466cecf":"f.ADED239B795CA95CF93BAE70182185CF.d.612FD643C83522FEBC103406F3B360FA.e.3007"},"getTitle",[]]}
RESULT: {"script":"<script> [6424 bytes]","args":[{"element-6066-11e4-a52e-4f735466cecf":"f.ADED239B795CA95CF93BAE70182185CF.d.612FD643C83522FEBC103406F3B360FA.e.3007"},"getTitle",[]]}
RESULT: undefined
COMMAND: POST /session/be70287e4f4cadcf3f1092f2387a5597/element/f.ADED239B795CA95CF93BAE70182185CF.d.612FD643C83522FEBC103406F3B360FA.e.2537/click - {}
COMMAND: POST /session/be70287e4f4cadcf3f1092f2387a5597/element - {"using":"xpath","value":"//*[@id=\"backBtn\"]"}
RESULT: {"using":"xpath","value":"//*[@id=\"backBtn\"]"}
COMMAND: POST /session/be70287e4f4cadcf3f1092f2387a5597/element/f.ADED239B795CA95CF93BAE70182185CF.d.612FD643C83522FEBC103406F3B360FA.e.2537/click - {}
COMMAND: POST /session/be70287e4f4cadcf3f1092f2387a5597/element - {"using":"xpath","value":"//*[@id=\"backBtn\"]"}
RESULT: {"using":"xpath","value":"//*[@id=\"backBtn\"]"}
COMMAND: POST /session/be70287e4f4cadcf3f1092f2387a5597/element/f.ADED239B795CA95CF93BAE70182185CF.d.612FD643C83522FEBC103406F3B360FA.e.3008/click - {}
RESULT: {}
COMMAND: GET /session/be70287e4f4cadcf3f1092f2387a5597/screenshot - {}
RESULT: {}
]]></system-out>
    </testcase>
    <testcase classname="chrome.135_0_7049_42.windows.Sanity_Tests_US104253" name="Should open Manage Pricing Rules page" time="32.2">
      <system-out><![CDATA[
COMMAND: POST /session/be70287e4f4cadcf3f1092f2387a5597/execute/async - {"script":"<script> [1562 bytes]","args":[{"selector":{"controlType":"sap.m.GenericTile","properties":{"header":"Manage Pricing Rules"}},"wdio_ui5_key":"sapm.GenericTile{\"header\":\"Manage Pricing Rules\"}"}]}
RESULT: {"script":"<script> [1562 bytes]","args":[{"selector":{"controlType":"sap.m.GenericTile","properties":{"header":"Manage Pricing Rules"}},"wdio_ui5_key":"sapm.GenericTile{\"header\":\"Manage Pricing Rules\"}"}]}
RESULT: undefined
COMMAND: POST /session/be70287e4f4cadcf3f1092f2387a5597/element - {"using":"xpath","value":"//*[@id=\"__tile55\"]"}
RESULT: {"using":"xpath","value":"//*[@id=\"__tile55\"]"}
COMMAND: POST /session/be70287e4f4cadcf3f1092f2387a5597/element/f.ADED239B795CA95CF93BAE70182185CF.d.612FD643C83522FEBC103406F3B360FA.e.3010/click - {}
RESULT: {}
COMMAND: GET /session/be70287e4f4cadcf3f1092f2387a5597/screenshot - {}
RESULT: {}
RESULT: undefined
COMMAND: POST /session/be70287e4f4cadcf3f1092f2387a5597/element - {"using":"xpath","value":"//*[@id=\"__tile55\"]"}
RESULT: {"using":"xpath","value":"//*[@id=\"__tile55\"]"}
COMMAND: POST /session/be70287e4f4cadcf3f1092f2387a5597/element/f.ADED239B795CA95CF93BAE70182185CF.d.612FD643C83522FEBC103406F3B360FA.e.3010/click - {}
RESULT: undefined
COMMAND: POST /session/be70287e4f4cadcf3f1092f2387a5597/element - {"using":"xpath","value":"//*[@id=\"__tile55\"]"}
RESULT: {"using":"xpath","value":"//*[@id=\"__tile55\"]"}
COMMAND: POST /session/be70287e4f4cadcf3f1092f2387a5597/element/f.ADED239B795CA95CF93BAE70182185CF.d.612FD643C83522FEBC103406F3B360FA.e.3010/click - {}
RESULT: undefined
COMMAND: POST /session/be70287e4f4cadcf3f1092f2387a5597/execute/async - {"script":"<script> [6424 bytes]","args":[{"element-6066-11e4-a52e-4f735466cecf":"f.ADED239B795CA95CF93BAE70182185CF.d.612FD643C83522FEBC103406F3B360FA.e.288"},"getTitle",[]]}
COMMAND: POST /session/be70287e4f4cadcf3f1092f2387a5597/execute/async - {"script":"<script> [1562 bytes]","args":[{"selector":{"id":"shellAppTitle"},"wdio_ui5_key":"shellAppTitle"}]}
RESULT: {"script":"<script> [1562 bytes]","args":[{"selector":{"id":"shellAppTitle"},"wdio_ui5_key":"shellAppTitle"}]}
COMMAND: POST /session/be70287e4f4cadcf3f1092f2387a5597/execute/async - {"script":"<script> [6424 bytes]","args":[{"element-6066-11e4-a52e-4f735466cecf":"f.ADED239B795CA95CF93BAE70182185CF.d.612FD643C83522FEBC103406F3B360FA.e.3058"},"getTitle",[]]}
RESULT: {"script":"<script> [6424 bytes]","args":[{"element-6066-11e4-a52e-4f735466cecf":"f.ADED239B795CA95CF93BAE70182185CF.d.612FD643C83522FEBC103406F3B360FA.e.3058"},"getTitle",[]]}
RESULT: undefined
COMMAND: POST /session/be70287e4f4cadcf3f1092f2387a5597/element/f.ADED239B795CA95CF93BAE70182185CF.d.612FD643C83522FEBC103406F3B360FA.e.3008/click - {}
RESULT: {}
COMMAND: GET /session/be70287e4f4cadcf3f1092f2387a5597/screenshot - {}
RESULT: {}
]]></system-out>
    </testcase>
    <testcase classname="chrome.135_0_7049_42.windows.Sanity_Tests_US104253" name="Should open Manage Price Determination Matrices page" time="31.298">
      <system-out><![CDATA[
COMMAND: POST /session/be70287e4f4cadcf3f1092f2387a5597/execute/async - {"script":"<script> [1562 bytes]","args":[{"selector":{"controlType":"sap.m.GenericTile","properties":{"header":"Manage Price Determination Matrices"}},"wdio_ui5_key":"sapm.GenericTile{\"header\":\"Manage Price Determination Matrices\"}"}]}
RESULT: {"script":"<script> [1562 bytes]","args":[{"selector":{"controlType":"sap.m.GenericTile","properties":{"header":"Manage Price Determination Matrices"}},"wdio_ui5_key":"sapm.GenericTile{\"header\":\"Manage Price Determination Matrices\"}"}]}
RESULT: undefined
COMMAND: POST /session/be70287e4f4cadcf3f1092f2387a5597/element - {"using":"xpath","value":"//*[@id=\"__tile54\"]"}
RESULT: {"using":"xpath","value":"//*[@id=\"__tile54\"]"}
COMMAND: POST /session/be70287e4f4cadcf3f1092f2387a5597/element/f.ADED239B795CA95CF93BAE70182185CF.d.612FD643C83522FEBC103406F3B360FA.e.3060/click - {}
RESULT: {}
COMMAND: GET /session/be70287e4f4cadcf3f1092f2387a5597/screenshot - {}
RESULT: {}
RESULT: undefined
COMMAND: POST /session/be70287e4f4cadcf3f1092f2387a5597/element - {"using":"xpath","value":"//*[@id=\"__tile54\"]"}
RESULT: {"using":"xpath","value":"//*[@id=\"__tile54\"]"}
COMMAND: POST /session/be70287e4f4cadcf3f1092f2387a5597/element/f.ADED239B795CA95CF93BAE70182185CF.d.612FD643C83522FEBC103406F3B360FA.e.3060/click - {}
RESULT: undefined
COMMAND: POST /session/be70287e4f4cadcf3f1092f2387a5597/element - {"using":"xpath","value":"//*[@id=\"__tile54\"]"}
RESULT: {"using":"xpath","value":"//*[@id=\"__tile54\"]"}
COMMAND: POST /session/be70287e4f4cadcf3f1092f2387a5597/element/f.ADED239B795CA95CF93BAE70182185CF.d.612FD643C83522FEBC103406F3B360FA.e.3060/click - {}
RESULT: undefined
COMMAND: POST /session/be70287e4f4cadcf3f1092f2387a5597/execute/async - {"script":"<script> [6424 bytes]","args":[{"element-6066-11e4-a52e-4f735466cecf":"f.ADED239B795CA95CF93BAE70182185CF.d.612FD643C83522FEBC103406F3B360FA.e.288"},"getTitle",[]]}
COMMAND: POST /session/be70287e4f4cadcf3f1092f2387a5597/execute/async - {"script":"<script> [1562 bytes]","args":[{"selector":{"id":"shellAppTitle"},"wdio_ui5_key":"shellAppTitle"}]}
RESULT: {"script":"<script> [1562 bytes]","args":[{"selector":{"id":"shellAppTitle"},"wdio_ui5_key":"shellAppTitle"}]}
COMMAND: POST /session/be70287e4f4cadcf3f1092f2387a5597/execute/async - {"script":"<script> [6424 bytes]","args":[{"element-6066-11e4-a52e-4f735466cecf":"f.ADED239B795CA95CF93BAE70182185CF.d.612FD643C83522FEBC103406F3B360FA.e.3161"},"getTitle",[]]}
RESULT: {"script":"<script> [6424 bytes]","args":[{"element-6066-11e4-a52e-4f735466cecf":"f.ADED239B795CA95CF93BAE70182185CF.d.612FD643C83522FEBC103406F3B360FA.e.3161"},"getTitle",[]]}
RESULT: undefined
COMMAND: POST /session/be70287e4f4cadcf3f1092f2387a5597/element/f.ADED239B795CA95CF93BAE70182185CF.d.612FD643C83522FEBC103406F3B360FA.e.3008/click - {}
COMMAND: POST /session/be70287e4f4cadcf3f1092f2387a5597/element - {"using":"xpath","value":"//*[@id=\"backBtn\"]"}
RESULT: {"using":"xpath","value":"//*[@id=\"backBtn\"]"}
COMMAND: POST /session/be70287e4f4cadcf3f1092f2387a5597/element/f.ADED239B795CA95CF93BAE70182185CF.d.612FD643C83522FEBC103406F3B360FA.e.3008/click - {}
COMMAND: POST /session/be70287e4f4cadcf3f1092f2387a5597/element - {"using":"xpath","value":"//*[@id=\"backBtn\"]"}
RESULT: {"using":"xpath","value":"//*[@id=\"backBtn\"]"}
COMMAND: POST /session/be70287e4f4cadcf3f1092f2387a5597/element/f.ADED239B795CA95CF93BAE70182185CF.d.612FD643C83522FEBC103406F3B360FA.e.3162/click - {}
RESULT: {}
COMMAND: GET /session/be70287e4f4cadcf3f1092f2387a5597/screenshot - {}
RESULT: {}
]]></system-out>
    </testcase>
    <testcase classname="chrome.135_0_7049_42.windows.Sanity_Tests_US104253" name="Should open Yard Overview page" time="33.238">
      <system-out><![CDATA[
COMMAND: POST /session/be70287e4f4cadcf3f1092f2387a5597/execute/async - {"script":"<script> [1562 bytes]","args":[{"selector":{"controlType":"sap.m.GenericTile","properties":{"header":"Yard Overview"}},"wdio_ui5_key":"sapm.GenericTile{\"header\":\"Yard Overview\"}"}]}
RESULT: {"script":"<script> [1562 bytes]","args":[{"selector":{"controlType":"sap.m.GenericTile","properties":{"header":"Yard Overview"}},"wdio_ui5_key":"sapm.GenericTile{\"header\":\"Yard Overview\"}"}]}
RESULT: undefined
COMMAND: POST /session/be70287e4f4cadcf3f1092f2387a5597/element - {"using":"xpath","value":"//*[@id=\"__tile102\"]"}
RESULT: {"using":"xpath","value":"//*[@id=\"__tile102\"]"}
COMMAND: POST /session/be70287e4f4cadcf3f1092f2387a5597/element/f.ADED239B795CA95CF93BAE70182185CF.d.612FD643C83522FEBC103406F3B360FA.e.3164/click - {}
RESULT: {}
COMMAND: GET /session/be70287e4f4cadcf3f1092f2387a5597/screenshot - {}
RESULT: {}
RESULT: undefined
COMMAND: POST /session/be70287e4f4cadcf3f1092f2387a5597/element - {"using":"xpath","value":"//*[@id=\"__tile102\"]"}
RESULT: {"using":"xpath","value":"//*[@id=\"__tile102\"]"}
COMMAND: POST /session/be70287e4f4cadcf3f1092f2387a5597/element/f.ADED239B795CA95CF93BAE70182185CF.d.612FD643C83522FEBC103406F3B360FA.e.3164/click - {}
RESULT: undefined
COMMAND: POST /session/be70287e4f4cadcf3f1092f2387a5597/element - {"using":"xpath","value":"//*[@id=\"__tile102\"]"}
RESULT: {"using":"xpath","value":"//*[@id=\"__tile102\"]"}
COMMAND: POST /session/be70287e4f4cadcf3f1092f2387a5597/element/f.ADED239B795CA95CF93BAE70182185CF.d.612FD643C83522FEBC103406F3B360FA.e.3164/click - {}
RESULT: undefined
COMMAND: POST /session/be70287e4f4cadcf3f1092f2387a5597/execute/async - {"script":"<script> [6424 bytes]","args":[{"element-6066-11e4-a52e-4f735466cecf":"f.ADED239B795CA95CF93BAE70182185CF.d.612FD643C83522FEBC103406F3B360FA.e.288"},"getTitle",[]]}
COMMAND: POST /session/be70287e4f4cadcf3f1092f2387a5597/execute/async - {"script":"<script> [1562 bytes]","args":[{"selector":{"id":"shellAppTitle"},"wdio_ui5_key":"shellAppTitle"}]}
RESULT: {"script":"<script> [1562 bytes]","args":[{"selector":{"id":"shellAppTitle"},"wdio_ui5_key":"shellAppTitle"}]}
COMMAND: POST /session/be70287e4f4cadcf3f1092f2387a5597/execute/async - {"script":"<script> [6424 bytes]","args":[{"element-6066-11e4-a52e-4f735466cecf":"f.ADED239B795CA95CF93BAE70182185CF.d.612FD643C83522FEBC103406F3B360FA.e.3224"},"getTitle",[]]}
RESULT: {"script":"<script> [6424 bytes]","args":[{"element-6066-11e4-a52e-4f735466cecf":"f.ADED239B795CA95CF93BAE70182185CF.d.612FD643C83522FEBC103406F3B360FA.e.3224"},"getTitle",[]]}
RESULT: undefined
COMMAND: POST /session/be70287e4f4cadcf3f1092f2387a5597/element/f.ADED239B795CA95CF93BAE70182185CF.d.612FD643C83522FEBC103406F3B360FA.e.3162/click - {}
RESULT: {}
COMMAND: GET /session/be70287e4f4cadcf3f1092f2387a5597/screenshot - {}
RESULT: {}
]]></system-out>
    </testcase>
    <testcase classname="chrome.135_0_7049_42.windows.Sanity_Tests_US104253" name="Should open Site Overview page" time="33.88">
      <system-out><![CDATA[
COMMAND: POST /session/be70287e4f4cadcf3f1092f2387a5597/execute/async - {"script":"<script> [1562 bytes]","args":[{"selector":{"controlType":"sap.m.GenericTile","properties":{"header":"Site Overview"}},"wdio_ui5_key":"sapm.GenericTile{\"header\":\"Site Overview\"}"}]}
RESULT: {"script":"<script> [1562 bytes]","args":[{"selector":{"controlType":"sap.m.GenericTile","properties":{"header":"Site Overview"}},"wdio_ui5_key":"sapm.GenericTile{\"header\":\"Site Overview\"}"}]}
RESULT: undefined
COMMAND: POST /session/be70287e4f4cadcf3f1092f2387a5597/element - {"using":"xpath","value":"//*[@id=\"__tile100\"]"}
RESULT: {"using":"xpath","value":"//*[@id=\"__tile100\"]"}
COMMAND: POST /session/be70287e4f4cadcf3f1092f2387a5597/element/f.ADED239B795CA95CF93BAE70182185CF.d.612FD643C83522FEBC103406F3B360FA.e.3227/click - {}
RESULT: {}
COMMAND: GET /session/be70287e4f4cadcf3f1092f2387a5597/screenshot - {}
RESULT: {}
RESULT: undefined
COMMAND: POST /session/be70287e4f4cadcf3f1092f2387a5597/element - {"using":"xpath","value":"//*[@id=\"__tile100\"]"}
RESULT: {"using":"xpath","value":"//*[@id=\"__tile100\"]"}
COMMAND: POST /session/be70287e4f4cadcf3f1092f2387a5597/element/f.ADED239B795CA95CF93BAE70182185CF.d.612FD643C83522FEBC103406F3B360FA.e.3227/click - {}
RESULT: undefined
COMMAND: POST /session/be70287e4f4cadcf3f1092f2387a5597/element - {"using":"xpath","value":"//*[@id=\"__tile100\"]"}
RESULT: {"using":"xpath","value":"//*[@id=\"__tile100\"]"}
COMMAND: POST /session/be70287e4f4cadcf3f1092f2387a5597/element/f.ADED239B795CA95CF93BAE70182185CF.d.612FD643C83522FEBC103406F3B360FA.e.3227/click - {}
RESULT: undefined
COMMAND: POST /session/be70287e4f4cadcf3f1092f2387a5597/execute/async - {"script":"<script> [6424 bytes]","args":[{"element-6066-11e4-a52e-4f735466cecf":"f.ADED239B795CA95CF93BAE70182185CF.d.612FD643C83522FEBC103406F3B360FA.e.288"},"getTitle",[]]}
COMMAND: POST /session/be70287e4f4cadcf3f1092f2387a5597/execute/async - {"script":"<script> [1562 bytes]","args":[{"selector":{"id":"shellAppTitle"},"wdio_ui5_key":"shellAppTitle"}]}
RESULT: {"script":"<script> [1562 bytes]","args":[{"selector":{"id":"shellAppTitle"},"wdio_ui5_key":"shellAppTitle"}]}
COMMAND: POST /session/be70287e4f4cadcf3f1092f2387a5597/execute/async - {"script":"<script> [6424 bytes]","args":[{"element-6066-11e4-a52e-4f735466cecf":"f.ADED239B795CA95CF93BAE70182185CF.d.612FD643C83522FEBC103406F3B360FA.e.3342"},"getTitle",[]]}
RESULT: {"script":"<script> [6424 bytes]","args":[{"element-6066-11e4-a52e-4f735466cecf":"f.ADED239B795CA95CF93BAE70182185CF.d.612FD643C83522FEBC103406F3B360FA.e.3342"},"getTitle",[]]}
RESULT: undefined
COMMAND: POST /session/be70287e4f4cadcf3f1092f2387a5597/element/f.ADED239B795CA95CF93BAE70182185CF.d.612FD643C83522FEBC103406F3B360FA.e.3162/click - {}
COMMAND: POST /session/be70287e4f4cadcf3f1092f2387a5597/element - {"using":"xpath","value":"//*[@id=\"backBtn\"]"}
RESULT: {"using":"xpath","value":"//*[@id=\"backBtn\"]"}
COMMAND: POST /session/be70287e4f4cadcf3f1092f2387a5597/element/f.ADED239B795CA95CF93BAE70182185CF.d.612FD643C83522FEBC103406F3B360FA.e.3162/click - {}
COMMAND: POST /session/be70287e4f4cadcf3f1092f2387a5597/element - {"using":"xpath","value":"//*[@id=\"backBtn\"]"}
RESULT: {"using":"xpath","value":"//*[@id=\"backBtn\"]"}
COMMAND: POST /session/be70287e4f4cadcf3f1092f2387a5597/element/f.ADED239B795CA95CF93BAE70182185CF.d.612FD643C83522FEBC103406F3B360FA.e.3343/click - {}
RESULT: {}
COMMAND: GET /session/be70287e4f4cadcf3f1092f2387a5597/screenshot - {}
RESULT: {}
]]></system-out>
    </testcase>
    <testcase classname="chrome.135_0_7049_42.windows.Sanity_Tests_US104253" name="Should open Trace Track Resources page" time="33.972">
      <system-out><![CDATA[
COMMAND: POST /session/be70287e4f4cadcf3f1092f2387a5597/execute/async - {"script":"<script> [1562 bytes]","args":[{"selector":{"controlType":"sap.m.GenericTile","properties":{"header":"Trace & Track Resources"}},"wdio_ui5_key":"sapm.GenericTile{\"header\":\"Trace & Track Resources\"}"}]}
RESULT: {"script":"<script> [1562 bytes]","args":[{"selector":{"controlType":"sap.m.GenericTile","properties":{"header":"Trace & Track Resources"}},"wdio_ui5_key":"sapm.GenericTile{\"header\":\"Trace & Track Resources\"}"}]}
RESULT: undefined
COMMAND: POST /session/be70287e4f4cadcf3f1092f2387a5597/element - {"using":"xpath","value":"//*[@id=\"__tile101\"]"}
RESULT: {"using":"xpath","value":"//*[@id=\"__tile101\"]"}
COMMAND: POST /session/be70287e4f4cadcf3f1092f2387a5597/element/f.ADED239B795CA95CF93BAE70182185CF.d.612FD643C83522FEBC103406F3B360FA.e.3346/click - {}
RESULT: {}
COMMAND: GET /session/be70287e4f4cadcf3f1092f2387a5597/screenshot - {}
RESULT: {}
RESULT: undefined
COMMAND: POST /session/be70287e4f4cadcf3f1092f2387a5597/element - {"using":"xpath","value":"//*[@id=\"__tile101\"]"}
RESULT: {"using":"xpath","value":"//*[@id=\"__tile101\"]"}
COMMAND: POST /session/be70287e4f4cadcf3f1092f2387a5597/element/f.ADED239B795CA95CF93BAE70182185CF.d.612FD643C83522FEBC103406F3B360FA.e.3346/click - {}
RESULT: undefined
COMMAND: POST /session/be70287e4f4cadcf3f1092f2387a5597/element - {"using":"xpath","value":"//*[@id=\"__tile101\"]"}
RESULT: {"using":"xpath","value":"//*[@id=\"__tile101\"]"}
COMMAND: POST /session/be70287e4f4cadcf3f1092f2387a5597/element/f.ADED239B795CA95CF93BAE70182185CF.d.612FD643C83522FEBC103406F3B360FA.e.3346/click - {}
RESULT: undefined
COMMAND: POST /session/be70287e4f4cadcf3f1092f2387a5597/execute/async - {"script":"<script> [6424 bytes]","args":[{"element-6066-11e4-a52e-4f735466cecf":"f.ADED239B795CA95CF93BAE70182185CF.d.612FD643C83522FEBC103406F3B360FA.e.288"},"getTitle",[]]}
COMMAND: POST /session/be70287e4f4cadcf3f1092f2387a5597/execute/async - {"script":"<script> [1562 bytes]","args":[{"selector":{"id":"shellAppTitle"},"wdio_ui5_key":"shellAppTitle"}]}
RESULT: {"script":"<script> [1562 bytes]","args":[{"selector":{"id":"shellAppTitle"},"wdio_ui5_key":"shellAppTitle"}]}
COMMAND: POST /session/be70287e4f4cadcf3f1092f2387a5597/execute/async - {"script":"<script> [6424 bytes]","args":[{"element-6066-11e4-a52e-4f735466cecf":"f.ADED239B795CA95CF93BAE70182185CF.d.612FD643C83522FEBC103406F3B360FA.e.3374"},"getTitle",[]]}
RESULT: {"script":"<script> [6424 bytes]","args":[{"element-6066-11e4-a52e-4f735466cecf":"f.ADED239B795CA95CF93BAE70182185CF.d.612FD643C83522FEBC103406F3B360FA.e.3374"},"getTitle",[]]}
RESULT: undefined
COMMAND: POST /session/be70287e4f4cadcf3f1092f2387a5597/element/f.ADED239B795CA95CF93BAE70182185CF.d.612FD643C83522FEBC103406F3B360FA.e.3343/click - {}
RESULT: {}
COMMAND: GET /session/be70287e4f4cadcf3f1092f2387a5597/screenshot - {}
RESULT: {}
]]></system-out>
    </testcase>
    <testcase classname="chrome.135_0_7049_42.windows.Sanity_Tests_US104253" name="Should open RU Inventory List page" time="32.733">
      <system-out><![CDATA[
COMMAND: POST /session/be70287e4f4cadcf3f1092f2387a5597/execute/async - {"script":"<script> [1562 bytes]","args":[{"selector":{"controlType":"sap.m.GenericTile","properties":{"header":"RU Inventory List"}},"wdio_ui5_key":"sapm.GenericTile{\"header\":\"RU Inventory List\"}"}]}
RESULT: {"script":"<script> [1562 bytes]","args":[{"selector":{"controlType":"sap.m.GenericTile","properties":{"header":"RU Inventory List"}},"wdio_ui5_key":"sapm.GenericTile{\"header\":\"RU Inventory List\"}"}]}
RESULT: undefined
COMMAND: POST /session/be70287e4f4cadcf3f1092f2387a5597/element - {"using":"xpath","value":"//*[@id=\"__tile99\"]"}
RESULT: {"using":"xpath","value":"//*[@id=\"__tile99\"]"}
COMMAND: POST /session/be70287e4f4cadcf3f1092f2387a5597/element/f.ADED239B795CA95CF93BAE70182185CF.d.612FD643C83522FEBC103406F3B360FA.e.3376/click - {}
RESULT: {}
COMMAND: GET /session/be70287e4f4cadcf3f1092f2387a5597/screenshot - {}
RESULT: {}
RESULT: undefined
COMMAND: POST /session/be70287e4f4cadcf3f1092f2387a5597/element - {"using":"xpath","value":"//*[@id=\"__tile99\"]"}
RESULT: {"using":"xpath","value":"//*[@id=\"__tile99\"]"}
COMMAND: POST /session/be70287e4f4cadcf3f1092f2387a5597/element/f.ADED239B795CA95CF93BAE70182185CF.d.612FD643C83522FEBC103406F3B360FA.e.3376/click - {}
RESULT: undefined
COMMAND: POST /session/be70287e4f4cadcf3f1092f2387a5597/element - {"using":"xpath","value":"//*[@id=\"__tile99\"]"}
RESULT: {"using":"xpath","value":"//*[@id=\"__tile99\"]"}
COMMAND: POST /session/be70287e4f4cadcf3f1092f2387a5597/element/f.ADED239B795CA95CF93BAE70182185CF.d.612FD643C83522FEBC103406F3B360FA.e.3376/click - {}
RESULT: undefined
COMMAND: POST /session/be70287e4f4cadcf3f1092f2387a5597/execute/async - {"script":"<script> [6424 bytes]","args":[{"element-6066-11e4-a52e-4f735466cecf":"f.ADED239B795CA95CF93BAE70182185CF.d.612FD643C83522FEBC103406F3B360FA.e.288"},"getTitle",[]]}
COMMAND: POST /session/be70287e4f4cadcf3f1092f2387a5597/execute/async - {"script":"<script> [1562 bytes]","args":[{"selector":{"id":"shellAppTitle"},"wdio_ui5_key":"shellAppTitle"}]}
RESULT: {"script":"<script> [1562 bytes]","args":[{"selector":{"id":"shellAppTitle"},"wdio_ui5_key":"shellAppTitle"}]}
COMMAND: POST /session/be70287e4f4cadcf3f1092f2387a5597/execute/async - {"script":"<script> [6424 bytes]","args":[{"element-6066-11e4-a52e-4f735466cecf":"f.ADED239B795CA95CF93BAE70182185CF.d.612FD643C83522FEBC103406F3B360FA.e.3567"},"getTitle",[]]}
RESULT: {"script":"<script> [6424 bytes]","args":[{"element-6066-11e4-a52e-4f735466cecf":"f.ADED239B795CA95CF93BAE70182185CF.d.612FD643C83522FEBC103406F3B360FA.e.3567"},"getTitle",[]]}
RESULT: undefined
COMMAND: POST /session/be70287e4f4cadcf3f1092f2387a5597/element/f.ADED239B795CA95CF93BAE70182185CF.d.612FD643C83522FEBC103406F3B360FA.e.3343/click - {}
COMMAND: POST /session/be70287e4f4cadcf3f1092f2387a5597/element - {"using":"xpath","value":"//*[@id=\"backBtn\"]"}
RESULT: {"using":"xpath","value":"//*[@id=\"backBtn\"]"}
COMMAND: POST /session/be70287e4f4cadcf3f1092f2387a5597/element/f.ADED239B795CA95CF93BAE70182185CF.d.612FD643C83522FEBC103406F3B360FA.e.3343/click - {}
COMMAND: POST /session/be70287e4f4cadcf3f1092f2387a5597/element - {"using":"xpath","value":"//*[@id=\"backBtn\"]"}
RESULT: {"using":"xpath","value":"//*[@id=\"backBtn\"]"}
COMMAND: POST /session/be70287e4f4cadcf3f1092f2387a5597/element/f.ADED239B795CA95CF93BAE70182185CF.d.612FD643C83522FEBC103406F3B360FA.e.3568/click - {}
RESULT: {}
COMMAND: GET /session/be70287e4f4cadcf3f1092f2387a5597/screenshot - {}
RESULT: {}
]]></system-out>
    </testcase>
    <testcase classname="chrome.135_0_7049_42.windows.Sanity_Tests_US104253" name="Should open Contracts Dashboard page" time="39.049">
      <system-out><![CDATA[
COMMAND: POST /session/be70287e4f4cadcf3f1092f2387a5597/execute/async - {"script":"<script> [1562 bytes]","args":[{"selector":{"controlType":"sap.m.GenericTile","properties":{"header":"Contracts Dashboard"}},"wdio_ui5_key":"sapm.GenericTile{\"header\":\"Contracts Dashboard\"}"}]}
RESULT: {"script":"<script> [1562 bytes]","args":[{"selector":{"controlType":"sap.m.GenericTile","properties":{"header":"Contracts Dashboard"}},"wdio_ui5_key":"sapm.GenericTile{\"header\":\"Contracts Dashboard\"}"}]}
RESULT: undefined
COMMAND: POST /session/be70287e4f4cadcf3f1092f2387a5597/element - {"using":"xpath","value":"//*[@id=\"__tile97\"]"}
RESULT: {"using":"xpath","value":"//*[@id=\"__tile97\"]"}
COMMAND: POST /session/be70287e4f4cadcf3f1092f2387a5597/element/f.ADED239B795CA95CF93BAE70182185CF.d.612FD643C83522FEBC103406F3B360FA.e.3570/click - {}
RESULT: {}
COMMAND: GET /session/be70287e4f4cadcf3f1092f2387a5597/screenshot - {}
RESULT: {}
RESULT: undefined
COMMAND: POST /session/be70287e4f4cadcf3f1092f2387a5597/element - {"using":"xpath","value":"//*[@id=\"__tile97\"]"}
RESULT: {"using":"xpath","value":"//*[@id=\"__tile97\"]"}
COMMAND: POST /session/be70287e4f4cadcf3f1092f2387a5597/element/f.ADED239B795CA95CF93BAE70182185CF.d.612FD643C83522FEBC103406F3B360FA.e.3570/click - {}
RESULT: undefined
COMMAND: POST /session/be70287e4f4cadcf3f1092f2387a5597/element - {"using":"xpath","value":"//*[@id=\"__tile97\"]"}
RESULT: {"using":"xpath","value":"//*[@id=\"__tile97\"]"}
COMMAND: POST /session/be70287e4f4cadcf3f1092f2387a5597/element/f.ADED239B795CA95CF93BAE70182185CF.d.612FD643C83522FEBC103406F3B360FA.e.3570/click - {}
RESULT: undefined
COMMAND: POST /session/be70287e4f4cadcf3f1092f2387a5597/execute/async - {"script":"<script> [6424 bytes]","args":[{"element-6066-11e4-a52e-4f735466cecf":"f.ADED239B795CA95CF93BAE70182185CF.d.612FD643C83522FEBC103406F3B360FA.e.288"},"getTitle",[]]}
COMMAND: POST /session/be70287e4f4cadcf3f1092f2387a5597/execute/async - {"script":"<script> [1562 bytes]","args":[{"selector":{"id":"shellAppTitle"},"wdio_ui5_key":"shellAppTitle"}]}
RESULT: {"script":"<script> [1562 bytes]","args":[{"selector":{"id":"shellAppTitle"},"wdio_ui5_key":"shellAppTitle"}]}
COMMAND: POST /session/be70287e4f4cadcf3f1092f2387a5597/execute/async - {"script":"<script> [6424 bytes]","args":[{"element-6066-11e4-a52e-4f735466cecf":"f.ADED239B795CA95CF93BAE70182185CF.d.612FD643C83522FEBC103406F3B360FA.e.3592"},"getTitle",[]]}
RESULT: {"script":"<script> [6424 bytes]","args":[{"element-6066-11e4-a52e-4f735466cecf":"f.ADED239B795CA95CF93BAE70182185CF.d.612FD643C83522FEBC103406F3B360FA.e.3592"},"getTitle",[]]}
RESULT: undefined
COMMAND: POST /session/be70287e4f4cadcf3f1092f2387a5597/element/f.ADED239B795CA95CF93BAE70182185CF.d.612FD643C83522FEBC103406F3B360FA.e.3568/click - {}
RESULT: {}
COMMAND: GET /session/be70287e4f4cadcf3f1092f2387a5597/screenshot - {}
RESULT: {}
]]></system-out>
    </testcase>
    <testcase classname="chrome.135_0_7049_42.windows.Sanity_Tests_US104253" name="Should open Bin Status Report page" time="32.021">
      <system-out><![CDATA[
COMMAND: POST /session/be70287e4f4cadcf3f1092f2387a5597/execute/async - {"script":"<script> [1562 bytes]","args":[{"selector":{"controlType":"sap.m.GenericTile","properties":{"header":"Bin Status Report"}},"wdio_ui5_key":"sapm.GenericTile{\"header\":\"Bin Status Report\"}"}]}
RESULT: {"script":"<script> [1562 bytes]","args":[{"selector":{"controlType":"sap.m.GenericTile","properties":{"header":"Bin Status Report"}},"wdio_ui5_key":"sapm.GenericTile{\"header\":\"Bin Status Report\"}"}]}
RESULT: undefined
COMMAND: POST /session/be70287e4f4cadcf3f1092f2387a5597/element - {"using":"xpath","value":"//*[@id=\"__tile104\"]"}
RESULT: {"using":"xpath","value":"//*[@id=\"__tile104\"]"}
COMMAND: POST /session/be70287e4f4cadcf3f1092f2387a5597/element/f.ADED239B795CA95CF93BAE70182185CF.d.612FD643C83522FEBC103406F3B360FA.e.3594/click - {}
RESULT: {}
COMMAND: GET /session/be70287e4f4cadcf3f1092f2387a5597/screenshot - {}
RESULT: {}
RESULT: undefined
COMMAND: POST /session/be70287e4f4cadcf3f1092f2387a5597/element - {"using":"xpath","value":"//*[@id=\"__tile104\"]"}
RESULT: {"using":"xpath","value":"//*[@id=\"__tile104\"]"}
COMMAND: POST /session/be70287e4f4cadcf3f1092f2387a5597/element/f.ADED239B795CA95CF93BAE70182185CF.d.612FD643C83522FEBC103406F3B360FA.e.3594/click - {}
RESULT: undefined
COMMAND: POST /session/be70287e4f4cadcf3f1092f2387a5597/element - {"using":"xpath","value":"//*[@id=\"__tile104\"]"}
RESULT: {"using":"xpath","value":"//*[@id=\"__tile104\"]"}
COMMAND: POST /session/be70287e4f4cadcf3f1092f2387a5597/element/f.ADED239B795CA95CF93BAE70182185CF.d.612FD643C83522FEBC103406F3B360FA.e.3594/click - {}
RESULT: undefined
COMMAND: POST /session/be70287e4f4cadcf3f1092f2387a5597/execute/async - {"script":"<script> [6424 bytes]","args":[{"element-6066-11e4-a52e-4f735466cecf":"f.ADED239B795CA95CF93BAE70182185CF.d.612FD643C83522FEBC103406F3B360FA.e.288"},"getTitle",[]]}
COMMAND: POST /session/be70287e4f4cadcf3f1092f2387a5597/execute/async - {"script":"<script> [1562 bytes]","args":[{"selector":{"id":"shellAppTitle"},"wdio_ui5_key":"shellAppTitle"}]}
RESULT: {"script":"<script> [1562 bytes]","args":[{"selector":{"id":"shellAppTitle"},"wdio_ui5_key":"shellAppTitle"}]}
COMMAND: POST /session/be70287e4f4cadcf3f1092f2387a5597/execute/async - {"script":"<script> [6424 bytes]","args":[{"element-6066-11e4-a52e-4f735466cecf":"f.ADED239B795CA95CF93BAE70182185CF.d.612FD643C83522FEBC103406F3B360FA.e.3692"},"getTitle",[]]}
RESULT: {"script":"<script> [6424 bytes]","args":[{"element-6066-11e4-a52e-4f735466cecf":"f.ADED239B795CA95CF93BAE70182185CF.d.612FD643C83522FEBC103406F3B360FA.e.3692"},"getTitle",[]]}
RESULT: undefined
COMMAND: POST /session/be70287e4f4cadcf3f1092f2387a5597/element/f.ADED239B795CA95CF93BAE70182185CF.d.612FD643C83522FEBC103406F3B360FA.e.3568/click - {}
COMMAND: POST /session/be70287e4f4cadcf3f1092f2387a5597/element - {"using":"xpath","value":"//*[@id=\"backBtn\"]"}
RESULT: {"using":"xpath","value":"//*[@id=\"backBtn\"]"}
COMMAND: POST /session/be70287e4f4cadcf3f1092f2387a5597/element/f.ADED239B795CA95CF93BAE70182185CF.d.612FD643C83522FEBC103406F3B360FA.e.3568/click - {}
COMMAND: POST /session/be70287e4f4cadcf3f1092f2387a5597/element - {"using":"xpath","value":"//*[@id=\"backBtn\"]"}
RESULT: {"using":"xpath","value":"//*[@id=\"backBtn\"]"}
COMMAND: POST /session/be70287e4f4cadcf3f1092f2387a5597/element/f.ADED239B795CA95CF93BAE70182185CF.d.612FD643C83522FEBC103406F3B360FA.e.3693/click - {}
RESULT: {}
COMMAND: GET /session/be70287e4f4cadcf3f1092f2387a5597/screenshot - {}
RESULT: {}
]]></system-out>
    </testcase>
    <testcase classname="chrome.135_0_7049_42.windows.Sanity_Tests_US104253" name="Should open Manage Warehouse Movements page" time="33.691">
      <system-out><![CDATA[
COMMAND: POST /session/be70287e4f4cadcf3f1092f2387a5597/execute/async - {"script":"<script> [1562 bytes]","args":[{"selector":{"controlType":"sap.m.GenericTile","properties":{"header":"Manage Warehouse Movements"}},"wdio_ui5_key":"sapm.GenericTile{\"header\":\"Manage Warehouse Movements\"}"}]}
RESULT: {"script":"<script> [1562 bytes]","args":[{"selector":{"controlType":"sap.m.GenericTile","properties":{"header":"Manage Warehouse Movements"}},"wdio_ui5_key":"sapm.GenericTile{\"header\":\"Manage Warehouse Movements\"}"}]}
RESULT: undefined
COMMAND: POST /session/be70287e4f4cadcf3f1092f2387a5597/element - {"using":"xpath","value":"//*[@id=\"__tile105\"]"}
RESULT: {"using":"xpath","value":"//*[@id=\"__tile105\"]"}
COMMAND: POST /session/be70287e4f4cadcf3f1092f2387a5597/element/f.ADED239B795CA95CF93BAE70182185CF.d.612FD643C83522FEBC103406F3B360FA.e.3697/click - {}
RESULT: {}
COMMAND: GET /session/be70287e4f4cadcf3f1092f2387a5597/screenshot - {}
RESULT: {}
RESULT: undefined
COMMAND: POST /session/be70287e4f4cadcf3f1092f2387a5597/element - {"using":"xpath","value":"//*[@id=\"__tile105\"]"}
RESULT: {"using":"xpath","value":"//*[@id=\"__tile105\"]"}
COMMAND: POST /session/be70287e4f4cadcf3f1092f2387a5597/element/f.ADED239B795CA95CF93BAE70182185CF.d.612FD643C83522FEBC103406F3B360FA.e.3697/click - {}
RESULT: undefined
COMMAND: POST /session/be70287e4f4cadcf3f1092f2387a5597/element - {"using":"xpath","value":"//*[@id=\"__tile105\"]"}
RESULT: {"using":"xpath","value":"//*[@id=\"__tile105\"]"}
COMMAND: POST /session/be70287e4f4cadcf3f1092f2387a5597/element/f.ADED239B795CA95CF93BAE70182185CF.d.612FD643C83522FEBC103406F3B360FA.e.3697/click - {}
RESULT: undefined
COMMAND: POST /session/be70287e4f4cadcf3f1092f2387a5597/execute/async - {"script":"<script> [6424 bytes]","args":[{"element-6066-11e4-a52e-4f735466cecf":"f.ADED239B795CA95CF93BAE70182185CF.d.612FD643C83522FEBC103406F3B360FA.e.288"},"getTitle",[]]}
COMMAND: POST /session/be70287e4f4cadcf3f1092f2387a5597/execute/async - {"script":"<script> [1562 bytes]","args":[{"selector":{"id":"shellAppTitle"},"wdio_ui5_key":"shellAppTitle"}]}
RESULT: {"script":"<script> [1562 bytes]","args":[{"selector":{"id":"shellAppTitle"},"wdio_ui5_key":"shellAppTitle"}]}
COMMAND: POST /session/be70287e4f4cadcf3f1092f2387a5597/execute/async - {"script":"<script> [6424 bytes]","args":[{"element-6066-11e4-a52e-4f735466cecf":"f.ADED239B795CA95CF93BAE70182185CF.d.612FD643C83522FEBC103406F3B360FA.e.3776"},"getTitle",[]]}
RESULT: {"script":"<script> [6424 bytes]","args":[{"element-6066-11e4-a52e-4f735466cecf":"f.ADED239B795CA95CF93BAE70182185CF.d.612FD643C83522FEBC103406F3B360FA.e.3776"},"getTitle",[]]}
RESULT: undefined
COMMAND: POST /session/be70287e4f4cadcf3f1092f2387a5597/element/f.ADED239B795CA95CF93BAE70182185CF.d.612FD643C83522FEBC103406F3B360FA.e.3693/click - {}
RESULT: {}
COMMAND: GET /session/be70287e4f4cadcf3f1092f2387a5597/screenshot - {}
RESULT: {}
]]></system-out>
    </testcase>
    <testcase classname="chrome.135_0_7049_42.windows.Sanity_Tests_US104253" name="Should open Bin Inventory List page" time="33.477">
      <system-out><![CDATA[
COMMAND: POST /session/be70287e4f4cadcf3f1092f2387a5597/execute/async - {"script":"<script> [1562 bytes]","args":[{"selector":{"controlType":"sap.m.GenericTile","properties":{"header":"Bin Inventory List"}},"wdio_ui5_key":"sapm.GenericTile{\"header\":\"Bin Inventory List\"}"}]}
RESULT: {"script":"<script> [1562 bytes]","args":[{"selector":{"controlType":"sap.m.GenericTile","properties":{"header":"Bin Inventory List"}},"wdio_ui5_key":"sapm.GenericTile{\"header\":\"Bin Inventory List\"}"}]}
RESULT: undefined
COMMAND: POST /session/be70287e4f4cadcf3f1092f2387a5597/element - {"using":"xpath","value":"//*[@id=\"__tile103\"]"}
RESULT: {"using":"xpath","value":"//*[@id=\"__tile103\"]"}
COMMAND: POST /session/be70287e4f4cadcf3f1092f2387a5597/element/f.ADED239B795CA95CF93BAE70182185CF.d.612FD643C83522FEBC103406F3B360FA.e.104/click - {}
RESULT: {}
COMMAND: GET /session/be70287e4f4cadcf3f1092f2387a5597/screenshot - {}
RESULT: {}
RESULT: undefined
COMMAND: POST /session/be70287e4f4cadcf3f1092f2387a5597/element - {"using":"xpath","value":"//*[@id=\"__tile103\"]"}
RESULT: {"using":"xpath","value":"//*[@id=\"__tile103\"]"}
COMMAND: POST /session/be70287e4f4cadcf3f1092f2387a5597/element/f.ADED239B795CA95CF93BAE70182185CF.d.612FD643C83522FEBC103406F3B360FA.e.104/click - {}
RESULT: undefined
COMMAND: POST /session/be70287e4f4cadcf3f1092f2387a5597/element - {"using":"xpath","value":"//*[@id=\"__tile103\"]"}
RESULT: {"using":"xpath","value":"//*[@id=\"__tile103\"]"}
COMMAND: POST /session/be70287e4f4cadcf3f1092f2387a5597/element/f.ADED239B795CA95CF93BAE70182185CF.d.612FD643C83522FEBC103406F3B360FA.e.104/click - {}
RESULT: undefined
COMMAND: POST /session/be70287e4f4cadcf3f1092f2387a5597/execute/async - {"script":"<script> [6424 bytes]","args":[{"element-6066-11e4-a52e-4f735466cecf":"f.ADED239B795CA95CF93BAE70182185CF.d.612FD643C83522FEBC103406F3B360FA.e.288"},"getTitle",[]]}
COMMAND: POST /session/be70287e4f4cadcf3f1092f2387a5597/execute/async - {"script":"<script> [1562 bytes]","args":[{"selector":{"id":"shellAppTitle"},"wdio_ui5_key":"shellAppTitle"}]}
RESULT: {"script":"<script> [1562 bytes]","args":[{"selector":{"id":"shellAppTitle"},"wdio_ui5_key":"shellAppTitle"}]}
COMMAND: POST /session/be70287e4f4cadcf3f1092f2387a5597/execute/async - {"script":"<script> [6424 bytes]","args":[{"element-6066-11e4-a52e-4f735466cecf":"f.ADED239B795CA95CF93BAE70182185CF.d.612FD643C83522FEBC103406F3B360FA.e.3867"},"getTitle",[]]}
RESULT: {"script":"<script> [6424 bytes]","args":[{"element-6066-11e4-a52e-4f735466cecf":"f.ADED239B795CA95CF93BAE70182185CF.d.612FD643C83522FEBC103406F3B360FA.e.3867"},"getTitle",[]]}
RESULT: undefined
COMMAND: POST /session/be70287e4f4cadcf3f1092f2387a5597/element/f.ADED239B795CA95CF93BAE70182185CF.d.612FD643C83522FEBC103406F3B360FA.e.3693/click - {}
COMMAND: POST /session/be70287e4f4cadcf3f1092f2387a5597/element - {"using":"xpath","value":"//*[@id=\"backBtn\"]"}
RESULT: {"using":"xpath","value":"//*[@id=\"backBtn\"]"}
COMMAND: POST /session/be70287e4f4cadcf3f1092f2387a5597/element/f.ADED239B795CA95CF93BAE70182185CF.d.612FD643C83522FEBC103406F3B360FA.e.3693/click - {}
COMMAND: POST /session/be70287e4f4cadcf3f1092f2387a5597/element - {"using":"xpath","value":"//*[@id=\"backBtn\"]"}
RESULT: {"using":"xpath","value":"//*[@id=\"backBtn\"]"}
COMMAND: POST /session/be70287e4f4cadcf3f1092f2387a5597/element/f.ADED239B795CA95CF93BAE70182185CF.d.612FD643C83522FEBC103406F3B360FA.e.3868/click - {}
RESULT: {}
COMMAND: GET /session/be70287e4f4cadcf3f1092f2387a5597/screenshot - {}
RESULT: {}
]]></system-out>
    </testcase>
    <testcase classname="chrome.135_0_7049_42.windows.Sanity_Tests_US104253" name="Should open ISC Templates page" time="33.24">
      <system-out><![CDATA[
COMMAND: POST /session/be70287e4f4cadcf3f1092f2387a5597/execute/async - {"script":"<script> [1562 bytes]","args":[{"selector":{"controlType":"sap.m.GenericTile","properties":{"header":"ISC Templates"}},"wdio_ui5_key":"sapm.GenericTile{\"header\":\"ISC Templates\"}"}]}
RESULT: {"script":"<script> [1562 bytes]","args":[{"selector":{"controlType":"sap.m.GenericTile","properties":{"header":"ISC Templates"}},"wdio_ui5_key":"sapm.GenericTile{\"header\":\"ISC Templates\"}"}]}
RESULT: undefined
COMMAND: POST /session/be70287e4f4cadcf3f1092f2387a5597/element - {"using":"xpath","value":"//*[@id=\"__tile111\"]"}
RESULT: {"using":"xpath","value":"//*[@id=\"__tile111\"]"}
COMMAND: POST /session/be70287e4f4cadcf3f1092f2387a5597/element/f.ADED239B795CA95CF93BAE70182185CF.d.612FD643C83522FEBC103406F3B360FA.e.3870/click - {}
RESULT: {}
COMMAND: GET /session/be70287e4f4cadcf3f1092f2387a5597/screenshot - {}
RESULT: {}
RESULT: undefined
COMMAND: POST /session/be70287e4f4cadcf3f1092f2387a5597/element - {"using":"xpath","value":"//*[@id=\"__tile111\"]"}
RESULT: {"using":"xpath","value":"//*[@id=\"__tile111\"]"}
COMMAND: POST /session/be70287e4f4cadcf3f1092f2387a5597/element/f.ADED239B795CA95CF93BAE70182185CF.d.612FD643C83522FEBC103406F3B360FA.e.3870/click - {}
RESULT: undefined
COMMAND: POST /session/be70287e4f4cadcf3f1092f2387a5597/element - {"using":"xpath","value":"//*[@id=\"__tile111\"]"}
RESULT: {"using":"xpath","value":"//*[@id=\"__tile111\"]"}
COMMAND: POST /session/be70287e4f4cadcf3f1092f2387a5597/element/f.ADED239B795CA95CF93BAE70182185CF.d.612FD643C83522FEBC103406F3B360FA.e.3870/click - {}
RESULT: undefined
COMMAND: POST /session/be70287e4f4cadcf3f1092f2387a5597/execute/async - {"script":"<script> [6424 bytes]","args":[{"element-6066-11e4-a52e-4f735466cecf":"f.ADED239B795CA95CF93BAE70182185CF.d.612FD643C83522FEBC103406F3B360FA.e.288"},"getTitle",[]]}
COMMAND: POST /session/be70287e4f4cadcf3f1092f2387a5597/execute/async - {"script":"<script> [1562 bytes]","args":[{"selector":{"id":"shellAppTitle"},"wdio_ui5_key":"shellAppTitle"}]}
RESULT: {"script":"<script> [1562 bytes]","args":[{"selector":{"id":"shellAppTitle"},"wdio_ui5_key":"shellAppTitle"}]}
COMMAND: POST /session/be70287e4f4cadcf3f1092f2387a5597/execute/async - {"script":"<script> [6424 bytes]","args":[{"element-6066-11e4-a52e-4f735466cecf":"f.ADED239B795CA95CF93BAE70182185CF.d.612FD643C83522FEBC103406F3B360FA.e.3937"},"getTitle",[]]}
RESULT: {"script":"<script> [6424 bytes]","args":[{"element-6066-11e4-a52e-4f735466cecf":"f.ADED239B795CA95CF93BAE70182185CF.d.612FD643C83522FEBC103406F3B360FA.e.3937"},"getTitle",[]]}
RESULT: undefined
COMMAND: POST /session/be70287e4f4cadcf3f1092f2387a5597/element/f.ADED239B795CA95CF93BAE70182185CF.d.612FD643C83522FEBC103406F3B360FA.e.3868/click - {}
RESULT: {}
COMMAND: GET /session/be70287e4f4cadcf3f1092f2387a5597/screenshot - {}
RESULT: {}
]]></system-out>
    </testcase>
    <testcase classname="chrome.135_0_7049_42.windows.Sanity_Tests_US104253" name="Should open ISC Schedules page" time="31.355">
      <system-out><![CDATA[
COMMAND: POST /session/be70287e4f4cadcf3f1092f2387a5597/execute/async - {"script":"<script> [1562 bytes]","args":[{"selector":{"controlType":"sap.m.GenericTile","properties":{"header":"ISC Schedules"}},"wdio_ui5_key":"sapm.GenericTile{\"header\":\"ISC Schedules\"}"}]}
RESULT: {"script":"<script> [1562 bytes]","args":[{"selector":{"controlType":"sap.m.GenericTile","properties":{"header":"ISC Schedules"}},"wdio_ui5_key":"sapm.GenericTile{\"header\":\"ISC Schedules\"}"}]}
RESULT: undefined
COMMAND: POST /session/be70287e4f4cadcf3f1092f2387a5597/element - {"using":"xpath","value":"//*[@id=\"__tile109\"]"}
RESULT: {"using":"xpath","value":"//*[@id=\"__tile109\"]"}
COMMAND: POST /session/be70287e4f4cadcf3f1092f2387a5597/element/f.ADED239B795CA95CF93BAE70182185CF.d.612FD643C83522FEBC103406F3B360FA.e.3940/click - {}
RESULT: {}
COMMAND: GET /session/be70287e4f4cadcf3f1092f2387a5597/screenshot - {}
RESULT: {}
RESULT: undefined
COMMAND: POST /session/be70287e4f4cadcf3f1092f2387a5597/element - {"using":"xpath","value":"//*[@id=\"__tile109\"]"}
RESULT: {"using":"xpath","value":"//*[@id=\"__tile109\"]"}
COMMAND: POST /session/be70287e4f4cadcf3f1092f2387a5597/element/f.ADED239B795CA95CF93BAE70182185CF.d.612FD643C83522FEBC103406F3B360FA.e.3940/click - {}
RESULT: undefined
COMMAND: POST /session/be70287e4f4cadcf3f1092f2387a5597/element - {"using":"xpath","value":"//*[@id=\"__tile109\"]"}
RESULT: {"using":"xpath","value":"//*[@id=\"__tile109\"]"}
COMMAND: POST /session/be70287e4f4cadcf3f1092f2387a5597/element/f.ADED239B795CA95CF93BAE70182185CF.d.612FD643C83522FEBC103406F3B360FA.e.3940/click - {}
RESULT: undefined
COMMAND: POST /session/be70287e4f4cadcf3f1092f2387a5597/execute/async - {"script":"<script> [6424 bytes]","args":[{"element-6066-11e4-a52e-4f735466cecf":"f.ADED239B795CA95CF93BAE70182185CF.d.612FD643C83522FEBC103406F3B360FA.e.288"},"getTitle",[]]}
COMMAND: POST /session/be70287e4f4cadcf3f1092f2387a5597/execute/async - {"script":"<script> [1562 bytes]","args":[{"selector":{"id":"shellAppTitle"},"wdio_ui5_key":"shellAppTitle"}]}
RESULT: {"script":"<script> [1562 bytes]","args":[{"selector":{"id":"shellAppTitle"},"wdio_ui5_key":"shellAppTitle"}]}
COMMAND: POST /session/be70287e4f4cadcf3f1092f2387a5597/execute/async - {"script":"<script> [6424 bytes]","args":[{"element-6066-11e4-a52e-4f735466cecf":"f.ADED239B795CA95CF93BAE70182185CF.d.612FD643C83522FEBC103406F3B360FA.e.4009"},"getTitle",[]]}
RESULT: {"script":"<script> [6424 bytes]","args":[{"element-6066-11e4-a52e-4f735466cecf":"f.ADED239B795CA95CF93BAE70182185CF.d.612FD643C83522FEBC103406F3B360FA.e.4009"},"getTitle",[]]}
RESULT: undefined
COMMAND: POST /session/be70287e4f4cadcf3f1092f2387a5597/element/f.ADED239B795CA95CF93BAE70182185CF.d.612FD643C83522FEBC103406F3B360FA.e.3868/click - {}
COMMAND: POST /session/be70287e4f4cadcf3f1092f2387a5597/element - {"using":"xpath","value":"//*[@id=\"backBtn\"]"}
RESULT: {"using":"xpath","value":"//*[@id=\"backBtn\"]"}
COMMAND: POST /session/be70287e4f4cadcf3f1092f2387a5597/element/f.ADED239B795CA95CF93BAE70182185CF.d.612FD643C83522FEBC103406F3B360FA.e.3868/click - {}
COMMAND: POST /session/be70287e4f4cadcf3f1092f2387a5597/element - {"using":"xpath","value":"//*[@id=\"backBtn\"]"}
RESULT: {"using":"xpath","value":"//*[@id=\"backBtn\"]"}
COMMAND: POST /session/be70287e4f4cadcf3f1092f2387a5597/element/f.ADED239B795CA95CF93BAE70182185CF.d.612FD643C83522FEBC103406F3B360FA.e.4010/click - {}
RESULT: {}
COMMAND: GET /session/be70287e4f4cadcf3f1092f2387a5597/screenshot - {}
RESULT: {}
]]></system-out>
    </testcase>
    <testcase classname="chrome.135_0_7049_42.windows.Sanity_Tests_US104253" name="Should open ISC Dashboard page" time="32.327">
      <system-out><![CDATA[
COMMAND: POST /session/be70287e4f4cadcf3f1092f2387a5597/execute/async - {"script":"<script> [1562 bytes]","args":[{"selector":{"controlType":"sap.m.GenericTile","properties":{"header":"ISC Dashboard"}},"wdio_ui5_key":"sapm.GenericTile{\"header\":\"ISC Dashboard\"}"}]}
RESULT: {"script":"<script> [1562 bytes]","args":[{"selector":{"controlType":"sap.m.GenericTile","properties":{"header":"ISC Dashboard"}},"wdio_ui5_key":"sapm.GenericTile{\"header\":\"ISC Dashboard\"}"}]}
RESULT: undefined
COMMAND: POST /session/be70287e4f4cadcf3f1092f2387a5597/element - {"using":"xpath","value":"//*[@id=\"__tile106\"]"}
RESULT: {"using":"xpath","value":"//*[@id=\"__tile106\"]"}
COMMAND: POST /session/be70287e4f4cadcf3f1092f2387a5597/element/f.ADED239B795CA95CF93BAE70182185CF.d.612FD643C83522FEBC103406F3B360FA.e.4012/click - {}
RESULT: {}
COMMAND: GET /session/be70287e4f4cadcf3f1092f2387a5597/screenshot - {}
RESULT: {}
RESULT: undefined
COMMAND: POST /session/be70287e4f4cadcf3f1092f2387a5597/element - {"using":"xpath","value":"//*[@id=\"__tile106\"]"}
RESULT: {"using":"xpath","value":"//*[@id=\"__tile106\"]"}
COMMAND: POST /session/be70287e4f4cadcf3f1092f2387a5597/element/f.ADED239B795CA95CF93BAE70182185CF.d.612FD643C83522FEBC103406F3B360FA.e.4012/click - {}
RESULT: undefined
COMMAND: POST /session/be70287e4f4cadcf3f1092f2387a5597/element - {"using":"xpath","value":"//*[@id=\"__tile106\"]"}
RESULT: {"using":"xpath","value":"//*[@id=\"__tile106\"]"}
COMMAND: POST /session/be70287e4f4cadcf3f1092f2387a5597/element/f.ADED239B795CA95CF93BAE70182185CF.d.612FD643C83522FEBC103406F3B360FA.e.4012/click - {}
RESULT: undefined
COMMAND: POST /session/be70287e4f4cadcf3f1092f2387a5597/execute/async - {"script":"<script> [6424 bytes]","args":[{"element-6066-11e4-a52e-4f735466cecf":"f.ADED239B795CA95CF93BAE70182185CF.d.612FD643C83522FEBC103406F3B360FA.e.288"},"getTitle",[]]}
COMMAND: POST /session/be70287e4f4cadcf3f1092f2387a5597/execute/async - {"script":"<script> [1562 bytes]","args":[{"selector":{"id":"shellAppTitle"},"wdio_ui5_key":"shellAppTitle"}]}
RESULT: {"script":"<script> [1562 bytes]","args":[{"selector":{"id":"shellAppTitle"},"wdio_ui5_key":"shellAppTitle"}]}
COMMAND: POST /session/be70287e4f4cadcf3f1092f2387a5597/execute/async - {"script":"<script> [6424 bytes]","args":[{"element-6066-11e4-a52e-4f735466cecf":"f.ADED239B795CA95CF93BAE70182185CF.d.612FD643C83522FEBC103406F3B360FA.e.4140"},"getTitle",[]]}
RESULT: {"script":"<script> [6424 bytes]","args":[{"element-6066-11e4-a52e-4f735466cecf":"f.ADED239B795CA95CF93BAE70182185CF.d.612FD643C83522FEBC103406F3B360FA.e.4140"},"getTitle",[]]}
RESULT: undefined
COMMAND: POST /session/be70287e4f4cadcf3f1092f2387a5597/element/f.ADED239B795CA95CF93BAE70182185CF.d.612FD643C83522FEBC103406F3B360FA.e.4010/click - {}
RESULT: {}
COMMAND: GET /session/be70287e4f4cadcf3f1092f2387a5597/screenshot - {}
RESULT: {}
]]></system-out>
    </testcase>
    <testcase classname="chrome.135_0_7049_42.windows.Sanity_Tests_US104253" name="Should open ISC Orders page" time="33.824">
      <system-out><![CDATA[
COMMAND: POST /session/be70287e4f4cadcf3f1092f2387a5597/execute/async - {"script":"<script> [1562 bytes]","args":[{"selector":{"controlType":"sap.m.GenericTile","properties":{"header":"ISC Orders"}},"wdio_ui5_key":"sapm.GenericTile{\"header\":\"ISC Orders\"}"}]}
RESULT: {"script":"<script> [1562 bytes]","args":[{"selector":{"controlType":"sap.m.GenericTile","properties":{"header":"ISC Orders"}},"wdio_ui5_key":"sapm.GenericTile{\"header\":\"ISC Orders\"}"}]}
RESULT: undefined
COMMAND: POST /session/be70287e4f4cadcf3f1092f2387a5597/element - {"using":"xpath","value":"//*[@id=\"__tile108\"]"}
RESULT: {"using":"xpath","value":"//*[@id=\"__tile108\"]"}
COMMAND: POST /session/be70287e4f4cadcf3f1092f2387a5597/element/f.ADED239B795CA95CF93BAE70182185CF.d.612FD643C83522FEBC103406F3B360FA.e.4142/click - {}
RESULT: {}
COMMAND: GET /session/be70287e4f4cadcf3f1092f2387a5597/screenshot - {}
RESULT: {}
RESULT: undefined
COMMAND: POST /session/be70287e4f4cadcf3f1092f2387a5597/element - {"using":"xpath","value":"//*[@id=\"__tile108\"]"}
RESULT: {"using":"xpath","value":"//*[@id=\"__tile108\"]"}
COMMAND: POST /session/be70287e4f4cadcf3f1092f2387a5597/element/f.ADED239B795CA95CF93BAE70182185CF.d.612FD643C83522FEBC103406F3B360FA.e.4142/click - {}
RESULT: undefined
COMMAND: POST /session/be70287e4f4cadcf3f1092f2387a5597/element - {"using":"xpath","value":"//*[@id=\"__tile108\"]"}
RESULT: {"using":"xpath","value":"//*[@id=\"__tile108\"]"}
COMMAND: POST /session/be70287e4f4cadcf3f1092f2387a5597/element/f.ADED239B795CA95CF93BAE70182185CF.d.612FD643C83522FEBC103406F3B360FA.e.4142/click - {}
RESULT: undefined
COMMAND: POST /session/be70287e4f4cadcf3f1092f2387a5597/execute/async - {"script":"<script> [6424 bytes]","args":[{"element-6066-11e4-a52e-4f735466cecf":"f.ADED239B795CA95CF93BAE70182185CF.d.612FD643C83522FEBC103406F3B360FA.e.288"},"getTitle",[]]}
COMMAND: POST /session/be70287e4f4cadcf3f1092f2387a5597/execute/async - {"script":"<script> [1562 bytes]","args":[{"selector":{"id":"shellAppTitle"},"wdio_ui5_key":"shellAppTitle"}]}
RESULT: {"script":"<script> [1562 bytes]","args":[{"selector":{"id":"shellAppTitle"},"wdio_ui5_key":"shellAppTitle"}]}
COMMAND: POST /session/be70287e4f4cadcf3f1092f2387a5597/execute/async - {"script":"<script> [6424 bytes]","args":[{"element-6066-11e4-a52e-4f735466cecf":"f.ADED239B795CA95CF93BAE70182185CF.d.612FD643C83522FEBC103406F3B360FA.e.4249"},"getTitle",[]]}
RESULT: {"script":"<script> [6424 bytes]","args":[{"element-6066-11e4-a52e-4f735466cecf":"f.ADED239B795CA95CF93BAE70182185CF.d.612FD643C83522FEBC103406F3B360FA.e.4249"},"getTitle",[]]}
RESULT: undefined
COMMAND: POST /session/be70287e4f4cadcf3f1092f2387a5597/element/f.ADED239B795CA95CF93BAE70182185CF.d.612FD643C83522FEBC103406F3B360FA.e.4010/click - {}
COMMAND: POST /session/be70287e4f4cadcf3f1092f2387a5597/element - {"using":"xpath","value":"//*[@id=\"backBtn\"]"}
RESULT: {"using":"xpath","value":"//*[@id=\"backBtn\"]"}
COMMAND: POST /session/be70287e4f4cadcf3f1092f2387a5597/element/f.ADED239B795CA95CF93BAE70182185CF.d.612FD643C83522FEBC103406F3B360FA.e.4010/click - {}
COMMAND: POST /session/be70287e4f4cadcf3f1092f2387a5597/element - {"using":"xpath","value":"//*[@id=\"backBtn\"]"}
RESULT: {"using":"xpath","value":"//*[@id=\"backBtn\"]"}
COMMAND: POST /session/be70287e4f4cadcf3f1092f2387a5597/element/f.ADED239B795CA95CF93BAE70182185CF.d.612FD643C83522FEBC103406F3B360FA.e.4250/click - {}
RESULT: {}
COMMAND: GET /session/be70287e4f4cadcf3f1092f2387a5597/screenshot - {}
RESULT: {}
]]></system-out>
    </testcase>
    <testcase classname="chrome.135_0_7049_42.windows.Sanity_Tests_US104253" name="Should open ISC Tasks page" time="33.621">
      <system-out><![CDATA[
COMMAND: POST /session/be70287e4f4cadcf3f1092f2387a5597/execute/async - {"script":"<script> [1562 bytes]","args":[{"selector":{"controlType":"sap.m.GenericTile","properties":{"header":"ISC Tasks"}},"wdio_ui5_key":"sapm.GenericTile{\"header\":\"ISC Tasks\"}"}]}
RESULT: {"script":"<script> [1562 bytes]","args":[{"selector":{"controlType":"sap.m.GenericTile","properties":{"header":"ISC Tasks"}},"wdio_ui5_key":"sapm.GenericTile{\"header\":\"ISC Tasks\"}"}]}
RESULT: undefined
COMMAND: POST /session/be70287e4f4cadcf3f1092f2387a5597/element - {"using":"xpath","value":"//*[@id=\"__tile110\"]"}
RESULT: {"using":"xpath","value":"//*[@id=\"__tile110\"]"}
COMMAND: POST /session/be70287e4f4cadcf3f1092f2387a5597/element/f.ADED239B795CA95CF93BAE70182185CF.d.612FD643C83522FEBC103406F3B360FA.e.4252/click - {}
RESULT: {}
COMMAND: GET /session/be70287e4f4cadcf3f1092f2387a5597/screenshot - {}
RESULT: {}
RESULT: undefined
COMMAND: POST /session/be70287e4f4cadcf3f1092f2387a5597/element - {"using":"xpath","value":"//*[@id=\"__tile110\"]"}
RESULT: {"using":"xpath","value":"//*[@id=\"__tile110\"]"}
COMMAND: POST /session/be70287e4f4cadcf3f1092f2387a5597/element/f.ADED239B795CA95CF93BAE70182185CF.d.612FD643C83522FEBC103406F3B360FA.e.4252/click - {}
RESULT: undefined
COMMAND: POST /session/be70287e4f4cadcf3f1092f2387a5597/element - {"using":"xpath","value":"//*[@id=\"__tile110\"]"}
RESULT: {"using":"xpath","value":"//*[@id=\"__tile110\"]"}
COMMAND: POST /session/be70287e4f4cadcf3f1092f2387a5597/element/f.ADED239B795CA95CF93BAE70182185CF.d.612FD643C83522FEBC103406F3B360FA.e.4252/click - {}
RESULT: undefined
COMMAND: POST /session/be70287e4f4cadcf3f1092f2387a5597/execute/async - {"script":"<script> [6424 bytes]","args":[{"element-6066-11e4-a52e-4f735466cecf":"f.ADED239B795CA95CF93BAE70182185CF.d.612FD643C83522FEBC103406F3B360FA.e.288"},"getTitle",[]]}
COMMAND: POST /session/be70287e4f4cadcf3f1092f2387a5597/execute/async - {"script":"<script> [1562 bytes]","args":[{"selector":{"id":"shellAppTitle"},"wdio_ui5_key":"shellAppTitle"}]}
RESULT: {"script":"<script> [1562 bytes]","args":[{"selector":{"id":"shellAppTitle"},"wdio_ui5_key":"shellAppTitle"}]}
COMMAND: POST /session/be70287e4f4cadcf3f1092f2387a5597/execute/async - {"script":"<script> [6424 bytes]","args":[{"element-6066-11e4-a52e-4f735466cecf":"f.ADED239B795CA95CF93BAE70182185CF.d.612FD643C83522FEBC103406F3B360FA.e.4335"},"getTitle",[]]}
RESULT: {"script":"<script> [6424 bytes]","args":[{"element-6066-11e4-a52e-4f735466cecf":"f.ADED239B795CA95CF93BAE70182185CF.d.612FD643C83522FEBC103406F3B360FA.e.4335"},"getTitle",[]]}
RESULT: undefined
COMMAND: POST /session/be70287e4f4cadcf3f1092f2387a5597/element/f.ADED239B795CA95CF93BAE70182185CF.d.612FD643C83522FEBC103406F3B360FA.e.4250/click - {}
RESULT: {}
COMMAND: GET /session/be70287e4f4cadcf3f1092f2387a5597/screenshot - {}
RESULT: {}
]]></system-out>
    </testcase>
    <testcase classname="chrome.135_0_7049_42.windows.Sanity_Tests_US104253" name="Should open Manage Resource Logbook page" time="32.316">
      <system-out><![CDATA[
COMMAND: POST /session/be70287e4f4cadcf3f1092f2387a5597/execute/async - {"script":"<script> [1562 bytes]","args":[{"selector":{"controlType":"sap.m.GenericTile","properties":{"header":"Manage Resource Logbook"}},"wdio_ui5_key":"sapm.GenericTile{\"header\":\"Manage Resource Logbook\"}"}]}
RESULT: {"script":"<script> [1562 bytes]","args":[{"selector":{"controlType":"sap.m.GenericTile","properties":{"header":"Manage Resource Logbook"}},"wdio_ui5_key":"sapm.GenericTile{\"header\":\"Manage Resource Logbook\"}"}]}
RESULT: undefined
COMMAND: POST /session/be70287e4f4cadcf3f1092f2387a5597/element - {"using":"xpath","value":"//*[@id=\"__tile113\"]"}
RESULT: {"using":"xpath","value":"//*[@id=\"__tile113\"]"}
COMMAND: POST /session/be70287e4f4cadcf3f1092f2387a5597/element/f.ADED239B795CA95CF93BAE70182185CF.d.612FD643C83522FEBC103406F3B360FA.e.4337/click - {}
RESULT: {}
COMMAND: GET /session/be70287e4f4cadcf3f1092f2387a5597/screenshot - {}
RESULT: {}
RESULT: undefined
COMMAND: POST /session/be70287e4f4cadcf3f1092f2387a5597/element - {"using":"xpath","value":"//*[@id=\"__tile113\"]"}
RESULT: {"using":"xpath","value":"//*[@id=\"__tile113\"]"}
COMMAND: POST /session/be70287e4f4cadcf3f1092f2387a5597/element/f.ADED239B795CA95CF93BAE70182185CF.d.612FD643C83522FEBC103406F3B360FA.e.4337/click - {}
RESULT: undefined
COMMAND: POST /session/be70287e4f4cadcf3f1092f2387a5597/element - {"using":"xpath","value":"//*[@id=\"__tile113\"]"}
RESULT: {"using":"xpath","value":"//*[@id=\"__tile113\"]"}
COMMAND: POST /session/be70287e4f4cadcf3f1092f2387a5597/element/f.ADED239B795CA95CF93BAE70182185CF.d.612FD643C83522FEBC103406F3B360FA.e.4337/click - {}
RESULT: undefined
COMMAND: POST /session/be70287e4f4cadcf3f1092f2387a5597/execute/async - {"script":"<script> [6424 bytes]","args":[{"element-6066-11e4-a52e-4f735466cecf":"f.ADED239B795CA95CF93BAE70182185CF.d.612FD643C83522FEBC103406F3B360FA.e.288"},"getTitle",[]]}
COMMAND: POST /session/be70287e4f4cadcf3f1092f2387a5597/execute/async - {"script":"<script> [1562 bytes]","args":[{"selector":{"id":"shellAppTitle"},"wdio_ui5_key":"shellAppTitle"}]}
RESULT: {"script":"<script> [1562 bytes]","args":[{"selector":{"id":"shellAppTitle"},"wdio_ui5_key":"shellAppTitle"}]}
COMMAND: POST /session/be70287e4f4cadcf3f1092f2387a5597/execute/async - {"script":"<script> [6424 bytes]","args":[{"element-6066-11e4-a52e-4f735466cecf":"f.ADED239B795CA95CF93BAE70182185CF.d.612FD643C83522FEBC103406F3B360FA.e.4431"},"getTitle",[]]}
RESULT: {"script":"<script> [6424 bytes]","args":[{"element-6066-11e4-a52e-4f735466cecf":"f.ADED239B795CA95CF93BAE70182185CF.d.612FD643C83522FEBC103406F3B360FA.e.4431"},"getTitle",[]]}
RESULT: undefined
COMMAND: POST /session/be70287e4f4cadcf3f1092f2387a5597/element/f.ADED239B795CA95CF93BAE70182185CF.d.612FD643C83522FEBC103406F3B360FA.e.4250/click - {}
COMMAND: POST /session/be70287e4f4cadcf3f1092f2387a5597/element - {"using":"xpath","value":"//*[@id=\"backBtn\"]"}
RESULT: {"using":"xpath","value":"//*[@id=\"backBtn\"]"}
COMMAND: POST /session/be70287e4f4cadcf3f1092f2387a5597/element/f.ADED239B795CA95CF93BAE70182185CF.d.612FD643C83522FEBC103406F3B360FA.e.4250/click - {}
COMMAND: POST /session/be70287e4f4cadcf3f1092f2387a5597/element - {"using":"xpath","value":"//*[@id=\"backBtn\"]"}
RESULT: {"using":"xpath","value":"//*[@id=\"backBtn\"]"}
COMMAND: POST /session/be70287e4f4cadcf3f1092f2387a5597/element/f.ADED239B795CA95CF93BAE70182185CF.d.612FD643C83522FEBC103406F3B360FA.e.4432/click - {}
RESULT: {}
COMMAND: GET /session/be70287e4f4cadcf3f1092f2387a5597/screenshot - {}
RESULT: {}
]]></system-out>
    </testcase>
    <testcase classname="chrome.135_0_7049_42.windows.Sanity_Tests_US104253" name="Should open Manage Logbook page" time="32.196">
      <system-out><![CDATA[
COMMAND: POST /session/be70287e4f4cadcf3f1092f2387a5597/execute/async - {"script":"<script> [1562 bytes]","args":[{"selector":{"controlType":"sap.m.GenericTile","properties":{"header":"Manage Logbook"}},"wdio_ui5_key":"sapm.GenericTile{\"header\":\"Manage Logbook\"}"}]}
RESULT: {"script":"<script> [1562 bytes]","args":[{"selector":{"controlType":"sap.m.GenericTile","properties":{"header":"Manage Logbook"}},"wdio_ui5_key":"sapm.GenericTile{\"header\":\"Manage Logbook\"}"}]}
RESULT: undefined
COMMAND: POST /session/be70287e4f4cadcf3f1092f2387a5597/element - {"using":"xpath","value":"//*[@id=\"__tile112\"]"}
RESULT: {"using":"xpath","value":"//*[@id=\"__tile112\"]"}
COMMAND: POST /session/be70287e4f4cadcf3f1092f2387a5597/element/f.ADED239B795CA95CF93BAE70182185CF.d.612FD643C83522FEBC103406F3B360FA.e.4434/click - {}
RESULT: {}
COMMAND: GET /session/be70287e4f4cadcf3f1092f2387a5597/screenshot - {}
RESULT: {}
RESULT: undefined
COMMAND: POST /session/be70287e4f4cadcf3f1092f2387a5597/element - {"using":"xpath","value":"//*[@id=\"__tile112\"]"}
RESULT: {"using":"xpath","value":"//*[@id=\"__tile112\"]"}
COMMAND: POST /session/be70287e4f4cadcf3f1092f2387a5597/element/f.ADED239B795CA95CF93BAE70182185CF.d.612FD643C83522FEBC103406F3B360FA.e.4434/click - {}
RESULT: undefined
COMMAND: POST /session/be70287e4f4cadcf3f1092f2387a5597/element - {"using":"xpath","value":"//*[@id=\"__tile112\"]"}
RESULT: {"using":"xpath","value":"//*[@id=\"__tile112\"]"}
COMMAND: POST /session/be70287e4f4cadcf3f1092f2387a5597/element/f.ADED239B795CA95CF93BAE70182185CF.d.612FD643C83522FEBC103406F3B360FA.e.4434/click - {}
RESULT: undefined
COMMAND: POST /session/be70287e4f4cadcf3f1092f2387a5597/execute/async - {"script":"<script> [6424 bytes]","args":[{"element-6066-11e4-a52e-4f735466cecf":"f.ADED239B795CA95CF93BAE70182185CF.d.612FD643C83522FEBC103406F3B360FA.e.288"},"getTitle",[]]}
COMMAND: POST /session/be70287e4f4cadcf3f1092f2387a5597/execute/async - {"script":"<script> [1562 bytes]","args":[{"selector":{"id":"shellAppTitle"},"wdio_ui5_key":"shellAppTitle"}]}
RESULT: {"script":"<script> [1562 bytes]","args":[{"selector":{"id":"shellAppTitle"},"wdio_ui5_key":"shellAppTitle"}]}
COMMAND: POST /session/be70287e4f4cadcf3f1092f2387a5597/execute/async - {"script":"<script> [6424 bytes]","args":[{"element-6066-11e4-a52e-4f735466cecf":"f.ADED239B795CA95CF93BAE70182185CF.d.612FD643C83522FEBC103406F3B360FA.e.4512"},"getTitle",[]]}
RESULT: {"script":"<script> [6424 bytes]","args":[{"element-6066-11e4-a52e-4f735466cecf":"f.ADED239B795CA95CF93BAE70182185CF.d.612FD643C83522FEBC103406F3B360FA.e.4512"},"getTitle",[]]}
RESULT: undefined
COMMAND: POST /session/be70287e4f4cadcf3f1092f2387a5597/element/f.ADED239B795CA95CF93BAE70182185CF.d.612FD643C83522FEBC103406F3B360FA.e.4432/click - {}
RESULT: {}
COMMAND: GET /session/be70287e4f4cadcf3f1092f2387a5597/screenshot - {}
RESULT: {}
]]></system-out>
    </testcase>
    <testcase classname="chrome.135_0_7049_42.windows.Sanity_Tests_US104253" name="Should open ISC Orders Calendar page" time="32.247">
      <system-out><![CDATA[
COMMAND: POST /session/be70287e4f4cadcf3f1092f2387a5597/execute/async - {"script":"<script> [1562 bytes]","args":[{"selector":{"controlType":"sap.m.GenericTile","properties":{"header":"ISC Orders Calendar"}},"wdio_ui5_key":"sapm.GenericTile{\"header\":\"ISC Orders Calendar\"}"}]}
RESULT: {"script":"<script> [1562 bytes]","args":[{"selector":{"controlType":"sap.m.GenericTile","properties":{"header":"ISC Orders Calendar"}},"wdio_ui5_key":"sapm.GenericTile{\"header\":\"ISC Orders Calendar\"}"}]}
RESULT: undefined
COMMAND: POST /session/be70287e4f4cadcf3f1092f2387a5597/element - {"using":"xpath","value":"//*[@id=\"__tile107\"]"}
RESULT: {"using":"xpath","value":"//*[@id=\"__tile107\"]"}
COMMAND: POST /session/be70287e4f4cadcf3f1092f2387a5597/element/f.ADED239B795CA95CF93BAE70182185CF.d.612FD643C83522FEBC103406F3B360FA.e.4514/click - {}
RESULT: {}
COMMAND: GET /session/be70287e4f4cadcf3f1092f2387a5597/screenshot - {}
RESULT: {}
RESULT: undefined
COMMAND: POST /session/be70287e4f4cadcf3f1092f2387a5597/element - {"using":"xpath","value":"//*[@id=\"__tile107\"]"}
RESULT: {"using":"xpath","value":"//*[@id=\"__tile107\"]"}
COMMAND: POST /session/be70287e4f4cadcf3f1092f2387a5597/element/f.ADED239B795CA95CF93BAE70182185CF.d.612FD643C83522FEBC103406F3B360FA.e.4514/click - {}
RESULT: undefined
COMMAND: POST /session/be70287e4f4cadcf3f1092f2387a5597/element - {"using":"xpath","value":"//*[@id=\"__tile107\"]"}
RESULT: {"using":"xpath","value":"//*[@id=\"__tile107\"]"}
COMMAND: POST /session/be70287e4f4cadcf3f1092f2387a5597/element/f.ADED239B795CA95CF93BAE70182185CF.d.612FD643C83522FEBC103406F3B360FA.e.4514/click - {}
RESULT: undefined
COMMAND: POST /session/be70287e4f4cadcf3f1092f2387a5597/execute/async - {"script":"<script> [6424 bytes]","args":[{"element-6066-11e4-a52e-4f735466cecf":"f.ADED239B795CA95CF93BAE70182185CF.d.612FD643C83522FEBC103406F3B360FA.e.288"},"getTitle",[]]}
COMMAND: POST /session/be70287e4f4cadcf3f1092f2387a5597/execute/async - {"script":"<script> [1562 bytes]","args":[{"selector":{"id":"shellAppTitle"},"wdio_ui5_key":"shellAppTitle"}]}
RESULT: {"script":"<script> [1562 bytes]","args":[{"selector":{"id":"shellAppTitle"},"wdio_ui5_key":"shellAppTitle"}]}
COMMAND: POST /session/be70287e4f4cadcf3f1092f2387a5597/execute/async - {"script":"<script> [6424 bytes]","args":[{"element-6066-11e4-a52e-4f735466cecf":"f.ADED239B795CA95CF93BAE70182185CF.d.612FD643C83522FEBC103406F3B360FA.e.4711"},"getTitle",[]]}
RESULT: {"script":"<script> [6424 bytes]","args":[{"element-6066-11e4-a52e-4f735466cecf":"f.ADED239B795CA95CF93BAE70182185CF.d.612FD643C83522FEBC103406F3B360FA.e.4711"},"getTitle",[]]}
RESULT: undefined
COMMAND: POST /session/be70287e4f4cadcf3f1092f2387a5597/element/f.ADED239B795CA95CF93BAE70182185CF.d.612FD643C83522FEBC103406F3B360FA.e.4432/click - {}
COMMAND: POST /session/be70287e4f4cadcf3f1092f2387a5597/element - {"using":"xpath","value":"//*[@id=\"backBtn\"]"}
RESULT: {"using":"xpath","value":"//*[@id=\"backBtn\"]"}
COMMAND: POST /session/be70287e4f4cadcf3f1092f2387a5597/element/f.ADED239B795CA95CF93BAE70182185CF.d.612FD643C83522FEBC103406F3B360FA.e.4432/click - {}
COMMAND: POST /session/be70287e4f4cadcf3f1092f2387a5597/element - {"using":"xpath","value":"//*[@id=\"backBtn\"]"}
RESULT: {"using":"xpath","value":"//*[@id=\"backBtn\"]"}
COMMAND: POST /session/be70287e4f4cadcf3f1092f2387a5597/element/f.ADED239B795CA95CF93BAE70182185CF.d.612FD643C83522FEBC103406F3B360FA.e.4712/click - {}
RESULT: {}
COMMAND: GET /session/be70287e4f4cadcf3f1092f2387a5597/screenshot - {}
RESULT: {}
]]></system-out>
    </testcase>
    <testcase classname="chrome.135_0_7049_42.windows.Sanity_Tests_US104253" name="Should open Configure System page" time="38.208">
      <system-out><![CDATA[
COMMAND: POST /session/be70287e4f4cadcf3f1092f2387a5597/execute/async - {"script":"<script> [1562 bytes]","args":[{"selector":{"controlType":"sap.m.GenericTile","properties":{"header":"Configure System"}},"wdio_ui5_key":"sapm.GenericTile{\"header\":\"Configure System\"}"}]}
RESULT: {"script":"<script> [1562 bytes]","args":[{"selector":{"controlType":"sap.m.GenericTile","properties":{"header":"Configure System"}},"wdio_ui5_key":"sapm.GenericTile{\"header\":\"Configure System\"}"}]}
RESULT: undefined
COMMAND: POST /session/be70287e4f4cadcf3f1092f2387a5597/element - {"using":"xpath","value":"//*[@id=\"__tile114\"]"}
RESULT: {"using":"xpath","value":"//*[@id=\"__tile114\"]"}
COMMAND: POST /session/be70287e4f4cadcf3f1092f2387a5597/element/f.ADED239B795CA95CF93BAE70182185CF.d.612FD643C83522FEBC103406F3B360FA.e.4714/click - {}
RESULT: {}
COMMAND: GET /session/be70287e4f4cadcf3f1092f2387a5597/screenshot - {}
RESULT: {}
RESULT: undefined
COMMAND: POST /session/be70287e4f4cadcf3f1092f2387a5597/element - {"using":"xpath","value":"//*[@id=\"__tile114\"]"}
RESULT: {"using":"xpath","value":"//*[@id=\"__tile114\"]"}
COMMAND: POST /session/be70287e4f4cadcf3f1092f2387a5597/element/f.ADED239B795CA95CF93BAE70182185CF.d.612FD643C83522FEBC103406F3B360FA.e.4714/click - {}
RESULT: undefined
COMMAND: POST /session/be70287e4f4cadcf3f1092f2387a5597/element - {"using":"xpath","value":"//*[@id=\"__tile114\"]"}
RESULT: {"using":"xpath","value":"//*[@id=\"__tile114\"]"}
COMMAND: POST /session/be70287e4f4cadcf3f1092f2387a5597/element/f.ADED239B795CA95CF93BAE70182185CF.d.612FD643C83522FEBC103406F3B360FA.e.4714/click - {}
RESULT: undefined
COMMAND: POST /session/be70287e4f4cadcf3f1092f2387a5597/execute/async - {"script":"<script> [6424 bytes]","args":[{"element-6066-11e4-a52e-4f735466cecf":"f.ADED239B795CA95CF93BAE70182185CF.d.612FD643C83522FEBC103406F3B360FA.e.288"},"getTitle",[]]}
COMMAND: POST /session/be70287e4f4cadcf3f1092f2387a5597/execute/async - {"script":"<script> [1562 bytes]","args":[{"selector":{"id":"shellAppTitle"},"wdio_ui5_key":"shellAppTitle"}]}
RESULT: {"script":"<script> [1562 bytes]","args":[{"selector":{"id":"shellAppTitle"},"wdio_ui5_key":"shellAppTitle"}]}
COMMAND: POST /session/be70287e4f4cadcf3f1092f2387a5597/execute/async - {"script":"<script> [6424 bytes]","args":[{"element-6066-11e4-a52e-4f735466cecf":"f.ADED239B795CA95CF93BAE70182185CF.d.612FD643C83522FEBC103406F3B360FA.e.4760"},"getTitle",[]]}
RESULT: {"script":"<script> [6424 bytes]","args":[{"element-6066-11e4-a52e-4f735466cecf":"f.ADED239B795CA95CF93BAE70182185CF.d.612FD643C83522FEBC103406F3B360FA.e.4760"},"getTitle",[]]}
RESULT: undefined
COMMAND: POST /session/be70287e4f4cadcf3f1092f2387a5597/element/f.ADED239B795CA95CF93BAE70182185CF.d.612FD643C83522FEBC103406F3B360FA.e.4712/click - {}
RESULT: {}
COMMAND: GET /session/be70287e4f4cadcf3f1092f2387a5597/screenshot - {}
RESULT: {}
]]></system-out>
    </testcase>
    <testcase classname="chrome.135_0_7049_42.windows.Sanity_Tests_US104253" name="Should open Manage Classifications page" time="34.613">
      <system-out><![CDATA[
COMMAND: POST /session/be70287e4f4cadcf3f1092f2387a5597/execute/async - {"script":"<script> [1562 bytes]","args":[{"selector":{"controlType":"sap.m.GenericTile","properties":{"header":"Manage Classifications"}},"wdio_ui5_key":"sapm.GenericTile{\"header\":\"Manage Classifications\"}"}]}
RESULT: {"script":"<script> [1562 bytes]","args":[{"selector":{"controlType":"sap.m.GenericTile","properties":{"header":"Manage Classifications"}},"wdio_ui5_key":"sapm.GenericTile{\"header\":\"Manage Classifications\"}"}]}
RESULT: undefined
COMMAND: POST /session/be70287e4f4cadcf3f1092f2387a5597/element - {"using":"xpath","value":"//*[@id=\"__tile115\"]"}
RESULT: {"using":"xpath","value":"//*[@id=\"__tile115\"]"}
COMMAND: POST /session/be70287e4f4cadcf3f1092f2387a5597/element/f.ADED239B795CA95CF93BAE70182185CF.d.612FD643C83522FEBC103406F3B360FA.e.4763/click - {}
RESULT: {}
COMMAND: GET /session/be70287e4f4cadcf3f1092f2387a5597/screenshot - {}
RESULT: {}
RESULT: undefined
COMMAND: POST /session/be70287e4f4cadcf3f1092f2387a5597/element - {"using":"xpath","value":"//*[@id=\"__tile115\"]"}
RESULT: {"using":"xpath","value":"//*[@id=\"__tile115\"]"}
COMMAND: POST /session/be70287e4f4cadcf3f1092f2387a5597/element/f.ADED239B795CA95CF93BAE70182185CF.d.612FD643C83522FEBC103406F3B360FA.e.4763/click - {}
RESULT: undefined
COMMAND: POST /session/be70287e4f4cadcf3f1092f2387a5597/element - {"using":"xpath","value":"//*[@id=\"__tile115\"]"}
RESULT: {"using":"xpath","value":"//*[@id=\"__tile115\"]"}
COMMAND: POST /session/be70287e4f4cadcf3f1092f2387a5597/element/f.ADED239B795CA95CF93BAE70182185CF.d.612FD643C83522FEBC103406F3B360FA.e.4763/click - {}
RESULT: undefined
COMMAND: POST /session/be70287e4f4cadcf3f1092f2387a5597/execute/async - {"script":"<script> [6424 bytes]","args":[{"element-6066-11e4-a52e-4f735466cecf":"f.ADED239B795CA95CF93BAE70182185CF.d.612FD643C83522FEBC103406F3B360FA.e.288"},"getTitle",[]]}
COMMAND: POST /session/be70287e4f4cadcf3f1092f2387a5597/execute/async - {"script":"<script> [1562 bytes]","args":[{"selector":{"id":"shellAppTitle"},"wdio_ui5_key":"shellAppTitle"}]}
RESULT: {"script":"<script> [1562 bytes]","args":[{"selector":{"id":"shellAppTitle"},"wdio_ui5_key":"shellAppTitle"}]}
COMMAND: POST /session/be70287e4f4cadcf3f1092f2387a5597/execute/async - {"script":"<script> [6424 bytes]","args":[{"element-6066-11e4-a52e-4f735466cecf":"f.ADED239B795CA95CF93BAE70182185CF.d.612FD643C83522FEBC103406F3B360FA.e.4897"},"getTitle",[]]}
RESULT: {"script":"<script> [6424 bytes]","args":[{"element-6066-11e4-a52e-4f735466cecf":"f.ADED239B795CA95CF93BAE70182185CF.d.612FD643C83522FEBC103406F3B360FA.e.4897"},"getTitle",[]]}
RESULT: undefined
COMMAND: POST /session/be70287e4f4cadcf3f1092f2387a5597/element/f.ADED239B795CA95CF93BAE70182185CF.d.612FD643C83522FEBC103406F3B360FA.e.4712/click - {}
COMMAND: POST /session/be70287e4f4cadcf3f1092f2387a5597/element - {"using":"xpath","value":"//*[@id=\"backBtn\"]"}
RESULT: {"using":"xpath","value":"//*[@id=\"backBtn\"]"}
COMMAND: POST /session/be70287e4f4cadcf3f1092f2387a5597/element/f.ADED239B795CA95CF93BAE70182185CF.d.612FD643C83522FEBC103406F3B360FA.e.4712/click - {}
COMMAND: POST /session/be70287e4f4cadcf3f1092f2387a5597/element - {"using":"xpath","value":"//*[@id=\"backBtn\"]"}
RESULT: {"using":"xpath","value":"//*[@id=\"backBtn\"]"}
COMMAND: POST /session/be70287e4f4cadcf3f1092f2387a5597/element/f.ADED239B795CA95CF93BAE70182185CF.d.612FD643C83522FEBC103406F3B360FA.e.4898/click - {}
RESULT: {}
COMMAND: GET /session/be70287e4f4cadcf3f1092f2387a5597/screenshot - {}
RESULT: {}
]]></system-out>
    </testcase>
    <testcase classname="chrome.135_0_7049_42.windows.Sanity_Tests_US104253" name="Should open Data Explorer page" time="33.347">
      <system-out><![CDATA[
COMMAND: POST /session/be70287e4f4cadcf3f1092f2387a5597/execute/async - {"script":"<script> [1562 bytes]","args":[{"selector":{"controlType":"sap.m.GenericTile","properties":{"header":"Data Explorer"}},"wdio_ui5_key":"sapm.GenericTile{\"header\":\"Data Explorer\"}"}]}
RESULT: {"script":"<script> [1562 bytes]","args":[{"selector":{"controlType":"sap.m.GenericTile","properties":{"header":"Data Explorer"}},"wdio_ui5_key":"sapm.GenericTile{\"header\":\"Data Explorer\"}"}]}
RESULT: undefined
COMMAND: POST /session/be70287e4f4cadcf3f1092f2387a5597/element - {"using":"xpath","value":"//*[@id=\"__tile117\"]"}
RESULT: {"using":"xpath","value":"//*[@id=\"__tile117\"]"}
COMMAND: POST /session/be70287e4f4cadcf3f1092f2387a5597/element/f.ADED239B795CA95CF93BAE70182185CF.d.612FD643C83522FEBC103406F3B360FA.e.4900/click - {}
RESULT: {}
COMMAND: GET /session/be70287e4f4cadcf3f1092f2387a5597/screenshot - {}
RESULT: {}
RESULT: undefined
COMMAND: POST /session/be70287e4f4cadcf3f1092f2387a5597/element - {"using":"xpath","value":"//*[@id=\"__tile117\"]"}
RESULT: {"using":"xpath","value":"//*[@id=\"__tile117\"]"}
COMMAND: POST /session/be70287e4f4cadcf3f1092f2387a5597/element/f.ADED239B795CA95CF93BAE70182185CF.d.612FD643C83522FEBC103406F3B360FA.e.4900/click - {}
RESULT: undefined
COMMAND: POST /session/be70287e4f4cadcf3f1092f2387a5597/element - {"using":"xpath","value":"//*[@id=\"__tile117\"]"}
RESULT: {"using":"xpath","value":"//*[@id=\"__tile117\"]"}
COMMAND: POST /session/be70287e4f4cadcf3f1092f2387a5597/element/f.ADED239B795CA95CF93BAE70182185CF.d.612FD643C83522FEBC103406F3B360FA.e.4900/click - {}
RESULT: undefined
COMMAND: POST /session/be70287e4f4cadcf3f1092f2387a5597/execute/async - {"script":"<script> [6424 bytes]","args":[{"element-6066-11e4-a52e-4f735466cecf":"f.ADED239B795CA95CF93BAE70182185CF.d.612FD643C83522FEBC103406F3B360FA.e.288"},"getTitle",[]]}
COMMAND: POST /session/be70287e4f4cadcf3f1092f2387a5597/execute/async - {"script":"<script> [1562 bytes]","args":[{"selector":{"id":"shellAppTitle"},"wdio_ui5_key":"shellAppTitle"}]}
RESULT: {"script":"<script> [1562 bytes]","args":[{"selector":{"id":"shellAppTitle"},"wdio_ui5_key":"shellAppTitle"}]}
COMMAND: POST /session/be70287e4f4cadcf3f1092f2387a5597/execute/async - {"script":"<script> [6424 bytes]","args":[{"element-6066-11e4-a52e-4f735466cecf":"f.ADED239B795CA95CF93BAE70182185CF.d.612FD643C83522FEBC103406F3B360FA.e.5055"},"getTitle",[]]}
RESULT: {"script":"<script> [6424 bytes]","args":[{"element-6066-11e4-a52e-4f735466cecf":"f.ADED239B795CA95CF93BAE70182185CF.d.612FD643C83522FEBC103406F3B360FA.e.5055"},"getTitle",[]]}
RESULT: undefined
COMMAND: POST /session/be70287e4f4cadcf3f1092f2387a5597/element/f.ADED239B795CA95CF93BAE70182185CF.d.612FD643C83522FEBC103406F3B360FA.e.4898/click - {}
RESULT: {}
COMMAND: GET /session/be70287e4f4cadcf3f1092f2387a5597/screenshot - {}
RESULT: {}
]]></system-out>
    </testcase>
    <testcase classname="chrome.135_0_7049_42.windows.Sanity_Tests_US104253" name="Should open Performance Monitor page" time="31.609">
      <system-out><![CDATA[
COMMAND: POST /session/be70287e4f4cadcf3f1092f2387a5597/execute/async - {"script":"<script> [1562 bytes]","args":[{"selector":{"controlType":"sap.m.GenericTile","properties":{"header":"Performance Monitor"}},"wdio_ui5_key":"sapm.GenericTile{\"header\":\"Performance Monitor\"}"}]}
RESULT: {"script":"<script> [1562 bytes]","args":[{"selector":{"controlType":"sap.m.GenericTile","properties":{"header":"Performance Monitor"}},"wdio_ui5_key":"sapm.GenericTile{\"header\":\"Performance Monitor\"}"}]}
RESULT: undefined
COMMAND: POST /session/be70287e4f4cadcf3f1092f2387a5597/element - {"using":"xpath","value":"//*[@id=\"__tile116\"]"}
RESULT: {"using":"xpath","value":"//*[@id=\"__tile116\"]"}
COMMAND: POST /session/be70287e4f4cadcf3f1092f2387a5597/element/f.ADED239B795CA95CF93BAE70182185CF.d.612FD643C83522FEBC103406F3B360FA.e.5057/click - {}
RESULT: {}
COMMAND: GET /session/be70287e4f4cadcf3f1092f2387a5597/screenshot - {}
RESULT: {}
RESULT: undefined
COMMAND: POST /session/be70287e4f4cadcf3f1092f2387a5597/element - {"using":"xpath","value":"//*[@id=\"__tile116\"]"}
RESULT: {"using":"xpath","value":"//*[@id=\"__tile116\"]"}
COMMAND: POST /session/be70287e4f4cadcf3f1092f2387a5597/element/f.ADED239B795CA95CF93BAE70182185CF.d.612FD643C83522FEBC103406F3B360FA.e.5057/click - {}
RESULT: undefined
COMMAND: POST /session/be70287e4f4cadcf3f1092f2387a5597/element - {"using":"xpath","value":"//*[@id=\"__tile116\"]"}
RESULT: {"using":"xpath","value":"//*[@id=\"__tile116\"]"}
COMMAND: POST /session/be70287e4f4cadcf3f1092f2387a5597/element/f.ADED239B795CA95CF93BAE70182185CF.d.612FD643C83522FEBC103406F3B360FA.e.5057/click - {}
RESULT: undefined
COMMAND: POST /session/be70287e4f4cadcf3f1092f2387a5597/execute/async - {"script":"<script> [6424 bytes]","args":[{"element-6066-11e4-a52e-4f735466cecf":"f.ADED239B795CA95CF93BAE70182185CF.d.612FD643C83522FEBC103406F3B360FA.e.288"},"getTitle",[]]}
COMMAND: POST /session/be70287e4f4cadcf3f1092f2387a5597/execute/async - {"script":"<script> [1562 bytes]","args":[{"selector":{"id":"shellAppTitle"},"wdio_ui5_key":"shellAppTitle"}]}
RESULT: {"script":"<script> [1562 bytes]","args":[{"selector":{"id":"shellAppTitle"},"wdio_ui5_key":"shellAppTitle"}]}
COMMAND: POST /session/be70287e4f4cadcf3f1092f2387a5597/execute/async - {"script":"<script> [6424 bytes]","args":[{"element-6066-11e4-a52e-4f735466cecf":"f.ADED239B795CA95CF93BAE70182185CF.d.612FD643C83522FEBC103406F3B360FA.e.5098"},"getTitle",[]]}
RESULT: {"script":"<script> [6424 bytes]","args":[{"element-6066-11e4-a52e-4f735466cecf":"f.ADED239B795CA95CF93BAE70182185CF.d.612FD643C83522FEBC103406F3B360FA.e.5098"},"getTitle",[]]}
RESULT: undefined
COMMAND: POST /session/be70287e4f4cadcf3f1092f2387a5597/element/f.ADED239B795CA95CF93BAE70182185CF.d.612FD643C83522FEBC103406F3B360FA.e.4898/click - {}
COMMAND: POST /session/be70287e4f4cadcf3f1092f2387a5597/element - {"using":"xpath","value":"//*[@id=\"backBtn\"]"}
RESULT: {"using":"xpath","value":"//*[@id=\"backBtn\"]"}
COMMAND: POST /session/be70287e4f4cadcf3f1092f2387a5597/element/f.ADED239B795CA95CF93BAE70182185CF.d.612FD643C83522FEBC103406F3B360FA.e.4898/click - {}
COMMAND: POST /session/be70287e4f4cadcf3f1092f2387a5597/element - {"using":"xpath","value":"//*[@id=\"backBtn\"]"}
RESULT: {"using":"xpath","value":"//*[@id=\"backBtn\"]"}
COMMAND: POST /session/be70287e4f4cadcf3f1092f2387a5597/element/f.ADED239B795CA95CF93BAE70182185CF.d.612FD643C83522FEBC103406F3B360FA.e.5099/click - {}
RESULT: {}
COMMAND: GET /session/be70287e4f4cadcf3f1092f2387a5597/screenshot - {}
RESULT: {}
]]></system-out>
    </testcase>
    <testcase classname="chrome.135_0_7049_42.windows.Sanity_Tests_US104253" name="Should open Organizational Model page" time="36.714">
      <system-out><![CDATA[
COMMAND: POST /session/be70287e4f4cadcf3f1092f2387a5597/execute/async - {"script":"<script> [1562 bytes]","args":[{"selector":{"controlType":"sap.m.GenericTile","properties":{"header":"Organizational Model"}},"wdio_ui5_key":"sapm.GenericTile{\"header\":\"Organizational Model\"}"}]}
RESULT: {"script":"<script> [1562 bytes]","args":[{"selector":{"controlType":"sap.m.GenericTile","properties":{"header":"Organizational Model"}},"wdio_ui5_key":"sapm.GenericTile{\"header\":\"Organizational Model\"}"}]}
RESULT: undefined
COMMAND: POST /session/be70287e4f4cadcf3f1092f2387a5597/element - {"using":"xpath","value":"//*[@id=\"__tile120\"]"}
RESULT: {"using":"xpath","value":"//*[@id=\"__tile120\"]"}
COMMAND: POST /session/be70287e4f4cadcf3f1092f2387a5597/element/f.ADED239B795CA95CF93BAE70182185CF.d.612FD643C83522FEBC103406F3B360FA.e.5101/click - {}
RESULT: {}
COMMAND: GET /session/be70287e4f4cadcf3f1092f2387a5597/screenshot - {}
RESULT: {}
RESULT: undefined
COMMAND: POST /session/be70287e4f4cadcf3f1092f2387a5597/element - {"using":"xpath","value":"//*[@id=\"__tile120\"]"}
RESULT: {"using":"xpath","value":"//*[@id=\"__tile120\"]"}
COMMAND: POST /session/be70287e4f4cadcf3f1092f2387a5597/element/f.ADED239B795CA95CF93BAE70182185CF.d.612FD643C83522FEBC103406F3B360FA.e.5101/click - {}
RESULT: undefined
COMMAND: POST /session/be70287e4f4cadcf3f1092f2387a5597/element - {"using":"xpath","value":"//*[@id=\"__tile120\"]"}
RESULT: {"using":"xpath","value":"//*[@id=\"__tile120\"]"}
COMMAND: POST /session/be70287e4f4cadcf3f1092f2387a5597/element/f.ADED239B795CA95CF93BAE70182185CF.d.612FD643C83522FEBC103406F3B360FA.e.5101/click - {}
RESULT: undefined
COMMAND: POST /session/be70287e4f4cadcf3f1092f2387a5597/execute/async - {"script":"<script> [6424 bytes]","args":[{"element-6066-11e4-a52e-4f735466cecf":"f.ADED239B795CA95CF93BAE70182185CF.d.612FD643C83522FEBC103406F3B360FA.e.288"},"getTitle",[]]}
COMMAND: POST /session/be70287e4f4cadcf3f1092f2387a5597/execute/async - {"script":"<script> [1562 bytes]","args":[{"selector":{"id":"shellAppTitle"},"wdio_ui5_key":"shellAppTitle"}]}
RESULT: {"script":"<script> [1562 bytes]","args":[{"selector":{"id":"shellAppTitle"},"wdio_ui5_key":"shellAppTitle"}]}
COMMAND: POST /session/be70287e4f4cadcf3f1092f2387a5597/execute/async - {"script":"<script> [6424 bytes]","args":[{"element-6066-11e4-a52e-4f735466cecf":"f.ADED239B795CA95CF93BAE70182185CF.d.612FD643C83522FEBC103406F3B360FA.e.5119"},"getTitle",[]]}
RESULT: {"script":"<script> [6424 bytes]","args":[{"element-6066-11e4-a52e-4f735466cecf":"f.ADED239B795CA95CF93BAE70182185CF.d.612FD643C83522FEBC103406F3B360FA.e.5119"},"getTitle",[]]}
RESULT: undefined
COMMAND: POST /session/be70287e4f4cadcf3f1092f2387a5597/element/f.ADED239B795CA95CF93BAE70182185CF.d.612FD643C83522FEBC103406F3B360FA.e.5099/click - {}
RESULT: {}
COMMAND: GET /session/be70287e4f4cadcf3f1092f2387a5597/screenshot - {}
RESULT: {}
]]></system-out>
    </testcase>
    <testcase classname="chrome.135_0_7049_42.windows.Sanity_Tests_US104253" name="Should open Manage Roles page" time="34.062">
      <system-out><![CDATA[
COMMAND: POST /session/be70287e4f4cadcf3f1092f2387a5597/execute/async - {"script":"<script> [1562 bytes]","args":[{"selector":{"controlType":"sap.m.GenericTile","properties":{"header":"Manage Roles"}},"wdio_ui5_key":"sapm.GenericTile{\"header\":\"Manage Roles\"}"}]}
RESULT: {"script":"<script> [1562 bytes]","args":[{"selector":{"controlType":"sap.m.GenericTile","properties":{"header":"Manage Roles"}},"wdio_ui5_key":"sapm.GenericTile{\"header\":\"Manage Roles\"}"}]}
RESULT: undefined
COMMAND: POST /session/be70287e4f4cadcf3f1092f2387a5597/element - {"using":"xpath","value":"//*[@id=\"__tile119\"]"}
RESULT: {"using":"xpath","value":"//*[@id=\"__tile119\"]"}
COMMAND: POST /session/be70287e4f4cadcf3f1092f2387a5597/element/f.ADED239B795CA95CF93BAE70182185CF.d.612FD643C83522FEBC103406F3B360FA.e.5121/click - {}
RESULT: {}
COMMAND: GET /session/be70287e4f4cadcf3f1092f2387a5597/screenshot - {}
RESULT: {}
RESULT: undefined
COMMAND: POST /session/be70287e4f4cadcf3f1092f2387a5597/element - {"using":"xpath","value":"//*[@id=\"__tile119\"]"}
RESULT: {"using":"xpath","value":"//*[@id=\"__tile119\"]"}
COMMAND: POST /session/be70287e4f4cadcf3f1092f2387a5597/element/f.ADED239B795CA95CF93BAE70182185CF.d.612FD643C83522FEBC103406F3B360FA.e.5121/click - {}
RESULT: undefined
COMMAND: POST /session/be70287e4f4cadcf3f1092f2387a5597/element - {"using":"xpath","value":"//*[@id=\"__tile119\"]"}
RESULT: {"using":"xpath","value":"//*[@id=\"__tile119\"]"}
COMMAND: POST /session/be70287e4f4cadcf3f1092f2387a5597/element/f.ADED239B795CA95CF93BAE70182185CF.d.612FD643C83522FEBC103406F3B360FA.e.5121/click - {}
RESULT: undefined
COMMAND: POST /session/be70287e4f4cadcf3f1092f2387a5597/execute/async - {"script":"<script> [6424 bytes]","args":[{"element-6066-11e4-a52e-4f735466cecf":"f.ADED239B795CA95CF93BAE70182185CF.d.612FD643C83522FEBC103406F3B360FA.e.288"},"getTitle",[]]}
COMMAND: POST /session/be70287e4f4cadcf3f1092f2387a5597/execute/async - {"script":"<script> [1562 bytes]","args":[{"selector":{"id":"shellAppTitle"},"wdio_ui5_key":"shellAppTitle"}]}
RESULT: {"script":"<script> [1562 bytes]","args":[{"selector":{"id":"shellAppTitle"},"wdio_ui5_key":"shellAppTitle"}]}
COMMAND: POST /session/be70287e4f4cadcf3f1092f2387a5597/execute/async - {"script":"<script> [6424 bytes]","args":[{"element-6066-11e4-a52e-4f735466cecf":"f.ADED239B795CA95CF93BAE70182185CF.d.612FD643C83522FEBC103406F3B360FA.e.5164"},"getTitle",[]]}
RESULT: {"script":"<script> [6424 bytes]","args":[{"element-6066-11e4-a52e-4f735466cecf":"f.ADED239B795CA95CF93BAE70182185CF.d.612FD643C83522FEBC103406F3B360FA.e.5164"},"getTitle",[]]}
RESULT: undefined
COMMAND: POST /session/be70287e4f4cadcf3f1092f2387a5597/element/f.ADED239B795CA95CF93BAE70182185CF.d.612FD643C83522FEBC103406F3B360FA.e.5099/click - {}
COMMAND: POST /session/be70287e4f4cadcf3f1092f2387a5597/element - {"using":"xpath","value":"//*[@id=\"backBtn\"]"}
RESULT: {"using":"xpath","value":"//*[@id=\"backBtn\"]"}
COMMAND: POST /session/be70287e4f4cadcf3f1092f2387a5597/element/f.ADED239B795CA95CF93BAE70182185CF.d.612FD643C83522FEBC103406F3B360FA.e.5099/click - {}
COMMAND: POST /session/be70287e4f4cadcf3f1092f2387a5597/element - {"using":"xpath","value":"//*[@id=\"backBtn\"]"}
RESULT: {"using":"xpath","value":"//*[@id=\"backBtn\"]"}
COMMAND: POST /session/be70287e4f4cadcf3f1092f2387a5597/element/f.ADED239B795CA95CF93BAE70182185CF.d.612FD643C83522FEBC103406F3B360FA.e.5165/click - {}
RESULT: {}
COMMAND: GET /session/be70287e4f4cadcf3f1092f2387a5597/screenshot - {}
RESULT: {}
]]></system-out>
    </testcase>
    <testcase classname="chrome.135_0_7049_42.windows.Sanity_Tests_US104253" name="Should open Authorization Tables page" time="32.402">
      <system-out><![CDATA[
COMMAND: POST /session/be70287e4f4cadcf3f1092f2387a5597/execute/async - {"script":"<script> [1562 bytes]","args":[{"selector":{"controlType":"sap.m.GenericTile","properties":{"header":"Authorization Tables"}},"wdio_ui5_key":"sapm.GenericTile{\"header\":\"Authorization Tables\"}"}]}
RESULT: {"script":"<script> [1562 bytes]","args":[{"selector":{"controlType":"sap.m.GenericTile","properties":{"header":"Authorization Tables"}},"wdio_ui5_key":"sapm.GenericTile{\"header\":\"Authorization Tables\"}"}]}
RESULT: undefined
COMMAND: POST /session/be70287e4f4cadcf3f1092f2387a5597/element - {"using":"xpath","value":"//*[@id=\"__tile118\"]"}
RESULT: {"using":"xpath","value":"//*[@id=\"__tile118\"]"}
COMMAND: POST /session/be70287e4f4cadcf3f1092f2387a5597/element/f.ADED239B795CA95CF93BAE70182185CF.d.612FD643C83522FEBC103406F3B360FA.e.5167/click - {}
RESULT: {}
COMMAND: GET /session/be70287e4f4cadcf3f1092f2387a5597/screenshot - {}
RESULT: undefined
COMMAND: POST /session/be70287e4f4cadcf3f1092f2387a5597/element - {"using":"xpath","value":"//*[@id=\"__tile118\"]"}
RESULT: {}
RESULT: {"using":"xpath","value":"//*[@id=\"__tile118\"]"}
COMMAND: POST /session/be70287e4f4cadcf3f1092f2387a5597/element/f.ADED239B795CA95CF93BAE70182185CF.d.612FD643C83522FEBC103406F3B360FA.e.5167/click - {}
RESULT: undefined
COMMAND: POST /session/be70287e4f4cadcf3f1092f2387a5597/element - {"using":"xpath","value":"//*[@id=\"__tile118\"]"}
RESULT: {"using":"xpath","value":"//*[@id=\"__tile118\"]"}
COMMAND: POST /session/be70287e4f4cadcf3f1092f2387a5597/element/f.ADED239B795CA95CF93BAE70182185CF.d.612FD643C83522FEBC103406F3B360FA.e.5167/click - {}
RESULT: undefined
COMMAND: POST /session/be70287e4f4cadcf3f1092f2387a5597/execute/async - {"script":"<script> [6424 bytes]","args":[{"element-6066-11e4-a52e-4f735466cecf":"f.ADED239B795CA95CF93BAE70182185CF.d.612FD643C83522FEBC103406F3B360FA.e.288"},"getTitle",[]]}
COMMAND: POST /session/be70287e4f4cadcf3f1092f2387a5597/execute/async - {"script":"<script> [1562 bytes]","args":[{"selector":{"id":"shellAppTitle"},"wdio_ui5_key":"shellAppTitle"}]}
RESULT: {"script":"<script> [1562 bytes]","args":[{"selector":{"id":"shellAppTitle"},"wdio_ui5_key":"shellAppTitle"}]}
COMMAND: POST /session/be70287e4f4cadcf3f1092f2387a5597/execute/async - {"script":"<script> [6424 bytes]","args":[{"element-6066-11e4-a52e-4f735466cecf":"f.ADED239B795CA95CF93BAE70182185CF.d.612FD643C83522FEBC103406F3B360FA.e.5261"},"getTitle",[]]}
RESULT: {"script":"<script> [6424 bytes]","args":[{"element-6066-11e4-a52e-4f735466cecf":"f.ADED239B795CA95CF93BAE70182185CF.d.612FD643C83522FEBC103406F3B360FA.e.5261"},"getTitle",[]]}
RESULT: undefined
COMMAND: POST /session/be70287e4f4cadcf3f1092f2387a5597/element/f.ADED239B795CA95CF93BAE70182185CF.d.612FD643C83522FEBC103406F3B360FA.e.5165/click - {}
RESULT: {}
COMMAND: GET /session/be70287e4f4cadcf3f1092f2387a5597/screenshot - {}
RESULT: {}
]]></system-out>
    </testcase>
    <testcase classname="chrome.135_0_7049_42.windows.Sanity_Tests_US104253" name="Should open User Maintenance page" time="34.205">
      <system-out><![CDATA[
COMMAND: POST /session/be70287e4f4cadcf3f1092f2387a5597/execute/async - {"script":"<script> [1562 bytes]","args":[{"selector":{"controlType":"sap.m.GenericTile","properties":{"header":"User Maintenance"}},"wdio_ui5_key":"sapm.GenericTile{\"header\":\"User Maintenance\"}"}]}
RESULT: {"script":"<script> [1562 bytes]","args":[{"selector":{"controlType":"sap.m.GenericTile","properties":{"header":"User Maintenance"}},"wdio_ui5_key":"sapm.GenericTile{\"header\":\"User Maintenance\"}"}]}
RESULT: undefined
COMMAND: POST /session/be70287e4f4cadcf3f1092f2387a5597/element - {"using":"xpath","value":"//*[@id=\"__tile121\"]"}
RESULT: {"using":"xpath","value":"//*[@id=\"__tile121\"]"}
COMMAND: POST /session/be70287e4f4cadcf3f1092f2387a5597/element/f.ADED239B795CA95CF93BAE70182185CF.d.612FD643C83522FEBC103406F3B360FA.e.5263/click - {}
RESULT: {}
COMMAND: GET /session/be70287e4f4cadcf3f1092f2387a5597/screenshot - {}
RESULT: {}
RESULT: undefined
COMMAND: POST /session/be70287e4f4cadcf3f1092f2387a5597/element - {"using":"xpath","value":"//*[@id=\"__tile121\"]"}
RESULT: {"using":"xpath","value":"//*[@id=\"__tile121\"]"}
COMMAND: POST /session/be70287e4f4cadcf3f1092f2387a5597/element/f.ADED239B795CA95CF93BAE70182185CF.d.612FD643C83522FEBC103406F3B360FA.e.5263/click - {}
RESULT: undefined
COMMAND: POST /session/be70287e4f4cadcf3f1092f2387a5597/element - {"using":"xpath","value":"//*[@id=\"__tile121\"]"}
RESULT: {"using":"xpath","value":"//*[@id=\"__tile121\"]"}
COMMAND: POST /session/be70287e4f4cadcf3f1092f2387a5597/element/f.ADED239B795CA95CF93BAE70182185CF.d.612FD643C83522FEBC103406F3B360FA.e.5263/click - {}
RESULT: undefined
COMMAND: POST /session/be70287e4f4cadcf3f1092f2387a5597/execute/async - {"script":"<script> [6424 bytes]","args":[{"element-6066-11e4-a52e-4f735466cecf":"f.ADED239B795CA95CF93BAE70182185CF.d.612FD643C83522FEBC103406F3B360FA.e.288"},"getTitle",[]]}
COMMAND: POST /session/be70287e4f4cadcf3f1092f2387a5597/execute/async - {"script":"<script> [1562 bytes]","args":[{"selector":{"id":"shellAppTitle"},"wdio_ui5_key":"shellAppTitle"}]}
RESULT: {"script":"<script> [1562 bytes]","args":[{"selector":{"id":"shellAppTitle"},"wdio_ui5_key":"shellAppTitle"}]}
COMMAND: POST /session/be70287e4f4cadcf3f1092f2387a5597/execute/async - {"script":"<script> [6424 bytes]","args":[{"element-6066-11e4-a52e-4f735466cecf":"f.ADED239B795CA95CF93BAE70182185CF.d.612FD643C83522FEBC103406F3B360FA.e.5353"},"getTitle",[]]}
RESULT: {"script":"<script> [6424 bytes]","args":[{"element-6066-11e4-a52e-4f735466cecf":"f.ADED239B795CA95CF93BAE70182185CF.d.612FD643C83522FEBC103406F3B360FA.e.5353"},"getTitle",[]]}
RESULT: undefined
COMMAND: POST /session/be70287e4f4cadcf3f1092f2387a5597/element/f.ADED239B795CA95CF93BAE70182185CF.d.612FD643C83522FEBC103406F3B360FA.e.5165/click - {}
COMMAND: POST /session/be70287e4f4cadcf3f1092f2387a5597/element - {"using":"xpath","value":"//*[@id=\"backBtn\"]"}
RESULT: {"using":"xpath","value":"//*[@id=\"backBtn\"]"}
COMMAND: POST /session/be70287e4f4cadcf3f1092f2387a5597/element/f.ADED239B795CA95CF93BAE70182185CF.d.612FD643C83522FEBC103406F3B360FA.e.5165/click - {}
COMMAND: POST /session/be70287e4f4cadcf3f1092f2387a5597/element - {"using":"xpath","value":"//*[@id=\"backBtn\"]"}
RESULT: {"using":"xpath","value":"//*[@id=\"backBtn\"]"}
COMMAND: POST /session/be70287e4f4cadcf3f1092f2387a5597/element/f.ADED239B795CA95CF93BAE70182185CF.d.612FD643C83522FEBC103406F3B360FA.e.5354/click - {}
RESULT: {}
COMMAND: GET /session/be70287e4f4cadcf3f1092f2387a5597/screenshot - {}
RESULT: {}
]]></system-out>
    </testcase>
    <testcase classname="chrome.135_0_7049_42.windows.Sanity_Tests_US104253" name="Should open Schedule Jobs page" time="25.94">
      <system-out><![CDATA[
COMMAND: POST /session/be70287e4f4cadcf3f1092f2387a5597/execute/async - {"script":"<script> [1562 bytes]","args":[{"selector":{"controlType":"sap.m.GenericTile","properties":{"header":"Schedule Jobs"}},"wdio_ui5_key":"sapm.GenericTile{\"header\":\"Schedule Jobs\"}"}]}
RESULT: {"script":"<script> [1562 bytes]","args":[{"selector":{"controlType":"sap.m.GenericTile","properties":{"header":"Schedule Jobs"}},"wdio_ui5_key":"sapm.GenericTile{\"header\":\"Schedule Jobs\"}"}]}
RESULT: undefined
COMMAND: POST /session/be70287e4f4cadcf3f1092f2387a5597/element - {"using":"xpath","value":"//*[@id=\"__tile127\"]"}
RESULT: {"using":"xpath","value":"//*[@id=\"__tile127\"]"}
COMMAND: POST /session/be70287e4f4cadcf3f1092f2387a5597/element/f.ADED239B795CA95CF93BAE70182185CF.d.612FD643C83522FEBC103406F3B360FA.e.5356/click - {}
RESULT: {}
COMMAND: GET /session/be70287e4f4cadcf3f1092f2387a5597/screenshot - {}
RESULT: {}
RESULT: undefined
COMMAND: POST /session/be70287e4f4cadcf3f1092f2387a5597/element - {"using":"xpath","value":"//*[@id=\"__tile127\"]"}
RESULT: {"using":"xpath","value":"//*[@id=\"__tile127\"]"}
COMMAND: POST /session/be70287e4f4cadcf3f1092f2387a5597/element/f.ADED239B795CA95CF93BAE70182185CF.d.612FD643C83522FEBC103406F3B360FA.e.5356/click - {}
RESULT: undefined
COMMAND: POST /session/be70287e4f4cadcf3f1092f2387a5597/element - {"using":"xpath","value":"//*[@id=\"__tile127\"]"}
RESULT: {"using":"xpath","value":"//*[@id=\"__tile127\"]"}
COMMAND: POST /session/be70287e4f4cadcf3f1092f2387a5597/element/f.ADED239B795CA95CF93BAE70182185CF.d.612FD643C83522FEBC103406F3B360FA.e.5356/click - {}
RESULT: undefined
COMMAND: POST /session/be70287e4f4cadcf3f1092f2387a5597/execute/async - {"script":"<script> [6424 bytes]","args":[{"element-6066-11e4-a52e-4f735466cecf":"f.ADED239B795CA95CF93BAE70182185CF.d.612FD643C83522FEBC103406F3B360FA.e.288"},"getTitle",[]]}
COMMAND: POST /session/be70287e4f4cadcf3f1092f2387a5597/execute/async - {"script":"<script> [1562 bytes]","args":[{"selector":{"id":"shellAppTitle"},"wdio_ui5_key":"shellAppTitle"}]}
RESULT: {"script":"<script> [1562 bytes]","args":[{"selector":{"id":"shellAppTitle"},"wdio_ui5_key":"shellAppTitle"}]}
COMMAND: POST /session/be70287e4f4cadcf3f1092f2387a5597/execute/async - {"script":"<script> [6424 bytes]","args":[{"element-6066-11e4-a52e-4f735466cecf":"f.ADED239B795CA95CF93BAE70182185CF.d.612FD643C83522FEBC103406F3B360FA.e.5400"},"getTitle",[]]}
RESULT: {"script":"<script> [6424 bytes]","args":[{"element-6066-11e4-a52e-4f735466cecf":"f.ADED239B795CA95CF93BAE70182185CF.d.612FD643C83522FEBC103406F3B360FA.e.5400"},"getTitle",[]]}
RESULT: undefined
COMMAND: POST /session/be70287e4f4cadcf3f1092f2387a5597/element/f.ADED239B795CA95CF93BAE70182185CF.d.612FD643C83522FEBC103406F3B360FA.e.5354/click - {}
COMMAND: POST /session/be70287e4f4cadcf3f1092f2387a5597/element/f.ADED239B795CA95CF93BAE70182185CF.d.612FD643C83522FEBC103406F3B360FA.e.5354/click - {}
RESULT: {}
COMMAND: GET /session/be70287e4f4cadcf3f1092f2387a5597/screenshot - {}
COMMAND: POST /session/be70287e4f4cadcf3f1092f2387a5597/element - {"using":"xpath","value":"//*[@id=\"backBtn\"]"}
RESULT: {}
RESULT: {"using":"xpath","value":"//*[@id=\"backBtn\"]"}
COMMAND: POST /session/be70287e4f4cadcf3f1092f2387a5597/elements - {"using":"xpath","value":"//*[@id=\"backBtn\"]"}
RESULT: {"using":"xpath","value":"//*[@id=\"backBtn\"]"}
COMMAND: POST /session/be70287e4f4cadcf3f1092f2387a5597/elements - {"using":"xpath","value":"//*[@id=\"backBtn\"]"}
RESULT: {"using":"xpath","value":"//*[@id=\"backBtn\"]"}
COMMAND: POST /session/be70287e4f4cadcf3f1092f2387a5597/elements - {"using":"xpath","value":"//*[@id=\"backBtn\"]"}
RESULT: {"using":"xpath","value":"//*[@id=\"backBtn\"]"}
COMMAND: POST /session/be70287e4f4cadcf3f1092f2387a5597/elements - {"using":"xpath","value":"//*[@id=\"backBtn\"]"}
RESULT: {"using":"xpath","value":"//*[@id=\"backBtn\"]"}
COMMAND: POST /session/be70287e4f4cadcf3f1092f2387a5597/elements - {"using":"xpath","value":"//*[@id=\"backBtn\"]"}
RESULT: {"using":"xpath","value":"//*[@id=\"backBtn\"]"}
COMMAND: POST /session/be70287e4f4cadcf3f1092f2387a5597/elements - {"using":"xpath","value":"//*[@id=\"backBtn\"]"}
RESULT: {"using":"xpath","value":"//*[@id=\"backBtn\"]"}
COMMAND: POST /session/be70287e4f4cadcf3f1092f2387a5597/elements - {"using":"xpath","value":"//*[@id=\"backBtn\"]"}
RESULT: {"using":"xpath","value":"//*[@id=\"backBtn\"]"}
COMMAND: POST /session/be70287e4f4cadcf3f1092f2387a5597/elements - {"using":"xpath","value":"//*[@id=\"backBtn\"]"}
RESULT: {"using":"xpath","value":"//*[@id=\"backBtn\"]"}
COMMAND: POST /session/be70287e4f4cadcf3f1092f2387a5597/elements - {"using":"xpath","value":"//*[@id=\"backBtn\"]"}
RESULT: {"using":"xpath","value":"//*[@id=\"backBtn\"]"}
COMMAND: POST /session/be70287e4f4cadcf3f1092f2387a5597/elements - {"using":"xpath","value":"//*[@id=\"backBtn\"]"}
RESULT: {"using":"xpath","value":"//*[@id=\"backBtn\"]"}
COMMAND: POST /session/be70287e4f4cadcf3f1092f2387a5597/elements - {"using":"xpath","value":"//*[@id=\"backBtn\"]"}
RESULT: {"using":"xpath","value":"//*[@id=\"backBtn\"]"}
COMMAND: POST /session/be70287e4f4cadcf3f1092f2387a5597/elements - {"using":"xpath","value":"//*[@id=\"backBtn\"]"}
RESULT: {"using":"xpath","value":"//*[@id=\"backBtn\"]"}
COMMAND: POST /session/be70287e4f4cadcf3f1092f2387a5597/elements - {"using":"xpath","value":"//*[@id=\"backBtn\"]"}
RESULT: {"using":"xpath","value":"//*[@id=\"backBtn\"]"}
COMMAND: POST /session/be70287e4f4cadcf3f1092f2387a5597/elements - {"using":"xpath","value":"//*[@id=\"backBtn\"]"}
RESULT: {"using":"xpath","value":"//*[@id=\"backBtn\"]"}
COMMAND: POST /session/be70287e4f4cadcf3f1092f2387a5597/elements - {"using":"xpath","value":"//*[@id=\"backBtn\"]"}
RESULT: {"using":"xpath","value":"//*[@id=\"backBtn\"]"}
COMMAND: POST /session/be70287e4f4cadcf3f1092f2387a5597/elements - {"using":"xpath","value":"//*[@id=\"backBtn\"]"}
RESULT: {"using":"xpath","value":"//*[@id=\"backBtn\"]"}
COMMAND: POST /session/be70287e4f4cadcf3f1092f2387a5597/elements - {"using":"xpath","value":"//*[@id=\"backBtn\"]"}
RESULT: {"using":"xpath","value":"//*[@id=\"backBtn\"]"}
COMMAND: POST /session/be70287e4f4cadcf3f1092f2387a5597/elements - {"using":"xpath","value":"//*[@id=\"backBtn\"]"}
RESULT: {"using":"xpath","value":"//*[@id=\"backBtn\"]"}
COMMAND: POST /session/be70287e4f4cadcf3f1092f2387a5597/elements - {"using":"xpath","value":"//*[@id=\"backBtn\"]"}
RESULT: {"using":"xpath","value":"//*[@id=\"backBtn\"]"}
]]></system-out>
    </testcase>
    <testcase classname="chrome.135_0_7049_42.windows.Sanity_Tests_US104253" name="Should open Jobs Setup page" time="25.953">
      <system-out><![CDATA[
COMMAND: POST /session/be70287e4f4cadcf3f1092f2387a5597/execute/async - {"script":"<script> [1562 bytes]","args":[{"selector":{"controlType":"sap.m.GenericTile","properties":{"header":"Jobs Setup"}},"wdio_ui5_key":"sapm.GenericTile{\"header\":\"Jobs Setup\"}"}]}
COMMAND: POST /session/be70287e4f4cadcf3f1092f2387a5597/elements - {"using":"xpath","value":"//*[@id=\"backBtn\"]"}
RESULT: {"script":"<script> [1562 bytes]","args":[{"selector":{"controlType":"sap.m.GenericTile","properties":{"header":"Jobs Setup"}},"wdio_ui5_key":"sapm.GenericTile{\"header\":\"Jobs Setup\"}"}]}
RESULT: undefined
COMMAND: POST /session/be70287e4f4cadcf3f1092f2387a5597/element - {"using":"xpath","value":"//*[@id=\"__tile128\"]"}
RESULT: {"using":"xpath","value":"//*[@id=\"backBtn\"]"}
RESULT: {"using":"xpath","value":"//*[@id=\"__tile128\"]"}
COMMAND: POST /session/be70287e4f4cadcf3f1092f2387a5597/element/f.ADED239B795CA95CF93BAE70182185CF.d.612FD643C83522FEBC103406F3B360FA.e.5402/click - {}
COMMAND: POST /session/be70287e4f4cadcf3f1092f2387a5597/elements - {"using":"xpath","value":"//*[@id=\"backBtn\"]"}
RESULT: {}
COMMAND: GET /session/be70287e4f4cadcf3f1092f2387a5597/screenshot - {}
RESULT: {"using":"xpath","value":"//*[@id=\"backBtn\"]"}
RESULT: {}
COMMAND: POST /session/be70287e4f4cadcf3f1092f2387a5597/elements - {"using":"xpath","value":"//*[@id=\"backBtn\"]"}
RESULT: {"using":"xpath","value":"//*[@id=\"backBtn\"]"}
COMMAND: POST /session/be70287e4f4cadcf3f1092f2387a5597/element - {"using":"xpath","value":"//*[@id=\"backBtn\"]"}
RESULT: {"using":"xpath","value":"//*[@id=\"backBtn\"]"}
COMMAND: POST /session/be70287e4f4cadcf3f1092f2387a5597/element/f.ADED239B795CA95CF93BAE70182185CF.d.612FD643C83522FEBC103406F3B360FA.e.5354/click - {}
COMMAND: POST /session/be70287e4f4cadcf3f1092f2387a5597/element - {"using":"xpath","value":"//*[@id=\"backBtn\"]"}
RESULT: {"using":"xpath","value":"//*[@id=\"backBtn\"]"}
COMMAND: POST /session/be70287e4f4cadcf3f1092f2387a5597/element/f.ADED239B795CA95CF93BAE70182185CF.d.612FD643C83522FEBC103406F3B360FA.e.5457/click - {}
RESULT: {}
COMMAND: GET /session/be70287e4f4cadcf3f1092f2387a5597/screenshot - {}
RESULT: {}
RESULT: undefined
COMMAND: POST /session/be70287e4f4cadcf3f1092f2387a5597/element - {"using":"xpath","value":"//*[@id=\"__tile128\"]"}
RESULT: {"using":"xpath","value":"//*[@id=\"__tile128\"]"}
COMMAND: POST /session/be70287e4f4cadcf3f1092f2387a5597/element/f.ADED239B795CA95CF93BAE70182185CF.d.612FD643C83522FEBC103406F3B360FA.e.5402/click - {}
RESULT: undefined
COMMAND: POST /session/be70287e4f4cadcf3f1092f2387a5597/element - {"using":"xpath","value":"//*[@id=\"__tile128\"]"}
RESULT: {"using":"xpath","value":"//*[@id=\"__tile128\"]"}
COMMAND: POST /session/be70287e4f4cadcf3f1092f2387a5597/element/f.ADED239B795CA95CF93BAE70182185CF.d.612FD643C83522FEBC103406F3B360FA.e.5402/click - {}
RESULT: undefined
COMMAND: POST /session/be70287e4f4cadcf3f1092f2387a5597/execute/async - {"script":"<script> [6424 bytes]","args":[{"element-6066-11e4-a52e-4f735466cecf":"f.ADED239B795CA95CF93BAE70182185CF.d.612FD643C83522FEBC103406F3B360FA.e.288"},"getTitle",[]]}
COMMAND: POST /session/be70287e4f4cadcf3f1092f2387a5597/execute/async - {"script":"<script> [1562 bytes]","args":[{"selector":{"id":"shellAppTitle"},"wdio_ui5_key":"shellAppTitle"}]}
RESULT: {"script":"<script> [1562 bytes]","args":[{"selector":{"id":"shellAppTitle"},"wdio_ui5_key":"shellAppTitle"}]}
COMMAND: POST /session/be70287e4f4cadcf3f1092f2387a5597/execute/async - {"script":"<script> [6424 bytes]","args":[{"element-6066-11e4-a52e-4f735466cecf":"f.ADED239B795CA95CF93BAE70182185CF.d.612FD643C83522FEBC103406F3B360FA.e.5490"},"getTitle",[]]}
RESULT: {"script":"<script> [6424 bytes]","args":[{"element-6066-11e4-a52e-4f735466cecf":"f.ADED239B795CA95CF93BAE70182185CF.d.612FD643C83522FEBC103406F3B360FA.e.5490"},"getTitle",[]]}
RESULT: undefined
COMMAND: POST /session/be70287e4f4cadcf3f1092f2387a5597/element/f.ADED239B795CA95CF93BAE70182185CF.d.612FD643C83522FEBC103406F3B360FA.e.5457/click - {}
COMMAND: POST /session/be70287e4f4cadcf3f1092f2387a5597/element/f.ADED239B795CA95CF93BAE70182185CF.d.612FD643C83522FEBC103406F3B360FA.e.5457/click - {}
RESULT: {}
COMMAND: GET /session/be70287e4f4cadcf3f1092f2387a5597/screenshot - {}
RESULT: {}
COMMAND: GET /session/be70287e4f4cadcf3f1092f2387a5597/screenshot - {}
RESULT: {}
RESULT: {}
]]></system-out>
    </testcase>
    <testcase classname="chrome.135_0_7049_42.windows.Sanity_Tests_US104253" name="Should open Target Systems Configuration page" time="25.871">
      <system-out><![CDATA[
COMMAND: POST /session/be70287e4f4cadcf3f1092f2387a5597/execute/async - {"script":"<script> [1562 bytes]","args":[{"selector":{"controlType":"sap.m.GenericTile","properties":{"header":"Target Systems Configuration"}},"wdio_ui5_key":"sapm.GenericTile{\"header\":\"Target Systems Configuration\"}"}]}
RESULT: {"script":"<script> [1562 bytes]","args":[{"selector":{"controlType":"sap.m.GenericTile","properties":{"header":"Target Systems Configuration"}},"wdio_ui5_key":"sapm.GenericTile{\"header\":\"Target Systems Configuration\"}"}]}
RESULT: undefined
COMMAND: POST /session/be70287e4f4cadcf3f1092f2387a5597/element - {"using":"xpath","value":"//*[@id=\"__tile129\"]"}
RESULT: {"using":"xpath","value":"//*[@id=\"__tile129\"]"}
COMMAND: POST /session/be70287e4f4cadcf3f1092f2387a5597/element/f.ADED239B795CA95CF93BAE70182185CF.d.612FD643C83522FEBC103406F3B360FA.e.5492/click - {}
RESULT: {}
COMMAND: GET /session/be70287e4f4cadcf3f1092f2387a5597/screenshot - {}
RESULT: {}
RESULT: undefined
COMMAND: POST /session/be70287e4f4cadcf3f1092f2387a5597/element - {"using":"xpath","value":"//*[@id=\"__tile129\"]"}
RESULT: {"using":"xpath","value":"//*[@id=\"__tile129\"]"}
COMMAND: POST /session/be70287e4f4cadcf3f1092f2387a5597/element/f.ADED239B795CA95CF93BAE70182185CF.d.612FD643C83522FEBC103406F3B360FA.e.5492/click - {}
RESULT: undefined
COMMAND: POST /session/be70287e4f4cadcf3f1092f2387a5597/element - {"using":"xpath","value":"//*[@id=\"__tile129\"]"}
RESULT: {"using":"xpath","value":"//*[@id=\"__tile129\"]"}
COMMAND: POST /session/be70287e4f4cadcf3f1092f2387a5597/element/f.ADED239B795CA95CF93BAE70182185CF.d.612FD643C83522FEBC103406F3B360FA.e.5492/click - {}
RESULT: undefined
COMMAND: POST /session/be70287e4f4cadcf3f1092f2387a5597/execute/async - {"script":"<script> [6424 bytes]","args":[{"element-6066-11e4-a52e-4f735466cecf":"f.ADED239B795CA95CF93BAE70182185CF.d.612FD643C83522FEBC103406F3B360FA.e.288"},"getTitle",[]]}
COMMAND: POST /session/be70287e4f4cadcf3f1092f2387a5597/execute/async - {"script":"<script> [1562 bytes]","args":[{"selector":{"id":"shellAppTitle"},"wdio_ui5_key":"shellAppTitle"}]}
RESULT: {"script":"<script> [1562 bytes]","args":[{"selector":{"id":"shellAppTitle"},"wdio_ui5_key":"shellAppTitle"}]}
COMMAND: POST /session/be70287e4f4cadcf3f1092f2387a5597/execute/async - {"script":"<script> [6424 bytes]","args":[{"element-6066-11e4-a52e-4f735466cecf":"f.ADED239B795CA95CF93BAE70182185CF.d.612FD643C83522FEBC103406F3B360FA.e.5544"},"getTitle",[]]}
RESULT: {"script":"<script> [6424 bytes]","args":[{"element-6066-11e4-a52e-4f735466cecf":"f.ADED239B795CA95CF93BAE70182185CF.d.612FD643C83522FEBC103406F3B360FA.e.5544"},"getTitle",[]]}
RESULT: undefined
COMMAND: POST /session/be70287e4f4cadcf3f1092f2387a5597/element/f.ADED239B795CA95CF93BAE70182185CF.d.612FD643C83522FEBC103406F3B360FA.e.5457/click - {}
COMMAND: POST /session/be70287e4f4cadcf3f1092f2387a5597/element/f.ADED239B795CA95CF93BAE70182185CF.d.612FD643C83522FEBC103406F3B360FA.e.5457/click - {}
RESULT: {}
COMMAND: GET /session/be70287e4f4cadcf3f1092f2387a5597/screenshot - {}
COMMAND: POST /session/be70287e4f4cadcf3f1092f2387a5597/element - {"using":"xpath","value":"//*[@id=\"backBtn\"]"}
RESULT: {}
RESULT: {"using":"xpath","value":"//*[@id=\"backBtn\"]"}
COMMAND: POST /session/be70287e4f4cadcf3f1092f2387a5597/elements - {"using":"xpath","value":"//*[@id=\"backBtn\"]"}
RESULT: {"using":"xpath","value":"//*[@id=\"backBtn\"]"}
COMMAND: POST /session/be70287e4f4cadcf3f1092f2387a5597/elements - {"using":"xpath","value":"//*[@id=\"backBtn\"]"}
RESULT: {"using":"xpath","value":"//*[@id=\"backBtn\"]"}
COMMAND: POST /session/be70287e4f4cadcf3f1092f2387a5597/elements - {"using":"xpath","value":"//*[@id=\"backBtn\"]"}
RESULT: {"using":"xpath","value":"//*[@id=\"backBtn\"]"}
COMMAND: POST /session/be70287e4f4cadcf3f1092f2387a5597/elements - {"using":"xpath","value":"//*[@id=\"backBtn\"]"}
RESULT: {"using":"xpath","value":"//*[@id=\"backBtn\"]"}
COMMAND: POST /session/be70287e4f4cadcf3f1092f2387a5597/elements - {"using":"xpath","value":"//*[@id=\"backBtn\"]"}
RESULT: {"using":"xpath","value":"//*[@id=\"backBtn\"]"}
COMMAND: POST /session/be70287e4f4cadcf3f1092f2387a5597/elements - {"using":"xpath","value":"//*[@id=\"backBtn\"]"}
RESULT: {"using":"xpath","value":"//*[@id=\"backBtn\"]"}
COMMAND: POST /session/be70287e4f4cadcf3f1092f2387a5597/elements - {"using":"xpath","value":"//*[@id=\"backBtn\"]"}
RESULT: {"using":"xpath","value":"//*[@id=\"backBtn\"]"}
COMMAND: POST /session/be70287e4f4cadcf3f1092f2387a5597/elements - {"using":"xpath","value":"//*[@id=\"backBtn\"]"}
RESULT: {"using":"xpath","value":"//*[@id=\"backBtn\"]"}
COMMAND: POST /session/be70287e4f4cadcf3f1092f2387a5597/elements - {"using":"xpath","value":"//*[@id=\"backBtn\"]"}
RESULT: {"using":"xpath","value":"//*[@id=\"backBtn\"]"}
COMMAND: POST /session/be70287e4f4cadcf3f1092f2387a5597/elements - {"using":"xpath","value":"//*[@id=\"backBtn\"]"}
RESULT: {"using":"xpath","value":"//*[@id=\"backBtn\"]"}
COMMAND: POST /session/be70287e4f4cadcf3f1092f2387a5597/elements - {"using":"xpath","value":"//*[@id=\"backBtn\"]"}
RESULT: {"using":"xpath","value":"//*[@id=\"backBtn\"]"}
COMMAND: POST /session/be70287e4f4cadcf3f1092f2387a5597/elements - {"using":"xpath","value":"//*[@id=\"backBtn\"]"}
RESULT: {"using":"xpath","value":"//*[@id=\"backBtn\"]"}
COMMAND: POST /session/be70287e4f4cadcf3f1092f2387a5597/elements - {"using":"xpath","value":"//*[@id=\"backBtn\"]"}
RESULT: {"using":"xpath","value":"//*[@id=\"backBtn\"]"}
COMMAND: POST /session/be70287e4f4cadcf3f1092f2387a5597/elements - {"using":"xpath","value":"//*[@id=\"backBtn\"]"}
RESULT: {"using":"xpath","value":"//*[@id=\"backBtn\"]"}
COMMAND: POST /session/be70287e4f4cadcf3f1092f2387a5597/elements - {"using":"xpath","value":"//*[@id=\"backBtn\"]"}
RESULT: {"using":"xpath","value":"//*[@id=\"backBtn\"]"}
COMMAND: POST /session/be70287e4f4cadcf3f1092f2387a5597/elements - {"using":"xpath","value":"//*[@id=\"backBtn\"]"}
RESULT: {"using":"xpath","value":"//*[@id=\"backBtn\"]"}
COMMAND: POST /session/be70287e4f4cadcf3f1092f2387a5597/elements - {"using":"xpath","value":"//*[@id=\"backBtn\"]"}
RESULT: {"using":"xpath","value":"//*[@id=\"backBtn\"]"}
COMMAND: POST /session/be70287e4f4cadcf3f1092f2387a5597/elements - {"using":"xpath","value":"//*[@id=\"backBtn\"]"}
RESULT: {"using":"xpath","value":"//*[@id=\"backBtn\"]"}
COMMAND: POST /session/be70287e4f4cadcf3f1092f2387a5597/elements - {"using":"xpath","value":"//*[@id=\"backBtn\"]"}
RESULT: {"using":"xpath","value":"//*[@id=\"backBtn\"]"}
COMMAND: POST /session/be70287e4f4cadcf3f1092f2387a5597/elements - {"using":"xpath","value":"//*[@id=\"backBtn\"]"}
RESULT: {"using":"xpath","value":"//*[@id=\"backBtn\"]"}
COMMAND: POST /session/be70287e4f4cadcf3f1092f2387a5597/elements - {"using":"xpath","value":"//*[@id=\"backBtn\"]"}
RESULT: {"using":"xpath","value":"//*[@id=\"backBtn\"]"}
COMMAND: POST /session/be70287e4f4cadcf3f1092f2387a5597/elements - {"using":"xpath","value":"//*[@id=\"backBtn\"]"}
RESULT: {"using":"xpath","value":"//*[@id=\"backBtn\"]"}
COMMAND: POST /session/be70287e4f4cadcf3f1092f2387a5597/elements - {"using":"xpath","value":"//*[@id=\"backBtn\"]"}
RESULT: {"using":"xpath","value":"//*[@id=\"backBtn\"]"}
COMMAND: POST /session/be70287e4f4cadcf3f1092f2387a5597/elements - {"using":"xpath","value":"//*[@id=\"backBtn\"]"}
RESULT: {"using":"xpath","value":"//*[@id=\"backBtn\"]"}
COMMAND: POST /session/be70287e4f4cadcf3f1092f2387a5597/elements - {"using":"xpath","value":"//*[@id=\"backBtn\"]"}
RESULT: {"using":"xpath","value":"//*[@id=\"backBtn\"]"}
COMMAND: POST /session/be70287e4f4cadcf3f1092f2387a5597/elements - {"using":"xpath","value":"//*[@id=\"backBtn\"]"}
RESULT: {"using":"xpath","value":"//*[@id=\"backBtn\"]"}
COMMAND: POST /session/be70287e4f4cadcf3f1092f2387a5597/elements - {"using":"xpath","value":"//*[@id=\"backBtn\"]"}
RESULT: {"using":"xpath","value":"//*[@id=\"backBtn\"]"}
COMMAND: POST /session/be70287e4f4cadcf3f1092f2387a5597/elements - {"using":"xpath","value":"//*[@id=\"backBtn\"]"}
RESULT: {"using":"xpath","value":"//*[@id=\"backBtn\"]"}
COMMAND: POST /session/be70287e4f4cadcf3f1092f2387a5597/elements - {"using":"xpath","value":"//*[@id=\"backBtn\"]"}
RESULT: {"using":"xpath","value":"//*[@id=\"backBtn\"]"}
COMMAND: POST /session/be70287e4f4cadcf3f1092f2387a5597/elements - {"using":"xpath","value":"//*[@id=\"backBtn\"]"}
RESULT: {"using":"xpath","value":"//*[@id=\"backBtn\"]"}
COMMAND: POST /session/be70287e4f4cadcf3f1092f2387a5597/elements - {"using":"xpath","value":"//*[@id=\"backBtn\"]"}
RESULT: {"using":"xpath","value":"//*[@id=\"backBtn\"]"}
COMMAND: POST /session/be70287e4f4cadcf3f1092f2387a5597/elements - {"using":"xpath","value":"//*[@id=\"backBtn\"]"}
RESULT: {"using":"xpath","value":"//*[@id=\"backBtn\"]"}
COMMAND: POST /session/be70287e4f4cadcf3f1092f2387a5597/elements - {"using":"xpath","value":"//*[@id=\"backBtn\"]"}
RESULT: {"using":"xpath","value":"//*[@id=\"backBtn\"]"}
COMMAND: POST /session/be70287e4f4cadcf3f1092f2387a5597/elements - {"using":"xpath","value":"//*[@id=\"backBtn\"]"}
RESULT: {"using":"xpath","value":"//*[@id=\"backBtn\"]"}
COMMAND: POST /session/be70287e4f4cadcf3f1092f2387a5597/elements - {"using":"xpath","value":"//*[@id=\"backBtn\"]"}
RESULT: {"using":"xpath","value":"//*[@id=\"backBtn\"]"}
COMMAND: POST /session/be70287e4f4cadcf3f1092f2387a5597/elements - {"using":"xpath","value":"//*[@id=\"backBtn\"]"}
RESULT: {"using":"xpath","value":"//*[@id=\"backBtn\"]"}
COMMAND: POST /session/be70287e4f4cadcf3f1092f2387a5597/elements - {"using":"xpath","value":"//*[@id=\"backBtn\"]"}
RESULT: {"using":"xpath","value":"//*[@id=\"backBtn\"]"}
COMMAND: POST /session/be70287e4f4cadcf3f1092f2387a5597/elements - {"using":"xpath","value":"//*[@id=\"backBtn\"]"}
RESULT: {"using":"xpath","value":"//*[@id=\"backBtn\"]"}
COMMAND: POST /session/be70287e4f4cadcf3f1092f2387a5597/elements - {"using":"xpath","value":"//*[@id=\"backBtn\"]"}
RESULT: {"using":"xpath","value":"//*[@id=\"backBtn\"]"}
COMMAND: DELETE /session/be70287e4f4cadcf3f1092f2387a5597 - {}
COMMAND: POST /session/be70287e4f4cadcf3f1092f2387a5597/elements - {"using":"xpath","value":"//*[@id=\"backBtn\"]"}
RESULT: {}
]]></system-out>
    </testcase>
  </testsuite>
</testsuites>