<?xml version="1.0" encoding="UTF-8"?>
<testsuites tests="4" failures="3" errors="3" skipped="0">
  <testsuite timestamp="2025-05-07T16:51:55" time="358.439" tests="4" failures="3" errors="3" skipped="0">
    <properties>
      <property name="specId" value="0" />
      <property name="suiteName" value="ISC Create schedule with time schedule with counter US138269" />
      <property name="capabilities" value="chrome.136_0_7103_49.windows" />
      <property name="file" value="file:///D:/a/1/s/test/specs/ISC/create-schedule-with-time-schedule-with-counter.spec.js" />
    </properties>
    <testcase classname="chrome.136_0_7103_49.windows.ISC_Create_schedule_with_time_schedule_with_counter_US138269" name="Should create a new RU with counter" time="160.152">
      <system-out><![CDATA[
COMMAND: POST /session/36d5c96d12068b5d84cd856e3e2463e4/execute/async - {"script":"<script> [1562 bytes]","args":[{"selector":{"controlType":"sap.m.GenericTile","properties":{"header":"Manage Resources"}},"wdio_ui5_key":"sapm.GenericTile{\"header\":\"Manage Resources\"}"}]}
RESULT: {"script":"<script> [1562 bytes]","args":[{"selector":{"controlType":"sap.m.GenericTile","properties":{"header":"Manage Resources"}},"wdio_ui5_key":"sapm.GenericTile{\"header\":\"Manage Resources\"}"}]}
RESULT: undefined
COMMAND: POST /session/36d5c96d12068b5d84cd856e3e2463e4/element - {"using":"xpath","value":"//*[@id=\"__tile39\"]"}
RESULT: {"using":"xpath","value":"//*[@id=\"__tile39\"]"}
COMMAND: POST /session/36d5c96d12068b5d84cd856e3e2463e4/element/f.553512AC00DA38D638E477FB084A285D.d.4A7D071F3D248FF0B1AB0F4F280F6A0F.e.115/click - {}
RESULT: {}
COMMAND: GET /session/36d5c96d12068b5d84cd856e3e2463e4/screenshot - {}
RESULT: {}
COMMAND: POST /session/36d5c96d12068b5d84cd856e3e2463e4/execute/async - {"script":"<script> [1562 bytes]","args":[{"selector":{"controlType":"sap.ui.core.Icon","viewName":"etm.portal.ui.manageresources.view.Master","viewId":"application-manageresources-display-component---masterRU","properties":{"src":{"regex":{"source":"add"}}}},"wdio_ui5_key":"etmportal.ui.manageresources.view.Mastersap.ui.core.Icon{\"src\":{\"regex\":{\"source\":\"add\"}}}"}]}
RESULT: {"script":"<script> [1562 bytes]","args":[{"selector":{"controlType":"sap.ui.core.Icon","viewName":"etm.portal.ui.manageresources.view.Master","viewId":"application-manageresources-display-component---masterRU","properties":{"src":{"regex":{"source":"add"}}}},"wdio_ui5_key":"etmportal.ui.manageresources.view.Mastersap.ui.core.Icon{\"src\":{\"regex\":{\"source\":\"add\"}}}"}]}
RESULT: undefined
COMMAND: POST /session/36d5c96d12068b5d84cd856e3e2463e4/element - {"using":"xpath","value":"//*[@id=\"__button5-img\"]"}
RESULT: {"using":"xpath","value":"//*[@id=\"__button5-img\"]"}
COMMAND: POST /session/36d5c96d12068b5d84cd856e3e2463e4/element/f.553512AC00DA38D638E477FB084A285D.d.4A7D071F3D248FF0B1AB0F4F280F6A0F.e.161/click - {}
RESULT: {}
COMMAND: GET /session/36d5c96d12068b5d84cd856e3e2463e4/screenshot - {}
RESULT: {}
COMMAND: POST /session/36d5c96d12068b5d84cd856e3e2463e4/execute/async - {"script":"<script> [1562 bytes]","args":[{"selector":{"id":"application-manageresources-display-component---newResourceUnit--TYPE-arrow"},"wdio_ui5_key":"applicationmanageresources-display-component---newResourceUnit--TYPE-arrow"}]}
RESULT: {"script":"<script> [1562 bytes]","args":[{"selector":{"id":"application-manageresources-display-component---newResourceUnit--TYPE-arrow"},"wdio_ui5_key":"applicationmanageresources-display-component---newResourceUnit--TYPE-arrow"}]}
RESULT: undefined
COMMAND: POST /session/36d5c96d12068b5d84cd856e3e2463e4/element - {"using":"xpath","value":"//*[@id=\"application-manageresources-display-component---newResourceUnit--TYPE-arrow\"]"}
RESULT: {"using":"xpath","value":"//*[@id=\"application-manageresources-display-component---newResourceUnit--TYPE-arrow\"]"}
COMMAND: POST /session/36d5c96d12068b5d84cd856e3e2463e4/element/f.553512AC00DA38D638E477FB084A285D.d.4A7D071F3D248FF0B1AB0F4F280F6A0F.e.470/click - {}
RESULT: {}
COMMAND: POST /session/36d5c96d12068b5d84cd856e3e2463e4/execute/async - {"script":"<script> [1562 bytes]","args":[{"selector":{"controlType":"sap.m.StandardListItem","viewName":"reusables.view.manageresources.NewResourceUnit","viewId":"application-manageresources-display-component---newResourceUnit","properties":{"title":"Equipment"},"searchOpenDialogs":true,"interaction":{"idSuffix":"content"}},"wdio_ui5_key":"reusablesview.manageresources.NewResourceUnitsap.m.StandardListItem{\"title\":\"Equipment\"}"}]}
COMMAND: GET /session/36d5c96d12068b5d84cd856e3e2463e4/screenshot - {}
RESULT: {"script":"<script> [1562 bytes]","args":[{"selector":{"controlType":"sap.m.StandardListItem","viewName":"reusables.view.manageresources.NewResourceUnit","viewId":"application-manageresources-display-component---newResourceUnit","properties":{"title":"Equipment"},"searchOpenDialogs":true,"interaction":{"idSuffix":"content"}},"wdio_ui5_key":"reusablesview.manageresources.NewResourceUnitsap.m.StandardListItem{\"title\":\"Equipment\"}"}]}
RESULT: undefined
COMMAND: POST /session/36d5c96d12068b5d84cd856e3e2463e4/element - {"using":"xpath","value":"//*[@id=\"__item141\"]"}
RESULT: {}
RESULT: {"using":"xpath","value":"//*[@id=\"__item141\"]"}
COMMAND: POST /session/36d5c96d12068b5d84cd856e3e2463e4/element/f.553512AC00DA38D638E477FB084A285D.d.4A7D071F3D248FF0B1AB0F4F280F6A0F.e.473/click - {}
RESULT: {}
COMMAND: POST /session/36d5c96d12068b5d84cd856e3e2463e4/execute/async - {"script":"<script> [1562 bytes]","args":[{"selector":{"id":"application-manageresources-display-component---newResourceUnit--resourceId","interaction":{"idSuffix":"inner"}},"wdio_ui5_key":"applicationmanageresources-display-component---newResourceUnit--resourceId"}]}
COMMAND: GET /session/36d5c96d12068b5d84cd856e3e2463e4/screenshot - {}
RESULT: {"script":"<script> [1562 bytes]","args":[{"selector":{"id":"application-manageresources-display-component---newResourceUnit--resourceId","interaction":{"idSuffix":"inner"}},"wdio_ui5_key":"applicationmanageresources-display-component---newResourceUnit--resourceId"}]}
RESULT: undefined
COMMAND: POST /session/36d5c96d12068b5d84cd856e3e2463e4/execute/async - {"script":"<script> [776 bytes]","args":[{"enterText":"EquipmentCounterbgl40j","selector":{"id":"application-manageresources-display-component---newResourceUnit--resourceId","interaction":{"idSuffix":"inner"}},"clearTextFirst":true,"interactionType":"ENTER_TEXT"}]}
RESULT: {}
RESULT: {"script":"<script> [776 bytes]","args":[{"enterText":"EquipmentCounterbgl40j","selector":{"id":"application-manageresources-display-component---newResourceUnit--resourceId","interaction":{"idSuffix":"inner"}},"clearTextFirst":true,"interactionType":"ENTER_TEXT"}]}
COMMAND: POST /session/36d5c96d12068b5d84cd856e3e2463e4/execute/async - {"script":"<script> [1562 bytes]","args":[{"selector":{"id":"application-manageresources-display-component---newResourceUnit--SHORT_TEXT","interaction":{"idSuffix":"inner"}},"wdio_ui5_key":"applicationmanageresources-display-component---newResourceUnit--SHORT_TEXT"}]}
RESULT: {"script":"<script> [1562 bytes]","args":[{"selector":{"id":"application-manageresources-display-component---newResourceUnit--SHORT_TEXT","interaction":{"idSuffix":"inner"}},"wdio_ui5_key":"applicationmanageresources-display-component---newResourceUnit--SHORT_TEXT"}]}
RESULT: undefined
COMMAND: POST /session/36d5c96d12068b5d84cd856e3e2463e4/execute/async - {"script":"<script> [776 bytes]","args":[{"enterText":"EquipmentCounterbgl40j","selector":{"id":"application-manageresources-display-component---newResourceUnit--SHORT_TEXT","interaction":{"idSuffix":"inner"}},"clearTextFirst":true,"interactionType":"ENTER_TEXT"}]}
RESULT: {"script":"<script> [776 bytes]","args":[{"enterText":"EquipmentCounterbgl40j","selector":{"id":"application-manageresources-display-component---newResourceUnit--SHORT_TEXT","interaction":{"idSuffix":"inner"}},"clearTextFirst":true,"interactionType":"ENTER_TEXT"}]}
COMMAND: POST /session/36d5c96d12068b5d84cd856e3e2463e4/execute/async - {"script":"<script> [1562 bytes]","args":[{"selector":{"id":"application-manageresources-display-component---newResourceUnit--BASE_UNIT_OF_MEASURE","interaction":{"idSuffix":"inner"}},"wdio_ui5_key":"applicationmanageresources-display-component---newResourceUnit--BASE_UNIT_OF_MEASURE"}]}
RESULT: {"script":"<script> [1562 bytes]","args":[{"selector":{"id":"application-manageresources-display-component---newResourceUnit--BASE_UNIT_OF_MEASURE","interaction":{"idSuffix":"inner"}},"wdio_ui5_key":"applicationmanageresources-display-component---newResourceUnit--BASE_UNIT_OF_MEASURE"}]}
RESULT: undefined
COMMAND: POST /session/36d5c96d12068b5d84cd856e3e2463e4/execute/async - {"script":"<script> [776 bytes]","args":[{"enterText":"Piece","selector":{"id":"application-manageresources-display-component---newResourceUnit--BASE_UNIT_OF_MEASURE","interaction":{"idSuffix":"inner"}},"clearTextFirst":true,"interactionType":"ENTER_TEXT"}]}
RESULT: {"script":"<script> [776 bytes]","args":[{"enterText":"Piece","selector":{"id":"application-manageresources-display-component---newResourceUnit--BASE_UNIT_OF_MEASURE","interaction":{"idSuffix":"inner"}},"clearTextFirst":true,"interactionType":"ENTER_TEXT"}]}
COMMAND: POST /session/36d5c96d12068b5d84cd856e3e2463e4/execute/async - {"script":"<script> [1562 bytes]","args":[{"selector":{"id":"application-manageresources-display-component---newResourceUnit--WEIGHT_UNIT","interaction":{"idSuffix":"inner"}},"wdio_ui5_key":"applicationmanageresources-display-component---newResourceUnit--WEIGHT_UNIT"}]}
RESULT: {"script":"<script> [1562 bytes]","args":[{"selector":{"id":"application-manageresources-display-component---newResourceUnit--WEIGHT_UNIT","interaction":{"idSuffix":"inner"}},"wdio_ui5_key":"applicationmanageresources-display-component---newResourceUnit--WEIGHT_UNIT"}]}
RESULT: undefined
COMMAND: POST /session/36d5c96d12068b5d84cd856e3e2463e4/execute/async - {"script":"<script> [776 bytes]","args":[{"enterText":"Gram","selector":{"id":"application-manageresources-display-component---newResourceUnit--WEIGHT_UNIT","interaction":{"idSuffix":"inner"}},"clearTextFirst":true,"interactionType":"ENTER_TEXT"}]}
RESULT: {"script":"<script> [776 bytes]","args":[{"enterText":"Gram","selector":{"id":"application-manageresources-display-component---newResourceUnit--WEIGHT_UNIT","interaction":{"idSuffix":"inner"}},"clearTextFirst":true,"interactionType":"ENTER_TEXT"}]}
COMMAND: POST /session/36d5c96d12068b5d84cd856e3e2463e4/execute/async - {"script":"<script> [1562 bytes]","args":[{"selector":{"id":"application-manageresources-display-component---newResourceUnit--newRRUPage-OPHeaderContent-collapseBtn-img"},"wdio_ui5_key":"applicationmanageresources-display-component---newResourceUnit--newRRUPage-OPHeaderContent-collapseBtn-img"}]}
RESULT: {"script":"<script> [1562 bytes]","args":[{"selector":{"id":"application-manageresources-display-component---newResourceUnit--newRRUPage-OPHeaderContent-collapseBtn-img"},"wdio_ui5_key":"applicationmanageresources-display-component---newResourceUnit--newRRUPage-OPHeaderContent-collapseBtn-img"}]}
RESULT: undefined
COMMAND: POST /session/36d5c96d12068b5d84cd856e3e2463e4/element - {"using":"xpath","value":"//*[@id=\"application-manageresources-display-component---newResourceUnit--newRRUPage-OPHeaderContent-collapseBtn-img\"]"}
RESULT: {"using":"xpath","value":"//*[@id=\"application-manageresources-display-component---newResourceUnit--newRRUPage-OPHeaderContent-collapseBtn-img\"]"}
COMMAND: POST /session/36d5c96d12068b5d84cd856e3e2463e4/element/f.553512AC00DA38D638E477FB084A285D.d.4A7D071F3D248FF0B1AB0F4F280F6A0F.e.481/click - {}
RESULT: {}
COMMAND: GET /session/36d5c96d12068b5d84cd856e3e2463e4/screenshot - {}
RESULT: {}
COMMAND: POST /session/36d5c96d12068b5d84cd856e3e2463e4/element - {"using":"xpath","value":"(//span[contains(@id ,\"application-manageresources-display-component---newResourceUnit--DIMENSION_UNIT-arrow\")])[1]"}
RESULT: {"using":"xpath","value":"(//span[contains(@id ,\"application-manageresources-display-component---newResourceUnit--DIMENSION_UNIT-arrow\")])[1]"}
COMMAND: POST /session/36d5c96d12068b5d84cd856e3e2463e4/element/f.553512AC00DA38D638E477FB084A285D.d.4A7D071F3D248FF0B1AB0F4F280F6A0F.e.606/click - {}
RESULT: {}
COMMAND: GET /session/36d5c96d12068b5d84cd856e3e2463e4/screenshot - {}
RESULT: {}
COMMAND: POST /session/36d5c96d12068b5d84cd856e3e2463e4/execute/async - {"script":"<script> [1562 bytes]","args":[{"selector":{"controlType":"sap.m.StandardListItem","viewName":"reusables.view.manageresources.NewResourceUnit","viewId":"application-manageresources-display-component---newResourceUnit","properties":{"title":"Centimeter"},"searchOpenDialogs":true,"interaction":{"idSuffix":"titleText"}},"wdio_ui5_key":"reusablesview.manageresources.NewResourceUnitsap.m.StandardListItem{\"title\":\"Centimeter\"}"}]}
RESULT: {"script":"<script> [1562 bytes]","args":[{"selector":{"controlType":"sap.m.StandardListItem","viewName":"reusables.view.manageresources.NewResourceUnit","viewId":"application-manageresources-display-component---newResourceUnit","properties":{"title":"Centimeter"},"searchOpenDialogs":true,"interaction":{"idSuffix":"titleText"}},"wdio_ui5_key":"reusablesview.manageresources.NewResourceUnitsap.m.StandardListItem{\"title\":\"Centimeter\"}"}]}
RESULT: undefined
COMMAND: POST /session/36d5c96d12068b5d84cd856e3e2463e4/element - {"using":"xpath","value":"//*[@id=\"__item184\"]"}
RESULT: {"using":"xpath","value":"//*[@id=\"__item184\"]"}
COMMAND: POST /session/36d5c96d12068b5d84cd856e3e2463e4/element/f.553512AC00DA38D638E477FB084A285D.d.4A7D071F3D248FF0B1AB0F4F280F6A0F.e.608/click - {}
RESULT: {}
COMMAND: GET /session/36d5c96d12068b5d84cd856e3e2463e4/screenshot - {}
RESULT: {}
COMMAND: POST /session/36d5c96d12068b5d84cd856e3e2463e4/execute/async - {"script":"<script> [1562 bytes]","args":[{"selector":{"id":"application-manageresources-display-component---newResourceUnit--newRRUPage-anchBar-application-manageresources-display-component---newResourceUnit--control-anchor","interaction":{"idSuffix":"BDI-content"}},"wdio_ui5_key":"applicationmanageresources-display-component---newResourceUnit--newRRUPage-anchBar-application-manageresources-display-component---newResourceUnit--control-anchor"}]}
RESULT: {"script":"<script> [1562 bytes]","args":[{"selector":{"id":"application-manageresources-display-component---newResourceUnit--newRRUPage-anchBar-application-manageresources-display-component---newResourceUnit--control-anchor","interaction":{"idSuffix":"BDI-content"}},"wdio_ui5_key":"applicationmanageresources-display-component---newResourceUnit--newRRUPage-anchBar-application-manageresources-display-component---newResourceUnit--control-anchor"}]}
RESULT: undefined
COMMAND: POST /session/36d5c96d12068b5d84cd856e3e2463e4/element - {"using":"xpath","value":"//*[@id=\"application-manageresources-display-component---newResourceUnit--newRRUPage-anchBar-application-manageresources-display-component---newResourceUnit--control-anchor\"]"}
RESULT: {"using":"xpath","value":"//*[@id=\"application-manageresources-display-component---newResourceUnit--newRRUPage-anchBar-application-manageresources-display-component---newResourceUnit--control-anchor\"]"}
COMMAND: POST /session/36d5c96d12068b5d84cd856e3e2463e4/element/f.553512AC00DA38D638E477FB084A285D.d.4A7D071F3D248FF0B1AB0F4F280F6A0F.e.610/click - {}
RESULT: {}
COMMAND: POST /session/36d5c96d12068b5d84cd856e3e2463e4/execute/async - {"script":"<script> [1562 bytes]","args":[{"selector":{"id":"application-manageresources-display-component---newResourceUnit--PLANNING_GROUP","interaction":{"idSuffix":"inner"}},"wdio_ui5_key":"applicationmanageresources-display-component---newResourceUnit--PLANNING_GROUP"}]}
COMMAND: GET /session/36d5c96d12068b5d84cd856e3e2463e4/screenshot - {}
RESULT: {"script":"<script> [1562 bytes]","args":[{"selector":{"id":"application-manageresources-display-component---newResourceUnit--PLANNING_GROUP","interaction":{"idSuffix":"inner"}},"wdio_ui5_key":"applicationmanageresources-display-component---newResourceUnit--PLANNING_GROUP"}]}
RESULT: undefined
COMMAND: POST /session/36d5c96d12068b5d84cd856e3e2463e4/execute/async - {"script":"<script> [776 bytes]","args":[{"enterText":"Heavy Equi","selector":{"id":"application-manageresources-display-component---newResourceUnit--PLANNING_GROUP","interaction":{"idSuffix":"inner"}},"clearTextFirst":true,"interactionType":"ENTER_TEXT"}]}
RESULT: {}
RESULT: {"script":"<script> [776 bytes]","args":[{"enterText":"Heavy Equi","selector":{"id":"application-manageresources-display-component---newResourceUnit--PLANNING_GROUP","interaction":{"idSuffix":"inner"}},"clearTextFirst":true,"interactionType":"ENTER_TEXT"}]}
COMMAND: POST /session/36d5c96d12068b5d84cd856e3e2463e4/execute/async - {"script":"<script> [1562 bytes]","args":[{"selector":{"id":"application-manageresources-display-component---newResourceUnit--ITEM_TYPE-arrow"},"wdio_ui5_key":"applicationmanageresources-display-component---newResourceUnit--ITEM_TYPE-arrow"}]}
RESULT: {"script":"<script> [1562 bytes]","args":[{"selector":{"id":"application-manageresources-display-component---newResourceUnit--ITEM_TYPE-arrow"},"wdio_ui5_key":"applicationmanageresources-display-component---newResourceUnit--ITEM_TYPE-arrow"}]}
RESULT: undefined
COMMAND: POST /session/36d5c96d12068b5d84cd856e3e2463e4/element - {"using":"xpath","value":"//*[@id=\"application-manageresources-display-component---newResourceUnit--ITEM_TYPE-arrow\"]"}
RESULT: {"using":"xpath","value":"//*[@id=\"application-manageresources-display-component---newResourceUnit--ITEM_TYPE-arrow\"]"}
COMMAND: POST /session/36d5c96d12068b5d84cd856e3e2463e4/element/f.553512AC00DA38D638E477FB084A285D.d.4A7D071F3D248FF0B1AB0F4F280F6A0F.e.615/click - {}
RESULT: {}
COMMAND: POST /session/36d5c96d12068b5d84cd856e3e2463e4/execute/async - {"script":"<script> [1562 bytes]","args":[{"selector":{"controlType":"sap.m.StandardListItem","viewName":"reusables.view.manageresources.NewResourceUnit","viewId":"application-manageresources-display-component---newResourceUnit","properties":{"title":"Resource Unit"},"searchOpenDialogs":true,"interaction":{"idSuffix":"titleText"}},"wdio_ui5_key":"reusablesview.manageresources.NewResourceUnitsap.m.StandardListItem{\"title\":\"Resource Unit\"}"}]}
COMMAND: GET /session/36d5c96d12068b5d84cd856e3e2463e4/screenshot - {}
RESULT: {"script":"<script> [1562 bytes]","args":[{"selector":{"controlType":"sap.m.StandardListItem","viewName":"reusables.view.manageresources.NewResourceUnit","viewId":"application-manageresources-display-component---newResourceUnit","properties":{"title":"Resource Unit"},"searchOpenDialogs":true,"interaction":{"idSuffix":"titleText"}},"wdio_ui5_key":"reusablesview.manageresources.NewResourceUnitsap.m.StandardListItem{\"title\":\"Resource Unit\"}"}]}
RESULT: undefined
COMMAND: POST /session/36d5c96d12068b5d84cd856e3e2463e4/element - {"using":"xpath","value":"//*[@id=\"__item206\"]"}
RESULT: {}
RESULT: {"using":"xpath","value":"//*[@id=\"__item206\"]"}
COMMAND: POST /session/36d5c96d12068b5d84cd856e3e2463e4/element/f.553512AC00DA38D638E477FB084A285D.d.4A7D071F3D248FF0B1AB0F4F280F6A0F.e.617/click - {}
RESULT: {}
COMMAND: POST /session/36d5c96d12068b5d84cd856e3e2463e4/element - {"using":"xpath","value":"//bdi[contains(text(), \"Time Segment\")]"}
COMMAND: GET /session/36d5c96d12068b5d84cd856e3e2463e4/screenshot - {}
RESULT: {"using":"xpath","value":"//bdi[contains(text(), \"Time Segment\")]"}
COMMAND: GET /session/36d5c96d12068b5d84cd856e3e2463e4/element/f.553512AC00DA38D638E477FB084A285D.d.4A7D071F3D248FF0B1AB0F4F280F6A0F.e.618/rect - {}
RESULT: {}
RESULT: {}
COMMAND: GET /session/36d5c96d12068b5d84cd856e3e2463e4/window/rect - {}
RESULT: {}
COMMAND: POST /session/36d5c96d12068b5d84cd856e3e2463e4/execute/sync - {"script":"<script> [92 bytes]","args":[]}
RESULT: {"script":"<script> [92 bytes]","args":[]}
COMMAND: POST /session/36d5c96d12068b5d84cd856e3e2463e4/actions - {"actions":[{"id":"action1","type":"wheel","parameters":{},"actions":[{"type":"scroll","x":-1820,"y":-21,"deltaX":0,"deltaY":0,"duration":0,"origin":{"element-6066-11e4-a52e-4f735466cecf":"f.553512AC00DA38D638E477FB084A285D.d.4A7D071F3D248FF0B1AB0F4F280F6A0F.e.618"}}]}]}
COMMAND: GET /session/36d5c96d12068b5d84cd856e3e2463e4/screenshot - {}
RESULT: {}
COMMAND: POST /session/36d5c96d12068b5d84cd856e3e2463e4/execute/sync - {"script":"<script> [79 bytes]","args":[{"element-6066-11e4-a52e-4f735466cecf":"f.553512AC00DA38D638E477FB084A285D.d.4A7D071F3D248FF0B1AB0F4F280F6A0F.e.618","ELEMENT":"f.553512AC00DA38D638E477FB084A285D.d.4A7D071F3D248FF0B1AB0F4F280F6A0F.e.618"},{"block":"start","inline":"nearest"}]}
RESULT: {"script":"<script> [79 bytes]","args":[{"element-6066-11e4-a52e-4f735466cecf":"f.553512AC00DA38D638E477FB084A285D.d.4A7D071F3D248FF0B1AB0F4F280F6A0F.e.618","ELEMENT":"f.553512AC00DA38D638E477FB084A285D.d.4A7D071F3D248FF0B1AB0F4F280F6A0F.e.618"},{"block":"start","inline":"nearest"}]}
COMMAND: POST /session/36d5c96d12068b5d84cd856e3e2463e4/execute/async - {"script":"<script> [1562 bytes]","args":[{"selector":{"id":"application-manageresources-display-component---newResourceUnit--btnAddTimeSegment-img"},"wdio_ui5_key":"applicationmanageresources-display-component---newResourceUnit--btnAddTimeSegment-img"}]}
COMMAND: GET /session/36d5c96d12068b5d84cd856e3e2463e4/screenshot - {}
RESULT: {"script":"<script> [1562 bytes]","args":[{"selector":{"id":"application-manageresources-display-component---newResourceUnit--btnAddTimeSegment-img"},"wdio_ui5_key":"applicationmanageresources-display-component---newResourceUnit--btnAddTimeSegment-img"}]}
RESULT: undefined
COMMAND: POST /session/36d5c96d12068b5d84cd856e3e2463e4/element - {"using":"xpath","value":"//*[@id=\"application-manageresources-display-component---newResourceUnit--btnAddTimeSegment-img\"]"}
RESULT: {}
RESULT: {"using":"xpath","value":"//*[@id=\"application-manageresources-display-component---newResourceUnit--btnAddTimeSegment-img\"]"}
COMMAND: POST /session/36d5c96d12068b5d84cd856e3e2463e4/element/f.553512AC00DA38D638E477FB084A285D.d.4A7D071F3D248FF0B1AB0F4F280F6A0F.e.621/click - {}
RESULT: {}
COMMAND: POST /session/36d5c96d12068b5d84cd856e3e2463e4/element - {"using":"xpath","value":"//input[@id=\"application-manageresources-display-component---newResourceUnit--idRuTSAdmin-application-manageresources-display-component---newResourceUnit--RUTimeSegment-0-inner\"]"}
COMMAND: GET /session/36d5c96d12068b5d84cd856e3e2463e4/screenshot - {}
RESULT: {"using":"xpath","value":"//input[@id=\"application-manageresources-display-component---newResourceUnit--idRuTSAdmin-application-manageresources-display-component---newResourceUnit--RUTimeSegment-0-inner\"]"}
COMMAND: POST /session/36d5c96d12068b5d84cd856e3e2463e4/element/f.553512AC00DA38D638E477FB084A285D.d.4A7D071F3D248FF0B1AB0F4F280F6A0F.e.624/clear - {}
RESULT: {}
RESULT: {}
COMMAND: POST /session/36d5c96d12068b5d84cd856e3e2463e4/element/f.553512AC00DA38D638E477FB084A285D.d.4A7D071F3D248FF0B1AB0F4F280F6A0F.e.624/value - {"text":"Webdriver Yard"}
COMMAND: GET /session/36d5c96d12068b5d84cd856e3e2463e4/screenshot - {}
RESULT: {"text":"Webdriver Yard"}
COMMAND: GET /session/36d5c96d12068b5d84cd856e3e2463e4/screenshot - {}
RESULT: {}
COMMAND: POST /session/36d5c96d12068b5d84cd856e3e2463e4/actions - {"actions":[{"id":"action2","type":"key","parameters":{},"actions":[{"type":"keyDown","value":"î€‡"},{"type":"pause","duration":10},{"type":"keyUp","value":"î€‡"}]}]}
RESULT: {}
RESULT: {"actions":[{"id":"action2","type":"key","parameters":{},"actions":[{"type":"keyDown","value":"î€‡"},{"type":"pause","duration":10},{"type":"keyUp","value":"î€‡"}]}]}
COMMAND: POST /session/36d5c96d12068b5d84cd856e3e2463e4/execute/async - {"script":"<script> [1562 bytes]","args":[{"selector":{"controlType":"sap.ui.core.Icon","viewName":"reusables.view.manageresources.NewResourceUnit","viewId":"application-manageresources-display-component---newResourceUnit","properties":{"src":{"regex":{"source":"slim\\-arrow\\-down"}}},"ancestor":{"controlType":"sap.m.ComboBox","viewName":"reusables.view.manageresources.NewResourceUnit","viewId":"application-manageresources-display-component---newResourceUnit","bindingPath":{"path":"/RESOURCE_UNIT_TIME_SEQUENCES/0","propertyPath":"COST_OBJECT_ADMIN_CST_TYPE","modelName":"oNewRruModel"}}},"wdio_ui5_key":"reusablesview.manageresources.NewResourceUnitsap.ui.core.Icon{\"src\":{\"regex\":{\"source\":\"slim\\\\-arrow\\\\-down\"}}}{\"controlType\":\"sap.m.ComboBox\",\"viewName\":\"reusables.view.manageresources.NewResourceUnit\",\"viewId\":\"application-manageresources-display-component---newResourceUnit\",\"bindingPath\":{\"path\":\"/RESOURCE_UNIT_TIME_SEQUENCES/0\",\"propertyPath\":\"COST_OBJECT_ADMIN_CST_TYPE\",\"modelName\":\"oNewRruModel\"}}"}]}
COMMAND: GET /session/36d5c96d12068b5d84cd856e3e2463e4/screenshot - {}
RESULT: {"script":"<script> [1562 bytes]","args":[{"selector":{"controlType":"sap.ui.core.Icon","viewName":"reusables.view.manageresources.NewResourceUnit","viewId":"application-manageresources-display-component---newResourceUnit","properties":{"src":{"regex":{"source":"slim\\-arrow\\-down"}}},"ancestor":{"controlType":"sap.m.ComboBox","viewName":"reusables.view.manageresources.NewResourceUnit","viewId":"application-manageresources-display-component---newResourceUnit","bindingPath":{"path":"/RESOURCE_UNIT_TIME_SEQUENCES/0","propertyPath":"COST_OBJECT_ADMIN_CST_TYPE","modelName":"oNewRruModel"}}},"wdio_ui5_key":"reusablesview.manageresources.NewResourceUnitsap.ui.core.Icon{\"src\":{\"regex\":{\"source\":\"slim\\\\-arrow\\\\-down\"}}}{\"controlType\":\"sap.m.ComboBox\",\"viewName\":\"reusables.view.manageresources.NewResourceUnit\",\"viewId\":\"application-manageresources-display-component---newResourceUnit\",\"bindingPath\":{\"path\":\"/RESOURCE_UNIT_TIME_SEQUENCES/0\",\"propertyPath\":\"COST_OBJECT_ADMIN_CST_TYPE\",\"modelName\":\"oNewRruModel\"}}"}]}
RESULT: undefined
COMMAND: POST /session/36d5c96d12068b5d84cd856e3e2463e4/element - {"using":"xpath","value":"//*[@id=\"__box5-application-manageresources-display-component---newResourceUnit--RUTimeSegment-0-arrow\"]"}
RESULT: {}
RESULT: {"using":"xpath","value":"//*[@id=\"__box5-application-manageresources-display-component---newResourceUnit--RUTimeSegment-0-arrow\"]"}
COMMAND: POST /session/36d5c96d12068b5d84cd856e3e2463e4/element/f.553512AC00DA38D638E477FB084A285D.d.4A7D071F3D248FF0B1AB0F4F280F6A0F.e.641/click - {}
RESULT: {}
COMMAND: POST /session/36d5c96d12068b5d84cd856e3e2463e4/execute/async - {"script":"<script> [1562 bytes]","args":[{"selector":{"controlType":"sap.m.StandardListItem","viewName":"reusables.view.manageresources.NewResourceUnit","viewId":"application-manageresources-display-component---newResourceUnit","properties":{"title":"PM Order"},"searchOpenDialogs":true,"interaction":{"idSuffix":"titleText"}},"wdio_ui5_key":"reusablesview.manageresources.NewResourceUnitsap.m.StandardListItem{\"title\":\"PM Order\"}"}]}
COMMAND: GET /session/36d5c96d12068b5d84cd856e3e2463e4/screenshot - {}
RESULT: {"script":"<script> [1562 bytes]","args":[{"selector":{"controlType":"sap.m.StandardListItem","viewName":"reusables.view.manageresources.NewResourceUnit","viewId":"application-manageresources-display-component---newResourceUnit","properties":{"title":"PM Order"},"searchOpenDialogs":true,"interaction":{"idSuffix":"titleText"}},"wdio_ui5_key":"reusablesview.manageresources.NewResourceUnitsap.m.StandardListItem{\"title\":\"PM Order\"}"}]}
RESULT: undefined
COMMAND: POST /session/36d5c96d12068b5d84cd856e3e2463e4/element - {"using":"xpath","value":"//*[@id=\"__item1515\"]"}
RESULT: {}
RESULT: {"using":"xpath","value":"//*[@id=\"__item1515\"]"}
COMMAND: POST /session/36d5c96d12068b5d84cd856e3e2463e4/element/f.553512AC00DA38D638E477FB084A285D.d.4A7D071F3D248FF0B1AB0F4F280F6A0F.e.645/click - {}
RESULT: {}
COMMAND: GET /session/36d5c96d12068b5d84cd856e3e2463e4/screenshot - {}
RESULT: {}
COMMAND: POST /session/36d5c96d12068b5d84cd856e3e2463e4/element - {"using":"xpath","value":"(//input[contains(@id ,\"-application-manageresources-display-component---newResourceUnit--RUTimeSegment-0-inner\")])[8]"}
RESULT: {"using":"xpath","value":"(//input[contains(@id ,\"-application-manageresources-display-component---newResourceUnit--RUTimeSegment-0-inner\")])[8]"}
COMMAND: POST /session/36d5c96d12068b5d84cd856e3e2463e4/element/f.553512AC00DA38D638E477FB084A285D.d.4A7D071F3D248FF0B1AB0F4F280F6A0F.e.648/clear - {}
RESULT: {}
COMMAND: POST /session/36d5c96d12068b5d84cd856e3e2463e4/element/f.553512AC00DA38D638E477FB084A285D.d.4A7D071F3D248FF0B1AB0F4F280F6A0F.e.648/value - {"text":"4000360"}
COMMAND: GET /session/36d5c96d12068b5d84cd856e3e2463e4/screenshot - {}
RESULT: {"text":"4000360"}
COMMAND: GET /session/36d5c96d12068b5d84cd856e3e2463e4/screenshot - {}
RESULT: {}
RESULT: {}
COMMAND: POST /session/36d5c96d12068b5d84cd856e3e2463e4/actions - {"actions":[{"id":"action3","type":"key","parameters":{},"actions":[{"type":"keyDown","value":"î€‡"},{"type":"pause","duration":10},{"type":"keyUp","value":"î€‡"}]}]}
RESULT: {"actions":[{"id":"action3","type":"key","parameters":{},"actions":[{"type":"keyDown","value":"î€‡"},{"type":"pause","duration":10},{"type":"keyUp","value":"î€‡"}]}]}
COMMAND: GET /session/36d5c96d12068b5d84cd856e3e2463e4/screenshot - {}
RESULT: {}
COMMAND: POST /session/36d5c96d12068b5d84cd856e3e2463e4/element - {"using":"xpath","value":"//input[contains(@id ,\"application-manageresources-display-component---newResourceUnit--newTimeSegmentFromDatePicker-application-manageresources-display-component---newResourceUnit--RUTimeSegment-0-inner\")]"}
RESULT: {"using":"xpath","value":"//input[contains(@id ,\"application-manageresources-display-component---newResourceUnit--newTimeSegmentFromDatePicker-application-manageresources-display-component---newResourceUnit--RUTimeSegment-0-inner\")]"}
COMMAND: POST /session/36d5c96d12068b5d84cd856e3e2463e4/element/f.553512AC00DA38D638E477FB084A285D.d.4A7D071F3D248FF0B1AB0F4F280F6A0F.e.633/clear - {}
RESULT: {}
COMMAND: POST /session/36d5c96d12068b5d84cd856e3e2463e4/element/f.553512AC00DA38D638E477FB084A285D.d.4A7D071F3D248FF0B1AB0F4F280F6A0F.e.633/clear - {}
COMMAND: GET /session/36d5c96d12068b5d84cd856e3e2463e4/screenshot - {}
RESULT: {}
COMMAND: POST /session/36d5c96d12068b5d84cd856e3e2463e4/element/f.553512AC00DA38D638E477FB084A285D.d.4A7D071F3D248FF0B1AB0F4F280F6A0F.e.633/value - {"text":"06/27/24"}
COMMAND: GET /session/36d5c96d12068b5d84cd856e3e2463e4/screenshot - {}
RESULT: {}
RESULT: {"text":"06/27/24"}
COMMAND: POST /session/36d5c96d12068b5d84cd856e3e2463e4/execute/async - {"script":"<script> [1562 bytes]","args":[{"selector":{"id":"application-manageresources-display-component---newResourceUnit--newRRUPage-anchBar-application-manageresources-display-component---newResourceUnit--resource-anchor","interaction":{"idSuffix":"BDI-content"}},"wdio_ui5_key":"applicationmanageresources-display-component---newResourceUnit--newRRUPage-anchBar-application-manageresources-display-component---newResourceUnit--resource-anchor"}]}
COMMAND: GET /session/36d5c96d12068b5d84cd856e3e2463e4/screenshot - {}
RESULT: {}
RESULT: {"script":"<script> [1562 bytes]","args":[{"selector":{"id":"application-manageresources-display-component---newResourceUnit--newRRUPage-anchBar-application-manageresources-display-component---newResourceUnit--resource-anchor","interaction":{"idSuffix":"BDI-content"}},"wdio_ui5_key":"applicationmanageresources-display-component---newResourceUnit--newRRUPage-anchBar-application-manageresources-display-component---newResourceUnit--resource-anchor"}]}
RESULT: undefined
COMMAND: POST /session/36d5c96d12068b5d84cd856e3e2463e4/element - {"using":"xpath","value":"//*[@id=\"application-manageresources-display-component---newResourceUnit--newRRUPage-anchBar-application-manageresources-display-component---newResourceUnit--resource-anchor\"]"}
RESULT: {}
RESULT: {"using":"xpath","value":"//*[@id=\"application-manageresources-display-component---newResourceUnit--newRRUPage-anchBar-application-manageresources-display-component---newResourceUnit--resource-anchor\"]"}
COMMAND: POST /session/36d5c96d12068b5d84cd856e3e2463e4/element/f.553512AC00DA38D638E477FB084A285D.d.4A7D071F3D248FF0B1AB0F4F280F6A0F.e.669/click - {}
RESULT: {}
COMMAND: POST /session/36d5c96d12068b5d84cd856e3e2463e4/execute/async - {"script":"<script> [1562 bytes]","args":[{"selector":{"id":"application-manageresources-display-component---newResourceUnit--PLANNED_DELIVERY_DATE","interaction":{"idSuffix":"inner"}},"wdio_ui5_key":"applicationmanageresources-display-component---newResourceUnit--PLANNED_DELIVERY_DATE"}]}
COMMAND: GET /session/36d5c96d12068b5d84cd856e3e2463e4/screenshot - {}
RESULT: {"script":"<script> [1562 bytes]","args":[{"selector":{"id":"application-manageresources-display-component---newResourceUnit--PLANNED_DELIVERY_DATE","interaction":{"idSuffix":"inner"}},"wdio_ui5_key":"applicationmanageresources-display-component---newResourceUnit--PLANNED_DELIVERY_DATE"}]}
RESULT: undefined
COMMAND: POST /session/36d5c96d12068b5d84cd856e3e2463e4/execute/async - {"script":"<script> [6424 bytes]","args":[{"element-6066-11e4-a52e-4f735466cecf":"f.553512AC00DA38D638E477FB084A285D.d.4A7D071F3D248FF0B1AB0F4F280F6A0F.e.527"},"setValue",["06/27/24"]]}
RESULT: {}
RESULT: {"script":"<script> [6424 bytes]","args":[{"element-6066-11e4-a52e-4f735466cecf":"f.553512AC00DA38D638E477FB084A285D.d.4A7D071F3D248FF0B1AB0F4F280F6A0F.e.527"},"setValue",["06/27/24"]]}
COMMAND: POST /session/36d5c96d12068b5d84cd856e3e2463e4/execute/async - {"script":"<script> [1562 bytes]","args":[{"selector":{"id":"application-manageresources-display-component---newResourceUnit--RETIRE_PLANNED_DATE","interaction":{"idSuffix":"inner"}},"wdio_ui5_key":"applicationmanageresources-display-component---newResourceUnit--RETIRE_PLANNED_DATE"}]}
RESULT: {"script":"<script> [1562 bytes]","args":[{"selector":{"id":"application-manageresources-display-component---newResourceUnit--RETIRE_PLANNED_DATE","interaction":{"idSuffix":"inner"}},"wdio_ui5_key":"applicationmanageresources-display-component---newResourceUnit--RETIRE_PLANNED_DATE"}]}
RESULT: undefined
COMMAND: POST /session/36d5c96d12068b5d84cd856e3e2463e4/execute/async - {"script":"<script> [776 bytes]","args":[{"enterText":"3/14/29","selector":{"id":"application-manageresources-display-component---newResourceUnit--RETIRE_PLANNED_DATE","interaction":{"idSuffix":"inner"}},"clearTextFirst":true,"interactionType":"ENTER_TEXT"}]}
RESULT: {"script":"<script> [776 bytes]","args":[{"enterText":"3/14/29","selector":{"id":"application-manageresources-display-component---newResourceUnit--RETIRE_PLANNED_DATE","interaction":{"idSuffix":"inner"}},"clearTextFirst":true,"interactionType":"ENTER_TEXT"}]}
COMMAND: POST /session/36d5c96d12068b5d84cd856e3e2463e4/execute/async - {"script":"<script> [1562 bytes]","args":[{"selector":{"controlType":"sap.m.Button","viewName":"reusables.view.manageresources.NewResourceUnit","viewId":"application-manageresources-display-component---newResourceUnit","i18NText":{"propertyName":"tooltip","key":"save"},"interaction":{"idSuffix":"BDI-content"}},"wdio_ui5_key":"reusablesview.manageresources.NewResourceUnitsap.m.Button{\"propertyName\":\"tooltip\",\"key\":\"save\"}"}]}
RESULT: {"script":"<script> [1562 bytes]","args":[{"selector":{"controlType":"sap.m.Button","viewName":"reusables.view.manageresources.NewResourceUnit","viewId":"application-manageresources-display-component---newResourceUnit","i18NText":{"propertyName":"tooltip","key":"save"},"interaction":{"idSuffix":"BDI-content"}},"wdio_ui5_key":"reusablesview.manageresources.NewResourceUnitsap.m.Button{\"propertyName\":\"tooltip\",\"key\":\"save\"}"}]}
RESULT: undefined
COMMAND: POST /session/36d5c96d12068b5d84cd856e3e2463e4/element - {"using":"xpath","value":"//*[@id=\"application-manageresources-display-component---newResourceUnit--createRuButton\"]"}
RESULT: {"using":"xpath","value":"//*[@id=\"application-manageresources-display-component---newResourceUnit--createRuButton\"]"}
COMMAND: POST /session/36d5c96d12068b5d84cd856e3e2463e4/element/f.553512AC00DA38D638E477FB084A285D.d.4A7D071F3D248FF0B1AB0F4F280F6A0F.e.487/click - {}
RESULT: {}
COMMAND: GET /session/36d5c96d12068b5d84cd856e3e2463e4/screenshot - {}
RESULT: {}
COMMAND: POST /session/36d5c96d12068b5d84cd856e3e2463e4/execute/async - {"script":"<script> [1562 bytes]","args":[{"selector":{"controlType":"sap.m.Button","properties":{"text":"Close"},"searchOpenDialogs":true,"interaction":{"idSuffix":"inner"}},"wdio_ui5_key":"sapm.Button{\"text\":\"Close\"}"}]}
RESULT: {"script":"<script> [1562 bytes]","args":[{"selector":{"controlType":"sap.m.Button","properties":{"text":"Close"},"searchOpenDialogs":true,"interaction":{"idSuffix":"inner"}},"wdio_ui5_key":"sapm.Button{\"text\":\"Close\"}"}]}
RESULT: undefined
COMMAND: POST /session/36d5c96d12068b5d84cd856e3e2463e4/element - {"using":"xpath","value":"//*[@id=\"__mbox-btn-0\"]"}
RESULT: {"using":"xpath","value":"//*[@id=\"__mbox-btn-0\"]"}
COMMAND: POST /session/36d5c96d12068b5d84cd856e3e2463e4/element/f.553512AC00DA38D638E477FB084A285D.d.4A7D071F3D248FF0B1AB0F4F280F6A0F.e.677/click - {}
RESULT: {}
COMMAND: GET /session/36d5c96d12068b5d84cd856e3e2463e4/screenshot - {}
RESULT: {}
COMMAND: POST /session/36d5c96d12068b5d84cd856e3e2463e4/execute/async - {"script":"<script> [1562 bytes]","args":[{"selector":{"controlType":"sap.m.Text","viewName":"etm.portal.ui.manageresources.view.Detail","viewId":"application-manageresources-display-component---detailRU","bindingPath":{"propertyPath":"ID","modelName":"catalogModel"}},"wdio_ui5_key":"etmportal.ui.manageresources.view.Detailsap.m.Text{\"propertyPath\":\"ID\",\"modelName\":\"catalogModel\"}"}]}
RESULT: {"script":"<script> [1562 bytes]","args":[{"selector":{"controlType":"sap.m.Text","viewName":"etm.portal.ui.manageresources.view.Detail","viewId":"application-manageresources-display-component---detailRU","bindingPath":{"propertyPath":"ID","modelName":"catalogModel"}},"wdio_ui5_key":"etmportal.ui.manageresources.view.Detailsap.m.Text{\"propertyPath\":\"ID\",\"modelName\":\"catalogModel\"}"}]}
RESULT: undefined
COMMAND: POST /session/36d5c96d12068b5d84cd856e3e2463e4/execute/async - {"script":"<script> [6424 bytes]","args":[{"element-6066-11e4-a52e-4f735466cecf":"f.553512AC00DA38D638E477FB084A285D.d.4A7D071F3D248FF0B1AB0F4F280F6A0F.e.734"},"getText",[]]}
RESULT: {"script":"<script> [6424 bytes]","args":[{"element-6066-11e4-a52e-4f735466cecf":"f.553512AC00DA38D638E477FB084A285D.d.4A7D071F3D248FF0B1AB0F4F280F6A0F.e.734"},"getText",[]]}
COMMAND: POST /session/36d5c96d12068b5d84cd856e3e2463e4/element - {"using":"xpath","value":"//*[text()=\"Edit\"]"}
RESULT: {"using":"xpath","value":"//*[text()=\"Edit\"]"}
COMMAND: POST /session/36d5c96d12068b5d84cd856e3e2463e4/execute/sync - {"script":"<script> [8489 bytes]","args":[{"element-6066-11e4-a52e-4f735466cecf":"f.553512AC00DA38D638E477FB084A285D.d.4A7D071F3D248FF0B1AB0F4F280F6A0F.e.735","ELEMENT":"f.553512AC00DA38D638E477FB084A285D.d.4A7D071F3D248FF0B1AB0F4F280F6A0F.e.735"}]}
RESULT: {"script":"<script> [8489 bytes]","args":[{"element-6066-11e4-a52e-4f735466cecf":"f.553512AC00DA38D638E477FB084A285D.d.4A7D071F3D248FF0B1AB0F4F280F6A0F.e.735","ELEMENT":"f.553512AC00DA38D638E477FB084A285D.d.4A7D071F3D248FF0B1AB0F4F280F6A0F.e.735"}]}
COMMAND: POST /session/36d5c96d12068b5d84cd856e3e2463e4/execute/sync - {"script":"<script> [5351 bytes]","args":[{"element-6066-11e4-a52e-4f735466cecf":"f.553512AC00DA38D638E477FB084A285D.d.4A7D071F3D248FF0B1AB0F4F280F6A0F.e.735","ELEMENT":"f.553512AC00DA38D638E477FB084A285D.d.4A7D071F3D248FF0B1AB0F4F280F6A0F.e.735"}]}
COMMAND: GET /session/36d5c96d12068b5d84cd856e3e2463e4/screenshot - {}
RESULT: {"script":"<script> [5351 bytes]","args":[{"element-6066-11e4-a52e-4f735466cecf":"f.553512AC00DA38D638E477FB084A285D.d.4A7D071F3D248FF0B1AB0F4F280F6A0F.e.735","ELEMENT":"f.553512AC00DA38D638E477FB084A285D.d.4A7D071F3D248FF0B1AB0F4F280F6A0F.e.735"}]}
COMMAND: POST /session/36d5c96d12068b5d84cd856e3e2463e4/element/f.553512AC00DA38D638E477FB084A285D.d.4A7D071F3D248FF0B1AB0F4F280F6A0F.e.735/click - {}
COMMAND: GET /session/36d5c96d12068b5d84cd856e3e2463e4/screenshot - {}
RESULT: {}
RESULT: {}
COMMAND: GET /session/36d5c96d12068b5d84cd856e3e2463e4/screenshot - {}
RESULT: {}
RESULT: {}
COMMAND: POST /session/36d5c96d12068b5d84cd856e3e2463e4/element - {"using":"xpath","value":"//div[contains(@id ,\"application-manageresources-display-component---editResource--counters-title\")]"}
RESULT: {"using":"xpath","value":"//div[contains(@id ,\"application-manageresources-display-component---editResource--counters-title\")]"}
COMMAND: GET /session/36d5c96d12068b5d84cd856e3e2463e4/element/f.553512AC00DA38D638E477FB084A285D.d.4A7D071F3D248FF0B1AB0F4F280F6A0F.e.823/rect - {}
RESULT: {}
COMMAND: GET /session/36d5c96d12068b5d84cd856e3e2463e4/window/rect - {}
RESULT: {}
COMMAND: POST /session/36d5c96d12068b5d84cd856e3e2463e4/execute/sync - {"script":"<script> [92 bytes]","args":[]}
RESULT: {"script":"<script> [92 bytes]","args":[]}
COMMAND: POST /session/36d5c96d12068b5d84cd856e3e2463e4/actions - {"actions":[{"id":"action4","type":"wheel","parameters":{},"actions":[{"type":"scroll","x":-1864,"y":2107,"deltaX":0,"deltaY":0,"duration":0,"origin":{"element-6066-11e4-a52e-4f735466cecf":"f.553512AC00DA38D638E477FB084A285D.d.4A7D071F3D248FF0B1AB0F4F280F6A0F.e.823"}}]}]}
COMMAND: GET /session/36d5c96d12068b5d84cd856e3e2463e4/screenshot - {}
RESULT: {}
COMMAND: POST /session/36d5c96d12068b5d84cd856e3e2463e4/execute/sync - {"script":"<script> [79 bytes]","args":[{"element-6066-11e4-a52e-4f735466cecf":"f.553512AC00DA38D638E477FB084A285D.d.4A7D071F3D248FF0B1AB0F4F280F6A0F.e.823","ELEMENT":"f.553512AC00DA38D638E477FB084A285D.d.4A7D071F3D248FF0B1AB0F4F280F6A0F.e.823"},{"block":"start","inline":"nearest"}]}
RESULT: {"script":"<script> [79 bytes]","args":[{"element-6066-11e4-a52e-4f735466cecf":"f.553512AC00DA38D638E477FB084A285D.d.4A7D071F3D248FF0B1AB0F4F280F6A0F.e.823","ELEMENT":"f.553512AC00DA38D638E477FB084A285D.d.4A7D071F3D248FF0B1AB0F4F280F6A0F.e.823"},{"block":"start","inline":"nearest"}]}
COMMAND: POST /session/36d5c96d12068b5d84cd856e3e2463e4/execute/async - {"script":"<script> [1562 bytes]","args":[{"selector":{"id":"application-manageresources-display-component---editResource--btnAddCounter-img"},"wdio_ui5_key":"applicationmanageresources-display-component---editResource--btnAddCounter-img"}]}
COMMAND: GET /session/36d5c96d12068b5d84cd856e3e2463e4/screenshot - {}
RESULT: {"script":"<script> [1562 bytes]","args":[{"selector":{"id":"application-manageresources-display-component---editResource--btnAddCounter-img"},"wdio_ui5_key":"applicationmanageresources-display-component---editResource--btnAddCounter-img"}]}
RESULT: undefined
COMMAND: POST /session/36d5c96d12068b5d84cd856e3e2463e4/element - {"using":"xpath","value":"//*[@id=\"application-manageresources-display-component---editResource--btnAddCounter-img\"]"}
RESULT: {}
RESULT: {"using":"xpath","value":"//*[@id=\"application-manageresources-display-component---editResource--btnAddCounter-img\"]"}
COMMAND: POST /session/36d5c96d12068b5d84cd856e3e2463e4/element/f.553512AC00DA38D638E477FB084A285D.d.4A7D071F3D248FF0B1AB0F4F280F6A0F.e.877/click - {}
COMMAND: POST /session/36d5c96d12068b5d84cd856e3e2463e4/execute/async - {"script":"<script> [1562 bytes]","args":[{"selector":{"id":"application-manageresources-display-component---editResource--HAND_OVER_TYPE-application-manageresources-display-component---editResource--RUCounters-0","interaction":{"idSuffix":"CbBg"}},"wdio_ui5_key":"applicationmanageresources-display-component---editResource--HAND_OVER_TYPE-application-manageresources-display-component---editResource--RUCounters-0"}]}
RESULT: {"script":"<script> [1562 bytes]","args":[{"selector":{"id":"application-manageresources-display-component---editResource--HAND_OVER_TYPE-application-manageresources-display-component---editResource--RUCounters-0","interaction":{"idSuffix":"CbBg"}},"wdio_ui5_key":"applicationmanageresources-display-component---editResource--HAND_OVER_TYPE-application-manageresources-display-component---editResource--RUCounters-0"}]}
RESULT: undefined
COMMAND: POST /session/36d5c96d12068b5d84cd856e3e2463e4/execute/async - {"script":"<script> [1562 bytes]","args":[{"selector":{"controlType":"sap.m.Button","viewName":"etm.portal.ui.manageresources.view.EditResource","viewId":"application-manageresources-display-component---editResource","i18NText":{"propertyName":"text","key":"save"},"interaction":{"idSuffix":"BDI-content"}},"wdio_ui5_key":"etmportal.ui.manageresources.view.EditResourcesap.m.Button{\"propertyName\":\"text\",\"key\":\"save\"}"}]}
RESULT: {"script":"<script> [1562 bytes]","args":[{"selector":{"controlType":"sap.m.Button","viewName":"etm.portal.ui.manageresources.view.EditResource","viewId":"application-manageresources-display-component---editResource","i18NText":{"propertyName":"text","key":"save"},"interaction":{"idSuffix":"BDI-content"}},"wdio_ui5_key":"etmportal.ui.manageresources.view.EditResourcesap.m.Button{\"propertyName\":\"text\",\"key\":\"save\"}"}]}
RESULT: undefined
COMMAND: POST /session/36d5c96d12068b5d84cd856e3e2463e4/element - {"using":"xpath","value":"//*[@id=\"__button90\"]"}
RESULT: {"using":"xpath","value":"//*[@id=\"__button90\"]"}
COMMAND: POST /session/36d5c96d12068b5d84cd856e3e2463e4/element/f.553512AC00DA38D638E477FB084A285D.d.4A7D071F3D248FF0B1AB0F4F280F6A0F.e.881/click - {}
RESULT: {}
COMMAND: GET /session/36d5c96d12068b5d84cd856e3e2463e4/screenshot - {}
RESULT: {}
COMMAND: POST /session/36d5c96d12068b5d84cd856e3e2463e4/element - {"using":"css selector","value":"#shell-header-logo"}
RESULT: {"using":"css selector","value":"#shell-header-logo"}
COMMAND: POST /session/36d5c96d12068b5d84cd856e3e2463e4/element/f.553512AC00DA38D638E477FB084A285D.d.4A7D071F3D248FF0B1AB0F4F280F6A0F.e.117/click - {}
RESULT: {}
COMMAND: GET /session/36d5c96d12068b5d84cd856e3e2463e4/screenshot - {}
RESULT: {}
]]></system-out>
    </testcase>
  </testsuite>
</testsuites>