<?xml version="1.0" encoding="UTF-8"?>
<testsuites tests="49" failures="0" errors="0" skipped="0">
  <testsuite timestamp="2025-05-06T17:18:09" time="1768.526" tests="49" failures="0" errors="0" skipped="0">
    <properties>
      <property name="specId" value="0" />
      <property name="suiteName" value="Sanity Tests US104253" />
      <property name="capabilities" value="chrome.135_0_7049_115.windows" />
      <property name="file" value="file:///D:/a/1/s/test/specs/General/sanity.spec.js" />
    </properties>
    <testcase classname="chrome.135_0_7049_115.windows.Sanity_Tests_US104253" name="Should open Manage Partners page" time="44.974">
      <system-out><![CDATA[
COMMAND: POST /session/bb2b46b176a734b352582813c0291d70/execute/async - {"script":"<script> [1562 bytes]","args":[{"selector":{"controlType":"sap.m.GenericTile","properties":{"header":"Manage Partners"}},"wdio_ui5_key":"sapm.GenericTile{\"header\":\"Manage Partners\"}"}]}
RESULT: {"script":"<script> [1562 bytes]","args":[{"selector":{"controlType":"sap.m.GenericTile","properties":{"header":"Manage Partners"}},"wdio_ui5_key":"sapm.GenericTile{\"header\":\"Manage Partners\"}"}]}
RESULT: undefined
COMMAND: POST /session/bb2b46b176a734b352582813c0291d70/element - {"using":"xpath","value":"//*[@id=\"__tile38\"]"}
RESULT: {"using":"xpath","value":"//*[@id=\"__tile38\"]"}
COMMAND: POST /session/bb2b46b176a734b352582813c0291d70/element/f.8C1D5EADEBD988366C52E54A6DEB9406.d.58C3E9F13179890DE2463F28FEAC44CA.e.116/click - {}
RESULT: {}
COMMAND: GET /session/bb2b46b176a734b352582813c0291d70/screenshot - {}
RESULT: {}
RESULT: undefined
COMMAND: POST /session/bb2b46b176a734b352582813c0291d70/element - {"using":"xpath","value":"//*[@id=\"__tile38\"]"}
RESULT: {"using":"xpath","value":"//*[@id=\"__tile38\"]"}
COMMAND: POST /session/bb2b46b176a734b352582813c0291d70/element/f.8C1D5EADEBD988366C52E54A6DEB9406.d.58C3E9F13179890DE2463F28FEAC44CA.e.116/click - {}
RESULT: undefined
COMMAND: POST /session/bb2b46b176a734b352582813c0291d70/element - {"using":"xpath","value":"//*[@id=\"__tile38\"]"}
RESULT: {"using":"xpath","value":"//*[@id=\"__tile38\"]"}
COMMAND: POST /session/bb2b46b176a734b352582813c0291d70/element/f.8C1D5EADEBD988366C52E54A6DEB9406.d.58C3E9F13179890DE2463F28FEAC44CA.e.116/click - {}
COMMAND: POST /session/bb2b46b176a734b352582813c0291d70/execute/async - {"script":"<script> [1562 bytes]","args":[{"selector":{"id":"shellAppTitle"},"wdio_ui5_key":"shellAppTitle"}]}
RESULT: {"script":"<script> [1562 bytes]","args":[{"selector":{"id":"shellAppTitle"},"wdio_ui5_key":"shellAppTitle"}]}
RESULT: undefined
COMMAND: POST /session/bb2b46b176a734b352582813c0291d70/execute/async - {"script":"<script> [6424 bytes]","args":[{"element-6066-11e4-a52e-4f735466cecf":"f.8C1D5EADEBD988366C52E54A6DEB9406.d.58C3E9F13179890DE2463F28FEAC44CA.e.291"},"getTitle",[]]}
RESULT: {"script":"<script> [6424 bytes]","args":[{"element-6066-11e4-a52e-4f735466cecf":"f.8C1D5EADEBD988366C52E54A6DEB9406.d.58C3E9F13179890DE2463F28FEAC44CA.e.291"},"getTitle",[]]}
COMMAND: POST /session/bb2b46b176a734b352582813c0291d70/execute/async - {"script":"<script> [1562 bytes]","args":[{"selector":{"id":"backBtn"},"wdio_ui5_key":"backBtn"}]}
RESULT: {"script":"<script> [1562 bytes]","args":[{"selector":{"id":"backBtn"},"wdio_ui5_key":"backBtn"}]}
RESULT: undefined
COMMAND: POST /session/bb2b46b176a734b352582813c0291d70/element - {"using":"xpath","value":"//*[@id=\"backBtn\"]"}
RESULT: {"using":"xpath","value":"//*[@id=\"backBtn\"]"}
COMMAND: POST /session/bb2b46b176a734b352582813c0291d70/element/f.8C1D5EADEBD988366C52E54A6DEB9406.d.58C3E9F13179890DE2463F28FEAC44CA.e.292/click - {}
RESULT: {}
COMMAND: GET /session/bb2b46b176a734b352582813c0291d70/screenshot - {}
RESULT: {}
]]></system-out>
    </testcase>
    <testcase classname="chrome.135_0_7049_115.windows.Sanity_Tests_US104253" name="Should open Manage Sites page" time="32.454">
      <system-out><![CDATA[
COMMAND: POST /session/bb2b46b176a734b352582813c0291d70/execute/async - {"script":"<script> [1562 bytes]","args":[{"selector":{"controlType":"sap.m.GenericTile","properties":{"header":"Manage Sites"}},"wdio_ui5_key":"sapm.GenericTile{\"header\":\"Manage Sites\"}"}]}
RESULT: {"script":"<script> [1562 bytes]","args":[{"selector":{"controlType":"sap.m.GenericTile","properties":{"header":"Manage Sites"}},"wdio_ui5_key":"sapm.GenericTile{\"header\":\"Manage Sites\"}"}]}
RESULT: undefined
COMMAND: POST /session/bb2b46b176a734b352582813c0291d70/element - {"using":"xpath","value":"//*[@id=\"__tile40\"]"}
RESULT: {"using":"xpath","value":"//*[@id=\"__tile40\"]"}
COMMAND: POST /session/bb2b46b176a734b352582813c0291d70/element/f.8C1D5EADEBD988366C52E54A6DEB9406.d.58C3E9F13179890DE2463F28FEAC44CA.e.294/click - {}
RESULT: {}
COMMAND: GET /session/bb2b46b176a734b352582813c0291d70/screenshot - {}
RESULT: {}
RESULT: undefined
COMMAND: POST /session/bb2b46b176a734b352582813c0291d70/element - {"using":"xpath","value":"//*[@id=\"__tile40\"]"}
RESULT: {"using":"xpath","value":"//*[@id=\"__tile40\"]"}
COMMAND: POST /session/bb2b46b176a734b352582813c0291d70/element/f.8C1D5EADEBD988366C52E54A6DEB9406.d.58C3E9F13179890DE2463F28FEAC44CA.e.294/click - {}
RESULT: undefined
COMMAND: POST /session/bb2b46b176a734b352582813c0291d70/element - {"using":"xpath","value":"//*[@id=\"__tile40\"]"}
RESULT: {"using":"xpath","value":"//*[@id=\"__tile40\"]"}
COMMAND: POST /session/bb2b46b176a734b352582813c0291d70/element/f.8C1D5EADEBD988366C52E54A6DEB9406.d.58C3E9F13179890DE2463F28FEAC44CA.e.294/click - {}
RESULT: undefined
COMMAND: POST /session/bb2b46b176a734b352582813c0291d70/execute/async - {"script":"<script> [6424 bytes]","args":[{"element-6066-11e4-a52e-4f735466cecf":"f.8C1D5EADEBD988366C52E54A6DEB9406.d.58C3E9F13179890DE2463F28FEAC44CA.e.291"},"getTitle",[]]}
COMMAND: POST /session/bb2b46b176a734b352582813c0291d70/execute/async - {"script":"<script> [1562 bytes]","args":[{"selector":{"id":"shellAppTitle"},"wdio_ui5_key":"shellAppTitle"}]}
RESULT: {"script":"<script> [1562 bytes]","args":[{"selector":{"id":"shellAppTitle"},"wdio_ui5_key":"shellAppTitle"}]}
COMMAND: POST /session/bb2b46b176a734b352582813c0291d70/execute/async - {"script":"<script> [6424 bytes]","args":[{"element-6066-11e4-a52e-4f735466cecf":"f.8C1D5EADEBD988366C52E54A6DEB9406.d.58C3E9F13179890DE2463F28FEAC44CA.e.478"},"getTitle",[]]}
RESULT: {"script":"<script> [6424 bytes]","args":[{"element-6066-11e4-a52e-4f735466cecf":"f.8C1D5EADEBD988366C52E54A6DEB9406.d.58C3E9F13179890DE2463F28FEAC44CA.e.478"},"getTitle",[]]}
RESULT: undefined
COMMAND: POST /session/bb2b46b176a734b352582813c0291d70/element/f.8C1D5EADEBD988366C52E54A6DEB9406.d.58C3E9F13179890DE2463F28FEAC44CA.e.292/click - {}
RESULT: {}
COMMAND: GET /session/bb2b46b176a734b352582813c0291d70/screenshot - {}
RESULT: {}
]]></system-out>
    </testcase>
    <testcase classname="chrome.135_0_7049_115.windows.Sanity_Tests_US104253" name="Should open Manage Resources page" time="37.158">
      <system-out><![CDATA[
COMMAND: POST /session/bb2b46b176a734b352582813c0291d70/execute/async - {"script":"<script> [1562 bytes]","args":[{"selector":{"controlType":"sap.m.GenericTile","properties":{"header":"Manage Resources"}},"wdio_ui5_key":"sapm.GenericTile{\"header\":\"Manage Resources\"}"}]}
RESULT: {"script":"<script> [1562 bytes]","args":[{"selector":{"controlType":"sap.m.GenericTile","properties":{"header":"Manage Resources"}},"wdio_ui5_key":"sapm.GenericTile{\"header\":\"Manage Resources\"}"}]}
RESULT: undefined
COMMAND: POST /session/bb2b46b176a734b352582813c0291d70/element - {"using":"xpath","value":"//*[@id=\"__tile39\"]"}
RESULT: {"using":"xpath","value":"//*[@id=\"__tile39\"]"}
COMMAND: POST /session/bb2b46b176a734b352582813c0291d70/element/f.8C1D5EADEBD988366C52E54A6DEB9406.d.58C3E9F13179890DE2463F28FEAC44CA.e.480/click - {}
RESULT: {}
COMMAND: GET /session/bb2b46b176a734b352582813c0291d70/screenshot - {}
RESULT: {}
RESULT: undefined
COMMAND: POST /session/bb2b46b176a734b352582813c0291d70/element - {"using":"xpath","value":"//*[@id=\"__tile39\"]"}
RESULT: {"using":"xpath","value":"//*[@id=\"__tile39\"]"}
COMMAND: POST /session/bb2b46b176a734b352582813c0291d70/element/f.8C1D5EADEBD988366C52E54A6DEB9406.d.58C3E9F13179890DE2463F28FEAC44CA.e.480/click - {}
RESULT: undefined
COMMAND: POST /session/bb2b46b176a734b352582813c0291d70/element - {"using":"xpath","value":"//*[@id=\"__tile39\"]"}
RESULT: {"using":"xpath","value":"//*[@id=\"__tile39\"]"}
COMMAND: POST /session/bb2b46b176a734b352582813c0291d70/element/f.8C1D5EADEBD988366C52E54A6DEB9406.d.58C3E9F13179890DE2463F28FEAC44CA.e.480/click - {}
RESULT: undefined
COMMAND: POST /session/bb2b46b176a734b352582813c0291d70/execute/async - {"script":"<script> [6424 bytes]","args":[{"element-6066-11e4-a52e-4f735466cecf":"f.8C1D5EADEBD988366C52E54A6DEB9406.d.58C3E9F13179890DE2463F28FEAC44CA.e.291"},"getTitle",[]]}
COMMAND: POST /session/bb2b46b176a734b352582813c0291d70/execute/async - {"script":"<script> [1562 bytes]","args":[{"selector":{"id":"shellAppTitle"},"wdio_ui5_key":"shellAppTitle"}]}
RESULT: {"script":"<script> [1562 bytes]","args":[{"selector":{"id":"shellAppTitle"},"wdio_ui5_key":"shellAppTitle"}]}
COMMAND: POST /session/bb2b46b176a734b352582813c0291d70/execute/async - {"script":"<script> [6424 bytes]","args":[{"element-6066-11e4-a52e-4f735466cecf":"f.8C1D5EADEBD988366C52E54A6DEB9406.d.58C3E9F13179890DE2463F28FEAC44CA.e.653"},"getTitle",[]]}
RESULT: {"script":"<script> [6424 bytes]","args":[{"element-6066-11e4-a52e-4f735466cecf":"f.8C1D5EADEBD988366C52E54A6DEB9406.d.58C3E9F13179890DE2463F28FEAC44CA.e.653"},"getTitle",[]]}
RESULT: undefined
COMMAND: POST /session/bb2b46b176a734b352582813c0291d70/element/f.8C1D5EADEBD988366C52E54A6DEB9406.d.58C3E9F13179890DE2463F28FEAC44CA.e.292/click - {}
COMMAND: POST /session/bb2b46b176a734b352582813c0291d70/element - {"using":"xpath","value":"//*[@id=\"backBtn\"]"}
RESULT: {"using":"xpath","value":"//*[@id=\"backBtn\"]"}
COMMAND: POST /session/bb2b46b176a734b352582813c0291d70/element/f.8C1D5EADEBD988366C52E54A6DEB9406.d.58C3E9F13179890DE2463F28FEAC44CA.e.292/click - {}
COMMAND: POST /session/bb2b46b176a734b352582813c0291d70/element - {"using":"xpath","value":"//*[@id=\"backBtn\"]"}
RESULT: {"using":"xpath","value":"//*[@id=\"backBtn\"]"}
COMMAND: POST /session/bb2b46b176a734b352582813c0291d70/element/f.8C1D5EADEBD988366C52E54A6DEB9406.d.58C3E9F13179890DE2463F28FEAC44CA.e.654/click - {}
RESULT: {}
COMMAND: GET /session/bb2b46b176a734b352582813c0291d70/screenshot - {}
RESULT: {}
]]></system-out>
    </testcase>
    <testcase classname="chrome.135_0_7049_115.windows.Sanity_Tests_US104253" name="Should open Manage Catalogs page" time="34.551">
      <system-out><![CDATA[
COMMAND: POST /session/bb2b46b176a734b352582813c0291d70/execute/async - {"script":"<script> [1562 bytes]","args":[{"selector":{"controlType":"sap.m.GenericTile","properties":{"header":"Manage Catalogs"}},"wdio_ui5_key":"sapm.GenericTile{\"header\":\"Manage Catalogs\"}"}]}
RESULT: {"script":"<script> [1562 bytes]","args":[{"selector":{"controlType":"sap.m.GenericTile","properties":{"header":"Manage Catalogs"}},"wdio_ui5_key":"sapm.GenericTile{\"header\":\"Manage Catalogs\"}"}]}
RESULT: undefined
COMMAND: POST /session/bb2b46b176a734b352582813c0291d70/element - {"using":"xpath","value":"//*[@id=\"__tile37\"]"}
RESULT: {"using":"xpath","value":"//*[@id=\"__tile37\"]"}
COMMAND: POST /session/bb2b46b176a734b352582813c0291d70/element/f.8C1D5EADEBD988366C52E54A6DEB9406.d.58C3E9F13179890DE2463F28FEAC44CA.e.656/click - {}
RESULT: {}
COMMAND: GET /session/bb2b46b176a734b352582813c0291d70/screenshot - {}
RESULT: {}
RESULT: undefined
COMMAND: POST /session/bb2b46b176a734b352582813c0291d70/element - {"using":"xpath","value":"//*[@id=\"__tile37\"]"}
RESULT: {"using":"xpath","value":"//*[@id=\"__tile37\"]"}
COMMAND: POST /session/bb2b46b176a734b352582813c0291d70/element/f.8C1D5EADEBD988366C52E54A6DEB9406.d.58C3E9F13179890DE2463F28FEAC44CA.e.656/click - {}
RESULT: undefined
COMMAND: POST /session/bb2b46b176a734b352582813c0291d70/element - {"using":"xpath","value":"//*[@id=\"__tile37\"]"}
RESULT: {"using":"xpath","value":"//*[@id=\"__tile37\"]"}
COMMAND: POST /session/bb2b46b176a734b352582813c0291d70/element/f.8C1D5EADEBD988366C52E54A6DEB9406.d.58C3E9F13179890DE2463F28FEAC44CA.e.656/click - {}
RESULT: undefined
COMMAND: POST /session/bb2b46b176a734b352582813c0291d70/execute/async - {"script":"<script> [6424 bytes]","args":[{"element-6066-11e4-a52e-4f735466cecf":"f.8C1D5EADEBD988366C52E54A6DEB9406.d.58C3E9F13179890DE2463F28FEAC44CA.e.291"},"getTitle",[]]}
COMMAND: POST /session/bb2b46b176a734b352582813c0291d70/execute/async - {"script":"<script> [1562 bytes]","args":[{"selector":{"id":"shellAppTitle"},"wdio_ui5_key":"shellAppTitle"}]}
RESULT: {"script":"<script> [1562 bytes]","args":[{"selector":{"id":"shellAppTitle"},"wdio_ui5_key":"shellAppTitle"}]}
COMMAND: POST /session/bb2b46b176a734b352582813c0291d70/execute/async - {"script":"<script> [6424 bytes]","args":[{"element-6066-11e4-a52e-4f735466cecf":"f.8C1D5EADEBD988366C52E54A6DEB9406.d.58C3E9F13179890DE2463F28FEAC44CA.e.725"},"getTitle",[]]}
RESULT: {"script":"<script> [6424 bytes]","args":[{"element-6066-11e4-a52e-4f735466cecf":"f.8C1D5EADEBD988366C52E54A6DEB9406.d.58C3E9F13179890DE2463F28FEAC44CA.e.725"},"getTitle",[]]}
RESULT: undefined
COMMAND: POST /session/bb2b46b176a734b352582813c0291d70/element/f.8C1D5EADEBD988366C52E54A6DEB9406.d.58C3E9F13179890DE2463F28FEAC44CA.e.654/click - {}
RESULT: {}
COMMAND: GET /session/bb2b46b176a734b352582813c0291d70/screenshot - {}
RESULT: {}
]]></system-out>
    </testcase>
    <testcase classname="chrome.135_0_7049_115.windows.Sanity_Tests_US104253" name="Should open Manage Calendars page" time="33.727">
      <system-out><![CDATA[
COMMAND: POST /session/bb2b46b176a734b352582813c0291d70/execute/async - {"script":"<script> [1562 bytes]","args":[{"selector":{"controlType":"sap.m.GenericTile","properties":{"header":"Manage Calendars"}},"wdio_ui5_key":"sapm.GenericTile{\"header\":\"Manage Calendars\"}"}]}
RESULT: {"script":"<script> [1562 bytes]","args":[{"selector":{"controlType":"sap.m.GenericTile","properties":{"header":"Manage Calendars"}},"wdio_ui5_key":"sapm.GenericTile{\"header\":\"Manage Calendars\"}"}]}
RESULT: undefined
COMMAND: POST /session/bb2b46b176a734b352582813c0291d70/element - {"using":"xpath","value":"//*[@id=\"__tile36\"]"}
RESULT: {"using":"xpath","value":"//*[@id=\"__tile36\"]"}
COMMAND: POST /session/bb2b46b176a734b352582813c0291d70/element/f.8C1D5EADEBD988366C52E54A6DEB9406.d.58C3E9F13179890DE2463F28FEAC44CA.e.727/click - {}
RESULT: {}
COMMAND: GET /session/bb2b46b176a734b352582813c0291d70/screenshot - {}
RESULT: {}
RESULT: undefined
COMMAND: POST /session/bb2b46b176a734b352582813c0291d70/element - {"using":"xpath","value":"//*[@id=\"__tile36\"]"}
RESULT: {"using":"xpath","value":"//*[@id=\"__tile36\"]"}
COMMAND: POST /session/bb2b46b176a734b352582813c0291d70/element/f.8C1D5EADEBD988366C52E54A6DEB9406.d.58C3E9F13179890DE2463F28FEAC44CA.e.727/click - {}
RESULT: undefined
COMMAND: POST /session/bb2b46b176a734b352582813c0291d70/element - {"using":"xpath","value":"//*[@id=\"__tile36\"]"}
RESULT: {"using":"xpath","value":"//*[@id=\"__tile36\"]"}
COMMAND: POST /session/bb2b46b176a734b352582813c0291d70/element/f.8C1D5EADEBD988366C52E54A6DEB9406.d.58C3E9F13179890DE2463F28FEAC44CA.e.727/click - {}
RESULT: undefined
COMMAND: POST /session/bb2b46b176a734b352582813c0291d70/execute/async - {"script":"<script> [6424 bytes]","args":[{"element-6066-11e4-a52e-4f735466cecf":"f.8C1D5EADEBD988366C52E54A6DEB9406.d.58C3E9F13179890DE2463F28FEAC44CA.e.291"},"getTitle",[]]}
COMMAND: POST /session/bb2b46b176a734b352582813c0291d70/execute/async - {"script":"<script> [1562 bytes]","args":[{"selector":{"id":"shellAppTitle"},"wdio_ui5_key":"shellAppTitle"}]}
RESULT: {"script":"<script> [1562 bytes]","args":[{"selector":{"id":"shellAppTitle"},"wdio_ui5_key":"shellAppTitle"}]}
COMMAND: POST /session/bb2b46b176a734b352582813c0291d70/execute/async - {"script":"<script> [6424 bytes]","args":[{"element-6066-11e4-a52e-4f735466cecf":"f.8C1D5EADEBD988366C52E54A6DEB9406.d.58C3E9F13179890DE2463F28FEAC44CA.e.791"},"getTitle",[]]}
RESULT: {"script":"<script> [6424 bytes]","args":[{"element-6066-11e4-a52e-4f735466cecf":"f.8C1D5EADEBD988366C52E54A6DEB9406.d.58C3E9F13179890DE2463F28FEAC44CA.e.791"},"getTitle",[]]}
RESULT: undefined
COMMAND: POST /session/bb2b46b176a734b352582813c0291d70/element/f.8C1D5EADEBD988366C52E54A6DEB9406.d.58C3E9F13179890DE2463F28FEAC44CA.e.654/click - {}
COMMAND: POST /session/bb2b46b176a734b352582813c0291d70/element - {"using":"xpath","value":"//*[@id=\"backBtn\"]"}
RESULT: {"using":"xpath","value":"//*[@id=\"backBtn\"]"}
COMMAND: POST /session/bb2b46b176a734b352582813c0291d70/element/f.8C1D5EADEBD988366C52E54A6DEB9406.d.58C3E9F13179890DE2463F28FEAC44CA.e.654/click - {}
COMMAND: POST /session/bb2b46b176a734b352582813c0291d70/element - {"using":"xpath","value":"//*[@id=\"backBtn\"]"}
RESULT: {"using":"xpath","value":"//*[@id=\"backBtn\"]"}
COMMAND: POST /session/bb2b46b176a734b352582813c0291d70/element/f.8C1D5EADEBD988366C52E54A6DEB9406.d.58C3E9F13179890DE2463F28FEAC44CA.e.792/click - {}
RESULT: {}
COMMAND: GET /session/bb2b46b176a734b352582813c0291d70/screenshot - {}
RESULT: {}
]]></system-out>
    </testcase>
    <testcase classname="chrome.135_0_7049_115.windows.Sanity_Tests_US104253" name="Should open Address Management page" time="34.826">
      <system-out><![CDATA[
COMMAND: POST /session/bb2b46b176a734b352582813c0291d70/execute/async - {"script":"<script> [1562 bytes]","args":[{"selector":{"controlType":"sap.m.GenericTile","properties":{"header":"Address Management"}},"wdio_ui5_key":"sapm.GenericTile{\"header\":\"Address Management\"}"}]}
RESULT: {"script":"<script> [1562 bytes]","args":[{"selector":{"controlType":"sap.m.GenericTile","properties":{"header":"Address Management"}},"wdio_ui5_key":"sapm.GenericTile{\"header\":\"Address Management\"}"}]}
RESULT: undefined
COMMAND: POST /session/bb2b46b176a734b352582813c0291d70/element - {"using":"xpath","value":"//*[@id=\"__tile33\"]"}
RESULT: {"using":"xpath","value":"//*[@id=\"__tile33\"]"}
COMMAND: POST /session/bb2b46b176a734b352582813c0291d70/element/f.8C1D5EADEBD988366C52E54A6DEB9406.d.58C3E9F13179890DE2463F28FEAC44CA.e.794/click - {}
RESULT: {}
COMMAND: GET /session/bb2b46b176a734b352582813c0291d70/screenshot - {}
RESULT: {}
RESULT: undefined
COMMAND: POST /session/bb2b46b176a734b352582813c0291d70/element - {"using":"xpath","value":"//*[@id=\"__tile33\"]"}
RESULT: {"using":"xpath","value":"//*[@id=\"__tile33\"]"}
COMMAND: POST /session/bb2b46b176a734b352582813c0291d70/element/f.8C1D5EADEBD988366C52E54A6DEB9406.d.58C3E9F13179890DE2463F28FEAC44CA.e.794/click - {}
RESULT: undefined
COMMAND: POST /session/bb2b46b176a734b352582813c0291d70/element - {"using":"xpath","value":"//*[@id=\"__tile33\"]"}
RESULT: {"using":"xpath","value":"//*[@id=\"__tile33\"]"}
COMMAND: POST /session/bb2b46b176a734b352582813c0291d70/element/f.8C1D5EADEBD988366C52E54A6DEB9406.d.58C3E9F13179890DE2463F28FEAC44CA.e.794/click - {}
RESULT: undefined
COMMAND: POST /session/bb2b46b176a734b352582813c0291d70/execute/async - {"script":"<script> [6424 bytes]","args":[{"element-6066-11e4-a52e-4f735466cecf":"f.8C1D5EADEBD988366C52E54A6DEB9406.d.58C3E9F13179890DE2463F28FEAC44CA.e.291"},"getTitle",[]]}
COMMAND: POST /session/bb2b46b176a734b352582813c0291d70/execute/async - {"script":"<script> [1562 bytes]","args":[{"selector":{"id":"shellAppTitle"},"wdio_ui5_key":"shellAppTitle"}]}
RESULT: {"script":"<script> [1562 bytes]","args":[{"selector":{"id":"shellAppTitle"},"wdio_ui5_key":"shellAppTitle"}]}
COMMAND: POST /session/bb2b46b176a734b352582813c0291d70/execute/async - {"script":"<script> [6424 bytes]","args":[{"element-6066-11e4-a52e-4f735466cecf":"f.8C1D5EADEBD988366C52E54A6DEB9406.d.58C3E9F13179890DE2463F28FEAC44CA.e.975"},"getTitle",[]]}
RESULT: {"script":"<script> [6424 bytes]","args":[{"element-6066-11e4-a52e-4f735466cecf":"f.8C1D5EADEBD988366C52E54A6DEB9406.d.58C3E9F13179890DE2463F28FEAC44CA.e.975"},"getTitle",[]]}
RESULT: undefined
COMMAND: POST /session/bb2b46b176a734b352582813c0291d70/element/f.8C1D5EADEBD988366C52E54A6DEB9406.d.58C3E9F13179890DE2463F28FEAC44CA.e.792/click - {}
RESULT: {}
COMMAND: GET /session/bb2b46b176a734b352582813c0291d70/screenshot - {}
RESULT: {}
]]></system-out>
    </testcase>
    <testcase classname="chrome.135_0_7049_115.windows.Sanity_Tests_US104253" name="Should open Bill Of Resources page" time="35.311">
      <system-out><![CDATA[
COMMAND: POST /session/bb2b46b176a734b352582813c0291d70/execute/async - {"script":"<script> [1562 bytes]","args":[{"selector":{"controlType":"sap.m.GenericTile","properties":{"header":"Bill Of Resources"}},"wdio_ui5_key":"sapm.GenericTile{\"header\":\"Bill Of Resources\"}"}]}
RESULT: {"script":"<script> [1562 bytes]","args":[{"selector":{"controlType":"sap.m.GenericTile","properties":{"header":"Bill Of Resources"}},"wdio_ui5_key":"sapm.GenericTile{\"header\":\"Bill Of Resources\"}"}]}
RESULT: undefined
COMMAND: POST /session/bb2b46b176a734b352582813c0291d70/element - {"using":"xpath","value":"//*[@id=\"__tile34\"]"}
RESULT: {"using":"xpath","value":"//*[@id=\"__tile34\"]"}
COMMAND: POST /session/bb2b46b176a734b352582813c0291d70/element/f.8C1D5EADEBD988366C52E54A6DEB9406.d.58C3E9F13179890DE2463F28FEAC44CA.e.977/click - {}
RESULT: {}
COMMAND: GET /session/bb2b46b176a734b352582813c0291d70/screenshot - {}
RESULT: {}
RESULT: undefined
COMMAND: POST /session/bb2b46b176a734b352582813c0291d70/element - {"using":"xpath","value":"//*[@id=\"__tile34\"]"}
RESULT: {"using":"xpath","value":"//*[@id=\"__tile34\"]"}
COMMAND: POST /session/bb2b46b176a734b352582813c0291d70/element/f.8C1D5EADEBD988366C52E54A6DEB9406.d.58C3E9F13179890DE2463F28FEAC44CA.e.977/click - {}
RESULT: undefined
COMMAND: POST /session/bb2b46b176a734b352582813c0291d70/element - {"using":"xpath","value":"//*[@id=\"__tile34\"]"}
RESULT: {"using":"xpath","value":"//*[@id=\"__tile34\"]"}
COMMAND: POST /session/bb2b46b176a734b352582813c0291d70/element/f.8C1D5EADEBD988366C52E54A6DEB9406.d.58C3E9F13179890DE2463F28FEAC44CA.e.977/click - {}
RESULT: undefined
COMMAND: POST /session/bb2b46b176a734b352582813c0291d70/execute/async - {"script":"<script> [6424 bytes]","args":[{"element-6066-11e4-a52e-4f735466cecf":"f.8C1D5EADEBD988366C52E54A6DEB9406.d.58C3E9F13179890DE2463F28FEAC44CA.e.291"},"getTitle",[]]}
COMMAND: POST /session/bb2b46b176a734b352582813c0291d70/execute/async - {"script":"<script> [1562 bytes]","args":[{"selector":{"id":"shellAppTitle"},"wdio_ui5_key":"shellAppTitle"}]}
RESULT: {"script":"<script> [1562 bytes]","args":[{"selector":{"id":"shellAppTitle"},"wdio_ui5_key":"shellAppTitle"}]}
COMMAND: POST /session/bb2b46b176a734b352582813c0291d70/execute/async - {"script":"<script> [6424 bytes]","args":[{"element-6066-11e4-a52e-4f735466cecf":"f.8C1D5EADEBD988366C52E54A6DEB9406.d.58C3E9F13179890DE2463F28FEAC44CA.e.1070"},"getTitle",[]]}
RESULT: {"script":"<script> [6424 bytes]","args":[{"element-6066-11e4-a52e-4f735466cecf":"f.8C1D5EADEBD988366C52E54A6DEB9406.d.58C3E9F13179890DE2463F28FEAC44CA.e.1070"},"getTitle",[]]}
RESULT: undefined
COMMAND: POST /session/bb2b46b176a734b352582813c0291d70/element/f.8C1D5EADEBD988366C52E54A6DEB9406.d.58C3E9F13179890DE2463F28FEAC44CA.e.792/click - {}
COMMAND: POST /session/bb2b46b176a734b352582813c0291d70/element - {"using":"xpath","value":"//*[@id=\"backBtn\"]"}
RESULT: {"using":"xpath","value":"//*[@id=\"backBtn\"]"}
COMMAND: POST /session/bb2b46b176a734b352582813c0291d70/element/f.8C1D5EADEBD988366C52E54A6DEB9406.d.58C3E9F13179890DE2463F28FEAC44CA.e.792/click - {}
COMMAND: POST /session/bb2b46b176a734b352582813c0291d70/element - {"using":"xpath","value":"//*[@id=\"backBtn\"]"}
RESULT: {"using":"xpath","value":"//*[@id=\"backBtn\"]"}
COMMAND: POST /session/bb2b46b176a734b352582813c0291d70/element/f.8C1D5EADEBD988366C52E54A6DEB9406.d.58C3E9F13179890DE2463F28FEAC44CA.e.1071/click - {}
RESULT: {}
COMMAND: GET /session/bb2b46b176a734b352582813c0291d70/screenshot - {}
RESULT: {}
]]></system-out>
    </testcase>
    <testcase classname="chrome.135_0_7049_115.windows.Sanity_Tests_US104253" name="Should open Manage Yards page" time="35.027">
      <system-out><![CDATA[
COMMAND: POST /session/bb2b46b176a734b352582813c0291d70/execute/async - {"script":"<script> [1562 bytes]","args":[{"selector":{"controlType":"sap.m.GenericTile","properties":{"header":"Manage Yards"}},"wdio_ui5_key":"sapm.GenericTile{\"header\":\"Manage Yards\"}"}]}
RESULT: {"script":"<script> [1562 bytes]","args":[{"selector":{"controlType":"sap.m.GenericTile","properties":{"header":"Manage Yards"}},"wdio_ui5_key":"sapm.GenericTile{\"header\":\"Manage Yards\"}"}]}
RESULT: undefined
COMMAND: POST /session/bb2b46b176a734b352582813c0291d70/element - {"using":"xpath","value":"//*[@id=\"__tile41\"]"}
RESULT: {"using":"xpath","value":"//*[@id=\"__tile41\"]"}
COMMAND: POST /session/bb2b46b176a734b352582813c0291d70/element/f.8C1D5EADEBD988366C52E54A6DEB9406.d.58C3E9F13179890DE2463F28FEAC44CA.e.1073/click - {}
RESULT: {}
COMMAND: GET /session/bb2b46b176a734b352582813c0291d70/screenshot - {}
RESULT: {}
RESULT: undefined
COMMAND: POST /session/bb2b46b176a734b352582813c0291d70/element - {"using":"xpath","value":"//*[@id=\"__tile41\"]"}
RESULT: {"using":"xpath","value":"//*[@id=\"__tile41\"]"}
COMMAND: POST /session/bb2b46b176a734b352582813c0291d70/element/f.8C1D5EADEBD988366C52E54A6DEB9406.d.58C3E9F13179890DE2463F28FEAC44CA.e.1073/click - {}
RESULT: undefined
COMMAND: POST /session/bb2b46b176a734b352582813c0291d70/element - {"using":"xpath","value":"//*[@id=\"__tile41\"]"}
RESULT: {"using":"xpath","value":"//*[@id=\"__tile41\"]"}
COMMAND: POST /session/bb2b46b176a734b352582813c0291d70/element/f.8C1D5EADEBD988366C52E54A6DEB9406.d.58C3E9F13179890DE2463F28FEAC44CA.e.1073/click - {}
RESULT: undefined
COMMAND: POST /session/bb2b46b176a734b352582813c0291d70/execute/async - {"script":"<script> [6424 bytes]","args":[{"element-6066-11e4-a52e-4f735466cecf":"f.8C1D5EADEBD988366C52E54A6DEB9406.d.58C3E9F13179890DE2463F28FEAC44CA.e.291"},"getTitle",[]]}
COMMAND: POST /session/bb2b46b176a734b352582813c0291d70/execute/async - {"script":"<script> [1562 bytes]","args":[{"selector":{"id":"shellAppTitle"},"wdio_ui5_key":"shellAppTitle"}]}
RESULT: {"script":"<script> [1562 bytes]","args":[{"selector":{"id":"shellAppTitle"},"wdio_ui5_key":"shellAppTitle"}]}
COMMAND: POST /session/bb2b46b176a734b352582813c0291d70/execute/async - {"script":"<script> [6424 bytes]","args":[{"element-6066-11e4-a52e-4f735466cecf":"f.8C1D5EADEBD988366C52E54A6DEB9406.d.58C3E9F13179890DE2463F28FEAC44CA.e.1256"},"getTitle",[]]}
RESULT: {"script":"<script> [6424 bytes]","args":[{"element-6066-11e4-a52e-4f735466cecf":"f.8C1D5EADEBD988366C52E54A6DEB9406.d.58C3E9F13179890DE2463F28FEAC44CA.e.1256"},"getTitle",[]]}
RESULT: undefined
COMMAND: POST /session/bb2b46b176a734b352582813c0291d70/element/f.8C1D5EADEBD988366C52E54A6DEB9406.d.58C3E9F13179890DE2463F28FEAC44CA.e.1071/click - {}
RESULT: {}
COMMAND: GET /session/bb2b46b176a734b352582813c0291d70/screenshot - {}
RESULT: {}
]]></system-out>
    </testcase>
    <testcase classname="chrome.135_0_7049_115.windows.Sanity_Tests_US104253" name="Should open Manage Requests page" time="33.085">
      <system-out><![CDATA[
COMMAND: POST /session/bb2b46b176a734b352582813c0291d70/execute/async - {"script":"<script> [1562 bytes]","args":[{"selector":{"controlType":"sap.m.GenericTile","properties":{"header":"Manage Requests"}},"wdio_ui5_key":"sapm.GenericTile{\"header\":\"Manage Requests\"}"}]}
RESULT: {"script":"<script> [1562 bytes]","args":[{"selector":{"controlType":"sap.m.GenericTile","properties":{"header":"Manage Requests"}},"wdio_ui5_key":"sapm.GenericTile{\"header\":\"Manage Requests\"}"}]}
RESULT: undefined
COMMAND: POST /session/bb2b46b176a734b352582813c0291d70/element - {"using":"xpath","value":"//*[@id=\"__tile47\"]"}
RESULT: {"using":"xpath","value":"//*[@id=\"__tile47\"]"}
COMMAND: POST /session/bb2b46b176a734b352582813c0291d70/element/f.8C1D5EADEBD988366C52E54A6DEB9406.d.58C3E9F13179890DE2463F28FEAC44CA.e.1258/click - {}
RESULT: {}
COMMAND: GET /session/bb2b46b176a734b352582813c0291d70/screenshot - {}
RESULT: {}
RESULT: undefined
COMMAND: POST /session/bb2b46b176a734b352582813c0291d70/element - {"using":"xpath","value":"//*[@id=\"__tile47\"]"}
RESULT: {"using":"xpath","value":"//*[@id=\"__tile47\"]"}
COMMAND: POST /session/bb2b46b176a734b352582813c0291d70/element/f.8C1D5EADEBD988366C52E54A6DEB9406.d.58C3E9F13179890DE2463F28FEAC44CA.e.1258/click - {}
RESULT: undefined
COMMAND: POST /session/bb2b46b176a734b352582813c0291d70/element - {"using":"xpath","value":"//*[@id=\"__tile47\"]"}
RESULT: {"using":"xpath","value":"//*[@id=\"__tile47\"]"}
COMMAND: POST /session/bb2b46b176a734b352582813c0291d70/element/f.8C1D5EADEBD988366C52E54A6DEB9406.d.58C3E9F13179890DE2463F28FEAC44CA.e.1258/click - {}
RESULT: undefined
COMMAND: POST /session/bb2b46b176a734b352582813c0291d70/execute/async - {"script":"<script> [6424 bytes]","args":[{"element-6066-11e4-a52e-4f735466cecf":"f.8C1D5EADEBD988366C52E54A6DEB9406.d.58C3E9F13179890DE2463F28FEAC44CA.e.291"},"getTitle",[]]}
COMMAND: POST /session/bb2b46b176a734b352582813c0291d70/execute/async - {"script":"<script> [1562 bytes]","args":[{"selector":{"id":"shellAppTitle"},"wdio_ui5_key":"shellAppTitle"}]}
RESULT: {"script":"<script> [1562 bytes]","args":[{"selector":{"id":"shellAppTitle"},"wdio_ui5_key":"shellAppTitle"}]}
COMMAND: POST /session/bb2b46b176a734b352582813c0291d70/execute/async - {"script":"<script> [6424 bytes]","args":[{"element-6066-11e4-a52e-4f735466cecf":"f.8C1D5EADEBD988366C52E54A6DEB9406.d.58C3E9F13179890DE2463F28FEAC44CA.e.1353"},"getTitle",[]]}
RESULT: {"script":"<script> [6424 bytes]","args":[{"element-6066-11e4-a52e-4f735466cecf":"f.8C1D5EADEBD988366C52E54A6DEB9406.d.58C3E9F13179890DE2463F28FEAC44CA.e.1353"},"getTitle",[]]}
RESULT: undefined
COMMAND: POST /session/bb2b46b176a734b352582813c0291d70/element/f.8C1D5EADEBD988366C52E54A6DEB9406.d.58C3E9F13179890DE2463F28FEAC44CA.e.1071/click - {}
COMMAND: POST /session/bb2b46b176a734b352582813c0291d70/element - {"using":"xpath","value":"//*[@id=\"backBtn\"]"}
RESULT: {"using":"xpath","value":"//*[@id=\"backBtn\"]"}
COMMAND: POST /session/bb2b46b176a734b352582813c0291d70/element/f.8C1D5EADEBD988366C52E54A6DEB9406.d.58C3E9F13179890DE2463F28FEAC44CA.e.1071/click - {}
COMMAND: POST /session/bb2b46b176a734b352582813c0291d70/element - {"using":"xpath","value":"//*[@id=\"backBtn\"]"}
RESULT: {"using":"xpath","value":"//*[@id=\"backBtn\"]"}
COMMAND: POST /session/bb2b46b176a734b352582813c0291d70/element/f.8C1D5EADEBD988366C52E54A6DEB9406.d.58C3E9F13179890DE2463F28FEAC44CA.e.1354/click - {}
RESULT: {}
COMMAND: GET /session/bb2b46b176a734b352582813c0291d70/screenshot - {}
RESULT: {}
]]></system-out>
    </testcase>
    <testcase classname="chrome.135_0_7049_115.windows.Sanity_Tests_US104253" name="Should open Manage Purchasing page" time="34.735">
      <system-out><![CDATA[
COMMAND: POST /session/bb2b46b176a734b352582813c0291d70/execute/async - {"script":"<script> [1562 bytes]","args":[{"selector":{"controlType":"sap.m.GenericTile","properties":{"header":"Manage Purchasing"}},"wdio_ui5_key":"sapm.GenericTile{\"header\":\"Manage Purchasing\"}"}]}
RESULT: {"script":"<script> [1562 bytes]","args":[{"selector":{"controlType":"sap.m.GenericTile","properties":{"header":"Manage Purchasing"}},"wdio_ui5_key":"sapm.GenericTile{\"header\":\"Manage Purchasing\"}"}]}
RESULT: undefined
COMMAND: POST /session/bb2b46b176a734b352582813c0291d70/element - {"using":"xpath","value":"//*[@id=\"__tile46\"]"}
RESULT: {"using":"xpath","value":"//*[@id=\"__tile46\"]"}
COMMAND: POST /session/bb2b46b176a734b352582813c0291d70/element/f.8C1D5EADEBD988366C52E54A6DEB9406.d.58C3E9F13179890DE2463F28FEAC44CA.e.1357/click - {}
RESULT: {}
COMMAND: GET /session/bb2b46b176a734b352582813c0291d70/screenshot - {}
RESULT: {}
RESULT: undefined
COMMAND: POST /session/bb2b46b176a734b352582813c0291d70/element - {"using":"xpath","value":"//*[@id=\"__tile46\"]"}
RESULT: {"using":"xpath","value":"//*[@id=\"__tile46\"]"}
COMMAND: POST /session/bb2b46b176a734b352582813c0291d70/element/f.8C1D5EADEBD988366C52E54A6DEB9406.d.58C3E9F13179890DE2463F28FEAC44CA.e.1357/click - {}
RESULT: undefined
COMMAND: POST /session/bb2b46b176a734b352582813c0291d70/element - {"using":"xpath","value":"//*[@id=\"__tile46\"]"}
RESULT: {"using":"xpath","value":"//*[@id=\"__tile46\"]"}
COMMAND: POST /session/bb2b46b176a734b352582813c0291d70/element/f.8C1D5EADEBD988366C52E54A6DEB9406.d.58C3E9F13179890DE2463F28FEAC44CA.e.1357/click - {}
RESULT: undefined
COMMAND: POST /session/bb2b46b176a734b352582813c0291d70/execute/async - {"script":"<script> [6424 bytes]","args":[{"element-6066-11e4-a52e-4f735466cecf":"f.8C1D5EADEBD988366C52E54A6DEB9406.d.58C3E9F13179890DE2463F28FEAC44CA.e.291"},"getTitle",[]]}
COMMAND: POST /session/bb2b46b176a734b352582813c0291d70/execute/async - {"script":"<script> [1562 bytes]","args":[{"selector":{"id":"shellAppTitle"},"wdio_ui5_key":"shellAppTitle"}]}
RESULT: {"script":"<script> [1562 bytes]","args":[{"selector":{"id":"shellAppTitle"},"wdio_ui5_key":"shellAppTitle"}]}
COMMAND: POST /session/bb2b46b176a734b352582813c0291d70/execute/async - {"script":"<script> [6424 bytes]","args":[{"element-6066-11e4-a52e-4f735466cecf":"f.8C1D5EADEBD988366C52E54A6DEB9406.d.58C3E9F13179890DE2463F28FEAC44CA.e.1434"},"getTitle",[]]}
RESULT: {"script":"<script> [6424 bytes]","args":[{"element-6066-11e4-a52e-4f735466cecf":"f.8C1D5EADEBD988366C52E54A6DEB9406.d.58C3E9F13179890DE2463F28FEAC44CA.e.1434"},"getTitle",[]]}
RESULT: undefined
COMMAND: POST /session/bb2b46b176a734b352582813c0291d70/element/f.8C1D5EADEBD988366C52E54A6DEB9406.d.58C3E9F13179890DE2463F28FEAC44CA.e.1354/click - {}
RESULT: {}
COMMAND: GET /session/bb2b46b176a734b352582813c0291d70/screenshot - {}
RESULT: {}
]]></system-out>
    </testcase>
    <testcase classname="chrome.135_0_7049_115.windows.Sanity_Tests_US104253" name="Should open Planning Board page" time="33.585">
      <system-out><![CDATA[
COMMAND: POST /session/bb2b46b176a734b352582813c0291d70/execute/async - {"script":"<script> [1562 bytes]","args":[{"selector":{"controlType":"sap.m.GenericTile","properties":{"header":"Planning Board"}},"wdio_ui5_key":"sapm.GenericTile{\"header\":\"Planning Board\"}"}]}
RESULT: {"script":"<script> [1562 bytes]","args":[{"selector":{"controlType":"sap.m.GenericTile","properties":{"header":"Planning Board"}},"wdio_ui5_key":"sapm.GenericTile{\"header\":\"Planning Board\"}"}]}
RESULT: undefined
COMMAND: POST /session/bb2b46b176a734b352582813c0291d70/element - {"using":"xpath","value":"//*[@id=\"__tile132\"]"}
RESULT: {"using":"xpath","value":"//*[@id=\"__tile132\"]"}
COMMAND: POST /session/bb2b46b176a734b352582813c0291d70/element/f.8C1D5EADEBD988366C52E54A6DEB9406.d.58C3E9F13179890DE2463F28FEAC44CA.e.1436/click - {}
RESULT: {}
COMMAND: GET /session/bb2b46b176a734b352582813c0291d70/screenshot - {}
RESULT: {}
RESULT: undefined
COMMAND: POST /session/bb2b46b176a734b352582813c0291d70/element - {"using":"xpath","value":"//*[@id=\"__tile132\"]"}
RESULT: {"using":"xpath","value":"//*[@id=\"__tile132\"]"}
COMMAND: POST /session/bb2b46b176a734b352582813c0291d70/element/f.8C1D5EADEBD988366C52E54A6DEB9406.d.58C3E9F13179890DE2463F28FEAC44CA.e.1436/click - {}
RESULT: undefined
COMMAND: POST /session/bb2b46b176a734b352582813c0291d70/element - {"using":"xpath","value":"//*[@id=\"__tile132\"]"}
RESULT: {"using":"xpath","value":"//*[@id=\"__tile132\"]"}
COMMAND: POST /session/bb2b46b176a734b352582813c0291d70/element/f.8C1D5EADEBD988366C52E54A6DEB9406.d.58C3E9F13179890DE2463F28FEAC44CA.e.1436/click - {}
RESULT: undefined
COMMAND: POST /session/bb2b46b176a734b352582813c0291d70/execute/async - {"script":"<script> [6424 bytes]","args":[{"element-6066-11e4-a52e-4f735466cecf":"f.8C1D5EADEBD988366C52E54A6DEB9406.d.58C3E9F13179890DE2463F28FEAC44CA.e.291"},"getTitle",[]]}
COMMAND: POST /session/bb2b46b176a734b352582813c0291d70/execute/async - {"script":"<script> [1562 bytes]","args":[{"selector":{"id":"shellAppTitle"},"wdio_ui5_key":"shellAppTitle"}]}
RESULT: {"script":"<script> [1562 bytes]","args":[{"selector":{"id":"shellAppTitle"},"wdio_ui5_key":"shellAppTitle"}]}
COMMAND: POST /session/bb2b46b176a734b352582813c0291d70/execute/async - {"script":"<script> [6424 bytes]","args":[{"element-6066-11e4-a52e-4f735466cecf":"f.8C1D5EADEBD988366C52E54A6DEB9406.d.58C3E9F13179890DE2463F28FEAC44CA.e.1483"},"getTitle",[]]}
RESULT: {"script":"<script> [6424 bytes]","args":[{"element-6066-11e4-a52e-4f735466cecf":"f.8C1D5EADEBD988366C52E54A6DEB9406.d.58C3E9F13179890DE2463F28FEAC44CA.e.1483"},"getTitle",[]]}
RESULT: undefined
COMMAND: POST /session/bb2b46b176a734b352582813c0291d70/element/f.8C1D5EADEBD988366C52E54A6DEB9406.d.58C3E9F13179890DE2463F28FEAC44CA.e.1354/click - {}
COMMAND: POST /session/bb2b46b176a734b352582813c0291d70/element/f.8C1D5EADEBD988366C52E54A6DEB9406.d.58C3E9F13179890DE2463F28FEAC44CA.e.1354/click - {}
COMMAND: POST /session/bb2b46b176a734b352582813c0291d70/element - {"using":"xpath","value":"//*[@id=\"backBtn\"]"}
COMMAND: POST /session/bb2b46b176a734b352582813c0291d70/element - {"using":"xpath","value":"//*[@id=\"backBtn\"]"}
RESULT: {"using":"xpath","value":"//*[@id=\"backBtn\"]"}
COMMAND: POST /session/bb2b46b176a734b352582813c0291d70/element/f.8C1D5EADEBD988366C52E54A6DEB9406.d.58C3E9F13179890DE2463F28FEAC44CA.e.1354/click - {}
RESULT: {"using":"xpath","value":"//*[@id=\"backBtn\"]"}
COMMAND: POST /session/bb2b46b176a734b352582813c0291d70/element/f.8C1D5EADEBD988366C52E54A6DEB9406.d.58C3E9F13179890DE2463F28FEAC44CA.e.1354/click - {}
COMMAND: POST /session/bb2b46b176a734b352582813c0291d70/element - {"using":"xpath","value":"//*[@id=\"backBtn\"]"}
COMMAND: POST /session/bb2b46b176a734b352582813c0291d70/element - {"using":"xpath","value":"//*[@id=\"backBtn\"]"}
RESULT: {"using":"xpath","value":"//*[@id=\"backBtn\"]"}
COMMAND: POST /session/bb2b46b176a734b352582813c0291d70/element/f.8C1D5EADEBD988366C52E54A6DEB9406.d.58C3E9F13179890DE2463F28FEAC44CA.e.1484/click - {}
RESULT: {"using":"xpath","value":"//*[@id=\"backBtn\"]"}
COMMAND: POST /session/bb2b46b176a734b352582813c0291d70/element/f.8C1D5EADEBD988366C52E54A6DEB9406.d.58C3E9F13179890DE2463F28FEAC44CA.e.1484/click - {}
RESULT: {}
COMMAND: GET /session/bb2b46b176a734b352582813c0291d70/screenshot - {}
RESULT: {}
COMMAND: GET /session/bb2b46b176a734b352582813c0291d70/screenshot - {}
RESULT: {}
RESULT: {}
]]></system-out>
    </testcase>
    <testcase classname="chrome.135_0_7049_115.windows.Sanity_Tests_US104253" name="Should open Manage Contracts page" time="36.816">
      <system-out><![CDATA[
COMMAND: POST /session/bb2b46b176a734b352582813c0291d70/execute/async - {"script":"<script> [1562 bytes]","args":[{"selector":{"controlType":"sap.m.GenericTile","properties":{"header":"Manage Contracts"}},"wdio_ui5_key":"sapm.GenericTile{\"header\":\"Manage Contracts\"}"}]}
RESULT: {"script":"<script> [1562 bytes]","args":[{"selector":{"controlType":"sap.m.GenericTile","properties":{"header":"Manage Contracts"}},"wdio_ui5_key":"sapm.GenericTile{\"header\":\"Manage Contracts\"}"}]}
RESULT: undefined
COMMAND: POST /session/bb2b46b176a734b352582813c0291d70/element - {"using":"xpath","value":"//*[@id=\"__tile131\"]"}
RESULT: {"using":"xpath","value":"//*[@id=\"__tile131\"]"}
COMMAND: POST /session/bb2b46b176a734b352582813c0291d70/element/f.8C1D5EADEBD988366C52E54A6DEB9406.d.58C3E9F13179890DE2463F28FEAC44CA.e.1486/click - {}
RESULT: {}
COMMAND: GET /session/bb2b46b176a734b352582813c0291d70/screenshot - {}
RESULT: {}
RESULT: undefined
COMMAND: POST /session/bb2b46b176a734b352582813c0291d70/element - {"using":"xpath","value":"//*[@id=\"__tile131\"]"}
RESULT: {"using":"xpath","value":"//*[@id=\"__tile131\"]"}
COMMAND: POST /session/bb2b46b176a734b352582813c0291d70/element/f.8C1D5EADEBD988366C52E54A6DEB9406.d.58C3E9F13179890DE2463F28FEAC44CA.e.1486/click - {}
RESULT: undefined
COMMAND: POST /session/bb2b46b176a734b352582813c0291d70/element - {"using":"xpath","value":"//*[@id=\"__tile131\"]"}
RESULT: {"using":"xpath","value":"//*[@id=\"__tile131\"]"}
COMMAND: POST /session/bb2b46b176a734b352582813c0291d70/element/f.8C1D5EADEBD988366C52E54A6DEB9406.d.58C3E9F13179890DE2463F28FEAC44CA.e.1486/click - {}
RESULT: undefined
COMMAND: POST /session/bb2b46b176a734b352582813c0291d70/execute/async - {"script":"<script> [6424 bytes]","args":[{"element-6066-11e4-a52e-4f735466cecf":"f.8C1D5EADEBD988366C52E54A6DEB9406.d.58C3E9F13179890DE2463F28FEAC44CA.e.291"},"getTitle",[]]}
COMMAND: POST /session/bb2b46b176a734b352582813c0291d70/execute/async - {"script":"<script> [1562 bytes]","args":[{"selector":{"id":"shellAppTitle"},"wdio_ui5_key":"shellAppTitle"}]}
RESULT: {"script":"<script> [1562 bytes]","args":[{"selector":{"id":"shellAppTitle"},"wdio_ui5_key":"shellAppTitle"}]}
COMMAND: POST /session/bb2b46b176a734b352582813c0291d70/execute/async - {"script":"<script> [6424 bytes]","args":[{"element-6066-11e4-a52e-4f735466cecf":"f.8C1D5EADEBD988366C52E54A6DEB9406.d.58C3E9F13179890DE2463F28FEAC44CA.e.1551"},"getTitle",[]]}
RESULT: {"script":"<script> [6424 bytes]","args":[{"element-6066-11e4-a52e-4f735466cecf":"f.8C1D5EADEBD988366C52E54A6DEB9406.d.58C3E9F13179890DE2463F28FEAC44CA.e.1551"},"getTitle",[]]}
RESULT: undefined
COMMAND: POST /session/bb2b46b176a734b352582813c0291d70/element/f.8C1D5EADEBD988366C52E54A6DEB9406.d.58C3E9F13179890DE2463F28FEAC44CA.e.1484/click - {}
RESULT: {}
COMMAND: GET /session/bb2b46b176a734b352582813c0291d70/screenshot - {}
RESULT: {}
]]></system-out>
    </testcase>
    <testcase classname="chrome.135_0_7049_115.windows.Sanity_Tests_US104253" name="Should open Manage Quotations page" time="34.592">
      <system-out><![CDATA[
COMMAND: POST /session/bb2b46b176a734b352582813c0291d70/execute/async - {"script":"<script> [1562 bytes]","args":[{"selector":{"controlType":"sap.m.GenericTile","properties":{"header":"Manage Quotations"}},"wdio_ui5_key":"sapm.GenericTile{\"header\":\"Manage Quotations\"}"}]}
RESULT: {"script":"<script> [1562 bytes]","args":[{"selector":{"controlType":"sap.m.GenericTile","properties":{"header":"Manage Quotations"}},"wdio_ui5_key":"sapm.GenericTile{\"header\":\"Manage Quotations\"}"}]}
RESULT: undefined
COMMAND: POST /session/bb2b46b176a734b352582813c0291d70/element - {"using":"xpath","value":"//*[@id=\"__tile133\"]"}
RESULT: {"using":"xpath","value":"//*[@id=\"__tile133\"]"}
COMMAND: POST /session/bb2b46b176a734b352582813c0291d70/element/f.8C1D5EADEBD988366C52E54A6DEB9406.d.58C3E9F13179890DE2463F28FEAC44CA.e.1553/click - {}
RESULT: {}
COMMAND: GET /session/bb2b46b176a734b352582813c0291d70/screenshot - {}
RESULT: undefined
COMMAND: POST /session/bb2b46b176a734b352582813c0291d70/element - {"using":"xpath","value":"//*[@id=\"__tile133\"]"}
RESULT: {}
RESULT: {"using":"xpath","value":"//*[@id=\"__tile133\"]"}
COMMAND: POST /session/bb2b46b176a734b352582813c0291d70/element/f.8C1D5EADEBD988366C52E54A6DEB9406.d.58C3E9F13179890DE2463F28FEAC44CA.e.1553/click - {}
RESULT: undefined
COMMAND: POST /session/bb2b46b176a734b352582813c0291d70/element - {"using":"xpath","value":"//*[@id=\"__tile133\"]"}
RESULT: {"using":"xpath","value":"//*[@id=\"__tile133\"]"}
COMMAND: POST /session/bb2b46b176a734b352582813c0291d70/element/f.8C1D5EADEBD988366C52E54A6DEB9406.d.58C3E9F13179890DE2463F28FEAC44CA.e.1553/click - {}
RESULT: undefined
COMMAND: POST /session/bb2b46b176a734b352582813c0291d70/execute/async - {"script":"<script> [6424 bytes]","args":[{"element-6066-11e4-a52e-4f735466cecf":"f.8C1D5EADEBD988366C52E54A6DEB9406.d.58C3E9F13179890DE2463F28FEAC44CA.e.291"},"getTitle",[]]}
COMMAND: POST /session/bb2b46b176a734b352582813c0291d70/execute/async - {"script":"<script> [1562 bytes]","args":[{"selector":{"id":"shellAppTitle"},"wdio_ui5_key":"shellAppTitle"}]}
RESULT: {"script":"<script> [1562 bytes]","args":[{"selector":{"id":"shellAppTitle"},"wdio_ui5_key":"shellAppTitle"}]}
COMMAND: POST /session/bb2b46b176a734b352582813c0291d70/execute/async - {"script":"<script> [6424 bytes]","args":[{"element-6066-11e4-a52e-4f735466cecf":"f.8C1D5EADEBD988366C52E54A6DEB9406.d.58C3E9F13179890DE2463F28FEAC44CA.e.1776"},"getTitle",[]]}
RESULT: {"script":"<script> [6424 bytes]","args":[{"element-6066-11e4-a52e-4f735466cecf":"f.8C1D5EADEBD988366C52E54A6DEB9406.d.58C3E9F13179890DE2463F28FEAC44CA.e.1776"},"getTitle",[]]}
RESULT: undefined
COMMAND: POST /session/bb2b46b176a734b352582813c0291d70/element/f.8C1D5EADEBD988366C52E54A6DEB9406.d.58C3E9F13179890DE2463F28FEAC44CA.e.1484/click - {}
COMMAND: POST /session/bb2b46b176a734b352582813c0291d70/element - {"using":"xpath","value":"//*[@id=\"backBtn\"]"}
RESULT: {"using":"xpath","value":"//*[@id=\"backBtn\"]"}
COMMAND: POST /session/bb2b46b176a734b352582813c0291d70/element/f.8C1D5EADEBD988366C52E54A6DEB9406.d.58C3E9F13179890DE2463F28FEAC44CA.e.1484/click - {}
COMMAND: POST /session/bb2b46b176a734b352582813c0291d70/element - {"using":"xpath","value":"//*[@id=\"backBtn\"]"}
RESULT: {"using":"xpath","value":"//*[@id=\"backBtn\"]"}
COMMAND: POST /session/bb2b46b176a734b352582813c0291d70/element/f.8C1D5EADEBD988366C52E54A6DEB9406.d.58C3E9F13179890DE2463F28FEAC44CA.e.1777/click - {}
RESULT: {}
COMMAND: GET /session/bb2b46b176a734b352582813c0291d70/screenshot - {}
RESULT: {}
]]></system-out>
    </testcase>
    <testcase classname="chrome.135_0_7049_115.windows.Sanity_Tests_US104253" name="Should open Manage Handovers page" time="34.318">
      <system-out><![CDATA[
COMMAND: POST /session/bb2b46b176a734b352582813c0291d70/execute/async - {"script":"<script> [1562 bytes]","args":[{"selector":{"controlType":"sap.m.GenericTile","properties":{"header":"Manage Handovers"}},"wdio_ui5_key":"sapm.GenericTile{\"header\":\"Manage Handovers\"}"}]}
RESULT: {"script":"<script> [1562 bytes]","args":[{"selector":{"controlType":"sap.m.GenericTile","properties":{"header":"Manage Handovers"}},"wdio_ui5_key":"sapm.GenericTile{\"header\":\"Manage Handovers\"}"}]}
RESULT: undefined
COMMAND: POST /session/bb2b46b176a734b352582813c0291d70/element - {"using":"xpath","value":"//*[@id=\"__tile130\"]"}
RESULT: {"using":"xpath","value":"//*[@id=\"__tile130\"]"}
COMMAND: POST /session/bb2b46b176a734b352582813c0291d70/element/f.8C1D5EADEBD988366C52E54A6DEB9406.d.58C3E9F13179890DE2463F28FEAC44CA.e.1779/click - {}
RESULT: {}
COMMAND: GET /session/bb2b46b176a734b352582813c0291d70/screenshot - {}
RESULT: {}
RESULT: undefined
COMMAND: POST /session/bb2b46b176a734b352582813c0291d70/element - {"using":"xpath","value":"//*[@id=\"__tile130\"]"}
RESULT: {"using":"xpath","value":"//*[@id=\"__tile130\"]"}
COMMAND: POST /session/bb2b46b176a734b352582813c0291d70/element/f.8C1D5EADEBD988366C52E54A6DEB9406.d.58C3E9F13179890DE2463F28FEAC44CA.e.1779/click - {}
RESULT: undefined
COMMAND: POST /session/bb2b46b176a734b352582813c0291d70/element - {"using":"xpath","value":"//*[@id=\"__tile130\"]"}
RESULT: {"using":"xpath","value":"//*[@id=\"__tile130\"]"}
COMMAND: POST /session/bb2b46b176a734b352582813c0291d70/element/f.8C1D5EADEBD988366C52E54A6DEB9406.d.58C3E9F13179890DE2463F28FEAC44CA.e.1779/click - {}
RESULT: undefined
COMMAND: POST /session/bb2b46b176a734b352582813c0291d70/execute/async - {"script":"<script> [6424 bytes]","args":[{"element-6066-11e4-a52e-4f735466cecf":"f.8C1D5EADEBD988366C52E54A6DEB9406.d.58C3E9F13179890DE2463F28FEAC44CA.e.291"},"getTitle",[]]}
COMMAND: POST /session/bb2b46b176a734b352582813c0291d70/execute/async - {"script":"<script> [1562 bytes]","args":[{"selector":{"id":"shellAppTitle"},"wdio_ui5_key":"shellAppTitle"}]}
RESULT: {"script":"<script> [1562 bytes]","args":[{"selector":{"id":"shellAppTitle"},"wdio_ui5_key":"shellAppTitle"}]}
COMMAND: POST /session/bb2b46b176a734b352582813c0291d70/execute/async - {"script":"<script> [6424 bytes]","args":[{"element-6066-11e4-a52e-4f735466cecf":"f.8C1D5EADEBD988366C52E54A6DEB9406.d.58C3E9F13179890DE2463F28FEAC44CA.e.1990"},"getTitle",[]]}
RESULT: {"script":"<script> [6424 bytes]","args":[{"element-6066-11e4-a52e-4f735466cecf":"f.8C1D5EADEBD988366C52E54A6DEB9406.d.58C3E9F13179890DE2463F28FEAC44CA.e.1990"},"getTitle",[]]}
RESULT: undefined
COMMAND: POST /session/bb2b46b176a734b352582813c0291d70/element/f.8C1D5EADEBD988366C52E54A6DEB9406.d.58C3E9F13179890DE2463F28FEAC44CA.e.1777/click - {}
RESULT: {}
COMMAND: GET /session/bb2b46b176a734b352582813c0291d70/screenshot - {}
RESULT: {}
]]></system-out>
    </testcase>
    <testcase classname="chrome.135_0_7049_115.windows.Sanity_Tests_US104253" name="Should open Delivery Monitor page" time="35.509">
      <system-out><![CDATA[
COMMAND: POST /session/bb2b46b176a734b352582813c0291d70/execute/async - {"script":"<script> [1562 bytes]","args":[{"selector":{"controlType":"sap.m.GenericTile","properties":{"header":"Delivery Monitor"}},"wdio_ui5_key":"sapm.GenericTile{\"header\":\"Delivery Monitor\"}"}]}
RESULT: {"script":"<script> [1562 bytes]","args":[{"selector":{"controlType":"sap.m.GenericTile","properties":{"header":"Delivery Monitor"}},"wdio_ui5_key":"sapm.GenericTile{\"header\":\"Delivery Monitor\"}"}]}
RESULT: undefined
COMMAND: POST /session/bb2b46b176a734b352582813c0291d70/element - {"using":"xpath","value":"//*[@id=\"__tile43\"]"}
RESULT: {"using":"xpath","value":"//*[@id=\"__tile43\"]"}
COMMAND: POST /session/bb2b46b176a734b352582813c0291d70/element/f.8C1D5EADEBD988366C52E54A6DEB9406.d.58C3E9F13179890DE2463F28FEAC44CA.e.1992/click - {}
RESULT: {}
COMMAND: GET /session/bb2b46b176a734b352582813c0291d70/screenshot - {}
RESULT: {}
RESULT: undefined
COMMAND: POST /session/bb2b46b176a734b352582813c0291d70/element - {"using":"xpath","value":"//*[@id=\"__tile43\"]"}
RESULT: {"using":"xpath","value":"//*[@id=\"__tile43\"]"}
COMMAND: POST /session/bb2b46b176a734b352582813c0291d70/element/f.8C1D5EADEBD988366C52E54A6DEB9406.d.58C3E9F13179890DE2463F28FEAC44CA.e.1992/click - {}
RESULT: undefined
COMMAND: POST /session/bb2b46b176a734b352582813c0291d70/element - {"using":"xpath","value":"//*[@id=\"__tile43\"]"}
RESULT: {"using":"xpath","value":"//*[@id=\"__tile43\"]"}
COMMAND: POST /session/bb2b46b176a734b352582813c0291d70/element/f.8C1D5EADEBD988366C52E54A6DEB9406.d.58C3E9F13179890DE2463F28FEAC44CA.e.1992/click - {}
RESULT: undefined
COMMAND: POST /session/bb2b46b176a734b352582813c0291d70/execute/async - {"script":"<script> [6424 bytes]","args":[{"element-6066-11e4-a52e-4f735466cecf":"f.8C1D5EADEBD988366C52E54A6DEB9406.d.58C3E9F13179890DE2463F28FEAC44CA.e.291"},"getTitle",[]]}
COMMAND: POST /session/bb2b46b176a734b352582813c0291d70/execute/async - {"script":"<script> [1562 bytes]","args":[{"selector":{"id":"shellAppTitle"},"wdio_ui5_key":"shellAppTitle"}]}
RESULT: {"script":"<script> [1562 bytes]","args":[{"selector":{"id":"shellAppTitle"},"wdio_ui5_key":"shellAppTitle"}]}
COMMAND: POST /session/bb2b46b176a734b352582813c0291d70/execute/async - {"script":"<script> [6424 bytes]","args":[{"element-6066-11e4-a52e-4f735466cecf":"f.8C1D5EADEBD988366C52E54A6DEB9406.d.58C3E9F13179890DE2463F28FEAC44CA.e.2115"},"getTitle",[]]}
RESULT: {"script":"<script> [6424 bytes]","args":[{"element-6066-11e4-a52e-4f735466cecf":"f.8C1D5EADEBD988366C52E54A6DEB9406.d.58C3E9F13179890DE2463F28FEAC44CA.e.2115"},"getTitle",[]]}
RESULT: undefined
COMMAND: POST /session/bb2b46b176a734b352582813c0291d70/element/f.8C1D5EADEBD988366C52E54A6DEB9406.d.58C3E9F13179890DE2463F28FEAC44CA.e.1777/click - {}
COMMAND: POST /session/bb2b46b176a734b352582813c0291d70/element - {"using":"xpath","value":"//*[@id=\"backBtn\"]"}
RESULT: {"using":"xpath","value":"//*[@id=\"backBtn\"]"}
COMMAND: POST /session/bb2b46b176a734b352582813c0291d70/element/f.8C1D5EADEBD988366C52E54A6DEB9406.d.58C3E9F13179890DE2463F28FEAC44CA.e.1777/click - {}
COMMAND: POST /session/bb2b46b176a734b352582813c0291d70/element - {"using":"xpath","value":"//*[@id=\"backBtn\"]"}
RESULT: {"using":"xpath","value":"//*[@id=\"backBtn\"]"}
COMMAND: POST /session/bb2b46b176a734b352582813c0291d70/element/f.8C1D5EADEBD988366C52E54A6DEB9406.d.58C3E9F13179890DE2463F28FEAC44CA.e.2116/click - {}
RESULT: {}
COMMAND: GET /session/bb2b46b176a734b352582813c0291d70/screenshot - {}
RESULT: {}
]]></system-out>
    </testcase>
    <testcase classname="chrome.135_0_7049_115.windows.Sanity_Tests_US104253" name="Should open Manage Calendar Exceptions page" time="34.243">
      <system-out><![CDATA[
COMMAND: POST /session/bb2b46b176a734b352582813c0291d70/execute/async - {"script":"<script> [1562 bytes]","args":[{"selector":{"controlType":"sap.m.GenericTile","properties":{"header":"Manage Calendar Exceptions"}},"wdio_ui5_key":"sapm.GenericTile{\"header\":\"Manage Calendar Exceptions\"}"}]}
RESULT: {"script":"<script> [1562 bytes]","args":[{"selector":{"controlType":"sap.m.GenericTile","properties":{"header":"Manage Calendar Exceptions"}},"wdio_ui5_key":"sapm.GenericTile{\"header\":\"Manage Calendar Exceptions\"}"}]}
RESULT: undefined
COMMAND: POST /session/bb2b46b176a734b352582813c0291d70/element - {"using":"xpath","value":"//*[@id=\"__tile52\"]"}
RESULT: {"using":"xpath","value":"//*[@id=\"__tile52\"]"}
COMMAND: POST /session/bb2b46b176a734b352582813c0291d70/element/f.8C1D5EADEBD988366C52E54A6DEB9406.d.58C3E9F13179890DE2463F28FEAC44CA.e.2118/click - {}
RESULT: {}
COMMAND: GET /session/bb2b46b176a734b352582813c0291d70/screenshot - {}
RESULT: {}
RESULT: undefined
COMMAND: POST /session/bb2b46b176a734b352582813c0291d70/element - {"using":"xpath","value":"//*[@id=\"__tile52\"]"}
RESULT: {"using":"xpath","value":"//*[@id=\"__tile52\"]"}
COMMAND: POST /session/bb2b46b176a734b352582813c0291d70/element/f.8C1D5EADEBD988366C52E54A6DEB9406.d.58C3E9F13179890DE2463F28FEAC44CA.e.2118/click - {}
RESULT: undefined
COMMAND: POST /session/bb2b46b176a734b352582813c0291d70/element - {"using":"xpath","value":"//*[@id=\"__tile52\"]"}
RESULT: {"using":"xpath","value":"//*[@id=\"__tile52\"]"}
COMMAND: POST /session/bb2b46b176a734b352582813c0291d70/element/f.8C1D5EADEBD988366C52E54A6DEB9406.d.58C3E9F13179890DE2463F28FEAC44CA.e.2118/click - {}
RESULT: undefined
COMMAND: POST /session/bb2b46b176a734b352582813c0291d70/execute/async - {"script":"<script> [6424 bytes]","args":[{"element-6066-11e4-a52e-4f735466cecf":"f.8C1D5EADEBD988366C52E54A6DEB9406.d.58C3E9F13179890DE2463F28FEAC44CA.e.291"},"getTitle",[]]}
COMMAND: POST /session/bb2b46b176a734b352582813c0291d70/execute/async - {"script":"<script> [1562 bytes]","args":[{"selector":{"id":"shellAppTitle"},"wdio_ui5_key":"shellAppTitle"}]}
RESULT: {"script":"<script> [1562 bytes]","args":[{"selector":{"id":"shellAppTitle"},"wdio_ui5_key":"shellAppTitle"}]}
COMMAND: POST /session/bb2b46b176a734b352582813c0291d70/execute/async - {"script":"<script> [6424 bytes]","args":[{"element-6066-11e4-a52e-4f735466cecf":"f.8C1D5EADEBD988366C52E54A6DEB9406.d.58C3E9F13179890DE2463F28FEAC44CA.e.2196"},"getTitle",[]]}
RESULT: {"script":"<script> [6424 bytes]","args":[{"element-6066-11e4-a52e-4f735466cecf":"f.8C1D5EADEBD988366C52E54A6DEB9406.d.58C3E9F13179890DE2463F28FEAC44CA.e.2196"},"getTitle",[]]}
RESULT: undefined
COMMAND: POST /session/bb2b46b176a734b352582813c0291d70/element/f.8C1D5EADEBD988366C52E54A6DEB9406.d.58C3E9F13179890DE2463F28FEAC44CA.e.2116/click - {}
RESULT: {}
COMMAND: GET /session/bb2b46b176a734b352582813c0291d70/screenshot - {}
RESULT: {}
]]></system-out>
    </testcase>
    <testcase classname="chrome.135_0_7049_115.windows.Sanity_Tests_US104253" name="Should open Manage States Performance page" time="34.809">
      <system-out><![CDATA[
COMMAND: POST /session/bb2b46b176a734b352582813c0291d70/execute/async - {"script":"<script> [1562 bytes]","args":[{"selector":{"controlType":"sap.m.GenericTile","properties":{"header":"Manage States & Performance"}},"wdio_ui5_key":"sapm.GenericTile{\"header\":\"Manage States & Performance\"}"}]}
RESULT: {"script":"<script> [1562 bytes]","args":[{"selector":{"controlType":"sap.m.GenericTile","properties":{"header":"Manage States & Performance"}},"wdio_ui5_key":"sapm.GenericTile{\"header\":\"Manage States & Performance\"}"}]}
RESULT: undefined
COMMAND: POST /session/bb2b46b176a734b352582813c0291d70/element - {"using":"xpath","value":"//*[@id=\"__tile56\"]"}
RESULT: {"using":"xpath","value":"//*[@id=\"__tile56\"]"}
COMMAND: POST /session/bb2b46b176a734b352582813c0291d70/element/f.8C1D5EADEBD988366C52E54A6DEB9406.d.58C3E9F13179890DE2463F28FEAC44CA.e.2200/click - {}
RESULT: {}
COMMAND: GET /session/bb2b46b176a734b352582813c0291d70/screenshot - {}
RESULT: {}
RESULT: undefined
COMMAND: POST /session/bb2b46b176a734b352582813c0291d70/element - {"using":"xpath","value":"//*[@id=\"__tile56\"]"}
RESULT: {"using":"xpath","value":"//*[@id=\"__tile56\"]"}
COMMAND: POST /session/bb2b46b176a734b352582813c0291d70/element/f.8C1D5EADEBD988366C52E54A6DEB9406.d.58C3E9F13179890DE2463F28FEAC44CA.e.2200/click - {}
RESULT: undefined
COMMAND: POST /session/bb2b46b176a734b352582813c0291d70/element - {"using":"xpath","value":"//*[@id=\"__tile56\"]"}
RESULT: {"using":"xpath","value":"//*[@id=\"__tile56\"]"}
COMMAND: POST /session/bb2b46b176a734b352582813c0291d70/element/f.8C1D5EADEBD988366C52E54A6DEB9406.d.58C3E9F13179890DE2463F28FEAC44CA.e.2200/click - {}
RESULT: undefined
COMMAND: POST /session/bb2b46b176a734b352582813c0291d70/execute/async - {"script":"<script> [6424 bytes]","args":[{"element-6066-11e4-a52e-4f735466cecf":"f.8C1D5EADEBD988366C52E54A6DEB9406.d.58C3E9F13179890DE2463F28FEAC44CA.e.291"},"getTitle",[]]}
COMMAND: POST /session/bb2b46b176a734b352582813c0291d70/execute/async - {"script":"<script> [1562 bytes]","args":[{"selector":{"id":"shellAppTitle"},"wdio_ui5_key":"shellAppTitle"}]}
RESULT: {"script":"<script> [1562 bytes]","args":[{"selector":{"id":"shellAppTitle"},"wdio_ui5_key":"shellAppTitle"}]}
COMMAND: POST /session/bb2b46b176a734b352582813c0291d70/execute/async - {"script":"<script> [6424 bytes]","args":[{"element-6066-11e4-a52e-4f735466cecf":"f.8C1D5EADEBD988366C52E54A6DEB9406.d.58C3E9F13179890DE2463F28FEAC44CA.e.2294"},"getTitle",[]]}
RESULT: {"script":"<script> [6424 bytes]","args":[{"element-6066-11e4-a52e-4f735466cecf":"f.8C1D5EADEBD988366C52E54A6DEB9406.d.58C3E9F13179890DE2463F28FEAC44CA.e.2294"},"getTitle",[]]}
RESULT: undefined
COMMAND: POST /session/bb2b46b176a734b352582813c0291d70/element/f.8C1D5EADEBD988366C52E54A6DEB9406.d.58C3E9F13179890DE2463F28FEAC44CA.e.2116/click - {}
COMMAND: POST /session/bb2b46b176a734b352582813c0291d70/element - {"using":"xpath","value":"//*[@id=\"backBtn\"]"}
RESULT: {"using":"xpath","value":"//*[@id=\"backBtn\"]"}
COMMAND: POST /session/bb2b46b176a734b352582813c0291d70/element/f.8C1D5EADEBD988366C52E54A6DEB9406.d.58C3E9F13179890DE2463F28FEAC44CA.e.2116/click - {}
COMMAND: POST /session/bb2b46b176a734b352582813c0291d70/element - {"using":"xpath","value":"//*[@id=\"backBtn\"]"}
RESULT: {"using":"xpath","value":"//*[@id=\"backBtn\"]"}
COMMAND: POST /session/bb2b46b176a734b352582813c0291d70/element/f.8C1D5EADEBD988366C52E54A6DEB9406.d.58C3E9F13179890DE2463F28FEAC44CA.e.2295/click - {}
RESULT: {}
COMMAND: GET /session/bb2b46b176a734b352582813c0291d70/screenshot - {}
RESULT: {}
]]></system-out>
    </testcase>
    <testcase classname="chrome.135_0_7049_115.windows.Sanity_Tests_US104253" name="Should open Manage Billings page" time="37.691">
      <system-out><![CDATA[
COMMAND: POST /session/bb2b46b176a734b352582813c0291d70/execute/async - {"script":"<script> [1562 bytes]","args":[{"selector":{"controlType":"sap.m.GenericTile","properties":{"header":"Manage Billings"}},"wdio_ui5_key":"sapm.GenericTile{\"header\":\"Manage Billings\"}"}]}
RESULT: {"script":"<script> [1562 bytes]","args":[{"selector":{"controlType":"sap.m.GenericTile","properties":{"header":"Manage Billings"}},"wdio_ui5_key":"sapm.GenericTile{\"header\":\"Manage Billings\"}"}]}
RESULT: undefined
COMMAND: POST /session/bb2b46b176a734b352582813c0291d70/element - {"using":"xpath","value":"//*[@id=\"__tile51\"]"}
RESULT: {"using":"xpath","value":"//*[@id=\"__tile51\"]"}
COMMAND: POST /session/bb2b46b176a734b352582813c0291d70/element/f.8C1D5EADEBD988366C52E54A6DEB9406.d.58C3E9F13179890DE2463F28FEAC44CA.e.2297/click - {}
RESULT: {}
COMMAND: GET /session/bb2b46b176a734b352582813c0291d70/screenshot - {}
RESULT: {}
RESULT: undefined
COMMAND: POST /session/bb2b46b176a734b352582813c0291d70/element - {"using":"xpath","value":"//*[@id=\"__tile51\"]"}
RESULT: {"using":"xpath","value":"//*[@id=\"__tile51\"]"}
COMMAND: POST /session/bb2b46b176a734b352582813c0291d70/element/f.8C1D5EADEBD988366C52E54A6DEB9406.d.58C3E9F13179890DE2463F28FEAC44CA.e.2297/click - {}
RESULT: undefined
COMMAND: POST /session/bb2b46b176a734b352582813c0291d70/element - {"using":"xpath","value":"//*[@id=\"__tile51\"]"}
RESULT: {"using":"xpath","value":"//*[@id=\"__tile51\"]"}
COMMAND: POST /session/bb2b46b176a734b352582813c0291d70/element/f.8C1D5EADEBD988366C52E54A6DEB9406.d.58C3E9F13179890DE2463F28FEAC44CA.e.2297/click - {}
RESULT: undefined
COMMAND: POST /session/bb2b46b176a734b352582813c0291d70/execute/async - {"script":"<script> [6424 bytes]","args":[{"element-6066-11e4-a52e-4f735466cecf":"f.8C1D5EADEBD988366C52E54A6DEB9406.d.58C3E9F13179890DE2463F28FEAC44CA.e.291"},"getTitle",[]]}
COMMAND: POST /session/bb2b46b176a734b352582813c0291d70/execute/async - {"script":"<script> [1562 bytes]","args":[{"selector":{"id":"shellAppTitle"},"wdio_ui5_key":"shellAppTitle"}]}
RESULT: {"script":"<script> [1562 bytes]","args":[{"selector":{"id":"shellAppTitle"},"wdio_ui5_key":"shellAppTitle"}]}
COMMAND: POST /session/bb2b46b176a734b352582813c0291d70/execute/async - {"script":"<script> [6424 bytes]","args":[{"element-6066-11e4-a52e-4f735466cecf":"f.8C1D5EADEBD988366C52E54A6DEB9406.d.58C3E9F13179890DE2463F28FEAC44CA.e.2529"},"getTitle",[]]}
RESULT: {"script":"<script> [6424 bytes]","args":[{"element-6066-11e4-a52e-4f735466cecf":"f.8C1D5EADEBD988366C52E54A6DEB9406.d.58C3E9F13179890DE2463F28FEAC44CA.e.2529"},"getTitle",[]]}
RESULT: undefined
COMMAND: POST /session/bb2b46b176a734b352582813c0291d70/element/f.8C1D5EADEBD988366C52E54A6DEB9406.d.58C3E9F13179890DE2463F28FEAC44CA.e.2295/click - {}
COMMAND: POST /session/bb2b46b176a734b352582813c0291d70/element/f.8C1D5EADEBD988366C52E54A6DEB9406.d.58C3E9F13179890DE2463F28FEAC44CA.e.2295/click - {}
RESULT: {}
COMMAND: GET /session/bb2b46b176a734b352582813c0291d70/screenshot - {}
COMMAND: POST /session/bb2b46b176a734b352582813c0291d70/element - {"using":"xpath","value":"//*[@id=\"backBtn\"]"}
RESULT: {}
RESULT: {"using":"xpath","value":"//*[@id=\"backBtn\"]"}
COMMAND: POST /session/bb2b46b176a734b352582813c0291d70/elements - {"using":"xpath","value":"//*[@id=\"backBtn\"]"}
RESULT: {"using":"xpath","value":"//*[@id=\"backBtn\"]"}
COMMAND: POST /session/bb2b46b176a734b352582813c0291d70/elements - {"using":"xpath","value":"//*[@id=\"backBtn\"]"}
RESULT: {"using":"xpath","value":"//*[@id=\"backBtn\"]"}
COMMAND: POST /session/bb2b46b176a734b352582813c0291d70/elements - {"using":"xpath","value":"//*[@id=\"backBtn\"]"}
RESULT: {"using":"xpath","value":"//*[@id=\"backBtn\"]"}
COMMAND: POST /session/bb2b46b176a734b352582813c0291d70/elements - {"using":"xpath","value":"//*[@id=\"backBtn\"]"}
RESULT: {"using":"xpath","value":"//*[@id=\"backBtn\"]"}
COMMAND: POST /session/bb2b46b176a734b352582813c0291d70/elements - {"using":"xpath","value":"//*[@id=\"backBtn\"]"}
RESULT: {"using":"xpath","value":"//*[@id=\"backBtn\"]"}
COMMAND: POST /session/bb2b46b176a734b352582813c0291d70/elements - {"using":"xpath","value":"//*[@id=\"backBtn\"]"}
RESULT: {"using":"xpath","value":"//*[@id=\"backBtn\"]"}
COMMAND: POST /session/bb2b46b176a734b352582813c0291d70/elements - {"using":"xpath","value":"//*[@id=\"backBtn\"]"}
RESULT: {"using":"xpath","value":"//*[@id=\"backBtn\"]"}
COMMAND: POST /session/bb2b46b176a734b352582813c0291d70/elements - {"using":"xpath","value":"//*[@id=\"backBtn\"]"}
RESULT: {"using":"xpath","value":"//*[@id=\"backBtn\"]"}
COMMAND: POST /session/bb2b46b176a734b352582813c0291d70/elements - {"using":"xpath","value":"//*[@id=\"backBtn\"]"}
RESULT: {"using":"xpath","value":"//*[@id=\"backBtn\"]"}
COMMAND: POST /session/bb2b46b176a734b352582813c0291d70/elements - {"using":"xpath","value":"//*[@id=\"backBtn\"]"}
RESULT: {"using":"xpath","value":"//*[@id=\"backBtn\"]"}
COMMAND: POST /session/bb2b46b176a734b352582813c0291d70/elements - {"using":"xpath","value":"//*[@id=\"backBtn\"]"}
RESULT: {"using":"xpath","value":"//*[@id=\"backBtn\"]"}
COMMAND: POST /session/bb2b46b176a734b352582813c0291d70/elements - {"using":"xpath","value":"//*[@id=\"backBtn\"]"}
RESULT: {"using":"xpath","value":"//*[@id=\"backBtn\"]"}
COMMAND: POST /session/bb2b46b176a734b352582813c0291d70/elements - {"using":"xpath","value":"//*[@id=\"backBtn\"]"}
RESULT: {"using":"xpath","value":"//*[@id=\"backBtn\"]"}
COMMAND: POST /session/bb2b46b176a734b352582813c0291d70/elements - {"using":"xpath","value":"//*[@id=\"backBtn\"]"}
RESULT: {"using":"xpath","value":"//*[@id=\"backBtn\"]"}
COMMAND: POST /session/bb2b46b176a734b352582813c0291d70/elements - {"using":"xpath","value":"//*[@id=\"backBtn\"]"}
RESULT: {"using":"xpath","value":"//*[@id=\"backBtn\"]"}
COMMAND: POST /session/bb2b46b176a734b352582813c0291d70/elements - {"using":"xpath","value":"//*[@id=\"backBtn\"]"}
RESULT: {"using":"xpath","value":"//*[@id=\"backBtn\"]"}
COMMAND: POST /session/bb2b46b176a734b352582813c0291d70/elements - {"using":"xpath","value":"//*[@id=\"backBtn\"]"}
RESULT: {"using":"xpath","value":"//*[@id=\"backBtn\"]"}
COMMAND: POST /session/bb2b46b176a734b352582813c0291d70/elements - {"using":"xpath","value":"//*[@id=\"backBtn\"]"}
RESULT: {"using":"xpath","value":"//*[@id=\"backBtn\"]"}
]]></system-out>
    </testcase>
    <testcase classname="chrome.135_0_7049_115.windows.Sanity_Tests_US104253" name="Should open Manage Conditions Prices page" time="47.621">
      <system-out><![CDATA[
COMMAND: POST /session/bb2b46b176a734b352582813c0291d70/execute/async - {"script":"<script> [1562 bytes]","args":[{"selector":{"controlType":"sap.m.GenericTile","properties":{"header":"Manage Conditions & Prices"}},"wdio_ui5_key":"sapm.GenericTile{\"header\":\"Manage Conditions & Prices\"}"}]}
COMMAND: POST /session/bb2b46b176a734b352582813c0291d70/elements - {"using":"xpath","value":"//*[@id=\"backBtn\"]"}
RESULT: {"script":"<script> [1562 bytes]","args":[{"selector":{"controlType":"sap.m.GenericTile","properties":{"header":"Manage Conditions & Prices"}},"wdio_ui5_key":"sapm.GenericTile{\"header\":\"Manage Conditions & Prices\"}"}]}
RESULT: undefined
COMMAND: POST /session/bb2b46b176a734b352582813c0291d70/element - {"using":"xpath","value":"//*[@id=\"__tile53\"]"}
RESULT: {"using":"xpath","value":"//*[@id=\"backBtn\"]"}
RESULT: {"using":"xpath","value":"//*[@id=\"__tile53\"]"}
COMMAND: POST /session/bb2b46b176a734b352582813c0291d70/element/f.8C1D5EADEBD988366C52E54A6DEB9406.d.58C3E9F13179890DE2463F28FEAC44CA.e.2533/click - {}
RESULT: {}
COMMAND: GET /session/bb2b46b176a734b352582813c0291d70/screenshot - {}
COMMAND: POST /session/bb2b46b176a734b352582813c0291d70/elements - {"using":"xpath","value":"//*[@id=\"backBtn\"]"}
RESULT: {}
RESULT: {"using":"xpath","value":"//*[@id=\"backBtn\"]"}
COMMAND: POST /session/bb2b46b176a734b352582813c0291d70/elements - {"using":"xpath","value":"//*[@id=\"backBtn\"]"}
RESULT: {"using":"xpath","value":"//*[@id=\"backBtn\"]"}
COMMAND: POST /session/bb2b46b176a734b352582813c0291d70/elements - {"using":"xpath","value":"//*[@id=\"backBtn\"]"}
RESULT: undefined
COMMAND: POST /session/bb2b46b176a734b352582813c0291d70/element - {"using":"xpath","value":"//*[@id=\"__tile53\"]"}
RESULT: {"using":"xpath","value":"//*[@id=\"backBtn\"]"}
COMMAND: POST /session/bb2b46b176a734b352582813c0291d70/element - {"using":"xpath","value":"//*[@id=\"backBtn\"]"}
RESULT: {"using":"xpath","value":"//*[@id=\"__tile53\"]"}
COMMAND: POST /session/bb2b46b176a734b352582813c0291d70/element/f.8C1D5EADEBD988366C52E54A6DEB9406.d.58C3E9F13179890DE2463F28FEAC44CA.e.2533/click - {}
RESULT: {"using":"xpath","value":"//*[@id=\"backBtn\"]"}
COMMAND: POST /session/bb2b46b176a734b352582813c0291d70/element/f.8C1D5EADEBD988366C52E54A6DEB9406.d.58C3E9F13179890DE2463F28FEAC44CA.e.2295/click - {}
COMMAND: POST /session/bb2b46b176a734b352582813c0291d70/element - {"using":"xpath","value":"//*[@id=\"backBtn\"]"}
RESULT: {"using":"xpath","value":"//*[@id=\"backBtn\"]"}
COMMAND: POST /session/bb2b46b176a734b352582813c0291d70/element/f.8C1D5EADEBD988366C52E54A6DEB9406.d.58C3E9F13179890DE2463F28FEAC44CA.e.2563/click - {}
RESULT: {}
COMMAND: GET /session/bb2b46b176a734b352582813c0291d70/screenshot - {}
RESULT: {}
RESULT: undefined
COMMAND: POST /session/bb2b46b176a734b352582813c0291d70/element - {"using":"xpath","value":"//*[@id=\"__tile53\"]"}
COMMAND: GET /session/bb2b46b176a734b352582813c0291d70/screenshot - {}
RESULT: {}
RESULT: {"using":"xpath","value":"//*[@id=\"__tile53\"]"}
COMMAND: POST /session/bb2b46b176a734b352582813c0291d70/element/f.8C1D5EADEBD988366C52E54A6DEB9406.d.58C3E9F13179890DE2463F28FEAC44CA.e.2533/click - {}
RESULT: {}
RESULT: undefined
COMMAND: POST /session/bb2b46b176a734b352582813c0291d70/execute/async - {"script":"<script> [6424 bytes]","args":[{"element-6066-11e4-a52e-4f735466cecf":"f.8C1D5EADEBD988366C52E54A6DEB9406.d.58C3E9F13179890DE2463F28FEAC44CA.e.291"},"getTitle",[]]}
COMMAND: POST /session/bb2b46b176a734b352582813c0291d70/execute/async - {"script":"<script> [1562 bytes]","args":[{"selector":{"id":"shellAppTitle"},"wdio_ui5_key":"shellAppTitle"}]}
RESULT: {"script":"<script> [1562 bytes]","args":[{"selector":{"id":"shellAppTitle"},"wdio_ui5_key":"shellAppTitle"}]}
COMMAND: POST /session/bb2b46b176a734b352582813c0291d70/execute/async - {"script":"<script> [6424 bytes]","args":[{"element-6066-11e4-a52e-4f735466cecf":"f.8C1D5EADEBD988366C52E54A6DEB9406.d.58C3E9F13179890DE2463F28FEAC44CA.e.2892"},"getTitle",[]]}
RESULT: {"script":"<script> [6424 bytes]","args":[{"element-6066-11e4-a52e-4f735466cecf":"f.8C1D5EADEBD988366C52E54A6DEB9406.d.58C3E9F13179890DE2463F28FEAC44CA.e.2892"},"getTitle",[]]}
RESULT: undefined
COMMAND: POST /session/bb2b46b176a734b352582813c0291d70/element/f.8C1D5EADEBD988366C52E54A6DEB9406.d.58C3E9F13179890DE2463F28FEAC44CA.e.2563/click - {}
RESULT: {}
COMMAND: GET /session/bb2b46b176a734b352582813c0291d70/screenshot - {}
RESULT: {}
]]></system-out>
    </testcase>
    <testcase classname="chrome.135_0_7049_115.windows.Sanity_Tests_US104253" name="Should open Billing Transfer page" time="32.953">
      <system-out><![CDATA[
COMMAND: POST /session/bb2b46b176a734b352582813c0291d70/execute/async - {"script":"<script> [1562 bytes]","args":[{"selector":{"controlType":"sap.m.GenericTile","properties":{"header":"Billing Transfer"}},"wdio_ui5_key":"sapm.GenericTile{\"header\":\"Billing Transfer\"}"}]}
RESULT: {"script":"<script> [1562 bytes]","args":[{"selector":{"controlType":"sap.m.GenericTile","properties":{"header":"Billing Transfer"}},"wdio_ui5_key":"sapm.GenericTile{\"header\":\"Billing Transfer\"}"}]}
RESULT: undefined
COMMAND: POST /session/bb2b46b176a734b352582813c0291d70/element - {"using":"xpath","value":"//*[@id=\"__tile50\"]"}
RESULT: {"using":"xpath","value":"//*[@id=\"__tile50\"]"}
COMMAND: POST /session/bb2b46b176a734b352582813c0291d70/element/f.8C1D5EADEBD988366C52E54A6DEB9406.d.58C3E9F13179890DE2463F28FEAC44CA.e.2894/click - {}
RESULT: {}
COMMAND: GET /session/bb2b46b176a734b352582813c0291d70/screenshot - {}
RESULT: {}
RESULT: undefined
COMMAND: POST /session/bb2b46b176a734b352582813c0291d70/element - {"using":"xpath","value":"//*[@id=\"__tile50\"]"}
RESULT: {"using":"xpath","value":"//*[@id=\"__tile50\"]"}
COMMAND: POST /session/bb2b46b176a734b352582813c0291d70/element/f.8C1D5EADEBD988366C52E54A6DEB9406.d.58C3E9F13179890DE2463F28FEAC44CA.e.2894/click - {}
RESULT: undefined
COMMAND: POST /session/bb2b46b176a734b352582813c0291d70/element - {"using":"xpath","value":"//*[@id=\"__tile50\"]"}
RESULT: {"using":"xpath","value":"//*[@id=\"__tile50\"]"}
COMMAND: POST /session/bb2b46b176a734b352582813c0291d70/element/f.8C1D5EADEBD988366C52E54A6DEB9406.d.58C3E9F13179890DE2463F28FEAC44CA.e.2894/click - {}
RESULT: undefined
COMMAND: POST /session/bb2b46b176a734b352582813c0291d70/execute/async - {"script":"<script> [6424 bytes]","args":[{"element-6066-11e4-a52e-4f735466cecf":"f.8C1D5EADEBD988366C52E54A6DEB9406.d.58C3E9F13179890DE2463F28FEAC44CA.e.291"},"getTitle",[]]}
COMMAND: POST /session/bb2b46b176a734b352582813c0291d70/execute/async - {"script":"<script> [1562 bytes]","args":[{"selector":{"id":"shellAppTitle"},"wdio_ui5_key":"shellAppTitle"}]}
RESULT: {"script":"<script> [1562 bytes]","args":[{"selector":{"id":"shellAppTitle"},"wdio_ui5_key":"shellAppTitle"}]}
COMMAND: POST /session/bb2b46b176a734b352582813c0291d70/execute/async - {"script":"<script> [6424 bytes]","args":[{"element-6066-11e4-a52e-4f735466cecf":"f.8C1D5EADEBD988366C52E54A6DEB9406.d.58C3E9F13179890DE2463F28FEAC44CA.e.3017"},"getTitle",[]]}
RESULT: {"script":"<script> [6424 bytes]","args":[{"element-6066-11e4-a52e-4f735466cecf":"f.8C1D5EADEBD988366C52E54A6DEB9406.d.58C3E9F13179890DE2463F28FEAC44CA.e.3017"},"getTitle",[]]}
RESULT: undefined
COMMAND: POST /session/bb2b46b176a734b352582813c0291d70/element/f.8C1D5EADEBD988366C52E54A6DEB9406.d.58C3E9F13179890DE2463F28FEAC44CA.e.2563/click - {}
COMMAND: POST /session/bb2b46b176a734b352582813c0291d70/element - {"using":"xpath","value":"//*[@id=\"backBtn\"]"}
RESULT: {"using":"xpath","value":"//*[@id=\"backBtn\"]"}
COMMAND: POST /session/bb2b46b176a734b352582813c0291d70/element/f.8C1D5EADEBD988366C52E54A6DEB9406.d.58C3E9F13179890DE2463F28FEAC44CA.e.2563/click - {}
COMMAND: POST /session/bb2b46b176a734b352582813c0291d70/element - {"using":"xpath","value":"//*[@id=\"backBtn\"]"}
RESULT: {"using":"xpath","value":"//*[@id=\"backBtn\"]"}
COMMAND: POST /session/bb2b46b176a734b352582813c0291d70/element/f.8C1D5EADEBD988366C52E54A6DEB9406.d.58C3E9F13179890DE2463F28FEAC44CA.e.3018/click - {}
RESULT: {}
COMMAND: GET /session/bb2b46b176a734b352582813c0291d70/screenshot - {}
RESULT: {}
]]></system-out>
    </testcase>
    <testcase classname="chrome.135_0_7049_115.windows.Sanity_Tests_US104253" name="Should open Manage Pricing Rules page" time="35.195">
      <system-out><![CDATA[
COMMAND: POST /session/bb2b46b176a734b352582813c0291d70/execute/async - {"script":"<script> [1562 bytes]","args":[{"selector":{"controlType":"sap.m.GenericTile","properties":{"header":"Manage Pricing Rules"}},"wdio_ui5_key":"sapm.GenericTile{\"header\":\"Manage Pricing Rules\"}"}]}
RESULT: {"script":"<script> [1562 bytes]","args":[{"selector":{"controlType":"sap.m.GenericTile","properties":{"header":"Manage Pricing Rules"}},"wdio_ui5_key":"sapm.GenericTile{\"header\":\"Manage Pricing Rules\"}"}]}
RESULT: undefined
COMMAND: POST /session/bb2b46b176a734b352582813c0291d70/element - {"using":"xpath","value":"//*[@id=\"__tile55\"]"}
RESULT: {"using":"xpath","value":"//*[@id=\"__tile55\"]"}
COMMAND: POST /session/bb2b46b176a734b352582813c0291d70/element/f.8C1D5EADEBD988366C52E54A6DEB9406.d.58C3E9F13179890DE2463F28FEAC44CA.e.3020/click - {}
RESULT: {}
COMMAND: GET /session/bb2b46b176a734b352582813c0291d70/screenshot - {}
RESULT: {}
RESULT: undefined
COMMAND: POST /session/bb2b46b176a734b352582813c0291d70/element - {"using":"xpath","value":"//*[@id=\"__tile55\"]"}
RESULT: {"using":"xpath","value":"//*[@id=\"__tile55\"]"}
COMMAND: POST /session/bb2b46b176a734b352582813c0291d70/element/f.8C1D5EADEBD988366C52E54A6DEB9406.d.58C3E9F13179890DE2463F28FEAC44CA.e.3020/click - {}
RESULT: undefined
COMMAND: POST /session/bb2b46b176a734b352582813c0291d70/element - {"using":"xpath","value":"//*[@id=\"__tile55\"]"}
RESULT: {"using":"xpath","value":"//*[@id=\"__tile55\"]"}
COMMAND: POST /session/bb2b46b176a734b352582813c0291d70/element/f.8C1D5EADEBD988366C52E54A6DEB9406.d.58C3E9F13179890DE2463F28FEAC44CA.e.3020/click - {}
RESULT: undefined
COMMAND: POST /session/bb2b46b176a734b352582813c0291d70/execute/async - {"script":"<script> [6424 bytes]","args":[{"element-6066-11e4-a52e-4f735466cecf":"f.8C1D5EADEBD988366C52E54A6DEB9406.d.58C3E9F13179890DE2463F28FEAC44CA.e.291"},"getTitle",[]]}
COMMAND: POST /session/bb2b46b176a734b352582813c0291d70/execute/async - {"script":"<script> [1562 bytes]","args":[{"selector":{"id":"shellAppTitle"},"wdio_ui5_key":"shellAppTitle"}]}
RESULT: {"script":"<script> [1562 bytes]","args":[{"selector":{"id":"shellAppTitle"},"wdio_ui5_key":"shellAppTitle"}]}
COMMAND: POST /session/bb2b46b176a734b352582813c0291d70/execute/async - {"script":"<script> [6424 bytes]","args":[{"element-6066-11e4-a52e-4f735466cecf":"f.8C1D5EADEBD988366C52E54A6DEB9406.d.58C3E9F13179890DE2463F28FEAC44CA.e.3068"},"getTitle",[]]}
RESULT: {"script":"<script> [6424 bytes]","args":[{"element-6066-11e4-a52e-4f735466cecf":"f.8C1D5EADEBD988366C52E54A6DEB9406.d.58C3E9F13179890DE2463F28FEAC44CA.e.3068"},"getTitle",[]]}
RESULT: undefined
COMMAND: POST /session/bb2b46b176a734b352582813c0291d70/element/f.8C1D5EADEBD988366C52E54A6DEB9406.d.58C3E9F13179890DE2463F28FEAC44CA.e.3018/click - {}
RESULT: {}
COMMAND: GET /session/bb2b46b176a734b352582813c0291d70/screenshot - {}
RESULT: {}
]]></system-out>
    </testcase>
    <testcase classname="chrome.135_0_7049_115.windows.Sanity_Tests_US104253" name="Should open Manage Price Determination Matrices page" time="34.131">
      <system-out><![CDATA[
COMMAND: POST /session/bb2b46b176a734b352582813c0291d70/execute/async - {"script":"<script> [1562 bytes]","args":[{"selector":{"controlType":"sap.m.GenericTile","properties":{"header":"Manage Price Determination Matrices"}},"wdio_ui5_key":"sapm.GenericTile{\"header\":\"Manage Price Determination Matrices\"}"}]}
RESULT: {"script":"<script> [1562 bytes]","args":[{"selector":{"controlType":"sap.m.GenericTile","properties":{"header":"Manage Price Determination Matrices"}},"wdio_ui5_key":"sapm.GenericTile{\"header\":\"Manage Price Determination Matrices\"}"}]}
RESULT: undefined
COMMAND: POST /session/bb2b46b176a734b352582813c0291d70/element - {"using":"xpath","value":"//*[@id=\"__tile54\"]"}
RESULT: {"using":"xpath","value":"//*[@id=\"__tile54\"]"}
COMMAND: POST /session/bb2b46b176a734b352582813c0291d70/element/f.8C1D5EADEBD988366C52E54A6DEB9406.d.58C3E9F13179890DE2463F28FEAC44CA.e.3070/click - {}
RESULT: {}
COMMAND: GET /session/bb2b46b176a734b352582813c0291d70/screenshot - {}
RESULT: {}
RESULT: undefined
COMMAND: POST /session/bb2b46b176a734b352582813c0291d70/element - {"using":"xpath","value":"//*[@id=\"__tile54\"]"}
RESULT: {"using":"xpath","value":"//*[@id=\"__tile54\"]"}
COMMAND: POST /session/bb2b46b176a734b352582813c0291d70/element/f.8C1D5EADEBD988366C52E54A6DEB9406.d.58C3E9F13179890DE2463F28FEAC44CA.e.3070/click - {}
RESULT: undefined
COMMAND: POST /session/bb2b46b176a734b352582813c0291d70/element - {"using":"xpath","value":"//*[@id=\"__tile54\"]"}
RESULT: {"using":"xpath","value":"//*[@id=\"__tile54\"]"}
COMMAND: POST /session/bb2b46b176a734b352582813c0291d70/element/f.8C1D5EADEBD988366C52E54A6DEB9406.d.58C3E9F13179890DE2463F28FEAC44CA.e.3070/click - {}
RESULT: undefined
COMMAND: POST /session/bb2b46b176a734b352582813c0291d70/execute/async - {"script":"<script> [6424 bytes]","args":[{"element-6066-11e4-a52e-4f735466cecf":"f.8C1D5EADEBD988366C52E54A6DEB9406.d.58C3E9F13179890DE2463F28FEAC44CA.e.291"},"getTitle",[]]}
COMMAND: POST /session/bb2b46b176a734b352582813c0291d70/execute/async - {"script":"<script> [1562 bytes]","args":[{"selector":{"id":"shellAppTitle"},"wdio_ui5_key":"shellAppTitle"}]}
RESULT: {"script":"<script> [1562 bytes]","args":[{"selector":{"id":"shellAppTitle"},"wdio_ui5_key":"shellAppTitle"}]}
COMMAND: POST /session/bb2b46b176a734b352582813c0291d70/execute/async - {"script":"<script> [6424 bytes]","args":[{"element-6066-11e4-a52e-4f735466cecf":"f.8C1D5EADEBD988366C52E54A6DEB9406.d.58C3E9F13179890DE2463F28FEAC44CA.e.3148"},"getTitle",[]]}
RESULT: {"script":"<script> [6424 bytes]","args":[{"element-6066-11e4-a52e-4f735466cecf":"f.8C1D5EADEBD988366C52E54A6DEB9406.d.58C3E9F13179890DE2463F28FEAC44CA.e.3148"},"getTitle",[]]}
RESULT: undefined
COMMAND: POST /session/bb2b46b176a734b352582813c0291d70/element/f.8C1D5EADEBD988366C52E54A6DEB9406.d.58C3E9F13179890DE2463F28FEAC44CA.e.3018/click - {}
COMMAND: POST /session/bb2b46b176a734b352582813c0291d70/element - {"using":"xpath","value":"//*[@id=\"backBtn\"]"}
RESULT: {"using":"xpath","value":"//*[@id=\"backBtn\"]"}
COMMAND: POST /session/bb2b46b176a734b352582813c0291d70/element/f.8C1D5EADEBD988366C52E54A6DEB9406.d.58C3E9F13179890DE2463F28FEAC44CA.e.3018/click - {}
COMMAND: POST /session/bb2b46b176a734b352582813c0291d70/element - {"using":"xpath","value":"//*[@id=\"backBtn\"]"}
RESULT: {"using":"xpath","value":"//*[@id=\"backBtn\"]"}
COMMAND: POST /session/bb2b46b176a734b352582813c0291d70/element/f.8C1D5EADEBD988366C52E54A6DEB9406.d.58C3E9F13179890DE2463F28FEAC44CA.e.3149/click - {}
RESULT: {}
COMMAND: GET /session/bb2b46b176a734b352582813c0291d70/screenshot - {}
RESULT: {}
]]></system-out>
    </testcase>
    <testcase classname="chrome.135_0_7049_115.windows.Sanity_Tests_US104253" name="Should open Yard Overview page" time="35.802">
      <system-out><![CDATA[
COMMAND: POST /session/bb2b46b176a734b352582813c0291d70/execute/async - {"script":"<script> [1562 bytes]","args":[{"selector":{"controlType":"sap.m.GenericTile","properties":{"header":"Yard Overview"}},"wdio_ui5_key":"sapm.GenericTile{\"header\":\"Yard Overview\"}"}]}
RESULT: {"script":"<script> [1562 bytes]","args":[{"selector":{"controlType":"sap.m.GenericTile","properties":{"header":"Yard Overview"}},"wdio_ui5_key":"sapm.GenericTile{\"header\":\"Yard Overview\"}"}]}
RESULT: undefined
COMMAND: POST /session/bb2b46b176a734b352582813c0291d70/element - {"using":"xpath","value":"//*[@id=\"__tile102\"]"}
RESULT: {"using":"xpath","value":"//*[@id=\"__tile102\"]"}
COMMAND: POST /session/bb2b46b176a734b352582813c0291d70/element/f.8C1D5EADEBD988366C52E54A6DEB9406.d.58C3E9F13179890DE2463F28FEAC44CA.e.3151/click - {}
RESULT: {}
COMMAND: GET /session/bb2b46b176a734b352582813c0291d70/screenshot - {}
RESULT: {}
RESULT: undefined
COMMAND: POST /session/bb2b46b176a734b352582813c0291d70/element - {"using":"xpath","value":"//*[@id=\"__tile102\"]"}
RESULT: {"using":"xpath","value":"//*[@id=\"__tile102\"]"}
COMMAND: POST /session/bb2b46b176a734b352582813c0291d70/element/f.8C1D5EADEBD988366C52E54A6DEB9406.d.58C3E9F13179890DE2463F28FEAC44CA.e.3151/click - {}
RESULT: undefined
COMMAND: POST /session/bb2b46b176a734b352582813c0291d70/element - {"using":"xpath","value":"//*[@id=\"__tile102\"]"}
RESULT: {"using":"xpath","value":"//*[@id=\"__tile102\"]"}
COMMAND: POST /session/bb2b46b176a734b352582813c0291d70/element/f.8C1D5EADEBD988366C52E54A6DEB9406.d.58C3E9F13179890DE2463F28FEAC44CA.e.3151/click - {}
RESULT: undefined
COMMAND: POST /session/bb2b46b176a734b352582813c0291d70/execute/async - {"script":"<script> [6424 bytes]","args":[{"element-6066-11e4-a52e-4f735466cecf":"f.8C1D5EADEBD988366C52E54A6DEB9406.d.58C3E9F13179890DE2463F28FEAC44CA.e.291"},"getTitle",[]]}
COMMAND: POST /session/bb2b46b176a734b352582813c0291d70/execute/async - {"script":"<script> [1562 bytes]","args":[{"selector":{"id":"shellAppTitle"},"wdio_ui5_key":"shellAppTitle"}]}
RESULT: {"script":"<script> [1562 bytes]","args":[{"selector":{"id":"shellAppTitle"},"wdio_ui5_key":"shellAppTitle"}]}
COMMAND: POST /session/bb2b46b176a734b352582813c0291d70/execute/async - {"script":"<script> [6424 bytes]","args":[{"element-6066-11e4-a52e-4f735466cecf":"f.8C1D5EADEBD988366C52E54A6DEB9406.d.58C3E9F13179890DE2463F28FEAC44CA.e.3211"},"getTitle",[]]}
RESULT: {"script":"<script> [6424 bytes]","args":[{"element-6066-11e4-a52e-4f735466cecf":"f.8C1D5EADEBD988366C52E54A6DEB9406.d.58C3E9F13179890DE2463F28FEAC44CA.e.3211"},"getTitle",[]]}
RESULT: undefined
COMMAND: POST /session/bb2b46b176a734b352582813c0291d70/element/f.8C1D5EADEBD988366C52E54A6DEB9406.d.58C3E9F13179890DE2463F28FEAC44CA.e.3149/click - {}
RESULT: {}
COMMAND: GET /session/bb2b46b176a734b352582813c0291d70/screenshot - {}
RESULT: {}
]]></system-out>
    </testcase>
    <testcase classname="chrome.135_0_7049_115.windows.Sanity_Tests_US104253" name="Should open Site Overview page" time="35.096">
      <system-out><![CDATA[
COMMAND: POST /session/bb2b46b176a734b352582813c0291d70/execute/async - {"script":"<script> [1562 bytes]","args":[{"selector":{"controlType":"sap.m.GenericTile","properties":{"header":"Site Overview"}},"wdio_ui5_key":"sapm.GenericTile{\"header\":\"Site Overview\"}"}]}
RESULT: {"script":"<script> [1562 bytes]","args":[{"selector":{"controlType":"sap.m.GenericTile","properties":{"header":"Site Overview"}},"wdio_ui5_key":"sapm.GenericTile{\"header\":\"Site Overview\"}"}]}
RESULT: undefined
COMMAND: POST /session/bb2b46b176a734b352582813c0291d70/element - {"using":"xpath","value":"//*[@id=\"__tile100\"]"}
RESULT: {"using":"xpath","value":"//*[@id=\"__tile100\"]"}
COMMAND: POST /session/bb2b46b176a734b352582813c0291d70/element/f.8C1D5EADEBD988366C52E54A6DEB9406.d.58C3E9F13179890DE2463F28FEAC44CA.e.3214/click - {}
RESULT: {}
COMMAND: GET /session/bb2b46b176a734b352582813c0291d70/screenshot - {}
RESULT: {}
RESULT: undefined
COMMAND: POST /session/bb2b46b176a734b352582813c0291d70/element - {"using":"xpath","value":"//*[@id=\"__tile100\"]"}
RESULT: {"using":"xpath","value":"//*[@id=\"__tile100\"]"}
COMMAND: POST /session/bb2b46b176a734b352582813c0291d70/element/f.8C1D5EADEBD988366C52E54A6DEB9406.d.58C3E9F13179890DE2463F28FEAC44CA.e.3214/click - {}
RESULT: undefined
COMMAND: POST /session/bb2b46b176a734b352582813c0291d70/element - {"using":"xpath","value":"//*[@id=\"__tile100\"]"}
RESULT: {"using":"xpath","value":"//*[@id=\"__tile100\"]"}
COMMAND: POST /session/bb2b46b176a734b352582813c0291d70/element/f.8C1D5EADEBD988366C52E54A6DEB9406.d.58C3E9F13179890DE2463F28FEAC44CA.e.3214/click - {}
RESULT: undefined
COMMAND: POST /session/bb2b46b176a734b352582813c0291d70/execute/async - {"script":"<script> [6424 bytes]","args":[{"element-6066-11e4-a52e-4f735466cecf":"f.8C1D5EADEBD988366C52E54A6DEB9406.d.58C3E9F13179890DE2463F28FEAC44CA.e.291"},"getTitle",[]]}
COMMAND: POST /session/bb2b46b176a734b352582813c0291d70/execute/async - {"script":"<script> [1562 bytes]","args":[{"selector":{"id":"shellAppTitle"},"wdio_ui5_key":"shellAppTitle"}]}
RESULT: {"script":"<script> [1562 bytes]","args":[{"selector":{"id":"shellAppTitle"},"wdio_ui5_key":"shellAppTitle"}]}
COMMAND: POST /session/bb2b46b176a734b352582813c0291d70/execute/async - {"script":"<script> [6424 bytes]","args":[{"element-6066-11e4-a52e-4f735466cecf":"f.8C1D5EADEBD988366C52E54A6DEB9406.d.58C3E9F13179890DE2463F28FEAC44CA.e.3325"},"getTitle",[]]}
RESULT: {"script":"<script> [6424 bytes]","args":[{"element-6066-11e4-a52e-4f735466cecf":"f.8C1D5EADEBD988366C52E54A6DEB9406.d.58C3E9F13179890DE2463F28FEAC44CA.e.3325"},"getTitle",[]]}
RESULT: undefined
COMMAND: POST /session/bb2b46b176a734b352582813c0291d70/element/f.8C1D5EADEBD988366C52E54A6DEB9406.d.58C3E9F13179890DE2463F28FEAC44CA.e.3149/click - {}
COMMAND: POST /session/bb2b46b176a734b352582813c0291d70/element - {"using":"xpath","value":"//*[@id=\"backBtn\"]"}
RESULT: {"using":"xpath","value":"//*[@id=\"backBtn\"]"}
COMMAND: POST /session/bb2b46b176a734b352582813c0291d70/element/f.8C1D5EADEBD988366C52E54A6DEB9406.d.58C3E9F13179890DE2463F28FEAC44CA.e.3149/click - {}
COMMAND: POST /session/bb2b46b176a734b352582813c0291d70/element - {"using":"xpath","value":"//*[@id=\"backBtn\"]"}
RESULT: {"using":"xpath","value":"//*[@id=\"backBtn\"]"}
COMMAND: POST /session/bb2b46b176a734b352582813c0291d70/element/f.8C1D5EADEBD988366C52E54A6DEB9406.d.58C3E9F13179890DE2463F28FEAC44CA.e.3326/click - {}
RESULT: {}
COMMAND: GET /session/bb2b46b176a734b352582813c0291d70/screenshot - {}
RESULT: {}
]]></system-out>
    </testcase>
    <testcase classname="chrome.135_0_7049_115.windows.Sanity_Tests_US104253" name="Should open Trace Track Resources page" time="36.276">
      <system-out><![CDATA[
COMMAND: POST /session/bb2b46b176a734b352582813c0291d70/execute/async - {"script":"<script> [1562 bytes]","args":[{"selector":{"controlType":"sap.m.GenericTile","properties":{"header":"Trace & Track Resources"}},"wdio_ui5_key":"sapm.GenericTile{\"header\":\"Trace & Track Resources\"}"}]}
RESULT: {"script":"<script> [1562 bytes]","args":[{"selector":{"controlType":"sap.m.GenericTile","properties":{"header":"Trace & Track Resources"}},"wdio_ui5_key":"sapm.GenericTile{\"header\":\"Trace & Track Resources\"}"}]}
RESULT: undefined
COMMAND: POST /session/bb2b46b176a734b352582813c0291d70/element - {"using":"xpath","value":"//*[@id=\"__tile101\"]"}
RESULT: {"using":"xpath","value":"//*[@id=\"__tile101\"]"}
COMMAND: POST /session/bb2b46b176a734b352582813c0291d70/element/f.8C1D5EADEBD988366C52E54A6DEB9406.d.58C3E9F13179890DE2463F28FEAC44CA.e.3328/click - {}
RESULT: {}
COMMAND: GET /session/bb2b46b176a734b352582813c0291d70/screenshot - {}
RESULT: {}
RESULT: undefined
COMMAND: POST /session/bb2b46b176a734b352582813c0291d70/element - {"using":"xpath","value":"//*[@id=\"__tile101\"]"}
RESULT: {"using":"xpath","value":"//*[@id=\"__tile101\"]"}
COMMAND: POST /session/bb2b46b176a734b352582813c0291d70/element/f.8C1D5EADEBD988366C52E54A6DEB9406.d.58C3E9F13179890DE2463F28FEAC44CA.e.3328/click - {}
RESULT: undefined
COMMAND: POST /session/bb2b46b176a734b352582813c0291d70/element - {"using":"xpath","value":"//*[@id=\"__tile101\"]"}
RESULT: {"using":"xpath","value":"//*[@id=\"__tile101\"]"}
COMMAND: POST /session/bb2b46b176a734b352582813c0291d70/element/f.8C1D5EADEBD988366C52E54A6DEB9406.d.58C3E9F13179890DE2463F28FEAC44CA.e.3328/click - {}
RESULT: undefined
COMMAND: POST /session/bb2b46b176a734b352582813c0291d70/execute/async - {"script":"<script> [6424 bytes]","args":[{"element-6066-11e4-a52e-4f735466cecf":"f.8C1D5EADEBD988366C52E54A6DEB9406.d.58C3E9F13179890DE2463F28FEAC44CA.e.291"},"getTitle",[]]}
COMMAND: POST /session/bb2b46b176a734b352582813c0291d70/execute/async - {"script":"<script> [1562 bytes]","args":[{"selector":{"id":"shellAppTitle"},"wdio_ui5_key":"shellAppTitle"}]}
RESULT: {"script":"<script> [1562 bytes]","args":[{"selector":{"id":"shellAppTitle"},"wdio_ui5_key":"shellAppTitle"}]}
COMMAND: POST /session/bb2b46b176a734b352582813c0291d70/execute/async - {"script":"<script> [6424 bytes]","args":[{"element-6066-11e4-a52e-4f735466cecf":"f.8C1D5EADEBD988366C52E54A6DEB9406.d.58C3E9F13179890DE2463F28FEAC44CA.e.3385"},"getTitle",[]]}
RESULT: {"script":"<script> [6424 bytes]","args":[{"element-6066-11e4-a52e-4f735466cecf":"f.8C1D5EADEBD988366C52E54A6DEB9406.d.58C3E9F13179890DE2463F28FEAC44CA.e.3385"},"getTitle",[]]}
RESULT: undefined
COMMAND: POST /session/bb2b46b176a734b352582813c0291d70/element/f.8C1D5EADEBD988366C52E54A6DEB9406.d.58C3E9F13179890DE2463F28FEAC44CA.e.3326/click - {}
RESULT: {}
COMMAND: GET /session/bb2b46b176a734b352582813c0291d70/screenshot - {}
RESULT: {}
]]></system-out>
    </testcase>
    <testcase classname="chrome.135_0_7049_115.windows.Sanity_Tests_US104253" name="Should open RU Inventory List page" time="34.048">
      <system-out><![CDATA[
COMMAND: POST /session/bb2b46b176a734b352582813c0291d70/execute/async - {"script":"<script> [1562 bytes]","args":[{"selector":{"controlType":"sap.m.GenericTile","properties":{"header":"RU Inventory List"}},"wdio_ui5_key":"sapm.GenericTile{\"header\":\"RU Inventory List\"}"}]}
RESULT: {"script":"<script> [1562 bytes]","args":[{"selector":{"controlType":"sap.m.GenericTile","properties":{"header":"RU Inventory List"}},"wdio_ui5_key":"sapm.GenericTile{\"header\":\"RU Inventory List\"}"}]}
RESULT: undefined
COMMAND: POST /session/bb2b46b176a734b352582813c0291d70/element - {"using":"xpath","value":"//*[@id=\"__tile99\"]"}
RESULT: {"using":"xpath","value":"//*[@id=\"__tile99\"]"}
COMMAND: POST /session/bb2b46b176a734b352582813c0291d70/element/f.8C1D5EADEBD988366C52E54A6DEB9406.d.58C3E9F13179890DE2463F28FEAC44CA.e.3387/click - {}
RESULT: {}
COMMAND: GET /session/bb2b46b176a734b352582813c0291d70/screenshot - {}
RESULT: {}
RESULT: undefined
COMMAND: POST /session/bb2b46b176a734b352582813c0291d70/element - {"using":"xpath","value":"//*[@id=\"__tile99\"]"}
RESULT: {"using":"xpath","value":"//*[@id=\"__tile99\"]"}
COMMAND: POST /session/bb2b46b176a734b352582813c0291d70/element/f.8C1D5EADEBD988366C52E54A6DEB9406.d.58C3E9F13179890DE2463F28FEAC44CA.e.3387/click - {}
RESULT: undefined
COMMAND: POST /session/bb2b46b176a734b352582813c0291d70/element - {"using":"xpath","value":"//*[@id=\"__tile99\"]"}
RESULT: {"using":"xpath","value":"//*[@id=\"__tile99\"]"}
COMMAND: POST /session/bb2b46b176a734b352582813c0291d70/element/f.8C1D5EADEBD988366C52E54A6DEB9406.d.58C3E9F13179890DE2463F28FEAC44CA.e.3387/click - {}
RESULT: undefined
COMMAND: POST /session/bb2b46b176a734b352582813c0291d70/execute/async - {"script":"<script> [6424 bytes]","args":[{"element-6066-11e4-a52e-4f735466cecf":"f.8C1D5EADEBD988366C52E54A6DEB9406.d.58C3E9F13179890DE2463F28FEAC44CA.e.291"},"getTitle",[]]}
COMMAND: POST /session/bb2b46b176a734b352582813c0291d70/execute/async - {"script":"<script> [1562 bytes]","args":[{"selector":{"id":"shellAppTitle"},"wdio_ui5_key":"shellAppTitle"}]}
RESULT: {"script":"<script> [1562 bytes]","args":[{"selector":{"id":"shellAppTitle"},"wdio_ui5_key":"shellAppTitle"}]}
COMMAND: POST /session/bb2b46b176a734b352582813c0291d70/execute/async - {"script":"<script> [6424 bytes]","args":[{"element-6066-11e4-a52e-4f735466cecf":"f.8C1D5EADEBD988366C52E54A6DEB9406.d.58C3E9F13179890DE2463F28FEAC44CA.e.3589"},"getTitle",[]]}
RESULT: {"script":"<script> [6424 bytes]","args":[{"element-6066-11e4-a52e-4f735466cecf":"f.8C1D5EADEBD988366C52E54A6DEB9406.d.58C3E9F13179890DE2463F28FEAC44CA.e.3589"},"getTitle",[]]}
RESULT: undefined
COMMAND: POST /session/bb2b46b176a734b352582813c0291d70/element/f.8C1D5EADEBD988366C52E54A6DEB9406.d.58C3E9F13179890DE2463F28FEAC44CA.e.3326/click - {}
COMMAND: POST /session/bb2b46b176a734b352582813c0291d70/element - {"using":"xpath","value":"//*[@id=\"backBtn\"]"}
RESULT: {"using":"xpath","value":"//*[@id=\"backBtn\"]"}
COMMAND: POST /session/bb2b46b176a734b352582813c0291d70/element/f.8C1D5EADEBD988366C52E54A6DEB9406.d.58C3E9F13179890DE2463F28FEAC44CA.e.3326/click - {}
COMMAND: POST /session/bb2b46b176a734b352582813c0291d70/element - {"using":"xpath","value":"//*[@id=\"backBtn\"]"}
RESULT: {"using":"xpath","value":"//*[@id=\"backBtn\"]"}
COMMAND: POST /session/bb2b46b176a734b352582813c0291d70/element/f.8C1D5EADEBD988366C52E54A6DEB9406.d.58C3E9F13179890DE2463F28FEAC44CA.e.3590/click - {}
RESULT: {}
COMMAND: GET /session/bb2b46b176a734b352582813c0291d70/screenshot - {}
RESULT: {}
]]></system-out>
    </testcase>
    <testcase classname="chrome.135_0_7049_115.windows.Sanity_Tests_US104253" name="Should open Contracts Dashboard page" time="43.715">
      <system-out><![CDATA[
COMMAND: POST /session/bb2b46b176a734b352582813c0291d70/execute/async - {"script":"<script> [1562 bytes]","args":[{"selector":{"controlType":"sap.m.GenericTile","properties":{"header":"Contracts Dashboard"}},"wdio_ui5_key":"sapm.GenericTile{\"header\":\"Contracts Dashboard\"}"}]}
RESULT: {"script":"<script> [1562 bytes]","args":[{"selector":{"controlType":"sap.m.GenericTile","properties":{"header":"Contracts Dashboard"}},"wdio_ui5_key":"sapm.GenericTile{\"header\":\"Contracts Dashboard\"}"}]}
RESULT: undefined
COMMAND: POST /session/bb2b46b176a734b352582813c0291d70/element - {"using":"xpath","value":"//*[@id=\"__tile97\"]"}
RESULT: {"using":"xpath","value":"//*[@id=\"__tile97\"]"}
COMMAND: POST /session/bb2b46b176a734b352582813c0291d70/element/f.8C1D5EADEBD988366C52E54A6DEB9406.d.58C3E9F13179890DE2463F28FEAC44CA.e.3592/click - {}
RESULT: {}
COMMAND: GET /session/bb2b46b176a734b352582813c0291d70/screenshot - {}
RESULT: {}
RESULT: undefined
COMMAND: POST /session/bb2b46b176a734b352582813c0291d70/element - {"using":"xpath","value":"//*[@id=\"__tile97\"]"}
RESULT: {"using":"xpath","value":"//*[@id=\"__tile97\"]"}
COMMAND: POST /session/bb2b46b176a734b352582813c0291d70/element/f.8C1D5EADEBD988366C52E54A6DEB9406.d.58C3E9F13179890DE2463F28FEAC44CA.e.3592/click - {}
RESULT: undefined
COMMAND: POST /session/bb2b46b176a734b352582813c0291d70/element - {"using":"xpath","value":"//*[@id=\"__tile97\"]"}
RESULT: {"using":"xpath","value":"//*[@id=\"__tile97\"]"}
COMMAND: POST /session/bb2b46b176a734b352582813c0291d70/element/f.8C1D5EADEBD988366C52E54A6DEB9406.d.58C3E9F13179890DE2463F28FEAC44CA.e.3592/click - {}
RESULT: undefined
COMMAND: POST /session/bb2b46b176a734b352582813c0291d70/execute/async - {"script":"<script> [6424 bytes]","args":[{"element-6066-11e4-a52e-4f735466cecf":"f.8C1D5EADEBD988366C52E54A6DEB9406.d.58C3E9F13179890DE2463F28FEAC44CA.e.291"},"getTitle",[]]}
COMMAND: POST /session/bb2b46b176a734b352582813c0291d70/execute/async - {"script":"<script> [1562 bytes]","args":[{"selector":{"id":"shellAppTitle"},"wdio_ui5_key":"shellAppTitle"}]}
RESULT: {"script":"<script> [1562 bytes]","args":[{"selector":{"id":"shellAppTitle"},"wdio_ui5_key":"shellAppTitle"}]}
COMMAND: POST /session/bb2b46b176a734b352582813c0291d70/execute/async - {"script":"<script> [6424 bytes]","args":[{"element-6066-11e4-a52e-4f735466cecf":"f.8C1D5EADEBD988366C52E54A6DEB9406.d.58C3E9F13179890DE2463F28FEAC44CA.e.3613"},"getTitle",[]]}
RESULT: {"script":"<script> [6424 bytes]","args":[{"element-6066-11e4-a52e-4f735466cecf":"f.8C1D5EADEBD988366C52E54A6DEB9406.d.58C3E9F13179890DE2463F28FEAC44CA.e.3613"},"getTitle",[]]}
RESULT: undefined
COMMAND: POST /session/bb2b46b176a734b352582813c0291d70/element/f.8C1D5EADEBD988366C52E54A6DEB9406.d.58C3E9F13179890DE2463F28FEAC44CA.e.3590/click - {}
RESULT: {}
COMMAND: GET /session/bb2b46b176a734b352582813c0291d70/screenshot - {}
RESULT: {}
]]></system-out>
    </testcase>
    <testcase classname="chrome.135_0_7049_115.windows.Sanity_Tests_US104253" name="Should open Bin Status Report page" time="37.788">
      <system-out><![CDATA[
COMMAND: POST /session/bb2b46b176a734b352582813c0291d70/execute/async - {"script":"<script> [1562 bytes]","args":[{"selector":{"controlType":"sap.m.GenericTile","properties":{"header":"Bin Status Report"}},"wdio_ui5_key":"sapm.GenericTile{\"header\":\"Bin Status Report\"}"}]}
RESULT: {"script":"<script> [1562 bytes]","args":[{"selector":{"controlType":"sap.m.GenericTile","properties":{"header":"Bin Status Report"}},"wdio_ui5_key":"sapm.GenericTile{\"header\":\"Bin Status Report\"}"}]}
RESULT: undefined
COMMAND: POST /session/bb2b46b176a734b352582813c0291d70/element - {"using":"xpath","value":"//*[@id=\"__tile104\"]"}
RESULT: {"using":"xpath","value":"//*[@id=\"__tile104\"]"}
COMMAND: POST /session/bb2b46b176a734b352582813c0291d70/element/f.8C1D5EADEBD988366C52E54A6DEB9406.d.58C3E9F13179890DE2463F28FEAC44CA.e.3615/click - {}
RESULT: {}
COMMAND: GET /session/bb2b46b176a734b352582813c0291d70/screenshot - {}
RESULT: {}
RESULT: undefined
COMMAND: POST /session/bb2b46b176a734b352582813c0291d70/element - {"using":"xpath","value":"//*[@id=\"__tile104\"]"}
RESULT: {"using":"xpath","value":"//*[@id=\"__tile104\"]"}
COMMAND: POST /session/bb2b46b176a734b352582813c0291d70/element/f.8C1D5EADEBD988366C52E54A6DEB9406.d.58C3E9F13179890DE2463F28FEAC44CA.e.3615/click - {}
RESULT: undefined
COMMAND: POST /session/bb2b46b176a734b352582813c0291d70/element - {"using":"xpath","value":"//*[@id=\"__tile104\"]"}
RESULT: {"using":"xpath","value":"//*[@id=\"__tile104\"]"}
COMMAND: POST /session/bb2b46b176a734b352582813c0291d70/element/f.8C1D5EADEBD988366C52E54A6DEB9406.d.58C3E9F13179890DE2463F28FEAC44CA.e.3615/click - {}
RESULT: undefined
COMMAND: POST /session/bb2b46b176a734b352582813c0291d70/execute/async - {"script":"<script> [6424 bytes]","args":[{"element-6066-11e4-a52e-4f735466cecf":"f.8C1D5EADEBD988366C52E54A6DEB9406.d.58C3E9F13179890DE2463F28FEAC44CA.e.291"},"getTitle",[]]}
COMMAND: POST /session/bb2b46b176a734b352582813c0291d70/execute/async - {"script":"<script> [1562 bytes]","args":[{"selector":{"id":"shellAppTitle"},"wdio_ui5_key":"shellAppTitle"}]}
RESULT: {"script":"<script> [1562 bytes]","args":[{"selector":{"id":"shellAppTitle"},"wdio_ui5_key":"shellAppTitle"}]}
COMMAND: POST /session/bb2b46b176a734b352582813c0291d70/execute/async - {"script":"<script> [6424 bytes]","args":[{"element-6066-11e4-a52e-4f735466cecf":"f.8C1D5EADEBD988366C52E54A6DEB9406.d.58C3E9F13179890DE2463F28FEAC44CA.e.3712"},"getTitle",[]]}
RESULT: {"script":"<script> [6424 bytes]","args":[{"element-6066-11e4-a52e-4f735466cecf":"f.8C1D5EADEBD988366C52E54A6DEB9406.d.58C3E9F13179890DE2463F28FEAC44CA.e.3712"},"getTitle",[]]}
RESULT: undefined
COMMAND: POST /session/bb2b46b176a734b352582813c0291d70/element/f.8C1D5EADEBD988366C52E54A6DEB9406.d.58C3E9F13179890DE2463F28FEAC44CA.e.3590/click - {}
COMMAND: POST /session/bb2b46b176a734b352582813c0291d70/element - {"using":"xpath","value":"//*[@id=\"backBtn\"]"}
RESULT: {"using":"xpath","value":"//*[@id=\"backBtn\"]"}
COMMAND: POST /session/bb2b46b176a734b352582813c0291d70/element/f.8C1D5EADEBD988366C52E54A6DEB9406.d.58C3E9F13179890DE2463F28FEAC44CA.e.3590/click - {}
COMMAND: POST /session/bb2b46b176a734b352582813c0291d70/element - {"using":"xpath","value":"//*[@id=\"backBtn\"]"}
RESULT: {"using":"xpath","value":"//*[@id=\"backBtn\"]"}
COMMAND: POST /session/bb2b46b176a734b352582813c0291d70/element/f.8C1D5EADEBD988366C52E54A6DEB9406.d.58C3E9F13179890DE2463F28FEAC44CA.e.3713/click - {}
RESULT: {}
COMMAND: GET /session/bb2b46b176a734b352582813c0291d70/screenshot - {}
RESULT: {}
]]></system-out>
    </testcase>
    <testcase classname="chrome.135_0_7049_115.windows.Sanity_Tests_US104253" name="Should open Manage Warehouse Movements page" time="35.853">
      <system-out><![CDATA[
COMMAND: POST /session/bb2b46b176a734b352582813c0291d70/execute/async - {"script":"<script> [1562 bytes]","args":[{"selector":{"controlType":"sap.m.GenericTile","properties":{"header":"Manage Warehouse Movements"}},"wdio_ui5_key":"sapm.GenericTile{\"header\":\"Manage Warehouse Movements\"}"}]}
RESULT: {"script":"<script> [1562 bytes]","args":[{"selector":{"controlType":"sap.m.GenericTile","properties":{"header":"Manage Warehouse Movements"}},"wdio_ui5_key":"sapm.GenericTile{\"header\":\"Manage Warehouse Movements\"}"}]}
RESULT: undefined
COMMAND: POST /session/bb2b46b176a734b352582813c0291d70/element - {"using":"xpath","value":"//*[@id=\"__tile105\"]"}
RESULT: {"using":"xpath","value":"//*[@id=\"__tile105\"]"}
COMMAND: POST /session/bb2b46b176a734b352582813c0291d70/element/f.8C1D5EADEBD988366C52E54A6DEB9406.d.58C3E9F13179890DE2463F28FEAC44CA.e.3717/click - {}
RESULT: {}
COMMAND: GET /session/bb2b46b176a734b352582813c0291d70/screenshot - {}
RESULT: {}
RESULT: undefined
COMMAND: POST /session/bb2b46b176a734b352582813c0291d70/element - {"using":"xpath","value":"//*[@id=\"__tile105\"]"}
RESULT: {"using":"xpath","value":"//*[@id=\"__tile105\"]"}
COMMAND: POST /session/bb2b46b176a734b352582813c0291d70/element/f.8C1D5EADEBD988366C52E54A6DEB9406.d.58C3E9F13179890DE2463F28FEAC44CA.e.3717/click - {}
RESULT: undefined
COMMAND: POST /session/bb2b46b176a734b352582813c0291d70/element - {"using":"xpath","value":"//*[@id=\"__tile105\"]"}
RESULT: {"using":"xpath","value":"//*[@id=\"__tile105\"]"}
COMMAND: POST /session/bb2b46b176a734b352582813c0291d70/element/f.8C1D5EADEBD988366C52E54A6DEB9406.d.58C3E9F13179890DE2463F28FEAC44CA.e.3717/click - {}
RESULT: undefined
COMMAND: POST /session/bb2b46b176a734b352582813c0291d70/execute/async - {"script":"<script> [6424 bytes]","args":[{"element-6066-11e4-a52e-4f735466cecf":"f.8C1D5EADEBD988366C52E54A6DEB9406.d.58C3E9F13179890DE2463F28FEAC44CA.e.291"},"getTitle",[]]}
COMMAND: POST /session/bb2b46b176a734b352582813c0291d70/execute/async - {"script":"<script> [1562 bytes]","args":[{"selector":{"id":"shellAppTitle"},"wdio_ui5_key":"shellAppTitle"}]}
RESULT: {"script":"<script> [1562 bytes]","args":[{"selector":{"id":"shellAppTitle"},"wdio_ui5_key":"shellAppTitle"}]}
COMMAND: POST /session/bb2b46b176a734b352582813c0291d70/execute/async - {"script":"<script> [6424 bytes]","args":[{"element-6066-11e4-a52e-4f735466cecf":"f.8C1D5EADEBD988366C52E54A6DEB9406.d.58C3E9F13179890DE2463F28FEAC44CA.e.3817"},"getTitle",[]]}
RESULT: {"script":"<script> [6424 bytes]","args":[{"element-6066-11e4-a52e-4f735466cecf":"f.8C1D5EADEBD988366C52E54A6DEB9406.d.58C3E9F13179890DE2463F28FEAC44CA.e.3817"},"getTitle",[]]}
RESULT: undefined
COMMAND: POST /session/bb2b46b176a734b352582813c0291d70/element/f.8C1D5EADEBD988366C52E54A6DEB9406.d.58C3E9F13179890DE2463F28FEAC44CA.e.3713/click - {}
RESULT: {}
COMMAND: GET /session/bb2b46b176a734b352582813c0291d70/screenshot - {}
RESULT: {}
]]></system-out>
    </testcase>
    <testcase classname="chrome.135_0_7049_115.windows.Sanity_Tests_US104253" name="Should open Bin Inventory List page" time="34.91">
      <system-out><![CDATA[
COMMAND: POST /session/bb2b46b176a734b352582813c0291d70/execute/async - {"script":"<script> [1562 bytes]","args":[{"selector":{"controlType":"sap.m.GenericTile","properties":{"header":"Bin Inventory List"}},"wdio_ui5_key":"sapm.GenericTile{\"header\":\"Bin Inventory List\"}"}]}
RESULT: {"script":"<script> [1562 bytes]","args":[{"selector":{"controlType":"sap.m.GenericTile","properties":{"header":"Bin Inventory List"}},"wdio_ui5_key":"sapm.GenericTile{\"header\":\"Bin Inventory List\"}"}]}
RESULT: undefined
COMMAND: POST /session/bb2b46b176a734b352582813c0291d70/element - {"using":"xpath","value":"//*[@id=\"__tile103\"]"}
RESULT: {"using":"xpath","value":"//*[@id=\"__tile103\"]"}
COMMAND: POST /session/bb2b46b176a734b352582813c0291d70/element/f.8C1D5EADEBD988366C52E54A6DEB9406.d.58C3E9F13179890DE2463F28FEAC44CA.e.3819/click - {}
RESULT: {}
COMMAND: GET /session/bb2b46b176a734b352582813c0291d70/screenshot - {}
RESULT: {}
RESULT: undefined
COMMAND: POST /session/bb2b46b176a734b352582813c0291d70/element - {"using":"xpath","value":"//*[@id=\"__tile103\"]"}
RESULT: {"using":"xpath","value":"//*[@id=\"__tile103\"]"}
COMMAND: POST /session/bb2b46b176a734b352582813c0291d70/element/f.8C1D5EADEBD988366C52E54A6DEB9406.d.58C3E9F13179890DE2463F28FEAC44CA.e.3819/click - {}
RESULT: undefined
COMMAND: POST /session/bb2b46b176a734b352582813c0291d70/element - {"using":"xpath","value":"//*[@id=\"__tile103\"]"}
RESULT: {"using":"xpath","value":"//*[@id=\"__tile103\"]"}
COMMAND: POST /session/bb2b46b176a734b352582813c0291d70/element/f.8C1D5EADEBD988366C52E54A6DEB9406.d.58C3E9F13179890DE2463F28FEAC44CA.e.3819/click - {}
RESULT: undefined
COMMAND: POST /session/bb2b46b176a734b352582813c0291d70/execute/async - {"script":"<script> [6424 bytes]","args":[{"element-6066-11e4-a52e-4f735466cecf":"f.8C1D5EADEBD988366C52E54A6DEB9406.d.58C3E9F13179890DE2463F28FEAC44CA.e.291"},"getTitle",[]]}
COMMAND: POST /session/bb2b46b176a734b352582813c0291d70/execute/async - {"script":"<script> [1562 bytes]","args":[{"selector":{"id":"shellAppTitle"},"wdio_ui5_key":"shellAppTitle"}]}
RESULT: {"script":"<script> [1562 bytes]","args":[{"selector":{"id":"shellAppTitle"},"wdio_ui5_key":"shellAppTitle"}]}
COMMAND: POST /session/bb2b46b176a734b352582813c0291d70/execute/async - {"script":"<script> [6424 bytes]","args":[{"element-6066-11e4-a52e-4f735466cecf":"f.8C1D5EADEBD988366C52E54A6DEB9406.d.58C3E9F13179890DE2463F28FEAC44CA.e.3917"},"getTitle",[]]}
RESULT: {"script":"<script> [6424 bytes]","args":[{"element-6066-11e4-a52e-4f735466cecf":"f.8C1D5EADEBD988366C52E54A6DEB9406.d.58C3E9F13179890DE2463F28FEAC44CA.e.3917"},"getTitle",[]]}
RESULT: undefined
COMMAND: POST /session/bb2b46b176a734b352582813c0291d70/element/f.8C1D5EADEBD988366C52E54A6DEB9406.d.58C3E9F13179890DE2463F28FEAC44CA.e.3713/click - {}
COMMAND: POST /session/bb2b46b176a734b352582813c0291d70/element - {"using":"xpath","value":"//*[@id=\"backBtn\"]"}
RESULT: {"using":"xpath","value":"//*[@id=\"backBtn\"]"}
COMMAND: POST /session/bb2b46b176a734b352582813c0291d70/element/f.8C1D5EADEBD988366C52E54A6DEB9406.d.58C3E9F13179890DE2463F28FEAC44CA.e.3713/click - {}
COMMAND: POST /session/bb2b46b176a734b352582813c0291d70/element - {"using":"xpath","value":"//*[@id=\"backBtn\"]"}
RESULT: {"using":"xpath","value":"//*[@id=\"backBtn\"]"}
COMMAND: POST /session/bb2b46b176a734b352582813c0291d70/element/f.8C1D5EADEBD988366C52E54A6DEB9406.d.58C3E9F13179890DE2463F28FEAC44CA.e.3918/click - {}
RESULT: {}
COMMAND: GET /session/bb2b46b176a734b352582813c0291d70/screenshot - {}
RESULT: {}
]]></system-out>
    </testcase>
    <testcase classname="chrome.135_0_7049_115.windows.Sanity_Tests_US104253" name="Should open ISC Templates page" time="37.638">
      <system-out><![CDATA[
COMMAND: POST /session/bb2b46b176a734b352582813c0291d70/execute/async - {"script":"<script> [1562 bytes]","args":[{"selector":{"controlType":"sap.m.GenericTile","properties":{"header":"ISC Templates"}},"wdio_ui5_key":"sapm.GenericTile{\"header\":\"ISC Templates\"}"}]}
RESULT: {"script":"<script> [1562 bytes]","args":[{"selector":{"controlType":"sap.m.GenericTile","properties":{"header":"ISC Templates"}},"wdio_ui5_key":"sapm.GenericTile{\"header\":\"ISC Templates\"}"}]}
RESULT: undefined
COMMAND: POST /session/bb2b46b176a734b352582813c0291d70/element - {"using":"xpath","value":"//*[@id=\"__tile111\"]"}
RESULT: {"using":"xpath","value":"//*[@id=\"__tile111\"]"}
COMMAND: POST /session/bb2b46b176a734b352582813c0291d70/element/f.8C1D5EADEBD988366C52E54A6DEB9406.d.58C3E9F13179890DE2463F28FEAC44CA.e.3920/click - {}
RESULT: {}
COMMAND: GET /session/bb2b46b176a734b352582813c0291d70/screenshot - {}
RESULT: {}
RESULT: undefined
COMMAND: POST /session/bb2b46b176a734b352582813c0291d70/element - {"using":"xpath","value":"//*[@id=\"__tile111\"]"}
RESULT: {"using":"xpath","value":"//*[@id=\"__tile111\"]"}
COMMAND: POST /session/bb2b46b176a734b352582813c0291d70/element/f.8C1D5EADEBD988366C52E54A6DEB9406.d.58C3E9F13179890DE2463F28FEAC44CA.e.3920/click - {}
RESULT: undefined
COMMAND: POST /session/bb2b46b176a734b352582813c0291d70/element - {"using":"xpath","value":"//*[@id=\"__tile111\"]"}
RESULT: {"using":"xpath","value":"//*[@id=\"__tile111\"]"}
COMMAND: POST /session/bb2b46b176a734b352582813c0291d70/element/f.8C1D5EADEBD988366C52E54A6DEB9406.d.58C3E9F13179890DE2463F28FEAC44CA.e.3920/click - {}
RESULT: undefined
COMMAND: POST /session/bb2b46b176a734b352582813c0291d70/execute/async - {"script":"<script> [6424 bytes]","args":[{"element-6066-11e4-a52e-4f735466cecf":"f.8C1D5EADEBD988366C52E54A6DEB9406.d.58C3E9F13179890DE2463F28FEAC44CA.e.291"},"getTitle",[]]}
COMMAND: POST /session/bb2b46b176a734b352582813c0291d70/execute/async - {"script":"<script> [1562 bytes]","args":[{"selector":{"id":"shellAppTitle"},"wdio_ui5_key":"shellAppTitle"}]}
RESULT: {"script":"<script> [1562 bytes]","args":[{"selector":{"id":"shellAppTitle"},"wdio_ui5_key":"shellAppTitle"}]}
COMMAND: POST /session/bb2b46b176a734b352582813c0291d70/execute/async - {"script":"<script> [6424 bytes]","args":[{"element-6066-11e4-a52e-4f735466cecf":"f.8C1D5EADEBD988366C52E54A6DEB9406.d.58C3E9F13179890DE2463F28FEAC44CA.e.3987"},"getTitle",[]]}
RESULT: {"script":"<script> [6424 bytes]","args":[{"element-6066-11e4-a52e-4f735466cecf":"f.8C1D5EADEBD988366C52E54A6DEB9406.d.58C3E9F13179890DE2463F28FEAC44CA.e.3987"},"getTitle",[]]}
RESULT: undefined
COMMAND: POST /session/bb2b46b176a734b352582813c0291d70/element/f.8C1D5EADEBD988366C52E54A6DEB9406.d.58C3E9F13179890DE2463F28FEAC44CA.e.3918/click - {}
RESULT: {}
COMMAND: GET /session/bb2b46b176a734b352582813c0291d70/screenshot - {}
RESULT: {}
]]></system-out>
    </testcase>
    <testcase classname="chrome.135_0_7049_115.windows.Sanity_Tests_US104253" name="Should open ISC Schedules page" time="36.568">
      <system-out><![CDATA[
COMMAND: POST /session/bb2b46b176a734b352582813c0291d70/execute/async - {"script":"<script> [1562 bytes]","args":[{"selector":{"controlType":"sap.m.GenericTile","properties":{"header":"ISC Schedules"}},"wdio_ui5_key":"sapm.GenericTile{\"header\":\"ISC Schedules\"}"}]}
RESULT: {"script":"<script> [1562 bytes]","args":[{"selector":{"controlType":"sap.m.GenericTile","properties":{"header":"ISC Schedules"}},"wdio_ui5_key":"sapm.GenericTile{\"header\":\"ISC Schedules\"}"}]}
RESULT: undefined
COMMAND: POST /session/bb2b46b176a734b352582813c0291d70/element - {"using":"xpath","value":"//*[@id=\"__tile109\"]"}
RESULT: {"using":"xpath","value":"//*[@id=\"__tile109\"]"}
COMMAND: POST /session/bb2b46b176a734b352582813c0291d70/element/f.8C1D5EADEBD988366C52E54A6DEB9406.d.58C3E9F13179890DE2463F28FEAC44CA.e.3990/click - {}
RESULT: {}
COMMAND: GET /session/bb2b46b176a734b352582813c0291d70/screenshot - {}
RESULT: {}
RESULT: undefined
COMMAND: POST /session/bb2b46b176a734b352582813c0291d70/element - {"using":"xpath","value":"//*[@id=\"__tile109\"]"}
RESULT: {"using":"xpath","value":"//*[@id=\"__tile109\"]"}
COMMAND: POST /session/bb2b46b176a734b352582813c0291d70/element/f.8C1D5EADEBD988366C52E54A6DEB9406.d.58C3E9F13179890DE2463F28FEAC44CA.e.3990/click - {}
RESULT: undefined
COMMAND: POST /session/bb2b46b176a734b352582813c0291d70/element - {"using":"xpath","value":"//*[@id=\"__tile109\"]"}
RESULT: {"using":"xpath","value":"//*[@id=\"__tile109\"]"}
COMMAND: POST /session/bb2b46b176a734b352582813c0291d70/element/f.8C1D5EADEBD988366C52E54A6DEB9406.d.58C3E9F13179890DE2463F28FEAC44CA.e.3990/click - {}
RESULT: undefined
COMMAND: POST /session/bb2b46b176a734b352582813c0291d70/execute/async - {"script":"<script> [6424 bytes]","args":[{"element-6066-11e4-a52e-4f735466cecf":"f.8C1D5EADEBD988366C52E54A6DEB9406.d.58C3E9F13179890DE2463F28FEAC44CA.e.291"},"getTitle",[]]}
COMMAND: POST /session/bb2b46b176a734b352582813c0291d70/execute/async - {"script":"<script> [1562 bytes]","args":[{"selector":{"id":"shellAppTitle"},"wdio_ui5_key":"shellAppTitle"}]}
RESULT: {"script":"<script> [1562 bytes]","args":[{"selector":{"id":"shellAppTitle"},"wdio_ui5_key":"shellAppTitle"}]}
COMMAND: POST /session/bb2b46b176a734b352582813c0291d70/execute/async - {"script":"<script> [6424 bytes]","args":[{"element-6066-11e4-a52e-4f735466cecf":"f.8C1D5EADEBD988366C52E54A6DEB9406.d.58C3E9F13179890DE2463F28FEAC44CA.e.4059"},"getTitle",[]]}
RESULT: {"script":"<script> [6424 bytes]","args":[{"element-6066-11e4-a52e-4f735466cecf":"f.8C1D5EADEBD988366C52E54A6DEB9406.d.58C3E9F13179890DE2463F28FEAC44CA.e.4059"},"getTitle",[]]}
RESULT: undefined
COMMAND: POST /session/bb2b46b176a734b352582813c0291d70/element/f.8C1D5EADEBD988366C52E54A6DEB9406.d.58C3E9F13179890DE2463F28FEAC44CA.e.3918/click - {}
COMMAND: POST /session/bb2b46b176a734b352582813c0291d70/element - {"using":"xpath","value":"//*[@id=\"backBtn\"]"}
RESULT: {"using":"xpath","value":"//*[@id=\"backBtn\"]"}
COMMAND: POST /session/bb2b46b176a734b352582813c0291d70/element/f.8C1D5EADEBD988366C52E54A6DEB9406.d.58C3E9F13179890DE2463F28FEAC44CA.e.3918/click - {}
COMMAND: POST /session/bb2b46b176a734b352582813c0291d70/element - {"using":"xpath","value":"//*[@id=\"backBtn\"]"}
RESULT: {"using":"xpath","value":"//*[@id=\"backBtn\"]"}
COMMAND: POST /session/bb2b46b176a734b352582813c0291d70/element/f.8C1D5EADEBD988366C52E54A6DEB9406.d.58C3E9F13179890DE2463F28FEAC44CA.e.4060/click - {}
RESULT: {}
COMMAND: GET /session/bb2b46b176a734b352582813c0291d70/screenshot - {}
RESULT: {}
]]></system-out>
    </testcase>
    <testcase classname="chrome.135_0_7049_115.windows.Sanity_Tests_US104253" name="Should open ISC Dashboard page" time="36.145">
      <system-out><![CDATA[
COMMAND: POST /session/bb2b46b176a734b352582813c0291d70/execute/async - {"script":"<script> [1562 bytes]","args":[{"selector":{"controlType":"sap.m.GenericTile","properties":{"header":"ISC Dashboard"}},"wdio_ui5_key":"sapm.GenericTile{\"header\":\"ISC Dashboard\"}"}]}
RESULT: {"script":"<script> [1562 bytes]","args":[{"selector":{"controlType":"sap.m.GenericTile","properties":{"header":"ISC Dashboard"}},"wdio_ui5_key":"sapm.GenericTile{\"header\":\"ISC Dashboard\"}"}]}
RESULT: undefined
COMMAND: POST /session/bb2b46b176a734b352582813c0291d70/element - {"using":"xpath","value":"//*[@id=\"__tile106\"]"}
RESULT: {"using":"xpath","value":"//*[@id=\"__tile106\"]"}
COMMAND: POST /session/bb2b46b176a734b352582813c0291d70/element/f.8C1D5EADEBD988366C52E54A6DEB9406.d.58C3E9F13179890DE2463F28FEAC44CA.e.4062/click - {}
RESULT: {}
COMMAND: GET /session/bb2b46b176a734b352582813c0291d70/screenshot - {}
RESULT: {}
RESULT: undefined
COMMAND: POST /session/bb2b46b176a734b352582813c0291d70/element - {"using":"xpath","value":"//*[@id=\"__tile106\"]"}
RESULT: {"using":"xpath","value":"//*[@id=\"__tile106\"]"}
COMMAND: POST /session/bb2b46b176a734b352582813c0291d70/element/f.8C1D5EADEBD988366C52E54A6DEB9406.d.58C3E9F13179890DE2463F28FEAC44CA.e.4062/click - {}
RESULT: undefined
COMMAND: POST /session/bb2b46b176a734b352582813c0291d70/element - {"using":"xpath","value":"//*[@id=\"__tile106\"]"}
RESULT: {"using":"xpath","value":"//*[@id=\"__tile106\"]"}
COMMAND: POST /session/bb2b46b176a734b352582813c0291d70/element/f.8C1D5EADEBD988366C52E54A6DEB9406.d.58C3E9F13179890DE2463F28FEAC44CA.e.4062/click - {}
RESULT: undefined
COMMAND: POST /session/bb2b46b176a734b352582813c0291d70/execute/async - {"script":"<script> [6424 bytes]","args":[{"element-6066-11e4-a52e-4f735466cecf":"f.8C1D5EADEBD988366C52E54A6DEB9406.d.58C3E9F13179890DE2463F28FEAC44CA.e.291"},"getTitle",[]]}
COMMAND: POST /session/bb2b46b176a734b352582813c0291d70/execute/async - {"script":"<script> [1562 bytes]","args":[{"selector":{"id":"shellAppTitle"},"wdio_ui5_key":"shellAppTitle"}]}
RESULT: {"script":"<script> [1562 bytes]","args":[{"selector":{"id":"shellAppTitle"},"wdio_ui5_key":"shellAppTitle"}]}
COMMAND: POST /session/bb2b46b176a734b352582813c0291d70/execute/async - {"script":"<script> [6424 bytes]","args":[{"element-6066-11e4-a52e-4f735466cecf":"f.8C1D5EADEBD988366C52E54A6DEB9406.d.58C3E9F13179890DE2463F28FEAC44CA.e.4184"},"getTitle",[]]}
RESULT: {"script":"<script> [6424 bytes]","args":[{"element-6066-11e4-a52e-4f735466cecf":"f.8C1D5EADEBD988366C52E54A6DEB9406.d.58C3E9F13179890DE2463F28FEAC44CA.e.4184"},"getTitle",[]]}
RESULT: undefined
COMMAND: POST /session/bb2b46b176a734b352582813c0291d70/element/f.8C1D5EADEBD988366C52E54A6DEB9406.d.58C3E9F13179890DE2463F28FEAC44CA.e.4060/click - {}
RESULT: {}
COMMAND: GET /session/bb2b46b176a734b352582813c0291d70/screenshot - {}
RESULT: {}
]]></system-out>
    </testcase>
    <testcase classname="chrome.135_0_7049_115.windows.Sanity_Tests_US104253" name="Should open ISC Orders page" time="36.316">
      <system-out><![CDATA[
COMMAND: POST /session/bb2b46b176a734b352582813c0291d70/execute/async - {"script":"<script> [1562 bytes]","args":[{"selector":{"controlType":"sap.m.GenericTile","properties":{"header":"ISC Orders"}},"wdio_ui5_key":"sapm.GenericTile{\"header\":\"ISC Orders\"}"}]}
RESULT: {"script":"<script> [1562 bytes]","args":[{"selector":{"controlType":"sap.m.GenericTile","properties":{"header":"ISC Orders"}},"wdio_ui5_key":"sapm.GenericTile{\"header\":\"ISC Orders\"}"}]}
RESULT: undefined
COMMAND: POST /session/bb2b46b176a734b352582813c0291d70/element - {"using":"xpath","value":"//*[@id=\"__tile108\"]"}
RESULT: {"using":"xpath","value":"//*[@id=\"__tile108\"]"}
COMMAND: POST /session/bb2b46b176a734b352582813c0291d70/element/f.8C1D5EADEBD988366C52E54A6DEB9406.d.58C3E9F13179890DE2463F28FEAC44CA.e.4186/click - {}
RESULT: {}
COMMAND: GET /session/bb2b46b176a734b352582813c0291d70/screenshot - {}
RESULT: {}
RESULT: undefined
COMMAND: POST /session/bb2b46b176a734b352582813c0291d70/element - {"using":"xpath","value":"//*[@id=\"__tile108\"]"}
RESULT: {"using":"xpath","value":"//*[@id=\"__tile108\"]"}
COMMAND: POST /session/bb2b46b176a734b352582813c0291d70/element/f.8C1D5EADEBD988366C52E54A6DEB9406.d.58C3E9F13179890DE2463F28FEAC44CA.e.4186/click - {}
RESULT: undefined
COMMAND: POST /session/bb2b46b176a734b352582813c0291d70/element - {"using":"xpath","value":"//*[@id=\"__tile108\"]"}
RESULT: {"using":"xpath","value":"//*[@id=\"__tile108\"]"}
COMMAND: POST /session/bb2b46b176a734b352582813c0291d70/element/f.8C1D5EADEBD988366C52E54A6DEB9406.d.58C3E9F13179890DE2463F28FEAC44CA.e.4186/click - {}
RESULT: undefined
COMMAND: POST /session/bb2b46b176a734b352582813c0291d70/execute/async - {"script":"<script> [6424 bytes]","args":[{"element-6066-11e4-a52e-4f735466cecf":"f.8C1D5EADEBD988366C52E54A6DEB9406.d.58C3E9F13179890DE2463F28FEAC44CA.e.291"},"getTitle",[]]}
COMMAND: POST /session/bb2b46b176a734b352582813c0291d70/execute/async - {"script":"<script> [1562 bytes]","args":[{"selector":{"id":"shellAppTitle"},"wdio_ui5_key":"shellAppTitle"}]}
RESULT: {"script":"<script> [1562 bytes]","args":[{"selector":{"id":"shellAppTitle"},"wdio_ui5_key":"shellAppTitle"}]}
COMMAND: POST /session/bb2b46b176a734b352582813c0291d70/execute/async - {"script":"<script> [6424 bytes]","args":[{"element-6066-11e4-a52e-4f735466cecf":"f.8C1D5EADEBD988366C52E54A6DEB9406.d.58C3E9F13179890DE2463F28FEAC44CA.e.4292"},"getTitle",[]]}
RESULT: {"script":"<script> [6424 bytes]","args":[{"element-6066-11e4-a52e-4f735466cecf":"f.8C1D5EADEBD988366C52E54A6DEB9406.d.58C3E9F13179890DE2463F28FEAC44CA.e.4292"},"getTitle",[]]}
RESULT: undefined
COMMAND: POST /session/bb2b46b176a734b352582813c0291d70/element/f.8C1D5EADEBD988366C52E54A6DEB9406.d.58C3E9F13179890DE2463F28FEAC44CA.e.4060/click - {}
COMMAND: POST /session/bb2b46b176a734b352582813c0291d70/element - {"using":"xpath","value":"//*[@id=\"backBtn\"]"}
RESULT: {"using":"xpath","value":"//*[@id=\"backBtn\"]"}
COMMAND: POST /session/bb2b46b176a734b352582813c0291d70/element/f.8C1D5EADEBD988366C52E54A6DEB9406.d.58C3E9F13179890DE2463F28FEAC44CA.e.4060/click - {}
COMMAND: POST /session/bb2b46b176a734b352582813c0291d70/element - {"using":"xpath","value":"//*[@id=\"backBtn\"]"}
RESULT: {"using":"xpath","value":"//*[@id=\"backBtn\"]"}
COMMAND: POST /session/bb2b46b176a734b352582813c0291d70/element/f.8C1D5EADEBD988366C52E54A6DEB9406.d.58C3E9F13179890DE2463F28FEAC44CA.e.4293/click - {}
RESULT: {}
COMMAND: GET /session/bb2b46b176a734b352582813c0291d70/screenshot - {}
RESULT: {}
]]></system-out>
    </testcase>
    <testcase classname="chrome.135_0_7049_115.windows.Sanity_Tests_US104253" name="Should open ISC Tasks page" time="34.999">
      <system-out><![CDATA[
COMMAND: POST /session/bb2b46b176a734b352582813c0291d70/execute/async - {"script":"<script> [1562 bytes]","args":[{"selector":{"controlType":"sap.m.GenericTile","properties":{"header":"ISC Tasks"}},"wdio_ui5_key":"sapm.GenericTile{\"header\":\"ISC Tasks\"}"}]}
RESULT: {"script":"<script> [1562 bytes]","args":[{"selector":{"controlType":"sap.m.GenericTile","properties":{"header":"ISC Tasks"}},"wdio_ui5_key":"sapm.GenericTile{\"header\":\"ISC Tasks\"}"}]}
RESULT: undefined
COMMAND: POST /session/bb2b46b176a734b352582813c0291d70/element - {"using":"xpath","value":"//*[@id=\"__tile110\"]"}
RESULT: {"using":"xpath","value":"//*[@id=\"__tile110\"]"}
COMMAND: POST /session/bb2b46b176a734b352582813c0291d70/element/f.8C1D5EADEBD988366C52E54A6DEB9406.d.58C3E9F13179890DE2463F28FEAC44CA.e.4295/click - {}
RESULT: {}
COMMAND: GET /session/bb2b46b176a734b352582813c0291d70/screenshot - {}
RESULT: {}
RESULT: undefined
COMMAND: POST /session/bb2b46b176a734b352582813c0291d70/element - {"using":"xpath","value":"//*[@id=\"__tile110\"]"}
RESULT: {"using":"xpath","value":"//*[@id=\"__tile110\"]"}
COMMAND: POST /session/bb2b46b176a734b352582813c0291d70/element/f.8C1D5EADEBD988366C52E54A6DEB9406.d.58C3E9F13179890DE2463F28FEAC44CA.e.4295/click - {}
RESULT: undefined
COMMAND: POST /session/bb2b46b176a734b352582813c0291d70/element - {"using":"xpath","value":"//*[@id=\"__tile110\"]"}
RESULT: {"using":"xpath","value":"//*[@id=\"__tile110\"]"}
COMMAND: POST /session/bb2b46b176a734b352582813c0291d70/element/f.8C1D5EADEBD988366C52E54A6DEB9406.d.58C3E9F13179890DE2463F28FEAC44CA.e.4295/click - {}
RESULT: undefined
COMMAND: POST /session/bb2b46b176a734b352582813c0291d70/execute/async - {"script":"<script> [6424 bytes]","args":[{"element-6066-11e4-a52e-4f735466cecf":"f.8C1D5EADEBD988366C52E54A6DEB9406.d.58C3E9F13179890DE2463F28FEAC44CA.e.291"},"getTitle",[]]}
COMMAND: POST /session/bb2b46b176a734b352582813c0291d70/execute/async - {"script":"<script> [1562 bytes]","args":[{"selector":{"id":"shellAppTitle"},"wdio_ui5_key":"shellAppTitle"}]}
RESULT: {"script":"<script> [1562 bytes]","args":[{"selector":{"id":"shellAppTitle"},"wdio_ui5_key":"shellAppTitle"}]}
COMMAND: POST /session/bb2b46b176a734b352582813c0291d70/execute/async - {"script":"<script> [6424 bytes]","args":[{"element-6066-11e4-a52e-4f735466cecf":"f.8C1D5EADEBD988366C52E54A6DEB9406.d.58C3E9F13179890DE2463F28FEAC44CA.e.4385"},"getTitle",[]]}
RESULT: {"script":"<script> [6424 bytes]","args":[{"element-6066-11e4-a52e-4f735466cecf":"f.8C1D5EADEBD988366C52E54A6DEB9406.d.58C3E9F13179890DE2463F28FEAC44CA.e.4385"},"getTitle",[]]}
RESULT: undefined
COMMAND: POST /session/bb2b46b176a734b352582813c0291d70/element/f.8C1D5EADEBD988366C52E54A6DEB9406.d.58C3E9F13179890DE2463F28FEAC44CA.e.4293/click - {}
RESULT: {}
COMMAND: GET /session/bb2b46b176a734b352582813c0291d70/screenshot - {}
RESULT: {}
]]></system-out>
    </testcase>
    <testcase classname="chrome.135_0_7049_115.windows.Sanity_Tests_US104253" name="Should open Manage Resource Logbook page" time="35.792">
      <system-out><![CDATA[
COMMAND: POST /session/bb2b46b176a734b352582813c0291d70/execute/async - {"script":"<script> [1562 bytes]","args":[{"selector":{"controlType":"sap.m.GenericTile","properties":{"header":"Manage Resource Logbook"}},"wdio_ui5_key":"sapm.GenericTile{\"header\":\"Manage Resource Logbook\"}"}]}
RESULT: {"script":"<script> [1562 bytes]","args":[{"selector":{"controlType":"sap.m.GenericTile","properties":{"header":"Manage Resource Logbook"}},"wdio_ui5_key":"sapm.GenericTile{\"header\":\"Manage Resource Logbook\"}"}]}
RESULT: undefined
COMMAND: POST /session/bb2b46b176a734b352582813c0291d70/element - {"using":"xpath","value":"//*[@id=\"__tile113\"]"}
RESULT: {"using":"xpath","value":"//*[@id=\"__tile113\"]"}
COMMAND: POST /session/bb2b46b176a734b352582813c0291d70/element/f.8C1D5EADEBD988366C52E54A6DEB9406.d.58C3E9F13179890DE2463F28FEAC44CA.e.4387/click - {}
RESULT: {}
COMMAND: GET /session/bb2b46b176a734b352582813c0291d70/screenshot - {}
RESULT: {}
RESULT: undefined
COMMAND: POST /session/bb2b46b176a734b352582813c0291d70/element - {"using":"xpath","value":"//*[@id=\"__tile113\"]"}
RESULT: {"using":"xpath","value":"//*[@id=\"__tile113\"]"}
COMMAND: POST /session/bb2b46b176a734b352582813c0291d70/element/f.8C1D5EADEBD988366C52E54A6DEB9406.d.58C3E9F13179890DE2463F28FEAC44CA.e.4387/click - {}
RESULT: undefined
COMMAND: POST /session/bb2b46b176a734b352582813c0291d70/element - {"using":"xpath","value":"//*[@id=\"__tile113\"]"}
RESULT: {"using":"xpath","value":"//*[@id=\"__tile113\"]"}
COMMAND: POST /session/bb2b46b176a734b352582813c0291d70/element/f.8C1D5EADEBD988366C52E54A6DEB9406.d.58C3E9F13179890DE2463F28FEAC44CA.e.4387/click - {}
RESULT: undefined
COMMAND: POST /session/bb2b46b176a734b352582813c0291d70/execute/async - {"script":"<script> [6424 bytes]","args":[{"element-6066-11e4-a52e-4f735466cecf":"f.8C1D5EADEBD988366C52E54A6DEB9406.d.58C3E9F13179890DE2463F28FEAC44CA.e.291"},"getTitle",[]]}
COMMAND: POST /session/bb2b46b176a734b352582813c0291d70/execute/async - {"script":"<script> [1562 bytes]","args":[{"selector":{"id":"shellAppTitle"},"wdio_ui5_key":"shellAppTitle"}]}
RESULT: {"script":"<script> [1562 bytes]","args":[{"selector":{"id":"shellAppTitle"},"wdio_ui5_key":"shellAppTitle"}]}
COMMAND: POST /session/bb2b46b176a734b352582813c0291d70/execute/async - {"script":"<script> [6424 bytes]","args":[{"element-6066-11e4-a52e-4f735466cecf":"f.8C1D5EADEBD988366C52E54A6DEB9406.d.58C3E9F13179890DE2463F28FEAC44CA.e.4487"},"getTitle",[]]}
RESULT: {"script":"<script> [6424 bytes]","args":[{"element-6066-11e4-a52e-4f735466cecf":"f.8C1D5EADEBD988366C52E54A6DEB9406.d.58C3E9F13179890DE2463F28FEAC44CA.e.4487"},"getTitle",[]]}
RESULT: undefined
COMMAND: POST /session/bb2b46b176a734b352582813c0291d70/element/f.8C1D5EADEBD988366C52E54A6DEB9406.d.58C3E9F13179890DE2463F28FEAC44CA.e.4293/click - {}
COMMAND: POST /session/bb2b46b176a734b352582813c0291d70/element - {"using":"xpath","value":"//*[@id=\"backBtn\"]"}
RESULT: {"using":"xpath","value":"//*[@id=\"backBtn\"]"}
COMMAND: POST /session/bb2b46b176a734b352582813c0291d70/element/f.8C1D5EADEBD988366C52E54A6DEB9406.d.58C3E9F13179890DE2463F28FEAC44CA.e.4293/click - {}
COMMAND: POST /session/bb2b46b176a734b352582813c0291d70/element - {"using":"xpath","value":"//*[@id=\"backBtn\"]"}
RESULT: {"using":"xpath","value":"//*[@id=\"backBtn\"]"}
COMMAND: POST /session/bb2b46b176a734b352582813c0291d70/element/f.8C1D5EADEBD988366C52E54A6DEB9406.d.58C3E9F13179890DE2463F28FEAC44CA.e.4488/click - {}
RESULT: {}
COMMAND: GET /session/bb2b46b176a734b352582813c0291d70/screenshot - {}
RESULT: {}
]]></system-out>
    </testcase>
    <testcase classname="chrome.135_0_7049_115.windows.Sanity_Tests_US104253" name="Should open Manage Logbook page" time="35.666">
      <system-out><![CDATA[
COMMAND: POST /session/bb2b46b176a734b352582813c0291d70/execute/async - {"script":"<script> [1562 bytes]","args":[{"selector":{"controlType":"sap.m.GenericTile","properties":{"header":"Manage Logbook"}},"wdio_ui5_key":"sapm.GenericTile{\"header\":\"Manage Logbook\"}"}]}
RESULT: {"script":"<script> [1562 bytes]","args":[{"selector":{"controlType":"sap.m.GenericTile","properties":{"header":"Manage Logbook"}},"wdio_ui5_key":"sapm.GenericTile{\"header\":\"Manage Logbook\"}"}]}
RESULT: undefined
COMMAND: POST /session/bb2b46b176a734b352582813c0291d70/element - {"using":"xpath","value":"//*[@id=\"__tile112\"]"}
RESULT: {"using":"xpath","value":"//*[@id=\"__tile112\"]"}
COMMAND: POST /session/bb2b46b176a734b352582813c0291d70/element/f.8C1D5EADEBD988366C52E54A6DEB9406.d.58C3E9F13179890DE2463F28FEAC44CA.e.4490/click - {}
RESULT: {}
COMMAND: GET /session/bb2b46b176a734b352582813c0291d70/screenshot - {}
RESULT: {}
RESULT: undefined
COMMAND: POST /session/bb2b46b176a734b352582813c0291d70/element - {"using":"xpath","value":"//*[@id=\"__tile112\"]"}
RESULT: {"using":"xpath","value":"//*[@id=\"__tile112\"]"}
COMMAND: POST /session/bb2b46b176a734b352582813c0291d70/element/f.8C1D5EADEBD988366C52E54A6DEB9406.d.58C3E9F13179890DE2463F28FEAC44CA.e.4490/click - {}
RESULT: undefined
COMMAND: POST /session/bb2b46b176a734b352582813c0291d70/element - {"using":"xpath","value":"//*[@id=\"__tile112\"]"}
RESULT: {"using":"xpath","value":"//*[@id=\"__tile112\"]"}
COMMAND: POST /session/bb2b46b176a734b352582813c0291d70/element/f.8C1D5EADEBD988366C52E54A6DEB9406.d.58C3E9F13179890DE2463F28FEAC44CA.e.4490/click - {}
RESULT: undefined
COMMAND: POST /session/bb2b46b176a734b352582813c0291d70/execute/async - {"script":"<script> [6424 bytes]","args":[{"element-6066-11e4-a52e-4f735466cecf":"f.8C1D5EADEBD988366C52E54A6DEB9406.d.58C3E9F13179890DE2463F28FEAC44CA.e.291"},"getTitle",[]]}
COMMAND: POST /session/bb2b46b176a734b352582813c0291d70/execute/async - {"script":"<script> [1562 bytes]","args":[{"selector":{"id":"shellAppTitle"},"wdio_ui5_key":"shellAppTitle"}]}
RESULT: {"script":"<script> [1562 bytes]","args":[{"selector":{"id":"shellAppTitle"},"wdio_ui5_key":"shellAppTitle"}]}
COMMAND: POST /session/bb2b46b176a734b352582813c0291d70/execute/async - {"script":"<script> [6424 bytes]","args":[{"element-6066-11e4-a52e-4f735466cecf":"f.8C1D5EADEBD988366C52E54A6DEB9406.d.58C3E9F13179890DE2463F28FEAC44CA.e.4577"},"getTitle",[]]}
RESULT: {"script":"<script> [6424 bytes]","args":[{"element-6066-11e4-a52e-4f735466cecf":"f.8C1D5EADEBD988366C52E54A6DEB9406.d.58C3E9F13179890DE2463F28FEAC44CA.e.4577"},"getTitle",[]]}
RESULT: undefined
COMMAND: POST /session/bb2b46b176a734b352582813c0291d70/element/f.8C1D5EADEBD988366C52E54A6DEB9406.d.58C3E9F13179890DE2463F28FEAC44CA.e.4488/click - {}
RESULT: {}
COMMAND: GET /session/bb2b46b176a734b352582813c0291d70/screenshot - {}
RESULT: {}
]]></system-out>
    </testcase>
    <testcase classname="chrome.135_0_7049_115.windows.Sanity_Tests_US104253" name="Should open ISC Orders Calendar page" time="36.064">
      <system-out><![CDATA[
COMMAND: POST /session/bb2b46b176a734b352582813c0291d70/execute/async - {"script":"<script> [1562 bytes]","args":[{"selector":{"controlType":"sap.m.GenericTile","properties":{"header":"ISC Orders Calendar"}},"wdio_ui5_key":"sapm.GenericTile{\"header\":\"ISC Orders Calendar\"}"}]}
RESULT: {"script":"<script> [1562 bytes]","args":[{"selector":{"controlType":"sap.m.GenericTile","properties":{"header":"ISC Orders Calendar"}},"wdio_ui5_key":"sapm.GenericTile{\"header\":\"ISC Orders Calendar\"}"}]}
RESULT: undefined
COMMAND: POST /session/bb2b46b176a734b352582813c0291d70/element - {"using":"xpath","value":"//*[@id=\"__tile107\"]"}
RESULT: {"using":"xpath","value":"//*[@id=\"__tile107\"]"}
COMMAND: POST /session/bb2b46b176a734b352582813c0291d70/element/f.8C1D5EADEBD988366C52E54A6DEB9406.d.58C3E9F13179890DE2463F28FEAC44CA.e.4579/click - {}
RESULT: {}
COMMAND: GET /session/bb2b46b176a734b352582813c0291d70/screenshot - {}
RESULT: {}
RESULT: undefined
COMMAND: POST /session/bb2b46b176a734b352582813c0291d70/element - {"using":"xpath","value":"//*[@id=\"__tile107\"]"}
RESULT: {"using":"xpath","value":"//*[@id=\"__tile107\"]"}
COMMAND: POST /session/bb2b46b176a734b352582813c0291d70/element/f.8C1D5EADEBD988366C52E54A6DEB9406.d.58C3E9F13179890DE2463F28FEAC44CA.e.4579/click - {}
RESULT: undefined
COMMAND: POST /session/bb2b46b176a734b352582813c0291d70/element - {"using":"xpath","value":"//*[@id=\"__tile107\"]"}
RESULT: {"using":"xpath","value":"//*[@id=\"__tile107\"]"}
COMMAND: POST /session/bb2b46b176a734b352582813c0291d70/element/f.8C1D5EADEBD988366C52E54A6DEB9406.d.58C3E9F13179890DE2463F28FEAC44CA.e.4579/click - {}
RESULT: undefined
COMMAND: POST /session/bb2b46b176a734b352582813c0291d70/execute/async - {"script":"<script> [6424 bytes]","args":[{"element-6066-11e4-a52e-4f735466cecf":"f.8C1D5EADEBD988366C52E54A6DEB9406.d.58C3E9F13179890DE2463F28FEAC44CA.e.291"},"getTitle",[]]}
COMMAND: POST /session/bb2b46b176a734b352582813c0291d70/execute/async - {"script":"<script> [1562 bytes]","args":[{"selector":{"id":"shellAppTitle"},"wdio_ui5_key":"shellAppTitle"}]}
RESULT: {"script":"<script> [1562 bytes]","args":[{"selector":{"id":"shellAppTitle"},"wdio_ui5_key":"shellAppTitle"}]}
COMMAND: POST /session/bb2b46b176a734b352582813c0291d70/execute/async - {"script":"<script> [6424 bytes]","args":[{"element-6066-11e4-a52e-4f735466cecf":"f.8C1D5EADEBD988366C52E54A6DEB9406.d.58C3E9F13179890DE2463F28FEAC44CA.e.4778"},"getTitle",[]]}
RESULT: {"script":"<script> [6424 bytes]","args":[{"element-6066-11e4-a52e-4f735466cecf":"f.8C1D5EADEBD988366C52E54A6DEB9406.d.58C3E9F13179890DE2463F28FEAC44CA.e.4778"},"getTitle",[]]}
RESULT: undefined
COMMAND: POST /session/bb2b46b176a734b352582813c0291d70/element/f.8C1D5EADEBD988366C52E54A6DEB9406.d.58C3E9F13179890DE2463F28FEAC44CA.e.4488/click - {}
COMMAND: POST /session/bb2b46b176a734b352582813c0291d70/element - {"using":"xpath","value":"//*[@id=\"backBtn\"]"}
RESULT: {"using":"xpath","value":"//*[@id=\"backBtn\"]"}
COMMAND: POST /session/bb2b46b176a734b352582813c0291d70/element/f.8C1D5EADEBD988366C52E54A6DEB9406.d.58C3E9F13179890DE2463F28FEAC44CA.e.4488/click - {}
COMMAND: POST /session/bb2b46b176a734b352582813c0291d70/element - {"using":"xpath","value":"//*[@id=\"backBtn\"]"}
RESULT: {"using":"xpath","value":"//*[@id=\"backBtn\"]"}
COMMAND: POST /session/bb2b46b176a734b352582813c0291d70/element/f.8C1D5EADEBD988366C52E54A6DEB9406.d.58C3E9F13179890DE2463F28FEAC44CA.e.4779/click - {}
RESULT: {}
COMMAND: GET /session/bb2b46b176a734b352582813c0291d70/screenshot - {}
RESULT: {}
]]></system-out>
    </testcase>
    <testcase classname="chrome.135_0_7049_115.windows.Sanity_Tests_US104253" name="Should open Configure System page" time="37.721">
      <system-out><![CDATA[
COMMAND: POST /session/bb2b46b176a734b352582813c0291d70/execute/async - {"script":"<script> [1562 bytes]","args":[{"selector":{"controlType":"sap.m.GenericTile","properties":{"header":"Configure System"}},"wdio_ui5_key":"sapm.GenericTile{\"header\":\"Configure System\"}"}]}
RESULT: {"script":"<script> [1562 bytes]","args":[{"selector":{"controlType":"sap.m.GenericTile","properties":{"header":"Configure System"}},"wdio_ui5_key":"sapm.GenericTile{\"header\":\"Configure System\"}"}]}
RESULT: undefined
COMMAND: POST /session/bb2b46b176a734b352582813c0291d70/element - {"using":"xpath","value":"//*[@id=\"__tile114\"]"}
RESULT: {"using":"xpath","value":"//*[@id=\"__tile114\"]"}
COMMAND: POST /session/bb2b46b176a734b352582813c0291d70/element/f.8C1D5EADEBD988366C52E54A6DEB9406.d.58C3E9F13179890DE2463F28FEAC44CA.e.4781/click - {}
RESULT: {}
COMMAND: GET /session/bb2b46b176a734b352582813c0291d70/screenshot - {}
RESULT: {}
RESULT: undefined
COMMAND: POST /session/bb2b46b176a734b352582813c0291d70/element - {"using":"xpath","value":"//*[@id=\"__tile114\"]"}
RESULT: {"using":"xpath","value":"//*[@id=\"__tile114\"]"}
COMMAND: POST /session/bb2b46b176a734b352582813c0291d70/element/f.8C1D5EADEBD988366C52E54A6DEB9406.d.58C3E9F13179890DE2463F28FEAC44CA.e.4781/click - {}
RESULT: undefined
COMMAND: POST /session/bb2b46b176a734b352582813c0291d70/element - {"using":"xpath","value":"//*[@id=\"__tile114\"]"}
RESULT: {"using":"xpath","value":"//*[@id=\"__tile114\"]"}
COMMAND: POST /session/bb2b46b176a734b352582813c0291d70/element/f.8C1D5EADEBD988366C52E54A6DEB9406.d.58C3E9F13179890DE2463F28FEAC44CA.e.4781/click - {}
RESULT: undefined
COMMAND: POST /session/bb2b46b176a734b352582813c0291d70/execute/async - {"script":"<script> [6424 bytes]","args":[{"element-6066-11e4-a52e-4f735466cecf":"f.8C1D5EADEBD988366C52E54A6DEB9406.d.58C3E9F13179890DE2463F28FEAC44CA.e.291"},"getTitle",[]]}
COMMAND: POST /session/bb2b46b176a734b352582813c0291d70/execute/async - {"script":"<script> [1562 bytes]","args":[{"selector":{"id":"shellAppTitle"},"wdio_ui5_key":"shellAppTitle"}]}
RESULT: {"script":"<script> [1562 bytes]","args":[{"selector":{"id":"shellAppTitle"},"wdio_ui5_key":"shellAppTitle"}]}
COMMAND: POST /session/bb2b46b176a734b352582813c0291d70/execute/async - {"script":"<script> [6424 bytes]","args":[{"element-6066-11e4-a52e-4f735466cecf":"f.8C1D5EADEBD988366C52E54A6DEB9406.d.58C3E9F13179890DE2463F28FEAC44CA.e.4822"},"getTitle",[]]}
RESULT: {"script":"<script> [6424 bytes]","args":[{"element-6066-11e4-a52e-4f735466cecf":"f.8C1D5EADEBD988366C52E54A6DEB9406.d.58C3E9F13179890DE2463F28FEAC44CA.e.4822"},"getTitle",[]]}
RESULT: undefined
COMMAND: POST /session/bb2b46b176a734b352582813c0291d70/element/f.8C1D5EADEBD988366C52E54A6DEB9406.d.58C3E9F13179890DE2463F28FEAC44CA.e.4779/click - {}
RESULT: {}
COMMAND: GET /session/bb2b46b176a734b352582813c0291d70/screenshot - {}
RESULT: {}
]]></system-out>
    </testcase>
    <testcase classname="chrome.135_0_7049_115.windows.Sanity_Tests_US104253" name="Should open Manage Classifications page" time="35.106">
      <system-out><![CDATA[
COMMAND: POST /session/bb2b46b176a734b352582813c0291d70/execute/async - {"script":"<script> [1562 bytes]","args":[{"selector":{"controlType":"sap.m.GenericTile","properties":{"header":"Manage Classifications"}},"wdio_ui5_key":"sapm.GenericTile{\"header\":\"Manage Classifications\"}"}]}
RESULT: {"script":"<script> [1562 bytes]","args":[{"selector":{"controlType":"sap.m.GenericTile","properties":{"header":"Manage Classifications"}},"wdio_ui5_key":"sapm.GenericTile{\"header\":\"Manage Classifications\"}"}]}
RESULT: undefined
COMMAND: POST /session/bb2b46b176a734b352582813c0291d70/element - {"using":"xpath","value":"//*[@id=\"__tile115\"]"}
RESULT: {"using":"xpath","value":"//*[@id=\"__tile115\"]"}
COMMAND: POST /session/bb2b46b176a734b352582813c0291d70/element/f.8C1D5EADEBD988366C52E54A6DEB9406.d.58C3E9F13179890DE2463F28FEAC44CA.e.4825/click - {}
RESULT: {}
COMMAND: GET /session/bb2b46b176a734b352582813c0291d70/screenshot - {}
RESULT: {}
RESULT: undefined
COMMAND: POST /session/bb2b46b176a734b352582813c0291d70/element - {"using":"xpath","value":"//*[@id=\"__tile115\"]"}
RESULT: {"using":"xpath","value":"//*[@id=\"__tile115\"]"}
COMMAND: POST /session/bb2b46b176a734b352582813c0291d70/element/f.8C1D5EADEBD988366C52E54A6DEB9406.d.58C3E9F13179890DE2463F28FEAC44CA.e.4825/click - {}
RESULT: undefined
COMMAND: POST /session/bb2b46b176a734b352582813c0291d70/element - {"using":"xpath","value":"//*[@id=\"__tile115\"]"}
RESULT: {"using":"xpath","value":"//*[@id=\"__tile115\"]"}
COMMAND: POST /session/bb2b46b176a734b352582813c0291d70/element/f.8C1D5EADEBD988366C52E54A6DEB9406.d.58C3E9F13179890DE2463F28FEAC44CA.e.4825/click - {}
RESULT: undefined
COMMAND: POST /session/bb2b46b176a734b352582813c0291d70/execute/async - {"script":"<script> [6424 bytes]","args":[{"element-6066-11e4-a52e-4f735466cecf":"f.8C1D5EADEBD988366C52E54A6DEB9406.d.58C3E9F13179890DE2463F28FEAC44CA.e.291"},"getTitle",[]]}
COMMAND: POST /session/bb2b46b176a734b352582813c0291d70/execute/async - {"script":"<script> [1562 bytes]","args":[{"selector":{"id":"shellAppTitle"},"wdio_ui5_key":"shellAppTitle"}]}
RESULT: {"script":"<script> [1562 bytes]","args":[{"selector":{"id":"shellAppTitle"},"wdio_ui5_key":"shellAppTitle"}]}
COMMAND: POST /session/bb2b46b176a734b352582813c0291d70/execute/async - {"script":"<script> [6424 bytes]","args":[{"element-6066-11e4-a52e-4f735466cecf":"f.8C1D5EADEBD988366C52E54A6DEB9406.d.58C3E9F13179890DE2463F28FEAC44CA.e.5103"},"getTitle",[]]}
RESULT: {"script":"<script> [6424 bytes]","args":[{"element-6066-11e4-a52e-4f735466cecf":"f.8C1D5EADEBD988366C52E54A6DEB9406.d.58C3E9F13179890DE2463F28FEAC44CA.e.5103"},"getTitle",[]]}
RESULT: undefined
COMMAND: POST /session/bb2b46b176a734b352582813c0291d70/element/f.8C1D5EADEBD988366C52E54A6DEB9406.d.58C3E9F13179890DE2463F28FEAC44CA.e.4779/click - {}
COMMAND: POST /session/bb2b46b176a734b352582813c0291d70/element - {"using":"xpath","value":"//*[@id=\"backBtn\"]"}
RESULT: {"using":"xpath","value":"//*[@id=\"backBtn\"]"}
COMMAND: POST /session/bb2b46b176a734b352582813c0291d70/element/f.8C1D5EADEBD988366C52E54A6DEB9406.d.58C3E9F13179890DE2463F28FEAC44CA.e.4779/click - {}
COMMAND: POST /session/bb2b46b176a734b352582813c0291d70/element - {"using":"xpath","value":"//*[@id=\"backBtn\"]"}
RESULT: {"using":"xpath","value":"//*[@id=\"backBtn\"]"}
COMMAND: POST /session/bb2b46b176a734b352582813c0291d70/element/f.8C1D5EADEBD988366C52E54A6DEB9406.d.58C3E9F13179890DE2463F28FEAC44CA.e.5104/click - {}
RESULT: {}
COMMAND: GET /session/bb2b46b176a734b352582813c0291d70/screenshot - {}
RESULT: {}
]]></system-out>
    </testcase>
    <testcase classname="chrome.135_0_7049_115.windows.Sanity_Tests_US104253" name="Should open Data Explorer page" time="35.739">
      <system-out><![CDATA[
COMMAND: POST /session/bb2b46b176a734b352582813c0291d70/execute/async - {"script":"<script> [1562 bytes]","args":[{"selector":{"controlType":"sap.m.GenericTile","properties":{"header":"Data Explorer"}},"wdio_ui5_key":"sapm.GenericTile{\"header\":\"Data Explorer\"}"}]}
RESULT: {"script":"<script> [1562 bytes]","args":[{"selector":{"controlType":"sap.m.GenericTile","properties":{"header":"Data Explorer"}},"wdio_ui5_key":"sapm.GenericTile{\"header\":\"Data Explorer\"}"}]}
RESULT: undefined
COMMAND: POST /session/bb2b46b176a734b352582813c0291d70/element - {"using":"xpath","value":"//*[@id=\"__tile117\"]"}
RESULT: {"using":"xpath","value":"//*[@id=\"__tile117\"]"}
COMMAND: POST /session/bb2b46b176a734b352582813c0291d70/element/f.8C1D5EADEBD988366C52E54A6DEB9406.d.58C3E9F13179890DE2463F28FEAC44CA.e.5106/click - {}
RESULT: {}
COMMAND: GET /session/bb2b46b176a734b352582813c0291d70/screenshot - {}
RESULT: {}
RESULT: undefined
COMMAND: POST /session/bb2b46b176a734b352582813c0291d70/element - {"using":"xpath","value":"//*[@id=\"__tile117\"]"}
RESULT: {"using":"xpath","value":"//*[@id=\"__tile117\"]"}
COMMAND: POST /session/bb2b46b176a734b352582813c0291d70/element/f.8C1D5EADEBD988366C52E54A6DEB9406.d.58C3E9F13179890DE2463F28FEAC44CA.e.5106/click - {}
RESULT: undefined
COMMAND: POST /session/bb2b46b176a734b352582813c0291d70/element - {"using":"xpath","value":"//*[@id=\"__tile117\"]"}
RESULT: {"using":"xpath","value":"//*[@id=\"__tile117\"]"}
COMMAND: POST /session/bb2b46b176a734b352582813c0291d70/element/f.8C1D5EADEBD988366C52E54A6DEB9406.d.58C3E9F13179890DE2463F28FEAC44CA.e.5106/click - {}
RESULT: undefined
COMMAND: POST /session/bb2b46b176a734b352582813c0291d70/execute/async - {"script":"<script> [6424 bytes]","args":[{"element-6066-11e4-a52e-4f735466cecf":"f.8C1D5EADEBD988366C52E54A6DEB9406.d.58C3E9F13179890DE2463F28FEAC44CA.e.291"},"getTitle",[]]}
COMMAND: POST /session/bb2b46b176a734b352582813c0291d70/execute/async - {"script":"<script> [1562 bytes]","args":[{"selector":{"id":"shellAppTitle"},"wdio_ui5_key":"shellAppTitle"}]}
RESULT: {"script":"<script> [1562 bytes]","args":[{"selector":{"id":"shellAppTitle"},"wdio_ui5_key":"shellAppTitle"}]}
COMMAND: POST /session/bb2b46b176a734b352582813c0291d70/execute/async - {"script":"<script> [6424 bytes]","args":[{"element-6066-11e4-a52e-4f735466cecf":"f.8C1D5EADEBD988366C52E54A6DEB9406.d.58C3E9F13179890DE2463F28FEAC44CA.e.5439"},"getTitle",[]]}
RESULT: {"script":"<script> [6424 bytes]","args":[{"element-6066-11e4-a52e-4f735466cecf":"f.8C1D5EADEBD988366C52E54A6DEB9406.d.58C3E9F13179890DE2463F28FEAC44CA.e.5439"},"getTitle",[]]}
RESULT: undefined
COMMAND: POST /session/bb2b46b176a734b352582813c0291d70/element/f.8C1D5EADEBD988366C52E54A6DEB9406.d.58C3E9F13179890DE2463F28FEAC44CA.e.5104/click - {}
RESULT: {}
COMMAND: GET /session/bb2b46b176a734b352582813c0291d70/screenshot - {}
RESULT: {}
]]></system-out>
    </testcase>
    <testcase classname="chrome.135_0_7049_115.windows.Sanity_Tests_US104253" name="Should open Performance Monitor page" time="30.957">
      <system-out><![CDATA[
COMMAND: POST /session/bb2b46b176a734b352582813c0291d70/execute/async - {"script":"<script> [1562 bytes]","args":[{"selector":{"controlType":"sap.m.GenericTile","properties":{"header":"Performance Monitor"}},"wdio_ui5_key":"sapm.GenericTile{\"header\":\"Performance Monitor\"}"}]}
RESULT: {"script":"<script> [1562 bytes]","args":[{"selector":{"controlType":"sap.m.GenericTile","properties":{"header":"Performance Monitor"}},"wdio_ui5_key":"sapm.GenericTile{\"header\":\"Performance Monitor\"}"}]}
RESULT: undefined
COMMAND: POST /session/bb2b46b176a734b352582813c0291d70/element - {"using":"xpath","value":"//*[@id=\"__tile116\"]"}
RESULT: {"using":"xpath","value":"//*[@id=\"__tile116\"]"}
COMMAND: POST /session/bb2b46b176a734b352582813c0291d70/element/f.8C1D5EADEBD988366C52E54A6DEB9406.d.58C3E9F13179890DE2463F28FEAC44CA.e.5441/click - {}
RESULT: {}
COMMAND: GET /session/bb2b46b176a734b352582813c0291d70/screenshot - {}
RESULT: {}
RESULT: undefined
COMMAND: POST /session/bb2b46b176a734b352582813c0291d70/element - {"using":"xpath","value":"//*[@id=\"__tile116\"]"}
RESULT: {"using":"xpath","value":"//*[@id=\"__tile116\"]"}
COMMAND: POST /session/bb2b46b176a734b352582813c0291d70/element/f.8C1D5EADEBD988366C52E54A6DEB9406.d.58C3E9F13179890DE2463F28FEAC44CA.e.5441/click - {}
RESULT: undefined
COMMAND: POST /session/bb2b46b176a734b352582813c0291d70/element - {"using":"xpath","value":"//*[@id=\"__tile116\"]"}
RESULT: {"using":"xpath","value":"//*[@id=\"__tile116\"]"}
COMMAND: POST /session/bb2b46b176a734b352582813c0291d70/element/f.8C1D5EADEBD988366C52E54A6DEB9406.d.58C3E9F13179890DE2463F28FEAC44CA.e.5441/click - {}
RESULT: undefined
COMMAND: POST /session/bb2b46b176a734b352582813c0291d70/execute/async - {"script":"<script> [6424 bytes]","args":[{"element-6066-11e4-a52e-4f735466cecf":"f.8C1D5EADEBD988366C52E54A6DEB9406.d.58C3E9F13179890DE2463F28FEAC44CA.e.291"},"getTitle",[]]}
COMMAND: POST /session/bb2b46b176a734b352582813c0291d70/execute/async - {"script":"<script> [1562 bytes]","args":[{"selector":{"id":"shellAppTitle"},"wdio_ui5_key":"shellAppTitle"}]}
RESULT: {"script":"<script> [1562 bytes]","args":[{"selector":{"id":"shellAppTitle"},"wdio_ui5_key":"shellAppTitle"}]}
COMMAND: POST /session/bb2b46b176a734b352582813c0291d70/execute/async - {"script":"<script> [6424 bytes]","args":[{"element-6066-11e4-a52e-4f735466cecf":"f.8C1D5EADEBD988366C52E54A6DEB9406.d.58C3E9F13179890DE2463F28FEAC44CA.e.5482"},"getTitle",[]]}
RESULT: {"script":"<script> [6424 bytes]","args":[{"element-6066-11e4-a52e-4f735466cecf":"f.8C1D5EADEBD988366C52E54A6DEB9406.d.58C3E9F13179890DE2463F28FEAC44CA.e.5482"},"getTitle",[]]}
RESULT: undefined
COMMAND: POST /session/bb2b46b176a734b352582813c0291d70/element/f.8C1D5EADEBD988366C52E54A6DEB9406.d.58C3E9F13179890DE2463F28FEAC44CA.e.5104/click - {}
COMMAND: POST /session/bb2b46b176a734b352582813c0291d70/element - {"using":"xpath","value":"//*[@id=\"backBtn\"]"}
RESULT: {"using":"xpath","value":"//*[@id=\"backBtn\"]"}
COMMAND: POST /session/bb2b46b176a734b352582813c0291d70/element/f.8C1D5EADEBD988366C52E54A6DEB9406.d.58C3E9F13179890DE2463F28FEAC44CA.e.5104/click - {}
COMMAND: POST /session/bb2b46b176a734b352582813c0291d70/element - {"using":"xpath","value":"//*[@id=\"backBtn\"]"}
RESULT: {"using":"xpath","value":"//*[@id=\"backBtn\"]"}
COMMAND: POST /session/bb2b46b176a734b352582813c0291d70/element/f.8C1D5EADEBD988366C52E54A6DEB9406.d.58C3E9F13179890DE2463F28FEAC44CA.e.5483/click - {}
RESULT: {}
COMMAND: GET /session/bb2b46b176a734b352582813c0291d70/screenshot - {}
RESULT: {}
]]></system-out>
    </testcase>
    <testcase classname="chrome.135_0_7049_115.windows.Sanity_Tests_US104253" name="Should open Organizational Model page" time="38.653">
      <system-out><![CDATA[
COMMAND: POST /session/bb2b46b176a734b352582813c0291d70/execute/async - {"script":"<script> [1562 bytes]","args":[{"selector":{"controlType":"sap.m.GenericTile","properties":{"header":"Organizational Model"}},"wdio_ui5_key":"sapm.GenericTile{\"header\":\"Organizational Model\"}"}]}
RESULT: {"script":"<script> [1562 bytes]","args":[{"selector":{"controlType":"sap.m.GenericTile","properties":{"header":"Organizational Model"}},"wdio_ui5_key":"sapm.GenericTile{\"header\":\"Organizational Model\"}"}]}
RESULT: undefined
COMMAND: POST /session/bb2b46b176a734b352582813c0291d70/element - {"using":"xpath","value":"//*[@id=\"__tile120\"]"}
RESULT: {"using":"xpath","value":"//*[@id=\"__tile120\"]"}
COMMAND: POST /session/bb2b46b176a734b352582813c0291d70/element/f.8C1D5EADEBD988366C52E54A6DEB9406.d.58C3E9F13179890DE2463F28FEAC44CA.e.5486/click - {}
RESULT: {}
COMMAND: GET /session/bb2b46b176a734b352582813c0291d70/screenshot - {}
RESULT: {}
RESULT: undefined
COMMAND: POST /session/bb2b46b176a734b352582813c0291d70/element - {"using":"xpath","value":"//*[@id=\"__tile120\"]"}
RESULT: {"using":"xpath","value":"//*[@id=\"__tile120\"]"}
COMMAND: POST /session/bb2b46b176a734b352582813c0291d70/element/f.8C1D5EADEBD988366C52E54A6DEB9406.d.58C3E9F13179890DE2463F28FEAC44CA.e.5486/click - {}
RESULT: undefined
COMMAND: POST /session/bb2b46b176a734b352582813c0291d70/element - {"using":"xpath","value":"//*[@id=\"__tile120\"]"}
RESULT: {"using":"xpath","value":"//*[@id=\"__tile120\"]"}
COMMAND: POST /session/bb2b46b176a734b352582813c0291d70/element/f.8C1D5EADEBD988366C52E54A6DEB9406.d.58C3E9F13179890DE2463F28FEAC44CA.e.5486/click - {}
RESULT: undefined
COMMAND: POST /session/bb2b46b176a734b352582813c0291d70/execute/async - {"script":"<script> [6424 bytes]","args":[{"element-6066-11e4-a52e-4f735466cecf":"f.8C1D5EADEBD988366C52E54A6DEB9406.d.58C3E9F13179890DE2463F28FEAC44CA.e.291"},"getTitle",[]]}
COMMAND: POST /session/bb2b46b176a734b352582813c0291d70/execute/async - {"script":"<script> [1562 bytes]","args":[{"selector":{"id":"shellAppTitle"},"wdio_ui5_key":"shellAppTitle"}]}
RESULT: {"script":"<script> [1562 bytes]","args":[{"selector":{"id":"shellAppTitle"},"wdio_ui5_key":"shellAppTitle"}]}
COMMAND: POST /session/bb2b46b176a734b352582813c0291d70/execute/async - {"script":"<script> [6424 bytes]","args":[{"element-6066-11e4-a52e-4f735466cecf":"f.8C1D5EADEBD988366C52E54A6DEB9406.d.58C3E9F13179890DE2463F28FEAC44CA.e.5506"},"getTitle",[]]}
RESULT: {"script":"<script> [6424 bytes]","args":[{"element-6066-11e4-a52e-4f735466cecf":"f.8C1D5EADEBD988366C52E54A6DEB9406.d.58C3E9F13179890DE2463F28FEAC44CA.e.5506"},"getTitle",[]]}
RESULT: undefined
COMMAND: POST /session/bb2b46b176a734b352582813c0291d70/element/f.8C1D5EADEBD988366C52E54A6DEB9406.d.58C3E9F13179890DE2463F28FEAC44CA.e.5483/click - {}
RESULT: {}
COMMAND: GET /session/bb2b46b176a734b352582813c0291d70/screenshot - {}
RESULT: {}
]]></system-out>
    </testcase>
    <testcase classname="chrome.135_0_7049_115.windows.Sanity_Tests_US104253" name="Should open Manage Roles page" time="34.253">
      <system-out><![CDATA[
COMMAND: POST /session/bb2b46b176a734b352582813c0291d70/execute/async - {"script":"<script> [1562 bytes]","args":[{"selector":{"controlType":"sap.m.GenericTile","properties":{"header":"Manage Roles"}},"wdio_ui5_key":"sapm.GenericTile{\"header\":\"Manage Roles\"}"}]}
RESULT: {"script":"<script> [1562 bytes]","args":[{"selector":{"controlType":"sap.m.GenericTile","properties":{"header":"Manage Roles"}},"wdio_ui5_key":"sapm.GenericTile{\"header\":\"Manage Roles\"}"}]}
RESULT: undefined
COMMAND: POST /session/bb2b46b176a734b352582813c0291d70/element - {"using":"xpath","value":"//*[@id=\"__tile119\"]"}
RESULT: {"using":"xpath","value":"//*[@id=\"__tile119\"]"}
COMMAND: POST /session/bb2b46b176a734b352582813c0291d70/element/f.8C1D5EADEBD988366C52E54A6DEB9406.d.58C3E9F13179890DE2463F28FEAC44CA.e.5508/click - {}
RESULT: {}
COMMAND: GET /session/bb2b46b176a734b352582813c0291d70/screenshot - {}
RESULT: {}
RESULT: undefined
COMMAND: POST /session/bb2b46b176a734b352582813c0291d70/element - {"using":"xpath","value":"//*[@id=\"__tile119\"]"}
RESULT: {"using":"xpath","value":"//*[@id=\"__tile119\"]"}
COMMAND: POST /session/bb2b46b176a734b352582813c0291d70/element/f.8C1D5EADEBD988366C52E54A6DEB9406.d.58C3E9F13179890DE2463F28FEAC44CA.e.5508/click - {}
RESULT: undefined
COMMAND: POST /session/bb2b46b176a734b352582813c0291d70/element - {"using":"xpath","value":"//*[@id=\"__tile119\"]"}
RESULT: {"using":"xpath","value":"//*[@id=\"__tile119\"]"}
COMMAND: POST /session/bb2b46b176a734b352582813c0291d70/element/f.8C1D5EADEBD988366C52E54A6DEB9406.d.58C3E9F13179890DE2463F28FEAC44CA.e.5508/click - {}
RESULT: undefined
COMMAND: POST /session/bb2b46b176a734b352582813c0291d70/execute/async - {"script":"<script> [6424 bytes]","args":[{"element-6066-11e4-a52e-4f735466cecf":"f.8C1D5EADEBD988366C52E54A6DEB9406.d.58C3E9F13179890DE2463F28FEAC44CA.e.291"},"getTitle",[]]}
COMMAND: POST /session/bb2b46b176a734b352582813c0291d70/execute/async - {"script":"<script> [1562 bytes]","args":[{"selector":{"id":"shellAppTitle"},"wdio_ui5_key":"shellAppTitle"}]}
RESULT: {"script":"<script> [1562 bytes]","args":[{"selector":{"id":"shellAppTitle"},"wdio_ui5_key":"shellAppTitle"}]}
COMMAND: POST /session/bb2b46b176a734b352582813c0291d70/execute/async - {"script":"<script> [6424 bytes]","args":[{"element-6066-11e4-a52e-4f735466cecf":"f.8C1D5EADEBD988366C52E54A6DEB9406.d.58C3E9F13179890DE2463F28FEAC44CA.e.5552"},"getTitle",[]]}
RESULT: {"script":"<script> [6424 bytes]","args":[{"element-6066-11e4-a52e-4f735466cecf":"f.8C1D5EADEBD988366C52E54A6DEB9406.d.58C3E9F13179890DE2463F28FEAC44CA.e.5552"},"getTitle",[]]}
RESULT: undefined
COMMAND: POST /session/bb2b46b176a734b352582813c0291d70/element/f.8C1D5EADEBD988366C52E54A6DEB9406.d.58C3E9F13179890DE2463F28FEAC44CA.e.5483/click - {}
COMMAND: POST /session/bb2b46b176a734b352582813c0291d70/element - {"using":"xpath","value":"//*[@id=\"backBtn\"]"}
RESULT: {"using":"xpath","value":"//*[@id=\"backBtn\"]"}
COMMAND: POST /session/bb2b46b176a734b352582813c0291d70/element/f.8C1D5EADEBD988366C52E54A6DEB9406.d.58C3E9F13179890DE2463F28FEAC44CA.e.5483/click - {}
COMMAND: POST /session/bb2b46b176a734b352582813c0291d70/element - {"using":"xpath","value":"//*[@id=\"backBtn\"]"}
RESULT: {"using":"xpath","value":"//*[@id=\"backBtn\"]"}
COMMAND: POST /session/bb2b46b176a734b352582813c0291d70/element/f.8C1D5EADEBD988366C52E54A6DEB9406.d.58C3E9F13179890DE2463F28FEAC44CA.e.5553/click - {}
RESULT: {}
COMMAND: GET /session/bb2b46b176a734b352582813c0291d70/screenshot - {}
RESULT: {}
]]></system-out>
    </testcase>
    <testcase classname="chrome.135_0_7049_115.windows.Sanity_Tests_US104253" name="Should open Authorization Tables page" time="33.681">
      <system-out><![CDATA[
COMMAND: POST /session/bb2b46b176a734b352582813c0291d70/execute/async - {"script":"<script> [1562 bytes]","args":[{"selector":{"controlType":"sap.m.GenericTile","properties":{"header":"Authorization Tables"}},"wdio_ui5_key":"sapm.GenericTile{\"header\":\"Authorization Tables\"}"}]}
RESULT: {"script":"<script> [1562 bytes]","args":[{"selector":{"controlType":"sap.m.GenericTile","properties":{"header":"Authorization Tables"}},"wdio_ui5_key":"sapm.GenericTile{\"header\":\"Authorization Tables\"}"}]}
RESULT: undefined
COMMAND: POST /session/bb2b46b176a734b352582813c0291d70/element - {"using":"xpath","value":"//*[@id=\"__tile118\"]"}
RESULT: {"using":"xpath","value":"//*[@id=\"__tile118\"]"}
COMMAND: POST /session/bb2b46b176a734b352582813c0291d70/element/f.8C1D5EADEBD988366C52E54A6DEB9406.d.58C3E9F13179890DE2463F28FEAC44CA.e.5555/click - {}
RESULT: {}
COMMAND: GET /session/bb2b46b176a734b352582813c0291d70/screenshot - {}
RESULT: undefined
COMMAND: POST /session/bb2b46b176a734b352582813c0291d70/element - {"using":"xpath","value":"//*[@id=\"__tile118\"]"}
RESULT: {}
RESULT: {"using":"xpath","value":"//*[@id=\"__tile118\"]"}
COMMAND: POST /session/bb2b46b176a734b352582813c0291d70/element/f.8C1D5EADEBD988366C52E54A6DEB9406.d.58C3E9F13179890DE2463F28FEAC44CA.e.5555/click - {}
RESULT: undefined
COMMAND: POST /session/bb2b46b176a734b352582813c0291d70/element - {"using":"xpath","value":"//*[@id=\"__tile118\"]"}
RESULT: {"using":"xpath","value":"//*[@id=\"__tile118\"]"}
COMMAND: POST /session/bb2b46b176a734b352582813c0291d70/element/f.8C1D5EADEBD988366C52E54A6DEB9406.d.58C3E9F13179890DE2463F28FEAC44CA.e.5555/click - {}
RESULT: undefined
COMMAND: POST /session/bb2b46b176a734b352582813c0291d70/execute/async - {"script":"<script> [6424 bytes]","args":[{"element-6066-11e4-a52e-4f735466cecf":"f.8C1D5EADEBD988366C52E54A6DEB9406.d.58C3E9F13179890DE2463F28FEAC44CA.e.291"},"getTitle",[]]}
COMMAND: POST /session/bb2b46b176a734b352582813c0291d70/execute/async - {"script":"<script> [1562 bytes]","args":[{"selector":{"id":"shellAppTitle"},"wdio_ui5_key":"shellAppTitle"}]}
RESULT: {"script":"<script> [1562 bytes]","args":[{"selector":{"id":"shellAppTitle"},"wdio_ui5_key":"shellAppTitle"}]}
COMMAND: POST /session/bb2b46b176a734b352582813c0291d70/execute/async - {"script":"<script> [6424 bytes]","args":[{"element-6066-11e4-a52e-4f735466cecf":"f.8C1D5EADEBD988366C52E54A6DEB9406.d.58C3E9F13179890DE2463F28FEAC44CA.e.5639"},"getTitle",[]]}
RESULT: {"script":"<script> [6424 bytes]","args":[{"element-6066-11e4-a52e-4f735466cecf":"f.8C1D5EADEBD988366C52E54A6DEB9406.d.58C3E9F13179890DE2463F28FEAC44CA.e.5639"},"getTitle",[]]}
RESULT: undefined
COMMAND: POST /session/bb2b46b176a734b352582813c0291d70/element/f.8C1D5EADEBD988366C52E54A6DEB9406.d.58C3E9F13179890DE2463F28FEAC44CA.e.5553/click - {}
RESULT: {}
COMMAND: GET /session/bb2b46b176a734b352582813c0291d70/screenshot - {}
RESULT: {}
]]></system-out>
    </testcase>
    <testcase classname="chrome.135_0_7049_115.windows.Sanity_Tests_US104253" name="Should open User Maintenance page" time="34.327">
      <system-out><![CDATA[
COMMAND: POST /session/bb2b46b176a734b352582813c0291d70/execute/async - {"script":"<script> [1562 bytes]","args":[{"selector":{"controlType":"sap.m.GenericTile","properties":{"header":"User Maintenance"}},"wdio_ui5_key":"sapm.GenericTile{\"header\":\"User Maintenance\"}"}]}
RESULT: {"script":"<script> [1562 bytes]","args":[{"selector":{"controlType":"sap.m.GenericTile","properties":{"header":"User Maintenance"}},"wdio_ui5_key":"sapm.GenericTile{\"header\":\"User Maintenance\"}"}]}
RESULT: undefined
COMMAND: POST /session/bb2b46b176a734b352582813c0291d70/element - {"using":"xpath","value":"//*[@id=\"__tile121\"]"}
RESULT: {"using":"xpath","value":"//*[@id=\"__tile121\"]"}
COMMAND: POST /session/bb2b46b176a734b352582813c0291d70/element/f.8C1D5EADEBD988366C52E54A6DEB9406.d.58C3E9F13179890DE2463F28FEAC44CA.e.5641/click - {}
RESULT: {}
COMMAND: GET /session/bb2b46b176a734b352582813c0291d70/screenshot - {}
RESULT: {}
RESULT: undefined
COMMAND: POST /session/bb2b46b176a734b352582813c0291d70/element - {"using":"xpath","value":"//*[@id=\"__tile121\"]"}
RESULT: {"using":"xpath","value":"//*[@id=\"__tile121\"]"}
COMMAND: POST /session/bb2b46b176a734b352582813c0291d70/element/f.8C1D5EADEBD988366C52E54A6DEB9406.d.58C3E9F13179890DE2463F28FEAC44CA.e.5641/click - {}
RESULT: undefined
COMMAND: POST /session/bb2b46b176a734b352582813c0291d70/element - {"using":"xpath","value":"//*[@id=\"__tile121\"]"}
RESULT: {"using":"xpath","value":"//*[@id=\"__tile121\"]"}
COMMAND: POST /session/bb2b46b176a734b352582813c0291d70/element/f.8C1D5EADEBD988366C52E54A6DEB9406.d.58C3E9F13179890DE2463F28FEAC44CA.e.5641/click - {}
RESULT: undefined
COMMAND: POST /session/bb2b46b176a734b352582813c0291d70/execute/async - {"script":"<script> [6424 bytes]","args":[{"element-6066-11e4-a52e-4f735466cecf":"f.8C1D5EADEBD988366C52E54A6DEB9406.d.58C3E9F13179890DE2463F28FEAC44CA.e.291"},"getTitle",[]]}
COMMAND: POST /session/bb2b46b176a734b352582813c0291d70/execute/async - {"script":"<script> [1562 bytes]","args":[{"selector":{"id":"shellAppTitle"},"wdio_ui5_key":"shellAppTitle"}]}
RESULT: {"script":"<script> [1562 bytes]","args":[{"selector":{"id":"shellAppTitle"},"wdio_ui5_key":"shellAppTitle"}]}
COMMAND: POST /session/bb2b46b176a734b352582813c0291d70/execute/async - {"script":"<script> [6424 bytes]","args":[{"element-6066-11e4-a52e-4f735466cecf":"f.8C1D5EADEBD988366C52E54A6DEB9406.d.58C3E9F13179890DE2463F28FEAC44CA.e.5733"},"getTitle",[]]}
RESULT: {"script":"<script> [6424 bytes]","args":[{"element-6066-11e4-a52e-4f735466cecf":"f.8C1D5EADEBD988366C52E54A6DEB9406.d.58C3E9F13179890DE2463F28FEAC44CA.e.5733"},"getTitle",[]]}
RESULT: undefined
COMMAND: POST /session/bb2b46b176a734b352582813c0291d70/element/f.8C1D5EADEBD988366C52E54A6DEB9406.d.58C3E9F13179890DE2463F28FEAC44CA.e.5553/click - {}
COMMAND: POST /session/bb2b46b176a734b352582813c0291d70/element - {"using":"xpath","value":"//*[@id=\"backBtn\"]"}
RESULT: {"using":"xpath","value":"//*[@id=\"backBtn\"]"}
COMMAND: POST /session/bb2b46b176a734b352582813c0291d70/element/f.8C1D5EADEBD988366C52E54A6DEB9406.d.58C3E9F13179890DE2463F28FEAC44CA.e.5553/click - {}
COMMAND: POST /session/bb2b46b176a734b352582813c0291d70/element - {"using":"xpath","value":"//*[@id=\"backBtn\"]"}
RESULT: {"using":"xpath","value":"//*[@id=\"backBtn\"]"}
COMMAND: POST /session/bb2b46b176a734b352582813c0291d70/element/f.8C1D5EADEBD988366C52E54A6DEB9406.d.58C3E9F13179890DE2463F28FEAC44CA.e.5734/click - {}
RESULT: {}
COMMAND: GET /session/bb2b46b176a734b352582813c0291d70/screenshot - {}
RESULT: {}
]]></system-out>
    </testcase>
    <testcase classname="chrome.135_0_7049_115.windows.Sanity_Tests_US104253" name="Should open Schedule Jobs page" time="26.167">
      <system-out><![CDATA[
COMMAND: POST /session/bb2b46b176a734b352582813c0291d70/execute/async - {"script":"<script> [1562 bytes]","args":[{"selector":{"controlType":"sap.m.GenericTile","properties":{"header":"Schedule Jobs"}},"wdio_ui5_key":"sapm.GenericTile{\"header\":\"Schedule Jobs\"}"}]}
RESULT: {"script":"<script> [1562 bytes]","args":[{"selector":{"controlType":"sap.m.GenericTile","properties":{"header":"Schedule Jobs"}},"wdio_ui5_key":"sapm.GenericTile{\"header\":\"Schedule Jobs\"}"}]}
RESULT: undefined
COMMAND: POST /session/bb2b46b176a734b352582813c0291d70/element - {"using":"xpath","value":"//*[@id=\"__tile127\"]"}
RESULT: {"using":"xpath","value":"//*[@id=\"__tile127\"]"}
COMMAND: POST /session/bb2b46b176a734b352582813c0291d70/element/f.8C1D5EADEBD988366C52E54A6DEB9406.d.58C3E9F13179890DE2463F28FEAC44CA.e.5738/click - {}
RESULT: {}
COMMAND: GET /session/bb2b46b176a734b352582813c0291d70/screenshot - {}
RESULT: {}
RESULT: undefined
COMMAND: POST /session/bb2b46b176a734b352582813c0291d70/element - {"using":"xpath","value":"//*[@id=\"__tile127\"]"}
RESULT: {"using":"xpath","value":"//*[@id=\"__tile127\"]"}
COMMAND: POST /session/bb2b46b176a734b352582813c0291d70/element/f.8C1D5EADEBD988366C52E54A6DEB9406.d.58C3E9F13179890DE2463F28FEAC44CA.e.5738/click - {}
RESULT: undefined
COMMAND: POST /session/bb2b46b176a734b352582813c0291d70/element - {"using":"xpath","value":"//*[@id=\"__tile127\"]"}
RESULT: {"using":"xpath","value":"//*[@id=\"__tile127\"]"}
COMMAND: POST /session/bb2b46b176a734b352582813c0291d70/element/f.8C1D5EADEBD988366C52E54A6DEB9406.d.58C3E9F13179890DE2463F28FEAC44CA.e.5738/click - {}
RESULT: undefined
COMMAND: POST /session/bb2b46b176a734b352582813c0291d70/execute/async - {"script":"<script> [6424 bytes]","args":[{"element-6066-11e4-a52e-4f735466cecf":"f.8C1D5EADEBD988366C52E54A6DEB9406.d.58C3E9F13179890DE2463F28FEAC44CA.e.291"},"getTitle",[]]}
COMMAND: POST /session/bb2b46b176a734b352582813c0291d70/execute/async - {"script":"<script> [1562 bytes]","args":[{"selector":{"id":"shellAppTitle"},"wdio_ui5_key":"shellAppTitle"}]}
RESULT: {"script":"<script> [1562 bytes]","args":[{"selector":{"id":"shellAppTitle"},"wdio_ui5_key":"shellAppTitle"}]}
COMMAND: POST /session/bb2b46b176a734b352582813c0291d70/execute/async - {"script":"<script> [6424 bytes]","args":[{"element-6066-11e4-a52e-4f735466cecf":"f.8C1D5EADEBD988366C52E54A6DEB9406.d.58C3E9F13179890DE2463F28FEAC44CA.e.5782"},"getTitle",[]]}
RESULT: {"script":"<script> [6424 bytes]","args":[{"element-6066-11e4-a52e-4f735466cecf":"f.8C1D5EADEBD988366C52E54A6DEB9406.d.58C3E9F13179890DE2463F28FEAC44CA.e.5782"},"getTitle",[]]}
RESULT: undefined
COMMAND: POST /session/bb2b46b176a734b352582813c0291d70/element/f.8C1D5EADEBD988366C52E54A6DEB9406.d.58C3E9F13179890DE2463F28FEAC44CA.e.5734/click - {}
COMMAND: POST /session/bb2b46b176a734b352582813c0291d70/element/f.8C1D5EADEBD988366C52E54A6DEB9406.d.58C3E9F13179890DE2463F28FEAC44CA.e.5734/click - {}
RESULT: {}
COMMAND: GET /session/bb2b46b176a734b352582813c0291d70/screenshot - {}
COMMAND: POST /session/bb2b46b176a734b352582813c0291d70/element - {"using":"xpath","value":"//*[@id=\"backBtn\"]"}
RESULT: {}
RESULT: {"using":"xpath","value":"//*[@id=\"backBtn\"]"}
COMMAND: POST /session/bb2b46b176a734b352582813c0291d70/elements - {"using":"xpath","value":"//*[@id=\"backBtn\"]"}
RESULT: {"using":"xpath","value":"//*[@id=\"backBtn\"]"}
COMMAND: POST /session/bb2b46b176a734b352582813c0291d70/elements - {"using":"xpath","value":"//*[@id=\"backBtn\"]"}
RESULT: {"using":"xpath","value":"//*[@id=\"backBtn\"]"}
COMMAND: POST /session/bb2b46b176a734b352582813c0291d70/elements - {"using":"xpath","value":"//*[@id=\"backBtn\"]"}
RESULT: {"using":"xpath","value":"//*[@id=\"backBtn\"]"}
COMMAND: POST /session/bb2b46b176a734b352582813c0291d70/elements - {"using":"xpath","value":"//*[@id=\"backBtn\"]"}
RESULT: {"using":"xpath","value":"//*[@id=\"backBtn\"]"}
COMMAND: POST /session/bb2b46b176a734b352582813c0291d70/elements - {"using":"xpath","value":"//*[@id=\"backBtn\"]"}
RESULT: {"using":"xpath","value":"//*[@id=\"backBtn\"]"}
COMMAND: POST /session/bb2b46b176a734b352582813c0291d70/elements - {"using":"xpath","value":"//*[@id=\"backBtn\"]"}
RESULT: {"using":"xpath","value":"//*[@id=\"backBtn\"]"}
COMMAND: POST /session/bb2b46b176a734b352582813c0291d70/elements - {"using":"xpath","value":"//*[@id=\"backBtn\"]"}
RESULT: {"using":"xpath","value":"//*[@id=\"backBtn\"]"}
COMMAND: POST /session/bb2b46b176a734b352582813c0291d70/elements - {"using":"xpath","value":"//*[@id=\"backBtn\"]"}
RESULT: {"using":"xpath","value":"//*[@id=\"backBtn\"]"}
COMMAND: POST /session/bb2b46b176a734b352582813c0291d70/elements - {"using":"xpath","value":"//*[@id=\"backBtn\"]"}
RESULT: {"using":"xpath","value":"//*[@id=\"backBtn\"]"}
COMMAND: POST /session/bb2b46b176a734b352582813c0291d70/elements - {"using":"xpath","value":"//*[@id=\"backBtn\"]"}
RESULT: {"using":"xpath","value":"//*[@id=\"backBtn\"]"}
COMMAND: POST /session/bb2b46b176a734b352582813c0291d70/elements - {"using":"xpath","value":"//*[@id=\"backBtn\"]"}
RESULT: {"using":"xpath","value":"//*[@id=\"backBtn\"]"}
COMMAND: POST /session/bb2b46b176a734b352582813c0291d70/elements - {"using":"xpath","value":"//*[@id=\"backBtn\"]"}
RESULT: {"using":"xpath","value":"//*[@id=\"backBtn\"]"}
COMMAND: POST /session/bb2b46b176a734b352582813c0291d70/elements - {"using":"xpath","value":"//*[@id=\"backBtn\"]"}
RESULT: {"using":"xpath","value":"//*[@id=\"backBtn\"]"}
COMMAND: POST /session/bb2b46b176a734b352582813c0291d70/elements - {"using":"xpath","value":"//*[@id=\"backBtn\"]"}
RESULT: {"using":"xpath","value":"//*[@id=\"backBtn\"]"}
COMMAND: POST /session/bb2b46b176a734b352582813c0291d70/elements - {"using":"xpath","value":"//*[@id=\"backBtn\"]"}
RESULT: {"using":"xpath","value":"//*[@id=\"backBtn\"]"}
COMMAND: POST /session/bb2b46b176a734b352582813c0291d70/elements - {"using":"xpath","value":"//*[@id=\"backBtn\"]"}
RESULT: {"using":"xpath","value":"//*[@id=\"backBtn\"]"}
COMMAND: POST /session/bb2b46b176a734b352582813c0291d70/elements - {"using":"xpath","value":"//*[@id=\"backBtn\"]"}
RESULT: {"using":"xpath","value":"//*[@id=\"backBtn\"]"}
COMMAND: POST /session/bb2b46b176a734b352582813c0291d70/elements - {"using":"xpath","value":"//*[@id=\"backBtn\"]"}
RESULT: {"using":"xpath","value":"//*[@id=\"backBtn\"]"}
COMMAND: POST /session/bb2b46b176a734b352582813c0291d70/elements - {"using":"xpath","value":"//*[@id=\"backBtn\"]"}
RESULT: {"using":"xpath","value":"//*[@id=\"backBtn\"]"}
]]></system-out>
    </testcase>
    <testcase classname="chrome.135_0_7049_115.windows.Sanity_Tests_US104253" name="Should open Jobs Setup page" time="30.545">
      <system-out><![CDATA[
COMMAND: POST /session/bb2b46b176a734b352582813c0291d70/execute/async - {"script":"<script> [1562 bytes]","args":[{"selector":{"controlType":"sap.m.GenericTile","properties":{"header":"Jobs Setup"}},"wdio_ui5_key":"sapm.GenericTile{\"header\":\"Jobs Setup\"}"}]}
COMMAND: POST /session/bb2b46b176a734b352582813c0291d70/elements - {"using":"xpath","value":"//*[@id=\"backBtn\"]"}
RESULT: {"script":"<script> [1562 bytes]","args":[{"selector":{"controlType":"sap.m.GenericTile","properties":{"header":"Jobs Setup"}},"wdio_ui5_key":"sapm.GenericTile{\"header\":\"Jobs Setup\"}"}]}
RESULT: undefined
COMMAND: POST /session/bb2b46b176a734b352582813c0291d70/element - {"using":"xpath","value":"//*[@id=\"__tile128\"]"}
RESULT: {"using":"xpath","value":"//*[@id=\"backBtn\"]"}
RESULT: {"using":"xpath","value":"//*[@id=\"__tile128\"]"}
COMMAND: POST /session/bb2b46b176a734b352582813c0291d70/element/f.8C1D5EADEBD988366C52E54A6DEB9406.d.58C3E9F13179890DE2463F28FEAC44CA.e.5784/click - {}
COMMAND: POST /session/bb2b46b176a734b352582813c0291d70/elements - {"using":"xpath","value":"//*[@id=\"backBtn\"]"}
RESULT: {}
COMMAND: GET /session/bb2b46b176a734b352582813c0291d70/screenshot - {}
RESULT: {"using":"xpath","value":"//*[@id=\"backBtn\"]"}
COMMAND: POST /session/bb2b46b176a734b352582813c0291d70/elements - {"using":"xpath","value":"//*[@id=\"backBtn\"]"}
RESULT: undefined
COMMAND: POST /session/bb2b46b176a734b352582813c0291d70/element - {"using":"xpath","value":"//*[@id=\"__tile128\"]"}
RESULT: {}
RESULT: {"using":"xpath","value":"//*[@id=\"backBtn\"]"}
COMMAND: POST /session/bb2b46b176a734b352582813c0291d70/element - {"using":"xpath","value":"//*[@id=\"backBtn\"]"}
RESULT: {"using":"xpath","value":"//*[@id=\"__tile128\"]"}
COMMAND: POST /session/bb2b46b176a734b352582813c0291d70/element/f.8C1D5EADEBD988366C52E54A6DEB9406.d.58C3E9F13179890DE2463F28FEAC44CA.e.5784/click - {}
RESULT: {"using":"xpath","value":"//*[@id=\"backBtn\"]"}
COMMAND: POST /session/bb2b46b176a734b352582813c0291d70/element/f.8C1D5EADEBD988366C52E54A6DEB9406.d.58C3E9F13179890DE2463F28FEAC44CA.e.5734/click - {}
COMMAND: POST /session/bb2b46b176a734b352582813c0291d70/element - {"using":"xpath","value":"//*[@id=\"backBtn\"]"}
RESULT: {"using":"xpath","value":"//*[@id=\"backBtn\"]"}
COMMAND: POST /session/bb2b46b176a734b352582813c0291d70/element/f.8C1D5EADEBD988366C52E54A6DEB9406.d.58C3E9F13179890DE2463F28FEAC44CA.e.5844/click - {}
RESULT: {}
COMMAND: GET /session/bb2b46b176a734b352582813c0291d70/screenshot - {}
RESULT: undefined
COMMAND: POST /session/bb2b46b176a734b352582813c0291d70/element - {"using":"xpath","value":"//*[@id=\"__tile128\"]"}
RESULT: {}
RESULT: {"using":"xpath","value":"//*[@id=\"__tile128\"]"}
COMMAND: POST /session/bb2b46b176a734b352582813c0291d70/element/f.8C1D5EADEBD988366C52E54A6DEB9406.d.58C3E9F13179890DE2463F28FEAC44CA.e.5784/click - {}
RESULT: undefined
COMMAND: POST /session/bb2b46b176a734b352582813c0291d70/execute/async - {"script":"<script> [6424 bytes]","args":[{"element-6066-11e4-a52e-4f735466cecf":"f.8C1D5EADEBD988366C52E54A6DEB9406.d.58C3E9F13179890DE2463F28FEAC44CA.e.291"},"getTitle",[]]}
COMMAND: POST /session/bb2b46b176a734b352582813c0291d70/execute/async - {"script":"<script> [1562 bytes]","args":[{"selector":{"id":"shellAppTitle"},"wdio_ui5_key":"shellAppTitle"}]}
RESULT: {"script":"<script> [1562 bytes]","args":[{"selector":{"id":"shellAppTitle"},"wdio_ui5_key":"shellAppTitle"}]}
COMMAND: POST /session/bb2b46b176a734b352582813c0291d70/execute/async - {"script":"<script> [6424 bytes]","args":[{"element-6066-11e4-a52e-4f735466cecf":"f.8C1D5EADEBD988366C52E54A6DEB9406.d.58C3E9F13179890DE2463F28FEAC44CA.e.5872"},"getTitle",[]]}
RESULT: {"script":"<script> [6424 bytes]","args":[{"element-6066-11e4-a52e-4f735466cecf":"f.8C1D5EADEBD988366C52E54A6DEB9406.d.58C3E9F13179890DE2463F28FEAC44CA.e.5872"},"getTitle",[]]}
RESULT: undefined
COMMAND: POST /session/bb2b46b176a734b352582813c0291d70/element/f.8C1D5EADEBD988366C52E54A6DEB9406.d.58C3E9F13179890DE2463F28FEAC44CA.e.5844/click - {}
COMMAND: POST /session/bb2b46b176a734b352582813c0291d70/element/f.8C1D5EADEBD988366C52E54A6DEB9406.d.58C3E9F13179890DE2463F28FEAC44CA.e.5844/click - {}
RESULT: {}
COMMAND: GET /session/bb2b46b176a734b352582813c0291d70/screenshot - {}
RESULT: {}
COMMAND: GET /session/bb2b46b176a734b352582813c0291d70/screenshot - {}
RESULT: {}
RESULT: {}
]]></system-out>
    </testcase>
    <testcase classname="chrome.135_0_7049_115.windows.Sanity_Tests_US104253" name="Should open Target Systems Configuration page" time="25.955">
      <system-out><![CDATA[
COMMAND: POST /session/bb2b46b176a734b352582813c0291d70/execute/async - {"script":"<script> [1562 bytes]","args":[{"selector":{"controlType":"sap.m.GenericTile","properties":{"header":"Target Systems Configuration"}},"wdio_ui5_key":"sapm.GenericTile{\"header\":\"Target Systems Configuration\"}"}]}
RESULT: {"script":"<script> [1562 bytes]","args":[{"selector":{"controlType":"sap.m.GenericTile","properties":{"header":"Target Systems Configuration"}},"wdio_ui5_key":"sapm.GenericTile{\"header\":\"Target Systems Configuration\"}"}]}
RESULT: undefined
COMMAND: POST /session/bb2b46b176a734b352582813c0291d70/element - {"using":"xpath","value":"//*[@id=\"__tile129\"]"}
RESULT: {"using":"xpath","value":"//*[@id=\"__tile129\"]"}
COMMAND: POST /session/bb2b46b176a734b352582813c0291d70/element/f.8C1D5EADEBD988366C52E54A6DEB9406.d.58C3E9F13179890DE2463F28FEAC44CA.e.5874/click - {}
RESULT: {}
COMMAND: GET /session/bb2b46b176a734b352582813c0291d70/screenshot - {}
RESULT: {}
RESULT: undefined
COMMAND: POST /session/bb2b46b176a734b352582813c0291d70/element - {"using":"xpath","value":"//*[@id=\"__tile129\"]"}
RESULT: {"using":"xpath","value":"//*[@id=\"__tile129\"]"}
COMMAND: POST /session/bb2b46b176a734b352582813c0291d70/element/f.8C1D5EADEBD988366C52E54A6DEB9406.d.58C3E9F13179890DE2463F28FEAC44CA.e.5874/click - {}
RESULT: undefined
COMMAND: POST /session/bb2b46b176a734b352582813c0291d70/element - {"using":"xpath","value":"//*[@id=\"__tile129\"]"}
RESULT: {"using":"xpath","value":"//*[@id=\"__tile129\"]"}
COMMAND: POST /session/bb2b46b176a734b352582813c0291d70/element/f.8C1D5EADEBD988366C52E54A6DEB9406.d.58C3E9F13179890DE2463F28FEAC44CA.e.5874/click - {}
RESULT: undefined
COMMAND: POST /session/bb2b46b176a734b352582813c0291d70/execute/async - {"script":"<script> [6424 bytes]","args":[{"element-6066-11e4-a52e-4f735466cecf":"f.8C1D5EADEBD988366C52E54A6DEB9406.d.58C3E9F13179890DE2463F28FEAC44CA.e.291"},"getTitle",[]]}
COMMAND: POST /session/bb2b46b176a734b352582813c0291d70/execute/async - {"script":"<script> [1562 bytes]","args":[{"selector":{"id":"shellAppTitle"},"wdio_ui5_key":"shellAppTitle"}]}
RESULT: {"script":"<script> [1562 bytes]","args":[{"selector":{"id":"shellAppTitle"},"wdio_ui5_key":"shellAppTitle"}]}
COMMAND: POST /session/bb2b46b176a734b352582813c0291d70/execute/async - {"script":"<script> [6424 bytes]","args":[{"element-6066-11e4-a52e-4f735466cecf":"f.8C1D5EADEBD988366C52E54A6DEB9406.d.58C3E9F13179890DE2463F28FEAC44CA.e.5960"},"getTitle",[]]}
RESULT: {"script":"<script> [6424 bytes]","args":[{"element-6066-11e4-a52e-4f735466cecf":"f.8C1D5EADEBD988366C52E54A6DEB9406.d.58C3E9F13179890DE2463F28FEAC44CA.e.5960"},"getTitle",[]]}
RESULT: undefined
COMMAND: POST /session/bb2b46b176a734b352582813c0291d70/element/f.8C1D5EADEBD988366C52E54A6DEB9406.d.58C3E9F13179890DE2463F28FEAC44CA.e.5844/click - {}
COMMAND: POST /session/bb2b46b176a734b352582813c0291d70/element/f.8C1D5EADEBD988366C52E54A6DEB9406.d.58C3E9F13179890DE2463F28FEAC44CA.e.5844/click - {}
RESULT: {}
COMMAND: GET /session/bb2b46b176a734b352582813c0291d70/screenshot - {}
COMMAND: POST /session/bb2b46b176a734b352582813c0291d70/element - {"using":"xpath","value":"//*[@id=\"backBtn\"]"}
RESULT: {}
RESULT: {"using":"xpath","value":"//*[@id=\"backBtn\"]"}
COMMAND: POST /session/bb2b46b176a734b352582813c0291d70/elements - {"using":"xpath","value":"//*[@id=\"backBtn\"]"}
RESULT: {"using":"xpath","value":"//*[@id=\"backBtn\"]"}
COMMAND: POST /session/bb2b46b176a734b352582813c0291d70/elements - {"using":"xpath","value":"//*[@id=\"backBtn\"]"}
RESULT: {"using":"xpath","value":"//*[@id=\"backBtn\"]"}
COMMAND: POST /session/bb2b46b176a734b352582813c0291d70/elements - {"using":"xpath","value":"//*[@id=\"backBtn\"]"}
RESULT: {"using":"xpath","value":"//*[@id=\"backBtn\"]"}
COMMAND: POST /session/bb2b46b176a734b352582813c0291d70/elements - {"using":"xpath","value":"//*[@id=\"backBtn\"]"}
RESULT: {"using":"xpath","value":"//*[@id=\"backBtn\"]"}
COMMAND: POST /session/bb2b46b176a734b352582813c0291d70/elements - {"using":"xpath","value":"//*[@id=\"backBtn\"]"}
RESULT: {"using":"xpath","value":"//*[@id=\"backBtn\"]"}
COMMAND: POST /session/bb2b46b176a734b352582813c0291d70/elements - {"using":"xpath","value":"//*[@id=\"backBtn\"]"}
RESULT: {"using":"xpath","value":"//*[@id=\"backBtn\"]"}
COMMAND: POST /session/bb2b46b176a734b352582813c0291d70/elements - {"using":"xpath","value":"//*[@id=\"backBtn\"]"}
RESULT: {"using":"xpath","value":"//*[@id=\"backBtn\"]"}
COMMAND: POST /session/bb2b46b176a734b352582813c0291d70/elements - {"using":"xpath","value":"//*[@id=\"backBtn\"]"}
RESULT: {"using":"xpath","value":"//*[@id=\"backBtn\"]"}
COMMAND: POST /session/bb2b46b176a734b352582813c0291d70/elements - {"using":"xpath","value":"//*[@id=\"backBtn\"]"}
RESULT: {"using":"xpath","value":"//*[@id=\"backBtn\"]"}
COMMAND: POST /session/bb2b46b176a734b352582813c0291d70/elements - {"using":"xpath","value":"//*[@id=\"backBtn\"]"}
RESULT: {"using":"xpath","value":"//*[@id=\"backBtn\"]"}
COMMAND: POST /session/bb2b46b176a734b352582813c0291d70/elements - {"using":"xpath","value":"//*[@id=\"backBtn\"]"}
RESULT: {"using":"xpath","value":"//*[@id=\"backBtn\"]"}
COMMAND: POST /session/bb2b46b176a734b352582813c0291d70/elements - {"using":"xpath","value":"//*[@id=\"backBtn\"]"}
RESULT: {"using":"xpath","value":"//*[@id=\"backBtn\"]"}
COMMAND: POST /session/bb2b46b176a734b352582813c0291d70/elements - {"using":"xpath","value":"//*[@id=\"backBtn\"]"}
RESULT: {"using":"xpath","value":"//*[@id=\"backBtn\"]"}
COMMAND: POST /session/bb2b46b176a734b352582813c0291d70/elements - {"using":"xpath","value":"//*[@id=\"backBtn\"]"}
RESULT: {"using":"xpath","value":"//*[@id=\"backBtn\"]"}
COMMAND: POST /session/bb2b46b176a734b352582813c0291d70/elements - {"using":"xpath","value":"//*[@id=\"backBtn\"]"}
RESULT: {"using":"xpath","value":"//*[@id=\"backBtn\"]"}
COMMAND: POST /session/bb2b46b176a734b352582813c0291d70/elements - {"using":"xpath","value":"//*[@id=\"backBtn\"]"}
RESULT: {"using":"xpath","value":"//*[@id=\"backBtn\"]"}
COMMAND: POST /session/bb2b46b176a734b352582813c0291d70/elements - {"using":"xpath","value":"//*[@id=\"backBtn\"]"}
RESULT: {"using":"xpath","value":"//*[@id=\"backBtn\"]"}
COMMAND: POST /session/bb2b46b176a734b352582813c0291d70/elements - {"using":"xpath","value":"//*[@id=\"backBtn\"]"}
RESULT: {"using":"xpath","value":"//*[@id=\"backBtn\"]"}
COMMAND: POST /session/bb2b46b176a734b352582813c0291d70/elements - {"using":"xpath","value":"//*[@id=\"backBtn\"]"}
RESULT: {"using":"xpath","value":"//*[@id=\"backBtn\"]"}
COMMAND: POST /session/bb2b46b176a734b352582813c0291d70/elements - {"using":"xpath","value":"//*[@id=\"backBtn\"]"}
RESULT: {"using":"xpath","value":"//*[@id=\"backBtn\"]"}
COMMAND: POST /session/bb2b46b176a734b352582813c0291d70/elements - {"using":"xpath","value":"//*[@id=\"backBtn\"]"}
RESULT: {"using":"xpath","value":"//*[@id=\"backBtn\"]"}
COMMAND: POST /session/bb2b46b176a734b352582813c0291d70/elements - {"using":"xpath","value":"//*[@id=\"backBtn\"]"}
RESULT: {"using":"xpath","value":"//*[@id=\"backBtn\"]"}
COMMAND: POST /session/bb2b46b176a734b352582813c0291d70/elements - {"using":"xpath","value":"//*[@id=\"backBtn\"]"}
RESULT: {"using":"xpath","value":"//*[@id=\"backBtn\"]"}
COMMAND: POST /session/bb2b46b176a734b352582813c0291d70/elements - {"using":"xpath","value":"//*[@id=\"backBtn\"]"}
RESULT: {"using":"xpath","value":"//*[@id=\"backBtn\"]"}
COMMAND: POST /session/bb2b46b176a734b352582813c0291d70/elements - {"using":"xpath","value":"//*[@id=\"backBtn\"]"}
RESULT: {"using":"xpath","value":"//*[@id=\"backBtn\"]"}
COMMAND: POST /session/bb2b46b176a734b352582813c0291d70/elements - {"using":"xpath","value":"//*[@id=\"backBtn\"]"}
RESULT: {"using":"xpath","value":"//*[@id=\"backBtn\"]"}
COMMAND: POST /session/bb2b46b176a734b352582813c0291d70/elements - {"using":"xpath","value":"//*[@id=\"backBtn\"]"}
RESULT: {"using":"xpath","value":"//*[@id=\"backBtn\"]"}
COMMAND: POST /session/bb2b46b176a734b352582813c0291d70/elements - {"using":"xpath","value":"//*[@id=\"backBtn\"]"}
RESULT: {"using":"xpath","value":"//*[@id=\"backBtn\"]"}
COMMAND: POST /session/bb2b46b176a734b352582813c0291d70/elements - {"using":"xpath","value":"//*[@id=\"backBtn\"]"}
RESULT: {"using":"xpath","value":"//*[@id=\"backBtn\"]"}
COMMAND: POST /session/bb2b46b176a734b352582813c0291d70/elements - {"using":"xpath","value":"//*[@id=\"backBtn\"]"}
RESULT: {"using":"xpath","value":"//*[@id=\"backBtn\"]"}
COMMAND: POST /session/bb2b46b176a734b352582813c0291d70/elements - {"using":"xpath","value":"//*[@id=\"backBtn\"]"}
RESULT: {"using":"xpath","value":"//*[@id=\"backBtn\"]"}
COMMAND: POST /session/bb2b46b176a734b352582813c0291d70/elements - {"using":"xpath","value":"//*[@id=\"backBtn\"]"}
RESULT: {"using":"xpath","value":"//*[@id=\"backBtn\"]"}
COMMAND: POST /session/bb2b46b176a734b352582813c0291d70/elements - {"using":"xpath","value":"//*[@id=\"backBtn\"]"}
RESULT: {"using":"xpath","value":"//*[@id=\"backBtn\"]"}
COMMAND: POST /session/bb2b46b176a734b352582813c0291d70/elements - {"using":"xpath","value":"//*[@id=\"backBtn\"]"}
RESULT: {"using":"xpath","value":"//*[@id=\"backBtn\"]"}
COMMAND: POST /session/bb2b46b176a734b352582813c0291d70/elements - {"using":"xpath","value":"//*[@id=\"backBtn\"]"}
RESULT: {"using":"xpath","value":"//*[@id=\"backBtn\"]"}
COMMAND: POST /session/bb2b46b176a734b352582813c0291d70/elements - {"using":"xpath","value":"//*[@id=\"backBtn\"]"}
RESULT: {"using":"xpath","value":"//*[@id=\"backBtn\"]"}
COMMAND: POST /session/bb2b46b176a734b352582813c0291d70/elements - {"using":"xpath","value":"//*[@id=\"backBtn\"]"}
RESULT: {"using":"xpath","value":"//*[@id=\"backBtn\"]"}
COMMAND: DELETE /session/bb2b46b176a734b352582813c0291d70 - {}
RESULT: {}
]]></system-out>
    </testcase>
  </testsuite>
</testsuites>