<?xml version="1.0" encoding="UTF-8"?>
<testsuites tests="18" failures="0" errors="0" skipped="0">
  <testsuite timestamp="2025-04-28T15:18:27" time="54.537" tests="2" failures="0" errors="0" skipped="0">
    <properties>
      <property name="specId" value="0" />
      <property name="suiteName" value="Assign the user test user id to an address" />
      <property name="capabilities" value="chrome.135_0_7049_96.windows" />
      <property name="file" value="file:///D:/a/1/s/test/specs/R2C/assign-user-id-to-an-address.spec.js" />
    </properties>
    <testcase classname="chrome.135_0_7049_96.windows.Assign_the_user_test_user_id_to_an_address" name="Should search for test1ETM create only if not present" time="11.066">
      <system-out><![CDATA[
COMMAND: POST /session/86cef292dcf99a21db7bb59b41f5200f/execute/async - {"script":"<script> [1562 bytes]","args":[{"selector":{"id":"application-addressmanagement-display-component---masterAdm--smartFilterBar-filterItemControl_BASIC-NAME-vhi"},"wdio_ui5_key":"applicationaddressmanagement-display-component---masterAdm--smartFilterBar-filterItemControl_BASIC-NAME-vhi"}]}
RESULT: {"script":"<script> [1562 bytes]","args":[{"selector":{"id":"application-addressmanagement-display-component---masterAdm--smartFilterBar-filterItemControl_BASIC-NAME-vhi"},"wdio_ui5_key":"applicationaddressmanagement-display-component---masterAdm--smartFilterBar-filterItemControl_BASIC-NAME-vhi"}]}
RESULT: undefined
COMMAND: POST /session/86cef292dcf99a21db7bb59b41f5200f/element - {"using":"xpath","value":"//*[@id=\"application-addressmanagement-display-component---masterAdm--smartFilterBar-filterItemControl_BASIC-NAME-vhi\"]"}
RESULT: {"using":"xpath","value":"//*[@id=\"application-addressmanagement-display-component---masterAdm--smartFilterBar-filterItemControl_BASIC-NAME-vhi\"]"}
COMMAND: POST /session/86cef292dcf99a21db7bb59b41f5200f/element/f.D07DA9D7691935B74F99E9A1B60A37E7.d.8529C40C8175BCE25E2F2A602EA3C4FD.e.289/click - {}
RESULT: {}
COMMAND: POST /session/86cef292dcf99a21db7bb59b41f5200f/execute/async - {"script":"<script> [1562 bytes]","args":[{"selector":{"controlType":"sap.m.Input","viewName":"etm.portal.ui.addressmanagement.view.Master","viewId":"application-addressmanagement-display-component---masterAdm","properties":{"valueState":"None"},"searchOpenDialogs":true,"interaction":{"idSuffix":"inner"}},"wdio_ui5_key":"etmportal.ui.addressmanagement.view.Mastersap.m.Input{\"valueState\":\"None\"}"}]}
COMMAND: GET /session/86cef292dcf99a21db7bb59b41f5200f/screenshot - {}
RESULT: {"script":"<script> [1562 bytes]","args":[{"selector":{"controlType":"sap.m.Input","viewName":"etm.portal.ui.addressmanagement.view.Master","viewId":"application-addressmanagement-display-component---masterAdm","properties":{"valueState":"None"},"searchOpenDialogs":true,"interaction":{"idSuffix":"inner"}},"wdio_ui5_key":"etmportal.ui.addressmanagement.view.Mastersap.m.Input{\"valueState\":\"None\"}"}]}
RESULT: undefined
COMMAND: POST /session/86cef292dcf99a21db7bb59b41f5200f/execute/async - {"script":"<script> [776 bytes]","args":[{"enterText":"Test1ETM","selector":{"controlType":"sap.m.Input","viewName":"etm.portal.ui.addressmanagement.view.Master","viewId":"application-addressmanagement-display-component---masterAdm","properties":{"valueState":"None"},"searchOpenDialogs":true,"interaction":{"idSuffix":"inner"}},"clearTextFirst":true,"interactionType":"ENTER_TEXT"}]}
RESULT: {}
RESULT: {"script":"<script> [776 bytes]","args":[{"enterText":"Test1ETM","selector":{"controlType":"sap.m.Input","viewName":"etm.portal.ui.addressmanagement.view.Master","viewId":"application-addressmanagement-display-component---masterAdm","properties":{"valueState":"None"},"searchOpenDialogs":true,"interaction":{"idSuffix":"inner"}},"clearTextFirst":true,"interactionType":"ENTER_TEXT"}]}
COMMAND: POST /session/86cef292dcf99a21db7bb59b41f5200f/actions - {"actions":[{"id":"action1","type":"key","parameters":{},"actions":[{"type":"keyDown","value":"î€‡"},{"type":"pause","duration":10},{"type":"keyUp","value":"î€‡"}]}]}
RESULT: {"actions":[{"id":"action1","type":"key","parameters":{},"actions":[{"type":"keyDown","value":"î€‡"},{"type":"pause","duration":10},{"type":"keyUp","value":"î€‡"}]}]}
COMMAND: POST /session/86cef292dcf99a21db7bb59b41f5200f/execute/async - {"script":"<script> [1562 bytes]","args":[{"selector":{"id":"application-addressmanagement-display-component---masterAdm--smartFilterBar-filterItemControl_BASIC-NAME-valueHelpDialog-ok","searchOpenDialogs":true,"interaction":{"idSuffix":"BDI-content"}},"wdio_ui5_key":"applicationaddressmanagement-display-component---masterAdm--smartFilterBar-filterItemControl_BASIC-NAME-valueHelpDialog-ok"}]}
COMMAND: GET /session/86cef292dcf99a21db7bb59b41f5200f/screenshot - {}
RESULT: {"script":"<script> [1562 bytes]","args":[{"selector":{"id":"application-addressmanagement-display-component---masterAdm--smartFilterBar-filterItemControl_BASIC-NAME-valueHelpDialog-ok","searchOpenDialogs":true,"interaction":{"idSuffix":"BDI-content"}},"wdio_ui5_key":"applicationaddressmanagement-display-component---masterAdm--smartFilterBar-filterItemControl_BASIC-NAME-valueHelpDialog-ok"}]}
RESULT: undefined
COMMAND: POST /session/86cef292dcf99a21db7bb59b41f5200f/element - {"using":"xpath","value":"//*[@id=\"application-addressmanagement-display-component---masterAdm--smartFilterBar-filterItemControl_BASIC-NAME-valueHelpDialog-ok\"]"}
RESULT: {}
RESULT: {"using":"xpath","value":"//*[@id=\"application-addressmanagement-display-component---masterAdm--smartFilterBar-filterItemControl_BASIC-NAME-valueHelpDialog-ok\"]"}
COMMAND: POST /session/86cef292dcf99a21db7bb59b41f5200f/element/f.D07DA9D7691935B74F99E9A1B60A37E7.d.8529C40C8175BCE25E2F2A602EA3C4FD.e.298/click - {}
RESULT: {}
COMMAND: GET /session/86cef292dcf99a21db7bb59b41f5200f/screenshot - {}
RESULT: {}
COMMAND: POST /session/86cef292dcf99a21db7bb59b41f5200f/element - {"using":"xpath","value":"(//span[text()=\"Active\"])[1]"}
RESULT: {"using":"xpath","value":"(//span[text()=\"Active\"])[1]"}
COMMAND: POST /session/86cef292dcf99a21db7bb59b41f5200f/elements - {"using":"xpath","value":"(//span[text()=\"Active\"])[1]"}
RESULT: {"using":"xpath","value":"(//span[text()=\"Active\"])[1]"}
COMMAND: POST /session/86cef292dcf99a21db7bb59b41f5200f/execute/sync - {"script":"<script> [8489 bytes]","args":[{"element-6066-11e4-a52e-4f735466cecf":"f.D07DA9D7691935B74F99E9A1B60A37E7.d.8529C40C8175BCE25E2F2A602EA3C4FD.e.312","ELEMENT":"f.D07DA9D7691935B74F99E9A1B60A37E7.d.8529C40C8175BCE25E2F2A602EA3C4FD.e.312"}]}
RESULT: {"script":"<script> [8489 bytes]","args":[{"element-6066-11e4-a52e-4f735466cecf":"f.D07DA9D7691935B74F99E9A1B60A37E7.d.8529C40C8175BCE25E2F2A602EA3C4FD.e.312","ELEMENT":"f.D07DA9D7691935B74F99E9A1B60A37E7.d.8529C40C8175BCE25E2F2A602EA3C4FD.e.312"}]}
COMMAND: POST /session/86cef292dcf99a21db7bb59b41f5200f/execute/sync - {"script":"<script> [5351 bytes]","args":[{"element-6066-11e4-a52e-4f735466cecf":"f.D07DA9D7691935B74F99E9A1B60A37E7.d.8529C40C8175BCE25E2F2A602EA3C4FD.e.312","ELEMENT":"f.D07DA9D7691935B74F99E9A1B60A37E7.d.8529C40C8175BCE25E2F2A602EA3C4FD.e.312"}]}
COMMAND: GET /session/86cef292dcf99a21db7bb59b41f5200f/screenshot - {}
RESULT: {"script":"<script> [5351 bytes]","args":[{"element-6066-11e4-a52e-4f735466cecf":"f.D07DA9D7691935B74F99E9A1B60A37E7.d.8529C40C8175BCE25E2F2A602EA3C4FD.e.312","ELEMENT":"f.D07DA9D7691935B74F99E9A1B60A37E7.d.8529C40C8175BCE25E2F2A602EA3C4FD.e.312"}]}
COMMAND: POST /session/86cef292dcf99a21db7bb59b41f5200f/element/f.D07DA9D7691935B74F99E9A1B60A37E7.d.8529C40C8175BCE25E2F2A602EA3C4FD.e.312/click - {}
COMMAND: GET /session/86cef292dcf99a21db7bb59b41f5200f/screenshot - {}
RESULT: {}
RESULT: {}
COMMAND: POST /session/86cef292dcf99a21db7bb59b41f5200f/element - {"using":"xpath","value":"//span[@id=\"application-addressmanagement-display-component---detailAdm--addressDetailDetailsName1\"]"}
COMMAND: GET /session/86cef292dcf99a21db7bb59b41f5200f/screenshot - {}
RESULT: {}
RESULT: {"using":"xpath","value":"//span[@id=\"application-addressmanagement-display-component---detailAdm--addressDetailDetailsName1\"]"}
COMMAND: POST /session/86cef292dcf99a21db7bb59b41f5200f/execute/sync - {"script":"<script> [8489 bytes]","args":[{"element-6066-11e4-a52e-4f735466cecf":"f.D07DA9D7691935B74F99E9A1B60A37E7.d.8529C40C8175BCE25E2F2A602EA3C4FD.e.393","ELEMENT":"f.D07DA9D7691935B74F99E9A1B60A37E7.d.8529C40C8175BCE25E2F2A602EA3C4FD.e.393"}]}
RESULT: {}
RESULT: {"script":"<script> [8489 bytes]","args":[{"element-6066-11e4-a52e-4f735466cecf":"f.D07DA9D7691935B74F99E9A1B60A37E7.d.8529C40C8175BCE25E2F2A602EA3C4FD.e.393","ELEMENT":"f.D07DA9D7691935B74F99E9A1B60A37E7.d.8529C40C8175BCE25E2F2A602EA3C4FD.e.393"}]}
]]></system-out>
    </testcase>
    <testcase classname="chrome.135_0_7049_96.windows.Assign_the_user_test_user_id_to_an_address" name="Should edit the title of the created found address" time="11.796">
      <system-out><![CDATA[
COMMAND: POST /session/86cef292dcf99a21db7bb59b41f5200f/execute/async - {"script":"<script> [1562 bytes]","args":[{"selector":{"controlType":"sap.m.Button","viewName":"etm.portal.ui.addressmanagement.view.Detail","viewId":"application-addressmanagement-display-component---detailAdm","i18NText":{"propertyName":"text","key":"edit"}},"wdio_ui5_key":"etmportal.ui.addressmanagement.view.Detailsap.m.Button{\"propertyName\":\"text\",\"key\":\"edit\"}"}]}
COMMAND: GET /session/86cef292dcf99a21db7bb59b41f5200f/screenshot - {}
RESULT: {"script":"<script> [1562 bytes]","args":[{"selector":{"controlType":"sap.m.Button","viewName":"etm.portal.ui.addressmanagement.view.Detail","viewId":"application-addressmanagement-display-component---detailAdm","i18NText":{"propertyName":"text","key":"edit"}},"wdio_ui5_key":"etmportal.ui.addressmanagement.view.Detailsap.m.Button{\"propertyName\":\"text\",\"key\":\"edit\"}"}]}
RESULT: undefined
COMMAND: POST /session/86cef292dcf99a21db7bb59b41f5200f/element - {"using":"xpath","value":"//*[@id=\"__button16\"]"}
RESULT: {}
RESULT: {"using":"xpath","value":"//*[@id=\"__button16\"]"}
COMMAND: POST /session/86cef292dcf99a21db7bb59b41f5200f/element/f.D07DA9D7691935B74F99E9A1B60A37E7.d.8529C40C8175BCE25E2F2A602EA3C4FD.e.399/click - {}
RESULT: {}
COMMAND: POST /session/86cef292dcf99a21db7bb59b41f5200f/execute/async - {"script":"<script> [1562 bytes]","args":[{"selector":{"controlType":"sap.ui.core.Icon","viewName":"etm.portal.ui.addressmanagement.view.EditDetail","properties":{"src":{"regex":{"source":"slim\\-arrow\\-down"}}},"ancestor":{"id":"addressTitle","viewName":"etm.portal.ui.addressmanagement.view.EditDetail"}},"wdio_ui5_key":"etmportal.ui.addressmanagement.view.EditDetailsap.ui.core.Icon{\"src\":{\"regex\":{\"source\":\"slim\\\\-arrow\\\\-down\"}}}{\"id\":\"addressTitle\",\"viewName\":\"etm.portal.ui.addressmanagement.view.EditDetail\"}"}]}
COMMAND: GET /session/86cef292dcf99a21db7bb59b41f5200f/screenshot - {}
RESULT: {"script":"<script> [1562 bytes]","args":[{"selector":{"controlType":"sap.ui.core.Icon","viewName":"etm.portal.ui.addressmanagement.view.EditDetail","properties":{"src":{"regex":{"source":"slim\\-arrow\\-down"}}},"ancestor":{"id":"addressTitle","viewName":"etm.portal.ui.addressmanagement.view.EditDetail"}},"wdio_ui5_key":"etmportal.ui.addressmanagement.view.EditDetailsap.ui.core.Icon{\"src\":{\"regex\":{\"source\":\"slim\\\\-arrow\\\\-down\"}}}{\"id\":\"addressTitle\",\"viewName\":\"etm.portal.ui.addressmanagement.view.EditDetail\"}"}]}
RESULT: undefined
COMMAND: POST /session/86cef292dcf99a21db7bb59b41f5200f/element - {"using":"xpath","value":"//*[@id=\"__xmlview58--addressTitle-arrow\"]"}
RESULT: {}
RESULT: {"using":"xpath","value":"//*[@id=\"__xmlview58--addressTitle-arrow\"]"}
COMMAND: POST /session/86cef292dcf99a21db7bb59b41f5200f/element/f.D07DA9D7691935B74F99E9A1B60A37E7.d.8529C40C8175BCE25E2F2A602EA3C4FD.e.452/click - {}
RESULT: {}
COMMAND: POST /session/86cef292dcf99a21db7bb59b41f5200f/execute/async - {"script":"<script> [1562 bytes]","args":[{"selector":{"controlType":"sap.m.StandardListItem","viewName":"etm.portal.ui.addressmanagement.view.EditDetail","properties":{"title":"Dr."},"searchOpenDialogs":true},"wdio_ui5_key":"etmportal.ui.addressmanagement.view.EditDetailsap.m.StandardListItem{\"title\":\"Dr.\"}"}]}
COMMAND: GET /session/86cef292dcf99a21db7bb59b41f5200f/screenshot - {}
RESULT: {"script":"<script> [1562 bytes]","args":[{"selector":{"controlType":"sap.m.StandardListItem","viewName":"etm.portal.ui.addressmanagement.view.EditDetail","properties":{"title":"Dr."},"searchOpenDialogs":true},"wdio_ui5_key":"etmportal.ui.addressmanagement.view.EditDetailsap.m.StandardListItem{\"title\":\"Dr.\"}"}]}
RESULT: undefined
COMMAND: POST /session/86cef292dcf99a21db7bb59b41f5200f/element - {"using":"xpath","value":"//*[@id=\"__item229\"]"}
RESULT: {}
RESULT: {"using":"xpath","value":"//*[@id=\"__item229\"]"}
COMMAND: POST /session/86cef292dcf99a21db7bb59b41f5200f/element/f.D07DA9D7691935B74F99E9A1B60A37E7.d.8529C40C8175BCE25E2F2A602EA3C4FD.e.454/click - {}
RESULT: {}
COMMAND: POST /session/86cef292dcf99a21db7bb59b41f5200f/execute/async - {"script":"<script> [1562 bytes]","args":[{"selector":{"controlType":"sap.m.Button","viewName":"etm.portal.ui.addressmanagement.view.EditDetail","i18NText":{"propertyName":"text","key":"save"}},"wdio_ui5_key":"etmportal.ui.addressmanagement.view.EditDetailsap.m.Button{\"propertyName\":\"text\",\"key\":\"save\"}"}]}
COMMAND: GET /session/86cef292dcf99a21db7bb59b41f5200f/screenshot - {}
RESULT: {"script":"<script> [1562 bytes]","args":[{"selector":{"controlType":"sap.m.Button","viewName":"etm.portal.ui.addressmanagement.view.EditDetail","i18NText":{"propertyName":"text","key":"save"}},"wdio_ui5_key":"etmportal.ui.addressmanagement.view.EditDetailsap.m.Button{\"propertyName\":\"text\",\"key\":\"save\"}"}]}
RESULT: undefined
COMMAND: POST /session/86cef292dcf99a21db7bb59b41f5200f/element - {"using":"xpath","value":"//*[@id=\"__button39\"]"}
RESULT: {}
RESULT: {"using":"xpath","value":"//*[@id=\"__button39\"]"}
COMMAND: POST /session/86cef292dcf99a21db7bb59b41f5200f/element/f.D07DA9D7691935B74F99E9A1B60A37E7.d.8529C40C8175BCE25E2F2A602EA3C4FD.e.455/click - {}
RESULT: {}
COMMAND: GET /session/86cef292dcf99a21db7bb59b41f5200f/screenshot - {}
RESULT: {}
COMMAND: POST /session/86cef292dcf99a21db7bb59b41f5200f/element - {"using":"xpath","value":"//span[@id=\"application-addressmanagement-display-component---detailAdm--addressTitle\"]"}
RESULT: {"using":"xpath","value":"//span[@id=\"application-addressmanagement-display-component---detailAdm--addressTitle\"]"}
COMMAND: GET /session/86cef292dcf99a21db7bb59b41f5200f/element/f.D07DA9D7691935B74F99E9A1B60A37E7.d.8529C40C8175BCE25E2F2A602EA3C4FD.e.466/text - {}
RESULT: {}
COMMAND: POST /session/86cef292dcf99a21db7bb59b41f5200f/element - {"using":"xpath","value":"//span[@id=\"application-addressmanagement-display-component---detailAdm--addressDetailDetailsName1\"]"}
RESULT: {"using":"xpath","value":"//span[@id=\"application-addressmanagement-display-component---detailAdm--addressDetailDetailsName1\"]"}
COMMAND: GET /session/86cef292dcf99a21db7bb59b41f5200f/element/f.D07DA9D7691935B74F99E9A1B60A37E7.d.8529C40C8175BCE25E2F2A602EA3C4FD.e.393/text - {}
RESULT: {}
COMMAND: POST /session/86cef292dcf99a21db7bb59b41f5200f/refresh - {}
RESULT: {}
COMMAND: GET /session/86cef292dcf99a21db7bb59b41f5200f/screenshot - {}
RESULT: {}
COMMAND: POST /session/86cef292dcf99a21db7bb59b41f5200f/refresh - {}
RESULT: {}
COMMAND: GET /session/86cef292dcf99a21db7bb59b41f5200f/screenshot - {}
RESULT: {}
COMMAND: POST /session/86cef292dcf99a21db7bb59b41f5200f/window/fullscreen - {}
RESULT: {}
COMMAND: POST /session/86cef292dcf99a21db7bb59b41f5200f/execute/async - {"script":"<script> [189 bytes]","args":[]}
RESULT: {"script":"<script> [189 bytes]","args":[]}
COMMAND: POST /session/86cef292dcf99a21db7bb59b41f5200f/execute/async - {"script":"<script> [123 bytes]","args":[]}
RESULT: {"script":"<script> [123 bytes]","args":[]}
COMMAND: POST /session/86cef292dcf99a21db7bb59b41f5200f/timeouts - {"script":"<number>"}
RESULT: {"script":"<number>"}
COMMAND: GET /session/86cef292dcf99a21db7bb59b41f5200f/timeouts - {}
RESULT: {}
RESULT: undefined
COMMAND: POST /session/86cef292dcf99a21db7bb59b41f5200f/execute/async - {"script":"<script> [2676 bytes]","args":[]}
RESULT: {"script":"<script> [2676 bytes]","args":[]}
COMMAND: POST /session/86cef292dcf99a21db7bb59b41f5200f/execute/async - {"script":"<script> [2342 bytes]","args":[{"protocol":"http","hostname":"0.0.0.0","path":"/","capabilities":{"browserName":"chrome","goog:chromeOptions":{"binary":"C:\\Program Files\\Google\\Chrome\\Application\\chrome.exe","args":["--start-maximized"]}},"logLevel":"warn","connectionRetryTimeout":120000,"connectionRetryCount":3,"logLevels":{},"enableDirectConnect":true,"strictSSL":true,"_":"65 more keys: [\"cacheDir\",\"port\",\"requestedCapabilities\",\"automationProtocol\",\"baseUrl\",\"waitforInterval\",\"waitforTimeout\",\"onReload\",\"beforeCommand\",\"afterCommand\",\"rootDir\",\"specs\",\"suites\",\"exclude\",\"groupLogsByTestSpec\",\"excludeDriverLogs\",\"bail\",\"framework\",\"reporters\",\"services\",\"maxInstances\",\"maxInstancesPerCapability\",\"injectGlobals\",\"filesToWatch\",\"execArgv\",\"runnerEnv\",\"runner\",\"shard\",\"specFileRetries\",\"specFileRetriesDelay\",\"specFileRetriesDeferred\",\"reporterSyncInterval\",\"reporterSyncTimeout\",\"cucumberFeaturesWithLineNumbers\",\"autoCompileOpts\",\"mochaOpts\",\"jasmineOpts\",\"cucumberOpts\",\"onPrepare\",\"onWorkerStart\",\"onWorkerEnd\",\"before\",\"beforeSession\",\"beforeSuite\",\"beforeHook\",\"beforeTest\",\"afterTest\",\"afterHook\",\"afterSuite\",\"afterSession\",\"after\",\"onComplete\",\"beforeAssertion\",\"afterAssertion\",\"beforeFeature\",\"beforeScenario\",\"beforeStep\",\"afterStep\",\"afterScenario\",\"afterFeature\",\"_\",\"suite\",\"$0\",\"ignoredWorkerServices\",\"wdi5\"]"}]}
RESULT: {"script":"<script> [2342 bytes]","args":[{"protocol":"http","hostname":"0.0.0.0","path":"/","capabilities":{"browserName":"chrome","goog:chromeOptions":{"binary":"C:\\Program Files\\Google\\Chrome\\Application\\chrome.exe","args":["--start-maximized"]}},"logLevel":"warn","connectionRetryTimeout":120000,"connectionRetryCount":3,"logLevels":{},"enableDirectConnect":true,"strictSSL":true,"_":"65 more keys: [\"cacheDir\",\"port\",\"requestedCapabilities\",\"automationProtocol\",\"baseUrl\",\"waitforInterval\",\"waitforTimeout\",\"onReload\",\"beforeCommand\",\"afterCommand\",\"rootDir\",\"specs\",\"suites\",\"exclude\",\"groupLogsByTestSpec\",\"excludeDriverLogs\",\"bail\",\"framework\",\"reporters\",\"services\",\"maxInstances\",\"maxInstancesPerCapability\",\"injectGlobals\",\"filesToWatch\",\"execArgv\",\"runnerEnv\",\"runner\",\"shard\",\"specFileRetries\",\"specFileRetriesDelay\",\"specFileRetriesDeferred\",\"reporterSyncInterval\",\"reporterSyncTimeout\",\"cucumberFeaturesWithLineNumbers\",\"autoCompileOpts\",\"mochaOpts\",\"jasmineOpts\",\"cucumberOpts\",\"onPrepare\",\"onWorkerStart\",\"onWorkerEnd\",\"before\",\"beforeSession\",\"beforeSuite\",\"beforeHook\",\"beforeTest\",\"afterTest\",\"afterHook\",\"afterSuite\",\"afterSession\",\"after\",\"onComplete\",\"beforeAssertion\",\"afterAssertion\",\"beforeFeature\",\"beforeScenario\",\"beforeStep\",\"afterStep\",\"afterScenario\",\"afterFeature\",\"_\",\"suite\",\"$0\",\"ignoredWorkerServices\",\"wdi5\"]"}]}
COMMAND: POST /session/86cef292dcf99a21db7bb59b41f5200f/execute/async - {"script":"<script> [21126 bytes]","args":[35000]}
RESULT: {"script":"<script> [21126 bytes]","args":[35000]}
COMMAND: POST /session/86cef292dcf99a21db7bb59b41f5200f/element - {"using":"css selector","value":"#shell-header-logo"}
RESULT: {"using":"css selector","value":"#shell-header-logo"}
COMMAND: POST /session/86cef292dcf99a21db7bb59b41f5200f/element/f.D07DA9D7691935B74F99E9A1B60A37E7.d.67870703BD2D2F01B0ED76F72AFBFFAB.e.588/click - {}
RESULT: {}
COMMAND: GET /session/86cef292dcf99a21db7bb59b41f5200f/screenshot - {}
RESULT: {}
COMMAND: POST /session/86cef292dcf99a21db7bb59b41f5200f/execute/async - {"script":"<script> [1562 bytes]","args":[{"selector":{"controlType":"sap.m.GenericTile","properties":{"header":"Manage Yards"}},"wdio_ui5_key":"sapm.GenericTile{\"header\":\"Manage Yards\"}"}]}
RESULT: {"script":"<script> [1562 bytes]","args":[{"selector":{"controlType":"sap.m.GenericTile","properties":{"header":"Manage Yards"}},"wdio_ui5_key":"sapm.GenericTile{\"header\":\"Manage Yards\"}"}]}
RESULT: undefined
COMMAND: POST /session/86cef292dcf99a21db7bb59b41f5200f/element - {"using":"xpath","value":"//*[@id=\"__tile52\"]"}
RESULT: {"using":"xpath","value":"//*[@id=\"__tile52\"]"}
COMMAND: POST /session/86cef292dcf99a21db7bb59b41f5200f/element/f.D07DA9D7691935B74F99E9A1B60A37E7.d.67870703BD2D2F01B0ED76F72AFBFFAB.e.962/click - {}
RESULT: {}
]]></system-out>
    </testcase>
  </testsuite>
  <testsuite timestamp="2025-04-28T15:19:21" time="262.875" tests="2" failures="0" errors="0" skipped="0">
    <properties>
      <property name="specId" value="0" />
      <property name="suiteName" value="Create 2 Yards US112496" />
      <property name="capabilities" value="chrome.135_0_7049_96.windows" />
      <property name="file" value="file:///D:/a/1/s/test/specs/R2C/create-yard.spec.js" />
    </properties>
    <testcase classname="chrome.135_0_7049_96.windows.Create_2_Yards_US112496" name="Should create a new simple yard" time="139.744">
      <system-out><![CDATA[
COMMAND: GET /session/86cef292dcf99a21db7bb59b41f5200f/screenshot - {}
RESULT: {}
COMMAND: POST /session/86cef292dcf99a21db7bb59b41f5200f/execute/async - {"script":"<script> [1562 bytes]","args":[{"selector":{"controlType":"sap.ui.core.Icon","viewName":"etm.portal.ui.manageyards.view.Master","viewId":"application-manageyards-display-component---masterYard","properties":{"src":{"regex":{"source":"add"}}}},"wdio_ui5_key":"etmportal.ui.manageyards.view.Mastersap.ui.core.Icon{\"src\":{\"regex\":{\"source\":\"add\"}}}"}]}
RESULT: {"script":"<script> [1562 bytes]","args":[{"selector":{"controlType":"sap.ui.core.Icon","viewName":"etm.portal.ui.manageyards.view.Master","viewId":"application-manageyards-display-component---masterYard","properties":{"src":{"regex":{"source":"add"}}}},"wdio_ui5_key":"etmportal.ui.manageyards.view.Mastersap.ui.core.Icon{\"src\":{\"regex\":{\"source\":\"add\"}}}"}]}
RESULT: undefined
COMMAND: POST /session/86cef292dcf99a21db7bb59b41f5200f/element - {"using":"xpath","value":"//*[@id=\"__button25-img\"]"}
RESULT: {"using":"xpath","value":"//*[@id=\"__button25-img\"]"}
COMMAND: POST /session/86cef292dcf99a21db7bb59b41f5200f/element/f.D07DA9D7691935B74F99E9A1B60A37E7.d.67870703BD2D2F01B0ED76F72AFBFFAB.e.1008/click - {}
RESULT: {}
COMMAND: GET /session/86cef292dcf99a21db7bb59b41f5200f/screenshot - {}
RESULT: {}
COMMAND: POST /session/86cef292dcf99a21db7bb59b41f5200f/execute/async - {"script":"<script> [1562 bytes]","args":[{"selector":{"id":"application-manageyards-display-component---NewYard--yardId","interaction":{"idSuffix":"inner"}},"wdio_ui5_key":"applicationmanageyards-display-component---NewYard--yardId"}]}
RESULT: {"script":"<script> [1562 bytes]","args":[{"selector":{"id":"application-manageyards-display-component---NewYard--yardId","interaction":{"idSuffix":"inner"}},"wdio_ui5_key":"applicationmanageyards-display-component---NewYard--yardId"}]}
RESULT: undefined
COMMAND: POST /session/86cef292dcf99a21db7bb59b41f5200f/element - {"using":"xpath","value":"//*[@id=\"application-manageyards-display-component---NewYard--addressDetailDetailsName1-inner\"]"}
RESULT: {"using":"xpath","value":"//*[@id=\"application-manageyards-display-component---NewYard--addressDetailDetailsName1-inner\"]"}
COMMAND: POST /session/86cef292dcf99a21db7bb59b41f5200f/element/f.D07DA9D7691935B74F99E9A1B60A37E7.d.67870703BD2D2F01B0ED76F72AFBFFAB.e.1242/clear - {}
RESULT: {}
COMMAND: POST /session/86cef292dcf99a21db7bb59b41f5200f/element/f.D07DA9D7691935B74F99E9A1B60A37E7.d.67870703BD2D2F01B0ED76F72AFBFFAB.e.1242/value - {"text":"Webdriver Yard jszg5"}
COMMAND: GET /session/86cef292dcf99a21db7bb59b41f5200f/screenshot - {}
RESULT: {"text":"Webdriver Yard jszg5"}
COMMAND: POST /session/86cef292dcf99a21db7bb59b41f5200f/element - {"using":"xpath","value":"//*[@id=\"application-manageyards-display-component---NewYard--addressDetailDetailsLanguage-inner\"]"}
COMMAND: GET /session/86cef292dcf99a21db7bb59b41f5200f/screenshot - {}
RESULT: {}
RESULT: {"using":"xpath","value":"//*[@id=\"application-manageyards-display-component---NewYard--addressDetailDetailsLanguage-inner\"]"}
COMMAND: POST /session/86cef292dcf99a21db7bb59b41f5200f/element/f.D07DA9D7691935B74F99E9A1B60A37E7.d.67870703BD2D2F01B0ED76F72AFBFFAB.e.1243/clear - {}
RESULT: {}
RESULT: {}
COMMAND: POST /session/86cef292dcf99a21db7bb59b41f5200f/element/f.D07DA9D7691935B74F99E9A1B60A37E7.d.67870703BD2D2F01B0ED76F72AFBFFAB.e.1243/value - {"text":"Romanian"}
COMMAND: GET /session/86cef292dcf99a21db7bb59b41f5200f/screenshot - {}
RESULT: {"text":"Romanian"}
COMMAND: GET /session/86cef292dcf99a21db7bb59b41f5200f/screenshot - {}
RESULT: {}
RESULT: {}
COMMAND: POST /session/86cef292dcf99a21db7bb59b41f5200f/element - {"using":"xpath","value":"//*[@id=\"application-manageyards-display-component---NewYard--addressDetailDetailsCity1-inner\"]"}
RESULT: {"using":"xpath","value":"//*[@id=\"application-manageyards-display-component---NewYard--addressDetailDetailsCity1-inner\"]"}
COMMAND: POST /session/86cef292dcf99a21db7bb59b41f5200f/element/f.D07DA9D7691935B74F99E9A1B60A37E7.d.67870703BD2D2F01B0ED76F72AFBFFAB.e.1245/clear - {}
RESULT: {}
COMMAND: POST /session/86cef292dcf99a21db7bb59b41f5200f/element/f.D07DA9D7691935B74F99E9A1B60A37E7.d.67870703BD2D2F01B0ED76F72AFBFFAB.e.1245/value - {"text":"Bucuresti"}
COMMAND: GET /session/86cef292dcf99a21db7bb59b41f5200f/screenshot - {}
RESULT: {"text":"Bucuresti"}
COMMAND: GET /session/86cef292dcf99a21db7bb59b41f5200f/screenshot - {}
RESULT: {}
RESULT: {}
COMMAND: POST /session/86cef292dcf99a21db7bb59b41f5200f/element - {"using":"xpath","value":"//*[@id=\"application-manageyards-display-component---NewYard--addressDetailDetailsCountry-inner\"]"}
RESULT: {"using":"xpath","value":"//*[@id=\"application-manageyards-display-component---NewYard--addressDetailDetailsCountry-inner\"]"}
COMMAND: POST /session/86cef292dcf99a21db7bb59b41f5200f/element/f.D07DA9D7691935B74F99E9A1B60A37E7.d.67870703BD2D2F01B0ED76F72AFBFFAB.e.1249/clear - {}
RESULT: {}
COMMAND: POST /session/86cef292dcf99a21db7bb59b41f5200f/element/f.D07DA9D7691935B74F99E9A1B60A37E7.d.67870703BD2D2F01B0ED76F72AFBFFAB.e.1249/value - {"text":"Romania"}
COMMAND: GET /session/86cef292dcf99a21db7bb59b41f5200f/screenshot - {}
RESULT: {"text":"Romania"}
COMMAND: GET /session/86cef292dcf99a21db7bb59b41f5200f/screenshot - {}
RESULT: {}
RESULT: {}
COMMAND: POST /session/86cef292dcf99a21db7bb59b41f5200f/element - {"using":"xpath","value":"//div[contains(text(), \"Commercial\")]"}
RESULT: {"using":"xpath","value":"//div[contains(text(), \"Commercial\")]"}
COMMAND: GET /session/86cef292dcf99a21db7bb59b41f5200f/element/f.D07DA9D7691935B74F99E9A1B60A37E7.d.67870703BD2D2F01B0ED76F72AFBFFAB.e.1442/rect - {}
RESULT: {}
COMMAND: GET /session/86cef292dcf99a21db7bb59b41f5200f/window/rect - {}
RESULT: {}
COMMAND: POST /session/86cef292dcf99a21db7bb59b41f5200f/execute/sync - {"script":"<script> [92 bytes]","args":[]}
RESULT: {"script":"<script> [92 bytes]","args":[]}
COMMAND: POST /session/86cef292dcf99a21db7bb59b41f5200f/actions - {"actions":[{"id":"action2","type":"wheel","parameters":{},"actions":[{"type":"scroll","x":-1825,"y":-44,"deltaX":0,"deltaY":0,"duration":0,"origin":{"element-6066-11e4-a52e-4f735466cecf":"f.D07DA9D7691935B74F99E9A1B60A37E7.d.67870703BD2D2F01B0ED76F72AFBFFAB.e.1442"}}]}]}
COMMAND: GET /session/86cef292dcf99a21db7bb59b41f5200f/screenshot - {}
RESULT: {}
COMMAND: POST /session/86cef292dcf99a21db7bb59b41f5200f/execute/sync - {"script":"<script> [79 bytes]","args":[{"element-6066-11e4-a52e-4f735466cecf":"f.D07DA9D7691935B74F99E9A1B60A37E7.d.67870703BD2D2F01B0ED76F72AFBFFAB.e.1442","ELEMENT":"f.D07DA9D7691935B74F99E9A1B60A37E7.d.67870703BD2D2F01B0ED76F72AFBFFAB.e.1442"},{"block":"start","inline":"nearest"}]}
RESULT: {"script":"<script> [79 bytes]","args":[{"element-6066-11e4-a52e-4f735466cecf":"f.D07DA9D7691935B74F99E9A1B60A37E7.d.67870703BD2D2F01B0ED76F72AFBFFAB.e.1442","ELEMENT":"f.D07DA9D7691935B74F99E9A1B60A37E7.d.67870703BD2D2F01B0ED76F72AFBFFAB.e.1442"},{"block":"start","inline":"nearest"}]}
COMMAND: GET /session/86cef292dcf99a21db7bb59b41f5200f/screenshot - {}
RESULT: {}
COMMAND: POST /session/86cef292dcf99a21db7bb59b41f5200f/element - {"using":"xpath","value":"//input[@id='application-manageyards-display-component---NewYard--addressEditDetailsCostObjectCstType-inner']"}
RESULT: {"using":"xpath","value":"//input[@id='application-manageyards-display-component---NewYard--addressEditDetailsCostObjectCstType-inner']"}
COMMAND: POST /session/86cef292dcf99a21db7bb59b41f5200f/execute/sync - {"script":"<script> [8489 bytes]","args":[{"element-6066-11e4-a52e-4f735466cecf":"f.D07DA9D7691935B74F99E9A1B60A37E7.d.67870703BD2D2F01B0ED76F72AFBFFAB.e.1255","ELEMENT":"f.D07DA9D7691935B74F99E9A1B60A37E7.d.67870703BD2D2F01B0ED76F72AFBFFAB.e.1255"}]}
RESULT: {"script":"<script> [8489 bytes]","args":[{"element-6066-11e4-a52e-4f735466cecf":"f.D07DA9D7691935B74F99E9A1B60A37E7.d.67870703BD2D2F01B0ED76F72AFBFFAB.e.1255","ELEMENT":"f.D07DA9D7691935B74F99E9A1B60A37E7.d.67870703BD2D2F01B0ED76F72AFBFFAB.e.1255"}]}
COMMAND: POST /session/86cef292dcf99a21db7bb59b41f5200f/element/f.D07DA9D7691935B74F99E9A1B60A37E7.d.67870703BD2D2F01B0ED76F72AFBFFAB.e.1255/clear - {}
COMMAND: GET /session/86cef292dcf99a21db7bb59b41f5200f/screenshot - {}
RESULT: {}
COMMAND: POST /session/86cef292dcf99a21db7bb59b41f5200f/element/f.D07DA9D7691935B74F99E9A1B60A37E7.d.67870703BD2D2F01B0ED76F72AFBFFAB.e.1255/value - {"text":"Cost"}
COMMAND: GET /session/86cef292dcf99a21db7bb59b41f5200f/screenshot - {}
RESULT: {}
RESULT: {"text":"Cost"}
COMMAND: GET /session/86cef292dcf99a21db7bb59b41f5200f/screenshot - {}
RESULT: {}
RESULT: {}
COMMAND: POST /session/86cef292dcf99a21db7bb59b41f5200f/execute/async - {"script":"<script> [1562 bytes]","args":[{"selector":{"id":"application-manageyards-display-component---NewYard--addressNewCostObjectCstID","interaction":{"idSuffix":"inner"}},"wdio_ui5_key":"applicationmanageyards-display-component---NewYard--addressNewCostObjectCstID"}]}
RESULT: {"script":"<script> [1562 bytes]","args":[{"selector":{"id":"application-manageyards-display-component---NewYard--addressNewCostObjectCstID","interaction":{"idSuffix":"inner"}},"wdio_ui5_key":"applicationmanageyards-display-component---NewYard--addressNewCostObjectCstID"}]}
RESULT: undefined
COMMAND: POST /session/86cef292dcf99a21db7bb59b41f5200f/execute/async - {"script":"<script> [776 bytes]","args":[{"enterText":"10001013","selector":{"id":"application-manageyards-display-component---NewYard--addressNewCostObjectCstID","interaction":{"idSuffix":"inner"}},"clearTextFirst":true,"interactionType":"ENTER_TEXT"}]}
RESULT: {"script":"<script> [776 bytes]","args":[{"enterText":"10001013","selector":{"id":"application-manageyards-display-component---NewYard--addressNewCostObjectCstID","interaction":{"idSuffix":"inner"}},"clearTextFirst":true,"interactionType":"ENTER_TEXT"}]}
COMMAND: POST /session/86cef292dcf99a21db7bb59b41f5200f/actions - {"actions":[{"id":"action3","type":"key","parameters":{},"actions":[{"type":"keyDown","value":"î€‡"},{"type":"pause","duration":10},{"type":"keyUp","value":"î€‡"}]}]}
RESULT: {"actions":[{"id":"action3","type":"key","parameters":{},"actions":[{"type":"keyDown","value":"î€‡"},{"type":"pause","duration":10},{"type":"keyUp","value":"î€‡"}]}]}
COMMAND: GET /session/86cef292dcf99a21db7bb59b41f5200f/screenshot - {}
RESULT: {}
COMMAND: POST /session/86cef292dcf99a21db7bb59b41f5200f/execute/async - {"script":"<script> [1562 bytes]","args":[{"selector":{"controlType":"sap.m.Button","viewName":"etm.portal.ui.manageyards.view.New","viewId":"application-manageyards-display-component---NewYard","i18NText":{"propertyName":"text","key":"save"},"interaction":{"idSuffix":"inner"}},"wdio_ui5_key":"etmportal.ui.manageyards.view.Newsap.m.Button{\"propertyName\":\"text\",\"key\":\"save\"}"}]}
RESULT: {"script":"<script> [1562 bytes]","args":[{"selector":{"controlType":"sap.m.Button","viewName":"etm.portal.ui.manageyards.view.New","viewId":"application-manageyards-display-component---NewYard","i18NText":{"propertyName":"text","key":"save"},"interaction":{"idSuffix":"inner"}},"wdio_ui5_key":"etmportal.ui.manageyards.view.Newsap.m.Button{\"propertyName\":\"text\",\"key\":\"save\"}"}]}
RESULT: undefined
COMMAND: POST /session/86cef292dcf99a21db7bb59b41f5200f/element - {"using":"xpath","value":"//*[@id=\"__button39\"]"}
RESULT: {"using":"xpath","value":"//*[@id=\"__button39\"]"}
COMMAND: POST /session/86cef292dcf99a21db7bb59b41f5200f/element/f.D07DA9D7691935B74F99E9A1B60A37E7.d.67870703BD2D2F01B0ED76F72AFBFFAB.e.1407/click - {}
RESULT: {}
COMMAND: GET /session/86cef292dcf99a21db7bb59b41f5200f/screenshot - {}
RESULT: {}
COMMAND: POST /session/86cef292dcf99a21db7bb59b41f5200f/element - {"using":"xpath","value":"//header/div/div/div/div/div/div[2]/div/span"}
RESULT: {"using":"xpath","value":"//header/div/div/div/div/div/div[2]/div/span"}
COMMAND: GET /session/86cef292dcf99a21db7bb59b41f5200f/element/f.D07DA9D7691935B74F99E9A1B60A37E7.d.67870703BD2D2F01B0ED76F72AFBFFAB.e.1663/text - {}
RESULT: {}
COMMAND: POST /session/86cef292dcf99a21db7bb59b41f5200f/element - {"using":"xpath","value":"//header/div/div[2]/div[2]/span"}
RESULT: {"using":"xpath","value":"//header/div/div[2]/div[2]/span"}
COMMAND: GET /session/86cef292dcf99a21db7bb59b41f5200f/element/f.D07DA9D7691935B74F99E9A1B60A37E7.d.67870703BD2D2F01B0ED76F72AFBFFAB.e.1664/text - {}
RESULT: {}
COMMAND: POST /session/86cef292dcf99a21db7bb59b41f5200f/execute/async - {"script":"<script> [1562 bytes]","args":[{"selector":{"controlType":"sap.m.OverflowToolbarButton","viewName":"etm.portal.ui.manageyards.view.Detail","viewId":"application-manageyards-display-component---detailYard","i18NText":{"propertyName":"tooltip","key":"closeColumn"},"interaction":{"idSuffix":"inner"}},"wdio_ui5_key":"etmportal.ui.manageyards.view.Detailsap.m.OverflowToolbarButton{\"propertyName\":\"tooltip\",\"key\":\"closeColumn\"}"}]}
RESULT: {"script":"<script> [1562 bytes]","args":[{"selector":{"controlType":"sap.m.OverflowToolbarButton","viewName":"etm.portal.ui.manageyards.view.Detail","viewId":"application-manageyards-display-component---detailYard","i18NText":{"propertyName":"tooltip","key":"closeColumn"},"interaction":{"idSuffix":"inner"}},"wdio_ui5_key":"etmportal.ui.manageyards.view.Detailsap.m.OverflowToolbarButton{\"propertyName\":\"tooltip\",\"key\":\"closeColumn\"}"}]}
RESULT: undefined
COMMAND: POST /session/86cef292dcf99a21db7bb59b41f5200f/element - {"using":"xpath","value":"//*[@id=\"__button62\"]"}
RESULT: {"using":"xpath","value":"//*[@id=\"__button62\"]"}
COMMAND: POST /session/86cef292dcf99a21db7bb59b41f5200f/element/f.D07DA9D7691935B74F99E9A1B60A37E7.d.67870703BD2D2F01B0ED76F72AFBFFAB.e.1666/click - {}
RESULT: {}
COMMAND: POST /session/86cef292dcf99a21db7bb59b41f5200f/refresh - {}
COMMAND: GET /session/86cef292dcf99a21db7bb59b41f5200f/screenshot - {}
RESULT: {}
COMMAND: GET /session/86cef292dcf99a21db7bb59b41f5200f/screenshot - {}
COMMAND: POST /session/86cef292dcf99a21db7bb59b41f5200f/refresh - {}
RESULT: {}
RESULT: {}
RESULT: {}
COMMAND: GET /session/86cef292dcf99a21db7bb59b41f5200f/screenshot - {}
RESULT: {}
COMMAND: POST /session/86cef292dcf99a21db7bb59b41f5200f/window/fullscreen - {}
RESULT: {}
COMMAND: POST /session/86cef292dcf99a21db7bb59b41f5200f/execute/async - {"script":"<script> [189 bytes]","args":[]}
RESULT: {"script":"<script> [189 bytes]","args":[]}
COMMAND: POST /session/86cef292dcf99a21db7bb59b41f5200f/execute/async - {"script":"<script> [123 bytes]","args":[]}
RESULT: {"script":"<script> [123 bytes]","args":[]}
COMMAND: POST /session/86cef292dcf99a21db7bb59b41f5200f/timeouts - {"script":"<number>"}
RESULT: {"script":"<number>"}
COMMAND: GET /session/86cef292dcf99a21db7bb59b41f5200f/timeouts - {}
RESULT: {}
RESULT: undefined
COMMAND: POST /session/86cef292dcf99a21db7bb59b41f5200f/execute/async - {"script":"<script> [2676 bytes]","args":[]}
RESULT: {"script":"<script> [2676 bytes]","args":[]}
COMMAND: POST /session/86cef292dcf99a21db7bb59b41f5200f/execute/async - {"script":"<script> [2342 bytes]","args":[{"protocol":"http","hostname":"0.0.0.0","path":"/","capabilities":{"browserName":"chrome","goog:chromeOptions":{"binary":"C:\\Program Files\\Google\\Chrome\\Application\\chrome.exe","args":["--start-maximized"]}},"logLevel":"warn","connectionRetryTimeout":120000,"connectionRetryCount":3,"logLevels":{},"enableDirectConnect":true,"strictSSL":true,"_":"65 more keys: [\"cacheDir\",\"port\",\"requestedCapabilities\",\"automationProtocol\",\"baseUrl\",\"waitforInterval\",\"waitforTimeout\",\"onReload\",\"beforeCommand\",\"afterCommand\",\"rootDir\",\"specs\",\"suites\",\"exclude\",\"groupLogsByTestSpec\",\"excludeDriverLogs\",\"bail\",\"framework\",\"reporters\",\"services\",\"maxInstances\",\"maxInstancesPerCapability\",\"injectGlobals\",\"filesToWatch\",\"execArgv\",\"runnerEnv\",\"runner\",\"shard\",\"specFileRetries\",\"specFileRetriesDelay\",\"specFileRetriesDeferred\",\"reporterSyncInterval\",\"reporterSyncTimeout\",\"cucumberFeaturesWithLineNumbers\",\"autoCompileOpts\",\"mochaOpts\",\"jasmineOpts\",\"cucumberOpts\",\"onPrepare\",\"onWorkerStart\",\"onWorkerEnd\",\"before\",\"beforeSession\",\"beforeSuite\",\"beforeHook\",\"beforeTest\",\"afterTest\",\"afterHook\",\"afterSuite\",\"afterSession\",\"after\",\"onComplete\",\"beforeAssertion\",\"afterAssertion\",\"beforeFeature\",\"beforeScenario\",\"beforeStep\",\"afterStep\",\"afterScenario\",\"afterFeature\",\"_\",\"suite\",\"$0\",\"ignoredWorkerServices\",\"wdi5\"]"}]}
RESULT: {"script":"<script> [2342 bytes]","args":[{"protocol":"http","hostname":"0.0.0.0","path":"/","capabilities":{"browserName":"chrome","goog:chromeOptions":{"binary":"C:\\Program Files\\Google\\Chrome\\Application\\chrome.exe","args":["--start-maximized"]}},"logLevel":"warn","connectionRetryTimeout":120000,"connectionRetryCount":3,"logLevels":{},"enableDirectConnect":true,"strictSSL":true,"_":"65 more keys: [\"cacheDir\",\"port\",\"requestedCapabilities\",\"automationProtocol\",\"baseUrl\",\"waitforInterval\",\"waitforTimeout\",\"onReload\",\"beforeCommand\",\"afterCommand\",\"rootDir\",\"specs\",\"suites\",\"exclude\",\"groupLogsByTestSpec\",\"excludeDriverLogs\",\"bail\",\"framework\",\"reporters\",\"services\",\"maxInstances\",\"maxInstancesPerCapability\",\"injectGlobals\",\"filesToWatch\",\"execArgv\",\"runnerEnv\",\"runner\",\"shard\",\"specFileRetries\",\"specFileRetriesDelay\",\"specFileRetriesDeferred\",\"reporterSyncInterval\",\"reporterSyncTimeout\",\"cucumberFeaturesWithLineNumbers\",\"autoCompileOpts\",\"mochaOpts\",\"jasmineOpts\",\"cucumberOpts\",\"onPrepare\",\"onWorkerStart\",\"onWorkerEnd\",\"before\",\"beforeSession\",\"beforeSuite\",\"beforeHook\",\"beforeTest\",\"afterTest\",\"afterHook\",\"afterSuite\",\"afterSession\",\"after\",\"onComplete\",\"beforeAssertion\",\"afterAssertion\",\"beforeFeature\",\"beforeScenario\",\"beforeStep\",\"afterStep\",\"afterScenario\",\"afterFeature\",\"_\",\"suite\",\"$0\",\"ignoredWorkerServices\",\"wdi5\"]"}]}
COMMAND: POST /session/86cef292dcf99a21db7bb59b41f5200f/execute/async - {"script":"<script> [21126 bytes]","args":[35000]}
RESULT: {"script":"<script> [21126 bytes]","args":[35000]}
]]></system-out>
    </testcase>
    <testcase classname="chrome.135_0_7049_96.windows.Create_2_Yards_US112496" name="Should create a WHM yard" time="65.662">
      <system-out><![CDATA[
COMMAND: POST /session/86cef292dcf99a21db7bb59b41f5200f/execute/async - {"script":"<script> [1562 bytes]","args":[{"selector":{"controlType":"sap.ui.core.Icon","viewName":"etm.portal.ui.manageyards.view.Master","viewId":"application-manageyards-display-component---masterYard","properties":{"src":{"regex":{"source":"add"}}}},"wdio_ui5_key":"etmportal.ui.manageyards.view.Mastersap.ui.core.Icon{\"src\":{\"regex\":{\"source\":\"add\"}}}"}]}
RESULT: {"script":"<script> [1562 bytes]","args":[{"selector":{"controlType":"sap.ui.core.Icon","viewName":"etm.portal.ui.manageyards.view.Master","viewId":"application-manageyards-display-component---masterYard","properties":{"src":{"regex":{"source":"add"}}}},"wdio_ui5_key":"etmportal.ui.manageyards.view.Mastersap.ui.core.Icon{\"src\":{\"regex\":{\"source\":\"add\"}}}"}]}
RESULT: undefined
COMMAND: POST /session/86cef292dcf99a21db7bb59b41f5200f/element - {"using":"xpath","value":"//*[@id=\"__button9-img\"]"}
RESULT: {"using":"xpath","value":"//*[@id=\"__button9-img\"]"}
COMMAND: POST /session/86cef292dcf99a21db7bb59b41f5200f/element/f.D07DA9D7691935B74F99E9A1B60A37E7.d.870D34960FF7ECB5AB5F52822D5593E4.e.2021/click - {}
RESULT: {}
COMMAND: GET /session/86cef292dcf99a21db7bb59b41f5200f/screenshot - {}
RESULT: {}
COMMAND: POST /session/86cef292dcf99a21db7bb59b41f5200f/execute/async - {"script":"<script> [1562 bytes]","args":[{"selector":{"id":"application-manageyards-display-component---NewYard--yardId","interaction":{"idSuffix":"inner"}},"wdio_ui5_key":"applicationmanageyards-display-component---NewYard--yardId"}]}
RESULT: {"script":"<script> [1562 bytes]","args":[{"selector":{"id":"application-manageyards-display-component---NewYard--yardId","interaction":{"idSuffix":"inner"}},"wdio_ui5_key":"applicationmanageyards-display-component---NewYard--yardId"}]}
RESULT: undefined
COMMAND: POST /session/86cef292dcf99a21db7bb59b41f5200f/element - {"using":"xpath","value":"//*[@id=\"application-manageyards-display-component---NewYard--addressDetailDetailsName1-inner\"]"}
RESULT: {"using":"xpath","value":"//*[@id=\"application-manageyards-display-component---NewYard--addressDetailDetailsName1-inner\"]"}
COMMAND: POST /session/86cef292dcf99a21db7bb59b41f5200f/element/f.D07DA9D7691935B74F99E9A1B60A37E7.d.870D34960FF7ECB5AB5F52822D5593E4.e.2164/clear - {}
RESULT: {}
COMMAND: POST /session/86cef292dcf99a21db7bb59b41f5200f/element/f.D07DA9D7691935B74F99E9A1B60A37E7.d.870D34960FF7ECB5AB5F52822D5593E4.e.2164/value - {"text":"Webdriver WHM Yard h7haz"}
COMMAND: GET /session/86cef292dcf99a21db7bb59b41f5200f/screenshot - {}
RESULT: {"text":"Webdriver WHM Yard h7haz"}
COMMAND: POST /session/86cef292dcf99a21db7bb59b41f5200f/element - {"using":"xpath","value":"//*[@id=\"application-manageyards-display-component---NewYard--addressDetailDetailsLanguage-inner\"]"}
COMMAND: GET /session/86cef292dcf99a21db7bb59b41f5200f/screenshot - {}
RESULT: {}
RESULT: {"using":"xpath","value":"//*[@id=\"application-manageyards-display-component---NewYard--addressDetailDetailsLanguage-inner\"]"}
COMMAND: POST /session/86cef292dcf99a21db7bb59b41f5200f/element/f.D07DA9D7691935B74F99E9A1B60A37E7.d.870D34960FF7ECB5AB5F52822D5593E4.e.2165/clear - {}
RESULT: {}
RESULT: {}
COMMAND: POST /session/86cef292dcf99a21db7bb59b41f5200f/element/f.D07DA9D7691935B74F99E9A1B60A37E7.d.870D34960FF7ECB5AB5F52822D5593E4.e.2165/value - {"text":"Romanian"}
RESULT: {"text":"Romanian"}
COMMAND: GET /session/86cef292dcf99a21db7bb59b41f5200f/screenshot - {}
COMMAND: GET /session/86cef292dcf99a21db7bb59b41f5200f/screenshot - {}
RESULT: {}
RESULT: {}
COMMAND: POST /session/86cef292dcf99a21db7bb59b41f5200f/element - {"using":"xpath","value":"//*[@id=\"application-manageyards-display-component---NewYard--addressDetailDetailsCity1-inner\"]"}
RESULT: {"using":"xpath","value":"//*[@id=\"application-manageyards-display-component---NewYard--addressDetailDetailsCity1-inner\"]"}
COMMAND: POST /session/86cef292dcf99a21db7bb59b41f5200f/element/f.D07DA9D7691935B74F99E9A1B60A37E7.d.870D34960FF7ECB5AB5F52822D5593E4.e.2167/clear - {}
RESULT: {}
COMMAND: POST /session/86cef292dcf99a21db7bb59b41f5200f/element/f.D07DA9D7691935B74F99E9A1B60A37E7.d.870D34960FF7ECB5AB5F52822D5593E4.e.2167/value - {"text":"Bucuresti"}
COMMAND: GET /session/86cef292dcf99a21db7bb59b41f5200f/screenshot - {}
RESULT: {"text":"Bucuresti"}
COMMAND: GET /session/86cef292dcf99a21db7bb59b41f5200f/screenshot - {}
RESULT: {}
RESULT: {}
COMMAND: POST /session/86cef292dcf99a21db7bb59b41f5200f/element - {"using":"xpath","value":"//*[@id=\"application-manageyards-display-component---NewYard--addressDetailDetailsCountry-inner\"]"}
RESULT: {"using":"xpath","value":"//*[@id=\"application-manageyards-display-component---NewYard--addressDetailDetailsCountry-inner\"]"}
COMMAND: POST /session/86cef292dcf99a21db7bb59b41f5200f/element/f.D07DA9D7691935B74F99E9A1B60A37E7.d.870D34960FF7ECB5AB5F52822D5593E4.e.2171/clear - {}
RESULT: {}
COMMAND: POST /session/86cef292dcf99a21db7bb59b41f5200f/element/f.D07DA9D7691935B74F99E9A1B60A37E7.d.870D34960FF7ECB5AB5F52822D5593E4.e.2171/value - {"text":"Romania"}
COMMAND: GET /session/86cef292dcf99a21db7bb59b41f5200f/screenshot - {}
RESULT: {"text":"Romania"}
COMMAND: GET /session/86cef292dcf99a21db7bb59b41f5200f/screenshot - {}
RESULT: {}
RESULT: {}
COMMAND: POST /session/86cef292dcf99a21db7bb59b41f5200f/execute/async - {"script":"<script> [1562 bytes]","args":[{"selector":{"controlType":"sap.m.Button","viewName":"etm.portal.ui.manageyards.view.New","viewId":"application-manageyards-display-component---NewYard","properties":{"text":"Commercial"},"interaction":{"idSuffix":"BDI-content"}},"wdio_ui5_key":"etmportal.ui.manageyards.view.Newsap.m.Button{\"text\":\"Commercial\"}"}]}
RESULT: {"script":"<script> [1562 bytes]","args":[{"selector":{"controlType":"sap.m.Button","viewName":"etm.portal.ui.manageyards.view.New","viewId":"application-manageyards-display-component---NewYard","properties":{"text":"Commercial"},"interaction":{"idSuffix":"BDI-content"}},"wdio_ui5_key":"etmportal.ui.manageyards.view.Newsap.m.Button{\"text\":\"Commercial\"}"}]}
RESULT: undefined
COMMAND: POST /session/86cef292dcf99a21db7bb59b41f5200f/element - {"using":"xpath","value":"//*[@id=\"application-manageyards-display-component---NewYard--ObjectPageLayout-anchBar-__section18-anchor\"]"}
RESULT: {"using":"xpath","value":"//*[@id=\"application-manageyards-display-component---NewYard--ObjectPageLayout-anchBar-__section18-anchor\"]"}
COMMAND: POST /session/86cef292dcf99a21db7bb59b41f5200f/element/f.D07DA9D7691935B74F99E9A1B60A37E7.d.870D34960FF7ECB5AB5F52822D5593E4.e.2316/click - {}
RESULT: {}
COMMAND: GET /session/86cef292dcf99a21db7bb59b41f5200f/screenshot - {}
RESULT: {}
COMMAND: POST /session/86cef292dcf99a21db7bb59b41f5200f/element - {"using":"xpath","value":"//input[@id='application-manageyards-display-component---NewYard--addressEditDetailsCostObjectCstType-inner']"}
RESULT: {"using":"xpath","value":"//input[@id='application-manageyards-display-component---NewYard--addressEditDetailsCostObjectCstType-inner']"}
COMMAND: POST /session/86cef292dcf99a21db7bb59b41f5200f/execute/sync - {"script":"<script> [8489 bytes]","args":[{"element-6066-11e4-a52e-4f735466cecf":"f.D07DA9D7691935B74F99E9A1B60A37E7.d.870D34960FF7ECB5AB5F52822D5593E4.e.2177","ELEMENT":"f.D07DA9D7691935B74F99E9A1B60A37E7.d.870D34960FF7ECB5AB5F52822D5593E4.e.2177"}]}
RESULT: {"script":"<script> [8489 bytes]","args":[{"element-6066-11e4-a52e-4f735466cecf":"f.D07DA9D7691935B74F99E9A1B60A37E7.d.870D34960FF7ECB5AB5F52822D5593E4.e.2177","ELEMENT":"f.D07DA9D7691935B74F99E9A1B60A37E7.d.870D34960FF7ECB5AB5F52822D5593E4.e.2177"}]}
COMMAND: POST /session/86cef292dcf99a21db7bb59b41f5200f/element/f.D07DA9D7691935B74F99E9A1B60A37E7.d.870D34960FF7ECB5AB5F52822D5593E4.e.2177/clear - {}
COMMAND: GET /session/86cef292dcf99a21db7bb59b41f5200f/screenshot - {}
RESULT: {}
COMMAND: POST /session/86cef292dcf99a21db7bb59b41f5200f/element/f.D07DA9D7691935B74F99E9A1B60A37E7.d.870D34960FF7ECB5AB5F52822D5593E4.e.2177/value - {"text":"Cost"}
COMMAND: GET /session/86cef292dcf99a21db7bb59b41f5200f/screenshot - {}
RESULT: {}
RESULT: {"text":"Cost"}
COMMAND: GET /session/86cef292dcf99a21db7bb59b41f5200f/screenshot - {}
RESULT: {}
RESULT: {}
COMMAND: POST /session/86cef292dcf99a21db7bb59b41f5200f/execute/async - {"script":"<script> [1562 bytes]","args":[{"selector":{"id":"application-manageyards-display-component---NewYard--addressNewCostObjectCstID","interaction":{"idSuffix":"inner"}},"wdio_ui5_key":"applicationmanageyards-display-component---NewYard--addressNewCostObjectCstID"}]}
RESULT: {"script":"<script> [1562 bytes]","args":[{"selector":{"id":"application-manageyards-display-component---NewYard--addressNewCostObjectCstID","interaction":{"idSuffix":"inner"}},"wdio_ui5_key":"applicationmanageyards-display-component---NewYard--addressNewCostObjectCstID"}]}
RESULT: undefined
COMMAND: POST /session/86cef292dcf99a21db7bb59b41f5200f/execute/async - {"script":"<script> [776 bytes]","args":[{"enterText":"10001013","selector":{"id":"application-manageyards-display-component---NewYard--addressNewCostObjectCstID","interaction":{"idSuffix":"inner"}},"clearTextFirst":true,"interactionType":"ENTER_TEXT"}]}
RESULT: {"script":"<script> [776 bytes]","args":[{"enterText":"10001013","selector":{"id":"application-manageyards-display-component---NewYard--addressNewCostObjectCstID","interaction":{"idSuffix":"inner"}},"clearTextFirst":true,"interactionType":"ENTER_TEXT"}]}
COMMAND: POST /session/86cef292dcf99a21db7bb59b41f5200f/actions - {"actions":[{"id":"action4","type":"key","parameters":{},"actions":[{"type":"keyDown","value":"î€‡"},{"type":"pause","duration":10},{"type":"keyUp","value":"î€‡"}]}]}
RESULT: {"actions":[{"id":"action4","type":"key","parameters":{},"actions":[{"type":"keyDown","value":"î€‡"},{"type":"pause","duration":10},{"type":"keyUp","value":"î€‡"}]}]}
COMMAND: POST /session/86cef292dcf99a21db7bb59b41f5200f/execute/async - {"script":"<script> [1562 bytes]","args":[{"selector":{"id":"application-manageyards-display-component---NewYard--addressEditDetailsCurrency","interaction":{"idSuffix":"inner"}},"wdio_ui5_key":"applicationmanageyards-display-component---NewYard--addressEditDetailsCurrency"}]}
COMMAND: GET /session/86cef292dcf99a21db7bb59b41f5200f/screenshot - {}
RESULT: {"script":"<script> [1562 bytes]","args":[{"selector":{"id":"application-manageyards-display-component---NewYard--addressEditDetailsCurrency","interaction":{"idSuffix":"inner"}},"wdio_ui5_key":"applicationmanageyards-display-component---NewYard--addressEditDetailsCurrency"}]}
RESULT: undefined
COMMAND: POST /session/86cef292dcf99a21db7bb59b41f5200f/execute/async - {"script":"<script> [776 bytes]","args":[{"enterText":"Euro","selector":{"id":"application-manageyards-display-component---NewYard--addressEditDetailsCurrency","interaction":{"idSuffix":"inner"}},"clearTextFirst":true,"interactionType":"ENTER_TEXT"}]}
RESULT: {}
RESULT: {"script":"<script> [776 bytes]","args":[{"enterText":"Euro","selector":{"id":"application-manageyards-display-component---NewYard--addressEditDetailsCurrency","interaction":{"idSuffix":"inner"}},"clearTextFirst":true,"interactionType":"ENTER_TEXT"}]}
COMMAND: POST /session/86cef292dcf99a21db7bb59b41f5200f/execute/async - {"script":"<script> [1562 bytes]","args":[{"selector":{"controlType":"sap.m.Input","viewName":"etm.portal.ui.manageyards.view.New","viewId":"application-manageyards-display-component---NewYard","bindingPath":{"path":"","propertyPath":"/CONTROLLING_AREA","modelName":"NewYardModel"},"interaction":{"idSuffix":"inner"}},"wdio_ui5_key":"etmportal.ui.manageyards.view.Newsap.m.Input{\"path\":\"\",\"propertyPath\":\"/CONTROLLING_AREA\",\"modelName\":\"NewYardModel\"}"}]}
RESULT: {"script":"<script> [1562 bytes]","args":[{"selector":{"controlType":"sap.m.Input","viewName":"etm.portal.ui.manageyards.view.New","viewId":"application-manageyards-display-component---NewYard","bindingPath":{"path":"","propertyPath":"/CONTROLLING_AREA","modelName":"NewYardModel"},"interaction":{"idSuffix":"inner"}},"wdio_ui5_key":"etmportal.ui.manageyards.view.Newsap.m.Input{\"path\":\"\",\"propertyPath\":\"/CONTROLLING_AREA\",\"modelName\":\"NewYardModel\"}"}]}
RESULT: undefined
COMMAND: POST /session/86cef292dcf99a21db7bb59b41f5200f/execute/async - {"script":"<script> [776 bytes]","args":[{"enterText":"Z001","selector":{"controlType":"sap.m.Input","viewName":"etm.portal.ui.manageyards.view.New","viewId":"application-manageyards-display-component---NewYard","bindingPath":{"path":"","propertyPath":"/CONTROLLING_AREA","modelName":"NewYardModel"},"interaction":{"idSuffix":"inner"}},"clearTextFirst":true,"interactionType":"ENTER_TEXT"}]}
RESULT: {"script":"<script> [776 bytes]","args":[{"enterText":"Z001","selector":{"controlType":"sap.m.Input","viewName":"etm.portal.ui.manageyards.view.New","viewId":"application-manageyards-display-component---NewYard","bindingPath":{"path":"","propertyPath":"/CONTROLLING_AREA","modelName":"NewYardModel"},"interaction":{"idSuffix":"inner"}},"clearTextFirst":true,"interactionType":"ENTER_TEXT"}]}
COMMAND: POST /session/86cef292dcf99a21db7bb59b41f5200f/execute/async - {"script":"<script> [1562 bytes]","args":[{"selector":{"id":"application-manageyards-display-component---NewYard--companyCodeComboBox","interaction":{"idSuffix":"inner"}},"wdio_ui5_key":"applicationmanageyards-display-component---NewYard--companyCodeComboBox"}]}
RESULT: {"script":"<script> [1562 bytes]","args":[{"selector":{"id":"application-manageyards-display-component---NewYard--companyCodeComboBox","interaction":{"idSuffix":"inner"}},"wdio_ui5_key":"applicationmanageyards-display-component---NewYard--companyCodeComboBox"}]}
RESULT: undefined
COMMAND: POST /session/86cef292dcf99a21db7bb59b41f5200f/execute/async - {"script":"<script> [776 bytes]","args":[{"enterText":"1000","selector":{"id":"application-manageyards-display-component---NewYard--companyCodeComboBox","interaction":{"idSuffix":"inner"}},"clearTextFirst":true,"interactionType":"ENTER_TEXT"}]}
RESULT: {"script":"<script> [776 bytes]","args":[{"enterText":"1000","selector":{"id":"application-manageyards-display-component---NewYard--companyCodeComboBox","interaction":{"idSuffix":"inner"}},"clearTextFirst":true,"interactionType":"ENTER_TEXT"}]}
COMMAND: POST /session/86cef292dcf99a21db7bb59b41f5200f/actions - {"actions":[{"id":"action5","type":"key","parameters":{},"actions":[{"type":"keyDown","value":"î€‡"},{"type":"pause","duration":10},{"type":"keyUp","value":"î€‡"}]}]}
RESULT: {"actions":[{"id":"action5","type":"key","parameters":{},"actions":[{"type":"keyDown","value":"î€‡"},{"type":"pause","duration":10},{"type":"keyUp","value":"î€‡"}]}]}
COMMAND: POST /session/86cef292dcf99a21db7bb59b41f5200f/execute/async - {"script":"<script> [1562 bytes]","args":[{"selector":{"controlType":"sap.m.Input","viewName":"etm.portal.ui.manageyards.view.New","viewId":"application-manageyards-display-component---NewYard","bindingPath":{"path":"","propertyPath":"/PLANT","modelName":"NewYardModel"},"interaction":{"idSuffix":"inner"}},"wdio_ui5_key":"etmportal.ui.manageyards.view.Newsap.m.Input{\"path\":\"\",\"propertyPath\":\"/PLANT\",\"modelName\":\"NewYardModel\"}"}]}
COMMAND: GET /session/86cef292dcf99a21db7bb59b41f5200f/screenshot - {}
RESULT: {"script":"<script> [1562 bytes]","args":[{"selector":{"controlType":"sap.m.Input","viewName":"etm.portal.ui.manageyards.view.New","viewId":"application-manageyards-display-component---NewYard","bindingPath":{"path":"","propertyPath":"/PLANT","modelName":"NewYardModel"},"interaction":{"idSuffix":"inner"}},"wdio_ui5_key":"etmportal.ui.manageyards.view.Newsap.m.Input{\"path\":\"\",\"propertyPath\":\"/PLANT\",\"modelName\":\"NewYardModel\"}"}]}
RESULT: undefined
COMMAND: POST /session/86cef292dcf99a21db7bb59b41f5200f/execute/async - {"script":"<script> [776 bytes]","args":[{"enterText":"1001","selector":{"controlType":"sap.m.Input","viewName":"etm.portal.ui.manageyards.view.New","viewId":"application-manageyards-display-component---NewYard","bindingPath":{"path":"","propertyPath":"/PLANT","modelName":"NewYardModel"},"interaction":{"idSuffix":"inner"}},"clearTextFirst":true,"interactionType":"ENTER_TEXT"}]}
RESULT: {}
RESULT: {"script":"<script> [776 bytes]","args":[{"enterText":"1001","selector":{"controlType":"sap.m.Input","viewName":"etm.portal.ui.manageyards.view.New","viewId":"application-manageyards-display-component---NewYard","bindingPath":{"path":"","propertyPath":"/PLANT","modelName":"NewYardModel"},"interaction":{"idSuffix":"inner"}},"clearTextFirst":true,"interactionType":"ENTER_TEXT"}]}
COMMAND: POST /session/86cef292dcf99a21db7bb59b41f5200f/execute/async - {"script":"<script> [1562 bytes]","args":[{"selector":{"controlType":"sap.m.Input","viewName":"etm.portal.ui.manageyards.view.New","viewId":"application-manageyards-display-component---NewYard","bindingPath":{"path":"","propertyPath":"/SALES_AREA_VKORG","modelName":"NewYardModel"},"interaction":{"idSuffix":"inner"}},"wdio_ui5_key":"etmportal.ui.manageyards.view.Newsap.m.Input{\"path\":\"\",\"propertyPath\":\"/SALES_AREA_VKORG\",\"modelName\":\"NewYardModel\"}"}]}
RESULT: {"script":"<script> [1562 bytes]","args":[{"selector":{"controlType":"sap.m.Input","viewName":"etm.portal.ui.manageyards.view.New","viewId":"application-manageyards-display-component---NewYard","bindingPath":{"path":"","propertyPath":"/SALES_AREA_VKORG","modelName":"NewYardModel"},"interaction":{"idSuffix":"inner"}},"wdio_ui5_key":"etmportal.ui.manageyards.view.Newsap.m.Input{\"path\":\"\",\"propertyPath\":\"/SALES_AREA_VKORG\",\"modelName\":\"NewYardModel\"}"}]}
RESULT: undefined
COMMAND: POST /session/86cef292dcf99a21db7bb59b41f5200f/execute/async - {"script":"<script> [776 bytes]","args":[{"enterText":"C002","selector":{"controlType":"sap.m.Input","viewName":"etm.portal.ui.manageyards.view.New","viewId":"application-manageyards-display-component---NewYard","bindingPath":{"path":"","propertyPath":"/SALES_AREA_VKORG","modelName":"NewYardModel"},"interaction":{"idSuffix":"inner"}},"clearTextFirst":true,"interactionType":"ENTER_TEXT"}]}
RESULT: {"script":"<script> [776 bytes]","args":[{"enterText":"C002","selector":{"controlType":"sap.m.Input","viewName":"etm.portal.ui.manageyards.view.New","viewId":"application-manageyards-display-component---NewYard","bindingPath":{"path":"","propertyPath":"/SALES_AREA_VKORG","modelName":"NewYardModel"},"interaction":{"idSuffix":"inner"}},"clearTextFirst":true,"interactionType":"ENTER_TEXT"}]}
COMMAND: POST /session/86cef292dcf99a21db7bb59b41f5200f/execute/async - {"script":"<script> [1562 bytes]","args":[{"selector":{"controlType":"sap.m.Input","viewName":"etm.portal.ui.manageyards.view.New","viewId":"application-manageyards-display-component---NewYard","bindingPath":{"path":"","propertyPath":"/SALES_AREA_VTWEG","modelName":"NewYardModel"},"interaction":{"idSuffix":"inner"}},"wdio_ui5_key":"etmportal.ui.manageyards.view.Newsap.m.Input{\"path\":\"\",\"propertyPath\":\"/SALES_AREA_VTWEG\",\"modelName\":\"NewYardModel\"}"}]}
RESULT: {"script":"<script> [1562 bytes]","args":[{"selector":{"controlType":"sap.m.Input","viewName":"etm.portal.ui.manageyards.view.New","viewId":"application-manageyards-display-component---NewYard","bindingPath":{"path":"","propertyPath":"/SALES_AREA_VTWEG","modelName":"NewYardModel"},"interaction":{"idSuffix":"inner"}},"wdio_ui5_key":"etmportal.ui.manageyards.view.Newsap.m.Input{\"path\":\"\",\"propertyPath\":\"/SALES_AREA_VTWEG\",\"modelName\":\"NewYardModel\"}"}]}
RESULT: undefined
COMMAND: POST /session/86cef292dcf99a21db7bb59b41f5200f/execute/async - {"script":"<script> [776 bytes]","args":[{"enterText":"C2","selector":{"controlType":"sap.m.Input","viewName":"etm.portal.ui.manageyards.view.New","viewId":"application-manageyards-display-component---NewYard","bindingPath":{"path":"","propertyPath":"/SALES_AREA_VTWEG","modelName":"NewYardModel"},"interaction":{"idSuffix":"inner"}},"clearTextFirst":true,"interactionType":"ENTER_TEXT"}]}
RESULT: {"script":"<script> [776 bytes]","args":[{"enterText":"C2","selector":{"controlType":"sap.m.Input","viewName":"etm.portal.ui.manageyards.view.New","viewId":"application-manageyards-display-component---NewYard","bindingPath":{"path":"","propertyPath":"/SALES_AREA_VTWEG","modelName":"NewYardModel"},"interaction":{"idSuffix":"inner"}},"clearTextFirst":true,"interactionType":"ENTER_TEXT"}]}
COMMAND: POST /session/86cef292dcf99a21db7bb59b41f5200f/execute/async - {"script":"<script> [1562 bytes]","args":[{"selector":{"controlType":"sap.m.Input","viewName":"etm.portal.ui.manageyards.view.New","viewId":"application-manageyards-display-component---NewYard","bindingPath":{"path":"","propertyPath":"/SALES_AREA_SPART","modelName":"NewYardModel"},"interaction":{"idSuffix":"inner"}},"wdio_ui5_key":"etmportal.ui.manageyards.view.Newsap.m.Input{\"path\":\"\",\"propertyPath\":\"/SALES_AREA_SPART\",\"modelName\":\"NewYardModel\"}"}]}
RESULT: {"script":"<script> [1562 bytes]","args":[{"selector":{"controlType":"sap.m.Input","viewName":"etm.portal.ui.manageyards.view.New","viewId":"application-manageyards-display-component---NewYard","bindingPath":{"path":"","propertyPath":"/SALES_AREA_SPART","modelName":"NewYardModel"},"interaction":{"idSuffix":"inner"}},"wdio_ui5_key":"etmportal.ui.manageyards.view.Newsap.m.Input{\"path\":\"\",\"propertyPath\":\"/SALES_AREA_SPART\",\"modelName\":\"NewYardModel\"}"}]}
RESULT: undefined
COMMAND: POST /session/86cef292dcf99a21db7bb59b41f5200f/execute/async - {"script":"<script> [776 bytes]","args":[{"enterText":"C2","selector":{"controlType":"sap.m.Input","viewName":"etm.portal.ui.manageyards.view.New","viewId":"application-manageyards-display-component---NewYard","bindingPath":{"path":"","propertyPath":"/SALES_AREA_SPART","modelName":"NewYardModel"},"interaction":{"idSuffix":"inner"}},"clearTextFirst":true,"interactionType":"ENTER_TEXT"}]}
RESULT: {"script":"<script> [776 bytes]","args":[{"enterText":"C2","selector":{"controlType":"sap.m.Input","viewName":"etm.portal.ui.manageyards.view.New","viewId":"application-manageyards-display-component---NewYard","bindingPath":{"path":"","propertyPath":"/SALES_AREA_SPART","modelName":"NewYardModel"},"interaction":{"idSuffix":"inner"}},"clearTextFirst":true,"interactionType":"ENTER_TEXT"}]}
COMMAND: POST /session/86cef292dcf99a21db7bb59b41f5200f/execute/async - {"script":"<script> [1562 bytes]","args":[{"selector":{"id":"application-manageyards-display-component---NewYard--whmCheckBox","interaction":{"idSuffix":"CbBg"}},"wdio_ui5_key":"applicationmanageyards-display-component---NewYard--whmCheckBox"}]}
RESULT: {"script":"<script> [1562 bytes]","args":[{"selector":{"id":"application-manageyards-display-component---NewYard--whmCheckBox","interaction":{"idSuffix":"CbBg"}},"wdio_ui5_key":"applicationmanageyards-display-component---NewYard--whmCheckBox"}]}
RESULT: undefined
COMMAND: POST /session/86cef292dcf99a21db7bb59b41f5200f/element - {"using":"xpath","value":"//*[@id=\"application-manageyards-display-component---NewYard--whmCheckBox\"]"}
RESULT: {"using":"xpath","value":"//*[@id=\"application-manageyards-display-component---NewYard--whmCheckBox\"]"}
COMMAND: POST /session/86cef292dcf99a21db7bb59b41f5200f/element/f.D07DA9D7691935B74F99E9A1B60A37E7.d.870D34960FF7ECB5AB5F52822D5593E4.e.2347/click - {}
RESULT: {}
COMMAND: POST /session/86cef292dcf99a21db7bb59b41f5200f/execute/async - {"script":"<script> [1562 bytes]","args":[{"selector":{"controlType":"sap.m.Button","viewName":"etm.portal.ui.manageyards.view.New","viewId":"application-manageyards-display-component---NewYard","i18NText":{"propertyName":"text","key":"save"},"interaction":{"idSuffix":"inner"}},"wdio_ui5_key":"etmportal.ui.manageyards.view.Newsap.m.Button{\"propertyName\":\"text\",\"key\":\"save\"}"}]}
COMMAND: GET /session/86cef292dcf99a21db7bb59b41f5200f/screenshot - {}
RESULT: {"script":"<script> [1562 bytes]","args":[{"selector":{"controlType":"sap.m.Button","viewName":"etm.portal.ui.manageyards.view.New","viewId":"application-manageyards-display-component---NewYard","i18NText":{"propertyName":"text","key":"save"},"interaction":{"idSuffix":"inner"}},"wdio_ui5_key":"etmportal.ui.manageyards.view.Newsap.m.Button{\"propertyName\":\"text\",\"key\":\"save\"}"}]}
RESULT: undefined
COMMAND: POST /session/86cef292dcf99a21db7bb59b41f5200f/element - {"using":"xpath","value":"//*[@id=\"__button43\"]"}
RESULT: {}
RESULT: {"using":"xpath","value":"//*[@id=\"__button43\"]"}
COMMAND: POST /session/86cef292dcf99a21db7bb59b41f5200f/element/f.D07DA9D7691935B74F99E9A1B60A37E7.d.870D34960FF7ECB5AB5F52822D5593E4.e.2302/click - {}
RESULT: {}
COMMAND: GET /session/86cef292dcf99a21db7bb59b41f5200f/screenshot - {}
RESULT: {}
COMMAND: POST /session/86cef292dcf99a21db7bb59b41f5200f/element - {"using":"xpath","value":"//header/div/div/div/div/div/div[2]/div/span"}
RESULT: {"using":"xpath","value":"//header/div/div/div/div/div/div[2]/div/span"}
COMMAND: GET /session/86cef292dcf99a21db7bb59b41f5200f/element/f.D07DA9D7691935B74F99E9A1B60A37E7.d.870D34960FF7ECB5AB5F52822D5593E4.e.2497/text - {}
RESULT: {}
COMMAND: POST /session/86cef292dcf99a21db7bb59b41f5200f/element - {"using":"xpath","value":"//header/div/div[2]/div[2]/span"}
RESULT: {"using":"xpath","value":"//header/div/div[2]/div[2]/span"}
COMMAND: GET /session/86cef292dcf99a21db7bb59b41f5200f/element/f.D07DA9D7691935B74F99E9A1B60A37E7.d.870D34960FF7ECB5AB5F52822D5593E4.e.2498/text - {}
RESULT: {}
COMMAND: POST /session/86cef292dcf99a21db7bb59b41f5200f/element - {"using":"css selector","value":"#j_username"}
COMMAND: POST /session/86cef292dcf99a21db7bb59b41f5200f/url - {"url":"https://qa-testing-00-live-etm-ui.cfapps.eu10-004.hana.ondemand.com/"}
RESULT: {"using":"css selector","value":"#j_username"}
COMMAND: POST /session/86cef292dcf99a21db7bb59b41f5200f/element - {"using":"css selector","value":"#j_username"}
RESULT: {"url":"https://qa-testing-00-live-etm-ui.cfapps.eu10-004.hana.ondemand.com/"}
RESULT: undefined
COMMAND: GET /session/86cef292dcf99a21db7bb59b41f5200f/screenshot - {}
RESULT: {"using":"css selector","value":"#j_username"}
COMMAND: POST /session/86cef292dcf99a21db7bb59b41f5200f/element - {"using":"css selector","value":"#shell-header-logo"}
RESULT: {}
RESULT: {"using":"css selector","value":"#shell-header-logo"}
COMMAND: POST /session/86cef292dcf99a21db7bb59b41f5200f/execute/sync - {"script":"<script> [8489 bytes]","args":[{"element-6066-11e4-a52e-4f735466cecf":"f.D07DA9D7691935B74F99E9A1B60A37E7.d.B08173F2A98C7E06BCFBE171D4769EB5.e.2504","ELEMENT":"f.D07DA9D7691935B74F99E9A1B60A37E7.d.B08173F2A98C7E06BCFBE171D4769EB5.e.2504"}]}
RESULT: {"script":"<script> [8489 bytes]","args":[{"element-6066-11e4-a52e-4f735466cecf":"f.D07DA9D7691935B74F99E9A1B60A37E7.d.B08173F2A98C7E06BCFBE171D4769EB5.e.2504","ELEMENT":"f.D07DA9D7691935B74F99E9A1B60A37E7.d.B08173F2A98C7E06BCFBE171D4769EB5.e.2504"}]}
COMMAND: POST /session/86cef292dcf99a21db7bb59b41f5200f/element - {"using":"css selector","value":"#shell-header-logo"}
COMMAND: GET /session/86cef292dcf99a21db7bb59b41f5200f/screenshot - {}
RESULT: {"using":"css selector","value":"#shell-header-logo"}
COMMAND: POST /session/86cef292dcf99a21db7bb59b41f5200f/execute/sync - {"script":"<script> [8489 bytes]","args":[{"element-6066-11e4-a52e-4f735466cecf":"f.D07DA9D7691935B74F99E9A1B60A37E7.d.B08173F2A98C7E06BCFBE171D4769EB5.e.2504","ELEMENT":"f.D07DA9D7691935B74F99E9A1B60A37E7.d.B08173F2A98C7E06BCFBE171D4769EB5.e.2504"}]}
RESULT: {}
RESULT: {"script":"<script> [8489 bytes]","args":[{"element-6066-11e4-a52e-4f735466cecf":"f.D07DA9D7691935B74F99E9A1B60A37E7.d.B08173F2A98C7E06BCFBE171D4769EB5.e.2504","ELEMENT":"f.D07DA9D7691935B74F99E9A1B60A37E7.d.B08173F2A98C7E06BCFBE171D4769EB5.e.2504"}]}
COMMAND: POST /session/86cef292dcf99a21db7bb59b41f5200f/execute/sync - {"script":"<script> [5351 bytes]","args":[{"element-6066-11e4-a52e-4f735466cecf":"f.D07DA9D7691935B74F99E9A1B60A37E7.d.B08173F2A98C7E06BCFBE171D4769EB5.e.2504","ELEMENT":"f.D07DA9D7691935B74F99E9A1B60A37E7.d.B08173F2A98C7E06BCFBE171D4769EB5.e.2504"}]}
COMMAND: GET /session/86cef292dcf99a21db7bb59b41f5200f/screenshot - {}
RESULT: {"script":"<script> [5351 bytes]","args":[{"element-6066-11e4-a52e-4f735466cecf":"f.D07DA9D7691935B74F99E9A1B60A37E7.d.B08173F2A98C7E06BCFBE171D4769EB5.e.2504","ELEMENT":"f.D07DA9D7691935B74F99E9A1B60A37E7.d.B08173F2A98C7E06BCFBE171D4769EB5.e.2504"}]}
COMMAND: POST /session/86cef292dcf99a21db7bb59b41f5200f/element - {"using":"css selector","value":"#shell-header-logo"}
COMMAND: GET /session/86cef292dcf99a21db7bb59b41f5200f/screenshot - {}
RESULT: {}
RESULT: {"using":"css selector","value":"#shell-header-logo"}
COMMAND: POST /session/86cef292dcf99a21db7bb59b41f5200f/element/f.D07DA9D7691935B74F99E9A1B60A37E7.d.B08173F2A98C7E06BCFBE171D4769EB5.e.2504/click - {}
RESULT: {}
RESULT: {}
COMMAND: GET /session/86cef292dcf99a21db7bb59b41f5200f/screenshot - {}
RESULT: {}
COMMAND: POST /session/86cef292dcf99a21db7bb59b41f5200f/execute/async - {"script":"<script> [189 bytes]","args":[]}
RESULT: {"script":"<script> [189 bytes]","args":[]}
COMMAND: POST /session/86cef292dcf99a21db7bb59b41f5200f/execute/async - {"script":"<script> [123 bytes]","args":[]}
RESULT: {"script":"<script> [123 bytes]","args":[]}
COMMAND: POST /session/86cef292dcf99a21db7bb59b41f5200f/timeouts - {"script":"<number>"}
RESULT: {"script":"<number>"}
COMMAND: GET /session/86cef292dcf99a21db7bb59b41f5200f/timeouts - {}
RESULT: {}
RESULT: undefined
COMMAND: POST /session/86cef292dcf99a21db7bb59b41f5200f/execute/async - {"script":"<script> [2676 bytes]","args":[]}
RESULT: {"script":"<script> [2676 bytes]","args":[]}
COMMAND: POST /session/86cef292dcf99a21db7bb59b41f5200f/execute/async - {"script":"<script> [2342 bytes]","args":[{"protocol":"http","hostname":"0.0.0.0","path":"/","capabilities":{"browserName":"chrome","goog:chromeOptions":{"binary":"C:\\Program Files\\Google\\Chrome\\Application\\chrome.exe","args":["--start-maximized"]}},"logLevel":"warn","connectionRetryTimeout":120000,"connectionRetryCount":3,"logLevels":{},"enableDirectConnect":true,"strictSSL":true,"_":"65 more keys: [\"cacheDir\",\"port\",\"requestedCapabilities\",\"automationProtocol\",\"baseUrl\",\"waitforInterval\",\"waitforTimeout\",\"onReload\",\"beforeCommand\",\"afterCommand\",\"rootDir\",\"specs\",\"suites\",\"exclude\",\"groupLogsByTestSpec\",\"excludeDriverLogs\",\"bail\",\"framework\",\"reporters\",\"services\",\"maxInstances\",\"maxInstancesPerCapability\",\"injectGlobals\",\"filesToWatch\",\"execArgv\",\"runnerEnv\",\"runner\",\"shard\",\"specFileRetries\",\"specFileRetriesDelay\",\"specFileRetriesDeferred\",\"reporterSyncInterval\",\"reporterSyncTimeout\",\"cucumberFeaturesWithLineNumbers\",\"autoCompileOpts\",\"mochaOpts\",\"jasmineOpts\",\"cucumberOpts\",\"onPrepare\",\"onWorkerStart\",\"onWorkerEnd\",\"before\",\"beforeSession\",\"beforeSuite\",\"beforeHook\",\"beforeTest\",\"afterTest\",\"afterHook\",\"afterSuite\",\"afterSession\",\"after\",\"onComplete\",\"beforeAssertion\",\"afterAssertion\",\"beforeFeature\",\"beforeScenario\",\"beforeStep\",\"afterStep\",\"afterScenario\",\"afterFeature\",\"_\",\"suite\",\"$0\",\"ignoredWorkerServices\",\"wdi5\"]"}]}
RESULT: {"script":"<script> [2342 bytes]","args":[{"protocol":"http","hostname":"0.0.0.0","path":"/","capabilities":{"browserName":"chrome","goog:chromeOptions":{"binary":"C:\\Program Files\\Google\\Chrome\\Application\\chrome.exe","args":["--start-maximized"]}},"logLevel":"warn","connectionRetryTimeout":120000,"connectionRetryCount":3,"logLevels":{},"enableDirectConnect":true,"strictSSL":true,"_":"65 more keys: [\"cacheDir\",\"port\",\"requestedCapabilities\",\"automationProtocol\",\"baseUrl\",\"waitforInterval\",\"waitforTimeout\",\"onReload\",\"beforeCommand\",\"afterCommand\",\"rootDir\",\"specs\",\"suites\",\"exclude\",\"groupLogsByTestSpec\",\"excludeDriverLogs\",\"bail\",\"framework\",\"reporters\",\"services\",\"maxInstances\",\"maxInstancesPerCapability\",\"injectGlobals\",\"filesToWatch\",\"execArgv\",\"runnerEnv\",\"runner\",\"shard\",\"specFileRetries\",\"specFileRetriesDelay\",\"specFileRetriesDeferred\",\"reporterSyncInterval\",\"reporterSyncTimeout\",\"cucumberFeaturesWithLineNumbers\",\"autoCompileOpts\",\"mochaOpts\",\"jasmineOpts\",\"cucumberOpts\",\"onPrepare\",\"onWorkerStart\",\"onWorkerEnd\",\"before\",\"beforeSession\",\"beforeSuite\",\"beforeHook\",\"beforeTest\",\"afterTest\",\"afterHook\",\"afterSuite\",\"afterSession\",\"after\",\"onComplete\",\"beforeAssertion\",\"afterAssertion\",\"beforeFeature\",\"beforeScenario\",\"beforeStep\",\"afterStep\",\"afterScenario\",\"afterFeature\",\"_\",\"suite\",\"$0\",\"ignoredWorkerServices\",\"wdi5\"]"}]}
COMMAND: POST /session/86cef292dcf99a21db7bb59b41f5200f/execute/async - {"script":"<script> [21126 bytes]","args":[35000]}
RESULT: {"script":"<script> [21126 bytes]","args":[35000]}
COMMAND: POST /session/86cef292dcf99a21db7bb59b41f5200f/window/maximize - {}
RESULT: {}
COMMAND: POST /session/86cef292dcf99a21db7bb59b41f5200f/execute/async - {"script":"<script> [1562 bytes]","args":[{"selector":{"id":"shell-header","interaction":{"idSuffix":"icon"}},"wdio_ui5_key":"shellheader"}]}
COMMAND: GET /session/86cef292dcf99a21db7bb59b41f5200f/screenshot - {}
RESULT: {"script":"<script> [1562 bytes]","args":[{"selector":{"id":"shell-header","interaction":{"idSuffix":"icon"}},"wdio_ui5_key":"shellheader"}]}
RESULT: undefined
COMMAND: POST /session/86cef292dcf99a21db7bb59b41f5200f/refresh - {}
RESULT: {}
RESULT: {}
COMMAND: GET /session/86cef292dcf99a21db7bb59b41f5200f/screenshot - {}
RESULT: {}
COMMAND: POST /session/86cef292dcf99a21db7bb59b41f5200f/refresh - {}
RESULT: {}
COMMAND: GET /session/86cef292dcf99a21db7bb59b41f5200f/screenshot - {}
RESULT: {}
COMMAND: POST /session/86cef292dcf99a21db7bb59b41f5200f/window/fullscreen - {}
RESULT: {}
COMMAND: POST /session/86cef292dcf99a21db7bb59b41f5200f/execute/async - {"script":"<script> [189 bytes]","args":[]}
RESULT: {"script":"<script> [189 bytes]","args":[]}
COMMAND: POST /session/86cef292dcf99a21db7bb59b41f5200f/execute/async - {"script":"<script> [123 bytes]","args":[]}
RESULT: {"script":"<script> [123 bytes]","args":[]}
COMMAND: POST /session/86cef292dcf99a21db7bb59b41f5200f/timeouts - {"script":"<number>"}
RESULT: {"script":"<number>"}
COMMAND: GET /session/86cef292dcf99a21db7bb59b41f5200f/timeouts - {}
RESULT: {}
RESULT: undefined
COMMAND: POST /session/86cef292dcf99a21db7bb59b41f5200f/execute/async - {"script":"<script> [2676 bytes]","args":[]}
RESULT: {"script":"<script> [2676 bytes]","args":[]}
COMMAND: POST /session/86cef292dcf99a21db7bb59b41f5200f/execute/async - {"script":"<script> [2342 bytes]","args":[{"protocol":"http","hostname":"0.0.0.0","path":"/","capabilities":{"browserName":"chrome","goog:chromeOptions":{"binary":"C:\\Program Files\\Google\\Chrome\\Application\\chrome.exe","args":["--start-maximized"]}},"logLevel":"warn","connectionRetryTimeout":120000,"connectionRetryCount":3,"logLevels":{},"enableDirectConnect":true,"strictSSL":true,"_":"65 more keys: [\"cacheDir\",\"port\",\"requestedCapabilities\",\"automationProtocol\",\"baseUrl\",\"waitforInterval\",\"waitforTimeout\",\"onReload\",\"beforeCommand\",\"afterCommand\",\"rootDir\",\"specs\",\"suites\",\"exclude\",\"groupLogsByTestSpec\",\"excludeDriverLogs\",\"bail\",\"framework\",\"reporters\",\"services\",\"maxInstances\",\"maxInstancesPerCapability\",\"injectGlobals\",\"filesToWatch\",\"execArgv\",\"runnerEnv\",\"runner\",\"shard\",\"specFileRetries\",\"specFileRetriesDelay\",\"specFileRetriesDeferred\",\"reporterSyncInterval\",\"reporterSyncTimeout\",\"cucumberFeaturesWithLineNumbers\",\"autoCompileOpts\",\"mochaOpts\",\"jasmineOpts\",\"cucumberOpts\",\"onPrepare\",\"onWorkerStart\",\"onWorkerEnd\",\"before\",\"beforeSession\",\"beforeSuite\",\"beforeHook\",\"beforeTest\",\"afterTest\",\"afterHook\",\"afterSuite\",\"afterSession\",\"after\",\"onComplete\",\"beforeAssertion\",\"afterAssertion\",\"beforeFeature\",\"beforeScenario\",\"beforeStep\",\"afterStep\",\"afterScenario\",\"afterFeature\",\"_\",\"suite\",\"$0\",\"ignoredWorkerServices\",\"wdi5\"]"}]}
RESULT: {"script":"<script> [2342 bytes]","args":[{"protocol":"http","hostname":"0.0.0.0","path":"/","capabilities":{"browserName":"chrome","goog:chromeOptions":{"binary":"C:\\Program Files\\Google\\Chrome\\Application\\chrome.exe","args":["--start-maximized"]}},"logLevel":"warn","connectionRetryTimeout":120000,"connectionRetryCount":3,"logLevels":{},"enableDirectConnect":true,"strictSSL":true,"_":"65 more keys: [\"cacheDir\",\"port\",\"requestedCapabilities\",\"automationProtocol\",\"baseUrl\",\"waitforInterval\",\"waitforTimeout\",\"onReload\",\"beforeCommand\",\"afterCommand\",\"rootDir\",\"specs\",\"suites\",\"exclude\",\"groupLogsByTestSpec\",\"excludeDriverLogs\",\"bail\",\"framework\",\"reporters\",\"services\",\"maxInstances\",\"maxInstancesPerCapability\",\"injectGlobals\",\"filesToWatch\",\"execArgv\",\"runnerEnv\",\"runner\",\"shard\",\"specFileRetries\",\"specFileRetriesDelay\",\"specFileRetriesDeferred\",\"reporterSyncInterval\",\"reporterSyncTimeout\",\"cucumberFeaturesWithLineNumbers\",\"autoCompileOpts\",\"mochaOpts\",\"jasmineOpts\",\"cucumberOpts\",\"onPrepare\",\"onWorkerStart\",\"onWorkerEnd\",\"before\",\"beforeSession\",\"beforeSuite\",\"beforeHook\",\"beforeTest\",\"afterTest\",\"afterHook\",\"afterSuite\",\"afterSession\",\"after\",\"onComplete\",\"beforeAssertion\",\"afterAssertion\",\"beforeFeature\",\"beforeScenario\",\"beforeStep\",\"afterStep\",\"afterScenario\",\"afterFeature\",\"_\",\"suite\",\"$0\",\"ignoredWorkerServices\",\"wdi5\"]"}]}
COMMAND: POST /session/86cef292dcf99a21db7bb59b41f5200f/execute/async - {"script":"<script> [21126 bytes]","args":[35000]}
RESULT: {"script":"<script> [21126 bytes]","args":[35000]}
]]></system-out>
    </testcase>
  </testsuite>
  <testsuite timestamp="2025-04-28T15:23:44" time="197.489" tests="2" failures="0" errors="0" skipped="0">
    <properties>
      <property name="specId" value="0" />
      <property name="suiteName" value="Create partner US118246" />
      <property name="capabilities" value="chrome.135_0_7049_96.windows" />
      <property name="file" value="file:///D:/a/1/s/test/specs/BTS/create-partner.spec.js" />
    </properties>
    <testcase classname="chrome.135_0_7049_96.windows.Create_partner_US118246" name="Should create new external partner" time="83.293">
      <system-out><![CDATA[
COMMAND: POST /session/86cef292dcf99a21db7bb59b41f5200f/window/fullscreen - {}
RESULT: {}
COMMAND: POST /session/86cef292dcf99a21db7bb59b41f5200f/execute/async - {"script":"<script> [1562 bytes]","args":[{"selector":{"controlType":"sap.m.GenericTile","properties":{"header":"Manage Partners"}},"wdio_ui5_key":"sapm.GenericTile{\"header\":\"Manage Partners\"}"}]}
RESULT: {"script":"<script> [1562 bytes]","args":[{"selector":{"controlType":"sap.m.GenericTile","properties":{"header":"Manage Partners"}},"wdio_ui5_key":"sapm.GenericTile{\"header\":\"Manage Partners\"}"}]}
RESULT: undefined
COMMAND: POST /session/86cef292dcf99a21db7bb59b41f5200f/element - {"using":"xpath","value":"//*[@id=\"__tile38\"]"}
RESULT: {"using":"xpath","value":"//*[@id=\"__tile38\"]"}
COMMAND: POST /session/86cef292dcf99a21db7bb59b41f5200f/element/f.D07DA9D7691935B74F99E9A1B60A37E7.d.910903C92E2BFF19D4A68BD2F1C693E1.e.2664/click - {}
RESULT: {}
COMMAND: POST /session/86cef292dcf99a21db7bb59b41f5200f/element - {"using":"xpath","value":"//button[@data-kt=\"addButton\"]"}
COMMAND: GET /session/86cef292dcf99a21db7bb59b41f5200f/screenshot - {}
RESULT: {"using":"xpath","value":"//button[@data-kt=\"addButton\"]"}
COMMAND: POST /session/86cef292dcf99a21db7bb59b41f5200f/elements - {"using":"xpath","value":"//button[@data-kt=\"addButton\"]"}
RESULT: {}
RESULT: {"using":"xpath","value":"//button[@data-kt=\"addButton\"]"}
COMMAND: POST /session/86cef292dcf99a21db7bb59b41f5200f/elements - {"using":"xpath","value":"//button[@data-kt=\"addButton\"]"}
RESULT: {"using":"xpath","value":"//button[@data-kt=\"addButton\"]"}
COMMAND: POST /session/86cef292dcf99a21db7bb59b41f5200f/elements - {"using":"xpath","value":"//button[@data-kt=\"addButton\"]"}
RESULT: {"using":"xpath","value":"//button[@data-kt=\"addButton\"]"}
COMMAND: POST /session/86cef292dcf99a21db7bb59b41f5200f/elements - {"using":"xpath","value":"//button[@data-kt=\"addButton\"]"}
RESULT: {"using":"xpath","value":"//button[@data-kt=\"addButton\"]"}
COMMAND: POST /session/86cef292dcf99a21db7bb59b41f5200f/elements - {"using":"xpath","value":"//button[@data-kt=\"addButton\"]"}
RESULT: {"using":"xpath","value":"//button[@data-kt=\"addButton\"]"}
COMMAND: POST /session/86cef292dcf99a21db7bb59b41f5200f/elements - {"using":"xpath","value":"//button[@data-kt=\"addButton\"]"}
RESULT: {"using":"xpath","value":"//button[@data-kt=\"addButton\"]"}
COMMAND: POST /session/86cef292dcf99a21db7bb59b41f5200f/elements - {"using":"xpath","value":"//button[@data-kt=\"addButton\"]"}
RESULT: {"using":"xpath","value":"//button[@data-kt=\"addButton\"]"}
COMMAND: POST /session/86cef292dcf99a21db7bb59b41f5200f/elements - {"using":"xpath","value":"//button[@data-kt=\"addButton\"]"}
RESULT: {"using":"xpath","value":"//button[@data-kt=\"addButton\"]"}
COMMAND: POST /session/86cef292dcf99a21db7bb59b41f5200f/elements - {"using":"xpath","value":"//button[@data-kt=\"addButton\"]"}
RESULT: {"using":"xpath","value":"//button[@data-kt=\"addButton\"]"}
COMMAND: POST /session/86cef292dcf99a21db7bb59b41f5200f/elements - {"using":"xpath","value":"//button[@data-kt=\"addButton\"]"}
RESULT: {"using":"xpath","value":"//button[@data-kt=\"addButton\"]"}
COMMAND: POST /session/86cef292dcf99a21db7bb59b41f5200f/elements - {"using":"xpath","value":"//button[@data-kt=\"addButton\"]"}
RESULT: {"using":"xpath","value":"//button[@data-kt=\"addButton\"]"}
COMMAND: POST /session/86cef292dcf99a21db7bb59b41f5200f/elements - {"using":"xpath","value":"//button[@data-kt=\"addButton\"]"}
RESULT: {"using":"xpath","value":"//button[@data-kt=\"addButton\"]"}
COMMAND: POST /session/86cef292dcf99a21db7bb59b41f5200f/elements - {"using":"xpath","value":"//button[@data-kt=\"addButton\"]"}
RESULT: {"using":"xpath","value":"//button[@data-kt=\"addButton\"]"}
COMMAND: POST /session/86cef292dcf99a21db7bb59b41f5200f/elements - {"using":"xpath","value":"//button[@data-kt=\"addButton\"]"}
RESULT: {"using":"xpath","value":"//button[@data-kt=\"addButton\"]"}
COMMAND: POST /session/86cef292dcf99a21db7bb59b41f5200f/elements - {"using":"xpath","value":"//button[@data-kt=\"addButton\"]"}
RESULT: {"using":"xpath","value":"//button[@data-kt=\"addButton\"]"}
COMMAND: POST /session/86cef292dcf99a21db7bb59b41f5200f/elements - {"using":"xpath","value":"//button[@data-kt=\"addButton\"]"}
RESULT: {"using":"xpath","value":"//button[@data-kt=\"addButton\"]"}
COMMAND: POST /session/86cef292dcf99a21db7bb59b41f5200f/elements - {"using":"xpath","value":"//button[@data-kt=\"addButton\"]"}
RESULT: {"using":"xpath","value":"//button[@data-kt=\"addButton\"]"}
COMMAND: POST /session/86cef292dcf99a21db7bb59b41f5200f/elements - {"using":"xpath","value":"//button[@data-kt=\"addButton\"]"}
RESULT: {"using":"xpath","value":"//button[@data-kt=\"addButton\"]"}
COMMAND: POST /session/86cef292dcf99a21db7bb59b41f5200f/elements - {"using":"xpath","value":"//button[@data-kt=\"addButton\"]"}
RESULT: {"using":"xpath","value":"//button[@data-kt=\"addButton\"]"}
COMMAND: POST /session/86cef292dcf99a21db7bb59b41f5200f/elements - {"using":"xpath","value":"//button[@data-kt=\"addButton\"]"}
RESULT: {"using":"xpath","value":"//button[@data-kt=\"addButton\"]"}
COMMAND: POST /session/86cef292dcf99a21db7bb59b41f5200f/elements - {"using":"xpath","value":"//button[@data-kt=\"addButton\"]"}
RESULT: {"using":"xpath","value":"//button[@data-kt=\"addButton\"]"}
COMMAND: POST /session/86cef292dcf99a21db7bb59b41f5200f/elements - {"using":"xpath","value":"//button[@data-kt=\"addButton\"]"}
RESULT: {"using":"xpath","value":"//button[@data-kt=\"addButton\"]"}
COMMAND: POST /session/86cef292dcf99a21db7bb59b41f5200f/elements - {"using":"xpath","value":"//button[@data-kt=\"addButton\"]"}
RESULT: {"using":"xpath","value":"//button[@data-kt=\"addButton\"]"}
COMMAND: POST /session/86cef292dcf99a21db7bb59b41f5200f/elements - {"using":"xpath","value":"//button[@data-kt=\"addButton\"]"}
RESULT: {"using":"xpath","value":"//button[@data-kt=\"addButton\"]"}
COMMAND: POST /session/86cef292dcf99a21db7bb59b41f5200f/elements - {"using":"xpath","value":"//button[@data-kt=\"addButton\"]"}
RESULT: {"using":"xpath","value":"//button[@data-kt=\"addButton\"]"}
COMMAND: POST /session/86cef292dcf99a21db7bb59b41f5200f/elements - {"using":"xpath","value":"//button[@data-kt=\"addButton\"]"}
RESULT: {"using":"xpath","value":"//button[@data-kt=\"addButton\"]"}
COMMAND: POST /session/86cef292dcf99a21db7bb59b41f5200f/elements - {"using":"xpath","value":"//button[@data-kt=\"addButton\"]"}
RESULT: {"using":"xpath","value":"//button[@data-kt=\"addButton\"]"}
COMMAND: POST /session/86cef292dcf99a21db7bb59b41f5200f/elements - {"using":"xpath","value":"//button[@data-kt=\"addButton\"]"}
RESULT: {"using":"xpath","value":"//button[@data-kt=\"addButton\"]"}
COMMAND: POST /session/86cef292dcf99a21db7bb59b41f5200f/elements - {"using":"xpath","value":"//button[@data-kt=\"addButton\"]"}
RESULT: {"using":"xpath","value":"//button[@data-kt=\"addButton\"]"}
COMMAND: POST /session/86cef292dcf99a21db7bb59b41f5200f/elements - {"using":"xpath","value":"//button[@data-kt=\"addButton\"]"}
RESULT: {"using":"xpath","value":"//button[@data-kt=\"addButton\"]"}
COMMAND: POST /session/86cef292dcf99a21db7bb59b41f5200f/elements - {"using":"xpath","value":"//button[@data-kt=\"addButton\"]"}
RESULT: {"using":"xpath","value":"//button[@data-kt=\"addButton\"]"}
COMMAND: POST /session/86cef292dcf99a21db7bb59b41f5200f/elements - {"using":"xpath","value":"//button[@data-kt=\"addButton\"]"}
RESULT: {"using":"xpath","value":"//button[@data-kt=\"addButton\"]"}
COMMAND: POST /session/86cef292dcf99a21db7bb59b41f5200f/element - {"using":"xpath","value":"//button[@data-kt=\"addButton\"]"}
RESULT: {"using":"xpath","value":"//button[@data-kt=\"addButton\"]"}
COMMAND: POST /session/86cef292dcf99a21db7bb59b41f5200f/execute/sync - {"script":"<script> [8489 bytes]","args":[{"element-6066-11e4-a52e-4f735466cecf":"f.D07DA9D7691935B74F99E9A1B60A37E7.d.910903C92E2BFF19D4A68BD2F1C693E1.e.2805","ELEMENT":"f.D07DA9D7691935B74F99E9A1B60A37E7.d.910903C92E2BFF19D4A68BD2F1C693E1.e.2805"}]}
RESULT: {"script":"<script> [8489 bytes]","args":[{"element-6066-11e4-a52e-4f735466cecf":"f.D07DA9D7691935B74F99E9A1B60A37E7.d.910903C92E2BFF19D4A68BD2F1C693E1.e.2805","ELEMENT":"f.D07DA9D7691935B74F99E9A1B60A37E7.d.910903C92E2BFF19D4A68BD2F1C693E1.e.2805"}]}
COMMAND: GET /session/86cef292dcf99a21db7bb59b41f5200f/element/f.D07DA9D7691935B74F99E9A1B60A37E7.d.910903C92E2BFF19D4A68BD2F1C693E1.e.2805/enabled - {}
COMMAND: GET /session/86cef292dcf99a21db7bb59b41f5200f/screenshot - {}
RESULT: {}
COMMAND: POST /session/86cef292dcf99a21db7bb59b41f5200f/execute/sync - {"script":"<script> [8489 bytes]","args":[{"element-6066-11e4-a52e-4f735466cecf":"f.D07DA9D7691935B74F99E9A1B60A37E7.d.910903C92E2BFF19D4A68BD2F1C693E1.e.2805","ELEMENT":"f.D07DA9D7691935B74F99E9A1B60A37E7.d.910903C92E2BFF19D4A68BD2F1C693E1.e.2805"}]}
COMMAND: GET /session/86cef292dcf99a21db7bb59b41f5200f/screenshot - {}
RESULT: {}
RESULT: {"script":"<script> [8489 bytes]","args":[{"element-6066-11e4-a52e-4f735466cecf":"f.D07DA9D7691935B74F99E9A1B60A37E7.d.910903C92E2BFF19D4A68BD2F1C693E1.e.2805","ELEMENT":"f.D07DA9D7691935B74F99E9A1B60A37E7.d.910903C92E2BFF19D4A68BD2F1C693E1.e.2805"}]}
COMMAND: POST /session/86cef292dcf99a21db7bb59b41f5200f/execute/sync - {"script":"<script> [5351 bytes]","args":[{"element-6066-11e4-a52e-4f735466cecf":"f.D07DA9D7691935B74F99E9A1B60A37E7.d.910903C92E2BFF19D4A68BD2F1C693E1.e.2805","ELEMENT":"f.D07DA9D7691935B74F99E9A1B60A37E7.d.910903C92E2BFF19D4A68BD2F1C693E1.e.2805"}]}
COMMAND: GET /session/86cef292dcf99a21db7bb59b41f5200f/screenshot - {}
RESULT: {}
RESULT: {"script":"<script> [5351 bytes]","args":[{"element-6066-11e4-a52e-4f735466cecf":"f.D07DA9D7691935B74F99E9A1B60A37E7.d.910903C92E2BFF19D4A68BD2F1C693E1.e.2805","ELEMENT":"f.D07DA9D7691935B74F99E9A1B60A37E7.d.910903C92E2BFF19D4A68BD2F1C693E1.e.2805"}]}
COMMAND: POST /session/86cef292dcf99a21db7bb59b41f5200f/element/f.D07DA9D7691935B74F99E9A1B60A37E7.d.910903C92E2BFF19D4A68BD2F1C693E1.e.2805/click - {}
COMMAND: GET /session/86cef292dcf99a21db7bb59b41f5200f/screenshot - {}
RESULT: {}
RESULT: {}
COMMAND: GET /session/86cef292dcf99a21db7bb59b41f5200f/screenshot - {}
RESULT: {}
COMMAND: POST /session/86cef292dcf99a21db7bb59b41f5200f/execute/async - {"script":"<script> [1562 bytes]","args":[{"selector":{"id":"application-managepartners-display-component---NewPartner--addressDetailDetailsName1","interaction":{"idSuffix":"inner"}},"wdio_ui5_key":"applicationmanagepartners-display-component---NewPartner--addressDetailDetailsName1"}]}
RESULT: {}
RESULT: {"script":"<script> [1562 bytes]","args":[{"selector":{"id":"application-managepartners-display-component---NewPartner--addressDetailDetailsName1","interaction":{"idSuffix":"inner"}},"wdio_ui5_key":"applicationmanagepartners-display-component---NewPartner--addressDetailDetailsName1"}]}
RESULT: undefined
COMMAND: POST /session/86cef292dcf99a21db7bb59b41f5200f/execute/async - {"script":"<script> [776 bytes]","args":[{"enterText":"External Partner WDIO","selector":{"id":"application-managepartners-display-component---NewPartner--addressDetailDetailsName1","interaction":{"idSuffix":"inner"}},"clearTextFirst":true,"interactionType":"ENTER_TEXT"}]}
RESULT: {"script":"<script> [776 bytes]","args":[{"enterText":"External Partner WDIO","selector":{"id":"application-managepartners-display-component---NewPartner--addressDetailDetailsName1","interaction":{"idSuffix":"inner"}},"clearTextFirst":true,"interactionType":"ENTER_TEXT"}]}
COMMAND: POST /session/86cef292dcf99a21db7bb59b41f5200f/execute/async - {"script":"<script> [1562 bytes]","args":[{"selector":{"id":"application-managepartners-display-component---NewPartner--addressDetailDetailsLanguage-arrow"},"wdio_ui5_key":"applicationmanagepartners-display-component---NewPartner--addressDetailDetailsLanguage-arrow"}]}
RESULT: {"script":"<script> [1562 bytes]","args":[{"selector":{"id":"application-managepartners-display-component---NewPartner--addressDetailDetailsLanguage-arrow"},"wdio_ui5_key":"applicationmanagepartners-display-component---NewPartner--addressDetailDetailsLanguage-arrow"}]}
RESULT: undefined
COMMAND: POST /session/86cef292dcf99a21db7bb59b41f5200f/element - {"using":"xpath","value":"//*[@id=\"application-managepartners-display-component---NewPartner--addressDetailDetailsLanguage-arrow\"]"}
RESULT: {"using":"xpath","value":"//*[@id=\"application-managepartners-display-component---NewPartner--addressDetailDetailsLanguage-arrow\"]"}
COMMAND: POST /session/86cef292dcf99a21db7bb59b41f5200f/element/f.D07DA9D7691935B74F99E9A1B60A37E7.d.910903C92E2BFF19D4A68BD2F1C693E1.e.3253/click - {}
RESULT: {}
COMMAND: POST /session/86cef292dcf99a21db7bb59b41f5200f/element - {"using":"xpath","value":"//span[contains(text(), \"English\")]"}
COMMAND: GET /session/86cef292dcf99a21db7bb59b41f5200f/screenshot - {}
RESULT: {"using":"xpath","value":"//span[contains(text(), \"English\")]"}
COMMAND: POST /session/86cef292dcf99a21db7bb59b41f5200f/element/f.D07DA9D7691935B74F99E9A1B60A37E7.d.910903C92E2BFF19D4A68BD2F1C693E1.e.3254/click - {}
RESULT: {}
RESULT: {}
COMMAND: GET /session/86cef292dcf99a21db7bb59b41f5200f/screenshot - {}
RESULT: {}
COMMAND: POST /session/86cef292dcf99a21db7bb59b41f5200f/execute/async - {"script":"<script> [1562 bytes]","args":[{"selector":{"id":"application-managepartners-display-component---NewPartner--addressDetailDetailsCity1","interaction":{"idSuffix":"inner"}},"wdio_ui5_key":"applicationmanagepartners-display-component---NewPartner--addressDetailDetailsCity1"}]}
RESULT: {"script":"<script> [1562 bytes]","args":[{"selector":{"id":"application-managepartners-display-component---NewPartner--addressDetailDetailsCity1","interaction":{"idSuffix":"inner"}},"wdio_ui5_key":"applicationmanagepartners-display-component---NewPartner--addressDetailDetailsCity1"}]}
RESULT: undefined
COMMAND: POST /session/86cef292dcf99a21db7bb59b41f5200f/execute/async - {"script":"<script> [776 bytes]","args":[{"enterText":"Rosario","selector":{"id":"application-managepartners-display-component---NewPartner--addressDetailDetailsCity1","interaction":{"idSuffix":"inner"}},"clearTextFirst":true,"interactionType":"ENTER_TEXT"}]}
RESULT: {"script":"<script> [776 bytes]","args":[{"enterText":"Rosario","selector":{"id":"application-managepartners-display-component---NewPartner--addressDetailDetailsCity1","interaction":{"idSuffix":"inner"}},"clearTextFirst":true,"interactionType":"ENTER_TEXT"}]}
COMMAND: POST /session/86cef292dcf99a21db7bb59b41f5200f/execute/async - {"script":"<script> [1562 bytes]","args":[{"selector":{"id":"application-managepartners-display-component---NewPartner--addressDetailDetailsCountry-arrow"},"wdio_ui5_key":"applicationmanagepartners-display-component---NewPartner--addressDetailDetailsCountry-arrow"}]}
RESULT: {"script":"<script> [1562 bytes]","args":[{"selector":{"id":"application-managepartners-display-component---NewPartner--addressDetailDetailsCountry-arrow"},"wdio_ui5_key":"applicationmanagepartners-display-component---NewPartner--addressDetailDetailsCountry-arrow"}]}
RESULT: undefined
COMMAND: POST /session/86cef292dcf99a21db7bb59b41f5200f/element - {"using":"xpath","value":"//*[@id=\"application-managepartners-display-component---NewPartner--addressDetailDetailsCountry-arrow\"]"}
RESULT: {"using":"xpath","value":"//*[@id=\"application-managepartners-display-component---NewPartner--addressDetailDetailsCountry-arrow\"]"}
COMMAND: POST /session/86cef292dcf99a21db7bb59b41f5200f/element/f.D07DA9D7691935B74F99E9A1B60A37E7.d.910903C92E2BFF19D4A68BD2F1C693E1.e.3239/click - {}
RESULT: {}
COMMAND: POST /session/86cef292dcf99a21db7bb59b41f5200f/element - {"using":"xpath","value":"//span[contains(text(), \"Argentina\")]"}
COMMAND: GET /session/86cef292dcf99a21db7bb59b41f5200f/screenshot - {}
RESULT: {"using":"xpath","value":"//span[contains(text(), \"Argentina\")]"}
COMMAND: POST /session/86cef292dcf99a21db7bb59b41f5200f/element/f.D07DA9D7691935B74F99E9A1B60A37E7.d.910903C92E2BFF19D4A68BD2F1C693E1.e.3256/click - {}
RESULT: {}
RESULT: {}
COMMAND: GET /session/86cef292dcf99a21db7bb59b41f5200f/screenshot - {}
RESULT: {}
COMMAND: POST /session/86cef292dcf99a21db7bb59b41f5200f/element - {"using":"xpath","value":"//bdi[contains(text(), \"Commercial\")]"}
RESULT: {"using":"xpath","value":"//bdi[contains(text(), \"Commercial\")]"}
COMMAND: POST /session/86cef292dcf99a21db7bb59b41f5200f/element/f.D07DA9D7691935B74F99E9A1B60A37E7.d.910903C92E2BFF19D4A68BD2F1C693E1.e.3257/click - {}
RESULT: {}
COMMAND: GET /session/86cef292dcf99a21db7bb59b41f5200f/screenshot - {}
RESULT: {}
COMMAND: POST /session/86cef292dcf99a21db7bb59b41f5200f/execute/async - {"script":"<script> [1562 bytes]","args":[{"selector":{"id":"application-managepartners-display-component---NewPartner--partnerDetailInternal-arrow"},"wdio_ui5_key":"applicationmanagepartners-display-component---NewPartner--partnerDetailInternal-arrow"}]}
RESULT: {"script":"<script> [1562 bytes]","args":[{"selector":{"id":"application-managepartners-display-component---NewPartner--partnerDetailInternal-arrow"},"wdio_ui5_key":"applicationmanagepartners-display-component---NewPartner--partnerDetailInternal-arrow"}]}
RESULT: undefined
COMMAND: POST /session/86cef292dcf99a21db7bb59b41f5200f/element - {"using":"xpath","value":"//*[@id=\"application-managepartners-display-component---NewPartner--partnerDetailInternal-arrow\"]"}
RESULT: {"using":"xpath","value":"//*[@id=\"application-managepartners-display-component---NewPartner--partnerDetailInternal-arrow\"]"}
COMMAND: POST /session/86cef292dcf99a21db7bb59b41f5200f/element/f.D07DA9D7691935B74F99E9A1B60A37E7.d.910903C92E2BFF19D4A68BD2F1C693E1.e.3263/click - {}
RESULT: {}
COMMAND: POST /session/86cef292dcf99a21db7bb59b41f5200f/element - {"using":"xpath","value":"//span[contains(text(), \"External partner\")]"}
COMMAND: GET /session/86cef292dcf99a21db7bb59b41f5200f/screenshot - {}
RESULT: {"using":"xpath","value":"//span[contains(text(), \"External partner\")]"}
COMMAND: POST /session/86cef292dcf99a21db7bb59b41f5200f/element/f.D07DA9D7691935B74F99E9A1B60A37E7.d.910903C92E2BFF19D4A68BD2F1C693E1.e.3264/click - {}
RESULT: {}
RESULT: {}
COMMAND: POST /session/86cef292dcf99a21db7bb59b41f5200f/execute/async - {"script":"<script> [1562 bytes]","args":[{"selector":{"id":"application-managepartners-display-component---NewPartner--partnerDetailsCurrency-arrow"},"wdio_ui5_key":"applicationmanagepartners-display-component---NewPartner--partnerDetailsCurrency-arrow"}]}
COMMAND: GET /session/86cef292dcf99a21db7bb59b41f5200f/screenshot - {}
RESULT: {"script":"<script> [1562 bytes]","args":[{"selector":{"id":"application-managepartners-display-component---NewPartner--partnerDetailsCurrency-arrow"},"wdio_ui5_key":"applicationmanagepartners-display-component---NewPartner--partnerDetailsCurrency-arrow"}]}
RESULT: undefined
COMMAND: POST /session/86cef292dcf99a21db7bb59b41f5200f/element - {"using":"xpath","value":"//*[@id=\"application-managepartners-display-component---NewPartner--partnerDetailsCurrency-arrow\"]"}
RESULT: {}
RESULT: {"using":"xpath","value":"//*[@id=\"application-managepartners-display-component---NewPartner--partnerDetailsCurrency-arrow\"]"}
COMMAND: POST /session/86cef292dcf99a21db7bb59b41f5200f/element/f.D07DA9D7691935B74F99E9A1B60A37E7.d.910903C92E2BFF19D4A68BD2F1C693E1.e.3269/click - {}
RESULT: {}
COMMAND: POST /session/86cef292dcf99a21db7bb59b41f5200f/element - {"using":"xpath","value":"//span[contains(text(), \"US Dollar\")]"}
COMMAND: GET /session/86cef292dcf99a21db7bb59b41f5200f/screenshot - {}
RESULT: {"using":"xpath","value":"//span[contains(text(), \"US Dollar\")]"}
COMMAND: POST /session/86cef292dcf99a21db7bb59b41f5200f/element/f.D07DA9D7691935B74F99E9A1B60A37E7.d.910903C92E2BFF19D4A68BD2F1C693E1.e.3270/click - {}
RESULT: {}
RESULT: {}
COMMAND: GET /session/86cef292dcf99a21db7bb59b41f5200f/screenshot - {}
RESULT: {}
COMMAND: POST /session/86cef292dcf99a21db7bb59b41f5200f/element - {"using":"xpath","value":"//input[@id=\"application-managepartners-display-component---NewPartner--companyCodeComboBox-inner\"]"}
RESULT: {"using":"xpath","value":"//input[@id=\"application-managepartners-display-component---NewPartner--companyCodeComboBox-inner\"]"}
COMMAND: POST /session/86cef292dcf99a21db7bb59b41f5200f/element/f.D07DA9D7691935B74F99E9A1B60A37E7.d.910903C92E2BFF19D4A68BD2F1C693E1.e.3115/clear - {}
RESULT: {}
COMMAND: POST /session/86cef292dcf99a21db7bb59b41f5200f/element/f.D07DA9D7691935B74F99E9A1B60A37E7.d.910903C92E2BFF19D4A68BD2F1C693E1.e.3115/value - {"text":"C002"}
COMMAND: GET /session/86cef292dcf99a21db7bb59b41f5200f/screenshot - {}
RESULT: {"text":"C002"}
COMMAND: GET /session/86cef292dcf99a21db7bb59b41f5200f/screenshot - {}
RESULT: {}
RESULT: {}
COMMAND: POST /session/86cef292dcf99a21db7bb59b41f5200f/element - {"using":"xpath","value":"//span[contains(text(), \"C002\")]"}
RESULT: {"using":"xpath","value":"//span[contains(text(), \"C002\")]"}
COMMAND: POST /session/86cef292dcf99a21db7bb59b41f5200f/element/f.D07DA9D7691935B74F99E9A1B60A37E7.d.910903C92E2BFF19D4A68BD2F1C693E1.e.3274/click - {}
RESULT: {}
COMMAND: GET /session/86cef292dcf99a21db7bb59b41f5200f/screenshot - {}
RESULT: {}
COMMAND: POST /session/86cef292dcf99a21db7bb59b41f5200f/execute/async - {"script":"<script> [1562 bytes]","args":[{"selector":{"id":"application-managepartners-display-component---NewPartner--btnAddTableRow-img"},"wdio_ui5_key":"applicationmanagepartners-display-component---NewPartner--btnAddTableRow-img"}]}
RESULT: {"script":"<script> [1562 bytes]","args":[{"selector":{"id":"application-managepartners-display-component---NewPartner--btnAddTableRow-img"},"wdio_ui5_key":"applicationmanagepartners-display-component---NewPartner--btnAddTableRow-img"}]}
RESULT: undefined
COMMAND: POST /session/86cef292dcf99a21db7bb59b41f5200f/element - {"using":"xpath","value":"//*[@id=\"application-managepartners-display-component---NewPartner--btnAddTableRow-img\"]"}
RESULT: {"using":"xpath","value":"//*[@id=\"application-managepartners-display-component---NewPartner--btnAddTableRow-img\"]"}
COMMAND: POST /session/86cef292dcf99a21db7bb59b41f5200f/element/f.D07DA9D7691935B74F99E9A1B60A37E7.d.910903C92E2BFF19D4A68BD2F1C693E1.e.3275/click - {}
RESULT: {}
COMMAND: GET /session/86cef292dcf99a21db7bb59b41f5200f/screenshot - {}
RESULT: {}
COMMAND: POST /session/86cef292dcf99a21db7bb59b41f5200f/element - {"using":"xpath","value":"//input[@id=\"application-managepartners-display-component---NewPartner--assignmentYard-application-managepartners-display-component---NewPartner--assignmentsTable-0-inner\"]"}
RESULT: {"using":"xpath","value":"//input[@id=\"application-managepartners-display-component---NewPartner--assignmentYard-application-managepartners-display-component---NewPartner--assignmentsTable-0-inner\"]"}
COMMAND: POST /session/86cef292dcf99a21db7bb59b41f5200f/element/f.D07DA9D7691935B74F99E9A1B60A37E7.d.910903C92E2BFF19D4A68BD2F1C693E1.e.3278/clear - {}
RESULT: {}
COMMAND: POST /session/86cef292dcf99a21db7bb59b41f5200f/element/f.D07DA9D7691935B74F99E9A1B60A37E7.d.910903C92E2BFF19D4A68BD2F1C693E1.e.3278/value - {"text":"330"}
COMMAND: GET /session/86cef292dcf99a21db7bb59b41f5200f/screenshot - {}
RESULT: {"text":"330"}
COMMAND: GET /session/86cef292dcf99a21db7bb59b41f5200f/screenshot - {}
RESULT: {}
RESULT: {}
COMMAND: POST /session/86cef292dcf99a21db7bb59b41f5200f/element - {"using":"xpath","value":"//li[.//span[text()='330']]"}
RESULT: {"using":"xpath","value":"//li[.//span[text()='330']]"}
COMMAND: POST /session/86cef292dcf99a21db7bb59b41f5200f/element/f.D07DA9D7691935B74F99E9A1B60A37E7.d.910903C92E2BFF19D4A68BD2F1C693E1.e.3286/click - {}
RESULT: {}
COMMAND: GET /session/86cef292dcf99a21db7bb59b41f5200f/screenshot - {}
RESULT: {}
COMMAND: POST /session/86cef292dcf99a21db7bb59b41f5200f/actions - {"actions":[{"id":"action6","type":"key","parameters":{},"actions":[{"type":"keyDown","value":"î€‡"},{"type":"pause","duration":10},{"type":"keyUp","value":"î€‡"}]}]}
RESULT: {"actions":[{"id":"action6","type":"key","parameters":{},"actions":[{"type":"keyDown","value":"î€‡"},{"type":"pause","duration":10},{"type":"keyUp","value":"î€‡"}]}]}
COMMAND: POST /session/86cef292dcf99a21db7bb59b41f5200f/element - {"using":"xpath","value":"//td[contains(@id, \"assignmentsTable-0-cell2\")]/div/div"}
COMMAND: GET /session/86cef292dcf99a21db7bb59b41f5200f/screenshot - {}
RESULT: {"using":"xpath","value":"//td[contains(@id, \"assignmentsTable-0-cell2\")]/div/div"}
COMMAND: POST /session/86cef292dcf99a21db7bb59b41f5200f/element/f.D07DA9D7691935B74F99E9A1B60A37E7.d.910903C92E2BFF19D4A68BD2F1C693E1.e.3289/click - {}
RESULT: {}
RESULT: {}
COMMAND: GET /session/86cef292dcf99a21db7bb59b41f5200f/screenshot - {}
RESULT: {}
COMMAND: POST /session/86cef292dcf99a21db7bb59b41f5200f/element - {"using":"xpath","value":"//button[@data-kt=\"saveButton\"]"}
RESULT: {"using":"xpath","value":"//button[@data-kt=\"saveButton\"]"}
COMMAND: POST /session/86cef292dcf99a21db7bb59b41f5200f/element/f.D07DA9D7691935B74F99E9A1B60A37E7.d.910903C92E2BFF19D4A68BD2F1C693E1.e.3235/click - {}
RESULT: {}
COMMAND: GET /session/86cef292dcf99a21db7bb59b41f5200f/screenshot - {}
RESULT: {}
COMMAND: POST /session/86cef292dcf99a21db7bb59b41f5200f/element - {"using":"xpath","value":"//header[contains(@id, 'ObjectPageLayout-headerTitle')]/div[1]/div[2]/div[2]/span[1]"}
RESULT: {"using":"xpath","value":"//header[contains(@id, 'ObjectPageLayout-headerTitle')]/div[1]/div[2]/div[2]/span[1]"}
COMMAND: POST /session/86cef292dcf99a21db7bb59b41f5200f/elements - {"using":"xpath","value":"//header[contains(@id, 'ObjectPageLayout-headerTitle')]/div[1]/div[2]/div[2]/span[1]"}
RESULT: {"using":"xpath","value":"//header[contains(@id, 'ObjectPageLayout-headerTitle')]/div[1]/div[2]/div[2]/span[1]"}
COMMAND: POST /session/86cef292dcf99a21db7bb59b41f5200f/execute/sync - {"script":"<script> [56 bytes]","args":[{"element-6066-11e4-a52e-4f735466cecf":"f.D07DA9D7691935B74F99E9A1B60A37E7.d.910903C92E2BFF19D4A68BD2F1C693E1.e.3453","ELEMENT":"f.D07DA9D7691935B74F99E9A1B60A37E7.d.910903C92E2BFF19D4A68BD2F1C693E1.e.3453"}]}
RESULT: {"script":"<script> [56 bytes]","args":[{"element-6066-11e4-a52e-4f735466cecf":"f.D07DA9D7691935B74F99E9A1B60A37E7.d.910903C92E2BFF19D4A68BD2F1C693E1.e.3453","ELEMENT":"f.D07DA9D7691935B74F99E9A1B60A37E7.d.910903C92E2BFF19D4A68BD2F1C693E1.e.3453"}]}
COMMAND: POST /session/86cef292dcf99a21db7bb59b41f5200f/element - {"using":"css selector","value":"#shell-header-logo"}
COMMAND: GET /session/86cef292dcf99a21db7bb59b41f5200f/screenshot - {}
RESULT: {"using":"css selector","value":"#shell-header-logo"}
COMMAND: POST /session/86cef292dcf99a21db7bb59b41f5200f/element/f.D07DA9D7691935B74F99E9A1B60A37E7.d.910903C92E2BFF19D4A68BD2F1C693E1.e.2771/click - {}
RESULT: {}
RESULT: {}
COMMAND: GET /session/86cef292dcf99a21db7bb59b41f5200f/screenshot - {}
RESULT: {}
COMMAND: POST /session/86cef292dcf99a21db7bb59b41f5200f/execute/sync - {"script":"<script> [299 bytes]","args":[["getModel","getResource"]]}
RESULT: {"script":"<script> [299 bytes]","args":[["getModel","getResource"]]}
]]></system-out>
    </testcase>
    <testcase classname="chrome.135_0_7049_96.windows.Create_partner_US118246" name="Should create new external WHM partner" time="70.379">
      <system-out><![CDATA[
COMMAND: POST /session/86cef292dcf99a21db7bb59b41f5200f/window/fullscreen - {}
COMMAND: GET /session/86cef292dcf99a21db7bb59b41f5200f/screenshot - {}
RESULT: {}
RESULT: undefined
COMMAND: POST /session/86cef292dcf99a21db7bb59b41f5200f/element - {"using":"xpath","value":"//*[@id=\"__tile38\"]"}
RESULT: {}
RESULT: {"using":"xpath","value":"//*[@id=\"__tile38\"]"}
COMMAND: POST /session/86cef292dcf99a21db7bb59b41f5200f/element/f.D07DA9D7691935B74F99E9A1B60A37E7.d.910903C92E2BFF19D4A68BD2F1C693E1.e.2664/click - {}
RESULT: {}
COMMAND: POST /session/86cef292dcf99a21db7bb59b41f5200f/element - {"using":"xpath","value":"//button[@data-kt=\"addButton\"]"}
COMMAND: GET /session/86cef292dcf99a21db7bb59b41f5200f/screenshot - {}
RESULT: {"using":"xpath","value":"//button[@data-kt=\"addButton\"]"}
COMMAND: POST /session/86cef292dcf99a21db7bb59b41f5200f/elements - {"using":"xpath","value":"//button[@data-kt=\"addButton\"]"}
RESULT: {}
RESULT: {"using":"xpath","value":"//button[@data-kt=\"addButton\"]"}
COMMAND: POST /session/86cef292dcf99a21db7bb59b41f5200f/elements - {"using":"xpath","value":"//button[@data-kt=\"addButton\"]"}
RESULT: {"using":"xpath","value":"//button[@data-kt=\"addButton\"]"}
COMMAND: POST /session/86cef292dcf99a21db7bb59b41f5200f/elements - {"using":"xpath","value":"//button[@data-kt=\"addButton\"]"}
RESULT: {"using":"xpath","value":"//button[@data-kt=\"addButton\"]"}
COMMAND: POST /session/86cef292dcf99a21db7bb59b41f5200f/elements - {"using":"xpath","value":"//button[@data-kt=\"addButton\"]"}
RESULT: {"using":"xpath","value":"//button[@data-kt=\"addButton\"]"}
COMMAND: POST /session/86cef292dcf99a21db7bb59b41f5200f/elements - {"using":"xpath","value":"//button[@data-kt=\"addButton\"]"}
RESULT: {"using":"xpath","value":"//button[@data-kt=\"addButton\"]"}
COMMAND: POST /session/86cef292dcf99a21db7bb59b41f5200f/elements - {"using":"xpath","value":"//button[@data-kt=\"addButton\"]"}
RESULT: {"using":"xpath","value":"//button[@data-kt=\"addButton\"]"}
COMMAND: POST /session/86cef292dcf99a21db7bb59b41f5200f/elements - {"using":"xpath","value":"//button[@data-kt=\"addButton\"]"}
RESULT: {"using":"xpath","value":"//button[@data-kt=\"addButton\"]"}
COMMAND: POST /session/86cef292dcf99a21db7bb59b41f5200f/elements - {"using":"xpath","value":"//button[@data-kt=\"addButton\"]"}
RESULT: {"using":"xpath","value":"//button[@data-kt=\"addButton\"]"}
COMMAND: POST /session/86cef292dcf99a21db7bb59b41f5200f/elements - {"using":"xpath","value":"//button[@data-kt=\"addButton\"]"}
RESULT: {"using":"xpath","value":"//button[@data-kt=\"addButton\"]"}
COMMAND: POST /session/86cef292dcf99a21db7bb59b41f5200f/elements - {"using":"xpath","value":"//button[@data-kt=\"addButton\"]"}
RESULT: {"using":"xpath","value":"//button[@data-kt=\"addButton\"]"}
COMMAND: POST /session/86cef292dcf99a21db7bb59b41f5200f/elements - {"using":"xpath","value":"//button[@data-kt=\"addButton\"]"}
RESULT: {"using":"xpath","value":"//button[@data-kt=\"addButton\"]"}
COMMAND: POST /session/86cef292dcf99a21db7bb59b41f5200f/elements - {"using":"xpath","value":"//button[@data-kt=\"addButton\"]"}
RESULT: {"using":"xpath","value":"//button[@data-kt=\"addButton\"]"}
COMMAND: POST /session/86cef292dcf99a21db7bb59b41f5200f/element - {"using":"xpath","value":"//button[@data-kt=\"addButton\"]"}
RESULT: {"using":"xpath","value":"//button[@data-kt=\"addButton\"]"}
COMMAND: POST /session/86cef292dcf99a21db7bb59b41f5200f/execute/sync - {"script":"<script> [8489 bytes]","args":[{"element-6066-11e4-a52e-4f735466cecf":"f.D07DA9D7691935B74F99E9A1B60A37E7.d.910903C92E2BFF19D4A68BD2F1C693E1.e.3489","ELEMENT":"f.D07DA9D7691935B74F99E9A1B60A37E7.d.910903C92E2BFF19D4A68BD2F1C693E1.e.3489"}]}
RESULT: {"script":"<script> [8489 bytes]","args":[{"element-6066-11e4-a52e-4f735466cecf":"f.D07DA9D7691935B74F99E9A1B60A37E7.d.910903C92E2BFF19D4A68BD2F1C693E1.e.3489","ELEMENT":"f.D07DA9D7691935B74F99E9A1B60A37E7.d.910903C92E2BFF19D4A68BD2F1C693E1.e.3489"}]}
COMMAND: GET /session/86cef292dcf99a21db7bb59b41f5200f/element/f.D07DA9D7691935B74F99E9A1B60A37E7.d.910903C92E2BFF19D4A68BD2F1C693E1.e.3489/enabled - {}
COMMAND: GET /session/86cef292dcf99a21db7bb59b41f5200f/screenshot - {}
RESULT: {}
COMMAND: POST /session/86cef292dcf99a21db7bb59b41f5200f/execute/sync - {"script":"<script> [8489 bytes]","args":[{"element-6066-11e4-a52e-4f735466cecf":"f.D07DA9D7691935B74F99E9A1B60A37E7.d.910903C92E2BFF19D4A68BD2F1C693E1.e.3489","ELEMENT":"f.D07DA9D7691935B74F99E9A1B60A37E7.d.910903C92E2BFF19D4A68BD2F1C693E1.e.3489"}]}
COMMAND: GET /session/86cef292dcf99a21db7bb59b41f5200f/screenshot - {}
RESULT: {}
RESULT: {"script":"<script> [8489 bytes]","args":[{"element-6066-11e4-a52e-4f735466cecf":"f.D07DA9D7691935B74F99E9A1B60A37E7.d.910903C92E2BFF19D4A68BD2F1C693E1.e.3489","ELEMENT":"f.D07DA9D7691935B74F99E9A1B60A37E7.d.910903C92E2BFF19D4A68BD2F1C693E1.e.3489"}]}
COMMAND: POST /session/86cef292dcf99a21db7bb59b41f5200f/execute/sync - {"script":"<script> [5351 bytes]","args":[{"element-6066-11e4-a52e-4f735466cecf":"f.D07DA9D7691935B74F99E9A1B60A37E7.d.910903C92E2BFF19D4A68BD2F1C693E1.e.3489","ELEMENT":"f.D07DA9D7691935B74F99E9A1B60A37E7.d.910903C92E2BFF19D4A68BD2F1C693E1.e.3489"}]}
COMMAND: GET /session/86cef292dcf99a21db7bb59b41f5200f/screenshot - {}
RESULT: {}
RESULT: {"script":"<script> [5351 bytes]","args":[{"element-6066-11e4-a52e-4f735466cecf":"f.D07DA9D7691935B74F99E9A1B60A37E7.d.910903C92E2BFF19D4A68BD2F1C693E1.e.3489","ELEMENT":"f.D07DA9D7691935B74F99E9A1B60A37E7.d.910903C92E2BFF19D4A68BD2F1C693E1.e.3489"}]}
COMMAND: POST /session/86cef292dcf99a21db7bb59b41f5200f/element/f.D07DA9D7691935B74F99E9A1B60A37E7.d.910903C92E2BFF19D4A68BD2F1C693E1.e.3489/click - {}
COMMAND: GET /session/86cef292dcf99a21db7bb59b41f5200f/screenshot - {}
RESULT: {}
RESULT: {}
COMMAND: GET /session/86cef292dcf99a21db7bb59b41f5200f/screenshot - {}
RESULT: undefined
COMMAND: POST /session/86cef292dcf99a21db7bb59b41f5200f/execute/async - {"script":"<script> [776 bytes]","args":[{"enterText":"WHM Partner WDIO","selector":{"id":"application-managepartners-display-component---NewPartner--addressDetailDetailsName1","interaction":{"idSuffix":"inner"}},"clearTextFirst":true,"interactionType":"ENTER_TEXT"}]}
RESULT: {}
RESULT: {}
RESULT: {"script":"<script> [776 bytes]","args":[{"enterText":"WHM Partner WDIO","selector":{"id":"application-managepartners-display-component---NewPartner--addressDetailDetailsName1","interaction":{"idSuffix":"inner"}},"clearTextFirst":true,"interactionType":"ENTER_TEXT"}]}
RESULT: undefined
COMMAND: POST /session/86cef292dcf99a21db7bb59b41f5200f/element - {"using":"xpath","value":"//*[@id=\"application-managepartners-display-component---NewPartner--addressDetailDetailsLanguage-arrow\"]"}
RESULT: {"using":"xpath","value":"//*[@id=\"application-managepartners-display-component---NewPartner--addressDetailDetailsLanguage-arrow\"]"}
COMMAND: POST /session/86cef292dcf99a21db7bb59b41f5200f/element/f.D07DA9D7691935B74F99E9A1B60A37E7.d.910903C92E2BFF19D4A68BD2F1C693E1.e.3935/click - {}
RESULT: {}
COMMAND: POST /session/86cef292dcf99a21db7bb59b41f5200f/element - {"using":"xpath","value":"//span[contains(text(), \"English\")]"}
COMMAND: GET /session/86cef292dcf99a21db7bb59b41f5200f/screenshot - {}
RESULT: {"using":"xpath","value":"//span[contains(text(), \"English\")]"}
COMMAND: POST /session/86cef292dcf99a21db7bb59b41f5200f/element/f.D07DA9D7691935B74F99E9A1B60A37E7.d.910903C92E2BFF19D4A68BD2F1C693E1.e.3936/click - {}
RESULT: {}
RESULT: {}
COMMAND: GET /session/86cef292dcf99a21db7bb59b41f5200f/screenshot - {}
RESULT: {}
RESULT: undefined
COMMAND: POST /session/86cef292dcf99a21db7bb59b41f5200f/execute/async - {"script":"<script> [776 bytes]","args":[{"enterText":"Rosario","selector":{"id":"application-managepartners-display-component---NewPartner--addressDetailDetailsCity1","interaction":{"idSuffix":"inner"}},"clearTextFirst":true,"interactionType":"ENTER_TEXT"}]}
RESULT: {"script":"<script> [776 bytes]","args":[{"enterText":"Rosario","selector":{"id":"application-managepartners-display-component---NewPartner--addressDetailDetailsCity1","interaction":{"idSuffix":"inner"}},"clearTextFirst":true,"interactionType":"ENTER_TEXT"}]}
RESULT: undefined
COMMAND: POST /session/86cef292dcf99a21db7bb59b41f5200f/element - {"using":"xpath","value":"//*[@id=\"application-managepartners-display-component---NewPartner--addressDetailDetailsCountry-arrow\"]"}
RESULT: {"using":"xpath","value":"//*[@id=\"application-managepartners-display-component---NewPartner--addressDetailDetailsCountry-arrow\"]"}
COMMAND: POST /session/86cef292dcf99a21db7bb59b41f5200f/element/f.D07DA9D7691935B74F99E9A1B60A37E7.d.910903C92E2BFF19D4A68BD2F1C693E1.e.3904/click - {}
RESULT: {}
COMMAND: POST /session/86cef292dcf99a21db7bb59b41f5200f/element - {"using":"xpath","value":"//span[contains(text(), \"Argentina\")]"}
COMMAND: GET /session/86cef292dcf99a21db7bb59b41f5200f/screenshot - {}
RESULT: {"using":"xpath","value":"//span[contains(text(), \"Argentina\")]"}
COMMAND: POST /session/86cef292dcf99a21db7bb59b41f5200f/element/f.D07DA9D7691935B74F99E9A1B60A37E7.d.910903C92E2BFF19D4A68BD2F1C693E1.e.3937/click - {}
RESULT: {}
RESULT: {}
COMMAND: GET /session/86cef292dcf99a21db7bb59b41f5200f/screenshot - {}
RESULT: {}
COMMAND: POST /session/86cef292dcf99a21db7bb59b41f5200f/element - {"using":"xpath","value":"//bdi[contains(text(), \"Commercial\")]"}
RESULT: {"using":"xpath","value":"//bdi[contains(text(), \"Commercial\")]"}
COMMAND: POST /session/86cef292dcf99a21db7bb59b41f5200f/element/f.D07DA9D7691935B74F99E9A1B60A37E7.d.910903C92E2BFF19D4A68BD2F1C693E1.e.3938/click - {}
RESULT: {}
COMMAND: GET /session/86cef292dcf99a21db7bb59b41f5200f/screenshot - {}
RESULT: {}
RESULT: undefined
COMMAND: POST /session/86cef292dcf99a21db7bb59b41f5200f/element - {"using":"xpath","value":"//*[@id=\"application-managepartners-display-component---NewPartner--partnerDetailInternal-arrow\"]"}
RESULT: {"using":"xpath","value":"//*[@id=\"application-managepartners-display-component---NewPartner--partnerDetailInternal-arrow\"]"}
COMMAND: POST /session/86cef292dcf99a21db7bb59b41f5200f/element/f.D07DA9D7691935B74F99E9A1B60A37E7.d.910903C92E2BFF19D4A68BD2F1C693E1.e.3946/click - {}
RESULT: {}
COMMAND: POST /session/86cef292dcf99a21db7bb59b41f5200f/element - {"using":"xpath","value":"//span[contains(text(), \"External partner\")]"}
COMMAND: GET /session/86cef292dcf99a21db7bb59b41f5200f/screenshot - {}
RESULT: {"using":"xpath","value":"//span[contains(text(), \"External partner\")]"}
COMMAND: POST /session/86cef292dcf99a21db7bb59b41f5200f/element/f.D07DA9D7691935B74F99E9A1B60A37E7.d.910903C92E2BFF19D4A68BD2F1C693E1.e.3947/click - {}
RESULT: {}
RESULT: {}
RESULT: undefined
COMMAND: POST /session/86cef292dcf99a21db7bb59b41f5200f/element - {"using":"xpath","value":"//*[@id=\"application-managepartners-display-component---NewPartner--partnerDetailsCurrency-arrow\"]"}
COMMAND: GET /session/86cef292dcf99a21db7bb59b41f5200f/screenshot - {}
RESULT: {"using":"xpath","value":"//*[@id=\"application-managepartners-display-component---NewPartner--partnerDetailsCurrency-arrow\"]"}
COMMAND: POST /session/86cef292dcf99a21db7bb59b41f5200f/element/f.D07DA9D7691935B74F99E9A1B60A37E7.d.910903C92E2BFF19D4A68BD2F1C693E1.e.3952/click - {}
RESULT: {}
RESULT: {}
COMMAND: POST /session/86cef292dcf99a21db7bb59b41f5200f/element - {"using":"xpath","value":"//span[contains(text(), \"US Dollar\")]"}
COMMAND: GET /session/86cef292dcf99a21db7bb59b41f5200f/screenshot - {}
RESULT: {"using":"xpath","value":"//span[contains(text(), \"US Dollar\")]"}
COMMAND: POST /session/86cef292dcf99a21db7bb59b41f5200f/element/f.D07DA9D7691935B74F99E9A1B60A37E7.d.910903C92E2BFF19D4A68BD2F1C693E1.e.3953/click - {}
RESULT: {}
RESULT: {}
COMMAND: GET /session/86cef292dcf99a21db7bb59b41f5200f/screenshot - {}
RESULT: {}
COMMAND: POST /session/86cef292dcf99a21db7bb59b41f5200f/element - {"using":"xpath","value":"//input[@id=\"application-managepartners-display-component---NewPartner--companyCodeComboBox-inner\"]"}
RESULT: {"using":"xpath","value":"//input[@id=\"application-managepartners-display-component---NewPartner--companyCodeComboBox-inner\"]"}
COMMAND: POST /session/86cef292dcf99a21db7bb59b41f5200f/element/f.D07DA9D7691935B74F99E9A1B60A37E7.d.910903C92E2BFF19D4A68BD2F1C693E1.e.3802/clear - {}
RESULT: {}
COMMAND: POST /session/86cef292dcf99a21db7bb59b41f5200f/element/f.D07DA9D7691935B74F99E9A1B60A37E7.d.910903C92E2BFF19D4A68BD2F1C693E1.e.3802/value - {"text":"C002"}
COMMAND: GET /session/86cef292dcf99a21db7bb59b41f5200f/screenshot - {}
RESULT: {"text":"C002"}
COMMAND: GET /session/86cef292dcf99a21db7bb59b41f5200f/screenshot - {}
RESULT: {}
RESULT: {}
COMMAND: POST /session/86cef292dcf99a21db7bb59b41f5200f/element - {"using":"xpath","value":"//span[contains(text(), \"C002\")]"}
RESULT: {"using":"xpath","value":"//span[contains(text(), \"C002\")]"}
COMMAND: POST /session/86cef292dcf99a21db7bb59b41f5200f/element/f.D07DA9D7691935B74F99E9A1B60A37E7.d.910903C92E2BFF19D4A68BD2F1C693E1.e.3957/click - {}
RESULT: {}
COMMAND: GET /session/86cef292dcf99a21db7bb59b41f5200f/screenshot - {}
RESULT: {}
RESULT: undefined
COMMAND: POST /session/86cef292dcf99a21db7bb59b41f5200f/element - {"using":"xpath","value":"//*[@id=\"application-managepartners-display-component---NewPartner--btnAddTableRow-img\"]"}
RESULT: {"using":"xpath","value":"//*[@id=\"application-managepartners-display-component---NewPartner--btnAddTableRow-img\"]"}
COMMAND: POST /session/86cef292dcf99a21db7bb59b41f5200f/element/f.D07DA9D7691935B74F99E9A1B60A37E7.d.910903C92E2BFF19D4A68BD2F1C693E1.e.3958/click - {}
RESULT: {}
COMMAND: GET /session/86cef292dcf99a21db7bb59b41f5200f/screenshot - {}
RESULT: {}
COMMAND: POST /session/86cef292dcf99a21db7bb59b41f5200f/element - {"using":"xpath","value":"//input[@id=\"application-managepartners-display-component---NewPartner--assignmentYard-application-managepartners-display-component---NewPartner--assignmentsTable-0-inner\"]"}
RESULT: {"using":"xpath","value":"//input[@id=\"application-managepartners-display-component---NewPartner--assignmentYard-application-managepartners-display-component---NewPartner--assignmentsTable-0-inner\"]"}
COMMAND: POST /session/86cef292dcf99a21db7bb59b41f5200f/element/f.D07DA9D7691935B74F99E9A1B60A37E7.d.910903C92E2BFF19D4A68BD2F1C693E1.e.3961/clear - {}
RESULT: {}
COMMAND: POST /session/86cef292dcf99a21db7bb59b41f5200f/element/f.D07DA9D7691935B74F99E9A1B60A37E7.d.910903C92E2BFF19D4A68BD2F1C693E1.e.3961/value - {"text":"331"}
COMMAND: GET /session/86cef292dcf99a21db7bb59b41f5200f/screenshot - {}
RESULT: {"text":"331"}
COMMAND: GET /session/86cef292dcf99a21db7bb59b41f5200f/screenshot - {}
RESULT: {}
RESULT: {}
COMMAND: POST /session/86cef292dcf99a21db7bb59b41f5200f/element - {"using":"xpath","value":"//li[.//span[text()='331']]"}
RESULT: {"using":"xpath","value":"//li[.//span[text()='331']]"}
COMMAND: POST /session/86cef292dcf99a21db7bb59b41f5200f/element/f.D07DA9D7691935B74F99E9A1B60A37E7.d.910903C92E2BFF19D4A68BD2F1C693E1.e.3969/click - {}
RESULT: {}
COMMAND: GET /session/86cef292dcf99a21db7bb59b41f5200f/screenshot - {}
RESULT: {}
COMMAND: POST /session/86cef292dcf99a21db7bb59b41f5200f/actions - {"actions":[{"id":"action7","type":"key","parameters":{},"actions":[{"type":"keyDown","value":"î€‡"},{"type":"pause","duration":10},{"type":"keyUp","value":"î€‡"}]}]}
RESULT: {"actions":[{"id":"action7","type":"key","parameters":{},"actions":[{"type":"keyDown","value":"î€‡"},{"type":"pause","duration":10},{"type":"keyUp","value":"î€‡"}]}]}
COMMAND: POST /session/86cef292dcf99a21db7bb59b41f5200f/element - {"using":"xpath","value":"//td[contains(@id, \"assignmentsTable-0-cell2\")]/div/div"}
COMMAND: GET /session/86cef292dcf99a21db7bb59b41f5200f/screenshot - {}
RESULT: {"using":"xpath","value":"//td[contains(@id, \"assignmentsTable-0-cell2\")]/div/div"}
COMMAND: POST /session/86cef292dcf99a21db7bb59b41f5200f/element/f.D07DA9D7691935B74F99E9A1B60A37E7.d.910903C92E2BFF19D4A68BD2F1C693E1.e.3972/click - {}
RESULT: {}
RESULT: {}
COMMAND: GET /session/86cef292dcf99a21db7bb59b41f5200f/screenshot - {}
RESULT: {}
COMMAND: POST /session/86cef292dcf99a21db7bb59b41f5200f/element - {"using":"xpath","value":"//button[@data-kt=\"saveButton\"]"}
RESULT: {"using":"xpath","value":"//button[@data-kt=\"saveButton\"]"}
COMMAND: POST /session/86cef292dcf99a21db7bb59b41f5200f/element/f.D07DA9D7691935B74F99E9A1B60A37E7.d.910903C92E2BFF19D4A68BD2F1C693E1.e.3873/click - {}
RESULT: {}
COMMAND: GET /session/86cef292dcf99a21db7bb59b41f5200f/screenshot - {}
RESULT: {}
COMMAND: POST /session/86cef292dcf99a21db7bb59b41f5200f/element - {"using":"xpath","value":"//header[contains(@id, 'ObjectPageLayout-headerTitle')]/div[1]/div[2]/div[2]/span[1]"}
RESULT: {"using":"xpath","value":"//header[contains(@id, 'ObjectPageLayout-headerTitle')]/div[1]/div[2]/div[2]/span[1]"}
COMMAND: POST /session/86cef292dcf99a21db7bb59b41f5200f/elements - {"using":"xpath","value":"//header[contains(@id, 'ObjectPageLayout-headerTitle')]/div[1]/div[2]/div[2]/span[1]"}
RESULT: {"using":"xpath","value":"//header[contains(@id, 'ObjectPageLayout-headerTitle')]/div[1]/div[2]/div[2]/span[1]"}
COMMAND: POST /session/86cef292dcf99a21db7bb59b41f5200f/execute/sync - {"script":"<script> [56 bytes]","args":[{"element-6066-11e4-a52e-4f735466cecf":"f.D07DA9D7691935B74F99E9A1B60A37E7.d.910903C92E2BFF19D4A68BD2F1C693E1.e.4134","ELEMENT":"f.D07DA9D7691935B74F99E9A1B60A37E7.d.910903C92E2BFF19D4A68BD2F1C693E1.e.4134"}]}
RESULT: {"script":"<script> [56 bytes]","args":[{"element-6066-11e4-a52e-4f735466cecf":"f.D07DA9D7691935B74F99E9A1B60A37E7.d.910903C92E2BFF19D4A68BD2F1C693E1.e.4134","ELEMENT":"f.D07DA9D7691935B74F99E9A1B60A37E7.d.910903C92E2BFF19D4A68BD2F1C693E1.e.4134"}]}
COMMAND: POST /session/86cef292dcf99a21db7bb59b41f5200f/element - {"using":"css selector","value":"#shell-header-logo"}
COMMAND: GET /session/86cef292dcf99a21db7bb59b41f5200f/screenshot - {}
RESULT: {"using":"css selector","value":"#shell-header-logo"}
COMMAND: POST /session/86cef292dcf99a21db7bb59b41f5200f/element/f.D07DA9D7691935B74F99E9A1B60A37E7.d.910903C92E2BFF19D4A68BD2F1C693E1.e.3456/click - {}
RESULT: {}
RESULT: {}
COMMAND: GET /session/86cef292dcf99a21db7bb59b41f5200f/screenshot - {}
RESULT: {}
COMMAND: POST /session/86cef292dcf99a21db7bb59b41f5200f/execute/sync - {"script":"<script> [299 bytes]","args":[["getModel","getResource"]]}
RESULT: {"script":"<script> [299 bytes]","args":[["getModel","getResource"]]}
COMMAND: POST /session/86cef292dcf99a21db7bb59b41f5200f/refresh - {}
COMMAND: GET /session/86cef292dcf99a21db7bb59b41f5200f/screenshot - {}
RESULT: {}
COMMAND: GET /session/86cef292dcf99a21db7bb59b41f5200f/screenshot - {}
RESULT: {}
RESULT: {}
COMMAND: POST /session/86cef292dcf99a21db7bb59b41f5200f/refresh - {}
RESULT: {}
COMMAND: GET /session/86cef292dcf99a21db7bb59b41f5200f/screenshot - {}
RESULT: {}
COMMAND: POST /session/86cef292dcf99a21db7bb59b41f5200f/window/fullscreen - {}
RESULT: {}
COMMAND: POST /session/86cef292dcf99a21db7bb59b41f5200f/execute/async - {"script":"<script> [189 bytes]","args":[]}
RESULT: {"script":"<script> [189 bytes]","args":[]}
COMMAND: POST /session/86cef292dcf99a21db7bb59b41f5200f/execute/async - {"script":"<script> [123 bytes]","args":[]}
RESULT: {"script":"<script> [123 bytes]","args":[]}
COMMAND: POST /session/86cef292dcf99a21db7bb59b41f5200f/timeouts - {"script":"<number>"}
RESULT: {"script":"<number>"}
COMMAND: GET /session/86cef292dcf99a21db7bb59b41f5200f/timeouts - {}
RESULT: {}
RESULT: undefined
COMMAND: POST /session/86cef292dcf99a21db7bb59b41f5200f/execute/async - {"script":"<script> [2676 bytes]","args":[]}
RESULT: {"script":"<script> [2676 bytes]","args":[]}
COMMAND: POST /session/86cef292dcf99a21db7bb59b41f5200f/execute/async - {"script":"<script> [2342 bytes]","args":[{"protocol":"http","hostname":"0.0.0.0","path":"/","capabilities":{"browserName":"chrome","goog:chromeOptions":{"binary":"C:\\Program Files\\Google\\Chrome\\Application\\chrome.exe","args":["--start-maximized"]}},"logLevel":"warn","connectionRetryTimeout":120000,"connectionRetryCount":3,"logLevels":{},"enableDirectConnect":true,"strictSSL":true,"_":"65 more keys: [\"cacheDir\",\"port\",\"requestedCapabilities\",\"automationProtocol\",\"baseUrl\",\"waitforInterval\",\"waitforTimeout\",\"onReload\",\"beforeCommand\",\"afterCommand\",\"rootDir\",\"specs\",\"suites\",\"exclude\",\"groupLogsByTestSpec\",\"excludeDriverLogs\",\"bail\",\"framework\",\"reporters\",\"services\",\"maxInstances\",\"maxInstancesPerCapability\",\"injectGlobals\",\"filesToWatch\",\"execArgv\",\"runnerEnv\",\"runner\",\"shard\",\"specFileRetries\",\"specFileRetriesDelay\",\"specFileRetriesDeferred\",\"reporterSyncInterval\",\"reporterSyncTimeout\",\"cucumberFeaturesWithLineNumbers\",\"autoCompileOpts\",\"mochaOpts\",\"jasmineOpts\",\"cucumberOpts\",\"onPrepare\",\"onWorkerStart\",\"onWorkerEnd\",\"before\",\"beforeSession\",\"beforeSuite\",\"beforeHook\",\"beforeTest\",\"afterTest\",\"afterHook\",\"afterSuite\",\"afterSession\",\"after\",\"onComplete\",\"beforeAssertion\",\"afterAssertion\",\"beforeFeature\",\"beforeScenario\",\"beforeStep\",\"afterStep\",\"afterScenario\",\"afterFeature\",\"_\",\"suite\",\"$0\",\"ignoredWorkerServices\",\"wdi5\"]"}]}
RESULT: {"script":"<script> [2342 bytes]","args":[{"protocol":"http","hostname":"0.0.0.0","path":"/","capabilities":{"browserName":"chrome","goog:chromeOptions":{"binary":"C:\\Program Files\\Google\\Chrome\\Application\\chrome.exe","args":["--start-maximized"]}},"logLevel":"warn","connectionRetryTimeout":120000,"connectionRetryCount":3,"logLevels":{},"enableDirectConnect":true,"strictSSL":true,"_":"65 more keys: [\"cacheDir\",\"port\",\"requestedCapabilities\",\"automationProtocol\",\"baseUrl\",\"waitforInterval\",\"waitforTimeout\",\"onReload\",\"beforeCommand\",\"afterCommand\",\"rootDir\",\"specs\",\"suites\",\"exclude\",\"groupLogsByTestSpec\",\"excludeDriverLogs\",\"bail\",\"framework\",\"reporters\",\"services\",\"maxInstances\",\"maxInstancesPerCapability\",\"injectGlobals\",\"filesToWatch\",\"execArgv\",\"runnerEnv\",\"runner\",\"shard\",\"specFileRetries\",\"specFileRetriesDelay\",\"specFileRetriesDeferred\",\"reporterSyncInterval\",\"reporterSyncTimeout\",\"cucumberFeaturesWithLineNumbers\",\"autoCompileOpts\",\"mochaOpts\",\"jasmineOpts\",\"cucumberOpts\",\"onPrepare\",\"onWorkerStart\",\"onWorkerEnd\",\"before\",\"beforeSession\",\"beforeSuite\",\"beforeHook\",\"beforeTest\",\"afterTest\",\"afterHook\",\"afterSuite\",\"afterSession\",\"after\",\"onComplete\",\"beforeAssertion\",\"afterAssertion\",\"beforeFeature\",\"beforeScenario\",\"beforeStep\",\"afterStep\",\"afterScenario\",\"afterFeature\",\"_\",\"suite\",\"$0\",\"ignoredWorkerServices\",\"wdi5\"]"}]}
COMMAND: POST /session/86cef292dcf99a21db7bb59b41f5200f/execute/async - {"script":"<script> [21126 bytes]","args":[35000]}
RESULT: {"script":"<script> [21126 bytes]","args":[35000]}
COMMAND: POST /session/86cef292dcf99a21db7bb59b41f5200f/element - {"using":"css selector","value":"#shell-header-logo"}
RESULT: {"using":"css selector","value":"#shell-header-logo"}
COMMAND: POST /session/86cef292dcf99a21db7bb59b41f5200f/element/f.D07DA9D7691935B74F99E9A1B60A37E7.d.C080CBA491DB44A4B925DB0B9DE14107.e.4282/click - {}
RESULT: {}
COMMAND: GET /session/86cef292dcf99a21db7bb59b41f5200f/screenshot - {}
RESULT: {}
COMMAND: POST /session/86cef292dcf99a21db7bb59b41f5200f/execute/async - {"script":"<script> [1562 bytes]","args":[{"selector":{"controlType":"sap.m.GenericTile","properties":{"header":"Manage Sites"}},"wdio_ui5_key":"sapm.GenericTile{\"header\":\"Manage Sites\"}"}]}
RESULT: {"script":"<script> [1562 bytes]","args":[{"selector":{"controlType":"sap.m.GenericTile","properties":{"header":"Manage Sites"}},"wdio_ui5_key":"sapm.GenericTile{\"header\":\"Manage Sites\"}"}]}
RESULT: undefined
COMMAND: POST /session/86cef292dcf99a21db7bb59b41f5200f/element - {"using":"xpath","value":"//*[@id=\"__tile32\"]"}
RESULT: {"using":"xpath","value":"//*[@id=\"__tile32\"]"}
COMMAND: POST /session/86cef292dcf99a21db7bb59b41f5200f/element/f.D07DA9D7691935B74F99E9A1B60A37E7.d.C080CBA491DB44A4B925DB0B9DE14107.e.4210/click - {}
RESULT: {}
]]></system-out>
    </testcase>
  </testsuite>
  <testsuite timestamp="2025-04-28T15:27:01" time="180.715" tests="2" failures="0" errors="0" skipped="0">
    <properties>
      <property name="specId" value="0" />
      <property name="suiteName" value="Create 2 sites US118246" />
      <property name="capabilities" value="chrome.135_0_7049_96.windows" />
      <property name="file" value="file:///D:/a/1/s/test/specs/R2C/create-site.spec.js" />
    </properties>
    <testcase classname="chrome.135_0_7049_96.windows.Create_2_sites_US118246" name="Should create new site" time="85.598">
      <system-out><![CDATA[
COMMAND: GET /session/86cef292dcf99a21db7bb59b41f5200f/screenshot - {}
COMMAND: POST /session/86cef292dcf99a21db7bb59b41f5200f/execute/async - {"script":"<script> [1562 bytes]","args":[{"selector":{"controlType":"sap.m.Title","viewName":"etm.portal.ui.managesites.view.Master","viewId":"application-managesites-display-component---masterSite","i18NText":{"propertyName":"text","key":"sites"}},"wdio_ui5_key":"etmportal.ui.managesites.view.Mastersap.m.Title{\"propertyName\":\"text\",\"key\":\"sites\"}"}]}
RESULT: {}
RESULT: {"script":"<script> [1562 bytes]","args":[{"selector":{"controlType":"sap.m.Title","viewName":"etm.portal.ui.managesites.view.Master","viewId":"application-managesites-display-component---masterSite","i18NText":{"propertyName":"text","key":"sites"}},"wdio_ui5_key":"etmportal.ui.managesites.view.Mastersap.m.Title{\"propertyName\":\"text\",\"key\":\"sites\"}"}]}
RESULT: undefined
COMMAND: POST /session/86cef292dcf99a21db7bb59b41f5200f/execute/async - {"script":"<script> [6424 bytes]","args":[{"element-6066-11e4-a52e-4f735466cecf":"f.D07DA9D7691935B74F99E9A1B60A37E7.d.C080CBA491DB44A4B925DB0B9DE14107.e.4457"},"getText",[]]}
RESULT: {"script":"<script> [6424 bytes]","args":[{"element-6066-11e4-a52e-4f735466cecf":"f.D07DA9D7691935B74F99E9A1B60A37E7.d.C080CBA491DB44A4B925DB0B9DE14107.e.4457"},"getText",[]]}
COMMAND: POST /session/86cef292dcf99a21db7bb59b41f5200f/execute/async - {"script":"<script> [1562 bytes]","args":[{"selector":{"controlType":"sap.ui.core.Icon","viewName":"etm.portal.ui.managesites.view.Master","viewId":"application-managesites-display-component---masterSite","properties":{"src":{"regex":{"source":"add"}}}},"wdio_ui5_key":"etmportal.ui.managesites.view.Mastersap.ui.core.Icon{\"src\":{\"regex\":{\"source\":\"add\"}}}"}]}
RESULT: {"script":"<script> [1562 bytes]","args":[{"selector":{"controlType":"sap.ui.core.Icon","viewName":"etm.portal.ui.managesites.view.Master","viewId":"application-managesites-display-component---masterSite","properties":{"src":{"regex":{"source":"add"}}}},"wdio_ui5_key":"etmportal.ui.managesites.view.Mastersap.ui.core.Icon{\"src\":{\"regex\":{\"source\":\"add\"}}}"}]}
RESULT: undefined
COMMAND: POST /session/86cef292dcf99a21db7bb59b41f5200f/element - {"using":"xpath","value":"//*[@id=\"__button4-img\"]"}
RESULT: {"using":"xpath","value":"//*[@id=\"__button4-img\"]"}
COMMAND: POST /session/86cef292dcf99a21db7bb59b41f5200f/element/f.D07DA9D7691935B74F99E9A1B60A37E7.d.C080CBA491DB44A4B925DB0B9DE14107.e.4332/click - {}
RESULT: {}
COMMAND: POST /session/86cef292dcf99a21db7bb59b41f5200f/execute/async - {"script":"<script> [1562 bytes]","args":[{"selector":{"id":"application-managesites-display-component---NewSite--siteId","interaction":{"idSuffix":"inner"}},"wdio_ui5_key":"applicationmanagesites-display-component---NewSite--siteId"}]}
COMMAND: GET /session/86cef292dcf99a21db7bb59b41f5200f/screenshot - {}
RESULT: {"script":"<script> [1562 bytes]","args":[{"selector":{"id":"application-managesites-display-component---NewSite--siteId","interaction":{"idSuffix":"inner"}},"wdio_ui5_key":"applicationmanagesites-display-component---NewSite--siteId"}]}
RESULT: undefined
COMMAND: POST /session/86cef292dcf99a21db7bb59b41f5200f/execute/async - {"script":"<script> [1562 bytes]","args":[{"selector":{"id":"application-managesites-display-component---NewSite--addressDetailDetailsName1","interaction":{"idSuffix":"inner"}},"wdio_ui5_key":"applicationmanagesites-display-component---NewSite--addressDetailDetailsName1"}]}
RESULT: {}
RESULT: {"script":"<script> [1562 bytes]","args":[{"selector":{"id":"application-managesites-display-component---NewSite--addressDetailDetailsName1","interaction":{"idSuffix":"inner"}},"wdio_ui5_key":"applicationmanagesites-display-component---NewSite--addressDetailDetailsName1"}]}
RESULT: undefined
COMMAND: POST /session/86cef292dcf99a21db7bb59b41f5200f/execute/async - {"script":"<script> [776 bytes]","args":[{"enterText":"Webdriver Site 1ct5nf","selector":{"id":"application-managesites-display-component---NewSite--addressDetailDetailsName1","interaction":{"idSuffix":"inner"}},"clearTextFirst":true,"interactionType":"ENTER_TEXT"}]}
RESULT: {"script":"<script> [776 bytes]","args":[{"enterText":"Webdriver Site 1ct5nf","selector":{"id":"application-managesites-display-component---NewSite--addressDetailDetailsName1","interaction":{"idSuffix":"inner"}},"clearTextFirst":true,"interactionType":"ENTER_TEXT"}]}
COMMAND: POST /session/86cef292dcf99a21db7bb59b41f5200f/execute/async - {"script":"<script> [1562 bytes]","args":[{"selector":{"id":"application-managesites-display-component---NewSite--addressDetailDetailsLanguage","interaction":{"idSuffix":"inner"}},"wdio_ui5_key":"applicationmanagesites-display-component---NewSite--addressDetailDetailsLanguage"}]}
RESULT: {"script":"<script> [1562 bytes]","args":[{"selector":{"id":"application-managesites-display-component---NewSite--addressDetailDetailsLanguage","interaction":{"idSuffix":"inner"}},"wdio_ui5_key":"applicationmanagesites-display-component---NewSite--addressDetailDetailsLanguage"}]}
RESULT: undefined
COMMAND: POST /session/86cef292dcf99a21db7bb59b41f5200f/execute/async - {"script":"<script> [776 bytes]","args":[{"enterText":"Romanian","selector":{"id":"application-managesites-display-component---NewSite--addressDetailDetailsLanguage","interaction":{"idSuffix":"inner"}},"clearTextFirst":true,"interactionType":"ENTER_TEXT"}]}
RESULT: {"script":"<script> [776 bytes]","args":[{"enterText":"Romanian","selector":{"id":"application-managesites-display-component---NewSite--addressDetailDetailsLanguage","interaction":{"idSuffix":"inner"}},"clearTextFirst":true,"interactionType":"ENTER_TEXT"}]}
COMMAND: POST /session/86cef292dcf99a21db7bb59b41f5200f/execute/async - {"script":"<script> [1562 bytes]","args":[{"selector":{"id":"application-managesites-display-component---NewSite--addressDetailDetailsCity1","interaction":{"idSuffix":"inner"}},"wdio_ui5_key":"applicationmanagesites-display-component---NewSite--addressDetailDetailsCity1"}]}
RESULT: {"script":"<script> [1562 bytes]","args":[{"selector":{"id":"application-managesites-display-component---NewSite--addressDetailDetailsCity1","interaction":{"idSuffix":"inner"}},"wdio_ui5_key":"applicationmanagesites-display-component---NewSite--addressDetailDetailsCity1"}]}
RESULT: undefined
COMMAND: POST /session/86cef292dcf99a21db7bb59b41f5200f/execute/async - {"script":"<script> [776 bytes]","args":[{"enterText":"Bucharest","selector":{"id":"application-managesites-display-component---NewSite--addressDetailDetailsCity1","interaction":{"idSuffix":"inner"}},"clearTextFirst":true,"interactionType":"ENTER_TEXT"}]}
RESULT: {"script":"<script> [776 bytes]","args":[{"enterText":"Bucharest","selector":{"id":"application-managesites-display-component---NewSite--addressDetailDetailsCity1","interaction":{"idSuffix":"inner"}},"clearTextFirst":true,"interactionType":"ENTER_TEXT"}]}
COMMAND: POST /session/86cef292dcf99a21db7bb59b41f5200f/execute/async - {"script":"<script> [1562 bytes]","args":[{"selector":{"id":"application-managesites-display-component---NewSite--addressDetailDetailsCountry","interaction":{"idSuffix":"inner"}},"wdio_ui5_key":"applicationmanagesites-display-component---NewSite--addressDetailDetailsCountry"}]}
RESULT: {"script":"<script> [1562 bytes]","args":[{"selector":{"id":"application-managesites-display-component---NewSite--addressDetailDetailsCountry","interaction":{"idSuffix":"inner"}},"wdio_ui5_key":"applicationmanagesites-display-component---NewSite--addressDetailDetailsCountry"}]}
RESULT: undefined
COMMAND: POST /session/86cef292dcf99a21db7bb59b41f5200f/execute/async - {"script":"<script> [776 bytes]","args":[{"enterText":"Romania","selector":{"id":"application-managesites-display-component---NewSite--addressDetailDetailsCountry","interaction":{"idSuffix":"inner"}},"clearTextFirst":true,"interactionType":"ENTER_TEXT"}]}
RESULT: {"script":"<script> [776 bytes]","args":[{"enterText":"Romania","selector":{"id":"application-managesites-display-component---NewSite--addressDetailDetailsCountry","interaction":{"idSuffix":"inner"}},"clearTextFirst":true,"interactionType":"ENTER_TEXT"}]}
COMMAND: POST /session/86cef292dcf99a21db7bb59b41f5200f/execute/async - {"script":"<script> [1562 bytes]","args":[{"selector":{"id":"application-managesites-display-component---NewSite--addressDetailDetailsCalendar","interaction":{"idSuffix":"inner"}},"wdio_ui5_key":"applicationmanagesites-display-component---NewSite--addressDetailDetailsCalendar"}]}
RESULT: {"script":"<script> [1562 bytes]","args":[{"selector":{"id":"application-managesites-display-component---NewSite--addressDetailDetailsCalendar","interaction":{"idSuffix":"inner"}},"wdio_ui5_key":"applicationmanagesites-display-component---NewSite--addressDetailDetailsCalendar"}]}
RESULT: undefined
COMMAND: POST /session/86cef292dcf99a21db7bb59b41f5200f/execute/async - {"script":"<script> [776 bytes]","args":[{"enterText":"Germany","selector":{"id":"application-managesites-display-component---NewSite--addressDetailDetailsCalendar","interaction":{"idSuffix":"inner"}},"clearTextFirst":true,"interactionType":"ENTER_TEXT"}]}
RESULT: {"script":"<script> [776 bytes]","args":[{"enterText":"Germany","selector":{"id":"application-managesites-display-component---NewSite--addressDetailDetailsCalendar","interaction":{"idSuffix":"inner"}},"clearTextFirst":true,"interactionType":"ENTER_TEXT"}]}
COMMAND: POST /session/86cef292dcf99a21db7bb59b41f5200f/execute/async - {"script":"<script> [1562 bytes]","args":[{"selector":{"id":"application-managesites-display-component---NewSite--addressEditDetailsCostObjectCstType-arrow"},"wdio_ui5_key":"applicationmanagesites-display-component---NewSite--addressEditDetailsCostObjectCstType-arrow"}]}
RESULT: {"script":"<script> [1562 bytes]","args":[{"selector":{"id":"application-managesites-display-component---NewSite--addressEditDetailsCostObjectCstType-arrow"},"wdio_ui5_key":"applicationmanagesites-display-component---NewSite--addressEditDetailsCostObjectCstType-arrow"}]}
RESULT: undefined
COMMAND: POST /session/86cef292dcf99a21db7bb59b41f5200f/element - {"using":"xpath","value":"//*[@id=\"application-managesites-display-component---NewSite--addressEditDetailsCostObjectCstType-arrow\"]"}
RESULT: {"using":"xpath","value":"//*[@id=\"application-managesites-display-component---NewSite--addressEditDetailsCostObjectCstType-arrow\"]"}
COMMAND: POST /session/86cef292dcf99a21db7bb59b41f5200f/element/f.D07DA9D7691935B74F99E9A1B60A37E7.d.C080CBA491DB44A4B925DB0B9DE14107.e.4724/click - {}
RESULT: {}
COMMAND: POST /session/86cef292dcf99a21db7bb59b41f5200f/element - {"using":"xpath","value":"//span[contains(text(), \"Work Breakdown Structure\")]"}
COMMAND: GET /session/86cef292dcf99a21db7bb59b41f5200f/screenshot - {}
RESULT: {"using":"xpath","value":"//span[contains(text(), \"Work Breakdown Structure\")]"}
COMMAND: POST /session/86cef292dcf99a21db7bb59b41f5200f/element/f.D07DA9D7691935B74F99E9A1B60A37E7.d.C080CBA491DB44A4B925DB0B9DE14107.e.4725/click - {}
RESULT: {}
RESULT: {}
COMMAND: GET /session/86cef292dcf99a21db7bb59b41f5200f/screenshot - {}
RESULT: {}
COMMAND: POST /session/86cef292dcf99a21db7bb59b41f5200f/execute/async - {"script":"<script> [1562 bytes]","args":[{"selector":{"id":"application-managesites-display-component---NewSite--addressNewCostObjectCstID-vhi"},"wdio_ui5_key":"applicationmanagesites-display-component---NewSite--addressNewCostObjectCstID-vhi"}]}
RESULT: {"script":"<script> [1562 bytes]","args":[{"selector":{"id":"application-managesites-display-component---NewSite--addressNewCostObjectCstID-vhi"},"wdio_ui5_key":"applicationmanagesites-display-component---NewSite--addressNewCostObjectCstID-vhi"}]}
RESULT: undefined
COMMAND: POST /session/86cef292dcf99a21db7bb59b41f5200f/element - {"using":"xpath","value":"//*[@id=\"application-managesites-display-component---NewSite--addressNewCostObjectCstID-vhi\"]"}
RESULT: {"using":"xpath","value":"//*[@id=\"application-managesites-display-component---NewSite--addressNewCostObjectCstID-vhi\"]"}
COMMAND: POST /session/86cef292dcf99a21db7bb59b41f5200f/element/f.D07DA9D7691935B74F99E9A1B60A37E7.d.C080CBA491DB44A4B925DB0B9DE14107.e.4730/click - {}
RESULT: {}
COMMAND: GET /session/86cef292dcf99a21db7bb59b41f5200f/screenshot - {}
RESULT: {}
COMMAND: POST /session/86cef292dcf99a21db7bb59b41f5200f/execute/async - {"script":"<script> [1562 bytes]","args":[{"selector":{"controlType":"sap.m.SearchField","properties":{"placeholder":"Search"},"searchOpenDialogs":true,"interaction":{"idSuffix":"I"}},"wdio_ui5_key":"sapm.SearchField{\"placeholder\":\"Search\"}"}]}
RESULT: {"script":"<script> [1562 bytes]","args":[{"selector":{"controlType":"sap.m.SearchField","properties":{"placeholder":"Search"},"searchOpenDialogs":true,"interaction":{"idSuffix":"I"}},"wdio_ui5_key":"sapm.SearchField{\"placeholder\":\"Search\"}"}]}
RESULT: undefined
COMMAND: POST /session/86cef292dcf99a21db7bb59b41f5200f/execute/async - {"script":"<script> [776 bytes]","args":[{"enterText":"A1-000100-01","selector":{"controlType":"sap.m.SearchField","properties":{"placeholder":"Search"},"searchOpenDialogs":true,"interaction":{"idSuffix":"I"}},"clearTextFirst":true,"interactionType":"ENTER_TEXT"}]}
RESULT: {"script":"<script> [776 bytes]","args":[{"enterText":"A1-000100-01","selector":{"controlType":"sap.m.SearchField","properties":{"placeholder":"Search"},"searchOpenDialogs":true,"interaction":{"idSuffix":"I"}},"clearTextFirst":true,"interactionType":"ENTER_TEXT"}]}
COMMAND: POST /session/86cef292dcf99a21db7bb59b41f5200f/actions - {"actions":[{"id":"action8","type":"key","parameters":{},"actions":[{"type":"keyDown","value":"î€‡"},{"type":"pause","duration":10},{"type":"keyUp","value":"î€‡"}]}]}
RESULT: {"actions":[{"id":"action8","type":"key","parameters":{},"actions":[{"type":"keyDown","value":"î€‡"},{"type":"pause","duration":10},{"type":"keyUp","value":"î€‡"}]}]}
COMMAND: GET /session/86cef292dcf99a21db7bb59b41f5200f/screenshot - {}
RESULT: {}
COMMAND: POST /session/86cef292dcf99a21db7bb59b41f5200f/element - {"using":"xpath","value":"//span[contains(text(), \"Template for ETO-Process\")]"}
RESULT: {"using":"xpath","value":"//span[contains(text(), \"Template for ETO-Process\")]"}
COMMAND: POST /session/86cef292dcf99a21db7bb59b41f5200f/element/f.D07DA9D7691935B74F99E9A1B60A37E7.d.C080CBA491DB44A4B925DB0B9DE14107.e.4749/click - {}
RESULT: {}
COMMAND: GET /session/86cef292dcf99a21db7bb59b41f5200f/screenshot - {}
RESULT: {}
COMMAND: POST /session/86cef292dcf99a21db7bb59b41f5200f/element - {"using":"xpath","value":"//bdi[contains(text(), \"OK\")]"}
RESULT: {"using":"xpath","value":"//bdi[contains(text(), \"OK\")]"}
COMMAND: POST /session/86cef292dcf99a21db7bb59b41f5200f/element/f.D07DA9D7691935B74F99E9A1B60A37E7.d.C080CBA491DB44A4B925DB0B9DE14107.e.4750/click - {}
RESULT: {}
COMMAND: GET /session/86cef292dcf99a21db7bb59b41f5200f/screenshot - {}
RESULT: {}
COMMAND: POST /session/86cef292dcf99a21db7bb59b41f5200f/element - {"using":"xpath","value":"//input[@id=\"application-managesites-display-component---NewSite--addressDetailDetailsYard-inner\"]"}
RESULT: {"using":"xpath","value":"//input[@id=\"application-managesites-display-component---NewSite--addressDetailDetailsYard-inner\"]"}
COMMAND: POST /session/86cef292dcf99a21db7bb59b41f5200f/element/f.D07DA9D7691935B74F99E9A1B60A37E7.d.C080CBA491DB44A4B925DB0B9DE14107.e.4519/value - {"text":"330"}
RESULT: {"text":"330"}
COMMAND: GET /session/86cef292dcf99a21db7bb59b41f5200f/screenshot - {}
RESULT: {}
COMMAND: POST /session/86cef292dcf99a21db7bb59b41f5200f/actions - {"actions":[{"id":"action9","type":"key","parameters":{},"actions":[{"type":"keyDown","value":"î€‡"},{"type":"pause","duration":10},{"type":"keyUp","value":"î€‡"}]}]}
RESULT: {"actions":[{"id":"action9","type":"key","parameters":{},"actions":[{"type":"keyDown","value":"î€‡"},{"type":"pause","duration":10},{"type":"keyUp","value":"î€‡"}]}]}
COMMAND: GET /session/86cef292dcf99a21db7bb59b41f5200f/screenshot - {}
RESULT: {}
COMMAND: POST /session/86cef292dcf99a21db7bb59b41f5200f/element - {"using":"xpath","value":"//input[@id=\"application-managesites-display-component---NewSite--addressDetailDetailsPartner-inner\"]"}
RESULT: {"using":"xpath","value":"//input[@id=\"application-managesites-display-component---NewSite--addressDetailDetailsPartner-inner\"]"}
COMMAND: POST /session/86cef292dcf99a21db7bb59b41f5200f/elements - {"using":"xpath","value":"//input[@id=\"application-managesites-display-component---NewSite--addressDetailDetailsPartner-inner\"]"}
RESULT: {"using":"xpath","value":"//input[@id=\"application-managesites-display-component---NewSite--addressDetailDetailsPartner-inner\"]"}
COMMAND: POST /session/86cef292dcf99a21db7bb59b41f5200f/execute/async - {"script":"<script> [1562 bytes]","args":[{"selector":{"controlType":"sap.m.Button","viewName":"etm.portal.ui.managesites.view.NewSmartSite","viewId":"application-managesites-display-component---NewSite","properties":{"text":"Commercial"},"interaction":{"idSuffix":"BDI-content"}},"wdio_ui5_key":"etmportal.ui.managesites.view.NewSmartSitesap.m.Button{\"text\":\"Commercial\"}"}]}
RESULT: {"script":"<script> [1562 bytes]","args":[{"selector":{"controlType":"sap.m.Button","viewName":"etm.portal.ui.managesites.view.NewSmartSite","viewId":"application-managesites-display-component---NewSite","properties":{"text":"Commercial"},"interaction":{"idSuffix":"BDI-content"}},"wdio_ui5_key":"etmportal.ui.managesites.view.NewSmartSitesap.m.Button{\"text\":\"Commercial\"}"}]}
RESULT: undefined
COMMAND: POST /session/86cef292dcf99a21db7bb59b41f5200f/element - {"using":"xpath","value":"//*[@id=\"application-managesites-display-component---NewSite--ObjectPageLayout-anchBar-__section5-anchor\"]"}
RESULT: {"using":"xpath","value":"//*[@id=\"application-managesites-display-component---NewSite--ObjectPageLayout-anchBar-__section5-anchor\"]"}
COMMAND: POST /session/86cef292dcf99a21db7bb59b41f5200f/element/f.D07DA9D7691935B74F99E9A1B60A37E7.d.C080CBA491DB44A4B925DB0B9DE14107.e.4757/click - {}
RESULT: {}
COMMAND: POST /session/86cef292dcf99a21db7bb59b41f5200f/execute/async - {"script":"<script> [1562 bytes]","args":[{"selector":{"controlType":"sap.m.Button","viewName":"etm.portal.ui.managesites.view.NewSmartSite","viewId":"application-managesites-display-component---NewSite","i18NText":{"propertyName":"text","key":"save"},"interaction":{"idSuffix":"BDI-content"}},"wdio_ui5_key":"etmportal.ui.managesites.view.NewSmartSitesap.m.Button{\"propertyName\":\"text\",\"key\":\"save\"}"}]}
COMMAND: GET /session/86cef292dcf99a21db7bb59b41f5200f/screenshot - {}
RESULT: {"script":"<script> [1562 bytes]","args":[{"selector":{"controlType":"sap.m.Button","viewName":"etm.portal.ui.managesites.view.NewSmartSite","viewId":"application-managesites-display-component---NewSite","i18NText":{"propertyName":"text","key":"save"},"interaction":{"idSuffix":"BDI-content"}},"wdio_ui5_key":"etmportal.ui.managesites.view.NewSmartSitesap.m.Button{\"propertyName\":\"text\",\"key\":\"save\"}"}]}
RESULT: undefined
COMMAND: POST /session/86cef292dcf99a21db7bb59b41f5200f/element - {"using":"xpath","value":"//*[@id=\"__button16\"]"}
RESULT: {}
RESULT: {"using":"xpath","value":"//*[@id=\"__button16\"]"}
COMMAND: POST /session/86cef292dcf99a21db7bb59b41f5200f/element/f.D07DA9D7691935B74F99E9A1B60A37E7.d.C080CBA491DB44A4B925DB0B9DE14107.e.4671/click - {}
RESULT: {}
COMMAND: GET /session/86cef292dcf99a21db7bb59b41f5200f/screenshot - {}
RESULT: {}
COMMAND: POST /session/86cef292dcf99a21db7bb59b41f5200f/execute/async - {"script":"<script> [1562 bytes]","args":[{"selector":{"id":"application-managesites-display-component---detailSite--addressDetailDetailsYardText"},"wdio_ui5_key":"applicationmanagesites-display-component---detailSite--addressDetailDetailsYardText"}]}
RESULT: {"script":"<script> [1562 bytes]","args":[{"selector":{"id":"application-managesites-display-component---detailSite--addressDetailDetailsYardText"},"wdio_ui5_key":"applicationmanagesites-display-component---detailSite--addressDetailDetailsYardText"}]}
RESULT: undefined
COMMAND: POST /session/86cef292dcf99a21db7bb59b41f5200f/element - {"using":"xpath","value":"//header/div/div[2]/div[2]/span"}
RESULT: {"using":"xpath","value":"//header/div/div[2]/div[2]/span"}
COMMAND: GET /session/86cef292dcf99a21db7bb59b41f5200f/element/f.D07DA9D7691935B74F99E9A1B60A37E7.d.C080CBA491DB44A4B925DB0B9DE14107.e.4970/text - {}
RESULT: {}
COMMAND: POST /session/86cef292dcf99a21db7bb59b41f5200f/execute/async - {"script":"<script> [1562 bytes]","args":[{"selector":{"controlType":"sap.m.Label","viewName":"etm.portal.ui.managesites.view.Detail","viewId":"application-managesites-display-component---detailSite","i18NText":{"propertyName":"text","key":"status"}},"wdio_ui5_key":"etmportal.ui.managesites.view.Detailsap.m.Label{\"propertyName\":\"text\",\"key\":\"status\"}"}]}
RESULT: {"script":"<script> [1562 bytes]","args":[{"selector":{"controlType":"sap.m.Label","viewName":"etm.portal.ui.managesites.view.Detail","viewId":"application-managesites-display-component---detailSite","i18NText":{"propertyName":"text","key":"status"}},"wdio_ui5_key":"etmportal.ui.managesites.view.Detailsap.m.Label{\"propertyName\":\"text\",\"key\":\"status\"}"}]}
RESULT: undefined
COMMAND: POST /session/86cef292dcf99a21db7bb59b41f5200f/execute/async - {"script":"<script> [6424 bytes]","args":[{"element-6066-11e4-a52e-4f735466cecf":"f.D07DA9D7691935B74F99E9A1B60A37E7.d.C080CBA491DB44A4B925DB0B9DE14107.e.4957"},"getText",[]]}
RESULT: {"script":"<script> [6424 bytes]","args":[{"element-6066-11e4-a52e-4f735466cecf":"f.D07DA9D7691935B74F99E9A1B60A37E7.d.C080CBA491DB44A4B925DB0B9DE14107.e.4957"},"getText",[]]}
]]></system-out>
    </testcase>
    <testcase classname="chrome.135_0_7049_96.windows.Create_2_sites_US118246" name="Should create WHM site" time="50.634">
      <system-out><![CDATA[
RESULT: undefined
COMMAND: POST /session/86cef292dcf99a21db7bb59b41f5200f/element - {"using":"xpath","value":"//*[@id=\"__button4-img\"]"}
RESULT: {"using":"xpath","value":"//*[@id=\"__button4-img\"]"}
COMMAND: POST /session/86cef292dcf99a21db7bb59b41f5200f/element/f.D07DA9D7691935B74F99E9A1B60A37E7.d.C080CBA491DB44A4B925DB0B9DE14107.e.4971/click - {}
RESULT: {}
COMMAND: GET /session/86cef292dcf99a21db7bb59b41f5200f/screenshot - {}
RESULT: {}
RESULT: undefined
COMMAND: POST /session/86cef292dcf99a21db7bb59b41f5200f/execute/async - {"script":"<script> [1562 bytes]","args":[{"selector":{"controlType":"sap.m.Button","viewName":"etm.portal.ui.managesites.view.NewSmartSite","viewId":"application-managesites-display-component---NewSite","properties":{"text":"General Information"},"interaction":{"idSuffix":"BDI-content"}},"wdio_ui5_key":"etmportal.ui.managesites.view.NewSmartSitesap.m.Button{\"text\":\"General Information\"}"}]}
RESULT: {"script":"<script> [1562 bytes]","args":[{"selector":{"controlType":"sap.m.Button","viewName":"etm.portal.ui.managesites.view.NewSmartSite","viewId":"application-managesites-display-component---NewSite","properties":{"text":"General Information"},"interaction":{"idSuffix":"BDI-content"}},"wdio_ui5_key":"etmportal.ui.managesites.view.NewSmartSitesap.m.Button{\"text\":\"General Information\"}"}]}
RESULT: undefined
COMMAND: POST /session/86cef292dcf99a21db7bb59b41f5200f/element - {"using":"xpath","value":"//*[@id=\"application-managesites-display-component---NewSite--ObjectPageLayout-anchBar-__section3-anchor\"]"}
RESULT: {"using":"xpath","value":"//*[@id=\"application-managesites-display-component---NewSite--ObjectPageLayout-anchBar-__section3-anchor\"]"}
COMMAND: POST /session/86cef292dcf99a21db7bb59b41f5200f/element/f.D07DA9D7691935B74F99E9A1B60A37E7.d.C080CBA491DB44A4B925DB0B9DE14107.e.5152/click - {}
RESULT: {}
RESULT: undefined
COMMAND: POST /session/86cef292dcf99a21db7bb59b41f5200f/execute/async - {"script":"<script> [776 bytes]","args":[{"enterText":"Webdriver WHM Site pqlkrg","selector":{"id":"application-managesites-display-component---NewSite--addressDetailDetailsName1","interaction":{"idSuffix":"inner"}},"clearTextFirst":true,"interactionType":"ENTER_TEXT"}]}
COMMAND: GET /session/86cef292dcf99a21db7bb59b41f5200f/screenshot - {}
RESULT: {"script":"<script> [776 bytes]","args":[{"enterText":"Webdriver WHM Site pqlkrg","selector":{"id":"application-managesites-display-component---NewSite--addressDetailDetailsName1","interaction":{"idSuffix":"inner"}},"clearTextFirst":true,"interactionType":"ENTER_TEXT"}]}
RESULT: {}
RESULT: undefined
COMMAND: POST /session/86cef292dcf99a21db7bb59b41f5200f/execute/async - {"script":"<script> [776 bytes]","args":[{"enterText":"Romanian","selector":{"id":"application-managesites-display-component---NewSite--addressDetailDetailsLanguage","interaction":{"idSuffix":"inner"}},"clearTextFirst":true,"interactionType":"ENTER_TEXT"}]}
RESULT: {"script":"<script> [776 bytes]","args":[{"enterText":"Romanian","selector":{"id":"application-managesites-display-component---NewSite--addressDetailDetailsLanguage","interaction":{"idSuffix":"inner"}},"clearTextFirst":true,"interactionType":"ENTER_TEXT"}]}
COMMAND: POST /session/86cef292dcf99a21db7bb59b41f5200f/actions - {"actions":[{"id":"action10","type":"key","parameters":{},"actions":[{"type":"keyDown","value":"î€‡"},{"type":"pause","duration":10},{"type":"keyUp","value":"î€‡"}]}]}
RESULT: {"actions":[{"id":"action10","type":"key","parameters":{},"actions":[{"type":"keyDown","value":"î€‡"},{"type":"pause","duration":10},{"type":"keyUp","value":"î€‡"}]}]}
RESULT: undefined
COMMAND: POST /session/86cef292dcf99a21db7bb59b41f5200f/execute/async - {"script":"<script> [776 bytes]","args":[{"enterText":"Bucharest","selector":{"id":"application-managesites-display-component---NewSite--addressDetailDetailsCity1","interaction":{"idSuffix":"inner"}},"clearTextFirst":true,"interactionType":"ENTER_TEXT"}]}
COMMAND: GET /session/86cef292dcf99a21db7bb59b41f5200f/screenshot - {}
RESULT: {"script":"<script> [776 bytes]","args":[{"enterText":"Bucharest","selector":{"id":"application-managesites-display-component---NewSite--addressDetailDetailsCity1","interaction":{"idSuffix":"inner"}},"clearTextFirst":true,"interactionType":"ENTER_TEXT"}]}
RESULT: {}
COMMAND: POST /session/86cef292dcf99a21db7bb59b41f5200f/actions - {"actions":[{"id":"action11","type":"key","parameters":{},"actions":[{"type":"keyDown","value":"î€‡"},{"type":"pause","duration":10},{"type":"keyUp","value":"î€‡"}]}]}
RESULT: {"actions":[{"id":"action11","type":"key","parameters":{},"actions":[{"type":"keyDown","value":"î€‡"},{"type":"pause","duration":10},{"type":"keyUp","value":"î€‡"}]}]}
RESULT: undefined
COMMAND: POST /session/86cef292dcf99a21db7bb59b41f5200f/execute/async - {"script":"<script> [6424 bytes]","args":[{"element-6066-11e4-a52e-4f735466cecf":"f.D07DA9D7691935B74F99E9A1B60A37E7.d.C080CBA491DB44A4B925DB0B9DE14107.e.4508"},"setValue",["Romania"]]}
COMMAND: GET /session/86cef292dcf99a21db7bb59b41f5200f/screenshot - {}
COMMAND: POST /session/86cef292dcf99a21db7bb59b41f5200f/execute/async - {"script":"<script> [1562 bytes]","args":[{"selector":{"id":"application-managesites-display-component---NewSite--addressDetailDetailsCountry","interaction":{"idSuffix":"inner"}},"wdio_ui5_key":"applicationmanagesites-display-component---NewSite--addressDetailDetailsCountry"}]}
RESULT: {}
RESULT: {"script":"<script> [1562 bytes]","args":[{"selector":{"id":"application-managesites-display-component---NewSite--addressDetailDetailsCountry","interaction":{"idSuffix":"inner"}},"wdio_ui5_key":"applicationmanagesites-display-component---NewSite--addressDetailDetailsCountry"}]}
COMMAND: POST /session/86cef292dcf99a21db7bb59b41f5200f/execute/async - {"script":"<script> [6424 bytes]","args":[{"element-6066-11e4-a52e-4f735466cecf":"f.D07DA9D7691935B74F99E9A1B60A37E7.d.C080CBA491DB44A4B925DB0B9DE14107.e.5024"},"setValue",["Romania"]]}
RESULT: {"script":"<script> [6424 bytes]","args":[{"element-6066-11e4-a52e-4f735466cecf":"f.D07DA9D7691935B74F99E9A1B60A37E7.d.C080CBA491DB44A4B925DB0B9DE14107.e.5024"},"setValue",["Romania"]]}
COMMAND: POST /session/86cef292dcf99a21db7bb59b41f5200f/actions - {"actions":[{"id":"action12","type":"key","parameters":{},"actions":[{"type":"keyDown","value":"î€‡"},{"type":"pause","duration":10},{"type":"keyUp","value":"î€‡"}]}]}
RESULT: {"actions":[{"id":"action12","type":"key","parameters":{},"actions":[{"type":"keyDown","value":"î€‡"},{"type":"pause","duration":10},{"type":"keyUp","value":"î€‡"}]}]}
RESULT: undefined
COMMAND: POST /session/86cef292dcf99a21db7bb59b41f5200f/execute/async - {"script":"<script> [776 bytes]","args":[{"enterText":"Germany","selector":{"id":"application-managesites-display-component---NewSite--addressDetailDetailsCalendar","interaction":{"idSuffix":"inner"}},"clearTextFirst":true,"interactionType":"ENTER_TEXT"}]}
COMMAND: GET /session/86cef292dcf99a21db7bb59b41f5200f/screenshot - {}
RESULT: {"script":"<script> [776 bytes]","args":[{"enterText":"Germany","selector":{"id":"application-managesites-display-component---NewSite--addressDetailDetailsCalendar","interaction":{"idSuffix":"inner"}},"clearTextFirst":true,"interactionType":"ENTER_TEXT"}]}
RESULT: {}
COMMAND: POST /session/86cef292dcf99a21db7bb59b41f5200f/actions - {"actions":[{"id":"action13","type":"key","parameters":{},"actions":[{"type":"keyDown","value":"î€‡"},{"type":"pause","duration":10},{"type":"keyUp","value":"î€‡"}]}]}
RESULT: {"actions":[{"id":"action13","type":"key","parameters":{},"actions":[{"type":"keyDown","value":"î€‡"},{"type":"pause","duration":10},{"type":"keyUp","value":"î€‡"}]}]}
COMMAND: POST /session/86cef292dcf99a21db7bb59b41f5200f/execute/async - {"script":"<script> [1562 bytes]","args":[{"selector":{"id":"application-managesites-display-component---NewSite--addressEditDetailsCostObjectCstType","interaction":{"idSuffix":"inner"}},"wdio_ui5_key":"applicationmanagesites-display-component---NewSite--addressEditDetailsCostObjectCstType"}]}
COMMAND: GET /session/86cef292dcf99a21db7bb59b41f5200f/screenshot - {}
RESULT: {"script":"<script> [1562 bytes]","args":[{"selector":{"id":"application-managesites-display-component---NewSite--addressEditDetailsCostObjectCstType","interaction":{"idSuffix":"inner"}},"wdio_ui5_key":"applicationmanagesites-display-component---NewSite--addressEditDetailsCostObjectCstType"}]}
RESULT: undefined
COMMAND: POST /session/86cef292dcf99a21db7bb59b41f5200f/execute/async - {"script":"<script> [776 bytes]","args":[{"enterText":"Cost","selector":{"id":"application-managesites-display-component---NewSite--addressEditDetailsCostObjectCstType","interaction":{"idSuffix":"inner"}},"clearTextFirst":true,"interactionType":"ENTER_TEXT"}]}
RESULT: {}
RESULT: {"script":"<script> [776 bytes]","args":[{"enterText":"Cost","selector":{"id":"application-managesites-display-component---NewSite--addressEditDetailsCostObjectCstType","interaction":{"idSuffix":"inner"}},"clearTextFirst":true,"interactionType":"ENTER_TEXT"}]}
COMMAND: POST /session/86cef292dcf99a21db7bb59b41f5200f/actions - {"actions":[{"id":"action14","type":"key","parameters":{},"actions":[{"type":"keyDown","value":"î€‡"},{"type":"pause","duration":10},{"type":"keyUp","value":"î€‡"}]}]}
RESULT: {"actions":[{"id":"action14","type":"key","parameters":{},"actions":[{"type":"keyDown","value":"î€‡"},{"type":"pause","duration":10},{"type":"keyUp","value":"î€‡"}]}]}
COMMAND: POST /session/86cef292dcf99a21db7bb59b41f5200f/execute/async - {"script":"<script> [1562 bytes]","args":[{"selector":{"id":"application-managesites-display-component---NewSite--addressNewCostObjectCstID","interaction":{"idSuffix":"inner"}},"wdio_ui5_key":"applicationmanagesites-display-component---NewSite--addressNewCostObjectCstID"}]}
COMMAND: GET /session/86cef292dcf99a21db7bb59b41f5200f/screenshot - {}
RESULT: {"script":"<script> [1562 bytes]","args":[{"selector":{"id":"application-managesites-display-component---NewSite--addressNewCostObjectCstID","interaction":{"idSuffix":"inner"}},"wdio_ui5_key":"applicationmanagesites-display-component---NewSite--addressNewCostObjectCstID"}]}
RESULT: undefined
COMMAND: POST /session/86cef292dcf99a21db7bb59b41f5200f/execute/async - {"script":"<script> [776 bytes]","args":[{"enterText":"1001","selector":{"id":"application-managesites-display-component---NewSite--addressNewCostObjectCstID","interaction":{"idSuffix":"inner"}},"clearTextFirst":true,"interactionType":"ENTER_TEXT"}]}
RESULT: {}
RESULT: {"script":"<script> [776 bytes]","args":[{"enterText":"1001","selector":{"id":"application-managesites-display-component---NewSite--addressNewCostObjectCstID","interaction":{"idSuffix":"inner"}},"clearTextFirst":true,"interactionType":"ENTER_TEXT"}]}
COMMAND: POST /session/86cef292dcf99a21db7bb59b41f5200f/actions - {"actions":[{"id":"action15","type":"key","parameters":{},"actions":[{"type":"keyDown","value":"î€‡"},{"type":"pause","duration":10},{"type":"keyUp","value":"î€‡"}]}]}
RESULT: {"actions":[{"id":"action15","type":"key","parameters":{},"actions":[{"type":"keyDown","value":"î€‡"},{"type":"pause","duration":10},{"type":"keyUp","value":"î€‡"}]}]}
COMMAND: POST /session/86cef292dcf99a21db7bb59b41f5200f/element - {"using":"xpath","value":"//input[@id=\"application-managesites-display-component---NewSite--addressDetailDetailsYard-inner\"]"}
COMMAND: GET /session/86cef292dcf99a21db7bb59b41f5200f/screenshot - {}
RESULT: {"using":"xpath","value":"//input[@id=\"application-managesites-display-component---NewSite--addressDetailDetailsYard-inner\"]"}
COMMAND: POST /session/86cef292dcf99a21db7bb59b41f5200f/element/f.D07DA9D7691935B74F99E9A1B60A37E7.d.C080CBA491DB44A4B925DB0B9DE14107.e.5035/value - {"text":"331"}
RESULT: {}
RESULT: {"text":"331"}
COMMAND: GET /session/86cef292dcf99a21db7bb59b41f5200f/screenshot - {}
RESULT: {}
COMMAND: POST /session/86cef292dcf99a21db7bb59b41f5200f/actions - {"actions":[{"id":"action16","type":"key","parameters":{},"actions":[{"type":"keyDown","value":"î€‡"},{"type":"pause","duration":10},{"type":"keyUp","value":"î€‡"}]}]}
RESULT: {"actions":[{"id":"action16","type":"key","parameters":{},"actions":[{"type":"keyDown","value":"î€‡"},{"type":"pause","duration":10},{"type":"keyUp","value":"î€‡"}]}]}
COMMAND: GET /session/86cef292dcf99a21db7bb59b41f5200f/screenshot - {}
RESULT: {}
COMMAND: POST /session/86cef292dcf99a21db7bb59b41f5200f/element - {"using":"xpath","value":"//input[@id=\"application-managesites-display-component---NewSite--addressDetailDetailsPartner-inner\"]"}
RESULT: {"using":"xpath","value":"//input[@id=\"application-managesites-display-component---NewSite--addressDetailDetailsPartner-inner\"]"}
COMMAND: POST /session/86cef292dcf99a21db7bb59b41f5200f/elements - {"using":"xpath","value":"//input[@id=\"application-managesites-display-component---NewSite--addressDetailDetailsPartner-inner\"]"}
RESULT: {"using":"xpath","value":"//input[@id=\"application-managesites-display-component---NewSite--addressDetailDetailsPartner-inner\"]"}
RESULT: undefined
COMMAND: POST /session/86cef292dcf99a21db7bb59b41f5200f/element - {"using":"xpath","value":"//*[@id=\"application-managesites-display-component---NewSite--ObjectPageLayout-anchBar-__section5-anchor\"]"}
RESULT: {"using":"xpath","value":"//*[@id=\"application-managesites-display-component---NewSite--ObjectPageLayout-anchBar-__section5-anchor\"]"}
COMMAND: POST /session/86cef292dcf99a21db7bb59b41f5200f/element/f.D07DA9D7691935B74F99E9A1B60A37E7.d.C080CBA491DB44A4B925DB0B9DE14107.e.5159/click - {}
RESULT: {}
COMMAND: POST /session/86cef292dcf99a21db7bb59b41f5200f/execute/async - {"script":"<script> [1562 bytes]","args":[{"selector":{"id":"application-managesites-display-component---NewSite--siteWhmCheckBox-label","interaction":{"idSuffix":"bdi"}},"wdio_ui5_key":"applicationmanagesites-display-component---NewSite--siteWhmCheckBox-label"}]}
COMMAND: GET /session/86cef292dcf99a21db7bb59b41f5200f/screenshot - {}
RESULT: {"script":"<script> [1562 bytes]","args":[{"selector":{"id":"application-managesites-display-component---NewSite--siteWhmCheckBox-label","interaction":{"idSuffix":"bdi"}},"wdio_ui5_key":"applicationmanagesites-display-component---NewSite--siteWhmCheckBox-label"}]}
RESULT: undefined
COMMAND: POST /session/86cef292dcf99a21db7bb59b41f5200f/element - {"using":"xpath","value":"//*[@id=\"application-managesites-display-component---NewSite--siteWhmCheckBox-label\"]"}
RESULT: {}
RESULT: {"using":"xpath","value":"//*[@id=\"application-managesites-display-component---NewSite--siteWhmCheckBox-label\"]"}
COMMAND: POST /session/86cef292dcf99a21db7bb59b41f5200f/element/f.D07DA9D7691935B74F99E9A1B60A37E7.d.C080CBA491DB44A4B925DB0B9DE14107.e.5162/click - {}
RESULT: {}
RESULT: undefined
COMMAND: POST /session/86cef292dcf99a21db7bb59b41f5200f/element - {"using":"xpath","value":"//*[@id=\"__button16\"]"}
COMMAND: GET /session/86cef292dcf99a21db7bb59b41f5200f/screenshot - {}
RESULT: {"using":"xpath","value":"//*[@id=\"__button16\"]"}
COMMAND: POST /session/86cef292dcf99a21db7bb59b41f5200f/element/f.D07DA9D7691935B74F99E9A1B60A37E7.d.C080CBA491DB44A4B925DB0B9DE14107.e.5163/click - {}
RESULT: {}
RESULT: {}
COMMAND: GET /session/86cef292dcf99a21db7bb59b41f5200f/screenshot - {}
RESULT: {}
COMMAND: POST /session/86cef292dcf99a21db7bb59b41f5200f/element - {"using":"xpath","value":"//header/div/div[2]/div[2]/span"}
RESULT: {"using":"xpath","value":"//header/div/div[2]/div[2]/span"}
COMMAND: GET /session/86cef292dcf99a21db7bb59b41f5200f/element/f.D07DA9D7691935B74F99E9A1B60A37E7.d.C080CBA491DB44A4B925DB0B9DE14107.e.5364/text - {}
RESULT: {}
RESULT: undefined
RESULT: undefined
COMMAND: POST /session/86cef292dcf99a21db7bb59b41f5200f/execute/async - {"script":"<script> [6424 bytes]","args":[{"element-6066-11e4-a52e-4f735466cecf":"f.D07DA9D7691935B74F99E9A1B60A37E7.d.C080CBA491DB44A4B925DB0B9DE14107.e.4957"},"getText",[]]}
COMMAND: POST /session/86cef292dcf99a21db7bb59b41f5200f/execute/async - {"script":"<script> [1562 bytes]","args":[{"selector":{"controlType":"sap.m.Label","viewName":"etm.portal.ui.managesites.view.Detail","viewId":"application-managesites-display-component---detailSite","i18NText":{"propertyName":"text","key":"status"}},"wdio_ui5_key":"etmportal.ui.managesites.view.Detailsap.m.Label{\"propertyName\":\"text\",\"key\":\"status\"}"}]}
RESULT: {"script":"<script> [1562 bytes]","args":[{"selector":{"controlType":"sap.m.Label","viewName":"etm.portal.ui.managesites.view.Detail","viewId":"application-managesites-display-component---detailSite","i18NText":{"propertyName":"text","key":"status"}},"wdio_ui5_key":"etmportal.ui.managesites.view.Detailsap.m.Label{\"propertyName\":\"text\",\"key\":\"status\"}"}]}
COMMAND: POST /session/86cef292dcf99a21db7bb59b41f5200f/execute/async - {"script":"<script> [6424 bytes]","args":[{"element-6066-11e4-a52e-4f735466cecf":"f.D07DA9D7691935B74F99E9A1B60A37E7.d.C080CBA491DB44A4B925DB0B9DE14107.e.5353"},"getText",[]]}
RESULT: {"script":"<script> [6424 bytes]","args":[{"element-6066-11e4-a52e-4f735466cecf":"f.D07DA9D7691935B74F99E9A1B60A37E7.d.C080CBA491DB44A4B925DB0B9DE14107.e.5353"},"getText",[]]}
COMMAND: POST /session/86cef292dcf99a21db7bb59b41f5200f/execute/async - {"script":"<script> [1562 bytes]","args":[{"selector":{"id":"shell-header","interaction":{"idSuffix":"icon"}},"wdio_ui5_key":"shellheader"}]}
RESULT: {"script":"<script> [1562 bytes]","args":[{"selector":{"id":"shell-header","interaction":{"idSuffix":"icon"}},"wdio_ui5_key":"shellheader"}]}
RESULT: undefined
COMMAND: POST /session/86cef292dcf99a21db7bb59b41f5200f/element - {"using":"xpath","value":"//*[@id=\"shell-header\"]"}
RESULT: {"using":"xpath","value":"//*[@id=\"shell-header\"]"}
COMMAND: POST /session/86cef292dcf99a21db7bb59b41f5200f/element/f.D07DA9D7691935B74F99E9A1B60A37E7.d.C080CBA491DB44A4B925DB0B9DE14107.e.5365/click - {}
RESULT: {}
COMMAND: POST /session/86cef292dcf99a21db7bb59b41f5200f/refresh - {}
COMMAND: GET /session/86cef292dcf99a21db7bb59b41f5200f/screenshot - {}
RESULT: {}
COMMAND: GET /session/86cef292dcf99a21db7bb59b41f5200f/screenshot - {}
RESULT: {}
RESULT: {}
COMMAND: POST /session/86cef292dcf99a21db7bb59b41f5200f/refresh - {}
RESULT: {}
COMMAND: GET /session/86cef292dcf99a21db7bb59b41f5200f/screenshot - {}
RESULT: {}
COMMAND: POST /session/86cef292dcf99a21db7bb59b41f5200f/window/fullscreen - {}
RESULT: {}
COMMAND: POST /session/86cef292dcf99a21db7bb59b41f5200f/execute/async - {"script":"<script> [189 bytes]","args":[]}
RESULT: {"script":"<script> [189 bytes]","args":[]}
COMMAND: POST /session/86cef292dcf99a21db7bb59b41f5200f/execute/async - {"script":"<script> [123 bytes]","args":[]}
RESULT: {"script":"<script> [123 bytes]","args":[]}
COMMAND: POST /session/86cef292dcf99a21db7bb59b41f5200f/timeouts - {"script":"<number>"}
RESULT: {"script":"<number>"}
COMMAND: GET /session/86cef292dcf99a21db7bb59b41f5200f/timeouts - {}
RESULT: {}
RESULT: undefined
COMMAND: POST /session/86cef292dcf99a21db7bb59b41f5200f/execute/async - {"script":"<script> [2676 bytes]","args":[]}
RESULT: {"script":"<script> [2676 bytes]","args":[]}
COMMAND: POST /session/86cef292dcf99a21db7bb59b41f5200f/execute/async - {"script":"<script> [2342 bytes]","args":[{"protocol":"http","hostname":"0.0.0.0","path":"/","capabilities":{"browserName":"chrome","goog:chromeOptions":{"binary":"C:\\Program Files\\Google\\Chrome\\Application\\chrome.exe","args":["--start-maximized"]}},"logLevel":"warn","connectionRetryTimeout":120000,"connectionRetryCount":3,"logLevels":{},"enableDirectConnect":true,"strictSSL":true,"_":"65 more keys: [\"cacheDir\",\"port\",\"requestedCapabilities\",\"automationProtocol\",\"baseUrl\",\"waitforInterval\",\"waitforTimeout\",\"onReload\",\"beforeCommand\",\"afterCommand\",\"rootDir\",\"specs\",\"suites\",\"exclude\",\"groupLogsByTestSpec\",\"excludeDriverLogs\",\"bail\",\"framework\",\"reporters\",\"services\",\"maxInstances\",\"maxInstancesPerCapability\",\"injectGlobals\",\"filesToWatch\",\"execArgv\",\"runnerEnv\",\"runner\",\"shard\",\"specFileRetries\",\"specFileRetriesDelay\",\"specFileRetriesDeferred\",\"reporterSyncInterval\",\"reporterSyncTimeout\",\"cucumberFeaturesWithLineNumbers\",\"autoCompileOpts\",\"mochaOpts\",\"jasmineOpts\",\"cucumberOpts\",\"onPrepare\",\"onWorkerStart\",\"onWorkerEnd\",\"before\",\"beforeSession\",\"beforeSuite\",\"beforeHook\",\"beforeTest\",\"afterTest\",\"afterHook\",\"afterSuite\",\"afterSession\",\"after\",\"onComplete\",\"beforeAssertion\",\"afterAssertion\",\"beforeFeature\",\"beforeScenario\",\"beforeStep\",\"afterStep\",\"afterScenario\",\"afterFeature\",\"_\",\"suite\",\"$0\",\"ignoredWorkerServices\",\"wdi5\"]"}]}
RESULT: {"script":"<script> [2342 bytes]","args":[{"protocol":"http","hostname":"0.0.0.0","path":"/","capabilities":{"browserName":"chrome","goog:chromeOptions":{"binary":"C:\\Program Files\\Google\\Chrome\\Application\\chrome.exe","args":["--start-maximized"]}},"logLevel":"warn","connectionRetryTimeout":120000,"connectionRetryCount":3,"logLevels":{},"enableDirectConnect":true,"strictSSL":true,"_":"65 more keys: [\"cacheDir\",\"port\",\"requestedCapabilities\",\"automationProtocol\",\"baseUrl\",\"waitforInterval\",\"waitforTimeout\",\"onReload\",\"beforeCommand\",\"afterCommand\",\"rootDir\",\"specs\",\"suites\",\"exclude\",\"groupLogsByTestSpec\",\"excludeDriverLogs\",\"bail\",\"framework\",\"reporters\",\"services\",\"maxInstances\",\"maxInstancesPerCapability\",\"injectGlobals\",\"filesToWatch\",\"execArgv\",\"runnerEnv\",\"runner\",\"shard\",\"specFileRetries\",\"specFileRetriesDelay\",\"specFileRetriesDeferred\",\"reporterSyncInterval\",\"reporterSyncTimeout\",\"cucumberFeaturesWithLineNumbers\",\"autoCompileOpts\",\"mochaOpts\",\"jasmineOpts\",\"cucumberOpts\",\"onPrepare\",\"onWorkerStart\",\"onWorkerEnd\",\"before\",\"beforeSession\",\"beforeSuite\",\"beforeHook\",\"beforeTest\",\"afterTest\",\"afterHook\",\"afterSuite\",\"afterSession\",\"after\",\"onComplete\",\"beforeAssertion\",\"afterAssertion\",\"beforeFeature\",\"beforeScenario\",\"beforeStep\",\"afterStep\",\"afterScenario\",\"afterFeature\",\"_\",\"suite\",\"$0\",\"ignoredWorkerServices\",\"wdi5\"]"}]}
COMMAND: POST /session/86cef292dcf99a21db7bb59b41f5200f/execute/async - {"script":"<script> [21126 bytes]","args":[35000]}
RESULT: {"script":"<script> [21126 bytes]","args":[35000]}
COMMAND: POST /session/86cef292dcf99a21db7bb59b41f5200f/element - {"using":"css selector","value":"#j_username"}
COMMAND: POST /session/86cef292dcf99a21db7bb59b41f5200f/url - {"url":"https://qa-testing-00-live-etm-ui.cfapps.eu10-004.hana.ondemand.com/"}
RESULT: {"using":"css selector","value":"#j_username"}
COMMAND: POST /session/86cef292dcf99a21db7bb59b41f5200f/element - {"using":"css selector","value":"#j_username"}
RESULT: {"url":"https://qa-testing-00-live-etm-ui.cfapps.eu10-004.hana.ondemand.com/"}
RESULT: undefined
COMMAND: GET /session/86cef292dcf99a21db7bb59b41f5200f/screenshot - {}
RESULT: {"using":"css selector","value":"#j_username"}
COMMAND: POST /session/86cef292dcf99a21db7bb59b41f5200f/element - {"using":"css selector","value":"#shell-header-logo"}
RESULT: {}
RESULT: {"using":"css selector","value":"#shell-header-logo"}
COMMAND: POST /session/86cef292dcf99a21db7bb59b41f5200f/execute/sync - {"script":"<script> [8489 bytes]","args":[{"element-6066-11e4-a52e-4f735466cecf":"f.D07DA9D7691935B74F99E9A1B60A37E7.d.48DC7E439674A6F49AAE78114AABB90C.e.5706","ELEMENT":"f.D07DA9D7691935B74F99E9A1B60A37E7.d.48DC7E439674A6F49AAE78114AABB90C.e.5706"}]}
RESULT: {"script":"<script> [8489 bytes]","args":[{"element-6066-11e4-a52e-4f735466cecf":"f.D07DA9D7691935B74F99E9A1B60A37E7.d.48DC7E439674A6F49AAE78114AABB90C.e.5706","ELEMENT":"f.D07DA9D7691935B74F99E9A1B60A37E7.d.48DC7E439674A6F49AAE78114AABB90C.e.5706"}]}
COMMAND: POST /session/86cef292dcf99a21db7bb59b41f5200f/element - {"using":"css selector","value":"#shell-header-logo"}
COMMAND: GET /session/86cef292dcf99a21db7bb59b41f5200f/screenshot - {}
RESULT: {"using":"css selector","value":"#shell-header-logo"}
COMMAND: POST /session/86cef292dcf99a21db7bb59b41f5200f/execute/sync - {"script":"<script> [8489 bytes]","args":[{"element-6066-11e4-a52e-4f735466cecf":"f.D07DA9D7691935B74F99E9A1B60A37E7.d.48DC7E439674A6F49AAE78114AABB90C.e.5706","ELEMENT":"f.D07DA9D7691935B74F99E9A1B60A37E7.d.48DC7E439674A6F49AAE78114AABB90C.e.5706"}]}
RESULT: {}
RESULT: {"script":"<script> [8489 bytes]","args":[{"element-6066-11e4-a52e-4f735466cecf":"f.D07DA9D7691935B74F99E9A1B60A37E7.d.48DC7E439674A6F49AAE78114AABB90C.e.5706","ELEMENT":"f.D07DA9D7691935B74F99E9A1B60A37E7.d.48DC7E439674A6F49AAE78114AABB90C.e.5706"}]}
COMMAND: POST /session/86cef292dcf99a21db7bb59b41f5200f/execute/sync - {"script":"<script> [5351 bytes]","args":[{"element-6066-11e4-a52e-4f735466cecf":"f.D07DA9D7691935B74F99E9A1B60A37E7.d.48DC7E439674A6F49AAE78114AABB90C.e.5706","ELEMENT":"f.D07DA9D7691935B74F99E9A1B60A37E7.d.48DC7E439674A6F49AAE78114AABB90C.e.5706"}]}
COMMAND: GET /session/86cef292dcf99a21db7bb59b41f5200f/screenshot - {}
RESULT: {"script":"<script> [5351 bytes]","args":[{"element-6066-11e4-a52e-4f735466cecf":"f.D07DA9D7691935B74F99E9A1B60A37E7.d.48DC7E439674A6F49AAE78114AABB90C.e.5706","ELEMENT":"f.D07DA9D7691935B74F99E9A1B60A37E7.d.48DC7E439674A6F49AAE78114AABB90C.e.5706"}]}
COMMAND: POST /session/86cef292dcf99a21db7bb59b41f5200f/element - {"using":"css selector","value":"#shell-header-logo"}
COMMAND: GET /session/86cef292dcf99a21db7bb59b41f5200f/screenshot - {}
RESULT: {}
RESULT: {"using":"css selector","value":"#shell-header-logo"}
COMMAND: POST /session/86cef292dcf99a21db7bb59b41f5200f/element/f.D07DA9D7691935B74F99E9A1B60A37E7.d.48DC7E439674A6F49AAE78114AABB90C.e.5706/click - {}
RESULT: {}
RESULT: {}
COMMAND: GET /session/86cef292dcf99a21db7bb59b41f5200f/screenshot - {}
RESULT: {}
COMMAND: POST /session/86cef292dcf99a21db7bb59b41f5200f/execute/async - {"script":"<script> [189 bytes]","args":[]}
RESULT: {"script":"<script> [189 bytes]","args":[]}
COMMAND: POST /session/86cef292dcf99a21db7bb59b41f5200f/execute/async - {"script":"<script> [123 bytes]","args":[]}
RESULT: {"script":"<script> [123 bytes]","args":[]}
COMMAND: POST /session/86cef292dcf99a21db7bb59b41f5200f/timeouts - {"script":"<number>"}
RESULT: {"script":"<number>"}
COMMAND: GET /session/86cef292dcf99a21db7bb59b41f5200f/timeouts - {}
RESULT: {}
RESULT: undefined
COMMAND: POST /session/86cef292dcf99a21db7bb59b41f5200f/execute/async - {"script":"<script> [2676 bytes]","args":[]}
RESULT: {"script":"<script> [2676 bytes]","args":[]}
COMMAND: POST /session/86cef292dcf99a21db7bb59b41f5200f/execute/async - {"script":"<script> [2342 bytes]","args":[{"protocol":"http","hostname":"0.0.0.0","path":"/","capabilities":{"browserName":"chrome","goog:chromeOptions":{"binary":"C:\\Program Files\\Google\\Chrome\\Application\\chrome.exe","args":["--start-maximized"]}},"logLevel":"warn","connectionRetryTimeout":120000,"connectionRetryCount":3,"logLevels":{},"enableDirectConnect":true,"strictSSL":true,"_":"65 more keys: [\"cacheDir\",\"port\",\"requestedCapabilities\",\"automationProtocol\",\"baseUrl\",\"waitforInterval\",\"waitforTimeout\",\"onReload\",\"beforeCommand\",\"afterCommand\",\"rootDir\",\"specs\",\"suites\",\"exclude\",\"groupLogsByTestSpec\",\"excludeDriverLogs\",\"bail\",\"framework\",\"reporters\",\"services\",\"maxInstances\",\"maxInstancesPerCapability\",\"injectGlobals\",\"filesToWatch\",\"execArgv\",\"runnerEnv\",\"runner\",\"shard\",\"specFileRetries\",\"specFileRetriesDelay\",\"specFileRetriesDeferred\",\"reporterSyncInterval\",\"reporterSyncTimeout\",\"cucumberFeaturesWithLineNumbers\",\"autoCompileOpts\",\"mochaOpts\",\"jasmineOpts\",\"cucumberOpts\",\"onPrepare\",\"onWorkerStart\",\"onWorkerEnd\",\"before\",\"beforeSession\",\"beforeSuite\",\"beforeHook\",\"beforeTest\",\"afterTest\",\"afterHook\",\"afterSuite\",\"afterSession\",\"after\",\"onComplete\",\"beforeAssertion\",\"afterAssertion\",\"beforeFeature\",\"beforeScenario\",\"beforeStep\",\"afterStep\",\"afterScenario\",\"afterFeature\",\"_\",\"suite\",\"$0\",\"ignoredWorkerServices\",\"wdi5\"]"}]}
RESULT: {"script":"<script> [2342 bytes]","args":[{"protocol":"http","hostname":"0.0.0.0","path":"/","capabilities":{"browserName":"chrome","goog:chromeOptions":{"binary":"C:\\Program Files\\Google\\Chrome\\Application\\chrome.exe","args":["--start-maximized"]}},"logLevel":"warn","connectionRetryTimeout":120000,"connectionRetryCount":3,"logLevels":{},"enableDirectConnect":true,"strictSSL":true,"_":"65 more keys: [\"cacheDir\",\"port\",\"requestedCapabilities\",\"automationProtocol\",\"baseUrl\",\"waitforInterval\",\"waitforTimeout\",\"onReload\",\"beforeCommand\",\"afterCommand\",\"rootDir\",\"specs\",\"suites\",\"exclude\",\"groupLogsByTestSpec\",\"excludeDriverLogs\",\"bail\",\"framework\",\"reporters\",\"services\",\"maxInstances\",\"maxInstancesPerCapability\",\"injectGlobals\",\"filesToWatch\",\"execArgv\",\"runnerEnv\",\"runner\",\"shard\",\"specFileRetries\",\"specFileRetriesDelay\",\"specFileRetriesDeferred\",\"reporterSyncInterval\",\"reporterSyncTimeout\",\"cucumberFeaturesWithLineNumbers\",\"autoCompileOpts\",\"mochaOpts\",\"jasmineOpts\",\"cucumberOpts\",\"onPrepare\",\"onWorkerStart\",\"onWorkerEnd\",\"before\",\"beforeSession\",\"beforeSuite\",\"beforeHook\",\"beforeTest\",\"afterTest\",\"afterHook\",\"afterSuite\",\"afterSession\",\"after\",\"onComplete\",\"beforeAssertion\",\"afterAssertion\",\"beforeFeature\",\"beforeScenario\",\"beforeStep\",\"afterStep\",\"afterScenario\",\"afterFeature\",\"_\",\"suite\",\"$0\",\"ignoredWorkerServices\",\"wdi5\"]"}]}
COMMAND: POST /session/86cef292dcf99a21db7bb59b41f5200f/execute/async - {"script":"<script> [21126 bytes]","args":[35000]}
RESULT: {"script":"<script> [21126 bytes]","args":[35000]}
COMMAND: POST /session/86cef292dcf99a21db7bb59b41f5200f/window/maximize - {}
RESULT: {}
COMMAND: POST /session/86cef292dcf99a21db7bb59b41f5200f/execute/async - {"script":"<script> [1562 bytes]","args":[{"selector":{"id":"shell-header","interaction":{"idSuffix":"icon"}},"wdio_ui5_key":"shellheader"}]}
COMMAND: GET /session/86cef292dcf99a21db7bb59b41f5200f/screenshot - {}
RESULT: {"script":"<script> [1562 bytes]","args":[{"selector":{"id":"shell-header","interaction":{"idSuffix":"icon"}},"wdio_ui5_key":"shellheader"}]}
RESULT: undefined
RESULT: {}
COMMAND: POST /session/86cef292dcf99a21db7bb59b41f5200f/execute/async - {"script":"<script> [1562 bytes]","args":[{"selector":{"controlType":"sap.m.Title","i18NText":{"propertyName":"text","key":"dataCollectionAgreement"},"searchOpenDialogs":true},"wdio_ui5_key":"sapm.Title{\"propertyName\":\"text\",\"key\":\"dataCollectionAgreement\"}"}]}
RESULT: {"script":"<script> [1562 bytes]","args":[{"selector":{"controlType":"sap.m.Title","i18NText":{"propertyName":"text","key":"dataCollectionAgreement"},"searchOpenDialogs":true},"wdio_ui5_key":"sapm.Title{\"propertyName\":\"text\",\"key\":\"dataCollectionAgreement\"}"}]}
RESULT: undefined
COMMAND: POST /session/86cef292dcf99a21db7bb59b41f5200f/execute/async - {"script":"<script> [1562 bytes]","args":[{"selector":{"controlType":"sap.m.GenericTile","properties":{"header":"Manage Resources"}},"wdio_ui5_key":"sapm.GenericTile{\"header\":\"Manage Resources\"}"}]}
RESULT: {"script":"<script> [1562 bytes]","args":[{"selector":{"controlType":"sap.m.GenericTile","properties":{"header":"Manage Resources"}},"wdio_ui5_key":"sapm.GenericTile{\"header\":\"Manage Resources\"}"}]}
RESULT: undefined
COMMAND: POST /session/86cef292dcf99a21db7bb59b41f5200f/element - {"using":"xpath","value":"//*[@id=\"__tile31\"]"}
RESULT: {"using":"xpath","value":"//*[@id=\"__tile31\"]"}
COMMAND: POST /session/86cef292dcf99a21db7bb59b41f5200f/element/f.D07DA9D7691935B74F99E9A1B60A37E7.d.48DC7E439674A6F49AAE78114AABB90C.e.5731/click - {}
RESULT: {}
COMMAND: GET /session/86cef292dcf99a21db7bb59b41f5200f/screenshot - {}
RESULT: {}
]]></system-out>
    </testcase>
  </testsuite>
  <testsuite timestamp="2025-04-28T15:30:02" time="512.956" tests="2" failures="0" errors="0" skipped="0">
    <properties>
      <property name="specId" value="0" />
      <property name="suiteName" value="Create 2 RU material US118246" />
      <property name="capabilities" value="chrome.135_0_7049_96.windows" />
      <property name="file" value="file:///D:/a/1/s/test/specs/R2C/create-material.spec.js" />
    </properties>
    <testcase classname="chrome.135_0_7049_96.windows.Create_2_RU_material_US118246" name="Create material" time="241.582">
      <system-out><![CDATA[
COMMAND: POST /session/86cef292dcf99a21db7bb59b41f5200f/element - {"using":"xpath","value":"//button[@data-kt=\"addNewRUOverflowToolbarButton\"]"}
RESULT: {"using":"xpath","value":"//button[@data-kt=\"addNewRUOverflowToolbarButton\"]"}
COMMAND: POST /session/86cef292dcf99a21db7bb59b41f5200f/execute/sync - {"script":"<script> [8489 bytes]","args":[{"element-6066-11e4-a52e-4f735466cecf":"f.D07DA9D7691935B74F99E9A1B60A37E7.d.48DC7E439674A6F49AAE78114AABB90C.e.5870","ELEMENT":"f.D07DA9D7691935B74F99E9A1B60A37E7.d.48DC7E439674A6F49AAE78114AABB90C.e.5870"}]}
RESULT: {"script":"<script> [8489 bytes]","args":[{"element-6066-11e4-a52e-4f735466cecf":"f.D07DA9D7691935B74F99E9A1B60A37E7.d.48DC7E439674A6F49AAE78114AABB90C.e.5870","ELEMENT":"f.D07DA9D7691935B74F99E9A1B60A37E7.d.48DC7E439674A6F49AAE78114AABB90C.e.5870"}]}
COMMAND: POST /session/86cef292dcf99a21db7bb59b41f5200f/element/f.D07DA9D7691935B74F99E9A1B60A37E7.d.48DC7E439674A6F49AAE78114AABB90C.e.5870/click - {}
COMMAND: GET /session/86cef292dcf99a21db7bb59b41f5200f/screenshot - {}
RESULT: {}
COMMAND: GET /session/86cef292dcf99a21db7bb59b41f5200f/screenshot - {}
RESULT: {}
RESULT: {}
COMMAND: POST /session/86cef292dcf99a21db7bb59b41f5200f/execute/async - {"script":"<script> [1562 bytes]","args":[{"selector":{"controlType":"sap.m.ComboBox","viewName":"reusables.view.manageresources.NewResourceUnit","viewId":"application-manageresources-display-component---newResourceUnit","bindingPath":{"path":"","propertyPath":"/RuTypes","modelName":"catalogModel"},"searchOpenDialogs":true},"wdio_ui5_key":"reusablesview.manageresources.NewResourceUnitsap.m.ComboBox{\"path\":\"\",\"propertyPath\":\"/RuTypes\",\"modelName\":\"catalogModel\"}"}]}
RESULT: {"script":"<script> [1562 bytes]","args":[{"selector":{"controlType":"sap.m.ComboBox","viewName":"reusables.view.manageresources.NewResourceUnit","viewId":"application-manageresources-display-component---newResourceUnit","bindingPath":{"path":"","propertyPath":"/RuTypes","modelName":"catalogModel"},"searchOpenDialogs":true},"wdio_ui5_key":"reusablesview.manageresources.NewResourceUnitsap.m.ComboBox{\"path\":\"\",\"propertyPath\":\"/RuTypes\",\"modelName\":\"catalogModel\"}"}]}
RESULT: undefined
COMMAND: POST /session/86cef292dcf99a21db7bb59b41f5200f/execute/async - {"script":"<script> [1562 bytes]","args":[{"selector":{"controlType":"sap.m.ComboBox","viewName":"reusables.view.manageresources.NewResourceUnit","viewId":"application-manageresources-display-component---newResourceUnit","bindingPath":{"path":"","propertyPath":"/Yards","modelName":"catalogModel"},"searchOpenDialogs":true},"wdio_ui5_key":"reusablesview.manageresources.NewResourceUnitsap.m.ComboBox{\"path\":\"\",\"propertyPath\":\"/Yards\",\"modelName\":\"catalogModel\"}"}]}
RESULT: {"script":"<script> [1562 bytes]","args":[{"selector":{"controlType":"sap.m.ComboBox","viewName":"reusables.view.manageresources.NewResourceUnit","viewId":"application-manageresources-display-component---newResourceUnit","bindingPath":{"path":"","propertyPath":"/Yards","modelName":"catalogModel"},"searchOpenDialogs":true},"wdio_ui5_key":"reusablesview.manageresources.NewResourceUnitsap.m.ComboBox{\"path\":\"\",\"propertyPath\":\"/Yards\",\"modelName\":\"catalogModel\"}"}]}
RESULT: undefined
COMMAND: POST /session/86cef292dcf99a21db7bb59b41f5200f/execute/async - {"script":"<script> [1562 bytes]","args":[{"selector":{"controlType":"etm.portal.ui.reusables.customControls.LiveSearchComboBox","viewName":"reusables.view.manageresources.NewResourceUnit","viewId":"application-manageresources-display-component---newResourceUnit","bindingPath":{"path":"","propertyPath":"/CatalogItems","modelName":"catalogModel"},"searchOpenDialogs":true},"wdio_ui5_key":"reusablesview.manageresources.NewResourceUnitetm.portal.ui.reusables.customControls.LiveSearchComboBox{\"path\":\"\",\"propertyPath\":\"/CatalogItems\",\"modelName\":\"catalogModel\"}"}]}
RESULT: {"script":"<script> [1562 bytes]","args":[{"selector":{"controlType":"etm.portal.ui.reusables.customControls.LiveSearchComboBox","viewName":"reusables.view.manageresources.NewResourceUnit","viewId":"application-manageresources-display-component---newResourceUnit","bindingPath":{"path":"","propertyPath":"/CatalogItems","modelName":"catalogModel"},"searchOpenDialogs":true},"wdio_ui5_key":"reusablesview.manageresources.NewResourceUnitetm.portal.ui.reusables.customControls.LiveSearchComboBox{\"path\":\"\",\"propertyPath\":\"/CatalogItems\",\"modelName\":\"catalogModel\"}"}]}
RESULT: undefined
COMMAND: POST /session/86cef292dcf99a21db7bb59b41f5200f/element - {"using":"xpath","value":"//bdi[text()=\"OK\"]"}
RESULT: {"using":"xpath","value":"//bdi[text()=\"OK\"]"}
COMMAND: POST /session/86cef292dcf99a21db7bb59b41f5200f/elements - {"using":"xpath","value":"//bdi[text()=\"OK\"]"}
RESULT: {"using":"xpath","value":"//bdi[text()=\"OK\"]"}
COMMAND: POST /session/86cef292dcf99a21db7bb59b41f5200f/elements - {"using":"xpath","value":"//bdi[text()=\"OK\"]"}
RESULT: {"using":"xpath","value":"//bdi[text()=\"OK\"]"}
COMMAND: POST /session/86cef292dcf99a21db7bb59b41f5200f/elements - {"using":"xpath","value":"//bdi[text()=\"OK\"]"}
RESULT: {"using":"xpath","value":"//bdi[text()=\"OK\"]"}
COMMAND: POST /session/86cef292dcf99a21db7bb59b41f5200f/elements - {"using":"xpath","value":"//bdi[text()=\"OK\"]"}
RESULT: {"using":"xpath","value":"//bdi[text()=\"OK\"]"}
COMMAND: POST /session/86cef292dcf99a21db7bb59b41f5200f/elements - {"using":"xpath","value":"//bdi[text()=\"OK\"]"}
RESULT: {"using":"xpath","value":"//bdi[text()=\"OK\"]"}
COMMAND: POST /session/86cef292dcf99a21db7bb59b41f5200f/elements - {"using":"xpath","value":"//bdi[text()=\"OK\"]"}
RESULT: {"using":"xpath","value":"//bdi[text()=\"OK\"]"}
COMMAND: POST /session/86cef292dcf99a21db7bb59b41f5200f/elements - {"using":"xpath","value":"//bdi[text()=\"OK\"]"}
RESULT: {"using":"xpath","value":"//bdi[text()=\"OK\"]"}
COMMAND: POST /session/86cef292dcf99a21db7bb59b41f5200f/elements - {"using":"xpath","value":"//bdi[text()=\"OK\"]"}
RESULT: {"using":"xpath","value":"//bdi[text()=\"OK\"]"}
COMMAND: POST /session/86cef292dcf99a21db7bb59b41f5200f/elements - {"using":"xpath","value":"//bdi[text()=\"OK\"]"}
RESULT: {"using":"xpath","value":"//bdi[text()=\"OK\"]"}
COMMAND: POST /session/86cef292dcf99a21db7bb59b41f5200f/elements - {"using":"xpath","value":"//bdi[text()=\"OK\"]"}
RESULT: {"using":"xpath","value":"//bdi[text()=\"OK\"]"}
COMMAND: POST /session/86cef292dcf99a21db7bb59b41f5200f/elements - {"using":"xpath","value":"//bdi[text()=\"OK\"]"}
RESULT: {"using":"xpath","value":"//bdi[text()=\"OK\"]"}
COMMAND: POST /session/86cef292dcf99a21db7bb59b41f5200f/elements - {"using":"xpath","value":"//bdi[text()=\"OK\"]"}
RESULT: {"using":"xpath","value":"//bdi[text()=\"OK\"]"}
COMMAND: POST /session/86cef292dcf99a21db7bb59b41f5200f/elements - {"using":"xpath","value":"//bdi[text()=\"OK\"]"}
RESULT: {"using":"xpath","value":"//bdi[text()=\"OK\"]"}
COMMAND: POST /session/86cef292dcf99a21db7bb59b41f5200f/elements - {"using":"xpath","value":"//bdi[text()=\"OK\"]"}
RESULT: {"using":"xpath","value":"//bdi[text()=\"OK\"]"}
COMMAND: POST /session/86cef292dcf99a21db7bb59b41f5200f/elements - {"using":"xpath","value":"//bdi[text()=\"OK\"]"}
RESULT: {"using":"xpath","value":"//bdi[text()=\"OK\"]"}
COMMAND: POST /session/86cef292dcf99a21db7bb59b41f5200f/elements - {"using":"xpath","value":"//bdi[text()=\"OK\"]"}
RESULT: {"using":"xpath","value":"//bdi[text()=\"OK\"]"}
COMMAND: POST /session/86cef292dcf99a21db7bb59b41f5200f/elements - {"using":"xpath","value":"//bdi[text()=\"OK\"]"}
RESULT: {"using":"xpath","value":"//bdi[text()=\"OK\"]"}
COMMAND: POST /session/86cef292dcf99a21db7bb59b41f5200f/elements - {"using":"xpath","value":"//bdi[text()=\"OK\"]"}
RESULT: {"using":"xpath","value":"//bdi[text()=\"OK\"]"}
COMMAND: POST /session/86cef292dcf99a21db7bb59b41f5200f/elements - {"using":"xpath","value":"//bdi[text()=\"OK\"]"}
RESULT: {"using":"xpath","value":"//bdi[text()=\"OK\"]"}
COMMAND: POST /session/86cef292dcf99a21db7bb59b41f5200f/elements - {"using":"xpath","value":"//bdi[text()=\"OK\"]"}
RESULT: {"using":"xpath","value":"//bdi[text()=\"OK\"]"}
COMMAND: POST /session/86cef292dcf99a21db7bb59b41f5200f/elements - {"using":"xpath","value":"//bdi[text()=\"OK\"]"}
RESULT: {"using":"xpath","value":"//bdi[text()=\"OK\"]"}
COMMAND: POST /session/86cef292dcf99a21db7bb59b41f5200f/elements - {"using":"xpath","value":"//bdi[text()=\"OK\"]"}
RESULT: {"using":"xpath","value":"//bdi[text()=\"OK\"]"}
COMMAND: POST /session/86cef292dcf99a21db7bb59b41f5200f/elements - {"using":"xpath","value":"//bdi[text()=\"OK\"]"}
RESULT: {"using":"xpath","value":"//bdi[text()=\"OK\"]"}
COMMAND: POST /session/86cef292dcf99a21db7bb59b41f5200f/elements - {"using":"xpath","value":"//bdi[text()=\"OK\"]"}
RESULT: {"using":"xpath","value":"//bdi[text()=\"OK\"]"}
COMMAND: POST /session/86cef292dcf99a21db7bb59b41f5200f/elements - {"using":"xpath","value":"//bdi[text()=\"OK\"]"}
RESULT: {"using":"xpath","value":"//bdi[text()=\"OK\"]"}
COMMAND: POST /session/86cef292dcf99a21db7bb59b41f5200f/elements - {"using":"xpath","value":"//bdi[text()=\"OK\"]"}
RESULT: {"using":"xpath","value":"//bdi[text()=\"OK\"]"}
COMMAND: POST /session/86cef292dcf99a21db7bb59b41f5200f/elements - {"using":"xpath","value":"//bdi[text()=\"OK\"]"}
RESULT: {"using":"xpath","value":"//bdi[text()=\"OK\"]"}
COMMAND: POST /session/86cef292dcf99a21db7bb59b41f5200f/elements - {"using":"xpath","value":"//bdi[text()=\"OK\"]"}
RESULT: {"using":"xpath","value":"//bdi[text()=\"OK\"]"}
COMMAND: POST /session/86cef292dcf99a21db7bb59b41f5200f/elements - {"using":"xpath","value":"//bdi[text()=\"OK\"]"}
RESULT: {"using":"xpath","value":"//bdi[text()=\"OK\"]"}
COMMAND: POST /session/86cef292dcf99a21db7bb59b41f5200f/elements - {"using":"xpath","value":"//bdi[text()=\"OK\"]"}
RESULT: {"using":"xpath","value":"//bdi[text()=\"OK\"]"}
COMMAND: POST /session/86cef292dcf99a21db7bb59b41f5200f/elements - {"using":"xpath","value":"//bdi[text()=\"OK\"]"}
RESULT: {"using":"xpath","value":"//bdi[text()=\"OK\"]"}
COMMAND: POST /session/86cef292dcf99a21db7bb59b41f5200f/elements - {"using":"xpath","value":"//bdi[text()=\"OK\"]"}
RESULT: {"using":"xpath","value":"//bdi[text()=\"OK\"]"}
COMMAND: POST /session/86cef292dcf99a21db7bb59b41f5200f/elements - {"using":"xpath","value":"//bdi[text()=\"OK\"]"}
RESULT: {"using":"xpath","value":"//bdi[text()=\"OK\"]"}
COMMAND: POST /session/86cef292dcf99a21db7bb59b41f5200f/elements - {"using":"xpath","value":"//bdi[text()=\"OK\"]"}
RESULT: {"using":"xpath","value":"//bdi[text()=\"OK\"]"}
COMMAND: POST /session/86cef292dcf99a21db7bb59b41f5200f/elements - {"using":"xpath","value":"//bdi[text()=\"OK\"]"}
RESULT: {"using":"xpath","value":"//bdi[text()=\"OK\"]"}
COMMAND: POST /session/86cef292dcf99a21db7bb59b41f5200f/elements - {"using":"xpath","value":"//bdi[text()=\"OK\"]"}
RESULT: {"using":"xpath","value":"//bdi[text()=\"OK\"]"}
COMMAND: POST /session/86cef292dcf99a21db7bb59b41f5200f/elements - {"using":"xpath","value":"//bdi[text()=\"OK\"]"}
RESULT: {"using":"xpath","value":"//bdi[text()=\"OK\"]"}
COMMAND: POST /session/86cef292dcf99a21db7bb59b41f5200f/elements - {"using":"xpath","value":"//bdi[text()=\"OK\"]"}
RESULT: {"using":"xpath","value":"//bdi[text()=\"OK\"]"}
COMMAND: POST /session/86cef292dcf99a21db7bb59b41f5200f/elements - {"using":"xpath","value":"//bdi[text()=\"OK\"]"}
RESULT: {"using":"xpath","value":"//bdi[text()=\"OK\"]"}
COMMAND: POST /session/86cef292dcf99a21db7bb59b41f5200f/elements - {"using":"xpath","value":"//bdi[text()=\"OK\"]"}
RESULT: {"using":"xpath","value":"//bdi[text()=\"OK\"]"}
COMMAND: POST /session/86cef292dcf99a21db7bb59b41f5200f/elements - {"using":"xpath","value":"//bdi[text()=\"OK\"]"}
RESULT: {"using":"xpath","value":"//bdi[text()=\"OK\"]"}
COMMAND: POST /session/86cef292dcf99a21db7bb59b41f5200f/elements - {"using":"xpath","value":"//bdi[text()=\"OK\"]"}
RESULT: {"using":"xpath","value":"//bdi[text()=\"OK\"]"}
COMMAND: POST /session/86cef292dcf99a21db7bb59b41f5200f/elements - {"using":"xpath","value":"//bdi[text()=\"OK\"]"}
RESULT: {"using":"xpath","value":"//bdi[text()=\"OK\"]"}
COMMAND: POST /session/86cef292dcf99a21db7bb59b41f5200f/elements - {"using":"xpath","value":"//bdi[text()=\"OK\"]"}
RESULT: {"using":"xpath","value":"//bdi[text()=\"OK\"]"}
COMMAND: POST /session/86cef292dcf99a21db7bb59b41f5200f/elements - {"using":"xpath","value":"//bdi[text()=\"OK\"]"}
RESULT: {"using":"xpath","value":"//bdi[text()=\"OK\"]"}
COMMAND: POST /session/86cef292dcf99a21db7bb59b41f5200f/elements - {"using":"xpath","value":"//bdi[text()=\"OK\"]"}
RESULT: {"using":"xpath","value":"//bdi[text()=\"OK\"]"}
COMMAND: POST /session/86cef292dcf99a21db7bb59b41f5200f/elements - {"using":"xpath","value":"//bdi[text()=\"OK\"]"}
RESULT: {"using":"xpath","value":"//bdi[text()=\"OK\"]"}
COMMAND: POST /session/86cef292dcf99a21db7bb59b41f5200f/elements - {"using":"xpath","value":"//bdi[text()=\"OK\"]"}
RESULT: {"using":"xpath","value":"//bdi[text()=\"OK\"]"}
COMMAND: POST /session/86cef292dcf99a21db7bb59b41f5200f/elements - {"using":"xpath","value":"//bdi[text()=\"OK\"]"}
RESULT: {"using":"xpath","value":"//bdi[text()=\"OK\"]"}
COMMAND: POST /session/86cef292dcf99a21db7bb59b41f5200f/elements - {"using":"xpath","value":"//bdi[text()=\"OK\"]"}
RESULT: {"using":"xpath","value":"//bdi[text()=\"OK\"]"}
COMMAND: POST /session/86cef292dcf99a21db7bb59b41f5200f/elements - {"using":"xpath","value":"//bdi[text()=\"OK\"]"}
RESULT: {"using":"xpath","value":"//bdi[text()=\"OK\"]"}
COMMAND: POST /session/86cef292dcf99a21db7bb59b41f5200f/elements - {"using":"xpath","value":"//bdi[text()=\"OK\"]"}
RESULT: {"using":"xpath","value":"//bdi[text()=\"OK\"]"}
COMMAND: POST /session/86cef292dcf99a21db7bb59b41f5200f/elements - {"using":"xpath","value":"//bdi[text()=\"OK\"]"}
RESULT: {"using":"xpath","value":"//bdi[text()=\"OK\"]"}
COMMAND: POST /session/86cef292dcf99a21db7bb59b41f5200f/elements - {"using":"xpath","value":"//bdi[text()=\"OK\"]"}
RESULT: {"using":"xpath","value":"//bdi[text()=\"OK\"]"}
COMMAND: POST /session/86cef292dcf99a21db7bb59b41f5200f/elements - {"using":"xpath","value":"//bdi[text()=\"OK\"]"}
RESULT: {"using":"xpath","value":"//bdi[text()=\"OK\"]"}
COMMAND: POST /session/86cef292dcf99a21db7bb59b41f5200f/elements - {"using":"xpath","value":"//bdi[text()=\"OK\"]"}
RESULT: {"using":"xpath","value":"//bdi[text()=\"OK\"]"}
COMMAND: POST /session/86cef292dcf99a21db7bb59b41f5200f/elements - {"using":"xpath","value":"//bdi[text()=\"OK\"]"}
RESULT: {"using":"xpath","value":"//bdi[text()=\"OK\"]"}
COMMAND: POST /session/86cef292dcf99a21db7bb59b41f5200f/elements - {"using":"xpath","value":"//bdi[text()=\"OK\"]"}
RESULT: {"using":"xpath","value":"//bdi[text()=\"OK\"]"}
COMMAND: POST /session/86cef292dcf99a21db7bb59b41f5200f/elements - {"using":"xpath","value":"//bdi[text()=\"OK\"]"}
RESULT: {"using":"xpath","value":"//bdi[text()=\"OK\"]"}
COMMAND: POST /session/86cef292dcf99a21db7bb59b41f5200f/elements - {"using":"xpath","value":"//bdi[text()=\"OK\"]"}
RESULT: {"using":"xpath","value":"//bdi[text()=\"OK\"]"}
COMMAND: POST /session/86cef292dcf99a21db7bb59b41f5200f/elements - {"using":"xpath","value":"//bdi[text()=\"OK\"]"}
RESULT: {"using":"xpath","value":"//bdi[text()=\"OK\"]"}
COMMAND: POST /session/86cef292dcf99a21db7bb59b41f5200f/elements - {"using":"xpath","value":"//bdi[text()=\"OK\"]"}
RESULT: {"using":"xpath","value":"//bdi[text()=\"OK\"]"}
COMMAND: POST /session/86cef292dcf99a21db7bb59b41f5200f/elements - {"using":"xpath","value":"//bdi[text()=\"OK\"]"}
RESULT: {"using":"xpath","value":"//bdi[text()=\"OK\"]"}
COMMAND: POST /session/86cef292dcf99a21db7bb59b41f5200f/elements - {"using":"xpath","value":"//bdi[text()=\"OK\"]"}
RESULT: {"using":"xpath","value":"//bdi[text()=\"OK\"]"}
COMMAND: POST /session/86cef292dcf99a21db7bb59b41f5200f/elements - {"using":"xpath","value":"//bdi[text()=\"OK\"]"}
RESULT: {"using":"xpath","value":"//bdi[text()=\"OK\"]"}
COMMAND: POST /session/86cef292dcf99a21db7bb59b41f5200f/elements - {"using":"xpath","value":"//bdi[text()=\"OK\"]"}
RESULT: {"using":"xpath","value":"//bdi[text()=\"OK\"]"}
COMMAND: POST /session/86cef292dcf99a21db7bb59b41f5200f/elements - {"using":"xpath","value":"//bdi[text()=\"OK\"]"}
RESULT: {"using":"xpath","value":"//bdi[text()=\"OK\"]"}
COMMAND: POST /session/86cef292dcf99a21db7bb59b41f5200f/elements - {"using":"xpath","value":"//bdi[text()=\"OK\"]"}
RESULT: {"using":"xpath","value":"//bdi[text()=\"OK\"]"}
COMMAND: POST /session/86cef292dcf99a21db7bb59b41f5200f/elements - {"using":"xpath","value":"//bdi[text()=\"OK\"]"}
RESULT: {"using":"xpath","value":"//bdi[text()=\"OK\"]"}
COMMAND: POST /session/86cef292dcf99a21db7bb59b41f5200f/elements - {"using":"xpath","value":"//bdi[text()=\"OK\"]"}
RESULT: {"using":"xpath","value":"//bdi[text()=\"OK\"]"}
COMMAND: POST /session/86cef292dcf99a21db7bb59b41f5200f/elements - {"using":"xpath","value":"//bdi[text()=\"OK\"]"}
RESULT: {"using":"xpath","value":"//bdi[text()=\"OK\"]"}
COMMAND: POST /session/86cef292dcf99a21db7bb59b41f5200f/elements - {"using":"xpath","value":"//bdi[text()=\"OK\"]"}
RESULT: {"using":"xpath","value":"//bdi[text()=\"OK\"]"}
COMMAND: POST /session/86cef292dcf99a21db7bb59b41f5200f/elements - {"using":"xpath","value":"//bdi[text()=\"OK\"]"}
RESULT: {"using":"xpath","value":"//bdi[text()=\"OK\"]"}
COMMAND: POST /session/86cef292dcf99a21db7bb59b41f5200f/elements - {"using":"xpath","value":"//bdi[text()=\"OK\"]"}
RESULT: {"using":"xpath","value":"//bdi[text()=\"OK\"]"}
COMMAND: POST /session/86cef292dcf99a21db7bb59b41f5200f/elements - {"using":"xpath","value":"//bdi[text()=\"OK\"]"}
RESULT: {"using":"xpath","value":"//bdi[text()=\"OK\"]"}
COMMAND: POST /session/86cef292dcf99a21db7bb59b41f5200f/elements - {"using":"xpath","value":"//bdi[text()=\"OK\"]"}
RESULT: {"using":"xpath","value":"//bdi[text()=\"OK\"]"}
COMMAND: POST /session/86cef292dcf99a21db7bb59b41f5200f/elements - {"using":"xpath","value":"//bdi[text()=\"OK\"]"}
RESULT: {"using":"xpath","value":"//bdi[text()=\"OK\"]"}
COMMAND: POST /session/86cef292dcf99a21db7bb59b41f5200f/elements - {"using":"xpath","value":"//bdi[text()=\"OK\"]"}
RESULT: {"using":"xpath","value":"//bdi[text()=\"OK\"]"}
COMMAND: POST /session/86cef292dcf99a21db7bb59b41f5200f/elements - {"using":"xpath","value":"//bdi[text()=\"OK\"]"}
RESULT: {"using":"xpath","value":"//bdi[text()=\"OK\"]"}
COMMAND: POST /session/86cef292dcf99a21db7bb59b41f5200f/elements - {"using":"xpath","value":"//bdi[text()=\"OK\"]"}
RESULT: {"using":"xpath","value":"//bdi[text()=\"OK\"]"}
COMMAND: POST /session/86cef292dcf99a21db7bb59b41f5200f/elements - {"using":"xpath","value":"//bdi[text()=\"OK\"]"}
RESULT: {"using":"xpath","value":"//bdi[text()=\"OK\"]"}
COMMAND: POST /session/86cef292dcf99a21db7bb59b41f5200f/elements - {"using":"xpath","value":"//bdi[text()=\"OK\"]"}
RESULT: {"using":"xpath","value":"//bdi[text()=\"OK\"]"}
COMMAND: POST /session/86cef292dcf99a21db7bb59b41f5200f/elements - {"using":"xpath","value":"//bdi[text()=\"OK\"]"}
RESULT: {"using":"xpath","value":"//bdi[text()=\"OK\"]"}
COMMAND: POST /session/86cef292dcf99a21db7bb59b41f5200f/elements - {"using":"xpath","value":"//bdi[text()=\"OK\"]"}
RESULT: {"using":"xpath","value":"//bdi[text()=\"OK\"]"}
COMMAND: POST /session/86cef292dcf99a21db7bb59b41f5200f/elements - {"using":"xpath","value":"//bdi[text()=\"OK\"]"}
RESULT: {"using":"xpath","value":"//bdi[text()=\"OK\"]"}
COMMAND: POST /session/86cef292dcf99a21db7bb59b41f5200f/elements - {"using":"xpath","value":"//bdi[text()=\"OK\"]"}
RESULT: {"using":"xpath","value":"//bdi[text()=\"OK\"]"}
COMMAND: POST /session/86cef292dcf99a21db7bb59b41f5200f/elements - {"using":"xpath","value":"//bdi[text()=\"OK\"]"}
RESULT: {"using":"xpath","value":"//bdi[text()=\"OK\"]"}
COMMAND: POST /session/86cef292dcf99a21db7bb59b41f5200f/elements - {"using":"xpath","value":"//bdi[text()=\"OK\"]"}
RESULT: {"using":"xpath","value":"//bdi[text()=\"OK\"]"}
COMMAND: POST /session/86cef292dcf99a21db7bb59b41f5200f/elements - {"using":"xpath","value":"//bdi[text()=\"OK\"]"}
RESULT: {"using":"xpath","value":"//bdi[text()=\"OK\"]"}
COMMAND: POST /session/86cef292dcf99a21db7bb59b41f5200f/elements - {"using":"xpath","value":"//bdi[text()=\"OK\"]"}
RESULT: {"using":"xpath","value":"//bdi[text()=\"OK\"]"}
COMMAND: POST /session/86cef292dcf99a21db7bb59b41f5200f/elements - {"using":"xpath","value":"//bdi[text()=\"OK\"]"}
RESULT: {"using":"xpath","value":"//bdi[text()=\"OK\"]"}
COMMAND: POST /session/86cef292dcf99a21db7bb59b41f5200f/elements - {"using":"xpath","value":"//bdi[text()=\"OK\"]"}
RESULT: {"using":"xpath","value":"//bdi[text()=\"OK\"]"}
COMMAND: POST /session/86cef292dcf99a21db7bb59b41f5200f/elements - {"using":"xpath","value":"//bdi[text()=\"OK\"]"}
RESULT: {"using":"xpath","value":"//bdi[text()=\"OK\"]"}
COMMAND: POST /session/86cef292dcf99a21db7bb59b41f5200f/elements - {"using":"xpath","value":"//bdi[text()=\"OK\"]"}
RESULT: {"using":"xpath","value":"//bdi[text()=\"OK\"]"}
COMMAND: POST /session/86cef292dcf99a21db7bb59b41f5200f/elements - {"using":"xpath","value":"//bdi[text()=\"OK\"]"}
RESULT: {"using":"xpath","value":"//bdi[text()=\"OK\"]"}
COMMAND: POST /session/86cef292dcf99a21db7bb59b41f5200f/elements - {"using":"xpath","value":"//bdi[text()=\"OK\"]"}
RESULT: {"using":"xpath","value":"//bdi[text()=\"OK\"]"}
COMMAND: POST /session/86cef292dcf99a21db7bb59b41f5200f/elements - {"using":"xpath","value":"//bdi[text()=\"OK\"]"}
RESULT: {"using":"xpath","value":"//bdi[text()=\"OK\"]"}
COMMAND: POST /session/86cef292dcf99a21db7bb59b41f5200f/elements - {"using":"xpath","value":"//bdi[text()=\"OK\"]"}
RESULT: {"using":"xpath","value":"//bdi[text()=\"OK\"]"}
COMMAND: POST /session/86cef292dcf99a21db7bb59b41f5200f/elements - {"using":"xpath","value":"//bdi[text()=\"OK\"]"}
RESULT: {"using":"xpath","value":"//bdi[text()=\"OK\"]"}
COMMAND: POST /session/86cef292dcf99a21db7bb59b41f5200f/elements - {"using":"xpath","value":"//bdi[text()=\"OK\"]"}
RESULT: {"using":"xpath","value":"//bdi[text()=\"OK\"]"}
COMMAND: POST /session/86cef292dcf99a21db7bb59b41f5200f/elements - {"using":"xpath","value":"//bdi[text()=\"OK\"]"}
RESULT: {"using":"xpath","value":"//bdi[text()=\"OK\"]"}
COMMAND: POST /session/86cef292dcf99a21db7bb59b41f5200f/elements - {"using":"xpath","value":"//bdi[text()=\"OK\"]"}
RESULT: {"using":"xpath","value":"//bdi[text()=\"OK\"]"}
COMMAND: POST /session/86cef292dcf99a21db7bb59b41f5200f/elements - {"using":"xpath","value":"//bdi[text()=\"OK\"]"}
RESULT: {"using":"xpath","value":"//bdi[text()=\"OK\"]"}
COMMAND: POST /session/86cef292dcf99a21db7bb59b41f5200f/elements - {"using":"xpath","value":"//bdi[text()=\"OK\"]"}
RESULT: {"using":"xpath","value":"//bdi[text()=\"OK\"]"}
COMMAND: POST /session/86cef292dcf99a21db7bb59b41f5200f/elements - {"using":"xpath","value":"//bdi[text()=\"OK\"]"}
RESULT: {"using":"xpath","value":"//bdi[text()=\"OK\"]"}
COMMAND: POST /session/86cef292dcf99a21db7bb59b41f5200f/elements - {"using":"xpath","value":"//bdi[text()=\"OK\"]"}
RESULT: {"using":"xpath","value":"//bdi[text()=\"OK\"]"}
COMMAND: POST /session/86cef292dcf99a21db7bb59b41f5200f/elements - {"using":"xpath","value":"//bdi[text()=\"OK\"]"}
RESULT: {"using":"xpath","value":"//bdi[text()=\"OK\"]"}
COMMAND: POST /session/86cef292dcf99a21db7bb59b41f5200f/elements - {"using":"xpath","value":"//bdi[text()=\"OK\"]"}
RESULT: {"using":"xpath","value":"//bdi[text()=\"OK\"]"}
COMMAND: POST /session/86cef292dcf99a21db7bb59b41f5200f/elements - {"using":"xpath","value":"//bdi[text()=\"OK\"]"}
RESULT: {"using":"xpath","value":"//bdi[text()=\"OK\"]"}
COMMAND: POST /session/86cef292dcf99a21db7bb59b41f5200f/elements - {"using":"xpath","value":"//bdi[text()=\"OK\"]"}
RESULT: {"using":"xpath","value":"//bdi[text()=\"OK\"]"}
COMMAND: POST /session/86cef292dcf99a21db7bb59b41f5200f/elements - {"using":"xpath","value":"//bdi[text()=\"OK\"]"}
RESULT: {"using":"xpath","value":"//bdi[text()=\"OK\"]"}
COMMAND: POST /session/86cef292dcf99a21db7bb59b41f5200f/elements - {"using":"xpath","value":"//bdi[text()=\"OK\"]"}
RESULT: {"using":"xpath","value":"//bdi[text()=\"OK\"]"}
COMMAND: POST /session/86cef292dcf99a21db7bb59b41f5200f/elements - {"using":"xpath","value":"//bdi[text()=\"OK\"]"}
RESULT: {"using":"xpath","value":"//bdi[text()=\"OK\"]"}
COMMAND: POST /session/86cef292dcf99a21db7bb59b41f5200f/elements - {"using":"xpath","value":"//bdi[text()=\"OK\"]"}
RESULT: {"using":"xpath","value":"//bdi[text()=\"OK\"]"}
COMMAND: POST /session/86cef292dcf99a21db7bb59b41f5200f/elements - {"using":"xpath","value":"//bdi[text()=\"OK\"]"}
RESULT: {"using":"xpath","value":"//bdi[text()=\"OK\"]"}
COMMAND: POST /session/86cef292dcf99a21db7bb59b41f5200f/elements - {"using":"xpath","value":"//bdi[text()=\"OK\"]"}
RESULT: {"using":"xpath","value":"//bdi[text()=\"OK\"]"}
COMMAND: POST /session/86cef292dcf99a21db7bb59b41f5200f/elements - {"using":"xpath","value":"//bdi[text()=\"OK\"]"}
RESULT: {"using":"xpath","value":"//bdi[text()=\"OK\"]"}
COMMAND: POST /session/86cef292dcf99a21db7bb59b41f5200f/elements - {"using":"xpath","value":"//bdi[text()=\"OK\"]"}
RESULT: {"using":"xpath","value":"//bdi[text()=\"OK\"]"}
COMMAND: POST /session/86cef292dcf99a21db7bb59b41f5200f/elements - {"using":"xpath","value":"//bdi[text()=\"OK\"]"}
RESULT: {"using":"xpath","value":"//bdi[text()=\"OK\"]"}
COMMAND: POST /session/86cef292dcf99a21db7bb59b41f5200f/elements - {"using":"xpath","value":"//bdi[text()=\"OK\"]"}
RESULT: {"using":"xpath","value":"//bdi[text()=\"OK\"]"}
COMMAND: POST /session/86cef292dcf99a21db7bb59b41f5200f/elements - {"using":"xpath","value":"//bdi[text()=\"OK\"]"}
COMMAND: POST /session/86cef292dcf99a21db7bb59b41f5200f/element - {"using":"xpath","value":"//bdi[text()=\"OK\"]"}
RESULT: {"using":"xpath","value":"//bdi[text()=\"OK\"]"}
RESULT: {"using":"xpath","value":"//bdi[text()=\"OK\"]"}
COMMAND: POST /session/86cef292dcf99a21db7bb59b41f5200f/elements - {"using":"xpath","value":"//bdi[text()=\"OK\"]"}
RESULT: {"using":"xpath","value":"//bdi[text()=\"OK\"]"}
COMMAND: POST /session/86cef292dcf99a21db7bb59b41f5200f/elements - {"using":"xpath","value":"//bdi[text()=\"OK\"]"}
RESULT: {"using":"xpath","value":"//bdi[text()=\"OK\"]"}
COMMAND: POST /session/86cef292dcf99a21db7bb59b41f5200f/elements - {"using":"xpath","value":"//bdi[text()=\"OK\"]"}
RESULT: {"using":"xpath","value":"//bdi[text()=\"OK\"]"}
COMMAND: POST /session/86cef292dcf99a21db7bb59b41f5200f/elements - {"using":"xpath","value":"//bdi[text()=\"OK\"]"}
RESULT: {"using":"xpath","value":"//bdi[text()=\"OK\"]"}
COMMAND: POST /session/86cef292dcf99a21db7bb59b41f5200f/elements - {"using":"xpath","value":"//bdi[text()=\"OK\"]"}
RESULT: {"using":"xpath","value":"//bdi[text()=\"OK\"]"}
COMMAND: POST /session/86cef292dcf99a21db7bb59b41f5200f/elements - {"using":"xpath","value":"//bdi[text()=\"OK\"]"}
RESULT: {"using":"xpath","value":"//bdi[text()=\"OK\"]"}
COMMAND: POST /session/86cef292dcf99a21db7bb59b41f5200f/elements - {"using":"xpath","value":"//bdi[text()=\"OK\"]"}
RESULT: {"using":"xpath","value":"//bdi[text()=\"OK\"]"}
COMMAND: POST /session/86cef292dcf99a21db7bb59b41f5200f/elements - {"using":"xpath","value":"//bdi[text()=\"OK\"]"}
RESULT: {"using":"xpath","value":"//bdi[text()=\"OK\"]"}
COMMAND: POST /session/86cef292dcf99a21db7bb59b41f5200f/elements - {"using":"xpath","value":"//bdi[text()=\"OK\"]"}
RESULT: {"using":"xpath","value":"//bdi[text()=\"OK\"]"}
COMMAND: POST /session/86cef292dcf99a21db7bb59b41f5200f/elements - {"using":"xpath","value":"//bdi[text()=\"OK\"]"}
RESULT: {"using":"xpath","value":"//bdi[text()=\"OK\"]"}
COMMAND: POST /session/86cef292dcf99a21db7bb59b41f5200f/elements - {"using":"xpath","value":"//bdi[text()=\"OK\"]"}
RESULT: {"using":"xpath","value":"//bdi[text()=\"OK\"]"}
COMMAND: POST /session/86cef292dcf99a21db7bb59b41f5200f/elements - {"using":"xpath","value":"//bdi[text()=\"OK\"]"}
RESULT: {"using":"xpath","value":"//bdi[text()=\"OK\"]"}
COMMAND: POST /session/86cef292dcf99a21db7bb59b41f5200f/elements - {"using":"xpath","value":"//bdi[text()=\"OK\"]"}
RESULT: {"using":"xpath","value":"//bdi[text()=\"OK\"]"}
COMMAND: POST /session/86cef292dcf99a21db7bb59b41f5200f/elements - {"using":"xpath","value":"//bdi[text()=\"OK\"]"}
RESULT: {"using":"xpath","value":"//bdi[text()=\"OK\"]"}
COMMAND: POST /session/86cef292dcf99a21db7bb59b41f5200f/elements - {"using":"xpath","value":"//bdi[text()=\"OK\"]"}
RESULT: {"using":"xpath","value":"//bdi[text()=\"OK\"]"}
COMMAND: POST /session/86cef292dcf99a21db7bb59b41f5200f/elements - {"using":"xpath","value":"//bdi[text()=\"OK\"]"}
RESULT: {"using":"xpath","value":"//bdi[text()=\"OK\"]"}
COMMAND: POST /session/86cef292dcf99a21db7bb59b41f5200f/elements - {"using":"xpath","value":"//bdi[text()=\"OK\"]"}
RESULT: {"using":"xpath","value":"//bdi[text()=\"OK\"]"}
COMMAND: POST /session/86cef292dcf99a21db7bb59b41f5200f/elements - {"using":"xpath","value":"//bdi[text()=\"OK\"]"}
RESULT: {"using":"xpath","value":"//bdi[text()=\"OK\"]"}
COMMAND: POST /session/86cef292dcf99a21db7bb59b41f5200f/elements - {"using":"xpath","value":"//bdi[text()=\"OK\"]"}
RESULT: {"using":"xpath","value":"//bdi[text()=\"OK\"]"}
COMMAND: POST /session/86cef292dcf99a21db7bb59b41f5200f/elements - {"using":"xpath","value":"//bdi[text()=\"OK\"]"}
RESULT: {"using":"xpath","value":"//bdi[text()=\"OK\"]"}
COMMAND: POST /session/86cef292dcf99a21db7bb59b41f5200f/elements - {"using":"xpath","value":"//bdi[text()=\"OK\"]"}
RESULT: {"using":"xpath","value":"//bdi[text()=\"OK\"]"}
COMMAND: POST /session/86cef292dcf99a21db7bb59b41f5200f/elements - {"using":"xpath","value":"//bdi[text()=\"OK\"]"}
RESULT: {"using":"xpath","value":"//bdi[text()=\"OK\"]"}
COMMAND: POST /session/86cef292dcf99a21db7bb59b41f5200f/elements - {"using":"xpath","value":"//bdi[text()=\"OK\"]"}
RESULT: {"using":"xpath","value":"//bdi[text()=\"OK\"]"}
COMMAND: POST /session/86cef292dcf99a21db7bb59b41f5200f/elements - {"using":"xpath","value":"//bdi[text()=\"OK\"]"}
RESULT: {"using":"xpath","value":"//bdi[text()=\"OK\"]"}
COMMAND: POST /session/86cef292dcf99a21db7bb59b41f5200f/elements - {"using":"xpath","value":"//bdi[text()=\"OK\"]"}
RESULT: {"using":"xpath","value":"//bdi[text()=\"OK\"]"}
COMMAND: POST /session/86cef292dcf99a21db7bb59b41f5200f/elements - {"using":"xpath","value":"//bdi[text()=\"OK\"]"}
RESULT: {"using":"xpath","value":"//bdi[text()=\"OK\"]"}
COMMAND: POST /session/86cef292dcf99a21db7bb59b41f5200f/elements - {"using":"xpath","value":"//bdi[text()=\"OK\"]"}
RESULT: {"using":"xpath","value":"//bdi[text()=\"OK\"]"}
COMMAND: POST /session/86cef292dcf99a21db7bb59b41f5200f/elements - {"using":"xpath","value":"//bdi[text()=\"OK\"]"}
RESULT: {"using":"xpath","value":"//bdi[text()=\"OK\"]"}
COMMAND: POST /session/86cef292dcf99a21db7bb59b41f5200f/elements - {"using":"xpath","value":"//bdi[text()=\"OK\"]"}
RESULT: {"using":"xpath","value":"//bdi[text()=\"OK\"]"}
COMMAND: POST /session/86cef292dcf99a21db7bb59b41f5200f/elements - {"using":"xpath","value":"//bdi[text()=\"OK\"]"}
RESULT: {"using":"xpath","value":"//bdi[text()=\"OK\"]"}
COMMAND: POST /session/86cef292dcf99a21db7bb59b41f5200f/elements - {"using":"xpath","value":"//bdi[text()=\"OK\"]"}
RESULT: {"using":"xpath","value":"//bdi[text()=\"OK\"]"}
COMMAND: POST /session/86cef292dcf99a21db7bb59b41f5200f/elements - {"using":"xpath","value":"//bdi[text()=\"OK\"]"}
RESULT: {"using":"xpath","value":"//bdi[text()=\"OK\"]"}
COMMAND: POST /session/86cef292dcf99a21db7bb59b41f5200f/elements - {"using":"xpath","value":"//bdi[text()=\"OK\"]"}
RESULT: {"using":"xpath","value":"//bdi[text()=\"OK\"]"}
COMMAND: POST /session/86cef292dcf99a21db7bb59b41f5200f/elements - {"using":"xpath","value":"//bdi[text()=\"OK\"]"}
RESULT: {"using":"xpath","value":"//bdi[text()=\"OK\"]"}
COMMAND: POST /session/86cef292dcf99a21db7bb59b41f5200f/elements - {"using":"xpath","value":"//bdi[text()=\"OK\"]"}
RESULT: {"using":"xpath","value":"//bdi[text()=\"OK\"]"}
COMMAND: POST /session/86cef292dcf99a21db7bb59b41f5200f/elements - {"using":"xpath","value":"//bdi[text()=\"OK\"]"}
RESULT: {"using":"xpath","value":"//bdi[text()=\"OK\"]"}
COMMAND: POST /session/86cef292dcf99a21db7bb59b41f5200f/elements - {"using":"xpath","value":"//bdi[text()=\"OK\"]"}
RESULT: {"using":"xpath","value":"//bdi[text()=\"OK\"]"}
COMMAND: POST /session/86cef292dcf99a21db7bb59b41f5200f/elements - {"using":"xpath","value":"//bdi[text()=\"OK\"]"}
RESULT: {"using":"xpath","value":"//bdi[text()=\"OK\"]"}
COMMAND: POST /session/86cef292dcf99a21db7bb59b41f5200f/elements - {"using":"xpath","value":"//bdi[text()=\"OK\"]"}
RESULT: {"using":"xpath","value":"//bdi[text()=\"OK\"]"}
COMMAND: POST /session/86cef292dcf99a21db7bb59b41f5200f/elements - {"using":"xpath","value":"//bdi[text()=\"OK\"]"}
RESULT: {"using":"xpath","value":"//bdi[text()=\"OK\"]"}
COMMAND: POST /session/86cef292dcf99a21db7bb59b41f5200f/elements - {"using":"xpath","value":"//bdi[text()=\"OK\"]"}
RESULT: {"using":"xpath","value":"//bdi[text()=\"OK\"]"}
COMMAND: POST /session/86cef292dcf99a21db7bb59b41f5200f/elements - {"using":"xpath","value":"//bdi[text()=\"OK\"]"}
RESULT: {"using":"xpath","value":"//bdi[text()=\"OK\"]"}
COMMAND: POST /session/86cef292dcf99a21db7bb59b41f5200f/elements - {"using":"xpath","value":"//bdi[text()=\"OK\"]"}
RESULT: {"using":"xpath","value":"//bdi[text()=\"OK\"]"}
COMMAND: POST /session/86cef292dcf99a21db7bb59b41f5200f/elements - {"using":"xpath","value":"//bdi[text()=\"OK\"]"}
RESULT: {"using":"xpath","value":"//bdi[text()=\"OK\"]"}
COMMAND: POST /session/86cef292dcf99a21db7bb59b41f5200f/elements - {"using":"xpath","value":"//bdi[text()=\"OK\"]"}
RESULT: {"using":"xpath","value":"//bdi[text()=\"OK\"]"}
COMMAND: POST /session/86cef292dcf99a21db7bb59b41f5200f/elements - {"using":"xpath","value":"//bdi[text()=\"OK\"]"}
RESULT: {"using":"xpath","value":"//bdi[text()=\"OK\"]"}
COMMAND: POST /session/86cef292dcf99a21db7bb59b41f5200f/elements - {"using":"xpath","value":"//bdi[text()=\"OK\"]"}
RESULT: {"using":"xpath","value":"//bdi[text()=\"OK\"]"}
COMMAND: POST /session/86cef292dcf99a21db7bb59b41f5200f/elements - {"using":"xpath","value":"//bdi[text()=\"OK\"]"}
RESULT: {"using":"xpath","value":"//bdi[text()=\"OK\"]"}
COMMAND: POST /session/86cef292dcf99a21db7bb59b41f5200f/elements - {"using":"xpath","value":"//bdi[text()=\"OK\"]"}
RESULT: {"using":"xpath","value":"//bdi[text()=\"OK\"]"}
COMMAND: POST /session/86cef292dcf99a21db7bb59b41f5200f/elements - {"using":"xpath","value":"//bdi[text()=\"OK\"]"}
RESULT: {"using":"xpath","value":"//bdi[text()=\"OK\"]"}
COMMAND: POST /session/86cef292dcf99a21db7bb59b41f5200f/elements - {"using":"xpath","value":"//bdi[text()=\"OK\"]"}
RESULT: {"using":"xpath","value":"//bdi[text()=\"OK\"]"}
COMMAND: POST /session/86cef292dcf99a21db7bb59b41f5200f/elements - {"using":"xpath","value":"//bdi[text()=\"OK\"]"}
RESULT: {"using":"xpath","value":"//bdi[text()=\"OK\"]"}
COMMAND: POST /session/86cef292dcf99a21db7bb59b41f5200f/elements - {"using":"xpath","value":"//bdi[text()=\"OK\"]"}
RESULT: {"using":"xpath","value":"//bdi[text()=\"OK\"]"}
COMMAND: POST /session/86cef292dcf99a21db7bb59b41f5200f/elements - {"using":"xpath","value":"//bdi[text()=\"OK\"]"}
RESULT: {"using":"xpath","value":"//bdi[text()=\"OK\"]"}
COMMAND: POST /session/86cef292dcf99a21db7bb59b41f5200f/elements - {"using":"xpath","value":"//bdi[text()=\"OK\"]"}
RESULT: {"using":"xpath","value":"//bdi[text()=\"OK\"]"}
COMMAND: POST /session/86cef292dcf99a21db7bb59b41f5200f/elements - {"using":"xpath","value":"//bdi[text()=\"OK\"]"}
RESULT: {"using":"xpath","value":"//bdi[text()=\"OK\"]"}
COMMAND: POST /session/86cef292dcf99a21db7bb59b41f5200f/elements - {"using":"xpath","value":"//bdi[text()=\"OK\"]"}
RESULT: {"using":"xpath","value":"//bdi[text()=\"OK\"]"}
COMMAND: POST /session/86cef292dcf99a21db7bb59b41f5200f/elements - {"using":"xpath","value":"//bdi[text()=\"OK\"]"}
RESULT: {"using":"xpath","value":"//bdi[text()=\"OK\"]"}
COMMAND: POST /session/86cef292dcf99a21db7bb59b41f5200f/elements - {"using":"xpath","value":"//bdi[text()=\"OK\"]"}
RESULT: {"using":"xpath","value":"//bdi[text()=\"OK\"]"}
COMMAND: POST /session/86cef292dcf99a21db7bb59b41f5200f/elements - {"using":"xpath","value":"//bdi[text()=\"OK\"]"}
RESULT: {"using":"xpath","value":"//bdi[text()=\"OK\"]"}
COMMAND: POST /session/86cef292dcf99a21db7bb59b41f5200f/elements - {"using":"xpath","value":"//bdi[text()=\"OK\"]"}
RESULT: {"using":"xpath","value":"//bdi[text()=\"OK\"]"}
COMMAND: POST /session/86cef292dcf99a21db7bb59b41f5200f/elements - {"using":"xpath","value":"//bdi[text()=\"OK\"]"}
RESULT: {"using":"xpath","value":"//bdi[text()=\"OK\"]"}
COMMAND: POST /session/86cef292dcf99a21db7bb59b41f5200f/elements - {"using":"xpath","value":"//bdi[text()=\"OK\"]"}
RESULT: {"using":"xpath","value":"//bdi[text()=\"OK\"]"}
COMMAND: POST /session/86cef292dcf99a21db7bb59b41f5200f/elements - {"using":"xpath","value":"//bdi[text()=\"OK\"]"}
RESULT: {"using":"xpath","value":"//bdi[text()=\"OK\"]"}
COMMAND: POST /session/86cef292dcf99a21db7bb59b41f5200f/elements - {"using":"xpath","value":"//bdi[text()=\"OK\"]"}
RESULT: {"using":"xpath","value":"//bdi[text()=\"OK\"]"}
COMMAND: POST /session/86cef292dcf99a21db7bb59b41f5200f/elements - {"using":"xpath","value":"//bdi[text()=\"OK\"]"}
RESULT: {"using":"xpath","value":"//bdi[text()=\"OK\"]"}
COMMAND: POST /session/86cef292dcf99a21db7bb59b41f5200f/elements - {"using":"xpath","value":"//bdi[text()=\"OK\"]"}
RESULT: {"using":"xpath","value":"//bdi[text()=\"OK\"]"}
COMMAND: POST /session/86cef292dcf99a21db7bb59b41f5200f/elements - {"using":"xpath","value":"//bdi[text()=\"OK\"]"}
RESULT: {"using":"xpath","value":"//bdi[text()=\"OK\"]"}
COMMAND: POST /session/86cef292dcf99a21db7bb59b41f5200f/elements - {"using":"xpath","value":"//bdi[text()=\"OK\"]"}
RESULT: {"using":"xpath","value":"//bdi[text()=\"OK\"]"}
COMMAND: POST /session/86cef292dcf99a21db7bb59b41f5200f/elements - {"using":"xpath","value":"//bdi[text()=\"OK\"]"}
RESULT: {"using":"xpath","value":"//bdi[text()=\"OK\"]"}
COMMAND: POST /session/86cef292dcf99a21db7bb59b41f5200f/elements - {"using":"xpath","value":"//bdi[text()=\"OK\"]"}
RESULT: {"using":"xpath","value":"//bdi[text()=\"OK\"]"}
COMMAND: POST /session/86cef292dcf99a21db7bb59b41f5200f/elements - {"using":"xpath","value":"//bdi[text()=\"OK\"]"}
RESULT: {"using":"xpath","value":"//bdi[text()=\"OK\"]"}
COMMAND: POST /session/86cef292dcf99a21db7bb59b41f5200f/elements - {"using":"xpath","value":"//bdi[text()=\"OK\"]"}
RESULT: {"using":"xpath","value":"//bdi[text()=\"OK\"]"}
COMMAND: POST /session/86cef292dcf99a21db7bb59b41f5200f/elements - {"using":"xpath","value":"//bdi[text()=\"OK\"]"}
RESULT: {"using":"xpath","value":"//bdi[text()=\"OK\"]"}
COMMAND: POST /session/86cef292dcf99a21db7bb59b41f5200f/elements - {"using":"xpath","value":"//bdi[text()=\"OK\"]"}
RESULT: {"using":"xpath","value":"//bdi[text()=\"OK\"]"}
COMMAND: POST /session/86cef292dcf99a21db7bb59b41f5200f/elements - {"using":"xpath","value":"//bdi[text()=\"OK\"]"}
RESULT: {"using":"xpath","value":"//bdi[text()=\"OK\"]"}
COMMAND: POST /session/86cef292dcf99a21db7bb59b41f5200f/elements - {"using":"xpath","value":"//bdi[text()=\"OK\"]"}
RESULT: {"using":"xpath","value":"//bdi[text()=\"OK\"]"}
COMMAND: POST /session/86cef292dcf99a21db7bb59b41f5200f/elements - {"using":"xpath","value":"//bdi[text()=\"OK\"]"}
RESULT: {"using":"xpath","value":"//bdi[text()=\"OK\"]"}
COMMAND: POST /session/86cef292dcf99a21db7bb59b41f5200f/elements - {"using":"xpath","value":"//bdi[text()=\"OK\"]"}
RESULT: {"using":"xpath","value":"//bdi[text()=\"OK\"]"}
COMMAND: POST /session/86cef292dcf99a21db7bb59b41f5200f/elements - {"using":"xpath","value":"//bdi[text()=\"OK\"]"}
RESULT: {"using":"xpath","value":"//bdi[text()=\"OK\"]"}
COMMAND: POST /session/86cef292dcf99a21db7bb59b41f5200f/elements - {"using":"xpath","value":"//bdi[text()=\"OK\"]"}
RESULT: {"using":"xpath","value":"//bdi[text()=\"OK\"]"}
COMMAND: POST /session/86cef292dcf99a21db7bb59b41f5200f/elements - {"using":"xpath","value":"//bdi[text()=\"OK\"]"}
RESULT: {"using":"xpath","value":"//bdi[text()=\"OK\"]"}
COMMAND: POST /session/86cef292dcf99a21db7bb59b41f5200f/elements - {"using":"xpath","value":"//bdi[text()=\"OK\"]"}
RESULT: {"using":"xpath","value":"//bdi[text()=\"OK\"]"}
COMMAND: POST /session/86cef292dcf99a21db7bb59b41f5200f/elements - {"using":"xpath","value":"//bdi[text()=\"OK\"]"}
RESULT: {"using":"xpath","value":"//bdi[text()=\"OK\"]"}
COMMAND: POST /session/86cef292dcf99a21db7bb59b41f5200f/elements - {"using":"xpath","value":"//bdi[text()=\"OK\"]"}
RESULT: {"using":"xpath","value":"//bdi[text()=\"OK\"]"}
COMMAND: POST /session/86cef292dcf99a21db7bb59b41f5200f/elements - {"using":"xpath","value":"//bdi[text()=\"OK\"]"}
RESULT: {"using":"xpath","value":"//bdi[text()=\"OK\"]"}
COMMAND: POST /session/86cef292dcf99a21db7bb59b41f5200f/elements - {"using":"xpath","value":"//bdi[text()=\"OK\"]"}
RESULT: {"using":"xpath","value":"//bdi[text()=\"OK\"]"}
COMMAND: POST /session/86cef292dcf99a21db7bb59b41f5200f/elements - {"using":"xpath","value":"//bdi[text()=\"OK\"]"}
RESULT: {"using":"xpath","value":"//bdi[text()=\"OK\"]"}
COMMAND: POST /session/86cef292dcf99a21db7bb59b41f5200f/elements - {"using":"xpath","value":"//bdi[text()=\"OK\"]"}
RESULT: {"using":"xpath","value":"//bdi[text()=\"OK\"]"}
COMMAND: POST /session/86cef292dcf99a21db7bb59b41f5200f/elements - {"using":"xpath","value":"//bdi[text()=\"OK\"]"}
RESULT: {"using":"xpath","value":"//bdi[text()=\"OK\"]"}
COMMAND: POST /session/86cef292dcf99a21db7bb59b41f5200f/elements - {"using":"xpath","value":"//bdi[text()=\"OK\"]"}
RESULT: {"using":"xpath","value":"//bdi[text()=\"OK\"]"}
COMMAND: POST /session/86cef292dcf99a21db7bb59b41f5200f/elements - {"using":"xpath","value":"//bdi[text()=\"OK\"]"}
RESULT: {"using":"xpath","value":"//bdi[text()=\"OK\"]"}
COMMAND: POST /session/86cef292dcf99a21db7bb59b41f5200f/elements - {"using":"xpath","value":"//bdi[text()=\"OK\"]"}
RESULT: {"using":"xpath","value":"//bdi[text()=\"OK\"]"}
COMMAND: POST /session/86cef292dcf99a21db7bb59b41f5200f/elements - {"using":"xpath","value":"//bdi[text()=\"OK\"]"}
RESULT: {"using":"xpath","value":"//bdi[text()=\"OK\"]"}
COMMAND: POST /session/86cef292dcf99a21db7bb59b41f5200f/elements - {"using":"xpath","value":"//bdi[text()=\"OK\"]"}
RESULT: {"using":"xpath","value":"//bdi[text()=\"OK\"]"}
COMMAND: POST /session/86cef292dcf99a21db7bb59b41f5200f/elements - {"using":"xpath","value":"//bdi[text()=\"OK\"]"}
RESULT: {"using":"xpath","value":"//bdi[text()=\"OK\"]"}
COMMAND: POST /session/86cef292dcf99a21db7bb59b41f5200f/elements - {"using":"xpath","value":"//bdi[text()=\"OK\"]"}
RESULT: {"using":"xpath","value":"//bdi[text()=\"OK\"]"}
COMMAND: POST /session/86cef292dcf99a21db7bb59b41f5200f/elements - {"using":"xpath","value":"//bdi[text()=\"OK\"]"}
RESULT: {"using":"xpath","value":"//bdi[text()=\"OK\"]"}
COMMAND: POST /session/86cef292dcf99a21db7bb59b41f5200f/elements - {"using":"xpath","value":"//bdi[text()=\"OK\"]"}
RESULT: {"using":"xpath","value":"//bdi[text()=\"OK\"]"}
COMMAND: POST /session/86cef292dcf99a21db7bb59b41f5200f/elements - {"using":"xpath","value":"//bdi[text()=\"OK\"]"}
RESULT: {"using":"xpath","value":"//bdi[text()=\"OK\"]"}
COMMAND: POST /session/86cef292dcf99a21db7bb59b41f5200f/elements - {"using":"xpath","value":"//bdi[text()=\"OK\"]"}
RESULT: {"using":"xpath","value":"//bdi[text()=\"OK\"]"}
COMMAND: POST /session/86cef292dcf99a21db7bb59b41f5200f/elements - {"using":"xpath","value":"//bdi[text()=\"OK\"]"}
RESULT: {"using":"xpath","value":"//bdi[text()=\"OK\"]"}
COMMAND: POST /session/86cef292dcf99a21db7bb59b41f5200f/elements - {"using":"xpath","value":"//bdi[text()=\"OK\"]"}
RESULT: {"using":"xpath","value":"//bdi[text()=\"OK\"]"}
COMMAND: POST /session/86cef292dcf99a21db7bb59b41f5200f/elements - {"using":"xpath","value":"//bdi[text()=\"OK\"]"}
RESULT: {"using":"xpath","value":"//bdi[text()=\"OK\"]"}
COMMAND: POST /session/86cef292dcf99a21db7bb59b41f5200f/elements - {"using":"xpath","value":"//bdi[text()=\"OK\"]"}
RESULT: {"using":"xpath","value":"//bdi[text()=\"OK\"]"}
COMMAND: POST /session/86cef292dcf99a21db7bb59b41f5200f/elements - {"using":"xpath","value":"//bdi[text()=\"OK\"]"}
RESULT: {"using":"xpath","value":"//bdi[text()=\"OK\"]"}
COMMAND: POST /session/86cef292dcf99a21db7bb59b41f5200f/elements - {"using":"xpath","value":"//bdi[text()=\"OK\"]"}
RESULT: {"using":"xpath","value":"//bdi[text()=\"OK\"]"}
COMMAND: POST /session/86cef292dcf99a21db7bb59b41f5200f/elements - {"using":"xpath","value":"//bdi[text()=\"OK\"]"}
RESULT: {"using":"xpath","value":"//bdi[text()=\"OK\"]"}
COMMAND: POST /session/86cef292dcf99a21db7bb59b41f5200f/elements - {"using":"xpath","value":"//bdi[text()=\"OK\"]"}
RESULT: {"using":"xpath","value":"//bdi[text()=\"OK\"]"}
COMMAND: POST /session/86cef292dcf99a21db7bb59b41f5200f/elements - {"using":"xpath","value":"//bdi[text()=\"OK\"]"}
RESULT: {"using":"xpath","value":"//bdi[text()=\"OK\"]"}
COMMAND: POST /session/86cef292dcf99a21db7bb59b41f5200f/elements - {"using":"xpath","value":"//bdi[text()=\"OK\"]"}
RESULT: {"using":"xpath","value":"//bdi[text()=\"OK\"]"}
COMMAND: POST /session/86cef292dcf99a21db7bb59b41f5200f/elements - {"using":"xpath","value":"//bdi[text()=\"OK\"]"}
RESULT: {"using":"xpath","value":"//bdi[text()=\"OK\"]"}
COMMAND: POST /session/86cef292dcf99a21db7bb59b41f5200f/elements - {"using":"xpath","value":"//bdi[text()=\"OK\"]"}
RESULT: {"using":"xpath","value":"//bdi[text()=\"OK\"]"}
COMMAND: POST /session/86cef292dcf99a21db7bb59b41f5200f/elements - {"using":"xpath","value":"//bdi[text()=\"OK\"]"}
RESULT: {"using":"xpath","value":"//bdi[text()=\"OK\"]"}
COMMAND: POST /session/86cef292dcf99a21db7bb59b41f5200f/elements - {"using":"xpath","value":"//bdi[text()=\"OK\"]"}
RESULT: {"using":"xpath","value":"//bdi[text()=\"OK\"]"}
COMMAND: POST /session/86cef292dcf99a21db7bb59b41f5200f/elements - {"using":"xpath","value":"//bdi[text()=\"OK\"]"}
RESULT: {"using":"xpath","value":"//bdi[text()=\"OK\"]"}
COMMAND: POST /session/86cef292dcf99a21db7bb59b41f5200f/elements - {"using":"xpath","value":"//bdi[text()=\"OK\"]"}
RESULT: {"using":"xpath","value":"//bdi[text()=\"OK\"]"}
COMMAND: POST /session/86cef292dcf99a21db7bb59b41f5200f/elements - {"using":"xpath","value":"//bdi[text()=\"OK\"]"}
RESULT: {"using":"xpath","value":"//bdi[text()=\"OK\"]"}
COMMAND: POST /session/86cef292dcf99a21db7bb59b41f5200f/elements - {"using":"xpath","value":"//bdi[text()=\"OK\"]"}
RESULT: {"using":"xpath","value":"//bdi[text()=\"OK\"]"}
COMMAND: POST /session/86cef292dcf99a21db7bb59b41f5200f/elements - {"using":"xpath","value":"//bdi[text()=\"OK\"]"}
RESULT: {"using":"xpath","value":"//bdi[text()=\"OK\"]"}
COMMAND: POST /session/86cef292dcf99a21db7bb59b41f5200f/elements - {"using":"xpath","value":"//bdi[text()=\"OK\"]"}
COMMAND: POST /session/86cef292dcf99a21db7bb59b41f5200f/execute/async - {"script":"<script> [1562 bytes]","args":[{"selector":{"id":"application-manageresources-display-component---newResourceUnit--TYPE-arrow"},"wdio_ui5_key":"applicationmanageresources-display-component---newResourceUnit--TYPE-arrow"}]}
RESULT: {"using":"xpath","value":"//bdi[text()=\"OK\"]"}
RESULT: {"script":"<script> [1562 bytes]","args":[{"selector":{"id":"application-manageresources-display-component---newResourceUnit--TYPE-arrow"},"wdio_ui5_key":"applicationmanageresources-display-component---newResourceUnit--TYPE-arrow"}]}
RESULT: undefined
COMMAND: POST /session/86cef292dcf99a21db7bb59b41f5200f/element - {"using":"xpath","value":"//*[@id=\"application-manageresources-display-component---newResourceUnit--TYPE-arrow\"]"}
RESULT: {"using":"xpath","value":"//*[@id=\"application-manageresources-display-component---newResourceUnit--TYPE-arrow\"]"}
COMMAND: POST /session/86cef292dcf99a21db7bb59b41f5200f/element/f.D07DA9D7691935B74F99E9A1B60A37E7.d.48DC7E439674A6F49AAE78114AABB90C.e.6196/click - {}
RESULT: {}
COMMAND: POST /session/86cef292dcf99a21db7bb59b41f5200f/execute/async - {"script":"<script> [1562 bytes]","args":[{"selector":{"controlType":"sap.m.StandardListItem","viewName":"reusables.view.manageresources.NewResourceUnit","viewId":"application-manageresources-display-component---newResourceUnit","properties":{"title":"Material"},"searchOpenDialogs":true,"interaction":{"idSuffix":"titleText"}},"wdio_ui5_key":"reusablesview.manageresources.NewResourceUnitsap.m.StandardListItem{\"title\":\"Material\"}"}]}
COMMAND: GET /session/86cef292dcf99a21db7bb59b41f5200f/screenshot - {}
RESULT: {"script":"<script> [1562 bytes]","args":[{"selector":{"controlType":"sap.m.StandardListItem","viewName":"reusables.view.manageresources.NewResourceUnit","viewId":"application-manageresources-display-component---newResourceUnit","properties":{"title":"Material"},"searchOpenDialogs":true,"interaction":{"idSuffix":"titleText"}},"wdio_ui5_key":"reusablesview.manageresources.NewResourceUnitsap.m.StandardListItem{\"title\":\"Material\"}"}]}
RESULT: undefined
COMMAND: POST /session/86cef292dcf99a21db7bb59b41f5200f/element - {"using":"xpath","value":"//*[@id=\"__item142\"]"}
RESULT: {}
RESULT: {"using":"xpath","value":"//*[@id=\"__item142\"]"}
COMMAND: POST /session/86cef292dcf99a21db7bb59b41f5200f/element/f.D07DA9D7691935B74F99E9A1B60A37E7.d.48DC7E439674A6F49AAE78114AABB90C.e.6199/click - {}
RESULT: {}
COMMAND: POST /session/86cef292dcf99a21db7bb59b41f5200f/execute/async - {"script":"<script> [1562 bytes]","args":[{"selector":{"id":"application-manageresources-display-component---newResourceUnit--SHORT_TEXT","interaction":{"idSuffix":"inner"}},"wdio_ui5_key":"applicationmanageresources-display-component---newResourceUnit--SHORT_TEXT"}]}
COMMAND: GET /session/86cef292dcf99a21db7bb59b41f5200f/screenshot - {}
RESULT: {"script":"<script> [1562 bytes]","args":[{"selector":{"id":"application-manageresources-display-component---newResourceUnit--SHORT_TEXT","interaction":{"idSuffix":"inner"}},"wdio_ui5_key":"applicationmanageresources-display-component---newResourceUnit--SHORT_TEXT"}]}
RESULT: undefined
COMMAND: POST /session/86cef292dcf99a21db7bb59b41f5200f/execute/async - {"script":"<script> [776 bytes]","args":[{"enterText":"WebdriverRU R2Cmpsbv","selector":{"id":"application-manageresources-display-component---newResourceUnit--SHORT_TEXT","interaction":{"idSuffix":"inner"}},"clearTextFirst":true,"interactionType":"ENTER_TEXT"}]}
RESULT: {}
RESULT: {"script":"<script> [776 bytes]","args":[{"enterText":"WebdriverRU R2Cmpsbv","selector":{"id":"application-manageresources-display-component---newResourceUnit--SHORT_TEXT","interaction":{"idSuffix":"inner"}},"clearTextFirst":true,"interactionType":"ENTER_TEXT"}]}
COMMAND: POST /session/86cef292dcf99a21db7bb59b41f5200f/execute/async - {"script":"<script> [1562 bytes]","args":[{"selector":{"id":"application-manageresources-display-component---newResourceUnit--BASE_UNIT_OF_MEASURE-arrow"},"wdio_ui5_key":"applicationmanageresources-display-component---newResourceUnit--BASE_UNIT_OF_MEASURE-arrow"}]}
RESULT: {"script":"<script> [1562 bytes]","args":[{"selector":{"id":"application-manageresources-display-component---newResourceUnit--BASE_UNIT_OF_MEASURE-arrow"},"wdio_ui5_key":"applicationmanageresources-display-component---newResourceUnit--BASE_UNIT_OF_MEASURE-arrow"}]}
RESULT: undefined
COMMAND: POST /session/86cef292dcf99a21db7bb59b41f5200f/element - {"using":"xpath","value":"//*[@id=\"application-manageresources-display-component---newResourceUnit--BASE_UNIT_OF_MEASURE-arrow\"]"}
RESULT: {"using":"xpath","value":"//*[@id=\"application-manageresources-display-component---newResourceUnit--BASE_UNIT_OF_MEASURE-arrow\"]"}
COMMAND: POST /session/86cef292dcf99a21db7bb59b41f5200f/element/f.D07DA9D7691935B74F99E9A1B60A37E7.d.48DC7E439674A6F49AAE78114AABB90C.e.6257/click - {}
RESULT: {}
COMMAND: POST /session/86cef292dcf99a21db7bb59b41f5200f/execute/async - {"script":"<script> [1562 bytes]","args":[{"selector":{"controlType":"sap.m.StandardListItem","viewName":"reusables.view.manageresources.NewResourceUnit","viewId":"application-manageresources-display-component---newResourceUnit","properties":{"title":"Piece"},"searchOpenDialogs":true,"interaction":{"idSuffix":"titleText"}},"wdio_ui5_key":"reusablesview.manageresources.NewResourceUnitsap.m.StandardListItem{\"title\":\"Piece\"}"}]}
COMMAND: GET /session/86cef292dcf99a21db7bb59b41f5200f/screenshot - {}
RESULT: {"script":"<script> [1562 bytes]","args":[{"selector":{"controlType":"sap.m.StandardListItem","viewName":"reusables.view.manageresources.NewResourceUnit","viewId":"application-manageresources-display-component---newResourceUnit","properties":{"title":"Piece"},"searchOpenDialogs":true,"interaction":{"idSuffix":"titleText"}},"wdio_ui5_key":"reusablesview.manageresources.NewResourceUnitsap.m.StandardListItem{\"title\":\"Piece\"}"}]}
RESULT: undefined
COMMAND: POST /session/86cef292dcf99a21db7bb59b41f5200f/element - {"using":"xpath","value":"//*[@id=\"__item186\"]"}
RESULT: {}
RESULT: {"using":"xpath","value":"//*[@id=\"__item186\"]"}
COMMAND: POST /session/86cef292dcf99a21db7bb59b41f5200f/element/f.D07DA9D7691935B74F99E9A1B60A37E7.d.48DC7E439674A6F49AAE78114AABB90C.e.6259/click - {}
RESULT: {}
COMMAND: POST /session/86cef292dcf99a21db7bb59b41f5200f/execute/async - {"script":"<script> [1562 bytes]","args":[{"selector":{"id":"application-manageresources-display-component---newResourceUnit--WEIGHT_UNIT-arrow"},"wdio_ui5_key":"applicationmanageresources-display-component---newResourceUnit--WEIGHT_UNIT-arrow"}]}
COMMAND: GET /session/86cef292dcf99a21db7bb59b41f5200f/screenshot - {}
RESULT: {"script":"<script> [1562 bytes]","args":[{"selector":{"id":"application-manageresources-display-component---newResourceUnit--WEIGHT_UNIT-arrow"},"wdio_ui5_key":"applicationmanageresources-display-component---newResourceUnit--WEIGHT_UNIT-arrow"}]}
RESULT: undefined
COMMAND: POST /session/86cef292dcf99a21db7bb59b41f5200f/element - {"using":"xpath","value":"//*[@id=\"application-manageresources-display-component---newResourceUnit--WEIGHT_UNIT-arrow\"]"}
RESULT: {}
RESULT: {"using":"xpath","value":"//*[@id=\"application-manageresources-display-component---newResourceUnit--WEIGHT_UNIT-arrow\"]"}
COMMAND: POST /session/86cef292dcf99a21db7bb59b41f5200f/element/f.D07DA9D7691935B74F99E9A1B60A37E7.d.48DC7E439674A6F49AAE78114AABB90C.e.6260/click - {}
RESULT: {}
COMMAND: POST /session/86cef292dcf99a21db7bb59b41f5200f/execute/async - {"script":"<script> [1562 bytes]","args":[{"selector":{"controlType":"sap.m.StandardListItem","viewName":"reusables.view.manageresources.NewResourceUnit","viewId":"application-manageresources-display-component---newResourceUnit","properties":{"title":"Gram"},"searchOpenDialogs":true,"interaction":{"idSuffix":"content"}},"wdio_ui5_key":"reusablesview.manageresources.NewResourceUnitsap.m.StandardListItem{\"title\":\"Gram\"}"}]}
COMMAND: GET /session/86cef292dcf99a21db7bb59b41f5200f/screenshot - {}
RESULT: {"script":"<script> [1562 bytes]","args":[{"selector":{"controlType":"sap.m.StandardListItem","viewName":"reusables.view.manageresources.NewResourceUnit","viewId":"application-manageresources-display-component---newResourceUnit","properties":{"title":"Gram"},"searchOpenDialogs":true,"interaction":{"idSuffix":"content"}},"wdio_ui5_key":"reusablesview.manageresources.NewResourceUnitsap.m.StandardListItem{\"title\":\"Gram\"}"}]}
RESULT: undefined
COMMAND: POST /session/86cef292dcf99a21db7bb59b41f5200f/element - {"using":"xpath","value":"//*[@id=\"__item251\"]"}
RESULT: {}
RESULT: {"using":"xpath","value":"//*[@id=\"__item251\"]"}
COMMAND: POST /session/86cef292dcf99a21db7bb59b41f5200f/element/f.D07DA9D7691935B74F99E9A1B60A37E7.d.48DC7E439674A6F49AAE78114AABB90C.e.6262/click - {}
RESULT: {}
COMMAND: GET /session/86cef292dcf99a21db7bb59b41f5200f/screenshot - {}
RESULT: {}
COMMAND: POST /session/86cef292dcf99a21db7bb59b41f5200f/execute/async - {"script":"<script> [1562 bytes]","args":[{"selector":{"id":"application-manageresources-display-component---newResourceUnit--newRRUPage-OPHeaderContent-collapseBtn-img"},"wdio_ui5_key":"applicationmanageresources-display-component---newResourceUnit--newRRUPage-OPHeaderContent-collapseBtn-img"}]}
RESULT: {"script":"<script> [1562 bytes]","args":[{"selector":{"id":"application-manageresources-display-component---newResourceUnit--newRRUPage-OPHeaderContent-collapseBtn-img"},"wdio_ui5_key":"applicationmanageresources-display-component---newResourceUnit--newRRUPage-OPHeaderContent-collapseBtn-img"}]}
RESULT: undefined
COMMAND: POST /session/86cef292dcf99a21db7bb59b41f5200f/element - {"using":"xpath","value":"//*[@id=\"application-manageresources-display-component---newResourceUnit--newRRUPage-OPHeaderContent-collapseBtn-img\"]"}
RESULT: {"using":"xpath","value":"//*[@id=\"application-manageresources-display-component---newResourceUnit--newRRUPage-OPHeaderContent-collapseBtn-img\"]"}
COMMAND: POST /session/86cef292dcf99a21db7bb59b41f5200f/element/f.D07DA9D7691935B74F99E9A1B60A37E7.d.48DC7E439674A6F49AAE78114AABB90C.e.6207/click - {}
RESULT: {}
COMMAND: GET /session/86cef292dcf99a21db7bb59b41f5200f/screenshot - {}
RESULT: {}
COMMAND: POST /session/86cef292dcf99a21db7bb59b41f5200f/element - {"using":"xpath","value":"(//span[contains(@id ,\"application-manageresources-display-component---newResourceUnit--DIMENSION_UNIT-arrow\")])[1]"}
RESULT: {"using":"xpath","value":"(//span[contains(@id ,\"application-manageresources-display-component---newResourceUnit--DIMENSION_UNIT-arrow\")])[1]"}
COMMAND: POST /session/86cef292dcf99a21db7bb59b41f5200f/element/f.D07DA9D7691935B74F99E9A1B60A37E7.d.48DC7E439674A6F49AAE78114AABB90C.e.6266/click - {}
RESULT: {}
COMMAND: GET /session/86cef292dcf99a21db7bb59b41f5200f/screenshot - {}
RESULT: {}
COMMAND: POST /session/86cef292dcf99a21db7bb59b41f5200f/execute/async - {"script":"<script> [1562 bytes]","args":[{"selector":{"controlType":"sap.m.StandardListItem","viewName":"reusables.view.manageresources.NewResourceUnit","viewId":"application-manageresources-display-component---newResourceUnit","properties":{"title":"Centimeter"},"searchOpenDialogs":true,"interaction":{"idSuffix":"titleText"}},"wdio_ui5_key":"reusablesview.manageresources.NewResourceUnitsap.m.StandardListItem{\"title\":\"Centimeter\"}"}]}
RESULT: {"script":"<script> [1562 bytes]","args":[{"selector":{"controlType":"sap.m.StandardListItem","viewName":"reusables.view.manageresources.NewResourceUnit","viewId":"application-manageresources-display-component---newResourceUnit","properties":{"title":"Centimeter"},"searchOpenDialogs":true,"interaction":{"idSuffix":"titleText"}},"wdio_ui5_key":"reusablesview.manageresources.NewResourceUnitsap.m.StandardListItem{\"title\":\"Centimeter\"}"}]}
RESULT: undefined
COMMAND: POST /session/86cef292dcf99a21db7bb59b41f5200f/element - {"using":"xpath","value":"//*[@id=\"__item254\"]"}
RESULT: {"using":"xpath","value":"//*[@id=\"__item254\"]"}
COMMAND: POST /session/86cef292dcf99a21db7bb59b41f5200f/element/f.D07DA9D7691935B74F99E9A1B60A37E7.d.48DC7E439674A6F49AAE78114AABB90C.e.6270/click - {}
RESULT: {}
COMMAND: GET /session/86cef292dcf99a21db7bb59b41f5200f/screenshot - {}
RESULT: {}
COMMAND: POST /session/86cef292dcf99a21db7bb59b41f5200f/execute/async - {"script":"<script> [1562 bytes]","args":[{"selector":{"id":"application-manageresources-display-component---newResourceUnit--newRRUPage-anchBar-application-manageresources-display-component---newResourceUnit--reference-anchor","interaction":{"idSuffix":"BDI-content"}},"wdio_ui5_key":"applicationmanageresources-display-component---newResourceUnit--newRRUPage-anchBar-application-manageresources-display-component---newResourceUnit--reference-anchor"}]}
RESULT: {"script":"<script> [1562 bytes]","args":[{"selector":{"id":"application-manageresources-display-component---newResourceUnit--newRRUPage-anchBar-application-manageresources-display-component---newResourceUnit--reference-anchor","interaction":{"idSuffix":"BDI-content"}},"wdio_ui5_key":"applicationmanageresources-display-component---newResourceUnit--newRRUPage-anchBar-application-manageresources-display-component---newResourceUnit--reference-anchor"}]}
RESULT: undefined
COMMAND: POST /session/86cef292dcf99a21db7bb59b41f5200f/element - {"using":"xpath","value":"//*[@id=\"application-manageresources-display-component---newResourceUnit--newRRUPage-anchBar-application-manageresources-display-component---newResourceUnit--reference-anchor\"]"}
RESULT: {"using":"xpath","value":"//*[@id=\"application-manageresources-display-component---newResourceUnit--newRRUPage-anchBar-application-manageresources-display-component---newResourceUnit--reference-anchor\"]"}
COMMAND: POST /session/86cef292dcf99a21db7bb59b41f5200f/element/f.D07DA9D7691935B74F99E9A1B60A37E7.d.48DC7E439674A6F49AAE78114AABB90C.e.6272/click - {}
RESULT: {}
COMMAND: POST /session/86cef292dcf99a21db7bb59b41f5200f/execute/async - {"script":"<script> [1562 bytes]","args":[{"selector":{"id":"application-manageresources-display-component---newResourceUnit--PLANNING_GROUP-arrow"},"wdio_ui5_key":"applicationmanageresources-display-component---newResourceUnit--PLANNING_GROUP-arrow"}]}
COMMAND: GET /session/86cef292dcf99a21db7bb59b41f5200f/screenshot - {}
RESULT: {"script":"<script> [1562 bytes]","args":[{"selector":{"id":"application-manageresources-display-component---newResourceUnit--PLANNING_GROUP-arrow"},"wdio_ui5_key":"applicationmanageresources-display-component---newResourceUnit--PLANNING_GROUP-arrow"}]}
RESULT: undefined
COMMAND: POST /session/86cef292dcf99a21db7bb59b41f5200f/element - {"using":"xpath","value":"//*[@id=\"application-manageresources-display-component---newResourceUnit--PLANNING_GROUP-arrow\"]"}
RESULT: {}
RESULT: {"using":"xpath","value":"//*[@id=\"application-manageresources-display-component---newResourceUnit--PLANNING_GROUP-arrow\"]"}
COMMAND: POST /session/86cef292dcf99a21db7bb59b41f5200f/element/f.D07DA9D7691935B74F99E9A1B60A37E7.d.48DC7E439674A6F49AAE78114AABB90C.e.6276/click - {}
RESULT: {}
COMMAND: POST /session/86cef292dcf99a21db7bb59b41f5200f/execute/async - {"script":"<script> [1562 bytes]","args":[{"selector":{"controlType":"sap.m.StandardListItem","viewName":"reusables.view.manageresources.NewResourceUnit","viewId":"application-manageresources-display-component---newResourceUnit","properties":{"title":"Heavy Equi"},"searchOpenDialogs":true,"interaction":{"idSuffix":"content"}},"wdio_ui5_key":"reusablesview.manageresources.NewResourceUnitsap.m.StandardListItem{\"title\":\"Heavy Equi\"}"}]}
COMMAND: GET /session/86cef292dcf99a21db7bb59b41f5200f/screenshot - {}
RESULT: {"script":"<script> [1562 bytes]","args":[{"selector":{"controlType":"sap.m.StandardListItem","viewName":"reusables.view.manageresources.NewResourceUnit","viewId":"application-manageresources-display-component---newResourceUnit","properties":{"title":"Heavy Equi"},"searchOpenDialogs":true,"interaction":{"idSuffix":"content"}},"wdio_ui5_key":"reusablesview.manageresources.NewResourceUnitsap.m.StandardListItem{\"title\":\"Heavy Equi\"}"}]}
RESULT: undefined
COMMAND: POST /session/86cef292dcf99a21db7bb59b41f5200f/element - {"using":"xpath","value":"//*[@id=\"__item262\"]"}
RESULT: {}
RESULT: {"using":"xpath","value":"//*[@id=\"__item262\"]"}
COMMAND: POST /session/86cef292dcf99a21db7bb59b41f5200f/element/f.D07DA9D7691935B74F99E9A1B60A37E7.d.48DC7E439674A6F49AAE78114AABB90C.e.6280/click - {}
RESULT: {}
COMMAND: GET /session/86cef292dcf99a21db7bb59b41f5200f/screenshot - {}
RESULT: {}
COMMAND: POST /session/86cef292dcf99a21db7bb59b41f5200f/execute/async - {"script":"<script> [1562 bytes]","args":[{"selector":{"id":"application-manageresources-display-component---newResourceUnit--PLANNING_INDICATOR-arrow"},"wdio_ui5_key":"applicationmanageresources-display-component---newResourceUnit--PLANNING_INDICATOR-arrow"}]}
RESULT: {"script":"<script> [1562 bytes]","args":[{"selector":{"id":"application-manageresources-display-component---newResourceUnit--PLANNING_INDICATOR-arrow"},"wdio_ui5_key":"applicationmanageresources-display-component---newResourceUnit--PLANNING_INDICATOR-arrow"}]}
RESULT: undefined
COMMAND: POST /session/86cef292dcf99a21db7bb59b41f5200f/element - {"using":"xpath","value":"//*[@id=\"application-manageresources-display-component---newResourceUnit--PLANNING_INDICATOR-arrow\"]"}
RESULT: {"using":"xpath","value":"//*[@id=\"application-manageresources-display-component---newResourceUnit--PLANNING_INDICATOR-arrow\"]"}
COMMAND: POST /session/86cef292dcf99a21db7bb59b41f5200f/element/f.D07DA9D7691935B74F99E9A1B60A37E7.d.48DC7E439674A6F49AAE78114AABB90C.e.6281/click - {}
RESULT: {}
COMMAND: POST /session/86cef292dcf99a21db7bb59b41f5200f/execute/async - {"script":"<script> [1562 bytes]","args":[{"selector":{"controlType":"sap.m.StandardListItem","viewName":"reusables.view.manageresources.NewResourceUnit","viewId":"application-manageresources-display-component---newResourceUnit","properties":{"title":"10 - infinite"},"searchOpenDialogs":true,"interaction":{"idSuffix":"content"}},"wdio_ui5_key":"reusablesview.manageresources.NewResourceUnitsap.m.StandardListItem{\"title\":\"10 - infinite\"}"}]}
COMMAND: GET /session/86cef292dcf99a21db7bb59b41f5200f/screenshot - {}
RESULT: {"script":"<script> [1562 bytes]","args":[{"selector":{"controlType":"sap.m.StandardListItem","viewName":"reusables.view.manageresources.NewResourceUnit","viewId":"application-manageresources-display-component---newResourceUnit","properties":{"title":"10 - infinite"},"searchOpenDialogs":true,"interaction":{"idSuffix":"content"}},"wdio_ui5_key":"reusablesview.manageresources.NewResourceUnitsap.m.StandardListItem{\"title\":\"10 - infinite\"}"}]}
RESULT: undefined
COMMAND: POST /session/86cef292dcf99a21db7bb59b41f5200f/element - {"using":"xpath","value":"//*[@id=\"__item272\"]"}
RESULT: {}
RESULT: {"using":"xpath","value":"//*[@id=\"__item272\"]"}
COMMAND: POST /session/86cef292dcf99a21db7bb59b41f5200f/element/f.D07DA9D7691935B74F99E9A1B60A37E7.d.48DC7E439674A6F49AAE78114AABB90C.e.6283/click - {}
RESULT: {}
COMMAND: GET /session/86cef292dcf99a21db7bb59b41f5200f/screenshot - {}
RESULT: {}
COMMAND: POST /session/86cef292dcf99a21db7bb59b41f5200f/element - {"using":"xpath","value":"//bdi[contains(text(), \"Time Segment\")]"}
RESULT: {"using":"xpath","value":"//bdi[contains(text(), \"Time Segment\")]"}
COMMAND: GET /session/86cef292dcf99a21db7bb59b41f5200f/element/f.D07DA9D7691935B74F99E9A1B60A37E7.d.48DC7E439674A6F49AAE78114AABB90C.e.6284/rect - {}
RESULT: {}
COMMAND: GET /session/86cef292dcf99a21db7bb59b41f5200f/window/rect - {}
RESULT: {}
COMMAND: POST /session/86cef292dcf99a21db7bb59b41f5200f/execute/sync - {"script":"<script> [92 bytes]","args":[]}
RESULT: {"script":"<script> [92 bytes]","args":[]}
COMMAND: POST /session/86cef292dcf99a21db7bb59b41f5200f/actions - {"actions":[{"id":"action17","type":"wheel","parameters":{},"actions":[{"type":"scroll","x":-1820,"y":-21,"deltaX":0,"deltaY":0,"duration":0,"origin":{"element-6066-11e4-a52e-4f735466cecf":"f.D07DA9D7691935B74F99E9A1B60A37E7.d.48DC7E439674A6F49AAE78114AABB90C.e.6284"}}]}]}
COMMAND: GET /session/86cef292dcf99a21db7bb59b41f5200f/screenshot - {}
RESULT: {}
COMMAND: POST /session/86cef292dcf99a21db7bb59b41f5200f/execute/sync - {"script":"<script> [79 bytes]","args":[{"element-6066-11e4-a52e-4f735466cecf":"f.D07DA9D7691935B74F99E9A1B60A37E7.d.48DC7E439674A6F49AAE78114AABB90C.e.6284","ELEMENT":"f.D07DA9D7691935B74F99E9A1B60A37E7.d.48DC7E439674A6F49AAE78114AABB90C.e.6284"},{"block":"start","inline":"nearest"}]}
RESULT: {"script":"<script> [79 bytes]","args":[{"element-6066-11e4-a52e-4f735466cecf":"f.D07DA9D7691935B74F99E9A1B60A37E7.d.48DC7E439674A6F49AAE78114AABB90C.e.6284","ELEMENT":"f.D07DA9D7691935B74F99E9A1B60A37E7.d.48DC7E439674A6F49AAE78114AABB90C.e.6284"},{"block":"start","inline":"nearest"}]}
COMMAND: GET /session/86cef292dcf99a21db7bb59b41f5200f/screenshot - {}
RESULT: {}
COMMAND: POST /session/86cef292dcf99a21db7bb59b41f5200f/element - {"using":"xpath","value":"//span[@id=\"application-manageresources-display-component---newResourceUnit--btnAddTimeSegment-img\"]"}
RESULT: {"using":"xpath","value":"//span[@id=\"application-manageresources-display-component---newResourceUnit--btnAddTimeSegment-img\"]"}
COMMAND: POST /session/86cef292dcf99a21db7bb59b41f5200f/execute/sync - {"script":"<script> [8489 bytes]","args":[{"element-6066-11e4-a52e-4f735466cecf":"f.D07DA9D7691935B74F99E9A1B60A37E7.d.48DC7E439674A6F49AAE78114AABB90C.e.6287","ELEMENT":"f.D07DA9D7691935B74F99E9A1B60A37E7.d.48DC7E439674A6F49AAE78114AABB90C.e.6287"}]}
RESULT: {"script":"<script> [8489 bytes]","args":[{"element-6066-11e4-a52e-4f735466cecf":"f.D07DA9D7691935B74F99E9A1B60A37E7.d.48DC7E439674A6F49AAE78114AABB90C.e.6287","ELEMENT":"f.D07DA9D7691935B74F99E9A1B60A37E7.d.48DC7E439674A6F49AAE78114AABB90C.e.6287"}]}
COMMAND: POST /session/86cef292dcf99a21db7bb59b41f5200f/element/f.D07DA9D7691935B74F99E9A1B60A37E7.d.48DC7E439674A6F49AAE78114AABB90C.e.6287/click - {}
COMMAND: GET /session/86cef292dcf99a21db7bb59b41f5200f/screenshot - {}
RESULT: {}
COMMAND: GET /session/86cef292dcf99a21db7bb59b41f5200f/screenshot - {}
RESULT: {}
COMMAND: POST /session/86cef292dcf99a21db7bb59b41f5200f/element - {"using":"xpath","value":"//input[@id=\"application-manageresources-display-component---newResourceUnit--idRuTSAdmin-application-manageresources-display-component---newResourceUnit--RUTimeSegment-0-inner\"]"}
RESULT: {}
RESULT: {"using":"xpath","value":"//input[@id=\"application-manageresources-display-component---newResourceUnit--idRuTSAdmin-application-manageresources-display-component---newResourceUnit--RUTimeSegment-0-inner\"]"}
COMMAND: POST /session/86cef292dcf99a21db7bb59b41f5200f/element/f.D07DA9D7691935B74F99E9A1B60A37E7.d.48DC7E439674A6F49AAE78114AABB90C.e.6290/clear - {}
RESULT: {}
COMMAND: POST /session/86cef292dcf99a21db7bb59b41f5200f/element/f.D07DA9D7691935B74F99E9A1B60A37E7.d.48DC7E439674A6F49AAE78114AABB90C.e.6290/value - {"text":"330"}
COMMAND: GET /session/86cef292dcf99a21db7bb59b41f5200f/screenshot - {}
RESULT: {"text":"330"}
COMMAND: GET /session/86cef292dcf99a21db7bb59b41f5200f/screenshot - {}
RESULT: {}
RESULT: {}
COMMAND: POST /session/86cef292dcf99a21db7bb59b41f5200f/actions - {"actions":[{"id":"action18","type":"key","parameters":{},"actions":[{"type":"keyDown","value":"î€‡"},{"type":"pause","duration":10},{"type":"keyUp","value":"î€‡"}]}]}
RESULT: {"actions":[{"id":"action18","type":"key","parameters":{},"actions":[{"type":"keyDown","value":"î€‡"},{"type":"pause","duration":10},{"type":"keyUp","value":"î€‡"}]}]}
COMMAND: GET /session/86cef292dcf99a21db7bb59b41f5200f/screenshot - {}
RESULT: {}
COMMAND: POST /session/86cef292dcf99a21db7bb59b41f5200f/execute/async - {"script":"<script> [1562 bytes]","args":[{"selector":{"controlType":"sap.m.Button","viewName":"reusables.view.manageresources.NewResourceUnit","viewId":"application-manageresources-display-component---newResourceUnit","i18NText":{"propertyName":"tooltip","key":"save"},"interaction":{"idSuffix":"BDI-content"}},"wdio_ui5_key":"reusablesview.manageresources.NewResourceUnitsap.m.Button{\"propertyName\":\"tooltip\",\"key\":\"save\"}"}]}
RESULT: {"script":"<script> [1562 bytes]","args":[{"selector":{"controlType":"sap.m.Button","viewName":"reusables.view.manageresources.NewResourceUnit","viewId":"application-manageresources-display-component---newResourceUnit","i18NText":{"propertyName":"tooltip","key":"save"},"interaction":{"idSuffix":"BDI-content"}},"wdio_ui5_key":"reusablesview.manageresources.NewResourceUnitsap.m.Button{\"propertyName\":\"tooltip\",\"key\":\"save\"}"}]}
RESULT: undefined
COMMAND: POST /session/86cef292dcf99a21db7bb59b41f5200f/element - {"using":"xpath","value":"//*[@id=\"application-manageresources-display-component---newResourceUnit--createRuButton\"]"}
RESULT: {"using":"xpath","value":"//*[@id=\"application-manageresources-display-component---newResourceUnit--createRuButton\"]"}
COMMAND: POST /session/86cef292dcf99a21db7bb59b41f5200f/element/f.D07DA9D7691935B74F99E9A1B60A37E7.d.48DC7E439674A6F49AAE78114AABB90C.e.6213/click - {}
RESULT: {}
COMMAND: GET /session/86cef292dcf99a21db7bb59b41f5200f/screenshot - {}
RESULT: {}
COMMAND: POST /session/86cef292dcf99a21db7bb59b41f5200f/execute/async - {"script":"<script> [1562 bytes]","args":[{"selector":{"controlType":"sap.m.Title","properties":{"text":"Success"},"searchOpenDialogs":true},"wdio_ui5_key":"sapm.Title{\"text\":\"Success\"}"}]}
RESULT: {"script":"<script> [1562 bytes]","args":[{"selector":{"controlType":"sap.m.Title","properties":{"text":"Success"},"searchOpenDialogs":true},"wdio_ui5_key":"sapm.Title{\"text\":\"Success\"}"}]}
RESULT: undefined
COMMAND: POST /session/86cef292dcf99a21db7bb59b41f5200f/execute/async - {"script":"<script> [6424 bytes]","args":[{"element-6066-11e4-a52e-4f735466cecf":"f.D07DA9D7691935B74F99E9A1B60A37E7.d.48DC7E439674A6F49AAE78114AABB90C.e.6306"},"getText",[]]}
RESULT: {"script":"<script> [6424 bytes]","args":[{"element-6066-11e4-a52e-4f735466cecf":"f.D07DA9D7691935B74F99E9A1B60A37E7.d.48DC7E439674A6F49AAE78114AABB90C.e.6306"},"getText",[]]}
COMMAND: POST /session/86cef292dcf99a21db7bb59b41f5200f/element - {"using":"xpath","value":"//*[contains(@id, '__text') and (contains(text(), 'successfully created') or contains(., 'successfully created'))]"}
RESULT: {"using":"xpath","value":"//*[contains(@id, '__text') and (contains(text(), 'successfully created') or contains(., 'successfully created'))]"}
COMMAND: GET /session/86cef292dcf99a21db7bb59b41f5200f/element/f.D07DA9D7691935B74F99E9A1B60A37E7.d.48DC7E439674A6F49AAE78114AABB90C.e.6305/text - {}
RESULT: {}
COMMAND: POST /session/86cef292dcf99a21db7bb59b41f5200f/execute/async - {"script":"<script> [1562 bytes]","args":[{"selector":{"controlType":"sap.m.Button","properties":{"text":"Close"},"searchOpenDialogs":true,"interaction":{"idSuffix":"BDI-content"}},"wdio_ui5_key":"sapm.Button{\"text\":\"Close\"}"}]}
RESULT: {"script":"<script> [1562 bytes]","args":[{"selector":{"controlType":"sap.m.Button","properties":{"text":"Close"},"searchOpenDialogs":true,"interaction":{"idSuffix":"BDI-content"}},"wdio_ui5_key":"sapm.Button{\"text\":\"Close\"}"}]}
RESULT: undefined
COMMAND: POST /session/86cef292dcf99a21db7bb59b41f5200f/element - {"using":"xpath","value":"//*[@id=\"__mbox-btn-0\"]"}
RESULT: {"using":"xpath","value":"//*[@id=\"__mbox-btn-0\"]"}
COMMAND: POST /session/86cef292dcf99a21db7bb59b41f5200f/element/f.D07DA9D7691935B74F99E9A1B60A37E7.d.48DC7E439674A6F49AAE78114AABB90C.e.6302/click - {}
RESULT: {}
COMMAND: GET /session/86cef292dcf99a21db7bb59b41f5200f/screenshot - {}
RESULT: {}
COMMAND: POST /session/86cef292dcf99a21db7bb59b41f5200f/execute/async - {"script":"<script> [1562 bytes]","args":[{"selector":{"controlType":"sap.ui.core.Icon","viewName":"etm.portal.ui.manageresources.view.Detail","viewId":"application-manageresources-display-component---detailRU","properties":{"src":{"regex":{"source":"overflow"}}}},"wdio_ui5_key":"etmportal.ui.manageresources.view.Detailsap.ui.core.Icon{\"src\":{\"regex\":{\"source\":\"overflow\"}}}"}]}
RESULT: {"script":"<script> [1562 bytes]","args":[{"selector":{"controlType":"sap.ui.core.Icon","viewName":"etm.portal.ui.manageresources.view.Detail","viewId":"application-manageresources-display-component---detailRU","properties":{"src":{"regex":{"source":"overflow"}}}},"wdio_ui5_key":"etmportal.ui.manageresources.view.Detailsap.ui.core.Icon{\"src\":{\"regex\":{\"source\":\"overflow\"}}}"}]}
RESULT: undefined
COMMAND: POST /session/86cef292dcf99a21db7bb59b41f5200f/element - {"using":"xpath","value":"//*[@id=\"__title15-_actionsToolbar-overflowButton-img\"]"}
RESULT: {"using":"xpath","value":"//*[@id=\"__title15-_actionsToolbar-overflowButton-img\"]"}
COMMAND: POST /session/86cef292dcf99a21db7bb59b41f5200f/element/f.D07DA9D7691935B74F99E9A1B60A37E7.d.48DC7E439674A6F49AAE78114AABB90C.e.6340/click - {}
RESULT: {}
COMMAND: POST /session/86cef292dcf99a21db7bb59b41f5200f/execute/async - {"script":"<script> [1562 bytes]","args":[{"selector":{"controlType":"sap.m.Button","viewName":"etm.portal.ui.manageresources.view.Detail","viewId":"application-manageresources-display-component---detailRU","i18NText":{"propertyName":"tooltip","key":"closeColumn"},"searchOpenDialogs":true,"interaction":{"idSuffix":"inner"}},"wdio_ui5_key":"etmportal.ui.manageresources.view.Detailsap.m.Button{\"propertyName\":\"tooltip\",\"key\":\"closeColumn\"}"}]}
COMMAND: GET /session/86cef292dcf99a21db7bb59b41f5200f/screenshot - {}
RESULT: {"script":"<script> [1562 bytes]","args":[{"selector":{"controlType":"sap.m.Button","viewName":"etm.portal.ui.manageresources.view.Detail","viewId":"application-manageresources-display-component---detailRU","i18NText":{"propertyName":"tooltip","key":"closeColumn"},"searchOpenDialogs":true,"interaction":{"idSuffix":"inner"}},"wdio_ui5_key":"etmportal.ui.manageresources.view.Detailsap.m.Button{\"propertyName\":\"tooltip\",\"key\":\"closeColumn\"}"}]}
RESULT: undefined
COMMAND: POST /session/86cef292dcf99a21db7bb59b41f5200f/element - {"using":"xpath","value":"//*[@id=\"__button43\"]"}
RESULT: {}
RESULT: {"using":"xpath","value":"//*[@id=\"__button43\"]"}
COMMAND: POST /session/86cef292dcf99a21db7bb59b41f5200f/element/f.D07DA9D7691935B74F99E9A1B60A37E7.d.48DC7E439674A6F49AAE78114AABB90C.e.6342/click - {}
RESULT: {}
COMMAND: GET /session/86cef292dcf99a21db7bb59b41f5200f/screenshot - {}
RESULT: {}
COMMAND: POST /session/86cef292dcf99a21db7bb59b41f5200f/refresh - {}
RESULT: {}
COMMAND: GET /session/86cef292dcf99a21db7bb59b41f5200f/screenshot - {}
RESULT: {}
COMMAND: POST /session/86cef292dcf99a21db7bb59b41f5200f/refresh - {}
RESULT: {}
COMMAND: GET /session/86cef292dcf99a21db7bb59b41f5200f/screenshot - {}
RESULT: {}
COMMAND: POST /session/86cef292dcf99a21db7bb59b41f5200f/window/fullscreen - {}
RESULT: {}
COMMAND: POST /session/86cef292dcf99a21db7bb59b41f5200f/execute/async - {"script":"<script> [189 bytes]","args":[]}
RESULT: {"script":"<script> [189 bytes]","args":[]}
COMMAND: POST /session/86cef292dcf99a21db7bb59b41f5200f/execute/async - {"script":"<script> [123 bytes]","args":[]}
RESULT: {"script":"<script> [123 bytes]","args":[]}
COMMAND: POST /session/86cef292dcf99a21db7bb59b41f5200f/timeouts - {"script":"<number>"}
RESULT: {"script":"<number>"}
COMMAND: GET /session/86cef292dcf99a21db7bb59b41f5200f/timeouts - {}
RESULT: {}
RESULT: undefined
COMMAND: POST /session/86cef292dcf99a21db7bb59b41f5200f/execute/async - {"script":"<script> [2676 bytes]","args":[]}
RESULT: {"script":"<script> [2676 bytes]","args":[]}
COMMAND: POST /session/86cef292dcf99a21db7bb59b41f5200f/execute/async - {"script":"<script> [2342 bytes]","args":[{"protocol":"http","hostname":"0.0.0.0","path":"/","capabilities":{"browserName":"chrome","goog:chromeOptions":{"binary":"C:\\Program Files\\Google\\Chrome\\Application\\chrome.exe","args":["--start-maximized"]}},"logLevel":"warn","connectionRetryTimeout":120000,"connectionRetryCount":3,"logLevels":{},"enableDirectConnect":true,"strictSSL":true,"_":"65 more keys: [\"cacheDir\",\"port\",\"requestedCapabilities\",\"automationProtocol\",\"baseUrl\",\"waitforInterval\",\"waitforTimeout\",\"onReload\",\"beforeCommand\",\"afterCommand\",\"rootDir\",\"specs\",\"suites\",\"exclude\",\"groupLogsByTestSpec\",\"excludeDriverLogs\",\"bail\",\"framework\",\"reporters\",\"services\",\"maxInstances\",\"maxInstancesPerCapability\",\"injectGlobals\",\"filesToWatch\",\"execArgv\",\"runnerEnv\",\"runner\",\"shard\",\"specFileRetries\",\"specFileRetriesDelay\",\"specFileRetriesDeferred\",\"reporterSyncInterval\",\"reporterSyncTimeout\",\"cucumberFeaturesWithLineNumbers\",\"autoCompileOpts\",\"mochaOpts\",\"jasmineOpts\",\"cucumberOpts\",\"onPrepare\",\"onWorkerStart\",\"onWorkerEnd\",\"before\",\"beforeSession\",\"beforeSuite\",\"beforeHook\",\"beforeTest\",\"afterTest\",\"afterHook\",\"afterSuite\",\"afterSession\",\"after\",\"onComplete\",\"beforeAssertion\",\"afterAssertion\",\"beforeFeature\",\"beforeScenario\",\"beforeStep\",\"afterStep\",\"afterScenario\",\"afterFeature\",\"_\",\"suite\",\"$0\",\"ignoredWorkerServices\",\"wdi5\"]"}]}
RESULT: {"script":"<script> [2342 bytes]","args":[{"protocol":"http","hostname":"0.0.0.0","path":"/","capabilities":{"browserName":"chrome","goog:chromeOptions":{"binary":"C:\\Program Files\\Google\\Chrome\\Application\\chrome.exe","args":["--start-maximized"]}},"logLevel":"warn","connectionRetryTimeout":120000,"connectionRetryCount":3,"logLevels":{},"enableDirectConnect":true,"strictSSL":true,"_":"65 more keys: [\"cacheDir\",\"port\",\"requestedCapabilities\",\"automationProtocol\",\"baseUrl\",\"waitforInterval\",\"waitforTimeout\",\"onReload\",\"beforeCommand\",\"afterCommand\",\"rootDir\",\"specs\",\"suites\",\"exclude\",\"groupLogsByTestSpec\",\"excludeDriverLogs\",\"bail\",\"framework\",\"reporters\",\"services\",\"maxInstances\",\"maxInstancesPerCapability\",\"injectGlobals\",\"filesToWatch\",\"execArgv\",\"runnerEnv\",\"runner\",\"shard\",\"specFileRetries\",\"specFileRetriesDelay\",\"specFileRetriesDeferred\",\"reporterSyncInterval\",\"reporterSyncTimeout\",\"cucumberFeaturesWithLineNumbers\",\"autoCompileOpts\",\"mochaOpts\",\"jasmineOpts\",\"cucumberOpts\",\"onPrepare\",\"onWorkerStart\",\"onWorkerEnd\",\"before\",\"beforeSession\",\"beforeSuite\",\"beforeHook\",\"beforeTest\",\"afterTest\",\"afterHook\",\"afterSuite\",\"afterSession\",\"after\",\"onComplete\",\"beforeAssertion\",\"afterAssertion\",\"beforeFeature\",\"beforeScenario\",\"beforeStep\",\"afterStep\",\"afterScenario\",\"afterFeature\",\"_\",\"suite\",\"$0\",\"ignoredWorkerServices\",\"wdi5\"]"}]}
COMMAND: POST /session/86cef292dcf99a21db7bb59b41f5200f/execute/async - {"script":"<script> [21126 bytes]","args":[35000]}
RESULT: {"script":"<script> [21126 bytes]","args":[35000]}
]]></system-out>
    </testcase>
    <testcase classname="chrome.135_0_7049_96.windows.Create_2_RU_material_US118246" name="Create WHM material" time="185.854">
      <system-out><![CDATA[
COMMAND: POST /session/86cef292dcf99a21db7bb59b41f5200f/element - {"using":"xpath","value":"//button[@data-kt=\"addNewRUOverflowToolbarButton\"]"}
RESULT: {"using":"xpath","value":"//button[@data-kt=\"addNewRUOverflowToolbarButton\"]"}
COMMAND: POST /session/86cef292dcf99a21db7bb59b41f5200f/execute/sync - {"script":"<script> [8489 bytes]","args":[{"element-6066-11e4-a52e-4f735466cecf":"f.D07DA9D7691935B74F99E9A1B60A37E7.d.7BA15C3317302C107AB81B92A7D85193.e.6560","ELEMENT":"f.D07DA9D7691935B74F99E9A1B60A37E7.d.7BA15C3317302C107AB81B92A7D85193.e.6560"}]}
RESULT: {"script":"<script> [8489 bytes]","args":[{"element-6066-11e4-a52e-4f735466cecf":"f.D07DA9D7691935B74F99E9A1B60A37E7.d.7BA15C3317302C107AB81B92A7D85193.e.6560","ELEMENT":"f.D07DA9D7691935B74F99E9A1B60A37E7.d.7BA15C3317302C107AB81B92A7D85193.e.6560"}]}
COMMAND: POST /session/86cef292dcf99a21db7bb59b41f5200f/element/f.D07DA9D7691935B74F99E9A1B60A37E7.d.7BA15C3317302C107AB81B92A7D85193.e.6560/click - {}
COMMAND: GET /session/86cef292dcf99a21db7bb59b41f5200f/screenshot - {}
RESULT: {}
COMMAND: GET /session/86cef292dcf99a21db7bb59b41f5200f/screenshot - {}
RESULT: {}
RESULT: {}
COMMAND: POST /session/86cef292dcf99a21db7bb59b41f5200f/execute/async - {"script":"<script> [1562 bytes]","args":[{"selector":{"controlType":"sap.m.ComboBox","viewName":"reusables.view.manageresources.NewResourceUnit","viewId":"application-manageresources-display-component---newResourceUnit","bindingPath":{"path":"","propertyPath":"/RuTypes","modelName":"catalogModel"},"searchOpenDialogs":true},"wdio_ui5_key":"reusablesview.manageresources.NewResourceUnitsap.m.ComboBox{\"path\":\"\",\"propertyPath\":\"/RuTypes\",\"modelName\":\"catalogModel\"}"}]}
RESULT: {"script":"<script> [1562 bytes]","args":[{"selector":{"controlType":"sap.m.ComboBox","viewName":"reusables.view.manageresources.NewResourceUnit","viewId":"application-manageresources-display-component---newResourceUnit","bindingPath":{"path":"","propertyPath":"/RuTypes","modelName":"catalogModel"},"searchOpenDialogs":true},"wdio_ui5_key":"reusablesview.manageresources.NewResourceUnitsap.m.ComboBox{\"path\":\"\",\"propertyPath\":\"/RuTypes\",\"modelName\":\"catalogModel\"}"}]}
RESULT: undefined
COMMAND: POST /session/86cef292dcf99a21db7bb59b41f5200f/execute/async - {"script":"<script> [1562 bytes]","args":[{"selector":{"controlType":"sap.m.ComboBox","viewName":"reusables.view.manageresources.NewResourceUnit","viewId":"application-manageresources-display-component---newResourceUnit","bindingPath":{"path":"","propertyPath":"/Yards","modelName":"catalogModel"},"searchOpenDialogs":true},"wdio_ui5_key":"reusablesview.manageresources.NewResourceUnitsap.m.ComboBox{\"path\":\"\",\"propertyPath\":\"/Yards\",\"modelName\":\"catalogModel\"}"}]}
RESULT: {"script":"<script> [1562 bytes]","args":[{"selector":{"controlType":"sap.m.ComboBox","viewName":"reusables.view.manageresources.NewResourceUnit","viewId":"application-manageresources-display-component---newResourceUnit","bindingPath":{"path":"","propertyPath":"/Yards","modelName":"catalogModel"},"searchOpenDialogs":true},"wdio_ui5_key":"reusablesview.manageresources.NewResourceUnitsap.m.ComboBox{\"path\":\"\",\"propertyPath\":\"/Yards\",\"modelName\":\"catalogModel\"}"}]}
RESULT: undefined
COMMAND: POST /session/86cef292dcf99a21db7bb59b41f5200f/execute/async - {"script":"<script> [1562 bytes]","args":[{"selector":{"controlType":"etm.portal.ui.reusables.customControls.LiveSearchComboBox","viewName":"reusables.view.manageresources.NewResourceUnit","viewId":"application-manageresources-display-component---newResourceUnit","bindingPath":{"path":"","propertyPath":"/CatalogItems","modelName":"catalogModel"},"searchOpenDialogs":true},"wdio_ui5_key":"reusablesview.manageresources.NewResourceUnitetm.portal.ui.reusables.customControls.LiveSearchComboBox{\"path\":\"\",\"propertyPath\":\"/CatalogItems\",\"modelName\":\"catalogModel\"}"}]}
RESULT: {"script":"<script> [1562 bytes]","args":[{"selector":{"controlType":"etm.portal.ui.reusables.customControls.LiveSearchComboBox","viewName":"reusables.view.manageresources.NewResourceUnit","viewId":"application-manageresources-display-component---newResourceUnit","bindingPath":{"path":"","propertyPath":"/CatalogItems","modelName":"catalogModel"},"searchOpenDialogs":true},"wdio_ui5_key":"reusablesview.manageresources.NewResourceUnitetm.portal.ui.reusables.customControls.LiveSearchComboBox{\"path\":\"\",\"propertyPath\":\"/CatalogItems\",\"modelName\":\"catalogModel\"}"}]}
RESULT: undefined
COMMAND: POST /session/86cef292dcf99a21db7bb59b41f5200f/element - {"using":"xpath","value":"//bdi[text()=\"OK\"]"}
RESULT: {"using":"xpath","value":"//bdi[text()=\"OK\"]"}
COMMAND: POST /session/86cef292dcf99a21db7bb59b41f5200f/elements - {"using":"xpath","value":"//bdi[text()=\"OK\"]"}
RESULT: {"using":"xpath","value":"//bdi[text()=\"OK\"]"}
COMMAND: POST /session/86cef292dcf99a21db7bb59b41f5200f/elements - {"using":"xpath","value":"//bdi[text()=\"OK\"]"}
RESULT: {"using":"xpath","value":"//bdi[text()=\"OK\"]"}
COMMAND: POST /session/86cef292dcf99a21db7bb59b41f5200f/elements - {"using":"xpath","value":"//bdi[text()=\"OK\"]"}
RESULT: {"using":"xpath","value":"//bdi[text()=\"OK\"]"}
COMMAND: POST /session/86cef292dcf99a21db7bb59b41f5200f/elements - {"using":"xpath","value":"//bdi[text()=\"OK\"]"}
RESULT: {"using":"xpath","value":"//bdi[text()=\"OK\"]"}
COMMAND: POST /session/86cef292dcf99a21db7bb59b41f5200f/elements - {"using":"xpath","value":"//bdi[text()=\"OK\"]"}
RESULT: {"using":"xpath","value":"//bdi[text()=\"OK\"]"}
COMMAND: POST /session/86cef292dcf99a21db7bb59b41f5200f/elements - {"using":"xpath","value":"//bdi[text()=\"OK\"]"}
RESULT: {"using":"xpath","value":"//bdi[text()=\"OK\"]"}
COMMAND: POST /session/86cef292dcf99a21db7bb59b41f5200f/elements - {"using":"xpath","value":"//bdi[text()=\"OK\"]"}
RESULT: {"using":"xpath","value":"//bdi[text()=\"OK\"]"}
COMMAND: POST /session/86cef292dcf99a21db7bb59b41f5200f/elements - {"using":"xpath","value":"//bdi[text()=\"OK\"]"}
RESULT: {"using":"xpath","value":"//bdi[text()=\"OK\"]"}
COMMAND: POST /session/86cef292dcf99a21db7bb59b41f5200f/elements - {"using":"xpath","value":"//bdi[text()=\"OK\"]"}
RESULT: {"using":"xpath","value":"//bdi[text()=\"OK\"]"}
COMMAND: POST /session/86cef292dcf99a21db7bb59b41f5200f/elements - {"using":"xpath","value":"//bdi[text()=\"OK\"]"}
RESULT: {"using":"xpath","value":"//bdi[text()=\"OK\"]"}
COMMAND: POST /session/86cef292dcf99a21db7bb59b41f5200f/elements - {"using":"xpath","value":"//bdi[text()=\"OK\"]"}
RESULT: {"using":"xpath","value":"//bdi[text()=\"OK\"]"}
COMMAND: POST /session/86cef292dcf99a21db7bb59b41f5200f/elements - {"using":"xpath","value":"//bdi[text()=\"OK\"]"}
RESULT: {"using":"xpath","value":"//bdi[text()=\"OK\"]"}
COMMAND: POST /session/86cef292dcf99a21db7bb59b41f5200f/elements - {"using":"xpath","value":"//bdi[text()=\"OK\"]"}
RESULT: {"using":"xpath","value":"//bdi[text()=\"OK\"]"}
COMMAND: POST /session/86cef292dcf99a21db7bb59b41f5200f/elements - {"using":"xpath","value":"//bdi[text()=\"OK\"]"}
RESULT: {"using":"xpath","value":"//bdi[text()=\"OK\"]"}
COMMAND: POST /session/86cef292dcf99a21db7bb59b41f5200f/elements - {"using":"xpath","value":"//bdi[text()=\"OK\"]"}
RESULT: {"using":"xpath","value":"//bdi[text()=\"OK\"]"}
COMMAND: POST /session/86cef292dcf99a21db7bb59b41f5200f/elements - {"using":"xpath","value":"//bdi[text()=\"OK\"]"}
RESULT: {"using":"xpath","value":"//bdi[text()=\"OK\"]"}
COMMAND: POST /session/86cef292dcf99a21db7bb59b41f5200f/elements - {"using":"xpath","value":"//bdi[text()=\"OK\"]"}
RESULT: {"using":"xpath","value":"//bdi[text()=\"OK\"]"}
COMMAND: POST /session/86cef292dcf99a21db7bb59b41f5200f/elements - {"using":"xpath","value":"//bdi[text()=\"OK\"]"}
RESULT: {"using":"xpath","value":"//bdi[text()=\"OK\"]"}
COMMAND: POST /session/86cef292dcf99a21db7bb59b41f5200f/elements - {"using":"xpath","value":"//bdi[text()=\"OK\"]"}
RESULT: {"using":"xpath","value":"//bdi[text()=\"OK\"]"}
COMMAND: POST /session/86cef292dcf99a21db7bb59b41f5200f/elements - {"using":"xpath","value":"//bdi[text()=\"OK\"]"}
RESULT: {"using":"xpath","value":"//bdi[text()=\"OK\"]"}
COMMAND: POST /session/86cef292dcf99a21db7bb59b41f5200f/elements - {"using":"xpath","value":"//bdi[text()=\"OK\"]"}
RESULT: {"using":"xpath","value":"//bdi[text()=\"OK\"]"}
COMMAND: POST /session/86cef292dcf99a21db7bb59b41f5200f/elements - {"using":"xpath","value":"//bdi[text()=\"OK\"]"}
RESULT: {"using":"xpath","value":"//bdi[text()=\"OK\"]"}
COMMAND: POST /session/86cef292dcf99a21db7bb59b41f5200f/elements - {"using":"xpath","value":"//bdi[text()=\"OK\"]"}
RESULT: {"using":"xpath","value":"//bdi[text()=\"OK\"]"}
COMMAND: POST /session/86cef292dcf99a21db7bb59b41f5200f/elements - {"using":"xpath","value":"//bdi[text()=\"OK\"]"}
RESULT: {"using":"xpath","value":"//bdi[text()=\"OK\"]"}
COMMAND: POST /session/86cef292dcf99a21db7bb59b41f5200f/elements - {"using":"xpath","value":"//bdi[text()=\"OK\"]"}
RESULT: {"using":"xpath","value":"//bdi[text()=\"OK\"]"}
COMMAND: POST /session/86cef292dcf99a21db7bb59b41f5200f/elements - {"using":"xpath","value":"//bdi[text()=\"OK\"]"}
RESULT: {"using":"xpath","value":"//bdi[text()=\"OK\"]"}
COMMAND: POST /session/86cef292dcf99a21db7bb59b41f5200f/elements - {"using":"xpath","value":"//bdi[text()=\"OK\"]"}
RESULT: {"using":"xpath","value":"//bdi[text()=\"OK\"]"}
COMMAND: POST /session/86cef292dcf99a21db7bb59b41f5200f/elements - {"using":"xpath","value":"//bdi[text()=\"OK\"]"}
RESULT: {"using":"xpath","value":"//bdi[text()=\"OK\"]"}
COMMAND: POST /session/86cef292dcf99a21db7bb59b41f5200f/elements - {"using":"xpath","value":"//bdi[text()=\"OK\"]"}
RESULT: {"using":"xpath","value":"//bdi[text()=\"OK\"]"}
COMMAND: POST /session/86cef292dcf99a21db7bb59b41f5200f/elements - {"using":"xpath","value":"//bdi[text()=\"OK\"]"}
RESULT: {"using":"xpath","value":"//bdi[text()=\"OK\"]"}
COMMAND: POST /session/86cef292dcf99a21db7bb59b41f5200f/elements - {"using":"xpath","value":"//bdi[text()=\"OK\"]"}
RESULT: {"using":"xpath","value":"//bdi[text()=\"OK\"]"}
COMMAND: POST /session/86cef292dcf99a21db7bb59b41f5200f/elements - {"using":"xpath","value":"//bdi[text()=\"OK\"]"}
RESULT: {"using":"xpath","value":"//bdi[text()=\"OK\"]"}
COMMAND: POST /session/86cef292dcf99a21db7bb59b41f5200f/elements - {"using":"xpath","value":"//bdi[text()=\"OK\"]"}
RESULT: {"using":"xpath","value":"//bdi[text()=\"OK\"]"}
COMMAND: POST /session/86cef292dcf99a21db7bb59b41f5200f/elements - {"using":"xpath","value":"//bdi[text()=\"OK\"]"}
RESULT: {"using":"xpath","value":"//bdi[text()=\"OK\"]"}
COMMAND: POST /session/86cef292dcf99a21db7bb59b41f5200f/elements - {"using":"xpath","value":"//bdi[text()=\"OK\"]"}
RESULT: {"using":"xpath","value":"//bdi[text()=\"OK\"]"}
COMMAND: POST /session/86cef292dcf99a21db7bb59b41f5200f/elements - {"using":"xpath","value":"//bdi[text()=\"OK\"]"}
RESULT: {"using":"xpath","value":"//bdi[text()=\"OK\"]"}
COMMAND: POST /session/86cef292dcf99a21db7bb59b41f5200f/elements - {"using":"xpath","value":"//bdi[text()=\"OK\"]"}
RESULT: {"using":"xpath","value":"//bdi[text()=\"OK\"]"}
COMMAND: POST /session/86cef292dcf99a21db7bb59b41f5200f/elements - {"using":"xpath","value":"//bdi[text()=\"OK\"]"}
RESULT: {"using":"xpath","value":"//bdi[text()=\"OK\"]"}
COMMAND: POST /session/86cef292dcf99a21db7bb59b41f5200f/elements - {"using":"xpath","value":"//bdi[text()=\"OK\"]"}
RESULT: {"using":"xpath","value":"//bdi[text()=\"OK\"]"}
COMMAND: POST /session/86cef292dcf99a21db7bb59b41f5200f/elements - {"using":"xpath","value":"//bdi[text()=\"OK\"]"}
RESULT: {"using":"xpath","value":"//bdi[text()=\"OK\"]"}
COMMAND: POST /session/86cef292dcf99a21db7bb59b41f5200f/elements - {"using":"xpath","value":"//bdi[text()=\"OK\"]"}
RESULT: {"using":"xpath","value":"//bdi[text()=\"OK\"]"}
COMMAND: POST /session/86cef292dcf99a21db7bb59b41f5200f/elements - {"using":"xpath","value":"//bdi[text()=\"OK\"]"}
RESULT: {"using":"xpath","value":"//bdi[text()=\"OK\"]"}
COMMAND: POST /session/86cef292dcf99a21db7bb59b41f5200f/elements - {"using":"xpath","value":"//bdi[text()=\"OK\"]"}
RESULT: {"using":"xpath","value":"//bdi[text()=\"OK\"]"}
COMMAND: POST /session/86cef292dcf99a21db7bb59b41f5200f/elements - {"using":"xpath","value":"//bdi[text()=\"OK\"]"}
RESULT: {"using":"xpath","value":"//bdi[text()=\"OK\"]"}
COMMAND: POST /session/86cef292dcf99a21db7bb59b41f5200f/elements - {"using":"xpath","value":"//bdi[text()=\"OK\"]"}
RESULT: {"using":"xpath","value":"//bdi[text()=\"OK\"]"}
COMMAND: POST /session/86cef292dcf99a21db7bb59b41f5200f/elements - {"using":"xpath","value":"//bdi[text()=\"OK\"]"}
RESULT: {"using":"xpath","value":"//bdi[text()=\"OK\"]"}
COMMAND: POST /session/86cef292dcf99a21db7bb59b41f5200f/elements - {"using":"xpath","value":"//bdi[text()=\"OK\"]"}
RESULT: {"using":"xpath","value":"//bdi[text()=\"OK\"]"}
COMMAND: POST /session/86cef292dcf99a21db7bb59b41f5200f/elements - {"using":"xpath","value":"//bdi[text()=\"OK\"]"}
RESULT: {"using":"xpath","value":"//bdi[text()=\"OK\"]"}
COMMAND: POST /session/86cef292dcf99a21db7bb59b41f5200f/elements - {"using":"xpath","value":"//bdi[text()=\"OK\"]"}
RESULT: {"using":"xpath","value":"//bdi[text()=\"OK\"]"}
COMMAND: POST /session/86cef292dcf99a21db7bb59b41f5200f/elements - {"using":"xpath","value":"//bdi[text()=\"OK\"]"}
RESULT: {"using":"xpath","value":"//bdi[text()=\"OK\"]"}
COMMAND: POST /session/86cef292dcf99a21db7bb59b41f5200f/elements - {"using":"xpath","value":"//bdi[text()=\"OK\"]"}
RESULT: {"using":"xpath","value":"//bdi[text()=\"OK\"]"}
COMMAND: POST /session/86cef292dcf99a21db7bb59b41f5200f/elements - {"using":"xpath","value":"//bdi[text()=\"OK\"]"}
RESULT: {"using":"xpath","value":"//bdi[text()=\"OK\"]"}
COMMAND: POST /session/86cef292dcf99a21db7bb59b41f5200f/elements - {"using":"xpath","value":"//bdi[text()=\"OK\"]"}
RESULT: {"using":"xpath","value":"//bdi[text()=\"OK\"]"}
COMMAND: POST /session/86cef292dcf99a21db7bb59b41f5200f/elements - {"using":"xpath","value":"//bdi[text()=\"OK\"]"}
RESULT: {"using":"xpath","value":"//bdi[text()=\"OK\"]"}
COMMAND: POST /session/86cef292dcf99a21db7bb59b41f5200f/elements - {"using":"xpath","value":"//bdi[text()=\"OK\"]"}
RESULT: {"using":"xpath","value":"//bdi[text()=\"OK\"]"}
COMMAND: POST /session/86cef292dcf99a21db7bb59b41f5200f/elements - {"using":"xpath","value":"//bdi[text()=\"OK\"]"}
RESULT: {"using":"xpath","value":"//bdi[text()=\"OK\"]"}
COMMAND: POST /session/86cef292dcf99a21db7bb59b41f5200f/elements - {"using":"xpath","value":"//bdi[text()=\"OK\"]"}
RESULT: {"using":"xpath","value":"//bdi[text()=\"OK\"]"}
COMMAND: POST /session/86cef292dcf99a21db7bb59b41f5200f/elements - {"using":"xpath","value":"//bdi[text()=\"OK\"]"}
RESULT: {"using":"xpath","value":"//bdi[text()=\"OK\"]"}
COMMAND: POST /session/86cef292dcf99a21db7bb59b41f5200f/elements - {"using":"xpath","value":"//bdi[text()=\"OK\"]"}
RESULT: {"using":"xpath","value":"//bdi[text()=\"OK\"]"}
COMMAND: POST /session/86cef292dcf99a21db7bb59b41f5200f/elements - {"using":"xpath","value":"//bdi[text()=\"OK\"]"}
RESULT: {"using":"xpath","value":"//bdi[text()=\"OK\"]"}
COMMAND: POST /session/86cef292dcf99a21db7bb59b41f5200f/elements - {"using":"xpath","value":"//bdi[text()=\"OK\"]"}
RESULT: {"using":"xpath","value":"//bdi[text()=\"OK\"]"}
COMMAND: POST /session/86cef292dcf99a21db7bb59b41f5200f/elements - {"using":"xpath","value":"//bdi[text()=\"OK\"]"}
RESULT: {"using":"xpath","value":"//bdi[text()=\"OK\"]"}
COMMAND: POST /session/86cef292dcf99a21db7bb59b41f5200f/elements - {"using":"xpath","value":"//bdi[text()=\"OK\"]"}
RESULT: {"using":"xpath","value":"//bdi[text()=\"OK\"]"}
COMMAND: POST /session/86cef292dcf99a21db7bb59b41f5200f/elements - {"using":"xpath","value":"//bdi[text()=\"OK\"]"}
RESULT: {"using":"xpath","value":"//bdi[text()=\"OK\"]"}
COMMAND: POST /session/86cef292dcf99a21db7bb59b41f5200f/elements - {"using":"xpath","value":"//bdi[text()=\"OK\"]"}
RESULT: {"using":"xpath","value":"//bdi[text()=\"OK\"]"}
COMMAND: POST /session/86cef292dcf99a21db7bb59b41f5200f/elements - {"using":"xpath","value":"//bdi[text()=\"OK\"]"}
RESULT: {"using":"xpath","value":"//bdi[text()=\"OK\"]"}
COMMAND: POST /session/86cef292dcf99a21db7bb59b41f5200f/elements - {"using":"xpath","value":"//bdi[text()=\"OK\"]"}
RESULT: {"using":"xpath","value":"//bdi[text()=\"OK\"]"}
COMMAND: POST /session/86cef292dcf99a21db7bb59b41f5200f/elements - {"using":"xpath","value":"//bdi[text()=\"OK\"]"}
RESULT: {"using":"xpath","value":"//bdi[text()=\"OK\"]"}
COMMAND: POST /session/86cef292dcf99a21db7bb59b41f5200f/elements - {"using":"xpath","value":"//bdi[text()=\"OK\"]"}
RESULT: {"using":"xpath","value":"//bdi[text()=\"OK\"]"}
COMMAND: POST /session/86cef292dcf99a21db7bb59b41f5200f/elements - {"using":"xpath","value":"//bdi[text()=\"OK\"]"}
RESULT: {"using":"xpath","value":"//bdi[text()=\"OK\"]"}
COMMAND: POST /session/86cef292dcf99a21db7bb59b41f5200f/elements - {"using":"xpath","value":"//bdi[text()=\"OK\"]"}
RESULT: {"using":"xpath","value":"//bdi[text()=\"OK\"]"}
COMMAND: POST /session/86cef292dcf99a21db7bb59b41f5200f/elements - {"using":"xpath","value":"//bdi[text()=\"OK\"]"}
RESULT: {"using":"xpath","value":"//bdi[text()=\"OK\"]"}
COMMAND: POST /session/86cef292dcf99a21db7bb59b41f5200f/elements - {"using":"xpath","value":"//bdi[text()=\"OK\"]"}
RESULT: {"using":"xpath","value":"//bdi[text()=\"OK\"]"}
COMMAND: POST /session/86cef292dcf99a21db7bb59b41f5200f/elements - {"using":"xpath","value":"//bdi[text()=\"OK\"]"}
RESULT: {"using":"xpath","value":"//bdi[text()=\"OK\"]"}
COMMAND: POST /session/86cef292dcf99a21db7bb59b41f5200f/elements - {"using":"xpath","value":"//bdi[text()=\"OK\"]"}
RESULT: {"using":"xpath","value":"//bdi[text()=\"OK\"]"}
COMMAND: POST /session/86cef292dcf99a21db7bb59b41f5200f/elements - {"using":"xpath","value":"//bdi[text()=\"OK\"]"}
RESULT: {"using":"xpath","value":"//bdi[text()=\"OK\"]"}
COMMAND: POST /session/86cef292dcf99a21db7bb59b41f5200f/elements - {"using":"xpath","value":"//bdi[text()=\"OK\"]"}
RESULT: {"using":"xpath","value":"//bdi[text()=\"OK\"]"}
COMMAND: POST /session/86cef292dcf99a21db7bb59b41f5200f/elements - {"using":"xpath","value":"//bdi[text()=\"OK\"]"}
RESULT: {"using":"xpath","value":"//bdi[text()=\"OK\"]"}
COMMAND: POST /session/86cef292dcf99a21db7bb59b41f5200f/elements - {"using":"xpath","value":"//bdi[text()=\"OK\"]"}
RESULT: {"using":"xpath","value":"//bdi[text()=\"OK\"]"}
COMMAND: POST /session/86cef292dcf99a21db7bb59b41f5200f/elements - {"using":"xpath","value":"//bdi[text()=\"OK\"]"}
RESULT: {"using":"xpath","value":"//bdi[text()=\"OK\"]"}
COMMAND: POST /session/86cef292dcf99a21db7bb59b41f5200f/elements - {"using":"xpath","value":"//bdi[text()=\"OK\"]"}
RESULT: {"using":"xpath","value":"//bdi[text()=\"OK\"]"}
COMMAND: POST /session/86cef292dcf99a21db7bb59b41f5200f/elements - {"using":"xpath","value":"//bdi[text()=\"OK\"]"}
RESULT: {"using":"xpath","value":"//bdi[text()=\"OK\"]"}
COMMAND: POST /session/86cef292dcf99a21db7bb59b41f5200f/elements - {"using":"xpath","value":"//bdi[text()=\"OK\"]"}
RESULT: {"using":"xpath","value":"//bdi[text()=\"OK\"]"}
COMMAND: POST /session/86cef292dcf99a21db7bb59b41f5200f/elements - {"using":"xpath","value":"//bdi[text()=\"OK\"]"}
RESULT: {"using":"xpath","value":"//bdi[text()=\"OK\"]"}
COMMAND: POST /session/86cef292dcf99a21db7bb59b41f5200f/elements - {"using":"xpath","value":"//bdi[text()=\"OK\"]"}
RESULT: {"using":"xpath","value":"//bdi[text()=\"OK\"]"}
COMMAND: POST /session/86cef292dcf99a21db7bb59b41f5200f/elements - {"using":"xpath","value":"//bdi[text()=\"OK\"]"}
RESULT: {"using":"xpath","value":"//bdi[text()=\"OK\"]"}
COMMAND: POST /session/86cef292dcf99a21db7bb59b41f5200f/elements - {"using":"xpath","value":"//bdi[text()=\"OK\"]"}
RESULT: {"using":"xpath","value":"//bdi[text()=\"OK\"]"}
COMMAND: POST /session/86cef292dcf99a21db7bb59b41f5200f/elements - {"using":"xpath","value":"//bdi[text()=\"OK\"]"}
RESULT: {"using":"xpath","value":"//bdi[text()=\"OK\"]"}
COMMAND: POST /session/86cef292dcf99a21db7bb59b41f5200f/elements - {"using":"xpath","value":"//bdi[text()=\"OK\"]"}
RESULT: {"using":"xpath","value":"//bdi[text()=\"OK\"]"}
COMMAND: POST /session/86cef292dcf99a21db7bb59b41f5200f/elements - {"using":"xpath","value":"//bdi[text()=\"OK\"]"}
RESULT: {"using":"xpath","value":"//bdi[text()=\"OK\"]"}
COMMAND: POST /session/86cef292dcf99a21db7bb59b41f5200f/elements - {"using":"xpath","value":"//bdi[text()=\"OK\"]"}
RESULT: {"using":"xpath","value":"//bdi[text()=\"OK\"]"}
COMMAND: POST /session/86cef292dcf99a21db7bb59b41f5200f/elements - {"using":"xpath","value":"//bdi[text()=\"OK\"]"}
RESULT: {"using":"xpath","value":"//bdi[text()=\"OK\"]"}
COMMAND: POST /session/86cef292dcf99a21db7bb59b41f5200f/elements - {"using":"xpath","value":"//bdi[text()=\"OK\"]"}
RESULT: {"using":"xpath","value":"//bdi[text()=\"OK\"]"}
COMMAND: POST /session/86cef292dcf99a21db7bb59b41f5200f/elements - {"using":"xpath","value":"//bdi[text()=\"OK\"]"}
RESULT: {"using":"xpath","value":"//bdi[text()=\"OK\"]"}
COMMAND: POST /session/86cef292dcf99a21db7bb59b41f5200f/elements - {"using":"xpath","value":"//bdi[text()=\"OK\"]"}
RESULT: {"using":"xpath","value":"//bdi[text()=\"OK\"]"}
COMMAND: POST /session/86cef292dcf99a21db7bb59b41f5200f/elements - {"using":"xpath","value":"//bdi[text()=\"OK\"]"}
RESULT: {"using":"xpath","value":"//bdi[text()=\"OK\"]"}
COMMAND: POST /session/86cef292dcf99a21db7bb59b41f5200f/elements - {"using":"xpath","value":"//bdi[text()=\"OK\"]"}
RESULT: {"using":"xpath","value":"//bdi[text()=\"OK\"]"}
COMMAND: POST /session/86cef292dcf99a21db7bb59b41f5200f/elements - {"using":"xpath","value":"//bdi[text()=\"OK\"]"}
RESULT: {"using":"xpath","value":"//bdi[text()=\"OK\"]"}
COMMAND: POST /session/86cef292dcf99a21db7bb59b41f5200f/elements - {"using":"xpath","value":"//bdi[text()=\"OK\"]"}
RESULT: {"using":"xpath","value":"//bdi[text()=\"OK\"]"}
COMMAND: POST /session/86cef292dcf99a21db7bb59b41f5200f/elements - {"using":"xpath","value":"//bdi[text()=\"OK\"]"}
RESULT: {"using":"xpath","value":"//bdi[text()=\"OK\"]"}
COMMAND: POST /session/86cef292dcf99a21db7bb59b41f5200f/elements - {"using":"xpath","value":"//bdi[text()=\"OK\"]"}
RESULT: {"using":"xpath","value":"//bdi[text()=\"OK\"]"}
COMMAND: POST /session/86cef292dcf99a21db7bb59b41f5200f/elements - {"using":"xpath","value":"//bdi[text()=\"OK\"]"}
RESULT: {"using":"xpath","value":"//bdi[text()=\"OK\"]"}
COMMAND: POST /session/86cef292dcf99a21db7bb59b41f5200f/elements - {"using":"xpath","value":"//bdi[text()=\"OK\"]"}
RESULT: {"using":"xpath","value":"//bdi[text()=\"OK\"]"}
COMMAND: POST /session/86cef292dcf99a21db7bb59b41f5200f/elements - {"using":"xpath","value":"//bdi[text()=\"OK\"]"}
RESULT: {"using":"xpath","value":"//bdi[text()=\"OK\"]"}
COMMAND: POST /session/86cef292dcf99a21db7bb59b41f5200f/elements - {"using":"xpath","value":"//bdi[text()=\"OK\"]"}
RESULT: {"using":"xpath","value":"//bdi[text()=\"OK\"]"}
COMMAND: POST /session/86cef292dcf99a21db7bb59b41f5200f/elements - {"using":"xpath","value":"//bdi[text()=\"OK\"]"}
RESULT: {"using":"xpath","value":"//bdi[text()=\"OK\"]"}
COMMAND: POST /session/86cef292dcf99a21db7bb59b41f5200f/elements - {"using":"xpath","value":"//bdi[text()=\"OK\"]"}
RESULT: {"using":"xpath","value":"//bdi[text()=\"OK\"]"}
COMMAND: POST /session/86cef292dcf99a21db7bb59b41f5200f/elements - {"using":"xpath","value":"//bdi[text()=\"OK\"]"}
RESULT: {"using":"xpath","value":"//bdi[text()=\"OK\"]"}
COMMAND: POST /session/86cef292dcf99a21db7bb59b41f5200f/elements - {"using":"xpath","value":"//bdi[text()=\"OK\"]"}
RESULT: {"using":"xpath","value":"//bdi[text()=\"OK\"]"}
COMMAND: POST /session/86cef292dcf99a21db7bb59b41f5200f/elements - {"using":"xpath","value":"//bdi[text()=\"OK\"]"}
RESULT: {"using":"xpath","value":"//bdi[text()=\"OK\"]"}
COMMAND: POST /session/86cef292dcf99a21db7bb59b41f5200f/elements - {"using":"xpath","value":"//bdi[text()=\"OK\"]"}
RESULT: {"using":"xpath","value":"//bdi[text()=\"OK\"]"}
COMMAND: POST /session/86cef292dcf99a21db7bb59b41f5200f/elements - {"using":"xpath","value":"//bdi[text()=\"OK\"]"}
RESULT: {"using":"xpath","value":"//bdi[text()=\"OK\"]"}
COMMAND: POST /session/86cef292dcf99a21db7bb59b41f5200f/elements - {"using":"xpath","value":"//bdi[text()=\"OK\"]"}
RESULT: {"using":"xpath","value":"//bdi[text()=\"OK\"]"}
COMMAND: POST /session/86cef292dcf99a21db7bb59b41f5200f/elements - {"using":"xpath","value":"//bdi[text()=\"OK\"]"}
RESULT: {"using":"xpath","value":"//bdi[text()=\"OK\"]"}
COMMAND: POST /session/86cef292dcf99a21db7bb59b41f5200f/elements - {"using":"xpath","value":"//bdi[text()=\"OK\"]"}
RESULT: {"using":"xpath","value":"//bdi[text()=\"OK\"]"}
COMMAND: POST /session/86cef292dcf99a21db7bb59b41f5200f/elements - {"using":"xpath","value":"//bdi[text()=\"OK\"]"}
RESULT: {"using":"xpath","value":"//bdi[text()=\"OK\"]"}
COMMAND: POST /session/86cef292dcf99a21db7bb59b41f5200f/elements - {"using":"xpath","value":"//bdi[text()=\"OK\"]"}
RESULT: {"using":"xpath","value":"//bdi[text()=\"OK\"]"}
COMMAND: POST /session/86cef292dcf99a21db7bb59b41f5200f/elements - {"using":"xpath","value":"//bdi[text()=\"OK\"]"}
RESULT: {"using":"xpath","value":"//bdi[text()=\"OK\"]"}
COMMAND: POST /session/86cef292dcf99a21db7bb59b41f5200f/elements - {"using":"xpath","value":"//bdi[text()=\"OK\"]"}
RESULT: {"using":"xpath","value":"//bdi[text()=\"OK\"]"}
COMMAND: POST /session/86cef292dcf99a21db7bb59b41f5200f/elements - {"using":"xpath","value":"//bdi[text()=\"OK\"]"}
RESULT: {"using":"xpath","value":"//bdi[text()=\"OK\"]"}
COMMAND: POST /session/86cef292dcf99a21db7bb59b41f5200f/elements - {"using":"xpath","value":"//bdi[text()=\"OK\"]"}
COMMAND: POST /session/86cef292dcf99a21db7bb59b41f5200f/element - {"using":"xpath","value":"//bdi[text()=\"OK\"]"}
RESULT: {"using":"xpath","value":"//bdi[text()=\"OK\"]"}
RESULT: {"using":"xpath","value":"//bdi[text()=\"OK\"]"}
COMMAND: POST /session/86cef292dcf99a21db7bb59b41f5200f/elements - {"using":"xpath","value":"//bdi[text()=\"OK\"]"}
RESULT: {"using":"xpath","value":"//bdi[text()=\"OK\"]"}
COMMAND: POST /session/86cef292dcf99a21db7bb59b41f5200f/elements - {"using":"xpath","value":"//bdi[text()=\"OK\"]"}
RESULT: {"using":"xpath","value":"//bdi[text()=\"OK\"]"}
COMMAND: POST /session/86cef292dcf99a21db7bb59b41f5200f/elements - {"using":"xpath","value":"//bdi[text()=\"OK\"]"}
RESULT: {"using":"xpath","value":"//bdi[text()=\"OK\"]"}
COMMAND: POST /session/86cef292dcf99a21db7bb59b41f5200f/elements - {"using":"xpath","value":"//bdi[text()=\"OK\"]"}
RESULT: {"using":"xpath","value":"//bdi[text()=\"OK\"]"}
COMMAND: POST /session/86cef292dcf99a21db7bb59b41f5200f/elements - {"using":"xpath","value":"//bdi[text()=\"OK\"]"}
RESULT: {"using":"xpath","value":"//bdi[text()=\"OK\"]"}
COMMAND: POST /session/86cef292dcf99a21db7bb59b41f5200f/elements - {"using":"xpath","value":"//bdi[text()=\"OK\"]"}
RESULT: {"using":"xpath","value":"//bdi[text()=\"OK\"]"}
COMMAND: POST /session/86cef292dcf99a21db7bb59b41f5200f/elements - {"using":"xpath","value":"//bdi[text()=\"OK\"]"}
RESULT: {"using":"xpath","value":"//bdi[text()=\"OK\"]"}
COMMAND: POST /session/86cef292dcf99a21db7bb59b41f5200f/elements - {"using":"xpath","value":"//bdi[text()=\"OK\"]"}
RESULT: {"using":"xpath","value":"//bdi[text()=\"OK\"]"}
COMMAND: POST /session/86cef292dcf99a21db7bb59b41f5200f/elements - {"using":"xpath","value":"//bdi[text()=\"OK\"]"}
RESULT: {"using":"xpath","value":"//bdi[text()=\"OK\"]"}
COMMAND: POST /session/86cef292dcf99a21db7bb59b41f5200f/elements - {"using":"xpath","value":"//bdi[text()=\"OK\"]"}
RESULT: {"using":"xpath","value":"//bdi[text()=\"OK\"]"}
COMMAND: POST /session/86cef292dcf99a21db7bb59b41f5200f/elements - {"using":"xpath","value":"//bdi[text()=\"OK\"]"}
RESULT: {"using":"xpath","value":"//bdi[text()=\"OK\"]"}
COMMAND: POST /session/86cef292dcf99a21db7bb59b41f5200f/elements - {"using":"xpath","value":"//bdi[text()=\"OK\"]"}
RESULT: {"using":"xpath","value":"//bdi[text()=\"OK\"]"}
COMMAND: POST /session/86cef292dcf99a21db7bb59b41f5200f/elements - {"using":"xpath","value":"//bdi[text()=\"OK\"]"}
RESULT: {"using":"xpath","value":"//bdi[text()=\"OK\"]"}
COMMAND: POST /session/86cef292dcf99a21db7bb59b41f5200f/elements - {"using":"xpath","value":"//bdi[text()=\"OK\"]"}
RESULT: {"using":"xpath","value":"//bdi[text()=\"OK\"]"}
COMMAND: POST /session/86cef292dcf99a21db7bb59b41f5200f/elements - {"using":"xpath","value":"//bdi[text()=\"OK\"]"}
RESULT: {"using":"xpath","value":"//bdi[text()=\"OK\"]"}
COMMAND: POST /session/86cef292dcf99a21db7bb59b41f5200f/elements - {"using":"xpath","value":"//bdi[text()=\"OK\"]"}
RESULT: {"using":"xpath","value":"//bdi[text()=\"OK\"]"}
COMMAND: POST /session/86cef292dcf99a21db7bb59b41f5200f/elements - {"using":"xpath","value":"//bdi[text()=\"OK\"]"}
RESULT: {"using":"xpath","value":"//bdi[text()=\"OK\"]"}
COMMAND: POST /session/86cef292dcf99a21db7bb59b41f5200f/elements - {"using":"xpath","value":"//bdi[text()=\"OK\"]"}
RESULT: {"using":"xpath","value":"//bdi[text()=\"OK\"]"}
COMMAND: POST /session/86cef292dcf99a21db7bb59b41f5200f/elements - {"using":"xpath","value":"//bdi[text()=\"OK\"]"}
RESULT: {"using":"xpath","value":"//bdi[text()=\"OK\"]"}
COMMAND: POST /session/86cef292dcf99a21db7bb59b41f5200f/elements - {"using":"xpath","value":"//bdi[text()=\"OK\"]"}
RESULT: {"using":"xpath","value":"//bdi[text()=\"OK\"]"}
COMMAND: POST /session/86cef292dcf99a21db7bb59b41f5200f/elements - {"using":"xpath","value":"//bdi[text()=\"OK\"]"}
RESULT: {"using":"xpath","value":"//bdi[text()=\"OK\"]"}
COMMAND: POST /session/86cef292dcf99a21db7bb59b41f5200f/elements - {"using":"xpath","value":"//bdi[text()=\"OK\"]"}
RESULT: {"using":"xpath","value":"//bdi[text()=\"OK\"]"}
COMMAND: POST /session/86cef292dcf99a21db7bb59b41f5200f/elements - {"using":"xpath","value":"//bdi[text()=\"OK\"]"}
RESULT: {"using":"xpath","value":"//bdi[text()=\"OK\"]"}
COMMAND: POST /session/86cef292dcf99a21db7bb59b41f5200f/elements - {"using":"xpath","value":"//bdi[text()=\"OK\"]"}
RESULT: {"using":"xpath","value":"//bdi[text()=\"OK\"]"}
COMMAND: POST /session/86cef292dcf99a21db7bb59b41f5200f/elements - {"using":"xpath","value":"//bdi[text()=\"OK\"]"}
RESULT: {"using":"xpath","value":"//bdi[text()=\"OK\"]"}
COMMAND: POST /session/86cef292dcf99a21db7bb59b41f5200f/elements - {"using":"xpath","value":"//bdi[text()=\"OK\"]"}
RESULT: {"using":"xpath","value":"//bdi[text()=\"OK\"]"}
COMMAND: POST /session/86cef292dcf99a21db7bb59b41f5200f/elements - {"using":"xpath","value":"//bdi[text()=\"OK\"]"}
RESULT: {"using":"xpath","value":"//bdi[text()=\"OK\"]"}
COMMAND: POST /session/86cef292dcf99a21db7bb59b41f5200f/elements - {"using":"xpath","value":"//bdi[text()=\"OK\"]"}
RESULT: {"using":"xpath","value":"//bdi[text()=\"OK\"]"}
COMMAND: POST /session/86cef292dcf99a21db7bb59b41f5200f/elements - {"using":"xpath","value":"//bdi[text()=\"OK\"]"}
RESULT: {"using":"xpath","value":"//bdi[text()=\"OK\"]"}
COMMAND: POST /session/86cef292dcf99a21db7bb59b41f5200f/elements - {"using":"xpath","value":"//bdi[text()=\"OK\"]"}
RESULT: {"using":"xpath","value":"//bdi[text()=\"OK\"]"}
COMMAND: POST /session/86cef292dcf99a21db7bb59b41f5200f/elements - {"using":"xpath","value":"//bdi[text()=\"OK\"]"}
RESULT: {"using":"xpath","value":"//bdi[text()=\"OK\"]"}
COMMAND: POST /session/86cef292dcf99a21db7bb59b41f5200f/elements - {"using":"xpath","value":"//bdi[text()=\"OK\"]"}
RESULT: {"using":"xpath","value":"//bdi[text()=\"OK\"]"}
COMMAND: POST /session/86cef292dcf99a21db7bb59b41f5200f/elements - {"using":"xpath","value":"//bdi[text()=\"OK\"]"}
RESULT: {"using":"xpath","value":"//bdi[text()=\"OK\"]"}
COMMAND: POST /session/86cef292dcf99a21db7bb59b41f5200f/elements - {"using":"xpath","value":"//bdi[text()=\"OK\"]"}
RESULT: {"using":"xpath","value":"//bdi[text()=\"OK\"]"}
COMMAND: POST /session/86cef292dcf99a21db7bb59b41f5200f/elements - {"using":"xpath","value":"//bdi[text()=\"OK\"]"}
RESULT: {"using":"xpath","value":"//bdi[text()=\"OK\"]"}
COMMAND: POST /session/86cef292dcf99a21db7bb59b41f5200f/elements - {"using":"xpath","value":"//bdi[text()=\"OK\"]"}
RESULT: {"using":"xpath","value":"//bdi[text()=\"OK\"]"}
COMMAND: POST /session/86cef292dcf99a21db7bb59b41f5200f/elements - {"using":"xpath","value":"//bdi[text()=\"OK\"]"}
RESULT: {"using":"xpath","value":"//bdi[text()=\"OK\"]"}
COMMAND: POST /session/86cef292dcf99a21db7bb59b41f5200f/elements - {"using":"xpath","value":"//bdi[text()=\"OK\"]"}
RESULT: {"using":"xpath","value":"//bdi[text()=\"OK\"]"}
COMMAND: POST /session/86cef292dcf99a21db7bb59b41f5200f/elements - {"using":"xpath","value":"//bdi[text()=\"OK\"]"}
RESULT: {"using":"xpath","value":"//bdi[text()=\"OK\"]"}
COMMAND: POST /session/86cef292dcf99a21db7bb59b41f5200f/elements - {"using":"xpath","value":"//bdi[text()=\"OK\"]"}
RESULT: {"using":"xpath","value":"//bdi[text()=\"OK\"]"}
COMMAND: POST /session/86cef292dcf99a21db7bb59b41f5200f/elements - {"using":"xpath","value":"//bdi[text()=\"OK\"]"}
RESULT: {"using":"xpath","value":"//bdi[text()=\"OK\"]"}
COMMAND: POST /session/86cef292dcf99a21db7bb59b41f5200f/elements - {"using":"xpath","value":"//bdi[text()=\"OK\"]"}
RESULT: {"using":"xpath","value":"//bdi[text()=\"OK\"]"}
COMMAND: POST /session/86cef292dcf99a21db7bb59b41f5200f/elements - {"using":"xpath","value":"//bdi[text()=\"OK\"]"}
RESULT: {"using":"xpath","value":"//bdi[text()=\"OK\"]"}
COMMAND: POST /session/86cef292dcf99a21db7bb59b41f5200f/elements - {"using":"xpath","value":"//bdi[text()=\"OK\"]"}
RESULT: {"using":"xpath","value":"//bdi[text()=\"OK\"]"}
COMMAND: POST /session/86cef292dcf99a21db7bb59b41f5200f/elements - {"using":"xpath","value":"//bdi[text()=\"OK\"]"}
RESULT: {"using":"xpath","value":"//bdi[text()=\"OK\"]"}
COMMAND: POST /session/86cef292dcf99a21db7bb59b41f5200f/elements - {"using":"xpath","value":"//bdi[text()=\"OK\"]"}
RESULT: {"using":"xpath","value":"//bdi[text()=\"OK\"]"}
COMMAND: POST /session/86cef292dcf99a21db7bb59b41f5200f/elements - {"using":"xpath","value":"//bdi[text()=\"OK\"]"}
RESULT: {"using":"xpath","value":"//bdi[text()=\"OK\"]"}
COMMAND: POST /session/86cef292dcf99a21db7bb59b41f5200f/elements - {"using":"xpath","value":"//bdi[text()=\"OK\"]"}
RESULT: {"using":"xpath","value":"//bdi[text()=\"OK\"]"}
COMMAND: POST /session/86cef292dcf99a21db7bb59b41f5200f/elements - {"using":"xpath","value":"//bdi[text()=\"OK\"]"}
RESULT: {"using":"xpath","value":"//bdi[text()=\"OK\"]"}
COMMAND: POST /session/86cef292dcf99a21db7bb59b41f5200f/elements - {"using":"xpath","value":"//bdi[text()=\"OK\"]"}
RESULT: {"using":"xpath","value":"//bdi[text()=\"OK\"]"}
COMMAND: POST /session/86cef292dcf99a21db7bb59b41f5200f/elements - {"using":"xpath","value":"//bdi[text()=\"OK\"]"}
RESULT: {"using":"xpath","value":"//bdi[text()=\"OK\"]"}
COMMAND: POST /session/86cef292dcf99a21db7bb59b41f5200f/elements - {"using":"xpath","value":"//bdi[text()=\"OK\"]"}
RESULT: {"using":"xpath","value":"//bdi[text()=\"OK\"]"}
COMMAND: POST /session/86cef292dcf99a21db7bb59b41f5200f/elements - {"using":"xpath","value":"//bdi[text()=\"OK\"]"}
RESULT: {"using":"xpath","value":"//bdi[text()=\"OK\"]"}
COMMAND: POST /session/86cef292dcf99a21db7bb59b41f5200f/elements - {"using":"xpath","value":"//bdi[text()=\"OK\"]"}
RESULT: {"using":"xpath","value":"//bdi[text()=\"OK\"]"}
COMMAND: POST /session/86cef292dcf99a21db7bb59b41f5200f/elements - {"using":"xpath","value":"//bdi[text()=\"OK\"]"}
RESULT: {"using":"xpath","value":"//bdi[text()=\"OK\"]"}
COMMAND: POST /session/86cef292dcf99a21db7bb59b41f5200f/elements - {"using":"xpath","value":"//bdi[text()=\"OK\"]"}
RESULT: {"using":"xpath","value":"//bdi[text()=\"OK\"]"}
COMMAND: POST /session/86cef292dcf99a21db7bb59b41f5200f/elements - {"using":"xpath","value":"//bdi[text()=\"OK\"]"}
RESULT: {"using":"xpath","value":"//bdi[text()=\"OK\"]"}
COMMAND: POST /session/86cef292dcf99a21db7bb59b41f5200f/elements - {"using":"xpath","value":"//bdi[text()=\"OK\"]"}
RESULT: {"using":"xpath","value":"//bdi[text()=\"OK\"]"}
COMMAND: POST /session/86cef292dcf99a21db7bb59b41f5200f/elements - {"using":"xpath","value":"//bdi[text()=\"OK\"]"}
RESULT: {"using":"xpath","value":"//bdi[text()=\"OK\"]"}
COMMAND: POST /session/86cef292dcf99a21db7bb59b41f5200f/elements - {"using":"xpath","value":"//bdi[text()=\"OK\"]"}
RESULT: {"using":"xpath","value":"//bdi[text()=\"OK\"]"}
COMMAND: POST /session/86cef292dcf99a21db7bb59b41f5200f/elements - {"using":"xpath","value":"//bdi[text()=\"OK\"]"}
RESULT: {"using":"xpath","value":"//bdi[text()=\"OK\"]"}
COMMAND: POST /session/86cef292dcf99a21db7bb59b41f5200f/elements - {"using":"xpath","value":"//bdi[text()=\"OK\"]"}
RESULT: {"using":"xpath","value":"//bdi[text()=\"OK\"]"}
COMMAND: POST /session/86cef292dcf99a21db7bb59b41f5200f/elements - {"using":"xpath","value":"//bdi[text()=\"OK\"]"}
RESULT: {"using":"xpath","value":"//bdi[text()=\"OK\"]"}
COMMAND: POST /session/86cef292dcf99a21db7bb59b41f5200f/elements - {"using":"xpath","value":"//bdi[text()=\"OK\"]"}
RESULT: {"using":"xpath","value":"//bdi[text()=\"OK\"]"}
COMMAND: POST /session/86cef292dcf99a21db7bb59b41f5200f/elements - {"using":"xpath","value":"//bdi[text()=\"OK\"]"}
RESULT: {"using":"xpath","value":"//bdi[text()=\"OK\"]"}
COMMAND: POST /session/86cef292dcf99a21db7bb59b41f5200f/elements - {"using":"xpath","value":"//bdi[text()=\"OK\"]"}
RESULT: {"using":"xpath","value":"//bdi[text()=\"OK\"]"}
COMMAND: POST /session/86cef292dcf99a21db7bb59b41f5200f/elements - {"using":"xpath","value":"//bdi[text()=\"OK\"]"}
RESULT: {"using":"xpath","value":"//bdi[text()=\"OK\"]"}
COMMAND: POST /session/86cef292dcf99a21db7bb59b41f5200f/elements - {"using":"xpath","value":"//bdi[text()=\"OK\"]"}
RESULT: {"using":"xpath","value":"//bdi[text()=\"OK\"]"}
COMMAND: POST /session/86cef292dcf99a21db7bb59b41f5200f/elements - {"using":"xpath","value":"//bdi[text()=\"OK\"]"}
RESULT: {"using":"xpath","value":"//bdi[text()=\"OK\"]"}
COMMAND: POST /session/86cef292dcf99a21db7bb59b41f5200f/elements - {"using":"xpath","value":"//bdi[text()=\"OK\"]"}
RESULT: {"using":"xpath","value":"//bdi[text()=\"OK\"]"}
COMMAND: POST /session/86cef292dcf99a21db7bb59b41f5200f/elements - {"using":"xpath","value":"//bdi[text()=\"OK\"]"}
RESULT: {"using":"xpath","value":"//bdi[text()=\"OK\"]"}
COMMAND: POST /session/86cef292dcf99a21db7bb59b41f5200f/elements - {"using":"xpath","value":"//bdi[text()=\"OK\"]"}
RESULT: {"using":"xpath","value":"//bdi[text()=\"OK\"]"}
COMMAND: POST /session/86cef292dcf99a21db7bb59b41f5200f/elements - {"using":"xpath","value":"//bdi[text()=\"OK\"]"}
RESULT: {"using":"xpath","value":"//bdi[text()=\"OK\"]"}
COMMAND: POST /session/86cef292dcf99a21db7bb59b41f5200f/elements - {"using":"xpath","value":"//bdi[text()=\"OK\"]"}
RESULT: {"using":"xpath","value":"//bdi[text()=\"OK\"]"}
COMMAND: POST /session/86cef292dcf99a21db7bb59b41f5200f/elements - {"using":"xpath","value":"//bdi[text()=\"OK\"]"}
RESULT: {"using":"xpath","value":"//bdi[text()=\"OK\"]"}
COMMAND: POST /session/86cef292dcf99a21db7bb59b41f5200f/elements - {"using":"xpath","value":"//bdi[text()=\"OK\"]"}
RESULT: {"using":"xpath","value":"//bdi[text()=\"OK\"]"}
COMMAND: POST /session/86cef292dcf99a21db7bb59b41f5200f/elements - {"using":"xpath","value":"//bdi[text()=\"OK\"]"}
RESULT: {"using":"xpath","value":"//bdi[text()=\"OK\"]"}
COMMAND: POST /session/86cef292dcf99a21db7bb59b41f5200f/elements - {"using":"xpath","value":"//bdi[text()=\"OK\"]"}
RESULT: {"using":"xpath","value":"//bdi[text()=\"OK\"]"}
COMMAND: POST /session/86cef292dcf99a21db7bb59b41f5200f/elements - {"using":"xpath","value":"//bdi[text()=\"OK\"]"}
RESULT: {"using":"xpath","value":"//bdi[text()=\"OK\"]"}
COMMAND: POST /session/86cef292dcf99a21db7bb59b41f5200f/elements - {"using":"xpath","value":"//bdi[text()=\"OK\"]"}
RESULT: {"using":"xpath","value":"//bdi[text()=\"OK\"]"}
COMMAND: POST /session/86cef292dcf99a21db7bb59b41f5200f/elements - {"using":"xpath","value":"//bdi[text()=\"OK\"]"}
RESULT: {"using":"xpath","value":"//bdi[text()=\"OK\"]"}
COMMAND: POST /session/86cef292dcf99a21db7bb59b41f5200f/elements - {"using":"xpath","value":"//bdi[text()=\"OK\"]"}
RESULT: {"using":"xpath","value":"//bdi[text()=\"OK\"]"}
COMMAND: POST /session/86cef292dcf99a21db7bb59b41f5200f/elements - {"using":"xpath","value":"//bdi[text()=\"OK\"]"}
RESULT: {"using":"xpath","value":"//bdi[text()=\"OK\"]"}
COMMAND: POST /session/86cef292dcf99a21db7bb59b41f5200f/elements - {"using":"xpath","value":"//bdi[text()=\"OK\"]"}
RESULT: {"using":"xpath","value":"//bdi[text()=\"OK\"]"}
COMMAND: POST /session/86cef292dcf99a21db7bb59b41f5200f/elements - {"using":"xpath","value":"//bdi[text()=\"OK\"]"}
RESULT: {"using":"xpath","value":"//bdi[text()=\"OK\"]"}
COMMAND: POST /session/86cef292dcf99a21db7bb59b41f5200f/elements - {"using":"xpath","value":"//bdi[text()=\"OK\"]"}
RESULT: {"using":"xpath","value":"//bdi[text()=\"OK\"]"}
COMMAND: POST /session/86cef292dcf99a21db7bb59b41f5200f/elements - {"using":"xpath","value":"//bdi[text()=\"OK\"]"}
RESULT: {"using":"xpath","value":"//bdi[text()=\"OK\"]"}
COMMAND: POST /session/86cef292dcf99a21db7bb59b41f5200f/elements - {"using":"xpath","value":"//bdi[text()=\"OK\"]"}
RESULT: {"using":"xpath","value":"//bdi[text()=\"OK\"]"}
COMMAND: POST /session/86cef292dcf99a21db7bb59b41f5200f/elements - {"using":"xpath","value":"//bdi[text()=\"OK\"]"}
RESULT: {"using":"xpath","value":"//bdi[text()=\"OK\"]"}
COMMAND: POST /session/86cef292dcf99a21db7bb59b41f5200f/elements - {"using":"xpath","value":"//bdi[text()=\"OK\"]"}
RESULT: {"using":"xpath","value":"//bdi[text()=\"OK\"]"}
COMMAND: POST /session/86cef292dcf99a21db7bb59b41f5200f/elements - {"using":"xpath","value":"//bdi[text()=\"OK\"]"}
RESULT: {"using":"xpath","value":"//bdi[text()=\"OK\"]"}
COMMAND: POST /session/86cef292dcf99a21db7bb59b41f5200f/elements - {"using":"xpath","value":"//bdi[text()=\"OK\"]"}
RESULT: {"using":"xpath","value":"//bdi[text()=\"OK\"]"}
COMMAND: POST /session/86cef292dcf99a21db7bb59b41f5200f/elements - {"using":"xpath","value":"//bdi[text()=\"OK\"]"}
RESULT: {"using":"xpath","value":"//bdi[text()=\"OK\"]"}
COMMAND: POST /session/86cef292dcf99a21db7bb59b41f5200f/elements - {"using":"xpath","value":"//bdi[text()=\"OK\"]"}
RESULT: {"using":"xpath","value":"//bdi[text()=\"OK\"]"}
COMMAND: POST /session/86cef292dcf99a21db7bb59b41f5200f/elements - {"using":"xpath","value":"//bdi[text()=\"OK\"]"}
RESULT: {"using":"xpath","value":"//bdi[text()=\"OK\"]"}
COMMAND: POST /session/86cef292dcf99a21db7bb59b41f5200f/elements - {"using":"xpath","value":"//bdi[text()=\"OK\"]"}
RESULT: {"using":"xpath","value":"//bdi[text()=\"OK\"]"}
COMMAND: POST /session/86cef292dcf99a21db7bb59b41f5200f/elements - {"using":"xpath","value":"//bdi[text()=\"OK\"]"}
RESULT: {"using":"xpath","value":"//bdi[text()=\"OK\"]"}
COMMAND: POST /session/86cef292dcf99a21db7bb59b41f5200f/elements - {"using":"xpath","value":"//bdi[text()=\"OK\"]"}
RESULT: {"using":"xpath","value":"//bdi[text()=\"OK\"]"}
COMMAND: POST /session/86cef292dcf99a21db7bb59b41f5200f/elements - {"using":"xpath","value":"//bdi[text()=\"OK\"]"}
RESULT: {"using":"xpath","value":"//bdi[text()=\"OK\"]"}
COMMAND: POST /session/86cef292dcf99a21db7bb59b41f5200f/elements - {"using":"xpath","value":"//bdi[text()=\"OK\"]"}
RESULT: {"using":"xpath","value":"//bdi[text()=\"OK\"]"}
COMMAND: POST /session/86cef292dcf99a21db7bb59b41f5200f/elements - {"using":"xpath","value":"//bdi[text()=\"OK\"]"}
RESULT: {"using":"xpath","value":"//bdi[text()=\"OK\"]"}
COMMAND: POST /session/86cef292dcf99a21db7bb59b41f5200f/elements - {"using":"xpath","value":"//bdi[text()=\"OK\"]"}
RESULT: {"using":"xpath","value":"//bdi[text()=\"OK\"]"}
COMMAND: POST /session/86cef292dcf99a21db7bb59b41f5200f/elements - {"using":"xpath","value":"//bdi[text()=\"OK\"]"}
RESULT: {"using":"xpath","value":"//bdi[text()=\"OK\"]"}
COMMAND: POST /session/86cef292dcf99a21db7bb59b41f5200f/elements - {"using":"xpath","value":"//bdi[text()=\"OK\"]"}
RESULT: {"using":"xpath","value":"//bdi[text()=\"OK\"]"}
COMMAND: POST /session/86cef292dcf99a21db7bb59b41f5200f/elements - {"using":"xpath","value":"//bdi[text()=\"OK\"]"}
RESULT: {"using":"xpath","value":"//bdi[text()=\"OK\"]"}
COMMAND: POST /session/86cef292dcf99a21db7bb59b41f5200f/elements - {"using":"xpath","value":"//bdi[text()=\"OK\"]"}
RESULT: {"using":"xpath","value":"//bdi[text()=\"OK\"]"}
COMMAND: POST /session/86cef292dcf99a21db7bb59b41f5200f/elements - {"using":"xpath","value":"//bdi[text()=\"OK\"]"}
RESULT: {"using":"xpath","value":"//bdi[text()=\"OK\"]"}
COMMAND: POST /session/86cef292dcf99a21db7bb59b41f5200f/elements - {"using":"xpath","value":"//bdi[text()=\"OK\"]"}
RESULT: {"using":"xpath","value":"//bdi[text()=\"OK\"]"}
COMMAND: POST /session/86cef292dcf99a21db7bb59b41f5200f/elements - {"using":"xpath","value":"//bdi[text()=\"OK\"]"}
RESULT: {"using":"xpath","value":"//bdi[text()=\"OK\"]"}
COMMAND: POST /session/86cef292dcf99a21db7bb59b41f5200f/elements - {"using":"xpath","value":"//bdi[text()=\"OK\"]"}
RESULT: {"using":"xpath","value":"//bdi[text()=\"OK\"]"}
COMMAND: POST /session/86cef292dcf99a21db7bb59b41f5200f/elements - {"using":"xpath","value":"//bdi[text()=\"OK\"]"}
RESULT: {"using":"xpath","value":"//bdi[text()=\"OK\"]"}
COMMAND: POST /session/86cef292dcf99a21db7bb59b41f5200f/elements - {"using":"xpath","value":"//bdi[text()=\"OK\"]"}
RESULT: {"using":"xpath","value":"//bdi[text()=\"OK\"]"}
COMMAND: POST /session/86cef292dcf99a21db7bb59b41f5200f/elements - {"using":"xpath","value":"//bdi[text()=\"OK\"]"}
RESULT: {"using":"xpath","value":"//bdi[text()=\"OK\"]"}
COMMAND: POST /session/86cef292dcf99a21db7bb59b41f5200f/elements - {"using":"xpath","value":"//bdi[text()=\"OK\"]"}
RESULT: {"using":"xpath","value":"//bdi[text()=\"OK\"]"}
COMMAND: POST /session/86cef292dcf99a21db7bb59b41f5200f/elements - {"using":"xpath","value":"//bdi[text()=\"OK\"]"}
RESULT: {"using":"xpath","value":"//bdi[text()=\"OK\"]"}
COMMAND: POST /session/86cef292dcf99a21db7bb59b41f5200f/elements - {"using":"xpath","value":"//bdi[text()=\"OK\"]"}
RESULT: {"using":"xpath","value":"//bdi[text()=\"OK\"]"}
COMMAND: POST /session/86cef292dcf99a21db7bb59b41f5200f/elements - {"using":"xpath","value":"//bdi[text()=\"OK\"]"}
RESULT: {"using":"xpath","value":"//bdi[text()=\"OK\"]"}
COMMAND: POST /session/86cef292dcf99a21db7bb59b41f5200f/elements - {"using":"xpath","value":"//bdi[text()=\"OK\"]"}
RESULT: {"using":"xpath","value":"//bdi[text()=\"OK\"]"}
COMMAND: POST /session/86cef292dcf99a21db7bb59b41f5200f/elements - {"using":"xpath","value":"//bdi[text()=\"OK\"]"}
RESULT: {"using":"xpath","value":"//bdi[text()=\"OK\"]"}
COMMAND: POST /session/86cef292dcf99a21db7bb59b41f5200f/elements - {"using":"xpath","value":"//bdi[text()=\"OK\"]"}
RESULT: {"using":"xpath","value":"//bdi[text()=\"OK\"]"}
COMMAND: POST /session/86cef292dcf99a21db7bb59b41f5200f/elements - {"using":"xpath","value":"//bdi[text()=\"OK\"]"}
COMMAND: POST /session/86cef292dcf99a21db7bb59b41f5200f/execute/async - {"script":"<script> [1562 bytes]","args":[{"selector":{"id":"application-manageresources-display-component---newResourceUnit--TYPE-arrow"},"wdio_ui5_key":"applicationmanageresources-display-component---newResourceUnit--TYPE-arrow"}]}
RESULT: {"using":"xpath","value":"//bdi[text()=\"OK\"]"}
RESULT: {"script":"<script> [1562 bytes]","args":[{"selector":{"id":"application-manageresources-display-component---newResourceUnit--TYPE-arrow"},"wdio_ui5_key":"applicationmanageresources-display-component---newResourceUnit--TYPE-arrow"}]}
RESULT: undefined
COMMAND: POST /session/86cef292dcf99a21db7bb59b41f5200f/element - {"using":"xpath","value":"//*[@id=\"application-manageresources-display-component---newResourceUnit--TYPE-arrow\"]"}
RESULT: {"using":"xpath","value":"//*[@id=\"application-manageresources-display-component---newResourceUnit--TYPE-arrow\"]"}
COMMAND: POST /session/86cef292dcf99a21db7bb59b41f5200f/element/f.D07DA9D7691935B74F99E9A1B60A37E7.d.7BA15C3317302C107AB81B92A7D85193.e.6920/click - {}
RESULT: {}
COMMAND: POST /session/86cef292dcf99a21db7bb59b41f5200f/execute/async - {"script":"<script> [1562 bytes]","args":[{"selector":{"controlType":"sap.m.StandardListItem","viewName":"reusables.view.manageresources.NewResourceUnit","viewId":"application-manageresources-display-component---newResourceUnit","properties":{"title":"Material"},"searchOpenDialogs":true,"interaction":{"idSuffix":"titleText"}},"wdio_ui5_key":"reusablesview.manageresources.NewResourceUnitsap.m.StandardListItem{\"title\":\"Material\"}"}]}
COMMAND: GET /session/86cef292dcf99a21db7bb59b41f5200f/screenshot - {}
RESULT: {"script":"<script> [1562 bytes]","args":[{"selector":{"controlType":"sap.m.StandardListItem","viewName":"reusables.view.manageresources.NewResourceUnit","viewId":"application-manageresources-display-component---newResourceUnit","properties":{"title":"Material"},"searchOpenDialogs":true,"interaction":{"idSuffix":"titleText"}},"wdio_ui5_key":"reusablesview.manageresources.NewResourceUnitsap.m.StandardListItem{\"title\":\"Material\"}"}]}
RESULT: undefined
COMMAND: POST /session/86cef292dcf99a21db7bb59b41f5200f/element - {"using":"xpath","value":"//*[@id=\"__item143\"]"}
RESULT: {}
RESULT: {"using":"xpath","value":"//*[@id=\"__item143\"]"}
COMMAND: POST /session/86cef292dcf99a21db7bb59b41f5200f/element/f.D07DA9D7691935B74F99E9A1B60A37E7.d.7BA15C3317302C107AB81B92A7D85193.e.6923/click - {}
RESULT: {}
COMMAND: POST /session/86cef292dcf99a21db7bb59b41f5200f/execute/async - {"script":"<script> [1562 bytes]","args":[{"selector":{"id":"application-manageresources-display-component---newResourceUnit--SHORT_TEXT","interaction":{"idSuffix":"inner"}},"wdio_ui5_key":"applicationmanageresources-display-component---newResourceUnit--SHORT_TEXT"}]}
COMMAND: GET /session/86cef292dcf99a21db7bb59b41f5200f/screenshot - {}
RESULT: {"script":"<script> [1562 bytes]","args":[{"selector":{"id":"application-manageresources-display-component---newResourceUnit--SHORT_TEXT","interaction":{"idSuffix":"inner"}},"wdio_ui5_key":"applicationmanageresources-display-component---newResourceUnit--SHORT_TEXT"}]}
RESULT: undefined
COMMAND: POST /session/86cef292dcf99a21db7bb59b41f5200f/execute/async - {"script":"<script> [776 bytes]","args":[{"enterText":"WebdriverWHM_RU R2Cb9za2","selector":{"id":"application-manageresources-display-component---newResourceUnit--SHORT_TEXT","interaction":{"idSuffix":"inner"}},"clearTextFirst":true,"interactionType":"ENTER_TEXT"}]}
RESULT: {}
RESULT: {"script":"<script> [776 bytes]","args":[{"enterText":"WebdriverWHM_RU R2Cb9za2","selector":{"id":"application-manageresources-display-component---newResourceUnit--SHORT_TEXT","interaction":{"idSuffix":"inner"}},"clearTextFirst":true,"interactionType":"ENTER_TEXT"}]}
COMMAND: POST /session/86cef292dcf99a21db7bb59b41f5200f/execute/async - {"script":"<script> [1562 bytes]","args":[{"selector":{"id":"application-manageresources-display-component---newResourceUnit--BASE_UNIT_OF_MEASURE-arrow"},"wdio_ui5_key":"applicationmanageresources-display-component---newResourceUnit--BASE_UNIT_OF_MEASURE-arrow"}]}
RESULT: {"script":"<script> [1562 bytes]","args":[{"selector":{"id":"application-manageresources-display-component---newResourceUnit--BASE_UNIT_OF_MEASURE-arrow"},"wdio_ui5_key":"applicationmanageresources-display-component---newResourceUnit--BASE_UNIT_OF_MEASURE-arrow"}]}
RESULT: undefined
COMMAND: POST /session/86cef292dcf99a21db7bb59b41f5200f/element - {"using":"xpath","value":"//*[@id=\"application-manageresources-display-component---newResourceUnit--BASE_UNIT_OF_MEASURE-arrow\"]"}
RESULT: {"using":"xpath","value":"//*[@id=\"application-manageresources-display-component---newResourceUnit--BASE_UNIT_OF_MEASURE-arrow\"]"}
COMMAND: POST /session/86cef292dcf99a21db7bb59b41f5200f/element/f.D07DA9D7691935B74F99E9A1B60A37E7.d.7BA15C3317302C107AB81B92A7D85193.e.6981/click - {}
RESULT: {}
COMMAND: POST /session/86cef292dcf99a21db7bb59b41f5200f/execute/async - {"script":"<script> [1562 bytes]","args":[{"selector":{"controlType":"sap.m.StandardListItem","viewName":"reusables.view.manageresources.NewResourceUnit","viewId":"application-manageresources-display-component---newResourceUnit","properties":{"title":"Piece"},"searchOpenDialogs":true,"interaction":{"idSuffix":"content"}},"wdio_ui5_key":"reusablesview.manageresources.NewResourceUnitsap.m.StandardListItem{\"title\":\"Piece\"}"}]}
COMMAND: GET /session/86cef292dcf99a21db7bb59b41f5200f/screenshot - {}
RESULT: {"script":"<script> [1562 bytes]","args":[{"selector":{"controlType":"sap.m.StandardListItem","viewName":"reusables.view.manageresources.NewResourceUnit","viewId":"application-manageresources-display-component---newResourceUnit","properties":{"title":"Piece"},"searchOpenDialogs":true,"interaction":{"idSuffix":"content"}},"wdio_ui5_key":"reusablesview.manageresources.NewResourceUnitsap.m.StandardListItem{\"title\":\"Piece\"}"}]}
RESULT: undefined
COMMAND: POST /session/86cef292dcf99a21db7bb59b41f5200f/element - {"using":"xpath","value":"//*[@id=\"__item187\"]"}
RESULT: {}
RESULT: {"using":"xpath","value":"//*[@id=\"__item187\"]"}
COMMAND: POST /session/86cef292dcf99a21db7bb59b41f5200f/element/f.D07DA9D7691935B74F99E9A1B60A37E7.d.7BA15C3317302C107AB81B92A7D85193.e.6983/click - {}
RESULT: {}
COMMAND: POST /session/86cef292dcf99a21db7bb59b41f5200f/execute/async - {"script":"<script> [1562 bytes]","args":[{"selector":{"id":"application-manageresources-display-component---newResourceUnit--WEIGHT_UNIT-arrow"},"wdio_ui5_key":"applicationmanageresources-display-component---newResourceUnit--WEIGHT_UNIT-arrow"}]}
COMMAND: GET /session/86cef292dcf99a21db7bb59b41f5200f/screenshot - {}
RESULT: {"script":"<script> [1562 bytes]","args":[{"selector":{"id":"application-manageresources-display-component---newResourceUnit--WEIGHT_UNIT-arrow"},"wdio_ui5_key":"applicationmanageresources-display-component---newResourceUnit--WEIGHT_UNIT-arrow"}]}
RESULT: undefined
COMMAND: POST /session/86cef292dcf99a21db7bb59b41f5200f/element - {"using":"xpath","value":"//*[@id=\"application-manageresources-display-component---newResourceUnit--WEIGHT_UNIT-arrow\"]"}
RESULT: {}
RESULT: {"using":"xpath","value":"//*[@id=\"application-manageresources-display-component---newResourceUnit--WEIGHT_UNIT-arrow\"]"}
COMMAND: POST /session/86cef292dcf99a21db7bb59b41f5200f/element/f.D07DA9D7691935B74F99E9A1B60A37E7.d.7BA15C3317302C107AB81B92A7D85193.e.6984/click - {}
RESULT: {}
COMMAND: POST /session/86cef292dcf99a21db7bb59b41f5200f/execute/async - {"script":"<script> [1562 bytes]","args":[{"selector":{"controlType":"sap.m.StandardListItem","viewName":"reusables.view.manageresources.NewResourceUnit","viewId":"application-manageresources-display-component---newResourceUnit","properties":{"title":"Gram"},"searchOpenDialogs":true,"interaction":{"idSuffix":"content"}},"wdio_ui5_key":"reusablesview.manageresources.NewResourceUnitsap.m.StandardListItem{\"title\":\"Gram\"}"}]}
COMMAND: GET /session/86cef292dcf99a21db7bb59b41f5200f/screenshot - {}
RESULT: {"script":"<script> [1562 bytes]","args":[{"selector":{"controlType":"sap.m.StandardListItem","viewName":"reusables.view.manageresources.NewResourceUnit","viewId":"application-manageresources-display-component---newResourceUnit","properties":{"title":"Gram"},"searchOpenDialogs":true,"interaction":{"idSuffix":"content"}},"wdio_ui5_key":"reusablesview.manageresources.NewResourceUnitsap.m.StandardListItem{\"title\":\"Gram\"}"}]}
RESULT: undefined
COMMAND: POST /session/86cef292dcf99a21db7bb59b41f5200f/element - {"using":"xpath","value":"//*[@id=\"__item252\"]"}
RESULT: {}
RESULT: {"using":"xpath","value":"//*[@id=\"__item252\"]"}
COMMAND: POST /session/86cef292dcf99a21db7bb59b41f5200f/element/f.D07DA9D7691935B74F99E9A1B60A37E7.d.7BA15C3317302C107AB81B92A7D85193.e.6986/click - {}
RESULT: {}
COMMAND: GET /session/86cef292dcf99a21db7bb59b41f5200f/screenshot - {}
RESULT: {}
COMMAND: POST /session/86cef292dcf99a21db7bb59b41f5200f/execute/async - {"script":"<script> [1562 bytes]","args":[{"selector":{"id":"application-manageresources-display-component---newResourceUnit--newRRUPage-OPHeaderContent-collapseBtn-img"},"wdio_ui5_key":"applicationmanageresources-display-component---newResourceUnit--newRRUPage-OPHeaderContent-collapseBtn-img"}]}
RESULT: {"script":"<script> [1562 bytes]","args":[{"selector":{"id":"application-manageresources-display-component---newResourceUnit--newRRUPage-OPHeaderContent-collapseBtn-img"},"wdio_ui5_key":"applicationmanageresources-display-component---newResourceUnit--newRRUPage-OPHeaderContent-collapseBtn-img"}]}
RESULT: undefined
COMMAND: POST /session/86cef292dcf99a21db7bb59b41f5200f/element - {"using":"xpath","value":"//*[@id=\"application-manageresources-display-component---newResourceUnit--newRRUPage-OPHeaderContent-collapseBtn-img\"]"}
RESULT: {"using":"xpath","value":"//*[@id=\"application-manageresources-display-component---newResourceUnit--newRRUPage-OPHeaderContent-collapseBtn-img\"]"}
COMMAND: POST /session/86cef292dcf99a21db7bb59b41f5200f/element/f.D07DA9D7691935B74F99E9A1B60A37E7.d.7BA15C3317302C107AB81B92A7D85193.e.6931/click - {}
RESULT: {}
COMMAND: GET /session/86cef292dcf99a21db7bb59b41f5200f/screenshot - {}
RESULT: {}
COMMAND: POST /session/86cef292dcf99a21db7bb59b41f5200f/element - {"using":"xpath","value":"(//span[contains(@id ,\"application-manageresources-display-component---newResourceUnit--DIMENSION_UNIT-arrow\")])[1]"}
RESULT: {"using":"xpath","value":"(//span[contains(@id ,\"application-manageresources-display-component---newResourceUnit--DIMENSION_UNIT-arrow\")])[1]"}
COMMAND: POST /session/86cef292dcf99a21db7bb59b41f5200f/element/f.D07DA9D7691935B74F99E9A1B60A37E7.d.7BA15C3317302C107AB81B92A7D85193.e.6992/click - {}
RESULT: {}
COMMAND: GET /session/86cef292dcf99a21db7bb59b41f5200f/screenshot - {}
RESULT: {}
COMMAND: POST /session/86cef292dcf99a21db7bb59b41f5200f/execute/async - {"script":"<script> [1562 bytes]","args":[{"selector":{"controlType":"sap.m.StandardListItem","viewName":"reusables.view.manageresources.NewResourceUnit","viewId":"application-manageresources-display-component---newResourceUnit","properties":{"title":"Centimeter"},"searchOpenDialogs":true,"interaction":{"idSuffix":"titleText"}},"wdio_ui5_key":"reusablesview.manageresources.NewResourceUnitsap.m.StandardListItem{\"title\":\"Centimeter\"}"}]}
RESULT: {"script":"<script> [1562 bytes]","args":[{"selector":{"controlType":"sap.m.StandardListItem","viewName":"reusables.view.manageresources.NewResourceUnit","viewId":"application-manageresources-display-component---newResourceUnit","properties":{"title":"Centimeter"},"searchOpenDialogs":true,"interaction":{"idSuffix":"titleText"}},"wdio_ui5_key":"reusablesview.manageresources.NewResourceUnitsap.m.StandardListItem{\"title\":\"Centimeter\"}"}]}
RESULT: undefined
COMMAND: POST /session/86cef292dcf99a21db7bb59b41f5200f/element - {"using":"xpath","value":"//*[@id=\"__item255\"]"}
RESULT: {"using":"xpath","value":"//*[@id=\"__item255\"]"}
COMMAND: POST /session/86cef292dcf99a21db7bb59b41f5200f/element/f.D07DA9D7691935B74F99E9A1B60A37E7.d.7BA15C3317302C107AB81B92A7D85193.e.6994/click - {}
RESULT: {}
COMMAND: GET /session/86cef292dcf99a21db7bb59b41f5200f/screenshot - {}
RESULT: {}
COMMAND: POST /session/86cef292dcf99a21db7bb59b41f5200f/execute/async - {"script":"<script> [1562 bytes]","args":[{"selector":{"id":"application-manageresources-display-component---newResourceUnit--newRRUPage-anchBar-application-manageresources-display-component---newResourceUnit--reference-anchor","interaction":{"idSuffix":"BDI-content"}},"wdio_ui5_key":"applicationmanageresources-display-component---newResourceUnit--newRRUPage-anchBar-application-manageresources-display-component---newResourceUnit--reference-anchor"}]}
RESULT: {"script":"<script> [1562 bytes]","args":[{"selector":{"id":"application-manageresources-display-component---newResourceUnit--newRRUPage-anchBar-application-manageresources-display-component---newResourceUnit--reference-anchor","interaction":{"idSuffix":"BDI-content"}},"wdio_ui5_key":"applicationmanageresources-display-component---newResourceUnit--newRRUPage-anchBar-application-manageresources-display-component---newResourceUnit--reference-anchor"}]}
RESULT: undefined
COMMAND: POST /session/86cef292dcf99a21db7bb59b41f5200f/element - {"using":"xpath","value":"//*[@id=\"application-manageresources-display-component---newResourceUnit--newRRUPage-anchBar-application-manageresources-display-component---newResourceUnit--reference-anchor\"]"}
RESULT: {"using":"xpath","value":"//*[@id=\"application-manageresources-display-component---newResourceUnit--newRRUPage-anchBar-application-manageresources-display-component---newResourceUnit--reference-anchor\"]"}
COMMAND: POST /session/86cef292dcf99a21db7bb59b41f5200f/element/f.D07DA9D7691935B74F99E9A1B60A37E7.d.7BA15C3317302C107AB81B92A7D85193.e.6996/click - {}
RESULT: {}
COMMAND: POST /session/86cef292dcf99a21db7bb59b41f5200f/execute/async - {"script":"<script> [1562 bytes]","args":[{"selector":{"id":"application-manageresources-display-component---newResourceUnit--PLANNING_GROUP-arrow"},"wdio_ui5_key":"applicationmanageresources-display-component---newResourceUnit--PLANNING_GROUP-arrow"}]}
COMMAND: GET /session/86cef292dcf99a21db7bb59b41f5200f/screenshot - {}
RESULT: {"script":"<script> [1562 bytes]","args":[{"selector":{"id":"application-manageresources-display-component---newResourceUnit--PLANNING_GROUP-arrow"},"wdio_ui5_key":"applicationmanageresources-display-component---newResourceUnit--PLANNING_GROUP-arrow"}]}
RESULT: undefined
COMMAND: POST /session/86cef292dcf99a21db7bb59b41f5200f/element - {"using":"xpath","value":"//*[@id=\"application-manageresources-display-component---newResourceUnit--PLANNING_GROUP-arrow\"]"}
RESULT: {}
RESULT: {"using":"xpath","value":"//*[@id=\"application-manageresources-display-component---newResourceUnit--PLANNING_GROUP-arrow\"]"}
COMMAND: POST /session/86cef292dcf99a21db7bb59b41f5200f/element/f.D07DA9D7691935B74F99E9A1B60A37E7.d.7BA15C3317302C107AB81B92A7D85193.e.6999/click - {}
RESULT: {}
COMMAND: POST /session/86cef292dcf99a21db7bb59b41f5200f/execute/async - {"script":"<script> [1562 bytes]","args":[{"selector":{"controlType":"sap.m.StandardListItem","viewName":"reusables.view.manageresources.NewResourceUnit","viewId":"application-manageresources-display-component---newResourceUnit","properties":{"title":"Heavy Equi"},"searchOpenDialogs":true,"interaction":{"idSuffix":"content"}},"wdio_ui5_key":"reusablesview.manageresources.NewResourceUnitsap.m.StandardListItem{\"title\":\"Heavy Equi\"}"}]}
COMMAND: GET /session/86cef292dcf99a21db7bb59b41f5200f/screenshot - {}
RESULT: {"script":"<script> [1562 bytes]","args":[{"selector":{"controlType":"sap.m.StandardListItem","viewName":"reusables.view.manageresources.NewResourceUnit","viewId":"application-manageresources-display-component---newResourceUnit","properties":{"title":"Heavy Equi"},"searchOpenDialogs":true,"interaction":{"idSuffix":"content"}},"wdio_ui5_key":"reusablesview.manageresources.NewResourceUnitsap.m.StandardListItem{\"title\":\"Heavy Equi\"}"}]}
RESULT: undefined
COMMAND: POST /session/86cef292dcf99a21db7bb59b41f5200f/element - {"using":"xpath","value":"//*[@id=\"__item263\"]"}
RESULT: {}
RESULT: {"using":"xpath","value":"//*[@id=\"__item263\"]"}
COMMAND: POST /session/86cef292dcf99a21db7bb59b41f5200f/element/f.D07DA9D7691935B74F99E9A1B60A37E7.d.7BA15C3317302C107AB81B92A7D85193.e.7003/click - {}
RESULT: {}
COMMAND: GET /session/86cef292dcf99a21db7bb59b41f5200f/screenshot - {}
RESULT: {}
COMMAND: POST /session/86cef292dcf99a21db7bb59b41f5200f/execute/async - {"script":"<script> [1562 bytes]","args":[{"selector":{"id":"application-manageresources-display-component---newResourceUnit--PLANNING_INDICATOR-arrow"},"wdio_ui5_key":"applicationmanageresources-display-component---newResourceUnit--PLANNING_INDICATOR-arrow"}]}
RESULT: {"script":"<script> [1562 bytes]","args":[{"selector":{"id":"application-manageresources-display-component---newResourceUnit--PLANNING_INDICATOR-arrow"},"wdio_ui5_key":"applicationmanageresources-display-component---newResourceUnit--PLANNING_INDICATOR-arrow"}]}
RESULT: undefined
COMMAND: POST /session/86cef292dcf99a21db7bb59b41f5200f/element - {"using":"xpath","value":"//*[@id=\"application-manageresources-display-component---newResourceUnit--PLANNING_INDICATOR-arrow\"]"}
RESULT: {"using":"xpath","value":"//*[@id=\"application-manageresources-display-component---newResourceUnit--PLANNING_INDICATOR-arrow\"]"}
COMMAND: POST /session/86cef292dcf99a21db7bb59b41f5200f/element/f.D07DA9D7691935B74F99E9A1B60A37E7.d.7BA15C3317302C107AB81B92A7D85193.e.7004/click - {}
RESULT: {}
COMMAND: POST /session/86cef292dcf99a21db7bb59b41f5200f/execute/async - {"script":"<script> [1562 bytes]","args":[{"selector":{"controlType":"sap.m.StandardListItem","viewName":"reusables.view.manageresources.NewResourceUnit","viewId":"application-manageresources-display-component---newResourceUnit","properties":{"title":"10 - infinite"},"searchOpenDialogs":true,"interaction":{"idSuffix":"content"}},"wdio_ui5_key":"reusablesview.manageresources.NewResourceUnitsap.m.StandardListItem{\"title\":\"10 - infinite\"}"}]}
COMMAND: GET /session/86cef292dcf99a21db7bb59b41f5200f/screenshot - {}
RESULT: {"script":"<script> [1562 bytes]","args":[{"selector":{"controlType":"sap.m.StandardListItem","viewName":"reusables.view.manageresources.NewResourceUnit","viewId":"application-manageresources-display-component---newResourceUnit","properties":{"title":"10 - infinite"},"searchOpenDialogs":true,"interaction":{"idSuffix":"content"}},"wdio_ui5_key":"reusablesview.manageresources.NewResourceUnitsap.m.StandardListItem{\"title\":\"10 - infinite\"}"}]}
RESULT: undefined
COMMAND: POST /session/86cef292dcf99a21db7bb59b41f5200f/element - {"using":"xpath","value":"//*[@id=\"__item273\"]"}
RESULT: {}
RESULT: {"using":"xpath","value":"//*[@id=\"__item273\"]"}
COMMAND: POST /session/86cef292dcf99a21db7bb59b41f5200f/element/f.D07DA9D7691935B74F99E9A1B60A37E7.d.7BA15C3317302C107AB81B92A7D85193.e.7006/click - {}
RESULT: {}
COMMAND: GET /session/86cef292dcf99a21db7bb59b41f5200f/screenshot - {}
RESULT: {}
COMMAND: POST /session/86cef292dcf99a21db7bb59b41f5200f/element - {"using":"xpath","value":"//bdi[contains(text(), \"Time Segment\")]"}
RESULT: {"using":"xpath","value":"//bdi[contains(text(), \"Time Segment\")]"}
COMMAND: GET /session/86cef292dcf99a21db7bb59b41f5200f/element/f.D07DA9D7691935B74F99E9A1B60A37E7.d.7BA15C3317302C107AB81B92A7D85193.e.7007/rect - {}
RESULT: {}
COMMAND: GET /session/86cef292dcf99a21db7bb59b41f5200f/window/rect - {}
RESULT: {}
COMMAND: POST /session/86cef292dcf99a21db7bb59b41f5200f/execute/sync - {"script":"<script> [92 bytes]","args":[]}
RESULT: {"script":"<script> [92 bytes]","args":[]}
COMMAND: POST /session/86cef292dcf99a21db7bb59b41f5200f/actions - {"actions":[{"id":"action19","type":"wheel","parameters":{},"actions":[{"type":"scroll","x":-1804,"y":-21,"deltaX":0,"deltaY":0,"duration":0,"origin":{"element-6066-11e4-a52e-4f735466cecf":"f.D07DA9D7691935B74F99E9A1B60A37E7.d.7BA15C3317302C107AB81B92A7D85193.e.7007"}}]}]}
COMMAND: GET /session/86cef292dcf99a21db7bb59b41f5200f/screenshot - {}
RESULT: {}
COMMAND: POST /session/86cef292dcf99a21db7bb59b41f5200f/execute/sync - {"script":"<script> [79 bytes]","args":[{"element-6066-11e4-a52e-4f735466cecf":"f.D07DA9D7691935B74F99E9A1B60A37E7.d.7BA15C3317302C107AB81B92A7D85193.e.7007","ELEMENT":"f.D07DA9D7691935B74F99E9A1B60A37E7.d.7BA15C3317302C107AB81B92A7D85193.e.7007"},{"block":"start","inline":"nearest"}]}
RESULT: {"script":"<script> [79 bytes]","args":[{"element-6066-11e4-a52e-4f735466cecf":"f.D07DA9D7691935B74F99E9A1B60A37E7.d.7BA15C3317302C107AB81B92A7D85193.e.7007","ELEMENT":"f.D07DA9D7691935B74F99E9A1B60A37E7.d.7BA15C3317302C107AB81B92A7D85193.e.7007"},{"block":"start","inline":"nearest"}]}
COMMAND: GET /session/86cef292dcf99a21db7bb59b41f5200f/screenshot - {}
RESULT: {}
COMMAND: POST /session/86cef292dcf99a21db7bb59b41f5200f/element - {"using":"xpath","value":"//span[@id=\"application-manageresources-display-component---newResourceUnit--btnAddTimeSegment-img\"]"}
RESULT: {"using":"xpath","value":"//span[@id=\"application-manageresources-display-component---newResourceUnit--btnAddTimeSegment-img\"]"}
COMMAND: POST /session/86cef292dcf99a21db7bb59b41f5200f/execute/sync - {"script":"<script> [8489 bytes]","args":[{"element-6066-11e4-a52e-4f735466cecf":"f.D07DA9D7691935B74F99E9A1B60A37E7.d.7BA15C3317302C107AB81B92A7D85193.e.7010","ELEMENT":"f.D07DA9D7691935B74F99E9A1B60A37E7.d.7BA15C3317302C107AB81B92A7D85193.e.7010"}]}
RESULT: {"script":"<script> [8489 bytes]","args":[{"element-6066-11e4-a52e-4f735466cecf":"f.D07DA9D7691935B74F99E9A1B60A37E7.d.7BA15C3317302C107AB81B92A7D85193.e.7010","ELEMENT":"f.D07DA9D7691935B74F99E9A1B60A37E7.d.7BA15C3317302C107AB81B92A7D85193.e.7010"}]}
COMMAND: POST /session/86cef292dcf99a21db7bb59b41f5200f/element/f.D07DA9D7691935B74F99E9A1B60A37E7.d.7BA15C3317302C107AB81B92A7D85193.e.7010/click - {}
COMMAND: GET /session/86cef292dcf99a21db7bb59b41f5200f/screenshot - {}
RESULT: {}
COMMAND: GET /session/86cef292dcf99a21db7bb59b41f5200f/screenshot - {}
COMMAND: POST /session/86cef292dcf99a21db7bb59b41f5200f/element - {"using":"xpath","value":"//input[@id=\"application-manageresources-display-component---newResourceUnit--idRuTSAdmin-application-manageresources-display-component---newResourceUnit--RUTimeSegment-0-inner\"]"}
RESULT: {}
RESULT: {}
RESULT: {"using":"xpath","value":"//input[@id=\"application-manageresources-display-component---newResourceUnit--idRuTSAdmin-application-manageresources-display-component---newResourceUnit--RUTimeSegment-0-inner\"]"}
COMMAND: POST /session/86cef292dcf99a21db7bb59b41f5200f/element/f.D07DA9D7691935B74F99E9A1B60A37E7.d.7BA15C3317302C107AB81B92A7D85193.e.7013/clear - {}
RESULT: {}
COMMAND: POST /session/86cef292dcf99a21db7bb59b41f5200f/element/f.D07DA9D7691935B74F99E9A1B60A37E7.d.7BA15C3317302C107AB81B92A7D85193.e.7013/value - {"text":"331"}
COMMAND: GET /session/86cef292dcf99a21db7bb59b41f5200f/screenshot - {}
RESULT: {"text":"331"}
COMMAND: GET /session/86cef292dcf99a21db7bb59b41f5200f/screenshot - {}
RESULT: {}
RESULT: {}
COMMAND: POST /session/86cef292dcf99a21db7bb59b41f5200f/actions - {"actions":[{"id":"action20","type":"key","parameters":{},"actions":[{"type":"keyDown","value":"î€‡"},{"type":"pause","duration":10},{"type":"keyUp","value":"î€‡"}]}]}
RESULT: {"actions":[{"id":"action20","type":"key","parameters":{},"actions":[{"type":"keyDown","value":"î€‡"},{"type":"pause","duration":10},{"type":"keyUp","value":"î€‡"}]}]}
COMMAND: POST /session/86cef292dcf99a21db7bb59b41f5200f/execute/async - {"script":"<script> [1562 bytes]","args":[{"selector":{"controlType":"sap.m.Button","viewName":"reusables.view.manageresources.NewResourceUnit","viewId":"application-manageresources-display-component---newResourceUnit","i18NText":{"propertyName":"tooltip","key":"save"},"interaction":{"idSuffix":"BDI-content"}},"wdio_ui5_key":"reusablesview.manageresources.NewResourceUnitsap.m.Button{\"propertyName\":\"tooltip\",\"key\":\"save\"}"}]}
COMMAND: GET /session/86cef292dcf99a21db7bb59b41f5200f/screenshot - {}
RESULT: {"script":"<script> [1562 bytes]","args":[{"selector":{"controlType":"sap.m.Button","viewName":"reusables.view.manageresources.NewResourceUnit","viewId":"application-manageresources-display-component---newResourceUnit","i18NText":{"propertyName":"tooltip","key":"save"},"interaction":{"idSuffix":"BDI-content"}},"wdio_ui5_key":"reusablesview.manageresources.NewResourceUnitsap.m.Button{\"propertyName\":\"tooltip\",\"key\":\"save\"}"}]}
RESULT: undefined
COMMAND: POST /session/86cef292dcf99a21db7bb59b41f5200f/element - {"using":"xpath","value":"//*[@id=\"application-manageresources-display-component---newResourceUnit--createRuButton\"]"}
RESULT: {}
RESULT: {"using":"xpath","value":"//*[@id=\"application-manageresources-display-component---newResourceUnit--createRuButton\"]"}
COMMAND: POST /session/86cef292dcf99a21db7bb59b41f5200f/element/f.D07DA9D7691935B74F99E9A1B60A37E7.d.7BA15C3317302C107AB81B92A7D85193.e.6937/click - {}
RESULT: {}
COMMAND: GET /session/86cef292dcf99a21db7bb59b41f5200f/screenshot - {}
RESULT: {}
COMMAND: POST /session/86cef292dcf99a21db7bb59b41f5200f/execute/async - {"script":"<script> [1562 bytes]","args":[{"selector":{"controlType":"sap.m.Title","properties":{"text":"Success"},"searchOpenDialogs":true},"wdio_ui5_key":"sapm.Title{\"text\":\"Success\"}"}]}
RESULT: {"script":"<script> [1562 bytes]","args":[{"selector":{"controlType":"sap.m.Title","properties":{"text":"Success"},"searchOpenDialogs":true},"wdio_ui5_key":"sapm.Title{\"text\":\"Success\"}"}]}
RESULT: undefined
COMMAND: POST /session/86cef292dcf99a21db7bb59b41f5200f/execute/async - {"script":"<script> [6424 bytes]","args":[{"element-6066-11e4-a52e-4f735466cecf":"f.D07DA9D7691935B74F99E9A1B60A37E7.d.7BA15C3317302C107AB81B92A7D85193.e.7030"},"getText",[]]}
RESULT: {"script":"<script> [6424 bytes]","args":[{"element-6066-11e4-a52e-4f735466cecf":"f.D07DA9D7691935B74F99E9A1B60A37E7.d.7BA15C3317302C107AB81B92A7D85193.e.7030"},"getText",[]]}
COMMAND: POST /session/86cef292dcf99a21db7bb59b41f5200f/element - {"using":"xpath","value":"//*[contains(@id, '__text') and (contains(text(), 'successfully created') or contains(., 'successfully created'))]"}
RESULT: {"using":"xpath","value":"//*[contains(@id, '__text') and (contains(text(), 'successfully created') or contains(., 'successfully created'))]"}
COMMAND: GET /session/86cef292dcf99a21db7bb59b41f5200f/element/f.D07DA9D7691935B74F99E9A1B60A37E7.d.7BA15C3317302C107AB81B92A7D85193.e.7029/text - {}
RESULT: {}
COMMAND: POST /session/86cef292dcf99a21db7bb59b41f5200f/execute/async - {"script":"<script> [1562 bytes]","args":[{"selector":{"controlType":"sap.m.Button","properties":{"text":"Close"},"searchOpenDialogs":true,"interaction":{"idSuffix":"BDI-content"}},"wdio_ui5_key":"sapm.Button{\"text\":\"Close\"}"}]}
RESULT: {"script":"<script> [1562 bytes]","args":[{"selector":{"controlType":"sap.m.Button","properties":{"text":"Close"},"searchOpenDialogs":true,"interaction":{"idSuffix":"BDI-content"}},"wdio_ui5_key":"sapm.Button{\"text\":\"Close\"}"}]}
RESULT: undefined
COMMAND: POST /session/86cef292dcf99a21db7bb59b41f5200f/element - {"using":"xpath","value":"//*[@id=\"__mbox-btn-0\"]"}
RESULT: {"using":"xpath","value":"//*[@id=\"__mbox-btn-0\"]"}
COMMAND: POST /session/86cef292dcf99a21db7bb59b41f5200f/element/f.D07DA9D7691935B74F99E9A1B60A37E7.d.7BA15C3317302C107AB81B92A7D85193.e.7026/click - {}
RESULT: {}
COMMAND: GET /session/86cef292dcf99a21db7bb59b41f5200f/screenshot - {}
RESULT: {}
COMMAND: POST /session/86cef292dcf99a21db7bb59b41f5200f/execute/async - {"script":"<script> [1562 bytes]","args":[{"selector":{"controlType":"sap.ui.core.Icon","viewName":"etm.portal.ui.manageresources.view.Detail","viewId":"application-manageresources-display-component---detailRU","properties":{"src":{"regex":{"source":"overflow"}}}},"wdio_ui5_key":"etmportal.ui.manageresources.view.Detailsap.ui.core.Icon{\"src\":{\"regex\":{\"source\":\"overflow\"}}}"}]}
RESULT: {"script":"<script> [1562 bytes]","args":[{"selector":{"controlType":"sap.ui.core.Icon","viewName":"etm.portal.ui.manageresources.view.Detail","viewId":"application-manageresources-display-component---detailRU","properties":{"src":{"regex":{"source":"overflow"}}}},"wdio_ui5_key":"etmportal.ui.manageresources.view.Detailsap.ui.core.Icon{\"src\":{\"regex\":{\"source\":\"overflow\"}}}"}]}
RESULT: undefined
COMMAND: POST /session/86cef292dcf99a21db7bb59b41f5200f/element - {"using":"xpath","value":"//*[@id=\"__title15-_actionsToolbar-overflowButton-img\"]"}
RESULT: {"using":"xpath","value":"//*[@id=\"__title15-_actionsToolbar-overflowButton-img\"]"}
COMMAND: POST /session/86cef292dcf99a21db7bb59b41f5200f/element/f.D07DA9D7691935B74F99E9A1B60A37E7.d.7BA15C3317302C107AB81B92A7D85193.e.7060/click - {}
RESULT: {}
COMMAND: POST /session/86cef292dcf99a21db7bb59b41f5200f/execute/async - {"script":"<script> [1562 bytes]","args":[{"selector":{"controlType":"sap.m.Button","viewName":"etm.portal.ui.manageresources.view.Detail","viewId":"application-manageresources-display-component---detailRU","i18NText":{"propertyName":"tooltip","key":"closeColumn"},"searchOpenDialogs":true,"interaction":{"idSuffix":"inner"}},"wdio_ui5_key":"etmportal.ui.manageresources.view.Detailsap.m.Button{\"propertyName\":\"tooltip\",\"key\":\"closeColumn\"}"}]}
COMMAND: GET /session/86cef292dcf99a21db7bb59b41f5200f/screenshot - {}
RESULT: {"script":"<script> [1562 bytes]","args":[{"selector":{"controlType":"sap.m.Button","viewName":"etm.portal.ui.manageresources.view.Detail","viewId":"application-manageresources-display-component---detailRU","i18NText":{"propertyName":"tooltip","key":"closeColumn"},"searchOpenDialogs":true,"interaction":{"idSuffix":"inner"}},"wdio_ui5_key":"etmportal.ui.manageresources.view.Detailsap.m.Button{\"propertyName\":\"tooltip\",\"key\":\"closeColumn\"}"}]}
RESULT: undefined
COMMAND: POST /session/86cef292dcf99a21db7bb59b41f5200f/element - {"using":"xpath","value":"//*[@id=\"__button41\"]"}
RESULT: {}
RESULT: {"using":"xpath","value":"//*[@id=\"__button41\"]"}
COMMAND: POST /session/86cef292dcf99a21db7bb59b41f5200f/element/f.D07DA9D7691935B74F99E9A1B60A37E7.d.7BA15C3317302C107AB81B92A7D85193.e.7064/click - {}
RESULT: {}
COMMAND: POST /session/86cef292dcf99a21db7bb59b41f5200f/element - {"using":"css selector","value":"#j_username"}
COMMAND: POST /session/86cef292dcf99a21db7bb59b41f5200f/url - {"url":"https://qa-testing-00-live-etm-ui.cfapps.eu10-004.hana.ondemand.com/"}
COMMAND: GET /session/86cef292dcf99a21db7bb59b41f5200f/screenshot - {}
RESULT: {"using":"css selector","value":"#j_username"}
COMMAND: POST /session/86cef292dcf99a21db7bb59b41f5200f/element - {"using":"css selector","value":"#j_username"}
RESULT: {"url":"https://qa-testing-00-live-etm-ui.cfapps.eu10-004.hana.ondemand.com/"}
RESULT: undefined
COMMAND: GET /session/86cef292dcf99a21db7bb59b41f5200f/screenshot - {}
RESULT: {}
RESULT: {"using":"css selector","value":"#j_username"}
COMMAND: POST /session/86cef292dcf99a21db7bb59b41f5200f/element - {"using":"css selector","value":"#shell-header-logo"}
RESULT: {}
RESULT: {"using":"css selector","value":"#shell-header-logo"}
COMMAND: POST /session/86cef292dcf99a21db7bb59b41f5200f/execute/sync - {"script":"<script> [8489 bytes]","args":[{"element-6066-11e4-a52e-4f735466cecf":"f.D07DA9D7691935B74F99E9A1B60A37E7.d.1AC1B6E458E709E412977C965D828ADF.e.7273","ELEMENT":"f.D07DA9D7691935B74F99E9A1B60A37E7.d.1AC1B6E458E709E412977C965D828ADF.e.7273"}]}
RESULT: {"script":"<script> [8489 bytes]","args":[{"element-6066-11e4-a52e-4f735466cecf":"f.D07DA9D7691935B74F99E9A1B60A37E7.d.1AC1B6E458E709E412977C965D828ADF.e.7273","ELEMENT":"f.D07DA9D7691935B74F99E9A1B60A37E7.d.1AC1B6E458E709E412977C965D828ADF.e.7273"}]}
COMMAND: POST /session/86cef292dcf99a21db7bb59b41f5200f/element - {"using":"css selector","value":"#shell-header-logo"}
COMMAND: GET /session/86cef292dcf99a21db7bb59b41f5200f/screenshot - {}
RESULT: {"using":"css selector","value":"#shell-header-logo"}
COMMAND: POST /session/86cef292dcf99a21db7bb59b41f5200f/execute/sync - {"script":"<script> [8489 bytes]","args":[{"element-6066-11e4-a52e-4f735466cecf":"f.D07DA9D7691935B74F99E9A1B60A37E7.d.1AC1B6E458E709E412977C965D828ADF.e.7273","ELEMENT":"f.D07DA9D7691935B74F99E9A1B60A37E7.d.1AC1B6E458E709E412977C965D828ADF.e.7273"}]}
RESULT: {}
RESULT: {"script":"<script> [8489 bytes]","args":[{"element-6066-11e4-a52e-4f735466cecf":"f.D07DA9D7691935B74F99E9A1B60A37E7.d.1AC1B6E458E709E412977C965D828ADF.e.7273","ELEMENT":"f.D07DA9D7691935B74F99E9A1B60A37E7.d.1AC1B6E458E709E412977C965D828ADF.e.7273"}]}
COMMAND: POST /session/86cef292dcf99a21db7bb59b41f5200f/execute/sync - {"script":"<script> [5351 bytes]","args":[{"element-6066-11e4-a52e-4f735466cecf":"f.D07DA9D7691935B74F99E9A1B60A37E7.d.1AC1B6E458E709E412977C965D828ADF.e.7273","ELEMENT":"f.D07DA9D7691935B74F99E9A1B60A37E7.d.1AC1B6E458E709E412977C965D828ADF.e.7273"}]}
COMMAND: GET /session/86cef292dcf99a21db7bb59b41f5200f/screenshot - {}
RESULT: {"script":"<script> [5351 bytes]","args":[{"element-6066-11e4-a52e-4f735466cecf":"f.D07DA9D7691935B74F99E9A1B60A37E7.d.1AC1B6E458E709E412977C965D828ADF.e.7273","ELEMENT":"f.D07DA9D7691935B74F99E9A1B60A37E7.d.1AC1B6E458E709E412977C965D828ADF.e.7273"}]}
COMMAND: POST /session/86cef292dcf99a21db7bb59b41f5200f/element - {"using":"css selector","value":"#shell-header-logo"}
COMMAND: GET /session/86cef292dcf99a21db7bb59b41f5200f/screenshot - {}
RESULT: {}
RESULT: {"using":"css selector","value":"#shell-header-logo"}
COMMAND: POST /session/86cef292dcf99a21db7bb59b41f5200f/element/f.D07DA9D7691935B74F99E9A1B60A37E7.d.1AC1B6E458E709E412977C965D828ADF.e.7273/click - {}
RESULT: {}
RESULT: {}
COMMAND: GET /session/86cef292dcf99a21db7bb59b41f5200f/screenshot - {}
RESULT: {}
COMMAND: POST /session/86cef292dcf99a21db7bb59b41f5200f/execute/async - {"script":"<script> [189 bytes]","args":[]}
RESULT: {"script":"<script> [189 bytes]","args":[]}
COMMAND: POST /session/86cef292dcf99a21db7bb59b41f5200f/execute/async - {"script":"<script> [123 bytes]","args":[]}
RESULT: {"script":"<script> [123 bytes]","args":[]}
COMMAND: POST /session/86cef292dcf99a21db7bb59b41f5200f/timeouts - {"script":"<number>"}
RESULT: {"script":"<number>"}
COMMAND: GET /session/86cef292dcf99a21db7bb59b41f5200f/timeouts - {}
RESULT: {}
RESULT: undefined
COMMAND: POST /session/86cef292dcf99a21db7bb59b41f5200f/execute/async - {"script":"<script> [2676 bytes]","args":[]}
RESULT: {"script":"<script> [2676 bytes]","args":[]}
COMMAND: POST /session/86cef292dcf99a21db7bb59b41f5200f/execute/async - {"script":"<script> [2342 bytes]","args":[{"protocol":"http","hostname":"0.0.0.0","path":"/","capabilities":{"browserName":"chrome","goog:chromeOptions":{"binary":"C:\\Program Files\\Google\\Chrome\\Application\\chrome.exe","args":["--start-maximized"]}},"logLevel":"warn","connectionRetryTimeout":120000,"connectionRetryCount":3,"logLevels":{},"enableDirectConnect":true,"strictSSL":true,"_":"65 more keys: [\"cacheDir\",\"port\",\"requestedCapabilities\",\"automationProtocol\",\"baseUrl\",\"waitforInterval\",\"waitforTimeout\",\"onReload\",\"beforeCommand\",\"afterCommand\",\"rootDir\",\"specs\",\"suites\",\"exclude\",\"groupLogsByTestSpec\",\"excludeDriverLogs\",\"bail\",\"framework\",\"reporters\",\"services\",\"maxInstances\",\"maxInstancesPerCapability\",\"injectGlobals\",\"filesToWatch\",\"execArgv\",\"runnerEnv\",\"runner\",\"shard\",\"specFileRetries\",\"specFileRetriesDelay\",\"specFileRetriesDeferred\",\"reporterSyncInterval\",\"reporterSyncTimeout\",\"cucumberFeaturesWithLineNumbers\",\"autoCompileOpts\",\"mochaOpts\",\"jasmineOpts\",\"cucumberOpts\",\"onPrepare\",\"onWorkerStart\",\"onWorkerEnd\",\"before\",\"beforeSession\",\"beforeSuite\",\"beforeHook\",\"beforeTest\",\"afterTest\",\"afterHook\",\"afterSuite\",\"afterSession\",\"after\",\"onComplete\",\"beforeAssertion\",\"afterAssertion\",\"beforeFeature\",\"beforeScenario\",\"beforeStep\",\"afterStep\",\"afterScenario\",\"afterFeature\",\"_\",\"suite\",\"$0\",\"ignoredWorkerServices\",\"wdi5\"]"}]}
RESULT: {"script":"<script> [2342 bytes]","args":[{"protocol":"http","hostname":"0.0.0.0","path":"/","capabilities":{"browserName":"chrome","goog:chromeOptions":{"binary":"C:\\Program Files\\Google\\Chrome\\Application\\chrome.exe","args":["--start-maximized"]}},"logLevel":"warn","connectionRetryTimeout":120000,"connectionRetryCount":3,"logLevels":{},"enableDirectConnect":true,"strictSSL":true,"_":"65 more keys: [\"cacheDir\",\"port\",\"requestedCapabilities\",\"automationProtocol\",\"baseUrl\",\"waitforInterval\",\"waitforTimeout\",\"onReload\",\"beforeCommand\",\"afterCommand\",\"rootDir\",\"specs\",\"suites\",\"exclude\",\"groupLogsByTestSpec\",\"excludeDriverLogs\",\"bail\",\"framework\",\"reporters\",\"services\",\"maxInstances\",\"maxInstancesPerCapability\",\"injectGlobals\",\"filesToWatch\",\"execArgv\",\"runnerEnv\",\"runner\",\"shard\",\"specFileRetries\",\"specFileRetriesDelay\",\"specFileRetriesDeferred\",\"reporterSyncInterval\",\"reporterSyncTimeout\",\"cucumberFeaturesWithLineNumbers\",\"autoCompileOpts\",\"mochaOpts\",\"jasmineOpts\",\"cucumberOpts\",\"onPrepare\",\"onWorkerStart\",\"onWorkerEnd\",\"before\",\"beforeSession\",\"beforeSuite\",\"beforeHook\",\"beforeTest\",\"afterTest\",\"afterHook\",\"afterSuite\",\"afterSession\",\"after\",\"onComplete\",\"beforeAssertion\",\"afterAssertion\",\"beforeFeature\",\"beforeScenario\",\"beforeStep\",\"afterStep\",\"afterScenario\",\"afterFeature\",\"_\",\"suite\",\"$0\",\"ignoredWorkerServices\",\"wdi5\"]"}]}
COMMAND: POST /session/86cef292dcf99a21db7bb59b41f5200f/execute/async - {"script":"<script> [21126 bytes]","args":[35000]}
RESULT: {"script":"<script> [21126 bytes]","args":[35000]}
COMMAND: POST /session/86cef292dcf99a21db7bb59b41f5200f/window/maximize - {}
RESULT: {}
COMMAND: POST /session/86cef292dcf99a21db7bb59b41f5200f/execute/async - {"script":"<script> [1562 bytes]","args":[{"selector":{"id":"shell-header","interaction":{"idSuffix":"icon"}},"wdio_ui5_key":"shellheader"}]}
COMMAND: GET /session/86cef292dcf99a21db7bb59b41f5200f/screenshot - {}
RESULT: {"script":"<script> [1562 bytes]","args":[{"selector":{"id":"shell-header","interaction":{"idSuffix":"icon"}},"wdio_ui5_key":"shellheader"}]}
RESULT: undefined
]]></system-out>
    </testcase>
  </testsuite>
  <testsuite timestamp="2025-04-28T15:38:35" time="278.15" tests="1" failures="0" errors="0" skipped="0">
    <properties>
      <property name="specId" value="0" />
      <property name="suiteName" value="create-equipment" />
      <property name="capabilities" value="chrome.135_0_7049_96.windows" />
      <property name="file" value="file:///D:/a/1/s/test/specs/R2C/create-equipment.spec.js" />
    </properties>
    <testcase classname="chrome.135_0_7049_96.windows.create-equipment" name="create equipment" time="259.346">
      <system-out><![CDATA[
COMMAND: POST /session/86cef292dcf99a21db7bb59b41f5200f/execute/async - {"script":"<script> [1562 bytes]","args":[{"selector":{"controlType":"sap.m.GenericTile","properties":{"header":"Manage Resources"}},"wdio_ui5_key":"sapm.GenericTile{\"header\":\"Manage Resources\"}"}]}
RESULT: {}
RESULT: {"script":"<script> [1562 bytes]","args":[{"selector":{"controlType":"sap.m.GenericTile","properties":{"header":"Manage Resources"}},"wdio_ui5_key":"sapm.GenericTile{\"header\":\"Manage Resources\"}"}]}
RESULT: undefined
COMMAND: POST /session/86cef292dcf99a21db7bb59b41f5200f/element - {"using":"xpath","value":"//*[@id=\"__tile31\"]"}
RESULT: {"using":"xpath","value":"//*[@id=\"__tile31\"]"}
COMMAND: POST /session/86cef292dcf99a21db7bb59b41f5200f/element/f.D07DA9D7691935B74F99E9A1B60A37E7.d.1AC1B6E458E709E412977C965D828ADF.e.7290/click - {}
RESULT: {}
COMMAND: GET /session/86cef292dcf99a21db7bb59b41f5200f/screenshot - {}
RESULT: {}
COMMAND: POST /session/86cef292dcf99a21db7bb59b41f5200f/element - {"using":"xpath","value":"//button[@data-kt=\"addNewRUOverflowToolbarButton\"]"}
RESULT: {"using":"xpath","value":"//button[@data-kt=\"addNewRUOverflowToolbarButton\"]"}
COMMAND: POST /session/86cef292dcf99a21db7bb59b41f5200f/element - {"using":"xpath","value":"//button[@data-kt=\"addNewRUOverflowToolbarButton\"]"}
RESULT: {"using":"xpath","value":"//button[@data-kt=\"addNewRUOverflowToolbarButton\"]"}
COMMAND: POST /session/86cef292dcf99a21db7bb59b41f5200f/element - {"using":"xpath","value":"//button[@data-kt=\"addNewRUOverflowToolbarButton\"]"}
RESULT: {"using":"xpath","value":"//button[@data-kt=\"addNewRUOverflowToolbarButton\"]"}
COMMAND: POST /session/86cef292dcf99a21db7bb59b41f5200f/element - {"using":"xpath","value":"//button[@data-kt=\"addNewRUOverflowToolbarButton\"]"}
RESULT: {"using":"xpath","value":"//button[@data-kt=\"addNewRUOverflowToolbarButton\"]"}
COMMAND: POST /session/86cef292dcf99a21db7bb59b41f5200f/element - {"using":"xpath","value":"//button[@data-kt=\"addNewRUOverflowToolbarButton\"]"}
RESULT: {"using":"xpath","value":"//button[@data-kt=\"addNewRUOverflowToolbarButton\"]"}
COMMAND: POST /session/86cef292dcf99a21db7bb59b41f5200f/element - {"using":"xpath","value":"//button[@data-kt=\"addNewRUOverflowToolbarButton\"]"}
RESULT: {"using":"xpath","value":"//button[@data-kt=\"addNewRUOverflowToolbarButton\"]"}
COMMAND: POST /session/86cef292dcf99a21db7bb59b41f5200f/element - {"using":"xpath","value":"//button[@data-kt=\"addNewRUOverflowToolbarButton\"]"}
RESULT: {"using":"xpath","value":"//button[@data-kt=\"addNewRUOverflowToolbarButton\"]"}
COMMAND: POST /session/86cef292dcf99a21db7bb59b41f5200f/element - {"using":"xpath","value":"//button[@data-kt=\"addNewRUOverflowToolbarButton\"]"}
COMMAND: POST /session/86cef292dcf99a21db7bb59b41f5200f/execute/async - {"script":"<script> [1562 bytes]","args":[{"selector":{"controlType":"sap.ui.core.Icon","viewName":"etm.portal.ui.manageresources.view.Master","viewId":"application-manageresources-display-component---masterRU","properties":{"src":{"regex":{"source":"add"}}}},"wdio_ui5_key":"etmportal.ui.manageresources.view.Mastersap.ui.core.Icon{\"src\":{\"regex\":{\"source\":\"add\"}}}"}]}
RESULT: {"using":"xpath","value":"//button[@data-kt=\"addNewRUOverflowToolbarButton\"]"}
COMMAND: POST /session/86cef292dcf99a21db7bb59b41f5200f/execute/sync - {"script":"<script> [8489 bytes]","args":[{"element-6066-11e4-a52e-4f735466cecf":"f.D07DA9D7691935B74F99E9A1B60A37E7.d.1AC1B6E458E709E412977C965D828ADF.e.7415","ELEMENT":"f.D07DA9D7691935B74F99E9A1B60A37E7.d.1AC1B6E458E709E412977C965D828ADF.e.7415"}]}
RESULT: {"script":"<script> [1562 bytes]","args":[{"selector":{"controlType":"sap.ui.core.Icon","viewName":"etm.portal.ui.manageresources.view.Master","viewId":"application-manageresources-display-component---masterRU","properties":{"src":{"regex":{"source":"add"}}}},"wdio_ui5_key":"etmportal.ui.manageresources.view.Mastersap.ui.core.Icon{\"src\":{\"regex\":{\"source\":\"add\"}}}"}]}
RESULT: undefined
COMMAND: POST /session/86cef292dcf99a21db7bb59b41f5200f/element - {"using":"xpath","value":"//*[@id=\"__button5-img\"]"}
RESULT: {"script":"<script> [8489 bytes]","args":[{"element-6066-11e4-a52e-4f735466cecf":"f.D07DA9D7691935B74F99E9A1B60A37E7.d.1AC1B6E458E709E412977C965D828ADF.e.7415","ELEMENT":"f.D07DA9D7691935B74F99E9A1B60A37E7.d.1AC1B6E458E709E412977C965D828ADF.e.7415"}]}
COMMAND: GET /session/86cef292dcf99a21db7bb59b41f5200f/screenshot - {}
RESULT: {"using":"xpath","value":"//*[@id=\"__button5-img\"]"}
COMMAND: POST /session/86cef292dcf99a21db7bb59b41f5200f/element/f.D07DA9D7691935B74F99E9A1B60A37E7.d.1AC1B6E458E709E412977C965D828ADF.e.7428/click - {}
RESULT: {}
RESULT: {}
COMMAND: GET /session/86cef292dcf99a21db7bb59b41f5200f/screenshot - {}
RESULT: {}
COMMAND: POST /session/86cef292dcf99a21db7bb59b41f5200f/execute/async - {"script":"<script> [1562 bytes]","args":[{"selector":{"controlType":"sap.m.ComboBox","viewName":"reusables.view.manageresources.NewResourceUnit","viewId":"application-manageresources-display-component---newResourceUnit","bindingPath":{"path":"","propertyPath":"/RuTypes","modelName":"catalogModel"},"searchOpenDialogs":true},"wdio_ui5_key":"reusablesview.manageresources.NewResourceUnitsap.m.ComboBox{\"path\":\"\",\"propertyPath\":\"/RuTypes\",\"modelName\":\"catalogModel\"}"}]}
RESULT: {"script":"<script> [1562 bytes]","args":[{"selector":{"controlType":"sap.m.ComboBox","viewName":"reusables.view.manageresources.NewResourceUnit","viewId":"application-manageresources-display-component---newResourceUnit","bindingPath":{"path":"","propertyPath":"/RuTypes","modelName":"catalogModel"},"searchOpenDialogs":true},"wdio_ui5_key":"reusablesview.manageresources.NewResourceUnitsap.m.ComboBox{\"path\":\"\",\"propertyPath\":\"/RuTypes\",\"modelName\":\"catalogModel\"}"}]}
RESULT: undefined
COMMAND: POST /session/86cef292dcf99a21db7bb59b41f5200f/execute/async - {"script":"<script> [1562 bytes]","args":[{"selector":{"controlType":"sap.m.ComboBox","viewName":"reusables.view.manageresources.NewResourceUnit","viewId":"application-manageresources-display-component---newResourceUnit","bindingPath":{"path":"","propertyPath":"/Yards","modelName":"catalogModel"},"searchOpenDialogs":true},"wdio_ui5_key":"reusablesview.manageresources.NewResourceUnitsap.m.ComboBox{\"path\":\"\",\"propertyPath\":\"/Yards\",\"modelName\":\"catalogModel\"}"}]}
RESULT: {"script":"<script> [1562 bytes]","args":[{"selector":{"controlType":"sap.m.ComboBox","viewName":"reusables.view.manageresources.NewResourceUnit","viewId":"application-manageresources-display-component---newResourceUnit","bindingPath":{"path":"","propertyPath":"/Yards","modelName":"catalogModel"},"searchOpenDialogs":true},"wdio_ui5_key":"reusablesview.manageresources.NewResourceUnitsap.m.ComboBox{\"path\":\"\",\"propertyPath\":\"/Yards\",\"modelName\":\"catalogModel\"}"}]}
RESULT: undefined
COMMAND: POST /session/86cef292dcf99a21db7bb59b41f5200f/execute/async - {"script":"<script> [1562 bytes]","args":[{"selector":{"controlType":"etm.portal.ui.reusables.customControls.LiveSearchComboBox","viewName":"reusables.view.manageresources.NewResourceUnit","viewId":"application-manageresources-display-component---newResourceUnit","bindingPath":{"path":"","propertyPath":"/CatalogItems","modelName":"catalogModel"},"searchOpenDialogs":true},"wdio_ui5_key":"reusablesview.manageresources.NewResourceUnitetm.portal.ui.reusables.customControls.LiveSearchComboBox{\"path\":\"\",\"propertyPath\":\"/CatalogItems\",\"modelName\":\"catalogModel\"}"}]}
RESULT: {"script":"<script> [1562 bytes]","args":[{"selector":{"controlType":"etm.portal.ui.reusables.customControls.LiveSearchComboBox","viewName":"reusables.view.manageresources.NewResourceUnit","viewId":"application-manageresources-display-component---newResourceUnit","bindingPath":{"path":"","propertyPath":"/CatalogItems","modelName":"catalogModel"},"searchOpenDialogs":true},"wdio_ui5_key":"reusablesview.manageresources.NewResourceUnitetm.portal.ui.reusables.customControls.LiveSearchComboBox{\"path\":\"\",\"propertyPath\":\"/CatalogItems\",\"modelName\":\"catalogModel\"}"}]}
RESULT: undefined
COMMAND: POST /session/86cef292dcf99a21db7bb59b41f5200f/element - {"using":"xpath","value":"//bdi[text()=\"OK\"]"}
RESULT: {"using":"xpath","value":"//bdi[text()=\"OK\"]"}
COMMAND: POST /session/86cef292dcf99a21db7bb59b41f5200f/elements - {"using":"xpath","value":"//bdi[text()=\"OK\"]"}
RESULT: {"using":"xpath","value":"//bdi[text()=\"OK\"]"}
COMMAND: POST /session/86cef292dcf99a21db7bb59b41f5200f/elements - {"using":"xpath","value":"//bdi[text()=\"OK\"]"}
RESULT: {"using":"xpath","value":"//bdi[text()=\"OK\"]"}
COMMAND: POST /session/86cef292dcf99a21db7bb59b41f5200f/elements - {"using":"xpath","value":"//bdi[text()=\"OK\"]"}
RESULT: {"using":"xpath","value":"//bdi[text()=\"OK\"]"}
COMMAND: POST /session/86cef292dcf99a21db7bb59b41f5200f/elements - {"using":"xpath","value":"//bdi[text()=\"OK\"]"}
RESULT: {"using":"xpath","value":"//bdi[text()=\"OK\"]"}
COMMAND: POST /session/86cef292dcf99a21db7bb59b41f5200f/elements - {"using":"xpath","value":"//bdi[text()=\"OK\"]"}
RESULT: {"using":"xpath","value":"//bdi[text()=\"OK\"]"}
COMMAND: POST /session/86cef292dcf99a21db7bb59b41f5200f/elements - {"using":"xpath","value":"//bdi[text()=\"OK\"]"}
RESULT: {"using":"xpath","value":"//bdi[text()=\"OK\"]"}
COMMAND: POST /session/86cef292dcf99a21db7bb59b41f5200f/elements - {"using":"xpath","value":"//bdi[text()=\"OK\"]"}
RESULT: {"using":"xpath","value":"//bdi[text()=\"OK\"]"}
COMMAND: POST /session/86cef292dcf99a21db7bb59b41f5200f/elements - {"using":"xpath","value":"//bdi[text()=\"OK\"]"}
RESULT: {"using":"xpath","value":"//bdi[text()=\"OK\"]"}
COMMAND: POST /session/86cef292dcf99a21db7bb59b41f5200f/elements - {"using":"xpath","value":"//bdi[text()=\"OK\"]"}
RESULT: {"using":"xpath","value":"//bdi[text()=\"OK\"]"}
COMMAND: POST /session/86cef292dcf99a21db7bb59b41f5200f/elements - {"using":"xpath","value":"//bdi[text()=\"OK\"]"}
RESULT: {"using":"xpath","value":"//bdi[text()=\"OK\"]"}
COMMAND: POST /session/86cef292dcf99a21db7bb59b41f5200f/elements - {"using":"xpath","value":"//bdi[text()=\"OK\"]"}
RESULT: {"using":"xpath","value":"//bdi[text()=\"OK\"]"}
COMMAND: POST /session/86cef292dcf99a21db7bb59b41f5200f/elements - {"using":"xpath","value":"//bdi[text()=\"OK\"]"}
RESULT: {"using":"xpath","value":"//bdi[text()=\"OK\"]"}
COMMAND: POST /session/86cef292dcf99a21db7bb59b41f5200f/elements - {"using":"xpath","value":"//bdi[text()=\"OK\"]"}
RESULT: {"using":"xpath","value":"//bdi[text()=\"OK\"]"}
COMMAND: POST /session/86cef292dcf99a21db7bb59b41f5200f/elements - {"using":"xpath","value":"//bdi[text()=\"OK\"]"}
RESULT: {"using":"xpath","value":"//bdi[text()=\"OK\"]"}
COMMAND: POST /session/86cef292dcf99a21db7bb59b41f5200f/elements - {"using":"xpath","value":"//bdi[text()=\"OK\"]"}
RESULT: {"using":"xpath","value":"//bdi[text()=\"OK\"]"}
COMMAND: POST /session/86cef292dcf99a21db7bb59b41f5200f/elements - {"using":"xpath","value":"//bdi[text()=\"OK\"]"}
RESULT: {"using":"xpath","value":"//bdi[text()=\"OK\"]"}
COMMAND: POST /session/86cef292dcf99a21db7bb59b41f5200f/elements - {"using":"xpath","value":"//bdi[text()=\"OK\"]"}
RESULT: {"using":"xpath","value":"//bdi[text()=\"OK\"]"}
COMMAND: POST /session/86cef292dcf99a21db7bb59b41f5200f/elements - {"using":"xpath","value":"//bdi[text()=\"OK\"]"}
RESULT: {"using":"xpath","value":"//bdi[text()=\"OK\"]"}
COMMAND: POST /session/86cef292dcf99a21db7bb59b41f5200f/elements - {"using":"xpath","value":"//bdi[text()=\"OK\"]"}
RESULT: {"using":"xpath","value":"//bdi[text()=\"OK\"]"}
COMMAND: POST /session/86cef292dcf99a21db7bb59b41f5200f/elements - {"using":"xpath","value":"//bdi[text()=\"OK\"]"}
RESULT: {"using":"xpath","value":"//bdi[text()=\"OK\"]"}
COMMAND: POST /session/86cef292dcf99a21db7bb59b41f5200f/elements - {"using":"xpath","value":"//bdi[text()=\"OK\"]"}
RESULT: {"using":"xpath","value":"//bdi[text()=\"OK\"]"}
COMMAND: POST /session/86cef292dcf99a21db7bb59b41f5200f/elements - {"using":"xpath","value":"//bdi[text()=\"OK\"]"}
RESULT: {"using":"xpath","value":"//bdi[text()=\"OK\"]"}
COMMAND: POST /session/86cef292dcf99a21db7bb59b41f5200f/elements - {"using":"xpath","value":"//bdi[text()=\"OK\"]"}
RESULT: {"using":"xpath","value":"//bdi[text()=\"OK\"]"}
COMMAND: POST /session/86cef292dcf99a21db7bb59b41f5200f/elements - {"using":"xpath","value":"//bdi[text()=\"OK\"]"}
RESULT: {"using":"xpath","value":"//bdi[text()=\"OK\"]"}
COMMAND: POST /session/86cef292dcf99a21db7bb59b41f5200f/elements - {"using":"xpath","value":"//bdi[text()=\"OK\"]"}
RESULT: {"using":"xpath","value":"//bdi[text()=\"OK\"]"}
COMMAND: POST /session/86cef292dcf99a21db7bb59b41f5200f/elements - {"using":"xpath","value":"//bdi[text()=\"OK\"]"}
RESULT: {"using":"xpath","value":"//bdi[text()=\"OK\"]"}
COMMAND: POST /session/86cef292dcf99a21db7bb59b41f5200f/elements - {"using":"xpath","value":"//bdi[text()=\"OK\"]"}
RESULT: {"using":"xpath","value":"//bdi[text()=\"OK\"]"}
COMMAND: POST /session/86cef292dcf99a21db7bb59b41f5200f/elements - {"using":"xpath","value":"//bdi[text()=\"OK\"]"}
RESULT: {"using":"xpath","value":"//bdi[text()=\"OK\"]"}
COMMAND: POST /session/86cef292dcf99a21db7bb59b41f5200f/elements - {"using":"xpath","value":"//bdi[text()=\"OK\"]"}
RESULT: {"using":"xpath","value":"//bdi[text()=\"OK\"]"}
COMMAND: POST /session/86cef292dcf99a21db7bb59b41f5200f/elements - {"using":"xpath","value":"//bdi[text()=\"OK\"]"}
RESULT: {"using":"xpath","value":"//bdi[text()=\"OK\"]"}
COMMAND: POST /session/86cef292dcf99a21db7bb59b41f5200f/elements - {"using":"xpath","value":"//bdi[text()=\"OK\"]"}
RESULT: {"using":"xpath","value":"//bdi[text()=\"OK\"]"}
COMMAND: POST /session/86cef292dcf99a21db7bb59b41f5200f/elements - {"using":"xpath","value":"//bdi[text()=\"OK\"]"}
RESULT: {"using":"xpath","value":"//bdi[text()=\"OK\"]"}
COMMAND: POST /session/86cef292dcf99a21db7bb59b41f5200f/elements - {"using":"xpath","value":"//bdi[text()=\"OK\"]"}
RESULT: {"using":"xpath","value":"//bdi[text()=\"OK\"]"}
COMMAND: POST /session/86cef292dcf99a21db7bb59b41f5200f/elements - {"using":"xpath","value":"//bdi[text()=\"OK\"]"}
RESULT: {"using":"xpath","value":"//bdi[text()=\"OK\"]"}
COMMAND: POST /session/86cef292dcf99a21db7bb59b41f5200f/elements - {"using":"xpath","value":"//bdi[text()=\"OK\"]"}
RESULT: {"using":"xpath","value":"//bdi[text()=\"OK\"]"}
COMMAND: POST /session/86cef292dcf99a21db7bb59b41f5200f/elements - {"using":"xpath","value":"//bdi[text()=\"OK\"]"}
RESULT: {"using":"xpath","value":"//bdi[text()=\"OK\"]"}
COMMAND: POST /session/86cef292dcf99a21db7bb59b41f5200f/elements - {"using":"xpath","value":"//bdi[text()=\"OK\"]"}
RESULT: {"using":"xpath","value":"//bdi[text()=\"OK\"]"}
COMMAND: POST /session/86cef292dcf99a21db7bb59b41f5200f/elements - {"using":"xpath","value":"//bdi[text()=\"OK\"]"}
RESULT: {"using":"xpath","value":"//bdi[text()=\"OK\"]"}
COMMAND: POST /session/86cef292dcf99a21db7bb59b41f5200f/elements - {"using":"xpath","value":"//bdi[text()=\"OK\"]"}
RESULT: {"using":"xpath","value":"//bdi[text()=\"OK\"]"}
COMMAND: POST /session/86cef292dcf99a21db7bb59b41f5200f/elements - {"using":"xpath","value":"//bdi[text()=\"OK\"]"}
RESULT: {"using":"xpath","value":"//bdi[text()=\"OK\"]"}
COMMAND: POST /session/86cef292dcf99a21db7bb59b41f5200f/elements - {"using":"xpath","value":"//bdi[text()=\"OK\"]"}
RESULT: {"using":"xpath","value":"//bdi[text()=\"OK\"]"}
COMMAND: POST /session/86cef292dcf99a21db7bb59b41f5200f/elements - {"using":"xpath","value":"//bdi[text()=\"OK\"]"}
RESULT: {"using":"xpath","value":"//bdi[text()=\"OK\"]"}
COMMAND: POST /session/86cef292dcf99a21db7bb59b41f5200f/elements - {"using":"xpath","value":"//bdi[text()=\"OK\"]"}
RESULT: {"using":"xpath","value":"//bdi[text()=\"OK\"]"}
COMMAND: POST /session/86cef292dcf99a21db7bb59b41f5200f/elements - {"using":"xpath","value":"//bdi[text()=\"OK\"]"}
RESULT: {"using":"xpath","value":"//bdi[text()=\"OK\"]"}
COMMAND: POST /session/86cef292dcf99a21db7bb59b41f5200f/elements - {"using":"xpath","value":"//bdi[text()=\"OK\"]"}
RESULT: {"using":"xpath","value":"//bdi[text()=\"OK\"]"}
COMMAND: POST /session/86cef292dcf99a21db7bb59b41f5200f/elements - {"using":"xpath","value":"//bdi[text()=\"OK\"]"}
RESULT: {"using":"xpath","value":"//bdi[text()=\"OK\"]"}
COMMAND: POST /session/86cef292dcf99a21db7bb59b41f5200f/elements - {"using":"xpath","value":"//bdi[text()=\"OK\"]"}
RESULT: {"using":"xpath","value":"//bdi[text()=\"OK\"]"}
COMMAND: POST /session/86cef292dcf99a21db7bb59b41f5200f/elements - {"using":"xpath","value":"//bdi[text()=\"OK\"]"}
RESULT: {"using":"xpath","value":"//bdi[text()=\"OK\"]"}
COMMAND: POST /session/86cef292dcf99a21db7bb59b41f5200f/elements - {"using":"xpath","value":"//bdi[text()=\"OK\"]"}
RESULT: {"using":"xpath","value":"//bdi[text()=\"OK\"]"}
COMMAND: POST /session/86cef292dcf99a21db7bb59b41f5200f/elements - {"using":"xpath","value":"//bdi[text()=\"OK\"]"}
RESULT: {"using":"xpath","value":"//bdi[text()=\"OK\"]"}
COMMAND: POST /session/86cef292dcf99a21db7bb59b41f5200f/elements - {"using":"xpath","value":"//bdi[text()=\"OK\"]"}
RESULT: {"using":"xpath","value":"//bdi[text()=\"OK\"]"}
COMMAND: POST /session/86cef292dcf99a21db7bb59b41f5200f/elements - {"using":"xpath","value":"//bdi[text()=\"OK\"]"}
RESULT: {"using":"xpath","value":"//bdi[text()=\"OK\"]"}
COMMAND: POST /session/86cef292dcf99a21db7bb59b41f5200f/elements - {"using":"xpath","value":"//bdi[text()=\"OK\"]"}
RESULT: {"using":"xpath","value":"//bdi[text()=\"OK\"]"}
COMMAND: POST /session/86cef292dcf99a21db7bb59b41f5200f/elements - {"using":"xpath","value":"//bdi[text()=\"OK\"]"}
RESULT: {"using":"xpath","value":"//bdi[text()=\"OK\"]"}
COMMAND: POST /session/86cef292dcf99a21db7bb59b41f5200f/elements - {"using":"xpath","value":"//bdi[text()=\"OK\"]"}
RESULT: {"using":"xpath","value":"//bdi[text()=\"OK\"]"}
COMMAND: POST /session/86cef292dcf99a21db7bb59b41f5200f/elements - {"using":"xpath","value":"//bdi[text()=\"OK\"]"}
RESULT: {"using":"xpath","value":"//bdi[text()=\"OK\"]"}
COMMAND: POST /session/86cef292dcf99a21db7bb59b41f5200f/elements - {"using":"xpath","value":"//bdi[text()=\"OK\"]"}
RESULT: {"using":"xpath","value":"//bdi[text()=\"OK\"]"}
COMMAND: POST /session/86cef292dcf99a21db7bb59b41f5200f/elements - {"using":"xpath","value":"//bdi[text()=\"OK\"]"}
RESULT: {"using":"xpath","value":"//bdi[text()=\"OK\"]"}
COMMAND: POST /session/86cef292dcf99a21db7bb59b41f5200f/elements - {"using":"xpath","value":"//bdi[text()=\"OK\"]"}
RESULT: {"using":"xpath","value":"//bdi[text()=\"OK\"]"}
COMMAND: POST /session/86cef292dcf99a21db7bb59b41f5200f/elements - {"using":"xpath","value":"//bdi[text()=\"OK\"]"}
RESULT: {"using":"xpath","value":"//bdi[text()=\"OK\"]"}
COMMAND: POST /session/86cef292dcf99a21db7bb59b41f5200f/elements - {"using":"xpath","value":"//bdi[text()=\"OK\"]"}
RESULT: {"using":"xpath","value":"//bdi[text()=\"OK\"]"}
COMMAND: POST /session/86cef292dcf99a21db7bb59b41f5200f/elements - {"using":"xpath","value":"//bdi[text()=\"OK\"]"}
RESULT: {"using":"xpath","value":"//bdi[text()=\"OK\"]"}
COMMAND: POST /session/86cef292dcf99a21db7bb59b41f5200f/elements - {"using":"xpath","value":"//bdi[text()=\"OK\"]"}
RESULT: {"using":"xpath","value":"//bdi[text()=\"OK\"]"}
COMMAND: POST /session/86cef292dcf99a21db7bb59b41f5200f/elements - {"using":"xpath","value":"//bdi[text()=\"OK\"]"}
RESULT: {"using":"xpath","value":"//bdi[text()=\"OK\"]"}
COMMAND: POST /session/86cef292dcf99a21db7bb59b41f5200f/elements - {"using":"xpath","value":"//bdi[text()=\"OK\"]"}
RESULT: {"using":"xpath","value":"//bdi[text()=\"OK\"]"}
COMMAND: POST /session/86cef292dcf99a21db7bb59b41f5200f/elements - {"using":"xpath","value":"//bdi[text()=\"OK\"]"}
RESULT: {"using":"xpath","value":"//bdi[text()=\"OK\"]"}
COMMAND: POST /session/86cef292dcf99a21db7bb59b41f5200f/elements - {"using":"xpath","value":"//bdi[text()=\"OK\"]"}
RESULT: {"using":"xpath","value":"//bdi[text()=\"OK\"]"}
COMMAND: POST /session/86cef292dcf99a21db7bb59b41f5200f/elements - {"using":"xpath","value":"//bdi[text()=\"OK\"]"}
RESULT: {"using":"xpath","value":"//bdi[text()=\"OK\"]"}
COMMAND: POST /session/86cef292dcf99a21db7bb59b41f5200f/elements - {"using":"xpath","value":"//bdi[text()=\"OK\"]"}
RESULT: {"using":"xpath","value":"//bdi[text()=\"OK\"]"}
COMMAND: POST /session/86cef292dcf99a21db7bb59b41f5200f/elements - {"using":"xpath","value":"//bdi[text()=\"OK\"]"}
RESULT: {"using":"xpath","value":"//bdi[text()=\"OK\"]"}
COMMAND: POST /session/86cef292dcf99a21db7bb59b41f5200f/elements - {"using":"xpath","value":"//bdi[text()=\"OK\"]"}
RESULT: {"using":"xpath","value":"//bdi[text()=\"OK\"]"}
COMMAND: POST /session/86cef292dcf99a21db7bb59b41f5200f/elements - {"using":"xpath","value":"//bdi[text()=\"OK\"]"}
RESULT: {"using":"xpath","value":"//bdi[text()=\"OK\"]"}
COMMAND: POST /session/86cef292dcf99a21db7bb59b41f5200f/elements - {"using":"xpath","value":"//bdi[text()=\"OK\"]"}
RESULT: {"using":"xpath","value":"//bdi[text()=\"OK\"]"}
COMMAND: POST /session/86cef292dcf99a21db7bb59b41f5200f/elements - {"using":"xpath","value":"//bdi[text()=\"OK\"]"}
RESULT: {"using":"xpath","value":"//bdi[text()=\"OK\"]"}
COMMAND: POST /session/86cef292dcf99a21db7bb59b41f5200f/elements - {"using":"xpath","value":"//bdi[text()=\"OK\"]"}
RESULT: {"using":"xpath","value":"//bdi[text()=\"OK\"]"}
COMMAND: POST /session/86cef292dcf99a21db7bb59b41f5200f/elements - {"using":"xpath","value":"//bdi[text()=\"OK\"]"}
RESULT: {"using":"xpath","value":"//bdi[text()=\"OK\"]"}
COMMAND: POST /session/86cef292dcf99a21db7bb59b41f5200f/elements - {"using":"xpath","value":"//bdi[text()=\"OK\"]"}
RESULT: {"using":"xpath","value":"//bdi[text()=\"OK\"]"}
COMMAND: POST /session/86cef292dcf99a21db7bb59b41f5200f/elements - {"using":"xpath","value":"//bdi[text()=\"OK\"]"}
RESULT: {"using":"xpath","value":"//bdi[text()=\"OK\"]"}
COMMAND: POST /session/86cef292dcf99a21db7bb59b41f5200f/elements - {"using":"xpath","value":"//bdi[text()=\"OK\"]"}
RESULT: {"using":"xpath","value":"//bdi[text()=\"OK\"]"}
COMMAND: POST /session/86cef292dcf99a21db7bb59b41f5200f/elements - {"using":"xpath","value":"//bdi[text()=\"OK\"]"}
RESULT: {"using":"xpath","value":"//bdi[text()=\"OK\"]"}
COMMAND: POST /session/86cef292dcf99a21db7bb59b41f5200f/elements - {"using":"xpath","value":"//bdi[text()=\"OK\"]"}
RESULT: {"using":"xpath","value":"//bdi[text()=\"OK\"]"}
COMMAND: POST /session/86cef292dcf99a21db7bb59b41f5200f/elements - {"using":"xpath","value":"//bdi[text()=\"OK\"]"}
RESULT: {"using":"xpath","value":"//bdi[text()=\"OK\"]"}
COMMAND: POST /session/86cef292dcf99a21db7bb59b41f5200f/elements - {"using":"xpath","value":"//bdi[text()=\"OK\"]"}
RESULT: {"using":"xpath","value":"//bdi[text()=\"OK\"]"}
COMMAND: POST /session/86cef292dcf99a21db7bb59b41f5200f/elements - {"using":"xpath","value":"//bdi[text()=\"OK\"]"}
RESULT: {"using":"xpath","value":"//bdi[text()=\"OK\"]"}
COMMAND: POST /session/86cef292dcf99a21db7bb59b41f5200f/elements - {"using":"xpath","value":"//bdi[text()=\"OK\"]"}
RESULT: {"using":"xpath","value":"//bdi[text()=\"OK\"]"}
COMMAND: POST /session/86cef292dcf99a21db7bb59b41f5200f/elements - {"using":"xpath","value":"//bdi[text()=\"OK\"]"}
RESULT: {"using":"xpath","value":"//bdi[text()=\"OK\"]"}
COMMAND: POST /session/86cef292dcf99a21db7bb59b41f5200f/elements - {"using":"xpath","value":"//bdi[text()=\"OK\"]"}
RESULT: {"using":"xpath","value":"//bdi[text()=\"OK\"]"}
COMMAND: POST /session/86cef292dcf99a21db7bb59b41f5200f/elements - {"using":"xpath","value":"//bdi[text()=\"OK\"]"}
RESULT: {"using":"xpath","value":"//bdi[text()=\"OK\"]"}
COMMAND: POST /session/86cef292dcf99a21db7bb59b41f5200f/elements - {"using":"xpath","value":"//bdi[text()=\"OK\"]"}
RESULT: {"using":"xpath","value":"//bdi[text()=\"OK\"]"}
COMMAND: POST /session/86cef292dcf99a21db7bb59b41f5200f/elements - {"using":"xpath","value":"//bdi[text()=\"OK\"]"}
RESULT: {"using":"xpath","value":"//bdi[text()=\"OK\"]"}
COMMAND: POST /session/86cef292dcf99a21db7bb59b41f5200f/elements - {"using":"xpath","value":"//bdi[text()=\"OK\"]"}
RESULT: {"using":"xpath","value":"//bdi[text()=\"OK\"]"}
COMMAND: POST /session/86cef292dcf99a21db7bb59b41f5200f/elements - {"using":"xpath","value":"//bdi[text()=\"OK\"]"}
RESULT: {"using":"xpath","value":"//bdi[text()=\"OK\"]"}
COMMAND: POST /session/86cef292dcf99a21db7bb59b41f5200f/elements - {"using":"xpath","value":"//bdi[text()=\"OK\"]"}
RESULT: {"using":"xpath","value":"//bdi[text()=\"OK\"]"}
COMMAND: POST /session/86cef292dcf99a21db7bb59b41f5200f/elements - {"using":"xpath","value":"//bdi[text()=\"OK\"]"}
RESULT: {"using":"xpath","value":"//bdi[text()=\"OK\"]"}
COMMAND: POST /session/86cef292dcf99a21db7bb59b41f5200f/elements - {"using":"xpath","value":"//bdi[text()=\"OK\"]"}
RESULT: {"using":"xpath","value":"//bdi[text()=\"OK\"]"}
COMMAND: POST /session/86cef292dcf99a21db7bb59b41f5200f/elements - {"using":"xpath","value":"//bdi[text()=\"OK\"]"}
RESULT: {"using":"xpath","value":"//bdi[text()=\"OK\"]"}
COMMAND: POST /session/86cef292dcf99a21db7bb59b41f5200f/elements - {"using":"xpath","value":"//bdi[text()=\"OK\"]"}
RESULT: {"using":"xpath","value":"//bdi[text()=\"OK\"]"}
COMMAND: POST /session/86cef292dcf99a21db7bb59b41f5200f/elements - {"using":"xpath","value":"//bdi[text()=\"OK\"]"}
RESULT: {"using":"xpath","value":"//bdi[text()=\"OK\"]"}
COMMAND: POST /session/86cef292dcf99a21db7bb59b41f5200f/elements - {"using":"xpath","value":"//bdi[text()=\"OK\"]"}
RESULT: {"using":"xpath","value":"//bdi[text()=\"OK\"]"}
COMMAND: POST /session/86cef292dcf99a21db7bb59b41f5200f/elements - {"using":"xpath","value":"//bdi[text()=\"OK\"]"}
RESULT: {"using":"xpath","value":"//bdi[text()=\"OK\"]"}
COMMAND: POST /session/86cef292dcf99a21db7bb59b41f5200f/elements - {"using":"xpath","value":"//bdi[text()=\"OK\"]"}
RESULT: {"using":"xpath","value":"//bdi[text()=\"OK\"]"}
COMMAND: POST /session/86cef292dcf99a21db7bb59b41f5200f/elements - {"using":"xpath","value":"//bdi[text()=\"OK\"]"}
RESULT: {"using":"xpath","value":"//bdi[text()=\"OK\"]"}
COMMAND: POST /session/86cef292dcf99a21db7bb59b41f5200f/elements - {"using":"xpath","value":"//bdi[text()=\"OK\"]"}
RESULT: {"using":"xpath","value":"//bdi[text()=\"OK\"]"}
COMMAND: POST /session/86cef292dcf99a21db7bb59b41f5200f/elements - {"using":"xpath","value":"//bdi[text()=\"OK\"]"}
RESULT: {"using":"xpath","value":"//bdi[text()=\"OK\"]"}
COMMAND: POST /session/86cef292dcf99a21db7bb59b41f5200f/elements - {"using":"xpath","value":"//bdi[text()=\"OK\"]"}
RESULT: {"using":"xpath","value":"//bdi[text()=\"OK\"]"}
COMMAND: POST /session/86cef292dcf99a21db7bb59b41f5200f/elements - {"using":"xpath","value":"//bdi[text()=\"OK\"]"}
RESULT: {"using":"xpath","value":"//bdi[text()=\"OK\"]"}
COMMAND: POST /session/86cef292dcf99a21db7bb59b41f5200f/elements - {"using":"xpath","value":"//bdi[text()=\"OK\"]"}
RESULT: {"using":"xpath","value":"//bdi[text()=\"OK\"]"}
COMMAND: POST /session/86cef292dcf99a21db7bb59b41f5200f/elements - {"using":"xpath","value":"//bdi[text()=\"OK\"]"}
RESULT: {"using":"xpath","value":"//bdi[text()=\"OK\"]"}
COMMAND: POST /session/86cef292dcf99a21db7bb59b41f5200f/elements - {"using":"xpath","value":"//bdi[text()=\"OK\"]"}
RESULT: {"using":"xpath","value":"//bdi[text()=\"OK\"]"}
COMMAND: POST /session/86cef292dcf99a21db7bb59b41f5200f/elements - {"using":"xpath","value":"//bdi[text()=\"OK\"]"}
RESULT: {"using":"xpath","value":"//bdi[text()=\"OK\"]"}
COMMAND: POST /session/86cef292dcf99a21db7bb59b41f5200f/elements - {"using":"xpath","value":"//bdi[text()=\"OK\"]"}
RESULT: {"using":"xpath","value":"//bdi[text()=\"OK\"]"}
COMMAND: POST /session/86cef292dcf99a21db7bb59b41f5200f/elements - {"using":"xpath","value":"//bdi[text()=\"OK\"]"}
RESULT: {"using":"xpath","value":"//bdi[text()=\"OK\"]"}
COMMAND: POST /session/86cef292dcf99a21db7bb59b41f5200f/elements - {"using":"xpath","value":"//bdi[text()=\"OK\"]"}
RESULT: {"using":"xpath","value":"//bdi[text()=\"OK\"]"}
COMMAND: POST /session/86cef292dcf99a21db7bb59b41f5200f/elements - {"using":"xpath","value":"//bdi[text()=\"OK\"]"}
RESULT: {"using":"xpath","value":"//bdi[text()=\"OK\"]"}
COMMAND: POST /session/86cef292dcf99a21db7bb59b41f5200f/elements - {"using":"xpath","value":"//bdi[text()=\"OK\"]"}
RESULT: {"using":"xpath","value":"//bdi[text()=\"OK\"]"}
COMMAND: POST /session/86cef292dcf99a21db7bb59b41f5200f/elements - {"using":"xpath","value":"//bdi[text()=\"OK\"]"}
RESULT: {"using":"xpath","value":"//bdi[text()=\"OK\"]"}
COMMAND: POST /session/86cef292dcf99a21db7bb59b41f5200f/elements - {"using":"xpath","value":"//bdi[text()=\"OK\"]"}
RESULT: {"using":"xpath","value":"//bdi[text()=\"OK\"]"}
COMMAND: POST /session/86cef292dcf99a21db7bb59b41f5200f/elements - {"using":"xpath","value":"//bdi[text()=\"OK\"]"}
RESULT: {"using":"xpath","value":"//bdi[text()=\"OK\"]"}
COMMAND: POST /session/86cef292dcf99a21db7bb59b41f5200f/elements - {"using":"xpath","value":"//bdi[text()=\"OK\"]"}
RESULT: {"using":"xpath","value":"//bdi[text()=\"OK\"]"}
COMMAND: POST /session/86cef292dcf99a21db7bb59b41f5200f/elements - {"using":"xpath","value":"//bdi[text()=\"OK\"]"}
RESULT: {"using":"xpath","value":"//bdi[text()=\"OK\"]"}
COMMAND: POST /session/86cef292dcf99a21db7bb59b41f5200f/elements - {"using":"xpath","value":"//bdi[text()=\"OK\"]"}
COMMAND: POST /session/86cef292dcf99a21db7bb59b41f5200f/element - {"using":"xpath","value":"//bdi[text()=\"OK\"]"}
RESULT: {"using":"xpath","value":"//bdi[text()=\"OK\"]"}
RESULT: {"using":"xpath","value":"//bdi[text()=\"OK\"]"}
COMMAND: POST /session/86cef292dcf99a21db7bb59b41f5200f/elements - {"using":"xpath","value":"//bdi[text()=\"OK\"]"}
RESULT: {"using":"xpath","value":"//bdi[text()=\"OK\"]"}
COMMAND: POST /session/86cef292dcf99a21db7bb59b41f5200f/elements - {"using":"xpath","value":"//bdi[text()=\"OK\"]"}
RESULT: {"using":"xpath","value":"//bdi[text()=\"OK\"]"}
COMMAND: POST /session/86cef292dcf99a21db7bb59b41f5200f/elements - {"using":"xpath","value":"//bdi[text()=\"OK\"]"}
RESULT: {"using":"xpath","value":"//bdi[text()=\"OK\"]"}
COMMAND: POST /session/86cef292dcf99a21db7bb59b41f5200f/elements - {"using":"xpath","value":"//bdi[text()=\"OK\"]"}
RESULT: {"using":"xpath","value":"//bdi[text()=\"OK\"]"}
COMMAND: POST /session/86cef292dcf99a21db7bb59b41f5200f/elements - {"using":"xpath","value":"//bdi[text()=\"OK\"]"}
RESULT: {"using":"xpath","value":"//bdi[text()=\"OK\"]"}
COMMAND: POST /session/86cef292dcf99a21db7bb59b41f5200f/elements - {"using":"xpath","value":"//bdi[text()=\"OK\"]"}
RESULT: {"using":"xpath","value":"//bdi[text()=\"OK\"]"}
COMMAND: POST /session/86cef292dcf99a21db7bb59b41f5200f/elements - {"using":"xpath","value":"//bdi[text()=\"OK\"]"}
RESULT: {"using":"xpath","value":"//bdi[text()=\"OK\"]"}
COMMAND: POST /session/86cef292dcf99a21db7bb59b41f5200f/elements - {"using":"xpath","value":"//bdi[text()=\"OK\"]"}
RESULT: {"using":"xpath","value":"//bdi[text()=\"OK\"]"}
COMMAND: POST /session/86cef292dcf99a21db7bb59b41f5200f/elements - {"using":"xpath","value":"//bdi[text()=\"OK\"]"}
RESULT: {"using":"xpath","value":"//bdi[text()=\"OK\"]"}
COMMAND: POST /session/86cef292dcf99a21db7bb59b41f5200f/elements - {"using":"xpath","value":"//bdi[text()=\"OK\"]"}
RESULT: {"using":"xpath","value":"//bdi[text()=\"OK\"]"}
COMMAND: POST /session/86cef292dcf99a21db7bb59b41f5200f/elements - {"using":"xpath","value":"//bdi[text()=\"OK\"]"}
RESULT: {"using":"xpath","value":"//bdi[text()=\"OK\"]"}
COMMAND: POST /session/86cef292dcf99a21db7bb59b41f5200f/elements - {"using":"xpath","value":"//bdi[text()=\"OK\"]"}
RESULT: {"using":"xpath","value":"//bdi[text()=\"OK\"]"}
COMMAND: POST /session/86cef292dcf99a21db7bb59b41f5200f/elements - {"using":"xpath","value":"//bdi[text()=\"OK\"]"}
RESULT: {"using":"xpath","value":"//bdi[text()=\"OK\"]"}
COMMAND: POST /session/86cef292dcf99a21db7bb59b41f5200f/elements - {"using":"xpath","value":"//bdi[text()=\"OK\"]"}
RESULT: {"using":"xpath","value":"//bdi[text()=\"OK\"]"}
COMMAND: POST /session/86cef292dcf99a21db7bb59b41f5200f/elements - {"using":"xpath","value":"//bdi[text()=\"OK\"]"}
RESULT: {"using":"xpath","value":"//bdi[text()=\"OK\"]"}
COMMAND: POST /session/86cef292dcf99a21db7bb59b41f5200f/elements - {"using":"xpath","value":"//bdi[text()=\"OK\"]"}
RESULT: {"using":"xpath","value":"//bdi[text()=\"OK\"]"}
COMMAND: POST /session/86cef292dcf99a21db7bb59b41f5200f/elements - {"using":"xpath","value":"//bdi[text()=\"OK\"]"}
RESULT: {"using":"xpath","value":"//bdi[text()=\"OK\"]"}
COMMAND: POST /session/86cef292dcf99a21db7bb59b41f5200f/elements - {"using":"xpath","value":"//bdi[text()=\"OK\"]"}
RESULT: {"using":"xpath","value":"//bdi[text()=\"OK\"]"}
COMMAND: POST /session/86cef292dcf99a21db7bb59b41f5200f/elements - {"using":"xpath","value":"//bdi[text()=\"OK\"]"}
RESULT: {"using":"xpath","value":"//bdi[text()=\"OK\"]"}
COMMAND: POST /session/86cef292dcf99a21db7bb59b41f5200f/elements - {"using":"xpath","value":"//bdi[text()=\"OK\"]"}
RESULT: {"using":"xpath","value":"//bdi[text()=\"OK\"]"}
COMMAND: POST /session/86cef292dcf99a21db7bb59b41f5200f/elements - {"using":"xpath","value":"//bdi[text()=\"OK\"]"}
RESULT: {"using":"xpath","value":"//bdi[text()=\"OK\"]"}
COMMAND: POST /session/86cef292dcf99a21db7bb59b41f5200f/elements - {"using":"xpath","value":"//bdi[text()=\"OK\"]"}
RESULT: {"using":"xpath","value":"//bdi[text()=\"OK\"]"}
COMMAND: POST /session/86cef292dcf99a21db7bb59b41f5200f/elements - {"using":"xpath","value":"//bdi[text()=\"OK\"]"}
RESULT: {"using":"xpath","value":"//bdi[text()=\"OK\"]"}
COMMAND: POST /session/86cef292dcf99a21db7bb59b41f5200f/elements - {"using":"xpath","value":"//bdi[text()=\"OK\"]"}
RESULT: {"using":"xpath","value":"//bdi[text()=\"OK\"]"}
COMMAND: POST /session/86cef292dcf99a21db7bb59b41f5200f/elements - {"using":"xpath","value":"//bdi[text()=\"OK\"]"}
RESULT: {"using":"xpath","value":"//bdi[text()=\"OK\"]"}
COMMAND: POST /session/86cef292dcf99a21db7bb59b41f5200f/elements - {"using":"xpath","value":"//bdi[text()=\"OK\"]"}
RESULT: {"using":"xpath","value":"//bdi[text()=\"OK\"]"}
COMMAND: POST /session/86cef292dcf99a21db7bb59b41f5200f/elements - {"using":"xpath","value":"//bdi[text()=\"OK\"]"}
RESULT: {"using":"xpath","value":"//bdi[text()=\"OK\"]"}
COMMAND: POST /session/86cef292dcf99a21db7bb59b41f5200f/elements - {"using":"xpath","value":"//bdi[text()=\"OK\"]"}
RESULT: {"using":"xpath","value":"//bdi[text()=\"OK\"]"}
COMMAND: POST /session/86cef292dcf99a21db7bb59b41f5200f/elements - {"using":"xpath","value":"//bdi[text()=\"OK\"]"}
RESULT: {"using":"xpath","value":"//bdi[text()=\"OK\"]"}
COMMAND: POST /session/86cef292dcf99a21db7bb59b41f5200f/elements - {"using":"xpath","value":"//bdi[text()=\"OK\"]"}
RESULT: {"using":"xpath","value":"//bdi[text()=\"OK\"]"}
COMMAND: POST /session/86cef292dcf99a21db7bb59b41f5200f/elements - {"using":"xpath","value":"//bdi[text()=\"OK\"]"}
RESULT: {"using":"xpath","value":"//bdi[text()=\"OK\"]"}
COMMAND: POST /session/86cef292dcf99a21db7bb59b41f5200f/elements - {"using":"xpath","value":"//bdi[text()=\"OK\"]"}
RESULT: {"using":"xpath","value":"//bdi[text()=\"OK\"]"}
COMMAND: POST /session/86cef292dcf99a21db7bb59b41f5200f/elements - {"using":"xpath","value":"//bdi[text()=\"OK\"]"}
RESULT: {"using":"xpath","value":"//bdi[text()=\"OK\"]"}
COMMAND: POST /session/86cef292dcf99a21db7bb59b41f5200f/elements - {"using":"xpath","value":"//bdi[text()=\"OK\"]"}
RESULT: {"using":"xpath","value":"//bdi[text()=\"OK\"]"}
COMMAND: POST /session/86cef292dcf99a21db7bb59b41f5200f/elements - {"using":"xpath","value":"//bdi[text()=\"OK\"]"}
RESULT: {"using":"xpath","value":"//bdi[text()=\"OK\"]"}
COMMAND: POST /session/86cef292dcf99a21db7bb59b41f5200f/elements - {"using":"xpath","value":"//bdi[text()=\"OK\"]"}
RESULT: {"using":"xpath","value":"//bdi[text()=\"OK\"]"}
COMMAND: POST /session/86cef292dcf99a21db7bb59b41f5200f/elements - {"using":"xpath","value":"//bdi[text()=\"OK\"]"}
RESULT: {"using":"xpath","value":"//bdi[text()=\"OK\"]"}
COMMAND: POST /session/86cef292dcf99a21db7bb59b41f5200f/elements - {"using":"xpath","value":"//bdi[text()=\"OK\"]"}
RESULT: {"using":"xpath","value":"//bdi[text()=\"OK\"]"}
COMMAND: POST /session/86cef292dcf99a21db7bb59b41f5200f/elements - {"using":"xpath","value":"//bdi[text()=\"OK\"]"}
RESULT: {"using":"xpath","value":"//bdi[text()=\"OK\"]"}
COMMAND: POST /session/86cef292dcf99a21db7bb59b41f5200f/elements - {"using":"xpath","value":"//bdi[text()=\"OK\"]"}
RESULT: {"using":"xpath","value":"//bdi[text()=\"OK\"]"}
COMMAND: POST /session/86cef292dcf99a21db7bb59b41f5200f/elements - {"using":"xpath","value":"//bdi[text()=\"OK\"]"}
RESULT: {"using":"xpath","value":"//bdi[text()=\"OK\"]"}
COMMAND: POST /session/86cef292dcf99a21db7bb59b41f5200f/elements - {"using":"xpath","value":"//bdi[text()=\"OK\"]"}
RESULT: {"using":"xpath","value":"//bdi[text()=\"OK\"]"}
COMMAND: POST /session/86cef292dcf99a21db7bb59b41f5200f/elements - {"using":"xpath","value":"//bdi[text()=\"OK\"]"}
RESULT: {"using":"xpath","value":"//bdi[text()=\"OK\"]"}
COMMAND: POST /session/86cef292dcf99a21db7bb59b41f5200f/elements - {"using":"xpath","value":"//bdi[text()=\"OK\"]"}
RESULT: {"using":"xpath","value":"//bdi[text()=\"OK\"]"}
COMMAND: POST /session/86cef292dcf99a21db7bb59b41f5200f/elements - {"using":"xpath","value":"//bdi[text()=\"OK\"]"}
RESULT: {"using":"xpath","value":"//bdi[text()=\"OK\"]"}
COMMAND: POST /session/86cef292dcf99a21db7bb59b41f5200f/elements - {"using":"xpath","value":"//bdi[text()=\"OK\"]"}
RESULT: {"using":"xpath","value":"//bdi[text()=\"OK\"]"}
COMMAND: POST /session/86cef292dcf99a21db7bb59b41f5200f/elements - {"using":"xpath","value":"//bdi[text()=\"OK\"]"}
RESULT: {"using":"xpath","value":"//bdi[text()=\"OK\"]"}
COMMAND: POST /session/86cef292dcf99a21db7bb59b41f5200f/elements - {"using":"xpath","value":"//bdi[text()=\"OK\"]"}
RESULT: {"using":"xpath","value":"//bdi[text()=\"OK\"]"}
COMMAND: POST /session/86cef292dcf99a21db7bb59b41f5200f/elements - {"using":"xpath","value":"//bdi[text()=\"OK\"]"}
RESULT: {"using":"xpath","value":"//bdi[text()=\"OK\"]"}
COMMAND: POST /session/86cef292dcf99a21db7bb59b41f5200f/elements - {"using":"xpath","value":"//bdi[text()=\"OK\"]"}
RESULT: {"using":"xpath","value":"//bdi[text()=\"OK\"]"}
COMMAND: POST /session/86cef292dcf99a21db7bb59b41f5200f/elements - {"using":"xpath","value":"//bdi[text()=\"OK\"]"}
RESULT: {"using":"xpath","value":"//bdi[text()=\"OK\"]"}
COMMAND: POST /session/86cef292dcf99a21db7bb59b41f5200f/elements - {"using":"xpath","value":"//bdi[text()=\"OK\"]"}
RESULT: {"using":"xpath","value":"//bdi[text()=\"OK\"]"}
COMMAND: POST /session/86cef292dcf99a21db7bb59b41f5200f/elements - {"using":"xpath","value":"//bdi[text()=\"OK\"]"}
RESULT: {"using":"xpath","value":"//bdi[text()=\"OK\"]"}
COMMAND: POST /session/86cef292dcf99a21db7bb59b41f5200f/elements - {"using":"xpath","value":"//bdi[text()=\"OK\"]"}
RESULT: {"using":"xpath","value":"//bdi[text()=\"OK\"]"}
COMMAND: POST /session/86cef292dcf99a21db7bb59b41f5200f/elements - {"using":"xpath","value":"//bdi[text()=\"OK\"]"}
RESULT: {"using":"xpath","value":"//bdi[text()=\"OK\"]"}
COMMAND: POST /session/86cef292dcf99a21db7bb59b41f5200f/elements - {"using":"xpath","value":"//bdi[text()=\"OK\"]"}
RESULT: {"using":"xpath","value":"//bdi[text()=\"OK\"]"}
COMMAND: POST /session/86cef292dcf99a21db7bb59b41f5200f/elements - {"using":"xpath","value":"//bdi[text()=\"OK\"]"}
RESULT: {"using":"xpath","value":"//bdi[text()=\"OK\"]"}
COMMAND: POST /session/86cef292dcf99a21db7bb59b41f5200f/elements - {"using":"xpath","value":"//bdi[text()=\"OK\"]"}
RESULT: {"using":"xpath","value":"//bdi[text()=\"OK\"]"}
COMMAND: POST /session/86cef292dcf99a21db7bb59b41f5200f/elements - {"using":"xpath","value":"//bdi[text()=\"OK\"]"}
RESULT: {"using":"xpath","value":"//bdi[text()=\"OK\"]"}
COMMAND: POST /session/86cef292dcf99a21db7bb59b41f5200f/elements - {"using":"xpath","value":"//bdi[text()=\"OK\"]"}
RESULT: {"using":"xpath","value":"//bdi[text()=\"OK\"]"}
COMMAND: POST /session/86cef292dcf99a21db7bb59b41f5200f/elements - {"using":"xpath","value":"//bdi[text()=\"OK\"]"}
RESULT: {"using":"xpath","value":"//bdi[text()=\"OK\"]"}
COMMAND: POST /session/86cef292dcf99a21db7bb59b41f5200f/elements - {"using":"xpath","value":"//bdi[text()=\"OK\"]"}
RESULT: {"using":"xpath","value":"//bdi[text()=\"OK\"]"}
COMMAND: POST /session/86cef292dcf99a21db7bb59b41f5200f/elements - {"using":"xpath","value":"//bdi[text()=\"OK\"]"}
RESULT: {"using":"xpath","value":"//bdi[text()=\"OK\"]"}
COMMAND: POST /session/86cef292dcf99a21db7bb59b41f5200f/elements - {"using":"xpath","value":"//bdi[text()=\"OK\"]"}
RESULT: {"using":"xpath","value":"//bdi[text()=\"OK\"]"}
COMMAND: POST /session/86cef292dcf99a21db7bb59b41f5200f/elements - {"using":"xpath","value":"//bdi[text()=\"OK\"]"}
RESULT: {"using":"xpath","value":"//bdi[text()=\"OK\"]"}
COMMAND: POST /session/86cef292dcf99a21db7bb59b41f5200f/elements - {"using":"xpath","value":"//bdi[text()=\"OK\"]"}
RESULT: {"using":"xpath","value":"//bdi[text()=\"OK\"]"}
COMMAND: POST /session/86cef292dcf99a21db7bb59b41f5200f/elements - {"using":"xpath","value":"//bdi[text()=\"OK\"]"}
RESULT: {"using":"xpath","value":"//bdi[text()=\"OK\"]"}
COMMAND: POST /session/86cef292dcf99a21db7bb59b41f5200f/elements - {"using":"xpath","value":"//bdi[text()=\"OK\"]"}
RESULT: {"using":"xpath","value":"//bdi[text()=\"OK\"]"}
COMMAND: POST /session/86cef292dcf99a21db7bb59b41f5200f/elements - {"using":"xpath","value":"//bdi[text()=\"OK\"]"}
RESULT: {"using":"xpath","value":"//bdi[text()=\"OK\"]"}
COMMAND: POST /session/86cef292dcf99a21db7bb59b41f5200f/elements - {"using":"xpath","value":"//bdi[text()=\"OK\"]"}
RESULT: {"using":"xpath","value":"//bdi[text()=\"OK\"]"}
COMMAND: POST /session/86cef292dcf99a21db7bb59b41f5200f/elements - {"using":"xpath","value":"//bdi[text()=\"OK\"]"}
RESULT: {"using":"xpath","value":"//bdi[text()=\"OK\"]"}
COMMAND: POST /session/86cef292dcf99a21db7bb59b41f5200f/elements - {"using":"xpath","value":"//bdi[text()=\"OK\"]"}
RESULT: {"using":"xpath","value":"//bdi[text()=\"OK\"]"}
COMMAND: POST /session/86cef292dcf99a21db7bb59b41f5200f/elements - {"using":"xpath","value":"//bdi[text()=\"OK\"]"}
RESULT: {"using":"xpath","value":"//bdi[text()=\"OK\"]"}
COMMAND: POST /session/86cef292dcf99a21db7bb59b41f5200f/elements - {"using":"xpath","value":"//bdi[text()=\"OK\"]"}
RESULT: {"using":"xpath","value":"//bdi[text()=\"OK\"]"}
COMMAND: POST /session/86cef292dcf99a21db7bb59b41f5200f/elements - {"using":"xpath","value":"//bdi[text()=\"OK\"]"}
RESULT: {"using":"xpath","value":"//bdi[text()=\"OK\"]"}
COMMAND: POST /session/86cef292dcf99a21db7bb59b41f5200f/elements - {"using":"xpath","value":"//bdi[text()=\"OK\"]"}
RESULT: {"using":"xpath","value":"//bdi[text()=\"OK\"]"}
COMMAND: POST /session/86cef292dcf99a21db7bb59b41f5200f/elements - {"using":"xpath","value":"//bdi[text()=\"OK\"]"}
RESULT: {"using":"xpath","value":"//bdi[text()=\"OK\"]"}
COMMAND: POST /session/86cef292dcf99a21db7bb59b41f5200f/elements - {"using":"xpath","value":"//bdi[text()=\"OK\"]"}
RESULT: {"using":"xpath","value":"//bdi[text()=\"OK\"]"}
COMMAND: POST /session/86cef292dcf99a21db7bb59b41f5200f/elements - {"using":"xpath","value":"//bdi[text()=\"OK\"]"}
RESULT: {"using":"xpath","value":"//bdi[text()=\"OK\"]"}
COMMAND: POST /session/86cef292dcf99a21db7bb59b41f5200f/elements - {"using":"xpath","value":"//bdi[text()=\"OK\"]"}
RESULT: {"using":"xpath","value":"//bdi[text()=\"OK\"]"}
COMMAND: POST /session/86cef292dcf99a21db7bb59b41f5200f/elements - {"using":"xpath","value":"//bdi[text()=\"OK\"]"}
RESULT: {"using":"xpath","value":"//bdi[text()=\"OK\"]"}
COMMAND: POST /session/86cef292dcf99a21db7bb59b41f5200f/elements - {"using":"xpath","value":"//bdi[text()=\"OK\"]"}
RESULT: {"using":"xpath","value":"//bdi[text()=\"OK\"]"}
COMMAND: POST /session/86cef292dcf99a21db7bb59b41f5200f/elements - {"using":"xpath","value":"//bdi[text()=\"OK\"]"}
RESULT: {"using":"xpath","value":"//bdi[text()=\"OK\"]"}
COMMAND: POST /session/86cef292dcf99a21db7bb59b41f5200f/elements - {"using":"xpath","value":"//bdi[text()=\"OK\"]"}
RESULT: {"using":"xpath","value":"//bdi[text()=\"OK\"]"}
COMMAND: POST /session/86cef292dcf99a21db7bb59b41f5200f/elements - {"using":"xpath","value":"//bdi[text()=\"OK\"]"}
RESULT: {"using":"xpath","value":"//bdi[text()=\"OK\"]"}
COMMAND: POST /session/86cef292dcf99a21db7bb59b41f5200f/elements - {"using":"xpath","value":"//bdi[text()=\"OK\"]"}
RESULT: {"using":"xpath","value":"//bdi[text()=\"OK\"]"}
COMMAND: POST /session/86cef292dcf99a21db7bb59b41f5200f/elements - {"using":"xpath","value":"//bdi[text()=\"OK\"]"}
RESULT: {"using":"xpath","value":"//bdi[text()=\"OK\"]"}
COMMAND: POST /session/86cef292dcf99a21db7bb59b41f5200f/elements - {"using":"xpath","value":"//bdi[text()=\"OK\"]"}
RESULT: {"using":"xpath","value":"//bdi[text()=\"OK\"]"}
COMMAND: POST /session/86cef292dcf99a21db7bb59b41f5200f/elements - {"using":"xpath","value":"//bdi[text()=\"OK\"]"}
RESULT: {"using":"xpath","value":"//bdi[text()=\"OK\"]"}
COMMAND: POST /session/86cef292dcf99a21db7bb59b41f5200f/elements - {"using":"xpath","value":"//bdi[text()=\"OK\"]"}
RESULT: {"using":"xpath","value":"//bdi[text()=\"OK\"]"}
COMMAND: POST /session/86cef292dcf99a21db7bb59b41f5200f/elements - {"using":"xpath","value":"//bdi[text()=\"OK\"]"}
RESULT: {"using":"xpath","value":"//bdi[text()=\"OK\"]"}
COMMAND: POST /session/86cef292dcf99a21db7bb59b41f5200f/elements - {"using":"xpath","value":"//bdi[text()=\"OK\"]"}
RESULT: {"using":"xpath","value":"//bdi[text()=\"OK\"]"}
COMMAND: POST /session/86cef292dcf99a21db7bb59b41f5200f/elements - {"using":"xpath","value":"//bdi[text()=\"OK\"]"}
RESULT: {"using":"xpath","value":"//bdi[text()=\"OK\"]"}
COMMAND: POST /session/86cef292dcf99a21db7bb59b41f5200f/elements - {"using":"xpath","value":"//bdi[text()=\"OK\"]"}
RESULT: {"using":"xpath","value":"//bdi[text()=\"OK\"]"}
COMMAND: POST /session/86cef292dcf99a21db7bb59b41f5200f/elements - {"using":"xpath","value":"//bdi[text()=\"OK\"]"}
RESULT: {"using":"xpath","value":"//bdi[text()=\"OK\"]"}
COMMAND: POST /session/86cef292dcf99a21db7bb59b41f5200f/elements - {"using":"xpath","value":"//bdi[text()=\"OK\"]"}
RESULT: {"using":"xpath","value":"//bdi[text()=\"OK\"]"}
COMMAND: POST /session/86cef292dcf99a21db7bb59b41f5200f/elements - {"using":"xpath","value":"//bdi[text()=\"OK\"]"}
RESULT: {"using":"xpath","value":"//bdi[text()=\"OK\"]"}
COMMAND: POST /session/86cef292dcf99a21db7bb59b41f5200f/elements - {"using":"xpath","value":"//bdi[text()=\"OK\"]"}
RESULT: {"using":"xpath","value":"//bdi[text()=\"OK\"]"}
COMMAND: POST /session/86cef292dcf99a21db7bb59b41f5200f/elements - {"using":"xpath","value":"//bdi[text()=\"OK\"]"}
RESULT: {"using":"xpath","value":"//bdi[text()=\"OK\"]"}
COMMAND: POST /session/86cef292dcf99a21db7bb59b41f5200f/elements - {"using":"xpath","value":"//bdi[text()=\"OK\"]"}
RESULT: {"using":"xpath","value":"//bdi[text()=\"OK\"]"}
COMMAND: POST /session/86cef292dcf99a21db7bb59b41f5200f/elements - {"using":"xpath","value":"//bdi[text()=\"OK\"]"}
RESULT: {"using":"xpath","value":"//bdi[text()=\"OK\"]"}
COMMAND: POST /session/86cef292dcf99a21db7bb59b41f5200f/elements - {"using":"xpath","value":"//bdi[text()=\"OK\"]"}
RESULT: {"using":"xpath","value":"//bdi[text()=\"OK\"]"}
COMMAND: POST /session/86cef292dcf99a21db7bb59b41f5200f/elements - {"using":"xpath","value":"//bdi[text()=\"OK\"]"}
RESULT: {"using":"xpath","value":"//bdi[text()=\"OK\"]"}
COMMAND: POST /session/86cef292dcf99a21db7bb59b41f5200f/elements - {"using":"xpath","value":"//bdi[text()=\"OK\"]"}
RESULT: {"using":"xpath","value":"//bdi[text()=\"OK\"]"}
COMMAND: POST /session/86cef292dcf99a21db7bb59b41f5200f/elements - {"using":"xpath","value":"//bdi[text()=\"OK\"]"}
RESULT: {"using":"xpath","value":"//bdi[text()=\"OK\"]"}
COMMAND: POST /session/86cef292dcf99a21db7bb59b41f5200f/elements - {"using":"xpath","value":"//bdi[text()=\"OK\"]"}
RESULT: {"using":"xpath","value":"//bdi[text()=\"OK\"]"}
COMMAND: POST /session/86cef292dcf99a21db7bb59b41f5200f/elements - {"using":"xpath","value":"//bdi[text()=\"OK\"]"}
RESULT: {"using":"xpath","value":"//bdi[text()=\"OK\"]"}
COMMAND: POST /session/86cef292dcf99a21db7bb59b41f5200f/elements - {"using":"xpath","value":"//bdi[text()=\"OK\"]"}
RESULT: {"using":"xpath","value":"//bdi[text()=\"OK\"]"}
COMMAND: POST /session/86cef292dcf99a21db7bb59b41f5200f/elements - {"using":"xpath","value":"//bdi[text()=\"OK\"]"}
RESULT: {"using":"xpath","value":"//bdi[text()=\"OK\"]"}
COMMAND: POST /session/86cef292dcf99a21db7bb59b41f5200f/elements - {"using":"xpath","value":"//bdi[text()=\"OK\"]"}
RESULT: {"using":"xpath","value":"//bdi[text()=\"OK\"]"}
COMMAND: POST /session/86cef292dcf99a21db7bb59b41f5200f/elements - {"using":"xpath","value":"//bdi[text()=\"OK\"]"}
RESULT: {"using":"xpath","value":"//bdi[text()=\"OK\"]"}
COMMAND: POST /session/86cef292dcf99a21db7bb59b41f5200f/elements - {"using":"xpath","value":"//bdi[text()=\"OK\"]"}
RESULT: {"using":"xpath","value":"//bdi[text()=\"OK\"]"}
COMMAND: POST /session/86cef292dcf99a21db7bb59b41f5200f/elements - {"using":"xpath","value":"//bdi[text()=\"OK\"]"}
RESULT: {"using":"xpath","value":"//bdi[text()=\"OK\"]"}
COMMAND: POST /session/86cef292dcf99a21db7bb59b41f5200f/elements - {"using":"xpath","value":"//bdi[text()=\"OK\"]"}
RESULT: {"using":"xpath","value":"//bdi[text()=\"OK\"]"}
COMMAND: POST /session/86cef292dcf99a21db7bb59b41f5200f/elements - {"using":"xpath","value":"//bdi[text()=\"OK\"]"}
RESULT: {"using":"xpath","value":"//bdi[text()=\"OK\"]"}
COMMAND: POST /session/86cef292dcf99a21db7bb59b41f5200f/elements - {"using":"xpath","value":"//bdi[text()=\"OK\"]"}
RESULT: {"using":"xpath","value":"//bdi[text()=\"OK\"]"}
COMMAND: POST /session/86cef292dcf99a21db7bb59b41f5200f/elements - {"using":"xpath","value":"//bdi[text()=\"OK\"]"}
RESULT: {"using":"xpath","value":"//bdi[text()=\"OK\"]"}
COMMAND: POST /session/86cef292dcf99a21db7bb59b41f5200f/elements - {"using":"xpath","value":"//bdi[text()=\"OK\"]"}
RESULT: {"using":"xpath","value":"//bdi[text()=\"OK\"]"}
COMMAND: POST /session/86cef292dcf99a21db7bb59b41f5200f/elements - {"using":"xpath","value":"//bdi[text()=\"OK\"]"}
RESULT: {"using":"xpath","value":"//bdi[text()=\"OK\"]"}
COMMAND: POST /session/86cef292dcf99a21db7bb59b41f5200f/elements - {"using":"xpath","value":"//bdi[text()=\"OK\"]"}
RESULT: {"using":"xpath","value":"//bdi[text()=\"OK\"]"}
COMMAND: POST /session/86cef292dcf99a21db7bb59b41f5200f/elements - {"using":"xpath","value":"//bdi[text()=\"OK\"]"}
RESULT: {"using":"xpath","value":"//bdi[text()=\"OK\"]"}
COMMAND: POST /session/86cef292dcf99a21db7bb59b41f5200f/execute/async - {"script":"<script> [1562 bytes]","args":[{"selector":{"id":"application-manageresources-display-component---newResourceUnit--TYPE-arrow"},"wdio_ui5_key":"applicationmanageresources-display-component---newResourceUnit--TYPE-arrow"}]}
RESULT: {"script":"<script> [1562 bytes]","args":[{"selector":{"id":"application-manageresources-display-component---newResourceUnit--TYPE-arrow"},"wdio_ui5_key":"applicationmanageresources-display-component---newResourceUnit--TYPE-arrow"}]}
RESULT: undefined
COMMAND: POST /session/86cef292dcf99a21db7bb59b41f5200f/element - {"using":"xpath","value":"//*[@id=\"application-manageresources-display-component---newResourceUnit--TYPE-arrow\"]"}
RESULT: {"using":"xpath","value":"//*[@id=\"application-manageresources-display-component---newResourceUnit--TYPE-arrow\"]"}
COMMAND: POST /session/86cef292dcf99a21db7bb59b41f5200f/element/f.D07DA9D7691935B74F99E9A1B60A37E7.d.1AC1B6E458E709E412977C965D828ADF.e.7750/click - {}
RESULT: {}
COMMAND: POST /session/86cef292dcf99a21db7bb59b41f5200f/execute/async - {"script":"<script> [1562 bytes]","args":[{"selector":{"controlType":"sap.m.StandardListItem","viewName":"reusables.view.manageresources.NewResourceUnit","viewId":"application-manageresources-display-component---newResourceUnit","properties":{"title":"Equipment"},"searchOpenDialogs":true,"interaction":{"idSuffix":"content"}},"wdio_ui5_key":"reusablesview.manageresources.NewResourceUnitsap.m.StandardListItem{\"title\":\"Equipment\"}"}]}
COMMAND: GET /session/86cef292dcf99a21db7bb59b41f5200f/screenshot - {}
RESULT: {"script":"<script> [1562 bytes]","args":[{"selector":{"controlType":"sap.m.StandardListItem","viewName":"reusables.view.manageresources.NewResourceUnit","viewId":"application-manageresources-display-component---newResourceUnit","properties":{"title":"Equipment"},"searchOpenDialogs":true,"interaction":{"idSuffix":"content"}},"wdio_ui5_key":"reusablesview.manageresources.NewResourceUnitsap.m.StandardListItem{\"title\":\"Equipment\"}"}]}
RESULT: undefined
COMMAND: POST /session/86cef292dcf99a21db7bb59b41f5200f/element - {"using":"xpath","value":"//*[@id=\"__item139\"]"}
RESULT: {}
RESULT: {"using":"xpath","value":"//*[@id=\"__item139\"]"}
COMMAND: POST /session/86cef292dcf99a21db7bb59b41f5200f/element/f.D07DA9D7691935B74F99E9A1B60A37E7.d.1AC1B6E458E709E412977C965D828ADF.e.7753/click - {}
RESULT: {}
COMMAND: POST /session/86cef292dcf99a21db7bb59b41f5200f/execute/async - {"script":"<script> [1562 bytes]","args":[{"selector":{"id":"application-manageresources-display-component---newResourceUnit--resourceId","interaction":{"idSuffix":"inner"}},"wdio_ui5_key":"applicationmanageresources-display-component---newResourceUnit--resourceId"}]}
COMMAND: GET /session/86cef292dcf99a21db7bb59b41f5200f/screenshot - {}
RESULT: {"script":"<script> [1562 bytes]","args":[{"selector":{"id":"application-manageresources-display-component---newResourceUnit--resourceId","interaction":{"idSuffix":"inner"}},"wdio_ui5_key":"applicationmanageresources-display-component---newResourceUnit--resourceId"}]}
RESULT: undefined
COMMAND: POST /session/86cef292dcf99a21db7bb59b41f5200f/execute/async - {"script":"<script> [776 bytes]","args":[{"enterText":"EquipmentCounter 6gk9l","selector":{"id":"application-manageresources-display-component---newResourceUnit--resourceId","interaction":{"idSuffix":"inner"}},"clearTextFirst":true,"interactionType":"ENTER_TEXT"}]}
RESULT: {}
RESULT: {"script":"<script> [776 bytes]","args":[{"enterText":"EquipmentCounter 6gk9l","selector":{"id":"application-manageresources-display-component---newResourceUnit--resourceId","interaction":{"idSuffix":"inner"}},"clearTextFirst":true,"interactionType":"ENTER_TEXT"}]}
COMMAND: POST /session/86cef292dcf99a21db7bb59b41f5200f/execute/async - {"script":"<script> [1562 bytes]","args":[{"selector":{"id":"application-manageresources-display-component---newResourceUnit--SHORT_TEXT","interaction":{"idSuffix":"inner"}},"wdio_ui5_key":"applicationmanageresources-display-component---newResourceUnit--SHORT_TEXT"}]}
RESULT: {"script":"<script> [1562 bytes]","args":[{"selector":{"id":"application-manageresources-display-component---newResourceUnit--SHORT_TEXT","interaction":{"idSuffix":"inner"}},"wdio_ui5_key":"applicationmanageresources-display-component---newResourceUnit--SHORT_TEXT"}]}
RESULT: undefined
COMMAND: POST /session/86cef292dcf99a21db7bb59b41f5200f/execute/async - {"script":"<script> [776 bytes]","args":[{"enterText":"EquipmentCounter 6gk9l","selector":{"id":"application-manageresources-display-component---newResourceUnit--SHORT_TEXT","interaction":{"idSuffix":"inner"}},"clearTextFirst":true,"interactionType":"ENTER_TEXT"}]}
RESULT: {"script":"<script> [776 bytes]","args":[{"enterText":"EquipmentCounter 6gk9l","selector":{"id":"application-manageresources-display-component---newResourceUnit--SHORT_TEXT","interaction":{"idSuffix":"inner"}},"clearTextFirst":true,"interactionType":"ENTER_TEXT"}]}
COMMAND: POST /session/86cef292dcf99a21db7bb59b41f5200f/execute/async - {"script":"<script> [1562 bytes]","args":[{"selector":{"id":"application-manageresources-display-component---newResourceUnit--BASE_UNIT_OF_MEASURE","interaction":{"idSuffix":"inner"}},"wdio_ui5_key":"applicationmanageresources-display-component---newResourceUnit--BASE_UNIT_OF_MEASURE"}]}
RESULT: {"script":"<script> [1562 bytes]","args":[{"selector":{"id":"application-manageresources-display-component---newResourceUnit--BASE_UNIT_OF_MEASURE","interaction":{"idSuffix":"inner"}},"wdio_ui5_key":"applicationmanageresources-display-component---newResourceUnit--BASE_UNIT_OF_MEASURE"}]}
RESULT: undefined
COMMAND: POST /session/86cef292dcf99a21db7bb59b41f5200f/execute/async - {"script":"<script> [776 bytes]","args":[{"enterText":"Piece","selector":{"id":"application-manageresources-display-component---newResourceUnit--BASE_UNIT_OF_MEASURE","interaction":{"idSuffix":"inner"}},"clearTextFirst":true,"interactionType":"ENTER_TEXT"}]}
RESULT: {"script":"<script> [776 bytes]","args":[{"enterText":"Piece","selector":{"id":"application-manageresources-display-component---newResourceUnit--BASE_UNIT_OF_MEASURE","interaction":{"idSuffix":"inner"}},"clearTextFirst":true,"interactionType":"ENTER_TEXT"}]}
COMMAND: POST /session/86cef292dcf99a21db7bb59b41f5200f/execute/async - {"script":"<script> [1562 bytes]","args":[{"selector":{"id":"application-manageresources-display-component---newResourceUnit--WEIGHT_UNIT","interaction":{"idSuffix":"inner"}},"wdio_ui5_key":"applicationmanageresources-display-component---newResourceUnit--WEIGHT_UNIT"}]}
RESULT: {"script":"<script> [1562 bytes]","args":[{"selector":{"id":"application-manageresources-display-component---newResourceUnit--WEIGHT_UNIT","interaction":{"idSuffix":"inner"}},"wdio_ui5_key":"applicationmanageresources-display-component---newResourceUnit--WEIGHT_UNIT"}]}
RESULT: undefined
COMMAND: POST /session/86cef292dcf99a21db7bb59b41f5200f/execute/async - {"script":"<script> [776 bytes]","args":[{"enterText":"Gram","selector":{"id":"application-manageresources-display-component---newResourceUnit--WEIGHT_UNIT","interaction":{"idSuffix":"inner"}},"clearTextFirst":true,"interactionType":"ENTER_TEXT"}]}
RESULT: {"script":"<script> [776 bytes]","args":[{"enterText":"Gram","selector":{"id":"application-manageresources-display-component---newResourceUnit--WEIGHT_UNIT","interaction":{"idSuffix":"inner"}},"clearTextFirst":true,"interactionType":"ENTER_TEXT"}]}
COMMAND: POST /session/86cef292dcf99a21db7bb59b41f5200f/execute/async - {"script":"<script> [1562 bytes]","args":[{"selector":{"id":"application-manageresources-display-component---newResourceUnit--newRRUPage-OPHeaderContent-collapseBtn-img"},"wdio_ui5_key":"applicationmanageresources-display-component---newResourceUnit--newRRUPage-OPHeaderContent-collapseBtn-img"}]}
RESULT: {"script":"<script> [1562 bytes]","args":[{"selector":{"id":"application-manageresources-display-component---newResourceUnit--newRRUPage-OPHeaderContent-collapseBtn-img"},"wdio_ui5_key":"applicationmanageresources-display-component---newResourceUnit--newRRUPage-OPHeaderContent-collapseBtn-img"}]}
RESULT: undefined
COMMAND: POST /session/86cef292dcf99a21db7bb59b41f5200f/element - {"using":"xpath","value":"//*[@id=\"application-manageresources-display-component---newResourceUnit--newRRUPage-OPHeaderContent-collapseBtn-img\"]"}
RESULT: {"using":"xpath","value":"//*[@id=\"application-manageresources-display-component---newResourceUnit--newRRUPage-OPHeaderContent-collapseBtn-img\"]"}
COMMAND: POST /session/86cef292dcf99a21db7bb59b41f5200f/element/f.D07DA9D7691935B74F99E9A1B60A37E7.d.1AC1B6E458E709E412977C965D828ADF.e.7761/click - {}
RESULT: {}
COMMAND: GET /session/86cef292dcf99a21db7bb59b41f5200f/screenshot - {}
RESULT: {}
COMMAND: POST /session/86cef292dcf99a21db7bb59b41f5200f/element - {"using":"xpath","value":"(//span[contains(@id ,\"application-manageresources-display-component---newResourceUnit--DIMENSION_UNIT-arrow\")])[1]"}
RESULT: {"using":"xpath","value":"(//span[contains(@id ,\"application-manageresources-display-component---newResourceUnit--DIMENSION_UNIT-arrow\")])[1]"}
COMMAND: POST /session/86cef292dcf99a21db7bb59b41f5200f/element/f.D07DA9D7691935B74F99E9A1B60A37E7.d.1AC1B6E458E709E412977C965D828ADF.e.7887/click - {}
RESULT: {}
COMMAND: GET /session/86cef292dcf99a21db7bb59b41f5200f/screenshot - {}
RESULT: {}
COMMAND: POST /session/86cef292dcf99a21db7bb59b41f5200f/execute/async - {"script":"<script> [1562 bytes]","args":[{"selector":{"controlType":"sap.m.StandardListItem","viewName":"reusables.view.manageresources.NewResourceUnit","viewId":"application-manageresources-display-component---newResourceUnit","properties":{"title":"Centimeter"},"searchOpenDialogs":true,"interaction":{"idSuffix":"titleText"}},"wdio_ui5_key":"reusablesview.manageresources.NewResourceUnitsap.m.StandardListItem{\"title\":\"Centimeter\"}"}]}
RESULT: {"script":"<script> [1562 bytes]","args":[{"selector":{"controlType":"sap.m.StandardListItem","viewName":"reusables.view.manageresources.NewResourceUnit","viewId":"application-manageresources-display-component---newResourceUnit","properties":{"title":"Centimeter"},"searchOpenDialogs":true,"interaction":{"idSuffix":"titleText"}},"wdio_ui5_key":"reusablesview.manageresources.NewResourceUnitsap.m.StandardListItem{\"title\":\"Centimeter\"}"}]}
RESULT: undefined
COMMAND: POST /session/86cef292dcf99a21db7bb59b41f5200f/element - {"using":"xpath","value":"//*[@id=\"__item182\"]"}
RESULT: {"using":"xpath","value":"//*[@id=\"__item182\"]"}
COMMAND: POST /session/86cef292dcf99a21db7bb59b41f5200f/element/f.D07DA9D7691935B74F99E9A1B60A37E7.d.1AC1B6E458E709E412977C965D828ADF.e.7889/click - {}
RESULT: {}
COMMAND: GET /session/86cef292dcf99a21db7bb59b41f5200f/screenshot - {}
RESULT: {}
COMMAND: POST /session/86cef292dcf99a21db7bb59b41f5200f/execute/async - {"script":"<script> [1562 bytes]","args":[{"selector":{"id":"application-manageresources-display-component---newResourceUnit--newRRUPage-anchBar-application-manageresources-display-component---newResourceUnit--control-anchor","interaction":{"idSuffix":"BDI-content"}},"wdio_ui5_key":"applicationmanageresources-display-component---newResourceUnit--newRRUPage-anchBar-application-manageresources-display-component---newResourceUnit--control-anchor"}]}
RESULT: {"script":"<script> [1562 bytes]","args":[{"selector":{"id":"application-manageresources-display-component---newResourceUnit--newRRUPage-anchBar-application-manageresources-display-component---newResourceUnit--control-anchor","interaction":{"idSuffix":"BDI-content"}},"wdio_ui5_key":"applicationmanageresources-display-component---newResourceUnit--newRRUPage-anchBar-application-manageresources-display-component---newResourceUnit--control-anchor"}]}
RESULT: undefined
COMMAND: POST /session/86cef292dcf99a21db7bb59b41f5200f/element - {"using":"xpath","value":"//*[@id=\"application-manageresources-display-component---newResourceUnit--newRRUPage-anchBar-application-manageresources-display-component---newResourceUnit--control-anchor\"]"}
RESULT: {"using":"xpath","value":"//*[@id=\"application-manageresources-display-component---newResourceUnit--newRRUPage-anchBar-application-manageresources-display-component---newResourceUnit--control-anchor\"]"}
COMMAND: POST /session/86cef292dcf99a21db7bb59b41f5200f/element/f.D07DA9D7691935B74F99E9A1B60A37E7.d.1AC1B6E458E709E412977C965D828ADF.e.7891/click - {}
RESULT: {}
COMMAND: POST /session/86cef292dcf99a21db7bb59b41f5200f/execute/async - {"script":"<script> [1562 bytes]","args":[{"selector":{"id":"application-manageresources-display-component---newResourceUnit--PLANNING_GROUP","interaction":{"idSuffix":"inner"}},"wdio_ui5_key":"applicationmanageresources-display-component---newResourceUnit--PLANNING_GROUP"}]}
COMMAND: GET /session/86cef292dcf99a21db7bb59b41f5200f/screenshot - {}
RESULT: {"script":"<script> [1562 bytes]","args":[{"selector":{"id":"application-manageresources-display-component---newResourceUnit--PLANNING_GROUP","interaction":{"idSuffix":"inner"}},"wdio_ui5_key":"applicationmanageresources-display-component---newResourceUnit--PLANNING_GROUP"}]}
RESULT: undefined
COMMAND: POST /session/86cef292dcf99a21db7bb59b41f5200f/execute/async - {"script":"<script> [776 bytes]","args":[{"enterText":"Heavy Equi","selector":{"id":"application-manageresources-display-component---newResourceUnit--PLANNING_GROUP","interaction":{"idSuffix":"inner"}},"clearTextFirst":true,"interactionType":"ENTER_TEXT"}]}
RESULT: {}
RESULT: {"script":"<script> [776 bytes]","args":[{"enterText":"Heavy Equi","selector":{"id":"application-manageresources-display-component---newResourceUnit--PLANNING_GROUP","interaction":{"idSuffix":"inner"}},"clearTextFirst":true,"interactionType":"ENTER_TEXT"}]}
COMMAND: POST /session/86cef292dcf99a21db7bb59b41f5200f/execute/async - {"script":"<script> [1562 bytes]","args":[{"selector":{"id":"application-manageresources-display-component---newResourceUnit--ITEM_TYPE-arrow"},"wdio_ui5_key":"applicationmanageresources-display-component---newResourceUnit--ITEM_TYPE-arrow"}]}
RESULT: {"script":"<script> [1562 bytes]","args":[{"selector":{"id":"application-manageresources-display-component---newResourceUnit--ITEM_TYPE-arrow"},"wdio_ui5_key":"applicationmanageresources-display-component---newResourceUnit--ITEM_TYPE-arrow"}]}
RESULT: undefined
COMMAND: POST /session/86cef292dcf99a21db7bb59b41f5200f/element - {"using":"xpath","value":"//*[@id=\"application-manageresources-display-component---newResourceUnit--ITEM_TYPE-arrow\"]"}
RESULT: {"using":"xpath","value":"//*[@id=\"application-manageresources-display-component---newResourceUnit--ITEM_TYPE-arrow\"]"}
COMMAND: POST /session/86cef292dcf99a21db7bb59b41f5200f/element/f.D07DA9D7691935B74F99E9A1B60A37E7.d.1AC1B6E458E709E412977C965D828ADF.e.7896/click - {}
RESULT: {}
COMMAND: POST /session/86cef292dcf99a21db7bb59b41f5200f/execute/async - {"script":"<script> [1562 bytes]","args":[{"selector":{"controlType":"sap.m.StandardListItem","viewName":"reusables.view.manageresources.NewResourceUnit","viewId":"application-manageresources-display-component---newResourceUnit","properties":{"title":"Resource Unit"},"searchOpenDialogs":true,"interaction":{"idSuffix":"titleText"}},"wdio_ui5_key":"reusablesview.manageresources.NewResourceUnitsap.m.StandardListItem{\"title\":\"Resource Unit\"}"}]}
COMMAND: GET /session/86cef292dcf99a21db7bb59b41f5200f/screenshot - {}
RESULT: {"script":"<script> [1562 bytes]","args":[{"selector":{"controlType":"sap.m.StandardListItem","viewName":"reusables.view.manageresources.NewResourceUnit","viewId":"application-manageresources-display-component---newResourceUnit","properties":{"title":"Resource Unit"},"searchOpenDialogs":true,"interaction":{"idSuffix":"titleText"}},"wdio_ui5_key":"reusablesview.manageresources.NewResourceUnitsap.m.StandardListItem{\"title\":\"Resource Unit\"}"}]}
RESULT: undefined
COMMAND: POST /session/86cef292dcf99a21db7bb59b41f5200f/element - {"using":"xpath","value":"//*[@id=\"__item204\"]"}
RESULT: {}
RESULT: {"using":"xpath","value":"//*[@id=\"__item204\"]"}
COMMAND: POST /session/86cef292dcf99a21db7bb59b41f5200f/element/f.D07DA9D7691935B74F99E9A1B60A37E7.d.1AC1B6E458E709E412977C965D828ADF.e.7898/click - {}
RESULT: {}
COMMAND: POST /session/86cef292dcf99a21db7bb59b41f5200f/element - {"using":"xpath","value":"//bdi[contains(text(), \"Time Segment\")]"}
COMMAND: GET /session/86cef292dcf99a21db7bb59b41f5200f/screenshot - {}
RESULT: {"using":"xpath","value":"//bdi[contains(text(), \"Time Segment\")]"}
COMMAND: GET /session/86cef292dcf99a21db7bb59b41f5200f/element/f.D07DA9D7691935B74F99E9A1B60A37E7.d.1AC1B6E458E709E412977C965D828ADF.e.7899/rect - {}
RESULT: {}
RESULT: {}
COMMAND: GET /session/86cef292dcf99a21db7bb59b41f5200f/window/rect - {}
RESULT: {}
COMMAND: POST /session/86cef292dcf99a21db7bb59b41f5200f/execute/sync - {"script":"<script> [92 bytes]","args":[]}
RESULT: {"script":"<script> [92 bytes]","args":[]}
COMMAND: POST /session/86cef292dcf99a21db7bb59b41f5200f/actions - {"actions":[{"id":"action21","type":"wheel","parameters":{},"actions":[{"type":"scroll","x":-1820,"y":-21,"deltaX":0,"deltaY":0,"duration":0,"origin":{"element-6066-11e4-a52e-4f735466cecf":"f.D07DA9D7691935B74F99E9A1B60A37E7.d.1AC1B6E458E709E412977C965D828ADF.e.7899"}}]}]}
COMMAND: GET /session/86cef292dcf99a21db7bb59b41f5200f/screenshot - {}
RESULT: {}
COMMAND: POST /session/86cef292dcf99a21db7bb59b41f5200f/execute/sync - {"script":"<script> [79 bytes]","args":[{"element-6066-11e4-a52e-4f735466cecf":"f.D07DA9D7691935B74F99E9A1B60A37E7.d.1AC1B6E458E709E412977C965D828ADF.e.7899","ELEMENT":"f.D07DA9D7691935B74F99E9A1B60A37E7.d.1AC1B6E458E709E412977C965D828ADF.e.7899"},{"block":"start","inline":"nearest"}]}
RESULT: {"script":"<script> [79 bytes]","args":[{"element-6066-11e4-a52e-4f735466cecf":"f.D07DA9D7691935B74F99E9A1B60A37E7.d.1AC1B6E458E709E412977C965D828ADF.e.7899","ELEMENT":"f.D07DA9D7691935B74F99E9A1B60A37E7.d.1AC1B6E458E709E412977C965D828ADF.e.7899"},{"block":"start","inline":"nearest"}]}
COMMAND: POST /session/86cef292dcf99a21db7bb59b41f5200f/execute/async - {"script":"<script> [1562 bytes]","args":[{"selector":{"id":"application-manageresources-display-component---newResourceUnit--btnAddTimeSegment-img"},"wdio_ui5_key":"applicationmanageresources-display-component---newResourceUnit--btnAddTimeSegment-img"}]}
COMMAND: GET /session/86cef292dcf99a21db7bb59b41f5200f/screenshot - {}
RESULT: {"script":"<script> [1562 bytes]","args":[{"selector":{"id":"application-manageresources-display-component---newResourceUnit--btnAddTimeSegment-img"},"wdio_ui5_key":"applicationmanageresources-display-component---newResourceUnit--btnAddTimeSegment-img"}]}
RESULT: undefined
COMMAND: POST /session/86cef292dcf99a21db7bb59b41f5200f/element - {"using":"xpath","value":"//*[@id=\"application-manageresources-display-component---newResourceUnit--btnAddTimeSegment-img\"]"}
RESULT: {}
RESULT: {"using":"xpath","value":"//*[@id=\"application-manageresources-display-component---newResourceUnit--btnAddTimeSegment-img\"]"}
COMMAND: POST /session/86cef292dcf99a21db7bb59b41f5200f/element/f.D07DA9D7691935B74F99E9A1B60A37E7.d.1AC1B6E458E709E412977C965D828ADF.e.7902/click - {}
RESULT: {}
COMMAND: POST /session/86cef292dcf99a21db7bb59b41f5200f/element - {"using":"xpath","value":"//input[@id=\"application-manageresources-display-component---newResourceUnit--idRuTSAdmin-application-manageresources-display-component---newResourceUnit--RUTimeSegment-0-inner\"]"}
COMMAND: GET /session/86cef292dcf99a21db7bb59b41f5200f/screenshot - {}
RESULT: {"using":"xpath","value":"//input[@id=\"application-manageresources-display-component---newResourceUnit--idRuTSAdmin-application-manageresources-display-component---newResourceUnit--RUTimeSegment-0-inner\"]"}
COMMAND: POST /session/86cef292dcf99a21db7bb59b41f5200f/element/f.D07DA9D7691935B74F99E9A1B60A37E7.d.1AC1B6E458E709E412977C965D828ADF.e.7905/clear - {}
RESULT: {}
RESULT: {}
COMMAND: POST /session/86cef292dcf99a21db7bb59b41f5200f/element/f.D07DA9D7691935B74F99E9A1B60A37E7.d.1AC1B6E458E709E412977C965D828ADF.e.7905/value - {"text":"Webdriver Yard"}
COMMAND: GET /session/86cef292dcf99a21db7bb59b41f5200f/screenshot - {}
RESULT: {"text":"Webdriver Yard"}
COMMAND: GET /session/86cef292dcf99a21db7bb59b41f5200f/screenshot - {}
RESULT: {}
RESULT: {}
COMMAND: POST /session/86cef292dcf99a21db7bb59b41f5200f/actions - {"actions":[{"id":"action22","type":"key","parameters":{},"actions":[{"type":"keyDown","value":"î€‡"},{"type":"pause","duration":10},{"type":"keyUp","value":"î€‡"}]}]}
RESULT: {"actions":[{"id":"action22","type":"key","parameters":{},"actions":[{"type":"keyDown","value":"î€‡"},{"type":"pause","duration":10},{"type":"keyUp","value":"î€‡"}]}]}
COMMAND: POST /session/86cef292dcf99a21db7bb59b41f5200f/execute/async - {"script":"<script> [1562 bytes]","args":[{"selector":{"controlType":"sap.ui.core.Icon","viewName":"reusables.view.manageresources.NewResourceUnit","viewId":"application-manageresources-display-component---newResourceUnit","properties":{"src":{"regex":{"source":"slim\\-arrow\\-down"}}},"ancestor":{"controlType":"sap.m.ComboBox","viewName":"reusables.view.manageresources.NewResourceUnit","viewId":"application-manageresources-display-component---newResourceUnit","bindingPath":{"path":"/RESOURCE_UNIT_TIME_SEQUENCES/0","propertyPath":"COST_OBJECT_ADMIN_CST_TYPE","modelName":"oNewRruModel"}}},"wdio_ui5_key":"reusablesview.manageresources.NewResourceUnitsap.ui.core.Icon{\"src\":{\"regex\":{\"source\":\"slim\\\\-arrow\\\\-down\"}}}{\"controlType\":\"sap.m.ComboBox\",\"viewName\":\"reusables.view.manageresources.NewResourceUnit\",\"viewId\":\"application-manageresources-display-component---newResourceUnit\",\"bindingPath\":{\"path\":\"/RESOURCE_UNIT_TIME_SEQUENCES/0\",\"propertyPath\":\"COST_OBJECT_ADMIN_CST_TYPE\",\"modelName\":\"oNewRruModel\"}}"}]}
COMMAND: GET /session/86cef292dcf99a21db7bb59b41f5200f/screenshot - {}
RESULT: {"script":"<script> [1562 bytes]","args":[{"selector":{"controlType":"sap.ui.core.Icon","viewName":"reusables.view.manageresources.NewResourceUnit","viewId":"application-manageresources-display-component---newResourceUnit","properties":{"src":{"regex":{"source":"slim\\-arrow\\-down"}}},"ancestor":{"controlType":"sap.m.ComboBox","viewName":"reusables.view.manageresources.NewResourceUnit","viewId":"application-manageresources-display-component---newResourceUnit","bindingPath":{"path":"/RESOURCE_UNIT_TIME_SEQUENCES/0","propertyPath":"COST_OBJECT_ADMIN_CST_TYPE","modelName":"oNewRruModel"}}},"wdio_ui5_key":"reusablesview.manageresources.NewResourceUnitsap.ui.core.Icon{\"src\":{\"regex\":{\"source\":\"slim\\\\-arrow\\\\-down\"}}}{\"controlType\":\"sap.m.ComboBox\",\"viewName\":\"reusables.view.manageresources.NewResourceUnit\",\"viewId\":\"application-manageresources-display-component---newResourceUnit\",\"bindingPath\":{\"path\":\"/RESOURCE_UNIT_TIME_SEQUENCES/0\",\"propertyPath\":\"COST_OBJECT_ADMIN_CST_TYPE\",\"modelName\":\"oNewRruModel\"}}"}]}
RESULT: undefined
COMMAND: POST /session/86cef292dcf99a21db7bb59b41f5200f/element - {"using":"xpath","value":"//*[@id=\"__box4-application-manageresources-display-component---newResourceUnit--RUTimeSegment-0-arrow\"]"}
RESULT: {}
RESULT: {"using":"xpath","value":"//*[@id=\"__box4-application-manageresources-display-component---newResourceUnit--RUTimeSegment-0-arrow\"]"}
COMMAND: POST /session/86cef292dcf99a21db7bb59b41f5200f/element/f.D07DA9D7691935B74F99E9A1B60A37E7.d.1AC1B6E458E709E412977C965D828ADF.e.7918/click - {}
RESULT: {}
COMMAND: POST /session/86cef292dcf99a21db7bb59b41f5200f/execute/async - {"script":"<script> [1562 bytes]","args":[{"selector":{"controlType":"sap.m.StandardListItem","viewName":"reusables.view.manageresources.NewResourceUnit","viewId":"application-manageresources-display-component---newResourceUnit","properties":{"title":"PM Order"},"searchOpenDialogs":true,"interaction":{"idSuffix":"titleText"}},"wdio_ui5_key":"reusablesview.manageresources.NewResourceUnitsap.m.StandardListItem{\"title\":\"PM Order\"}"}]}
COMMAND: GET /session/86cef292dcf99a21db7bb59b41f5200f/screenshot - {}
RESULT: {"script":"<script> [1562 bytes]","args":[{"selector":{"controlType":"sap.m.StandardListItem","viewName":"reusables.view.manageresources.NewResourceUnit","viewId":"application-manageresources-display-component---newResourceUnit","properties":{"title":"PM Order"},"searchOpenDialogs":true,"interaction":{"idSuffix":"titleText"}},"wdio_ui5_key":"reusablesview.manageresources.NewResourceUnitsap.m.StandardListItem{\"title\":\"PM Order\"}"}]}
RESULT: undefined
COMMAND: POST /session/86cef292dcf99a21db7bb59b41f5200f/element - {"using":"xpath","value":"//*[@id=\"__item525\"]"}
RESULT: {}
RESULT: {"using":"xpath","value":"//*[@id=\"__item525\"]"}
COMMAND: POST /session/86cef292dcf99a21db7bb59b41f5200f/element/f.D07DA9D7691935B74F99E9A1B60A37E7.d.1AC1B6E458E709E412977C965D828ADF.e.7922/click - {}
RESULT: {}
COMMAND: GET /session/86cef292dcf99a21db7bb59b41f5200f/screenshot - {}
RESULT: {}
COMMAND: POST /session/86cef292dcf99a21db7bb59b41f5200f/element - {"using":"xpath","value":"(//input[contains(@id ,\"-application-manageresources-display-component---newResourceUnit--RUTimeSegment-0-inner\")])[8]"}
RESULT: {"using":"xpath","value":"(//input[contains(@id ,\"-application-manageresources-display-component---newResourceUnit--RUTimeSegment-0-inner\")])[8]"}
COMMAND: POST /session/86cef292dcf99a21db7bb59b41f5200f/element/f.D07DA9D7691935B74F99E9A1B60A37E7.d.1AC1B6E458E709E412977C965D828ADF.e.7925/clear - {}
RESULT: {}
COMMAND: POST /session/86cef292dcf99a21db7bb59b41f5200f/element/f.D07DA9D7691935B74F99E9A1B60A37E7.d.1AC1B6E458E709E412977C965D828ADF.e.7925/value - {"text":"4000360"}
COMMAND: GET /session/86cef292dcf99a21db7bb59b41f5200f/screenshot - {}
RESULT: {"text":"4000360"}
COMMAND: GET /session/86cef292dcf99a21db7bb59b41f5200f/screenshot - {}
RESULT: {}
RESULT: {}
COMMAND: POST /session/86cef292dcf99a21db7bb59b41f5200f/actions - {"actions":[{"id":"action23","type":"key","parameters":{},"actions":[{"type":"keyDown","value":"î€‡"},{"type":"pause","duration":10},{"type":"keyUp","value":"î€‡"}]}]}
RESULT: {"actions":[{"id":"action23","type":"key","parameters":{},"actions":[{"type":"keyDown","value":"î€‡"},{"type":"pause","duration":10},{"type":"keyUp","value":"î€‡"}]}]}
COMMAND: GET /session/86cef292dcf99a21db7bb59b41f5200f/screenshot - {}
RESULT: {}
COMMAND: POST /session/86cef292dcf99a21db7bb59b41f5200f/execute/async - {"script":"<script> [1562 bytes]","args":[{"selector":{"id":"application-manageresources-display-component---newResourceUnit--newTimeSegmentDateRangePicker-application-manageresources-display-component---newResourceUnit--RUTimeSegment-0","interaction":{"idSuffix":"inner"}},"wdio_ui5_key":"applicationmanageresources-display-component---newResourceUnit--newTimeSegmentDateRangePicker-application-manageresources-display-component---newResourceUnit--RUTimeSegment-0"}]}
RESULT: {"script":"<script> [1562 bytes]","args":[{"selector":{"id":"application-manageresources-display-component---newResourceUnit--newTimeSegmentDateRangePicker-application-manageresources-display-component---newResourceUnit--RUTimeSegment-0","interaction":{"idSuffix":"inner"}},"wdio_ui5_key":"applicationmanageresources-display-component---newResourceUnit--newTimeSegmentDateRangePicker-application-manageresources-display-component---newResourceUnit--RUTimeSegment-0"}]}
RESULT: undefined
COMMAND: POST /session/86cef292dcf99a21db7bb59b41f5200f/execute/async - {"script":"<script> [1562 bytes]","args":[{"selector":{"id":"application-manageresources-display-component---newResourceUnit--newRRUPage-anchBar-application-manageresources-display-component---newResourceUnit--resource-anchor","interaction":{"idSuffix":"BDI-content"}},"wdio_ui5_key":"applicationmanageresources-display-component---newResourceUnit--newRRUPage-anchBar-application-manageresources-display-component---newResourceUnit--resource-anchor"}]}
RESULT: {"script":"<script> [1562 bytes]","args":[{"selector":{"id":"application-manageresources-display-component---newResourceUnit--newRRUPage-anchBar-application-manageresources-display-component---newResourceUnit--resource-anchor","interaction":{"idSuffix":"BDI-content"}},"wdio_ui5_key":"applicationmanageresources-display-component---newResourceUnit--newRRUPage-anchBar-application-manageresources-display-component---newResourceUnit--resource-anchor"}]}
RESULT: undefined
COMMAND: POST /session/86cef292dcf99a21db7bb59b41f5200f/element - {"using":"xpath","value":"//*[@id=\"application-manageresources-display-component---newResourceUnit--newRRUPage-anchBar-application-manageresources-display-component---newResourceUnit--resource-anchor\"]"}
RESULT: {"using":"xpath","value":"//*[@id=\"application-manageresources-display-component---newResourceUnit--newRRUPage-anchBar-application-manageresources-display-component---newResourceUnit--resource-anchor\"]"}
COMMAND: POST /session/86cef292dcf99a21db7bb59b41f5200f/element/f.D07DA9D7691935B74F99E9A1B60A37E7.d.1AC1B6E458E709E412977C965D828ADF.e.7930/click - {}
RESULT: {}
COMMAND: POST /session/86cef292dcf99a21db7bb59b41f5200f/execute/async - {"script":"<script> [1562 bytes]","args":[{"selector":{"id":"application-manageresources-display-component---newResourceUnit--PLANNED_DELIVERY_DATE","interaction":{"idSuffix":"inner"}},"wdio_ui5_key":"applicationmanageresources-display-component---newResourceUnit--PLANNED_DELIVERY_DATE"}]}
COMMAND: GET /session/86cef292dcf99a21db7bb59b41f5200f/screenshot - {}
RESULT: {"script":"<script> [1562 bytes]","args":[{"selector":{"id":"application-manageresources-display-component---newResourceUnit--PLANNED_DELIVERY_DATE","interaction":{"idSuffix":"inner"}},"wdio_ui5_key":"applicationmanageresources-display-component---newResourceUnit--PLANNED_DELIVERY_DATE"}]}
RESULT: undefined
COMMAND: POST /session/86cef292dcf99a21db7bb59b41f5200f/execute/async - {"script":"<script> [6424 bytes]","args":[{"element-6066-11e4-a52e-4f735466cecf":"f.D07DA9D7691935B74F99E9A1B60A37E7.d.1AC1B6E458E709E412977C965D828ADF.e.7807"},"setValue",["05/28/24"]]}
RESULT: {}
RESULT: {"script":"<script> [6424 bytes]","args":[{"element-6066-11e4-a52e-4f735466cecf":"f.D07DA9D7691935B74F99E9A1B60A37E7.d.1AC1B6E458E709E412977C965D828ADF.e.7807"},"setValue",["05/28/24"]]}
COMMAND: POST /session/86cef292dcf99a21db7bb59b41f5200f/execute/async - {"script":"<script> [1562 bytes]","args":[{"selector":{"controlType":"sap.m.Button","viewName":"reusables.view.manageresources.NewResourceUnit","viewId":"application-manageresources-display-component---newResourceUnit","i18NText":{"propertyName":"tooltip","key":"save"},"interaction":{"idSuffix":"BDI-content"}},"wdio_ui5_key":"reusablesview.manageresources.NewResourceUnitsap.m.Button{\"propertyName\":\"tooltip\",\"key\":\"save\"}"}]}
RESULT: {"script":"<script> [1562 bytes]","args":[{"selector":{"controlType":"sap.m.Button","viewName":"reusables.view.manageresources.NewResourceUnit","viewId":"application-manageresources-display-component---newResourceUnit","i18NText":{"propertyName":"tooltip","key":"save"},"interaction":{"idSuffix":"BDI-content"}},"wdio_ui5_key":"reusablesview.manageresources.NewResourceUnitsap.m.Button{\"propertyName\":\"tooltip\",\"key\":\"save\"}"}]}
RESULT: undefined
COMMAND: POST /session/86cef292dcf99a21db7bb59b41f5200f/element - {"using":"xpath","value":"//*[@id=\"application-manageresources-display-component---newResourceUnit--createRuButton\"]"}
RESULT: {"using":"xpath","value":"//*[@id=\"application-manageresources-display-component---newResourceUnit--createRuButton\"]"}
COMMAND: POST /session/86cef292dcf99a21db7bb59b41f5200f/element/f.D07DA9D7691935B74F99E9A1B60A37E7.d.1AC1B6E458E709E412977C965D828ADF.e.7767/click - {}
RESULT: {}
COMMAND: GET /session/86cef292dcf99a21db7bb59b41f5200f/screenshot - {}
RESULT: {}
COMMAND: POST /session/86cef292dcf99a21db7bb59b41f5200f/execute/async - {"script":"<script> [1562 bytes]","args":[{"selector":{"controlType":"sap.m.Button","properties":{"text":"Close"},"searchOpenDialogs":true,"interaction":{"idSuffix":"inner"}},"wdio_ui5_key":"sapm.Button{\"text\":\"Close\"}"}]}
RESULT: {"script":"<script> [1562 bytes]","args":[{"selector":{"controlType":"sap.m.Button","properties":{"text":"Close"},"searchOpenDialogs":true,"interaction":{"idSuffix":"inner"}},"wdio_ui5_key":"sapm.Button{\"text\":\"Close\"}"}]}
RESULT: undefined
COMMAND: POST /session/86cef292dcf99a21db7bb59b41f5200f/element - {"using":"xpath","value":"//*[@id=\"__mbox-btn-0\"]"}
RESULT: {"using":"xpath","value":"//*[@id=\"__mbox-btn-0\"]"}
COMMAND: POST /session/86cef292dcf99a21db7bb59b41f5200f/element/f.D07DA9D7691935B74F99E9A1B60A37E7.d.1AC1B6E458E709E412977C965D828ADF.e.7936/click - {}
RESULT: {}
COMMAND: GET /session/86cef292dcf99a21db7bb59b41f5200f/screenshot - {}
RESULT: {}
COMMAND: POST /session/86cef292dcf99a21db7bb59b41f5200f/execute/async - {"script":"<script> [1562 bytes]","args":[{"selector":{"controlType":"sap.m.Text","viewName":"etm.portal.ui.manageresources.view.Detail","viewId":"application-manageresources-display-component---detailRU","bindingPath":{"propertyPath":"ID","modelName":"catalogModel"}},"wdio_ui5_key":"etmportal.ui.manageresources.view.Detailsap.m.Text{\"propertyPath\":\"ID\",\"modelName\":\"catalogModel\"}"}]}
RESULT: {"script":"<script> [1562 bytes]","args":[{"selector":{"controlType":"sap.m.Text","viewName":"etm.portal.ui.manageresources.view.Detail","viewId":"application-manageresources-display-component---detailRU","bindingPath":{"propertyPath":"ID","modelName":"catalogModel"}},"wdio_ui5_key":"etmportal.ui.manageresources.view.Detailsap.m.Text{\"propertyPath\":\"ID\",\"modelName\":\"catalogModel\"}"}]}
RESULT: undefined
COMMAND: POST /session/86cef292dcf99a21db7bb59b41f5200f/execute/async - {"script":"<script> [6424 bytes]","args":[{"element-6066-11e4-a52e-4f735466cecf":"f.D07DA9D7691935B74F99E9A1B60A37E7.d.1AC1B6E458E709E412977C965D828ADF.e.7993"},"getText",[]]}
RESULT: {"script":"<script> [6424 bytes]","args":[{"element-6066-11e4-a52e-4f735466cecf":"f.D07DA9D7691935B74F99E9A1B60A37E7.d.1AC1B6E458E709E412977C965D828ADF.e.7993"},"getText",[]]}
COMMAND: POST /session/86cef292dcf99a21db7bb59b41f5200f/element - {"using":"xpath","value":"//bdi[text()=\"Edit\"]"}
RESULT: {"using":"xpath","value":"//bdi[text()=\"Edit\"]"}
COMMAND: GET /session/86cef292dcf99a21db7bb59b41f5200f/element/f.D07DA9D7691935B74F99E9A1B60A37E7.d.1AC1B6E458E709E412977C965D828ADF.e.7994/enabled - {}
RESULT: {}
COMMAND: POST /session/86cef292dcf99a21db7bb59b41f5200f/execute/sync - {"script":"<script> [8489 bytes]","args":[{"element-6066-11e4-a52e-4f735466cecf":"f.D07DA9D7691935B74F99E9A1B60A37E7.d.1AC1B6E458E709E412977C965D828ADF.e.7994","ELEMENT":"f.D07DA9D7691935B74F99E9A1B60A37E7.d.1AC1B6E458E709E412977C965D828ADF.e.7994"}]}
COMMAND: GET /session/86cef292dcf99a21db7bb59b41f5200f/screenshot - {}
RESULT: {"script":"<script> [8489 bytes]","args":[{"element-6066-11e4-a52e-4f735466cecf":"f.D07DA9D7691935B74F99E9A1B60A37E7.d.1AC1B6E458E709E412977C965D828ADF.e.7994","ELEMENT":"f.D07DA9D7691935B74F99E9A1B60A37E7.d.1AC1B6E458E709E412977C965D828ADF.e.7994"}]}
COMMAND: POST /session/86cef292dcf99a21db7bb59b41f5200f/execute/sync - {"script":"<script> [5351 bytes]","args":[{"element-6066-11e4-a52e-4f735466cecf":"f.D07DA9D7691935B74F99E9A1B60A37E7.d.1AC1B6E458E709E412977C965D828ADF.e.7994","ELEMENT":"f.D07DA9D7691935B74F99E9A1B60A37E7.d.1AC1B6E458E709E412977C965D828ADF.e.7994"}]}
COMMAND: GET /session/86cef292dcf99a21db7bb59b41f5200f/screenshot - {}
RESULT: {}
RESULT: {"script":"<script> [5351 bytes]","args":[{"element-6066-11e4-a52e-4f735466cecf":"f.D07DA9D7691935B74F99E9A1B60A37E7.d.1AC1B6E458E709E412977C965D828ADF.e.7994","ELEMENT":"f.D07DA9D7691935B74F99E9A1B60A37E7.d.1AC1B6E458E709E412977C965D828ADF.e.7994"}]}
COMMAND: POST /session/86cef292dcf99a21db7bb59b41f5200f/element/f.D07DA9D7691935B74F99E9A1B60A37E7.d.1AC1B6E458E709E412977C965D828ADF.e.7994/click - {}
COMMAND: GET /session/86cef292dcf99a21db7bb59b41f5200f/screenshot - {}
RESULT: {}
RESULT: {}
COMMAND: GET /session/86cef292dcf99a21db7bb59b41f5200f/screenshot - {}
RESULT: {}
RESULT: {}
COMMAND: POST /session/86cef292dcf99a21db7bb59b41f5200f/element - {"using":"xpath","value":"//bdi[@id=\"application-manageresources-display-component---editResource--editRruPage-anchBar-application-manageresources-display-component---editResource--counters-anchor-BDI-content\"]"}
RESULT: {"using":"xpath","value":"//bdi[@id=\"application-manageresources-display-component---editResource--editRruPage-anchBar-application-manageresources-display-component---editResource--counters-anchor-BDI-content\"]"}
COMMAND: POST /session/86cef292dcf99a21db7bb59b41f5200f/execute/sync - {"script":"<script> [8489 bytes]","args":[{"element-6066-11e4-a52e-4f735466cecf":"f.D07DA9D7691935B74F99E9A1B60A37E7.d.1AC1B6E458E709E412977C965D828ADF.e.8084","ELEMENT":"f.D07DA9D7691935B74F99E9A1B60A37E7.d.1AC1B6E458E709E412977C965D828ADF.e.8084"}]}
RESULT: {"script":"<script> [8489 bytes]","args":[{"element-6066-11e4-a52e-4f735466cecf":"f.D07DA9D7691935B74F99E9A1B60A37E7.d.1AC1B6E458E709E412977C965D828ADF.e.8084","ELEMENT":"f.D07DA9D7691935B74F99E9A1B60A37E7.d.1AC1B6E458E709E412977C965D828ADF.e.8084"}]}
COMMAND: POST /session/86cef292dcf99a21db7bb59b41f5200f/element/f.D07DA9D7691935B74F99E9A1B60A37E7.d.1AC1B6E458E709E412977C965D828ADF.e.8084/click - {}
COMMAND: GET /session/86cef292dcf99a21db7bb59b41f5200f/screenshot - {}
COMMAND: POST /session/86cef292dcf99a21db7bb59b41f5200f/element - {"using":"xpath","value":"//bdi[@id=\"application-manageresources-display-component---editResource--editRruPage-anchBar-application-manageresources-display-component---editResource--counters-anchor-BDI-content\"]"}
RESULT: {}
RESULT: {"using":"xpath","value":"//bdi[@id=\"application-manageresources-display-component---editResource--editRruPage-anchBar-application-manageresources-display-component---editResource--counters-anchor-BDI-content\"]"}
COMMAND: POST /session/86cef292dcf99a21db7bb59b41f5200f/element/f.D07DA9D7691935B74F99E9A1B60A37E7.d.1AC1B6E458E709E412977C965D828ADF.e.8084/click - {}
COMMAND: POST /session/86cef292dcf99a21db7bb59b41f5200f/element - {"using":"xpath","value":"//bdi[@id=\"application-manageresources-display-component---editResource--editRruPage-anchBar-application-manageresources-display-component---editResource--counters-anchor-BDI-content\"]"}
RESULT: {"using":"xpath","value":"//bdi[@id=\"application-manageresources-display-component---editResource--editRruPage-anchBar-application-manageresources-display-component---editResource--counters-anchor-BDI-content\"]"}
COMMAND: POST /session/86cef292dcf99a21db7bb59b41f5200f/element/f.D07DA9D7691935B74F99E9A1B60A37E7.d.1AC1B6E458E709E412977C965D828ADF.e.8093/click - {}
RESULT: {}
COMMAND: GET /session/86cef292dcf99a21db7bb59b41f5200f/screenshot - {}
RESULT: {}
COMMAND: POST /session/86cef292dcf99a21db7bb59b41f5200f/execute/async - {"script":"<script> [1562 bytes]","args":[{"selector":{"id":"application-manageresources-display-component---editResource--btnAddCounter-img"},"wdio_ui5_key":"applicationmanageresources-display-component---editResource--btnAddCounter-img"}]}
RESULT: {"script":"<script> [1562 bytes]","args":[{"selector":{"id":"application-manageresources-display-component---editResource--btnAddCounter-img"},"wdio_ui5_key":"applicationmanageresources-display-component---editResource--btnAddCounter-img"}]}
RESULT: undefined
COMMAND: POST /session/86cef292dcf99a21db7bb59b41f5200f/element - {"using":"xpath","value":"//*[@id=\"application-manageresources-display-component---editResource--btnAddCounter-img\"]"}
RESULT: {"using":"xpath","value":"//*[@id=\"application-manageresources-display-component---editResource--btnAddCounter-img\"]"}
COMMAND: POST /session/86cef292dcf99a21db7bb59b41f5200f/element/f.D07DA9D7691935B74F99E9A1B60A37E7.d.1AC1B6E458E709E412977C965D828ADF.e.8131/click - {}
RESULT: {}
COMMAND: GET /session/86cef292dcf99a21db7bb59b41f5200f/screenshot - {}
RESULT: {}
COMMAND: POST /session/86cef292dcf99a21db7bb59b41f5200f/execute/async - {"script":"<script> [1562 bytes]","args":[{"selector":{"id":"application-manageresources-display-component---editResource--HAND_OVER_TYPE-application-manageresources-display-component---editResource--RUCounters-0","interaction":{"idSuffix":"CbBg"}},"wdio_ui5_key":"applicationmanageresources-display-component---editResource--HAND_OVER_TYPE-application-manageresources-display-component---editResource--RUCounters-0"}]}
RESULT: {"script":"<script> [1562 bytes]","args":[{"selector":{"id":"application-manageresources-display-component---editResource--HAND_OVER_TYPE-application-manageresources-display-component---editResource--RUCounters-0","interaction":{"idSuffix":"CbBg"}},"wdio_ui5_key":"applicationmanageresources-display-component---editResource--HAND_OVER_TYPE-application-manageresources-display-component---editResource--RUCounters-0"}]}
RESULT: undefined
COMMAND: POST /session/86cef292dcf99a21db7bb59b41f5200f/element - {"using":"xpath","value":"//*[@id=\"application-manageresources-display-component---editResource--HAND_OVER_TYPE-application-manageresources-display-component---editResource--RUCounters-0\"]"}
RESULT: {"using":"xpath","value":"//*[@id=\"application-manageresources-display-component---editResource--HAND_OVER_TYPE-application-manageresources-display-component---editResource--RUCounters-0\"]"}
COMMAND: POST /session/86cef292dcf99a21db7bb59b41f5200f/element/f.D07DA9D7691935B74F99E9A1B60A37E7.d.1AC1B6E458E709E412977C965D828ADF.e.8137/click - {}
RESULT: {}
COMMAND: POST /session/86cef292dcf99a21db7bb59b41f5200f/execute/async - {"script":"<script> [1562 bytes]","args":[{"selector":{"controlType":"sap.m.Button","viewName":"etm.portal.ui.manageresources.view.EditResource","viewId":"application-manageresources-display-component---editResource","i18NText":{"propertyName":"text","key":"save"},"interaction":{"idSuffix":"BDI-content"}},"wdio_ui5_key":"etmportal.ui.manageresources.view.EditResourcesap.m.Button{\"propertyName\":\"text\",\"key\":\"save\"}"}]}
COMMAND: GET /session/86cef292dcf99a21db7bb59b41f5200f/screenshot - {}
RESULT: {"script":"<script> [1562 bytes]","args":[{"selector":{"controlType":"sap.m.Button","viewName":"etm.portal.ui.manageresources.view.EditResource","viewId":"application-manageresources-display-component---editResource","i18NText":{"propertyName":"text","key":"save"},"interaction":{"idSuffix":"BDI-content"}},"wdio_ui5_key":"etmportal.ui.manageresources.view.EditResourcesap.m.Button{\"propertyName\":\"text\",\"key\":\"save\"}"}]}
RESULT: undefined
COMMAND: POST /session/86cef292dcf99a21db7bb59b41f5200f/element - {"using":"xpath","value":"//*[@id=\"__button90\"]"}
RESULT: {}
RESULT: {"using":"xpath","value":"//*[@id=\"__button90\"]"}
COMMAND: POST /session/86cef292dcf99a21db7bb59b41f5200f/element/f.D07DA9D7691935B74F99E9A1B60A37E7.d.1AC1B6E458E709E412977C965D828ADF.e.8139/click - {}
RESULT: {}
COMMAND: GET /session/86cef292dcf99a21db7bb59b41f5200f/screenshot - {}
RESULT: {}
COMMAND: POST /session/86cef292dcf99a21db7bb59b41f5200f/element - {"using":"css selector","value":"#shell-header-logo"}
RESULT: {"using":"css selector","value":"#shell-header-logo"}
COMMAND: POST /session/86cef292dcf99a21db7bb59b41f5200f/elements - {"using":"css selector","value":"#shell-header-logo"}
RESULT: {"using":"css selector","value":"#shell-header-logo"}
COMMAND: POST /session/86cef292dcf99a21db7bb59b41f5200f/execute/sync - {"script":"<script> [8489 bytes]","args":[{"element-6066-11e4-a52e-4f735466cecf":"f.D07DA9D7691935B74F99E9A1B60A37E7.d.1AC1B6E458E709E412977C965D828ADF.e.7273","ELEMENT":"f.D07DA9D7691935B74F99E9A1B60A37E7.d.1AC1B6E458E709E412977C965D828ADF.e.7273"}]}
RESULT: {"script":"<script> [8489 bytes]","args":[{"element-6066-11e4-a52e-4f735466cecf":"f.D07DA9D7691935B74F99E9A1B60A37E7.d.1AC1B6E458E709E412977C965D828ADF.e.7273","ELEMENT":"f.D07DA9D7691935B74F99E9A1B60A37E7.d.1AC1B6E458E709E412977C965D828ADF.e.7273"}]}
COMMAND: POST /session/86cef292dcf99a21db7bb59b41f5200f/execute/sync - {"script":"<script> [5351 bytes]","args":[{"element-6066-11e4-a52e-4f735466cecf":"f.D07DA9D7691935B74F99E9A1B60A37E7.d.1AC1B6E458E709E412977C965D828ADF.e.7273","ELEMENT":"f.D07DA9D7691935B74F99E9A1B60A37E7.d.1AC1B6E458E709E412977C965D828ADF.e.7273"}]}
COMMAND: GET /session/86cef292dcf99a21db7bb59b41f5200f/screenshot - {}
RESULT: {"script":"<script> [5351 bytes]","args":[{"element-6066-11e4-a52e-4f735466cecf":"f.D07DA9D7691935B74F99E9A1B60A37E7.d.1AC1B6E458E709E412977C965D828ADF.e.7273","ELEMENT":"f.D07DA9D7691935B74F99E9A1B60A37E7.d.1AC1B6E458E709E412977C965D828ADF.e.7273"}]}
COMMAND: POST /session/86cef292dcf99a21db7bb59b41f5200f/element/f.D07DA9D7691935B74F99E9A1B60A37E7.d.1AC1B6E458E709E412977C965D828ADF.e.7273/click - {}
COMMAND: GET /session/86cef292dcf99a21db7bb59b41f5200f/screenshot - {}
RESULT: {}
RESULT: {}
COMMAND: GET /session/86cef292dcf99a21db7bb59b41f5200f/screenshot - {}
RESULT: {}
RESULT: {}
COMMAND: POST /session/86cef292dcf99a21db7bb59b41f5200f/element - {"using":"css selector","value":"#shell-header-logo"}
RESULT: {"using":"css selector","value":"#shell-header-logo"}
COMMAND: POST /session/86cef292dcf99a21db7bb59b41f5200f/element/f.D07DA9D7691935B74F99E9A1B60A37E7.d.1AC1B6E458E709E412977C965D828ADF.e.8151/click - {}
RESULT: {}
COMMAND: GET /session/86cef292dcf99a21db7bb59b41f5200f/screenshot - {}
RESULT: {}
]]></system-out>
    </testcase>
  </testsuite>
  <testsuite timestamp="2025-04-28T15:43:13" time="70.679" tests="2" failures="0" errors="0" skipped="0">
    <properties>
      <property name="specId" value="0" />
      <property name="suiteName" value="Personnel creation and reference material verification  US120163" />
      <property name="capabilities" value="chrome.135_0_7049_96.windows" />
      <property name="file" value="file:///D:/a/1/s/test/specs/R2C/create-personnel-no-material-reference.spec.js" />
    </properties>
    <testcase classname="chrome.135_0_7049_96.windows.Personnel_creation_and_reference_material_verification__US120163" name="Should create a new personnel and verify if the material reference is visible" time="51.87">
      <system-out><![CDATA[
RESULT: undefined
COMMAND: POST /session/86cef292dcf99a21db7bb59b41f5200f/element - {"using":"xpath","value":"//*[@id=\"__tile31\"]"}
RESULT: {"using":"xpath","value":"//*[@id=\"__tile31\"]"}
COMMAND: POST /session/86cef292dcf99a21db7bb59b41f5200f/element/f.D07DA9D7691935B74F99E9A1B60A37E7.d.1AC1B6E458E709E412977C965D828ADF.e.7290/click - {}
RESULT: {}
COMMAND: GET /session/86cef292dcf99a21db7bb59b41f5200f/screenshot - {}
RESULT: {}
COMMAND: POST /session/86cef292dcf99a21db7bb59b41f5200f/element - {"using":"xpath","value":"//button[@data-kt=\"addNewRUOverflowToolbarButton\"]"}
RESULT: {"using":"xpath","value":"//button[@data-kt=\"addNewRUOverflowToolbarButton\"]"}
COMMAND: POST /session/86cef292dcf99a21db7bb59b41f5200f/execute/sync - {"script":"<script> [8489 bytes]","args":[{"element-6066-11e4-a52e-4f735466cecf":"f.D07DA9D7691935B74F99E9A1B60A37E7.d.1AC1B6E458E709E412977C965D828ADF.e.8218","ELEMENT":"f.D07DA9D7691935B74F99E9A1B60A37E7.d.1AC1B6E458E709E412977C965D828ADF.e.8218"}]}
RESULT: {"script":"<script> [8489 bytes]","args":[{"element-6066-11e4-a52e-4f735466cecf":"f.D07DA9D7691935B74F99E9A1B60A37E7.d.1AC1B6E458E709E412977C965D828ADF.e.8218","ELEMENT":"f.D07DA9D7691935B74F99E9A1B60A37E7.d.1AC1B6E458E709E412977C965D828ADF.e.8218"}]}
COMMAND: POST /session/86cef292dcf99a21db7bb59b41f5200f/element/f.D07DA9D7691935B74F99E9A1B60A37E7.d.1AC1B6E458E709E412977C965D828ADF.e.8218/click - {}
COMMAND: GET /session/86cef292dcf99a21db7bb59b41f5200f/screenshot - {}
RESULT: {}
RESULT: undefined
COMMAND: POST /session/86cef292dcf99a21db7bb59b41f5200f/element - {"using":"xpath","value":"//*[@id=\"application-manageresources-display-component---newResourceUnit--TYPE-arrow\"]"}
COMMAND: GET /session/86cef292dcf99a21db7bb59b41f5200f/screenshot - {}
RESULT: {}
RESULT: {"using":"xpath","value":"//*[@id=\"application-manageresources-display-component---newResourceUnit--TYPE-arrow\"]"}
COMMAND: POST /session/86cef292dcf99a21db7bb59b41f5200f/element/f.D07DA9D7691935B74F99E9A1B60A37E7.d.1AC1B6E458E709E412977C965D828ADF.e.8553/click - {}
RESULT: {}
RESULT: {}
COMMAND: POST /session/86cef292dcf99a21db7bb59b41f5200f/execute/async - {"script":"<script> [1562 bytes]","args":[{"selector":{"controlType":"sap.m.StandardListItem","viewName":"reusables.view.manageresources.NewResourceUnit","viewId":"application-manageresources-display-component---newResourceUnit","properties":{"title":"Personnel"},"searchOpenDialogs":true,"interaction":{"idSuffix":"titleText"}},"wdio_ui5_key":"reusablesview.manageresources.NewResourceUnitsap.m.StandardListItem{\"title\":\"Personnel\"}"}]}
COMMAND: GET /session/86cef292dcf99a21db7bb59b41f5200f/screenshot - {}
RESULT: {"script":"<script> [1562 bytes]","args":[{"selector":{"controlType":"sap.m.StandardListItem","viewName":"reusables.view.manageresources.NewResourceUnit","viewId":"application-manageresources-display-component---newResourceUnit","properties":{"title":"Personnel"},"searchOpenDialogs":true,"interaction":{"idSuffix":"titleText"}},"wdio_ui5_key":"reusablesview.manageresources.NewResourceUnitsap.m.StandardListItem{\"title\":\"Personnel\"}"}]}
RESULT: undefined
COMMAND: POST /session/86cef292dcf99a21db7bb59b41f5200f/element - {"using":"xpath","value":"//*[@id=\"__item1103\"]"}
RESULT: {}
RESULT: {"using":"xpath","value":"//*[@id=\"__item1103\"]"}
COMMAND: POST /session/86cef292dcf99a21db7bb59b41f5200f/element/f.D07DA9D7691935B74F99E9A1B60A37E7.d.1AC1B6E458E709E412977C965D828ADF.e.8560/click - {}
RESULT: {}
RESULT: undefined
COMMAND: POST /session/86cef292dcf99a21db7bb59b41f5200f/execute/async - {"script":"<script> [776 bytes]","args":[{"enterText":"WdIOPersonnel3tls4","selector":{"id":"application-manageresources-display-component---newResourceUnit--SHORT_TEXT","interaction":{"idSuffix":"inner"}},"clearTextFirst":true,"interactionType":"ENTER_TEXT"}]}
COMMAND: GET /session/86cef292dcf99a21db7bb59b41f5200f/screenshot - {}
RESULT: {"script":"<script> [776 bytes]","args":[{"enterText":"WdIOPersonnel3tls4","selector":{"id":"application-manageresources-display-component---newResourceUnit--SHORT_TEXT","interaction":{"idSuffix":"inner"}},"clearTextFirst":true,"interactionType":"ENTER_TEXT"}]}
COMMAND: POST /session/86cef292dcf99a21db7bb59b41f5200f/element - {"using":"xpath","value":"//bdi[contains(text(), \"Material\")]"}
RESULT: {}
RESULT: {"using":"xpath","value":"//bdi[contains(text(), \"Material\")]"}
COMMAND: POST /session/86cef292dcf99a21db7bb59b41f5200f/element - {"using":"xpath","value":"//bdi[contains(text(), \"Material\")]"}
RESULT: {"using":"xpath","value":"//bdi[contains(text(), \"Material\")]"}
COMMAND: POST /session/86cef292dcf99a21db7bb59b41f5200f/execute/async - {"script":"<script> [1562 bytes]","args":[{"selector":{"id":"application-manageresources-display-component---newResourceUnit--BASE_UNIT_OF_MEASURE-arrow"},"wdio_ui5_key":"applicationmanageresources-display-component---newResourceUnit--BASE_UNIT_OF_MEASURE-arrow"}]}
RESULT: {"script":"<script> [1562 bytes]","args":[{"selector":{"id":"application-manageresources-display-component---newResourceUnit--BASE_UNIT_OF_MEASURE-arrow"},"wdio_ui5_key":"applicationmanageresources-display-component---newResourceUnit--BASE_UNIT_OF_MEASURE-arrow"}]}
RESULT: undefined
COMMAND: POST /session/86cef292dcf99a21db7bb59b41f5200f/element - {"using":"xpath","value":"//*[@id=\"application-manageresources-display-component---newResourceUnit--BASE_UNIT_OF_MEASURE-arrow\"]"}
RESULT: {"using":"xpath","value":"//*[@id=\"application-manageresources-display-component---newResourceUnit--BASE_UNIT_OF_MEASURE-arrow\"]"}
COMMAND: POST /session/86cef292dcf99a21db7bb59b41f5200f/element/f.D07DA9D7691935B74F99E9A1B60A37E7.d.1AC1B6E458E709E412977C965D828ADF.e.8602/click - {}
RESULT: {}
COMMAND: POST /session/86cef292dcf99a21db7bb59b41f5200f/execute/async - {"script":"<script> [1562 bytes]","args":[{"selector":{"controlType":"sap.m.StandardListItem","viewName":"reusables.view.manageresources.NewResourceUnit","viewId":"application-manageresources-display-component---newResourceUnit","properties":{"title":"Percent"},"searchOpenDialogs":true,"interaction":{"idSuffix":"titleText"}},"wdio_ui5_key":"reusablesview.manageresources.NewResourceUnitsap.m.StandardListItem{\"title\":\"Percent\"}"}]}
COMMAND: GET /session/86cef292dcf99a21db7bb59b41f5200f/screenshot - {}
RESULT: {"script":"<script> [1562 bytes]","args":[{"selector":{"controlType":"sap.m.StandardListItem","viewName":"reusables.view.manageresources.NewResourceUnit","viewId":"application-manageresources-display-component---newResourceUnit","properties":{"title":"Percent"},"searchOpenDialogs":true,"interaction":{"idSuffix":"titleText"}},"wdio_ui5_key":"reusablesview.manageresources.NewResourceUnitsap.m.StandardListItem{\"title\":\"Percent\"}"}]}
RESULT: undefined
COMMAND: POST /session/86cef292dcf99a21db7bb59b41f5200f/element - {"using":"xpath","value":"//*[@id=\"__item1125\"]"}
RESULT: {}
RESULT: {"using":"xpath","value":"//*[@id=\"__item1125\"]"}
COMMAND: POST /session/86cef292dcf99a21db7bb59b41f5200f/element/f.D07DA9D7691935B74F99E9A1B60A37E7.d.1AC1B6E458E709E412977C965D828ADF.e.8604/click - {}
RESULT: {}
COMMAND: POST /session/86cef292dcf99a21db7bb59b41f5200f/execute/async - {"script":"<script> [1562 bytes]","args":[{"selector":{"id":"application-manageresources-display-component---newResourceUnit--PLANNING_GROUP-arrow"},"wdio_ui5_key":"applicationmanageresources-display-component---newResourceUnit--PLANNING_GROUP-arrow"}]}
COMMAND: GET /session/86cef292dcf99a21db7bb59b41f5200f/screenshot - {}
RESULT: {"script":"<script> [1562 bytes]","args":[{"selector":{"id":"application-manageresources-display-component---newResourceUnit--PLANNING_GROUP-arrow"},"wdio_ui5_key":"applicationmanageresources-display-component---newResourceUnit--PLANNING_GROUP-arrow"}]}
RESULT: undefined
COMMAND: POST /session/86cef292dcf99a21db7bb59b41f5200f/element - {"using":"xpath","value":"//*[@id=\"application-manageresources-display-component---newResourceUnit--PLANNING_GROUP-arrow\"]"}
RESULT: {}
RESULT: {"using":"xpath","value":"//*[@id=\"application-manageresources-display-component---newResourceUnit--PLANNING_GROUP-arrow\"]"}
COMMAND: POST /session/86cef292dcf99a21db7bb59b41f5200f/element/f.D07DA9D7691935B74F99E9A1B60A37E7.d.1AC1B6E458E709E412977C965D828ADF.e.8605/click - {}
RESULT: {}
COMMAND: GET /session/86cef292dcf99a21db7bb59b41f5200f/screenshot - {}
RESULT: {}
COMMAND: POST /session/86cef292dcf99a21db7bb59b41f5200f/execute/async - {"script":"<script> [1562 bytes]","args":[{"selector":{"controlType":"sap.m.StandardListItem","viewName":"reusables.view.manageresources.NewResourceUnit","viewId":"application-manageresources-display-component---newResourceUnit","properties":{"title":"Operating personnel"},"searchOpenDialogs":true,"interaction":{"idSuffix":"titleText"}},"wdio_ui5_key":"reusablesview.manageresources.NewResourceUnitsap.m.StandardListItem{\"title\":\"Operating personnel\"}"}]}
RESULT: {"script":"<script> [1562 bytes]","args":[{"selector":{"controlType":"sap.m.StandardListItem","viewName":"reusables.view.manageresources.NewResourceUnit","viewId":"application-manageresources-display-component---newResourceUnit","properties":{"title":"Operating personnel"},"searchOpenDialogs":true,"interaction":{"idSuffix":"titleText"}},"wdio_ui5_key":"reusablesview.manageresources.NewResourceUnitsap.m.StandardListItem{\"title\":\"Operating personnel\"}"}]}
RESULT: undefined
COMMAND: POST /session/86cef292dcf99a21db7bb59b41f5200f/element - {"using":"xpath","value":"//*[@id=\"__item1134\"]"}
RESULT: {"using":"xpath","value":"//*[@id=\"__item1134\"]"}
COMMAND: POST /session/86cef292dcf99a21db7bb59b41f5200f/element/f.D07DA9D7691935B74F99E9A1B60A37E7.d.1AC1B6E458E709E412977C965D828ADF.e.8607/click - {}
RESULT: {}
COMMAND: GET /session/86cef292dcf99a21db7bb59b41f5200f/screenshot - {}
RESULT: {}
COMMAND: POST /session/86cef292dcf99a21db7bb59b41f5200f/element - {"using":"xpath","value":"//bdi[contains(text(), \"Time Segment\")]"}
RESULT: {"using":"xpath","value":"//bdi[contains(text(), \"Time Segment\")]"}
COMMAND: GET /session/86cef292dcf99a21db7bb59b41f5200f/element/f.D07DA9D7691935B74F99E9A1B60A37E7.d.1AC1B6E458E709E412977C965D828ADF.e.8608/rect - {}
RESULT: {}
COMMAND: GET /session/86cef292dcf99a21db7bb59b41f5200f/window/rect - {}
RESULT: {}
COMMAND: POST /session/86cef292dcf99a21db7bb59b41f5200f/execute/sync - {"script":"<script> [92 bytes]","args":[]}
RESULT: {"script":"<script> [92 bytes]","args":[]}
COMMAND: POST /session/86cef292dcf99a21db7bb59b41f5200f/actions - {"actions":[{"id":"action24","type":"wheel","parameters":{},"actions":[{"type":"scroll","x":-1820,"y":804,"deltaX":0,"deltaY":0,"duration":0,"origin":{"element-6066-11e4-a52e-4f735466cecf":"f.D07DA9D7691935B74F99E9A1B60A37E7.d.1AC1B6E458E709E412977C965D828ADF.e.8608"}}]}]}
COMMAND: GET /session/86cef292dcf99a21db7bb59b41f5200f/screenshot - {}
RESULT: {}
COMMAND: POST /session/86cef292dcf99a21db7bb59b41f5200f/execute/sync - {"script":"<script> [79 bytes]","args":[{"element-6066-11e4-a52e-4f735466cecf":"f.D07DA9D7691935B74F99E9A1B60A37E7.d.1AC1B6E458E709E412977C965D828ADF.e.8608","ELEMENT":"f.D07DA9D7691935B74F99E9A1B60A37E7.d.1AC1B6E458E709E412977C965D828ADF.e.8608"},{"block":"start","inline":"nearest"}]}
RESULT: {"script":"<script> [79 bytes]","args":[{"element-6066-11e4-a52e-4f735466cecf":"f.D07DA9D7691935B74F99E9A1B60A37E7.d.1AC1B6E458E709E412977C965D828ADF.e.8608","ELEMENT":"f.D07DA9D7691935B74F99E9A1B60A37E7.d.1AC1B6E458E709E412977C965D828ADF.e.8608"},{"block":"start","inline":"nearest"}]}
COMMAND: GET /session/86cef292dcf99a21db7bb59b41f5200f/screenshot - {}
RESULT: {}
COMMAND: POST /session/86cef292dcf99a21db7bb59b41f5200f/element - {"using":"xpath","value":"//span[@id=\"application-manageresources-display-component---newResourceUnit--btnAddTimeSegment-img\"]"}
RESULT: {"using":"xpath","value":"//span[@id=\"application-manageresources-display-component---newResourceUnit--btnAddTimeSegment-img\"]"}
COMMAND: POST /session/86cef292dcf99a21db7bb59b41f5200f/execute/sync - {"script":"<script> [8489 bytes]","args":[{"element-6066-11e4-a52e-4f735466cecf":"f.D07DA9D7691935B74F99E9A1B60A37E7.d.1AC1B6E458E709E412977C965D828ADF.e.8613","ELEMENT":"f.D07DA9D7691935B74F99E9A1B60A37E7.d.1AC1B6E458E709E412977C965D828ADF.e.8613"}]}
RESULT: {"script":"<script> [8489 bytes]","args":[{"element-6066-11e4-a52e-4f735466cecf":"f.D07DA9D7691935B74F99E9A1B60A37E7.d.1AC1B6E458E709E412977C965D828ADF.e.8613","ELEMENT":"f.D07DA9D7691935B74F99E9A1B60A37E7.d.1AC1B6E458E709E412977C965D828ADF.e.8613"}]}
COMMAND: POST /session/86cef292dcf99a21db7bb59b41f5200f/element/f.D07DA9D7691935B74F99E9A1B60A37E7.d.1AC1B6E458E709E412977C965D828ADF.e.8613/click - {}
COMMAND: GET /session/86cef292dcf99a21db7bb59b41f5200f/screenshot - {}
RESULT: {}
COMMAND: GET /session/86cef292dcf99a21db7bb59b41f5200f/screenshot - {}
COMMAND: POST /session/86cef292dcf99a21db7bb59b41f5200f/element - {"using":"xpath","value":"//input[@id=\"application-manageresources-display-component---newResourceUnit--idRuTSAdmin-application-manageresources-display-component---newResourceUnit--RUTimeSegment-0-inner\"]"}
RESULT: {}
RESULT: {}
RESULT: {"using":"xpath","value":"//input[@id=\"application-manageresources-display-component---newResourceUnit--idRuTSAdmin-application-manageresources-display-component---newResourceUnit--RUTimeSegment-0-inner\"]"}
COMMAND: POST /session/86cef292dcf99a21db7bb59b41f5200f/element/f.D07DA9D7691935B74F99E9A1B60A37E7.d.1AC1B6E458E709E412977C965D828ADF.e.8616/clear - {}
RESULT: {}
COMMAND: POST /session/86cef292dcf99a21db7bb59b41f5200f/element/f.D07DA9D7691935B74F99E9A1B60A37E7.d.1AC1B6E458E709E412977C965D828ADF.e.8616/value - {"text":"webdriveryard"}
COMMAND: GET /session/86cef292dcf99a21db7bb59b41f5200f/screenshot - {}
RESULT: {"text":"webdriveryard"}
COMMAND: GET /session/86cef292dcf99a21db7bb59b41f5200f/screenshot - {}
RESULT: {}
RESULT: {}
COMMAND: POST /session/86cef292dcf99a21db7bb59b41f5200f/actions - {"actions":[{"id":"action25","type":"key","parameters":{},"actions":[{"type":"keyDown","value":"î€‡"},{"type":"pause","duration":10},{"type":"keyUp","value":"î€‡"}]}]}
RESULT: {"actions":[{"id":"action25","type":"key","parameters":{},"actions":[{"type":"keyDown","value":"î€‡"},{"type":"pause","duration":10},{"type":"keyUp","value":"î€‡"}]}]}
COMMAND: GET /session/86cef292dcf99a21db7bb59b41f5200f/screenshot - {}
RESULT: {}
COMMAND: POST /session/86cef292dcf99a21db7bb59b41f5200f/element - {"using":"xpath","value":"//input[contains(@id, \"application-manageresources-display-component---newResourceUnit--newControlDataDateRangePicker-inner\")]"}
RESULT: {"using":"xpath","value":"//input[contains(@id, \"application-manageresources-display-component---newResourceUnit--newControlDataDateRangePicker-inner\")]"}
COMMAND: POST /session/86cef292dcf99a21db7bb59b41f5200f/element/f.D07DA9D7691935B74F99E9A1B60A37E7.d.1AC1B6E458E709E412977C965D828ADF.e.8590/clear - {}
RESULT: {}
COMMAND: POST /session/86cef292dcf99a21db7bb59b41f5200f/element/f.D07DA9D7691935B74F99E9A1B60A37E7.d.1AC1B6E458E709E412977C965D828ADF.e.8590/value - {"text":"12/17/26 - 2/18/27"}
COMMAND: GET /session/86cef292dcf99a21db7bb59b41f5200f/screenshot - {}
RESULT: {"text":"12/17/26 - 2/18/27"}
COMMAND: POST /session/86cef292dcf99a21db7bb59b41f5200f/element - {"using":"xpath","value":"//bdi[contains(@id, \"application-manageresources-display-component---newResourceUnit--createRuButton-BDI-content\")]"}
COMMAND: GET /session/86cef292dcf99a21db7bb59b41f5200f/screenshot - {}
RESULT: {}
RESULT: {"using":"xpath","value":"//bdi[contains(@id, \"application-manageresources-display-component---newResourceUnit--createRuButton-BDI-content\")]"}
COMMAND: POST /session/86cef292dcf99a21db7bb59b41f5200f/element/f.D07DA9D7691935B74F99E9A1B60A37E7.d.1AC1B6E458E709E412977C965D828ADF.e.8630/click - {}
RESULT: {}
RESULT: {}
COMMAND: GET /session/86cef292dcf99a21db7bb59b41f5200f/screenshot - {}
RESULT: {}
COMMAND: POST /session/86cef292dcf99a21db7bb59b41f5200f/actions - {"actions":[{"id":"action26","type":"key","parameters":{},"actions":[{"type":"keyDown","value":"î€‡"},{"type":"pause","duration":10},{"type":"keyUp","value":"î€‡"}]}]}
RESULT: {"actions":[{"id":"action26","type":"key","parameters":{},"actions":[{"type":"keyDown","value":"î€‡"},{"type":"pause","duration":10},{"type":"keyUp","value":"î€‡"}]}]}
COMMAND: GET /session/86cef292dcf99a21db7bb59b41f5200f/screenshot - {}
RESULT: {}
]]></system-out>
    </testcase>
    <testcase classname="chrome.135_0_7049_96.windows.Personnel_creation_and_reference_material_verification__US120163" name="Should verify if the reference material is visible in edit and detail mode" time="15.628">
      <system-out><![CDATA[
COMMAND: POST /session/86cef292dcf99a21db7bb59b41f5200f/element - {"using":"xpath","value":"//bdi[contains(text(), \"Edit\")]"}
RESULT: {"using":"xpath","value":"//bdi[contains(text(), \"Edit\")]"}
COMMAND: POST /session/86cef292dcf99a21db7bb59b41f5200f/element/f.D07DA9D7691935B74F99E9A1B60A37E7.d.1AC1B6E458E709E412977C965D828ADF.e.8651/click - {}
RESULT: {}
COMMAND: GET /session/86cef292dcf99a21db7bb59b41f5200f/screenshot - {}
RESULT: {}
COMMAND: POST /session/86cef292dcf99a21db7bb59b41f5200f/element - {"using":"xpath","value":"//bdi[contains(text(), \"Material\")]"}
RESULT: {"using":"xpath","value":"//bdi[contains(text(), \"Material\")]"}
COMMAND: POST /session/86cef292dcf99a21db7bb59b41f5200f/element - {"using":"xpath","value":"//bdi[contains(text(), \"Material\")]"}
RESULT: {"using":"xpath","value":"//bdi[contains(text(), \"Material\")]"}
COMMAND: POST /session/86cef292dcf99a21db7bb59b41f5200f/element - {"using":"xpath","value":"(//bdi[contains(text(), \"Save\")])[2]"}
RESULT: {"using":"xpath","value":"(//bdi[contains(text(), \"Save\")])[2]"}
COMMAND: POST /session/86cef292dcf99a21db7bb59b41f5200f/element/f.D07DA9D7691935B74F99E9A1B60A37E7.d.1AC1B6E458E709E412977C965D828ADF.e.8702/click - {}
RESULT: {}
COMMAND: GET /session/86cef292dcf99a21db7bb59b41f5200f/screenshot - {}
RESULT: {}
COMMAND: POST /session/86cef292dcf99a21db7bb59b41f5200f/element - {"using":"css selector","value":"#j_username"}
COMMAND: POST /session/86cef292dcf99a21db7bb59b41f5200f/url - {"url":"https://qa-testing-00-live-etm-ui.cfapps.eu10-004.hana.ondemand.com/"}
RESULT: {"using":"css selector","value":"#j_username"}
COMMAND: POST /session/86cef292dcf99a21db7bb59b41f5200f/element - {"using":"css selector","value":"#j_username"}
RESULT: {"url":"https://qa-testing-00-live-etm-ui.cfapps.eu10-004.hana.ondemand.com/"}
RESULT: undefined
COMMAND: GET /session/86cef292dcf99a21db7bb59b41f5200f/screenshot - {}
RESULT: {"using":"css selector","value":"#j_username"}
COMMAND: POST /session/86cef292dcf99a21db7bb59b41f5200f/element - {"using":"css selector","value":"#shell-header-logo"}
RESULT: {}
RESULT: {"using":"css selector","value":"#shell-header-logo"}
COMMAND: POST /session/86cef292dcf99a21db7bb59b41f5200f/execute/sync - {"script":"<script> [8489 bytes]","args":[{"element-6066-11e4-a52e-4f735466cecf":"f.D07DA9D7691935B74F99E9A1B60A37E7.d.67360EABEC4449DA528BCD22F855DA2E.e.8724","ELEMENT":"f.D07DA9D7691935B74F99E9A1B60A37E7.d.67360EABEC4449DA528BCD22F855DA2E.e.8724"}]}
RESULT: {"script":"<script> [8489 bytes]","args":[{"element-6066-11e4-a52e-4f735466cecf":"f.D07DA9D7691935B74F99E9A1B60A37E7.d.67360EABEC4449DA528BCD22F855DA2E.e.8724","ELEMENT":"f.D07DA9D7691935B74F99E9A1B60A37E7.d.67360EABEC4449DA528BCD22F855DA2E.e.8724"}]}
COMMAND: POST /session/86cef292dcf99a21db7bb59b41f5200f/element - {"using":"css selector","value":"#shell-header-logo"}
COMMAND: GET /session/86cef292dcf99a21db7bb59b41f5200f/screenshot - {}
RESULT: {"using":"css selector","value":"#shell-header-logo"}
COMMAND: POST /session/86cef292dcf99a21db7bb59b41f5200f/execute/sync - {"script":"<script> [8489 bytes]","args":[{"element-6066-11e4-a52e-4f735466cecf":"f.D07DA9D7691935B74F99E9A1B60A37E7.d.67360EABEC4449DA528BCD22F855DA2E.e.8724","ELEMENT":"f.D07DA9D7691935B74F99E9A1B60A37E7.d.67360EABEC4449DA528BCD22F855DA2E.e.8724"}]}
RESULT: {}
RESULT: {"script":"<script> [8489 bytes]","args":[{"element-6066-11e4-a52e-4f735466cecf":"f.D07DA9D7691935B74F99E9A1B60A37E7.d.67360EABEC4449DA528BCD22F855DA2E.e.8724","ELEMENT":"f.D07DA9D7691935B74F99E9A1B60A37E7.d.67360EABEC4449DA528BCD22F855DA2E.e.8724"}]}
COMMAND: POST /session/86cef292dcf99a21db7bb59b41f5200f/execute/sync - {"script":"<script> [5351 bytes]","args":[{"element-6066-11e4-a52e-4f735466cecf":"f.D07DA9D7691935B74F99E9A1B60A37E7.d.67360EABEC4449DA528BCD22F855DA2E.e.8724","ELEMENT":"f.D07DA9D7691935B74F99E9A1B60A37E7.d.67360EABEC4449DA528BCD22F855DA2E.e.8724"}]}
COMMAND: GET /session/86cef292dcf99a21db7bb59b41f5200f/screenshot - {}
RESULT: {}
RESULT: {"script":"<script> [5351 bytes]","args":[{"element-6066-11e4-a52e-4f735466cecf":"f.D07DA9D7691935B74F99E9A1B60A37E7.d.67360EABEC4449DA528BCD22F855DA2E.e.8724","ELEMENT":"f.D07DA9D7691935B74F99E9A1B60A37E7.d.67360EABEC4449DA528BCD22F855DA2E.e.8724"}]}
COMMAND: POST /session/86cef292dcf99a21db7bb59b41f5200f/element - {"using":"css selector","value":"#shell-header-logo"}
COMMAND: GET /session/86cef292dcf99a21db7bb59b41f5200f/screenshot - {}
RESULT: {"using":"css selector","value":"#shell-header-logo"}
COMMAND: POST /session/86cef292dcf99a21db7bb59b41f5200f/element/f.D07DA9D7691935B74F99E9A1B60A37E7.d.67360EABEC4449DA528BCD22F855DA2E.e.8724/click - {}
RESULT: {}
RESULT: {}
COMMAND: GET /session/86cef292dcf99a21db7bb59b41f5200f/screenshot - {}
RESULT: {}
COMMAND: POST /session/86cef292dcf99a21db7bb59b41f5200f/execute/async - {"script":"<script> [189 bytes]","args":[]}
RESULT: {"script":"<script> [189 bytes]","args":[]}
COMMAND: POST /session/86cef292dcf99a21db7bb59b41f5200f/execute/async - {"script":"<script> [123 bytes]","args":[]}
RESULT: {"script":"<script> [123 bytes]","args":[]}
COMMAND: POST /session/86cef292dcf99a21db7bb59b41f5200f/timeouts - {"script":"<number>"}
RESULT: {"script":"<number>"}
COMMAND: GET /session/86cef292dcf99a21db7bb59b41f5200f/timeouts - {}
RESULT: {}
RESULT: undefined
COMMAND: POST /session/86cef292dcf99a21db7bb59b41f5200f/execute/async - {"script":"<script> [2676 bytes]","args":[]}
RESULT: {"script":"<script> [2676 bytes]","args":[]}
COMMAND: POST /session/86cef292dcf99a21db7bb59b41f5200f/execute/async - {"script":"<script> [2342 bytes]","args":[{"protocol":"http","hostname":"0.0.0.0","path":"/","capabilities":{"browserName":"chrome","goog:chromeOptions":{"binary":"C:\\Program Files\\Google\\Chrome\\Application\\chrome.exe","args":["--start-maximized"]}},"logLevel":"warn","connectionRetryTimeout":120000,"connectionRetryCount":3,"logLevels":{},"enableDirectConnect":true,"strictSSL":true,"_":"65 more keys: [\"cacheDir\",\"port\",\"requestedCapabilities\",\"automationProtocol\",\"baseUrl\",\"waitforInterval\",\"waitforTimeout\",\"onReload\",\"beforeCommand\",\"afterCommand\",\"rootDir\",\"specs\",\"suites\",\"exclude\",\"groupLogsByTestSpec\",\"excludeDriverLogs\",\"bail\",\"framework\",\"reporters\",\"services\",\"maxInstances\",\"maxInstancesPerCapability\",\"injectGlobals\",\"filesToWatch\",\"execArgv\",\"runnerEnv\",\"runner\",\"shard\",\"specFileRetries\",\"specFileRetriesDelay\",\"specFileRetriesDeferred\",\"reporterSyncInterval\",\"reporterSyncTimeout\",\"cucumberFeaturesWithLineNumbers\",\"autoCompileOpts\",\"mochaOpts\",\"jasmineOpts\",\"cucumberOpts\",\"onPrepare\",\"onWorkerStart\",\"onWorkerEnd\",\"before\",\"beforeSession\",\"beforeSuite\",\"beforeHook\",\"beforeTest\",\"afterTest\",\"afterHook\",\"afterSuite\",\"afterSession\",\"after\",\"onComplete\",\"beforeAssertion\",\"afterAssertion\",\"beforeFeature\",\"beforeScenario\",\"beforeStep\",\"afterStep\",\"afterScenario\",\"afterFeature\",\"_\",\"suite\",\"$0\",\"ignoredWorkerServices\",\"wdi5\"]"}]}
RESULT: {"script":"<script> [2342 bytes]","args":[{"protocol":"http","hostname":"0.0.0.0","path":"/","capabilities":{"browserName":"chrome","goog:chromeOptions":{"binary":"C:\\Program Files\\Google\\Chrome\\Application\\chrome.exe","args":["--start-maximized"]}},"logLevel":"warn","connectionRetryTimeout":120000,"connectionRetryCount":3,"logLevels":{},"enableDirectConnect":true,"strictSSL":true,"_":"65 more keys: [\"cacheDir\",\"port\",\"requestedCapabilities\",\"automationProtocol\",\"baseUrl\",\"waitforInterval\",\"waitforTimeout\",\"onReload\",\"beforeCommand\",\"afterCommand\",\"rootDir\",\"specs\",\"suites\",\"exclude\",\"groupLogsByTestSpec\",\"excludeDriverLogs\",\"bail\",\"framework\",\"reporters\",\"services\",\"maxInstances\",\"maxInstancesPerCapability\",\"injectGlobals\",\"filesToWatch\",\"execArgv\",\"runnerEnv\",\"runner\",\"shard\",\"specFileRetries\",\"specFileRetriesDelay\",\"specFileRetriesDeferred\",\"reporterSyncInterval\",\"reporterSyncTimeout\",\"cucumberFeaturesWithLineNumbers\",\"autoCompileOpts\",\"mochaOpts\",\"jasmineOpts\",\"cucumberOpts\",\"onPrepare\",\"onWorkerStart\",\"onWorkerEnd\",\"before\",\"beforeSession\",\"beforeSuite\",\"beforeHook\",\"beforeTest\",\"afterTest\",\"afterHook\",\"afterSuite\",\"afterSession\",\"after\",\"onComplete\",\"beforeAssertion\",\"afterAssertion\",\"beforeFeature\",\"beforeScenario\",\"beforeStep\",\"afterStep\",\"afterScenario\",\"afterFeature\",\"_\",\"suite\",\"$0\",\"ignoredWorkerServices\",\"wdi5\"]"}]}
COMMAND: POST /session/86cef292dcf99a21db7bb59b41f5200f/execute/async - {"script":"<script> [21126 bytes]","args":[35000]}
RESULT: {"script":"<script> [21126 bytes]","args":[35000]}
COMMAND: POST /session/86cef292dcf99a21db7bb59b41f5200f/window/maximize - {}
RESULT: {}
COMMAND: POST /session/86cef292dcf99a21db7bb59b41f5200f/execute/async - {"script":"<script> [1562 bytes]","args":[{"selector":{"id":"shell-header","interaction":{"idSuffix":"icon"}},"wdio_ui5_key":"shellheader"}]}
COMMAND: GET /session/86cef292dcf99a21db7bb59b41f5200f/screenshot - {}
RESULT: {"script":"<script> [1562 bytes]","args":[{"selector":{"id":"shell-header","interaction":{"idSuffix":"icon"}},"wdio_ui5_key":"shellheader"}]}
RESULT: undefined
RESULT: {}
]]></system-out>
    </testcase>
  </testsuite>
  <testsuite timestamp="2025-04-28T15:44:24" time="432.639" tests="5" failures="0" errors="0" skipped="0">
    <properties>
      <property name="specId" value="0" />
      <property name="suiteName" value="Warehouse movements inventory test" />
      <property name="capabilities" value="chrome.135_0_7049_96.windows" />
      <property name="file" value="file:///D:/a/1/s/test/specs/R2C/create-resource.spec.js" />
    </properties>
    <testcase classname="chrome.135_0_7049_96.windows.Warehouse_movements_inventory_test" name="Should create a new WHM yard" time="118.481">
      <system-out><![CDATA[
COMMAND: POST /session/86cef292dcf99a21db7bb59b41f5200f/execute/async - {"script":"<script> [1562 bytes]","args":[{"selector":{"controlType":"sap.m.GenericTile","properties":{"header":"Manage Yards"}},"wdio_ui5_key":"sapm.GenericTile{\"header\":\"Manage Yards\"}"}]}
RESULT: {"script":"<script> [1562 bytes]","args":[{"selector":{"controlType":"sap.m.GenericTile","properties":{"header":"Manage Yards"}},"wdio_ui5_key":"sapm.GenericTile{\"header\":\"Manage Yards\"}"}]}
RESULT: undefined
COMMAND: POST /session/86cef292dcf99a21db7bb59b41f5200f/element - {"using":"xpath","value":"//*[@id=\"__tile41\"]"}
RESULT: {"using":"xpath","value":"//*[@id=\"__tile41\"]"}
COMMAND: POST /session/86cef292dcf99a21db7bb59b41f5200f/element/f.D07DA9D7691935B74F99E9A1B60A37E7.d.67360EABEC4449DA528BCD22F855DA2E.e.8734/click - {}
RESULT: {}
COMMAND: GET /session/86cef292dcf99a21db7bb59b41f5200f/screenshot - {}
RESULT: {}
COMMAND: POST /session/86cef292dcf99a21db7bb59b41f5200f/execute/async - {"script":"<script> [1562 bytes]","args":[{"selector":{"controlType":"sap.ui.core.Icon","viewName":"etm.portal.ui.manageyards.view.Master","viewId":"application-manageyards-display-component---masterYard","properties":{"src":{"regex":{"source":"add"}}}},"wdio_ui5_key":"etmportal.ui.manageyards.view.Mastersap.ui.core.Icon{\"src\":{\"regex\":{\"source\":\"add\"}}}"}]}
RESULT: {"script":"<script> [1562 bytes]","args":[{"selector":{"controlType":"sap.ui.core.Icon","viewName":"etm.portal.ui.manageyards.view.Master","viewId":"application-manageyards-display-component---masterYard","properties":{"src":{"regex":{"source":"add"}}}},"wdio_ui5_key":"etmportal.ui.manageyards.view.Mastersap.ui.core.Icon{\"src\":{\"regex\":{\"source\":\"add\"}}}"}]}
RESULT: undefined
COMMAND: POST /session/86cef292dcf99a21db7bb59b41f5200f/element - {"using":"xpath","value":"//*[@id=\"__button4-img\"]"}
RESULT: {"using":"xpath","value":"//*[@id=\"__button4-img\"]"}
COMMAND: POST /session/86cef292dcf99a21db7bb59b41f5200f/element/f.D07DA9D7691935B74F99E9A1B60A37E7.d.67360EABEC4449DA528BCD22F855DA2E.e.8781/click - {}
RESULT: {}
COMMAND: GET /session/86cef292dcf99a21db7bb59b41f5200f/screenshot - {}
RESULT: {}
COMMAND: POST /session/86cef292dcf99a21db7bb59b41f5200f/execute/async - {"script":"<script> [1562 bytes]","args":[{"selector":{"id":"application-manageyards-display-component---NewYard--yardId","interaction":{"idSuffix":"inner"}},"wdio_ui5_key":"applicationmanageyards-display-component---NewYard--yardId"}]}
RESULT: {"script":"<script> [1562 bytes]","args":[{"selector":{"id":"application-manageyards-display-component---NewYard--yardId","interaction":{"idSuffix":"inner"}},"wdio_ui5_key":"applicationmanageyards-display-component---NewYard--yardId"}]}
RESULT: undefined
COMMAND: POST /session/86cef292dcf99a21db7bb59b41f5200f/element - {"using":"xpath","value":"//*[@id=\"application-manageyards-display-component---NewYard--addressDetailDetailsName1-inner\"]"}
RESULT: {"using":"xpath","value":"//*[@id=\"application-manageyards-display-component---NewYard--addressDetailDetailsName1-inner\"]"}
COMMAND: POST /session/86cef292dcf99a21db7bb59b41f5200f/element/f.D07DA9D7691935B74F99E9A1B60A37E7.d.67360EABEC4449DA528BCD22F855DA2E.e.8994/clear - {}
RESULT: {}
COMMAND: POST /session/86cef292dcf99a21db7bb59b41f5200f/element/f.D07DA9D7691935B74F99E9A1B60A37E7.d.67360EABEC4449DA528BCD22F855DA2E.e.8994/value - {"text":"WebdriverWHMYard7cb6vk"}
COMMAND: GET /session/86cef292dcf99a21db7bb59b41f5200f/screenshot - {}
RESULT: {"text":"WebdriverWHMYard7cb6vk"}
COMMAND: POST /session/86cef292dcf99a21db7bb59b41f5200f/element - {"using":"xpath","value":"//*[@id=\"application-manageyards-display-component---NewYard--addressDetailDetailsLanguage-inner\"]"}
COMMAND: GET /session/86cef292dcf99a21db7bb59b41f5200f/screenshot - {}
RESULT: {}
RESULT: {"using":"xpath","value":"//*[@id=\"application-manageyards-display-component---NewYard--addressDetailDetailsLanguage-inner\"]"}
COMMAND: POST /session/86cef292dcf99a21db7bb59b41f5200f/element/f.D07DA9D7691935B74F99E9A1B60A37E7.d.67360EABEC4449DA528BCD22F855DA2E.e.8995/clear - {}
RESULT: {}
RESULT: {}
COMMAND: POST /session/86cef292dcf99a21db7bb59b41f5200f/element/f.D07DA9D7691935B74F99E9A1B60A37E7.d.67360EABEC4449DA528BCD22F855DA2E.e.8995/value - {"text":"Romanian"}
COMMAND: GET /session/86cef292dcf99a21db7bb59b41f5200f/screenshot - {}
RESULT: {"text":"Romanian"}
COMMAND: POST /session/86cef292dcf99a21db7bb59b41f5200f/element - {"using":"xpath","value":"//input[contains(@id ,\"application-manageyards-display-component---NewYard--addressDetailDetailsName1-inner\")]"}
COMMAND: GET /session/86cef292dcf99a21db7bb59b41f5200f/screenshot - {}
RESULT: {}
RESULT: {"using":"xpath","value":"//input[contains(@id ,\"application-manageyards-display-component---NewYard--addressDetailDetailsName1-inner\")]"}
COMMAND: GET /session/86cef292dcf99a21db7bb59b41f5200f/element/f.D07DA9D7691935B74F99E9A1B60A37E7.d.67360EABEC4449DA528BCD22F855DA2E.e.8994/property/value - {}
RESULT: {}
RESULT: {}
COMMAND: GET /session/86cef292dcf99a21db7bb59b41f5200f/screenshot - {}
RESULT: {}
COMMAND: POST /session/86cef292dcf99a21db7bb59b41f5200f/element - {"using":"xpath","value":"//*[@id=\"application-manageyards-display-component---NewYard--addressDetailDetailsCity1-inner\"]"}
RESULT: {"using":"xpath","value":"//*[@id=\"application-manageyards-display-component---NewYard--addressDetailDetailsCity1-inner\"]"}
COMMAND: POST /session/86cef292dcf99a21db7bb59b41f5200f/element/f.D07DA9D7691935B74F99E9A1B60A37E7.d.67360EABEC4449DA528BCD22F855DA2E.e.8997/clear - {}
RESULT: {}
COMMAND: POST /session/86cef292dcf99a21db7bb59b41f5200f/element/f.D07DA9D7691935B74F99E9A1B60A37E7.d.67360EABEC4449DA528BCD22F855DA2E.e.8997/value - {"text":"Bucuresti"}
COMMAND: GET /session/86cef292dcf99a21db7bb59b41f5200f/screenshot - {}
RESULT: {"text":"Bucuresti"}
COMMAND: GET /session/86cef292dcf99a21db7bb59b41f5200f/screenshot - {}
RESULT: {}
RESULT: {}
COMMAND: POST /session/86cef292dcf99a21db7bb59b41f5200f/element - {"using":"xpath","value":"//*[@id=\"application-manageyards-display-component---NewYard--addressDetailDetailsCountry-inner\"]"}
RESULT: {"using":"xpath","value":"//*[@id=\"application-manageyards-display-component---NewYard--addressDetailDetailsCountry-inner\"]"}
COMMAND: POST /session/86cef292dcf99a21db7bb59b41f5200f/element/f.D07DA9D7691935B74F99E9A1B60A37E7.d.67360EABEC4449DA528BCD22F855DA2E.e.9001/clear - {}
RESULT: {}
COMMAND: POST /session/86cef292dcf99a21db7bb59b41f5200f/element/f.D07DA9D7691935B74F99E9A1B60A37E7.d.67360EABEC4449DA528BCD22F855DA2E.e.9001/value - {"text":"Romania"}
COMMAND: GET /session/86cef292dcf99a21db7bb59b41f5200f/screenshot - {}
RESULT: {"text":"Romania"}
COMMAND: GET /session/86cef292dcf99a21db7bb59b41f5200f/screenshot - {}
RESULT: {}
RESULT: {}
COMMAND: POST /session/86cef292dcf99a21db7bb59b41f5200f/execute/async - {"script":"<script> [1562 bytes]","args":[{"selector":{"controlType":"sap.m.Button","viewName":"etm.portal.ui.manageyards.view.New","viewId":"application-manageyards-display-component---NewYard","properties":{"text":"Commercial"},"interaction":{"idSuffix":"BDI-content"}},"wdio_ui5_key":"etmportal.ui.manageyards.view.Newsap.m.Button{\"text\":\"Commercial\"}"}]}
RESULT: {"script":"<script> [1562 bytes]","args":[{"selector":{"controlType":"sap.m.Button","viewName":"etm.portal.ui.manageyards.view.New","viewId":"application-manageyards-display-component---NewYard","properties":{"text":"Commercial"},"interaction":{"idSuffix":"BDI-content"}},"wdio_ui5_key":"etmportal.ui.manageyards.view.Newsap.m.Button{\"text\":\"Commercial\"}"}]}
RESULT: undefined
COMMAND: POST /session/86cef292dcf99a21db7bb59b41f5200f/element - {"using":"xpath","value":"//*[@id=\"application-manageyards-display-component---NewYard--ObjectPageLayout-anchBar-__section5-anchor\"]"}
RESULT: {"using":"xpath","value":"//*[@id=\"application-manageyards-display-component---NewYard--ObjectPageLayout-anchBar-__section5-anchor\"]"}
COMMAND: POST /session/86cef292dcf99a21db7bb59b41f5200f/element/f.D07DA9D7691935B74F99E9A1B60A37E7.d.67360EABEC4449DA528BCD22F855DA2E.e.9192/click - {}
RESULT: {}
COMMAND: GET /session/86cef292dcf99a21db7bb59b41f5200f/screenshot - {}
RESULT: {}
COMMAND: POST /session/86cef292dcf99a21db7bb59b41f5200f/element - {"using":"xpath","value":"//div[contains(text(), \"Commercial\")]"}
RESULT: {"using":"xpath","value":"//div[contains(text(), \"Commercial\")]"}
COMMAND: GET /session/86cef292dcf99a21db7bb59b41f5200f/element/f.D07DA9D7691935B74F99E9A1B60A37E7.d.67360EABEC4449DA528BCD22F855DA2E.e.9201/rect - {}
RESULT: {}
COMMAND: GET /session/86cef292dcf99a21db7bb59b41f5200f/window/rect - {}
RESULT: {}
COMMAND: POST /session/86cef292dcf99a21db7bb59b41f5200f/execute/sync - {"script":"<script> [92 bytes]","args":[]}
RESULT: {"script":"<script> [92 bytes]","args":[]}
COMMAND: POST /session/86cef292dcf99a21db7bb59b41f5200f/actions - {"actions":[{"id":"action27","type":"wheel","parameters":{},"actions":[{"type":"scroll","x":-1841,"y":-44,"deltaX":0,"deltaY":0,"duration":0,"origin":{"element-6066-11e4-a52e-4f735466cecf":"f.D07DA9D7691935B74F99E9A1B60A37E7.d.67360EABEC4449DA528BCD22F855DA2E.e.9201"}}]}]}
COMMAND: GET /session/86cef292dcf99a21db7bb59b41f5200f/screenshot - {}
RESULT: {}
COMMAND: POST /session/86cef292dcf99a21db7bb59b41f5200f/execute/sync - {"script":"<script> [79 bytes]","args":[{"element-6066-11e4-a52e-4f735466cecf":"f.D07DA9D7691935B74F99E9A1B60A37E7.d.67360EABEC4449DA528BCD22F855DA2E.e.9201","ELEMENT":"f.D07DA9D7691935B74F99E9A1B60A37E7.d.67360EABEC4449DA528BCD22F855DA2E.e.9201"},{"block":"start","inline":"nearest"}]}
RESULT: {"script":"<script> [79 bytes]","args":[{"element-6066-11e4-a52e-4f735466cecf":"f.D07DA9D7691935B74F99E9A1B60A37E7.d.67360EABEC4449DA528BCD22F855DA2E.e.9201","ELEMENT":"f.D07DA9D7691935B74F99E9A1B60A37E7.d.67360EABEC4449DA528BCD22F855DA2E.e.9201"},{"block":"start","inline":"nearest"}]}
COMMAND: GET /session/86cef292dcf99a21db7bb59b41f5200f/screenshot - {}
RESULT: {}
COMMAND: POST /session/86cef292dcf99a21db7bb59b41f5200f/execute/async - {"script":"<script> [1562 bytes]","args":[{"selector":{"id":"application-manageyards-display-component---NewYard--addressEditDetailsCostObjectCstType-arrow"},"wdio_ui5_key":"applicationmanageyards-display-component---NewYard--addressEditDetailsCostObjectCstType-arrow"}]}
RESULT: {"script":"<script> [1562 bytes]","args":[{"selector":{"id":"application-manageyards-display-component---NewYard--addressEditDetailsCostObjectCstType-arrow"},"wdio_ui5_key":"applicationmanageyards-display-component---NewYard--addressEditDetailsCostObjectCstType-arrow"}]}
RESULT: undefined
COMMAND: POST /session/86cef292dcf99a21db7bb59b41f5200f/element - {"using":"xpath","value":"//*[@id=\"application-manageyards-display-component---NewYard--addressEditDetailsCostObjectCstType-arrow\"]"}
RESULT: {"using":"xpath","value":"//*[@id=\"application-manageyards-display-component---NewYard--addressEditDetailsCostObjectCstType-arrow\"]"}
COMMAND: POST /session/86cef292dcf99a21db7bb59b41f5200f/element/f.D07DA9D7691935B74F99E9A1B60A37E7.d.67360EABEC4449DA528BCD22F855DA2E.e.9202/click - {}
RESULT: {}
COMMAND: POST /session/86cef292dcf99a21db7bb59b41f5200f/element - {"using":"xpath","value":"//span[contains(text(), \"Cost Center\")]"}
COMMAND: GET /session/86cef292dcf99a21db7bb59b41f5200f/screenshot - {}
RESULT: {"using":"xpath","value":"//span[contains(text(), \"Cost Center\")]"}
COMMAND: POST /session/86cef292dcf99a21db7bb59b41f5200f/element/f.D07DA9D7691935B74F99E9A1B60A37E7.d.67360EABEC4449DA528BCD22F855DA2E.e.9203/click - {}
RESULT: {}
RESULT: {}
COMMAND: GET /session/86cef292dcf99a21db7bb59b41f5200f/screenshot - {}
RESULT: {}
COMMAND: POST /session/86cef292dcf99a21db7bb59b41f5200f/execute/async - {"script":"<script> [1562 bytes]","args":[{"selector":{"id":"application-manageyards-display-component---NewYard--addressNewCostObjectCstID-vhi"},"wdio_ui5_key":"applicationmanageyards-display-component---NewYard--addressNewCostObjectCstID-vhi"}]}
RESULT: {"script":"<script> [1562 bytes]","args":[{"selector":{"id":"application-manageyards-display-component---NewYard--addressNewCostObjectCstID-vhi"},"wdio_ui5_key":"applicationmanageyards-display-component---NewYard--addressNewCostObjectCstID-vhi"}]}
RESULT: undefined
COMMAND: POST /session/86cef292dcf99a21db7bb59b41f5200f/element - {"using":"xpath","value":"//*[@id=\"application-manageyards-display-component---NewYard--addressNewCostObjectCstID-vhi\"]"}
RESULT: {"using":"xpath","value":"//*[@id=\"application-manageyards-display-component---NewYard--addressNewCostObjectCstID-vhi\"]"}
COMMAND: POST /session/86cef292dcf99a21db7bb59b41f5200f/element/f.D07DA9D7691935B74F99E9A1B60A37E7.d.67360EABEC4449DA528BCD22F855DA2E.e.9207/click - {}
RESULT: {}
COMMAND: GET /session/86cef292dcf99a21db7bb59b41f5200f/screenshot - {}
RESULT: {}
COMMAND: POST /session/86cef292dcf99a21db7bb59b41f5200f/execute/async - {"script":"<script> [1562 bytes]","args":[{"selector":{"controlType":"sap.m.SearchField","properties":{"placeholder":"Search"},"searchOpenDialogs":true,"interaction":{"idSuffix":"I"}},"wdio_ui5_key":"sapm.SearchField{\"placeholder\":\"Search\"}"}]}
RESULT: {"script":"<script> [1562 bytes]","args":[{"selector":{"controlType":"sap.m.SearchField","properties":{"placeholder":"Search"},"searchOpenDialogs":true,"interaction":{"idSuffix":"I"}},"wdio_ui5_key":"sapm.SearchField{\"placeholder\":\"Search\"}"}]}
RESULT: undefined
COMMAND: POST /session/86cef292dcf99a21db7bb59b41f5200f/execute/async - {"script":"<script> [776 bytes]","args":[{"enterText":"10001013","selector":{"controlType":"sap.m.SearchField","properties":{"placeholder":"Search"},"searchOpenDialogs":true,"interaction":{"idSuffix":"I"}},"clearTextFirst":true,"interactionType":"ENTER_TEXT"}]}
RESULT: {"script":"<script> [776 bytes]","args":[{"enterText":"10001013","selector":{"controlType":"sap.m.SearchField","properties":{"placeholder":"Search"},"searchOpenDialogs":true,"interaction":{"idSuffix":"I"}},"clearTextFirst":true,"interactionType":"ENTER_TEXT"}]}
COMMAND: POST /session/86cef292dcf99a21db7bb59b41f5200f/actions - {"actions":[{"id":"action28","type":"key","parameters":{},"actions":[{"type":"keyDown","value":"î€‡"},{"type":"pause","duration":10},{"type":"keyUp","value":"î€‡"}]}]}
RESULT: {"actions":[{"id":"action28","type":"key","parameters":{},"actions":[{"type":"keyDown","value":"î€‡"},{"type":"pause","duration":10},{"type":"keyUp","value":"î€‡"}]}]}
COMMAND: GET /session/86cef292dcf99a21db7bb59b41f5200f/screenshot - {}
RESULT: {}
COMMAND: POST /session/86cef292dcf99a21db7bb59b41f5200f/element - {"using":"xpath","value":"//span[contains(text(), \"General Management\")]"}
RESULT: {"using":"xpath","value":"//span[contains(text(), \"General Management\")]"}
COMMAND: POST /session/86cef292dcf99a21db7bb59b41f5200f/element/f.D07DA9D7691935B74F99E9A1B60A37E7.d.67360EABEC4449DA528BCD22F855DA2E.e.9248/click - {}
RESULT: {}
COMMAND: GET /session/86cef292dcf99a21db7bb59b41f5200f/screenshot - {}
RESULT: {}
COMMAND: POST /session/86cef292dcf99a21db7bb59b41f5200f/element - {"using":"xpath","value":"//bdi[contains(text(), \"OK\")]"}
RESULT: {"using":"xpath","value":"//bdi[contains(text(), \"OK\")]"}
COMMAND: POST /session/86cef292dcf99a21db7bb59b41f5200f/element/f.D07DA9D7691935B74F99E9A1B60A37E7.d.67360EABEC4449DA528BCD22F855DA2E.e.9249/click - {}
RESULT: {}
COMMAND: GET /session/86cef292dcf99a21db7bb59b41f5200f/screenshot - {}
RESULT: {}
COMMAND: POST /session/86cef292dcf99a21db7bb59b41f5200f/execute/async - {"script":"<script> [1562 bytes]","args":[{"selector":{"id":"application-manageyards-display-component---NewYard--addressEditDetailsCurrency","interaction":{"idSuffix":"inner"}},"wdio_ui5_key":"applicationmanageyards-display-component---NewYard--addressEditDetailsCurrency"}]}
RESULT: {"script":"<script> [1562 bytes]","args":[{"selector":{"id":"application-manageyards-display-component---NewYard--addressEditDetailsCurrency","interaction":{"idSuffix":"inner"}},"wdio_ui5_key":"applicationmanageyards-display-component---NewYard--addressEditDetailsCurrency"}]}
RESULT: undefined
COMMAND: POST /session/86cef292dcf99a21db7bb59b41f5200f/execute/async - {"script":"<script> [776 bytes]","args":[{"enterText":"Euro","selector":{"id":"application-manageyards-display-component---NewYard--addressEditDetailsCurrency","interaction":{"idSuffix":"inner"}},"clearTextFirst":true,"interactionType":"ENTER_TEXT"}]}
RESULT: {"script":"<script> [776 bytes]","args":[{"enterText":"Euro","selector":{"id":"application-manageyards-display-component---NewYard--addressEditDetailsCurrency","interaction":{"idSuffix":"inner"}},"clearTextFirst":true,"interactionType":"ENTER_TEXT"}]}
COMMAND: POST /session/86cef292dcf99a21db7bb59b41f5200f/execute/async - {"script":"<script> [1562 bytes]","args":[{"selector":{"controlType":"sap.m.Input","viewName":"etm.portal.ui.manageyards.view.New","viewId":"application-manageyards-display-component---NewYard","bindingPath":{"path":"","propertyPath":"/CONTROLLING_AREA","modelName":"NewYardModel"},"interaction":{"idSuffix":"inner"}},"wdio_ui5_key":"etmportal.ui.manageyards.view.Newsap.m.Input{\"path\":\"\",\"propertyPath\":\"/CONTROLLING_AREA\",\"modelName\":\"NewYardModel\"}"}]}
RESULT: {"script":"<script> [1562 bytes]","args":[{"selector":{"controlType":"sap.m.Input","viewName":"etm.portal.ui.manageyards.view.New","viewId":"application-manageyards-display-component---NewYard","bindingPath":{"path":"","propertyPath":"/CONTROLLING_AREA","modelName":"NewYardModel"},"interaction":{"idSuffix":"inner"}},"wdio_ui5_key":"etmportal.ui.manageyards.view.Newsap.m.Input{\"path\":\"\",\"propertyPath\":\"/CONTROLLING_AREA\",\"modelName\":\"NewYardModel\"}"}]}
RESULT: undefined
COMMAND: POST /session/86cef292dcf99a21db7bb59b41f5200f/execute/async - {"script":"<script> [776 bytes]","args":[{"enterText":"Z001","selector":{"controlType":"sap.m.Input","viewName":"etm.portal.ui.manageyards.view.New","viewId":"application-manageyards-display-component---NewYard","bindingPath":{"path":"","propertyPath":"/CONTROLLING_AREA","modelName":"NewYardModel"},"interaction":{"idSuffix":"inner"}},"clearTextFirst":true,"interactionType":"ENTER_TEXT"}]}
RESULT: {"script":"<script> [776 bytes]","args":[{"enterText":"Z001","selector":{"controlType":"sap.m.Input","viewName":"etm.portal.ui.manageyards.view.New","viewId":"application-manageyards-display-component---NewYard","bindingPath":{"path":"","propertyPath":"/CONTROLLING_AREA","modelName":"NewYardModel"},"interaction":{"idSuffix":"inner"}},"clearTextFirst":true,"interactionType":"ENTER_TEXT"}]}
COMMAND: POST /session/86cef292dcf99a21db7bb59b41f5200f/execute/async - {"script":"<script> [1562 bytes]","args":[{"selector":{"id":"application-manageyards-display-component---NewYard--companyCodeComboBox","interaction":{"idSuffix":"inner"}},"wdio_ui5_key":"applicationmanageyards-display-component---NewYard--companyCodeComboBox"}]}
RESULT: {"script":"<script> [1562 bytes]","args":[{"selector":{"id":"application-manageyards-display-component---NewYard--companyCodeComboBox","interaction":{"idSuffix":"inner"}},"wdio_ui5_key":"applicationmanageyards-display-component---NewYard--companyCodeComboBox"}]}
RESULT: undefined
COMMAND: POST /session/86cef292dcf99a21db7bb59b41f5200f/execute/async - {"script":"<script> [776 bytes]","args":[{"enterText":"1000","selector":{"id":"application-manageyards-display-component---NewYard--companyCodeComboBox","interaction":{"idSuffix":"inner"}},"clearTextFirst":true,"interactionType":"ENTER_TEXT"}]}
RESULT: {"script":"<script> [776 bytes]","args":[{"enterText":"1000","selector":{"id":"application-manageyards-display-component---NewYard--companyCodeComboBox","interaction":{"idSuffix":"inner"}},"clearTextFirst":true,"interactionType":"ENTER_TEXT"}]}
COMMAND: POST /session/86cef292dcf99a21db7bb59b41f5200f/actions - {"actions":[{"id":"action29","type":"key","parameters":{},"actions":[{"type":"keyDown","value":"î€‡"},{"type":"pause","duration":10},{"type":"keyUp","value":"î€‡"}]}]}
RESULT: {"actions":[{"id":"action29","type":"key","parameters":{},"actions":[{"type":"keyDown","value":"î€‡"},{"type":"pause","duration":10},{"type":"keyUp","value":"î€‡"}]}]}
COMMAND: POST /session/86cef292dcf99a21db7bb59b41f5200f/execute/async - {"script":"<script> [1562 bytes]","args":[{"selector":{"controlType":"sap.m.Input","viewName":"etm.portal.ui.manageyards.view.New","viewId":"application-manageyards-display-component---NewYard","bindingPath":{"path":"","propertyPath":"/PLANT","modelName":"NewYardModel"},"interaction":{"idSuffix":"inner"}},"wdio_ui5_key":"etmportal.ui.manageyards.view.Newsap.m.Input{\"path\":\"\",\"propertyPath\":\"/PLANT\",\"modelName\":\"NewYardModel\"}"}]}
COMMAND: GET /session/86cef292dcf99a21db7bb59b41f5200f/screenshot - {}
RESULT: {"script":"<script> [1562 bytes]","args":[{"selector":{"controlType":"sap.m.Input","viewName":"etm.portal.ui.manageyards.view.New","viewId":"application-manageyards-display-component---NewYard","bindingPath":{"path":"","propertyPath":"/PLANT","modelName":"NewYardModel"},"interaction":{"idSuffix":"inner"}},"wdio_ui5_key":"etmportal.ui.manageyards.view.Newsap.m.Input{\"path\":\"\",\"propertyPath\":\"/PLANT\",\"modelName\":\"NewYardModel\"}"}]}
RESULT: undefined
COMMAND: POST /session/86cef292dcf99a21db7bb59b41f5200f/execute/async - {"script":"<script> [776 bytes]","args":[{"enterText":"1001","selector":{"controlType":"sap.m.Input","viewName":"etm.portal.ui.manageyards.view.New","viewId":"application-manageyards-display-component---NewYard","bindingPath":{"path":"","propertyPath":"/PLANT","modelName":"NewYardModel"},"interaction":{"idSuffix":"inner"}},"clearTextFirst":true,"interactionType":"ENTER_TEXT"}]}
RESULT: {}
RESULT: {"script":"<script> [776 bytes]","args":[{"enterText":"1001","selector":{"controlType":"sap.m.Input","viewName":"etm.portal.ui.manageyards.view.New","viewId":"application-manageyards-display-component---NewYard","bindingPath":{"path":"","propertyPath":"/PLANT","modelName":"NewYardModel"},"interaction":{"idSuffix":"inner"}},"clearTextFirst":true,"interactionType":"ENTER_TEXT"}]}
COMMAND: POST /session/86cef292dcf99a21db7bb59b41f5200f/execute/async - {"script":"<script> [1562 bytes]","args":[{"selector":{"controlType":"sap.m.Input","viewName":"etm.portal.ui.manageyards.view.New","viewId":"application-manageyards-display-component---NewYard","bindingPath":{"path":"","propertyPath":"/SALES_AREA_VKORG","modelName":"NewYardModel"},"interaction":{"idSuffix":"inner"}},"wdio_ui5_key":"etmportal.ui.manageyards.view.Newsap.m.Input{\"path\":\"\",\"propertyPath\":\"/SALES_AREA_VKORG\",\"modelName\":\"NewYardModel\"}"}]}
RESULT: {"script":"<script> [1562 bytes]","args":[{"selector":{"controlType":"sap.m.Input","viewName":"etm.portal.ui.manageyards.view.New","viewId":"application-manageyards-display-component---NewYard","bindingPath":{"path":"","propertyPath":"/SALES_AREA_VKORG","modelName":"NewYardModel"},"interaction":{"idSuffix":"inner"}},"wdio_ui5_key":"etmportal.ui.manageyards.view.Newsap.m.Input{\"path\":\"\",\"propertyPath\":\"/SALES_AREA_VKORG\",\"modelName\":\"NewYardModel\"}"}]}
RESULT: undefined
COMMAND: POST /session/86cef292dcf99a21db7bb59b41f5200f/execute/async - {"script":"<script> [776 bytes]","args":[{"enterText":"C002","selector":{"controlType":"sap.m.Input","viewName":"etm.portal.ui.manageyards.view.New","viewId":"application-manageyards-display-component---NewYard","bindingPath":{"path":"","propertyPath":"/SALES_AREA_VKORG","modelName":"NewYardModel"},"interaction":{"idSuffix":"inner"}},"clearTextFirst":true,"interactionType":"ENTER_TEXT"}]}
RESULT: {"script":"<script> [776 bytes]","args":[{"enterText":"C002","selector":{"controlType":"sap.m.Input","viewName":"etm.portal.ui.manageyards.view.New","viewId":"application-manageyards-display-component---NewYard","bindingPath":{"path":"","propertyPath":"/SALES_AREA_VKORG","modelName":"NewYardModel"},"interaction":{"idSuffix":"inner"}},"clearTextFirst":true,"interactionType":"ENTER_TEXT"}]}
COMMAND: POST /session/86cef292dcf99a21db7bb59b41f5200f/execute/async - {"script":"<script> [1562 bytes]","args":[{"selector":{"controlType":"sap.m.Input","viewName":"etm.portal.ui.manageyards.view.New","viewId":"application-manageyards-display-component---NewYard","bindingPath":{"path":"","propertyPath":"/SALES_AREA_VTWEG","modelName":"NewYardModel"},"interaction":{"idSuffix":"inner"}},"wdio_ui5_key":"etmportal.ui.manageyards.view.Newsap.m.Input{\"path\":\"\",\"propertyPath\":\"/SALES_AREA_VTWEG\",\"modelName\":\"NewYardModel\"}"}]}
RESULT: {"script":"<script> [1562 bytes]","args":[{"selector":{"controlType":"sap.m.Input","viewName":"etm.portal.ui.manageyards.view.New","viewId":"application-manageyards-display-component---NewYard","bindingPath":{"path":"","propertyPath":"/SALES_AREA_VTWEG","modelName":"NewYardModel"},"interaction":{"idSuffix":"inner"}},"wdio_ui5_key":"etmportal.ui.manageyards.view.Newsap.m.Input{\"path\":\"\",\"propertyPath\":\"/SALES_AREA_VTWEG\",\"modelName\":\"NewYardModel\"}"}]}
RESULT: undefined
COMMAND: POST /session/86cef292dcf99a21db7bb59b41f5200f/execute/async - {"script":"<script> [776 bytes]","args":[{"enterText":"C2","selector":{"controlType":"sap.m.Input","viewName":"etm.portal.ui.manageyards.view.New","viewId":"application-manageyards-display-component---NewYard","bindingPath":{"path":"","propertyPath":"/SALES_AREA_VTWEG","modelName":"NewYardModel"},"interaction":{"idSuffix":"inner"}},"clearTextFirst":true,"interactionType":"ENTER_TEXT"}]}
RESULT: {"script":"<script> [776 bytes]","args":[{"enterText":"C2","selector":{"controlType":"sap.m.Input","viewName":"etm.portal.ui.manageyards.view.New","viewId":"application-manageyards-display-component---NewYard","bindingPath":{"path":"","propertyPath":"/SALES_AREA_VTWEG","modelName":"NewYardModel"},"interaction":{"idSuffix":"inner"}},"clearTextFirst":true,"interactionType":"ENTER_TEXT"}]}
COMMAND: POST /session/86cef292dcf99a21db7bb59b41f5200f/execute/async - {"script":"<script> [1562 bytes]","args":[{"selector":{"controlType":"sap.m.Input","viewName":"etm.portal.ui.manageyards.view.New","viewId":"application-manageyards-display-component---NewYard","bindingPath":{"path":"","propertyPath":"/SALES_AREA_SPART","modelName":"NewYardModel"},"interaction":{"idSuffix":"inner"}},"wdio_ui5_key":"etmportal.ui.manageyards.view.Newsap.m.Input{\"path\":\"\",\"propertyPath\":\"/SALES_AREA_SPART\",\"modelName\":\"NewYardModel\"}"}]}
RESULT: {"script":"<script> [1562 bytes]","args":[{"selector":{"controlType":"sap.m.Input","viewName":"etm.portal.ui.manageyards.view.New","viewId":"application-manageyards-display-component---NewYard","bindingPath":{"path":"","propertyPath":"/SALES_AREA_SPART","modelName":"NewYardModel"},"interaction":{"idSuffix":"inner"}},"wdio_ui5_key":"etmportal.ui.manageyards.view.Newsap.m.Input{\"path\":\"\",\"propertyPath\":\"/SALES_AREA_SPART\",\"modelName\":\"NewYardModel\"}"}]}
RESULT: undefined
COMMAND: POST /session/86cef292dcf99a21db7bb59b41f5200f/execute/async - {"script":"<script> [776 bytes]","args":[{"enterText":"C2","selector":{"controlType":"sap.m.Input","viewName":"etm.portal.ui.manageyards.view.New","viewId":"application-manageyards-display-component---NewYard","bindingPath":{"path":"","propertyPath":"/SALES_AREA_SPART","modelName":"NewYardModel"},"interaction":{"idSuffix":"inner"}},"clearTextFirst":true,"interactionType":"ENTER_TEXT"}]}
RESULT: {"script":"<script> [776 bytes]","args":[{"enterText":"C2","selector":{"controlType":"sap.m.Input","viewName":"etm.portal.ui.manageyards.view.New","viewId":"application-manageyards-display-component---NewYard","bindingPath":{"path":"","propertyPath":"/SALES_AREA_SPART","modelName":"NewYardModel"},"interaction":{"idSuffix":"inner"}},"clearTextFirst":true,"interactionType":"ENTER_TEXT"}]}
COMMAND: POST /session/86cef292dcf99a21db7bb59b41f5200f/execute/async - {"script":"<script> [1562 bytes]","args":[{"selector":{"id":"application-manageyards-display-component---NewYard--whmCheckBox","interaction":{"idSuffix":"CbBg"}},"wdio_ui5_key":"applicationmanageyards-display-component---NewYard--whmCheckBox"}]}
RESULT: {"script":"<script> [1562 bytes]","args":[{"selector":{"id":"application-manageyards-display-component---NewYard--whmCheckBox","interaction":{"idSuffix":"CbBg"}},"wdio_ui5_key":"applicationmanageyards-display-component---NewYard--whmCheckBox"}]}
RESULT: undefined
COMMAND: POST /session/86cef292dcf99a21db7bb59b41f5200f/element - {"using":"xpath","value":"//*[@id=\"application-manageyards-display-component---NewYard--whmCheckBox\"]"}
RESULT: {"using":"xpath","value":"//*[@id=\"application-manageyards-display-component---NewYard--whmCheckBox\"]"}
COMMAND: POST /session/86cef292dcf99a21db7bb59b41f5200f/element/f.D07DA9D7691935B74F99E9A1B60A37E7.d.67360EABEC4449DA528BCD22F855DA2E.e.9260/click - {}
RESULT: {}
COMMAND: POST /session/86cef292dcf99a21db7bb59b41f5200f/execute/async - {"script":"<script> [1562 bytes]","args":[{"selector":{"controlType":"sap.m.Button","viewName":"etm.portal.ui.manageyards.view.New","viewId":"application-manageyards-display-component---NewYard","i18NText":{"propertyName":"text","key":"save"},"interaction":{"idSuffix":"inner"}},"wdio_ui5_key":"etmportal.ui.manageyards.view.Newsap.m.Button{\"propertyName\":\"text\",\"key\":\"save\"}"}]}
COMMAND: GET /session/86cef292dcf99a21db7bb59b41f5200f/screenshot - {}
RESULT: {"script":"<script> [1562 bytes]","args":[{"selector":{"controlType":"sap.m.Button","viewName":"etm.portal.ui.manageyards.view.New","viewId":"application-manageyards-display-component---NewYard","i18NText":{"propertyName":"text","key":"save"},"interaction":{"idSuffix":"inner"}},"wdio_ui5_key":"etmportal.ui.manageyards.view.Newsap.m.Button{\"propertyName\":\"text\",\"key\":\"save\"}"}]}
RESULT: undefined
COMMAND: POST /session/86cef292dcf99a21db7bb59b41f5200f/element - {"using":"xpath","value":"//*[@id=\"__button18\"]"}
RESULT: {}
RESULT: {"using":"xpath","value":"//*[@id=\"__button18\"]"}
COMMAND: POST /session/86cef292dcf99a21db7bb59b41f5200f/element/f.D07DA9D7691935B74F99E9A1B60A37E7.d.67360EABEC4449DA528BCD22F855DA2E.e.9169/click - {}
RESULT: {}
COMMAND: GET /session/86cef292dcf99a21db7bb59b41f5200f/screenshot - {}
RESULT: {}
COMMAND: POST /session/86cef292dcf99a21db7bb59b41f5200f/element - {"using":"css selector","value":"#shell-header-logo"}
RESULT: {"using":"css selector","value":"#shell-header-logo"}
COMMAND: POST /session/86cef292dcf99a21db7bb59b41f5200f/element/f.D07DA9D7691935B74F99E9A1B60A37E7.d.67360EABEC4449DA528BCD22F855DA2E.e.8724/click - {}
RESULT: {}
COMMAND: GET /session/86cef292dcf99a21db7bb59b41f5200f/screenshot - {}
RESULT: {}
COMMAND: POST /session/86cef292dcf99a21db7bb59b41f5200f/refresh - {}
RESULT: {}
COMMAND: GET /session/86cef292dcf99a21db7bb59b41f5200f/screenshot - {}
RESULT: {}
COMMAND: POST /session/86cef292dcf99a21db7bb59b41f5200f/execute/async - {"script":"<script> [189 bytes]","args":[]}
RESULT: {"script":"<script> [189 bytes]","args":[]}
COMMAND: POST /session/86cef292dcf99a21db7bb59b41f5200f/execute/async - {"script":"<script> [123 bytes]","args":[]}
RESULT: {"script":"<script> [123 bytes]","args":[]}
COMMAND: POST /session/86cef292dcf99a21db7bb59b41f5200f/timeouts - {"script":"<number>"}
RESULT: {"script":"<number>"}
COMMAND: GET /session/86cef292dcf99a21db7bb59b41f5200f/timeouts - {}
RESULT: {}
RESULT: undefined
COMMAND: POST /session/86cef292dcf99a21db7bb59b41f5200f/execute/async - {"script":"<script> [2676 bytes]","args":[]}
RESULT: {"script":"<script> [2676 bytes]","args":[]}
COMMAND: POST /session/86cef292dcf99a21db7bb59b41f5200f/execute/async - {"script":"<script> [2342 bytes]","args":[{"protocol":"http","hostname":"0.0.0.0","path":"/","capabilities":{"browserName":"chrome","goog:chromeOptions":{"binary":"C:\\Program Files\\Google\\Chrome\\Application\\chrome.exe","args":["--start-maximized"]}},"logLevel":"warn","connectionRetryTimeout":120000,"connectionRetryCount":3,"logLevels":{},"enableDirectConnect":true,"strictSSL":true,"_":"65 more keys: [\"cacheDir\",\"port\",\"requestedCapabilities\",\"automationProtocol\",\"baseUrl\",\"waitforInterval\",\"waitforTimeout\",\"onReload\",\"beforeCommand\",\"afterCommand\",\"rootDir\",\"specs\",\"suites\",\"exclude\",\"groupLogsByTestSpec\",\"excludeDriverLogs\",\"bail\",\"framework\",\"reporters\",\"services\",\"maxInstances\",\"maxInstancesPerCapability\",\"injectGlobals\",\"filesToWatch\",\"execArgv\",\"runnerEnv\",\"runner\",\"shard\",\"specFileRetries\",\"specFileRetriesDelay\",\"specFileRetriesDeferred\",\"reporterSyncInterval\",\"reporterSyncTimeout\",\"cucumberFeaturesWithLineNumbers\",\"autoCompileOpts\",\"mochaOpts\",\"jasmineOpts\",\"cucumberOpts\",\"onPrepare\",\"onWorkerStart\",\"onWorkerEnd\",\"before\",\"beforeSession\",\"beforeSuite\",\"beforeHook\",\"beforeTest\",\"afterTest\",\"afterHook\",\"afterSuite\",\"afterSession\",\"after\",\"onComplete\",\"beforeAssertion\",\"afterAssertion\",\"beforeFeature\",\"beforeScenario\",\"beforeStep\",\"afterStep\",\"afterScenario\",\"afterFeature\",\"_\",\"suite\",\"$0\",\"ignoredWorkerServices\",\"wdi5\"]"}]}
RESULT: {"script":"<script> [2342 bytes]","args":[{"protocol":"http","hostname":"0.0.0.0","path":"/","capabilities":{"browserName":"chrome","goog:chromeOptions":{"binary":"C:\\Program Files\\Google\\Chrome\\Application\\chrome.exe","args":["--start-maximized"]}},"logLevel":"warn","connectionRetryTimeout":120000,"connectionRetryCount":3,"logLevels":{},"enableDirectConnect":true,"strictSSL":true,"_":"65 more keys: [\"cacheDir\",\"port\",\"requestedCapabilities\",\"automationProtocol\",\"baseUrl\",\"waitforInterval\",\"waitforTimeout\",\"onReload\",\"beforeCommand\",\"afterCommand\",\"rootDir\",\"specs\",\"suites\",\"exclude\",\"groupLogsByTestSpec\",\"excludeDriverLogs\",\"bail\",\"framework\",\"reporters\",\"services\",\"maxInstances\",\"maxInstancesPerCapability\",\"injectGlobals\",\"filesToWatch\",\"execArgv\",\"runnerEnv\",\"runner\",\"shard\",\"specFileRetries\",\"specFileRetriesDelay\",\"specFileRetriesDeferred\",\"reporterSyncInterval\",\"reporterSyncTimeout\",\"cucumberFeaturesWithLineNumbers\",\"autoCompileOpts\",\"mochaOpts\",\"jasmineOpts\",\"cucumberOpts\",\"onPrepare\",\"onWorkerStart\",\"onWorkerEnd\",\"before\",\"beforeSession\",\"beforeSuite\",\"beforeHook\",\"beforeTest\",\"afterTest\",\"afterHook\",\"afterSuite\",\"afterSession\",\"after\",\"onComplete\",\"beforeAssertion\",\"afterAssertion\",\"beforeFeature\",\"beforeScenario\",\"beforeStep\",\"afterStep\",\"afterScenario\",\"afterFeature\",\"_\",\"suite\",\"$0\",\"ignoredWorkerServices\",\"wdi5\"]"}]}
COMMAND: POST /session/86cef292dcf99a21db7bb59b41f5200f/execute/async - {"script":"<script> [21126 bytes]","args":[35000]}
RESULT: {"script":"<script> [21126 bytes]","args":[35000]}
]]></system-out>
    </testcase>
    <testcase classname="chrome.135_0_7049_96.windows.Warehouse_movements_inventory_test" name="Should create a new warehouse organization" time="52.902">
      <system-out><![CDATA[
COMMAND: POST /session/86cef292dcf99a21db7bb59b41f5200f/execute/async - {"script":"<script> [1562 bytes]","args":[{"selector":{"controlType":"sap.m.GenericTile","properties":{"header":"Bin Status Report"}},"wdio_ui5_key":"sapm.GenericTile{\"header\":\"Bin Status Report\"}"}]}
RESULT: {"script":"<script> [1562 bytes]","args":[{"selector":{"controlType":"sap.m.GenericTile","properties":{"header":"Bin Status Report"}},"wdio_ui5_key":"sapm.GenericTile{\"header\":\"Bin Status Report\"}"}]}
RESULT: undefined
COMMAND: POST /session/86cef292dcf99a21db7bb59b41f5200f/element - {"using":"xpath","value":"//*[@id=\"__tile104\"]"}
RESULT: {"using":"xpath","value":"//*[@id=\"__tile104\"]"}
COMMAND: POST /session/86cef292dcf99a21db7bb59b41f5200f/element/f.D07DA9D7691935B74F99E9A1B60A37E7.d.FCAEB24AD4B5B26176A320941135E7F7.e.9479/click - {}
RESULT: {}
COMMAND: GET /session/86cef292dcf99a21db7bb59b41f5200f/screenshot - {}
RESULT: {}
COMMAND: POST /session/86cef292dcf99a21db7bb59b41f5200f/execute/async - {"script":"<script> [1562 bytes]","args":[{"selector":{"id":"application-binstatusreport-display-component---warehousing--createOrgBtn","interaction":{"idSuffix":"BDI-content"}},"wdio_ui5_key":"applicationbinstatusreport-display-component---warehousing--createOrgBtn"}]}
RESULT: {"script":"<script> [1562 bytes]","args":[{"selector":{"id":"application-binstatusreport-display-component---warehousing--createOrgBtn","interaction":{"idSuffix":"BDI-content"}},"wdio_ui5_key":"applicationbinstatusreport-display-component---warehousing--createOrgBtn"}]}
RESULT: undefined
COMMAND: POST /session/86cef292dcf99a21db7bb59b41f5200f/element - {"using":"xpath","value":"//*[@id=\"application-binstatusreport-display-component---warehousing--createOrgBtn\"]"}
RESULT: {"using":"xpath","value":"//*[@id=\"application-binstatusreport-display-component---warehousing--createOrgBtn\"]"}
COMMAND: POST /session/86cef292dcf99a21db7bb59b41f5200f/element/f.D07DA9D7691935B74F99E9A1B60A37E7.d.FCAEB24AD4B5B26176A320941135E7F7.e.9525/click - {}
RESULT: {}
COMMAND: GET /session/86cef292dcf99a21db7bb59b41f5200f/screenshot - {}
RESULT: {}
COMMAND: POST /session/86cef292dcf99a21db7bb59b41f5200f/execute/async - {"script":"<script> [1562 bytes]","args":[{"selector":{"id":"createOrganizationPop--sectionInput","searchOpenDialogs":true,"interaction":{"idSuffix":"inner"}},"wdio_ui5_key":"createOrganizationPopsectionInput"}]}
RESULT: {"script":"<script> [1562 bytes]","args":[{"selector":{"id":"createOrganizationPop--sectionInput","searchOpenDialogs":true,"interaction":{"idSuffix":"inner"}},"wdio_ui5_key":"createOrganizationPopsectionInput"}]}
RESULT: undefined
COMMAND: POST /session/86cef292dcf99a21db7bb59b41f5200f/execute/async - {"script":"<script> [776 bytes]","args":[{"enterText":"Seclufxtk","selector":{"id":"createOrganizationPop--sectionInput","searchOpenDialogs":true,"interaction":{"idSuffix":"inner"}},"clearTextFirst":true,"interactionType":"ENTER_TEXT"}]}
RESULT: {"script":"<script> [776 bytes]","args":[{"enterText":"Seclufxtk","selector":{"id":"createOrganizationPop--sectionInput","searchOpenDialogs":true,"interaction":{"idSuffix":"inner"}},"clearTextFirst":true,"interactionType":"ENTER_TEXT"}]}
COMMAND: POST /session/86cef292dcf99a21db7bb59b41f5200f/execute/async - {"script":"<script> [1562 bytes]","args":[{"selector":{"id":"createOrganizationPop--descriptionInput","searchOpenDialogs":true,"interaction":{"idSuffix":"inner"}},"wdio_ui5_key":"createOrganizationPopdescriptionInput"}]}
RESULT: {"script":"<script> [1562 bytes]","args":[{"selector":{"id":"createOrganizationPop--descriptionInput","searchOpenDialogs":true,"interaction":{"idSuffix":"inner"}},"wdio_ui5_key":"createOrganizationPopdescriptionInput"}]}
RESULT: undefined
COMMAND: POST /session/86cef292dcf99a21db7bb59b41f5200f/execute/async - {"script":"<script> [776 bytes]","args":[{"enterText":"OrgName7t5be","selector":{"id":"createOrganizationPop--descriptionInput","searchOpenDialogs":true,"interaction":{"idSuffix":"inner"}},"clearTextFirst":true,"interactionType":"ENTER_TEXT"}]}
RESULT: {"script":"<script> [776 bytes]","args":[{"enterText":"OrgName7t5be","selector":{"id":"createOrganizationPop--descriptionInput","searchOpenDialogs":true,"interaction":{"idSuffix":"inner"}},"clearTextFirst":true,"interactionType":"ENTER_TEXT"}]}
COMMAND: POST /session/86cef292dcf99a21db7bb59b41f5200f/element - {"using":"xpath","value":"//input[contains(@id ,\"createOrganizationPop--yardOrg-inner\")]"}
RESULT: {"using":"xpath","value":"//input[contains(@id ,\"createOrganizationPop--yardOrg-inner\")]"}
COMMAND: POST /session/86cef292dcf99a21db7bb59b41f5200f/element/f.D07DA9D7691935B74F99E9A1B60A37E7.d.FCAEB24AD4B5B26176A320941135E7F7.e.9561/clear - {}
RESULT: {}
COMMAND: POST /session/86cef292dcf99a21db7bb59b41f5200f/element/f.D07DA9D7691935B74F99E9A1B60A37E7.d.FCAEB24AD4B5B26176A320941135E7F7.e.9561/value - {"text":"WebdriverWHMYard7cb6vk"}
COMMAND: GET /session/86cef292dcf99a21db7bb59b41f5200f/screenshot - {}
RESULT: {"text":"WebdriverWHMYard7cb6vk"}
COMMAND: GET /session/86cef292dcf99a21db7bb59b41f5200f/screenshot - {}
RESULT: {}
RESULT: {}
COMMAND: POST /session/86cef292dcf99a21db7bb59b41f5200f/actions - {"actions":[{"id":"action30","type":"key","parameters":{},"actions":[{"type":"keyDown","value":"î€‡"},{"type":"pause","duration":10},{"type":"keyUp","value":"î€‡"}]}]}
RESULT: {"actions":[{"id":"action30","type":"key","parameters":{},"actions":[{"type":"keyDown","value":"î€‡"},{"type":"pause","duration":10},{"type":"keyUp","value":"î€‡"}]}]}
COMMAND: GET /session/86cef292dcf99a21db7bb59b41f5200f/screenshot - {}
RESULT: {}
COMMAND: POST /session/86cef292dcf99a21db7bb59b41f5200f/execute/async - {"script":"<script> [1562 bytes]","args":[{"selector":{"id":"createOrganizationPop--grZone","searchOpenDialogs":true,"interaction":{"idSuffix":"CbBg"}},"wdio_ui5_key":"createOrganizationPopgrZone"}]}
RESULT: {"script":"<script> [1562 bytes]","args":[{"selector":{"id":"createOrganizationPop--grZone","searchOpenDialogs":true,"interaction":{"idSuffix":"CbBg"}},"wdio_ui5_key":"createOrganizationPopgrZone"}]}
RESULT: undefined
COMMAND: POST /session/86cef292dcf99a21db7bb59b41f5200f/element - {"using":"xpath","value":"//*[@id=\"createOrganizationPop--grZone\"]"}
RESULT: {"using":"xpath","value":"//*[@id=\"createOrganizationPop--grZone\"]"}
COMMAND: POST /session/86cef292dcf99a21db7bb59b41f5200f/element/f.D07DA9D7691935B74F99E9A1B60A37E7.d.FCAEB24AD4B5B26176A320941135E7F7.e.9581/click - {}
RESULT: {}
COMMAND: POST /session/86cef292dcf99a21db7bb59b41f5200f/execute/async - {"script":"<script> [1562 bytes]","args":[{"selector":{"id":"createOrganizationPop--giZone","searchOpenDialogs":true,"interaction":{"idSuffix":"CbBg"}},"wdio_ui5_key":"createOrganizationPopgiZone"}]}
COMMAND: GET /session/86cef292dcf99a21db7bb59b41f5200f/screenshot - {}
RESULT: {"script":"<script> [1562 bytes]","args":[{"selector":{"id":"createOrganizationPop--giZone","searchOpenDialogs":true,"interaction":{"idSuffix":"CbBg"}},"wdio_ui5_key":"createOrganizationPopgiZone"}]}
RESULT: undefined
COMMAND: POST /session/86cef292dcf99a21db7bb59b41f5200f/element - {"using":"xpath","value":"//*[@id=\"createOrganizationPop--giZone\"]"}
RESULT: {}
RESULT: {"using":"xpath","value":"//*[@id=\"createOrganizationPop--giZone\"]"}
COMMAND: POST /session/86cef292dcf99a21db7bb59b41f5200f/element/f.D07DA9D7691935B74F99E9A1B60A37E7.d.FCAEB24AD4B5B26176A320941135E7F7.e.9583/click - {}
RESULT: {}
COMMAND: POST /session/86cef292dcf99a21db7bb59b41f5200f/execute/async - {"script":"<script> [1562 bytes]","args":[{"selector":{"id":"createOrganizationPop--binNoInput","searchOpenDialogs":true,"interaction":{"idSuffix":"inner"}},"wdio_ui5_key":"createOrganizationPopbinNoInput"}]}
COMMAND: GET /session/86cef292dcf99a21db7bb59b41f5200f/screenshot - {}
RESULT: {"script":"<script> [1562 bytes]","args":[{"selector":{"id":"createOrganizationPop--binNoInput","searchOpenDialogs":true,"interaction":{"idSuffix":"inner"}},"wdio_ui5_key":"createOrganizationPopbinNoInput"}]}
RESULT: undefined
COMMAND: POST /session/86cef292dcf99a21db7bb59b41f5200f/execute/async - {"script":"<script> [776 bytes]","args":[{"enterText":"Binzkvma","selector":{"id":"createOrganizationPop--binNoInput","searchOpenDialogs":true,"interaction":{"idSuffix":"inner"}},"clearTextFirst":true,"interactionType":"ENTER_TEXT"}]}
RESULT: {}
RESULT: {"script":"<script> [776 bytes]","args":[{"enterText":"Binzkvma","selector":{"id":"createOrganizationPop--binNoInput","searchOpenDialogs":true,"interaction":{"idSuffix":"inner"}},"clearTextFirst":true,"interactionType":"ENTER_TEXT"}]}
COMMAND: POST /session/86cef292dcf99a21db7bb59b41f5200f/execute/async - {"script":"<script> [1562 bytes]","args":[{"selector":{"id":"createOrganizationPop--descriptionId","searchOpenDialogs":true,"interaction":{"idSuffix":"inner"}},"wdio_ui5_key":"createOrganizationPopdescriptionId"}]}
RESULT: {"script":"<script> [1562 bytes]","args":[{"selector":{"id":"createOrganizationPop--descriptionId","searchOpenDialogs":true,"interaction":{"idSuffix":"inner"}},"wdio_ui5_key":"createOrganizationPopdescriptionId"}]}
RESULT: undefined
COMMAND: POST /session/86cef292dcf99a21db7bb59b41f5200f/execute/async - {"script":"<script> [776 bytes]","args":[{"enterText":"Bin4oqvh","selector":{"id":"createOrganizationPop--descriptionId","searchOpenDialogs":true,"interaction":{"idSuffix":"inner"}},"clearTextFirst":true,"interactionType":"ENTER_TEXT"}]}
RESULT: {"script":"<script> [776 bytes]","args":[{"enterText":"Bin4oqvh","selector":{"id":"createOrganizationPop--descriptionId","searchOpenDialogs":true,"interaction":{"idSuffix":"inner"}},"clearTextFirst":true,"interactionType":"ENTER_TEXT"}]}
COMMAND: POST /session/86cef292dcf99a21db7bb59b41f5200f/execute/async - {"script":"<script> [1562 bytes]","args":[{"selector":{"controlType":"sap.m.CheckBox","viewName":"etm.portal.ui.binstatusreport.view.MasterWareBins","viewId":"application-binstatusreport-display-component---warehousing","bindingPath":{"path":"","propertyPath":"/ZONE","modelName":"newBin"},"searchOpenDialogs":true,"interaction":{"idSuffix":"CbBg"}},"wdio_ui5_key":"etmportal.ui.binstatusreport.view.MasterWareBinssap.m.CheckBox{\"path\":\"\",\"propertyPath\":\"/ZONE\",\"modelName\":\"newBin\"}"}]}
RESULT: {"script":"<script> [1562 bytes]","args":[{"selector":{"controlType":"sap.m.CheckBox","viewName":"etm.portal.ui.binstatusreport.view.MasterWareBins","viewId":"application-binstatusreport-display-component---warehousing","bindingPath":{"path":"","propertyPath":"/ZONE","modelName":"newBin"},"searchOpenDialogs":true,"interaction":{"idSuffix":"CbBg"}},"wdio_ui5_key":"etmportal.ui.binstatusreport.view.MasterWareBinssap.m.CheckBox{\"path\":\"\",\"propertyPath\":\"/ZONE\",\"modelName\":\"newBin\"}"}]}
RESULT: undefined
COMMAND: POST /session/86cef292dcf99a21db7bb59b41f5200f/element - {"using":"xpath","value":"//*[@id=\"__box12\"]"}
RESULT: {"using":"xpath","value":"//*[@id=\"__box12\"]"}
COMMAND: POST /session/86cef292dcf99a21db7bb59b41f5200f/element/f.D07DA9D7691935B74F99E9A1B60A37E7.d.FCAEB24AD4B5B26176A320941135E7F7.e.9587/click - {}
RESULT: {}
COMMAND: POST /session/86cef292dcf99a21db7bb59b41f5200f/execute/async - {"script":"<script> [1562 bytes]","args":[{"selector":{"id":"createOrganizationPop--binTypesCB-arrow","searchOpenDialogs":true},"wdio_ui5_key":"createOrganizationPopbinTypesCB-arrow"}]}
COMMAND: GET /session/86cef292dcf99a21db7bb59b41f5200f/screenshot - {}
RESULT: {"script":"<script> [1562 bytes]","args":[{"selector":{"id":"createOrganizationPop--binTypesCB-arrow","searchOpenDialogs":true},"wdio_ui5_key":"createOrganizationPopbinTypesCB-arrow"}]}
RESULT: undefined
COMMAND: POST /session/86cef292dcf99a21db7bb59b41f5200f/element - {"using":"xpath","value":"//*[@id=\"createOrganizationPop--binTypesCB-arrow\"]"}
RESULT: {}
RESULT: {"using":"xpath","value":"//*[@id=\"createOrganizationPop--binTypesCB-arrow\"]"}
COMMAND: POST /session/86cef292dcf99a21db7bb59b41f5200f/element/f.D07DA9D7691935B74F99E9A1B60A37E7.d.FCAEB24AD4B5B26176A320941135E7F7.e.9588/click - {}
RESULT: {}
COMMAND: POST /session/86cef292dcf99a21db7bb59b41f5200f/execute/async - {"script":"<script> [1562 bytes]","args":[{"selector":{"controlType":"sap.m.StandardListItem","viewName":"etm.portal.ui.binstatusreport.view.MasterWareBins","viewId":"application-binstatusreport-display-component---warehousing","properties":{"title":"1 - General / No capacity check"},"searchOpenDialogs":true,"interaction":{"idSuffix":"content"}},"wdio_ui5_key":"etmportal.ui.binstatusreport.view.MasterWareBinssap.m.StandardListItem{\"title\":\"1 - General / No capacity check\"}"}]}
COMMAND: GET /session/86cef292dcf99a21db7bb59b41f5200f/screenshot - {}
RESULT: {"script":"<script> [1562 bytes]","args":[{"selector":{"controlType":"sap.m.StandardListItem","viewName":"etm.portal.ui.binstatusreport.view.MasterWareBins","viewId":"application-binstatusreport-display-component---warehousing","properties":{"title":"1 - General / No capacity check"},"searchOpenDialogs":true,"interaction":{"idSuffix":"content"}},"wdio_ui5_key":"etmportal.ui.binstatusreport.view.MasterWareBinssap.m.StandardListItem{\"title\":\"1 - General / No capacity check\"}"}]}
RESULT: undefined
COMMAND: POST /session/86cef292dcf99a21db7bb59b41f5200f/element - {"using":"xpath","value":"//*[@id=\"__item87\"]"}
RESULT: {}
RESULT: {"using":"xpath","value":"//*[@id=\"__item87\"]"}
COMMAND: POST /session/86cef292dcf99a21db7bb59b41f5200f/element/f.D07DA9D7691935B74F99E9A1B60A37E7.d.FCAEB24AD4B5B26176A320941135E7F7.e.9590/click - {}
RESULT: {}
COMMAND: POST /session/86cef292dcf99a21db7bb59b41f5200f/execute/async - {"script":"<script> [1562 bytes]","args":[{"selector":{"id":"createOrganizationPop--finishBtn","searchOpenDialogs":true,"interaction":{"idSuffix":"BDI-content"}},"wdio_ui5_key":"createOrganizationPopfinishBtn"}]}
COMMAND: GET /session/86cef292dcf99a21db7bb59b41f5200f/screenshot - {}
RESULT: {"script":"<script> [1562 bytes]","args":[{"selector":{"id":"createOrganizationPop--finishBtn","searchOpenDialogs":true,"interaction":{"idSuffix":"BDI-content"}},"wdio_ui5_key":"createOrganizationPopfinishBtn"}]}
RESULT: undefined
COMMAND: POST /session/86cef292dcf99a21db7bb59b41f5200f/element - {"using":"xpath","value":"//*[@id=\"createOrganizationPop--finishBtn\"]"}
RESULT: {}
RESULT: {"using":"xpath","value":"//*[@id=\"createOrganizationPop--finishBtn\"]"}
COMMAND: POST /session/86cef292dcf99a21db7bb59b41f5200f/element/f.D07DA9D7691935B74F99E9A1B60A37E7.d.FCAEB24AD4B5B26176A320941135E7F7.e.9592/click - {}
RESULT: {}
COMMAND: GET /session/86cef292dcf99a21db7bb59b41f5200f/screenshot - {}
RESULT: {}
COMMAND: POST /session/86cef292dcf99a21db7bb59b41f5200f/element - {"using":"css selector","value":"#shell-header-logo"}
RESULT: {"using":"css selector","value":"#shell-header-logo"}
COMMAND: POST /session/86cef292dcf99a21db7bb59b41f5200f/element/f.D07DA9D7691935B74F99E9A1B60A37E7.d.FCAEB24AD4B5B26176A320941135E7F7.e.9484/click - {}
RESULT: {}
COMMAND: GET /session/86cef292dcf99a21db7bb59b41f5200f/screenshot - {}
RESULT: {}
]]></system-out>
    </testcase>
    <testcase classname="chrome.135_0_7049_96.windows.Warehouse_movements_inventory_test" name="Should Create new material for WHM yard" time="132.85">
      <system-out><![CDATA[
COMMAND: POST /session/86cef292dcf99a21db7bb59b41f5200f/execute/async - {"script":"<script> [1562 bytes]","args":[{"selector":{"controlType":"sap.m.GenericTile","properties":{"header":"Manage Resources"}},"wdio_ui5_key":"sapm.GenericTile{\"header\":\"Manage Resources\"}"}]}
RESULT: {"script":"<script> [1562 bytes]","args":[{"selector":{"controlType":"sap.m.GenericTile","properties":{"header":"Manage Resources"}},"wdio_ui5_key":"sapm.GenericTile{\"header\":\"Manage Resources\"}"}]}
RESULT: undefined
COMMAND: POST /session/86cef292dcf99a21db7bb59b41f5200f/element - {"using":"xpath","value":"//*[@id=\"__tile39\"]"}
RESULT: {"using":"xpath","value":"//*[@id=\"__tile39\"]"}
COMMAND: POST /session/86cef292dcf99a21db7bb59b41f5200f/element/f.D07DA9D7691935B74F99E9A1B60A37E7.d.FCAEB24AD4B5B26176A320941135E7F7.e.9599/click - {}
RESULT: {}
COMMAND: GET /session/86cef292dcf99a21db7bb59b41f5200f/screenshot - {}
RESULT: {}
COMMAND: POST /session/86cef292dcf99a21db7bb59b41f5200f/element - {"using":"xpath","value":"//button[@data-kt=\"addNewRUOverflowToolbarButton\"]"}
RESULT: {"using":"xpath","value":"//button[@data-kt=\"addNewRUOverflowToolbarButton\"]"}
COMMAND: POST /session/86cef292dcf99a21db7bb59b41f5200f/execute/sync - {"script":"<script> [8489 bytes]","args":[{"element-6066-11e4-a52e-4f735466cecf":"f.D07DA9D7691935B74F99E9A1B60A37E7.d.FCAEB24AD4B5B26176A320941135E7F7.e.9629","ELEMENT":"f.D07DA9D7691935B74F99E9A1B60A37E7.d.FCAEB24AD4B5B26176A320941135E7F7.e.9629"}]}
RESULT: {"script":"<script> [8489 bytes]","args":[{"element-6066-11e4-a52e-4f735466cecf":"f.D07DA9D7691935B74F99E9A1B60A37E7.d.FCAEB24AD4B5B26176A320941135E7F7.e.9629","ELEMENT":"f.D07DA9D7691935B74F99E9A1B60A37E7.d.FCAEB24AD4B5B26176A320941135E7F7.e.9629"}]}
COMMAND: POST /session/86cef292dcf99a21db7bb59b41f5200f/element/f.D07DA9D7691935B74F99E9A1B60A37E7.d.FCAEB24AD4B5B26176A320941135E7F7.e.9629/click - {}
COMMAND: GET /session/86cef292dcf99a21db7bb59b41f5200f/screenshot - {}
RESULT: {}
COMMAND: POST /session/86cef292dcf99a21db7bb59b41f5200f/execute/async - {"script":"<script> [1562 bytes]","args":[{"selector":{"id":"application-manageresources-display-component---newResourceUnit--TYPE-arrow"},"wdio_ui5_key":"applicationmanageresources-display-component---newResourceUnit--TYPE-arrow"}]}
COMMAND: GET /session/86cef292dcf99a21db7bb59b41f5200f/screenshot - {}
RESULT: {}
RESULT: {"script":"<script> [1562 bytes]","args":[{"selector":{"id":"application-manageresources-display-component---newResourceUnit--TYPE-arrow"},"wdio_ui5_key":"applicationmanageresources-display-component---newResourceUnit--TYPE-arrow"}]}
RESULT: undefined
COMMAND: POST /session/86cef292dcf99a21db7bb59b41f5200f/element - {"using":"xpath","value":"//*[@id=\"application-manageresources-display-component---newResourceUnit--TYPE-arrow\"]"}
RESULT: {}
RESULT: {"using":"xpath","value":"//*[@id=\"application-manageresources-display-component---newResourceUnit--TYPE-arrow\"]"}
COMMAND: POST /session/86cef292dcf99a21db7bb59b41f5200f/element/f.D07DA9D7691935B74F99E9A1B60A37E7.d.FCAEB24AD4B5B26176A320941135E7F7.e.9968/click - {}
RESULT: {}
COMMAND: POST /session/86cef292dcf99a21db7bb59b41f5200f/execute/async - {"script":"<script> [1562 bytes]","args":[{"selector":{"controlType":"sap.m.StandardListItem","viewName":"reusables.view.manageresources.NewResourceUnit","viewId":"application-manageresources-display-component---newResourceUnit","properties":{"title":"Material"},"searchOpenDialogs":true,"interaction":{"idSuffix":"titleText"}},"wdio_ui5_key":"reusablesview.manageresources.NewResourceUnitsap.m.StandardListItem{\"title\":\"Material\"}"}]}
COMMAND: GET /session/86cef292dcf99a21db7bb59b41f5200f/screenshot - {}
RESULT: {"script":"<script> [1562 bytes]","args":[{"selector":{"controlType":"sap.m.StandardListItem","viewName":"reusables.view.manageresources.NewResourceUnit","viewId":"application-manageresources-display-component---newResourceUnit","properties":{"title":"Material"},"searchOpenDialogs":true,"interaction":{"idSuffix":"titleText"}},"wdio_ui5_key":"reusablesview.manageresources.NewResourceUnitsap.m.StandardListItem{\"title\":\"Material\"}"}]}
RESULT: undefined
COMMAND: POST /session/86cef292dcf99a21db7bb59b41f5200f/element - {"using":"xpath","value":"//*[@id=\"__item217\"]"}
RESULT: {}
RESULT: {"using":"xpath","value":"//*[@id=\"__item217\"]"}
COMMAND: POST /session/86cef292dcf99a21db7bb59b41f5200f/element/f.D07DA9D7691935B74F99E9A1B60A37E7.d.FCAEB24AD4B5B26176A320941135E7F7.e.9971/click - {}
RESULT: {}
COMMAND: POST /session/86cef292dcf99a21db7bb59b41f5200f/execute/async - {"script":"<script> [1562 bytes]","args":[{"selector":{"id":"application-manageresources-display-component---newResourceUnit--SHORT_TEXT","interaction":{"idSuffix":"inner"}},"wdio_ui5_key":"applicationmanageresources-display-component---newResourceUnit--SHORT_TEXT"}]}
COMMAND: GET /session/86cef292dcf99a21db7bb59b41f5200f/screenshot - {}
RESULT: {"script":"<script> [1562 bytes]","args":[{"selector":{"id":"application-manageresources-display-component---newResourceUnit--SHORT_TEXT","interaction":{"idSuffix":"inner"}},"wdio_ui5_key":"applicationmanageresources-display-component---newResourceUnit--SHORT_TEXT"}]}
RESULT: undefined
COMMAND: POST /session/86cef292dcf99a21db7bb59b41f5200f/execute/async - {"script":"<script> [776 bytes]","args":[{"enterText":"WebdriverRUR2Cx7iww","selector":{"id":"application-manageresources-display-component---newResourceUnit--SHORT_TEXT","interaction":{"idSuffix":"inner"}},"clearTextFirst":true,"interactionType":"ENTER_TEXT"}]}
RESULT: {}
RESULT: {"script":"<script> [776 bytes]","args":[{"enterText":"WebdriverRUR2Cx7iww","selector":{"id":"application-manageresources-display-component---newResourceUnit--SHORT_TEXT","interaction":{"idSuffix":"inner"}},"clearTextFirst":true,"interactionType":"ENTER_TEXT"}]}
COMMAND: POST /session/86cef292dcf99a21db7bb59b41f5200f/execute/async - {"script":"<script> [1562 bytes]","args":[{"selector":{"id":"application-manageresources-display-component---newResourceUnit--BASE_UNIT_OF_MEASURE-arrow"},"wdio_ui5_key":"applicationmanageresources-display-component---newResourceUnit--BASE_UNIT_OF_MEASURE-arrow"}]}
RESULT: {"script":"<script> [1562 bytes]","args":[{"selector":{"id":"application-manageresources-display-component---newResourceUnit--BASE_UNIT_OF_MEASURE-arrow"},"wdio_ui5_key":"applicationmanageresources-display-component---newResourceUnit--BASE_UNIT_OF_MEASURE-arrow"}]}
RESULT: undefined
COMMAND: POST /session/86cef292dcf99a21db7bb59b41f5200f/element - {"using":"xpath","value":"//*[@id=\"application-manageresources-display-component---newResourceUnit--BASE_UNIT_OF_MEASURE-arrow\"]"}
RESULT: {"using":"xpath","value":"//*[@id=\"application-manageresources-display-component---newResourceUnit--BASE_UNIT_OF_MEASURE-arrow\"]"}
COMMAND: POST /session/86cef292dcf99a21db7bb59b41f5200f/element/f.D07DA9D7691935B74F99E9A1B60A37E7.d.FCAEB24AD4B5B26176A320941135E7F7.e.10027/click - {}
RESULT: {}
COMMAND: POST /session/86cef292dcf99a21db7bb59b41f5200f/execute/async - {"script":"<script> [1562 bytes]","args":[{"selector":{"controlType":"sap.m.StandardListItem","viewName":"reusables.view.manageresources.NewResourceUnit","viewId":"application-manageresources-display-component---newResourceUnit","properties":{"title":"Piece"},"searchOpenDialogs":true,"interaction":{"idSuffix":"titleText"}},"wdio_ui5_key":"reusablesview.manageresources.NewResourceUnitsap.m.StandardListItem{\"title\":\"Piece\"}"}]}
COMMAND: GET /session/86cef292dcf99a21db7bb59b41f5200f/screenshot - {}
RESULT: {"script":"<script> [1562 bytes]","args":[{"selector":{"controlType":"sap.m.StandardListItem","viewName":"reusables.view.manageresources.NewResourceUnit","viewId":"application-manageresources-display-component---newResourceUnit","properties":{"title":"Piece"},"searchOpenDialogs":true,"interaction":{"idSuffix":"titleText"}},"wdio_ui5_key":"reusablesview.manageresources.NewResourceUnitsap.m.StandardListItem{\"title\":\"Piece\"}"}]}
RESULT: undefined
COMMAND: POST /session/86cef292dcf99a21db7bb59b41f5200f/element - {"using":"xpath","value":"//*[@id=\"__item261\"]"}
RESULT: {}
RESULT: {"using":"xpath","value":"//*[@id=\"__item261\"]"}
COMMAND: POST /session/86cef292dcf99a21db7bb59b41f5200f/element/f.D07DA9D7691935B74F99E9A1B60A37E7.d.FCAEB24AD4B5B26176A320941135E7F7.e.10029/click - {}
RESULT: {}
COMMAND: POST /session/86cef292dcf99a21db7bb59b41f5200f/element - {"using":"xpath","value":"//input[contains(@id ,\"application-manageresources-display-component---newResourceUnit--SHORT_TEXT-inner\")]"}
COMMAND: GET /session/86cef292dcf99a21db7bb59b41f5200f/screenshot - {}
RESULT: {"using":"xpath","value":"//input[contains(@id ,\"application-manageresources-display-component---newResourceUnit--SHORT_TEXT-inner\")]"}
COMMAND: GET /session/86cef292dcf99a21db7bb59b41f5200f/element/f.D07DA9D7691935B74F99E9A1B60A37E7.d.FCAEB24AD4B5B26176A320941135E7F7.e.9988/property/value - {}
RESULT: {}
RESULT: {}
COMMAND: POST /session/86cef292dcf99a21db7bb59b41f5200f/execute/async - {"script":"<script> [1562 bytes]","args":[{"selector":{"id":"application-manageresources-display-component---newResourceUnit--WEIGHT_UNIT-arrow"},"wdio_ui5_key":"applicationmanageresources-display-component---newResourceUnit--WEIGHT_UNIT-arrow"}]}
COMMAND: GET /session/86cef292dcf99a21db7bb59b41f5200f/screenshot - {}
RESULT: {}
RESULT: {"script":"<script> [1562 bytes]","args":[{"selector":{"id":"application-manageresources-display-component---newResourceUnit--WEIGHT_UNIT-arrow"},"wdio_ui5_key":"applicationmanageresources-display-component---newResourceUnit--WEIGHT_UNIT-arrow"}]}
RESULT: undefined
COMMAND: POST /session/86cef292dcf99a21db7bb59b41f5200f/element - {"using":"xpath","value":"//*[@id=\"application-manageresources-display-component---newResourceUnit--WEIGHT_UNIT-arrow\"]"}
RESULT: {"using":"xpath","value":"//*[@id=\"application-manageresources-display-component---newResourceUnit--WEIGHT_UNIT-arrow\"]"}
COMMAND: POST /session/86cef292dcf99a21db7bb59b41f5200f/element/f.D07DA9D7691935B74F99E9A1B60A37E7.d.FCAEB24AD4B5B26176A320941135E7F7.e.10030/click - {}
RESULT: {}
COMMAND: POST /session/86cef292dcf99a21db7bb59b41f5200f/execute/async - {"script":"<script> [1562 bytes]","args":[{"selector":{"controlType":"sap.m.StandardListItem","viewName":"reusables.view.manageresources.NewResourceUnit","viewId":"application-manageresources-display-component---newResourceUnit","properties":{"title":"Gram"},"searchOpenDialogs":true,"interaction":{"idSuffix":"content"}},"wdio_ui5_key":"reusablesview.manageresources.NewResourceUnitsap.m.StandardListItem{\"title\":\"Gram\"}"}]}
COMMAND: GET /session/86cef292dcf99a21db7bb59b41f5200f/screenshot - {}
RESULT: {"script":"<script> [1562 bytes]","args":[{"selector":{"controlType":"sap.m.StandardListItem","viewName":"reusables.view.manageresources.NewResourceUnit","viewId":"application-manageresources-display-component---newResourceUnit","properties":{"title":"Gram"},"searchOpenDialogs":true,"interaction":{"idSuffix":"content"}},"wdio_ui5_key":"reusablesview.manageresources.NewResourceUnitsap.m.StandardListItem{\"title\":\"Gram\"}"}]}
RESULT: undefined
COMMAND: POST /session/86cef292dcf99a21db7bb59b41f5200f/element - {"using":"xpath","value":"//*[@id=\"__item326\"]"}
RESULT: {}
RESULT: {"using":"xpath","value":"//*[@id=\"__item326\"]"}
COMMAND: POST /session/86cef292dcf99a21db7bb59b41f5200f/element/f.D07DA9D7691935B74F99E9A1B60A37E7.d.FCAEB24AD4B5B26176A320941135E7F7.e.10032/click - {}
RESULT: {}
COMMAND: POST /session/86cef292dcf99a21db7bb59b41f5200f/execute/async - {"script":"<script> [1562 bytes]","args":[{"selector":{"id":"application-manageresources-display-component---newResourceUnit--newRRUPage-OPHeaderContent-collapseBtn-img"},"wdio_ui5_key":"applicationmanageresources-display-component---newResourceUnit--newRRUPage-OPHeaderContent-collapseBtn-img"}]}
COMMAND: GET /session/86cef292dcf99a21db7bb59b41f5200f/screenshot - {}
RESULT: {"script":"<script> [1562 bytes]","args":[{"selector":{"id":"application-manageresources-display-component---newResourceUnit--newRRUPage-OPHeaderContent-collapseBtn-img"},"wdio_ui5_key":"applicationmanageresources-display-component---newResourceUnit--newRRUPage-OPHeaderContent-collapseBtn-img"}]}
RESULT: undefined
COMMAND: POST /session/86cef292dcf99a21db7bb59b41f5200f/element - {"using":"xpath","value":"//*[@id=\"application-manageresources-display-component---newResourceUnit--newRRUPage-OPHeaderContent-collapseBtn-img\"]"}
RESULT: {}
RESULT: {"using":"xpath","value":"//*[@id=\"application-manageresources-display-component---newResourceUnit--newRRUPage-OPHeaderContent-collapseBtn-img\"]"}
COMMAND: POST /session/86cef292dcf99a21db7bb59b41f5200f/element/f.D07DA9D7691935B74F99E9A1B60A37E7.d.FCAEB24AD4B5B26176A320941135E7F7.e.9978/click - {}
RESULT: {}
COMMAND: GET /session/86cef292dcf99a21db7bb59b41f5200f/screenshot - {}
RESULT: {}
COMMAND: POST /session/86cef292dcf99a21db7bb59b41f5200f/element - {"using":"xpath","value":"(//span[contains(@id ,\"application-manageresources-display-component---newResourceUnit--DIMENSION_UNIT-arrow\")])[1]"}
RESULT: {"using":"xpath","value":"(//span[contains(@id ,\"application-manageresources-display-component---newResourceUnit--DIMENSION_UNIT-arrow\")])[1]"}
COMMAND: POST /session/86cef292dcf99a21db7bb59b41f5200f/element/f.D07DA9D7691935B74F99E9A1B60A37E7.d.FCAEB24AD4B5B26176A320941135E7F7.e.10038/click - {}
RESULT: {}
COMMAND: GET /session/86cef292dcf99a21db7bb59b41f5200f/screenshot - {}
RESULT: {}
COMMAND: POST /session/86cef292dcf99a21db7bb59b41f5200f/execute/async - {"script":"<script> [1562 bytes]","args":[{"selector":{"controlType":"sap.m.StandardListItem","viewName":"reusables.view.manageresources.NewResourceUnit","viewId":"application-manageresources-display-component---newResourceUnit","properties":{"title":"Centimeter"},"searchOpenDialogs":true,"interaction":{"idSuffix":"titleText"}},"wdio_ui5_key":"reusablesview.manageresources.NewResourceUnitsap.m.StandardListItem{\"title\":\"Centimeter\"}"}]}
RESULT: {"script":"<script> [1562 bytes]","args":[{"selector":{"controlType":"sap.m.StandardListItem","viewName":"reusables.view.manageresources.NewResourceUnit","viewId":"application-manageresources-display-component---newResourceUnit","properties":{"title":"Centimeter"},"searchOpenDialogs":true,"interaction":{"idSuffix":"titleText"}},"wdio_ui5_key":"reusablesview.manageresources.NewResourceUnitsap.m.StandardListItem{\"title\":\"Centimeter\"}"}]}
RESULT: undefined
COMMAND: POST /session/86cef292dcf99a21db7bb59b41f5200f/element - {"using":"xpath","value":"//*[@id=\"__item329\"]"}
RESULT: {"using":"xpath","value":"//*[@id=\"__item329\"]"}
COMMAND: POST /session/86cef292dcf99a21db7bb59b41f5200f/element/f.D07DA9D7691935B74F99E9A1B60A37E7.d.FCAEB24AD4B5B26176A320941135E7F7.e.10040/click - {}
RESULT: {}
COMMAND: POST /session/86cef292dcf99a21db7bb59b41f5200f/execute/async - {"script":"<script> [1562 bytes]","args":[{"selector":{"id":"application-manageresources-display-component---newResourceUnit--newRRUPage-anchBar-application-manageresources-display-component---newResourceUnit--reference-anchor","interaction":{"idSuffix":"BDI-content"}},"wdio_ui5_key":"applicationmanageresources-display-component---newResourceUnit--newRRUPage-anchBar-application-manageresources-display-component---newResourceUnit--reference-anchor"}]}
COMMAND: GET /session/86cef292dcf99a21db7bb59b41f5200f/screenshot - {}
RESULT: {"script":"<script> [1562 bytes]","args":[{"selector":{"id":"application-manageresources-display-component---newResourceUnit--newRRUPage-anchBar-application-manageresources-display-component---newResourceUnit--reference-anchor","interaction":{"idSuffix":"BDI-content"}},"wdio_ui5_key":"applicationmanageresources-display-component---newResourceUnit--newRRUPage-anchBar-application-manageresources-display-component---newResourceUnit--reference-anchor"}]}
RESULT: undefined
COMMAND: POST /session/86cef292dcf99a21db7bb59b41f5200f/element - {"using":"xpath","value":"//*[@id=\"application-manageresources-display-component---newResourceUnit--newRRUPage-anchBar-application-manageresources-display-component---newResourceUnit--reference-anchor\"]"}
RESULT: {}
RESULT: {"using":"xpath","value":"//*[@id=\"application-manageresources-display-component---newResourceUnit--newRRUPage-anchBar-application-manageresources-display-component---newResourceUnit--reference-anchor\"]"}
COMMAND: POST /session/86cef292dcf99a21db7bb59b41f5200f/element/f.D07DA9D7691935B74F99E9A1B60A37E7.d.FCAEB24AD4B5B26176A320941135E7F7.e.10042/click - {}
RESULT: {}
COMMAND: POST /session/86cef292dcf99a21db7bb59b41f5200f/execute/async - {"script":"<script> [1562 bytes]","args":[{"selector":{"id":"application-manageresources-display-component---newResourceUnit--PLANNING_GROUP-arrow"},"wdio_ui5_key":"applicationmanageresources-display-component---newResourceUnit--PLANNING_GROUP-arrow"}]}
COMMAND: GET /session/86cef292dcf99a21db7bb59b41f5200f/screenshot - {}
RESULT: {"script":"<script> [1562 bytes]","args":[{"selector":{"id":"application-manageresources-display-component---newResourceUnit--PLANNING_GROUP-arrow"},"wdio_ui5_key":"applicationmanageresources-display-component---newResourceUnit--PLANNING_GROUP-arrow"}]}
RESULT: undefined
COMMAND: POST /session/86cef292dcf99a21db7bb59b41f5200f/element - {"using":"xpath","value":"//*[@id=\"application-manageresources-display-component---newResourceUnit--PLANNING_GROUP-arrow\"]"}
RESULT: {}
RESULT: {"using":"xpath","value":"//*[@id=\"application-manageresources-display-component---newResourceUnit--PLANNING_GROUP-arrow\"]"}
COMMAND: POST /session/86cef292dcf99a21db7bb59b41f5200f/element/f.D07DA9D7691935B74F99E9A1B60A37E7.d.FCAEB24AD4B5B26176A320941135E7F7.e.10046/click - {}
RESULT: {}
COMMAND: POST /session/86cef292dcf99a21db7bb59b41f5200f/execute/async - {"script":"<script> [1562 bytes]","args":[{"selector":{"controlType":"sap.m.StandardListItem","viewName":"reusables.view.manageresources.NewResourceUnit","viewId":"application-manageresources-display-component---newResourceUnit","properties":{"title":"Heavy Equi"},"searchOpenDialogs":true,"interaction":{"idSuffix":"content"}},"wdio_ui5_key":"reusablesview.manageresources.NewResourceUnitsap.m.StandardListItem{\"title\":\"Heavy Equi\"}"}]}
COMMAND: GET /session/86cef292dcf99a21db7bb59b41f5200f/screenshot - {}
RESULT: {"script":"<script> [1562 bytes]","args":[{"selector":{"controlType":"sap.m.StandardListItem","viewName":"reusables.view.manageresources.NewResourceUnit","viewId":"application-manageresources-display-component---newResourceUnit","properties":{"title":"Heavy Equi"},"searchOpenDialogs":true,"interaction":{"idSuffix":"content"}},"wdio_ui5_key":"reusablesview.manageresources.NewResourceUnitsap.m.StandardListItem{\"title\":\"Heavy Equi\"}"}]}
RESULT: undefined
COMMAND: POST /session/86cef292dcf99a21db7bb59b41f5200f/element - {"using":"xpath","value":"//*[@id=\"__item337\"]"}
RESULT: {}
RESULT: {"using":"xpath","value":"//*[@id=\"__item337\"]"}
COMMAND: POST /session/86cef292dcf99a21db7bb59b41f5200f/element/f.D07DA9D7691935B74F99E9A1B60A37E7.d.FCAEB24AD4B5B26176A320941135E7F7.e.10048/click - {}
RESULT: {}
COMMAND: GET /session/86cef292dcf99a21db7bb59b41f5200f/screenshot - {}
RESULT: {}
COMMAND: POST /session/86cef292dcf99a21db7bb59b41f5200f/execute/async - {"script":"<script> [1562 bytes]","args":[{"selector":{"id":"application-manageresources-display-component---newResourceUnit--PLANNING_INDICATOR-arrow"},"wdio_ui5_key":"applicationmanageresources-display-component---newResourceUnit--PLANNING_INDICATOR-arrow"}]}
RESULT: {"script":"<script> [1562 bytes]","args":[{"selector":{"id":"application-manageresources-display-component---newResourceUnit--PLANNING_INDICATOR-arrow"},"wdio_ui5_key":"applicationmanageresources-display-component---newResourceUnit--PLANNING_INDICATOR-arrow"}]}
RESULT: undefined
COMMAND: POST /session/86cef292dcf99a21db7bb59b41f5200f/element - {"using":"xpath","value":"//*[@id=\"application-manageresources-display-component---newResourceUnit--PLANNING_INDICATOR-arrow\"]"}
RESULT: {"using":"xpath","value":"//*[@id=\"application-manageresources-display-component---newResourceUnit--PLANNING_INDICATOR-arrow\"]"}
COMMAND: POST /session/86cef292dcf99a21db7bb59b41f5200f/element/f.D07DA9D7691935B74F99E9A1B60A37E7.d.FCAEB24AD4B5B26176A320941135E7F7.e.10049/click - {}
RESULT: {}
COMMAND: POST /session/86cef292dcf99a21db7bb59b41f5200f/execute/async - {"script":"<script> [1562 bytes]","args":[{"selector":{"controlType":"sap.m.StandardListItem","viewName":"reusables.view.manageresources.NewResourceUnit","viewId":"application-manageresources-display-component---newResourceUnit","properties":{"title":"10 - infinite"},"searchOpenDialogs":true,"interaction":{"idSuffix":"content"}},"wdio_ui5_key":"reusablesview.manageresources.NewResourceUnitsap.m.StandardListItem{\"title\":\"10 - infinite\"}"}]}
COMMAND: GET /session/86cef292dcf99a21db7bb59b41f5200f/screenshot - {}
RESULT: {"script":"<script> [1562 bytes]","args":[{"selector":{"controlType":"sap.m.StandardListItem","viewName":"reusables.view.manageresources.NewResourceUnit","viewId":"application-manageresources-display-component---newResourceUnit","properties":{"title":"10 - infinite"},"searchOpenDialogs":true,"interaction":{"idSuffix":"content"}},"wdio_ui5_key":"reusablesview.manageresources.NewResourceUnitsap.m.StandardListItem{\"title\":\"10 - infinite\"}"}]}
RESULT: undefined
COMMAND: POST /session/86cef292dcf99a21db7bb59b41f5200f/element - {"using":"xpath","value":"//*[@id=\"__item347\"]"}
RESULT: {}
RESULT: {"using":"xpath","value":"//*[@id=\"__item347\"]"}
COMMAND: POST /session/86cef292dcf99a21db7bb59b41f5200f/element/f.D07DA9D7691935B74F99E9A1B60A37E7.d.FCAEB24AD4B5B26176A320941135E7F7.e.10051/click - {}
RESULT: {}
COMMAND: GET /session/86cef292dcf99a21db7bb59b41f5200f/screenshot - {}
RESULT: {}
COMMAND: POST /session/86cef292dcf99a21db7bb59b41f5200f/element - {"using":"xpath","value":"//bdi[contains(text(), \"Time Segment\")]"}
RESULT: {"using":"xpath","value":"//bdi[contains(text(), \"Time Segment\")]"}
COMMAND: GET /session/86cef292dcf99a21db7bb59b41f5200f/element/f.D07DA9D7691935B74F99E9A1B60A37E7.d.FCAEB24AD4B5B26176A320941135E7F7.e.10052/rect - {}
RESULT: {}
COMMAND: GET /session/86cef292dcf99a21db7bb59b41f5200f/window/rect - {}
RESULT: {}
COMMAND: POST /session/86cef292dcf99a21db7bb59b41f5200f/execute/sync - {"script":"<script> [92 bytes]","args":[]}
RESULT: {"script":"<script> [92 bytes]","args":[]}
COMMAND: POST /session/86cef292dcf99a21db7bb59b41f5200f/actions - {"actions":[{"id":"action31","type":"wheel","parameters":{},"actions":[{"type":"scroll","x":-1820,"y":-21,"deltaX":0,"deltaY":0,"duration":0,"origin":{"element-6066-11e4-a52e-4f735466cecf":"f.D07DA9D7691935B74F99E9A1B60A37E7.d.FCAEB24AD4B5B26176A320941135E7F7.e.10052"}}]}]}
COMMAND: GET /session/86cef292dcf99a21db7bb59b41f5200f/screenshot - {}
RESULT: {}
COMMAND: POST /session/86cef292dcf99a21db7bb59b41f5200f/execute/sync - {"script":"<script> [79 bytes]","args":[{"element-6066-11e4-a52e-4f735466cecf":"f.D07DA9D7691935B74F99E9A1B60A37E7.d.FCAEB24AD4B5B26176A320941135E7F7.e.10052","ELEMENT":"f.D07DA9D7691935B74F99E9A1B60A37E7.d.FCAEB24AD4B5B26176A320941135E7F7.e.10052"},{"block":"start","inline":"nearest"}]}
RESULT: {"script":"<script> [79 bytes]","args":[{"element-6066-11e4-a52e-4f735466cecf":"f.D07DA9D7691935B74F99E9A1B60A37E7.d.FCAEB24AD4B5B26176A320941135E7F7.e.10052","ELEMENT":"f.D07DA9D7691935B74F99E9A1B60A37E7.d.FCAEB24AD4B5B26176A320941135E7F7.e.10052"},{"block":"start","inline":"nearest"}]}
COMMAND: GET /session/86cef292dcf99a21db7bb59b41f5200f/screenshot - {}
RESULT: {}
COMMAND: POST /session/86cef292dcf99a21db7bb59b41f5200f/element - {"using":"xpath","value":"//span[@id=\"application-manageresources-display-component---newResourceUnit--btnAddTimeSegment-img\"]"}
RESULT: {"using":"xpath","value":"//span[@id=\"application-manageresources-display-component---newResourceUnit--btnAddTimeSegment-img\"]"}
COMMAND: POST /session/86cef292dcf99a21db7bb59b41f5200f/execute/sync - {"script":"<script> [8489 bytes]","args":[{"element-6066-11e4-a52e-4f735466cecf":"f.D07DA9D7691935B74F99E9A1B60A37E7.d.FCAEB24AD4B5B26176A320941135E7F7.e.10055","ELEMENT":"f.D07DA9D7691935B74F99E9A1B60A37E7.d.FCAEB24AD4B5B26176A320941135E7F7.e.10055"}]}
RESULT: {"script":"<script> [8489 bytes]","args":[{"element-6066-11e4-a52e-4f735466cecf":"f.D07DA9D7691935B74F99E9A1B60A37E7.d.FCAEB24AD4B5B26176A320941135E7F7.e.10055","ELEMENT":"f.D07DA9D7691935B74F99E9A1B60A37E7.d.FCAEB24AD4B5B26176A320941135E7F7.e.10055"}]}
COMMAND: POST /session/86cef292dcf99a21db7bb59b41f5200f/element/f.D07DA9D7691935B74F99E9A1B60A37E7.d.FCAEB24AD4B5B26176A320941135E7F7.e.10055/click - {}
COMMAND: GET /session/86cef292dcf99a21db7bb59b41f5200f/screenshot - {}
RESULT: {}
COMMAND: GET /session/86cef292dcf99a21db7bb59b41f5200f/screenshot - {}
COMMAND: POST /session/86cef292dcf99a21db7bb59b41f5200f/element - {"using":"xpath","value":"//input[@id=\"application-manageresources-display-component---newResourceUnit--idRuTSAdmin-application-manageresources-display-component---newResourceUnit--RUTimeSegment-0-inner\"]"}
RESULT: {}
RESULT: {}
RESULT: {"using":"xpath","value":"//input[@id=\"application-manageresources-display-component---newResourceUnit--idRuTSAdmin-application-manageresources-display-component---newResourceUnit--RUTimeSegment-0-inner\"]"}
COMMAND: POST /session/86cef292dcf99a21db7bb59b41f5200f/element/f.D07DA9D7691935B74F99E9A1B60A37E7.d.FCAEB24AD4B5B26176A320941135E7F7.e.10058/clear - {}
RESULT: {}
COMMAND: POST /session/86cef292dcf99a21db7bb59b41f5200f/element/f.D07DA9D7691935B74F99E9A1B60A37E7.d.FCAEB24AD4B5B26176A320941135E7F7.e.10058/value - {"text":"WebdriverWHMYard7cb6vk"}
COMMAND: GET /session/86cef292dcf99a21db7bb59b41f5200f/screenshot - {}
RESULT: {"text":"WebdriverWHMYard7cb6vk"}
COMMAND: GET /session/86cef292dcf99a21db7bb59b41f5200f/screenshot - {}
RESULT: {}
RESULT: {}
COMMAND: POST /session/86cef292dcf99a21db7bb59b41f5200f/actions - {"actions":[{"id":"action32","type":"key","parameters":{},"actions":[{"type":"keyDown","value":"î€‡"},{"type":"pause","duration":10},{"type":"keyUp","value":"î€‡"}]}]}
RESULT: {"actions":[{"id":"action32","type":"key","parameters":{},"actions":[{"type":"keyDown","value":"î€‡"},{"type":"pause","duration":10},{"type":"keyUp","value":"î€‡"}]}]}
COMMAND: GET /session/86cef292dcf99a21db7bb59b41f5200f/screenshot - {}
RESULT: {}
COMMAND: POST /session/86cef292dcf99a21db7bb59b41f5200f/execute/async - {"script":"<script> [1562 bytes]","args":[{"selector":{"controlType":"sap.m.Button","viewName":"reusables.view.manageresources.NewResourceUnit","viewId":"application-manageresources-display-component---newResourceUnit","i18NText":{"propertyName":"tooltip","key":"save"},"interaction":{"idSuffix":"BDI-content"}},"wdio_ui5_key":"reusablesview.manageresources.NewResourceUnitsap.m.Button{\"propertyName\":\"tooltip\",\"key\":\"save\"}"}]}
RESULT: {"script":"<script> [1562 bytes]","args":[{"selector":{"controlType":"sap.m.Button","viewName":"reusables.view.manageresources.NewResourceUnit","viewId":"application-manageresources-display-component---newResourceUnit","i18NText":{"propertyName":"tooltip","key":"save"},"interaction":{"idSuffix":"BDI-content"}},"wdio_ui5_key":"reusablesview.manageresources.NewResourceUnitsap.m.Button{\"propertyName\":\"tooltip\",\"key\":\"save\"}"}]}
RESULT: undefined
COMMAND: POST /session/86cef292dcf99a21db7bb59b41f5200f/element - {"using":"xpath","value":"//*[@id=\"application-manageresources-display-component---newResourceUnit--createRuButton\"]"}
RESULT: {"using":"xpath","value":"//*[@id=\"application-manageresources-display-component---newResourceUnit--createRuButton\"]"}
COMMAND: POST /session/86cef292dcf99a21db7bb59b41f5200f/element/f.D07DA9D7691935B74F99E9A1B60A37E7.d.FCAEB24AD4B5B26176A320941135E7F7.e.9984/click - {}
RESULT: {}
COMMAND: GET /session/86cef292dcf99a21db7bb59b41f5200f/screenshot - {}
RESULT: {}
COMMAND: POST /session/86cef292dcf99a21db7bb59b41f5200f/execute/async - {"script":"<script> [1562 bytes]","args":[{"selector":{"controlType":"sap.m.Title","properties":{"text":"Success"},"searchOpenDialogs":true},"wdio_ui5_key":"sapm.Title{\"text\":\"Success\"}"}]}
RESULT: {"script":"<script> [1562 bytes]","args":[{"selector":{"controlType":"sap.m.Title","properties":{"text":"Success"},"searchOpenDialogs":true},"wdio_ui5_key":"sapm.Title{\"text\":\"Success\"}"}]}
RESULT: undefined
COMMAND: POST /session/86cef292dcf99a21db7bb59b41f5200f/execute/async - {"script":"<script> [6424 bytes]","args":[{"element-6066-11e4-a52e-4f735466cecf":"f.D07DA9D7691935B74F99E9A1B60A37E7.d.FCAEB24AD4B5B26176A320941135E7F7.e.10072"},"getText",[]]}
RESULT: {"script":"<script> [6424 bytes]","args":[{"element-6066-11e4-a52e-4f735466cecf":"f.D07DA9D7691935B74F99E9A1B60A37E7.d.FCAEB24AD4B5B26176A320941135E7F7.e.10072"},"getText",[]]}
COMMAND: POST /session/86cef292dcf99a21db7bb59b41f5200f/element - {"using":"xpath","value":"//*[contains(@id, '__text') and (contains(text(), 'successfully created') or contains(., 'successfully created'))]"}
RESULT: {"using":"xpath","value":"//*[contains(@id, '__text') and (contains(text(), 'successfully created') or contains(., 'successfully created'))]"}
COMMAND: GET /session/86cef292dcf99a21db7bb59b41f5200f/element/f.D07DA9D7691935B74F99E9A1B60A37E7.d.FCAEB24AD4B5B26176A320941135E7F7.e.10070/text - {}
RESULT: {}
COMMAND: POST /session/86cef292dcf99a21db7bb59b41f5200f/execute/async - {"script":"<script> [1562 bytes]","args":[{"selector":{"controlType":"sap.m.Button","properties":{"text":"Close"},"searchOpenDialogs":true,"interaction":{"idSuffix":"BDI-content"}},"wdio_ui5_key":"sapm.Button{\"text\":\"Close\"}"}]}
RESULT: {"script":"<script> [1562 bytes]","args":[{"selector":{"controlType":"sap.m.Button","properties":{"text":"Close"},"searchOpenDialogs":true,"interaction":{"idSuffix":"BDI-content"}},"wdio_ui5_key":"sapm.Button{\"text\":\"Close\"}"}]}
RESULT: undefined
COMMAND: POST /session/86cef292dcf99a21db7bb59b41f5200f/element - {"using":"xpath","value":"//*[@id=\"__mbox-btn-0\"]"}
RESULT: {"using":"xpath","value":"//*[@id=\"__mbox-btn-0\"]"}
COMMAND: POST /session/86cef292dcf99a21db7bb59b41f5200f/element/f.D07DA9D7691935B74F99E9A1B60A37E7.d.FCAEB24AD4B5B26176A320941135E7F7.e.10068/click - {}
RESULT: {}
COMMAND: GET /session/86cef292dcf99a21db7bb59b41f5200f/screenshot - {}
RESULT: {}
COMMAND: POST /session/86cef292dcf99a21db7bb59b41f5200f/execute/async - {"script":"<script> [1562 bytes]","args":[{"selector":{"controlType":"sap.ui.core.Icon","viewName":"etm.portal.ui.manageresources.view.Detail","viewId":"application-manageresources-display-component---detailRU","properties":{"src":{"regex":{"source":"overflow"}}}},"wdio_ui5_key":"etmportal.ui.manageresources.view.Detailsap.ui.core.Icon{\"src\":{\"regex\":{\"source\":\"overflow\"}}}"}]}
RESULT: {"script":"<script> [1562 bytes]","args":[{"selector":{"controlType":"sap.ui.core.Icon","viewName":"etm.portal.ui.manageresources.view.Detail","viewId":"application-manageresources-display-component---detailRU","properties":{"src":{"regex":{"source":"overflow"}}}},"wdio_ui5_key":"etmportal.ui.manageresources.view.Detailsap.ui.core.Icon{\"src\":{\"regex\":{\"source\":\"overflow\"}}}"}]}
RESULT: undefined
COMMAND: POST /session/86cef292dcf99a21db7bb59b41f5200f/element - {"using":"xpath","value":"//*[@id=\"__title18-_actionsToolbar-overflowButton-img\"]"}
RESULT: {"using":"xpath","value":"//*[@id=\"__title18-_actionsToolbar-overflowButton-img\"]"}
COMMAND: POST /session/86cef292dcf99a21db7bb59b41f5200f/element/f.D07DA9D7691935B74F99E9A1B60A37E7.d.FCAEB24AD4B5B26176A320941135E7F7.e.10099/click - {}
RESULT: {}
COMMAND: POST /session/86cef292dcf99a21db7bb59b41f5200f/execute/async - {"script":"<script> [1562 bytes]","args":[{"selector":{"controlType":"sap.m.Button","viewName":"etm.portal.ui.manageresources.view.Detail","viewId":"application-manageresources-display-component---detailRU","i18NText":{"propertyName":"tooltip","key":"closeColumn"},"searchOpenDialogs":true,"interaction":{"idSuffix":"inner"}},"wdio_ui5_key":"etmportal.ui.manageresources.view.Detailsap.m.Button{\"propertyName\":\"tooltip\",\"key\":\"closeColumn\"}"}]}
COMMAND: GET /session/86cef292dcf99a21db7bb59b41f5200f/screenshot - {}
RESULT: {"script":"<script> [1562 bytes]","args":[{"selector":{"controlType":"sap.m.Button","viewName":"etm.portal.ui.manageresources.view.Detail","viewId":"application-manageresources-display-component---detailRU","i18NText":{"propertyName":"tooltip","key":"closeColumn"},"searchOpenDialogs":true,"interaction":{"idSuffix":"inner"}},"wdio_ui5_key":"etmportal.ui.manageresources.view.Detailsap.m.Button{\"propertyName\":\"tooltip\",\"key\":\"closeColumn\"}"}]}
RESULT: undefined
COMMAND: POST /session/86cef292dcf99a21db7bb59b41f5200f/element - {"using":"xpath","value":"//*[@id=\"__button47\"]"}
RESULT: {}
RESULT: {"using":"xpath","value":"//*[@id=\"__button47\"]"}
COMMAND: POST /session/86cef292dcf99a21db7bb59b41f5200f/element/f.D07DA9D7691935B74F99E9A1B60A37E7.d.FCAEB24AD4B5B26176A320941135E7F7.e.10101/click - {}
RESULT: {}
COMMAND: GET /session/86cef292dcf99a21db7bb59b41f5200f/screenshot - {}
RESULT: {}
COMMAND: POST /session/86cef292dcf99a21db7bb59b41f5200f/refresh - {}
RESULT: {}
COMMAND: GET /session/86cef292dcf99a21db7bb59b41f5200f/screenshot - {}
RESULT: {}
COMMAND: POST /session/86cef292dcf99a21db7bb59b41f5200f/execute/async - {"script":"<script> [189 bytes]","args":[]}
RESULT: {"script":"<script> [189 bytes]","args":[]}
COMMAND: POST /session/86cef292dcf99a21db7bb59b41f5200f/execute/async - {"script":"<script> [123 bytes]","args":[]}
RESULT: {"script":"<script> [123 bytes]","args":[]}
COMMAND: POST /session/86cef292dcf99a21db7bb59b41f5200f/timeouts - {"script":"<number>"}
RESULT: {"script":"<number>"}
COMMAND: GET /session/86cef292dcf99a21db7bb59b41f5200f/timeouts - {}
RESULT: {}
RESULT: undefined
COMMAND: POST /session/86cef292dcf99a21db7bb59b41f5200f/execute/async - {"script":"<script> [2676 bytes]","args":[]}
RESULT: {"script":"<script> [2676 bytes]","args":[]}
COMMAND: POST /session/86cef292dcf99a21db7bb59b41f5200f/execute/async - {"script":"<script> [2342 bytes]","args":[{"protocol":"http","hostname":"0.0.0.0","path":"/","capabilities":{"browserName":"chrome","goog:chromeOptions":{"binary":"C:\\Program Files\\Google\\Chrome\\Application\\chrome.exe","args":["--start-maximized"]}},"logLevel":"warn","connectionRetryTimeout":120000,"connectionRetryCount":3,"logLevels":{},"enableDirectConnect":true,"strictSSL":true,"_":"65 more keys: [\"cacheDir\",\"port\",\"requestedCapabilities\",\"automationProtocol\",\"baseUrl\",\"waitforInterval\",\"waitforTimeout\",\"onReload\",\"beforeCommand\",\"afterCommand\",\"rootDir\",\"specs\",\"suites\",\"exclude\",\"groupLogsByTestSpec\",\"excludeDriverLogs\",\"bail\",\"framework\",\"reporters\",\"services\",\"maxInstances\",\"maxInstancesPerCapability\",\"injectGlobals\",\"filesToWatch\",\"execArgv\",\"runnerEnv\",\"runner\",\"shard\",\"specFileRetries\",\"specFileRetriesDelay\",\"specFileRetriesDeferred\",\"reporterSyncInterval\",\"reporterSyncTimeout\",\"cucumberFeaturesWithLineNumbers\",\"autoCompileOpts\",\"mochaOpts\",\"jasmineOpts\",\"cucumberOpts\",\"onPrepare\",\"onWorkerStart\",\"onWorkerEnd\",\"before\",\"beforeSession\",\"beforeSuite\",\"beforeHook\",\"beforeTest\",\"afterTest\",\"afterHook\",\"afterSuite\",\"afterSession\",\"after\",\"onComplete\",\"beforeAssertion\",\"afterAssertion\",\"beforeFeature\",\"beforeScenario\",\"beforeStep\",\"afterStep\",\"afterScenario\",\"afterFeature\",\"_\",\"suite\",\"$0\",\"ignoredWorkerServices\",\"wdi5\"]"}]}
RESULT: {"script":"<script> [2342 bytes]","args":[{"protocol":"http","hostname":"0.0.0.0","path":"/","capabilities":{"browserName":"chrome","goog:chromeOptions":{"binary":"C:\\Program Files\\Google\\Chrome\\Application\\chrome.exe","args":["--start-maximized"]}},"logLevel":"warn","connectionRetryTimeout":120000,"connectionRetryCount":3,"logLevels":{},"enableDirectConnect":true,"strictSSL":true,"_":"65 more keys: [\"cacheDir\",\"port\",\"requestedCapabilities\",\"automationProtocol\",\"baseUrl\",\"waitforInterval\",\"waitforTimeout\",\"onReload\",\"beforeCommand\",\"afterCommand\",\"rootDir\",\"specs\",\"suites\",\"exclude\",\"groupLogsByTestSpec\",\"excludeDriverLogs\",\"bail\",\"framework\",\"reporters\",\"services\",\"maxInstances\",\"maxInstancesPerCapability\",\"injectGlobals\",\"filesToWatch\",\"execArgv\",\"runnerEnv\",\"runner\",\"shard\",\"specFileRetries\",\"specFileRetriesDelay\",\"specFileRetriesDeferred\",\"reporterSyncInterval\",\"reporterSyncTimeout\",\"cucumberFeaturesWithLineNumbers\",\"autoCompileOpts\",\"mochaOpts\",\"jasmineOpts\",\"cucumberOpts\",\"onPrepare\",\"onWorkerStart\",\"onWorkerEnd\",\"before\",\"beforeSession\",\"beforeSuite\",\"beforeHook\",\"beforeTest\",\"afterTest\",\"afterHook\",\"afterSuite\",\"afterSession\",\"after\",\"onComplete\",\"beforeAssertion\",\"afterAssertion\",\"beforeFeature\",\"beforeScenario\",\"beforeStep\",\"afterStep\",\"afterScenario\",\"afterFeature\",\"_\",\"suite\",\"$0\",\"ignoredWorkerServices\",\"wdi5\"]"}]}
COMMAND: POST /session/86cef292dcf99a21db7bb59b41f5200f/execute/async - {"script":"<script> [21126 bytes]","args":[35000]}
RESULT: {"script":"<script> [21126 bytes]","args":[35000]}
COMMAND: POST /session/86cef292dcf99a21db7bb59b41f5200f/element - {"using":"css selector","value":"#shell-header-logo"}
RESULT: {"using":"css selector","value":"#shell-header-logo"}
COMMAND: POST /session/86cef292dcf99a21db7bb59b41f5200f/element/f.D07DA9D7691935B74F99E9A1B60A37E7.d.A1E956EA6B6DD75FFAEB6F6CBF37900F.e.10252/click - {}
RESULT: {}
COMMAND: GET /session/86cef292dcf99a21db7bb59b41f5200f/screenshot - {}
RESULT: {}
COMMAND: POST /session/86cef292dcf99a21db7bb59b41f5200f/element - {"using":"css selector","value":"#shell-header-logo"}
RESULT: {"using":"css selector","value":"#shell-header-logo"}
COMMAND: POST /session/86cef292dcf99a21db7bb59b41f5200f/element/f.D07DA9D7691935B74F99E9A1B60A37E7.d.A1E956EA6B6DD75FFAEB6F6CBF37900F.e.10435/click - {}
RESULT: {}
COMMAND: GET /session/86cef292dcf99a21db7bb59b41f5200f/screenshot - {}
RESULT: {}
]]></system-out>
    </testcase>
    <testcase classname="chrome.135_0_7049_96.windows.Warehouse_movements_inventory_test" name="Should do a stock increase handover" time="70.557">
      <system-out><![CDATA[
COMMAND: POST /session/86cef292dcf99a21db7bb59b41f5200f/execute/async - {"script":"<script> [1562 bytes]","args":[{"selector":{"controlType":"sap.m.Text","viewName":"etm.portal.ui.managehandoverstile.view.Master","properties":{"text":"Manage Handovers"},"interaction":{"idSuffix":"inner"}},"wdio_ui5_key":"etmportal.ui.managehandoverstile.view.Mastersap.m.Text{\"text\":\"Manage Handovers\"}"}]}
RESULT: {"script":"<script> [1562 bytes]","args":[{"selector":{"controlType":"sap.m.Text","viewName":"etm.portal.ui.managehandoverstile.view.Master","properties":{"text":"Manage Handovers"},"interaction":{"idSuffix":"inner"}},"wdio_ui5_key":"etmportal.ui.managehandoverstile.view.Mastersap.m.Text{\"text\":\"Manage Handovers\"}"}]}
RESULT: undefined
COMMAND: POST /session/86cef292dcf99a21db7bb59b41f5200f/element - {"using":"xpath","value":"//*[@id=\"__tile131-title\"]"}
RESULT: {"using":"xpath","value":"//*[@id=\"__tile131-title\"]"}
COMMAND: POST /session/86cef292dcf99a21db7bb59b41f5200f/element/f.D07DA9D7691935B74F99E9A1B60A37E7.d.A1E956EA6B6DD75FFAEB6F6CBF37900F.e.10437/click - {}
RESULT: {}
COMMAND: GET /session/86cef292dcf99a21db7bb59b41f5200f/screenshot - {}
RESULT: {}
COMMAND: POST /session/86cef292dcf99a21db7bb59b41f5200f/element - {"using":"xpath","value":"//button[(@data-kt = 'masterHOAddButton')]"}
RESULT: {"using":"xpath","value":"//button[(@data-kt = 'masterHOAddButton')]"}
COMMAND: POST /session/86cef292dcf99a21db7bb59b41f5200f/element/f.D07DA9D7691935B74F99E9A1B60A37E7.d.A1E956EA6B6DD75FFAEB6F6CBF37900F.e.10456/click - {}
RESULT: {}
COMMAND: GET /session/86cef292dcf99a21db7bb59b41f5200f/screenshot - {}
RESULT: {}
COMMAND: POST /session/86cef292dcf99a21db7bb59b41f5200f/element - {"using":"xpath","value":"//span[contains(@id ,\"AddNewHO--typeSelect-arrow\")]"}
RESULT: {"using":"xpath","value":"//span[contains(@id ,\"AddNewHO--typeSelect-arrow\")]"}
COMMAND: POST /session/86cef292dcf99a21db7bb59b41f5200f/element/f.D07DA9D7691935B74F99E9A1B60A37E7.d.A1E956EA6B6DD75FFAEB6F6CBF37900F.e.10773/click - {}
RESULT: {}
COMMAND: POST /session/86cef292dcf99a21db7bb59b41f5200f/element - {"using":"xpath","value":"(//li[contains(text(), \"stock increase yard\")])[1]"}
COMMAND: GET /session/86cef292dcf99a21db7bb59b41f5200f/screenshot - {}
RESULT: {"using":"xpath","value":"(//li[contains(text(), \"stock increase yard\")])[1]"}
COMMAND: POST /session/86cef292dcf99a21db7bb59b41f5200f/element/f.D07DA9D7691935B74F99E9A1B60A37E7.d.A1E956EA6B6DD75FFAEB6F6CBF37900F.e.10774/click - {}
RESULT: {}
RESULT: {}
COMMAND: GET /session/86cef292dcf99a21db7bb59b41f5200f/screenshot - {}
RESULT: {}
COMMAND: POST /session/86cef292dcf99a21db7bb59b41f5200f/execute/async - {"script":"<script> [1562 bytes]","args":[{"selector":{"id":"application-managehandovers-display-component---AddNewHO--dueDate","interaction":{"idSuffix":"inner"}},"wdio_ui5_key":"applicationmanagehandovers-display-component---AddNewHO--dueDate"}]}
RESULT: {"script":"<script> [1562 bytes]","args":[{"selector":{"id":"application-managehandovers-display-component---AddNewHO--dueDate","interaction":{"idSuffix":"inner"}},"wdio_ui5_key":"applicationmanagehandovers-display-component---AddNewHO--dueDate"}]}
RESULT: undefined
COMMAND: POST /session/86cef292dcf99a21db7bb59b41f5200f/execute/async - {"script":"<script> [6424 bytes]","args":[{"element-6066-11e4-a52e-4f735466cecf":"f.D07DA9D7691935B74F99E9A1B60A37E7.d.A1E956EA6B6DD75FFAEB6F6CBF37900F.e.10778"},"setValue",["04/28/2025"]]}
RESULT: {"script":"<script> [6424 bytes]","args":[{"element-6066-11e4-a52e-4f735466cecf":"f.D07DA9D7691935B74F99E9A1B60A37E7.d.A1E956EA6B6DD75FFAEB6F6CBF37900F.e.10778"},"setValue",["04/28/2025"]]}
COMMAND: POST /session/86cef292dcf99a21db7bb59b41f5200f/element - {"using":"xpath","value":"//input[@id=\"generalSectionFrg--receiveYard-inner\"]"}
RESULT: {"using":"xpath","value":"//input[@id=\"generalSectionFrg--receiveYard-inner\"]"}
COMMAND: POST /session/86cef292dcf99a21db7bb59b41f5200f/element/f.D07DA9D7691935B74F99E9A1B60A37E7.d.A1E956EA6B6DD75FFAEB6F6CBF37900F.e.10784/clear - {}
RESULT: {}
COMMAND: POST /session/86cef292dcf99a21db7bb59b41f5200f/element/f.D07DA9D7691935B74F99E9A1B60A37E7.d.A1E956EA6B6DD75FFAEB6F6CBF37900F.e.10784/value - {"text":"WebdriverWHMYard7cb6vk"}
COMMAND: GET /session/86cef292dcf99a21db7bb59b41f5200f/screenshot - {}
RESULT: {"text":"WebdriverWHMYard7cb6vk"}
COMMAND: GET /session/86cef292dcf99a21db7bb59b41f5200f/screenshot - {}
RESULT: {}
RESULT: {}
COMMAND: POST /session/86cef292dcf99a21db7bb59b41f5200f/execute/async - {"script":"<script> [1562 bytes]","args":[{"selector":{"id":"application-managehandovers-display-component---AddNewHO--ObjectPageLayout-anchBar-application-managehandovers-display-component---AddNewHO--section4-anchor","interaction":{"idSuffix":"BDI-content"}},"wdio_ui5_key":"applicationmanagehandovers-display-component---AddNewHO--ObjectPageLayout-anchBar-application-managehandovers-display-component---AddNewHO--section4-anchor"}]}
RESULT: {"script":"<script> [1562 bytes]","args":[{"selector":{"id":"application-managehandovers-display-component---AddNewHO--ObjectPageLayout-anchBar-application-managehandovers-display-component---AddNewHO--section4-anchor","interaction":{"idSuffix":"BDI-content"}},"wdio_ui5_key":"applicationmanagehandovers-display-component---AddNewHO--ObjectPageLayout-anchBar-application-managehandovers-display-component---AddNewHO--section4-anchor"}]}
RESULT: undefined
COMMAND: POST /session/86cef292dcf99a21db7bb59b41f5200f/element - {"using":"xpath","value":"//*[@id=\"application-managehandovers-display-component---AddNewHO--ObjectPageLayout-anchBar-application-managehandovers-display-component---AddNewHO--section4-anchor\"]"}
RESULT: {"using":"xpath","value":"//*[@id=\"application-managehandovers-display-component---AddNewHO--ObjectPageLayout-anchBar-application-managehandovers-display-component---AddNewHO--section4-anchor\"]"}
COMMAND: POST /session/86cef292dcf99a21db7bb59b41f5200f/element/f.D07DA9D7691935B74F99E9A1B60A37E7.d.A1E956EA6B6DD75FFAEB6F6CBF37900F.e.10800/click - {}
RESULT: {}
COMMAND: GET /session/86cef292dcf99a21db7bb59b41f5200f/screenshot - {}
RESULT: {}
COMMAND: POST /session/86cef292dcf99a21db7bb59b41f5200f/element - {"using":"xpath","value":"//button[@aria-label=\"Add\"]"}
RESULT: {"using":"xpath","value":"//button[@aria-label=\"Add\"]"}
COMMAND: POST /session/86cef292dcf99a21db7bb59b41f5200f/element/f.D07DA9D7691935B74F99E9A1B60A37E7.d.A1E956EA6B6DD75FFAEB6F6CBF37900F.e.10804/click - {}
RESULT: {}
COMMAND: GET /session/86cef292dcf99a21db7bb59b41f5200f/screenshot - {}
RESULT: {}
COMMAND: POST /session/86cef292dcf99a21db7bb59b41f5200f/execute/async - {"script":"<script> [1562 bytes]","args":[{"selector":{"id":"application-managehandovers-display-component---AddNewHO--smartFilterBar-btnBasicSearch","searchOpenDialogs":true,"interaction":{"idSuffix":"I"}},"wdio_ui5_key":"applicationmanagehandovers-display-component---AddNewHO--smartFilterBar-btnBasicSearch"}]}
RESULT: {"script":"<script> [1562 bytes]","args":[{"selector":{"id":"application-managehandovers-display-component---AddNewHO--smartFilterBar-btnBasicSearch","searchOpenDialogs":true,"interaction":{"idSuffix":"I"}},"wdio_ui5_key":"applicationmanagehandovers-display-component---AddNewHO--smartFilterBar-btnBasicSearch"}]}
RESULT: undefined
COMMAND: POST /session/86cef292dcf99a21db7bb59b41f5200f/execute/async - {"script":"<script> [776 bytes]","args":[{"enterText":"WebdriverRUR2Cx7iww","selector":{"id":"application-managehandovers-display-component---AddNewHO--smartFilterBar-btnBasicSearch","searchOpenDialogs":true,"interaction":{"idSuffix":"I"}},"clearTextFirst":true,"interactionType":"ENTER_TEXT"}]}
RESULT: {"script":"<script> [776 bytes]","args":[{"enterText":"WebdriverRUR2Cx7iww","selector":{"id":"application-managehandovers-display-component---AddNewHO--smartFilterBar-btnBasicSearch","searchOpenDialogs":true,"interaction":{"idSuffix":"I"}},"clearTextFirst":true,"interactionType":"ENTER_TEXT"}]}
COMMAND: POST /session/86cef292dcf99a21db7bb59b41f5200f/actions - {"actions":[{"id":"action33","type":"key","parameters":{},"actions":[{"type":"keyDown","value":"î€‡"},{"type":"pause","duration":10},{"type":"keyUp","value":"î€‡"}]}]}
RESULT: {"actions":[{"id":"action33","type":"key","parameters":{},"actions":[{"type":"keyDown","value":"î€‡"},{"type":"pause","duration":10},{"type":"keyUp","value":"î€‡"}]}]}
COMMAND: POST /session/86cef292dcf99a21db7bb59b41f5200f/execute/async - {"script":"<script> [1562 bytes]","args":[{"selector":{"id":"application-managehandovers-display-component---AddNewHO--popup-sa","searchOpenDialogs":true,"interaction":{"idSuffix":"CbBg"}},"wdio_ui5_key":"applicationmanagehandovers-display-component---AddNewHO--popup-sa"}]}
COMMAND: GET /session/86cef292dcf99a21db7bb59b41f5200f/screenshot - {}
RESULT: {"script":"<script> [1562 bytes]","args":[{"selector":{"id":"application-managehandovers-display-component---AddNewHO--popup-sa","searchOpenDialogs":true,"interaction":{"idSuffix":"CbBg"}},"wdio_ui5_key":"applicationmanagehandovers-display-component---AddNewHO--popup-sa"}]}
RESULT: undefined
COMMAND: POST /session/86cef292dcf99a21db7bb59b41f5200f/element - {"using":"xpath","value":"//*[@id=\"application-managehandovers-display-component---AddNewHO--popup-sa\"]"}
RESULT: {}
RESULT: {"using":"xpath","value":"//*[@id=\"application-managehandovers-display-component---AddNewHO--popup-sa\"]"}
COMMAND: POST /session/86cef292dcf99a21db7bb59b41f5200f/element/f.D07DA9D7691935B74F99E9A1B60A37E7.d.A1E956EA6B6DD75FFAEB6F6CBF37900F.e.10959/click - {}
RESULT: {}
COMMAND: GET /session/86cef292dcf99a21db7bb59b41f5200f/screenshot - {}
RESULT: {}
COMMAND: POST /session/86cef292dcf99a21db7bb59b41f5200f/element - {"using":"xpath","value":"//bdi[contains(text(), \"Select\")]"}
RESULT: {"using":"xpath","value":"//bdi[contains(text(), \"Select\")]"}
COMMAND: POST /session/86cef292dcf99a21db7bb59b41f5200f/element/f.D07DA9D7691935B74F99E9A1B60A37E7.d.A1E956EA6B6DD75FFAEB6F6CBF37900F.e.10960/click - {}
RESULT: {}
COMMAND: GET /session/86cef292dcf99a21db7bb59b41f5200f/screenshot - {}
RESULT: {}
COMMAND: POST /session/86cef292dcf99a21db7bb59b41f5200f/element - {"using":"xpath","value":"//button[@data-kt=\"AddNewHOSaveButton\"]"}
RESULT: {"using":"xpath","value":"//button[@data-kt=\"AddNewHOSaveButton\"]"}
COMMAND: POST /session/86cef292dcf99a21db7bb59b41f5200f/element/f.D07DA9D7691935B74F99E9A1B60A37E7.d.A1E956EA6B6DD75FFAEB6F6CBF37900F.e.10964/click - {}
RESULT: {}
COMMAND: GET /session/86cef292dcf99a21db7bb59b41f5200f/screenshot - {}
RESULT: {}
COMMAND: POST /session/86cef292dcf99a21db7bb59b41f5200f/execute/async - {"script":"<script> [1562 bytes]","args":[{"selector":{"id":"receiptDatePicker","viewName":"etm.portal.ui.managehandovers.view.DetailExecuteHO","interaction":{"idSuffix":"inner"}},"wdio_ui5_key":"receiptDatePickeretmportal.ui.managehandovers.view.DetailExecuteHO"}]}
RESULT: {"script":"<script> [1562 bytes]","args":[{"selector":{"id":"receiptDatePicker","viewName":"etm.portal.ui.managehandovers.view.DetailExecuteHO","interaction":{"idSuffix":"inner"}},"wdio_ui5_key":"receiptDatePickeretmportal.ui.managehandovers.view.DetailExecuteHO"}]}
RESULT: undefined
COMMAND: POST /session/86cef292dcf99a21db7bb59b41f5200f/execute/async - {"script":"<script> [6424 bytes]","args":[{"element-6066-11e4-a52e-4f735466cecf":"f.D07DA9D7691935B74F99E9A1B60A37E7.d.A1E956EA6B6DD75FFAEB6F6CBF37900F.e.10991"},"setValue",["04/28/2025"]]}
RESULT: {"script":"<script> [6424 bytes]","args":[{"element-6066-11e4-a52e-4f735466cecf":"f.D07DA9D7691935B74F99E9A1B60A37E7.d.A1E956EA6B6DD75FFAEB6F6CBF37900F.e.10991"},"setValue",["04/28/2025"]]}
COMMAND: POST /session/86cef292dcf99a21db7bb59b41f5200f/element - {"using":"xpath","value":"//button[@data-kt=\"PickingTableConfirmAllButton\"]"}
RESULT: {"using":"xpath","value":"//button[@data-kt=\"PickingTableConfirmAllButton\"]"}
COMMAND: POST /session/86cef292dcf99a21db7bb59b41f5200f/element/f.D07DA9D7691935B74F99E9A1B60A37E7.d.A1E956EA6B6DD75FFAEB6F6CBF37900F.e.11010/click - {}
RESULT: {}
COMMAND: GET /session/86cef292dcf99a21db7bb59b41f5200f/screenshot - {}
RESULT: {}
COMMAND: POST /session/86cef292dcf99a21db7bb59b41f5200f/element - {"using":"xpath","value":"//bdi[contains(text(), \"OK\")]"}
RESULT: {"using":"xpath","value":"//bdi[contains(text(), \"OK\")]"}
COMMAND: POST /session/86cef292dcf99a21db7bb59b41f5200f/element/f.D07DA9D7691935B74F99E9A1B60A37E7.d.A1E956EA6B6DD75FFAEB6F6CBF37900F.e.11012/click - {}
RESULT: {}
COMMAND: GET /session/86cef292dcf99a21db7bb59b41f5200f/screenshot - {}
RESULT: {}
COMMAND: POST /session/86cef292dcf99a21db7bb59b41f5200f/element - {"using":"xpath","value":"(//bdi[contains(text(), \"Receive\")])[2]"}
RESULT: {"using":"xpath","value":"(//bdi[contains(text(), \"Receive\")])[2]"}
COMMAND: POST /session/86cef292dcf99a21db7bb59b41f5200f/element/f.D07DA9D7691935B74F99E9A1B60A37E7.d.A1E956EA6B6DD75FFAEB6F6CBF37900F.e.11014/click - {}
RESULT: {}
COMMAND: GET /session/86cef292dcf99a21db7bb59b41f5200f/screenshot - {}
RESULT: {}
COMMAND: POST /session/86cef292dcf99a21db7bb59b41f5200f/element - {"using":"css selector","value":"#shell-header-logo"}
RESULT: {"using":"css selector","value":"#shell-header-logo"}
COMMAND: POST /session/86cef292dcf99a21db7bb59b41f5200f/element/f.D07DA9D7691935B74F99E9A1B60A37E7.d.A1E956EA6B6DD75FFAEB6F6CBF37900F.e.10435/click - {}
RESULT: {}
COMMAND: GET /session/86cef292dcf99a21db7bb59b41f5200f/screenshot - {}
RESULT: {}
]]></system-out>
    </testcase>
    <testcase classname="chrome.135_0_7049_96.windows.Warehouse_movements_inventory_test" name="Verify the warehouse movement" time="40.078">
      <system-out><![CDATA[
COMMAND: POST /session/86cef292dcf99a21db7bb59b41f5200f/execute/async - {"script":"<script> [1562 bytes]","args":[{"selector":{"controlType":"sap.m.GenericTile","properties":{"header":"Manage Warehouse Movements"}},"wdio_ui5_key":"sapm.GenericTile{\"header\":\"Manage Warehouse Movements\"}"}]}
RESULT: {"script":"<script> [1562 bytes]","args":[{"selector":{"controlType":"sap.m.GenericTile","properties":{"header":"Manage Warehouse Movements"}},"wdio_ui5_key":"sapm.GenericTile{\"header\":\"Manage Warehouse Movements\"}"}]}
RESULT: undefined
COMMAND: POST /session/86cef292dcf99a21db7bb59b41f5200f/element - {"using":"xpath","value":"//*[@id=\"__tile105\"]"}
RESULT: {"using":"xpath","value":"//*[@id=\"__tile105\"]"}
COMMAND: POST /session/86cef292dcf99a21db7bb59b41f5200f/element/f.D07DA9D7691935B74F99E9A1B60A37E7.d.A1E956EA6B6DD75FFAEB6F6CBF37900F.e.11248/click - {}
RESULT: {}
COMMAND: GET /session/86cef292dcf99a21db7bb59b41f5200f/screenshot - {}
RESULT: {}
COMMAND: POST /session/86cef292dcf99a21db7bb59b41f5200f/execute/async - {"script":"<script> [1562 bytes]","args":[{"selector":{"id":"application-warehousemovements-display-component---warehouseMovements--smartFilterBar-filterItemControl_BASIC-YARD-vhi"},"wdio_ui5_key":"applicationwarehousemovements-display-component---warehouseMovements--smartFilterBar-filterItemControl_BASIC-YARD-vhi"}]}
RESULT: {"script":"<script> [1562 bytes]","args":[{"selector":{"id":"application-warehousemovements-display-component---warehouseMovements--smartFilterBar-filterItemControl_BASIC-YARD-vhi"},"wdio_ui5_key":"applicationwarehousemovements-display-component---warehouseMovements--smartFilterBar-filterItemControl_BASIC-YARD-vhi"}]}
RESULT: undefined
COMMAND: POST /session/86cef292dcf99a21db7bb59b41f5200f/element - {"using":"xpath","value":"//*[@id=\"application-warehousemovements-display-component---warehouseMovements--smartFilterBar-filterItemControl_BASIC-YARD-vhi\"]"}
RESULT: {"using":"xpath","value":"//*[@id=\"application-warehousemovements-display-component---warehouseMovements--smartFilterBar-filterItemControl_BASIC-YARD-vhi\"]"}
COMMAND: POST /session/86cef292dcf99a21db7bb59b41f5200f/element/f.D07DA9D7691935B74F99E9A1B60A37E7.d.A1E956EA6B6DD75FFAEB6F6CBF37900F.e.11338/click - {}
RESULT: {}
COMMAND: GET /session/86cef292dcf99a21db7bb59b41f5200f/screenshot - {}
RESULT: {}
COMMAND: POST /session/86cef292dcf99a21db7bb59b41f5200f/execute/async - {"script":"<script> [1562 bytes]","args":[{"selector":{"id":"application-warehousemovements-display-component---warehouseMovements--smartFilterBar-filterItemControl_BASIC-YARD-valueHelpDialog-smartFilterBar-btnBasicSearch","searchOpenDialogs":true,"interaction":{"idSuffix":"I"}},"wdio_ui5_key":"applicationwarehousemovements-display-component---warehouseMovements--smartFilterBar-filterItemControl_BASIC-YARD-valueHelpDialog-smartFilterBar-btnBasicSearch"}]}
RESULT: {"script":"<script> [1562 bytes]","args":[{"selector":{"id":"application-warehousemovements-display-component---warehouseMovements--smartFilterBar-filterItemControl_BASIC-YARD-valueHelpDialog-smartFilterBar-btnBasicSearch","searchOpenDialogs":true,"interaction":{"idSuffix":"I"}},"wdio_ui5_key":"applicationwarehousemovements-display-component---warehouseMovements--smartFilterBar-filterItemControl_BASIC-YARD-valueHelpDialog-smartFilterBar-btnBasicSearch"}]}
RESULT: undefined
COMMAND: POST /session/86cef292dcf99a21db7bb59b41f5200f/execute/async - {"script":"<script> [776 bytes]","args":[{"enterText":"WebdriverWHMYard7cb6vk","selector":{"id":"application-warehousemovements-display-component---warehouseMovements--smartFilterBar-filterItemControl_BASIC-YARD-valueHelpDialog-smartFilterBar-btnBasicSearch","searchOpenDialogs":true,"interaction":{"idSuffix":"I"}},"clearTextFirst":true,"interactionType":"ENTER_TEXT"}]}
RESULT: {"script":"<script> [776 bytes]","args":[{"enterText":"WebdriverWHMYard7cb6vk","selector":{"id":"application-warehousemovements-display-component---warehouseMovements--smartFilterBar-filterItemControl_BASIC-YARD-valueHelpDialog-smartFilterBar-btnBasicSearch","searchOpenDialogs":true,"interaction":{"idSuffix":"I"}},"clearTextFirst":true,"interactionType":"ENTER_TEXT"}]}
COMMAND: POST /session/86cef292dcf99a21db7bb59b41f5200f/actions - {"actions":[{"id":"action34","type":"key","parameters":{},"actions":[{"type":"keyDown","value":"î€‡"},{"type":"pause","duration":10},{"type":"keyUp","value":"î€‡"}]}]}
RESULT: {"actions":[{"id":"action34","type":"key","parameters":{},"actions":[{"type":"keyDown","value":"î€‡"},{"type":"pause","duration":10},{"type":"keyUp","value":"î€‡"}]}]}
COMMAND: GET /session/86cef292dcf99a21db7bb59b41f5200f/screenshot - {}
RESULT: {}
COMMAND: POST /session/86cef292dcf99a21db7bb59b41f5200f/element - {"using":"xpath","value":"//div[@id='application-warehousemovements-display-component---warehouseMovements--smartFilterBar-filterItemControl_BASIC-YARD-valueHelpDialog-table-rowsel0']"}
RESULT: {"using":"xpath","value":"//div[@id='application-warehousemovements-display-component---warehouseMovements--smartFilterBar-filterItemControl_BASIC-YARD-valueHelpDialog-table-rowsel0']"}
COMMAND: POST /session/86cef292dcf99a21db7bb59b41f5200f/element/f.D07DA9D7691935B74F99E9A1B60A37E7.d.A1E956EA6B6DD75FFAEB6F6CBF37900F.e.11347/click - {}
RESULT: {}
COMMAND: POST /session/86cef292dcf99a21db7bb59b41f5200f/execute/async - {"script":"<script> [1562 bytes]","args":[{"selector":{"id":"application-warehousemovements-display-component---warehouseMovements--smartFilterBar-filterItemControl_BASIC-YARD-valueHelpDialog-ok","searchOpenDialogs":true,"interaction":{"idSuffix":"BDI-content"}},"wdio_ui5_key":"applicationwarehousemovements-display-component---warehouseMovements--smartFilterBar-filterItemControl_BASIC-YARD-valueHelpDialog-ok"}]}
COMMAND: GET /session/86cef292dcf99a21db7bb59b41f5200f/screenshot - {}
RESULT: {"script":"<script> [1562 bytes]","args":[{"selector":{"id":"application-warehousemovements-display-component---warehouseMovements--smartFilterBar-filterItemControl_BASIC-YARD-valueHelpDialog-ok","searchOpenDialogs":true,"interaction":{"idSuffix":"BDI-content"}},"wdio_ui5_key":"applicationwarehousemovements-display-component---warehouseMovements--smartFilterBar-filterItemControl_BASIC-YARD-valueHelpDialog-ok"}]}
RESULT: undefined
COMMAND: POST /session/86cef292dcf99a21db7bb59b41f5200f/element - {"using":"xpath","value":"//*[@id=\"application-warehousemovements-display-component---warehouseMovements--smartFilterBar-filterItemControl_BASIC-YARD-valueHelpDialog-ok\"]"}
RESULT: {}
RESULT: {"using":"xpath","value":"//*[@id=\"application-warehousemovements-display-component---warehouseMovements--smartFilterBar-filterItemControl_BASIC-YARD-valueHelpDialog-ok\"]"}
COMMAND: POST /session/86cef292dcf99a21db7bb59b41f5200f/element/f.D07DA9D7691935B74F99E9A1B60A37E7.d.A1E956EA6B6DD75FFAEB6F6CBF37900F.e.11350/click - {}
RESULT: {}
COMMAND: POST /session/86cef292dcf99a21db7bb59b41f5200f/execute/async - {"script":"<script> [1562 bytes]","args":[{"selector":{"controlType":"sap.ui.core.Icon","viewName":"etm.portal.ui.warehousemovements.view.MasterMovement","viewId":"application-warehousemovements-display-component---warehouseMovements","properties":{"src":{"regex":{"source":"add"}}}},"wdio_ui5_key":"etmportal.ui.warehousemovements.view.MasterMovementsap.ui.core.Icon{\"src\":{\"regex\":{\"source\":\"add\"}}}"}]}
COMMAND: GET /session/86cef292dcf99a21db7bb59b41f5200f/screenshot - {}
RESULT: {"script":"<script> [1562 bytes]","args":[{"selector":{"controlType":"sap.ui.core.Icon","viewName":"etm.portal.ui.warehousemovements.view.MasterMovement","viewId":"application-warehousemovements-display-component---warehouseMovements","properties":{"src":{"regex":{"source":"add"}}}},"wdio_ui5_key":"etmportal.ui.warehousemovements.view.MasterMovementsap.ui.core.Icon{\"src\":{\"regex\":{\"source\":\"add\"}}}"}]}
RESULT: undefined
COMMAND: POST /session/86cef292dcf99a21db7bb59b41f5200f/element - {"using":"xpath","value":"//*[@id=\"__button73-img\"]"}
RESULT: {}
RESULT: {"using":"xpath","value":"//*[@id=\"__button73-img\"]"}
COMMAND: POST /session/86cef292dcf99a21db7bb59b41f5200f/element/f.D07DA9D7691935B74F99E9A1B60A37E7.d.A1E956EA6B6DD75FFAEB6F6CBF37900F.e.11286/click - {}
RESULT: {}
COMMAND: POST /session/86cef292dcf99a21db7bb59b41f5200f/element - {"using":"xpath","value":"//input[contains(@id ,\"application-warehousemovements-display-component---addMovement--sectionsList-inner\")]"}
COMMAND: GET /session/86cef292dcf99a21db7bb59b41f5200f/screenshot - {}
RESULT: {"using":"xpath","value":"//input[contains(@id ,\"application-warehousemovements-display-component---addMovement--sectionsList-inner\")]"}
COMMAND: POST /session/86cef292dcf99a21db7bb59b41f5200f/elements - {"using":"xpath","value":"//input[contains(@id ,\"application-warehousemovements-display-component---addMovement--sectionsList-inner\")]"}
RESULT: {}
RESULT: {"using":"xpath","value":"//input[contains(@id ,\"application-warehousemovements-display-component---addMovement--sectionsList-inner\")]"}
COMMAND: POST /session/86cef292dcf99a21db7bb59b41f5200f/elements - {"using":"xpath","value":"//input[contains(@id ,\"application-warehousemovements-display-component---addMovement--sectionsList-inner\")]"}
RESULT: {"using":"xpath","value":"//input[contains(@id ,\"application-warehousemovements-display-component---addMovement--sectionsList-inner\")]"}
COMMAND: POST /session/86cef292dcf99a21db7bb59b41f5200f/element - {"using":"xpath","value":"//input[contains(@id ,\"application-warehousemovements-display-component---addMovement--sectionsList-inner\")]"}
RESULT: {"using":"xpath","value":"//input[contains(@id ,\"application-warehousemovements-display-component---addMovement--sectionsList-inner\")]"}
COMMAND: POST /session/86cef292dcf99a21db7bb59b41f5200f/element/f.D07DA9D7691935B74F99E9A1B60A37E7.d.A1E956EA6B6DD75FFAEB6F6CBF37900F.e.11413/clear - {}
RESULT: {}
COMMAND: POST /session/86cef292dcf99a21db7bb59b41f5200f/element/f.D07DA9D7691935B74F99E9A1B60A37E7.d.A1E956EA6B6DD75FFAEB6F6CBF37900F.e.11413/value - {"text":"Seclufxtk"}
COMMAND: GET /session/86cef292dcf99a21db7bb59b41f5200f/screenshot - {}
RESULT: {"text":"Seclufxtk"}
COMMAND: GET /session/86cef292dcf99a21db7bb59b41f5200f/screenshot - {}
RESULT: {}
RESULT: {}
COMMAND: POST /session/86cef292dcf99a21db7bb59b41f5200f/actions - {"actions":[{"id":"action35","type":"key","parameters":{},"actions":[{"type":"keyDown","value":"î€‡"},{"type":"pause","duration":10},{"type":"keyUp","value":"î€‡"}]}]}
RESULT: {"actions":[{"id":"action35","type":"key","parameters":{},"actions":[{"type":"keyDown","value":"î€‡"},{"type":"pause","duration":10},{"type":"keyUp","value":"î€‡"}]}]}
COMMAND: GET /session/86cef292dcf99a21db7bb59b41f5200f/screenshot - {}
RESULT: {}
COMMAND: POST /session/86cef292dcf99a21db7bb59b41f5200f/execute/async - {"script":"<script> [1562 bytes]","args":[{"selector":{"id":"application-warehousemovements-display-component---addMovement--addItem-img"},"wdio_ui5_key":"applicationwarehousemovements-display-component---addMovement--addItem-img"}]}
RESULT: {"script":"<script> [1562 bytes]","args":[{"selector":{"id":"application-warehousemovements-display-component---addMovement--addItem-img"},"wdio_ui5_key":"applicationwarehousemovements-display-component---addMovement--addItem-img"}]}
RESULT: undefined
COMMAND: POST /session/86cef292dcf99a21db7bb59b41f5200f/element - {"using":"xpath","value":"//*[@id=\"application-warehousemovements-display-component---addMovement--addItem-img\"]"}
RESULT: {"using":"xpath","value":"//*[@id=\"application-warehousemovements-display-component---addMovement--addItem-img\"]"}
COMMAND: POST /session/86cef292dcf99a21db7bb59b41f5200f/element/f.D07DA9D7691935B74F99E9A1B60A37E7.d.A1E956EA6B6DD75FFAEB6F6CBF37900F.e.11397/click - {}
RESULT: {}
COMMAND: POST /session/86cef292dcf99a21db7bb59b41f5200f/execute/async - {"script":"<script> [1562 bytes]","args":[{"selector":{"id":"movementItemsPopUp--invSearch","searchOpenDialogs":true,"interaction":{"idSuffix":"I"}},"wdio_ui5_key":"movementItemsPopUpinvSearch"}]}
COMMAND: GET /session/86cef292dcf99a21db7bb59b41f5200f/screenshot - {}
RESULT: {"script":"<script> [1562 bytes]","args":[{"selector":{"id":"movementItemsPopUp--invSearch","searchOpenDialogs":true,"interaction":{"idSuffix":"I"}},"wdio_ui5_key":"movementItemsPopUpinvSearch"}]}
RESULT: undefined
COMMAND: POST /session/86cef292dcf99a21db7bb59b41f5200f/execute/async - {"script":"<script> [776 bytes]","args":[{"enterText":"WebdriverRUR2Cx7iww","selector":{"id":"movementItemsPopUp--invSearch","searchOpenDialogs":true,"interaction":{"idSuffix":"I"}},"clearTextFirst":true,"interactionType":"ENTER_TEXT"}]}
RESULT: {}
RESULT: {"script":"<script> [776 bytes]","args":[{"enterText":"WebdriverRUR2Cx7iww","selector":{"id":"movementItemsPopUp--invSearch","searchOpenDialogs":true,"interaction":{"idSuffix":"I"}},"clearTextFirst":true,"interactionType":"ENTER_TEXT"}]}
COMMAND: POST /session/86cef292dcf99a21db7bb59b41f5200f/execute/async - {"script":"<script> [1562 bytes]","args":[{"selector":{"id":"movementItemsPopUp--movementItemsTable-sa","searchOpenDialogs":true,"interaction":{"idSuffix":"CbBg"}},"wdio_ui5_key":"movementItemsPopUpmovementItemsTable-sa"}]}
RESULT: {"script":"<script> [1562 bytes]","args":[{"selector":{"id":"movementItemsPopUp--movementItemsTable-sa","searchOpenDialogs":true,"interaction":{"idSuffix":"CbBg"}},"wdio_ui5_key":"movementItemsPopUpmovementItemsTable-sa"}]}
RESULT: undefined
COMMAND: POST /session/86cef292dcf99a21db7bb59b41f5200f/element - {"using":"xpath","value":"//*[@id=\"movementItemsPopUp--movementItemsTable-sa\"]"}
RESULT: {"using":"xpath","value":"//*[@id=\"movementItemsPopUp--movementItemsTable-sa\"]"}
COMMAND: POST /session/86cef292dcf99a21db7bb59b41f5200f/element/f.D07DA9D7691935B74F99E9A1B60A37E7.d.A1E956EA6B6DD75FFAEB6F6CBF37900F.e.11497/click - {}
RESULT: {}
COMMAND: POST /session/86cef292dcf99a21db7bb59b41f5200f/execute/async - {"script":"<script> [1562 bytes]","args":[{"selector":{"id":"movementItemsPopUp--createBtn","searchOpenDialogs":true,"interaction":{"idSuffix":"BDI-content"}},"wdio_ui5_key":"movementItemsPopUpcreateBtn"}]}
COMMAND: GET /session/86cef292dcf99a21db7bb59b41f5200f/screenshot - {}
RESULT: {"script":"<script> [1562 bytes]","args":[{"selector":{"id":"movementItemsPopUp--createBtn","searchOpenDialogs":true,"interaction":{"idSuffix":"BDI-content"}},"wdio_ui5_key":"movementItemsPopUpcreateBtn"}]}
RESULT: undefined
COMMAND: POST /session/86cef292dcf99a21db7bb59b41f5200f/element - {"using":"xpath","value":"//*[@id=\"movementItemsPopUp--createBtn\"]"}
RESULT: {}
RESULT: {"using":"xpath","value":"//*[@id=\"movementItemsPopUp--createBtn\"]"}
COMMAND: POST /session/86cef292dcf99a21db7bb59b41f5200f/element/f.D07DA9D7691935B74F99E9A1B60A37E7.d.A1E956EA6B6DD75FFAEB6F6CBF37900F.e.11499/click - {}
RESULT: {}
COMMAND: GET /session/86cef292dcf99a21db7bb59b41f5200f/screenshot - {}
RESULT: {}
COMMAND: DELETE /session/86cef292dcf99a21db7bb59b41f5200f - {}
RESULT: {}
]]></system-out>
    </testcase>
  </testsuite>
</testsuites>