<?xml version="1.0" encoding="UTF-8"?>
<testsuites tests="64" failures="48" errors="48" skipped="0">
  <testsuite timestamp="2025-04-28T06:14:31" time="63.705" tests="1" failures="0" errors="0" skipped="0">
    <properties>
      <property name="specId" value="0" />
      <property name="suiteName" value="US104422 Create new bin &amp; section - select nothing " />
      <property name="capabilities" value="chrome.135_0_7049_96.windows" />
      <property name="file" value="file:///D:/a/1/s/test/specs/HTR/create-bin.spec.js" />
    </properties>
    <testcase classname="chrome.135_0_7049_96.windows.US104422_Create_new_bin_&amp;_section_-_select_nothing_" name="Create new bin section" time="46.281">
      <system-out><![CDATA[
COMMAND: POST /session/b0ee303caf718db626ad6d5c1d399bab/element - {"using":"xpath","value":"//div[text()='Warehouse']"}
RESULT: {"using":"xpath","value":"//div[text()='Warehouse']"}
COMMAND: POST /session/b0ee303caf718db626ad6d5c1d399bab/elements - {"using":"xpath","value":"//div[text()='Warehouse']"}
RESULT: {"using":"xpath","value":"//div[text()='Warehouse']"}
COMMAND: POST /session/b0ee303caf718db626ad6d5c1d399bab/element/f.E5342C77FF52C8F876B09F590AF6AC48.d.D80ED5BD25339CDADC6425833DC8A04A.e.120/click - {}
RESULT: {}
COMMAND: POST /session/b0ee303caf718db626ad6d5c1d399bab/execute/async - {"script":"<script> [1562 bytes]","args":[{"selector":{"controlType":"sap.m.GenericTile","properties":{"header":"Bin Status Report"}},"wdio_ui5_key":"sapm.GenericTile{\"header\":\"Bin Status Report\"}"}]}
COMMAND: GET /session/b0ee303caf718db626ad6d5c1d399bab/screenshot - {}
RESULT: {"script":"<script> [1562 bytes]","args":[{"selector":{"controlType":"sap.m.GenericTile","properties":{"header":"Bin Status Report"}},"wdio_ui5_key":"sapm.GenericTile{\"header\":\"Bin Status Report\"}"}]}
RESULT: undefined
COMMAND: POST /session/b0ee303caf718db626ad6d5c1d399bab/element - {"using":"xpath","value":"//*[@id=\"__tile104\"]"}
RESULT: {}
RESULT: {"using":"xpath","value":"//*[@id=\"__tile104\"]"}
COMMAND: POST /session/b0ee303caf718db626ad6d5c1d399bab/element/f.E5342C77FF52C8F876B09F590AF6AC48.d.D80ED5BD25339CDADC6425833DC8A04A.e.121/click - {}
RESULT: {}
COMMAND: GET /session/b0ee303caf718db626ad6d5c1d399bab/screenshot - {}
RESULT: {}
COMMAND: POST /session/b0ee303caf718db626ad6d5c1d399bab/element - {"using":"xpath","value":"//bdi[text()='Create New Organization']"}
RESULT: {"using":"xpath","value":"//bdi[text()='Create New Organization']"}
COMMAND: POST /session/b0ee303caf718db626ad6d5c1d399bab/elements - {"using":"xpath","value":"//bdi[text()='Create New Organization']"}
RESULT: {"using":"xpath","value":"//bdi[text()='Create New Organization']"}
COMMAND: POST /session/b0ee303caf718db626ad6d5c1d399bab/elements - {"using":"xpath","value":"//bdi[text()='Create New Organization']"}
RESULT: {"using":"xpath","value":"//bdi[text()='Create New Organization']"}
COMMAND: POST /session/b0ee303caf718db626ad6d5c1d399bab/element - {"using":"xpath","value":"//bdi[text()='Create New Organization']"}
RESULT: {"using":"xpath","value":"//bdi[text()='Create New Organization']"}
COMMAND: GET /session/b0ee303caf718db626ad6d5c1d399bab/element/f.E5342C77FF52C8F876B09F590AF6AC48.d.D80ED5BD25339CDADC6425833DC8A04A.e.159/enabled - {}
RESULT: {}
COMMAND: POST /session/b0ee303caf718db626ad6d5c1d399bab/execute/sync - {"script":"<script> [8489 bytes]","args":[{"element-6066-11e4-a52e-4f735466cecf":"f.E5342C77FF52C8F876B09F590AF6AC48.d.D80ED5BD25339CDADC6425833DC8A04A.e.159","ELEMENT":"f.E5342C77FF52C8F876B09F590AF6AC48.d.D80ED5BD25339CDADC6425833DC8A04A.e.159"}]}
COMMAND: GET /session/b0ee303caf718db626ad6d5c1d399bab/screenshot - {}
RESULT: {"script":"<script> [8489 bytes]","args":[{"element-6066-11e4-a52e-4f735466cecf":"f.E5342C77FF52C8F876B09F590AF6AC48.d.D80ED5BD25339CDADC6425833DC8A04A.e.159","ELEMENT":"f.E5342C77FF52C8F876B09F590AF6AC48.d.D80ED5BD25339CDADC6425833DC8A04A.e.159"}]}
COMMAND: POST /session/b0ee303caf718db626ad6d5c1d399bab/execute/sync - {"script":"<script> [5351 bytes]","args":[{"element-6066-11e4-a52e-4f735466cecf":"f.E5342C77FF52C8F876B09F590AF6AC48.d.D80ED5BD25339CDADC6425833DC8A04A.e.159","ELEMENT":"f.E5342C77FF52C8F876B09F590AF6AC48.d.D80ED5BD25339CDADC6425833DC8A04A.e.159"}]}
COMMAND: GET /session/b0ee303caf718db626ad6d5c1d399bab/screenshot - {}
RESULT: {}
RESULT: {"script":"<script> [5351 bytes]","args":[{"element-6066-11e4-a52e-4f735466cecf":"f.E5342C77FF52C8F876B09F590AF6AC48.d.D80ED5BD25339CDADC6425833DC8A04A.e.159","ELEMENT":"f.E5342C77FF52C8F876B09F590AF6AC48.d.D80ED5BD25339CDADC6425833DC8A04A.e.159"}]}
COMMAND: POST /session/b0ee303caf718db626ad6d5c1d399bab/element/f.E5342C77FF52C8F876B09F590AF6AC48.d.D80ED5BD25339CDADC6425833DC8A04A.e.159/click - {}
COMMAND: GET /session/b0ee303caf718db626ad6d5c1d399bab/screenshot - {}
RESULT: {}
RESULT: {}
COMMAND: POST /session/b0ee303caf718db626ad6d5c1d399bab/execute/async - {"script":"<script> [1562 bytes]","args":[{"selector":{"id":"createOrganizationPop--sectionInput","searchOpenDialogs":true,"interaction":{"idSuffix":"inner"}},"wdio_ui5_key":"createOrganizationPopsectionInput"}]}
COMMAND: GET /session/b0ee303caf718db626ad6d5c1d399bab/screenshot - {}
RESULT: {}
RESULT: {"script":"<script> [1562 bytes]","args":[{"selector":{"id":"createOrganizationPop--sectionInput","searchOpenDialogs":true,"interaction":{"idSuffix":"inner"}},"wdio_ui5_key":"createOrganizationPopsectionInput"}]}
RESULT: undefined
COMMAND: POST /session/b0ee303caf718db626ad6d5c1d399bab/execute/async - {"script":"<script> [776 bytes]","args":[{"enterText":"WHIki31bwi5rkro3r2kpabhqogoy93106qnq0e43l3hroj46n4ekt54y2yk2kr9xcvvr9x5mlohjfbp0zl3cvmwbjmfpsshcbd4pqd74w5svrizcrf98375318g4avlotpayk1886vbx3pr4yra71a6e4mt8734hlnpqe4axrjpwncsthvf7cg0ugqpnwlptbmyptyrt ... (803 more bytes)","selector":{"id":"createOrganizationPop--sectionInput","searchOpenDialogs":true,"interaction":{"idSuffix":"inner"}},"clearTextFirst":true,"interactionType":"ENTER_TEXT"}]}
RESULT: {}
RESULT: {"script":"<script> [776 bytes]","args":[{"enterText":"WHIki31bwi5rkro3r2kpabhqogoy93106qnq0e43l3hroj46n4ekt54y2yk2kr9xcvvr9x5mlohjfbp0zl3cvmwbjmfpsshcbd4pqd74w5svrizcrf98375318g4avlotpayk1886vbx3pr4yra71a6e4mt8734hlnpqe4axrjpwncsthvf7cg0ugqpnwlptbmyptyrt ... (803 more bytes)","selector":{"id":"createOrganizationPop--sectionInput","searchOpenDialogs":true,"interaction":{"idSuffix":"inner"}},"clearTextFirst":true,"interactionType":"ENTER_TEXT"}]}
COMMAND: POST /session/b0ee303caf718db626ad6d5c1d399bab/execute/async - {"script":"<script> [1562 bytes]","args":[{"selector":{"id":"createOrganizationPop--descriptionInput","searchOpenDialogs":true,"interaction":{"idSuffix":"inner"}},"wdio_ui5_key":"createOrganizationPopdescriptionInput"}]}
RESULT: {"script":"<script> [1562 bytes]","args":[{"selector":{"id":"createOrganizationPop--descriptionInput","searchOpenDialogs":true,"interaction":{"idSuffix":"inner"}},"wdio_ui5_key":"createOrganizationPopdescriptionInput"}]}
RESULT: undefined
COMMAND: POST /session/b0ee303caf718db626ad6d5c1d399bab/execute/async - {"script":"<script> [776 bytes]","args":[{"enterText":"WHIki31bwi5rkro3r2kpabhqogoy93106qnq0e43l3hroj46n4ekt54y2yk2kr9xcvvr9x5mlohjfbp0zl3cvmwbjmfpsshcbd4pqd74w5svrizcrf98375318g4avlotpayk1886vbx3pr4yra71a6e4mt8734hlnpqe4axrjpwncsthvf7cg0ugqpnwlptbmyptyrt ... (803 more bytes)","selector":{"id":"createOrganizationPop--descriptionInput","searchOpenDialogs":true,"interaction":{"idSuffix":"inner"}},"clearTextFirst":true,"interactionType":"ENTER_TEXT"}]}
RESULT: {"script":"<script> [776 bytes]","args":[{"enterText":"WHIki31bwi5rkro3r2kpabhqogoy93106qnq0e43l3hroj46n4ekt54y2yk2kr9xcvvr9x5mlohjfbp0zl3cvmwbjmfpsshcbd4pqd74w5svrizcrf98375318g4avlotpayk1886vbx3pr4yra71a6e4mt8734hlnpqe4axrjpwncsthvf7cg0ugqpnwlptbmyptyrt ... (803 more bytes)","selector":{"id":"createOrganizationPop--descriptionInput","searchOpenDialogs":true,"interaction":{"idSuffix":"inner"}},"clearTextFirst":true,"interactionType":"ENTER_TEXT"}]}
COMMAND: POST /session/b0ee303caf718db626ad6d5c1d399bab/element - {"using":"css selector","value":"#createOrganizationPop--yardOrg-inner"}
RESULT: {"using":"css selector","value":"#createOrganizationPop--yardOrg-inner"}
COMMAND: POST /session/b0ee303caf718db626ad6d5c1d399bab/element/f.E5342C77FF52C8F876B09F590AF6AC48.d.D80ED5BD25339CDADC6425833DC8A04A.e.201/clear - {}
RESULT: {}
COMMAND: POST /session/b0ee303caf718db626ad6d5c1d399bab/element/f.E5342C77FF52C8F876B09F590AF6AC48.d.D80ED5BD25339CDADC6425833DC8A04A.e.201/value - {"text":"WHM"}
COMMAND: GET /session/b0ee303caf718db626ad6d5c1d399bab/screenshot - {}
RESULT: {"text":"WHM"}
COMMAND: GET /session/b0ee303caf718db626ad6d5c1d399bab/screenshot - {}
RESULT: {}
RESULT: {}
COMMAND: POST /session/b0ee303caf718db626ad6d5c1d399bab/actions - {"actions":[{"id":"action1","type":"key","parameters":{},"actions":[{"type":"keyDown","value":"î€‡"},{"type":"pause","duration":10},{"type":"keyUp","value":"î€‡"}]}]}
RESULT: {"actions":[{"id":"action1","type":"key","parameters":{},"actions":[{"type":"keyDown","value":"î€‡"},{"type":"pause","duration":10},{"type":"keyUp","value":"î€‡"}]}]}
COMMAND: POST /session/b0ee303caf718db626ad6d5c1d399bab/execute/async - {"script":"<script> [1562 bytes]","args":[{"selector":{"id":"createOrganizationPop--grZone","searchOpenDialogs":true,"interaction":{"idSuffix":"CbBg"}},"wdio_ui5_key":"createOrganizationPopgrZone"}]}
COMMAND: GET /session/b0ee303caf718db626ad6d5c1d399bab/screenshot - {}
RESULT: {"script":"<script> [1562 bytes]","args":[{"selector":{"id":"createOrganizationPop--grZone","searchOpenDialogs":true,"interaction":{"idSuffix":"CbBg"}},"wdio_ui5_key":"createOrganizationPopgrZone"}]}
RESULT: undefined
COMMAND: POST /session/b0ee303caf718db626ad6d5c1d399bab/element - {"using":"xpath","value":"//*[@id=\"createOrganizationPop--grZone\"]"}
RESULT: {}
RESULT: {"using":"xpath","value":"//*[@id=\"createOrganizationPop--grZone\"]"}
COMMAND: POST /session/b0ee303caf718db626ad6d5c1d399bab/element/f.E5342C77FF52C8F876B09F590AF6AC48.d.D80ED5BD25339CDADC6425833DC8A04A.e.223/click - {}
RESULT: {}
COMMAND: POST /session/b0ee303caf718db626ad6d5c1d399bab/execute/async - {"script":"<script> [1562 bytes]","args":[{"selector":{"id":"createOrganizationPop--giZone","searchOpenDialogs":true,"interaction":{"idSuffix":"CbBg"}},"wdio_ui5_key":"createOrganizationPopgiZone"}]}
COMMAND: GET /session/b0ee303caf718db626ad6d5c1d399bab/screenshot - {}
RESULT: {"script":"<script> [1562 bytes]","args":[{"selector":{"id":"createOrganizationPop--giZone","searchOpenDialogs":true,"interaction":{"idSuffix":"CbBg"}},"wdio_ui5_key":"createOrganizationPopgiZone"}]}
RESULT: undefined
COMMAND: POST /session/b0ee303caf718db626ad6d5c1d399bab/element - {"using":"xpath","value":"//*[@id=\"createOrganizationPop--giZone\"]"}
RESULT: {}
RESULT: {"using":"xpath","value":"//*[@id=\"createOrganizationPop--giZone\"]"}
COMMAND: POST /session/b0ee303caf718db626ad6d5c1d399bab/element/f.E5342C77FF52C8F876B09F590AF6AC48.d.D80ED5BD25339CDADC6425833DC8A04A.e.225/click - {}
RESULT: {}
COMMAND: POST /session/b0ee303caf718db626ad6d5c1d399bab/execute/async - {"script":"<script> [1562 bytes]","args":[{"selector":{"id":"createOrganizationPop--binNoInput","searchOpenDialogs":true,"interaction":{"idSuffix":"inner"}},"wdio_ui5_key":"createOrganizationPopbinNoInput"}]}
COMMAND: GET /session/b0ee303caf718db626ad6d5c1d399bab/screenshot - {}
RESULT: {"script":"<script> [1562 bytes]","args":[{"selector":{"id":"createOrganizationPop--binNoInput","searchOpenDialogs":true,"interaction":{"idSuffix":"inner"}},"wdio_ui5_key":"createOrganizationPopbinNoInput"}]}
RESULT: undefined
COMMAND: POST /session/b0ee303caf718db626ad6d5c1d399bab/execute/async - {"script":"<script> [776 bytes]","args":[{"enterText":"Bin-Wd","selector":{"id":"createOrganizationPop--binNoInput","searchOpenDialogs":true,"interaction":{"idSuffix":"inner"}},"clearTextFirst":true,"interactionType":"ENTER_TEXT"}]}
RESULT: {}
RESULT: {"script":"<script> [776 bytes]","args":[{"enterText":"Bin-Wd","selector":{"id":"createOrganizationPop--binNoInput","searchOpenDialogs":true,"interaction":{"idSuffix":"inner"}},"clearTextFirst":true,"interactionType":"ENTER_TEXT"}]}
COMMAND: POST /session/b0ee303caf718db626ad6d5c1d399bab/execute/async - {"script":"<script> [1562 bytes]","args":[{"selector":{"id":"createOrganizationPop--descriptionId","searchOpenDialogs":true,"interaction":{"idSuffix":"inner"}},"wdio_ui5_key":"createOrganizationPopdescriptionId"}]}
RESULT: {"script":"<script> [1562 bytes]","args":[{"selector":{"id":"createOrganizationPop--descriptionId","searchOpenDialogs":true,"interaction":{"idSuffix":"inner"}},"wdio_ui5_key":"createOrganizationPopdescriptionId"}]}
RESULT: undefined
COMMAND: POST /session/b0ee303caf718db626ad6d5c1d399bab/execute/async - {"script":"<script> [776 bytes]","args":[{"enterText":"Shipping-Wd","selector":{"id":"createOrganizationPop--descriptionId","searchOpenDialogs":true,"interaction":{"idSuffix":"inner"}},"clearTextFirst":true,"interactionType":"ENTER_TEXT"}]}
RESULT: {"script":"<script> [776 bytes]","args":[{"enterText":"Shipping-Wd","selector":{"id":"createOrganizationPop--descriptionId","searchOpenDialogs":true,"interaction":{"idSuffix":"inner"}},"clearTextFirst":true,"interactionType":"ENTER_TEXT"}]}
COMMAND: POST /session/b0ee303caf718db626ad6d5c1d399bab/execute/async - {"script":"<script> [1562 bytes]","args":[{"selector":{"controlType":"sap.m.CheckBox","viewName":"etm.portal.ui.binstatusreport.view.MasterWareBins","viewId":"application-binstatusreport-display-component---warehousing","bindingPath":{"path":"","propertyPath":"/ZONE","modelName":"newBin"},"searchOpenDialogs":true,"interaction":{"idSuffix":"CbBg"}},"wdio_ui5_key":"etmportal.ui.binstatusreport.view.MasterWareBinssap.m.CheckBox{\"path\":\"\",\"propertyPath\":\"/ZONE\",\"modelName\":\"newBin\"}"}]}
RESULT: {"script":"<script> [1562 bytes]","args":[{"selector":{"controlType":"sap.m.CheckBox","viewName":"etm.portal.ui.binstatusreport.view.MasterWareBins","viewId":"application-binstatusreport-display-component---warehousing","bindingPath":{"path":"","propertyPath":"/ZONE","modelName":"newBin"},"searchOpenDialogs":true,"interaction":{"idSuffix":"CbBg"}},"wdio_ui5_key":"etmportal.ui.binstatusreport.view.MasterWareBinssap.m.CheckBox{\"path\":\"\",\"propertyPath\":\"/ZONE\",\"modelName\":\"newBin\"}"}]}
RESULT: undefined
COMMAND: POST /session/b0ee303caf718db626ad6d5c1d399bab/element - {"using":"xpath","value":"//*[@id=\"__box12\"]"}
RESULT: {"using":"xpath","value":"//*[@id=\"__box12\"]"}
COMMAND: POST /session/b0ee303caf718db626ad6d5c1d399bab/element/f.E5342C77FF52C8F876B09F590AF6AC48.d.D80ED5BD25339CDADC6425833DC8A04A.e.229/click - {}
RESULT: {}
COMMAND: POST /session/b0ee303caf718db626ad6d5c1d399bab/execute/async - {"script":"<script> [1562 bytes]","args":[{"selector":{"id":"createOrganizationPop--binTypesCB-arrow","searchOpenDialogs":true},"wdio_ui5_key":"createOrganizationPopbinTypesCB-arrow"}]}
COMMAND: GET /session/b0ee303caf718db626ad6d5c1d399bab/screenshot - {}
RESULT: {"script":"<script> [1562 bytes]","args":[{"selector":{"id":"createOrganizationPop--binTypesCB-arrow","searchOpenDialogs":true},"wdio_ui5_key":"createOrganizationPopbinTypesCB-arrow"}]}
RESULT: undefined
COMMAND: POST /session/b0ee303caf718db626ad6d5c1d399bab/element - {"using":"xpath","value":"//*[@id=\"createOrganizationPop--binTypesCB-arrow\"]"}
RESULT: {}
RESULT: {"using":"xpath","value":"//*[@id=\"createOrganizationPop--binTypesCB-arrow\"]"}
COMMAND: POST /session/b0ee303caf718db626ad6d5c1d399bab/element/f.E5342C77FF52C8F876B09F590AF6AC48.d.D80ED5BD25339CDADC6425833DC8A04A.e.230/click - {}
RESULT: {}
COMMAND: POST /session/b0ee303caf718db626ad6d5c1d399bab/execute/async - {"script":"<script> [1562 bytes]","args":[{"selector":{"id":"createOrganizationPop--binTypesCB","searchOpenDialogs":true,"interaction":{"idSuffix":"inner"}},"wdio_ui5_key":"createOrganizationPopbinTypesCB"}]}
COMMAND: GET /session/b0ee303caf718db626ad6d5c1d399bab/screenshot - {}
RESULT: {"script":"<script> [1562 bytes]","args":[{"selector":{"id":"createOrganizationPop--binTypesCB","searchOpenDialogs":true,"interaction":{"idSuffix":"inner"}},"wdio_ui5_key":"createOrganizationPopbinTypesCB"}]}
RESULT: undefined
COMMAND: POST /session/b0ee303caf718db626ad6d5c1d399bab/execute/async - {"script":"<script> [776 bytes]","args":[{"enterText":"1 - General / No capacity check","selector":{"id":"createOrganizationPop--binTypesCB","searchOpenDialogs":true,"interaction":{"idSuffix":"inner"}},"clearTextFirst":true,"interactionType":"ENTER_TEXT"}]}
RESULT: {}
RESULT: {"script":"<script> [776 bytes]","args":[{"enterText":"1 - General / No capacity check","selector":{"id":"createOrganizationPop--binTypesCB","searchOpenDialogs":true,"interaction":{"idSuffix":"inner"}},"clearTextFirst":true,"interactionType":"ENTER_TEXT"}]}
COMMAND: POST /session/b0ee303caf718db626ad6d5c1d399bab/actions - {"actions":[{"id":"action2","type":"key","parameters":{},"actions":[{"type":"keyDown","value":"î€‡"},{"type":"pause","duration":10},{"type":"keyUp","value":"î€‡"}]}]}
RESULT: {"actions":[{"id":"action2","type":"key","parameters":{},"actions":[{"type":"keyDown","value":"î€‡"},{"type":"pause","duration":10},{"type":"keyUp","value":"î€‡"}]}]}
COMMAND: GET /session/b0ee303caf718db626ad6d5c1d399bab/screenshot - {}
RESULT: {}
COMMAND: POST /session/b0ee303caf718db626ad6d5c1d399bab/execute/async - {"script":"<script> [1562 bytes]","args":[{"selector":{"id":"createOrganizationPop--finishBtn","searchOpenDialogs":true,"interaction":{"idSuffix":"BDI-content"}},"wdio_ui5_key":"createOrganizationPopfinishBtn"}]}
RESULT: {"script":"<script> [1562 bytes]","args":[{"selector":{"id":"createOrganizationPop--finishBtn","searchOpenDialogs":true,"interaction":{"idSuffix":"BDI-content"}},"wdio_ui5_key":"createOrganizationPopfinishBtn"}]}
RESULT: undefined
COMMAND: POST /session/b0ee303caf718db626ad6d5c1d399bab/element - {"using":"xpath","value":"//*[@id=\"createOrganizationPop--finishBtn\"]"}
RESULT: {"using":"xpath","value":"//*[@id=\"createOrganizationPop--finishBtn\"]"}
COMMAND: POST /session/b0ee303caf718db626ad6d5c1d399bab/element/f.E5342C77FF52C8F876B09F590AF6AC48.d.D80ED5BD25339CDADC6425833DC8A04A.e.233/click - {}
RESULT: {}
COMMAND: POST /session/b0ee303caf718db626ad6d5c1d399bab/element - {"using":"css selector","value":"#j_username"}
COMMAND: POST /session/b0ee303caf718db626ad6d5c1d399bab/url - {"url":"https://qa-testing-00-live-etm-ui.cfapps.eu10-004.hana.ondemand.com/"}
COMMAND: GET /session/b0ee303caf718db626ad6d5c1d399bab/screenshot - {}
RESULT: {"using":"css selector","value":"#j_username"}
COMMAND: POST /session/b0ee303caf718db626ad6d5c1d399bab/element - {"using":"css selector","value":"#j_username"}
RESULT: {"url":"https://qa-testing-00-live-etm-ui.cfapps.eu10-004.hana.ondemand.com/"}
RESULT: undefined
COMMAND: GET /session/b0ee303caf718db626ad6d5c1d399bab/screenshot - {}
RESULT: {}
RESULT: {"using":"css selector","value":"#j_username"}
COMMAND: POST /session/b0ee303caf718db626ad6d5c1d399bab/element - {"using":"css selector","value":"#shell-header-logo"}
RESULT: {}
RESULT: {"using":"css selector","value":"#shell-header-logo"}
COMMAND: POST /session/b0ee303caf718db626ad6d5c1d399bab/execute/sync - {"script":"<script> [8489 bytes]","args":[{"element-6066-11e4-a52e-4f735466cecf":"f.E5342C77FF52C8F876B09F590AF6AC48.d.62274A581CD6ABA133884B73066B624D.e.242","ELEMENT":"f.E5342C77FF52C8F876B09F590AF6AC48.d.62274A581CD6ABA133884B73066B624D.e.242"}]}
RESULT: {"script":"<script> [8489 bytes]","args":[{"element-6066-11e4-a52e-4f735466cecf":"f.E5342C77FF52C8F876B09F590AF6AC48.d.62274A581CD6ABA133884B73066B624D.e.242","ELEMENT":"f.E5342C77FF52C8F876B09F590AF6AC48.d.62274A581CD6ABA133884B73066B624D.e.242"}]}
COMMAND: POST /session/b0ee303caf718db626ad6d5c1d399bab/element - {"using":"css selector","value":"#shell-header-logo"}
COMMAND: GET /session/b0ee303caf718db626ad6d5c1d399bab/screenshot - {}
RESULT: {"using":"css selector","value":"#shell-header-logo"}
COMMAND: POST /session/b0ee303caf718db626ad6d5c1d399bab/execute/sync - {"script":"<script> [8489 bytes]","args":[{"element-6066-11e4-a52e-4f735466cecf":"f.E5342C77FF52C8F876B09F590AF6AC48.d.62274A581CD6ABA133884B73066B624D.e.242","ELEMENT":"f.E5342C77FF52C8F876B09F590AF6AC48.d.62274A581CD6ABA133884B73066B624D.e.242"}]}
RESULT: {}
RESULT: {"script":"<script> [8489 bytes]","args":[{"element-6066-11e4-a52e-4f735466cecf":"f.E5342C77FF52C8F876B09F590AF6AC48.d.62274A581CD6ABA133884B73066B624D.e.242","ELEMENT":"f.E5342C77FF52C8F876B09F590AF6AC48.d.62274A581CD6ABA133884B73066B624D.e.242"}]}
COMMAND: POST /session/b0ee303caf718db626ad6d5c1d399bab/execute/sync - {"script":"<script> [5351 bytes]","args":[{"element-6066-11e4-a52e-4f735466cecf":"f.E5342C77FF52C8F876B09F590AF6AC48.d.62274A581CD6ABA133884B73066B624D.e.242","ELEMENT":"f.E5342C77FF52C8F876B09F590AF6AC48.d.62274A581CD6ABA133884B73066B624D.e.242"}]}
COMMAND: GET /session/b0ee303caf718db626ad6d5c1d399bab/screenshot - {}
RESULT: {"script":"<script> [5351 bytes]","args":[{"element-6066-11e4-a52e-4f735466cecf":"f.E5342C77FF52C8F876B09F590AF6AC48.d.62274A581CD6ABA133884B73066B624D.e.242","ELEMENT":"f.E5342C77FF52C8F876B09F590AF6AC48.d.62274A581CD6ABA133884B73066B624D.e.242"}]}
COMMAND: POST /session/b0ee303caf718db626ad6d5c1d399bab/element - {"using":"css selector","value":"#shell-header-logo"}
COMMAND: GET /session/b0ee303caf718db626ad6d5c1d399bab/screenshot - {}
RESULT: {}
RESULT: {"using":"css selector","value":"#shell-header-logo"}
COMMAND: POST /session/b0ee303caf718db626ad6d5c1d399bab/element/f.E5342C77FF52C8F876B09F590AF6AC48.d.62274A581CD6ABA133884B73066B624D.e.242/click - {}
RESULT: {}
RESULT: {}
COMMAND: GET /session/b0ee303caf718db626ad6d5c1d399bab/screenshot - {}
RESULT: {}
COMMAND: POST /session/b0ee303caf718db626ad6d5c1d399bab/execute/async - {"script":"<script> [189 bytes]","args":[]}
RESULT: {"script":"<script> [189 bytes]","args":[]}
COMMAND: POST /session/b0ee303caf718db626ad6d5c1d399bab/execute/async - {"script":"<script> [123 bytes]","args":[]}
RESULT: {"script":"<script> [123 bytes]","args":[]}
COMMAND: POST /session/b0ee303caf718db626ad6d5c1d399bab/timeouts - {"script":"<number>"}
RESULT: {"script":"<number>"}
COMMAND: GET /session/b0ee303caf718db626ad6d5c1d399bab/timeouts - {}
RESULT: {}
RESULT: undefined
COMMAND: POST /session/b0ee303caf718db626ad6d5c1d399bab/execute/async - {"script":"<script> [2676 bytes]","args":[]}
RESULT: {"script":"<script> [2676 bytes]","args":[]}
COMMAND: POST /session/b0ee303caf718db626ad6d5c1d399bab/execute/async - {"script":"<script> [2342 bytes]","args":[{"protocol":"http","hostname":"0.0.0.0","path":"/","capabilities":{"browserName":"chrome","goog:chromeOptions":{"binary":"C:\\Program Files\\Google\\Chrome\\Application\\chrome.exe","args":["--start-maximized"]}},"logLevel":"warn","connectionRetryTimeout":120000,"connectionRetryCount":3,"logLevels":{},"enableDirectConnect":true,"strictSSL":true,"_":"65 more keys: [\"cacheDir\",\"port\",\"requestedCapabilities\",\"automationProtocol\",\"baseUrl\",\"waitforInterval\",\"waitforTimeout\",\"onReload\",\"beforeCommand\",\"afterCommand\",\"rootDir\",\"specs\",\"suites\",\"exclude\",\"groupLogsByTestSpec\",\"excludeDriverLogs\",\"bail\",\"framework\",\"reporters\",\"services\",\"maxInstances\",\"maxInstancesPerCapability\",\"injectGlobals\",\"filesToWatch\",\"execArgv\",\"runnerEnv\",\"runner\",\"shard\",\"specFileRetries\",\"specFileRetriesDelay\",\"specFileRetriesDeferred\",\"reporterSyncInterval\",\"reporterSyncTimeout\",\"cucumberFeaturesWithLineNumbers\",\"autoCompileOpts\",\"mochaOpts\",\"jasmineOpts\",\"cucumberOpts\",\"onPrepare\",\"onWorkerStart\",\"onWorkerEnd\",\"before\",\"beforeSession\",\"beforeSuite\",\"beforeHook\",\"beforeTest\",\"afterTest\",\"afterHook\",\"afterSuite\",\"afterSession\",\"after\",\"onComplete\",\"beforeAssertion\",\"afterAssertion\",\"beforeFeature\",\"beforeScenario\",\"beforeStep\",\"afterStep\",\"afterScenario\",\"afterFeature\",\"_\",\"suite\",\"$0\",\"ignoredWorkerServices\",\"wdi5\"]"}]}
RESULT: {"script":"<script> [2342 bytes]","args":[{"protocol":"http","hostname":"0.0.0.0","path":"/","capabilities":{"browserName":"chrome","goog:chromeOptions":{"binary":"C:\\Program Files\\Google\\Chrome\\Application\\chrome.exe","args":["--start-maximized"]}},"logLevel":"warn","connectionRetryTimeout":120000,"connectionRetryCount":3,"logLevels":{},"enableDirectConnect":true,"strictSSL":true,"_":"65 more keys: [\"cacheDir\",\"port\",\"requestedCapabilities\",\"automationProtocol\",\"baseUrl\",\"waitforInterval\",\"waitforTimeout\",\"onReload\",\"beforeCommand\",\"afterCommand\",\"rootDir\",\"specs\",\"suites\",\"exclude\",\"groupLogsByTestSpec\",\"excludeDriverLogs\",\"bail\",\"framework\",\"reporters\",\"services\",\"maxInstances\",\"maxInstancesPerCapability\",\"injectGlobals\",\"filesToWatch\",\"execArgv\",\"runnerEnv\",\"runner\",\"shard\",\"specFileRetries\",\"specFileRetriesDelay\",\"specFileRetriesDeferred\",\"reporterSyncInterval\",\"reporterSyncTimeout\",\"cucumberFeaturesWithLineNumbers\",\"autoCompileOpts\",\"mochaOpts\",\"jasmineOpts\",\"cucumberOpts\",\"onPrepare\",\"onWorkerStart\",\"onWorkerEnd\",\"before\",\"beforeSession\",\"beforeSuite\",\"beforeHook\",\"beforeTest\",\"afterTest\",\"afterHook\",\"afterSuite\",\"afterSession\",\"after\",\"onComplete\",\"beforeAssertion\",\"afterAssertion\",\"beforeFeature\",\"beforeScenario\",\"beforeStep\",\"afterStep\",\"afterScenario\",\"afterFeature\",\"_\",\"suite\",\"$0\",\"ignoredWorkerServices\",\"wdi5\"]"}]}
COMMAND: POST /session/b0ee303caf718db626ad6d5c1d399bab/execute/async - {"script":"<script> [21126 bytes]","args":[35000]}
RESULT: {"script":"<script> [21126 bytes]","args":[35000]}
COMMAND: POST /session/b0ee303caf718db626ad6d5c1d399bab/window/maximize - {}
RESULT: {}
COMMAND: POST /session/b0ee303caf718db626ad6d5c1d399bab/execute/async - {"script":"<script> [1562 bytes]","args":[{"selector":{"id":"shell-header","interaction":{"idSuffix":"icon"}},"wdio_ui5_key":"shellheader"}]}
COMMAND: GET /session/b0ee303caf718db626ad6d5c1d399bab/screenshot - {}
RESULT: {"script":"<script> [1562 bytes]","args":[{"selector":{"id":"shell-header","interaction":{"idSuffix":"icon"}},"wdio_ui5_key":"shellheader"}]}
RESULT: undefined
]]></system-out>
    </testcase>
  </testsuite>
  <testsuite timestamp="2025-04-28T06:15:35" time="520.191" tests="8" failures="6" errors="6" skipped="0">
    <properties>
      <property name="specId" value="0" />
      <property name="suiteName" value="Stock increase - with WHM US125587" />
      <property name="capabilities" value="chrome.135_0_7049_96.windows" />
      <property name="file" value="file:///D:/a/1/s/test/specs/HTR/stock-increase.spec.js" />
    </properties>
    <testcase classname="chrome.135_0_7049_96.windows.Stock_increase_-_with_WHM_US125587" name="Should create a WHM yard" time="100.427">
      <system-out><![CDATA[
COMMAND: POST /session/b0ee303caf718db626ad6d5c1d399bab/element - {"using":"css selector","value":"#shell-header-logo"}
RESULT: {}
RESULT: {"using":"css selector","value":"#shell-header-logo"}
COMMAND: POST /session/b0ee303caf718db626ad6d5c1d399bab/element/f.E5342C77FF52C8F876B09F590AF6AC48.d.62274A581CD6ABA133884B73066B624D.e.242/click - {}
RESULT: {}
COMMAND: GET /session/b0ee303caf718db626ad6d5c1d399bab/screenshot - {}
RESULT: {}
COMMAND: POST /session/b0ee303caf718db626ad6d5c1d399bab/execute/async - {"script":"<script> [1562 bytes]","args":[{"selector":{"controlType":"sap.m.GenericTile","properties":{"header":"Manage Yards"}},"wdio_ui5_key":"sapm.GenericTile{\"header\":\"Manage Yards\"}"}]}
RESULT: {"script":"<script> [1562 bytes]","args":[{"selector":{"controlType":"sap.m.GenericTile","properties":{"header":"Manage Yards"}},"wdio_ui5_key":"sapm.GenericTile{\"header\":\"Manage Yards\"}"}]}
RESULT: undefined
COMMAND: POST /session/b0ee303caf718db626ad6d5c1d399bab/element - {"using":"xpath","value":"//*[@id=\"__tile41\"]"}
RESULT: {"using":"xpath","value":"//*[@id=\"__tile41\"]"}
COMMAND: POST /session/b0ee303caf718db626ad6d5c1d399bab/element/f.E5342C77FF52C8F876B09F590AF6AC48.d.62274A581CD6ABA133884B73066B624D.e.250/click - {}
RESULT: {}
COMMAND: GET /session/b0ee303caf718db626ad6d5c1d399bab/screenshot - {}
RESULT: {}
COMMAND: POST /session/b0ee303caf718db626ad6d5c1d399bab/execute/async - {"script":"<script> [1562 bytes]","args":[{"selector":{"controlType":"sap.ui.core.Icon","viewName":"etm.portal.ui.manageyards.view.Master","viewId":"application-manageyards-display-component---masterYard","properties":{"src":{"regex":{"source":"add"}}}},"wdio_ui5_key":"etmportal.ui.manageyards.view.Mastersap.ui.core.Icon{\"src\":{\"regex\":{\"source\":\"add\"}}}"}]}
RESULT: {"script":"<script> [1562 bytes]","args":[{"selector":{"controlType":"sap.ui.core.Icon","viewName":"etm.portal.ui.manageyards.view.Master","viewId":"application-manageyards-display-component---masterYard","properties":{"src":{"regex":{"source":"add"}}}},"wdio_ui5_key":"etmportal.ui.manageyards.view.Mastersap.ui.core.Icon{\"src\":{\"regex\":{\"source\":\"add\"}}}"}]}
RESULT: undefined
COMMAND: POST /session/b0ee303caf718db626ad6d5c1d399bab/element - {"using":"xpath","value":"//*[@id=\"__button4-img\"]"}
RESULT: {"using":"xpath","value":"//*[@id=\"__button4-img\"]"}
COMMAND: POST /session/b0ee303caf718db626ad6d5c1d399bab/element/f.E5342C77FF52C8F876B09F590AF6AC48.d.62274A581CD6ABA133884B73066B624D.e.295/click - {}
RESULT: {}
COMMAND: GET /session/b0ee303caf718db626ad6d5c1d399bab/screenshot - {}
RESULT: {}
COMMAND: POST /session/b0ee303caf718db626ad6d5c1d399bab/execute/async - {"script":"<script> [1562 bytes]","args":[{"selector":{"id":"application-manageyards-display-component---NewYard--yardId","interaction":{"idSuffix":"inner"}},"wdio_ui5_key":"applicationmanageyards-display-component---NewYard--yardId"}]}
RESULT: {"script":"<script> [1562 bytes]","args":[{"selector":{"id":"application-manageyards-display-component---NewYard--yardId","interaction":{"idSuffix":"inner"}},"wdio_ui5_key":"applicationmanageyards-display-component---NewYard--yardId"}]}
RESULT: undefined
COMMAND: POST /session/b0ee303caf718db626ad6d5c1d399bab/element - {"using":"xpath","value":"//*[@id=\"application-manageyards-display-component---NewYard--addressDetailDetailsName1-inner\"]"}
RESULT: {"using":"xpath","value":"//*[@id=\"application-manageyards-display-component---NewYard--addressDetailDetailsName1-inner\"]"}
COMMAND: POST /session/b0ee303caf718db626ad6d5c1d399bab/element/f.E5342C77FF52C8F876B09F590AF6AC48.d.62274A581CD6ABA133884B73066B624D.e.510/clear - {}
RESULT: {}
COMMAND: POST /session/b0ee303caf718db626ad6d5c1d399bab/element/f.E5342C77FF52C8F876B09F590AF6AC48.d.62274A581CD6ABA133884B73066B624D.e.510/value - {"text":"WebdriverWHMYard8qgdk"}
COMMAND: GET /session/b0ee303caf718db626ad6d5c1d399bab/screenshot - {}
RESULT: {"text":"WebdriverWHMYard8qgdk"}
COMMAND: POST /session/b0ee303caf718db626ad6d5c1d399bab/element - {"using":"xpath","value":"//*[@id=\"application-manageyards-display-component---NewYard--addressDetailDetailsLanguage-inner\"]"}
COMMAND: GET /session/b0ee303caf718db626ad6d5c1d399bab/screenshot - {}
RESULT: {}
RESULT: {"using":"xpath","value":"//*[@id=\"application-manageyards-display-component---NewYard--addressDetailDetailsLanguage-inner\"]"}
COMMAND: POST /session/b0ee303caf718db626ad6d5c1d399bab/element/f.E5342C77FF52C8F876B09F590AF6AC48.d.62274A581CD6ABA133884B73066B624D.e.511/clear - {}
RESULT: {}
RESULT: {}
COMMAND: POST /session/b0ee303caf718db626ad6d5c1d399bab/element/f.E5342C77FF52C8F876B09F590AF6AC48.d.62274A581CD6ABA133884B73066B624D.e.511/value - {"text":"Romanian"}
COMMAND: GET /session/b0ee303caf718db626ad6d5c1d399bab/screenshot - {}
RESULT: {"text":"Romanian"}
COMMAND: GET /session/b0ee303caf718db626ad6d5c1d399bab/screenshot - {}
RESULT: {}
RESULT: {}
COMMAND: POST /session/b0ee303caf718db626ad6d5c1d399bab/element - {"using":"xpath","value":"//*[@id=\"application-manageyards-display-component---NewYard--addressDetailDetailsCity1-inner\"]"}
RESULT: {"using":"xpath","value":"//*[@id=\"application-manageyards-display-component---NewYard--addressDetailDetailsCity1-inner\"]"}
COMMAND: POST /session/b0ee303caf718db626ad6d5c1d399bab/element/f.E5342C77FF52C8F876B09F590AF6AC48.d.62274A581CD6ABA133884B73066B624D.e.513/clear - {}
RESULT: {}
COMMAND: POST /session/b0ee303caf718db626ad6d5c1d399bab/element/f.E5342C77FF52C8F876B09F590AF6AC48.d.62274A581CD6ABA133884B73066B624D.e.513/value - {"text":"Bucuresti"}
COMMAND: GET /session/b0ee303caf718db626ad6d5c1d399bab/screenshot - {}
RESULT: {"text":"Bucuresti"}
COMMAND: GET /session/b0ee303caf718db626ad6d5c1d399bab/screenshot - {}
RESULT: {}
RESULT: {}
COMMAND: POST /session/b0ee303caf718db626ad6d5c1d399bab/element - {"using":"xpath","value":"//*[@id=\"application-manageyards-display-component---NewYard--addressDetailDetailsCountry-inner\"]"}
RESULT: {"using":"xpath","value":"//*[@id=\"application-manageyards-display-component---NewYard--addressDetailDetailsCountry-inner\"]"}
COMMAND: POST /session/b0ee303caf718db626ad6d5c1d399bab/element/f.E5342C77FF52C8F876B09F590AF6AC48.d.62274A581CD6ABA133884B73066B624D.e.517/clear - {}
RESULT: {}
COMMAND: POST /session/b0ee303caf718db626ad6d5c1d399bab/element/f.E5342C77FF52C8F876B09F590AF6AC48.d.62274A581CD6ABA133884B73066B624D.e.517/value - {"text":"Romania"}
COMMAND: GET /session/b0ee303caf718db626ad6d5c1d399bab/screenshot - {}
RESULT: {"text":"Romania"}
COMMAND: GET /session/b0ee303caf718db626ad6d5c1d399bab/screenshot - {}
RESULT: {}
RESULT: {}
COMMAND: POST /session/b0ee303caf718db626ad6d5c1d399bab/execute/async - {"script":"<script> [1562 bytes]","args":[{"selector":{"controlType":"sap.m.Button","viewName":"etm.portal.ui.manageyards.view.New","viewId":"application-manageyards-display-component---NewYard","properties":{"text":"Commercial"},"interaction":{"idSuffix":"BDI-content"}},"wdio_ui5_key":"etmportal.ui.manageyards.view.Newsap.m.Button{\"text\":\"Commercial\"}"}]}
RESULT: {"script":"<script> [1562 bytes]","args":[{"selector":{"controlType":"sap.m.Button","viewName":"etm.portal.ui.manageyards.view.New","viewId":"application-manageyards-display-component---NewYard","properties":{"text":"Commercial"},"interaction":{"idSuffix":"BDI-content"}},"wdio_ui5_key":"etmportal.ui.manageyards.view.Newsap.m.Button{\"text\":\"Commercial\"}"}]}
RESULT: undefined
COMMAND: POST /session/b0ee303caf718db626ad6d5c1d399bab/element - {"using":"xpath","value":"//*[@id=\"application-manageyards-display-component---NewYard--ObjectPageLayout-anchBar-__section5-anchor\"]"}
RESULT: {"using":"xpath","value":"//*[@id=\"application-manageyards-display-component---NewYard--ObjectPageLayout-anchBar-__section5-anchor\"]"}
COMMAND: POST /session/b0ee303caf718db626ad6d5c1d399bab/element/f.E5342C77FF52C8F876B09F590AF6AC48.d.62274A581CD6ABA133884B73066B624D.e.708/click - {}
RESULT: {}
COMMAND: GET /session/b0ee303caf718db626ad6d5c1d399bab/screenshot - {}
RESULT: {}
COMMAND: POST /session/b0ee303caf718db626ad6d5c1d399bab/element - {"using":"xpath","value":"//input[@id='application-manageyards-display-component---NewYard--addressEditDetailsCostObjectCstType-inner']"}
RESULT: {"using":"xpath","value":"//input[@id='application-manageyards-display-component---NewYard--addressEditDetailsCostObjectCstType-inner']"}
COMMAND: POST /session/b0ee303caf718db626ad6d5c1d399bab/execute/sync - {"script":"<script> [8489 bytes]","args":[{"element-6066-11e4-a52e-4f735466cecf":"f.E5342C77FF52C8F876B09F590AF6AC48.d.62274A581CD6ABA133884B73066B624D.e.523","ELEMENT":"f.E5342C77FF52C8F876B09F590AF6AC48.d.62274A581CD6ABA133884B73066B624D.e.523"}]}
RESULT: {"script":"<script> [8489 bytes]","args":[{"element-6066-11e4-a52e-4f735466cecf":"f.E5342C77FF52C8F876B09F590AF6AC48.d.62274A581CD6ABA133884B73066B624D.e.523","ELEMENT":"f.E5342C77FF52C8F876B09F590AF6AC48.d.62274A581CD6ABA133884B73066B624D.e.523"}]}
COMMAND: POST /session/b0ee303caf718db626ad6d5c1d399bab/element/f.E5342C77FF52C8F876B09F590AF6AC48.d.62274A581CD6ABA133884B73066B624D.e.523/clear - {}
COMMAND: GET /session/b0ee303caf718db626ad6d5c1d399bab/screenshot - {}
RESULT: {}
COMMAND: POST /session/b0ee303caf718db626ad6d5c1d399bab/element/f.E5342C77FF52C8F876B09F590AF6AC48.d.62274A581CD6ABA133884B73066B624D.e.523/value - {"text":"Cost"}
COMMAND: GET /session/b0ee303caf718db626ad6d5c1d399bab/screenshot - {}
RESULT: {}
RESULT: {"text":"Cost"}
COMMAND: GET /session/b0ee303caf718db626ad6d5c1d399bab/screenshot - {}
RESULT: {}
RESULT: {}
COMMAND: POST /session/b0ee303caf718db626ad6d5c1d399bab/execute/async - {"script":"<script> [1562 bytes]","args":[{"selector":{"id":"application-manageyards-display-component---NewYard--addressNewCostObjectCstID","interaction":{"idSuffix":"inner"}},"wdio_ui5_key":"applicationmanageyards-display-component---NewYard--addressNewCostObjectCstID"}]}
RESULT: {"script":"<script> [1562 bytes]","args":[{"selector":{"id":"application-manageyards-display-component---NewYard--addressNewCostObjectCstID","interaction":{"idSuffix":"inner"}},"wdio_ui5_key":"applicationmanageyards-display-component---NewYard--addressNewCostObjectCstID"}]}
RESULT: undefined
COMMAND: POST /session/b0ee303caf718db626ad6d5c1d399bab/execute/async - {"script":"<script> [776 bytes]","args":[{"enterText":"10001013","selector":{"id":"application-manageyards-display-component---NewYard--addressNewCostObjectCstID","interaction":{"idSuffix":"inner"}},"clearTextFirst":true,"interactionType":"ENTER_TEXT"}]}
RESULT: {"script":"<script> [776 bytes]","args":[{"enterText":"10001013","selector":{"id":"application-manageyards-display-component---NewYard--addressNewCostObjectCstID","interaction":{"idSuffix":"inner"}},"clearTextFirst":true,"interactionType":"ENTER_TEXT"}]}
COMMAND: POST /session/b0ee303caf718db626ad6d5c1d399bab/actions - {"actions":[{"id":"action3","type":"key","parameters":{},"actions":[{"type":"keyDown","value":"î€‡"},{"type":"pause","duration":10},{"type":"keyUp","value":"î€‡"}]}]}
RESULT: {"actions":[{"id":"action3","type":"key","parameters":{},"actions":[{"type":"keyDown","value":"î€‡"},{"type":"pause","duration":10},{"type":"keyUp","value":"î€‡"}]}]}
COMMAND: POST /session/b0ee303caf718db626ad6d5c1d399bab/execute/async - {"script":"<script> [1562 bytes]","args":[{"selector":{"id":"application-manageyards-display-component---NewYard--addressEditDetailsCurrency","interaction":{"idSuffix":"inner"}},"wdio_ui5_key":"applicationmanageyards-display-component---NewYard--addressEditDetailsCurrency"}]}
COMMAND: GET /session/b0ee303caf718db626ad6d5c1d399bab/screenshot - {}
RESULT: {"script":"<script> [1562 bytes]","args":[{"selector":{"id":"application-manageyards-display-component---NewYard--addressEditDetailsCurrency","interaction":{"idSuffix":"inner"}},"wdio_ui5_key":"applicationmanageyards-display-component---NewYard--addressEditDetailsCurrency"}]}
RESULT: undefined
COMMAND: POST /session/b0ee303caf718db626ad6d5c1d399bab/execute/async - {"script":"<script> [776 bytes]","args":[{"enterText":"Euro","selector":{"id":"application-manageyards-display-component---NewYard--addressEditDetailsCurrency","interaction":{"idSuffix":"inner"}},"clearTextFirst":true,"interactionType":"ENTER_TEXT"}]}
RESULT: {}
RESULT: {"script":"<script> [776 bytes]","args":[{"enterText":"Euro","selector":{"id":"application-manageyards-display-component---NewYard--addressEditDetailsCurrency","interaction":{"idSuffix":"inner"}},"clearTextFirst":true,"interactionType":"ENTER_TEXT"}]}
COMMAND: POST /session/b0ee303caf718db626ad6d5c1d399bab/execute/async - {"script":"<script> [1562 bytes]","args":[{"selector":{"controlType":"sap.m.Input","viewName":"etm.portal.ui.manageyards.view.New","viewId":"application-manageyards-display-component---NewYard","bindingPath":{"path":"","propertyPath":"/CONTROLLING_AREA","modelName":"NewYardModel"},"interaction":{"idSuffix":"inner"}},"wdio_ui5_key":"etmportal.ui.manageyards.view.Newsap.m.Input{\"path\":\"\",\"propertyPath\":\"/CONTROLLING_AREA\",\"modelName\":\"NewYardModel\"}"}]}
RESULT: {"script":"<script> [1562 bytes]","args":[{"selector":{"controlType":"sap.m.Input","viewName":"etm.portal.ui.manageyards.view.New","viewId":"application-manageyards-display-component---NewYard","bindingPath":{"path":"","propertyPath":"/CONTROLLING_AREA","modelName":"NewYardModel"},"interaction":{"idSuffix":"inner"}},"wdio_ui5_key":"etmportal.ui.manageyards.view.Newsap.m.Input{\"path\":\"\",\"propertyPath\":\"/CONTROLLING_AREA\",\"modelName\":\"NewYardModel\"}"}]}
RESULT: undefined
COMMAND: POST /session/b0ee303caf718db626ad6d5c1d399bab/execute/async - {"script":"<script> [776 bytes]","args":[{"enterText":"Z001","selector":{"controlType":"sap.m.Input","viewName":"etm.portal.ui.manageyards.view.New","viewId":"application-manageyards-display-component---NewYard","bindingPath":{"path":"","propertyPath":"/CONTROLLING_AREA","modelName":"NewYardModel"},"interaction":{"idSuffix":"inner"}},"clearTextFirst":true,"interactionType":"ENTER_TEXT"}]}
RESULT: {"script":"<script> [776 bytes]","args":[{"enterText":"Z001","selector":{"controlType":"sap.m.Input","viewName":"etm.portal.ui.manageyards.view.New","viewId":"application-manageyards-display-component---NewYard","bindingPath":{"path":"","propertyPath":"/CONTROLLING_AREA","modelName":"NewYardModel"},"interaction":{"idSuffix":"inner"}},"clearTextFirst":true,"interactionType":"ENTER_TEXT"}]}
COMMAND: POST /session/b0ee303caf718db626ad6d5c1d399bab/execute/async - {"script":"<script> [1562 bytes]","args":[{"selector":{"id":"application-manageyards-display-component---NewYard--companyCodeComboBox","interaction":{"idSuffix":"inner"}},"wdio_ui5_key":"applicationmanageyards-display-component---NewYard--companyCodeComboBox"}]}
RESULT: {"script":"<script> [1562 bytes]","args":[{"selector":{"id":"application-manageyards-display-component---NewYard--companyCodeComboBox","interaction":{"idSuffix":"inner"}},"wdio_ui5_key":"applicationmanageyards-display-component---NewYard--companyCodeComboBox"}]}
RESULT: undefined
COMMAND: POST /session/b0ee303caf718db626ad6d5c1d399bab/execute/async - {"script":"<script> [776 bytes]","args":[{"enterText":"1000","selector":{"id":"application-manageyards-display-component---NewYard--companyCodeComboBox","interaction":{"idSuffix":"inner"}},"clearTextFirst":true,"interactionType":"ENTER_TEXT"}]}
RESULT: {"script":"<script> [776 bytes]","args":[{"enterText":"1000","selector":{"id":"application-manageyards-display-component---NewYard--companyCodeComboBox","interaction":{"idSuffix":"inner"}},"clearTextFirst":true,"interactionType":"ENTER_TEXT"}]}
COMMAND: POST /session/b0ee303caf718db626ad6d5c1d399bab/actions - {"actions":[{"id":"action4","type":"key","parameters":{},"actions":[{"type":"keyDown","value":"î€‡"},{"type":"pause","duration":10},{"type":"keyUp","value":"î€‡"}]}]}
RESULT: {"actions":[{"id":"action4","type":"key","parameters":{},"actions":[{"type":"keyDown","value":"î€‡"},{"type":"pause","duration":10},{"type":"keyUp","value":"î€‡"}]}]}
COMMAND: POST /session/b0ee303caf718db626ad6d5c1d399bab/execute/async - {"script":"<script> [1562 bytes]","args":[{"selector":{"controlType":"sap.m.Input","viewName":"etm.portal.ui.manageyards.view.New","viewId":"application-manageyards-display-component---NewYard","bindingPath":{"path":"","propertyPath":"/PLANT","modelName":"NewYardModel"},"interaction":{"idSuffix":"inner"}},"wdio_ui5_key":"etmportal.ui.manageyards.view.Newsap.m.Input{\"path\":\"\",\"propertyPath\":\"/PLANT\",\"modelName\":\"NewYardModel\"}"}]}
COMMAND: GET /session/b0ee303caf718db626ad6d5c1d399bab/screenshot - {}
RESULT: {"script":"<script> [1562 bytes]","args":[{"selector":{"controlType":"sap.m.Input","viewName":"etm.portal.ui.manageyards.view.New","viewId":"application-manageyards-display-component---NewYard","bindingPath":{"path":"","propertyPath":"/PLANT","modelName":"NewYardModel"},"interaction":{"idSuffix":"inner"}},"wdio_ui5_key":"etmportal.ui.manageyards.view.Newsap.m.Input{\"path\":\"\",\"propertyPath\":\"/PLANT\",\"modelName\":\"NewYardModel\"}"}]}
RESULT: undefined
COMMAND: POST /session/b0ee303caf718db626ad6d5c1d399bab/execute/async - {"script":"<script> [776 bytes]","args":[{"enterText":"1001","selector":{"controlType":"sap.m.Input","viewName":"etm.portal.ui.manageyards.view.New","viewId":"application-manageyards-display-component---NewYard","bindingPath":{"path":"","propertyPath":"/PLANT","modelName":"NewYardModel"},"interaction":{"idSuffix":"inner"}},"clearTextFirst":true,"interactionType":"ENTER_TEXT"}]}
RESULT: {}
RESULT: {"script":"<script> [776 bytes]","args":[{"enterText":"1001","selector":{"controlType":"sap.m.Input","viewName":"etm.portal.ui.manageyards.view.New","viewId":"application-manageyards-display-component---NewYard","bindingPath":{"path":"","propertyPath":"/PLANT","modelName":"NewYardModel"},"interaction":{"idSuffix":"inner"}},"clearTextFirst":true,"interactionType":"ENTER_TEXT"}]}
COMMAND: POST /session/b0ee303caf718db626ad6d5c1d399bab/execute/async - {"script":"<script> [1562 bytes]","args":[{"selector":{"controlType":"sap.m.Input","viewName":"etm.portal.ui.manageyards.view.New","viewId":"application-manageyards-display-component---NewYard","bindingPath":{"path":"","propertyPath":"/SALES_AREA_VKORG","modelName":"NewYardModel"},"interaction":{"idSuffix":"inner"}},"wdio_ui5_key":"etmportal.ui.manageyards.view.Newsap.m.Input{\"path\":\"\",\"propertyPath\":\"/SALES_AREA_VKORG\",\"modelName\":\"NewYardModel\"}"}]}
RESULT: {"script":"<script> [1562 bytes]","args":[{"selector":{"controlType":"sap.m.Input","viewName":"etm.portal.ui.manageyards.view.New","viewId":"application-manageyards-display-component---NewYard","bindingPath":{"path":"","propertyPath":"/SALES_AREA_VKORG","modelName":"NewYardModel"},"interaction":{"idSuffix":"inner"}},"wdio_ui5_key":"etmportal.ui.manageyards.view.Newsap.m.Input{\"path\":\"\",\"propertyPath\":\"/SALES_AREA_VKORG\",\"modelName\":\"NewYardModel\"}"}]}
RESULT: undefined
COMMAND: POST /session/b0ee303caf718db626ad6d5c1d399bab/execute/async - {"script":"<script> [776 bytes]","args":[{"enterText":"C002","selector":{"controlType":"sap.m.Input","viewName":"etm.portal.ui.manageyards.view.New","viewId":"application-manageyards-display-component---NewYard","bindingPath":{"path":"","propertyPath":"/SALES_AREA_VKORG","modelName":"NewYardModel"},"interaction":{"idSuffix":"inner"}},"clearTextFirst":true,"interactionType":"ENTER_TEXT"}]}
RESULT: {"script":"<script> [776 bytes]","args":[{"enterText":"C002","selector":{"controlType":"sap.m.Input","viewName":"etm.portal.ui.manageyards.view.New","viewId":"application-manageyards-display-component---NewYard","bindingPath":{"path":"","propertyPath":"/SALES_AREA_VKORG","modelName":"NewYardModel"},"interaction":{"idSuffix":"inner"}},"clearTextFirst":true,"interactionType":"ENTER_TEXT"}]}
COMMAND: POST /session/b0ee303caf718db626ad6d5c1d399bab/execute/async - {"script":"<script> [1562 bytes]","args":[{"selector":{"controlType":"sap.m.Input","viewName":"etm.portal.ui.manageyards.view.New","viewId":"application-manageyards-display-component---NewYard","bindingPath":{"path":"","propertyPath":"/SALES_AREA_VTWEG","modelName":"NewYardModel"},"interaction":{"idSuffix":"inner"}},"wdio_ui5_key":"etmportal.ui.manageyards.view.Newsap.m.Input{\"path\":\"\",\"propertyPath\":\"/SALES_AREA_VTWEG\",\"modelName\":\"NewYardModel\"}"}]}
RESULT: {"script":"<script> [1562 bytes]","args":[{"selector":{"controlType":"sap.m.Input","viewName":"etm.portal.ui.manageyards.view.New","viewId":"application-manageyards-display-component---NewYard","bindingPath":{"path":"","propertyPath":"/SALES_AREA_VTWEG","modelName":"NewYardModel"},"interaction":{"idSuffix":"inner"}},"wdio_ui5_key":"etmportal.ui.manageyards.view.Newsap.m.Input{\"path\":\"\",\"propertyPath\":\"/SALES_AREA_VTWEG\",\"modelName\":\"NewYardModel\"}"}]}
RESULT: undefined
COMMAND: POST /session/b0ee303caf718db626ad6d5c1d399bab/execute/async - {"script":"<script> [776 bytes]","args":[{"enterText":"C2","selector":{"controlType":"sap.m.Input","viewName":"etm.portal.ui.manageyards.view.New","viewId":"application-manageyards-display-component---NewYard","bindingPath":{"path":"","propertyPath":"/SALES_AREA_VTWEG","modelName":"NewYardModel"},"interaction":{"idSuffix":"inner"}},"clearTextFirst":true,"interactionType":"ENTER_TEXT"}]}
RESULT: {"script":"<script> [776 bytes]","args":[{"enterText":"C2","selector":{"controlType":"sap.m.Input","viewName":"etm.portal.ui.manageyards.view.New","viewId":"application-manageyards-display-component---NewYard","bindingPath":{"path":"","propertyPath":"/SALES_AREA_VTWEG","modelName":"NewYardModel"},"interaction":{"idSuffix":"inner"}},"clearTextFirst":true,"interactionType":"ENTER_TEXT"}]}
COMMAND: POST /session/b0ee303caf718db626ad6d5c1d399bab/execute/async - {"script":"<script> [1562 bytes]","args":[{"selector":{"controlType":"sap.m.Input","viewName":"etm.portal.ui.manageyards.view.New","viewId":"application-manageyards-display-component---NewYard","bindingPath":{"path":"","propertyPath":"/SALES_AREA_SPART","modelName":"NewYardModel"},"interaction":{"idSuffix":"inner"}},"wdio_ui5_key":"etmportal.ui.manageyards.view.Newsap.m.Input{\"path\":\"\",\"propertyPath\":\"/SALES_AREA_SPART\",\"modelName\":\"NewYardModel\"}"}]}
RESULT: {"script":"<script> [1562 bytes]","args":[{"selector":{"controlType":"sap.m.Input","viewName":"etm.portal.ui.manageyards.view.New","viewId":"application-manageyards-display-component---NewYard","bindingPath":{"path":"","propertyPath":"/SALES_AREA_SPART","modelName":"NewYardModel"},"interaction":{"idSuffix":"inner"}},"wdio_ui5_key":"etmportal.ui.manageyards.view.Newsap.m.Input{\"path\":\"\",\"propertyPath\":\"/SALES_AREA_SPART\",\"modelName\":\"NewYardModel\"}"}]}
RESULT: undefined
COMMAND: POST /session/b0ee303caf718db626ad6d5c1d399bab/execute/async - {"script":"<script> [776 bytes]","args":[{"enterText":"C2","selector":{"controlType":"sap.m.Input","viewName":"etm.portal.ui.manageyards.view.New","viewId":"application-manageyards-display-component---NewYard","bindingPath":{"path":"","propertyPath":"/SALES_AREA_SPART","modelName":"NewYardModel"},"interaction":{"idSuffix":"inner"}},"clearTextFirst":true,"interactionType":"ENTER_TEXT"}]}
RESULT: {"script":"<script> [776 bytes]","args":[{"enterText":"C2","selector":{"controlType":"sap.m.Input","viewName":"etm.portal.ui.manageyards.view.New","viewId":"application-manageyards-display-component---NewYard","bindingPath":{"path":"","propertyPath":"/SALES_AREA_SPART","modelName":"NewYardModel"},"interaction":{"idSuffix":"inner"}},"clearTextFirst":true,"interactionType":"ENTER_TEXT"}]}
COMMAND: POST /session/b0ee303caf718db626ad6d5c1d399bab/execute/async - {"script":"<script> [1562 bytes]","args":[{"selector":{"id":"application-manageyards-display-component---NewYard--whmCheckBox","interaction":{"idSuffix":"CbBg"}},"wdio_ui5_key":"applicationmanageyards-display-component---NewYard--whmCheckBox"}]}
RESULT: {"script":"<script> [1562 bytes]","args":[{"selector":{"id":"application-manageyards-display-component---NewYard--whmCheckBox","interaction":{"idSuffix":"CbBg"}},"wdio_ui5_key":"applicationmanageyards-display-component---NewYard--whmCheckBox"}]}
RESULT: undefined
COMMAND: POST /session/b0ee303caf718db626ad6d5c1d399bab/element - {"using":"xpath","value":"//*[@id=\"application-manageyards-display-component---NewYard--whmCheckBox\"]"}
RESULT: {"using":"xpath","value":"//*[@id=\"application-manageyards-display-component---NewYard--whmCheckBox\"]"}
COMMAND: POST /session/b0ee303caf718db626ad6d5c1d399bab/element/f.E5342C77FF52C8F876B09F590AF6AC48.d.62274A581CD6ABA133884B73066B624D.e.735/click - {}
RESULT: {}
COMMAND: POST /session/b0ee303caf718db626ad6d5c1d399bab/execute/async - {"script":"<script> [1562 bytes]","args":[{"selector":{"controlType":"sap.m.Button","viewName":"etm.portal.ui.manageyards.view.New","viewId":"application-manageyards-display-component---NewYard","i18NText":{"propertyName":"text","key":"save"},"interaction":{"idSuffix":"inner"}},"wdio_ui5_key":"etmportal.ui.manageyards.view.Newsap.m.Button{\"propertyName\":\"text\",\"key\":\"save\"}"}]}
COMMAND: GET /session/b0ee303caf718db626ad6d5c1d399bab/screenshot - {}
RESULT: {"script":"<script> [1562 bytes]","args":[{"selector":{"controlType":"sap.m.Button","viewName":"etm.portal.ui.manageyards.view.New","viewId":"application-manageyards-display-component---NewYard","i18NText":{"propertyName":"text","key":"save"},"interaction":{"idSuffix":"inner"}},"wdio_ui5_key":"etmportal.ui.manageyards.view.Newsap.m.Button{\"propertyName\":\"text\",\"key\":\"save\"}"}]}
RESULT: undefined
COMMAND: POST /session/b0ee303caf718db626ad6d5c1d399bab/element - {"using":"xpath","value":"//*[@id=\"__button18\"]"}
RESULT: {}
RESULT: {"using":"xpath","value":"//*[@id=\"__button18\"]"}
COMMAND: POST /session/b0ee303caf718db626ad6d5c1d399bab/element/f.E5342C77FF52C8F876B09F590AF6AC48.d.62274A581CD6ABA133884B73066B624D.e.686/click - {}
RESULT: {}
COMMAND: GET /session/b0ee303caf718db626ad6d5c1d399bab/screenshot - {}
RESULT: {}
COMMAND: POST /session/b0ee303caf718db626ad6d5c1d399bab/element - {"using":"xpath","value":"//header/div/div/div/div/div/div[2]/div/span"}
RESULT: {"using":"xpath","value":"//header/div/div/div/div/div/div[2]/div/span"}
COMMAND: GET /session/b0ee303caf718db626ad6d5c1d399bab/element/f.E5342C77FF52C8F876B09F590AF6AC48.d.62274A581CD6ABA133884B73066B624D.e.929/text - {}
RESULT: {}
COMMAND: POST /session/b0ee303caf718db626ad6d5c1d399bab/element - {"using":"xpath","value":"//header/div/div[2]/div[2]/span"}
RESULT: {"using":"xpath","value":"//header/div/div[2]/div[2]/span"}
COMMAND: GET /session/b0ee303caf718db626ad6d5c1d399bab/element/f.E5342C77FF52C8F876B09F590AF6AC48.d.62274A581CD6ABA133884B73066B624D.e.930/text - {}
RESULT: {}
]]></system-out>
    </testcase>
    <testcase classname="chrome.135_0_7049_96.windows.Stock_increase_-_with_WHM_US125587" name="Should create new whm partner" time="106.686">
      <system-out><![CDATA[
COMMAND: POST /session/b0ee303caf718db626ad6d5c1d399bab/element - {"using":"css selector","value":"#shell-header-logo"}
RESULT: {"using":"css selector","value":"#shell-header-logo"}
COMMAND: POST /session/b0ee303caf718db626ad6d5c1d399bab/element/f.E5342C77FF52C8F876B09F590AF6AC48.d.62274A581CD6ABA133884B73066B624D.e.242/click - {}
RESULT: {}
COMMAND: GET /session/b0ee303caf718db626ad6d5c1d399bab/screenshot - {}
RESULT: {}
COMMAND: POST /session/b0ee303caf718db626ad6d5c1d399bab/execute/async - {"script":"<script> [1562 bytes]","args":[{"selector":{"controlType":"sap.m.GenericTile","properties":{"header":"Manage Partners"}},"wdio_ui5_key":"sapm.GenericTile{\"header\":\"Manage Partners\"}"}]}
RESULT: {"script":"<script> [1562 bytes]","args":[{"selector":{"controlType":"sap.m.GenericTile","properties":{"header":"Manage Partners"}},"wdio_ui5_key":"sapm.GenericTile{\"header\":\"Manage Partners\"}"}]}
RESULT: undefined
COMMAND: POST /session/b0ee303caf718db626ad6d5c1d399bab/element - {"using":"xpath","value":"//*[@id=\"__tile38\"]"}
RESULT: {"using":"xpath","value":"//*[@id=\"__tile38\"]"}
COMMAND: POST /session/b0ee303caf718db626ad6d5c1d399bab/element/f.E5342C77FF52C8F876B09F590AF6AC48.d.62274A581CD6ABA133884B73066B624D.e.933/click - {}
RESULT: {}
COMMAND: GET /session/b0ee303caf718db626ad6d5c1d399bab/screenshot - {}
RESULT: {}
COMMAND: POST /session/b0ee303caf718db626ad6d5c1d399bab/refresh - {}
RESULT: {}
COMMAND: GET /session/b0ee303caf718db626ad6d5c1d399bab/screenshot - {}
RESULT: {}
COMMAND: POST /session/b0ee303caf718db626ad6d5c1d399bab/refresh - {}
RESULT: {}
COMMAND: GET /session/b0ee303caf718db626ad6d5c1d399bab/screenshot - {}
RESULT: {}
COMMAND: POST /session/b0ee303caf718db626ad6d5c1d399bab/window/fullscreen - {}
RESULT: {}
COMMAND: POST /session/b0ee303caf718db626ad6d5c1d399bab/execute/async - {"script":"<script> [189 bytes]","args":[]}
RESULT: {"script":"<script> [189 bytes]","args":[]}
COMMAND: POST /session/b0ee303caf718db626ad6d5c1d399bab/execute/async - {"script":"<script> [123 bytes]","args":[]}
RESULT: {"script":"<script> [123 bytes]","args":[]}
COMMAND: POST /session/b0ee303caf718db626ad6d5c1d399bab/timeouts - {"script":"<number>"}
RESULT: {"script":"<number>"}
COMMAND: GET /session/b0ee303caf718db626ad6d5c1d399bab/timeouts - {}
RESULT: {}
RESULT: undefined
COMMAND: POST /session/b0ee303caf718db626ad6d5c1d399bab/execute/async - {"script":"<script> [2676 bytes]","args":[]}
RESULT: {"script":"<script> [2676 bytes]","args":[]}
COMMAND: POST /session/b0ee303caf718db626ad6d5c1d399bab/execute/async - {"script":"<script> [2342 bytes]","args":[{"protocol":"http","hostname":"0.0.0.0","path":"/","capabilities":{"browserName":"chrome","goog:chromeOptions":{"binary":"C:\\Program Files\\Google\\Chrome\\Application\\chrome.exe","args":["--start-maximized"]}},"logLevel":"warn","connectionRetryTimeout":120000,"connectionRetryCount":3,"logLevels":{},"enableDirectConnect":true,"strictSSL":true,"_":"65 more keys: [\"cacheDir\",\"port\",\"requestedCapabilities\",\"automationProtocol\",\"baseUrl\",\"waitforInterval\",\"waitforTimeout\",\"onReload\",\"beforeCommand\",\"afterCommand\",\"rootDir\",\"specs\",\"suites\",\"exclude\",\"groupLogsByTestSpec\",\"excludeDriverLogs\",\"bail\",\"framework\",\"reporters\",\"services\",\"maxInstances\",\"maxInstancesPerCapability\",\"injectGlobals\",\"filesToWatch\",\"execArgv\",\"runnerEnv\",\"runner\",\"shard\",\"specFileRetries\",\"specFileRetriesDelay\",\"specFileRetriesDeferred\",\"reporterSyncInterval\",\"reporterSyncTimeout\",\"cucumberFeaturesWithLineNumbers\",\"autoCompileOpts\",\"mochaOpts\",\"jasmineOpts\",\"cucumberOpts\",\"onPrepare\",\"onWorkerStart\",\"onWorkerEnd\",\"before\",\"beforeSession\",\"beforeSuite\",\"beforeHook\",\"beforeTest\",\"afterTest\",\"afterHook\",\"afterSuite\",\"afterSession\",\"after\",\"onComplete\",\"beforeAssertion\",\"afterAssertion\",\"beforeFeature\",\"beforeScenario\",\"beforeStep\",\"afterStep\",\"afterScenario\",\"afterFeature\",\"_\",\"suite\",\"$0\",\"ignoredWorkerServices\",\"wdi5\"]"}]}
RESULT: {"script":"<script> [2342 bytes]","args":[{"protocol":"http","hostname":"0.0.0.0","path":"/","capabilities":{"browserName":"chrome","goog:chromeOptions":{"binary":"C:\\Program Files\\Google\\Chrome\\Application\\chrome.exe","args":["--start-maximized"]}},"logLevel":"warn","connectionRetryTimeout":120000,"connectionRetryCount":3,"logLevels":{},"enableDirectConnect":true,"strictSSL":true,"_":"65 more keys: [\"cacheDir\",\"port\",\"requestedCapabilities\",\"automationProtocol\",\"baseUrl\",\"waitforInterval\",\"waitforTimeout\",\"onReload\",\"beforeCommand\",\"afterCommand\",\"rootDir\",\"specs\",\"suites\",\"exclude\",\"groupLogsByTestSpec\",\"excludeDriverLogs\",\"bail\",\"framework\",\"reporters\",\"services\",\"maxInstances\",\"maxInstancesPerCapability\",\"injectGlobals\",\"filesToWatch\",\"execArgv\",\"runnerEnv\",\"runner\",\"shard\",\"specFileRetries\",\"specFileRetriesDelay\",\"specFileRetriesDeferred\",\"reporterSyncInterval\",\"reporterSyncTimeout\",\"cucumberFeaturesWithLineNumbers\",\"autoCompileOpts\",\"mochaOpts\",\"jasmineOpts\",\"cucumberOpts\",\"onPrepare\",\"onWorkerStart\",\"onWorkerEnd\",\"before\",\"beforeSession\",\"beforeSuite\",\"beforeHook\",\"beforeTest\",\"afterTest\",\"afterHook\",\"afterSuite\",\"afterSession\",\"after\",\"onComplete\",\"beforeAssertion\",\"afterAssertion\",\"beforeFeature\",\"beforeScenario\",\"beforeStep\",\"afterStep\",\"afterScenario\",\"afterFeature\",\"_\",\"suite\",\"$0\",\"ignoredWorkerServices\",\"wdi5\"]"}]}
COMMAND: POST /session/b0ee303caf718db626ad6d5c1d399bab/execute/async - {"script":"<script> [21126 bytes]","args":[35000]}
RESULT: {"script":"<script> [21126 bytes]","args":[35000]}
COMMAND: POST /session/b0ee303caf718db626ad6d5c1d399bab/execute/async - {"script":"<script> [1562 bytes]","args":[{"selector":{"controlType":"sap.ui.core.Icon","viewName":"etm.portal.ui.managepartners.view.Master","viewId":"application-managepartners-display-component---masterPtm","properties":{"src":{"regex":{"source":"add"}}}},"wdio_ui5_key":"etmportal.ui.managepartners.view.Mastersap.ui.core.Icon{\"src\":{\"regex\":{\"source\":\"add\"}}}"}]}
RESULT: {"script":"<script> [1562 bytes]","args":[{"selector":{"controlType":"sap.ui.core.Icon","viewName":"etm.portal.ui.managepartners.view.Master","viewId":"application-managepartners-display-component---masterPtm","properties":{"src":{"regex":{"source":"add"}}}},"wdio_ui5_key":"etmportal.ui.managepartners.view.Mastersap.ui.core.Icon{\"src\":{\"regex\":{\"source\":\"add\"}}}"}]}
RESULT: undefined
COMMAND: POST /session/b0ee303caf718db626ad6d5c1d399bab/element - {"using":"xpath","value":"//*[@id=\"__button2-img\"]"}
RESULT: {"using":"xpath","value":"//*[@id=\"__button2-img\"]"}
COMMAND: POST /session/b0ee303caf718db626ad6d5c1d399bab/element/f.E5342C77FF52C8F876B09F590AF6AC48.d.D95C4BDCB9086DDF244D10C9DE7D5615.e.1164/click - {}
RESULT: {}
COMMAND: GET /session/b0ee303caf718db626ad6d5c1d399bab/screenshot - {}
RESULT: {}
COMMAND: POST /session/b0ee303caf718db626ad6d5c1d399bab/execute/async - {"script":"<script> [1562 bytes]","args":[{"selector":{"controlType":"sap.m.Title","viewName":"etm.portal.ui.managepartners.view.NewPartner","viewId":"application-managepartners-display-component---NewPartner","i18NText":{"propertyName":"text","key":"newPartner"},"interaction":{"idSuffix":"inner"}},"wdio_ui5_key":"etmportal.ui.managepartners.view.NewPartnersap.m.Title{\"propertyName\":\"text\",\"key\":\"newPartner\"}"}]}
RESULT: {"script":"<script> [1562 bytes]","args":[{"selector":{"controlType":"sap.m.Title","viewName":"etm.portal.ui.managepartners.view.NewPartner","viewId":"application-managepartners-display-component---NewPartner","i18NText":{"propertyName":"text","key":"newPartner"},"interaction":{"idSuffix":"inner"}},"wdio_ui5_key":"etmportal.ui.managepartners.view.NewPartnersap.m.Title{\"propertyName\":\"text\",\"key\":\"newPartner\"}"}]}
RESULT: undefined
COMMAND: POST /session/b0ee303caf718db626ad6d5c1d399bab/execute/async - {"script":"<script> [6424 bytes]","args":[{"element-6066-11e4-a52e-4f735466cecf":"f.E5342C77FF52C8F876B09F590AF6AC48.d.D95C4BDCB9086DDF244D10C9DE7D5615.e.1774"},"getText",[]]}
RESULT: {"script":"<script> [6424 bytes]","args":[{"element-6066-11e4-a52e-4f735466cecf":"f.E5342C77FF52C8F876B09F590AF6AC48.d.D95C4BDCB9086DDF244D10C9DE7D5615.e.1774"},"getText",[]]}
COMMAND: POST /session/b0ee303caf718db626ad6d5c1d399bab/execute/async - {"script":"<script> [1562 bytes]","args":[{"selector":{"id":"application-managepartners-display-component---NewPartner--partnerId","interaction":{"idSuffix":"inner"}},"wdio_ui5_key":"applicationmanagepartners-display-component---NewPartner--partnerId"}]}
RESULT: {"script":"<script> [1562 bytes]","args":[{"selector":{"id":"application-managepartners-display-component---NewPartner--partnerId","interaction":{"idSuffix":"inner"}},"wdio_ui5_key":"applicationmanagepartners-display-component---NewPartner--partnerId"}]}
RESULT: undefined
COMMAND: POST /session/b0ee303caf718db626ad6d5c1d399bab/execute/async - {"script":"<script> [1562 bytes]","args":[{"selector":{"id":"application-managepartners-display-component---NewPartner--addressDetailDetailsName1","interaction":{"idSuffix":"inner"}},"wdio_ui5_key":"applicationmanagepartners-display-component---NewPartner--addressDetailDetailsName1"}]}
RESULT: {"script":"<script> [1562 bytes]","args":[{"selector":{"id":"application-managepartners-display-component---NewPartner--addressDetailDetailsName1","interaction":{"idSuffix":"inner"}},"wdio_ui5_key":"applicationmanagepartners-display-component---NewPartner--addressDetailDetailsName1"}]}
RESULT: undefined
COMMAND: POST /session/b0ee303caf718db626ad6d5c1d399bab/execute/async - {"script":"<script> [776 bytes]","args":[{"enterText":"WebdriverWHMPartner8qgdk","selector":{"id":"application-managepartners-display-component---NewPartner--addressDetailDetailsName1","interaction":{"idSuffix":"inner"}},"clearTextFirst":true,"interactionType":"ENTER_TEXT"}]}
RESULT: {"script":"<script> [776 bytes]","args":[{"enterText":"WebdriverWHMPartner8qgdk","selector":{"id":"application-managepartners-display-component---NewPartner--addressDetailDetailsName1","interaction":{"idSuffix":"inner"}},"clearTextFirst":true,"interactionType":"ENTER_TEXT"}]}
COMMAND: POST /session/b0ee303caf718db626ad6d5c1d399bab/execute/async - {"script":"<script> [1562 bytes]","args":[{"selector":{"id":"application-managepartners-display-component---NewPartner--addressDetailDetailsLanguage","interaction":{"idSuffix":"inner"}},"wdio_ui5_key":"applicationmanagepartners-display-component---NewPartner--addressDetailDetailsLanguage"}]}
RESULT: {"script":"<script> [1562 bytes]","args":[{"selector":{"id":"application-managepartners-display-component---NewPartner--addressDetailDetailsLanguage","interaction":{"idSuffix":"inner"}},"wdio_ui5_key":"applicationmanagepartners-display-component---NewPartner--addressDetailDetailsLanguage"}]}
RESULT: undefined
COMMAND: POST /session/b0ee303caf718db626ad6d5c1d399bab/execute/async - {"script":"<script> [776 bytes]","args":[{"enterText":"Romanian","selector":{"id":"application-managepartners-display-component---NewPartner--addressDetailDetailsLanguage","interaction":{"idSuffix":"inner"}},"clearTextFirst":true,"interactionType":"ENTER_TEXT"}]}
RESULT: {"script":"<script> [776 bytes]","args":[{"enterText":"Romanian","selector":{"id":"application-managepartners-display-component---NewPartner--addressDetailDetailsLanguage","interaction":{"idSuffix":"inner"}},"clearTextFirst":true,"interactionType":"ENTER_TEXT"}]}
COMMAND: POST /session/b0ee303caf718db626ad6d5c1d399bab/execute/async - {"script":"<script> [1562 bytes]","args":[{"selector":{"controlType":"sap.m.StandardListItem","viewName":"etm.portal.ui.managepartners.view.NewPartner","viewId":"application-managepartners-display-component---NewPartner","properties":{"type":"Active"},"searchOpenDialogs":true,"interaction":{"idSuffix":"content"}},"wdio_ui5_key":"etmportal.ui.managepartners.view.NewPartnersap.m.StandardListItem{\"type\":\"Active\"}"}]}
RESULT: {"script":"<script> [1562 bytes]","args":[{"selector":{"controlType":"sap.m.StandardListItem","viewName":"etm.portal.ui.managepartners.view.NewPartner","viewId":"application-managepartners-display-component---NewPartner","properties":{"type":"Active"},"searchOpenDialogs":true,"interaction":{"idSuffix":"content"}},"wdio_ui5_key":"etmportal.ui.managepartners.view.NewPartnersap.m.StandardListItem{\"type\":\"Active\"}"}]}
RESULT: undefined
COMMAND: POST /session/b0ee303caf718db626ad6d5c1d399bab/element - {"using":"xpath","value":"//*[@id=\"__item131\"]"}
RESULT: {"using":"xpath","value":"//*[@id=\"__item131\"]"}
COMMAND: POST /session/b0ee303caf718db626ad6d5c1d399bab/element/f.E5342C77FF52C8F876B09F590AF6AC48.d.D95C4BDCB9086DDF244D10C9DE7D5615.e.1778/click - {}
RESULT: {}
COMMAND: POST /session/b0ee303caf718db626ad6d5c1d399bab/execute/async - {"script":"<script> [1562 bytes]","args":[{"selector":{"id":"application-managepartners-display-component---NewPartner--addressDetailDetailsCity1","interaction":{"idSuffix":"inner"}},"wdio_ui5_key":"applicationmanagepartners-display-component---NewPartner--addressDetailDetailsCity1"}]}
COMMAND: GET /session/b0ee303caf718db626ad6d5c1d399bab/screenshot - {}
RESULT: {"script":"<script> [1562 bytes]","args":[{"selector":{"id":"application-managepartners-display-component---NewPartner--addressDetailDetailsCity1","interaction":{"idSuffix":"inner"}},"wdio_ui5_key":"applicationmanagepartners-display-component---NewPartner--addressDetailDetailsCity1"}]}
RESULT: undefined
COMMAND: POST /session/b0ee303caf718db626ad6d5c1d399bab/execute/async - {"script":"<script> [776 bytes]","args":[{"enterText":"Cluj","selector":{"id":"application-managepartners-display-component---NewPartner--addressDetailDetailsCity1","interaction":{"idSuffix":"inner"}},"clearTextFirst":true,"interactionType":"ENTER_TEXT"}]}
RESULT: {}
RESULT: {"script":"<script> [776 bytes]","args":[{"enterText":"Cluj","selector":{"id":"application-managepartners-display-component---NewPartner--addressDetailDetailsCity1","interaction":{"idSuffix":"inner"}},"clearTextFirst":true,"interactionType":"ENTER_TEXT"}]}
COMMAND: POST /session/b0ee303caf718db626ad6d5c1d399bab/execute/async - {"script":"<script> [1562 bytes]","args":[{"selector":{"id":"application-managepartners-display-component---NewPartner--addressDetailDetailsCountry","interaction":{"idSuffix":"inner"}},"wdio_ui5_key":"applicationmanagepartners-display-component---NewPartner--addressDetailDetailsCountry"}]}
RESULT: {"script":"<script> [1562 bytes]","args":[{"selector":{"id":"application-managepartners-display-component---NewPartner--addressDetailDetailsCountry","interaction":{"idSuffix":"inner"}},"wdio_ui5_key":"applicationmanagepartners-display-component---NewPartner--addressDetailDetailsCountry"}]}
RESULT: undefined
COMMAND: POST /session/b0ee303caf718db626ad6d5c1d399bab/execute/async - {"script":"<script> [6424 bytes]","args":[{"element-6066-11e4-a52e-4f735466cecf":"f.E5342C77FF52C8F876B09F590AF6AC48.d.D95C4BDCB9086DDF244D10C9DE7D5615.e.1517"},"setValue",["Romania"]]}
RESULT: {"script":"<script> [6424 bytes]","args":[{"element-6066-11e4-a52e-4f735466cecf":"f.E5342C77FF52C8F876B09F590AF6AC48.d.D95C4BDCB9086DDF244D10C9DE7D5615.e.1517"},"setValue",["Romania"]]}
COMMAND: POST /session/b0ee303caf718db626ad6d5c1d399bab/execute/async - {"script":"<script> [1562 bytes]","args":[{"selector":{"id":"application-managepartners-display-component---NewPartner--partnerDetailInternal","interaction":{"idSuffix":"inner"}},"wdio_ui5_key":"applicationmanagepartners-display-component---NewPartner--partnerDetailInternal"}]}
RESULT: {"script":"<script> [1562 bytes]","args":[{"selector":{"id":"application-managepartners-display-component---NewPartner--partnerDetailInternal","interaction":{"idSuffix":"inner"}},"wdio_ui5_key":"applicationmanagepartners-display-component---NewPartner--partnerDetailInternal"}]}
RESULT: undefined
COMMAND: POST /session/b0ee303caf718db626ad6d5c1d399bab/execute/async - {"script":"<script> [776 bytes]","args":[{"enterText":"External partner","selector":{"id":"application-managepartners-display-component---NewPartner--partnerDetailInternal","interaction":{"idSuffix":"inner"}},"clearTextFirst":true,"interactionType":"ENTER_TEXT"}]}
RESULT: {"script":"<script> [776 bytes]","args":[{"enterText":"External partner","selector":{"id":"application-managepartners-display-component---NewPartner--partnerDetailInternal","interaction":{"idSuffix":"inner"}},"clearTextFirst":true,"interactionType":"ENTER_TEXT"}]}
COMMAND: POST /session/b0ee303caf718db626ad6d5c1d399bab/execute/async - {"script":"<script> [1562 bytes]","args":[{"selector":{"id":"application-managepartners-display-component---NewPartner--partnerDetailsCurrency","interaction":{"idSuffix":"inner"}},"wdio_ui5_key":"applicationmanagepartners-display-component---NewPartner--partnerDetailsCurrency"}]}
RESULT: {"script":"<script> [1562 bytes]","args":[{"selector":{"id":"application-managepartners-display-component---NewPartner--partnerDetailsCurrency","interaction":{"idSuffix":"inner"}},"wdio_ui5_key":"applicationmanagepartners-display-component---NewPartner--partnerDetailsCurrency"}]}
RESULT: undefined
COMMAND: POST /session/b0ee303caf718db626ad6d5c1d399bab/execute/async - {"script":"<script> [776 bytes]","args":[{"enterText":"Euro","selector":{"id":"application-managepartners-display-component---NewPartner--partnerDetailsCurrency","interaction":{"idSuffix":"inner"}},"clearTextFirst":true,"interactionType":"ENTER_TEXT"}]}
RESULT: {"script":"<script> [776 bytes]","args":[{"enterText":"Euro","selector":{"id":"application-managepartners-display-component---NewPartner--partnerDetailsCurrency","interaction":{"idSuffix":"inner"}},"clearTextFirst":true,"interactionType":"ENTER_TEXT"}]}
COMMAND: POST /session/b0ee303caf718db626ad6d5c1d399bab/execute/async - {"script":"<script> [1562 bytes]","args":[{"selector":{"controlType":"sap.m.Button","viewName":"etm.portal.ui.managepartners.view.NewPartner","viewId":"application-managepartners-display-component---NewPartner","properties":{"text":"Commercial"},"interaction":{"idSuffix":"BDI-content"}},"wdio_ui5_key":"etmportal.ui.managepartners.view.NewPartnersap.m.Button{\"text\":\"Commercial\"}"}]}
RESULT: {"script":"<script> [1562 bytes]","args":[{"selector":{"controlType":"sap.m.Button","viewName":"etm.portal.ui.managepartners.view.NewPartner","viewId":"application-managepartners-display-component---NewPartner","properties":{"text":"Commercial"},"interaction":{"idSuffix":"BDI-content"}},"wdio_ui5_key":"etmportal.ui.managepartners.view.NewPartnersap.m.Button{\"text\":\"Commercial\"}"}]}
RESULT: undefined
COMMAND: POST /session/b0ee303caf718db626ad6d5c1d399bab/element - {"using":"xpath","value":"//*[@id=\"application-managepartners-display-component---NewPartner--ObjectPageLayout-anchBar-__section5-anchor\"]"}
RESULT: {"using":"xpath","value":"//*[@id=\"application-managepartners-display-component---NewPartner--ObjectPageLayout-anchBar-__section5-anchor\"]"}
COMMAND: POST /session/b0ee303caf718db626ad6d5c1d399bab/element/f.E5342C77FF52C8F876B09F590AF6AC48.d.D95C4BDCB9086DDF244D10C9DE7D5615.e.1784/click - {}
RESULT: {}
COMMAND: GET /session/b0ee303caf718db626ad6d5c1d399bab/screenshot - {}
RESULT: {}
COMMAND: POST /session/b0ee303caf718db626ad6d5c1d399bab/execute/async - {"script":"<script> [1562 bytes]","args":[{"selector":{"id":"application-managepartners-display-component---NewPartner--btnAddTableRow-img"},"wdio_ui5_key":"applicationmanagepartners-display-component---NewPartner--btnAddTableRow-img"}]}
RESULT: {"script":"<script> [1562 bytes]","args":[{"selector":{"id":"application-managepartners-display-component---NewPartner--btnAddTableRow-img"},"wdio_ui5_key":"applicationmanagepartners-display-component---NewPartner--btnAddTableRow-img"}]}
RESULT: undefined
COMMAND: POST /session/b0ee303caf718db626ad6d5c1d399bab/element - {"using":"xpath","value":"//*[@id=\"application-managepartners-display-component---NewPartner--btnAddTableRow-img\"]"}
RESULT: {"using":"xpath","value":"//*[@id=\"application-managepartners-display-component---NewPartner--btnAddTableRow-img\"]"}
COMMAND: POST /session/b0ee303caf718db626ad6d5c1d399bab/element/f.E5342C77FF52C8F876B09F590AF6AC48.d.D95C4BDCB9086DDF244D10C9DE7D5615.e.1789/click - {}
RESULT: {}
COMMAND: POST /session/b0ee303caf718db626ad6d5c1d399bab/element - {"using":"xpath","value":"//input[contains(@id ,\"application-managepartners-display-component---NewPartner--assignmentYard-application-managepartners-display-component---NewPartner\")]"}
COMMAND: GET /session/b0ee303caf718db626ad6d5c1d399bab/screenshot - {}
RESULT: {"using":"xpath","value":"//input[contains(@id ,\"application-managepartners-display-component---NewPartner--assignmentYard-application-managepartners-display-component---NewPartner\")]"}
COMMAND: POST /session/b0ee303caf718db626ad6d5c1d399bab/elements - {"using":"xpath","value":"//input[contains(@id ,\"application-managepartners-display-component---NewPartner--assignmentYard-application-managepartners-display-component---NewPartner\")]"}
RESULT: {}
RESULT: {"using":"xpath","value":"//input[contains(@id ,\"application-managepartners-display-component---NewPartner--assignmentYard-application-managepartners-display-component---NewPartner\")]"}
COMMAND: POST /session/b0ee303caf718db626ad6d5c1d399bab/element/f.E5342C77FF52C8F876B09F590AF6AC48.d.D95C4BDCB9086DDF244D10C9DE7D5615.e.1792/value - {"text":"304"}
RESULT: {"text":"304"}
COMMAND: GET /session/b0ee303caf718db626ad6d5c1d399bab/screenshot - {}
RESULT: {}
COMMAND: POST /session/b0ee303caf718db626ad6d5c1d399bab/actions - {"actions":[{"id":"action5","type":"key","parameters":{},"actions":[{"type":"keyDown","value":"î€‡"},{"type":"pause","duration":10},{"type":"keyUp","value":"î€‡"}]}]}
RESULT: {"actions":[{"id":"action5","type":"key","parameters":{},"actions":[{"type":"keyDown","value":"î€‡"},{"type":"pause","duration":10},{"type":"keyUp","value":"î€‡"}]}]}
COMMAND: POST /session/b0ee303caf718db626ad6d5c1d399bab/execute/async - {"script":"<script> [1562 bytes]","args":[{"selector":{"controlType":"sap.m.Button","viewName":"etm.portal.ui.managepartners.view.NewPartner","viewId":"application-managepartners-display-component---NewPartner","i18NText":{"propertyName":"text","key":"save"},"interaction":{"idSuffix":"BDI-content"}},"wdio_ui5_key":"etmportal.ui.managepartners.view.NewPartnersap.m.Button{\"propertyName\":\"text\",\"key\":\"save\"}"}]}
COMMAND: GET /session/b0ee303caf718db626ad6d5c1d399bab/screenshot - {}
RESULT: {"script":"<script> [1562 bytes]","args":[{"selector":{"controlType":"sap.m.Button","viewName":"etm.portal.ui.managepartners.view.NewPartner","viewId":"application-managepartners-display-component---NewPartner","i18NText":{"propertyName":"text","key":"save"},"interaction":{"idSuffix":"BDI-content"}},"wdio_ui5_key":"etmportal.ui.managepartners.view.NewPartnersap.m.Button{\"propertyName\":\"text\",\"key\":\"save\"}"}]}
RESULT: undefined
COMMAND: POST /session/b0ee303caf718db626ad6d5c1d399bab/element - {"using":"xpath","value":"//*[@id=\"__button10\"]"}
RESULT: {}
RESULT: {"using":"xpath","value":"//*[@id=\"__button10\"]"}
COMMAND: POST /session/b0ee303caf718db626ad6d5c1d399bab/element/f.E5342C77FF52C8F876B09F590AF6AC48.d.D95C4BDCB9086DDF244D10C9DE7D5615.e.1739/click - {}
RESULT: {}
COMMAND: GET /session/b0ee303caf718db626ad6d5c1d399bab/screenshot - {}
RESULT: {}
COMMAND: POST /session/b0ee303caf718db626ad6d5c1d399bab/element - {"using":"xpath","value":"//header/div/div[2]/div[2]/span"}
RESULT: {"using":"xpath","value":"//header/div/div[2]/div[2]/span"}
COMMAND: POST /session/b0ee303caf718db626ad6d5c1d399bab/elements - {"using":"xpath","value":"//header/div/div[2]/div[2]/span"}
RESULT: {"using":"xpath","value":"//header/div/div[2]/div[2]/span"}
COMMAND: POST /session/b0ee303caf718db626ad6d5c1d399bab/execute/sync - {"script":"<script> [8489 bytes]","args":[{"element-6066-11e4-a52e-4f735466cecf":"f.E5342C77FF52C8F876B09F590AF6AC48.d.D95C4BDCB9086DDF244D10C9DE7D5615.e.1963","ELEMENT":"f.E5342C77FF52C8F876B09F590AF6AC48.d.D95C4BDCB9086DDF244D10C9DE7D5615.e.1963"}]}
RESULT: {"script":"<script> [8489 bytes]","args":[{"element-6066-11e4-a52e-4f735466cecf":"f.E5342C77FF52C8F876B09F590AF6AC48.d.D95C4BDCB9086DDF244D10C9DE7D5615.e.1963","ELEMENT":"f.E5342C77FF52C8F876B09F590AF6AC48.d.D95C4BDCB9086DDF244D10C9DE7D5615.e.1963"}]}
COMMAND: GET /session/b0ee303caf718db626ad6d5c1d399bab/element/f.E5342C77FF52C8F876B09F590AF6AC48.d.D95C4BDCB9086DDF244D10C9DE7D5615.e.1963/text - {}
COMMAND: GET /session/b0ee303caf718db626ad6d5c1d399bab/screenshot - {}
RESULT: {}
COMMAND: POST /session/b0ee303caf718db626ad6d5c1d399bab/element - {"using":"xpath","value":"//header/div/div/div/div/div/div[2]/div/span"}
RESULT: {}
RESULT: {"using":"xpath","value":"//header/div/div/div/div/div/div[2]/div/span"}
COMMAND: POST /session/b0ee303caf718db626ad6d5c1d399bab/elements - {"using":"xpath","value":"//header/div/div/div/div/div/div[2]/div/span"}
RESULT: {"using":"xpath","value":"//header/div/div/div/div/div/div[2]/div/span"}
COMMAND: POST /session/b0ee303caf718db626ad6d5c1d399bab/execute/sync - {"script":"<script> [8489 bytes]","args":[{"element-6066-11e4-a52e-4f735466cecf":"f.E5342C77FF52C8F876B09F590AF6AC48.d.D95C4BDCB9086DDF244D10C9DE7D5615.e.1964","ELEMENT":"f.E5342C77FF52C8F876B09F590AF6AC48.d.D95C4BDCB9086DDF244D10C9DE7D5615.e.1964"}]}
RESULT: {"script":"<script> [8489 bytes]","args":[{"element-6066-11e4-a52e-4f735466cecf":"f.E5342C77FF52C8F876B09F590AF6AC48.d.D95C4BDCB9086DDF244D10C9DE7D5615.e.1964","ELEMENT":"f.E5342C77FF52C8F876B09F590AF6AC48.d.D95C4BDCB9086DDF244D10C9DE7D5615.e.1964"}]}
COMMAND: GET /session/b0ee303caf718db626ad6d5c1d399bab/element/f.E5342C77FF52C8F876B09F590AF6AC48.d.D95C4BDCB9086DDF244D10C9DE7D5615.e.1964/text - {}
COMMAND: GET /session/b0ee303caf718db626ad6d5c1d399bab/screenshot - {}
RESULT: {}
]]></system-out>
    </testcase>
  </testsuite>
  <testsuite timestamp="2025-04-28T06:24:15" time="357.426" tests="6" failures="0" errors="0" skipped="0">
    <properties>
      <property name="specId" value="0" />
      <property name="suiteName" value="Provide to Site w/ warehouse management w/ clarification US115878" />
      <property name="capabilities" value="chrome.135_0_7049_96.windows" />
      <property name="file" value="file:///D:/a/1/s/test/specs/HTR/provide-to-site-w-warehouse-w-clarification.spec.js" />
    </properties>
    <testcase classname="chrome.135_0_7049_96.windows.Provide_to_Site_w/_warehouse_management_w/_clarification_US115878" name="Should create a WHM yard" time="88.91">
      <system-out><![CDATA[
COMMAND: POST /session/b0ee303caf718db626ad6d5c1d399bab/execute/async - {"script":"<script> [1562 bytes]","args":[{"selector":{"controlType":"sap.m.GenericTile","properties":{"header":"Manage Yards"}},"wdio_ui5_key":"sapm.GenericTile{\"header\":\"Manage Yards\"}"}]}
RESULT: {}
RESULT: {"script":"<script> [1562 bytes]","args":[{"selector":{"controlType":"sap.m.GenericTile","properties":{"header":"Manage Yards"}},"wdio_ui5_key":"sapm.GenericTile{\"header\":\"Manage Yards\"}"}]}
RESULT: undefined
COMMAND: POST /session/b0ee303caf718db626ad6d5c1d399bab/element - {"using":"xpath","value":"//*[@id=\"__tile33\"]"}
RESULT: {"using":"xpath","value":"//*[@id=\"__tile33\"]"}
COMMAND: POST /session/b0ee303caf718db626ad6d5c1d399bab/element/f.E5342C77FF52C8F876B09F590AF6AC48.d.AB33535A1D19D2D167155ECF64B404AD.e.2259/click - {}
RESULT: {}
COMMAND: POST /session/b0ee303caf718db626ad6d5c1d399bab/execute/async - {"script":"<script> [1562 bytes]","args":[{"selector":{"controlType":"sap.ui.core.Icon","viewName":"etm.portal.ui.manageyards.view.Master","viewId":"application-manageyards-display-component---masterYard","properties":{"src":{"regex":{"source":"add"}}}},"wdio_ui5_key":"etmportal.ui.manageyards.view.Mastersap.ui.core.Icon{\"src\":{\"regex\":{\"source\":\"add\"}}}"}]}
COMMAND: GET /session/b0ee303caf718db626ad6d5c1d399bab/screenshot - {}
RESULT: {"script":"<script> [1562 bytes]","args":[{"selector":{"controlType":"sap.ui.core.Icon","viewName":"etm.portal.ui.manageyards.view.Master","viewId":"application-manageyards-display-component---masterYard","properties":{"src":{"regex":{"source":"add"}}}},"wdio_ui5_key":"etmportal.ui.manageyards.view.Mastersap.ui.core.Icon{\"src\":{\"regex\":{\"source\":\"add\"}}}"}]}
RESULT: undefined
COMMAND: POST /session/b0ee303caf718db626ad6d5c1d399bab/element - {"using":"xpath","value":"//*[@id=\"__button4-img\"]"}
RESULT: {}
RESULT: {"using":"xpath","value":"//*[@id=\"__button4-img\"]"}
COMMAND: POST /session/b0ee303caf718db626ad6d5c1d399bab/element/f.E5342C77FF52C8F876B09F590AF6AC48.d.AB33535A1D19D2D167155ECF64B404AD.e.2391/click - {}
RESULT: {}
COMMAND: POST /session/b0ee303caf718db626ad6d5c1d399bab/execute/async - {"script":"<script> [1562 bytes]","args":[{"selector":{"id":"application-manageyards-display-component---NewYard--addressDetailDetailsName1","interaction":{"idSuffix":"inner"}},"wdio_ui5_key":"applicationmanageyards-display-component---NewYard--addressDetailDetailsName1"}]}
COMMAND: GET /session/b0ee303caf718db626ad6d5c1d399bab/screenshot - {}
RESULT: {"script":"<script> [1562 bytes]","args":[{"selector":{"id":"application-manageyards-display-component---NewYard--addressDetailDetailsName1","interaction":{"idSuffix":"inner"}},"wdio_ui5_key":"applicationmanageyards-display-component---NewYard--addressDetailDetailsName1"}]}
RESULT: undefined
COMMAND: POST /session/b0ee303caf718db626ad6d5c1d399bab/execute/async - {"script":"<script> [776 bytes]","args":[{"enterText":"warehouse managed Yard","selector":{"id":"application-manageyards-display-component---NewYard--addressDetailDetailsName1","interaction":{"idSuffix":"inner"}},"clearTextFirst":true,"interactionType":"ENTER_TEXT"}]}
RESULT: {}
RESULT: {"script":"<script> [776 bytes]","args":[{"enterText":"warehouse managed Yard","selector":{"id":"application-manageyards-display-component---NewYard--addressDetailDetailsName1","interaction":{"idSuffix":"inner"}},"clearTextFirst":true,"interactionType":"ENTER_TEXT"}]}
COMMAND: POST /session/b0ee303caf718db626ad6d5c1d399bab/execute/async - {"script":"<script> [1562 bytes]","args":[{"selector":{"id":"application-manageyards-display-component---NewYard--addressDetailDetailsLanguage-arrow"},"wdio_ui5_key":"applicationmanageyards-display-component---NewYard--addressDetailDetailsLanguage-arrow"}]}
RESULT: {"script":"<script> [1562 bytes]","args":[{"selector":{"id":"application-manageyards-display-component---NewYard--addressDetailDetailsLanguage-arrow"},"wdio_ui5_key":"applicationmanageyards-display-component---NewYard--addressDetailDetailsLanguage-arrow"}]}
RESULT: undefined
COMMAND: POST /session/b0ee303caf718db626ad6d5c1d399bab/element - {"using":"xpath","value":"//*[@id=\"application-manageyards-display-component---NewYard--addressDetailDetailsLanguage-arrow\"]"}
RESULT: {"using":"xpath","value":"//*[@id=\"application-manageyards-display-component---NewYard--addressDetailDetailsLanguage-arrow\"]"}
COMMAND: POST /session/b0ee303caf718db626ad6d5c1d399bab/element/f.E5342C77FF52C8F876B09F590AF6AC48.d.AB33535A1D19D2D167155ECF64B404AD.e.2805/click - {}
RESULT: {}
COMMAND: POST /session/b0ee303caf718db626ad6d5c1d399bab/execute/async - {"script":"<script> [1562 bytes]","args":[{"selector":{"controlType":"sap.m.StandardListItem","viewName":"etm.portal.ui.manageyards.view.New","viewId":"application-manageyards-display-component---NewYard","properties":{"title":"English"},"searchOpenDialogs":true,"interaction":{"idSuffix":"content"}},"wdio_ui5_key":"etmportal.ui.manageyards.view.Newsap.m.StandardListItem{\"title\":\"English\"}"}]}
COMMAND: GET /session/b0ee303caf718db626ad6d5c1d399bab/screenshot - {}
RESULT: {"script":"<script> [1562 bytes]","args":[{"selector":{"controlType":"sap.m.StandardListItem","viewName":"etm.portal.ui.manageyards.view.New","viewId":"application-manageyards-display-component---NewYard","properties":{"title":"English"},"searchOpenDialogs":true,"interaction":{"idSuffix":"content"}},"wdio_ui5_key":"etmportal.ui.manageyards.view.Newsap.m.StandardListItem{\"title\":\"English\"}"}]}
RESULT: undefined
COMMAND: POST /session/b0ee303caf718db626ad6d5c1d399bab/element - {"using":"xpath","value":"//*[@id=\"__item99\"]"}
RESULT: {}
RESULT: {"using":"xpath","value":"//*[@id=\"__item99\"]"}
COMMAND: POST /session/b0ee303caf718db626ad6d5c1d399bab/element/f.E5342C77FF52C8F876B09F590AF6AC48.d.AB33535A1D19D2D167155ECF64B404AD.e.2807/click - {}
RESULT: {}
COMMAND: POST /session/b0ee303caf718db626ad6d5c1d399bab/execute/async - {"script":"<script> [1562 bytes]","args":[{"selector":{"id":"application-manageyards-display-component---NewYard--addressDetailDetailsCity1","interaction":{"idSuffix":"inner"}},"wdio_ui5_key":"applicationmanageyards-display-component---NewYard--addressDetailDetailsCity1"}]}
COMMAND: GET /session/b0ee303caf718db626ad6d5c1d399bab/screenshot - {}
RESULT: {"script":"<script> [1562 bytes]","args":[{"selector":{"id":"application-manageyards-display-component---NewYard--addressDetailDetailsCity1","interaction":{"idSuffix":"inner"}},"wdio_ui5_key":"applicationmanageyards-display-component---NewYard--addressDetailDetailsCity1"}]}
RESULT: undefined
COMMAND: POST /session/b0ee303caf718db626ad6d5c1d399bab/execute/async - {"script":"<script> [776 bytes]","args":[{"enterText":"Rosario","selector":{"id":"application-manageyards-display-component---NewYard--addressDetailDetailsCity1","interaction":{"idSuffix":"inner"}},"clearTextFirst":true,"interactionType":"ENTER_TEXT"}]}
RESULT: {}
RESULT: {"script":"<script> [776 bytes]","args":[{"enterText":"Rosario","selector":{"id":"application-manageyards-display-component---NewYard--addressDetailDetailsCity1","interaction":{"idSuffix":"inner"}},"clearTextFirst":true,"interactionType":"ENTER_TEXT"}]}
COMMAND: POST /session/b0ee303caf718db626ad6d5c1d399bab/execute/async - {"script":"<script> [1562 bytes]","args":[{"selector":{"id":"application-manageyards-display-component---NewYard--addressDetailDetailsCountry-arrow"},"wdio_ui5_key":"applicationmanageyards-display-component---NewYard--addressDetailDetailsCountry-arrow"}]}
RESULT: {"script":"<script> [1562 bytes]","args":[{"selector":{"id":"application-manageyards-display-component---NewYard--addressDetailDetailsCountry-arrow"},"wdio_ui5_key":"applicationmanageyards-display-component---NewYard--addressDetailDetailsCountry-arrow"}]}
RESULT: undefined
COMMAND: POST /session/b0ee303caf718db626ad6d5c1d399bab/element - {"using":"xpath","value":"//*[@id=\"application-manageyards-display-component---NewYard--addressDetailDetailsCountry-arrow\"]"}
RESULT: {"using":"xpath","value":"//*[@id=\"application-manageyards-display-component---NewYard--addressDetailDetailsCountry-arrow\"]"}
COMMAND: POST /session/b0ee303caf718db626ad6d5c1d399bab/element/f.E5342C77FF52C8F876B09F590AF6AC48.d.AB33535A1D19D2D167155ECF64B404AD.e.2790/click - {}
RESULT: {}
COMMAND: POST /session/b0ee303caf718db626ad6d5c1d399bab/execute/async - {"script":"<script> [1562 bytes]","args":[{"selector":{"controlType":"sap.m.StandardListItem","viewName":"etm.portal.ui.manageyards.view.New","viewId":"application-manageyards-display-component---NewYard","properties":{"title":"Argentina"},"searchOpenDialogs":true,"interaction":{"idSuffix":"content"}},"wdio_ui5_key":"etmportal.ui.manageyards.view.Newsap.m.StandardListItem{\"title\":\"Argentina\"}"}]}
COMMAND: GET /session/b0ee303caf718db626ad6d5c1d399bab/screenshot - {}
RESULT: {"script":"<script> [1562 bytes]","args":[{"selector":{"controlType":"sap.m.StandardListItem","viewName":"etm.portal.ui.manageyards.view.New","viewId":"application-manageyards-display-component---NewYard","properties":{"title":"Argentina"},"searchOpenDialogs":true,"interaction":{"idSuffix":"content"}},"wdio_ui5_key":"etmportal.ui.manageyards.view.Newsap.m.StandardListItem{\"title\":\"Argentina\"}"}]}
RESULT: undefined
COMMAND: POST /session/b0ee303caf718db626ad6d5c1d399bab/element - {"using":"xpath","value":"//*[@id=\"__item142\"]"}
RESULT: {}
RESULT: {"using":"xpath","value":"//*[@id=\"__item142\"]"}
COMMAND: POST /session/b0ee303caf718db626ad6d5c1d399bab/element/f.E5342C77FF52C8F876B09F590AF6AC48.d.AB33535A1D19D2D167155ECF64B404AD.e.2811/click - {}
RESULT: {}
COMMAND: POST /session/b0ee303caf718db626ad6d5c1d399bab/execute/async - {"script":"<script> [1562 bytes]","args":[{"selector":{"controlType":"sap.m.Button","viewName":"etm.portal.ui.manageyards.view.New","viewId":"application-manageyards-display-component---NewYard","properties":{"text":"Commercial"},"interaction":{"idSuffix":"BDI-content"}},"wdio_ui5_key":"etmportal.ui.manageyards.view.Newsap.m.Button{\"text\":\"Commercial\"}"}]}
COMMAND: GET /session/b0ee303caf718db626ad6d5c1d399bab/screenshot - {}
RESULT: {"script":"<script> [1562 bytes]","args":[{"selector":{"controlType":"sap.m.Button","viewName":"etm.portal.ui.manageyards.view.New","viewId":"application-manageyards-display-component---NewYard","properties":{"text":"Commercial"},"interaction":{"idSuffix":"BDI-content"}},"wdio_ui5_key":"etmportal.ui.manageyards.view.Newsap.m.Button{\"text\":\"Commercial\"}"}]}
RESULT: undefined
COMMAND: POST /session/b0ee303caf718db626ad6d5c1d399bab/element - {"using":"xpath","value":"//*[@id=\"application-manageyards-display-component---NewYard--ObjectPageLayout-anchBar-__section5-anchor\"]"}
RESULT: {}
RESULT: {"using":"xpath","value":"//*[@id=\"application-manageyards-display-component---NewYard--ObjectPageLayout-anchBar-__section5-anchor\"]"}
COMMAND: POST /session/b0ee303caf718db626ad6d5c1d399bab/element/f.E5342C77FF52C8F876B09F590AF6AC48.d.AB33535A1D19D2D167155ECF64B404AD.e.2813/click - {}
RESULT: {}
COMMAND: GET /session/b0ee303caf718db626ad6d5c1d399bab/screenshot - {}
RESULT: {}
COMMAND: POST /session/b0ee303caf718db626ad6d5c1d399bab/execute/async - {"script":"<script> [1562 bytes]","args":[{"selector":{"id":"application-manageyards-display-component---NewYard--addressEditDetailsCostObjectCstType-arrow"},"wdio_ui5_key":"applicationmanageyards-display-component---NewYard--addressEditDetailsCostObjectCstType-arrow"}]}
RESULT: {"script":"<script> [1562 bytes]","args":[{"selector":{"id":"application-manageyards-display-component---NewYard--addressEditDetailsCostObjectCstType-arrow"},"wdio_ui5_key":"applicationmanageyards-display-component---NewYard--addressEditDetailsCostObjectCstType-arrow"}]}
RESULT: undefined
COMMAND: POST /session/b0ee303caf718db626ad6d5c1d399bab/element - {"using":"xpath","value":"//*[@id=\"application-manageyards-display-component---NewYard--addressEditDetailsCostObjectCstType-arrow\"]"}
RESULT: {"using":"xpath","value":"//*[@id=\"application-manageyards-display-component---NewYard--addressEditDetailsCostObjectCstType-arrow\"]"}
COMMAND: POST /session/b0ee303caf718db626ad6d5c1d399bab/element/f.E5342C77FF52C8F876B09F590AF6AC48.d.AB33535A1D19D2D167155ECF64B404AD.e.2816/click - {}
RESULT: {}
COMMAND: GET /session/b0ee303caf718db626ad6d5c1d399bab/screenshot - {}
RESULT: {}
COMMAND: POST /session/b0ee303caf718db626ad6d5c1d399bab/execute/async - {"script":"<script> [1562 bytes]","args":[{"selector":{"controlType":"sap.m.StandardListItem","viewName":"etm.portal.ui.manageyards.view.New","viewId":"application-manageyards-display-component---NewYard","properties":{"title":"Cost Center"},"searchOpenDialogs":true,"interaction":{"idSuffix":"titleText"}},"wdio_ui5_key":"etmportal.ui.manageyards.view.Newsap.m.StandardListItem{\"title\":\"Cost Center\"}"}]}
RESULT: {"script":"<script> [1562 bytes]","args":[{"selector":{"controlType":"sap.m.StandardListItem","viewName":"etm.portal.ui.manageyards.view.New","viewId":"application-manageyards-display-component---NewYard","properties":{"title":"Cost Center"},"searchOpenDialogs":true,"interaction":{"idSuffix":"titleText"}},"wdio_ui5_key":"etmportal.ui.manageyards.view.Newsap.m.StandardListItem{\"title\":\"Cost Center\"}"}]}
RESULT: undefined
COMMAND: POST /session/b0ee303caf718db626ad6d5c1d399bab/element - {"using":"xpath","value":"//*[@id=\"__item232\"]"}
RESULT: {"using":"xpath","value":"//*[@id=\"__item232\"]"}
COMMAND: POST /session/b0ee303caf718db626ad6d5c1d399bab/element/f.E5342C77FF52C8F876B09F590AF6AC48.d.AB33535A1D19D2D167155ECF64B404AD.e.2824/click - {}
RESULT: {}
COMMAND: POST /session/b0ee303caf718db626ad6d5c1d399bab/element - {"using":"xpath","value":"//input[@id=\"application-manageyards-display-component---NewYard--addressNewCostObjectCstID-inner\"]"}
COMMAND: GET /session/b0ee303caf718db626ad6d5c1d399bab/screenshot - {}
RESULT: {"using":"xpath","value":"//input[@id=\"application-manageyards-display-component---NewYard--addressNewCostObjectCstID-inner\"]"}
COMMAND: POST /session/b0ee303caf718db626ad6d5c1d399bab/element/f.E5342C77FF52C8F876B09F590AF6AC48.d.AB33535A1D19D2D167155ECF64B404AD.e.2620/clear - {}
RESULT: {}
COMMAND: POST /session/b0ee303caf718db626ad6d5c1d399bab/element - {"using":"xpath","value":"//input[@id=\"application-manageyards-display-component---NewYard--addressNewCostObjectCstID-inner\"]"}
RESULT: {"using":"xpath","value":"//input[@id=\"application-manageyards-display-component---NewYard--addressNewCostObjectCstID-inner\"]"}
COMMAND: POST /session/b0ee303caf718db626ad6d5c1d399bab/element/f.E5342C77FF52C8F876B09F590AF6AC48.d.AB33535A1D19D2D167155ECF64B404AD.e.2620/clear - {}
COMMAND: POST /session/b0ee303caf718db626ad6d5c1d399bab/element - {"using":"xpath","value":"//input[@id=\"application-manageyards-display-component---NewYard--addressNewCostObjectCstID-inner\"]"}
RESULT: {"using":"xpath","value":"//input[@id=\"application-manageyards-display-component---NewYard--addressNewCostObjectCstID-inner\"]"}
COMMAND: POST /session/b0ee303caf718db626ad6d5c1d399bab/element/f.E5342C77FF52C8F876B09F590AF6AC48.d.AB33535A1D19D2D167155ECF64B404AD.e.2827/clear - {}
COMMAND: POST /session/b0ee303caf718db626ad6d5c1d399bab/element - {"using":"xpath","value":"//input[@id=\"application-manageyards-display-component---NewYard--addressNewCostObjectCstID-inner\"]"}
RESULT: {"using":"xpath","value":"//input[@id=\"application-manageyards-display-component---NewYard--addressNewCostObjectCstID-inner\"]"}
COMMAND: POST /session/b0ee303caf718db626ad6d5c1d399bab/element/f.E5342C77FF52C8F876B09F590AF6AC48.d.AB33535A1D19D2D167155ECF64B404AD.e.2827/clear - {}
COMMAND: POST /session/b0ee303caf718db626ad6d5c1d399bab/element - {"using":"xpath","value":"//input[@id=\"application-manageyards-display-component---NewYard--addressNewCostObjectCstID-inner\"]"}
RESULT: {"using":"xpath","value":"//input[@id=\"application-manageyards-display-component---NewYard--addressNewCostObjectCstID-inner\"]"}
COMMAND: POST /session/b0ee303caf718db626ad6d5c1d399bab/element/f.E5342C77FF52C8F876B09F590AF6AC48.d.AB33535A1D19D2D167155ECF64B404AD.e.2829/clear - {}
RESULT: {}
COMMAND: POST /session/b0ee303caf718db626ad6d5c1d399bab/element/f.E5342C77FF52C8F876B09F590AF6AC48.d.AB33535A1D19D2D167155ECF64B404AD.e.2829/value - {"text":"10001013"}
COMMAND: GET /session/b0ee303caf718db626ad6d5c1d399bab/screenshot - {}
RESULT: {"text":"10001013"}
COMMAND: GET /session/b0ee303caf718db626ad6d5c1d399bab/screenshot - {}
RESULT: {}
RESULT: {}
COMMAND: POST /session/b0ee303caf718db626ad6d5c1d399bab/execute/async - {"script":"<script> [1562 bytes]","args":[{"selector":{"controlType":"sap.m.StandardListItem","viewName":"etm.portal.ui.manageyards.view.New","viewId":"application-manageyards-display-component---NewYard","properties":{"type":"Active"},"searchOpenDialogs":true,"interaction":{"idSuffix":"titleText"}},"wdio_ui5_key":"etmportal.ui.manageyards.view.Newsap.m.StandardListItem{\"type\":\"Active\"}"}]}
RESULT: {"script":"<script> [1562 bytes]","args":[{"selector":{"controlType":"sap.m.StandardListItem","viewName":"etm.portal.ui.manageyards.view.New","viewId":"application-manageyards-display-component---NewYard","properties":{"type":"Active"},"searchOpenDialogs":true,"interaction":{"idSuffix":"titleText"}},"wdio_ui5_key":"etmportal.ui.manageyards.view.Newsap.m.StandardListItem{\"type\":\"Active\"}"}]}
RESULT: undefined
COMMAND: POST /session/b0ee303caf718db626ad6d5c1d399bab/element - {"using":"xpath","value":"//*[@id=\"__item337\"]"}
RESULT: {"using":"xpath","value":"//*[@id=\"__item337\"]"}
COMMAND: POST /session/b0ee303caf718db626ad6d5c1d399bab/element/f.E5342C77FF52C8F876B09F590AF6AC48.d.AB33535A1D19D2D167155ECF64B404AD.e.2833/click - {}
RESULT: {}
COMMAND: POST /session/b0ee303caf718db626ad6d5c1d399bab/execute/async - {"script":"<script> [1562 bytes]","args":[{"selector":{"id":"application-manageyards-display-component---NewYard--addressEditDetailsCurrency-arrow"},"wdio_ui5_key":"applicationmanageyards-display-component---NewYard--addressEditDetailsCurrency-arrow"}]}
COMMAND: GET /session/b0ee303caf718db626ad6d5c1d399bab/screenshot - {}
RESULT: {"script":"<script> [1562 bytes]","args":[{"selector":{"id":"application-manageyards-display-component---NewYard--addressEditDetailsCurrency-arrow"},"wdio_ui5_key":"applicationmanageyards-display-component---NewYard--addressEditDetailsCurrency-arrow"}]}
RESULT: undefined
COMMAND: POST /session/b0ee303caf718db626ad6d5c1d399bab/element - {"using":"xpath","value":"//*[@id=\"application-manageyards-display-component---NewYard--addressEditDetailsCurrency-arrow\"]"}
RESULT: {}
RESULT: {"using":"xpath","value":"//*[@id=\"application-manageyards-display-component---NewYard--addressEditDetailsCurrency-arrow\"]"}
COMMAND: POST /session/b0ee303caf718db626ad6d5c1d399bab/element/f.E5342C77FF52C8F876B09F590AF6AC48.d.AB33535A1D19D2D167155ECF64B404AD.e.2835/click - {}
RESULT: {}
COMMAND: POST /session/b0ee303caf718db626ad6d5c1d399bab/execute/async - {"script":"<script> [1562 bytes]","args":[{"selector":{"controlType":"sap.m.StandardListItem","viewName":"etm.portal.ui.manageyards.view.New","viewId":"application-manageyards-display-component---NewYard","properties":{"title":"Euro"},"searchOpenDialogs":true,"interaction":{"idSuffix":"content"}},"wdio_ui5_key":"etmportal.ui.manageyards.view.Newsap.m.StandardListItem{\"title\":\"Euro\"}"}]}
COMMAND: GET /session/b0ee303caf718db626ad6d5c1d399bab/screenshot - {}
RESULT: {"script":"<script> [1562 bytes]","args":[{"selector":{"controlType":"sap.m.StandardListItem","viewName":"etm.portal.ui.manageyards.view.New","viewId":"application-manageyards-display-component---NewYard","properties":{"title":"Euro"},"searchOpenDialogs":true,"interaction":{"idSuffix":"content"}},"wdio_ui5_key":"etmportal.ui.manageyards.view.Newsap.m.StandardListItem{\"title\":\"Euro\"}"}]}
RESULT: undefined
COMMAND: POST /session/b0ee303caf718db626ad6d5c1d399bab/element - {"using":"xpath","value":"//*[@id=\"__item338\"]"}
RESULT: {}
RESULT: {"using":"xpath","value":"//*[@id=\"__item338\"]"}
COMMAND: POST /session/b0ee303caf718db626ad6d5c1d399bab/element/f.E5342C77FF52C8F876B09F590AF6AC48.d.AB33535A1D19D2D167155ECF64B404AD.e.2837/click - {}
RESULT: {}
COMMAND: POST /session/b0ee303caf718db626ad6d5c1d399bab/execute/async - {"script":"<script> [1562 bytes]","args":[{"selector":{"controlType":"sap.m.Input","viewName":"etm.portal.ui.manageyards.view.New","viewId":"application-manageyards-display-component---NewYard","bindingPath":{"path":"","propertyPath":"/CONTROLLING_AREA","modelName":"NewYardModel"},"interaction":{"idSuffix":"inner"}},"wdio_ui5_key":"etmportal.ui.manageyards.view.Newsap.m.Input{\"path\":\"\",\"propertyPath\":\"/CONTROLLING_AREA\",\"modelName\":\"NewYardModel\"}"}]}
COMMAND: GET /session/b0ee303caf718db626ad6d5c1d399bab/screenshot - {}
RESULT: {"script":"<script> [1562 bytes]","args":[{"selector":{"controlType":"sap.m.Input","viewName":"etm.portal.ui.manageyards.view.New","viewId":"application-manageyards-display-component---NewYard","bindingPath":{"path":"","propertyPath":"/CONTROLLING_AREA","modelName":"NewYardModel"},"interaction":{"idSuffix":"inner"}},"wdio_ui5_key":"etmportal.ui.manageyards.view.Newsap.m.Input{\"path\":\"\",\"propertyPath\":\"/CONTROLLING_AREA\",\"modelName\":\"NewYardModel\"}"}]}
RESULT: undefined
COMMAND: POST /session/b0ee303caf718db626ad6d5c1d399bab/execute/async - {"script":"<script> [776 bytes]","args":[{"enterText":"Z001","selector":{"controlType":"sap.m.Input","viewName":"etm.portal.ui.manageyards.view.New","viewId":"application-manageyards-display-component---NewYard","bindingPath":{"path":"","propertyPath":"/CONTROLLING_AREA","modelName":"NewYardModel"},"interaction":{"idSuffix":"inner"}},"clearTextFirst":true,"interactionType":"ENTER_TEXT"}]}
RESULT: {}
RESULT: {"script":"<script> [776 bytes]","args":[{"enterText":"Z001","selector":{"controlType":"sap.m.Input","viewName":"etm.portal.ui.manageyards.view.New","viewId":"application-manageyards-display-component---NewYard","bindingPath":{"path":"","propertyPath":"/CONTROLLING_AREA","modelName":"NewYardModel"},"interaction":{"idSuffix":"inner"}},"clearTextFirst":true,"interactionType":"ENTER_TEXT"}]}
COMMAND: POST /session/b0ee303caf718db626ad6d5c1d399bab/execute/async - {"script":"<script> [1562 bytes]","args":[{"selector":{"id":"application-manageyards-display-component---NewYard--companyCodeComboBox","interaction":{"idSuffix":"inner"}},"wdio_ui5_key":"applicationmanageyards-display-component---NewYard--companyCodeComboBox"}]}
RESULT: {"script":"<script> [1562 bytes]","args":[{"selector":{"id":"application-manageyards-display-component---NewYard--companyCodeComboBox","interaction":{"idSuffix":"inner"}},"wdio_ui5_key":"applicationmanageyards-display-component---NewYard--companyCodeComboBox"}]}
RESULT: undefined
COMMAND: POST /session/b0ee303caf718db626ad6d5c1d399bab/execute/async - {"script":"<script> [776 bytes]","args":[{"enterText":"1000","selector":{"id":"application-manageyards-display-component---NewYard--companyCodeComboBox","interaction":{"idSuffix":"inner"}},"clearTextFirst":true,"interactionType":"ENTER_TEXT"}]}
RESULT: {"script":"<script> [776 bytes]","args":[{"enterText":"1000","selector":{"id":"application-manageyards-display-component---NewYard--companyCodeComboBox","interaction":{"idSuffix":"inner"}},"clearTextFirst":true,"interactionType":"ENTER_TEXT"}]}
COMMAND: POST /session/b0ee303caf718db626ad6d5c1d399bab/execute/async - {"script":"<script> [1562 bytes]","args":[{"selector":{"controlType":"sap.m.Input","viewName":"etm.portal.ui.manageyards.view.New","viewId":"application-manageyards-display-component---NewYard","bindingPath":{"path":"","propertyPath":"/PLANT","modelName":"NewYardModel"},"interaction":{"idSuffix":"inner"}},"wdio_ui5_key":"etmportal.ui.manageyards.view.Newsap.m.Input{\"path\":\"\",\"propertyPath\":\"/PLANT\",\"modelName\":\"NewYardModel\"}"}]}
RESULT: {"script":"<script> [1562 bytes]","args":[{"selector":{"controlType":"sap.m.Input","viewName":"etm.portal.ui.manageyards.view.New","viewId":"application-manageyards-display-component---NewYard","bindingPath":{"path":"","propertyPath":"/PLANT","modelName":"NewYardModel"},"interaction":{"idSuffix":"inner"}},"wdio_ui5_key":"etmportal.ui.manageyards.view.Newsap.m.Input{\"path\":\"\",\"propertyPath\":\"/PLANT\",\"modelName\":\"NewYardModel\"}"}]}
RESULT: undefined
COMMAND: POST /session/b0ee303caf718db626ad6d5c1d399bab/execute/async - {"script":"<script> [776 bytes]","args":[{"enterText":"1001","selector":{"controlType":"sap.m.Input","viewName":"etm.portal.ui.manageyards.view.New","viewId":"application-manageyards-display-component---NewYard","bindingPath":{"path":"","propertyPath":"/PLANT","modelName":"NewYardModel"},"interaction":{"idSuffix":"inner"}},"clearTextFirst":true,"interactionType":"ENTER_TEXT"}]}
RESULT: {"script":"<script> [776 bytes]","args":[{"enterText":"1001","selector":{"controlType":"sap.m.Input","viewName":"etm.portal.ui.manageyards.view.New","viewId":"application-manageyards-display-component---NewYard","bindingPath":{"path":"","propertyPath":"/PLANT","modelName":"NewYardModel"},"interaction":{"idSuffix":"inner"}},"clearTextFirst":true,"interactionType":"ENTER_TEXT"}]}
COMMAND: POST /session/b0ee303caf718db626ad6d5c1d399bab/execute/async - {"script":"<script> [1562 bytes]","args":[{"selector":{"controlType":"sap.m.Input","viewName":"etm.portal.ui.manageyards.view.New","viewId":"application-manageyards-display-component---NewYard","bindingPath":{"path":"","propertyPath":"/SALES_AREA_VKORG","modelName":"NewYardModel"},"interaction":{"idSuffix":"inner"}},"wdio_ui5_key":"etmportal.ui.manageyards.view.Newsap.m.Input{\"path\":\"\",\"propertyPath\":\"/SALES_AREA_VKORG\",\"modelName\":\"NewYardModel\"}"}]}
RESULT: {"script":"<script> [1562 bytes]","args":[{"selector":{"controlType":"sap.m.Input","viewName":"etm.portal.ui.manageyards.view.New","viewId":"application-manageyards-display-component---NewYard","bindingPath":{"path":"","propertyPath":"/SALES_AREA_VKORG","modelName":"NewYardModel"},"interaction":{"idSuffix":"inner"}},"wdio_ui5_key":"etmportal.ui.manageyards.view.Newsap.m.Input{\"path\":\"\",\"propertyPath\":\"/SALES_AREA_VKORG\",\"modelName\":\"NewYardModel\"}"}]}
RESULT: undefined
COMMAND: POST /session/b0ee303caf718db626ad6d5c1d399bab/execute/async - {"script":"<script> [776 bytes]","args":[{"enterText":"C002","selector":{"controlType":"sap.m.Input","viewName":"etm.portal.ui.manageyards.view.New","viewId":"application-manageyards-display-component---NewYard","bindingPath":{"path":"","propertyPath":"/SALES_AREA_VKORG","modelName":"NewYardModel"},"interaction":{"idSuffix":"inner"}},"clearTextFirst":true,"interactionType":"ENTER_TEXT"}]}
RESULT: {"script":"<script> [776 bytes]","args":[{"enterText":"C002","selector":{"controlType":"sap.m.Input","viewName":"etm.portal.ui.manageyards.view.New","viewId":"application-manageyards-display-component---NewYard","bindingPath":{"path":"","propertyPath":"/SALES_AREA_VKORG","modelName":"NewYardModel"},"interaction":{"idSuffix":"inner"}},"clearTextFirst":true,"interactionType":"ENTER_TEXT"}]}
COMMAND: POST /session/b0ee303caf718db626ad6d5c1d399bab/execute/async - {"script":"<script> [1562 bytes]","args":[{"selector":{"controlType":"sap.m.Input","viewName":"etm.portal.ui.manageyards.view.New","viewId":"application-manageyards-display-component---NewYard","bindingPath":{"path":"","propertyPath":"/SALES_AREA_VTWEG","modelName":"NewYardModel"},"interaction":{"idSuffix":"inner"}},"wdio_ui5_key":"etmportal.ui.manageyards.view.Newsap.m.Input{\"path\":\"\",\"propertyPath\":\"/SALES_AREA_VTWEG\",\"modelName\":\"NewYardModel\"}"}]}
RESULT: {"script":"<script> [1562 bytes]","args":[{"selector":{"controlType":"sap.m.Input","viewName":"etm.portal.ui.manageyards.view.New","viewId":"application-manageyards-display-component---NewYard","bindingPath":{"path":"","propertyPath":"/SALES_AREA_VTWEG","modelName":"NewYardModel"},"interaction":{"idSuffix":"inner"}},"wdio_ui5_key":"etmportal.ui.manageyards.view.Newsap.m.Input{\"path\":\"\",\"propertyPath\":\"/SALES_AREA_VTWEG\",\"modelName\":\"NewYardModel\"}"}]}
RESULT: undefined
COMMAND: POST /session/b0ee303caf718db626ad6d5c1d399bab/execute/async - {"script":"<script> [776 bytes]","args":[{"enterText":"C2","selector":{"controlType":"sap.m.Input","viewName":"etm.portal.ui.manageyards.view.New","viewId":"application-manageyards-display-component---NewYard","bindingPath":{"path":"","propertyPath":"/SALES_AREA_VTWEG","modelName":"NewYardModel"},"interaction":{"idSuffix":"inner"}},"clearTextFirst":true,"interactionType":"ENTER_TEXT"}]}
RESULT: {"script":"<script> [776 bytes]","args":[{"enterText":"C2","selector":{"controlType":"sap.m.Input","viewName":"etm.portal.ui.manageyards.view.New","viewId":"application-manageyards-display-component---NewYard","bindingPath":{"path":"","propertyPath":"/SALES_AREA_VTWEG","modelName":"NewYardModel"},"interaction":{"idSuffix":"inner"}},"clearTextFirst":true,"interactionType":"ENTER_TEXT"}]}
COMMAND: POST /session/b0ee303caf718db626ad6d5c1d399bab/execute/async - {"script":"<script> [1562 bytes]","args":[{"selector":{"controlType":"sap.m.Input","viewName":"etm.portal.ui.manageyards.view.New","viewId":"application-manageyards-display-component---NewYard","bindingPath":{"path":"","propertyPath":"/SALES_AREA_SPART","modelName":"NewYardModel"},"interaction":{"idSuffix":"inner"}},"wdio_ui5_key":"etmportal.ui.manageyards.view.Newsap.m.Input{\"path\":\"\",\"propertyPath\":\"/SALES_AREA_SPART\",\"modelName\":\"NewYardModel\"}"}]}
RESULT: {"script":"<script> [1562 bytes]","args":[{"selector":{"controlType":"sap.m.Input","viewName":"etm.portal.ui.manageyards.view.New","viewId":"application-manageyards-display-component---NewYard","bindingPath":{"path":"","propertyPath":"/SALES_AREA_SPART","modelName":"NewYardModel"},"interaction":{"idSuffix":"inner"}},"wdio_ui5_key":"etmportal.ui.manageyards.view.Newsap.m.Input{\"path\":\"\",\"propertyPath\":\"/SALES_AREA_SPART\",\"modelName\":\"NewYardModel\"}"}]}
RESULT: undefined
COMMAND: POST /session/b0ee303caf718db626ad6d5c1d399bab/execute/async - {"script":"<script> [776 bytes]","args":[{"enterText":"C2","selector":{"controlType":"sap.m.Input","viewName":"etm.portal.ui.manageyards.view.New","viewId":"application-manageyards-display-component---NewYard","bindingPath":{"path":"","propertyPath":"/SALES_AREA_SPART","modelName":"NewYardModel"},"interaction":{"idSuffix":"inner"}},"clearTextFirst":true,"interactionType":"ENTER_TEXT"}]}
RESULT: {"script":"<script> [776 bytes]","args":[{"enterText":"C2","selector":{"controlType":"sap.m.Input","viewName":"etm.portal.ui.manageyards.view.New","viewId":"application-manageyards-display-component---NewYard","bindingPath":{"path":"","propertyPath":"/SALES_AREA_SPART","modelName":"NewYardModel"},"interaction":{"idSuffix":"inner"}},"clearTextFirst":true,"interactionType":"ENTER_TEXT"}]}
COMMAND: POST /session/b0ee303caf718db626ad6d5c1d399bab/execute/async - {"script":"<script> [1562 bytes]","args":[{"selector":{"controlType":"sap.m.Input","viewName":"etm.portal.ui.manageyards.view.New","viewId":"application-manageyards-display-component---NewYard","bindingPath":{"path":"","propertyPath":"/SHIP_POINT","modelName":"NewYardModel"},"interaction":{"idSuffix":"inner"}},"wdio_ui5_key":"etmportal.ui.manageyards.view.Newsap.m.Input{\"path\":\"\",\"propertyPath\":\"/SHIP_POINT\",\"modelName\":\"NewYardModel\"}"}]}
RESULT: {"script":"<script> [1562 bytes]","args":[{"selector":{"controlType":"sap.m.Input","viewName":"etm.portal.ui.manageyards.view.New","viewId":"application-manageyards-display-component---NewYard","bindingPath":{"path":"","propertyPath":"/SHIP_POINT","modelName":"NewYardModel"},"interaction":{"idSuffix":"inner"}},"wdio_ui5_key":"etmportal.ui.manageyards.view.Newsap.m.Input{\"path\":\"\",\"propertyPath\":\"/SHIP_POINT\",\"modelName\":\"NewYardModel\"}"}]}
RESULT: undefined
COMMAND: POST /session/b0ee303caf718db626ad6d5c1d399bab/execute/async - {"script":"<script> [776 bytes]","args":[{"enterText":"1710","selector":{"controlType":"sap.m.Input","viewName":"etm.portal.ui.manageyards.view.New","viewId":"application-manageyards-display-component---NewYard","bindingPath":{"path":"","propertyPath":"/SHIP_POINT","modelName":"NewYardModel"},"interaction":{"idSuffix":"inner"}},"clearTextFirst":true,"interactionType":"ENTER_TEXT"}]}
RESULT: {"script":"<script> [776 bytes]","args":[{"enterText":"1710","selector":{"controlType":"sap.m.Input","viewName":"etm.portal.ui.manageyards.view.New","viewId":"application-manageyards-display-component---NewYard","bindingPath":{"path":"","propertyPath":"/SHIP_POINT","modelName":"NewYardModel"},"interaction":{"idSuffix":"inner"}},"clearTextFirst":true,"interactionType":"ENTER_TEXT"}]}
COMMAND: POST /session/b0ee303caf718db626ad6d5c1d399bab/execute/async - {"script":"<script> [1562 bytes]","args":[{"selector":{"controlType":"sap.m.Input","viewName":"etm.portal.ui.manageyards.view.New","viewId":"application-manageyards-display-component---NewYard","bindingPath":{"path":"","propertyPath":"/DELIVERY_TYPE","modelName":"NewYardModel"},"interaction":{"idSuffix":"inner"}},"wdio_ui5_key":"etmportal.ui.manageyards.view.Newsap.m.Input{\"path\":\"\",\"propertyPath\":\"/DELIVERY_TYPE\",\"modelName\":\"NewYardModel\"}"}]}
RESULT: {"script":"<script> [1562 bytes]","args":[{"selector":{"controlType":"sap.m.Input","viewName":"etm.portal.ui.manageyards.view.New","viewId":"application-manageyards-display-component---NewYard","bindingPath":{"path":"","propertyPath":"/DELIVERY_TYPE","modelName":"NewYardModel"},"interaction":{"idSuffix":"inner"}},"wdio_ui5_key":"etmportal.ui.manageyards.view.Newsap.m.Input{\"path\":\"\",\"propertyPath\":\"/DELIVERY_TYPE\",\"modelName\":\"NewYardModel\"}"}]}
RESULT: undefined
COMMAND: POST /session/b0ee303caf718db626ad6d5c1d399bab/execute/async - {"script":"<script> [776 bytes]","args":[{"enterText":"ZL01","selector":{"controlType":"sap.m.Input","viewName":"etm.portal.ui.manageyards.view.New","viewId":"application-manageyards-display-component---NewYard","bindingPath":{"path":"","propertyPath":"/DELIVERY_TYPE","modelName":"NewYardModel"},"interaction":{"idSuffix":"inner"}},"clearTextFirst":true,"interactionType":"ENTER_TEXT"}]}
RESULT: {"script":"<script> [776 bytes]","args":[{"enterText":"ZL01","selector":{"controlType":"sap.m.Input","viewName":"etm.portal.ui.manageyards.view.New","viewId":"application-manageyards-display-component---NewYard","bindingPath":{"path":"","propertyPath":"/DELIVERY_TYPE","modelName":"NewYardModel"},"interaction":{"idSuffix":"inner"}},"clearTextFirst":true,"interactionType":"ENTER_TEXT"}]}
COMMAND: POST /session/b0ee303caf718db626ad6d5c1d399bab/execute/async - {"script":"<script> [1562 bytes]","args":[{"selector":{"controlType":"sap.m.Input","viewName":"etm.portal.ui.manageyards.view.New","viewId":"application-manageyards-display-component---NewYard","bindingPath":{"path":"","propertyPath":"/AUART","modelName":"NewYardModel"},"interaction":{"idSuffix":"inner"}},"wdio_ui5_key":"etmportal.ui.manageyards.view.Newsap.m.Input{\"path\":\"\",\"propertyPath\":\"/AUART\",\"modelName\":\"NewYardModel\"}"}]}
RESULT: {"script":"<script> [1562 bytes]","args":[{"selector":{"controlType":"sap.m.Input","viewName":"etm.portal.ui.manageyards.view.New","viewId":"application-manageyards-display-component---NewYard","bindingPath":{"path":"","propertyPath":"/AUART","modelName":"NewYardModel"},"interaction":{"idSuffix":"inner"}},"wdio_ui5_key":"etmportal.ui.manageyards.view.Newsap.m.Input{\"path\":\"\",\"propertyPath\":\"/AUART\",\"modelName\":\"NewYardModel\"}"}]}
RESULT: undefined
COMMAND: POST /session/b0ee303caf718db626ad6d5c1d399bab/execute/async - {"script":"<script> [776 bytes]","args":[{"enterText":"TA","selector":{"controlType":"sap.m.Input","viewName":"etm.portal.ui.manageyards.view.New","viewId":"application-manageyards-display-component---NewYard","bindingPath":{"path":"","propertyPath":"/AUART","modelName":"NewYardModel"},"interaction":{"idSuffix":"inner"}},"clearTextFirst":true,"interactionType":"ENTER_TEXT"}]}
RESULT: {"script":"<script> [776 bytes]","args":[{"enterText":"TA","selector":{"controlType":"sap.m.Input","viewName":"etm.portal.ui.manageyards.view.New","viewId":"application-manageyards-display-component---NewYard","bindingPath":{"path":"","propertyPath":"/AUART","modelName":"NewYardModel"},"interaction":{"idSuffix":"inner"}},"clearTextFirst":true,"interactionType":"ENTER_TEXT"}]}
COMMAND: POST /session/b0ee303caf718db626ad6d5c1d399bab/execute/async - {"script":"<script> [1562 bytes]","args":[{"selector":{"id":"application-manageyards-display-component---NewYard--whmCheckBox","interaction":{"idSuffix":"CbBg"}},"wdio_ui5_key":"applicationmanageyards-display-component---NewYard--whmCheckBox"}]}
RESULT: {"script":"<script> [1562 bytes]","args":[{"selector":{"id":"application-manageyards-display-component---NewYard--whmCheckBox","interaction":{"idSuffix":"CbBg"}},"wdio_ui5_key":"applicationmanageyards-display-component---NewYard--whmCheckBox"}]}
RESULT: undefined
COMMAND: POST /session/b0ee303caf718db626ad6d5c1d399bab/element - {"using":"xpath","value":"//*[@id=\"application-manageyards-display-component---NewYard--whmCheckBox\"]"}
RESULT: {"using":"xpath","value":"//*[@id=\"application-manageyards-display-component---NewYard--whmCheckBox\"]"}
COMMAND: POST /session/b0ee303caf718db626ad6d5c1d399bab/element/f.E5342C77FF52C8F876B09F590AF6AC48.d.AB33535A1D19D2D167155ECF64B404AD.e.2848/click - {}
RESULT: {}
COMMAND: POST /session/b0ee303caf718db626ad6d5c1d399bab/execute/async - {"script":"<script> [1562 bytes]","args":[{"selector":{"controlType":"sap.m.Button","viewName":"etm.portal.ui.manageyards.view.New","viewId":"application-manageyards-display-component---NewYard","i18NText":{"propertyName":"text","key":"save"},"interaction":{"idSuffix":"BDI-content"}},"wdio_ui5_key":"etmportal.ui.manageyards.view.Newsap.m.Button{\"propertyName\":\"text\",\"key\":\"save\"}"}]}
COMMAND: GET /session/b0ee303caf718db626ad6d5c1d399bab/screenshot - {}
RESULT: {"script":"<script> [1562 bytes]","args":[{"selector":{"controlType":"sap.m.Button","viewName":"etm.portal.ui.manageyards.view.New","viewId":"application-manageyards-display-component---NewYard","i18NText":{"propertyName":"text","key":"save"},"interaction":{"idSuffix":"BDI-content"}},"wdio_ui5_key":"etmportal.ui.manageyards.view.Newsap.m.Button{\"propertyName\":\"text\",\"key\":\"save\"}"}]}
RESULT: undefined
COMMAND: POST /session/b0ee303caf718db626ad6d5c1d399bab/element - {"using":"xpath","value":"//*[@id=\"__button18\"]"}
RESULT: {}
RESULT: {"using":"xpath","value":"//*[@id=\"__button18\"]"}
COMMAND: POST /session/b0ee303caf718db626ad6d5c1d399bab/element/f.E5342C77FF52C8F876B09F590AF6AC48.d.AB33535A1D19D2D167155ECF64B404AD.e.2786/click - {}
RESULT: {}
COMMAND: GET /session/b0ee303caf718db626ad6d5c1d399bab/screenshot - {}
RESULT: {}
COMMAND: POST /session/b0ee303caf718db626ad6d5c1d399bab/execute/async - {"script":"<script> [1562 bytes]","args":[{"selector":{"controlType":"sap.m.Text","viewName":"etm.portal.ui.manageyards.view.Detail","viewId":"application-manageyards-display-component---detailYard","bindingPath":{"propertyPath":"ID","modelName":"catalogModel"}},"wdio_ui5_key":"etmportal.ui.manageyards.view.Detailsap.m.Text{\"propertyPath\":\"ID\",\"modelName\":\"catalogModel\"}"}]}
RESULT: {"script":"<script> [1562 bytes]","args":[{"selector":{"controlType":"sap.m.Text","viewName":"etm.portal.ui.manageyards.view.Detail","viewId":"application-manageyards-display-component---detailYard","bindingPath":{"propertyPath":"ID","modelName":"catalogModel"}},"wdio_ui5_key":"etmportal.ui.manageyards.view.Detailsap.m.Text{\"propertyPath\":\"ID\",\"modelName\":\"catalogModel\"}"}]}
RESULT: undefined
COMMAND: POST /session/b0ee303caf718db626ad6d5c1d399bab/execute/async - {"script":"<script> [6424 bytes]","args":[{"element-6066-11e4-a52e-4f735466cecf":"f.E5342C77FF52C8F876B09F590AF6AC48.d.AB33535A1D19D2D167155ECF64B404AD.e.3038"},"getText",[]]}
RESULT: {"script":"<script> [6424 bytes]","args":[{"element-6066-11e4-a52e-4f735466cecf":"f.E5342C77FF52C8F876B09F590AF6AC48.d.AB33535A1D19D2D167155ECF64B404AD.e.3038"},"getText",[]]}
COMMAND: POST /session/b0ee303caf718db626ad6d5c1d399bab/element - {"using":"css selector","value":"#shell-header-logo"}
RESULT: {"using":"css selector","value":"#shell-header-logo"}
COMMAND: POST /session/b0ee303caf718db626ad6d5c1d399bab/element/f.E5342C77FF52C8F876B09F590AF6AC48.d.AB33535A1D19D2D167155ECF64B404AD.e.2231/click - {}
RESULT: {}
COMMAND: GET /session/b0ee303caf718db626ad6d5c1d399bab/screenshot - {}
RESULT: {}
]]></system-out>
    </testcase>
    <testcase classname="chrome.135_0_7049_96.windows.Provide_to_Site_w/_warehouse_management_w/_clarification_US115878" name="Should create WHM site" time="47.434">
      <system-out><![CDATA[
COMMAND: POST /session/b0ee303caf718db626ad6d5c1d399bab/execute/async - {"script":"<script> [1562 bytes]","args":[{"selector":{"controlType":"sap.m.GenericTile","properties":{"header":"Manage Sites"}},"wdio_ui5_key":"sapm.GenericTile{\"header\":\"Manage Sites\"}"}]}
RESULT: {"script":"<script> [1562 bytes]","args":[{"selector":{"controlType":"sap.m.GenericTile","properties":{"header":"Manage Sites"}},"wdio_ui5_key":"sapm.GenericTile{\"header\":\"Manage Sites\"}"}]}
RESULT: undefined
COMMAND: POST /session/b0ee303caf718db626ad6d5c1d399bab/element - {"using":"xpath","value":"//*[@id=\"__tile32\"]"}
RESULT: {"using":"xpath","value":"//*[@id=\"__tile32\"]"}
COMMAND: POST /session/b0ee303caf718db626ad6d5c1d399bab/element/f.E5342C77FF52C8F876B09F590AF6AC48.d.AB33535A1D19D2D167155ECF64B404AD.e.2256/click - {}
RESULT: {}
COMMAND: GET /session/b0ee303caf718db626ad6d5c1d399bab/screenshot - {}
COMMAND: POST /session/b0ee303caf718db626ad6d5c1d399bab/execute/async - {"script":"<script> [1562 bytes]","args":[{"selector":{"controlType":"sap.ui.core.Icon","viewName":"etm.portal.ui.managesites.view.Master","viewId":"application-managesites-display-component---masterSite","properties":{"src":{"regex":{"source":"add"}}}},"wdio_ui5_key":"etmportal.ui.managesites.view.Mastersap.ui.core.Icon{\"src\":{\"regex\":{\"source\":\"add\"}}}"}]}
RESULT: {}
RESULT: {"script":"<script> [1562 bytes]","args":[{"selector":{"controlType":"sap.ui.core.Icon","viewName":"etm.portal.ui.managesites.view.Master","viewId":"application-managesites-display-component---masterSite","properties":{"src":{"regex":{"source":"add"}}}},"wdio_ui5_key":"etmportal.ui.managesites.view.Mastersap.ui.core.Icon{\"src\":{\"regex\":{\"source\":\"add\"}}}"}]}
RESULT: undefined
COMMAND: POST /session/b0ee303caf718db626ad6d5c1d399bab/element - {"using":"xpath","value":"//*[@id=\"__button64-img\"]"}
RESULT: {"using":"xpath","value":"//*[@id=\"__button64-img\"]"}
COMMAND: POST /session/b0ee303caf718db626ad6d5c1d399bab/element/f.E5342C77FF52C8F876B09F590AF6AC48.d.AB33535A1D19D2D167155ECF64B404AD.e.3087/click - {}
RESULT: {}
COMMAND: GET /session/b0ee303caf718db626ad6d5c1d399bab/screenshot - {}
COMMAND: POST /session/b0ee303caf718db626ad6d5c1d399bab/execute/async - {"script":"<script> [1562 bytes]","args":[{"selector":{"controlType":"sap.m.Button","viewName":"etm.portal.ui.managesites.view.NewSmartSite","viewId":"application-managesites-display-component---NewSite","properties":{"text":"General Information"},"interaction":{"idSuffix":"BDI-content"}},"wdio_ui5_key":"etmportal.ui.managesites.view.NewSmartSitesap.m.Button{\"text\":\"General Information\"}"}]}
RESULT: {}
RESULT: {"script":"<script> [1562 bytes]","args":[{"selector":{"controlType":"sap.m.Button","viewName":"etm.portal.ui.managesites.view.NewSmartSite","viewId":"application-managesites-display-component---NewSite","properties":{"text":"General Information"},"interaction":{"idSuffix":"BDI-content"}},"wdio_ui5_key":"etmportal.ui.managesites.view.NewSmartSitesap.m.Button{\"text\":\"General Information\"}"}]}
RESULT: undefined
COMMAND: POST /session/b0ee303caf718db626ad6d5c1d399bab/element - {"using":"xpath","value":"//*[@id=\"application-managesites-display-component---NewSite--ObjectPageLayout-anchBar-__section31-anchor\"]"}
RESULT: {"using":"xpath","value":"//*[@id=\"application-managesites-display-component---NewSite--ObjectPageLayout-anchBar-__section31-anchor\"]"}
COMMAND: POST /session/b0ee303caf718db626ad6d5c1d399bab/element/f.E5342C77FF52C8F876B09F590AF6AC48.d.AB33535A1D19D2D167155ECF64B404AD.e.3650/click - {}
RESULT: {}
COMMAND: POST /session/b0ee303caf718db626ad6d5c1d399bab/execute/async - {"script":"<script> [1562 bytes]","args":[{"selector":{"id":"application-managesites-display-component---NewSite--addressDetailDetailsName1","interaction":{"idSuffix":"inner"}},"wdio_ui5_key":"applicationmanagesites-display-component---NewSite--addressDetailDetailsName1"}]}
COMMAND: GET /session/b0ee303caf718db626ad6d5c1d399bab/screenshot - {}
RESULT: {"script":"<script> [1562 bytes]","args":[{"selector":{"id":"application-managesites-display-component---NewSite--addressDetailDetailsName1","interaction":{"idSuffix":"inner"}},"wdio_ui5_key":"applicationmanagesites-display-component---NewSite--addressDetailDetailsName1"}]}
RESULT: undefined
COMMAND: POST /session/b0ee303caf718db626ad6d5c1d399bab/execute/async - {"script":"<script> [776 bytes]","args":[{"enterText":"WDI5 WHM Site","selector":{"id":"application-managesites-display-component---NewSite--addressDetailDetailsName1","interaction":{"idSuffix":"inner"}},"clearTextFirst":true,"interactionType":"ENTER_TEXT"}]}
RESULT: {}
RESULT: {"script":"<script> [776 bytes]","args":[{"enterText":"WDI5 WHM Site","selector":{"id":"application-managesites-display-component---NewSite--addressDetailDetailsName1","interaction":{"idSuffix":"inner"}},"clearTextFirst":true,"interactionType":"ENTER_TEXT"}]}
COMMAND: POST /session/b0ee303caf718db626ad6d5c1d399bab/execute/async - {"script":"<script> [1562 bytes]","args":[{"selector":{"id":"application-managesites-display-component---NewSite--addressDetailDetailsLanguage","interaction":{"idSuffix":"inner"}},"wdio_ui5_key":"applicationmanagesites-display-component---NewSite--addressDetailDetailsLanguage"}]}
RESULT: {"script":"<script> [1562 bytes]","args":[{"selector":{"id":"application-managesites-display-component---NewSite--addressDetailDetailsLanguage","interaction":{"idSuffix":"inner"}},"wdio_ui5_key":"applicationmanagesites-display-component---NewSite--addressDetailDetailsLanguage"}]}
RESULT: undefined
COMMAND: POST /session/b0ee303caf718db626ad6d5c1d399bab/execute/async - {"script":"<script> [776 bytes]","args":[{"enterText":"Romanian","selector":{"id":"application-managesites-display-component---NewSite--addressDetailDetailsLanguage","interaction":{"idSuffix":"inner"}},"clearTextFirst":true,"interactionType":"ENTER_TEXT"}]}
RESULT: {"script":"<script> [776 bytes]","args":[{"enterText":"Romanian","selector":{"id":"application-managesites-display-component---NewSite--addressDetailDetailsLanguage","interaction":{"idSuffix":"inner"}},"clearTextFirst":true,"interactionType":"ENTER_TEXT"}]}
COMMAND: POST /session/b0ee303caf718db626ad6d5c1d399bab/execute/async - {"script":"<script> [1562 bytes]","args":[{"selector":{"id":"application-managesites-display-component---NewSite--addressDetailDetailsCity1","interaction":{"idSuffix":"inner"}},"wdio_ui5_key":"applicationmanagesites-display-component---NewSite--addressDetailDetailsCity1"}]}
RESULT: {"script":"<script> [1562 bytes]","args":[{"selector":{"id":"application-managesites-display-component---NewSite--addressDetailDetailsCity1","interaction":{"idSuffix":"inner"}},"wdio_ui5_key":"applicationmanagesites-display-component---NewSite--addressDetailDetailsCity1"}]}
RESULT: undefined
COMMAND: POST /session/b0ee303caf718db626ad6d5c1d399bab/execute/async - {"script":"<script> [776 bytes]","args":[{"enterText":"Bucharest","selector":{"id":"application-managesites-display-component---NewSite--addressDetailDetailsCity1","interaction":{"idSuffix":"inner"}},"clearTextFirst":true,"interactionType":"ENTER_TEXT"}]}
RESULT: {"script":"<script> [776 bytes]","args":[{"enterText":"Bucharest","selector":{"id":"application-managesites-display-component---NewSite--addressDetailDetailsCity1","interaction":{"idSuffix":"inner"}},"clearTextFirst":true,"interactionType":"ENTER_TEXT"}]}
COMMAND: POST /session/b0ee303caf718db626ad6d5c1d399bab/execute/async - {"script":"<script> [1562 bytes]","args":[{"selector":{"id":"application-managesites-display-component---NewSite--addressDetailDetailsCountry","interaction":{"idSuffix":"inner"}},"wdio_ui5_key":"applicationmanagesites-display-component---NewSite--addressDetailDetailsCountry"}]}
RESULT: {"script":"<script> [1562 bytes]","args":[{"selector":{"id":"application-managesites-display-component---NewSite--addressDetailDetailsCountry","interaction":{"idSuffix":"inner"}},"wdio_ui5_key":"applicationmanagesites-display-component---NewSite--addressDetailDetailsCountry"}]}
RESULT: undefined
COMMAND: POST /session/b0ee303caf718db626ad6d5c1d399bab/execute/async - {"script":"<script> [6424 bytes]","args":[{"element-6066-11e4-a52e-4f735466cecf":"f.E5342C77FF52C8F876B09F590AF6AC48.d.AB33535A1D19D2D167155ECF64B404AD.e.3448"},"setValue",["Romania"]]}
RESULT: {"script":"<script> [6424 bytes]","args":[{"element-6066-11e4-a52e-4f735466cecf":"f.E5342C77FF52C8F876B09F590AF6AC48.d.AB33535A1D19D2D167155ECF64B404AD.e.3448"},"setValue",["Romania"]]}
COMMAND: POST /session/b0ee303caf718db626ad6d5c1d399bab/execute/async - {"script":"<script> [1562 bytes]","args":[{"selector":{"id":"application-managesites-display-component---NewSite--addressDetailDetailsCalendar","interaction":{"idSuffix":"inner"}},"wdio_ui5_key":"applicationmanagesites-display-component---NewSite--addressDetailDetailsCalendar"}]}
RESULT: {"script":"<script> [1562 bytes]","args":[{"selector":{"id":"application-managesites-display-component---NewSite--addressDetailDetailsCalendar","interaction":{"idSuffix":"inner"}},"wdio_ui5_key":"applicationmanagesites-display-component---NewSite--addressDetailDetailsCalendar"}]}
RESULT: undefined
COMMAND: POST /session/b0ee303caf718db626ad6d5c1d399bab/execute/async - {"script":"<script> [776 bytes]","args":[{"enterText":"8 - Germany (Standard)","selector":{"id":"application-managesites-display-component---NewSite--addressDetailDetailsCalendar","interaction":{"idSuffix":"inner"}},"clearTextFirst":true,"interactionType":"ENTER_TEXT"}]}
RESULT: {"script":"<script> [776 bytes]","args":[{"enterText":"8 - Germany (Standard)","selector":{"id":"application-managesites-display-component---NewSite--addressDetailDetailsCalendar","interaction":{"idSuffix":"inner"}},"clearTextFirst":true,"interactionType":"ENTER_TEXT"}]}
COMMAND: POST /session/b0ee303caf718db626ad6d5c1d399bab/element - {"using":"xpath","value":"//input[@id=\"application-managesites-display-component---NewSite--addressDetailDetailsYard-inner\"]"}
RESULT: {"using":"xpath","value":"//input[@id=\"application-managesites-display-component---NewSite--addressDetailDetailsYard-inner\"]"}
COMMAND: POST /session/b0ee303caf718db626ad6d5c1d399bab/element/f.E5342C77FF52C8F876B09F590AF6AC48.d.AB33535A1D19D2D167155ECF64B404AD.e.3459/clear - {}
RESULT: {}
COMMAND: POST /session/b0ee303caf718db626ad6d5c1d399bab/element/f.E5342C77FF52C8F876B09F590AF6AC48.d.AB33535A1D19D2D167155ECF64B404AD.e.3459/value - {"text":"307"}
COMMAND: GET /session/b0ee303caf718db626ad6d5c1d399bab/screenshot - {}
RESULT: {"text":"307"}
COMMAND: GET /session/b0ee303caf718db626ad6d5c1d399bab/screenshot - {}
RESULT: {}
RESULT: {}
COMMAND: POST /session/b0ee303caf718db626ad6d5c1d399bab/execute/async - {"script":"<script> [1562 bytes]","args":[{"selector":{"controlType":"sap.m.Button","viewName":"etm.portal.ui.managesites.view.NewSmartSite","viewId":"application-managesites-display-component---NewSite","properties":{"text":"Commercial"},"interaction":{"idSuffix":"BDI-content"}},"wdio_ui5_key":"etmportal.ui.managesites.view.NewSmartSitesap.m.Button{\"text\":\"Commercial\"}"}]}
RESULT: {"script":"<script> [1562 bytes]","args":[{"selector":{"controlType":"sap.m.Button","viewName":"etm.portal.ui.managesites.view.NewSmartSite","viewId":"application-managesites-display-component---NewSite","properties":{"text":"Commercial"},"interaction":{"idSuffix":"BDI-content"}},"wdio_ui5_key":"etmportal.ui.managesites.view.NewSmartSitesap.m.Button{\"text\":\"Commercial\"}"}]}
RESULT: undefined
COMMAND: POST /session/b0ee303caf718db626ad6d5c1d399bab/element - {"using":"xpath","value":"//*[@id=\"application-managesites-display-component---NewSite--ObjectPageLayout-anchBar-__section33-anchor\"]"}
RESULT: {"using":"xpath","value":"//*[@id=\"application-managesites-display-component---NewSite--ObjectPageLayout-anchBar-__section33-anchor\"]"}
COMMAND: POST /session/b0ee303caf718db626ad6d5c1d399bab/element/f.E5342C77FF52C8F876B09F590AF6AC48.d.AB33535A1D19D2D167155ECF64B404AD.e.3659/click - {}
RESULT: {}
COMMAND: POST /session/b0ee303caf718db626ad6d5c1d399bab/execute/async - {"script":"<script> [1562 bytes]","args":[{"selector":{"id":"application-managesites-display-component---NewSite--siteWhmCheckBox-label","interaction":{"idSuffix":"bdi"}},"wdio_ui5_key":"applicationmanagesites-display-component---NewSite--siteWhmCheckBox-label"}]}
COMMAND: GET /session/b0ee303caf718db626ad6d5c1d399bab/screenshot - {}
RESULT: {"script":"<script> [1562 bytes]","args":[{"selector":{"id":"application-managesites-display-component---NewSite--siteWhmCheckBox-label","interaction":{"idSuffix":"bdi"}},"wdio_ui5_key":"applicationmanagesites-display-component---NewSite--siteWhmCheckBox-label"}]}
RESULT: undefined
COMMAND: POST /session/b0ee303caf718db626ad6d5c1d399bab/element - {"using":"xpath","value":"//*[@id=\"application-managesites-display-component---NewSite--siteWhmCheckBox-label\"]"}
RESULT: {}
RESULT: {"using":"xpath","value":"//*[@id=\"application-managesites-display-component---NewSite--siteWhmCheckBox-label\"]"}
COMMAND: POST /session/b0ee303caf718db626ad6d5c1d399bab/element/f.E5342C77FF52C8F876B09F590AF6AC48.d.AB33535A1D19D2D167155ECF64B404AD.e.3668/click - {}
RESULT: {}
COMMAND: POST /session/b0ee303caf718db626ad6d5c1d399bab/execute/async - {"script":"<script> [1562 bytes]","args":[{"selector":{"controlType":"sap.m.Button","viewName":"etm.portal.ui.managesites.view.NewSmartSite","viewId":"application-managesites-display-component---NewSite","i18NText":{"propertyName":"text","key":"save"},"interaction":{"idSuffix":"BDI-content"}},"wdio_ui5_key":"etmportal.ui.managesites.view.NewSmartSitesap.m.Button{\"propertyName\":\"text\",\"key\":\"save\"}"}]}
COMMAND: GET /session/b0ee303caf718db626ad6d5c1d399bab/screenshot - {}
RESULT: {"script":"<script> [1562 bytes]","args":[{"selector":{"controlType":"sap.m.Button","viewName":"etm.portal.ui.managesites.view.NewSmartSite","viewId":"application-managesites-display-component---NewSite","i18NText":{"propertyName":"text","key":"save"},"interaction":{"idSuffix":"BDI-content"}},"wdio_ui5_key":"etmportal.ui.managesites.view.NewSmartSitesap.m.Button{\"propertyName\":\"text\",\"key\":\"save\"}"}]}
RESULT: undefined
COMMAND: POST /session/b0ee303caf718db626ad6d5c1d399bab/element - {"using":"xpath","value":"//*[@id=\"__button76\"]"}
RESULT: {}
RESULT: {"using":"xpath","value":"//*[@id=\"__button76\"]"}
COMMAND: POST /session/b0ee303caf718db626ad6d5c1d399bab/element/f.E5342C77FF52C8F876B09F590AF6AC48.d.AB33535A1D19D2D167155ECF64B404AD.e.3632/click - {}
RESULT: {}
COMMAND: GET /session/b0ee303caf718db626ad6d5c1d399bab/screenshot - {}
RESULT: {}
COMMAND: POST /session/b0ee303caf718db626ad6d5c1d399bab/execute/async - {"script":"<script> [1562 bytes]","args":[{"selector":{"controlType":"sap.m.Text","viewName":"etm.portal.ui.managesites.view.Detail","viewId":"application-managesites-display-component---detailSite","bindingPath":{"propertyPath":"ID","modelName":"catalogModel"}},"wdio_ui5_key":"etmportal.ui.managesites.view.Detailsap.m.Text{\"propertyPath\":\"ID\",\"modelName\":\"catalogModel\"}"}]}
RESULT: {"script":"<script> [1562 bytes]","args":[{"selector":{"controlType":"sap.m.Text","viewName":"etm.portal.ui.managesites.view.Detail","viewId":"application-managesites-display-component---detailSite","bindingPath":{"propertyPath":"ID","modelName":"catalogModel"}},"wdio_ui5_key":"etmportal.ui.managesites.view.Detailsap.m.Text{\"propertyPath\":\"ID\",\"modelName\":\"catalogModel\"}"}]}
RESULT: undefined
COMMAND: POST /session/b0ee303caf718db626ad6d5c1d399bab/execute/async - {"script":"<script> [6424 bytes]","args":[{"element-6066-11e4-a52e-4f735466cecf":"f.E5342C77FF52C8F876B09F590AF6AC48.d.AB33535A1D19D2D167155ECF64B404AD.e.3860"},"getText",[]]}
RESULT: {"script":"<script> [6424 bytes]","args":[{"element-6066-11e4-a52e-4f735466cecf":"f.E5342C77FF52C8F876B09F590AF6AC48.d.AB33535A1D19D2D167155ECF64B404AD.e.3860"},"getText",[]]}
COMMAND: POST /session/b0ee303caf718db626ad6d5c1d399bab/execute/async - {"script":"<script> [1562 bytes]","args":[{"selector":{"controlType":"sap.m.Label","viewName":"etm.portal.ui.managesites.view.Detail","viewId":"application-managesites-display-component---detailSite","i18NText":{"propertyName":"text","key":"status"}},"wdio_ui5_key":"etmportal.ui.managesites.view.Detailsap.m.Label{\"propertyName\":\"text\",\"key\":\"status\"}"}]}
RESULT: {"script":"<script> [1562 bytes]","args":[{"selector":{"controlType":"sap.m.Label","viewName":"etm.portal.ui.managesites.view.Detail","viewId":"application-managesites-display-component---detailSite","i18NText":{"propertyName":"text","key":"status"}},"wdio_ui5_key":"etmportal.ui.managesites.view.Detailsap.m.Label{\"propertyName\":\"text\",\"key\":\"status\"}"}]}
RESULT: undefined
COMMAND: POST /session/b0ee303caf718db626ad6d5c1d399bab/execute/async - {"script":"<script> [6424 bytes]","args":[{"element-6066-11e4-a52e-4f735466cecf":"f.E5342C77FF52C8F876B09F590AF6AC48.d.AB33535A1D19D2D167155ECF64B404AD.e.3849"},"getText",[]]}
RESULT: {"script":"<script> [6424 bytes]","args":[{"element-6066-11e4-a52e-4f735466cecf":"f.E5342C77FF52C8F876B09F590AF6AC48.d.AB33535A1D19D2D167155ECF64B404AD.e.3849"},"getText",[]]}
RESULT: undefined
COMMAND: POST /session/b0ee303caf718db626ad6d5c1d399bab/element - {"using":"xpath","value":"//*[@id=\"shell-header\"]"}
RESULT: {"using":"xpath","value":"//*[@id=\"shell-header\"]"}
COMMAND: POST /session/b0ee303caf718db626ad6d5c1d399bab/element/f.E5342C77FF52C8F876B09F590AF6AC48.d.AB33535A1D19D2D167155ECF64B404AD.e.3861/click - {}
RESULT: {}
COMMAND: POST /session/b0ee303caf718db626ad6d5c1d399bab/element - {"using":"css selector","value":"#shell-header-logo"}
COMMAND: GET /session/b0ee303caf718db626ad6d5c1d399bab/screenshot - {}
RESULT: {"using":"css selector","value":"#shell-header-logo"}
COMMAND: POST /session/b0ee303caf718db626ad6d5c1d399bab/element/f.E5342C77FF52C8F876B09F590AF6AC48.d.AB33535A1D19D2D167155ECF64B404AD.e.3043/click - {}
RESULT: {}
RESULT: {}
]]></system-out>
    </testcase>
    <testcase classname="chrome.135_0_7049_96.windows.Provide_to_Site_w/_warehouse_management_w/_clarification_US115878" name="Should create WHM Partner" time="50.663">
      <system-out><![CDATA[
COMMAND: POST /session/b0ee303caf718db626ad6d5c1d399bab/execute/async - {"script":"<script> [1562 bytes]","args":[{"selector":{"controlType":"sap.m.GenericTile","properties":{"header":"Manage Partners"}},"wdio_ui5_key":"sapm.GenericTile{\"header\":\"Manage Partners\"}"}]}
COMMAND: GET /session/b0ee303caf718db626ad6d5c1d399bab/screenshot - {}
RESULT: {"script":"<script> [1562 bytes]","args":[{"selector":{"controlType":"sap.m.GenericTile","properties":{"header":"Manage Partners"}},"wdio_ui5_key":"sapm.GenericTile{\"header\":\"Manage Partners\"}"}]}
RESULT: undefined
COMMAND: POST /session/b0ee303caf718db626ad6d5c1d399bab/element - {"using":"xpath","value":"//*[@id=\"__tile30\"]"}
RESULT: {}
RESULT: {"using":"xpath","value":"//*[@id=\"__tile30\"]"}
COMMAND: POST /session/b0ee303caf718db626ad6d5c1d399bab/element/f.E5342C77FF52C8F876B09F590AF6AC48.d.AB33535A1D19D2D167155ECF64B404AD.e.2250/click - {}
RESULT: {}
COMMAND: GET /session/b0ee303caf718db626ad6d5c1d399bab/screenshot - {}
COMMAND: POST /session/b0ee303caf718db626ad6d5c1d399bab/element - {"using":"xpath","value":"//button[(@data-kt = 'addButton')]"}
RESULT: {}
RESULT: {"using":"xpath","value":"//button[(@data-kt = 'addButton')]"}
COMMAND: POST /session/b0ee303caf718db626ad6d5c1d399bab/elements - {"using":"xpath","value":"//button[(@data-kt = 'addButton')]"}
RESULT: {"using":"xpath","value":"//button[(@data-kt = 'addButton')]"}
COMMAND: POST /session/b0ee303caf718db626ad6d5c1d399bab/elements - {"using":"xpath","value":"//button[(@data-kt = 'addButton')]"}
RESULT: {"using":"xpath","value":"//button[(@data-kt = 'addButton')]"}
COMMAND: POST /session/b0ee303caf718db626ad6d5c1d399bab/element - {"using":"xpath","value":"//button[(@data-kt = 'addButton')]"}
RESULT: {"using":"xpath","value":"//button[(@data-kt = 'addButton')]"}
COMMAND: POST /session/b0ee303caf718db626ad6d5c1d399bab/element/f.E5342C77FF52C8F876B09F590AF6AC48.d.AB33535A1D19D2D167155ECF64B404AD.e.3898/click - {}
RESULT: {}
COMMAND: POST /session/b0ee303caf718db626ad6d5c1d399bab/execute/async - {"script":"<script> [1562 bytes]","args":[{"selector":{"id":"application-managepartners-display-component---NewPartner--addressDetailDetailsName1","interaction":{"idSuffix":"inner"}},"wdio_ui5_key":"applicationmanagepartners-display-component---NewPartner--addressDetailDetailsName1"}]}
COMMAND: GET /session/b0ee303caf718db626ad6d5c1d399bab/screenshot - {}
RESULT: {"script":"<script> [1562 bytes]","args":[{"selector":{"id":"application-managepartners-display-component---NewPartner--addressDetailDetailsName1","interaction":{"idSuffix":"inner"}},"wdio_ui5_key":"applicationmanagepartners-display-component---NewPartner--addressDetailDetailsName1"}]}
RESULT: undefined
COMMAND: POST /session/b0ee303caf718db626ad6d5c1d399bab/execute/async - {"script":"<script> [776 bytes]","args":[{"enterText":"WDI5-Partners","selector":{"id":"application-managepartners-display-component---NewPartner--addressDetailDetailsName1","interaction":{"idSuffix":"inner"}},"clearTextFirst":true,"interactionType":"ENTER_TEXT"}]}
RESULT: {}
RESULT: {"script":"<script> [776 bytes]","args":[{"enterText":"WDI5-Partners","selector":{"id":"application-managepartners-display-component---NewPartner--addressDetailDetailsName1","interaction":{"idSuffix":"inner"}},"clearTextFirst":true,"interactionType":"ENTER_TEXT"}]}
COMMAND: POST /session/b0ee303caf718db626ad6d5c1d399bab/execute/async - {"script":"<script> [1562 bytes]","args":[{"selector":{"id":"application-managepartners-display-component---NewPartner--addressDetailDetailsLanguage-arrow"},"wdio_ui5_key":"applicationmanagepartners-display-component---NewPartner--addressDetailDetailsLanguage-arrow"}]}
RESULT: {"script":"<script> [1562 bytes]","args":[{"selector":{"id":"application-managepartners-display-component---NewPartner--addressDetailDetailsLanguage-arrow"},"wdio_ui5_key":"applicationmanagepartners-display-component---NewPartner--addressDetailDetailsLanguage-arrow"}]}
RESULT: undefined
COMMAND: POST /session/b0ee303caf718db626ad6d5c1d399bab/element - {"using":"xpath","value":"//*[@id=\"application-managepartners-display-component---NewPartner--addressDetailDetailsLanguage-arrow\"]"}
RESULT: {"using":"xpath","value":"//*[@id=\"application-managepartners-display-component---NewPartner--addressDetailDetailsLanguage-arrow\"]"}
COMMAND: POST /session/b0ee303caf718db626ad6d5c1d399bab/element/f.E5342C77FF52C8F876B09F590AF6AC48.d.AB33535A1D19D2D167155ECF64B404AD.e.4332/click - {}
RESULT: {}
COMMAND: POST /session/b0ee303caf718db626ad6d5c1d399bab/execute/async - {"script":"<script> [1562 bytes]","args":[{"selector":{"controlType":"sap.m.StandardListItem","viewName":"etm.portal.ui.managepartners.view.NewPartner","viewId":"application-managepartners-display-component---NewPartner","properties":{"title":"English"},"searchOpenDialogs":true,"interaction":{"idSuffix":"content"}},"wdio_ui5_key":"etmportal.ui.managepartners.view.NewPartnersap.m.StandardListItem{\"title\":\"English\"}"}]}
COMMAND: GET /session/b0ee303caf718db626ad6d5c1d399bab/screenshot - {}
RESULT: {"script":"<script> [1562 bytes]","args":[{"selector":{"controlType":"sap.m.StandardListItem","viewName":"etm.portal.ui.managepartners.view.NewPartner","viewId":"application-managepartners-display-component---NewPartner","properties":{"title":"English"},"searchOpenDialogs":true,"interaction":{"idSuffix":"content"}},"wdio_ui5_key":"etmportal.ui.managepartners.view.NewPartnersap.m.StandardListItem{\"title\":\"English\"}"}]}
RESULT: undefined
COMMAND: POST /session/b0ee303caf718db626ad6d5c1d399bab/element - {"using":"xpath","value":"//*[@id=\"__item920\"]"}
RESULT: {}
RESULT: {"using":"xpath","value":"//*[@id=\"__item920\"]"}
COMMAND: POST /session/b0ee303caf718db626ad6d5c1d399bab/element/f.E5342C77FF52C8F876B09F590AF6AC48.d.AB33535A1D19D2D167155ECF64B404AD.e.4334/click - {}
RESULT: {}
COMMAND: POST /session/b0ee303caf718db626ad6d5c1d399bab/execute/async - {"script":"<script> [1562 bytes]","args":[{"selector":{"id":"application-managepartners-display-component---NewPartner--addressDetailDetailsCity1","interaction":{"idSuffix":"inner"}},"wdio_ui5_key":"applicationmanagepartners-display-component---NewPartner--addressDetailDetailsCity1"}]}
COMMAND: GET /session/b0ee303caf718db626ad6d5c1d399bab/screenshot - {}
RESULT: {"script":"<script> [1562 bytes]","args":[{"selector":{"id":"application-managepartners-display-component---NewPartner--addressDetailDetailsCity1","interaction":{"idSuffix":"inner"}},"wdio_ui5_key":"applicationmanagepartners-display-component---NewPartner--addressDetailDetailsCity1"}]}
RESULT: undefined
COMMAND: POST /session/b0ee303caf718db626ad6d5c1d399bab/execute/async - {"script":"<script> [776 bytes]","args":[{"enterText":"Bangalore","selector":{"id":"application-managepartners-display-component---NewPartner--addressDetailDetailsCity1","interaction":{"idSuffix":"inner"}},"clearTextFirst":true,"interactionType":"ENTER_TEXT"}]}
RESULT: {}
RESULT: {"script":"<script> [776 bytes]","args":[{"enterText":"Bangalore","selector":{"id":"application-managepartners-display-component---NewPartner--addressDetailDetailsCity1","interaction":{"idSuffix":"inner"}},"clearTextFirst":true,"interactionType":"ENTER_TEXT"}]}
COMMAND: POST /session/b0ee303caf718db626ad6d5c1d399bab/execute/async - {"script":"<script> [1562 bytes]","args":[{"selector":{"id":"application-managepartners-display-component---NewPartner--addressDetailDetailsCountry-arrow"},"wdio_ui5_key":"applicationmanagepartners-display-component---NewPartner--addressDetailDetailsCountry-arrow"}]}
RESULT: {"script":"<script> [1562 bytes]","args":[{"selector":{"id":"application-managepartners-display-component---NewPartner--addressDetailDetailsCountry-arrow"},"wdio_ui5_key":"applicationmanagepartners-display-component---NewPartner--addressDetailDetailsCountry-arrow"}]}
RESULT: undefined
COMMAND: POST /session/b0ee303caf718db626ad6d5c1d399bab/element - {"using":"xpath","value":"//*[@id=\"application-managepartners-display-component---NewPartner--addressDetailDetailsCountry-arrow\"]"}
RESULT: {"using":"xpath","value":"//*[@id=\"application-managepartners-display-component---NewPartner--addressDetailDetailsCountry-arrow\"]"}
COMMAND: POST /session/b0ee303caf718db626ad6d5c1d399bab/element/f.E5342C77FF52C8F876B09F590AF6AC48.d.AB33535A1D19D2D167155ECF64B404AD.e.4336/click - {}
RESULT: {}
COMMAND: POST /session/b0ee303caf718db626ad6d5c1d399bab/execute/async - {"script":"<script> [1562 bytes]","args":[{"selector":{"id":"application-managepartners-display-component---NewPartner--addressDetailDetailsCountry","interaction":{"idSuffix":"inner"}},"wdio_ui5_key":"applicationmanagepartners-display-component---NewPartner--addressDetailDetailsCountry"}]}
COMMAND: GET /session/b0ee303caf718db626ad6d5c1d399bab/screenshot - {}
RESULT: {"script":"<script> [1562 bytes]","args":[{"selector":{"id":"application-managepartners-display-component---NewPartner--addressDetailDetailsCountry","interaction":{"idSuffix":"inner"}},"wdio_ui5_key":"applicationmanagepartners-display-component---NewPartner--addressDetailDetailsCountry"}]}
RESULT: undefined
COMMAND: POST /session/b0ee303caf718db626ad6d5c1d399bab/execute/async - {"script":"<script> [776 bytes]","args":[{"enterText":"India","selector":{"id":"application-managepartners-display-component---NewPartner--addressDetailDetailsCountry","interaction":{"idSuffix":"inner"}},"clearTextFirst":true,"interactionType":"ENTER_TEXT"}]}
RESULT: {}
RESULT: {"script":"<script> [776 bytes]","args":[{"enterText":"India","selector":{"id":"application-managepartners-display-component---NewPartner--addressDetailDetailsCountry","interaction":{"idSuffix":"inner"}},"clearTextFirst":true,"interactionType":"ENTER_TEXT"}]}
COMMAND: POST /session/b0ee303caf718db626ad6d5c1d399bab/execute/async - {"script":"<script> [1562 bytes]","args":[{"selector":{"controlType":"sap.m.StandardListItem","viewName":"etm.portal.ui.managepartners.view.NewPartner","viewId":"application-managepartners-display-component---NewPartner","properties":{"title":"India"},"searchOpenDialogs":true,"interaction":{"idSuffix":"content"}},"wdio_ui5_key":"etmportal.ui.managepartners.view.NewPartnersap.m.StandardListItem{\"title\":\"India\"}"}]}
RESULT: {"script":"<script> [1562 bytes]","args":[{"selector":{"controlType":"sap.m.StandardListItem","viewName":"etm.portal.ui.managepartners.view.NewPartner","viewId":"application-managepartners-display-component---NewPartner","properties":{"title":"India"},"searchOpenDialogs":true,"interaction":{"idSuffix":"content"}},"wdio_ui5_key":"etmportal.ui.managepartners.view.NewPartnersap.m.StandardListItem{\"title\":\"India\"}"}]}
RESULT: undefined
COMMAND: POST /session/b0ee303caf718db626ad6d5c1d399bab/execute/async - {"script":"<script> [1562 bytes]","args":[{"selector":{"controlType":"sap.m.Button","viewName":"etm.portal.ui.managepartners.view.NewPartner","viewId":"application-managepartners-display-component---NewPartner","properties":{"text":"Commercial"},"interaction":{"idSuffix":"BDI-content"}},"wdio_ui5_key":"etmportal.ui.managepartners.view.NewPartnersap.m.Button{\"text\":\"Commercial\"}"}]}
RESULT: {"script":"<script> [1562 bytes]","args":[{"selector":{"controlType":"sap.m.Button","viewName":"etm.portal.ui.managepartners.view.NewPartner","viewId":"application-managepartners-display-component---NewPartner","properties":{"text":"Commercial"},"interaction":{"idSuffix":"BDI-content"}},"wdio_ui5_key":"etmportal.ui.managepartners.view.NewPartnersap.m.Button{\"text\":\"Commercial\"}"}]}
RESULT: undefined
COMMAND: POST /session/b0ee303caf718db626ad6d5c1d399bab/element - {"using":"xpath","value":"//*[@id=\"application-managepartners-display-component---NewPartner--ObjectPageLayout-anchBar-__section57-anchor\"]"}
RESULT: {"using":"xpath","value":"//*[@id=\"application-managepartners-display-component---NewPartner--ObjectPageLayout-anchBar-__section57-anchor\"]"}
COMMAND: POST /session/b0ee303caf718db626ad6d5c1d399bab/element/f.E5342C77FF52C8F876B09F590AF6AC48.d.AB33535A1D19D2D167155ECF64B404AD.e.4341/click - {}
RESULT: {}
COMMAND: POST /session/b0ee303caf718db626ad6d5c1d399bab/execute/async - {"script":"<script> [1562 bytes]","args":[{"selector":{"id":"application-managepartners-display-component---NewPartner--partnerDetailInternal-arrow"},"wdio_ui5_key":"applicationmanagepartners-display-component---NewPartner--partnerDetailInternal-arrow"}]}
COMMAND: GET /session/b0ee303caf718db626ad6d5c1d399bab/screenshot - {}
RESULT: {"script":"<script> [1562 bytes]","args":[{"selector":{"id":"application-managepartners-display-component---NewPartner--partnerDetailInternal-arrow"},"wdio_ui5_key":"applicationmanagepartners-display-component---NewPartner--partnerDetailInternal-arrow"}]}
RESULT: undefined
COMMAND: POST /session/b0ee303caf718db626ad6d5c1d399bab/element - {"using":"xpath","value":"//*[@id=\"application-managepartners-display-component---NewPartner--partnerDetailInternal-arrow\"]"}
RESULT: {}
RESULT: {"using":"xpath","value":"//*[@id=\"application-managepartners-display-component---NewPartner--partnerDetailInternal-arrow\"]"}
COMMAND: POST /session/b0ee303caf718db626ad6d5c1d399bab/element/f.E5342C77FF52C8F876B09F590AF6AC48.d.AB33535A1D19D2D167155ECF64B404AD.e.4346/click - {}
RESULT: {}
COMMAND: POST /session/b0ee303caf718db626ad6d5c1d399bab/execute/async - {"script":"<script> [1562 bytes]","args":[{"selector":{"controlType":"sap.m.StandardListItem","viewName":"etm.portal.ui.managepartners.view.NewPartner","viewId":"application-managepartners-display-component---NewPartner","properties":{"title":"External partner"},"searchOpenDialogs":true,"interaction":{"idSuffix":"content"}},"wdio_ui5_key":"etmportal.ui.managepartners.view.NewPartnersap.m.StandardListItem{\"title\":\"External partner\"}"}]}
COMMAND: GET /session/b0ee303caf718db626ad6d5c1d399bab/screenshot - {}
RESULT: {"script":"<script> [1562 bytes]","args":[{"selector":{"controlType":"sap.m.StandardListItem","viewName":"etm.portal.ui.managepartners.view.NewPartner","viewId":"application-managepartners-display-component---NewPartner","properties":{"title":"External partner"},"searchOpenDialogs":true,"interaction":{"idSuffix":"content"}},"wdio_ui5_key":"etmportal.ui.managepartners.view.NewPartnersap.m.StandardListItem{\"title\":\"External partner\"}"}]}
RESULT: undefined
COMMAND: POST /session/b0ee303caf718db626ad6d5c1d399bab/element - {"using":"xpath","value":"//*[@id=\"__item1054\"]"}
RESULT: {}
RESULT: {"using":"xpath","value":"//*[@id=\"__item1054\"]"}
COMMAND: POST /session/b0ee303caf718db626ad6d5c1d399bab/element/f.E5342C77FF52C8F876B09F590AF6AC48.d.AB33535A1D19D2D167155ECF64B404AD.e.4348/click - {}
RESULT: {}
COMMAND: POST /session/b0ee303caf718db626ad6d5c1d399bab/execute/async - {"script":"<script> [1562 bytes]","args":[{"selector":{"id":"application-managepartners-display-component---NewPartner--partnerDetailsCurrency-arrow"},"wdio_ui5_key":"applicationmanagepartners-display-component---NewPartner--partnerDetailsCurrency-arrow"}]}
COMMAND: GET /session/b0ee303caf718db626ad6d5c1d399bab/screenshot - {}
RESULT: {"script":"<script> [1562 bytes]","args":[{"selector":{"id":"application-managepartners-display-component---NewPartner--partnerDetailsCurrency-arrow"},"wdio_ui5_key":"applicationmanagepartners-display-component---NewPartner--partnerDetailsCurrency-arrow"}]}
RESULT: undefined
COMMAND: POST /session/b0ee303caf718db626ad6d5c1d399bab/element - {"using":"xpath","value":"//*[@id=\"application-managepartners-display-component---NewPartner--partnerDetailsCurrency-arrow\"]"}
RESULT: {}
RESULT: {"using":"xpath","value":"//*[@id=\"application-managepartners-display-component---NewPartner--partnerDetailsCurrency-arrow\"]"}
COMMAND: POST /session/b0ee303caf718db626ad6d5c1d399bab/element/f.E5342C77FF52C8F876B09F590AF6AC48.d.AB33535A1D19D2D167155ECF64B404AD.e.4353/click - {}
RESULT: {}
COMMAND: POST /session/b0ee303caf718db626ad6d5c1d399bab/execute/async - {"script":"<script> [1562 bytes]","args":[{"selector":{"controlType":"sap.m.StandardListItem","viewName":"etm.portal.ui.managepartners.view.NewPartner","viewId":"application-managepartners-display-component---NewPartner","properties":{"title":"Euro"},"searchOpenDialogs":true,"interaction":{"idSuffix":"content"}},"wdio_ui5_key":"etmportal.ui.managepartners.view.NewPartnersap.m.StandardListItem{\"title\":\"Euro\"}"}]}
COMMAND: GET /session/b0ee303caf718db626ad6d5c1d399bab/screenshot - {}
RESULT: {"script":"<script> [1562 bytes]","args":[{"selector":{"controlType":"sap.m.StandardListItem","viewName":"etm.portal.ui.managepartners.view.NewPartner","viewId":"application-managepartners-display-component---NewPartner","properties":{"title":"Euro"},"searchOpenDialogs":true,"interaction":{"idSuffix":"content"}},"wdio_ui5_key":"etmportal.ui.managepartners.view.NewPartnersap.m.StandardListItem{\"title\":\"Euro\"}"}]}
RESULT: undefined
COMMAND: POST /session/b0ee303caf718db626ad6d5c1d399bab/element - {"using":"xpath","value":"//*[@id=\"__item1056\"]"}
RESULT: {}
RESULT: {"using":"xpath","value":"//*[@id=\"__item1056\"]"}
COMMAND: POST /session/b0ee303caf718db626ad6d5c1d399bab/element/f.E5342C77FF52C8F876B09F590AF6AC48.d.AB33535A1D19D2D167155ECF64B404AD.e.4355/click - {}
RESULT: {}
COMMAND: POST /session/b0ee303caf718db626ad6d5c1d399bab/execute/async - {"script":"<script> [1562 bytes]","args":[{"selector":{"controlType":"sap.m.Button","viewName":"etm.portal.ui.managepartners.view.NewPartner","viewId":"application-managepartners-display-component---NewPartner","properties":{"text":"Assignments"},"interaction":{"idSuffix":"BDI-content"}},"wdio_ui5_key":"etmportal.ui.managepartners.view.NewPartnersap.m.Button{\"text\":\"Assignments\"}"}]}
COMMAND: GET /session/b0ee303caf718db626ad6d5c1d399bab/screenshot - {}
RESULT: {"script":"<script> [1562 bytes]","args":[{"selector":{"controlType":"sap.m.Button","viewName":"etm.portal.ui.managepartners.view.NewPartner","viewId":"application-managepartners-display-component---NewPartner","properties":{"text":"Assignments"},"interaction":{"idSuffix":"BDI-content"}},"wdio_ui5_key":"etmportal.ui.managepartners.view.NewPartnersap.m.Button{\"text\":\"Assignments\"}"}]}
RESULT: undefined
COMMAND: POST /session/b0ee303caf718db626ad6d5c1d399bab/element - {"using":"xpath","value":"//*[@id=\"application-managepartners-display-component---NewPartner--ObjectPageLayout-anchBar-__section61-anchor\"]"}
RESULT: {}
RESULT: {"using":"xpath","value":"//*[@id=\"application-managepartners-display-component---NewPartner--ObjectPageLayout-anchBar-__section61-anchor\"]"}
COMMAND: POST /session/b0ee303caf718db626ad6d5c1d399bab/element/f.E5342C77FF52C8F876B09F590AF6AC48.d.AB33535A1D19D2D167155ECF64B404AD.e.4357/click - {}
RESULT: {}
COMMAND: POST /session/b0ee303caf718db626ad6d5c1d399bab/execute/async - {"script":"<script> [1562 bytes]","args":[{"selector":{"id":"application-managepartners-display-component---NewPartner--btnAddTableRow","interaction":{"idSuffix":"inner"}},"wdio_ui5_key":"applicationmanagepartners-display-component---NewPartner--btnAddTableRow"}]}
COMMAND: GET /session/b0ee303caf718db626ad6d5c1d399bab/screenshot - {}
RESULT: {"script":"<script> [1562 bytes]","args":[{"selector":{"id":"application-managepartners-display-component---NewPartner--btnAddTableRow","interaction":{"idSuffix":"inner"}},"wdio_ui5_key":"applicationmanagepartners-display-component---NewPartner--btnAddTableRow"}]}
RESULT: undefined
COMMAND: POST /session/b0ee303caf718db626ad6d5c1d399bab/element - {"using":"xpath","value":"//*[@id=\"application-managepartners-display-component---NewPartner--btnAddTableRow\"]"}
RESULT: {}
RESULT: {"using":"xpath","value":"//*[@id=\"application-managepartners-display-component---NewPartner--btnAddTableRow\"]"}
COMMAND: POST /session/b0ee303caf718db626ad6d5c1d399bab/element/f.E5342C77FF52C8F876B09F590AF6AC48.d.AB33535A1D19D2D167155ECF64B404AD.e.4364/click - {}
RESULT: {}
COMMAND: POST /session/b0ee303caf718db626ad6d5c1d399bab/element - {"using":"css selector","value":"#application-managepartners-display-component---NewPartner--assignmentYard-application-managepartners-display-component---NewPartner--assignmentsTable-0-inner"}
COMMAND: GET /session/b0ee303caf718db626ad6d5c1d399bab/screenshot - {}
RESULT: {"using":"css selector","value":"#application-managepartners-display-component---NewPartner--assignmentYard-application-managepartners-display-component---NewPartner--assignmentsTable-0-inner"}
COMMAND: POST /session/b0ee303caf718db626ad6d5c1d399bab/element/f.E5342C77FF52C8F876B09F590AF6AC48.d.AB33535A1D19D2D167155ECF64B404AD.e.4366/clear - {}
RESULT: {}
RESULT: {}
COMMAND: POST /session/b0ee303caf718db626ad6d5c1d399bab/element/f.E5342C77FF52C8F876B09F590AF6AC48.d.AB33535A1D19D2D167155ECF64B404AD.e.4366/value - {"text":"307"}
COMMAND: GET /session/b0ee303caf718db626ad6d5c1d399bab/screenshot - {}
RESULT: {"text":"307"}
COMMAND: POST /session/b0ee303caf718db626ad6d5c1d399bab/execute/async - {"script":"<script> [1562 bytes]","args":[{"selector":{"id":"application-managepartners-display-component---NewPartner--assignmentYard-application-managepartners-display-component---NewPartner--assignmentsTable-0-arrow"},"wdio_ui5_key":"applicationmanagepartners-display-component---NewPartner--assignmentYard-application-managepartners-display-component---NewPartner--assignmentsTable-0-arrow"}]}
COMMAND: GET /session/b0ee303caf718db626ad6d5c1d399bab/screenshot - {}
RESULT: {}
RESULT: {"script":"<script> [1562 bytes]","args":[{"selector":{"id":"application-managepartners-display-component---NewPartner--assignmentYard-application-managepartners-display-component---NewPartner--assignmentsTable-0-arrow"},"wdio_ui5_key":"applicationmanagepartners-display-component---NewPartner--assignmentYard-application-managepartners-display-component---NewPartner--assignmentsTable-0-arrow"}]}
RESULT: undefined
COMMAND: POST /session/b0ee303caf718db626ad6d5c1d399bab/element - {"using":"xpath","value":"//*[@id=\"application-managepartners-display-component---NewPartner--assignmentYard-application-managepartners-display-component---NewPartner--assignmentsTable-0-arrow\"]"}
RESULT: {}
RESULT: {"using":"xpath","value":"//*[@id=\"application-managepartners-display-component---NewPartner--assignmentYard-application-managepartners-display-component---NewPartner--assignmentsTable-0-arrow\"]"}
COMMAND: POST /session/b0ee303caf718db626ad6d5c1d399bab/element/f.E5342C77FF52C8F876B09F590AF6AC48.d.AB33535A1D19D2D167155ECF64B404AD.e.4373/click - {}
RESULT: {}
COMMAND: GET /session/b0ee303caf718db626ad6d5c1d399bab/screenshot - {}
RESULT: {}
COMMAND: POST /session/b0ee303caf718db626ad6d5c1d399bab/execute/async - {"script":"<script> [1562 bytes]","args":[{"selector":{"controlType":"sap.m.Button","viewName":"etm.portal.ui.managepartners.view.NewPartner","viewId":"application-managepartners-display-component---NewPartner","i18NText":{"propertyName":"text","key":"save"},"interaction":{"idSuffix":"BDI-content"}},"wdio_ui5_key":"etmportal.ui.managepartners.view.NewPartnersap.m.Button{\"propertyName\":\"text\",\"key\":\"save\"}"}]}
RESULT: {"script":"<script> [1562 bytes]","args":[{"selector":{"controlType":"sap.m.Button","viewName":"etm.portal.ui.managepartners.view.NewPartner","viewId":"application-managepartners-display-component---NewPartner","i18NText":{"propertyName":"text","key":"save"},"interaction":{"idSuffix":"BDI-content"}},"wdio_ui5_key":"etmportal.ui.managepartners.view.NewPartnersap.m.Button{\"propertyName\":\"text\",\"key\":\"save\"}"}]}
RESULT: undefined
COMMAND: POST /session/b0ee303caf718db626ad6d5c1d399bab/element - {"using":"xpath","value":"//*[@id=\"__button127\"]"}
RESULT: {"using":"xpath","value":"//*[@id=\"__button127\"]"}
COMMAND: POST /session/b0ee303caf718db626ad6d5c1d399bab/element/f.E5342C77FF52C8F876B09F590AF6AC48.d.AB33535A1D19D2D167155ECF64B404AD.e.4253/click - {}
RESULT: {}
COMMAND: GET /session/b0ee303caf718db626ad6d5c1d399bab/screenshot - {}
RESULT: {}
COMMAND: POST /session/b0ee303caf718db626ad6d5c1d399bab/execute/async - {"script":"<script> [1562 bytes]","args":[{"selector":{"controlType":"sap.m.Text","viewName":"etm.portal.ui.managepartners.view.Detail","viewId":"application-managepartners-display-component---detailPtm","bindingPath":{"propertyPath":"ID","modelName":"catalogModel"}},"wdio_ui5_key":"etmportal.ui.managepartners.view.Detailsap.m.Text{\"propertyPath\":\"ID\",\"modelName\":\"catalogModel\"}"}]}
RESULT: {"script":"<script> [1562 bytes]","args":[{"selector":{"controlType":"sap.m.Text","viewName":"etm.portal.ui.managepartners.view.Detail","viewId":"application-managepartners-display-component---detailPtm","bindingPath":{"propertyPath":"ID","modelName":"catalogModel"}},"wdio_ui5_key":"etmportal.ui.managepartners.view.Detailsap.m.Text{\"propertyPath\":\"ID\",\"modelName\":\"catalogModel\"}"}]}
RESULT: undefined
COMMAND: POST /session/b0ee303caf718db626ad6d5c1d399bab/execute/async - {"script":"<script> [6424 bytes]","args":[{"element-6066-11e4-a52e-4f735466cecf":"f.E5342C77FF52C8F876B09F590AF6AC48.d.AB33535A1D19D2D167155ECF64B404AD.e.4538"},"getText",[]]}
RESULT: {"script":"<script> [6424 bytes]","args":[{"element-6066-11e4-a52e-4f735466cecf":"f.E5342C77FF52C8F876B09F590AF6AC48.d.AB33535A1D19D2D167155ECF64B404AD.e.4538"},"getText",[]]}
COMMAND: POST /session/b0ee303caf718db626ad6d5c1d399bab/element - {"using":"css selector","value":"#shell-header-logo"}
RESULT: {"using":"css selector","value":"#shell-header-logo"}
COMMAND: POST /session/b0ee303caf718db626ad6d5c1d399bab/element/f.E5342C77FF52C8F876B09F590AF6AC48.d.AB33535A1D19D2D167155ECF64B404AD.e.3865/click - {}
RESULT: {}
]]></system-out>
    </testcase>
    <testcase classname="chrome.135_0_7049_96.windows.Provide_to_Site_w/_warehouse_management_w/_clarification_US115878" name="Should create a new WHM Material" time="75.576">
      <system-out><![CDATA[
COMMAND: POST /session/b0ee303caf718db626ad6d5c1d399bab/execute/async - {"script":"<script> [1562 bytes]","args":[{"selector":{"controlType":"sap.m.GenericTile","properties":{"header":"Manage Resources"}},"wdio_ui5_key":"sapm.GenericTile{\"header\":\"Manage Resources\"}"}]}
COMMAND: GET /session/b0ee303caf718db626ad6d5c1d399bab/screenshot - {}
RESULT: {"script":"<script> [1562 bytes]","args":[{"selector":{"controlType":"sap.m.GenericTile","properties":{"header":"Manage Resources"}},"wdio_ui5_key":"sapm.GenericTile{\"header\":\"Manage Resources\"}"}]}
RESULT: undefined
COMMAND: POST /session/b0ee303caf718db626ad6d5c1d399bab/element - {"using":"xpath","value":"//*[@id=\"__tile31\"]"}
RESULT: {}
RESULT: {"using":"xpath","value":"//*[@id=\"__tile31\"]"}
COMMAND: POST /session/b0ee303caf718db626ad6d5c1d399bab/element/f.E5342C77FF52C8F876B09F590AF6AC48.d.AB33535A1D19D2D167155ECF64B404AD.e.2253/click - {}
RESULT: {}
COMMAND: POST /session/b0ee303caf718db626ad6d5c1d399bab/execute/async - {"script":"<script> [1562 bytes]","args":[{"selector":{"controlType":"sap.m.OverflowToolbarButton","viewName":"etm.portal.ui.manageresources.view.Master","viewId":"application-manageresources-display-component---masterRU","bindingPath":{"path":"","propertyPath":"/isLogbook","modelName":"minimumStockRPGModel"},"interaction":{"idSuffix":"inner"}},"wdio_ui5_key":"etmportal.ui.manageresources.view.Mastersap.m.OverflowToolbarButton{\"path\":\"\",\"propertyPath\":\"/isLogbook\",\"modelName\":\"minimumStockRPGModel\"}"}]}
COMMAND: GET /session/b0ee303caf718db626ad6d5c1d399bab/screenshot - {}
RESULT: {"script":"<script> [1562 bytes]","args":[{"selector":{"controlType":"sap.m.OverflowToolbarButton","viewName":"etm.portal.ui.manageresources.view.Master","viewId":"application-manageresources-display-component---masterRU","bindingPath":{"path":"","propertyPath":"/isLogbook","modelName":"minimumStockRPGModel"},"interaction":{"idSuffix":"inner"}},"wdio_ui5_key":"etmportal.ui.manageresources.view.Mastersap.m.OverflowToolbarButton{\"path\":\"\",\"propertyPath\":\"/isLogbook\",\"modelName\":\"minimumStockRPGModel\"}"}]}
RESULT: undefined
COMMAND: POST /session/b0ee303caf718db626ad6d5c1d399bab/element - {"using":"xpath","value":"//*[@id=\"__button168\"]"}
RESULT: {}
RESULT: {"using":"xpath","value":"//*[@id=\"__button168\"]"}
COMMAND: POST /session/b0ee303caf718db626ad6d5c1d399bab/element/f.E5342C77FF52C8F876B09F590AF6AC48.d.AB33535A1D19D2D167155ECF64B404AD.e.4579/click - {}
RESULT: {}
COMMAND: GET /session/b0ee303caf718db626ad6d5c1d399bab/screenshot - {}
COMMAND: POST /session/b0ee303caf718db626ad6d5c1d399bab/execute/async - {"script":"<script> [1562 bytes]","args":[{"selector":{"id":"application-manageresources-display-component---newResourceUnit--TYPE-arrow"},"wdio_ui5_key":"applicationmanageresources-display-component---newResourceUnit--TYPE-arrow"}]}
RESULT: {}
RESULT: {"script":"<script> [1562 bytes]","args":[{"selector":{"id":"application-manageresources-display-component---newResourceUnit--TYPE-arrow"},"wdio_ui5_key":"applicationmanageresources-display-component---newResourceUnit--TYPE-arrow"}]}
RESULT: undefined
COMMAND: POST /session/b0ee303caf718db626ad6d5c1d399bab/element - {"using":"xpath","value":"//*[@id=\"application-manageresources-display-component---newResourceUnit--TYPE-arrow\"]"}
RESULT: {"using":"xpath","value":"//*[@id=\"application-manageresources-display-component---newResourceUnit--TYPE-arrow\"]"}
COMMAND: POST /session/b0ee303caf718db626ad6d5c1d399bab/element/f.E5342C77FF52C8F876B09F590AF6AC48.d.AB33535A1D19D2D167155ECF64B404AD.e.4905/click - {}
RESULT: {}
COMMAND: POST /session/b0ee303caf718db626ad6d5c1d399bab/execute/async - {"script":"<script> [1562 bytes]","args":[{"selector":{"controlType":"sap.m.StandardListItem","viewName":"reusables.view.manageresources.NewResourceUnit","viewId":"application-manageresources-display-component---newResourceUnit","properties":{"title":"Material"},"searchOpenDialogs":true,"interaction":{"idSuffix":"content"}},"wdio_ui5_key":"reusablesview.manageresources.NewResourceUnitsap.m.StandardListItem{\"title\":\"Material\"}"}]}
COMMAND: GET /session/b0ee303caf718db626ad6d5c1d399bab/screenshot - {}
RESULT: {"script":"<script> [1562 bytes]","args":[{"selector":{"controlType":"sap.m.StandardListItem","viewName":"reusables.view.manageresources.NewResourceUnit","viewId":"application-manageresources-display-component---newResourceUnit","properties":{"title":"Material"},"searchOpenDialogs":true,"interaction":{"idSuffix":"content"}},"wdio_ui5_key":"reusablesview.manageresources.NewResourceUnitsap.m.StandardListItem{\"title\":\"Material\"}"}]}
RESULT: undefined
COMMAND: POST /session/b0ee303caf718db626ad6d5c1d399bab/element - {"using":"xpath","value":"//*[@id=\"__item1337\"]"}
RESULT: {}
RESULT: {"using":"xpath","value":"//*[@id=\"__item1337\"]"}
COMMAND: POST /session/b0ee303caf718db626ad6d5c1d399bab/element/f.E5342C77FF52C8F876B09F590AF6AC48.d.AB33535A1D19D2D167155ECF64B404AD.e.4908/click - {}
RESULT: {}
COMMAND: POST /session/b0ee303caf718db626ad6d5c1d399bab/execute/async - {"script":"<script> [1562 bytes]","args":[{"selector":{"id":"application-manageresources-display-component---newResourceUnit--resourceId","interaction":{"idSuffix":"inner"}},"wdio_ui5_key":"applicationmanageresources-display-component---newResourceUnit--resourceId"}]}
COMMAND: GET /session/b0ee303caf718db626ad6d5c1d399bab/screenshot - {}
RESULT: {"script":"<script> [1562 bytes]","args":[{"selector":{"id":"application-manageresources-display-component---newResourceUnit--resourceId","interaction":{"idSuffix":"inner"}},"wdio_ui5_key":"applicationmanageresources-display-component---newResourceUnit--resourceId"}]}
RESULT: undefined
COMMAND: POST /session/b0ee303caf718db626ad6d5c1d399bab/execute/async - {"script":"<script> [1562 bytes]","args":[{"selector":{"id":"application-manageresources-display-component---newResourceUnit--SHORT_TEXT","interaction":{"idSuffix":"inner"}},"wdio_ui5_key":"applicationmanageresources-display-component---newResourceUnit--SHORT_TEXT"}]}
RESULT: {}
RESULT: {"script":"<script> [1562 bytes]","args":[{"selector":{"id":"application-manageresources-display-component---newResourceUnit--SHORT_TEXT","interaction":{"idSuffix":"inner"}},"wdio_ui5_key":"applicationmanageresources-display-component---newResourceUnit--SHORT_TEXT"}]}
RESULT: undefined
COMMAND: POST /session/b0ee303caf718db626ad6d5c1d399bab/execute/async - {"script":"<script> [776 bytes]","args":[{"enterText":"material WHM","selector":{"id":"application-manageresources-display-component---newResourceUnit--SHORT_TEXT","interaction":{"idSuffix":"inner"}},"clearTextFirst":true,"interactionType":"ENTER_TEXT"}]}
RESULT: {"script":"<script> [776 bytes]","args":[{"enterText":"material WHM","selector":{"id":"application-manageresources-display-component---newResourceUnit--SHORT_TEXT","interaction":{"idSuffix":"inner"}},"clearTextFirst":true,"interactionType":"ENTER_TEXT"}]}
COMMAND: POST /session/b0ee303caf718db626ad6d5c1d399bab/execute/async - {"script":"<script> [1562 bytes]","args":[{"selector":{"id":"application-manageresources-display-component---newResourceUnit--BASE_UNIT_OF_MEASURE","interaction":{"idSuffix":"inner"}},"wdio_ui5_key":"applicationmanageresources-display-component---newResourceUnit--BASE_UNIT_OF_MEASURE"}]}
RESULT: {"script":"<script> [1562 bytes]","args":[{"selector":{"id":"application-manageresources-display-component---newResourceUnit--BASE_UNIT_OF_MEASURE","interaction":{"idSuffix":"inner"}},"wdio_ui5_key":"applicationmanageresources-display-component---newResourceUnit--BASE_UNIT_OF_MEASURE"}]}
RESULT: undefined
COMMAND: POST /session/b0ee303caf718db626ad6d5c1d399bab/execute/async - {"script":"<script> [776 bytes]","args":[{"enterText":"Piece","selector":{"id":"application-manageresources-display-component---newResourceUnit--BASE_UNIT_OF_MEASURE","interaction":{"idSuffix":"inner"}},"clearTextFirst":true,"interactionType":"ENTER_TEXT"}]}
RESULT: {"script":"<script> [776 bytes]","args":[{"enterText":"Piece","selector":{"id":"application-manageresources-display-component---newResourceUnit--BASE_UNIT_OF_MEASURE","interaction":{"idSuffix":"inner"}},"clearTextFirst":true,"interactionType":"ENTER_TEXT"}]}
COMMAND: POST /session/b0ee303caf718db626ad6d5c1d399bab/execute/async - {"script":"<script> [1562 bytes]","args":[{"selector":{"id":"application-manageresources-display-component---newResourceUnit--WEIGHT_UNIT","interaction":{"idSuffix":"inner"}},"wdio_ui5_key":"applicationmanageresources-display-component---newResourceUnit--WEIGHT_UNIT"}]}
RESULT: {"script":"<script> [1562 bytes]","args":[{"selector":{"id":"application-manageresources-display-component---newResourceUnit--WEIGHT_UNIT","interaction":{"idSuffix":"inner"}},"wdio_ui5_key":"applicationmanageresources-display-component---newResourceUnit--WEIGHT_UNIT"}]}
RESULT: undefined
COMMAND: POST /session/b0ee303caf718db626ad6d5c1d399bab/execute/async - {"script":"<script> [776 bytes]","args":[{"enterText":"Gram","selector":{"id":"application-manageresources-display-component---newResourceUnit--WEIGHT_UNIT","interaction":{"idSuffix":"inner"}},"clearTextFirst":true,"interactionType":"ENTER_TEXT"}]}
RESULT: {"script":"<script> [776 bytes]","args":[{"enterText":"Gram","selector":{"id":"application-manageresources-display-component---newResourceUnit--WEIGHT_UNIT","interaction":{"idSuffix":"inner"}},"clearTextFirst":true,"interactionType":"ENTER_TEXT"}]}
COMMAND: POST /session/b0ee303caf718db626ad6d5c1d399bab/execute/async - {"script":"<script> [1562 bytes]","args":[{"selector":{"id":"application-manageresources-display-component---newResourceUnit--DIMENSION_UNIT","interaction":{"idSuffix":"inner"}},"wdio_ui5_key":"applicationmanageresources-display-component---newResourceUnit--DIMENSION_UNIT"}]}
RESULT: {"script":"<script> [1562 bytes]","args":[{"selector":{"id":"application-manageresources-display-component---newResourceUnit--DIMENSION_UNIT","interaction":{"idSuffix":"inner"}},"wdio_ui5_key":"applicationmanageresources-display-component---newResourceUnit--DIMENSION_UNIT"}]}
RESULT: undefined
COMMAND: POST /session/b0ee303caf718db626ad6d5c1d399bab/execute/async - {"script":"<script> [776 bytes]","args":[{"enterText":"Meter","selector":{"id":"application-manageresources-display-component---newResourceUnit--DIMENSION_UNIT","interaction":{"idSuffix":"inner"}},"clearTextFirst":true,"interactionType":"ENTER_TEXT"}]}
RESULT: {"script":"<script> [776 bytes]","args":[{"enterText":"Meter","selector":{"id":"application-manageresources-display-component---newResourceUnit--DIMENSION_UNIT","interaction":{"idSuffix":"inner"}},"clearTextFirst":true,"interactionType":"ENTER_TEXT"}]}
COMMAND: POST /session/b0ee303caf718db626ad6d5c1d399bab/execute/async - {"script":"<script> [1562 bytes]","args":[{"selector":{"id":"application-manageresources-display-component---newResourceUnit--newRRUPage-anchBar-application-manageresources-display-component---newResourceUnit--control-anchor","interaction":{"idSuffix":"content"}},"wdio_ui5_key":"applicationmanageresources-display-component---newResourceUnit--newRRUPage-anchBar-application-manageresources-display-component---newResourceUnit--control-anchor"}]}
RESULT: {"script":"<script> [1562 bytes]","args":[{"selector":{"id":"application-manageresources-display-component---newResourceUnit--newRRUPage-anchBar-application-manageresources-display-component---newResourceUnit--control-anchor","interaction":{"idSuffix":"content"}},"wdio_ui5_key":"applicationmanageresources-display-component---newResourceUnit--newRRUPage-anchBar-application-manageresources-display-component---newResourceUnit--control-anchor"}]}
RESULT: undefined
COMMAND: POST /session/b0ee303caf718db626ad6d5c1d399bab/element - {"using":"xpath","value":"//*[@id=\"application-manageresources-display-component---newResourceUnit--newRRUPage-anchBar-application-manageresources-display-component---newResourceUnit--control-anchor\"]"}
RESULT: {"using":"xpath","value":"//*[@id=\"application-manageresources-display-component---newResourceUnit--newRRUPage-anchBar-application-manageresources-display-component---newResourceUnit--control-anchor\"]"}
COMMAND: POST /session/b0ee303caf718db626ad6d5c1d399bab/element/f.E5342C77FF52C8F876B09F590AF6AC48.d.AB33535A1D19D2D167155ECF64B404AD.e.4972/click - {}
RESULT: {}
COMMAND: POST /session/b0ee303caf718db626ad6d5c1d399bab/execute/async - {"script":"<script> [1562 bytes]","args":[{"selector":{"id":"application-manageresources-display-component---newResourceUnit--PLANNING_GROUP","interaction":{"idSuffix":"inner"}},"wdio_ui5_key":"applicationmanageresources-display-component---newResourceUnit--PLANNING_GROUP"}]}
COMMAND: GET /session/b0ee303caf718db626ad6d5c1d399bab/screenshot - {}
RESULT: {"script":"<script> [1562 bytes]","args":[{"selector":{"id":"application-manageresources-display-component---newResourceUnit--PLANNING_GROUP","interaction":{"idSuffix":"inner"}},"wdio_ui5_key":"applicationmanageresources-display-component---newResourceUnit--PLANNING_GROUP"}]}
RESULT: undefined
COMMAND: POST /session/b0ee303caf718db626ad6d5c1d399bab/execute/async - {"script":"<script> [776 bytes]","args":[{"enterText":"Heavy Equi","selector":{"id":"application-manageresources-display-component---newResourceUnit--PLANNING_GROUP","interaction":{"idSuffix":"inner"}},"clearTextFirst":true,"interactionType":"ENTER_TEXT"}]}
RESULT: {}
RESULT: {"script":"<script> [776 bytes]","args":[{"enterText":"Heavy Equi","selector":{"id":"application-manageresources-display-component---newResourceUnit--PLANNING_GROUP","interaction":{"idSuffix":"inner"}},"clearTextFirst":true,"interactionType":"ENTER_TEXT"}]}
COMMAND: POST /session/b0ee303caf718db626ad6d5c1d399bab/execute/async - {"script":"<script> [1562 bytes]","args":[{"selector":{"id":"application-manageresources-display-component---newResourceUnit--PLANNING_INDICATOR","interaction":{"idSuffix":"inner"}},"wdio_ui5_key":"applicationmanageresources-display-component---newResourceUnit--PLANNING_INDICATOR"}]}
RESULT: {"script":"<script> [1562 bytes]","args":[{"selector":{"id":"application-manageresources-display-component---newResourceUnit--PLANNING_INDICATOR","interaction":{"idSuffix":"inner"}},"wdio_ui5_key":"applicationmanageresources-display-component---newResourceUnit--PLANNING_INDICATOR"}]}
RESULT: undefined
COMMAND: POST /session/b0ee303caf718db626ad6d5c1d399bab/execute/async - {"script":"<script> [776 bytes]","args":[{"enterText":"10 - infinite","selector":{"id":"application-manageresources-display-component---newResourceUnit--PLANNING_INDICATOR","interaction":{"idSuffix":"inner"}},"clearTextFirst":true,"interactionType":"ENTER_TEXT"}]}
RESULT: {"script":"<script> [776 bytes]","args":[{"enterText":"10 - infinite","selector":{"id":"application-manageresources-display-component---newResourceUnit--PLANNING_INDICATOR","interaction":{"idSuffix":"inner"}},"clearTextFirst":true,"interactionType":"ENTER_TEXT"}]}
COMMAND: POST /session/b0ee303caf718db626ad6d5c1d399bab/actions - {"actions":[{"id":"action13","type":"key","parameters":{},"actions":[{"type":"keyDown","value":"î€‡"},{"type":"pause","duration":10},{"type":"keyUp","value":"î€‡"}]}]}
RESULT: {"actions":[{"id":"action13","type":"key","parameters":{},"actions":[{"type":"keyDown","value":"î€‡"},{"type":"pause","duration":10},{"type":"keyUp","value":"î€‡"}]}]}
COMMAND: POST /session/b0ee303caf718db626ad6d5c1d399bab/execute/async - {"script":"<script> [1562 bytes]","args":[{"selector":{"id":"application-manageresources-display-component---newResourceUnit--ITEM_TYPE-arrow"},"wdio_ui5_key":"applicationmanageresources-display-component---newResourceUnit--ITEM_TYPE-arrow"}]}
COMMAND: GET /session/b0ee303caf718db626ad6d5c1d399bab/screenshot - {}
RESULT: {"script":"<script> [1562 bytes]","args":[{"selector":{"id":"application-manageresources-display-component---newResourceUnit--ITEM_TYPE-arrow"},"wdio_ui5_key":"applicationmanageresources-display-component---newResourceUnit--ITEM_TYPE-arrow"}]}
RESULT: undefined
COMMAND: POST /session/b0ee303caf718db626ad6d5c1d399bab/element - {"using":"xpath","value":"//*[@id=\"application-manageresources-display-component---newResourceUnit--ITEM_TYPE-arrow\"]"}
RESULT: {}
RESULT: {"using":"xpath","value":"//*[@id=\"application-manageresources-display-component---newResourceUnit--ITEM_TYPE-arrow\"]"}
COMMAND: POST /session/b0ee303caf718db626ad6d5c1d399bab/element/f.E5342C77FF52C8F876B09F590AF6AC48.d.AB33535A1D19D2D167155ECF64B404AD.e.4982/click - {}
RESULT: {}
COMMAND: POST /session/b0ee303caf718db626ad6d5c1d399bab/execute/async - {"script":"<script> [1562 bytes]","args":[{"selector":{"controlType":"sap.m.StandardListItem","viewName":"reusables.view.manageresources.NewResourceUnit","viewId":"application-manageresources-display-component---newResourceUnit","properties":{"title":"Resource Unit"},"searchOpenDialogs":true,"interaction":{"idSuffix":"titleText"}},"wdio_ui5_key":"reusablesview.manageresources.NewResourceUnitsap.m.StandardListItem{\"title\":\"Resource Unit\"}"}]}
COMMAND: GET /session/b0ee303caf718db626ad6d5c1d399bab/screenshot - {}
RESULT: {"script":"<script> [1562 bytes]","args":[{"selector":{"controlType":"sap.m.StandardListItem","viewName":"reusables.view.manageresources.NewResourceUnit","viewId":"application-manageresources-display-component---newResourceUnit","properties":{"title":"Resource Unit"},"searchOpenDialogs":true,"interaction":{"idSuffix":"titleText"}},"wdio_ui5_key":"reusablesview.manageresources.NewResourceUnitsap.m.StandardListItem{\"title\":\"Resource Unit\"}"}]}
RESULT: undefined
RESULT: {}
COMMAND: POST /session/b0ee303caf718db626ad6d5c1d399bab/execute/async - {"script":"<script> [1562 bytes]","args":[{"selector":{"controlType":"sap.m.Label","viewName":"reusables.view.manageresources.NewResourceUnit","viewId":"application-manageresources-display-component---newResourceUnit","i18NText":{"propertyName":"text","key":"planningGroup"},"interaction":{"idSuffix":"bdi"}},"wdio_ui5_key":"reusablesview.manageresources.NewResourceUnitsap.m.Label{\"propertyName\":\"text\",\"key\":\"planningGroup\"}"}]}
RESULT: {"script":"<script> [1562 bytes]","args":[{"selector":{"controlType":"sap.m.Label","viewName":"reusables.view.manageresources.NewResourceUnit","viewId":"application-manageresources-display-component---newResourceUnit","i18NText":{"propertyName":"text","key":"planningGroup"},"interaction":{"idSuffix":"bdi"}},"wdio_ui5_key":"reusablesview.manageresources.NewResourceUnitsap.m.Label{\"propertyName\":\"text\",\"key\":\"planningGroup\"}"}]}
RESULT: undefined
COMMAND: POST /session/b0ee303caf718db626ad6d5c1d399bab/element - {"using":"xpath","value":"//*[@id=\"__label263\"]"}
RESULT: {"using":"xpath","value":"//*[@id=\"__label263\"]"}
COMMAND: POST /session/b0ee303caf718db626ad6d5c1d399bab/element/f.E5342C77FF52C8F876B09F590AF6AC48.d.AB33535A1D19D2D167155ECF64B404AD.e.4984/click - {}
RESULT: {}
COMMAND: GET /session/b0ee303caf718db626ad6d5c1d399bab/screenshot - {}
RESULT: {}
COMMAND: POST /session/b0ee303caf718db626ad6d5c1d399bab/actions - {"actions":[{"type":"key","id":"keyboard","actions":[{"type":"keyDown","value":"î›"}]}]}
RESULT: {"actions":[{"type":"key","id":"keyboard","actions":[{"type":"keyDown","value":"î›"}]}]}
COMMAND: GET /session/b0ee303caf718db626ad6d5c1d399bab/screenshot - {}
RESULT: {}
COMMAND: POST /session/b0ee303caf718db626ad6d5c1d399bab/actions - {"actions":[{"type":"key","id":"keyboard","actions":[{"type":"keyDown","value":"î›"}]}]}
RESULT: {"actions":[{"type":"key","id":"keyboard","actions":[{"type":"keyDown","value":"î›"}]}]}
COMMAND: GET /session/b0ee303caf718db626ad6d5c1d399bab/screenshot - {}
RESULT: {}
COMMAND: POST /session/b0ee303caf718db626ad6d5c1d399bab/actions - {"actions":[{"type":"key","id":"keyboard","actions":[{"type":"keyDown","value":"î›"}]}]}
RESULT: {"actions":[{"type":"key","id":"keyboard","actions":[{"type":"keyDown","value":"î›"}]}]}
COMMAND: GET /session/b0ee303caf718db626ad6d5c1d399bab/screenshot - {}
RESULT: {}
COMMAND: POST /session/b0ee303caf718db626ad6d5c1d399bab/actions - {"actions":[{"type":"key","id":"keyboard","actions":[{"type":"keyDown","value":"î›"}]}]}
RESULT: {"actions":[{"type":"key","id":"keyboard","actions":[{"type":"keyDown","value":"î›"}]}]}
COMMAND: GET /session/b0ee303caf718db626ad6d5c1d399bab/screenshot - {}
RESULT: {}
COMMAND: POST /session/b0ee303caf718db626ad6d5c1d399bab/actions - {"actions":[{"type":"key","id":"keyboard","actions":[{"type":"keyDown","value":"î›"}]}]}
RESULT: {"actions":[{"type":"key","id":"keyboard","actions":[{"type":"keyDown","value":"î›"}]}]}
COMMAND: GET /session/b0ee303caf718db626ad6d5c1d399bab/screenshot - {}
RESULT: {}
COMMAND: POST /session/b0ee303caf718db626ad6d5c1d399bab/actions - {"actions":[{"type":"key","id":"keyboard","actions":[{"type":"keyDown","value":"î›"}]}]}
RESULT: {"actions":[{"type":"key","id":"keyboard","actions":[{"type":"keyDown","value":"î›"}]}]}
COMMAND: GET /session/b0ee303caf718db626ad6d5c1d399bab/screenshot - {}
RESULT: {}
COMMAND: POST /session/b0ee303caf718db626ad6d5c1d399bab/execute/async - {"script":"<script> [1562 bytes]","args":[{"selector":{"id":"application-manageresources-display-component---newResourceUnit--btnAddTimeSegment-img"},"wdio_ui5_key":"applicationmanageresources-display-component---newResourceUnit--btnAddTimeSegment-img"}]}
RESULT: {"script":"<script> [1562 bytes]","args":[{"selector":{"id":"application-manageresources-display-component---newResourceUnit--btnAddTimeSegment-img"},"wdio_ui5_key":"applicationmanageresources-display-component---newResourceUnit--btnAddTimeSegment-img"}]}
RESULT: undefined
COMMAND: POST /session/b0ee303caf718db626ad6d5c1d399bab/element - {"using":"xpath","value":"//*[@id=\"application-manageresources-display-component---newResourceUnit--btnAddTimeSegment-img\"]"}
RESULT: {"using":"xpath","value":"//*[@id=\"application-manageresources-display-component---newResourceUnit--btnAddTimeSegment-img\"]"}
COMMAND: POST /session/b0ee303caf718db626ad6d5c1d399bab/element/f.E5342C77FF52C8F876B09F590AF6AC48.d.AB33535A1D19D2D167155ECF64B404AD.e.4985/click - {}
RESULT: {}
COMMAND: POST /session/b0ee303caf718db626ad6d5c1d399bab/element - {"using":"xpath","value":"//input[@id=\"application-manageresources-display-component---newResourceUnit--idRuTSAdmin-application-manageresources-display-component---newResourceUnit--RUTimeSegment-0-inner\"]"}
COMMAND: GET /session/b0ee303caf718db626ad6d5c1d399bab/screenshot - {}
RESULT: {"using":"xpath","value":"//input[@id=\"application-manageresources-display-component---newResourceUnit--idRuTSAdmin-application-manageresources-display-component---newResourceUnit--RUTimeSegment-0-inner\"]"}
COMMAND: POST /session/b0ee303caf718db626ad6d5c1d399bab/element/f.E5342C77FF52C8F876B09F590AF6AC48.d.AB33535A1D19D2D167155ECF64B404AD.e.4988/clear - {}
RESULT: {}
RESULT: {}
COMMAND: POST /session/b0ee303caf718db626ad6d5c1d399bab/element/f.E5342C77FF52C8F876B09F590AF6AC48.d.AB33535A1D19D2D167155ECF64B404AD.e.4988/value - {"text":"307"}
COMMAND: GET /session/b0ee303caf718db626ad6d5c1d399bab/screenshot - {}
RESULT: {"text":"307"}
COMMAND: GET /session/b0ee303caf718db626ad6d5c1d399bab/screenshot - {}
RESULT: {}
RESULT: {}
COMMAND: POST /session/b0ee303caf718db626ad6d5c1d399bab/actions - {"actions":[{"id":"action14","type":"key","parameters":{},"actions":[{"type":"keyDown","value":"î€‡"},{"type":"pause","duration":10},{"type":"keyUp","value":"î€‡"}]}]}
RESULT: {"actions":[{"id":"action14","type":"key","parameters":{},"actions":[{"type":"keyDown","value":"î€‡"},{"type":"pause","duration":10},{"type":"keyUp","value":"î€‡"}]}]}
COMMAND: GET /session/b0ee303caf718db626ad6d5c1d399bab/screenshot - {}
RESULT: {}
COMMAND: POST /session/b0ee303caf718db626ad6d5c1d399bab/execute/async - {"script":"<script> [1562 bytes]","args":[{"selector":{"controlType":"sap.m.Button","viewName":"reusables.view.manageresources.NewResourceUnit","viewId":"application-manageresources-display-component---newResourceUnit","i18NText":{"propertyName":"tooltip","key":"save"},"interaction":{"idSuffix":"BDI-content"}},"wdio_ui5_key":"reusablesview.manageresources.NewResourceUnitsap.m.Button{\"propertyName\":\"tooltip\",\"key\":\"save\"}"}]}
RESULT: {"script":"<script> [1562 bytes]","args":[{"selector":{"controlType":"sap.m.Button","viewName":"reusables.view.manageresources.NewResourceUnit","viewId":"application-manageresources-display-component---newResourceUnit","i18NText":{"propertyName":"tooltip","key":"save"},"interaction":{"idSuffix":"BDI-content"}},"wdio_ui5_key":"reusablesview.manageresources.NewResourceUnitsap.m.Button{\"propertyName\":\"tooltip\",\"key\":\"save\"}"}]}
RESULT: undefined
COMMAND: POST /session/b0ee303caf718db626ad6d5c1d399bab/element - {"using":"xpath","value":"//*[@id=\"application-manageresources-display-component---newResourceUnit--createRuButton\"]"}
RESULT: {"using":"xpath","value":"//*[@id=\"application-manageresources-display-component---newResourceUnit--createRuButton\"]"}
COMMAND: POST /session/b0ee303caf718db626ad6d5c1d399bab/element/f.E5342C77FF52C8F876B09F590AF6AC48.d.AB33535A1D19D2D167155ECF64B404AD.e.4921/click - {}
RESULT: {}
COMMAND: POST /session/b0ee303caf718db626ad6d5c1d399bab/execute/async - {"script":"<script> [1562 bytes]","args":[{"selector":{"controlType":"sap.m.Button","properties":{"text":"Close"},"searchOpenDialogs":true,"interaction":{"idSuffix":"BDI-content"}},"wdio_ui5_key":"sapm.Button{\"text\":\"Close\"}"}]}
COMMAND: GET /session/b0ee303caf718db626ad6d5c1d399bab/screenshot - {}
RESULT: {"script":"<script> [1562 bytes]","args":[{"selector":{"controlType":"sap.m.Button","properties":{"text":"Close"},"searchOpenDialogs":true,"interaction":{"idSuffix":"BDI-content"}},"wdio_ui5_key":"sapm.Button{\"text\":\"Close\"}"}]}
RESULT: undefined
COMMAND: POST /session/b0ee303caf718db626ad6d5c1d399bab/element - {"using":"xpath","value":"//*[@id=\"__mbox-btn-0\"]"}
RESULT: {}
RESULT: {"using":"xpath","value":"//*[@id=\"__mbox-btn-0\"]"}
COMMAND: POST /session/b0ee303caf718db626ad6d5c1d399bab/element/f.E5342C77FF52C8F876B09F590AF6AC48.d.AB33535A1D19D2D167155ECF64B404AD.e.5000/click - {}
RESULT: {}
COMMAND: GET /session/b0ee303caf718db626ad6d5c1d399bab/screenshot - {}
RESULT: {}
COMMAND: POST /session/b0ee303caf718db626ad6d5c1d399bab/execute/async - {"script":"<script> [1562 bytes]","args":[{"selector":{"controlType":"sap.m.Text","viewName":"etm.portal.ui.manageresources.view.Detail","viewId":"application-manageresources-display-component---detailRU","bindingPath":{"propertyPath":"ID","modelName":"catalogModel"}},"wdio_ui5_key":"etmportal.ui.manageresources.view.Detailsap.m.Text{\"propertyPath\":\"ID\",\"modelName\":\"catalogModel\"}"}]}
RESULT: {"script":"<script> [1562 bytes]","args":[{"selector":{"controlType":"sap.m.Text","viewName":"etm.portal.ui.manageresources.view.Detail","viewId":"application-manageresources-display-component---detailRU","bindingPath":{"propertyPath":"ID","modelName":"catalogModel"}},"wdio_ui5_key":"etmportal.ui.manageresources.view.Detailsap.m.Text{\"propertyPath\":\"ID\",\"modelName\":\"catalogModel\"}"}]}
RESULT: undefined
COMMAND: POST /session/b0ee303caf718db626ad6d5c1d399bab/execute/async - {"script":"<script> [6424 bytes]","args":[{"element-6066-11e4-a52e-4f735466cecf":"f.E5342C77FF52C8F876B09F590AF6AC48.d.AB33535A1D19D2D167155ECF64B404AD.e.5030"},"getText",[]]}
RESULT: {"script":"<script> [6424 bytes]","args":[{"element-6066-11e4-a52e-4f735466cecf":"f.E5342C77FF52C8F876B09F590AF6AC48.d.AB33535A1D19D2D167155ECF64B404AD.e.5030"},"getText",[]]}
COMMAND: POST /session/b0ee303caf718db626ad6d5c1d399bab/element - {"using":"css selector","value":"#shell-header-logo"}
RESULT: {"using":"css selector","value":"#shell-header-logo"}
COMMAND: POST /session/b0ee303caf718db626ad6d5c1d399bab/element/f.E5342C77FF52C8F876B09F590AF6AC48.d.AB33535A1D19D2D167155ECF64B404AD.e.4541/click - {}
RESULT: {}
COMMAND: GET /session/b0ee303caf718db626ad6d5c1d399bab/screenshot - {}
RESULT: {}
]]></system-out>
    </testcase>
    <testcase classname="chrome.135_0_7049_96.windows.Provide_to_Site_w/_warehouse_management_w/_clarification_US115878" name="Bin Status Report Should Create New Organization yard" time="41.786">
      <system-out><![CDATA[
COMMAND: POST /session/b0ee303caf718db626ad6d5c1d399bab/execute/async - {"script":"<script> [1562 bytes]","args":[{"selector":{"controlType":"sap.m.GenericTile","properties":{"header":"Bin Status Report"}},"wdio_ui5_key":"sapm.GenericTile{\"header\":\"Bin Status Report\"}"}]}
RESULT: {"script":"<script> [1562 bytes]","args":[{"selector":{"controlType":"sap.m.GenericTile","properties":{"header":"Bin Status Report"}},"wdio_ui5_key":"sapm.GenericTile{\"header\":\"Bin Status Report\"}"}]}
RESULT: undefined
COMMAND: POST /session/b0ee303caf718db626ad6d5c1d399bab/element - {"using":"xpath","value":"//*[@id=\"__tile104\"]"}
RESULT: {"using":"xpath","value":"//*[@id=\"__tile104\"]"}
COMMAND: POST /session/b0ee303caf718db626ad6d5c1d399bab/element/f.E5342C77FF52C8F876B09F590AF6AC48.d.AB33535A1D19D2D167155ECF64B404AD.e.5034/click - {}
RESULT: {}
COMMAND: GET /session/b0ee303caf718db626ad6d5c1d399bab/screenshot - {}
RESULT: {}
COMMAND: POST /session/b0ee303caf718db626ad6d5c1d399bab/execute/async - {"script":"<script> [1562 bytes]","args":[{"selector":{"id":"application-binstatusreport-display-component---warehousing--createOrgBtn","interaction":{"idSuffix":"content"}},"wdio_ui5_key":"applicationbinstatusreport-display-component---warehousing--createOrgBtn"}]}
RESULT: {"script":"<script> [1562 bytes]","args":[{"selector":{"id":"application-binstatusreport-display-component---warehousing--createOrgBtn","interaction":{"idSuffix":"content"}},"wdio_ui5_key":"applicationbinstatusreport-display-component---warehousing--createOrgBtn"}]}
RESULT: undefined
COMMAND: POST /session/b0ee303caf718db626ad6d5c1d399bab/element - {"using":"xpath","value":"//*[@id=\"application-binstatusreport-display-component---warehousing--createOrgBtn\"]"}
RESULT: {"using":"xpath","value":"//*[@id=\"application-binstatusreport-display-component---warehousing--createOrgBtn\"]"}
COMMAND: POST /session/b0ee303caf718db626ad6d5c1d399bab/element/f.E5342C77FF52C8F876B09F590AF6AC48.d.AB33535A1D19D2D167155ECF64B404AD.e.5094/click - {}
RESULT: {}
COMMAND: POST /session/b0ee303caf718db626ad6d5c1d399bab/execute/async - {"script":"<script> [1562 bytes]","args":[{"selector":{"id":"createOrganizationPop--sectionInput","searchOpenDialogs":true,"interaction":{"idSuffix":"inner"}},"wdio_ui5_key":"createOrganizationPopsectionInput"}]}
COMMAND: GET /session/b0ee303caf718db626ad6d5c1d399bab/screenshot - {}
RESULT: {"script":"<script> [1562 bytes]","args":[{"selector":{"id":"createOrganizationPop--sectionInput","searchOpenDialogs":true,"interaction":{"idSuffix":"inner"}},"wdio_ui5_key":"createOrganizationPopsectionInput"}]}
RESULT: undefined
COMMAND: POST /session/b0ee303caf718db626ad6d5c1d399bab/execute/async - {"script":"<script> [776 bytes]","args":[{"enterText":"WDI307","selector":{"id":"createOrganizationPop--sectionInput","searchOpenDialogs":true,"interaction":{"idSuffix":"inner"}},"clearTextFirst":true,"interactionType":"ENTER_TEXT"}]}
RESULT: {}
RESULT: {"script":"<script> [776 bytes]","args":[{"enterText":"WDI307","selector":{"id":"createOrganizationPop--sectionInput","searchOpenDialogs":true,"interaction":{"idSuffix":"inner"}},"clearTextFirst":true,"interactionType":"ENTER_TEXT"}]}
COMMAND: POST /session/b0ee303caf718db626ad6d5c1d399bab/execute/async - {"script":"<script> [1562 bytes]","args":[{"selector":{"id":"createOrganizationPop--descriptionInput","searchOpenDialogs":true,"interaction":{"idSuffix":"inner"}},"wdio_ui5_key":"createOrganizationPopdescriptionInput"}]}
RESULT: {"script":"<script> [1562 bytes]","args":[{"selector":{"id":"createOrganizationPop--descriptionInput","searchOpenDialogs":true,"interaction":{"idSuffix":"inner"}},"wdio_ui5_key":"createOrganizationPopdescriptionInput"}]}
RESULT: undefined
COMMAND: POST /session/b0ee303caf718db626ad6d5c1d399bab/execute/async - {"script":"<script> [776 bytes]","args":[{"enterText":"Shipping307","selector":{"id":"createOrganizationPop--descriptionInput","searchOpenDialogs":true,"interaction":{"idSuffix":"inner"}},"clearTextFirst":true,"interactionType":"ENTER_TEXT"}]}
RESULT: {"script":"<script> [776 bytes]","args":[{"enterText":"Shipping307","selector":{"id":"createOrganizationPop--descriptionInput","searchOpenDialogs":true,"interaction":{"idSuffix":"inner"}},"clearTextFirst":true,"interactionType":"ENTER_TEXT"}]}
COMMAND: POST /session/b0ee303caf718db626ad6d5c1d399bab/element - {"using":"css selector","value":"#createOrganizationPop--yardOrg-inner"}
RESULT: {"using":"css selector","value":"#createOrganizationPop--yardOrg-inner"}
COMMAND: POST /session/b0ee303caf718db626ad6d5c1d399bab/element/f.E5342C77FF52C8F876B09F590AF6AC48.d.AB33535A1D19D2D167155ECF64B404AD.e.5111/clear - {}
RESULT: {}
COMMAND: POST /session/b0ee303caf718db626ad6d5c1d399bab/element/f.E5342C77FF52C8F876B09F590AF6AC48.d.AB33535A1D19D2D167155ECF64B404AD.e.5111/value - {"text":"307"}
COMMAND: GET /session/b0ee303caf718db626ad6d5c1d399bab/screenshot - {}
RESULT: {"text":"307"}
COMMAND: GET /session/b0ee303caf718db626ad6d5c1d399bab/screenshot - {}
RESULT: {}
RESULT: {}
COMMAND: POST /session/b0ee303caf718db626ad6d5c1d399bab/actions - {"actions":[{"id":"action15","type":"key","parameters":{},"actions":[{"type":"keyDown","value":"î€‡"},{"type":"pause","duration":10},{"type":"keyUp","value":"î€‡"}]}]}
RESULT: {"actions":[{"id":"action15","type":"key","parameters":{},"actions":[{"type":"keyDown","value":"î€‡"},{"type":"pause","duration":10},{"type":"keyUp","value":"î€‡"}]}]}
COMMAND: POST /session/b0ee303caf718db626ad6d5c1d399bab/execute/async - {"script":"<script> [1562 bytes]","args":[{"selector":{"id":"createOrganizationPop--grZone","searchOpenDialogs":true,"interaction":{"idSuffix":"CbBg"}},"wdio_ui5_key":"createOrganizationPopgrZone"}]}
COMMAND: GET /session/b0ee303caf718db626ad6d5c1d399bab/screenshot - {}
RESULT: {"script":"<script> [1562 bytes]","args":[{"selector":{"id":"createOrganizationPop--grZone","searchOpenDialogs":true,"interaction":{"idSuffix":"CbBg"}},"wdio_ui5_key":"createOrganizationPopgrZone"}]}
RESULT: undefined
COMMAND: POST /session/b0ee303caf718db626ad6d5c1d399bab/element - {"using":"xpath","value":"//*[@id=\"createOrganizationPop--grZone\"]"}
RESULT: {}
RESULT: {"using":"xpath","value":"//*[@id=\"createOrganizationPop--grZone\"]"}
COMMAND: POST /session/b0ee303caf718db626ad6d5c1d399bab/element/f.E5342C77FF52C8F876B09F590AF6AC48.d.AB33535A1D19D2D167155ECF64B404AD.e.5132/click - {}
RESULT: {}
COMMAND: POST /session/b0ee303caf718db626ad6d5c1d399bab/execute/async - {"script":"<script> [1562 bytes]","args":[{"selector":{"id":"createOrganizationPop--giZone","searchOpenDialogs":true,"interaction":{"idSuffix":"CbBg"}},"wdio_ui5_key":"createOrganizationPopgiZone"}]}
COMMAND: GET /session/b0ee303caf718db626ad6d5c1d399bab/screenshot - {}
RESULT: {"script":"<script> [1562 bytes]","args":[{"selector":{"id":"createOrganizationPop--giZone","searchOpenDialogs":true,"interaction":{"idSuffix":"CbBg"}},"wdio_ui5_key":"createOrganizationPopgiZone"}]}
RESULT: undefined
COMMAND: POST /session/b0ee303caf718db626ad6d5c1d399bab/element - {"using":"xpath","value":"//*[@id=\"createOrganizationPop--giZone\"]"}
RESULT: {}
RESULT: {"using":"xpath","value":"//*[@id=\"createOrganizationPop--giZone\"]"}
COMMAND: POST /session/b0ee303caf718db626ad6d5c1d399bab/element/f.E5342C77FF52C8F876B09F590AF6AC48.d.AB33535A1D19D2D167155ECF64B404AD.e.5134/click - {}
RESULT: {}
COMMAND: POST /session/b0ee303caf718db626ad6d5c1d399bab/execute/async - {"script":"<script> [1562 bytes]","args":[{"selector":{"id":"createOrganizationPop--binNoInput","searchOpenDialogs":true,"interaction":{"idSuffix":"inner"}},"wdio_ui5_key":"createOrganizationPopbinNoInput"}]}
COMMAND: GET /session/b0ee303caf718db626ad6d5c1d399bab/screenshot - {}
RESULT: {"script":"<script> [1562 bytes]","args":[{"selector":{"id":"createOrganizationPop--binNoInput","searchOpenDialogs":true,"interaction":{"idSuffix":"inner"}},"wdio_ui5_key":"createOrganizationPopbinNoInput"}]}
RESULT: undefined
COMMAND: POST /session/b0ee303caf718db626ad6d5c1d399bab/execute/async - {"script":"<script> [776 bytes]","args":[{"enterText":"Bin-Wd","selector":{"id":"createOrganizationPop--binNoInput","searchOpenDialogs":true,"interaction":{"idSuffix":"inner"}},"clearTextFirst":true,"interactionType":"ENTER_TEXT"}]}
RESULT: {}
RESULT: {"script":"<script> [776 bytes]","args":[{"enterText":"Bin-Wd","selector":{"id":"createOrganizationPop--binNoInput","searchOpenDialogs":true,"interaction":{"idSuffix":"inner"}},"clearTextFirst":true,"interactionType":"ENTER_TEXT"}]}
COMMAND: POST /session/b0ee303caf718db626ad6d5c1d399bab/execute/async - {"script":"<script> [1562 bytes]","args":[{"selector":{"id":"createOrganizationPop--descriptionId","searchOpenDialogs":true,"interaction":{"idSuffix":"inner"}},"wdio_ui5_key":"createOrganizationPopdescriptionId"}]}
RESULT: {"script":"<script> [1562 bytes]","args":[{"selector":{"id":"createOrganizationPop--descriptionId","searchOpenDialogs":true,"interaction":{"idSuffix":"inner"}},"wdio_ui5_key":"createOrganizationPopdescriptionId"}]}
RESULT: undefined
COMMAND: POST /session/b0ee303caf718db626ad6d5c1d399bab/execute/async - {"script":"<script> [776 bytes]","args":[{"enterText":"Shipping-Wd","selector":{"id":"createOrganizationPop--descriptionId","searchOpenDialogs":true,"interaction":{"idSuffix":"inner"}},"clearTextFirst":true,"interactionType":"ENTER_TEXT"}]}
RESULT: {"script":"<script> [776 bytes]","args":[{"enterText":"Shipping-Wd","selector":{"id":"createOrganizationPop--descriptionId","searchOpenDialogs":true,"interaction":{"idSuffix":"inner"}},"clearTextFirst":true,"interactionType":"ENTER_TEXT"}]}
COMMAND: POST /session/b0ee303caf718db626ad6d5c1d399bab/execute/async - {"script":"<script> [1562 bytes]","args":[{"selector":{"controlType":"sap.m.CheckBox","viewName":"etm.portal.ui.binstatusreport.view.MasterWareBins","viewId":"application-binstatusreport-display-component---warehousing","bindingPath":{"path":"","propertyPath":"/ZONE","modelName":"newBin"},"searchOpenDialogs":true,"interaction":{"idSuffix":"CbBg"}},"wdio_ui5_key":"etmportal.ui.binstatusreport.view.MasterWareBinssap.m.CheckBox{\"path\":\"\",\"propertyPath\":\"/ZONE\",\"modelName\":\"newBin\"}"}]}
RESULT: {"script":"<script> [1562 bytes]","args":[{"selector":{"controlType":"sap.m.CheckBox","viewName":"etm.portal.ui.binstatusreport.view.MasterWareBins","viewId":"application-binstatusreport-display-component---warehousing","bindingPath":{"path":"","propertyPath":"/ZONE","modelName":"newBin"},"searchOpenDialogs":true,"interaction":{"idSuffix":"CbBg"}},"wdio_ui5_key":"etmportal.ui.binstatusreport.view.MasterWareBinssap.m.CheckBox{\"path\":\"\",\"propertyPath\":\"/ZONE\",\"modelName\":\"newBin\"}"}]}
RESULT: undefined
COMMAND: POST /session/b0ee303caf718db626ad6d5c1d399bab/element - {"using":"xpath","value":"//*[@id=\"__box55\"]"}
RESULT: {"using":"xpath","value":"//*[@id=\"__box55\"]"}
COMMAND: POST /session/b0ee303caf718db626ad6d5c1d399bab/element/f.E5342C77FF52C8F876B09F590AF6AC48.d.AB33535A1D19D2D167155ECF64B404AD.e.5138/click - {}
RESULT: {}
COMMAND: POST /session/b0ee303caf718db626ad6d5c1d399bab/execute/async - {"script":"<script> [1562 bytes]","args":[{"selector":{"id":"createOrganizationPop--binTypesCB","searchOpenDialogs":true,"interaction":{"idSuffix":"inner"}},"wdio_ui5_key":"createOrganizationPopbinTypesCB"}]}
COMMAND: GET /session/b0ee303caf718db626ad6d5c1d399bab/screenshot - {}
RESULT: {"script":"<script> [1562 bytes]","args":[{"selector":{"id":"createOrganizationPop--binTypesCB","searchOpenDialogs":true,"interaction":{"idSuffix":"inner"}},"wdio_ui5_key":"createOrganizationPopbinTypesCB"}]}
RESULT: undefined
COMMAND: POST /session/b0ee303caf718db626ad6d5c1d399bab/execute/async - {"script":"<script> [776 bytes]","args":[{"enterText":"1 - General / No capacity check","selector":{"id":"createOrganizationPop--binTypesCB","searchOpenDialogs":true,"interaction":{"idSuffix":"inner"}},"clearTextFirst":true,"interactionType":"ENTER_TEXT"}]}
RESULT: {}
RESULT: {"script":"<script> [776 bytes]","args":[{"enterText":"1 - General / No capacity check","selector":{"id":"createOrganizationPop--binTypesCB","searchOpenDialogs":true,"interaction":{"idSuffix":"inner"}},"clearTextFirst":true,"interactionType":"ENTER_TEXT"}]}
COMMAND: POST /session/b0ee303caf718db626ad6d5c1d399bab/actions - {"actions":[{"id":"action16","type":"key","parameters":{},"actions":[{"type":"keyDown","value":"î€‡"},{"type":"pause","duration":10},{"type":"keyUp","value":"î€‡"}]}]}
RESULT: {"actions":[{"id":"action16","type":"key","parameters":{},"actions":[{"type":"keyDown","value":"î€‡"},{"type":"pause","duration":10},{"type":"keyUp","value":"î€‡"}]}]}
COMMAND: GET /session/b0ee303caf718db626ad6d5c1d399bab/screenshot - {}
RESULT: {}
COMMAND: POST /session/b0ee303caf718db626ad6d5c1d399bab/execute/async - {"script":"<script> [1562 bytes]","args":[{"selector":{"id":"createOrganizationPop--finishBtn","searchOpenDialogs":true,"interaction":{"idSuffix":"BDI-content"}},"wdio_ui5_key":"createOrganizationPopfinishBtn"}]}
RESULT: {"script":"<script> [1562 bytes]","args":[{"selector":{"id":"createOrganizationPop--finishBtn","searchOpenDialogs":true,"interaction":{"idSuffix":"BDI-content"}},"wdio_ui5_key":"createOrganizationPopfinishBtn"}]}
RESULT: undefined
COMMAND: POST /session/b0ee303caf718db626ad6d5c1d399bab/element - {"using":"xpath","value":"//*[@id=\"createOrganizationPop--finishBtn\"]"}
RESULT: {"using":"xpath","value":"//*[@id=\"createOrganizationPop--finishBtn\"]"}
COMMAND: POST /session/b0ee303caf718db626ad6d5c1d399bab/element/f.E5342C77FF52C8F876B09F590AF6AC48.d.AB33535A1D19D2D167155ECF64B404AD.e.5141/click - {}
RESULT: {}
]]></system-out>
    </testcase>
    <testcase classname="chrome.135_0_7049_96.windows.Provide_to_Site_w/_warehouse_management_w/_clarification_US115878" name="Bin Status Report Should Create New Organization for Site" time="33.862">
      <system-out><![CDATA[
COMMAND: GET /session/b0ee303caf718db626ad6d5c1d399bab/screenshot - {}
RESULT: {}
RESULT: undefined
COMMAND: POST /session/b0ee303caf718db626ad6d5c1d399bab/element - {"using":"xpath","value":"//*[@id=\"application-binstatusreport-display-component---warehousing--createOrgBtn\"]"}
RESULT: {"using":"xpath","value":"//*[@id=\"application-binstatusreport-display-component---warehousing--createOrgBtn\"]"}
COMMAND: POST /session/b0ee303caf718db626ad6d5c1d399bab/element/f.E5342C77FF52C8F876B09F590AF6AC48.d.AB33535A1D19D2D167155ECF64B404AD.e.5094/click - {}
RESULT: {}
RESULT: undefined
COMMAND: POST /session/b0ee303caf718db626ad6d5c1d399bab/execute/async - {"script":"<script> [776 bytes]","args":[{"enterText":"2156","selector":{"id":"createOrganizationPop--sectionInput","searchOpenDialogs":true,"interaction":{"idSuffix":"inner"}},"clearTextFirst":true,"interactionType":"ENTER_TEXT"}]}
COMMAND: GET /session/b0ee303caf718db626ad6d5c1d399bab/screenshot - {}
RESULT: {"script":"<script> [776 bytes]","args":[{"enterText":"2156","selector":{"id":"createOrganizationPop--sectionInput","searchOpenDialogs":true,"interaction":{"idSuffix":"inner"}},"clearTextFirst":true,"interactionType":"ENTER_TEXT"}]}
RESULT: undefined
COMMAND: POST /session/b0ee303caf718db626ad6d5c1d399bab/execute/async - {"script":"<script> [776 bytes]","args":[{"enterText":"WDI2156","selector":{"id":"createOrganizationPop--descriptionInput","searchOpenDialogs":true,"interaction":{"idSuffix":"inner"}},"clearTextFirst":true,"interactionType":"ENTER_TEXT"}]}
RESULT: {}
RESULT: {"script":"<script> [776 bytes]","args":[{"enterText":"WDI2156","selector":{"id":"createOrganizationPop--descriptionInput","searchOpenDialogs":true,"interaction":{"idSuffix":"inner"}},"clearTextFirst":true,"interactionType":"ENTER_TEXT"}]}
COMMAND: POST /session/b0ee303caf718db626ad6d5c1d399bab/element - {"using":"css selector","value":"#createOrganizationPop--siteOrg-inner"}
RESULT: {"using":"css selector","value":"#createOrganizationPop--siteOrg-inner"}
COMMAND: POST /session/b0ee303caf718db626ad6d5c1d399bab/element/f.E5342C77FF52C8F876B09F590AF6AC48.d.AB33535A1D19D2D167155ECF64B404AD.e.5147/clear - {}
RESULT: {}
COMMAND: POST /session/b0ee303caf718db626ad6d5c1d399bab/element/f.E5342C77FF52C8F876B09F590AF6AC48.d.AB33535A1D19D2D167155ECF64B404AD.e.5147/value - {"text":"2156"}
COMMAND: GET /session/b0ee303caf718db626ad6d5c1d399bab/screenshot - {}
RESULT: {"text":"2156"}
COMMAND: GET /session/b0ee303caf718db626ad6d5c1d399bab/screenshot - {}
RESULT: {}
RESULT: {}
COMMAND: POST /session/b0ee303caf718db626ad6d5c1d399bab/actions - {"actions":[{"id":"action17","type":"key","parameters":{},"actions":[{"type":"keyDown","value":"î€‡"},{"type":"pause","duration":10},{"type":"keyUp","value":"î€‡"}]}]}
RESULT: {"actions":[{"id":"action17","type":"key","parameters":{},"actions":[{"type":"keyDown","value":"î€‡"},{"type":"pause","duration":10},{"type":"keyUp","value":"î€‡"}]}]}
RESULT: undefined
COMMAND: POST /session/b0ee303caf718db626ad6d5c1d399bab/element - {"using":"xpath","value":"//*[@id=\"createOrganizationPop--giZone\"]"}
COMMAND: GET /session/b0ee303caf718db626ad6d5c1d399bab/screenshot - {}
RESULT: {"using":"xpath","value":"//*[@id=\"createOrganizationPop--giZone\"]"}
COMMAND: POST /session/b0ee303caf718db626ad6d5c1d399bab/element/f.E5342C77FF52C8F876B09F590AF6AC48.d.AB33535A1D19D2D167155ECF64B404AD.e.5165/click - {}
RESULT: {}
RESULT: {}
RESULT: undefined
COMMAND: POST /session/b0ee303caf718db626ad6d5c1d399bab/execute/async - {"script":"<script> [776 bytes]","args":[{"enterText":"WD-BIN","selector":{"id":"createOrganizationPop--binNoInput","searchOpenDialogs":true,"interaction":{"idSuffix":"inner"}},"clearTextFirst":true,"interactionType":"ENTER_TEXT"}]}
COMMAND: GET /session/b0ee303caf718db626ad6d5c1d399bab/screenshot - {}
RESULT: {"script":"<script> [776 bytes]","args":[{"enterText":"WD-BIN","selector":{"id":"createOrganizationPop--binNoInput","searchOpenDialogs":true,"interaction":{"idSuffix":"inner"}},"clearTextFirst":true,"interactionType":"ENTER_TEXT"}]}
RESULT: undefined
COMMAND: POST /session/b0ee303caf718db626ad6d5c1d399bab/execute/async - {"script":"<script> [776 bytes]","args":[{"enterText":"WD-BIN","selector":{"id":"createOrganizationPop--descriptionId","searchOpenDialogs":true,"interaction":{"idSuffix":"inner"}},"clearTextFirst":true,"interactionType":"ENTER_TEXT"}]}
RESULT: {}
RESULT: {"script":"<script> [776 bytes]","args":[{"enterText":"WD-BIN","selector":{"id":"createOrganizationPop--descriptionId","searchOpenDialogs":true,"interaction":{"idSuffix":"inner"}},"clearTextFirst":true,"interactionType":"ENTER_TEXT"}]}
COMMAND: POST /session/b0ee303caf718db626ad6d5c1d399bab/execute/async - {"script":"<script> [1562 bytes]","args":[{"selector":{"controlType":"sap.m.CheckBox","viewName":"etm.portal.ui.binstatusreport.view.MasterWareBins","viewId":"application-binstatusreport-display-component---warehousing","bindingPath":{"propertyPath":"/ZONE","modelName":"newBin"},"searchOpenDialogs":true,"interaction":{"idSuffix":"CbBg"}},"wdio_ui5_key":"etmportal.ui.binstatusreport.view.MasterWareBinssap.m.CheckBox{\"propertyPath\":\"/ZONE\",\"modelName\":\"newBin\"}"}]}
RESULT: {"script":"<script> [1562 bytes]","args":[{"selector":{"controlType":"sap.m.CheckBox","viewName":"etm.portal.ui.binstatusreport.view.MasterWareBins","viewId":"application-binstatusreport-display-component---warehousing","bindingPath":{"propertyPath":"/ZONE","modelName":"newBin"},"searchOpenDialogs":true,"interaction":{"idSuffix":"CbBg"}},"wdio_ui5_key":"etmportal.ui.binstatusreport.view.MasterWareBinssap.m.CheckBox{\"propertyPath\":\"/ZONE\",\"modelName\":\"newBin\"}"}]}
RESULT: undefined
COMMAND: POST /session/b0ee303caf718db626ad6d5c1d399bab/element - {"using":"xpath","value":"//*[@id=\"__box58\"]"}
RESULT: {"using":"xpath","value":"//*[@id=\"__box58\"]"}
COMMAND: POST /session/b0ee303caf718db626ad6d5c1d399bab/element/f.E5342C77FF52C8F876B09F590AF6AC48.d.AB33535A1D19D2D167155ECF64B404AD.e.5167/click - {}
RESULT: {}
COMMAND: GET /session/b0ee303caf718db626ad6d5c1d399bab/screenshot - {}
RESULT: {}
RESULT: undefined
COMMAND: POST /session/b0ee303caf718db626ad6d5c1d399bab/execute/async - {"script":"<script> [776 bytes]","args":[{"enterText":"1 - General / No capacity check","selector":{"id":"createOrganizationPop--binTypesCB","searchOpenDialogs":true,"interaction":{"idSuffix":"inner"}},"clearTextFirst":true,"interactionType":"ENTER_TEXT"}]}
RESULT: {"script":"<script> [776 bytes]","args":[{"enterText":"1 - General / No capacity check","selector":{"id":"createOrganizationPop--binTypesCB","searchOpenDialogs":true,"interaction":{"idSuffix":"inner"}},"clearTextFirst":true,"interactionType":"ENTER_TEXT"}]}
COMMAND: POST /session/b0ee303caf718db626ad6d5c1d399bab/execute/async - {"script":"<script> [1562 bytes]","args":[{"selector":{"id":"createOrganizationPop--capacityId","searchOpenDialogs":true,"interaction":{"idSuffix":"inner"}},"wdio_ui5_key":"createOrganizationPopcapacityId"}]}
RESULT: {"script":"<script> [1562 bytes]","args":[{"selector":{"id":"createOrganizationPop--capacityId","searchOpenDialogs":true,"interaction":{"idSuffix":"inner"}},"wdio_ui5_key":"createOrganizationPopcapacityId"}]}
RESULT: undefined
COMMAND: POST /session/b0ee303caf718db626ad6d5c1d399bab/actions - {"actions":[{"id":"action18","type":"key","parameters":{},"actions":[{"type":"keyDown","value":"î€‡"},{"type":"pause","duration":10},{"type":"keyUp","value":"î€‡"}]}]}
RESULT: {"actions":[{"id":"action18","type":"key","parameters":{},"actions":[{"type":"keyDown","value":"î€‡"},{"type":"pause","duration":10},{"type":"keyUp","value":"î€‡"}]}]}
COMMAND: GET /session/b0ee303caf718db626ad6d5c1d399bab/screenshot - {}
RESULT: {}
RESULT: undefined
COMMAND: POST /session/b0ee303caf718db626ad6d5c1d399bab/element - {"using":"xpath","value":"//*[@id=\"createOrganizationPop--finishBtn\"]"}
RESULT: {"using":"xpath","value":"//*[@id=\"createOrganizationPop--finishBtn\"]"}
COMMAND: POST /session/b0ee303caf718db626ad6d5c1d399bab/element/f.E5342C77FF52C8F876B09F590AF6AC48.d.AB33535A1D19D2D167155ECF64B404AD.e.5174/click - {}
RESULT: {}
COMMAND: POST /session/b0ee303caf718db626ad6d5c1d399bab/element - {"using":"css selector","value":"#shell-header-logo"}
COMMAND: GET /session/b0ee303caf718db626ad6d5c1d399bab/screenshot - {}
RESULT: {"using":"css selector","value":"#shell-header-logo"}
COMMAND: POST /session/b0ee303caf718db626ad6d5c1d399bab/element/f.E5342C77FF52C8F876B09F590AF6AC48.d.AB33535A1D19D2D167155ECF64B404AD.e.5040/click - {}
RESULT: {}
RESULT: {}
COMMAND: GET /session/b0ee303caf718db626ad6d5c1d399bab/screenshot - {}
]]></system-out>
    </testcase>
  </testsuite>
  <testsuite timestamp="2025-04-28T06:30:13" time="490.847" tests="6" failures="2" errors="2" skipped="0">
    <properties>
      <property name="specId" value="0" />
      <property name="suiteName" value="Provide to Site w/ warehouse management w clarification" />
      <property name="capabilities" value="chrome.135_0_7049_96.windows" />
      <property name="file" value="file:///D:/a/1/s/test/specs/HTR/provide-to-site-w-warehouse-w-clarification.spec.js" />
    </properties>
    <testcase classname="chrome.135_0_7049_96.windows.Provide_to_Site_w/_warehouse_management_w_clarification" name="Should do a stock increase handover" time="74.365">
      <system-out><![CDATA[
COMMAND: POST /session/b0ee303caf718db626ad6d5c1d399bab/execute/async - {"script":"<script> [1562 bytes]","args":[{"selector":{"controlType":"sap.m.GenericTile","properties":{"header":"Manage Handovers"}},"wdio_ui5_key":"sapm.GenericTile{\"header\":\"Manage Handovers\"}"}]}
RESULT: {}
RESULT: {"script":"<script> [1562 bytes]","args":[{"selector":{"controlType":"sap.m.GenericTile","properties":{"header":"Manage Handovers"}},"wdio_ui5_key":"sapm.GenericTile{\"header\":\"Manage Handovers\"}"}]}
RESULT: undefined
COMMAND: POST /session/b0ee303caf718db626ad6d5c1d399bab/element - {"using":"xpath","value":"//*[@id=\"__tile132\"]"}
RESULT: {"using":"xpath","value":"//*[@id=\"__tile132\"]"}
COMMAND: POST /session/b0ee303caf718db626ad6d5c1d399bab/element/f.E5342C77FF52C8F876B09F590AF6AC48.d.AB33535A1D19D2D167155ECF64B404AD.e.2280/click - {}
RESULT: {}
COMMAND: GET /session/b0ee303caf718db626ad6d5c1d399bab/screenshot - {}
RESULT: {}
COMMAND: POST /session/b0ee303caf718db626ad6d5c1d399bab/element - {"using":"xpath","value":"//button[(@data-kt = 'masterHOAddButton')]"}
RESULT: {"using":"xpath","value":"//button[(@data-kt = 'masterHOAddButton')]"}
COMMAND: POST /session/b0ee303caf718db626ad6d5c1d399bab/elements - {"using":"xpath","value":"//button[(@data-kt = 'masterHOAddButton')]"}
RESULT: {"using":"xpath","value":"//button[(@data-kt = 'masterHOAddButton')]"}
COMMAND: POST /session/b0ee303caf718db626ad6d5c1d399bab/elements - {"using":"xpath","value":"//button[(@data-kt = 'masterHOAddButton')]"}
RESULT: {"using":"xpath","value":"//button[(@data-kt = 'masterHOAddButton')]"}
COMMAND: POST /session/b0ee303caf718db626ad6d5c1d399bab/element - {"using":"xpath","value":"//button[(@data-kt = 'masterHOAddButton')]"}
RESULT: {"using":"xpath","value":"//button[(@data-kt = 'masterHOAddButton')]"}
COMMAND: POST /session/b0ee303caf718db626ad6d5c1d399bab/element/f.E5342C77FF52C8F876B09F590AF6AC48.d.AB33535A1D19D2D167155ECF64B404AD.e.5220/click - {}
RESULT: {}
COMMAND: POST /session/b0ee303caf718db626ad6d5c1d399bab/element - {"using":"css selector","value":"span[id=\"application-managehandovers-display-component---AddNewHO--typeSelect-label\"]"}
COMMAND: GET /session/b0ee303caf718db626ad6d5c1d399bab/screenshot - {}
RESULT: {"using":"css selector","value":"span[id=\"application-managehandovers-display-component---AddNewHO--typeSelect-label\"]"}
COMMAND: POST /session/b0ee303caf718db626ad6d5c1d399bab/elements - {"using":"css selector","value":"span[id=\"application-managehandovers-display-component---AddNewHO--typeSelect-label\"]"}
RESULT: {}
RESULT: {"using":"css selector","value":"span[id=\"application-managehandovers-display-component---AddNewHO--typeSelect-label\"]"}
COMMAND: POST /session/b0ee303caf718db626ad6d5c1d399bab/element - {"using":"css selector","value":"span[id=\"application-managehandovers-display-component---AddNewHO--typeSelect-label\"]"}
RESULT: {"using":"css selector","value":"span[id=\"application-managehandovers-display-component---AddNewHO--typeSelect-label\"]"}
COMMAND: POST /session/b0ee303caf718db626ad6d5c1d399bab/element/f.E5342C77FF52C8F876B09F590AF6AC48.d.AB33535A1D19D2D167155ECF64B404AD.e.5361/click - {}
RESULT: {}
COMMAND: POST /session/b0ee303caf718db626ad6d5c1d399bab/element - {"using":"css selector","value":"#application-managehandovers-display-component---AddNewHO--oneStep-CB"}
COMMAND: GET /session/b0ee303caf718db626ad6d5c1d399bab/screenshot - {}
RESULT: {"using":"css selector","value":"#application-managehandovers-display-component---AddNewHO--oneStep-CB"}
COMMAND: GET /session/b0ee303caf718db626ad6d5c1d399bab/element/f.E5342C77FF52C8F876B09F590AF6AC48.d.AB33535A1D19D2D167155ECF64B404AD.e.5319/selected - {}
RESULT: {}
RESULT: {}
COMMAND: POST /session/b0ee303caf718db626ad6d5c1d399bab/element - {"using":"xpath","value":"//li[contains(text(), \"stock increase yard\")]"}
COMMAND: GET /session/b0ee303caf718db626ad6d5c1d399bab/screenshot - {}
RESULT: {"using":"xpath","value":"//li[contains(text(), \"stock increase yard\")]"}
COMMAND: POST /session/b0ee303caf718db626ad6d5c1d399bab/element/f.E5342C77FF52C8F876B09F590AF6AC48.d.AB33535A1D19D2D167155ECF64B404AD.e.5362/click - {}
RESULT: {}
RESULT: {}
COMMAND: GET /session/b0ee303caf718db626ad6d5c1d399bab/screenshot - {}
RESULT: {}
COMMAND: POST /session/b0ee303caf718db626ad6d5c1d399bab/element - {"using":"css selector","value":"input[id=\"generalSectionFrg--receiveYard-inner\"]"}
RESULT: {"using":"css selector","value":"input[id=\"generalSectionFrg--receiveYard-inner\"]"}
COMMAND: POST /session/b0ee303caf718db626ad6d5c1d399bab/element/f.E5342C77FF52C8F876B09F590AF6AC48.d.AB33535A1D19D2D167155ECF64B404AD.e.5372/clear - {}
RESULT: {}
COMMAND: POST /session/b0ee303caf718db626ad6d5c1d399bab/element/f.E5342C77FF52C8F876B09F590AF6AC48.d.AB33535A1D19D2D167155ECF64B404AD.e.5372/value - {"text":"307"}
COMMAND: GET /session/b0ee303caf718db626ad6d5c1d399bab/screenshot - {}
RESULT: {"text":"307"}
COMMAND: GET /session/b0ee303caf718db626ad6d5c1d399bab/screenshot - {}
RESULT: {}
RESULT: {}
COMMAND: POST /session/b0ee303caf718db626ad6d5c1d399bab/element - {"using":"css selector","value":"#application-managehandovers-display-component---AddNewHO--dueDate-inner"}
RESULT: {"using":"css selector","value":"#application-managehandovers-display-component---AddNewHO--dueDate-inner"}
COMMAND: POST /session/b0ee303caf718db626ad6d5c1d399bab/element/f.E5342C77FF52C8F876B09F590AF6AC48.d.AB33535A1D19D2D167155ECF64B404AD.e.5366/clear - {}
RESULT: {}
COMMAND: POST /session/b0ee303caf718db626ad6d5c1d399bab/element/f.E5342C77FF52C8F876B09F590AF6AC48.d.AB33535A1D19D2D167155ECF64B404AD.e.5366/value - {"text":"4/28/25"}
COMMAND: GET /session/b0ee303caf718db626ad6d5c1d399bab/screenshot - {}
RESULT: {"text":"4/28/25"}
COMMAND: GET /session/b0ee303caf718db626ad6d5c1d399bab/screenshot - {}
RESULT: {}
RESULT: {}
COMMAND: POST /session/b0ee303caf718db626ad6d5c1d399bab/element - {"using":"xpath","value":"//bdi[(text() = 'Items' or . = 'Items')]"}
RESULT: {"using":"xpath","value":"//bdi[(text() = 'Items' or . = 'Items')]"}
COMMAND: POST /session/b0ee303caf718db626ad6d5c1d399bab/element/f.E5342C77FF52C8F876B09F590AF6AC48.d.AB33535A1D19D2D167155ECF64B404AD.e.5387/click - {}
RESULT: {}
COMMAND: GET /session/b0ee303caf718db626ad6d5c1d399bab/screenshot - {}
RESULT: {}
COMMAND: POST /session/b0ee303caf718db626ad6d5c1d399bab/element - {"using":"xpath","value":"//button[@aria-label=\"Add\"]"}
RESULT: {"using":"xpath","value":"//button[@aria-label=\"Add\"]"}
COMMAND: POST /session/b0ee303caf718db626ad6d5c1d399bab/element/f.E5342C77FF52C8F876B09F590AF6AC48.d.AB33535A1D19D2D167155ECF64B404AD.e.5392/click - {}
RESULT: {}
COMMAND: GET /session/b0ee303caf718db626ad6d5c1d399bab/screenshot - {}
RESULT: {}
COMMAND: POST /session/b0ee303caf718db626ad6d5c1d399bab/element - {"using":"css selector","value":"input[id= \"application-managehandovers-display-component---AddNewHO--smartFilterBar-btnBasicSearch-I\"]"}
RESULT: {"using":"css selector","value":"input[id= \"application-managehandovers-display-component---AddNewHO--smartFilterBar-btnBasicSearch-I\"]"}
COMMAND: POST /session/b0ee303caf718db626ad6d5c1d399bab/element/f.E5342C77FF52C8F876B09F590AF6AC48.d.AB33535A1D19D2D167155ECF64B404AD.e.5396/clear - {}
RESULT: {}
COMMAND: POST /session/b0ee303caf718db626ad6d5c1d399bab/element/f.E5342C77FF52C8F876B09F590AF6AC48.d.AB33535A1D19D2D167155ECF64B404AD.e.5396/value - {"text":"200140"}
COMMAND: GET /session/b0ee303caf718db626ad6d5c1d399bab/screenshot - {}
RESULT: {"text":"200140"}
COMMAND: POST /session/b0ee303caf718db626ad6d5c1d399bab/actions - {"actions":[{"id":"action19","type":"key","parameters":{},"actions":[{"type":"keyDown","value":"î€‡"},{"type":"pause","duration":10},{"type":"keyUp","value":"î€‡"}]}]}
COMMAND: GET /session/b0ee303caf718db626ad6d5c1d399bab/screenshot - {}
RESULT: {}
RESULT: {"actions":[{"id":"action19","type":"key","parameters":{},"actions":[{"type":"keyDown","value":"î€‡"},{"type":"pause","duration":10},{"type":"keyUp","value":"î€‡"}]}]}
COMMAND: POST /session/b0ee303caf718db626ad6d5c1d399bab/element - {"using":"css selector","value":"div[id= \"application-managehandovers-display-component---AddNewHO--smartFilterBar-btnBasicSearch-search\"]"}
COMMAND: GET /session/b0ee303caf718db626ad6d5c1d399bab/screenshot - {}
RESULT: {}
RESULT: {"using":"css selector","value":"div[id= \"application-managehandovers-display-component---AddNewHO--smartFilterBar-btnBasicSearch-search\"]"}
COMMAND: POST /session/b0ee303caf718db626ad6d5c1d399bab/element/f.E5342C77FF52C8F876B09F590AF6AC48.d.AB33535A1D19D2D167155ECF64B404AD.e.5546/click - {}
RESULT: {}
RESULT: {}
COMMAND: GET /session/b0ee303caf718db626ad6d5c1d399bab/screenshot - {}
RESULT: {}
COMMAND: POST /session/b0ee303caf718db626ad6d5c1d399bab/element - {"using":"css selector","value":"div[id= \"application-managehandovers-display-component---AddNewHO--popup-sa-CbBg\"]"}
RESULT: {"using":"css selector","value":"div[id= \"application-managehandovers-display-component---AddNewHO--popup-sa-CbBg\"]"}
COMMAND: POST /session/b0ee303caf718db626ad6d5c1d399bab/element/f.E5342C77FF52C8F876B09F590AF6AC48.d.AB33535A1D19D2D167155ECF64B404AD.e.5547/click - {}
RESULT: {}
COMMAND: POST /session/b0ee303caf718db626ad6d5c1d399bab/element - {"using":"xpath","value":"//bdi[(text() = 'Select' or . = 'Select')]"}
COMMAND: GET /session/b0ee303caf718db626ad6d5c1d399bab/screenshot - {}
RESULT: {"using":"xpath","value":"//bdi[(text() = 'Select' or . = 'Select')]"}
COMMAND: POST /session/b0ee303caf718db626ad6d5c1d399bab/element/f.E5342C77FF52C8F876B09F590AF6AC48.d.AB33535A1D19D2D167155ECF64B404AD.e.5548/click - {}
RESULT: {}
RESULT: {}
COMMAND: GET /session/b0ee303caf718db626ad6d5c1d399bab/screenshot - {}
RESULT: {}
COMMAND: POST /session/b0ee303caf718db626ad6d5c1d399bab/element - {"using":"xpath","value":"//bdi[(text() = 'Save' or . = 'Save')]"}
RESULT: {"using":"xpath","value":"//bdi[(text() = 'Save' or . = 'Save')]"}
COMMAND: POST /session/b0ee303caf718db626ad6d5c1d399bab/element/f.E5342C77FF52C8F876B09F590AF6AC48.d.AB33535A1D19D2D167155ECF64B404AD.e.5552/click - {}
RESULT: {}
COMMAND: GET /session/b0ee303caf718db626ad6d5c1d399bab/screenshot - {}
RESULT: {}
COMMAND: POST /session/b0ee303caf718db626ad6d5c1d399bab/element - {"using":"xpath","value":"//input[contains(@id ,\"receiptDatePicker-inner\")]"}
RESULT: {"using":"xpath","value":"//input[contains(@id ,\"receiptDatePicker-inner\")]"}
COMMAND: POST /session/b0ee303caf718db626ad6d5c1d399bab/element/f.E5342C77FF52C8F876B09F590AF6AC48.d.AB33535A1D19D2D167155ECF64B404AD.e.5582/click - {}
RESULT: {}
COMMAND: POST /session/b0ee303caf718db626ad6d5c1d399bab/element - {"using":"xpath","value":"//input[contains(@id ,\"receiptDatePicker-inner\")]"}
COMMAND: GET /session/b0ee303caf718db626ad6d5c1d399bab/screenshot - {}
RESULT: {"using":"xpath","value":"//input[contains(@id ,\"receiptDatePicker-inner\")]"}
COMMAND: POST /session/b0ee303caf718db626ad6d5c1d399bab/element/f.E5342C77FF52C8F876B09F590AF6AC48.d.AB33535A1D19D2D167155ECF64B404AD.e.5582/clear - {}
RESULT: {}
RESULT: {}
COMMAND: POST /session/b0ee303caf718db626ad6d5c1d399bab/element/f.E5342C77FF52C8F876B09F590AF6AC48.d.AB33535A1D19D2D167155ECF64B404AD.e.5582/value - {"text":"4/28/25"}
COMMAND: GET /session/b0ee303caf718db626ad6d5c1d399bab/screenshot - {}
RESULT: {"text":"4/28/25"}
COMMAND: GET /session/b0ee303caf718db626ad6d5c1d399bab/screenshot - {}
RESULT: {}
RESULT: {}
COMMAND: POST /session/b0ee303caf718db626ad6d5c1d399bab/execute/async - {"script":"<script> [1562 bytes]","args":[{"selector":{"id":"administrationTabFilter","viewName":"etm.portal.ui.managehandovers.view.DetailExecuteHO","interaction":{"idSuffix":"text"}},"wdio_ui5_key":"administrationTabFilteretmportal.ui.managehandovers.view.DetailExecuteHO"}]}
RESULT: {"script":"<script> [1562 bytes]","args":[{"selector":{"id":"administrationTabFilter","viewName":"etm.portal.ui.managehandovers.view.DetailExecuteHO","interaction":{"idSuffix":"text"}},"wdio_ui5_key":"administrationTabFilteretmportal.ui.managehandovers.view.DetailExecuteHO"}]}
RESULT: undefined
COMMAND: POST /session/b0ee303caf718db626ad6d5c1d399bab/element - {"using":"xpath","value":"//*[@id=\"__xmlview61--administrationTabFilter\"]"}
RESULT: {"using":"xpath","value":"//*[@id=\"__xmlview61--administrationTabFilter\"]"}
COMMAND: POST /session/b0ee303caf718db626ad6d5c1d399bab/element/f.E5342C77FF52C8F876B09F590AF6AC48.d.AB33535A1D19D2D167155ECF64B404AD.e.5601/click - {}
RESULT: {}
RESULT: undefined
COMMAND: POST /session/b0ee303caf718db626ad6d5c1d399bab/element - {"using":"xpath","value":"//*[@id=\"__xmlview61--administrationTabFilter\"]"}
COMMAND: GET /session/b0ee303caf718db626ad6d5c1d399bab/screenshot - {}
RESULT: {"using":"xpath","value":"//*[@id=\"__xmlview61--administrationTabFilter\"]"}
COMMAND: POST /session/b0ee303caf718db626ad6d5c1d399bab/element/f.E5342C77FF52C8F876B09F590AF6AC48.d.AB33535A1D19D2D167155ECF64B404AD.e.5601/click - {}
RESULT: {}
RESULT: {}
COMMAND: GET /session/b0ee303caf718db626ad6d5c1d399bab/screenshot - {}
RESULT: {}
COMMAND: POST /session/b0ee303caf718db626ad6d5c1d399bab/element - {"using":"xpath","value":"//bdi[(text() = 'Confirm' or . = 'Confirm')]"}
RESULT: {"using":"xpath","value":"//bdi[(text() = 'Confirm' or . = 'Confirm')]"}
COMMAND: POST /session/b0ee303caf718db626ad6d5c1d399bab/element/f.E5342C77FF52C8F876B09F590AF6AC48.d.AB33535A1D19D2D167155ECF64B404AD.e.5609/click - {}
RESULT: {}
COMMAND: GET /session/b0ee303caf718db626ad6d5c1d399bab/screenshot - {}
RESULT: {}
COMMAND: POST /session/b0ee303caf718db626ad6d5c1d399bab/execute/async - {"script":"<script> [1562 bytes]","args":[{"selector":{"id":"confirmationButton","viewName":"etm.portal.ui.managehandovers.view.DetailExecuteHO","interaction":{"idSuffix":"BDI-content"}},"wdio_ui5_key":"confirmationButtonetmportal.ui.managehandovers.view.DetailExecuteHO"}]}
RESULT: {"script":"<script> [1562 bytes]","args":[{"selector":{"id":"confirmationButton","viewName":"etm.portal.ui.managehandovers.view.DetailExecuteHO","interaction":{"idSuffix":"BDI-content"}},"wdio_ui5_key":"confirmationButtonetmportal.ui.managehandovers.view.DetailExecuteHO"}]}
RESULT: undefined
COMMAND: POST /session/b0ee303caf718db626ad6d5c1d399bab/element - {"using":"xpath","value":"(//*[text()='Receive'])[2]"}
RESULT: {"using":"xpath","value":"(//*[text()='Receive'])[2]"}
COMMAND: GET /session/b0ee303caf718db626ad6d5c1d399bab/element/f.E5342C77FF52C8F876B09F590AF6AC48.d.AB33535A1D19D2D167155ECF64B404AD.e.5613/enabled - {}
RESULT: {}
COMMAND: POST /session/b0ee303caf718db626ad6d5c1d399bab/execute/sync - {"script":"<script> [8489 bytes]","args":[{"element-6066-11e4-a52e-4f735466cecf":"f.E5342C77FF52C8F876B09F590AF6AC48.d.AB33535A1D19D2D167155ECF64B404AD.e.5613","ELEMENT":"f.E5342C77FF52C8F876B09F590AF6AC48.d.AB33535A1D19D2D167155ECF64B404AD.e.5613"}]}
COMMAND: GET /session/b0ee303caf718db626ad6d5c1d399bab/screenshot - {}
RESULT: {"script":"<script> [8489 bytes]","args":[{"element-6066-11e4-a52e-4f735466cecf":"f.E5342C77FF52C8F876B09F590AF6AC48.d.AB33535A1D19D2D167155ECF64B404AD.e.5613","ELEMENT":"f.E5342C77FF52C8F876B09F590AF6AC48.d.AB33535A1D19D2D167155ECF64B404AD.e.5613"}]}
COMMAND: POST /session/b0ee303caf718db626ad6d5c1d399bab/execute/sync - {"script":"<script> [5351 bytes]","args":[{"element-6066-11e4-a52e-4f735466cecf":"f.E5342C77FF52C8F876B09F590AF6AC48.d.AB33535A1D19D2D167155ECF64B404AD.e.5613","ELEMENT":"f.E5342C77FF52C8F876B09F590AF6AC48.d.AB33535A1D19D2D167155ECF64B404AD.e.5613"}]}
COMMAND: GET /session/b0ee303caf718db626ad6d5c1d399bab/screenshot - {}
RESULT: {}
RESULT: {"script":"<script> [5351 bytes]","args":[{"element-6066-11e4-a52e-4f735466cecf":"f.E5342C77FF52C8F876B09F590AF6AC48.d.AB33535A1D19D2D167155ECF64B404AD.e.5613","ELEMENT":"f.E5342C77FF52C8F876B09F590AF6AC48.d.AB33535A1D19D2D167155ECF64B404AD.e.5613"}]}
COMMAND: POST /session/b0ee303caf718db626ad6d5c1d399bab/element/f.E5342C77FF52C8F876B09F590AF6AC48.d.AB33535A1D19D2D167155ECF64B404AD.e.5613/click - {}
COMMAND: GET /session/b0ee303caf718db626ad6d5c1d399bab/screenshot - {}
RESULT: {}
RESULT: {}
COMMAND: GET /session/b0ee303caf718db626ad6d5c1d399bab/screenshot - {}
RESULT: {}
RESULT: {}
COMMAND: POST /session/b0ee303caf718db626ad6d5c1d399bab/element - {"using":"css selector","value":"#shell-header-logo"}
RESULT: {"using":"css selector","value":"#shell-header-logo"}
COMMAND: POST /session/b0ee303caf718db626ad6d5c1d399bab/element/f.E5342C77FF52C8F876B09F590AF6AC48.d.AB33535A1D19D2D167155ECF64B404AD.e.5192/click - {}
RESULT: {}
COMMAND: GET /session/b0ee303caf718db626ad6d5c1d399bab/screenshot - {}
RESULT: {}
]]></system-out>
    </testcase>
    <testcase classname="chrome.135_0_7049_96.windows.Provide_to_Site_w/_warehouse_management_w_clarification" name="Should create a new contract" time="55.714">
      <system-out><![CDATA[
COMMAND: POST /session/b0ee303caf718db626ad6d5c1d399bab/execute/async - {"script":"<script> [1562 bytes]","args":[{"selector":{"controlType":"sap.m.GenericTile","properties":{"header":"Manage Contracts"}},"wdio_ui5_key":"sapm.GenericTile{\"header\":\"Manage Contracts\"}"}]}
RESULT: {"script":"<script> [1562 bytes]","args":[{"selector":{"controlType":"sap.m.GenericTile","properties":{"header":"Manage Contracts"}},"wdio_ui5_key":"sapm.GenericTile{\"header\":\"Manage Contracts\"}"}]}
RESULT: undefined
COMMAND: POST /session/b0ee303caf718db626ad6d5c1d399bab/element - {"using":"xpath","value":"//*[@id=\"__tile130\"]"}
RESULT: {"using":"xpath","value":"//*[@id=\"__tile130\"]"}
COMMAND: POST /session/b0ee303caf718db626ad6d5c1d399bab/element/f.E5342C77FF52C8F876B09F590AF6AC48.d.AB33535A1D19D2D167155ECF64B404AD.e.2269/click - {}
RESULT: {}
COMMAND: GET /session/b0ee303caf718db626ad6d5c1d399bab/screenshot - {}
RESULT: {}
COMMAND: POST /session/b0ee303caf718db626ad6d5c1d399bab/execute/async - {"script":"<script> [1562 bytes]","args":[{"selector":{"controlType":"sap.ui.core.Icon","viewName":"etm.portal.ui.managecontracts.view.Master","properties":{"src":{"regex":{"source":"add"}}}},"wdio_ui5_key":"etmportal.ui.managecontracts.view.Mastersap.ui.core.Icon{\"src\":{\"regex\":{\"source\":\"add\"}}}"}]}
RESULT: {"script":"<script> [1562 bytes]","args":[{"selector":{"controlType":"sap.ui.core.Icon","viewName":"etm.portal.ui.managecontracts.view.Master","properties":{"src":{"regex":{"source":"add"}}}},"wdio_ui5_key":"etmportal.ui.managecontracts.view.Mastersap.ui.core.Icon{\"src\":{\"regex\":{\"source\":\"add\"}}}"}]}
RESULT: undefined
COMMAND: POST /session/b0ee303caf718db626ad6d5c1d399bab/element - {"using":"xpath","value":"//*[@id=\"__button303-img\"]"}
RESULT: {"using":"xpath","value":"//*[@id=\"__button303-img\"]"}
COMMAND: POST /session/b0ee303caf718db626ad6d5c1d399bab/element/f.E5342C77FF52C8F876B09F590AF6AC48.d.AB33535A1D19D2D167155ECF64B404AD.e.5953/click - {}
RESULT: {}
COMMAND: POST /session/b0ee303caf718db626ad6d5c1d399bab/execute/async - {"script":"<script> [1562 bytes]","args":[{"selector":{"id":"application-managecontracts-display-component---AddNewContract--projectDescription","interaction":{"idSuffix":"inner"}},"wdio_ui5_key":"applicationmanagecontracts-display-component---AddNewContract--projectDescription"}]}
COMMAND: GET /session/b0ee303caf718db626ad6d5c1d399bab/screenshot - {}
RESULT: {"script":"<script> [1562 bytes]","args":[{"selector":{"id":"application-managecontracts-display-component---AddNewContract--projectDescription","interaction":{"idSuffix":"inner"}},"wdio_ui5_key":"applicationmanagecontracts-display-component---AddNewContract--projectDescription"}]}
RESULT: undefined
COMMAND: POST /session/b0ee303caf718db626ad6d5c1d399bab/execute/async - {"script":"<script> [776 bytes]","args":[{"enterText":"wdi5 contract for billing","selector":{"id":"application-managecontracts-display-component---AddNewContract--projectDescription","interaction":{"idSuffix":"inner"}},"clearTextFirst":true,"interactionType":"ENTER_TEXT"}]}
RESULT: {}
RESULT: {"script":"<script> [776 bytes]","args":[{"enterText":"wdi5 contract for billing","selector":{"id":"application-managecontracts-display-component---AddNewContract--projectDescription","interaction":{"idSuffix":"inner"}},"clearTextFirst":true,"interactionType":"ENTER_TEXT"}]}
COMMAND: POST /session/b0ee303caf718db626ad6d5c1d399bab/element - {"using":"xpath","value":"//input[@id=\"application-managecontracts-display-component---AddNewContract--customerSelect-inner\"]"}
RESULT: {"using":"xpath","value":"//input[@id=\"application-managecontracts-display-component---AddNewContract--customerSelect-inner\"]"}
COMMAND: POST /session/b0ee303caf718db626ad6d5c1d399bab/element/f.E5342C77FF52C8F876B09F590AF6AC48.d.AB33535A1D19D2D167155ECF64B404AD.e.6221/clear - {}
RESULT: {}
COMMAND: POST /session/b0ee303caf718db626ad6d5c1d399bab/element/f.E5342C77FF52C8F876B09F590AF6AC48.d.AB33535A1D19D2D167155ECF64B404AD.e.6221/value - {"text":"1167"}
COMMAND: GET /session/b0ee303caf718db626ad6d5c1d399bab/screenshot - {}
RESULT: {"text":"1167"}
COMMAND: GET /session/b0ee303caf718db626ad6d5c1d399bab/screenshot - {}
RESULT: {}
RESULT: {}
COMMAND: POST /session/b0ee303caf718db626ad6d5c1d399bab/actions - {"actions":[{"id":"action20","type":"key","parameters":{},"actions":[{"type":"keyDown","value":"î€‡"},{"type":"pause","duration":10},{"type":"keyUp","value":"î€‡"}]}]}
RESULT: {"actions":[{"id":"action20","type":"key","parameters":{},"actions":[{"type":"keyDown","value":"î€‡"},{"type":"pause","duration":10},{"type":"keyUp","value":"î€‡"}]}]}
COMMAND: POST /session/b0ee303caf718db626ad6d5c1d399bab/element - {"using":"xpath","value":"//input[@id=\"application-managecontracts-display-component---AddNewContract--site-inner\"]"}
COMMAND: GET /session/b0ee303caf718db626ad6d5c1d399bab/screenshot - {}
RESULT: {"using":"xpath","value":"//input[@id=\"application-managecontracts-display-component---AddNewContract--site-inner\"]"}
COMMAND: POST /session/b0ee303caf718db626ad6d5c1d399bab/element/f.E5342C77FF52C8F876B09F590AF6AC48.d.AB33535A1D19D2D167155ECF64B404AD.e.6222/clear - {}
RESULT: {}
RESULT: {}
COMMAND: POST /session/b0ee303caf718db626ad6d5c1d399bab/element/f.E5342C77FF52C8F876B09F590AF6AC48.d.AB33535A1D19D2D167155ECF64B404AD.e.6222/value - {"text":"2156"}
COMMAND: GET /session/b0ee303caf718db626ad6d5c1d399bab/screenshot - {}
RESULT: {"text":"2156"}
COMMAND: GET /session/b0ee303caf718db626ad6d5c1d399bab/screenshot - {}
RESULT: {}
RESULT: {}
COMMAND: POST /session/b0ee303caf718db626ad6d5c1d399bab/actions - {"actions":[{"id":"action21","type":"key","parameters":{},"actions":[{"type":"keyDown","value":"î€‡"},{"type":"pause","duration":10},{"type":"keyUp","value":"î€‡"}]}]}
RESULT: {"actions":[{"id":"action21","type":"key","parameters":{},"actions":[{"type":"keyDown","value":"î€‡"},{"type":"pause","duration":10},{"type":"keyUp","value":"î€‡"}]}]}
COMMAND: POST /session/b0ee303caf718db626ad6d5c1d399bab/execute/async - {"script":"<script> [1562 bytes]","args":[{"selector":{"id":"application-managecontracts-display-component---AddNewContract--calendarInput","interaction":{"idSuffix":"inner"}},"wdio_ui5_key":"applicationmanagecontracts-display-component---AddNewContract--calendarInput"}]}
COMMAND: GET /session/b0ee303caf718db626ad6d5c1d399bab/screenshot - {}
RESULT: {"script":"<script> [1562 bytes]","args":[{"selector":{"id":"application-managecontracts-display-component---AddNewContract--calendarInput","interaction":{"idSuffix":"inner"}},"wdio_ui5_key":"applicationmanagecontracts-display-component---AddNewContract--calendarInput"}]}
RESULT: undefined
COMMAND: POST /session/b0ee303caf718db626ad6d5c1d399bab/execute/async - {"script":"<script> [776 bytes]","args":[{"enterText":"1 - Calendar unit test patch","selector":{"id":"application-managecontracts-display-component---AddNewContract--calendarInput","interaction":{"idSuffix":"inner"}},"clearTextFirst":true,"interactionType":"ENTER_TEXT"}]}
RESULT: {}
RESULT: {"script":"<script> [776 bytes]","args":[{"enterText":"1 - Calendar unit test patch","selector":{"id":"application-managecontracts-display-component---AddNewContract--calendarInput","interaction":{"idSuffix":"inner"}},"clearTextFirst":true,"interactionType":"ENTER_TEXT"}]}
COMMAND: POST /session/b0ee303caf718db626ad6d5c1d399bab/actions - {"actions":[{"id":"action22","type":"key","parameters":{},"actions":[{"type":"keyDown","value":"î€‡"},{"type":"pause","duration":10},{"type":"keyUp","value":"î€‡"}]}]}
RESULT: {"actions":[{"id":"action22","type":"key","parameters":{},"actions":[{"type":"keyDown","value":"î€‡"},{"type":"pause","duration":10},{"type":"keyUp","value":"î€‡"}]}]}
COMMAND: POST /session/b0ee303caf718db626ad6d5c1d399bab/execute/async - {"script":"<script> [1562 bytes]","args":[{"selector":{"id":"application-managecontracts-display-component---AddNewContract--languageCB","interaction":{"idSuffix":"inner"}},"wdio_ui5_key":"applicationmanagecontracts-display-component---AddNewContract--languageCB"}]}
COMMAND: GET /session/b0ee303caf718db626ad6d5c1d399bab/screenshot - {}
RESULT: {"script":"<script> [1562 bytes]","args":[{"selector":{"id":"application-managecontracts-display-component---AddNewContract--languageCB","interaction":{"idSuffix":"inner"}},"wdio_ui5_key":"applicationmanagecontracts-display-component---AddNewContract--languageCB"}]}
RESULT: undefined
COMMAND: POST /session/b0ee303caf718db626ad6d5c1d399bab/execute/async - {"script":"<script> [776 bytes]","args":[{"enterText":"EN - English","selector":{"id":"application-managecontracts-display-component---AddNewContract--languageCB","interaction":{"idSuffix":"inner"}},"clearTextFirst":true,"interactionType":"ENTER_TEXT"}]}
RESULT: {}
RESULT: {"script":"<script> [776 bytes]","args":[{"enterText":"EN - English","selector":{"id":"application-managecontracts-display-component---AddNewContract--languageCB","interaction":{"idSuffix":"inner"}},"clearTextFirst":true,"interactionType":"ENTER_TEXT"}]}
COMMAND: POST /session/b0ee303caf718db626ad6d5c1d399bab/actions - {"actions":[{"id":"action23","type":"key","parameters":{},"actions":[{"type":"keyDown","value":"î€‡"},{"type":"pause","duration":10},{"type":"keyUp","value":"î€‡"}]}]}
RESULT: {"actions":[{"id":"action23","type":"key","parameters":{},"actions":[{"type":"keyDown","value":"î€‡"},{"type":"pause","duration":10},{"type":"keyUp","value":"î€‡"}]}]}
COMMAND: POST /session/b0ee303caf718db626ad6d5c1d399bab/execute/async - {"script":"<script> [1562 bytes]","args":[{"selector":{"id":"application-managecontracts-display-component---AddNewContract--saveBtn","interaction":{"idSuffix":"BDI-content"}},"wdio_ui5_key":"applicationmanagecontracts-display-component---AddNewContract--saveBtn"}]}
COMMAND: GET /session/b0ee303caf718db626ad6d5c1d399bab/screenshot - {}
RESULT: {"script":"<script> [1562 bytes]","args":[{"selector":{"id":"application-managecontracts-display-component---AddNewContract--saveBtn","interaction":{"idSuffix":"BDI-content"}},"wdio_ui5_key":"applicationmanagecontracts-display-component---AddNewContract--saveBtn"}]}
RESULT: undefined
COMMAND: POST /session/b0ee303caf718db626ad6d5c1d399bab/element - {"using":"xpath","value":"//*[@id=\"application-managecontracts-display-component---AddNewContract--saveBtn\"]"}
RESULT: {}
RESULT: {"using":"xpath","value":"//*[@id=\"application-managecontracts-display-component---AddNewContract--saveBtn\"]"}
COMMAND: POST /session/b0ee303caf718db626ad6d5c1d399bab/element/f.E5342C77FF52C8F876B09F590AF6AC48.d.AB33535A1D19D2D167155ECF64B404AD.e.6239/click - {}
RESULT: {}
COMMAND: GET /session/b0ee303caf718db626ad6d5c1d399bab/screenshot - {}
RESULT: {}
COMMAND: POST /session/b0ee303caf718db626ad6d5c1d399bab/execute/async - {"script":"<script> [1562 bytes]","args":[{"selector":{"id":"contractDetailTitleNoExpanded","viewName":"etm.portal.ui.managecontracts.view.Detail"},"wdio_ui5_key":"contractDetailTitleNoExpandedetmportal.ui.managecontracts.view.Detail"}]}
RESULT: {"script":"<script> [1562 bytes]","args":[{"selector":{"id":"contractDetailTitleNoExpanded","viewName":"etm.portal.ui.managecontracts.view.Detail"},"wdio_ui5_key":"contractDetailTitleNoExpandedetmportal.ui.managecontracts.view.Detail"}]}
RESULT: undefined
COMMAND: POST /session/b0ee303caf718db626ad6d5c1d399bab/execute/async - {"script":"<script> [6424 bytes]","args":[{"element-6066-11e4-a52e-4f735466cecf":"f.E5342C77FF52C8F876B09F590AF6AC48.d.AB33535A1D19D2D167155ECF64B404AD.e.6323"},"getText",[]]}
RESULT: {"script":"<script> [6424 bytes]","args":[{"element-6066-11e4-a52e-4f735466cecf":"f.E5342C77FF52C8F876B09F590AF6AC48.d.AB33535A1D19D2D167155ECF64B404AD.e.6323"},"getText",[]]}
]]></system-out>
    </testcase>
    <testcase classname="chrome.135_0_7049_96.windows.Provide_to_Site_w/_warehouse_management_w_clarification" name="Should add resource to the contract" time="43.63">
      <system-out><![CDATA[
COMMAND: POST /session/b0ee303caf718db626ad6d5c1d399bab/execute/async - {"script":"<script> [1562 bytes]","args":[{"selector":{"id":"contractDetailEditBtn","viewName":"etm.portal.ui.managecontracts.view.Detail","interaction":{"idSuffix":"BDI-content"}},"wdio_ui5_key":"contractDetailEditBtnetmportal.ui.managecontracts.view.Detail"}]}
RESULT: {"script":"<script> [1562 bytes]","args":[{"selector":{"id":"contractDetailEditBtn","viewName":"etm.portal.ui.managecontracts.view.Detail","interaction":{"idSuffix":"BDI-content"}},"wdio_ui5_key":"contractDetailEditBtnetmportal.ui.managecontracts.view.Detail"}]}
RESULT: undefined
COMMAND: POST /session/b0ee303caf718db626ad6d5c1d399bab/element - {"using":"xpath","value":"//*[@id=\"__xmlview63--contractDetailEditBtn\"]"}
RESULT: {"using":"xpath","value":"//*[@id=\"__xmlview63--contractDetailEditBtn\"]"}
COMMAND: POST /session/b0ee303caf718db626ad6d5c1d399bab/element/f.E5342C77FF52C8F876B09F590AF6AC48.d.AB33535A1D19D2D167155ECF64B404AD.e.6325/click - {}
RESULT: {}
COMMAND: GET /session/b0ee303caf718db626ad6d5c1d399bab/screenshot - {}
RESULT: {}
COMMAND: POST /session/b0ee303caf718db626ad6d5c1d399bab/execute/async - {"script":"<script> [1562 bytes]","args":[{"selector":{"id":"additionalAddressesTabFilter","viewName":"etm.portal.ui.managecontracts.view.EditContract","interaction":{"idSuffix":"text"}},"wdio_ui5_key":"additionalAddressesTabFilteretmportal.ui.managecontracts.view.EditContract"}]}
RESULT: {"script":"<script> [1562 bytes]","args":[{"selector":{"id":"additionalAddressesTabFilter","viewName":"etm.portal.ui.managecontracts.view.EditContract","interaction":{"idSuffix":"text"}},"wdio_ui5_key":"additionalAddressesTabFilteretmportal.ui.managecontracts.view.EditContract"}]}
RESULT: undefined
COMMAND: POST /session/b0ee303caf718db626ad6d5c1d399bab/element - {"using":"xpath","value":"//*[@id=\"__xmlview64--additionalAddressesTabFilter\"]"}
RESULT: {"using":"xpath","value":"//*[@id=\"__xmlview64--additionalAddressesTabFilter\"]"}
COMMAND: POST /session/b0ee303caf718db626ad6d5c1d399bab/element/f.E5342C77FF52C8F876B09F590AF6AC48.d.AB33535A1D19D2D167155ECF64B404AD.e.6381/click - {}
RESULT: {}
RESULT: undefined
COMMAND: POST /session/b0ee303caf718db626ad6d5c1d399bab/element - {"using":"xpath","value":"//*[@id=\"__xmlview64--additionalAddressesTabFilter\"]"}
COMMAND: GET /session/b0ee303caf718db626ad6d5c1d399bab/screenshot - {}
RESULT: {"using":"xpath","value":"//*[@id=\"__xmlview64--additionalAddressesTabFilter\"]"}
COMMAND: POST /session/b0ee303caf718db626ad6d5c1d399bab/element/f.E5342C77FF52C8F876B09F590AF6AC48.d.AB33535A1D19D2D167155ECF64B404AD.e.6381/click - {}
RESULT: {}
RESULT: {}
COMMAND: POST /session/b0ee303caf718db626ad6d5c1d399bab/execute/async - {"script":"<script> [1562 bytes]","args":[{"selector":{"controlType":"sap.ui.core.Icon","viewName":"etm.portal.ui.managecontracts.view.EditContract","properties":{"src":{"regex":{"source":"add"}}}},"wdio_ui5_key":"etmportal.ui.managecontracts.view.EditContractsap.ui.core.Icon{\"src\":{\"regex\":{\"source\":\"add\"}}}"}]}
COMMAND: GET /session/b0ee303caf718db626ad6d5c1d399bab/screenshot - {}
RESULT: {"script":"<script> [1562 bytes]","args":[{"selector":{"controlType":"sap.ui.core.Icon","viewName":"etm.portal.ui.managecontracts.view.EditContract","properties":{"src":{"regex":{"source":"add"}}}},"wdio_ui5_key":"etmportal.ui.managecontracts.view.EditContractsap.ui.core.Icon{\"src\":{\"regex\":{\"source\":\"add\"}}}"}]}
RESULT: undefined
COMMAND: POST /session/b0ee303caf718db626ad6d5c1d399bab/element - {"using":"xpath","value":"//*[@id=\"__xmlview64--btnAddTableRow-img\"]"}
RESULT: {}
RESULT: {"using":"xpath","value":"//*[@id=\"__xmlview64--btnAddTableRow-img\"]"}
COMMAND: POST /session/b0ee303caf718db626ad6d5c1d399bab/element/f.E5342C77FF52C8F876B09F590AF6AC48.d.AB33535A1D19D2D167155ECF64B404AD.e.6386/click - {}
RESULT: {}
COMMAND: POST /session/b0ee303caf718db626ad6d5c1d399bab/element - {"using":"xpath","value":"//div[(text() = 'Standard Entry' or . = 'Standard Entry')]"}
COMMAND: GET /session/b0ee303caf718db626ad6d5c1d399bab/screenshot - {}
RESULT: {"using":"xpath","value":"//div[(text() = 'Standard Entry' or . = 'Standard Entry')]"}
COMMAND: POST /session/b0ee303caf718db626ad6d5c1d399bab/element/f.E5342C77FF52C8F876B09F590AF6AC48.d.AB33535A1D19D2D167155ECF64B404AD.e.6388/click - {}
RESULT: {}
RESULT: {}
COMMAND: POST /session/b0ee303caf718db626ad6d5c1d399bab/execute/async - {"script":"<script> [1562 bytes]","args":[{"selector":{"controlType":"sap.ui.core.Icon","viewName":"etm.portal.ui.managecontracts.view.EditContract","properties":{"src":{"regex":{"source":"inspect"}}}},"wdio_ui5_key":"etmportal.ui.managecontracts.view.EditContractsap.ui.core.Icon{\"src\":{\"regex\":{\"source\":\"inspect\"}}}"}]}
COMMAND: GET /session/b0ee303caf718db626ad6d5c1d399bab/screenshot - {}
RESULT: {"script":"<script> [1562 bytes]","args":[{"selector":{"controlType":"sap.ui.core.Icon","viewName":"etm.portal.ui.managecontracts.view.EditContract","properties":{"src":{"regex":{"source":"inspect"}}}},"wdio_ui5_key":"etmportal.ui.managecontracts.view.EditContractsap.ui.core.Icon{\"src\":{\"regex\":{\"source\":\"inspect\"}}}"}]}
RESULT: undefined
COMMAND: POST /session/b0ee303caf718db626ad6d5c1d399bab/element - {"using":"xpath","value":"//*[@id=\"__button329-img\"]"}
RESULT: {}
RESULT: {"using":"xpath","value":"//*[@id=\"__button329-img\"]"}
COMMAND: POST /session/b0ee303caf718db626ad6d5c1d399bab/element/f.E5342C77FF52C8F876B09F590AF6AC48.d.AB33535A1D19D2D167155ECF64B404AD.e.6400/click - {}
RESULT: {}
COMMAND: GET /session/b0ee303caf718db626ad6d5c1d399bab/screenshot - {}
RESULT: {}
COMMAND: POST /session/b0ee303caf718db626ad6d5c1d399bab/element - {"using":"xpath","value":"//td[6]/div/div/input[1]"}
RESULT: {"using":"xpath","value":"//td[6]/div/div/input[1]"}
COMMAND: POST /session/b0ee303caf718db626ad6d5c1d399bab/element/f.E5342C77FF52C8F876B09F590AF6AC48.d.AB33535A1D19D2D167155ECF64B404AD.e.6390/clear - {}
RESULT: {}
COMMAND: GET /session/b0ee303caf718db626ad6d5c1d399bab/screenshot - {}
RESULT: {}
COMMAND: POST /session/b0ee303caf718db626ad6d5c1d399bab/element - {"using":"xpath","value":"//td[6]/div/div/input[1]"}
RESULT: {"using":"xpath","value":"//td[6]/div/div/input[1]"}
COMMAND: POST /session/b0ee303caf718db626ad6d5c1d399bab/element/f.E5342C77FF52C8F876B09F590AF6AC48.d.AB33535A1D19D2D167155ECF64B404AD.e.6416/click - {}
RESULT: {}
COMMAND: POST /session/b0ee303caf718db626ad6d5c1d399bab/actions - {"actions":[{"id":"action24","type":"key","parameters":{},"actions":[{"type":"keyDown","value":"î€ƒ"},{"type":"pause","duration":10},{"type":"keyUp","value":"î€ƒ"}]}]}
COMMAND: GET /session/b0ee303caf718db626ad6d5c1d399bab/screenshot - {}
RESULT: {"actions":[{"id":"action24","type":"key","parameters":{},"actions":[{"type":"keyDown","value":"î€ƒ"},{"type":"pause","duration":10},{"type":"keyUp","value":"î€ƒ"}]}]}
COMMAND: POST /session/b0ee303caf718db626ad6d5c1d399bab/element - {"using":"xpath","value":"//td[6]/div/div/input[1]"}
COMMAND: GET /session/b0ee303caf718db626ad6d5c1d399bab/screenshot - {}
RESULT: {}
RESULT: {"using":"xpath","value":"//td[6]/div/div/input[1]"}
COMMAND: POST /session/b0ee303caf718db626ad6d5c1d399bab/element/f.E5342C77FF52C8F876B09F590AF6AC48.d.AB33535A1D19D2D167155ECF64B404AD.e.6416/clear - {}
RESULT: {}
RESULT: {}
COMMAND: POST /session/b0ee303caf718db626ad6d5c1d399bab/element/f.E5342C77FF52C8F876B09F590AF6AC48.d.AB33535A1D19D2D167155ECF64B404AD.e.6416/value - {"text":"Material"}
COMMAND: GET /session/b0ee303caf718db626ad6d5c1d399bab/screenshot - {}
RESULT: {"text":"Material"}
COMMAND: GET /session/b0ee303caf718db626ad6d5c1d399bab/screenshot - {}
RESULT: {}
RESULT: {}
COMMAND: POST /session/b0ee303caf718db626ad6d5c1d399bab/actions - {"actions":[{"id":"action25","type":"key","parameters":{},"actions":[{"type":"keyDown","value":"î€‡"},{"type":"pause","duration":10},{"type":"keyUp","value":"î€‡"}]}]}
RESULT: {"actions":[{"id":"action25","type":"key","parameters":{},"actions":[{"type":"keyDown","value":"î€‡"},{"type":"pause","duration":10},{"type":"keyUp","value":"î€‡"}]}]}
COMMAND: POST /session/b0ee303caf718db626ad6d5c1d399bab/element - {"using":"xpath","value":"//td[7]/div/div/input[1]"}
COMMAND: GET /session/b0ee303caf718db626ad6d5c1d399bab/screenshot - {}
RESULT: {"using":"xpath","value":"//td[7]/div/div/input[1]"}
COMMAND: POST /session/b0ee303caf718db626ad6d5c1d399bab/element/f.E5342C77FF52C8F876B09F590AF6AC48.d.AB33535A1D19D2D167155ECF64B404AD.e.6438/clear - {}
RESULT: {}
RESULT: {}
COMMAND: POST /session/b0ee303caf718db626ad6d5c1d399bab/element/f.E5342C77FF52C8F876B09F590AF6AC48.d.AB33535A1D19D2D167155ECF64B404AD.e.6438/value - {"text":"200140"}
COMMAND: GET /session/b0ee303caf718db626ad6d5c1d399bab/screenshot - {}
RESULT: {"text":"200140"}
COMMAND: GET /session/b0ee303caf718db626ad6d5c1d399bab/screenshot - {}
RESULT: {}
RESULT: {}
COMMAND: POST /session/b0ee303caf718db626ad6d5c1d399bab/actions - {"actions":[{"id":"action26","type":"key","parameters":{},"actions":[{"type":"keyDown","value":"î€‡"},{"type":"pause","duration":10},{"type":"keyUp","value":"î€‡"}]}]}
RESULT: {"actions":[{"id":"action26","type":"key","parameters":{},"actions":[{"type":"keyDown","value":"î€‡"},{"type":"pause","duration":10},{"type":"keyUp","value":"î€‡"}]}]}
COMMAND: POST /session/b0ee303caf718db626ad6d5c1d399bab/execute/async - {"script":"<script> [1562 bytes]","args":[{"selector":{"controlType":"sap.m.Button","properties":{"text":"OK"},"searchOpenDialogs":true,"interaction":{"idSuffix":"BDI-content"}},"wdio_ui5_key":"sapm.Button{\"text\":\"OK\"}"}]}
COMMAND: GET /session/b0ee303caf718db626ad6d5c1d399bab/screenshot - {}
RESULT: {"script":"<script> [1562 bytes]","args":[{"selector":{"controlType":"sap.m.Button","properties":{"text":"OK"},"searchOpenDialogs":true,"interaction":{"idSuffix":"BDI-content"}},"wdio_ui5_key":"sapm.Button{\"text\":\"OK\"}"}]}
RESULT: undefined
COMMAND: POST /session/b0ee303caf718db626ad6d5c1d399bab/element - {"using":"xpath","value":"//*[@id=\"__mbox-btn-1\"]"}
RESULT: {}
RESULT: {"using":"xpath","value":"//*[@id=\"__mbox-btn-1\"]"}
COMMAND: POST /session/b0ee303caf718db626ad6d5c1d399bab/element/f.E5342C77FF52C8F876B09F590AF6AC48.d.AB33535A1D19D2D167155ECF64B404AD.e.6460/click - {}
RESULT: {}
COMMAND: POST /session/b0ee303caf718db626ad6d5c1d399bab/execute/async - {"script":"<script> [1562 bytes]","args":[{"selector":{"id":"saveBtn","viewName":"etm.portal.ui.managecontracts.view.EditContract","interaction":{"idSuffix":"BDI-content"}},"wdio_ui5_key":"saveBtnetmportal.ui.managecontracts.view.EditContract"}]}
COMMAND: GET /session/b0ee303caf718db626ad6d5c1d399bab/screenshot - {}
RESULT: {"script":"<script> [1562 bytes]","args":[{"selector":{"id":"saveBtn","viewName":"etm.portal.ui.managecontracts.view.EditContract","interaction":{"idSuffix":"BDI-content"}},"wdio_ui5_key":"saveBtnetmportal.ui.managecontracts.view.EditContract"}]}
RESULT: undefined
COMMAND: POST /session/b0ee303caf718db626ad6d5c1d399bab/element - {"using":"xpath","value":"//*[@id=\"__xmlview64--saveBtn\"]"}
RESULT: {}
RESULT: {"using":"xpath","value":"//*[@id=\"__xmlview64--saveBtn\"]"}
COMMAND: POST /session/b0ee303caf718db626ad6d5c1d399bab/element/f.E5342C77FF52C8F876B09F590AF6AC48.d.AB33535A1D19D2D167155ECF64B404AD.e.6486/click - {}
RESULT: {}
COMMAND: GET /session/b0ee303caf718db626ad6d5c1d399bab/screenshot - {}
RESULT: {}
COMMAND: POST /session/b0ee303caf718db626ad6d5c1d399bab/execute/async - {"script":"<script> [1562 bytes]","args":[{"selector":{"id":"additionalAddressesTabFilter","viewName":"etm.portal.ui.managecontracts.view.Detail","interaction":{"idSuffix":"text"}},"wdio_ui5_key":"additionalAddressesTabFilteretmportal.ui.managecontracts.view.Detail"}]}
RESULT: {"script":"<script> [1562 bytes]","args":[{"selector":{"id":"additionalAddressesTabFilter","viewName":"etm.portal.ui.managecontracts.view.Detail","interaction":{"idSuffix":"text"}},"wdio_ui5_key":"additionalAddressesTabFilteretmportal.ui.managecontracts.view.Detail"}]}
RESULT: undefined
COMMAND: POST /session/b0ee303caf718db626ad6d5c1d399bab/element - {"using":"xpath","value":"//*[@id=\"__xmlview63--additionalAddressesTabFilter\"]"}
RESULT: {"using":"xpath","value":"//*[@id=\"__xmlview63--additionalAddressesTabFilter\"]"}
COMMAND: POST /session/b0ee303caf718db626ad6d5c1d399bab/element/f.E5342C77FF52C8F876B09F590AF6AC48.d.AB33535A1D19D2D167155ECF64B404AD.e.6490/click - {}
RESULT: {}
COMMAND: POST /session/b0ee303caf718db626ad6d5c1d399bab/execute/async - {"script":"<script> [1562 bytes]","args":[{"selector":{"id":"contractDetailProvideButton","viewName":"etm.portal.ui.managecontracts.view.Detail","interaction":{"idSuffix":"BDI-content"}},"wdio_ui5_key":"contractDetailProvideButtonetmportal.ui.managecontracts.view.Detail"}]}
COMMAND: GET /session/b0ee303caf718db626ad6d5c1d399bab/screenshot - {}
RESULT: {"script":"<script> [1562 bytes]","args":[{"selector":{"id":"contractDetailProvideButton","viewName":"etm.portal.ui.managecontracts.view.Detail","interaction":{"idSuffix":"BDI-content"}},"wdio_ui5_key":"contractDetailProvideButtonetmportal.ui.managecontracts.view.Detail"}]}
RESULT: undefined
COMMAND: POST /session/b0ee303caf718db626ad6d5c1d399bab/element - {"using":"xpath","value":"//*[@id=\"__xmlview63--contractDetailProvideButton\"]"}
RESULT: {}
RESULT: {"using":"xpath","value":"//*[@id=\"__xmlview63--contractDetailProvideButton\"]"}
COMMAND: POST /session/b0ee303caf718db626ad6d5c1d399bab/element/f.E5342C77FF52C8F876B09F590AF6AC48.d.AB33535A1D19D2D167155ECF64B404AD.e.6495/click - {}
RESULT: {}
COMMAND: GET /session/b0ee303caf718db626ad6d5c1d399bab/screenshot - {}
]]></system-out>
    </testcase>
    <testcase classname="chrome.135_0_7049_96.windows.Provide_to_Site_w/_warehouse_management_w_clarification" name="Should Create HandOvers provide to site" time="71.71">
      <system-out><![CDATA[
COMMAND: POST /session/b0ee303caf718db626ad6d5c1d399bab/element - {"using":"css selector","value":"#application-managehandovers-display-component---AddNewHO--dueDate-inner"}
RESULT: {}
RESULT: {"using":"css selector","value":"#application-managehandovers-display-component---AddNewHO--dueDate-inner"}
COMMAND: POST /session/b0ee303caf718db626ad6d5c1d399bab/element/f.E5342C77FF52C8F876B09F590AF6AC48.d.AB33535A1D19D2D167155ECF64B404AD.e.6552/clear - {}
RESULT: {}
COMMAND: POST /session/b0ee303caf718db626ad6d5c1d399bab/element/f.E5342C77FF52C8F876B09F590AF6AC48.d.AB33535A1D19D2D167155ECF64B404AD.e.6552/value - {"text":"4/28/25"}
COMMAND: GET /session/b0ee303caf718db626ad6d5c1d399bab/screenshot - {}
RESULT: {"text":"4/28/25"}
COMMAND: POST /session/b0ee303caf718db626ad6d5c1d399bab/element - {"using":"xpath","value":"//bdi[(text() = 'Items' or . = 'Items')]"}
COMMAND: GET /session/b0ee303caf718db626ad6d5c1d399bab/screenshot - {}
RESULT: {}
RESULT: {"using":"xpath","value":"//bdi[(text() = 'Items' or . = 'Items')]"}
COMMAND: POST /session/b0ee303caf718db626ad6d5c1d399bab/element/f.E5342C77FF52C8F876B09F590AF6AC48.d.AB33535A1D19D2D167155ECF64B404AD.e.6658/click - {}
RESULT: {}
RESULT: {}
COMMAND: POST /session/b0ee303caf718db626ad6d5c1d399bab/execute/async - {"script":"<script> [1562 bytes]","args":[{"selector":{"controlType":"sap.m.Button","viewName":"etm.portal.ui.managehandovers.view.AddNewHO","viewId":"application-managehandovers-display-component---AddNewHO","i18NText":{"propertyName":"tooltip","key":"addItems"}},"wdio_ui5_key":"etmportal.ui.managehandovers.view.AddNewHOsap.m.Button{\"propertyName\":\"tooltip\",\"key\":\"addItems\"}"}]}
COMMAND: GET /session/b0ee303caf718db626ad6d5c1d399bab/screenshot - {}
RESULT: {"script":"<script> [1562 bytes]","args":[{"selector":{"controlType":"sap.m.Button","viewName":"etm.portal.ui.managehandovers.view.AddNewHO","viewId":"application-managehandovers-display-component---AddNewHO","i18NText":{"propertyName":"tooltip","key":"addItems"}},"wdio_ui5_key":"etmportal.ui.managehandovers.view.AddNewHOsap.m.Button{\"propertyName\":\"tooltip\",\"key\":\"addItems\"}"}]}
RESULT: undefined
COMMAND: POST /session/b0ee303caf718db626ad6d5c1d399bab/element - {"using":"xpath","value":"//*[@id=\"__button354\"]"}
RESULT: {}
RESULT: {"using":"xpath","value":"//*[@id=\"__button354\"]"}
COMMAND: POST /session/b0ee303caf718db626ad6d5c1d399bab/element/f.E5342C77FF52C8F876B09F590AF6AC48.d.AB33535A1D19D2D167155ECF64B404AD.e.6665/click - {}
RESULT: {}
COMMAND: GET /session/b0ee303caf718db626ad6d5c1d399bab/screenshot - {}
RESULT: {}
COMMAND: POST /session/b0ee303caf718db626ad6d5c1d399bab/element - {"using":"css selector","value":"div[id= \"application-managehandovers-display-component---AddNewHO--popup-sa-CbBg\"]"}
RESULT: {"using":"css selector","value":"div[id= \"application-managehandovers-display-component---AddNewHO--popup-sa-CbBg\"]"}
COMMAND: POST /session/b0ee303caf718db626ad6d5c1d399bab/element/f.E5342C77FF52C8F876B09F590AF6AC48.d.AB33535A1D19D2D167155ECF64B404AD.e.6680/click - {}
RESULT: {}
COMMAND: GET /session/b0ee303caf718db626ad6d5c1d399bab/screenshot - {}
RESULT: {}
COMMAND: POST /session/b0ee303caf718db626ad6d5c1d399bab/element - {"using":"xpath","value":"//bdi[(text() = 'Select' or . = 'Select')]"}
RESULT: {"using":"xpath","value":"//bdi[(text() = 'Select' or . = 'Select')]"}
COMMAND: POST /session/b0ee303caf718db626ad6d5c1d399bab/element/f.E5342C77FF52C8F876B09F590AF6AC48.d.AB33535A1D19D2D167155ECF64B404AD.e.6681/click - {}
RESULT: {}
COMMAND: GET /session/b0ee303caf718db626ad6d5c1d399bab/screenshot - {}
RESULT: {}
COMMAND: POST /session/b0ee303caf718db626ad6d5c1d399bab/element - {"using":"xpath","value":"//bdi[(text() = 'Save' or . = 'Save')]"}
RESULT: {"using":"xpath","value":"//bdi[(text() = 'Save' or . = 'Save')]"}
COMMAND: POST /session/b0ee303caf718db626ad6d5c1d399bab/element/f.E5342C77FF52C8F876B09F590AF6AC48.d.AB33535A1D19D2D167155ECF64B404AD.e.6689/click - {}
RESULT: {}
COMMAND: GET /session/b0ee303caf718db626ad6d5c1d399bab/screenshot - {}
RESULT: {}
COMMAND: POST /session/b0ee303caf718db626ad6d5c1d399bab/elements - {"using":"xpath","value":"//*[text()='Close']"}
RESULT: {"using":"xpath","value":"//*[text()='Close']"}
COMMAND: GET /session/b0ee303caf718db626ad6d5c1d399bab/element/f.E5342C77FF52C8F876B09F590AF6AC48.d.AB33535A1D19D2D167155ECF64B404AD.e.6723/enabled - {}
RESULT: {}
COMMAND: POST /session/b0ee303caf718db626ad6d5c1d399bab/execute/sync - {"script":"<script> [8489 bytes]","args":[{"element-6066-11e4-a52e-4f735466cecf":"f.E5342C77FF52C8F876B09F590AF6AC48.d.AB33535A1D19D2D167155ECF64B404AD.e.6723","ELEMENT":"f.E5342C77FF52C8F876B09F590AF6AC48.d.AB33535A1D19D2D167155ECF64B404AD.e.6723"}]}
COMMAND: GET /session/b0ee303caf718db626ad6d5c1d399bab/screenshot - {}
RESULT: {"script":"<script> [8489 bytes]","args":[{"element-6066-11e4-a52e-4f735466cecf":"f.E5342C77FF52C8F876B09F590AF6AC48.d.AB33535A1D19D2D167155ECF64B404AD.e.6723","ELEMENT":"f.E5342C77FF52C8F876B09F590AF6AC48.d.AB33535A1D19D2D167155ECF64B404AD.e.6723"}]}
COMMAND: GET /session/b0ee303caf718db626ad6d5c1d399bab/screenshot - {}
RESULT: {}
RESULT: {}
COMMAND: POST /session/b0ee303caf718db626ad6d5c1d399bab/execute/sync - {"script":"<script> [8489 bytes]","args":[{"element-6066-11e4-a52e-4f735466cecf":"f.E5342C77FF52C8F876B09F590AF6AC48.d.AB33535A1D19D2D167155ECF64B404AD.e.6723","ELEMENT":"f.E5342C77FF52C8F876B09F590AF6AC48.d.AB33535A1D19D2D167155ECF64B404AD.e.6723"}]}
RESULT: {"script":"<script> [8489 bytes]","args":[{"element-6066-11e4-a52e-4f735466cecf":"f.E5342C77FF52C8F876B09F590AF6AC48.d.AB33535A1D19D2D167155ECF64B404AD.e.6723","ELEMENT":"f.E5342C77FF52C8F876B09F590AF6AC48.d.AB33535A1D19D2D167155ECF64B404AD.e.6723"}]}
COMMAND: GET /session/b0ee303caf718db626ad6d5c1d399bab/screenshot - {}
RESULT: {}
COMMAND: POST /session/b0ee303caf718db626ad6d5c1d399bab/execute/sync - {"script":"<script> [8489 bytes]","args":[{"element-6066-11e4-a52e-4f735466cecf":"f.E5342C77FF52C8F876B09F590AF6AC48.d.AB33535A1D19D2D167155ECF64B404AD.e.6723","ELEMENT":"f.E5342C77FF52C8F876B09F590AF6AC48.d.AB33535A1D19D2D167155ECF64B404AD.e.6723"}]}
RESULT: {"script":"<script> [8489 bytes]","args":[{"element-6066-11e4-a52e-4f735466cecf":"f.E5342C77FF52C8F876B09F590AF6AC48.d.AB33535A1D19D2D167155ECF64B404AD.e.6723","ELEMENT":"f.E5342C77FF52C8F876B09F590AF6AC48.d.AB33535A1D19D2D167155ECF64B404AD.e.6723"}]}
COMMAND: GET /session/b0ee303caf718db626ad6d5c1d399bab/screenshot - {}
RESULT: {}
COMMAND: POST /session/b0ee303caf718db626ad6d5c1d399bab/execute/sync - {"script":"<script> [8489 bytes]","args":[{"element-6066-11e4-a52e-4f735466cecf":"f.E5342C77FF52C8F876B09F590AF6AC48.d.AB33535A1D19D2D167155ECF64B404AD.e.6723","ELEMENT":"f.E5342C77FF52C8F876B09F590AF6AC48.d.AB33535A1D19D2D167155ECF64B404AD.e.6723"}]}
RESULT: {"script":"<script> [8489 bytes]","args":[{"element-6066-11e4-a52e-4f735466cecf":"f.E5342C77FF52C8F876B09F590AF6AC48.d.AB33535A1D19D2D167155ECF64B404AD.e.6723","ELEMENT":"f.E5342C77FF52C8F876B09F590AF6AC48.d.AB33535A1D19D2D167155ECF64B404AD.e.6723"}]}
COMMAND: GET /session/b0ee303caf718db626ad6d5c1d399bab/screenshot - {}
RESULT: {}
COMMAND: POST /session/b0ee303caf718db626ad6d5c1d399bab/execute/sync - {"script":"<script> [8489 bytes]","args":[{"element-6066-11e4-a52e-4f735466cecf":"f.E5342C77FF52C8F876B09F590AF6AC48.d.AB33535A1D19D2D167155ECF64B404AD.e.6723","ELEMENT":"f.E5342C77FF52C8F876B09F590AF6AC48.d.AB33535A1D19D2D167155ECF64B404AD.e.6723"}]}
RESULT: {"script":"<script> [8489 bytes]","args":[{"element-6066-11e4-a52e-4f735466cecf":"f.E5342C77FF52C8F876B09F590AF6AC48.d.AB33535A1D19D2D167155ECF64B404AD.e.6723","ELEMENT":"f.E5342C77FF52C8F876B09F590AF6AC48.d.AB33535A1D19D2D167155ECF64B404AD.e.6723"}]}
COMMAND: GET /session/b0ee303caf718db626ad6d5c1d399bab/screenshot - {}
RESULT: {}
COMMAND: POST /session/b0ee303caf718db626ad6d5c1d399bab/execute/sync - {"script":"<script> [8489 bytes]","args":[{"element-6066-11e4-a52e-4f735466cecf":"f.E5342C77FF52C8F876B09F590AF6AC48.d.AB33535A1D19D2D167155ECF64B404AD.e.6723","ELEMENT":"f.E5342C77FF52C8F876B09F590AF6AC48.d.AB33535A1D19D2D167155ECF64B404AD.e.6723"}]}
RESULT: {"script":"<script> [8489 bytes]","args":[{"element-6066-11e4-a52e-4f735466cecf":"f.E5342C77FF52C8F876B09F590AF6AC48.d.AB33535A1D19D2D167155ECF64B404AD.e.6723","ELEMENT":"f.E5342C77FF52C8F876B09F590AF6AC48.d.AB33535A1D19D2D167155ECF64B404AD.e.6723"}]}
COMMAND: GET /session/b0ee303caf718db626ad6d5c1d399bab/screenshot - {}
RESULT: {}
COMMAND: POST /session/b0ee303caf718db626ad6d5c1d399bab/execute/sync - {"script":"<script> [8489 bytes]","args":[{"element-6066-11e4-a52e-4f735466cecf":"f.E5342C77FF52C8F876B09F590AF6AC48.d.AB33535A1D19D2D167155ECF64B404AD.e.6723","ELEMENT":"f.E5342C77FF52C8F876B09F590AF6AC48.d.AB33535A1D19D2D167155ECF64B404AD.e.6723"}]}
RESULT: {"script":"<script> [8489 bytes]","args":[{"element-6066-11e4-a52e-4f735466cecf":"f.E5342C77FF52C8F876B09F590AF6AC48.d.AB33535A1D19D2D167155ECF64B404AD.e.6723","ELEMENT":"f.E5342C77FF52C8F876B09F590AF6AC48.d.AB33535A1D19D2D167155ECF64B404AD.e.6723"}]}
COMMAND: GET /session/b0ee303caf718db626ad6d5c1d399bab/screenshot - {}
RESULT: {}
COMMAND: POST /session/b0ee303caf718db626ad6d5c1d399bab/execute/sync - {"script":"<script> [8489 bytes]","args":[{"element-6066-11e4-a52e-4f735466cecf":"f.E5342C77FF52C8F876B09F590AF6AC48.d.AB33535A1D19D2D167155ECF64B404AD.e.6723","ELEMENT":"f.E5342C77FF52C8F876B09F590AF6AC48.d.AB33535A1D19D2D167155ECF64B404AD.e.6723"}]}
RESULT: {"script":"<script> [8489 bytes]","args":[{"element-6066-11e4-a52e-4f735466cecf":"f.E5342C77FF52C8F876B09F590AF6AC48.d.AB33535A1D19D2D167155ECF64B404AD.e.6723","ELEMENT":"f.E5342C77FF52C8F876B09F590AF6AC48.d.AB33535A1D19D2D167155ECF64B404AD.e.6723"}]}
COMMAND: GET /session/b0ee303caf718db626ad6d5c1d399bab/screenshot - {}
RESULT: {}
COMMAND: POST /session/b0ee303caf718db626ad6d5c1d399bab/execute/sync - {"script":"<script> [8489 bytes]","args":[{"element-6066-11e4-a52e-4f735466cecf":"f.E5342C77FF52C8F876B09F590AF6AC48.d.AB33535A1D19D2D167155ECF64B404AD.e.6723","ELEMENT":"f.E5342C77FF52C8F876B09F590AF6AC48.d.AB33535A1D19D2D167155ECF64B404AD.e.6723"}]}
RESULT: {"script":"<script> [8489 bytes]","args":[{"element-6066-11e4-a52e-4f735466cecf":"f.E5342C77FF52C8F876B09F590AF6AC48.d.AB33535A1D19D2D167155ECF64B404AD.e.6723","ELEMENT":"f.E5342C77FF52C8F876B09F590AF6AC48.d.AB33535A1D19D2D167155ECF64B404AD.e.6723"}]}
COMMAND: GET /session/b0ee303caf718db626ad6d5c1d399bab/screenshot - {}
RESULT: {}
COMMAND: POST /session/b0ee303caf718db626ad6d5c1d399bab/execute/sync - {"script":"<script> [8489 bytes]","args":[{"element-6066-11e4-a52e-4f735466cecf":"f.E5342C77FF52C8F876B09F590AF6AC48.d.AB33535A1D19D2D167155ECF64B404AD.e.6723","ELEMENT":"f.E5342C77FF52C8F876B09F590AF6AC48.d.AB33535A1D19D2D167155ECF64B404AD.e.6723"}]}
RESULT: {"script":"<script> [8489 bytes]","args":[{"element-6066-11e4-a52e-4f735466cecf":"f.E5342C77FF52C8F876B09F590AF6AC48.d.AB33535A1D19D2D167155ECF64B404AD.e.6723","ELEMENT":"f.E5342C77FF52C8F876B09F590AF6AC48.d.AB33535A1D19D2D167155ECF64B404AD.e.6723"}]}
COMMAND: GET /session/b0ee303caf718db626ad6d5c1d399bab/screenshot - {}
RESULT: {}
COMMAND: POST /session/b0ee303caf718db626ad6d5c1d399bab/execute/sync - {"script":"<script> [8489 bytes]","args":[{"element-6066-11e4-a52e-4f735466cecf":"f.E5342C77FF52C8F876B09F590AF6AC48.d.AB33535A1D19D2D167155ECF64B404AD.e.6723","ELEMENT":"f.E5342C77FF52C8F876B09F590AF6AC48.d.AB33535A1D19D2D167155ECF64B404AD.e.6723"}]}
RESULT: {"script":"<script> [8489 bytes]","args":[{"element-6066-11e4-a52e-4f735466cecf":"f.E5342C77FF52C8F876B09F590AF6AC48.d.AB33535A1D19D2D167155ECF64B404AD.e.6723","ELEMENT":"f.E5342C77FF52C8F876B09F590AF6AC48.d.AB33535A1D19D2D167155ECF64B404AD.e.6723"}]}
COMMAND: GET /session/b0ee303caf718db626ad6d5c1d399bab/screenshot - {}
RESULT: {}
COMMAND: POST /session/b0ee303caf718db626ad6d5c1d399bab/execute/sync - {"script":"<script> [8489 bytes]","args":[{"element-6066-11e4-a52e-4f735466cecf":"f.E5342C77FF52C8F876B09F590AF6AC48.d.AB33535A1D19D2D167155ECF64B404AD.e.6723","ELEMENT":"f.E5342C77FF52C8F876B09F590AF6AC48.d.AB33535A1D19D2D167155ECF64B404AD.e.6723"}]}
RESULT: {"script":"<script> [8489 bytes]","args":[{"element-6066-11e4-a52e-4f735466cecf":"f.E5342C77FF52C8F876B09F590AF6AC48.d.AB33535A1D19D2D167155ECF64B404AD.e.6723","ELEMENT":"f.E5342C77FF52C8F876B09F590AF6AC48.d.AB33535A1D19D2D167155ECF64B404AD.e.6723"}]}
COMMAND: GET /session/b0ee303caf718db626ad6d5c1d399bab/screenshot - {}
RESULT: {}
COMMAND: POST /session/b0ee303caf718db626ad6d5c1d399bab/execute/sync - {"script":"<script> [8489 bytes]","args":[{"element-6066-11e4-a52e-4f735466cecf":"f.E5342C77FF52C8F876B09F590AF6AC48.d.AB33535A1D19D2D167155ECF64B404AD.e.6723","ELEMENT":"f.E5342C77FF52C8F876B09F590AF6AC48.d.AB33535A1D19D2D167155ECF64B404AD.e.6723"}]}
RESULT: {"script":"<script> [8489 bytes]","args":[{"element-6066-11e4-a52e-4f735466cecf":"f.E5342C77FF52C8F876B09F590AF6AC48.d.AB33535A1D19D2D167155ECF64B404AD.e.6723","ELEMENT":"f.E5342C77FF52C8F876B09F590AF6AC48.d.AB33535A1D19D2D167155ECF64B404AD.e.6723"}]}
COMMAND: GET /session/b0ee303caf718db626ad6d5c1d399bab/screenshot - {}
RESULT: {}
COMMAND: POST /session/b0ee303caf718db626ad6d5c1d399bab/execute/sync - {"script":"<script> [8489 bytes]","args":[{"element-6066-11e4-a52e-4f735466cecf":"f.E5342C77FF52C8F876B09F590AF6AC48.d.AB33535A1D19D2D167155ECF64B404AD.e.6723","ELEMENT":"f.E5342C77FF52C8F876B09F590AF6AC48.d.AB33535A1D19D2D167155ECF64B404AD.e.6723"}]}
RESULT: {"script":"<script> [8489 bytes]","args":[{"element-6066-11e4-a52e-4f735466cecf":"f.E5342C77FF52C8F876B09F590AF6AC48.d.AB33535A1D19D2D167155ECF64B404AD.e.6723","ELEMENT":"f.E5342C77FF52C8F876B09F590AF6AC48.d.AB33535A1D19D2D167155ECF64B404AD.e.6723"}]}
COMMAND: GET /session/b0ee303caf718db626ad6d5c1d399bab/screenshot - {}
RESULT: {}
COMMAND: POST /session/b0ee303caf718db626ad6d5c1d399bab/execute/sync - {"script":"<script> [8489 bytes]","args":[{"element-6066-11e4-a52e-4f735466cecf":"f.E5342C77FF52C8F876B09F590AF6AC48.d.AB33535A1D19D2D167155ECF64B404AD.e.6723","ELEMENT":"f.E5342C77FF52C8F876B09F590AF6AC48.d.AB33535A1D19D2D167155ECF64B404AD.e.6723"}]}
RESULT: {"script":"<script> [8489 bytes]","args":[{"element-6066-11e4-a52e-4f735466cecf":"f.E5342C77FF52C8F876B09F590AF6AC48.d.AB33535A1D19D2D167155ECF64B404AD.e.6723","ELEMENT":"f.E5342C77FF52C8F876B09F590AF6AC48.d.AB33535A1D19D2D167155ECF64B404AD.e.6723"}]}
COMMAND: GET /session/b0ee303caf718db626ad6d5c1d399bab/screenshot - {}
RESULT: {}
COMMAND: POST /session/b0ee303caf718db626ad6d5c1d399bab/execute/sync - {"script":"<script> [8489 bytes]","args":[{"element-6066-11e4-a52e-4f735466cecf":"f.E5342C77FF52C8F876B09F590AF6AC48.d.AB33535A1D19D2D167155ECF64B404AD.e.6723","ELEMENT":"f.E5342C77FF52C8F876B09F590AF6AC48.d.AB33535A1D19D2D167155ECF64B404AD.e.6723"}]}
RESULT: {"script":"<script> [8489 bytes]","args":[{"element-6066-11e4-a52e-4f735466cecf":"f.E5342C77FF52C8F876B09F590AF6AC48.d.AB33535A1D19D2D167155ECF64B404AD.e.6723","ELEMENT":"f.E5342C77FF52C8F876B09F590AF6AC48.d.AB33535A1D19D2D167155ECF64B404AD.e.6723"}]}
COMMAND: GET /session/b0ee303caf718db626ad6d5c1d399bab/screenshot - {}
RESULT: {}
COMMAND: POST /session/b0ee303caf718db626ad6d5c1d399bab/execute/sync - {"script":"<script> [8489 bytes]","args":[{"element-6066-11e4-a52e-4f735466cecf":"f.E5342C77FF52C8F876B09F590AF6AC48.d.AB33535A1D19D2D167155ECF64B404AD.e.6723","ELEMENT":"f.E5342C77FF52C8F876B09F590AF6AC48.d.AB33535A1D19D2D167155ECF64B404AD.e.6723"}]}
RESULT: {"script":"<script> [8489 bytes]","args":[{"element-6066-11e4-a52e-4f735466cecf":"f.E5342C77FF52C8F876B09F590AF6AC48.d.AB33535A1D19D2D167155ECF64B404AD.e.6723","ELEMENT":"f.E5342C77FF52C8F876B09F590AF6AC48.d.AB33535A1D19D2D167155ECF64B404AD.e.6723"}]}
COMMAND: GET /session/b0ee303caf718db626ad6d5c1d399bab/screenshot - {}
RESULT: {}
COMMAND: POST /session/b0ee303caf718db626ad6d5c1d399bab/execute/sync - {"script":"<script> [8489 bytes]","args":[{"element-6066-11e4-a52e-4f735466cecf":"f.E5342C77FF52C8F876B09F590AF6AC48.d.AB33535A1D19D2D167155ECF64B404AD.e.6723","ELEMENT":"f.E5342C77FF52C8F876B09F590AF6AC48.d.AB33535A1D19D2D167155ECF64B404AD.e.6723"}]}
RESULT: {"script":"<script> [8489 bytes]","args":[{"element-6066-11e4-a52e-4f735466cecf":"f.E5342C77FF52C8F876B09F590AF6AC48.d.AB33535A1D19D2D167155ECF64B404AD.e.6723","ELEMENT":"f.E5342C77FF52C8F876B09F590AF6AC48.d.AB33535A1D19D2D167155ECF64B404AD.e.6723"}]}
COMMAND: GET /session/b0ee303caf718db626ad6d5c1d399bab/screenshot - {}
RESULT: {}
COMMAND: POST /session/b0ee303caf718db626ad6d5c1d399bab/execute/sync - {"script":"<script> [8489 bytes]","args":[{"element-6066-11e4-a52e-4f735466cecf":"f.E5342C77FF52C8F876B09F590AF6AC48.d.AB33535A1D19D2D167155ECF64B404AD.e.6723","ELEMENT":"f.E5342C77FF52C8F876B09F590AF6AC48.d.AB33535A1D19D2D167155ECF64B404AD.e.6723"}]}
RESULT: {"script":"<script> [8489 bytes]","args":[{"element-6066-11e4-a52e-4f735466cecf":"f.E5342C77FF52C8F876B09F590AF6AC48.d.AB33535A1D19D2D167155ECF64B404AD.e.6723","ELEMENT":"f.E5342C77FF52C8F876B09F590AF6AC48.d.AB33535A1D19D2D167155ECF64B404AD.e.6723"}]}
COMMAND: GET /session/b0ee303caf718db626ad6d5c1d399bab/screenshot - {}
RESULT: {}
COMMAND: POST /session/b0ee303caf718db626ad6d5c1d399bab/execute/sync - {"script":"<script> [8489 bytes]","args":[{"element-6066-11e4-a52e-4f735466cecf":"f.E5342C77FF52C8F876B09F590AF6AC48.d.AB33535A1D19D2D167155ECF64B404AD.e.6723","ELEMENT":"f.E5342C77FF52C8F876B09F590AF6AC48.d.AB33535A1D19D2D167155ECF64B404AD.e.6723"}]}
RESULT: {"script":"<script> [8489 bytes]","args":[{"element-6066-11e4-a52e-4f735466cecf":"f.E5342C77FF52C8F876B09F590AF6AC48.d.AB33535A1D19D2D167155ECF64B404AD.e.6723","ELEMENT":"f.E5342C77FF52C8F876B09F590AF6AC48.d.AB33535A1D19D2D167155ECF64B404AD.e.6723"}]}
COMMAND: GET /session/b0ee303caf718db626ad6d5c1d399bab/screenshot - {}
RESULT: {}
COMMAND: POST /session/b0ee303caf718db626ad6d5c1d399bab/execute/sync - {"script":"<script> [8489 bytes]","args":[{"element-6066-11e4-a52e-4f735466cecf":"f.E5342C77FF52C8F876B09F590AF6AC48.d.AB33535A1D19D2D167155ECF64B404AD.e.6723","ELEMENT":"f.E5342C77FF52C8F876B09F590AF6AC48.d.AB33535A1D19D2D167155ECF64B404AD.e.6723"}]}
RESULT: {"script":"<script> [8489 bytes]","args":[{"element-6066-11e4-a52e-4f735466cecf":"f.E5342C77FF52C8F876B09F590AF6AC48.d.AB33535A1D19D2D167155ECF64B404AD.e.6723","ELEMENT":"f.E5342C77FF52C8F876B09F590AF6AC48.d.AB33535A1D19D2D167155ECF64B404AD.e.6723"}]}
COMMAND: GET /session/b0ee303caf718db626ad6d5c1d399bab/screenshot - {}
RESULT: {}
COMMAND: POST /session/b0ee303caf718db626ad6d5c1d399bab/execute/sync - {"script":"<script> [8489 bytes]","args":[{"element-6066-11e4-a52e-4f735466cecf":"f.E5342C77FF52C8F876B09F590AF6AC48.d.AB33535A1D19D2D167155ECF64B404AD.e.6723","ELEMENT":"f.E5342C77FF52C8F876B09F590AF6AC48.d.AB33535A1D19D2D167155ECF64B404AD.e.6723"}]}
RESULT: {"script":"<script> [8489 bytes]","args":[{"element-6066-11e4-a52e-4f735466cecf":"f.E5342C77FF52C8F876B09F590AF6AC48.d.AB33535A1D19D2D167155ECF64B404AD.e.6723","ELEMENT":"f.E5342C77FF52C8F876B09F590AF6AC48.d.AB33535A1D19D2D167155ECF64B404AD.e.6723"}]}
COMMAND: GET /session/b0ee303caf718db626ad6d5c1d399bab/screenshot - {}
RESULT: {}
COMMAND: POST /session/b0ee303caf718db626ad6d5c1d399bab/execute/sync - {"script":"<script> [8489 bytes]","args":[{"element-6066-11e4-a52e-4f735466cecf":"f.E5342C77FF52C8F876B09F590AF6AC48.d.AB33535A1D19D2D167155ECF64B404AD.e.6723","ELEMENT":"f.E5342C77FF52C8F876B09F590AF6AC48.d.AB33535A1D19D2D167155ECF64B404AD.e.6723"}]}
RESULT: {"script":"<script> [8489 bytes]","args":[{"element-6066-11e4-a52e-4f735466cecf":"f.E5342C77FF52C8F876B09F590AF6AC48.d.AB33535A1D19D2D167155ECF64B404AD.e.6723","ELEMENT":"f.E5342C77FF52C8F876B09F590AF6AC48.d.AB33535A1D19D2D167155ECF64B404AD.e.6723"}]}
COMMAND: GET /session/b0ee303caf718db626ad6d5c1d399bab/screenshot - {}
RESULT: {}
COMMAND: POST /session/b0ee303caf718db626ad6d5c1d399bab/execute/sync - {"script":"<script> [8489 bytes]","args":[{"element-6066-11e4-a52e-4f735466cecf":"f.E5342C77FF52C8F876B09F590AF6AC48.d.AB33535A1D19D2D167155ECF64B404AD.e.6723","ELEMENT":"f.E5342C77FF52C8F876B09F590AF6AC48.d.AB33535A1D19D2D167155ECF64B404AD.e.6723"}]}
RESULT: {"script":"<script> [8489 bytes]","args":[{"element-6066-11e4-a52e-4f735466cecf":"f.E5342C77FF52C8F876B09F590AF6AC48.d.AB33535A1D19D2D167155ECF64B404AD.e.6723","ELEMENT":"f.E5342C77FF52C8F876B09F590AF6AC48.d.AB33535A1D19D2D167155ECF64B404AD.e.6723"}]}
COMMAND: GET /session/b0ee303caf718db626ad6d5c1d399bab/screenshot - {}
RESULT: {}
COMMAND: POST /session/b0ee303caf718db626ad6d5c1d399bab/execute/sync - {"script":"<script> [8489 bytes]","args":[{"element-6066-11e4-a52e-4f735466cecf":"f.E5342C77FF52C8F876B09F590AF6AC48.d.AB33535A1D19D2D167155ECF64B404AD.e.6723","ELEMENT":"f.E5342C77FF52C8F876B09F590AF6AC48.d.AB33535A1D19D2D167155ECF64B404AD.e.6723"}]}
RESULT: {"script":"<script> [8489 bytes]","args":[{"element-6066-11e4-a52e-4f735466cecf":"f.E5342C77FF52C8F876B09F590AF6AC48.d.AB33535A1D19D2D167155ECF64B404AD.e.6723","ELEMENT":"f.E5342C77FF52C8F876B09F590AF6AC48.d.AB33535A1D19D2D167155ECF64B404AD.e.6723"}]}
COMMAND: GET /session/b0ee303caf718db626ad6d5c1d399bab/screenshot - {}
RESULT: {}
COMMAND: POST /session/b0ee303caf718db626ad6d5c1d399bab/execute/sync - {"script":"<script> [8489 bytes]","args":[{"element-6066-11e4-a52e-4f735466cecf":"f.E5342C77FF52C8F876B09F590AF6AC48.d.AB33535A1D19D2D167155ECF64B404AD.e.6723","ELEMENT":"f.E5342C77FF52C8F876B09F590AF6AC48.d.AB33535A1D19D2D167155ECF64B404AD.e.6723"}]}
RESULT: {"script":"<script> [8489 bytes]","args":[{"element-6066-11e4-a52e-4f735466cecf":"f.E5342C77FF52C8F876B09F590AF6AC48.d.AB33535A1D19D2D167155ECF64B404AD.e.6723","ELEMENT":"f.E5342C77FF52C8F876B09F590AF6AC48.d.AB33535A1D19D2D167155ECF64B404AD.e.6723"}]}
COMMAND: GET /session/b0ee303caf718db626ad6d5c1d399bab/screenshot - {}
RESULT: {}
COMMAND: POST /session/b0ee303caf718db626ad6d5c1d399bab/execute/sync - {"script":"<script> [8489 bytes]","args":[{"element-6066-11e4-a52e-4f735466cecf":"f.E5342C77FF52C8F876B09F590AF6AC48.d.AB33535A1D19D2D167155ECF64B404AD.e.6723","ELEMENT":"f.E5342C77FF52C8F876B09F590AF6AC48.d.AB33535A1D19D2D167155ECF64B404AD.e.6723"}]}
RESULT: {"script":"<script> [8489 bytes]","args":[{"element-6066-11e4-a52e-4f735466cecf":"f.E5342C77FF52C8F876B09F590AF6AC48.d.AB33535A1D19D2D167155ECF64B404AD.e.6723","ELEMENT":"f.E5342C77FF52C8F876B09F590AF6AC48.d.AB33535A1D19D2D167155ECF64B404AD.e.6723"}]}
COMMAND: GET /session/b0ee303caf718db626ad6d5c1d399bab/screenshot - {}
RESULT: {}
COMMAND: POST /session/b0ee303caf718db626ad6d5c1d399bab/execute/sync - {"script":"<script> [8489 bytes]","args":[{"element-6066-11e4-a52e-4f735466cecf":"f.E5342C77FF52C8F876B09F590AF6AC48.d.AB33535A1D19D2D167155ECF64B404AD.e.6723","ELEMENT":"f.E5342C77FF52C8F876B09F590AF6AC48.d.AB33535A1D19D2D167155ECF64B404AD.e.6723"}]}
RESULT: {"script":"<script> [8489 bytes]","args":[{"element-6066-11e4-a52e-4f735466cecf":"f.E5342C77FF52C8F876B09F590AF6AC48.d.AB33535A1D19D2D167155ECF64B404AD.e.6723","ELEMENT":"f.E5342C77FF52C8F876B09F590AF6AC48.d.AB33535A1D19D2D167155ECF64B404AD.e.6723"}]}
COMMAND: GET /session/b0ee303caf718db626ad6d5c1d399bab/screenshot - {}
RESULT: {}
COMMAND: POST /session/b0ee303caf718db626ad6d5c1d399bab/execute/sync - {"script":"<script> [8489 bytes]","args":[{"element-6066-11e4-a52e-4f735466cecf":"f.E5342C77FF52C8F876B09F590AF6AC48.d.AB33535A1D19D2D167155ECF64B404AD.e.6723","ELEMENT":"f.E5342C77FF52C8F876B09F590AF6AC48.d.AB33535A1D19D2D167155ECF64B404AD.e.6723"}]}
RESULT: {"script":"<script> [8489 bytes]","args":[{"element-6066-11e4-a52e-4f735466cecf":"f.E5342C77FF52C8F876B09F590AF6AC48.d.AB33535A1D19D2D167155ECF64B404AD.e.6723","ELEMENT":"f.E5342C77FF52C8F876B09F590AF6AC48.d.AB33535A1D19D2D167155ECF64B404AD.e.6723"}]}
COMMAND: GET /session/b0ee303caf718db626ad6d5c1d399bab/screenshot - {}
RESULT: {}
COMMAND: POST /session/b0ee303caf718db626ad6d5c1d399bab/execute/sync - {"script":"<script> [8489 bytes]","args":[{"element-6066-11e4-a52e-4f735466cecf":"f.E5342C77FF52C8F876B09F590AF6AC48.d.AB33535A1D19D2D167155ECF64B404AD.e.6723","ELEMENT":"f.E5342C77FF52C8F876B09F590AF6AC48.d.AB33535A1D19D2D167155ECF64B404AD.e.6723"}]}
RESULT: {"script":"<script> [8489 bytes]","args":[{"element-6066-11e4-a52e-4f735466cecf":"f.E5342C77FF52C8F876B09F590AF6AC48.d.AB33535A1D19D2D167155ECF64B404AD.e.6723","ELEMENT":"f.E5342C77FF52C8F876B09F590AF6AC48.d.AB33535A1D19D2D167155ECF64B404AD.e.6723"}]}
COMMAND: GET /session/b0ee303caf718db626ad6d5c1d399bab/screenshot - {}
RESULT: {}
COMMAND: POST /session/b0ee303caf718db626ad6d5c1d399bab/execute/sync - {"script":"<script> [8489 bytes]","args":[{"element-6066-11e4-a52e-4f735466cecf":"f.E5342C77FF52C8F876B09F590AF6AC48.d.AB33535A1D19D2D167155ECF64B404AD.e.6723","ELEMENT":"f.E5342C77FF52C8F876B09F590AF6AC48.d.AB33535A1D19D2D167155ECF64B404AD.e.6723"}]}
RESULT: {"script":"<script> [8489 bytes]","args":[{"element-6066-11e4-a52e-4f735466cecf":"f.E5342C77FF52C8F876B09F590AF6AC48.d.AB33535A1D19D2D167155ECF64B404AD.e.6723","ELEMENT":"f.E5342C77FF52C8F876B09F590AF6AC48.d.AB33535A1D19D2D167155ECF64B404AD.e.6723"}]}
COMMAND: GET /session/b0ee303caf718db626ad6d5c1d399bab/screenshot - {}
RESULT: {}
COMMAND: POST /session/b0ee303caf718db626ad6d5c1d399bab/execute/sync - {"script":"<script> [8489 bytes]","args":[{"element-6066-11e4-a52e-4f735466cecf":"f.E5342C77FF52C8F876B09F590AF6AC48.d.AB33535A1D19D2D167155ECF64B404AD.e.6723","ELEMENT":"f.E5342C77FF52C8F876B09F590AF6AC48.d.AB33535A1D19D2D167155ECF64B404AD.e.6723"}]}
RESULT: {"script":"<script> [8489 bytes]","args":[{"element-6066-11e4-a52e-4f735466cecf":"f.E5342C77FF52C8F876B09F590AF6AC48.d.AB33535A1D19D2D167155ECF64B404AD.e.6723","ELEMENT":"f.E5342C77FF52C8F876B09F590AF6AC48.d.AB33535A1D19D2D167155ECF64B404AD.e.6723"}]}
COMMAND: GET /session/b0ee303caf718db626ad6d5c1d399bab/screenshot - {}
RESULT: {}
COMMAND: POST /session/b0ee303caf718db626ad6d5c1d399bab/execute/sync - {"script":"<script> [8489 bytes]","args":[{"element-6066-11e4-a52e-4f735466cecf":"f.E5342C77FF52C8F876B09F590AF6AC48.d.AB33535A1D19D2D167155ECF64B404AD.e.6723","ELEMENT":"f.E5342C77FF52C8F876B09F590AF6AC48.d.AB33535A1D19D2D167155ECF64B404AD.e.6723"}]}
RESULT: {"script":"<script> [8489 bytes]","args":[{"element-6066-11e4-a52e-4f735466cecf":"f.E5342C77FF52C8F876B09F590AF6AC48.d.AB33535A1D19D2D167155ECF64B404AD.e.6723","ELEMENT":"f.E5342C77FF52C8F876B09F590AF6AC48.d.AB33535A1D19D2D167155ECF64B404AD.e.6723"}]}
COMMAND: GET /session/b0ee303caf718db626ad6d5c1d399bab/screenshot - {}
RESULT: {}
COMMAND: POST /session/b0ee303caf718db626ad6d5c1d399bab/execute/sync - {"script":"<script> [8489 bytes]","args":[{"element-6066-11e4-a52e-4f735466cecf":"f.E5342C77FF52C8F876B09F590AF6AC48.d.AB33535A1D19D2D167155ECF64B404AD.e.6723","ELEMENT":"f.E5342C77FF52C8F876B09F590AF6AC48.d.AB33535A1D19D2D167155ECF64B404AD.e.6723"}]}
RESULT: {"script":"<script> [8489 bytes]","args":[{"element-6066-11e4-a52e-4f735466cecf":"f.E5342C77FF52C8F876B09F590AF6AC48.d.AB33535A1D19D2D167155ECF64B404AD.e.6723","ELEMENT":"f.E5342C77FF52C8F876B09F590AF6AC48.d.AB33535A1D19D2D167155ECF64B404AD.e.6723"}]}
COMMAND: GET /session/b0ee303caf718db626ad6d5c1d399bab/screenshot - {}
RESULT: {}
COMMAND: POST /session/b0ee303caf718db626ad6d5c1d399bab/execute/sync - {"script":"<script> [8489 bytes]","args":[{"element-6066-11e4-a52e-4f735466cecf":"f.E5342C77FF52C8F876B09F590AF6AC48.d.AB33535A1D19D2D167155ECF64B404AD.e.6723","ELEMENT":"f.E5342C77FF52C8F876B09F590AF6AC48.d.AB33535A1D19D2D167155ECF64B404AD.e.6723"}]}
RESULT: {"script":"<script> [8489 bytes]","args":[{"element-6066-11e4-a52e-4f735466cecf":"f.E5342C77FF52C8F876B09F590AF6AC48.d.AB33535A1D19D2D167155ECF64B404AD.e.6723","ELEMENT":"f.E5342C77FF52C8F876B09F590AF6AC48.d.AB33535A1D19D2D167155ECF64B404AD.e.6723"}]}
COMMAND: GET /session/b0ee303caf718db626ad6d5c1d399bab/screenshot - {}
RESULT: {}
COMMAND: POST /session/b0ee303caf718db626ad6d5c1d399bab/execute/sync - {"script":"<script> [8489 bytes]","args":[{"element-6066-11e4-a52e-4f735466cecf":"f.E5342C77FF52C8F876B09F590AF6AC48.d.AB33535A1D19D2D167155ECF64B404AD.e.6723","ELEMENT":"f.E5342C77FF52C8F876B09F590AF6AC48.d.AB33535A1D19D2D167155ECF64B404AD.e.6723"}]}
RESULT: {"script":"<script> [8489 bytes]","args":[{"element-6066-11e4-a52e-4f735466cecf":"f.E5342C77FF52C8F876B09F590AF6AC48.d.AB33535A1D19D2D167155ECF64B404AD.e.6723","ELEMENT":"f.E5342C77FF52C8F876B09F590AF6AC48.d.AB33535A1D19D2D167155ECF64B404AD.e.6723"}]}
COMMAND: GET /session/b0ee303caf718db626ad6d5c1d399bab/screenshot - {}
RESULT: {}
COMMAND: POST /session/b0ee303caf718db626ad6d5c1d399bab/execute/sync - {"script":"<script> [8489 bytes]","args":[{"element-6066-11e4-a52e-4f735466cecf":"f.E5342C77FF52C8F876B09F590AF6AC48.d.AB33535A1D19D2D167155ECF64B404AD.e.6723","ELEMENT":"f.E5342C77FF52C8F876B09F590AF6AC48.d.AB33535A1D19D2D167155ECF64B404AD.e.6723"}]}
RESULT: {"script":"<script> [8489 bytes]","args":[{"element-6066-11e4-a52e-4f735466cecf":"f.E5342C77FF52C8F876B09F590AF6AC48.d.AB33535A1D19D2D167155ECF64B404AD.e.6723","ELEMENT":"f.E5342C77FF52C8F876B09F590AF6AC48.d.AB33535A1D19D2D167155ECF64B404AD.e.6723"}]}
COMMAND: GET /session/b0ee303caf718db626ad6d5c1d399bab/screenshot - {}
RESULT: {}
COMMAND: POST /session/b0ee303caf718db626ad6d5c1d399bab/execute/sync - {"script":"<script> [8489 bytes]","args":[{"element-6066-11e4-a52e-4f735466cecf":"f.E5342C77FF52C8F876B09F590AF6AC48.d.AB33535A1D19D2D167155ECF64B404AD.e.6723","ELEMENT":"f.E5342C77FF52C8F876B09F590AF6AC48.d.AB33535A1D19D2D167155ECF64B404AD.e.6723"}]}
RESULT: {"script":"<script> [8489 bytes]","args":[{"element-6066-11e4-a52e-4f735466cecf":"f.E5342C77FF52C8F876B09F590AF6AC48.d.AB33535A1D19D2D167155ECF64B404AD.e.6723","ELEMENT":"f.E5342C77FF52C8F876B09F590AF6AC48.d.AB33535A1D19D2D167155ECF64B404AD.e.6723"}]}
COMMAND: GET /session/b0ee303caf718db626ad6d5c1d399bab/screenshot - {}
RESULT: {}
COMMAND: POST /session/b0ee303caf718db626ad6d5c1d399bab/execute/sync - {"script":"<script> [8489 bytes]","args":[{"element-6066-11e4-a52e-4f735466cecf":"f.E5342C77FF52C8F876B09F590AF6AC48.d.AB33535A1D19D2D167155ECF64B404AD.e.6723","ELEMENT":"f.E5342C77FF52C8F876B09F590AF6AC48.d.AB33535A1D19D2D167155ECF64B404AD.e.6723"}]}
RESULT: {"script":"<script> [8489 bytes]","args":[{"element-6066-11e4-a52e-4f735466cecf":"f.E5342C77FF52C8F876B09F590AF6AC48.d.AB33535A1D19D2D167155ECF64B404AD.e.6723","ELEMENT":"f.E5342C77FF52C8F876B09F590AF6AC48.d.AB33535A1D19D2D167155ECF64B404AD.e.6723"}]}
COMMAND: GET /session/b0ee303caf718db626ad6d5c1d399bab/screenshot - {}
RESULT: {}
COMMAND: POST /session/b0ee303caf718db626ad6d5c1d399bab/execute/sync - {"script":"<script> [8489 bytes]","args":[{"element-6066-11e4-a52e-4f735466cecf":"f.E5342C77FF52C8F876B09F590AF6AC48.d.AB33535A1D19D2D167155ECF64B404AD.e.6723","ELEMENT":"f.E5342C77FF52C8F876B09F590AF6AC48.d.AB33535A1D19D2D167155ECF64B404AD.e.6723"}]}
RESULT: {"script":"<script> [8489 bytes]","args":[{"element-6066-11e4-a52e-4f735466cecf":"f.E5342C77FF52C8F876B09F590AF6AC48.d.AB33535A1D19D2D167155ECF64B404AD.e.6723","ELEMENT":"f.E5342C77FF52C8F876B09F590AF6AC48.d.AB33535A1D19D2D167155ECF64B404AD.e.6723"}]}
COMMAND: GET /session/b0ee303caf718db626ad6d5c1d399bab/screenshot - {}
RESULT: {}
COMMAND: POST /session/b0ee303caf718db626ad6d5c1d399bab/execute/sync - {"script":"<script> [8489 bytes]","args":[{"element-6066-11e4-a52e-4f735466cecf":"f.E5342C77FF52C8F876B09F590AF6AC48.d.AB33535A1D19D2D167155ECF64B404AD.e.6723","ELEMENT":"f.E5342C77FF52C8F876B09F590AF6AC48.d.AB33535A1D19D2D167155ECF64B404AD.e.6723"}]}
RESULT: {"script":"<script> [8489 bytes]","args":[{"element-6066-11e4-a52e-4f735466cecf":"f.E5342C77FF52C8F876B09F590AF6AC48.d.AB33535A1D19D2D167155ECF64B404AD.e.6723","ELEMENT":"f.E5342C77FF52C8F876B09F590AF6AC48.d.AB33535A1D19D2D167155ECF64B404AD.e.6723"}]}
COMMAND: GET /session/b0ee303caf718db626ad6d5c1d399bab/screenshot - {}
RESULT: {}
COMMAND: POST /session/b0ee303caf718db626ad6d5c1d399bab/execute/sync - {"script":"<script> [8489 bytes]","args":[{"element-6066-11e4-a52e-4f735466cecf":"f.E5342C77FF52C8F876B09F590AF6AC48.d.AB33535A1D19D2D167155ECF64B404AD.e.6723","ELEMENT":"f.E5342C77FF52C8F876B09F590AF6AC48.d.AB33535A1D19D2D167155ECF64B404AD.e.6723"}]}
RESULT: {"script":"<script> [8489 bytes]","args":[{"element-6066-11e4-a52e-4f735466cecf":"f.E5342C77FF52C8F876B09F590AF6AC48.d.AB33535A1D19D2D167155ECF64B404AD.e.6723","ELEMENT":"f.E5342C77FF52C8F876B09F590AF6AC48.d.AB33535A1D19D2D167155ECF64B404AD.e.6723"}]}
COMMAND: GET /session/b0ee303caf718db626ad6d5c1d399bab/screenshot - {}
RESULT: {}
COMMAND: POST /session/b0ee303caf718db626ad6d5c1d399bab/execute/sync - {"script":"<script> [8489 bytes]","args":[{"element-6066-11e4-a52e-4f735466cecf":"f.E5342C77FF52C8F876B09F590AF6AC48.d.AB33535A1D19D2D167155ECF64B404AD.e.6723","ELEMENT":"f.E5342C77FF52C8F876B09F590AF6AC48.d.AB33535A1D19D2D167155ECF64B404AD.e.6723"}]}
RESULT: {"script":"<script> [8489 bytes]","args":[{"element-6066-11e4-a52e-4f735466cecf":"f.E5342C77FF52C8F876B09F590AF6AC48.d.AB33535A1D19D2D167155ECF64B404AD.e.6723","ELEMENT":"f.E5342C77FF52C8F876B09F590AF6AC48.d.AB33535A1D19D2D167155ECF64B404AD.e.6723"}]}
COMMAND: GET /session/b0ee303caf718db626ad6d5c1d399bab/screenshot - {}
RESULT: {}
COMMAND: POST /session/b0ee303caf718db626ad6d5c1d399bab/execute/sync - {"script":"<script> [8489 bytes]","args":[{"element-6066-11e4-a52e-4f735466cecf":"f.E5342C77FF52C8F876B09F590AF6AC48.d.AB33535A1D19D2D167155ECF64B404AD.e.6723","ELEMENT":"f.E5342C77FF52C8F876B09F590AF6AC48.d.AB33535A1D19D2D167155ECF64B404AD.e.6723"}]}
RESULT: {"script":"<script> [8489 bytes]","args":[{"element-6066-11e4-a52e-4f735466cecf":"f.E5342C77FF52C8F876B09F590AF6AC48.d.AB33535A1D19D2D167155ECF64B404AD.e.6723","ELEMENT":"f.E5342C77FF52C8F876B09F590AF6AC48.d.AB33535A1D19D2D167155ECF64B404AD.e.6723"}]}
COMMAND: GET /session/b0ee303caf718db626ad6d5c1d399bab/screenshot - {}
RESULT: {}
COMMAND: POST /session/b0ee303caf718db626ad6d5c1d399bab/execute/sync - {"script":"<script> [8489 bytes]","args":[{"element-6066-11e4-a52e-4f735466cecf":"f.E5342C77FF52C8F876B09F590AF6AC48.d.AB33535A1D19D2D167155ECF64B404AD.e.6723","ELEMENT":"f.E5342C77FF52C8F876B09F590AF6AC48.d.AB33535A1D19D2D167155ECF64B404AD.e.6723"}]}
RESULT: {"script":"<script> [8489 bytes]","args":[{"element-6066-11e4-a52e-4f735466cecf":"f.E5342C77FF52C8F876B09F590AF6AC48.d.AB33535A1D19D2D167155ECF64B404AD.e.6723","ELEMENT":"f.E5342C77FF52C8F876B09F590AF6AC48.d.AB33535A1D19D2D167155ECF64B404AD.e.6723"}]}
COMMAND: GET /session/b0ee303caf718db626ad6d5c1d399bab/screenshot - {}
RESULT: {}
COMMAND: POST /session/b0ee303caf718db626ad6d5c1d399bab/execute/sync - {"script":"<script> [8489 bytes]","args":[{"element-6066-11e4-a52e-4f735466cecf":"f.E5342C77FF52C8F876B09F590AF6AC48.d.AB33535A1D19D2D167155ECF64B404AD.e.6723","ELEMENT":"f.E5342C77FF52C8F876B09F590AF6AC48.d.AB33535A1D19D2D167155ECF64B404AD.e.6723"}]}
RESULT: {"script":"<script> [8489 bytes]","args":[{"element-6066-11e4-a52e-4f735466cecf":"f.E5342C77FF52C8F876B09F590AF6AC48.d.AB33535A1D19D2D167155ECF64B404AD.e.6723","ELEMENT":"f.E5342C77FF52C8F876B09F590AF6AC48.d.AB33535A1D19D2D167155ECF64B404AD.e.6723"}]}
COMMAND: GET /session/b0ee303caf718db626ad6d5c1d399bab/screenshot - {}
RESULT: {}
COMMAND: POST /session/b0ee303caf718db626ad6d5c1d399bab/execute/sync - {"script":"<script> [8489 bytes]","args":[{"element-6066-11e4-a52e-4f735466cecf":"f.E5342C77FF52C8F876B09F590AF6AC48.d.AB33535A1D19D2D167155ECF64B404AD.e.6723","ELEMENT":"f.E5342C77FF52C8F876B09F590AF6AC48.d.AB33535A1D19D2D167155ECF64B404AD.e.6723"}]}
RESULT: {"script":"<script> [8489 bytes]","args":[{"element-6066-11e4-a52e-4f735466cecf":"f.E5342C77FF52C8F876B09F590AF6AC48.d.AB33535A1D19D2D167155ECF64B404AD.e.6723","ELEMENT":"f.E5342C77FF52C8F876B09F590AF6AC48.d.AB33535A1D19D2D167155ECF64B404AD.e.6723"}]}
COMMAND: GET /session/b0ee303caf718db626ad6d5c1d399bab/screenshot - {}
RESULT: {}
COMMAND: POST /session/b0ee303caf718db626ad6d5c1d399bab/execute/sync - {"script":"<script> [8489 bytes]","args":[{"element-6066-11e4-a52e-4f735466cecf":"f.E5342C77FF52C8F876B09F590AF6AC48.d.AB33535A1D19D2D167155ECF64B404AD.e.6723","ELEMENT":"f.E5342C77FF52C8F876B09F590AF6AC48.d.AB33535A1D19D2D167155ECF64B404AD.e.6723"}]}
RESULT: {"script":"<script> [8489 bytes]","args":[{"element-6066-11e4-a52e-4f735466cecf":"f.E5342C77FF52C8F876B09F590AF6AC48.d.AB33535A1D19D2D167155ECF64B404AD.e.6723","ELEMENT":"f.E5342C77FF52C8F876B09F590AF6AC48.d.AB33535A1D19D2D167155ECF64B404AD.e.6723"}]}
COMMAND: GET /session/b0ee303caf718db626ad6d5c1d399bab/screenshot - {}
RESULT: {}
COMMAND: POST /session/b0ee303caf718db626ad6d5c1d399bab/execute/sync - {"script":"<script> [8489 bytes]","args":[{"element-6066-11e4-a52e-4f735466cecf":"f.E5342C77FF52C8F876B09F590AF6AC48.d.AB33535A1D19D2D167155ECF64B404AD.e.6723","ELEMENT":"f.E5342C77FF52C8F876B09F590AF6AC48.d.AB33535A1D19D2D167155ECF64B404AD.e.6723"}]}
RESULT: {"script":"<script> [8489 bytes]","args":[{"element-6066-11e4-a52e-4f735466cecf":"f.E5342C77FF52C8F876B09F590AF6AC48.d.AB33535A1D19D2D167155ECF64B404AD.e.6723","ELEMENT":"f.E5342C77FF52C8F876B09F590AF6AC48.d.AB33535A1D19D2D167155ECF64B404AD.e.6723"}]}
COMMAND: GET /session/b0ee303caf718db626ad6d5c1d399bab/screenshot - {}
RESULT: {}
COMMAND: POST /session/b0ee303caf718db626ad6d5c1d399bab/execute/sync - {"script":"<script> [8489 bytes]","args":[{"element-6066-11e4-a52e-4f735466cecf":"f.E5342C77FF52C8F876B09F590AF6AC48.d.AB33535A1D19D2D167155ECF64B404AD.e.6723","ELEMENT":"f.E5342C77FF52C8F876B09F590AF6AC48.d.AB33535A1D19D2D167155ECF64B404AD.e.6723"}]}
RESULT: {"script":"<script> [8489 bytes]","args":[{"element-6066-11e4-a52e-4f735466cecf":"f.E5342C77FF52C8F876B09F590AF6AC48.d.AB33535A1D19D2D167155ECF64B404AD.e.6723","ELEMENT":"f.E5342C77FF52C8F876B09F590AF6AC48.d.AB33535A1D19D2D167155ECF64B404AD.e.6723"}]}
COMMAND: GET /session/b0ee303caf718db626ad6d5c1d399bab/screenshot - {}
RESULT: {}
COMMAND: POST /session/b0ee303caf718db626ad6d5c1d399bab/execute/sync - {"script":"<script> [8489 bytes]","args":[{"element-6066-11e4-a52e-4f735466cecf":"f.E5342C77FF52C8F876B09F590AF6AC48.d.AB33535A1D19D2D167155ECF64B404AD.e.6723","ELEMENT":"f.E5342C77FF52C8F876B09F590AF6AC48.d.AB33535A1D19D2D167155ECF64B404AD.e.6723"}]}
RESULT: {"script":"<script> [8489 bytes]","args":[{"element-6066-11e4-a52e-4f735466cecf":"f.E5342C77FF52C8F876B09F590AF6AC48.d.AB33535A1D19D2D167155ECF64B404AD.e.6723","ELEMENT":"f.E5342C77FF52C8F876B09F590AF6AC48.d.AB33535A1D19D2D167155ECF64B404AD.e.6723"}]}
COMMAND: GET /session/b0ee303caf718db626ad6d5c1d399bab/screenshot - {}
RESULT: {}
COMMAND: POST /session/b0ee303caf718db626ad6d5c1d399bab/execute/sync - {"script":"<script> [8489 bytes]","args":[{"element-6066-11e4-a52e-4f735466cecf":"f.E5342C77FF52C8F876B09F590AF6AC48.d.AB33535A1D19D2D167155ECF64B404AD.e.6723","ELEMENT":"f.E5342C77FF52C8F876B09F590AF6AC48.d.AB33535A1D19D2D167155ECF64B404AD.e.6723"}]}
RESULT: {"script":"<script> [8489 bytes]","args":[{"element-6066-11e4-a52e-4f735466cecf":"f.E5342C77FF52C8F876B09F590AF6AC48.d.AB33535A1D19D2D167155ECF64B404AD.e.6723","ELEMENT":"f.E5342C77FF52C8F876B09F590AF6AC48.d.AB33535A1D19D2D167155ECF64B404AD.e.6723"}]}
COMMAND: GET /session/b0ee303caf718db626ad6d5c1d399bab/screenshot - {}
RESULT: {}
COMMAND: POST /session/b0ee303caf718db626ad6d5c1d399bab/execute/sync - {"script":"<script> [8489 bytes]","args":[{"element-6066-11e4-a52e-4f735466cecf":"f.E5342C77FF52C8F876B09F590AF6AC48.d.AB33535A1D19D2D167155ECF64B404AD.e.6723","ELEMENT":"f.E5342C77FF52C8F876B09F590AF6AC48.d.AB33535A1D19D2D167155ECF64B404AD.e.6723"}]}
RESULT: {"script":"<script> [8489 bytes]","args":[{"element-6066-11e4-a52e-4f735466cecf":"f.E5342C77FF52C8F876B09F590AF6AC48.d.AB33535A1D19D2D167155ECF64B404AD.e.6723","ELEMENT":"f.E5342C77FF52C8F876B09F590AF6AC48.d.AB33535A1D19D2D167155ECF64B404AD.e.6723"}]}
COMMAND: GET /session/b0ee303caf718db626ad6d5c1d399bab/screenshot - {}
RESULT: {}
COMMAND: POST /session/b0ee303caf718db626ad6d5c1d399bab/execute/sync - {"script":"<script> [8489 bytes]","args":[{"element-6066-11e4-a52e-4f735466cecf":"f.E5342C77FF52C8F876B09F590AF6AC48.d.AB33535A1D19D2D167155ECF64B404AD.e.6723","ELEMENT":"f.E5342C77FF52C8F876B09F590AF6AC48.d.AB33535A1D19D2D167155ECF64B404AD.e.6723"}]}
RESULT: {"script":"<script> [8489 bytes]","args":[{"element-6066-11e4-a52e-4f735466cecf":"f.E5342C77FF52C8F876B09F590AF6AC48.d.AB33535A1D19D2D167155ECF64B404AD.e.6723","ELEMENT":"f.E5342C77FF52C8F876B09F590AF6AC48.d.AB33535A1D19D2D167155ECF64B404AD.e.6723"}]}
COMMAND: GET /session/b0ee303caf718db626ad6d5c1d399bab/screenshot - {}
RESULT: {}
COMMAND: POST /session/b0ee303caf718db626ad6d5c1d399bab/execute/sync - {"script":"<script> [8489 bytes]","args":[{"element-6066-11e4-a52e-4f735466cecf":"f.E5342C77FF52C8F876B09F590AF6AC48.d.AB33535A1D19D2D167155ECF64B404AD.e.6723","ELEMENT":"f.E5342C77FF52C8F876B09F590AF6AC48.d.AB33535A1D19D2D167155ECF64B404AD.e.6723"}]}
RESULT: {"script":"<script> [8489 bytes]","args":[{"element-6066-11e4-a52e-4f735466cecf":"f.E5342C77FF52C8F876B09F590AF6AC48.d.AB33535A1D19D2D167155ECF64B404AD.e.6723","ELEMENT":"f.E5342C77FF52C8F876B09F590AF6AC48.d.AB33535A1D19D2D167155ECF64B404AD.e.6723"}]}
COMMAND: GET /session/b0ee303caf718db626ad6d5c1d399bab/screenshot - {}
RESULT: {}
COMMAND: POST /session/b0ee303caf718db626ad6d5c1d399bab/execute/sync - {"script":"<script> [8489 bytes]","args":[{"element-6066-11e4-a52e-4f735466cecf":"f.E5342C77FF52C8F876B09F590AF6AC48.d.AB33535A1D19D2D167155ECF64B404AD.e.6723","ELEMENT":"f.E5342C77FF52C8F876B09F590AF6AC48.d.AB33535A1D19D2D167155ECF64B404AD.e.6723"}]}
RESULT: {"script":"<script> [8489 bytes]","args":[{"element-6066-11e4-a52e-4f735466cecf":"f.E5342C77FF52C8F876B09F590AF6AC48.d.AB33535A1D19D2D167155ECF64B404AD.e.6723","ELEMENT":"f.E5342C77FF52C8F876B09F590AF6AC48.d.AB33535A1D19D2D167155ECF64B404AD.e.6723"}]}
COMMAND: GET /session/b0ee303caf718db626ad6d5c1d399bab/screenshot - {}
RESULT: {}
COMMAND: POST /session/b0ee303caf718db626ad6d5c1d399bab/execute/sync - {"script":"<script> [8489 bytes]","args":[{"element-6066-11e4-a52e-4f735466cecf":"f.E5342C77FF52C8F876B09F590AF6AC48.d.AB33535A1D19D2D167155ECF64B404AD.e.6723","ELEMENT":"f.E5342C77FF52C8F876B09F590AF6AC48.d.AB33535A1D19D2D167155ECF64B404AD.e.6723"}]}
RESULT: {"script":"<script> [8489 bytes]","args":[{"element-6066-11e4-a52e-4f735466cecf":"f.E5342C77FF52C8F876B09F590AF6AC48.d.AB33535A1D19D2D167155ECF64B404AD.e.6723","ELEMENT":"f.E5342C77FF52C8F876B09F590AF6AC48.d.AB33535A1D19D2D167155ECF64B404AD.e.6723"}]}
COMMAND: GET /session/b0ee303caf718db626ad6d5c1d399bab/screenshot - {}
RESULT: {}
COMMAND: POST /session/b0ee303caf718db626ad6d5c1d399bab/execute/sync - {"script":"<script> [8489 bytes]","args":[{"element-6066-11e4-a52e-4f735466cecf":"f.E5342C77FF52C8F876B09F590AF6AC48.d.AB33535A1D19D2D167155ECF64B404AD.e.6723","ELEMENT":"f.E5342C77FF52C8F876B09F590AF6AC48.d.AB33535A1D19D2D167155ECF64B404AD.e.6723"}]}
RESULT: {"script":"<script> [8489 bytes]","args":[{"element-6066-11e4-a52e-4f735466cecf":"f.E5342C77FF52C8F876B09F590AF6AC48.d.AB33535A1D19D2D167155ECF64B404AD.e.6723","ELEMENT":"f.E5342C77FF52C8F876B09F590AF6AC48.d.AB33535A1D19D2D167155ECF64B404AD.e.6723"}]}
COMMAND: GET /session/b0ee303caf718db626ad6d5c1d399bab/screenshot - {}
RESULT: {}
COMMAND: POST /session/b0ee303caf718db626ad6d5c1d399bab/execute/sync - {"script":"<script> [8489 bytes]","args":[{"element-6066-11e4-a52e-4f735466cecf":"f.E5342C77FF52C8F876B09F590AF6AC48.d.AB33535A1D19D2D167155ECF64B404AD.e.6723","ELEMENT":"f.E5342C77FF52C8F876B09F590AF6AC48.d.AB33535A1D19D2D167155ECF64B404AD.e.6723"}]}
RESULT: {"script":"<script> [8489 bytes]","args":[{"element-6066-11e4-a52e-4f735466cecf":"f.E5342C77FF52C8F876B09F590AF6AC48.d.AB33535A1D19D2D167155ECF64B404AD.e.6723","ELEMENT":"f.E5342C77FF52C8F876B09F590AF6AC48.d.AB33535A1D19D2D167155ECF64B404AD.e.6723"}]}
COMMAND: GET /session/b0ee303caf718db626ad6d5c1d399bab/screenshot - {}
RESULT: {}
COMMAND: POST /session/b0ee303caf718db626ad6d5c1d399bab/execute/sync - {"script":"<script> [8489 bytes]","args":[{"element-6066-11e4-a52e-4f735466cecf":"f.E5342C77FF52C8F876B09F590AF6AC48.d.AB33535A1D19D2D167155ECF64B404AD.e.6723","ELEMENT":"f.E5342C77FF52C8F876B09F590AF6AC48.d.AB33535A1D19D2D167155ECF64B404AD.e.6723"}]}
RESULT: {"script":"<script> [8489 bytes]","args":[{"element-6066-11e4-a52e-4f735466cecf":"f.E5342C77FF52C8F876B09F590AF6AC48.d.AB33535A1D19D2D167155ECF64B404AD.e.6723","ELEMENT":"f.E5342C77FF52C8F876B09F590AF6AC48.d.AB33535A1D19D2D167155ECF64B404AD.e.6723"}]}
COMMAND: GET /session/b0ee303caf718db626ad6d5c1d399bab/screenshot - {}
RESULT: {}
COMMAND: POST /session/b0ee303caf718db626ad6d5c1d399bab/execute/sync - {"script":"<script> [8489 bytes]","args":[{"element-6066-11e4-a52e-4f735466cecf":"f.E5342C77FF52C8F876B09F590AF6AC48.d.AB33535A1D19D2D167155ECF64B404AD.e.6723","ELEMENT":"f.E5342C77FF52C8F876B09F590AF6AC48.d.AB33535A1D19D2D167155ECF64B404AD.e.6723"}]}
RESULT: {"script":"<script> [8489 bytes]","args":[{"element-6066-11e4-a52e-4f735466cecf":"f.E5342C77FF52C8F876B09F590AF6AC48.d.AB33535A1D19D2D167155ECF64B404AD.e.6723","ELEMENT":"f.E5342C77FF52C8F876B09F590AF6AC48.d.AB33535A1D19D2D167155ECF64B404AD.e.6723"}]}
COMMAND: GET /session/b0ee303caf718db626ad6d5c1d399bab/screenshot - {}
RESULT: {}
COMMAND: POST /session/b0ee303caf718db626ad6d5c1d399bab/execute/sync - {"script":"<script> [8489 bytes]","args":[{"element-6066-11e4-a52e-4f735466cecf":"f.E5342C77FF52C8F876B09F590AF6AC48.d.AB33535A1D19D2D167155ECF64B404AD.e.6723","ELEMENT":"f.E5342C77FF52C8F876B09F590AF6AC48.d.AB33535A1D19D2D167155ECF64B404AD.e.6723"}]}
RESULT: {"script":"<script> [8489 bytes]","args":[{"element-6066-11e4-a52e-4f735466cecf":"f.E5342C77FF52C8F876B09F590AF6AC48.d.AB33535A1D19D2D167155ECF64B404AD.e.6723","ELEMENT":"f.E5342C77FF52C8F876B09F590AF6AC48.d.AB33535A1D19D2D167155ECF64B404AD.e.6723"}]}
COMMAND: GET /session/b0ee303caf718db626ad6d5c1d399bab/screenshot - {}
RESULT: {}
COMMAND: POST /session/b0ee303caf718db626ad6d5c1d399bab/execute/sync - {"script":"<script> [8489 bytes]","args":[{"element-6066-11e4-a52e-4f735466cecf":"f.E5342C77FF52C8F876B09F590AF6AC48.d.AB33535A1D19D2D167155ECF64B404AD.e.6723","ELEMENT":"f.E5342C77FF52C8F876B09F590AF6AC48.d.AB33535A1D19D2D167155ECF64B404AD.e.6723"}]}
RESULT: {"script":"<script> [8489 bytes]","args":[{"element-6066-11e4-a52e-4f735466cecf":"f.E5342C77FF52C8F876B09F590AF6AC48.d.AB33535A1D19D2D167155ECF64B404AD.e.6723","ELEMENT":"f.E5342C77FF52C8F876B09F590AF6AC48.d.AB33535A1D19D2D167155ECF64B404AD.e.6723"}]}
COMMAND: GET /session/b0ee303caf718db626ad6d5c1d399bab/screenshot - {}
RESULT: {}
COMMAND: POST /session/b0ee303caf718db626ad6d5c1d399bab/execute/sync - {"script":"<script> [8489 bytes]","args":[{"element-6066-11e4-a52e-4f735466cecf":"f.E5342C77FF52C8F876B09F590AF6AC48.d.AB33535A1D19D2D167155ECF64B404AD.e.6723","ELEMENT":"f.E5342C77FF52C8F876B09F590AF6AC48.d.AB33535A1D19D2D167155ECF64B404AD.e.6723"}]}
RESULT: {"script":"<script> [8489 bytes]","args":[{"element-6066-11e4-a52e-4f735466cecf":"f.E5342C77FF52C8F876B09F590AF6AC48.d.AB33535A1D19D2D167155ECF64B404AD.e.6723","ELEMENT":"f.E5342C77FF52C8F876B09F590AF6AC48.d.AB33535A1D19D2D167155ECF64B404AD.e.6723"}]}
COMMAND: GET /session/b0ee303caf718db626ad6d5c1d399bab/screenshot - {}
RESULT: {}
COMMAND: POST /session/b0ee303caf718db626ad6d5c1d399bab/execute/sync - {"script":"<script> [8489 bytes]","args":[{"element-6066-11e4-a52e-4f735466cecf":"f.E5342C77FF52C8F876B09F590AF6AC48.d.AB33535A1D19D2D167155ECF64B404AD.e.6723","ELEMENT":"f.E5342C77FF52C8F876B09F590AF6AC48.d.AB33535A1D19D2D167155ECF64B404AD.e.6723"}]}
RESULT: {"script":"<script> [8489 bytes]","args":[{"element-6066-11e4-a52e-4f735466cecf":"f.E5342C77FF52C8F876B09F590AF6AC48.d.AB33535A1D19D2D167155ECF64B404AD.e.6723","ELEMENT":"f.E5342C77FF52C8F876B09F590AF6AC48.d.AB33535A1D19D2D167155ECF64B404AD.e.6723"}]}
COMMAND: GET /session/b0ee303caf718db626ad6d5c1d399bab/screenshot - {}
RESULT: {}
COMMAND: POST /session/b0ee303caf718db626ad6d5c1d399bab/execute/sync - {"script":"<script> [8489 bytes]","args":[{"element-6066-11e4-a52e-4f735466cecf":"f.E5342C77FF52C8F876B09F590AF6AC48.d.AB33535A1D19D2D167155ECF64B404AD.e.6723","ELEMENT":"f.E5342C77FF52C8F876B09F590AF6AC48.d.AB33535A1D19D2D167155ECF64B404AD.e.6723"}]}
RESULT: {"script":"<script> [8489 bytes]","args":[{"element-6066-11e4-a52e-4f735466cecf":"f.E5342C77FF52C8F876B09F590AF6AC48.d.AB33535A1D19D2D167155ECF64B404AD.e.6723","ELEMENT":"f.E5342C77FF52C8F876B09F590AF6AC48.d.AB33535A1D19D2D167155ECF64B404AD.e.6723"}]}
COMMAND: GET /session/b0ee303caf718db626ad6d5c1d399bab/screenshot - {}
RESULT: {}
COMMAND: POST /session/b0ee303caf718db626ad6d5c1d399bab/execute/sync - {"script":"<script> [8489 bytes]","args":[{"element-6066-11e4-a52e-4f735466cecf":"f.E5342C77FF52C8F876B09F590AF6AC48.d.AB33535A1D19D2D167155ECF64B404AD.e.6723","ELEMENT":"f.E5342C77FF52C8F876B09F590AF6AC48.d.AB33535A1D19D2D167155ECF64B404AD.e.6723"}]}
RESULT: {"script":"<script> [8489 bytes]","args":[{"element-6066-11e4-a52e-4f735466cecf":"f.E5342C77FF52C8F876B09F590AF6AC48.d.AB33535A1D19D2D167155ECF64B404AD.e.6723","ELEMENT":"f.E5342C77FF52C8F876B09F590AF6AC48.d.AB33535A1D19D2D167155ECF64B404AD.e.6723"}]}
COMMAND: GET /session/b0ee303caf718db626ad6d5c1d399bab/screenshot - {}
RESULT: {}
COMMAND: POST /session/b0ee303caf718db626ad6d5c1d399bab/execute/sync - {"script":"<script> [8489 bytes]","args":[{"element-6066-11e4-a52e-4f735466cecf":"f.E5342C77FF52C8F876B09F590AF6AC48.d.AB33535A1D19D2D167155ECF64B404AD.e.6723","ELEMENT":"f.E5342C77FF52C8F876B09F590AF6AC48.d.AB33535A1D19D2D167155ECF64B404AD.e.6723"}]}
RESULT: {"script":"<script> [8489 bytes]","args":[{"element-6066-11e4-a52e-4f735466cecf":"f.E5342C77FF52C8F876B09F590AF6AC48.d.AB33535A1D19D2D167155ECF64B404AD.e.6723","ELEMENT":"f.E5342C77FF52C8F876B09F590AF6AC48.d.AB33535A1D19D2D167155ECF64B404AD.e.6723"}]}
COMMAND: GET /session/b0ee303caf718db626ad6d5c1d399bab/screenshot - {}
RESULT: {}
COMMAND: POST /session/b0ee303caf718db626ad6d5c1d399bab/execute/sync - {"script":"<script> [8489 bytes]","args":[{"element-6066-11e4-a52e-4f735466cecf":"f.E5342C77FF52C8F876B09F590AF6AC48.d.AB33535A1D19D2D167155ECF64B404AD.e.6723","ELEMENT":"f.E5342C77FF52C8F876B09F590AF6AC48.d.AB33535A1D19D2D167155ECF64B404AD.e.6723"}]}
RESULT: {"script":"<script> [8489 bytes]","args":[{"element-6066-11e4-a52e-4f735466cecf":"f.E5342C77FF52C8F876B09F590AF6AC48.d.AB33535A1D19D2D167155ECF64B404AD.e.6723","ELEMENT":"f.E5342C77FF52C8F876B09F590AF6AC48.d.AB33535A1D19D2D167155ECF64B404AD.e.6723"}]}
COMMAND: GET /session/b0ee303caf718db626ad6d5c1d399bab/screenshot - {}
RESULT: {}
COMMAND: POST /session/b0ee303caf718db626ad6d5c1d399bab/execute/sync - {"script":"<script> [8489 bytes]","args":[{"element-6066-11e4-a52e-4f735466cecf":"f.E5342C77FF52C8F876B09F590AF6AC48.d.AB33535A1D19D2D167155ECF64B404AD.e.6723","ELEMENT":"f.E5342C77FF52C8F876B09F590AF6AC48.d.AB33535A1D19D2D167155ECF64B404AD.e.6723"}]}
RESULT: {"script":"<script> [8489 bytes]","args":[{"element-6066-11e4-a52e-4f735466cecf":"f.E5342C77FF52C8F876B09F590AF6AC48.d.AB33535A1D19D2D167155ECF64B404AD.e.6723","ELEMENT":"f.E5342C77FF52C8F876B09F590AF6AC48.d.AB33535A1D19D2D167155ECF64B404AD.e.6723"}]}
COMMAND: GET /session/b0ee303caf718db626ad6d5c1d399bab/screenshot - {}
RESULT: {}
COMMAND: POST /session/b0ee303caf718db626ad6d5c1d399bab/execute/sync - {"script":"<script> [8489 bytes]","args":[{"element-6066-11e4-a52e-4f735466cecf":"f.E5342C77FF52C8F876B09F590AF6AC48.d.AB33535A1D19D2D167155ECF64B404AD.e.6723","ELEMENT":"f.E5342C77FF52C8F876B09F590AF6AC48.d.AB33535A1D19D2D167155ECF64B404AD.e.6723"}]}
RESULT: {"script":"<script> [8489 bytes]","args":[{"element-6066-11e4-a52e-4f735466cecf":"f.E5342C77FF52C8F876B09F590AF6AC48.d.AB33535A1D19D2D167155ECF64B404AD.e.6723","ELEMENT":"f.E5342C77FF52C8F876B09F590AF6AC48.d.AB33535A1D19D2D167155ECF64B404AD.e.6723"}]}
COMMAND: GET /session/b0ee303caf718db626ad6d5c1d399bab/screenshot - {}
RESULT: {}
COMMAND: POST /session/b0ee303caf718db626ad6d5c1d399bab/execute/sync - {"script":"<script> [8489 bytes]","args":[{"element-6066-11e4-a52e-4f735466cecf":"f.E5342C77FF52C8F876B09F590AF6AC48.d.AB33535A1D19D2D167155ECF64B404AD.e.6723","ELEMENT":"f.E5342C77FF52C8F876B09F590AF6AC48.d.AB33535A1D19D2D167155ECF64B404AD.e.6723"}]}
RESULT: {"script":"<script> [8489 bytes]","args":[{"element-6066-11e4-a52e-4f735466cecf":"f.E5342C77FF52C8F876B09F590AF6AC48.d.AB33535A1D19D2D167155ECF64B404AD.e.6723","ELEMENT":"f.E5342C77FF52C8F876B09F590AF6AC48.d.AB33535A1D19D2D167155ECF64B404AD.e.6723"}]}
COMMAND: GET /session/b0ee303caf718db626ad6d5c1d399bab/screenshot - {}
RESULT: {}
COMMAND: POST /session/b0ee303caf718db626ad6d5c1d399bab/execute/sync - {"script":"<script> [8489 bytes]","args":[{"element-6066-11e4-a52e-4f735466cecf":"f.E5342C77FF52C8F876B09F590AF6AC48.d.AB33535A1D19D2D167155ECF64B404AD.e.6723","ELEMENT":"f.E5342C77FF52C8F876B09F590AF6AC48.d.AB33535A1D19D2D167155ECF64B404AD.e.6723"}]}
RESULT: {"script":"<script> [8489 bytes]","args":[{"element-6066-11e4-a52e-4f735466cecf":"f.E5342C77FF52C8F876B09F590AF6AC48.d.AB33535A1D19D2D167155ECF64B404AD.e.6723","ELEMENT":"f.E5342C77FF52C8F876B09F590AF6AC48.d.AB33535A1D19D2D167155ECF64B404AD.e.6723"}]}
COMMAND: GET /session/b0ee303caf718db626ad6d5c1d399bab/screenshot - {}
RESULT: {}
COMMAND: POST /session/b0ee303caf718db626ad6d5c1d399bab/execute/sync - {"script":"<script> [8489 bytes]","args":[{"element-6066-11e4-a52e-4f735466cecf":"f.E5342C77FF52C8F876B09F590AF6AC48.d.AB33535A1D19D2D167155ECF64B404AD.e.6723","ELEMENT":"f.E5342C77FF52C8F876B09F590AF6AC48.d.AB33535A1D19D2D167155ECF64B404AD.e.6723"}]}
RESULT: {"script":"<script> [8489 bytes]","args":[{"element-6066-11e4-a52e-4f735466cecf":"f.E5342C77FF52C8F876B09F590AF6AC48.d.AB33535A1D19D2D167155ECF64B404AD.e.6723","ELEMENT":"f.E5342C77FF52C8F876B09F590AF6AC48.d.AB33535A1D19D2D167155ECF64B404AD.e.6723"}]}
COMMAND: GET /session/b0ee303caf718db626ad6d5c1d399bab/screenshot - {}
RESULT: {}
COMMAND: POST /session/b0ee303caf718db626ad6d5c1d399bab/execute/sync - {"script":"<script> [8489 bytes]","args":[{"element-6066-11e4-a52e-4f735466cecf":"f.E5342C77FF52C8F876B09F590AF6AC48.d.AB33535A1D19D2D167155ECF64B404AD.e.6723","ELEMENT":"f.E5342C77FF52C8F876B09F590AF6AC48.d.AB33535A1D19D2D167155ECF64B404AD.e.6723"}]}
RESULT: {"script":"<script> [8489 bytes]","args":[{"element-6066-11e4-a52e-4f735466cecf":"f.E5342C77FF52C8F876B09F590AF6AC48.d.AB33535A1D19D2D167155ECF64B404AD.e.6723","ELEMENT":"f.E5342C77FF52C8F876B09F590AF6AC48.d.AB33535A1D19D2D167155ECF64B404AD.e.6723"}]}
COMMAND: GET /session/b0ee303caf718db626ad6d5c1d399bab/screenshot - {}
RESULT: {}
COMMAND: POST /session/b0ee303caf718db626ad6d5c1d399bab/execute/sync - {"script":"<script> [8489 bytes]","args":[{"element-6066-11e4-a52e-4f735466cecf":"f.E5342C77FF52C8F876B09F590AF6AC48.d.AB33535A1D19D2D167155ECF64B404AD.e.6723","ELEMENT":"f.E5342C77FF52C8F876B09F590AF6AC48.d.AB33535A1D19D2D167155ECF64B404AD.e.6723"}]}
RESULT: {"script":"<script> [8489 bytes]","args":[{"element-6066-11e4-a52e-4f735466cecf":"f.E5342C77FF52C8F876B09F590AF6AC48.d.AB33535A1D19D2D167155ECF64B404AD.e.6723","ELEMENT":"f.E5342C77FF52C8F876B09F590AF6AC48.d.AB33535A1D19D2D167155ECF64B404AD.e.6723"}]}
COMMAND: GET /session/b0ee303caf718db626ad6d5c1d399bab/screenshot - {}
RESULT: {}
COMMAND: POST /session/b0ee303caf718db626ad6d5c1d399bab/execute/sync - {"script":"<script> [8489 bytes]","args":[{"element-6066-11e4-a52e-4f735466cecf":"f.E5342C77FF52C8F876B09F590AF6AC48.d.AB33535A1D19D2D167155ECF64B404AD.e.6723","ELEMENT":"f.E5342C77FF52C8F876B09F590AF6AC48.d.AB33535A1D19D2D167155ECF64B404AD.e.6723"}]}
RESULT: {"script":"<script> [8489 bytes]","args":[{"element-6066-11e4-a52e-4f735466cecf":"f.E5342C77FF52C8F876B09F590AF6AC48.d.AB33535A1D19D2D167155ECF64B404AD.e.6723","ELEMENT":"f.E5342C77FF52C8F876B09F590AF6AC48.d.AB33535A1D19D2D167155ECF64B404AD.e.6723"}]}
COMMAND: GET /session/b0ee303caf718db626ad6d5c1d399bab/screenshot - {}
RESULT: {}
COMMAND: POST /session/b0ee303caf718db626ad6d5c1d399bab/execute/sync - {"script":"<script> [8489 bytes]","args":[{"element-6066-11e4-a52e-4f735466cecf":"f.E5342C77FF52C8F876B09F590AF6AC48.d.AB33535A1D19D2D167155ECF64B404AD.e.6723","ELEMENT":"f.E5342C77FF52C8F876B09F590AF6AC48.d.AB33535A1D19D2D167155ECF64B404AD.e.6723"}]}
RESULT: {"script":"<script> [8489 bytes]","args":[{"element-6066-11e4-a52e-4f735466cecf":"f.E5342C77FF52C8F876B09F590AF6AC48.d.AB33535A1D19D2D167155ECF64B404AD.e.6723","ELEMENT":"f.E5342C77FF52C8F876B09F590AF6AC48.d.AB33535A1D19D2D167155ECF64B404AD.e.6723"}]}
COMMAND: GET /session/b0ee303caf718db626ad6d5c1d399bab/screenshot - {}
RESULT: {}
COMMAND: POST /session/b0ee303caf718db626ad6d5c1d399bab/execute/sync - {"script":"<script> [8489 bytes]","args":[{"element-6066-11e4-a52e-4f735466cecf":"f.E5342C77FF52C8F876B09F590AF6AC48.d.AB33535A1D19D2D167155ECF64B404AD.e.6723","ELEMENT":"f.E5342C77FF52C8F876B09F590AF6AC48.d.AB33535A1D19D2D167155ECF64B404AD.e.6723"}]}
RESULT: {"script":"<script> [8489 bytes]","args":[{"element-6066-11e4-a52e-4f735466cecf":"f.E5342C77FF52C8F876B09F590AF6AC48.d.AB33535A1D19D2D167155ECF64B404AD.e.6723","ELEMENT":"f.E5342C77FF52C8F876B09F590AF6AC48.d.AB33535A1D19D2D167155ECF64B404AD.e.6723"}]}
COMMAND: GET /session/b0ee303caf718db626ad6d5c1d399bab/screenshot - {}
RESULT: {}
COMMAND: POST /session/b0ee303caf718db626ad6d5c1d399bab/execute/sync - {"script":"<script> [8489 bytes]","args":[{"element-6066-11e4-a52e-4f735466cecf":"f.E5342C77FF52C8F876B09F590AF6AC48.d.AB33535A1D19D2D167155ECF64B404AD.e.6723","ELEMENT":"f.E5342C77FF52C8F876B09F590AF6AC48.d.AB33535A1D19D2D167155ECF64B404AD.e.6723"}]}
RESULT: {"script":"<script> [8489 bytes]","args":[{"element-6066-11e4-a52e-4f735466cecf":"f.E5342C77FF52C8F876B09F590AF6AC48.d.AB33535A1D19D2D167155ECF64B404AD.e.6723","ELEMENT":"f.E5342C77FF52C8F876B09F590AF6AC48.d.AB33535A1D19D2D167155ECF64B404AD.e.6723"}]}
COMMAND: GET /session/b0ee303caf718db626ad6d5c1d399bab/screenshot - {}
RESULT: {}
COMMAND: POST /session/b0ee303caf718db626ad6d5c1d399bab/execute/sync - {"script":"<script> [8489 bytes]","args":[{"element-6066-11e4-a52e-4f735466cecf":"f.E5342C77FF52C8F876B09F590AF6AC48.d.AB33535A1D19D2D167155ECF64B404AD.e.6723","ELEMENT":"f.E5342C77FF52C8F876B09F590AF6AC48.d.AB33535A1D19D2D167155ECF64B404AD.e.6723"}]}
RESULT: {"script":"<script> [8489 bytes]","args":[{"element-6066-11e4-a52e-4f735466cecf":"f.E5342C77FF52C8F876B09F590AF6AC48.d.AB33535A1D19D2D167155ECF64B404AD.e.6723","ELEMENT":"f.E5342C77FF52C8F876B09F590AF6AC48.d.AB33535A1D19D2D167155ECF64B404AD.e.6723"}]}
COMMAND: GET /session/b0ee303caf718db626ad6d5c1d399bab/screenshot - {}
RESULT: {}
COMMAND: POST /session/b0ee303caf718db626ad6d5c1d399bab/execute/sync - {"script":"<script> [8489 bytes]","args":[{"element-6066-11e4-a52e-4f735466cecf":"f.E5342C77FF52C8F876B09F590AF6AC48.d.AB33535A1D19D2D167155ECF64B404AD.e.6723","ELEMENT":"f.E5342C77FF52C8F876B09F590AF6AC48.d.AB33535A1D19D2D167155ECF64B404AD.e.6723"}]}
RESULT: {"script":"<script> [8489 bytes]","args":[{"element-6066-11e4-a52e-4f735466cecf":"f.E5342C77FF52C8F876B09F590AF6AC48.d.AB33535A1D19D2D167155ECF64B404AD.e.6723","ELEMENT":"f.E5342C77FF52C8F876B09F590AF6AC48.d.AB33535A1D19D2D167155ECF64B404AD.e.6723"}]}
COMMAND: GET /session/b0ee303caf718db626ad6d5c1d399bab/screenshot - {}
RESULT: {}
COMMAND: POST /session/b0ee303caf718db626ad6d5c1d399bab/execute/sync - {"script":"<script> [8489 bytes]","args":[{"element-6066-11e4-a52e-4f735466cecf":"f.E5342C77FF52C8F876B09F590AF6AC48.d.AB33535A1D19D2D167155ECF64B404AD.e.6723","ELEMENT":"f.E5342C77FF52C8F876B09F590AF6AC48.d.AB33535A1D19D2D167155ECF64B404AD.e.6723"}]}
RESULT: {"script":"<script> [8489 bytes]","args":[{"element-6066-11e4-a52e-4f735466cecf":"f.E5342C77FF52C8F876B09F590AF6AC48.d.AB33535A1D19D2D167155ECF64B404AD.e.6723","ELEMENT":"f.E5342C77FF52C8F876B09F590AF6AC48.d.AB33535A1D19D2D167155ECF64B404AD.e.6723"}]}
COMMAND: GET /session/b0ee303caf718db626ad6d5c1d399bab/screenshot - {}
RESULT: {}
COMMAND: POST /session/b0ee303caf718db626ad6d5c1d399bab/execute/sync - {"script":"<script> [8489 bytes]","args":[{"element-6066-11e4-a52e-4f735466cecf":"f.E5342C77FF52C8F876B09F590AF6AC48.d.AB33535A1D19D2D167155ECF64B404AD.e.6723","ELEMENT":"f.E5342C77FF52C8F876B09F590AF6AC48.d.AB33535A1D19D2D167155ECF64B404AD.e.6723"}]}
RESULT: {"script":"<script> [8489 bytes]","args":[{"element-6066-11e4-a52e-4f735466cecf":"f.E5342C77FF52C8F876B09F590AF6AC48.d.AB33535A1D19D2D167155ECF64B404AD.e.6723","ELEMENT":"f.E5342C77FF52C8F876B09F590AF6AC48.d.AB33535A1D19D2D167155ECF64B404AD.e.6723"}]}
COMMAND: GET /session/b0ee303caf718db626ad6d5c1d399bab/screenshot - {}
RESULT: {}
COMMAND: POST /session/b0ee303caf718db626ad6d5c1d399bab/execute/sync - {"script":"<script> [8489 bytes]","args":[{"element-6066-11e4-a52e-4f735466cecf":"f.E5342C77FF52C8F876B09F590AF6AC48.d.AB33535A1D19D2D167155ECF64B404AD.e.6723","ELEMENT":"f.E5342C77FF52C8F876B09F590AF6AC48.d.AB33535A1D19D2D167155ECF64B404AD.e.6723"}]}
RESULT: {"script":"<script> [8489 bytes]","args":[{"element-6066-11e4-a52e-4f735466cecf":"f.E5342C77FF52C8F876B09F590AF6AC48.d.AB33535A1D19D2D167155ECF64B404AD.e.6723","ELEMENT":"f.E5342C77FF52C8F876B09F590AF6AC48.d.AB33535A1D19D2D167155ECF64B404AD.e.6723"}]}
COMMAND: GET /session/b0ee303caf718db626ad6d5c1d399bab/screenshot - {}
RESULT: {}
COMMAND: POST /session/b0ee303caf718db626ad6d5c1d399bab/execute/sync - {"script":"<script> [8489 bytes]","args":[{"element-6066-11e4-a52e-4f735466cecf":"f.E5342C77FF52C8F876B09F590AF6AC48.d.AB33535A1D19D2D167155ECF64B404AD.e.6723","ELEMENT":"f.E5342C77FF52C8F876B09F590AF6AC48.d.AB33535A1D19D2D167155ECF64B404AD.e.6723"}]}
RESULT: {"script":"<script> [8489 bytes]","args":[{"element-6066-11e4-a52e-4f735466cecf":"f.E5342C77FF52C8F876B09F590AF6AC48.d.AB33535A1D19D2D167155ECF64B404AD.e.6723","ELEMENT":"f.E5342C77FF52C8F876B09F590AF6AC48.d.AB33535A1D19D2D167155ECF64B404AD.e.6723"}]}
COMMAND: GET /session/b0ee303caf718db626ad6d5c1d399bab/screenshot - {}
RESULT: {}
COMMAND: POST /session/b0ee303caf718db626ad6d5c1d399bab/execute/sync - {"script":"<script> [8489 bytes]","args":[{"element-6066-11e4-a52e-4f735466cecf":"f.E5342C77FF52C8F876B09F590AF6AC48.d.AB33535A1D19D2D167155ECF64B404AD.e.6723","ELEMENT":"f.E5342C77FF52C8F876B09F590AF6AC48.d.AB33535A1D19D2D167155ECF64B404AD.e.6723"}]}
RESULT: {"script":"<script> [8489 bytes]","args":[{"element-6066-11e4-a52e-4f735466cecf":"f.E5342C77FF52C8F876B09F590AF6AC48.d.AB33535A1D19D2D167155ECF64B404AD.e.6723","ELEMENT":"f.E5342C77FF52C8F876B09F590AF6AC48.d.AB33535A1D19D2D167155ECF64B404AD.e.6723"}]}
COMMAND: GET /session/b0ee303caf718db626ad6d5c1d399bab/screenshot - {}
RESULT: {}
COMMAND: POST /session/b0ee303caf718db626ad6d5c1d399bab/execute/sync - {"script":"<script> [8489 bytes]","args":[{"element-6066-11e4-a52e-4f735466cecf":"f.E5342C77FF52C8F876B09F590AF6AC48.d.AB33535A1D19D2D167155ECF64B404AD.e.6723","ELEMENT":"f.E5342C77FF52C8F876B09F590AF6AC48.d.AB33535A1D19D2D167155ECF64B404AD.e.6723"}]}
RESULT: {"script":"<script> [8489 bytes]","args":[{"element-6066-11e4-a52e-4f735466cecf":"f.E5342C77FF52C8F876B09F590AF6AC48.d.AB33535A1D19D2D167155ECF64B404AD.e.6723","ELEMENT":"f.E5342C77FF52C8F876B09F590AF6AC48.d.AB33535A1D19D2D167155ECF64B404AD.e.6723"}]}
COMMAND: GET /session/b0ee303caf718db626ad6d5c1d399bab/screenshot - {}
RESULT: {}
COMMAND: POST /session/b0ee303caf718db626ad6d5c1d399bab/execute/sync - {"script":"<script> [8489 bytes]","args":[{"element-6066-11e4-a52e-4f735466cecf":"f.E5342C77FF52C8F876B09F590AF6AC48.d.AB33535A1D19D2D167155ECF64B404AD.e.6723","ELEMENT":"f.E5342C77FF52C8F876B09F590AF6AC48.d.AB33535A1D19D2D167155ECF64B404AD.e.6723"}]}
RESULT: {"script":"<script> [8489 bytes]","args":[{"element-6066-11e4-a52e-4f735466cecf":"f.E5342C77FF52C8F876B09F590AF6AC48.d.AB33535A1D19D2D167155ECF64B404AD.e.6723","ELEMENT":"f.E5342C77FF52C8F876B09F590AF6AC48.d.AB33535A1D19D2D167155ECF64B404AD.e.6723"}]}
COMMAND: GET /session/b0ee303caf718db626ad6d5c1d399bab/screenshot - {}
RESULT: {}
COMMAND: POST /session/b0ee303caf718db626ad6d5c1d399bab/execute/sync - {"script":"<script> [8489 bytes]","args":[{"element-6066-11e4-a52e-4f735466cecf":"f.E5342C77FF52C8F876B09F590AF6AC48.d.AB33535A1D19D2D167155ECF64B404AD.e.6723","ELEMENT":"f.E5342C77FF52C8F876B09F590AF6AC48.d.AB33535A1D19D2D167155ECF64B404AD.e.6723"}]}
RESULT: {"script":"<script> [8489 bytes]","args":[{"element-6066-11e4-a52e-4f735466cecf":"f.E5342C77FF52C8F876B09F590AF6AC48.d.AB33535A1D19D2D167155ECF64B404AD.e.6723","ELEMENT":"f.E5342C77FF52C8F876B09F590AF6AC48.d.AB33535A1D19D2D167155ECF64B404AD.e.6723"}]}
COMMAND: GET /session/b0ee303caf718db626ad6d5c1d399bab/screenshot - {}
RESULT: {}
]]></system-out>
    </testcase>
  </testsuite>
  <testsuite timestamp="2025-04-28T06:38:24" time="475.479" tests="6" failures="6" errors="6" skipped="0">
    <properties>
      <property name="specId" value="0" />
      <property name="suiteName" value="Provide to Site w/ warehouse management w/o clarification US113782 " />
      <property name="capabilities" value="chrome.135_0_7049_96.windows" />
      <property name="file" value="file:///D:/a/1/s/test/specs/HTR/provide-to-site-w-warehouse-wo-clarification.spec.js" />
    </properties>
  </testsuite>
  <testsuite timestamp="2025-04-28T06:46:19" time="322.332" tests="5" failures="5" errors="5" skipped="0">
    <properties>
      <property name="specId" value="0" />
      <property name="suiteName" value="Provide to Site w/ warehouse management wo clarification" />
      <property name="capabilities" value="chrome.135_0_7049_96.windows" />
      <property name="file" value="file:///D:/a/1/s/test/specs/HTR/provide-to-site-w-warehouse-wo-clarification.spec.js" />
    </properties>
  </testsuite>
  <testsuite timestamp="2025-04-28T06:51:41" time="291.588" tests="4" failures="4" errors="4" skipped="0">
    <properties>
      <property name="specId" value="0" />
      <property name="suiteName" value="Provide to Site w/o warehouse management w/ clarification US116605" />
      <property name="capabilities" value="chrome.135_0_7049_96.windows" />
      <property name="file" value="file:///D:/a/1/s/test/specs/HTR/provide-to-site-wo-warehouse-w-clarification.spec.js" />
    </properties>
  </testsuite>
  <testsuite timestamp="2025-04-28T06:56:33" time="454.073" tests="6" failures="4" errors="4" skipped="0">
    <properties>
      <property name="specId" value="0" />
      <property name="suiteName" value="Provide to Site w/o warehouse management w clarification" />
      <property name="capabilities" value="chrome.135_0_7049_96.windows" />
      <property name="file" value="file:///D:/a/1/s/test/specs/HTR/provide-to-site-wo-warehouse-w-clarification.spec.js" />
    </properties>
    <testcase classname="chrome.135_0_7049_96.windows.Provide_to_Site_w/o_warehouse_management_w_clarification" name="Should Test for Handover Execution" time="167.594">
      <system-out><![CDATA[
COMMAND: POST /session/b0ee303caf718db626ad6d5c1d399bab/element - {"using":"xpath","value":"//*[text()='Provide to site']"}
RESULT: {}
RESULT: {"using":"xpath","value":"//*[text()='Provide to site']"}
COMMAND: POST /session/b0ee303caf718db626ad6d5c1d399bab/elements - {"using":"xpath","value":"//*[text()='Provide to site']"}
RESULT: {"using":"xpath","value":"//*[text()='Provide to site']"}
COMMAND: POST /session/b0ee303caf718db626ad6d5c1d399bab/elements - {"using":"xpath","value":"//*[text()='Provide to site']"}
RESULT: {"using":"xpath","value":"//*[text()='Provide to site']"}
COMMAND: POST /session/b0ee303caf718db626ad6d5c1d399bab/elements - {"using":"xpath","value":"//*[text()='Provide to site']"}
RESULT: {"using":"xpath","value":"//*[text()='Provide to site']"}
COMMAND: POST /session/b0ee303caf718db626ad6d5c1d399bab/elements - {"using":"xpath","value":"//*[text()='Provide to site']"}
RESULT: {"using":"xpath","value":"//*[text()='Provide to site']"}
COMMAND: POST /session/b0ee303caf718db626ad6d5c1d399bab/elements - {"using":"xpath","value":"//*[text()='Provide to site']"}
RESULT: {"using":"xpath","value":"//*[text()='Provide to site']"}
COMMAND: POST /session/b0ee303caf718db626ad6d5c1d399bab/elements - {"using":"xpath","value":"//*[text()='Provide to site']"}
RESULT: {"using":"xpath","value":"//*[text()='Provide to site']"}
COMMAND: POST /session/b0ee303caf718db626ad6d5c1d399bab/elements - {"using":"xpath","value":"//*[text()='Provide to site']"}
RESULT: {"using":"xpath","value":"//*[text()='Provide to site']"}
COMMAND: POST /session/b0ee303caf718db626ad6d5c1d399bab/elements - {"using":"xpath","value":"//*[text()='Provide to site']"}
RESULT: {"using":"xpath","value":"//*[text()='Provide to site']"}
COMMAND: POST /session/b0ee303caf718db626ad6d5c1d399bab/elements - {"using":"xpath","value":"//*[text()='Provide to site']"}
RESULT: {"using":"xpath","value":"//*[text()='Provide to site']"}
COMMAND: POST /session/b0ee303caf718db626ad6d5c1d399bab/elements - {"using":"xpath","value":"//*[text()='Provide to site']"}
RESULT: {"using":"xpath","value":"//*[text()='Provide to site']"}
COMMAND: POST /session/b0ee303caf718db626ad6d5c1d399bab/elements - {"using":"xpath","value":"//*[text()='Provide to site']"}
RESULT: {"using":"xpath","value":"//*[text()='Provide to site']"}
COMMAND: POST /session/b0ee303caf718db626ad6d5c1d399bab/elements - {"using":"xpath","value":"//*[text()='Provide to site']"}
RESULT: {"using":"xpath","value":"//*[text()='Provide to site']"}
COMMAND: POST /session/b0ee303caf718db626ad6d5c1d399bab/elements - {"using":"xpath","value":"//*[text()='Provide to site']"}
RESULT: {"using":"xpath","value":"//*[text()='Provide to site']"}
COMMAND: POST /session/b0ee303caf718db626ad6d5c1d399bab/elements - {"using":"xpath","value":"//*[text()='Provide to site']"}
RESULT: {"using":"xpath","value":"//*[text()='Provide to site']"}
COMMAND: POST /session/b0ee303caf718db626ad6d5c1d399bab/elements - {"using":"xpath","value":"//*[text()='Provide to site']"}
RESULT: {"using":"xpath","value":"//*[text()='Provide to site']"}
COMMAND: POST /session/b0ee303caf718db626ad6d5c1d399bab/elements - {"using":"xpath","value":"//*[text()='Provide to site']"}
RESULT: {"using":"xpath","value":"//*[text()='Provide to site']"}
COMMAND: POST /session/b0ee303caf718db626ad6d5c1d399bab/elements - {"using":"xpath","value":"//*[text()='Provide to site']"}
RESULT: {"using":"xpath","value":"//*[text()='Provide to site']"}
COMMAND: POST /session/b0ee303caf718db626ad6d5c1d399bab/elements - {"using":"xpath","value":"//*[text()='Provide to site']"}
RESULT: {"using":"xpath","value":"//*[text()='Provide to site']"}
COMMAND: POST /session/b0ee303caf718db626ad6d5c1d399bab/elements - {"using":"xpath","value":"//*[text()='Provide to site']"}
RESULT: {"using":"xpath","value":"//*[text()='Provide to site']"}
COMMAND: POST /session/b0ee303caf718db626ad6d5c1d399bab/elements - {"using":"xpath","value":"//*[text()='Provide to site']"}
RESULT: {"using":"xpath","value":"//*[text()='Provide to site']"}
COMMAND: POST /session/b0ee303caf718db626ad6d5c1d399bab/elements - {"using":"xpath","value":"//*[text()='Provide to site']"}
RESULT: {"using":"xpath","value":"//*[text()='Provide to site']"}
COMMAND: POST /session/b0ee303caf718db626ad6d5c1d399bab/elements - {"using":"xpath","value":"//*[text()='Provide to site']"}
RESULT: {"using":"xpath","value":"//*[text()='Provide to site']"}
COMMAND: POST /session/b0ee303caf718db626ad6d5c1d399bab/elements - {"using":"xpath","value":"//*[text()='Provide to site']"}
RESULT: {"using":"xpath","value":"//*[text()='Provide to site']"}
COMMAND: POST /session/b0ee303caf718db626ad6d5c1d399bab/elements - {"using":"xpath","value":"//*[text()='Provide to site']"}
RESULT: {"using":"xpath","value":"//*[text()='Provide to site']"}
COMMAND: POST /session/b0ee303caf718db626ad6d5c1d399bab/elements - {"using":"xpath","value":"//*[text()='Provide to site']"}
RESULT: {"using":"xpath","value":"//*[text()='Provide to site']"}
COMMAND: POST /session/b0ee303caf718db626ad6d5c1d399bab/elements - {"using":"xpath","value":"//*[text()='Provide to site']"}
RESULT: {"using":"xpath","value":"//*[text()='Provide to site']"}
COMMAND: POST /session/b0ee303caf718db626ad6d5c1d399bab/elements - {"using":"xpath","value":"//*[text()='Provide to site']"}
RESULT: {"using":"xpath","value":"//*[text()='Provide to site']"}
COMMAND: POST /session/b0ee303caf718db626ad6d5c1d399bab/elements - {"using":"xpath","value":"//*[text()='Provide to site']"}
RESULT: {"using":"xpath","value":"//*[text()='Provide to site']"}
COMMAND: POST /session/b0ee303caf718db626ad6d5c1d399bab/elements - {"using":"xpath","value":"//*[text()='Provide to site']"}
RESULT: {"using":"xpath","value":"//*[text()='Provide to site']"}
COMMAND: POST /session/b0ee303caf718db626ad6d5c1d399bab/elements - {"using":"xpath","value":"//*[text()='Provide to site']"}
RESULT: {"using":"xpath","value":"//*[text()='Provide to site']"}
COMMAND: POST /session/b0ee303caf718db626ad6d5c1d399bab/elements - {"using":"xpath","value":"//*[text()='Provide to site']"}
RESULT: {"using":"xpath","value":"//*[text()='Provide to site']"}
COMMAND: POST /session/b0ee303caf718db626ad6d5c1d399bab/elements - {"using":"xpath","value":"//*[text()='Provide to site']"}
RESULT: {"using":"xpath","value":"//*[text()='Provide to site']"}
COMMAND: POST /session/b0ee303caf718db626ad6d5c1d399bab/elements - {"using":"xpath","value":"//*[text()='Provide to site']"}
RESULT: {"using":"xpath","value":"//*[text()='Provide to site']"}
COMMAND: POST /session/b0ee303caf718db626ad6d5c1d399bab/elements - {"using":"xpath","value":"//*[text()='Provide to site']"}
RESULT: {"using":"xpath","value":"//*[text()='Provide to site']"}
COMMAND: POST /session/b0ee303caf718db626ad6d5c1d399bab/elements - {"using":"xpath","value":"//*[text()='Provide to site']"}
RESULT: {"using":"xpath","value":"//*[text()='Provide to site']"}
COMMAND: POST /session/b0ee303caf718db626ad6d5c1d399bab/elements - {"using":"xpath","value":"//*[text()='Provide to site']"}
RESULT: {"using":"xpath","value":"//*[text()='Provide to site']"}
COMMAND: POST /session/b0ee303caf718db626ad6d5c1d399bab/elements - {"using":"xpath","value":"//*[text()='Provide to site']"}
RESULT: {"using":"xpath","value":"//*[text()='Provide to site']"}
COMMAND: POST /session/b0ee303caf718db626ad6d5c1d399bab/elements - {"using":"xpath","value":"//*[text()='Provide to site']"}
RESULT: {"using":"xpath","value":"//*[text()='Provide to site']"}
COMMAND: POST /session/b0ee303caf718db626ad6d5c1d399bab/elements - {"using":"xpath","value":"//*[text()='Provide to site']"}
RESULT: {"using":"xpath","value":"//*[text()='Provide to site']"}
COMMAND: POST /session/b0ee303caf718db626ad6d5c1d399bab/elements - {"using":"xpath","value":"//*[text()='Provide to site']"}
RESULT: {"using":"xpath","value":"//*[text()='Provide to site']"}
COMMAND: POST /session/b0ee303caf718db626ad6d5c1d399bab/elements - {"using":"xpath","value":"//*[text()='Provide to site']"}
RESULT: {"using":"xpath","value":"//*[text()='Provide to site']"}
COMMAND: POST /session/b0ee303caf718db626ad6d5c1d399bab/elements - {"using":"xpath","value":"//*[text()='Provide to site']"}
RESULT: {"using":"xpath","value":"//*[text()='Provide to site']"}
COMMAND: POST /session/b0ee303caf718db626ad6d5c1d399bab/elements - {"using":"xpath","value":"//*[text()='Provide to site']"}
RESULT: {"using":"xpath","value":"//*[text()='Provide to site']"}
COMMAND: POST /session/b0ee303caf718db626ad6d5c1d399bab/elements - {"using":"xpath","value":"//*[text()='Provide to site']"}
RESULT: {"using":"xpath","value":"//*[text()='Provide to site']"}
COMMAND: POST /session/b0ee303caf718db626ad6d5c1d399bab/elements - {"using":"xpath","value":"//*[text()='Provide to site']"}
RESULT: {"using":"xpath","value":"//*[text()='Provide to site']"}
COMMAND: POST /session/b0ee303caf718db626ad6d5c1d399bab/elements - {"using":"xpath","value":"//*[text()='Provide to site']"}
RESULT: {"using":"xpath","value":"//*[text()='Provide to site']"}
COMMAND: POST /session/b0ee303caf718db626ad6d5c1d399bab/elements - {"using":"xpath","value":"//*[text()='Provide to site']"}
RESULT: {"using":"xpath","value":"//*[text()='Provide to site']"}
COMMAND: POST /session/b0ee303caf718db626ad6d5c1d399bab/elements - {"using":"xpath","value":"//*[text()='Provide to site']"}
RESULT: {"using":"xpath","value":"//*[text()='Provide to site']"}
COMMAND: POST /session/b0ee303caf718db626ad6d5c1d399bab/elements - {"using":"xpath","value":"//*[text()='Provide to site']"}
RESULT: {"using":"xpath","value":"//*[text()='Provide to site']"}
COMMAND: POST /session/b0ee303caf718db626ad6d5c1d399bab/elements - {"using":"xpath","value":"//*[text()='Provide to site']"}
RESULT: {"using":"xpath","value":"//*[text()='Provide to site']"}
COMMAND: POST /session/b0ee303caf718db626ad6d5c1d399bab/elements - {"using":"xpath","value":"//*[text()='Provide to site']"}
RESULT: {"using":"xpath","value":"//*[text()='Provide to site']"}
COMMAND: POST /session/b0ee303caf718db626ad6d5c1d399bab/elements - {"using":"xpath","value":"//*[text()='Provide to site']"}
RESULT: {"using":"xpath","value":"//*[text()='Provide to site']"}
COMMAND: POST /session/b0ee303caf718db626ad6d5c1d399bab/elements - {"using":"xpath","value":"//*[text()='Provide to site']"}
RESULT: {"using":"xpath","value":"//*[text()='Provide to site']"}
COMMAND: POST /session/b0ee303caf718db626ad6d5c1d399bab/elements - {"using":"xpath","value":"//*[text()='Provide to site']"}
RESULT: {"using":"xpath","value":"//*[text()='Provide to site']"}
COMMAND: POST /session/b0ee303caf718db626ad6d5c1d399bab/elements - {"using":"xpath","value":"//*[text()='Provide to site']"}
RESULT: {"using":"xpath","value":"//*[text()='Provide to site']"}
COMMAND: POST /session/b0ee303caf718db626ad6d5c1d399bab/elements - {"using":"xpath","value":"//*[text()='Provide to site']"}
RESULT: {"using":"xpath","value":"//*[text()='Provide to site']"}
COMMAND: POST /session/b0ee303caf718db626ad6d5c1d399bab/elements - {"using":"xpath","value":"//*[text()='Provide to site']"}
RESULT: {"using":"xpath","value":"//*[text()='Provide to site']"}
COMMAND: POST /session/b0ee303caf718db626ad6d5c1d399bab/elements - {"using":"xpath","value":"//*[text()='Provide to site']"}
RESULT: {"using":"xpath","value":"//*[text()='Provide to site']"}
COMMAND: POST /session/b0ee303caf718db626ad6d5c1d399bab/elements - {"using":"xpath","value":"//*[text()='Provide to site']"}
RESULT: {"using":"xpath","value":"//*[text()='Provide to site']"}
COMMAND: POST /session/b0ee303caf718db626ad6d5c1d399bab/elements - {"using":"xpath","value":"//*[text()='Provide to site']"}
RESULT: {"using":"xpath","value":"//*[text()='Provide to site']"}
COMMAND: POST /session/b0ee303caf718db626ad6d5c1d399bab/elements - {"using":"xpath","value":"//*[text()='Provide to site']"}
RESULT: {"using":"xpath","value":"//*[text()='Provide to site']"}
COMMAND: POST /session/b0ee303caf718db626ad6d5c1d399bab/elements - {"using":"xpath","value":"//*[text()='Provide to site']"}
RESULT: {"using":"xpath","value":"//*[text()='Provide to site']"}
COMMAND: POST /session/b0ee303caf718db626ad6d5c1d399bab/elements - {"using":"xpath","value":"//*[text()='Provide to site']"}
RESULT: {"using":"xpath","value":"//*[text()='Provide to site']"}
COMMAND: POST /session/b0ee303caf718db626ad6d5c1d399bab/elements - {"using":"xpath","value":"//*[text()='Provide to site']"}
RESULT: {"using":"xpath","value":"//*[text()='Provide to site']"}
COMMAND: POST /session/b0ee303caf718db626ad6d5c1d399bab/elements - {"using":"xpath","value":"//*[text()='Provide to site']"}
RESULT: {"using":"xpath","value":"//*[text()='Provide to site']"}
COMMAND: POST /session/b0ee303caf718db626ad6d5c1d399bab/elements - {"using":"xpath","value":"//*[text()='Provide to site']"}
RESULT: {"using":"xpath","value":"//*[text()='Provide to site']"}
COMMAND: POST /session/b0ee303caf718db626ad6d5c1d399bab/elements - {"using":"xpath","value":"//*[text()='Provide to site']"}
RESULT: {"using":"xpath","value":"//*[text()='Provide to site']"}
COMMAND: POST /session/b0ee303caf718db626ad6d5c1d399bab/elements - {"using":"xpath","value":"//*[text()='Provide to site']"}
RESULT: {"using":"xpath","value":"//*[text()='Provide to site']"}
COMMAND: POST /session/b0ee303caf718db626ad6d5c1d399bab/elements - {"using":"xpath","value":"//*[text()='Provide to site']"}
RESULT: {"using":"xpath","value":"//*[text()='Provide to site']"}
COMMAND: POST /session/b0ee303caf718db626ad6d5c1d399bab/elements - {"using":"xpath","value":"//*[text()='Provide to site']"}
RESULT: {"using":"xpath","value":"//*[text()='Provide to site']"}
COMMAND: POST /session/b0ee303caf718db626ad6d5c1d399bab/elements - {"using":"xpath","value":"//*[text()='Provide to site']"}
RESULT: {"using":"xpath","value":"//*[text()='Provide to site']"}
COMMAND: POST /session/b0ee303caf718db626ad6d5c1d399bab/elements - {"using":"xpath","value":"//*[text()='Provide to site']"}
RESULT: {"using":"xpath","value":"//*[text()='Provide to site']"}
COMMAND: POST /session/b0ee303caf718db626ad6d5c1d399bab/elements - {"using":"xpath","value":"//*[text()='Provide to site']"}
RESULT: {"using":"xpath","value":"//*[text()='Provide to site']"}
COMMAND: POST /session/b0ee303caf718db626ad6d5c1d399bab/elements - {"using":"xpath","value":"//*[text()='Provide to site']"}
RESULT: {"using":"xpath","value":"//*[text()='Provide to site']"}
COMMAND: POST /session/b0ee303caf718db626ad6d5c1d399bab/elements - {"using":"xpath","value":"//*[text()='Provide to site']"}
RESULT: {"using":"xpath","value":"//*[text()='Provide to site']"}
COMMAND: POST /session/b0ee303caf718db626ad6d5c1d399bab/elements - {"using":"xpath","value":"//*[text()='Provide to site']"}
RESULT: {"using":"xpath","value":"//*[text()='Provide to site']"}
COMMAND: POST /session/b0ee303caf718db626ad6d5c1d399bab/elements - {"using":"xpath","value":"//*[text()='Provide to site']"}
RESULT: {"using":"xpath","value":"//*[text()='Provide to site']"}
COMMAND: POST /session/b0ee303caf718db626ad6d5c1d399bab/elements - {"using":"xpath","value":"//*[text()='Provide to site']"}
RESULT: {"using":"xpath","value":"//*[text()='Provide to site']"}
COMMAND: POST /session/b0ee303caf718db626ad6d5c1d399bab/elements - {"using":"xpath","value":"//*[text()='Provide to site']"}
RESULT: {"using":"xpath","value":"//*[text()='Provide to site']"}
COMMAND: POST /session/b0ee303caf718db626ad6d5c1d399bab/elements - {"using":"xpath","value":"//*[text()='Provide to site']"}
RESULT: {"using":"xpath","value":"//*[text()='Provide to site']"}
COMMAND: POST /session/b0ee303caf718db626ad6d5c1d399bab/elements - {"using":"xpath","value":"//*[text()='Provide to site']"}
RESULT: {"using":"xpath","value":"//*[text()='Provide to site']"}
COMMAND: POST /session/b0ee303caf718db626ad6d5c1d399bab/elements - {"using":"xpath","value":"//*[text()='Provide to site']"}
RESULT: {"using":"xpath","value":"//*[text()='Provide to site']"}
COMMAND: POST /session/b0ee303caf718db626ad6d5c1d399bab/elements - {"using":"xpath","value":"//*[text()='Provide to site']"}
RESULT: {"using":"xpath","value":"//*[text()='Provide to site']"}
COMMAND: POST /session/b0ee303caf718db626ad6d5c1d399bab/elements - {"using":"xpath","value":"//*[text()='Provide to site']"}
RESULT: {"using":"xpath","value":"//*[text()='Provide to site']"}
COMMAND: POST /session/b0ee303caf718db626ad6d5c1d399bab/elements - {"using":"xpath","value":"//*[text()='Provide to site']"}
RESULT: {"using":"xpath","value":"//*[text()='Provide to site']"}
COMMAND: POST /session/b0ee303caf718db626ad6d5c1d399bab/elements - {"using":"xpath","value":"//*[text()='Provide to site']"}
RESULT: {"using":"xpath","value":"//*[text()='Provide to site']"}
COMMAND: POST /session/b0ee303caf718db626ad6d5c1d399bab/elements - {"using":"xpath","value":"//*[text()='Provide to site']"}
RESULT: {"using":"xpath","value":"//*[text()='Provide to site']"}
COMMAND: POST /session/b0ee303caf718db626ad6d5c1d399bab/elements - {"using":"xpath","value":"//*[text()='Provide to site']"}
RESULT: {"using":"xpath","value":"//*[text()='Provide to site']"}
COMMAND: POST /session/b0ee303caf718db626ad6d5c1d399bab/elements - {"using":"xpath","value":"//*[text()='Provide to site']"}
RESULT: {"using":"xpath","value":"//*[text()='Provide to site']"}
COMMAND: POST /session/b0ee303caf718db626ad6d5c1d399bab/elements - {"using":"xpath","value":"//*[text()='Provide to site']"}
RESULT: {"using":"xpath","value":"//*[text()='Provide to site']"}
COMMAND: POST /session/b0ee303caf718db626ad6d5c1d399bab/elements - {"using":"xpath","value":"//*[text()='Provide to site']"}
COMMAND: POST /session/b0ee303caf718db626ad6d5c1d399bab/element - {"using":"xpath","value":"//span[text()='Provide to site - Completed']"}
RESULT: {"using":"xpath","value":"//*[text()='Provide to site']"}
RESULT: {"using":"xpath","value":"//span[text()='Provide to site - Completed']"}
COMMAND: POST /session/b0ee303caf718db626ad6d5c1d399bab/elements - {"using":"xpath","value":"//span[text()='Provide to site - Completed']"}
RESULT: {"using":"xpath","value":"//span[text()='Provide to site - Completed']"}
COMMAND: POST /session/b0ee303caf718db626ad6d5c1d399bab/elements - {"using":"xpath","value":"//span[text()='Provide to site - Completed']"}
RESULT: {"using":"xpath","value":"//span[text()='Provide to site - Completed']"}
COMMAND: POST /session/b0ee303caf718db626ad6d5c1d399bab/elements - {"using":"xpath","value":"//span[text()='Provide to site - Completed']"}
RESULT: {"using":"xpath","value":"//span[text()='Provide to site - Completed']"}
COMMAND: POST /session/b0ee303caf718db626ad6d5c1d399bab/elements - {"using":"xpath","value":"//span[text()='Provide to site - Completed']"}
RESULT: {"using":"xpath","value":"//span[text()='Provide to site - Completed']"}
COMMAND: POST /session/b0ee303caf718db626ad6d5c1d399bab/elements - {"using":"xpath","value":"//span[text()='Provide to site - Completed']"}
RESULT: {"using":"xpath","value":"//span[text()='Provide to site - Completed']"}
COMMAND: POST /session/b0ee303caf718db626ad6d5c1d399bab/elements - {"using":"xpath","value":"//span[text()='Provide to site - Completed']"}
RESULT: {"using":"xpath","value":"//span[text()='Provide to site - Completed']"}
COMMAND: POST /session/b0ee303caf718db626ad6d5c1d399bab/elements - {"using":"xpath","value":"//span[text()='Provide to site - Completed']"}
RESULT: {"using":"xpath","value":"//span[text()='Provide to site - Completed']"}
COMMAND: POST /session/b0ee303caf718db626ad6d5c1d399bab/elements - {"using":"xpath","value":"//span[text()='Provide to site - Completed']"}
RESULT: {"using":"xpath","value":"//span[text()='Provide to site - Completed']"}
COMMAND: POST /session/b0ee303caf718db626ad6d5c1d399bab/elements - {"using":"xpath","value":"//span[text()='Provide to site - Completed']"}
RESULT: {"using":"xpath","value":"//span[text()='Provide to site - Completed']"}
COMMAND: POST /session/b0ee303caf718db626ad6d5c1d399bab/elements - {"using":"xpath","value":"//span[text()='Provide to site - Completed']"}
RESULT: {"using":"xpath","value":"//span[text()='Provide to site - Completed']"}
COMMAND: POST /session/b0ee303caf718db626ad6d5c1d399bab/elements - {"using":"xpath","value":"//span[text()='Provide to site - Completed']"}
RESULT: {"using":"xpath","value":"//span[text()='Provide to site - Completed']"}
COMMAND: POST /session/b0ee303caf718db626ad6d5c1d399bab/elements - {"using":"xpath","value":"//span[text()='Provide to site - Completed']"}
RESULT: {"using":"xpath","value":"//span[text()='Provide to site - Completed']"}
COMMAND: POST /session/b0ee303caf718db626ad6d5c1d399bab/elements - {"using":"xpath","value":"//span[text()='Provide to site - Completed']"}
RESULT: {"using":"xpath","value":"//span[text()='Provide to site - Completed']"}
COMMAND: POST /session/b0ee303caf718db626ad6d5c1d399bab/elements - {"using":"xpath","value":"//span[text()='Provide to site - Completed']"}
RESULT: {"using":"xpath","value":"//span[text()='Provide to site - Completed']"}
COMMAND: POST /session/b0ee303caf718db626ad6d5c1d399bab/elements - {"using":"xpath","value":"//span[text()='Provide to site - Completed']"}
RESULT: {"using":"xpath","value":"//span[text()='Provide to site - Completed']"}
COMMAND: POST /session/b0ee303caf718db626ad6d5c1d399bab/elements - {"using":"xpath","value":"//span[text()='Provide to site - Completed']"}
RESULT: {"using":"xpath","value":"//span[text()='Provide to site - Completed']"}
COMMAND: POST /session/b0ee303caf718db626ad6d5c1d399bab/elements - {"using":"xpath","value":"//span[text()='Provide to site - Completed']"}
RESULT: {"using":"xpath","value":"//span[text()='Provide to site - Completed']"}
COMMAND: POST /session/b0ee303caf718db626ad6d5c1d399bab/elements - {"using":"xpath","value":"//span[text()='Provide to site - Completed']"}
RESULT: {"using":"xpath","value":"//span[text()='Provide to site - Completed']"}
COMMAND: POST /session/b0ee303caf718db626ad6d5c1d399bab/elements - {"using":"xpath","value":"//span[text()='Provide to site - Completed']"}
RESULT: {"using":"xpath","value":"//span[text()='Provide to site - Completed']"}
COMMAND: POST /session/b0ee303caf718db626ad6d5c1d399bab/elements - {"using":"xpath","value":"//span[text()='Provide to site - Completed']"}
RESULT: {"using":"xpath","value":"//span[text()='Provide to site - Completed']"}
COMMAND: POST /session/b0ee303caf718db626ad6d5c1d399bab/elements - {"using":"xpath","value":"//span[text()='Provide to site - Completed']"}
RESULT: {"using":"xpath","value":"//span[text()='Provide to site - Completed']"}
COMMAND: POST /session/b0ee303caf718db626ad6d5c1d399bab/elements - {"using":"xpath","value":"//span[text()='Provide to site - Completed']"}
RESULT: {"using":"xpath","value":"//span[text()='Provide to site - Completed']"}
COMMAND: POST /session/b0ee303caf718db626ad6d5c1d399bab/elements - {"using":"xpath","value":"//span[text()='Provide to site - Completed']"}
RESULT: {"using":"xpath","value":"//span[text()='Provide to site - Completed']"}
COMMAND: POST /session/b0ee303caf718db626ad6d5c1d399bab/elements - {"using":"xpath","value":"//span[text()='Provide to site - Completed']"}
RESULT: {"using":"xpath","value":"//span[text()='Provide to site - Completed']"}
COMMAND: POST /session/b0ee303caf718db626ad6d5c1d399bab/elements - {"using":"xpath","value":"//span[text()='Provide to site - Completed']"}
RESULT: {"using":"xpath","value":"//span[text()='Provide to site - Completed']"}
COMMAND: POST /session/b0ee303caf718db626ad6d5c1d399bab/elements - {"using":"xpath","value":"//span[text()='Provide to site - Completed']"}
RESULT: {"using":"xpath","value":"//span[text()='Provide to site - Completed']"}
COMMAND: POST /session/b0ee303caf718db626ad6d5c1d399bab/elements - {"using":"xpath","value":"//span[text()='Provide to site - Completed']"}
RESULT: {"using":"xpath","value":"//span[text()='Provide to site - Completed']"}
COMMAND: POST /session/b0ee303caf718db626ad6d5c1d399bab/elements - {"using":"xpath","value":"//span[text()='Provide to site - Completed']"}
RESULT: {"using":"xpath","value":"//span[text()='Provide to site - Completed']"}
COMMAND: POST /session/b0ee303caf718db626ad6d5c1d399bab/elements - {"using":"xpath","value":"//span[text()='Provide to site - Completed']"}
RESULT: {"using":"xpath","value":"//span[text()='Provide to site - Completed']"}
COMMAND: POST /session/b0ee303caf718db626ad6d5c1d399bab/elements - {"using":"xpath","value":"//span[text()='Provide to site - Completed']"}
RESULT: {"using":"xpath","value":"//span[text()='Provide to site - Completed']"}
COMMAND: POST /session/b0ee303caf718db626ad6d5c1d399bab/elements - {"using":"xpath","value":"//span[text()='Provide to site - Completed']"}
RESULT: {"using":"xpath","value":"//span[text()='Provide to site - Completed']"}
COMMAND: POST /session/b0ee303caf718db626ad6d5c1d399bab/elements - {"using":"xpath","value":"//span[text()='Provide to site - Completed']"}
RESULT: {"using":"xpath","value":"//span[text()='Provide to site - Completed']"}
COMMAND: POST /session/b0ee303caf718db626ad6d5c1d399bab/elements - {"using":"xpath","value":"//span[text()='Provide to site - Completed']"}
RESULT: {"using":"xpath","value":"//span[text()='Provide to site - Completed']"}
COMMAND: POST /session/b0ee303caf718db626ad6d5c1d399bab/elements - {"using":"xpath","value":"//span[text()='Provide to site - Completed']"}
RESULT: {"using":"xpath","value":"//span[text()='Provide to site - Completed']"}
COMMAND: POST /session/b0ee303caf718db626ad6d5c1d399bab/elements - {"using":"xpath","value":"//span[text()='Provide to site - Completed']"}
RESULT: {"using":"xpath","value":"//span[text()='Provide to site - Completed']"}
COMMAND: POST /session/b0ee303caf718db626ad6d5c1d399bab/elements - {"using":"xpath","value":"//span[text()='Provide to site - Completed']"}
RESULT: {"using":"xpath","value":"//span[text()='Provide to site - Completed']"}
COMMAND: POST /session/b0ee303caf718db626ad6d5c1d399bab/elements - {"using":"xpath","value":"//span[text()='Provide to site - Completed']"}
RESULT: {"using":"xpath","value":"//span[text()='Provide to site - Completed']"}
COMMAND: POST /session/b0ee303caf718db626ad6d5c1d399bab/elements - {"using":"xpath","value":"//span[text()='Provide to site - Completed']"}
RESULT: {"using":"xpath","value":"//span[text()='Provide to site - Completed']"}
COMMAND: POST /session/b0ee303caf718db626ad6d5c1d399bab/elements - {"using":"xpath","value":"//span[text()='Provide to site - Completed']"}
RESULT: {"using":"xpath","value":"//span[text()='Provide to site - Completed']"}
COMMAND: POST /session/b0ee303caf718db626ad6d5c1d399bab/elements - {"using":"xpath","value":"//span[text()='Provide to site - Completed']"}
RESULT: {"using":"xpath","value":"//span[text()='Provide to site - Completed']"}
COMMAND: POST /session/b0ee303caf718db626ad6d5c1d399bab/elements - {"using":"xpath","value":"//span[text()='Provide to site - Completed']"}
RESULT: {"using":"xpath","value":"//span[text()='Provide to site - Completed']"}
COMMAND: POST /session/b0ee303caf718db626ad6d5c1d399bab/elements - {"using":"xpath","value":"//span[text()='Provide to site - Completed']"}
RESULT: {"using":"xpath","value":"//span[text()='Provide to site - Completed']"}
COMMAND: POST /session/b0ee303caf718db626ad6d5c1d399bab/elements - {"using":"xpath","value":"//span[text()='Provide to site - Completed']"}
RESULT: {"using":"xpath","value":"//span[text()='Provide to site - Completed']"}
COMMAND: POST /session/b0ee303caf718db626ad6d5c1d399bab/elements - {"using":"xpath","value":"//span[text()='Provide to site - Completed']"}
RESULT: {"using":"xpath","value":"//span[text()='Provide to site - Completed']"}
COMMAND: POST /session/b0ee303caf718db626ad6d5c1d399bab/elements - {"using":"xpath","value":"//span[text()='Provide to site - Completed']"}
RESULT: {"using":"xpath","value":"//span[text()='Provide to site - Completed']"}
COMMAND: POST /session/b0ee303caf718db626ad6d5c1d399bab/elements - {"using":"xpath","value":"//span[text()='Provide to site - Completed']"}
RESULT: {"using":"xpath","value":"//span[text()='Provide to site - Completed']"}
COMMAND: POST /session/b0ee303caf718db626ad6d5c1d399bab/elements - {"using":"xpath","value":"//span[text()='Provide to site - Completed']"}
RESULT: {"using":"xpath","value":"//span[text()='Provide to site - Completed']"}
COMMAND: POST /session/b0ee303caf718db626ad6d5c1d399bab/elements - {"using":"xpath","value":"//span[text()='Provide to site - Completed']"}
RESULT: {"using":"xpath","value":"//span[text()='Provide to site - Completed']"}
COMMAND: POST /session/b0ee303caf718db626ad6d5c1d399bab/elements - {"using":"xpath","value":"//span[text()='Provide to site - Completed']"}
RESULT: {"using":"xpath","value":"//span[text()='Provide to site - Completed']"}
COMMAND: POST /session/b0ee303caf718db626ad6d5c1d399bab/elements - {"using":"xpath","value":"//span[text()='Provide to site - Completed']"}
RESULT: {"using":"xpath","value":"//span[text()='Provide to site - Completed']"}
COMMAND: POST /session/b0ee303caf718db626ad6d5c1d399bab/elements - {"using":"xpath","value":"//span[text()='Provide to site - Completed']"}
RESULT: {"using":"xpath","value":"//span[text()='Provide to site - Completed']"}
COMMAND: POST /session/b0ee303caf718db626ad6d5c1d399bab/elements - {"using":"xpath","value":"//span[text()='Provide to site - Completed']"}
RESULT: {"using":"xpath","value":"//span[text()='Provide to site - Completed']"}
COMMAND: POST /session/b0ee303caf718db626ad6d5c1d399bab/elements - {"using":"xpath","value":"//span[text()='Provide to site - Completed']"}
RESULT: {"using":"xpath","value":"//span[text()='Provide to site - Completed']"}
COMMAND: POST /session/b0ee303caf718db626ad6d5c1d399bab/elements - {"using":"xpath","value":"//span[text()='Provide to site - Completed']"}
RESULT: {"using":"xpath","value":"//span[text()='Provide to site - Completed']"}
COMMAND: POST /session/b0ee303caf718db626ad6d5c1d399bab/elements - {"using":"xpath","value":"//span[text()='Provide to site - Completed']"}
RESULT: {"using":"xpath","value":"//span[text()='Provide to site - Completed']"}
COMMAND: POST /session/b0ee303caf718db626ad6d5c1d399bab/elements - {"using":"xpath","value":"//span[text()='Provide to site - Completed']"}
RESULT: {"using":"xpath","value":"//span[text()='Provide to site - Completed']"}
COMMAND: POST /session/b0ee303caf718db626ad6d5c1d399bab/elements - {"using":"xpath","value":"//span[text()='Provide to site - Completed']"}
RESULT: {"using":"xpath","value":"//span[text()='Provide to site - Completed']"}
COMMAND: POST /session/b0ee303caf718db626ad6d5c1d399bab/elements - {"using":"xpath","value":"//span[text()='Provide to site - Completed']"}
RESULT: {"using":"xpath","value":"//span[text()='Provide to site - Completed']"}
COMMAND: POST /session/b0ee303caf718db626ad6d5c1d399bab/elements - {"using":"xpath","value":"//span[text()='Provide to site - Completed']"}
RESULT: {"using":"xpath","value":"//span[text()='Provide to site - Completed']"}
COMMAND: POST /session/b0ee303caf718db626ad6d5c1d399bab/elements - {"using":"xpath","value":"//span[text()='Provide to site - Completed']"}
RESULT: {"using":"xpath","value":"//span[text()='Provide to site - Completed']"}
COMMAND: POST /session/b0ee303caf718db626ad6d5c1d399bab/elements - {"using":"xpath","value":"//span[text()='Provide to site - Completed']"}
RESULT: {"using":"xpath","value":"//span[text()='Provide to site - Completed']"}
COMMAND: POST /session/b0ee303caf718db626ad6d5c1d399bab/elements - {"using":"xpath","value":"//span[text()='Provide to site - Completed']"}
RESULT: {"using":"xpath","value":"//span[text()='Provide to site - Completed']"}
COMMAND: POST /session/b0ee303caf718db626ad6d5c1d399bab/elements - {"using":"xpath","value":"//span[text()='Provide to site - Completed']"}
RESULT: {"using":"xpath","value":"//span[text()='Provide to site - Completed']"}
COMMAND: POST /session/b0ee303caf718db626ad6d5c1d399bab/elements - {"using":"xpath","value":"//span[text()='Provide to site - Completed']"}
RESULT: {"using":"xpath","value":"//span[text()='Provide to site - Completed']"}
COMMAND: POST /session/b0ee303caf718db626ad6d5c1d399bab/elements - {"using":"xpath","value":"//span[text()='Provide to site - Completed']"}
RESULT: {"using":"xpath","value":"//span[text()='Provide to site - Completed']"}
COMMAND: POST /session/b0ee303caf718db626ad6d5c1d399bab/elements - {"using":"xpath","value":"//span[text()='Provide to site - Completed']"}
RESULT: {"using":"xpath","value":"//span[text()='Provide to site - Completed']"}
COMMAND: POST /session/b0ee303caf718db626ad6d5c1d399bab/elements - {"using":"xpath","value":"//span[text()='Provide to site - Completed']"}
RESULT: {"using":"xpath","value":"//span[text()='Provide to site - Completed']"}
COMMAND: POST /session/b0ee303caf718db626ad6d5c1d399bab/elements - {"using":"xpath","value":"//span[text()='Provide to site - Completed']"}
RESULT: {"using":"xpath","value":"//span[text()='Provide to site - Completed']"}
COMMAND: POST /session/b0ee303caf718db626ad6d5c1d399bab/elements - {"using":"xpath","value":"//span[text()='Provide to site - Completed']"}
RESULT: {"using":"xpath","value":"//span[text()='Provide to site - Completed']"}
COMMAND: POST /session/b0ee303caf718db626ad6d5c1d399bab/elements - {"using":"xpath","value":"//span[text()='Provide to site - Completed']"}
RESULT: {"using":"xpath","value":"//span[text()='Provide to site - Completed']"}
COMMAND: POST /session/b0ee303caf718db626ad6d5c1d399bab/elements - {"using":"xpath","value":"//span[text()='Provide to site - Completed']"}
RESULT: {"using":"xpath","value":"//span[text()='Provide to site - Completed']"}
COMMAND: POST /session/b0ee303caf718db626ad6d5c1d399bab/elements - {"using":"xpath","value":"//span[text()='Provide to site - Completed']"}
RESULT: {"using":"xpath","value":"//span[text()='Provide to site - Completed']"}
COMMAND: POST /session/b0ee303caf718db626ad6d5c1d399bab/elements - {"using":"xpath","value":"//span[text()='Provide to site - Completed']"}
RESULT: {"using":"xpath","value":"//span[text()='Provide to site - Completed']"}
COMMAND: POST /session/b0ee303caf718db626ad6d5c1d399bab/elements - {"using":"xpath","value":"//span[text()='Provide to site - Completed']"}
RESULT: {"using":"xpath","value":"//span[text()='Provide to site - Completed']"}
COMMAND: POST /session/b0ee303caf718db626ad6d5c1d399bab/elements - {"using":"xpath","value":"//span[text()='Provide to site - Completed']"}
RESULT: {"using":"xpath","value":"//span[text()='Provide to site - Completed']"}
COMMAND: POST /session/b0ee303caf718db626ad6d5c1d399bab/elements - {"using":"xpath","value":"//span[text()='Provide to site - Completed']"}
RESULT: {"using":"xpath","value":"//span[text()='Provide to site - Completed']"}
COMMAND: POST /session/b0ee303caf718db626ad6d5c1d399bab/elements - {"using":"xpath","value":"//span[text()='Provide to site - Completed']"}
RESULT: {"using":"xpath","value":"//span[text()='Provide to site - Completed']"}
COMMAND: POST /session/b0ee303caf718db626ad6d5c1d399bab/elements - {"using":"xpath","value":"//span[text()='Provide to site - Completed']"}
RESULT: {"using":"xpath","value":"//span[text()='Provide to site - Completed']"}
COMMAND: POST /session/b0ee303caf718db626ad6d5c1d399bab/elements - {"using":"xpath","value":"//span[text()='Provide to site - Completed']"}
RESULT: {"using":"xpath","value":"//span[text()='Provide to site - Completed']"}
COMMAND: POST /session/b0ee303caf718db626ad6d5c1d399bab/elements - {"using":"xpath","value":"//span[text()='Provide to site - Completed']"}
RESULT: {"using":"xpath","value":"//span[text()='Provide to site - Completed']"}
COMMAND: POST /session/b0ee303caf718db626ad6d5c1d399bab/elements - {"using":"xpath","value":"//span[text()='Provide to site - Completed']"}
RESULT: {"using":"xpath","value":"//span[text()='Provide to site - Completed']"}
COMMAND: POST /session/b0ee303caf718db626ad6d5c1d399bab/elements - {"using":"xpath","value":"//span[text()='Provide to site - Completed']"}
RESULT: {"using":"xpath","value":"//span[text()='Provide to site - Completed']"}
COMMAND: POST /session/b0ee303caf718db626ad6d5c1d399bab/elements - {"using":"xpath","value":"//span[text()='Provide to site - Completed']"}
RESULT: {"using":"xpath","value":"//span[text()='Provide to site - Completed']"}
COMMAND: POST /session/b0ee303caf718db626ad6d5c1d399bab/elements - {"using":"xpath","value":"//span[text()='Provide to site - Completed']"}
RESULT: {"using":"xpath","value":"//span[text()='Provide to site - Completed']"}
COMMAND: POST /session/b0ee303caf718db626ad6d5c1d399bab/elements - {"using":"xpath","value":"//span[text()='Provide to site - Completed']"}
RESULT: {"using":"xpath","value":"//span[text()='Provide to site - Completed']"}
COMMAND: POST /session/b0ee303caf718db626ad6d5c1d399bab/elements - {"using":"xpath","value":"//span[text()='Provide to site - Completed']"}
RESULT: {"using":"xpath","value":"//span[text()='Provide to site - Completed']"}
COMMAND: POST /session/b0ee303caf718db626ad6d5c1d399bab/elements - {"using":"xpath","value":"//span[text()='Provide to site - Completed']"}
RESULT: {"using":"xpath","value":"//span[text()='Provide to site - Completed']"}
COMMAND: POST /session/b0ee303caf718db626ad6d5c1d399bab/elements - {"using":"xpath","value":"//span[text()='Provide to site - Completed']"}
RESULT: {"using":"xpath","value":"//span[text()='Provide to site - Completed']"}
COMMAND: POST /session/b0ee303caf718db626ad6d5c1d399bab/elements - {"using":"xpath","value":"//span[text()='Provide to site - Completed']"}
RESULT: {"using":"xpath","value":"//span[text()='Provide to site - Completed']"}
COMMAND: POST /session/b0ee303caf718db626ad6d5c1d399bab/elements - {"using":"xpath","value":"//span[text()='Provide to site - Completed']"}
RESULT: {"using":"xpath","value":"//span[text()='Provide to site - Completed']"}
COMMAND: POST /session/b0ee303caf718db626ad6d5c1d399bab/execute/async - {"script":"<script> [1562 bytes]","args":[{"selector":{"controlType":"sap.m.Button","viewName":"etm.portal.ui.managehandovers.view.DetailExecuteHO","i18NText":{"propertyName":"text","key":"pickQty"},"interaction":{"idSuffix":"BDI-content"}},"wdio_ui5_key":"etmportal.ui.managehandovers.view.DetailExecuteHOsap.m.Button{\"propertyName\":\"text\",\"key\":\"pickQty\"}"}]}
RESULT: {"script":"<script> [1562 bytes]","args":[{"selector":{"controlType":"sap.m.Button","viewName":"etm.portal.ui.managehandovers.view.DetailExecuteHO","i18NText":{"propertyName":"text","key":"pickQty"},"interaction":{"idSuffix":"BDI-content"}},"wdio_ui5_key":"etmportal.ui.managehandovers.view.DetailExecuteHOsap.m.Button{\"propertyName\":\"text\",\"key\":\"pickQty\"}"}]}
RESULT: undefined
COMMAND: POST /session/b0ee303caf718db626ad6d5c1d399bab/execute/async - {"script":"<script> [1562 bytes]","args":[{"selector":{"controlType":"sap.m.Link","viewName":"etm.portal.ui.managehandovers.view.DetailExecuteHO","bindingPath":{"path":"","propertyPath":"/wmDoc","modelName":"warehouseMovModel"}},"wdio_ui5_key":"etmportal.ui.managehandovers.view.DetailExecuteHOsap.m.Link{\"path\":\"\",\"propertyPath\":\"/wmDoc\",\"modelName\":\"warehouseMovModel\"}"}]}
RESULT: {"script":"<script> [1562 bytes]","args":[{"selector":{"controlType":"sap.m.Link","viewName":"etm.portal.ui.managehandovers.view.DetailExecuteHO","bindingPath":{"path":"","propertyPath":"/wmDoc","modelName":"warehouseMovModel"}},"wdio_ui5_key":"etmportal.ui.managehandovers.view.DetailExecuteHOsap.m.Link{\"path\":\"\",\"propertyPath\":\"/wmDoc\",\"modelName\":\"warehouseMovModel\"}"}]}
RESULT: undefined
COMMAND: POST /session/b0ee303caf718db626ad6d5c1d399bab/execute/async - {"script":"<script> [1562 bytes]","args":[{"selector":{"controlType":"sap.m.Link","viewName":"etm.portal.ui.managehandovers.view.DetailExecuteHO","properties":{"text":"Warehouse Overview"},"searchOpenDialogs":true},"wdio_ui5_key":"etmportal.ui.managehandovers.view.DetailExecuteHOsap.m.Link{\"text\":\"Warehouse Overview\"}"}]}
RESULT: {"script":"<script> [1562 bytes]","args":[{"selector":{"controlType":"sap.m.Link","viewName":"etm.portal.ui.managehandovers.view.DetailExecuteHO","properties":{"text":"Warehouse Overview"},"searchOpenDialogs":true},"wdio_ui5_key":"etmportal.ui.managehandovers.view.DetailExecuteHOsap.m.Link{\"text\":\"Warehouse Overview\"}"}]}
RESULT: undefined
COMMAND: POST /session/b0ee303caf718db626ad6d5c1d399bab/execute/async - {"script":"<script> [1562 bytes]","args":[{"selector":{"controlType":"sap.m.Button","viewName":"etm.portal.ui.warehousemovements.view.DisplayMovement","viewId":"application-warehousemovements-display-component---displayMovement","i18NText":{"propertyName":"text","key":"execution"},"interaction":{"idSuffix":"BDI-content"}},"wdio_ui5_key":"etmportal.ui.warehousemovements.view.DisplayMovementsap.m.Button{\"propertyName\":\"text\",\"key\":\"execution\"}"}]}
RESULT: {"script":"<script> [1562 bytes]","args":[{"selector":{"controlType":"sap.m.Button","viewName":"etm.portal.ui.warehousemovements.view.DisplayMovement","viewId":"application-warehousemovements-display-component---displayMovement","i18NText":{"propertyName":"text","key":"execution"},"interaction":{"idSuffix":"BDI-content"}},"wdio_ui5_key":"etmportal.ui.warehousemovements.view.DisplayMovementsap.m.Button{\"propertyName\":\"text\",\"key\":\"execution\"}"}]}
RESULT: undefined
COMMAND: POST /session/b0ee303caf718db626ad6d5c1d399bab/execute/async - {"script":"<script> [1562 bytes]","args":[{"selector":{"controlType":"sap.m.Button","viewName":"etm.portal.ui.warehousemovements.view.ExecuteMovement","viewId":"application-warehousemovements-display-component---executeMovement","properties":{"text":"Items"},"interaction":{"idSuffix":"BDI-content"}},"wdio_ui5_key":"etmportal.ui.warehousemovements.view.ExecuteMovementsap.m.Button{\"text\":\"Items\"}"}]}
RESULT: {"script":"<script> [1562 bytes]","args":[{"selector":{"controlType":"sap.m.Button","viewName":"etm.portal.ui.warehousemovements.view.ExecuteMovement","viewId":"application-warehousemovements-display-component---executeMovement","properties":{"text":"Items"},"interaction":{"idSuffix":"BDI-content"}},"wdio_ui5_key":"etmportal.ui.warehousemovements.view.ExecuteMovementsap.m.Button{\"text\":\"Items\"}"}]}
RESULT: undefined
COMMAND: POST /session/b0ee303caf718db626ad6d5c1d399bab/execute/async - {"script":"<script> [1562 bytes]","args":[{"selector":{"controlType":"sap.m.ToggleButton","viewName":"etm.portal.ui.warehousemovements.view.ExecuteMovement","viewId":"application-warehousemovements-display-component---executeMovement","bindingPath":{"propertyPath":"STATUS","modelName":"catalogModel"},"interaction":{"idSuffix":"BDI-content"}},"wdio_ui5_key":"etmportal.ui.warehousemovements.view.ExecuteMovementsap.m.ToggleButton{\"propertyPath\":\"STATUS\",\"modelName\":\"catalogModel\"}"}]}
RESULT: {"script":"<script> [1562 bytes]","args":[{"selector":{"controlType":"sap.m.ToggleButton","viewName":"etm.portal.ui.warehousemovements.view.ExecuteMovement","viewId":"application-warehousemovements-display-component---executeMovement","bindingPath":{"propertyPath":"STATUS","modelName":"catalogModel"},"interaction":{"idSuffix":"BDI-content"}},"wdio_ui5_key":"etmportal.ui.warehousemovements.view.ExecuteMovementsap.m.ToggleButton{\"propertyPath\":\"STATUS\",\"modelName\":\"catalogModel\"}"}]}
RESULT: undefined
RESULT: undefined
RESULT: undefined
COMMAND: POST /session/b0ee303caf718db626ad6d5c1d399bab/execute/async - {"script":"<script> [1562 bytes]","args":[{"selector":{"id":"application-warehousemovements-display-component---executeMovement--executeId","interaction":{"idSuffix":"BDI-content"}},"wdio_ui5_key":"applicationwarehousemovements-display-component---executeMovement--executeId"}]}
RESULT: {"script":"<script> [1562 bytes]","args":[{"selector":{"id":"application-warehousemovements-display-component---executeMovement--executeId","interaction":{"idSuffix":"BDI-content"}},"wdio_ui5_key":"applicationwarehousemovements-display-component---executeMovement--executeId"}]}
RESULT: undefined
COMMAND: POST /session/b0ee303caf718db626ad6d5c1d399bab/element - {"using":"css selector","value":"#shell-header-logo"}
RESULT: {"using":"css selector","value":"#shell-header-logo"}
COMMAND: POST /session/b0ee303caf718db626ad6d5c1d399bab/element/f.E5342C77FF52C8F876B09F590AF6AC48.d.0A67B0B4B7535FC72CD81C9A67BA7D51.e.8004/click - {}
RESULT: {}
COMMAND: GET /session/b0ee303caf718db626ad6d5c1d399bab/screenshot - {}
RESULT: {}
RESULT: undefined
COMMAND: POST /session/b0ee303caf718db626ad6d5c1d399bab/execute/async - {"script":"<script> [1562 bytes]","args":[{"selector":{"controlType":"sap.m.SearchField","viewName":"etm.portal.ui.managehandovers.view.MasterHO","bindingPath":{"propertyPath":"/_BASIC_SEARCH_FIELD","modelName":"fi1t3rM0d31"},"interaction":{"idSuffix":"I"}},"wdio_ui5_key":"etmportal.ui.managehandovers.view.MasterHOsap.m.SearchField{\"propertyPath\":\"/_BASIC_SEARCH_FIELD\",\"modelName\":\"fi1t3rM0d31\"}"}]}
RESULT: {"script":"<script> [1562 bytes]","args":[{"selector":{"controlType":"sap.m.SearchField","viewName":"etm.portal.ui.managehandovers.view.MasterHO","bindingPath":{"propertyPath":"/_BASIC_SEARCH_FIELD","modelName":"fi1t3rM0d31"},"interaction":{"idSuffix":"I"}},"wdio_ui5_key":"etmportal.ui.managehandovers.view.MasterHOsap.m.SearchField{\"propertyPath\":\"/_BASIC_SEARCH_FIELD\",\"modelName\":\"fi1t3rM0d31\"}"}]}
RESULT: undefined
COMMAND: POST /session/b0ee303caf718db626ad6d5c1d399bab/actions - {"actions":[{"id":"action34","type":"key","parameters":{},"actions":[{"type":"keyDown","value":"î€‡"},{"type":"pause","duration":10},{"type":"keyUp","value":"î€‡"}]}]}
RESULT: {"actions":[{"id":"action34","type":"key","parameters":{},"actions":[{"type":"keyDown","value":"î€‡"},{"type":"pause","duration":10},{"type":"keyUp","value":"î€‡"}]}]}
COMMAND: GET /session/b0ee303caf718db626ad6d5c1d399bab/screenshot - {}
RESULT: {}
COMMAND: POST /session/b0ee303caf718db626ad6d5c1d399bab/execute/async - {"script":"<script> [1562 bytes]","args":[{"selector":{"controlType":"sap.ui.core.Icon","viewName":"etm.portal.ui.managehandovers.view.MasterHO","properties":{"src":{"regex":{"source":"slim\\-arrow\\-right"}}}},"wdio_ui5_key":"etmportal.ui.managehandovers.view.MasterHOsap.ui.core.Icon{\"src\":{\"regex\":{\"source\":\"slim\\\\-arrow\\\\-right\"}}}"}]}
RESULT: {"script":"<script> [1562 bytes]","args":[{"selector":{"controlType":"sap.ui.core.Icon","viewName":"etm.portal.ui.managehandovers.view.MasterHO","properties":{"src":{"regex":{"source":"slim\\-arrow\\-right"}}}},"wdio_ui5_key":"etmportal.ui.managehandovers.view.MasterHOsap.ui.core.Icon{\"src\":{\"regex\":{\"source\":\"slim\\\\-arrow\\\\-right\"}}}"}]}
RESULT: undefined
COMMAND: POST /session/b0ee303caf718db626ad6d5c1d399bab/execute/async - {"script":"<script> [1562 bytes]","args":[{"selector":{"controlType":"sap.m.Button","viewName":"etm.portal.ui.managehandovers.view.DetailExecuteHO","i18NText":{"propertyName":"text","key":"confirmAll"},"interaction":{"idSuffix":"BDI-content"}},"wdio_ui5_key":"etmportal.ui.managehandovers.view.DetailExecuteHOsap.m.Button{\"propertyName\":\"text\",\"key\":\"confirmAll\"}"}]}
RESULT: {"script":"<script> [1562 bytes]","args":[{"selector":{"controlType":"sap.m.Button","viewName":"etm.portal.ui.managehandovers.view.DetailExecuteHO","i18NText":{"propertyName":"text","key":"confirmAll"},"interaction":{"idSuffix":"BDI-content"}},"wdio_ui5_key":"etmportal.ui.managehandovers.view.DetailExecuteHOsap.m.Button{\"propertyName\":\"text\",\"key\":\"confirmAll\"}"}]}
RESULT: undefined
COMMAND: POST /session/b0ee303caf718db626ad6d5c1d399bab/actions - {"actions":[{"id":"action35","type":"key","parameters":{},"actions":[{"type":"keyDown","value":"î€‡"},{"type":"pause","duration":10},{"type":"keyUp","value":"î€‡"}]}]}
RESULT: {"actions":[{"id":"action35","type":"key","parameters":{},"actions":[{"type":"keyDown","value":"î€‡"},{"type":"pause","duration":10},{"type":"keyUp","value":"î€‡"}]}]}
COMMAND: GET /session/b0ee303caf718db626ad6d5c1d399bab/screenshot - {}
RESULT: {}
COMMAND: POST /session/b0ee303caf718db626ad6d5c1d399bab/execute/async - {"script":"<script> [1562 bytes]","args":[{"selector":{"id":"confirmationButton","viewName":"etm.portal.ui.managehandovers.view.DetailExecuteHO","properties":{"text":"Issue"},"interaction":{"idSuffix":"BDI-content"}},"wdio_ui5_key":"confirmationButtonetmportal.ui.managehandovers.view.DetailExecuteHO{\"text\":\"Issue\"}"}]}
RESULT: {"script":"<script> [1562 bytes]","args":[{"selector":{"id":"confirmationButton","viewName":"etm.portal.ui.managehandovers.view.DetailExecuteHO","properties":{"text":"Issue"},"interaction":{"idSuffix":"BDI-content"}},"wdio_ui5_key":"confirmationButtonetmportal.ui.managehandovers.view.DetailExecuteHO{\"text\":\"Issue\"}"}]}
RESULT: undefined
RESULT: undefined
COMMAND: POST /session/b0ee303caf718db626ad6d5c1d399bab/actions - {"actions":[{"id":"action36","type":"key","parameters":{},"actions":[{"type":"keyDown","value":"î€‡"},{"type":"pause","duration":10},{"type":"keyUp","value":"î€‡"}]}]}
RESULT: {"actions":[{"id":"action36","type":"key","parameters":{},"actions":[{"type":"keyDown","value":"î€‡"},{"type":"pause","duration":10},{"type":"keyUp","value":"î€‡"}]}]}
COMMAND: GET /session/b0ee303caf718db626ad6d5c1d399bab/screenshot - {}
RESULT: {}
RESULT: undefined
COMMAND: POST /session/b0ee303caf718db626ad6d5c1d399bab/execute/async - {"script":"<script> [1562 bytes]","args":[{"selector":{"id":"instructionsTabFilter","viewName":"etm.portal.ui.managehandovers.view.DetailExecuteHO","interaction":{"idSuffix":"text"}},"wdio_ui5_key":"instructionsTabFilteretmportal.ui.managehandovers.view.DetailExecuteHO"}]}
RESULT: {"script":"<script> [1562 bytes]","args":[{"selector":{"id":"instructionsTabFilter","viewName":"etm.portal.ui.managehandovers.view.DetailExecuteHO","interaction":{"idSuffix":"text"}},"wdio_ui5_key":"instructionsTabFilteretmportal.ui.managehandovers.view.DetailExecuteHO"}]}
RESULT: undefined
RESULT: undefined
COMMAND: POST /session/b0ee303caf718db626ad6d5c1d399bab/execute/async - {"script":"<script> [1562 bytes]","args":[{"selector":{"controlType":"sap.m.ComboBox","viewName":"etm.portal.ui.managehandovers.view.DetailExecuteHO","bindingPath":{"propertyPath":"RECEIVING_SECTION","modelName":"catalogModel"},"interaction":{"idSuffix":"inner"}},"wdio_ui5_key":"etmportal.ui.managehandovers.view.DetailExecuteHOsap.m.ComboBox{\"propertyPath\":\"RECEIVING_SECTION\",\"modelName\":\"catalogModel\"}"}]}
RESULT: {"script":"<script> [1562 bytes]","args":[{"selector":{"controlType":"sap.m.ComboBox","viewName":"etm.portal.ui.managehandovers.view.DetailExecuteHO","bindingPath":{"propertyPath":"RECEIVING_SECTION","modelName":"catalogModel"},"interaction":{"idSuffix":"inner"}},"wdio_ui5_key":"etmportal.ui.managehandovers.view.DetailExecuteHOsap.m.ComboBox{\"propertyPath\":\"RECEIVING_SECTION\",\"modelName\":\"catalogModel\"}"}]}
RESULT: undefined
COMMAND: POST /session/b0ee303caf718db626ad6d5c1d399bab/actions - {"actions":[{"id":"action37","type":"key","parameters":{},"actions":[{"type":"keyDown","value":"î€‡"},{"type":"pause","duration":10},{"type":"keyUp","value":"î€‡"}]}]}
RESULT: {"actions":[{"id":"action37","type":"key","parameters":{},"actions":[{"type":"keyDown","value":"î€‡"},{"type":"pause","duration":10},{"type":"keyUp","value":"î€‡"}]}]}
COMMAND: GET /session/b0ee303caf718db626ad6d5c1d399bab/screenshot - {}
RESULT: {}
COMMAND: POST /session/b0ee303caf718db626ad6d5c1d399bab/execute/async - {"script":"<script> [1562 bytes]","args":[{"selector":{"id":"confirmationButton","viewName":"etm.portal.ui.managehandovers.view.DetailExecuteHO","properties":{"text":"Receive"},"interaction":{"idSuffix":"BDI-content"}},"wdio_ui5_key":"confirmationButtonetmportal.ui.managehandovers.view.DetailExecuteHO{\"text\":\"Receive\"}"}]}
RESULT: {"script":"<script> [1562 bytes]","args":[{"selector":{"id":"confirmationButton","viewName":"etm.portal.ui.managehandovers.view.DetailExecuteHO","properties":{"text":"Receive"},"interaction":{"idSuffix":"BDI-content"}},"wdio_ui5_key":"confirmationButtonetmportal.ui.managehandovers.view.DetailExecuteHO{\"text\":\"Receive\"}"}]}
RESULT: undefined
COMMAND: POST /session/b0ee303caf718db626ad6d5c1d399bab/execute/async - {"script":"<script> [1562 bytes]","args":[{"selector":{"controlType":"sap.m.Button","properties":{"text":"Continue"},"searchOpenDialogs":true,"interaction":{"idSuffix":"content"}},"wdio_ui5_key":"sapm.Button{\"text\":\"Continue\"}"}]}
RESULT: {"script":"<script> [1562 bytes]","args":[{"selector":{"controlType":"sap.m.Button","properties":{"text":"Continue"},"searchOpenDialogs":true,"interaction":{"idSuffix":"content"}},"wdio_ui5_key":"sapm.Button{\"text\":\"Continue\"}"}]}
RESULT: undefined
]]></system-out>
    </testcase>
    <testcase classname="chrome.135_0_7049_96.windows.Provide_to_Site_w/o_warehouse_management_w_clarification" name="Should test for Clarification" time="27.027">
      <system-out><![CDATA[
RESULT: undefined
RESULT: undefined
COMMAND: POST /session/b0ee303caf718db626ad6d5c1d399bab/actions - {"actions":[{"id":"action38","type":"key","parameters":{},"actions":[{"type":"keyDown","value":"î€‡"},{"type":"pause","duration":10},{"type":"keyUp","value":"î€‡"}]}]}
RESULT: {"actions":[{"id":"action38","type":"key","parameters":{},"actions":[{"type":"keyDown","value":"î€‡"},{"type":"pause","duration":10},{"type":"keyUp","value":"î€‡"}]}]}
COMMAND: GET /session/b0ee303caf718db626ad6d5c1d399bab/screenshot - {}
RESULT: {}
RESULT: undefined
RESULT: undefined
RESULT: undefined
COMMAND: POST /session/b0ee303caf718db626ad6d5c1d399bab/execute/async - {"script":"<script> [1562 bytes]","args":[{"selector":{"controlType":"sap.m.ToggleButton","viewName":"etm.portal.ui.managehandovers.view.DetailExecuteHO","i18NText":{"propertyName":"text","key":"refuse"},"interaction":{"idSuffix":"BDI-content"}},"wdio_ui5_key":"etmportal.ui.managehandovers.view.DetailExecuteHOsap.m.ToggleButton{\"propertyName\":\"text\",\"key\":\"refuse\"}"}]}
RESULT: {"script":"<script> [1562 bytes]","args":[{"selector":{"controlType":"sap.m.ToggleButton","viewName":"etm.portal.ui.managehandovers.view.DetailExecuteHO","i18NText":{"propertyName":"text","key":"refuse"},"interaction":{"idSuffix":"BDI-content"}},"wdio_ui5_key":"etmportal.ui.managehandovers.view.DetailExecuteHOsap.m.ToggleButton{\"propertyName\":\"text\",\"key\":\"refuse\"}"}]}
RESULT: undefined
COMMAND: POST /session/b0ee303caf718db626ad6d5c1d399bab/execute/async - {"script":"<script> [1562 bytes]","args":[{"selector":{"id":"confirmationButton","viewName":"etm.portal.ui.managehandovers.view.DetailExecuteHO","interaction":{"idSuffix":"BDI-content"},"properties":{"text":"Receive / Refuse"}},"wdio_ui5_key":"confirmationButtonetmportal.ui.managehandovers.view.DetailExecuteHO{\"text\":\"Receive / Refuse\"}"}]}
RESULT: {"script":"<script> [1562 bytes]","args":[{"selector":{"id":"confirmationButton","viewName":"etm.portal.ui.managehandovers.view.DetailExecuteHO","interaction":{"idSuffix":"BDI-content"},"properties":{"text":"Receive / Refuse"}},"wdio_ui5_key":"confirmationButtonetmportal.ui.managehandovers.view.DetailExecuteHO{\"text\":\"Receive / Refuse\"}"}]}
RESULT: undefined
COMMAND: POST /session/b0ee303caf718db626ad6d5c1d399bab/element - {"using":"css selector","value":"#j_username"}
COMMAND: POST /session/b0ee303caf718db626ad6d5c1d399bab/url - {"url":"https://qa-testing-00-live-etm-ui.cfapps.eu10-004.hana.ondemand.com/"}
COMMAND: GET /session/b0ee303caf718db626ad6d5c1d399bab/screenshot - {}
RESULT: {"using":"css selector","value":"#j_username"}
COMMAND: POST /session/b0ee303caf718db626ad6d5c1d399bab/element - {"using":"css selector","value":"#j_username"}
RESULT: {"url":"https://qa-testing-00-live-etm-ui.cfapps.eu10-004.hana.ondemand.com/"}
RESULT: undefined
COMMAND: GET /session/b0ee303caf718db626ad6d5c1d399bab/screenshot - {}
RESULT: {}
RESULT: {"using":"css selector","value":"#j_username"}
COMMAND: POST /session/b0ee303caf718db626ad6d5c1d399bab/element - {"using":"css selector","value":"#shell-header-logo"}
RESULT: {}
RESULT: {"using":"css selector","value":"#shell-header-logo"}
COMMAND: POST /session/b0ee303caf718db626ad6d5c1d399bab/execute/sync - {"script":"<script> [8489 bytes]","args":[{"element-6066-11e4-a52e-4f735466cecf":"f.E5342C77FF52C8F876B09F590AF6AC48.d.AC3EDDEA7CCEF5797423DEE4C669B0BE.e.8694","ELEMENT":"f.E5342C77FF52C8F876B09F590AF6AC48.d.AC3EDDEA7CCEF5797423DEE4C669B0BE.e.8694"}]}
RESULT: {"script":"<script> [8489 bytes]","args":[{"element-6066-11e4-a52e-4f735466cecf":"f.E5342C77FF52C8F876B09F590AF6AC48.d.AC3EDDEA7CCEF5797423DEE4C669B0BE.e.8694","ELEMENT":"f.E5342C77FF52C8F876B09F590AF6AC48.d.AC3EDDEA7CCEF5797423DEE4C669B0BE.e.8694"}]}
COMMAND: POST /session/b0ee303caf718db626ad6d5c1d399bab/element - {"using":"css selector","value":"#shell-header-logo"}
COMMAND: GET /session/b0ee303caf718db626ad6d5c1d399bab/screenshot - {}
RESULT: {"using":"css selector","value":"#shell-header-logo"}
COMMAND: POST /session/b0ee303caf718db626ad6d5c1d399bab/execute/sync - {"script":"<script> [8489 bytes]","args":[{"element-6066-11e4-a52e-4f735466cecf":"f.E5342C77FF52C8F876B09F590AF6AC48.d.AC3EDDEA7CCEF5797423DEE4C669B0BE.e.8694","ELEMENT":"f.E5342C77FF52C8F876B09F590AF6AC48.d.AC3EDDEA7CCEF5797423DEE4C669B0BE.e.8694"}]}
RESULT: {}
RESULT: {"script":"<script> [8489 bytes]","args":[{"element-6066-11e4-a52e-4f735466cecf":"f.E5342C77FF52C8F876B09F590AF6AC48.d.AC3EDDEA7CCEF5797423DEE4C669B0BE.e.8694","ELEMENT":"f.E5342C77FF52C8F876B09F590AF6AC48.d.AC3EDDEA7CCEF5797423DEE4C669B0BE.e.8694"}]}
COMMAND: POST /session/b0ee303caf718db626ad6d5c1d399bab/execute/sync - {"script":"<script> [5351 bytes]","args":[{"element-6066-11e4-a52e-4f735466cecf":"f.E5342C77FF52C8F876B09F590AF6AC48.d.AC3EDDEA7CCEF5797423DEE4C669B0BE.e.8694","ELEMENT":"f.E5342C77FF52C8F876B09F590AF6AC48.d.AC3EDDEA7CCEF5797423DEE4C669B0BE.e.8694"}]}
COMMAND: GET /session/b0ee303caf718db626ad6d5c1d399bab/screenshot - {}
RESULT: {"script":"<script> [5351 bytes]","args":[{"element-6066-11e4-a52e-4f735466cecf":"f.E5342C77FF52C8F876B09F590AF6AC48.d.AC3EDDEA7CCEF5797423DEE4C669B0BE.e.8694","ELEMENT":"f.E5342C77FF52C8F876B09F590AF6AC48.d.AC3EDDEA7CCEF5797423DEE4C669B0BE.e.8694"}]}
COMMAND: POST /session/b0ee303caf718db626ad6d5c1d399bab/element - {"using":"css selector","value":"#shell-header-logo"}
COMMAND: GET /session/b0ee303caf718db626ad6d5c1d399bab/screenshot - {}
RESULT: {}
RESULT: {"using":"css selector","value":"#shell-header-logo"}
COMMAND: POST /session/b0ee303caf718db626ad6d5c1d399bab/element/f.E5342C77FF52C8F876B09F590AF6AC48.d.AC3EDDEA7CCEF5797423DEE4C669B0BE.e.8694/click - {}
RESULT: {}
RESULT: {}
COMMAND: GET /session/b0ee303caf718db626ad6d5c1d399bab/screenshot - {}
RESULT: {}
COMMAND: POST /session/b0ee303caf718db626ad6d5c1d399bab/execute/async - {"script":"<script> [189 bytes]","args":[]}
RESULT: {"script":"<script> [189 bytes]","args":[]}
COMMAND: POST /session/b0ee303caf718db626ad6d5c1d399bab/execute/async - {"script":"<script> [123 bytes]","args":[]}
RESULT: {"script":"<script> [123 bytes]","args":[]}
COMMAND: POST /session/b0ee303caf718db626ad6d5c1d399bab/timeouts - {"script":"<number>"}
RESULT: {"script":"<number>"}
COMMAND: GET /session/b0ee303caf718db626ad6d5c1d399bab/timeouts - {}
RESULT: {}
RESULT: undefined
COMMAND: POST /session/b0ee303caf718db626ad6d5c1d399bab/execute/async - {"script":"<script> [2676 bytes]","args":[]}
RESULT: {"script":"<script> [2676 bytes]","args":[]}
COMMAND: POST /session/b0ee303caf718db626ad6d5c1d399bab/execute/async - {"script":"<script> [2342 bytes]","args":[{"protocol":"http","hostname":"0.0.0.0","path":"/","capabilities":{"browserName":"chrome","goog:chromeOptions":{"binary":"C:\\Program Files\\Google\\Chrome\\Application\\chrome.exe","args":["--start-maximized"]}},"logLevel":"warn","connectionRetryTimeout":120000,"connectionRetryCount":3,"logLevels":{},"enableDirectConnect":true,"strictSSL":true,"_":"65 more keys: [\"cacheDir\",\"port\",\"requestedCapabilities\",\"automationProtocol\",\"baseUrl\",\"waitforInterval\",\"waitforTimeout\",\"onReload\",\"beforeCommand\",\"afterCommand\",\"rootDir\",\"specs\",\"suites\",\"exclude\",\"groupLogsByTestSpec\",\"excludeDriverLogs\",\"bail\",\"framework\",\"reporters\",\"services\",\"maxInstances\",\"maxInstancesPerCapability\",\"injectGlobals\",\"filesToWatch\",\"execArgv\",\"runnerEnv\",\"runner\",\"shard\",\"specFileRetries\",\"specFileRetriesDelay\",\"specFileRetriesDeferred\",\"reporterSyncInterval\",\"reporterSyncTimeout\",\"cucumberFeaturesWithLineNumbers\",\"autoCompileOpts\",\"mochaOpts\",\"jasmineOpts\",\"cucumberOpts\",\"onPrepare\",\"onWorkerStart\",\"onWorkerEnd\",\"before\",\"beforeSession\",\"beforeSuite\",\"beforeHook\",\"beforeTest\",\"afterTest\",\"afterHook\",\"afterSuite\",\"afterSession\",\"after\",\"onComplete\",\"beforeAssertion\",\"afterAssertion\",\"beforeFeature\",\"beforeScenario\",\"beforeStep\",\"afterStep\",\"afterScenario\",\"afterFeature\",\"_\",\"suite\",\"$0\",\"ignoredWorkerServices\",\"wdi5\"]"}]}
RESULT: {"script":"<script> [2342 bytes]","args":[{"protocol":"http","hostname":"0.0.0.0","path":"/","capabilities":{"browserName":"chrome","goog:chromeOptions":{"binary":"C:\\Program Files\\Google\\Chrome\\Application\\chrome.exe","args":["--start-maximized"]}},"logLevel":"warn","connectionRetryTimeout":120000,"connectionRetryCount":3,"logLevels":{},"enableDirectConnect":true,"strictSSL":true,"_":"65 more keys: [\"cacheDir\",\"port\",\"requestedCapabilities\",\"automationProtocol\",\"baseUrl\",\"waitforInterval\",\"waitforTimeout\",\"onReload\",\"beforeCommand\",\"afterCommand\",\"rootDir\",\"specs\",\"suites\",\"exclude\",\"groupLogsByTestSpec\",\"excludeDriverLogs\",\"bail\",\"framework\",\"reporters\",\"services\",\"maxInstances\",\"maxInstancesPerCapability\",\"injectGlobals\",\"filesToWatch\",\"execArgv\",\"runnerEnv\",\"runner\",\"shard\",\"specFileRetries\",\"specFileRetriesDelay\",\"specFileRetriesDeferred\",\"reporterSyncInterval\",\"reporterSyncTimeout\",\"cucumberFeaturesWithLineNumbers\",\"autoCompileOpts\",\"mochaOpts\",\"jasmineOpts\",\"cucumberOpts\",\"onPrepare\",\"onWorkerStart\",\"onWorkerEnd\",\"before\",\"beforeSession\",\"beforeSuite\",\"beforeHook\",\"beforeTest\",\"afterTest\",\"afterHook\",\"afterSuite\",\"afterSession\",\"after\",\"onComplete\",\"beforeAssertion\",\"afterAssertion\",\"beforeFeature\",\"beforeScenario\",\"beforeStep\",\"afterStep\",\"afterScenario\",\"afterFeature\",\"_\",\"suite\",\"$0\",\"ignoredWorkerServices\",\"wdi5\"]"}]}
COMMAND: POST /session/b0ee303caf718db626ad6d5c1d399bab/execute/async - {"script":"<script> [21126 bytes]","args":[35000]}
RESULT: {"script":"<script> [21126 bytes]","args":[35000]}
COMMAND: POST /session/b0ee303caf718db626ad6d5c1d399bab/window/maximize - {}
RESULT: {}
COMMAND: POST /session/b0ee303caf718db626ad6d5c1d399bab/execute/async - {"script":"<script> [1562 bytes]","args":[{"selector":{"id":"shell-header","interaction":{"idSuffix":"icon"}},"wdio_ui5_key":"shellheader"}]}
COMMAND: GET /session/b0ee303caf718db626ad6d5c1d399bab/screenshot - {}
RESULT: {"script":"<script> [1562 bytes]","args":[{"selector":{"id":"shell-header","interaction":{"idSuffix":"icon"}},"wdio_ui5_key":"shellheader"}]}
RESULT: undefined
]]></system-out>
    </testcase>
  </testsuite>
  <testsuite timestamp="2025-04-28T07:04:07" time="295.571" tests="4" failures="4" errors="4" skipped="0">
    <properties>
      <property name="specId" value="0" />
      <property name="suiteName" value="Provide to Site w/o warehouse management w/o clarification US116612" />
      <property name="capabilities" value="chrome.135_0_7049_96.windows" />
      <property name="file" value="file:///D:/a/1/s/test/specs/HTR/provide-to-site-wo-warehouse-wo-clarification.spec.js" />
    </properties>
  </testsuite>
  <testsuite timestamp="2025-04-28T07:09:03" time="426.398" tests="5" failures="4" errors="4" skipped="0">
    <properties>
      <property name="specId" value="0" />
      <property name="suiteName" value="Provide to Site w/o warehouse management wo clarification" />
      <property name="capabilities" value="chrome.135_0_7049_96.windows" />
      <property name="file" value="file:///D:/a/1/s/test/specs/HTR/provide-to-site-wo-warehouse-wo-clarification.spec.js" />
    </properties>
    <testcase classname="chrome.135_0_7049_96.windows.Provide_to_Site_w/o_warehouse_management_wo_clarification" name="Should Test for Handover Execution" time="166.714">
      <system-out><![CDATA[
COMMAND: POST /session/b0ee303caf718db626ad6d5c1d399bab/element - {"using":"xpath","value":"//*[text()='false']"}
COMMAND: GET /session/b0ee303caf718db626ad6d5c1d399bab/screenshot - {}
RESULT: {"using":"xpath","value":"//*[text()='false']"}
COMMAND: POST /session/b0ee303caf718db626ad6d5c1d399bab/elements - {"using":"xpath","value":"//*[text()='false']"}
RESULT: {}
RESULT: {"using":"xpath","value":"//*[text()='false']"}
COMMAND: POST /session/b0ee303caf718db626ad6d5c1d399bab/elements - {"using":"xpath","value":"//*[text()='false']"}
RESULT: {"using":"xpath","value":"//*[text()='false']"}
COMMAND: POST /session/b0ee303caf718db626ad6d5c1d399bab/elements - {"using":"xpath","value":"//*[text()='false']"}
RESULT: {"using":"xpath","value":"//*[text()='false']"}
COMMAND: POST /session/b0ee303caf718db626ad6d5c1d399bab/elements - {"using":"xpath","value":"//*[text()='false']"}
RESULT: {"using":"xpath","value":"//*[text()='false']"}
COMMAND: POST /session/b0ee303caf718db626ad6d5c1d399bab/elements - {"using":"xpath","value":"//*[text()='false']"}
RESULT: {"using":"xpath","value":"//*[text()='false']"}
COMMAND: POST /session/b0ee303caf718db626ad6d5c1d399bab/elements - {"using":"xpath","value":"//*[text()='false']"}
RESULT: {"using":"xpath","value":"//*[text()='false']"}
COMMAND: POST /session/b0ee303caf718db626ad6d5c1d399bab/elements - {"using":"xpath","value":"//*[text()='false']"}
RESULT: {"using":"xpath","value":"//*[text()='false']"}
COMMAND: POST /session/b0ee303caf718db626ad6d5c1d399bab/elements - {"using":"xpath","value":"//*[text()='false']"}
RESULT: {"using":"xpath","value":"//*[text()='false']"}
COMMAND: POST /session/b0ee303caf718db626ad6d5c1d399bab/elements - {"using":"xpath","value":"//*[text()='false']"}
RESULT: {"using":"xpath","value":"//*[text()='false']"}
COMMAND: POST /session/b0ee303caf718db626ad6d5c1d399bab/elements - {"using":"xpath","value":"//*[text()='false']"}
RESULT: {"using":"xpath","value":"//*[text()='false']"}
COMMAND: POST /session/b0ee303caf718db626ad6d5c1d399bab/elements - {"using":"xpath","value":"//*[text()='false']"}
RESULT: {"using":"xpath","value":"//*[text()='false']"}
COMMAND: POST /session/b0ee303caf718db626ad6d5c1d399bab/elements - {"using":"xpath","value":"//*[text()='false']"}
RESULT: {"using":"xpath","value":"//*[text()='false']"}
COMMAND: POST /session/b0ee303caf718db626ad6d5c1d399bab/elements - {"using":"xpath","value":"//*[text()='false']"}
RESULT: {"using":"xpath","value":"//*[text()='false']"}
COMMAND: POST /session/b0ee303caf718db626ad6d5c1d399bab/elements - {"using":"xpath","value":"//*[text()='false']"}
RESULT: {"using":"xpath","value":"//*[text()='false']"}
COMMAND: POST /session/b0ee303caf718db626ad6d5c1d399bab/elements - {"using":"xpath","value":"//*[text()='false']"}
RESULT: {"using":"xpath","value":"//*[text()='false']"}
COMMAND: POST /session/b0ee303caf718db626ad6d5c1d399bab/elements - {"using":"xpath","value":"//*[text()='false']"}
RESULT: {"using":"xpath","value":"//*[text()='false']"}
COMMAND: POST /session/b0ee303caf718db626ad6d5c1d399bab/elements - {"using":"xpath","value":"//*[text()='false']"}
RESULT: {"using":"xpath","value":"//*[text()='false']"}
COMMAND: POST /session/b0ee303caf718db626ad6d5c1d399bab/elements - {"using":"xpath","value":"//*[text()='false']"}
RESULT: {"using":"xpath","value":"//*[text()='false']"}
COMMAND: POST /session/b0ee303caf718db626ad6d5c1d399bab/elements - {"using":"xpath","value":"//*[text()='false']"}
RESULT: {"using":"xpath","value":"//*[text()='false']"}
COMMAND: POST /session/b0ee303caf718db626ad6d5c1d399bab/elements - {"using":"xpath","value":"//*[text()='false']"}
RESULT: {"using":"xpath","value":"//*[text()='false']"}
COMMAND: POST /session/b0ee303caf718db626ad6d5c1d399bab/elements - {"using":"xpath","value":"//*[text()='false']"}
RESULT: {"using":"xpath","value":"//*[text()='false']"}
COMMAND: POST /session/b0ee303caf718db626ad6d5c1d399bab/elements - {"using":"xpath","value":"//*[text()='false']"}
RESULT: {"using":"xpath","value":"//*[text()='false']"}
COMMAND: POST /session/b0ee303caf718db626ad6d5c1d399bab/elements - {"using":"xpath","value":"//*[text()='false']"}
RESULT: {"using":"xpath","value":"//*[text()='false']"}
COMMAND: POST /session/b0ee303caf718db626ad6d5c1d399bab/elements - {"using":"xpath","value":"//*[text()='false']"}
RESULT: {"using":"xpath","value":"//*[text()='false']"}
COMMAND: POST /session/b0ee303caf718db626ad6d5c1d399bab/elements - {"using":"xpath","value":"//*[text()='false']"}
RESULT: {"using":"xpath","value":"//*[text()='false']"}
COMMAND: POST /session/b0ee303caf718db626ad6d5c1d399bab/elements - {"using":"xpath","value":"//*[text()='false']"}
RESULT: {"using":"xpath","value":"//*[text()='false']"}
COMMAND: POST /session/b0ee303caf718db626ad6d5c1d399bab/elements - {"using":"xpath","value":"//*[text()='false']"}
RESULT: {"using":"xpath","value":"//*[text()='false']"}
COMMAND: POST /session/b0ee303caf718db626ad6d5c1d399bab/elements - {"using":"xpath","value":"//*[text()='false']"}
RESULT: {"using":"xpath","value":"//*[text()='false']"}
COMMAND: POST /session/b0ee303caf718db626ad6d5c1d399bab/elements - {"using":"xpath","value":"//*[text()='false']"}
RESULT: {"using":"xpath","value":"//*[text()='false']"}
COMMAND: POST /session/b0ee303caf718db626ad6d5c1d399bab/elements - {"using":"xpath","value":"//*[text()='false']"}
RESULT: {"using":"xpath","value":"//*[text()='false']"}
COMMAND: POST /session/b0ee303caf718db626ad6d5c1d399bab/elements - {"using":"xpath","value":"//*[text()='false']"}
RESULT: {"using":"xpath","value":"//*[text()='false']"}
COMMAND: POST /session/b0ee303caf718db626ad6d5c1d399bab/elements - {"using":"xpath","value":"//*[text()='false']"}
RESULT: {"using":"xpath","value":"//*[text()='false']"}
COMMAND: POST /session/b0ee303caf718db626ad6d5c1d399bab/elements - {"using":"xpath","value":"//*[text()='false']"}
RESULT: {"using":"xpath","value":"//*[text()='false']"}
COMMAND: POST /session/b0ee303caf718db626ad6d5c1d399bab/elements - {"using":"xpath","value":"//*[text()='false']"}
RESULT: {"using":"xpath","value":"//*[text()='false']"}
COMMAND: POST /session/b0ee303caf718db626ad6d5c1d399bab/elements - {"using":"xpath","value":"//*[text()='false']"}
RESULT: {"using":"xpath","value":"//*[text()='false']"}
COMMAND: POST /session/b0ee303caf718db626ad6d5c1d399bab/elements - {"using":"xpath","value":"//*[text()='false']"}
RESULT: {"using":"xpath","value":"//*[text()='false']"}
COMMAND: POST /session/b0ee303caf718db626ad6d5c1d399bab/elements - {"using":"xpath","value":"//*[text()='false']"}
RESULT: {"using":"xpath","value":"//*[text()='false']"}
COMMAND: POST /session/b0ee303caf718db626ad6d5c1d399bab/elements - {"using":"xpath","value":"//*[text()='false']"}
RESULT: {"using":"xpath","value":"//*[text()='false']"}
COMMAND: POST /session/b0ee303caf718db626ad6d5c1d399bab/elements - {"using":"xpath","value":"//*[text()='false']"}
RESULT: {"using":"xpath","value":"//*[text()='false']"}
COMMAND: POST /session/b0ee303caf718db626ad6d5c1d399bab/elements - {"using":"xpath","value":"//*[text()='false']"}
RESULT: {"using":"xpath","value":"//*[text()='false']"}
COMMAND: POST /session/b0ee303caf718db626ad6d5c1d399bab/elements - {"using":"xpath","value":"//*[text()='false']"}
RESULT: {"using":"xpath","value":"//*[text()='false']"}
COMMAND: POST /session/b0ee303caf718db626ad6d5c1d399bab/elements - {"using":"xpath","value":"//*[text()='false']"}
RESULT: {"using":"xpath","value":"//*[text()='false']"}
COMMAND: POST /session/b0ee303caf718db626ad6d5c1d399bab/elements - {"using":"xpath","value":"//*[text()='false']"}
RESULT: {"using":"xpath","value":"//*[text()='false']"}
COMMAND: POST /session/b0ee303caf718db626ad6d5c1d399bab/elements - {"using":"xpath","value":"//*[text()='false']"}
RESULT: {"using":"xpath","value":"//*[text()='false']"}
COMMAND: POST /session/b0ee303caf718db626ad6d5c1d399bab/elements - {"using":"xpath","value":"//*[text()='false']"}
RESULT: {"using":"xpath","value":"//*[text()='false']"}
COMMAND: POST /session/b0ee303caf718db626ad6d5c1d399bab/elements - {"using":"xpath","value":"//*[text()='false']"}
RESULT: {"using":"xpath","value":"//*[text()='false']"}
COMMAND: POST /session/b0ee303caf718db626ad6d5c1d399bab/elements - {"using":"xpath","value":"//*[text()='false']"}
RESULT: {"using":"xpath","value":"//*[text()='false']"}
COMMAND: POST /session/b0ee303caf718db626ad6d5c1d399bab/elements - {"using":"xpath","value":"//*[text()='false']"}
RESULT: {"using":"xpath","value":"//*[text()='false']"}
COMMAND: POST /session/b0ee303caf718db626ad6d5c1d399bab/elements - {"using":"xpath","value":"//*[text()='false']"}
RESULT: {"using":"xpath","value":"//*[text()='false']"}
COMMAND: POST /session/b0ee303caf718db626ad6d5c1d399bab/elements - {"using":"xpath","value":"//*[text()='false']"}
RESULT: {"using":"xpath","value":"//*[text()='false']"}
COMMAND: POST /session/b0ee303caf718db626ad6d5c1d399bab/elements - {"using":"xpath","value":"//*[text()='false']"}
RESULT: {"using":"xpath","value":"//*[text()='false']"}
COMMAND: POST /session/b0ee303caf718db626ad6d5c1d399bab/elements - {"using":"xpath","value":"//*[text()='false']"}
RESULT: {"using":"xpath","value":"//*[text()='false']"}
COMMAND: POST /session/b0ee303caf718db626ad6d5c1d399bab/elements - {"using":"xpath","value":"//*[text()='false']"}
RESULT: {"using":"xpath","value":"//*[text()='false']"}
COMMAND: POST /session/b0ee303caf718db626ad6d5c1d399bab/elements - {"using":"xpath","value":"//*[text()='false']"}
RESULT: {"using":"xpath","value":"//*[text()='false']"}
COMMAND: POST /session/b0ee303caf718db626ad6d5c1d399bab/elements - {"using":"xpath","value":"//*[text()='false']"}
RESULT: {"using":"xpath","value":"//*[text()='false']"}
COMMAND: POST /session/b0ee303caf718db626ad6d5c1d399bab/elements - {"using":"xpath","value":"//*[text()='false']"}
RESULT: {"using":"xpath","value":"//*[text()='false']"}
COMMAND: POST /session/b0ee303caf718db626ad6d5c1d399bab/elements - {"using":"xpath","value":"//*[text()='false']"}
RESULT: {"using":"xpath","value":"//*[text()='false']"}
COMMAND: POST /session/b0ee303caf718db626ad6d5c1d399bab/elements - {"using":"xpath","value":"//*[text()='false']"}
RESULT: {"using":"xpath","value":"//*[text()='false']"}
COMMAND: POST /session/b0ee303caf718db626ad6d5c1d399bab/elements - {"using":"xpath","value":"//*[text()='false']"}
RESULT: {"using":"xpath","value":"//*[text()='false']"}
COMMAND: POST /session/b0ee303caf718db626ad6d5c1d399bab/elements - {"using":"xpath","value":"//*[text()='false']"}
RESULT: {"using":"xpath","value":"//*[text()='false']"}
COMMAND: POST /session/b0ee303caf718db626ad6d5c1d399bab/elements - {"using":"xpath","value":"//*[text()='false']"}
RESULT: {"using":"xpath","value":"//*[text()='false']"}
COMMAND: POST /session/b0ee303caf718db626ad6d5c1d399bab/elements - {"using":"xpath","value":"//*[text()='false']"}
RESULT: {"using":"xpath","value":"//*[text()='false']"}
COMMAND: POST /session/b0ee303caf718db626ad6d5c1d399bab/elements - {"using":"xpath","value":"//*[text()='false']"}
RESULT: {"using":"xpath","value":"//*[text()='false']"}
COMMAND: POST /session/b0ee303caf718db626ad6d5c1d399bab/elements - {"using":"xpath","value":"//*[text()='false']"}
RESULT: {"using":"xpath","value":"//*[text()='false']"}
COMMAND: POST /session/b0ee303caf718db626ad6d5c1d399bab/elements - {"using":"xpath","value":"//*[text()='false']"}
RESULT: {"using":"xpath","value":"//*[text()='false']"}
COMMAND: POST /session/b0ee303caf718db626ad6d5c1d399bab/elements - {"using":"xpath","value":"//*[text()='false']"}
RESULT: {"using":"xpath","value":"//*[text()='false']"}
COMMAND: POST /session/b0ee303caf718db626ad6d5c1d399bab/elements - {"using":"xpath","value":"//*[text()='false']"}
RESULT: {"using":"xpath","value":"//*[text()='false']"}
COMMAND: POST /session/b0ee303caf718db626ad6d5c1d399bab/elements - {"using":"xpath","value":"//*[text()='false']"}
RESULT: {"using":"xpath","value":"//*[text()='false']"}
COMMAND: POST /session/b0ee303caf718db626ad6d5c1d399bab/elements - {"using":"xpath","value":"//*[text()='false']"}
RESULT: {"using":"xpath","value":"//*[text()='false']"}
COMMAND: POST /session/b0ee303caf718db626ad6d5c1d399bab/elements - {"using":"xpath","value":"//*[text()='false']"}
RESULT: {"using":"xpath","value":"//*[text()='false']"}
COMMAND: POST /session/b0ee303caf718db626ad6d5c1d399bab/elements - {"using":"xpath","value":"//*[text()='false']"}
RESULT: {"using":"xpath","value":"//*[text()='false']"}
COMMAND: POST /session/b0ee303caf718db626ad6d5c1d399bab/elements - {"using":"xpath","value":"//*[text()='false']"}
RESULT: {"using":"xpath","value":"//*[text()='false']"}
COMMAND: POST /session/b0ee303caf718db626ad6d5c1d399bab/elements - {"using":"xpath","value":"//*[text()='false']"}
RESULT: {"using":"xpath","value":"//*[text()='false']"}
COMMAND: POST /session/b0ee303caf718db626ad6d5c1d399bab/elements - {"using":"xpath","value":"//*[text()='false']"}
RESULT: {"using":"xpath","value":"//*[text()='false']"}
COMMAND: POST /session/b0ee303caf718db626ad6d5c1d399bab/elements - {"using":"xpath","value":"//*[text()='false']"}
RESULT: {"using":"xpath","value":"//*[text()='false']"}
COMMAND: POST /session/b0ee303caf718db626ad6d5c1d399bab/elements - {"using":"xpath","value":"//*[text()='false']"}
RESULT: {"using":"xpath","value":"//*[text()='false']"}
COMMAND: POST /session/b0ee303caf718db626ad6d5c1d399bab/elements - {"using":"xpath","value":"//*[text()='false']"}
RESULT: {"using":"xpath","value":"//*[text()='false']"}
COMMAND: POST /session/b0ee303caf718db626ad6d5c1d399bab/elements - {"using":"xpath","value":"//*[text()='false']"}
RESULT: {"using":"xpath","value":"//*[text()='false']"}
COMMAND: POST /session/b0ee303caf718db626ad6d5c1d399bab/elements - {"using":"xpath","value":"//*[text()='false']"}
RESULT: {"using":"xpath","value":"//*[text()='false']"}
COMMAND: POST /session/b0ee303caf718db626ad6d5c1d399bab/elements - {"using":"xpath","value":"//*[text()='false']"}
RESULT: {"using":"xpath","value":"//*[text()='false']"}
COMMAND: POST /session/b0ee303caf718db626ad6d5c1d399bab/elements - {"using":"xpath","value":"//*[text()='false']"}
RESULT: {"using":"xpath","value":"//*[text()='false']"}
COMMAND: POST /session/b0ee303caf718db626ad6d5c1d399bab/elements - {"using":"xpath","value":"//*[text()='false']"}
RESULT: {"using":"xpath","value":"//*[text()='false']"}
COMMAND: POST /session/b0ee303caf718db626ad6d5c1d399bab/elements - {"using":"xpath","value":"//*[text()='false']"}
RESULT: {"using":"xpath","value":"//*[text()='false']"}
COMMAND: POST /session/b0ee303caf718db626ad6d5c1d399bab/elements - {"using":"xpath","value":"//*[text()='false']"}
RESULT: {"using":"xpath","value":"//*[text()='false']"}
COMMAND: POST /session/b0ee303caf718db626ad6d5c1d399bab/elements - {"using":"xpath","value":"//*[text()='false']"}
RESULT: {"using":"xpath","value":"//*[text()='false']"}
COMMAND: POST /session/b0ee303caf718db626ad6d5c1d399bab/elements - {"using":"xpath","value":"//*[text()='false']"}
RESULT: {"using":"xpath","value":"//*[text()='false']"}
COMMAND: POST /session/b0ee303caf718db626ad6d5c1d399bab/elements - {"using":"xpath","value":"//*[text()='false']"}
RESULT: {"using":"xpath","value":"//*[text()='false']"}
COMMAND: POST /session/b0ee303caf718db626ad6d5c1d399bab/elements - {"using":"xpath","value":"//*[text()='false']"}
RESULT: {"using":"xpath","value":"//*[text()='false']"}
COMMAND: POST /session/b0ee303caf718db626ad6d5c1d399bab/elements - {"using":"xpath","value":"//*[text()='false']"}
RESULT: {"using":"xpath","value":"//*[text()='false']"}
COMMAND: POST /session/b0ee303caf718db626ad6d5c1d399bab/elements - {"using":"xpath","value":"//*[text()='false']"}
RESULT: {"using":"xpath","value":"//*[text()='false']"}
COMMAND: POST /session/b0ee303caf718db626ad6d5c1d399bab/elements - {"using":"xpath","value":"//*[text()='false']"}
COMMAND: POST /session/b0ee303caf718db626ad6d5c1d399bab/element - {"using":"xpath","value":"//span[text()='Provide to site - Completed']"}
RESULT: {"using":"xpath","value":"//*[text()='false']"}
RESULT: {"using":"xpath","value":"//span[text()='Provide to site - Completed']"}
COMMAND: POST /session/b0ee303caf718db626ad6d5c1d399bab/elements - {"using":"xpath","value":"//span[text()='Provide to site - Completed']"}
RESULT: {"using":"xpath","value":"//span[text()='Provide to site - Completed']"}
COMMAND: POST /session/b0ee303caf718db626ad6d5c1d399bab/elements - {"using":"xpath","value":"//span[text()='Provide to site - Completed']"}
RESULT: {"using":"xpath","value":"//span[text()='Provide to site - Completed']"}
COMMAND: POST /session/b0ee303caf718db626ad6d5c1d399bab/elements - {"using":"xpath","value":"//span[text()='Provide to site - Completed']"}
RESULT: {"using":"xpath","value":"//span[text()='Provide to site - Completed']"}
COMMAND: POST /session/b0ee303caf718db626ad6d5c1d399bab/elements - {"using":"xpath","value":"//span[text()='Provide to site - Completed']"}
RESULT: {"using":"xpath","value":"//span[text()='Provide to site - Completed']"}
COMMAND: POST /session/b0ee303caf718db626ad6d5c1d399bab/elements - {"using":"xpath","value":"//span[text()='Provide to site - Completed']"}
RESULT: {"using":"xpath","value":"//span[text()='Provide to site - Completed']"}
COMMAND: POST /session/b0ee303caf718db626ad6d5c1d399bab/elements - {"using":"xpath","value":"//span[text()='Provide to site - Completed']"}
RESULT: {"using":"xpath","value":"//span[text()='Provide to site - Completed']"}
COMMAND: POST /session/b0ee303caf718db626ad6d5c1d399bab/elements - {"using":"xpath","value":"//span[text()='Provide to site - Completed']"}
RESULT: {"using":"xpath","value":"//span[text()='Provide to site - Completed']"}
COMMAND: POST /session/b0ee303caf718db626ad6d5c1d399bab/elements - {"using":"xpath","value":"//span[text()='Provide to site - Completed']"}
RESULT: {"using":"xpath","value":"//span[text()='Provide to site - Completed']"}
COMMAND: POST /session/b0ee303caf718db626ad6d5c1d399bab/elements - {"using":"xpath","value":"//span[text()='Provide to site - Completed']"}
RESULT: {"using":"xpath","value":"//span[text()='Provide to site - Completed']"}
COMMAND: POST /session/b0ee303caf718db626ad6d5c1d399bab/elements - {"using":"xpath","value":"//span[text()='Provide to site - Completed']"}
RESULT: {"using":"xpath","value":"//span[text()='Provide to site - Completed']"}
COMMAND: POST /session/b0ee303caf718db626ad6d5c1d399bab/elements - {"using":"xpath","value":"//span[text()='Provide to site - Completed']"}
RESULT: {"using":"xpath","value":"//span[text()='Provide to site - Completed']"}
COMMAND: POST /session/b0ee303caf718db626ad6d5c1d399bab/elements - {"using":"xpath","value":"//span[text()='Provide to site - Completed']"}
RESULT: {"using":"xpath","value":"//span[text()='Provide to site - Completed']"}
COMMAND: POST /session/b0ee303caf718db626ad6d5c1d399bab/elements - {"using":"xpath","value":"//span[text()='Provide to site - Completed']"}
RESULT: {"using":"xpath","value":"//span[text()='Provide to site - Completed']"}
COMMAND: POST /session/b0ee303caf718db626ad6d5c1d399bab/elements - {"using":"xpath","value":"//span[text()='Provide to site - Completed']"}
RESULT: {"using":"xpath","value":"//span[text()='Provide to site - Completed']"}
COMMAND: POST /session/b0ee303caf718db626ad6d5c1d399bab/elements - {"using":"xpath","value":"//span[text()='Provide to site - Completed']"}
RESULT: {"using":"xpath","value":"//span[text()='Provide to site - Completed']"}
COMMAND: POST /session/b0ee303caf718db626ad6d5c1d399bab/elements - {"using":"xpath","value":"//span[text()='Provide to site - Completed']"}
RESULT: {"using":"xpath","value":"//span[text()='Provide to site - Completed']"}
COMMAND: POST /session/b0ee303caf718db626ad6d5c1d399bab/elements - {"using":"xpath","value":"//span[text()='Provide to site - Completed']"}
RESULT: {"using":"xpath","value":"//span[text()='Provide to site - Completed']"}
COMMAND: POST /session/b0ee303caf718db626ad6d5c1d399bab/elements - {"using":"xpath","value":"//span[text()='Provide to site - Completed']"}
RESULT: {"using":"xpath","value":"//span[text()='Provide to site - Completed']"}
COMMAND: POST /session/b0ee303caf718db626ad6d5c1d399bab/elements - {"using":"xpath","value":"//span[text()='Provide to site - Completed']"}
RESULT: {"using":"xpath","value":"//span[text()='Provide to site - Completed']"}
COMMAND: POST /session/b0ee303caf718db626ad6d5c1d399bab/elements - {"using":"xpath","value":"//span[text()='Provide to site - Completed']"}
RESULT: {"using":"xpath","value":"//span[text()='Provide to site - Completed']"}
COMMAND: POST /session/b0ee303caf718db626ad6d5c1d399bab/elements - {"using":"xpath","value":"//span[text()='Provide to site - Completed']"}
RESULT: {"using":"xpath","value":"//span[text()='Provide to site - Completed']"}
COMMAND: POST /session/b0ee303caf718db626ad6d5c1d399bab/elements - {"using":"xpath","value":"//span[text()='Provide to site - Completed']"}
RESULT: {"using":"xpath","value":"//span[text()='Provide to site - Completed']"}
COMMAND: POST /session/b0ee303caf718db626ad6d5c1d399bab/elements - {"using":"xpath","value":"//span[text()='Provide to site - Completed']"}
RESULT: {"using":"xpath","value":"//span[text()='Provide to site - Completed']"}
COMMAND: POST /session/b0ee303caf718db626ad6d5c1d399bab/elements - {"using":"xpath","value":"//span[text()='Provide to site - Completed']"}
RESULT: {"using":"xpath","value":"//span[text()='Provide to site - Completed']"}
COMMAND: POST /session/b0ee303caf718db626ad6d5c1d399bab/elements - {"using":"xpath","value":"//span[text()='Provide to site - Completed']"}
RESULT: {"using":"xpath","value":"//span[text()='Provide to site - Completed']"}
COMMAND: POST /session/b0ee303caf718db626ad6d5c1d399bab/elements - {"using":"xpath","value":"//span[text()='Provide to site - Completed']"}
RESULT: {"using":"xpath","value":"//span[text()='Provide to site - Completed']"}
COMMAND: POST /session/b0ee303caf718db626ad6d5c1d399bab/elements - {"using":"xpath","value":"//span[text()='Provide to site - Completed']"}
RESULT: {"using":"xpath","value":"//span[text()='Provide to site - Completed']"}
COMMAND: POST /session/b0ee303caf718db626ad6d5c1d399bab/elements - {"using":"xpath","value":"//span[text()='Provide to site - Completed']"}
RESULT: {"using":"xpath","value":"//span[text()='Provide to site - Completed']"}
COMMAND: POST /session/b0ee303caf718db626ad6d5c1d399bab/elements - {"using":"xpath","value":"//span[text()='Provide to site - Completed']"}
RESULT: {"using":"xpath","value":"//span[text()='Provide to site - Completed']"}
COMMAND: POST /session/b0ee303caf718db626ad6d5c1d399bab/elements - {"using":"xpath","value":"//span[text()='Provide to site - Completed']"}
RESULT: {"using":"xpath","value":"//span[text()='Provide to site - Completed']"}
COMMAND: POST /session/b0ee303caf718db626ad6d5c1d399bab/elements - {"using":"xpath","value":"//span[text()='Provide to site - Completed']"}
RESULT: {"using":"xpath","value":"//span[text()='Provide to site - Completed']"}
COMMAND: POST /session/b0ee303caf718db626ad6d5c1d399bab/elements - {"using":"xpath","value":"//span[text()='Provide to site - Completed']"}
RESULT: {"using":"xpath","value":"//span[text()='Provide to site - Completed']"}
COMMAND: POST /session/b0ee303caf718db626ad6d5c1d399bab/elements - {"using":"xpath","value":"//span[text()='Provide to site - Completed']"}
RESULT: {"using":"xpath","value":"//span[text()='Provide to site - Completed']"}
COMMAND: POST /session/b0ee303caf718db626ad6d5c1d399bab/elements - {"using":"xpath","value":"//span[text()='Provide to site - Completed']"}
RESULT: {"using":"xpath","value":"//span[text()='Provide to site - Completed']"}
COMMAND: POST /session/b0ee303caf718db626ad6d5c1d399bab/elements - {"using":"xpath","value":"//span[text()='Provide to site - Completed']"}
RESULT: {"using":"xpath","value":"//span[text()='Provide to site - Completed']"}
COMMAND: POST /session/b0ee303caf718db626ad6d5c1d399bab/elements - {"using":"xpath","value":"//span[text()='Provide to site - Completed']"}
RESULT: {"using":"xpath","value":"//span[text()='Provide to site - Completed']"}
COMMAND: POST /session/b0ee303caf718db626ad6d5c1d399bab/elements - {"using":"xpath","value":"//span[text()='Provide to site - Completed']"}
RESULT: {"using":"xpath","value":"//span[text()='Provide to site - Completed']"}
COMMAND: POST /session/b0ee303caf718db626ad6d5c1d399bab/elements - {"using":"xpath","value":"//span[text()='Provide to site - Completed']"}
RESULT: {"using":"xpath","value":"//span[text()='Provide to site - Completed']"}
COMMAND: POST /session/b0ee303caf718db626ad6d5c1d399bab/elements - {"using":"xpath","value":"//span[text()='Provide to site - Completed']"}
RESULT: {"using":"xpath","value":"//span[text()='Provide to site - Completed']"}
COMMAND: POST /session/b0ee303caf718db626ad6d5c1d399bab/elements - {"using":"xpath","value":"//span[text()='Provide to site - Completed']"}
RESULT: {"using":"xpath","value":"//span[text()='Provide to site - Completed']"}
COMMAND: POST /session/b0ee303caf718db626ad6d5c1d399bab/elements - {"using":"xpath","value":"//span[text()='Provide to site - Completed']"}
RESULT: {"using":"xpath","value":"//span[text()='Provide to site - Completed']"}
COMMAND: POST /session/b0ee303caf718db626ad6d5c1d399bab/elements - {"using":"xpath","value":"//span[text()='Provide to site - Completed']"}
RESULT: {"using":"xpath","value":"//span[text()='Provide to site - Completed']"}
COMMAND: POST /session/b0ee303caf718db626ad6d5c1d399bab/elements - {"using":"xpath","value":"//span[text()='Provide to site - Completed']"}
RESULT: {"using":"xpath","value":"//span[text()='Provide to site - Completed']"}
COMMAND: POST /session/b0ee303caf718db626ad6d5c1d399bab/elements - {"using":"xpath","value":"//span[text()='Provide to site - Completed']"}
RESULT: {"using":"xpath","value":"//span[text()='Provide to site - Completed']"}
COMMAND: POST /session/b0ee303caf718db626ad6d5c1d399bab/elements - {"using":"xpath","value":"//span[text()='Provide to site - Completed']"}
RESULT: {"using":"xpath","value":"//span[text()='Provide to site - Completed']"}
COMMAND: POST /session/b0ee303caf718db626ad6d5c1d399bab/elements - {"using":"xpath","value":"//span[text()='Provide to site - Completed']"}
RESULT: {"using":"xpath","value":"//span[text()='Provide to site - Completed']"}
COMMAND: POST /session/b0ee303caf718db626ad6d5c1d399bab/elements - {"using":"xpath","value":"//span[text()='Provide to site - Completed']"}
RESULT: {"using":"xpath","value":"//span[text()='Provide to site - Completed']"}
COMMAND: POST /session/b0ee303caf718db626ad6d5c1d399bab/elements - {"using":"xpath","value":"//span[text()='Provide to site - Completed']"}
RESULT: {"using":"xpath","value":"//span[text()='Provide to site - Completed']"}
COMMAND: POST /session/b0ee303caf718db626ad6d5c1d399bab/elements - {"using":"xpath","value":"//span[text()='Provide to site - Completed']"}
RESULT: {"using":"xpath","value":"//span[text()='Provide to site - Completed']"}
COMMAND: POST /session/b0ee303caf718db626ad6d5c1d399bab/elements - {"using":"xpath","value":"//span[text()='Provide to site - Completed']"}
RESULT: {"using":"xpath","value":"//span[text()='Provide to site - Completed']"}
COMMAND: POST /session/b0ee303caf718db626ad6d5c1d399bab/elements - {"using":"xpath","value":"//span[text()='Provide to site - Completed']"}
RESULT: {"using":"xpath","value":"//span[text()='Provide to site - Completed']"}
COMMAND: POST /session/b0ee303caf718db626ad6d5c1d399bab/elements - {"using":"xpath","value":"//span[text()='Provide to site - Completed']"}
RESULT: {"using":"xpath","value":"//span[text()='Provide to site - Completed']"}
COMMAND: POST /session/b0ee303caf718db626ad6d5c1d399bab/elements - {"using":"xpath","value":"//span[text()='Provide to site - Completed']"}
RESULT: {"using":"xpath","value":"//span[text()='Provide to site - Completed']"}
COMMAND: POST /session/b0ee303caf718db626ad6d5c1d399bab/elements - {"using":"xpath","value":"//span[text()='Provide to site - Completed']"}
RESULT: {"using":"xpath","value":"//span[text()='Provide to site - Completed']"}
COMMAND: POST /session/b0ee303caf718db626ad6d5c1d399bab/elements - {"using":"xpath","value":"//span[text()='Provide to site - Completed']"}
RESULT: {"using":"xpath","value":"//span[text()='Provide to site - Completed']"}
COMMAND: POST /session/b0ee303caf718db626ad6d5c1d399bab/elements - {"using":"xpath","value":"//span[text()='Provide to site - Completed']"}
RESULT: {"using":"xpath","value":"//span[text()='Provide to site - Completed']"}
COMMAND: POST /session/b0ee303caf718db626ad6d5c1d399bab/elements - {"using":"xpath","value":"//span[text()='Provide to site - Completed']"}
RESULT: {"using":"xpath","value":"//span[text()='Provide to site - Completed']"}
COMMAND: POST /session/b0ee303caf718db626ad6d5c1d399bab/elements - {"using":"xpath","value":"//span[text()='Provide to site - Completed']"}
RESULT: {"using":"xpath","value":"//span[text()='Provide to site - Completed']"}
COMMAND: POST /session/b0ee303caf718db626ad6d5c1d399bab/elements - {"using":"xpath","value":"//span[text()='Provide to site - Completed']"}
RESULT: {"using":"xpath","value":"//span[text()='Provide to site - Completed']"}
COMMAND: POST /session/b0ee303caf718db626ad6d5c1d399bab/elements - {"using":"xpath","value":"//span[text()='Provide to site - Completed']"}
RESULT: {"using":"xpath","value":"//span[text()='Provide to site - Completed']"}
COMMAND: POST /session/b0ee303caf718db626ad6d5c1d399bab/elements - {"using":"xpath","value":"//span[text()='Provide to site - Completed']"}
RESULT: {"using":"xpath","value":"//span[text()='Provide to site - Completed']"}
COMMAND: POST /session/b0ee303caf718db626ad6d5c1d399bab/elements - {"using":"xpath","value":"//span[text()='Provide to site - Completed']"}
RESULT: {"using":"xpath","value":"//span[text()='Provide to site - Completed']"}
COMMAND: POST /session/b0ee303caf718db626ad6d5c1d399bab/elements - {"using":"xpath","value":"//span[text()='Provide to site - Completed']"}
RESULT: {"using":"xpath","value":"//span[text()='Provide to site - Completed']"}
COMMAND: POST /session/b0ee303caf718db626ad6d5c1d399bab/elements - {"using":"xpath","value":"//span[text()='Provide to site - Completed']"}
RESULT: {"using":"xpath","value":"//span[text()='Provide to site - Completed']"}
COMMAND: POST /session/b0ee303caf718db626ad6d5c1d399bab/elements - {"using":"xpath","value":"//span[text()='Provide to site - Completed']"}
RESULT: {"using":"xpath","value":"//span[text()='Provide to site - Completed']"}
COMMAND: POST /session/b0ee303caf718db626ad6d5c1d399bab/elements - {"using":"xpath","value":"//span[text()='Provide to site - Completed']"}
RESULT: {"using":"xpath","value":"//span[text()='Provide to site - Completed']"}
COMMAND: POST /session/b0ee303caf718db626ad6d5c1d399bab/elements - {"using":"xpath","value":"//span[text()='Provide to site - Completed']"}
RESULT: {"using":"xpath","value":"//span[text()='Provide to site - Completed']"}
COMMAND: POST /session/b0ee303caf718db626ad6d5c1d399bab/elements - {"using":"xpath","value":"//span[text()='Provide to site - Completed']"}
RESULT: {"using":"xpath","value":"//span[text()='Provide to site - Completed']"}
COMMAND: POST /session/b0ee303caf718db626ad6d5c1d399bab/elements - {"using":"xpath","value":"//span[text()='Provide to site - Completed']"}
RESULT: {"using":"xpath","value":"//span[text()='Provide to site - Completed']"}
COMMAND: POST /session/b0ee303caf718db626ad6d5c1d399bab/elements - {"using":"xpath","value":"//span[text()='Provide to site - Completed']"}
RESULT: {"using":"xpath","value":"//span[text()='Provide to site - Completed']"}
COMMAND: POST /session/b0ee303caf718db626ad6d5c1d399bab/elements - {"using":"xpath","value":"//span[text()='Provide to site - Completed']"}
RESULT: {"using":"xpath","value":"//span[text()='Provide to site - Completed']"}
COMMAND: POST /session/b0ee303caf718db626ad6d5c1d399bab/elements - {"using":"xpath","value":"//span[text()='Provide to site - Completed']"}
RESULT: {"using":"xpath","value":"//span[text()='Provide to site - Completed']"}
COMMAND: POST /session/b0ee303caf718db626ad6d5c1d399bab/elements - {"using":"xpath","value":"//span[text()='Provide to site - Completed']"}
RESULT: {"using":"xpath","value":"//span[text()='Provide to site - Completed']"}
COMMAND: POST /session/b0ee303caf718db626ad6d5c1d399bab/elements - {"using":"xpath","value":"//span[text()='Provide to site - Completed']"}
RESULT: {"using":"xpath","value":"//span[text()='Provide to site - Completed']"}
COMMAND: POST /session/b0ee303caf718db626ad6d5c1d399bab/elements - {"using":"xpath","value":"//span[text()='Provide to site - Completed']"}
RESULT: {"using":"xpath","value":"//span[text()='Provide to site - Completed']"}
COMMAND: POST /session/b0ee303caf718db626ad6d5c1d399bab/elements - {"using":"xpath","value":"//span[text()='Provide to site - Completed']"}
RESULT: {"using":"xpath","value":"//span[text()='Provide to site - Completed']"}
COMMAND: POST /session/b0ee303caf718db626ad6d5c1d399bab/elements - {"using":"xpath","value":"//span[text()='Provide to site - Completed']"}
RESULT: {"using":"xpath","value":"//span[text()='Provide to site - Completed']"}
COMMAND: POST /session/b0ee303caf718db626ad6d5c1d399bab/elements - {"using":"xpath","value":"//span[text()='Provide to site - Completed']"}
RESULT: {"using":"xpath","value":"//span[text()='Provide to site - Completed']"}
COMMAND: POST /session/b0ee303caf718db626ad6d5c1d399bab/elements - {"using":"xpath","value":"//span[text()='Provide to site - Completed']"}
RESULT: {"using":"xpath","value":"//span[text()='Provide to site - Completed']"}
COMMAND: POST /session/b0ee303caf718db626ad6d5c1d399bab/elements - {"using":"xpath","value":"//span[text()='Provide to site - Completed']"}
RESULT: {"using":"xpath","value":"//span[text()='Provide to site - Completed']"}
COMMAND: POST /session/b0ee303caf718db626ad6d5c1d399bab/elements - {"using":"xpath","value":"//span[text()='Provide to site - Completed']"}
RESULT: {"using":"xpath","value":"//span[text()='Provide to site - Completed']"}
COMMAND: POST /session/b0ee303caf718db626ad6d5c1d399bab/elements - {"using":"xpath","value":"//span[text()='Provide to site - Completed']"}
RESULT: {"using":"xpath","value":"//span[text()='Provide to site - Completed']"}
COMMAND: POST /session/b0ee303caf718db626ad6d5c1d399bab/elements - {"using":"xpath","value":"//span[text()='Provide to site - Completed']"}
RESULT: {"using":"xpath","value":"//span[text()='Provide to site - Completed']"}
COMMAND: POST /session/b0ee303caf718db626ad6d5c1d399bab/elements - {"using":"xpath","value":"//span[text()='Provide to site - Completed']"}
RESULT: {"using":"xpath","value":"//span[text()='Provide to site - Completed']"}
COMMAND: POST /session/b0ee303caf718db626ad6d5c1d399bab/elements - {"using":"xpath","value":"//span[text()='Provide to site - Completed']"}
RESULT: {"using":"xpath","value":"//span[text()='Provide to site - Completed']"}
COMMAND: POST /session/b0ee303caf718db626ad6d5c1d399bab/elements - {"using":"xpath","value":"//span[text()='Provide to site - Completed']"}
RESULT: {"using":"xpath","value":"//span[text()='Provide to site - Completed']"}
COMMAND: POST /session/b0ee303caf718db626ad6d5c1d399bab/elements - {"using":"xpath","value":"//span[text()='Provide to site - Completed']"}
RESULT: {"using":"xpath","value":"//span[text()='Provide to site - Completed']"}
COMMAND: POST /session/b0ee303caf718db626ad6d5c1d399bab/elements - {"using":"xpath","value":"//span[text()='Provide to site - Completed']"}
RESULT: {"using":"xpath","value":"//span[text()='Provide to site - Completed']"}
COMMAND: POST /session/b0ee303caf718db626ad6d5c1d399bab/elements - {"using":"xpath","value":"//span[text()='Provide to site - Completed']"}
RESULT: {"using":"xpath","value":"//span[text()='Provide to site - Completed']"}
COMMAND: POST /session/b0ee303caf718db626ad6d5c1d399bab/elements - {"using":"xpath","value":"//span[text()='Provide to site - Completed']"}
RESULT: {"using":"xpath","value":"//span[text()='Provide to site - Completed']"}
COMMAND: POST /session/b0ee303caf718db626ad6d5c1d399bab/execute/async - {"script":"<script> [1562 bytes]","args":[{"selector":{"controlType":"sap.m.Button","viewName":"etm.portal.ui.managehandovers.view.DetailExecuteHO","i18NText":{"propertyName":"text","key":"pickQty"},"interaction":{"idSuffix":"BDI-content"}},"wdio_ui5_key":"etmportal.ui.managehandovers.view.DetailExecuteHOsap.m.Button{\"propertyName\":\"text\",\"key\":\"pickQty\"}"}]}
RESULT: {"script":"<script> [1562 bytes]","args":[{"selector":{"controlType":"sap.m.Button","viewName":"etm.portal.ui.managehandovers.view.DetailExecuteHO","i18NText":{"propertyName":"text","key":"pickQty"},"interaction":{"idSuffix":"BDI-content"}},"wdio_ui5_key":"etmportal.ui.managehandovers.view.DetailExecuteHOsap.m.Button{\"propertyName\":\"text\",\"key\":\"pickQty\"}"}]}
RESULT: undefined
COMMAND: POST /session/b0ee303caf718db626ad6d5c1d399bab/execute/async - {"script":"<script> [1562 bytes]","args":[{"selector":{"controlType":"sap.m.Link","viewName":"etm.portal.ui.managehandovers.view.DetailExecuteHO","bindingPath":{"path":"","propertyPath":"/wmDoc","modelName":"warehouseMovModel"}},"wdio_ui5_key":"etmportal.ui.managehandovers.view.DetailExecuteHOsap.m.Link{\"path\":\"\",\"propertyPath\":\"/wmDoc\",\"modelName\":\"warehouseMovModel\"}"}]}
RESULT: {"script":"<script> [1562 bytes]","args":[{"selector":{"controlType":"sap.m.Link","viewName":"etm.portal.ui.managehandovers.view.DetailExecuteHO","bindingPath":{"path":"","propertyPath":"/wmDoc","modelName":"warehouseMovModel"}},"wdio_ui5_key":"etmportal.ui.managehandovers.view.DetailExecuteHOsap.m.Link{\"path\":\"\",\"propertyPath\":\"/wmDoc\",\"modelName\":\"warehouseMovModel\"}"}]}
RESULT: undefined
COMMAND: POST /session/b0ee303caf718db626ad6d5c1d399bab/execute/async - {"script":"<script> [1562 bytes]","args":[{"selector":{"controlType":"sap.m.Link","viewName":"etm.portal.ui.managehandovers.view.DetailExecuteHO","properties":{"text":"Warehouse Overview"},"searchOpenDialogs":true},"wdio_ui5_key":"etmportal.ui.managehandovers.view.DetailExecuteHOsap.m.Link{\"text\":\"Warehouse Overview\"}"}]}
RESULT: {"script":"<script> [1562 bytes]","args":[{"selector":{"controlType":"sap.m.Link","viewName":"etm.portal.ui.managehandovers.view.DetailExecuteHO","properties":{"text":"Warehouse Overview"},"searchOpenDialogs":true},"wdio_ui5_key":"etmportal.ui.managehandovers.view.DetailExecuteHOsap.m.Link{\"text\":\"Warehouse Overview\"}"}]}
RESULT: undefined
COMMAND: POST /session/b0ee303caf718db626ad6d5c1d399bab/execute/async - {"script":"<script> [1562 bytes]","args":[{"selector":{"controlType":"sap.m.Button","viewName":"etm.portal.ui.warehousemovements.view.DisplayMovement","viewId":"application-warehousemovements-display-component---displayMovement","i18NText":{"propertyName":"text","key":"execution"},"interaction":{"idSuffix":"BDI-content"}},"wdio_ui5_key":"etmportal.ui.warehousemovements.view.DisplayMovementsap.m.Button{\"propertyName\":\"text\",\"key\":\"execution\"}"}]}
RESULT: {"script":"<script> [1562 bytes]","args":[{"selector":{"controlType":"sap.m.Button","viewName":"etm.portal.ui.warehousemovements.view.DisplayMovement","viewId":"application-warehousemovements-display-component---displayMovement","i18NText":{"propertyName":"text","key":"execution"},"interaction":{"idSuffix":"BDI-content"}},"wdio_ui5_key":"etmportal.ui.warehousemovements.view.DisplayMovementsap.m.Button{\"propertyName\":\"text\",\"key\":\"execution\"}"}]}
RESULT: undefined
COMMAND: POST /session/b0ee303caf718db626ad6d5c1d399bab/execute/async - {"script":"<script> [1562 bytes]","args":[{"selector":{"controlType":"sap.m.Button","viewName":"etm.portal.ui.warehousemovements.view.ExecuteMovement","viewId":"application-warehousemovements-display-component---executeMovement","properties":{"text":"Items"},"interaction":{"idSuffix":"BDI-content"}},"wdio_ui5_key":"etmportal.ui.warehousemovements.view.ExecuteMovementsap.m.Button{\"text\":\"Items\"}"}]}
RESULT: {"script":"<script> [1562 bytes]","args":[{"selector":{"controlType":"sap.m.Button","viewName":"etm.portal.ui.warehousemovements.view.ExecuteMovement","viewId":"application-warehousemovements-display-component---executeMovement","properties":{"text":"Items"},"interaction":{"idSuffix":"BDI-content"}},"wdio_ui5_key":"etmportal.ui.warehousemovements.view.ExecuteMovementsap.m.Button{\"text\":\"Items\"}"}]}
RESULT: undefined
COMMAND: POST /session/b0ee303caf718db626ad6d5c1d399bab/execute/async - {"script":"<script> [1562 bytes]","args":[{"selector":{"controlType":"sap.m.ToggleButton","viewName":"etm.portal.ui.warehousemovements.view.ExecuteMovement","viewId":"application-warehousemovements-display-component---executeMovement","bindingPath":{"propertyPath":"STATUS","modelName":"catalogModel"},"interaction":{"idSuffix":"BDI-content"}},"wdio_ui5_key":"etmportal.ui.warehousemovements.view.ExecuteMovementsap.m.ToggleButton{\"propertyPath\":\"STATUS\",\"modelName\":\"catalogModel\"}"}]}
RESULT: {"script":"<script> [1562 bytes]","args":[{"selector":{"controlType":"sap.m.ToggleButton","viewName":"etm.portal.ui.warehousemovements.view.ExecuteMovement","viewId":"application-warehousemovements-display-component---executeMovement","bindingPath":{"propertyPath":"STATUS","modelName":"catalogModel"},"interaction":{"idSuffix":"BDI-content"}},"wdio_ui5_key":"etmportal.ui.warehousemovements.view.ExecuteMovementsap.m.ToggleButton{\"propertyPath\":\"STATUS\",\"modelName\":\"catalogModel\"}"}]}
RESULT: undefined
RESULT: undefined
RESULT: undefined
COMMAND: POST /session/b0ee303caf718db626ad6d5c1d399bab/execute/async - {"script":"<script> [1562 bytes]","args":[{"selector":{"id":"application-warehousemovements-display-component---executeMovement--executeId","interaction":{"idSuffix":"BDI-content"}},"wdio_ui5_key":"applicationwarehousemovements-display-component---executeMovement--executeId"}]}
RESULT: {"script":"<script> [1562 bytes]","args":[{"selector":{"id":"application-warehousemovements-display-component---executeMovement--executeId","interaction":{"idSuffix":"BDI-content"}},"wdio_ui5_key":"applicationwarehousemovements-display-component---executeMovement--executeId"}]}
RESULT: undefined
COMMAND: POST /session/b0ee303caf718db626ad6d5c1d399bab/element - {"using":"css selector","value":"#shell-header-logo"}
RESULT: {"using":"css selector","value":"#shell-header-logo"}
COMMAND: POST /session/b0ee303caf718db626ad6d5c1d399bab/element/f.E5342C77FF52C8F876B09F590AF6AC48.d.AC3EDDEA7CCEF5797423DEE4C669B0BE.e.8694/click - {}
RESULT: {}
COMMAND: GET /session/b0ee303caf718db626ad6d5c1d399bab/screenshot - {}
RESULT: {}
RESULT: undefined
COMMAND: POST /session/b0ee303caf718db626ad6d5c1d399bab/execute/async - {"script":"<script> [1562 bytes]","args":[{"selector":{"controlType":"sap.m.SearchField","viewName":"etm.portal.ui.managehandovers.view.MasterHO","bindingPath":{"propertyPath":"/_BASIC_SEARCH_FIELD","modelName":"fi1t3rM0d31"},"interaction":{"idSuffix":"I"}},"wdio_ui5_key":"etmportal.ui.managehandovers.view.MasterHOsap.m.SearchField{\"propertyPath\":\"/_BASIC_SEARCH_FIELD\",\"modelName\":\"fi1t3rM0d31\"}"}]}
RESULT: {"script":"<script> [1562 bytes]","args":[{"selector":{"controlType":"sap.m.SearchField","viewName":"etm.portal.ui.managehandovers.view.MasterHO","bindingPath":{"propertyPath":"/_BASIC_SEARCH_FIELD","modelName":"fi1t3rM0d31"},"interaction":{"idSuffix":"I"}},"wdio_ui5_key":"etmportal.ui.managehandovers.view.MasterHOsap.m.SearchField{\"propertyPath\":\"/_BASIC_SEARCH_FIELD\",\"modelName\":\"fi1t3rM0d31\"}"}]}
RESULT: undefined
COMMAND: POST /session/b0ee303caf718db626ad6d5c1d399bab/actions - {"actions":[{"id":"action40","type":"key","parameters":{},"actions":[{"type":"keyDown","value":"î€‡"},{"type":"pause","duration":10},{"type":"keyUp","value":"î€‡"}]}]}
RESULT: {"actions":[{"id":"action40","type":"key","parameters":{},"actions":[{"type":"keyDown","value":"î€‡"},{"type":"pause","duration":10},{"type":"keyUp","value":"î€‡"}]}]}
COMMAND: GET /session/b0ee303caf718db626ad6d5c1d399bab/screenshot - {}
RESULT: {}
COMMAND: POST /session/b0ee303caf718db626ad6d5c1d399bab/execute/async - {"script":"<script> [1562 bytes]","args":[{"selector":{"controlType":"sap.ui.core.Icon","viewName":"etm.portal.ui.managehandovers.view.MasterHO","properties":{"src":{"regex":{"source":"slim\\-arrow\\-right"}}}},"wdio_ui5_key":"etmportal.ui.managehandovers.view.MasterHOsap.ui.core.Icon{\"src\":{\"regex\":{\"source\":\"slim\\\\-arrow\\\\-right\"}}}"}]}
RESULT: {"script":"<script> [1562 bytes]","args":[{"selector":{"controlType":"sap.ui.core.Icon","viewName":"etm.portal.ui.managehandovers.view.MasterHO","properties":{"src":{"regex":{"source":"slim\\-arrow\\-right"}}}},"wdio_ui5_key":"etmportal.ui.managehandovers.view.MasterHOsap.ui.core.Icon{\"src\":{\"regex\":{\"source\":\"slim\\\\-arrow\\\\-right\"}}}"}]}
RESULT: undefined
COMMAND: POST /session/b0ee303caf718db626ad6d5c1d399bab/execute/async - {"script":"<script> [1562 bytes]","args":[{"selector":{"controlType":"sap.m.Button","viewName":"etm.portal.ui.managehandovers.view.DetailExecuteHO","i18NText":{"propertyName":"text","key":"confirmAll"},"interaction":{"idSuffix":"BDI-content"}},"wdio_ui5_key":"etmportal.ui.managehandovers.view.DetailExecuteHOsap.m.Button{\"propertyName\":\"text\",\"key\":\"confirmAll\"}"}]}
RESULT: {"script":"<script> [1562 bytes]","args":[{"selector":{"controlType":"sap.m.Button","viewName":"etm.portal.ui.managehandovers.view.DetailExecuteHO","i18NText":{"propertyName":"text","key":"confirmAll"},"interaction":{"idSuffix":"BDI-content"}},"wdio_ui5_key":"etmportal.ui.managehandovers.view.DetailExecuteHOsap.m.Button{\"propertyName\":\"text\",\"key\":\"confirmAll\"}"}]}
RESULT: undefined
COMMAND: POST /session/b0ee303caf718db626ad6d5c1d399bab/actions - {"actions":[{"id":"action41","type":"key","parameters":{},"actions":[{"type":"keyDown","value":"î€‡"},{"type":"pause","duration":10},{"type":"keyUp","value":"î€‡"}]}]}
RESULT: {"actions":[{"id":"action41","type":"key","parameters":{},"actions":[{"type":"keyDown","value":"î€‡"},{"type":"pause","duration":10},{"type":"keyUp","value":"î€‡"}]}]}
COMMAND: GET /session/b0ee303caf718db626ad6d5c1d399bab/screenshot - {}
RESULT: {}
COMMAND: POST /session/b0ee303caf718db626ad6d5c1d399bab/execute/async - {"script":"<script> [1562 bytes]","args":[{"selector":{"id":"confirmationButton","viewName":"etm.portal.ui.managehandovers.view.DetailExecuteHO","properties":{"text":"Issue"},"interaction":{"idSuffix":"BDI-content"}},"wdio_ui5_key":"confirmationButtonetmportal.ui.managehandovers.view.DetailExecuteHO{\"text\":\"Issue\"}"}]}
RESULT: {"script":"<script> [1562 bytes]","args":[{"selector":{"id":"confirmationButton","viewName":"etm.portal.ui.managehandovers.view.DetailExecuteHO","properties":{"text":"Issue"},"interaction":{"idSuffix":"BDI-content"}},"wdio_ui5_key":"confirmationButtonetmportal.ui.managehandovers.view.DetailExecuteHO{\"text\":\"Issue\"}"}]}
RESULT: undefined
RESULT: undefined
COMMAND: POST /session/b0ee303caf718db626ad6d5c1d399bab/actions - {"actions":[{"id":"action42","type":"key","parameters":{},"actions":[{"type":"keyDown","value":"î€‡"},{"type":"pause","duration":10},{"type":"keyUp","value":"î€‡"}]}]}
RESULT: {"actions":[{"id":"action42","type":"key","parameters":{},"actions":[{"type":"keyDown","value":"î€‡"},{"type":"pause","duration":10},{"type":"keyUp","value":"î€‡"}]}]}
COMMAND: GET /session/b0ee303caf718db626ad6d5c1d399bab/screenshot - {}
RESULT: {}
RESULT: undefined
COMMAND: POST /session/b0ee303caf718db626ad6d5c1d399bab/execute/async - {"script":"<script> [1562 bytes]","args":[{"selector":{"id":"instructionsTabFilter","viewName":"etm.portal.ui.managehandovers.view.DetailExecuteHO","interaction":{"idSuffix":"text"}},"wdio_ui5_key":"instructionsTabFilteretmportal.ui.managehandovers.view.DetailExecuteHO"}]}
RESULT: {"script":"<script> [1562 bytes]","args":[{"selector":{"id":"instructionsTabFilter","viewName":"etm.portal.ui.managehandovers.view.DetailExecuteHO","interaction":{"idSuffix":"text"}},"wdio_ui5_key":"instructionsTabFilteretmportal.ui.managehandovers.view.DetailExecuteHO"}]}
RESULT: undefined
RESULT: undefined
COMMAND: POST /session/b0ee303caf718db626ad6d5c1d399bab/execute/async - {"script":"<script> [1562 bytes]","args":[{"selector":{"controlType":"sap.m.ComboBox","viewName":"etm.portal.ui.managehandovers.view.DetailExecuteHO","bindingPath":{"propertyPath":"RECEIVING_SECTION","modelName":"catalogModel"},"interaction":{"idSuffix":"inner"}},"wdio_ui5_key":"etmportal.ui.managehandovers.view.DetailExecuteHOsap.m.ComboBox{\"propertyPath\":\"RECEIVING_SECTION\",\"modelName\":\"catalogModel\"}"}]}
RESULT: {"script":"<script> [1562 bytes]","args":[{"selector":{"controlType":"sap.m.ComboBox","viewName":"etm.portal.ui.managehandovers.view.DetailExecuteHO","bindingPath":{"propertyPath":"RECEIVING_SECTION","modelName":"catalogModel"},"interaction":{"idSuffix":"inner"}},"wdio_ui5_key":"etmportal.ui.managehandovers.view.DetailExecuteHOsap.m.ComboBox{\"propertyPath\":\"RECEIVING_SECTION\",\"modelName\":\"catalogModel\"}"}]}
RESULT: undefined
COMMAND: POST /session/b0ee303caf718db626ad6d5c1d399bab/actions - {"actions":[{"id":"action43","type":"key","parameters":{},"actions":[{"type":"keyDown","value":"î€‡"},{"type":"pause","duration":10},{"type":"keyUp","value":"î€‡"}]}]}
RESULT: {"actions":[{"id":"action43","type":"key","parameters":{},"actions":[{"type":"keyDown","value":"î€‡"},{"type":"pause","duration":10},{"type":"keyUp","value":"î€‡"}]}]}
COMMAND: GET /session/b0ee303caf718db626ad6d5c1d399bab/screenshot - {}
RESULT: {}
COMMAND: POST /session/b0ee303caf718db626ad6d5c1d399bab/execute/async - {"script":"<script> [1562 bytes]","args":[{"selector":{"id":"confirmationButton","viewName":"etm.portal.ui.managehandovers.view.DetailExecuteHO","properties":{"text":"Receive"},"interaction":{"idSuffix":"BDI-content"}},"wdio_ui5_key":"confirmationButtonetmportal.ui.managehandovers.view.DetailExecuteHO{\"text\":\"Receive\"}"}]}
RESULT: {"script":"<script> [1562 bytes]","args":[{"selector":{"id":"confirmationButton","viewName":"etm.portal.ui.managehandovers.view.DetailExecuteHO","properties":{"text":"Receive"},"interaction":{"idSuffix":"BDI-content"}},"wdio_ui5_key":"confirmationButtonetmportal.ui.managehandovers.view.DetailExecuteHO{\"text\":\"Receive\"}"}]}
RESULT: undefined
COMMAND: POST /session/b0ee303caf718db626ad6d5c1d399bab/execute/async - {"script":"<script> [1562 bytes]","args":[{"selector":{"controlType":"sap.m.Button","properties":{"text":"Continue"},"searchOpenDialogs":true,"interaction":{"idSuffix":"content"}},"wdio_ui5_key":"sapm.Button{\"text\":\"Continue\"}"}]}
RESULT: {"script":"<script> [1562 bytes]","args":[{"selector":{"controlType":"sap.m.Button","properties":{"text":"Continue"},"searchOpenDialogs":true,"interaction":{"idSuffix":"content"}},"wdio_ui5_key":"sapm.Button{\"text\":\"Continue\"}"}]}
RESULT: undefined
COMMAND: POST /session/b0ee303caf718db626ad6d5c1d399bab/element - {"using":"css selector","value":"#j_username"}
COMMAND: POST /session/b0ee303caf718db626ad6d5c1d399bab/url - {"url":"https://qa-testing-00-live-etm-ui.cfapps.eu10-004.hana.ondemand.com/"}
COMMAND: GET /session/b0ee303caf718db626ad6d5c1d399bab/screenshot - {}
RESULT: {"using":"css selector","value":"#j_username"}
COMMAND: POST /session/b0ee303caf718db626ad6d5c1d399bab/element - {"using":"css selector","value":"#j_username"}
RESULT: {"url":"https://qa-testing-00-live-etm-ui.cfapps.eu10-004.hana.ondemand.com/"}
RESULT: undefined
COMMAND: GET /session/b0ee303caf718db626ad6d5c1d399bab/screenshot - {}
RESULT: {}
RESULT: {"using":"css selector","value":"#j_username"}
COMMAND: POST /session/b0ee303caf718db626ad6d5c1d399bab/element - {"using":"css selector","value":"#shell-header-logo"}
RESULT: {}
RESULT: {"using":"css selector","value":"#shell-header-logo"}
COMMAND: POST /session/b0ee303caf718db626ad6d5c1d399bab/execute/sync - {"script":"<script> [8489 bytes]","args":[{"element-6066-11e4-a52e-4f735466cecf":"f.E5342C77FF52C8F876B09F590AF6AC48.d.D6872B990E883A805912A2AF1A667259.e.9516","ELEMENT":"f.E5342C77FF52C8F876B09F590AF6AC48.d.D6872B990E883A805912A2AF1A667259.e.9516"}]}
RESULT: {"script":"<script> [8489 bytes]","args":[{"element-6066-11e4-a52e-4f735466cecf":"f.E5342C77FF52C8F876B09F590AF6AC48.d.D6872B990E883A805912A2AF1A667259.e.9516","ELEMENT":"f.E5342C77FF52C8F876B09F590AF6AC48.d.D6872B990E883A805912A2AF1A667259.e.9516"}]}
COMMAND: POST /session/b0ee303caf718db626ad6d5c1d399bab/element - {"using":"css selector","value":"#shell-header-logo"}
COMMAND: GET /session/b0ee303caf718db626ad6d5c1d399bab/screenshot - {}
RESULT: {"using":"css selector","value":"#shell-header-logo"}
COMMAND: POST /session/b0ee303caf718db626ad6d5c1d399bab/execute/sync - {"script":"<script> [8489 bytes]","args":[{"element-6066-11e4-a52e-4f735466cecf":"f.E5342C77FF52C8F876B09F590AF6AC48.d.D6872B990E883A805912A2AF1A667259.e.9516","ELEMENT":"f.E5342C77FF52C8F876B09F590AF6AC48.d.D6872B990E883A805912A2AF1A667259.e.9516"}]}
RESULT: {}
RESULT: {"script":"<script> [8489 bytes]","args":[{"element-6066-11e4-a52e-4f735466cecf":"f.E5342C77FF52C8F876B09F590AF6AC48.d.D6872B990E883A805912A2AF1A667259.e.9516","ELEMENT":"f.E5342C77FF52C8F876B09F590AF6AC48.d.D6872B990E883A805912A2AF1A667259.e.9516"}]}
COMMAND: POST /session/b0ee303caf718db626ad6d5c1d399bab/execute/sync - {"script":"<script> [5351 bytes]","args":[{"element-6066-11e4-a52e-4f735466cecf":"f.E5342C77FF52C8F876B09F590AF6AC48.d.D6872B990E883A805912A2AF1A667259.e.9516","ELEMENT":"f.E5342C77FF52C8F876B09F590AF6AC48.d.D6872B990E883A805912A2AF1A667259.e.9516"}]}
COMMAND: GET /session/b0ee303caf718db626ad6d5c1d399bab/screenshot - {}
RESULT: {"script":"<script> [5351 bytes]","args":[{"element-6066-11e4-a52e-4f735466cecf":"f.E5342C77FF52C8F876B09F590AF6AC48.d.D6872B990E883A805912A2AF1A667259.e.9516","ELEMENT":"f.E5342C77FF52C8F876B09F590AF6AC48.d.D6872B990E883A805912A2AF1A667259.e.9516"}]}
COMMAND: POST /session/b0ee303caf718db626ad6d5c1d399bab/element - {"using":"css selector","value":"#shell-header-logo"}
COMMAND: GET /session/b0ee303caf718db626ad6d5c1d399bab/screenshot - {}
RESULT: {}
RESULT: {"using":"css selector","value":"#shell-header-logo"}
COMMAND: POST /session/b0ee303caf718db626ad6d5c1d399bab/element/f.E5342C77FF52C8F876B09F590AF6AC48.d.D6872B990E883A805912A2AF1A667259.e.9516/click - {}
RESULT: {}
RESULT: {}
COMMAND: GET /session/b0ee303caf718db626ad6d5c1d399bab/screenshot - {}
RESULT: {}
COMMAND: POST /session/b0ee303caf718db626ad6d5c1d399bab/execute/async - {"script":"<script> [189 bytes]","args":[]}
RESULT: {"script":"<script> [189 bytes]","args":[]}
COMMAND: POST /session/b0ee303caf718db626ad6d5c1d399bab/execute/async - {"script":"<script> [123 bytes]","args":[]}
RESULT: {"script":"<script> [123 bytes]","args":[]}
COMMAND: POST /session/b0ee303caf718db626ad6d5c1d399bab/timeouts - {"script":"<number>"}
RESULT: {"script":"<number>"}
COMMAND: GET /session/b0ee303caf718db626ad6d5c1d399bab/timeouts - {}
RESULT: {}
RESULT: undefined
COMMAND: POST /session/b0ee303caf718db626ad6d5c1d399bab/execute/async - {"script":"<script> [2676 bytes]","args":[]}
RESULT: {"script":"<script> [2676 bytes]","args":[]}
COMMAND: POST /session/b0ee303caf718db626ad6d5c1d399bab/execute/async - {"script":"<script> [2342 bytes]","args":[{"protocol":"http","hostname":"0.0.0.0","path":"/","capabilities":{"browserName":"chrome","goog:chromeOptions":{"binary":"C:\\Program Files\\Google\\Chrome\\Application\\chrome.exe","args":["--start-maximized"]}},"logLevel":"warn","connectionRetryTimeout":120000,"connectionRetryCount":3,"logLevels":{},"enableDirectConnect":true,"strictSSL":true,"_":"65 more keys: [\"cacheDir\",\"port\",\"requestedCapabilities\",\"automationProtocol\",\"baseUrl\",\"waitforInterval\",\"waitforTimeout\",\"onReload\",\"beforeCommand\",\"afterCommand\",\"rootDir\",\"specs\",\"suites\",\"exclude\",\"groupLogsByTestSpec\",\"excludeDriverLogs\",\"bail\",\"framework\",\"reporters\",\"services\",\"maxInstances\",\"maxInstancesPerCapability\",\"injectGlobals\",\"filesToWatch\",\"execArgv\",\"runnerEnv\",\"runner\",\"shard\",\"specFileRetries\",\"specFileRetriesDelay\",\"specFileRetriesDeferred\",\"reporterSyncInterval\",\"reporterSyncTimeout\",\"cucumberFeaturesWithLineNumbers\",\"autoCompileOpts\",\"mochaOpts\",\"jasmineOpts\",\"cucumberOpts\",\"onPrepare\",\"onWorkerStart\",\"onWorkerEnd\",\"before\",\"beforeSession\",\"beforeSuite\",\"beforeHook\",\"beforeTest\",\"afterTest\",\"afterHook\",\"afterSuite\",\"afterSession\",\"after\",\"onComplete\",\"beforeAssertion\",\"afterAssertion\",\"beforeFeature\",\"beforeScenario\",\"beforeStep\",\"afterStep\",\"afterScenario\",\"afterFeature\",\"_\",\"suite\",\"$0\",\"ignoredWorkerServices\",\"wdi5\"]"}]}
RESULT: {"script":"<script> [2342 bytes]","args":[{"protocol":"http","hostname":"0.0.0.0","path":"/","capabilities":{"browserName":"chrome","goog:chromeOptions":{"binary":"C:\\Program Files\\Google\\Chrome\\Application\\chrome.exe","args":["--start-maximized"]}},"logLevel":"warn","connectionRetryTimeout":120000,"connectionRetryCount":3,"logLevels":{},"enableDirectConnect":true,"strictSSL":true,"_":"65 more keys: [\"cacheDir\",\"port\",\"requestedCapabilities\",\"automationProtocol\",\"baseUrl\",\"waitforInterval\",\"waitforTimeout\",\"onReload\",\"beforeCommand\",\"afterCommand\",\"rootDir\",\"specs\",\"suites\",\"exclude\",\"groupLogsByTestSpec\",\"excludeDriverLogs\",\"bail\",\"framework\",\"reporters\",\"services\",\"maxInstances\",\"maxInstancesPerCapability\",\"injectGlobals\",\"filesToWatch\",\"execArgv\",\"runnerEnv\",\"runner\",\"shard\",\"specFileRetries\",\"specFileRetriesDelay\",\"specFileRetriesDeferred\",\"reporterSyncInterval\",\"reporterSyncTimeout\",\"cucumberFeaturesWithLineNumbers\",\"autoCompileOpts\",\"mochaOpts\",\"jasmineOpts\",\"cucumberOpts\",\"onPrepare\",\"onWorkerStart\",\"onWorkerEnd\",\"before\",\"beforeSession\",\"beforeSuite\",\"beforeHook\",\"beforeTest\",\"afterTest\",\"afterHook\",\"afterSuite\",\"afterSession\",\"after\",\"onComplete\",\"beforeAssertion\",\"afterAssertion\",\"beforeFeature\",\"beforeScenario\",\"beforeStep\",\"afterStep\",\"afterScenario\",\"afterFeature\",\"_\",\"suite\",\"$0\",\"ignoredWorkerServices\",\"wdi5\"]"}]}
COMMAND: POST /session/b0ee303caf718db626ad6d5c1d399bab/execute/async - {"script":"<script> [21126 bytes]","args":[35000]}
RESULT: {"script":"<script> [21126 bytes]","args":[35000]}
COMMAND: POST /session/b0ee303caf718db626ad6d5c1d399bab/window/maximize - {}
RESULT: {}
COMMAND: POST /session/b0ee303caf718db626ad6d5c1d399bab/execute/async - {"script":"<script> [1562 bytes]","args":[{"selector":{"id":"shell-header","interaction":{"idSuffix":"icon"}},"wdio_ui5_key":"shellheader"}]}
COMMAND: GET /session/b0ee303caf718db626ad6d5c1d399bab/screenshot - {}
RESULT: {"script":"<script> [1562 bytes]","args":[{"selector":{"id":"shell-header","interaction":{"idSuffix":"icon"}},"wdio_ui5_key":"shellheader"}]}
RESULT: undefined
]]></system-out>
    </testcase>
  </testsuite>
  <testsuite timestamp="2025-04-28T07:16:09" time="433.756" tests="6" failures="6" errors="6" skipped="0">
    <properties>
      <property name="specId" value="0" />
      <property name="suiteName" value="Return from Site w/ warehouse management w/ clarification US125588" />
      <property name="capabilities" value="chrome.135_0_7049_96.windows" />
      <property name="file" value="file:///D:/a/1/s/test/specs/HTR/return-from-site-w-warehouse-management-w-clarification.spec.js" />
    </properties>
  </testsuite>
  <testsuite timestamp="2025-04-28T07:23:23" time="405.71" tests="7" failures="7" errors="7" skipped="0">
    <properties>
      <property name="specId" value="0" />
      <property name="suiteName" value="Provide to Site w/ warehouse management w clarification" />
      <property name="capabilities" value="chrome.135_0_7049_96.windows" />
      <property name="file" value="file:///D:/a/1/s/test/specs/HTR/return-from-site-w-warehouse-management-w-clarification.spec.js" />
    </properties>
  </testsuite>
</testsuites>