<?xml version="1.0" encoding="UTF-8"?>
<testsuites tests="11" failures="2" errors="2" skipped="0">
  <testsuite timestamp="2025-06-05T16:08:03" time="953.75" tests="4" failures="0" errors="0" skipped="0">
    <properties>
      <property name="specId" value="0" />
      <property name="suiteName" value="Webshop - Hyperlinks visible and working properly  US139085" />
      <property name="capabilities" value="chrome.137_0_7151_56.windows" />
      <property name="file" value="file:///D:/a/1/s/test/specs/R2C/webshop-hyperlinks-yard-site.spec.js" />
    </properties>
    <testcase classname="chrome.137_0_7151_56.windows.Webshop_-_Hyperlinks_visible_and_working_properly__US139085" name="Should create prerequisites for webshop suite" time="317.105">
      <system-out><![CDATA[
COMMAND: POST /session/7c0d23d2c82578952ab84395f5814e56/execute/async - {"script":"<script> [1562 bytes]","args":[{"selector":{"controlType":"sap.m.GenericTile","properties":{"header":"Manage Yards"}},"wdio_ui5_key":"sapm.GenericTile{\"header\":\"Manage Yards\"}"}]}
RESULT: {"script":"<script> [1562 bytes]","args":[{"selector":{"controlType":"sap.m.GenericTile","properties":{"header":"Manage Yards"}},"wdio_ui5_key":"sapm.GenericTile{\"header\":\"Manage Yards\"}"}]}
RESULT: undefined
COMMAND: POST /session/7c0d23d2c82578952ab84395f5814e56/element - {"using":"xpath","value":"//*[@id=\"__tile41\"]"}
RESULT: {"using":"xpath","value":"//*[@id=\"__tile41\"]"}
COMMAND: POST /session/7c0d23d2c82578952ab84395f5814e56/element/f.3CCCAE1BF6DABF28B2CD237E7015FC54.d.BF99FE7566374E5217E1596B21D19981.e.117/click - {}
RESULT: {}
COMMAND: GET /session/7c0d23d2c82578952ab84395f5814e56/screenshot - {}
RESULT: {}
COMMAND: POST /session/7c0d23d2c82578952ab84395f5814e56/elements - {"using":"xpath","value":"//span[text()='Error']"}
RESULT: {"using":"xpath","value":"//span[text()='Error']"}
COMMAND: POST /session/7c0d23d2c82578952ab84395f5814e56/execute/async - {"script":"<script> [1562 bytes]","args":[{"selector":{"controlType":"sap.ui.core.Icon","viewName":"etm.portal.ui.manageyards.view.Master","viewId":"application-manageyards-display-component---masterYard","properties":{"src":{"regex":{"source":"add"}}}},"wdio_ui5_key":"etmportal.ui.manageyards.view.Mastersap.ui.core.Icon{\"src\":{\"regex\":{\"source\":\"add\"}}}"}]}
RESULT: {"script":"<script> [1562 bytes]","args":[{"selector":{"controlType":"sap.ui.core.Icon","viewName":"etm.portal.ui.manageyards.view.Master","viewId":"application-manageyards-display-component---masterYard","properties":{"src":{"regex":{"source":"add"}}}},"wdio_ui5_key":"etmportal.ui.manageyards.view.Mastersap.ui.core.Icon{\"src\":{\"regex\":{\"source\":\"add\"}}}"}]}
RESULT: undefined
COMMAND: POST /session/7c0d23d2c82578952ab84395f5814e56/element - {"using":"xpath","value":"//*[@id=\"__button4-img\"]"}
RESULT: {"using":"xpath","value":"//*[@id=\"__button4-img\"]"}
COMMAND: POST /session/7c0d23d2c82578952ab84395f5814e56/element/f.3CCCAE1BF6DABF28B2CD237E7015FC54.d.BF99FE7566374E5217E1596B21D19981.e.164/click - {}
RESULT: {}
COMMAND: GET /session/7c0d23d2c82578952ab84395f5814e56/screenshot - {}
RESULT: {}
COMMAND: POST /session/7c0d23d2c82578952ab84395f5814e56/execute/async - {"script":"<script> [1562 bytes]","args":[{"selector":{"id":"application-manageyards-display-component---NewYard--yardId","interaction":{"idSuffix":"inner"}},"wdio_ui5_key":"applicationmanageyards-display-component---NewYard--yardId"}]}
RESULT: {"script":"<script> [1562 bytes]","args":[{"selector":{"id":"application-manageyards-display-component---NewYard--yardId","interaction":{"idSuffix":"inner"}},"wdio_ui5_key":"applicationmanageyards-display-component---NewYard--yardId"}]}
RESULT: undefined
COMMAND: POST /session/7c0d23d2c82578952ab84395f5814e56/element - {"using":"xpath","value":"//*[@id=\"application-manageyards-display-component---NewYard--addressDetailDetailsName1-inner\"]"}
RESULT: {"using":"xpath","value":"//*[@id=\"application-manageyards-display-component---NewYard--addressDetailDetailsName1-inner\"]"}
COMMAND: POST /session/7c0d23d2c82578952ab84395f5814e56/element/f.3CCCAE1BF6DABF28B2CD237E7015FC54.d.BF99FE7566374E5217E1596B21D19981.e.381/clear - {}
RESULT: {}
COMMAND: POST /session/7c0d23d2c82578952ab84395f5814e56/element/f.3CCCAE1BF6DABF28B2CD237E7015FC54.d.BF99FE7566374E5217E1596B21D19981.e.381/value - {"text":"WebdriverYardj9s93"}
COMMAND: GET /session/7c0d23d2c82578952ab84395f5814e56/screenshot - {}
RESULT: {"text":"WebdriverYardj9s93"}
COMMAND: POST /session/7c0d23d2c82578952ab84395f5814e56/element - {"using":"xpath","value":"//*[@id=\"application-manageyards-display-component---NewYard--addressDetailDetailsLanguage-inner\"]"}
COMMAND: GET /session/7c0d23d2c82578952ab84395f5814e56/screenshot - {}
RESULT: {}
RESULT: {"using":"xpath","value":"//*[@id=\"application-manageyards-display-component---NewYard--addressDetailDetailsLanguage-inner\"]"}
COMMAND: POST /session/7c0d23d2c82578952ab84395f5814e56/element/f.3CCCAE1BF6DABF28B2CD237E7015FC54.d.BF99FE7566374E5217E1596B21D19981.e.382/clear - {}
RESULT: {}
RESULT: {}
COMMAND: POST /session/7c0d23d2c82578952ab84395f5814e56/element/f.3CCCAE1BF6DABF28B2CD237E7015FC54.d.BF99FE7566374E5217E1596B21D19981.e.382/value - {"text":"Romanian"}
COMMAND: GET /session/7c0d23d2c82578952ab84395f5814e56/screenshot - {}
RESULT: {"text":"Romanian"}
COMMAND: POST /session/7c0d23d2c82578952ab84395f5814e56/element - {"using":"xpath","value":"//input[contains(@id ,\"application-manageyards-display-component---NewYard--addressDetailDetailsName1-inner\")]"}
COMMAND: GET /session/7c0d23d2c82578952ab84395f5814e56/screenshot - {}
RESULT: {}
RESULT: {"using":"xpath","value":"//input[contains(@id ,\"application-manageyards-display-component---NewYard--addressDetailDetailsName1-inner\")]"}
COMMAND: GET /session/7c0d23d2c82578952ab84395f5814e56/element/f.3CCCAE1BF6DABF28B2CD237E7015FC54.d.BF99FE7566374E5217E1596B21D19981.e.381/property/value - {}
RESULT: {}
RESULT: {}
COMMAND: GET /session/7c0d23d2c82578952ab84395f5814e56/screenshot - {}
RESULT: {}
COMMAND: POST /session/7c0d23d2c82578952ab84395f5814e56/element - {"using":"xpath","value":"//*[@id=\"application-manageyards-display-component---NewYard--addressDetailDetailsCity1-inner\"]"}
RESULT: {"using":"xpath","value":"//*[@id=\"application-manageyards-display-component---NewYard--addressDetailDetailsCity1-inner\"]"}
COMMAND: POST /session/7c0d23d2c82578952ab84395f5814e56/element/f.3CCCAE1BF6DABF28B2CD237E7015FC54.d.BF99FE7566374E5217E1596B21D19981.e.384/clear - {}
RESULT: {}
COMMAND: POST /session/7c0d23d2c82578952ab84395f5814e56/element/f.3CCCAE1BF6DABF28B2CD237E7015FC54.d.BF99FE7566374E5217E1596B21D19981.e.384/value - {"text":"Bucuresti"}
COMMAND: GET /session/7c0d23d2c82578952ab84395f5814e56/screenshot - {}
RESULT: {"text":"Bucuresti"}
COMMAND: GET /session/7c0d23d2c82578952ab84395f5814e56/screenshot - {}
RESULT: {}
RESULT: {}
COMMAND: POST /session/7c0d23d2c82578952ab84395f5814e56/element - {"using":"xpath","value":"//*[@id=\"application-manageyards-display-component---NewYard--addressDetailDetailsCountry-inner\"]"}
RESULT: {"using":"xpath","value":"//*[@id=\"application-manageyards-display-component---NewYard--addressDetailDetailsCountry-inner\"]"}
COMMAND: POST /session/7c0d23d2c82578952ab84395f5814e56/element/f.3CCCAE1BF6DABF28B2CD237E7015FC54.d.BF99FE7566374E5217E1596B21D19981.e.388/clear - {}
RESULT: {}
COMMAND: POST /session/7c0d23d2c82578952ab84395f5814e56/element/f.3CCCAE1BF6DABF28B2CD237E7015FC54.d.BF99FE7566374E5217E1596B21D19981.e.388/value - {"text":"Romania"}
COMMAND: GET /session/7c0d23d2c82578952ab84395f5814e56/screenshot - {}
RESULT: {"text":"Romania"}
COMMAND: GET /session/7c0d23d2c82578952ab84395f5814e56/screenshot - {}
RESULT: {}
RESULT: {}
COMMAND: POST /session/7c0d23d2c82578952ab84395f5814e56/element - {"using":"xpath","value":"//div[contains(text(), \"Commercial\")]"}
RESULT: {"using":"xpath","value":"//div[contains(text(), \"Commercial\")]"}
COMMAND: GET /session/7c0d23d2c82578952ab84395f5814e56/element/f.3CCCAE1BF6DABF28B2CD237E7015FC54.d.BF99FE7566374E5217E1596B21D19981.e.575/rect - {}
RESULT: {}
COMMAND: GET /session/7c0d23d2c82578952ab84395f5814e56/window/rect - {}
RESULT: {}
COMMAND: POST /session/7c0d23d2c82578952ab84395f5814e56/execute/sync - {"script":"<script> [92 bytes]","args":[]}
RESULT: {"script":"<script> [92 bytes]","args":[]}
COMMAND: POST /session/7c0d23d2c82578952ab84395f5814e56/actions - {"actions":[{"id":"action1","type":"wheel","parameters":{},"actions":[{"type":"scroll","x":-1841,"y":-44,"deltaX":0,"deltaY":0,"duration":0,"origin":{"element-6066-11e4-a52e-4f735466cecf":"f.3CCCAE1BF6DABF28B2CD237E7015FC54.d.BF99FE7566374E5217E1596B21D19981.e.575"}}]}]}
COMMAND: GET /session/7c0d23d2c82578952ab84395f5814e56/screenshot - {}
RESULT: {}
COMMAND: POST /session/7c0d23d2c82578952ab84395f5814e56/execute/sync - {"script":"<script> [79 bytes]","args":[{"element-6066-11e4-a52e-4f735466cecf":"f.3CCCAE1BF6DABF28B2CD237E7015FC54.d.BF99FE7566374E5217E1596B21D19981.e.575","ELEMENT":"f.3CCCAE1BF6DABF28B2CD237E7015FC54.d.BF99FE7566374E5217E1596B21D19981.e.575"},{"block":"start","inline":"nearest"}]}
RESULT: {"script":"<script> [79 bytes]","args":[{"element-6066-11e4-a52e-4f735466cecf":"f.3CCCAE1BF6DABF28B2CD237E7015FC54.d.BF99FE7566374E5217E1596B21D19981.e.575","ELEMENT":"f.3CCCAE1BF6DABF28B2CD237E7015FC54.d.BF99FE7566374E5217E1596B21D19981.e.575"},{"block":"start","inline":"nearest"}]}
COMMAND: GET /session/7c0d23d2c82578952ab84395f5814e56/screenshot - {}
RESULT: {}
COMMAND: POST /session/7c0d23d2c82578952ab84395f5814e56/execute/async - {"script":"<script> [1562 bytes]","args":[{"selector":{"id":"application-manageyards-display-component---NewYard--addressEditDetailsCostObjectCstType-arrow"},"wdio_ui5_key":"applicationmanageyards-display-component---NewYard--addressEditDetailsCostObjectCstType-arrow"}]}
RESULT: {"script":"<script> [1562 bytes]","args":[{"selector":{"id":"application-manageyards-display-component---NewYard--addressEditDetailsCostObjectCstType-arrow"},"wdio_ui5_key":"applicationmanageyards-display-component---NewYard--addressEditDetailsCostObjectCstType-arrow"}]}
RESULT: undefined
COMMAND: POST /session/7c0d23d2c82578952ab84395f5814e56/element - {"using":"xpath","value":"//*[@id=\"application-manageyards-display-component---NewYard--addressEditDetailsCostObjectCstType-arrow\"]"}
RESULT: {"using":"xpath","value":"//*[@id=\"application-manageyards-display-component---NewYard--addressEditDetailsCostObjectCstType-arrow\"]"}
COMMAND: POST /session/7c0d23d2c82578952ab84395f5814e56/element/f.3CCCAE1BF6DABF28B2CD237E7015FC54.d.BF99FE7566374E5217E1596B21D19981.e.583/click - {}
RESULT: {}
COMMAND: POST /session/7c0d23d2c82578952ab84395f5814e56/element - {"using":"xpath","value":"//span[contains(text(), \"Cost Center\")]"}
COMMAND: GET /session/7c0d23d2c82578952ab84395f5814e56/screenshot - {}
RESULT: {"using":"xpath","value":"//span[contains(text(), \"Cost Center\")]"}
COMMAND: POST /session/7c0d23d2c82578952ab84395f5814e56/element/f.3CCCAE1BF6DABF28B2CD237E7015FC54.d.BF99FE7566374E5217E1596B21D19981.e.584/click - {}
RESULT: {}
RESULT: {}
COMMAND: GET /session/7c0d23d2c82578952ab84395f5814e56/screenshot - {}
RESULT: {}
COMMAND: POST /session/7c0d23d2c82578952ab84395f5814e56/execute/async - {"script":"<script> [1562 bytes]","args":[{"selector":{"id":"application-manageyards-display-component---NewYard--addressNewCostObjectCstID-vhi"},"wdio_ui5_key":"applicationmanageyards-display-component---NewYard--addressNewCostObjectCstID-vhi"}]}
RESULT: {"script":"<script> [1562 bytes]","args":[{"selector":{"id":"application-manageyards-display-component---NewYard--addressNewCostObjectCstID-vhi"},"wdio_ui5_key":"applicationmanageyards-display-component---NewYard--addressNewCostObjectCstID-vhi"}]}
RESULT: undefined
COMMAND: POST /session/7c0d23d2c82578952ab84395f5814e56/element - {"using":"xpath","value":"//*[@id=\"application-manageyards-display-component---NewYard--addressNewCostObjectCstID-vhi\"]"}
RESULT: {"using":"xpath","value":"//*[@id=\"application-manageyards-display-component---NewYard--addressNewCostObjectCstID-vhi\"]"}
COMMAND: POST /session/7c0d23d2c82578952ab84395f5814e56/element/f.3CCCAE1BF6DABF28B2CD237E7015FC54.d.BF99FE7566374E5217E1596B21D19981.e.588/click - {}
RESULT: {}
COMMAND: GET /session/7c0d23d2c82578952ab84395f5814e56/screenshot - {}
RESULT: {}
COMMAND: POST /session/7c0d23d2c82578952ab84395f5814e56/execute/async - {"script":"<script> [1562 bytes]","args":[{"selector":{"controlType":"sap.m.SearchField","properties":{"placeholder":"Search"},"searchOpenDialogs":true,"interaction":{"idSuffix":"I"}},"wdio_ui5_key":"sapm.SearchField{\"placeholder\":\"Search\"}"}]}
RESULT: {"script":"<script> [1562 bytes]","args":[{"selector":{"controlType":"sap.m.SearchField","properties":{"placeholder":"Search"},"searchOpenDialogs":true,"interaction":{"idSuffix":"I"}},"wdio_ui5_key":"sapm.SearchField{\"placeholder\":\"Search\"}"}]}
RESULT: undefined
COMMAND: POST /session/7c0d23d2c82578952ab84395f5814e56/execute/async - {"script":"<script> [776 bytes]","args":[{"enterText":"10001013","selector":{"controlType":"sap.m.SearchField","properties":{"placeholder":"Search"},"searchOpenDialogs":true,"interaction":{"idSuffix":"I"}},"clearTextFirst":true,"interactionType":"ENTER_TEXT"}]}
RESULT: {"script":"<script> [776 bytes]","args":[{"enterText":"10001013","selector":{"controlType":"sap.m.SearchField","properties":{"placeholder":"Search"},"searchOpenDialogs":true,"interaction":{"idSuffix":"I"}},"clearTextFirst":true,"interactionType":"ENTER_TEXT"}]}
COMMAND: POST /session/7c0d23d2c82578952ab84395f5814e56/actions - {"actions":[{"id":"action2","type":"key","parameters":{},"actions":[{"type":"keyDown","value":"î€‡"},{"type":"pause","duration":10},{"type":"keyUp","value":"î€‡"}]}]}
RESULT: {"actions":[{"id":"action2","type":"key","parameters":{},"actions":[{"type":"keyDown","value":"î€‡"},{"type":"pause","duration":10},{"type":"keyUp","value":"î€‡"}]}]}
COMMAND: GET /session/7c0d23d2c82578952ab84395f5814e56/screenshot - {}
RESULT: {}
COMMAND: POST /session/7c0d23d2c82578952ab84395f5814e56/element - {"using":"xpath","value":"//span[contains(text(), \"General Management\")]"}
RESULT: {"using":"xpath","value":"//span[contains(text(), \"General Management\")]"}
COMMAND: POST /session/7c0d23d2c82578952ab84395f5814e56/element/f.3CCCAE1BF6DABF28B2CD237E7015FC54.d.BF99FE7566374E5217E1596B21D19981.e.629/click - {}
RESULT: {}
COMMAND: GET /session/7c0d23d2c82578952ab84395f5814e56/screenshot - {}
RESULT: {}
COMMAND: POST /session/7c0d23d2c82578952ab84395f5814e56/element - {"using":"xpath","value":"//bdi[contains(text(), \"OK\")]"}
RESULT: {"using":"xpath","value":"//bdi[contains(text(), \"OK\")]"}
COMMAND: POST /session/7c0d23d2c82578952ab84395f5814e56/element/f.3CCCAE1BF6DABF28B2CD237E7015FC54.d.BF99FE7566374E5217E1596B21D19981.e.630/click - {}
RESULT: {}
COMMAND: GET /session/7c0d23d2c82578952ab84395f5814e56/screenshot - {}
RESULT: {}
COMMAND: POST /session/7c0d23d2c82578952ab84395f5814e56/execute/async - {"script":"<script> [1562 bytes]","args":[{"selector":{"controlType":"sap.m.Button","viewName":"etm.portal.ui.manageyards.view.New","viewId":"application-manageyards-display-component---NewYard","i18NText":{"propertyName":"text","key":"save"},"interaction":{"idSuffix":"inner"}},"wdio_ui5_key":"etmportal.ui.manageyards.view.Newsap.m.Button{\"propertyName\":\"text\",\"key\":\"save\"}"}]}
RESULT: {"script":"<script> [1562 bytes]","args":[{"selector":{"controlType":"sap.m.Button","viewName":"etm.portal.ui.manageyards.view.New","viewId":"application-manageyards-display-component---NewYard","i18NText":{"propertyName":"text","key":"save"},"interaction":{"idSuffix":"inner"}},"wdio_ui5_key":"etmportal.ui.manageyards.view.Newsap.m.Button{\"propertyName\":\"text\",\"key\":\"save\"}"}]}
RESULT: undefined
COMMAND: POST /session/7c0d23d2c82578952ab84395f5814e56/element - {"using":"xpath","value":"//*[@id=\"__button18\"]"}
RESULT: {"using":"xpath","value":"//*[@id=\"__button18\"]"}
COMMAND: POST /session/7c0d23d2c82578952ab84395f5814e56/element/f.3CCCAE1BF6DABF28B2CD237E7015FC54.d.BF99FE7566374E5217E1596B21D19981.e.563/click - {}
RESULT: {}
COMMAND: GET /session/7c0d23d2c82578952ab84395f5814e56/screenshot - {}
RESULT: {}
COMMAND: POST /session/7c0d23d2c82578952ab84395f5814e56/element - {"using":"xpath","value":"//header/div/div[2]/div[2]/span"}
RESULT: {"using":"xpath","value":"//header/div/div[2]/div[2]/span"}
COMMAND: GET /session/7c0d23d2c82578952ab84395f5814e56/element/f.3CCCAE1BF6DABF28B2CD237E7015FC54.d.BF99FE7566374E5217E1596B21D19981.e.826/text - {}
RESULT: {}
COMMAND: POST /session/7c0d23d2c82578952ab84395f5814e56/execute/async - {"script":"<script> [1562 bytes]","args":[{"selector":{"controlType":"sap.m.OverflowToolbarButton","viewName":"etm.portal.ui.manageyards.view.Detail","viewId":"application-manageyards-display-component---detailYard","i18NText":{"propertyName":"tooltip","key":"closeColumn"},"interaction":{"idSuffix":"inner"}},"wdio_ui5_key":"etmportal.ui.manageyards.view.Detailsap.m.OverflowToolbarButton{\"propertyName\":\"tooltip\",\"key\":\"closeColumn\"}"}]}
RESULT: {"script":"<script> [1562 bytes]","args":[{"selector":{"controlType":"sap.m.OverflowToolbarButton","viewName":"etm.portal.ui.manageyards.view.Detail","viewId":"application-manageyards-display-component---detailYard","i18NText":{"propertyName":"tooltip","key":"closeColumn"},"interaction":{"idSuffix":"inner"}},"wdio_ui5_key":"etmportal.ui.manageyards.view.Detailsap.m.OverflowToolbarButton{\"propertyName\":\"tooltip\",\"key\":\"closeColumn\"}"}]}
RESULT: undefined
COMMAND: POST /session/7c0d23d2c82578952ab84395f5814e56/element - {"using":"xpath","value":"//*[@id=\"__button42\"]"}
RESULT: {"using":"xpath","value":"//*[@id=\"__button42\"]"}
COMMAND: POST /session/7c0d23d2c82578952ab84395f5814e56/element/f.3CCCAE1BF6DABF28B2CD237E7015FC54.d.BF99FE7566374E5217E1596B21D19981.e.828/click - {}
RESULT: {}
COMMAND: GET /session/7c0d23d2c82578952ab84395f5814e56/screenshot - {}
RESULT: {}
COMMAND: POST /session/7c0d23d2c82578952ab84395f5814e56/element - {"using":"css selector","value":"#shell-header-logo"}
RESULT: {"using":"css selector","value":"#shell-header-logo"}
COMMAND: POST /session/7c0d23d2c82578952ab84395f5814e56/element/f.3CCCAE1BF6DABF28B2CD237E7015FC54.d.BF99FE7566374E5217E1596B21D19981.e.119/click - {}
RESULT: {}
COMMAND: GET /session/7c0d23d2c82578952ab84395f5814e56/screenshot - {}
RESULT: {}
COMMAND: POST /session/7c0d23d2c82578952ab84395f5814e56/refresh - {}
RESULT: {}
COMMAND: GET /session/7c0d23d2c82578952ab84395f5814e56/screenshot - {}
RESULT: {}
COMMAND: POST /session/7c0d23d2c82578952ab84395f5814e56/execute/async - {"script":"<script> [189 bytes]","args":[]}
RESULT: {"script":"<script> [189 bytes]","args":[]}
COMMAND: POST /session/7c0d23d2c82578952ab84395f5814e56/execute/async - {"script":"<script> [123 bytes]","args":[]}
RESULT: {"script":"<script> [123 bytes]","args":[]}
COMMAND: POST /session/7c0d23d2c82578952ab84395f5814e56/timeouts - {"script":"<number>"}
RESULT: {"script":"<number>"}
COMMAND: GET /session/7c0d23d2c82578952ab84395f5814e56/timeouts - {}
RESULT: {}
RESULT: undefined
COMMAND: POST /session/7c0d23d2c82578952ab84395f5814e56/execute/async - {"script":"<script> [2676 bytes]","args":[]}
RESULT: {"script":"<script> [2676 bytes]","args":[]}
COMMAND: POST /session/7c0d23d2c82578952ab84395f5814e56/execute/async - {"script":"<script> [2342 bytes]","args":[{"protocol":"http","hostname":"0.0.0.0","path":"/","capabilities":{"browserName":"chrome","goog:chromeOptions":{"binary":"C:\\Program Files\\Google\\Chrome\\Application\\chrome.exe","args":["--start-maximized"]}},"logLevel":"warn","connectionRetryTimeout":120000,"connectionRetryCount":3,"logLevels":{},"enableDirectConnect":true,"strictSSL":true,"_":"65 more keys: [\"cacheDir\",\"port\",\"requestedCapabilities\",\"automationProtocol\",\"baseUrl\",\"waitforInterval\",\"waitforTimeout\",\"onReload\",\"beforeCommand\",\"afterCommand\",\"rootDir\",\"specs\",\"suites\",\"exclude\",\"groupLogsByTestSpec\",\"excludeDriverLogs\",\"bail\",\"framework\",\"reporters\",\"services\",\"maxInstances\",\"maxInstancesPerCapability\",\"injectGlobals\",\"filesToWatch\",\"execArgv\",\"runnerEnv\",\"runner\",\"shard\",\"specFileRetries\",\"specFileRetriesDelay\",\"specFileRetriesDeferred\",\"reporterSyncInterval\",\"reporterSyncTimeout\",\"cucumberFeaturesWithLineNumbers\",\"autoCompileOpts\",\"mochaOpts\",\"jasmineOpts\",\"cucumberOpts\",\"onPrepare\",\"onWorkerStart\",\"onWorkerEnd\",\"before\",\"beforeSession\",\"beforeSuite\",\"beforeHook\",\"beforeTest\",\"afterTest\",\"afterHook\",\"afterSuite\",\"afterSession\",\"after\",\"onComplete\",\"beforeAssertion\",\"afterAssertion\",\"beforeFeature\",\"beforeScenario\",\"beforeStep\",\"afterStep\",\"afterScenario\",\"afterFeature\",\"_\",\"suite\",\"$0\",\"ignoredWorkerServices\",\"wdi5\"]"}]}
RESULT: {"script":"<script> [2342 bytes]","args":[{"protocol":"http","hostname":"0.0.0.0","path":"/","capabilities":{"browserName":"chrome","goog:chromeOptions":{"binary":"C:\\Program Files\\Google\\Chrome\\Application\\chrome.exe","args":["--start-maximized"]}},"logLevel":"warn","connectionRetryTimeout":120000,"connectionRetryCount":3,"logLevels":{},"enableDirectConnect":true,"strictSSL":true,"_":"65 more keys: [\"cacheDir\",\"port\",\"requestedCapabilities\",\"automationProtocol\",\"baseUrl\",\"waitforInterval\",\"waitforTimeout\",\"onReload\",\"beforeCommand\",\"afterCommand\",\"rootDir\",\"specs\",\"suites\",\"exclude\",\"groupLogsByTestSpec\",\"excludeDriverLogs\",\"bail\",\"framework\",\"reporters\",\"services\",\"maxInstances\",\"maxInstancesPerCapability\",\"injectGlobals\",\"filesToWatch\",\"execArgv\",\"runnerEnv\",\"runner\",\"shard\",\"specFileRetries\",\"specFileRetriesDelay\",\"specFileRetriesDeferred\",\"reporterSyncInterval\",\"reporterSyncTimeout\",\"cucumberFeaturesWithLineNumbers\",\"autoCompileOpts\",\"mochaOpts\",\"jasmineOpts\",\"cucumberOpts\",\"onPrepare\",\"onWorkerStart\",\"onWorkerEnd\",\"before\",\"beforeSession\",\"beforeSuite\",\"beforeHook\",\"beforeTest\",\"afterTest\",\"afterHook\",\"afterSuite\",\"afterSession\",\"after\",\"onComplete\",\"beforeAssertion\",\"afterAssertion\",\"beforeFeature\",\"beforeScenario\",\"beforeStep\",\"afterStep\",\"afterScenario\",\"afterFeature\",\"_\",\"suite\",\"$0\",\"ignoredWorkerServices\",\"wdi5\"]"}]}
COMMAND: POST /session/7c0d23d2c82578952ab84395f5814e56/execute/async - {"script":"<script> [21126 bytes]","args":[35000]}
RESULT: {"script":"<script> [21126 bytes]","args":[35000]}
COMMAND: POST /session/7c0d23d2c82578952ab84395f5814e56/execute/async - {"script":"<script> [1562 bytes]","args":[{"selector":{"controlType":"sap.m.GenericTile","properties":{"header":"Manage Sites"}},"wdio_ui5_key":"sapm.GenericTile{\"header\":\"Manage Sites\"}"}]}
RESULT: {"script":"<script> [1562 bytes]","args":[{"selector":{"controlType":"sap.m.GenericTile","properties":{"header":"Manage Sites"}},"wdio_ui5_key":"sapm.GenericTile{\"header\":\"Manage Sites\"}"}]}
RESULT: undefined
COMMAND: POST /session/7c0d23d2c82578952ab84395f5814e56/element - {"using":"xpath","value":"//*[@id=\"__tile40\"]"}
RESULT: {"using":"xpath","value":"//*[@id=\"__tile40\"]"}
COMMAND: POST /session/7c0d23d2c82578952ab84395f5814e56/element/f.3CCCAE1BF6DABF28B2CD237E7015FC54.d.83D50368E81B3090EB9A450E3D7CBA27.e.1183/click - {}
RESULT: {}
COMMAND: GET /session/7c0d23d2c82578952ab84395f5814e56/screenshot - {}
RESULT: {}
COMMAND: POST /session/7c0d23d2c82578952ab84395f5814e56/elements - {"using":"xpath","value":"//span[text()='Error']"}
RESULT: {"using":"xpath","value":"//span[text()='Error']"}
COMMAND: POST /session/7c0d23d2c82578952ab84395f5814e56/execute/async - {"script":"<script> [1562 bytes]","args":[{"selector":{"controlType":"sap.ui.core.Icon","viewName":"etm.portal.ui.managesites.view.Master","viewId":"application-managesites-display-component---masterSite","properties":{"src":{"regex":{"source":"add"}}}},"wdio_ui5_key":"etmportal.ui.managesites.view.Mastersap.ui.core.Icon{\"src\":{\"regex\":{\"source\":\"add\"}}}"}]}
RESULT: {"script":"<script> [1562 bytes]","args":[{"selector":{"controlType":"sap.ui.core.Icon","viewName":"etm.portal.ui.managesites.view.Master","viewId":"application-managesites-display-component---masterSite","properties":{"src":{"regex":{"source":"add"}}}},"wdio_ui5_key":"etmportal.ui.managesites.view.Mastersap.ui.core.Icon{\"src\":{\"regex\":{\"source\":\"add\"}}}"}]}
RESULT: undefined
COMMAND: POST /session/7c0d23d2c82578952ab84395f5814e56/element - {"using":"xpath","value":"//*[@id=\"__button4-img\"]"}
RESULT: {"using":"xpath","value":"//*[@id=\"__button4-img\"]"}
COMMAND: POST /session/7c0d23d2c82578952ab84395f5814e56/element/f.3CCCAE1BF6DABF28B2CD237E7015FC54.d.83D50368E81B3090EB9A450E3D7CBA27.e.1234/click - {}
RESULT: {}
COMMAND: POST /session/7c0d23d2c82578952ab84395f5814e56/execute/async - {"script":"<script> [1562 bytes]","args":[{"selector":{"id":"application-managesites-display-component---NewSite--siteId","interaction":{"idSuffix":"inner"}},"wdio_ui5_key":"applicationmanagesites-display-component---NewSite--siteId"}]}
COMMAND: GET /session/7c0d23d2c82578952ab84395f5814e56/screenshot - {}
RESULT: {"script":"<script> [1562 bytes]","args":[{"selector":{"id":"application-managesites-display-component---NewSite--siteId","interaction":{"idSuffix":"inner"}},"wdio_ui5_key":"applicationmanagesites-display-component---NewSite--siteId"}]}
RESULT: undefined
COMMAND: POST /session/7c0d23d2c82578952ab84395f5814e56/execute/async - {"script":"<script> [1562 bytes]","args":[{"selector":{"id":"application-managesites-display-component---NewSite--addressDetailDetailsName1","interaction":{"idSuffix":"inner"}},"wdio_ui5_key":"applicationmanagesites-display-component---NewSite--addressDetailDetailsName1"}]}
RESULT: {}
RESULT: {"script":"<script> [1562 bytes]","args":[{"selector":{"id":"application-managesites-display-component---NewSite--addressDetailDetailsName1","interaction":{"idSuffix":"inner"}},"wdio_ui5_key":"applicationmanagesites-display-component---NewSite--addressDetailDetailsName1"}]}
RESULT: undefined
COMMAND: POST /session/7c0d23d2c82578952ab84395f5814e56/execute/async - {"script":"<script> [776 bytes]","args":[{"enterText":"WebdriverSitegeshs","selector":{"id":"application-managesites-display-component---NewSite--addressDetailDetailsName1","interaction":{"idSuffix":"inner"}},"clearTextFirst":true,"interactionType":"ENTER_TEXT"}]}
RESULT: {"script":"<script> [776 bytes]","args":[{"enterText":"WebdriverSitegeshs","selector":{"id":"application-managesites-display-component---NewSite--addressDetailDetailsName1","interaction":{"idSuffix":"inner"}},"clearTextFirst":true,"interactionType":"ENTER_TEXT"}]}
COMMAND: POST /session/7c0d23d2c82578952ab84395f5814e56/execute/async - {"script":"<script> [1562 bytes]","args":[{"selector":{"id":"application-managesites-display-component---NewSite--addressDetailDetailsLanguage","interaction":{"idSuffix":"inner"}},"wdio_ui5_key":"applicationmanagesites-display-component---NewSite--addressDetailDetailsLanguage"}]}
RESULT: {"script":"<script> [1562 bytes]","args":[{"selector":{"id":"application-managesites-display-component---NewSite--addressDetailDetailsLanguage","interaction":{"idSuffix":"inner"}},"wdio_ui5_key":"applicationmanagesites-display-component---NewSite--addressDetailDetailsLanguage"}]}
RESULT: undefined
COMMAND: POST /session/7c0d23d2c82578952ab84395f5814e56/execute/async - {"script":"<script> [776 bytes]","args":[{"enterText":"Romanian","selector":{"id":"application-managesites-display-component---NewSite--addressDetailDetailsLanguage","interaction":{"idSuffix":"inner"}},"clearTextFirst":true,"interactionType":"ENTER_TEXT"}]}
RESULT: {"script":"<script> [776 bytes]","args":[{"enterText":"Romanian","selector":{"id":"application-managesites-display-component---NewSite--addressDetailDetailsLanguage","interaction":{"idSuffix":"inner"}},"clearTextFirst":true,"interactionType":"ENTER_TEXT"}]}
COMMAND: POST /session/7c0d23d2c82578952ab84395f5814e56/execute/async - {"script":"<script> [1562 bytes]","args":[{"selector":{"id":"application-managesites-display-component---NewSite--addressDetailDetailsCity1","interaction":{"idSuffix":"inner"}},"wdio_ui5_key":"applicationmanagesites-display-component---NewSite--addressDetailDetailsCity1"}]}
RESULT: {"script":"<script> [1562 bytes]","args":[{"selector":{"id":"application-managesites-display-component---NewSite--addressDetailDetailsCity1","interaction":{"idSuffix":"inner"}},"wdio_ui5_key":"applicationmanagesites-display-component---NewSite--addressDetailDetailsCity1"}]}
RESULT: undefined
COMMAND: POST /session/7c0d23d2c82578952ab84395f5814e56/execute/async - {"script":"<script> [776 bytes]","args":[{"enterText":"Bucharest","selector":{"id":"application-managesites-display-component---NewSite--addressDetailDetailsCity1","interaction":{"idSuffix":"inner"}},"clearTextFirst":true,"interactionType":"ENTER_TEXT"}]}
RESULT: {"script":"<script> [776 bytes]","args":[{"enterText":"Bucharest","selector":{"id":"application-managesites-display-component---NewSite--addressDetailDetailsCity1","interaction":{"idSuffix":"inner"}},"clearTextFirst":true,"interactionType":"ENTER_TEXT"}]}
COMMAND: POST /session/7c0d23d2c82578952ab84395f5814e56/execute/async - {"script":"<script> [1562 bytes]","args":[{"selector":{"id":"application-managesites-display-component---NewSite--addressDetailDetailsCountry","interaction":{"idSuffix":"inner"}},"wdio_ui5_key":"applicationmanagesites-display-component---NewSite--addressDetailDetailsCountry"}]}
RESULT: {"script":"<script> [1562 bytes]","args":[{"selector":{"id":"application-managesites-display-component---NewSite--addressDetailDetailsCountry","interaction":{"idSuffix":"inner"}},"wdio_ui5_key":"applicationmanagesites-display-component---NewSite--addressDetailDetailsCountry"}]}
RESULT: undefined
COMMAND: POST /session/7c0d23d2c82578952ab84395f5814e56/execute/async - {"script":"<script> [776 bytes]","args":[{"enterText":"Romania","selector":{"id":"application-managesites-display-component---NewSite--addressDetailDetailsCountry","interaction":{"idSuffix":"inner"}},"clearTextFirst":true,"interactionType":"ENTER_TEXT"}]}
RESULT: {"script":"<script> [776 bytes]","args":[{"enterText":"Romania","selector":{"id":"application-managesites-display-component---NewSite--addressDetailDetailsCountry","interaction":{"idSuffix":"inner"}},"clearTextFirst":true,"interactionType":"ENTER_TEXT"}]}
COMMAND: POST /session/7c0d23d2c82578952ab84395f5814e56/element - {"using":"css selector","value":"#application-managesites-display-component---NewSite--addressDetailDetailsCalendar-inner"}
RESULT: {"using":"css selector","value":"#application-managesites-display-component---NewSite--addressDetailDetailsCalendar-inner"}
COMMAND: POST /session/7c0d23d2c82578952ab84395f5814e56/element/f.3CCCAE1BF6DABF28B2CD237E7015FC54.d.83D50368E81B3090EB9A450E3D7CBA27.e.1418/clear - {}
RESULT: {}
COMMAND: POST /session/7c0d23d2c82578952ab84395f5814e56/element/f.3CCCAE1BF6DABF28B2CD237E7015FC54.d.83D50368E81B3090EB9A450E3D7CBA27.e.1418/value - {"text":"Germany"}
COMMAND: GET /session/7c0d23d2c82578952ab84395f5814e56/screenshot - {}
RESULT: {"text":"Germany"}
COMMAND: POST /session/7c0d23d2c82578952ab84395f5814e56/execute/async - {"script":"<script> [1562 bytes]","args":[{"selector":{"id":"application-managesites-display-component---NewSite--addressEditDetailsCostObjectCstType-arrow"},"wdio_ui5_key":"applicationmanagesites-display-component---NewSite--addressEditDetailsCostObjectCstType-arrow"}]}
COMMAND: GET /session/7c0d23d2c82578952ab84395f5814e56/screenshot - {}
RESULT: {}
RESULT: {"script":"<script> [1562 bytes]","args":[{"selector":{"id":"application-managesites-display-component---NewSite--addressEditDetailsCostObjectCstType-arrow"},"wdio_ui5_key":"applicationmanagesites-display-component---NewSite--addressEditDetailsCostObjectCstType-arrow"}]}
RESULT: undefined
COMMAND: POST /session/7c0d23d2c82578952ab84395f5814e56/element - {"using":"xpath","value":"//*[@id=\"application-managesites-display-component---NewSite--addressEditDetailsCostObjectCstType-arrow\"]"}
RESULT: {}
RESULT: {"using":"xpath","value":"//*[@id=\"application-managesites-display-component---NewSite--addressEditDetailsCostObjectCstType-arrow\"]"}
COMMAND: POST /session/7c0d23d2c82578952ab84395f5814e56/element/f.3CCCAE1BF6DABF28B2CD237E7015FC54.d.83D50368E81B3090EB9A450E3D7CBA27.e.1616/click - {}
RESULT: {}
COMMAND: POST /session/7c0d23d2c82578952ab84395f5814e56/element - {"using":"xpath","value":"//span[contains(text(), \"Work Breakdown Structure\")]"}
COMMAND: GET /session/7c0d23d2c82578952ab84395f5814e56/screenshot - {}
RESULT: {"using":"xpath","value":"//span[contains(text(), \"Work Breakdown Structure\")]"}
COMMAND: POST /session/7c0d23d2c82578952ab84395f5814e56/element/f.3CCCAE1BF6DABF28B2CD237E7015FC54.d.83D50368E81B3090EB9A450E3D7CBA27.e.1617/click - {}
RESULT: {}
RESULT: {}
COMMAND: GET /session/7c0d23d2c82578952ab84395f5814e56/screenshot - {}
RESULT: {}
COMMAND: POST /session/7c0d23d2c82578952ab84395f5814e56/execute/async - {"script":"<script> [1562 bytes]","args":[{"selector":{"id":"application-managesites-display-component---NewSite--addressNewCostObjectCstID-vhi"},"wdio_ui5_key":"applicationmanagesites-display-component---NewSite--addressNewCostObjectCstID-vhi"}]}
RESULT: {"script":"<script> [1562 bytes]","args":[{"selector":{"id":"application-managesites-display-component---NewSite--addressNewCostObjectCstID-vhi"},"wdio_ui5_key":"applicationmanagesites-display-component---NewSite--addressNewCostObjectCstID-vhi"}]}
RESULT: undefined
COMMAND: POST /session/7c0d23d2c82578952ab84395f5814e56/element - {"using":"xpath","value":"//*[@id=\"application-managesites-display-component---NewSite--addressNewCostObjectCstID-vhi\"]"}
RESULT: {"using":"xpath","value":"//*[@id=\"application-managesites-display-component---NewSite--addressNewCostObjectCstID-vhi\"]"}
COMMAND: POST /session/7c0d23d2c82578952ab84395f5814e56/element/f.3CCCAE1BF6DABF28B2CD237E7015FC54.d.83D50368E81B3090EB9A450E3D7CBA27.e.1621/click - {}
RESULT: {}
COMMAND: GET /session/7c0d23d2c82578952ab84395f5814e56/screenshot - {}
RESULT: {}
COMMAND: POST /session/7c0d23d2c82578952ab84395f5814e56/execute/async - {"script":"<script> [1562 bytes]","args":[{"selector":{"controlType":"sap.m.SearchField","properties":{"placeholder":"Search"},"searchOpenDialogs":true,"interaction":{"idSuffix":"I"}},"wdio_ui5_key":"sapm.SearchField{\"placeholder\":\"Search\"}"}]}
RESULT: {"script":"<script> [1562 bytes]","args":[{"selector":{"controlType":"sap.m.SearchField","properties":{"placeholder":"Search"},"searchOpenDialogs":true,"interaction":{"idSuffix":"I"}},"wdio_ui5_key":"sapm.SearchField{\"placeholder\":\"Search\"}"}]}
RESULT: undefined
COMMAND: POST /session/7c0d23d2c82578952ab84395f5814e56/execute/async - {"script":"<script> [776 bytes]","args":[{"enterText":"A1-000100-01","selector":{"controlType":"sap.m.SearchField","properties":{"placeholder":"Search"},"searchOpenDialogs":true,"interaction":{"idSuffix":"I"}},"clearTextFirst":true,"interactionType":"ENTER_TEXT"}]}
RESULT: {"script":"<script> [776 bytes]","args":[{"enterText":"A1-000100-01","selector":{"controlType":"sap.m.SearchField","properties":{"placeholder":"Search"},"searchOpenDialogs":true,"interaction":{"idSuffix":"I"}},"clearTextFirst":true,"interactionType":"ENTER_TEXT"}]}
COMMAND: POST /session/7c0d23d2c82578952ab84395f5814e56/actions - {"actions":[{"id":"action3","type":"key","parameters":{},"actions":[{"type":"keyDown","value":"î€‡"},{"type":"pause","duration":10},{"type":"keyUp","value":"î€‡"}]}]}
RESULT: {"actions":[{"id":"action3","type":"key","parameters":{},"actions":[{"type":"keyDown","value":"î€‡"},{"type":"pause","duration":10},{"type":"keyUp","value":"î€‡"}]}]}
COMMAND: GET /session/7c0d23d2c82578952ab84395f5814e56/screenshot - {}
RESULT: {}
COMMAND: POST /session/7c0d23d2c82578952ab84395f5814e56/element - {"using":"xpath","value":"//span[contains(text(), \"Template for ETO-Process\")]"}
RESULT: {"using":"xpath","value":"//span[contains(text(), \"Template for ETO-Process\")]"}
COMMAND: POST /session/7c0d23d2c82578952ab84395f5814e56/element/f.3CCCAE1BF6DABF28B2CD237E7015FC54.d.83D50368E81B3090EB9A450E3D7CBA27.e.1640/click - {}
RESULT: {}
COMMAND: GET /session/7c0d23d2c82578952ab84395f5814e56/screenshot - {}
RESULT: {}
COMMAND: POST /session/7c0d23d2c82578952ab84395f5814e56/element - {"using":"xpath","value":"//bdi[contains(text(), \"OK\")]"}
RESULT: {"using":"xpath","value":"//bdi[contains(text(), \"OK\")]"}
COMMAND: POST /session/7c0d23d2c82578952ab84395f5814e56/element/f.3CCCAE1BF6DABF28B2CD237E7015FC54.d.83D50368E81B3090EB9A450E3D7CBA27.e.1641/click - {}
RESULT: {}
COMMAND: GET /session/7c0d23d2c82578952ab84395f5814e56/screenshot - {}
RESULT: {}
COMMAND: POST /session/7c0d23d2c82578952ab84395f5814e56/element - {"using":"xpath","value":"//input[@id=\"application-managesites-display-component---NewSite--addressDetailDetailsYard-inner\"]"}
RESULT: {"using":"xpath","value":"//input[@id=\"application-managesites-display-component---NewSite--addressDetailDetailsYard-inner\"]"}
COMMAND: POST /session/7c0d23d2c82578952ab84395f5814e56/element/f.3CCCAE1BF6DABF28B2CD237E7015FC54.d.83D50368E81B3090EB9A450E3D7CBA27.e.1419/value - {"text":"WebdriverYardj9s93"}
RESULT: {"text":"WebdriverYardj9s93"}
COMMAND: GET /session/7c0d23d2c82578952ab84395f5814e56/screenshot - {}
RESULT: {}
COMMAND: POST /session/7c0d23d2c82578952ab84395f5814e56/actions - {"actions":[{"id":"action4","type":"key","parameters":{},"actions":[{"type":"keyDown","value":"î€‡"},{"type":"pause","duration":10},{"type":"keyUp","value":"î€‡"}]}]}
RESULT: {"actions":[{"id":"action4","type":"key","parameters":{},"actions":[{"type":"keyDown","value":"î€‡"},{"type":"pause","duration":10},{"type":"keyUp","value":"î€‡"}]}]}
COMMAND: GET /session/7c0d23d2c82578952ab84395f5814e56/screenshot - {}
RESULT: {}
COMMAND: POST /session/7c0d23d2c82578952ab84395f5814e56/element - {"using":"xpath","value":"//input[@id=\"application-managesites-display-component---NewSite--addressDetailDetailsPartner-inner\"]"}
RESULT: {"using":"xpath","value":"//input[@id=\"application-managesites-display-component---NewSite--addressDetailDetailsPartner-inner\"]"}
COMMAND: POST /session/7c0d23d2c82578952ab84395f5814e56/elements - {"using":"xpath","value":"//input[@id=\"application-managesites-display-component---NewSite--addressDetailDetailsPartner-inner\"]"}
RESULT: {"using":"xpath","value":"//input[@id=\"application-managesites-display-component---NewSite--addressDetailDetailsPartner-inner\"]"}
COMMAND: POST /session/7c0d23d2c82578952ab84395f5814e56/execute/async - {"script":"<script> [1562 bytes]","args":[{"selector":{"controlType":"sap.m.Button","viewName":"etm.portal.ui.managesites.view.NewSmartSite","viewId":"application-managesites-display-component---NewSite","properties":{"text":"Commercial"},"interaction":{"idSuffix":"BDI-content"}},"wdio_ui5_key":"etmportal.ui.managesites.view.NewSmartSitesap.m.Button{\"text\":\"Commercial\"}"}]}
RESULT: {"script":"<script> [1562 bytes]","args":[{"selector":{"controlType":"sap.m.Button","viewName":"etm.portal.ui.managesites.view.NewSmartSite","viewId":"application-managesites-display-component---NewSite","properties":{"text":"Commercial"},"interaction":{"idSuffix":"BDI-content"}},"wdio_ui5_key":"etmportal.ui.managesites.view.NewSmartSitesap.m.Button{\"text\":\"Commercial\"}"}]}
RESULT: undefined
COMMAND: POST /session/7c0d23d2c82578952ab84395f5814e56/element - {"using":"xpath","value":"//*[@id=\"application-managesites-display-component---NewSite--ObjectPageLayout-anchBar-__section5-anchor\"]"}
RESULT: {"using":"xpath","value":"//*[@id=\"application-managesites-display-component---NewSite--ObjectPageLayout-anchBar-__section5-anchor\"]"}
COMMAND: POST /session/7c0d23d2c82578952ab84395f5814e56/element/f.3CCCAE1BF6DABF28B2CD237E7015FC54.d.83D50368E81B3090EB9A450E3D7CBA27.e.1648/click - {}
RESULT: {}
COMMAND: POST /session/7c0d23d2c82578952ab84395f5814e56/execute/async - {"script":"<script> [1562 bytes]","args":[{"selector":{"controlType":"sap.m.Button","viewName":"etm.portal.ui.managesites.view.NewSmartSite","viewId":"application-managesites-display-component---NewSite","i18NText":{"propertyName":"text","key":"save"},"interaction":{"idSuffix":"BDI-content"}},"wdio_ui5_key":"etmportal.ui.managesites.view.NewSmartSitesap.m.Button{\"propertyName\":\"text\",\"key\":\"save\"}"}]}
COMMAND: GET /session/7c0d23d2c82578952ab84395f5814e56/screenshot - {}
RESULT: {"script":"<script> [1562 bytes]","args":[{"selector":{"controlType":"sap.m.Button","viewName":"etm.portal.ui.managesites.view.NewSmartSite","viewId":"application-managesites-display-component---NewSite","i18NText":{"propertyName":"text","key":"save"},"interaction":{"idSuffix":"BDI-content"}},"wdio_ui5_key":"etmportal.ui.managesites.view.NewSmartSitesap.m.Button{\"propertyName\":\"text\",\"key\":\"save\"}"}]}
RESULT: undefined
COMMAND: POST /session/7c0d23d2c82578952ab84395f5814e56/element - {"using":"xpath","value":"//*[@id=\"__button16\"]"}
RESULT: {}
RESULT: {"using":"xpath","value":"//*[@id=\"__button16\"]"}
COMMAND: POST /session/7c0d23d2c82578952ab84395f5814e56/element/f.3CCCAE1BF6DABF28B2CD237E7015FC54.d.83D50368E81B3090EB9A450E3D7CBA27.e.1595/click - {}
RESULT: {}
COMMAND: GET /session/7c0d23d2c82578952ab84395f5814e56/screenshot - {}
RESULT: {}
COMMAND: POST /session/7c0d23d2c82578952ab84395f5814e56/execute/async - {"script":"<script> [1562 bytes]","args":[{"selector":{"id":"application-managesites-display-component---detailSite--addressDetailDetailsYardText"},"wdio_ui5_key":"applicationmanagesites-display-component---detailSite--addressDetailDetailsYardText"}]}
RESULT: {"script":"<script> [1562 bytes]","args":[{"selector":{"id":"application-managesites-display-component---detailSite--addressDetailDetailsYardText"},"wdio_ui5_key":"applicationmanagesites-display-component---detailSite--addressDetailDetailsYardText"}]}
RESULT: undefined
COMMAND: POST /session/7c0d23d2c82578952ab84395f5814e56/element - {"using":"xpath","value":"//header/div/div[2]/div[2]/span"}
RESULT: {"using":"xpath","value":"//header/div/div[2]/div[2]/span"}
COMMAND: GET /session/7c0d23d2c82578952ab84395f5814e56/element/f.3CCCAE1BF6DABF28B2CD237E7015FC54.d.83D50368E81B3090EB9A450E3D7CBA27.e.1855/text - {}
RESULT: {}
COMMAND: POST /session/7c0d23d2c82578952ab84395f5814e56/element - {"using":"xpath","value":"//header/div/div/div/div/div/div[2]/div/span"}
RESULT: {"using":"xpath","value":"//header/div/div/div/div/div/div[2]/div/span"}
COMMAND: GET /session/7c0d23d2c82578952ab84395f5814e56/element/f.3CCCAE1BF6DABF28B2CD237E7015FC54.d.83D50368E81B3090EB9A450E3D7CBA27.e.1856/text - {}
RESULT: {}
COMMAND: POST /session/7c0d23d2c82578952ab84395f5814e56/element - {"using":"css selector","value":"#shell-header-logo"}
RESULT: {"using":"css selector","value":"#shell-header-logo"}
COMMAND: POST /session/7c0d23d2c82578952ab84395f5814e56/element/f.3CCCAE1BF6DABF28B2CD237E7015FC54.d.83D50368E81B3090EB9A450E3D7CBA27.e.1187/click - {}
RESULT: {}
COMMAND: GET /session/7c0d23d2c82578952ab84395f5814e56/screenshot - {}
RESULT: {}
COMMAND: POST /session/7c0d23d2c82578952ab84395f5814e56/execute/async - {"script":"<script> [1562 bytes]","args":[{"selector":{"controlType":"sap.m.GenericTile","properties":{"header":"Manage Partners"}},"wdio_ui5_key":"sapm.GenericTile{\"header\":\"Manage Partners\"}"}]}
RESULT: {"script":"<script> [1562 bytes]","args":[{"selector":{"controlType":"sap.m.GenericTile","properties":{"header":"Manage Partners"}},"wdio_ui5_key":"sapm.GenericTile{\"header\":\"Manage Partners\"}"}]}
RESULT: undefined
COMMAND: POST /session/7c0d23d2c82578952ab84395f5814e56/element - {"using":"xpath","value":"//*[@id=\"__tile38\"]"}
RESULT: {"using":"xpath","value":"//*[@id=\"__tile38\"]"}
COMMAND: POST /session/7c0d23d2c82578952ab84395f5814e56/element/f.3CCCAE1BF6DABF28B2CD237E7015FC54.d.83D50368E81B3090EB9A450E3D7CBA27.e.1858/click - {}
RESULT: {}
COMMAND: GET /session/7c0d23d2c82578952ab84395f5814e56/screenshot - {}
RESULT: {}
COMMAND: POST /session/7c0d23d2c82578952ab84395f5814e56/elements - {"using":"xpath","value":"//span[text()='Error']"}
RESULT: {"using":"xpath","value":"//span[text()='Error']"}
COMMAND: POST /session/7c0d23d2c82578952ab84395f5814e56/execute/async - {"script":"<script> [1562 bytes]","args":[{"selector":{"controlType":"sap.ui.core.Icon","viewName":"etm.portal.ui.managepartners.view.Master","viewId":"application-managepartners-display-component---masterPtm","properties":{"src":{"regex":{"source":"add"}}}},"wdio_ui5_key":"etmportal.ui.managepartners.view.Mastersap.ui.core.Icon{\"src\":{\"regex\":{\"source\":\"add\"}}}"}]}
RESULT: {"script":"<script> [1562 bytes]","args":[{"selector":{"controlType":"sap.ui.core.Icon","viewName":"etm.portal.ui.managepartners.view.Master","viewId":"application-managepartners-display-component---masterPtm","properties":{"src":{"regex":{"source":"add"}}}},"wdio_ui5_key":"etmportal.ui.managepartners.view.Mastersap.ui.core.Icon{\"src\":{\"regex\":{\"source\":\"add\"}}}"}]}
RESULT: undefined
COMMAND: POST /session/7c0d23d2c82578952ab84395f5814e56/element - {"using":"xpath","value":"//*[@id=\"__button60-img\"]"}
RESULT: {"using":"xpath","value":"//*[@id=\"__button60-img\"]"}
COMMAND: POST /session/7c0d23d2c82578952ab84395f5814e56/element/f.3CCCAE1BF6DABF28B2CD237E7015FC54.d.83D50368E81B3090EB9A450E3D7CBA27.e.1907/click - {}
RESULT: {}
COMMAND: GET /session/7c0d23d2c82578952ab84395f5814e56/screenshot - {}
RESULT: {}
COMMAND: POST /session/7c0d23d2c82578952ab84395f5814e56/execute/async - {"script":"<script> [1562 bytes]","args":[{"selector":{"id":"application-managepartners-display-component---NewPartner--partnerId","interaction":{"idSuffix":"inner"}},"wdio_ui5_key":"applicationmanagepartners-display-component---NewPartner--partnerId"}]}
RESULT: {"script":"<script> [1562 bytes]","args":[{"selector":{"id":"application-managepartners-display-component---NewPartner--partnerId","interaction":{"idSuffix":"inner"}},"wdio_ui5_key":"applicationmanagepartners-display-component---NewPartner--partnerId"}]}
RESULT: undefined
COMMAND: POST /session/7c0d23d2c82578952ab84395f5814e56/execute/async - {"script":"<script> [1562 bytes]","args":[{"selector":{"id":"application-managepartners-display-component---NewPartner--addressDetailDetailsName1","interaction":{"idSuffix":"inner"}},"wdio_ui5_key":"applicationmanagepartners-display-component---NewPartner--addressDetailDetailsName1"}]}
RESULT: {"script":"<script> [1562 bytes]","args":[{"selector":{"id":"application-managepartners-display-component---NewPartner--addressDetailDetailsName1","interaction":{"idSuffix":"inner"}},"wdio_ui5_key":"applicationmanagepartners-display-component---NewPartner--addressDetailDetailsName1"}]}
RESULT: undefined
COMMAND: POST /session/7c0d23d2c82578952ab84395f5814e56/execute/async - {"script":"<script> [776 bytes]","args":[{"enterText":"WebdriverPartner8auat","selector":{"id":"application-managepartners-display-component---NewPartner--addressDetailDetailsName1","interaction":{"idSuffix":"inner"}},"clearTextFirst":true,"interactionType":"ENTER_TEXT"}]}
RESULT: {"script":"<script> [776 bytes]","args":[{"enterText":"WebdriverPartner8auat","selector":{"id":"application-managepartners-display-component---NewPartner--addressDetailDetailsName1","interaction":{"idSuffix":"inner"}},"clearTextFirst":true,"interactionType":"ENTER_TEXT"}]}
COMMAND: POST /session/7c0d23d2c82578952ab84395f5814e56/execute/async - {"script":"<script> [1562 bytes]","args":[{"selector":{"id":"application-managepartners-display-component---NewPartner--addressDetailDetailsLanguage","interaction":{"idSuffix":"inner"}},"wdio_ui5_key":"applicationmanagepartners-display-component---NewPartner--addressDetailDetailsLanguage"}]}
RESULT: {"script":"<script> [1562 bytes]","args":[{"selector":{"id":"application-managepartners-display-component---NewPartner--addressDetailDetailsLanguage","interaction":{"idSuffix":"inner"}},"wdio_ui5_key":"applicationmanagepartners-display-component---NewPartner--addressDetailDetailsLanguage"}]}
RESULT: undefined
COMMAND: POST /session/7c0d23d2c82578952ab84395f5814e56/execute/async - {"script":"<script> [776 bytes]","args":[{"enterText":"Romanian","selector":{"id":"application-managepartners-display-component---NewPartner--addressDetailDetailsLanguage","interaction":{"idSuffix":"inner"}},"clearTextFirst":true,"interactionType":"ENTER_TEXT"}]}
RESULT: {"script":"<script> [776 bytes]","args":[{"enterText":"Romanian","selector":{"id":"application-managepartners-display-component---NewPartner--addressDetailDetailsLanguage","interaction":{"idSuffix":"inner"}},"clearTextFirst":true,"interactionType":"ENTER_TEXT"}]}
COMMAND: POST /session/7c0d23d2c82578952ab84395f5814e56/element - {"using":"xpath","value":"//input[contains(@id ,\"application-managepartners-display-component---NewPartner--addressDetailDetailsName1-inner\")]"}
RESULT: {"using":"xpath","value":"//input[contains(@id ,\"application-managepartners-display-component---NewPartner--addressDetailDetailsName1-inner\")]"}
COMMAND: GET /session/7c0d23d2c82578952ab84395f5814e56/element/f.3CCCAE1BF6DABF28B2CD237E7015FC54.d.83D50368E81B3090EB9A450E3D7CBA27.e.2167/property/value - {}
RESULT: {}
COMMAND: POST /session/7c0d23d2c82578952ab84395f5814e56/execute/async - {"script":"<script> [1562 bytes]","args":[{"selector":{"id":"application-managepartners-display-component---NewPartner--addressDetailDetailsCity1","interaction":{"idSuffix":"inner"}},"wdio_ui5_key":"applicationmanagepartners-display-component---NewPartner--addressDetailDetailsCity1"}]}
COMMAND: GET /session/7c0d23d2c82578952ab84395f5814e56/screenshot - {}
RESULT: {"script":"<script> [1562 bytes]","args":[{"selector":{"id":"application-managepartners-display-component---NewPartner--addressDetailDetailsCity1","interaction":{"idSuffix":"inner"}},"wdio_ui5_key":"applicationmanagepartners-display-component---NewPartner--addressDetailDetailsCity1"}]}
RESULT: undefined
COMMAND: POST /session/7c0d23d2c82578952ab84395f5814e56/execute/async - {"script":"<script> [776 bytes]","args":[{"enterText":"Bucharest","selector":{"id":"application-managepartners-display-component---NewPartner--addressDetailDetailsCity1","interaction":{"idSuffix":"inner"}},"clearTextFirst":true,"interactionType":"ENTER_TEXT"}]}
RESULT: {}
RESULT: {"script":"<script> [776 bytes]","args":[{"enterText":"Bucharest","selector":{"id":"application-managepartners-display-component---NewPartner--addressDetailDetailsCity1","interaction":{"idSuffix":"inner"}},"clearTextFirst":true,"interactionType":"ENTER_TEXT"}]}
COMMAND: POST /session/7c0d23d2c82578952ab84395f5814e56/execute/async - {"script":"<script> [1562 bytes]","args":[{"selector":{"id":"application-managepartners-display-component---NewPartner--addressDetailDetailsCountry","interaction":{"idSuffix":"inner"}},"wdio_ui5_key":"applicationmanagepartners-display-component---NewPartner--addressDetailDetailsCountry"}]}
RESULT: {"script":"<script> [1562 bytes]","args":[{"selector":{"id":"application-managepartners-display-component---NewPartner--addressDetailDetailsCountry","interaction":{"idSuffix":"inner"}},"wdio_ui5_key":"applicationmanagepartners-display-component---NewPartner--addressDetailDetailsCountry"}]}
RESULT: undefined
COMMAND: POST /session/7c0d23d2c82578952ab84395f5814e56/execute/async - {"script":"<script> [6424 bytes]","args":[{"element-6066-11e4-a52e-4f735466cecf":"f.3CCCAE1BF6DABF28B2CD237E7015FC54.d.83D50368E81B3090EB9A450E3D7CBA27.e.2174"},"setValue",["Romania"]]}
RESULT: {"script":"<script> [6424 bytes]","args":[{"element-6066-11e4-a52e-4f735466cecf":"f.3CCCAE1BF6DABF28B2CD237E7015FC54.d.83D50368E81B3090EB9A450E3D7CBA27.e.2174"},"setValue",["Romania"]]}
COMMAND: POST /session/7c0d23d2c82578952ab84395f5814e56/execute/async - {"script":"<script> [1562 bytes]","args":[{"selector":{"id":"application-managepartners-display-component---NewPartner--partnerDetailInternal","interaction":{"idSuffix":"inner"}},"wdio_ui5_key":"applicationmanagepartners-display-component---NewPartner--partnerDetailInternal"}]}
RESULT: {"script":"<script> [1562 bytes]","args":[{"selector":{"id":"application-managepartners-display-component---NewPartner--partnerDetailInternal","interaction":{"idSuffix":"inner"}},"wdio_ui5_key":"applicationmanagepartners-display-component---NewPartner--partnerDetailInternal"}]}
RESULT: undefined
COMMAND: POST /session/7c0d23d2c82578952ab84395f5814e56/execute/async - {"script":"<script> [776 bytes]","args":[{"enterText":"External partner","selector":{"id":"application-managepartners-display-component---NewPartner--partnerDetailInternal","interaction":{"idSuffix":"inner"}},"clearTextFirst":true,"interactionType":"ENTER_TEXT"}]}
RESULT: {"script":"<script> [776 bytes]","args":[{"enterText":"External partner","selector":{"id":"application-managepartners-display-component---NewPartner--partnerDetailInternal","interaction":{"idSuffix":"inner"}},"clearTextFirst":true,"interactionType":"ENTER_TEXT"}]}
COMMAND: POST /session/7c0d23d2c82578952ab84395f5814e56/execute/async - {"script":"<script> [1562 bytes]","args":[{"selector":{"id":"application-managepartners-display-component---NewPartner--partnerDetailsCurrency","interaction":{"idSuffix":"inner"}},"wdio_ui5_key":"applicationmanagepartners-display-component---NewPartner--partnerDetailsCurrency"}]}
RESULT: {"script":"<script> [1562 bytes]","args":[{"selector":{"id":"application-managepartners-display-component---NewPartner--partnerDetailsCurrency","interaction":{"idSuffix":"inner"}},"wdio_ui5_key":"applicationmanagepartners-display-component---NewPartner--partnerDetailsCurrency"}]}
RESULT: undefined
COMMAND: POST /session/7c0d23d2c82578952ab84395f5814e56/execute/async - {"script":"<script> [776 bytes]","args":[{"enterText":"Euro","selector":{"id":"application-managepartners-display-component---NewPartner--partnerDetailsCurrency","interaction":{"idSuffix":"inner"}},"clearTextFirst":true,"interactionType":"ENTER_TEXT"}]}
RESULT: {"script":"<script> [776 bytes]","args":[{"enterText":"Euro","selector":{"id":"application-managepartners-display-component---NewPartner--partnerDetailsCurrency","interaction":{"idSuffix":"inner"}},"clearTextFirst":true,"interactionType":"ENTER_TEXT"}]}
COMMAND: POST /session/7c0d23d2c82578952ab84395f5814e56/execute/async - {"script":"<script> [1562 bytes]","args":[{"selector":{"controlType":"sap.m.Button","viewName":"etm.portal.ui.managepartners.view.NewPartner","viewId":"application-managepartners-display-component---NewPartner","properties":{"text":"Commercial"},"interaction":{"idSuffix":"BDI-content"}},"wdio_ui5_key":"etmportal.ui.managepartners.view.NewPartnersap.m.Button{\"text\":\"Commercial\"}"}]}
RESULT: {"script":"<script> [1562 bytes]","args":[{"selector":{"controlType":"sap.m.Button","viewName":"etm.portal.ui.managepartners.view.NewPartner","viewId":"application-managepartners-display-component---NewPartner","properties":{"text":"Commercial"},"interaction":{"idSuffix":"BDI-content"}},"wdio_ui5_key":"etmportal.ui.managepartners.view.NewPartnersap.m.Button{\"text\":\"Commercial\"}"}]}
RESULT: undefined
COMMAND: POST /session/7c0d23d2c82578952ab84395f5814e56/element - {"using":"xpath","value":"//*[@id=\"application-managepartners-display-component---NewPartner--ObjectPageLayout-anchBar-__section29-anchor\"]"}
RESULT: {"using":"xpath","value":"//*[@id=\"application-managepartners-display-component---NewPartner--ObjectPageLayout-anchBar-__section29-anchor\"]"}
COMMAND: POST /session/7c0d23d2c82578952ab84395f5814e56/element/f.3CCCAE1BF6DABF28B2CD237E7015FC54.d.83D50368E81B3090EB9A450E3D7CBA27.e.2333/click - {}
RESULT: {}
COMMAND: GET /session/7c0d23d2c82578952ab84395f5814e56/screenshot - {}
RESULT: {}
COMMAND: POST /session/7c0d23d2c82578952ab84395f5814e56/execute/async - {"script":"<script> [1562 bytes]","args":[{"selector":{"id":"application-managepartners-display-component---NewPartner--btnAddTableRow-img"},"wdio_ui5_key":"applicationmanagepartners-display-component---NewPartner--btnAddTableRow-img"}]}
RESULT: {"script":"<script> [1562 bytes]","args":[{"selector":{"id":"application-managepartners-display-component---NewPartner--btnAddTableRow-img"},"wdio_ui5_key":"applicationmanagepartners-display-component---NewPartner--btnAddTableRow-img"}]}
RESULT: undefined
COMMAND: POST /session/7c0d23d2c82578952ab84395f5814e56/element - {"using":"xpath","value":"//*[@id=\"application-managepartners-display-component---NewPartner--btnAddTableRow-img\"]"}
RESULT: {"using":"xpath","value":"//*[@id=\"application-managepartners-display-component---NewPartner--btnAddTableRow-img\"]"}
COMMAND: POST /session/7c0d23d2c82578952ab84395f5814e56/element/f.3CCCAE1BF6DABF28B2CD237E7015FC54.d.83D50368E81B3090EB9A450E3D7CBA27.e.2339/click - {}
RESULT: {}
COMMAND: POST /session/7c0d23d2c82578952ab84395f5814e56/element - {"using":"xpath","value":"//input[contains(@id ,\"application-managepartners-display-component---NewPartner--assignmentYard-application-managepartners-display-component---NewPartner\")]"}
COMMAND: GET /session/7c0d23d2c82578952ab84395f5814e56/screenshot - {}
RESULT: {"using":"xpath","value":"//input[contains(@id ,\"application-managepartners-display-component---NewPartner--assignmentYard-application-managepartners-display-component---NewPartner\")]"}
COMMAND: POST /session/7c0d23d2c82578952ab84395f5814e56/element/f.3CCCAE1BF6DABF28B2CD237E7015FC54.d.83D50368E81B3090EB9A450E3D7CBA27.e.2342/clear - {}
RESULT: {}
RESULT: {}
COMMAND: POST /session/7c0d23d2c82578952ab84395f5814e56/element/f.3CCCAE1BF6DABF28B2CD237E7015FC54.d.83D50368E81B3090EB9A450E3D7CBA27.e.2342/value - {"text":"WebdriverYardj9s93"}
COMMAND: GET /session/7c0d23d2c82578952ab84395f5814e56/screenshot - {}
RESULT: {"text":"WebdriverYardj9s93"}
COMMAND: GET /session/7c0d23d2c82578952ab84395f5814e56/screenshot - {}
RESULT: {}
RESULT: {}
COMMAND: POST /session/7c0d23d2c82578952ab84395f5814e56/execute/async - {"script":"<script> [1562 bytes]","args":[{"selector":{"controlType":"sap.m.Button","viewName":"etm.portal.ui.managepartners.view.NewPartner","viewId":"application-managepartners-display-component---NewPartner","i18NText":{"propertyName":"text","key":"save"},"interaction":{"idSuffix":"BDI-content"}},"wdio_ui5_key":"etmportal.ui.managepartners.view.NewPartnersap.m.Button{\"propertyName\":\"text\",\"key\":\"save\"}"}]}
RESULT: {"script":"<script> [1562 bytes]","args":[{"selector":{"controlType":"sap.m.Button","viewName":"etm.portal.ui.managepartners.view.NewPartner","viewId":"application-managepartners-display-component---NewPartner","i18NText":{"propertyName":"text","key":"save"},"interaction":{"idSuffix":"BDI-content"}},"wdio_ui5_key":"etmportal.ui.managepartners.view.NewPartnersap.m.Button{\"propertyName\":\"text\",\"key\":\"save\"}"}]}
RESULT: undefined
COMMAND: POST /session/7c0d23d2c82578952ab84395f5814e56/element - {"using":"xpath","value":"//*[@id=\"__button68\"]"}
RESULT: {"using":"xpath","value":"//*[@id=\"__button68\"]"}
COMMAND: POST /session/7c0d23d2c82578952ab84395f5814e56/element/f.3CCCAE1BF6DABF28B2CD237E7015FC54.d.83D50368E81B3090EB9A450E3D7CBA27.e.2312/click - {}
RESULT: {}
COMMAND: GET /session/7c0d23d2c82578952ab84395f5814e56/screenshot - {}
RESULT: {}
COMMAND: POST /session/7c0d23d2c82578952ab84395f5814e56/element - {"using":"xpath","value":"//header/div/div[2]/div[2]/span"}
RESULT: {"using":"xpath","value":"//header/div/div[2]/div[2]/span"}
COMMAND: GET /session/7c0d23d2c82578952ab84395f5814e56/element/f.3CCCAE1BF6DABF28B2CD237E7015FC54.d.83D50368E81B3090EB9A450E3D7CBA27.e.2512/text - {}
RESULT: {}
COMMAND: POST /session/7c0d23d2c82578952ab84395f5814e56/element - {"using":"xpath","value":"//header/div/div/div/div/div/div[2]/div/span"}
RESULT: {"using":"xpath","value":"//header/div/div/div/div/div/div[2]/div/span"}
COMMAND: GET /session/7c0d23d2c82578952ab84395f5814e56/element/f.3CCCAE1BF6DABF28B2CD237E7015FC54.d.83D50368E81B3090EB9A450E3D7CBA27.e.2513/text - {}
RESULT: {}
COMMAND: POST /session/7c0d23d2c82578952ab84395f5814e56/execute/async - {"script":"<script> [1562 bytes]","args":[{"selector":{"id":"application-managepartners-display-component---detailPtm--partnerType"},"wdio_ui5_key":"applicationmanagepartners-display-component---detailPtm--partnerType"}]}
RESULT: {"script":"<script> [1562 bytes]","args":[{"selector":{"id":"application-managepartners-display-component---detailPtm--partnerType"},"wdio_ui5_key":"applicationmanagepartners-display-component---detailPtm--partnerType"}]}
RESULT: undefined
COMMAND: POST /session/7c0d23d2c82578952ab84395f5814e56/execute/async - {"script":"<script> [6424 bytes]","args":[{"element-6066-11e4-a52e-4f735466cecf":"f.3CCCAE1BF6DABF28B2CD237E7015FC54.d.83D50368E81B3090EB9A450E3D7CBA27.e.2514"},"getText",[]]}
RESULT: {"script":"<script> [6424 bytes]","args":[{"element-6066-11e4-a52e-4f735466cecf":"f.3CCCAE1BF6DABF28B2CD237E7015FC54.d.83D50368E81B3090EB9A450E3D7CBA27.e.2514"},"getText",[]]}
COMMAND: POST /session/7c0d23d2c82578952ab84395f5814e56/element - {"using":"css selector","value":"#shell-header-logo"}
RESULT: {"using":"css selector","value":"#shell-header-logo"}
COMMAND: POST /session/7c0d23d2c82578952ab84395f5814e56/element/f.3CCCAE1BF6DABF28B2CD237E7015FC54.d.83D50368E81B3090EB9A450E3D7CBA27.e.1861/click - {}
RESULT: {}
COMMAND: GET /session/7c0d23d2c82578952ab84395f5814e56/screenshot - {}
RESULT: {}
]]></system-out>
    </testcase>
    <testcase classname="chrome.137_0_7151_56.windows.Webshop_-_Hyperlinks_visible_and_working_properly__US139085" name="Should create a new contract" time="111.241">
      <system-out><![CDATA[
COMMAND: POST /session/7c0d23d2c82578952ab84395f5814e56/execute/async - {"script":"<script> [1562 bytes]","args":[{"selector":{"controlType":"sap.m.GenericTile","properties":{"header":"Manage Contracts"}},"wdio_ui5_key":"sapm.GenericTile{\"header\":\"Manage Contracts\"}"}]}
RESULT: {"script":"<script> [1562 bytes]","args":[{"selector":{"controlType":"sap.m.GenericTile","properties":{"header":"Manage Contracts"}},"wdio_ui5_key":"sapm.GenericTile{\"header\":\"Manage Contracts\"}"}]}
RESULT: undefined
COMMAND: POST /session/7c0d23d2c82578952ab84395f5814e56/element - {"using":"xpath","value":"//*[@id=\"__tile130\"]"}
RESULT: {"using":"xpath","value":"//*[@id=\"__tile130\"]"}
COMMAND: POST /session/7c0d23d2c82578952ab84395f5814e56/element/f.3CCCAE1BF6DABF28B2CD237E7015FC54.d.83D50368E81B3090EB9A450E3D7CBA27.e.2516/click - {}
RESULT: {}
COMMAND: GET /session/7c0d23d2c82578952ab84395f5814e56/screenshot - {}
RESULT: {}
COMMAND: POST /session/7c0d23d2c82578952ab84395f5814e56/elements - {"using":"xpath","value":"//span[text()='Error']"}
RESULT: {"using":"xpath","value":"//span[text()='Error']"}
COMMAND: POST /session/7c0d23d2c82578952ab84395f5814e56/element - {"using":"xpath","value":"//button[@data-kt=\"addButton\"]"}
RESULT: {"using":"xpath","value":"//button[@data-kt=\"addButton\"]"}
COMMAND: POST /session/7c0d23d2c82578952ab84395f5814e56/element/f.3CCCAE1BF6DABF28B2CD237E7015FC54.d.83D50368E81B3090EB9A450E3D7CBA27.e.2553/click - {}
RESULT: {}
COMMAND: GET /session/7c0d23d2c82578952ab84395f5814e56/screenshot - {}
COMMAND: POST /session/7c0d23d2c82578952ab84395f5814e56/execute/async - {"script":"<script> [1562 bytes]","args":[{"selector":{"id":"application-managecontracts-display-component---AddNewContract--projectDescription","interaction":{"idSuffix":"inner"}},"wdio_ui5_key":"applicationmanagecontracts-display-component---AddNewContract--projectDescription"}]}
RESULT: {}
RESULT: {"script":"<script> [1562 bytes]","args":[{"selector":{"id":"application-managecontracts-display-component---AddNewContract--projectDescription","interaction":{"idSuffix":"inner"}},"wdio_ui5_key":"applicationmanagecontracts-display-component---AddNewContract--projectDescription"}]}
RESULT: undefined
COMMAND: POST /session/7c0d23d2c82578952ab84395f5814e56/execute/async - {"script":"<script> [776 bytes]","args":[{"enterText":"WdIOTestdwxym","selector":{"id":"application-managecontracts-display-component---AddNewContract--projectDescription","interaction":{"idSuffix":"inner"}},"clearTextFirst":true,"interactionType":"ENTER_TEXT"}]}
RESULT: {"script":"<script> [776 bytes]","args":[{"enterText":"WdIOTestdwxym","selector":{"id":"application-managecontracts-display-component---AddNewContract--projectDescription","interaction":{"idSuffix":"inner"}},"clearTextFirst":true,"interactionType":"ENTER_TEXT"}]}
COMMAND: POST /session/7c0d23d2c82578952ab84395f5814e56/element - {"using":"xpath","value":"//input[@id=\"application-managecontracts-display-component---AddNewContract--yardId-inner\"]"}
RESULT: {"using":"xpath","value":"//input[@id=\"application-managecontracts-display-component---AddNewContract--yardId-inner\"]"}
COMMAND: POST /session/7c0d23d2c82578952ab84395f5814e56/element/f.3CCCAE1BF6DABF28B2CD237E7015FC54.d.83D50368E81B3090EB9A450E3D7CBA27.e.2833/clear - {}
RESULT: {}
COMMAND: POST /session/7c0d23d2c82578952ab84395f5814e56/element/f.3CCCAE1BF6DABF28B2CD237E7015FC54.d.83D50368E81B3090EB9A450E3D7CBA27.e.2833/value - {"text":"WebdriverYardj9s93"}
COMMAND: GET /session/7c0d23d2c82578952ab84395f5814e56/screenshot - {}
RESULT: {"text":"WebdriverYardj9s93"}
COMMAND: GET /session/7c0d23d2c82578952ab84395f5814e56/screenshot - {}
RESULT: {}
RESULT: {}
COMMAND: POST /session/7c0d23d2c82578952ab84395f5814e56/actions - {"actions":[{"id":"action5","type":"key","parameters":{},"actions":[{"type":"keyDown","value":"î€‡"},{"type":"pause","duration":10},{"type":"keyUp","value":"î€‡"}]}]}
RESULT: {"actions":[{"id":"action5","type":"key","parameters":{},"actions":[{"type":"keyDown","value":"î€‡"},{"type":"pause","duration":10},{"type":"keyUp","value":"î€‡"}]}]}
COMMAND: GET /session/7c0d23d2c82578952ab84395f5814e56/screenshot - {}
RESULT: {}
COMMAND: POST /session/7c0d23d2c82578952ab84395f5814e56/element - {"using":"xpath","value":"//input[@id=\"application-managecontracts-display-component---AddNewContract--customerSelect-inner\"]"}
RESULT: {"using":"xpath","value":"//input[@id=\"application-managecontracts-display-component---AddNewContract--customerSelect-inner\"]"}
COMMAND: POST /session/7c0d23d2c82578952ab84395f5814e56/element/f.3CCCAE1BF6DABF28B2CD237E7015FC54.d.83D50368E81B3090EB9A450E3D7CBA27.e.2831/clear - {}
RESULT: {}
COMMAND: POST /session/7c0d23d2c82578952ab84395f5814e56/element/f.3CCCAE1BF6DABF28B2CD237E7015FC54.d.83D50368E81B3090EB9A450E3D7CBA27.e.2831/value - {"text":"WebdriverPartner8auat"}
COMMAND: GET /session/7c0d23d2c82578952ab84395f5814e56/screenshot - {}
RESULT: {"text":"WebdriverPartner8auat"}
COMMAND: GET /session/7c0d23d2c82578952ab84395f5814e56/screenshot - {}
RESULT: {}
RESULT: {}
COMMAND: POST /session/7c0d23d2c82578952ab84395f5814e56/actions - {"actions":[{"id":"action6","type":"key","parameters":{},"actions":[{"type":"keyDown","value":"î€‡"},{"type":"pause","duration":10},{"type":"keyUp","value":"î€‡"}]}]}
RESULT: {"actions":[{"id":"action6","type":"key","parameters":{},"actions":[{"type":"keyDown","value":"î€‡"},{"type":"pause","duration":10},{"type":"keyUp","value":"î€‡"}]}]}
COMMAND: GET /session/7c0d23d2c82578952ab84395f5814e56/screenshot - {}
RESULT: {}
COMMAND: POST /session/7c0d23d2c82578952ab84395f5814e56/element - {"using":"xpath","value":"//input[@id=\"application-managecontracts-display-component---AddNewContract--site-inner\"]"}
RESULT: {"using":"xpath","value":"//input[@id=\"application-managecontracts-display-component---AddNewContract--site-inner\"]"}
COMMAND: POST /session/7c0d23d2c82578952ab84395f5814e56/element/f.3CCCAE1BF6DABF28B2CD237E7015FC54.d.83D50368E81B3090EB9A450E3D7CBA27.e.2832/clear - {}
RESULT: {}
COMMAND: POST /session/7c0d23d2c82578952ab84395f5814e56/element/f.3CCCAE1BF6DABF28B2CD237E7015FC54.d.83D50368E81B3090EB9A450E3D7CBA27.e.2832/value - {"text":"WebdriverSitegeshs"}
COMMAND: GET /session/7c0d23d2c82578952ab84395f5814e56/screenshot - {}
RESULT: {"text":"WebdriverSitegeshs"}
COMMAND: GET /session/7c0d23d2c82578952ab84395f5814e56/screenshot - {}
RESULT: {}
RESULT: {}
COMMAND: POST /session/7c0d23d2c82578952ab84395f5814e56/actions - {"actions":[{"id":"action7","type":"key","parameters":{},"actions":[{"type":"keyDown","value":"î€‡"},{"type":"pause","duration":10},{"type":"keyUp","value":"î€‡"}]}]}
RESULT: {"actions":[{"id":"action7","type":"key","parameters":{},"actions":[{"type":"keyDown","value":"î€‡"},{"type":"pause","duration":10},{"type":"keyUp","value":"î€‡"}]}]}
COMMAND: GET /session/7c0d23d2c82578952ab84395f5814e56/screenshot - {}
COMMAND: POST /session/7c0d23d2c82578952ab84395f5814e56/element - {"using":"xpath","value":"//button[@data-kt=\"saveButton\"]"}
RESULT: {}
RESULT: {"using":"xpath","value":"//button[@data-kt=\"saveButton\"]"}
COMMAND: POST /session/7c0d23d2c82578952ab84395f5814e56/element/f.3CCCAE1BF6DABF28B2CD237E7015FC54.d.83D50368E81B3090EB9A450E3D7CBA27.e.2907/click - {}
RESULT: {}
COMMAND: GET /session/7c0d23d2c82578952ab84395f5814e56/screenshot - {}
RESULT: {}
COMMAND: POST /session/7c0d23d2c82578952ab84395f5814e56/execute/async - {"script":"<script> [1562 bytes]","args":[{"selector":{"id":"contractDetailTitleNoExpanded","viewName":"etm.portal.ui.managecontracts.view.Detail"},"wdio_ui5_key":"contractDetailTitleNoExpandedetmportal.ui.managecontracts.view.Detail"}]}
RESULT: {"script":"<script> [1562 bytes]","args":[{"selector":{"id":"contractDetailTitleNoExpanded","viewName":"etm.portal.ui.managecontracts.view.Detail"},"wdio_ui5_key":"contractDetailTitleNoExpandedetmportal.ui.managecontracts.view.Detail"}]}
RESULT: undefined
COMMAND: POST /session/7c0d23d2c82578952ab84395f5814e56/execute/async - {"script":"<script> [6424 bytes]","args":[{"element-6066-11e4-a52e-4f735466cecf":"f.3CCCAE1BF6DABF28B2CD237E7015FC54.d.83D50368E81B3090EB9A450E3D7CBA27.e.2929"},"getText",[]]}
RESULT: {"script":"<script> [6424 bytes]","args":[{"element-6066-11e4-a52e-4f735466cecf":"f.3CCCAE1BF6DABF28B2CD237E7015FC54.d.83D50368E81B3090EB9A450E3D7CBA27.e.2929"},"getText",[]]}
COMMAND: POST /session/7c0d23d2c82578952ab84395f5814e56/element - {"using":"css selector","value":"#shell-header-logo"}
RESULT: {"using":"css selector","value":"#shell-header-logo"}
COMMAND: POST /session/7c0d23d2c82578952ab84395f5814e56/element/f.3CCCAE1BF6DABF28B2CD237E7015FC54.d.83D50368E81B3090EB9A450E3D7CBA27.e.2519/click - {}
RESULT: {}
COMMAND: GET /session/7c0d23d2c82578952ab84395f5814e56/screenshot - {}
RESULT: {}
]]></system-out>
    </testcase>
    <testcase classname="chrome.137_0_7151_56.windows.Webshop_-_Hyperlinks_visible_and_working_properly__US139085" name="Should create a new webshop request and verify yard hyperlinks" time="255.824">
      <system-out><![CDATA[
COMMAND: POST /session/7c0d23d2c82578952ab84395f5814e56/execute/async - {"script":"<script> [1562 bytes]","args":[{"selector":{"controlType":"sap.m.GenericTile","properties":{"header":"Webshop"}},"wdio_ui5_key":"sapm.GenericTile{\"header\":\"Webshop\"}"}]}
RESULT: {"script":"<script> [1562 bytes]","args":[{"selector":{"controlType":"sap.m.GenericTile","properties":{"header":"Webshop"}},"wdio_ui5_key":"sapm.GenericTile{\"header\":\"Webshop\"}"}]}
RESULT: undefined
COMMAND: POST /session/7c0d23d2c82578952ab84395f5814e56/element - {"using":"xpath","value":"//*[@id=\"__tile49\"]"}
RESULT: {"using":"xpath","value":"//*[@id=\"__tile49\"]"}
COMMAND: POST /session/7c0d23d2c82578952ab84395f5814e56/element/f.3CCCAE1BF6DABF28B2CD237E7015FC54.d.83D50368E81B3090EB9A450E3D7CBA27.e.2932/click - {}
RESULT: {}
COMMAND: GET /session/7c0d23d2c82578952ab84395f5814e56/screenshot - {}
RESULT: {}
COMMAND: POST /session/7c0d23d2c82578952ab84395f5814e56/elements - {"using":"xpath","value":"//span[text()='Error']"}
RESULT: {"using":"xpath","value":"//span[text()='Error']"}
COMMAND: POST /session/7c0d23d2c82578952ab84395f5814e56/element - {"using":"css selector","value":"#requestCreationDialog--createRequestPopUp-title-inner"}
RESULT: {"using":"css selector","value":"#requestCreationDialog--createRequestPopUp-title-inner"}
COMMAND: POST /session/7c0d23d2c82578952ab84395f5814e56/execute/sync - {"script":"<script> [8489 bytes]","args":[{"element-6066-11e4-a52e-4f735466cecf":"f.3CCCAE1BF6DABF28B2CD237E7015FC54.d.83D50368E81B3090EB9A450E3D7CBA27.e.2960","ELEMENT":"f.3CCCAE1BF6DABF28B2CD237E7015FC54.d.83D50368E81B3090EB9A450E3D7CBA27.e.2960"}]}
RESULT: {"script":"<script> [8489 bytes]","args":[{"element-6066-11e4-a52e-4f735466cecf":"f.3CCCAE1BF6DABF28B2CD237E7015FC54.d.83D50368E81B3090EB9A450E3D7CBA27.e.2960","ELEMENT":"f.3CCCAE1BF6DABF28B2CD237E7015FC54.d.83D50368E81B3090EB9A450E3D7CBA27.e.2960"}]}
COMMAND: GET /session/7c0d23d2c82578952ab84395f5814e56/element/f.3CCCAE1BF6DABF28B2CD237E7015FC54.d.83D50368E81B3090EB9A450E3D7CBA27.e.2960/enabled - {}
COMMAND: GET /session/7c0d23d2c82578952ab84395f5814e56/screenshot - {}
RESULT: {}
COMMAND: POST /session/7c0d23d2c82578952ab84395f5814e56/execute/async - {"script":"<script> [1562 bytes]","args":[{"selector":{"id":"requestCreationDialog--requestName","searchOpenDialogs":true,"interaction":{"idSuffix":"inner"}},"wdio_ui5_key":"requestCreationDialogrequestName"}]}
COMMAND: GET /session/7c0d23d2c82578952ab84395f5814e56/screenshot - {}
RESULT: {}
RESULT: {"script":"<script> [1562 bytes]","args":[{"selector":{"id":"requestCreationDialog--requestName","searchOpenDialogs":true,"interaction":{"idSuffix":"inner"}},"wdio_ui5_key":"requestCreationDialogrequestName"}]}
RESULT: undefined
COMMAND: POST /session/7c0d23d2c82578952ab84395f5814e56/execute/async - {"script":"<script> [776 bytes]","args":[{"enterText":"WebdriverTest","selector":{"id":"requestCreationDialog--requestName","searchOpenDialogs":true,"interaction":{"idSuffix":"inner"}},"clearTextFirst":true,"interactionType":"ENTER_TEXT"}]}
RESULT: {}
RESULT: {"script":"<script> [776 bytes]","args":[{"enterText":"WebdriverTest","selector":{"id":"requestCreationDialog--requestName","searchOpenDialogs":true,"interaction":{"idSuffix":"inner"}},"clearTextFirst":true,"interactionType":"ENTER_TEXT"}]}
COMMAND: POST /session/7c0d23d2c82578952ab84395f5814e56/element - {"using":"xpath","value":"//input[contains(@id ,\"requestCreationDialog--contract-inner\")]"}
RESULT: {"using":"xpath","value":"//input[contains(@id ,\"requestCreationDialog--contract-inner\")]"}
COMMAND: POST /session/7c0d23d2c82578952ab84395f5814e56/element/f.3CCCAE1BF6DABF28B2CD237E7015FC54.d.83D50368E81B3090EB9A450E3D7CBA27.e.2946/clear - {}
RESULT: {}
COMMAND: POST /session/7c0d23d2c82578952ab84395f5814e56/element/f.3CCCAE1BF6DABF28B2CD237E7015FC54.d.83D50368E81B3090EB9A450E3D7CBA27.e.2946/value - {"text":"10465"}
COMMAND: GET /session/7c0d23d2c82578952ab84395f5814e56/screenshot - {}
RESULT: {"text":"10465"}
COMMAND: GET /session/7c0d23d2c82578952ab84395f5814e56/screenshot - {}
RESULT: {}
RESULT: {}
COMMAND: POST /session/7c0d23d2c82578952ab84395f5814e56/actions - {"actions":[{"id":"action8","type":"key","parameters":{},"actions":[{"type":"keyDown","value":"î€‡"},{"type":"pause","duration":10},{"type":"keyUp","value":"î€‡"}]}]}
RESULT: {"actions":[{"id":"action8","type":"key","parameters":{},"actions":[{"type":"keyDown","value":"î€‡"},{"type":"pause","duration":10},{"type":"keyUp","value":"î€‡"}]}]}
COMMAND: GET /session/7c0d23d2c82578952ab84395f5814e56/screenshot - {}
RESULT: {}
COMMAND: POST /session/7c0d23d2c82578952ab84395f5814e56/element - {"using":"xpath","value":"//input[contains(@id ,\"requestCreationDialog--contract-inner\")]"}
RESULT: {"using":"xpath","value":"//input[contains(@id ,\"requestCreationDialog--contract-inner\")]"}
COMMAND: GET /session/7c0d23d2c82578952ab84395f5814e56/element/f.3CCCAE1BF6DABF28B2CD237E7015FC54.d.83D50368E81B3090EB9A450E3D7CBA27.e.2946/property/value - {}
RESULT: {}
COMMAND: POST /session/7c0d23d2c82578952ab84395f5814e56/element - {"using":"xpath","value":"//input[contains(@id ,\"requestCreationDialog--contract-inner\")]"}
COMMAND: GET /session/7c0d23d2c82578952ab84395f5814e56/screenshot - {}
RESULT: {"using":"xpath","value":"//input[contains(@id ,\"requestCreationDialog--contract-inner\")]"}
COMMAND: POST /session/7c0d23d2c82578952ab84395f5814e56/execute/async - {"script":"<script> [1562 bytes]","args":[{"selector":{"id":"requestCreationDialog--okButton","searchOpenDialogs":true,"interaction":{"idSuffix":"BDI-content"}},"wdio_ui5_key":"requestCreationDialogokButton"}]}
RESULT: {}
RESULT: {"script":"<script> [1562 bytes]","args":[{"selector":{"id":"requestCreationDialog--okButton","searchOpenDialogs":true,"interaction":{"idSuffix":"BDI-content"}},"wdio_ui5_key":"requestCreationDialogokButton"}]}
RESULT: undefined
COMMAND: POST /session/7c0d23d2c82578952ab84395f5814e56/element - {"using":"xpath","value":"//*[@id=\"requestCreationDialog--okButton\"]"}
RESULT: {"using":"xpath","value":"//*[@id=\"requestCreationDialog--okButton\"]"}
COMMAND: POST /session/7c0d23d2c82578952ab84395f5814e56/element/f.3CCCAE1BF6DABF28B2CD237E7015FC54.d.83D50368E81B3090EB9A450E3D7CBA27.e.2968/click - {}
RESULT: {}
COMMAND: GET /session/7c0d23d2c82578952ab84395f5814e56/screenshot - {}
RESULT: {}
COMMAND: POST /session/7c0d23d2c82578952ab84395f5814e56/element - {"using":"xpath","value":"//input[contains(@id ,\"searchFiledId-I\")]"}
RESULT: {"using":"xpath","value":"//input[contains(@id ,\"searchFiledId-I\")]"}
COMMAND: POST /session/7c0d23d2c82578952ab84395f5814e56/element/f.3CCCAE1BF6DABF28B2CD237E7015FC54.d.83D50368E81B3090EB9A450E3D7CBA27.e.2938/value - {"text":"Dri-Prime CD150M Diesel Pump"}
RESULT: {"text":"Dri-Prime CD150M Diesel Pump"}
COMMAND: POST /session/7c0d23d2c82578952ab84395f5814e56/actions - {"actions":[{"id":"action9","type":"key","parameters":{},"actions":[{"type":"keyDown","value":"î€‡"},{"type":"pause","duration":10},{"type":"keyUp","value":"î€‡"}]}]}
COMMAND: GET /session/7c0d23d2c82578952ab84395f5814e56/screenshot - {}
RESULT: {"actions":[{"id":"action9","type":"key","parameters":{},"actions":[{"type":"keyDown","value":"î€‡"},{"type":"pause","duration":10},{"type":"keyUp","value":"î€‡"}]}]}
COMMAND: GET /session/7c0d23d2c82578952ab84395f5814e56/screenshot - {}
RESULT: {}
RESULT: {}
COMMAND: POST /session/7c0d23d2c82578952ab84395f5814e56/element - {"using":"xpath","value":"//span[contains(@id ,\"subTitle\")][contains(text(), \"Dri-Prime CD150M Diesel Pump\")]"}
RESULT: {"using":"xpath","value":"//span[contains(@id ,\"subTitle\")][contains(text(), \"Dri-Prime CD150M Diesel Pump\")]"}
COMMAND: POST /session/7c0d23d2c82578952ab84395f5814e56/element/f.3CCCAE1BF6DABF28B2CD237E7015FC54.d.83D50368E81B3090EB9A450E3D7CBA27.e.2976/click - {}
RESULT: {}
COMMAND: GET /session/7c0d23d2c82578952ab84395f5814e56/screenshot - {}
RESULT: {}
COMMAND: POST /session/7c0d23d2c82578952ab84395f5814e56/execute/async - {"script":"<script> [1562 bytes]","args":[{"selector":{"controlType":"sap.m.Button","viewName":"etm.portal.ui.webshop.view.Homepage","i18NText":{"propertyName":"text","key":"addToRequest"},"interaction":{"idSuffix":"BDI-content"}},"wdio_ui5_key":"etmportal.ui.webshop.view.Homepagesap.m.Button{\"propertyName\":\"text\",\"key\":\"addToRequest\"}"}]}
RESULT: {"script":"<script> [1562 bytes]","args":[{"selector":{"controlType":"sap.m.Button","viewName":"etm.portal.ui.webshop.view.Homepage","i18NText":{"propertyName":"text","key":"addToRequest"},"interaction":{"idSuffix":"BDI-content"}},"wdio_ui5_key":"etmportal.ui.webshop.view.Homepagesap.m.Button{\"propertyName\":\"text\",\"key\":\"addToRequest\"}"}]}
RESULT: undefined
COMMAND: POST /session/7c0d23d2c82578952ab84395f5814e56/element - {"using":"xpath","value":"//*[@id=\"__button134\"]"}
RESULT: {"using":"xpath","value":"//*[@id=\"__button134\"]"}
COMMAND: POST /session/7c0d23d2c82578952ab84395f5814e56/element/f.3CCCAE1BF6DABF28B2CD237E7015FC54.d.83D50368E81B3090EB9A450E3D7CBA27.e.2990/click - {}
RESULT: {}
COMMAND: GET /session/7c0d23d2c82578952ab84395f5814e56/screenshot - {}
RESULT: {}
COMMAND: POST /session/7c0d23d2c82578952ab84395f5814e56/element - {"using":"xpath","value":"//*[contains(@id ,\"activeCartId-BDI-content\")]"}
RESULT: {"using":"xpath","value":"//*[contains(@id ,\"activeCartId-BDI-content\")]"}
COMMAND: POST /session/7c0d23d2c82578952ab84395f5814e56/element/f.3CCCAE1BF6DABF28B2CD237E7015FC54.d.83D50368E81B3090EB9A450E3D7CBA27.e.2998/click - {}
RESULT: {}
COMMAND: GET /session/7c0d23d2c82578952ab84395f5814e56/screenshot - {}
RESULT: {}
COMMAND: POST /session/7c0d23d2c82578952ab84395f5814e56/element - {"using":"xpath","value":"//bdi[contains(text(), \"Check out my request\")]"}
RESULT: {"using":"xpath","value":"//bdi[contains(text(), \"Check out my request\")]"}
COMMAND: POST /session/7c0d23d2c82578952ab84395f5814e56/element/f.3CCCAE1BF6DABF28B2CD237E7015FC54.d.83D50368E81B3090EB9A450E3D7CBA27.e.3000/click - {}
RESULT: {}
COMMAND: GET /session/7c0d23d2c82578952ab84395f5814e56/screenshot - {}
RESULT: {}
COMMAND: POST /session/7c0d23d2c82578952ab84395f5814e56/element - {"using":"xpath","value":"//*[contains(@data-kt ,\"webshopDetailYardLink\")]"}
RESULT: {"using":"xpath","value":"//*[contains(@data-kt ,\"webshopDetailYardLink\")]"}
COMMAND: POST /session/7c0d23d2c82578952ab84395f5814e56/element/f.3CCCAE1BF6DABF28B2CD237E7015FC54.d.83D50368E81B3090EB9A450E3D7CBA27.e.3038/click - {}
RESULT: {}
COMMAND: POST /session/7c0d23d2c82578952ab84395f5814e56/element - {"using":"xpath","value":"//*[contains(@data-kt ,\"ContextMenuId2Link\")][contains(text(), \"Yard Overview\")]"}
COMMAND: GET /session/7c0d23d2c82578952ab84395f5814e56/screenshot - {}
RESULT: {"using":"xpath","value":"//*[contains(@data-kt ,\"ContextMenuId2Link\")][contains(text(), \"Yard Overview\")]"}
COMMAND: POST /session/7c0d23d2c82578952ab84395f5814e56/execute/sync - {"script":"<script> [8489 bytes]","args":[{"element-6066-11e4-a52e-4f735466cecf":"f.3CCCAE1BF6DABF28B2CD237E7015FC54.d.83D50368E81B3090EB9A450E3D7CBA27.e.3041","ELEMENT":"f.3CCCAE1BF6DABF28B2CD237E7015FC54.d.83D50368E81B3090EB9A450E3D7CBA27.e.3041"}]}
COMMAND: POST /session/7c0d23d2c82578952ab84395f5814e56/element - {"using":"xpath","value":"//*[contains(@data-kt ,\"ContextMenuId3Link\")][contains(text(), \"Yard Main Address\")]"}
RESULT: {}
RESULT: {"script":"<script> [8489 bytes]","args":[{"element-6066-11e4-a52e-4f735466cecf":"f.3CCCAE1BF6DABF28B2CD237E7015FC54.d.83D50368E81B3090EB9A450E3D7CBA27.e.3041","ELEMENT":"f.3CCCAE1BF6DABF28B2CD237E7015FC54.d.83D50368E81B3090EB9A450E3D7CBA27.e.3041"}]}
COMMAND: GET /session/7c0d23d2c82578952ab84395f5814e56/screenshot - {}
RESULT: {"using":"xpath","value":"//*[contains(@data-kt ,\"ContextMenuId3Link\")][contains(text(), \"Yard Main Address\")]"}
COMMAND: POST /session/7c0d23d2c82578952ab84395f5814e56/execute/sync - {"script":"<script> [8489 bytes]","args":[{"element-6066-11e4-a52e-4f735466cecf":"f.3CCCAE1BF6DABF28B2CD237E7015FC54.d.83D50368E81B3090EB9A450E3D7CBA27.e.3042","ELEMENT":"f.3CCCAE1BF6DABF28B2CD237E7015FC54.d.83D50368E81B3090EB9A450E3D7CBA27.e.3042"}]}
COMMAND: POST /session/7c0d23d2c82578952ab84395f5814e56/element - {"using":"xpath","value":"//*[contains(@data-kt ,\"ContextMenuId2Link\")][contains(text(), \"Yard Overview\")]"}
RESULT: {}
RESULT: {"using":"xpath","value":"//*[contains(@data-kt ,\"ContextMenuId2Link\")][contains(text(), \"Yard Overview\")]"}
COMMAND: POST /session/7c0d23d2c82578952ab84395f5814e56/element/f.3CCCAE1BF6DABF28B2CD237E7015FC54.d.83D50368E81B3090EB9A450E3D7CBA27.e.3041/click - {}
RESULT: {"script":"<script> [8489 bytes]","args":[{"element-6066-11e4-a52e-4f735466cecf":"f.3CCCAE1BF6DABF28B2CD237E7015FC54.d.83D50368E81B3090EB9A450E3D7CBA27.e.3042","ELEMENT":"f.3CCCAE1BF6DABF28B2CD237E7015FC54.d.83D50368E81B3090EB9A450E3D7CBA27.e.3042"}]}
COMMAND: GET /session/7c0d23d2c82578952ab84395f5814e56/screenshot - {}
RESULT: {}
COMMAND: GET /session/7c0d23d2c82578952ab84395f5814e56/screenshot - {}
RESULT: {}
RESULT: {}
COMMAND: POST /session/7c0d23d2c82578952ab84395f5814e56/execute/async - {"script":"<script> [1562 bytes]","args":[{"selector":{"id":"shellAppTitle"},"wdio_ui5_key":"shellAppTitle"}]}
RESULT: {"script":"<script> [1562 bytes]","args":[{"selector":{"id":"shellAppTitle"},"wdio_ui5_key":"shellAppTitle"}]}
RESULT: undefined
COMMAND: POST /session/7c0d23d2c82578952ab84395f5814e56/execute/async - {"script":"<script> [6424 bytes]","args":[{"element-6066-11e4-a52e-4f735466cecf":"f.3CCCAE1BF6DABF28B2CD237E7015FC54.d.83D50368E81B3090EB9A450E3D7CBA27.e.3172"},"getTitle",[]]}
RESULT: {"script":"<script> [6424 bytes]","args":[{"element-6066-11e4-a52e-4f735466cecf":"f.3CCCAE1BF6DABF28B2CD237E7015FC54.d.83D50368E81B3090EB9A450E3D7CBA27.e.3172"},"getTitle",[]]}
COMMAND: POST /session/7c0d23d2c82578952ab84395f5814e56/element - {"using":"xpath","value":"//span[contains(@id ,\"title\")][contains(text(), \"WebdriverYardj9s93\")]"}
RESULT: {"using":"xpath","value":"//span[contains(@id ,\"title\")][contains(text(), \"WebdriverYardj9s93\")]"}
COMMAND: POST /session/7c0d23d2c82578952ab84395f5814e56/execute/sync - {"script":"<script> [8489 bytes]","args":[{"element-6066-11e4-a52e-4f735466cecf":"f.3CCCAE1BF6DABF28B2CD237E7015FC54.d.83D50368E81B3090EB9A450E3D7CBA27.e.3173","ELEMENT":"f.3CCCAE1BF6DABF28B2CD237E7015FC54.d.83D50368E81B3090EB9A450E3D7CBA27.e.3173"}]}
COMMAND: POST /session/7c0d23d2c82578952ab84395f5814e56/execute/async - {"script":"<script> [1562 bytes]","args":[{"selector":{"id":"backBtn"},"wdio_ui5_key":"backBtn"}]}
RESULT: {"script":"<script> [8489 bytes]","args":[{"element-6066-11e4-a52e-4f735466cecf":"f.3CCCAE1BF6DABF28B2CD237E7015FC54.d.83D50368E81B3090EB9A450E3D7CBA27.e.3173","ELEMENT":"f.3CCCAE1BF6DABF28B2CD237E7015FC54.d.83D50368E81B3090EB9A450E3D7CBA27.e.3173"}]}
COMMAND: GET /session/7c0d23d2c82578952ab84395f5814e56/screenshot - {}
RESULT: {"script":"<script> [1562 bytes]","args":[{"selector":{"id":"backBtn"},"wdio_ui5_key":"backBtn"}]}
RESULT: undefined
COMMAND: POST /session/7c0d23d2c82578952ab84395f5814e56/element - {"using":"xpath","value":"//*[@id=\"backBtn\"]"}
COMMAND: POST /session/7c0d23d2c82578952ab84395f5814e56/execute/sync - {"script":"<script> [8489 bytes]","args":[{"element-6066-11e4-a52e-4f735466cecf":"f.3CCCAE1BF6DABF28B2CD237E7015FC54.d.83D50368E81B3090EB9A450E3D7CBA27.e.3173","ELEMENT":"f.3CCCAE1BF6DABF28B2CD237E7015FC54.d.83D50368E81B3090EB9A450E3D7CBA27.e.3173"}]}
RESULT: {}
RESULT: {"using":"xpath","value":"//*[@id=\"backBtn\"]"}
COMMAND: POST /session/7c0d23d2c82578952ab84395f5814e56/element/f.3CCCAE1BF6DABF28B2CD237E7015FC54.d.83D50368E81B3090EB9A450E3D7CBA27.e.3174/click - {}
RESULT: {"script":"<script> [8489 bytes]","args":[{"element-6066-11e4-a52e-4f735466cecf":"f.3CCCAE1BF6DABF28B2CD237E7015FC54.d.83D50368E81B3090EB9A450E3D7CBA27.e.3173","ELEMENT":"f.3CCCAE1BF6DABF28B2CD237E7015FC54.d.83D50368E81B3090EB9A450E3D7CBA27.e.3173"}]}
COMMAND: GET /session/7c0d23d2c82578952ab84395f5814e56/screenshot - {}
RESULT: {}
COMMAND: GET /session/7c0d23d2c82578952ab84395f5814e56/screenshot - {}
COMMAND: POST /session/7c0d23d2c82578952ab84395f5814e56/execute/sync - {"script":"<script> [8489 bytes]","args":[{"element-6066-11e4-a52e-4f735466cecf":"f.3CCCAE1BF6DABF28B2CD237E7015FC54.d.83D50368E81B3090EB9A450E3D7CBA27.e.3173","ELEMENT":"f.3CCCAE1BF6DABF28B2CD237E7015FC54.d.83D50368E81B3090EB9A450E3D7CBA27.e.3173"}]}
RESULT: {}
RESULT: {}
COMMAND: POST /session/7c0d23d2c82578952ab84395f5814e56/element - {"using":"xpath","value":"//span[contains(@id ,\"title\")][contains(text(), \"WebdriverYardj9s93\")]"}
RESULT: {"using":"xpath","value":"//span[contains(@id ,\"title\")][contains(text(), \"WebdriverYardj9s93\")]"}
COMMAND: POST /session/7c0d23d2c82578952ab84395f5814e56/element - {"using":"xpath","value":"//span[contains(@id ,\"title\")][contains(text(), \"WebdriverYardj9s93\")]"}
RESULT: {"using":"xpath","value":"//span[contains(@id ,\"title\")][contains(text(), \"WebdriverYardj9s93\")]"}
COMMAND: POST /session/7c0d23d2c82578952ab84395f5814e56/element - {"using":"xpath","value":"//span[contains(@id ,\"title\")][contains(text(), \"WebdriverYardj9s93\")]"}
RESULT: {"using":"xpath","value":"//span[contains(@id ,\"title\")][contains(text(), \"WebdriverYardj9s93\")]"}
COMMAND: POST /session/7c0d23d2c82578952ab84395f5814e56/element - {"using":"xpath","value":"//span[contains(@id ,\"title\")][contains(text(), \"WebdriverYardj9s93\")]"}
RESULT: {"using":"xpath","value":"//span[contains(@id ,\"title\")][contains(text(), \"WebdriverYardj9s93\")]"}
COMMAND: POST /session/7c0d23d2c82578952ab84395f5814e56/element - {"using":"xpath","value":"//span[contains(@id ,\"title\")][contains(text(), \"WebdriverYardj9s93\")]"}
RESULT: {"using":"xpath","value":"//span[contains(@id ,\"title\")][contains(text(), \"WebdriverYardj9s93\")]"}
COMMAND: POST /session/7c0d23d2c82578952ab84395f5814e56/element - {"using":"xpath","value":"//span[contains(@id ,\"title\")][contains(text(), \"WebdriverYardj9s93\")]"}
RESULT: {"using":"xpath","value":"//span[contains(@id ,\"title\")][contains(text(), \"WebdriverYardj9s93\")]"}
COMMAND: POST /session/7c0d23d2c82578952ab84395f5814e56/element - {"using":"xpath","value":"//*[contains(@data-kt ,\"webshopDetailYardLink\")]"}
RESULT: {"using":"xpath","value":"//*[contains(@data-kt ,\"webshopDetailYardLink\")]"}
COMMAND: POST /session/7c0d23d2c82578952ab84395f5814e56/execute/sync - {"script":"<script> [8489 bytes]","args":[{"element-6066-11e4-a52e-4f735466cecf":"f.3CCCAE1BF6DABF28B2CD237E7015FC54.d.83D50368E81B3090EB9A450E3D7CBA27.e.3336","ELEMENT":"f.3CCCAE1BF6DABF28B2CD237E7015FC54.d.83D50368E81B3090EB9A450E3D7CBA27.e.3336"}]}
RESULT: {"script":"<script> [8489 bytes]","args":[{"element-6066-11e4-a52e-4f735466cecf":"f.3CCCAE1BF6DABF28B2CD237E7015FC54.d.83D50368E81B3090EB9A450E3D7CBA27.e.3336","ELEMENT":"f.3CCCAE1BF6DABF28B2CD237E7015FC54.d.83D50368E81B3090EB9A450E3D7CBA27.e.3336"}]}
COMMAND: POST /session/7c0d23d2c82578952ab84395f5814e56/execute/sync - {"script":"<script> [5351 bytes]","args":[{"element-6066-11e4-a52e-4f735466cecf":"f.3CCCAE1BF6DABF28B2CD237E7015FC54.d.83D50368E81B3090EB9A450E3D7CBA27.e.3336","ELEMENT":"f.3CCCAE1BF6DABF28B2CD237E7015FC54.d.83D50368E81B3090EB9A450E3D7CBA27.e.3336"}]}
COMMAND: GET /session/7c0d23d2c82578952ab84395f5814e56/screenshot - {}
RESULT: {"script":"<script> [5351 bytes]","args":[{"element-6066-11e4-a52e-4f735466cecf":"f.3CCCAE1BF6DABF28B2CD237E7015FC54.d.83D50368E81B3090EB9A450E3D7CBA27.e.3336","ELEMENT":"f.3CCCAE1BF6DABF28B2CD237E7015FC54.d.83D50368E81B3090EB9A450E3D7CBA27.e.3336"}]}
COMMAND: POST /session/7c0d23d2c82578952ab84395f5814e56/element - {"using":"xpath","value":"//*[contains(@data-kt ,\"webshopDetailYardLink\")]"}
COMMAND: GET /session/7c0d23d2c82578952ab84395f5814e56/screenshot - {}
RESULT: {}
COMMAND: POST /session/7c0d23d2c82578952ab84395f5814e56/element - {"using":"xpath","value":"//span[contains(@id ,\"title\")][contains(text(), \"WebdriverYardj9s93\")]"}
RESULT: {"using":"xpath","value":"//*[contains(@data-kt ,\"webshopDetailYardLink\")]"}
COMMAND: POST /session/7c0d23d2c82578952ab84395f5814e56/element/f.3CCCAE1BF6DABF28B2CD237E7015FC54.d.83D50368E81B3090EB9A450E3D7CBA27.e.3336/click - {}
RESULT: {}
RESULT: {"using":"xpath","value":"//span[contains(@id ,\"title\")][contains(text(), \"WebdriverYardj9s93\")]"}
RESULT: {}
COMMAND: GET /session/7c0d23d2c82578952ab84395f5814e56/screenshot - {}
COMMAND: POST /session/7c0d23d2c82578952ab84395f5814e56/element - {"using":"xpath","value":"//span[contains(@id ,\"title\")][contains(text(), \"WebdriverYardj9s93\")]"}
RESULT: {}
RESULT: {"using":"xpath","value":"//span[contains(@id ,\"title\")][contains(text(), \"WebdriverYardj9s93\")]"}
COMMAND: POST /session/7c0d23d2c82578952ab84395f5814e56/execute/sync - {"script":"<script> [8489 bytes]","args":[{"element-6066-11e4-a52e-4f735466cecf":"f.3CCCAE1BF6DABF28B2CD237E7015FC54.d.83D50368E81B3090EB9A450E3D7CBA27.e.3339","ELEMENT":"f.3CCCAE1BF6DABF28B2CD237E7015FC54.d.83D50368E81B3090EB9A450E3D7CBA27.e.3339"}]}
RESULT: {"script":"<script> [8489 bytes]","args":[{"element-6066-11e4-a52e-4f735466cecf":"f.3CCCAE1BF6DABF28B2CD237E7015FC54.d.83D50368E81B3090EB9A450E3D7CBA27.e.3339","ELEMENT":"f.3CCCAE1BF6DABF28B2CD237E7015FC54.d.83D50368E81B3090EB9A450E3D7CBA27.e.3339"}]}
COMMAND: GET /session/7c0d23d2c82578952ab84395f5814e56/screenshot - {}
RESULT: {}
COMMAND: POST /session/7c0d23d2c82578952ab84395f5814e56/element - {"using":"xpath","value":"//*[contains(@data-kt ,\"ContextMenuId3Link\")][contains(text(), \"Yard Main Address\")]"}
RESULT: {"using":"xpath","value":"//*[contains(@data-kt ,\"ContextMenuId3Link\")][contains(text(), \"Yard Main Address\")]"}
COMMAND: POST /session/7c0d23d2c82578952ab84395f5814e56/element/f.3CCCAE1BF6DABF28B2CD237E7015FC54.d.83D50368E81B3090EB9A450E3D7CBA27.e.3340/click - {}
RESULT: {}
COMMAND: GET /session/7c0d23d2c82578952ab84395f5814e56/screenshot - {}
RESULT: {}
COMMAND: POST /session/7c0d23d2c82578952ab84395f5814e56/execute/async - {"script":"<script> [1562 bytes]","args":[{"selector":{"id":"application-addressmanagement-display-component---masterAdm--title1"},"wdio_ui5_key":"applicationaddressmanagement-display-component---masterAdm--title1"}]}
RESULT: {"script":"<script> [1562 bytes]","args":[{"selector":{"id":"application-addressmanagement-display-component---masterAdm--title1"},"wdio_ui5_key":"applicationaddressmanagement-display-component---masterAdm--title1"}]}
RESULT: undefined
COMMAND: POST /session/7c0d23d2c82578952ab84395f5814e56/execute/async - {"script":"<script> [6424 bytes]","args":[{"element-6066-11e4-a52e-4f735466cecf":"f.3CCCAE1BF6DABF28B2CD237E7015FC54.d.83D50368E81B3090EB9A450E3D7CBA27.e.3619"},"getText",[]]}
RESULT: {"script":"<script> [6424 bytes]","args":[{"element-6066-11e4-a52e-4f735466cecf":"f.3CCCAE1BF6DABF28B2CD237E7015FC54.d.83D50368E81B3090EB9A450E3D7CBA27.e.3619"},"getText",[]]}
COMMAND: POST /session/7c0d23d2c82578952ab84395f5814e56/element - {"using":"xpath","value":"//span[contains(text(), \"WebdriverYardjjtihg\")][contains(@id ,\"application-addressmanagement-display-component---detailAdm--addressDetailDetailsName1\")]"}
RESULT: {"using":"xpath","value":"//span[contains(text(), \"WebdriverYardjjtihg\")][contains(@id ,\"application-addressmanagement-display-component---detailAdm--addressDetailDetailsName1\")]"}
COMMAND: POST /session/7c0d23d2c82578952ab84395f5814e56/element - {"using":"xpath","value":"//span[contains(text(), \"WebdriverYardjjtihg\")][contains(@id ,\"application-addressmanagement-display-component---detailAdm--addressDetailDetailsName1\")]"}
RESULT: undefined
COMMAND: POST /session/7c0d23d2c82578952ab84395f5814e56/element - {"using":"xpath","value":"//*[@id=\"backBtn\"]"}
RESULT: {"using":"xpath","value":"//span[contains(text(), \"WebdriverYardjjtihg\")][contains(@id ,\"application-addressmanagement-display-component---detailAdm--addressDetailDetailsName1\")]"}
RESULT: {"using":"xpath","value":"//*[@id=\"backBtn\"]"}
COMMAND: POST /session/7c0d23d2c82578952ab84395f5814e56/element/f.3CCCAE1BF6DABF28B2CD237E7015FC54.d.83D50368E81B3090EB9A450E3D7CBA27.e.3174/click - {}
COMMAND: POST /session/7c0d23d2c82578952ab84395f5814e56/element - {"using":"xpath","value":"//span[contains(text(), \"WebdriverYardjjtihg\")][contains(@id ,\"application-addressmanagement-display-component---detailAdm--addressDetailDetailsName1\")]"}
RESULT: {}
COMMAND: GET /session/7c0d23d2c82578952ab84395f5814e56/screenshot - {}
RESULT: {"using":"xpath","value":"//span[contains(text(), \"WebdriverYardjjtihg\")][contains(@id ,\"application-addressmanagement-display-component---detailAdm--addressDetailDetailsName1\")]"}
COMMAND: POST /session/7c0d23d2c82578952ab84395f5814e56/element - {"using":"xpath","value":"//span[contains(text(), \"WebdriverYardjjtihg\")][contains(@id ,\"application-addressmanagement-display-component---detailAdm--addressDetailDetailsName1\")]"}
RESULT: {}
RESULT: {"using":"xpath","value":"//span[contains(text(), \"WebdriverYardjjtihg\")][contains(@id ,\"application-addressmanagement-display-component---detailAdm--addressDetailDetailsName1\")]"}
COMMAND: POST /session/7c0d23d2c82578952ab84395f5814e56/element - {"using":"xpath","value":"//span[contains(text(), \"WebdriverYardjjtihg\")][contains(@id ,\"application-addressmanagement-display-component---detailAdm--addressDetailDetailsName1\")]"}
RESULT: {"using":"xpath","value":"//span[contains(text(), \"WebdriverYardjjtihg\")][contains(@id ,\"application-addressmanagement-display-component---detailAdm--addressDetailDetailsName1\")]"}
COMMAND: POST /session/7c0d23d2c82578952ab84395f5814e56/element - {"using":"xpath","value":"//span[contains(text(), \"WebdriverYardjjtihg\")][contains(@id ,\"application-addressmanagement-display-component---detailAdm--addressDetailDetailsName1\")]"}
RESULT: {"using":"xpath","value":"//span[contains(text(), \"WebdriverYardjjtihg\")][contains(@id ,\"application-addressmanagement-display-component---detailAdm--addressDetailDetailsName1\")]"}
COMMAND: POST /session/7c0d23d2c82578952ab84395f5814e56/element - {"using":"xpath","value":"//span[contains(text(), \"WebdriverYardjjtihg\")][contains(@id ,\"application-addressmanagement-display-component---detailAdm--addressDetailDetailsName1\")]"}
RESULT: {"using":"xpath","value":"//span[contains(text(), \"WebdriverYardjjtihg\")][contains(@id ,\"application-addressmanagement-display-component---detailAdm--addressDetailDetailsName1\")]"}
COMMAND: POST /session/7c0d23d2c82578952ab84395f5814e56/element - {"using":"xpath","value":"//span[contains(text(), \"WebdriverYardjjtihg\")][contains(@id ,\"application-addressmanagement-display-component---detailAdm--addressDetailDetailsName1\")]"}
RESULT: {"using":"xpath","value":"//span[contains(text(), \"WebdriverYardjjtihg\")][contains(@id ,\"application-addressmanagement-display-component---detailAdm--addressDetailDetailsName1\")]"}
COMMAND: POST /session/7c0d23d2c82578952ab84395f5814e56/element - {"using":"xpath","value":"//span[contains(text(), \"WebdriverYardjjtihg\")][contains(@id ,\"application-addressmanagement-display-component---detailAdm--addressDetailDetailsName1\")]"}
RESULT: {"using":"xpath","value":"//span[contains(text(), \"WebdriverYardjjtihg\")][contains(@id ,\"application-addressmanagement-display-component---detailAdm--addressDetailDetailsName1\")]"}
COMMAND: POST /session/7c0d23d2c82578952ab84395f5814e56/element - {"using":"xpath","value":"//span[contains(text(), \"WebdriverYardjjtihg\")][contains(@id ,\"application-addressmanagement-display-component---detailAdm--addressDetailDetailsName1\")]"}
RESULT: {"using":"xpath","value":"//span[contains(text(), \"WebdriverYardjjtihg\")][contains(@id ,\"application-addressmanagement-display-component---detailAdm--addressDetailDetailsName1\")]"}
COMMAND: POST /session/7c0d23d2c82578952ab84395f5814e56/element - {"using":"xpath","value":"//span[contains(text(), \"WebdriverYardjjtihg\")][contains(@id ,\"application-addressmanagement-display-component---detailAdm--addressDetailDetailsName1\")]"}
RESULT: {"using":"xpath","value":"//span[contains(text(), \"WebdriverYardjjtihg\")][contains(@id ,\"application-addressmanagement-display-component---detailAdm--addressDetailDetailsName1\")]"}
COMMAND: POST /session/7c0d23d2c82578952ab84395f5814e56/element - {"using":"xpath","value":"//span[contains(text(), \"WebdriverYardjjtihg\")][contains(@id ,\"application-addressmanagement-display-component---detailAdm--addressDetailDetailsName1\")]"}
RESULT: {"using":"xpath","value":"//span[contains(text(), \"WebdriverYardjjtihg\")][contains(@id ,\"application-addressmanagement-display-component---detailAdm--addressDetailDetailsName1\")]"}
COMMAND: POST /session/7c0d23d2c82578952ab84395f5814e56/element - {"using":"xpath","value":"//span[contains(text(), \"WebdriverYardjjtihg\")][contains(@id ,\"application-addressmanagement-display-component---detailAdm--addressDetailDetailsName1\")]"}
RESULT: {"using":"xpath","value":"//span[contains(text(), \"WebdriverYardjjtihg\")][contains(@id ,\"application-addressmanagement-display-component---detailAdm--addressDetailDetailsName1\")]"}
COMMAND: POST /session/7c0d23d2c82578952ab84395f5814e56/element - {"using":"xpath","value":"//span[contains(text(), \"WebdriverYardjjtihg\")][contains(@id ,\"application-addressmanagement-display-component---detailAdm--addressDetailDetailsName1\")]"}
RESULT: {"using":"xpath","value":"//span[contains(text(), \"WebdriverYardjjtihg\")][contains(@id ,\"application-addressmanagement-display-component---detailAdm--addressDetailDetailsName1\")]"}
COMMAND: POST /session/7c0d23d2c82578952ab84395f5814e56/element - {"using":"xpath","value":"//span[contains(text(), \"WebdriverYardjjtihg\")][contains(@id ,\"application-addressmanagement-display-component---detailAdm--addressDetailDetailsName1\")]"}
RESULT: {"using":"xpath","value":"//span[contains(text(), \"WebdriverYardjjtihg\")][contains(@id ,\"application-addressmanagement-display-component---detailAdm--addressDetailDetailsName1\")]"}
COMMAND: POST /session/7c0d23d2c82578952ab84395f5814e56/element - {"using":"xpath","value":"//span[contains(text(), \"WebdriverYardjjtihg\")][contains(@id ,\"application-addressmanagement-display-component---detailAdm--addressDetailDetailsName1\")]"}
COMMAND: POST /session/7c0d23d2c82578952ab84395f5814e56/execute/sync - {"script":"<script> [8489 bytes]","args":[{"element-6066-11e4-a52e-4f735466cecf":"f.3CCCAE1BF6DABF28B2CD237E7015FC54.d.83D50368E81B3090EB9A450E3D7CBA27.e.3336","ELEMENT":"f.3CCCAE1BF6DABF28B2CD237E7015FC54.d.83D50368E81B3090EB9A450E3D7CBA27.e.3336"}]}
RESULT: {"using":"xpath","value":"//span[contains(text(), \"WebdriverYardjjtihg\")][contains(@id ,\"application-addressmanagement-display-component---detailAdm--addressDetailDetailsName1\")]"}
COMMAND: POST /session/7c0d23d2c82578952ab84395f5814e56/element - {"using":"xpath","value":"//*[contains(@data-kt ,\"webshopDetailYardLink\")]"}
COMMAND: POST /session/7c0d23d2c82578952ab84395f5814e56/element - {"using":"xpath","value":"//span[contains(text(), \"WebdriverYardjjtihg\")][contains(@id ,\"application-addressmanagement-display-component---detailAdm--addressDetailDetailsName1\")]"}
RESULT: {"using":"xpath","value":"//*[contains(@data-kt ,\"webshopDetailYardLink\")]"}
COMMAND: POST /session/7c0d23d2c82578952ab84395f5814e56/execute/sync - {"script":"<script> [8489 bytes]","args":[{"element-6066-11e4-a52e-4f735466cecf":"f.3CCCAE1BF6DABF28B2CD237E7015FC54.d.83D50368E81B3090EB9A450E3D7CBA27.e.3785","ELEMENT":"f.3CCCAE1BF6DABF28B2CD237E7015FC54.d.83D50368E81B3090EB9A450E3D7CBA27.e.3785"}]}
RESULT: {"using":"xpath","value":"//span[contains(text(), \"WebdriverYardjjtihg\")][contains(@id ,\"application-addressmanagement-display-component---detailAdm--addressDetailDetailsName1\")]"}
RESULT: {"script":"<script> [8489 bytes]","args":[{"element-6066-11e4-a52e-4f735466cecf":"f.3CCCAE1BF6DABF28B2CD237E7015FC54.d.83D50368E81B3090EB9A450E3D7CBA27.e.3785","ELEMENT":"f.3CCCAE1BF6DABF28B2CD237E7015FC54.d.83D50368E81B3090EB9A450E3D7CBA27.e.3785"}]}
COMMAND: POST /session/7c0d23d2c82578952ab84395f5814e56/execute/sync - {"script":"<script> [5351 bytes]","args":[{"element-6066-11e4-a52e-4f735466cecf":"f.3CCCAE1BF6DABF28B2CD237E7015FC54.d.83D50368E81B3090EB9A450E3D7CBA27.e.3785","ELEMENT":"f.3CCCAE1BF6DABF28B2CD237E7015FC54.d.83D50368E81B3090EB9A450E3D7CBA27.e.3785"}]}
COMMAND: GET /session/7c0d23d2c82578952ab84395f5814e56/screenshot - {}
RESULT: {"script":"<script> [5351 bytes]","args":[{"element-6066-11e4-a52e-4f735466cecf":"f.3CCCAE1BF6DABF28B2CD237E7015FC54.d.83D50368E81B3090EB9A450E3D7CBA27.e.3785","ELEMENT":"f.3CCCAE1BF6DABF28B2CD237E7015FC54.d.83D50368E81B3090EB9A450E3D7CBA27.e.3785"}]}
COMMAND: POST /session/7c0d23d2c82578952ab84395f5814e56/element - {"using":"xpath","value":"//*[contains(@data-kt ,\"webshopDetailYardLink\")]"}
COMMAND: GET /session/7c0d23d2c82578952ab84395f5814e56/screenshot - {}
RESULT: {}
RESULT: {"using":"xpath","value":"//*[contains(@data-kt ,\"webshopDetailYardLink\")]"}
COMMAND: POST /session/7c0d23d2c82578952ab84395f5814e56/element/f.3CCCAE1BF6DABF28B2CD237E7015FC54.d.83D50368E81B3090EB9A450E3D7CBA27.e.3785/click - {}
COMMAND: POST /session/7c0d23d2c82578952ab84395f5814e56/element - {"using":"xpath","value":"//span[contains(text(), \"WebdriverYardjjtihg\")][contains(@id ,\"application-addressmanagement-display-component---detailAdm--addressDetailDetailsName1\")]"}
RESULT: {}
RESULT: {}
COMMAND: GET /session/7c0d23d2c82578952ab84395f5814e56/screenshot - {}
RESULT: {"using":"xpath","value":"//span[contains(text(), \"WebdriverYardjjtihg\")][contains(@id ,\"application-addressmanagement-display-component---detailAdm--addressDetailDetailsName1\")]"}
RESULT: {}
COMMAND: POST /session/7c0d23d2c82578952ab84395f5814e56/element - {"using":"xpath","value":"//span[contains(text(), \"WebdriverYardjjtihg\")][contains(@id ,\"application-addressmanagement-display-component---detailAdm--addressDetailDetailsName1\")]"}
RESULT: {"using":"xpath","value":"//span[contains(text(), \"WebdriverYardjjtihg\")][contains(@id ,\"application-addressmanagement-display-component---detailAdm--addressDetailDetailsName1\")]"}
COMMAND: POST /session/7c0d23d2c82578952ab84395f5814e56/element - {"using":"xpath","value":"//span[contains(text(), \"WebdriverYardjjtihg\")][contains(@id ,\"application-addressmanagement-display-component---detailAdm--addressDetailDetailsName1\")]"}
RESULT: {"using":"xpath","value":"//span[contains(text(), \"WebdriverYardjjtihg\")][contains(@id ,\"application-addressmanagement-display-component---detailAdm--addressDetailDetailsName1\")]"}
COMMAND: POST /session/7c0d23d2c82578952ab84395f5814e56/element - {"using":"xpath","value":"//span[contains(text(), \"WebdriverYardjjtihg\")][contains(@id ,\"application-addressmanagement-display-component---detailAdm--addressDetailDetailsName1\")]"}
RESULT: {"using":"xpath","value":"//span[contains(text(), \"WebdriverYardjjtihg\")][contains(@id ,\"application-addressmanagement-display-component---detailAdm--addressDetailDetailsName1\")]"}
COMMAND: POST /session/7c0d23d2c82578952ab84395f5814e56/element - {"using":"xpath","value":"//button[contains(@data-kt ,\"ContextMenuExternalId2Link\")]"}
RESULT: {"using":"xpath","value":"//button[contains(@data-kt ,\"ContextMenuExternalId2Link\")]"}
COMMAND: POST /session/7c0d23d2c82578952ab84395f5814e56/element/f.3CCCAE1BF6DABF28B2CD237E7015FC54.d.83D50368E81B3090EB9A450E3D7CBA27.e.3786/click - {}
COMMAND: POST /session/7c0d23d2c82578952ab84395f5814e56/element - {"using":"xpath","value":"//span[contains(text(), \"WebdriverYardjjtihg\")][contains(@id ,\"application-addressmanagement-display-component---detailAdm--addressDetailDetailsName1\")]"}
RESULT: {}
COMMAND: GET /session/7c0d23d2c82578952ab84395f5814e56/screenshot - {}
RESULT: {"using":"xpath","value":"//span[contains(text(), \"WebdriverYardjjtihg\")][contains(@id ,\"application-addressmanagement-display-component---detailAdm--addressDetailDetailsName1\")]"}
COMMAND: POST /session/7c0d23d2c82578952ab84395f5814e56/element - {"using":"xpath","value":"//span[contains(text(), \"WebdriverYardjjtihg\")][contains(@id ,\"application-addressmanagement-display-component---detailAdm--addressDetailDetailsName1\")]"}
RESULT: {}
RESULT: {"using":"xpath","value":"//span[contains(text(), \"WebdriverYardjjtihg\")][contains(@id ,\"application-addressmanagement-display-component---detailAdm--addressDetailDetailsName1\")]"}
COMMAND: POST /session/7c0d23d2c82578952ab84395f5814e56/element - {"using":"xpath","value":"//span[contains(text(), \"WebdriverYardjjtihg\")][contains(@id ,\"application-addressmanagement-display-component---detailAdm--addressDetailDetailsName1\")]"}
RESULT: {"using":"xpath","value":"//span[contains(text(), \"WebdriverYardjjtihg\")][contains(@id ,\"application-addressmanagement-display-component---detailAdm--addressDetailDetailsName1\")]"}
COMMAND: POST /session/7c0d23d2c82578952ab84395f5814e56/element - {"using":"xpath","value":"//span[contains(text(), \"WebdriverYardjjtihg\")][contains(@id ,\"application-addressmanagement-display-component---detailAdm--addressDetailDetailsName1\")]"}
RESULT: {"using":"xpath","value":"//span[contains(text(), \"WebdriverYardjjtihg\")][contains(@id ,\"application-addressmanagement-display-component---detailAdm--addressDetailDetailsName1\")]"}
COMMAND: POST /session/7c0d23d2c82578952ab84395f5814e56/element - {"using":"xpath","value":"//span[contains(text(), \"WebdriverYardjjtihg\")][contains(@id ,\"application-addressmanagement-display-component---detailAdm--addressDetailDetailsName1\")]"}
RESULT: {"using":"xpath","value":"//span[contains(text(), \"WebdriverYardjjtihg\")][contains(@id ,\"application-addressmanagement-display-component---detailAdm--addressDetailDetailsName1\")]"}
COMMAND: POST /session/7c0d23d2c82578952ab84395f5814e56/element - {"using":"xpath","value":"//span[contains(text(), \"WebdriverYardjjtihg\")][contains(@id ,\"application-addressmanagement-display-component---detailAdm--addressDetailDetailsName1\")]"}
RESULT: {"using":"xpath","value":"//span[contains(text(), \"WebdriverYardjjtihg\")][contains(@id ,\"application-addressmanagement-display-component---detailAdm--addressDetailDetailsName1\")]"}
COMMAND: POST /session/7c0d23d2c82578952ab84395f5814e56/element - {"using":"xpath","value":"//span[contains(text(), \"WebdriverYardjjtihg\")][contains(@id ,\"application-addressmanagement-display-component---detailAdm--addressDetailDetailsName1\")]"}
RESULT: {"using":"xpath","value":"//span[contains(text(), \"WebdriverYardjjtihg\")][contains(@id ,\"application-addressmanagement-display-component---detailAdm--addressDetailDetailsName1\")]"}
COMMAND: POST /session/7c0d23d2c82578952ab84395f5814e56/element - {"using":"xpath","value":"//span[contains(text(), \"WebdriverYardjjtihg\")][contains(@id ,\"application-addressmanagement-display-component---detailAdm--addressDetailDetailsName1\")]"}
RESULT: {"using":"xpath","value":"//span[contains(text(), \"WebdriverYardjjtihg\")][contains(@id ,\"application-addressmanagement-display-component---detailAdm--addressDetailDetailsName1\")]"}
COMMAND: POST /session/7c0d23d2c82578952ab84395f5814e56/element - {"using":"xpath","value":"//span[contains(text(), \"WebdriverYardjjtihg\")][contains(@id ,\"application-addressmanagement-display-component---detailAdm--addressDetailDetailsName1\")]"}
RESULT: {"using":"xpath","value":"//span[contains(text(), \"WebdriverYardjjtihg\")][contains(@id ,\"application-addressmanagement-display-component---detailAdm--addressDetailDetailsName1\")]"}
COMMAND: POST /session/7c0d23d2c82578952ab84395f5814e56/element - {"using":"xpath","value":"//span[contains(text(), \"WebdriverYardjjtihg\")][contains(@id ,\"application-addressmanagement-display-component---detailAdm--addressDetailDetailsName1\")]"}
RESULT: {"using":"xpath","value":"//span[contains(text(), \"WebdriverYardjjtihg\")][contains(@id ,\"application-addressmanagement-display-component---detailAdm--addressDetailDetailsName1\")]"}
COMMAND: POST /session/7c0d23d2c82578952ab84395f5814e56/element - {"using":"xpath","value":"//span[contains(text(), \"WebdriverYardjjtihg\")][contains(@id ,\"application-addressmanagement-display-component---detailAdm--addressDetailDetailsName1\")]"}
RESULT: {"using":"xpath","value":"//span[contains(text(), \"WebdriverYardjjtihg\")][contains(@id ,\"application-addressmanagement-display-component---detailAdm--addressDetailDetailsName1\")]"}
COMMAND: POST /session/7c0d23d2c82578952ab84395f5814e56/element - {"using":"xpath","value":"//span[contains(text(), \"WebdriverYardjjtihg\")][contains(@id ,\"application-addressmanagement-display-component---detailAdm--addressDetailDetailsName1\")]"}
RESULT: {"using":"xpath","value":"//span[contains(text(), \"WebdriverYardjjtihg\")][contains(@id ,\"application-addressmanagement-display-component---detailAdm--addressDetailDetailsName1\")]"}
COMMAND: POST /session/7c0d23d2c82578952ab84395f5814e56/element - {"using":"xpath","value":"//span[contains(text(), \"WebdriverYardjjtihg\")][contains(@id ,\"application-addressmanagement-display-component---detailAdm--addressDetailDetailsName1\")]"}
COMMAND: GET /session/7c0d23d2c82578952ab84395f5814e56/window/handles - {}
RESULT: {"using":"xpath","value":"//span[contains(text(), \"WebdriverYardjjtihg\")][contains(@id ,\"application-addressmanagement-display-component---detailAdm--addressDetailDetailsName1\")]"}
RESULT: {}
COMMAND: POST /session/7c0d23d2c82578952ab84395f5814e56/window - {"handle":"B7ADA31DEDA86F359A4C43F9075891E0"}
RESULT: {"handle":"B7ADA31DEDA86F359A4C43F9075891E0"}
COMMAND: GET /session/7c0d23d2c82578952ab84395f5814e56/url - {}
RESULT: {}
COMMAND: GET /session/7c0d23d2c82578952ab84395f5814e56/screenshot - {}
COMMAND: POST /session/7c0d23d2c82578952ab84395f5814e56/element - {"using":"xpath","value":"//span[contains(text(), \"WebdriverYardjjtihg\")][contains(@id ,\"application-addressmanagement-display-component---detailAdm--addressDetailDetailsName1\")]"}
RESULT: {}
RESULT: {"using":"xpath","value":"//span[contains(text(), \"WebdriverYardjjtihg\")][contains(@id ,\"application-addressmanagement-display-component---detailAdm--addressDetailDetailsName1\")]"}
COMMAND: POST /session/7c0d23d2c82578952ab84395f5814e56/element - {"using":"xpath","value":"//span[contains(text(), \"WebdriverYardjjtihg\")][contains(@id ,\"application-addressmanagement-display-component---detailAdm--addressDetailDetailsName1\")]"}
RESULT: {"using":"xpath","value":"//span[contains(text(), \"WebdriverYardjjtihg\")][contains(@id ,\"application-addressmanagement-display-component---detailAdm--addressDetailDetailsName1\")]"}
COMMAND: POST /session/7c0d23d2c82578952ab84395f5814e56/element - {"using":"xpath","value":"//span[contains(text(), \"WebdriverYardjjtihg\")][contains(@id ,\"application-addressmanagement-display-component---detailAdm--addressDetailDetailsName1\")]"}
RESULT: {"using":"xpath","value":"//span[contains(text(), \"WebdriverYardjjtihg\")][contains(@id ,\"application-addressmanagement-display-component---detailAdm--addressDetailDetailsName1\")]"}
COMMAND: POST /session/7c0d23d2c82578952ab84395f5814e56/element - {"using":"xpath","value":"//span[contains(text(), \"WebdriverYardjjtihg\")][contains(@id ,\"application-addressmanagement-display-component---detailAdm--addressDetailDetailsName1\")]"}
RESULT: {"using":"xpath","value":"//span[contains(text(), \"WebdriverYardjjtihg\")][contains(@id ,\"application-addressmanagement-display-component---detailAdm--addressDetailDetailsName1\")]"}
COMMAND: POST /session/7c0d23d2c82578952ab84395f5814e56/element - {"using":"xpath","value":"//span[contains(text(), \"WebdriverYardjjtihg\")][contains(@id ,\"application-addressmanagement-display-component---detailAdm--addressDetailDetailsName1\")]"}
RESULT: {"using":"xpath","value":"//span[contains(text(), \"WebdriverYardjjtihg\")][contains(@id ,\"application-addressmanagement-display-component---detailAdm--addressDetailDetailsName1\")]"}
COMMAND: POST /session/7c0d23d2c82578952ab84395f5814e56/element - {"using":"xpath","value":"//span[contains(text(), \"WebdriverYardjjtihg\")][contains(@id ,\"application-addressmanagement-display-component---detailAdm--addressDetailDetailsName1\")]"}
RESULT: {"using":"xpath","value":"//span[contains(text(), \"WebdriverYardjjtihg\")][contains(@id ,\"application-addressmanagement-display-component---detailAdm--addressDetailDetailsName1\")]"}
COMMAND: POST /session/7c0d23d2c82578952ab84395f5814e56/element - {"using":"xpath","value":"//span[contains(text(), \"WebdriverYardjjtihg\")][contains(@id ,\"application-addressmanagement-display-component---detailAdm--addressDetailDetailsName1\")]"}
COMMAND: POST /session/7c0d23d2c82578952ab84395f5814e56/execute/sync - {"script":"<script> [8489 bytes]","args":[{"element-6066-11e4-a52e-4f735466cecf":"f.3CCCAE1BF6DABF28B2CD237E7015FC54.d.83D50368E81B3090EB9A450E3D7CBA27.e.3339","ELEMENT":"f.3CCCAE1BF6DABF28B2CD237E7015FC54.d.83D50368E81B3090EB9A450E3D7CBA27.e.3339"}]}
COMMAND: DELETE /session/7c0d23d2c82578952ab84395f5814e56/window - {}
RESULT: {"using":"xpath","value":"//span[contains(text(), \"WebdriverYardjjtihg\")][contains(@id ,\"application-addressmanagement-display-component---detailAdm--addressDetailDetailsName1\")]"}
RESULT: {}
COMMAND: POST /session/7c0d23d2c82578952ab84395f5814e56/window - {"handle":"3CCCAE1BF6DABF28B2CD237E7015FC54"}
RESULT: {"handle":"3CCCAE1BF6DABF28B2CD237E7015FC54"}
COMMAND: GET /session/7c0d23d2c82578952ab84395f5814e56/url - {}
COMMAND: POST /session/7c0d23d2c82578952ab84395f5814e56/element - {"using":"xpath","value":"//span[contains(@id ,\"title\")][contains(text(), \"WebdriverYardj9s93\")]"}
RESULT: {}
COMMAND: GET /session/7c0d23d2c82578952ab84395f5814e56/screenshot - {}
RESULT: {"using":"xpath","value":"//span[contains(@id ,\"title\")][contains(text(), \"WebdriverYardj9s93\")]"}
COMMAND: POST /session/7c0d23d2c82578952ab84395f5814e56/execute/sync - {"script":"<script> [8489 bytes]","args":[{"element-6066-11e4-a52e-4f735466cecf":"f.3CCCAE1BF6DABF28B2CD237E7015FC54.d.83D50368E81B3090EB9A450E3D7CBA27.e.3896","ELEMENT":"f.3CCCAE1BF6DABF28B2CD237E7015FC54.d.83D50368E81B3090EB9A450E3D7CBA27.e.3896"}]}
COMMAND: POST /session/7c0d23d2c82578952ab84395f5814e56/element - {"using":"xpath","value":"//span[contains(text(), \"WebdriverYardjjtihg\")][contains(@id ,\"application-addressmanagement-display-component---detailAdm--addressDetailDetailsName1\")]"}
RESULT: {}
RESULT: {"script":"<script> [8489 bytes]","args":[{"element-6066-11e4-a52e-4f735466cecf":"f.3CCCAE1BF6DABF28B2CD237E7015FC54.d.83D50368E81B3090EB9A450E3D7CBA27.e.3896","ELEMENT":"f.3CCCAE1BF6DABF28B2CD237E7015FC54.d.83D50368E81B3090EB9A450E3D7CBA27.e.3896"}]}
RESULT: {"using":"xpath","value":"//span[contains(text(), \"WebdriverYardjjtihg\")][contains(@id ,\"application-addressmanagement-display-component---detailAdm--addressDetailDetailsName1\")]"}
COMMAND: GET /session/7c0d23d2c82578952ab84395f5814e56/screenshot - {}
RESULT: {}
COMMAND: POST /session/7c0d23d2c82578952ab84395f5814e56/element - {"using":"xpath","value":"//span[contains(text(), \"WebdriverYardjjtihg\")][contains(@id ,\"application-addressmanagement-display-component---detailAdm--addressDetailDetailsName1\")]"}
RESULT: {"using":"xpath","value":"//span[contains(text(), \"WebdriverYardjjtihg\")][contains(@id ,\"application-addressmanagement-display-component---detailAdm--addressDetailDetailsName1\")]"}
COMMAND: POST /session/7c0d23d2c82578952ab84395f5814e56/element - {"using":"xpath","value":"//span[contains(text(), \"WebdriverYardjjtihg\")][contains(@id ,\"application-addressmanagement-display-component---detailAdm--addressDetailDetailsName1\")]"}
RESULT: {"using":"xpath","value":"//span[contains(text(), \"WebdriverYardjjtihg\")][contains(@id ,\"application-addressmanagement-display-component---detailAdm--addressDetailDetailsName1\")]"}
COMMAND: POST /session/7c0d23d2c82578952ab84395f5814e56/element - {"using":"xpath","value":"//span[contains(text(), \"WebdriverYardjjtihg\")][contains(@id ,\"application-addressmanagement-display-component---detailAdm--addressDetailDetailsName1\")]"}
RESULT: {"using":"xpath","value":"//span[contains(text(), \"WebdriverYardjjtihg\")][contains(@id ,\"application-addressmanagement-display-component---detailAdm--addressDetailDetailsName1\")]"}
COMMAND: POST /session/7c0d23d2c82578952ab84395f5814e56/element - {"using":"xpath","value":"//span[contains(text(), \"WebdriverYardjjtihg\")][contains(@id ,\"application-addressmanagement-display-component---detailAdm--addressDetailDetailsName1\")]"}
RESULT: {"using":"xpath","value":"//span[contains(text(), \"WebdriverYardjjtihg\")][contains(@id ,\"application-addressmanagement-display-component---detailAdm--addressDetailDetailsName1\")]"}
COMMAND: POST /session/7c0d23d2c82578952ab84395f5814e56/element - {"using":"xpath","value":"//span[contains(text(), \"WebdriverYardjjtihg\")][contains(@id ,\"application-addressmanagement-display-component---detailAdm--addressDetailDetailsName1\")]"}
RESULT: {"using":"xpath","value":"//span[contains(text(), \"WebdriverYardjjtihg\")][contains(@id ,\"application-addressmanagement-display-component---detailAdm--addressDetailDetailsName1\")]"}
COMMAND: POST /session/7c0d23d2c82578952ab84395f5814e56/element - {"using":"xpath","value":"//button[contains(@data-kt ,\"ContextMenuExternalId3Link\")]"}
RESULT: {"using":"xpath","value":"//button[contains(@data-kt ,\"ContextMenuExternalId3Link\")]"}
COMMAND: POST /session/7c0d23d2c82578952ab84395f5814e56/element/f.3CCCAE1BF6DABF28B2CD237E7015FC54.d.83D50368E81B3090EB9A450E3D7CBA27.e.3897/click - {}
RESULT: {}
COMMAND: GET /session/7c0d23d2c82578952ab84395f5814e56/screenshot - {}
RESULT: {}
COMMAND: GET /session/7c0d23d2c82578952ab84395f5814e56/window/handles - {}
RESULT: {}
COMMAND: POST /session/7c0d23d2c82578952ab84395f5814e56/window - {"handle":"B352A3333CD0794D76D2962CD4CDE840"}
RESULT: {"handle":"B352A3333CD0794D76D2962CD4CDE840"}
COMMAND: GET /session/7c0d23d2c82578952ab84395f5814e56/url - {}
RESULT: {}
COMMAND: GET /session/7c0d23d2c82578952ab84395f5814e56/screenshot - {}
RESULT: {}
COMMAND: POST /session/7c0d23d2c82578952ab84395f5814e56/element - {"using":"xpath","value":"//span[contains(text(), \"WebdriverYardjjtihg\")][contains(@id ,\"application-addressmanagement-display-component---detailAdm--addressDetailDetailsName1\")]"}
COMMAND: DELETE /session/7c0d23d2c82578952ab84395f5814e56/window - {}
RESULT: {}
COMMAND: POST /session/7c0d23d2c82578952ab84395f5814e56/window - {"handle":"3CCCAE1BF6DABF28B2CD237E7015FC54"}
RESULT: {"handle":"3CCCAE1BF6DABF28B2CD237E7015FC54"}
COMMAND: GET /session/7c0d23d2c82578952ab84395f5814e56/url - {}
RESULT: {"using":"xpath","value":"//span[contains(text(), \"WebdriverYardjjtihg\")][contains(@id ,\"application-addressmanagement-display-component---detailAdm--addressDetailDetailsName1\")]"}
RESULT: {}
COMMAND: GET /session/7c0d23d2c82578952ab84395f5814e56/screenshot - {}
COMMAND: POST /session/7c0d23d2c82578952ab84395f5814e56/element - {"using":"xpath","value":"//span[contains(text(), \"WebdriverYardjjtihg\")][contains(@id ,\"application-addressmanagement-display-component---detailAdm--addressDetailDetailsName1\")]"}
RESULT: {}
RESULT: {"using":"xpath","value":"//span[contains(text(), \"WebdriverYardjjtihg\")][contains(@id ,\"application-addressmanagement-display-component---detailAdm--addressDetailDetailsName1\")]"}
COMMAND: POST /session/7c0d23d2c82578952ab84395f5814e56/element - {"using":"xpath","value":"//span[contains(text(), \"WebdriverYardjjtihg\")][contains(@id ,\"application-addressmanagement-display-component---detailAdm--addressDetailDetailsName1\")]"}
RESULT: {"using":"xpath","value":"//span[contains(text(), \"WebdriverYardjjtihg\")][contains(@id ,\"application-addressmanagement-display-component---detailAdm--addressDetailDetailsName1\")]"}
COMMAND: POST /session/7c0d23d2c82578952ab84395f5814e56/element - {"using":"xpath","value":"//span[contains(text(), \"WebdriverYardjjtihg\")][contains(@id ,\"application-addressmanagement-display-component---detailAdm--addressDetailDetailsName1\")]"}
RESULT: {"using":"xpath","value":"//span[contains(text(), \"WebdriverYardjjtihg\")][contains(@id ,\"application-addressmanagement-display-component---detailAdm--addressDetailDetailsName1\")]"}
COMMAND: POST /session/7c0d23d2c82578952ab84395f5814e56/element - {"using":"xpath","value":"//span[contains(text(), \"WebdriverYardjjtihg\")][contains(@id ,\"application-addressmanagement-display-component---detailAdm--addressDetailDetailsName1\")]"}
RESULT: {"using":"xpath","value":"//span[contains(text(), \"WebdriverYardjjtihg\")][contains(@id ,\"application-addressmanagement-display-component---detailAdm--addressDetailDetailsName1\")]"}
COMMAND: POST /session/7c0d23d2c82578952ab84395f5814e56/element - {"using":"xpath","value":"//span[contains(text(), \"WebdriverYardjjtihg\")][contains(@id ,\"application-addressmanagement-display-component---detailAdm--addressDetailDetailsName1\")]"}
RESULT: {"using":"xpath","value":"//span[contains(text(), \"WebdriverYardjjtihg\")][contains(@id ,\"application-addressmanagement-display-component---detailAdm--addressDetailDetailsName1\")]"}
COMMAND: POST /session/7c0d23d2c82578952ab84395f5814e56/element - {"using":"xpath","value":"//span[contains(text(), \"WebdriverYardjjtihg\")][contains(@id ,\"application-addressmanagement-display-component---detailAdm--addressDetailDetailsName1\")]"}
RESULT: {"using":"xpath","value":"//span[contains(text(), \"WebdriverYardjjtihg\")][contains(@id ,\"application-addressmanagement-display-component---detailAdm--addressDetailDetailsName1\")]"}
COMMAND: POST /session/7c0d23d2c82578952ab84395f5814e56/element - {"using":"xpath","value":"//span[contains(text(), \"WebdriverYardjjtihg\")][contains(@id ,\"application-addressmanagement-display-component---detailAdm--addressDetailDetailsName1\")]"}
RESULT: {"using":"xpath","value":"//span[contains(text(), \"WebdriverYardjjtihg\")][contains(@id ,\"application-addressmanagement-display-component---detailAdm--addressDetailDetailsName1\")]"}
COMMAND: POST /session/7c0d23d2c82578952ab84395f5814e56/element - {"using":"xpath","value":"//span[contains(text(), \"WebdriverYardjjtihg\")][contains(@id ,\"application-addressmanagement-display-component---detailAdm--addressDetailDetailsName1\")]"}
RESULT: {"using":"xpath","value":"//span[contains(text(), \"WebdriverYardjjtihg\")][contains(@id ,\"application-addressmanagement-display-component---detailAdm--addressDetailDetailsName1\")]"}
COMMAND: POST /session/7c0d23d2c82578952ab84395f5814e56/element - {"using":"xpath","value":"//span[contains(text(), \"WebdriverYardjjtihg\")][contains(@id ,\"application-addressmanagement-display-component---detailAdm--addressDetailDetailsName1\")]"}
RESULT: {"using":"xpath","value":"//span[contains(text(), \"WebdriverYardjjtihg\")][contains(@id ,\"application-addressmanagement-display-component---detailAdm--addressDetailDetailsName1\")]"}
]]></system-out>
    </testcase>
    <testcase classname="chrome.137_0_7151_56.windows.Webshop_-_Hyperlinks_visible_and_working_properly__US139085" name="Shpuld verify site hyperlinks" time="237.16">
      <system-out><![CDATA[
COMMAND: POST /session/7c0d23d2c82578952ab84395f5814e56/element - {"using":"xpath","value":"//*[contains(@data-kt ,\"webshopDetailSiteLink\")]"}
RESULT: {"using":"xpath","value":"//*[contains(@data-kt ,\"webshopDetailSiteLink\")]"}
COMMAND: POST /session/7c0d23d2c82578952ab84395f5814e56/execute/sync - {"script":"<script> [8489 bytes]","args":[{"element-6066-11e4-a52e-4f735466cecf":"f.3CCCAE1BF6DABF28B2CD237E7015FC54.d.83D50368E81B3090EB9A450E3D7CBA27.e.3903","ELEMENT":"f.3CCCAE1BF6DABF28B2CD237E7015FC54.d.83D50368E81B3090EB9A450E3D7CBA27.e.3903"}]}
RESULT: {"script":"<script> [8489 bytes]","args":[{"element-6066-11e4-a52e-4f735466cecf":"f.3CCCAE1BF6DABF28B2CD237E7015FC54.d.83D50368E81B3090EB9A450E3D7CBA27.e.3903","ELEMENT":"f.3CCCAE1BF6DABF28B2CD237E7015FC54.d.83D50368E81B3090EB9A450E3D7CBA27.e.3903"}]}
COMMAND: POST /session/7c0d23d2c82578952ab84395f5814e56/execute/sync - {"script":"<script> [5351 bytes]","args":[{"element-6066-11e4-a52e-4f735466cecf":"f.3CCCAE1BF6DABF28B2CD237E7015FC54.d.83D50368E81B3090EB9A450E3D7CBA27.e.3903","ELEMENT":"f.3CCCAE1BF6DABF28B2CD237E7015FC54.d.83D50368E81B3090EB9A450E3D7CBA27.e.3903"}]}
COMMAND: POST /session/7c0d23d2c82578952ab84395f5814e56/element - {"using":"xpath","value":"//span[contains(text(), \"WebdriverYardjjtihg\")][contains(@id ,\"application-addressmanagement-display-component---detailAdm--addressDetailDetailsName1\")]"}
COMMAND: GET /session/7c0d23d2c82578952ab84395f5814e56/screenshot - {}
RESULT: {"script":"<script> [5351 bytes]","args":[{"element-6066-11e4-a52e-4f735466cecf":"f.3CCCAE1BF6DABF28B2CD237E7015FC54.d.83D50368E81B3090EB9A450E3D7CBA27.e.3903","ELEMENT":"f.3CCCAE1BF6DABF28B2CD237E7015FC54.d.83D50368E81B3090EB9A450E3D7CBA27.e.3903"}]}
COMMAND: POST /session/7c0d23d2c82578952ab84395f5814e56/element - {"using":"xpath","value":"//*[contains(@data-kt ,\"webshopDetailSiteLink\")]"}
RESULT: {"using":"xpath","value":"//span[contains(text(), \"WebdriverYardjjtihg\")][contains(@id ,\"application-addressmanagement-display-component---detailAdm--addressDetailDetailsName1\")]"}
COMMAND: GET /session/7c0d23d2c82578952ab84395f5814e56/screenshot - {}
RESULT: {}
RESULT: {"using":"xpath","value":"//*[contains(@data-kt ,\"webshopDetailSiteLink\")]"}
COMMAND: POST /session/7c0d23d2c82578952ab84395f5814e56/element/f.3CCCAE1BF6DABF28B2CD237E7015FC54.d.83D50368E81B3090EB9A450E3D7CBA27.e.3903/click - {}
COMMAND: POST /session/7c0d23d2c82578952ab84395f5814e56/element - {"using":"xpath","value":"//span[contains(text(), \"WebdriverYardjjtihg\")][contains(@id ,\"application-addressmanagement-display-component---detailAdm--addressDetailDetailsName1\")]"}
RESULT: {}
RESULT: {}
COMMAND: GET /session/7c0d23d2c82578952ab84395f5814e56/screenshot - {}
RESULT: {"using":"xpath","value":"//span[contains(text(), \"WebdriverYardjjtihg\")][contains(@id ,\"application-addressmanagement-display-component---detailAdm--addressDetailDetailsName1\")]"}
RESULT: {}
COMMAND: POST /session/7c0d23d2c82578952ab84395f5814e56/element - {"using":"xpath","value":"//span[contains(text(), \"WebdriverYardjjtihg\")][contains(@id ,\"application-addressmanagement-display-component---detailAdm--addressDetailDetailsName1\")]"}
RESULT: {"using":"xpath","value":"//span[contains(text(), \"WebdriverYardjjtihg\")][contains(@id ,\"application-addressmanagement-display-component---detailAdm--addressDetailDetailsName1\")]"}
COMMAND: POST /session/7c0d23d2c82578952ab84395f5814e56/element - {"using":"xpath","value":"//span[contains(text(), \"WebdriverYardjjtihg\")][contains(@id ,\"application-addressmanagement-display-component---detailAdm--addressDetailDetailsName1\")]"}
RESULT: {"using":"xpath","value":"//span[contains(text(), \"WebdriverYardjjtihg\")][contains(@id ,\"application-addressmanagement-display-component---detailAdm--addressDetailDetailsName1\")]"}
COMMAND: POST /session/7c0d23d2c82578952ab84395f5814e56/element - {"using":"xpath","value":"//span[contains(text(), \"WebdriverYardjjtihg\")][contains(@id ,\"application-addressmanagement-display-component---detailAdm--addressDetailDetailsName1\")]"}
RESULT: {"using":"xpath","value":"//span[contains(text(), \"WebdriverYardjjtihg\")][contains(@id ,\"application-addressmanagement-display-component---detailAdm--addressDetailDetailsName1\")]"}
COMMAND: POST /session/7c0d23d2c82578952ab84395f5814e56/element - {"using":"xpath","value":"//*[contains(@data-kt ,\"ContextMenuIdLink\")][contains(text(), \"Manage Site\")]"}
RESULT: {"using":"xpath","value":"//*[contains(@data-kt ,\"ContextMenuIdLink\")][contains(text(), \"Manage Site\")]"}
COMMAND: POST /session/7c0d23d2c82578952ab84395f5814e56/execute/sync - {"script":"<script> [8489 bytes]","args":[{"element-6066-11e4-a52e-4f735466cecf":"f.3CCCAE1BF6DABF28B2CD237E7015FC54.d.83D50368E81B3090EB9A450E3D7CBA27.e.3905","ELEMENT":"f.3CCCAE1BF6DABF28B2CD237E7015FC54.d.83D50368E81B3090EB9A450E3D7CBA27.e.3905"}]}
COMMAND: POST /session/7c0d23d2c82578952ab84395f5814e56/element - {"using":"xpath","value":"//*[contains(@data-kt ,\"ContextMenuId2Link\")][contains(text(), \"Site Overview\")]"}
RESULT: {"using":"xpath","value":"//*[contains(@data-kt ,\"ContextMenuId2Link\")][contains(text(), \"Site Overview\")]"}
COMMAND: POST /session/7c0d23d2c82578952ab84395f5814e56/execute/sync - {"script":"<script> [8489 bytes]","args":[{"element-6066-11e4-a52e-4f735466cecf":"f.3CCCAE1BF6DABF28B2CD237E7015FC54.d.83D50368E81B3090EB9A450E3D7CBA27.e.3906","ELEMENT":"f.3CCCAE1BF6DABF28B2CD237E7015FC54.d.83D50368E81B3090EB9A450E3D7CBA27.e.3906"}]}
COMMAND: POST /session/7c0d23d2c82578952ab84395f5814e56/element - {"using":"xpath","value":"//*[contains(@data-kt ,\"ContextMenuId3Link\")][contains(text(), \"Site Main Address\")]"}
RESULT: {"script":"<script> [8489 bytes]","args":[{"element-6066-11e4-a52e-4f735466cecf":"f.3CCCAE1BF6DABF28B2CD237E7015FC54.d.83D50368E81B3090EB9A450E3D7CBA27.e.3905","ELEMENT":"f.3CCCAE1BF6DABF28B2CD237E7015FC54.d.83D50368E81B3090EB9A450E3D7CBA27.e.3905"}]}
COMMAND: GET /session/7c0d23d2c82578952ab84395f5814e56/screenshot - {}
RESULT: {"script":"<script> [8489 bytes]","args":[{"element-6066-11e4-a52e-4f735466cecf":"f.3CCCAE1BF6DABF28B2CD237E7015FC54.d.83D50368E81B3090EB9A450E3D7CBA27.e.3906","ELEMENT":"f.3CCCAE1BF6DABF28B2CD237E7015FC54.d.83D50368E81B3090EB9A450E3D7CBA27.e.3906"}]}
COMMAND: GET /session/7c0d23d2c82578952ab84395f5814e56/screenshot - {}
RESULT: {"using":"xpath","value":"//*[contains(@data-kt ,\"ContextMenuId3Link\")][contains(text(), \"Site Main Address\")]"}
COMMAND: POST /session/7c0d23d2c82578952ab84395f5814e56/execute/sync - {"script":"<script> [8489 bytes]","args":[{"element-6066-11e4-a52e-4f735466cecf":"f.3CCCAE1BF6DABF28B2CD237E7015FC54.d.83D50368E81B3090EB9A450E3D7CBA27.e.3907","ELEMENT":"f.3CCCAE1BF6DABF28B2CD237E7015FC54.d.83D50368E81B3090EB9A450E3D7CBA27.e.3907"}]}
COMMAND: POST /session/7c0d23d2c82578952ab84395f5814e56/element/f.3CCCAE1BF6DABF28B2CD237E7015FC54.d.83D50368E81B3090EB9A450E3D7CBA27.e.3905/click - {}
COMMAND: POST /session/7c0d23d2c82578952ab84395f5814e56/element - {"using":"xpath","value":"//span[contains(text(), \"WebdriverYardjjtihg\")][contains(@id ,\"application-addressmanagement-display-component---detailAdm--addressDetailDetailsName1\")]"}
RESULT: {}
RESULT: {}
RESULT: {"script":"<script> [8489 bytes]","args":[{"element-6066-11e4-a52e-4f735466cecf":"f.3CCCAE1BF6DABF28B2CD237E7015FC54.d.83D50368E81B3090EB9A450E3D7CBA27.e.3907","ELEMENT":"f.3CCCAE1BF6DABF28B2CD237E7015FC54.d.83D50368E81B3090EB9A450E3D7CBA27.e.3907"}]}
COMMAND: GET /session/7c0d23d2c82578952ab84395f5814e56/screenshot - {}
RESULT: {}
COMMAND: GET /session/7c0d23d2c82578952ab84395f5814e56/screenshot - {}
RESULT: {"using":"xpath","value":"//span[contains(text(), \"WebdriverYardjjtihg\")][contains(@id ,\"application-addressmanagement-display-component---detailAdm--addressDetailDetailsName1\")]"}
COMMAND: POST /session/7c0d23d2c82578952ab84395f5814e56/element - {"using":"xpath","value":"//span[contains(text(), \"WebdriverYardjjtihg\")][contains(@id ,\"application-addressmanagement-display-component---detailAdm--addressDetailDetailsName1\")]"}
RESULT: {}
RESULT: {}
RESULT: {"using":"xpath","value":"//span[contains(text(), \"WebdriverYardjjtihg\")][contains(@id ,\"application-addressmanagement-display-component---detailAdm--addressDetailDetailsName1\")]"}
COMMAND: POST /session/7c0d23d2c82578952ab84395f5814e56/execute/async - {"script":"<script> [1562 bytes]","args":[{"selector":{"controlType":"sap.m.Title","viewName":"etm.portal.ui.managesites.view.Master","viewId":"application-managesites-display-component---masterSite","i18NText":{"propertyName":"text","key":"sites"}},"wdio_ui5_key":"etmportal.ui.managesites.view.Mastersap.m.Title{\"propertyName\":\"text\",\"key\":\"sites\"}"}]}
COMMAND: POST /session/7c0d23d2c82578952ab84395f5814e56/element - {"using":"xpath","value":"//span[contains(text(), \"WebdriverYardjjtihg\")][contains(@id ,\"application-addressmanagement-display-component---detailAdm--addressDetailDetailsName1\")]"}
RESULT: {"script":"<script> [1562 bytes]","args":[{"selector":{"controlType":"sap.m.Title","viewName":"etm.portal.ui.managesites.view.Master","viewId":"application-managesites-display-component---masterSite","i18NText":{"propertyName":"text","key":"sites"}},"wdio_ui5_key":"etmportal.ui.managesites.view.Mastersap.m.Title{\"propertyName\":\"text\",\"key\":\"sites\"}"}]}
RESULT: undefined
COMMAND: POST /session/7c0d23d2c82578952ab84395f5814e56/execute/async - {"script":"<script> [6424 bytes]","args":[{"element-6066-11e4-a52e-4f735466cecf":"f.3CCCAE1BF6DABF28B2CD237E7015FC54.d.83D50368E81B3090EB9A450E3D7CBA27.e.4117"},"getText",[]]}
RESULT: {"using":"xpath","value":"//span[contains(text(), \"WebdriverYardjjtihg\")][contains(@id ,\"application-addressmanagement-display-component---detailAdm--addressDetailDetailsName1\")]"}
COMMAND: POST /session/7c0d23d2c82578952ab84395f5814e56/element - {"using":"xpath","value":"//span[contains(text(), \"WebdriverYardjjtihg\")][contains(@id ,\"application-addressmanagement-display-component---detailAdm--addressDetailDetailsName1\")]"}
RESULT: {"script":"<script> [6424 bytes]","args":[{"element-6066-11e4-a52e-4f735466cecf":"f.3CCCAE1BF6DABF28B2CD237E7015FC54.d.83D50368E81B3090EB9A450E3D7CBA27.e.4117"},"getText",[]]}
COMMAND: POST /session/7c0d23d2c82578952ab84395f5814e56/execute/async - {"script":"<script> [1562 bytes]","args":[{"selector":{"id":"application-managesites-display-component---detailSite--addressDetailDetailsName1"},"wdio_ui5_key":"applicationmanagesites-display-component---detailSite--addressDetailDetailsName1"}]}
RESULT: {"using":"xpath","value":"//span[contains(text(), \"WebdriverYardjjtihg\")][contains(@id ,\"application-addressmanagement-display-component---detailAdm--addressDetailDetailsName1\")]"}
COMMAND: POST /session/7c0d23d2c82578952ab84395f5814e56/element - {"using":"xpath","value":"//span[contains(text(), \"WebdriverYardjjtihg\")][contains(@id ,\"application-addressmanagement-display-component---detailAdm--addressDetailDetailsName1\")]"}
RESULT: {"script":"<script> [1562 bytes]","args":[{"selector":{"id":"application-managesites-display-component---detailSite--addressDetailDetailsName1"},"wdio_ui5_key":"applicationmanagesites-display-component---detailSite--addressDetailDetailsName1"}]}
RESULT: undefined
COMMAND: POST /session/7c0d23d2c82578952ab84395f5814e56/execute/async - {"script":"<script> [6424 bytes]","args":[{"element-6066-11e4-a52e-4f735466cecf":"f.3CCCAE1BF6DABF28B2CD237E7015FC54.d.83D50368E81B3090EB9A450E3D7CBA27.e.3971"},"getValue",[]]}
RESULT: {"using":"xpath","value":"//span[contains(text(), \"WebdriverYardjjtihg\")][contains(@id ,\"application-addressmanagement-display-component---detailAdm--addressDetailDetailsName1\")]"}
RESULT: {"script":"<script> [6424 bytes]","args":[{"element-6066-11e4-a52e-4f735466cecf":"f.3CCCAE1BF6DABF28B2CD237E7015FC54.d.83D50368E81B3090EB9A450E3D7CBA27.e.3971"},"getValue",[]]}
RESULT: undefined
COMMAND: POST /session/7c0d23d2c82578952ab84395f5814e56/element - {"using":"xpath","value":"//*[@id=\"backBtn\"]"}
RESULT: {"using":"xpath","value":"//*[@id=\"backBtn\"]"}
COMMAND: POST /session/7c0d23d2c82578952ab84395f5814e56/element/f.3CCCAE1BF6DABF28B2CD237E7015FC54.d.83D50368E81B3090EB9A450E3D7CBA27.e.3174/click - {}
COMMAND: POST /session/7c0d23d2c82578952ab84395f5814e56/element - {"using":"xpath","value":"//span[contains(text(), \"WebdriverYardjjtihg\")][contains(@id ,\"application-addressmanagement-display-component---detailAdm--addressDetailDetailsName1\")]"}
RESULT: {}
COMMAND: GET /session/7c0d23d2c82578952ab84395f5814e56/screenshot - {}
RESULT: {"using":"xpath","value":"//span[contains(text(), \"WebdriverYardjjtihg\")][contains(@id ,\"application-addressmanagement-display-component---detailAdm--addressDetailDetailsName1\")]"}
COMMAND: POST /session/7c0d23d2c82578952ab84395f5814e56/element - {"using":"xpath","value":"//span[contains(text(), \"WebdriverYardjjtihg\")][contains(@id ,\"application-addressmanagement-display-component---detailAdm--addressDetailDetailsName1\")]"}
COMMAND: POST /session/7c0d23d2c82578952ab84395f5814e56/execute/sync - {"script":"<script> [8489 bytes]","args":[{"element-6066-11e4-a52e-4f735466cecf":"f.3CCCAE1BF6DABF28B2CD237E7015FC54.d.83D50368E81B3090EB9A450E3D7CBA27.e.3903","ELEMENT":"f.3CCCAE1BF6DABF28B2CD237E7015FC54.d.83D50368E81B3090EB9A450E3D7CBA27.e.3903"}]}
RESULT: {}
RESULT: {"using":"xpath","value":"//span[contains(text(), \"WebdriverYardjjtihg\")][contains(@id ,\"application-addressmanagement-display-component---detailAdm--addressDetailDetailsName1\")]"}
COMMAND: POST /session/7c0d23d2c82578952ab84395f5814e56/element - {"using":"xpath","value":"//span[contains(text(), \"WebdriverYardjjtihg\")][contains(@id ,\"application-addressmanagement-display-component---detailAdm--addressDetailDetailsName1\")]"}
COMMAND: POST /session/7c0d23d2c82578952ab84395f5814e56/element - {"using":"xpath","value":"//*[contains(@data-kt ,\"webshopDetailSiteLink\")]"}
RESULT: {"using":"xpath","value":"//span[contains(text(), \"WebdriverYardjjtihg\")][contains(@id ,\"application-addressmanagement-display-component---detailAdm--addressDetailDetailsName1\")]"}
RESULT: {"using":"xpath","value":"//*[contains(@data-kt ,\"webshopDetailSiteLink\")]"}
COMMAND: POST /session/7c0d23d2c82578952ab84395f5814e56/execute/sync - {"script":"<script> [8489 bytes]","args":[{"element-6066-11e4-a52e-4f735466cecf":"f.3CCCAE1BF6DABF28B2CD237E7015FC54.d.83D50368E81B3090EB9A450E3D7CBA27.e.4286","ELEMENT":"f.3CCCAE1BF6DABF28B2CD237E7015FC54.d.83D50368E81B3090EB9A450E3D7CBA27.e.4286"}]}
RESULT: {"script":"<script> [8489 bytes]","args":[{"element-6066-11e4-a52e-4f735466cecf":"f.3CCCAE1BF6DABF28B2CD237E7015FC54.d.83D50368E81B3090EB9A450E3D7CBA27.e.4286","ELEMENT":"f.3CCCAE1BF6DABF28B2CD237E7015FC54.d.83D50368E81B3090EB9A450E3D7CBA27.e.4286"}]}
COMMAND: POST /session/7c0d23d2c82578952ab84395f5814e56/execute/sync - {"script":"<script> [5351 bytes]","args":[{"element-6066-11e4-a52e-4f735466cecf":"f.3CCCAE1BF6DABF28B2CD237E7015FC54.d.83D50368E81B3090EB9A450E3D7CBA27.e.4286","ELEMENT":"f.3CCCAE1BF6DABF28B2CD237E7015FC54.d.83D50368E81B3090EB9A450E3D7CBA27.e.4286"}]}
RESULT: {"script":"<script> [5351 bytes]","args":[{"element-6066-11e4-a52e-4f735466cecf":"f.3CCCAE1BF6DABF28B2CD237E7015FC54.d.83D50368E81B3090EB9A450E3D7CBA27.e.4286","ELEMENT":"f.3CCCAE1BF6DABF28B2CD237E7015FC54.d.83D50368E81B3090EB9A450E3D7CBA27.e.4286"}]}
COMMAND: POST /session/7c0d23d2c82578952ab84395f5814e56/element - {"using":"xpath","value":"//*[contains(@data-kt ,\"webshopDetailSiteLink\")]"}
RESULT: {"using":"xpath","value":"//*[contains(@data-kt ,\"webshopDetailSiteLink\")]"}
COMMAND: POST /session/7c0d23d2c82578952ab84395f5814e56/element/f.3CCCAE1BF6DABF28B2CD237E7015FC54.d.83D50368E81B3090EB9A450E3D7CBA27.e.4286/click - {}
COMMAND: GET /session/7c0d23d2c82578952ab84395f5814e56/screenshot - {}
COMMAND: GET /session/7c0d23d2c82578952ab84395f5814e56/screenshot - {}
RESULT: {}
COMMAND: GET /session/7c0d23d2c82578952ab84395f5814e56/screenshot - {}
COMMAND: POST /session/7c0d23d2c82578952ab84395f5814e56/element - {"using":"xpath","value":"//span[contains(text(), \"WebdriverYardjjtihg\")][contains(@id ,\"application-addressmanagement-display-component---detailAdm--addressDetailDetailsName1\")]"}
RESULT: {}
RESULT: {}
RESULT: {}
RESULT: {"using":"xpath","value":"//span[contains(text(), \"WebdriverYardjjtihg\")][contains(@id ,\"application-addressmanagement-display-component---detailAdm--addressDetailDetailsName1\")]"}
COMMAND: POST /session/7c0d23d2c82578952ab84395f5814e56/element - {"using":"xpath","value":"//span[contains(text(), \"WebdriverYardjjtihg\")][contains(@id ,\"application-addressmanagement-display-component---detailAdm--addressDetailDetailsName1\")]"}
RESULT: {"using":"xpath","value":"//span[contains(text(), \"WebdriverYardjjtihg\")][contains(@id ,\"application-addressmanagement-display-component---detailAdm--addressDetailDetailsName1\")]"}
COMMAND: POST /session/7c0d23d2c82578952ab84395f5814e56/element - {"using":"xpath","value":"//span[contains(text(), \"WebdriverYardjjtihg\")][contains(@id ,\"application-addressmanagement-display-component---detailAdm--addressDetailDetailsName1\")]"}
RESULT: {"using":"xpath","value":"//span[contains(text(), \"WebdriverYardjjtihg\")][contains(@id ,\"application-addressmanagement-display-component---detailAdm--addressDetailDetailsName1\")]"}
COMMAND: POST /session/7c0d23d2c82578952ab84395f5814e56/element/f.3CCCAE1BF6DABF28B2CD237E7015FC54.d.83D50368E81B3090EB9A450E3D7CBA27.e.3906/click - {}
COMMAND: POST /session/7c0d23d2c82578952ab84395f5814e56/element - {"using":"xpath","value":"//*[contains(@data-kt ,\"ContextMenuId2Link\")][contains(text(), \"Site Overview\")]"}
RESULT: {"using":"xpath","value":"//*[contains(@data-kt ,\"ContextMenuId2Link\")][contains(text(), \"Site Overview\")]"}
COMMAND: POST /session/7c0d23d2c82578952ab84395f5814e56/element/f.3CCCAE1BF6DABF28B2CD237E7015FC54.d.83D50368E81B3090EB9A450E3D7CBA27.e.3906/click - {}
COMMAND: POST /session/7c0d23d2c82578952ab84395f5814e56/element - {"using":"xpath","value":"//*[contains(@data-kt ,\"ContextMenuId2Link\")][contains(text(), \"Site Overview\")]"}
RESULT: {"using":"xpath","value":"//*[contains(@data-kt ,\"ContextMenuId2Link\")][contains(text(), \"Site Overview\")]"}
COMMAND: POST /session/7c0d23d2c82578952ab84395f5814e56/element/f.3CCCAE1BF6DABF28B2CD237E7015FC54.d.83D50368E81B3090EB9A450E3D7CBA27.e.4288/click - {}
RESULT: {}
COMMAND: GET /session/7c0d23d2c82578952ab84395f5814e56/screenshot - {}
COMMAND: POST /session/7c0d23d2c82578952ab84395f5814e56/element - {"using":"xpath","value":"//span[contains(text(), \"WebdriverYardjjtihg\")][contains(@id ,\"application-addressmanagement-display-component---detailAdm--addressDetailDetailsName1\")]"}
RESULT: {}
RESULT: {"using":"xpath","value":"//span[contains(text(), \"WebdriverYardjjtihg\")][contains(@id ,\"application-addressmanagement-display-component---detailAdm--addressDetailDetailsName1\")]"}
COMMAND: POST /session/7c0d23d2c82578952ab84395f5814e56/element - {"using":"xpath","value":"//span[contains(text(), \"WebdriverYardjjtihg\")][contains(@id ,\"application-addressmanagement-display-component---detailAdm--addressDetailDetailsName1\")]"}
RESULT: {"using":"xpath","value":"//span[contains(text(), \"WebdriverYardjjtihg\")][contains(@id ,\"application-addressmanagement-display-component---detailAdm--addressDetailDetailsName1\")]"}
RESULT: undefined
COMMAND: POST /session/7c0d23d2c82578952ab84395f5814e56/execute/async - {"script":"<script> [6424 bytes]","args":[{"element-6066-11e4-a52e-4f735466cecf":"f.3CCCAE1BF6DABF28B2CD237E7015FC54.d.83D50368E81B3090EB9A450E3D7CBA27.e.3172"},"getTitle",[]]}
COMMAND: POST /session/7c0d23d2c82578952ab84395f5814e56/execute/async - {"script":"<script> [1562 bytes]","args":[{"selector":{"id":"shellAppTitle"},"wdio_ui5_key":"shellAppTitle"}]}
RESULT: {"script":"<script> [1562 bytes]","args":[{"selector":{"id":"shellAppTitle"},"wdio_ui5_key":"shellAppTitle"}]}
COMMAND: POST /session/7c0d23d2c82578952ab84395f5814e56/execute/async - {"script":"<script> [6424 bytes]","args":[{"element-6066-11e4-a52e-4f735466cecf":"f.3CCCAE1BF6DABF28B2CD237E7015FC54.d.83D50368E81B3090EB9A450E3D7CBA27.e.4313"},"getTitle",[]]}
RESULT: {"script":"<script> [6424 bytes]","args":[{"element-6066-11e4-a52e-4f735466cecf":"f.3CCCAE1BF6DABF28B2CD237E7015FC54.d.83D50368E81B3090EB9A450E3D7CBA27.e.4313"},"getTitle",[]]}
COMMAND: POST /session/7c0d23d2c82578952ab84395f5814e56/element - {"using":"xpath","value":"(//span[contains(text(), \"WebdriverSitegeshs\")])[2]"}
RESULT: {"using":"xpath","value":"(//span[contains(text(), \"WebdriverSitegeshs\")])[2]"}
COMMAND: POST /session/7c0d23d2c82578952ab84395f5814e56/execute/sync - {"script":"<script> [8489 bytes]","args":[{"element-6066-11e4-a52e-4f735466cecf":"f.3CCCAE1BF6DABF28B2CD237E7015FC54.d.83D50368E81B3090EB9A450E3D7CBA27.e.4314","ELEMENT":"f.3CCCAE1BF6DABF28B2CD237E7015FC54.d.83D50368E81B3090EB9A450E3D7CBA27.e.4314"}]}
RESULT: undefined
COMMAND: POST /session/7c0d23d2c82578952ab84395f5814e56/element - {"using":"xpath","value":"//*[@id=\"backBtn\"]"}
RESULT: {"using":"xpath","value":"//*[@id=\"backBtn\"]"}
COMMAND: POST /session/7c0d23d2c82578952ab84395f5814e56/element/f.3CCCAE1BF6DABF28B2CD237E7015FC54.d.83D50368E81B3090EB9A450E3D7CBA27.e.3174/click - {}
RESULT: {"script":"<script> [8489 bytes]","args":[{"element-6066-11e4-a52e-4f735466cecf":"f.3CCCAE1BF6DABF28B2CD237E7015FC54.d.83D50368E81B3090EB9A450E3D7CBA27.e.4314","ELEMENT":"f.3CCCAE1BF6DABF28B2CD237E7015FC54.d.83D50368E81B3090EB9A450E3D7CBA27.e.4314"}]}
COMMAND: GET /session/7c0d23d2c82578952ab84395f5814e56/screenshot - {}
RESULT: {}
COMMAND: GET /session/7c0d23d2c82578952ab84395f5814e56/screenshot - {}
RESULT: {}
RESULT: {}
COMMAND: POST /session/7c0d23d2c82578952ab84395f5814e56/execute/sync - {"script":"<script> [8489 bytes]","args":[{"element-6066-11e4-a52e-4f735466cecf":"f.3CCCAE1BF6DABF28B2CD237E7015FC54.d.83D50368E81B3090EB9A450E3D7CBA27.e.4286","ELEMENT":"f.3CCCAE1BF6DABF28B2CD237E7015FC54.d.83D50368E81B3090EB9A450E3D7CBA27.e.4286"}]}
COMMAND: POST /session/7c0d23d2c82578952ab84395f5814e56/element - {"using":"xpath","value":"//*[contains(@data-kt ,\"webshopDetailSiteLink\")]"}
RESULT: {"using":"xpath","value":"//*[contains(@data-kt ,\"webshopDetailSiteLink\")]"}
COMMAND: POST /session/7c0d23d2c82578952ab84395f5814e56/execute/sync - {"script":"<script> [8489 bytes]","args":[{"element-6066-11e4-a52e-4f735466cecf":"f.3CCCAE1BF6DABF28B2CD237E7015FC54.d.83D50368E81B3090EB9A450E3D7CBA27.e.4475","ELEMENT":"f.3CCCAE1BF6DABF28B2CD237E7015FC54.d.83D50368E81B3090EB9A450E3D7CBA27.e.4475"}]}
RESULT: {"script":"<script> [8489 bytes]","args":[{"element-6066-11e4-a52e-4f735466cecf":"f.3CCCAE1BF6DABF28B2CD237E7015FC54.d.83D50368E81B3090EB9A450E3D7CBA27.e.4475","ELEMENT":"f.3CCCAE1BF6DABF28B2CD237E7015FC54.d.83D50368E81B3090EB9A450E3D7CBA27.e.4475"}]}
COMMAND: POST /session/7c0d23d2c82578952ab84395f5814e56/execute/sync - {"script":"<script> [5351 bytes]","args":[{"element-6066-11e4-a52e-4f735466cecf":"f.3CCCAE1BF6DABF28B2CD237E7015FC54.d.83D50368E81B3090EB9A450E3D7CBA27.e.4475","ELEMENT":"f.3CCCAE1BF6DABF28B2CD237E7015FC54.d.83D50368E81B3090EB9A450E3D7CBA27.e.4475"}]}
COMMAND: GET /session/7c0d23d2c82578952ab84395f5814e56/screenshot - {}
RESULT: {"script":"<script> [5351 bytes]","args":[{"element-6066-11e4-a52e-4f735466cecf":"f.3CCCAE1BF6DABF28B2CD237E7015FC54.d.83D50368E81B3090EB9A450E3D7CBA27.e.4475","ELEMENT":"f.3CCCAE1BF6DABF28B2CD237E7015FC54.d.83D50368E81B3090EB9A450E3D7CBA27.e.4475"}]}
COMMAND: POST /session/7c0d23d2c82578952ab84395f5814e56/element - {"using":"xpath","value":"//*[contains(@data-kt ,\"webshopDetailSiteLink\")]"}
COMMAND: GET /session/7c0d23d2c82578952ab84395f5814e56/screenshot - {}
RESULT: {}
RESULT: {"using":"xpath","value":"//*[contains(@data-kt ,\"webshopDetailSiteLink\")]"}
COMMAND: POST /session/7c0d23d2c82578952ab84395f5814e56/element/f.3CCCAE1BF6DABF28B2CD237E7015FC54.d.83D50368E81B3090EB9A450E3D7CBA27.e.4475/click - {}
RESULT: {}
RESULT: {}
COMMAND: GET /session/7c0d23d2c82578952ab84395f5814e56/screenshot - {}
RESULT: {}
COMMAND: POST /session/7c0d23d2c82578952ab84395f5814e56/element/f.3CCCAE1BF6DABF28B2CD237E7015FC54.d.83D50368E81B3090EB9A450E3D7CBA27.e.3907/click - {}
COMMAND: POST /session/7c0d23d2c82578952ab84395f5814e56/element - {"using":"xpath","value":"//*[contains(@data-kt ,\"ContextMenuId3Link\")][contains(text(), \"Site Main Address\")]"}
RESULT: {"using":"xpath","value":"//*[contains(@data-kt ,\"ContextMenuId3Link\")][contains(text(), \"Site Main Address\")]"}
COMMAND: POST /session/7c0d23d2c82578952ab84395f5814e56/element/f.3CCCAE1BF6DABF28B2CD237E7015FC54.d.83D50368E81B3090EB9A450E3D7CBA27.e.3907/click - {}
COMMAND: POST /session/7c0d23d2c82578952ab84395f5814e56/element - {"using":"xpath","value":"//*[contains(@data-kt ,\"ContextMenuId3Link\")][contains(text(), \"Site Main Address\")]"}
RESULT: {"using":"xpath","value":"//*[contains(@data-kt ,\"ContextMenuId3Link\")][contains(text(), \"Site Main Address\")]"}
COMMAND: POST /session/7c0d23d2c82578952ab84395f5814e56/element/f.3CCCAE1BF6DABF28B2CD237E7015FC54.d.83D50368E81B3090EB9A450E3D7CBA27.e.4478/click - {}
RESULT: {}
COMMAND: GET /session/7c0d23d2c82578952ab84395f5814e56/screenshot - {}
COMMAND: POST /session/7c0d23d2c82578952ab84395f5814e56/element - {"using":"xpath","value":"//span[contains(@id ,\"application-addressmanagement-display-component---masterAdm--title1-inner\")]"}
RESULT: {}
RESULT: {"using":"xpath","value":"//span[contains(@id ,\"application-addressmanagement-display-component---masterAdm--title1-inner\")]"}
COMMAND: GET /session/7c0d23d2c82578952ab84395f5814e56/element/f.3CCCAE1BF6DABF28B2CD237E7015FC54.d.83D50368E81B3090EB9A450E3D7CBA27.e.4668/text - {}
RESULT: {}
COMMAND: POST /session/7c0d23d2c82578952ab84395f5814e56/element - {"using":"xpath","value":"//span[contains(@id ,\"application-addressmanagement-display-component---detailAdm--addressDetailDetailsName1\")][contains(text(), \"WebdriverSitegeshs\")]"}
RESULT: {"using":"xpath","value":"//span[contains(@id ,\"application-addressmanagement-display-component---detailAdm--addressDetailDetailsName1\")][contains(text(), \"WebdriverSitegeshs\")]"}
COMMAND: POST /session/7c0d23d2c82578952ab84395f5814e56/execute/sync - {"script":"<script> [8489 bytes]","args":[{"element-6066-11e4-a52e-4f735466cecf":"f.3CCCAE1BF6DABF28B2CD237E7015FC54.d.83D50368E81B3090EB9A450E3D7CBA27.e.4671","ELEMENT":"f.3CCCAE1BF6DABF28B2CD237E7015FC54.d.83D50368E81B3090EB9A450E3D7CBA27.e.4671"}]}
RESULT: undefined
COMMAND: POST /session/7c0d23d2c82578952ab84395f5814e56/element - {"using":"xpath","value":"//*[@id=\"backBtn\"]"}
RESULT: {"using":"xpath","value":"//*[@id=\"backBtn\"]"}
COMMAND: POST /session/7c0d23d2c82578952ab84395f5814e56/element/f.3CCCAE1BF6DABF28B2CD237E7015FC54.d.83D50368E81B3090EB9A450E3D7CBA27.e.3174/click - {}
RESULT: {"script":"<script> [8489 bytes]","args":[{"element-6066-11e4-a52e-4f735466cecf":"f.3CCCAE1BF6DABF28B2CD237E7015FC54.d.83D50368E81B3090EB9A450E3D7CBA27.e.4671","ELEMENT":"f.3CCCAE1BF6DABF28B2CD237E7015FC54.d.83D50368E81B3090EB9A450E3D7CBA27.e.4671"}]}
COMMAND: GET /session/7c0d23d2c82578952ab84395f5814e56/screenshot - {}
RESULT: {}
COMMAND: GET /session/7c0d23d2c82578952ab84395f5814e56/screenshot - {}
RESULT: {}
RESULT: {}
COMMAND: POST /session/7c0d23d2c82578952ab84395f5814e56/execute/sync - {"script":"<script> [8489 bytes]","args":[{"element-6066-11e4-a52e-4f735466cecf":"f.3CCCAE1BF6DABF28B2CD237E7015FC54.d.83D50368E81B3090EB9A450E3D7CBA27.e.4475","ELEMENT":"f.3CCCAE1BF6DABF28B2CD237E7015FC54.d.83D50368E81B3090EB9A450E3D7CBA27.e.4475"}]}
COMMAND: POST /session/7c0d23d2c82578952ab84395f5814e56/element - {"using":"xpath","value":"//*[contains(@data-kt ,\"webshopDetailSiteLink\")]"}
RESULT: {"using":"xpath","value":"//*[contains(@data-kt ,\"webshopDetailSiteLink\")]"}
COMMAND: POST /session/7c0d23d2c82578952ab84395f5814e56/execute/sync - {"script":"<script> [8489 bytes]","args":[{"element-6066-11e4-a52e-4f735466cecf":"f.3CCCAE1BF6DABF28B2CD237E7015FC54.d.83D50368E81B3090EB9A450E3D7CBA27.e.4803","ELEMENT":"f.3CCCAE1BF6DABF28B2CD237E7015FC54.d.83D50368E81B3090EB9A450E3D7CBA27.e.4803"}]}
RESULT: {"script":"<script> [8489 bytes]","args":[{"element-6066-11e4-a52e-4f735466cecf":"f.3CCCAE1BF6DABF28B2CD237E7015FC54.d.83D50368E81B3090EB9A450E3D7CBA27.e.4803","ELEMENT":"f.3CCCAE1BF6DABF28B2CD237E7015FC54.d.83D50368E81B3090EB9A450E3D7CBA27.e.4803"}]}
COMMAND: POST /session/7c0d23d2c82578952ab84395f5814e56/execute/sync - {"script":"<script> [5351 bytes]","args":[{"element-6066-11e4-a52e-4f735466cecf":"f.3CCCAE1BF6DABF28B2CD237E7015FC54.d.83D50368E81B3090EB9A450E3D7CBA27.e.4803","ELEMENT":"f.3CCCAE1BF6DABF28B2CD237E7015FC54.d.83D50368E81B3090EB9A450E3D7CBA27.e.4803"}]}
COMMAND: GET /session/7c0d23d2c82578952ab84395f5814e56/screenshot - {}
RESULT: {"script":"<script> [5351 bytes]","args":[{"element-6066-11e4-a52e-4f735466cecf":"f.3CCCAE1BF6DABF28B2CD237E7015FC54.d.83D50368E81B3090EB9A450E3D7CBA27.e.4803","ELEMENT":"f.3CCCAE1BF6DABF28B2CD237E7015FC54.d.83D50368E81B3090EB9A450E3D7CBA27.e.4803"}]}
COMMAND: POST /session/7c0d23d2c82578952ab84395f5814e56/element - {"using":"xpath","value":"//*[contains(@data-kt ,\"webshopDetailSiteLink\")]"}
COMMAND: GET /session/7c0d23d2c82578952ab84395f5814e56/screenshot - {}
RESULT: {}
RESULT: {"using":"xpath","value":"//*[contains(@data-kt ,\"webshopDetailSiteLink\")]"}
COMMAND: POST /session/7c0d23d2c82578952ab84395f5814e56/element/f.3CCCAE1BF6DABF28B2CD237E7015FC54.d.83D50368E81B3090EB9A450E3D7CBA27.e.4803/click - {}
RESULT: {}
RESULT: {}
COMMAND: GET /session/7c0d23d2c82578952ab84395f5814e56/screenshot - {}
RESULT: {}
COMMAND: POST /session/7c0d23d2c82578952ab84395f5814e56/element - {"using":"xpath","value":"//button[contains(@data-kt ,\"ContextMenuIdExternalLink\")]"}
RESULT: {"using":"xpath","value":"//button[contains(@data-kt ,\"ContextMenuIdExternalLink\")]"}
COMMAND: POST /session/7c0d23d2c82578952ab84395f5814e56/element/f.3CCCAE1BF6DABF28B2CD237E7015FC54.d.83D50368E81B3090EB9A450E3D7CBA27.e.4804/click - {}
RESULT: {}
COMMAND: GET /session/7c0d23d2c82578952ab84395f5814e56/screenshot - {}
RESULT: {}
COMMAND: GET /session/7c0d23d2c82578952ab84395f5814e56/window/handles - {}
RESULT: {}
COMMAND: POST /session/7c0d23d2c82578952ab84395f5814e56/window - {"handle":"742670793F2452D48706C9E6B4A5506E"}
RESULT: {"handle":"742670793F2452D48706C9E6B4A5506E"}
COMMAND: GET /session/7c0d23d2c82578952ab84395f5814e56/url - {}
RESULT: {}
COMMAND: GET /session/7c0d23d2c82578952ab84395f5814e56/screenshot - {}
COMMAND: DELETE /session/7c0d23d2c82578952ab84395f5814e56/window - {}
RESULT: {}
RESULT: {}
COMMAND: POST /session/7c0d23d2c82578952ab84395f5814e56/window - {"handle":"3CCCAE1BF6DABF28B2CD237E7015FC54"}
RESULT: {"handle":"3CCCAE1BF6DABF28B2CD237E7015FC54"}
COMMAND: GET /session/7c0d23d2c82578952ab84395f5814e56/url - {}
RESULT: {}
COMMAND: GET /session/7c0d23d2c82578952ab84395f5814e56/screenshot - {}
RESULT: {}
COMMAND: POST /session/7c0d23d2c82578952ab84395f5814e56/element - {"using":"xpath","value":"//button[contains(@data-kt ,\"ContextMenuExternalId2Link\")]"}
RESULT: {"using":"xpath","value":"//button[contains(@data-kt ,\"ContextMenuExternalId2Link\")]"}
COMMAND: POST /session/7c0d23d2c82578952ab84395f5814e56/element/f.3CCCAE1BF6DABF28B2CD237E7015FC54.d.83D50368E81B3090EB9A450E3D7CBA27.e.5043/click - {}
RESULT: {}
COMMAND: GET /session/7c0d23d2c82578952ab84395f5814e56/screenshot - {}
RESULT: {}
COMMAND: GET /session/7c0d23d2c82578952ab84395f5814e56/window/handles - {}
RESULT: {}
COMMAND: POST /session/7c0d23d2c82578952ab84395f5814e56/window - {"handle":"7E32B546B790B027D9A01C1091439C99"}
RESULT: {"handle":"7E32B546B790B027D9A01C1091439C99"}
COMMAND: GET /session/7c0d23d2c82578952ab84395f5814e56/url - {}
RESULT: {}
COMMAND: GET /session/7c0d23d2c82578952ab84395f5814e56/screenshot - {}
RESULT: {}
COMMAND: POST /session/7c0d23d2c82578952ab84395f5814e56/execute/sync - {"script":"<script> [8489 bytes]","args":[{"element-6066-11e4-a52e-4f735466cecf":"f.3CCCAE1BF6DABF28B2CD237E7015FC54.d.83D50368E81B3090EB9A450E3D7CBA27.e.4314","ELEMENT":"f.3CCCAE1BF6DABF28B2CD237E7015FC54.d.83D50368E81B3090EB9A450E3D7CBA27.e.4314"}]}
COMMAND: DELETE /session/7c0d23d2c82578952ab84395f5814e56/window - {}
RESULT: {}
COMMAND: POST /session/7c0d23d2c82578952ab84395f5814e56/window - {"handle":"3CCCAE1BF6DABF28B2CD237E7015FC54"}
RESULT: {"handle":"3CCCAE1BF6DABF28B2CD237E7015FC54"}
COMMAND: GET /session/7c0d23d2c82578952ab84395f5814e56/url - {}
COMMAND: POST /session/7c0d23d2c82578952ab84395f5814e56/element - {"using":"xpath","value":"(//span[contains(text(), \"WebdriverSitegeshs\")])[2]"}
RESULT: {}
RESULT: {"using":"xpath","value":"(//span[contains(text(), \"WebdriverSitegeshs\")])[2]"}
COMMAND: POST /session/7c0d23d2c82578952ab84395f5814e56/element - {"using":"xpath","value":"(//span[contains(text(), \"WebdriverSitegeshs\")])[2]"}
COMMAND: GET /session/7c0d23d2c82578952ab84395f5814e56/screenshot - {}
RESULT: {"using":"xpath","value":"(//span[contains(text(), \"WebdriverSitegeshs\")])[2]"}
RESULT: {}
COMMAND: POST /session/7c0d23d2c82578952ab84395f5814e56/element - {"using":"xpath","value":"(//span[contains(text(), \"WebdriverSitegeshs\")])[2]"}
RESULT: {"using":"xpath","value":"(//span[contains(text(), \"WebdriverSitegeshs\")])[2]"}
COMMAND: POST /session/7c0d23d2c82578952ab84395f5814e56/element - {"using":"xpath","value":"(//span[contains(text(), \"WebdriverSitegeshs\")])[2]"}
RESULT: {"using":"xpath","value":"(//span[contains(text(), \"WebdriverSitegeshs\")])[2]"}
COMMAND: POST /session/7c0d23d2c82578952ab84395f5814e56/element - {"using":"xpath","value":"(//span[contains(text(), \"WebdriverSitegeshs\")])[2]"}
RESULT: {"using":"xpath","value":"(//span[contains(text(), \"WebdriverSitegeshs\")])[2]"}
COMMAND: POST /session/7c0d23d2c82578952ab84395f5814e56/element - {"using":"xpath","value":"(//span[contains(text(), \"WebdriverSitegeshs\")])[2]"}
RESULT: {"using":"xpath","value":"(//span[contains(text(), \"WebdriverSitegeshs\")])[2]"}
COMMAND: POST /session/7c0d23d2c82578952ab84395f5814e56/element - {"using":"xpath","value":"(//span[contains(text(), \"WebdriverSitegeshs\")])[2]"}
RESULT: {"using":"xpath","value":"(//span[contains(text(), \"WebdriverSitegeshs\")])[2]"}
COMMAND: POST /session/7c0d23d2c82578952ab84395f5814e56/element - {"using":"xpath","value":"(//span[contains(text(), \"WebdriverSitegeshs\")])[2]"}
RESULT: {"using":"xpath","value":"(//span[contains(text(), \"WebdriverSitegeshs\")])[2]"}
COMMAND: POST /session/7c0d23d2c82578952ab84395f5814e56/element - {"using":"xpath","value":"(//span[contains(text(), \"WebdriverSitegeshs\")])[2]"}
RESULT: {"using":"xpath","value":"(//span[contains(text(), \"WebdriverSitegeshs\")])[2]"}
COMMAND: POST /session/7c0d23d2c82578952ab84395f5814e56/element - {"using":"xpath","value":"(//span[contains(text(), \"WebdriverSitegeshs\")])[2]"}
RESULT: {"using":"xpath","value":"(//span[contains(text(), \"WebdriverSitegeshs\")])[2]"}
COMMAND: POST /session/7c0d23d2c82578952ab84395f5814e56/element - {"using":"xpath","value":"(//span[contains(text(), \"WebdriverSitegeshs\")])[2]"}
RESULT: {"using":"xpath","value":"(//span[contains(text(), \"WebdriverSitegeshs\")])[2]"}
COMMAND: POST /session/7c0d23d2c82578952ab84395f5814e56/element - {"using":"xpath","value":"(//span[contains(text(), \"WebdriverSitegeshs\")])[2]"}
RESULT: {"using":"xpath","value":"(//span[contains(text(), \"WebdriverSitegeshs\")])[2]"}
COMMAND: POST /session/7c0d23d2c82578952ab84395f5814e56/execute/sync - {"script":"<script> [8489 bytes]","args":[{"element-6066-11e4-a52e-4f735466cecf":"f.3CCCAE1BF6DABF28B2CD237E7015FC54.d.83D50368E81B3090EB9A450E3D7CBA27.e.4803","ELEMENT":"f.3CCCAE1BF6DABF28B2CD237E7015FC54.d.83D50368E81B3090EB9A450E3D7CBA27.e.4803"}]}
RESULT: {"script":"<script> [8489 bytes]","args":[{"element-6066-11e4-a52e-4f735466cecf":"f.3CCCAE1BF6DABF28B2CD237E7015FC54.d.83D50368E81B3090EB9A450E3D7CBA27.e.4803","ELEMENT":"f.3CCCAE1BF6DABF28B2CD237E7015FC54.d.83D50368E81B3090EB9A450E3D7CBA27.e.4803"}]}
COMMAND: POST /session/7c0d23d2c82578952ab84395f5814e56/execute/sync - {"script":"<script> [5351 bytes]","args":[{"element-6066-11e4-a52e-4f735466cecf":"f.3CCCAE1BF6DABF28B2CD237E7015FC54.d.83D50368E81B3090EB9A450E3D7CBA27.e.4803","ELEMENT":"f.3CCCAE1BF6DABF28B2CD237E7015FC54.d.83D50368E81B3090EB9A450E3D7CBA27.e.4803"}]}
RESULT: {"script":"<script> [5351 bytes]","args":[{"element-6066-11e4-a52e-4f735466cecf":"f.3CCCAE1BF6DABF28B2CD237E7015FC54.d.83D50368E81B3090EB9A450E3D7CBA27.e.4803","ELEMENT":"f.3CCCAE1BF6DABF28B2CD237E7015FC54.d.83D50368E81B3090EB9A450E3D7CBA27.e.4803"}]}
COMMAND: POST /session/7c0d23d2c82578952ab84395f5814e56/element - {"using":"xpath","value":"//*[contains(@data-kt ,\"webshopDetailSiteLink\")]"}
RESULT: {"using":"xpath","value":"//*[contains(@data-kt ,\"webshopDetailSiteLink\")]"}
COMMAND: POST /session/7c0d23d2c82578952ab84395f5814e56/element/f.3CCCAE1BF6DABF28B2CD237E7015FC54.d.83D50368E81B3090EB9A450E3D7CBA27.e.4803/click - {}
COMMAND: POST /session/7c0d23d2c82578952ab84395f5814e56/element - {"using":"xpath","value":"(//span[contains(text(), \"WebdriverSitegeshs\")])[2]"}
COMMAND: GET /session/7c0d23d2c82578952ab84395f5814e56/screenshot - {}
COMMAND: GET /session/7c0d23d2c82578952ab84395f5814e56/screenshot - {}
RESULT: {}
RESULT: {"using":"xpath","value":"(//span[contains(text(), \"WebdriverSitegeshs\")])[2]"}
COMMAND: POST /session/7c0d23d2c82578952ab84395f5814e56/execute/sync - {"script":"<script> [8489 bytes]","args":[{"element-6066-11e4-a52e-4f735466cecf":"f.3CCCAE1BF6DABF28B2CD237E7015FC54.d.83D50368E81B3090EB9A450E3D7CBA27.e.5050","ELEMENT":"f.3CCCAE1BF6DABF28B2CD237E7015FC54.d.83D50368E81B3090EB9A450E3D7CBA27.e.5050"}]}
COMMAND: GET /session/7c0d23d2c82578952ab84395f5814e56/screenshot - {}
RESULT: {}
RESULT: {}
RESULT: {"script":"<script> [8489 bytes]","args":[{"element-6066-11e4-a52e-4f735466cecf":"f.3CCCAE1BF6DABF28B2CD237E7015FC54.d.83D50368E81B3090EB9A450E3D7CBA27.e.5050","ELEMENT":"f.3CCCAE1BF6DABF28B2CD237E7015FC54.d.83D50368E81B3090EB9A450E3D7CBA27.e.5050"}]}
COMMAND: GET /session/7c0d23d2c82578952ab84395f5814e56/screenshot - {}
RESULT: {}
RESULT: {}
COMMAND: POST /session/7c0d23d2c82578952ab84395f5814e56/element - {"using":"xpath","value":"(//button[contains(@data-kt ,\"ContextMenuExternalId3Link\")])[2]"}
RESULT: {"using":"xpath","value":"(//button[contains(@data-kt ,\"ContextMenuExternalId3Link\")])[2]"}
COMMAND: POST /session/7c0d23d2c82578952ab84395f5814e56/element/f.3CCCAE1BF6DABF28B2CD237E7015FC54.d.83D50368E81B3090EB9A450E3D7CBA27.e.5051/click - {}
RESULT: {}
COMMAND: GET /session/7c0d23d2c82578952ab84395f5814e56/screenshot - {}
RESULT: {}
COMMAND: GET /session/7c0d23d2c82578952ab84395f5814e56/window/handles - {}
RESULT: {}
COMMAND: POST /session/7c0d23d2c82578952ab84395f5814e56/window - {"handle":"6B534CE8B230EDF56953F083F6EAC4BD"}
RESULT: {"handle":"6B534CE8B230EDF56953F083F6EAC4BD"}
COMMAND: GET /session/7c0d23d2c82578952ab84395f5814e56/url - {}
RESULT: {}
COMMAND: POST /session/7c0d23d2c82578952ab84395f5814e56/execute/sync - {"script":"<script> [8489 bytes]","args":[{"element-6066-11e4-a52e-4f735466cecf":"f.3CCCAE1BF6DABF28B2CD237E7015FC54.d.83D50368E81B3090EB9A450E3D7CBA27.e.4671","ELEMENT":"f.3CCCAE1BF6DABF28B2CD237E7015FC54.d.83D50368E81B3090EB9A450E3D7CBA27.e.4671"}]}
COMMAND: GET /session/7c0d23d2c82578952ab84395f5814e56/screenshot - {}
RESULT: {"script":"<script> [8489 bytes]","args":[{"element-6066-11e4-a52e-4f735466cecf":"f.3CCCAE1BF6DABF28B2CD237E7015FC54.d.83D50368E81B3090EB9A450E3D7CBA27.e.4671","ELEMENT":"f.3CCCAE1BF6DABF28B2CD237E7015FC54.d.83D50368E81B3090EB9A450E3D7CBA27.e.4671"}]}
COMMAND: GET /session/7c0d23d2c82578952ab84395f5814e56/screenshot - {}
RESULT: {}
RESULT: {}
COMMAND: POST /session/7c0d23d2c82578952ab84395f5814e56/execute/sync - {"script":"<script> [8489 bytes]","args":[{"element-6066-11e4-a52e-4f735466cecf":"f.3CCCAE1BF6DABF28B2CD237E7015FC54.d.83D50368E81B3090EB9A450E3D7CBA27.e.4671","ELEMENT":"f.3CCCAE1BF6DABF28B2CD237E7015FC54.d.83D50368E81B3090EB9A450E3D7CBA27.e.4671"}]}
RESULT: {"script":"<script> [8489 bytes]","args":[{"element-6066-11e4-a52e-4f735466cecf":"f.3CCCAE1BF6DABF28B2CD237E7015FC54.d.83D50368E81B3090EB9A450E3D7CBA27.e.4671","ELEMENT":"f.3CCCAE1BF6DABF28B2CD237E7015FC54.d.83D50368E81B3090EB9A450E3D7CBA27.e.4671"}]}
COMMAND: GET /session/7c0d23d2c82578952ab84395f5814e56/screenshot - {}
RESULT: {}
COMMAND: POST /session/7c0d23d2c82578952ab84395f5814e56/execute/sync - {"script":"<script> [8489 bytes]","args":[{"element-6066-11e4-a52e-4f735466cecf":"f.3CCCAE1BF6DABF28B2CD237E7015FC54.d.83D50368E81B3090EB9A450E3D7CBA27.e.4671","ELEMENT":"f.3CCCAE1BF6DABF28B2CD237E7015FC54.d.83D50368E81B3090EB9A450E3D7CBA27.e.4671"}]}
RESULT: {"script":"<script> [8489 bytes]","args":[{"element-6066-11e4-a52e-4f735466cecf":"f.3CCCAE1BF6DABF28B2CD237E7015FC54.d.83D50368E81B3090EB9A450E3D7CBA27.e.4671","ELEMENT":"f.3CCCAE1BF6DABF28B2CD237E7015FC54.d.83D50368E81B3090EB9A450E3D7CBA27.e.4671"}]}
COMMAND: GET /session/7c0d23d2c82578952ab84395f5814e56/screenshot - {}
RESULT: {}
COMMAND: POST /session/7c0d23d2c82578952ab84395f5814e56/execute/sync - {"script":"<script> [8489 bytes]","args":[{"element-6066-11e4-a52e-4f735466cecf":"f.3CCCAE1BF6DABF28B2CD237E7015FC54.d.83D50368E81B3090EB9A450E3D7CBA27.e.4671","ELEMENT":"f.3CCCAE1BF6DABF28B2CD237E7015FC54.d.83D50368E81B3090EB9A450E3D7CBA27.e.4671"}]}
RESULT: {"script":"<script> [8489 bytes]","args":[{"element-6066-11e4-a52e-4f735466cecf":"f.3CCCAE1BF6DABF28B2CD237E7015FC54.d.83D50368E81B3090EB9A450E3D7CBA27.e.4671","ELEMENT":"f.3CCCAE1BF6DABF28B2CD237E7015FC54.d.83D50368E81B3090EB9A450E3D7CBA27.e.4671"}]}
COMMAND: GET /session/7c0d23d2c82578952ab84395f5814e56/screenshot - {}
RESULT: {}
COMMAND: POST /session/7c0d23d2c82578952ab84395f5814e56/execute/sync - {"script":"<script> [8489 bytes]","args":[{"element-6066-11e4-a52e-4f735466cecf":"f.3CCCAE1BF6DABF28B2CD237E7015FC54.d.83D50368E81B3090EB9A450E3D7CBA27.e.4671","ELEMENT":"f.3CCCAE1BF6DABF28B2CD237E7015FC54.d.83D50368E81B3090EB9A450E3D7CBA27.e.4671"}]}
RESULT: {"script":"<script> [8489 bytes]","args":[{"element-6066-11e4-a52e-4f735466cecf":"f.3CCCAE1BF6DABF28B2CD237E7015FC54.d.83D50368E81B3090EB9A450E3D7CBA27.e.4671","ELEMENT":"f.3CCCAE1BF6DABF28B2CD237E7015FC54.d.83D50368E81B3090EB9A450E3D7CBA27.e.4671"}]}
COMMAND: GET /session/7c0d23d2c82578952ab84395f5814e56/screenshot - {}
RESULT: {}
COMMAND: DELETE /session/7c0d23d2c82578952ab84395f5814e56/window - {}
RESULT: {}
COMMAND: POST /session/7c0d23d2c82578952ab84395f5814e56/window - {"handle":"3CCCAE1BF6DABF28B2CD237E7015FC54"}
RESULT: {"handle":"3CCCAE1BF6DABF28B2CD237E7015FC54"}
COMMAND: GET /session/7c0d23d2c82578952ab84395f5814e56/url - {}
RESULT: {}
COMMAND: GET /session/7c0d23d2c82578952ab84395f5814e56/screenshot - {}
COMMAND: POST /session/7c0d23d2c82578952ab84395f5814e56/execute/sync - {"script":"<script> [8489 bytes]","args":[{"element-6066-11e4-a52e-4f735466cecf":"f.3CCCAE1BF6DABF28B2CD237E7015FC54.d.83D50368E81B3090EB9A450E3D7CBA27.e.4671","ELEMENT":"f.3CCCAE1BF6DABF28B2CD237E7015FC54.d.83D50368E81B3090EB9A450E3D7CBA27.e.4671"}]}
RESULT: {}
COMMAND: POST /session/7c0d23d2c82578952ab84395f5814e56/element - {"using":"xpath","value":"//span[contains(@id ,\"application-addressmanagement-display-component---detailAdm--addressDetailDetailsName1\")][contains(text(), \"WebdriverSitegeshs\")]"}
RESULT: {"using":"xpath","value":"//span[contains(@id ,\"application-addressmanagement-display-component---detailAdm--addressDetailDetailsName1\")][contains(text(), \"WebdriverSitegeshs\")]"}
COMMAND: POST /session/7c0d23d2c82578952ab84395f5814e56/element - {"using":"xpath","value":"//span[contains(@id ,\"application-addressmanagement-display-component---detailAdm--addressDetailDetailsName1\")][contains(text(), \"WebdriverSitegeshs\")]"}
RESULT: {"using":"xpath","value":"//span[contains(@id ,\"application-addressmanagement-display-component---detailAdm--addressDetailDetailsName1\")][contains(text(), \"WebdriverSitegeshs\")]"}
COMMAND: POST /session/7c0d23d2c82578952ab84395f5814e56/element - {"using":"xpath","value":"//span[contains(@id ,\"application-addressmanagement-display-component---detailAdm--addressDetailDetailsName1\")][contains(text(), \"WebdriverSitegeshs\")]"}
RESULT: {"using":"xpath","value":"//span[contains(@id ,\"application-addressmanagement-display-component---detailAdm--addressDetailDetailsName1\")][contains(text(), \"WebdriverSitegeshs\")]"}
COMMAND: POST /session/7c0d23d2c82578952ab84395f5814e56/element - {"using":"xpath","value":"//span[contains(@id ,\"application-addressmanagement-display-component---detailAdm--addressDetailDetailsName1\")][contains(text(), \"WebdriverSitegeshs\")]"}
RESULT: {"using":"xpath","value":"//span[contains(@id ,\"application-addressmanagement-display-component---detailAdm--addressDetailDetailsName1\")][contains(text(), \"WebdriverSitegeshs\")]"}
COMMAND: POST /session/7c0d23d2c82578952ab84395f5814e56/element - {"using":"xpath","value":"//span[contains(@id ,\"application-addressmanagement-display-component---detailAdm--addressDetailDetailsName1\")][contains(text(), \"WebdriverSitegeshs\")]"}
RESULT: {"using":"xpath","value":"//span[contains(@id ,\"application-addressmanagement-display-component---detailAdm--addressDetailDetailsName1\")][contains(text(), \"WebdriverSitegeshs\")]"}
COMMAND: POST /session/7c0d23d2c82578952ab84395f5814e56/element - {"using":"xpath","value":"//span[contains(@id ,\"application-addressmanagement-display-component---detailAdm--addressDetailDetailsName1\")][contains(text(), \"WebdriverSitegeshs\")]"}
RESULT: {"using":"xpath","value":"//span[contains(@id ,\"application-addressmanagement-display-component---detailAdm--addressDetailDetailsName1\")][contains(text(), \"WebdriverSitegeshs\")]"}
COMMAND: POST /session/7c0d23d2c82578952ab84395f5814e56/element - {"using":"xpath","value":"//span[contains(@id ,\"application-addressmanagement-display-component---detailAdm--addressDetailDetailsName1\")][contains(text(), \"WebdriverSitegeshs\")]"}
RESULT: {"using":"xpath","value":"//span[contains(@id ,\"application-addressmanagement-display-component---detailAdm--addressDetailDetailsName1\")][contains(text(), \"WebdriverSitegeshs\")]"}
COMMAND: POST /session/7c0d23d2c82578952ab84395f5814e56/element - {"using":"xpath","value":"//span[contains(@id ,\"application-addressmanagement-display-component---detailAdm--addressDetailDetailsName1\")][contains(text(), \"WebdriverSitegeshs\")]"}
RESULT: {"using":"xpath","value":"//span[contains(@id ,\"application-addressmanagement-display-component---detailAdm--addressDetailDetailsName1\")][contains(text(), \"WebdriverSitegeshs\")]"}
COMMAND: POST /session/7c0d23d2c82578952ab84395f5814e56/element - {"using":"xpath","value":"//span[contains(@id ,\"application-addressmanagement-display-component---detailAdm--addressDetailDetailsName1\")][contains(text(), \"WebdriverSitegeshs\")]"}
RESULT: {"using":"xpath","value":"//span[contains(@id ,\"application-addressmanagement-display-component---detailAdm--addressDetailDetailsName1\")][contains(text(), \"WebdriverSitegeshs\")]"}
COMMAND: POST /session/7c0d23d2c82578952ab84395f5814e56/element - {"using":"xpath","value":"//span[contains(@id ,\"application-addressmanagement-display-component---detailAdm--addressDetailDetailsName1\")][contains(text(), \"WebdriverSitegeshs\")]"}
RESULT: {"using":"xpath","value":"//span[contains(@id ,\"application-addressmanagement-display-component---detailAdm--addressDetailDetailsName1\")][contains(text(), \"WebdriverSitegeshs\")]"}
]]></system-out>
    </testcase>
  </testsuite>
  <testsuite timestamp="2025-06-05T16:23:57" time="286.201" tests="2" failures="0" errors="0" skipped="0">
    <properties>
      <property name="specId" value="0" />
      <property name="suiteName" value="Webshop - Hyperlinks visible and working properly  US139085" />
      <property name="capabilities" value="chrome.137_0_7151_56.windows" />
      <property name="file" value="file:///D:/a/1/s/test/specs/R2C/webshop-hyperlinks-partner-address-contract-item.spec.js" />
    </properties>
    <testcase classname="chrome.137_0_7151_56.windows.Webshop_-_Hyperlinks_visible_and_working_properly__US139085" name="Should verify the customer and address hyperlinks" time="175.793">
      <system-out><![CDATA[
COMMAND: POST /session/7c0d23d2c82578952ab84395f5814e56/element - {"using":"xpath","value":"//*[contains(@data-kt ,\"webshopDetailAddressLink\")]"}
RESULT: {"using":"xpath","value":"//*[contains(@data-kt ,\"webshopDetailAddressLink\")]"}
COMMAND: POST /session/7c0d23d2c82578952ab84395f5814e56/execute/sync - {"script":"<script> [8489 bytes]","args":[{"element-6066-11e4-a52e-4f735466cecf":"f.3CCCAE1BF6DABF28B2CD237E7015FC54.d.83D50368E81B3090EB9A450E3D7CBA27.e.5057","ELEMENT":"f.3CCCAE1BF6DABF28B2CD237E7015FC54.d.83D50368E81B3090EB9A450E3D7CBA27.e.5057"}]}
RESULT: {"script":"<script> [8489 bytes]","args":[{"element-6066-11e4-a52e-4f735466cecf":"f.3CCCAE1BF6DABF28B2CD237E7015FC54.d.83D50368E81B3090EB9A450E3D7CBA27.e.5057","ELEMENT":"f.3CCCAE1BF6DABF28B2CD237E7015FC54.d.83D50368E81B3090EB9A450E3D7CBA27.e.5057"}]}
COMMAND: POST /session/7c0d23d2c82578952ab84395f5814e56/execute/sync - {"script":"<script> [5351 bytes]","args":[{"element-6066-11e4-a52e-4f735466cecf":"f.3CCCAE1BF6DABF28B2CD237E7015FC54.d.83D50368E81B3090EB9A450E3D7CBA27.e.5057","ELEMENT":"f.3CCCAE1BF6DABF28B2CD237E7015FC54.d.83D50368E81B3090EB9A450E3D7CBA27.e.5057"}]}
COMMAND: GET /session/7c0d23d2c82578952ab84395f5814e56/screenshot - {}
RESULT: {"script":"<script> [5351 bytes]","args":[{"element-6066-11e4-a52e-4f735466cecf":"f.3CCCAE1BF6DABF28B2CD237E7015FC54.d.83D50368E81B3090EB9A450E3D7CBA27.e.5057","ELEMENT":"f.3CCCAE1BF6DABF28B2CD237E7015FC54.d.83D50368E81B3090EB9A450E3D7CBA27.e.5057"}]}
COMMAND: GET /session/7c0d23d2c82578952ab84395f5814e56/screenshot - {}
RESULT: {}
RESULT: {}
COMMAND: POST /session/7c0d23d2c82578952ab84395f5814e56/element - {"using":"xpath","value":"//span[contains(@id ,\"application-addressmanagement-display-component---detailAdm--addressDetailDetailsName1\")][contains(text(), \"WebdriverSitegeshs\")]"}
RESULT: {"using":"xpath","value":"//span[contains(@id ,\"application-addressmanagement-display-component---detailAdm--addressDetailDetailsName1\")][contains(text(), \"WebdriverSitegeshs\")]"}
COMMAND: POST /session/7c0d23d2c82578952ab84395f5814e56/element - {"using":"xpath","value":"//span[contains(@id ,\"application-addressmanagement-display-component---detailAdm--addressDetailDetailsName1\")][contains(text(), \"WebdriverSitegeshs\")]"}
RESULT: {"using":"xpath","value":"//span[contains(@id ,\"application-addressmanagement-display-component---detailAdm--addressDetailDetailsName1\")][contains(text(), \"WebdriverSitegeshs\")]"}
COMMAND: POST /session/7c0d23d2c82578952ab84395f5814e56/element - {"using":"xpath","value":"//span[contains(@id ,\"application-addressmanagement-display-component---detailAdm--addressDetailDetailsName1\")][contains(text(), \"WebdriverSitegeshs\")]"}
RESULT: {"using":"xpath","value":"//span[contains(@id ,\"application-addressmanagement-display-component---detailAdm--addressDetailDetailsName1\")][contains(text(), \"WebdriverSitegeshs\")]"}
COMMAND: POST /session/7c0d23d2c82578952ab84395f5814e56/element - {"using":"xpath","value":"//span[contains(@id ,\"application-addressmanagement-display-component---detailAdm--addressDetailDetailsName1\")][contains(text(), \"WebdriverSitegeshs\")]"}
RESULT: {"using":"xpath","value":"//span[contains(@id ,\"application-addressmanagement-display-component---detailAdm--addressDetailDetailsName1\")][contains(text(), \"WebdriverSitegeshs\")]"}
COMMAND: POST /session/7c0d23d2c82578952ab84395f5814e56/element - {"using":"xpath","value":"//span[contains(@id ,\"application-addressmanagement-display-component---detailAdm--addressDetailDetailsName1\")][contains(text(), \"WebdriverSitegeshs\")]"}
RESULT: {"using":"xpath","value":"//span[contains(@id ,\"application-addressmanagement-display-component---detailAdm--addressDetailDetailsName1\")][contains(text(), \"WebdriverSitegeshs\")]"}
COMMAND: POST /session/7c0d23d2c82578952ab84395f5814e56/element - {"using":"xpath","value":"//span[contains(@id ,\"application-addressmanagement-display-component---detailAdm--addressDetailDetailsName1\")][contains(text(), \"WebdriverSitegeshs\")]"}
RESULT: {"using":"xpath","value":"//span[contains(@id ,\"application-addressmanagement-display-component---detailAdm--addressDetailDetailsName1\")][contains(text(), \"WebdriverSitegeshs\")]"}
COMMAND: POST /session/7c0d23d2c82578952ab84395f5814e56/element - {"using":"xpath","value":"//span[contains(@id ,\"application-addressmanagement-display-component---detailAdm--addressDetailDetailsName1\")][contains(text(), \"WebdriverSitegeshs\")]"}
RESULT: {"using":"xpath","value":"//span[contains(@id ,\"application-addressmanagement-display-component---detailAdm--addressDetailDetailsName1\")][contains(text(), \"WebdriverSitegeshs\")]"}
COMMAND: POST /session/7c0d23d2c82578952ab84395f5814e56/element - {"using":"xpath","value":"//span[contains(@id ,\"application-addressmanagement-display-component---detailAdm--addressDetailDetailsName1\")][contains(text(), \"WebdriverSitegeshs\")]"}
RESULT: {"using":"xpath","value":"//span[contains(@id ,\"application-addressmanagement-display-component---detailAdm--addressDetailDetailsName1\")][contains(text(), \"WebdriverSitegeshs\")]"}
COMMAND: POST /session/7c0d23d2c82578952ab84395f5814e56/element - {"using":"xpath","value":"//span[contains(@id ,\"application-addressmanagement-display-component---detailAdm--addressDetailDetailsName1\")][contains(text(), \"WebdriverSitegeshs\")]"}
RESULT: {"using":"xpath","value":"//span[contains(@id ,\"application-addressmanagement-display-component---detailAdm--addressDetailDetailsName1\")][contains(text(), \"WebdriverSitegeshs\")]"}
COMMAND: POST /session/7c0d23d2c82578952ab84395f5814e56/element - {"using":"xpath","value":"//*[contains(@data-kt ,\"webshopDetailAddressLink\")]"}
RESULT: {"using":"xpath","value":"//*[contains(@data-kt ,\"webshopDetailAddressLink\")]"}
COMMAND: POST /session/7c0d23d2c82578952ab84395f5814e56/element/f.3CCCAE1BF6DABF28B2CD237E7015FC54.d.83D50368E81B3090EB9A450E3D7CBA27.e.5057/click - {}
RESULT: {}
COMMAND: GET /session/7c0d23d2c82578952ab84395f5814e56/screenshot - {}
COMMAND: POST /session/7c0d23d2c82578952ab84395f5814e56/element - {"using":"xpath","value":"//span[contains(@id ,\"application-addressmanagement-display-component---detailAdm--addressDetailDetailsName1\")][contains(text(), \"WebdriverSitegeshs\")]"}
RESULT: {}
RESULT: {"using":"xpath","value":"//span[contains(@id ,\"application-addressmanagement-display-component---detailAdm--addressDetailDetailsName1\")][contains(text(), \"WebdriverSitegeshs\")]"}
COMMAND: POST /session/7c0d23d2c82578952ab84395f5814e56/element - {"using":"xpath","value":"//span[contains(@id ,\"application-addressmanagement-display-component---detailAdm--addressDetailDetailsName1\")][contains(text(), \"WebdriverSitegeshs\")]"}
RESULT: {"using":"xpath","value":"//span[contains(@id ,\"application-addressmanagement-display-component---detailAdm--addressDetailDetailsName1\")][contains(text(), \"WebdriverSitegeshs\")]"}
COMMAND: POST /session/7c0d23d2c82578952ab84395f5814e56/element - {"using":"xpath","value":"//span[contains(@id ,\"application-addressmanagement-display-component---detailAdm--addressDetailDetailsName1\")][contains(text(), \"WebdriverSitegeshs\")]"}
RESULT: {"using":"xpath","value":"//span[contains(@id ,\"application-addressmanagement-display-component---detailAdm--addressDetailDetailsName1\")][contains(text(), \"WebdriverSitegeshs\")]"}
COMMAND: POST /session/7c0d23d2c82578952ab84395f5814e56/element - {"using":"xpath","value":"//span[contains(@id ,\"application-addressmanagement-display-component---detailAdm--addressDetailDetailsName1\")][contains(text(), \"WebdriverSitegeshs\")]"}
RESULT: {"using":"xpath","value":"//span[contains(@id ,\"application-addressmanagement-display-component---detailAdm--addressDetailDetailsName1\")][contains(text(), \"WebdriverSitegeshs\")]"}
COMMAND: POST /session/7c0d23d2c82578952ab84395f5814e56/element - {"using":"xpath","value":"//*[contains(@data-kt ,\"ContextMenuId2Link\")][contains(text(), \"Address Overview\")]"}
RESULT: {"using":"xpath","value":"//*[contains(@data-kt ,\"ContextMenuId2Link\")][contains(text(), \"Address Overview\")]"}
COMMAND: POST /session/7c0d23d2c82578952ab84395f5814e56/execute/sync - {"script":"<script> [8489 bytes]","args":[{"element-6066-11e4-a52e-4f735466cecf":"f.3CCCAE1BF6DABF28B2CD237E7015FC54.d.83D50368E81B3090EB9A450E3D7CBA27.e.5059","ELEMENT":"f.3CCCAE1BF6DABF28B2CD237E7015FC54.d.83D50368E81B3090EB9A450E3D7CBA27.e.5059"}]}
COMMAND: POST /session/7c0d23d2c82578952ab84395f5814e56/element - {"using":"xpath","value":"//*[contains(@data-kt ,\"ContextMenuId2Link\")][contains(text(), \"Address Overview\")]"}
RESULT: {"script":"<script> [8489 bytes]","args":[{"element-6066-11e4-a52e-4f735466cecf":"f.3CCCAE1BF6DABF28B2CD237E7015FC54.d.83D50368E81B3090EB9A450E3D7CBA27.e.5059","ELEMENT":"f.3CCCAE1BF6DABF28B2CD237E7015FC54.d.83D50368E81B3090EB9A450E3D7CBA27.e.5059"}]}
RESULT: {"using":"xpath","value":"//*[contains(@data-kt ,\"ContextMenuId2Link\")][contains(text(), \"Address Overview\")]"}
COMMAND: POST /session/7c0d23d2c82578952ab84395f5814e56/element/f.3CCCAE1BF6DABF28B2CD237E7015FC54.d.83D50368E81B3090EB9A450E3D7CBA27.e.5059/click - {}
COMMAND: GET /session/7c0d23d2c82578952ab84395f5814e56/screenshot - {}
RESULT: {}
COMMAND: POST /session/7c0d23d2c82578952ab84395f5814e56/element - {"using":"xpath","value":"//span[contains(@id ,\"application-addressmanagement-display-component---detailAdm--addressDetailDetailsName1\")][contains(text(), \"WebdriverSitegeshs\")]"}
COMMAND: GET /session/7c0d23d2c82578952ab84395f5814e56/screenshot - {}
RESULT: {}
RESULT: {"using":"xpath","value":"//span[contains(@id ,\"application-addressmanagement-display-component---detailAdm--addressDetailDetailsName1\")][contains(text(), \"WebdriverSitegeshs\")]"}
RESULT: {}
COMMAND: POST /session/7c0d23d2c82578952ab84395f5814e56/element - {"using":"xpath","value":"//span[contains(@id ,\"application-addressmanagement-display-component---detailAdm--addressDetailDetailsName1\")][contains(text(), \"WebdriverSitegeshs\")]"}
RESULT: {"using":"xpath","value":"//span[contains(@id ,\"application-addressmanagement-display-component---detailAdm--addressDetailDetailsName1\")][contains(text(), \"WebdriverSitegeshs\")]"}
COMMAND: POST /session/7c0d23d2c82578952ab84395f5814e56/element - {"using":"xpath","value":"//span[contains(@id ,\"application-addressmanagement-display-component---detailAdm--addressDetailDetailsName1\")][contains(text(), \"WebdriverSitegeshs\")]"}
RESULT: undefined
COMMAND: POST /session/7c0d23d2c82578952ab84395f5814e56/execute/async - {"script":"<script> [6424 bytes]","args":[{"element-6066-11e4-a52e-4f735466cecf":"f.3CCCAE1BF6DABF28B2CD237E7015FC54.d.83D50368E81B3090EB9A450E3D7CBA27.e.3172"},"getTitle",[]]}
RESULT: {"using":"xpath","value":"//span[contains(@id ,\"application-addressmanagement-display-component---detailAdm--addressDetailDetailsName1\")][contains(text(), \"WebdriverSitegeshs\")]"}
COMMAND: POST /session/7c0d23d2c82578952ab84395f5814e56/execute/async - {"script":"<script> [1562 bytes]","args":[{"selector":{"id":"shellAppTitle"},"wdio_ui5_key":"shellAppTitle"}]}
COMMAND: POST /session/7c0d23d2c82578952ab84395f5814e56/element - {"using":"xpath","value":"//span[contains(@id ,\"application-addressmanagement-display-component---detailAdm--addressDetailDetailsName1\")][contains(text(), \"WebdriverSitegeshs\")]"}
RESULT: {"script":"<script> [1562 bytes]","args":[{"selector":{"id":"shellAppTitle"},"wdio_ui5_key":"shellAppTitle"}]}
COMMAND: POST /session/7c0d23d2c82578952ab84395f5814e56/execute/async - {"script":"<script> [6424 bytes]","args":[{"element-6066-11e4-a52e-4f735466cecf":"f.3CCCAE1BF6DABF28B2CD237E7015FC54.d.83D50368E81B3090EB9A450E3D7CBA27.e.5251"},"getTitle",[]]}
RESULT: {"using":"xpath","value":"//span[contains(@id ,\"application-addressmanagement-display-component---detailAdm--addressDetailDetailsName1\")][contains(text(), \"WebdriverSitegeshs\")]"}
COMMAND: POST /session/7c0d23d2c82578952ab84395f5814e56/execute/sync - {"script":"<script> [8489 bytes]","args":[{"element-6066-11e4-a52e-4f735466cecf":"f.3CCCAE1BF6DABF28B2CD237E7015FC54.d.83D50368E81B3090EB9A450E3D7CBA27.e.5252","ELEMENT":"f.3CCCAE1BF6DABF28B2CD237E7015FC54.d.83D50368E81B3090EB9A450E3D7CBA27.e.5252"}]}
RESULT: {"script":"<script> [6424 bytes]","args":[{"element-6066-11e4-a52e-4f735466cecf":"f.3CCCAE1BF6DABF28B2CD237E7015FC54.d.83D50368E81B3090EB9A450E3D7CBA27.e.5251"},"getTitle",[]]}
COMMAND: POST /session/7c0d23d2c82578952ab84395f5814e56/element - {"using":"xpath","value":"//span[contains(@id ,\"application-addressmanagement-display-component---detailAdm--addressDetailDetailsName1\")][contains(text(), \"WebdriverSitegeshs\")]"}
RESULT: {"script":"<script> [8489 bytes]","args":[{"element-6066-11e4-a52e-4f735466cecf":"f.3CCCAE1BF6DABF28B2CD237E7015FC54.d.83D50368E81B3090EB9A450E3D7CBA27.e.5252","ELEMENT":"f.3CCCAE1BF6DABF28B2CD237E7015FC54.d.83D50368E81B3090EB9A450E3D7CBA27.e.5252"}]}
COMMAND: GET /session/7c0d23d2c82578952ab84395f5814e56/screenshot - {}
RESULT: {"using":"xpath","value":"//span[contains(@id ,\"application-addressmanagement-display-component---detailAdm--addressDetailDetailsName1\")][contains(text(), \"WebdriverSitegeshs\")]"}
COMMAND: POST /session/7c0d23d2c82578952ab84395f5814e56/execute/sync - {"script":"<script> [8489 bytes]","args":[{"element-6066-11e4-a52e-4f735466cecf":"f.3CCCAE1BF6DABF28B2CD237E7015FC54.d.83D50368E81B3090EB9A450E3D7CBA27.e.5252","ELEMENT":"f.3CCCAE1BF6DABF28B2CD237E7015FC54.d.83D50368E81B3090EB9A450E3D7CBA27.e.5252"}]}
RESULT: undefined
COMMAND: POST /session/7c0d23d2c82578952ab84395f5814e56/element - {"using":"xpath","value":"//*[@id=\"backBtn\"]"}
RESULT: {}
RESULT: {"using":"xpath","value":"//*[@id=\"backBtn\"]"}
COMMAND: POST /session/7c0d23d2c82578952ab84395f5814e56/element/f.3CCCAE1BF6DABF28B2CD237E7015FC54.d.83D50368E81B3090EB9A450E3D7CBA27.e.3174/click - {}
RESULT: {"script":"<script> [8489 bytes]","args":[{"element-6066-11e4-a52e-4f735466cecf":"f.3CCCAE1BF6DABF28B2CD237E7015FC54.d.83D50368E81B3090EB9A450E3D7CBA27.e.5252","ELEMENT":"f.3CCCAE1BF6DABF28B2CD237E7015FC54.d.83D50368E81B3090EB9A450E3D7CBA27.e.5252"}]}
COMMAND: GET /session/7c0d23d2c82578952ab84395f5814e56/screenshot - {}
RESULT: {}
COMMAND: GET /session/7c0d23d2c82578952ab84395f5814e56/screenshot - {}
RESULT: {}
COMMAND: POST /session/7c0d23d2c82578952ab84395f5814e56/execute/sync - {"script":"<script> [8489 bytes]","args":[{"element-6066-11e4-a52e-4f735466cecf":"f.3CCCAE1BF6DABF28B2CD237E7015FC54.d.83D50368E81B3090EB9A450E3D7CBA27.e.5057","ELEMENT":"f.3CCCAE1BF6DABF28B2CD237E7015FC54.d.83D50368E81B3090EB9A450E3D7CBA27.e.5057"}]}
RESULT: {}
COMMAND: POST /session/7c0d23d2c82578952ab84395f5814e56/element - {"using":"xpath","value":"//*[contains(@data-kt ,\"webshopDetailAddressLink\")]"}
RESULT: {"using":"xpath","value":"//*[contains(@data-kt ,\"webshopDetailAddressLink\")]"}
COMMAND: POST /session/7c0d23d2c82578952ab84395f5814e56/execute/sync - {"script":"<script> [8489 bytes]","args":[{"element-6066-11e4-a52e-4f735466cecf":"f.3CCCAE1BF6DABF28B2CD237E7015FC54.d.83D50368E81B3090EB9A450E3D7CBA27.e.5379","ELEMENT":"f.3CCCAE1BF6DABF28B2CD237E7015FC54.d.83D50368E81B3090EB9A450E3D7CBA27.e.5379"}]}
RESULT: {"script":"<script> [8489 bytes]","args":[{"element-6066-11e4-a52e-4f735466cecf":"f.3CCCAE1BF6DABF28B2CD237E7015FC54.d.83D50368E81B3090EB9A450E3D7CBA27.e.5379","ELEMENT":"f.3CCCAE1BF6DABF28B2CD237E7015FC54.d.83D50368E81B3090EB9A450E3D7CBA27.e.5379"}]}
COMMAND: POST /session/7c0d23d2c82578952ab84395f5814e56/execute/sync - {"script":"<script> [5351 bytes]","args":[{"element-6066-11e4-a52e-4f735466cecf":"f.3CCCAE1BF6DABF28B2CD237E7015FC54.d.83D50368E81B3090EB9A450E3D7CBA27.e.5379","ELEMENT":"f.3CCCAE1BF6DABF28B2CD237E7015FC54.d.83D50368E81B3090EB9A450E3D7CBA27.e.5379"}]}
COMMAND: GET /session/7c0d23d2c82578952ab84395f5814e56/screenshot - {}
RESULT: {"script":"<script> [5351 bytes]","args":[{"element-6066-11e4-a52e-4f735466cecf":"f.3CCCAE1BF6DABF28B2CD237E7015FC54.d.83D50368E81B3090EB9A450E3D7CBA27.e.5379","ELEMENT":"f.3CCCAE1BF6DABF28B2CD237E7015FC54.d.83D50368E81B3090EB9A450E3D7CBA27.e.5379"}]}
COMMAND: POST /session/7c0d23d2c82578952ab84395f5814e56/execute/sync - {"script":"<script> [8489 bytes]","args":[{"element-6066-11e4-a52e-4f735466cecf":"f.3CCCAE1BF6DABF28B2CD237E7015FC54.d.83D50368E81B3090EB9A450E3D7CBA27.e.5379","ELEMENT":"f.3CCCAE1BF6DABF28B2CD237E7015FC54.d.83D50368E81B3090EB9A450E3D7CBA27.e.5379"}]}
COMMAND: GET /session/7c0d23d2c82578952ab84395f5814e56/screenshot - {}
RESULT: {}
RESULT: {"script":"<script> [8489 bytes]","args":[{"element-6066-11e4-a52e-4f735466cecf":"f.3CCCAE1BF6DABF28B2CD237E7015FC54.d.83D50368E81B3090EB9A450E3D7CBA27.e.5379","ELEMENT":"f.3CCCAE1BF6DABF28B2CD237E7015FC54.d.83D50368E81B3090EB9A450E3D7CBA27.e.5379"}]}
COMMAND: POST /session/7c0d23d2c82578952ab84395f5814e56/execute/sync - {"script":"<script> [5351 bytes]","args":[{"element-6066-11e4-a52e-4f735466cecf":"f.3CCCAE1BF6DABF28B2CD237E7015FC54.d.83D50368E81B3090EB9A450E3D7CBA27.e.5379","ELEMENT":"f.3CCCAE1BF6DABF28B2CD237E7015FC54.d.83D50368E81B3090EB9A450E3D7CBA27.e.5379"}]}
COMMAND: GET /session/7c0d23d2c82578952ab84395f5814e56/screenshot - {}
RESULT: {}
RESULT: {"script":"<script> [5351 bytes]","args":[{"element-6066-11e4-a52e-4f735466cecf":"f.3CCCAE1BF6DABF28B2CD237E7015FC54.d.83D50368E81B3090EB9A450E3D7CBA27.e.5379","ELEMENT":"f.3CCCAE1BF6DABF28B2CD237E7015FC54.d.83D50368E81B3090EB9A450E3D7CBA27.e.5379"}]}
COMMAND: POST /session/7c0d23d2c82578952ab84395f5814e56/element - {"using":"xpath","value":"//*[contains(@data-kt ,\"webshopDetailAddressLink\")]"}
COMMAND: GET /session/7c0d23d2c82578952ab84395f5814e56/screenshot - {}
RESULT: {}
RESULT: {"using":"xpath","value":"//*[contains(@data-kt ,\"webshopDetailAddressLink\")]"}
COMMAND: POST /session/7c0d23d2c82578952ab84395f5814e56/element/f.3CCCAE1BF6DABF28B2CD237E7015FC54.d.83D50368E81B3090EB9A450E3D7CBA27.e.5379/click - {}
RESULT: {}
RESULT: {}
COMMAND: GET /session/7c0d23d2c82578952ab84395f5814e56/screenshot - {}
RESULT: {}
COMMAND: POST /session/7c0d23d2c82578952ab84395f5814e56/element - {"using":"xpath","value":"//button[contains(@data-kt ,\"ContextMenuExternalId2Link\")]"}
RESULT: {"using":"xpath","value":"//button[contains(@data-kt ,\"ContextMenuExternalId2Link\")]"}
COMMAND: POST /session/7c0d23d2c82578952ab84395f5814e56/element/f.3CCCAE1BF6DABF28B2CD237E7015FC54.d.83D50368E81B3090EB9A450E3D7CBA27.e.5415/click - {}
RESULT: {}
COMMAND: GET /session/7c0d23d2c82578952ab84395f5814e56/screenshot - {}
RESULT: {}
COMMAND: GET /session/7c0d23d2c82578952ab84395f5814e56/window/handles - {}
RESULT: {}
COMMAND: POST /session/7c0d23d2c82578952ab84395f5814e56/window - {"handle":"F51954E3AF43666DA9FF69AB0313984E"}
RESULT: {"handle":"F51954E3AF43666DA9FF69AB0313984E"}
COMMAND: GET /session/7c0d23d2c82578952ab84395f5814e56/url - {}
RESULT: {}
COMMAND: GET /session/7c0d23d2c82578952ab84395f5814e56/screenshot - {}
RESULT: {}
COMMAND: POST /session/7c0d23d2c82578952ab84395f5814e56/execute/sync - {"script":"<script> [8489 bytes]","args":[{"element-6066-11e4-a52e-4f735466cecf":"f.3CCCAE1BF6DABF28B2CD237E7015FC54.d.83D50368E81B3090EB9A450E3D7CBA27.e.5252","ELEMENT":"f.3CCCAE1BF6DABF28B2CD237E7015FC54.d.83D50368E81B3090EB9A450E3D7CBA27.e.5252"}]}
COMMAND: DELETE /session/7c0d23d2c82578952ab84395f5814e56/window - {}
RESULT: {}
COMMAND: POST /session/7c0d23d2c82578952ab84395f5814e56/window - {"handle":"3CCCAE1BF6DABF28B2CD237E7015FC54"}
RESULT: {"handle":"3CCCAE1BF6DABF28B2CD237E7015FC54"}
COMMAND: GET /session/7c0d23d2c82578952ab84395f5814e56/url - {}
COMMAND: POST /session/7c0d23d2c82578952ab84395f5814e56/element - {"using":"xpath","value":"//span[contains(@id ,\"application-addressmanagement-display-component---detailAdm--addressDetailDetailsName1\")][contains(text(), \"WebdriverSitegeshs\")]"}
RESULT: {}
COMMAND: GET /session/7c0d23d2c82578952ab84395f5814e56/screenshot - {}
RESULT: {"using":"xpath","value":"//span[contains(@id ,\"application-addressmanagement-display-component---detailAdm--addressDetailDetailsName1\")][contains(text(), \"WebdriverSitegeshs\")]"}
COMMAND: POST /session/7c0d23d2c82578952ab84395f5814e56/element - {"using":"xpath","value":"//span[contains(@id ,\"application-addressmanagement-display-component---detailAdm--addressDetailDetailsName1\")][contains(text(), \"WebdriverSitegeshs\")]"}
RESULT: {}
RESULT: {"using":"xpath","value":"//span[contains(@id ,\"application-addressmanagement-display-component---detailAdm--addressDetailDetailsName1\")][contains(text(), \"WebdriverSitegeshs\")]"}
COMMAND: POST /session/7c0d23d2c82578952ab84395f5814e56/element - {"using":"xpath","value":"//span[contains(@id ,\"application-addressmanagement-display-component---detailAdm--addressDetailDetailsName1\")][contains(text(), \"WebdriverSitegeshs\")]"}
RESULT: {"using":"xpath","value":"//span[contains(@id ,\"application-addressmanagement-display-component---detailAdm--addressDetailDetailsName1\")][contains(text(), \"WebdriverSitegeshs\")]"}
COMMAND: POST /session/7c0d23d2c82578952ab84395f5814e56/element - {"using":"xpath","value":"//span[contains(@id ,\"application-addressmanagement-display-component---detailAdm--addressDetailDetailsName1\")][contains(text(), \"WebdriverSitegeshs\")]"}
RESULT: {"using":"xpath","value":"//span[contains(@id ,\"application-addressmanagement-display-component---detailAdm--addressDetailDetailsName1\")][contains(text(), \"WebdriverSitegeshs\")]"}
COMMAND: POST /session/7c0d23d2c82578952ab84395f5814e56/element - {"using":"xpath","value":"//span[contains(@id ,\"application-addressmanagement-display-component---detailAdm--addressDetailDetailsName1\")][contains(text(), \"WebdriverSitegeshs\")]"}
RESULT: {"using":"xpath","value":"//span[contains(@id ,\"application-addressmanagement-display-component---detailAdm--addressDetailDetailsName1\")][contains(text(), \"WebdriverSitegeshs\")]"}
COMMAND: POST /session/7c0d23d2c82578952ab84395f5814e56/element - {"using":"xpath","value":"//span[contains(@id ,\"application-addressmanagement-display-component---detailAdm--addressDetailDetailsName1\")][contains(text(), \"WebdriverSitegeshs\")]"}
RESULT: {"using":"xpath","value":"//span[contains(@id ,\"application-addressmanagement-display-component---detailAdm--addressDetailDetailsName1\")][contains(text(), \"WebdriverSitegeshs\")]"}
COMMAND: POST /session/7c0d23d2c82578952ab84395f5814e56/element - {"using":"xpath","value":"//*[contains(@data-kt ,\"webshopDetailCustomerLink\")]"}
COMMAND: POST /session/7c0d23d2c82578952ab84395f5814e56/element - {"using":"xpath","value":"//span[contains(@id ,\"application-addressmanagement-display-component---detailAdm--addressDetailDetailsName1\")][contains(text(), \"WebdriverSitegeshs\")]"}
RESULT: {"using":"xpath","value":"//*[contains(@data-kt ,\"webshopDetailCustomerLink\")]"}
COMMAND: POST /session/7c0d23d2c82578952ab84395f5814e56/execute/sync - {"script":"<script> [8489 bytes]","args":[{"element-6066-11e4-a52e-4f735466cecf":"f.3CCCAE1BF6DABF28B2CD237E7015FC54.d.83D50368E81B3090EB9A450E3D7CBA27.e.5637","ELEMENT":"f.3CCCAE1BF6DABF28B2CD237E7015FC54.d.83D50368E81B3090EB9A450E3D7CBA27.e.5637"}]}
RESULT: {"using":"xpath","value":"//span[contains(@id ,\"application-addressmanagement-display-component---detailAdm--addressDetailDetailsName1\")][contains(text(), \"WebdriverSitegeshs\")]"}
RESULT: {"script":"<script> [8489 bytes]","args":[{"element-6066-11e4-a52e-4f735466cecf":"f.3CCCAE1BF6DABF28B2CD237E7015FC54.d.83D50368E81B3090EB9A450E3D7CBA27.e.5637","ELEMENT":"f.3CCCAE1BF6DABF28B2CD237E7015FC54.d.83D50368E81B3090EB9A450E3D7CBA27.e.5637"}]}
COMMAND: POST /session/7c0d23d2c82578952ab84395f5814e56/execute/sync - {"script":"<script> [5351 bytes]","args":[{"element-6066-11e4-a52e-4f735466cecf":"f.3CCCAE1BF6DABF28B2CD237E7015FC54.d.83D50368E81B3090EB9A450E3D7CBA27.e.5637","ELEMENT":"f.3CCCAE1BF6DABF28B2CD237E7015FC54.d.83D50368E81B3090EB9A450E3D7CBA27.e.5637"}]}
COMMAND: GET /session/7c0d23d2c82578952ab84395f5814e56/screenshot - {}
RESULT: {"script":"<script> [5351 bytes]","args":[{"element-6066-11e4-a52e-4f735466cecf":"f.3CCCAE1BF6DABF28B2CD237E7015FC54.d.83D50368E81B3090EB9A450E3D7CBA27.e.5637","ELEMENT":"f.3CCCAE1BF6DABF28B2CD237E7015FC54.d.83D50368E81B3090EB9A450E3D7CBA27.e.5637"}]}
COMMAND: POST /session/7c0d23d2c82578952ab84395f5814e56/element - {"using":"xpath","value":"//*[contains(@data-kt ,\"webshopDetailCustomerLink\")]"}
COMMAND: GET /session/7c0d23d2c82578952ab84395f5814e56/screenshot - {}
RESULT: {}
RESULT: {"using":"xpath","value":"//*[contains(@data-kt ,\"webshopDetailCustomerLink\")]"}
COMMAND: POST /session/7c0d23d2c82578952ab84395f5814e56/element/f.3CCCAE1BF6DABF28B2CD237E7015FC54.d.83D50368E81B3090EB9A450E3D7CBA27.e.5637/click - {}
COMMAND: POST /session/7c0d23d2c82578952ab84395f5814e56/element - {"using":"xpath","value":"//span[contains(@id ,\"application-addressmanagement-display-component---detailAdm--addressDetailDetailsName1\")][contains(text(), \"WebdriverSitegeshs\")]"}
RESULT: {}
RESULT: {}
COMMAND: GET /session/7c0d23d2c82578952ab84395f5814e56/screenshot - {}
RESULT: {"using":"xpath","value":"//span[contains(@id ,\"application-addressmanagement-display-component---detailAdm--addressDetailDetailsName1\")][contains(text(), \"WebdriverSitegeshs\")]"}
RESULT: {}
COMMAND: POST /session/7c0d23d2c82578952ab84395f5814e56/element - {"using":"xpath","value":"//span[contains(@id ,\"application-addressmanagement-display-component---detailAdm--addressDetailDetailsName1\")][contains(text(), \"WebdriverSitegeshs\")]"}
RESULT: {"using":"xpath","value":"//span[contains(@id ,\"application-addressmanagement-display-component---detailAdm--addressDetailDetailsName1\")][contains(text(), \"WebdriverSitegeshs\")]"}
COMMAND: POST /session/7c0d23d2c82578952ab84395f5814e56/element - {"using":"xpath","value":"//span[contains(@id ,\"application-addressmanagement-display-component---detailAdm--addressDetailDetailsName1\")][contains(text(), \"WebdriverSitegeshs\")]"}
RESULT: {"using":"xpath","value":"//span[contains(@id ,\"application-addressmanagement-display-component---detailAdm--addressDetailDetailsName1\")][contains(text(), \"WebdriverSitegeshs\")]"}
COMMAND: POST /session/7c0d23d2c82578952ab84395f5814e56/element - {"using":"xpath","value":"//span[contains(@id ,\"application-addressmanagement-display-component---detailAdm--addressDetailDetailsName1\")][contains(text(), \"WebdriverSitegeshs\")]"}
RESULT: {"using":"xpath","value":"//span[contains(@id ,\"application-addressmanagement-display-component---detailAdm--addressDetailDetailsName1\")][contains(text(), \"WebdriverSitegeshs\")]"}
COMMAND: POST /session/7c0d23d2c82578952ab84395f5814e56/element - {"using":"xpath","value":"//*[contains(@data-kt ,\"ContextMenuId2Link\")][contains(text(), \"Partner Overview\")]"}
RESULT: {"using":"xpath","value":"//*[contains(@data-kt ,\"ContextMenuId2Link\")][contains(text(), \"Partner Overview\")]"}
COMMAND: POST /session/7c0d23d2c82578952ab84395f5814e56/execute/sync - {"script":"<script> [8489 bytes]","args":[{"element-6066-11e4-a52e-4f735466cecf":"f.3CCCAE1BF6DABF28B2CD237E7015FC54.d.83D50368E81B3090EB9A450E3D7CBA27.e.5639","ELEMENT":"f.3CCCAE1BF6DABF28B2CD237E7015FC54.d.83D50368E81B3090EB9A450E3D7CBA27.e.5639"}]}
COMMAND: POST /session/7c0d23d2c82578952ab84395f5814e56/element - {"using":"xpath","value":"//*[contains(@data-kt ,\"ContextMenuId2Link\")][contains(text(), \"Partner Overview\")]"}
RESULT: {"script":"<script> [8489 bytes]","args":[{"element-6066-11e4-a52e-4f735466cecf":"f.3CCCAE1BF6DABF28B2CD237E7015FC54.d.83D50368E81B3090EB9A450E3D7CBA27.e.5639","ELEMENT":"f.3CCCAE1BF6DABF28B2CD237E7015FC54.d.83D50368E81B3090EB9A450E3D7CBA27.e.5639"}]}
COMMAND: GET /session/7c0d23d2c82578952ab84395f5814e56/screenshot - {}
RESULT: {"using":"xpath","value":"//*[contains(@data-kt ,\"ContextMenuId2Link\")][contains(text(), \"Partner Overview\")]"}
COMMAND: POST /session/7c0d23d2c82578952ab84395f5814e56/element/f.3CCCAE1BF6DABF28B2CD237E7015FC54.d.83D50368E81B3090EB9A450E3D7CBA27.e.5639/click - {}
COMMAND: POST /session/7c0d23d2c82578952ab84395f5814e56/element - {"using":"xpath","value":"//span[contains(@id ,\"application-addressmanagement-display-component---detailAdm--addressDetailDetailsName1\")][contains(text(), \"WebdriverSitegeshs\")]"}
RESULT: {}
RESULT: {}
COMMAND: GET /session/7c0d23d2c82578952ab84395f5814e56/screenshot - {}
RESULT: {"using":"xpath","value":"//span[contains(@id ,\"application-addressmanagement-display-component---detailAdm--addressDetailDetailsName1\")][contains(text(), \"WebdriverSitegeshs\")]"}
RESULT: {}
COMMAND: POST /session/7c0d23d2c82578952ab84395f5814e56/element - {"using":"xpath","value":"//span[contains(@id ,\"application-addressmanagement-display-component---detailAdm--addressDetailDetailsName1\")][contains(text(), \"WebdriverSitegeshs\")]"}
RESULT: {"using":"xpath","value":"//span[contains(@id ,\"application-addressmanagement-display-component---detailAdm--addressDetailDetailsName1\")][contains(text(), \"WebdriverSitegeshs\")]"}
COMMAND: POST /session/7c0d23d2c82578952ab84395f5814e56/element - {"using":"xpath","value":"//span[contains(@id ,\"application-addressmanagement-display-component---detailAdm--addressDetailDetailsName1\")][contains(text(), \"WebdriverSitegeshs\")]"}
RESULT: {"using":"xpath","value":"//span[contains(@id ,\"application-addressmanagement-display-component---detailAdm--addressDetailDetailsName1\")][contains(text(), \"WebdriverSitegeshs\")]"}
COMMAND: POST /session/7c0d23d2c82578952ab84395f5814e56/element - {"using":"xpath","value":"//span[contains(@id ,\"application-addressmanagement-display-component---detailAdm--addressDetailDetailsName1\")][contains(text(), \"WebdriverSitegeshs\")]"}
RESULT: {"using":"xpath","value":"//span[contains(@id ,\"application-addressmanagement-display-component---detailAdm--addressDetailDetailsName1\")][contains(text(), \"WebdriverSitegeshs\")]"}
COMMAND: POST /session/7c0d23d2c82578952ab84395f5814e56/element - {"using":"xpath","value":"//span[contains(@id ,\"application-addressmanagement-display-component---detailAdm--addressDetailDetailsName1\")][contains(text(), \"WebdriverSitegeshs\")]"}
RESULT: {"using":"xpath","value":"//span[contains(@id ,\"application-addressmanagement-display-component---detailAdm--addressDetailDetailsName1\")][contains(text(), \"WebdriverSitegeshs\")]"}
COMMAND: POST /session/7c0d23d2c82578952ab84395f5814e56/element - {"using":"xpath","value":"//span[contains(@id ,\"application-addressmanagement-display-component---detailAdm--addressDetailDetailsName1\")][contains(text(), \"WebdriverSitegeshs\")]"}
RESULT: {"using":"xpath","value":"//span[contains(@id ,\"application-addressmanagement-display-component---detailAdm--addressDetailDetailsName1\")][contains(text(), \"WebdriverSitegeshs\")]"}
COMMAND: POST /session/7c0d23d2c82578952ab84395f5814e56/element - {"using":"xpath","value":"//span[contains(@id ,\"application-addressmanagement-display-component---detailAdm--addressDetailDetailsName1\")][contains(text(), \"WebdriverSitegeshs\")]"}
RESULT: {"using":"xpath","value":"//span[contains(@id ,\"application-addressmanagement-display-component---detailAdm--addressDetailDetailsName1\")][contains(text(), \"WebdriverSitegeshs\")]"}
COMMAND: POST /session/7c0d23d2c82578952ab84395f5814e56/element - {"using":"xpath","value":"//span[contains(@id ,\"application-addressmanagement-display-component---detailAdm--addressDetailDetailsName1\")][contains(text(), \"WebdriverSitegeshs\")]"}
RESULT: {"using":"xpath","value":"//span[contains(@id ,\"application-addressmanagement-display-component---detailAdm--addressDetailDetailsName1\")][contains(text(), \"WebdriverSitegeshs\")]"}
COMMAND: POST /session/7c0d23d2c82578952ab84395f5814e56/element - {"using":"xpath","value":"//span[contains(@id ,\"application-addressmanagement-display-component---detailAdm--addressDetailDetailsName1\")][contains(text(), \"WebdriverSitegeshs\")]"}
RESULT: {"using":"xpath","value":"//span[contains(@id ,\"application-addressmanagement-display-component---detailAdm--addressDetailDetailsName1\")][contains(text(), \"WebdriverSitegeshs\")]"}
COMMAND: POST /session/7c0d23d2c82578952ab84395f5814e56/element - {"using":"xpath","value":"//span[contains(@id ,\"application-addressmanagement-display-component---detailAdm--addressDetailDetailsName1\")][contains(text(), \"WebdriverSitegeshs\")]"}
RESULT: {"using":"xpath","value":"//span[contains(@id ,\"application-addressmanagement-display-component---detailAdm--addressDetailDetailsName1\")][contains(text(), \"WebdriverSitegeshs\")]"}
COMMAND: POST /session/7c0d23d2c82578952ab84395f5814e56/element - {"using":"xpath","value":"//span[contains(@id ,\"application-addressmanagement-display-component---detailAdm--addressDetailDetailsName1\")][contains(text(), \"WebdriverSitegeshs\")]"}
RESULT: {"using":"xpath","value":"//span[contains(@id ,\"application-addressmanagement-display-component---detailAdm--addressDetailDetailsName1\")][contains(text(), \"WebdriverSitegeshs\")]"}
COMMAND: POST /session/7c0d23d2c82578952ab84395f5814e56/element - {"using":"xpath","value":"//span[contains(@id ,\"application-addressmanagement-display-component---detailAdm--addressDetailDetailsName1\")][contains(text(), \"WebdriverSitegeshs\")]"}
RESULT: {"using":"xpath","value":"//span[contains(@id ,\"application-addressmanagement-display-component---detailAdm--addressDetailDetailsName1\")][contains(text(), \"WebdriverSitegeshs\")]"}
COMMAND: POST /session/7c0d23d2c82578952ab84395f5814e56/element - {"using":"xpath","value":"//span[contains(@id ,\"application-addressmanagement-display-component---detailAdm--addressDetailDetailsName1\")][contains(text(), \"WebdriverSitegeshs\")]"}
RESULT: {"using":"xpath","value":"//span[contains(@id ,\"application-addressmanagement-display-component---detailAdm--addressDetailDetailsName1\")][contains(text(), \"WebdriverSitegeshs\")]"}
COMMAND: POST /session/7c0d23d2c82578952ab84395f5814e56/element - {"using":"xpath","value":"//span[contains(@id ,\"application-addressmanagement-display-component---detailAdm--addressDetailDetailsName1\")][contains(text(), \"WebdriverSitegeshs\")]"}
RESULT: {"using":"xpath","value":"//span[contains(@id ,\"application-addressmanagement-display-component---detailAdm--addressDetailDetailsName1\")][contains(text(), \"WebdriverSitegeshs\")]"}
COMMAND: POST /session/7c0d23d2c82578952ab84395f5814e56/element - {"using":"xpath","value":"//span[contains(@id ,\"application-addressmanagement-display-component---detailAdm--addressDetailDetailsName1\")][contains(text(), \"WebdriverSitegeshs\")]"}
RESULT: {"using":"xpath","value":"//span[contains(@id ,\"application-addressmanagement-display-component---detailAdm--addressDetailDetailsName1\")][contains(text(), \"WebdriverSitegeshs\")]"}
COMMAND: POST /session/7c0d23d2c82578952ab84395f5814e56/element - {"using":"xpath","value":"//span[contains(@id ,\"application-addressmanagement-display-component---detailAdm--addressDetailDetailsName1\")][contains(text(), \"WebdriverSitegeshs\")]"}
RESULT: {"using":"xpath","value":"//span[contains(@id ,\"application-addressmanagement-display-component---detailAdm--addressDetailDetailsName1\")][contains(text(), \"WebdriverSitegeshs\")]"}
COMMAND: POST /session/7c0d23d2c82578952ab84395f5814e56/element - {"using":"xpath","value":"//span[contains(@id ,\"application-addressmanagement-display-component---detailAdm--addressDetailDetailsName1\")][contains(text(), \"WebdriverSitegeshs\")]"}
RESULT: {"using":"xpath","value":"//span[contains(@id ,\"application-addressmanagement-display-component---detailAdm--addressDetailDetailsName1\")][contains(text(), \"WebdriverSitegeshs\")]"}
COMMAND: POST /session/7c0d23d2c82578952ab84395f5814e56/element - {"using":"xpath","value":"//span[contains(@id ,\"application-addressmanagement-display-component---detailAdm--addressDetailDetailsName1\")][contains(text(), \"WebdriverSitegeshs\")]"}
RESULT: undefined
COMMAND: POST /session/7c0d23d2c82578952ab84395f5814e56/execute/async - {"script":"<script> [6424 bytes]","args":[{"element-6066-11e4-a52e-4f735466cecf":"f.3CCCAE1BF6DABF28B2CD237E7015FC54.d.83D50368E81B3090EB9A450E3D7CBA27.e.3172"},"getTitle",[]]}
RESULT: {"using":"xpath","value":"//span[contains(@id ,\"application-addressmanagement-display-component---detailAdm--addressDetailDetailsName1\")][contains(text(), \"WebdriverSitegeshs\")]"}
COMMAND: POST /session/7c0d23d2c82578952ab84395f5814e56/execute/async - {"script":"<script> [1562 bytes]","args":[{"selector":{"id":"shellAppTitle"},"wdio_ui5_key":"shellAppTitle"}]}
RESULT: {"script":"<script> [1562 bytes]","args":[{"selector":{"id":"shellAppTitle"},"wdio_ui5_key":"shellAppTitle"}]}
COMMAND: POST /session/7c0d23d2c82578952ab84395f5814e56/execute/async - {"script":"<script> [6424 bytes]","args":[{"element-6066-11e4-a52e-4f735466cecf":"f.3CCCAE1BF6DABF28B2CD237E7015FC54.d.83D50368E81B3090EB9A450E3D7CBA27.e.5878"},"getTitle",[]]}
COMMAND: POST /session/7c0d23d2c82578952ab84395f5814e56/element - {"using":"xpath","value":"//span[contains(@id ,\"application-addressmanagement-display-component---detailAdm--addressDetailDetailsName1\")][contains(text(), \"WebdriverSitegeshs\")]"}
RESULT: {"script":"<script> [6424 bytes]","args":[{"element-6066-11e4-a52e-4f735466cecf":"f.3CCCAE1BF6DABF28B2CD237E7015FC54.d.83D50368E81B3090EB9A450E3D7CBA27.e.5878"},"getTitle",[]]}
COMMAND: POST /session/7c0d23d2c82578952ab84395f5814e56/element - {"using":"xpath","value":"//span[contains(@id ,\"title\")][contains(text(), \"WebdriverPartner8auat\")]"}
RESULT: {"using":"xpath","value":"//span[contains(@id ,\"application-addressmanagement-display-component---detailAdm--addressDetailDetailsName1\")][contains(text(), \"WebdriverSitegeshs\")]"}
RESULT: {"using":"xpath","value":"//span[contains(@id ,\"title\")][contains(text(), \"WebdriverPartner8auat\")]"}
COMMAND: POST /session/7c0d23d2c82578952ab84395f5814e56/execute/sync - {"script":"<script> [8489 bytes]","args":[{"element-6066-11e4-a52e-4f735466cecf":"f.3CCCAE1BF6DABF28B2CD237E7015FC54.d.83D50368E81B3090EB9A450E3D7CBA27.e.5879","ELEMENT":"f.3CCCAE1BF6DABF28B2CD237E7015FC54.d.83D50368E81B3090EB9A450E3D7CBA27.e.5879"}]}
RESULT: undefined
COMMAND: POST /session/7c0d23d2c82578952ab84395f5814e56/element - {"using":"xpath","value":"//*[@id=\"backBtn\"]"}
RESULT: {"script":"<script> [8489 bytes]","args":[{"element-6066-11e4-a52e-4f735466cecf":"f.3CCCAE1BF6DABF28B2CD237E7015FC54.d.83D50368E81B3090EB9A450E3D7CBA27.e.5879","ELEMENT":"f.3CCCAE1BF6DABF28B2CD237E7015FC54.d.83D50368E81B3090EB9A450E3D7CBA27.e.5879"}]}
COMMAND: GET /session/7c0d23d2c82578952ab84395f5814e56/screenshot - {}
RESULT: {"using":"xpath","value":"//*[@id=\"backBtn\"]"}
COMMAND: POST /session/7c0d23d2c82578952ab84395f5814e56/element/f.3CCCAE1BF6DABF28B2CD237E7015FC54.d.83D50368E81B3090EB9A450E3D7CBA27.e.3174/click - {}
RESULT: {}
COMMAND: POST /session/7c0d23d2c82578952ab84395f5814e56/element - {"using":"xpath","value":"//span[contains(@id ,\"application-addressmanagement-display-component---detailAdm--addressDetailDetailsName1\")][contains(text(), \"WebdriverSitegeshs\")]"}
COMMAND: POST /session/7c0d23d2c82578952ab84395f5814e56/execute/sync - {"script":"<script> [8489 bytes]","args":[{"element-6066-11e4-a52e-4f735466cecf":"f.3CCCAE1BF6DABF28B2CD237E7015FC54.d.83D50368E81B3090EB9A450E3D7CBA27.e.5879","ELEMENT":"f.3CCCAE1BF6DABF28B2CD237E7015FC54.d.83D50368E81B3090EB9A450E3D7CBA27.e.5879"}]}
RESULT: {}
COMMAND: GET /session/7c0d23d2c82578952ab84395f5814e56/screenshot - {}
RESULT: {"using":"xpath","value":"//span[contains(@id ,\"application-addressmanagement-display-component---detailAdm--addressDetailDetailsName1\")][contains(text(), \"WebdriverSitegeshs\")]"}
COMMAND: POST /session/7c0d23d2c82578952ab84395f5814e56/element - {"using":"xpath","value":"//span[contains(@id ,\"title\")][contains(text(), \"WebdriverPartner8auat\")]"}
RESULT: {}
RESULT: {"using":"xpath","value":"//span[contains(@id ,\"title\")][contains(text(), \"WebdriverPartner8auat\")]"}
COMMAND: POST /session/7c0d23d2c82578952ab84395f5814e56/element - {"using":"xpath","value":"//span[contains(@id ,\"title\")][contains(text(), \"WebdriverPartner8auat\")]"}
RESULT: {"using":"xpath","value":"//span[contains(@id ,\"title\")][contains(text(), \"WebdriverPartner8auat\")]"}
COMMAND: POST /session/7c0d23d2c82578952ab84395f5814e56/element - {"using":"xpath","value":"//span[contains(@id ,\"application-addressmanagement-display-component---detailAdm--addressDetailDetailsName1\")][contains(text(), \"WebdriverSitegeshs\")]"}
RESULT: {"using":"xpath","value":"//span[contains(@id ,\"application-addressmanagement-display-component---detailAdm--addressDetailDetailsName1\")][contains(text(), \"WebdriverSitegeshs\")]"}
COMMAND: POST /session/7c0d23d2c82578952ab84395f5814e56/element - {"using":"xpath","value":"//span[contains(@id ,\"title\")][contains(text(), \"WebdriverPartner8auat\")]"}
RESULT: {"using":"xpath","value":"//span[contains(@id ,\"title\")][contains(text(), \"WebdriverPartner8auat\")]"}
COMMAND: POST /session/7c0d23d2c82578952ab84395f5814e56/element - {"using":"xpath","value":"//span[contains(@id ,\"application-addressmanagement-display-component---detailAdm--addressDetailDetailsName1\")][contains(text(), \"WebdriverSitegeshs\")]"}
COMMAND: POST /session/7c0d23d2c82578952ab84395f5814e56/element - {"using":"xpath","value":"//span[contains(@id ,\"title\")][contains(text(), \"WebdriverPartner8auat\")]"}
RESULT: {"using":"xpath","value":"//span[contains(@id ,\"application-addressmanagement-display-component---detailAdm--addressDetailDetailsName1\")][contains(text(), \"WebdriverSitegeshs\")]"}
RESULT: {"using":"xpath","value":"//span[contains(@id ,\"title\")][contains(text(), \"WebdriverPartner8auat\")]"}
COMMAND: POST /session/7c0d23d2c82578952ab84395f5814e56/element - {"using":"xpath","value":"//span[contains(@id ,\"application-addressmanagement-display-component---detailAdm--addressDetailDetailsName1\")][contains(text(), \"WebdriverSitegeshs\")]"}
RESULT: {"using":"xpath","value":"//span[contains(@id ,\"application-addressmanagement-display-component---detailAdm--addressDetailDetailsName1\")][contains(text(), \"WebdriverSitegeshs\")]"}
COMMAND: POST /session/7c0d23d2c82578952ab84395f5814e56/element - {"using":"xpath","value":"//span[contains(@id ,\"title\")][contains(text(), \"WebdriverPartner8auat\")]"}
RESULT: {"using":"xpath","value":"//span[contains(@id ,\"title\")][contains(text(), \"WebdriverPartner8auat\")]"}
COMMAND: POST /session/7c0d23d2c82578952ab84395f5814e56/element - {"using":"xpath","value":"//span[contains(@id ,\"application-addressmanagement-display-component---detailAdm--addressDetailDetailsName1\")][contains(text(), \"WebdriverSitegeshs\")]"}
RESULT: {"using":"xpath","value":"//span[contains(@id ,\"application-addressmanagement-display-component---detailAdm--addressDetailDetailsName1\")][contains(text(), \"WebdriverSitegeshs\")]"}
COMMAND: POST /session/7c0d23d2c82578952ab84395f5814e56/element - {"using":"xpath","value":"//span[contains(@id ,\"title\")][contains(text(), \"WebdriverPartner8auat\")]"}
RESULT: {"using":"xpath","value":"//span[contains(@id ,\"title\")][contains(text(), \"WebdriverPartner8auat\")]"}
COMMAND: POST /session/7c0d23d2c82578952ab84395f5814e56/element - {"using":"xpath","value":"//span[contains(@id ,\"application-addressmanagement-display-component---detailAdm--addressDetailDetailsName1\")][contains(text(), \"WebdriverSitegeshs\")]"}
RESULT: {"using":"xpath","value":"//span[contains(@id ,\"application-addressmanagement-display-component---detailAdm--addressDetailDetailsName1\")][contains(text(), \"WebdriverSitegeshs\")]"}
COMMAND: POST /session/7c0d23d2c82578952ab84395f5814e56/element - {"using":"xpath","value":"//span[contains(@id ,\"title\")][contains(text(), \"WebdriverPartner8auat\")]"}
RESULT: {"using":"xpath","value":"//span[contains(@id ,\"title\")][contains(text(), \"WebdriverPartner8auat\")]"}
COMMAND: POST /session/7c0d23d2c82578952ab84395f5814e56/element - {"using":"xpath","value":"//span[contains(@id ,\"application-addressmanagement-display-component---detailAdm--addressDetailDetailsName1\")][contains(text(), \"WebdriverSitegeshs\")]"}
RESULT: {"using":"xpath","value":"//span[contains(@id ,\"application-addressmanagement-display-component---detailAdm--addressDetailDetailsName1\")][contains(text(), \"WebdriverSitegeshs\")]"}
COMMAND: POST /session/7c0d23d2c82578952ab84395f5814e56/element - {"using":"xpath","value":"//span[contains(@id ,\"title\")][contains(text(), \"WebdriverPartner8auat\")]"}
RESULT: {"using":"xpath","value":"//span[contains(@id ,\"title\")][contains(text(), \"WebdriverPartner8auat\")]"}
COMMAND: POST /session/7c0d23d2c82578952ab84395f5814e56/element - {"using":"xpath","value":"//span[contains(@id ,\"application-addressmanagement-display-component---detailAdm--addressDetailDetailsName1\")][contains(text(), \"WebdriverSitegeshs\")]"}
RESULT: {"using":"xpath","value":"//span[contains(@id ,\"application-addressmanagement-display-component---detailAdm--addressDetailDetailsName1\")][contains(text(), \"WebdriverSitegeshs\")]"}
COMMAND: POST /session/7c0d23d2c82578952ab84395f5814e56/element - {"using":"xpath","value":"//span[contains(@id ,\"title\")][contains(text(), \"WebdriverPartner8auat\")]"}
RESULT: {"using":"xpath","value":"//span[contains(@id ,\"title\")][contains(text(), \"WebdriverPartner8auat\")]"}
COMMAND: POST /session/7c0d23d2c82578952ab84395f5814e56/element - {"using":"xpath","value":"//span[contains(@id ,\"application-addressmanagement-display-component---detailAdm--addressDetailDetailsName1\")][contains(text(), \"WebdriverSitegeshs\")]"}
RESULT: {"using":"xpath","value":"//span[contains(@id ,\"application-addressmanagement-display-component---detailAdm--addressDetailDetailsName1\")][contains(text(), \"WebdriverSitegeshs\")]"}
COMMAND: POST /session/7c0d23d2c82578952ab84395f5814e56/element - {"using":"xpath","value":"//span[contains(@id ,\"title\")][contains(text(), \"WebdriverPartner8auat\")]"}
RESULT: {"using":"xpath","value":"//span[contains(@id ,\"title\")][contains(text(), \"WebdriverPartner8auat\")]"}
COMMAND: POST /session/7c0d23d2c82578952ab84395f5814e56/element - {"using":"xpath","value":"//span[contains(@id ,\"application-addressmanagement-display-component---detailAdm--addressDetailDetailsName1\")][contains(text(), \"WebdriverSitegeshs\")]"}
RESULT: {"using":"xpath","value":"//span[contains(@id ,\"application-addressmanagement-display-component---detailAdm--addressDetailDetailsName1\")][contains(text(), \"WebdriverSitegeshs\")]"}
COMMAND: POST /session/7c0d23d2c82578952ab84395f5814e56/element - {"using":"xpath","value":"//span[contains(@id ,\"title\")][contains(text(), \"WebdriverPartner8auat\")]"}
RESULT: {"using":"xpath","value":"//span[contains(@id ,\"title\")][contains(text(), \"WebdriverPartner8auat\")]"}
COMMAND: POST /session/7c0d23d2c82578952ab84395f5814e56/element - {"using":"xpath","value":"//span[contains(@id ,\"application-addressmanagement-display-component---detailAdm--addressDetailDetailsName1\")][contains(text(), \"WebdriverSitegeshs\")]"}
RESULT: {"using":"xpath","value":"//span[contains(@id ,\"application-addressmanagement-display-component---detailAdm--addressDetailDetailsName1\")][contains(text(), \"WebdriverSitegeshs\")]"}
COMMAND: POST /session/7c0d23d2c82578952ab84395f5814e56/element - {"using":"xpath","value":"//span[contains(@id ,\"title\")][contains(text(), \"WebdriverPartner8auat\")]"}
RESULT: {"using":"xpath","value":"//span[contains(@id ,\"title\")][contains(text(), \"WebdriverPartner8auat\")]"}
COMMAND: POST /session/7c0d23d2c82578952ab84395f5814e56/execute/sync - {"script":"<script> [8489 bytes]","args":[{"element-6066-11e4-a52e-4f735466cecf":"f.3CCCAE1BF6DABF28B2CD237E7015FC54.d.83D50368E81B3090EB9A450E3D7CBA27.e.5637","ELEMENT":"f.3CCCAE1BF6DABF28B2CD237E7015FC54.d.83D50368E81B3090EB9A450E3D7CBA27.e.5637"}]}
COMMAND: POST /session/7c0d23d2c82578952ab84395f5814e56/element - {"using":"xpath","value":"//*[contains(@data-kt ,\"webshopDetailCustomerLink\")]"}
RESULT: {"using":"xpath","value":"//*[contains(@data-kt ,\"webshopDetailCustomerLink\")]"}
COMMAND: POST /session/7c0d23d2c82578952ab84395f5814e56/execute/sync - {"script":"<script> [8489 bytes]","args":[{"element-6066-11e4-a52e-4f735466cecf":"f.3CCCAE1BF6DABF28B2CD237E7015FC54.d.83D50368E81B3090EB9A450E3D7CBA27.e.6030","ELEMENT":"f.3CCCAE1BF6DABF28B2CD237E7015FC54.d.83D50368E81B3090EB9A450E3D7CBA27.e.6030"}]}
RESULT: {"script":"<script> [8489 bytes]","args":[{"element-6066-11e4-a52e-4f735466cecf":"f.3CCCAE1BF6DABF28B2CD237E7015FC54.d.83D50368E81B3090EB9A450E3D7CBA27.e.6030","ELEMENT":"f.3CCCAE1BF6DABF28B2CD237E7015FC54.d.83D50368E81B3090EB9A450E3D7CBA27.e.6030"}]}
COMMAND: POST /session/7c0d23d2c82578952ab84395f5814e56/execute/sync - {"script":"<script> [5351 bytes]","args":[{"element-6066-11e4-a52e-4f735466cecf":"f.3CCCAE1BF6DABF28B2CD237E7015FC54.d.83D50368E81B3090EB9A450E3D7CBA27.e.6030","ELEMENT":"f.3CCCAE1BF6DABF28B2CD237E7015FC54.d.83D50368E81B3090EB9A450E3D7CBA27.e.6030"}]}
COMMAND: GET /session/7c0d23d2c82578952ab84395f5814e56/screenshot - {}
RESULT: {"script":"<script> [5351 bytes]","args":[{"element-6066-11e4-a52e-4f735466cecf":"f.3CCCAE1BF6DABF28B2CD237E7015FC54.d.83D50368E81B3090EB9A450E3D7CBA27.e.6030","ELEMENT":"f.3CCCAE1BF6DABF28B2CD237E7015FC54.d.83D50368E81B3090EB9A450E3D7CBA27.e.6030"}]}
COMMAND: POST /session/7c0d23d2c82578952ab84395f5814e56/element - {"using":"xpath","value":"//*[contains(@data-kt ,\"webshopDetailCustomerLink\")]"}
COMMAND: GET /session/7c0d23d2c82578952ab84395f5814e56/screenshot - {}
COMMAND: POST /session/7c0d23d2c82578952ab84395f5814e56/element - {"using":"xpath","value":"//span[contains(@id ,\"application-addressmanagement-display-component---detailAdm--addressDetailDetailsName1\")][contains(text(), \"WebdriverSitegeshs\")]"}
RESULT: {}
COMMAND: POST /session/7c0d23d2c82578952ab84395f5814e56/element - {"using":"xpath","value":"//span[contains(@id ,\"title\")][contains(text(), \"WebdriverPartner8auat\")]"}
RESULT: {"using":"xpath","value":"//*[contains(@data-kt ,\"webshopDetailCustomerLink\")]"}
COMMAND: POST /session/7c0d23d2c82578952ab84395f5814e56/element/f.3CCCAE1BF6DABF28B2CD237E7015FC54.d.83D50368E81B3090EB9A450E3D7CBA27.e.6030/click - {}
RESULT: {}
RESULT: {"using":"xpath","value":"//span[contains(@id ,\"application-addressmanagement-display-component---detailAdm--addressDetailDetailsName1\")][contains(text(), \"WebdriverSitegeshs\")]"}
RESULT: {"using":"xpath","value":"//span[contains(@id ,\"title\")][contains(text(), \"WebdriverPartner8auat\")]"}
RESULT: {}
COMMAND: GET /session/7c0d23d2c82578952ab84395f5814e56/screenshot - {}
COMMAND: POST /session/7c0d23d2c82578952ab84395f5814e56/element - {"using":"xpath","value":"//span[contains(@id ,\"application-addressmanagement-display-component---detailAdm--addressDetailDetailsName1\")][contains(text(), \"WebdriverSitegeshs\")]"}
RESULT: {}
COMMAND: POST /session/7c0d23d2c82578952ab84395f5814e56/element - {"using":"xpath","value":"//span[contains(@id ,\"title\")][contains(text(), \"WebdriverPartner8auat\")]"}
RESULT: {"using":"xpath","value":"//span[contains(@id ,\"application-addressmanagement-display-component---detailAdm--addressDetailDetailsName1\")][contains(text(), \"WebdriverSitegeshs\")]"}
RESULT: {"using":"xpath","value":"//span[contains(@id ,\"title\")][contains(text(), \"WebdriverPartner8auat\")]"}
COMMAND: POST /session/7c0d23d2c82578952ab84395f5814e56/execute/sync - {"script":"<script> [8489 bytes]","args":[{"element-6066-11e4-a52e-4f735466cecf":"f.3CCCAE1BF6DABF28B2CD237E7015FC54.d.83D50368E81B3090EB9A450E3D7CBA27.e.6032","ELEMENT":"f.3CCCAE1BF6DABF28B2CD237E7015FC54.d.83D50368E81B3090EB9A450E3D7CBA27.e.6032"}]}
RESULT: {"script":"<script> [8489 bytes]","args":[{"element-6066-11e4-a52e-4f735466cecf":"f.3CCCAE1BF6DABF28B2CD237E7015FC54.d.83D50368E81B3090EB9A450E3D7CBA27.e.6032","ELEMENT":"f.3CCCAE1BF6DABF28B2CD237E7015FC54.d.83D50368E81B3090EB9A450E3D7CBA27.e.6032"}]}
COMMAND: GET /session/7c0d23d2c82578952ab84395f5814e56/screenshot - {}
RESULT: {}
COMMAND: POST /session/7c0d23d2c82578952ab84395f5814e56/element - {"using":"xpath","value":"//span[contains(@id ,\"application-addressmanagement-display-component---detailAdm--addressDetailDetailsName1\")][contains(text(), \"WebdriverSitegeshs\")]"}
RESULT: {"using":"xpath","value":"//span[contains(@id ,\"application-addressmanagement-display-component---detailAdm--addressDetailDetailsName1\")][contains(text(), \"WebdriverSitegeshs\")]"}
COMMAND: POST /session/7c0d23d2c82578952ab84395f5814e56/element - {"using":"xpath","value":"//span[contains(@id ,\"application-addressmanagement-display-component---detailAdm--addressDetailDetailsName1\")][contains(text(), \"WebdriverSitegeshs\")]"}
RESULT: {"using":"xpath","value":"//span[contains(@id ,\"application-addressmanagement-display-component---detailAdm--addressDetailDetailsName1\")][contains(text(), \"WebdriverSitegeshs\")]"}
COMMAND: POST /session/7c0d23d2c82578952ab84395f5814e56/element - {"using":"xpath","value":"//span[contains(@id ,\"application-addressmanagement-display-component---detailAdm--addressDetailDetailsName1\")][contains(text(), \"WebdriverSitegeshs\")]"}
RESULT: {"using":"xpath","value":"//span[contains(@id ,\"application-addressmanagement-display-component---detailAdm--addressDetailDetailsName1\")][contains(text(), \"WebdriverSitegeshs\")]"}
COMMAND: POST /session/7c0d23d2c82578952ab84395f5814e56/element - {"using":"xpath","value":"//button[contains(@data-kt ,\"ContextMenuExternalId2Link\")]"}
RESULT: {"using":"xpath","value":"//button[contains(@data-kt ,\"ContextMenuExternalId2Link\")]"}
COMMAND: POST /session/7c0d23d2c82578952ab84395f5814e56/element/f.3CCCAE1BF6DABF28B2CD237E7015FC54.d.83D50368E81B3090EB9A450E3D7CBA27.e.6031/click - {}
RESULT: {}
COMMAND: GET /session/7c0d23d2c82578952ab84395f5814e56/screenshot - {}
COMMAND: POST /session/7c0d23d2c82578952ab84395f5814e56/element - {"using":"xpath","value":"//span[contains(@id ,\"application-addressmanagement-display-component---detailAdm--addressDetailDetailsName1\")][contains(text(), \"WebdriverSitegeshs\")]"}
RESULT: {}
RESULT: {"using":"xpath","value":"//span[contains(@id ,\"application-addressmanagement-display-component---detailAdm--addressDetailDetailsName1\")][contains(text(), \"WebdriverSitegeshs\")]"}
COMMAND: GET /session/7c0d23d2c82578952ab84395f5814e56/window/handles - {}
RESULT: {}
COMMAND: POST /session/7c0d23d2c82578952ab84395f5814e56/window - {"handle":"E4BCD5CE24E8F5B584D00DF0A761E821"}
RESULT: {"handle":"E4BCD5CE24E8F5B584D00DF0A761E821"}
COMMAND: GET /session/7c0d23d2c82578952ab84395f5814e56/url - {}
RESULT: {}
COMMAND: GET /session/7c0d23d2c82578952ab84395f5814e56/screenshot - {}
COMMAND: POST /session/7c0d23d2c82578952ab84395f5814e56/execute/sync - {"script":"<script> [8489 bytes]","args":[{"element-6066-11e4-a52e-4f735466cecf":"f.3CCCAE1BF6DABF28B2CD237E7015FC54.d.83D50368E81B3090EB9A450E3D7CBA27.e.6032","ELEMENT":"f.3CCCAE1BF6DABF28B2CD237E7015FC54.d.83D50368E81B3090EB9A450E3D7CBA27.e.6032"}]}
COMMAND: DELETE /session/7c0d23d2c82578952ab84395f5814e56/window - {}
RESULT: {}
RESULT: {}
COMMAND: POST /session/7c0d23d2c82578952ab84395f5814e56/window - {"handle":"3CCCAE1BF6DABF28B2CD237E7015FC54"}
RESULT: {"handle":"3CCCAE1BF6DABF28B2CD237E7015FC54"}
COMMAND: GET /session/7c0d23d2c82578952ab84395f5814e56/url - {}
RESULT: {"script":"<script> [8489 bytes]","args":[{"element-6066-11e4-a52e-4f735466cecf":"f.3CCCAE1BF6DABF28B2CD237E7015FC54.d.83D50368E81B3090EB9A450E3D7CBA27.e.6032","ELEMENT":"f.3CCCAE1BF6DABF28B2CD237E7015FC54.d.83D50368E81B3090EB9A450E3D7CBA27.e.6032"}]}
RESULT: {}
COMMAND: GET /session/7c0d23d2c82578952ab84395f5814e56/screenshot - {}
COMMAND: GET /session/7c0d23d2c82578952ab84395f5814e56/screenshot - {}
RESULT: {}
RESULT: {}
]]></system-out>
    </testcase>
    <testcase classname="chrome.137_0_7151_56.windows.Webshop_-_Hyperlinks_visible_and_working_properly__US139085" name="Should verify the contract and catalog item hyperlinks" time="110.4">
      <system-out><![CDATA[
COMMAND: POST /session/7c0d23d2c82578952ab84395f5814e56/element - {"using":"xpath","value":"//*[contains(@data-kt ,\"webshopDetailContractLink\")]"}
RESULT: {"using":"xpath","value":"//*[contains(@data-kt ,\"webshopDetailContractLink\")]"}
COMMAND: POST /session/7c0d23d2c82578952ab84395f5814e56/execute/sync - {"script":"<script> [8489 bytes]","args":[{"element-6066-11e4-a52e-4f735466cecf":"f.3CCCAE1BF6DABF28B2CD237E7015FC54.d.83D50368E81B3090EB9A450E3D7CBA27.e.6038","ELEMENT":"f.3CCCAE1BF6DABF28B2CD237E7015FC54.d.83D50368E81B3090EB9A450E3D7CBA27.e.6038"}]}
RESULT: {"script":"<script> [8489 bytes]","args":[{"element-6066-11e4-a52e-4f735466cecf":"f.3CCCAE1BF6DABF28B2CD237E7015FC54.d.83D50368E81B3090EB9A450E3D7CBA27.e.6038","ELEMENT":"f.3CCCAE1BF6DABF28B2CD237E7015FC54.d.83D50368E81B3090EB9A450E3D7CBA27.e.6038"}]}
COMMAND: POST /session/7c0d23d2c82578952ab84395f5814e56/execute/sync - {"script":"<script> [5351 bytes]","args":[{"element-6066-11e4-a52e-4f735466cecf":"f.3CCCAE1BF6DABF28B2CD237E7015FC54.d.83D50368E81B3090EB9A450E3D7CBA27.e.6038","ELEMENT":"f.3CCCAE1BF6DABF28B2CD237E7015FC54.d.83D50368E81B3090EB9A450E3D7CBA27.e.6038"}]}
COMMAND: GET /session/7c0d23d2c82578952ab84395f5814e56/screenshot - {}
RESULT: {"script":"<script> [5351 bytes]","args":[{"element-6066-11e4-a52e-4f735466cecf":"f.3CCCAE1BF6DABF28B2CD237E7015FC54.d.83D50368E81B3090EB9A450E3D7CBA27.e.6038","ELEMENT":"f.3CCCAE1BF6DABF28B2CD237E7015FC54.d.83D50368E81B3090EB9A450E3D7CBA27.e.6038"}]}
COMMAND: POST /session/7c0d23d2c82578952ab84395f5814e56/element - {"using":"xpath","value":"//*[contains(@data-kt ,\"webshopDetailContractLink\")]"}
COMMAND: GET /session/7c0d23d2c82578952ab84395f5814e56/screenshot - {}
RESULT: {}
RESULT: {"using":"xpath","value":"//*[contains(@data-kt ,\"webshopDetailContractLink\")]"}
COMMAND: POST /session/7c0d23d2c82578952ab84395f5814e56/element/f.3CCCAE1BF6DABF28B2CD237E7015FC54.d.83D50368E81B3090EB9A450E3D7CBA27.e.6038/click - {}
RESULT: {}
RESULT: {}
COMMAND: GET /session/7c0d23d2c82578952ab84395f5814e56/screenshot - {}
RESULT: {}
COMMAND: POST /session/7c0d23d2c82578952ab84395f5814e56/element - {"using":"xpath","value":"//*[contains(@data-kt ,\"ContextMenuId2Link\")][contains(text(), \"Contract Overview\")]"}
RESULT: {"using":"xpath","value":"//*[contains(@data-kt ,\"ContextMenuId2Link\")][contains(text(), \"Contract Overview\")]"}
COMMAND: POST /session/7c0d23d2c82578952ab84395f5814e56/execute/sync - {"script":"<script> [8489 bytes]","args":[{"element-6066-11e4-a52e-4f735466cecf":"f.3CCCAE1BF6DABF28B2CD237E7015FC54.d.83D50368E81B3090EB9A450E3D7CBA27.e.6040","ELEMENT":"f.3CCCAE1BF6DABF28B2CD237E7015FC54.d.83D50368E81B3090EB9A450E3D7CBA27.e.6040"}]}
COMMAND: POST /session/7c0d23d2c82578952ab84395f5814e56/element - {"using":"xpath","value":"//*[contains(@data-kt ,\"ContextMenuId2Link\")][contains(text(), \"Contract Overview\")]"}
RESULT: {"script":"<script> [8489 bytes]","args":[{"element-6066-11e4-a52e-4f735466cecf":"f.3CCCAE1BF6DABF28B2CD237E7015FC54.d.83D50368E81B3090EB9A450E3D7CBA27.e.6040","ELEMENT":"f.3CCCAE1BF6DABF28B2CD237E7015FC54.d.83D50368E81B3090EB9A450E3D7CBA27.e.6040"}]}
RESULT: {"using":"xpath","value":"//*[contains(@data-kt ,\"ContextMenuId2Link\")][contains(text(), \"Contract Overview\")]"}
COMMAND: POST /session/7c0d23d2c82578952ab84395f5814e56/element/f.3CCCAE1BF6DABF28B2CD237E7015FC54.d.83D50368E81B3090EB9A450E3D7CBA27.e.6040/click - {}
COMMAND: GET /session/7c0d23d2c82578952ab84395f5814e56/screenshot - {}
RESULT: {}
COMMAND: GET /session/7c0d23d2c82578952ab84395f5814e56/screenshot - {}
RESULT: {}
RESULT: {}
RESULT: undefined
COMMAND: POST /session/7c0d23d2c82578952ab84395f5814e56/execute/async - {"script":"<script> [6424 bytes]","args":[{"element-6066-11e4-a52e-4f735466cecf":"f.3CCCAE1BF6DABF28B2CD237E7015FC54.d.83D50368E81B3090EB9A450E3D7CBA27.e.3172"},"getTitle",[]]}
COMMAND: POST /session/7c0d23d2c82578952ab84395f5814e56/execute/async - {"script":"<script> [1562 bytes]","args":[{"selector":{"id":"shellAppTitle"},"wdio_ui5_key":"shellAppTitle"}]}
RESULT: {"script":"<script> [1562 bytes]","args":[{"selector":{"id":"shellAppTitle"},"wdio_ui5_key":"shellAppTitle"}]}
COMMAND: POST /session/7c0d23d2c82578952ab84395f5814e56/execute/async - {"script":"<script> [6424 bytes]","args":[{"element-6066-11e4-a52e-4f735466cecf":"f.3CCCAE1BF6DABF28B2CD237E7015FC54.d.83D50368E81B3090EB9A450E3D7CBA27.e.6250"},"getTitle",[]]}
RESULT: {"script":"<script> [6424 bytes]","args":[{"element-6066-11e4-a52e-4f735466cecf":"f.3CCCAE1BF6DABF28B2CD237E7015FC54.d.83D50368E81B3090EB9A450E3D7CBA27.e.6250"},"getTitle",[]]}
COMMAND: POST /session/7c0d23d2c82578952ab84395f5814e56/element - {"using":"xpath","value":"//span[contains(@id ,\"contractDetailTitleNoExpanded\")][contains(text(), \"10465\")]"}
RESULT: {"using":"xpath","value":"//span[contains(@id ,\"contractDetailTitleNoExpanded\")][contains(text(), \"10465\")]"}
COMMAND: POST /session/7c0d23d2c82578952ab84395f5814e56/execute/sync - {"script":"<script> [8489 bytes]","args":[{"element-6066-11e4-a52e-4f735466cecf":"f.3CCCAE1BF6DABF28B2CD237E7015FC54.d.83D50368E81B3090EB9A450E3D7CBA27.e.6251","ELEMENT":"f.3CCCAE1BF6DABF28B2CD237E7015FC54.d.83D50368E81B3090EB9A450E3D7CBA27.e.6251"}]}
RESULT: undefined
COMMAND: POST /session/7c0d23d2c82578952ab84395f5814e56/element - {"using":"xpath","value":"//*[@id=\"backBtn\"]"}
RESULT: {"using":"xpath","value":"//*[@id=\"backBtn\"]"}
COMMAND: POST /session/7c0d23d2c82578952ab84395f5814e56/element/f.3CCCAE1BF6DABF28B2CD237E7015FC54.d.83D50368E81B3090EB9A450E3D7CBA27.e.3174/click - {}
RESULT: {"script":"<script> [8489 bytes]","args":[{"element-6066-11e4-a52e-4f735466cecf":"f.3CCCAE1BF6DABF28B2CD237E7015FC54.d.83D50368E81B3090EB9A450E3D7CBA27.e.6251","ELEMENT":"f.3CCCAE1BF6DABF28B2CD237E7015FC54.d.83D50368E81B3090EB9A450E3D7CBA27.e.6251"}]}
COMMAND: GET /session/7c0d23d2c82578952ab84395f5814e56/screenshot - {}
RESULT: {}
COMMAND: GET /session/7c0d23d2c82578952ab84395f5814e56/screenshot - {}
RESULT: {}
RESULT: {}
COMMAND: POST /session/7c0d23d2c82578952ab84395f5814e56/execute/sync - {"script":"<script> [8489 bytes]","args":[{"element-6066-11e4-a52e-4f735466cecf":"f.3CCCAE1BF6DABF28B2CD237E7015FC54.d.83D50368E81B3090EB9A450E3D7CBA27.e.6038","ELEMENT":"f.3CCCAE1BF6DABF28B2CD237E7015FC54.d.83D50368E81B3090EB9A450E3D7CBA27.e.6038"}]}
COMMAND: POST /session/7c0d23d2c82578952ab84395f5814e56/element - {"using":"xpath","value":"//*[contains(@data-kt ,\"webshopDetailContractLink\")]"}
RESULT: {"using":"xpath","value":"//*[contains(@data-kt ,\"webshopDetailContractLink\")]"}
COMMAND: POST /session/7c0d23d2c82578952ab84395f5814e56/execute/sync - {"script":"<script> [8489 bytes]","args":[{"element-6066-11e4-a52e-4f735466cecf":"f.3CCCAE1BF6DABF28B2CD237E7015FC54.d.83D50368E81B3090EB9A450E3D7CBA27.e.6392","ELEMENT":"f.3CCCAE1BF6DABF28B2CD237E7015FC54.d.83D50368E81B3090EB9A450E3D7CBA27.e.6392"}]}
RESULT: {"script":"<script> [8489 bytes]","args":[{"element-6066-11e4-a52e-4f735466cecf":"f.3CCCAE1BF6DABF28B2CD237E7015FC54.d.83D50368E81B3090EB9A450E3D7CBA27.e.6392","ELEMENT":"f.3CCCAE1BF6DABF28B2CD237E7015FC54.d.83D50368E81B3090EB9A450E3D7CBA27.e.6392"}]}
COMMAND: POST /session/7c0d23d2c82578952ab84395f5814e56/execute/sync - {"script":"<script> [5351 bytes]","args":[{"element-6066-11e4-a52e-4f735466cecf":"f.3CCCAE1BF6DABF28B2CD237E7015FC54.d.83D50368E81B3090EB9A450E3D7CBA27.e.6392","ELEMENT":"f.3CCCAE1BF6DABF28B2CD237E7015FC54.d.83D50368E81B3090EB9A450E3D7CBA27.e.6392"}]}
COMMAND: GET /session/7c0d23d2c82578952ab84395f5814e56/screenshot - {}
RESULT: {"script":"<script> [5351 bytes]","args":[{"element-6066-11e4-a52e-4f735466cecf":"f.3CCCAE1BF6DABF28B2CD237E7015FC54.d.83D50368E81B3090EB9A450E3D7CBA27.e.6392","ELEMENT":"f.3CCCAE1BF6DABF28B2CD237E7015FC54.d.83D50368E81B3090EB9A450E3D7CBA27.e.6392"}]}
COMMAND: POST /session/7c0d23d2c82578952ab84395f5814e56/element - {"using":"xpath","value":"//*[contains(@data-kt ,\"webshopDetailContractLink\")]"}
COMMAND: GET /session/7c0d23d2c82578952ab84395f5814e56/screenshot - {}
RESULT: {}
RESULT: {"using":"xpath","value":"//*[contains(@data-kt ,\"webshopDetailContractLink\")]"}
COMMAND: POST /session/7c0d23d2c82578952ab84395f5814e56/element/f.3CCCAE1BF6DABF28B2CD237E7015FC54.d.83D50368E81B3090EB9A450E3D7CBA27.e.6392/click - {}
RESULT: {}
RESULT: {}
COMMAND: GET /session/7c0d23d2c82578952ab84395f5814e56/screenshot - {}
RESULT: {}
COMMAND: POST /session/7c0d23d2c82578952ab84395f5814e56/element - {"using":"xpath","value":"//button[contains(@data-kt ,\"ContextMenuExternalId2Link\")]"}
RESULT: {"using":"xpath","value":"//button[contains(@data-kt ,\"ContextMenuExternalId2Link\")]"}
COMMAND: POST /session/7c0d23d2c82578952ab84395f5814e56/element/f.3CCCAE1BF6DABF28B2CD237E7015FC54.d.83D50368E81B3090EB9A450E3D7CBA27.e.6393/click - {}
RESULT: {}
COMMAND: GET /session/7c0d23d2c82578952ab84395f5814e56/screenshot - {}
RESULT: {}
COMMAND: GET /session/7c0d23d2c82578952ab84395f5814e56/window/handles - {}
RESULT: {}
COMMAND: POST /session/7c0d23d2c82578952ab84395f5814e56/window - {"handle":"328DD3DCDAA63DA2DF3EA43A8AF17761"}
RESULT: {"handle":"328DD3DCDAA63DA2DF3EA43A8AF17761"}
COMMAND: GET /session/7c0d23d2c82578952ab84395f5814e56/url - {}
RESULT: {}
COMMAND: GET /session/7c0d23d2c82578952ab84395f5814e56/screenshot - {}
RESULT: {}
COMMAND: POST /session/7c0d23d2c82578952ab84395f5814e56/execute/sync - {"script":"<script> [8489 bytes]","args":[{"element-6066-11e4-a52e-4f735466cecf":"f.3CCCAE1BF6DABF28B2CD237E7015FC54.d.83D50368E81B3090EB9A450E3D7CBA27.e.6251","ELEMENT":"f.3CCCAE1BF6DABF28B2CD237E7015FC54.d.83D50368E81B3090EB9A450E3D7CBA27.e.6251"}]}
COMMAND: DELETE /session/7c0d23d2c82578952ab84395f5814e56/window - {}
RESULT: {}
COMMAND: POST /session/7c0d23d2c82578952ab84395f5814e56/window - {"handle":"3CCCAE1BF6DABF28B2CD237E7015FC54"}
RESULT: {"handle":"3CCCAE1BF6DABF28B2CD237E7015FC54"}
COMMAND: GET /session/7c0d23d2c82578952ab84395f5814e56/url - {}
COMMAND: POST /session/7c0d23d2c82578952ab84395f5814e56/element - {"using":"xpath","value":"//span[contains(@id ,\"contractDetailTitleNoExpanded\")][contains(text(), \"10465\")]"}
RESULT: {}
COMMAND: GET /session/7c0d23d2c82578952ab84395f5814e56/screenshot - {}
RESULT: {"using":"xpath","value":"//span[contains(@id ,\"contractDetailTitleNoExpanded\")][contains(text(), \"10465\")]"}
COMMAND: POST /session/7c0d23d2c82578952ab84395f5814e56/element - {"using":"xpath","value":"//span[contains(@id ,\"contractDetailTitleNoExpanded\")][contains(text(), \"10465\")]"}
RESULT: {}
RESULT: {"using":"xpath","value":"//span[contains(@id ,\"contractDetailTitleNoExpanded\")][contains(text(), \"10465\")]"}
COMMAND: POST /session/7c0d23d2c82578952ab84395f5814e56/element - {"using":"xpath","value":"//span[contains(@id ,\"contractDetailTitleNoExpanded\")][contains(text(), \"10465\")]"}
RESULT: {"using":"xpath","value":"//span[contains(@id ,\"contractDetailTitleNoExpanded\")][contains(text(), \"10465\")]"}
COMMAND: POST /session/7c0d23d2c82578952ab84395f5814e56/element - {"using":"xpath","value":"//span[contains(@id ,\"contractDetailTitleNoExpanded\")][contains(text(), \"10465\")]"}
RESULT: {"using":"xpath","value":"//span[contains(@id ,\"contractDetailTitleNoExpanded\")][contains(text(), \"10465\")]"}
COMMAND: POST /session/7c0d23d2c82578952ab84395f5814e56/element - {"using":"xpath","value":"//span[contains(@id ,\"contractDetailTitleNoExpanded\")][contains(text(), \"10465\")]"}
RESULT: {"using":"xpath","value":"//span[contains(@id ,\"contractDetailTitleNoExpanded\")][contains(text(), \"10465\")]"}
COMMAND: POST /session/7c0d23d2c82578952ab84395f5814e56/element - {"using":"xpath","value":"//span[contains(@id ,\"contractDetailTitleNoExpanded\")][contains(text(), \"10465\")]"}
RESULT: {"using":"xpath","value":"//span[contains(@id ,\"contractDetailTitleNoExpanded\")][contains(text(), \"10465\")]"}
COMMAND: POST /session/7c0d23d2c82578952ab84395f5814e56/element - {"using":"xpath","value":"//span[contains(@id ,\"contractDetailTitleNoExpanded\")][contains(text(), \"10465\")]"}
RESULT: {"using":"xpath","value":"//span[contains(@id ,\"contractDetailTitleNoExpanded\")][contains(text(), \"10465\")]"}
COMMAND: POST /session/7c0d23d2c82578952ab84395f5814e56/element - {"using":"xpath","value":"//span[contains(@id ,\"contractDetailTitleNoExpanded\")][contains(text(), \"10465\")]"}
RESULT: {"using":"xpath","value":"//span[contains(@id ,\"contractDetailTitleNoExpanded\")][contains(text(), \"10465\")]"}
COMMAND: POST /session/7c0d23d2c82578952ab84395f5814e56/element - {"using":"xpath","value":"//span[contains(@id ,\"contractDetailTitleNoExpanded\")][contains(text(), \"10465\")]"}
RESULT: {"using":"xpath","value":"//span[contains(@id ,\"contractDetailTitleNoExpanded\")][contains(text(), \"10465\")]"}
COMMAND: POST /session/7c0d23d2c82578952ab84395f5814e56/element - {"using":"xpath","value":"//span[contains(@id ,\"contractDetailTitleNoExpanded\")][contains(text(), \"10465\")]"}
RESULT: {"using":"xpath","value":"//span[contains(@id ,\"contractDetailTitleNoExpanded\")][contains(text(), \"10465\")]"}
COMMAND: POST /session/7c0d23d2c82578952ab84395f5814e56/element - {"using":"xpath","value":"//*[contains(@data-kt ,\"webshopDetailCatalogItemLink\")]"}
RESULT: {"using":"xpath","value":"//*[contains(@data-kt ,\"webshopDetailCatalogItemLink\")]"}
COMMAND: POST /session/7c0d23d2c82578952ab84395f5814e56/execute/sync - {"script":"<script> [8489 bytes]","args":[{"element-6066-11e4-a52e-4f735466cecf":"f.3CCCAE1BF6DABF28B2CD237E7015FC54.d.83D50368E81B3090EB9A450E3D7CBA27.e.6606","ELEMENT":"f.3CCCAE1BF6DABF28B2CD237E7015FC54.d.83D50368E81B3090EB9A450E3D7CBA27.e.6606"}]}
RESULT: {"script":"<script> [8489 bytes]","args":[{"element-6066-11e4-a52e-4f735466cecf":"f.3CCCAE1BF6DABF28B2CD237E7015FC54.d.83D50368E81B3090EB9A450E3D7CBA27.e.6606","ELEMENT":"f.3CCCAE1BF6DABF28B2CD237E7015FC54.d.83D50368E81B3090EB9A450E3D7CBA27.e.6606"}]}
COMMAND: POST /session/7c0d23d2c82578952ab84395f5814e56/execute/sync - {"script":"<script> [5351 bytes]","args":[{"element-6066-11e4-a52e-4f735466cecf":"f.3CCCAE1BF6DABF28B2CD237E7015FC54.d.83D50368E81B3090EB9A450E3D7CBA27.e.6606","ELEMENT":"f.3CCCAE1BF6DABF28B2CD237E7015FC54.d.83D50368E81B3090EB9A450E3D7CBA27.e.6606"}]}
COMMAND: GET /session/7c0d23d2c82578952ab84395f5814e56/screenshot - {}
RESULT: {"script":"<script> [5351 bytes]","args":[{"element-6066-11e4-a52e-4f735466cecf":"f.3CCCAE1BF6DABF28B2CD237E7015FC54.d.83D50368E81B3090EB9A450E3D7CBA27.e.6606","ELEMENT":"f.3CCCAE1BF6DABF28B2CD237E7015FC54.d.83D50368E81B3090EB9A450E3D7CBA27.e.6606"}]}
COMMAND: POST /session/7c0d23d2c82578952ab84395f5814e56/element - {"using":"xpath","value":"//*[contains(@data-kt ,\"webshopDetailCatalogItemLink\")]"}
COMMAND: GET /session/7c0d23d2c82578952ab84395f5814e56/screenshot - {}
COMMAND: POST /session/7c0d23d2c82578952ab84395f5814e56/element - {"using":"xpath","value":"//span[contains(@id ,\"contractDetailTitleNoExpanded\")][contains(text(), \"10465\")]"}
RESULT: {}
RESULT: {"using":"xpath","value":"//*[contains(@data-kt ,\"webshopDetailCatalogItemLink\")]"}
COMMAND: POST /session/7c0d23d2c82578952ab84395f5814e56/element/f.3CCCAE1BF6DABF28B2CD237E7015FC54.d.83D50368E81B3090EB9A450E3D7CBA27.e.6606/click - {}
RESULT: {}
RESULT: {"using":"xpath","value":"//span[contains(@id ,\"contractDetailTitleNoExpanded\")][contains(text(), \"10465\")]"}
COMMAND: POST /session/7c0d23d2c82578952ab84395f5814e56/element - {"using":"xpath","value":"//span[contains(@id ,\"contractDetailTitleNoExpanded\")][contains(text(), \"10465\")]"}
RESULT: {}
COMMAND: GET /session/7c0d23d2c82578952ab84395f5814e56/screenshot - {}
RESULT: {"using":"xpath","value":"//span[contains(@id ,\"contractDetailTitleNoExpanded\")][contains(text(), \"10465\")]"}
COMMAND: POST /session/7c0d23d2c82578952ab84395f5814e56/element - {"using":"xpath","value":"//span[contains(@id ,\"contractDetailTitleNoExpanded\")][contains(text(), \"10465\")]"}
RESULT: {}
RESULT: {"using":"xpath","value":"//span[contains(@id ,\"contractDetailTitleNoExpanded\")][contains(text(), \"10465\")]"}
COMMAND: POST /session/7c0d23d2c82578952ab84395f5814e56/element - {"using":"xpath","value":"//span[contains(@id ,\"contractDetailTitleNoExpanded\")][contains(text(), \"10465\")]"}
RESULT: {"using":"xpath","value":"//span[contains(@id ,\"contractDetailTitleNoExpanded\")][contains(text(), \"10465\")]"}
COMMAND: POST /session/7c0d23d2c82578952ab84395f5814e56/element - {"using":"xpath","value":"//span[contains(@id ,\"contractDetailTitleNoExpanded\")][contains(text(), \"10465\")]"}
RESULT: {"using":"xpath","value":"//span[contains(@id ,\"contractDetailTitleNoExpanded\")][contains(text(), \"10465\")]"}
COMMAND: POST /session/7c0d23d2c82578952ab84395f5814e56/element - {"using":"xpath","value":"//span[contains(@id ,\"contractDetailTitleNoExpanded\")][contains(text(), \"10465\")]"}
RESULT: {"using":"xpath","value":"//span[contains(@id ,\"contractDetailTitleNoExpanded\")][contains(text(), \"10465\")]"}
COMMAND: POST /session/7c0d23d2c82578952ab84395f5814e56/element - {"using":"xpath","value":"//span[contains(@id ,\"contractDetailTitleNoExpanded\")][contains(text(), \"10465\")]"}
RESULT: {"using":"xpath","value":"//span[contains(@id ,\"contractDetailTitleNoExpanded\")][contains(text(), \"10465\")]"}
COMMAND: POST /session/7c0d23d2c82578952ab84395f5814e56/element - {"using":"xpath","value":"(//span[contains(text(), \"Dri-Prime CD150M Diesel Pump\")])[2]"}
RESULT: {"using":"xpath","value":"(//span[contains(text(), \"Dri-Prime CD150M Diesel Pump\")])[2]"}
COMMAND: POST /session/7c0d23d2c82578952ab84395f5814e56/execute/sync - {"script":"<script> [8489 bytes]","args":[{"element-6066-11e4-a52e-4f735466cecf":"f.3CCCAE1BF6DABF28B2CD237E7015FC54.d.83D50368E81B3090EB9A450E3D7CBA27.e.6614","ELEMENT":"f.3CCCAE1BF6DABF28B2CD237E7015FC54.d.83D50368E81B3090EB9A450E3D7CBA27.e.6614"}]}
COMMAND: POST /session/7c0d23d2c82578952ab84395f5814e56/element - {"using":"xpath","value":"(//span[contains(text(), \"Description\")])[1]"}
RESULT: {"using":"xpath","value":"(//span[contains(text(), \"Description\")])[1]"}
COMMAND: GET /session/7c0d23d2c82578952ab84395f5814e56/element/f.3CCCAE1BF6DABF28B2CD237E7015FC54.d.83D50368E81B3090EB9A450E3D7CBA27.e.6615/rect - {}
RESULT: {"script":"<script> [8489 bytes]","args":[{"element-6066-11e4-a52e-4f735466cecf":"f.3CCCAE1BF6DABF28B2CD237E7015FC54.d.83D50368E81B3090EB9A450E3D7CBA27.e.6614","ELEMENT":"f.3CCCAE1BF6DABF28B2CD237E7015FC54.d.83D50368E81B3090EB9A450E3D7CBA27.e.6614"}]}
COMMAND: GET /session/7c0d23d2c82578952ab84395f5814e56/screenshot - {}
RESULT: {}
COMMAND: GET /session/7c0d23d2c82578952ab84395f5814e56/window/rect - {}
RESULT: {}
RESULT: {}
COMMAND: POST /session/7c0d23d2c82578952ab84395f5814e56/execute/sync - {"script":"<script> [92 bytes]","args":[]}
RESULT: {"script":"<script> [92 bytes]","args":[]}
COMMAND: POST /session/7c0d23d2c82578952ab84395f5814e56/actions - {"actions":[{"id":"action10","type":"wheel","parameters":{},"actions":[{"type":"scroll","x":-1833,"y":-23,"deltaX":0,"deltaY":0,"duration":0,"origin":{"element-6066-11e4-a52e-4f735466cecf":"f.3CCCAE1BF6DABF28B2CD237E7015FC54.d.83D50368E81B3090EB9A450E3D7CBA27.e.6615"}}]}]}
COMMAND: POST /session/7c0d23d2c82578952ab84395f5814e56/element - {"using":"xpath","value":"//span[contains(@id ,\"contractDetailTitleNoExpanded\")][contains(text(), \"10465\")]"}
COMMAND: GET /session/7c0d23d2c82578952ab84395f5814e56/screenshot - {}
RESULT: {"using":"xpath","value":"//span[contains(@id ,\"contractDetailTitleNoExpanded\")][contains(text(), \"10465\")]"}
RESULT: {}
COMMAND: POST /session/7c0d23d2c82578952ab84395f5814e56/execute/sync - {"script":"<script> [79 bytes]","args":[{"element-6066-11e4-a52e-4f735466cecf":"f.3CCCAE1BF6DABF28B2CD237E7015FC54.d.83D50368E81B3090EB9A450E3D7CBA27.e.6615","ELEMENT":"f.3CCCAE1BF6DABF28B2CD237E7015FC54.d.83D50368E81B3090EB9A450E3D7CBA27.e.6615"},{"block":"start","inline":"nearest"}]}
RESULT: {"script":"<script> [79 bytes]","args":[{"element-6066-11e4-a52e-4f735466cecf":"f.3CCCAE1BF6DABF28B2CD237E7015FC54.d.83D50368E81B3090EB9A450E3D7CBA27.e.6615","ELEMENT":"f.3CCCAE1BF6DABF28B2CD237E7015FC54.d.83D50368E81B3090EB9A450E3D7CBA27.e.6615"},{"block":"start","inline":"nearest"}]}
COMMAND: GET /session/7c0d23d2c82578952ab84395f5814e56/screenshot - {}
COMMAND: POST /session/7c0d23d2c82578952ab84395f5814e56/element - {"using":"xpath","value":"//span[contains(@id ,\"contractDetailTitleNoExpanded\")][contains(text(), \"10465\")]"}
RESULT: {}
RESULT: {"using":"xpath","value":"//span[contains(@id ,\"contractDetailTitleNoExpanded\")][contains(text(), \"10465\")]"}
COMMAND: POST /session/7c0d23d2c82578952ab84395f5814e56/element - {"using":"xpath","value":"//span[contains(@id ,\"contractDetailTitleNoExpanded\")][contains(text(), \"10465\")]"}
RESULT: {"using":"xpath","value":"//span[contains(@id ,\"contractDetailTitleNoExpanded\")][contains(text(), \"10465\")]"}
COMMAND: POST /session/7c0d23d2c82578952ab84395f5814e56/element - {"using":"xpath","value":"//span[contains(@id ,\"contractDetailTitleNoExpanded\")][contains(text(), \"10465\")]"}
RESULT: {"using":"xpath","value":"//span[contains(@id ,\"contractDetailTitleNoExpanded\")][contains(text(), \"10465\")]"}
COMMAND: POST /session/7c0d23d2c82578952ab84395f5814e56/element - {"using":"xpath","value":"//span[contains(@id ,\"contractDetailTitleNoExpanded\")][contains(text(), \"10465\")]"}
RESULT: {"using":"xpath","value":"//span[contains(@id ,\"contractDetailTitleNoExpanded\")][contains(text(), \"10465\")]"}
COMMAND: POST /session/7c0d23d2c82578952ab84395f5814e56/element - {"using":"xpath","value":"//span[contains(@id ,\"contractDetailTitleNoExpanded\")][contains(text(), \"10465\")]"}
RESULT: {"using":"xpath","value":"//span[contains(@id ,\"contractDetailTitleNoExpanded\")][contains(text(), \"10465\")]"}
COMMAND: POST /session/7c0d23d2c82578952ab84395f5814e56/element - {"using":"xpath","value":"//span[contains(@id ,\"contractDetailTitleNoExpanded\")][contains(text(), \"10465\")]"}
COMMAND: POST /session/7c0d23d2c82578952ab84395f5814e56/element - {"using":"xpath","value":"(//textarea[@rows=\"15\"])[1]"}
RESULT: {"using":"xpath","value":"//span[contains(@id ,\"contractDetailTitleNoExpanded\")][contains(text(), \"10465\")]"}
RESULT: {"using":"xpath","value":"(//textarea[@rows=\"15\"])[1]"}
COMMAND: POST /session/7c0d23d2c82578952ab84395f5814e56/execute/sync - {"script":"<script> [8489 bytes]","args":[{"element-6066-11e4-a52e-4f735466cecf":"f.3CCCAE1BF6DABF28B2CD237E7015FC54.d.83D50368E81B3090EB9A450E3D7CBA27.e.6613","ELEMENT":"f.3CCCAE1BF6DABF28B2CD237E7015FC54.d.83D50368E81B3090EB9A450E3D7CBA27.e.6613"}]}
RESULT: {"script":"<script> [8489 bytes]","args":[{"element-6066-11e4-a52e-4f735466cecf":"f.3CCCAE1BF6DABF28B2CD237E7015FC54.d.83D50368E81B3090EB9A450E3D7CBA27.e.6613","ELEMENT":"f.3CCCAE1BF6DABF28B2CD237E7015FC54.d.83D50368E81B3090EB9A450E3D7CBA27.e.6613"}]}
COMMAND: GET /session/7c0d23d2c82578952ab84395f5814e56/screenshot - {}
RESULT: {}
COMMAND: POST /session/7c0d23d2c82578952ab84395f5814e56/element - {"using":"xpath","value":"//span[contains(@id ,\"contractDetailTitleNoExpanded\")][contains(text(), \"10465\")]"}
RESULT: {"using":"xpath","value":"//span[contains(@id ,\"contractDetailTitleNoExpanded\")][contains(text(), \"10465\")]"}
COMMAND: POST /session/7c0d23d2c82578952ab84395f5814e56/element - {"using":"xpath","value":"//span[contains(@id ,\"contractDetailTitleNoExpanded\")][contains(text(), \"10465\")]"}
RESULT: {"using":"xpath","value":"//span[contains(@id ,\"contractDetailTitleNoExpanded\")][contains(text(), \"10465\")]"}
COMMAND: POST /session/7c0d23d2c82578952ab84395f5814e56/element - {"using":"xpath","value":"//span[contains(@id ,\"contractDetailTitleNoExpanded\")][contains(text(), \"10465\")]"}
RESULT: {"using":"xpath","value":"//span[contains(@id ,\"contractDetailTitleNoExpanded\")][contains(text(), \"10465\")]"}
COMMAND: POST /session/7c0d23d2c82578952ab84395f5814e56/element - {"using":"xpath","value":"//span[contains(@id ,\"contractDetailTitleNoExpanded\")][contains(text(), \"10465\")]"}
RESULT: {"using":"xpath","value":"//span[contains(@id ,\"contractDetailTitleNoExpanded\")][contains(text(), \"10465\")]"}
COMMAND: POST /session/7c0d23d2c82578952ab84395f5814e56/element - {"using":"xpath","value":"//span[contains(@id ,\"contractDetailTitleNoExpanded\")][contains(text(), \"10465\")]"}
RESULT: {"using":"xpath","value":"//span[contains(@id ,\"contractDetailTitleNoExpanded\")][contains(text(), \"10465\")]"}
COMMAND: POST /session/7c0d23d2c82578952ab84395f5814e56/element - {"using":"xpath","value":"//span[contains(@id ,\"contractDetailTitleNoExpanded\")][contains(text(), \"10465\")]"}
COMMAND: POST /session/7c0d23d2c82578952ab84395f5814e56/execute/async - {"script":"<script> [1562 bytes]","args":[{"selector":{"controlType":"sap.tnt.NavigationListItem","viewName":"etm.portal.ui.webshop.view.RequestDetail","i18NText":{"propertyName":"text","key":"exit"},"interaction":{"idSuffix":"a"}},"wdio_ui5_key":"etmportal.ui.webshop.view.RequestDetailsap.tnt.NavigationListItem{\"propertyName\":\"text\",\"key\":\"exit\"}"}]}
RESULT: {"using":"xpath","value":"//span[contains(@id ,\"contractDetailTitleNoExpanded\")][contains(text(), \"10465\")]"}
COMMAND: POST /session/7c0d23d2c82578952ab84395f5814e56/element - {"using":"xpath","value":"//span[contains(@id ,\"contractDetailTitleNoExpanded\")][contains(text(), \"10465\")]"}
RESULT: {"script":"<script> [1562 bytes]","args":[{"selector":{"controlType":"sap.tnt.NavigationListItem","viewName":"etm.portal.ui.webshop.view.RequestDetail","i18NText":{"propertyName":"text","key":"exit"},"interaction":{"idSuffix":"a"}},"wdio_ui5_key":"etmportal.ui.webshop.view.RequestDetailsap.tnt.NavigationListItem{\"propertyName\":\"text\",\"key\":\"exit\"}"}]}
RESULT: undefined
COMMAND: POST /session/7c0d23d2c82578952ab84395f5814e56/element - {"using":"xpath","value":"//*[@id=\"__item4366\"]"}
RESULT: {"using":"xpath","value":"//span[contains(@id ,\"contractDetailTitleNoExpanded\")][contains(text(), \"10465\")]"}
RESULT: {"using":"xpath","value":"//*[@id=\"__item4366\"]"}
COMMAND: POST /session/7c0d23d2c82578952ab84395f5814e56/element/f.3CCCAE1BF6DABF28B2CD237E7015FC54.d.83D50368E81B3090EB9A450E3D7CBA27.e.6621/click - {}
COMMAND: POST /session/7c0d23d2c82578952ab84395f5814e56/element - {"using":"xpath","value":"//span[contains(@id ,\"contractDetailTitleNoExpanded\")][contains(text(), \"10465\")]"}
RESULT: {}
COMMAND: GET /session/7c0d23d2c82578952ab84395f5814e56/screenshot - {}
RESULT: {"using":"xpath","value":"//span[contains(@id ,\"contractDetailTitleNoExpanded\")][contains(text(), \"10465\")]"}
RESULT: {}
COMMAND: POST /session/7c0d23d2c82578952ab84395f5814e56/element - {"using":"xpath","value":"//span[contains(@id ,\"contractDetailTitleNoExpanded\")][contains(text(), \"10465\")]"}
RESULT: {"using":"xpath","value":"//span[contains(@id ,\"contractDetailTitleNoExpanded\")][contains(text(), \"10465\")]"}
COMMAND: POST /session/7c0d23d2c82578952ab84395f5814e56/element - {"using":"xpath","value":"//span[contains(@id ,\"contractDetailTitleNoExpanded\")][contains(text(), \"10465\")]"}
RESULT: {"using":"xpath","value":"//span[contains(@id ,\"contractDetailTitleNoExpanded\")][contains(text(), \"10465\")]"}
COMMAND: POST /session/7c0d23d2c82578952ab84395f5814e56/element - {"using":"xpath","value":"//span[contains(@id ,\"contractDetailTitleNoExpanded\")][contains(text(), \"10465\")]"}
RESULT: {"using":"xpath","value":"//span[contains(@id ,\"contractDetailTitleNoExpanded\")][contains(text(), \"10465\")]"}
COMMAND: POST /session/7c0d23d2c82578952ab84395f5814e56/element - {"using":"xpath","value":"//span[contains(@id ,\"contractDetailTitleNoExpanded\")][contains(text(), \"10465\")]"}
RESULT: {"using":"xpath","value":"//span[contains(@id ,\"contractDetailTitleNoExpanded\")][contains(text(), \"10465\")]"}
COMMAND: POST /session/7c0d23d2c82578952ab84395f5814e56/element - {"using":"xpath","value":"//span[contains(@id ,\"contractDetailTitleNoExpanded\")][contains(text(), \"10465\")]"}
RESULT: {"using":"xpath","value":"//span[contains(@id ,\"contractDetailTitleNoExpanded\")][contains(text(), \"10465\")]"}
COMMAND: POST /session/7c0d23d2c82578952ab84395f5814e56/element - {"using":"xpath","value":"//span[contains(@id ,\"contractDetailTitleNoExpanded\")][contains(text(), \"10465\")]"}
RESULT: {"using":"xpath","value":"//span[contains(@id ,\"contractDetailTitleNoExpanded\")][contains(text(), \"10465\")]"}
COMMAND: POST /session/7c0d23d2c82578952ab84395f5814e56/element - {"using":"xpath","value":"//span[contains(@id ,\"contractDetailTitleNoExpanded\")][contains(text(), \"10465\")]"}
RESULT: {"using":"xpath","value":"//span[contains(@id ,\"contractDetailTitleNoExpanded\")][contains(text(), \"10465\")]"}
COMMAND: POST /session/7c0d23d2c82578952ab84395f5814e56/element - {"using":"css selector","value":"#shell-header-logo"}
RESULT: {"using":"css selector","value":"#shell-header-logo"}
COMMAND: POST /session/7c0d23d2c82578952ab84395f5814e56/element/f.3CCCAE1BF6DABF28B2CD237E7015FC54.d.83D50368E81B3090EB9A450E3D7CBA27.e.3174/click - {}
RESULT: {}
COMMAND: GET /session/7c0d23d2c82578952ab84395f5814e56/screenshot - {}
COMMAND: POST /session/7c0d23d2c82578952ab84395f5814e56/element - {"using":"xpath","value":"//span[contains(@id ,\"contractDetailTitleNoExpanded\")][contains(text(), \"10465\")]"}
RESULT: {}
RESULT: {"using":"xpath","value":"//span[contains(@id ,\"contractDetailTitleNoExpanded\")][contains(text(), \"10465\")]"}
COMMAND: POST /session/7c0d23d2c82578952ab84395f5814e56/element - {"using":"xpath","value":"//span[contains(@id ,\"contractDetailTitleNoExpanded\")][contains(text(), \"10465\")]"}
RESULT: {"using":"xpath","value":"//span[contains(@id ,\"contractDetailTitleNoExpanded\")][contains(text(), \"10465\")]"}
COMMAND: POST /session/7c0d23d2c82578952ab84395f5814e56/element - {"using":"xpath","value":"//span[contains(@id ,\"contractDetailTitleNoExpanded\")][contains(text(), \"10465\")]"}
RESULT: {"using":"xpath","value":"//span[contains(@id ,\"contractDetailTitleNoExpanded\")][contains(text(), \"10465\")]"}
COMMAND: POST /session/7c0d23d2c82578952ab84395f5814e56/element - {"using":"xpath","value":"//span[contains(@id ,\"contractDetailTitleNoExpanded\")][contains(text(), \"10465\")]"}
RESULT: {"using":"xpath","value":"//span[contains(@id ,\"contractDetailTitleNoExpanded\")][contains(text(), \"10465\")]"}
COMMAND: POST /session/7c0d23d2c82578952ab84395f5814e56/element - {"using":"xpath","value":"//span[contains(@id ,\"contractDetailTitleNoExpanded\")][contains(text(), \"10465\")]"}
RESULT: {"using":"xpath","value":"//span[contains(@id ,\"contractDetailTitleNoExpanded\")][contains(text(), \"10465\")]"}
COMMAND: POST /session/7c0d23d2c82578952ab84395f5814e56/element - {"using":"xpath","value":"//span[contains(@id ,\"contractDetailTitleNoExpanded\")][contains(text(), \"10465\")]"}
RESULT: {"using":"xpath","value":"//span[contains(@id ,\"contractDetailTitleNoExpanded\")][contains(text(), \"10465\")]"}
]]></system-out>
    </testcase>
  </testsuite>
  <testsuite timestamp="2025-06-05T16:28:43" time="80.464" tests="1" failures="0" errors="0" skipped="0">
    <properties>
      <property name="specId" value="0" />
      <property name="suiteName" value="Add items into the basket without creating a request US151315" />
      <property name="capabilities" value="chrome.137_0_7151_56.windows" />
      <property name="file" value="file:///D:/a/1/s/test/specs/R2C/add-items-into-basket-wo-creating-a-request.spec.js" />
    </properties>
    <testcase classname="chrome.137_0_7151_56.windows.Add_items_into_the_basket_without_creating_a_request_US151315" name="Should verify if a catalog item can be added without creating a request" time="77.247">
      <system-out><![CDATA[
RESULT: undefined
COMMAND: POST /session/7c0d23d2c82578952ab84395f5814e56/element - {"using":"xpath","value":"//*[@id=\"__tile49\"]"}
RESULT: {"using":"xpath","value":"//*[@id=\"__tile49\"]"}
COMMAND: POST /session/7c0d23d2c82578952ab84395f5814e56/element/f.3CCCAE1BF6DABF28B2CD237E7015FC54.d.83D50368E81B3090EB9A450E3D7CBA27.e.2932/click - {}
RESULT: {}
COMMAND: GET /session/7c0d23d2c82578952ab84395f5814e56/screenshot - {}
COMMAND: POST /session/7c0d23d2c82578952ab84395f5814e56/element - {"using":"xpath","value":"//span[contains(@id ,\"contractDetailTitleNoExpanded\")][contains(text(), \"10465\")]"}
COMMAND: POST /session/7c0d23d2c82578952ab84395f5814e56/elements - {"using":"xpath","value":"//span[text()='Error']"}
RESULT: {}
RESULT: {"using":"xpath","value":"//span[contains(@id ,\"contractDetailTitleNoExpanded\")][contains(text(), \"10465\")]"}
RESULT: {"using":"xpath","value":"//span[text()='Error']"}
COMMAND: POST /session/7c0d23d2c82578952ab84395f5814e56/element - {"using":"xpath","value":"//span[contains(@id ,\"contractDetailTitleNoExpanded\")][contains(text(), \"10465\")]"}
RESULT: {"using":"xpath","value":"//span[contains(@id ,\"contractDetailTitleNoExpanded\")][contains(text(), \"10465\")]"}
COMMAND: POST /session/7c0d23d2c82578952ab84395f5814e56/element - {"using":"xpath","value":"//span[contains(@id ,\"contractDetailTitleNoExpanded\")][contains(text(), \"10465\")]"}
COMMAND: POST /session/7c0d23d2c82578952ab84395f5814e56/element - {"using":"css selector","value":"#requestCreationDialog--createRequestPopUp-title-inner"}
RESULT: {"using":"xpath","value":"//span[contains(@id ,\"contractDetailTitleNoExpanded\")][contains(text(), \"10465\")]"}
RESULT: {"using":"css selector","value":"#requestCreationDialog--createRequestPopUp-title-inner"}
COMMAND: POST /session/7c0d23d2c82578952ab84395f5814e56/execute/sync - {"script":"<script> [8489 bytes]","args":[{"element-6066-11e4-a52e-4f735466cecf":"f.3CCCAE1BF6DABF28B2CD237E7015FC54.d.83D50368E81B3090EB9A450E3D7CBA27.e.6723","ELEMENT":"f.3CCCAE1BF6DABF28B2CD237E7015FC54.d.83D50368E81B3090EB9A450E3D7CBA27.e.6723"}]}
RESULT: {"script":"<script> [8489 bytes]","args":[{"element-6066-11e4-a52e-4f735466cecf":"f.3CCCAE1BF6DABF28B2CD237E7015FC54.d.83D50368E81B3090EB9A450E3D7CBA27.e.6723","ELEMENT":"f.3CCCAE1BF6DABF28B2CD237E7015FC54.d.83D50368E81B3090EB9A450E3D7CBA27.e.6723"}]}
COMMAND: GET /session/7c0d23d2c82578952ab84395f5814e56/element/f.3CCCAE1BF6DABF28B2CD237E7015FC54.d.83D50368E81B3090EB9A450E3D7CBA27.e.6723/enabled - {}
COMMAND: GET /session/7c0d23d2c82578952ab84395f5814e56/screenshot - {}
RESULT: {}
COMMAND: POST /session/7c0d23d2c82578952ab84395f5814e56/element - {"using":"xpath","value":"//span[contains(@id ,\"requestCreationDialog--cancelButton-content\")]"}
COMMAND: GET /session/7c0d23d2c82578952ab84395f5814e56/screenshot - {}
RESULT: {}
RESULT: {"using":"xpath","value":"//span[contains(@id ,\"requestCreationDialog--cancelButton-content\")]"}
COMMAND: POST /session/7c0d23d2c82578952ab84395f5814e56/element/f.3CCCAE1BF6DABF28B2CD237E7015FC54.d.83D50368E81B3090EB9A450E3D7CBA27.e.6724/click - {}
RESULT: {}
RESULT: {}
COMMAND: GET /session/7c0d23d2c82578952ab84395f5814e56/screenshot - {}
RESULT: {}
COMMAND: POST /session/7c0d23d2c82578952ab84395f5814e56/element - {"using":"xpath","value":"//input[contains(@id ,\"searchFiledId-I\")]"}
RESULT: {"using":"xpath","value":"//input[contains(@id ,\"searchFiledId-I\")]"}
COMMAND: POST /session/7c0d23d2c82578952ab84395f5814e56/element/f.3CCCAE1BF6DABF28B2CD237E7015FC54.d.83D50368E81B3090EB9A450E3D7CBA27.e.6624/value - {"text":"Dri-Prime CD150M Diesel Pump"}
RESULT: {"text":"Dri-Prime CD150M Diesel Pump"}
COMMAND: POST /session/7c0d23d2c82578952ab84395f5814e56/actions - {"actions":[{"id":"action11","type":"key","parameters":{},"actions":[{"type":"keyDown","value":"î€‡"},{"type":"pause","duration":10},{"type":"keyUp","value":"î€‡"}]}]}
COMMAND: GET /session/7c0d23d2c82578952ab84395f5814e56/screenshot - {}
RESULT: {"actions":[{"id":"action11","type":"key","parameters":{},"actions":[{"type":"keyDown","value":"î€‡"},{"type":"pause","duration":10},{"type":"keyUp","value":"î€‡"}]}]}
COMMAND: GET /session/7c0d23d2c82578952ab84395f5814e56/screenshot - {}
RESULT: {}
RESULT: {}
COMMAND: POST /session/7c0d23d2c82578952ab84395f5814e56/element - {"using":"xpath","value":"//span[contains(@id ,\"subTitle\")][contains(text(), \"Dri-Prime CD150M Diesel Pump\")]"}
RESULT: {"using":"xpath","value":"//span[contains(@id ,\"subTitle\")][contains(text(), \"Dri-Prime CD150M Diesel Pump\")]"}
COMMAND: POST /session/7c0d23d2c82578952ab84395f5814e56/element/f.3CCCAE1BF6DABF28B2CD237E7015FC54.d.83D50368E81B3090EB9A450E3D7CBA27.e.6730/click - {}
RESULT: {}
COMMAND: GET /session/7c0d23d2c82578952ab84395f5814e56/screenshot - {}
RESULT: {}
COMMAND: POST /session/7c0d23d2c82578952ab84395f5814e56/element - {"using":"xpath","value":"//bdi[contains(text(), \"Add to Request\")]"}
RESULT: {"using":"xpath","value":"//bdi[contains(text(), \"Add to Request\")]"}
COMMAND: POST /session/7c0d23d2c82578952ab84395f5814e56/element/f.3CCCAE1BF6DABF28B2CD237E7015FC54.d.83D50368E81B3090EB9A450E3D7CBA27.e.6742/click - {}
RESULT: {}
COMMAND: POST /session/7c0d23d2c82578952ab84395f5814e56/element - {"using":"xpath","value":"//div[contains(@class ,\"sapMMessageToast sapUiSelectable sapContrast sapContrastPlus sapUiUserSelectable\")]"}
COMMAND: GET /session/7c0d23d2c82578952ab84395f5814e56/screenshot - {}
RESULT: {"using":"xpath","value":"//div[contains(@class ,\"sapMMessageToast sapUiSelectable sapContrast sapContrastPlus sapUiUserSelectable\")]"}
COMMAND: POST /session/7c0d23d2c82578952ab84395f5814e56/execute/sync - {"script":"<script> [8489 bytes]","args":[{"element-6066-11e4-a52e-4f735466cecf":"f.3CCCAE1BF6DABF28B2CD237E7015FC54.d.83D50368E81B3090EB9A450E3D7CBA27.e.6744","ELEMENT":"f.3CCCAE1BF6DABF28B2CD237E7015FC54.d.83D50368E81B3090EB9A450E3D7CBA27.e.6744"}]}
RESULT: {}
RESULT: {"script":"<script> [8489 bytes]","args":[{"element-6066-11e4-a52e-4f735466cecf":"f.3CCCAE1BF6DABF28B2CD237E7015FC54.d.83D50368E81B3090EB9A450E3D7CBA27.e.6744","ELEMENT":"f.3CCCAE1BF6DABF28B2CD237E7015FC54.d.83D50368E81B3090EB9A450E3D7CBA27.e.6744"}]}
COMMAND: GET /session/7c0d23d2c82578952ab84395f5814e56/element/f.3CCCAE1BF6DABF28B2CD237E7015FC54.d.83D50368E81B3090EB9A450E3D7CBA27.e.6744/text - {}
COMMAND: GET /session/7c0d23d2c82578952ab84395f5814e56/screenshot - {}
RESULT: {}
RESULT: {}
COMMAND: POST /session/7c0d23d2c82578952ab84395f5814e56/element - {"using":"xpath","value":"//bdi[contains(@id ,\"activeCartId-BDI-content\")]"}
RESULT: {"using":"xpath","value":"//bdi[contains(@id ,\"activeCartId-BDI-content\")]"}
COMMAND: GET /session/7c0d23d2c82578952ab84395f5814e56/element/f.3CCCAE1BF6DABF28B2CD237E7015FC54.d.83D50368E81B3090EB9A450E3D7CBA27.e.6745/text - {}
RESULT: {}
COMMAND: POST /session/7c0d23d2c82578952ab84395f5814e56/element - {"using":"xpath","value":"//li[@title=\"Exit\"]"}
RESULT: {"using":"xpath","value":"//li[@title=\"Exit\"]"}
COMMAND: POST /session/7c0d23d2c82578952ab84395f5814e56/element/f.3CCCAE1BF6DABF28B2CD237E7015FC54.d.83D50368E81B3090EB9A450E3D7CBA27.e.6703/click - {}
RESULT: {}
COMMAND: GET /session/7c0d23d2c82578952ab84395f5814e56/screenshot - {}
RESULT: {}
COMMAND: POST /session/7c0d23d2c82578952ab84395f5814e56/element - {"using":"css selector","value":"#j_username"}
COMMAND: POST /session/7c0d23d2c82578952ab84395f5814e56/url - {"url":"https://qa-testing-00-live-etm-ui.cfapps.eu10-004.hana.ondemand.com/"}
RESULT: {"using":"css selector","value":"#j_username"}
COMMAND: POST /session/7c0d23d2c82578952ab84395f5814e56/element - {"using":"css selector","value":"#j_username"}
RESULT: {"url":"https://qa-testing-00-live-etm-ui.cfapps.eu10-004.hana.ondemand.com/"}
RESULT: undefined
RESULT: {"using":"css selector","value":"#j_username"}
COMMAND: POST /session/7c0d23d2c82578952ab84395f5814e56/element - {"using":"css selector","value":"#shell-header-logo"}
COMMAND: GET /session/7c0d23d2c82578952ab84395f5814e56/screenshot - {}
RESULT: {"using":"css selector","value":"#shell-header-logo"}
COMMAND: POST /session/7c0d23d2c82578952ab84395f5814e56/element - {"using":"css selector","value":"#shell-header-logo"}
RESULT: {}
RESULT: {"using":"css selector","value":"#shell-header-logo"}
COMMAND: POST /session/7c0d23d2c82578952ab84395f5814e56/execute/sync - {"script":"<script> [8489 bytes]","args":[{"element-6066-11e4-a52e-4f735466cecf":"f.3CCCAE1BF6DABF28B2CD237E7015FC54.d.D5AF4D42614F79AD68C4595FCCB76C98.e.6760","ELEMENT":"f.3CCCAE1BF6DABF28B2CD237E7015FC54.d.D5AF4D42614F79AD68C4595FCCB76C98.e.6760"}]}
RESULT: {"script":"<script> [8489 bytes]","args":[{"element-6066-11e4-a52e-4f735466cecf":"f.3CCCAE1BF6DABF28B2CD237E7015FC54.d.D5AF4D42614F79AD68C4595FCCB76C98.e.6760","ELEMENT":"f.3CCCAE1BF6DABF28B2CD237E7015FC54.d.D5AF4D42614F79AD68C4595FCCB76C98.e.6760"}]}
COMMAND: POST /session/7c0d23d2c82578952ab84395f5814e56/element - {"using":"css selector","value":"#shell-header-logo"}
COMMAND: GET /session/7c0d23d2c82578952ab84395f5814e56/screenshot - {}
RESULT: {"using":"css selector","value":"#shell-header-logo"}
COMMAND: POST /session/7c0d23d2c82578952ab84395f5814e56/execute/sync - {"script":"<script> [8489 bytes]","args":[{"element-6066-11e4-a52e-4f735466cecf":"f.3CCCAE1BF6DABF28B2CD237E7015FC54.d.D5AF4D42614F79AD68C4595FCCB76C98.e.6760","ELEMENT":"f.3CCCAE1BF6DABF28B2CD237E7015FC54.d.D5AF4D42614F79AD68C4595FCCB76C98.e.6760"}]}
RESULT: {}
RESULT: {"script":"<script> [8489 bytes]","args":[{"element-6066-11e4-a52e-4f735466cecf":"f.3CCCAE1BF6DABF28B2CD237E7015FC54.d.D5AF4D42614F79AD68C4595FCCB76C98.e.6760","ELEMENT":"f.3CCCAE1BF6DABF28B2CD237E7015FC54.d.D5AF4D42614F79AD68C4595FCCB76C98.e.6760"}]}
COMMAND: POST /session/7c0d23d2c82578952ab84395f5814e56/execute/sync - {"script":"<script> [5351 bytes]","args":[{"element-6066-11e4-a52e-4f735466cecf":"f.3CCCAE1BF6DABF28B2CD237E7015FC54.d.D5AF4D42614F79AD68C4595FCCB76C98.e.6760","ELEMENT":"f.3CCCAE1BF6DABF28B2CD237E7015FC54.d.D5AF4D42614F79AD68C4595FCCB76C98.e.6760"}]}
COMMAND: GET /session/7c0d23d2c82578952ab84395f5814e56/screenshot - {}
RESULT: {"script":"<script> [5351 bytes]","args":[{"element-6066-11e4-a52e-4f735466cecf":"f.3CCCAE1BF6DABF28B2CD237E7015FC54.d.D5AF4D42614F79AD68C4595FCCB76C98.e.6760","ELEMENT":"f.3CCCAE1BF6DABF28B2CD237E7015FC54.d.D5AF4D42614F79AD68C4595FCCB76C98.e.6760"}]}
COMMAND: POST /session/7c0d23d2c82578952ab84395f5814e56/element - {"using":"css selector","value":"#shell-header-logo"}
COMMAND: GET /session/7c0d23d2c82578952ab84395f5814e56/screenshot - {}
RESULT: {}
RESULT: {"using":"css selector","value":"#shell-header-logo"}
COMMAND: POST /session/7c0d23d2c82578952ab84395f5814e56/element/f.3CCCAE1BF6DABF28B2CD237E7015FC54.d.D5AF4D42614F79AD68C4595FCCB76C98.e.6760/click - {}
RESULT: {}
RESULT: {}
COMMAND: GET /session/7c0d23d2c82578952ab84395f5814e56/screenshot - {}
RESULT: {}
COMMAND: POST /session/7c0d23d2c82578952ab84395f5814e56/execute/async - {"script":"<script> [189 bytes]","args":[]}
RESULT: {"script":"<script> [189 bytes]","args":[]}
COMMAND: POST /session/7c0d23d2c82578952ab84395f5814e56/execute/async - {"script":"<script> [123 bytes]","args":[]}
RESULT: {"script":"<script> [123 bytes]","args":[]}
COMMAND: POST /session/7c0d23d2c82578952ab84395f5814e56/timeouts - {"script":"<number>"}
RESULT: {"script":"<number>"}
COMMAND: GET /session/7c0d23d2c82578952ab84395f5814e56/timeouts - {}
RESULT: {}
RESULT: undefined
COMMAND: POST /session/7c0d23d2c82578952ab84395f5814e56/execute/async - {"script":"<script> [2676 bytes]","args":[]}
RESULT: {"script":"<script> [2676 bytes]","args":[]}
COMMAND: POST /session/7c0d23d2c82578952ab84395f5814e56/execute/async - {"script":"<script> [2342 bytes]","args":[{"protocol":"http","hostname":"0.0.0.0","path":"/","capabilities":{"browserName":"chrome","goog:chromeOptions":{"binary":"C:\\Program Files\\Google\\Chrome\\Application\\chrome.exe","args":["--start-maximized"]}},"logLevel":"warn","connectionRetryTimeout":120000,"connectionRetryCount":3,"logLevels":{},"enableDirectConnect":true,"strictSSL":true,"_":"65 more keys: [\"cacheDir\",\"port\",\"requestedCapabilities\",\"automationProtocol\",\"baseUrl\",\"waitforInterval\",\"waitforTimeout\",\"onReload\",\"beforeCommand\",\"afterCommand\",\"rootDir\",\"specs\",\"suites\",\"exclude\",\"groupLogsByTestSpec\",\"excludeDriverLogs\",\"bail\",\"framework\",\"reporters\",\"services\",\"maxInstances\",\"maxInstancesPerCapability\",\"injectGlobals\",\"filesToWatch\",\"execArgv\",\"runnerEnv\",\"runner\",\"shard\",\"specFileRetries\",\"specFileRetriesDelay\",\"specFileRetriesDeferred\",\"reporterSyncInterval\",\"reporterSyncTimeout\",\"cucumberFeaturesWithLineNumbers\",\"autoCompileOpts\",\"mochaOpts\",\"jasmineOpts\",\"cucumberOpts\",\"onPrepare\",\"onWorkerStart\",\"onWorkerEnd\",\"before\",\"beforeSession\",\"beforeSuite\",\"beforeHook\",\"beforeTest\",\"afterTest\",\"afterHook\",\"afterSuite\",\"afterSession\",\"after\",\"onComplete\",\"beforeAssertion\",\"afterAssertion\",\"beforeFeature\",\"beforeScenario\",\"beforeStep\",\"afterStep\",\"afterScenario\",\"afterFeature\",\"_\",\"suite\",\"$0\",\"ignoredWorkerServices\",\"wdi5\"]"}]}
RESULT: {"script":"<script> [2342 bytes]","args":[{"protocol":"http","hostname":"0.0.0.0","path":"/","capabilities":{"browserName":"chrome","goog:chromeOptions":{"binary":"C:\\Program Files\\Google\\Chrome\\Application\\chrome.exe","args":["--start-maximized"]}},"logLevel":"warn","connectionRetryTimeout":120000,"connectionRetryCount":3,"logLevels":{},"enableDirectConnect":true,"strictSSL":true,"_":"65 more keys: [\"cacheDir\",\"port\",\"requestedCapabilities\",\"automationProtocol\",\"baseUrl\",\"waitforInterval\",\"waitforTimeout\",\"onReload\",\"beforeCommand\",\"afterCommand\",\"rootDir\",\"specs\",\"suites\",\"exclude\",\"groupLogsByTestSpec\",\"excludeDriverLogs\",\"bail\",\"framework\",\"reporters\",\"services\",\"maxInstances\",\"maxInstancesPerCapability\",\"injectGlobals\",\"filesToWatch\",\"execArgv\",\"runnerEnv\",\"runner\",\"shard\",\"specFileRetries\",\"specFileRetriesDelay\",\"specFileRetriesDeferred\",\"reporterSyncInterval\",\"reporterSyncTimeout\",\"cucumberFeaturesWithLineNumbers\",\"autoCompileOpts\",\"mochaOpts\",\"jasmineOpts\",\"cucumberOpts\",\"onPrepare\",\"onWorkerStart\",\"onWorkerEnd\",\"before\",\"beforeSession\",\"beforeSuite\",\"beforeHook\",\"beforeTest\",\"afterTest\",\"afterHook\",\"afterSuite\",\"afterSession\",\"after\",\"onComplete\",\"beforeAssertion\",\"afterAssertion\",\"beforeFeature\",\"beforeScenario\",\"beforeStep\",\"afterStep\",\"afterScenario\",\"afterFeature\",\"_\",\"suite\",\"$0\",\"ignoredWorkerServices\",\"wdi5\"]"}]}
COMMAND: POST /session/7c0d23d2c82578952ab84395f5814e56/execute/async - {"script":"<script> [21126 bytes]","args":[35000]}
RESULT: {"script":"<script> [21126 bytes]","args":[35000]}
COMMAND: POST /session/7c0d23d2c82578952ab84395f5814e56/window/maximize - {}
RESULT: {}
COMMAND: POST /session/7c0d23d2c82578952ab84395f5814e56/execute/async - {"script":"<script> [1562 bytes]","args":[{"selector":{"id":"shell-header","interaction":{"idSuffix":"icon"}},"wdio_ui5_key":"shellheader"}]}
COMMAND: GET /session/7c0d23d2c82578952ab84395f5814e56/screenshot - {}
RESULT: {"script":"<script> [1562 bytes]","args":[{"selector":{"id":"shell-header","interaction":{"idSuffix":"icon"}},"wdio_ui5_key":"shellheader"}]}
RESULT: undefined
RESULT: {}
COMMAND: POST /session/7c0d23d2c82578952ab84395f5814e56/execute/async - {"script":"<script> [1562 bytes]","args":[{"selector":{"controlType":"sap.m.Title","i18NText":{"propertyName":"text","key":"dataCollectionAgreement"},"searchOpenDialogs":true},"wdio_ui5_key":"sapm.Title{\"propertyName\":\"text\",\"key\":\"dataCollectionAgreement\"}"}]}
RESULT: {"script":"<script> [1562 bytes]","args":[{"selector":{"controlType":"sap.m.Title","i18NText":{"propertyName":"text","key":"dataCollectionAgreement"},"searchOpenDialogs":true},"wdio_ui5_key":"sapm.Title{\"propertyName\":\"text\",\"key\":\"dataCollectionAgreement\"}"}]}
RESULT: undefined
]]></system-out>
    </testcase>
  </testsuite>
  <testsuite timestamp="2025-06-05T16:30:03" time="218.263" tests="2" failures="0" errors="0" skipped="0">
    <properties>
      <property name="specId" value="0" />
      <property name="suiteName" value=" Webshop - Request management - Verifying the Master List - Filtering /Sorting - Deleting - Creating US151314" />
      <property name="capabilities" value="chrome.137_0_7151_56.windows" />
      <property name="file" value="file:///D:/a/1/s/test/specs/R2C/webshop-request-management-verify-master-list.spec.js" />
    </properties>
    <testcase classname="chrome.137_0_7151_56.windows._Webshop_-_Request_management_-_Verifying_the_Master_List_-_Filtering_/Sorting_-_Deleting_-_Creating_US151314" name="Should navigate to request management in webshop and verify the filters" time="154.633">
      <system-out><![CDATA[
COMMAND: POST /session/7c0d23d2c82578952ab84395f5814e56/execute/async - {"script":"<script> [1562 bytes]","args":[{"selector":{"controlType":"sap.m.GenericTile","properties":{"header":"Webshop"}},"wdio_ui5_key":"sapm.GenericTile{\"header\":\"Webshop\"}"}]}
RESULT: {"script":"<script> [1562 bytes]","args":[{"selector":{"controlType":"sap.m.GenericTile","properties":{"header":"Webshop"}},"wdio_ui5_key":"sapm.GenericTile{\"header\":\"Webshop\"}"}]}
RESULT: undefined
COMMAND: POST /session/7c0d23d2c82578952ab84395f5814e56/element - {"using":"xpath","value":"//*[@id=\"__tile49\"]"}
RESULT: {"using":"xpath","value":"//*[@id=\"__tile49\"]"}
COMMAND: POST /session/7c0d23d2c82578952ab84395f5814e56/element/f.3CCCAE1BF6DABF28B2CD237E7015FC54.d.D5AF4D42614F79AD68C4595FCCB76C98.e.6768/click - {}
RESULT: {}
COMMAND: GET /session/7c0d23d2c82578952ab84395f5814e56/screenshot - {}
RESULT: {}
COMMAND: POST /session/7c0d23d2c82578952ab84395f5814e56/elements - {"using":"xpath","value":"//span[text()='Error']"}
RESULT: {"using":"xpath","value":"//span[text()='Error']"}
COMMAND: POST /session/7c0d23d2c82578952ab84395f5814e56/execute/async - {"script":"<script> [1562 bytes]","args":[{"selector":{"id":"requestCreationDialog--cancelButton","searchOpenDialogs":true,"interaction":{"idSuffix":"BDI-content"}},"wdio_ui5_key":"requestCreationDialogcancelButton"}]}
RESULT: {"script":"<script> [1562 bytes]","args":[{"selector":{"id":"requestCreationDialog--cancelButton","searchOpenDialogs":true,"interaction":{"idSuffix":"BDI-content"}},"wdio_ui5_key":"requestCreationDialogcancelButton"}]}
RESULT: undefined
COMMAND: POST /session/7c0d23d2c82578952ab84395f5814e56/element - {"using":"xpath","value":"//*[@id=\"requestCreationDialog--cancelButton\"]"}
RESULT: {"using":"xpath","value":"//*[@id=\"requestCreationDialog--cancelButton\"]"}
COMMAND: POST /session/7c0d23d2c82578952ab84395f5814e56/element/f.3CCCAE1BF6DABF28B2CD237E7015FC54.d.D5AF4D42614F79AD68C4595FCCB76C98.e.6798/click - {}
RESULT: {}
COMMAND: GET /session/7c0d23d2c82578952ab84395f5814e56/screenshot - {}
RESULT: {}
COMMAND: POST /session/7c0d23d2c82578952ab84395f5814e56/execute/async - {"script":"<script> [1562 bytes]","args":[{"selector":{"controlType":"sap.tnt.NavigationListItem","viewName":"etm.portal.ui.webshop.view.Homepage","i18NText":{"propertyName":"text","key":"requestsManagement"},"interaction":{"idSuffix":"a"}},"wdio_ui5_key":"etmportal.ui.webshop.view.Homepagesap.tnt.NavigationListItem{\"propertyName\":\"text\",\"key\":\"requestsManagement\"}"}]}
RESULT: {"script":"<script> [1562 bytes]","args":[{"selector":{"controlType":"sap.tnt.NavigationListItem","viewName":"etm.portal.ui.webshop.view.Homepage","i18NText":{"propertyName":"text","key":"requestsManagement"},"interaction":{"idSuffix":"a"}},"wdio_ui5_key":"etmportal.ui.webshop.view.Homepagesap.tnt.NavigationListItem{\"propertyName\":\"text\",\"key\":\"requestsManagement\"}"}]}
RESULT: undefined
COMMAND: POST /session/7c0d23d2c82578952ab84395f5814e56/element - {"using":"xpath","value":"//*[@id=\"__item32\"]"}
RESULT: {"using":"xpath","value":"//*[@id=\"__item32\"]"}
COMMAND: POST /session/7c0d23d2c82578952ab84395f5814e56/element/f.3CCCAE1BF6DABF28B2CD237E7015FC54.d.D5AF4D42614F79AD68C4595FCCB76C98.e.6800/click - {}
RESULT: {}
COMMAND: GET /session/7c0d23d2c82578952ab84395f5814e56/screenshot - {}
RESULT: {}
COMMAND: POST /session/7c0d23d2c82578952ab84395f5814e56/element - {"using":"xpath","value":"//input[contains(@id ,\"smartFilterBar-btnBasicSearch-I\")]"}
RESULT: {"using":"xpath","value":"//input[contains(@id ,\"smartFilterBar-btnBasicSearch-I\")]"}
COMMAND: POST /session/7c0d23d2c82578952ab84395f5814e56/element/f.3CCCAE1BF6DABF28B2CD237E7015FC54.d.D5AF4D42614F79AD68C4595FCCB76C98.e.6806/clear - {}
RESULT: {}
COMMAND: POST /session/7c0d23d2c82578952ab84395f5814e56/element/f.3CCCAE1BF6DABF28B2CD237E7015FC54.d.D5AF4D42614F79AD68C4595FCCB76C98.e.6806/value - {"text":"20001"}
COMMAND: GET /session/7c0d23d2c82578952ab84395f5814e56/screenshot - {}
RESULT: {"text":"20001"}
COMMAND: GET /session/7c0d23d2c82578952ab84395f5814e56/screenshot - {}
RESULT: {}
RESULT: {}
COMMAND: POST /session/7c0d23d2c82578952ab84395f5814e56/actions - {"actions":[{"id":"action12","type":"key","parameters":{},"actions":[{"type":"keyDown","value":"î€‡"},{"type":"pause","duration":10},{"type":"keyUp","value":"î€‡"}]}]}
RESULT: {"actions":[{"id":"action12","type":"key","parameters":{},"actions":[{"type":"keyDown","value":"î€‡"},{"type":"pause","duration":10},{"type":"keyUp","value":"î€‡"}]}]}
COMMAND: GET /session/7c0d23d2c82578952ab84395f5814e56/screenshot - {}
RESULT: {}
COMMAND: POST /session/7c0d23d2c82578952ab84395f5814e56/execute/async - {"script":"<script> [1562 bytes]","args":[{"selector":{"controlType":"sap.m.Title","viewName":"etm.portal.ui.webshop.view.RequestMaster","properties":{"text":"Records (1)"}},"wdio_ui5_key":"etmportal.ui.webshop.view.RequestMastersap.m.Title{\"text\":\"Records (1)\"}"}]}
RESULT: {"script":"<script> [1562 bytes]","args":[{"selector":{"controlType":"sap.m.Title","viewName":"etm.portal.ui.webshop.view.RequestMaster","properties":{"text":"Records (1)"}},"wdio_ui5_key":"etmportal.ui.webshop.view.RequestMastersap.m.Title{\"text\":\"Records (1)\"}"}]}
RESULT: undefined
COMMAND: POST /session/7c0d23d2c82578952ab84395f5814e56/execute/async - {"script":"<script> [6424 bytes]","args":[{"element-6066-11e4-a52e-4f735466cecf":"f.3CCCAE1BF6DABF28B2CD237E7015FC54.d.D5AF4D42614F79AD68C4595FCCB76C98.e.6887"},"getText",[]]}
RESULT: {"script":"<script> [6424 bytes]","args":[{"element-6066-11e4-a52e-4f735466cecf":"f.3CCCAE1BF6DABF28B2CD237E7015FC54.d.D5AF4D42614F79AD68C4595FCCB76C98.e.6887"},"getText",[]]}
COMMAND: POST /session/7c0d23d2c82578952ab84395f5814e56/element - {"using":"xpath","value":"//div[contains(@id ,\"smartFilterBar-btnBasicSearch-reset\")]"}
RESULT: {"using":"xpath","value":"//div[contains(@id ,\"smartFilterBar-btnBasicSearch-reset\")]"}
COMMAND: POST /session/7c0d23d2c82578952ab84395f5814e56/element/f.3CCCAE1BF6DABF28B2CD237E7015FC54.d.D5AF4D42614F79AD68C4595FCCB76C98.e.6888/click - {}
RESULT: {}
COMMAND: GET /session/7c0d23d2c82578952ab84395f5814e56/screenshot - {}
RESULT: {}
COMMAND: POST /session/7c0d23d2c82578952ab84395f5814e56/element - {"using":"xpath","value":"//input[contains(@id ,\"smartStatusFilter-inner\")]"}
RESULT: {"using":"xpath","value":"//input[contains(@id ,\"smartStatusFilter-inner\")]"}
COMMAND: POST /session/7c0d23d2c82578952ab84395f5814e56/element/f.3CCCAE1BF6DABF28B2CD237E7015FC54.d.D5AF4D42614F79AD68C4595FCCB76C98.e.6811/clear - {}
RESULT: {}
COMMAND: POST /session/7c0d23d2c82578952ab84395f5814e56/element/f.3CCCAE1BF6DABF28B2CD237E7015FC54.d.D5AF4D42614F79AD68C4595FCCB76C98.e.6811/value - {"text":"draft"}
COMMAND: GET /session/7c0d23d2c82578952ab84395f5814e56/screenshot - {}
RESULT: {"text":"draft"}
COMMAND: GET /session/7c0d23d2c82578952ab84395f5814e56/screenshot - {}
RESULT: {}
RESULT: {}
COMMAND: POST /session/7c0d23d2c82578952ab84395f5814e56/actions - {"actions":[{"id":"action13","type":"key","parameters":{},"actions":[{"type":"keyDown","value":"î€‡"},{"type":"pause","duration":10},{"type":"keyUp","value":"î€‡"}]}]}
RESULT: {"actions":[{"id":"action13","type":"key","parameters":{},"actions":[{"type":"keyDown","value":"î€‡"},{"type":"pause","duration":10},{"type":"keyUp","value":"î€‡"}]}]}
COMMAND: GET /session/7c0d23d2c82578952ab84395f5814e56/screenshot - {}
RESULT: {}
COMMAND: POST /session/7c0d23d2c82578952ab84395f5814e56/execute/async - {"script":"<script> [1562 bytes]","args":[{"selector":{"controlType":"sap.m.ObjectStatus","viewName":"etm.portal.ui.webshop.view.RequestMaster","bindingPath":{"propertyPath":"STATUS_DESCRIPTION"}},"wdio_ui5_key":"etmportal.ui.webshop.view.RequestMastersap.m.ObjectStatus{\"propertyPath\":\"STATUS_DESCRIPTION\"}"}]}
RESULT: {"script":"<script> [1562 bytes]","args":[{"selector":{"controlType":"sap.m.ObjectStatus","viewName":"etm.portal.ui.webshop.view.RequestMaster","bindingPath":{"propertyPath":"STATUS_DESCRIPTION"}},"wdio_ui5_key":"etmportal.ui.webshop.view.RequestMastersap.m.ObjectStatus{\"propertyPath\":\"STATUS_DESCRIPTION\"}"}]}
RESULT: undefined
COMMAND: POST /session/7c0d23d2c82578952ab84395f5814e56/execute/async - {"script":"<script> [6424 bytes]","args":[{"element-6066-11e4-a52e-4f735466cecf":"f.3CCCAE1BF6DABF28B2CD237E7015FC54.d.D5AF4D42614F79AD68C4595FCCB76C98.e.6942"},"getText",[]]}
RESULT: {"script":"<script> [6424 bytes]","args":[{"element-6066-11e4-a52e-4f735466cecf":"f.3CCCAE1BF6DABF28B2CD237E7015FC54.d.D5AF4D42614F79AD68C4595FCCB76C98.e.6942"},"getText",[]]}
COMMAND: POST /session/7c0d23d2c82578952ab84395f5814e56/element - {"using":"xpath","value":"//span[contains(@title ,\"Remove\")]"}
RESULT: {"using":"xpath","value":"//span[contains(@title ,\"Remove\")]"}
COMMAND: POST /session/7c0d23d2c82578952ab84395f5814e56/element/f.3CCCAE1BF6DABF28B2CD237E7015FC54.d.D5AF4D42614F79AD68C4595FCCB76C98.e.6945/click - {}
RESULT: {}
COMMAND: GET /session/7c0d23d2c82578952ab84395f5814e56/screenshot - {}
COMMAND: POST /session/7c0d23d2c82578952ab84395f5814e56/element - {"using":"xpath","value":"//input[contains(@id ,\"smartStatusFilter-inner\")]"}
RESULT: {}
RESULT: {"using":"xpath","value":"//input[contains(@id ,\"smartStatusFilter-inner\")]"}
COMMAND: POST /session/7c0d23d2c82578952ab84395f5814e56/element/f.3CCCAE1BF6DABF28B2CD237E7015FC54.d.D5AF4D42614F79AD68C4595FCCB76C98.e.6811/clear - {}
RESULT: {}
COMMAND: POST /session/7c0d23d2c82578952ab84395f5814e56/element/f.3CCCAE1BF6DABF28B2CD237E7015FC54.d.D5AF4D42614F79AD68C4595FCCB76C98.e.6811/value - {"text":"created"}
COMMAND: GET /session/7c0d23d2c82578952ab84395f5814e56/screenshot - {}
RESULT: {"text":"created"}
COMMAND: GET /session/7c0d23d2c82578952ab84395f5814e56/screenshot - {}
RESULT: {}
RESULT: {}
COMMAND: POST /session/7c0d23d2c82578952ab84395f5814e56/actions - {"actions":[{"id":"action14","type":"key","parameters":{},"actions":[{"type":"keyDown","value":"î€‡"},{"type":"pause","duration":10},{"type":"keyUp","value":"î€‡"}]}]}
RESULT: {"actions":[{"id":"action14","type":"key","parameters":{},"actions":[{"type":"keyDown","value":"î€‡"},{"type":"pause","duration":10},{"type":"keyUp","value":"î€‡"}]}]}
COMMAND: GET /session/7c0d23d2c82578952ab84395f5814e56/screenshot - {}
RESULT: {}
RESULT: undefined
COMMAND: POST /session/7c0d23d2c82578952ab84395f5814e56/execute/async - {"script":"<script> [6424 bytes]","args":[{"element-6066-11e4-a52e-4f735466cecf":"f.3CCCAE1BF6DABF28B2CD237E7015FC54.d.D5AF4D42614F79AD68C4595FCCB76C98.e.6942"},"getText",[]]}
COMMAND: POST /session/7c0d23d2c82578952ab84395f5814e56/execute/async - {"script":"<script> [1562 bytes]","args":[{"selector":{"controlType":"sap.m.ObjectStatus","viewName":"etm.portal.ui.webshop.view.RequestMaster","bindingPath":{"propertyPath":"STATUS_DESCRIPTION"}},"wdio_ui5_key":"etmportal.ui.webshop.view.RequestMastersap.m.ObjectStatus{\"propertyPath\":\"STATUS_DESCRIPTION\"}"}]}
RESULT: {"script":"<script> [1562 bytes]","args":[{"selector":{"controlType":"sap.m.ObjectStatus","viewName":"etm.portal.ui.webshop.view.RequestMaster","bindingPath":{"propertyPath":"STATUS_DESCRIPTION"}},"wdio_ui5_key":"etmportal.ui.webshop.view.RequestMastersap.m.ObjectStatus{\"propertyPath\":\"STATUS_DESCRIPTION\"}"}]}
COMMAND: POST /session/7c0d23d2c82578952ab84395f5814e56/execute/async - {"script":"<script> [6424 bytes]","args":[{"element-6066-11e4-a52e-4f735466cecf":"f.3CCCAE1BF6DABF28B2CD237E7015FC54.d.D5AF4D42614F79AD68C4595FCCB76C98.e.7004"},"getText",[]]}
RESULT: {"script":"<script> [6424 bytes]","args":[{"element-6066-11e4-a52e-4f735466cecf":"f.3CCCAE1BF6DABF28B2CD237E7015FC54.d.D5AF4D42614F79AD68C4595FCCB76C98.e.7004"},"getText",[]]}
COMMAND: POST /session/7c0d23d2c82578952ab84395f5814e56/element - {"using":"xpath","value":"//span[contains(@title ,\"Remove\")]"}
RESULT: {"using":"xpath","value":"//span[contains(@title ,\"Remove\")]"}
COMMAND: POST /session/7c0d23d2c82578952ab84395f5814e56/element/f.3CCCAE1BF6DABF28B2CD237E7015FC54.d.D5AF4D42614F79AD68C4595FCCB76C98.e.7007/click - {}
RESULT: {}
COMMAND: GET /session/7c0d23d2c82578952ab84395f5814e56/screenshot - {}
RESULT: {}
COMMAND: POST /session/7c0d23d2c82578952ab84395f5814e56/execute/async - {"script":"<script> [1562 bytes]","args":[{"selector":{"controlType":"sap.m.Button","viewName":"etm.portal.ui.webshop.view.RequestMaster","properties":{"text":"Filters (1)"},"interaction":{"idSuffix":"BDI-content"}},"wdio_ui5_key":"etmportal.ui.webshop.view.RequestMastersap.m.Button{\"text\":\"Filters (1)\"}"}]}
RESULT: {"script":"<script> [1562 bytes]","args":[{"selector":{"controlType":"sap.m.Button","viewName":"etm.portal.ui.webshop.view.RequestMaster","properties":{"text":"Filters (1)"},"interaction":{"idSuffix":"BDI-content"}},"wdio_ui5_key":"etmportal.ui.webshop.view.RequestMastersap.m.Button{\"text\":\"Filters (1)\"}"}]}
RESULT: undefined
COMMAND: POST /session/7c0d23d2c82578952ab84395f5814e56/element - {"using":"xpath","value":"//*[@id=\"__xmlview59--smartFilterBar-btnFilters\"]"}
RESULT: {"using":"xpath","value":"//*[@id=\"__xmlview59--smartFilterBar-btnFilters\"]"}
COMMAND: POST /session/7c0d23d2c82578952ab84395f5814e56/element/f.3CCCAE1BF6DABF28B2CD237E7015FC54.d.D5AF4D42614F79AD68C4595FCCB76C98.e.6825/click - {}
RESULT: {}
COMMAND: GET /session/7c0d23d2c82578952ab84395f5814e56/screenshot - {}
RESULT: {}
COMMAND: POST /session/7c0d23d2c82578952ab84395f5814e56/element - {"using":"xpath","value":"//input[contains(@id ,\"searchField-I\")]"}
RESULT: {"using":"xpath","value":"//input[contains(@id ,\"searchField-I\")]"}
COMMAND: POST /session/7c0d23d2c82578952ab84395f5814e56/element/f.3CCCAE1BF6DABF28B2CD237E7015FC54.d.D5AF4D42614F79AD68C4595FCCB76C98.e.7057/clear - {}
RESULT: {}
COMMAND: POST /session/7c0d23d2c82578952ab84395f5814e56/element/f.3CCCAE1BF6DABF28B2CD237E7015FC54.d.D5AF4D42614F79AD68C4595FCCB76C98.e.7057/value - {"text":"tags"}
COMMAND: GET /session/7c0d23d2c82578952ab84395f5814e56/screenshot - {}
RESULT: {"text":"tags"}
COMMAND: GET /session/7c0d23d2c82578952ab84395f5814e56/screenshot - {}
RESULT: {}
RESULT: {}
COMMAND: POST /session/7c0d23d2c82578952ab84395f5814e56/element - {"using":"xpath","value":"(//div[contains(@id ,\"selectMulti\")][@role=\"checkbox\"])[8]"}
RESULT: {"using":"xpath","value":"(//div[contains(@id ,\"selectMulti\")][@role=\"checkbox\"])[8]"}
COMMAND: POST /session/7c0d23d2c82578952ab84395f5814e56/element/f.3CCCAE1BF6DABF28B2CD237E7015FC54.d.D5AF4D42614F79AD68C4595FCCB76C98.e.7083/click - {}
RESULT: {}
COMMAND: GET /session/7c0d23d2c82578952ab84395f5814e56/screenshot - {}
RESULT: {}
COMMAND: POST /session/7c0d23d2c82578952ab84395f5814e56/execute/async - {"script":"<script> [1562 bytes]","args":[{"selector":{"controlType":"sap.m.Button","viewName":"etm.portal.ui.webshop.view.RequestMaster","properties":{"text":"OK"},"searchOpenDialogs":true,"interaction":{"idSuffix":"BDI-content"}},"wdio_ui5_key":"etmportal.ui.webshop.view.RequestMastersap.m.Button{\"text\":\"OK\"}"}]}
RESULT: {"script":"<script> [1562 bytes]","args":[{"selector":{"controlType":"sap.m.Button","viewName":"etm.portal.ui.webshop.view.RequestMaster","properties":{"text":"OK"},"searchOpenDialogs":true,"interaction":{"idSuffix":"BDI-content"}},"wdio_ui5_key":"etmportal.ui.webshop.view.RequestMastersap.m.Button{\"text\":\"OK\"}"}]}
RESULT: undefined
COMMAND: POST /session/7c0d23d2c82578952ab84395f5814e56/element - {"using":"xpath","value":"//*[@id=\"__xmlview59--smartFilterBar-adapt-filters-dialog-confirmBtn\"]"}
RESULT: {"using":"xpath","value":"//*[@id=\"__xmlview59--smartFilterBar-adapt-filters-dialog-confirmBtn\"]"}
COMMAND: POST /session/7c0d23d2c82578952ab84395f5814e56/element/f.3CCCAE1BF6DABF28B2CD237E7015FC54.d.D5AF4D42614F79AD68C4595FCCB76C98.e.7087/click - {}
RESULT: {}
COMMAND: GET /session/7c0d23d2c82578952ab84395f5814e56/screenshot - {}
RESULT: {}
COMMAND: POST /session/7c0d23d2c82578952ab84395f5814e56/element - {"using":"xpath","value":"//input[contains(@id ,\"smartFilterBar-filterItemControlA_-ALL_TAGS-inner\")]"}
RESULT: {"using":"xpath","value":"//input[contains(@id ,\"smartFilterBar-filterItemControlA_-ALL_TAGS-inner\")]"}
COMMAND: POST /session/7c0d23d2c82578952ab84395f5814e56/element/f.3CCCAE1BF6DABF28B2CD237E7015FC54.d.D5AF4D42614F79AD68C4595FCCB76C98.e.7095/clear - {}
RESULT: {}
COMMAND: POST /session/7c0d23d2c82578952ab84395f5814e56/element/f.3CCCAE1BF6DABF28B2CD237E7015FC54.d.D5AF4D42614F79AD68C4595FCCB76C98.e.7095/value - {"text":"tag1"}
COMMAND: GET /session/7c0d23d2c82578952ab84395f5814e56/screenshot - {}
RESULT: {"text":"tag1"}
COMMAND: GET /session/7c0d23d2c82578952ab84395f5814e56/screenshot - {}
RESULT: {}
RESULT: {}
COMMAND: POST /session/7c0d23d2c82578952ab84395f5814e56/actions - {"actions":[{"id":"action15","type":"key","parameters":{},"actions":[{"type":"keyDown","value":"î€‡"},{"type":"pause","duration":10},{"type":"keyUp","value":"î€‡"}]}]}
RESULT: {"actions":[{"id":"action15","type":"key","parameters":{},"actions":[{"type":"keyDown","value":"î€‡"},{"type":"pause","duration":10},{"type":"keyUp","value":"î€‡"}]}]}
COMMAND: GET /session/7c0d23d2c82578952ab84395f5814e56/screenshot - {}
RESULT: {}
RESULT: undefined
COMMAND: POST /session/7c0d23d2c82578952ab84395f5814e56/execute/async - {"script":"<script> [6424 bytes]","args":[{"element-6066-11e4-a52e-4f735466cecf":"f.3CCCAE1BF6DABF28B2CD237E7015FC54.d.D5AF4D42614F79AD68C4595FCCB76C98.e.6887"},"getText",[]]}
RESULT: {"script":"<script> [6424 bytes]","args":[{"element-6066-11e4-a52e-4f735466cecf":"f.3CCCAE1BF6DABF28B2CD237E7015FC54.d.D5AF4D42614F79AD68C4595FCCB76C98.e.6887"},"getText",[]]}
COMMAND: POST /session/7c0d23d2c82578952ab84395f5814e56/execute/async - {"script":"<script> [1562 bytes]","args":[{"selector":{"controlType":"sap.ui.core.Icon","viewName":"etm.portal.ui.webshop.view.RequestMaster","properties":{"src":{"regex":{"source":"action\\-settings"}}}},"wdio_ui5_key":"etmportal.ui.webshop.view.RequestMastersap.ui.core.Icon{\"src\":{\"regex\":{\"source\":\"action\\\\-settings\"}}}"}]}
RESULT: {"script":"<script> [1562 bytes]","args":[{"selector":{"controlType":"sap.ui.core.Icon","viewName":"etm.portal.ui.webshop.view.RequestMaster","properties":{"src":{"regex":{"source":"action\\-settings"}}}},"wdio_ui5_key":"etmportal.ui.webshop.view.RequestMastersap.ui.core.Icon{\"src\":{\"regex\":{\"source\":\"action\\\\-settings\"}}}"}]}
RESULT: undefined
COMMAND: POST /session/7c0d23d2c82578952ab84395f5814e56/element - {"using":"xpath","value":"//*[@id=\"__xmlview59--smartTable-btnPersonalisation-img\"]"}
RESULT: {"using":"xpath","value":"//*[@id=\"__xmlview59--smartTable-btnPersonalisation-img\"]"}
COMMAND: POST /session/7c0d23d2c82578952ab84395f5814e56/element/f.3CCCAE1BF6DABF28B2CD237E7015FC54.d.D5AF4D42614F79AD68C4595FCCB76C98.e.6848/click - {}
RESULT: {}
COMMAND: GET /session/7c0d23d2c82578952ab84395f5814e56/screenshot - {}
RESULT: {}
COMMAND: POST /session/7c0d23d2c82578952ab84395f5814e56/element - {"using":"xpath","value":"//input[contains(@id ,\"searchField-I\")]"}
RESULT: {"using":"xpath","value":"//input[contains(@id ,\"searchField-I\")]"}
COMMAND: POST /session/7c0d23d2c82578952ab84395f5814e56/element/f.3CCCAE1BF6DABF28B2CD237E7015FC54.d.D5AF4D42614F79AD68C4595FCCB76C98.e.7126/clear - {}
RESULT: {}
COMMAND: POST /session/7c0d23d2c82578952ab84395f5814e56/element/f.3CCCAE1BF6DABF28B2CD237E7015FC54.d.D5AF4D42614F79AD68C4595FCCB76C98.e.7126/value - {"text":"tags"}
COMMAND: GET /session/7c0d23d2c82578952ab84395f5814e56/screenshot - {}
RESULT: {"text":"tags"}
COMMAND: GET /session/7c0d23d2c82578952ab84395f5814e56/screenshot - {}
RESULT: {}
RESULT: {}
COMMAND: POST /session/7c0d23d2c82578952ab84395f5814e56/element - {"using":"xpath","value":"(//div[contains(@id ,\"selectMulti\")][@role=\"checkbox\"])[8]"}
RESULT: {"using":"xpath","value":"(//div[contains(@id ,\"selectMulti\")][@role=\"checkbox\"])[8]"}
COMMAND: POST /session/7c0d23d2c82578952ab84395f5814e56/element/f.3CCCAE1BF6DABF28B2CD237E7015FC54.d.D5AF4D42614F79AD68C4595FCCB76C98.e.7192/click - {}
RESULT: {}
COMMAND: GET /session/7c0d23d2c82578952ab84395f5814e56/screenshot - {}
RESULT: {}
COMMAND: POST /session/7c0d23d2c82578952ab84395f5814e56/element - {"using":"xpath","value":"//div[contains(@id ,\"searchField-reset\")]"}
RESULT: {"using":"xpath","value":"//div[contains(@id ,\"searchField-reset\")]"}
COMMAND: POST /session/7c0d23d2c82578952ab84395f5814e56/element - {"using":"xpath","value":"//input[contains(@id ,\"searchField-I\")]"}
RESULT: {"using":"xpath","value":"//input[contains(@id ,\"searchField-I\")]"}
COMMAND: POST /session/7c0d23d2c82578952ab84395f5814e56/element/f.3CCCAE1BF6DABF28B2CD237E7015FC54.d.D5AF4D42614F79AD68C4595FCCB76C98.e.7126/clear - {}
RESULT: {}
COMMAND: POST /session/7c0d23d2c82578952ab84395f5814e56/element/f.3CCCAE1BF6DABF28B2CD237E7015FC54.d.D5AF4D42614F79AD68C4595FCCB76C98.e.7126/value - {"text":"status"}
COMMAND: GET /session/7c0d23d2c82578952ab84395f5814e56/screenshot - {}
RESULT: {"text":"status"}
COMMAND: GET /session/7c0d23d2c82578952ab84395f5814e56/screenshot - {}
RESULT: {}
RESULT: {}
COMMAND: POST /session/7c0d23d2c82578952ab84395f5814e56/element - {"using":"xpath","value":"(//div[contains(@id ,\"selectMulti\")][@role=\"checkbox\"])[8]"}
RESULT: {"using":"xpath","value":"(//div[contains(@id ,\"selectMulti\")][@role=\"checkbox\"])[8]"}
COMMAND: POST /session/7c0d23d2c82578952ab84395f5814e56/element/f.3CCCAE1BF6DABF28B2CD237E7015FC54.d.D5AF4D42614F79AD68C4595FCCB76C98.e.7192/click - {}
RESULT: {}
COMMAND: GET /session/7c0d23d2c82578952ab84395f5814e56/screenshot - {}
RESULT: {}
COMMAND: POST /session/7c0d23d2c82578952ab84395f5814e56/element - {"using":"xpath","value":"//bdi[contains(@id ,\"confirmBtn-BDI-content\")]"}
RESULT: {"using":"xpath","value":"//bdi[contains(@id ,\"confirmBtn-BDI-content\")]"}
COMMAND: POST /session/7c0d23d2c82578952ab84395f5814e56/element/f.3CCCAE1BF6DABF28B2CD237E7015FC54.d.D5AF4D42614F79AD68C4595FCCB76C98.e.7205/click - {}
RESULT: {}
COMMAND: GET /session/7c0d23d2c82578952ab84395f5814e56/screenshot - {}
RESULT: {}
COMMAND: POST /session/7c0d23d2c82578952ab84395f5814e56/element - {"using":"xpath","value":"(//span[contains(text(), \"Status\")])[2]"}
RESULT: {"using":"xpath","value":"(//span[contains(text(), \"Status\")])[2]"}
COMMAND: POST /session/7c0d23d2c82578952ab84395f5814e56/element - {"using":"xpath","value":"(//span[contains(text(), \"Status\")])[2]"}
RESULT: {"using":"xpath","value":"(//span[contains(text(), \"Status\")])[2]"}
COMMAND: POST /session/7c0d23d2c82578952ab84395f5814e56/element - {"using":"xpath","value":"(//bdi[contains(text(), \"Tags\")])[2]"}
RESULT: {"using":"xpath","value":"(//bdi[contains(text(), \"Tags\")])[2]"}
COMMAND: POST /session/7c0d23d2c82578952ab84395f5814e56/execute/sync - {"script":"<script> [8489 bytes]","args":[{"element-6066-11e4-a52e-4f735466cecf":"f.3CCCAE1BF6DABF28B2CD237E7015FC54.d.D5AF4D42614F79AD68C4595FCCB76C98.e.7212","ELEMENT":"f.3CCCAE1BF6DABF28B2CD237E7015FC54.d.D5AF4D42614F79AD68C4595FCCB76C98.e.7212"}]}
RESULT: {"script":"<script> [8489 bytes]","args":[{"element-6066-11e4-a52e-4f735466cecf":"f.3CCCAE1BF6DABF28B2CD237E7015FC54.d.D5AF4D42614F79AD68C4595FCCB76C98.e.7212","ELEMENT":"f.3CCCAE1BF6DABF28B2CD237E7015FC54.d.D5AF4D42614F79AD68C4595FCCB76C98.e.7212"}]}
COMMAND: POST /session/7c0d23d2c82578952ab84395f5814e56/element - {"using":"xpath","value":"//span[contains(@title ,\"Remove\")]"}
COMMAND: GET /session/7c0d23d2c82578952ab84395f5814e56/screenshot - {}
RESULT: {"using":"xpath","value":"//span[contains(@title ,\"Remove\")]"}
COMMAND: POST /session/7c0d23d2c82578952ab84395f5814e56/element/f.3CCCAE1BF6DABF28B2CD237E7015FC54.d.D5AF4D42614F79AD68C4595FCCB76C98.e.7213/click - {}
RESULT: {}
RESULT: {}
COMMAND: GET /session/7c0d23d2c82578952ab84395f5814e56/screenshot - {}
RESULT: {}
]]></system-out>
    </testcase>
    <testcase classname="chrome.137_0_7151_56.windows._Webshop_-_Request_management_-_Verifying_the_Master_List_-_Filtering_/Sorting_-_Deleting_-_Creating_US151314" name="Should verify the delete button and the requestor filter visibility on each tab" time="24.376">
      <system-out><![CDATA[
COMMAND: POST /session/7c0d23d2c82578952ab84395f5814e56/element - {"using":"xpath","value":"//button[contains(@id ,\"btnDeleteRequest\")]"}
RESULT: {"using":"xpath","value":"//button[contains(@id ,\"btnDeleteRequest\")]"}
COMMAND: POST /session/7c0d23d2c82578952ab84395f5814e56/element - {"using":"xpath","value":"//bdi[contains(@id ,\"INTERNAL_-REQUESTOR-bdi\")]"}
RESULT: {"using":"xpath","value":"//bdi[contains(@id ,\"INTERNAL_-REQUESTOR-bdi\")]"}
COMMAND: POST /session/7c0d23d2c82578952ab84395f5814e56/element - {"using":"xpath","value":"//button[contains(@id ,\"btnDeleteRequest\")]"}
RESULT: {"using":"xpath","value":"//button[contains(@id ,\"btnDeleteRequest\")]"}
COMMAND: POST /session/7c0d23d2c82578952ab84395f5814e56/execute/sync - {"script":"<script> [8489 bytes]","args":[{"element-6066-11e4-a52e-4f735466cecf":"f.3CCCAE1BF6DABF28B2CD237E7015FC54.d.D5AF4D42614F79AD68C4595FCCB76C98.e.7236","ELEMENT":"f.3CCCAE1BF6DABF28B2CD237E7015FC54.d.D5AF4D42614F79AD68C4595FCCB76C98.e.7236"}]}
RESULT: {"script":"<script> [8489 bytes]","args":[{"element-6066-11e4-a52e-4f735466cecf":"f.3CCCAE1BF6DABF28B2CD237E7015FC54.d.D5AF4D42614F79AD68C4595FCCB76C98.e.7236","ELEMENT":"f.3CCCAE1BF6DABF28B2CD237E7015FC54.d.D5AF4D42614F79AD68C4595FCCB76C98.e.7236"}]}
COMMAND: GET /session/7c0d23d2c82578952ab84395f5814e56/screenshot - {}
RESULT: {}
COMMAND: POST /session/7c0d23d2c82578952ab84395f5814e56/element - {"using":"xpath","value":"(//span[contains(text(), \"Draft\")])[1]"}
RESULT: {"using":"xpath","value":"(//span[contains(text(), \"Draft\")])[1]"}
COMMAND: POST /session/7c0d23d2c82578952ab84395f5814e56/element/f.3CCCAE1BF6DABF28B2CD237E7015FC54.d.D5AF4D42614F79AD68C4595FCCB76C98.e.7239/click - {}
RESULT: {}
COMMAND: GET /session/7c0d23d2c82578952ab84395f5814e56/screenshot - {}
RESULT: {}
COMMAND: POST /session/7c0d23d2c82578952ab84395f5814e56/element - {"using":"xpath","value":"//button[contains(@id ,\"btnDeleteRequest\")]"}
RESULT: {"using":"xpath","value":"//button[contains(@id ,\"btnDeleteRequest\")]"}
COMMAND: POST /session/7c0d23d2c82578952ab84395f5814e56/execute/sync - {"script":"<script> [8489 bytes]","args":[{"element-6066-11e4-a52e-4f735466cecf":"f.3CCCAE1BF6DABF28B2CD237E7015FC54.d.D5AF4D42614F79AD68C4595FCCB76C98.e.7271","ELEMENT":"f.3CCCAE1BF6DABF28B2CD237E7015FC54.d.D5AF4D42614F79AD68C4595FCCB76C98.e.7271"}]}
RESULT: {"script":"<script> [8489 bytes]","args":[{"element-6066-11e4-a52e-4f735466cecf":"f.3CCCAE1BF6DABF28B2CD237E7015FC54.d.D5AF4D42614F79AD68C4595FCCB76C98.e.7271","ELEMENT":"f.3CCCAE1BF6DABF28B2CD237E7015FC54.d.D5AF4D42614F79AD68C4595FCCB76C98.e.7271"}]}
COMMAND: POST /session/7c0d23d2c82578952ab84395f5814e56/execute/sync - {"script":"<script> [8489 bytes]","args":[{"element-6066-11e4-a52e-4f735466cecf":"f.3CCCAE1BF6DABF28B2CD237E7015FC54.d.D5AF4D42614F79AD68C4595FCCB76C98.e.7236","ELEMENT":"f.3CCCAE1BF6DABF28B2CD237E7015FC54.d.D5AF4D42614F79AD68C4595FCCB76C98.e.7236"}]}
COMMAND: GET /session/7c0d23d2c82578952ab84395f5814e56/screenshot - {}
COMMAND: POST /session/7c0d23d2c82578952ab84395f5814e56/element - {"using":"xpath","value":"//bdi[contains(@id ,\"INTERNAL_-REQUESTOR-bdi\")]"}
RESULT: {}
RESULT: {"using":"xpath","value":"//bdi[contains(@id ,\"INTERNAL_-REQUESTOR-bdi\")]"}
COMMAND: POST /session/7c0d23d2c82578952ab84395f5814e56/element - {"using":"xpath","value":"//bdi[contains(@id ,\"INTERNAL_-REQUESTOR-bdi\")]"}
RESULT: {"using":"xpath","value":"//bdi[contains(@id ,\"INTERNAL_-REQUESTOR-bdi\")]"}
COMMAND: POST /session/7c0d23d2c82578952ab84395f5814e56/element - {"using":"xpath","value":"(//span[contains(text(), \"Proposal\")])[1]"}
RESULT: {"using":"xpath","value":"(//span[contains(text(), \"Proposal\")])[1]"}
COMMAND: POST /session/7c0d23d2c82578952ab84395f5814e56/element/f.3CCCAE1BF6DABF28B2CD237E7015FC54.d.D5AF4D42614F79AD68C4595FCCB76C98.e.7350/click - {}
RESULT: {}
COMMAND: GET /session/7c0d23d2c82578952ab84395f5814e56/screenshot - {}
RESULT: {}
COMMAND: POST /session/7c0d23d2c82578952ab84395f5814e56/execute/sync - {"script":"<script> [8489 bytes]","args":[{"element-6066-11e4-a52e-4f735466cecf":"f.3CCCAE1BF6DABF28B2CD237E7015FC54.d.D5AF4D42614F79AD68C4595FCCB76C98.e.7271","ELEMENT":"f.3CCCAE1BF6DABF28B2CD237E7015FC54.d.D5AF4D42614F79AD68C4595FCCB76C98.e.7271"}]}
RESULT: {"script":"<script> [8489 bytes]","args":[{"element-6066-11e4-a52e-4f735466cecf":"f.3CCCAE1BF6DABF28B2CD237E7015FC54.d.D5AF4D42614F79AD68C4595FCCB76C98.e.7271","ELEMENT":"f.3CCCAE1BF6DABF28B2CD237E7015FC54.d.D5AF4D42614F79AD68C4595FCCB76C98.e.7271"}]}
COMMAND: POST /session/7c0d23d2c82578952ab84395f5814e56/element - {"using":"xpath","value":"//bdi[contains(@id ,\"INTERNAL_-REQUESTOR-bdi\")]"}
COMMAND: GET /session/7c0d23d2c82578952ab84395f5814e56/screenshot - {}
RESULT: {"using":"xpath","value":"//bdi[contains(@id ,\"INTERNAL_-REQUESTOR-bdi\")]"}
COMMAND: POST /session/7c0d23d2c82578952ab84395f5814e56/execute/sync - {"script":"<script> [8489 bytes]","args":[{"element-6066-11e4-a52e-4f735466cecf":"f.3CCCAE1BF6DABF28B2CD237E7015FC54.d.D5AF4D42614F79AD68C4595FCCB76C98.e.7427","ELEMENT":"f.3CCCAE1BF6DABF28B2CD237E7015FC54.d.D5AF4D42614F79AD68C4595FCCB76C98.e.7427"}]}
RESULT: {}
RESULT: {"script":"<script> [8489 bytes]","args":[{"element-6066-11e4-a52e-4f735466cecf":"f.3CCCAE1BF6DABF28B2CD237E7015FC54.d.D5AF4D42614F79AD68C4595FCCB76C98.e.7427","ELEMENT":"f.3CCCAE1BF6DABF28B2CD237E7015FC54.d.D5AF4D42614F79AD68C4595FCCB76C98.e.7427"}]}
COMMAND: POST /session/7c0d23d2c82578952ab84395f5814e56/element - {"using":"xpath","value":"(//span[contains(text(), \"Open\")])[1]"}
COMMAND: GET /session/7c0d23d2c82578952ab84395f5814e56/screenshot - {}
RESULT: {"using":"xpath","value":"(//span[contains(text(), \"Open\")])[1]"}
COMMAND: POST /session/7c0d23d2c82578952ab84395f5814e56/element/f.3CCCAE1BF6DABF28B2CD237E7015FC54.d.D5AF4D42614F79AD68C4595FCCB76C98.e.7428/click - {}
RESULT: {}
RESULT: {}
COMMAND: GET /session/7c0d23d2c82578952ab84395f5814e56/screenshot - {}
COMMAND: POST /session/7c0d23d2c82578952ab84395f5814e56/execute/sync - {"script":"<script> [8489 bytes]","args":[{"element-6066-11e4-a52e-4f735466cecf":"f.3CCCAE1BF6DABF28B2CD237E7015FC54.d.D5AF4D42614F79AD68C4595FCCB76C98.e.7271","ELEMENT":"f.3CCCAE1BF6DABF28B2CD237E7015FC54.d.D5AF4D42614F79AD68C4595FCCB76C98.e.7271"}]}
RESULT: {}
COMMAND: POST /session/7c0d23d2c82578952ab84395f5814e56/element - {"using":"xpath","value":"//button[contains(@id ,\"btnDeleteRequest\")]"}
RESULT: {"using":"xpath","value":"//button[contains(@id ,\"btnDeleteRequest\")]"}
COMMAND: POST /session/7c0d23d2c82578952ab84395f5814e56/element - {"using":"xpath","value":"//button[contains(@id ,\"btnDeleteRequest\")]"}
RESULT: {"using":"xpath","value":"//button[contains(@id ,\"btnDeleteRequest\")]"}
COMMAND: POST /session/7c0d23d2c82578952ab84395f5814e56/execute/sync - {"script":"<script> [8489 bytes]","args":[{"element-6066-11e4-a52e-4f735466cecf":"f.3CCCAE1BF6DABF28B2CD237E7015FC54.d.D5AF4D42614F79AD68C4595FCCB76C98.e.7427","ELEMENT":"f.3CCCAE1BF6DABF28B2CD237E7015FC54.d.D5AF4D42614F79AD68C4595FCCB76C98.e.7427"}]}
RESULT: {"script":"<script> [8489 bytes]","args":[{"element-6066-11e4-a52e-4f735466cecf":"f.3CCCAE1BF6DABF28B2CD237E7015FC54.d.D5AF4D42614F79AD68C4595FCCB76C98.e.7427","ELEMENT":"f.3CCCAE1BF6DABF28B2CD237E7015FC54.d.D5AF4D42614F79AD68C4595FCCB76C98.e.7427"}]}
COMMAND: POST /session/7c0d23d2c82578952ab84395f5814e56/element - {"using":"xpath","value":"//li[contains(@data-kt ,\"exitWebshopNavigationListItem\")]"}
COMMAND: GET /session/7c0d23d2c82578952ab84395f5814e56/screenshot - {}
RESULT: {"using":"xpath","value":"//li[contains(@data-kt ,\"exitWebshopNavigationListItem\")]"}
COMMAND: POST /session/7c0d23d2c82578952ab84395f5814e56/element/f.3CCCAE1BF6DABF28B2CD237E7015FC54.d.D5AF4D42614F79AD68C4595FCCB76C98.e.7444/click - {}
RESULT: {}
RESULT: {}
COMMAND: GET /session/7c0d23d2c82578952ab84395f5814e56/screenshot - {}
RESULT: {}
]]></system-out>
    </testcase>
  </testsuite>
  <testsuite timestamp="2025-06-05T16:33:42" time="233.207" tests="1" failures="1" errors="1" skipped="0">
    <properties>
      <property name="specId" value="0" />
      <property name="suiteName" value="Webshop edit draft change dates pickup and delete items  US151281" />
      <property name="capabilities" value="chrome.137_0_7151_56.windows" />
      <property name="file" value="file:///D:/a/1/s/test/specs/R2C/webshop-edit-draft-dates-pickup-delete-items.spec.js" />
    </properties>
  </testsuite>
  <testsuite timestamp="2025-06-05T16:37:35" time="59.578" tests="1" failures="1" errors="1" skipped="0">
    <properties>
      <property name="specId" value="0" />
      <property name="suiteName" value="Webshop - download csv and pdf - set to proposal and submit a request" />
      <property name="capabilities" value="chrome.137_0_7151_56.windows" />
      <property name="file" value="file:///D:/a/1/s/test/specs/R2C/download-set-to-proposal-and-submit-a-request.spec.js" />
    </properties>
  </testsuite>
</testsuites>