<?xml version="1.0" encoding="UTF-8"?>
<testsuites tests="37" failures="15" errors="15" skipped="22">
  <testsuite timestamp="2025-05-08T17:32:07" time="2089.906" tests="33" failures="11" errors="11" skipped="22">
    <properties>
      <property name="specId" value="0" />
      <property name="suiteName" value="Partner specific tests US150819 US151080 US151654 US151176 US103444 US151078 US151079 US151109 US151174 US151175 US151189" />
      <property name="capabilities" value="chrome.136_0_7103_49.windows" />
      <property name="file" value="file:///D:/a/1/s/test/specs/BTS/manage-partners.spec.js" />
    </properties>
    <testcase classname="chrome.136_0_7103_49.windows.Partner_specific_tests_US150819_US151080_US151654_US151176_US103444_US151078_US151079_US151109_US151174_US151175_US151189" name="Should create a new yard prerequisite" time="69.954">
      <skipped />
      <system-out><![CDATA[
COMMAND: POST /session/238fc7fdfbc7ddd3047b28b6e8a40f5c/window/fullscreen - {}
RESULT: {}
COMMAND: POST /session/238fc7fdfbc7ddd3047b28b6e8a40f5c/element - {"using":"xpath","value":"//li[.//span[text()=\"Manage Partners\"]]"}
RESULT: {"using":"xpath","value":"//li[.//span[text()=\"Manage Partners\"]]"}
COMMAND: POST /session/238fc7fdfbc7ddd3047b28b6e8a40f5c/element - {"using":"xpath","value":"//li[.//span[text()=\"Manage Partners\"]]"}
RESULT: {"using":"xpath","value":"//li[.//span[text()=\"Manage Partners\"]]"}
COMMAND: POST /session/238fc7fdfbc7ddd3047b28b6e8a40f5c/element - {"using":"css selector","value":"#shell-header-logo"}
RESULT: {"using":"css selector","value":"#shell-header-logo"}
COMMAND: POST /session/238fc7fdfbc7ddd3047b28b6e8a40f5c/element/f.EAD3BD8A607B3C6B0F6571D6E04F04B4.d.7BA4A0B2CE5E3B51676170DEA9A017EC.e.273/click - {}
COMMAND: POST /session/238fc7fdfbc7ddd3047b28b6e8a40f5c/execute/sync - {"script":"<script> [8489 bytes]","args":[{"element-6066-11e4-a52e-4f735466cecf":"f.EAD3BD8A607B3C6B0F6571D6E04F04B4.d.7BA4A0B2CE5E3B51676170DEA9A017EC.e.273","ELEMENT":"f.EAD3BD8A607B3C6B0F6571D6E04F04B4.d.7BA4A0B2CE5E3B51676170DEA9A017EC.e.273"}]}
RESULT: {}
COMMAND: GET /session/238fc7fdfbc7ddd3047b28b6e8a40f5c/screenshot - {}
RESULT: {"script":"<script> [8489 bytes]","args":[{"element-6066-11e4-a52e-4f735466cecf":"f.EAD3BD8A607B3C6B0F6571D6E04F04B4.d.7BA4A0B2CE5E3B51676170DEA9A017EC.e.273","ELEMENT":"f.EAD3BD8A607B3C6B0F6571D6E04F04B4.d.7BA4A0B2CE5E3B51676170DEA9A017EC.e.273"}]}
COMMAND: POST /session/238fc7fdfbc7ddd3047b28b6e8a40f5c/execute/sync - {"script":"<script> [5351 bytes]","args":[{"element-6066-11e4-a52e-4f735466cecf":"f.EAD3BD8A607B3C6B0F6571D6E04F04B4.d.7BA4A0B2CE5E3B51676170DEA9A017EC.e.273","ELEMENT":"f.EAD3BD8A607B3C6B0F6571D6E04F04B4.d.7BA4A0B2CE5E3B51676170DEA9A017EC.e.273"}]}
COMMAND: GET /session/238fc7fdfbc7ddd3047b28b6e8a40f5c/screenshot - {}
RESULT: {}
RESULT: {"script":"<script> [5351 bytes]","args":[{"element-6066-11e4-a52e-4f735466cecf":"f.EAD3BD8A607B3C6B0F6571D6E04F04B4.d.7BA4A0B2CE5E3B51676170DEA9A017EC.e.273","ELEMENT":"f.EAD3BD8A607B3C6B0F6571D6E04F04B4.d.7BA4A0B2CE5E3B51676170DEA9A017EC.e.273"}]}
COMMAND: GET /session/238fc7fdfbc7ddd3047b28b6e8a40f5c/screenshot - {}
RESULT: {}
RESULT: {}
COMMAND: POST /session/238fc7fdfbc7ddd3047b28b6e8a40f5c/execute/async - {"script":"<script> [1562 bytes]","args":[{"selector":{"controlType":"sap.m.GenericTile","properties":{"header":"Manage Yards"}},"wdio_ui5_key":"sapm.GenericTile{\"header\":\"Manage Yards\"}"}]}
RESULT: {"script":"<script> [1562 bytes]","args":[{"selector":{"controlType":"sap.m.GenericTile","properties":{"header":"Manage Yards"}},"wdio_ui5_key":"sapm.GenericTile{\"header\":\"Manage Yards\"}"}]}
RESULT: undefined
COMMAND: POST /session/238fc7fdfbc7ddd3047b28b6e8a40f5c/element - {"using":"xpath","value":"//*[@id=\"__tile41\"]"}
RESULT: {"using":"xpath","value":"//*[@id=\"__tile41\"]"}
COMMAND: POST /session/238fc7fdfbc7ddd3047b28b6e8a40f5c/element/f.EAD3BD8A607B3C6B0F6571D6E04F04B4.d.7BA4A0B2CE5E3B51676170DEA9A017EC.e.170/click - {}
RESULT: {}
COMMAND: POST /session/238fc7fdfbc7ddd3047b28b6e8a40f5c/element - {"using":"xpath","value":"//button[@data-kt=\"addNewYardOverflowToolbarButton\"]"}
COMMAND: GET /session/238fc7fdfbc7ddd3047b28b6e8a40f5c/screenshot - {}
RESULT: {"using":"xpath","value":"//button[@data-kt=\"addNewYardOverflowToolbarButton\"]"}
COMMAND: POST /session/238fc7fdfbc7ddd3047b28b6e8a40f5c/elements - {"using":"xpath","value":"//button[@data-kt=\"addNewYardOverflowToolbarButton\"]"}
RESULT: {}
RESULT: {"using":"xpath","value":"//button[@data-kt=\"addNewYardOverflowToolbarButton\"]"}
COMMAND: POST /session/238fc7fdfbc7ddd3047b28b6e8a40f5c/elements - {"using":"xpath","value":"//button[@data-kt=\"addNewYardOverflowToolbarButton\"]"}
RESULT: {"using":"xpath","value":"//button[@data-kt=\"addNewYardOverflowToolbarButton\"]"}
COMMAND: POST /session/238fc7fdfbc7ddd3047b28b6e8a40f5c/elements - {"using":"xpath","value":"//button[@data-kt=\"addNewYardOverflowToolbarButton\"]"}
RESULT: {"using":"xpath","value":"//button[@data-kt=\"addNewYardOverflowToolbarButton\"]"}
COMMAND: POST /session/238fc7fdfbc7ddd3047b28b6e8a40f5c/elements - {"using":"xpath","value":"//button[@data-kt=\"addNewYardOverflowToolbarButton\"]"}
RESULT: {"using":"xpath","value":"//button[@data-kt=\"addNewYardOverflowToolbarButton\"]"}
COMMAND: POST /session/238fc7fdfbc7ddd3047b28b6e8a40f5c/elements - {"using":"xpath","value":"//button[@data-kt=\"addNewYardOverflowToolbarButton\"]"}
RESULT: {"using":"xpath","value":"//button[@data-kt=\"addNewYardOverflowToolbarButton\"]"}
COMMAND: POST /session/238fc7fdfbc7ddd3047b28b6e8a40f5c/elements - {"using":"xpath","value":"//button[@data-kt=\"addNewYardOverflowToolbarButton\"]"}
RESULT: {"using":"xpath","value":"//button[@data-kt=\"addNewYardOverflowToolbarButton\"]"}
COMMAND: POST /session/238fc7fdfbc7ddd3047b28b6e8a40f5c/elements - {"using":"xpath","value":"//button[@data-kt=\"addNewYardOverflowToolbarButton\"]"}
RESULT: {"using":"xpath","value":"//button[@data-kt=\"addNewYardOverflowToolbarButton\"]"}
COMMAND: POST /session/238fc7fdfbc7ddd3047b28b6e8a40f5c/elements - {"using":"xpath","value":"//button[@data-kt=\"addNewYardOverflowToolbarButton\"]"}
RESULT: {"using":"xpath","value":"//button[@data-kt=\"addNewYardOverflowToolbarButton\"]"}
COMMAND: POST /session/238fc7fdfbc7ddd3047b28b6e8a40f5c/elements - {"using":"xpath","value":"//button[@data-kt=\"addNewYardOverflowToolbarButton\"]"}
RESULT: {"using":"xpath","value":"//button[@data-kt=\"addNewYardOverflowToolbarButton\"]"}
COMMAND: POST /session/238fc7fdfbc7ddd3047b28b6e8a40f5c/elements - {"using":"xpath","value":"//button[@data-kt=\"addNewYardOverflowToolbarButton\"]"}
RESULT: {"using":"xpath","value":"//button[@data-kt=\"addNewYardOverflowToolbarButton\"]"}
COMMAND: POST /session/238fc7fdfbc7ddd3047b28b6e8a40f5c/elements - {"using":"xpath","value":"//button[@data-kt=\"addNewYardOverflowToolbarButton\"]"}
RESULT: {"using":"xpath","value":"//button[@data-kt=\"addNewYardOverflowToolbarButton\"]"}
COMMAND: POST /session/238fc7fdfbc7ddd3047b28b6e8a40f5c/elements - {"using":"xpath","value":"//button[@data-kt=\"addNewYardOverflowToolbarButton\"]"}
RESULT: {"using":"xpath","value":"//button[@data-kt=\"addNewYardOverflowToolbarButton\"]"}
COMMAND: POST /session/238fc7fdfbc7ddd3047b28b6e8a40f5c/elements - {"using":"xpath","value":"//button[@data-kt=\"addNewYardOverflowToolbarButton\"]"}
RESULT: {"using":"xpath","value":"//button[@data-kt=\"addNewYardOverflowToolbarButton\"]"}
COMMAND: POST /session/238fc7fdfbc7ddd3047b28b6e8a40f5c/elements - {"using":"xpath","value":"//button[@data-kt=\"addNewYardOverflowToolbarButton\"]"}
RESULT: {"using":"xpath","value":"//button[@data-kt=\"addNewYardOverflowToolbarButton\"]"}
COMMAND: POST /session/238fc7fdfbc7ddd3047b28b6e8a40f5c/elements - {"using":"xpath","value":"//button[@data-kt=\"addNewYardOverflowToolbarButton\"]"}
RESULT: {"using":"xpath","value":"//button[@data-kt=\"addNewYardOverflowToolbarButton\"]"}
COMMAND: POST /session/238fc7fdfbc7ddd3047b28b6e8a40f5c/elements - {"using":"xpath","value":"//button[@data-kt=\"addNewYardOverflowToolbarButton\"]"}
RESULT: {"using":"xpath","value":"//button[@data-kt=\"addNewYardOverflowToolbarButton\"]"}
COMMAND: POST /session/238fc7fdfbc7ddd3047b28b6e8a40f5c/elements - {"using":"xpath","value":"//button[@data-kt=\"addNewYardOverflowToolbarButton\"]"}
RESULT: {"using":"xpath","value":"//button[@data-kt=\"addNewYardOverflowToolbarButton\"]"}
COMMAND: POST /session/238fc7fdfbc7ddd3047b28b6e8a40f5c/elements - {"using":"xpath","value":"//button[@data-kt=\"addNewYardOverflowToolbarButton\"]"}
RESULT: {"using":"xpath","value":"//button[@data-kt=\"addNewYardOverflowToolbarButton\"]"}
COMMAND: POST /session/238fc7fdfbc7ddd3047b28b6e8a40f5c/elements - {"using":"xpath","value":"//button[@data-kt=\"addNewYardOverflowToolbarButton\"]"}
RESULT: {"using":"xpath","value":"//button[@data-kt=\"addNewYardOverflowToolbarButton\"]"}
COMMAND: POST /session/238fc7fdfbc7ddd3047b28b6e8a40f5c/elements - {"using":"xpath","value":"//button[@data-kt=\"addNewYardOverflowToolbarButton\"]"}
RESULT: {"using":"xpath","value":"//button[@data-kt=\"addNewYardOverflowToolbarButton\"]"}
COMMAND: POST /session/238fc7fdfbc7ddd3047b28b6e8a40f5c/elements - {"using":"xpath","value":"//button[@data-kt=\"addNewYardOverflowToolbarButton\"]"}
RESULT: {"using":"xpath","value":"//button[@data-kt=\"addNewYardOverflowToolbarButton\"]"}
COMMAND: POST /session/238fc7fdfbc7ddd3047b28b6e8a40f5c/elements - {"using":"xpath","value":"//button[@data-kt=\"addNewYardOverflowToolbarButton\"]"}
RESULT: {"using":"xpath","value":"//button[@data-kt=\"addNewYardOverflowToolbarButton\"]"}
COMMAND: POST /session/238fc7fdfbc7ddd3047b28b6e8a40f5c/element - {"using":"xpath","value":"//button[@data-kt=\"addNewYardOverflowToolbarButton\"]"}
RESULT: {"using":"xpath","value":"//button[@data-kt=\"addNewYardOverflowToolbarButton\"]"}
COMMAND: POST /session/238fc7fdfbc7ddd3047b28b6e8a40f5c/execute/sync - {"script":"<script> [8489 bytes]","args":[{"element-6066-11e4-a52e-4f735466cecf":"f.EAD3BD8A607B3C6B0F6571D6E04F04B4.d.7BA4A0B2CE5E3B51676170DEA9A017EC.e.308","ELEMENT":"f.EAD3BD8A607B3C6B0F6571D6E04F04B4.d.7BA4A0B2CE5E3B51676170DEA9A017EC.e.308"}]}
RESULT: {"script":"<script> [8489 bytes]","args":[{"element-6066-11e4-a52e-4f735466cecf":"f.EAD3BD8A607B3C6B0F6571D6E04F04B4.d.7BA4A0B2CE5E3B51676170DEA9A017EC.e.308","ELEMENT":"f.EAD3BD8A607B3C6B0F6571D6E04F04B4.d.7BA4A0B2CE5E3B51676170DEA9A017EC.e.308"}]}
COMMAND: GET /session/238fc7fdfbc7ddd3047b28b6e8a40f5c/element/f.EAD3BD8A607B3C6B0F6571D6E04F04B4.d.7BA4A0B2CE5E3B51676170DEA9A017EC.e.308/enabled - {}
COMMAND: GET /session/238fc7fdfbc7ddd3047b28b6e8a40f5c/screenshot - {}
RESULT: {}
COMMAND: POST /session/238fc7fdfbc7ddd3047b28b6e8a40f5c/execute/sync - {"script":"<script> [8489 bytes]","args":[{"element-6066-11e4-a52e-4f735466cecf":"f.EAD3BD8A607B3C6B0F6571D6E04F04B4.d.7BA4A0B2CE5E3B51676170DEA9A017EC.e.308","ELEMENT":"f.EAD3BD8A607B3C6B0F6571D6E04F04B4.d.7BA4A0B2CE5E3B51676170DEA9A017EC.e.308"}]}
COMMAND: GET /session/238fc7fdfbc7ddd3047b28b6e8a40f5c/screenshot - {}
RESULT: {}
RESULT: {"script":"<script> [8489 bytes]","args":[{"element-6066-11e4-a52e-4f735466cecf":"f.EAD3BD8A607B3C6B0F6571D6E04F04B4.d.7BA4A0B2CE5E3B51676170DEA9A017EC.e.308","ELEMENT":"f.EAD3BD8A607B3C6B0F6571D6E04F04B4.d.7BA4A0B2CE5E3B51676170DEA9A017EC.e.308"}]}
COMMAND: POST /session/238fc7fdfbc7ddd3047b28b6e8a40f5c/execute/sync - {"script":"<script> [5351 bytes]","args":[{"element-6066-11e4-a52e-4f735466cecf":"f.EAD3BD8A607B3C6B0F6571D6E04F04B4.d.7BA4A0B2CE5E3B51676170DEA9A017EC.e.308","ELEMENT":"f.EAD3BD8A607B3C6B0F6571D6E04F04B4.d.7BA4A0B2CE5E3B51676170DEA9A017EC.e.308"}]}
COMMAND: GET /session/238fc7fdfbc7ddd3047b28b6e8a40f5c/screenshot - {}
RESULT: {}
RESULT: {"script":"<script> [5351 bytes]","args":[{"element-6066-11e4-a52e-4f735466cecf":"f.EAD3BD8A607B3C6B0F6571D6E04F04B4.d.7BA4A0B2CE5E3B51676170DEA9A017EC.e.308","ELEMENT":"f.EAD3BD8A607B3C6B0F6571D6E04F04B4.d.7BA4A0B2CE5E3B51676170DEA9A017EC.e.308"}]}
COMMAND: GET /session/238fc7fdfbc7ddd3047b28b6e8a40f5c/screenshot - {}
COMMAND: POST /session/238fc7fdfbc7ddd3047b28b6e8a40f5c/execute/sync - {"script":"<script> [8489 bytes]","args":[{"element-6066-11e4-a52e-4f735466cecf":"f.EAD3BD8A607B3C6B0F6571D6E04F04B4.d.7BA4A0B2CE5E3B51676170DEA9A017EC.e.308","ELEMENT":"f.EAD3BD8A607B3C6B0F6571D6E04F04B4.d.7BA4A0B2CE5E3B51676170DEA9A017EC.e.308"}]}
RESULT: {}
RESULT: {}
RESULT: {"script":"<script> [8489 bytes]","args":[{"element-6066-11e4-a52e-4f735466cecf":"f.EAD3BD8A607B3C6B0F6571D6E04F04B4.d.7BA4A0B2CE5E3B51676170DEA9A017EC.e.308","ELEMENT":"f.EAD3BD8A607B3C6B0F6571D6E04F04B4.d.7BA4A0B2CE5E3B51676170DEA9A017EC.e.308"}]}
COMMAND: POST /session/238fc7fdfbc7ddd3047b28b6e8a40f5c/execute/sync - {"script":"<script> [5351 bytes]","args":[{"element-6066-11e4-a52e-4f735466cecf":"f.EAD3BD8A607B3C6B0F6571D6E04F04B4.d.7BA4A0B2CE5E3B51676170DEA9A017EC.e.308","ELEMENT":"f.EAD3BD8A607B3C6B0F6571D6E04F04B4.d.7BA4A0B2CE5E3B51676170DEA9A017EC.e.308"}]}
COMMAND: GET /session/238fc7fdfbc7ddd3047b28b6e8a40f5c/screenshot - {}
RESULT: {"script":"<script> [5351 bytes]","args":[{"element-6066-11e4-a52e-4f735466cecf":"f.EAD3BD8A607B3C6B0F6571D6E04F04B4.d.7BA4A0B2CE5E3B51676170DEA9A017EC.e.308","ELEMENT":"f.EAD3BD8A607B3C6B0F6571D6E04F04B4.d.7BA4A0B2CE5E3B51676170DEA9A017EC.e.308"}]}
COMMAND: GET /session/238fc7fdfbc7ddd3047b28b6e8a40f5c/screenshot - {}
COMMAND: POST /session/238fc7fdfbc7ddd3047b28b6e8a40f5c/execute/sync - {"script":"<script> [8489 bytes]","args":[{"element-6066-11e4-a52e-4f735466cecf":"f.EAD3BD8A607B3C6B0F6571D6E04F04B4.d.7BA4A0B2CE5E3B51676170DEA9A017EC.e.308","ELEMENT":"f.EAD3BD8A607B3C6B0F6571D6E04F04B4.d.7BA4A0B2CE5E3B51676170DEA9A017EC.e.308"}]}
RESULT: {}
RESULT: {}
RESULT: {"script":"<script> [8489 bytes]","args":[{"element-6066-11e4-a52e-4f735466cecf":"f.EAD3BD8A607B3C6B0F6571D6E04F04B4.d.7BA4A0B2CE5E3B51676170DEA9A017EC.e.308","ELEMENT":"f.EAD3BD8A607B3C6B0F6571D6E04F04B4.d.7BA4A0B2CE5E3B51676170DEA9A017EC.e.308"}]}
COMMAND: POST /session/238fc7fdfbc7ddd3047b28b6e8a40f5c/execute/sync - {"script":"<script> [5351 bytes]","args":[{"element-6066-11e4-a52e-4f735466cecf":"f.EAD3BD8A607B3C6B0F6571D6E04F04B4.d.7BA4A0B2CE5E3B51676170DEA9A017EC.e.308","ELEMENT":"f.EAD3BD8A607B3C6B0F6571D6E04F04B4.d.7BA4A0B2CE5E3B51676170DEA9A017EC.e.308"}]}
COMMAND: GET /session/238fc7fdfbc7ddd3047b28b6e8a40f5c/screenshot - {}
RESULT: {"script":"<script> [5351 bytes]","args":[{"element-6066-11e4-a52e-4f735466cecf":"f.EAD3BD8A607B3C6B0F6571D6E04F04B4.d.7BA4A0B2CE5E3B51676170DEA9A017EC.e.308","ELEMENT":"f.EAD3BD8A607B3C6B0F6571D6E04F04B4.d.7BA4A0B2CE5E3B51676170DEA9A017EC.e.308"}]}
COMMAND: POST /session/238fc7fdfbc7ddd3047b28b6e8a40f5c/execute/sync - {"script":"<script> [8489 bytes]","args":[{"element-6066-11e4-a52e-4f735466cecf":"f.EAD3BD8A607B3C6B0F6571D6E04F04B4.d.7BA4A0B2CE5E3B51676170DEA9A017EC.e.308","ELEMENT":"f.EAD3BD8A607B3C6B0F6571D6E04F04B4.d.7BA4A0B2CE5E3B51676170DEA9A017EC.e.308"}]}
COMMAND: GET /session/238fc7fdfbc7ddd3047b28b6e8a40f5c/screenshot - {}
RESULT: {}
RESULT: {"script":"<script> [8489 bytes]","args":[{"element-6066-11e4-a52e-4f735466cecf":"f.EAD3BD8A607B3C6B0F6571D6E04F04B4.d.7BA4A0B2CE5E3B51676170DEA9A017EC.e.308","ELEMENT":"f.EAD3BD8A607B3C6B0F6571D6E04F04B4.d.7BA4A0B2CE5E3B51676170DEA9A017EC.e.308"}]}
COMMAND: POST /session/238fc7fdfbc7ddd3047b28b6e8a40f5c/execute/sync - {"script":"<script> [5351 bytes]","args":[{"element-6066-11e4-a52e-4f735466cecf":"f.EAD3BD8A607B3C6B0F6571D6E04F04B4.d.7BA4A0B2CE5E3B51676170DEA9A017EC.e.308","ELEMENT":"f.EAD3BD8A607B3C6B0F6571D6E04F04B4.d.7BA4A0B2CE5E3B51676170DEA9A017EC.e.308"}]}
COMMAND: GET /session/238fc7fdfbc7ddd3047b28b6e8a40f5c/screenshot - {}
RESULT: {}
RESULT: {"script":"<script> [5351 bytes]","args":[{"element-6066-11e4-a52e-4f735466cecf":"f.EAD3BD8A607B3C6B0F6571D6E04F04B4.d.7BA4A0B2CE5E3B51676170DEA9A017EC.e.308","ELEMENT":"f.EAD3BD8A607B3C6B0F6571D6E04F04B4.d.7BA4A0B2CE5E3B51676170DEA9A017EC.e.308"}]}
COMMAND: GET /session/238fc7fdfbc7ddd3047b28b6e8a40f5c/screenshot - {}
COMMAND: POST /session/238fc7fdfbc7ddd3047b28b6e8a40f5c/execute/sync - {"script":"<script> [8489 bytes]","args":[{"element-6066-11e4-a52e-4f735466cecf":"f.EAD3BD8A607B3C6B0F6571D6E04F04B4.d.7BA4A0B2CE5E3B51676170DEA9A017EC.e.308","ELEMENT":"f.EAD3BD8A607B3C6B0F6571D6E04F04B4.d.7BA4A0B2CE5E3B51676170DEA9A017EC.e.308"}]}
RESULT: {}
RESULT: {}
RESULT: {"script":"<script> [8489 bytes]","args":[{"element-6066-11e4-a52e-4f735466cecf":"f.EAD3BD8A607B3C6B0F6571D6E04F04B4.d.7BA4A0B2CE5E3B51676170DEA9A017EC.e.308","ELEMENT":"f.EAD3BD8A607B3C6B0F6571D6E04F04B4.d.7BA4A0B2CE5E3B51676170DEA9A017EC.e.308"}]}
COMMAND: POST /session/238fc7fdfbc7ddd3047b28b6e8a40f5c/execute/sync - {"script":"<script> [5351 bytes]","args":[{"element-6066-11e4-a52e-4f735466cecf":"f.EAD3BD8A607B3C6B0F6571D6E04F04B4.d.7BA4A0B2CE5E3B51676170DEA9A017EC.e.308","ELEMENT":"f.EAD3BD8A607B3C6B0F6571D6E04F04B4.d.7BA4A0B2CE5E3B51676170DEA9A017EC.e.308"}]}
COMMAND: GET /session/238fc7fdfbc7ddd3047b28b6e8a40f5c/screenshot - {}
RESULT: {"script":"<script> [5351 bytes]","args":[{"element-6066-11e4-a52e-4f735466cecf":"f.EAD3BD8A607B3C6B0F6571D6E04F04B4.d.7BA4A0B2CE5E3B51676170DEA9A017EC.e.308","ELEMENT":"f.EAD3BD8A607B3C6B0F6571D6E04F04B4.d.7BA4A0B2CE5E3B51676170DEA9A017EC.e.308"}]}
COMMAND: POST /session/238fc7fdfbc7ddd3047b28b6e8a40f5c/execute/sync - {"script":"<script> [8489 bytes]","args":[{"element-6066-11e4-a52e-4f735466cecf":"f.EAD3BD8A607B3C6B0F6571D6E04F04B4.d.7BA4A0B2CE5E3B51676170DEA9A017EC.e.308","ELEMENT":"f.EAD3BD8A607B3C6B0F6571D6E04F04B4.d.7BA4A0B2CE5E3B51676170DEA9A017EC.e.308"}]}
COMMAND: GET /session/238fc7fdfbc7ddd3047b28b6e8a40f5c/screenshot - {}
RESULT: {}
RESULT: {"script":"<script> [8489 bytes]","args":[{"element-6066-11e4-a52e-4f735466cecf":"f.EAD3BD8A607B3C6B0F6571D6E04F04B4.d.7BA4A0B2CE5E3B51676170DEA9A017EC.e.308","ELEMENT":"f.EAD3BD8A607B3C6B0F6571D6E04F04B4.d.7BA4A0B2CE5E3B51676170DEA9A017EC.e.308"}]}
COMMAND: POST /session/238fc7fdfbc7ddd3047b28b6e8a40f5c/execute/sync - {"script":"<script> [5351 bytes]","args":[{"element-6066-11e4-a52e-4f735466cecf":"f.EAD3BD8A607B3C6B0F6571D6E04F04B4.d.7BA4A0B2CE5E3B51676170DEA9A017EC.e.308","ELEMENT":"f.EAD3BD8A607B3C6B0F6571D6E04F04B4.d.7BA4A0B2CE5E3B51676170DEA9A017EC.e.308"}]}
COMMAND: GET /session/238fc7fdfbc7ddd3047b28b6e8a40f5c/screenshot - {}
RESULT: {}
RESULT: {"script":"<script> [5351 bytes]","args":[{"element-6066-11e4-a52e-4f735466cecf":"f.EAD3BD8A607B3C6B0F6571D6E04F04B4.d.7BA4A0B2CE5E3B51676170DEA9A017EC.e.308","ELEMENT":"f.EAD3BD8A607B3C6B0F6571D6E04F04B4.d.7BA4A0B2CE5E3B51676170DEA9A017EC.e.308"}]}
COMMAND: GET /session/238fc7fdfbc7ddd3047b28b6e8a40f5c/screenshot - {}
COMMAND: POST /session/238fc7fdfbc7ddd3047b28b6e8a40f5c/execute/sync - {"script":"<script> [8489 bytes]","args":[{"element-6066-11e4-a52e-4f735466cecf":"f.EAD3BD8A607B3C6B0F6571D6E04F04B4.d.7BA4A0B2CE5E3B51676170DEA9A017EC.e.308","ELEMENT":"f.EAD3BD8A607B3C6B0F6571D6E04F04B4.d.7BA4A0B2CE5E3B51676170DEA9A017EC.e.308"}]}
RESULT: {}
RESULT: {}
RESULT: {"script":"<script> [8489 bytes]","args":[{"element-6066-11e4-a52e-4f735466cecf":"f.EAD3BD8A607B3C6B0F6571D6E04F04B4.d.7BA4A0B2CE5E3B51676170DEA9A017EC.e.308","ELEMENT":"f.EAD3BD8A607B3C6B0F6571D6E04F04B4.d.7BA4A0B2CE5E3B51676170DEA9A017EC.e.308"}]}
COMMAND: POST /session/238fc7fdfbc7ddd3047b28b6e8a40f5c/execute/sync - {"script":"<script> [5351 bytes]","args":[{"element-6066-11e4-a52e-4f735466cecf":"f.EAD3BD8A607B3C6B0F6571D6E04F04B4.d.7BA4A0B2CE5E3B51676170DEA9A017EC.e.308","ELEMENT":"f.EAD3BD8A607B3C6B0F6571D6E04F04B4.d.7BA4A0B2CE5E3B51676170DEA9A017EC.e.308"}]}
COMMAND: GET /session/238fc7fdfbc7ddd3047b28b6e8a40f5c/screenshot - {}
RESULT: {"script":"<script> [5351 bytes]","args":[{"element-6066-11e4-a52e-4f735466cecf":"f.EAD3BD8A607B3C6B0F6571D6E04F04B4.d.7BA4A0B2CE5E3B51676170DEA9A017EC.e.308","ELEMENT":"f.EAD3BD8A607B3C6B0F6571D6E04F04B4.d.7BA4A0B2CE5E3B51676170DEA9A017EC.e.308"}]}
COMMAND: GET /session/238fc7fdfbc7ddd3047b28b6e8a40f5c/screenshot - {}
COMMAND: POST /session/238fc7fdfbc7ddd3047b28b6e8a40f5c/execute/sync - {"script":"<script> [8489 bytes]","args":[{"element-6066-11e4-a52e-4f735466cecf":"f.EAD3BD8A607B3C6B0F6571D6E04F04B4.d.7BA4A0B2CE5E3B51676170DEA9A017EC.e.308","ELEMENT":"f.EAD3BD8A607B3C6B0F6571D6E04F04B4.d.7BA4A0B2CE5E3B51676170DEA9A017EC.e.308"}]}
RESULT: {}
RESULT: {}
RESULT: {"script":"<script> [8489 bytes]","args":[{"element-6066-11e4-a52e-4f735466cecf":"f.EAD3BD8A607B3C6B0F6571D6E04F04B4.d.7BA4A0B2CE5E3B51676170DEA9A017EC.e.308","ELEMENT":"f.EAD3BD8A607B3C6B0F6571D6E04F04B4.d.7BA4A0B2CE5E3B51676170DEA9A017EC.e.308"}]}
COMMAND: POST /session/238fc7fdfbc7ddd3047b28b6e8a40f5c/execute/sync - {"script":"<script> [5351 bytes]","args":[{"element-6066-11e4-a52e-4f735466cecf":"f.EAD3BD8A607B3C6B0F6571D6E04F04B4.d.7BA4A0B2CE5E3B51676170DEA9A017EC.e.308","ELEMENT":"f.EAD3BD8A607B3C6B0F6571D6E04F04B4.d.7BA4A0B2CE5E3B51676170DEA9A017EC.e.308"}]}
COMMAND: GET /session/238fc7fdfbc7ddd3047b28b6e8a40f5c/screenshot - {}
RESULT: {"script":"<script> [5351 bytes]","args":[{"element-6066-11e4-a52e-4f735466cecf":"f.EAD3BD8A607B3C6B0F6571D6E04F04B4.d.7BA4A0B2CE5E3B51676170DEA9A017EC.e.308","ELEMENT":"f.EAD3BD8A607B3C6B0F6571D6E04F04B4.d.7BA4A0B2CE5E3B51676170DEA9A017EC.e.308"}]}
COMMAND: GET /session/238fc7fdfbc7ddd3047b28b6e8a40f5c/screenshot - {}
COMMAND: POST /session/238fc7fdfbc7ddd3047b28b6e8a40f5c/execute/sync - {"script":"<script> [8489 bytes]","args":[{"element-6066-11e4-a52e-4f735466cecf":"f.EAD3BD8A607B3C6B0F6571D6E04F04B4.d.7BA4A0B2CE5E3B51676170DEA9A017EC.e.308","ELEMENT":"f.EAD3BD8A607B3C6B0F6571D6E04F04B4.d.7BA4A0B2CE5E3B51676170DEA9A017EC.e.308"}]}
RESULT: {}
RESULT: {}
RESULT: {"script":"<script> [8489 bytes]","args":[{"element-6066-11e4-a52e-4f735466cecf":"f.EAD3BD8A607B3C6B0F6571D6E04F04B4.d.7BA4A0B2CE5E3B51676170DEA9A017EC.e.308","ELEMENT":"f.EAD3BD8A607B3C6B0F6571D6E04F04B4.d.7BA4A0B2CE5E3B51676170DEA9A017EC.e.308"}]}
COMMAND: POST /session/238fc7fdfbc7ddd3047b28b6e8a40f5c/execute/sync - {"script":"<script> [5351 bytes]","args":[{"element-6066-11e4-a52e-4f735466cecf":"f.EAD3BD8A607B3C6B0F6571D6E04F04B4.d.7BA4A0B2CE5E3B51676170DEA9A017EC.e.308","ELEMENT":"f.EAD3BD8A607B3C6B0F6571D6E04F04B4.d.7BA4A0B2CE5E3B51676170DEA9A017EC.e.308"}]}
COMMAND: GET /session/238fc7fdfbc7ddd3047b28b6e8a40f5c/screenshot - {}
RESULT: {"script":"<script> [5351 bytes]","args":[{"element-6066-11e4-a52e-4f735466cecf":"f.EAD3BD8A607B3C6B0F6571D6E04F04B4.d.7BA4A0B2CE5E3B51676170DEA9A017EC.e.308","ELEMENT":"f.EAD3BD8A607B3C6B0F6571D6E04F04B4.d.7BA4A0B2CE5E3B51676170DEA9A017EC.e.308"}]}
COMMAND: GET /session/238fc7fdfbc7ddd3047b28b6e8a40f5c/screenshot - {}
COMMAND: POST /session/238fc7fdfbc7ddd3047b28b6e8a40f5c/execute/sync - {"script":"<script> [8489 bytes]","args":[{"element-6066-11e4-a52e-4f735466cecf":"f.EAD3BD8A607B3C6B0F6571D6E04F04B4.d.7BA4A0B2CE5E3B51676170DEA9A017EC.e.308","ELEMENT":"f.EAD3BD8A607B3C6B0F6571D6E04F04B4.d.7BA4A0B2CE5E3B51676170DEA9A017EC.e.308"}]}
RESULT: {}
RESULT: {}
RESULT: {"script":"<script> [8489 bytes]","args":[{"element-6066-11e4-a52e-4f735466cecf":"f.EAD3BD8A607B3C6B0F6571D6E04F04B4.d.7BA4A0B2CE5E3B51676170DEA9A017EC.e.308","ELEMENT":"f.EAD3BD8A607B3C6B0F6571D6E04F04B4.d.7BA4A0B2CE5E3B51676170DEA9A017EC.e.308"}]}
COMMAND: POST /session/238fc7fdfbc7ddd3047b28b6e8a40f5c/execute/sync - {"script":"<script> [5351 bytes]","args":[{"element-6066-11e4-a52e-4f735466cecf":"f.EAD3BD8A607B3C6B0F6571D6E04F04B4.d.7BA4A0B2CE5E3B51676170DEA9A017EC.e.308","ELEMENT":"f.EAD3BD8A607B3C6B0F6571D6E04F04B4.d.7BA4A0B2CE5E3B51676170DEA9A017EC.e.308"}]}
COMMAND: GET /session/238fc7fdfbc7ddd3047b28b6e8a40f5c/screenshot - {}
RESULT: {"script":"<script> [5351 bytes]","args":[{"element-6066-11e4-a52e-4f735466cecf":"f.EAD3BD8A607B3C6B0F6571D6E04F04B4.d.7BA4A0B2CE5E3B51676170DEA9A017EC.e.308","ELEMENT":"f.EAD3BD8A607B3C6B0F6571D6E04F04B4.d.7BA4A0B2CE5E3B51676170DEA9A017EC.e.308"}]}
COMMAND: GET /session/238fc7fdfbc7ddd3047b28b6e8a40f5c/screenshot - {}
COMMAND: POST /session/238fc7fdfbc7ddd3047b28b6e8a40f5c/execute/sync - {"script":"<script> [8489 bytes]","args":[{"element-6066-11e4-a52e-4f735466cecf":"f.EAD3BD8A607B3C6B0F6571D6E04F04B4.d.7BA4A0B2CE5E3B51676170DEA9A017EC.e.308","ELEMENT":"f.EAD3BD8A607B3C6B0F6571D6E04F04B4.d.7BA4A0B2CE5E3B51676170DEA9A017EC.e.308"}]}
RESULT: {}
RESULT: {}
RESULT: {"script":"<script> [8489 bytes]","args":[{"element-6066-11e4-a52e-4f735466cecf":"f.EAD3BD8A607B3C6B0F6571D6E04F04B4.d.7BA4A0B2CE5E3B51676170DEA9A017EC.e.308","ELEMENT":"f.EAD3BD8A607B3C6B0F6571D6E04F04B4.d.7BA4A0B2CE5E3B51676170DEA9A017EC.e.308"}]}
COMMAND: POST /session/238fc7fdfbc7ddd3047b28b6e8a40f5c/execute/sync - {"script":"<script> [5351 bytes]","args":[{"element-6066-11e4-a52e-4f735466cecf":"f.EAD3BD8A607B3C6B0F6571D6E04F04B4.d.7BA4A0B2CE5E3B51676170DEA9A017EC.e.308","ELEMENT":"f.EAD3BD8A607B3C6B0F6571D6E04F04B4.d.7BA4A0B2CE5E3B51676170DEA9A017EC.e.308"}]}
COMMAND: GET /session/238fc7fdfbc7ddd3047b28b6e8a40f5c/screenshot - {}
RESULT: {"script":"<script> [5351 bytes]","args":[{"element-6066-11e4-a52e-4f735466cecf":"f.EAD3BD8A607B3C6B0F6571D6E04F04B4.d.7BA4A0B2CE5E3B51676170DEA9A017EC.e.308","ELEMENT":"f.EAD3BD8A607B3C6B0F6571D6E04F04B4.d.7BA4A0B2CE5E3B51676170DEA9A017EC.e.308"}]}
COMMAND: GET /session/238fc7fdfbc7ddd3047b28b6e8a40f5c/screenshot - {}
COMMAND: POST /session/238fc7fdfbc7ddd3047b28b6e8a40f5c/execute/sync - {"script":"<script> [8489 bytes]","args":[{"element-6066-11e4-a52e-4f735466cecf":"f.EAD3BD8A607B3C6B0F6571D6E04F04B4.d.7BA4A0B2CE5E3B51676170DEA9A017EC.e.308","ELEMENT":"f.EAD3BD8A607B3C6B0F6571D6E04F04B4.d.7BA4A0B2CE5E3B51676170DEA9A017EC.e.308"}]}
RESULT: {}
RESULT: {}
RESULT: {"script":"<script> [8489 bytes]","args":[{"element-6066-11e4-a52e-4f735466cecf":"f.EAD3BD8A607B3C6B0F6571D6E04F04B4.d.7BA4A0B2CE5E3B51676170DEA9A017EC.e.308","ELEMENT":"f.EAD3BD8A607B3C6B0F6571D6E04F04B4.d.7BA4A0B2CE5E3B51676170DEA9A017EC.e.308"}]}
COMMAND: POST /session/238fc7fdfbc7ddd3047b28b6e8a40f5c/execute/sync - {"script":"<script> [5351 bytes]","args":[{"element-6066-11e4-a52e-4f735466cecf":"f.EAD3BD8A607B3C6B0F6571D6E04F04B4.d.7BA4A0B2CE5E3B51676170DEA9A017EC.e.308","ELEMENT":"f.EAD3BD8A607B3C6B0F6571D6E04F04B4.d.7BA4A0B2CE5E3B51676170DEA9A017EC.e.308"}]}
COMMAND: GET /session/238fc7fdfbc7ddd3047b28b6e8a40f5c/screenshot - {}
RESULT: {"script":"<script> [5351 bytes]","args":[{"element-6066-11e4-a52e-4f735466cecf":"f.EAD3BD8A607B3C6B0F6571D6E04F04B4.d.7BA4A0B2CE5E3B51676170DEA9A017EC.e.308","ELEMENT":"f.EAD3BD8A607B3C6B0F6571D6E04F04B4.d.7BA4A0B2CE5E3B51676170DEA9A017EC.e.308"}]}
COMMAND: GET /session/238fc7fdfbc7ddd3047b28b6e8a40f5c/screenshot - {}
COMMAND: POST /session/238fc7fdfbc7ddd3047b28b6e8a40f5c/execute/sync - {"script":"<script> [8489 bytes]","args":[{"element-6066-11e4-a52e-4f735466cecf":"f.EAD3BD8A607B3C6B0F6571D6E04F04B4.d.7BA4A0B2CE5E3B51676170DEA9A017EC.e.308","ELEMENT":"f.EAD3BD8A607B3C6B0F6571D6E04F04B4.d.7BA4A0B2CE5E3B51676170DEA9A017EC.e.308"}]}
RESULT: {}
RESULT: {}
RESULT: {"script":"<script> [8489 bytes]","args":[{"element-6066-11e4-a52e-4f735466cecf":"f.EAD3BD8A607B3C6B0F6571D6E04F04B4.d.7BA4A0B2CE5E3B51676170DEA9A017EC.e.308","ELEMENT":"f.EAD3BD8A607B3C6B0F6571D6E04F04B4.d.7BA4A0B2CE5E3B51676170DEA9A017EC.e.308"}]}
COMMAND: POST /session/238fc7fdfbc7ddd3047b28b6e8a40f5c/execute/sync - {"script":"<script> [5351 bytes]","args":[{"element-6066-11e4-a52e-4f735466cecf":"f.EAD3BD8A607B3C6B0F6571D6E04F04B4.d.7BA4A0B2CE5E3B51676170DEA9A017EC.e.308","ELEMENT":"f.EAD3BD8A607B3C6B0F6571D6E04F04B4.d.7BA4A0B2CE5E3B51676170DEA9A017EC.e.308"}]}
COMMAND: GET /session/238fc7fdfbc7ddd3047b28b6e8a40f5c/screenshot - {}
RESULT: {"script":"<script> [5351 bytes]","args":[{"element-6066-11e4-a52e-4f735466cecf":"f.EAD3BD8A607B3C6B0F6571D6E04F04B4.d.7BA4A0B2CE5E3B51676170DEA9A017EC.e.308","ELEMENT":"f.EAD3BD8A607B3C6B0F6571D6E04F04B4.d.7BA4A0B2CE5E3B51676170DEA9A017EC.e.308"}]}
COMMAND: GET /session/238fc7fdfbc7ddd3047b28b6e8a40f5c/screenshot - {}
COMMAND: POST /session/238fc7fdfbc7ddd3047b28b6e8a40f5c/execute/sync - {"script":"<script> [8489 bytes]","args":[{"element-6066-11e4-a52e-4f735466cecf":"f.EAD3BD8A607B3C6B0F6571D6E04F04B4.d.7BA4A0B2CE5E3B51676170DEA9A017EC.e.308","ELEMENT":"f.EAD3BD8A607B3C6B0F6571D6E04F04B4.d.7BA4A0B2CE5E3B51676170DEA9A017EC.e.308"}]}
RESULT: {}
RESULT: {}
RESULT: {"script":"<script> [8489 bytes]","args":[{"element-6066-11e4-a52e-4f735466cecf":"f.EAD3BD8A607B3C6B0F6571D6E04F04B4.d.7BA4A0B2CE5E3B51676170DEA9A017EC.e.308","ELEMENT":"f.EAD3BD8A607B3C6B0F6571D6E04F04B4.d.7BA4A0B2CE5E3B51676170DEA9A017EC.e.308"}]}
COMMAND: POST /session/238fc7fdfbc7ddd3047b28b6e8a40f5c/execute/sync - {"script":"<script> [5351 bytes]","args":[{"element-6066-11e4-a52e-4f735466cecf":"f.EAD3BD8A607B3C6B0F6571D6E04F04B4.d.7BA4A0B2CE5E3B51676170DEA9A017EC.e.308","ELEMENT":"f.EAD3BD8A607B3C6B0F6571D6E04F04B4.d.7BA4A0B2CE5E3B51676170DEA9A017EC.e.308"}]}
COMMAND: GET /session/238fc7fdfbc7ddd3047b28b6e8a40f5c/screenshot - {}
RESULT: {"script":"<script> [5351 bytes]","args":[{"element-6066-11e4-a52e-4f735466cecf":"f.EAD3BD8A607B3C6B0F6571D6E04F04B4.d.7BA4A0B2CE5E3B51676170DEA9A017EC.e.308","ELEMENT":"f.EAD3BD8A607B3C6B0F6571D6E04F04B4.d.7BA4A0B2CE5E3B51676170DEA9A017EC.e.308"}]}
COMMAND: GET /session/238fc7fdfbc7ddd3047b28b6e8a40f5c/screenshot - {}
COMMAND: POST /session/238fc7fdfbc7ddd3047b28b6e8a40f5c/execute/sync - {"script":"<script> [8489 bytes]","args":[{"element-6066-11e4-a52e-4f735466cecf":"f.EAD3BD8A607B3C6B0F6571D6E04F04B4.d.7BA4A0B2CE5E3B51676170DEA9A017EC.e.308","ELEMENT":"f.EAD3BD8A607B3C6B0F6571D6E04F04B4.d.7BA4A0B2CE5E3B51676170DEA9A017EC.e.308"}]}
RESULT: {}
RESULT: {}
RESULT: {"script":"<script> [8489 bytes]","args":[{"element-6066-11e4-a52e-4f735466cecf":"f.EAD3BD8A607B3C6B0F6571D6E04F04B4.d.7BA4A0B2CE5E3B51676170DEA9A017EC.e.308","ELEMENT":"f.EAD3BD8A607B3C6B0F6571D6E04F04B4.d.7BA4A0B2CE5E3B51676170DEA9A017EC.e.308"}]}
COMMAND: POST /session/238fc7fdfbc7ddd3047b28b6e8a40f5c/execute/sync - {"script":"<script> [5351 bytes]","args":[{"element-6066-11e4-a52e-4f735466cecf":"f.EAD3BD8A607B3C6B0F6571D6E04F04B4.d.7BA4A0B2CE5E3B51676170DEA9A017EC.e.308","ELEMENT":"f.EAD3BD8A607B3C6B0F6571D6E04F04B4.d.7BA4A0B2CE5E3B51676170DEA9A017EC.e.308"}]}
COMMAND: GET /session/238fc7fdfbc7ddd3047b28b6e8a40f5c/screenshot - {}
RESULT: {"script":"<script> [5351 bytes]","args":[{"element-6066-11e4-a52e-4f735466cecf":"f.EAD3BD8A607B3C6B0F6571D6E04F04B4.d.7BA4A0B2CE5E3B51676170DEA9A017EC.e.308","ELEMENT":"f.EAD3BD8A607B3C6B0F6571D6E04F04B4.d.7BA4A0B2CE5E3B51676170DEA9A017EC.e.308"}]}
COMMAND: POST /session/238fc7fdfbc7ddd3047b28b6e8a40f5c/execute/sync - {"script":"<script> [8489 bytes]","args":[{"element-6066-11e4-a52e-4f735466cecf":"f.EAD3BD8A607B3C6B0F6571D6E04F04B4.d.7BA4A0B2CE5E3B51676170DEA9A017EC.e.308","ELEMENT":"f.EAD3BD8A607B3C6B0F6571D6E04F04B4.d.7BA4A0B2CE5E3B51676170DEA9A017EC.e.308"}]}
COMMAND: GET /session/238fc7fdfbc7ddd3047b28b6e8a40f5c/screenshot - {}
RESULT: {}
RESULT: {"script":"<script> [8489 bytes]","args":[{"element-6066-11e4-a52e-4f735466cecf":"f.EAD3BD8A607B3C6B0F6571D6E04F04B4.d.7BA4A0B2CE5E3B51676170DEA9A017EC.e.308","ELEMENT":"f.EAD3BD8A607B3C6B0F6571D6E04F04B4.d.7BA4A0B2CE5E3B51676170DEA9A017EC.e.308"}]}
COMMAND: POST /session/238fc7fdfbc7ddd3047b28b6e8a40f5c/execute/sync - {"script":"<script> [5351 bytes]","args":[{"element-6066-11e4-a52e-4f735466cecf":"f.EAD3BD8A607B3C6B0F6571D6E04F04B4.d.7BA4A0B2CE5E3B51676170DEA9A017EC.e.308","ELEMENT":"f.EAD3BD8A607B3C6B0F6571D6E04F04B4.d.7BA4A0B2CE5E3B51676170DEA9A017EC.e.308"}]}
COMMAND: GET /session/238fc7fdfbc7ddd3047b28b6e8a40f5c/screenshot - {}
RESULT: {}
RESULT: {"script":"<script> [5351 bytes]","args":[{"element-6066-11e4-a52e-4f735466cecf":"f.EAD3BD8A607B3C6B0F6571D6E04F04B4.d.7BA4A0B2CE5E3B51676170DEA9A017EC.e.308","ELEMENT":"f.EAD3BD8A607B3C6B0F6571D6E04F04B4.d.7BA4A0B2CE5E3B51676170DEA9A017EC.e.308"}]}
COMMAND: GET /session/238fc7fdfbc7ddd3047b28b6e8a40f5c/screenshot - {}
COMMAND: POST /session/238fc7fdfbc7ddd3047b28b6e8a40f5c/execute/sync - {"script":"<script> [8489 bytes]","args":[{"element-6066-11e4-a52e-4f735466cecf":"f.EAD3BD8A607B3C6B0F6571D6E04F04B4.d.7BA4A0B2CE5E3B51676170DEA9A017EC.e.308","ELEMENT":"f.EAD3BD8A607B3C6B0F6571D6E04F04B4.d.7BA4A0B2CE5E3B51676170DEA9A017EC.e.308"}]}
RESULT: {}
RESULT: {}
RESULT: {"script":"<script> [8489 bytes]","args":[{"element-6066-11e4-a52e-4f735466cecf":"f.EAD3BD8A607B3C6B0F6571D6E04F04B4.d.7BA4A0B2CE5E3B51676170DEA9A017EC.e.308","ELEMENT":"f.EAD3BD8A607B3C6B0F6571D6E04F04B4.d.7BA4A0B2CE5E3B51676170DEA9A017EC.e.308"}]}
COMMAND: POST /session/238fc7fdfbc7ddd3047b28b6e8a40f5c/execute/sync - {"script":"<script> [5351 bytes]","args":[{"element-6066-11e4-a52e-4f735466cecf":"f.EAD3BD8A607B3C6B0F6571D6E04F04B4.d.7BA4A0B2CE5E3B51676170DEA9A017EC.e.308","ELEMENT":"f.EAD3BD8A607B3C6B0F6571D6E04F04B4.d.7BA4A0B2CE5E3B51676170DEA9A017EC.e.308"}]}
COMMAND: GET /session/238fc7fdfbc7ddd3047b28b6e8a40f5c/screenshot - {}
RESULT: {"script":"<script> [5351 bytes]","args":[{"element-6066-11e4-a52e-4f735466cecf":"f.EAD3BD8A607B3C6B0F6571D6E04F04B4.d.7BA4A0B2CE5E3B51676170DEA9A017EC.e.308","ELEMENT":"f.EAD3BD8A607B3C6B0F6571D6E04F04B4.d.7BA4A0B2CE5E3B51676170DEA9A017EC.e.308"}]}
COMMAND: GET /session/238fc7fdfbc7ddd3047b28b6e8a40f5c/screenshot - {}
COMMAND: POST /session/238fc7fdfbc7ddd3047b28b6e8a40f5c/execute/sync - {"script":"<script> [8489 bytes]","args":[{"element-6066-11e4-a52e-4f735466cecf":"f.EAD3BD8A607B3C6B0F6571D6E04F04B4.d.7BA4A0B2CE5E3B51676170DEA9A017EC.e.308","ELEMENT":"f.EAD3BD8A607B3C6B0F6571D6E04F04B4.d.7BA4A0B2CE5E3B51676170DEA9A017EC.e.308"}]}
RESULT: {}
RESULT: {}
RESULT: {"script":"<script> [8489 bytes]","args":[{"element-6066-11e4-a52e-4f735466cecf":"f.EAD3BD8A607B3C6B0F6571D6E04F04B4.d.7BA4A0B2CE5E3B51676170DEA9A017EC.e.308","ELEMENT":"f.EAD3BD8A607B3C6B0F6571D6E04F04B4.d.7BA4A0B2CE5E3B51676170DEA9A017EC.e.308"}]}
COMMAND: POST /session/238fc7fdfbc7ddd3047b28b6e8a40f5c/execute/sync - {"script":"<script> [5351 bytes]","args":[{"element-6066-11e4-a52e-4f735466cecf":"f.EAD3BD8A607B3C6B0F6571D6E04F04B4.d.7BA4A0B2CE5E3B51676170DEA9A017EC.e.308","ELEMENT":"f.EAD3BD8A607B3C6B0F6571D6E04F04B4.d.7BA4A0B2CE5E3B51676170DEA9A017EC.e.308"}]}
COMMAND: GET /session/238fc7fdfbc7ddd3047b28b6e8a40f5c/screenshot - {}
RESULT: {"script":"<script> [5351 bytes]","args":[{"element-6066-11e4-a52e-4f735466cecf":"f.EAD3BD8A607B3C6B0F6571D6E04F04B4.d.7BA4A0B2CE5E3B51676170DEA9A017EC.e.308","ELEMENT":"f.EAD3BD8A607B3C6B0F6571D6E04F04B4.d.7BA4A0B2CE5E3B51676170DEA9A017EC.e.308"}]}
COMMAND: GET /session/238fc7fdfbc7ddd3047b28b6e8a40f5c/screenshot - {}
COMMAND: POST /session/238fc7fdfbc7ddd3047b28b6e8a40f5c/execute/sync - {"script":"<script> [8489 bytes]","args":[{"element-6066-11e4-a52e-4f735466cecf":"f.EAD3BD8A607B3C6B0F6571D6E04F04B4.d.7BA4A0B2CE5E3B51676170DEA9A017EC.e.308","ELEMENT":"f.EAD3BD8A607B3C6B0F6571D6E04F04B4.d.7BA4A0B2CE5E3B51676170DEA9A017EC.e.308"}]}
RESULT: {}
RESULT: {}
RESULT: {"script":"<script> [8489 bytes]","args":[{"element-6066-11e4-a52e-4f735466cecf":"f.EAD3BD8A607B3C6B0F6571D6E04F04B4.d.7BA4A0B2CE5E3B51676170DEA9A017EC.e.308","ELEMENT":"f.EAD3BD8A607B3C6B0F6571D6E04F04B4.d.7BA4A0B2CE5E3B51676170DEA9A017EC.e.308"}]}
COMMAND: POST /session/238fc7fdfbc7ddd3047b28b6e8a40f5c/execute/sync - {"script":"<script> [5351 bytes]","args":[{"element-6066-11e4-a52e-4f735466cecf":"f.EAD3BD8A607B3C6B0F6571D6E04F04B4.d.7BA4A0B2CE5E3B51676170DEA9A017EC.e.308","ELEMENT":"f.EAD3BD8A607B3C6B0F6571D6E04F04B4.d.7BA4A0B2CE5E3B51676170DEA9A017EC.e.308"}]}
COMMAND: GET /session/238fc7fdfbc7ddd3047b28b6e8a40f5c/screenshot - {}
RESULT: {"script":"<script> [5351 bytes]","args":[{"element-6066-11e4-a52e-4f735466cecf":"f.EAD3BD8A607B3C6B0F6571D6E04F04B4.d.7BA4A0B2CE5E3B51676170DEA9A017EC.e.308","ELEMENT":"f.EAD3BD8A607B3C6B0F6571D6E04F04B4.d.7BA4A0B2CE5E3B51676170DEA9A017EC.e.308"}]}
COMMAND: GET /session/238fc7fdfbc7ddd3047b28b6e8a40f5c/screenshot - {}
COMMAND: POST /session/238fc7fdfbc7ddd3047b28b6e8a40f5c/execute/sync - {"script":"<script> [8489 bytes]","args":[{"element-6066-11e4-a52e-4f735466cecf":"f.EAD3BD8A607B3C6B0F6571D6E04F04B4.d.7BA4A0B2CE5E3B51676170DEA9A017EC.e.308","ELEMENT":"f.EAD3BD8A607B3C6B0F6571D6E04F04B4.d.7BA4A0B2CE5E3B51676170DEA9A017EC.e.308"}]}
RESULT: {}
RESULT: {"script":"<script> [8489 bytes]","args":[{"element-6066-11e4-a52e-4f735466cecf":"f.EAD3BD8A607B3C6B0F6571D6E04F04B4.d.7BA4A0B2CE5E3B51676170DEA9A017EC.e.308","ELEMENT":"f.EAD3BD8A607B3C6B0F6571D6E04F04B4.d.7BA4A0B2CE5E3B51676170DEA9A017EC.e.308"}]}
COMMAND: POST /session/238fc7fdfbc7ddd3047b28b6e8a40f5c/execute/sync - {"script":"<script> [5351 bytes]","args":[{"element-6066-11e4-a52e-4f735466cecf":"f.EAD3BD8A607B3C6B0F6571D6E04F04B4.d.7BA4A0B2CE5E3B51676170DEA9A017EC.e.308","ELEMENT":"f.EAD3BD8A607B3C6B0F6571D6E04F04B4.d.7BA4A0B2CE5E3B51676170DEA9A017EC.e.308"}]}
COMMAND: GET /session/238fc7fdfbc7ddd3047b28b6e8a40f5c/screenshot - {}
RESULT: {}
RESULT: {"script":"<script> [5351 bytes]","args":[{"element-6066-11e4-a52e-4f735466cecf":"f.EAD3BD8A607B3C6B0F6571D6E04F04B4.d.7BA4A0B2CE5E3B51676170DEA9A017EC.e.308","ELEMENT":"f.EAD3BD8A607B3C6B0F6571D6E04F04B4.d.7BA4A0B2CE5E3B51676170DEA9A017EC.e.308"}]}
COMMAND: GET /session/238fc7fdfbc7ddd3047b28b6e8a40f5c/screenshot - {}
COMMAND: POST /session/238fc7fdfbc7ddd3047b28b6e8a40f5c/execute/sync - {"script":"<script> [8489 bytes]","args":[{"element-6066-11e4-a52e-4f735466cecf":"f.EAD3BD8A607B3C6B0F6571D6E04F04B4.d.7BA4A0B2CE5E3B51676170DEA9A017EC.e.308","ELEMENT":"f.EAD3BD8A607B3C6B0F6571D6E04F04B4.d.7BA4A0B2CE5E3B51676170DEA9A017EC.e.308"}]}
RESULT: {}
RESULT: {}
RESULT: {"script":"<script> [8489 bytes]","args":[{"element-6066-11e4-a52e-4f735466cecf":"f.EAD3BD8A607B3C6B0F6571D6E04F04B4.d.7BA4A0B2CE5E3B51676170DEA9A017EC.e.308","ELEMENT":"f.EAD3BD8A607B3C6B0F6571D6E04F04B4.d.7BA4A0B2CE5E3B51676170DEA9A017EC.e.308"}]}
COMMAND: POST /session/238fc7fdfbc7ddd3047b28b6e8a40f5c/execute/sync - {"script":"<script> [5351 bytes]","args":[{"element-6066-11e4-a52e-4f735466cecf":"f.EAD3BD8A607B3C6B0F6571D6E04F04B4.d.7BA4A0B2CE5E3B51676170DEA9A017EC.e.308","ELEMENT":"f.EAD3BD8A607B3C6B0F6571D6E04F04B4.d.7BA4A0B2CE5E3B51676170DEA9A017EC.e.308"}]}
COMMAND: GET /session/238fc7fdfbc7ddd3047b28b6e8a40f5c/screenshot - {}
RESULT: {"script":"<script> [5351 bytes]","args":[{"element-6066-11e4-a52e-4f735466cecf":"f.EAD3BD8A607B3C6B0F6571D6E04F04B4.d.7BA4A0B2CE5E3B51676170DEA9A017EC.e.308","ELEMENT":"f.EAD3BD8A607B3C6B0F6571D6E04F04B4.d.7BA4A0B2CE5E3B51676170DEA9A017EC.e.308"}]}
COMMAND: GET /session/238fc7fdfbc7ddd3047b28b6e8a40f5c/screenshot - {}
COMMAND: POST /session/238fc7fdfbc7ddd3047b28b6e8a40f5c/execute/sync - {"script":"<script> [8489 bytes]","args":[{"element-6066-11e4-a52e-4f735466cecf":"f.EAD3BD8A607B3C6B0F6571D6E04F04B4.d.7BA4A0B2CE5E3B51676170DEA9A017EC.e.308","ELEMENT":"f.EAD3BD8A607B3C6B0F6571D6E04F04B4.d.7BA4A0B2CE5E3B51676170DEA9A017EC.e.308"}]}
RESULT: {}
RESULT: {}
RESULT: {"script":"<script> [8489 bytes]","args":[{"element-6066-11e4-a52e-4f735466cecf":"f.EAD3BD8A607B3C6B0F6571D6E04F04B4.d.7BA4A0B2CE5E3B51676170DEA9A017EC.e.308","ELEMENT":"f.EAD3BD8A607B3C6B0F6571D6E04F04B4.d.7BA4A0B2CE5E3B51676170DEA9A017EC.e.308"}]}
COMMAND: POST /session/238fc7fdfbc7ddd3047b28b6e8a40f5c/execute/sync - {"script":"<script> [5351 bytes]","args":[{"element-6066-11e4-a52e-4f735466cecf":"f.EAD3BD8A607B3C6B0F6571D6E04F04B4.d.7BA4A0B2CE5E3B51676170DEA9A017EC.e.308","ELEMENT":"f.EAD3BD8A607B3C6B0F6571D6E04F04B4.d.7BA4A0B2CE5E3B51676170DEA9A017EC.e.308"}]}
COMMAND: GET /session/238fc7fdfbc7ddd3047b28b6e8a40f5c/screenshot - {}
RESULT: {"script":"<script> [5351 bytes]","args":[{"element-6066-11e4-a52e-4f735466cecf":"f.EAD3BD8A607B3C6B0F6571D6E04F04B4.d.7BA4A0B2CE5E3B51676170DEA9A017EC.e.308","ELEMENT":"f.EAD3BD8A607B3C6B0F6571D6E04F04B4.d.7BA4A0B2CE5E3B51676170DEA9A017EC.e.308"}]}
COMMAND: GET /session/238fc7fdfbc7ddd3047b28b6e8a40f5c/screenshot - {}
COMMAND: POST /session/238fc7fdfbc7ddd3047b28b6e8a40f5c/execute/sync - {"script":"<script> [8489 bytes]","args":[{"element-6066-11e4-a52e-4f735466cecf":"f.EAD3BD8A607B3C6B0F6571D6E04F04B4.d.7BA4A0B2CE5E3B51676170DEA9A017EC.e.308","ELEMENT":"f.EAD3BD8A607B3C6B0F6571D6E04F04B4.d.7BA4A0B2CE5E3B51676170DEA9A017EC.e.308"}]}
RESULT: {}
RESULT: {"script":"<script> [8489 bytes]","args":[{"element-6066-11e4-a52e-4f735466cecf":"f.EAD3BD8A607B3C6B0F6571D6E04F04B4.d.7BA4A0B2CE5E3B51676170DEA9A017EC.e.308","ELEMENT":"f.EAD3BD8A607B3C6B0F6571D6E04F04B4.d.7BA4A0B2CE5E3B51676170DEA9A017EC.e.308"}]}
COMMAND: POST /session/238fc7fdfbc7ddd3047b28b6e8a40f5c/execute/sync - {"script":"<script> [5351 bytes]","args":[{"element-6066-11e4-a52e-4f735466cecf":"f.EAD3BD8A607B3C6B0F6571D6E04F04B4.d.7BA4A0B2CE5E3B51676170DEA9A017EC.e.308","ELEMENT":"f.EAD3BD8A607B3C6B0F6571D6E04F04B4.d.7BA4A0B2CE5E3B51676170DEA9A017EC.e.308"}]}
COMMAND: GET /session/238fc7fdfbc7ddd3047b28b6e8a40f5c/screenshot - {}
RESULT: {}
RESULT: {"script":"<script> [5351 bytes]","args":[{"element-6066-11e4-a52e-4f735466cecf":"f.EAD3BD8A607B3C6B0F6571D6E04F04B4.d.7BA4A0B2CE5E3B51676170DEA9A017EC.e.308","ELEMENT":"f.EAD3BD8A607B3C6B0F6571D6E04F04B4.d.7BA4A0B2CE5E3B51676170DEA9A017EC.e.308"}]}
COMMAND: GET /session/238fc7fdfbc7ddd3047b28b6e8a40f5c/screenshot - {}
COMMAND: POST /session/238fc7fdfbc7ddd3047b28b6e8a40f5c/execute/sync - {"script":"<script> [8489 bytes]","args":[{"element-6066-11e4-a52e-4f735466cecf":"f.EAD3BD8A607B3C6B0F6571D6E04F04B4.d.7BA4A0B2CE5E3B51676170DEA9A017EC.e.308","ELEMENT":"f.EAD3BD8A607B3C6B0F6571D6E04F04B4.d.7BA4A0B2CE5E3B51676170DEA9A017EC.e.308"}]}
RESULT: {}
RESULT: {}
RESULT: {"script":"<script> [8489 bytes]","args":[{"element-6066-11e4-a52e-4f735466cecf":"f.EAD3BD8A607B3C6B0F6571D6E04F04B4.d.7BA4A0B2CE5E3B51676170DEA9A017EC.e.308","ELEMENT":"f.EAD3BD8A607B3C6B0F6571D6E04F04B4.d.7BA4A0B2CE5E3B51676170DEA9A017EC.e.308"}]}
COMMAND: POST /session/238fc7fdfbc7ddd3047b28b6e8a40f5c/execute/sync - {"script":"<script> [5351 bytes]","args":[{"element-6066-11e4-a52e-4f735466cecf":"f.EAD3BD8A607B3C6B0F6571D6E04F04B4.d.7BA4A0B2CE5E3B51676170DEA9A017EC.e.308","ELEMENT":"f.EAD3BD8A607B3C6B0F6571D6E04F04B4.d.7BA4A0B2CE5E3B51676170DEA9A017EC.e.308"}]}
COMMAND: GET /session/238fc7fdfbc7ddd3047b28b6e8a40f5c/screenshot - {}
RESULT: {"script":"<script> [5351 bytes]","args":[{"element-6066-11e4-a52e-4f735466cecf":"f.EAD3BD8A607B3C6B0F6571D6E04F04B4.d.7BA4A0B2CE5E3B51676170DEA9A017EC.e.308","ELEMENT":"f.EAD3BD8A607B3C6B0F6571D6E04F04B4.d.7BA4A0B2CE5E3B51676170DEA9A017EC.e.308"}]}
COMMAND: GET /session/238fc7fdfbc7ddd3047b28b6e8a40f5c/screenshot - {}
COMMAND: POST /session/238fc7fdfbc7ddd3047b28b6e8a40f5c/execute/sync - {"script":"<script> [8489 bytes]","args":[{"element-6066-11e4-a52e-4f735466cecf":"f.EAD3BD8A607B3C6B0F6571D6E04F04B4.d.7BA4A0B2CE5E3B51676170DEA9A017EC.e.308","ELEMENT":"f.EAD3BD8A607B3C6B0F6571D6E04F04B4.d.7BA4A0B2CE5E3B51676170DEA9A017EC.e.308"}]}
RESULT: {}
RESULT: {"script":"<script> [8489 bytes]","args":[{"element-6066-11e4-a52e-4f735466cecf":"f.EAD3BD8A607B3C6B0F6571D6E04F04B4.d.7BA4A0B2CE5E3B51676170DEA9A017EC.e.308","ELEMENT":"f.EAD3BD8A607B3C6B0F6571D6E04F04B4.d.7BA4A0B2CE5E3B51676170DEA9A017EC.e.308"}]}
COMMAND: POST /session/238fc7fdfbc7ddd3047b28b6e8a40f5c/execute/sync - {"script":"<script> [5351 bytes]","args":[{"element-6066-11e4-a52e-4f735466cecf":"f.EAD3BD8A607B3C6B0F6571D6E04F04B4.d.7BA4A0B2CE5E3B51676170DEA9A017EC.e.308","ELEMENT":"f.EAD3BD8A607B3C6B0F6571D6E04F04B4.d.7BA4A0B2CE5E3B51676170DEA9A017EC.e.308"}]}
COMMAND: GET /session/238fc7fdfbc7ddd3047b28b6e8a40f5c/screenshot - {}
RESULT: {}
RESULT: {"script":"<script> [5351 bytes]","args":[{"element-6066-11e4-a52e-4f735466cecf":"f.EAD3BD8A607B3C6B0F6571D6E04F04B4.d.7BA4A0B2CE5E3B51676170DEA9A017EC.e.308","ELEMENT":"f.EAD3BD8A607B3C6B0F6571D6E04F04B4.d.7BA4A0B2CE5E3B51676170DEA9A017EC.e.308"}]}
COMMAND: GET /session/238fc7fdfbc7ddd3047b28b6e8a40f5c/screenshot - {}
COMMAND: POST /session/238fc7fdfbc7ddd3047b28b6e8a40f5c/execute/sync - {"script":"<script> [8489 bytes]","args":[{"element-6066-11e4-a52e-4f735466cecf":"f.EAD3BD8A607B3C6B0F6571D6E04F04B4.d.7BA4A0B2CE5E3B51676170DEA9A017EC.e.308","ELEMENT":"f.EAD3BD8A607B3C6B0F6571D6E04F04B4.d.7BA4A0B2CE5E3B51676170DEA9A017EC.e.308"}]}
RESULT: {}
RESULT: {}
RESULT: {"script":"<script> [8489 bytes]","args":[{"element-6066-11e4-a52e-4f735466cecf":"f.EAD3BD8A607B3C6B0F6571D6E04F04B4.d.7BA4A0B2CE5E3B51676170DEA9A017EC.e.308","ELEMENT":"f.EAD3BD8A607B3C6B0F6571D6E04F04B4.d.7BA4A0B2CE5E3B51676170DEA9A017EC.e.308"}]}
COMMAND: POST /session/238fc7fdfbc7ddd3047b28b6e8a40f5c/execute/sync - {"script":"<script> [5351 bytes]","args":[{"element-6066-11e4-a52e-4f735466cecf":"f.EAD3BD8A607B3C6B0F6571D6E04F04B4.d.7BA4A0B2CE5E3B51676170DEA9A017EC.e.308","ELEMENT":"f.EAD3BD8A607B3C6B0F6571D6E04F04B4.d.7BA4A0B2CE5E3B51676170DEA9A017EC.e.308"}]}
COMMAND: GET /session/238fc7fdfbc7ddd3047b28b6e8a40f5c/screenshot - {}
RESULT: {"script":"<script> [5351 bytes]","args":[{"element-6066-11e4-a52e-4f735466cecf":"f.EAD3BD8A607B3C6B0F6571D6E04F04B4.d.7BA4A0B2CE5E3B51676170DEA9A017EC.e.308","ELEMENT":"f.EAD3BD8A607B3C6B0F6571D6E04F04B4.d.7BA4A0B2CE5E3B51676170DEA9A017EC.e.308"}]}
COMMAND: POST /session/238fc7fdfbc7ddd3047b28b6e8a40f5c/execute/sync - {"script":"<script> [8489 bytes]","args":[{"element-6066-11e4-a52e-4f735466cecf":"f.EAD3BD8A607B3C6B0F6571D6E04F04B4.d.7BA4A0B2CE5E3B51676170DEA9A017EC.e.308","ELEMENT":"f.EAD3BD8A607B3C6B0F6571D6E04F04B4.d.7BA4A0B2CE5E3B51676170DEA9A017EC.e.308"}]}
COMMAND: GET /session/238fc7fdfbc7ddd3047b28b6e8a40f5c/screenshot - {}
RESULT: {}
RESULT: {"script":"<script> [8489 bytes]","args":[{"element-6066-11e4-a52e-4f735466cecf":"f.EAD3BD8A607B3C6B0F6571D6E04F04B4.d.7BA4A0B2CE5E3B51676170DEA9A017EC.e.308","ELEMENT":"f.EAD3BD8A607B3C6B0F6571D6E04F04B4.d.7BA4A0B2CE5E3B51676170DEA9A017EC.e.308"}]}
COMMAND: POST /session/238fc7fdfbc7ddd3047b28b6e8a40f5c/execute/sync - {"script":"<script> [5351 bytes]","args":[{"element-6066-11e4-a52e-4f735466cecf":"f.EAD3BD8A607B3C6B0F6571D6E04F04B4.d.7BA4A0B2CE5E3B51676170DEA9A017EC.e.308","ELEMENT":"f.EAD3BD8A607B3C6B0F6571D6E04F04B4.d.7BA4A0B2CE5E3B51676170DEA9A017EC.e.308"}]}
COMMAND: GET /session/238fc7fdfbc7ddd3047b28b6e8a40f5c/screenshot - {}
RESULT: {}
RESULT: {"script":"<script> [5351 bytes]","args":[{"element-6066-11e4-a52e-4f735466cecf":"f.EAD3BD8A607B3C6B0F6571D6E04F04B4.d.7BA4A0B2CE5E3B51676170DEA9A017EC.e.308","ELEMENT":"f.EAD3BD8A607B3C6B0F6571D6E04F04B4.d.7BA4A0B2CE5E3B51676170DEA9A017EC.e.308"}]}
COMMAND: GET /session/238fc7fdfbc7ddd3047b28b6e8a40f5c/screenshot - {}
COMMAND: POST /session/238fc7fdfbc7ddd3047b28b6e8a40f5c/execute/sync - {"script":"<script> [8489 bytes]","args":[{"element-6066-11e4-a52e-4f735466cecf":"f.EAD3BD8A607B3C6B0F6571D6E04F04B4.d.7BA4A0B2CE5E3B51676170DEA9A017EC.e.308","ELEMENT":"f.EAD3BD8A607B3C6B0F6571D6E04F04B4.d.7BA4A0B2CE5E3B51676170DEA9A017EC.e.308"}]}
RESULT: {}
RESULT: {}
RESULT: {"script":"<script> [8489 bytes]","args":[{"element-6066-11e4-a52e-4f735466cecf":"f.EAD3BD8A607B3C6B0F6571D6E04F04B4.d.7BA4A0B2CE5E3B51676170DEA9A017EC.e.308","ELEMENT":"f.EAD3BD8A607B3C6B0F6571D6E04F04B4.d.7BA4A0B2CE5E3B51676170DEA9A017EC.e.308"}]}
COMMAND: POST /session/238fc7fdfbc7ddd3047b28b6e8a40f5c/execute/sync - {"script":"<script> [5351 bytes]","args":[{"element-6066-11e4-a52e-4f735466cecf":"f.EAD3BD8A607B3C6B0F6571D6E04F04B4.d.7BA4A0B2CE5E3B51676170DEA9A017EC.e.308","ELEMENT":"f.EAD3BD8A607B3C6B0F6571D6E04F04B4.d.7BA4A0B2CE5E3B51676170DEA9A017EC.e.308"}]}
COMMAND: GET /session/238fc7fdfbc7ddd3047b28b6e8a40f5c/screenshot - {}
RESULT: {"script":"<script> [5351 bytes]","args":[{"element-6066-11e4-a52e-4f735466cecf":"f.EAD3BD8A607B3C6B0F6571D6E04F04B4.d.7BA4A0B2CE5E3B51676170DEA9A017EC.e.308","ELEMENT":"f.EAD3BD8A607B3C6B0F6571D6E04F04B4.d.7BA4A0B2CE5E3B51676170DEA9A017EC.e.308"}]}
COMMAND: GET /session/238fc7fdfbc7ddd3047b28b6e8a40f5c/screenshot - {}
COMMAND: POST /session/238fc7fdfbc7ddd3047b28b6e8a40f5c/execute/sync - {"script":"<script> [8489 bytes]","args":[{"element-6066-11e4-a52e-4f735466cecf":"f.EAD3BD8A607B3C6B0F6571D6E04F04B4.d.7BA4A0B2CE5E3B51676170DEA9A017EC.e.308","ELEMENT":"f.EAD3BD8A607B3C6B0F6571D6E04F04B4.d.7BA4A0B2CE5E3B51676170DEA9A017EC.e.308"}]}
RESULT: {}
RESULT: {}
RESULT: {"script":"<script> [8489 bytes]","args":[{"element-6066-11e4-a52e-4f735466cecf":"f.EAD3BD8A607B3C6B0F6571D6E04F04B4.d.7BA4A0B2CE5E3B51676170DEA9A017EC.e.308","ELEMENT":"f.EAD3BD8A607B3C6B0F6571D6E04F04B4.d.7BA4A0B2CE5E3B51676170DEA9A017EC.e.308"}]}
COMMAND: POST /session/238fc7fdfbc7ddd3047b28b6e8a40f5c/execute/sync - {"script":"<script> [5351 bytes]","args":[{"element-6066-11e4-a52e-4f735466cecf":"f.EAD3BD8A607B3C6B0F6571D6E04F04B4.d.7BA4A0B2CE5E3B51676170DEA9A017EC.e.308","ELEMENT":"f.EAD3BD8A607B3C6B0F6571D6E04F04B4.d.7BA4A0B2CE5E3B51676170DEA9A017EC.e.308"}]}
COMMAND: GET /session/238fc7fdfbc7ddd3047b28b6e8a40f5c/screenshot - {}
RESULT: {"script":"<script> [5351 bytes]","args":[{"element-6066-11e4-a52e-4f735466cecf":"f.EAD3BD8A607B3C6B0F6571D6E04F04B4.d.7BA4A0B2CE5E3B51676170DEA9A017EC.e.308","ELEMENT":"f.EAD3BD8A607B3C6B0F6571D6E04F04B4.d.7BA4A0B2CE5E3B51676170DEA9A017EC.e.308"}]}
COMMAND: GET /session/238fc7fdfbc7ddd3047b28b6e8a40f5c/screenshot - {}
COMMAND: POST /session/238fc7fdfbc7ddd3047b28b6e8a40f5c/execute/sync - {"script":"<script> [8489 bytes]","args":[{"element-6066-11e4-a52e-4f735466cecf":"f.EAD3BD8A607B3C6B0F6571D6E04F04B4.d.7BA4A0B2CE5E3B51676170DEA9A017EC.e.308","ELEMENT":"f.EAD3BD8A607B3C6B0F6571D6E04F04B4.d.7BA4A0B2CE5E3B51676170DEA9A017EC.e.308"}]}
RESULT: {}
RESULT: {}
RESULT: {"script":"<script> [8489 bytes]","args":[{"element-6066-11e4-a52e-4f735466cecf":"f.EAD3BD8A607B3C6B0F6571D6E04F04B4.d.7BA4A0B2CE5E3B51676170DEA9A017EC.e.308","ELEMENT":"f.EAD3BD8A607B3C6B0F6571D6E04F04B4.d.7BA4A0B2CE5E3B51676170DEA9A017EC.e.308"}]}
COMMAND: POST /session/238fc7fdfbc7ddd3047b28b6e8a40f5c/execute/sync - {"script":"<script> [5351 bytes]","args":[{"element-6066-11e4-a52e-4f735466cecf":"f.EAD3BD8A607B3C6B0F6571D6E04F04B4.d.7BA4A0B2CE5E3B51676170DEA9A017EC.e.308","ELEMENT":"f.EAD3BD8A607B3C6B0F6571D6E04F04B4.d.7BA4A0B2CE5E3B51676170DEA9A017EC.e.308"}]}
COMMAND: GET /session/238fc7fdfbc7ddd3047b28b6e8a40f5c/screenshot - {}
RESULT: {"script":"<script> [5351 bytes]","args":[{"element-6066-11e4-a52e-4f735466cecf":"f.EAD3BD8A607B3C6B0F6571D6E04F04B4.d.7BA4A0B2CE5E3B51676170DEA9A017EC.e.308","ELEMENT":"f.EAD3BD8A607B3C6B0F6571D6E04F04B4.d.7BA4A0B2CE5E3B51676170DEA9A017EC.e.308"}]}
COMMAND: POST /session/238fc7fdfbc7ddd3047b28b6e8a40f5c/execute/sync - {"script":"<script> [8489 bytes]","args":[{"element-6066-11e4-a52e-4f735466cecf":"f.EAD3BD8A607B3C6B0F6571D6E04F04B4.d.7BA4A0B2CE5E3B51676170DEA9A017EC.e.308","ELEMENT":"f.EAD3BD8A607B3C6B0F6571D6E04F04B4.d.7BA4A0B2CE5E3B51676170DEA9A017EC.e.308"}]}
COMMAND: GET /session/238fc7fdfbc7ddd3047b28b6e8a40f5c/screenshot - {}
RESULT: {}
RESULT: {"script":"<script> [8489 bytes]","args":[{"element-6066-11e4-a52e-4f735466cecf":"f.EAD3BD8A607B3C6B0F6571D6E04F04B4.d.7BA4A0B2CE5E3B51676170DEA9A017EC.e.308","ELEMENT":"f.EAD3BD8A607B3C6B0F6571D6E04F04B4.d.7BA4A0B2CE5E3B51676170DEA9A017EC.e.308"}]}
COMMAND: POST /session/238fc7fdfbc7ddd3047b28b6e8a40f5c/execute/sync - {"script":"<script> [5351 bytes]","args":[{"element-6066-11e4-a52e-4f735466cecf":"f.EAD3BD8A607B3C6B0F6571D6E04F04B4.d.7BA4A0B2CE5E3B51676170DEA9A017EC.e.308","ELEMENT":"f.EAD3BD8A607B3C6B0F6571D6E04F04B4.d.7BA4A0B2CE5E3B51676170DEA9A017EC.e.308"}]}
COMMAND: GET /session/238fc7fdfbc7ddd3047b28b6e8a40f5c/screenshot - {}
RESULT: {}
RESULT: {"script":"<script> [5351 bytes]","args":[{"element-6066-11e4-a52e-4f735466cecf":"f.EAD3BD8A607B3C6B0F6571D6E04F04B4.d.7BA4A0B2CE5E3B51676170DEA9A017EC.e.308","ELEMENT":"f.EAD3BD8A607B3C6B0F6571D6E04F04B4.d.7BA4A0B2CE5E3B51676170DEA9A017EC.e.308"}]}
COMMAND: GET /session/238fc7fdfbc7ddd3047b28b6e8a40f5c/screenshot - {}
COMMAND: POST /session/238fc7fdfbc7ddd3047b28b6e8a40f5c/execute/sync - {"script":"<script> [8489 bytes]","args":[{"element-6066-11e4-a52e-4f735466cecf":"f.EAD3BD8A607B3C6B0F6571D6E04F04B4.d.7BA4A0B2CE5E3B51676170DEA9A017EC.e.308","ELEMENT":"f.EAD3BD8A607B3C6B0F6571D6E04F04B4.d.7BA4A0B2CE5E3B51676170DEA9A017EC.e.308"}]}
RESULT: {}
RESULT: {}
RESULT: {"script":"<script> [8489 bytes]","args":[{"element-6066-11e4-a52e-4f735466cecf":"f.EAD3BD8A607B3C6B0F6571D6E04F04B4.d.7BA4A0B2CE5E3B51676170DEA9A017EC.e.308","ELEMENT":"f.EAD3BD8A607B3C6B0F6571D6E04F04B4.d.7BA4A0B2CE5E3B51676170DEA9A017EC.e.308"}]}
COMMAND: POST /session/238fc7fdfbc7ddd3047b28b6e8a40f5c/execute/sync - {"script":"<script> [5351 bytes]","args":[{"element-6066-11e4-a52e-4f735466cecf":"f.EAD3BD8A607B3C6B0F6571D6E04F04B4.d.7BA4A0B2CE5E3B51676170DEA9A017EC.e.308","ELEMENT":"f.EAD3BD8A607B3C6B0F6571D6E04F04B4.d.7BA4A0B2CE5E3B51676170DEA9A017EC.e.308"}]}
COMMAND: GET /session/238fc7fdfbc7ddd3047b28b6e8a40f5c/screenshot - {}
RESULT: {"script":"<script> [5351 bytes]","args":[{"element-6066-11e4-a52e-4f735466cecf":"f.EAD3BD8A607B3C6B0F6571D6E04F04B4.d.7BA4A0B2CE5E3B51676170DEA9A017EC.e.308","ELEMENT":"f.EAD3BD8A607B3C6B0F6571D6E04F04B4.d.7BA4A0B2CE5E3B51676170DEA9A017EC.e.308"}]}
COMMAND: GET /session/238fc7fdfbc7ddd3047b28b6e8a40f5c/screenshot - {}
COMMAND: POST /session/238fc7fdfbc7ddd3047b28b6e8a40f5c/execute/sync - {"script":"<script> [8489 bytes]","args":[{"element-6066-11e4-a52e-4f735466cecf":"f.EAD3BD8A607B3C6B0F6571D6E04F04B4.d.7BA4A0B2CE5E3B51676170DEA9A017EC.e.308","ELEMENT":"f.EAD3BD8A607B3C6B0F6571D6E04F04B4.d.7BA4A0B2CE5E3B51676170DEA9A017EC.e.308"}]}
RESULT: {}
RESULT: {}
RESULT: {"script":"<script> [8489 bytes]","args":[{"element-6066-11e4-a52e-4f735466cecf":"f.EAD3BD8A607B3C6B0F6571D6E04F04B4.d.7BA4A0B2CE5E3B51676170DEA9A017EC.e.308","ELEMENT":"f.EAD3BD8A607B3C6B0F6571D6E04F04B4.d.7BA4A0B2CE5E3B51676170DEA9A017EC.e.308"}]}
COMMAND: POST /session/238fc7fdfbc7ddd3047b28b6e8a40f5c/execute/sync - {"script":"<script> [5351 bytes]","args":[{"element-6066-11e4-a52e-4f735466cecf":"f.EAD3BD8A607B3C6B0F6571D6E04F04B4.d.7BA4A0B2CE5E3B51676170DEA9A017EC.e.308","ELEMENT":"f.EAD3BD8A607B3C6B0F6571D6E04F04B4.d.7BA4A0B2CE5E3B51676170DEA9A017EC.e.308"}]}
COMMAND: GET /session/238fc7fdfbc7ddd3047b28b6e8a40f5c/screenshot - {}
RESULT: {"script":"<script> [5351 bytes]","args":[{"element-6066-11e4-a52e-4f735466cecf":"f.EAD3BD8A607B3C6B0F6571D6E04F04B4.d.7BA4A0B2CE5E3B51676170DEA9A017EC.e.308","ELEMENT":"f.EAD3BD8A607B3C6B0F6571D6E04F04B4.d.7BA4A0B2CE5E3B51676170DEA9A017EC.e.308"}]}
COMMAND: GET /session/238fc7fdfbc7ddd3047b28b6e8a40f5c/screenshot - {}
COMMAND: POST /session/238fc7fdfbc7ddd3047b28b6e8a40f5c/execute/sync - {"script":"<script> [8489 bytes]","args":[{"element-6066-11e4-a52e-4f735466cecf":"f.EAD3BD8A607B3C6B0F6571D6E04F04B4.d.7BA4A0B2CE5E3B51676170DEA9A017EC.e.308","ELEMENT":"f.EAD3BD8A607B3C6B0F6571D6E04F04B4.d.7BA4A0B2CE5E3B51676170DEA9A017EC.e.308"}]}
RESULT: {}
RESULT: {}
RESULT: {"script":"<script> [8489 bytes]","args":[{"element-6066-11e4-a52e-4f735466cecf":"f.EAD3BD8A607B3C6B0F6571D6E04F04B4.d.7BA4A0B2CE5E3B51676170DEA9A017EC.e.308","ELEMENT":"f.EAD3BD8A607B3C6B0F6571D6E04F04B4.d.7BA4A0B2CE5E3B51676170DEA9A017EC.e.308"}]}
COMMAND: POST /session/238fc7fdfbc7ddd3047b28b6e8a40f5c/execute/sync - {"script":"<script> [5351 bytes]","args":[{"element-6066-11e4-a52e-4f735466cecf":"f.EAD3BD8A607B3C6B0F6571D6E04F04B4.d.7BA4A0B2CE5E3B51676170DEA9A017EC.e.308","ELEMENT":"f.EAD3BD8A607B3C6B0F6571D6E04F04B4.d.7BA4A0B2CE5E3B51676170DEA9A017EC.e.308"}]}
COMMAND: GET /session/238fc7fdfbc7ddd3047b28b6e8a40f5c/screenshot - {}
RESULT: {"script":"<script> [5351 bytes]","args":[{"element-6066-11e4-a52e-4f735466cecf":"f.EAD3BD8A607B3C6B0F6571D6E04F04B4.d.7BA4A0B2CE5E3B51676170DEA9A017EC.e.308","ELEMENT":"f.EAD3BD8A607B3C6B0F6571D6E04F04B4.d.7BA4A0B2CE5E3B51676170DEA9A017EC.e.308"}]}
COMMAND: GET /session/238fc7fdfbc7ddd3047b28b6e8a40f5c/screenshot - {}
COMMAND: POST /session/238fc7fdfbc7ddd3047b28b6e8a40f5c/execute/sync - {"script":"<script> [8489 bytes]","args":[{"element-6066-11e4-a52e-4f735466cecf":"f.EAD3BD8A607B3C6B0F6571D6E04F04B4.d.7BA4A0B2CE5E3B51676170DEA9A017EC.e.308","ELEMENT":"f.EAD3BD8A607B3C6B0F6571D6E04F04B4.d.7BA4A0B2CE5E3B51676170DEA9A017EC.e.308"}]}
RESULT: {}
RESULT: {}
RESULT: {"script":"<script> [8489 bytes]","args":[{"element-6066-11e4-a52e-4f735466cecf":"f.EAD3BD8A607B3C6B0F6571D6E04F04B4.d.7BA4A0B2CE5E3B51676170DEA9A017EC.e.308","ELEMENT":"f.EAD3BD8A607B3C6B0F6571D6E04F04B4.d.7BA4A0B2CE5E3B51676170DEA9A017EC.e.308"}]}
COMMAND: POST /session/238fc7fdfbc7ddd3047b28b6e8a40f5c/execute/sync - {"script":"<script> [5351 bytes]","args":[{"element-6066-11e4-a52e-4f735466cecf":"f.EAD3BD8A607B3C6B0F6571D6E04F04B4.d.7BA4A0B2CE5E3B51676170DEA9A017EC.e.308","ELEMENT":"f.EAD3BD8A607B3C6B0F6571D6E04F04B4.d.7BA4A0B2CE5E3B51676170DEA9A017EC.e.308"}]}
COMMAND: GET /session/238fc7fdfbc7ddd3047b28b6e8a40f5c/screenshot - {}
RESULT: {"script":"<script> [5351 bytes]","args":[{"element-6066-11e4-a52e-4f735466cecf":"f.EAD3BD8A607B3C6B0F6571D6E04F04B4.d.7BA4A0B2CE5E3B51676170DEA9A017EC.e.308","ELEMENT":"f.EAD3BD8A607B3C6B0F6571D6E04F04B4.d.7BA4A0B2CE5E3B51676170DEA9A017EC.e.308"}]}
COMMAND: GET /session/238fc7fdfbc7ddd3047b28b6e8a40f5c/screenshot - {}
COMMAND: POST /session/238fc7fdfbc7ddd3047b28b6e8a40f5c/execute/sync - {"script":"<script> [8489 bytes]","args":[{"element-6066-11e4-a52e-4f735466cecf":"f.EAD3BD8A607B3C6B0F6571D6E04F04B4.d.7BA4A0B2CE5E3B51676170DEA9A017EC.e.308","ELEMENT":"f.EAD3BD8A607B3C6B0F6571D6E04F04B4.d.7BA4A0B2CE5E3B51676170DEA9A017EC.e.308"}]}
RESULT: {}
RESULT: {}
RESULT: {"script":"<script> [8489 bytes]","args":[{"element-6066-11e4-a52e-4f735466cecf":"f.EAD3BD8A607B3C6B0F6571D6E04F04B4.d.7BA4A0B2CE5E3B51676170DEA9A017EC.e.308","ELEMENT":"f.EAD3BD8A607B3C6B0F6571D6E04F04B4.d.7BA4A0B2CE5E3B51676170DEA9A017EC.e.308"}]}
COMMAND: POST /session/238fc7fdfbc7ddd3047b28b6e8a40f5c/execute/sync - {"script":"<script> [5351 bytes]","args":[{"element-6066-11e4-a52e-4f735466cecf":"f.EAD3BD8A607B3C6B0F6571D6E04F04B4.d.7BA4A0B2CE5E3B51676170DEA9A017EC.e.308","ELEMENT":"f.EAD3BD8A607B3C6B0F6571D6E04F04B4.d.7BA4A0B2CE5E3B51676170DEA9A017EC.e.308"}]}
COMMAND: GET /session/238fc7fdfbc7ddd3047b28b6e8a40f5c/screenshot - {}
RESULT: {"script":"<script> [5351 bytes]","args":[{"element-6066-11e4-a52e-4f735466cecf":"f.EAD3BD8A607B3C6B0F6571D6E04F04B4.d.7BA4A0B2CE5E3B51676170DEA9A017EC.e.308","ELEMENT":"f.EAD3BD8A607B3C6B0F6571D6E04F04B4.d.7BA4A0B2CE5E3B51676170DEA9A017EC.e.308"}]}
COMMAND: GET /session/238fc7fdfbc7ddd3047b28b6e8a40f5c/screenshot - {}
COMMAND: POST /session/238fc7fdfbc7ddd3047b28b6e8a40f5c/execute/sync - {"script":"<script> [8489 bytes]","args":[{"element-6066-11e4-a52e-4f735466cecf":"f.EAD3BD8A607B3C6B0F6571D6E04F04B4.d.7BA4A0B2CE5E3B51676170DEA9A017EC.e.308","ELEMENT":"f.EAD3BD8A607B3C6B0F6571D6E04F04B4.d.7BA4A0B2CE5E3B51676170DEA9A017EC.e.308"}]}
RESULT: {}
RESULT: {"script":"<script> [8489 bytes]","args":[{"element-6066-11e4-a52e-4f735466cecf":"f.EAD3BD8A607B3C6B0F6571D6E04F04B4.d.7BA4A0B2CE5E3B51676170DEA9A017EC.e.308","ELEMENT":"f.EAD3BD8A607B3C6B0F6571D6E04F04B4.d.7BA4A0B2CE5E3B51676170DEA9A017EC.e.308"}]}
COMMAND: POST /session/238fc7fdfbc7ddd3047b28b6e8a40f5c/execute/sync - {"script":"<script> [5351 bytes]","args":[{"element-6066-11e4-a52e-4f735466cecf":"f.EAD3BD8A607B3C6B0F6571D6E04F04B4.d.7BA4A0B2CE5E3B51676170DEA9A017EC.e.308","ELEMENT":"f.EAD3BD8A607B3C6B0F6571D6E04F04B4.d.7BA4A0B2CE5E3B51676170DEA9A017EC.e.308"}]}
COMMAND: GET /session/238fc7fdfbc7ddd3047b28b6e8a40f5c/screenshot - {}
RESULT: {}
RESULT: {"script":"<script> [5351 bytes]","args":[{"element-6066-11e4-a52e-4f735466cecf":"f.EAD3BD8A607B3C6B0F6571D6E04F04B4.d.7BA4A0B2CE5E3B51676170DEA9A017EC.e.308","ELEMENT":"f.EAD3BD8A607B3C6B0F6571D6E04F04B4.d.7BA4A0B2CE5E3B51676170DEA9A017EC.e.308"}]}
COMMAND: GET /session/238fc7fdfbc7ddd3047b28b6e8a40f5c/screenshot - {}
COMMAND: POST /session/238fc7fdfbc7ddd3047b28b6e8a40f5c/execute/sync - {"script":"<script> [8489 bytes]","args":[{"element-6066-11e4-a52e-4f735466cecf":"f.EAD3BD8A607B3C6B0F6571D6E04F04B4.d.7BA4A0B2CE5E3B51676170DEA9A017EC.e.308","ELEMENT":"f.EAD3BD8A607B3C6B0F6571D6E04F04B4.d.7BA4A0B2CE5E3B51676170DEA9A017EC.e.308"}]}
RESULT: {}
RESULT: {}
RESULT: {"script":"<script> [8489 bytes]","args":[{"element-6066-11e4-a52e-4f735466cecf":"f.EAD3BD8A607B3C6B0F6571D6E04F04B4.d.7BA4A0B2CE5E3B51676170DEA9A017EC.e.308","ELEMENT":"f.EAD3BD8A607B3C6B0F6571D6E04F04B4.d.7BA4A0B2CE5E3B51676170DEA9A017EC.e.308"}]}
COMMAND: POST /session/238fc7fdfbc7ddd3047b28b6e8a40f5c/execute/sync - {"script":"<script> [5351 bytes]","args":[{"element-6066-11e4-a52e-4f735466cecf":"f.EAD3BD8A607B3C6B0F6571D6E04F04B4.d.7BA4A0B2CE5E3B51676170DEA9A017EC.e.308","ELEMENT":"f.EAD3BD8A607B3C6B0F6571D6E04F04B4.d.7BA4A0B2CE5E3B51676170DEA9A017EC.e.308"}]}
COMMAND: GET /session/238fc7fdfbc7ddd3047b28b6e8a40f5c/screenshot - {}
RESULT: {"script":"<script> [5351 bytes]","args":[{"element-6066-11e4-a52e-4f735466cecf":"f.EAD3BD8A607B3C6B0F6571D6E04F04B4.d.7BA4A0B2CE5E3B51676170DEA9A017EC.e.308","ELEMENT":"f.EAD3BD8A607B3C6B0F6571D6E04F04B4.d.7BA4A0B2CE5E3B51676170DEA9A017EC.e.308"}]}
COMMAND: GET /session/238fc7fdfbc7ddd3047b28b6e8a40f5c/screenshot - {}
COMMAND: POST /session/238fc7fdfbc7ddd3047b28b6e8a40f5c/execute/sync - {"script":"<script> [8489 bytes]","args":[{"element-6066-11e4-a52e-4f735466cecf":"f.EAD3BD8A607B3C6B0F6571D6E04F04B4.d.7BA4A0B2CE5E3B51676170DEA9A017EC.e.308","ELEMENT":"f.EAD3BD8A607B3C6B0F6571D6E04F04B4.d.7BA4A0B2CE5E3B51676170DEA9A017EC.e.308"}]}
RESULT: {}
RESULT: {"script":"<script> [8489 bytes]","args":[{"element-6066-11e4-a52e-4f735466cecf":"f.EAD3BD8A607B3C6B0F6571D6E04F04B4.d.7BA4A0B2CE5E3B51676170DEA9A017EC.e.308","ELEMENT":"f.EAD3BD8A607B3C6B0F6571D6E04F04B4.d.7BA4A0B2CE5E3B51676170DEA9A017EC.e.308"}]}
COMMAND: POST /session/238fc7fdfbc7ddd3047b28b6e8a40f5c/execute/sync - {"script":"<script> [5351 bytes]","args":[{"element-6066-11e4-a52e-4f735466cecf":"f.EAD3BD8A607B3C6B0F6571D6E04F04B4.d.7BA4A0B2CE5E3B51676170DEA9A017EC.e.308","ELEMENT":"f.EAD3BD8A607B3C6B0F6571D6E04F04B4.d.7BA4A0B2CE5E3B51676170DEA9A017EC.e.308"}]}
COMMAND: GET /session/238fc7fdfbc7ddd3047b28b6e8a40f5c/screenshot - {}
RESULT: {}
RESULT: {"script":"<script> [5351 bytes]","args":[{"element-6066-11e4-a52e-4f735466cecf":"f.EAD3BD8A607B3C6B0F6571D6E04F04B4.d.7BA4A0B2CE5E3B51676170DEA9A017EC.e.308","ELEMENT":"f.EAD3BD8A607B3C6B0F6571D6E04F04B4.d.7BA4A0B2CE5E3B51676170DEA9A017EC.e.308"}]}
COMMAND: POST /session/238fc7fdfbc7ddd3047b28b6e8a40f5c/execute/sync - {"script":"<script> [8489 bytes]","args":[{"element-6066-11e4-a52e-4f735466cecf":"f.EAD3BD8A607B3C6B0F6571D6E04F04B4.d.7BA4A0B2CE5E3B51676170DEA9A017EC.e.308","ELEMENT":"f.EAD3BD8A607B3C6B0F6571D6E04F04B4.d.7BA4A0B2CE5E3B51676170DEA9A017EC.e.308"}]}
COMMAND: GET /session/238fc7fdfbc7ddd3047b28b6e8a40f5c/screenshot - {}
RESULT: {}
RESULT: {"script":"<script> [8489 bytes]","args":[{"element-6066-11e4-a52e-4f735466cecf":"f.EAD3BD8A607B3C6B0F6571D6E04F04B4.d.7BA4A0B2CE5E3B51676170DEA9A017EC.e.308","ELEMENT":"f.EAD3BD8A607B3C6B0F6571D6E04F04B4.d.7BA4A0B2CE5E3B51676170DEA9A017EC.e.308"}]}
COMMAND: POST /session/238fc7fdfbc7ddd3047b28b6e8a40f5c/execute/sync - {"script":"<script> [5351 bytes]","args":[{"element-6066-11e4-a52e-4f735466cecf":"f.EAD3BD8A607B3C6B0F6571D6E04F04B4.d.7BA4A0B2CE5E3B51676170DEA9A017EC.e.308","ELEMENT":"f.EAD3BD8A607B3C6B0F6571D6E04F04B4.d.7BA4A0B2CE5E3B51676170DEA9A017EC.e.308"}]}
COMMAND: GET /session/238fc7fdfbc7ddd3047b28b6e8a40f5c/screenshot - {}
RESULT: {}
RESULT: {"script":"<script> [5351 bytes]","args":[{"element-6066-11e4-a52e-4f735466cecf":"f.EAD3BD8A607B3C6B0F6571D6E04F04B4.d.7BA4A0B2CE5E3B51676170DEA9A017EC.e.308","ELEMENT":"f.EAD3BD8A607B3C6B0F6571D6E04F04B4.d.7BA4A0B2CE5E3B51676170DEA9A017EC.e.308"}]}
COMMAND: GET /session/238fc7fdfbc7ddd3047b28b6e8a40f5c/screenshot - {}
COMMAND: POST /session/238fc7fdfbc7ddd3047b28b6e8a40f5c/execute/sync - {"script":"<script> [8489 bytes]","args":[{"element-6066-11e4-a52e-4f735466cecf":"f.EAD3BD8A607B3C6B0F6571D6E04F04B4.d.7BA4A0B2CE5E3B51676170DEA9A017EC.e.308","ELEMENT":"f.EAD3BD8A607B3C6B0F6571D6E04F04B4.d.7BA4A0B2CE5E3B51676170DEA9A017EC.e.308"}]}
RESULT: {}
RESULT: {}
RESULT: {"script":"<script> [8489 bytes]","args":[{"element-6066-11e4-a52e-4f735466cecf":"f.EAD3BD8A607B3C6B0F6571D6E04F04B4.d.7BA4A0B2CE5E3B51676170DEA9A017EC.e.308","ELEMENT":"f.EAD3BD8A607B3C6B0F6571D6E04F04B4.d.7BA4A0B2CE5E3B51676170DEA9A017EC.e.308"}]}
COMMAND: POST /session/238fc7fdfbc7ddd3047b28b6e8a40f5c/execute/sync - {"script":"<script> [5351 bytes]","args":[{"element-6066-11e4-a52e-4f735466cecf":"f.EAD3BD8A607B3C6B0F6571D6E04F04B4.d.7BA4A0B2CE5E3B51676170DEA9A017EC.e.308","ELEMENT":"f.EAD3BD8A607B3C6B0F6571D6E04F04B4.d.7BA4A0B2CE5E3B51676170DEA9A017EC.e.308"}]}
COMMAND: GET /session/238fc7fdfbc7ddd3047b28b6e8a40f5c/screenshot - {}
RESULT: {"script":"<script> [5351 bytes]","args":[{"element-6066-11e4-a52e-4f735466cecf":"f.EAD3BD8A607B3C6B0F6571D6E04F04B4.d.7BA4A0B2CE5E3B51676170DEA9A017EC.e.308","ELEMENT":"f.EAD3BD8A607B3C6B0F6571D6E04F04B4.d.7BA4A0B2CE5E3B51676170DEA9A017EC.e.308"}]}
COMMAND: GET /session/238fc7fdfbc7ddd3047b28b6e8a40f5c/screenshot - {}
COMMAND: POST /session/238fc7fdfbc7ddd3047b28b6e8a40f5c/execute/sync - {"script":"<script> [8489 bytes]","args":[{"element-6066-11e4-a52e-4f735466cecf":"f.EAD3BD8A607B3C6B0F6571D6E04F04B4.d.7BA4A0B2CE5E3B51676170DEA9A017EC.e.308","ELEMENT":"f.EAD3BD8A607B3C6B0F6571D6E04F04B4.d.7BA4A0B2CE5E3B51676170DEA9A017EC.e.308"}]}
RESULT: {}
RESULT: {}
RESULT: {"script":"<script> [8489 bytes]","args":[{"element-6066-11e4-a52e-4f735466cecf":"f.EAD3BD8A607B3C6B0F6571D6E04F04B4.d.7BA4A0B2CE5E3B51676170DEA9A017EC.e.308","ELEMENT":"f.EAD3BD8A607B3C6B0F6571D6E04F04B4.d.7BA4A0B2CE5E3B51676170DEA9A017EC.e.308"}]}
COMMAND: POST /session/238fc7fdfbc7ddd3047b28b6e8a40f5c/execute/sync - {"script":"<script> [5351 bytes]","args":[{"element-6066-11e4-a52e-4f735466cecf":"f.EAD3BD8A607B3C6B0F6571D6E04F04B4.d.7BA4A0B2CE5E3B51676170DEA9A017EC.e.308","ELEMENT":"f.EAD3BD8A607B3C6B0F6571D6E04F04B4.d.7BA4A0B2CE5E3B51676170DEA9A017EC.e.308"}]}
COMMAND: GET /session/238fc7fdfbc7ddd3047b28b6e8a40f5c/screenshot - {}
RESULT: {"script":"<script> [5351 bytes]","args":[{"element-6066-11e4-a52e-4f735466cecf":"f.EAD3BD8A607B3C6B0F6571D6E04F04B4.d.7BA4A0B2CE5E3B51676170DEA9A017EC.e.308","ELEMENT":"f.EAD3BD8A607B3C6B0F6571D6E04F04B4.d.7BA4A0B2CE5E3B51676170DEA9A017EC.e.308"}]}
COMMAND: GET /session/238fc7fdfbc7ddd3047b28b6e8a40f5c/screenshot - {}
COMMAND: POST /session/238fc7fdfbc7ddd3047b28b6e8a40f5c/execute/sync - {"script":"<script> [8489 bytes]","args":[{"element-6066-11e4-a52e-4f735466cecf":"f.EAD3BD8A607B3C6B0F6571D6E04F04B4.d.7BA4A0B2CE5E3B51676170DEA9A017EC.e.308","ELEMENT":"f.EAD3BD8A607B3C6B0F6571D6E04F04B4.d.7BA4A0B2CE5E3B51676170DEA9A017EC.e.308"}]}
RESULT: {}
RESULT: {"script":"<script> [8489 bytes]","args":[{"element-6066-11e4-a52e-4f735466cecf":"f.EAD3BD8A607B3C6B0F6571D6E04F04B4.d.7BA4A0B2CE5E3B51676170DEA9A017EC.e.308","ELEMENT":"f.EAD3BD8A607B3C6B0F6571D6E04F04B4.d.7BA4A0B2CE5E3B51676170DEA9A017EC.e.308"}]}
COMMAND: POST /session/238fc7fdfbc7ddd3047b28b6e8a40f5c/execute/sync - {"script":"<script> [5351 bytes]","args":[{"element-6066-11e4-a52e-4f735466cecf":"f.EAD3BD8A607B3C6B0F6571D6E04F04B4.d.7BA4A0B2CE5E3B51676170DEA9A017EC.e.308","ELEMENT":"f.EAD3BD8A607B3C6B0F6571D6E04F04B4.d.7BA4A0B2CE5E3B51676170DEA9A017EC.e.308"}]}
COMMAND: GET /session/238fc7fdfbc7ddd3047b28b6e8a40f5c/screenshot - {}
RESULT: {}
RESULT: {"script":"<script> [5351 bytes]","args":[{"element-6066-11e4-a52e-4f735466cecf":"f.EAD3BD8A607B3C6B0F6571D6E04F04B4.d.7BA4A0B2CE5E3B51676170DEA9A017EC.e.308","ELEMENT":"f.EAD3BD8A607B3C6B0F6571D6E04F04B4.d.7BA4A0B2CE5E3B51676170DEA9A017EC.e.308"}]}
COMMAND: POST /session/238fc7fdfbc7ddd3047b28b6e8a40f5c/execute/sync - {"script":"<script> [8489 bytes]","args":[{"element-6066-11e4-a52e-4f735466cecf":"f.EAD3BD8A607B3C6B0F6571D6E04F04B4.d.7BA4A0B2CE5E3B51676170DEA9A017EC.e.308","ELEMENT":"f.EAD3BD8A607B3C6B0F6571D6E04F04B4.d.7BA4A0B2CE5E3B51676170DEA9A017EC.e.308"}]}
COMMAND: GET /session/238fc7fdfbc7ddd3047b28b6e8a40f5c/screenshot - {}
RESULT: {}
RESULT: {"script":"<script> [8489 bytes]","args":[{"element-6066-11e4-a52e-4f735466cecf":"f.EAD3BD8A607B3C6B0F6571D6E04F04B4.d.7BA4A0B2CE5E3B51676170DEA9A017EC.e.308","ELEMENT":"f.EAD3BD8A607B3C6B0F6571D6E04F04B4.d.7BA4A0B2CE5E3B51676170DEA9A017EC.e.308"}]}
COMMAND: POST /session/238fc7fdfbc7ddd3047b28b6e8a40f5c/execute/sync - {"script":"<script> [5351 bytes]","args":[{"element-6066-11e4-a52e-4f735466cecf":"f.EAD3BD8A607B3C6B0F6571D6E04F04B4.d.7BA4A0B2CE5E3B51676170DEA9A017EC.e.308","ELEMENT":"f.EAD3BD8A607B3C6B0F6571D6E04F04B4.d.7BA4A0B2CE5E3B51676170DEA9A017EC.e.308"}]}
COMMAND: GET /session/238fc7fdfbc7ddd3047b28b6e8a40f5c/screenshot - {}
RESULT: {}
RESULT: {"script":"<script> [5351 bytes]","args":[{"element-6066-11e4-a52e-4f735466cecf":"f.EAD3BD8A607B3C6B0F6571D6E04F04B4.d.7BA4A0B2CE5E3B51676170DEA9A017EC.e.308","ELEMENT":"f.EAD3BD8A607B3C6B0F6571D6E04F04B4.d.7BA4A0B2CE5E3B51676170DEA9A017EC.e.308"}]}
COMMAND: POST /session/238fc7fdfbc7ddd3047b28b6e8a40f5c/execute/sync - {"script":"<script> [8489 bytes]","args":[{"element-6066-11e4-a52e-4f735466cecf":"f.EAD3BD8A607B3C6B0F6571D6E04F04B4.d.7BA4A0B2CE5E3B51676170DEA9A017EC.e.308","ELEMENT":"f.EAD3BD8A607B3C6B0F6571D6E04F04B4.d.7BA4A0B2CE5E3B51676170DEA9A017EC.e.308"}]}
COMMAND: GET /session/238fc7fdfbc7ddd3047b28b6e8a40f5c/screenshot - {}
RESULT: {}
RESULT: {"script":"<script> [8489 bytes]","args":[{"element-6066-11e4-a52e-4f735466cecf":"f.EAD3BD8A607B3C6B0F6571D6E04F04B4.d.7BA4A0B2CE5E3B51676170DEA9A017EC.e.308","ELEMENT":"f.EAD3BD8A607B3C6B0F6571D6E04F04B4.d.7BA4A0B2CE5E3B51676170DEA9A017EC.e.308"}]}
COMMAND: POST /session/238fc7fdfbc7ddd3047b28b6e8a40f5c/execute/sync - {"script":"<script> [5351 bytes]","args":[{"element-6066-11e4-a52e-4f735466cecf":"f.EAD3BD8A607B3C6B0F6571D6E04F04B4.d.7BA4A0B2CE5E3B51676170DEA9A017EC.e.308","ELEMENT":"f.EAD3BD8A607B3C6B0F6571D6E04F04B4.d.7BA4A0B2CE5E3B51676170DEA9A017EC.e.308"}]}
COMMAND: GET /session/238fc7fdfbc7ddd3047b28b6e8a40f5c/screenshot - {}
RESULT: {}
RESULT: {"script":"<script> [5351 bytes]","args":[{"element-6066-11e4-a52e-4f735466cecf":"f.EAD3BD8A607B3C6B0F6571D6E04F04B4.d.7BA4A0B2CE5E3B51676170DEA9A017EC.e.308","ELEMENT":"f.EAD3BD8A607B3C6B0F6571D6E04F04B4.d.7BA4A0B2CE5E3B51676170DEA9A017EC.e.308"}]}
COMMAND: GET /session/238fc7fdfbc7ddd3047b28b6e8a40f5c/screenshot - {}
COMMAND: POST /session/238fc7fdfbc7ddd3047b28b6e8a40f5c/execute/sync - {"script":"<script> [8489 bytes]","args":[{"element-6066-11e4-a52e-4f735466cecf":"f.EAD3BD8A607B3C6B0F6571D6E04F04B4.d.7BA4A0B2CE5E3B51676170DEA9A017EC.e.308","ELEMENT":"f.EAD3BD8A607B3C6B0F6571D6E04F04B4.d.7BA4A0B2CE5E3B51676170DEA9A017EC.e.308"}]}
RESULT: {}
RESULT: {"script":"<script> [8489 bytes]","args":[{"element-6066-11e4-a52e-4f735466cecf":"f.EAD3BD8A607B3C6B0F6571D6E04F04B4.d.7BA4A0B2CE5E3B51676170DEA9A017EC.e.308","ELEMENT":"f.EAD3BD8A607B3C6B0F6571D6E04F04B4.d.7BA4A0B2CE5E3B51676170DEA9A017EC.e.308"}]}
COMMAND: POST /session/238fc7fdfbc7ddd3047b28b6e8a40f5c/execute/sync - {"script":"<script> [5351 bytes]","args":[{"element-6066-11e4-a52e-4f735466cecf":"f.EAD3BD8A607B3C6B0F6571D6E04F04B4.d.7BA4A0B2CE5E3B51676170DEA9A017EC.e.308","ELEMENT":"f.EAD3BD8A607B3C6B0F6571D6E04F04B4.d.7BA4A0B2CE5E3B51676170DEA9A017EC.e.308"}]}
COMMAND: GET /session/238fc7fdfbc7ddd3047b28b6e8a40f5c/screenshot - {}
RESULT: {}
RESULT: {"script":"<script> [5351 bytes]","args":[{"element-6066-11e4-a52e-4f735466cecf":"f.EAD3BD8A607B3C6B0F6571D6E04F04B4.d.7BA4A0B2CE5E3B51676170DEA9A017EC.e.308","ELEMENT":"f.EAD3BD8A607B3C6B0F6571D6E04F04B4.d.7BA4A0B2CE5E3B51676170DEA9A017EC.e.308"}]}
COMMAND: GET /session/238fc7fdfbc7ddd3047b28b6e8a40f5c/screenshot - {}
COMMAND: POST /session/238fc7fdfbc7ddd3047b28b6e8a40f5c/execute/sync - {"script":"<script> [8489 bytes]","args":[{"element-6066-11e4-a52e-4f735466cecf":"f.EAD3BD8A607B3C6B0F6571D6E04F04B4.d.7BA4A0B2CE5E3B51676170DEA9A017EC.e.308","ELEMENT":"f.EAD3BD8A607B3C6B0F6571D6E04F04B4.d.7BA4A0B2CE5E3B51676170DEA9A017EC.e.308"}]}
RESULT: {}
RESULT: {}
RESULT: {"script":"<script> [8489 bytes]","args":[{"element-6066-11e4-a52e-4f735466cecf":"f.EAD3BD8A607B3C6B0F6571D6E04F04B4.d.7BA4A0B2CE5E3B51676170DEA9A017EC.e.308","ELEMENT":"f.EAD3BD8A607B3C6B0F6571D6E04F04B4.d.7BA4A0B2CE5E3B51676170DEA9A017EC.e.308"}]}
COMMAND: POST /session/238fc7fdfbc7ddd3047b28b6e8a40f5c/execute/sync - {"script":"<script> [5351 bytes]","args":[{"element-6066-11e4-a52e-4f735466cecf":"f.EAD3BD8A607B3C6B0F6571D6E04F04B4.d.7BA4A0B2CE5E3B51676170DEA9A017EC.e.308","ELEMENT":"f.EAD3BD8A607B3C6B0F6571D6E04F04B4.d.7BA4A0B2CE5E3B51676170DEA9A017EC.e.308"}]}
COMMAND: GET /session/238fc7fdfbc7ddd3047b28b6e8a40f5c/screenshot - {}
RESULT: {"script":"<script> [5351 bytes]","args":[{"element-6066-11e4-a52e-4f735466cecf":"f.EAD3BD8A607B3C6B0F6571D6E04F04B4.d.7BA4A0B2CE5E3B51676170DEA9A017EC.e.308","ELEMENT":"f.EAD3BD8A607B3C6B0F6571D6E04F04B4.d.7BA4A0B2CE5E3B51676170DEA9A017EC.e.308"}]}
COMMAND: GET /session/238fc7fdfbc7ddd3047b28b6e8a40f5c/screenshot - {}
COMMAND: POST /session/238fc7fdfbc7ddd3047b28b6e8a40f5c/execute/sync - {"script":"<script> [8489 bytes]","args":[{"element-6066-11e4-a52e-4f735466cecf":"f.EAD3BD8A607B3C6B0F6571D6E04F04B4.d.7BA4A0B2CE5E3B51676170DEA9A017EC.e.308","ELEMENT":"f.EAD3BD8A607B3C6B0F6571D6E04F04B4.d.7BA4A0B2CE5E3B51676170DEA9A017EC.e.308"}]}
RESULT: {}
RESULT: {}
RESULT: {"script":"<script> [8489 bytes]","args":[{"element-6066-11e4-a52e-4f735466cecf":"f.EAD3BD8A607B3C6B0F6571D6E04F04B4.d.7BA4A0B2CE5E3B51676170DEA9A017EC.e.308","ELEMENT":"f.EAD3BD8A607B3C6B0F6571D6E04F04B4.d.7BA4A0B2CE5E3B51676170DEA9A017EC.e.308"}]}
COMMAND: POST /session/238fc7fdfbc7ddd3047b28b6e8a40f5c/execute/sync - {"script":"<script> [5351 bytes]","args":[{"element-6066-11e4-a52e-4f735466cecf":"f.EAD3BD8A607B3C6B0F6571D6E04F04B4.d.7BA4A0B2CE5E3B51676170DEA9A017EC.e.308","ELEMENT":"f.EAD3BD8A607B3C6B0F6571D6E04F04B4.d.7BA4A0B2CE5E3B51676170DEA9A017EC.e.308"}]}
COMMAND: GET /session/238fc7fdfbc7ddd3047b28b6e8a40f5c/screenshot - {}
RESULT: {"script":"<script> [5351 bytes]","args":[{"element-6066-11e4-a52e-4f735466cecf":"f.EAD3BD8A607B3C6B0F6571D6E04F04B4.d.7BA4A0B2CE5E3B51676170DEA9A017EC.e.308","ELEMENT":"f.EAD3BD8A607B3C6B0F6571D6E04F04B4.d.7BA4A0B2CE5E3B51676170DEA9A017EC.e.308"}]}
COMMAND: GET /session/238fc7fdfbc7ddd3047b28b6e8a40f5c/screenshot - {}
COMMAND: POST /session/238fc7fdfbc7ddd3047b28b6e8a40f5c/execute/sync - {"script":"<script> [8489 bytes]","args":[{"element-6066-11e4-a52e-4f735466cecf":"f.EAD3BD8A607B3C6B0F6571D6E04F04B4.d.7BA4A0B2CE5E3B51676170DEA9A017EC.e.308","ELEMENT":"f.EAD3BD8A607B3C6B0F6571D6E04F04B4.d.7BA4A0B2CE5E3B51676170DEA9A017EC.e.308"}]}
RESULT: {}
RESULT: {"script":"<script> [8489 bytes]","args":[{"element-6066-11e4-a52e-4f735466cecf":"f.EAD3BD8A607B3C6B0F6571D6E04F04B4.d.7BA4A0B2CE5E3B51676170DEA9A017EC.e.308","ELEMENT":"f.EAD3BD8A607B3C6B0F6571D6E04F04B4.d.7BA4A0B2CE5E3B51676170DEA9A017EC.e.308"}]}
COMMAND: POST /session/238fc7fdfbc7ddd3047b28b6e8a40f5c/execute/sync - {"script":"<script> [5351 bytes]","args":[{"element-6066-11e4-a52e-4f735466cecf":"f.EAD3BD8A607B3C6B0F6571D6E04F04B4.d.7BA4A0B2CE5E3B51676170DEA9A017EC.e.308","ELEMENT":"f.EAD3BD8A607B3C6B0F6571D6E04F04B4.d.7BA4A0B2CE5E3B51676170DEA9A017EC.e.308"}]}
COMMAND: GET /session/238fc7fdfbc7ddd3047b28b6e8a40f5c/screenshot - {}
RESULT: {}
RESULT: {"script":"<script> [5351 bytes]","args":[{"element-6066-11e4-a52e-4f735466cecf":"f.EAD3BD8A607B3C6B0F6571D6E04F04B4.d.7BA4A0B2CE5E3B51676170DEA9A017EC.e.308","ELEMENT":"f.EAD3BD8A607B3C6B0F6571D6E04F04B4.d.7BA4A0B2CE5E3B51676170DEA9A017EC.e.308"}]}
COMMAND: GET /session/238fc7fdfbc7ddd3047b28b6e8a40f5c/screenshot - {}
COMMAND: POST /session/238fc7fdfbc7ddd3047b28b6e8a40f5c/execute/sync - {"script":"<script> [8489 bytes]","args":[{"element-6066-11e4-a52e-4f735466cecf":"f.EAD3BD8A607B3C6B0F6571D6E04F04B4.d.7BA4A0B2CE5E3B51676170DEA9A017EC.e.308","ELEMENT":"f.EAD3BD8A607B3C6B0F6571D6E04F04B4.d.7BA4A0B2CE5E3B51676170DEA9A017EC.e.308"}]}
RESULT: {}
RESULT: {}
RESULT: {"script":"<script> [8489 bytes]","args":[{"element-6066-11e4-a52e-4f735466cecf":"f.EAD3BD8A607B3C6B0F6571D6E04F04B4.d.7BA4A0B2CE5E3B51676170DEA9A017EC.e.308","ELEMENT":"f.EAD3BD8A607B3C6B0F6571D6E04F04B4.d.7BA4A0B2CE5E3B51676170DEA9A017EC.e.308"}]}
COMMAND: POST /session/238fc7fdfbc7ddd3047b28b6e8a40f5c/execute/sync - {"script":"<script> [5351 bytes]","args":[{"element-6066-11e4-a52e-4f735466cecf":"f.EAD3BD8A607B3C6B0F6571D6E04F04B4.d.7BA4A0B2CE5E3B51676170DEA9A017EC.e.308","ELEMENT":"f.EAD3BD8A607B3C6B0F6571D6E04F04B4.d.7BA4A0B2CE5E3B51676170DEA9A017EC.e.308"}]}
COMMAND: GET /session/238fc7fdfbc7ddd3047b28b6e8a40f5c/screenshot - {}
RESULT: {"script":"<script> [5351 bytes]","args":[{"element-6066-11e4-a52e-4f735466cecf":"f.EAD3BD8A607B3C6B0F6571D6E04F04B4.d.7BA4A0B2CE5E3B51676170DEA9A017EC.e.308","ELEMENT":"f.EAD3BD8A607B3C6B0F6571D6E04F04B4.d.7BA4A0B2CE5E3B51676170DEA9A017EC.e.308"}]}
COMMAND: POST /session/238fc7fdfbc7ddd3047b28b6e8a40f5c/execute/sync - {"script":"<script> [8489 bytes]","args":[{"element-6066-11e4-a52e-4f735466cecf":"f.EAD3BD8A607B3C6B0F6571D6E04F04B4.d.7BA4A0B2CE5E3B51676170DEA9A017EC.e.308","ELEMENT":"f.EAD3BD8A607B3C6B0F6571D6E04F04B4.d.7BA4A0B2CE5E3B51676170DEA9A017EC.e.308"}]}
COMMAND: GET /session/238fc7fdfbc7ddd3047b28b6e8a40f5c/screenshot - {}
RESULT: {}
RESULT: {"script":"<script> [8489 bytes]","args":[{"element-6066-11e4-a52e-4f735466cecf":"f.EAD3BD8A607B3C6B0F6571D6E04F04B4.d.7BA4A0B2CE5E3B51676170DEA9A017EC.e.308","ELEMENT":"f.EAD3BD8A607B3C6B0F6571D6E04F04B4.d.7BA4A0B2CE5E3B51676170DEA9A017EC.e.308"}]}
COMMAND: POST /session/238fc7fdfbc7ddd3047b28b6e8a40f5c/execute/sync - {"script":"<script> [5351 bytes]","args":[{"element-6066-11e4-a52e-4f735466cecf":"f.EAD3BD8A607B3C6B0F6571D6E04F04B4.d.7BA4A0B2CE5E3B51676170DEA9A017EC.e.308","ELEMENT":"f.EAD3BD8A607B3C6B0F6571D6E04F04B4.d.7BA4A0B2CE5E3B51676170DEA9A017EC.e.308"}]}
COMMAND: GET /session/238fc7fdfbc7ddd3047b28b6e8a40f5c/screenshot - {}
RESULT: {}
RESULT: {"script":"<script> [5351 bytes]","args":[{"element-6066-11e4-a52e-4f735466cecf":"f.EAD3BD8A607B3C6B0F6571D6E04F04B4.d.7BA4A0B2CE5E3B51676170DEA9A017EC.e.308","ELEMENT":"f.EAD3BD8A607B3C6B0F6571D6E04F04B4.d.7BA4A0B2CE5E3B51676170DEA9A017EC.e.308"}]}
COMMAND: POST /session/238fc7fdfbc7ddd3047b28b6e8a40f5c/execute/sync - {"script":"<script> [8489 bytes]","args":[{"element-6066-11e4-a52e-4f735466cecf":"f.EAD3BD8A607B3C6B0F6571D6E04F04B4.d.7BA4A0B2CE5E3B51676170DEA9A017EC.e.308","ELEMENT":"f.EAD3BD8A607B3C6B0F6571D6E04F04B4.d.7BA4A0B2CE5E3B51676170DEA9A017EC.e.308"}]}
COMMAND: GET /session/238fc7fdfbc7ddd3047b28b6e8a40f5c/screenshot - {}
RESULT: {}
RESULT: {"script":"<script> [8489 bytes]","args":[{"element-6066-11e4-a52e-4f735466cecf":"f.EAD3BD8A607B3C6B0F6571D6E04F04B4.d.7BA4A0B2CE5E3B51676170DEA9A017EC.e.308","ELEMENT":"f.EAD3BD8A607B3C6B0F6571D6E04F04B4.d.7BA4A0B2CE5E3B51676170DEA9A017EC.e.308"}]}
COMMAND: POST /session/238fc7fdfbc7ddd3047b28b6e8a40f5c/execute/sync - {"script":"<script> [5351 bytes]","args":[{"element-6066-11e4-a52e-4f735466cecf":"f.EAD3BD8A607B3C6B0F6571D6E04F04B4.d.7BA4A0B2CE5E3B51676170DEA9A017EC.e.308","ELEMENT":"f.EAD3BD8A607B3C6B0F6571D6E04F04B4.d.7BA4A0B2CE5E3B51676170DEA9A017EC.e.308"}]}
COMMAND: GET /session/238fc7fdfbc7ddd3047b28b6e8a40f5c/screenshot - {}
RESULT: {}
RESULT: {"script":"<script> [5351 bytes]","args":[{"element-6066-11e4-a52e-4f735466cecf":"f.EAD3BD8A607B3C6B0F6571D6E04F04B4.d.7BA4A0B2CE5E3B51676170DEA9A017EC.e.308","ELEMENT":"f.EAD3BD8A607B3C6B0F6571D6E04F04B4.d.7BA4A0B2CE5E3B51676170DEA9A017EC.e.308"}]}
COMMAND: GET /session/238fc7fdfbc7ddd3047b28b6e8a40f5c/screenshot - {}
COMMAND: POST /session/238fc7fdfbc7ddd3047b28b6e8a40f5c/execute/sync - {"script":"<script> [8489 bytes]","args":[{"element-6066-11e4-a52e-4f735466cecf":"f.EAD3BD8A607B3C6B0F6571D6E04F04B4.d.7BA4A0B2CE5E3B51676170DEA9A017EC.e.308","ELEMENT":"f.EAD3BD8A607B3C6B0F6571D6E04F04B4.d.7BA4A0B2CE5E3B51676170DEA9A017EC.e.308"}]}
RESULT: {}
RESULT: {"script":"<script> [8489 bytes]","args":[{"element-6066-11e4-a52e-4f735466cecf":"f.EAD3BD8A607B3C6B0F6571D6E04F04B4.d.7BA4A0B2CE5E3B51676170DEA9A017EC.e.308","ELEMENT":"f.EAD3BD8A607B3C6B0F6571D6E04F04B4.d.7BA4A0B2CE5E3B51676170DEA9A017EC.e.308"}]}
COMMAND: POST /session/238fc7fdfbc7ddd3047b28b6e8a40f5c/execute/sync - {"script":"<script> [5351 bytes]","args":[{"element-6066-11e4-a52e-4f735466cecf":"f.EAD3BD8A607B3C6B0F6571D6E04F04B4.d.7BA4A0B2CE5E3B51676170DEA9A017EC.e.308","ELEMENT":"f.EAD3BD8A607B3C6B0F6571D6E04F04B4.d.7BA4A0B2CE5E3B51676170DEA9A017EC.e.308"}]}
COMMAND: GET /session/238fc7fdfbc7ddd3047b28b6e8a40f5c/screenshot - {}
RESULT: {}
RESULT: {"script":"<script> [5351 bytes]","args":[{"element-6066-11e4-a52e-4f735466cecf":"f.EAD3BD8A607B3C6B0F6571D6E04F04B4.d.7BA4A0B2CE5E3B51676170DEA9A017EC.e.308","ELEMENT":"f.EAD3BD8A607B3C6B0F6571D6E04F04B4.d.7BA4A0B2CE5E3B51676170DEA9A017EC.e.308"}]}
COMMAND: GET /session/238fc7fdfbc7ddd3047b28b6e8a40f5c/screenshot - {}
COMMAND: POST /session/238fc7fdfbc7ddd3047b28b6e8a40f5c/execute/sync - {"script":"<script> [8489 bytes]","args":[{"element-6066-11e4-a52e-4f735466cecf":"f.EAD3BD8A607B3C6B0F6571D6E04F04B4.d.7BA4A0B2CE5E3B51676170DEA9A017EC.e.308","ELEMENT":"f.EAD3BD8A607B3C6B0F6571D6E04F04B4.d.7BA4A0B2CE5E3B51676170DEA9A017EC.e.308"}]}
RESULT: {}
RESULT: {}
RESULT: {"script":"<script> [8489 bytes]","args":[{"element-6066-11e4-a52e-4f735466cecf":"f.EAD3BD8A607B3C6B0F6571D6E04F04B4.d.7BA4A0B2CE5E3B51676170DEA9A017EC.e.308","ELEMENT":"f.EAD3BD8A607B3C6B0F6571D6E04F04B4.d.7BA4A0B2CE5E3B51676170DEA9A017EC.e.308"}]}
COMMAND: POST /session/238fc7fdfbc7ddd3047b28b6e8a40f5c/execute/sync - {"script":"<script> [5351 bytes]","args":[{"element-6066-11e4-a52e-4f735466cecf":"f.EAD3BD8A607B3C6B0F6571D6E04F04B4.d.7BA4A0B2CE5E3B51676170DEA9A017EC.e.308","ELEMENT":"f.EAD3BD8A607B3C6B0F6571D6E04F04B4.d.7BA4A0B2CE5E3B51676170DEA9A017EC.e.308"}]}
COMMAND: GET /session/238fc7fdfbc7ddd3047b28b6e8a40f5c/screenshot - {}
RESULT: {"script":"<script> [5351 bytes]","args":[{"element-6066-11e4-a52e-4f735466cecf":"f.EAD3BD8A607B3C6B0F6571D6E04F04B4.d.7BA4A0B2CE5E3B51676170DEA9A017EC.e.308","ELEMENT":"f.EAD3BD8A607B3C6B0F6571D6E04F04B4.d.7BA4A0B2CE5E3B51676170DEA9A017EC.e.308"}]}
COMMAND: GET /session/238fc7fdfbc7ddd3047b28b6e8a40f5c/screenshot - {}
COMMAND: POST /session/238fc7fdfbc7ddd3047b28b6e8a40f5c/execute/sync - {"script":"<script> [8489 bytes]","args":[{"element-6066-11e4-a52e-4f735466cecf":"f.EAD3BD8A607B3C6B0F6571D6E04F04B4.d.7BA4A0B2CE5E3B51676170DEA9A017EC.e.308","ELEMENT":"f.EAD3BD8A607B3C6B0F6571D6E04F04B4.d.7BA4A0B2CE5E3B51676170DEA9A017EC.e.308"}]}
RESULT: {}
RESULT: {}
RESULT: {"script":"<script> [8489 bytes]","args":[{"element-6066-11e4-a52e-4f735466cecf":"f.EAD3BD8A607B3C6B0F6571D6E04F04B4.d.7BA4A0B2CE5E3B51676170DEA9A017EC.e.308","ELEMENT":"f.EAD3BD8A607B3C6B0F6571D6E04F04B4.d.7BA4A0B2CE5E3B51676170DEA9A017EC.e.308"}]}
COMMAND: POST /session/238fc7fdfbc7ddd3047b28b6e8a40f5c/execute/sync - {"script":"<script> [5351 bytes]","args":[{"element-6066-11e4-a52e-4f735466cecf":"f.EAD3BD8A607B3C6B0F6571D6E04F04B4.d.7BA4A0B2CE5E3B51676170DEA9A017EC.e.308","ELEMENT":"f.EAD3BD8A607B3C6B0F6571D6E04F04B4.d.7BA4A0B2CE5E3B51676170DEA9A017EC.e.308"}]}
COMMAND: GET /session/238fc7fdfbc7ddd3047b28b6e8a40f5c/screenshot - {}
RESULT: {"script":"<script> [5351 bytes]","args":[{"element-6066-11e4-a52e-4f735466cecf":"f.EAD3BD8A607B3C6B0F6571D6E04F04B4.d.7BA4A0B2CE5E3B51676170DEA9A017EC.e.308","ELEMENT":"f.EAD3BD8A607B3C6B0F6571D6E04F04B4.d.7BA4A0B2CE5E3B51676170DEA9A017EC.e.308"}]}
COMMAND: GET /session/238fc7fdfbc7ddd3047b28b6e8a40f5c/screenshot - {}
COMMAND: POST /session/238fc7fdfbc7ddd3047b28b6e8a40f5c/execute/sync - {"script":"<script> [8489 bytes]","args":[{"element-6066-11e4-a52e-4f735466cecf":"f.EAD3BD8A607B3C6B0F6571D6E04F04B4.d.7BA4A0B2CE5E3B51676170DEA9A017EC.e.308","ELEMENT":"f.EAD3BD8A607B3C6B0F6571D6E04F04B4.d.7BA4A0B2CE5E3B51676170DEA9A017EC.e.308"}]}
RESULT: {}
RESULT: {"script":"<script> [8489 bytes]","args":[{"element-6066-11e4-a52e-4f735466cecf":"f.EAD3BD8A607B3C6B0F6571D6E04F04B4.d.7BA4A0B2CE5E3B51676170DEA9A017EC.e.308","ELEMENT":"f.EAD3BD8A607B3C6B0F6571D6E04F04B4.d.7BA4A0B2CE5E3B51676170DEA9A017EC.e.308"}]}
COMMAND: POST /session/238fc7fdfbc7ddd3047b28b6e8a40f5c/execute/sync - {"script":"<script> [5351 bytes]","args":[{"element-6066-11e4-a52e-4f735466cecf":"f.EAD3BD8A607B3C6B0F6571D6E04F04B4.d.7BA4A0B2CE5E3B51676170DEA9A017EC.e.308","ELEMENT":"f.EAD3BD8A607B3C6B0F6571D6E04F04B4.d.7BA4A0B2CE5E3B51676170DEA9A017EC.e.308"}]}
COMMAND: GET /session/238fc7fdfbc7ddd3047b28b6e8a40f5c/screenshot - {}
RESULT: {}
RESULT: {"script":"<script> [5351 bytes]","args":[{"element-6066-11e4-a52e-4f735466cecf":"f.EAD3BD8A607B3C6B0F6571D6E04F04B4.d.7BA4A0B2CE5E3B51676170DEA9A017EC.e.308","ELEMENT":"f.EAD3BD8A607B3C6B0F6571D6E04F04B4.d.7BA4A0B2CE5E3B51676170DEA9A017EC.e.308"}]}
COMMAND: GET /session/238fc7fdfbc7ddd3047b28b6e8a40f5c/screenshot - {}
COMMAND: POST /session/238fc7fdfbc7ddd3047b28b6e8a40f5c/execute/sync - {"script":"<script> [8489 bytes]","args":[{"element-6066-11e4-a52e-4f735466cecf":"f.EAD3BD8A607B3C6B0F6571D6E04F04B4.d.7BA4A0B2CE5E3B51676170DEA9A017EC.e.308","ELEMENT":"f.EAD3BD8A607B3C6B0F6571D6E04F04B4.d.7BA4A0B2CE5E3B51676170DEA9A017EC.e.308"}]}
RESULT: {}
RESULT: {}
RESULT: {"script":"<script> [8489 bytes]","args":[{"element-6066-11e4-a52e-4f735466cecf":"f.EAD3BD8A607B3C6B0F6571D6E04F04B4.d.7BA4A0B2CE5E3B51676170DEA9A017EC.e.308","ELEMENT":"f.EAD3BD8A607B3C6B0F6571D6E04F04B4.d.7BA4A0B2CE5E3B51676170DEA9A017EC.e.308"}]}
COMMAND: POST /session/238fc7fdfbc7ddd3047b28b6e8a40f5c/execute/sync - {"script":"<script> [5351 bytes]","args":[{"element-6066-11e4-a52e-4f735466cecf":"f.EAD3BD8A607B3C6B0F6571D6E04F04B4.d.7BA4A0B2CE5E3B51676170DEA9A017EC.e.308","ELEMENT":"f.EAD3BD8A607B3C6B0F6571D6E04F04B4.d.7BA4A0B2CE5E3B51676170DEA9A017EC.e.308"}]}
COMMAND: GET /session/238fc7fdfbc7ddd3047b28b6e8a40f5c/screenshot - {}
RESULT: {"script":"<script> [5351 bytes]","args":[{"element-6066-11e4-a52e-4f735466cecf":"f.EAD3BD8A607B3C6B0F6571D6E04F04B4.d.7BA4A0B2CE5E3B51676170DEA9A017EC.e.308","ELEMENT":"f.EAD3BD8A607B3C6B0F6571D6E04F04B4.d.7BA4A0B2CE5E3B51676170DEA9A017EC.e.308"}]}
COMMAND: GET /session/238fc7fdfbc7ddd3047b28b6e8a40f5c/screenshot - {}
COMMAND: POST /session/238fc7fdfbc7ddd3047b28b6e8a40f5c/execute/sync - {"script":"<script> [8489 bytes]","args":[{"element-6066-11e4-a52e-4f735466cecf":"f.EAD3BD8A607B3C6B0F6571D6E04F04B4.d.7BA4A0B2CE5E3B51676170DEA9A017EC.e.308","ELEMENT":"f.EAD3BD8A607B3C6B0F6571D6E04F04B4.d.7BA4A0B2CE5E3B51676170DEA9A017EC.e.308"}]}
RESULT: {}
RESULT: {}
RESULT: {"script":"<script> [8489 bytes]","args":[{"element-6066-11e4-a52e-4f735466cecf":"f.EAD3BD8A607B3C6B0F6571D6E04F04B4.d.7BA4A0B2CE5E3B51676170DEA9A017EC.e.308","ELEMENT":"f.EAD3BD8A607B3C6B0F6571D6E04F04B4.d.7BA4A0B2CE5E3B51676170DEA9A017EC.e.308"}]}
COMMAND: POST /session/238fc7fdfbc7ddd3047b28b6e8a40f5c/execute/sync - {"script":"<script> [5351 bytes]","args":[{"element-6066-11e4-a52e-4f735466cecf":"f.EAD3BD8A607B3C6B0F6571D6E04F04B4.d.7BA4A0B2CE5E3B51676170DEA9A017EC.e.308","ELEMENT":"f.EAD3BD8A607B3C6B0F6571D6E04F04B4.d.7BA4A0B2CE5E3B51676170DEA9A017EC.e.308"}]}
COMMAND: GET /session/238fc7fdfbc7ddd3047b28b6e8a40f5c/screenshot - {}
RESULT: {"script":"<script> [5351 bytes]","args":[{"element-6066-11e4-a52e-4f735466cecf":"f.EAD3BD8A607B3C6B0F6571D6E04F04B4.d.7BA4A0B2CE5E3B51676170DEA9A017EC.e.308","ELEMENT":"f.EAD3BD8A607B3C6B0F6571D6E04F04B4.d.7BA4A0B2CE5E3B51676170DEA9A017EC.e.308"}]}
COMMAND: POST /session/238fc7fdfbc7ddd3047b28b6e8a40f5c/execute/sync - {"script":"<script> [8489 bytes]","args":[{"element-6066-11e4-a52e-4f735466cecf":"f.EAD3BD8A607B3C6B0F6571D6E04F04B4.d.7BA4A0B2CE5E3B51676170DEA9A017EC.e.308","ELEMENT":"f.EAD3BD8A607B3C6B0F6571D6E04F04B4.d.7BA4A0B2CE5E3B51676170DEA9A017EC.e.308"}]}
COMMAND: GET /session/238fc7fdfbc7ddd3047b28b6e8a40f5c/screenshot - {}
RESULT: {}
RESULT: {"script":"<script> [8489 bytes]","args":[{"element-6066-11e4-a52e-4f735466cecf":"f.EAD3BD8A607B3C6B0F6571D6E04F04B4.d.7BA4A0B2CE5E3B51676170DEA9A017EC.e.308","ELEMENT":"f.EAD3BD8A607B3C6B0F6571D6E04F04B4.d.7BA4A0B2CE5E3B51676170DEA9A017EC.e.308"}]}
COMMAND: POST /session/238fc7fdfbc7ddd3047b28b6e8a40f5c/execute/sync - {"script":"<script> [5351 bytes]","args":[{"element-6066-11e4-a52e-4f735466cecf":"f.EAD3BD8A607B3C6B0F6571D6E04F04B4.d.7BA4A0B2CE5E3B51676170DEA9A017EC.e.308","ELEMENT":"f.EAD3BD8A607B3C6B0F6571D6E04F04B4.d.7BA4A0B2CE5E3B51676170DEA9A017EC.e.308"}]}
COMMAND: GET /session/238fc7fdfbc7ddd3047b28b6e8a40f5c/screenshot - {}
RESULT: {}
RESULT: {"script":"<script> [5351 bytes]","args":[{"element-6066-11e4-a52e-4f735466cecf":"f.EAD3BD8A607B3C6B0F6571D6E04F04B4.d.7BA4A0B2CE5E3B51676170DEA9A017EC.e.308","ELEMENT":"f.EAD3BD8A607B3C6B0F6571D6E04F04B4.d.7BA4A0B2CE5E3B51676170DEA9A017EC.e.308"}]}
COMMAND: GET /session/238fc7fdfbc7ddd3047b28b6e8a40f5c/screenshot - {}
COMMAND: POST /session/238fc7fdfbc7ddd3047b28b6e8a40f5c/execute/sync - {"script":"<script> [8489 bytes]","args":[{"element-6066-11e4-a52e-4f735466cecf":"f.EAD3BD8A607B3C6B0F6571D6E04F04B4.d.7BA4A0B2CE5E3B51676170DEA9A017EC.e.308","ELEMENT":"f.EAD3BD8A607B3C6B0F6571D6E04F04B4.d.7BA4A0B2CE5E3B51676170DEA9A017EC.e.308"}]}
RESULT: {}
RESULT: {}
RESULT: {"script":"<script> [8489 bytes]","args":[{"element-6066-11e4-a52e-4f735466cecf":"f.EAD3BD8A607B3C6B0F6571D6E04F04B4.d.7BA4A0B2CE5E3B51676170DEA9A017EC.e.308","ELEMENT":"f.EAD3BD8A607B3C6B0F6571D6E04F04B4.d.7BA4A0B2CE5E3B51676170DEA9A017EC.e.308"}]}
COMMAND: POST /session/238fc7fdfbc7ddd3047b28b6e8a40f5c/execute/sync - {"script":"<script> [5351 bytes]","args":[{"element-6066-11e4-a52e-4f735466cecf":"f.EAD3BD8A607B3C6B0F6571D6E04F04B4.d.7BA4A0B2CE5E3B51676170DEA9A017EC.e.308","ELEMENT":"f.EAD3BD8A607B3C6B0F6571D6E04F04B4.d.7BA4A0B2CE5E3B51676170DEA9A017EC.e.308"}]}
COMMAND: GET /session/238fc7fdfbc7ddd3047b28b6e8a40f5c/screenshot - {}
RESULT: {"script":"<script> [5351 bytes]","args":[{"element-6066-11e4-a52e-4f735466cecf":"f.EAD3BD8A607B3C6B0F6571D6E04F04B4.d.7BA4A0B2CE5E3B51676170DEA9A017EC.e.308","ELEMENT":"f.EAD3BD8A607B3C6B0F6571D6E04F04B4.d.7BA4A0B2CE5E3B51676170DEA9A017EC.e.308"}]}
COMMAND: GET /session/238fc7fdfbc7ddd3047b28b6e8a40f5c/screenshot - {}
COMMAND: POST /session/238fc7fdfbc7ddd3047b28b6e8a40f5c/execute/sync - {"script":"<script> [8489 bytes]","args":[{"element-6066-11e4-a52e-4f735466cecf":"f.EAD3BD8A607B3C6B0F6571D6E04F04B4.d.7BA4A0B2CE5E3B51676170DEA9A017EC.e.308","ELEMENT":"f.EAD3BD8A607B3C6B0F6571D6E04F04B4.d.7BA4A0B2CE5E3B51676170DEA9A017EC.e.308"}]}
RESULT: {}
RESULT: {}
RESULT: {"script":"<script> [8489 bytes]","args":[{"element-6066-11e4-a52e-4f735466cecf":"f.EAD3BD8A607B3C6B0F6571D6E04F04B4.d.7BA4A0B2CE5E3B51676170DEA9A017EC.e.308","ELEMENT":"f.EAD3BD8A607B3C6B0F6571D6E04F04B4.d.7BA4A0B2CE5E3B51676170DEA9A017EC.e.308"}]}
COMMAND: POST /session/238fc7fdfbc7ddd3047b28b6e8a40f5c/execute/sync - {"script":"<script> [5351 bytes]","args":[{"element-6066-11e4-a52e-4f735466cecf":"f.EAD3BD8A607B3C6B0F6571D6E04F04B4.d.7BA4A0B2CE5E3B51676170DEA9A017EC.e.308","ELEMENT":"f.EAD3BD8A607B3C6B0F6571D6E04F04B4.d.7BA4A0B2CE5E3B51676170DEA9A017EC.e.308"}]}
COMMAND: GET /session/238fc7fdfbc7ddd3047b28b6e8a40f5c/screenshot - {}
RESULT: {"script":"<script> [5351 bytes]","args":[{"element-6066-11e4-a52e-4f735466cecf":"f.EAD3BD8A607B3C6B0F6571D6E04F04B4.d.7BA4A0B2CE5E3B51676170DEA9A017EC.e.308","ELEMENT":"f.EAD3BD8A607B3C6B0F6571D6E04F04B4.d.7BA4A0B2CE5E3B51676170DEA9A017EC.e.308"}]}
COMMAND: GET /session/238fc7fdfbc7ddd3047b28b6e8a40f5c/screenshot - {}
COMMAND: POST /session/238fc7fdfbc7ddd3047b28b6e8a40f5c/execute/sync - {"script":"<script> [8489 bytes]","args":[{"element-6066-11e4-a52e-4f735466cecf":"f.EAD3BD8A607B3C6B0F6571D6E04F04B4.d.7BA4A0B2CE5E3B51676170DEA9A017EC.e.308","ELEMENT":"f.EAD3BD8A607B3C6B0F6571D6E04F04B4.d.7BA4A0B2CE5E3B51676170DEA9A017EC.e.308"}]}
RESULT: {}
RESULT: {"script":"<script> [8489 bytes]","args":[{"element-6066-11e4-a52e-4f735466cecf":"f.EAD3BD8A607B3C6B0F6571D6E04F04B4.d.7BA4A0B2CE5E3B51676170DEA9A017EC.e.308","ELEMENT":"f.EAD3BD8A607B3C6B0F6571D6E04F04B4.d.7BA4A0B2CE5E3B51676170DEA9A017EC.e.308"}]}
COMMAND: POST /session/238fc7fdfbc7ddd3047b28b6e8a40f5c/execute/sync - {"script":"<script> [5351 bytes]","args":[{"element-6066-11e4-a52e-4f735466cecf":"f.EAD3BD8A607B3C6B0F6571D6E04F04B4.d.7BA4A0B2CE5E3B51676170DEA9A017EC.e.308","ELEMENT":"f.EAD3BD8A607B3C6B0F6571D6E04F04B4.d.7BA4A0B2CE5E3B51676170DEA9A017EC.e.308"}]}
COMMAND: GET /session/238fc7fdfbc7ddd3047b28b6e8a40f5c/screenshot - {}
RESULT: {}
RESULT: {"script":"<script> [5351 bytes]","args":[{"element-6066-11e4-a52e-4f735466cecf":"f.EAD3BD8A607B3C6B0F6571D6E04F04B4.d.7BA4A0B2CE5E3B51676170DEA9A017EC.e.308","ELEMENT":"f.EAD3BD8A607B3C6B0F6571D6E04F04B4.d.7BA4A0B2CE5E3B51676170DEA9A017EC.e.308"}]}
COMMAND: GET /session/238fc7fdfbc7ddd3047b28b6e8a40f5c/screenshot - {}
COMMAND: POST /session/238fc7fdfbc7ddd3047b28b6e8a40f5c/execute/sync - {"script":"<script> [8489 bytes]","args":[{"element-6066-11e4-a52e-4f735466cecf":"f.EAD3BD8A607B3C6B0F6571D6E04F04B4.d.7BA4A0B2CE5E3B51676170DEA9A017EC.e.308","ELEMENT":"f.EAD3BD8A607B3C6B0F6571D6E04F04B4.d.7BA4A0B2CE5E3B51676170DEA9A017EC.e.308"}]}
RESULT: {}
RESULT: {"script":"<script> [8489 bytes]","args":[{"element-6066-11e4-a52e-4f735466cecf":"f.EAD3BD8A607B3C6B0F6571D6E04F04B4.d.7BA4A0B2CE5E3B51676170DEA9A017EC.e.308","ELEMENT":"f.EAD3BD8A607B3C6B0F6571D6E04F04B4.d.7BA4A0B2CE5E3B51676170DEA9A017EC.e.308"}]}
COMMAND: POST /session/238fc7fdfbc7ddd3047b28b6e8a40f5c/execute/sync - {"script":"<script> [5351 bytes]","args":[{"element-6066-11e4-a52e-4f735466cecf":"f.EAD3BD8A607B3C6B0F6571D6E04F04B4.d.7BA4A0B2CE5E3B51676170DEA9A017EC.e.308","ELEMENT":"f.EAD3BD8A607B3C6B0F6571D6E04F04B4.d.7BA4A0B2CE5E3B51676170DEA9A017EC.e.308"}]}
COMMAND: GET /session/238fc7fdfbc7ddd3047b28b6e8a40f5c/screenshot - {}
RESULT: {}
RESULT: {"script":"<script> [5351 bytes]","args":[{"element-6066-11e4-a52e-4f735466cecf":"f.EAD3BD8A607B3C6B0F6571D6E04F04B4.d.7BA4A0B2CE5E3B51676170DEA9A017EC.e.308","ELEMENT":"f.EAD3BD8A607B3C6B0F6571D6E04F04B4.d.7BA4A0B2CE5E3B51676170DEA9A017EC.e.308"}]}
COMMAND: GET /session/238fc7fdfbc7ddd3047b28b6e8a40f5c/screenshot - {}
COMMAND: POST /session/238fc7fdfbc7ddd3047b28b6e8a40f5c/execute/sync - {"script":"<script> [8489 bytes]","args":[{"element-6066-11e4-a52e-4f735466cecf":"f.EAD3BD8A607B3C6B0F6571D6E04F04B4.d.7BA4A0B2CE5E3B51676170DEA9A017EC.e.308","ELEMENT":"f.EAD3BD8A607B3C6B0F6571D6E04F04B4.d.7BA4A0B2CE5E3B51676170DEA9A017EC.e.308"}]}
RESULT: {}
RESULT: {}
RESULT: {"script":"<script> [8489 bytes]","args":[{"element-6066-11e4-a52e-4f735466cecf":"f.EAD3BD8A607B3C6B0F6571D6E04F04B4.d.7BA4A0B2CE5E3B51676170DEA9A017EC.e.308","ELEMENT":"f.EAD3BD8A607B3C6B0F6571D6E04F04B4.d.7BA4A0B2CE5E3B51676170DEA9A017EC.e.308"}]}
COMMAND: POST /session/238fc7fdfbc7ddd3047b28b6e8a40f5c/execute/sync - {"script":"<script> [5351 bytes]","args":[{"element-6066-11e4-a52e-4f735466cecf":"f.EAD3BD8A607B3C6B0F6571D6E04F04B4.d.7BA4A0B2CE5E3B51676170DEA9A017EC.e.308","ELEMENT":"f.EAD3BD8A607B3C6B0F6571D6E04F04B4.d.7BA4A0B2CE5E3B51676170DEA9A017EC.e.308"}]}
COMMAND: GET /session/238fc7fdfbc7ddd3047b28b6e8a40f5c/screenshot - {}
RESULT: {"script":"<script> [5351 bytes]","args":[{"element-6066-11e4-a52e-4f735466cecf":"f.EAD3BD8A607B3C6B0F6571D6E04F04B4.d.7BA4A0B2CE5E3B51676170DEA9A017EC.e.308","ELEMENT":"f.EAD3BD8A607B3C6B0F6571D6E04F04B4.d.7BA4A0B2CE5E3B51676170DEA9A017EC.e.308"}]}
COMMAND: GET /session/238fc7fdfbc7ddd3047b28b6e8a40f5c/screenshot - {}
COMMAND: POST /session/238fc7fdfbc7ddd3047b28b6e8a40f5c/execute/sync - {"script":"<script> [8489 bytes]","args":[{"element-6066-11e4-a52e-4f735466cecf":"f.EAD3BD8A607B3C6B0F6571D6E04F04B4.d.7BA4A0B2CE5E3B51676170DEA9A017EC.e.308","ELEMENT":"f.EAD3BD8A607B3C6B0F6571D6E04F04B4.d.7BA4A0B2CE5E3B51676170DEA9A017EC.e.308"}]}
RESULT: {}
RESULT: {"script":"<script> [8489 bytes]","args":[{"element-6066-11e4-a52e-4f735466cecf":"f.EAD3BD8A607B3C6B0F6571D6E04F04B4.d.7BA4A0B2CE5E3B51676170DEA9A017EC.e.308","ELEMENT":"f.EAD3BD8A607B3C6B0F6571D6E04F04B4.d.7BA4A0B2CE5E3B51676170DEA9A017EC.e.308"}]}
COMMAND: POST /session/238fc7fdfbc7ddd3047b28b6e8a40f5c/execute/sync - {"script":"<script> [5351 bytes]","args":[{"element-6066-11e4-a52e-4f735466cecf":"f.EAD3BD8A607B3C6B0F6571D6E04F04B4.d.7BA4A0B2CE5E3B51676170DEA9A017EC.e.308","ELEMENT":"f.EAD3BD8A607B3C6B0F6571D6E04F04B4.d.7BA4A0B2CE5E3B51676170DEA9A017EC.e.308"}]}
COMMAND: GET /session/238fc7fdfbc7ddd3047b28b6e8a40f5c/screenshot - {}
RESULT: {}
RESULT: {"script":"<script> [5351 bytes]","args":[{"element-6066-11e4-a52e-4f735466cecf":"f.EAD3BD8A607B3C6B0F6571D6E04F04B4.d.7BA4A0B2CE5E3B51676170DEA9A017EC.e.308","ELEMENT":"f.EAD3BD8A607B3C6B0F6571D6E04F04B4.d.7BA4A0B2CE5E3B51676170DEA9A017EC.e.308"}]}
COMMAND: GET /session/238fc7fdfbc7ddd3047b28b6e8a40f5c/screenshot - {}
COMMAND: POST /session/238fc7fdfbc7ddd3047b28b6e8a40f5c/execute/sync - {"script":"<script> [8489 bytes]","args":[{"element-6066-11e4-a52e-4f735466cecf":"f.EAD3BD8A607B3C6B0F6571D6E04F04B4.d.7BA4A0B2CE5E3B51676170DEA9A017EC.e.308","ELEMENT":"f.EAD3BD8A607B3C6B0F6571D6E04F04B4.d.7BA4A0B2CE5E3B51676170DEA9A017EC.e.308"}]}
RESULT: {}
RESULT: {}
RESULT: {"script":"<script> [8489 bytes]","args":[{"element-6066-11e4-a52e-4f735466cecf":"f.EAD3BD8A607B3C6B0F6571D6E04F04B4.d.7BA4A0B2CE5E3B51676170DEA9A017EC.e.308","ELEMENT":"f.EAD3BD8A607B3C6B0F6571D6E04F04B4.d.7BA4A0B2CE5E3B51676170DEA9A017EC.e.308"}]}
COMMAND: POST /session/238fc7fdfbc7ddd3047b28b6e8a40f5c/execute/sync - {"script":"<script> [5351 bytes]","args":[{"element-6066-11e4-a52e-4f735466cecf":"f.EAD3BD8A607B3C6B0F6571D6E04F04B4.d.7BA4A0B2CE5E3B51676170DEA9A017EC.e.308","ELEMENT":"f.EAD3BD8A607B3C6B0F6571D6E04F04B4.d.7BA4A0B2CE5E3B51676170DEA9A017EC.e.308"}]}
COMMAND: GET /session/238fc7fdfbc7ddd3047b28b6e8a40f5c/screenshot - {}
RESULT: {"script":"<script> [5351 bytes]","args":[{"element-6066-11e4-a52e-4f735466cecf":"f.EAD3BD8A607B3C6B0F6571D6E04F04B4.d.7BA4A0B2CE5E3B51676170DEA9A017EC.e.308","ELEMENT":"f.EAD3BD8A607B3C6B0F6571D6E04F04B4.d.7BA4A0B2CE5E3B51676170DEA9A017EC.e.308"}]}
COMMAND: POST /session/238fc7fdfbc7ddd3047b28b6e8a40f5c/execute/sync - {"script":"<script> [8489 bytes]","args":[{"element-6066-11e4-a52e-4f735466cecf":"f.EAD3BD8A607B3C6B0F6571D6E04F04B4.d.7BA4A0B2CE5E3B51676170DEA9A017EC.e.308","ELEMENT":"f.EAD3BD8A607B3C6B0F6571D6E04F04B4.d.7BA4A0B2CE5E3B51676170DEA9A017EC.e.308"}]}
COMMAND: GET /session/238fc7fdfbc7ddd3047b28b6e8a40f5c/screenshot - {}
RESULT: {}
RESULT: {"script":"<script> [8489 bytes]","args":[{"element-6066-11e4-a52e-4f735466cecf":"f.EAD3BD8A607B3C6B0F6571D6E04F04B4.d.7BA4A0B2CE5E3B51676170DEA9A017EC.e.308","ELEMENT":"f.EAD3BD8A607B3C6B0F6571D6E04F04B4.d.7BA4A0B2CE5E3B51676170DEA9A017EC.e.308"}]}
COMMAND: POST /session/238fc7fdfbc7ddd3047b28b6e8a40f5c/execute/sync - {"script":"<script> [5351 bytes]","args":[{"element-6066-11e4-a52e-4f735466cecf":"f.EAD3BD8A607B3C6B0F6571D6E04F04B4.d.7BA4A0B2CE5E3B51676170DEA9A017EC.e.308","ELEMENT":"f.EAD3BD8A607B3C6B0F6571D6E04F04B4.d.7BA4A0B2CE5E3B51676170DEA9A017EC.e.308"}]}
COMMAND: GET /session/238fc7fdfbc7ddd3047b28b6e8a40f5c/screenshot - {}
RESULT: {}
RESULT: {"script":"<script> [5351 bytes]","args":[{"element-6066-11e4-a52e-4f735466cecf":"f.EAD3BD8A607B3C6B0F6571D6E04F04B4.d.7BA4A0B2CE5E3B51676170DEA9A017EC.e.308","ELEMENT":"f.EAD3BD8A607B3C6B0F6571D6E04F04B4.d.7BA4A0B2CE5E3B51676170DEA9A017EC.e.308"}]}
COMMAND: GET /session/238fc7fdfbc7ddd3047b28b6e8a40f5c/screenshot - {}
COMMAND: POST /session/238fc7fdfbc7ddd3047b28b6e8a40f5c/execute/sync - {"script":"<script> [8489 bytes]","args":[{"element-6066-11e4-a52e-4f735466cecf":"f.EAD3BD8A607B3C6B0F6571D6E04F04B4.d.7BA4A0B2CE5E3B51676170DEA9A017EC.e.308","ELEMENT":"f.EAD3BD8A607B3C6B0F6571D6E04F04B4.d.7BA4A0B2CE5E3B51676170DEA9A017EC.e.308"}]}
RESULT: {}
RESULT: {}
RESULT: {"script":"<script> [8489 bytes]","args":[{"element-6066-11e4-a52e-4f735466cecf":"f.EAD3BD8A607B3C6B0F6571D6E04F04B4.d.7BA4A0B2CE5E3B51676170DEA9A017EC.e.308","ELEMENT":"f.EAD3BD8A607B3C6B0F6571D6E04F04B4.d.7BA4A0B2CE5E3B51676170DEA9A017EC.e.308"}]}
COMMAND: POST /session/238fc7fdfbc7ddd3047b28b6e8a40f5c/execute/sync - {"script":"<script> [5351 bytes]","args":[{"element-6066-11e4-a52e-4f735466cecf":"f.EAD3BD8A607B3C6B0F6571D6E04F04B4.d.7BA4A0B2CE5E3B51676170DEA9A017EC.e.308","ELEMENT":"f.EAD3BD8A607B3C6B0F6571D6E04F04B4.d.7BA4A0B2CE5E3B51676170DEA9A017EC.e.308"}]}
COMMAND: GET /session/238fc7fdfbc7ddd3047b28b6e8a40f5c/screenshot - {}
RESULT: {"script":"<script> [5351 bytes]","args":[{"element-6066-11e4-a52e-4f735466cecf":"f.EAD3BD8A607B3C6B0F6571D6E04F04B4.d.7BA4A0B2CE5E3B51676170DEA9A017EC.e.308","ELEMENT":"f.EAD3BD8A607B3C6B0F6571D6E04F04B4.d.7BA4A0B2CE5E3B51676170DEA9A017EC.e.308"}]}
COMMAND: POST /session/238fc7fdfbc7ddd3047b28b6e8a40f5c/execute/sync - {"script":"<script> [8489 bytes]","args":[{"element-6066-11e4-a52e-4f735466cecf":"f.EAD3BD8A607B3C6B0F6571D6E04F04B4.d.7BA4A0B2CE5E3B51676170DEA9A017EC.e.308","ELEMENT":"f.EAD3BD8A607B3C6B0F6571D6E04F04B4.d.7BA4A0B2CE5E3B51676170DEA9A017EC.e.308"}]}
COMMAND: GET /session/238fc7fdfbc7ddd3047b28b6e8a40f5c/screenshot - {}
RESULT: {}
RESULT: {"script":"<script> [8489 bytes]","args":[{"element-6066-11e4-a52e-4f735466cecf":"f.EAD3BD8A607B3C6B0F6571D6E04F04B4.d.7BA4A0B2CE5E3B51676170DEA9A017EC.e.308","ELEMENT":"f.EAD3BD8A607B3C6B0F6571D6E04F04B4.d.7BA4A0B2CE5E3B51676170DEA9A017EC.e.308"}]}
COMMAND: POST /session/238fc7fdfbc7ddd3047b28b6e8a40f5c/execute/sync - {"script":"<script> [5351 bytes]","args":[{"element-6066-11e4-a52e-4f735466cecf":"f.EAD3BD8A607B3C6B0F6571D6E04F04B4.d.7BA4A0B2CE5E3B51676170DEA9A017EC.e.308","ELEMENT":"f.EAD3BD8A607B3C6B0F6571D6E04F04B4.d.7BA4A0B2CE5E3B51676170DEA9A017EC.e.308"}]}
COMMAND: GET /session/238fc7fdfbc7ddd3047b28b6e8a40f5c/screenshot - {}
RESULT: {}
RESULT: {"script":"<script> [5351 bytes]","args":[{"element-6066-11e4-a52e-4f735466cecf":"f.EAD3BD8A607B3C6B0F6571D6E04F04B4.d.7BA4A0B2CE5E3B51676170DEA9A017EC.e.308","ELEMENT":"f.EAD3BD8A607B3C6B0F6571D6E04F04B4.d.7BA4A0B2CE5E3B51676170DEA9A017EC.e.308"}]}
COMMAND: GET /session/238fc7fdfbc7ddd3047b28b6e8a40f5c/screenshot - {}
COMMAND: POST /session/238fc7fdfbc7ddd3047b28b6e8a40f5c/execute/sync - {"script":"<script> [8489 bytes]","args":[{"element-6066-11e4-a52e-4f735466cecf":"f.EAD3BD8A607B3C6B0F6571D6E04F04B4.d.7BA4A0B2CE5E3B51676170DEA9A017EC.e.308","ELEMENT":"f.EAD3BD8A607B3C6B0F6571D6E04F04B4.d.7BA4A0B2CE5E3B51676170DEA9A017EC.e.308"}]}
RESULT: {}
RESULT: {}
RESULT: {"script":"<script> [8489 bytes]","args":[{"element-6066-11e4-a52e-4f735466cecf":"f.EAD3BD8A607B3C6B0F6571D6E04F04B4.d.7BA4A0B2CE5E3B51676170DEA9A017EC.e.308","ELEMENT":"f.EAD3BD8A607B3C6B0F6571D6E04F04B4.d.7BA4A0B2CE5E3B51676170DEA9A017EC.e.308"}]}
COMMAND: POST /session/238fc7fdfbc7ddd3047b28b6e8a40f5c/execute/sync - {"script":"<script> [5351 bytes]","args":[{"element-6066-11e4-a52e-4f735466cecf":"f.EAD3BD8A607B3C6B0F6571D6E04F04B4.d.7BA4A0B2CE5E3B51676170DEA9A017EC.e.308","ELEMENT":"f.EAD3BD8A607B3C6B0F6571D6E04F04B4.d.7BA4A0B2CE5E3B51676170DEA9A017EC.e.308"}]}
COMMAND: GET /session/238fc7fdfbc7ddd3047b28b6e8a40f5c/screenshot - {}
RESULT: {"script":"<script> [5351 bytes]","args":[{"element-6066-11e4-a52e-4f735466cecf":"f.EAD3BD8A607B3C6B0F6571D6E04F04B4.d.7BA4A0B2CE5E3B51676170DEA9A017EC.e.308","ELEMENT":"f.EAD3BD8A607B3C6B0F6571D6E04F04B4.d.7BA4A0B2CE5E3B51676170DEA9A017EC.e.308"}]}
COMMAND: POST /session/238fc7fdfbc7ddd3047b28b6e8a40f5c/execute/sync - {"script":"<script> [8489 bytes]","args":[{"element-6066-11e4-a52e-4f735466cecf":"f.EAD3BD8A607B3C6B0F6571D6E04F04B4.d.7BA4A0B2CE5E3B51676170DEA9A017EC.e.308","ELEMENT":"f.EAD3BD8A607B3C6B0F6571D6E04F04B4.d.7BA4A0B2CE5E3B51676170DEA9A017EC.e.308"}]}
COMMAND: GET /session/238fc7fdfbc7ddd3047b28b6e8a40f5c/screenshot - {}
COMMAND: GET /session/238fc7fdfbc7ddd3047b28b6e8a40f5c/screenshot - {}
RESULT: {}
RESULT: {"script":"<script> [8489 bytes]","args":[{"element-6066-11e4-a52e-4f735466cecf":"f.EAD3BD8A607B3C6B0F6571D6E04F04B4.d.7BA4A0B2CE5E3B51676170DEA9A017EC.e.308","ELEMENT":"f.EAD3BD8A607B3C6B0F6571D6E04F04B4.d.7BA4A0B2CE5E3B51676170DEA9A017EC.e.308"}]}
COMMAND: POST /session/238fc7fdfbc7ddd3047b28b6e8a40f5c/execute/sync - {"script":"<script> [5351 bytes]","args":[{"element-6066-11e4-a52e-4f735466cecf":"f.EAD3BD8A607B3C6B0F6571D6E04F04B4.d.7BA4A0B2CE5E3B51676170DEA9A017EC.e.308","ELEMENT":"f.EAD3BD8A607B3C6B0F6571D6E04F04B4.d.7BA4A0B2CE5E3B51676170DEA9A017EC.e.308"}]}
COMMAND: GET /session/238fc7fdfbc7ddd3047b28b6e8a40f5c/screenshot - {}
RESULT: {}
RESULT: {}
]]></system-out>
      <system-err><![CDATA[
Error: element ("//button[@data-kt="addNewYardOverflowToolbarButton"]") still not clickable after 45000ms
    at async UtilsPrerequisites.yardCreation (D:\a\1\s\test\specs\BTS\prerequisites-and-utils-functions.js:53:9)
    at async Context.<anonymous> (D:\a\1\s\test\specs\BTS\manage-partners.spec.js:18:41)
]]></system-err>
    </testcase>
    <testcase classname="chrome.136_0_7103_49.windows.Partner_specific_tests_US150819_US151080_US151654_US151176_US103444_US151078_US151079_US151109_US151174_US151175_US151189" name="Should create a new yard prerequisite" time="56.69">
      <skipped />
      <system-out><![CDATA[
COMMAND: POST /session/238fc7fdfbc7ddd3047b28b6e8a40f5c/window/fullscreen - {}
RESULT: {"script":"<script> [5351 bytes]","args":[{"element-6066-11e4-a52e-4f735466cecf":"f.EAD3BD8A607B3C6B0F6571D6E04F04B4.d.7BA4A0B2CE5E3B51676170DEA9A017EC.e.308","ELEMENT":"f.EAD3BD8A607B3C6B0F6571D6E04F04B4.d.7BA4A0B2CE5E3B51676170DEA9A017EC.e.308"}]}
COMMAND: GET /session/238fc7fdfbc7ddd3047b28b6e8a40f5c/screenshot - {}
RESULT: {}
RESULT: {}
COMMAND: POST /session/238fc7fdfbc7ddd3047b28b6e8a40f5c/element - {"using":"xpath","value":"//li[.//span[text()=\"Manage Partners\"]]"}
RESULT: {}
RESULT: {"using":"xpath","value":"//li[.//span[text()=\"Manage Partners\"]]"}
COMMAND: POST /session/238fc7fdfbc7ddd3047b28b6e8a40f5c/element - {"using":"xpath","value":"//li[.//span[text()=\"Manage Partners\"]]"}
RESULT: {"using":"xpath","value":"//li[.//span[text()=\"Manage Partners\"]]"}
COMMAND: POST /session/238fc7fdfbc7ddd3047b28b6e8a40f5c/element - {"using":"css selector","value":"#shell-header-logo"}
RESULT: {"using":"css selector","value":"#shell-header-logo"}
COMMAND: POST /session/238fc7fdfbc7ddd3047b28b6e8a40f5c/element/f.EAD3BD8A607B3C6B0F6571D6E04F04B4.d.7BA4A0B2CE5E3B51676170DEA9A017EC.e.273/click - {}
COMMAND: POST /session/238fc7fdfbc7ddd3047b28b6e8a40f5c/execute/sync - {"script":"<script> [8489 bytes]","args":[{"element-6066-11e4-a52e-4f735466cecf":"f.EAD3BD8A607B3C6B0F6571D6E04F04B4.d.7BA4A0B2CE5E3B51676170DEA9A017EC.e.273","ELEMENT":"f.EAD3BD8A607B3C6B0F6571D6E04F04B4.d.7BA4A0B2CE5E3B51676170DEA9A017EC.e.273"}]}
RESULT: {"script":"<script> [8489 bytes]","args":[{"element-6066-11e4-a52e-4f735466cecf":"f.EAD3BD8A607B3C6B0F6571D6E04F04B4.d.7BA4A0B2CE5E3B51676170DEA9A017EC.e.273","ELEMENT":"f.EAD3BD8A607B3C6B0F6571D6E04F04B4.d.7BA4A0B2CE5E3B51676170DEA9A017EC.e.273"}]}
COMMAND: POST /session/238fc7fdfbc7ddd3047b28b6e8a40f5c/execute/sync - {"script":"<script> [5351 bytes]","args":[{"element-6066-11e4-a52e-4f735466cecf":"f.EAD3BD8A607B3C6B0F6571D6E04F04B4.d.7BA4A0B2CE5E3B51676170DEA9A017EC.e.273","ELEMENT":"f.EAD3BD8A607B3C6B0F6571D6E04F04B4.d.7BA4A0B2CE5E3B51676170DEA9A017EC.e.273"}]}
COMMAND: GET /session/238fc7fdfbc7ddd3047b28b6e8a40f5c/screenshot - {}
RESULT: {"script":"<script> [5351 bytes]","args":[{"element-6066-11e4-a52e-4f735466cecf":"f.EAD3BD8A607B3C6B0F6571D6E04F04B4.d.7BA4A0B2CE5E3B51676170DEA9A017EC.e.273","ELEMENT":"f.EAD3BD8A607B3C6B0F6571D6E04F04B4.d.7BA4A0B2CE5E3B51676170DEA9A017EC.e.273"}]}
COMMAND: GET /session/238fc7fdfbc7ddd3047b28b6e8a40f5c/screenshot - {}
RESULT: {}
RESULT: {}
RESULT: undefined
COMMAND: POST /session/238fc7fdfbc7ddd3047b28b6e8a40f5c/element - {"using":"xpath","value":"//*[@id=\"__tile41\"]"}
RESULT: {"using":"xpath","value":"//*[@id=\"__tile41\"]"}
COMMAND: POST /session/238fc7fdfbc7ddd3047b28b6e8a40f5c/element/f.EAD3BD8A607B3C6B0F6571D6E04F04B4.d.7BA4A0B2CE5E3B51676170DEA9A017EC.e.170/click - {}
COMMAND: POST /session/238fc7fdfbc7ddd3047b28b6e8a40f5c/element - {"using":"xpath","value":"//button[@data-kt=\"addNewYardOverflowToolbarButton\"]"}
RESULT: {"using":"xpath","value":"//button[@data-kt=\"addNewYardOverflowToolbarButton\"]"}
COMMAND: POST /session/238fc7fdfbc7ddd3047b28b6e8a40f5c/elements - {"using":"xpath","value":"//button[@data-kt=\"addNewYardOverflowToolbarButton\"]"}
RESULT: {"using":"xpath","value":"//button[@data-kt=\"addNewYardOverflowToolbarButton\"]"}
COMMAND: POST /session/238fc7fdfbc7ddd3047b28b6e8a40f5c/execute/sync - {"script":"<script> [8489 bytes]","args":[{"element-6066-11e4-a52e-4f735466cecf":"f.EAD3BD8A607B3C6B0F6571D6E04F04B4.d.7BA4A0B2CE5E3B51676170DEA9A017EC.e.308","ELEMENT":"f.EAD3BD8A607B3C6B0F6571D6E04F04B4.d.7BA4A0B2CE5E3B51676170DEA9A017EC.e.308"}]}
RESULT: {"script":"<script> [8489 bytes]","args":[{"element-6066-11e4-a52e-4f735466cecf":"f.EAD3BD8A607B3C6B0F6571D6E04F04B4.d.7BA4A0B2CE5E3B51676170DEA9A017EC.e.308","ELEMENT":"f.EAD3BD8A607B3C6B0F6571D6E04F04B4.d.7BA4A0B2CE5E3B51676170DEA9A017EC.e.308"}]}
COMMAND: GET /session/238fc7fdfbc7ddd3047b28b6e8a40f5c/element/f.EAD3BD8A607B3C6B0F6571D6E04F04B4.d.7BA4A0B2CE5E3B51676170DEA9A017EC.e.308/enabled - {}
COMMAND: GET /session/238fc7fdfbc7ddd3047b28b6e8a40f5c/screenshot - {}
RESULT: {}
COMMAND: POST /session/238fc7fdfbc7ddd3047b28b6e8a40f5c/execute/sync - {"script":"<script> [8489 bytes]","args":[{"element-6066-11e4-a52e-4f735466cecf":"f.EAD3BD8A607B3C6B0F6571D6E04F04B4.d.7BA4A0B2CE5E3B51676170DEA9A017EC.e.308","ELEMENT":"f.EAD3BD8A607B3C6B0F6571D6E04F04B4.d.7BA4A0B2CE5E3B51676170DEA9A017EC.e.308"}]}
COMMAND: GET /session/238fc7fdfbc7ddd3047b28b6e8a40f5c/screenshot - {}
RESULT: {}
RESULT: {"script":"<script> [8489 bytes]","args":[{"element-6066-11e4-a52e-4f735466cecf":"f.EAD3BD8A607B3C6B0F6571D6E04F04B4.d.7BA4A0B2CE5E3B51676170DEA9A017EC.e.308","ELEMENT":"f.EAD3BD8A607B3C6B0F6571D6E04F04B4.d.7BA4A0B2CE5E3B51676170DEA9A017EC.e.308"}]}
COMMAND: POST /session/238fc7fdfbc7ddd3047b28b6e8a40f5c/execute/sync - {"script":"<script> [5351 bytes]","args":[{"element-6066-11e4-a52e-4f735466cecf":"f.EAD3BD8A607B3C6B0F6571D6E04F04B4.d.7BA4A0B2CE5E3B51676170DEA9A017EC.e.308","ELEMENT":"f.EAD3BD8A607B3C6B0F6571D6E04F04B4.d.7BA4A0B2CE5E3B51676170DEA9A017EC.e.308"}]}
COMMAND: GET /session/238fc7fdfbc7ddd3047b28b6e8a40f5c/screenshot - {}
RESULT: {}
RESULT: {"script":"<script> [5351 bytes]","args":[{"element-6066-11e4-a52e-4f735466cecf":"f.EAD3BD8A607B3C6B0F6571D6E04F04B4.d.7BA4A0B2CE5E3B51676170DEA9A017EC.e.308","ELEMENT":"f.EAD3BD8A607B3C6B0F6571D6E04F04B4.d.7BA4A0B2CE5E3B51676170DEA9A017EC.e.308"}]}
COMMAND: GET /session/238fc7fdfbc7ddd3047b28b6e8a40f5c/screenshot - {}
COMMAND: POST /session/238fc7fdfbc7ddd3047b28b6e8a40f5c/execute/sync - {"script":"<script> [8489 bytes]","args":[{"element-6066-11e4-a52e-4f735466cecf":"f.EAD3BD8A607B3C6B0F6571D6E04F04B4.d.7BA4A0B2CE5E3B51676170DEA9A017EC.e.308","ELEMENT":"f.EAD3BD8A607B3C6B0F6571D6E04F04B4.d.7BA4A0B2CE5E3B51676170DEA9A017EC.e.308"}]}
RESULT: {}
RESULT: {}
RESULT: {"script":"<script> [8489 bytes]","args":[{"element-6066-11e4-a52e-4f735466cecf":"f.EAD3BD8A607B3C6B0F6571D6E04F04B4.d.7BA4A0B2CE5E3B51676170DEA9A017EC.e.308","ELEMENT":"f.EAD3BD8A607B3C6B0F6571D6E04F04B4.d.7BA4A0B2CE5E3B51676170DEA9A017EC.e.308"}]}
COMMAND: POST /session/238fc7fdfbc7ddd3047b28b6e8a40f5c/execute/sync - {"script":"<script> [5351 bytes]","args":[{"element-6066-11e4-a52e-4f735466cecf":"f.EAD3BD8A607B3C6B0F6571D6E04F04B4.d.7BA4A0B2CE5E3B51676170DEA9A017EC.e.308","ELEMENT":"f.EAD3BD8A607B3C6B0F6571D6E04F04B4.d.7BA4A0B2CE5E3B51676170DEA9A017EC.e.308"}]}
COMMAND: GET /session/238fc7fdfbc7ddd3047b28b6e8a40f5c/screenshot - {}
RESULT: {"script":"<script> [5351 bytes]","args":[{"element-6066-11e4-a52e-4f735466cecf":"f.EAD3BD8A607B3C6B0F6571D6E04F04B4.d.7BA4A0B2CE5E3B51676170DEA9A017EC.e.308","ELEMENT":"f.EAD3BD8A607B3C6B0F6571D6E04F04B4.d.7BA4A0B2CE5E3B51676170DEA9A017EC.e.308"}]}
COMMAND: GET /session/238fc7fdfbc7ddd3047b28b6e8a40f5c/screenshot - {}
COMMAND: POST /session/238fc7fdfbc7ddd3047b28b6e8a40f5c/execute/sync - {"script":"<script> [8489 bytes]","args":[{"element-6066-11e4-a52e-4f735466cecf":"f.EAD3BD8A607B3C6B0F6571D6E04F04B4.d.7BA4A0B2CE5E3B51676170DEA9A017EC.e.308","ELEMENT":"f.EAD3BD8A607B3C6B0F6571D6E04F04B4.d.7BA4A0B2CE5E3B51676170DEA9A017EC.e.308"}]}
RESULT: {}
RESULT: {}
RESULT: {"script":"<script> [8489 bytes]","args":[{"element-6066-11e4-a52e-4f735466cecf":"f.EAD3BD8A607B3C6B0F6571D6E04F04B4.d.7BA4A0B2CE5E3B51676170DEA9A017EC.e.308","ELEMENT":"f.EAD3BD8A607B3C6B0F6571D6E04F04B4.d.7BA4A0B2CE5E3B51676170DEA9A017EC.e.308"}]}
COMMAND: POST /session/238fc7fdfbc7ddd3047b28b6e8a40f5c/execute/sync - {"script":"<script> [5351 bytes]","args":[{"element-6066-11e4-a52e-4f735466cecf":"f.EAD3BD8A607B3C6B0F6571D6E04F04B4.d.7BA4A0B2CE5E3B51676170DEA9A017EC.e.308","ELEMENT":"f.EAD3BD8A607B3C6B0F6571D6E04F04B4.d.7BA4A0B2CE5E3B51676170DEA9A017EC.e.308"}]}
COMMAND: GET /session/238fc7fdfbc7ddd3047b28b6e8a40f5c/screenshot - {}
RESULT: {"script":"<script> [5351 bytes]","args":[{"element-6066-11e4-a52e-4f735466cecf":"f.EAD3BD8A607B3C6B0F6571D6E04F04B4.d.7BA4A0B2CE5E3B51676170DEA9A017EC.e.308","ELEMENT":"f.EAD3BD8A607B3C6B0F6571D6E04F04B4.d.7BA4A0B2CE5E3B51676170DEA9A017EC.e.308"}]}
COMMAND: POST /session/238fc7fdfbc7ddd3047b28b6e8a40f5c/execute/sync - {"script":"<script> [8489 bytes]","args":[{"element-6066-11e4-a52e-4f735466cecf":"f.EAD3BD8A607B3C6B0F6571D6E04F04B4.d.7BA4A0B2CE5E3B51676170DEA9A017EC.e.308","ELEMENT":"f.EAD3BD8A607B3C6B0F6571D6E04F04B4.d.7BA4A0B2CE5E3B51676170DEA9A017EC.e.308"}]}
COMMAND: GET /session/238fc7fdfbc7ddd3047b28b6e8a40f5c/screenshot - {}
RESULT: {}
RESULT: {"script":"<script> [8489 bytes]","args":[{"element-6066-11e4-a52e-4f735466cecf":"f.EAD3BD8A607B3C6B0F6571D6E04F04B4.d.7BA4A0B2CE5E3B51676170DEA9A017EC.e.308","ELEMENT":"f.EAD3BD8A607B3C6B0F6571D6E04F04B4.d.7BA4A0B2CE5E3B51676170DEA9A017EC.e.308"}]}
COMMAND: POST /session/238fc7fdfbc7ddd3047b28b6e8a40f5c/execute/sync - {"script":"<script> [5351 bytes]","args":[{"element-6066-11e4-a52e-4f735466cecf":"f.EAD3BD8A607B3C6B0F6571D6E04F04B4.d.7BA4A0B2CE5E3B51676170DEA9A017EC.e.308","ELEMENT":"f.EAD3BD8A607B3C6B0F6571D6E04F04B4.d.7BA4A0B2CE5E3B51676170DEA9A017EC.e.308"}]}
COMMAND: GET /session/238fc7fdfbc7ddd3047b28b6e8a40f5c/screenshot - {}
RESULT: {}
RESULT: {"script":"<script> [5351 bytes]","args":[{"element-6066-11e4-a52e-4f735466cecf":"f.EAD3BD8A607B3C6B0F6571D6E04F04B4.d.7BA4A0B2CE5E3B51676170DEA9A017EC.e.308","ELEMENT":"f.EAD3BD8A607B3C6B0F6571D6E04F04B4.d.7BA4A0B2CE5E3B51676170DEA9A017EC.e.308"}]}
COMMAND: POST /session/238fc7fdfbc7ddd3047b28b6e8a40f5c/execute/sync - {"script":"<script> [8489 bytes]","args":[{"element-6066-11e4-a52e-4f735466cecf":"f.EAD3BD8A607B3C6B0F6571D6E04F04B4.d.7BA4A0B2CE5E3B51676170DEA9A017EC.e.308","ELEMENT":"f.EAD3BD8A607B3C6B0F6571D6E04F04B4.d.7BA4A0B2CE5E3B51676170DEA9A017EC.e.308"}]}
COMMAND: GET /session/238fc7fdfbc7ddd3047b28b6e8a40f5c/screenshot - {}
RESULT: {}
RESULT: {"script":"<script> [8489 bytes]","args":[{"element-6066-11e4-a52e-4f735466cecf":"f.EAD3BD8A607B3C6B0F6571D6E04F04B4.d.7BA4A0B2CE5E3B51676170DEA9A017EC.e.308","ELEMENT":"f.EAD3BD8A607B3C6B0F6571D6E04F04B4.d.7BA4A0B2CE5E3B51676170DEA9A017EC.e.308"}]}
COMMAND: POST /session/238fc7fdfbc7ddd3047b28b6e8a40f5c/execute/sync - {"script":"<script> [5351 bytes]","args":[{"element-6066-11e4-a52e-4f735466cecf":"f.EAD3BD8A607B3C6B0F6571D6E04F04B4.d.7BA4A0B2CE5E3B51676170DEA9A017EC.e.308","ELEMENT":"f.EAD3BD8A607B3C6B0F6571D6E04F04B4.d.7BA4A0B2CE5E3B51676170DEA9A017EC.e.308"}]}
COMMAND: GET /session/238fc7fdfbc7ddd3047b28b6e8a40f5c/screenshot - {}
RESULT: {}
RESULT: {"script":"<script> [5351 bytes]","args":[{"element-6066-11e4-a52e-4f735466cecf":"f.EAD3BD8A607B3C6B0F6571D6E04F04B4.d.7BA4A0B2CE5E3B51676170DEA9A017EC.e.308","ELEMENT":"f.EAD3BD8A607B3C6B0F6571D6E04F04B4.d.7BA4A0B2CE5E3B51676170DEA9A017EC.e.308"}]}
COMMAND: GET /session/238fc7fdfbc7ddd3047b28b6e8a40f5c/screenshot - {}
COMMAND: POST /session/238fc7fdfbc7ddd3047b28b6e8a40f5c/execute/sync - {"script":"<script> [8489 bytes]","args":[{"element-6066-11e4-a52e-4f735466cecf":"f.EAD3BD8A607B3C6B0F6571D6E04F04B4.d.7BA4A0B2CE5E3B51676170DEA9A017EC.e.308","ELEMENT":"f.EAD3BD8A607B3C6B0F6571D6E04F04B4.d.7BA4A0B2CE5E3B51676170DEA9A017EC.e.308"}]}
RESULT: {}
RESULT: {}
RESULT: {"script":"<script> [8489 bytes]","args":[{"element-6066-11e4-a52e-4f735466cecf":"f.EAD3BD8A607B3C6B0F6571D6E04F04B4.d.7BA4A0B2CE5E3B51676170DEA9A017EC.e.308","ELEMENT":"f.EAD3BD8A607B3C6B0F6571D6E04F04B4.d.7BA4A0B2CE5E3B51676170DEA9A017EC.e.308"}]}
COMMAND: POST /session/238fc7fdfbc7ddd3047b28b6e8a40f5c/execute/sync - {"script":"<script> [5351 bytes]","args":[{"element-6066-11e4-a52e-4f735466cecf":"f.EAD3BD8A607B3C6B0F6571D6E04F04B4.d.7BA4A0B2CE5E3B51676170DEA9A017EC.e.308","ELEMENT":"f.EAD3BD8A607B3C6B0F6571D6E04F04B4.d.7BA4A0B2CE5E3B51676170DEA9A017EC.e.308"}]}
COMMAND: GET /session/238fc7fdfbc7ddd3047b28b6e8a40f5c/screenshot - {}
RESULT: {"script":"<script> [5351 bytes]","args":[{"element-6066-11e4-a52e-4f735466cecf":"f.EAD3BD8A607B3C6B0F6571D6E04F04B4.d.7BA4A0B2CE5E3B51676170DEA9A017EC.e.308","ELEMENT":"f.EAD3BD8A607B3C6B0F6571D6E04F04B4.d.7BA4A0B2CE5E3B51676170DEA9A017EC.e.308"}]}
COMMAND: GET /session/238fc7fdfbc7ddd3047b28b6e8a40f5c/screenshot - {}
COMMAND: POST /session/238fc7fdfbc7ddd3047b28b6e8a40f5c/execute/sync - {"script":"<script> [8489 bytes]","args":[{"element-6066-11e4-a52e-4f735466cecf":"f.EAD3BD8A607B3C6B0F6571D6E04F04B4.d.7BA4A0B2CE5E3B51676170DEA9A017EC.e.308","ELEMENT":"f.EAD3BD8A607B3C6B0F6571D6E04F04B4.d.7BA4A0B2CE5E3B51676170DEA9A017EC.e.308"}]}
RESULT: {}
RESULT: {}
RESULT: {"script":"<script> [8489 bytes]","args":[{"element-6066-11e4-a52e-4f735466cecf":"f.EAD3BD8A607B3C6B0F6571D6E04F04B4.d.7BA4A0B2CE5E3B51676170DEA9A017EC.e.308","ELEMENT":"f.EAD3BD8A607B3C6B0F6571D6E04F04B4.d.7BA4A0B2CE5E3B51676170DEA9A017EC.e.308"}]}
COMMAND: POST /session/238fc7fdfbc7ddd3047b28b6e8a40f5c/execute/sync - {"script":"<script> [5351 bytes]","args":[{"element-6066-11e4-a52e-4f735466cecf":"f.EAD3BD8A607B3C6B0F6571D6E04F04B4.d.7BA4A0B2CE5E3B51676170DEA9A017EC.e.308","ELEMENT":"f.EAD3BD8A607B3C6B0F6571D6E04F04B4.d.7BA4A0B2CE5E3B51676170DEA9A017EC.e.308"}]}
COMMAND: GET /session/238fc7fdfbc7ddd3047b28b6e8a40f5c/screenshot - {}
RESULT: {"script":"<script> [5351 bytes]","args":[{"element-6066-11e4-a52e-4f735466cecf":"f.EAD3BD8A607B3C6B0F6571D6E04F04B4.d.7BA4A0B2CE5E3B51676170DEA9A017EC.e.308","ELEMENT":"f.EAD3BD8A607B3C6B0F6571D6E04F04B4.d.7BA4A0B2CE5E3B51676170DEA9A017EC.e.308"}]}
COMMAND: GET /session/238fc7fdfbc7ddd3047b28b6e8a40f5c/screenshot - {}
COMMAND: POST /session/238fc7fdfbc7ddd3047b28b6e8a40f5c/execute/sync - {"script":"<script> [8489 bytes]","args":[{"element-6066-11e4-a52e-4f735466cecf":"f.EAD3BD8A607B3C6B0F6571D6E04F04B4.d.7BA4A0B2CE5E3B51676170DEA9A017EC.e.308","ELEMENT":"f.EAD3BD8A607B3C6B0F6571D6E04F04B4.d.7BA4A0B2CE5E3B51676170DEA9A017EC.e.308"}]}
RESULT: {}
RESULT: {}
RESULT: {"script":"<script> [8489 bytes]","args":[{"element-6066-11e4-a52e-4f735466cecf":"f.EAD3BD8A607B3C6B0F6571D6E04F04B4.d.7BA4A0B2CE5E3B51676170DEA9A017EC.e.308","ELEMENT":"f.EAD3BD8A607B3C6B0F6571D6E04F04B4.d.7BA4A0B2CE5E3B51676170DEA9A017EC.e.308"}]}
COMMAND: POST /session/238fc7fdfbc7ddd3047b28b6e8a40f5c/execute/sync - {"script":"<script> [5351 bytes]","args":[{"element-6066-11e4-a52e-4f735466cecf":"f.EAD3BD8A607B3C6B0F6571D6E04F04B4.d.7BA4A0B2CE5E3B51676170DEA9A017EC.e.308","ELEMENT":"f.EAD3BD8A607B3C6B0F6571D6E04F04B4.d.7BA4A0B2CE5E3B51676170DEA9A017EC.e.308"}]}
COMMAND: GET /session/238fc7fdfbc7ddd3047b28b6e8a40f5c/screenshot - {}
RESULT: {"script":"<script> [5351 bytes]","args":[{"element-6066-11e4-a52e-4f735466cecf":"f.EAD3BD8A607B3C6B0F6571D6E04F04B4.d.7BA4A0B2CE5E3B51676170DEA9A017EC.e.308","ELEMENT":"f.EAD3BD8A607B3C6B0F6571D6E04F04B4.d.7BA4A0B2CE5E3B51676170DEA9A017EC.e.308"}]}
COMMAND: GET /session/238fc7fdfbc7ddd3047b28b6e8a40f5c/screenshot - {}
COMMAND: POST /session/238fc7fdfbc7ddd3047b28b6e8a40f5c/execute/sync - {"script":"<script> [8489 bytes]","args":[{"element-6066-11e4-a52e-4f735466cecf":"f.EAD3BD8A607B3C6B0F6571D6E04F04B4.d.7BA4A0B2CE5E3B51676170DEA9A017EC.e.308","ELEMENT":"f.EAD3BD8A607B3C6B0F6571D6E04F04B4.d.7BA4A0B2CE5E3B51676170DEA9A017EC.e.308"}]}
RESULT: {}
RESULT: {}
RESULT: {"script":"<script> [8489 bytes]","args":[{"element-6066-11e4-a52e-4f735466cecf":"f.EAD3BD8A607B3C6B0F6571D6E04F04B4.d.7BA4A0B2CE5E3B51676170DEA9A017EC.e.308","ELEMENT":"f.EAD3BD8A607B3C6B0F6571D6E04F04B4.d.7BA4A0B2CE5E3B51676170DEA9A017EC.e.308"}]}
COMMAND: POST /session/238fc7fdfbc7ddd3047b28b6e8a40f5c/execute/sync - {"script":"<script> [5351 bytes]","args":[{"element-6066-11e4-a52e-4f735466cecf":"f.EAD3BD8A607B3C6B0F6571D6E04F04B4.d.7BA4A0B2CE5E3B51676170DEA9A017EC.e.308","ELEMENT":"f.EAD3BD8A607B3C6B0F6571D6E04F04B4.d.7BA4A0B2CE5E3B51676170DEA9A017EC.e.308"}]}
COMMAND: GET /session/238fc7fdfbc7ddd3047b28b6e8a40f5c/screenshot - {}
RESULT: {"script":"<script> [5351 bytes]","args":[{"element-6066-11e4-a52e-4f735466cecf":"f.EAD3BD8A607B3C6B0F6571D6E04F04B4.d.7BA4A0B2CE5E3B51676170DEA9A017EC.e.308","ELEMENT":"f.EAD3BD8A607B3C6B0F6571D6E04F04B4.d.7BA4A0B2CE5E3B51676170DEA9A017EC.e.308"}]}
COMMAND: GET /session/238fc7fdfbc7ddd3047b28b6e8a40f5c/screenshot - {}
COMMAND: POST /session/238fc7fdfbc7ddd3047b28b6e8a40f5c/execute/sync - {"script":"<script> [8489 bytes]","args":[{"element-6066-11e4-a52e-4f735466cecf":"f.EAD3BD8A607B3C6B0F6571D6E04F04B4.d.7BA4A0B2CE5E3B51676170DEA9A017EC.e.308","ELEMENT":"f.EAD3BD8A607B3C6B0F6571D6E04F04B4.d.7BA4A0B2CE5E3B51676170DEA9A017EC.e.308"}]}
RESULT: {}
RESULT: {}
RESULT: {"script":"<script> [8489 bytes]","args":[{"element-6066-11e4-a52e-4f735466cecf":"f.EAD3BD8A607B3C6B0F6571D6E04F04B4.d.7BA4A0B2CE5E3B51676170DEA9A017EC.e.308","ELEMENT":"f.EAD3BD8A607B3C6B0F6571D6E04F04B4.d.7BA4A0B2CE5E3B51676170DEA9A017EC.e.308"}]}
COMMAND: POST /session/238fc7fdfbc7ddd3047b28b6e8a40f5c/execute/sync - {"script":"<script> [5351 bytes]","args":[{"element-6066-11e4-a52e-4f735466cecf":"f.EAD3BD8A607B3C6B0F6571D6E04F04B4.d.7BA4A0B2CE5E3B51676170DEA9A017EC.e.308","ELEMENT":"f.EAD3BD8A607B3C6B0F6571D6E04F04B4.d.7BA4A0B2CE5E3B51676170DEA9A017EC.e.308"}]}
COMMAND: GET /session/238fc7fdfbc7ddd3047b28b6e8a40f5c/screenshot - {}
RESULT: {"script":"<script> [5351 bytes]","args":[{"element-6066-11e4-a52e-4f735466cecf":"f.EAD3BD8A607B3C6B0F6571D6E04F04B4.d.7BA4A0B2CE5E3B51676170DEA9A017EC.e.308","ELEMENT":"f.EAD3BD8A607B3C6B0F6571D6E04F04B4.d.7BA4A0B2CE5E3B51676170DEA9A017EC.e.308"}]}
COMMAND: POST /session/238fc7fdfbc7ddd3047b28b6e8a40f5c/execute/sync - {"script":"<script> [8489 bytes]","args":[{"element-6066-11e4-a52e-4f735466cecf":"f.EAD3BD8A607B3C6B0F6571D6E04F04B4.d.7BA4A0B2CE5E3B51676170DEA9A017EC.e.308","ELEMENT":"f.EAD3BD8A607B3C6B0F6571D6E04F04B4.d.7BA4A0B2CE5E3B51676170DEA9A017EC.e.308"}]}
COMMAND: GET /session/238fc7fdfbc7ddd3047b28b6e8a40f5c/screenshot - {}
RESULT: {}
RESULT: {"script":"<script> [8489 bytes]","args":[{"element-6066-11e4-a52e-4f735466cecf":"f.EAD3BD8A607B3C6B0F6571D6E04F04B4.d.7BA4A0B2CE5E3B51676170DEA9A017EC.e.308","ELEMENT":"f.EAD3BD8A607B3C6B0F6571D6E04F04B4.d.7BA4A0B2CE5E3B51676170DEA9A017EC.e.308"}]}
COMMAND: POST /session/238fc7fdfbc7ddd3047b28b6e8a40f5c/execute/sync - {"script":"<script> [5351 bytes]","args":[{"element-6066-11e4-a52e-4f735466cecf":"f.EAD3BD8A607B3C6B0F6571D6E04F04B4.d.7BA4A0B2CE5E3B51676170DEA9A017EC.e.308","ELEMENT":"f.EAD3BD8A607B3C6B0F6571D6E04F04B4.d.7BA4A0B2CE5E3B51676170DEA9A017EC.e.308"}]}
COMMAND: GET /session/238fc7fdfbc7ddd3047b28b6e8a40f5c/screenshot - {}
RESULT: {}
RESULT: {"script":"<script> [5351 bytes]","args":[{"element-6066-11e4-a52e-4f735466cecf":"f.EAD3BD8A607B3C6B0F6571D6E04F04B4.d.7BA4A0B2CE5E3B51676170DEA9A017EC.e.308","ELEMENT":"f.EAD3BD8A607B3C6B0F6571D6E04F04B4.d.7BA4A0B2CE5E3B51676170DEA9A017EC.e.308"}]}
COMMAND: POST /session/238fc7fdfbc7ddd3047b28b6e8a40f5c/execute/sync - {"script":"<script> [8489 bytes]","args":[{"element-6066-11e4-a52e-4f735466cecf":"f.EAD3BD8A607B3C6B0F6571D6E04F04B4.d.7BA4A0B2CE5E3B51676170DEA9A017EC.e.308","ELEMENT":"f.EAD3BD8A607B3C6B0F6571D6E04F04B4.d.7BA4A0B2CE5E3B51676170DEA9A017EC.e.308"}]}
COMMAND: GET /session/238fc7fdfbc7ddd3047b28b6e8a40f5c/screenshot - {}
RESULT: {}
RESULT: {"script":"<script> [8489 bytes]","args":[{"element-6066-11e4-a52e-4f735466cecf":"f.EAD3BD8A607B3C6B0F6571D6E04F04B4.d.7BA4A0B2CE5E3B51676170DEA9A017EC.e.308","ELEMENT":"f.EAD3BD8A607B3C6B0F6571D6E04F04B4.d.7BA4A0B2CE5E3B51676170DEA9A017EC.e.308"}]}
COMMAND: POST /session/238fc7fdfbc7ddd3047b28b6e8a40f5c/execute/sync - {"script":"<script> [5351 bytes]","args":[{"element-6066-11e4-a52e-4f735466cecf":"f.EAD3BD8A607B3C6B0F6571D6E04F04B4.d.7BA4A0B2CE5E3B51676170DEA9A017EC.e.308","ELEMENT":"f.EAD3BD8A607B3C6B0F6571D6E04F04B4.d.7BA4A0B2CE5E3B51676170DEA9A017EC.e.308"}]}
COMMAND: GET /session/238fc7fdfbc7ddd3047b28b6e8a40f5c/screenshot - {}
RESULT: {}
RESULT: {}
RESULT: {"script":"<script> [5351 bytes]","args":[{"element-6066-11e4-a52e-4f735466cecf":"f.EAD3BD8A607B3C6B0F6571D6E04F04B4.d.7BA4A0B2CE5E3B51676170DEA9A017EC.e.308","ELEMENT":"f.EAD3BD8A607B3C6B0F6571D6E04F04B4.d.7BA4A0B2CE5E3B51676170DEA9A017EC.e.308"}]}
COMMAND: GET /session/238fc7fdfbc7ddd3047b28b6e8a40f5c/screenshot - {}
COMMAND: POST /session/238fc7fdfbc7ddd3047b28b6e8a40f5c/execute/sync - {"script":"<script> [8489 bytes]","args":[{"element-6066-11e4-a52e-4f735466cecf":"f.EAD3BD8A607B3C6B0F6571D6E04F04B4.d.7BA4A0B2CE5E3B51676170DEA9A017EC.e.308","ELEMENT":"f.EAD3BD8A607B3C6B0F6571D6E04F04B4.d.7BA4A0B2CE5E3B51676170DEA9A017EC.e.308"}]}
RESULT: {"script":"<script> [8489 bytes]","args":[{"element-6066-11e4-a52e-4f735466cecf":"f.EAD3BD8A607B3C6B0F6571D6E04F04B4.d.7BA4A0B2CE5E3B51676170DEA9A017EC.e.308","ELEMENT":"f.EAD3BD8A607B3C6B0F6571D6E04F04B4.d.7BA4A0B2CE5E3B51676170DEA9A017EC.e.308"}]}
COMMAND: POST /session/238fc7fdfbc7ddd3047b28b6e8a40f5c/execute/sync - {"script":"<script> [5351 bytes]","args":[{"element-6066-11e4-a52e-4f735466cecf":"f.EAD3BD8A607B3C6B0F6571D6E04F04B4.d.7BA4A0B2CE5E3B51676170DEA9A017EC.e.308","ELEMENT":"f.EAD3BD8A607B3C6B0F6571D6E04F04B4.d.7BA4A0B2CE5E3B51676170DEA9A017EC.e.308"}]}
COMMAND: GET /session/238fc7fdfbc7ddd3047b28b6e8a40f5c/screenshot - {}
RESULT: {}
RESULT: {"script":"<script> [5351 bytes]","args":[{"element-6066-11e4-a52e-4f735466cecf":"f.EAD3BD8A607B3C6B0F6571D6E04F04B4.d.7BA4A0B2CE5E3B51676170DEA9A017EC.e.308","ELEMENT":"f.EAD3BD8A607B3C6B0F6571D6E04F04B4.d.7BA4A0B2CE5E3B51676170DEA9A017EC.e.308"}]}
COMMAND: GET /session/238fc7fdfbc7ddd3047b28b6e8a40f5c/screenshot - {}
COMMAND: POST /session/238fc7fdfbc7ddd3047b28b6e8a40f5c/execute/sync - {"script":"<script> [8489 bytes]","args":[{"element-6066-11e4-a52e-4f735466cecf":"f.EAD3BD8A607B3C6B0F6571D6E04F04B4.d.7BA4A0B2CE5E3B51676170DEA9A017EC.e.308","ELEMENT":"f.EAD3BD8A607B3C6B0F6571D6E04F04B4.d.7BA4A0B2CE5E3B51676170DEA9A017EC.e.308"}]}
RESULT: {}
RESULT: {}
RESULT: {"script":"<script> [8489 bytes]","args":[{"element-6066-11e4-a52e-4f735466cecf":"f.EAD3BD8A607B3C6B0F6571D6E04F04B4.d.7BA4A0B2CE5E3B51676170DEA9A017EC.e.308","ELEMENT":"f.EAD3BD8A607B3C6B0F6571D6E04F04B4.d.7BA4A0B2CE5E3B51676170DEA9A017EC.e.308"}]}
COMMAND: POST /session/238fc7fdfbc7ddd3047b28b6e8a40f5c/execute/sync - {"script":"<script> [5351 bytes]","args":[{"element-6066-11e4-a52e-4f735466cecf":"f.EAD3BD8A607B3C6B0F6571D6E04F04B4.d.7BA4A0B2CE5E3B51676170DEA9A017EC.e.308","ELEMENT":"f.EAD3BD8A607B3C6B0F6571D6E04F04B4.d.7BA4A0B2CE5E3B51676170DEA9A017EC.e.308"}]}
COMMAND: GET /session/238fc7fdfbc7ddd3047b28b6e8a40f5c/screenshot - {}
RESULT: {"script":"<script> [5351 bytes]","args":[{"element-6066-11e4-a52e-4f735466cecf":"f.EAD3BD8A607B3C6B0F6571D6E04F04B4.d.7BA4A0B2CE5E3B51676170DEA9A017EC.e.308","ELEMENT":"f.EAD3BD8A607B3C6B0F6571D6E04F04B4.d.7BA4A0B2CE5E3B51676170DEA9A017EC.e.308"}]}
COMMAND: GET /session/238fc7fdfbc7ddd3047b28b6e8a40f5c/screenshot - {}
COMMAND: POST /session/238fc7fdfbc7ddd3047b28b6e8a40f5c/execute/sync - {"script":"<script> [8489 bytes]","args":[{"element-6066-11e4-a52e-4f735466cecf":"f.EAD3BD8A607B3C6B0F6571D6E04F04B4.d.7BA4A0B2CE5E3B51676170DEA9A017EC.e.308","ELEMENT":"f.EAD3BD8A607B3C6B0F6571D6E04F04B4.d.7BA4A0B2CE5E3B51676170DEA9A017EC.e.308"}]}
RESULT: {}
RESULT: {"script":"<script> [8489 bytes]","args":[{"element-6066-11e4-a52e-4f735466cecf":"f.EAD3BD8A607B3C6B0F6571D6E04F04B4.d.7BA4A0B2CE5E3B51676170DEA9A017EC.e.308","ELEMENT":"f.EAD3BD8A607B3C6B0F6571D6E04F04B4.d.7BA4A0B2CE5E3B51676170DEA9A017EC.e.308"}]}
COMMAND: POST /session/238fc7fdfbc7ddd3047b28b6e8a40f5c/execute/sync - {"script":"<script> [5351 bytes]","args":[{"element-6066-11e4-a52e-4f735466cecf":"f.EAD3BD8A607B3C6B0F6571D6E04F04B4.d.7BA4A0B2CE5E3B51676170DEA9A017EC.e.308","ELEMENT":"f.EAD3BD8A607B3C6B0F6571D6E04F04B4.d.7BA4A0B2CE5E3B51676170DEA9A017EC.e.308"}]}
COMMAND: GET /session/238fc7fdfbc7ddd3047b28b6e8a40f5c/screenshot - {}
RESULT: {}
RESULT: {"script":"<script> [5351 bytes]","args":[{"element-6066-11e4-a52e-4f735466cecf":"f.EAD3BD8A607B3C6B0F6571D6E04F04B4.d.7BA4A0B2CE5E3B51676170DEA9A017EC.e.308","ELEMENT":"f.EAD3BD8A607B3C6B0F6571D6E04F04B4.d.7BA4A0B2CE5E3B51676170DEA9A017EC.e.308"}]}
COMMAND: POST /session/238fc7fdfbc7ddd3047b28b6e8a40f5c/execute/sync - {"script":"<script> [8489 bytes]","args":[{"element-6066-11e4-a52e-4f735466cecf":"f.EAD3BD8A607B3C6B0F6571D6E04F04B4.d.7BA4A0B2CE5E3B51676170DEA9A017EC.e.308","ELEMENT":"f.EAD3BD8A607B3C6B0F6571D6E04F04B4.d.7BA4A0B2CE5E3B51676170DEA9A017EC.e.308"}]}
COMMAND: GET /session/238fc7fdfbc7ddd3047b28b6e8a40f5c/screenshot - {}
RESULT: {}
RESULT: {"script":"<script> [8489 bytes]","args":[{"element-6066-11e4-a52e-4f735466cecf":"f.EAD3BD8A607B3C6B0F6571D6E04F04B4.d.7BA4A0B2CE5E3B51676170DEA9A017EC.e.308","ELEMENT":"f.EAD3BD8A607B3C6B0F6571D6E04F04B4.d.7BA4A0B2CE5E3B51676170DEA9A017EC.e.308"}]}
COMMAND: POST /session/238fc7fdfbc7ddd3047b28b6e8a40f5c/execute/sync - {"script":"<script> [5351 bytes]","args":[{"element-6066-11e4-a52e-4f735466cecf":"f.EAD3BD8A607B3C6B0F6571D6E04F04B4.d.7BA4A0B2CE5E3B51676170DEA9A017EC.e.308","ELEMENT":"f.EAD3BD8A607B3C6B0F6571D6E04F04B4.d.7BA4A0B2CE5E3B51676170DEA9A017EC.e.308"}]}
COMMAND: GET /session/238fc7fdfbc7ddd3047b28b6e8a40f5c/screenshot - {}
RESULT: {}
RESULT: {"script":"<script> [5351 bytes]","args":[{"element-6066-11e4-a52e-4f735466cecf":"f.EAD3BD8A607B3C6B0F6571D6E04F04B4.d.7BA4A0B2CE5E3B51676170DEA9A017EC.e.308","ELEMENT":"f.EAD3BD8A607B3C6B0F6571D6E04F04B4.d.7BA4A0B2CE5E3B51676170DEA9A017EC.e.308"}]}
COMMAND: GET /session/238fc7fdfbc7ddd3047b28b6e8a40f5c/screenshot - {}
COMMAND: POST /session/238fc7fdfbc7ddd3047b28b6e8a40f5c/execute/sync - {"script":"<script> [8489 bytes]","args":[{"element-6066-11e4-a52e-4f735466cecf":"f.EAD3BD8A607B3C6B0F6571D6E04F04B4.d.7BA4A0B2CE5E3B51676170DEA9A017EC.e.308","ELEMENT":"f.EAD3BD8A607B3C6B0F6571D6E04F04B4.d.7BA4A0B2CE5E3B51676170DEA9A017EC.e.308"}]}
RESULT: {}
RESULT: {"script":"<script> [8489 bytes]","args":[{"element-6066-11e4-a52e-4f735466cecf":"f.EAD3BD8A607B3C6B0F6571D6E04F04B4.d.7BA4A0B2CE5E3B51676170DEA9A017EC.e.308","ELEMENT":"f.EAD3BD8A607B3C6B0F6571D6E04F04B4.d.7BA4A0B2CE5E3B51676170DEA9A017EC.e.308"}]}
COMMAND: POST /session/238fc7fdfbc7ddd3047b28b6e8a40f5c/execute/sync - {"script":"<script> [5351 bytes]","args":[{"element-6066-11e4-a52e-4f735466cecf":"f.EAD3BD8A607B3C6B0F6571D6E04F04B4.d.7BA4A0B2CE5E3B51676170DEA9A017EC.e.308","ELEMENT":"f.EAD3BD8A607B3C6B0F6571D6E04F04B4.d.7BA4A0B2CE5E3B51676170DEA9A017EC.e.308"}]}
COMMAND: GET /session/238fc7fdfbc7ddd3047b28b6e8a40f5c/screenshot - {}
RESULT: {}
RESULT: {"script":"<script> [5351 bytes]","args":[{"element-6066-11e4-a52e-4f735466cecf":"f.EAD3BD8A607B3C6B0F6571D6E04F04B4.d.7BA4A0B2CE5E3B51676170DEA9A017EC.e.308","ELEMENT":"f.EAD3BD8A607B3C6B0F6571D6E04F04B4.d.7BA4A0B2CE5E3B51676170DEA9A017EC.e.308"}]}
COMMAND: GET /session/238fc7fdfbc7ddd3047b28b6e8a40f5c/screenshot - {}
COMMAND: POST /session/238fc7fdfbc7ddd3047b28b6e8a40f5c/execute/sync - {"script":"<script> [8489 bytes]","args":[{"element-6066-11e4-a52e-4f735466cecf":"f.EAD3BD8A607B3C6B0F6571D6E04F04B4.d.7BA4A0B2CE5E3B51676170DEA9A017EC.e.308","ELEMENT":"f.EAD3BD8A607B3C6B0F6571D6E04F04B4.d.7BA4A0B2CE5E3B51676170DEA9A017EC.e.308"}]}
RESULT: {}
RESULT: {"script":"<script> [8489 bytes]","args":[{"element-6066-11e4-a52e-4f735466cecf":"f.EAD3BD8A607B3C6B0F6571D6E04F04B4.d.7BA4A0B2CE5E3B51676170DEA9A017EC.e.308","ELEMENT":"f.EAD3BD8A607B3C6B0F6571D6E04F04B4.d.7BA4A0B2CE5E3B51676170DEA9A017EC.e.308"}]}
COMMAND: POST /session/238fc7fdfbc7ddd3047b28b6e8a40f5c/execute/sync - {"script":"<script> [5351 bytes]","args":[{"element-6066-11e4-a52e-4f735466cecf":"f.EAD3BD8A607B3C6B0F6571D6E04F04B4.d.7BA4A0B2CE5E3B51676170DEA9A017EC.e.308","ELEMENT":"f.EAD3BD8A607B3C6B0F6571D6E04F04B4.d.7BA4A0B2CE5E3B51676170DEA9A017EC.e.308"}]}
COMMAND: GET /session/238fc7fdfbc7ddd3047b28b6e8a40f5c/screenshot - {}
RESULT: {}
RESULT: {"script":"<script> [5351 bytes]","args":[{"element-6066-11e4-a52e-4f735466cecf":"f.EAD3BD8A607B3C6B0F6571D6E04F04B4.d.7BA4A0B2CE5E3B51676170DEA9A017EC.e.308","ELEMENT":"f.EAD3BD8A607B3C6B0F6571D6E04F04B4.d.7BA4A0B2CE5E3B51676170DEA9A017EC.e.308"}]}
COMMAND: POST /session/238fc7fdfbc7ddd3047b28b6e8a40f5c/execute/sync - {"script":"<script> [8489 bytes]","args":[{"element-6066-11e4-a52e-4f735466cecf":"f.EAD3BD8A607B3C6B0F6571D6E04F04B4.d.7BA4A0B2CE5E3B51676170DEA9A017EC.e.308","ELEMENT":"f.EAD3BD8A607B3C6B0F6571D6E04F04B4.d.7BA4A0B2CE5E3B51676170DEA9A017EC.e.308"}]}
COMMAND: GET /session/238fc7fdfbc7ddd3047b28b6e8a40f5c/screenshot - {}
RESULT: {}
RESULT: {"script":"<script> [8489 bytes]","args":[{"element-6066-11e4-a52e-4f735466cecf":"f.EAD3BD8A607B3C6B0F6571D6E04F04B4.d.7BA4A0B2CE5E3B51676170DEA9A017EC.e.308","ELEMENT":"f.EAD3BD8A607B3C6B0F6571D6E04F04B4.d.7BA4A0B2CE5E3B51676170DEA9A017EC.e.308"}]}
COMMAND: POST /session/238fc7fdfbc7ddd3047b28b6e8a40f5c/execute/sync - {"script":"<script> [5351 bytes]","args":[{"element-6066-11e4-a52e-4f735466cecf":"f.EAD3BD8A607B3C6B0F6571D6E04F04B4.d.7BA4A0B2CE5E3B51676170DEA9A017EC.e.308","ELEMENT":"f.EAD3BD8A607B3C6B0F6571D6E04F04B4.d.7BA4A0B2CE5E3B51676170DEA9A017EC.e.308"}]}
COMMAND: GET /session/238fc7fdfbc7ddd3047b28b6e8a40f5c/screenshot - {}
RESULT: {}
RESULT: {"script":"<script> [5351 bytes]","args":[{"element-6066-11e4-a52e-4f735466cecf":"f.EAD3BD8A607B3C6B0F6571D6E04F04B4.d.7BA4A0B2CE5E3B51676170DEA9A017EC.e.308","ELEMENT":"f.EAD3BD8A607B3C6B0F6571D6E04F04B4.d.7BA4A0B2CE5E3B51676170DEA9A017EC.e.308"}]}
COMMAND: GET /session/238fc7fdfbc7ddd3047b28b6e8a40f5c/screenshot - {}
COMMAND: POST /session/238fc7fdfbc7ddd3047b28b6e8a40f5c/execute/sync - {"script":"<script> [8489 bytes]","args":[{"element-6066-11e4-a52e-4f735466cecf":"f.EAD3BD8A607B3C6B0F6571D6E04F04B4.d.7BA4A0B2CE5E3B51676170DEA9A017EC.e.308","ELEMENT":"f.EAD3BD8A607B3C6B0F6571D6E04F04B4.d.7BA4A0B2CE5E3B51676170DEA9A017EC.e.308"}]}
RESULT: {}
RESULT: {}
RESULT: {"script":"<script> [8489 bytes]","args":[{"element-6066-11e4-a52e-4f735466cecf":"f.EAD3BD8A607B3C6B0F6571D6E04F04B4.d.7BA4A0B2CE5E3B51676170DEA9A017EC.e.308","ELEMENT":"f.EAD3BD8A607B3C6B0F6571D6E04F04B4.d.7BA4A0B2CE5E3B51676170DEA9A017EC.e.308"}]}
COMMAND: POST /session/238fc7fdfbc7ddd3047b28b6e8a40f5c/execute/sync - {"script":"<script> [5351 bytes]","args":[{"element-6066-11e4-a52e-4f735466cecf":"f.EAD3BD8A607B3C6B0F6571D6E04F04B4.d.7BA4A0B2CE5E3B51676170DEA9A017EC.e.308","ELEMENT":"f.EAD3BD8A607B3C6B0F6571D6E04F04B4.d.7BA4A0B2CE5E3B51676170DEA9A017EC.e.308"}]}
COMMAND: GET /session/238fc7fdfbc7ddd3047b28b6e8a40f5c/screenshot - {}
RESULT: {"script":"<script> [5351 bytes]","args":[{"element-6066-11e4-a52e-4f735466cecf":"f.EAD3BD8A607B3C6B0F6571D6E04F04B4.d.7BA4A0B2CE5E3B51676170DEA9A017EC.e.308","ELEMENT":"f.EAD3BD8A607B3C6B0F6571D6E04F04B4.d.7BA4A0B2CE5E3B51676170DEA9A017EC.e.308"}]}
COMMAND: GET /session/238fc7fdfbc7ddd3047b28b6e8a40f5c/screenshot - {}
COMMAND: POST /session/238fc7fdfbc7ddd3047b28b6e8a40f5c/execute/sync - {"script":"<script> [8489 bytes]","args":[{"element-6066-11e4-a52e-4f735466cecf":"f.EAD3BD8A607B3C6B0F6571D6E04F04B4.d.7BA4A0B2CE5E3B51676170DEA9A017EC.e.308","ELEMENT":"f.EAD3BD8A607B3C6B0F6571D6E04F04B4.d.7BA4A0B2CE5E3B51676170DEA9A017EC.e.308"}]}
RESULT: {}
RESULT: {}
RESULT: {"script":"<script> [8489 bytes]","args":[{"element-6066-11e4-a52e-4f735466cecf":"f.EAD3BD8A607B3C6B0F6571D6E04F04B4.d.7BA4A0B2CE5E3B51676170DEA9A017EC.e.308","ELEMENT":"f.EAD3BD8A607B3C6B0F6571D6E04F04B4.d.7BA4A0B2CE5E3B51676170DEA9A017EC.e.308"}]}
COMMAND: POST /session/238fc7fdfbc7ddd3047b28b6e8a40f5c/execute/sync - {"script":"<script> [5351 bytes]","args":[{"element-6066-11e4-a52e-4f735466cecf":"f.EAD3BD8A607B3C6B0F6571D6E04F04B4.d.7BA4A0B2CE5E3B51676170DEA9A017EC.e.308","ELEMENT":"f.EAD3BD8A607B3C6B0F6571D6E04F04B4.d.7BA4A0B2CE5E3B51676170DEA9A017EC.e.308"}]}
COMMAND: GET /session/238fc7fdfbc7ddd3047b28b6e8a40f5c/screenshot - {}
RESULT: {"script":"<script> [5351 bytes]","args":[{"element-6066-11e4-a52e-4f735466cecf":"f.EAD3BD8A607B3C6B0F6571D6E04F04B4.d.7BA4A0B2CE5E3B51676170DEA9A017EC.e.308","ELEMENT":"f.EAD3BD8A607B3C6B0F6571D6E04F04B4.d.7BA4A0B2CE5E3B51676170DEA9A017EC.e.308"}]}
COMMAND: GET /session/238fc7fdfbc7ddd3047b28b6e8a40f5c/screenshot - {}
COMMAND: POST /session/238fc7fdfbc7ddd3047b28b6e8a40f5c/execute/sync - {"script":"<script> [8489 bytes]","args":[{"element-6066-11e4-a52e-4f735466cecf":"f.EAD3BD8A607B3C6B0F6571D6E04F04B4.d.7BA4A0B2CE5E3B51676170DEA9A017EC.e.308","ELEMENT":"f.EAD3BD8A607B3C6B0F6571D6E04F04B4.d.7BA4A0B2CE5E3B51676170DEA9A017EC.e.308"}]}
RESULT: {}
RESULT: {}
RESULT: {"script":"<script> [8489 bytes]","args":[{"element-6066-11e4-a52e-4f735466cecf":"f.EAD3BD8A607B3C6B0F6571D6E04F04B4.d.7BA4A0B2CE5E3B51676170DEA9A017EC.e.308","ELEMENT":"f.EAD3BD8A607B3C6B0F6571D6E04F04B4.d.7BA4A0B2CE5E3B51676170DEA9A017EC.e.308"}]}
COMMAND: POST /session/238fc7fdfbc7ddd3047b28b6e8a40f5c/execute/sync - {"script":"<script> [5351 bytes]","args":[{"element-6066-11e4-a52e-4f735466cecf":"f.EAD3BD8A607B3C6B0F6571D6E04F04B4.d.7BA4A0B2CE5E3B51676170DEA9A017EC.e.308","ELEMENT":"f.EAD3BD8A607B3C6B0F6571D6E04F04B4.d.7BA4A0B2CE5E3B51676170DEA9A017EC.e.308"}]}
COMMAND: GET /session/238fc7fdfbc7ddd3047b28b6e8a40f5c/screenshot - {}
RESULT: {"script":"<script> [5351 bytes]","args":[{"element-6066-11e4-a52e-4f735466cecf":"f.EAD3BD8A607B3C6B0F6571D6E04F04B4.d.7BA4A0B2CE5E3B51676170DEA9A017EC.e.308","ELEMENT":"f.EAD3BD8A607B3C6B0F6571D6E04F04B4.d.7BA4A0B2CE5E3B51676170DEA9A017EC.e.308"}]}
COMMAND: GET /session/238fc7fdfbc7ddd3047b28b6e8a40f5c/screenshot - {}
COMMAND: POST /session/238fc7fdfbc7ddd3047b28b6e8a40f5c/execute/sync - {"script":"<script> [8489 bytes]","args":[{"element-6066-11e4-a52e-4f735466cecf":"f.EAD3BD8A607B3C6B0F6571D6E04F04B4.d.7BA4A0B2CE5E3B51676170DEA9A017EC.e.308","ELEMENT":"f.EAD3BD8A607B3C6B0F6571D6E04F04B4.d.7BA4A0B2CE5E3B51676170DEA9A017EC.e.308"}]}
RESULT: {}
RESULT: {"script":"<script> [8489 bytes]","args":[{"element-6066-11e4-a52e-4f735466cecf":"f.EAD3BD8A607B3C6B0F6571D6E04F04B4.d.7BA4A0B2CE5E3B51676170DEA9A017EC.e.308","ELEMENT":"f.EAD3BD8A607B3C6B0F6571D6E04F04B4.d.7BA4A0B2CE5E3B51676170DEA9A017EC.e.308"}]}
COMMAND: POST /session/238fc7fdfbc7ddd3047b28b6e8a40f5c/execute/sync - {"script":"<script> [5351 bytes]","args":[{"element-6066-11e4-a52e-4f735466cecf":"f.EAD3BD8A607B3C6B0F6571D6E04F04B4.d.7BA4A0B2CE5E3B51676170DEA9A017EC.e.308","ELEMENT":"f.EAD3BD8A607B3C6B0F6571D6E04F04B4.d.7BA4A0B2CE5E3B51676170DEA9A017EC.e.308"}]}
COMMAND: GET /session/238fc7fdfbc7ddd3047b28b6e8a40f5c/screenshot - {}
RESULT: {}
RESULT: {"script":"<script> [5351 bytes]","args":[{"element-6066-11e4-a52e-4f735466cecf":"f.EAD3BD8A607B3C6B0F6571D6E04F04B4.d.7BA4A0B2CE5E3B51676170DEA9A017EC.e.308","ELEMENT":"f.EAD3BD8A607B3C6B0F6571D6E04F04B4.d.7BA4A0B2CE5E3B51676170DEA9A017EC.e.308"}]}
COMMAND: GET /session/238fc7fdfbc7ddd3047b28b6e8a40f5c/screenshot - {}
COMMAND: POST /session/238fc7fdfbc7ddd3047b28b6e8a40f5c/execute/sync - {"script":"<script> [8489 bytes]","args":[{"element-6066-11e4-a52e-4f735466cecf":"f.EAD3BD8A607B3C6B0F6571D6E04F04B4.d.7BA4A0B2CE5E3B51676170DEA9A017EC.e.308","ELEMENT":"f.EAD3BD8A607B3C6B0F6571D6E04F04B4.d.7BA4A0B2CE5E3B51676170DEA9A017EC.e.308"}]}
RESULT: {}
RESULT: {}
RESULT: {"script":"<script> [8489 bytes]","args":[{"element-6066-11e4-a52e-4f735466cecf":"f.EAD3BD8A607B3C6B0F6571D6E04F04B4.d.7BA4A0B2CE5E3B51676170DEA9A017EC.e.308","ELEMENT":"f.EAD3BD8A607B3C6B0F6571D6E04F04B4.d.7BA4A0B2CE5E3B51676170DEA9A017EC.e.308"}]}
COMMAND: POST /session/238fc7fdfbc7ddd3047b28b6e8a40f5c/execute/sync - {"script":"<script> [5351 bytes]","args":[{"element-6066-11e4-a52e-4f735466cecf":"f.EAD3BD8A607B3C6B0F6571D6E04F04B4.d.7BA4A0B2CE5E3B51676170DEA9A017EC.e.308","ELEMENT":"f.EAD3BD8A607B3C6B0F6571D6E04F04B4.d.7BA4A0B2CE5E3B51676170DEA9A017EC.e.308"}]}
COMMAND: GET /session/238fc7fdfbc7ddd3047b28b6e8a40f5c/screenshot - {}
RESULT: {"script":"<script> [5351 bytes]","args":[{"element-6066-11e4-a52e-4f735466cecf":"f.EAD3BD8A607B3C6B0F6571D6E04F04B4.d.7BA4A0B2CE5E3B51676170DEA9A017EC.e.308","ELEMENT":"f.EAD3BD8A607B3C6B0F6571D6E04F04B4.d.7BA4A0B2CE5E3B51676170DEA9A017EC.e.308"}]}
COMMAND: GET /session/238fc7fdfbc7ddd3047b28b6e8a40f5c/screenshot - {}
COMMAND: POST /session/238fc7fdfbc7ddd3047b28b6e8a40f5c/execute/sync - {"script":"<script> [8489 bytes]","args":[{"element-6066-11e4-a52e-4f735466cecf":"f.EAD3BD8A607B3C6B0F6571D6E04F04B4.d.7BA4A0B2CE5E3B51676170DEA9A017EC.e.308","ELEMENT":"f.EAD3BD8A607B3C6B0F6571D6E04F04B4.d.7BA4A0B2CE5E3B51676170DEA9A017EC.e.308"}]}
RESULT: {}
RESULT: {}
RESULT: {"script":"<script> [8489 bytes]","args":[{"element-6066-11e4-a52e-4f735466cecf":"f.EAD3BD8A607B3C6B0F6571D6E04F04B4.d.7BA4A0B2CE5E3B51676170DEA9A017EC.e.308","ELEMENT":"f.EAD3BD8A607B3C6B0F6571D6E04F04B4.d.7BA4A0B2CE5E3B51676170DEA9A017EC.e.308"}]}
COMMAND: POST /session/238fc7fdfbc7ddd3047b28b6e8a40f5c/execute/sync - {"script":"<script> [5351 bytes]","args":[{"element-6066-11e4-a52e-4f735466cecf":"f.EAD3BD8A607B3C6B0F6571D6E04F04B4.d.7BA4A0B2CE5E3B51676170DEA9A017EC.e.308","ELEMENT":"f.EAD3BD8A607B3C6B0F6571D6E04F04B4.d.7BA4A0B2CE5E3B51676170DEA9A017EC.e.308"}]}
COMMAND: GET /session/238fc7fdfbc7ddd3047b28b6e8a40f5c/screenshot - {}
RESULT: {"script":"<script> [5351 bytes]","args":[{"element-6066-11e4-a52e-4f735466cecf":"f.EAD3BD8A607B3C6B0F6571D6E04F04B4.d.7BA4A0B2CE5E3B51676170DEA9A017EC.e.308","ELEMENT":"f.EAD3BD8A607B3C6B0F6571D6E04F04B4.d.7BA4A0B2CE5E3B51676170DEA9A017EC.e.308"}]}
COMMAND: POST /session/238fc7fdfbc7ddd3047b28b6e8a40f5c/execute/sync - {"script":"<script> [8489 bytes]","args":[{"element-6066-11e4-a52e-4f735466cecf":"f.EAD3BD8A607B3C6B0F6571D6E04F04B4.d.7BA4A0B2CE5E3B51676170DEA9A017EC.e.308","ELEMENT":"f.EAD3BD8A607B3C6B0F6571D6E04F04B4.d.7BA4A0B2CE5E3B51676170DEA9A017EC.e.308"}]}
COMMAND: GET /session/238fc7fdfbc7ddd3047b28b6e8a40f5c/screenshot - {}
RESULT: {}
RESULT: {"script":"<script> [8489 bytes]","args":[{"element-6066-11e4-a52e-4f735466cecf":"f.EAD3BD8A607B3C6B0F6571D6E04F04B4.d.7BA4A0B2CE5E3B51676170DEA9A017EC.e.308","ELEMENT":"f.EAD3BD8A607B3C6B0F6571D6E04F04B4.d.7BA4A0B2CE5E3B51676170DEA9A017EC.e.308"}]}
COMMAND: POST /session/238fc7fdfbc7ddd3047b28b6e8a40f5c/execute/sync - {"script":"<script> [5351 bytes]","args":[{"element-6066-11e4-a52e-4f735466cecf":"f.EAD3BD8A607B3C6B0F6571D6E04F04B4.d.7BA4A0B2CE5E3B51676170DEA9A017EC.e.308","ELEMENT":"f.EAD3BD8A607B3C6B0F6571D6E04F04B4.d.7BA4A0B2CE5E3B51676170DEA9A017EC.e.308"}]}
COMMAND: GET /session/238fc7fdfbc7ddd3047b28b6e8a40f5c/screenshot - {}
RESULT: {}
RESULT: {"script":"<script> [5351 bytes]","args":[{"element-6066-11e4-a52e-4f735466cecf":"f.EAD3BD8A607B3C6B0F6571D6E04F04B4.d.7BA4A0B2CE5E3B51676170DEA9A017EC.e.308","ELEMENT":"f.EAD3BD8A607B3C6B0F6571D6E04F04B4.d.7BA4A0B2CE5E3B51676170DEA9A017EC.e.308"}]}
COMMAND: GET /session/238fc7fdfbc7ddd3047b28b6e8a40f5c/screenshot - {}
COMMAND: POST /session/238fc7fdfbc7ddd3047b28b6e8a40f5c/execute/sync - {"script":"<script> [8489 bytes]","args":[{"element-6066-11e4-a52e-4f735466cecf":"f.EAD3BD8A607B3C6B0F6571D6E04F04B4.d.7BA4A0B2CE5E3B51676170DEA9A017EC.e.308","ELEMENT":"f.EAD3BD8A607B3C6B0F6571D6E04F04B4.d.7BA4A0B2CE5E3B51676170DEA9A017EC.e.308"}]}
RESULT: {}
RESULT: {}
RESULT: {"script":"<script> [8489 bytes]","args":[{"element-6066-11e4-a52e-4f735466cecf":"f.EAD3BD8A607B3C6B0F6571D6E04F04B4.d.7BA4A0B2CE5E3B51676170DEA9A017EC.e.308","ELEMENT":"f.EAD3BD8A607B3C6B0F6571D6E04F04B4.d.7BA4A0B2CE5E3B51676170DEA9A017EC.e.308"}]}
COMMAND: POST /session/238fc7fdfbc7ddd3047b28b6e8a40f5c/execute/sync - {"script":"<script> [5351 bytes]","args":[{"element-6066-11e4-a52e-4f735466cecf":"f.EAD3BD8A607B3C6B0F6571D6E04F04B4.d.7BA4A0B2CE5E3B51676170DEA9A017EC.e.308","ELEMENT":"f.EAD3BD8A607B3C6B0F6571D6E04F04B4.d.7BA4A0B2CE5E3B51676170DEA9A017EC.e.308"}]}
COMMAND: GET /session/238fc7fdfbc7ddd3047b28b6e8a40f5c/screenshot - {}
RESULT: {"script":"<script> [5351 bytes]","args":[{"element-6066-11e4-a52e-4f735466cecf":"f.EAD3BD8A607B3C6B0F6571D6E04F04B4.d.7BA4A0B2CE5E3B51676170DEA9A017EC.e.308","ELEMENT":"f.EAD3BD8A607B3C6B0F6571D6E04F04B4.d.7BA4A0B2CE5E3B51676170DEA9A017EC.e.308"}]}
COMMAND: GET /session/238fc7fdfbc7ddd3047b28b6e8a40f5c/screenshot - {}
COMMAND: POST /session/238fc7fdfbc7ddd3047b28b6e8a40f5c/execute/sync - {"script":"<script> [8489 bytes]","args":[{"element-6066-11e4-a52e-4f735466cecf":"f.EAD3BD8A607B3C6B0F6571D6E04F04B4.d.7BA4A0B2CE5E3B51676170DEA9A017EC.e.308","ELEMENT":"f.EAD3BD8A607B3C6B0F6571D6E04F04B4.d.7BA4A0B2CE5E3B51676170DEA9A017EC.e.308"}]}
RESULT: {}
RESULT: {}
RESULT: {"script":"<script> [8489 bytes]","args":[{"element-6066-11e4-a52e-4f735466cecf":"f.EAD3BD8A607B3C6B0F6571D6E04F04B4.d.7BA4A0B2CE5E3B51676170DEA9A017EC.e.308","ELEMENT":"f.EAD3BD8A607B3C6B0F6571D6E04F04B4.d.7BA4A0B2CE5E3B51676170DEA9A017EC.e.308"}]}
COMMAND: POST /session/238fc7fdfbc7ddd3047b28b6e8a40f5c/execute/sync - {"script":"<script> [5351 bytes]","args":[{"element-6066-11e4-a52e-4f735466cecf":"f.EAD3BD8A607B3C6B0F6571D6E04F04B4.d.7BA4A0B2CE5E3B51676170DEA9A017EC.e.308","ELEMENT":"f.EAD3BD8A607B3C6B0F6571D6E04F04B4.d.7BA4A0B2CE5E3B51676170DEA9A017EC.e.308"}]}
COMMAND: GET /session/238fc7fdfbc7ddd3047b28b6e8a40f5c/screenshot - {}
RESULT: {"script":"<script> [5351 bytes]","args":[{"element-6066-11e4-a52e-4f735466cecf":"f.EAD3BD8A607B3C6B0F6571D6E04F04B4.d.7BA4A0B2CE5E3B51676170DEA9A017EC.e.308","ELEMENT":"f.EAD3BD8A607B3C6B0F6571D6E04F04B4.d.7BA4A0B2CE5E3B51676170DEA9A017EC.e.308"}]}
COMMAND: POST /session/238fc7fdfbc7ddd3047b28b6e8a40f5c/execute/sync - {"script":"<script> [8489 bytes]","args":[{"element-6066-11e4-a52e-4f735466cecf":"f.EAD3BD8A607B3C6B0F6571D6E04F04B4.d.7BA4A0B2CE5E3B51676170DEA9A017EC.e.308","ELEMENT":"f.EAD3BD8A607B3C6B0F6571D6E04F04B4.d.7BA4A0B2CE5E3B51676170DEA9A017EC.e.308"}]}
COMMAND: GET /session/238fc7fdfbc7ddd3047b28b6e8a40f5c/screenshot - {}
RESULT: {}
RESULT: {"script":"<script> [8489 bytes]","args":[{"element-6066-11e4-a52e-4f735466cecf":"f.EAD3BD8A607B3C6B0F6571D6E04F04B4.d.7BA4A0B2CE5E3B51676170DEA9A017EC.e.308","ELEMENT":"f.EAD3BD8A607B3C6B0F6571D6E04F04B4.d.7BA4A0B2CE5E3B51676170DEA9A017EC.e.308"}]}
COMMAND: POST /session/238fc7fdfbc7ddd3047b28b6e8a40f5c/execute/sync - {"script":"<script> [5351 bytes]","args":[{"element-6066-11e4-a52e-4f735466cecf":"f.EAD3BD8A607B3C6B0F6571D6E04F04B4.d.7BA4A0B2CE5E3B51676170DEA9A017EC.e.308","ELEMENT":"f.EAD3BD8A607B3C6B0F6571D6E04F04B4.d.7BA4A0B2CE5E3B51676170DEA9A017EC.e.308"}]}
COMMAND: GET /session/238fc7fdfbc7ddd3047b28b6e8a40f5c/screenshot - {}
RESULT: {}
RESULT: {"script":"<script> [5351 bytes]","args":[{"element-6066-11e4-a52e-4f735466cecf":"f.EAD3BD8A607B3C6B0F6571D6E04F04B4.d.7BA4A0B2CE5E3B51676170DEA9A017EC.e.308","ELEMENT":"f.EAD3BD8A607B3C6B0F6571D6E04F04B4.d.7BA4A0B2CE5E3B51676170DEA9A017EC.e.308"}]}
COMMAND: POST /session/238fc7fdfbc7ddd3047b28b6e8a40f5c/execute/sync - {"script":"<script> [8489 bytes]","args":[{"element-6066-11e4-a52e-4f735466cecf":"f.EAD3BD8A607B3C6B0F6571D6E04F04B4.d.7BA4A0B2CE5E3B51676170DEA9A017EC.e.308","ELEMENT":"f.EAD3BD8A607B3C6B0F6571D6E04F04B4.d.7BA4A0B2CE5E3B51676170DEA9A017EC.e.308"}]}
COMMAND: GET /session/238fc7fdfbc7ddd3047b28b6e8a40f5c/screenshot - {}
RESULT: {}
RESULT: {"script":"<script> [8489 bytes]","args":[{"element-6066-11e4-a52e-4f735466cecf":"f.EAD3BD8A607B3C6B0F6571D6E04F04B4.d.7BA4A0B2CE5E3B51676170DEA9A017EC.e.308","ELEMENT":"f.EAD3BD8A607B3C6B0F6571D6E04F04B4.d.7BA4A0B2CE5E3B51676170DEA9A017EC.e.308"}]}
COMMAND: POST /session/238fc7fdfbc7ddd3047b28b6e8a40f5c/execute/sync - {"script":"<script> [5351 bytes]","args":[{"element-6066-11e4-a52e-4f735466cecf":"f.EAD3BD8A607B3C6B0F6571D6E04F04B4.d.7BA4A0B2CE5E3B51676170DEA9A017EC.e.308","ELEMENT":"f.EAD3BD8A607B3C6B0F6571D6E04F04B4.d.7BA4A0B2CE5E3B51676170DEA9A017EC.e.308"}]}
COMMAND: GET /session/238fc7fdfbc7ddd3047b28b6e8a40f5c/screenshot - {}
RESULT: {}
RESULT: {"script":"<script> [5351 bytes]","args":[{"element-6066-11e4-a52e-4f735466cecf":"f.EAD3BD8A607B3C6B0F6571D6E04F04B4.d.7BA4A0B2CE5E3B51676170DEA9A017EC.e.308","ELEMENT":"f.EAD3BD8A607B3C6B0F6571D6E04F04B4.d.7BA4A0B2CE5E3B51676170DEA9A017EC.e.308"}]}
COMMAND: GET /session/238fc7fdfbc7ddd3047b28b6e8a40f5c/screenshot - {}
COMMAND: POST /session/238fc7fdfbc7ddd3047b28b6e8a40f5c/execute/sync - {"script":"<script> [8489 bytes]","args":[{"element-6066-11e4-a52e-4f735466cecf":"f.EAD3BD8A607B3C6B0F6571D6E04F04B4.d.7BA4A0B2CE5E3B51676170DEA9A017EC.e.308","ELEMENT":"f.EAD3BD8A607B3C6B0F6571D6E04F04B4.d.7BA4A0B2CE5E3B51676170DEA9A017EC.e.308"}]}
RESULT: {}
RESULT: {}
RESULT: {"script":"<script> [8489 bytes]","args":[{"element-6066-11e4-a52e-4f735466cecf":"f.EAD3BD8A607B3C6B0F6571D6E04F04B4.d.7BA4A0B2CE5E3B51676170DEA9A017EC.e.308","ELEMENT":"f.EAD3BD8A607B3C6B0F6571D6E04F04B4.d.7BA4A0B2CE5E3B51676170DEA9A017EC.e.308"}]}
COMMAND: POST /session/238fc7fdfbc7ddd3047b28b6e8a40f5c/execute/sync - {"script":"<script> [5351 bytes]","args":[{"element-6066-11e4-a52e-4f735466cecf":"f.EAD3BD8A607B3C6B0F6571D6E04F04B4.d.7BA4A0B2CE5E3B51676170DEA9A017EC.e.308","ELEMENT":"f.EAD3BD8A607B3C6B0F6571D6E04F04B4.d.7BA4A0B2CE5E3B51676170DEA9A017EC.e.308"}]}
COMMAND: GET /session/238fc7fdfbc7ddd3047b28b6e8a40f5c/screenshot - {}
RESULT: {"script":"<script> [5351 bytes]","args":[{"element-6066-11e4-a52e-4f735466cecf":"f.EAD3BD8A607B3C6B0F6571D6E04F04B4.d.7BA4A0B2CE5E3B51676170DEA9A017EC.e.308","ELEMENT":"f.EAD3BD8A607B3C6B0F6571D6E04F04B4.d.7BA4A0B2CE5E3B51676170DEA9A017EC.e.308"}]}
COMMAND: GET /session/238fc7fdfbc7ddd3047b28b6e8a40f5c/screenshot - {}
COMMAND: POST /session/238fc7fdfbc7ddd3047b28b6e8a40f5c/execute/sync - {"script":"<script> [8489 bytes]","args":[{"element-6066-11e4-a52e-4f735466cecf":"f.EAD3BD8A607B3C6B0F6571D6E04F04B4.d.7BA4A0B2CE5E3B51676170DEA9A017EC.e.308","ELEMENT":"f.EAD3BD8A607B3C6B0F6571D6E04F04B4.d.7BA4A0B2CE5E3B51676170DEA9A017EC.e.308"}]}
RESULT: {}
RESULT: {}
RESULT: {"script":"<script> [8489 bytes]","args":[{"element-6066-11e4-a52e-4f735466cecf":"f.EAD3BD8A607B3C6B0F6571D6E04F04B4.d.7BA4A0B2CE5E3B51676170DEA9A017EC.e.308","ELEMENT":"f.EAD3BD8A607B3C6B0F6571D6E04F04B4.d.7BA4A0B2CE5E3B51676170DEA9A017EC.e.308"}]}
COMMAND: POST /session/238fc7fdfbc7ddd3047b28b6e8a40f5c/execute/sync - {"script":"<script> [5351 bytes]","args":[{"element-6066-11e4-a52e-4f735466cecf":"f.EAD3BD8A607B3C6B0F6571D6E04F04B4.d.7BA4A0B2CE5E3B51676170DEA9A017EC.e.308","ELEMENT":"f.EAD3BD8A607B3C6B0F6571D6E04F04B4.d.7BA4A0B2CE5E3B51676170DEA9A017EC.e.308"}]}
COMMAND: GET /session/238fc7fdfbc7ddd3047b28b6e8a40f5c/screenshot - {}
RESULT: {"script":"<script> [5351 bytes]","args":[{"element-6066-11e4-a52e-4f735466cecf":"f.EAD3BD8A607B3C6B0F6571D6E04F04B4.d.7BA4A0B2CE5E3B51676170DEA9A017EC.e.308","ELEMENT":"f.EAD3BD8A607B3C6B0F6571D6E04F04B4.d.7BA4A0B2CE5E3B51676170DEA9A017EC.e.308"}]}
COMMAND: POST /session/238fc7fdfbc7ddd3047b28b6e8a40f5c/execute/sync - {"script":"<script> [8489 bytes]","args":[{"element-6066-11e4-a52e-4f735466cecf":"f.EAD3BD8A607B3C6B0F6571D6E04F04B4.d.7BA4A0B2CE5E3B51676170DEA9A017EC.e.308","ELEMENT":"f.EAD3BD8A607B3C6B0F6571D6E04F04B4.d.7BA4A0B2CE5E3B51676170DEA9A017EC.e.308"}]}
COMMAND: GET /session/238fc7fdfbc7ddd3047b28b6e8a40f5c/screenshot - {}
RESULT: {}
RESULT: {"script":"<script> [8489 bytes]","args":[{"element-6066-11e4-a52e-4f735466cecf":"f.EAD3BD8A607B3C6B0F6571D6E04F04B4.d.7BA4A0B2CE5E3B51676170DEA9A017EC.e.308","ELEMENT":"f.EAD3BD8A607B3C6B0F6571D6E04F04B4.d.7BA4A0B2CE5E3B51676170DEA9A017EC.e.308"}]}
COMMAND: POST /session/238fc7fdfbc7ddd3047b28b6e8a40f5c/execute/sync - {"script":"<script> [5351 bytes]","args":[{"element-6066-11e4-a52e-4f735466cecf":"f.EAD3BD8A607B3C6B0F6571D6E04F04B4.d.7BA4A0B2CE5E3B51676170DEA9A017EC.e.308","ELEMENT":"f.EAD3BD8A607B3C6B0F6571D6E04F04B4.d.7BA4A0B2CE5E3B51676170DEA9A017EC.e.308"}]}
COMMAND: GET /session/238fc7fdfbc7ddd3047b28b6e8a40f5c/screenshot - {}
RESULT: {}
RESULT: {"script":"<script> [5351 bytes]","args":[{"element-6066-11e4-a52e-4f735466cecf":"f.EAD3BD8A607B3C6B0F6571D6E04F04B4.d.7BA4A0B2CE5E3B51676170DEA9A017EC.e.308","ELEMENT":"f.EAD3BD8A607B3C6B0F6571D6E04F04B4.d.7BA4A0B2CE5E3B51676170DEA9A017EC.e.308"}]}
COMMAND: GET /session/238fc7fdfbc7ddd3047b28b6e8a40f5c/screenshot - {}
COMMAND: POST /session/238fc7fdfbc7ddd3047b28b6e8a40f5c/execute/sync - {"script":"<script> [8489 bytes]","args":[{"element-6066-11e4-a52e-4f735466cecf":"f.EAD3BD8A607B3C6B0F6571D6E04F04B4.d.7BA4A0B2CE5E3B51676170DEA9A017EC.e.308","ELEMENT":"f.EAD3BD8A607B3C6B0F6571D6E04F04B4.d.7BA4A0B2CE5E3B51676170DEA9A017EC.e.308"}]}
RESULT: {}
RESULT: {}
RESULT: {"script":"<script> [8489 bytes]","args":[{"element-6066-11e4-a52e-4f735466cecf":"f.EAD3BD8A607B3C6B0F6571D6E04F04B4.d.7BA4A0B2CE5E3B51676170DEA9A017EC.e.308","ELEMENT":"f.EAD3BD8A607B3C6B0F6571D6E04F04B4.d.7BA4A0B2CE5E3B51676170DEA9A017EC.e.308"}]}
COMMAND: POST /session/238fc7fdfbc7ddd3047b28b6e8a40f5c/execute/sync - {"script":"<script> [5351 bytes]","args":[{"element-6066-11e4-a52e-4f735466cecf":"f.EAD3BD8A607B3C6B0F6571D6E04F04B4.d.7BA4A0B2CE5E3B51676170DEA9A017EC.e.308","ELEMENT":"f.EAD3BD8A607B3C6B0F6571D6E04F04B4.d.7BA4A0B2CE5E3B51676170DEA9A017EC.e.308"}]}
COMMAND: GET /session/238fc7fdfbc7ddd3047b28b6e8a40f5c/screenshot - {}
RESULT: {"script":"<script> [5351 bytes]","args":[{"element-6066-11e4-a52e-4f735466cecf":"f.EAD3BD8A607B3C6B0F6571D6E04F04B4.d.7BA4A0B2CE5E3B51676170DEA9A017EC.e.308","ELEMENT":"f.EAD3BD8A607B3C6B0F6571D6E04F04B4.d.7BA4A0B2CE5E3B51676170DEA9A017EC.e.308"}]}
COMMAND: GET /session/238fc7fdfbc7ddd3047b28b6e8a40f5c/screenshot - {}
COMMAND: POST /session/238fc7fdfbc7ddd3047b28b6e8a40f5c/execute/sync - {"script":"<script> [8489 bytes]","args":[{"element-6066-11e4-a52e-4f735466cecf":"f.EAD3BD8A607B3C6B0F6571D6E04F04B4.d.7BA4A0B2CE5E3B51676170DEA9A017EC.e.308","ELEMENT":"f.EAD3BD8A607B3C6B0F6571D6E04F04B4.d.7BA4A0B2CE5E3B51676170DEA9A017EC.e.308"}]}
RESULT: {}
RESULT: {"script":"<script> [8489 bytes]","args":[{"element-6066-11e4-a52e-4f735466cecf":"f.EAD3BD8A607B3C6B0F6571D6E04F04B4.d.7BA4A0B2CE5E3B51676170DEA9A017EC.e.308","ELEMENT":"f.EAD3BD8A607B3C6B0F6571D6E04F04B4.d.7BA4A0B2CE5E3B51676170DEA9A017EC.e.308"}]}
COMMAND: POST /session/238fc7fdfbc7ddd3047b28b6e8a40f5c/execute/sync - {"script":"<script> [5351 bytes]","args":[{"element-6066-11e4-a52e-4f735466cecf":"f.EAD3BD8A607B3C6B0F6571D6E04F04B4.d.7BA4A0B2CE5E3B51676170DEA9A017EC.e.308","ELEMENT":"f.EAD3BD8A607B3C6B0F6571D6E04F04B4.d.7BA4A0B2CE5E3B51676170DEA9A017EC.e.308"}]}
COMMAND: GET /session/238fc7fdfbc7ddd3047b28b6e8a40f5c/screenshot - {}
RESULT: {}
RESULT: {"script":"<script> [5351 bytes]","args":[{"element-6066-11e4-a52e-4f735466cecf":"f.EAD3BD8A607B3C6B0F6571D6E04F04B4.d.7BA4A0B2CE5E3B51676170DEA9A017EC.e.308","ELEMENT":"f.EAD3BD8A607B3C6B0F6571D6E04F04B4.d.7BA4A0B2CE5E3B51676170DEA9A017EC.e.308"}]}
COMMAND: GET /session/238fc7fdfbc7ddd3047b28b6e8a40f5c/screenshot - {}
COMMAND: POST /session/238fc7fdfbc7ddd3047b28b6e8a40f5c/execute/sync - {"script":"<script> [8489 bytes]","args":[{"element-6066-11e4-a52e-4f735466cecf":"f.EAD3BD8A607B3C6B0F6571D6E04F04B4.d.7BA4A0B2CE5E3B51676170DEA9A017EC.e.308","ELEMENT":"f.EAD3BD8A607B3C6B0F6571D6E04F04B4.d.7BA4A0B2CE5E3B51676170DEA9A017EC.e.308"}]}
RESULT: {}
RESULT: {"script":"<script> [8489 bytes]","args":[{"element-6066-11e4-a52e-4f735466cecf":"f.EAD3BD8A607B3C6B0F6571D6E04F04B4.d.7BA4A0B2CE5E3B51676170DEA9A017EC.e.308","ELEMENT":"f.EAD3BD8A607B3C6B0F6571D6E04F04B4.d.7BA4A0B2CE5E3B51676170DEA9A017EC.e.308"}]}
COMMAND: POST /session/238fc7fdfbc7ddd3047b28b6e8a40f5c/execute/sync - {"script":"<script> [5351 bytes]","args":[{"element-6066-11e4-a52e-4f735466cecf":"f.EAD3BD8A607B3C6B0F6571D6E04F04B4.d.7BA4A0B2CE5E3B51676170DEA9A017EC.e.308","ELEMENT":"f.EAD3BD8A607B3C6B0F6571D6E04F04B4.d.7BA4A0B2CE5E3B51676170DEA9A017EC.e.308"}]}
COMMAND: GET /session/238fc7fdfbc7ddd3047b28b6e8a40f5c/screenshot - {}
RESULT: {}
RESULT: {"script":"<script> [5351 bytes]","args":[{"element-6066-11e4-a52e-4f735466cecf":"f.EAD3BD8A607B3C6B0F6571D6E04F04B4.d.7BA4A0B2CE5E3B51676170DEA9A017EC.e.308","ELEMENT":"f.EAD3BD8A607B3C6B0F6571D6E04F04B4.d.7BA4A0B2CE5E3B51676170DEA9A017EC.e.308"}]}
COMMAND: GET /session/238fc7fdfbc7ddd3047b28b6e8a40f5c/screenshot - {}
COMMAND: POST /session/238fc7fdfbc7ddd3047b28b6e8a40f5c/execute/sync - {"script":"<script> [8489 bytes]","args":[{"element-6066-11e4-a52e-4f735466cecf":"f.EAD3BD8A607B3C6B0F6571D6E04F04B4.d.7BA4A0B2CE5E3B51676170DEA9A017EC.e.308","ELEMENT":"f.EAD3BD8A607B3C6B0F6571D6E04F04B4.d.7BA4A0B2CE5E3B51676170DEA9A017EC.e.308"}]}
RESULT: {}
RESULT: {}
RESULT: {"script":"<script> [8489 bytes]","args":[{"element-6066-11e4-a52e-4f735466cecf":"f.EAD3BD8A607B3C6B0F6571D6E04F04B4.d.7BA4A0B2CE5E3B51676170DEA9A017EC.e.308","ELEMENT":"f.EAD3BD8A607B3C6B0F6571D6E04F04B4.d.7BA4A0B2CE5E3B51676170DEA9A017EC.e.308"}]}
COMMAND: POST /session/238fc7fdfbc7ddd3047b28b6e8a40f5c/execute/sync - {"script":"<script> [5351 bytes]","args":[{"element-6066-11e4-a52e-4f735466cecf":"f.EAD3BD8A607B3C6B0F6571D6E04F04B4.d.7BA4A0B2CE5E3B51676170DEA9A017EC.e.308","ELEMENT":"f.EAD3BD8A607B3C6B0F6571D6E04F04B4.d.7BA4A0B2CE5E3B51676170DEA9A017EC.e.308"}]}
COMMAND: GET /session/238fc7fdfbc7ddd3047b28b6e8a40f5c/screenshot - {}
RESULT: {}
RESULT: {"script":"<script> [5351 bytes]","args":[{"element-6066-11e4-a52e-4f735466cecf":"f.EAD3BD8A607B3C6B0F6571D6E04F04B4.d.7BA4A0B2CE5E3B51676170DEA9A017EC.e.308","ELEMENT":"f.EAD3BD8A607B3C6B0F6571D6E04F04B4.d.7BA4A0B2CE5E3B51676170DEA9A017EC.e.308"}]}
COMMAND: GET /session/238fc7fdfbc7ddd3047b28b6e8a40f5c/screenshot - {}
COMMAND: POST /session/238fc7fdfbc7ddd3047b28b6e8a40f5c/execute/sync - {"script":"<script> [8489 bytes]","args":[{"element-6066-11e4-a52e-4f735466cecf":"f.EAD3BD8A607B3C6B0F6571D6E04F04B4.d.7BA4A0B2CE5E3B51676170DEA9A017EC.e.308","ELEMENT":"f.EAD3BD8A607B3C6B0F6571D6E04F04B4.d.7BA4A0B2CE5E3B51676170DEA9A017EC.e.308"}]}
RESULT: {}
RESULT: {"script":"<script> [8489 bytes]","args":[{"element-6066-11e4-a52e-4f735466cecf":"f.EAD3BD8A607B3C6B0F6571D6E04F04B4.d.7BA4A0B2CE5E3B51676170DEA9A017EC.e.308","ELEMENT":"f.EAD3BD8A607B3C6B0F6571D6E04F04B4.d.7BA4A0B2CE5E3B51676170DEA9A017EC.e.308"}]}
COMMAND: POST /session/238fc7fdfbc7ddd3047b28b6e8a40f5c/execute/sync - {"script":"<script> [5351 bytes]","args":[{"element-6066-11e4-a52e-4f735466cecf":"f.EAD3BD8A607B3C6B0F6571D6E04F04B4.d.7BA4A0B2CE5E3B51676170DEA9A017EC.e.308","ELEMENT":"f.EAD3BD8A607B3C6B0F6571D6E04F04B4.d.7BA4A0B2CE5E3B51676170DEA9A017EC.e.308"}]}
COMMAND: GET /session/238fc7fdfbc7ddd3047b28b6e8a40f5c/screenshot - {}
RESULT: {"script":"<script> [5351 bytes]","args":[{"element-6066-11e4-a52e-4f735466cecf":"f.EAD3BD8A607B3C6B0F6571D6E04F04B4.d.7BA4A0B2CE5E3B51676170DEA9A017EC.e.308","ELEMENT":"f.EAD3BD8A607B3C6B0F6571D6E04F04B4.d.7BA4A0B2CE5E3B51676170DEA9A017EC.e.308"}]}
COMMAND: GET /session/238fc7fdfbc7ddd3047b28b6e8a40f5c/screenshot - {}
COMMAND: POST /session/238fc7fdfbc7ddd3047b28b6e8a40f5c/execute/sync - {"script":"<script> [8489 bytes]","args":[{"element-6066-11e4-a52e-4f735466cecf":"f.EAD3BD8A607B3C6B0F6571D6E04F04B4.d.7BA4A0B2CE5E3B51676170DEA9A017EC.e.308","ELEMENT":"f.EAD3BD8A607B3C6B0F6571D6E04F04B4.d.7BA4A0B2CE5E3B51676170DEA9A017EC.e.308"}]}
RESULT: {}
RESULT: {}
RESULT: {"script":"<script> [8489 bytes]","args":[{"element-6066-11e4-a52e-4f735466cecf":"f.EAD3BD8A607B3C6B0F6571D6E04F04B4.d.7BA4A0B2CE5E3B51676170DEA9A017EC.e.308","ELEMENT":"f.EAD3BD8A607B3C6B0F6571D6E04F04B4.d.7BA4A0B2CE5E3B51676170DEA9A017EC.e.308"}]}
COMMAND: POST /session/238fc7fdfbc7ddd3047b28b6e8a40f5c/execute/sync - {"script":"<script> [5351 bytes]","args":[{"element-6066-11e4-a52e-4f735466cecf":"f.EAD3BD8A607B3C6B0F6571D6E04F04B4.d.7BA4A0B2CE5E3B51676170DEA9A017EC.e.308","ELEMENT":"f.EAD3BD8A607B3C6B0F6571D6E04F04B4.d.7BA4A0B2CE5E3B51676170DEA9A017EC.e.308"}]}
COMMAND: GET /session/238fc7fdfbc7ddd3047b28b6e8a40f5c/screenshot - {}
RESULT: {"script":"<script> [5351 bytes]","args":[{"element-6066-11e4-a52e-4f735466cecf":"f.EAD3BD8A607B3C6B0F6571D6E04F04B4.d.7BA4A0B2CE5E3B51676170DEA9A017EC.e.308","ELEMENT":"f.EAD3BD8A607B3C6B0F6571D6E04F04B4.d.7BA4A0B2CE5E3B51676170DEA9A017EC.e.308"}]}
COMMAND: GET /session/238fc7fdfbc7ddd3047b28b6e8a40f5c/screenshot - {}
COMMAND: POST /session/238fc7fdfbc7ddd3047b28b6e8a40f5c/execute/sync - {"script":"<script> [8489 bytes]","args":[{"element-6066-11e4-a52e-4f735466cecf":"f.EAD3BD8A607B3C6B0F6571D6E04F04B4.d.7BA4A0B2CE5E3B51676170DEA9A017EC.e.308","ELEMENT":"f.EAD3BD8A607B3C6B0F6571D6E04F04B4.d.7BA4A0B2CE5E3B51676170DEA9A017EC.e.308"}]}
RESULT: {}
RESULT: {}
RESULT: {"script":"<script> [8489 bytes]","args":[{"element-6066-11e4-a52e-4f735466cecf":"f.EAD3BD8A607B3C6B0F6571D6E04F04B4.d.7BA4A0B2CE5E3B51676170DEA9A017EC.e.308","ELEMENT":"f.EAD3BD8A607B3C6B0F6571D6E04F04B4.d.7BA4A0B2CE5E3B51676170DEA9A017EC.e.308"}]}
COMMAND: POST /session/238fc7fdfbc7ddd3047b28b6e8a40f5c/execute/sync - {"script":"<script> [5351 bytes]","args":[{"element-6066-11e4-a52e-4f735466cecf":"f.EAD3BD8A607B3C6B0F6571D6E04F04B4.d.7BA4A0B2CE5E3B51676170DEA9A017EC.e.308","ELEMENT":"f.EAD3BD8A607B3C6B0F6571D6E04F04B4.d.7BA4A0B2CE5E3B51676170DEA9A017EC.e.308"}]}
COMMAND: GET /session/238fc7fdfbc7ddd3047b28b6e8a40f5c/screenshot - {}
RESULT: {"script":"<script> [5351 bytes]","args":[{"element-6066-11e4-a52e-4f735466cecf":"f.EAD3BD8A607B3C6B0F6571D6E04F04B4.d.7BA4A0B2CE5E3B51676170DEA9A017EC.e.308","ELEMENT":"f.EAD3BD8A607B3C6B0F6571D6E04F04B4.d.7BA4A0B2CE5E3B51676170DEA9A017EC.e.308"}]}
COMMAND: GET /session/238fc7fdfbc7ddd3047b28b6e8a40f5c/screenshot - {}
COMMAND: POST /session/238fc7fdfbc7ddd3047b28b6e8a40f5c/execute/sync - {"script":"<script> [8489 bytes]","args":[{"element-6066-11e4-a52e-4f735466cecf":"f.EAD3BD8A607B3C6B0F6571D6E04F04B4.d.7BA4A0B2CE5E3B51676170DEA9A017EC.e.308","ELEMENT":"f.EAD3BD8A607B3C6B0F6571D6E04F04B4.d.7BA4A0B2CE5E3B51676170DEA9A017EC.e.308"}]}
RESULT: {}
RESULT: {"script":"<script> [8489 bytes]","args":[{"element-6066-11e4-a52e-4f735466cecf":"f.EAD3BD8A607B3C6B0F6571D6E04F04B4.d.7BA4A0B2CE5E3B51676170DEA9A017EC.e.308","ELEMENT":"f.EAD3BD8A607B3C6B0F6571D6E04F04B4.d.7BA4A0B2CE5E3B51676170DEA9A017EC.e.308"}]}
COMMAND: POST /session/238fc7fdfbc7ddd3047b28b6e8a40f5c/execute/sync - {"script":"<script> [5351 bytes]","args":[{"element-6066-11e4-a52e-4f735466cecf":"f.EAD3BD8A607B3C6B0F6571D6E04F04B4.d.7BA4A0B2CE5E3B51676170DEA9A017EC.e.308","ELEMENT":"f.EAD3BD8A607B3C6B0F6571D6E04F04B4.d.7BA4A0B2CE5E3B51676170DEA9A017EC.e.308"}]}
COMMAND: GET /session/238fc7fdfbc7ddd3047b28b6e8a40f5c/screenshot - {}
RESULT: {}
RESULT: {"script":"<script> [5351 bytes]","args":[{"element-6066-11e4-a52e-4f735466cecf":"f.EAD3BD8A607B3C6B0F6571D6E04F04B4.d.7BA4A0B2CE5E3B51676170DEA9A017EC.e.308","ELEMENT":"f.EAD3BD8A607B3C6B0F6571D6E04F04B4.d.7BA4A0B2CE5E3B51676170DEA9A017EC.e.308"}]}
COMMAND: GET /session/238fc7fdfbc7ddd3047b28b6e8a40f5c/screenshot - {}
COMMAND: POST /session/238fc7fdfbc7ddd3047b28b6e8a40f5c/execute/sync - {"script":"<script> [8489 bytes]","args":[{"element-6066-11e4-a52e-4f735466cecf":"f.EAD3BD8A607B3C6B0F6571D6E04F04B4.d.7BA4A0B2CE5E3B51676170DEA9A017EC.e.308","ELEMENT":"f.EAD3BD8A607B3C6B0F6571D6E04F04B4.d.7BA4A0B2CE5E3B51676170DEA9A017EC.e.308"}]}
RESULT: {}
RESULT: {}
RESULT: {"script":"<script> [8489 bytes]","args":[{"element-6066-11e4-a52e-4f735466cecf":"f.EAD3BD8A607B3C6B0F6571D6E04F04B4.d.7BA4A0B2CE5E3B51676170DEA9A017EC.e.308","ELEMENT":"f.EAD3BD8A607B3C6B0F6571D6E04F04B4.d.7BA4A0B2CE5E3B51676170DEA9A017EC.e.308"}]}
COMMAND: POST /session/238fc7fdfbc7ddd3047b28b6e8a40f5c/execute/sync - {"script":"<script> [5351 bytes]","args":[{"element-6066-11e4-a52e-4f735466cecf":"f.EAD3BD8A607B3C6B0F6571D6E04F04B4.d.7BA4A0B2CE5E3B51676170DEA9A017EC.e.308","ELEMENT":"f.EAD3BD8A607B3C6B0F6571D6E04F04B4.d.7BA4A0B2CE5E3B51676170DEA9A017EC.e.308"}]}
COMMAND: GET /session/238fc7fdfbc7ddd3047b28b6e8a40f5c/screenshot - {}
RESULT: {"script":"<script> [5351 bytes]","args":[{"element-6066-11e4-a52e-4f735466cecf":"f.EAD3BD8A607B3C6B0F6571D6E04F04B4.d.7BA4A0B2CE5E3B51676170DEA9A017EC.e.308","ELEMENT":"f.EAD3BD8A607B3C6B0F6571D6E04F04B4.d.7BA4A0B2CE5E3B51676170DEA9A017EC.e.308"}]}
COMMAND: GET /session/238fc7fdfbc7ddd3047b28b6e8a40f5c/screenshot - {}
COMMAND: POST /session/238fc7fdfbc7ddd3047b28b6e8a40f5c/execute/sync - {"script":"<script> [8489 bytes]","args":[{"element-6066-11e4-a52e-4f735466cecf":"f.EAD3BD8A607B3C6B0F6571D6E04F04B4.d.7BA4A0B2CE5E3B51676170DEA9A017EC.e.308","ELEMENT":"f.EAD3BD8A607B3C6B0F6571D6E04F04B4.d.7BA4A0B2CE5E3B51676170DEA9A017EC.e.308"}]}
RESULT: {}
RESULT: {}
RESULT: {"script":"<script> [8489 bytes]","args":[{"element-6066-11e4-a52e-4f735466cecf":"f.EAD3BD8A607B3C6B0F6571D6E04F04B4.d.7BA4A0B2CE5E3B51676170DEA9A017EC.e.308","ELEMENT":"f.EAD3BD8A607B3C6B0F6571D6E04F04B4.d.7BA4A0B2CE5E3B51676170DEA9A017EC.e.308"}]}
COMMAND: POST /session/238fc7fdfbc7ddd3047b28b6e8a40f5c/execute/sync - {"script":"<script> [5351 bytes]","args":[{"element-6066-11e4-a52e-4f735466cecf":"f.EAD3BD8A607B3C6B0F6571D6E04F04B4.d.7BA4A0B2CE5E3B51676170DEA9A017EC.e.308","ELEMENT":"f.EAD3BD8A607B3C6B0F6571D6E04F04B4.d.7BA4A0B2CE5E3B51676170DEA9A017EC.e.308"}]}
COMMAND: GET /session/238fc7fdfbc7ddd3047b28b6e8a40f5c/screenshot - {}
RESULT: {"script":"<script> [5351 bytes]","args":[{"element-6066-11e4-a52e-4f735466cecf":"f.EAD3BD8A607B3C6B0F6571D6E04F04B4.d.7BA4A0B2CE5E3B51676170DEA9A017EC.e.308","ELEMENT":"f.EAD3BD8A607B3C6B0F6571D6E04F04B4.d.7BA4A0B2CE5E3B51676170DEA9A017EC.e.308"}]}
COMMAND: POST /session/238fc7fdfbc7ddd3047b28b6e8a40f5c/execute/sync - {"script":"<script> [8489 bytes]","args":[{"element-6066-11e4-a52e-4f735466cecf":"f.EAD3BD8A607B3C6B0F6571D6E04F04B4.d.7BA4A0B2CE5E3B51676170DEA9A017EC.e.308","ELEMENT":"f.EAD3BD8A607B3C6B0F6571D6E04F04B4.d.7BA4A0B2CE5E3B51676170DEA9A017EC.e.308"}]}
COMMAND: GET /session/238fc7fdfbc7ddd3047b28b6e8a40f5c/screenshot - {}
RESULT: {}
RESULT: {"script":"<script> [8489 bytes]","args":[{"element-6066-11e4-a52e-4f735466cecf":"f.EAD3BD8A607B3C6B0F6571D6E04F04B4.d.7BA4A0B2CE5E3B51676170DEA9A017EC.e.308","ELEMENT":"f.EAD3BD8A607B3C6B0F6571D6E04F04B4.d.7BA4A0B2CE5E3B51676170DEA9A017EC.e.308"}]}
COMMAND: POST /session/238fc7fdfbc7ddd3047b28b6e8a40f5c/execute/sync - {"script":"<script> [5351 bytes]","args":[{"element-6066-11e4-a52e-4f735466cecf":"f.EAD3BD8A607B3C6B0F6571D6E04F04B4.d.7BA4A0B2CE5E3B51676170DEA9A017EC.e.308","ELEMENT":"f.EAD3BD8A607B3C6B0F6571D6E04F04B4.d.7BA4A0B2CE5E3B51676170DEA9A017EC.e.308"}]}
COMMAND: GET /session/238fc7fdfbc7ddd3047b28b6e8a40f5c/screenshot - {}
RESULT: {}
RESULT: {"script":"<script> [5351 bytes]","args":[{"element-6066-11e4-a52e-4f735466cecf":"f.EAD3BD8A607B3C6B0F6571D6E04F04B4.d.7BA4A0B2CE5E3B51676170DEA9A017EC.e.308","ELEMENT":"f.EAD3BD8A607B3C6B0F6571D6E04F04B4.d.7BA4A0B2CE5E3B51676170DEA9A017EC.e.308"}]}
COMMAND: POST /session/238fc7fdfbc7ddd3047b28b6e8a40f5c/execute/sync - {"script":"<script> [8489 bytes]","args":[{"element-6066-11e4-a52e-4f735466cecf":"f.EAD3BD8A607B3C6B0F6571D6E04F04B4.d.7BA4A0B2CE5E3B51676170DEA9A017EC.e.308","ELEMENT":"f.EAD3BD8A607B3C6B0F6571D6E04F04B4.d.7BA4A0B2CE5E3B51676170DEA9A017EC.e.308"}]}
COMMAND: GET /session/238fc7fdfbc7ddd3047b28b6e8a40f5c/screenshot - {}
RESULT: {}
RESULT: {"script":"<script> [8489 bytes]","args":[{"element-6066-11e4-a52e-4f735466cecf":"f.EAD3BD8A607B3C6B0F6571D6E04F04B4.d.7BA4A0B2CE5E3B51676170DEA9A017EC.e.308","ELEMENT":"f.EAD3BD8A607B3C6B0F6571D6E04F04B4.d.7BA4A0B2CE5E3B51676170DEA9A017EC.e.308"}]}
COMMAND: POST /session/238fc7fdfbc7ddd3047b28b6e8a40f5c/execute/sync - {"script":"<script> [5351 bytes]","args":[{"element-6066-11e4-a52e-4f735466cecf":"f.EAD3BD8A607B3C6B0F6571D6E04F04B4.d.7BA4A0B2CE5E3B51676170DEA9A017EC.e.308","ELEMENT":"f.EAD3BD8A607B3C6B0F6571D6E04F04B4.d.7BA4A0B2CE5E3B51676170DEA9A017EC.e.308"}]}
COMMAND: GET /session/238fc7fdfbc7ddd3047b28b6e8a40f5c/screenshot - {}
RESULT: {}
RESULT: {"script":"<script> [5351 bytes]","args":[{"element-6066-11e4-a52e-4f735466cecf":"f.EAD3BD8A607B3C6B0F6571D6E04F04B4.d.7BA4A0B2CE5E3B51676170DEA9A017EC.e.308","ELEMENT":"f.EAD3BD8A607B3C6B0F6571D6E04F04B4.d.7BA4A0B2CE5E3B51676170DEA9A017EC.e.308"}]}
COMMAND: GET /session/238fc7fdfbc7ddd3047b28b6e8a40f5c/screenshot - {}
COMMAND: POST /session/238fc7fdfbc7ddd3047b28b6e8a40f5c/execute/sync - {"script":"<script> [8489 bytes]","args":[{"element-6066-11e4-a52e-4f735466cecf":"f.EAD3BD8A607B3C6B0F6571D6E04F04B4.d.7BA4A0B2CE5E3B51676170DEA9A017EC.e.308","ELEMENT":"f.EAD3BD8A607B3C6B0F6571D6E04F04B4.d.7BA4A0B2CE5E3B51676170DEA9A017EC.e.308"}]}
RESULT: {}
RESULT: {}
RESULT: {"script":"<script> [8489 bytes]","args":[{"element-6066-11e4-a52e-4f735466cecf":"f.EAD3BD8A607B3C6B0F6571D6E04F04B4.d.7BA4A0B2CE5E3B51676170DEA9A017EC.e.308","ELEMENT":"f.EAD3BD8A607B3C6B0F6571D6E04F04B4.d.7BA4A0B2CE5E3B51676170DEA9A017EC.e.308"}]}
COMMAND: POST /session/238fc7fdfbc7ddd3047b28b6e8a40f5c/execute/sync - {"script":"<script> [5351 bytes]","args":[{"element-6066-11e4-a52e-4f735466cecf":"f.EAD3BD8A607B3C6B0F6571D6E04F04B4.d.7BA4A0B2CE5E3B51676170DEA9A017EC.e.308","ELEMENT":"f.EAD3BD8A607B3C6B0F6571D6E04F04B4.d.7BA4A0B2CE5E3B51676170DEA9A017EC.e.308"}]}
COMMAND: GET /session/238fc7fdfbc7ddd3047b28b6e8a40f5c/screenshot - {}
RESULT: {"script":"<script> [5351 bytes]","args":[{"element-6066-11e4-a52e-4f735466cecf":"f.EAD3BD8A607B3C6B0F6571D6E04F04B4.d.7BA4A0B2CE5E3B51676170DEA9A017EC.e.308","ELEMENT":"f.EAD3BD8A607B3C6B0F6571D6E04F04B4.d.7BA4A0B2CE5E3B51676170DEA9A017EC.e.308"}]}
COMMAND: GET /session/238fc7fdfbc7ddd3047b28b6e8a40f5c/screenshot - {}
COMMAND: POST /session/238fc7fdfbc7ddd3047b28b6e8a40f5c/execute/sync - {"script":"<script> [8489 bytes]","args":[{"element-6066-11e4-a52e-4f735466cecf":"f.EAD3BD8A607B3C6B0F6571D6E04F04B4.d.7BA4A0B2CE5E3B51676170DEA9A017EC.e.308","ELEMENT":"f.EAD3BD8A607B3C6B0F6571D6E04F04B4.d.7BA4A0B2CE5E3B51676170DEA9A017EC.e.308"}]}
RESULT: {}
RESULT: {}
RESULT: {"script":"<script> [8489 bytes]","args":[{"element-6066-11e4-a52e-4f735466cecf":"f.EAD3BD8A607B3C6B0F6571D6E04F04B4.d.7BA4A0B2CE5E3B51676170DEA9A017EC.e.308","ELEMENT":"f.EAD3BD8A607B3C6B0F6571D6E04F04B4.d.7BA4A0B2CE5E3B51676170DEA9A017EC.e.308"}]}
COMMAND: POST /session/238fc7fdfbc7ddd3047b28b6e8a40f5c/execute/sync - {"script":"<script> [5351 bytes]","args":[{"element-6066-11e4-a52e-4f735466cecf":"f.EAD3BD8A607B3C6B0F6571D6E04F04B4.d.7BA4A0B2CE5E3B51676170DEA9A017EC.e.308","ELEMENT":"f.EAD3BD8A607B3C6B0F6571D6E04F04B4.d.7BA4A0B2CE5E3B51676170DEA9A017EC.e.308"}]}
COMMAND: GET /session/238fc7fdfbc7ddd3047b28b6e8a40f5c/screenshot - {}
RESULT: {"script":"<script> [5351 bytes]","args":[{"element-6066-11e4-a52e-4f735466cecf":"f.EAD3BD8A607B3C6B0F6571D6E04F04B4.d.7BA4A0B2CE5E3B51676170DEA9A017EC.e.308","ELEMENT":"f.EAD3BD8A607B3C6B0F6571D6E04F04B4.d.7BA4A0B2CE5E3B51676170DEA9A017EC.e.308"}]}
COMMAND: GET /session/238fc7fdfbc7ddd3047b28b6e8a40f5c/screenshot - {}
COMMAND: POST /session/238fc7fdfbc7ddd3047b28b6e8a40f5c/execute/sync - {"script":"<script> [8489 bytes]","args":[{"element-6066-11e4-a52e-4f735466cecf":"f.EAD3BD8A607B3C6B0F6571D6E04F04B4.d.7BA4A0B2CE5E3B51676170DEA9A017EC.e.308","ELEMENT":"f.EAD3BD8A607B3C6B0F6571D6E04F04B4.d.7BA4A0B2CE5E3B51676170DEA9A017EC.e.308"}]}
RESULT: {}
RESULT: {"script":"<script> [8489 bytes]","args":[{"element-6066-11e4-a52e-4f735466cecf":"f.EAD3BD8A607B3C6B0F6571D6E04F04B4.d.7BA4A0B2CE5E3B51676170DEA9A017EC.e.308","ELEMENT":"f.EAD3BD8A607B3C6B0F6571D6E04F04B4.d.7BA4A0B2CE5E3B51676170DEA9A017EC.e.308"}]}
COMMAND: POST /session/238fc7fdfbc7ddd3047b28b6e8a40f5c/execute/sync - {"script":"<script> [5351 bytes]","args":[{"element-6066-11e4-a52e-4f735466cecf":"f.EAD3BD8A607B3C6B0F6571D6E04F04B4.d.7BA4A0B2CE5E3B51676170DEA9A017EC.e.308","ELEMENT":"f.EAD3BD8A607B3C6B0F6571D6E04F04B4.d.7BA4A0B2CE5E3B51676170DEA9A017EC.e.308"}]}
COMMAND: GET /session/238fc7fdfbc7ddd3047b28b6e8a40f5c/screenshot - {}
RESULT: {}
RESULT: {"script":"<script> [5351 bytes]","args":[{"element-6066-11e4-a52e-4f735466cecf":"f.EAD3BD8A607B3C6B0F6571D6E04F04B4.d.7BA4A0B2CE5E3B51676170DEA9A017EC.e.308","ELEMENT":"f.EAD3BD8A607B3C6B0F6571D6E04F04B4.d.7BA4A0B2CE5E3B51676170DEA9A017EC.e.308"}]}
COMMAND: POST /session/238fc7fdfbc7ddd3047b28b6e8a40f5c/execute/sync - {"script":"<script> [8489 bytes]","args":[{"element-6066-11e4-a52e-4f735466cecf":"f.EAD3BD8A607B3C6B0F6571D6E04F04B4.d.7BA4A0B2CE5E3B51676170DEA9A017EC.e.308","ELEMENT":"f.EAD3BD8A607B3C6B0F6571D6E04F04B4.d.7BA4A0B2CE5E3B51676170DEA9A017EC.e.308"}]}
COMMAND: GET /session/238fc7fdfbc7ddd3047b28b6e8a40f5c/screenshot - {}
RESULT: {}
RESULT: {"script":"<script> [8489 bytes]","args":[{"element-6066-11e4-a52e-4f735466cecf":"f.EAD3BD8A607B3C6B0F6571D6E04F04B4.d.7BA4A0B2CE5E3B51676170DEA9A017EC.e.308","ELEMENT":"f.EAD3BD8A607B3C6B0F6571D6E04F04B4.d.7BA4A0B2CE5E3B51676170DEA9A017EC.e.308"}]}
COMMAND: POST /session/238fc7fdfbc7ddd3047b28b6e8a40f5c/execute/sync - {"script":"<script> [5351 bytes]","args":[{"element-6066-11e4-a52e-4f735466cecf":"f.EAD3BD8A607B3C6B0F6571D6E04F04B4.d.7BA4A0B2CE5E3B51676170DEA9A017EC.e.308","ELEMENT":"f.EAD3BD8A607B3C6B0F6571D6E04F04B4.d.7BA4A0B2CE5E3B51676170DEA9A017EC.e.308"}]}
COMMAND: GET /session/238fc7fdfbc7ddd3047b28b6e8a40f5c/screenshot - {}
RESULT: {}
RESULT: {"script":"<script> [5351 bytes]","args":[{"element-6066-11e4-a52e-4f735466cecf":"f.EAD3BD8A607B3C6B0F6571D6E04F04B4.d.7BA4A0B2CE5E3B51676170DEA9A017EC.e.308","ELEMENT":"f.EAD3BD8A607B3C6B0F6571D6E04F04B4.d.7BA4A0B2CE5E3B51676170DEA9A017EC.e.308"}]}
COMMAND: GET /session/238fc7fdfbc7ddd3047b28b6e8a40f5c/screenshot - {}
COMMAND: POST /session/238fc7fdfbc7ddd3047b28b6e8a40f5c/execute/sync - {"script":"<script> [8489 bytes]","args":[{"element-6066-11e4-a52e-4f735466cecf":"f.EAD3BD8A607B3C6B0F6571D6E04F04B4.d.7BA4A0B2CE5E3B51676170DEA9A017EC.e.308","ELEMENT":"f.EAD3BD8A607B3C6B0F6571D6E04F04B4.d.7BA4A0B2CE5E3B51676170DEA9A017EC.e.308"}]}
RESULT: {}
RESULT: {}
RESULT: {"script":"<script> [8489 bytes]","args":[{"element-6066-11e4-a52e-4f735466cecf":"f.EAD3BD8A607B3C6B0F6571D6E04F04B4.d.7BA4A0B2CE5E3B51676170DEA9A017EC.e.308","ELEMENT":"f.EAD3BD8A607B3C6B0F6571D6E04F04B4.d.7BA4A0B2CE5E3B51676170DEA9A017EC.e.308"}]}
COMMAND: POST /session/238fc7fdfbc7ddd3047b28b6e8a40f5c/execute/sync - {"script":"<script> [5351 bytes]","args":[{"element-6066-11e4-a52e-4f735466cecf":"f.EAD3BD8A607B3C6B0F6571D6E04F04B4.d.7BA4A0B2CE5E3B51676170DEA9A017EC.e.308","ELEMENT":"f.EAD3BD8A607B3C6B0F6571D6E04F04B4.d.7BA4A0B2CE5E3B51676170DEA9A017EC.e.308"}]}
COMMAND: GET /session/238fc7fdfbc7ddd3047b28b6e8a40f5c/screenshot - {}
RESULT: {"script":"<script> [5351 bytes]","args":[{"element-6066-11e4-a52e-4f735466cecf":"f.EAD3BD8A607B3C6B0F6571D6E04F04B4.d.7BA4A0B2CE5E3B51676170DEA9A017EC.e.308","ELEMENT":"f.EAD3BD8A607B3C6B0F6571D6E04F04B4.d.7BA4A0B2CE5E3B51676170DEA9A017EC.e.308"}]}
COMMAND: POST /session/238fc7fdfbc7ddd3047b28b6e8a40f5c/execute/sync - {"script":"<script> [8489 bytes]","args":[{"element-6066-11e4-a52e-4f735466cecf":"f.EAD3BD8A607B3C6B0F6571D6E04F04B4.d.7BA4A0B2CE5E3B51676170DEA9A017EC.e.308","ELEMENT":"f.EAD3BD8A607B3C6B0F6571D6E04F04B4.d.7BA4A0B2CE5E3B51676170DEA9A017EC.e.308"}]}
COMMAND: GET /session/238fc7fdfbc7ddd3047b28b6e8a40f5c/screenshot - {}
RESULT: {}
RESULT: {"script":"<script> [8489 bytes]","args":[{"element-6066-11e4-a52e-4f735466cecf":"f.EAD3BD8A607B3C6B0F6571D6E04F04B4.d.7BA4A0B2CE5E3B51676170DEA9A017EC.e.308","ELEMENT":"f.EAD3BD8A607B3C6B0F6571D6E04F04B4.d.7BA4A0B2CE5E3B51676170DEA9A017EC.e.308"}]}
COMMAND: POST /session/238fc7fdfbc7ddd3047b28b6e8a40f5c/execute/sync - {"script":"<script> [5351 bytes]","args":[{"element-6066-11e4-a52e-4f735466cecf":"f.EAD3BD8A607B3C6B0F6571D6E04F04B4.d.7BA4A0B2CE5E3B51676170DEA9A017EC.e.308","ELEMENT":"f.EAD3BD8A607B3C6B0F6571D6E04F04B4.d.7BA4A0B2CE5E3B51676170DEA9A017EC.e.308"}]}
COMMAND: GET /session/238fc7fdfbc7ddd3047b28b6e8a40f5c/screenshot - {}
RESULT: {}
RESULT: {"script":"<script> [5351 bytes]","args":[{"element-6066-11e4-a52e-4f735466cecf":"f.EAD3BD8A607B3C6B0F6571D6E04F04B4.d.7BA4A0B2CE5E3B51676170DEA9A017EC.e.308","ELEMENT":"f.EAD3BD8A607B3C6B0F6571D6E04F04B4.d.7BA4A0B2CE5E3B51676170DEA9A017EC.e.308"}]}
COMMAND: GET /session/238fc7fdfbc7ddd3047b28b6e8a40f5c/screenshot - {}
COMMAND: POST /session/238fc7fdfbc7ddd3047b28b6e8a40f5c/execute/sync - {"script":"<script> [8489 bytes]","args":[{"element-6066-11e4-a52e-4f735466cecf":"f.EAD3BD8A607B3C6B0F6571D6E04F04B4.d.7BA4A0B2CE5E3B51676170DEA9A017EC.e.308","ELEMENT":"f.EAD3BD8A607B3C6B0F6571D6E04F04B4.d.7BA4A0B2CE5E3B51676170DEA9A017EC.e.308"}]}
RESULT: {}
RESULT: {}
RESULT: {"script":"<script> [8489 bytes]","args":[{"element-6066-11e4-a52e-4f735466cecf":"f.EAD3BD8A607B3C6B0F6571D6E04F04B4.d.7BA4A0B2CE5E3B51676170DEA9A017EC.e.308","ELEMENT":"f.EAD3BD8A607B3C6B0F6571D6E04F04B4.d.7BA4A0B2CE5E3B51676170DEA9A017EC.e.308"}]}
COMMAND: POST /session/238fc7fdfbc7ddd3047b28b6e8a40f5c/execute/sync - {"script":"<script> [5351 bytes]","args":[{"element-6066-11e4-a52e-4f735466cecf":"f.EAD3BD8A607B3C6B0F6571D6E04F04B4.d.7BA4A0B2CE5E3B51676170DEA9A017EC.e.308","ELEMENT":"f.EAD3BD8A607B3C6B0F6571D6E04F04B4.d.7BA4A0B2CE5E3B51676170DEA9A017EC.e.308"}]}
COMMAND: GET /session/238fc7fdfbc7ddd3047b28b6e8a40f5c/screenshot - {}
RESULT: {"script":"<script> [5351 bytes]","args":[{"element-6066-11e4-a52e-4f735466cecf":"f.EAD3BD8A607B3C6B0F6571D6E04F04B4.d.7BA4A0B2CE5E3B51676170DEA9A017EC.e.308","ELEMENT":"f.EAD3BD8A607B3C6B0F6571D6E04F04B4.d.7BA4A0B2CE5E3B51676170DEA9A017EC.e.308"}]}
COMMAND: GET /session/238fc7fdfbc7ddd3047b28b6e8a40f5c/screenshot - {}
COMMAND: POST /session/238fc7fdfbc7ddd3047b28b6e8a40f5c/execute/sync - {"script":"<script> [8489 bytes]","args":[{"element-6066-11e4-a52e-4f735466cecf":"f.EAD3BD8A607B3C6B0F6571D6E04F04B4.d.7BA4A0B2CE5E3B51676170DEA9A017EC.e.308","ELEMENT":"f.EAD3BD8A607B3C6B0F6571D6E04F04B4.d.7BA4A0B2CE5E3B51676170DEA9A017EC.e.308"}]}
RESULT: {}
RESULT: {}
RESULT: {"script":"<script> [8489 bytes]","args":[{"element-6066-11e4-a52e-4f735466cecf":"f.EAD3BD8A607B3C6B0F6571D6E04F04B4.d.7BA4A0B2CE5E3B51676170DEA9A017EC.e.308","ELEMENT":"f.EAD3BD8A607B3C6B0F6571D6E04F04B4.d.7BA4A0B2CE5E3B51676170DEA9A017EC.e.308"}]}
COMMAND: POST /session/238fc7fdfbc7ddd3047b28b6e8a40f5c/execute/sync - {"script":"<script> [5351 bytes]","args":[{"element-6066-11e4-a52e-4f735466cecf":"f.EAD3BD8A607B3C6B0F6571D6E04F04B4.d.7BA4A0B2CE5E3B51676170DEA9A017EC.e.308","ELEMENT":"f.EAD3BD8A607B3C6B0F6571D6E04F04B4.d.7BA4A0B2CE5E3B51676170DEA9A017EC.e.308"}]}
COMMAND: GET /session/238fc7fdfbc7ddd3047b28b6e8a40f5c/screenshot - {}
RESULT: {"script":"<script> [5351 bytes]","args":[{"element-6066-11e4-a52e-4f735466cecf":"f.EAD3BD8A607B3C6B0F6571D6E04F04B4.d.7BA4A0B2CE5E3B51676170DEA9A017EC.e.308","ELEMENT":"f.EAD3BD8A607B3C6B0F6571D6E04F04B4.d.7BA4A0B2CE5E3B51676170DEA9A017EC.e.308"}]}
COMMAND: GET /session/238fc7fdfbc7ddd3047b28b6e8a40f5c/screenshot - {}
COMMAND: POST /session/238fc7fdfbc7ddd3047b28b6e8a40f5c/execute/sync - {"script":"<script> [8489 bytes]","args":[{"element-6066-11e4-a52e-4f735466cecf":"f.EAD3BD8A607B3C6B0F6571D6E04F04B4.d.7BA4A0B2CE5E3B51676170DEA9A017EC.e.308","ELEMENT":"f.EAD3BD8A607B3C6B0F6571D6E04F04B4.d.7BA4A0B2CE5E3B51676170DEA9A017EC.e.308"}]}
RESULT: {}
RESULT: {}
RESULT: {"script":"<script> [8489 bytes]","args":[{"element-6066-11e4-a52e-4f735466cecf":"f.EAD3BD8A607B3C6B0F6571D6E04F04B4.d.7BA4A0B2CE5E3B51676170DEA9A017EC.e.308","ELEMENT":"f.EAD3BD8A607B3C6B0F6571D6E04F04B4.d.7BA4A0B2CE5E3B51676170DEA9A017EC.e.308"}]}
COMMAND: POST /session/238fc7fdfbc7ddd3047b28b6e8a40f5c/execute/sync - {"script":"<script> [5351 bytes]","args":[{"element-6066-11e4-a52e-4f735466cecf":"f.EAD3BD8A607B3C6B0F6571D6E04F04B4.d.7BA4A0B2CE5E3B51676170DEA9A017EC.e.308","ELEMENT":"f.EAD3BD8A607B3C6B0F6571D6E04F04B4.d.7BA4A0B2CE5E3B51676170DEA9A017EC.e.308"}]}
COMMAND: GET /session/238fc7fdfbc7ddd3047b28b6e8a40f5c/screenshot - {}
RESULT: {"script":"<script> [5351 bytes]","args":[{"element-6066-11e4-a52e-4f735466cecf":"f.EAD3BD8A607B3C6B0F6571D6E04F04B4.d.7BA4A0B2CE5E3B51676170DEA9A017EC.e.308","ELEMENT":"f.EAD3BD8A607B3C6B0F6571D6E04F04B4.d.7BA4A0B2CE5E3B51676170DEA9A017EC.e.308"}]}
COMMAND: GET /session/238fc7fdfbc7ddd3047b28b6e8a40f5c/screenshot - {}
COMMAND: POST /session/238fc7fdfbc7ddd3047b28b6e8a40f5c/execute/sync - {"script":"<script> [8489 bytes]","args":[{"element-6066-11e4-a52e-4f735466cecf":"f.EAD3BD8A607B3C6B0F6571D6E04F04B4.d.7BA4A0B2CE5E3B51676170DEA9A017EC.e.308","ELEMENT":"f.EAD3BD8A607B3C6B0F6571D6E04F04B4.d.7BA4A0B2CE5E3B51676170DEA9A017EC.e.308"}]}
RESULT: {}
RESULT: {}
RESULT: {"script":"<script> [8489 bytes]","args":[{"element-6066-11e4-a52e-4f735466cecf":"f.EAD3BD8A607B3C6B0F6571D6E04F04B4.d.7BA4A0B2CE5E3B51676170DEA9A017EC.e.308","ELEMENT":"f.EAD3BD8A607B3C6B0F6571D6E04F04B4.d.7BA4A0B2CE5E3B51676170DEA9A017EC.e.308"}]}
COMMAND: POST /session/238fc7fdfbc7ddd3047b28b6e8a40f5c/execute/sync - {"script":"<script> [5351 bytes]","args":[{"element-6066-11e4-a52e-4f735466cecf":"f.EAD3BD8A607B3C6B0F6571D6E04F04B4.d.7BA4A0B2CE5E3B51676170DEA9A017EC.e.308","ELEMENT":"f.EAD3BD8A607B3C6B0F6571D6E04F04B4.d.7BA4A0B2CE5E3B51676170DEA9A017EC.e.308"}]}
COMMAND: GET /session/238fc7fdfbc7ddd3047b28b6e8a40f5c/screenshot - {}
RESULT: {"script":"<script> [5351 bytes]","args":[{"element-6066-11e4-a52e-4f735466cecf":"f.EAD3BD8A607B3C6B0F6571D6E04F04B4.d.7BA4A0B2CE5E3B51676170DEA9A017EC.e.308","ELEMENT":"f.EAD3BD8A607B3C6B0F6571D6E04F04B4.d.7BA4A0B2CE5E3B51676170DEA9A017EC.e.308"}]}
COMMAND: GET /session/238fc7fdfbc7ddd3047b28b6e8a40f5c/screenshot - {}
COMMAND: POST /session/238fc7fdfbc7ddd3047b28b6e8a40f5c/execute/sync - {"script":"<script> [8489 bytes]","args":[{"element-6066-11e4-a52e-4f735466cecf":"f.EAD3BD8A607B3C6B0F6571D6E04F04B4.d.7BA4A0B2CE5E3B51676170DEA9A017EC.e.308","ELEMENT":"f.EAD3BD8A607B3C6B0F6571D6E04F04B4.d.7BA4A0B2CE5E3B51676170DEA9A017EC.e.308"}]}
RESULT: {}
RESULT: {}
RESULT: {"script":"<script> [8489 bytes]","args":[{"element-6066-11e4-a52e-4f735466cecf":"f.EAD3BD8A607B3C6B0F6571D6E04F04B4.d.7BA4A0B2CE5E3B51676170DEA9A017EC.e.308","ELEMENT":"f.EAD3BD8A607B3C6B0F6571D6E04F04B4.d.7BA4A0B2CE5E3B51676170DEA9A017EC.e.308"}]}
COMMAND: POST /session/238fc7fdfbc7ddd3047b28b6e8a40f5c/execute/sync - {"script":"<script> [5351 bytes]","args":[{"element-6066-11e4-a52e-4f735466cecf":"f.EAD3BD8A607B3C6B0F6571D6E04F04B4.d.7BA4A0B2CE5E3B51676170DEA9A017EC.e.308","ELEMENT":"f.EAD3BD8A607B3C6B0F6571D6E04F04B4.d.7BA4A0B2CE5E3B51676170DEA9A017EC.e.308"}]}
COMMAND: GET /session/238fc7fdfbc7ddd3047b28b6e8a40f5c/screenshot - {}
RESULT: {"script":"<script> [5351 bytes]","args":[{"element-6066-11e4-a52e-4f735466cecf":"f.EAD3BD8A607B3C6B0F6571D6E04F04B4.d.7BA4A0B2CE5E3B51676170DEA9A017EC.e.308","ELEMENT":"f.EAD3BD8A607B3C6B0F6571D6E04F04B4.d.7BA4A0B2CE5E3B51676170DEA9A017EC.e.308"}]}
COMMAND: GET /session/238fc7fdfbc7ddd3047b28b6e8a40f5c/screenshot - {}
COMMAND: POST /session/238fc7fdfbc7ddd3047b28b6e8a40f5c/execute/sync - {"script":"<script> [8489 bytes]","args":[{"element-6066-11e4-a52e-4f735466cecf":"f.EAD3BD8A607B3C6B0F6571D6E04F04B4.d.7BA4A0B2CE5E3B51676170DEA9A017EC.e.308","ELEMENT":"f.EAD3BD8A607B3C6B0F6571D6E04F04B4.d.7BA4A0B2CE5E3B51676170DEA9A017EC.e.308"}]}
RESULT: {}
RESULT: {}
RESULT: {"script":"<script> [8489 bytes]","args":[{"element-6066-11e4-a52e-4f735466cecf":"f.EAD3BD8A607B3C6B0F6571D6E04F04B4.d.7BA4A0B2CE5E3B51676170DEA9A017EC.e.308","ELEMENT":"f.EAD3BD8A607B3C6B0F6571D6E04F04B4.d.7BA4A0B2CE5E3B51676170DEA9A017EC.e.308"}]}
COMMAND: POST /session/238fc7fdfbc7ddd3047b28b6e8a40f5c/execute/sync - {"script":"<script> [5351 bytes]","args":[{"element-6066-11e4-a52e-4f735466cecf":"f.EAD3BD8A607B3C6B0F6571D6E04F04B4.d.7BA4A0B2CE5E3B51676170DEA9A017EC.e.308","ELEMENT":"f.EAD3BD8A607B3C6B0F6571D6E04F04B4.d.7BA4A0B2CE5E3B51676170DEA9A017EC.e.308"}]}
COMMAND: GET /session/238fc7fdfbc7ddd3047b28b6e8a40f5c/screenshot - {}
RESULT: {"script":"<script> [5351 bytes]","args":[{"element-6066-11e4-a52e-4f735466cecf":"f.EAD3BD8A607B3C6B0F6571D6E04F04B4.d.7BA4A0B2CE5E3B51676170DEA9A017EC.e.308","ELEMENT":"f.EAD3BD8A607B3C6B0F6571D6E04F04B4.d.7BA4A0B2CE5E3B51676170DEA9A017EC.e.308"}]}
COMMAND: GET /session/238fc7fdfbc7ddd3047b28b6e8a40f5c/screenshot - {}
COMMAND: POST /session/238fc7fdfbc7ddd3047b28b6e8a40f5c/execute/sync - {"script":"<script> [8489 bytes]","args":[{"element-6066-11e4-a52e-4f735466cecf":"f.EAD3BD8A607B3C6B0F6571D6E04F04B4.d.7BA4A0B2CE5E3B51676170DEA9A017EC.e.308","ELEMENT":"f.EAD3BD8A607B3C6B0F6571D6E04F04B4.d.7BA4A0B2CE5E3B51676170DEA9A017EC.e.308"}]}
RESULT: {}
RESULT: {"script":"<script> [8489 bytes]","args":[{"element-6066-11e4-a52e-4f735466cecf":"f.EAD3BD8A607B3C6B0F6571D6E04F04B4.d.7BA4A0B2CE5E3B51676170DEA9A017EC.e.308","ELEMENT":"f.EAD3BD8A607B3C6B0F6571D6E04F04B4.d.7BA4A0B2CE5E3B51676170DEA9A017EC.e.308"}]}
COMMAND: POST /session/238fc7fdfbc7ddd3047b28b6e8a40f5c/execute/sync - {"script":"<script> [5351 bytes]","args":[{"element-6066-11e4-a52e-4f735466cecf":"f.EAD3BD8A607B3C6B0F6571D6E04F04B4.d.7BA4A0B2CE5E3B51676170DEA9A017EC.e.308","ELEMENT":"f.EAD3BD8A607B3C6B0F6571D6E04F04B4.d.7BA4A0B2CE5E3B51676170DEA9A017EC.e.308"}]}
COMMAND: GET /session/238fc7fdfbc7ddd3047b28b6e8a40f5c/screenshot - {}
RESULT: {}
RESULT: {"script":"<script> [5351 bytes]","args":[{"element-6066-11e4-a52e-4f735466cecf":"f.EAD3BD8A607B3C6B0F6571D6E04F04B4.d.7BA4A0B2CE5E3B51676170DEA9A017EC.e.308","ELEMENT":"f.EAD3BD8A607B3C6B0F6571D6E04F04B4.d.7BA4A0B2CE5E3B51676170DEA9A017EC.e.308"}]}
COMMAND: GET /session/238fc7fdfbc7ddd3047b28b6e8a40f5c/screenshot - {}
COMMAND: POST /session/238fc7fdfbc7ddd3047b28b6e8a40f5c/execute/sync - {"script":"<script> [8489 bytes]","args":[{"element-6066-11e4-a52e-4f735466cecf":"f.EAD3BD8A607B3C6B0F6571D6E04F04B4.d.7BA4A0B2CE5E3B51676170DEA9A017EC.e.308","ELEMENT":"f.EAD3BD8A607B3C6B0F6571D6E04F04B4.d.7BA4A0B2CE5E3B51676170DEA9A017EC.e.308"}]}
RESULT: {}
RESULT: {}
RESULT: {"script":"<script> [8489 bytes]","args":[{"element-6066-11e4-a52e-4f735466cecf":"f.EAD3BD8A607B3C6B0F6571D6E04F04B4.d.7BA4A0B2CE5E3B51676170DEA9A017EC.e.308","ELEMENT":"f.EAD3BD8A607B3C6B0F6571D6E04F04B4.d.7BA4A0B2CE5E3B51676170DEA9A017EC.e.308"}]}
COMMAND: POST /session/238fc7fdfbc7ddd3047b28b6e8a40f5c/execute/sync - {"script":"<script> [5351 bytes]","args":[{"element-6066-11e4-a52e-4f735466cecf":"f.EAD3BD8A607B3C6B0F6571D6E04F04B4.d.7BA4A0B2CE5E3B51676170DEA9A017EC.e.308","ELEMENT":"f.EAD3BD8A607B3C6B0F6571D6E04F04B4.d.7BA4A0B2CE5E3B51676170DEA9A017EC.e.308"}]}
COMMAND: GET /session/238fc7fdfbc7ddd3047b28b6e8a40f5c/screenshot - {}
RESULT: {"script":"<script> [5351 bytes]","args":[{"element-6066-11e4-a52e-4f735466cecf":"f.EAD3BD8A607B3C6B0F6571D6E04F04B4.d.7BA4A0B2CE5E3B51676170DEA9A017EC.e.308","ELEMENT":"f.EAD3BD8A607B3C6B0F6571D6E04F04B4.d.7BA4A0B2CE5E3B51676170DEA9A017EC.e.308"}]}
COMMAND: GET /session/238fc7fdfbc7ddd3047b28b6e8a40f5c/screenshot - {}
COMMAND: POST /session/238fc7fdfbc7ddd3047b28b6e8a40f5c/execute/sync - {"script":"<script> [8489 bytes]","args":[{"element-6066-11e4-a52e-4f735466cecf":"f.EAD3BD8A607B3C6B0F6571D6E04F04B4.d.7BA4A0B2CE5E3B51676170DEA9A017EC.e.308","ELEMENT":"f.EAD3BD8A607B3C6B0F6571D6E04F04B4.d.7BA4A0B2CE5E3B51676170DEA9A017EC.e.308"}]}
RESULT: {}
RESULT: {}
RESULT: {"script":"<script> [8489 bytes]","args":[{"element-6066-11e4-a52e-4f735466cecf":"f.EAD3BD8A607B3C6B0F6571D6E04F04B4.d.7BA4A0B2CE5E3B51676170DEA9A017EC.e.308","ELEMENT":"f.EAD3BD8A607B3C6B0F6571D6E04F04B4.d.7BA4A0B2CE5E3B51676170DEA9A017EC.e.308"}]}
COMMAND: POST /session/238fc7fdfbc7ddd3047b28b6e8a40f5c/execute/sync - {"script":"<script> [5351 bytes]","args":[{"element-6066-11e4-a52e-4f735466cecf":"f.EAD3BD8A607B3C6B0F6571D6E04F04B4.d.7BA4A0B2CE5E3B51676170DEA9A017EC.e.308","ELEMENT":"f.EAD3BD8A607B3C6B0F6571D6E04F04B4.d.7BA4A0B2CE5E3B51676170DEA9A017EC.e.308"}]}
COMMAND: GET /session/238fc7fdfbc7ddd3047b28b6e8a40f5c/screenshot - {}
RESULT: {"script":"<script> [5351 bytes]","args":[{"element-6066-11e4-a52e-4f735466cecf":"f.EAD3BD8A607B3C6B0F6571D6E04F04B4.d.7BA4A0B2CE5E3B51676170DEA9A017EC.e.308","ELEMENT":"f.EAD3BD8A607B3C6B0F6571D6E04F04B4.d.7BA4A0B2CE5E3B51676170DEA9A017EC.e.308"}]}
COMMAND: POST /session/238fc7fdfbc7ddd3047b28b6e8a40f5c/execute/sync - {"script":"<script> [8489 bytes]","args":[{"element-6066-11e4-a52e-4f735466cecf":"f.EAD3BD8A607B3C6B0F6571D6E04F04B4.d.7BA4A0B2CE5E3B51676170DEA9A017EC.e.308","ELEMENT":"f.EAD3BD8A607B3C6B0F6571D6E04F04B4.d.7BA4A0B2CE5E3B51676170DEA9A017EC.e.308"}]}
COMMAND: GET /session/238fc7fdfbc7ddd3047b28b6e8a40f5c/screenshot - {}
RESULT: {}
RESULT: {"script":"<script> [8489 bytes]","args":[{"element-6066-11e4-a52e-4f735466cecf":"f.EAD3BD8A607B3C6B0F6571D6E04F04B4.d.7BA4A0B2CE5E3B51676170DEA9A017EC.e.308","ELEMENT":"f.EAD3BD8A607B3C6B0F6571D6E04F04B4.d.7BA4A0B2CE5E3B51676170DEA9A017EC.e.308"}]}
COMMAND: POST /session/238fc7fdfbc7ddd3047b28b6e8a40f5c/execute/sync - {"script":"<script> [5351 bytes]","args":[{"element-6066-11e4-a52e-4f735466cecf":"f.EAD3BD8A607B3C6B0F6571D6E04F04B4.d.7BA4A0B2CE5E3B51676170DEA9A017EC.e.308","ELEMENT":"f.EAD3BD8A607B3C6B0F6571D6E04F04B4.d.7BA4A0B2CE5E3B51676170DEA9A017EC.e.308"}]}
COMMAND: GET /session/238fc7fdfbc7ddd3047b28b6e8a40f5c/screenshot - {}
RESULT: {}
RESULT: {"script":"<script> [5351 bytes]","args":[{"element-6066-11e4-a52e-4f735466cecf":"f.EAD3BD8A607B3C6B0F6571D6E04F04B4.d.7BA4A0B2CE5E3B51676170DEA9A017EC.e.308","ELEMENT":"f.EAD3BD8A607B3C6B0F6571D6E04F04B4.d.7BA4A0B2CE5E3B51676170DEA9A017EC.e.308"}]}
COMMAND: GET /session/238fc7fdfbc7ddd3047b28b6e8a40f5c/screenshot - {}
COMMAND: POST /session/238fc7fdfbc7ddd3047b28b6e8a40f5c/execute/sync - {"script":"<script> [8489 bytes]","args":[{"element-6066-11e4-a52e-4f735466cecf":"f.EAD3BD8A607B3C6B0F6571D6E04F04B4.d.7BA4A0B2CE5E3B51676170DEA9A017EC.e.308","ELEMENT":"f.EAD3BD8A607B3C6B0F6571D6E04F04B4.d.7BA4A0B2CE5E3B51676170DEA9A017EC.e.308"}]}
RESULT: {}
RESULT: {"script":"<script> [8489 bytes]","args":[{"element-6066-11e4-a52e-4f735466cecf":"f.EAD3BD8A607B3C6B0F6571D6E04F04B4.d.7BA4A0B2CE5E3B51676170DEA9A017EC.e.308","ELEMENT":"f.EAD3BD8A607B3C6B0F6571D6E04F04B4.d.7BA4A0B2CE5E3B51676170DEA9A017EC.e.308"}]}
COMMAND: POST /session/238fc7fdfbc7ddd3047b28b6e8a40f5c/execute/sync - {"script":"<script> [5351 bytes]","args":[{"element-6066-11e4-a52e-4f735466cecf":"f.EAD3BD8A607B3C6B0F6571D6E04F04B4.d.7BA4A0B2CE5E3B51676170DEA9A017EC.e.308","ELEMENT":"f.EAD3BD8A607B3C6B0F6571D6E04F04B4.d.7BA4A0B2CE5E3B51676170DEA9A017EC.e.308"}]}
COMMAND: GET /session/238fc7fdfbc7ddd3047b28b6e8a40f5c/screenshot - {}
RESULT: {}
RESULT: {"script":"<script> [5351 bytes]","args":[{"element-6066-11e4-a52e-4f735466cecf":"f.EAD3BD8A607B3C6B0F6571D6E04F04B4.d.7BA4A0B2CE5E3B51676170DEA9A017EC.e.308","ELEMENT":"f.EAD3BD8A607B3C6B0F6571D6E04F04B4.d.7BA4A0B2CE5E3B51676170DEA9A017EC.e.308"}]}
COMMAND: GET /session/238fc7fdfbc7ddd3047b28b6e8a40f5c/screenshot - {}
COMMAND: POST /session/238fc7fdfbc7ddd3047b28b6e8a40f5c/execute/sync - {"script":"<script> [8489 bytes]","args":[{"element-6066-11e4-a52e-4f735466cecf":"f.EAD3BD8A607B3C6B0F6571D6E04F04B4.d.7BA4A0B2CE5E3B51676170DEA9A017EC.e.308","ELEMENT":"f.EAD3BD8A607B3C6B0F6571D6E04F04B4.d.7BA4A0B2CE5E3B51676170DEA9A017EC.e.308"}]}
RESULT: {}
RESULT: {}
RESULT: {"script":"<script> [8489 bytes]","args":[{"element-6066-11e4-a52e-4f735466cecf":"f.EAD3BD8A607B3C6B0F6571D6E04F04B4.d.7BA4A0B2CE5E3B51676170DEA9A017EC.e.308","ELEMENT":"f.EAD3BD8A607B3C6B0F6571D6E04F04B4.d.7BA4A0B2CE5E3B51676170DEA9A017EC.e.308"}]}
COMMAND: POST /session/238fc7fdfbc7ddd3047b28b6e8a40f5c/execute/sync - {"script":"<script> [5351 bytes]","args":[{"element-6066-11e4-a52e-4f735466cecf":"f.EAD3BD8A607B3C6B0F6571D6E04F04B4.d.7BA4A0B2CE5E3B51676170DEA9A017EC.e.308","ELEMENT":"f.EAD3BD8A607B3C6B0F6571D6E04F04B4.d.7BA4A0B2CE5E3B51676170DEA9A017EC.e.308"}]}
COMMAND: GET /session/238fc7fdfbc7ddd3047b28b6e8a40f5c/screenshot - {}
RESULT: {"script":"<script> [5351 bytes]","args":[{"element-6066-11e4-a52e-4f735466cecf":"f.EAD3BD8A607B3C6B0F6571D6E04F04B4.d.7BA4A0B2CE5E3B51676170DEA9A017EC.e.308","ELEMENT":"f.EAD3BD8A607B3C6B0F6571D6E04F04B4.d.7BA4A0B2CE5E3B51676170DEA9A017EC.e.308"}]}
COMMAND: GET /session/238fc7fdfbc7ddd3047b28b6e8a40f5c/screenshot - {}
COMMAND: POST /session/238fc7fdfbc7ddd3047b28b6e8a40f5c/execute/sync - {"script":"<script> [8489 bytes]","args":[{"element-6066-11e4-a52e-4f735466cecf":"f.EAD3BD8A607B3C6B0F6571D6E04F04B4.d.7BA4A0B2CE5E3B51676170DEA9A017EC.e.308","ELEMENT":"f.EAD3BD8A607B3C6B0F6571D6E04F04B4.d.7BA4A0B2CE5E3B51676170DEA9A017EC.e.308"}]}
RESULT: {}
RESULT: {}
RESULT: {"script":"<script> [8489 bytes]","args":[{"element-6066-11e4-a52e-4f735466cecf":"f.EAD3BD8A607B3C6B0F6571D6E04F04B4.d.7BA4A0B2CE5E3B51676170DEA9A017EC.e.308","ELEMENT":"f.EAD3BD8A607B3C6B0F6571D6E04F04B4.d.7BA4A0B2CE5E3B51676170DEA9A017EC.e.308"}]}
COMMAND: POST /session/238fc7fdfbc7ddd3047b28b6e8a40f5c/execute/sync - {"script":"<script> [5351 bytes]","args":[{"element-6066-11e4-a52e-4f735466cecf":"f.EAD3BD8A607B3C6B0F6571D6E04F04B4.d.7BA4A0B2CE5E3B51676170DEA9A017EC.e.308","ELEMENT":"f.EAD3BD8A607B3C6B0F6571D6E04F04B4.d.7BA4A0B2CE5E3B51676170DEA9A017EC.e.308"}]}
COMMAND: GET /session/238fc7fdfbc7ddd3047b28b6e8a40f5c/screenshot - {}
RESULT: {"script":"<script> [5351 bytes]","args":[{"element-6066-11e4-a52e-4f735466cecf":"f.EAD3BD8A607B3C6B0F6571D6E04F04B4.d.7BA4A0B2CE5E3B51676170DEA9A017EC.e.308","ELEMENT":"f.EAD3BD8A607B3C6B0F6571D6E04F04B4.d.7BA4A0B2CE5E3B51676170DEA9A017EC.e.308"}]}
COMMAND: POST /session/238fc7fdfbc7ddd3047b28b6e8a40f5c/execute/sync - {"script":"<script> [8489 bytes]","args":[{"element-6066-11e4-a52e-4f735466cecf":"f.EAD3BD8A607B3C6B0F6571D6E04F04B4.d.7BA4A0B2CE5E3B51676170DEA9A017EC.e.308","ELEMENT":"f.EAD3BD8A607B3C6B0F6571D6E04F04B4.d.7BA4A0B2CE5E3B51676170DEA9A017EC.e.308"}]}
COMMAND: GET /session/238fc7fdfbc7ddd3047b28b6e8a40f5c/screenshot - {}
RESULT: {}
RESULT: {"script":"<script> [8489 bytes]","args":[{"element-6066-11e4-a52e-4f735466cecf":"f.EAD3BD8A607B3C6B0F6571D6E04F04B4.d.7BA4A0B2CE5E3B51676170DEA9A017EC.e.308","ELEMENT":"f.EAD3BD8A607B3C6B0F6571D6E04F04B4.d.7BA4A0B2CE5E3B51676170DEA9A017EC.e.308"}]}
COMMAND: POST /session/238fc7fdfbc7ddd3047b28b6e8a40f5c/execute/sync - {"script":"<script> [5351 bytes]","args":[{"element-6066-11e4-a52e-4f735466cecf":"f.EAD3BD8A607B3C6B0F6571D6E04F04B4.d.7BA4A0B2CE5E3B51676170DEA9A017EC.e.308","ELEMENT":"f.EAD3BD8A607B3C6B0F6571D6E04F04B4.d.7BA4A0B2CE5E3B51676170DEA9A017EC.e.308"}]}
COMMAND: GET /session/238fc7fdfbc7ddd3047b28b6e8a40f5c/screenshot - {}
RESULT: {}
RESULT: {"script":"<script> [5351 bytes]","args":[{"element-6066-11e4-a52e-4f735466cecf":"f.EAD3BD8A607B3C6B0F6571D6E04F04B4.d.7BA4A0B2CE5E3B51676170DEA9A017EC.e.308","ELEMENT":"f.EAD3BD8A607B3C6B0F6571D6E04F04B4.d.7BA4A0B2CE5E3B51676170DEA9A017EC.e.308"}]}
COMMAND: GET /session/238fc7fdfbc7ddd3047b28b6e8a40f5c/screenshot - {}
COMMAND: POST /session/238fc7fdfbc7ddd3047b28b6e8a40f5c/execute/sync - {"script":"<script> [8489 bytes]","args":[{"element-6066-11e4-a52e-4f735466cecf":"f.EAD3BD8A607B3C6B0F6571D6E04F04B4.d.7BA4A0B2CE5E3B51676170DEA9A017EC.e.308","ELEMENT":"f.EAD3BD8A607B3C6B0F6571D6E04F04B4.d.7BA4A0B2CE5E3B51676170DEA9A017EC.e.308"}]}
RESULT: {}
RESULT: {}
RESULT: {"script":"<script> [8489 bytes]","args":[{"element-6066-11e4-a52e-4f735466cecf":"f.EAD3BD8A607B3C6B0F6571D6E04F04B4.d.7BA4A0B2CE5E3B51676170DEA9A017EC.e.308","ELEMENT":"f.EAD3BD8A607B3C6B0F6571D6E04F04B4.d.7BA4A0B2CE5E3B51676170DEA9A017EC.e.308"}]}
COMMAND: POST /session/238fc7fdfbc7ddd3047b28b6e8a40f5c/execute/sync - {"script":"<script> [5351 bytes]","args":[{"element-6066-11e4-a52e-4f735466cecf":"f.EAD3BD8A607B3C6B0F6571D6E04F04B4.d.7BA4A0B2CE5E3B51676170DEA9A017EC.e.308","ELEMENT":"f.EAD3BD8A607B3C6B0F6571D6E04F04B4.d.7BA4A0B2CE5E3B51676170DEA9A017EC.e.308"}]}
COMMAND: GET /session/238fc7fdfbc7ddd3047b28b6e8a40f5c/screenshot - {}
RESULT: {"script":"<script> [5351 bytes]","args":[{"element-6066-11e4-a52e-4f735466cecf":"f.EAD3BD8A607B3C6B0F6571D6E04F04B4.d.7BA4A0B2CE5E3B51676170DEA9A017EC.e.308","ELEMENT":"f.EAD3BD8A607B3C6B0F6571D6E04F04B4.d.7BA4A0B2CE5E3B51676170DEA9A017EC.e.308"}]}
COMMAND: GET /session/238fc7fdfbc7ddd3047b28b6e8a40f5c/screenshot - {}
COMMAND: POST /session/238fc7fdfbc7ddd3047b28b6e8a40f5c/execute/sync - {"script":"<script> [8489 bytes]","args":[{"element-6066-11e4-a52e-4f735466cecf":"f.EAD3BD8A607B3C6B0F6571D6E04F04B4.d.7BA4A0B2CE5E3B51676170DEA9A017EC.e.308","ELEMENT":"f.EAD3BD8A607B3C6B0F6571D6E04F04B4.d.7BA4A0B2CE5E3B51676170DEA9A017EC.e.308"}]}
RESULT: {}
RESULT: {}
RESULT: {"script":"<script> [8489 bytes]","args":[{"element-6066-11e4-a52e-4f735466cecf":"f.EAD3BD8A607B3C6B0F6571D6E04F04B4.d.7BA4A0B2CE5E3B51676170DEA9A017EC.e.308","ELEMENT":"f.EAD3BD8A607B3C6B0F6571D6E04F04B4.d.7BA4A0B2CE5E3B51676170DEA9A017EC.e.308"}]}
COMMAND: POST /session/238fc7fdfbc7ddd3047b28b6e8a40f5c/execute/sync - {"script":"<script> [5351 bytes]","args":[{"element-6066-11e4-a52e-4f735466cecf":"f.EAD3BD8A607B3C6B0F6571D6E04F04B4.d.7BA4A0B2CE5E3B51676170DEA9A017EC.e.308","ELEMENT":"f.EAD3BD8A607B3C6B0F6571D6E04F04B4.d.7BA4A0B2CE5E3B51676170DEA9A017EC.e.308"}]}
COMMAND: GET /session/238fc7fdfbc7ddd3047b28b6e8a40f5c/screenshot - {}
RESULT: {"script":"<script> [5351 bytes]","args":[{"element-6066-11e4-a52e-4f735466cecf":"f.EAD3BD8A607B3C6B0F6571D6E04F04B4.d.7BA4A0B2CE5E3B51676170DEA9A017EC.e.308","ELEMENT":"f.EAD3BD8A607B3C6B0F6571D6E04F04B4.d.7BA4A0B2CE5E3B51676170DEA9A017EC.e.308"}]}
COMMAND: GET /session/238fc7fdfbc7ddd3047b28b6e8a40f5c/screenshot - {}
COMMAND: POST /session/238fc7fdfbc7ddd3047b28b6e8a40f5c/execute/sync - {"script":"<script> [8489 bytes]","args":[{"element-6066-11e4-a52e-4f735466cecf":"f.EAD3BD8A607B3C6B0F6571D6E04F04B4.d.7BA4A0B2CE5E3B51676170DEA9A017EC.e.308","ELEMENT":"f.EAD3BD8A607B3C6B0F6571D6E04F04B4.d.7BA4A0B2CE5E3B51676170DEA9A017EC.e.308"}]}
RESULT: {}
RESULT: {}
RESULT: {"script":"<script> [8489 bytes]","args":[{"element-6066-11e4-a52e-4f735466cecf":"f.EAD3BD8A607B3C6B0F6571D6E04F04B4.d.7BA4A0B2CE5E3B51676170DEA9A017EC.e.308","ELEMENT":"f.EAD3BD8A607B3C6B0F6571D6E04F04B4.d.7BA4A0B2CE5E3B51676170DEA9A017EC.e.308"}]}
COMMAND: POST /session/238fc7fdfbc7ddd3047b28b6e8a40f5c/execute/sync - {"script":"<script> [5351 bytes]","args":[{"element-6066-11e4-a52e-4f735466cecf":"f.EAD3BD8A607B3C6B0F6571D6E04F04B4.d.7BA4A0B2CE5E3B51676170DEA9A017EC.e.308","ELEMENT":"f.EAD3BD8A607B3C6B0F6571D6E04F04B4.d.7BA4A0B2CE5E3B51676170DEA9A017EC.e.308"}]}
COMMAND: GET /session/238fc7fdfbc7ddd3047b28b6e8a40f5c/screenshot - {}
RESULT: {"script":"<script> [5351 bytes]","args":[{"element-6066-11e4-a52e-4f735466cecf":"f.EAD3BD8A607B3C6B0F6571D6E04F04B4.d.7BA4A0B2CE5E3B51676170DEA9A017EC.e.308","ELEMENT":"f.EAD3BD8A607B3C6B0F6571D6E04F04B4.d.7BA4A0B2CE5E3B51676170DEA9A017EC.e.308"}]}
COMMAND: GET /session/238fc7fdfbc7ddd3047b28b6e8a40f5c/screenshot - {}
COMMAND: POST /session/238fc7fdfbc7ddd3047b28b6e8a40f5c/execute/sync - {"script":"<script> [8489 bytes]","args":[{"element-6066-11e4-a52e-4f735466cecf":"f.EAD3BD8A607B3C6B0F6571D6E04F04B4.d.7BA4A0B2CE5E3B51676170DEA9A017EC.e.308","ELEMENT":"f.EAD3BD8A607B3C6B0F6571D6E04F04B4.d.7BA4A0B2CE5E3B51676170DEA9A017EC.e.308"}]}
RESULT: {}
RESULT: {"script":"<script> [8489 bytes]","args":[{"element-6066-11e4-a52e-4f735466cecf":"f.EAD3BD8A607B3C6B0F6571D6E04F04B4.d.7BA4A0B2CE5E3B51676170DEA9A017EC.e.308","ELEMENT":"f.EAD3BD8A607B3C6B0F6571D6E04F04B4.d.7BA4A0B2CE5E3B51676170DEA9A017EC.e.308"}]}
COMMAND: POST /session/238fc7fdfbc7ddd3047b28b6e8a40f5c/execute/sync - {"script":"<script> [5351 bytes]","args":[{"element-6066-11e4-a52e-4f735466cecf":"f.EAD3BD8A607B3C6B0F6571D6E04F04B4.d.7BA4A0B2CE5E3B51676170DEA9A017EC.e.308","ELEMENT":"f.EAD3BD8A607B3C6B0F6571D6E04F04B4.d.7BA4A0B2CE5E3B51676170DEA9A017EC.e.308"}]}
COMMAND: GET /session/238fc7fdfbc7ddd3047b28b6e8a40f5c/screenshot - {}
RESULT: {}
RESULT: {"script":"<script> [5351 bytes]","args":[{"element-6066-11e4-a52e-4f735466cecf":"f.EAD3BD8A607B3C6B0F6571D6E04F04B4.d.7BA4A0B2CE5E3B51676170DEA9A017EC.e.308","ELEMENT":"f.EAD3BD8A607B3C6B0F6571D6E04F04B4.d.7BA4A0B2CE5E3B51676170DEA9A017EC.e.308"}]}
COMMAND: GET /session/238fc7fdfbc7ddd3047b28b6e8a40f5c/screenshot - {}
COMMAND: POST /session/238fc7fdfbc7ddd3047b28b6e8a40f5c/execute/sync - {"script":"<script> [8489 bytes]","args":[{"element-6066-11e4-a52e-4f735466cecf":"f.EAD3BD8A607B3C6B0F6571D6E04F04B4.d.7BA4A0B2CE5E3B51676170DEA9A017EC.e.308","ELEMENT":"f.EAD3BD8A607B3C6B0F6571D6E04F04B4.d.7BA4A0B2CE5E3B51676170DEA9A017EC.e.308"}]}
RESULT: {}
RESULT: {}
RESULT: {"script":"<script> [8489 bytes]","args":[{"element-6066-11e4-a52e-4f735466cecf":"f.EAD3BD8A607B3C6B0F6571D6E04F04B4.d.7BA4A0B2CE5E3B51676170DEA9A017EC.e.308","ELEMENT":"f.EAD3BD8A607B3C6B0F6571D6E04F04B4.d.7BA4A0B2CE5E3B51676170DEA9A017EC.e.308"}]}
COMMAND: POST /session/238fc7fdfbc7ddd3047b28b6e8a40f5c/execute/sync - {"script":"<script> [5351 bytes]","args":[{"element-6066-11e4-a52e-4f735466cecf":"f.EAD3BD8A607B3C6B0F6571D6E04F04B4.d.7BA4A0B2CE5E3B51676170DEA9A017EC.e.308","ELEMENT":"f.EAD3BD8A607B3C6B0F6571D6E04F04B4.d.7BA4A0B2CE5E3B51676170DEA9A017EC.e.308"}]}
COMMAND: GET /session/238fc7fdfbc7ddd3047b28b6e8a40f5c/screenshot - {}
RESULT: {"script":"<script> [5351 bytes]","args":[{"element-6066-11e4-a52e-4f735466cecf":"f.EAD3BD8A607B3C6B0F6571D6E04F04B4.d.7BA4A0B2CE5E3B51676170DEA9A017EC.e.308","ELEMENT":"f.EAD3BD8A607B3C6B0F6571D6E04F04B4.d.7BA4A0B2CE5E3B51676170DEA9A017EC.e.308"}]}
COMMAND: GET /session/238fc7fdfbc7ddd3047b28b6e8a40f5c/screenshot - {}
COMMAND: POST /session/238fc7fdfbc7ddd3047b28b6e8a40f5c/execute/sync - {"script":"<script> [8489 bytes]","args":[{"element-6066-11e4-a52e-4f735466cecf":"f.EAD3BD8A607B3C6B0F6571D6E04F04B4.d.7BA4A0B2CE5E3B51676170DEA9A017EC.e.308","ELEMENT":"f.EAD3BD8A607B3C6B0F6571D6E04F04B4.d.7BA4A0B2CE5E3B51676170DEA9A017EC.e.308"}]}
RESULT: {}
RESULT: {"script":"<script> [8489 bytes]","args":[{"element-6066-11e4-a52e-4f735466cecf":"f.EAD3BD8A607B3C6B0F6571D6E04F04B4.d.7BA4A0B2CE5E3B51676170DEA9A017EC.e.308","ELEMENT":"f.EAD3BD8A607B3C6B0F6571D6E04F04B4.d.7BA4A0B2CE5E3B51676170DEA9A017EC.e.308"}]}
COMMAND: POST /session/238fc7fdfbc7ddd3047b28b6e8a40f5c/execute/sync - {"script":"<script> [5351 bytes]","args":[{"element-6066-11e4-a52e-4f735466cecf":"f.EAD3BD8A607B3C6B0F6571D6E04F04B4.d.7BA4A0B2CE5E3B51676170DEA9A017EC.e.308","ELEMENT":"f.EAD3BD8A607B3C6B0F6571D6E04F04B4.d.7BA4A0B2CE5E3B51676170DEA9A017EC.e.308"}]}
COMMAND: GET /session/238fc7fdfbc7ddd3047b28b6e8a40f5c/screenshot - {}
RESULT: {}
RESULT: {"script":"<script> [5351 bytes]","args":[{"element-6066-11e4-a52e-4f735466cecf":"f.EAD3BD8A607B3C6B0F6571D6E04F04B4.d.7BA4A0B2CE5E3B51676170DEA9A017EC.e.308","ELEMENT":"f.EAD3BD8A607B3C6B0F6571D6E04F04B4.d.7BA4A0B2CE5E3B51676170DEA9A017EC.e.308"}]}
COMMAND: GET /session/238fc7fdfbc7ddd3047b28b6e8a40f5c/screenshot - {}
COMMAND: POST /session/238fc7fdfbc7ddd3047b28b6e8a40f5c/execute/sync - {"script":"<script> [8489 bytes]","args":[{"element-6066-11e4-a52e-4f735466cecf":"f.EAD3BD8A607B3C6B0F6571D6E04F04B4.d.7BA4A0B2CE5E3B51676170DEA9A017EC.e.308","ELEMENT":"f.EAD3BD8A607B3C6B0F6571D6E04F04B4.d.7BA4A0B2CE5E3B51676170DEA9A017EC.e.308"}]}
RESULT: {}
RESULT: {"script":"<script> [8489 bytes]","args":[{"element-6066-11e4-a52e-4f735466cecf":"f.EAD3BD8A607B3C6B0F6571D6E04F04B4.d.7BA4A0B2CE5E3B51676170DEA9A017EC.e.308","ELEMENT":"f.EAD3BD8A607B3C6B0F6571D6E04F04B4.d.7BA4A0B2CE5E3B51676170DEA9A017EC.e.308"}]}
COMMAND: POST /session/238fc7fdfbc7ddd3047b28b6e8a40f5c/execute/sync - {"script":"<script> [5351 bytes]","args":[{"element-6066-11e4-a52e-4f735466cecf":"f.EAD3BD8A607B3C6B0F6571D6E04F04B4.d.7BA4A0B2CE5E3B51676170DEA9A017EC.e.308","ELEMENT":"f.EAD3BD8A607B3C6B0F6571D6E04F04B4.d.7BA4A0B2CE5E3B51676170DEA9A017EC.e.308"}]}
COMMAND: GET /session/238fc7fdfbc7ddd3047b28b6e8a40f5c/screenshot - {}
RESULT: {}
RESULT: {"script":"<script> [5351 bytes]","args":[{"element-6066-11e4-a52e-4f735466cecf":"f.EAD3BD8A607B3C6B0F6571D6E04F04B4.d.7BA4A0B2CE5E3B51676170DEA9A017EC.e.308","ELEMENT":"f.EAD3BD8A607B3C6B0F6571D6E04F04B4.d.7BA4A0B2CE5E3B51676170DEA9A017EC.e.308"}]}
COMMAND: GET /session/238fc7fdfbc7ddd3047b28b6e8a40f5c/screenshot - {}
COMMAND: POST /session/238fc7fdfbc7ddd3047b28b6e8a40f5c/execute/sync - {"script":"<script> [8489 bytes]","args":[{"element-6066-11e4-a52e-4f735466cecf":"f.EAD3BD8A607B3C6B0F6571D6E04F04B4.d.7BA4A0B2CE5E3B51676170DEA9A017EC.e.308","ELEMENT":"f.EAD3BD8A607B3C6B0F6571D6E04F04B4.d.7BA4A0B2CE5E3B51676170DEA9A017EC.e.308"}]}
RESULT: {}
COMMAND: GET /session/238fc7fdfbc7ddd3047b28b6e8a40f5c/screenshot - {}
RESULT: {}
RESULT: {"script":"<script> [8489 bytes]","args":[{"element-6066-11e4-a52e-4f735466cecf":"f.EAD3BD8A607B3C6B0F6571D6E04F04B4.d.7BA4A0B2CE5E3B51676170DEA9A017EC.e.308","ELEMENT":"f.EAD3BD8A607B3C6B0F6571D6E04F04B4.d.7BA4A0B2CE5E3B51676170DEA9A017EC.e.308"}]}
COMMAND: POST /session/238fc7fdfbc7ddd3047b28b6e8a40f5c/execute/sync - {"script":"<script> [5351 bytes]","args":[{"element-6066-11e4-a52e-4f735466cecf":"f.EAD3BD8A607B3C6B0F6571D6E04F04B4.d.7BA4A0B2CE5E3B51676170DEA9A017EC.e.308","ELEMENT":"f.EAD3BD8A607B3C6B0F6571D6E04F04B4.d.7BA4A0B2CE5E3B51676170DEA9A017EC.e.308"}]}
COMMAND: GET /session/238fc7fdfbc7ddd3047b28b6e8a40f5c/screenshot - {}
RESULT: {}
]]></system-out>
      <system-err><![CDATA[
Error: element ("//button[@data-kt="addNewYardOverflowToolbarButton"]") still not clickable after 45000ms
    at async UtilsPrerequisites.yardCreation (D:\a\1\s\test\specs\BTS\prerequisites-and-utils-functions.js:53:9)
    at async Context.<anonymous> (D:\a\1\s\test\specs\BTS\manage-partners.spec.js:18:41)
]]></system-err>
    </testcase>
    <testcase classname="chrome.136_0_7103_49.windows.Partner_specific_tests_US150819_US151080_US151654_US151176_US103444_US151078_US151079_US151109_US151174_US151175_US151189" name="Should create new external partner US150819" time="56.775">
      <skipped />
      <system-out><![CDATA[
COMMAND: POST /session/238fc7fdfbc7ddd3047b28b6e8a40f5c/element - {"using":"xpath","value":"//li[.//span[text()=\"Manage Partners\"]]"}
COMMAND: GET /session/238fc7fdfbc7ddd3047b28b6e8a40f5c/screenshot - {}
RESULT: {}
RESULT: {"using":"xpath","value":"//li[.//span[text()=\"Manage Partners\"]]"}
COMMAND: POST /session/238fc7fdfbc7ddd3047b28b6e8a40f5c/element - {"using":"xpath","value":"//li[.//span[text()=\"Manage Partners\"]]"}
RESULT: {}
RESULT: {"using":"xpath","value":"//li[.//span[text()=\"Manage Partners\"]]"}
COMMAND: POST /session/238fc7fdfbc7ddd3047b28b6e8a40f5c/element - {"using":"css selector","value":"#shell-header-logo"}
RESULT: {"using":"css selector","value":"#shell-header-logo"}
COMMAND: POST /session/238fc7fdfbc7ddd3047b28b6e8a40f5c/element/f.EAD3BD8A607B3C6B0F6571D6E04F04B4.d.7BA4A0B2CE5E3B51676170DEA9A017EC.e.273/click - {}
COMMAND: POST /session/238fc7fdfbc7ddd3047b28b6e8a40f5c/execute/sync - {"script":"<script> [8489 bytes]","args":[{"element-6066-11e4-a52e-4f735466cecf":"f.EAD3BD8A607B3C6B0F6571D6E04F04B4.d.7BA4A0B2CE5E3B51676170DEA9A017EC.e.273","ELEMENT":"f.EAD3BD8A607B3C6B0F6571D6E04F04B4.d.7BA4A0B2CE5E3B51676170DEA9A017EC.e.273"}]}
RESULT: {"script":"<script> [8489 bytes]","args":[{"element-6066-11e4-a52e-4f735466cecf":"f.EAD3BD8A607B3C6B0F6571D6E04F04B4.d.7BA4A0B2CE5E3B51676170DEA9A017EC.e.273","ELEMENT":"f.EAD3BD8A607B3C6B0F6571D6E04F04B4.d.7BA4A0B2CE5E3B51676170DEA9A017EC.e.273"}]}
COMMAND: POST /session/238fc7fdfbc7ddd3047b28b6e8a40f5c/execute/sync - {"script":"<script> [5351 bytes]","args":[{"element-6066-11e4-a52e-4f735466cecf":"f.EAD3BD8A607B3C6B0F6571D6E04F04B4.d.7BA4A0B2CE5E3B51676170DEA9A017EC.e.273","ELEMENT":"f.EAD3BD8A607B3C6B0F6571D6E04F04B4.d.7BA4A0B2CE5E3B51676170DEA9A017EC.e.273"}]}
COMMAND: GET /session/238fc7fdfbc7ddd3047b28b6e8a40f5c/screenshot - {}
RESULT: {"script":"<script> [5351 bytes]","args":[{"element-6066-11e4-a52e-4f735466cecf":"f.EAD3BD8A607B3C6B0F6571D6E04F04B4.d.7BA4A0B2CE5E3B51676170DEA9A017EC.e.273","ELEMENT":"f.EAD3BD8A607B3C6B0F6571D6E04F04B4.d.7BA4A0B2CE5E3B51676170DEA9A017EC.e.273"}]}
COMMAND: GET /session/238fc7fdfbc7ddd3047b28b6e8a40f5c/screenshot - {}
RESULT: {}
RESULT: {}
COMMAND: POST /session/238fc7fdfbc7ddd3047b28b6e8a40f5c/window/fullscreen - {}
RESULT: {}
COMMAND: POST /session/238fc7fdfbc7ddd3047b28b6e8a40f5c/execute/async - {"script":"<script> [1562 bytes]","args":[{"selector":{"controlType":"sap.m.GenericTile","properties":{"header":"Manage Partners"}},"wdio_ui5_key":"sapm.GenericTile{\"header\":\"Manage Partners\"}"}]}
RESULT: {"script":"<script> [1562 bytes]","args":[{"selector":{"controlType":"sap.m.GenericTile","properties":{"header":"Manage Partners"}},"wdio_ui5_key":"sapm.GenericTile{\"header\":\"Manage Partners\"}"}]}
RESULT: undefined
COMMAND: POST /session/238fc7fdfbc7ddd3047b28b6e8a40f5c/element - {"using":"xpath","value":"//button[@data-kt=\"addButton\"]"}
RESULT: {"using":"xpath","value":"//button[@data-kt=\"addButton\"]"}
COMMAND: POST /session/238fc7fdfbc7ddd3047b28b6e8a40f5c/elements - {"using":"xpath","value":"//button[@data-kt=\"addButton\"]"}
RESULT: {"using":"xpath","value":"//button[@data-kt=\"addButton\"]"}
COMMAND: POST /session/238fc7fdfbc7ddd3047b28b6e8a40f5c/elements - {"using":"xpath","value":"//button[@data-kt=\"addButton\"]"}
RESULT: {"using":"xpath","value":"//button[@data-kt=\"addButton\"]"}
COMMAND: POST /session/238fc7fdfbc7ddd3047b28b6e8a40f5c/elements - {"using":"xpath","value":"//button[@data-kt=\"addButton\"]"}
RESULT: {"using":"xpath","value":"//button[@data-kt=\"addButton\"]"}
COMMAND: POST /session/238fc7fdfbc7ddd3047b28b6e8a40f5c/elements - {"using":"xpath","value":"//button[@data-kt=\"addButton\"]"}
RESULT: {"using":"xpath","value":"//button[@data-kt=\"addButton\"]"}
COMMAND: POST /session/238fc7fdfbc7ddd3047b28b6e8a40f5c/elements - {"using":"xpath","value":"//button[@data-kt=\"addButton\"]"}
RESULT: {"using":"xpath","value":"//button[@data-kt=\"addButton\"]"}
COMMAND: POST /session/238fc7fdfbc7ddd3047b28b6e8a40f5c/elements - {"using":"xpath","value":"//button[@data-kt=\"addButton\"]"}
RESULT: {"using":"xpath","value":"//button[@data-kt=\"addButton\"]"}
COMMAND: POST /session/238fc7fdfbc7ddd3047b28b6e8a40f5c/elements - {"using":"xpath","value":"//button[@data-kt=\"addButton\"]"}
RESULT: {"using":"xpath","value":"//button[@data-kt=\"addButton\"]"}
COMMAND: POST /session/238fc7fdfbc7ddd3047b28b6e8a40f5c/elements - {"using":"xpath","value":"//button[@data-kt=\"addButton\"]"}
RESULT: {"using":"xpath","value":"//button[@data-kt=\"addButton\"]"}
COMMAND: POST /session/238fc7fdfbc7ddd3047b28b6e8a40f5c/elements - {"using":"xpath","value":"//button[@data-kt=\"addButton\"]"}
RESULT: {"using":"xpath","value":"//button[@data-kt=\"addButton\"]"}
COMMAND: POST /session/238fc7fdfbc7ddd3047b28b6e8a40f5c/elements - {"using":"xpath","value":"//button[@data-kt=\"addButton\"]"}
RESULT: {"using":"xpath","value":"//button[@data-kt=\"addButton\"]"}
COMMAND: POST /session/238fc7fdfbc7ddd3047b28b6e8a40f5c/elements - {"using":"xpath","value":"//button[@data-kt=\"addButton\"]"}
RESULT: {"using":"xpath","value":"//button[@data-kt=\"addButton\"]"}
COMMAND: POST /session/238fc7fdfbc7ddd3047b28b6e8a40f5c/elements - {"using":"xpath","value":"//button[@data-kt=\"addButton\"]"}
RESULT: {"using":"xpath","value":"//button[@data-kt=\"addButton\"]"}
COMMAND: POST /session/238fc7fdfbc7ddd3047b28b6e8a40f5c/elements - {"using":"xpath","value":"//button[@data-kt=\"addButton\"]"}
RESULT: {"using":"xpath","value":"//button[@data-kt=\"addButton\"]"}
COMMAND: POST /session/238fc7fdfbc7ddd3047b28b6e8a40f5c/elements - {"using":"xpath","value":"//button[@data-kt=\"addButton\"]"}
RESULT: {"using":"xpath","value":"//button[@data-kt=\"addButton\"]"}
COMMAND: POST /session/238fc7fdfbc7ddd3047b28b6e8a40f5c/elements - {"using":"xpath","value":"//button[@data-kt=\"addButton\"]"}
RESULT: {"using":"xpath","value":"//button[@data-kt=\"addButton\"]"}
COMMAND: POST /session/238fc7fdfbc7ddd3047b28b6e8a40f5c/elements - {"using":"xpath","value":"//button[@data-kt=\"addButton\"]"}
RESULT: {"using":"xpath","value":"//button[@data-kt=\"addButton\"]"}
COMMAND: POST /session/238fc7fdfbc7ddd3047b28b6e8a40f5c/elements - {"using":"xpath","value":"//button[@data-kt=\"addButton\"]"}
RESULT: {"using":"xpath","value":"//button[@data-kt=\"addButton\"]"}
COMMAND: POST /session/238fc7fdfbc7ddd3047b28b6e8a40f5c/elements - {"using":"xpath","value":"//button[@data-kt=\"addButton\"]"}
RESULT: {"using":"xpath","value":"//button[@data-kt=\"addButton\"]"}
COMMAND: POST /session/238fc7fdfbc7ddd3047b28b6e8a40f5c/elements - {"using":"xpath","value":"//button[@data-kt=\"addButton\"]"}
RESULT: {"using":"xpath","value":"//button[@data-kt=\"addButton\"]"}
COMMAND: POST /session/238fc7fdfbc7ddd3047b28b6e8a40f5c/elements - {"using":"xpath","value":"//button[@data-kt=\"addButton\"]"}
RESULT: {"using":"xpath","value":"//button[@data-kt=\"addButton\"]"}
COMMAND: POST /session/238fc7fdfbc7ddd3047b28b6e8a40f5c/elements - {"using":"xpath","value":"//button[@data-kt=\"addButton\"]"}
RESULT: {"using":"xpath","value":"//button[@data-kt=\"addButton\"]"}
COMMAND: POST /session/238fc7fdfbc7ddd3047b28b6e8a40f5c/elements - {"using":"xpath","value":"//button[@data-kt=\"addButton\"]"}
RESULT: {"using":"xpath","value":"//button[@data-kt=\"addButton\"]"}
COMMAND: POST /session/238fc7fdfbc7ddd3047b28b6e8a40f5c/elements - {"using":"xpath","value":"//button[@data-kt=\"addButton\"]"}
RESULT: {"using":"xpath","value":"//button[@data-kt=\"addButton\"]"}
COMMAND: POST /session/238fc7fdfbc7ddd3047b28b6e8a40f5c/elements - {"using":"xpath","value":"//button[@data-kt=\"addButton\"]"}
RESULT: {"using":"xpath","value":"//button[@data-kt=\"addButton\"]"}
COMMAND: POST /session/238fc7fdfbc7ddd3047b28b6e8a40f5c/elements - {"using":"xpath","value":"//button[@data-kt=\"addButton\"]"}
RESULT: {"using":"xpath","value":"//button[@data-kt=\"addButton\"]"}
COMMAND: POST /session/238fc7fdfbc7ddd3047b28b6e8a40f5c/elements - {"using":"xpath","value":"//button[@data-kt=\"addButton\"]"}
RESULT: {"using":"xpath","value":"//button[@data-kt=\"addButton\"]"}
COMMAND: POST /session/238fc7fdfbc7ddd3047b28b6e8a40f5c/elements - {"using":"xpath","value":"//button[@data-kt=\"addButton\"]"}
RESULT: {"using":"xpath","value":"//button[@data-kt=\"addButton\"]"}
COMMAND: POST /session/238fc7fdfbc7ddd3047b28b6e8a40f5c/elements - {"using":"xpath","value":"//button[@data-kt=\"addButton\"]"}
RESULT: {"using":"xpath","value":"//button[@data-kt=\"addButton\"]"}
COMMAND: POST /session/238fc7fdfbc7ddd3047b28b6e8a40f5c/elements - {"using":"xpath","value":"//button[@data-kt=\"addButton\"]"}
RESULT: {"using":"xpath","value":"//button[@data-kt=\"addButton\"]"}
COMMAND: POST /session/238fc7fdfbc7ddd3047b28b6e8a40f5c/elements - {"using":"xpath","value":"//button[@data-kt=\"addButton\"]"}
RESULT: {"using":"xpath","value":"//button[@data-kt=\"addButton\"]"}
COMMAND: POST /session/238fc7fdfbc7ddd3047b28b6e8a40f5c/elements - {"using":"xpath","value":"//button[@data-kt=\"addButton\"]"}
RESULT: {"using":"xpath","value":"//button[@data-kt=\"addButton\"]"}
COMMAND: POST /session/238fc7fdfbc7ddd3047b28b6e8a40f5c/elements - {"using":"xpath","value":"//button[@data-kt=\"addButton\"]"}
RESULT: {"using":"xpath","value":"//button[@data-kt=\"addButton\"]"}
COMMAND: POST /session/238fc7fdfbc7ddd3047b28b6e8a40f5c/elements - {"using":"xpath","value":"//button[@data-kt=\"addButton\"]"}
RESULT: {"using":"xpath","value":"//button[@data-kt=\"addButton\"]"}
COMMAND: POST /session/238fc7fdfbc7ddd3047b28b6e8a40f5c/elements - {"using":"xpath","value":"//button[@data-kt=\"addButton\"]"}
RESULT: {"using":"xpath","value":"//button[@data-kt=\"addButton\"]"}
COMMAND: POST /session/238fc7fdfbc7ddd3047b28b6e8a40f5c/elements - {"using":"xpath","value":"//button[@data-kt=\"addButton\"]"}
RESULT: {"using":"xpath","value":"//button[@data-kt=\"addButton\"]"}
COMMAND: POST /session/238fc7fdfbc7ddd3047b28b6e8a40f5c/elements - {"using":"xpath","value":"//button[@data-kt=\"addButton\"]"}
RESULT: {"using":"xpath","value":"//button[@data-kt=\"addButton\"]"}
COMMAND: POST /session/238fc7fdfbc7ddd3047b28b6e8a40f5c/elements - {"using":"xpath","value":"//button[@data-kt=\"addButton\"]"}
RESULT: {"using":"xpath","value":"//button[@data-kt=\"addButton\"]"}
COMMAND: POST /session/238fc7fdfbc7ddd3047b28b6e8a40f5c/elements - {"using":"xpath","value":"//button[@data-kt=\"addButton\"]"}
RESULT: {"using":"xpath","value":"//button[@data-kt=\"addButton\"]"}
COMMAND: POST /session/238fc7fdfbc7ddd3047b28b6e8a40f5c/elements - {"using":"xpath","value":"//button[@data-kt=\"addButton\"]"}
RESULT: {"using":"xpath","value":"//button[@data-kt=\"addButton\"]"}
COMMAND: POST /session/238fc7fdfbc7ddd3047b28b6e8a40f5c/elements - {"using":"xpath","value":"//button[@data-kt=\"addButton\"]"}
RESULT: {"using":"xpath","value":"//button[@data-kt=\"addButton\"]"}
COMMAND: POST /session/238fc7fdfbc7ddd3047b28b6e8a40f5c/elements - {"using":"xpath","value":"//button[@data-kt=\"addButton\"]"}
RESULT: {"using":"xpath","value":"//button[@data-kt=\"addButton\"]"}
COMMAND: POST /session/238fc7fdfbc7ddd3047b28b6e8a40f5c/elements - {"using":"xpath","value":"//button[@data-kt=\"addButton\"]"}
RESULT: {"using":"xpath","value":"//button[@data-kt=\"addButton\"]"}
COMMAND: POST /session/238fc7fdfbc7ddd3047b28b6e8a40f5c/elements - {"using":"xpath","value":"//button[@data-kt=\"addButton\"]"}
RESULT: {"using":"xpath","value":"//button[@data-kt=\"addButton\"]"}
COMMAND: POST /session/238fc7fdfbc7ddd3047b28b6e8a40f5c/elements - {"using":"xpath","value":"//button[@data-kt=\"addButton\"]"}
RESULT: {"using":"xpath","value":"//button[@data-kt=\"addButton\"]"}
COMMAND: POST /session/238fc7fdfbc7ddd3047b28b6e8a40f5c/elements - {"using":"xpath","value":"//button[@data-kt=\"addButton\"]"}
RESULT: {"using":"xpath","value":"//button[@data-kt=\"addButton\"]"}
COMMAND: POST /session/238fc7fdfbc7ddd3047b28b6e8a40f5c/elements - {"using":"xpath","value":"//button[@data-kt=\"addButton\"]"}
RESULT: {"using":"xpath","value":"//button[@data-kt=\"addButton\"]"}
COMMAND: POST /session/238fc7fdfbc7ddd3047b28b6e8a40f5c/elements - {"using":"xpath","value":"//button[@data-kt=\"addButton\"]"}
RESULT: {"using":"xpath","value":"//button[@data-kt=\"addButton\"]"}
COMMAND: POST /session/238fc7fdfbc7ddd3047b28b6e8a40f5c/elements - {"using":"xpath","value":"//button[@data-kt=\"addButton\"]"}
RESULT: {"using":"xpath","value":"//button[@data-kt=\"addButton\"]"}
COMMAND: POST /session/238fc7fdfbc7ddd3047b28b6e8a40f5c/elements - {"using":"xpath","value":"//button[@data-kt=\"addButton\"]"}
RESULT: {"using":"xpath","value":"//button[@data-kt=\"addButton\"]"}
COMMAND: POST /session/238fc7fdfbc7ddd3047b28b6e8a40f5c/elements - {"using":"xpath","value":"//button[@data-kt=\"addButton\"]"}
RESULT: {"using":"xpath","value":"//button[@data-kt=\"addButton\"]"}
COMMAND: POST /session/238fc7fdfbc7ddd3047b28b6e8a40f5c/elements - {"using":"xpath","value":"//button[@data-kt=\"addButton\"]"}
RESULT: {"using":"xpath","value":"//button[@data-kt=\"addButton\"]"}
COMMAND: POST /session/238fc7fdfbc7ddd3047b28b6e8a40f5c/elements - {"using":"xpath","value":"//button[@data-kt=\"addButton\"]"}
RESULT: {"using":"xpath","value":"//button[@data-kt=\"addButton\"]"}
COMMAND: POST /session/238fc7fdfbc7ddd3047b28b6e8a40f5c/elements - {"using":"xpath","value":"//button[@data-kt=\"addButton\"]"}
RESULT: {"using":"xpath","value":"//button[@data-kt=\"addButton\"]"}
COMMAND: POST /session/238fc7fdfbc7ddd3047b28b6e8a40f5c/elements - {"using":"xpath","value":"//button[@data-kt=\"addButton\"]"}
RESULT: {"using":"xpath","value":"//button[@data-kt=\"addButton\"]"}
COMMAND: POST /session/238fc7fdfbc7ddd3047b28b6e8a40f5c/elements - {"using":"xpath","value":"//button[@data-kt=\"addButton\"]"}
RESULT: {"using":"xpath","value":"//button[@data-kt=\"addButton\"]"}
COMMAND: POST /session/238fc7fdfbc7ddd3047b28b6e8a40f5c/elements - {"using":"xpath","value":"//button[@data-kt=\"addButton\"]"}
RESULT: {"using":"xpath","value":"//button[@data-kt=\"addButton\"]"}
COMMAND: POST /session/238fc7fdfbc7ddd3047b28b6e8a40f5c/elements - {"using":"xpath","value":"//button[@data-kt=\"addButton\"]"}
RESULT: {"using":"xpath","value":"//button[@data-kt=\"addButton\"]"}
COMMAND: POST /session/238fc7fdfbc7ddd3047b28b6e8a40f5c/elements - {"using":"xpath","value":"//button[@data-kt=\"addButton\"]"}
RESULT: {"using":"xpath","value":"//button[@data-kt=\"addButton\"]"}
COMMAND: POST /session/238fc7fdfbc7ddd3047b28b6e8a40f5c/elements - {"using":"xpath","value":"//button[@data-kt=\"addButton\"]"}
RESULT: {"using":"xpath","value":"//button[@data-kt=\"addButton\"]"}
COMMAND: POST /session/238fc7fdfbc7ddd3047b28b6e8a40f5c/elements - {"using":"xpath","value":"//button[@data-kt=\"addButton\"]"}
RESULT: {"using":"xpath","value":"//button[@data-kt=\"addButton\"]"}
COMMAND: POST /session/238fc7fdfbc7ddd3047b28b6e8a40f5c/elements - {"using":"xpath","value":"//button[@data-kt=\"addButton\"]"}
RESULT: {"using":"xpath","value":"//button[@data-kt=\"addButton\"]"}
COMMAND: POST /session/238fc7fdfbc7ddd3047b28b6e8a40f5c/elements - {"using":"xpath","value":"//button[@data-kt=\"addButton\"]"}
RESULT: {"using":"xpath","value":"//button[@data-kt=\"addButton\"]"}
COMMAND: POST /session/238fc7fdfbc7ddd3047b28b6e8a40f5c/elements - {"using":"xpath","value":"//button[@data-kt=\"addButton\"]"}
RESULT: {"using":"xpath","value":"//button[@data-kt=\"addButton\"]"}
COMMAND: POST /session/238fc7fdfbc7ddd3047b28b6e8a40f5c/elements - {"using":"xpath","value":"//button[@data-kt=\"addButton\"]"}
RESULT: {"using":"xpath","value":"//button[@data-kt=\"addButton\"]"}
COMMAND: POST /session/238fc7fdfbc7ddd3047b28b6e8a40f5c/elements - {"using":"xpath","value":"//button[@data-kt=\"addButton\"]"}
RESULT: {"using":"xpath","value":"//button[@data-kt=\"addButton\"]"}
COMMAND: POST /session/238fc7fdfbc7ddd3047b28b6e8a40f5c/elements - {"using":"xpath","value":"//button[@data-kt=\"addButton\"]"}
RESULT: {"using":"xpath","value":"//button[@data-kt=\"addButton\"]"}
COMMAND: POST /session/238fc7fdfbc7ddd3047b28b6e8a40f5c/elements - {"using":"xpath","value":"//button[@data-kt=\"addButton\"]"}
RESULT: {"using":"xpath","value":"//button[@data-kt=\"addButton\"]"}
COMMAND: POST /session/238fc7fdfbc7ddd3047b28b6e8a40f5c/elements - {"using":"xpath","value":"//button[@data-kt=\"addButton\"]"}
RESULT: {"using":"xpath","value":"//button[@data-kt=\"addButton\"]"}
COMMAND: POST /session/238fc7fdfbc7ddd3047b28b6e8a40f5c/elements - {"using":"xpath","value":"//button[@data-kt=\"addButton\"]"}
RESULT: {"using":"xpath","value":"//button[@data-kt=\"addButton\"]"}
COMMAND: POST /session/238fc7fdfbc7ddd3047b28b6e8a40f5c/elements - {"using":"xpath","value":"//button[@data-kt=\"addButton\"]"}
RESULT: {"using":"xpath","value":"//button[@data-kt=\"addButton\"]"}
COMMAND: POST /session/238fc7fdfbc7ddd3047b28b6e8a40f5c/elements - {"using":"xpath","value":"//button[@data-kt=\"addButton\"]"}
RESULT: {"using":"xpath","value":"//button[@data-kt=\"addButton\"]"}
COMMAND: POST /session/238fc7fdfbc7ddd3047b28b6e8a40f5c/elements - {"using":"xpath","value":"//button[@data-kt=\"addButton\"]"}
RESULT: {"using":"xpath","value":"//button[@data-kt=\"addButton\"]"}
COMMAND: POST /session/238fc7fdfbc7ddd3047b28b6e8a40f5c/elements - {"using":"xpath","value":"//button[@data-kt=\"addButton\"]"}
RESULT: {"using":"xpath","value":"//button[@data-kt=\"addButton\"]"}
COMMAND: POST /session/238fc7fdfbc7ddd3047b28b6e8a40f5c/elements - {"using":"xpath","value":"//button[@data-kt=\"addButton\"]"}
RESULT: {"using":"xpath","value":"//button[@data-kt=\"addButton\"]"}
COMMAND: POST /session/238fc7fdfbc7ddd3047b28b6e8a40f5c/elements - {"using":"xpath","value":"//button[@data-kt=\"addButton\"]"}
RESULT: {"using":"xpath","value":"//button[@data-kt=\"addButton\"]"}
COMMAND: POST /session/238fc7fdfbc7ddd3047b28b6e8a40f5c/elements - {"using":"xpath","value":"//button[@data-kt=\"addButton\"]"}
RESULT: {"using":"xpath","value":"//button[@data-kt=\"addButton\"]"}
COMMAND: POST /session/238fc7fdfbc7ddd3047b28b6e8a40f5c/elements - {"using":"xpath","value":"//button[@data-kt=\"addButton\"]"}
RESULT: {"using":"xpath","value":"//button[@data-kt=\"addButton\"]"}
COMMAND: POST /session/238fc7fdfbc7ddd3047b28b6e8a40f5c/elements - {"using":"xpath","value":"//button[@data-kt=\"addButton\"]"}
RESULT: {"using":"xpath","value":"//button[@data-kt=\"addButton\"]"}
COMMAND: POST /session/238fc7fdfbc7ddd3047b28b6e8a40f5c/elements - {"using":"xpath","value":"//button[@data-kt=\"addButton\"]"}
RESULT: {"using":"xpath","value":"//button[@data-kt=\"addButton\"]"}
COMMAND: POST /session/238fc7fdfbc7ddd3047b28b6e8a40f5c/elements - {"using":"xpath","value":"//button[@data-kt=\"addButton\"]"}
RESULT: {"using":"xpath","value":"//button[@data-kt=\"addButton\"]"}
COMMAND: POST /session/238fc7fdfbc7ddd3047b28b6e8a40f5c/elements - {"using":"xpath","value":"//button[@data-kt=\"addButton\"]"}
RESULT: {"using":"xpath","value":"//button[@data-kt=\"addButton\"]"}
COMMAND: POST /session/238fc7fdfbc7ddd3047b28b6e8a40f5c/elements - {"using":"xpath","value":"//button[@data-kt=\"addButton\"]"}
RESULT: {"using":"xpath","value":"//button[@data-kt=\"addButton\"]"}
COMMAND: POST /session/238fc7fdfbc7ddd3047b28b6e8a40f5c/elements - {"using":"xpath","value":"//button[@data-kt=\"addButton\"]"}
RESULT: {"using":"xpath","value":"//button[@data-kt=\"addButton\"]"}
COMMAND: POST /session/238fc7fdfbc7ddd3047b28b6e8a40f5c/elements - {"using":"xpath","value":"//button[@data-kt=\"addButton\"]"}
RESULT: {"using":"xpath","value":"//button[@data-kt=\"addButton\"]"}
COMMAND: POST /session/238fc7fdfbc7ddd3047b28b6e8a40f5c/elements - {"using":"xpath","value":"//button[@data-kt=\"addButton\"]"}
RESULT: {"using":"xpath","value":"//button[@data-kt=\"addButton\"]"}
COMMAND: POST /session/238fc7fdfbc7ddd3047b28b6e8a40f5c/elements - {"using":"xpath","value":"//button[@data-kt=\"addButton\"]"}
RESULT: {"using":"xpath","value":"//button[@data-kt=\"addButton\"]"}
COMMAND: POST /session/238fc7fdfbc7ddd3047b28b6e8a40f5c/elements - {"using":"xpath","value":"//button[@data-kt=\"addButton\"]"}
RESULT: {"using":"xpath","value":"//button[@data-kt=\"addButton\"]"}
COMMAND: POST /session/238fc7fdfbc7ddd3047b28b6e8a40f5c/elements - {"using":"xpath","value":"//button[@data-kt=\"addButton\"]"}
RESULT: {"using":"xpath","value":"//button[@data-kt=\"addButton\"]"}
COMMAND: POST /session/238fc7fdfbc7ddd3047b28b6e8a40f5c/elements - {"using":"xpath","value":"//button[@data-kt=\"addButton\"]"}
RESULT: {"using":"xpath","value":"//button[@data-kt=\"addButton\"]"}
COMMAND: POST /session/238fc7fdfbc7ddd3047b28b6e8a40f5c/elements - {"using":"xpath","value":"//button[@data-kt=\"addButton\"]"}
RESULT: {"using":"xpath","value":"//button[@data-kt=\"addButton\"]"}
COMMAND: POST /session/238fc7fdfbc7ddd3047b28b6e8a40f5c/elements - {"using":"xpath","value":"//button[@data-kt=\"addButton\"]"}
COMMAND: GET /session/238fc7fdfbc7ddd3047b28b6e8a40f5c/screenshot - {}
RESULT: {"using":"xpath","value":"//button[@data-kt=\"addButton\"]"}
RESULT: {}
]]></system-out>
      <system-err><![CDATA[
Error: element ("//button[@data-kt="addButton"]") still not existing after 45000ms
    at async UtilsPrerequisites.partnerCreation (D:\a\1\s\test\specs\BTS\prerequisites-and-utils-functions.js:387:9)
    at async Context.<anonymous> (D:\a\1\s\test\specs\BTS\manage-partners.spec.js:23:47)
]]></system-err>
    </testcase>
    <testcase classname="chrome.136_0_7103_49.windows.Partner_specific_tests_US150819_US151080_US151654_US151176_US103444_US151078_US151079_US151109_US151174_US151175_US151189" name="Should create new external partner US150819" time="55.489">
      <skipped />
      <system-out><![CDATA[
COMMAND: POST /session/238fc7fdfbc7ddd3047b28b6e8a40f5c/element - {"using":"xpath","value":"//li[.//span[text()=\"Manage Partners\"]]"}
RESULT: {"using":"xpath","value":"//li[.//span[text()=\"Manage Partners\"]]"}
COMMAND: POST /session/238fc7fdfbc7ddd3047b28b6e8a40f5c/element - {"using":"xpath","value":"//li[.//span[text()=\"Manage Partners\"]]"}
RESULT: {"using":"xpath","value":"//li[.//span[text()=\"Manage Partners\"]]"}
COMMAND: POST /session/238fc7fdfbc7ddd3047b28b6e8a40f5c/element - {"using":"css selector","value":"#shell-header-logo"}
RESULT: {"using":"css selector","value":"#shell-header-logo"}
COMMAND: POST /session/238fc7fdfbc7ddd3047b28b6e8a40f5c/element/f.EAD3BD8A607B3C6B0F6571D6E04F04B4.d.7BA4A0B2CE5E3B51676170DEA9A017EC.e.273/click - {}
COMMAND: POST /session/238fc7fdfbc7ddd3047b28b6e8a40f5c/execute/sync - {"script":"<script> [8489 bytes]","args":[{"element-6066-11e4-a52e-4f735466cecf":"f.EAD3BD8A607B3C6B0F6571D6E04F04B4.d.7BA4A0B2CE5E3B51676170DEA9A017EC.e.273","ELEMENT":"f.EAD3BD8A607B3C6B0F6571D6E04F04B4.d.7BA4A0B2CE5E3B51676170DEA9A017EC.e.273"}]}
RESULT: {"script":"<script> [8489 bytes]","args":[{"element-6066-11e4-a52e-4f735466cecf":"f.EAD3BD8A607B3C6B0F6571D6E04F04B4.d.7BA4A0B2CE5E3B51676170DEA9A017EC.e.273","ELEMENT":"f.EAD3BD8A607B3C6B0F6571D6E04F04B4.d.7BA4A0B2CE5E3B51676170DEA9A017EC.e.273"}]}
COMMAND: POST /session/238fc7fdfbc7ddd3047b28b6e8a40f5c/execute/sync - {"script":"<script> [5351 bytes]","args":[{"element-6066-11e4-a52e-4f735466cecf":"f.EAD3BD8A607B3C6B0F6571D6E04F04B4.d.7BA4A0B2CE5E3B51676170DEA9A017EC.e.273","ELEMENT":"f.EAD3BD8A607B3C6B0F6571D6E04F04B4.d.7BA4A0B2CE5E3B51676170DEA9A017EC.e.273"}]}
COMMAND: GET /session/238fc7fdfbc7ddd3047b28b6e8a40f5c/screenshot - {}
RESULT: {"script":"<script> [5351 bytes]","args":[{"element-6066-11e4-a52e-4f735466cecf":"f.EAD3BD8A607B3C6B0F6571D6E04F04B4.d.7BA4A0B2CE5E3B51676170DEA9A017EC.e.273","ELEMENT":"f.EAD3BD8A607B3C6B0F6571D6E04F04B4.d.7BA4A0B2CE5E3B51676170DEA9A017EC.e.273"}]}
COMMAND: GET /session/238fc7fdfbc7ddd3047b28b6e8a40f5c/screenshot - {}
RESULT: {}
RESULT: {}
COMMAND: POST /session/238fc7fdfbc7ddd3047b28b6e8a40f5c/window/fullscreen - {}
RESULT: {}
RESULT: undefined
COMMAND: POST /session/238fc7fdfbc7ddd3047b28b6e8a40f5c/element - {"using":"xpath","value":"//button[@data-kt=\"addButton\"]"}
RESULT: {"using":"xpath","value":"//button[@data-kt=\"addButton\"]"}
COMMAND: POST /session/238fc7fdfbc7ddd3047b28b6e8a40f5c/elements - {"using":"xpath","value":"//button[@data-kt=\"addButton\"]"}
RESULT: {"using":"xpath","value":"//button[@data-kt=\"addButton\"]"}
COMMAND: POST /session/238fc7fdfbc7ddd3047b28b6e8a40f5c/elements - {"using":"xpath","value":"//button[@data-kt=\"addButton\"]"}
RESULT: {"using":"xpath","value":"//button[@data-kt=\"addButton\"]"}
COMMAND: POST /session/238fc7fdfbc7ddd3047b28b6e8a40f5c/elements - {"using":"xpath","value":"//button[@data-kt=\"addButton\"]"}
RESULT: {"using":"xpath","value":"//button[@data-kt=\"addButton\"]"}
COMMAND: POST /session/238fc7fdfbc7ddd3047b28b6e8a40f5c/elements - {"using":"xpath","value":"//button[@data-kt=\"addButton\"]"}
RESULT: {"using":"xpath","value":"//button[@data-kt=\"addButton\"]"}
COMMAND: POST /session/238fc7fdfbc7ddd3047b28b6e8a40f5c/elements - {"using":"xpath","value":"//button[@data-kt=\"addButton\"]"}
RESULT: {"using":"xpath","value":"//button[@data-kt=\"addButton\"]"}
COMMAND: POST /session/238fc7fdfbc7ddd3047b28b6e8a40f5c/elements - {"using":"xpath","value":"//button[@data-kt=\"addButton\"]"}
RESULT: {"using":"xpath","value":"//button[@data-kt=\"addButton\"]"}
COMMAND: POST /session/238fc7fdfbc7ddd3047b28b6e8a40f5c/elements - {"using":"xpath","value":"//button[@data-kt=\"addButton\"]"}
RESULT: {"using":"xpath","value":"//button[@data-kt=\"addButton\"]"}
COMMAND: POST /session/238fc7fdfbc7ddd3047b28b6e8a40f5c/elements - {"using":"xpath","value":"//button[@data-kt=\"addButton\"]"}
RESULT: {"using":"xpath","value":"//button[@data-kt=\"addButton\"]"}
COMMAND: POST /session/238fc7fdfbc7ddd3047b28b6e8a40f5c/elements - {"using":"xpath","value":"//button[@data-kt=\"addButton\"]"}
RESULT: {"using":"xpath","value":"//button[@data-kt=\"addButton\"]"}
COMMAND: POST /session/238fc7fdfbc7ddd3047b28b6e8a40f5c/elements - {"using":"xpath","value":"//button[@data-kt=\"addButton\"]"}
RESULT: {"using":"xpath","value":"//button[@data-kt=\"addButton\"]"}
COMMAND: POST /session/238fc7fdfbc7ddd3047b28b6e8a40f5c/elements - {"using":"xpath","value":"//button[@data-kt=\"addButton\"]"}
RESULT: {"using":"xpath","value":"//button[@data-kt=\"addButton\"]"}
COMMAND: POST /session/238fc7fdfbc7ddd3047b28b6e8a40f5c/elements - {"using":"xpath","value":"//button[@data-kt=\"addButton\"]"}
RESULT: {"using":"xpath","value":"//button[@data-kt=\"addButton\"]"}
COMMAND: POST /session/238fc7fdfbc7ddd3047b28b6e8a40f5c/elements - {"using":"xpath","value":"//button[@data-kt=\"addButton\"]"}
RESULT: {"using":"xpath","value":"//button[@data-kt=\"addButton\"]"}
COMMAND: POST /session/238fc7fdfbc7ddd3047b28b6e8a40f5c/elements - {"using":"xpath","value":"//button[@data-kt=\"addButton\"]"}
RESULT: {"using":"xpath","value":"//button[@data-kt=\"addButton\"]"}
COMMAND: POST /session/238fc7fdfbc7ddd3047b28b6e8a40f5c/elements - {"using":"xpath","value":"//button[@data-kt=\"addButton\"]"}
RESULT: {"using":"xpath","value":"//button[@data-kt=\"addButton\"]"}
COMMAND: POST /session/238fc7fdfbc7ddd3047b28b6e8a40f5c/elements - {"using":"xpath","value":"//button[@data-kt=\"addButton\"]"}
RESULT: {"using":"xpath","value":"//button[@data-kt=\"addButton\"]"}
COMMAND: POST /session/238fc7fdfbc7ddd3047b28b6e8a40f5c/elements - {"using":"xpath","value":"//button[@data-kt=\"addButton\"]"}
RESULT: {"using":"xpath","value":"//button[@data-kt=\"addButton\"]"}
COMMAND: POST /session/238fc7fdfbc7ddd3047b28b6e8a40f5c/elements - {"using":"xpath","value":"//button[@data-kt=\"addButton\"]"}
RESULT: {"using":"xpath","value":"//button[@data-kt=\"addButton\"]"}
COMMAND: POST /session/238fc7fdfbc7ddd3047b28b6e8a40f5c/elements - {"using":"xpath","value":"//button[@data-kt=\"addButton\"]"}
RESULT: {"using":"xpath","value":"//button[@data-kt=\"addButton\"]"}
COMMAND: POST /session/238fc7fdfbc7ddd3047b28b6e8a40f5c/elements - {"using":"xpath","value":"//button[@data-kt=\"addButton\"]"}
RESULT: {"using":"xpath","value":"//button[@data-kt=\"addButton\"]"}
COMMAND: POST /session/238fc7fdfbc7ddd3047b28b6e8a40f5c/elements - {"using":"xpath","value":"//button[@data-kt=\"addButton\"]"}
RESULT: {"using":"xpath","value":"//button[@data-kt=\"addButton\"]"}
COMMAND: POST /session/238fc7fdfbc7ddd3047b28b6e8a40f5c/elements - {"using":"xpath","value":"//button[@data-kt=\"addButton\"]"}
RESULT: {"using":"xpath","value":"//button[@data-kt=\"addButton\"]"}
COMMAND: POST /session/238fc7fdfbc7ddd3047b28b6e8a40f5c/elements - {"using":"xpath","value":"//button[@data-kt=\"addButton\"]"}
RESULT: {"using":"xpath","value":"//button[@data-kt=\"addButton\"]"}
COMMAND: POST /session/238fc7fdfbc7ddd3047b28b6e8a40f5c/elements - {"using":"xpath","value":"//button[@data-kt=\"addButton\"]"}
RESULT: {"using":"xpath","value":"//button[@data-kt=\"addButton\"]"}
COMMAND: POST /session/238fc7fdfbc7ddd3047b28b6e8a40f5c/elements - {"using":"xpath","value":"//button[@data-kt=\"addButton\"]"}
RESULT: {"using":"xpath","value":"//button[@data-kt=\"addButton\"]"}
COMMAND: POST /session/238fc7fdfbc7ddd3047b28b6e8a40f5c/elements - {"using":"xpath","value":"//button[@data-kt=\"addButton\"]"}
RESULT: {"using":"xpath","value":"//button[@data-kt=\"addButton\"]"}
COMMAND: POST /session/238fc7fdfbc7ddd3047b28b6e8a40f5c/elements - {"using":"xpath","value":"//button[@data-kt=\"addButton\"]"}
RESULT: {"using":"xpath","value":"//button[@data-kt=\"addButton\"]"}
COMMAND: POST /session/238fc7fdfbc7ddd3047b28b6e8a40f5c/elements - {"using":"xpath","value":"//button[@data-kt=\"addButton\"]"}
RESULT: {"using":"xpath","value":"//button[@data-kt=\"addButton\"]"}
COMMAND: POST /session/238fc7fdfbc7ddd3047b28b6e8a40f5c/elements - {"using":"xpath","value":"//button[@data-kt=\"addButton\"]"}
RESULT: {"using":"xpath","value":"//button[@data-kt=\"addButton\"]"}
COMMAND: POST /session/238fc7fdfbc7ddd3047b28b6e8a40f5c/elements - {"using":"xpath","value":"//button[@data-kt=\"addButton\"]"}
RESULT: {"using":"xpath","value":"//button[@data-kt=\"addButton\"]"}
COMMAND: POST /session/238fc7fdfbc7ddd3047b28b6e8a40f5c/elements - {"using":"xpath","value":"//button[@data-kt=\"addButton\"]"}
RESULT: {"using":"xpath","value":"//button[@data-kt=\"addButton\"]"}
COMMAND: POST /session/238fc7fdfbc7ddd3047b28b6e8a40f5c/elements - {"using":"xpath","value":"//button[@data-kt=\"addButton\"]"}
RESULT: {"using":"xpath","value":"//button[@data-kt=\"addButton\"]"}
COMMAND: POST /session/238fc7fdfbc7ddd3047b28b6e8a40f5c/elements - {"using":"xpath","value":"//button[@data-kt=\"addButton\"]"}
RESULT: {"using":"xpath","value":"//button[@data-kt=\"addButton\"]"}
COMMAND: POST /session/238fc7fdfbc7ddd3047b28b6e8a40f5c/elements - {"using":"xpath","value":"//button[@data-kt=\"addButton\"]"}
RESULT: {"using":"xpath","value":"//button[@data-kt=\"addButton\"]"}
COMMAND: POST /session/238fc7fdfbc7ddd3047b28b6e8a40f5c/elements - {"using":"xpath","value":"//button[@data-kt=\"addButton\"]"}
RESULT: {"using":"xpath","value":"//button[@data-kt=\"addButton\"]"}
COMMAND: POST /session/238fc7fdfbc7ddd3047b28b6e8a40f5c/elements - {"using":"xpath","value":"//button[@data-kt=\"addButton\"]"}
RESULT: {"using":"xpath","value":"//button[@data-kt=\"addButton\"]"}
COMMAND: POST /session/238fc7fdfbc7ddd3047b28b6e8a40f5c/elements - {"using":"xpath","value":"//button[@data-kt=\"addButton\"]"}
RESULT: {"using":"xpath","value":"//button[@data-kt=\"addButton\"]"}
COMMAND: POST /session/238fc7fdfbc7ddd3047b28b6e8a40f5c/elements - {"using":"xpath","value":"//button[@data-kt=\"addButton\"]"}
RESULT: {"using":"xpath","value":"//button[@data-kt=\"addButton\"]"}
COMMAND: POST /session/238fc7fdfbc7ddd3047b28b6e8a40f5c/elements - {"using":"xpath","value":"//button[@data-kt=\"addButton\"]"}
RESULT: {"using":"xpath","value":"//button[@data-kt=\"addButton\"]"}
COMMAND: POST /session/238fc7fdfbc7ddd3047b28b6e8a40f5c/elements - {"using":"xpath","value":"//button[@data-kt=\"addButton\"]"}
RESULT: {"using":"xpath","value":"//button[@data-kt=\"addButton\"]"}
COMMAND: POST /session/238fc7fdfbc7ddd3047b28b6e8a40f5c/elements - {"using":"xpath","value":"//button[@data-kt=\"addButton\"]"}
RESULT: {"using":"xpath","value":"//button[@data-kt=\"addButton\"]"}
COMMAND: POST /session/238fc7fdfbc7ddd3047b28b6e8a40f5c/elements - {"using":"xpath","value":"//button[@data-kt=\"addButton\"]"}
RESULT: {"using":"xpath","value":"//button[@data-kt=\"addButton\"]"}
COMMAND: POST /session/238fc7fdfbc7ddd3047b28b6e8a40f5c/elements - {"using":"xpath","value":"//button[@data-kt=\"addButton\"]"}
RESULT: {"using":"xpath","value":"//button[@data-kt=\"addButton\"]"}
COMMAND: POST /session/238fc7fdfbc7ddd3047b28b6e8a40f5c/elements - {"using":"xpath","value":"//button[@data-kt=\"addButton\"]"}
RESULT: {"using":"xpath","value":"//button[@data-kt=\"addButton\"]"}
COMMAND: POST /session/238fc7fdfbc7ddd3047b28b6e8a40f5c/elements - {"using":"xpath","value":"//button[@data-kt=\"addButton\"]"}
RESULT: {"using":"xpath","value":"//button[@data-kt=\"addButton\"]"}
COMMAND: POST /session/238fc7fdfbc7ddd3047b28b6e8a40f5c/elements - {"using":"xpath","value":"//button[@data-kt=\"addButton\"]"}
RESULT: {"using":"xpath","value":"//button[@data-kt=\"addButton\"]"}
COMMAND: POST /session/238fc7fdfbc7ddd3047b28b6e8a40f5c/elements - {"using":"xpath","value":"//button[@data-kt=\"addButton\"]"}
RESULT: {"using":"xpath","value":"//button[@data-kt=\"addButton\"]"}
COMMAND: POST /session/238fc7fdfbc7ddd3047b28b6e8a40f5c/elements - {"using":"xpath","value":"//button[@data-kt=\"addButton\"]"}
RESULT: {"using":"xpath","value":"//button[@data-kt=\"addButton\"]"}
COMMAND: POST /session/238fc7fdfbc7ddd3047b28b6e8a40f5c/elements - {"using":"xpath","value":"//button[@data-kt=\"addButton\"]"}
RESULT: {"using":"xpath","value":"//button[@data-kt=\"addButton\"]"}
COMMAND: POST /session/238fc7fdfbc7ddd3047b28b6e8a40f5c/elements - {"using":"xpath","value":"//button[@data-kt=\"addButton\"]"}
RESULT: {"using":"xpath","value":"//button[@data-kt=\"addButton\"]"}
COMMAND: POST /session/238fc7fdfbc7ddd3047b28b6e8a40f5c/elements - {"using":"xpath","value":"//button[@data-kt=\"addButton\"]"}
RESULT: {"using":"xpath","value":"//button[@data-kt=\"addButton\"]"}
COMMAND: POST /session/238fc7fdfbc7ddd3047b28b6e8a40f5c/elements - {"using":"xpath","value":"//button[@data-kt=\"addButton\"]"}
RESULT: {"using":"xpath","value":"//button[@data-kt=\"addButton\"]"}
COMMAND: POST /session/238fc7fdfbc7ddd3047b28b6e8a40f5c/elements - {"using":"xpath","value":"//button[@data-kt=\"addButton\"]"}
RESULT: {"using":"xpath","value":"//button[@data-kt=\"addButton\"]"}
COMMAND: POST /session/238fc7fdfbc7ddd3047b28b6e8a40f5c/elements - {"using":"xpath","value":"//button[@data-kt=\"addButton\"]"}
RESULT: {"using":"xpath","value":"//button[@data-kt=\"addButton\"]"}
COMMAND: POST /session/238fc7fdfbc7ddd3047b28b6e8a40f5c/elements - {"using":"xpath","value":"//button[@data-kt=\"addButton\"]"}
RESULT: {"using":"xpath","value":"//button[@data-kt=\"addButton\"]"}
COMMAND: POST /session/238fc7fdfbc7ddd3047b28b6e8a40f5c/elements - {"using":"xpath","value":"//button[@data-kt=\"addButton\"]"}
RESULT: {"using":"xpath","value":"//button[@data-kt=\"addButton\"]"}
COMMAND: POST /session/238fc7fdfbc7ddd3047b28b6e8a40f5c/elements - {"using":"xpath","value":"//button[@data-kt=\"addButton\"]"}
RESULT: {"using":"xpath","value":"//button[@data-kt=\"addButton\"]"}
COMMAND: POST /session/238fc7fdfbc7ddd3047b28b6e8a40f5c/elements - {"using":"xpath","value":"//button[@data-kt=\"addButton\"]"}
RESULT: {"using":"xpath","value":"//button[@data-kt=\"addButton\"]"}
COMMAND: POST /session/238fc7fdfbc7ddd3047b28b6e8a40f5c/elements - {"using":"xpath","value":"//button[@data-kt=\"addButton\"]"}
RESULT: {"using":"xpath","value":"//button[@data-kt=\"addButton\"]"}
COMMAND: POST /session/238fc7fdfbc7ddd3047b28b6e8a40f5c/elements - {"using":"xpath","value":"//button[@data-kt=\"addButton\"]"}
RESULT: {"using":"xpath","value":"//button[@data-kt=\"addButton\"]"}
COMMAND: POST /session/238fc7fdfbc7ddd3047b28b6e8a40f5c/elements - {"using":"xpath","value":"//button[@data-kt=\"addButton\"]"}
RESULT: {"using":"xpath","value":"//button[@data-kt=\"addButton\"]"}
COMMAND: POST /session/238fc7fdfbc7ddd3047b28b6e8a40f5c/elements - {"using":"xpath","value":"//button[@data-kt=\"addButton\"]"}
RESULT: {"using":"xpath","value":"//button[@data-kt=\"addButton\"]"}
COMMAND: POST /session/238fc7fdfbc7ddd3047b28b6e8a40f5c/elements - {"using":"xpath","value":"//button[@data-kt=\"addButton\"]"}
RESULT: {"using":"xpath","value":"//button[@data-kt=\"addButton\"]"}
COMMAND: POST /session/238fc7fdfbc7ddd3047b28b6e8a40f5c/elements - {"using":"xpath","value":"//button[@data-kt=\"addButton\"]"}
RESULT: {"using":"xpath","value":"//button[@data-kt=\"addButton\"]"}
COMMAND: POST /session/238fc7fdfbc7ddd3047b28b6e8a40f5c/elements - {"using":"xpath","value":"//button[@data-kt=\"addButton\"]"}
RESULT: {"using":"xpath","value":"//button[@data-kt=\"addButton\"]"}
COMMAND: POST /session/238fc7fdfbc7ddd3047b28b6e8a40f5c/elements - {"using":"xpath","value":"//button[@data-kt=\"addButton\"]"}
RESULT: {"using":"xpath","value":"//button[@data-kt=\"addButton\"]"}
COMMAND: POST /session/238fc7fdfbc7ddd3047b28b6e8a40f5c/elements - {"using":"xpath","value":"//button[@data-kt=\"addButton\"]"}
RESULT: {"using":"xpath","value":"//button[@data-kt=\"addButton\"]"}
COMMAND: POST /session/238fc7fdfbc7ddd3047b28b6e8a40f5c/elements - {"using":"xpath","value":"//button[@data-kt=\"addButton\"]"}
RESULT: {"using":"xpath","value":"//button[@data-kt=\"addButton\"]"}
COMMAND: POST /session/238fc7fdfbc7ddd3047b28b6e8a40f5c/elements - {"using":"xpath","value":"//button[@data-kt=\"addButton\"]"}
RESULT: {"using":"xpath","value":"//button[@data-kt=\"addButton\"]"}
COMMAND: POST /session/238fc7fdfbc7ddd3047b28b6e8a40f5c/elements - {"using":"xpath","value":"//button[@data-kt=\"addButton\"]"}
RESULT: {"using":"xpath","value":"//button[@data-kt=\"addButton\"]"}
COMMAND: POST /session/238fc7fdfbc7ddd3047b28b6e8a40f5c/elements - {"using":"xpath","value":"//button[@data-kt=\"addButton\"]"}
RESULT: {"using":"xpath","value":"//button[@data-kt=\"addButton\"]"}
COMMAND: POST /session/238fc7fdfbc7ddd3047b28b6e8a40f5c/elements - {"using":"xpath","value":"//button[@data-kt=\"addButton\"]"}
RESULT: {"using":"xpath","value":"//button[@data-kt=\"addButton\"]"}
COMMAND: POST /session/238fc7fdfbc7ddd3047b28b6e8a40f5c/elements - {"using":"xpath","value":"//button[@data-kt=\"addButton\"]"}
RESULT: {"using":"xpath","value":"//button[@data-kt=\"addButton\"]"}
COMMAND: POST /session/238fc7fdfbc7ddd3047b28b6e8a40f5c/elements - {"using":"xpath","value":"//button[@data-kt=\"addButton\"]"}
RESULT: {"using":"xpath","value":"//button[@data-kt=\"addButton\"]"}
COMMAND: POST /session/238fc7fdfbc7ddd3047b28b6e8a40f5c/elements - {"using":"xpath","value":"//button[@data-kt=\"addButton\"]"}
RESULT: {"using":"xpath","value":"//button[@data-kt=\"addButton\"]"}
COMMAND: POST /session/238fc7fdfbc7ddd3047b28b6e8a40f5c/elements - {"using":"xpath","value":"//button[@data-kt=\"addButton\"]"}
RESULT: {"using":"xpath","value":"//button[@data-kt=\"addButton\"]"}
COMMAND: POST /session/238fc7fdfbc7ddd3047b28b6e8a40f5c/elements - {"using":"xpath","value":"//button[@data-kt=\"addButton\"]"}
RESULT: {"using":"xpath","value":"//button[@data-kt=\"addButton\"]"}
COMMAND: POST /session/238fc7fdfbc7ddd3047b28b6e8a40f5c/elements - {"using":"xpath","value":"//button[@data-kt=\"addButton\"]"}
RESULT: {"using":"xpath","value":"//button[@data-kt=\"addButton\"]"}
COMMAND: POST /session/238fc7fdfbc7ddd3047b28b6e8a40f5c/elements - {"using":"xpath","value":"//button[@data-kt=\"addButton\"]"}
RESULT: {"using":"xpath","value":"//button[@data-kt=\"addButton\"]"}
COMMAND: POST /session/238fc7fdfbc7ddd3047b28b6e8a40f5c/elements - {"using":"xpath","value":"//button[@data-kt=\"addButton\"]"}
RESULT: {"using":"xpath","value":"//button[@data-kt=\"addButton\"]"}
COMMAND: POST /session/238fc7fdfbc7ddd3047b28b6e8a40f5c/elements - {"using":"xpath","value":"//button[@data-kt=\"addButton\"]"}
RESULT: {"using":"xpath","value":"//button[@data-kt=\"addButton\"]"}
COMMAND: POST /session/238fc7fdfbc7ddd3047b28b6e8a40f5c/elements - {"using":"xpath","value":"//button[@data-kt=\"addButton\"]"}
RESULT: {"using":"xpath","value":"//button[@data-kt=\"addButton\"]"}
COMMAND: POST /session/238fc7fdfbc7ddd3047b28b6e8a40f5c/elements - {"using":"xpath","value":"//button[@data-kt=\"addButton\"]"}
RESULT: {"using":"xpath","value":"//button[@data-kt=\"addButton\"]"}
COMMAND: POST /session/238fc7fdfbc7ddd3047b28b6e8a40f5c/elements - {"using":"xpath","value":"//button[@data-kt=\"addButton\"]"}
RESULT: {"using":"xpath","value":"//button[@data-kt=\"addButton\"]"}
COMMAND: POST /session/238fc7fdfbc7ddd3047b28b6e8a40f5c/elements - {"using":"xpath","value":"//button[@data-kt=\"addButton\"]"}
RESULT: {"using":"xpath","value":"//button[@data-kt=\"addButton\"]"}
COMMAND: POST /session/238fc7fdfbc7ddd3047b28b6e8a40f5c/elements - {"using":"xpath","value":"//button[@data-kt=\"addButton\"]"}
RESULT: {"using":"xpath","value":"//button[@data-kt=\"addButton\"]"}
COMMAND: POST /session/238fc7fdfbc7ddd3047b28b6e8a40f5c/elements - {"using":"xpath","value":"//button[@data-kt=\"addButton\"]"}
RESULT: {"using":"xpath","value":"//button[@data-kt=\"addButton\"]"}
COMMAND: POST /session/238fc7fdfbc7ddd3047b28b6e8a40f5c/elements - {"using":"xpath","value":"//button[@data-kt=\"addButton\"]"}
RESULT: {"using":"xpath","value":"//button[@data-kt=\"addButton\"]"}
COMMAND: POST /session/238fc7fdfbc7ddd3047b28b6e8a40f5c/elements - {"using":"xpath","value":"//button[@data-kt=\"addButton\"]"}
RESULT: {"using":"xpath","value":"//button[@data-kt=\"addButton\"]"}
COMMAND: POST /session/238fc7fdfbc7ddd3047b28b6e8a40f5c/elements - {"using":"xpath","value":"//button[@data-kt=\"addButton\"]"}
RESULT: {"using":"xpath","value":"//button[@data-kt=\"addButton\"]"}
COMMAND: POST /session/238fc7fdfbc7ddd3047b28b6e8a40f5c/elements - {"using":"xpath","value":"//button[@data-kt=\"addButton\"]"}
COMMAND: GET /session/238fc7fdfbc7ddd3047b28b6e8a40f5c/screenshot - {}
RESULT: {"using":"xpath","value":"//button[@data-kt=\"addButton\"]"}
RESULT: {}
]]></system-out>
      <system-err><![CDATA[
Error: element ("//button[@data-kt="addButton"]") still not existing after 45000ms
    at async UtilsPrerequisites.partnerCreation (D:\a\1\s\test\specs\BTS\prerequisites-and-utils-functions.js:387:9)
    at async Context.<anonymous> (D:\a\1\s\test\specs\BTS\manage-partners.spec.js:23:47)
]]></system-err>
    </testcase>
    <testcase classname="chrome.136_0_7103_49.windows.Partner_specific_tests_US150819_US151080_US151654_US151176_US103444_US151078_US151079_US151109_US151174_US151175_US151189" name="Should filter and search partners US151080" time="55.925">
      <skipped />
      <system-out><![CDATA[
COMMAND: POST /session/238fc7fdfbc7ddd3047b28b6e8a40f5c/element - {"using":"xpath","value":"//li[.//span[text()=\"Manage Partners\"]]"}
RESULT: {}
RESULT: {"using":"xpath","value":"//li[.//span[text()=\"Manage Partners\"]]"}
COMMAND: POST /session/238fc7fdfbc7ddd3047b28b6e8a40f5c/element - {"using":"xpath","value":"//li[.//span[text()=\"Manage Partners\"]]"}
RESULT: {"using":"xpath","value":"//li[.//span[text()=\"Manage Partners\"]]"}
COMMAND: POST /session/238fc7fdfbc7ddd3047b28b6e8a40f5c/element - {"using":"css selector","value":"#shell-header-logo"}
RESULT: {"using":"css selector","value":"#shell-header-logo"}
COMMAND: POST /session/238fc7fdfbc7ddd3047b28b6e8a40f5c/element/f.EAD3BD8A607B3C6B0F6571D6E04F04B4.d.7BA4A0B2CE5E3B51676170DEA9A017EC.e.273/click - {}
COMMAND: POST /session/238fc7fdfbc7ddd3047b28b6e8a40f5c/execute/sync - {"script":"<script> [8489 bytes]","args":[{"element-6066-11e4-a52e-4f735466cecf":"f.EAD3BD8A607B3C6B0F6571D6E04F04B4.d.7BA4A0B2CE5E3B51676170DEA9A017EC.e.273","ELEMENT":"f.EAD3BD8A607B3C6B0F6571D6E04F04B4.d.7BA4A0B2CE5E3B51676170DEA9A017EC.e.273"}]}
RESULT: {"script":"<script> [8489 bytes]","args":[{"element-6066-11e4-a52e-4f735466cecf":"f.EAD3BD8A607B3C6B0F6571D6E04F04B4.d.7BA4A0B2CE5E3B51676170DEA9A017EC.e.273","ELEMENT":"f.EAD3BD8A607B3C6B0F6571D6E04F04B4.d.7BA4A0B2CE5E3B51676170DEA9A017EC.e.273"}]}
COMMAND: POST /session/238fc7fdfbc7ddd3047b28b6e8a40f5c/execute/sync - {"script":"<script> [5351 bytes]","args":[{"element-6066-11e4-a52e-4f735466cecf":"f.EAD3BD8A607B3C6B0F6571D6E04F04B4.d.7BA4A0B2CE5E3B51676170DEA9A017EC.e.273","ELEMENT":"f.EAD3BD8A607B3C6B0F6571D6E04F04B4.d.7BA4A0B2CE5E3B51676170DEA9A017EC.e.273"}]}
COMMAND: GET /session/238fc7fdfbc7ddd3047b28b6e8a40f5c/screenshot - {}
RESULT: {"script":"<script> [5351 bytes]","args":[{"element-6066-11e4-a52e-4f735466cecf":"f.EAD3BD8A607B3C6B0F6571D6E04F04B4.d.7BA4A0B2CE5E3B51676170DEA9A017EC.e.273","ELEMENT":"f.EAD3BD8A607B3C6B0F6571D6E04F04B4.d.7BA4A0B2CE5E3B51676170DEA9A017EC.e.273"}]}
COMMAND: GET /session/238fc7fdfbc7ddd3047b28b6e8a40f5c/screenshot - {}
RESULT: {}
RESULT: {}
RESULT: undefined
COMMAND: POST /session/238fc7fdfbc7ddd3047b28b6e8a40f5c/element - {"using":"xpath","value":"//button[@data-kt=\"addButton\"]"}
RESULT: {"using":"xpath","value":"//button[@data-kt=\"addButton\"]"}
COMMAND: POST /session/238fc7fdfbc7ddd3047b28b6e8a40f5c/elements - {"using":"xpath","value":"//button[@data-kt=\"addButton\"]"}
RESULT: {"using":"xpath","value":"//button[@data-kt=\"addButton\"]"}
COMMAND: POST /session/238fc7fdfbc7ddd3047b28b6e8a40f5c/elements - {"using":"xpath","value":"//button[@data-kt=\"addButton\"]"}
RESULT: {"using":"xpath","value":"//button[@data-kt=\"addButton\"]"}
COMMAND: POST /session/238fc7fdfbc7ddd3047b28b6e8a40f5c/elements - {"using":"xpath","value":"//button[@data-kt=\"addButton\"]"}
RESULT: {"using":"xpath","value":"//button[@data-kt=\"addButton\"]"}
COMMAND: POST /session/238fc7fdfbc7ddd3047b28b6e8a40f5c/elements - {"using":"xpath","value":"//button[@data-kt=\"addButton\"]"}
RESULT: {"using":"xpath","value":"//button[@data-kt=\"addButton\"]"}
COMMAND: POST /session/238fc7fdfbc7ddd3047b28b6e8a40f5c/elements - {"using":"xpath","value":"//button[@data-kt=\"addButton\"]"}
RESULT: {"using":"xpath","value":"//button[@data-kt=\"addButton\"]"}
COMMAND: POST /session/238fc7fdfbc7ddd3047b28b6e8a40f5c/elements - {"using":"xpath","value":"//button[@data-kt=\"addButton\"]"}
RESULT: {"using":"xpath","value":"//button[@data-kt=\"addButton\"]"}
COMMAND: POST /session/238fc7fdfbc7ddd3047b28b6e8a40f5c/elements - {"using":"xpath","value":"//button[@data-kt=\"addButton\"]"}
RESULT: {"using":"xpath","value":"//button[@data-kt=\"addButton\"]"}
COMMAND: POST /session/238fc7fdfbc7ddd3047b28b6e8a40f5c/elements - {"using":"xpath","value":"//button[@data-kt=\"addButton\"]"}
RESULT: {"using":"xpath","value":"//button[@data-kt=\"addButton\"]"}
COMMAND: POST /session/238fc7fdfbc7ddd3047b28b6e8a40f5c/elements - {"using":"xpath","value":"//button[@data-kt=\"addButton\"]"}
RESULT: {"using":"xpath","value":"//button[@data-kt=\"addButton\"]"}
COMMAND: POST /session/238fc7fdfbc7ddd3047b28b6e8a40f5c/elements - {"using":"xpath","value":"//button[@data-kt=\"addButton\"]"}
RESULT: {"using":"xpath","value":"//button[@data-kt=\"addButton\"]"}
COMMAND: POST /session/238fc7fdfbc7ddd3047b28b6e8a40f5c/elements - {"using":"xpath","value":"//button[@data-kt=\"addButton\"]"}
RESULT: {"using":"xpath","value":"//button[@data-kt=\"addButton\"]"}
COMMAND: POST /session/238fc7fdfbc7ddd3047b28b6e8a40f5c/elements - {"using":"xpath","value":"//button[@data-kt=\"addButton\"]"}
RESULT: {"using":"xpath","value":"//button[@data-kt=\"addButton\"]"}
COMMAND: POST /session/238fc7fdfbc7ddd3047b28b6e8a40f5c/elements - {"using":"xpath","value":"//button[@data-kt=\"addButton\"]"}
RESULT: {"using":"xpath","value":"//button[@data-kt=\"addButton\"]"}
COMMAND: POST /session/238fc7fdfbc7ddd3047b28b6e8a40f5c/elements - {"using":"xpath","value":"//button[@data-kt=\"addButton\"]"}
RESULT: {"using":"xpath","value":"//button[@data-kt=\"addButton\"]"}
COMMAND: POST /session/238fc7fdfbc7ddd3047b28b6e8a40f5c/elements - {"using":"xpath","value":"//button[@data-kt=\"addButton\"]"}
RESULT: {"using":"xpath","value":"//button[@data-kt=\"addButton\"]"}
COMMAND: POST /session/238fc7fdfbc7ddd3047b28b6e8a40f5c/elements - {"using":"xpath","value":"//button[@data-kt=\"addButton\"]"}
RESULT: {"using":"xpath","value":"//button[@data-kt=\"addButton\"]"}
COMMAND: POST /session/238fc7fdfbc7ddd3047b28b6e8a40f5c/elements - {"using":"xpath","value":"//button[@data-kt=\"addButton\"]"}
RESULT: {"using":"xpath","value":"//button[@data-kt=\"addButton\"]"}
COMMAND: POST /session/238fc7fdfbc7ddd3047b28b6e8a40f5c/elements - {"using":"xpath","value":"//button[@data-kt=\"addButton\"]"}
RESULT: {"using":"xpath","value":"//button[@data-kt=\"addButton\"]"}
COMMAND: POST /session/238fc7fdfbc7ddd3047b28b6e8a40f5c/elements - {"using":"xpath","value":"//button[@data-kt=\"addButton\"]"}
RESULT: {"using":"xpath","value":"//button[@data-kt=\"addButton\"]"}
COMMAND: POST /session/238fc7fdfbc7ddd3047b28b6e8a40f5c/elements - {"using":"xpath","value":"//button[@data-kt=\"addButton\"]"}
RESULT: {"using":"xpath","value":"//button[@data-kt=\"addButton\"]"}
COMMAND: POST /session/238fc7fdfbc7ddd3047b28b6e8a40f5c/elements - {"using":"xpath","value":"//button[@data-kt=\"addButton\"]"}
RESULT: {"using":"xpath","value":"//button[@data-kt=\"addButton\"]"}
COMMAND: POST /session/238fc7fdfbc7ddd3047b28b6e8a40f5c/elements - {"using":"xpath","value":"//button[@data-kt=\"addButton\"]"}
RESULT: {"using":"xpath","value":"//button[@data-kt=\"addButton\"]"}
COMMAND: POST /session/238fc7fdfbc7ddd3047b28b6e8a40f5c/elements - {"using":"xpath","value":"//button[@data-kt=\"addButton\"]"}
RESULT: {"using":"xpath","value":"//button[@data-kt=\"addButton\"]"}
COMMAND: POST /session/238fc7fdfbc7ddd3047b28b6e8a40f5c/elements - {"using":"xpath","value":"//button[@data-kt=\"addButton\"]"}
RESULT: {"using":"xpath","value":"//button[@data-kt=\"addButton\"]"}
COMMAND: POST /session/238fc7fdfbc7ddd3047b28b6e8a40f5c/elements - {"using":"xpath","value":"//button[@data-kt=\"addButton\"]"}
RESULT: {"using":"xpath","value":"//button[@data-kt=\"addButton\"]"}
COMMAND: POST /session/238fc7fdfbc7ddd3047b28b6e8a40f5c/elements - {"using":"xpath","value":"//button[@data-kt=\"addButton\"]"}
RESULT: {"using":"xpath","value":"//button[@data-kt=\"addButton\"]"}
COMMAND: POST /session/238fc7fdfbc7ddd3047b28b6e8a40f5c/elements - {"using":"xpath","value":"//button[@data-kt=\"addButton\"]"}
RESULT: {"using":"xpath","value":"//button[@data-kt=\"addButton\"]"}
COMMAND: POST /session/238fc7fdfbc7ddd3047b28b6e8a40f5c/elements - {"using":"xpath","value":"//button[@data-kt=\"addButton\"]"}
RESULT: {"using":"xpath","value":"//button[@data-kt=\"addButton\"]"}
COMMAND: POST /session/238fc7fdfbc7ddd3047b28b6e8a40f5c/elements - {"using":"xpath","value":"//button[@data-kt=\"addButton\"]"}
RESULT: {"using":"xpath","value":"//button[@data-kt=\"addButton\"]"}
COMMAND: POST /session/238fc7fdfbc7ddd3047b28b6e8a40f5c/elements - {"using":"xpath","value":"//button[@data-kt=\"addButton\"]"}
RESULT: {"using":"xpath","value":"//button[@data-kt=\"addButton\"]"}
COMMAND: POST /session/238fc7fdfbc7ddd3047b28b6e8a40f5c/elements - {"using":"xpath","value":"//button[@data-kt=\"addButton\"]"}
RESULT: {"using":"xpath","value":"//button[@data-kt=\"addButton\"]"}
COMMAND: POST /session/238fc7fdfbc7ddd3047b28b6e8a40f5c/elements - {"using":"xpath","value":"//button[@data-kt=\"addButton\"]"}
RESULT: {"using":"xpath","value":"//button[@data-kt=\"addButton\"]"}
COMMAND: POST /session/238fc7fdfbc7ddd3047b28b6e8a40f5c/elements - {"using":"xpath","value":"//button[@data-kt=\"addButton\"]"}
RESULT: {"using":"xpath","value":"//button[@data-kt=\"addButton\"]"}
COMMAND: POST /session/238fc7fdfbc7ddd3047b28b6e8a40f5c/elements - {"using":"xpath","value":"//button[@data-kt=\"addButton\"]"}
RESULT: {"using":"xpath","value":"//button[@data-kt=\"addButton\"]"}
COMMAND: POST /session/238fc7fdfbc7ddd3047b28b6e8a40f5c/elements - {"using":"xpath","value":"//button[@data-kt=\"addButton\"]"}
RESULT: {"using":"xpath","value":"//button[@data-kt=\"addButton\"]"}
COMMAND: POST /session/238fc7fdfbc7ddd3047b28b6e8a40f5c/elements - {"using":"xpath","value":"//button[@data-kt=\"addButton\"]"}
RESULT: {"using":"xpath","value":"//button[@data-kt=\"addButton\"]"}
COMMAND: POST /session/238fc7fdfbc7ddd3047b28b6e8a40f5c/elements - {"using":"xpath","value":"//button[@data-kt=\"addButton\"]"}
RESULT: {"using":"xpath","value":"//button[@data-kt=\"addButton\"]"}
COMMAND: POST /session/238fc7fdfbc7ddd3047b28b6e8a40f5c/elements - {"using":"xpath","value":"//button[@data-kt=\"addButton\"]"}
RESULT: {"using":"xpath","value":"//button[@data-kt=\"addButton\"]"}
COMMAND: POST /session/238fc7fdfbc7ddd3047b28b6e8a40f5c/elements - {"using":"xpath","value":"//button[@data-kt=\"addButton\"]"}
RESULT: {"using":"xpath","value":"//button[@data-kt=\"addButton\"]"}
COMMAND: POST /session/238fc7fdfbc7ddd3047b28b6e8a40f5c/elements - {"using":"xpath","value":"//button[@data-kt=\"addButton\"]"}
RESULT: {"using":"xpath","value":"//button[@data-kt=\"addButton\"]"}
COMMAND: POST /session/238fc7fdfbc7ddd3047b28b6e8a40f5c/elements - {"using":"xpath","value":"//button[@data-kt=\"addButton\"]"}
RESULT: {"using":"xpath","value":"//button[@data-kt=\"addButton\"]"}
COMMAND: POST /session/238fc7fdfbc7ddd3047b28b6e8a40f5c/elements - {"using":"xpath","value":"//button[@data-kt=\"addButton\"]"}
RESULT: {"using":"xpath","value":"//button[@data-kt=\"addButton\"]"}
COMMAND: POST /session/238fc7fdfbc7ddd3047b28b6e8a40f5c/elements - {"using":"xpath","value":"//button[@data-kt=\"addButton\"]"}
RESULT: {"using":"xpath","value":"//button[@data-kt=\"addButton\"]"}
COMMAND: POST /session/238fc7fdfbc7ddd3047b28b6e8a40f5c/elements - {"using":"xpath","value":"//button[@data-kt=\"addButton\"]"}
RESULT: {"using":"xpath","value":"//button[@data-kt=\"addButton\"]"}
COMMAND: POST /session/238fc7fdfbc7ddd3047b28b6e8a40f5c/elements - {"using":"xpath","value":"//button[@data-kt=\"addButton\"]"}
RESULT: {"using":"xpath","value":"//button[@data-kt=\"addButton\"]"}
COMMAND: POST /session/238fc7fdfbc7ddd3047b28b6e8a40f5c/elements - {"using":"xpath","value":"//button[@data-kt=\"addButton\"]"}
RESULT: {"using":"xpath","value":"//button[@data-kt=\"addButton\"]"}
COMMAND: POST /session/238fc7fdfbc7ddd3047b28b6e8a40f5c/elements - {"using":"xpath","value":"//button[@data-kt=\"addButton\"]"}
RESULT: {"using":"xpath","value":"//button[@data-kt=\"addButton\"]"}
COMMAND: POST /session/238fc7fdfbc7ddd3047b28b6e8a40f5c/elements - {"using":"xpath","value":"//button[@data-kt=\"addButton\"]"}
RESULT: {"using":"xpath","value":"//button[@data-kt=\"addButton\"]"}
COMMAND: POST /session/238fc7fdfbc7ddd3047b28b6e8a40f5c/elements - {"using":"xpath","value":"//button[@data-kt=\"addButton\"]"}
RESULT: {"using":"xpath","value":"//button[@data-kt=\"addButton\"]"}
COMMAND: POST /session/238fc7fdfbc7ddd3047b28b6e8a40f5c/elements - {"using":"xpath","value":"//button[@data-kt=\"addButton\"]"}
RESULT: {"using":"xpath","value":"//button[@data-kt=\"addButton\"]"}
COMMAND: POST /session/238fc7fdfbc7ddd3047b28b6e8a40f5c/elements - {"using":"xpath","value":"//button[@data-kt=\"addButton\"]"}
RESULT: {"using":"xpath","value":"//button[@data-kt=\"addButton\"]"}
COMMAND: POST /session/238fc7fdfbc7ddd3047b28b6e8a40f5c/elements - {"using":"xpath","value":"//button[@data-kt=\"addButton\"]"}
RESULT: {"using":"xpath","value":"//button[@data-kt=\"addButton\"]"}
COMMAND: POST /session/238fc7fdfbc7ddd3047b28b6e8a40f5c/elements - {"using":"xpath","value":"//button[@data-kt=\"addButton\"]"}
RESULT: {"using":"xpath","value":"//button[@data-kt=\"addButton\"]"}
COMMAND: POST /session/238fc7fdfbc7ddd3047b28b6e8a40f5c/elements - {"using":"xpath","value":"//button[@data-kt=\"addButton\"]"}
RESULT: {"using":"xpath","value":"//button[@data-kt=\"addButton\"]"}
COMMAND: POST /session/238fc7fdfbc7ddd3047b28b6e8a40f5c/elements - {"using":"xpath","value":"//button[@data-kt=\"addButton\"]"}
RESULT: {"using":"xpath","value":"//button[@data-kt=\"addButton\"]"}
COMMAND: POST /session/238fc7fdfbc7ddd3047b28b6e8a40f5c/elements - {"using":"xpath","value":"//button[@data-kt=\"addButton\"]"}
RESULT: {"using":"xpath","value":"//button[@data-kt=\"addButton\"]"}
COMMAND: POST /session/238fc7fdfbc7ddd3047b28b6e8a40f5c/elements - {"using":"xpath","value":"//button[@data-kt=\"addButton\"]"}
RESULT: {"using":"xpath","value":"//button[@data-kt=\"addButton\"]"}
COMMAND: POST /session/238fc7fdfbc7ddd3047b28b6e8a40f5c/elements - {"using":"xpath","value":"//button[@data-kt=\"addButton\"]"}
RESULT: {"using":"xpath","value":"//button[@data-kt=\"addButton\"]"}
COMMAND: POST /session/238fc7fdfbc7ddd3047b28b6e8a40f5c/elements - {"using":"xpath","value":"//button[@data-kt=\"addButton\"]"}
RESULT: {"using":"xpath","value":"//button[@data-kt=\"addButton\"]"}
COMMAND: POST /session/238fc7fdfbc7ddd3047b28b6e8a40f5c/elements - {"using":"xpath","value":"//button[@data-kt=\"addButton\"]"}
RESULT: {"using":"xpath","value":"//button[@data-kt=\"addButton\"]"}
COMMAND: POST /session/238fc7fdfbc7ddd3047b28b6e8a40f5c/elements - {"using":"xpath","value":"//button[@data-kt=\"addButton\"]"}
RESULT: {"using":"xpath","value":"//button[@data-kt=\"addButton\"]"}
COMMAND: POST /session/238fc7fdfbc7ddd3047b28b6e8a40f5c/elements - {"using":"xpath","value":"//button[@data-kt=\"addButton\"]"}
RESULT: {"using":"xpath","value":"//button[@data-kt=\"addButton\"]"}
COMMAND: POST /session/238fc7fdfbc7ddd3047b28b6e8a40f5c/elements - {"using":"xpath","value":"//button[@data-kt=\"addButton\"]"}
RESULT: {"using":"xpath","value":"//button[@data-kt=\"addButton\"]"}
COMMAND: POST /session/238fc7fdfbc7ddd3047b28b6e8a40f5c/elements - {"using":"xpath","value":"//button[@data-kt=\"addButton\"]"}
RESULT: {"using":"xpath","value":"//button[@data-kt=\"addButton\"]"}
COMMAND: POST /session/238fc7fdfbc7ddd3047b28b6e8a40f5c/elements - {"using":"xpath","value":"//button[@data-kt=\"addButton\"]"}
RESULT: {"using":"xpath","value":"//button[@data-kt=\"addButton\"]"}
COMMAND: POST /session/238fc7fdfbc7ddd3047b28b6e8a40f5c/elements - {"using":"xpath","value":"//button[@data-kt=\"addButton\"]"}
RESULT: {"using":"xpath","value":"//button[@data-kt=\"addButton\"]"}
COMMAND: POST /session/238fc7fdfbc7ddd3047b28b6e8a40f5c/elements - {"using":"xpath","value":"//button[@data-kt=\"addButton\"]"}
RESULT: {"using":"xpath","value":"//button[@data-kt=\"addButton\"]"}
COMMAND: POST /session/238fc7fdfbc7ddd3047b28b6e8a40f5c/elements - {"using":"xpath","value":"//button[@data-kt=\"addButton\"]"}
RESULT: {"using":"xpath","value":"//button[@data-kt=\"addButton\"]"}
COMMAND: POST /session/238fc7fdfbc7ddd3047b28b6e8a40f5c/elements - {"using":"xpath","value":"//button[@data-kt=\"addButton\"]"}
RESULT: {"using":"xpath","value":"//button[@data-kt=\"addButton\"]"}
COMMAND: POST /session/238fc7fdfbc7ddd3047b28b6e8a40f5c/elements - {"using":"xpath","value":"//button[@data-kt=\"addButton\"]"}
RESULT: {"using":"xpath","value":"//button[@data-kt=\"addButton\"]"}
COMMAND: POST /session/238fc7fdfbc7ddd3047b28b6e8a40f5c/elements - {"using":"xpath","value":"//button[@data-kt=\"addButton\"]"}
RESULT: {"using":"xpath","value":"//button[@data-kt=\"addButton\"]"}
COMMAND: POST /session/238fc7fdfbc7ddd3047b28b6e8a40f5c/elements - {"using":"xpath","value":"//button[@data-kt=\"addButton\"]"}
RESULT: {"using":"xpath","value":"//button[@data-kt=\"addButton\"]"}
COMMAND: POST /session/238fc7fdfbc7ddd3047b28b6e8a40f5c/elements - {"using":"xpath","value":"//button[@data-kt=\"addButton\"]"}
RESULT: {"using":"xpath","value":"//button[@data-kt=\"addButton\"]"}
COMMAND: POST /session/238fc7fdfbc7ddd3047b28b6e8a40f5c/elements - {"using":"xpath","value":"//button[@data-kt=\"addButton\"]"}
RESULT: {"using":"xpath","value":"//button[@data-kt=\"addButton\"]"}
COMMAND: POST /session/238fc7fdfbc7ddd3047b28b6e8a40f5c/elements - {"using":"xpath","value":"//button[@data-kt=\"addButton\"]"}
RESULT: {"using":"xpath","value":"//button[@data-kt=\"addButton\"]"}
COMMAND: POST /session/238fc7fdfbc7ddd3047b28b6e8a40f5c/elements - {"using":"xpath","value":"//button[@data-kt=\"addButton\"]"}
RESULT: {"using":"xpath","value":"//button[@data-kt=\"addButton\"]"}
COMMAND: POST /session/238fc7fdfbc7ddd3047b28b6e8a40f5c/elements - {"using":"xpath","value":"//button[@data-kt=\"addButton\"]"}
RESULT: {"using":"xpath","value":"//button[@data-kt=\"addButton\"]"}
COMMAND: POST /session/238fc7fdfbc7ddd3047b28b6e8a40f5c/elements - {"using":"xpath","value":"//button[@data-kt=\"addButton\"]"}
RESULT: {"using":"xpath","value":"//button[@data-kt=\"addButton\"]"}
COMMAND: POST /session/238fc7fdfbc7ddd3047b28b6e8a40f5c/elements - {"using":"xpath","value":"//button[@data-kt=\"addButton\"]"}
RESULT: {"using":"xpath","value":"//button[@data-kt=\"addButton\"]"}
COMMAND: POST /session/238fc7fdfbc7ddd3047b28b6e8a40f5c/elements - {"using":"xpath","value":"//button[@data-kt=\"addButton\"]"}
RESULT: {"using":"xpath","value":"//button[@data-kt=\"addButton\"]"}
COMMAND: POST /session/238fc7fdfbc7ddd3047b28b6e8a40f5c/elements - {"using":"xpath","value":"//button[@data-kt=\"addButton\"]"}
RESULT: {"using":"xpath","value":"//button[@data-kt=\"addButton\"]"}
COMMAND: POST /session/238fc7fdfbc7ddd3047b28b6e8a40f5c/elements - {"using":"xpath","value":"//button[@data-kt=\"addButton\"]"}
RESULT: {"using":"xpath","value":"//button[@data-kt=\"addButton\"]"}
COMMAND: POST /session/238fc7fdfbc7ddd3047b28b6e8a40f5c/elements - {"using":"xpath","value":"//button[@data-kt=\"addButton\"]"}
RESULT: {"using":"xpath","value":"//button[@data-kt=\"addButton\"]"}
COMMAND: POST /session/238fc7fdfbc7ddd3047b28b6e8a40f5c/elements - {"using":"xpath","value":"//button[@data-kt=\"addButton\"]"}
RESULT: {"using":"xpath","value":"//button[@data-kt=\"addButton\"]"}
COMMAND: POST /session/238fc7fdfbc7ddd3047b28b6e8a40f5c/elements - {"using":"xpath","value":"//button[@data-kt=\"addButton\"]"}
RESULT: {"using":"xpath","value":"//button[@data-kt=\"addButton\"]"}
COMMAND: POST /session/238fc7fdfbc7ddd3047b28b6e8a40f5c/elements - {"using":"xpath","value":"//button[@data-kt=\"addButton\"]"}
RESULT: {"using":"xpath","value":"//button[@data-kt=\"addButton\"]"}
COMMAND: POST /session/238fc7fdfbc7ddd3047b28b6e8a40f5c/elements - {"using":"xpath","value":"//button[@data-kt=\"addButton\"]"}
RESULT: {"using":"xpath","value":"//button[@data-kt=\"addButton\"]"}
COMMAND: POST /session/238fc7fdfbc7ddd3047b28b6e8a40f5c/elements - {"using":"xpath","value":"//button[@data-kt=\"addButton\"]"}
RESULT: {"using":"xpath","value":"//button[@data-kt=\"addButton\"]"}
COMMAND: POST /session/238fc7fdfbc7ddd3047b28b6e8a40f5c/elements - {"using":"xpath","value":"//button[@data-kt=\"addButton\"]"}
RESULT: {"using":"xpath","value":"//button[@data-kt=\"addButton\"]"}
COMMAND: POST /session/238fc7fdfbc7ddd3047b28b6e8a40f5c/elements - {"using":"xpath","value":"//button[@data-kt=\"addButton\"]"}
RESULT: {"using":"xpath","value":"//button[@data-kt=\"addButton\"]"}
COMMAND: GET /session/238fc7fdfbc7ddd3047b28b6e8a40f5c/screenshot - {}
RESULT: {}
]]></system-out>
      <system-err><![CDATA[
Error: element ("//button[@data-kt="addButton"]") still not existing after 45000ms
    at async Context.<anonymous> (D:\a\1\s\test\specs\BTS\manage-partners.spec.js:41:9)
]]></system-err>
    </testcase>
    <testcase classname="chrome.136_0_7103_49.windows.Partner_specific_tests_US150819_US151080_US151654_US151176_US103444_US151078_US151079_US151109_US151174_US151175_US151189" name="Should filter and search partners US151080" time="55.587">
      <skipped />
      <system-out><![CDATA[
COMMAND: POST /session/238fc7fdfbc7ddd3047b28b6e8a40f5c/element - {"using":"xpath","value":"//li[.//span[text()=\"Manage Partners\"]]"}
RESULT: {"using":"xpath","value":"//li[.//span[text()=\"Manage Partners\"]]"}
COMMAND: POST /session/238fc7fdfbc7ddd3047b28b6e8a40f5c/element - {"using":"xpath","value":"//li[.//span[text()=\"Manage Partners\"]]"}
RESULT: {"using":"xpath","value":"//li[.//span[text()=\"Manage Partners\"]]"}
COMMAND: POST /session/238fc7fdfbc7ddd3047b28b6e8a40f5c/element - {"using":"css selector","value":"#shell-header-logo"}
RESULT: {"using":"css selector","value":"#shell-header-logo"}
COMMAND: POST /session/238fc7fdfbc7ddd3047b28b6e8a40f5c/element/f.EAD3BD8A607B3C6B0F6571D6E04F04B4.d.7BA4A0B2CE5E3B51676170DEA9A017EC.e.273/click - {}
COMMAND: POST /session/238fc7fdfbc7ddd3047b28b6e8a40f5c/execute/sync - {"script":"<script> [8489 bytes]","args":[{"element-6066-11e4-a52e-4f735466cecf":"f.EAD3BD8A607B3C6B0F6571D6E04F04B4.d.7BA4A0B2CE5E3B51676170DEA9A017EC.e.273","ELEMENT":"f.EAD3BD8A607B3C6B0F6571D6E04F04B4.d.7BA4A0B2CE5E3B51676170DEA9A017EC.e.273"}]}
RESULT: {"script":"<script> [8489 bytes]","args":[{"element-6066-11e4-a52e-4f735466cecf":"f.EAD3BD8A607B3C6B0F6571D6E04F04B4.d.7BA4A0B2CE5E3B51676170DEA9A017EC.e.273","ELEMENT":"f.EAD3BD8A607B3C6B0F6571D6E04F04B4.d.7BA4A0B2CE5E3B51676170DEA9A017EC.e.273"}]}
COMMAND: POST /session/238fc7fdfbc7ddd3047b28b6e8a40f5c/execute/sync - {"script":"<script> [5351 bytes]","args":[{"element-6066-11e4-a52e-4f735466cecf":"f.EAD3BD8A607B3C6B0F6571D6E04F04B4.d.7BA4A0B2CE5E3B51676170DEA9A017EC.e.273","ELEMENT":"f.EAD3BD8A607B3C6B0F6571D6E04F04B4.d.7BA4A0B2CE5E3B51676170DEA9A017EC.e.273"}]}
COMMAND: GET /session/238fc7fdfbc7ddd3047b28b6e8a40f5c/screenshot - {}
RESULT: {"script":"<script> [5351 bytes]","args":[{"element-6066-11e4-a52e-4f735466cecf":"f.EAD3BD8A607B3C6B0F6571D6E04F04B4.d.7BA4A0B2CE5E3B51676170DEA9A017EC.e.273","ELEMENT":"f.EAD3BD8A607B3C6B0F6571D6E04F04B4.d.7BA4A0B2CE5E3B51676170DEA9A017EC.e.273"}]}
COMMAND: GET /session/238fc7fdfbc7ddd3047b28b6e8a40f5c/screenshot - {}
RESULT: {}
RESULT: {}
RESULT: undefined
COMMAND: POST /session/238fc7fdfbc7ddd3047b28b6e8a40f5c/element - {"using":"xpath","value":"//button[@data-kt=\"addButton\"]"}
RESULT: {"using":"xpath","value":"//button[@data-kt=\"addButton\"]"}
COMMAND: POST /session/238fc7fdfbc7ddd3047b28b6e8a40f5c/elements - {"using":"xpath","value":"//button[@data-kt=\"addButton\"]"}
RESULT: {"using":"xpath","value":"//button[@data-kt=\"addButton\"]"}
COMMAND: POST /session/238fc7fdfbc7ddd3047b28b6e8a40f5c/elements - {"using":"xpath","value":"//button[@data-kt=\"addButton\"]"}
RESULT: {"using":"xpath","value":"//button[@data-kt=\"addButton\"]"}
COMMAND: POST /session/238fc7fdfbc7ddd3047b28b6e8a40f5c/elements - {"using":"xpath","value":"//button[@data-kt=\"addButton\"]"}
RESULT: {"using":"xpath","value":"//button[@data-kt=\"addButton\"]"}
COMMAND: POST /session/238fc7fdfbc7ddd3047b28b6e8a40f5c/elements - {"using":"xpath","value":"//button[@data-kt=\"addButton\"]"}
RESULT: {"using":"xpath","value":"//button[@data-kt=\"addButton\"]"}
COMMAND: POST /session/238fc7fdfbc7ddd3047b28b6e8a40f5c/elements - {"using":"xpath","value":"//button[@data-kt=\"addButton\"]"}
RESULT: {"using":"xpath","value":"//button[@data-kt=\"addButton\"]"}
COMMAND: POST /session/238fc7fdfbc7ddd3047b28b6e8a40f5c/elements - {"using":"xpath","value":"//button[@data-kt=\"addButton\"]"}
RESULT: {"using":"xpath","value":"//button[@data-kt=\"addButton\"]"}
COMMAND: POST /session/238fc7fdfbc7ddd3047b28b6e8a40f5c/elements - {"using":"xpath","value":"//button[@data-kt=\"addButton\"]"}
RESULT: {"using":"xpath","value":"//button[@data-kt=\"addButton\"]"}
COMMAND: POST /session/238fc7fdfbc7ddd3047b28b6e8a40f5c/elements - {"using":"xpath","value":"//button[@data-kt=\"addButton\"]"}
RESULT: {"using":"xpath","value":"//button[@data-kt=\"addButton\"]"}
COMMAND: POST /session/238fc7fdfbc7ddd3047b28b6e8a40f5c/elements - {"using":"xpath","value":"//button[@data-kt=\"addButton\"]"}
RESULT: {"using":"xpath","value":"//button[@data-kt=\"addButton\"]"}
COMMAND: POST /session/238fc7fdfbc7ddd3047b28b6e8a40f5c/elements - {"using":"xpath","value":"//button[@data-kt=\"addButton\"]"}
RESULT: {"using":"xpath","value":"//button[@data-kt=\"addButton\"]"}
COMMAND: POST /session/238fc7fdfbc7ddd3047b28b6e8a40f5c/elements - {"using":"xpath","value":"//button[@data-kt=\"addButton\"]"}
RESULT: {"using":"xpath","value":"//button[@data-kt=\"addButton\"]"}
COMMAND: POST /session/238fc7fdfbc7ddd3047b28b6e8a40f5c/elements - {"using":"xpath","value":"//button[@data-kt=\"addButton\"]"}
RESULT: {"using":"xpath","value":"//button[@data-kt=\"addButton\"]"}
COMMAND: POST /session/238fc7fdfbc7ddd3047b28b6e8a40f5c/elements - {"using":"xpath","value":"//button[@data-kt=\"addButton\"]"}
RESULT: {"using":"xpath","value":"//button[@data-kt=\"addButton\"]"}
COMMAND: POST /session/238fc7fdfbc7ddd3047b28b6e8a40f5c/elements - {"using":"xpath","value":"//button[@data-kt=\"addButton\"]"}
RESULT: {"using":"xpath","value":"//button[@data-kt=\"addButton\"]"}
COMMAND: POST /session/238fc7fdfbc7ddd3047b28b6e8a40f5c/elements - {"using":"xpath","value":"//button[@data-kt=\"addButton\"]"}
RESULT: {"using":"xpath","value":"//button[@data-kt=\"addButton\"]"}
COMMAND: POST /session/238fc7fdfbc7ddd3047b28b6e8a40f5c/elements - {"using":"xpath","value":"//button[@data-kt=\"addButton\"]"}
RESULT: {"using":"xpath","value":"//button[@data-kt=\"addButton\"]"}
COMMAND: POST /session/238fc7fdfbc7ddd3047b28b6e8a40f5c/elements - {"using":"xpath","value":"//button[@data-kt=\"addButton\"]"}
RESULT: {"using":"xpath","value":"//button[@data-kt=\"addButton\"]"}
COMMAND: POST /session/238fc7fdfbc7ddd3047b28b6e8a40f5c/elements - {"using":"xpath","value":"//button[@data-kt=\"addButton\"]"}
RESULT: {"using":"xpath","value":"//button[@data-kt=\"addButton\"]"}
COMMAND: POST /session/238fc7fdfbc7ddd3047b28b6e8a40f5c/elements - {"using":"xpath","value":"//button[@data-kt=\"addButton\"]"}
RESULT: {"using":"xpath","value":"//button[@data-kt=\"addButton\"]"}
COMMAND: POST /session/238fc7fdfbc7ddd3047b28b6e8a40f5c/elements - {"using":"xpath","value":"//button[@data-kt=\"addButton\"]"}
RESULT: {"using":"xpath","value":"//button[@data-kt=\"addButton\"]"}
COMMAND: POST /session/238fc7fdfbc7ddd3047b28b6e8a40f5c/elements - {"using":"xpath","value":"//button[@data-kt=\"addButton\"]"}
RESULT: {"using":"xpath","value":"//button[@data-kt=\"addButton\"]"}
COMMAND: POST /session/238fc7fdfbc7ddd3047b28b6e8a40f5c/elements - {"using":"xpath","value":"//button[@data-kt=\"addButton\"]"}
RESULT: {"using":"xpath","value":"//button[@data-kt=\"addButton\"]"}
COMMAND: POST /session/238fc7fdfbc7ddd3047b28b6e8a40f5c/elements - {"using":"xpath","value":"//button[@data-kt=\"addButton\"]"}
RESULT: {"using":"xpath","value":"//button[@data-kt=\"addButton\"]"}
COMMAND: POST /session/238fc7fdfbc7ddd3047b28b6e8a40f5c/elements - {"using":"xpath","value":"//button[@data-kt=\"addButton\"]"}
RESULT: {"using":"xpath","value":"//button[@data-kt=\"addButton\"]"}
COMMAND: POST /session/238fc7fdfbc7ddd3047b28b6e8a40f5c/elements - {"using":"xpath","value":"//button[@data-kt=\"addButton\"]"}
RESULT: {"using":"xpath","value":"//button[@data-kt=\"addButton\"]"}
COMMAND: POST /session/238fc7fdfbc7ddd3047b28b6e8a40f5c/elements - {"using":"xpath","value":"//button[@data-kt=\"addButton\"]"}
RESULT: {"using":"xpath","value":"//button[@data-kt=\"addButton\"]"}
COMMAND: POST /session/238fc7fdfbc7ddd3047b28b6e8a40f5c/elements - {"using":"xpath","value":"//button[@data-kt=\"addButton\"]"}
RESULT: {"using":"xpath","value":"//button[@data-kt=\"addButton\"]"}
COMMAND: POST /session/238fc7fdfbc7ddd3047b28b6e8a40f5c/elements - {"using":"xpath","value":"//button[@data-kt=\"addButton\"]"}
RESULT: {"using":"xpath","value":"//button[@data-kt=\"addButton\"]"}
COMMAND: POST /session/238fc7fdfbc7ddd3047b28b6e8a40f5c/elements - {"using":"xpath","value":"//button[@data-kt=\"addButton\"]"}
RESULT: {"using":"xpath","value":"//button[@data-kt=\"addButton\"]"}
COMMAND: POST /session/238fc7fdfbc7ddd3047b28b6e8a40f5c/elements - {"using":"xpath","value":"//button[@data-kt=\"addButton\"]"}
RESULT: {"using":"xpath","value":"//button[@data-kt=\"addButton\"]"}
COMMAND: POST /session/238fc7fdfbc7ddd3047b28b6e8a40f5c/elements - {"using":"xpath","value":"//button[@data-kt=\"addButton\"]"}
RESULT: {"using":"xpath","value":"//button[@data-kt=\"addButton\"]"}
COMMAND: POST /session/238fc7fdfbc7ddd3047b28b6e8a40f5c/elements - {"using":"xpath","value":"//button[@data-kt=\"addButton\"]"}
RESULT: {"using":"xpath","value":"//button[@data-kt=\"addButton\"]"}
COMMAND: POST /session/238fc7fdfbc7ddd3047b28b6e8a40f5c/elements - {"using":"xpath","value":"//button[@data-kt=\"addButton\"]"}
RESULT: {"using":"xpath","value":"//button[@data-kt=\"addButton\"]"}
COMMAND: POST /session/238fc7fdfbc7ddd3047b28b6e8a40f5c/elements - {"using":"xpath","value":"//button[@data-kt=\"addButton\"]"}
RESULT: {"using":"xpath","value":"//button[@data-kt=\"addButton\"]"}
COMMAND: POST /session/238fc7fdfbc7ddd3047b28b6e8a40f5c/elements - {"using":"xpath","value":"//button[@data-kt=\"addButton\"]"}
RESULT: {"using":"xpath","value":"//button[@data-kt=\"addButton\"]"}
COMMAND: POST /session/238fc7fdfbc7ddd3047b28b6e8a40f5c/elements - {"using":"xpath","value":"//button[@data-kt=\"addButton\"]"}
RESULT: {"using":"xpath","value":"//button[@data-kt=\"addButton\"]"}
COMMAND: POST /session/238fc7fdfbc7ddd3047b28b6e8a40f5c/elements - {"using":"xpath","value":"//button[@data-kt=\"addButton\"]"}
RESULT: {"using":"xpath","value":"//button[@data-kt=\"addButton\"]"}
COMMAND: POST /session/238fc7fdfbc7ddd3047b28b6e8a40f5c/elements - {"using":"xpath","value":"//button[@data-kt=\"addButton\"]"}
RESULT: {"using":"xpath","value":"//button[@data-kt=\"addButton\"]"}
COMMAND: POST /session/238fc7fdfbc7ddd3047b28b6e8a40f5c/elements - {"using":"xpath","value":"//button[@data-kt=\"addButton\"]"}
RESULT: {"using":"xpath","value":"//button[@data-kt=\"addButton\"]"}
COMMAND: POST /session/238fc7fdfbc7ddd3047b28b6e8a40f5c/elements - {"using":"xpath","value":"//button[@data-kt=\"addButton\"]"}
RESULT: {"using":"xpath","value":"//button[@data-kt=\"addButton\"]"}
COMMAND: POST /session/238fc7fdfbc7ddd3047b28b6e8a40f5c/elements - {"using":"xpath","value":"//button[@data-kt=\"addButton\"]"}
RESULT: {"using":"xpath","value":"//button[@data-kt=\"addButton\"]"}
COMMAND: POST /session/238fc7fdfbc7ddd3047b28b6e8a40f5c/elements - {"using":"xpath","value":"//button[@data-kt=\"addButton\"]"}
RESULT: {"using":"xpath","value":"//button[@data-kt=\"addButton\"]"}
COMMAND: POST /session/238fc7fdfbc7ddd3047b28b6e8a40f5c/elements - {"using":"xpath","value":"//button[@data-kt=\"addButton\"]"}
RESULT: {"using":"xpath","value":"//button[@data-kt=\"addButton\"]"}
COMMAND: POST /session/238fc7fdfbc7ddd3047b28b6e8a40f5c/elements - {"using":"xpath","value":"//button[@data-kt=\"addButton\"]"}
RESULT: {"using":"xpath","value":"//button[@data-kt=\"addButton\"]"}
COMMAND: POST /session/238fc7fdfbc7ddd3047b28b6e8a40f5c/elements - {"using":"xpath","value":"//button[@data-kt=\"addButton\"]"}
RESULT: {"using":"xpath","value":"//button[@data-kt=\"addButton\"]"}
COMMAND: POST /session/238fc7fdfbc7ddd3047b28b6e8a40f5c/elements - {"using":"xpath","value":"//button[@data-kt=\"addButton\"]"}
RESULT: {"using":"xpath","value":"//button[@data-kt=\"addButton\"]"}
COMMAND: POST /session/238fc7fdfbc7ddd3047b28b6e8a40f5c/elements - {"using":"xpath","value":"//button[@data-kt=\"addButton\"]"}
RESULT: {"using":"xpath","value":"//button[@data-kt=\"addButton\"]"}
COMMAND: POST /session/238fc7fdfbc7ddd3047b28b6e8a40f5c/elements - {"using":"xpath","value":"//button[@data-kt=\"addButton\"]"}
RESULT: {"using":"xpath","value":"//button[@data-kt=\"addButton\"]"}
COMMAND: POST /session/238fc7fdfbc7ddd3047b28b6e8a40f5c/elements - {"using":"xpath","value":"//button[@data-kt=\"addButton\"]"}
RESULT: {"using":"xpath","value":"//button[@data-kt=\"addButton\"]"}
COMMAND: POST /session/238fc7fdfbc7ddd3047b28b6e8a40f5c/elements - {"using":"xpath","value":"//button[@data-kt=\"addButton\"]"}
RESULT: {"using":"xpath","value":"//button[@data-kt=\"addButton\"]"}
COMMAND: POST /session/238fc7fdfbc7ddd3047b28b6e8a40f5c/elements - {"using":"xpath","value":"//button[@data-kt=\"addButton\"]"}
RESULT: {"using":"xpath","value":"//button[@data-kt=\"addButton\"]"}
COMMAND: POST /session/238fc7fdfbc7ddd3047b28b6e8a40f5c/elements - {"using":"xpath","value":"//button[@data-kt=\"addButton\"]"}
RESULT: {"using":"xpath","value":"//button[@data-kt=\"addButton\"]"}
COMMAND: POST /session/238fc7fdfbc7ddd3047b28b6e8a40f5c/elements - {"using":"xpath","value":"//button[@data-kt=\"addButton\"]"}
RESULT: {"using":"xpath","value":"//button[@data-kt=\"addButton\"]"}
COMMAND: POST /session/238fc7fdfbc7ddd3047b28b6e8a40f5c/elements - {"using":"xpath","value":"//button[@data-kt=\"addButton\"]"}
RESULT: {"using":"xpath","value":"//button[@data-kt=\"addButton\"]"}
COMMAND: POST /session/238fc7fdfbc7ddd3047b28b6e8a40f5c/elements - {"using":"xpath","value":"//button[@data-kt=\"addButton\"]"}
RESULT: {"using":"xpath","value":"//button[@data-kt=\"addButton\"]"}
COMMAND: POST /session/238fc7fdfbc7ddd3047b28b6e8a40f5c/elements - {"using":"xpath","value":"//button[@data-kt=\"addButton\"]"}
RESULT: {"using":"xpath","value":"//button[@data-kt=\"addButton\"]"}
COMMAND: POST /session/238fc7fdfbc7ddd3047b28b6e8a40f5c/elements - {"using":"xpath","value":"//button[@data-kt=\"addButton\"]"}
RESULT: {"using":"xpath","value":"//button[@data-kt=\"addButton\"]"}
COMMAND: POST /session/238fc7fdfbc7ddd3047b28b6e8a40f5c/elements - {"using":"xpath","value":"//button[@data-kt=\"addButton\"]"}
RESULT: {"using":"xpath","value":"//button[@data-kt=\"addButton\"]"}
COMMAND: POST /session/238fc7fdfbc7ddd3047b28b6e8a40f5c/elements - {"using":"xpath","value":"//button[@data-kt=\"addButton\"]"}
RESULT: {"using":"xpath","value":"//button[@data-kt=\"addButton\"]"}
COMMAND: POST /session/238fc7fdfbc7ddd3047b28b6e8a40f5c/elements - {"using":"xpath","value":"//button[@data-kt=\"addButton\"]"}
RESULT: {"using":"xpath","value":"//button[@data-kt=\"addButton\"]"}
COMMAND: POST /session/238fc7fdfbc7ddd3047b28b6e8a40f5c/elements - {"using":"xpath","value":"//button[@data-kt=\"addButton\"]"}
RESULT: {"using":"xpath","value":"//button[@data-kt=\"addButton\"]"}
COMMAND: POST /session/238fc7fdfbc7ddd3047b28b6e8a40f5c/elements - {"using":"xpath","value":"//button[@data-kt=\"addButton\"]"}
RESULT: {"using":"xpath","value":"//button[@data-kt=\"addButton\"]"}
COMMAND: POST /session/238fc7fdfbc7ddd3047b28b6e8a40f5c/elements - {"using":"xpath","value":"//button[@data-kt=\"addButton\"]"}
RESULT: {"using":"xpath","value":"//button[@data-kt=\"addButton\"]"}
COMMAND: POST /session/238fc7fdfbc7ddd3047b28b6e8a40f5c/elements - {"using":"xpath","value":"//button[@data-kt=\"addButton\"]"}
RESULT: {"using":"xpath","value":"//button[@data-kt=\"addButton\"]"}
COMMAND: POST /session/238fc7fdfbc7ddd3047b28b6e8a40f5c/elements - {"using":"xpath","value":"//button[@data-kt=\"addButton\"]"}
RESULT: {"using":"xpath","value":"//button[@data-kt=\"addButton\"]"}
COMMAND: POST /session/238fc7fdfbc7ddd3047b28b6e8a40f5c/elements - {"using":"xpath","value":"//button[@data-kt=\"addButton\"]"}
RESULT: {"using":"xpath","value":"//button[@data-kt=\"addButton\"]"}
COMMAND: POST /session/238fc7fdfbc7ddd3047b28b6e8a40f5c/elements - {"using":"xpath","value":"//button[@data-kt=\"addButton\"]"}
RESULT: {"using":"xpath","value":"//button[@data-kt=\"addButton\"]"}
COMMAND: POST /session/238fc7fdfbc7ddd3047b28b6e8a40f5c/elements - {"using":"xpath","value":"//button[@data-kt=\"addButton\"]"}
RESULT: {"using":"xpath","value":"//button[@data-kt=\"addButton\"]"}
COMMAND: POST /session/238fc7fdfbc7ddd3047b28b6e8a40f5c/elements - {"using":"xpath","value":"//button[@data-kt=\"addButton\"]"}
RESULT: {"using":"xpath","value":"//button[@data-kt=\"addButton\"]"}
COMMAND: POST /session/238fc7fdfbc7ddd3047b28b6e8a40f5c/elements - {"using":"xpath","value":"//button[@data-kt=\"addButton\"]"}
RESULT: {"using":"xpath","value":"//button[@data-kt=\"addButton\"]"}
COMMAND: POST /session/238fc7fdfbc7ddd3047b28b6e8a40f5c/elements - {"using":"xpath","value":"//button[@data-kt=\"addButton\"]"}
RESULT: {"using":"xpath","value":"//button[@data-kt=\"addButton\"]"}
COMMAND: POST /session/238fc7fdfbc7ddd3047b28b6e8a40f5c/elements - {"using":"xpath","value":"//button[@data-kt=\"addButton\"]"}
RESULT: {"using":"xpath","value":"//button[@data-kt=\"addButton\"]"}
COMMAND: POST /session/238fc7fdfbc7ddd3047b28b6e8a40f5c/elements - {"using":"xpath","value":"//button[@data-kt=\"addButton\"]"}
RESULT: {"using":"xpath","value":"//button[@data-kt=\"addButton\"]"}
COMMAND: POST /session/238fc7fdfbc7ddd3047b28b6e8a40f5c/elements - {"using":"xpath","value":"//button[@data-kt=\"addButton\"]"}
RESULT: {"using":"xpath","value":"//button[@data-kt=\"addButton\"]"}
COMMAND: POST /session/238fc7fdfbc7ddd3047b28b6e8a40f5c/elements - {"using":"xpath","value":"//button[@data-kt=\"addButton\"]"}
RESULT: {"using":"xpath","value":"//button[@data-kt=\"addButton\"]"}
COMMAND: POST /session/238fc7fdfbc7ddd3047b28b6e8a40f5c/elements - {"using":"xpath","value":"//button[@data-kt=\"addButton\"]"}
RESULT: {"using":"xpath","value":"//button[@data-kt=\"addButton\"]"}
COMMAND: POST /session/238fc7fdfbc7ddd3047b28b6e8a40f5c/elements - {"using":"xpath","value":"//button[@data-kt=\"addButton\"]"}
RESULT: {"using":"xpath","value":"//button[@data-kt=\"addButton\"]"}
COMMAND: POST /session/238fc7fdfbc7ddd3047b28b6e8a40f5c/elements - {"using":"xpath","value":"//button[@data-kt=\"addButton\"]"}
RESULT: {"using":"xpath","value":"//button[@data-kt=\"addButton\"]"}
COMMAND: POST /session/238fc7fdfbc7ddd3047b28b6e8a40f5c/elements - {"using":"xpath","value":"//button[@data-kt=\"addButton\"]"}
RESULT: {"using":"xpath","value":"//button[@data-kt=\"addButton\"]"}
COMMAND: POST /session/238fc7fdfbc7ddd3047b28b6e8a40f5c/elements - {"using":"xpath","value":"//button[@data-kt=\"addButton\"]"}
RESULT: {"using":"xpath","value":"//button[@data-kt=\"addButton\"]"}
COMMAND: POST /session/238fc7fdfbc7ddd3047b28b6e8a40f5c/elements - {"using":"xpath","value":"//button[@data-kt=\"addButton\"]"}
RESULT: {"using":"xpath","value":"//button[@data-kt=\"addButton\"]"}
COMMAND: POST /session/238fc7fdfbc7ddd3047b28b6e8a40f5c/elements - {"using":"xpath","value":"//button[@data-kt=\"addButton\"]"}
RESULT: {"using":"xpath","value":"//button[@data-kt=\"addButton\"]"}
COMMAND: POST /session/238fc7fdfbc7ddd3047b28b6e8a40f5c/elements - {"using":"xpath","value":"//button[@data-kt=\"addButton\"]"}
RESULT: {"using":"xpath","value":"//button[@data-kt=\"addButton\"]"}
COMMAND: POST /session/238fc7fdfbc7ddd3047b28b6e8a40f5c/elements - {"using":"xpath","value":"//button[@data-kt=\"addButton\"]"}
RESULT: {"using":"xpath","value":"//button[@data-kt=\"addButton\"]"}
COMMAND: POST /session/238fc7fdfbc7ddd3047b28b6e8a40f5c/elements - {"using":"xpath","value":"//button[@data-kt=\"addButton\"]"}
RESULT: {"using":"xpath","value":"//button[@data-kt=\"addButton\"]"}
COMMAND: POST /session/238fc7fdfbc7ddd3047b28b6e8a40f5c/elements - {"using":"xpath","value":"//button[@data-kt=\"addButton\"]"}
RESULT: {"using":"xpath","value":"//button[@data-kt=\"addButton\"]"}
COMMAND: POST /session/238fc7fdfbc7ddd3047b28b6e8a40f5c/elements - {"using":"xpath","value":"//button[@data-kt=\"addButton\"]"}
RESULT: {"using":"xpath","value":"//button[@data-kt=\"addButton\"]"}
COMMAND: POST /session/238fc7fdfbc7ddd3047b28b6e8a40f5c/elements - {"using":"xpath","value":"//button[@data-kt=\"addButton\"]"}
RESULT: {"using":"xpath","value":"//button[@data-kt=\"addButton\"]"}
COMMAND: POST /session/238fc7fdfbc7ddd3047b28b6e8a40f5c/elements - {"using":"xpath","value":"//button[@data-kt=\"addButton\"]"}
RESULT: {"using":"xpath","value":"//button[@data-kt=\"addButton\"]"}
COMMAND: POST /session/238fc7fdfbc7ddd3047b28b6e8a40f5c/elements - {"using":"xpath","value":"//button[@data-kt=\"addButton\"]"}
RESULT: {"using":"xpath","value":"//button[@data-kt=\"addButton\"]"}
COMMAND: GET /session/238fc7fdfbc7ddd3047b28b6e8a40f5c/screenshot - {}
RESULT: {}
]]></system-out>
      <system-err><![CDATA[
Error: element ("//button[@data-kt="addButton"]") still not existing after 45000ms
    at async Context.<anonymous> (D:\a\1\s\test\specs\BTS\manage-partners.spec.js:41:9)
]]></system-err>
    </testcase>
    <testcase classname="chrome.136_0_7103_49.windows.Partner_specific_tests_US150819_US151080_US151654_US151176_US103444_US151078_US151079_US151109_US151174_US151175_US151189" name="Should deactivate the created partner in earlier step US151654" time="55.831">
      <skipped />
      <system-out><![CDATA[
COMMAND: GET /session/238fc7fdfbc7ddd3047b28b6e8a40f5c/screenshot - {}
COMMAND: POST /session/238fc7fdfbc7ddd3047b28b6e8a40f5c/element - {"using":"xpath","value":"//li[.//span[text()=\"Manage Partners\"]]"}
RESULT: {}
RESULT: {"using":"xpath","value":"//li[.//span[text()=\"Manage Partners\"]]"}
COMMAND: POST /session/238fc7fdfbc7ddd3047b28b6e8a40f5c/element - {"using":"xpath","value":"//li[.//span[text()=\"Manage Partners\"]]"}
RESULT: {"using":"xpath","value":"//li[.//span[text()=\"Manage Partners\"]]"}
COMMAND: POST /session/238fc7fdfbc7ddd3047b28b6e8a40f5c/element - {"using":"css selector","value":"#shell-header-logo"}
RESULT: {"using":"css selector","value":"#shell-header-logo"}
COMMAND: POST /session/238fc7fdfbc7ddd3047b28b6e8a40f5c/element/f.EAD3BD8A607B3C6B0F6571D6E04F04B4.d.7BA4A0B2CE5E3B51676170DEA9A017EC.e.273/click - {}
COMMAND: POST /session/238fc7fdfbc7ddd3047b28b6e8a40f5c/execute/sync - {"script":"<script> [8489 bytes]","args":[{"element-6066-11e4-a52e-4f735466cecf":"f.EAD3BD8A607B3C6B0F6571D6E04F04B4.d.7BA4A0B2CE5E3B51676170DEA9A017EC.e.273","ELEMENT":"f.EAD3BD8A607B3C6B0F6571D6E04F04B4.d.7BA4A0B2CE5E3B51676170DEA9A017EC.e.273"}]}
RESULT: {"script":"<script> [8489 bytes]","args":[{"element-6066-11e4-a52e-4f735466cecf":"f.EAD3BD8A607B3C6B0F6571D6E04F04B4.d.7BA4A0B2CE5E3B51676170DEA9A017EC.e.273","ELEMENT":"f.EAD3BD8A607B3C6B0F6571D6E04F04B4.d.7BA4A0B2CE5E3B51676170DEA9A017EC.e.273"}]}
COMMAND: POST /session/238fc7fdfbc7ddd3047b28b6e8a40f5c/execute/sync - {"script":"<script> [5351 bytes]","args":[{"element-6066-11e4-a52e-4f735466cecf":"f.EAD3BD8A607B3C6B0F6571D6E04F04B4.d.7BA4A0B2CE5E3B51676170DEA9A017EC.e.273","ELEMENT":"f.EAD3BD8A607B3C6B0F6571D6E04F04B4.d.7BA4A0B2CE5E3B51676170DEA9A017EC.e.273"}]}
COMMAND: GET /session/238fc7fdfbc7ddd3047b28b6e8a40f5c/screenshot - {}
RESULT: {"script":"<script> [5351 bytes]","args":[{"element-6066-11e4-a52e-4f735466cecf":"f.EAD3BD8A607B3C6B0F6571D6E04F04B4.d.7BA4A0B2CE5E3B51676170DEA9A017EC.e.273","ELEMENT":"f.EAD3BD8A607B3C6B0F6571D6E04F04B4.d.7BA4A0B2CE5E3B51676170DEA9A017EC.e.273"}]}
COMMAND: GET /session/238fc7fdfbc7ddd3047b28b6e8a40f5c/screenshot - {}
RESULT: {}
RESULT: {}
RESULT: undefined
COMMAND: POST /session/238fc7fdfbc7ddd3047b28b6e8a40f5c/element - {"using":"xpath","value":"//button[@data-kt=\"addButton\"]"}
RESULT: {"using":"xpath","value":"//button[@data-kt=\"addButton\"]"}
COMMAND: POST /session/238fc7fdfbc7ddd3047b28b6e8a40f5c/elements - {"using":"xpath","value":"//button[@data-kt=\"addButton\"]"}
RESULT: {"using":"xpath","value":"//button[@data-kt=\"addButton\"]"}
COMMAND: POST /session/238fc7fdfbc7ddd3047b28b6e8a40f5c/elements - {"using":"xpath","value":"//button[@data-kt=\"addButton\"]"}
RESULT: {"using":"xpath","value":"//button[@data-kt=\"addButton\"]"}
COMMAND: POST /session/238fc7fdfbc7ddd3047b28b6e8a40f5c/elements - {"using":"xpath","value":"//button[@data-kt=\"addButton\"]"}
RESULT: {"using":"xpath","value":"//button[@data-kt=\"addButton\"]"}
COMMAND: POST /session/238fc7fdfbc7ddd3047b28b6e8a40f5c/elements - {"using":"xpath","value":"//button[@data-kt=\"addButton\"]"}
RESULT: {"using":"xpath","value":"//button[@data-kt=\"addButton\"]"}
COMMAND: POST /session/238fc7fdfbc7ddd3047b28b6e8a40f5c/elements - {"using":"xpath","value":"//button[@data-kt=\"addButton\"]"}
RESULT: {"using":"xpath","value":"//button[@data-kt=\"addButton\"]"}
COMMAND: POST /session/238fc7fdfbc7ddd3047b28b6e8a40f5c/elements - {"using":"xpath","value":"//button[@data-kt=\"addButton\"]"}
RESULT: {"using":"xpath","value":"//button[@data-kt=\"addButton\"]"}
COMMAND: POST /session/238fc7fdfbc7ddd3047b28b6e8a40f5c/elements - {"using":"xpath","value":"//button[@data-kt=\"addButton\"]"}
RESULT: {"using":"xpath","value":"//button[@data-kt=\"addButton\"]"}
COMMAND: POST /session/238fc7fdfbc7ddd3047b28b6e8a40f5c/elements - {"using":"xpath","value":"//button[@data-kt=\"addButton\"]"}
RESULT: {"using":"xpath","value":"//button[@data-kt=\"addButton\"]"}
COMMAND: POST /session/238fc7fdfbc7ddd3047b28b6e8a40f5c/elements - {"using":"xpath","value":"//button[@data-kt=\"addButton\"]"}
RESULT: {"using":"xpath","value":"//button[@data-kt=\"addButton\"]"}
COMMAND: POST /session/238fc7fdfbc7ddd3047b28b6e8a40f5c/elements - {"using":"xpath","value":"//button[@data-kt=\"addButton\"]"}
RESULT: {"using":"xpath","value":"//button[@data-kt=\"addButton\"]"}
COMMAND: POST /session/238fc7fdfbc7ddd3047b28b6e8a40f5c/elements - {"using":"xpath","value":"//button[@data-kt=\"addButton\"]"}
RESULT: {"using":"xpath","value":"//button[@data-kt=\"addButton\"]"}
COMMAND: POST /session/238fc7fdfbc7ddd3047b28b6e8a40f5c/elements - {"using":"xpath","value":"//button[@data-kt=\"addButton\"]"}
RESULT: {"using":"xpath","value":"//button[@data-kt=\"addButton\"]"}
COMMAND: POST /session/238fc7fdfbc7ddd3047b28b6e8a40f5c/elements - {"using":"xpath","value":"//button[@data-kt=\"addButton\"]"}
RESULT: {"using":"xpath","value":"//button[@data-kt=\"addButton\"]"}
COMMAND: POST /session/238fc7fdfbc7ddd3047b28b6e8a40f5c/elements - {"using":"xpath","value":"//button[@data-kt=\"addButton\"]"}
RESULT: {"using":"xpath","value":"//button[@data-kt=\"addButton\"]"}
COMMAND: POST /session/238fc7fdfbc7ddd3047b28b6e8a40f5c/elements - {"using":"xpath","value":"//button[@data-kt=\"addButton\"]"}
RESULT: {"using":"xpath","value":"//button[@data-kt=\"addButton\"]"}
COMMAND: POST /session/238fc7fdfbc7ddd3047b28b6e8a40f5c/elements - {"using":"xpath","value":"//button[@data-kt=\"addButton\"]"}
RESULT: {"using":"xpath","value":"//button[@data-kt=\"addButton\"]"}
COMMAND: POST /session/238fc7fdfbc7ddd3047b28b6e8a40f5c/elements - {"using":"xpath","value":"//button[@data-kt=\"addButton\"]"}
RESULT: {"using":"xpath","value":"//button[@data-kt=\"addButton\"]"}
COMMAND: POST /session/238fc7fdfbc7ddd3047b28b6e8a40f5c/elements - {"using":"xpath","value":"//button[@data-kt=\"addButton\"]"}
RESULT: {"using":"xpath","value":"//button[@data-kt=\"addButton\"]"}
COMMAND: POST /session/238fc7fdfbc7ddd3047b28b6e8a40f5c/elements - {"using":"xpath","value":"//button[@data-kt=\"addButton\"]"}
RESULT: {"using":"xpath","value":"//button[@data-kt=\"addButton\"]"}
COMMAND: POST /session/238fc7fdfbc7ddd3047b28b6e8a40f5c/elements - {"using":"xpath","value":"//button[@data-kt=\"addButton\"]"}
RESULT: {"using":"xpath","value":"//button[@data-kt=\"addButton\"]"}
COMMAND: POST /session/238fc7fdfbc7ddd3047b28b6e8a40f5c/elements - {"using":"xpath","value":"//button[@data-kt=\"addButton\"]"}
RESULT: {"using":"xpath","value":"//button[@data-kt=\"addButton\"]"}
COMMAND: POST /session/238fc7fdfbc7ddd3047b28b6e8a40f5c/elements - {"using":"xpath","value":"//button[@data-kt=\"addButton\"]"}
RESULT: {"using":"xpath","value":"//button[@data-kt=\"addButton\"]"}
COMMAND: POST /session/238fc7fdfbc7ddd3047b28b6e8a40f5c/elements - {"using":"xpath","value":"//button[@data-kt=\"addButton\"]"}
RESULT: {"using":"xpath","value":"//button[@data-kt=\"addButton\"]"}
COMMAND: POST /session/238fc7fdfbc7ddd3047b28b6e8a40f5c/elements - {"using":"xpath","value":"//button[@data-kt=\"addButton\"]"}
RESULT: {"using":"xpath","value":"//button[@data-kt=\"addButton\"]"}
COMMAND: POST /session/238fc7fdfbc7ddd3047b28b6e8a40f5c/elements - {"using":"xpath","value":"//button[@data-kt=\"addButton\"]"}
RESULT: {"using":"xpath","value":"//button[@data-kt=\"addButton\"]"}
COMMAND: POST /session/238fc7fdfbc7ddd3047b28b6e8a40f5c/elements - {"using":"xpath","value":"//button[@data-kt=\"addButton\"]"}
RESULT: {"using":"xpath","value":"//button[@data-kt=\"addButton\"]"}
COMMAND: POST /session/238fc7fdfbc7ddd3047b28b6e8a40f5c/elements - {"using":"xpath","value":"//button[@data-kt=\"addButton\"]"}
RESULT: {"using":"xpath","value":"//button[@data-kt=\"addButton\"]"}
COMMAND: POST /session/238fc7fdfbc7ddd3047b28b6e8a40f5c/elements - {"using":"xpath","value":"//button[@data-kt=\"addButton\"]"}
RESULT: {"using":"xpath","value":"//button[@data-kt=\"addButton\"]"}
COMMAND: POST /session/238fc7fdfbc7ddd3047b28b6e8a40f5c/elements - {"using":"xpath","value":"//button[@data-kt=\"addButton\"]"}
RESULT: {"using":"xpath","value":"//button[@data-kt=\"addButton\"]"}
COMMAND: POST /session/238fc7fdfbc7ddd3047b28b6e8a40f5c/elements - {"using":"xpath","value":"//button[@data-kt=\"addButton\"]"}
RESULT: {"using":"xpath","value":"//button[@data-kt=\"addButton\"]"}
COMMAND: POST /session/238fc7fdfbc7ddd3047b28b6e8a40f5c/elements - {"using":"xpath","value":"//button[@data-kt=\"addButton\"]"}
RESULT: {"using":"xpath","value":"//button[@data-kt=\"addButton\"]"}
COMMAND: POST /session/238fc7fdfbc7ddd3047b28b6e8a40f5c/elements - {"using":"xpath","value":"//button[@data-kt=\"addButton\"]"}
RESULT: {"using":"xpath","value":"//button[@data-kt=\"addButton\"]"}
COMMAND: POST /session/238fc7fdfbc7ddd3047b28b6e8a40f5c/elements - {"using":"xpath","value":"//button[@data-kt=\"addButton\"]"}
RESULT: {"using":"xpath","value":"//button[@data-kt=\"addButton\"]"}
COMMAND: POST /session/238fc7fdfbc7ddd3047b28b6e8a40f5c/elements - {"using":"xpath","value":"//button[@data-kt=\"addButton\"]"}
RESULT: {"using":"xpath","value":"//button[@data-kt=\"addButton\"]"}
COMMAND: POST /session/238fc7fdfbc7ddd3047b28b6e8a40f5c/elements - {"using":"xpath","value":"//button[@data-kt=\"addButton\"]"}
RESULT: {"using":"xpath","value":"//button[@data-kt=\"addButton\"]"}
COMMAND: POST /session/238fc7fdfbc7ddd3047b28b6e8a40f5c/elements - {"using":"xpath","value":"//button[@data-kt=\"addButton\"]"}
RESULT: {"using":"xpath","value":"//button[@data-kt=\"addButton\"]"}
COMMAND: POST /session/238fc7fdfbc7ddd3047b28b6e8a40f5c/elements - {"using":"xpath","value":"//button[@data-kt=\"addButton\"]"}
RESULT: {"using":"xpath","value":"//button[@data-kt=\"addButton\"]"}
COMMAND: POST /session/238fc7fdfbc7ddd3047b28b6e8a40f5c/elements - {"using":"xpath","value":"//button[@data-kt=\"addButton\"]"}
RESULT: {"using":"xpath","value":"//button[@data-kt=\"addButton\"]"}
COMMAND: POST /session/238fc7fdfbc7ddd3047b28b6e8a40f5c/elements - {"using":"xpath","value":"//button[@data-kt=\"addButton\"]"}
RESULT: {"using":"xpath","value":"//button[@data-kt=\"addButton\"]"}
COMMAND: POST /session/238fc7fdfbc7ddd3047b28b6e8a40f5c/elements - {"using":"xpath","value":"//button[@data-kt=\"addButton\"]"}
RESULT: {"using":"xpath","value":"//button[@data-kt=\"addButton\"]"}
COMMAND: POST /session/238fc7fdfbc7ddd3047b28b6e8a40f5c/elements - {"using":"xpath","value":"//button[@data-kt=\"addButton\"]"}
RESULT: {"using":"xpath","value":"//button[@data-kt=\"addButton\"]"}
COMMAND: POST /session/238fc7fdfbc7ddd3047b28b6e8a40f5c/elements - {"using":"xpath","value":"//button[@data-kt=\"addButton\"]"}
RESULT: {"using":"xpath","value":"//button[@data-kt=\"addButton\"]"}
COMMAND: POST /session/238fc7fdfbc7ddd3047b28b6e8a40f5c/elements - {"using":"xpath","value":"//button[@data-kt=\"addButton\"]"}
RESULT: {"using":"xpath","value":"//button[@data-kt=\"addButton\"]"}
COMMAND: POST /session/238fc7fdfbc7ddd3047b28b6e8a40f5c/elements - {"using":"xpath","value":"//button[@data-kt=\"addButton\"]"}
RESULT: {"using":"xpath","value":"//button[@data-kt=\"addButton\"]"}
COMMAND: POST /session/238fc7fdfbc7ddd3047b28b6e8a40f5c/elements - {"using":"xpath","value":"//button[@data-kt=\"addButton\"]"}
RESULT: {"using":"xpath","value":"//button[@data-kt=\"addButton\"]"}
COMMAND: POST /session/238fc7fdfbc7ddd3047b28b6e8a40f5c/elements - {"using":"xpath","value":"//button[@data-kt=\"addButton\"]"}
RESULT: {"using":"xpath","value":"//button[@data-kt=\"addButton\"]"}
COMMAND: POST /session/238fc7fdfbc7ddd3047b28b6e8a40f5c/elements - {"using":"xpath","value":"//button[@data-kt=\"addButton\"]"}
RESULT: {"using":"xpath","value":"//button[@data-kt=\"addButton\"]"}
COMMAND: POST /session/238fc7fdfbc7ddd3047b28b6e8a40f5c/elements - {"using":"xpath","value":"//button[@data-kt=\"addButton\"]"}
RESULT: {"using":"xpath","value":"//button[@data-kt=\"addButton\"]"}
COMMAND: POST /session/238fc7fdfbc7ddd3047b28b6e8a40f5c/elements - {"using":"xpath","value":"//button[@data-kt=\"addButton\"]"}
RESULT: {"using":"xpath","value":"//button[@data-kt=\"addButton\"]"}
COMMAND: POST /session/238fc7fdfbc7ddd3047b28b6e8a40f5c/elements - {"using":"xpath","value":"//button[@data-kt=\"addButton\"]"}
RESULT: {"using":"xpath","value":"//button[@data-kt=\"addButton\"]"}
COMMAND: POST /session/238fc7fdfbc7ddd3047b28b6e8a40f5c/elements - {"using":"xpath","value":"//button[@data-kt=\"addButton\"]"}
RESULT: {"using":"xpath","value":"//button[@data-kt=\"addButton\"]"}
COMMAND: POST /session/238fc7fdfbc7ddd3047b28b6e8a40f5c/elements - {"using":"xpath","value":"//button[@data-kt=\"addButton\"]"}
RESULT: {"using":"xpath","value":"//button[@data-kt=\"addButton\"]"}
COMMAND: POST /session/238fc7fdfbc7ddd3047b28b6e8a40f5c/elements - {"using":"xpath","value":"//button[@data-kt=\"addButton\"]"}
RESULT: {"using":"xpath","value":"//button[@data-kt=\"addButton\"]"}
COMMAND: POST /session/238fc7fdfbc7ddd3047b28b6e8a40f5c/elements - {"using":"xpath","value":"//button[@data-kt=\"addButton\"]"}
RESULT: {"using":"xpath","value":"//button[@data-kt=\"addButton\"]"}
COMMAND: POST /session/238fc7fdfbc7ddd3047b28b6e8a40f5c/elements - {"using":"xpath","value":"//button[@data-kt=\"addButton\"]"}
RESULT: {"using":"xpath","value":"//button[@data-kt=\"addButton\"]"}
COMMAND: POST /session/238fc7fdfbc7ddd3047b28b6e8a40f5c/elements - {"using":"xpath","value":"//button[@data-kt=\"addButton\"]"}
RESULT: {"using":"xpath","value":"//button[@data-kt=\"addButton\"]"}
COMMAND: POST /session/238fc7fdfbc7ddd3047b28b6e8a40f5c/elements - {"using":"xpath","value":"//button[@data-kt=\"addButton\"]"}
RESULT: {"using":"xpath","value":"//button[@data-kt=\"addButton\"]"}
COMMAND: POST /session/238fc7fdfbc7ddd3047b28b6e8a40f5c/elements - {"using":"xpath","value":"//button[@data-kt=\"addButton\"]"}
RESULT: {"using":"xpath","value":"//button[@data-kt=\"addButton\"]"}
COMMAND: POST /session/238fc7fdfbc7ddd3047b28b6e8a40f5c/elements - {"using":"xpath","value":"//button[@data-kt=\"addButton\"]"}
RESULT: {"using":"xpath","value":"//button[@data-kt=\"addButton\"]"}
COMMAND: POST /session/238fc7fdfbc7ddd3047b28b6e8a40f5c/elements - {"using":"xpath","value":"//button[@data-kt=\"addButton\"]"}
RESULT: {"using":"xpath","value":"//button[@data-kt=\"addButton\"]"}
COMMAND: POST /session/238fc7fdfbc7ddd3047b28b6e8a40f5c/elements - {"using":"xpath","value":"//button[@data-kt=\"addButton\"]"}
RESULT: {"using":"xpath","value":"//button[@data-kt=\"addButton\"]"}
COMMAND: POST /session/238fc7fdfbc7ddd3047b28b6e8a40f5c/elements - {"using":"xpath","value":"//button[@data-kt=\"addButton\"]"}
RESULT: {"using":"xpath","value":"//button[@data-kt=\"addButton\"]"}
COMMAND: POST /session/238fc7fdfbc7ddd3047b28b6e8a40f5c/elements - {"using":"xpath","value":"//button[@data-kt=\"addButton\"]"}
RESULT: {"using":"xpath","value":"//button[@data-kt=\"addButton\"]"}
COMMAND: POST /session/238fc7fdfbc7ddd3047b28b6e8a40f5c/elements - {"using":"xpath","value":"//button[@data-kt=\"addButton\"]"}
RESULT: {"using":"xpath","value":"//button[@data-kt=\"addButton\"]"}
COMMAND: POST /session/238fc7fdfbc7ddd3047b28b6e8a40f5c/elements - {"using":"xpath","value":"//button[@data-kt=\"addButton\"]"}
RESULT: {"using":"xpath","value":"//button[@data-kt=\"addButton\"]"}
COMMAND: POST /session/238fc7fdfbc7ddd3047b28b6e8a40f5c/elements - {"using":"xpath","value":"//button[@data-kt=\"addButton\"]"}
RESULT: {"using":"xpath","value":"//button[@data-kt=\"addButton\"]"}
COMMAND: POST /session/238fc7fdfbc7ddd3047b28b6e8a40f5c/elements - {"using":"xpath","value":"//button[@data-kt=\"addButton\"]"}
RESULT: {"using":"xpath","value":"//button[@data-kt=\"addButton\"]"}
COMMAND: POST /session/238fc7fdfbc7ddd3047b28b6e8a40f5c/elements - {"using":"xpath","value":"//button[@data-kt=\"addButton\"]"}
RESULT: {"using":"xpath","value":"//button[@data-kt=\"addButton\"]"}
COMMAND: POST /session/238fc7fdfbc7ddd3047b28b6e8a40f5c/elements - {"using":"xpath","value":"//button[@data-kt=\"addButton\"]"}
RESULT: {"using":"xpath","value":"//button[@data-kt=\"addButton\"]"}
COMMAND: POST /session/238fc7fdfbc7ddd3047b28b6e8a40f5c/elements - {"using":"xpath","value":"//button[@data-kt=\"addButton\"]"}
RESULT: {"using":"xpath","value":"//button[@data-kt=\"addButton\"]"}
COMMAND: POST /session/238fc7fdfbc7ddd3047b28b6e8a40f5c/elements - {"using":"xpath","value":"//button[@data-kt=\"addButton\"]"}
RESULT: {"using":"xpath","value":"//button[@data-kt=\"addButton\"]"}
COMMAND: POST /session/238fc7fdfbc7ddd3047b28b6e8a40f5c/elements - {"using":"xpath","value":"//button[@data-kt=\"addButton\"]"}
RESULT: {"using":"xpath","value":"//button[@data-kt=\"addButton\"]"}
COMMAND: POST /session/238fc7fdfbc7ddd3047b28b6e8a40f5c/elements - {"using":"xpath","value":"//button[@data-kt=\"addButton\"]"}
RESULT: {"using":"xpath","value":"//button[@data-kt=\"addButton\"]"}
COMMAND: POST /session/238fc7fdfbc7ddd3047b28b6e8a40f5c/elements - {"using":"xpath","value":"//button[@data-kt=\"addButton\"]"}
RESULT: {"using":"xpath","value":"//button[@data-kt=\"addButton\"]"}
COMMAND: POST /session/238fc7fdfbc7ddd3047b28b6e8a40f5c/elements - {"using":"xpath","value":"//button[@data-kt=\"addButton\"]"}
RESULT: {"using":"xpath","value":"//button[@data-kt=\"addButton\"]"}
COMMAND: POST /session/238fc7fdfbc7ddd3047b28b6e8a40f5c/elements - {"using":"xpath","value":"//button[@data-kt=\"addButton\"]"}
RESULT: {"using":"xpath","value":"//button[@data-kt=\"addButton\"]"}
COMMAND: POST /session/238fc7fdfbc7ddd3047b28b6e8a40f5c/elements - {"using":"xpath","value":"//button[@data-kt=\"addButton\"]"}
RESULT: {"using":"xpath","value":"//button[@data-kt=\"addButton\"]"}
COMMAND: POST /session/238fc7fdfbc7ddd3047b28b6e8a40f5c/elements - {"using":"xpath","value":"//button[@data-kt=\"addButton\"]"}
RESULT: {"using":"xpath","value":"//button[@data-kt=\"addButton\"]"}
COMMAND: POST /session/238fc7fdfbc7ddd3047b28b6e8a40f5c/elements - {"using":"xpath","value":"//button[@data-kt=\"addButton\"]"}
RESULT: {"using":"xpath","value":"//button[@data-kt=\"addButton\"]"}
COMMAND: POST /session/238fc7fdfbc7ddd3047b28b6e8a40f5c/elements - {"using":"xpath","value":"//button[@data-kt=\"addButton\"]"}
RESULT: {"using":"xpath","value":"//button[@data-kt=\"addButton\"]"}
COMMAND: POST /session/238fc7fdfbc7ddd3047b28b6e8a40f5c/elements - {"using":"xpath","value":"//button[@data-kt=\"addButton\"]"}
RESULT: {"using":"xpath","value":"//button[@data-kt=\"addButton\"]"}
COMMAND: POST /session/238fc7fdfbc7ddd3047b28b6e8a40f5c/elements - {"using":"xpath","value":"//button[@data-kt=\"addButton\"]"}
RESULT: {"using":"xpath","value":"//button[@data-kt=\"addButton\"]"}
COMMAND: POST /session/238fc7fdfbc7ddd3047b28b6e8a40f5c/elements - {"using":"xpath","value":"//button[@data-kt=\"addButton\"]"}
RESULT: {"using":"xpath","value":"//button[@data-kt=\"addButton\"]"}
COMMAND: POST /session/238fc7fdfbc7ddd3047b28b6e8a40f5c/elements - {"using":"xpath","value":"//button[@data-kt=\"addButton\"]"}
RESULT: {"using":"xpath","value":"//button[@data-kt=\"addButton\"]"}
COMMAND: POST /session/238fc7fdfbc7ddd3047b28b6e8a40f5c/elements - {"using":"xpath","value":"//button[@data-kt=\"addButton\"]"}
RESULT: {"using":"xpath","value":"//button[@data-kt=\"addButton\"]"}
COMMAND: POST /session/238fc7fdfbc7ddd3047b28b6e8a40f5c/elements - {"using":"xpath","value":"//button[@data-kt=\"addButton\"]"}
RESULT: {"using":"xpath","value":"//button[@data-kt=\"addButton\"]"}
COMMAND: POST /session/238fc7fdfbc7ddd3047b28b6e8a40f5c/elements - {"using":"xpath","value":"//button[@data-kt=\"addButton\"]"}
RESULT: {"using":"xpath","value":"//button[@data-kt=\"addButton\"]"}
COMMAND: POST /session/238fc7fdfbc7ddd3047b28b6e8a40f5c/elements - {"using":"xpath","value":"//button[@data-kt=\"addButton\"]"}
RESULT: {"using":"xpath","value":"//button[@data-kt=\"addButton\"]"}
COMMAND: POST /session/238fc7fdfbc7ddd3047b28b6e8a40f5c/elements - {"using":"xpath","value":"//button[@data-kt=\"addButton\"]"}
RESULT: {"using":"xpath","value":"//button[@data-kt=\"addButton\"]"}
COMMAND: POST /session/238fc7fdfbc7ddd3047b28b6e8a40f5c/elements - {"using":"xpath","value":"//button[@data-kt=\"addButton\"]"}
RESULT: {"using":"xpath","value":"//button[@data-kt=\"addButton\"]"}
COMMAND: GET /session/238fc7fdfbc7ddd3047b28b6e8a40f5c/screenshot - {}
RESULT: {}
]]></system-out>
      <system-err><![CDATA[
Error: element ("//button[@data-kt="addButton"]") still not existing after 45000ms
    at async Context.<anonymous> (D:\a\1\s\test\specs\BTS\manage-partners.spec.js:211:9)
]]></system-err>
    </testcase>
    <testcase classname="chrome.136_0_7103_49.windows.Partner_specific_tests_US150819_US151080_US151654_US151176_US103444_US151078_US151079_US151109_US151174_US151175_US151189" name="Should deactivate the created partner in earlier step US151654" time="55.388">
      <skipped />
      <system-out><![CDATA[
COMMAND: POST /session/238fc7fdfbc7ddd3047b28b6e8a40f5c/element - {"using":"xpath","value":"//li[.//span[text()=\"Manage Partners\"]]"}
RESULT: {"using":"xpath","value":"//li[.//span[text()=\"Manage Partners\"]]"}
COMMAND: POST /session/238fc7fdfbc7ddd3047b28b6e8a40f5c/element - {"using":"xpath","value":"//li[.//span[text()=\"Manage Partners\"]]"}
RESULT: {"using":"xpath","value":"//li[.//span[text()=\"Manage Partners\"]]"}
COMMAND: POST /session/238fc7fdfbc7ddd3047b28b6e8a40f5c/element - {"using":"css selector","value":"#shell-header-logo"}
RESULT: {"using":"css selector","value":"#shell-header-logo"}
COMMAND: POST /session/238fc7fdfbc7ddd3047b28b6e8a40f5c/element/f.EAD3BD8A607B3C6B0F6571D6E04F04B4.d.7BA4A0B2CE5E3B51676170DEA9A017EC.e.273/click - {}
COMMAND: POST /session/238fc7fdfbc7ddd3047b28b6e8a40f5c/execute/sync - {"script":"<script> [8489 bytes]","args":[{"element-6066-11e4-a52e-4f735466cecf":"f.EAD3BD8A607B3C6B0F6571D6E04F04B4.d.7BA4A0B2CE5E3B51676170DEA9A017EC.e.273","ELEMENT":"f.EAD3BD8A607B3C6B0F6571D6E04F04B4.d.7BA4A0B2CE5E3B51676170DEA9A017EC.e.273"}]}
RESULT: {"script":"<script> [8489 bytes]","args":[{"element-6066-11e4-a52e-4f735466cecf":"f.EAD3BD8A607B3C6B0F6571D6E04F04B4.d.7BA4A0B2CE5E3B51676170DEA9A017EC.e.273","ELEMENT":"f.EAD3BD8A607B3C6B0F6571D6E04F04B4.d.7BA4A0B2CE5E3B51676170DEA9A017EC.e.273"}]}
COMMAND: POST /session/238fc7fdfbc7ddd3047b28b6e8a40f5c/execute/sync - {"script":"<script> [5351 bytes]","args":[{"element-6066-11e4-a52e-4f735466cecf":"f.EAD3BD8A607B3C6B0F6571D6E04F04B4.d.7BA4A0B2CE5E3B51676170DEA9A017EC.e.273","ELEMENT":"f.EAD3BD8A607B3C6B0F6571D6E04F04B4.d.7BA4A0B2CE5E3B51676170DEA9A017EC.e.273"}]}
COMMAND: GET /session/238fc7fdfbc7ddd3047b28b6e8a40f5c/screenshot - {}
RESULT: {"script":"<script> [5351 bytes]","args":[{"element-6066-11e4-a52e-4f735466cecf":"f.EAD3BD8A607B3C6B0F6571D6E04F04B4.d.7BA4A0B2CE5E3B51676170DEA9A017EC.e.273","ELEMENT":"f.EAD3BD8A607B3C6B0F6571D6E04F04B4.d.7BA4A0B2CE5E3B51676170DEA9A017EC.e.273"}]}
COMMAND: GET /session/238fc7fdfbc7ddd3047b28b6e8a40f5c/screenshot - {}
RESULT: {}
RESULT: {}
RESULT: undefined
COMMAND: POST /session/238fc7fdfbc7ddd3047b28b6e8a40f5c/element - {"using":"xpath","value":"//button[@data-kt=\"addButton\"]"}
RESULT: {"using":"xpath","value":"//button[@data-kt=\"addButton\"]"}
COMMAND: POST /session/238fc7fdfbc7ddd3047b28b6e8a40f5c/elements - {"using":"xpath","value":"//button[@data-kt=\"addButton\"]"}
RESULT: {"using":"xpath","value":"//button[@data-kt=\"addButton\"]"}
COMMAND: POST /session/238fc7fdfbc7ddd3047b28b6e8a40f5c/elements - {"using":"xpath","value":"//button[@data-kt=\"addButton\"]"}
RESULT: {"using":"xpath","value":"//button[@data-kt=\"addButton\"]"}
COMMAND: POST /session/238fc7fdfbc7ddd3047b28b6e8a40f5c/elements - {"using":"xpath","value":"//button[@data-kt=\"addButton\"]"}
RESULT: {"using":"xpath","value":"//button[@data-kt=\"addButton\"]"}
COMMAND: POST /session/238fc7fdfbc7ddd3047b28b6e8a40f5c/elements - {"using":"xpath","value":"//button[@data-kt=\"addButton\"]"}
RESULT: {"using":"xpath","value":"//button[@data-kt=\"addButton\"]"}
COMMAND: POST /session/238fc7fdfbc7ddd3047b28b6e8a40f5c/elements - {"using":"xpath","value":"//button[@data-kt=\"addButton\"]"}
RESULT: {"using":"xpath","value":"//button[@data-kt=\"addButton\"]"}
COMMAND: POST /session/238fc7fdfbc7ddd3047b28b6e8a40f5c/elements - {"using":"xpath","value":"//button[@data-kt=\"addButton\"]"}
RESULT: {"using":"xpath","value":"//button[@data-kt=\"addButton\"]"}
COMMAND: POST /session/238fc7fdfbc7ddd3047b28b6e8a40f5c/elements - {"using":"xpath","value":"//button[@data-kt=\"addButton\"]"}
RESULT: {"using":"xpath","value":"//button[@data-kt=\"addButton\"]"}
COMMAND: POST /session/238fc7fdfbc7ddd3047b28b6e8a40f5c/elements - {"using":"xpath","value":"//button[@data-kt=\"addButton\"]"}
RESULT: {"using":"xpath","value":"//button[@data-kt=\"addButton\"]"}
COMMAND: POST /session/238fc7fdfbc7ddd3047b28b6e8a40f5c/elements - {"using":"xpath","value":"//button[@data-kt=\"addButton\"]"}
RESULT: {"using":"xpath","value":"//button[@data-kt=\"addButton\"]"}
COMMAND: POST /session/238fc7fdfbc7ddd3047b28b6e8a40f5c/elements - {"using":"xpath","value":"//button[@data-kt=\"addButton\"]"}
RESULT: {"using":"xpath","value":"//button[@data-kt=\"addButton\"]"}
COMMAND: POST /session/238fc7fdfbc7ddd3047b28b6e8a40f5c/elements - {"using":"xpath","value":"//button[@data-kt=\"addButton\"]"}
RESULT: {"using":"xpath","value":"//button[@data-kt=\"addButton\"]"}
COMMAND: POST /session/238fc7fdfbc7ddd3047b28b6e8a40f5c/elements - {"using":"xpath","value":"//button[@data-kt=\"addButton\"]"}
RESULT: {"using":"xpath","value":"//button[@data-kt=\"addButton\"]"}
COMMAND: POST /session/238fc7fdfbc7ddd3047b28b6e8a40f5c/elements - {"using":"xpath","value":"//button[@data-kt=\"addButton\"]"}
RESULT: {"using":"xpath","value":"//button[@data-kt=\"addButton\"]"}
COMMAND: POST /session/238fc7fdfbc7ddd3047b28b6e8a40f5c/elements - {"using":"xpath","value":"//button[@data-kt=\"addButton\"]"}
RESULT: {"using":"xpath","value":"//button[@data-kt=\"addButton\"]"}
COMMAND: POST /session/238fc7fdfbc7ddd3047b28b6e8a40f5c/elements - {"using":"xpath","value":"//button[@data-kt=\"addButton\"]"}
RESULT: {"using":"xpath","value":"//button[@data-kt=\"addButton\"]"}
COMMAND: POST /session/238fc7fdfbc7ddd3047b28b6e8a40f5c/elements - {"using":"xpath","value":"//button[@data-kt=\"addButton\"]"}
RESULT: {"using":"xpath","value":"//button[@data-kt=\"addButton\"]"}
COMMAND: POST /session/238fc7fdfbc7ddd3047b28b6e8a40f5c/elements - {"using":"xpath","value":"//button[@data-kt=\"addButton\"]"}
RESULT: {"using":"xpath","value":"//button[@data-kt=\"addButton\"]"}
COMMAND: POST /session/238fc7fdfbc7ddd3047b28b6e8a40f5c/elements - {"using":"xpath","value":"//button[@data-kt=\"addButton\"]"}
RESULT: {"using":"xpath","value":"//button[@data-kt=\"addButton\"]"}
COMMAND: POST /session/238fc7fdfbc7ddd3047b28b6e8a40f5c/elements - {"using":"xpath","value":"//button[@data-kt=\"addButton\"]"}
RESULT: {"using":"xpath","value":"//button[@data-kt=\"addButton\"]"}
COMMAND: POST /session/238fc7fdfbc7ddd3047b28b6e8a40f5c/elements - {"using":"xpath","value":"//button[@data-kt=\"addButton\"]"}
RESULT: {"using":"xpath","value":"//button[@data-kt=\"addButton\"]"}
COMMAND: POST /session/238fc7fdfbc7ddd3047b28b6e8a40f5c/elements - {"using":"xpath","value":"//button[@data-kt=\"addButton\"]"}
RESULT: {"using":"xpath","value":"//button[@data-kt=\"addButton\"]"}
COMMAND: POST /session/238fc7fdfbc7ddd3047b28b6e8a40f5c/elements - {"using":"xpath","value":"//button[@data-kt=\"addButton\"]"}
RESULT: {"using":"xpath","value":"//button[@data-kt=\"addButton\"]"}
COMMAND: POST /session/238fc7fdfbc7ddd3047b28b6e8a40f5c/elements - {"using":"xpath","value":"//button[@data-kt=\"addButton\"]"}
RESULT: {"using":"xpath","value":"//button[@data-kt=\"addButton\"]"}
COMMAND: POST /session/238fc7fdfbc7ddd3047b28b6e8a40f5c/elements - {"using":"xpath","value":"//button[@data-kt=\"addButton\"]"}
RESULT: {"using":"xpath","value":"//button[@data-kt=\"addButton\"]"}
COMMAND: POST /session/238fc7fdfbc7ddd3047b28b6e8a40f5c/elements - {"using":"xpath","value":"//button[@data-kt=\"addButton\"]"}
RESULT: {"using":"xpath","value":"//button[@data-kt=\"addButton\"]"}
COMMAND: POST /session/238fc7fdfbc7ddd3047b28b6e8a40f5c/elements - {"using":"xpath","value":"//button[@data-kt=\"addButton\"]"}
RESULT: {"using":"xpath","value":"//button[@data-kt=\"addButton\"]"}
COMMAND: POST /session/238fc7fdfbc7ddd3047b28b6e8a40f5c/elements - {"using":"xpath","value":"//button[@data-kt=\"addButton\"]"}
RESULT: {"using":"xpath","value":"//button[@data-kt=\"addButton\"]"}
COMMAND: POST /session/238fc7fdfbc7ddd3047b28b6e8a40f5c/elements - {"using":"xpath","value":"//button[@data-kt=\"addButton\"]"}
RESULT: {"using":"xpath","value":"//button[@data-kt=\"addButton\"]"}
COMMAND: POST /session/238fc7fdfbc7ddd3047b28b6e8a40f5c/elements - {"using":"xpath","value":"//button[@data-kt=\"addButton\"]"}
RESULT: {"using":"xpath","value":"//button[@data-kt=\"addButton\"]"}
COMMAND: POST /session/238fc7fdfbc7ddd3047b28b6e8a40f5c/elements - {"using":"xpath","value":"//button[@data-kt=\"addButton\"]"}
RESULT: {"using":"xpath","value":"//button[@data-kt=\"addButton\"]"}
COMMAND: POST /session/238fc7fdfbc7ddd3047b28b6e8a40f5c/elements - {"using":"xpath","value":"//button[@data-kt=\"addButton\"]"}
RESULT: {"using":"xpath","value":"//button[@data-kt=\"addButton\"]"}
COMMAND: POST /session/238fc7fdfbc7ddd3047b28b6e8a40f5c/elements - {"using":"xpath","value":"//button[@data-kt=\"addButton\"]"}
RESULT: {"using":"xpath","value":"//button[@data-kt=\"addButton\"]"}
COMMAND: POST /session/238fc7fdfbc7ddd3047b28b6e8a40f5c/elements - {"using":"xpath","value":"//button[@data-kt=\"addButton\"]"}
RESULT: {"using":"xpath","value":"//button[@data-kt=\"addButton\"]"}
COMMAND: POST /session/238fc7fdfbc7ddd3047b28b6e8a40f5c/elements - {"using":"xpath","value":"//button[@data-kt=\"addButton\"]"}
RESULT: {"using":"xpath","value":"//button[@data-kt=\"addButton\"]"}
COMMAND: POST /session/238fc7fdfbc7ddd3047b28b6e8a40f5c/elements - {"using":"xpath","value":"//button[@data-kt=\"addButton\"]"}
RESULT: {"using":"xpath","value":"//button[@data-kt=\"addButton\"]"}
COMMAND: POST /session/238fc7fdfbc7ddd3047b28b6e8a40f5c/elements - {"using":"xpath","value":"//button[@data-kt=\"addButton\"]"}
RESULT: {"using":"xpath","value":"//button[@data-kt=\"addButton\"]"}
COMMAND: POST /session/238fc7fdfbc7ddd3047b28b6e8a40f5c/elements - {"using":"xpath","value":"//button[@data-kt=\"addButton\"]"}
RESULT: {"using":"xpath","value":"//button[@data-kt=\"addButton\"]"}
COMMAND: POST /session/238fc7fdfbc7ddd3047b28b6e8a40f5c/elements - {"using":"xpath","value":"//button[@data-kt=\"addButton\"]"}
RESULT: {"using":"xpath","value":"//button[@data-kt=\"addButton\"]"}
COMMAND: POST /session/238fc7fdfbc7ddd3047b28b6e8a40f5c/elements - {"using":"xpath","value":"//button[@data-kt=\"addButton\"]"}
RESULT: {"using":"xpath","value":"//button[@data-kt=\"addButton\"]"}
COMMAND: POST /session/238fc7fdfbc7ddd3047b28b6e8a40f5c/elements - {"using":"xpath","value":"//button[@data-kt=\"addButton\"]"}
RESULT: {"using":"xpath","value":"//button[@data-kt=\"addButton\"]"}
COMMAND: POST /session/238fc7fdfbc7ddd3047b28b6e8a40f5c/elements - {"using":"xpath","value":"//button[@data-kt=\"addButton\"]"}
RESULT: {"using":"xpath","value":"//button[@data-kt=\"addButton\"]"}
COMMAND: POST /session/238fc7fdfbc7ddd3047b28b6e8a40f5c/elements - {"using":"xpath","value":"//button[@data-kt=\"addButton\"]"}
RESULT: {"using":"xpath","value":"//button[@data-kt=\"addButton\"]"}
COMMAND: POST /session/238fc7fdfbc7ddd3047b28b6e8a40f5c/elements - {"using":"xpath","value":"//button[@data-kt=\"addButton\"]"}
RESULT: {"using":"xpath","value":"//button[@data-kt=\"addButton\"]"}
COMMAND: POST /session/238fc7fdfbc7ddd3047b28b6e8a40f5c/elements - {"using":"xpath","value":"//button[@data-kt=\"addButton\"]"}
RESULT: {"using":"xpath","value":"//button[@data-kt=\"addButton\"]"}
COMMAND: POST /session/238fc7fdfbc7ddd3047b28b6e8a40f5c/elements - {"using":"xpath","value":"//button[@data-kt=\"addButton\"]"}
RESULT: {"using":"xpath","value":"//button[@data-kt=\"addButton\"]"}
COMMAND: POST /session/238fc7fdfbc7ddd3047b28b6e8a40f5c/elements - {"using":"xpath","value":"//button[@data-kt=\"addButton\"]"}
RESULT: {"using":"xpath","value":"//button[@data-kt=\"addButton\"]"}
COMMAND: POST /session/238fc7fdfbc7ddd3047b28b6e8a40f5c/elements - {"using":"xpath","value":"//button[@data-kt=\"addButton\"]"}
RESULT: {"using":"xpath","value":"//button[@data-kt=\"addButton\"]"}
COMMAND: POST /session/238fc7fdfbc7ddd3047b28b6e8a40f5c/elements - {"using":"xpath","value":"//button[@data-kt=\"addButton\"]"}
RESULT: {"using":"xpath","value":"//button[@data-kt=\"addButton\"]"}
COMMAND: POST /session/238fc7fdfbc7ddd3047b28b6e8a40f5c/elements - {"using":"xpath","value":"//button[@data-kt=\"addButton\"]"}
RESULT: {"using":"xpath","value":"//button[@data-kt=\"addButton\"]"}
COMMAND: POST /session/238fc7fdfbc7ddd3047b28b6e8a40f5c/elements - {"using":"xpath","value":"//button[@data-kt=\"addButton\"]"}
RESULT: {"using":"xpath","value":"//button[@data-kt=\"addButton\"]"}
COMMAND: POST /session/238fc7fdfbc7ddd3047b28b6e8a40f5c/elements - {"using":"xpath","value":"//button[@data-kt=\"addButton\"]"}
RESULT: {"using":"xpath","value":"//button[@data-kt=\"addButton\"]"}
COMMAND: POST /session/238fc7fdfbc7ddd3047b28b6e8a40f5c/elements - {"using":"xpath","value":"//button[@data-kt=\"addButton\"]"}
RESULT: {"using":"xpath","value":"//button[@data-kt=\"addButton\"]"}
COMMAND: POST /session/238fc7fdfbc7ddd3047b28b6e8a40f5c/elements - {"using":"xpath","value":"//button[@data-kt=\"addButton\"]"}
RESULT: {"using":"xpath","value":"//button[@data-kt=\"addButton\"]"}
COMMAND: POST /session/238fc7fdfbc7ddd3047b28b6e8a40f5c/elements - {"using":"xpath","value":"//button[@data-kt=\"addButton\"]"}
RESULT: {"using":"xpath","value":"//button[@data-kt=\"addButton\"]"}
COMMAND: POST /session/238fc7fdfbc7ddd3047b28b6e8a40f5c/elements - {"using":"xpath","value":"//button[@data-kt=\"addButton\"]"}
RESULT: {"using":"xpath","value":"//button[@data-kt=\"addButton\"]"}
COMMAND: POST /session/238fc7fdfbc7ddd3047b28b6e8a40f5c/elements - {"using":"xpath","value":"//button[@data-kt=\"addButton\"]"}
RESULT: {"using":"xpath","value":"//button[@data-kt=\"addButton\"]"}
COMMAND: POST /session/238fc7fdfbc7ddd3047b28b6e8a40f5c/elements - {"using":"xpath","value":"//button[@data-kt=\"addButton\"]"}
RESULT: {"using":"xpath","value":"//button[@data-kt=\"addButton\"]"}
COMMAND: POST /session/238fc7fdfbc7ddd3047b28b6e8a40f5c/elements - {"using":"xpath","value":"//button[@data-kt=\"addButton\"]"}
RESULT: {"using":"xpath","value":"//button[@data-kt=\"addButton\"]"}
COMMAND: POST /session/238fc7fdfbc7ddd3047b28b6e8a40f5c/elements - {"using":"xpath","value":"//button[@data-kt=\"addButton\"]"}
RESULT: {"using":"xpath","value":"//button[@data-kt=\"addButton\"]"}
COMMAND: POST /session/238fc7fdfbc7ddd3047b28b6e8a40f5c/elements - {"using":"xpath","value":"//button[@data-kt=\"addButton\"]"}
RESULT: {"using":"xpath","value":"//button[@data-kt=\"addButton\"]"}
COMMAND: POST /session/238fc7fdfbc7ddd3047b28b6e8a40f5c/elements - {"using":"xpath","value":"//button[@data-kt=\"addButton\"]"}
RESULT: {"using":"xpath","value":"//button[@data-kt=\"addButton\"]"}
COMMAND: POST /session/238fc7fdfbc7ddd3047b28b6e8a40f5c/elements - {"using":"xpath","value":"//button[@data-kt=\"addButton\"]"}
RESULT: {"using":"xpath","value":"//button[@data-kt=\"addButton\"]"}
COMMAND: POST /session/238fc7fdfbc7ddd3047b28b6e8a40f5c/elements - {"using":"xpath","value":"//button[@data-kt=\"addButton\"]"}
RESULT: {"using":"xpath","value":"//button[@data-kt=\"addButton\"]"}
COMMAND: POST /session/238fc7fdfbc7ddd3047b28b6e8a40f5c/elements - {"using":"xpath","value":"//button[@data-kt=\"addButton\"]"}
RESULT: {"using":"xpath","value":"//button[@data-kt=\"addButton\"]"}
COMMAND: POST /session/238fc7fdfbc7ddd3047b28b6e8a40f5c/elements - {"using":"xpath","value":"//button[@data-kt=\"addButton\"]"}
RESULT: {"using":"xpath","value":"//button[@data-kt=\"addButton\"]"}
COMMAND: POST /session/238fc7fdfbc7ddd3047b28b6e8a40f5c/elements - {"using":"xpath","value":"//button[@data-kt=\"addButton\"]"}
RESULT: {"using":"xpath","value":"//button[@data-kt=\"addButton\"]"}
COMMAND: POST /session/238fc7fdfbc7ddd3047b28b6e8a40f5c/elements - {"using":"xpath","value":"//button[@data-kt=\"addButton\"]"}
RESULT: {"using":"xpath","value":"//button[@data-kt=\"addButton\"]"}
COMMAND: POST /session/238fc7fdfbc7ddd3047b28b6e8a40f5c/elements - {"using":"xpath","value":"//button[@data-kt=\"addButton\"]"}
RESULT: {"using":"xpath","value":"//button[@data-kt=\"addButton\"]"}
COMMAND: POST /session/238fc7fdfbc7ddd3047b28b6e8a40f5c/elements - {"using":"xpath","value":"//button[@data-kt=\"addButton\"]"}
RESULT: {"using":"xpath","value":"//button[@data-kt=\"addButton\"]"}
COMMAND: POST /session/238fc7fdfbc7ddd3047b28b6e8a40f5c/elements - {"using":"xpath","value":"//button[@data-kt=\"addButton\"]"}
RESULT: {"using":"xpath","value":"//button[@data-kt=\"addButton\"]"}
COMMAND: POST /session/238fc7fdfbc7ddd3047b28b6e8a40f5c/elements - {"using":"xpath","value":"//button[@data-kt=\"addButton\"]"}
RESULT: {"using":"xpath","value":"//button[@data-kt=\"addButton\"]"}
COMMAND: POST /session/238fc7fdfbc7ddd3047b28b6e8a40f5c/elements - {"using":"xpath","value":"//button[@data-kt=\"addButton\"]"}
RESULT: {"using":"xpath","value":"//button[@data-kt=\"addButton\"]"}
COMMAND: POST /session/238fc7fdfbc7ddd3047b28b6e8a40f5c/elements - {"using":"xpath","value":"//button[@data-kt=\"addButton\"]"}
RESULT: {"using":"xpath","value":"//button[@data-kt=\"addButton\"]"}
COMMAND: POST /session/238fc7fdfbc7ddd3047b28b6e8a40f5c/elements - {"using":"xpath","value":"//button[@data-kt=\"addButton\"]"}
RESULT: {"using":"xpath","value":"//button[@data-kt=\"addButton\"]"}
COMMAND: POST /session/238fc7fdfbc7ddd3047b28b6e8a40f5c/elements - {"using":"xpath","value":"//button[@data-kt=\"addButton\"]"}
RESULT: {"using":"xpath","value":"//button[@data-kt=\"addButton\"]"}
COMMAND: POST /session/238fc7fdfbc7ddd3047b28b6e8a40f5c/elements - {"using":"xpath","value":"//button[@data-kt=\"addButton\"]"}
RESULT: {"using":"xpath","value":"//button[@data-kt=\"addButton\"]"}
COMMAND: POST /session/238fc7fdfbc7ddd3047b28b6e8a40f5c/elements - {"using":"xpath","value":"//button[@data-kt=\"addButton\"]"}
RESULT: {"using":"xpath","value":"//button[@data-kt=\"addButton\"]"}
COMMAND: POST /session/238fc7fdfbc7ddd3047b28b6e8a40f5c/elements - {"using":"xpath","value":"//button[@data-kt=\"addButton\"]"}
RESULT: {"using":"xpath","value":"//button[@data-kt=\"addButton\"]"}
COMMAND: POST /session/238fc7fdfbc7ddd3047b28b6e8a40f5c/elements - {"using":"xpath","value":"//button[@data-kt=\"addButton\"]"}
RESULT: {"using":"xpath","value":"//button[@data-kt=\"addButton\"]"}
COMMAND: POST /session/238fc7fdfbc7ddd3047b28b6e8a40f5c/elements - {"using":"xpath","value":"//button[@data-kt=\"addButton\"]"}
RESULT: {"using":"xpath","value":"//button[@data-kt=\"addButton\"]"}
COMMAND: POST /session/238fc7fdfbc7ddd3047b28b6e8a40f5c/elements - {"using":"xpath","value":"//button[@data-kt=\"addButton\"]"}
RESULT: {"using":"xpath","value":"//button[@data-kt=\"addButton\"]"}
COMMAND: POST /session/238fc7fdfbc7ddd3047b28b6e8a40f5c/elements - {"using":"xpath","value":"//button[@data-kt=\"addButton\"]"}
RESULT: {"using":"xpath","value":"//button[@data-kt=\"addButton\"]"}
COMMAND: POST /session/238fc7fdfbc7ddd3047b28b6e8a40f5c/elements - {"using":"xpath","value":"//button[@data-kt=\"addButton\"]"}
RESULT: {"using":"xpath","value":"//button[@data-kt=\"addButton\"]"}
COMMAND: POST /session/238fc7fdfbc7ddd3047b28b6e8a40f5c/elements - {"using":"xpath","value":"//button[@data-kt=\"addButton\"]"}
RESULT: {"using":"xpath","value":"//button[@data-kt=\"addButton\"]"}
COMMAND: POST /session/238fc7fdfbc7ddd3047b28b6e8a40f5c/elements - {"using":"xpath","value":"//button[@data-kt=\"addButton\"]"}
RESULT: {"using":"xpath","value":"//button[@data-kt=\"addButton\"]"}
COMMAND: POST /session/238fc7fdfbc7ddd3047b28b6e8a40f5c/elements - {"using":"xpath","value":"//button[@data-kt=\"addButton\"]"}
RESULT: {"using":"xpath","value":"//button[@data-kt=\"addButton\"]"}
COMMAND: POST /session/238fc7fdfbc7ddd3047b28b6e8a40f5c/elements - {"using":"xpath","value":"//button[@data-kt=\"addButton\"]"}
RESULT: {"using":"xpath","value":"//button[@data-kt=\"addButton\"]"}
COMMAND: POST /session/238fc7fdfbc7ddd3047b28b6e8a40f5c/elements - {"using":"xpath","value":"//button[@data-kt=\"addButton\"]"}
RESULT: {"using":"xpath","value":"//button[@data-kt=\"addButton\"]"}
COMMAND: POST /session/238fc7fdfbc7ddd3047b28b6e8a40f5c/elements - {"using":"xpath","value":"//button[@data-kt=\"addButton\"]"}
RESULT: {"using":"xpath","value":"//button[@data-kt=\"addButton\"]"}
COMMAND: POST /session/238fc7fdfbc7ddd3047b28b6e8a40f5c/elements - {"using":"xpath","value":"//button[@data-kt=\"addButton\"]"}
RESULT: {"using":"xpath","value":"//button[@data-kt=\"addButton\"]"}
COMMAND: POST /session/238fc7fdfbc7ddd3047b28b6e8a40f5c/elements - {"using":"xpath","value":"//button[@data-kt=\"addButton\"]"}
COMMAND: GET /session/238fc7fdfbc7ddd3047b28b6e8a40f5c/screenshot - {}
RESULT: {"using":"xpath","value":"//button[@data-kt=\"addButton\"]"}
RESULT: {}
]]></system-out>
      <system-err><![CDATA[
Error: element ("//button[@data-kt="addButton"]") still not existing after 45000ms
    at async Context.<anonymous> (D:\a\1\s\test\specs\BTS\manage-partners.spec.js:211:9)
]]></system-err>
    </testcase>
    <testcase classname="chrome.136_0_7103_49.windows.Partner_specific_tests_US150819_US151080_US151654_US151176_US103444_US151078_US151079_US151109_US151174_US151175_US151189" name="Should activate the created partner again US151176" time="55.768">
      <skipped />
      <system-out><![CDATA[
COMMAND: POST /session/238fc7fdfbc7ddd3047b28b6e8a40f5c/element - {"using":"xpath","value":"//li[.//span[text()=\"Manage Partners\"]]"}
COMMAND: GET /session/238fc7fdfbc7ddd3047b28b6e8a40f5c/screenshot - {}
RESULT: {"using":"xpath","value":"//li[.//span[text()=\"Manage Partners\"]]"}
COMMAND: POST /session/238fc7fdfbc7ddd3047b28b6e8a40f5c/element - {"using":"xpath","value":"//li[.//span[text()=\"Manage Partners\"]]"}
RESULT: {}
RESULT: {"using":"xpath","value":"//li[.//span[text()=\"Manage Partners\"]]"}
COMMAND: POST /session/238fc7fdfbc7ddd3047b28b6e8a40f5c/element - {"using":"css selector","value":"#shell-header-logo"}
RESULT: {"using":"css selector","value":"#shell-header-logo"}
COMMAND: POST /session/238fc7fdfbc7ddd3047b28b6e8a40f5c/element/f.EAD3BD8A607B3C6B0F6571D6E04F04B4.d.7BA4A0B2CE5E3B51676170DEA9A017EC.e.273/click - {}
COMMAND: POST /session/238fc7fdfbc7ddd3047b28b6e8a40f5c/execute/sync - {"script":"<script> [8489 bytes]","args":[{"element-6066-11e4-a52e-4f735466cecf":"f.EAD3BD8A607B3C6B0F6571D6E04F04B4.d.7BA4A0B2CE5E3B51676170DEA9A017EC.e.273","ELEMENT":"f.EAD3BD8A607B3C6B0F6571D6E04F04B4.d.7BA4A0B2CE5E3B51676170DEA9A017EC.e.273"}]}
RESULT: {"script":"<script> [8489 bytes]","args":[{"element-6066-11e4-a52e-4f735466cecf":"f.EAD3BD8A607B3C6B0F6571D6E04F04B4.d.7BA4A0B2CE5E3B51676170DEA9A017EC.e.273","ELEMENT":"f.EAD3BD8A607B3C6B0F6571D6E04F04B4.d.7BA4A0B2CE5E3B51676170DEA9A017EC.e.273"}]}
COMMAND: POST /session/238fc7fdfbc7ddd3047b28b6e8a40f5c/execute/sync - {"script":"<script> [5351 bytes]","args":[{"element-6066-11e4-a52e-4f735466cecf":"f.EAD3BD8A607B3C6B0F6571D6E04F04B4.d.7BA4A0B2CE5E3B51676170DEA9A017EC.e.273","ELEMENT":"f.EAD3BD8A607B3C6B0F6571D6E04F04B4.d.7BA4A0B2CE5E3B51676170DEA9A017EC.e.273"}]}
COMMAND: GET /session/238fc7fdfbc7ddd3047b28b6e8a40f5c/screenshot - {}
RESULT: {"script":"<script> [5351 bytes]","args":[{"element-6066-11e4-a52e-4f735466cecf":"f.EAD3BD8A607B3C6B0F6571D6E04F04B4.d.7BA4A0B2CE5E3B51676170DEA9A017EC.e.273","ELEMENT":"f.EAD3BD8A607B3C6B0F6571D6E04F04B4.d.7BA4A0B2CE5E3B51676170DEA9A017EC.e.273"}]}
COMMAND: GET /session/238fc7fdfbc7ddd3047b28b6e8a40f5c/screenshot - {}
RESULT: {}
RESULT: {}
RESULT: undefined
COMMAND: POST /session/238fc7fdfbc7ddd3047b28b6e8a40f5c/element - {"using":"xpath","value":"//button[@data-kt=\"addButton\"]"}
RESULT: {"using":"xpath","value":"//button[@data-kt=\"addButton\"]"}
COMMAND: POST /session/238fc7fdfbc7ddd3047b28b6e8a40f5c/elements - {"using":"xpath","value":"//button[@data-kt=\"addButton\"]"}
RESULT: {"using":"xpath","value":"//button[@data-kt=\"addButton\"]"}
COMMAND: POST /session/238fc7fdfbc7ddd3047b28b6e8a40f5c/elements - {"using":"xpath","value":"//button[@data-kt=\"addButton\"]"}
RESULT: {"using":"xpath","value":"//button[@data-kt=\"addButton\"]"}
COMMAND: POST /session/238fc7fdfbc7ddd3047b28b6e8a40f5c/elements - {"using":"xpath","value":"//button[@data-kt=\"addButton\"]"}
RESULT: {"using":"xpath","value":"//button[@data-kt=\"addButton\"]"}
COMMAND: POST /session/238fc7fdfbc7ddd3047b28b6e8a40f5c/elements - {"using":"xpath","value":"//button[@data-kt=\"addButton\"]"}
RESULT: {"using":"xpath","value":"//button[@data-kt=\"addButton\"]"}
COMMAND: POST /session/238fc7fdfbc7ddd3047b28b6e8a40f5c/elements - {"using":"xpath","value":"//button[@data-kt=\"addButton\"]"}
RESULT: {"using":"xpath","value":"//button[@data-kt=\"addButton\"]"}
COMMAND: POST /session/238fc7fdfbc7ddd3047b28b6e8a40f5c/elements - {"using":"xpath","value":"//button[@data-kt=\"addButton\"]"}
RESULT: {"using":"xpath","value":"//button[@data-kt=\"addButton\"]"}
COMMAND: POST /session/238fc7fdfbc7ddd3047b28b6e8a40f5c/elements - {"using":"xpath","value":"//button[@data-kt=\"addButton\"]"}
RESULT: {"using":"xpath","value":"//button[@data-kt=\"addButton\"]"}
COMMAND: POST /session/238fc7fdfbc7ddd3047b28b6e8a40f5c/elements - {"using":"xpath","value":"//button[@data-kt=\"addButton\"]"}
RESULT: {"using":"xpath","value":"//button[@data-kt=\"addButton\"]"}
COMMAND: POST /session/238fc7fdfbc7ddd3047b28b6e8a40f5c/elements - {"using":"xpath","value":"//button[@data-kt=\"addButton\"]"}
RESULT: {"using":"xpath","value":"//button[@data-kt=\"addButton\"]"}
COMMAND: POST /session/238fc7fdfbc7ddd3047b28b6e8a40f5c/elements - {"using":"xpath","value":"//button[@data-kt=\"addButton\"]"}
RESULT: {"using":"xpath","value":"//button[@data-kt=\"addButton\"]"}
COMMAND: POST /session/238fc7fdfbc7ddd3047b28b6e8a40f5c/elements - {"using":"xpath","value":"//button[@data-kt=\"addButton\"]"}
RESULT: {"using":"xpath","value":"//button[@data-kt=\"addButton\"]"}
COMMAND: POST /session/238fc7fdfbc7ddd3047b28b6e8a40f5c/elements - {"using":"xpath","value":"//button[@data-kt=\"addButton\"]"}
RESULT: {"using":"xpath","value":"//button[@data-kt=\"addButton\"]"}
COMMAND: POST /session/238fc7fdfbc7ddd3047b28b6e8a40f5c/elements - {"using":"xpath","value":"//button[@data-kt=\"addButton\"]"}
RESULT: {"using":"xpath","value":"//button[@data-kt=\"addButton\"]"}
COMMAND: POST /session/238fc7fdfbc7ddd3047b28b6e8a40f5c/elements - {"using":"xpath","value":"//button[@data-kt=\"addButton\"]"}
RESULT: {"using":"xpath","value":"//button[@data-kt=\"addButton\"]"}
COMMAND: POST /session/238fc7fdfbc7ddd3047b28b6e8a40f5c/elements - {"using":"xpath","value":"//button[@data-kt=\"addButton\"]"}
RESULT: {"using":"xpath","value":"//button[@data-kt=\"addButton\"]"}
COMMAND: POST /session/238fc7fdfbc7ddd3047b28b6e8a40f5c/elements - {"using":"xpath","value":"//button[@data-kt=\"addButton\"]"}
RESULT: {"using":"xpath","value":"//button[@data-kt=\"addButton\"]"}
COMMAND: POST /session/238fc7fdfbc7ddd3047b28b6e8a40f5c/elements - {"using":"xpath","value":"//button[@data-kt=\"addButton\"]"}
RESULT: {"using":"xpath","value":"//button[@data-kt=\"addButton\"]"}
COMMAND: POST /session/238fc7fdfbc7ddd3047b28b6e8a40f5c/elements - {"using":"xpath","value":"//button[@data-kt=\"addButton\"]"}
RESULT: {"using":"xpath","value":"//button[@data-kt=\"addButton\"]"}
COMMAND: POST /session/238fc7fdfbc7ddd3047b28b6e8a40f5c/elements - {"using":"xpath","value":"//button[@data-kt=\"addButton\"]"}
RESULT: {"using":"xpath","value":"//button[@data-kt=\"addButton\"]"}
COMMAND: POST /session/238fc7fdfbc7ddd3047b28b6e8a40f5c/elements - {"using":"xpath","value":"//button[@data-kt=\"addButton\"]"}
RESULT: {"using":"xpath","value":"//button[@data-kt=\"addButton\"]"}
COMMAND: POST /session/238fc7fdfbc7ddd3047b28b6e8a40f5c/elements - {"using":"xpath","value":"//button[@data-kt=\"addButton\"]"}
RESULT: {"using":"xpath","value":"//button[@data-kt=\"addButton\"]"}
COMMAND: POST /session/238fc7fdfbc7ddd3047b28b6e8a40f5c/elements - {"using":"xpath","value":"//button[@data-kt=\"addButton\"]"}
RESULT: {"using":"xpath","value":"//button[@data-kt=\"addButton\"]"}
COMMAND: POST /session/238fc7fdfbc7ddd3047b28b6e8a40f5c/elements - {"using":"xpath","value":"//button[@data-kt=\"addButton\"]"}
RESULT: {"using":"xpath","value":"//button[@data-kt=\"addButton\"]"}
COMMAND: POST /session/238fc7fdfbc7ddd3047b28b6e8a40f5c/elements - {"using":"xpath","value":"//button[@data-kt=\"addButton\"]"}
RESULT: {"using":"xpath","value":"//button[@data-kt=\"addButton\"]"}
COMMAND: POST /session/238fc7fdfbc7ddd3047b28b6e8a40f5c/elements - {"using":"xpath","value":"//button[@data-kt=\"addButton\"]"}
RESULT: {"using":"xpath","value":"//button[@data-kt=\"addButton\"]"}
COMMAND: POST /session/238fc7fdfbc7ddd3047b28b6e8a40f5c/elements - {"using":"xpath","value":"//button[@data-kt=\"addButton\"]"}
RESULT: {"using":"xpath","value":"//button[@data-kt=\"addButton\"]"}
COMMAND: POST /session/238fc7fdfbc7ddd3047b28b6e8a40f5c/elements - {"using":"xpath","value":"//button[@data-kt=\"addButton\"]"}
RESULT: {"using":"xpath","value":"//button[@data-kt=\"addButton\"]"}
COMMAND: POST /session/238fc7fdfbc7ddd3047b28b6e8a40f5c/elements - {"using":"xpath","value":"//button[@data-kt=\"addButton\"]"}
RESULT: {"using":"xpath","value":"//button[@data-kt=\"addButton\"]"}
COMMAND: POST /session/238fc7fdfbc7ddd3047b28b6e8a40f5c/elements - {"using":"xpath","value":"//button[@data-kt=\"addButton\"]"}
RESULT: {"using":"xpath","value":"//button[@data-kt=\"addButton\"]"}
COMMAND: POST /session/238fc7fdfbc7ddd3047b28b6e8a40f5c/elements - {"using":"xpath","value":"//button[@data-kt=\"addButton\"]"}
RESULT: {"using":"xpath","value":"//button[@data-kt=\"addButton\"]"}
COMMAND: POST /session/238fc7fdfbc7ddd3047b28b6e8a40f5c/elements - {"using":"xpath","value":"//button[@data-kt=\"addButton\"]"}
RESULT: {"using":"xpath","value":"//button[@data-kt=\"addButton\"]"}
COMMAND: POST /session/238fc7fdfbc7ddd3047b28b6e8a40f5c/elements - {"using":"xpath","value":"//button[@data-kt=\"addButton\"]"}
RESULT: {"using":"xpath","value":"//button[@data-kt=\"addButton\"]"}
COMMAND: POST /session/238fc7fdfbc7ddd3047b28b6e8a40f5c/elements - {"using":"xpath","value":"//button[@data-kt=\"addButton\"]"}
RESULT: {"using":"xpath","value":"//button[@data-kt=\"addButton\"]"}
COMMAND: POST /session/238fc7fdfbc7ddd3047b28b6e8a40f5c/elements - {"using":"xpath","value":"//button[@data-kt=\"addButton\"]"}
RESULT: {"using":"xpath","value":"//button[@data-kt=\"addButton\"]"}
COMMAND: POST /session/238fc7fdfbc7ddd3047b28b6e8a40f5c/elements - {"using":"xpath","value":"//button[@data-kt=\"addButton\"]"}
RESULT: {"using":"xpath","value":"//button[@data-kt=\"addButton\"]"}
COMMAND: POST /session/238fc7fdfbc7ddd3047b28b6e8a40f5c/elements - {"using":"xpath","value":"//button[@data-kt=\"addButton\"]"}
RESULT: {"using":"xpath","value":"//button[@data-kt=\"addButton\"]"}
COMMAND: POST /session/238fc7fdfbc7ddd3047b28b6e8a40f5c/elements - {"using":"xpath","value":"//button[@data-kt=\"addButton\"]"}
RESULT: {"using":"xpath","value":"//button[@data-kt=\"addButton\"]"}
COMMAND: POST /session/238fc7fdfbc7ddd3047b28b6e8a40f5c/elements - {"using":"xpath","value":"//button[@data-kt=\"addButton\"]"}
RESULT: {"using":"xpath","value":"//button[@data-kt=\"addButton\"]"}
COMMAND: POST /session/238fc7fdfbc7ddd3047b28b6e8a40f5c/elements - {"using":"xpath","value":"//button[@data-kt=\"addButton\"]"}
RESULT: {"using":"xpath","value":"//button[@data-kt=\"addButton\"]"}
COMMAND: POST /session/238fc7fdfbc7ddd3047b28b6e8a40f5c/elements - {"using":"xpath","value":"//button[@data-kt=\"addButton\"]"}
RESULT: {"using":"xpath","value":"//button[@data-kt=\"addButton\"]"}
COMMAND: POST /session/238fc7fdfbc7ddd3047b28b6e8a40f5c/elements - {"using":"xpath","value":"//button[@data-kt=\"addButton\"]"}
RESULT: {"using":"xpath","value":"//button[@data-kt=\"addButton\"]"}
COMMAND: POST /session/238fc7fdfbc7ddd3047b28b6e8a40f5c/elements - {"using":"xpath","value":"//button[@data-kt=\"addButton\"]"}
RESULT: {"using":"xpath","value":"//button[@data-kt=\"addButton\"]"}
COMMAND: POST /session/238fc7fdfbc7ddd3047b28b6e8a40f5c/elements - {"using":"xpath","value":"//button[@data-kt=\"addButton\"]"}
RESULT: {"using":"xpath","value":"//button[@data-kt=\"addButton\"]"}
COMMAND: POST /session/238fc7fdfbc7ddd3047b28b6e8a40f5c/elements - {"using":"xpath","value":"//button[@data-kt=\"addButton\"]"}
RESULT: {"using":"xpath","value":"//button[@data-kt=\"addButton\"]"}
COMMAND: POST /session/238fc7fdfbc7ddd3047b28b6e8a40f5c/elements - {"using":"xpath","value":"//button[@data-kt=\"addButton\"]"}
RESULT: {"using":"xpath","value":"//button[@data-kt=\"addButton\"]"}
COMMAND: POST /session/238fc7fdfbc7ddd3047b28b6e8a40f5c/elements - {"using":"xpath","value":"//button[@data-kt=\"addButton\"]"}
RESULT: {"using":"xpath","value":"//button[@data-kt=\"addButton\"]"}
COMMAND: POST /session/238fc7fdfbc7ddd3047b28b6e8a40f5c/elements - {"using":"xpath","value":"//button[@data-kt=\"addButton\"]"}
RESULT: {"using":"xpath","value":"//button[@data-kt=\"addButton\"]"}
COMMAND: POST /session/238fc7fdfbc7ddd3047b28b6e8a40f5c/elements - {"using":"xpath","value":"//button[@data-kt=\"addButton\"]"}
RESULT: {"using":"xpath","value":"//button[@data-kt=\"addButton\"]"}
COMMAND: POST /session/238fc7fdfbc7ddd3047b28b6e8a40f5c/elements - {"using":"xpath","value":"//button[@data-kt=\"addButton\"]"}
RESULT: {"using":"xpath","value":"//button[@data-kt=\"addButton\"]"}
COMMAND: POST /session/238fc7fdfbc7ddd3047b28b6e8a40f5c/elements - {"using":"xpath","value":"//button[@data-kt=\"addButton\"]"}
RESULT: {"using":"xpath","value":"//button[@data-kt=\"addButton\"]"}
COMMAND: POST /session/238fc7fdfbc7ddd3047b28b6e8a40f5c/elements - {"using":"xpath","value":"//button[@data-kt=\"addButton\"]"}
RESULT: {"using":"xpath","value":"//button[@data-kt=\"addButton\"]"}
COMMAND: POST /session/238fc7fdfbc7ddd3047b28b6e8a40f5c/elements - {"using":"xpath","value":"//button[@data-kt=\"addButton\"]"}
RESULT: {"using":"xpath","value":"//button[@data-kt=\"addButton\"]"}
COMMAND: POST /session/238fc7fdfbc7ddd3047b28b6e8a40f5c/elements - {"using":"xpath","value":"//button[@data-kt=\"addButton\"]"}
RESULT: {"using":"xpath","value":"//button[@data-kt=\"addButton\"]"}
COMMAND: POST /session/238fc7fdfbc7ddd3047b28b6e8a40f5c/elements - {"using":"xpath","value":"//button[@data-kt=\"addButton\"]"}
RESULT: {"using":"xpath","value":"//button[@data-kt=\"addButton\"]"}
COMMAND: POST /session/238fc7fdfbc7ddd3047b28b6e8a40f5c/elements - {"using":"xpath","value":"//button[@data-kt=\"addButton\"]"}
RESULT: {"using":"xpath","value":"//button[@data-kt=\"addButton\"]"}
COMMAND: POST /session/238fc7fdfbc7ddd3047b28b6e8a40f5c/elements - {"using":"xpath","value":"//button[@data-kt=\"addButton\"]"}
RESULT: {"using":"xpath","value":"//button[@data-kt=\"addButton\"]"}
COMMAND: POST /session/238fc7fdfbc7ddd3047b28b6e8a40f5c/elements - {"using":"xpath","value":"//button[@data-kt=\"addButton\"]"}
RESULT: {"using":"xpath","value":"//button[@data-kt=\"addButton\"]"}
COMMAND: POST /session/238fc7fdfbc7ddd3047b28b6e8a40f5c/elements - {"using":"xpath","value":"//button[@data-kt=\"addButton\"]"}
RESULT: {"using":"xpath","value":"//button[@data-kt=\"addButton\"]"}
COMMAND: POST /session/238fc7fdfbc7ddd3047b28b6e8a40f5c/elements - {"using":"xpath","value":"//button[@data-kt=\"addButton\"]"}
RESULT: {"using":"xpath","value":"//button[@data-kt=\"addButton\"]"}
COMMAND: POST /session/238fc7fdfbc7ddd3047b28b6e8a40f5c/elements - {"using":"xpath","value":"//button[@data-kt=\"addButton\"]"}
RESULT: {"using":"xpath","value":"//button[@data-kt=\"addButton\"]"}
COMMAND: POST /session/238fc7fdfbc7ddd3047b28b6e8a40f5c/elements - {"using":"xpath","value":"//button[@data-kt=\"addButton\"]"}
RESULT: {"using":"xpath","value":"//button[@data-kt=\"addButton\"]"}
COMMAND: POST /session/238fc7fdfbc7ddd3047b28b6e8a40f5c/elements - {"using":"xpath","value":"//button[@data-kt=\"addButton\"]"}
RESULT: {"using":"xpath","value":"//button[@data-kt=\"addButton\"]"}
COMMAND: POST /session/238fc7fdfbc7ddd3047b28b6e8a40f5c/elements - {"using":"xpath","value":"//button[@data-kt=\"addButton\"]"}
RESULT: {"using":"xpath","value":"//button[@data-kt=\"addButton\"]"}
COMMAND: POST /session/238fc7fdfbc7ddd3047b28b6e8a40f5c/elements - {"using":"xpath","value":"//button[@data-kt=\"addButton\"]"}
RESULT: {"using":"xpath","value":"//button[@data-kt=\"addButton\"]"}
COMMAND: POST /session/238fc7fdfbc7ddd3047b28b6e8a40f5c/elements - {"using":"xpath","value":"//button[@data-kt=\"addButton\"]"}
RESULT: {"using":"xpath","value":"//button[@data-kt=\"addButton\"]"}
COMMAND: POST /session/238fc7fdfbc7ddd3047b28b6e8a40f5c/elements - {"using":"xpath","value":"//button[@data-kt=\"addButton\"]"}
RESULT: {"using":"xpath","value":"//button[@data-kt=\"addButton\"]"}
COMMAND: POST /session/238fc7fdfbc7ddd3047b28b6e8a40f5c/elements - {"using":"xpath","value":"//button[@data-kt=\"addButton\"]"}
RESULT: {"using":"xpath","value":"//button[@data-kt=\"addButton\"]"}
COMMAND: POST /session/238fc7fdfbc7ddd3047b28b6e8a40f5c/elements - {"using":"xpath","value":"//button[@data-kt=\"addButton\"]"}
RESULT: {"using":"xpath","value":"//button[@data-kt=\"addButton\"]"}
COMMAND: POST /session/238fc7fdfbc7ddd3047b28b6e8a40f5c/elements - {"using":"xpath","value":"//button[@data-kt=\"addButton\"]"}
RESULT: {"using":"xpath","value":"//button[@data-kt=\"addButton\"]"}
COMMAND: POST /session/238fc7fdfbc7ddd3047b28b6e8a40f5c/elements - {"using":"xpath","value":"//button[@data-kt=\"addButton\"]"}
RESULT: {"using":"xpath","value":"//button[@data-kt=\"addButton\"]"}
COMMAND: POST /session/238fc7fdfbc7ddd3047b28b6e8a40f5c/elements - {"using":"xpath","value":"//button[@data-kt=\"addButton\"]"}
RESULT: {"using":"xpath","value":"//button[@data-kt=\"addButton\"]"}
COMMAND: POST /session/238fc7fdfbc7ddd3047b28b6e8a40f5c/elements - {"using":"xpath","value":"//button[@data-kt=\"addButton\"]"}
RESULT: {"using":"xpath","value":"//button[@data-kt=\"addButton\"]"}
COMMAND: POST /session/238fc7fdfbc7ddd3047b28b6e8a40f5c/elements - {"using":"xpath","value":"//button[@data-kt=\"addButton\"]"}
RESULT: {"using":"xpath","value":"//button[@data-kt=\"addButton\"]"}
COMMAND: POST /session/238fc7fdfbc7ddd3047b28b6e8a40f5c/elements - {"using":"xpath","value":"//button[@data-kt=\"addButton\"]"}
RESULT: {"using":"xpath","value":"//button[@data-kt=\"addButton\"]"}
COMMAND: POST /session/238fc7fdfbc7ddd3047b28b6e8a40f5c/elements - {"using":"xpath","value":"//button[@data-kt=\"addButton\"]"}
RESULT: {"using":"xpath","value":"//button[@data-kt=\"addButton\"]"}
COMMAND: POST /session/238fc7fdfbc7ddd3047b28b6e8a40f5c/elements - {"using":"xpath","value":"//button[@data-kt=\"addButton\"]"}
RESULT: {"using":"xpath","value":"//button[@data-kt=\"addButton\"]"}
COMMAND: POST /session/238fc7fdfbc7ddd3047b28b6e8a40f5c/elements - {"using":"xpath","value":"//button[@data-kt=\"addButton\"]"}
RESULT: {"using":"xpath","value":"//button[@data-kt=\"addButton\"]"}
COMMAND: POST /session/238fc7fdfbc7ddd3047b28b6e8a40f5c/elements - {"using":"xpath","value":"//button[@data-kt=\"addButton\"]"}
RESULT: {"using":"xpath","value":"//button[@data-kt=\"addButton\"]"}
COMMAND: POST /session/238fc7fdfbc7ddd3047b28b6e8a40f5c/elements - {"using":"xpath","value":"//button[@data-kt=\"addButton\"]"}
RESULT: {"using":"xpath","value":"//button[@data-kt=\"addButton\"]"}
COMMAND: POST /session/238fc7fdfbc7ddd3047b28b6e8a40f5c/elements - {"using":"xpath","value":"//button[@data-kt=\"addButton\"]"}
RESULT: {"using":"xpath","value":"//button[@data-kt=\"addButton\"]"}
COMMAND: POST /session/238fc7fdfbc7ddd3047b28b6e8a40f5c/elements - {"using":"xpath","value":"//button[@data-kt=\"addButton\"]"}
RESULT: {"using":"xpath","value":"//button[@data-kt=\"addButton\"]"}
COMMAND: POST /session/238fc7fdfbc7ddd3047b28b6e8a40f5c/elements - {"using":"xpath","value":"//button[@data-kt=\"addButton\"]"}
RESULT: {"using":"xpath","value":"//button[@data-kt=\"addButton\"]"}
COMMAND: POST /session/238fc7fdfbc7ddd3047b28b6e8a40f5c/elements - {"using":"xpath","value":"//button[@data-kt=\"addButton\"]"}
RESULT: {"using":"xpath","value":"//button[@data-kt=\"addButton\"]"}
COMMAND: POST /session/238fc7fdfbc7ddd3047b28b6e8a40f5c/elements - {"using":"xpath","value":"//button[@data-kt=\"addButton\"]"}
RESULT: {"using":"xpath","value":"//button[@data-kt=\"addButton\"]"}
COMMAND: POST /session/238fc7fdfbc7ddd3047b28b6e8a40f5c/elements - {"using":"xpath","value":"//button[@data-kt=\"addButton\"]"}
RESULT: {"using":"xpath","value":"//button[@data-kt=\"addButton\"]"}
COMMAND: POST /session/238fc7fdfbc7ddd3047b28b6e8a40f5c/elements - {"using":"xpath","value":"//button[@data-kt=\"addButton\"]"}
RESULT: {"using":"xpath","value":"//button[@data-kt=\"addButton\"]"}
COMMAND: POST /session/238fc7fdfbc7ddd3047b28b6e8a40f5c/elements - {"using":"xpath","value":"//button[@data-kt=\"addButton\"]"}
RESULT: {"using":"xpath","value":"//button[@data-kt=\"addButton\"]"}
COMMAND: POST /session/238fc7fdfbc7ddd3047b28b6e8a40f5c/elements - {"using":"xpath","value":"//button[@data-kt=\"addButton\"]"}
RESULT: {"using":"xpath","value":"//button[@data-kt=\"addButton\"]"}
COMMAND: POST /session/238fc7fdfbc7ddd3047b28b6e8a40f5c/elements - {"using":"xpath","value":"//button[@data-kt=\"addButton\"]"}
RESULT: {"using":"xpath","value":"//button[@data-kt=\"addButton\"]"}
COMMAND: POST /session/238fc7fdfbc7ddd3047b28b6e8a40f5c/elements - {"using":"xpath","value":"//button[@data-kt=\"addButton\"]"}
RESULT: {"using":"xpath","value":"//button[@data-kt=\"addButton\"]"}
COMMAND: GET /session/238fc7fdfbc7ddd3047b28b6e8a40f5c/screenshot - {}
RESULT: {}
]]></system-out>
      <system-err><![CDATA[
Error: element ("//button[@data-kt="addButton"]") still not existing after 45000ms
    at async Context.<anonymous> (D:\a\1\s\test\specs\BTS\manage-partners.spec.js:286:9)
]]></system-err>
    </testcase>
    <testcase classname="chrome.136_0_7103_49.windows.Partner_specific_tests_US150819_US151080_US151654_US151176_US103444_US151078_US151079_US151109_US151174_US151175_US151189" name="Should activate the created partner again US151176" time="55.42">
      <skipped />
      <system-out><![CDATA[
COMMAND: POST /session/238fc7fdfbc7ddd3047b28b6e8a40f5c/element - {"using":"xpath","value":"//li[.//span[text()=\"Manage Partners\"]]"}
RESULT: {"using":"xpath","value":"//li[.//span[text()=\"Manage Partners\"]]"}
COMMAND: POST /session/238fc7fdfbc7ddd3047b28b6e8a40f5c/element - {"using":"xpath","value":"//li[.//span[text()=\"Manage Partners\"]]"}
RESULT: {"using":"xpath","value":"//li[.//span[text()=\"Manage Partners\"]]"}
COMMAND: POST /session/238fc7fdfbc7ddd3047b28b6e8a40f5c/element - {"using":"css selector","value":"#shell-header-logo"}
RESULT: {"using":"css selector","value":"#shell-header-logo"}
COMMAND: POST /session/238fc7fdfbc7ddd3047b28b6e8a40f5c/element/f.EAD3BD8A607B3C6B0F6571D6E04F04B4.d.7BA4A0B2CE5E3B51676170DEA9A017EC.e.273/click - {}
COMMAND: POST /session/238fc7fdfbc7ddd3047b28b6e8a40f5c/execute/sync - {"script":"<script> [8489 bytes]","args":[{"element-6066-11e4-a52e-4f735466cecf":"f.EAD3BD8A607B3C6B0F6571D6E04F04B4.d.7BA4A0B2CE5E3B51676170DEA9A017EC.e.273","ELEMENT":"f.EAD3BD8A607B3C6B0F6571D6E04F04B4.d.7BA4A0B2CE5E3B51676170DEA9A017EC.e.273"}]}
RESULT: {"script":"<script> [8489 bytes]","args":[{"element-6066-11e4-a52e-4f735466cecf":"f.EAD3BD8A607B3C6B0F6571D6E04F04B4.d.7BA4A0B2CE5E3B51676170DEA9A017EC.e.273","ELEMENT":"f.EAD3BD8A607B3C6B0F6571D6E04F04B4.d.7BA4A0B2CE5E3B51676170DEA9A017EC.e.273"}]}
COMMAND: POST /session/238fc7fdfbc7ddd3047b28b6e8a40f5c/execute/sync - {"script":"<script> [5351 bytes]","args":[{"element-6066-11e4-a52e-4f735466cecf":"f.EAD3BD8A607B3C6B0F6571D6E04F04B4.d.7BA4A0B2CE5E3B51676170DEA9A017EC.e.273","ELEMENT":"f.EAD3BD8A607B3C6B0F6571D6E04F04B4.d.7BA4A0B2CE5E3B51676170DEA9A017EC.e.273"}]}
COMMAND: GET /session/238fc7fdfbc7ddd3047b28b6e8a40f5c/screenshot - {}
RESULT: {"script":"<script> [5351 bytes]","args":[{"element-6066-11e4-a52e-4f735466cecf":"f.EAD3BD8A607B3C6B0F6571D6E04F04B4.d.7BA4A0B2CE5E3B51676170DEA9A017EC.e.273","ELEMENT":"f.EAD3BD8A607B3C6B0F6571D6E04F04B4.d.7BA4A0B2CE5E3B51676170DEA9A017EC.e.273"}]}
COMMAND: GET /session/238fc7fdfbc7ddd3047b28b6e8a40f5c/screenshot - {}
RESULT: {}
RESULT: {}
RESULT: undefined
COMMAND: POST /session/238fc7fdfbc7ddd3047b28b6e8a40f5c/element - {"using":"xpath","value":"//button[@data-kt=\"addButton\"]"}
RESULT: {"using":"xpath","value":"//button[@data-kt=\"addButton\"]"}
COMMAND: POST /session/238fc7fdfbc7ddd3047b28b6e8a40f5c/elements - {"using":"xpath","value":"//button[@data-kt=\"addButton\"]"}
RESULT: {"using":"xpath","value":"//button[@data-kt=\"addButton\"]"}
COMMAND: POST /session/238fc7fdfbc7ddd3047b28b6e8a40f5c/elements - {"using":"xpath","value":"//button[@data-kt=\"addButton\"]"}
RESULT: {"using":"xpath","value":"//button[@data-kt=\"addButton\"]"}
COMMAND: POST /session/238fc7fdfbc7ddd3047b28b6e8a40f5c/elements - {"using":"xpath","value":"//button[@data-kt=\"addButton\"]"}
RESULT: {"using":"xpath","value":"//button[@data-kt=\"addButton\"]"}
COMMAND: POST /session/238fc7fdfbc7ddd3047b28b6e8a40f5c/elements - {"using":"xpath","value":"//button[@data-kt=\"addButton\"]"}
RESULT: {"using":"xpath","value":"//button[@data-kt=\"addButton\"]"}
COMMAND: POST /session/238fc7fdfbc7ddd3047b28b6e8a40f5c/elements - {"using":"xpath","value":"//button[@data-kt=\"addButton\"]"}
RESULT: {"using":"xpath","value":"//button[@data-kt=\"addButton\"]"}
COMMAND: POST /session/238fc7fdfbc7ddd3047b28b6e8a40f5c/elements - {"using":"xpath","value":"//button[@data-kt=\"addButton\"]"}
RESULT: {"using":"xpath","value":"//button[@data-kt=\"addButton\"]"}
COMMAND: POST /session/238fc7fdfbc7ddd3047b28b6e8a40f5c/elements - {"using":"xpath","value":"//button[@data-kt=\"addButton\"]"}
RESULT: {"using":"xpath","value":"//button[@data-kt=\"addButton\"]"}
COMMAND: POST /session/238fc7fdfbc7ddd3047b28b6e8a40f5c/elements - {"using":"xpath","value":"//button[@data-kt=\"addButton\"]"}
RESULT: {"using":"xpath","value":"//button[@data-kt=\"addButton\"]"}
COMMAND: POST /session/238fc7fdfbc7ddd3047b28b6e8a40f5c/elements - {"using":"xpath","value":"//button[@data-kt=\"addButton\"]"}
RESULT: {"using":"xpath","value":"//button[@data-kt=\"addButton\"]"}
COMMAND: POST /session/238fc7fdfbc7ddd3047b28b6e8a40f5c/elements - {"using":"xpath","value":"//button[@data-kt=\"addButton\"]"}
RESULT: {"using":"xpath","value":"//button[@data-kt=\"addButton\"]"}
COMMAND: POST /session/238fc7fdfbc7ddd3047b28b6e8a40f5c/elements - {"using":"xpath","value":"//button[@data-kt=\"addButton\"]"}
RESULT: {"using":"xpath","value":"//button[@data-kt=\"addButton\"]"}
COMMAND: POST /session/238fc7fdfbc7ddd3047b28b6e8a40f5c/elements - {"using":"xpath","value":"//button[@data-kt=\"addButton\"]"}
RESULT: {"using":"xpath","value":"//button[@data-kt=\"addButton\"]"}
COMMAND: POST /session/238fc7fdfbc7ddd3047b28b6e8a40f5c/elements - {"using":"xpath","value":"//button[@data-kt=\"addButton\"]"}
RESULT: {"using":"xpath","value":"//button[@data-kt=\"addButton\"]"}
COMMAND: POST /session/238fc7fdfbc7ddd3047b28b6e8a40f5c/elements - {"using":"xpath","value":"//button[@data-kt=\"addButton\"]"}
RESULT: {"using":"xpath","value":"//button[@data-kt=\"addButton\"]"}
COMMAND: POST /session/238fc7fdfbc7ddd3047b28b6e8a40f5c/elements - {"using":"xpath","value":"//button[@data-kt=\"addButton\"]"}
RESULT: {"using":"xpath","value":"//button[@data-kt=\"addButton\"]"}
COMMAND: POST /session/238fc7fdfbc7ddd3047b28b6e8a40f5c/elements - {"using":"xpath","value":"//button[@data-kt=\"addButton\"]"}
RESULT: {"using":"xpath","value":"//button[@data-kt=\"addButton\"]"}
COMMAND: POST /session/238fc7fdfbc7ddd3047b28b6e8a40f5c/elements - {"using":"xpath","value":"//button[@data-kt=\"addButton\"]"}
RESULT: {"using":"xpath","value":"//button[@data-kt=\"addButton\"]"}
COMMAND: POST /session/238fc7fdfbc7ddd3047b28b6e8a40f5c/elements - {"using":"xpath","value":"//button[@data-kt=\"addButton\"]"}
RESULT: {"using":"xpath","value":"//button[@data-kt=\"addButton\"]"}
COMMAND: POST /session/238fc7fdfbc7ddd3047b28b6e8a40f5c/elements - {"using":"xpath","value":"//button[@data-kt=\"addButton\"]"}
RESULT: {"using":"xpath","value":"//button[@data-kt=\"addButton\"]"}
COMMAND: POST /session/238fc7fdfbc7ddd3047b28b6e8a40f5c/elements - {"using":"xpath","value":"//button[@data-kt=\"addButton\"]"}
RESULT: {"using":"xpath","value":"//button[@data-kt=\"addButton\"]"}
COMMAND: POST /session/238fc7fdfbc7ddd3047b28b6e8a40f5c/elements - {"using":"xpath","value":"//button[@data-kt=\"addButton\"]"}
RESULT: {"using":"xpath","value":"//button[@data-kt=\"addButton\"]"}
COMMAND: POST /session/238fc7fdfbc7ddd3047b28b6e8a40f5c/elements - {"using":"xpath","value":"//button[@data-kt=\"addButton\"]"}
RESULT: {"using":"xpath","value":"//button[@data-kt=\"addButton\"]"}
COMMAND: POST /session/238fc7fdfbc7ddd3047b28b6e8a40f5c/elements - {"using":"xpath","value":"//button[@data-kt=\"addButton\"]"}
RESULT: {"using":"xpath","value":"//button[@data-kt=\"addButton\"]"}
COMMAND: POST /session/238fc7fdfbc7ddd3047b28b6e8a40f5c/elements - {"using":"xpath","value":"//button[@data-kt=\"addButton\"]"}
RESULT: {"using":"xpath","value":"//button[@data-kt=\"addButton\"]"}
COMMAND: POST /session/238fc7fdfbc7ddd3047b28b6e8a40f5c/elements - {"using":"xpath","value":"//button[@data-kt=\"addButton\"]"}
RESULT: {"using":"xpath","value":"//button[@data-kt=\"addButton\"]"}
COMMAND: POST /session/238fc7fdfbc7ddd3047b28b6e8a40f5c/elements - {"using":"xpath","value":"//button[@data-kt=\"addButton\"]"}
RESULT: {"using":"xpath","value":"//button[@data-kt=\"addButton\"]"}
COMMAND: POST /session/238fc7fdfbc7ddd3047b28b6e8a40f5c/elements - {"using":"xpath","value":"//button[@data-kt=\"addButton\"]"}
RESULT: {"using":"xpath","value":"//button[@data-kt=\"addButton\"]"}
COMMAND: POST /session/238fc7fdfbc7ddd3047b28b6e8a40f5c/elements - {"using":"xpath","value":"//button[@data-kt=\"addButton\"]"}
RESULT: {"using":"xpath","value":"//button[@data-kt=\"addButton\"]"}
COMMAND: POST /session/238fc7fdfbc7ddd3047b28b6e8a40f5c/elements - {"using":"xpath","value":"//button[@data-kt=\"addButton\"]"}
RESULT: {"using":"xpath","value":"//button[@data-kt=\"addButton\"]"}
COMMAND: POST /session/238fc7fdfbc7ddd3047b28b6e8a40f5c/elements - {"using":"xpath","value":"//button[@data-kt=\"addButton\"]"}
RESULT: {"using":"xpath","value":"//button[@data-kt=\"addButton\"]"}
COMMAND: POST /session/238fc7fdfbc7ddd3047b28b6e8a40f5c/elements - {"using":"xpath","value":"//button[@data-kt=\"addButton\"]"}
RESULT: {"using":"xpath","value":"//button[@data-kt=\"addButton\"]"}
COMMAND: POST /session/238fc7fdfbc7ddd3047b28b6e8a40f5c/elements - {"using":"xpath","value":"//button[@data-kt=\"addButton\"]"}
RESULT: {"using":"xpath","value":"//button[@data-kt=\"addButton\"]"}
COMMAND: POST /session/238fc7fdfbc7ddd3047b28b6e8a40f5c/elements - {"using":"xpath","value":"//button[@data-kt=\"addButton\"]"}
RESULT: {"using":"xpath","value":"//button[@data-kt=\"addButton\"]"}
COMMAND: POST /session/238fc7fdfbc7ddd3047b28b6e8a40f5c/elements - {"using":"xpath","value":"//button[@data-kt=\"addButton\"]"}
RESULT: {"using":"xpath","value":"//button[@data-kt=\"addButton\"]"}
COMMAND: POST /session/238fc7fdfbc7ddd3047b28b6e8a40f5c/elements - {"using":"xpath","value":"//button[@data-kt=\"addButton\"]"}
RESULT: {"using":"xpath","value":"//button[@data-kt=\"addButton\"]"}
COMMAND: POST /session/238fc7fdfbc7ddd3047b28b6e8a40f5c/elements - {"using":"xpath","value":"//button[@data-kt=\"addButton\"]"}
RESULT: {"using":"xpath","value":"//button[@data-kt=\"addButton\"]"}
COMMAND: POST /session/238fc7fdfbc7ddd3047b28b6e8a40f5c/elements - {"using":"xpath","value":"//button[@data-kt=\"addButton\"]"}
RESULT: {"using":"xpath","value":"//button[@data-kt=\"addButton\"]"}
COMMAND: POST /session/238fc7fdfbc7ddd3047b28b6e8a40f5c/elements - {"using":"xpath","value":"//button[@data-kt=\"addButton\"]"}
RESULT: {"using":"xpath","value":"//button[@data-kt=\"addButton\"]"}
COMMAND: POST /session/238fc7fdfbc7ddd3047b28b6e8a40f5c/elements - {"using":"xpath","value":"//button[@data-kt=\"addButton\"]"}
RESULT: {"using":"xpath","value":"//button[@data-kt=\"addButton\"]"}
COMMAND: POST /session/238fc7fdfbc7ddd3047b28b6e8a40f5c/elements - {"using":"xpath","value":"//button[@data-kt=\"addButton\"]"}
RESULT: {"using":"xpath","value":"//button[@data-kt=\"addButton\"]"}
COMMAND: POST /session/238fc7fdfbc7ddd3047b28b6e8a40f5c/elements - {"using":"xpath","value":"//button[@data-kt=\"addButton\"]"}
RESULT: {"using":"xpath","value":"//button[@data-kt=\"addButton\"]"}
COMMAND: POST /session/238fc7fdfbc7ddd3047b28b6e8a40f5c/elements - {"using":"xpath","value":"//button[@data-kt=\"addButton\"]"}
RESULT: {"using":"xpath","value":"//button[@data-kt=\"addButton\"]"}
COMMAND: POST /session/238fc7fdfbc7ddd3047b28b6e8a40f5c/elements - {"using":"xpath","value":"//button[@data-kt=\"addButton\"]"}
RESULT: {"using":"xpath","value":"//button[@data-kt=\"addButton\"]"}
COMMAND: POST /session/238fc7fdfbc7ddd3047b28b6e8a40f5c/elements - {"using":"xpath","value":"//button[@data-kt=\"addButton\"]"}
RESULT: {"using":"xpath","value":"//button[@data-kt=\"addButton\"]"}
COMMAND: POST /session/238fc7fdfbc7ddd3047b28b6e8a40f5c/elements - {"using":"xpath","value":"//button[@data-kt=\"addButton\"]"}
RESULT: {"using":"xpath","value":"//button[@data-kt=\"addButton\"]"}
COMMAND: POST /session/238fc7fdfbc7ddd3047b28b6e8a40f5c/elements - {"using":"xpath","value":"//button[@data-kt=\"addButton\"]"}
RESULT: {"using":"xpath","value":"//button[@data-kt=\"addButton\"]"}
COMMAND: POST /session/238fc7fdfbc7ddd3047b28b6e8a40f5c/elements - {"using":"xpath","value":"//button[@data-kt=\"addButton\"]"}
RESULT: {"using":"xpath","value":"//button[@data-kt=\"addButton\"]"}
COMMAND: POST /session/238fc7fdfbc7ddd3047b28b6e8a40f5c/elements - {"using":"xpath","value":"//button[@data-kt=\"addButton\"]"}
RESULT: {"using":"xpath","value":"//button[@data-kt=\"addButton\"]"}
COMMAND: POST /session/238fc7fdfbc7ddd3047b28b6e8a40f5c/elements - {"using":"xpath","value":"//button[@data-kt=\"addButton\"]"}
RESULT: {"using":"xpath","value":"//button[@data-kt=\"addButton\"]"}
COMMAND: POST /session/238fc7fdfbc7ddd3047b28b6e8a40f5c/elements - {"using":"xpath","value":"//button[@data-kt=\"addButton\"]"}
RESULT: {"using":"xpath","value":"//button[@data-kt=\"addButton\"]"}
COMMAND: POST /session/238fc7fdfbc7ddd3047b28b6e8a40f5c/elements - {"using":"xpath","value":"//button[@data-kt=\"addButton\"]"}
RESULT: {"using":"xpath","value":"//button[@data-kt=\"addButton\"]"}
COMMAND: POST /session/238fc7fdfbc7ddd3047b28b6e8a40f5c/elements - {"using":"xpath","value":"//button[@data-kt=\"addButton\"]"}
RESULT: {"using":"xpath","value":"//button[@data-kt=\"addButton\"]"}
COMMAND: POST /session/238fc7fdfbc7ddd3047b28b6e8a40f5c/elements - {"using":"xpath","value":"//button[@data-kt=\"addButton\"]"}
RESULT: {"using":"xpath","value":"//button[@data-kt=\"addButton\"]"}
COMMAND: POST /session/238fc7fdfbc7ddd3047b28b6e8a40f5c/elements - {"using":"xpath","value":"//button[@data-kt=\"addButton\"]"}
RESULT: {"using":"xpath","value":"//button[@data-kt=\"addButton\"]"}
COMMAND: POST /session/238fc7fdfbc7ddd3047b28b6e8a40f5c/elements - {"using":"xpath","value":"//button[@data-kt=\"addButton\"]"}
RESULT: {"using":"xpath","value":"//button[@data-kt=\"addButton\"]"}
COMMAND: POST /session/238fc7fdfbc7ddd3047b28b6e8a40f5c/elements - {"using":"xpath","value":"//button[@data-kt=\"addButton\"]"}
RESULT: {"using":"xpath","value":"//button[@data-kt=\"addButton\"]"}
COMMAND: POST /session/238fc7fdfbc7ddd3047b28b6e8a40f5c/elements - {"using":"xpath","value":"//button[@data-kt=\"addButton\"]"}
RESULT: {"using":"xpath","value":"//button[@data-kt=\"addButton\"]"}
COMMAND: POST /session/238fc7fdfbc7ddd3047b28b6e8a40f5c/elements - {"using":"xpath","value":"//button[@data-kt=\"addButton\"]"}
RESULT: {"using":"xpath","value":"//button[@data-kt=\"addButton\"]"}
COMMAND: POST /session/238fc7fdfbc7ddd3047b28b6e8a40f5c/elements - {"using":"xpath","value":"//button[@data-kt=\"addButton\"]"}
RESULT: {"using":"xpath","value":"//button[@data-kt=\"addButton\"]"}
COMMAND: POST /session/238fc7fdfbc7ddd3047b28b6e8a40f5c/elements - {"using":"xpath","value":"//button[@data-kt=\"addButton\"]"}
RESULT: {"using":"xpath","value":"//button[@data-kt=\"addButton\"]"}
COMMAND: POST /session/238fc7fdfbc7ddd3047b28b6e8a40f5c/elements - {"using":"xpath","value":"//button[@data-kt=\"addButton\"]"}
RESULT: {"using":"xpath","value":"//button[@data-kt=\"addButton\"]"}
COMMAND: POST /session/238fc7fdfbc7ddd3047b28b6e8a40f5c/elements - {"using":"xpath","value":"//button[@data-kt=\"addButton\"]"}
RESULT: {"using":"xpath","value":"//button[@data-kt=\"addButton\"]"}
COMMAND: POST /session/238fc7fdfbc7ddd3047b28b6e8a40f5c/elements - {"using":"xpath","value":"//button[@data-kt=\"addButton\"]"}
RESULT: {"using":"xpath","value":"//button[@data-kt=\"addButton\"]"}
COMMAND: POST /session/238fc7fdfbc7ddd3047b28b6e8a40f5c/elements - {"using":"xpath","value":"//button[@data-kt=\"addButton\"]"}
RESULT: {"using":"xpath","value":"//button[@data-kt=\"addButton\"]"}
COMMAND: POST /session/238fc7fdfbc7ddd3047b28b6e8a40f5c/elements - {"using":"xpath","value":"//button[@data-kt=\"addButton\"]"}
RESULT: {"using":"xpath","value":"//button[@data-kt=\"addButton\"]"}
COMMAND: POST /session/238fc7fdfbc7ddd3047b28b6e8a40f5c/elements - {"using":"xpath","value":"//button[@data-kt=\"addButton\"]"}
RESULT: {"using":"xpath","value":"//button[@data-kt=\"addButton\"]"}
COMMAND: POST /session/238fc7fdfbc7ddd3047b28b6e8a40f5c/elements - {"using":"xpath","value":"//button[@data-kt=\"addButton\"]"}
RESULT: {"using":"xpath","value":"//button[@data-kt=\"addButton\"]"}
COMMAND: POST /session/238fc7fdfbc7ddd3047b28b6e8a40f5c/elements - {"using":"xpath","value":"//button[@data-kt=\"addButton\"]"}
RESULT: {"using":"xpath","value":"//button[@data-kt=\"addButton\"]"}
COMMAND: POST /session/238fc7fdfbc7ddd3047b28b6e8a40f5c/elements - {"using":"xpath","value":"//button[@data-kt=\"addButton\"]"}
RESULT: {"using":"xpath","value":"//button[@data-kt=\"addButton\"]"}
COMMAND: POST /session/238fc7fdfbc7ddd3047b28b6e8a40f5c/elements - {"using":"xpath","value":"//button[@data-kt=\"addButton\"]"}
RESULT: {"using":"xpath","value":"//button[@data-kt=\"addButton\"]"}
COMMAND: POST /session/238fc7fdfbc7ddd3047b28b6e8a40f5c/elements - {"using":"xpath","value":"//button[@data-kt=\"addButton\"]"}
RESULT: {"using":"xpath","value":"//button[@data-kt=\"addButton\"]"}
COMMAND: POST /session/238fc7fdfbc7ddd3047b28b6e8a40f5c/elements - {"using":"xpath","value":"//button[@data-kt=\"addButton\"]"}
RESULT: {"using":"xpath","value":"//button[@data-kt=\"addButton\"]"}
COMMAND: POST /session/238fc7fdfbc7ddd3047b28b6e8a40f5c/elements - {"using":"xpath","value":"//button[@data-kt=\"addButton\"]"}
RESULT: {"using":"xpath","value":"//button[@data-kt=\"addButton\"]"}
COMMAND: POST /session/238fc7fdfbc7ddd3047b28b6e8a40f5c/elements - {"using":"xpath","value":"//button[@data-kt=\"addButton\"]"}
RESULT: {"using":"xpath","value":"//button[@data-kt=\"addButton\"]"}
COMMAND: POST /session/238fc7fdfbc7ddd3047b28b6e8a40f5c/elements - {"using":"xpath","value":"//button[@data-kt=\"addButton\"]"}
RESULT: {"using":"xpath","value":"//button[@data-kt=\"addButton\"]"}
COMMAND: POST /session/238fc7fdfbc7ddd3047b28b6e8a40f5c/elements - {"using":"xpath","value":"//button[@data-kt=\"addButton\"]"}
RESULT: {"using":"xpath","value":"//button[@data-kt=\"addButton\"]"}
COMMAND: POST /session/238fc7fdfbc7ddd3047b28b6e8a40f5c/elements - {"using":"xpath","value":"//button[@data-kt=\"addButton\"]"}
RESULT: {"using":"xpath","value":"//button[@data-kt=\"addButton\"]"}
COMMAND: POST /session/238fc7fdfbc7ddd3047b28b6e8a40f5c/elements - {"using":"xpath","value":"//button[@data-kt=\"addButton\"]"}
RESULT: {"using":"xpath","value":"//button[@data-kt=\"addButton\"]"}
COMMAND: POST /session/238fc7fdfbc7ddd3047b28b6e8a40f5c/elements - {"using":"xpath","value":"//button[@data-kt=\"addButton\"]"}
RESULT: {"using":"xpath","value":"//button[@data-kt=\"addButton\"]"}
COMMAND: POST /session/238fc7fdfbc7ddd3047b28b6e8a40f5c/elements - {"using":"xpath","value":"//button[@data-kt=\"addButton\"]"}
RESULT: {"using":"xpath","value":"//button[@data-kt=\"addButton\"]"}
COMMAND: POST /session/238fc7fdfbc7ddd3047b28b6e8a40f5c/elements - {"using":"xpath","value":"//button[@data-kt=\"addButton\"]"}
RESULT: {"using":"xpath","value":"//button[@data-kt=\"addButton\"]"}
COMMAND: POST /session/238fc7fdfbc7ddd3047b28b6e8a40f5c/elements - {"using":"xpath","value":"//button[@data-kt=\"addButton\"]"}
RESULT: {"using":"xpath","value":"//button[@data-kt=\"addButton\"]"}
COMMAND: POST /session/238fc7fdfbc7ddd3047b28b6e8a40f5c/elements - {"using":"xpath","value":"//button[@data-kt=\"addButton\"]"}
RESULT: {"using":"xpath","value":"//button[@data-kt=\"addButton\"]"}
COMMAND: POST /session/238fc7fdfbc7ddd3047b28b6e8a40f5c/elements - {"using":"xpath","value":"//button[@data-kt=\"addButton\"]"}
RESULT: {"using":"xpath","value":"//button[@data-kt=\"addButton\"]"}
COMMAND: POST /session/238fc7fdfbc7ddd3047b28b6e8a40f5c/elements - {"using":"xpath","value":"//button[@data-kt=\"addButton\"]"}
RESULT: {"using":"xpath","value":"//button[@data-kt=\"addButton\"]"}
COMMAND: POST /session/238fc7fdfbc7ddd3047b28b6e8a40f5c/elements - {"using":"xpath","value":"//button[@data-kt=\"addButton\"]"}
RESULT: {"using":"xpath","value":"//button[@data-kt=\"addButton\"]"}
COMMAND: POST /session/238fc7fdfbc7ddd3047b28b6e8a40f5c/elements - {"using":"xpath","value":"//button[@data-kt=\"addButton\"]"}
RESULT: {"using":"xpath","value":"//button[@data-kt=\"addButton\"]"}
COMMAND: POST /session/238fc7fdfbc7ddd3047b28b6e8a40f5c/elements - {"using":"xpath","value":"//button[@data-kt=\"addButton\"]"}
RESULT: {"using":"xpath","value":"//button[@data-kt=\"addButton\"]"}
COMMAND: POST /session/238fc7fdfbc7ddd3047b28b6e8a40f5c/elements - {"using":"xpath","value":"//button[@data-kt=\"addButton\"]"}
RESULT: {"using":"xpath","value":"//button[@data-kt=\"addButton\"]"}
COMMAND: POST /session/238fc7fdfbc7ddd3047b28b6e8a40f5c/elements - {"using":"xpath","value":"//button[@data-kt=\"addButton\"]"}
RESULT: {"using":"xpath","value":"//button[@data-kt=\"addButton\"]"}
COMMAND: POST /session/238fc7fdfbc7ddd3047b28b6e8a40f5c/elements - {"using":"xpath","value":"//button[@data-kt=\"addButton\"]"}
COMMAND: GET /session/238fc7fdfbc7ddd3047b28b6e8a40f5c/screenshot - {}
RESULT: {"using":"xpath","value":"//button[@data-kt=\"addButton\"]"}
RESULT: {}
]]></system-out>
      <system-err><![CDATA[
Error: element ("//button[@data-kt="addButton"]") still not existing after 45000ms
    at async Context.<anonymous> (D:\a\1\s\test\specs\BTS\manage-partners.spec.js:286:9)
]]></system-err>
    </testcase>
    <testcase classname="chrome.136_0_7103_49.windows.Partner_specific_tests_US150819_US151080_US151654_US151176_US103444_US151078_US151079_US151109_US151174_US151175_US151189" name="Should edit the created external partner and save it and check its content US103444" time="55.662">
      <skipped />
      <system-out><![CDATA[
COMMAND: POST /session/238fc7fdfbc7ddd3047b28b6e8a40f5c/element - {"using":"xpath","value":"//li[.//span[text()=\"Manage Partners\"]]"}
COMMAND: GET /session/238fc7fdfbc7ddd3047b28b6e8a40f5c/screenshot - {}
RESULT: {"using":"xpath","value":"//li[.//span[text()=\"Manage Partners\"]]"}
COMMAND: POST /session/238fc7fdfbc7ddd3047b28b6e8a40f5c/element - {"using":"xpath","value":"//li[.//span[text()=\"Manage Partners\"]]"}
RESULT: {}
RESULT: {"using":"xpath","value":"//li[.//span[text()=\"Manage Partners\"]]"}
COMMAND: POST /session/238fc7fdfbc7ddd3047b28b6e8a40f5c/element - {"using":"css selector","value":"#shell-header-logo"}
RESULT: {"using":"css selector","value":"#shell-header-logo"}
COMMAND: POST /session/238fc7fdfbc7ddd3047b28b6e8a40f5c/element/f.EAD3BD8A607B3C6B0F6571D6E04F04B4.d.7BA4A0B2CE5E3B51676170DEA9A017EC.e.273/click - {}
COMMAND: POST /session/238fc7fdfbc7ddd3047b28b6e8a40f5c/execute/sync - {"script":"<script> [8489 bytes]","args":[{"element-6066-11e4-a52e-4f735466cecf":"f.EAD3BD8A607B3C6B0F6571D6E04F04B4.d.7BA4A0B2CE5E3B51676170DEA9A017EC.e.273","ELEMENT":"f.EAD3BD8A607B3C6B0F6571D6E04F04B4.d.7BA4A0B2CE5E3B51676170DEA9A017EC.e.273"}]}
RESULT: {"script":"<script> [8489 bytes]","args":[{"element-6066-11e4-a52e-4f735466cecf":"f.EAD3BD8A607B3C6B0F6571D6E04F04B4.d.7BA4A0B2CE5E3B51676170DEA9A017EC.e.273","ELEMENT":"f.EAD3BD8A607B3C6B0F6571D6E04F04B4.d.7BA4A0B2CE5E3B51676170DEA9A017EC.e.273"}]}
COMMAND: POST /session/238fc7fdfbc7ddd3047b28b6e8a40f5c/execute/sync - {"script":"<script> [5351 bytes]","args":[{"element-6066-11e4-a52e-4f735466cecf":"f.EAD3BD8A607B3C6B0F6571D6E04F04B4.d.7BA4A0B2CE5E3B51676170DEA9A017EC.e.273","ELEMENT":"f.EAD3BD8A607B3C6B0F6571D6E04F04B4.d.7BA4A0B2CE5E3B51676170DEA9A017EC.e.273"}]}
COMMAND: GET /session/238fc7fdfbc7ddd3047b28b6e8a40f5c/screenshot - {}
RESULT: {"script":"<script> [5351 bytes]","args":[{"element-6066-11e4-a52e-4f735466cecf":"f.EAD3BD8A607B3C6B0F6571D6E04F04B4.d.7BA4A0B2CE5E3B51676170DEA9A017EC.e.273","ELEMENT":"f.EAD3BD8A607B3C6B0F6571D6E04F04B4.d.7BA4A0B2CE5E3B51676170DEA9A017EC.e.273"}]}
COMMAND: GET /session/238fc7fdfbc7ddd3047b28b6e8a40f5c/screenshot - {}
RESULT: {}
RESULT: {}
RESULT: undefined
COMMAND: POST /session/238fc7fdfbc7ddd3047b28b6e8a40f5c/element - {"using":"xpath","value":"//button[@data-kt=\"addButton\"]"}
RESULT: {"using":"xpath","value":"//button[@data-kt=\"addButton\"]"}
COMMAND: POST /session/238fc7fdfbc7ddd3047b28b6e8a40f5c/elements - {"using":"xpath","value":"//button[@data-kt=\"addButton\"]"}
RESULT: {"using":"xpath","value":"//button[@data-kt=\"addButton\"]"}
COMMAND: POST /session/238fc7fdfbc7ddd3047b28b6e8a40f5c/elements - {"using":"xpath","value":"//button[@data-kt=\"addButton\"]"}
RESULT: {"using":"xpath","value":"//button[@data-kt=\"addButton\"]"}
COMMAND: POST /session/238fc7fdfbc7ddd3047b28b6e8a40f5c/elements - {"using":"xpath","value":"//button[@data-kt=\"addButton\"]"}
RESULT: {"using":"xpath","value":"//button[@data-kt=\"addButton\"]"}
COMMAND: POST /session/238fc7fdfbc7ddd3047b28b6e8a40f5c/elements - {"using":"xpath","value":"//button[@data-kt=\"addButton\"]"}
RESULT: {"using":"xpath","value":"//button[@data-kt=\"addButton\"]"}
COMMAND: POST /session/238fc7fdfbc7ddd3047b28b6e8a40f5c/elements - {"using":"xpath","value":"//button[@data-kt=\"addButton\"]"}
RESULT: {"using":"xpath","value":"//button[@data-kt=\"addButton\"]"}
COMMAND: POST /session/238fc7fdfbc7ddd3047b28b6e8a40f5c/elements - {"using":"xpath","value":"//button[@data-kt=\"addButton\"]"}
RESULT: {"using":"xpath","value":"//button[@data-kt=\"addButton\"]"}
COMMAND: POST /session/238fc7fdfbc7ddd3047b28b6e8a40f5c/elements - {"using":"xpath","value":"//button[@data-kt=\"addButton\"]"}
RESULT: {"using":"xpath","value":"//button[@data-kt=\"addButton\"]"}
COMMAND: POST /session/238fc7fdfbc7ddd3047b28b6e8a40f5c/elements - {"using":"xpath","value":"//button[@data-kt=\"addButton\"]"}
RESULT: {"using":"xpath","value":"//button[@data-kt=\"addButton\"]"}
COMMAND: POST /session/238fc7fdfbc7ddd3047b28b6e8a40f5c/elements - {"using":"xpath","value":"//button[@data-kt=\"addButton\"]"}
RESULT: {"using":"xpath","value":"//button[@data-kt=\"addButton\"]"}
COMMAND: POST /session/238fc7fdfbc7ddd3047b28b6e8a40f5c/elements - {"using":"xpath","value":"//button[@data-kt=\"addButton\"]"}
RESULT: {"using":"xpath","value":"//button[@data-kt=\"addButton\"]"}
COMMAND: POST /session/238fc7fdfbc7ddd3047b28b6e8a40f5c/elements - {"using":"xpath","value":"//button[@data-kt=\"addButton\"]"}
RESULT: {"using":"xpath","value":"//button[@data-kt=\"addButton\"]"}
COMMAND: POST /session/238fc7fdfbc7ddd3047b28b6e8a40f5c/elements - {"using":"xpath","value":"//button[@data-kt=\"addButton\"]"}
RESULT: {"using":"xpath","value":"//button[@data-kt=\"addButton\"]"}
COMMAND: POST /session/238fc7fdfbc7ddd3047b28b6e8a40f5c/elements - {"using":"xpath","value":"//button[@data-kt=\"addButton\"]"}
RESULT: {"using":"xpath","value":"//button[@data-kt=\"addButton\"]"}
COMMAND: POST /session/238fc7fdfbc7ddd3047b28b6e8a40f5c/elements - {"using":"xpath","value":"//button[@data-kt=\"addButton\"]"}
RESULT: {"using":"xpath","value":"//button[@data-kt=\"addButton\"]"}
COMMAND: POST /session/238fc7fdfbc7ddd3047b28b6e8a40f5c/elements - {"using":"xpath","value":"//button[@data-kt=\"addButton\"]"}
RESULT: {"using":"xpath","value":"//button[@data-kt=\"addButton\"]"}
COMMAND: POST /session/238fc7fdfbc7ddd3047b28b6e8a40f5c/elements - {"using":"xpath","value":"//button[@data-kt=\"addButton\"]"}
RESULT: {"using":"xpath","value":"//button[@data-kt=\"addButton\"]"}
COMMAND: POST /session/238fc7fdfbc7ddd3047b28b6e8a40f5c/elements - {"using":"xpath","value":"//button[@data-kt=\"addButton\"]"}
RESULT: {"using":"xpath","value":"//button[@data-kt=\"addButton\"]"}
COMMAND: POST /session/238fc7fdfbc7ddd3047b28b6e8a40f5c/elements - {"using":"xpath","value":"//button[@data-kt=\"addButton\"]"}
RESULT: {"using":"xpath","value":"//button[@data-kt=\"addButton\"]"}
COMMAND: POST /session/238fc7fdfbc7ddd3047b28b6e8a40f5c/elements - {"using":"xpath","value":"//button[@data-kt=\"addButton\"]"}
RESULT: {"using":"xpath","value":"//button[@data-kt=\"addButton\"]"}
COMMAND: POST /session/238fc7fdfbc7ddd3047b28b6e8a40f5c/elements - {"using":"xpath","value":"//button[@data-kt=\"addButton\"]"}
RESULT: {"using":"xpath","value":"//button[@data-kt=\"addButton\"]"}
COMMAND: POST /session/238fc7fdfbc7ddd3047b28b6e8a40f5c/elements - {"using":"xpath","value":"//button[@data-kt=\"addButton\"]"}
RESULT: {"using":"xpath","value":"//button[@data-kt=\"addButton\"]"}
COMMAND: POST /session/238fc7fdfbc7ddd3047b28b6e8a40f5c/elements - {"using":"xpath","value":"//button[@data-kt=\"addButton\"]"}
RESULT: {"using":"xpath","value":"//button[@data-kt=\"addButton\"]"}
COMMAND: POST /session/238fc7fdfbc7ddd3047b28b6e8a40f5c/elements - {"using":"xpath","value":"//button[@data-kt=\"addButton\"]"}
RESULT: {"using":"xpath","value":"//button[@data-kt=\"addButton\"]"}
COMMAND: POST /session/238fc7fdfbc7ddd3047b28b6e8a40f5c/elements - {"using":"xpath","value":"//button[@data-kt=\"addButton\"]"}
RESULT: {"using":"xpath","value":"//button[@data-kt=\"addButton\"]"}
COMMAND: POST /session/238fc7fdfbc7ddd3047b28b6e8a40f5c/elements - {"using":"xpath","value":"//button[@data-kt=\"addButton\"]"}
RESULT: {"using":"xpath","value":"//button[@data-kt=\"addButton\"]"}
COMMAND: POST /session/238fc7fdfbc7ddd3047b28b6e8a40f5c/elements - {"using":"xpath","value":"//button[@data-kt=\"addButton\"]"}
RESULT: {"using":"xpath","value":"//button[@data-kt=\"addButton\"]"}
COMMAND: POST /session/238fc7fdfbc7ddd3047b28b6e8a40f5c/elements - {"using":"xpath","value":"//button[@data-kt=\"addButton\"]"}
RESULT: {"using":"xpath","value":"//button[@data-kt=\"addButton\"]"}
COMMAND: POST /session/238fc7fdfbc7ddd3047b28b6e8a40f5c/elements - {"using":"xpath","value":"//button[@data-kt=\"addButton\"]"}
RESULT: {"using":"xpath","value":"//button[@data-kt=\"addButton\"]"}
COMMAND: POST /session/238fc7fdfbc7ddd3047b28b6e8a40f5c/elements - {"using":"xpath","value":"//button[@data-kt=\"addButton\"]"}
RESULT: {"using":"xpath","value":"//button[@data-kt=\"addButton\"]"}
COMMAND: POST /session/238fc7fdfbc7ddd3047b28b6e8a40f5c/elements - {"using":"xpath","value":"//button[@data-kt=\"addButton\"]"}
RESULT: {"using":"xpath","value":"//button[@data-kt=\"addButton\"]"}
COMMAND: POST /session/238fc7fdfbc7ddd3047b28b6e8a40f5c/elements - {"using":"xpath","value":"//button[@data-kt=\"addButton\"]"}
RESULT: {"using":"xpath","value":"//button[@data-kt=\"addButton\"]"}
COMMAND: POST /session/238fc7fdfbc7ddd3047b28b6e8a40f5c/elements - {"using":"xpath","value":"//button[@data-kt=\"addButton\"]"}
RESULT: {"using":"xpath","value":"//button[@data-kt=\"addButton\"]"}
COMMAND: POST /session/238fc7fdfbc7ddd3047b28b6e8a40f5c/elements - {"using":"xpath","value":"//button[@data-kt=\"addButton\"]"}
RESULT: {"using":"xpath","value":"//button[@data-kt=\"addButton\"]"}
COMMAND: POST /session/238fc7fdfbc7ddd3047b28b6e8a40f5c/elements - {"using":"xpath","value":"//button[@data-kt=\"addButton\"]"}
RESULT: {"using":"xpath","value":"//button[@data-kt=\"addButton\"]"}
COMMAND: POST /session/238fc7fdfbc7ddd3047b28b6e8a40f5c/elements - {"using":"xpath","value":"//button[@data-kt=\"addButton\"]"}
RESULT: {"using":"xpath","value":"//button[@data-kt=\"addButton\"]"}
COMMAND: POST /session/238fc7fdfbc7ddd3047b28b6e8a40f5c/elements - {"using":"xpath","value":"//button[@data-kt=\"addButton\"]"}
RESULT: {"using":"xpath","value":"//button[@data-kt=\"addButton\"]"}
COMMAND: POST /session/238fc7fdfbc7ddd3047b28b6e8a40f5c/elements - {"using":"xpath","value":"//button[@data-kt=\"addButton\"]"}
RESULT: {"using":"xpath","value":"//button[@data-kt=\"addButton\"]"}
COMMAND: POST /session/238fc7fdfbc7ddd3047b28b6e8a40f5c/elements - {"using":"xpath","value":"//button[@data-kt=\"addButton\"]"}
RESULT: {"using":"xpath","value":"//button[@data-kt=\"addButton\"]"}
COMMAND: POST /session/238fc7fdfbc7ddd3047b28b6e8a40f5c/elements - {"using":"xpath","value":"//button[@data-kt=\"addButton\"]"}
RESULT: {"using":"xpath","value":"//button[@data-kt=\"addButton\"]"}
COMMAND: POST /session/238fc7fdfbc7ddd3047b28b6e8a40f5c/elements - {"using":"xpath","value":"//button[@data-kt=\"addButton\"]"}
RESULT: {"using":"xpath","value":"//button[@data-kt=\"addButton\"]"}
COMMAND: POST /session/238fc7fdfbc7ddd3047b28b6e8a40f5c/elements - {"using":"xpath","value":"//button[@data-kt=\"addButton\"]"}
RESULT: {"using":"xpath","value":"//button[@data-kt=\"addButton\"]"}
COMMAND: POST /session/238fc7fdfbc7ddd3047b28b6e8a40f5c/elements - {"using":"xpath","value":"//button[@data-kt=\"addButton\"]"}
RESULT: {"using":"xpath","value":"//button[@data-kt=\"addButton\"]"}
COMMAND: POST /session/238fc7fdfbc7ddd3047b28b6e8a40f5c/elements - {"using":"xpath","value":"//button[@data-kt=\"addButton\"]"}
RESULT: {"using":"xpath","value":"//button[@data-kt=\"addButton\"]"}
COMMAND: POST /session/238fc7fdfbc7ddd3047b28b6e8a40f5c/elements - {"using":"xpath","value":"//button[@data-kt=\"addButton\"]"}
RESULT: {"using":"xpath","value":"//button[@data-kt=\"addButton\"]"}
COMMAND: POST /session/238fc7fdfbc7ddd3047b28b6e8a40f5c/elements - {"using":"xpath","value":"//button[@data-kt=\"addButton\"]"}
RESULT: {"using":"xpath","value":"//button[@data-kt=\"addButton\"]"}
COMMAND: POST /session/238fc7fdfbc7ddd3047b28b6e8a40f5c/elements - {"using":"xpath","value":"//button[@data-kt=\"addButton\"]"}
RESULT: {"using":"xpath","value":"//button[@data-kt=\"addButton\"]"}
COMMAND: POST /session/238fc7fdfbc7ddd3047b28b6e8a40f5c/elements - {"using":"xpath","value":"//button[@data-kt=\"addButton\"]"}
RESULT: {"using":"xpath","value":"//button[@data-kt=\"addButton\"]"}
COMMAND: POST /session/238fc7fdfbc7ddd3047b28b6e8a40f5c/elements - {"using":"xpath","value":"//button[@data-kt=\"addButton\"]"}
RESULT: {"using":"xpath","value":"//button[@data-kt=\"addButton\"]"}
COMMAND: POST /session/238fc7fdfbc7ddd3047b28b6e8a40f5c/elements - {"using":"xpath","value":"//button[@data-kt=\"addButton\"]"}
RESULT: {"using":"xpath","value":"//button[@data-kt=\"addButton\"]"}
COMMAND: POST /session/238fc7fdfbc7ddd3047b28b6e8a40f5c/elements - {"using":"xpath","value":"//button[@data-kt=\"addButton\"]"}
RESULT: {"using":"xpath","value":"//button[@data-kt=\"addButton\"]"}
COMMAND: POST /session/238fc7fdfbc7ddd3047b28b6e8a40f5c/elements - {"using":"xpath","value":"//button[@data-kt=\"addButton\"]"}
RESULT: {"using":"xpath","value":"//button[@data-kt=\"addButton\"]"}
COMMAND: POST /session/238fc7fdfbc7ddd3047b28b6e8a40f5c/elements - {"using":"xpath","value":"//button[@data-kt=\"addButton\"]"}
RESULT: {"using":"xpath","value":"//button[@data-kt=\"addButton\"]"}
COMMAND: POST /session/238fc7fdfbc7ddd3047b28b6e8a40f5c/elements - {"using":"xpath","value":"//button[@data-kt=\"addButton\"]"}
RESULT: {"using":"xpath","value":"//button[@data-kt=\"addButton\"]"}
COMMAND: POST /session/238fc7fdfbc7ddd3047b28b6e8a40f5c/elements - {"using":"xpath","value":"//button[@data-kt=\"addButton\"]"}
RESULT: {"using":"xpath","value":"//button[@data-kt=\"addButton\"]"}
COMMAND: POST /session/238fc7fdfbc7ddd3047b28b6e8a40f5c/elements - {"using":"xpath","value":"//button[@data-kt=\"addButton\"]"}
RESULT: {"using":"xpath","value":"//button[@data-kt=\"addButton\"]"}
COMMAND: POST /session/238fc7fdfbc7ddd3047b28b6e8a40f5c/elements - {"using":"xpath","value":"//button[@data-kt=\"addButton\"]"}
RESULT: {"using":"xpath","value":"//button[@data-kt=\"addButton\"]"}
COMMAND: POST /session/238fc7fdfbc7ddd3047b28b6e8a40f5c/elements - {"using":"xpath","value":"//button[@data-kt=\"addButton\"]"}
RESULT: {"using":"xpath","value":"//button[@data-kt=\"addButton\"]"}
COMMAND: POST /session/238fc7fdfbc7ddd3047b28b6e8a40f5c/elements - {"using":"xpath","value":"//button[@data-kt=\"addButton\"]"}
RESULT: {"using":"xpath","value":"//button[@data-kt=\"addButton\"]"}
COMMAND: POST /session/238fc7fdfbc7ddd3047b28b6e8a40f5c/elements - {"using":"xpath","value":"//button[@data-kt=\"addButton\"]"}
RESULT: {"using":"xpath","value":"//button[@data-kt=\"addButton\"]"}
COMMAND: POST /session/238fc7fdfbc7ddd3047b28b6e8a40f5c/elements - {"using":"xpath","value":"//button[@data-kt=\"addButton\"]"}
RESULT: {"using":"xpath","value":"//button[@data-kt=\"addButton\"]"}
COMMAND: POST /session/238fc7fdfbc7ddd3047b28b6e8a40f5c/elements - {"using":"xpath","value":"//button[@data-kt=\"addButton\"]"}
RESULT: {"using":"xpath","value":"//button[@data-kt=\"addButton\"]"}
COMMAND: POST /session/238fc7fdfbc7ddd3047b28b6e8a40f5c/elements - {"using":"xpath","value":"//button[@data-kt=\"addButton\"]"}
RESULT: {"using":"xpath","value":"//button[@data-kt=\"addButton\"]"}
COMMAND: POST /session/238fc7fdfbc7ddd3047b28b6e8a40f5c/elements - {"using":"xpath","value":"//button[@data-kt=\"addButton\"]"}
RESULT: {"using":"xpath","value":"//button[@data-kt=\"addButton\"]"}
COMMAND: POST /session/238fc7fdfbc7ddd3047b28b6e8a40f5c/elements - {"using":"xpath","value":"//button[@data-kt=\"addButton\"]"}
RESULT: {"using":"xpath","value":"//button[@data-kt=\"addButton\"]"}
COMMAND: POST /session/238fc7fdfbc7ddd3047b28b6e8a40f5c/elements - {"using":"xpath","value":"//button[@data-kt=\"addButton\"]"}
RESULT: {"using":"xpath","value":"//button[@data-kt=\"addButton\"]"}
COMMAND: POST /session/238fc7fdfbc7ddd3047b28b6e8a40f5c/elements - {"using":"xpath","value":"//button[@data-kt=\"addButton\"]"}
RESULT: {"using":"xpath","value":"//button[@data-kt=\"addButton\"]"}
COMMAND: POST /session/238fc7fdfbc7ddd3047b28b6e8a40f5c/elements - {"using":"xpath","value":"//button[@data-kt=\"addButton\"]"}
RESULT: {"using":"xpath","value":"//button[@data-kt=\"addButton\"]"}
COMMAND: POST /session/238fc7fdfbc7ddd3047b28b6e8a40f5c/elements - {"using":"xpath","value":"//button[@data-kt=\"addButton\"]"}
RESULT: {"using":"xpath","value":"//button[@data-kt=\"addButton\"]"}
COMMAND: POST /session/238fc7fdfbc7ddd3047b28b6e8a40f5c/elements - {"using":"xpath","value":"//button[@data-kt=\"addButton\"]"}
RESULT: {"using":"xpath","value":"//button[@data-kt=\"addButton\"]"}
COMMAND: POST /session/238fc7fdfbc7ddd3047b28b6e8a40f5c/elements - {"using":"xpath","value":"//button[@data-kt=\"addButton\"]"}
RESULT: {"using":"xpath","value":"//button[@data-kt=\"addButton\"]"}
COMMAND: POST /session/238fc7fdfbc7ddd3047b28b6e8a40f5c/elements - {"using":"xpath","value":"//button[@data-kt=\"addButton\"]"}
RESULT: {"using":"xpath","value":"//button[@data-kt=\"addButton\"]"}
COMMAND: POST /session/238fc7fdfbc7ddd3047b28b6e8a40f5c/elements - {"using":"xpath","value":"//button[@data-kt=\"addButton\"]"}
RESULT: {"using":"xpath","value":"//button[@data-kt=\"addButton\"]"}
COMMAND: POST /session/238fc7fdfbc7ddd3047b28b6e8a40f5c/elements - {"using":"xpath","value":"//button[@data-kt=\"addButton\"]"}
RESULT: {"using":"xpath","value":"//button[@data-kt=\"addButton\"]"}
COMMAND: POST /session/238fc7fdfbc7ddd3047b28b6e8a40f5c/elements - {"using":"xpath","value":"//button[@data-kt=\"addButton\"]"}
RESULT: {"using":"xpath","value":"//button[@data-kt=\"addButton\"]"}
COMMAND: POST /session/238fc7fdfbc7ddd3047b28b6e8a40f5c/elements - {"using":"xpath","value":"//button[@data-kt=\"addButton\"]"}
RESULT: {"using":"xpath","value":"//button[@data-kt=\"addButton\"]"}
COMMAND: POST /session/238fc7fdfbc7ddd3047b28b6e8a40f5c/elements - {"using":"xpath","value":"//button[@data-kt=\"addButton\"]"}
RESULT: {"using":"xpath","value":"//button[@data-kt=\"addButton\"]"}
COMMAND: POST /session/238fc7fdfbc7ddd3047b28b6e8a40f5c/elements - {"using":"xpath","value":"//button[@data-kt=\"addButton\"]"}
RESULT: {"using":"xpath","value":"//button[@data-kt=\"addButton\"]"}
COMMAND: POST /session/238fc7fdfbc7ddd3047b28b6e8a40f5c/elements - {"using":"xpath","value":"//button[@data-kt=\"addButton\"]"}
RESULT: {"using":"xpath","value":"//button[@data-kt=\"addButton\"]"}
COMMAND: POST /session/238fc7fdfbc7ddd3047b28b6e8a40f5c/elements - {"using":"xpath","value":"//button[@data-kt=\"addButton\"]"}
RESULT: {"using":"xpath","value":"//button[@data-kt=\"addButton\"]"}
COMMAND: POST /session/238fc7fdfbc7ddd3047b28b6e8a40f5c/elements - {"using":"xpath","value":"//button[@data-kt=\"addButton\"]"}
RESULT: {"using":"xpath","value":"//button[@data-kt=\"addButton\"]"}
COMMAND: POST /session/238fc7fdfbc7ddd3047b28b6e8a40f5c/elements - {"using":"xpath","value":"//button[@data-kt=\"addButton\"]"}
RESULT: {"using":"xpath","value":"//button[@data-kt=\"addButton\"]"}
COMMAND: POST /session/238fc7fdfbc7ddd3047b28b6e8a40f5c/elements - {"using":"xpath","value":"//button[@data-kt=\"addButton\"]"}
RESULT: {"using":"xpath","value":"//button[@data-kt=\"addButton\"]"}
COMMAND: POST /session/238fc7fdfbc7ddd3047b28b6e8a40f5c/elements - {"using":"xpath","value":"//button[@data-kt=\"addButton\"]"}
RESULT: {"using":"xpath","value":"//button[@data-kt=\"addButton\"]"}
COMMAND: POST /session/238fc7fdfbc7ddd3047b28b6e8a40f5c/elements - {"using":"xpath","value":"//button[@data-kt=\"addButton\"]"}
RESULT: {"using":"xpath","value":"//button[@data-kt=\"addButton\"]"}
COMMAND: POST /session/238fc7fdfbc7ddd3047b28b6e8a40f5c/elements - {"using":"xpath","value":"//button[@data-kt=\"addButton\"]"}
RESULT: {"using":"xpath","value":"//button[@data-kt=\"addButton\"]"}
COMMAND: POST /session/238fc7fdfbc7ddd3047b28b6e8a40f5c/elements - {"using":"xpath","value":"//button[@data-kt=\"addButton\"]"}
RESULT: {"using":"xpath","value":"//button[@data-kt=\"addButton\"]"}
COMMAND: POST /session/238fc7fdfbc7ddd3047b28b6e8a40f5c/elements - {"using":"xpath","value":"//button[@data-kt=\"addButton\"]"}
RESULT: {"using":"xpath","value":"//button[@data-kt=\"addButton\"]"}
COMMAND: POST /session/238fc7fdfbc7ddd3047b28b6e8a40f5c/elements - {"using":"xpath","value":"//button[@data-kt=\"addButton\"]"}
RESULT: {"using":"xpath","value":"//button[@data-kt=\"addButton\"]"}
COMMAND: POST /session/238fc7fdfbc7ddd3047b28b6e8a40f5c/elements - {"using":"xpath","value":"//button[@data-kt=\"addButton\"]"}
RESULT: {"using":"xpath","value":"//button[@data-kt=\"addButton\"]"}
COMMAND: POST /session/238fc7fdfbc7ddd3047b28b6e8a40f5c/elements - {"using":"xpath","value":"//button[@data-kt=\"addButton\"]"}
RESULT: {"using":"xpath","value":"//button[@data-kt=\"addButton\"]"}
COMMAND: GET /session/238fc7fdfbc7ddd3047b28b6e8a40f5c/screenshot - {}
RESULT: {}
]]></system-out>
      <system-err><![CDATA[
Error: element ("//button[@data-kt="addButton"]") still not existing after 45000ms
    at async UtilsPrerequisites.partnerEdit (D:\a\1\s\test\specs\BTS\prerequisites-and-utils-functions.js:2998:9)
    at async Context.<anonymous> (D:\a\1\s\test\specs\BTS\manage-partners.spec.js:348:9)
]]></system-err>
    </testcase>
    <testcase classname="chrome.136_0_7103_49.windows.Partner_specific_tests_US150819_US151080_US151654_US151176_US103444_US151078_US151079_US151109_US151174_US151175_US151189" name="Should edit the created external partner and save it and check its content US103444" time="55.168">
      <skipped />
      <system-out><![CDATA[
COMMAND: POST /session/238fc7fdfbc7ddd3047b28b6e8a40f5c/element - {"using":"xpath","value":"//li[.//span[text()=\"Manage Partners\"]]"}
RESULT: {"using":"xpath","value":"//li[.//span[text()=\"Manage Partners\"]]"}
COMMAND: POST /session/238fc7fdfbc7ddd3047b28b6e8a40f5c/element - {"using":"xpath","value":"//li[.//span[text()=\"Manage Partners\"]]"}
RESULT: {"using":"xpath","value":"//li[.//span[text()=\"Manage Partners\"]]"}
COMMAND: POST /session/238fc7fdfbc7ddd3047b28b6e8a40f5c/element - {"using":"css selector","value":"#shell-header-logo"}
RESULT: {"using":"css selector","value":"#shell-header-logo"}
COMMAND: POST /session/238fc7fdfbc7ddd3047b28b6e8a40f5c/element/f.EAD3BD8A607B3C6B0F6571D6E04F04B4.d.7BA4A0B2CE5E3B51676170DEA9A017EC.e.273/click - {}
COMMAND: POST /session/238fc7fdfbc7ddd3047b28b6e8a40f5c/execute/sync - {"script":"<script> [8489 bytes]","args":[{"element-6066-11e4-a52e-4f735466cecf":"f.EAD3BD8A607B3C6B0F6571D6E04F04B4.d.7BA4A0B2CE5E3B51676170DEA9A017EC.e.273","ELEMENT":"f.EAD3BD8A607B3C6B0F6571D6E04F04B4.d.7BA4A0B2CE5E3B51676170DEA9A017EC.e.273"}]}
RESULT: {"script":"<script> [8489 bytes]","args":[{"element-6066-11e4-a52e-4f735466cecf":"f.EAD3BD8A607B3C6B0F6571D6E04F04B4.d.7BA4A0B2CE5E3B51676170DEA9A017EC.e.273","ELEMENT":"f.EAD3BD8A607B3C6B0F6571D6E04F04B4.d.7BA4A0B2CE5E3B51676170DEA9A017EC.e.273"}]}
COMMAND: POST /session/238fc7fdfbc7ddd3047b28b6e8a40f5c/execute/sync - {"script":"<script> [5351 bytes]","args":[{"element-6066-11e4-a52e-4f735466cecf":"f.EAD3BD8A607B3C6B0F6571D6E04F04B4.d.7BA4A0B2CE5E3B51676170DEA9A017EC.e.273","ELEMENT":"f.EAD3BD8A607B3C6B0F6571D6E04F04B4.d.7BA4A0B2CE5E3B51676170DEA9A017EC.e.273"}]}
COMMAND: GET /session/238fc7fdfbc7ddd3047b28b6e8a40f5c/screenshot - {}
RESULT: {"script":"<script> [5351 bytes]","args":[{"element-6066-11e4-a52e-4f735466cecf":"f.EAD3BD8A607B3C6B0F6571D6E04F04B4.d.7BA4A0B2CE5E3B51676170DEA9A017EC.e.273","ELEMENT":"f.EAD3BD8A607B3C6B0F6571D6E04F04B4.d.7BA4A0B2CE5E3B51676170DEA9A017EC.e.273"}]}
COMMAND: GET /session/238fc7fdfbc7ddd3047b28b6e8a40f5c/screenshot - {}
RESULT: {}
RESULT: {}
RESULT: undefined
COMMAND: POST /session/238fc7fdfbc7ddd3047b28b6e8a40f5c/element - {"using":"xpath","value":"//button[@data-kt=\"addButton\"]"}
RESULT: {"using":"xpath","value":"//button[@data-kt=\"addButton\"]"}
COMMAND: POST /session/238fc7fdfbc7ddd3047b28b6e8a40f5c/elements - {"using":"xpath","value":"//button[@data-kt=\"addButton\"]"}
RESULT: {"using":"xpath","value":"//button[@data-kt=\"addButton\"]"}
COMMAND: POST /session/238fc7fdfbc7ddd3047b28b6e8a40f5c/elements - {"using":"xpath","value":"//button[@data-kt=\"addButton\"]"}
RESULT: {"using":"xpath","value":"//button[@data-kt=\"addButton\"]"}
COMMAND: POST /session/238fc7fdfbc7ddd3047b28b6e8a40f5c/elements - {"using":"xpath","value":"//button[@data-kt=\"addButton\"]"}
RESULT: {"using":"xpath","value":"//button[@data-kt=\"addButton\"]"}
COMMAND: POST /session/238fc7fdfbc7ddd3047b28b6e8a40f5c/elements - {"using":"xpath","value":"//button[@data-kt=\"addButton\"]"}
RESULT: {"using":"xpath","value":"//button[@data-kt=\"addButton\"]"}
COMMAND: POST /session/238fc7fdfbc7ddd3047b28b6e8a40f5c/elements - {"using":"xpath","value":"//button[@data-kt=\"addButton\"]"}
RESULT: {"using":"xpath","value":"//button[@data-kt=\"addButton\"]"}
COMMAND: POST /session/238fc7fdfbc7ddd3047b28b6e8a40f5c/elements - {"using":"xpath","value":"//button[@data-kt=\"addButton\"]"}
RESULT: {"using":"xpath","value":"//button[@data-kt=\"addButton\"]"}
COMMAND: POST /session/238fc7fdfbc7ddd3047b28b6e8a40f5c/elements - {"using":"xpath","value":"//button[@data-kt=\"addButton\"]"}
RESULT: {"using":"xpath","value":"//button[@data-kt=\"addButton\"]"}
COMMAND: POST /session/238fc7fdfbc7ddd3047b28b6e8a40f5c/elements - {"using":"xpath","value":"//button[@data-kt=\"addButton\"]"}
RESULT: {"using":"xpath","value":"//button[@data-kt=\"addButton\"]"}
COMMAND: POST /session/238fc7fdfbc7ddd3047b28b6e8a40f5c/elements - {"using":"xpath","value":"//button[@data-kt=\"addButton\"]"}
RESULT: {"using":"xpath","value":"//button[@data-kt=\"addButton\"]"}
COMMAND: POST /session/238fc7fdfbc7ddd3047b28b6e8a40f5c/elements - {"using":"xpath","value":"//button[@data-kt=\"addButton\"]"}
RESULT: {"using":"xpath","value":"//button[@data-kt=\"addButton\"]"}
COMMAND: POST /session/238fc7fdfbc7ddd3047b28b6e8a40f5c/elements - {"using":"xpath","value":"//button[@data-kt=\"addButton\"]"}
RESULT: {"using":"xpath","value":"//button[@data-kt=\"addButton\"]"}
COMMAND: POST /session/238fc7fdfbc7ddd3047b28b6e8a40f5c/elements - {"using":"xpath","value":"//button[@data-kt=\"addButton\"]"}
RESULT: {"using":"xpath","value":"//button[@data-kt=\"addButton\"]"}
COMMAND: POST /session/238fc7fdfbc7ddd3047b28b6e8a40f5c/elements - {"using":"xpath","value":"//button[@data-kt=\"addButton\"]"}
RESULT: {"using":"xpath","value":"//button[@data-kt=\"addButton\"]"}
COMMAND: POST /session/238fc7fdfbc7ddd3047b28b6e8a40f5c/elements - {"using":"xpath","value":"//button[@data-kt=\"addButton\"]"}
RESULT: {"using":"xpath","value":"//button[@data-kt=\"addButton\"]"}
COMMAND: POST /session/238fc7fdfbc7ddd3047b28b6e8a40f5c/elements - {"using":"xpath","value":"//button[@data-kt=\"addButton\"]"}
RESULT: {"using":"xpath","value":"//button[@data-kt=\"addButton\"]"}
COMMAND: POST /session/238fc7fdfbc7ddd3047b28b6e8a40f5c/elements - {"using":"xpath","value":"//button[@data-kt=\"addButton\"]"}
RESULT: {"using":"xpath","value":"//button[@data-kt=\"addButton\"]"}
COMMAND: POST /session/238fc7fdfbc7ddd3047b28b6e8a40f5c/elements - {"using":"xpath","value":"//button[@data-kt=\"addButton\"]"}
RESULT: {"using":"xpath","value":"//button[@data-kt=\"addButton\"]"}
COMMAND: POST /session/238fc7fdfbc7ddd3047b28b6e8a40f5c/elements - {"using":"xpath","value":"//button[@data-kt=\"addButton\"]"}
RESULT: {"using":"xpath","value":"//button[@data-kt=\"addButton\"]"}
COMMAND: POST /session/238fc7fdfbc7ddd3047b28b6e8a40f5c/elements - {"using":"xpath","value":"//button[@data-kt=\"addButton\"]"}
RESULT: {"using":"xpath","value":"//button[@data-kt=\"addButton\"]"}
COMMAND: POST /session/238fc7fdfbc7ddd3047b28b6e8a40f5c/elements - {"using":"xpath","value":"//button[@data-kt=\"addButton\"]"}
RESULT: {"using":"xpath","value":"//button[@data-kt=\"addButton\"]"}
COMMAND: POST /session/238fc7fdfbc7ddd3047b28b6e8a40f5c/elements - {"using":"xpath","value":"//button[@data-kt=\"addButton\"]"}
RESULT: {"using":"xpath","value":"//button[@data-kt=\"addButton\"]"}
COMMAND: POST /session/238fc7fdfbc7ddd3047b28b6e8a40f5c/elements - {"using":"xpath","value":"//button[@data-kt=\"addButton\"]"}
RESULT: {"using":"xpath","value":"//button[@data-kt=\"addButton\"]"}
COMMAND: POST /session/238fc7fdfbc7ddd3047b28b6e8a40f5c/elements - {"using":"xpath","value":"//button[@data-kt=\"addButton\"]"}
RESULT: {"using":"xpath","value":"//button[@data-kt=\"addButton\"]"}
COMMAND: POST /session/238fc7fdfbc7ddd3047b28b6e8a40f5c/elements - {"using":"xpath","value":"//button[@data-kt=\"addButton\"]"}
RESULT: {"using":"xpath","value":"//button[@data-kt=\"addButton\"]"}
COMMAND: POST /session/238fc7fdfbc7ddd3047b28b6e8a40f5c/elements - {"using":"xpath","value":"//button[@data-kt=\"addButton\"]"}
RESULT: {"using":"xpath","value":"//button[@data-kt=\"addButton\"]"}
COMMAND: POST /session/238fc7fdfbc7ddd3047b28b6e8a40f5c/elements - {"using":"xpath","value":"//button[@data-kt=\"addButton\"]"}
RESULT: {"using":"xpath","value":"//button[@data-kt=\"addButton\"]"}
COMMAND: POST /session/238fc7fdfbc7ddd3047b28b6e8a40f5c/elements - {"using":"xpath","value":"//button[@data-kt=\"addButton\"]"}
RESULT: {"using":"xpath","value":"//button[@data-kt=\"addButton\"]"}
COMMAND: POST /session/238fc7fdfbc7ddd3047b28b6e8a40f5c/elements - {"using":"xpath","value":"//button[@data-kt=\"addButton\"]"}
RESULT: {"using":"xpath","value":"//button[@data-kt=\"addButton\"]"}
COMMAND: POST /session/238fc7fdfbc7ddd3047b28b6e8a40f5c/elements - {"using":"xpath","value":"//button[@data-kt=\"addButton\"]"}
RESULT: {"using":"xpath","value":"//button[@data-kt=\"addButton\"]"}
COMMAND: POST /session/238fc7fdfbc7ddd3047b28b6e8a40f5c/elements - {"using":"xpath","value":"//button[@data-kt=\"addButton\"]"}
RESULT: {"using":"xpath","value":"//button[@data-kt=\"addButton\"]"}
COMMAND: POST /session/238fc7fdfbc7ddd3047b28b6e8a40f5c/elements - {"using":"xpath","value":"//button[@data-kt=\"addButton\"]"}
RESULT: {"using":"xpath","value":"//button[@data-kt=\"addButton\"]"}
COMMAND: POST /session/238fc7fdfbc7ddd3047b28b6e8a40f5c/elements - {"using":"xpath","value":"//button[@data-kt=\"addButton\"]"}
RESULT: {"using":"xpath","value":"//button[@data-kt=\"addButton\"]"}
COMMAND: POST /session/238fc7fdfbc7ddd3047b28b6e8a40f5c/elements - {"using":"xpath","value":"//button[@data-kt=\"addButton\"]"}
RESULT: {"using":"xpath","value":"//button[@data-kt=\"addButton\"]"}
COMMAND: POST /session/238fc7fdfbc7ddd3047b28b6e8a40f5c/elements - {"using":"xpath","value":"//button[@data-kt=\"addButton\"]"}
RESULT: {"using":"xpath","value":"//button[@data-kt=\"addButton\"]"}
COMMAND: POST /session/238fc7fdfbc7ddd3047b28b6e8a40f5c/elements - {"using":"xpath","value":"//button[@data-kt=\"addButton\"]"}
RESULT: {"using":"xpath","value":"//button[@data-kt=\"addButton\"]"}
COMMAND: POST /session/238fc7fdfbc7ddd3047b28b6e8a40f5c/elements - {"using":"xpath","value":"//button[@data-kt=\"addButton\"]"}
RESULT: {"using":"xpath","value":"//button[@data-kt=\"addButton\"]"}
COMMAND: POST /session/238fc7fdfbc7ddd3047b28b6e8a40f5c/elements - {"using":"xpath","value":"//button[@data-kt=\"addButton\"]"}
RESULT: {"using":"xpath","value":"//button[@data-kt=\"addButton\"]"}
COMMAND: POST /session/238fc7fdfbc7ddd3047b28b6e8a40f5c/elements - {"using":"xpath","value":"//button[@data-kt=\"addButton\"]"}
RESULT: {"using":"xpath","value":"//button[@data-kt=\"addButton\"]"}
COMMAND: POST /session/238fc7fdfbc7ddd3047b28b6e8a40f5c/elements - {"using":"xpath","value":"//button[@data-kt=\"addButton\"]"}
RESULT: {"using":"xpath","value":"//button[@data-kt=\"addButton\"]"}
COMMAND: POST /session/238fc7fdfbc7ddd3047b28b6e8a40f5c/elements - {"using":"xpath","value":"//button[@data-kt=\"addButton\"]"}
RESULT: {"using":"xpath","value":"//button[@data-kt=\"addButton\"]"}
COMMAND: POST /session/238fc7fdfbc7ddd3047b28b6e8a40f5c/elements - {"using":"xpath","value":"//button[@data-kt=\"addButton\"]"}
RESULT: {"using":"xpath","value":"//button[@data-kt=\"addButton\"]"}
COMMAND: POST /session/238fc7fdfbc7ddd3047b28b6e8a40f5c/elements - {"using":"xpath","value":"//button[@data-kt=\"addButton\"]"}
RESULT: {"using":"xpath","value":"//button[@data-kt=\"addButton\"]"}
COMMAND: POST /session/238fc7fdfbc7ddd3047b28b6e8a40f5c/elements - {"using":"xpath","value":"//button[@data-kt=\"addButton\"]"}
RESULT: {"using":"xpath","value":"//button[@data-kt=\"addButton\"]"}
COMMAND: POST /session/238fc7fdfbc7ddd3047b28b6e8a40f5c/elements - {"using":"xpath","value":"//button[@data-kt=\"addButton\"]"}
RESULT: {"using":"xpath","value":"//button[@data-kt=\"addButton\"]"}
COMMAND: POST /session/238fc7fdfbc7ddd3047b28b6e8a40f5c/elements - {"using":"xpath","value":"//button[@data-kt=\"addButton\"]"}
RESULT: {"using":"xpath","value":"//button[@data-kt=\"addButton\"]"}
COMMAND: POST /session/238fc7fdfbc7ddd3047b28b6e8a40f5c/elements - {"using":"xpath","value":"//button[@data-kt=\"addButton\"]"}
RESULT: {"using":"xpath","value":"//button[@data-kt=\"addButton\"]"}
COMMAND: POST /session/238fc7fdfbc7ddd3047b28b6e8a40f5c/elements - {"using":"xpath","value":"//button[@data-kt=\"addButton\"]"}
RESULT: {"using":"xpath","value":"//button[@data-kt=\"addButton\"]"}
COMMAND: POST /session/238fc7fdfbc7ddd3047b28b6e8a40f5c/elements - {"using":"xpath","value":"//button[@data-kt=\"addButton\"]"}
RESULT: {"using":"xpath","value":"//button[@data-kt=\"addButton\"]"}
COMMAND: POST /session/238fc7fdfbc7ddd3047b28b6e8a40f5c/elements - {"using":"xpath","value":"//button[@data-kt=\"addButton\"]"}
RESULT: {"using":"xpath","value":"//button[@data-kt=\"addButton\"]"}
COMMAND: POST /session/238fc7fdfbc7ddd3047b28b6e8a40f5c/elements - {"using":"xpath","value":"//button[@data-kt=\"addButton\"]"}
RESULT: {"using":"xpath","value":"//button[@data-kt=\"addButton\"]"}
COMMAND: POST /session/238fc7fdfbc7ddd3047b28b6e8a40f5c/elements - {"using":"xpath","value":"//button[@data-kt=\"addButton\"]"}
RESULT: {"using":"xpath","value":"//button[@data-kt=\"addButton\"]"}
COMMAND: POST /session/238fc7fdfbc7ddd3047b28b6e8a40f5c/elements - {"using":"xpath","value":"//button[@data-kt=\"addButton\"]"}
RESULT: {"using":"xpath","value":"//button[@data-kt=\"addButton\"]"}
COMMAND: POST /session/238fc7fdfbc7ddd3047b28b6e8a40f5c/elements - {"using":"xpath","value":"//button[@data-kt=\"addButton\"]"}
RESULT: {"using":"xpath","value":"//button[@data-kt=\"addButton\"]"}
COMMAND: POST /session/238fc7fdfbc7ddd3047b28b6e8a40f5c/elements - {"using":"xpath","value":"//button[@data-kt=\"addButton\"]"}
RESULT: {"using":"xpath","value":"//button[@data-kt=\"addButton\"]"}
COMMAND: POST /session/238fc7fdfbc7ddd3047b28b6e8a40f5c/elements - {"using":"xpath","value":"//button[@data-kt=\"addButton\"]"}
RESULT: {"using":"xpath","value":"//button[@data-kt=\"addButton\"]"}
COMMAND: POST /session/238fc7fdfbc7ddd3047b28b6e8a40f5c/elements - {"using":"xpath","value":"//button[@data-kt=\"addButton\"]"}
RESULT: {"using":"xpath","value":"//button[@data-kt=\"addButton\"]"}
COMMAND: POST /session/238fc7fdfbc7ddd3047b28b6e8a40f5c/elements - {"using":"xpath","value":"//button[@data-kt=\"addButton\"]"}
RESULT: {"using":"xpath","value":"//button[@data-kt=\"addButton\"]"}
COMMAND: POST /session/238fc7fdfbc7ddd3047b28b6e8a40f5c/elements - {"using":"xpath","value":"//button[@data-kt=\"addButton\"]"}
RESULT: {"using":"xpath","value":"//button[@data-kt=\"addButton\"]"}
COMMAND: POST /session/238fc7fdfbc7ddd3047b28b6e8a40f5c/elements - {"using":"xpath","value":"//button[@data-kt=\"addButton\"]"}
RESULT: {"using":"xpath","value":"//button[@data-kt=\"addButton\"]"}
COMMAND: POST /session/238fc7fdfbc7ddd3047b28b6e8a40f5c/elements - {"using":"xpath","value":"//button[@data-kt=\"addButton\"]"}
RESULT: {"using":"xpath","value":"//button[@data-kt=\"addButton\"]"}
COMMAND: POST /session/238fc7fdfbc7ddd3047b28b6e8a40f5c/elements - {"using":"xpath","value":"//button[@data-kt=\"addButton\"]"}
RESULT: {"using":"xpath","value":"//button[@data-kt=\"addButton\"]"}
COMMAND: POST /session/238fc7fdfbc7ddd3047b28b6e8a40f5c/elements - {"using":"xpath","value":"//button[@data-kt=\"addButton\"]"}
RESULT: {"using":"xpath","value":"//button[@data-kt=\"addButton\"]"}
COMMAND: POST /session/238fc7fdfbc7ddd3047b28b6e8a40f5c/elements - {"using":"xpath","value":"//button[@data-kt=\"addButton\"]"}
RESULT: {"using":"xpath","value":"//button[@data-kt=\"addButton\"]"}
COMMAND: POST /session/238fc7fdfbc7ddd3047b28b6e8a40f5c/elements - {"using":"xpath","value":"//button[@data-kt=\"addButton\"]"}
RESULT: {"using":"xpath","value":"//button[@data-kt=\"addButton\"]"}
COMMAND: POST /session/238fc7fdfbc7ddd3047b28b6e8a40f5c/elements - {"using":"xpath","value":"//button[@data-kt=\"addButton\"]"}
RESULT: {"using":"xpath","value":"//button[@data-kt=\"addButton\"]"}
COMMAND: POST /session/238fc7fdfbc7ddd3047b28b6e8a40f5c/elements - {"using":"xpath","value":"//button[@data-kt=\"addButton\"]"}
RESULT: {"using":"xpath","value":"//button[@data-kt=\"addButton\"]"}
COMMAND: POST /session/238fc7fdfbc7ddd3047b28b6e8a40f5c/elements - {"using":"xpath","value":"//button[@data-kt=\"addButton\"]"}
RESULT: {"using":"xpath","value":"//button[@data-kt=\"addButton\"]"}
COMMAND: POST /session/238fc7fdfbc7ddd3047b28b6e8a40f5c/elements - {"using":"xpath","value":"//button[@data-kt=\"addButton\"]"}
RESULT: {"using":"xpath","value":"//button[@data-kt=\"addButton\"]"}
COMMAND: POST /session/238fc7fdfbc7ddd3047b28b6e8a40f5c/elements - {"using":"xpath","value":"//button[@data-kt=\"addButton\"]"}
RESULT: {"using":"xpath","value":"//button[@data-kt=\"addButton\"]"}
COMMAND: POST /session/238fc7fdfbc7ddd3047b28b6e8a40f5c/elements - {"using":"xpath","value":"//button[@data-kt=\"addButton\"]"}
RESULT: {"using":"xpath","value":"//button[@data-kt=\"addButton\"]"}
COMMAND: POST /session/238fc7fdfbc7ddd3047b28b6e8a40f5c/elements - {"using":"xpath","value":"//button[@data-kt=\"addButton\"]"}
RESULT: {"using":"xpath","value":"//button[@data-kt=\"addButton\"]"}
COMMAND: POST /session/238fc7fdfbc7ddd3047b28b6e8a40f5c/elements - {"using":"xpath","value":"//button[@data-kt=\"addButton\"]"}
RESULT: {"using":"xpath","value":"//button[@data-kt=\"addButton\"]"}
COMMAND: POST /session/238fc7fdfbc7ddd3047b28b6e8a40f5c/elements - {"using":"xpath","value":"//button[@data-kt=\"addButton\"]"}
RESULT: {"using":"xpath","value":"//button[@data-kt=\"addButton\"]"}
COMMAND: POST /session/238fc7fdfbc7ddd3047b28b6e8a40f5c/elements - {"using":"xpath","value":"//button[@data-kt=\"addButton\"]"}
RESULT: {"using":"xpath","value":"//button[@data-kt=\"addButton\"]"}
COMMAND: POST /session/238fc7fdfbc7ddd3047b28b6e8a40f5c/elements - {"using":"xpath","value":"//button[@data-kt=\"addButton\"]"}
RESULT: {"using":"xpath","value":"//button[@data-kt=\"addButton\"]"}
COMMAND: POST /session/238fc7fdfbc7ddd3047b28b6e8a40f5c/elements - {"using":"xpath","value":"//button[@data-kt=\"addButton\"]"}
RESULT: {"using":"xpath","value":"//button[@data-kt=\"addButton\"]"}
COMMAND: POST /session/238fc7fdfbc7ddd3047b28b6e8a40f5c/elements - {"using":"xpath","value":"//button[@data-kt=\"addButton\"]"}
RESULT: {"using":"xpath","value":"//button[@data-kt=\"addButton\"]"}
COMMAND: POST /session/238fc7fdfbc7ddd3047b28b6e8a40f5c/elements - {"using":"xpath","value":"//button[@data-kt=\"addButton\"]"}
RESULT: {"using":"xpath","value":"//button[@data-kt=\"addButton\"]"}
COMMAND: POST /session/238fc7fdfbc7ddd3047b28b6e8a40f5c/elements - {"using":"xpath","value":"//button[@data-kt=\"addButton\"]"}
RESULT: {"using":"xpath","value":"//button[@data-kt=\"addButton\"]"}
COMMAND: POST /session/238fc7fdfbc7ddd3047b28b6e8a40f5c/elements - {"using":"xpath","value":"//button[@data-kt=\"addButton\"]"}
RESULT: {"using":"xpath","value":"//button[@data-kt=\"addButton\"]"}
COMMAND: POST /session/238fc7fdfbc7ddd3047b28b6e8a40f5c/elements - {"using":"xpath","value":"//button[@data-kt=\"addButton\"]"}
RESULT: {"using":"xpath","value":"//button[@data-kt=\"addButton\"]"}
COMMAND: POST /session/238fc7fdfbc7ddd3047b28b6e8a40f5c/elements - {"using":"xpath","value":"//button[@data-kt=\"addButton\"]"}
RESULT: {"using":"xpath","value":"//button[@data-kt=\"addButton\"]"}
COMMAND: POST /session/238fc7fdfbc7ddd3047b28b6e8a40f5c/elements - {"using":"xpath","value":"//button[@data-kt=\"addButton\"]"}
RESULT: {"using":"xpath","value":"//button[@data-kt=\"addButton\"]"}
COMMAND: POST /session/238fc7fdfbc7ddd3047b28b6e8a40f5c/elements - {"using":"xpath","value":"//button[@data-kt=\"addButton\"]"}
RESULT: {"using":"xpath","value":"//button[@data-kt=\"addButton\"]"}
COMMAND: POST /session/238fc7fdfbc7ddd3047b28b6e8a40f5c/elements - {"using":"xpath","value":"//button[@data-kt=\"addButton\"]"}
RESULT: {"using":"xpath","value":"//button[@data-kt=\"addButton\"]"}
COMMAND: POST /session/238fc7fdfbc7ddd3047b28b6e8a40f5c/elements - {"using":"xpath","value":"//button[@data-kt=\"addButton\"]"}
RESULT: {"using":"xpath","value":"//button[@data-kt=\"addButton\"]"}
COMMAND: POST /session/238fc7fdfbc7ddd3047b28b6e8a40f5c/elements - {"using":"xpath","value":"//button[@data-kt=\"addButton\"]"}
RESULT: {"using":"xpath","value":"//button[@data-kt=\"addButton\"]"}
COMMAND: POST /session/238fc7fdfbc7ddd3047b28b6e8a40f5c/elements - {"using":"xpath","value":"//button[@data-kt=\"addButton\"]"}
RESULT: {"using":"xpath","value":"//button[@data-kt=\"addButton\"]"}
COMMAND: POST /session/238fc7fdfbc7ddd3047b28b6e8a40f5c/elements - {"using":"xpath","value":"//button[@data-kt=\"addButton\"]"}
RESULT: {"using":"xpath","value":"//button[@data-kt=\"addButton\"]"}
COMMAND: POST /session/238fc7fdfbc7ddd3047b28b6e8a40f5c/elements - {"using":"xpath","value":"//button[@data-kt=\"addButton\"]"}
RESULT: {"using":"xpath","value":"//button[@data-kt=\"addButton\"]"}
COMMAND: GET /session/238fc7fdfbc7ddd3047b28b6e8a40f5c/screenshot - {}
RESULT: {}
]]></system-out>
      <system-err><![CDATA[
Error: element ("//button[@data-kt="addButton"]") still not existing after 45000ms
    at async UtilsPrerequisites.partnerEdit (D:\a\1\s\test\specs\BTS\prerequisites-and-utils-functions.js:2998:9)
    at async Context.<anonymous> (D:\a\1\s\test\specs\BTS\manage-partners.spec.js:348:9)
]]></system-err>
    </testcase>
    <testcase classname="chrome.136_0_7103_49.windows.Partner_specific_tests_US150819_US151080_US151654_US151176_US103444_US151078_US151079_US151109_US151174_US151175_US151189" name="Should create a new intercompany partner edit some of its fields US151078" time="87.779">
      <skipped />
      <system-out><![CDATA[
COMMAND: GET /session/238fc7fdfbc7ddd3047b28b6e8a40f5c/screenshot - {}
COMMAND: POST /session/238fc7fdfbc7ddd3047b28b6e8a40f5c/element - {"using":"xpath","value":"//li[.//span[text()=\"Manage Partners\"]]"}
RESULT: {"using":"xpath","value":"//button[@data-kt=\"addButton\"]"}
RESULT: {"using":"xpath","value":"//li[.//span[text()=\"Manage Partners\"]]"}
COMMAND: POST /session/238fc7fdfbc7ddd3047b28b6e8a40f5c/element - {"using":"xpath","value":"//li[.//span[text()=\"Manage Partners\"]]"}
RESULT: {}
RESULT: {"using":"xpath","value":"//li[.//span[text()=\"Manage Partners\"]]"}
COMMAND: POST /session/238fc7fdfbc7ddd3047b28b6e8a40f5c/element - {"using":"css selector","value":"#shell-header-logo"}
RESULT: {"using":"css selector","value":"#shell-header-logo"}
COMMAND: POST /session/238fc7fdfbc7ddd3047b28b6e8a40f5c/elements - {"using":"css selector","value":"#shell-header-logo"}
COMMAND: POST /session/238fc7fdfbc7ddd3047b28b6e8a40f5c/element - {"using":"css selector","value":"#shell-header-logo"}
RESULT: {"using":"css selector","value":"#shell-header-logo"}
RESULT: {"using":"css selector","value":"#shell-header-logo"}
COMMAND: POST /session/238fc7fdfbc7ddd3047b28b6e8a40f5c/elements - {"using":"css selector","value":"#shell-header-logo"}
RESULT: {"using":"css selector","value":"#shell-header-logo"}
COMMAND: POST /session/238fc7fdfbc7ddd3047b28b6e8a40f5c/elements - {"using":"css selector","value":"#shell-header-logo"}
RESULT: {"using":"css selector","value":"#shell-header-logo"}
COMMAND: POST /session/238fc7fdfbc7ddd3047b28b6e8a40f5c/elements - {"using":"css selector","value":"#shell-header-logo"}
RESULT: {"using":"css selector","value":"#shell-header-logo"}
COMMAND: POST /session/238fc7fdfbc7ddd3047b28b6e8a40f5c/elements - {"using":"css selector","value":"#shell-header-logo"}
RESULT: {"using":"css selector","value":"#shell-header-logo"}
COMMAND: POST /session/238fc7fdfbc7ddd3047b28b6e8a40f5c/elements - {"using":"css selector","value":"#shell-header-logo"}
RESULT: {"using":"css selector","value":"#shell-header-logo"}
COMMAND: POST /session/238fc7fdfbc7ddd3047b28b6e8a40f5c/elements - {"using":"css selector","value":"#shell-header-logo"}
RESULT: {"using":"css selector","value":"#shell-header-logo"}
COMMAND: POST /session/238fc7fdfbc7ddd3047b28b6e8a40f5c/elements - {"using":"css selector","value":"#shell-header-logo"}
RESULT: {"using":"css selector","value":"#shell-header-logo"}
COMMAND: POST /session/238fc7fdfbc7ddd3047b28b6e8a40f5c/elements - {"using":"css selector","value":"#shell-header-logo"}
RESULT: {"using":"css selector","value":"#shell-header-logo"}
COMMAND: POST /session/238fc7fdfbc7ddd3047b28b6e8a40f5c/elements - {"using":"css selector","value":"#shell-header-logo"}
RESULT: {"using":"css selector","value":"#shell-header-logo"}
COMMAND: POST /session/238fc7fdfbc7ddd3047b28b6e8a40f5c/elements - {"using":"css selector","value":"#shell-header-logo"}
RESULT: {"using":"css selector","value":"#shell-header-logo"}
COMMAND: POST /session/238fc7fdfbc7ddd3047b28b6e8a40f5c/elements - {"using":"css selector","value":"#shell-header-logo"}
RESULT: {"using":"css selector","value":"#shell-header-logo"}
COMMAND: POST /session/238fc7fdfbc7ddd3047b28b6e8a40f5c/elements - {"using":"css selector","value":"#shell-header-logo"}
RESULT: {"using":"css selector","value":"#shell-header-logo"}
COMMAND: POST /session/238fc7fdfbc7ddd3047b28b6e8a40f5c/elements - {"using":"css selector","value":"#shell-header-logo"}
RESULT: {"using":"css selector","value":"#shell-header-logo"}
COMMAND: POST /session/238fc7fdfbc7ddd3047b28b6e8a40f5c/elements - {"using":"css selector","value":"#shell-header-logo"}
RESULT: {"using":"css selector","value":"#shell-header-logo"}
COMMAND: POST /session/238fc7fdfbc7ddd3047b28b6e8a40f5c/elements - {"using":"css selector","value":"#shell-header-logo"}
RESULT: {"using":"css selector","value":"#shell-header-logo"}
COMMAND: POST /session/238fc7fdfbc7ddd3047b28b6e8a40f5c/elements - {"using":"css selector","value":"#shell-header-logo"}
RESULT: {"using":"css selector","value":"#shell-header-logo"}
COMMAND: POST /session/238fc7fdfbc7ddd3047b28b6e8a40f5c/elements - {"using":"css selector","value":"#shell-header-logo"}
RESULT: {"using":"css selector","value":"#shell-header-logo"}
COMMAND: POST /session/238fc7fdfbc7ddd3047b28b6e8a40f5c/elements - {"using":"css selector","value":"#shell-header-logo"}
RESULT: {"using":"css selector","value":"#shell-header-logo"}
COMMAND: POST /session/238fc7fdfbc7ddd3047b28b6e8a40f5c/elements - {"using":"css selector","value":"#shell-header-logo"}
RESULT: {"using":"css selector","value":"#shell-header-logo"}
COMMAND: POST /session/238fc7fdfbc7ddd3047b28b6e8a40f5c/elements - {"using":"css selector","value":"#shell-header-logo"}
RESULT: {"using":"css selector","value":"#shell-header-logo"}
COMMAND: POST /session/238fc7fdfbc7ddd3047b28b6e8a40f5c/elements - {"using":"css selector","value":"#shell-header-logo"}
RESULT: {"using":"css selector","value":"#shell-header-logo"}
COMMAND: POST /session/238fc7fdfbc7ddd3047b28b6e8a40f5c/elements - {"using":"css selector","value":"#shell-header-logo"}
RESULT: {"using":"css selector","value":"#shell-header-logo"}
COMMAND: POST /session/238fc7fdfbc7ddd3047b28b6e8a40f5c/elements - {"using":"css selector","value":"#shell-header-logo"}
RESULT: {"using":"css selector","value":"#shell-header-logo"}
COMMAND: POST /session/238fc7fdfbc7ddd3047b28b6e8a40f5c/elements - {"using":"css selector","value":"#shell-header-logo"}
RESULT: {"using":"css selector","value":"#shell-header-logo"}
COMMAND: POST /session/238fc7fdfbc7ddd3047b28b6e8a40f5c/elements - {"using":"css selector","value":"#shell-header-logo"}
RESULT: {"using":"css selector","value":"#shell-header-logo"}
COMMAND: POST /session/238fc7fdfbc7ddd3047b28b6e8a40f5c/elements - {"using":"css selector","value":"#shell-header-logo"}
RESULT: {"using":"css selector","value":"#shell-header-logo"}
COMMAND: POST /session/238fc7fdfbc7ddd3047b28b6e8a40f5c/elements - {"using":"css selector","value":"#shell-header-logo"}
RESULT: {"using":"css selector","value":"#shell-header-logo"}
COMMAND: POST /session/238fc7fdfbc7ddd3047b28b6e8a40f5c/elements - {"using":"css selector","value":"#shell-header-logo"}
RESULT: {"using":"css selector","value":"#shell-header-logo"}
COMMAND: POST /session/238fc7fdfbc7ddd3047b28b6e8a40f5c/elements - {"using":"css selector","value":"#shell-header-logo"}
RESULT: {"using":"css selector","value":"#shell-header-logo"}
COMMAND: POST /session/238fc7fdfbc7ddd3047b28b6e8a40f5c/refresh - {}
COMMAND: POST /session/238fc7fdfbc7ddd3047b28b6e8a40f5c/elements - {"using":"css selector","value":"#shell-header-logo"}
RESULT: {}
COMMAND: GET /session/238fc7fdfbc7ddd3047b28b6e8a40f5c/screenshot - {}
RESULT: {"using":"css selector","value":"#shell-header-logo"}
COMMAND: POST /session/238fc7fdfbc7ddd3047b28b6e8a40f5c/elements - {"using":"css selector","value":"#shell-header-logo"}
RESULT: {}
RESULT: {"using":"css selector","value":"#shell-header-logo"}
COMMAND: POST /session/238fc7fdfbc7ddd3047b28b6e8a40f5c/elements - {"using":"css selector","value":"#shell-header-logo"}
RESULT: {"using":"css selector","value":"#shell-header-logo"}
COMMAND: POST /session/238fc7fdfbc7ddd3047b28b6e8a40f5c/elements - {"using":"css selector","value":"#shell-header-logo"}
RESULT: {"using":"css selector","value":"#shell-header-logo"}
COMMAND: POST /session/238fc7fdfbc7ddd3047b28b6e8a40f5c/elements - {"using":"css selector","value":"#shell-header-logo"}
RESULT: {"using":"css selector","value":"#shell-header-logo"}
COMMAND: POST /session/238fc7fdfbc7ddd3047b28b6e8a40f5c/elements - {"using":"css selector","value":"#shell-header-logo"}
RESULT: {"using":"css selector","value":"#shell-header-logo"}
COMMAND: POST /session/238fc7fdfbc7ddd3047b28b6e8a40f5c/elements - {"using":"css selector","value":"#shell-header-logo"}
RESULT: {"using":"css selector","value":"#shell-header-logo"}
COMMAND: POST /session/238fc7fdfbc7ddd3047b28b6e8a40f5c/elements - {"using":"css selector","value":"#shell-header-logo"}
RESULT: {"using":"css selector","value":"#shell-header-logo"}
COMMAND: POST /session/238fc7fdfbc7ddd3047b28b6e8a40f5c/elements - {"using":"css selector","value":"#shell-header-logo"}
RESULT: {"using":"css selector","value":"#shell-header-logo"}
COMMAND: POST /session/238fc7fdfbc7ddd3047b28b6e8a40f5c/elements - {"using":"css selector","value":"#shell-header-logo"}
RESULT: {"using":"css selector","value":"#shell-header-logo"}
COMMAND: POST /session/238fc7fdfbc7ddd3047b28b6e8a40f5c/elements - {"using":"css selector","value":"#shell-header-logo"}
RESULT: {"using":"css selector","value":"#shell-header-logo"}
COMMAND: POST /session/238fc7fdfbc7ddd3047b28b6e8a40f5c/elements - {"using":"css selector","value":"#shell-header-logo"}
RESULT: {"using":"css selector","value":"#shell-header-logo"}
COMMAND: POST /session/238fc7fdfbc7ddd3047b28b6e8a40f5c/elements - {"using":"css selector","value":"#shell-header-logo"}
RESULT: {"using":"css selector","value":"#shell-header-logo"}
COMMAND: POST /session/238fc7fdfbc7ddd3047b28b6e8a40f5c/elements - {"using":"css selector","value":"#shell-header-logo"}
RESULT: {"using":"css selector","value":"#shell-header-logo"}
COMMAND: POST /session/238fc7fdfbc7ddd3047b28b6e8a40f5c/elements - {"using":"css selector","value":"#shell-header-logo"}
RESULT: {"using":"css selector","value":"#shell-header-logo"}
COMMAND: POST /session/238fc7fdfbc7ddd3047b28b6e8a40f5c/elements - {"using":"css selector","value":"#shell-header-logo"}
RESULT: {"using":"css selector","value":"#shell-header-logo"}
COMMAND: POST /session/238fc7fdfbc7ddd3047b28b6e8a40f5c/elements - {"using":"css selector","value":"#shell-header-logo"}
RESULT: {"using":"css selector","value":"#shell-header-logo"}
COMMAND: POST /session/238fc7fdfbc7ddd3047b28b6e8a40f5c/elements - {"using":"css selector","value":"#shell-header-logo"}
RESULT: {"using":"css selector","value":"#shell-header-logo"}
COMMAND: POST /session/238fc7fdfbc7ddd3047b28b6e8a40f5c/elements - {"using":"css selector","value":"#shell-header-logo"}
RESULT: {"using":"css selector","value":"#shell-header-logo"}
COMMAND: POST /session/238fc7fdfbc7ddd3047b28b6e8a40f5c/elements - {"using":"css selector","value":"#shell-header-logo"}
RESULT: {"using":"css selector","value":"#shell-header-logo"}
COMMAND: POST /session/238fc7fdfbc7ddd3047b28b6e8a40f5c/elements - {"using":"css selector","value":"#shell-header-logo"}
RESULT: {"using":"css selector","value":"#shell-header-logo"}
COMMAND: POST /session/238fc7fdfbc7ddd3047b28b6e8a40f5c/elements - {"using":"css selector","value":"#shell-header-logo"}
RESULT: {"using":"css selector","value":"#shell-header-logo"}
COMMAND: POST /session/238fc7fdfbc7ddd3047b28b6e8a40f5c/refresh - {}
COMMAND: POST /session/238fc7fdfbc7ddd3047b28b6e8a40f5c/elements - {"using":"css selector","value":"#shell-header-logo"}
RESULT: {}
COMMAND: GET /session/238fc7fdfbc7ddd3047b28b6e8a40f5c/screenshot - {}
RESULT: {"using":"css selector","value":"#shell-header-logo"}
RESULT: {}
COMMAND: POST /session/238fc7fdfbc7ddd3047b28b6e8a40f5c/elements - {"using":"css selector","value":"#shell-header-logo"}
RESULT: {"using":"css selector","value":"#shell-header-logo"}
COMMAND: POST /session/238fc7fdfbc7ddd3047b28b6e8a40f5c/elements - {"using":"css selector","value":"#shell-header-logo"}
RESULT: {"using":"css selector","value":"#shell-header-logo"}
COMMAND: POST /session/238fc7fdfbc7ddd3047b28b6e8a40f5c/elements - {"using":"css selector","value":"#shell-header-logo"}
RESULT: {"using":"css selector","value":"#shell-header-logo"}
COMMAND: POST /session/238fc7fdfbc7ddd3047b28b6e8a40f5c/elements - {"using":"css selector","value":"#shell-header-logo"}
RESULT: {"using":"css selector","value":"#shell-header-logo"}
COMMAND: POST /session/238fc7fdfbc7ddd3047b28b6e8a40f5c/elements - {"using":"css selector","value":"#shell-header-logo"}
RESULT: {"using":"css selector","value":"#shell-header-logo"}
COMMAND: POST /session/238fc7fdfbc7ddd3047b28b6e8a40f5c/elements - {"using":"css selector","value":"#shell-header-logo"}
RESULT: {"using":"css selector","value":"#shell-header-logo"}
COMMAND: POST /session/238fc7fdfbc7ddd3047b28b6e8a40f5c/elements - {"using":"css selector","value":"#shell-header-logo"}
RESULT: {"using":"css selector","value":"#shell-header-logo"}
COMMAND: POST /session/238fc7fdfbc7ddd3047b28b6e8a40f5c/elements - {"using":"css selector","value":"#shell-header-logo"}
RESULT: {"using":"css selector","value":"#shell-header-logo"}
COMMAND: POST /session/238fc7fdfbc7ddd3047b28b6e8a40f5c/elements - {"using":"css selector","value":"#shell-header-logo"}
RESULT: {"using":"css selector","value":"#shell-header-logo"}
COMMAND: POST /session/238fc7fdfbc7ddd3047b28b6e8a40f5c/elements - {"using":"css selector","value":"#shell-header-logo"}
RESULT: {"using":"css selector","value":"#shell-header-logo"}
COMMAND: POST /session/238fc7fdfbc7ddd3047b28b6e8a40f5c/elements - {"using":"css selector","value":"#shell-header-logo"}
RESULT: {"using":"css selector","value":"#shell-header-logo"}
COMMAND: POST /session/238fc7fdfbc7ddd3047b28b6e8a40f5c/elements - {"using":"css selector","value":"#shell-header-logo"}
RESULT: {"using":"css selector","value":"#shell-header-logo"}
COMMAND: POST /session/238fc7fdfbc7ddd3047b28b6e8a40f5c/elements - {"using":"css selector","value":"#shell-header-logo"}
RESULT: {"using":"css selector","value":"#shell-header-logo"}
COMMAND: POST /session/238fc7fdfbc7ddd3047b28b6e8a40f5c/elements - {"using":"css selector","value":"#shell-header-logo"}
RESULT: {"using":"css selector","value":"#shell-header-logo"}
COMMAND: POST /session/238fc7fdfbc7ddd3047b28b6e8a40f5c/elements - {"using":"css selector","value":"#shell-header-logo"}
RESULT: {"using":"css selector","value":"#shell-header-logo"}
COMMAND: POST /session/238fc7fdfbc7ddd3047b28b6e8a40f5c/elements - {"using":"css selector","value":"#shell-header-logo"}
RESULT: {"using":"css selector","value":"#shell-header-logo"}
COMMAND: POST /session/238fc7fdfbc7ddd3047b28b6e8a40f5c/elements - {"using":"css selector","value":"#shell-header-logo"}
RESULT: {"using":"css selector","value":"#shell-header-logo"}
COMMAND: POST /session/238fc7fdfbc7ddd3047b28b6e8a40f5c/elements - {"using":"css selector","value":"#shell-header-logo"}
RESULT: {"using":"css selector","value":"#shell-header-logo"}
COMMAND: POST /session/238fc7fdfbc7ddd3047b28b6e8a40f5c/elements - {"using":"css selector","value":"#shell-header-logo"}
RESULT: {"using":"css selector","value":"#shell-header-logo"}
COMMAND: POST /session/238fc7fdfbc7ddd3047b28b6e8a40f5c/elements - {"using":"css selector","value":"#shell-header-logo"}
RESULT: {"using":"css selector","value":"#shell-header-logo"}
COMMAND: POST /session/238fc7fdfbc7ddd3047b28b6e8a40f5c/window/fullscreen - {}
RESULT: {}
COMMAND: POST /session/238fc7fdfbc7ddd3047b28b6e8a40f5c/elements - {"using":"css selector","value":"#shell-header-logo"}
RESULT: {"using":"css selector","value":"#shell-header-logo"}
COMMAND: POST /session/238fc7fdfbc7ddd3047b28b6e8a40f5c/elements - {"using":"css selector","value":"#shell-header-logo"}
RESULT: {"using":"css selector","value":"#shell-header-logo"}
COMMAND: POST /session/238fc7fdfbc7ddd3047b28b6e8a40f5c/elements - {"using":"css selector","value":"#shell-header-logo"}
RESULT: {"using":"css selector","value":"#shell-header-logo"}
COMMAND: POST /session/238fc7fdfbc7ddd3047b28b6e8a40f5c/elements - {"using":"css selector","value":"#shell-header-logo"}
RESULT: {"using":"css selector","value":"#shell-header-logo"}
COMMAND: POST /session/238fc7fdfbc7ddd3047b28b6e8a40f5c/elements - {"using":"css selector","value":"#shell-header-logo"}
RESULT: {"using":"css selector","value":"#shell-header-logo"}
COMMAND: POST /session/238fc7fdfbc7ddd3047b28b6e8a40f5c/elements - {"using":"css selector","value":"#shell-header-logo"}
RESULT: {"using":"css selector","value":"#shell-header-logo"}
COMMAND: POST /session/238fc7fdfbc7ddd3047b28b6e8a40f5c/elements - {"using":"css selector","value":"#shell-header-logo"}
RESULT: {"using":"css selector","value":"#shell-header-logo"}
COMMAND: POST /session/238fc7fdfbc7ddd3047b28b6e8a40f5c/elements - {"using":"css selector","value":"#shell-header-logo"}
RESULT: {"using":"css selector","value":"#shell-header-logo"}
COMMAND: POST /session/238fc7fdfbc7ddd3047b28b6e8a40f5c/elements - {"using":"css selector","value":"#shell-header-logo"}
RESULT: {"using":"css selector","value":"#shell-header-logo"}
COMMAND: POST /session/238fc7fdfbc7ddd3047b28b6e8a40f5c/elements - {"using":"css selector","value":"#shell-header-logo"}
RESULT: {"using":"css selector","value":"#shell-header-logo"}
COMMAND: POST /session/238fc7fdfbc7ddd3047b28b6e8a40f5c/execute/async - {"script":"<script> [189 bytes]","args":[]}
RESULT: {"script":"<script> [189 bytes]","args":[]}
COMMAND: POST /session/238fc7fdfbc7ddd3047b28b6e8a40f5c/execute/async - {"script":"<script> [123 bytes]","args":[]}
RESULT: {"script":"<script> [123 bytes]","args":[]}
COMMAND: POST /session/238fc7fdfbc7ddd3047b28b6e8a40f5c/timeouts - {"script":"<number>"}
RESULT: {"script":"<number>"}
COMMAND: GET /session/238fc7fdfbc7ddd3047b28b6e8a40f5c/timeouts - {}
RESULT: {}
RESULT: undefined
COMMAND: POST /session/238fc7fdfbc7ddd3047b28b6e8a40f5c/execute/async - {"script":"<script> [2676 bytes]","args":[]}
RESULT: {"script":"<script> [2676 bytes]","args":[]}
COMMAND: POST /session/238fc7fdfbc7ddd3047b28b6e8a40f5c/execute/async - {"script":"<script> [2342 bytes]","args":[{"protocol":"http","hostname":"0.0.0.0","path":"/","capabilities":{"browserName":"chrome","goog:chromeOptions":{"binary":"C:\\Program Files\\Google\\Chrome\\Application\\chrome.exe","args":["--start-maximized"]}},"logLevel":"warn","connectionRetryTimeout":120000,"connectionRetryCount":3,"logLevels":{},"enableDirectConnect":true,"strictSSL":true,"_":"65 more keys: [\"cacheDir\",\"port\",\"requestedCapabilities\",\"automationProtocol\",\"baseUrl\",\"waitforInterval\",\"waitforTimeout\",\"onReload\",\"beforeCommand\",\"afterCommand\",\"rootDir\",\"specs\",\"suites\",\"exclude\",\"groupLogsByTestSpec\",\"excludeDriverLogs\",\"bail\",\"framework\",\"reporters\",\"services\",\"maxInstances\",\"maxInstancesPerCapability\",\"injectGlobals\",\"filesToWatch\",\"execArgv\",\"runnerEnv\",\"runner\",\"shard\",\"specFileRetries\",\"specFileRetriesDelay\",\"specFileRetriesDeferred\",\"reporterSyncInterval\",\"reporterSyncTimeout\",\"cucumberFeaturesWithLineNumbers\",\"autoCompileOpts\",\"mochaOpts\",\"jasmineOpts\",\"cucumberOpts\",\"onPrepare\",\"onWorkerStart\",\"onWorkerEnd\",\"before\",\"beforeSession\",\"beforeSuite\",\"beforeHook\",\"beforeTest\",\"afterTest\",\"afterHook\",\"afterSuite\",\"afterSession\",\"after\",\"onComplete\",\"beforeAssertion\",\"afterAssertion\",\"beforeFeature\",\"beforeScenario\",\"beforeStep\",\"afterStep\",\"afterScenario\",\"afterFeature\",\"_\",\"suite\",\"$0\",\"ignoredWorkerServices\",\"wdi5\"]"}]}
RESULT: {"script":"<script> [2342 bytes]","args":[{"protocol":"http","hostname":"0.0.0.0","path":"/","capabilities":{"browserName":"chrome","goog:chromeOptions":{"binary":"C:\\Program Files\\Google\\Chrome\\Application\\chrome.exe","args":["--start-maximized"]}},"logLevel":"warn","connectionRetryTimeout":120000,"connectionRetryCount":3,"logLevels":{},"enableDirectConnect":true,"strictSSL":true,"_":"65 more keys: [\"cacheDir\",\"port\",\"requestedCapabilities\",\"automationProtocol\",\"baseUrl\",\"waitforInterval\",\"waitforTimeout\",\"onReload\",\"beforeCommand\",\"afterCommand\",\"rootDir\",\"specs\",\"suites\",\"exclude\",\"groupLogsByTestSpec\",\"excludeDriverLogs\",\"bail\",\"framework\",\"reporters\",\"services\",\"maxInstances\",\"maxInstancesPerCapability\",\"injectGlobals\",\"filesToWatch\",\"execArgv\",\"runnerEnv\",\"runner\",\"shard\",\"specFileRetries\",\"specFileRetriesDelay\",\"specFileRetriesDeferred\",\"reporterSyncInterval\",\"reporterSyncTimeout\",\"cucumberFeaturesWithLineNumbers\",\"autoCompileOpts\",\"mochaOpts\",\"jasmineOpts\",\"cucumberOpts\",\"onPrepare\",\"onWorkerStart\",\"onWorkerEnd\",\"before\",\"beforeSession\",\"beforeSuite\",\"beforeHook\",\"beforeTest\",\"afterTest\",\"afterHook\",\"afterSuite\",\"afterSession\",\"after\",\"onComplete\",\"beforeAssertion\",\"afterAssertion\",\"beforeFeature\",\"beforeScenario\",\"beforeStep\",\"afterStep\",\"afterScenario\",\"afterFeature\",\"_\",\"suite\",\"$0\",\"ignoredWorkerServices\",\"wdi5\"]"}]}
COMMAND: POST /session/238fc7fdfbc7ddd3047b28b6e8a40f5c/execute/async - {"script":"<script> [21126 bytes]","args":[35000]}
COMMAND: POST /session/238fc7fdfbc7ddd3047b28b6e8a40f5c/elements - {"using":"css selector","value":"#shell-header-logo"}
RESULT: {"script":"<script> [21126 bytes]","args":[35000]}
RESULT: {"using":"css selector","value":"#shell-header-logo"}
COMMAND: POST /session/238fc7fdfbc7ddd3047b28b6e8a40f5c/elements - {"using":"css selector","value":"#shell-header-logo"}
RESULT: {"using":"css selector","value":"#shell-header-logo"}
COMMAND: POST /session/238fc7fdfbc7ddd3047b28b6e8a40f5c/elements - {"using":"css selector","value":"#shell-header-logo"}
RESULT: {"using":"css selector","value":"#shell-header-logo"}
COMMAND: POST /session/238fc7fdfbc7ddd3047b28b6e8a40f5c/elements - {"using":"css selector","value":"#shell-header-logo"}
RESULT: {"using":"css selector","value":"#shell-header-logo"}
COMMAND: POST /session/238fc7fdfbc7ddd3047b28b6e8a40f5c/elements - {"using":"css selector","value":"#shell-header-logo"}
RESULT: {"using":"css selector","value":"#shell-header-logo"}
COMMAND: POST /session/238fc7fdfbc7ddd3047b28b6e8a40f5c/elements - {"using":"css selector","value":"#shell-header-logo"}
RESULT: {"using":"css selector","value":"#shell-header-logo"}
COMMAND: POST /session/238fc7fdfbc7ddd3047b28b6e8a40f5c/elements - {"using":"css selector","value":"#shell-header-logo"}
RESULT: {"using":"css selector","value":"#shell-header-logo"}
COMMAND: POST /session/238fc7fdfbc7ddd3047b28b6e8a40f5c/elements - {"using":"css selector","value":"#shell-header-logo"}
RESULT: {"using":"css selector","value":"#shell-header-logo"}
COMMAND: POST /session/238fc7fdfbc7ddd3047b28b6e8a40f5c/elements - {"using":"css selector","value":"#shell-header-logo"}
RESULT: {"using":"css selector","value":"#shell-header-logo"}
COMMAND: POST /session/238fc7fdfbc7ddd3047b28b6e8a40f5c/elements - {"using":"css selector","value":"#shell-header-logo"}
RESULT: {"using":"css selector","value":"#shell-header-logo"}
COMMAND: POST /session/238fc7fdfbc7ddd3047b28b6e8a40f5c/elements - {"using":"css selector","value":"#shell-header-logo"}
RESULT: {"using":"css selector","value":"#shell-header-logo"}
COMMAND: POST /session/238fc7fdfbc7ddd3047b28b6e8a40f5c/window/fullscreen - {}
RESULT: {}
COMMAND: POST /session/238fc7fdfbc7ddd3047b28b6e8a40f5c/window/fullscreen - {}
RESULT: {}
COMMAND: POST /session/238fc7fdfbc7ddd3047b28b6e8a40f5c/execute/async - {"script":"<script> [1562 bytes]","args":[{"selector":{"controlType":"sap.m.GenericTile","properties":{"header":"Manage Partners"}},"wdio_ui5_key":"sapm.GenericTile{\"header\":\"Manage Partners\"}"}]}
COMMAND: POST /session/238fc7fdfbc7ddd3047b28b6e8a40f5c/elements - {"using":"css selector","value":"#shell-header-logo"}
RESULT: {"script":"<script> [1562 bytes]","args":[{"selector":{"controlType":"sap.m.GenericTile","properties":{"header":"Manage Partners"}},"wdio_ui5_key":"sapm.GenericTile{\"header\":\"Manage Partners\"}"}]}
RESULT: undefined
COMMAND: POST /session/238fc7fdfbc7ddd3047b28b6e8a40f5c/element - {"using":"xpath","value":"//button[@data-kt=\"addButton\"]"}
RESULT: {"using":"css selector","value":"#shell-header-logo"}
RESULT: {"using":"xpath","value":"//button[@data-kt=\"addButton\"]"}
COMMAND: POST /session/238fc7fdfbc7ddd3047b28b6e8a40f5c/elements - {"using":"xpath","value":"//button[@data-kt=\"addButton\"]"}
RESULT: {"using":"xpath","value":"//button[@data-kt=\"addButton\"]"}
COMMAND: POST /session/238fc7fdfbc7ddd3047b28b6e8a40f5c/elements - {"using":"css selector","value":"#shell-header-logo"}
RESULT: {"using":"css selector","value":"#shell-header-logo"}
COMMAND: POST /session/238fc7fdfbc7ddd3047b28b6e8a40f5c/elements - {"using":"xpath","value":"//button[@data-kt=\"addButton\"]"}
RESULT: {"using":"xpath","value":"//button[@data-kt=\"addButton\"]"}
COMMAND: POST /session/238fc7fdfbc7ddd3047b28b6e8a40f5c/elements - {"using":"css selector","value":"#shell-header-logo"}
RESULT: {"using":"css selector","value":"#shell-header-logo"}
COMMAND: POST /session/238fc7fdfbc7ddd3047b28b6e8a40f5c/elements - {"using":"xpath","value":"//button[@data-kt=\"addButton\"]"}
RESULT: {"using":"xpath","value":"//button[@data-kt=\"addButton\"]"}
COMMAND: POST /session/238fc7fdfbc7ddd3047b28b6e8a40f5c/elements - {"using":"css selector","value":"#shell-header-logo"}
RESULT: {"using":"css selector","value":"#shell-header-logo"}
COMMAND: POST /session/238fc7fdfbc7ddd3047b28b6e8a40f5c/elements - {"using":"xpath","value":"//button[@data-kt=\"addButton\"]"}
RESULT: {"using":"xpath","value":"//button[@data-kt=\"addButton\"]"}
COMMAND: POST /session/238fc7fdfbc7ddd3047b28b6e8a40f5c/elements - {"using":"css selector","value":"#shell-header-logo"}
RESULT: {"using":"css selector","value":"#shell-header-logo"}
COMMAND: POST /session/238fc7fdfbc7ddd3047b28b6e8a40f5c/elements - {"using":"xpath","value":"//button[@data-kt=\"addButton\"]"}
RESULT: {"using":"xpath","value":"//button[@data-kt=\"addButton\"]"}
COMMAND: POST /session/238fc7fdfbc7ddd3047b28b6e8a40f5c/elements - {"using":"css selector","value":"#shell-header-logo"}
RESULT: {"using":"css selector","value":"#shell-header-logo"}
COMMAND: POST /session/238fc7fdfbc7ddd3047b28b6e8a40f5c/elements - {"using":"xpath","value":"//button[@data-kt=\"addButton\"]"}
RESULT: {"using":"xpath","value":"//button[@data-kt=\"addButton\"]"}
COMMAND: POST /session/238fc7fdfbc7ddd3047b28b6e8a40f5c/elements - {"using":"css selector","value":"#shell-header-logo"}
RESULT: {"using":"css selector","value":"#shell-header-logo"}
COMMAND: POST /session/238fc7fdfbc7ddd3047b28b6e8a40f5c/elements - {"using":"xpath","value":"//button[@data-kt=\"addButton\"]"}
RESULT: {"using":"xpath","value":"//button[@data-kt=\"addButton\"]"}
COMMAND: POST /session/238fc7fdfbc7ddd3047b28b6e8a40f5c/elements - {"using":"css selector","value":"#shell-header-logo"}
RESULT: {"using":"css selector","value":"#shell-header-logo"}
COMMAND: POST /session/238fc7fdfbc7ddd3047b28b6e8a40f5c/elements - {"using":"xpath","value":"//button[@data-kt=\"addButton\"]"}
RESULT: {"using":"xpath","value":"//button[@data-kt=\"addButton\"]"}
COMMAND: POST /session/238fc7fdfbc7ddd3047b28b6e8a40f5c/elements - {"using":"css selector","value":"#shell-header-logo"}
RESULT: {"using":"css selector","value":"#shell-header-logo"}
COMMAND: POST /session/238fc7fdfbc7ddd3047b28b6e8a40f5c/elements - {"using":"xpath","value":"//button[@data-kt=\"addButton\"]"}
RESULT: {"using":"xpath","value":"//button[@data-kt=\"addButton\"]"}
COMMAND: POST /session/238fc7fdfbc7ddd3047b28b6e8a40f5c/elements - {"using":"css selector","value":"#shell-header-logo"}
RESULT: {"using":"css selector","value":"#shell-header-logo"}
COMMAND: POST /session/238fc7fdfbc7ddd3047b28b6e8a40f5c/elements - {"using":"xpath","value":"//button[@data-kt=\"addButton\"]"}
RESULT: {"using":"xpath","value":"//button[@data-kt=\"addButton\"]"}
COMMAND: POST /session/238fc7fdfbc7ddd3047b28b6e8a40f5c/elements - {"using":"css selector","value":"#shell-header-logo"}
RESULT: {"using":"css selector","value":"#shell-header-logo"}
COMMAND: POST /session/238fc7fdfbc7ddd3047b28b6e8a40f5c/elements - {"using":"xpath","value":"//button[@data-kt=\"addButton\"]"}
RESULT: {"using":"xpath","value":"//button[@data-kt=\"addButton\"]"}
COMMAND: POST /session/238fc7fdfbc7ddd3047b28b6e8a40f5c/elements - {"using":"css selector","value":"#shell-header-logo"}
RESULT: {"using":"css selector","value":"#shell-header-logo"}
COMMAND: POST /session/238fc7fdfbc7ddd3047b28b6e8a40f5c/elements - {"using":"xpath","value":"//button[@data-kt=\"addButton\"]"}
RESULT: {"using":"xpath","value":"//button[@data-kt=\"addButton\"]"}
COMMAND: POST /session/238fc7fdfbc7ddd3047b28b6e8a40f5c/elements - {"using":"css selector","value":"#shell-header-logo"}
RESULT: {"using":"css selector","value":"#shell-header-logo"}
COMMAND: POST /session/238fc7fdfbc7ddd3047b28b6e8a40f5c/elements - {"using":"xpath","value":"//button[@data-kt=\"addButton\"]"}
RESULT: {"using":"xpath","value":"//button[@data-kt=\"addButton\"]"}
COMMAND: POST /session/238fc7fdfbc7ddd3047b28b6e8a40f5c/elements - {"using":"css selector","value":"#shell-header-logo"}
RESULT: {"using":"css selector","value":"#shell-header-logo"}
COMMAND: POST /session/238fc7fdfbc7ddd3047b28b6e8a40f5c/elements - {"using":"xpath","value":"//button[@data-kt=\"addButton\"]"}
RESULT: {"using":"xpath","value":"//button[@data-kt=\"addButton\"]"}
COMMAND: POST /session/238fc7fdfbc7ddd3047b28b6e8a40f5c/elements - {"using":"css selector","value":"#shell-header-logo"}
RESULT: {"using":"css selector","value":"#shell-header-logo"}
COMMAND: POST /session/238fc7fdfbc7ddd3047b28b6e8a40f5c/elements - {"using":"xpath","value":"//button[@data-kt=\"addButton\"]"}
RESULT: {"using":"xpath","value":"//button[@data-kt=\"addButton\"]"}
COMMAND: POST /session/238fc7fdfbc7ddd3047b28b6e8a40f5c/elements - {"using":"css selector","value":"#shell-header-logo"}
RESULT: {"using":"css selector","value":"#shell-header-logo"}
COMMAND: POST /session/238fc7fdfbc7ddd3047b28b6e8a40f5c/elements - {"using":"xpath","value":"//button[@data-kt=\"addButton\"]"}
RESULT: {"using":"xpath","value":"//button[@data-kt=\"addButton\"]"}
COMMAND: POST /session/238fc7fdfbc7ddd3047b28b6e8a40f5c/elements - {"using":"css selector","value":"#shell-header-logo"}
RESULT: {"using":"css selector","value":"#shell-header-logo"}
COMMAND: POST /session/238fc7fdfbc7ddd3047b28b6e8a40f5c/elements - {"using":"xpath","value":"//button[@data-kt=\"addButton\"]"}
RESULT: {"using":"xpath","value":"//button[@data-kt=\"addButton\"]"}
COMMAND: POST /session/238fc7fdfbc7ddd3047b28b6e8a40f5c/elements - {"using":"css selector","value":"#shell-header-logo"}
RESULT: {"using":"css selector","value":"#shell-header-logo"}
COMMAND: POST /session/238fc7fdfbc7ddd3047b28b6e8a40f5c/elements - {"using":"xpath","value":"//button[@data-kt=\"addButton\"]"}
RESULT: {"using":"xpath","value":"//button[@data-kt=\"addButton\"]"}
COMMAND: POST /session/238fc7fdfbc7ddd3047b28b6e8a40f5c/elements - {"using":"css selector","value":"#shell-header-logo"}
RESULT: {"using":"css selector","value":"#shell-header-logo"}
COMMAND: POST /session/238fc7fdfbc7ddd3047b28b6e8a40f5c/elements - {"using":"xpath","value":"//button[@data-kt=\"addButton\"]"}
RESULT: {"using":"xpath","value":"//button[@data-kt=\"addButton\"]"}
COMMAND: POST /session/238fc7fdfbc7ddd3047b28b6e8a40f5c/elements - {"using":"css selector","value":"#shell-header-logo"}
RESULT: {"using":"css selector","value":"#shell-header-logo"}
COMMAND: POST /session/238fc7fdfbc7ddd3047b28b6e8a40f5c/elements - {"using":"xpath","value":"//button[@data-kt=\"addButton\"]"}
RESULT: {"using":"xpath","value":"//button[@data-kt=\"addButton\"]"}
COMMAND: POST /session/238fc7fdfbc7ddd3047b28b6e8a40f5c/elements - {"using":"css selector","value":"#shell-header-logo"}
RESULT: {"using":"css selector","value":"#shell-header-logo"}
COMMAND: POST /session/238fc7fdfbc7ddd3047b28b6e8a40f5c/elements - {"using":"xpath","value":"//button[@data-kt=\"addButton\"]"}
RESULT: {"using":"xpath","value":"//button[@data-kt=\"addButton\"]"}
COMMAND: POST /session/238fc7fdfbc7ddd3047b28b6e8a40f5c/elements - {"using":"css selector","value":"#shell-header-logo"}
RESULT: {"using":"css selector","value":"#shell-header-logo"}
COMMAND: POST /session/238fc7fdfbc7ddd3047b28b6e8a40f5c/elements - {"using":"xpath","value":"//button[@data-kt=\"addButton\"]"}
RESULT: {"using":"xpath","value":"//button[@data-kt=\"addButton\"]"}
COMMAND: POST /session/238fc7fdfbc7ddd3047b28b6e8a40f5c/elements - {"using":"css selector","value":"#shell-header-logo"}
RESULT: {"using":"css selector","value":"#shell-header-logo"}
COMMAND: POST /session/238fc7fdfbc7ddd3047b28b6e8a40f5c/elements - {"using":"xpath","value":"//button[@data-kt=\"addButton\"]"}
RESULT: {"using":"xpath","value":"//button[@data-kt=\"addButton\"]"}
COMMAND: POST /session/238fc7fdfbc7ddd3047b28b6e8a40f5c/elements - {"using":"css selector","value":"#shell-header-logo"}
RESULT: {"using":"css selector","value":"#shell-header-logo"}
COMMAND: POST /session/238fc7fdfbc7ddd3047b28b6e8a40f5c/elements - {"using":"xpath","value":"//button[@data-kt=\"addButton\"]"}
RESULT: {"using":"xpath","value":"//button[@data-kt=\"addButton\"]"}
COMMAND: POST /session/238fc7fdfbc7ddd3047b28b6e8a40f5c/elements - {"using":"css selector","value":"#shell-header-logo"}
RESULT: {"using":"css selector","value":"#shell-header-logo"}
COMMAND: POST /session/238fc7fdfbc7ddd3047b28b6e8a40f5c/elements - {"using":"xpath","value":"//button[@data-kt=\"addButton\"]"}
RESULT: {"using":"xpath","value":"//button[@data-kt=\"addButton\"]"}
COMMAND: POST /session/238fc7fdfbc7ddd3047b28b6e8a40f5c/elements - {"using":"css selector","value":"#shell-header-logo"}
RESULT: {"using":"css selector","value":"#shell-header-logo"}
COMMAND: POST /session/238fc7fdfbc7ddd3047b28b6e8a40f5c/elements - {"using":"xpath","value":"//button[@data-kt=\"addButton\"]"}
RESULT: {"using":"xpath","value":"//button[@data-kt=\"addButton\"]"}
COMMAND: POST /session/238fc7fdfbc7ddd3047b28b6e8a40f5c/elements - {"using":"css selector","value":"#shell-header-logo"}
RESULT: {"using":"css selector","value":"#shell-header-logo"}
COMMAND: POST /session/238fc7fdfbc7ddd3047b28b6e8a40f5c/elements - {"using":"xpath","value":"//button[@data-kt=\"addButton\"]"}
RESULT: {"using":"xpath","value":"//button[@data-kt=\"addButton\"]"}
COMMAND: POST /session/238fc7fdfbc7ddd3047b28b6e8a40f5c/elements - {"using":"css selector","value":"#shell-header-logo"}
RESULT: {"using":"css selector","value":"#shell-header-logo"}
COMMAND: POST /session/238fc7fdfbc7ddd3047b28b6e8a40f5c/elements - {"using":"xpath","value":"//button[@data-kt=\"addButton\"]"}
RESULT: {"using":"xpath","value":"//button[@data-kt=\"addButton\"]"}
COMMAND: POST /session/238fc7fdfbc7ddd3047b28b6e8a40f5c/elements - {"using":"css selector","value":"#shell-header-logo"}
RESULT: {"using":"css selector","value":"#shell-header-logo"}
COMMAND: POST /session/238fc7fdfbc7ddd3047b28b6e8a40f5c/elements - {"using":"xpath","value":"//button[@data-kt=\"addButton\"]"}
RESULT: {"using":"xpath","value":"//button[@data-kt=\"addButton\"]"}
COMMAND: POST /session/238fc7fdfbc7ddd3047b28b6e8a40f5c/elements - {"using":"css selector","value":"#shell-header-logo"}
RESULT: {"using":"css selector","value":"#shell-header-logo"}
COMMAND: POST /session/238fc7fdfbc7ddd3047b28b6e8a40f5c/elements - {"using":"xpath","value":"//button[@data-kt=\"addButton\"]"}
RESULT: {"using":"xpath","value":"//button[@data-kt=\"addButton\"]"}
COMMAND: POST /session/238fc7fdfbc7ddd3047b28b6e8a40f5c/elements - {"using":"css selector","value":"#shell-header-logo"}
RESULT: {"using":"css selector","value":"#shell-header-logo"}
COMMAND: POST /session/238fc7fdfbc7ddd3047b28b6e8a40f5c/elements - {"using":"xpath","value":"//button[@data-kt=\"addButton\"]"}
RESULT: {"using":"xpath","value":"//button[@data-kt=\"addButton\"]"}
COMMAND: POST /session/238fc7fdfbc7ddd3047b28b6e8a40f5c/elements - {"using":"css selector","value":"#shell-header-logo"}
RESULT: {"using":"css selector","value":"#shell-header-logo"}
COMMAND: POST /session/238fc7fdfbc7ddd3047b28b6e8a40f5c/elements - {"using":"xpath","value":"//button[@data-kt=\"addButton\"]"}
RESULT: {"using":"xpath","value":"//button[@data-kt=\"addButton\"]"}
COMMAND: POST /session/238fc7fdfbc7ddd3047b28b6e8a40f5c/elements - {"using":"css selector","value":"#shell-header-logo"}
RESULT: {"using":"css selector","value":"#shell-header-logo"}
COMMAND: POST /session/238fc7fdfbc7ddd3047b28b6e8a40f5c/elements - {"using":"xpath","value":"//button[@data-kt=\"addButton\"]"}
RESULT: {"using":"xpath","value":"//button[@data-kt=\"addButton\"]"}
COMMAND: POST /session/238fc7fdfbc7ddd3047b28b6e8a40f5c/elements - {"using":"css selector","value":"#shell-header-logo"}
RESULT: {"using":"css selector","value":"#shell-header-logo"}
COMMAND: POST /session/238fc7fdfbc7ddd3047b28b6e8a40f5c/elements - {"using":"xpath","value":"//button[@data-kt=\"addButton\"]"}
RESULT: {"using":"xpath","value":"//button[@data-kt=\"addButton\"]"}
COMMAND: POST /session/238fc7fdfbc7ddd3047b28b6e8a40f5c/elements - {"using":"css selector","value":"#shell-header-logo"}
RESULT: {"using":"css selector","value":"#shell-header-logo"}
COMMAND: POST /session/238fc7fdfbc7ddd3047b28b6e8a40f5c/elements - {"using":"xpath","value":"//button[@data-kt=\"addButton\"]"}
RESULT: {"using":"xpath","value":"//button[@data-kt=\"addButton\"]"}
COMMAND: POST /session/238fc7fdfbc7ddd3047b28b6e8a40f5c/elements - {"using":"css selector","value":"#shell-header-logo"}
RESULT: {"using":"css selector","value":"#shell-header-logo"}
COMMAND: POST /session/238fc7fdfbc7ddd3047b28b6e8a40f5c/elements - {"using":"xpath","value":"//button[@data-kt=\"addButton\"]"}
RESULT: {"using":"xpath","value":"//button[@data-kt=\"addButton\"]"}
COMMAND: POST /session/238fc7fdfbc7ddd3047b28b6e8a40f5c/elements - {"using":"xpath","value":"//button[@data-kt=\"addButton\"]"}
RESULT: {"using":"xpath","value":"//button[@data-kt=\"addButton\"]"}
COMMAND: POST /session/238fc7fdfbc7ddd3047b28b6e8a40f5c/elements - {"using":"xpath","value":"//button[@data-kt=\"addButton\"]"}
RESULT: {"using":"xpath","value":"//button[@data-kt=\"addButton\"]"}
COMMAND: POST /session/238fc7fdfbc7ddd3047b28b6e8a40f5c/elements - {"using":"xpath","value":"//button[@data-kt=\"addButton\"]"}
RESULT: {"using":"xpath","value":"//button[@data-kt=\"addButton\"]"}
COMMAND: POST /session/238fc7fdfbc7ddd3047b28b6e8a40f5c/elements - {"using":"xpath","value":"//button[@data-kt=\"addButton\"]"}
RESULT: {"using":"xpath","value":"//button[@data-kt=\"addButton\"]"}
COMMAND: POST /session/238fc7fdfbc7ddd3047b28b6e8a40f5c/elements - {"using":"xpath","value":"//button[@data-kt=\"addButton\"]"}
RESULT: {"using":"xpath","value":"//button[@data-kt=\"addButton\"]"}
COMMAND: POST /session/238fc7fdfbc7ddd3047b28b6e8a40f5c/elements - {"using":"xpath","value":"//button[@data-kt=\"addButton\"]"}
RESULT: {"using":"xpath","value":"//button[@data-kt=\"addButton\"]"}
COMMAND: POST /session/238fc7fdfbc7ddd3047b28b6e8a40f5c/elements - {"using":"xpath","value":"//button[@data-kt=\"addButton\"]"}
RESULT: {"using":"xpath","value":"//button[@data-kt=\"addButton\"]"}
COMMAND: POST /session/238fc7fdfbc7ddd3047b28b6e8a40f5c/elements - {"using":"xpath","value":"//button[@data-kt=\"addButton\"]"}
RESULT: {"using":"xpath","value":"//button[@data-kt=\"addButton\"]"}
COMMAND: POST /session/238fc7fdfbc7ddd3047b28b6e8a40f5c/elements - {"using":"xpath","value":"//button[@data-kt=\"addButton\"]"}
RESULT: {"using":"xpath","value":"//button[@data-kt=\"addButton\"]"}
COMMAND: POST /session/238fc7fdfbc7ddd3047b28b6e8a40f5c/elements - {"using":"xpath","value":"//button[@data-kt=\"addButton\"]"}
RESULT: {"using":"xpath","value":"//button[@data-kt=\"addButton\"]"}
COMMAND: POST /session/238fc7fdfbc7ddd3047b28b6e8a40f5c/elements - {"using":"xpath","value":"//button[@data-kt=\"addButton\"]"}
RESULT: {"using":"xpath","value":"//button[@data-kt=\"addButton\"]"}
COMMAND: POST /session/238fc7fdfbc7ddd3047b28b6e8a40f5c/elements - {"using":"xpath","value":"//button[@data-kt=\"addButton\"]"}
RESULT: {"using":"xpath","value":"//button[@data-kt=\"addButton\"]"}
COMMAND: POST /session/238fc7fdfbc7ddd3047b28b6e8a40f5c/elements - {"using":"xpath","value":"//button[@data-kt=\"addButton\"]"}
RESULT: {"using":"xpath","value":"//button[@data-kt=\"addButton\"]"}
COMMAND: POST /session/238fc7fdfbc7ddd3047b28b6e8a40f5c/elements - {"using":"xpath","value":"//button[@data-kt=\"addButton\"]"}
RESULT: {"using":"xpath","value":"//button[@data-kt=\"addButton\"]"}
COMMAND: POST /session/238fc7fdfbc7ddd3047b28b6e8a40f5c/elements - {"using":"xpath","value":"//button[@data-kt=\"addButton\"]"}
RESULT: {"using":"xpath","value":"//button[@data-kt=\"addButton\"]"}
COMMAND: POST /session/238fc7fdfbc7ddd3047b28b6e8a40f5c/elements - {"using":"xpath","value":"//button[@data-kt=\"addButton\"]"}
RESULT: {"using":"xpath","value":"//button[@data-kt=\"addButton\"]"}
COMMAND: POST /session/238fc7fdfbc7ddd3047b28b6e8a40f5c/elements - {"using":"xpath","value":"//button[@data-kt=\"addButton\"]"}
RESULT: {"using":"xpath","value":"//button[@data-kt=\"addButton\"]"}
COMMAND: POST /session/238fc7fdfbc7ddd3047b28b6e8a40f5c/elements - {"using":"xpath","value":"//button[@data-kt=\"addButton\"]"}
RESULT: {"using":"xpath","value":"//button[@data-kt=\"addButton\"]"}
COMMAND: POST /session/238fc7fdfbc7ddd3047b28b6e8a40f5c/elements - {"using":"xpath","value":"//button[@data-kt=\"addButton\"]"}
RESULT: {"using":"xpath","value":"//button[@data-kt=\"addButton\"]"}
COMMAND: POST /session/238fc7fdfbc7ddd3047b28b6e8a40f5c/elements - {"using":"xpath","value":"//button[@data-kt=\"addButton\"]"}
RESULT: {"using":"xpath","value":"//button[@data-kt=\"addButton\"]"}
COMMAND: POST /session/238fc7fdfbc7ddd3047b28b6e8a40f5c/elements - {"using":"xpath","value":"//button[@data-kt=\"addButton\"]"}
RESULT: {"using":"xpath","value":"//button[@data-kt=\"addButton\"]"}
COMMAND: POST /session/238fc7fdfbc7ddd3047b28b6e8a40f5c/elements - {"using":"xpath","value":"//button[@data-kt=\"addButton\"]"}
RESULT: {"using":"xpath","value":"//button[@data-kt=\"addButton\"]"}
COMMAND: POST /session/238fc7fdfbc7ddd3047b28b6e8a40f5c/elements - {"using":"xpath","value":"//button[@data-kt=\"addButton\"]"}
RESULT: {"using":"xpath","value":"//button[@data-kt=\"addButton\"]"}
COMMAND: POST /session/238fc7fdfbc7ddd3047b28b6e8a40f5c/elements - {"using":"xpath","value":"//button[@data-kt=\"addButton\"]"}
RESULT: {"using":"xpath","value":"//button[@data-kt=\"addButton\"]"}
COMMAND: POST /session/238fc7fdfbc7ddd3047b28b6e8a40f5c/elements - {"using":"xpath","value":"//button[@data-kt=\"addButton\"]"}
RESULT: {"using":"xpath","value":"//button[@data-kt=\"addButton\"]"}
COMMAND: POST /session/238fc7fdfbc7ddd3047b28b6e8a40f5c/elements - {"using":"xpath","value":"//button[@data-kt=\"addButton\"]"}
RESULT: {"using":"xpath","value":"//button[@data-kt=\"addButton\"]"}
COMMAND: POST /session/238fc7fdfbc7ddd3047b28b6e8a40f5c/elements - {"using":"xpath","value":"//button[@data-kt=\"addButton\"]"}
RESULT: {"using":"xpath","value":"//button[@data-kt=\"addButton\"]"}
COMMAND: POST /session/238fc7fdfbc7ddd3047b28b6e8a40f5c/elements - {"using":"xpath","value":"//button[@data-kt=\"addButton\"]"}
RESULT: {"using":"xpath","value":"//button[@data-kt=\"addButton\"]"}
COMMAND: POST /session/238fc7fdfbc7ddd3047b28b6e8a40f5c/elements - {"using":"xpath","value":"//button[@data-kt=\"addButton\"]"}
RESULT: {"using":"xpath","value":"//button[@data-kt=\"addButton\"]"}
COMMAND: POST /session/238fc7fdfbc7ddd3047b28b6e8a40f5c/elements - {"using":"xpath","value":"//button[@data-kt=\"addButton\"]"}
RESULT: {"using":"xpath","value":"//button[@data-kt=\"addButton\"]"}
COMMAND: POST /session/238fc7fdfbc7ddd3047b28b6e8a40f5c/elements - {"using":"xpath","value":"//button[@data-kt=\"addButton\"]"}
RESULT: {"using":"xpath","value":"//button[@data-kt=\"addButton\"]"}
COMMAND: POST /session/238fc7fdfbc7ddd3047b28b6e8a40f5c/elements - {"using":"xpath","value":"//button[@data-kt=\"addButton\"]"}
RESULT: {"using":"xpath","value":"//button[@data-kt=\"addButton\"]"}
COMMAND: POST /session/238fc7fdfbc7ddd3047b28b6e8a40f5c/elements - {"using":"xpath","value":"//button[@data-kt=\"addButton\"]"}
RESULT: {"using":"xpath","value":"//button[@data-kt=\"addButton\"]"}
COMMAND: POST /session/238fc7fdfbc7ddd3047b28b6e8a40f5c/elements - {"using":"xpath","value":"//button[@data-kt=\"addButton\"]"}
RESULT: {"using":"xpath","value":"//button[@data-kt=\"addButton\"]"}
COMMAND: POST /session/238fc7fdfbc7ddd3047b28b6e8a40f5c/elements - {"using":"xpath","value":"//button[@data-kt=\"addButton\"]"}
RESULT: {"using":"xpath","value":"//button[@data-kt=\"addButton\"]"}
COMMAND: POST /session/238fc7fdfbc7ddd3047b28b6e8a40f5c/elements - {"using":"xpath","value":"//button[@data-kt=\"addButton\"]"}
RESULT: {"using":"xpath","value":"//button[@data-kt=\"addButton\"]"}
COMMAND: POST /session/238fc7fdfbc7ddd3047b28b6e8a40f5c/elements - {"using":"xpath","value":"//button[@data-kt=\"addButton\"]"}
RESULT: {"using":"xpath","value":"//button[@data-kt=\"addButton\"]"}
COMMAND: POST /session/238fc7fdfbc7ddd3047b28b6e8a40f5c/elements - {"using":"xpath","value":"//button[@data-kt=\"addButton\"]"}
RESULT: {"using":"xpath","value":"//button[@data-kt=\"addButton\"]"}
COMMAND: POST /session/238fc7fdfbc7ddd3047b28b6e8a40f5c/elements - {"using":"xpath","value":"//button[@data-kt=\"addButton\"]"}
RESULT: {"using":"xpath","value":"//button[@data-kt=\"addButton\"]"}
COMMAND: POST /session/238fc7fdfbc7ddd3047b28b6e8a40f5c/elements - {"using":"xpath","value":"//button[@data-kt=\"addButton\"]"}
RESULT: {"using":"xpath","value":"//button[@data-kt=\"addButton\"]"}
COMMAND: POST /session/238fc7fdfbc7ddd3047b28b6e8a40f5c/elements - {"using":"xpath","value":"//button[@data-kt=\"addButton\"]"}
RESULT: {"using":"xpath","value":"//button[@data-kt=\"addButton\"]"}
COMMAND: POST /session/238fc7fdfbc7ddd3047b28b6e8a40f5c/elements - {"using":"xpath","value":"//button[@data-kt=\"addButton\"]"}
RESULT: {"using":"xpath","value":"//button[@data-kt=\"addButton\"]"}
COMMAND: POST /session/238fc7fdfbc7ddd3047b28b6e8a40f5c/elements - {"using":"xpath","value":"//button[@data-kt=\"addButton\"]"}
RESULT: {"using":"xpath","value":"//button[@data-kt=\"addButton\"]"}
COMMAND: POST /session/238fc7fdfbc7ddd3047b28b6e8a40f5c/elements - {"using":"xpath","value":"//button[@data-kt=\"addButton\"]"}
RESULT: {"using":"xpath","value":"//button[@data-kt=\"addButton\"]"}
COMMAND: POST /session/238fc7fdfbc7ddd3047b28b6e8a40f5c/elements - {"using":"xpath","value":"//button[@data-kt=\"addButton\"]"}
RESULT: {"using":"xpath","value":"//button[@data-kt=\"addButton\"]"}
COMMAND: POST /session/238fc7fdfbc7ddd3047b28b6e8a40f5c/elements - {"using":"xpath","value":"//button[@data-kt=\"addButton\"]"}
RESULT: {"using":"xpath","value":"//button[@data-kt=\"addButton\"]"}
COMMAND: POST /session/238fc7fdfbc7ddd3047b28b6e8a40f5c/elements - {"using":"xpath","value":"//button[@data-kt=\"addButton\"]"}
RESULT: {"using":"xpath","value":"//button[@data-kt=\"addButton\"]"}
COMMAND: POST /session/238fc7fdfbc7ddd3047b28b6e8a40f5c/elements - {"using":"xpath","value":"//button[@data-kt=\"addButton\"]"}
RESULT: {"using":"xpath","value":"//button[@data-kt=\"addButton\"]"}
COMMAND: POST /session/238fc7fdfbc7ddd3047b28b6e8a40f5c/elements - {"using":"xpath","value":"//button[@data-kt=\"addButton\"]"}
RESULT: {"using":"xpath","value":"//button[@data-kt=\"addButton\"]"}
COMMAND: POST /session/238fc7fdfbc7ddd3047b28b6e8a40f5c/elements - {"using":"xpath","value":"//button[@data-kt=\"addButton\"]"}
RESULT: {"using":"xpath","value":"//button[@data-kt=\"addButton\"]"}
COMMAND: POST /session/238fc7fdfbc7ddd3047b28b6e8a40f5c/elements - {"using":"xpath","value":"//button[@data-kt=\"addButton\"]"}
RESULT: {"using":"xpath","value":"//button[@data-kt=\"addButton\"]"}
COMMAND: POST /session/238fc7fdfbc7ddd3047b28b6e8a40f5c/elements - {"using":"xpath","value":"//button[@data-kt=\"addButton\"]"}
RESULT: {"using":"xpath","value":"//button[@data-kt=\"addButton\"]"}
COMMAND: POST /session/238fc7fdfbc7ddd3047b28b6e8a40f5c/elements - {"using":"xpath","value":"//button[@data-kt=\"addButton\"]"}
RESULT: {"using":"xpath","value":"//button[@data-kt=\"addButton\"]"}
COMMAND: POST /session/238fc7fdfbc7ddd3047b28b6e8a40f5c/elements - {"using":"xpath","value":"//button[@data-kt=\"addButton\"]"}
RESULT: {"using":"xpath","value":"//button[@data-kt=\"addButton\"]"}
COMMAND: POST /session/238fc7fdfbc7ddd3047b28b6e8a40f5c/elements - {"using":"xpath","value":"//button[@data-kt=\"addButton\"]"}
COMMAND: GET /session/238fc7fdfbc7ddd3047b28b6e8a40f5c/screenshot - {}
RESULT: {"using":"xpath","value":"//button[@data-kt=\"addButton\"]"}
RESULT: {}
]]></system-out>
      <system-err><![CDATA[
Error: element ("//button[@data-kt="addButton"]") still not existing after 45000ms
    at async UtilsPrerequisites.partnerCreation (D:\a\1\s\test\specs\BTS\prerequisites-and-utils-functions.js:387:9)
    at async Context.<anonymous> (D:\a\1\s\test\specs\BTS\manage-partners.spec.js:355:44)
]]></system-err>
    </testcase>
    <testcase classname="chrome.136_0_7103_49.windows.Partner_specific_tests_US150819_US151080_US151654_US151176_US103444_US151078_US151079_US151109_US151174_US151175_US151189" name="Should create a new intercompany partner edit some of its fields US151078" time="87.028">
      <skipped />
      <system-out><![CDATA[
COMMAND: POST /session/238fc7fdfbc7ddd3047b28b6e8a40f5c/element - {"using":"xpath","value":"//li[.//span[text()=\"Manage Partners\"]]"}
RESULT: {"using":"xpath","value":"//li[.//span[text()=\"Manage Partners\"]]"}
COMMAND: POST /session/238fc7fdfbc7ddd3047b28b6e8a40f5c/element - {"using":"xpath","value":"//li[.//span[text()=\"Manage Partners\"]]"}
RESULT: {"using":"xpath","value":"//li[.//span[text()=\"Manage Partners\"]]"}
COMMAND: POST /session/238fc7fdfbc7ddd3047b28b6e8a40f5c/element - {"using":"css selector","value":"#shell-header-logo"}
RESULT: {"using":"css selector","value":"#shell-header-logo"}
COMMAND: POST /session/238fc7fdfbc7ddd3047b28b6e8a40f5c/elements - {"using":"css selector","value":"#shell-header-logo"}
COMMAND: POST /session/238fc7fdfbc7ddd3047b28b6e8a40f5c/element - {"using":"css selector","value":"#shell-header-logo"}
RESULT: {"using":"css selector","value":"#shell-header-logo"}
RESULT: {"using":"css selector","value":"#shell-header-logo"}
COMMAND: POST /session/238fc7fdfbc7ddd3047b28b6e8a40f5c/elements - {"using":"css selector","value":"#shell-header-logo"}
RESULT: {"using":"css selector","value":"#shell-header-logo"}
COMMAND: POST /session/238fc7fdfbc7ddd3047b28b6e8a40f5c/elements - {"using":"css selector","value":"#shell-header-logo"}
RESULT: {"using":"css selector","value":"#shell-header-logo"}
COMMAND: POST /session/238fc7fdfbc7ddd3047b28b6e8a40f5c/elements - {"using":"css selector","value":"#shell-header-logo"}
RESULT: {"using":"css selector","value":"#shell-header-logo"}
COMMAND: POST /session/238fc7fdfbc7ddd3047b28b6e8a40f5c/elements - {"using":"css selector","value":"#shell-header-logo"}
RESULT: {"using":"css selector","value":"#shell-header-logo"}
COMMAND: POST /session/238fc7fdfbc7ddd3047b28b6e8a40f5c/elements - {"using":"css selector","value":"#shell-header-logo"}
RESULT: {"using":"css selector","value":"#shell-header-logo"}
COMMAND: POST /session/238fc7fdfbc7ddd3047b28b6e8a40f5c/elements - {"using":"css selector","value":"#shell-header-logo"}
RESULT: {"using":"css selector","value":"#shell-header-logo"}
COMMAND: POST /session/238fc7fdfbc7ddd3047b28b6e8a40f5c/elements - {"using":"css selector","value":"#shell-header-logo"}
RESULT: {"using":"css selector","value":"#shell-header-logo"}
COMMAND: POST /session/238fc7fdfbc7ddd3047b28b6e8a40f5c/elements - {"using":"css selector","value":"#shell-header-logo"}
RESULT: {"using":"css selector","value":"#shell-header-logo"}
COMMAND: POST /session/238fc7fdfbc7ddd3047b28b6e8a40f5c/elements - {"using":"css selector","value":"#shell-header-logo"}
RESULT: {"using":"css selector","value":"#shell-header-logo"}
COMMAND: POST /session/238fc7fdfbc7ddd3047b28b6e8a40f5c/elements - {"using":"css selector","value":"#shell-header-logo"}
RESULT: {"using":"css selector","value":"#shell-header-logo"}
COMMAND: POST /session/238fc7fdfbc7ddd3047b28b6e8a40f5c/elements - {"using":"css selector","value":"#shell-header-logo"}
RESULT: {"using":"css selector","value":"#shell-header-logo"}
COMMAND: POST /session/238fc7fdfbc7ddd3047b28b6e8a40f5c/elements - {"using":"css selector","value":"#shell-header-logo"}
RESULT: {"using":"css selector","value":"#shell-header-logo"}
COMMAND: POST /session/238fc7fdfbc7ddd3047b28b6e8a40f5c/elements - {"using":"css selector","value":"#shell-header-logo"}
RESULT: {"using":"css selector","value":"#shell-header-logo"}
COMMAND: POST /session/238fc7fdfbc7ddd3047b28b6e8a40f5c/elements - {"using":"css selector","value":"#shell-header-logo"}
RESULT: {"using":"css selector","value":"#shell-header-logo"}
COMMAND: POST /session/238fc7fdfbc7ddd3047b28b6e8a40f5c/elements - {"using":"css selector","value":"#shell-header-logo"}
RESULT: {"using":"css selector","value":"#shell-header-logo"}
COMMAND: POST /session/238fc7fdfbc7ddd3047b28b6e8a40f5c/elements - {"using":"css selector","value":"#shell-header-logo"}
RESULT: {"using":"css selector","value":"#shell-header-logo"}
COMMAND: POST /session/238fc7fdfbc7ddd3047b28b6e8a40f5c/elements - {"using":"css selector","value":"#shell-header-logo"}
RESULT: {"using":"css selector","value":"#shell-header-logo"}
COMMAND: POST /session/238fc7fdfbc7ddd3047b28b6e8a40f5c/elements - {"using":"css selector","value":"#shell-header-logo"}
RESULT: {"using":"css selector","value":"#shell-header-logo"}
COMMAND: POST /session/238fc7fdfbc7ddd3047b28b6e8a40f5c/elements - {"using":"css selector","value":"#shell-header-logo"}
RESULT: {"using":"css selector","value":"#shell-header-logo"}
COMMAND: POST /session/238fc7fdfbc7ddd3047b28b6e8a40f5c/refresh - {}
COMMAND: POST /session/238fc7fdfbc7ddd3047b28b6e8a40f5c/elements - {"using":"css selector","value":"#shell-header-logo"}
RESULT: {}
COMMAND: GET /session/238fc7fdfbc7ddd3047b28b6e8a40f5c/screenshot - {}
RESULT: {"using":"css selector","value":"#shell-header-logo"}
COMMAND: POST /session/238fc7fdfbc7ddd3047b28b6e8a40f5c/elements - {"using":"css selector","value":"#shell-header-logo"}
RESULT: {}
RESULT: {"using":"css selector","value":"#shell-header-logo"}
COMMAND: POST /session/238fc7fdfbc7ddd3047b28b6e8a40f5c/elements - {"using":"css selector","value":"#shell-header-logo"}
RESULT: {"using":"css selector","value":"#shell-header-logo"}
COMMAND: POST /session/238fc7fdfbc7ddd3047b28b6e8a40f5c/elements - {"using":"css selector","value":"#shell-header-logo"}
RESULT: {"using":"css selector","value":"#shell-header-logo"}
COMMAND: POST /session/238fc7fdfbc7ddd3047b28b6e8a40f5c/elements - {"using":"css selector","value":"#shell-header-logo"}
RESULT: {"using":"css selector","value":"#shell-header-logo"}
COMMAND: POST /session/238fc7fdfbc7ddd3047b28b6e8a40f5c/elements - {"using":"css selector","value":"#shell-header-logo"}
RESULT: {"using":"css selector","value":"#shell-header-logo"}
COMMAND: POST /session/238fc7fdfbc7ddd3047b28b6e8a40f5c/elements - {"using":"css selector","value":"#shell-header-logo"}
RESULT: {"using":"css selector","value":"#shell-header-logo"}
COMMAND: POST /session/238fc7fdfbc7ddd3047b28b6e8a40f5c/elements - {"using":"css selector","value":"#shell-header-logo"}
RESULT: {"using":"css selector","value":"#shell-header-logo"}
COMMAND: POST /session/238fc7fdfbc7ddd3047b28b6e8a40f5c/elements - {"using":"css selector","value":"#shell-header-logo"}
RESULT: {"using":"css selector","value":"#shell-header-logo"}
COMMAND: POST /session/238fc7fdfbc7ddd3047b28b6e8a40f5c/elements - {"using":"css selector","value":"#shell-header-logo"}
RESULT: {"using":"css selector","value":"#shell-header-logo"}
COMMAND: POST /session/238fc7fdfbc7ddd3047b28b6e8a40f5c/elements - {"using":"css selector","value":"#shell-header-logo"}
RESULT: {"using":"css selector","value":"#shell-header-logo"}
COMMAND: POST /session/238fc7fdfbc7ddd3047b28b6e8a40f5c/elements - {"using":"css selector","value":"#shell-header-logo"}
RESULT: {"using":"css selector","value":"#shell-header-logo"}
COMMAND: POST /session/238fc7fdfbc7ddd3047b28b6e8a40f5c/elements - {"using":"css selector","value":"#shell-header-logo"}
RESULT: {"using":"css selector","value":"#shell-header-logo"}
COMMAND: POST /session/238fc7fdfbc7ddd3047b28b6e8a40f5c/elements - {"using":"css selector","value":"#shell-header-logo"}
RESULT: {"using":"css selector","value":"#shell-header-logo"}
COMMAND: POST /session/238fc7fdfbc7ddd3047b28b6e8a40f5c/elements - {"using":"css selector","value":"#shell-header-logo"}
RESULT: {"using":"css selector","value":"#shell-header-logo"}
COMMAND: POST /session/238fc7fdfbc7ddd3047b28b6e8a40f5c/elements - {"using":"css selector","value":"#shell-header-logo"}
RESULT: {"using":"css selector","value":"#shell-header-logo"}
COMMAND: POST /session/238fc7fdfbc7ddd3047b28b6e8a40f5c/elements - {"using":"css selector","value":"#shell-header-logo"}
RESULT: {"using":"css selector","value":"#shell-header-logo"}
COMMAND: POST /session/238fc7fdfbc7ddd3047b28b6e8a40f5c/elements - {"using":"css selector","value":"#shell-header-logo"}
RESULT: {"using":"css selector","value":"#shell-header-logo"}
COMMAND: POST /session/238fc7fdfbc7ddd3047b28b6e8a40f5c/elements - {"using":"css selector","value":"#shell-header-logo"}
RESULT: {"using":"css selector","value":"#shell-header-logo"}
COMMAND: POST /session/238fc7fdfbc7ddd3047b28b6e8a40f5c/elements - {"using":"css selector","value":"#shell-header-logo"}
RESULT: {"using":"css selector","value":"#shell-header-logo"}
COMMAND: POST /session/238fc7fdfbc7ddd3047b28b6e8a40f5c/elements - {"using":"css selector","value":"#shell-header-logo"}
RESULT: {"using":"css selector","value":"#shell-header-logo"}
COMMAND: POST /session/238fc7fdfbc7ddd3047b28b6e8a40f5c/elements - {"using":"css selector","value":"#shell-header-logo"}
RESULT: {"using":"css selector","value":"#shell-header-logo"}
COMMAND: POST /session/238fc7fdfbc7ddd3047b28b6e8a40f5c/refresh - {}
RESULT: {}
COMMAND: GET /session/238fc7fdfbc7ddd3047b28b6e8a40f5c/screenshot - {}
COMMAND: POST /session/238fc7fdfbc7ddd3047b28b6e8a40f5c/elements - {"using":"css selector","value":"#shell-header-logo"}
RESULT: {}
RESULT: {"using":"css selector","value":"#shell-header-logo"}
COMMAND: POST /session/238fc7fdfbc7ddd3047b28b6e8a40f5c/elements - {"using":"css selector","value":"#shell-header-logo"}
RESULT: {"using":"css selector","value":"#shell-header-logo"}
COMMAND: POST /session/238fc7fdfbc7ddd3047b28b6e8a40f5c/elements - {"using":"css selector","value":"#shell-header-logo"}
RESULT: {"using":"css selector","value":"#shell-header-logo"}
COMMAND: POST /session/238fc7fdfbc7ddd3047b28b6e8a40f5c/elements - {"using":"css selector","value":"#shell-header-logo"}
RESULT: {"using":"css selector","value":"#shell-header-logo"}
COMMAND: POST /session/238fc7fdfbc7ddd3047b28b6e8a40f5c/elements - {"using":"css selector","value":"#shell-header-logo"}
RESULT: {"using":"css selector","value":"#shell-header-logo"}
COMMAND: POST /session/238fc7fdfbc7ddd3047b28b6e8a40f5c/elements - {"using":"css selector","value":"#shell-header-logo"}
RESULT: {"using":"css selector","value":"#shell-header-logo"}
COMMAND: POST /session/238fc7fdfbc7ddd3047b28b6e8a40f5c/elements - {"using":"css selector","value":"#shell-header-logo"}
RESULT: {"using":"css selector","value":"#shell-header-logo"}
COMMAND: POST /session/238fc7fdfbc7ddd3047b28b6e8a40f5c/elements - {"using":"css selector","value":"#shell-header-logo"}
RESULT: {"using":"css selector","value":"#shell-header-logo"}
COMMAND: POST /session/238fc7fdfbc7ddd3047b28b6e8a40f5c/elements - {"using":"css selector","value":"#shell-header-logo"}
RESULT: {"using":"css selector","value":"#shell-header-logo"}
COMMAND: POST /session/238fc7fdfbc7ddd3047b28b6e8a40f5c/elements - {"using":"css selector","value":"#shell-header-logo"}
RESULT: {"using":"css selector","value":"#shell-header-logo"}
COMMAND: POST /session/238fc7fdfbc7ddd3047b28b6e8a40f5c/elements - {"using":"css selector","value":"#shell-header-logo"}
RESULT: {"using":"css selector","value":"#shell-header-logo"}
COMMAND: POST /session/238fc7fdfbc7ddd3047b28b6e8a40f5c/elements - {"using":"css selector","value":"#shell-header-logo"}
RESULT: {"using":"css selector","value":"#shell-header-logo"}
COMMAND: POST /session/238fc7fdfbc7ddd3047b28b6e8a40f5c/elements - {"using":"css selector","value":"#shell-header-logo"}
RESULT: {"using":"css selector","value":"#shell-header-logo"}
COMMAND: POST /session/238fc7fdfbc7ddd3047b28b6e8a40f5c/elements - {"using":"css selector","value":"#shell-header-logo"}
RESULT: {"using":"css selector","value":"#shell-header-logo"}
COMMAND: POST /session/238fc7fdfbc7ddd3047b28b6e8a40f5c/elements - {"using":"css selector","value":"#shell-header-logo"}
RESULT: {"using":"css selector","value":"#shell-header-logo"}
COMMAND: POST /session/238fc7fdfbc7ddd3047b28b6e8a40f5c/elements - {"using":"css selector","value":"#shell-header-logo"}
RESULT: {"using":"css selector","value":"#shell-header-logo"}
COMMAND: POST /session/238fc7fdfbc7ddd3047b28b6e8a40f5c/elements - {"using":"css selector","value":"#shell-header-logo"}
RESULT: {"using":"css selector","value":"#shell-header-logo"}
COMMAND: POST /session/238fc7fdfbc7ddd3047b28b6e8a40f5c/elements - {"using":"css selector","value":"#shell-header-logo"}
RESULT: {"using":"css selector","value":"#shell-header-logo"}
COMMAND: POST /session/238fc7fdfbc7ddd3047b28b6e8a40f5c/elements - {"using":"css selector","value":"#shell-header-logo"}
RESULT: {"using":"css selector","value":"#shell-header-logo"}
COMMAND: POST /session/238fc7fdfbc7ddd3047b28b6e8a40f5c/elements - {"using":"css selector","value":"#shell-header-logo"}
RESULT: {"using":"css selector","value":"#shell-header-logo"}
COMMAND: POST /session/238fc7fdfbc7ddd3047b28b6e8a40f5c/window/fullscreen - {}
COMMAND: POST /session/238fc7fdfbc7ddd3047b28b6e8a40f5c/elements - {"using":"css selector","value":"#shell-header-logo"}
RESULT: {}
RESULT: {"using":"css selector","value":"#shell-header-logo"}
COMMAND: POST /session/238fc7fdfbc7ddd3047b28b6e8a40f5c/elements - {"using":"css selector","value":"#shell-header-logo"}
RESULT: {"using":"css selector","value":"#shell-header-logo"}
COMMAND: POST /session/238fc7fdfbc7ddd3047b28b6e8a40f5c/elements - {"using":"css selector","value":"#shell-header-logo"}
RESULT: {"using":"css selector","value":"#shell-header-logo"}
COMMAND: POST /session/238fc7fdfbc7ddd3047b28b6e8a40f5c/elements - {"using":"css selector","value":"#shell-header-logo"}
RESULT: {"using":"css selector","value":"#shell-header-logo"}
COMMAND: POST /session/238fc7fdfbc7ddd3047b28b6e8a40f5c/elements - {"using":"css selector","value":"#shell-header-logo"}
RESULT: {"using":"css selector","value":"#shell-header-logo"}
COMMAND: POST /session/238fc7fdfbc7ddd3047b28b6e8a40f5c/elements - {"using":"css selector","value":"#shell-header-logo"}
RESULT: {"using":"css selector","value":"#shell-header-logo"}
COMMAND: POST /session/238fc7fdfbc7ddd3047b28b6e8a40f5c/elements - {"using":"css selector","value":"#shell-header-logo"}
RESULT: {"using":"css selector","value":"#shell-header-logo"}
COMMAND: POST /session/238fc7fdfbc7ddd3047b28b6e8a40f5c/elements - {"using":"css selector","value":"#shell-header-logo"}
RESULT: {"using":"css selector","value":"#shell-header-logo"}
COMMAND: POST /session/238fc7fdfbc7ddd3047b28b6e8a40f5c/elements - {"using":"css selector","value":"#shell-header-logo"}
RESULT: {"using":"css selector","value":"#shell-header-logo"}
COMMAND: POST /session/238fc7fdfbc7ddd3047b28b6e8a40f5c/elements - {"using":"css selector","value":"#shell-header-logo"}
RESULT: {"using":"css selector","value":"#shell-header-logo"}
COMMAND: POST /session/238fc7fdfbc7ddd3047b28b6e8a40f5c/elements - {"using":"css selector","value":"#shell-header-logo"}
RESULT: {"using":"css selector","value":"#shell-header-logo"}
COMMAND: POST /session/238fc7fdfbc7ddd3047b28b6e8a40f5c/execute/async - {"script":"<script> [189 bytes]","args":[]}
RESULT: {"script":"<script> [189 bytes]","args":[]}
COMMAND: POST /session/238fc7fdfbc7ddd3047b28b6e8a40f5c/execute/async - {"script":"<script> [123 bytes]","args":[]}
RESULT: {"script":"<script> [123 bytes]","args":[]}
COMMAND: POST /session/238fc7fdfbc7ddd3047b28b6e8a40f5c/timeouts - {"script":"<number>"}
RESULT: {"script":"<number>"}
COMMAND: GET /session/238fc7fdfbc7ddd3047b28b6e8a40f5c/timeouts - {}
RESULT: {}
RESULT: undefined
COMMAND: POST /session/238fc7fdfbc7ddd3047b28b6e8a40f5c/execute/async - {"script":"<script> [2676 bytes]","args":[]}
RESULT: {"script":"<script> [2676 bytes]","args":[]}
COMMAND: POST /session/238fc7fdfbc7ddd3047b28b6e8a40f5c/execute/async - {"script":"<script> [2342 bytes]","args":[{"protocol":"http","hostname":"0.0.0.0","path":"/","capabilities":{"browserName":"chrome","goog:chromeOptions":{"binary":"C:\\Program Files\\Google\\Chrome\\Application\\chrome.exe","args":["--start-maximized"]}},"logLevel":"warn","connectionRetryTimeout":120000,"connectionRetryCount":3,"logLevels":{},"enableDirectConnect":true,"strictSSL":true,"_":"65 more keys: [\"cacheDir\",\"port\",\"requestedCapabilities\",\"automationProtocol\",\"baseUrl\",\"waitforInterval\",\"waitforTimeout\",\"onReload\",\"beforeCommand\",\"afterCommand\",\"rootDir\",\"specs\",\"suites\",\"exclude\",\"groupLogsByTestSpec\",\"excludeDriverLogs\",\"bail\",\"framework\",\"reporters\",\"services\",\"maxInstances\",\"maxInstancesPerCapability\",\"injectGlobals\",\"filesToWatch\",\"execArgv\",\"runnerEnv\",\"runner\",\"shard\",\"specFileRetries\",\"specFileRetriesDelay\",\"specFileRetriesDeferred\",\"reporterSyncInterval\",\"reporterSyncTimeout\",\"cucumberFeaturesWithLineNumbers\",\"autoCompileOpts\",\"mochaOpts\",\"jasmineOpts\",\"cucumberOpts\",\"onPrepare\",\"onWorkerStart\",\"onWorkerEnd\",\"before\",\"beforeSession\",\"beforeSuite\",\"beforeHook\",\"beforeTest\",\"afterTest\",\"afterHook\",\"afterSuite\",\"afterSession\",\"after\",\"onComplete\",\"beforeAssertion\",\"afterAssertion\",\"beforeFeature\",\"beforeScenario\",\"beforeStep\",\"afterStep\",\"afterScenario\",\"afterFeature\",\"_\",\"suite\",\"$0\",\"ignoredWorkerServices\",\"wdi5\"]"}]}
RESULT: {"script":"<script> [2342 bytes]","args":[{"protocol":"http","hostname":"0.0.0.0","path":"/","capabilities":{"browserName":"chrome","goog:chromeOptions":{"binary":"C:\\Program Files\\Google\\Chrome\\Application\\chrome.exe","args":["--start-maximized"]}},"logLevel":"warn","connectionRetryTimeout":120000,"connectionRetryCount":3,"logLevels":{},"enableDirectConnect":true,"strictSSL":true,"_":"65 more keys: [\"cacheDir\",\"port\",\"requestedCapabilities\",\"automationProtocol\",\"baseUrl\",\"waitforInterval\",\"waitforTimeout\",\"onReload\",\"beforeCommand\",\"afterCommand\",\"rootDir\",\"specs\",\"suites\",\"exclude\",\"groupLogsByTestSpec\",\"excludeDriverLogs\",\"bail\",\"framework\",\"reporters\",\"services\",\"maxInstances\",\"maxInstancesPerCapability\",\"injectGlobals\",\"filesToWatch\",\"execArgv\",\"runnerEnv\",\"runner\",\"shard\",\"specFileRetries\",\"specFileRetriesDelay\",\"specFileRetriesDeferred\",\"reporterSyncInterval\",\"reporterSyncTimeout\",\"cucumberFeaturesWithLineNumbers\",\"autoCompileOpts\",\"mochaOpts\",\"jasmineOpts\",\"cucumberOpts\",\"onPrepare\",\"onWorkerStart\",\"onWorkerEnd\",\"before\",\"beforeSession\",\"beforeSuite\",\"beforeHook\",\"beforeTest\",\"afterTest\",\"afterHook\",\"afterSuite\",\"afterSession\",\"after\",\"onComplete\",\"beforeAssertion\",\"afterAssertion\",\"beforeFeature\",\"beforeScenario\",\"beforeStep\",\"afterStep\",\"afterScenario\",\"afterFeature\",\"_\",\"suite\",\"$0\",\"ignoredWorkerServices\",\"wdi5\"]"}]}
COMMAND: POST /session/238fc7fdfbc7ddd3047b28b6e8a40f5c/execute/async - {"script":"<script> [21126 bytes]","args":[35000]}
RESULT: {"script":"<script> [21126 bytes]","args":[35000]}
COMMAND: POST /session/238fc7fdfbc7ddd3047b28b6e8a40f5c/elements - {"using":"css selector","value":"#shell-header-logo"}
RESULT: {"using":"css selector","value":"#shell-header-logo"}
COMMAND: POST /session/238fc7fdfbc7ddd3047b28b6e8a40f5c/elements - {"using":"css selector","value":"#shell-header-logo"}
RESULT: {"using":"css selector","value":"#shell-header-logo"}
COMMAND: POST /session/238fc7fdfbc7ddd3047b28b6e8a40f5c/elements - {"using":"css selector","value":"#shell-header-logo"}
RESULT: {"using":"css selector","value":"#shell-header-logo"}
COMMAND: POST /session/238fc7fdfbc7ddd3047b28b6e8a40f5c/elements - {"using":"css selector","value":"#shell-header-logo"}
RESULT: {"using":"css selector","value":"#shell-header-logo"}
COMMAND: POST /session/238fc7fdfbc7ddd3047b28b6e8a40f5c/elements - {"using":"css selector","value":"#shell-header-logo"}
RESULT: {"using":"css selector","value":"#shell-header-logo"}
COMMAND: POST /session/238fc7fdfbc7ddd3047b28b6e8a40f5c/elements - {"using":"css selector","value":"#shell-header-logo"}
RESULT: {"using":"css selector","value":"#shell-header-logo"}
COMMAND: POST /session/238fc7fdfbc7ddd3047b28b6e8a40f5c/elements - {"using":"css selector","value":"#shell-header-logo"}
RESULT: {"using":"css selector","value":"#shell-header-logo"}
COMMAND: POST /session/238fc7fdfbc7ddd3047b28b6e8a40f5c/elements - {"using":"css selector","value":"#shell-header-logo"}
RESULT: {"using":"css selector","value":"#shell-header-logo"}
COMMAND: POST /session/238fc7fdfbc7ddd3047b28b6e8a40f5c/elements - {"using":"css selector","value":"#shell-header-logo"}
RESULT: {"using":"css selector","value":"#shell-header-logo"}
COMMAND: POST /session/238fc7fdfbc7ddd3047b28b6e8a40f5c/elements - {"using":"css selector","value":"#shell-header-logo"}
RESULT: {"using":"css selector","value":"#shell-header-logo"}
COMMAND: POST /session/238fc7fdfbc7ddd3047b28b6e8a40f5c/window/fullscreen - {}
RESULT: {}
COMMAND: POST /session/238fc7fdfbc7ddd3047b28b6e8a40f5c/window/fullscreen - {}
RESULT: {}
COMMAND: POST /session/238fc7fdfbc7ddd3047b28b6e8a40f5c/execute/async - {"script":"<script> [1562 bytes]","args":[{"selector":{"controlType":"sap.m.GenericTile","properties":{"header":"Manage Partners"}},"wdio_ui5_key":"sapm.GenericTile{\"header\":\"Manage Partners\"}"}]}
COMMAND: POST /session/238fc7fdfbc7ddd3047b28b6e8a40f5c/elements - {"using":"css selector","value":"#shell-header-logo"}
RESULT: {"script":"<script> [1562 bytes]","args":[{"selector":{"controlType":"sap.m.GenericTile","properties":{"header":"Manage Partners"}},"wdio_ui5_key":"sapm.GenericTile{\"header\":\"Manage Partners\"}"}]}
RESULT: undefined
COMMAND: POST /session/238fc7fdfbc7ddd3047b28b6e8a40f5c/element - {"using":"xpath","value":"//button[@data-kt=\"addButton\"]"}
RESULT: {"using":"css selector","value":"#shell-header-logo"}
RESULT: {"using":"xpath","value":"//button[@data-kt=\"addButton\"]"}
COMMAND: POST /session/238fc7fdfbc7ddd3047b28b6e8a40f5c/elements - {"using":"xpath","value":"//button[@data-kt=\"addButton\"]"}
RESULT: {"using":"xpath","value":"//button[@data-kt=\"addButton\"]"}
COMMAND: POST /session/238fc7fdfbc7ddd3047b28b6e8a40f5c/elements - {"using":"css selector","value":"#shell-header-logo"}
RESULT: {"using":"css selector","value":"#shell-header-logo"}
COMMAND: POST /session/238fc7fdfbc7ddd3047b28b6e8a40f5c/elements - {"using":"xpath","value":"//button[@data-kt=\"addButton\"]"}
RESULT: {"using":"xpath","value":"//button[@data-kt=\"addButton\"]"}
COMMAND: POST /session/238fc7fdfbc7ddd3047b28b6e8a40f5c/elements - {"using":"css selector","value":"#shell-header-logo"}
RESULT: {"using":"css selector","value":"#shell-header-logo"}
COMMAND: POST /session/238fc7fdfbc7ddd3047b28b6e8a40f5c/elements - {"using":"xpath","value":"//button[@data-kt=\"addButton\"]"}
RESULT: {"using":"xpath","value":"//button[@data-kt=\"addButton\"]"}
COMMAND: POST /session/238fc7fdfbc7ddd3047b28b6e8a40f5c/elements - {"using":"css selector","value":"#shell-header-logo"}
RESULT: {"using":"css selector","value":"#shell-header-logo"}
COMMAND: POST /session/238fc7fdfbc7ddd3047b28b6e8a40f5c/elements - {"using":"xpath","value":"//button[@data-kt=\"addButton\"]"}
RESULT: {"using":"xpath","value":"//button[@data-kt=\"addButton\"]"}
COMMAND: POST /session/238fc7fdfbc7ddd3047b28b6e8a40f5c/elements - {"using":"css selector","value":"#shell-header-logo"}
RESULT: {"using":"css selector","value":"#shell-header-logo"}
COMMAND: POST /session/238fc7fdfbc7ddd3047b28b6e8a40f5c/elements - {"using":"xpath","value":"//button[@data-kt=\"addButton\"]"}
RESULT: {"using":"xpath","value":"//button[@data-kt=\"addButton\"]"}
COMMAND: POST /session/238fc7fdfbc7ddd3047b28b6e8a40f5c/elements - {"using":"css selector","value":"#shell-header-logo"}
RESULT: {"using":"css selector","value":"#shell-header-logo"}
COMMAND: POST /session/238fc7fdfbc7ddd3047b28b6e8a40f5c/elements - {"using":"xpath","value":"//button[@data-kt=\"addButton\"]"}
RESULT: {"using":"xpath","value":"//button[@data-kt=\"addButton\"]"}
COMMAND: POST /session/238fc7fdfbc7ddd3047b28b6e8a40f5c/elements - {"using":"css selector","value":"#shell-header-logo"}
RESULT: {"using":"css selector","value":"#shell-header-logo"}
COMMAND: POST /session/238fc7fdfbc7ddd3047b28b6e8a40f5c/elements - {"using":"xpath","value":"//button[@data-kt=\"addButton\"]"}
RESULT: {"using":"xpath","value":"//button[@data-kt=\"addButton\"]"}
COMMAND: POST /session/238fc7fdfbc7ddd3047b28b6e8a40f5c/elements - {"using":"css selector","value":"#shell-header-logo"}
RESULT: {"using":"css selector","value":"#shell-header-logo"}
COMMAND: POST /session/238fc7fdfbc7ddd3047b28b6e8a40f5c/elements - {"using":"xpath","value":"//button[@data-kt=\"addButton\"]"}
RESULT: {"using":"xpath","value":"//button[@data-kt=\"addButton\"]"}
COMMAND: POST /session/238fc7fdfbc7ddd3047b28b6e8a40f5c/elements - {"using":"css selector","value":"#shell-header-logo"}
RESULT: {"using":"css selector","value":"#shell-header-logo"}
COMMAND: POST /session/238fc7fdfbc7ddd3047b28b6e8a40f5c/elements - {"using":"xpath","value":"//button[@data-kt=\"addButton\"]"}
RESULT: {"using":"xpath","value":"//button[@data-kt=\"addButton\"]"}
COMMAND: POST /session/238fc7fdfbc7ddd3047b28b6e8a40f5c/elements - {"using":"css selector","value":"#shell-header-logo"}
RESULT: {"using":"css selector","value":"#shell-header-logo"}
COMMAND: POST /session/238fc7fdfbc7ddd3047b28b6e8a40f5c/elements - {"using":"xpath","value":"//button[@data-kt=\"addButton\"]"}
RESULT: {"using":"xpath","value":"//button[@data-kt=\"addButton\"]"}
COMMAND: POST /session/238fc7fdfbc7ddd3047b28b6e8a40f5c/elements - {"using":"css selector","value":"#shell-header-logo"}
RESULT: {"using":"css selector","value":"#shell-header-logo"}
COMMAND: POST /session/238fc7fdfbc7ddd3047b28b6e8a40f5c/elements - {"using":"xpath","value":"//button[@data-kt=\"addButton\"]"}
RESULT: {"using":"xpath","value":"//button[@data-kt=\"addButton\"]"}
COMMAND: POST /session/238fc7fdfbc7ddd3047b28b6e8a40f5c/elements - {"using":"css selector","value":"#shell-header-logo"}
RESULT: {"using":"css selector","value":"#shell-header-logo"}
COMMAND: POST /session/238fc7fdfbc7ddd3047b28b6e8a40f5c/elements - {"using":"xpath","value":"//button[@data-kt=\"addButton\"]"}
RESULT: {"using":"xpath","value":"//button[@data-kt=\"addButton\"]"}
COMMAND: POST /session/238fc7fdfbc7ddd3047b28b6e8a40f5c/elements - {"using":"css selector","value":"#shell-header-logo"}
RESULT: {"using":"css selector","value":"#shell-header-logo"}
COMMAND: POST /session/238fc7fdfbc7ddd3047b28b6e8a40f5c/elements - {"using":"xpath","value":"//button[@data-kt=\"addButton\"]"}
RESULT: {"using":"xpath","value":"//button[@data-kt=\"addButton\"]"}
COMMAND: POST /session/238fc7fdfbc7ddd3047b28b6e8a40f5c/elements - {"using":"css selector","value":"#shell-header-logo"}
RESULT: {"using":"css selector","value":"#shell-header-logo"}
COMMAND: POST /session/238fc7fdfbc7ddd3047b28b6e8a40f5c/elements - {"using":"xpath","value":"//button[@data-kt=\"addButton\"]"}
RESULT: {"using":"xpath","value":"//button[@data-kt=\"addButton\"]"}
COMMAND: POST /session/238fc7fdfbc7ddd3047b28b6e8a40f5c/elements - {"using":"css selector","value":"#shell-header-logo"}
RESULT: {"using":"css selector","value":"#shell-header-logo"}
COMMAND: POST /session/238fc7fdfbc7ddd3047b28b6e8a40f5c/elements - {"using":"xpath","value":"//button[@data-kt=\"addButton\"]"}
RESULT: {"using":"xpath","value":"//button[@data-kt=\"addButton\"]"}
COMMAND: POST /session/238fc7fdfbc7ddd3047b28b6e8a40f5c/elements - {"using":"css selector","value":"#shell-header-logo"}
RESULT: {"using":"css selector","value":"#shell-header-logo"}
COMMAND: POST /session/238fc7fdfbc7ddd3047b28b6e8a40f5c/elements - {"using":"xpath","value":"//button[@data-kt=\"addButton\"]"}
RESULT: {"using":"xpath","value":"//button[@data-kt=\"addButton\"]"}
COMMAND: POST /session/238fc7fdfbc7ddd3047b28b6e8a40f5c/elements - {"using":"css selector","value":"#shell-header-logo"}
RESULT: {"using":"css selector","value":"#shell-header-logo"}
COMMAND: POST /session/238fc7fdfbc7ddd3047b28b6e8a40f5c/elements - {"using":"xpath","value":"//button[@data-kt=\"addButton\"]"}
RESULT: {"using":"xpath","value":"//button[@data-kt=\"addButton\"]"}
COMMAND: POST /session/238fc7fdfbc7ddd3047b28b6e8a40f5c/elements - {"using":"css selector","value":"#shell-header-logo"}
RESULT: {"using":"css selector","value":"#shell-header-logo"}
COMMAND: POST /session/238fc7fdfbc7ddd3047b28b6e8a40f5c/elements - {"using":"xpath","value":"//button[@data-kt=\"addButton\"]"}
RESULT: {"using":"xpath","value":"//button[@data-kt=\"addButton\"]"}
COMMAND: POST /session/238fc7fdfbc7ddd3047b28b6e8a40f5c/elements - {"using":"css selector","value":"#shell-header-logo"}
RESULT: {"using":"css selector","value":"#shell-header-logo"}
COMMAND: POST /session/238fc7fdfbc7ddd3047b28b6e8a40f5c/elements - {"using":"xpath","value":"//button[@data-kt=\"addButton\"]"}
RESULT: {"using":"xpath","value":"//button[@data-kt=\"addButton\"]"}
COMMAND: POST /session/238fc7fdfbc7ddd3047b28b6e8a40f5c/elements - {"using":"css selector","value":"#shell-header-logo"}
RESULT: {"using":"css selector","value":"#shell-header-logo"}
COMMAND: POST /session/238fc7fdfbc7ddd3047b28b6e8a40f5c/elements - {"using":"xpath","value":"//button[@data-kt=\"addButton\"]"}
RESULT: {"using":"xpath","value":"//button[@data-kt=\"addButton\"]"}
COMMAND: POST /session/238fc7fdfbc7ddd3047b28b6e8a40f5c/elements - {"using":"css selector","value":"#shell-header-logo"}
RESULT: {"using":"css selector","value":"#shell-header-logo"}
COMMAND: POST /session/238fc7fdfbc7ddd3047b28b6e8a40f5c/elements - {"using":"xpath","value":"//button[@data-kt=\"addButton\"]"}
RESULT: {"using":"xpath","value":"//button[@data-kt=\"addButton\"]"}
COMMAND: POST /session/238fc7fdfbc7ddd3047b28b6e8a40f5c/elements - {"using":"css selector","value":"#shell-header-logo"}
RESULT: {"using":"css selector","value":"#shell-header-logo"}
COMMAND: POST /session/238fc7fdfbc7ddd3047b28b6e8a40f5c/elements - {"using":"xpath","value":"//button[@data-kt=\"addButton\"]"}
RESULT: {"using":"xpath","value":"//button[@data-kt=\"addButton\"]"}
COMMAND: POST /session/238fc7fdfbc7ddd3047b28b6e8a40f5c/elements - {"using":"css selector","value":"#shell-header-logo"}
RESULT: {"using":"css selector","value":"#shell-header-logo"}
COMMAND: POST /session/238fc7fdfbc7ddd3047b28b6e8a40f5c/elements - {"using":"xpath","value":"//button[@data-kt=\"addButton\"]"}
RESULT: {"using":"xpath","value":"//button[@data-kt=\"addButton\"]"}
COMMAND: POST /session/238fc7fdfbc7ddd3047b28b6e8a40f5c/elements - {"using":"css selector","value":"#shell-header-logo"}
RESULT: {"using":"css selector","value":"#shell-header-logo"}
COMMAND: POST /session/238fc7fdfbc7ddd3047b28b6e8a40f5c/elements - {"using":"xpath","value":"//button[@data-kt=\"addButton\"]"}
RESULT: {"using":"xpath","value":"//button[@data-kt=\"addButton\"]"}
COMMAND: POST /session/238fc7fdfbc7ddd3047b28b6e8a40f5c/elements - {"using":"css selector","value":"#shell-header-logo"}
RESULT: {"using":"css selector","value":"#shell-header-logo"}
COMMAND: POST /session/238fc7fdfbc7ddd3047b28b6e8a40f5c/elements - {"using":"xpath","value":"//button[@data-kt=\"addButton\"]"}
RESULT: {"using":"xpath","value":"//button[@data-kt=\"addButton\"]"}
COMMAND: POST /session/238fc7fdfbc7ddd3047b28b6e8a40f5c/elements - {"using":"css selector","value":"#shell-header-logo"}
RESULT: {"using":"css selector","value":"#shell-header-logo"}
COMMAND: POST /session/238fc7fdfbc7ddd3047b28b6e8a40f5c/elements - {"using":"xpath","value":"//button[@data-kt=\"addButton\"]"}
RESULT: {"using":"xpath","value":"//button[@data-kt=\"addButton\"]"}
COMMAND: POST /session/238fc7fdfbc7ddd3047b28b6e8a40f5c/elements - {"using":"css selector","value":"#shell-header-logo"}
RESULT: {"using":"css selector","value":"#shell-header-logo"}
COMMAND: POST /session/238fc7fdfbc7ddd3047b28b6e8a40f5c/elements - {"using":"xpath","value":"//button[@data-kt=\"addButton\"]"}
RESULT: {"using":"xpath","value":"//button[@data-kt=\"addButton\"]"}
COMMAND: POST /session/238fc7fdfbc7ddd3047b28b6e8a40f5c/elements - {"using":"css selector","value":"#shell-header-logo"}
RESULT: {"using":"css selector","value":"#shell-header-logo"}
COMMAND: POST /session/238fc7fdfbc7ddd3047b28b6e8a40f5c/elements - {"using":"xpath","value":"//button[@data-kt=\"addButton\"]"}
RESULT: {"using":"xpath","value":"//button[@data-kt=\"addButton\"]"}
COMMAND: POST /session/238fc7fdfbc7ddd3047b28b6e8a40f5c/elements - {"using":"css selector","value":"#shell-header-logo"}
RESULT: {"using":"css selector","value":"#shell-header-logo"}
COMMAND: POST /session/238fc7fdfbc7ddd3047b28b6e8a40f5c/elements - {"using":"xpath","value":"//button[@data-kt=\"addButton\"]"}
RESULT: {"using":"xpath","value":"//button[@data-kt=\"addButton\"]"}
COMMAND: POST /session/238fc7fdfbc7ddd3047b28b6e8a40f5c/elements - {"using":"css selector","value":"#shell-header-logo"}
RESULT: {"using":"css selector","value":"#shell-header-logo"}
COMMAND: POST /session/238fc7fdfbc7ddd3047b28b6e8a40f5c/elements - {"using":"xpath","value":"//button[@data-kt=\"addButton\"]"}
RESULT: {"using":"xpath","value":"//button[@data-kt=\"addButton\"]"}
COMMAND: POST /session/238fc7fdfbc7ddd3047b28b6e8a40f5c/elements - {"using":"css selector","value":"#shell-header-logo"}
RESULT: {"using":"css selector","value":"#shell-header-logo"}
COMMAND: POST /session/238fc7fdfbc7ddd3047b28b6e8a40f5c/elements - {"using":"xpath","value":"//button[@data-kt=\"addButton\"]"}
RESULT: {"using":"xpath","value":"//button[@data-kt=\"addButton\"]"}
COMMAND: POST /session/238fc7fdfbc7ddd3047b28b6e8a40f5c/elements - {"using":"css selector","value":"#shell-header-logo"}
RESULT: {"using":"css selector","value":"#shell-header-logo"}
COMMAND: POST /session/238fc7fdfbc7ddd3047b28b6e8a40f5c/elements - {"using":"xpath","value":"//button[@data-kt=\"addButton\"]"}
RESULT: {"using":"xpath","value":"//button[@data-kt=\"addButton\"]"}
COMMAND: POST /session/238fc7fdfbc7ddd3047b28b6e8a40f5c/elements - {"using":"css selector","value":"#shell-header-logo"}
RESULT: {"using":"css selector","value":"#shell-header-logo"}
COMMAND: POST /session/238fc7fdfbc7ddd3047b28b6e8a40f5c/elements - {"using":"xpath","value":"//button[@data-kt=\"addButton\"]"}
RESULT: {"using":"xpath","value":"//button[@data-kt=\"addButton\"]"}
COMMAND: POST /session/238fc7fdfbc7ddd3047b28b6e8a40f5c/elements - {"using":"css selector","value":"#shell-header-logo"}
RESULT: {"using":"css selector","value":"#shell-header-logo"}
COMMAND: POST /session/238fc7fdfbc7ddd3047b28b6e8a40f5c/elements - {"using":"xpath","value":"//button[@data-kt=\"addButton\"]"}
RESULT: {"using":"xpath","value":"//button[@data-kt=\"addButton\"]"}
COMMAND: POST /session/238fc7fdfbc7ddd3047b28b6e8a40f5c/elements - {"using":"css selector","value":"#shell-header-logo"}
RESULT: {"using":"css selector","value":"#shell-header-logo"}
COMMAND: POST /session/238fc7fdfbc7ddd3047b28b6e8a40f5c/elements - {"using":"xpath","value":"//button[@data-kt=\"addButton\"]"}
RESULT: {"using":"xpath","value":"//button[@data-kt=\"addButton\"]"}
COMMAND: POST /session/238fc7fdfbc7ddd3047b28b6e8a40f5c/elements - {"using":"css selector","value":"#shell-header-logo"}
RESULT: {"using":"css selector","value":"#shell-header-logo"}
COMMAND: POST /session/238fc7fdfbc7ddd3047b28b6e8a40f5c/elements - {"using":"xpath","value":"//button[@data-kt=\"addButton\"]"}
RESULT: {"using":"xpath","value":"//button[@data-kt=\"addButton\"]"}
COMMAND: POST /session/238fc7fdfbc7ddd3047b28b6e8a40f5c/elements - {"using":"css selector","value":"#shell-header-logo"}
RESULT: {"using":"css selector","value":"#shell-header-logo"}
COMMAND: POST /session/238fc7fdfbc7ddd3047b28b6e8a40f5c/elements - {"using":"xpath","value":"//button[@data-kt=\"addButton\"]"}
RESULT: {"using":"xpath","value":"//button[@data-kt=\"addButton\"]"}
COMMAND: POST /session/238fc7fdfbc7ddd3047b28b6e8a40f5c/elements - {"using":"css selector","value":"#shell-header-logo"}
RESULT: {"using":"css selector","value":"#shell-header-logo"}
COMMAND: POST /session/238fc7fdfbc7ddd3047b28b6e8a40f5c/elements - {"using":"xpath","value":"//button[@data-kt=\"addButton\"]"}
RESULT: {"using":"xpath","value":"//button[@data-kt=\"addButton\"]"}
COMMAND: POST /session/238fc7fdfbc7ddd3047b28b6e8a40f5c/elements - {"using":"xpath","value":"//button[@data-kt=\"addButton\"]"}
RESULT: {"using":"xpath","value":"//button[@data-kt=\"addButton\"]"}
COMMAND: POST /session/238fc7fdfbc7ddd3047b28b6e8a40f5c/elements - {"using":"xpath","value":"//button[@data-kt=\"addButton\"]"}
RESULT: {"using":"xpath","value":"//button[@data-kt=\"addButton\"]"}
COMMAND: POST /session/238fc7fdfbc7ddd3047b28b6e8a40f5c/elements - {"using":"xpath","value":"//button[@data-kt=\"addButton\"]"}
RESULT: {"using":"xpath","value":"//button[@data-kt=\"addButton\"]"}
COMMAND: POST /session/238fc7fdfbc7ddd3047b28b6e8a40f5c/elements - {"using":"xpath","value":"//button[@data-kt=\"addButton\"]"}
RESULT: {"using":"xpath","value":"//button[@data-kt=\"addButton\"]"}
COMMAND: POST /session/238fc7fdfbc7ddd3047b28b6e8a40f5c/elements - {"using":"xpath","value":"//button[@data-kt=\"addButton\"]"}
RESULT: {"using":"xpath","value":"//button[@data-kt=\"addButton\"]"}
COMMAND: POST /session/238fc7fdfbc7ddd3047b28b6e8a40f5c/elements - {"using":"xpath","value":"//button[@data-kt=\"addButton\"]"}
RESULT: {"using":"xpath","value":"//button[@data-kt=\"addButton\"]"}
COMMAND: POST /session/238fc7fdfbc7ddd3047b28b6e8a40f5c/elements - {"using":"xpath","value":"//button[@data-kt=\"addButton\"]"}
RESULT: {"using":"xpath","value":"//button[@data-kt=\"addButton\"]"}
COMMAND: POST /session/238fc7fdfbc7ddd3047b28b6e8a40f5c/elements - {"using":"xpath","value":"//button[@data-kt=\"addButton\"]"}
RESULT: {"using":"xpath","value":"//button[@data-kt=\"addButton\"]"}
COMMAND: POST /session/238fc7fdfbc7ddd3047b28b6e8a40f5c/elements - {"using":"xpath","value":"//button[@data-kt=\"addButton\"]"}
RESULT: {"using":"xpath","value":"//button[@data-kt=\"addButton\"]"}
COMMAND: POST /session/238fc7fdfbc7ddd3047b28b6e8a40f5c/elements - {"using":"xpath","value":"//button[@data-kt=\"addButton\"]"}
RESULT: {"using":"xpath","value":"//button[@data-kt=\"addButton\"]"}
COMMAND: POST /session/238fc7fdfbc7ddd3047b28b6e8a40f5c/elements - {"using":"xpath","value":"//button[@data-kt=\"addButton\"]"}
RESULT: {"using":"xpath","value":"//button[@data-kt=\"addButton\"]"}
COMMAND: POST /session/238fc7fdfbc7ddd3047b28b6e8a40f5c/elements - {"using":"xpath","value":"//button[@data-kt=\"addButton\"]"}
RESULT: {"using":"xpath","value":"//button[@data-kt=\"addButton\"]"}
COMMAND: POST /session/238fc7fdfbc7ddd3047b28b6e8a40f5c/elements - {"using":"xpath","value":"//button[@data-kt=\"addButton\"]"}
RESULT: {"using":"xpath","value":"//button[@data-kt=\"addButton\"]"}
COMMAND: POST /session/238fc7fdfbc7ddd3047b28b6e8a40f5c/elements - {"using":"xpath","value":"//button[@data-kt=\"addButton\"]"}
RESULT: {"using":"xpath","value":"//button[@data-kt=\"addButton\"]"}
COMMAND: POST /session/238fc7fdfbc7ddd3047b28b6e8a40f5c/elements - {"using":"xpath","value":"//button[@data-kt=\"addButton\"]"}
RESULT: {"using":"xpath","value":"//button[@data-kt=\"addButton\"]"}
COMMAND: POST /session/238fc7fdfbc7ddd3047b28b6e8a40f5c/elements - {"using":"xpath","value":"//button[@data-kt=\"addButton\"]"}
RESULT: {"using":"xpath","value":"//button[@data-kt=\"addButton\"]"}
COMMAND: POST /session/238fc7fdfbc7ddd3047b28b6e8a40f5c/elements - {"using":"xpath","value":"//button[@data-kt=\"addButton\"]"}
RESULT: {"using":"xpath","value":"//button[@data-kt=\"addButton\"]"}
COMMAND: POST /session/238fc7fdfbc7ddd3047b28b6e8a40f5c/elements - {"using":"xpath","value":"//button[@data-kt=\"addButton\"]"}
RESULT: {"using":"xpath","value":"//button[@data-kt=\"addButton\"]"}
COMMAND: POST /session/238fc7fdfbc7ddd3047b28b6e8a40f5c/elements - {"using":"xpath","value":"//button[@data-kt=\"addButton\"]"}
RESULT: {"using":"xpath","value":"//button[@data-kt=\"addButton\"]"}
COMMAND: POST /session/238fc7fdfbc7ddd3047b28b6e8a40f5c/elements - {"using":"xpath","value":"//button[@data-kt=\"addButton\"]"}
RESULT: {"using":"xpath","value":"//button[@data-kt=\"addButton\"]"}
COMMAND: POST /session/238fc7fdfbc7ddd3047b28b6e8a40f5c/elements - {"using":"xpath","value":"//button[@data-kt=\"addButton\"]"}
RESULT: {"using":"xpath","value":"//button[@data-kt=\"addButton\"]"}
COMMAND: POST /session/238fc7fdfbc7ddd3047b28b6e8a40f5c/elements - {"using":"xpath","value":"//button[@data-kt=\"addButton\"]"}
RESULT: {"using":"xpath","value":"//button[@data-kt=\"addButton\"]"}
COMMAND: POST /session/238fc7fdfbc7ddd3047b28b6e8a40f5c/elements - {"using":"xpath","value":"//button[@data-kt=\"addButton\"]"}
RESULT: {"using":"xpath","value":"//button[@data-kt=\"addButton\"]"}
COMMAND: POST /session/238fc7fdfbc7ddd3047b28b6e8a40f5c/elements - {"using":"xpath","value":"//button[@data-kt=\"addButton\"]"}
RESULT: {"using":"xpath","value":"//button[@data-kt=\"addButton\"]"}
COMMAND: POST /session/238fc7fdfbc7ddd3047b28b6e8a40f5c/elements - {"using":"xpath","value":"//button[@data-kt=\"addButton\"]"}
RESULT: {"using":"xpath","value":"//button[@data-kt=\"addButton\"]"}
COMMAND: POST /session/238fc7fdfbc7ddd3047b28b6e8a40f5c/elements - {"using":"xpath","value":"//button[@data-kt=\"addButton\"]"}
RESULT: {"using":"xpath","value":"//button[@data-kt=\"addButton\"]"}
COMMAND: POST /session/238fc7fdfbc7ddd3047b28b6e8a40f5c/elements - {"using":"xpath","value":"//button[@data-kt=\"addButton\"]"}
RESULT: {"using":"xpath","value":"//button[@data-kt=\"addButton\"]"}
COMMAND: POST /session/238fc7fdfbc7ddd3047b28b6e8a40f5c/elements - {"using":"xpath","value":"//button[@data-kt=\"addButton\"]"}
RESULT: {"using":"xpath","value":"//button[@data-kt=\"addButton\"]"}
COMMAND: POST /session/238fc7fdfbc7ddd3047b28b6e8a40f5c/elements - {"using":"xpath","value":"//button[@data-kt=\"addButton\"]"}
RESULT: {"using":"xpath","value":"//button[@data-kt=\"addButton\"]"}
COMMAND: POST /session/238fc7fdfbc7ddd3047b28b6e8a40f5c/elements - {"using":"xpath","value":"//button[@data-kt=\"addButton\"]"}
RESULT: {"using":"xpath","value":"//button[@data-kt=\"addButton\"]"}
COMMAND: POST /session/238fc7fdfbc7ddd3047b28b6e8a40f5c/elements - {"using":"xpath","value":"//button[@data-kt=\"addButton\"]"}
RESULT: {"using":"xpath","value":"//button[@data-kt=\"addButton\"]"}
COMMAND: POST /session/238fc7fdfbc7ddd3047b28b6e8a40f5c/elements - {"using":"xpath","value":"//button[@data-kt=\"addButton\"]"}
RESULT: {"using":"xpath","value":"//button[@data-kt=\"addButton\"]"}
COMMAND: POST /session/238fc7fdfbc7ddd3047b28b6e8a40f5c/elements - {"using":"xpath","value":"//button[@data-kt=\"addButton\"]"}
RESULT: {"using":"xpath","value":"//button[@data-kt=\"addButton\"]"}
COMMAND: POST /session/238fc7fdfbc7ddd3047b28b6e8a40f5c/elements - {"using":"xpath","value":"//button[@data-kt=\"addButton\"]"}
RESULT: {"using":"xpath","value":"//button[@data-kt=\"addButton\"]"}
COMMAND: POST /session/238fc7fdfbc7ddd3047b28b6e8a40f5c/elements - {"using":"xpath","value":"//button[@data-kt=\"addButton\"]"}
RESULT: {"using":"xpath","value":"//button[@data-kt=\"addButton\"]"}
COMMAND: POST /session/238fc7fdfbc7ddd3047b28b6e8a40f5c/elements - {"using":"xpath","value":"//button[@data-kt=\"addButton\"]"}
RESULT: {"using":"xpath","value":"//button[@data-kt=\"addButton\"]"}
COMMAND: POST /session/238fc7fdfbc7ddd3047b28b6e8a40f5c/elements - {"using":"xpath","value":"//button[@data-kt=\"addButton\"]"}
RESULT: {"using":"xpath","value":"//button[@data-kt=\"addButton\"]"}
COMMAND: POST /session/238fc7fdfbc7ddd3047b28b6e8a40f5c/elements - {"using":"xpath","value":"//button[@data-kt=\"addButton\"]"}
RESULT: {"using":"xpath","value":"//button[@data-kt=\"addButton\"]"}
COMMAND: POST /session/238fc7fdfbc7ddd3047b28b6e8a40f5c/elements - {"using":"xpath","value":"//button[@data-kt=\"addButton\"]"}
RESULT: {"using":"xpath","value":"//button[@data-kt=\"addButton\"]"}
COMMAND: POST /session/238fc7fdfbc7ddd3047b28b6e8a40f5c/elements - {"using":"xpath","value":"//button[@data-kt=\"addButton\"]"}
RESULT: {"using":"xpath","value":"//button[@data-kt=\"addButton\"]"}
COMMAND: POST /session/238fc7fdfbc7ddd3047b28b6e8a40f5c/elements - {"using":"xpath","value":"//button[@data-kt=\"addButton\"]"}
RESULT: {"using":"xpath","value":"//button[@data-kt=\"addButton\"]"}
COMMAND: POST /session/238fc7fdfbc7ddd3047b28b6e8a40f5c/elements - {"using":"xpath","value":"//button[@data-kt=\"addButton\"]"}
RESULT: {"using":"xpath","value":"//button[@data-kt=\"addButton\"]"}
COMMAND: POST /session/238fc7fdfbc7ddd3047b28b6e8a40f5c/elements - {"using":"xpath","value":"//button[@data-kt=\"addButton\"]"}
RESULT: {"using":"xpath","value":"//button[@data-kt=\"addButton\"]"}
COMMAND: POST /session/238fc7fdfbc7ddd3047b28b6e8a40f5c/elements - {"using":"xpath","value":"//button[@data-kt=\"addButton\"]"}
RESULT: {"using":"xpath","value":"//button[@data-kt=\"addButton\"]"}
COMMAND: POST /session/238fc7fdfbc7ddd3047b28b6e8a40f5c/elements - {"using":"xpath","value":"//button[@data-kt=\"addButton\"]"}
RESULT: {"using":"xpath","value":"//button[@data-kt=\"addButton\"]"}
COMMAND: POST /session/238fc7fdfbc7ddd3047b28b6e8a40f5c/elements - {"using":"xpath","value":"//button[@data-kt=\"addButton\"]"}
RESULT: {"using":"xpath","value":"//button[@data-kt=\"addButton\"]"}
COMMAND: POST /session/238fc7fdfbc7ddd3047b28b6e8a40f5c/elements - {"using":"xpath","value":"//button[@data-kt=\"addButton\"]"}
RESULT: {"using":"xpath","value":"//button[@data-kt=\"addButton\"]"}
COMMAND: POST /session/238fc7fdfbc7ddd3047b28b6e8a40f5c/elements - {"using":"xpath","value":"//button[@data-kt=\"addButton\"]"}
RESULT: {"using":"xpath","value":"//button[@data-kt=\"addButton\"]"}
COMMAND: POST /session/238fc7fdfbc7ddd3047b28b6e8a40f5c/elements - {"using":"xpath","value":"//button[@data-kt=\"addButton\"]"}
RESULT: {"using":"xpath","value":"//button[@data-kt=\"addButton\"]"}
COMMAND: POST /session/238fc7fdfbc7ddd3047b28b6e8a40f5c/elements - {"using":"xpath","value":"//button[@data-kt=\"addButton\"]"}
RESULT: {"using":"xpath","value":"//button[@data-kt=\"addButton\"]"}
COMMAND: POST /session/238fc7fdfbc7ddd3047b28b6e8a40f5c/elements - {"using":"xpath","value":"//button[@data-kt=\"addButton\"]"}
RESULT: {"using":"xpath","value":"//button[@data-kt=\"addButton\"]"}
COMMAND: POST /session/238fc7fdfbc7ddd3047b28b6e8a40f5c/elements - {"using":"xpath","value":"//button[@data-kt=\"addButton\"]"}
RESULT: {"using":"xpath","value":"//button[@data-kt=\"addButton\"]"}
COMMAND: POST /session/238fc7fdfbc7ddd3047b28b6e8a40f5c/elements - {"using":"xpath","value":"//button[@data-kt=\"addButton\"]"}
COMMAND: GET /session/238fc7fdfbc7ddd3047b28b6e8a40f5c/screenshot - {}
RESULT: {"using":"xpath","value":"//button[@data-kt=\"addButton\"]"}
RESULT: {}
]]></system-out>
      <system-err><![CDATA[
Error: element ("//button[@data-kt="addButton"]") still not existing after 45000ms
    at async UtilsPrerequisites.partnerCreation (D:\a\1\s\test\specs\BTS\prerequisites-and-utils-functions.js:387:9)
    at async Context.<anonymous> (D:\a\1\s\test\specs\BTS\manage-partners.spec.js:355:44)
]]></system-err>
    </testcase>
    <testcase classname="chrome.136_0_7103_49.windows.Partner_specific_tests_US150819_US151080_US151654_US151176_US103444_US151078_US151079_US151109_US151174_US151175_US151189" name="Should create a new intracompany partner edit some of its fields US151079" time="86.815">
      <skipped />
      <system-out><![CDATA[
COMMAND: GET /session/238fc7fdfbc7ddd3047b28b6e8a40f5c/screenshot - {}
COMMAND: POST /session/238fc7fdfbc7ddd3047b28b6e8a40f5c/element - {"using":"xpath","value":"//li[.//span[text()=\"Manage Partners\"]]"}
RESULT: {"using":"xpath","value":"//li[.//span[text()=\"Manage Partners\"]]"}
COMMAND: POST /session/238fc7fdfbc7ddd3047b28b6e8a40f5c/element - {"using":"xpath","value":"//li[.//span[text()=\"Manage Partners\"]]"}
RESULT: {}
RESULT: {"using":"xpath","value":"//li[.//span[text()=\"Manage Partners\"]]"}
COMMAND: POST /session/238fc7fdfbc7ddd3047b28b6e8a40f5c/element - {"using":"css selector","value":"#shell-header-logo"}
RESULT: {"using":"css selector","value":"#shell-header-logo"}
COMMAND: POST /session/238fc7fdfbc7ddd3047b28b6e8a40f5c/elements - {"using":"css selector","value":"#shell-header-logo"}
COMMAND: POST /session/238fc7fdfbc7ddd3047b28b6e8a40f5c/element - {"using":"css selector","value":"#shell-header-logo"}
RESULT: {"using":"css selector","value":"#shell-header-logo"}
RESULT: {"using":"css selector","value":"#shell-header-logo"}
COMMAND: POST /session/238fc7fdfbc7ddd3047b28b6e8a40f5c/elements - {"using":"css selector","value":"#shell-header-logo"}
RESULT: {"using":"css selector","value":"#shell-header-logo"}
COMMAND: POST /session/238fc7fdfbc7ddd3047b28b6e8a40f5c/elements - {"using":"css selector","value":"#shell-header-logo"}
RESULT: {"using":"css selector","value":"#shell-header-logo"}
COMMAND: POST /session/238fc7fdfbc7ddd3047b28b6e8a40f5c/elements - {"using":"css selector","value":"#shell-header-logo"}
RESULT: {"using":"css selector","value":"#shell-header-logo"}
COMMAND: POST /session/238fc7fdfbc7ddd3047b28b6e8a40f5c/elements - {"using":"css selector","value":"#shell-header-logo"}
RESULT: {"using":"css selector","value":"#shell-header-logo"}
COMMAND: POST /session/238fc7fdfbc7ddd3047b28b6e8a40f5c/elements - {"using":"css selector","value":"#shell-header-logo"}
RESULT: {"using":"css selector","value":"#shell-header-logo"}
COMMAND: POST /session/238fc7fdfbc7ddd3047b28b6e8a40f5c/elements - {"using":"css selector","value":"#shell-header-logo"}
RESULT: {"using":"css selector","value":"#shell-header-logo"}
COMMAND: POST /session/238fc7fdfbc7ddd3047b28b6e8a40f5c/elements - {"using":"css selector","value":"#shell-header-logo"}
RESULT: {"using":"css selector","value":"#shell-header-logo"}
COMMAND: POST /session/238fc7fdfbc7ddd3047b28b6e8a40f5c/elements - {"using":"css selector","value":"#shell-header-logo"}
RESULT: {"using":"css selector","value":"#shell-header-logo"}
COMMAND: POST /session/238fc7fdfbc7ddd3047b28b6e8a40f5c/elements - {"using":"css selector","value":"#shell-header-logo"}
RESULT: {"using":"css selector","value":"#shell-header-logo"}
COMMAND: POST /session/238fc7fdfbc7ddd3047b28b6e8a40f5c/elements - {"using":"css selector","value":"#shell-header-logo"}
RESULT: {"using":"css selector","value":"#shell-header-logo"}
COMMAND: POST /session/238fc7fdfbc7ddd3047b28b6e8a40f5c/elements - {"using":"css selector","value":"#shell-header-logo"}
RESULT: {"using":"css selector","value":"#shell-header-logo"}
COMMAND: POST /session/238fc7fdfbc7ddd3047b28b6e8a40f5c/elements - {"using":"css selector","value":"#shell-header-logo"}
RESULT: {"using":"css selector","value":"#shell-header-logo"}
COMMAND: POST /session/238fc7fdfbc7ddd3047b28b6e8a40f5c/elements - {"using":"css selector","value":"#shell-header-logo"}
RESULT: {"using":"css selector","value":"#shell-header-logo"}
COMMAND: POST /session/238fc7fdfbc7ddd3047b28b6e8a40f5c/elements - {"using":"css selector","value":"#shell-header-logo"}
RESULT: {"using":"css selector","value":"#shell-header-logo"}
COMMAND: POST /session/238fc7fdfbc7ddd3047b28b6e8a40f5c/elements - {"using":"css selector","value":"#shell-header-logo"}
RESULT: {"using":"css selector","value":"#shell-header-logo"}
COMMAND: POST /session/238fc7fdfbc7ddd3047b28b6e8a40f5c/elements - {"using":"css selector","value":"#shell-header-logo"}
RESULT: {"using":"css selector","value":"#shell-header-logo"}
COMMAND: POST /session/238fc7fdfbc7ddd3047b28b6e8a40f5c/elements - {"using":"css selector","value":"#shell-header-logo"}
RESULT: {"using":"css selector","value":"#shell-header-logo"}
COMMAND: POST /session/238fc7fdfbc7ddd3047b28b6e8a40f5c/elements - {"using":"css selector","value":"#shell-header-logo"}
RESULT: {"using":"css selector","value":"#shell-header-logo"}
COMMAND: POST /session/238fc7fdfbc7ddd3047b28b6e8a40f5c/elements - {"using":"css selector","value":"#shell-header-logo"}
RESULT: {"using":"css selector","value":"#shell-header-logo"}
COMMAND: POST /session/238fc7fdfbc7ddd3047b28b6e8a40f5c/refresh - {}
COMMAND: POST /session/238fc7fdfbc7ddd3047b28b6e8a40f5c/elements - {"using":"css selector","value":"#shell-header-logo"}
RESULT: {}
COMMAND: GET /session/238fc7fdfbc7ddd3047b28b6e8a40f5c/screenshot - {}
RESULT: {"using":"css selector","value":"#shell-header-logo"}
RESULT: {}
COMMAND: POST /session/238fc7fdfbc7ddd3047b28b6e8a40f5c/elements - {"using":"css selector","value":"#shell-header-logo"}
RESULT: {"using":"css selector","value":"#shell-header-logo"}
COMMAND: POST /session/238fc7fdfbc7ddd3047b28b6e8a40f5c/elements - {"using":"css selector","value":"#shell-header-logo"}
RESULT: {"using":"css selector","value":"#shell-header-logo"}
COMMAND: POST /session/238fc7fdfbc7ddd3047b28b6e8a40f5c/elements - {"using":"css selector","value":"#shell-header-logo"}
RESULT: {"using":"css selector","value":"#shell-header-logo"}
COMMAND: POST /session/238fc7fdfbc7ddd3047b28b6e8a40f5c/elements - {"using":"css selector","value":"#shell-header-logo"}
RESULT: {"using":"css selector","value":"#shell-header-logo"}
COMMAND: POST /session/238fc7fdfbc7ddd3047b28b6e8a40f5c/elements - {"using":"css selector","value":"#shell-header-logo"}
RESULT: {"using":"css selector","value":"#shell-header-logo"}
COMMAND: POST /session/238fc7fdfbc7ddd3047b28b6e8a40f5c/elements - {"using":"css selector","value":"#shell-header-logo"}
RESULT: {"using":"css selector","value":"#shell-header-logo"}
COMMAND: POST /session/238fc7fdfbc7ddd3047b28b6e8a40f5c/elements - {"using":"css selector","value":"#shell-header-logo"}
RESULT: {"using":"css selector","value":"#shell-header-logo"}
COMMAND: POST /session/238fc7fdfbc7ddd3047b28b6e8a40f5c/elements - {"using":"css selector","value":"#shell-header-logo"}
RESULT: {"using":"css selector","value":"#shell-header-logo"}
COMMAND: POST /session/238fc7fdfbc7ddd3047b28b6e8a40f5c/elements - {"using":"css selector","value":"#shell-header-logo"}
RESULT: {"using":"css selector","value":"#shell-header-logo"}
COMMAND: POST /session/238fc7fdfbc7ddd3047b28b6e8a40f5c/elements - {"using":"css selector","value":"#shell-header-logo"}
RESULT: {"using":"css selector","value":"#shell-header-logo"}
COMMAND: POST /session/238fc7fdfbc7ddd3047b28b6e8a40f5c/elements - {"using":"css selector","value":"#shell-header-logo"}
RESULT: {"using":"css selector","value":"#shell-header-logo"}
COMMAND: POST /session/238fc7fdfbc7ddd3047b28b6e8a40f5c/elements - {"using":"css selector","value":"#shell-header-logo"}
RESULT: {"using":"css selector","value":"#shell-header-logo"}
COMMAND: POST /session/238fc7fdfbc7ddd3047b28b6e8a40f5c/elements - {"using":"css selector","value":"#shell-header-logo"}
RESULT: {"using":"css selector","value":"#shell-header-logo"}
COMMAND: POST /session/238fc7fdfbc7ddd3047b28b6e8a40f5c/elements - {"using":"css selector","value":"#shell-header-logo"}
RESULT: {"using":"css selector","value":"#shell-header-logo"}
COMMAND: POST /session/238fc7fdfbc7ddd3047b28b6e8a40f5c/elements - {"using":"css selector","value":"#shell-header-logo"}
RESULT: {"using":"css selector","value":"#shell-header-logo"}
COMMAND: POST /session/238fc7fdfbc7ddd3047b28b6e8a40f5c/elements - {"using":"css selector","value":"#shell-header-logo"}
RESULT: {"using":"css selector","value":"#shell-header-logo"}
COMMAND: POST /session/238fc7fdfbc7ddd3047b28b6e8a40f5c/elements - {"using":"css selector","value":"#shell-header-logo"}
RESULT: {"using":"css selector","value":"#shell-header-logo"}
COMMAND: POST /session/238fc7fdfbc7ddd3047b28b6e8a40f5c/elements - {"using":"css selector","value":"#shell-header-logo"}
RESULT: {"using":"css selector","value":"#shell-header-logo"}
COMMAND: POST /session/238fc7fdfbc7ddd3047b28b6e8a40f5c/elements - {"using":"css selector","value":"#shell-header-logo"}
RESULT: {"using":"css selector","value":"#shell-header-logo"}
COMMAND: POST /session/238fc7fdfbc7ddd3047b28b6e8a40f5c/elements - {"using":"css selector","value":"#shell-header-logo"}
RESULT: {"using":"css selector","value":"#shell-header-logo"}
COMMAND: POST /session/238fc7fdfbc7ddd3047b28b6e8a40f5c/refresh - {}
COMMAND: POST /session/238fc7fdfbc7ddd3047b28b6e8a40f5c/elements - {"using":"css selector","value":"#shell-header-logo"}
RESULT: {}
COMMAND: GET /session/238fc7fdfbc7ddd3047b28b6e8a40f5c/screenshot - {}
RESULT: {"using":"css selector","value":"#shell-header-logo"}
RESULT: {}
COMMAND: POST /session/238fc7fdfbc7ddd3047b28b6e8a40f5c/elements - {"using":"css selector","value":"#shell-header-logo"}
RESULT: {"using":"css selector","value":"#shell-header-logo"}
COMMAND: POST /session/238fc7fdfbc7ddd3047b28b6e8a40f5c/elements - {"using":"css selector","value":"#shell-header-logo"}
RESULT: {"using":"css selector","value":"#shell-header-logo"}
COMMAND: POST /session/238fc7fdfbc7ddd3047b28b6e8a40f5c/elements - {"using":"css selector","value":"#shell-header-logo"}
RESULT: {"using":"css selector","value":"#shell-header-logo"}
COMMAND: POST /session/238fc7fdfbc7ddd3047b28b6e8a40f5c/elements - {"using":"css selector","value":"#shell-header-logo"}
RESULT: {"using":"css selector","value":"#shell-header-logo"}
COMMAND: POST /session/238fc7fdfbc7ddd3047b28b6e8a40f5c/elements - {"using":"css selector","value":"#shell-header-logo"}
RESULT: {"using":"css selector","value":"#shell-header-logo"}
COMMAND: POST /session/238fc7fdfbc7ddd3047b28b6e8a40f5c/elements - {"using":"css selector","value":"#shell-header-logo"}
RESULT: {"using":"css selector","value":"#shell-header-logo"}
COMMAND: POST /session/238fc7fdfbc7ddd3047b28b6e8a40f5c/elements - {"using":"css selector","value":"#shell-header-logo"}
RESULT: {"using":"css selector","value":"#shell-header-logo"}
COMMAND: POST /session/238fc7fdfbc7ddd3047b28b6e8a40f5c/elements - {"using":"css selector","value":"#shell-header-logo"}
RESULT: {"using":"css selector","value":"#shell-header-logo"}
COMMAND: POST /session/238fc7fdfbc7ddd3047b28b6e8a40f5c/elements - {"using":"css selector","value":"#shell-header-logo"}
RESULT: {"using":"css selector","value":"#shell-header-logo"}
COMMAND: POST /session/238fc7fdfbc7ddd3047b28b6e8a40f5c/elements - {"using":"css selector","value":"#shell-header-logo"}
RESULT: {"using":"css selector","value":"#shell-header-logo"}
COMMAND: POST /session/238fc7fdfbc7ddd3047b28b6e8a40f5c/elements - {"using":"css selector","value":"#shell-header-logo"}
RESULT: {"using":"css selector","value":"#shell-header-logo"}
COMMAND: POST /session/238fc7fdfbc7ddd3047b28b6e8a40f5c/elements - {"using":"css selector","value":"#shell-header-logo"}
RESULT: {"using":"css selector","value":"#shell-header-logo"}
COMMAND: POST /session/238fc7fdfbc7ddd3047b28b6e8a40f5c/elements - {"using":"css selector","value":"#shell-header-logo"}
RESULT: {"using":"css selector","value":"#shell-header-logo"}
COMMAND: POST /session/238fc7fdfbc7ddd3047b28b6e8a40f5c/elements - {"using":"css selector","value":"#shell-header-logo"}
RESULT: {"using":"css selector","value":"#shell-header-logo"}
COMMAND: POST /session/238fc7fdfbc7ddd3047b28b6e8a40f5c/elements - {"using":"css selector","value":"#shell-header-logo"}
RESULT: {"using":"css selector","value":"#shell-header-logo"}
COMMAND: POST /session/238fc7fdfbc7ddd3047b28b6e8a40f5c/elements - {"using":"css selector","value":"#shell-header-logo"}
RESULT: {"using":"css selector","value":"#shell-header-logo"}
COMMAND: POST /session/238fc7fdfbc7ddd3047b28b6e8a40f5c/elements - {"using":"css selector","value":"#shell-header-logo"}
RESULT: {"using":"css selector","value":"#shell-header-logo"}
COMMAND: POST /session/238fc7fdfbc7ddd3047b28b6e8a40f5c/elements - {"using":"css selector","value":"#shell-header-logo"}
RESULT: {"using":"css selector","value":"#shell-header-logo"}
COMMAND: POST /session/238fc7fdfbc7ddd3047b28b6e8a40f5c/elements - {"using":"css selector","value":"#shell-header-logo"}
RESULT: {"using":"css selector","value":"#shell-header-logo"}
COMMAND: POST /session/238fc7fdfbc7ddd3047b28b6e8a40f5c/elements - {"using":"css selector","value":"#shell-header-logo"}
RESULT: {"using":"css selector","value":"#shell-header-logo"}
COMMAND: POST /session/238fc7fdfbc7ddd3047b28b6e8a40f5c/window/fullscreen - {}
RESULT: {}
COMMAND: POST /session/238fc7fdfbc7ddd3047b28b6e8a40f5c/elements - {"using":"css selector","value":"#shell-header-logo"}
RESULT: {"using":"css selector","value":"#shell-header-logo"}
COMMAND: POST /session/238fc7fdfbc7ddd3047b28b6e8a40f5c/elements - {"using":"css selector","value":"#shell-header-logo"}
RESULT: {"using":"css selector","value":"#shell-header-logo"}
COMMAND: POST /session/238fc7fdfbc7ddd3047b28b6e8a40f5c/elements - {"using":"css selector","value":"#shell-header-logo"}
RESULT: {"using":"css selector","value":"#shell-header-logo"}
COMMAND: POST /session/238fc7fdfbc7ddd3047b28b6e8a40f5c/elements - {"using":"css selector","value":"#shell-header-logo"}
RESULT: {"using":"css selector","value":"#shell-header-logo"}
COMMAND: POST /session/238fc7fdfbc7ddd3047b28b6e8a40f5c/elements - {"using":"css selector","value":"#shell-header-logo"}
RESULT: {"using":"css selector","value":"#shell-header-logo"}
COMMAND: POST /session/238fc7fdfbc7ddd3047b28b6e8a40f5c/elements - {"using":"css selector","value":"#shell-header-logo"}
RESULT: {"using":"css selector","value":"#shell-header-logo"}
COMMAND: POST /session/238fc7fdfbc7ddd3047b28b6e8a40f5c/elements - {"using":"css selector","value":"#shell-header-logo"}
RESULT: {"using":"css selector","value":"#shell-header-logo"}
COMMAND: POST /session/238fc7fdfbc7ddd3047b28b6e8a40f5c/elements - {"using":"css selector","value":"#shell-header-logo"}
RESULT: {"using":"css selector","value":"#shell-header-logo"}
COMMAND: POST /session/238fc7fdfbc7ddd3047b28b6e8a40f5c/elements - {"using":"css selector","value":"#shell-header-logo"}
RESULT: {"using":"css selector","value":"#shell-header-logo"}
COMMAND: POST /session/238fc7fdfbc7ddd3047b28b6e8a40f5c/elements - {"using":"css selector","value":"#shell-header-logo"}
RESULT: {"using":"css selector","value":"#shell-header-logo"}
COMMAND: POST /session/238fc7fdfbc7ddd3047b28b6e8a40f5c/execute/async - {"script":"<script> [189 bytes]","args":[]}
RESULT: {"script":"<script> [189 bytes]","args":[]}
COMMAND: POST /session/238fc7fdfbc7ddd3047b28b6e8a40f5c/execute/async - {"script":"<script> [123 bytes]","args":[]}
RESULT: {"script":"<script> [123 bytes]","args":[]}
COMMAND: POST /session/238fc7fdfbc7ddd3047b28b6e8a40f5c/timeouts - {"script":"<number>"}
RESULT: {"script":"<number>"}
COMMAND: GET /session/238fc7fdfbc7ddd3047b28b6e8a40f5c/timeouts - {}
RESULT: {}
RESULT: undefined
COMMAND: POST /session/238fc7fdfbc7ddd3047b28b6e8a40f5c/execute/async - {"script":"<script> [2676 bytes]","args":[]}
RESULT: {"script":"<script> [2676 bytes]","args":[]}
COMMAND: POST /session/238fc7fdfbc7ddd3047b28b6e8a40f5c/execute/async - {"script":"<script> [2342 bytes]","args":[{"protocol":"http","hostname":"0.0.0.0","path":"/","capabilities":{"browserName":"chrome","goog:chromeOptions":{"binary":"C:\\Program Files\\Google\\Chrome\\Application\\chrome.exe","args":["--start-maximized"]}},"logLevel":"warn","connectionRetryTimeout":120000,"connectionRetryCount":3,"logLevels":{},"enableDirectConnect":true,"strictSSL":true,"_":"65 more keys: [\"cacheDir\",\"port\",\"requestedCapabilities\",\"automationProtocol\",\"baseUrl\",\"waitforInterval\",\"waitforTimeout\",\"onReload\",\"beforeCommand\",\"afterCommand\",\"rootDir\",\"specs\",\"suites\",\"exclude\",\"groupLogsByTestSpec\",\"excludeDriverLogs\",\"bail\",\"framework\",\"reporters\",\"services\",\"maxInstances\",\"maxInstancesPerCapability\",\"injectGlobals\",\"filesToWatch\",\"execArgv\",\"runnerEnv\",\"runner\",\"shard\",\"specFileRetries\",\"specFileRetriesDelay\",\"specFileRetriesDeferred\",\"reporterSyncInterval\",\"reporterSyncTimeout\",\"cucumberFeaturesWithLineNumbers\",\"autoCompileOpts\",\"mochaOpts\",\"jasmineOpts\",\"cucumberOpts\",\"onPrepare\",\"onWorkerStart\",\"onWorkerEnd\",\"before\",\"beforeSession\",\"beforeSuite\",\"beforeHook\",\"beforeTest\",\"afterTest\",\"afterHook\",\"afterSuite\",\"afterSession\",\"after\",\"onComplete\",\"beforeAssertion\",\"afterAssertion\",\"beforeFeature\",\"beforeScenario\",\"beforeStep\",\"afterStep\",\"afterScenario\",\"afterFeature\",\"_\",\"suite\",\"$0\",\"ignoredWorkerServices\",\"wdi5\"]"}]}
RESULT: {"script":"<script> [2342 bytes]","args":[{"protocol":"http","hostname":"0.0.0.0","path":"/","capabilities":{"browserName":"chrome","goog:chromeOptions":{"binary":"C:\\Program Files\\Google\\Chrome\\Application\\chrome.exe","args":["--start-maximized"]}},"logLevel":"warn","connectionRetryTimeout":120000,"connectionRetryCount":3,"logLevels":{},"enableDirectConnect":true,"strictSSL":true,"_":"65 more keys: [\"cacheDir\",\"port\",\"requestedCapabilities\",\"automationProtocol\",\"baseUrl\",\"waitforInterval\",\"waitforTimeout\",\"onReload\",\"beforeCommand\",\"afterCommand\",\"rootDir\",\"specs\",\"suites\",\"exclude\",\"groupLogsByTestSpec\",\"excludeDriverLogs\",\"bail\",\"framework\",\"reporters\",\"services\",\"maxInstances\",\"maxInstancesPerCapability\",\"injectGlobals\",\"filesToWatch\",\"execArgv\",\"runnerEnv\",\"runner\",\"shard\",\"specFileRetries\",\"specFileRetriesDelay\",\"specFileRetriesDeferred\",\"reporterSyncInterval\",\"reporterSyncTimeout\",\"cucumberFeaturesWithLineNumbers\",\"autoCompileOpts\",\"mochaOpts\",\"jasmineOpts\",\"cucumberOpts\",\"onPrepare\",\"onWorkerStart\",\"onWorkerEnd\",\"before\",\"beforeSession\",\"beforeSuite\",\"beforeHook\",\"beforeTest\",\"afterTest\",\"afterHook\",\"afterSuite\",\"afterSession\",\"after\",\"onComplete\",\"beforeAssertion\",\"afterAssertion\",\"beforeFeature\",\"beforeScenario\",\"beforeStep\",\"afterStep\",\"afterScenario\",\"afterFeature\",\"_\",\"suite\",\"$0\",\"ignoredWorkerServices\",\"wdi5\"]"}]}
COMMAND: POST /session/238fc7fdfbc7ddd3047b28b6e8a40f5c/execute/async - {"script":"<script> [21126 bytes]","args":[35000]}
RESULT: {"script":"<script> [21126 bytes]","args":[35000]}
COMMAND: POST /session/238fc7fdfbc7ddd3047b28b6e8a40f5c/elements - {"using":"css selector","value":"#shell-header-logo"}
RESULT: {"using":"css selector","value":"#shell-header-logo"}
COMMAND: POST /session/238fc7fdfbc7ddd3047b28b6e8a40f5c/elements - {"using":"css selector","value":"#shell-header-logo"}
RESULT: {"using":"css selector","value":"#shell-header-logo"}
COMMAND: POST /session/238fc7fdfbc7ddd3047b28b6e8a40f5c/elements - {"using":"css selector","value":"#shell-header-logo"}
RESULT: {"using":"css selector","value":"#shell-header-logo"}
COMMAND: POST /session/238fc7fdfbc7ddd3047b28b6e8a40f5c/elements - {"using":"css selector","value":"#shell-header-logo"}
RESULT: {"using":"css selector","value":"#shell-header-logo"}
COMMAND: POST /session/238fc7fdfbc7ddd3047b28b6e8a40f5c/elements - {"using":"css selector","value":"#shell-header-logo"}
RESULT: {"using":"css selector","value":"#shell-header-logo"}
COMMAND: POST /session/238fc7fdfbc7ddd3047b28b6e8a40f5c/elements - {"using":"css selector","value":"#shell-header-logo"}
RESULT: {"using":"css selector","value":"#shell-header-logo"}
COMMAND: POST /session/238fc7fdfbc7ddd3047b28b6e8a40f5c/elements - {"using":"css selector","value":"#shell-header-logo"}
RESULT: {"using":"css selector","value":"#shell-header-logo"}
COMMAND: POST /session/238fc7fdfbc7ddd3047b28b6e8a40f5c/elements - {"using":"css selector","value":"#shell-header-logo"}
RESULT: {"using":"css selector","value":"#shell-header-logo"}
COMMAND: POST /session/238fc7fdfbc7ddd3047b28b6e8a40f5c/elements - {"using":"css selector","value":"#shell-header-logo"}
RESULT: {"using":"css selector","value":"#shell-header-logo"}
COMMAND: POST /session/238fc7fdfbc7ddd3047b28b6e8a40f5c/elements - {"using":"css selector","value":"#shell-header-logo"}
RESULT: {"using":"css selector","value":"#shell-header-logo"}
COMMAND: POST /session/238fc7fdfbc7ddd3047b28b6e8a40f5c/window/fullscreen - {}
RESULT: {}
COMMAND: POST /session/238fc7fdfbc7ddd3047b28b6e8a40f5c/window/fullscreen - {}
RESULT: {}
COMMAND: POST /session/238fc7fdfbc7ddd3047b28b6e8a40f5c/execute/async - {"script":"<script> [1562 bytes]","args":[{"selector":{"controlType":"sap.m.GenericTile","properties":{"header":"Manage Partners"}},"wdio_ui5_key":"sapm.GenericTile{\"header\":\"Manage Partners\"}"}]}
COMMAND: POST /session/238fc7fdfbc7ddd3047b28b6e8a40f5c/elements - {"using":"css selector","value":"#shell-header-logo"}
RESULT: {"script":"<script> [1562 bytes]","args":[{"selector":{"controlType":"sap.m.GenericTile","properties":{"header":"Manage Partners"}},"wdio_ui5_key":"sapm.GenericTile{\"header\":\"Manage Partners\"}"}]}
RESULT: undefined
COMMAND: POST /session/238fc7fdfbc7ddd3047b28b6e8a40f5c/element - {"using":"xpath","value":"//button[@data-kt=\"addButton\"]"}
RESULT: {"using":"css selector","value":"#shell-header-logo"}
RESULT: {"using":"xpath","value":"//button[@data-kt=\"addButton\"]"}
COMMAND: POST /session/238fc7fdfbc7ddd3047b28b6e8a40f5c/elements - {"using":"xpath","value":"//button[@data-kt=\"addButton\"]"}
RESULT: {"using":"xpath","value":"//button[@data-kt=\"addButton\"]"}
COMMAND: POST /session/238fc7fdfbc7ddd3047b28b6e8a40f5c/elements - {"using":"css selector","value":"#shell-header-logo"}
RESULT: {"using":"css selector","value":"#shell-header-logo"}
COMMAND: POST /session/238fc7fdfbc7ddd3047b28b6e8a40f5c/elements - {"using":"xpath","value":"//button[@data-kt=\"addButton\"]"}
RESULT: {"using":"xpath","value":"//button[@data-kt=\"addButton\"]"}
COMMAND: POST /session/238fc7fdfbc7ddd3047b28b6e8a40f5c/elements - {"using":"css selector","value":"#shell-header-logo"}
RESULT: {"using":"css selector","value":"#shell-header-logo"}
COMMAND: POST /session/238fc7fdfbc7ddd3047b28b6e8a40f5c/elements - {"using":"xpath","value":"//button[@data-kt=\"addButton\"]"}
RESULT: {"using":"xpath","value":"//button[@data-kt=\"addButton\"]"}
COMMAND: POST /session/238fc7fdfbc7ddd3047b28b6e8a40f5c/elements - {"using":"css selector","value":"#shell-header-logo"}
RESULT: {"using":"css selector","value":"#shell-header-logo"}
COMMAND: POST /session/238fc7fdfbc7ddd3047b28b6e8a40f5c/elements - {"using":"xpath","value":"//button[@data-kt=\"addButton\"]"}
RESULT: {"using":"xpath","value":"//button[@data-kt=\"addButton\"]"}
COMMAND: POST /session/238fc7fdfbc7ddd3047b28b6e8a40f5c/elements - {"using":"css selector","value":"#shell-header-logo"}
RESULT: {"using":"css selector","value":"#shell-header-logo"}
COMMAND: POST /session/238fc7fdfbc7ddd3047b28b6e8a40f5c/elements - {"using":"xpath","value":"//button[@data-kt=\"addButton\"]"}
RESULT: {"using":"xpath","value":"//button[@data-kt=\"addButton\"]"}
COMMAND: POST /session/238fc7fdfbc7ddd3047b28b6e8a40f5c/elements - {"using":"css selector","value":"#shell-header-logo"}
RESULT: {"using":"css selector","value":"#shell-header-logo"}
COMMAND: POST /session/238fc7fdfbc7ddd3047b28b6e8a40f5c/elements - {"using":"xpath","value":"//button[@data-kt=\"addButton\"]"}
RESULT: {"using":"xpath","value":"//button[@data-kt=\"addButton\"]"}
COMMAND: POST /session/238fc7fdfbc7ddd3047b28b6e8a40f5c/elements - {"using":"css selector","value":"#shell-header-logo"}
RESULT: {"using":"css selector","value":"#shell-header-logo"}
COMMAND: POST /session/238fc7fdfbc7ddd3047b28b6e8a40f5c/elements - {"using":"xpath","value":"//button[@data-kt=\"addButton\"]"}
RESULT: {"using":"xpath","value":"//button[@data-kt=\"addButton\"]"}
COMMAND: POST /session/238fc7fdfbc7ddd3047b28b6e8a40f5c/elements - {"using":"css selector","value":"#shell-header-logo"}
RESULT: {"using":"css selector","value":"#shell-header-logo"}
COMMAND: POST /session/238fc7fdfbc7ddd3047b28b6e8a40f5c/elements - {"using":"xpath","value":"//button[@data-kt=\"addButton\"]"}
RESULT: {"using":"xpath","value":"//button[@data-kt=\"addButton\"]"}
COMMAND: POST /session/238fc7fdfbc7ddd3047b28b6e8a40f5c/elements - {"using":"css selector","value":"#shell-header-logo"}
RESULT: {"using":"css selector","value":"#shell-header-logo"}
COMMAND: POST /session/238fc7fdfbc7ddd3047b28b6e8a40f5c/elements - {"using":"xpath","value":"//button[@data-kt=\"addButton\"]"}
RESULT: {"using":"xpath","value":"//button[@data-kt=\"addButton\"]"}
COMMAND: POST /session/238fc7fdfbc7ddd3047b28b6e8a40f5c/elements - {"using":"css selector","value":"#shell-header-logo"}
RESULT: {"using":"css selector","value":"#shell-header-logo"}
COMMAND: POST /session/238fc7fdfbc7ddd3047b28b6e8a40f5c/elements - {"using":"xpath","value":"//button[@data-kt=\"addButton\"]"}
RESULT: {"using":"xpath","value":"//button[@data-kt=\"addButton\"]"}
COMMAND: POST /session/238fc7fdfbc7ddd3047b28b6e8a40f5c/elements - {"using":"css selector","value":"#shell-header-logo"}
RESULT: {"using":"css selector","value":"#shell-header-logo"}
COMMAND: POST /session/238fc7fdfbc7ddd3047b28b6e8a40f5c/elements - {"using":"xpath","value":"//button[@data-kt=\"addButton\"]"}
RESULT: {"using":"xpath","value":"//button[@data-kt=\"addButton\"]"}
COMMAND: POST /session/238fc7fdfbc7ddd3047b28b6e8a40f5c/elements - {"using":"css selector","value":"#shell-header-logo"}
RESULT: {"using":"css selector","value":"#shell-header-logo"}
COMMAND: POST /session/238fc7fdfbc7ddd3047b28b6e8a40f5c/elements - {"using":"xpath","value":"//button[@data-kt=\"addButton\"]"}
RESULT: {"using":"xpath","value":"//button[@data-kt=\"addButton\"]"}
COMMAND: POST /session/238fc7fdfbc7ddd3047b28b6e8a40f5c/elements - {"using":"css selector","value":"#shell-header-logo"}
RESULT: {"using":"css selector","value":"#shell-header-logo"}
COMMAND: POST /session/238fc7fdfbc7ddd3047b28b6e8a40f5c/elements - {"using":"xpath","value":"//button[@data-kt=\"addButton\"]"}
RESULT: {"using":"xpath","value":"//button[@data-kt=\"addButton\"]"}
COMMAND: POST /session/238fc7fdfbc7ddd3047b28b6e8a40f5c/elements - {"using":"css selector","value":"#shell-header-logo"}
RESULT: {"using":"css selector","value":"#shell-header-logo"}
COMMAND: POST /session/238fc7fdfbc7ddd3047b28b6e8a40f5c/elements - {"using":"xpath","value":"//button[@data-kt=\"addButton\"]"}
RESULT: {"using":"xpath","value":"//button[@data-kt=\"addButton\"]"}
COMMAND: POST /session/238fc7fdfbc7ddd3047b28b6e8a40f5c/elements - {"using":"css selector","value":"#shell-header-logo"}
RESULT: {"using":"css selector","value":"#shell-header-logo"}
COMMAND: POST /session/238fc7fdfbc7ddd3047b28b6e8a40f5c/elements - {"using":"xpath","value":"//button[@data-kt=\"addButton\"]"}
RESULT: {"using":"xpath","value":"//button[@data-kt=\"addButton\"]"}
COMMAND: POST /session/238fc7fdfbc7ddd3047b28b6e8a40f5c/elements - {"using":"css selector","value":"#shell-header-logo"}
RESULT: {"using":"css selector","value":"#shell-header-logo"}
COMMAND: POST /session/238fc7fdfbc7ddd3047b28b6e8a40f5c/elements - {"using":"xpath","value":"//button[@data-kt=\"addButton\"]"}
RESULT: {"using":"xpath","value":"//button[@data-kt=\"addButton\"]"}
COMMAND: POST /session/238fc7fdfbc7ddd3047b28b6e8a40f5c/elements - {"using":"css selector","value":"#shell-header-logo"}
RESULT: {"using":"css selector","value":"#shell-header-logo"}
COMMAND: POST /session/238fc7fdfbc7ddd3047b28b6e8a40f5c/elements - {"using":"xpath","value":"//button[@data-kt=\"addButton\"]"}
RESULT: {"using":"xpath","value":"//button[@data-kt=\"addButton\"]"}
COMMAND: POST /session/238fc7fdfbc7ddd3047b28b6e8a40f5c/elements - {"using":"css selector","value":"#shell-header-logo"}
RESULT: {"using":"css selector","value":"#shell-header-logo"}
COMMAND: POST /session/238fc7fdfbc7ddd3047b28b6e8a40f5c/elements - {"using":"xpath","value":"//button[@data-kt=\"addButton\"]"}
RESULT: {"using":"xpath","value":"//button[@data-kt=\"addButton\"]"}
COMMAND: POST /session/238fc7fdfbc7ddd3047b28b6e8a40f5c/elements - {"using":"css selector","value":"#shell-header-logo"}
RESULT: {"using":"css selector","value":"#shell-header-logo"}
COMMAND: POST /session/238fc7fdfbc7ddd3047b28b6e8a40f5c/elements - {"using":"xpath","value":"//button[@data-kt=\"addButton\"]"}
RESULT: {"using":"xpath","value":"//button[@data-kt=\"addButton\"]"}
COMMAND: POST /session/238fc7fdfbc7ddd3047b28b6e8a40f5c/elements - {"using":"css selector","value":"#shell-header-logo"}
RESULT: {"using":"css selector","value":"#shell-header-logo"}
COMMAND: POST /session/238fc7fdfbc7ddd3047b28b6e8a40f5c/elements - {"using":"xpath","value":"//button[@data-kt=\"addButton\"]"}
RESULT: {"using":"xpath","value":"//button[@data-kt=\"addButton\"]"}
COMMAND: POST /session/238fc7fdfbc7ddd3047b28b6e8a40f5c/elements - {"using":"css selector","value":"#shell-header-logo"}
RESULT: {"using":"css selector","value":"#shell-header-logo"}
COMMAND: POST /session/238fc7fdfbc7ddd3047b28b6e8a40f5c/elements - {"using":"xpath","value":"//button[@data-kt=\"addButton\"]"}
RESULT: {"using":"xpath","value":"//button[@data-kt=\"addButton\"]"}
COMMAND: POST /session/238fc7fdfbc7ddd3047b28b6e8a40f5c/elements - {"using":"css selector","value":"#shell-header-logo"}
RESULT: {"using":"css selector","value":"#shell-header-logo"}
COMMAND: POST /session/238fc7fdfbc7ddd3047b28b6e8a40f5c/elements - {"using":"xpath","value":"//button[@data-kt=\"addButton\"]"}
RESULT: {"using":"xpath","value":"//button[@data-kt=\"addButton\"]"}
COMMAND: POST /session/238fc7fdfbc7ddd3047b28b6e8a40f5c/elements - {"using":"css selector","value":"#shell-header-logo"}
RESULT: {"using":"css selector","value":"#shell-header-logo"}
COMMAND: POST /session/238fc7fdfbc7ddd3047b28b6e8a40f5c/elements - {"using":"xpath","value":"//button[@data-kt=\"addButton\"]"}
RESULT: {"using":"xpath","value":"//button[@data-kt=\"addButton\"]"}
COMMAND: POST /session/238fc7fdfbc7ddd3047b28b6e8a40f5c/elements - {"using":"css selector","value":"#shell-header-logo"}
RESULT: {"using":"css selector","value":"#shell-header-logo"}
COMMAND: POST /session/238fc7fdfbc7ddd3047b28b6e8a40f5c/elements - {"using":"xpath","value":"//button[@data-kt=\"addButton\"]"}
RESULT: {"using":"xpath","value":"//button[@data-kt=\"addButton\"]"}
COMMAND: POST /session/238fc7fdfbc7ddd3047b28b6e8a40f5c/elements - {"using":"css selector","value":"#shell-header-logo"}
RESULT: {"using":"css selector","value":"#shell-header-logo"}
COMMAND: POST /session/238fc7fdfbc7ddd3047b28b6e8a40f5c/elements - {"using":"xpath","value":"//button[@data-kt=\"addButton\"]"}
RESULT: {"using":"xpath","value":"//button[@data-kt=\"addButton\"]"}
COMMAND: POST /session/238fc7fdfbc7ddd3047b28b6e8a40f5c/elements - {"using":"css selector","value":"#shell-header-logo"}
RESULT: {"using":"css selector","value":"#shell-header-logo"}
COMMAND: POST /session/238fc7fdfbc7ddd3047b28b6e8a40f5c/elements - {"using":"xpath","value":"//button[@data-kt=\"addButton\"]"}
RESULT: {"using":"xpath","value":"//button[@data-kt=\"addButton\"]"}
COMMAND: POST /session/238fc7fdfbc7ddd3047b28b6e8a40f5c/elements - {"using":"css selector","value":"#shell-header-logo"}
RESULT: {"using":"css selector","value":"#shell-header-logo"}
COMMAND: POST /session/238fc7fdfbc7ddd3047b28b6e8a40f5c/elements - {"using":"xpath","value":"//button[@data-kt=\"addButton\"]"}
RESULT: {"using":"xpath","value":"//button[@data-kt=\"addButton\"]"}
COMMAND: POST /session/238fc7fdfbc7ddd3047b28b6e8a40f5c/elements - {"using":"css selector","value":"#shell-header-logo"}
RESULT: {"using":"css selector","value":"#shell-header-logo"}
COMMAND: POST /session/238fc7fdfbc7ddd3047b28b6e8a40f5c/elements - {"using":"xpath","value":"//button[@data-kt=\"addButton\"]"}
RESULT: {"using":"xpath","value":"//button[@data-kt=\"addButton\"]"}
COMMAND: POST /session/238fc7fdfbc7ddd3047b28b6e8a40f5c/elements - {"using":"css selector","value":"#shell-header-logo"}
RESULT: {"using":"css selector","value":"#shell-header-logo"}
COMMAND: POST /session/238fc7fdfbc7ddd3047b28b6e8a40f5c/elements - {"using":"xpath","value":"//button[@data-kt=\"addButton\"]"}
RESULT: {"using":"xpath","value":"//button[@data-kt=\"addButton\"]"}
COMMAND: POST /session/238fc7fdfbc7ddd3047b28b6e8a40f5c/elements - {"using":"css selector","value":"#shell-header-logo"}
RESULT: {"using":"css selector","value":"#shell-header-logo"}
COMMAND: POST /session/238fc7fdfbc7ddd3047b28b6e8a40f5c/elements - {"using":"xpath","value":"//button[@data-kt=\"addButton\"]"}
RESULT: {"using":"xpath","value":"//button[@data-kt=\"addButton\"]"}
COMMAND: POST /session/238fc7fdfbc7ddd3047b28b6e8a40f5c/elements - {"using":"css selector","value":"#shell-header-logo"}
RESULT: {"using":"css selector","value":"#shell-header-logo"}
COMMAND: POST /session/238fc7fdfbc7ddd3047b28b6e8a40f5c/elements - {"using":"xpath","value":"//button[@data-kt=\"addButton\"]"}
RESULT: {"using":"xpath","value":"//button[@data-kt=\"addButton\"]"}
COMMAND: POST /session/238fc7fdfbc7ddd3047b28b6e8a40f5c/elements - {"using":"css selector","value":"#shell-header-logo"}
RESULT: {"using":"css selector","value":"#shell-header-logo"}
COMMAND: POST /session/238fc7fdfbc7ddd3047b28b6e8a40f5c/elements - {"using":"xpath","value":"//button[@data-kt=\"addButton\"]"}
RESULT: {"using":"xpath","value":"//button[@data-kt=\"addButton\"]"}
COMMAND: POST /session/238fc7fdfbc7ddd3047b28b6e8a40f5c/elements - {"using":"css selector","value":"#shell-header-logo"}
RESULT: {"using":"css selector","value":"#shell-header-logo"}
COMMAND: POST /session/238fc7fdfbc7ddd3047b28b6e8a40f5c/elements - {"using":"xpath","value":"//button[@data-kt=\"addButton\"]"}
RESULT: {"using":"xpath","value":"//button[@data-kt=\"addButton\"]"}
COMMAND: POST /session/238fc7fdfbc7ddd3047b28b6e8a40f5c/elements - {"using":"css selector","value":"#shell-header-logo"}
RESULT: {"using":"css selector","value":"#shell-header-logo"}
COMMAND: POST /session/238fc7fdfbc7ddd3047b28b6e8a40f5c/elements - {"using":"xpath","value":"//button[@data-kt=\"addButton\"]"}
RESULT: {"using":"xpath","value":"//button[@data-kt=\"addButton\"]"}
COMMAND: POST /session/238fc7fdfbc7ddd3047b28b6e8a40f5c/elements - {"using":"css selector","value":"#shell-header-logo"}
RESULT: {"using":"css selector","value":"#shell-header-logo"}
COMMAND: POST /session/238fc7fdfbc7ddd3047b28b6e8a40f5c/elements - {"using":"xpath","value":"//button[@data-kt=\"addButton\"]"}
RESULT: {"using":"xpath","value":"//button[@data-kt=\"addButton\"]"}
COMMAND: POST /session/238fc7fdfbc7ddd3047b28b6e8a40f5c/elements - {"using":"css selector","value":"#shell-header-logo"}
RESULT: {"using":"css selector","value":"#shell-header-logo"}
COMMAND: POST /session/238fc7fdfbc7ddd3047b28b6e8a40f5c/elements - {"using":"xpath","value":"//button[@data-kt=\"addButton\"]"}
RESULT: {"using":"xpath","value":"//button[@data-kt=\"addButton\"]"}
COMMAND: POST /session/238fc7fdfbc7ddd3047b28b6e8a40f5c/elements - {"using":"css selector","value":"#shell-header-logo"}
RESULT: {"using":"css selector","value":"#shell-header-logo"}
COMMAND: POST /session/238fc7fdfbc7ddd3047b28b6e8a40f5c/elements - {"using":"xpath","value":"//button[@data-kt=\"addButton\"]"}
RESULT: {"using":"xpath","value":"//button[@data-kt=\"addButton\"]"}
COMMAND: POST /session/238fc7fdfbc7ddd3047b28b6e8a40f5c/elements - {"using":"css selector","value":"#shell-header-logo"}
RESULT: {"using":"css selector","value":"#shell-header-logo"}
COMMAND: POST /session/238fc7fdfbc7ddd3047b28b6e8a40f5c/elements - {"using":"xpath","value":"//button[@data-kt=\"addButton\"]"}
RESULT: {"using":"xpath","value":"//button[@data-kt=\"addButton\"]"}
COMMAND: POST /session/238fc7fdfbc7ddd3047b28b6e8a40f5c/elements - {"using":"css selector","value":"#shell-header-logo"}
RESULT: {"using":"css selector","value":"#shell-header-logo"}
COMMAND: POST /session/238fc7fdfbc7ddd3047b28b6e8a40f5c/elements - {"using":"xpath","value":"//button[@data-kt=\"addButton\"]"}
RESULT: {"using":"xpath","value":"//button[@data-kt=\"addButton\"]"}
COMMAND: POST /session/238fc7fdfbc7ddd3047b28b6e8a40f5c/elements - {"using":"xpath","value":"//button[@data-kt=\"addButton\"]"}
RESULT: {"using":"xpath","value":"//button[@data-kt=\"addButton\"]"}
COMMAND: POST /session/238fc7fdfbc7ddd3047b28b6e8a40f5c/elements - {"using":"xpath","value":"//button[@data-kt=\"addButton\"]"}
RESULT: {"using":"xpath","value":"//button[@data-kt=\"addButton\"]"}
COMMAND: POST /session/238fc7fdfbc7ddd3047b28b6e8a40f5c/elements - {"using":"xpath","value":"//button[@data-kt=\"addButton\"]"}
RESULT: {"using":"xpath","value":"//button[@data-kt=\"addButton\"]"}
COMMAND: POST /session/238fc7fdfbc7ddd3047b28b6e8a40f5c/elements - {"using":"xpath","value":"//button[@data-kt=\"addButton\"]"}
RESULT: {"using":"xpath","value":"//button[@data-kt=\"addButton\"]"}
COMMAND: POST /session/238fc7fdfbc7ddd3047b28b6e8a40f5c/elements - {"using":"xpath","value":"//button[@data-kt=\"addButton\"]"}
RESULT: {"using":"xpath","value":"//button[@data-kt=\"addButton\"]"}
COMMAND: POST /session/238fc7fdfbc7ddd3047b28b6e8a40f5c/elements - {"using":"xpath","value":"//button[@data-kt=\"addButton\"]"}
RESULT: {"using":"xpath","value":"//button[@data-kt=\"addButton\"]"}
COMMAND: POST /session/238fc7fdfbc7ddd3047b28b6e8a40f5c/elements - {"using":"xpath","value":"//button[@data-kt=\"addButton\"]"}
RESULT: {"using":"xpath","value":"//button[@data-kt=\"addButton\"]"}
COMMAND: POST /session/238fc7fdfbc7ddd3047b28b6e8a40f5c/elements - {"using":"xpath","value":"//button[@data-kt=\"addButton\"]"}
RESULT: {"using":"xpath","value":"//button[@data-kt=\"addButton\"]"}
COMMAND: POST /session/238fc7fdfbc7ddd3047b28b6e8a40f5c/elements - {"using":"xpath","value":"//button[@data-kt=\"addButton\"]"}
RESULT: {"using":"xpath","value":"//button[@data-kt=\"addButton\"]"}
COMMAND: POST /session/238fc7fdfbc7ddd3047b28b6e8a40f5c/elements - {"using":"xpath","value":"//button[@data-kt=\"addButton\"]"}
RESULT: {"using":"xpath","value":"//button[@data-kt=\"addButton\"]"}
COMMAND: POST /session/238fc7fdfbc7ddd3047b28b6e8a40f5c/elements - {"using":"xpath","value":"//button[@data-kt=\"addButton\"]"}
RESULT: {"using":"xpath","value":"//button[@data-kt=\"addButton\"]"}
COMMAND: POST /session/238fc7fdfbc7ddd3047b28b6e8a40f5c/elements - {"using":"xpath","value":"//button[@data-kt=\"addButton\"]"}
RESULT: {"using":"xpath","value":"//button[@data-kt=\"addButton\"]"}
COMMAND: POST /session/238fc7fdfbc7ddd3047b28b6e8a40f5c/elements - {"using":"xpath","value":"//button[@data-kt=\"addButton\"]"}
RESULT: {"using":"xpath","value":"//button[@data-kt=\"addButton\"]"}
COMMAND: POST /session/238fc7fdfbc7ddd3047b28b6e8a40f5c/elements - {"using":"xpath","value":"//button[@data-kt=\"addButton\"]"}
RESULT: {"using":"xpath","value":"//button[@data-kt=\"addButton\"]"}
COMMAND: POST /session/238fc7fdfbc7ddd3047b28b6e8a40f5c/elements - {"using":"xpath","value":"//button[@data-kt=\"addButton\"]"}
RESULT: {"using":"xpath","value":"//button[@data-kt=\"addButton\"]"}
COMMAND: POST /session/238fc7fdfbc7ddd3047b28b6e8a40f5c/elements - {"using":"xpath","value":"//button[@data-kt=\"addButton\"]"}
RESULT: {"using":"xpath","value":"//button[@data-kt=\"addButton\"]"}
COMMAND: POST /session/238fc7fdfbc7ddd3047b28b6e8a40f5c/elements - {"using":"xpath","value":"//button[@data-kt=\"addButton\"]"}
RESULT: {"using":"xpath","value":"//button[@data-kt=\"addButton\"]"}
COMMAND: POST /session/238fc7fdfbc7ddd3047b28b6e8a40f5c/elements - {"using":"xpath","value":"//button[@data-kt=\"addButton\"]"}
RESULT: {"using":"xpath","value":"//button[@data-kt=\"addButton\"]"}
COMMAND: POST /session/238fc7fdfbc7ddd3047b28b6e8a40f5c/elements - {"using":"xpath","value":"//button[@data-kt=\"addButton\"]"}
RESULT: {"using":"xpath","value":"//button[@data-kt=\"addButton\"]"}
COMMAND: POST /session/238fc7fdfbc7ddd3047b28b6e8a40f5c/elements - {"using":"xpath","value":"//button[@data-kt=\"addButton\"]"}
RESULT: {"using":"xpath","value":"//button[@data-kt=\"addButton\"]"}
COMMAND: POST /session/238fc7fdfbc7ddd3047b28b6e8a40f5c/elements - {"using":"xpath","value":"//button[@data-kt=\"addButton\"]"}
RESULT: {"using":"xpath","value":"//button[@data-kt=\"addButton\"]"}
COMMAND: POST /session/238fc7fdfbc7ddd3047b28b6e8a40f5c/elements - {"using":"xpath","value":"//button[@data-kt=\"addButton\"]"}
RESULT: {"using":"xpath","value":"//button[@data-kt=\"addButton\"]"}
COMMAND: POST /session/238fc7fdfbc7ddd3047b28b6e8a40f5c/elements - {"using":"xpath","value":"//button[@data-kt=\"addButton\"]"}
RESULT: {"using":"xpath","value":"//button[@data-kt=\"addButton\"]"}
COMMAND: POST /session/238fc7fdfbc7ddd3047b28b6e8a40f5c/elements - {"using":"xpath","value":"//button[@data-kt=\"addButton\"]"}
RESULT: {"using":"xpath","value":"//button[@data-kt=\"addButton\"]"}
COMMAND: POST /session/238fc7fdfbc7ddd3047b28b6e8a40f5c/elements - {"using":"xpath","value":"//button[@data-kt=\"addButton\"]"}
RESULT: {"using":"xpath","value":"//button[@data-kt=\"addButton\"]"}
COMMAND: POST /session/238fc7fdfbc7ddd3047b28b6e8a40f5c/elements - {"using":"xpath","value":"//button[@data-kt=\"addButton\"]"}
RESULT: {"using":"xpath","value":"//button[@data-kt=\"addButton\"]"}
COMMAND: POST /session/238fc7fdfbc7ddd3047b28b6e8a40f5c/elements - {"using":"xpath","value":"//button[@data-kt=\"addButton\"]"}
RESULT: {"using":"xpath","value":"//button[@data-kt=\"addButton\"]"}
COMMAND: POST /session/238fc7fdfbc7ddd3047b28b6e8a40f5c/elements - {"using":"xpath","value":"//button[@data-kt=\"addButton\"]"}
RESULT: {"using":"xpath","value":"//button[@data-kt=\"addButton\"]"}
COMMAND: POST /session/238fc7fdfbc7ddd3047b28b6e8a40f5c/elements - {"using":"xpath","value":"//button[@data-kt=\"addButton\"]"}
RESULT: {"using":"xpath","value":"//button[@data-kt=\"addButton\"]"}
COMMAND: POST /session/238fc7fdfbc7ddd3047b28b6e8a40f5c/elements - {"using":"xpath","value":"//button[@data-kt=\"addButton\"]"}
RESULT: {"using":"xpath","value":"//button[@data-kt=\"addButton\"]"}
COMMAND: POST /session/238fc7fdfbc7ddd3047b28b6e8a40f5c/elements - {"using":"xpath","value":"//button[@data-kt=\"addButton\"]"}
RESULT: {"using":"xpath","value":"//button[@data-kt=\"addButton\"]"}
COMMAND: POST /session/238fc7fdfbc7ddd3047b28b6e8a40f5c/elements - {"using":"xpath","value":"//button[@data-kt=\"addButton\"]"}
RESULT: {"using":"xpath","value":"//button[@data-kt=\"addButton\"]"}
COMMAND: POST /session/238fc7fdfbc7ddd3047b28b6e8a40f5c/elements - {"using":"xpath","value":"//button[@data-kt=\"addButton\"]"}
RESULT: {"using":"xpath","value":"//button[@data-kt=\"addButton\"]"}
COMMAND: POST /session/238fc7fdfbc7ddd3047b28b6e8a40f5c/elements - {"using":"xpath","value":"//button[@data-kt=\"addButton\"]"}
RESULT: {"using":"xpath","value":"//button[@data-kt=\"addButton\"]"}
COMMAND: POST /session/238fc7fdfbc7ddd3047b28b6e8a40f5c/elements - {"using":"xpath","value":"//button[@data-kt=\"addButton\"]"}
RESULT: {"using":"xpath","value":"//button[@data-kt=\"addButton\"]"}
COMMAND: POST /session/238fc7fdfbc7ddd3047b28b6e8a40f5c/elements - {"using":"xpath","value":"//button[@data-kt=\"addButton\"]"}
RESULT: {"using":"xpath","value":"//button[@data-kt=\"addButton\"]"}
COMMAND: POST /session/238fc7fdfbc7ddd3047b28b6e8a40f5c/elements - {"using":"xpath","value":"//button[@data-kt=\"addButton\"]"}
RESULT: {"using":"xpath","value":"//button[@data-kt=\"addButton\"]"}
COMMAND: POST /session/238fc7fdfbc7ddd3047b28b6e8a40f5c/elements - {"using":"xpath","value":"//button[@data-kt=\"addButton\"]"}
RESULT: {"using":"xpath","value":"//button[@data-kt=\"addButton\"]"}
COMMAND: POST /session/238fc7fdfbc7ddd3047b28b6e8a40f5c/elements - {"using":"xpath","value":"//button[@data-kt=\"addButton\"]"}
RESULT: {"using":"xpath","value":"//button[@data-kt=\"addButton\"]"}
COMMAND: POST /session/238fc7fdfbc7ddd3047b28b6e8a40f5c/elements - {"using":"xpath","value":"//button[@data-kt=\"addButton\"]"}
RESULT: {"using":"xpath","value":"//button[@data-kt=\"addButton\"]"}
COMMAND: POST /session/238fc7fdfbc7ddd3047b28b6e8a40f5c/elements - {"using":"xpath","value":"//button[@data-kt=\"addButton\"]"}
RESULT: {"using":"xpath","value":"//button[@data-kt=\"addButton\"]"}
COMMAND: POST /session/238fc7fdfbc7ddd3047b28b6e8a40f5c/elements - {"using":"xpath","value":"//button[@data-kt=\"addButton\"]"}
RESULT: {"using":"xpath","value":"//button[@data-kt=\"addButton\"]"}
COMMAND: POST /session/238fc7fdfbc7ddd3047b28b6e8a40f5c/elements - {"using":"xpath","value":"//button[@data-kt=\"addButton\"]"}
RESULT: {"using":"xpath","value":"//button[@data-kt=\"addButton\"]"}
COMMAND: POST /session/238fc7fdfbc7ddd3047b28b6e8a40f5c/elements - {"using":"xpath","value":"//button[@data-kt=\"addButton\"]"}
RESULT: {"using":"xpath","value":"//button[@data-kt=\"addButton\"]"}
COMMAND: POST /session/238fc7fdfbc7ddd3047b28b6e8a40f5c/elements - {"using":"xpath","value":"//button[@data-kt=\"addButton\"]"}
RESULT: {"using":"xpath","value":"//button[@data-kt=\"addButton\"]"}
COMMAND: POST /session/238fc7fdfbc7ddd3047b28b6e8a40f5c/elements - {"using":"xpath","value":"//button[@data-kt=\"addButton\"]"}
RESULT: {"using":"xpath","value":"//button[@data-kt=\"addButton\"]"}
COMMAND: POST /session/238fc7fdfbc7ddd3047b28b6e8a40f5c/elements - {"using":"xpath","value":"//button[@data-kt=\"addButton\"]"}
RESULT: {"using":"xpath","value":"//button[@data-kt=\"addButton\"]"}
COMMAND: POST /session/238fc7fdfbc7ddd3047b28b6e8a40f5c/elements - {"using":"xpath","value":"//button[@data-kt=\"addButton\"]"}
RESULT: {"using":"xpath","value":"//button[@data-kt=\"addButton\"]"}
COMMAND: POST /session/238fc7fdfbc7ddd3047b28b6e8a40f5c/elements - {"using":"xpath","value":"//button[@data-kt=\"addButton\"]"}
RESULT: {"using":"xpath","value":"//button[@data-kt=\"addButton\"]"}
COMMAND: POST /session/238fc7fdfbc7ddd3047b28b6e8a40f5c/elements - {"using":"xpath","value":"//button[@data-kt=\"addButton\"]"}
RESULT: {"using":"xpath","value":"//button[@data-kt=\"addButton\"]"}
COMMAND: POST /session/238fc7fdfbc7ddd3047b28b6e8a40f5c/elements - {"using":"xpath","value":"//button[@data-kt=\"addButton\"]"}
RESULT: {"using":"xpath","value":"//button[@data-kt=\"addButton\"]"}
COMMAND: POST /session/238fc7fdfbc7ddd3047b28b6e8a40f5c/elements - {"using":"xpath","value":"//button[@data-kt=\"addButton\"]"}
COMMAND: GET /session/238fc7fdfbc7ddd3047b28b6e8a40f5c/screenshot - {}
RESULT: {"using":"xpath","value":"//button[@data-kt=\"addButton\"]"}
RESULT: {}
]]></system-out>
      <system-err><![CDATA[
Error: element ("//button[@data-kt="addButton"]") still not existing after 45000ms
    at async UtilsPrerequisites.partnerCreation (D:\a\1\s\test\specs\BTS\prerequisites-and-utils-functions.js:387:9)
    at async Context.<anonymous> (D:\a\1\s\test\specs\BTS\manage-partners.spec.js:363:44)
]]></system-err>
    </testcase>
    <testcase classname="chrome.136_0_7103_49.windows.Partner_specific_tests_US150819_US151080_US151654_US151176_US103444_US151078_US151079_US151109_US151174_US151175_US151189" name="Should create a new intracompany partner edit some of its fields US151079" time="86.465">
      <skipped />
      <system-out><![CDATA[
COMMAND: POST /session/238fc7fdfbc7ddd3047b28b6e8a40f5c/element - {"using":"xpath","value":"//li[.//span[text()=\"Manage Partners\"]]"}
RESULT: {"using":"xpath","value":"//li[.//span[text()=\"Manage Partners\"]]"}
COMMAND: POST /session/238fc7fdfbc7ddd3047b28b6e8a40f5c/element - {"using":"xpath","value":"//li[.//span[text()=\"Manage Partners\"]]"}
RESULT: {"using":"xpath","value":"//li[.//span[text()=\"Manage Partners\"]]"}
COMMAND: POST /session/238fc7fdfbc7ddd3047b28b6e8a40f5c/element - {"using":"css selector","value":"#shell-header-logo"}
RESULT: {"using":"css selector","value":"#shell-header-logo"}
COMMAND: POST /session/238fc7fdfbc7ddd3047b28b6e8a40f5c/elements - {"using":"css selector","value":"#shell-header-logo"}
COMMAND: POST /session/238fc7fdfbc7ddd3047b28b6e8a40f5c/element - {"using":"css selector","value":"#shell-header-logo"}
RESULT: {"using":"css selector","value":"#shell-header-logo"}
RESULT: {"using":"css selector","value":"#shell-header-logo"}
COMMAND: POST /session/238fc7fdfbc7ddd3047b28b6e8a40f5c/elements - {"using":"css selector","value":"#shell-header-logo"}
RESULT: {"using":"css selector","value":"#shell-header-logo"}
COMMAND: POST /session/238fc7fdfbc7ddd3047b28b6e8a40f5c/elements - {"using":"css selector","value":"#shell-header-logo"}
RESULT: {"using":"css selector","value":"#shell-header-logo"}
COMMAND: POST /session/238fc7fdfbc7ddd3047b28b6e8a40f5c/elements - {"using":"css selector","value":"#shell-header-logo"}
RESULT: {"using":"css selector","value":"#shell-header-logo"}
COMMAND: POST /session/238fc7fdfbc7ddd3047b28b6e8a40f5c/elements - {"using":"css selector","value":"#shell-header-logo"}
RESULT: {"using":"css selector","value":"#shell-header-logo"}
COMMAND: POST /session/238fc7fdfbc7ddd3047b28b6e8a40f5c/elements - {"using":"css selector","value":"#shell-header-logo"}
RESULT: {"using":"css selector","value":"#shell-header-logo"}
COMMAND: POST /session/238fc7fdfbc7ddd3047b28b6e8a40f5c/elements - {"using":"css selector","value":"#shell-header-logo"}
RESULT: {"using":"css selector","value":"#shell-header-logo"}
COMMAND: POST /session/238fc7fdfbc7ddd3047b28b6e8a40f5c/elements - {"using":"css selector","value":"#shell-header-logo"}
RESULT: {"using":"css selector","value":"#shell-header-logo"}
COMMAND: POST /session/238fc7fdfbc7ddd3047b28b6e8a40f5c/elements - {"using":"css selector","value":"#shell-header-logo"}
RESULT: {"using":"css selector","value":"#shell-header-logo"}
COMMAND: POST /session/238fc7fdfbc7ddd3047b28b6e8a40f5c/elements - {"using":"css selector","value":"#shell-header-logo"}
RESULT: {"using":"css selector","value":"#shell-header-logo"}
COMMAND: POST /session/238fc7fdfbc7ddd3047b28b6e8a40f5c/elements - {"using":"css selector","value":"#shell-header-logo"}
RESULT: {"using":"css selector","value":"#shell-header-logo"}
COMMAND: POST /session/238fc7fdfbc7ddd3047b28b6e8a40f5c/elements - {"using":"css selector","value":"#shell-header-logo"}
RESULT: {"using":"css selector","value":"#shell-header-logo"}
COMMAND: POST /session/238fc7fdfbc7ddd3047b28b6e8a40f5c/elements - {"using":"css selector","value":"#shell-header-logo"}
RESULT: {"using":"css selector","value":"#shell-header-logo"}
COMMAND: POST /session/238fc7fdfbc7ddd3047b28b6e8a40f5c/elements - {"using":"css selector","value":"#shell-header-logo"}
RESULT: {"using":"css selector","value":"#shell-header-logo"}
COMMAND: POST /session/238fc7fdfbc7ddd3047b28b6e8a40f5c/elements - {"using":"css selector","value":"#shell-header-logo"}
RESULT: {"using":"css selector","value":"#shell-header-logo"}
COMMAND: POST /session/238fc7fdfbc7ddd3047b28b6e8a40f5c/elements - {"using":"css selector","value":"#shell-header-logo"}
RESULT: {"using":"css selector","value":"#shell-header-logo"}
COMMAND: POST /session/238fc7fdfbc7ddd3047b28b6e8a40f5c/elements - {"using":"css selector","value":"#shell-header-logo"}
RESULT: {"using":"css selector","value":"#shell-header-logo"}
COMMAND: POST /session/238fc7fdfbc7ddd3047b28b6e8a40f5c/elements - {"using":"css selector","value":"#shell-header-logo"}
RESULT: {"using":"css selector","value":"#shell-header-logo"}
COMMAND: POST /session/238fc7fdfbc7ddd3047b28b6e8a40f5c/elements - {"using":"css selector","value":"#shell-header-logo"}
RESULT: {"using":"css selector","value":"#shell-header-logo"}
COMMAND: POST /session/238fc7fdfbc7ddd3047b28b6e8a40f5c/elements - {"using":"css selector","value":"#shell-header-logo"}
RESULT: {"using":"css selector","value":"#shell-header-logo"}
COMMAND: POST /session/238fc7fdfbc7ddd3047b28b6e8a40f5c/elements - {"using":"css selector","value":"#shell-header-logo"}
COMMAND: POST /session/238fc7fdfbc7ddd3047b28b6e8a40f5c/refresh - {}
RESULT: {"using":"css selector","value":"#shell-header-logo"}
RESULT: {}
COMMAND: GET /session/238fc7fdfbc7ddd3047b28b6e8a40f5c/screenshot - {}
COMMAND: POST /session/238fc7fdfbc7ddd3047b28b6e8a40f5c/elements - {"using":"css selector","value":"#shell-header-logo"}
RESULT: {}
RESULT: {"using":"css selector","value":"#shell-header-logo"}
COMMAND: POST /session/238fc7fdfbc7ddd3047b28b6e8a40f5c/elements - {"using":"css selector","value":"#shell-header-logo"}
RESULT: {"using":"css selector","value":"#shell-header-logo"}
COMMAND: POST /session/238fc7fdfbc7ddd3047b28b6e8a40f5c/elements - {"using":"css selector","value":"#shell-header-logo"}
RESULT: {"using":"css selector","value":"#shell-header-logo"}
COMMAND: POST /session/238fc7fdfbc7ddd3047b28b6e8a40f5c/elements - {"using":"css selector","value":"#shell-header-logo"}
RESULT: {"using":"css selector","value":"#shell-header-logo"}
COMMAND: POST /session/238fc7fdfbc7ddd3047b28b6e8a40f5c/elements - {"using":"css selector","value":"#shell-header-logo"}
RESULT: {"using":"css selector","value":"#shell-header-logo"}
COMMAND: POST /session/238fc7fdfbc7ddd3047b28b6e8a40f5c/elements - {"using":"css selector","value":"#shell-header-logo"}
RESULT: {"using":"css selector","value":"#shell-header-logo"}
COMMAND: POST /session/238fc7fdfbc7ddd3047b28b6e8a40f5c/elements - {"using":"css selector","value":"#shell-header-logo"}
RESULT: {"using":"css selector","value":"#shell-header-logo"}
COMMAND: POST /session/238fc7fdfbc7ddd3047b28b6e8a40f5c/elements - {"using":"css selector","value":"#shell-header-logo"}
RESULT: {"using":"css selector","value":"#shell-header-logo"}
COMMAND: POST /session/238fc7fdfbc7ddd3047b28b6e8a40f5c/elements - {"using":"css selector","value":"#shell-header-logo"}
RESULT: {"using":"css selector","value":"#shell-header-logo"}
COMMAND: POST /session/238fc7fdfbc7ddd3047b28b6e8a40f5c/elements - {"using":"css selector","value":"#shell-header-logo"}
RESULT: {"using":"css selector","value":"#shell-header-logo"}
COMMAND: POST /session/238fc7fdfbc7ddd3047b28b6e8a40f5c/elements - {"using":"css selector","value":"#shell-header-logo"}
RESULT: {"using":"css selector","value":"#shell-header-logo"}
COMMAND: POST /session/238fc7fdfbc7ddd3047b28b6e8a40f5c/elements - {"using":"css selector","value":"#shell-header-logo"}
RESULT: {"using":"css selector","value":"#shell-header-logo"}
COMMAND: POST /session/238fc7fdfbc7ddd3047b28b6e8a40f5c/elements - {"using":"css selector","value":"#shell-header-logo"}
RESULT: {"using":"css selector","value":"#shell-header-logo"}
COMMAND: POST /session/238fc7fdfbc7ddd3047b28b6e8a40f5c/elements - {"using":"css selector","value":"#shell-header-logo"}
RESULT: {"using":"css selector","value":"#shell-header-logo"}
COMMAND: POST /session/238fc7fdfbc7ddd3047b28b6e8a40f5c/elements - {"using":"css selector","value":"#shell-header-logo"}
RESULT: {"using":"css selector","value":"#shell-header-logo"}
COMMAND: POST /session/238fc7fdfbc7ddd3047b28b6e8a40f5c/elements - {"using":"css selector","value":"#shell-header-logo"}
RESULT: {"using":"css selector","value":"#shell-header-logo"}
COMMAND: POST /session/238fc7fdfbc7ddd3047b28b6e8a40f5c/elements - {"using":"css selector","value":"#shell-header-logo"}
RESULT: {"using":"css selector","value":"#shell-header-logo"}
COMMAND: POST /session/238fc7fdfbc7ddd3047b28b6e8a40f5c/elements - {"using":"css selector","value":"#shell-header-logo"}
RESULT: {"using":"css selector","value":"#shell-header-logo"}
COMMAND: POST /session/238fc7fdfbc7ddd3047b28b6e8a40f5c/elements - {"using":"css selector","value":"#shell-header-logo"}
RESULT: {"using":"css selector","value":"#shell-header-logo"}
COMMAND: POST /session/238fc7fdfbc7ddd3047b28b6e8a40f5c/elements - {"using":"css selector","value":"#shell-header-logo"}
RESULT: {"using":"css selector","value":"#shell-header-logo"}
COMMAND: POST /session/238fc7fdfbc7ddd3047b28b6e8a40f5c/refresh - {}
COMMAND: POST /session/238fc7fdfbc7ddd3047b28b6e8a40f5c/elements - {"using":"css selector","value":"#shell-header-logo"}
RESULT: {}
COMMAND: GET /session/238fc7fdfbc7ddd3047b28b6e8a40f5c/screenshot - {}
RESULT: {"using":"css selector","value":"#shell-header-logo"}
RESULT: {}
COMMAND: POST /session/238fc7fdfbc7ddd3047b28b6e8a40f5c/elements - {"using":"css selector","value":"#shell-header-logo"}
RESULT: {"using":"css selector","value":"#shell-header-logo"}
COMMAND: POST /session/238fc7fdfbc7ddd3047b28b6e8a40f5c/elements - {"using":"css selector","value":"#shell-header-logo"}
RESULT: {"using":"css selector","value":"#shell-header-logo"}
COMMAND: POST /session/238fc7fdfbc7ddd3047b28b6e8a40f5c/elements - {"using":"css selector","value":"#shell-header-logo"}
RESULT: {"using":"css selector","value":"#shell-header-logo"}
COMMAND: POST /session/238fc7fdfbc7ddd3047b28b6e8a40f5c/elements - {"using":"css selector","value":"#shell-header-logo"}
RESULT: {"using":"css selector","value":"#shell-header-logo"}
COMMAND: POST /session/238fc7fdfbc7ddd3047b28b6e8a40f5c/elements - {"using":"css selector","value":"#shell-header-logo"}
RESULT: {"using":"css selector","value":"#shell-header-logo"}
COMMAND: POST /session/238fc7fdfbc7ddd3047b28b6e8a40f5c/elements - {"using":"css selector","value":"#shell-header-logo"}
RESULT: {"using":"css selector","value":"#shell-header-logo"}
COMMAND: POST /session/238fc7fdfbc7ddd3047b28b6e8a40f5c/elements - {"using":"css selector","value":"#shell-header-logo"}
RESULT: {"using":"css selector","value":"#shell-header-logo"}
COMMAND: POST /session/238fc7fdfbc7ddd3047b28b6e8a40f5c/elements - {"using":"css selector","value":"#shell-header-logo"}
RESULT: {"using":"css selector","value":"#shell-header-logo"}
COMMAND: POST /session/238fc7fdfbc7ddd3047b28b6e8a40f5c/elements - {"using":"css selector","value":"#shell-header-logo"}
RESULT: {"using":"css selector","value":"#shell-header-logo"}
COMMAND: POST /session/238fc7fdfbc7ddd3047b28b6e8a40f5c/elements - {"using":"css selector","value":"#shell-header-logo"}
RESULT: {"using":"css selector","value":"#shell-header-logo"}
COMMAND: POST /session/238fc7fdfbc7ddd3047b28b6e8a40f5c/elements - {"using":"css selector","value":"#shell-header-logo"}
RESULT: {"using":"css selector","value":"#shell-header-logo"}
COMMAND: POST /session/238fc7fdfbc7ddd3047b28b6e8a40f5c/elements - {"using":"css selector","value":"#shell-header-logo"}
RESULT: {"using":"css selector","value":"#shell-header-logo"}
COMMAND: POST /session/238fc7fdfbc7ddd3047b28b6e8a40f5c/elements - {"using":"css selector","value":"#shell-header-logo"}
RESULT: {"using":"css selector","value":"#shell-header-logo"}
COMMAND: POST /session/238fc7fdfbc7ddd3047b28b6e8a40f5c/elements - {"using":"css selector","value":"#shell-header-logo"}
RESULT: {"using":"css selector","value":"#shell-header-logo"}
COMMAND: POST /session/238fc7fdfbc7ddd3047b28b6e8a40f5c/elements - {"using":"css selector","value":"#shell-header-logo"}
RESULT: {"using":"css selector","value":"#shell-header-logo"}
COMMAND: POST /session/238fc7fdfbc7ddd3047b28b6e8a40f5c/elements - {"using":"css selector","value":"#shell-header-logo"}
RESULT: {"using":"css selector","value":"#shell-header-logo"}
COMMAND: POST /session/238fc7fdfbc7ddd3047b28b6e8a40f5c/elements - {"using":"css selector","value":"#shell-header-logo"}
RESULT: {"using":"css selector","value":"#shell-header-logo"}
COMMAND: POST /session/238fc7fdfbc7ddd3047b28b6e8a40f5c/elements - {"using":"css selector","value":"#shell-header-logo"}
RESULT: {"using":"css selector","value":"#shell-header-logo"}
COMMAND: POST /session/238fc7fdfbc7ddd3047b28b6e8a40f5c/elements - {"using":"css selector","value":"#shell-header-logo"}
RESULT: {"using":"css selector","value":"#shell-header-logo"}
COMMAND: POST /session/238fc7fdfbc7ddd3047b28b6e8a40f5c/elements - {"using":"css selector","value":"#shell-header-logo"}
RESULT: {"using":"css selector","value":"#shell-header-logo"}
COMMAND: POST /session/238fc7fdfbc7ddd3047b28b6e8a40f5c/window/fullscreen - {}
RESULT: {}
COMMAND: POST /session/238fc7fdfbc7ddd3047b28b6e8a40f5c/elements - {"using":"css selector","value":"#shell-header-logo"}
RESULT: {"using":"css selector","value":"#shell-header-logo"}
COMMAND: POST /session/238fc7fdfbc7ddd3047b28b6e8a40f5c/elements - {"using":"css selector","value":"#shell-header-logo"}
RESULT: {"using":"css selector","value":"#shell-header-logo"}
COMMAND: POST /session/238fc7fdfbc7ddd3047b28b6e8a40f5c/elements - {"using":"css selector","value":"#shell-header-logo"}
RESULT: {"using":"css selector","value":"#shell-header-logo"}
COMMAND: POST /session/238fc7fdfbc7ddd3047b28b6e8a40f5c/elements - {"using":"css selector","value":"#shell-header-logo"}
RESULT: {"using":"css selector","value":"#shell-header-logo"}
COMMAND: POST /session/238fc7fdfbc7ddd3047b28b6e8a40f5c/elements - {"using":"css selector","value":"#shell-header-logo"}
RESULT: {"using":"css selector","value":"#shell-header-logo"}
COMMAND: POST /session/238fc7fdfbc7ddd3047b28b6e8a40f5c/elements - {"using":"css selector","value":"#shell-header-logo"}
RESULT: {"using":"css selector","value":"#shell-header-logo"}
COMMAND: POST /session/238fc7fdfbc7ddd3047b28b6e8a40f5c/elements - {"using":"css selector","value":"#shell-header-logo"}
RESULT: {"using":"css selector","value":"#shell-header-logo"}
COMMAND: POST /session/238fc7fdfbc7ddd3047b28b6e8a40f5c/elements - {"using":"css selector","value":"#shell-header-logo"}
RESULT: {"using":"css selector","value":"#shell-header-logo"}
COMMAND: POST /session/238fc7fdfbc7ddd3047b28b6e8a40f5c/elements - {"using":"css selector","value":"#shell-header-logo"}
RESULT: {"using":"css selector","value":"#shell-header-logo"}
COMMAND: POST /session/238fc7fdfbc7ddd3047b28b6e8a40f5c/elements - {"using":"css selector","value":"#shell-header-logo"}
RESULT: {"using":"css selector","value":"#shell-header-logo"}
COMMAND: POST /session/238fc7fdfbc7ddd3047b28b6e8a40f5c/execute/async - {"script":"<script> [189 bytes]","args":[]}
RESULT: {"script":"<script> [189 bytes]","args":[]}
COMMAND: POST /session/238fc7fdfbc7ddd3047b28b6e8a40f5c/execute/async - {"script":"<script> [123 bytes]","args":[]}
RESULT: {"script":"<script> [123 bytes]","args":[]}
COMMAND: POST /session/238fc7fdfbc7ddd3047b28b6e8a40f5c/timeouts - {"script":"<number>"}
RESULT: {"script":"<number>"}
COMMAND: GET /session/238fc7fdfbc7ddd3047b28b6e8a40f5c/timeouts - {}
RESULT: {}
RESULT: undefined
COMMAND: POST /session/238fc7fdfbc7ddd3047b28b6e8a40f5c/execute/async - {"script":"<script> [2676 bytes]","args":[]}
RESULT: {"script":"<script> [2676 bytes]","args":[]}
COMMAND: POST /session/238fc7fdfbc7ddd3047b28b6e8a40f5c/execute/async - {"script":"<script> [2342 bytes]","args":[{"protocol":"http","hostname":"0.0.0.0","path":"/","capabilities":{"browserName":"chrome","goog:chromeOptions":{"binary":"C:\\Program Files\\Google\\Chrome\\Application\\chrome.exe","args":["--start-maximized"]}},"logLevel":"warn","connectionRetryTimeout":120000,"connectionRetryCount":3,"logLevels":{},"enableDirectConnect":true,"strictSSL":true,"_":"65 more keys: [\"cacheDir\",\"port\",\"requestedCapabilities\",\"automationProtocol\",\"baseUrl\",\"waitforInterval\",\"waitforTimeout\",\"onReload\",\"beforeCommand\",\"afterCommand\",\"rootDir\",\"specs\",\"suites\",\"exclude\",\"groupLogsByTestSpec\",\"excludeDriverLogs\",\"bail\",\"framework\",\"reporters\",\"services\",\"maxInstances\",\"maxInstancesPerCapability\",\"injectGlobals\",\"filesToWatch\",\"execArgv\",\"runnerEnv\",\"runner\",\"shard\",\"specFileRetries\",\"specFileRetriesDelay\",\"specFileRetriesDeferred\",\"reporterSyncInterval\",\"reporterSyncTimeout\",\"cucumberFeaturesWithLineNumbers\",\"autoCompileOpts\",\"mochaOpts\",\"jasmineOpts\",\"cucumberOpts\",\"onPrepare\",\"onWorkerStart\",\"onWorkerEnd\",\"before\",\"beforeSession\",\"beforeSuite\",\"beforeHook\",\"beforeTest\",\"afterTest\",\"afterHook\",\"afterSuite\",\"afterSession\",\"after\",\"onComplete\",\"beforeAssertion\",\"afterAssertion\",\"beforeFeature\",\"beforeScenario\",\"beforeStep\",\"afterStep\",\"afterScenario\",\"afterFeature\",\"_\",\"suite\",\"$0\",\"ignoredWorkerServices\",\"wdi5\"]"}]}
RESULT: {"script":"<script> [2342 bytes]","args":[{"protocol":"http","hostname":"0.0.0.0","path":"/","capabilities":{"browserName":"chrome","goog:chromeOptions":{"binary":"C:\\Program Files\\Google\\Chrome\\Application\\chrome.exe","args":["--start-maximized"]}},"logLevel":"warn","connectionRetryTimeout":120000,"connectionRetryCount":3,"logLevels":{},"enableDirectConnect":true,"strictSSL":true,"_":"65 more keys: [\"cacheDir\",\"port\",\"requestedCapabilities\",\"automationProtocol\",\"baseUrl\",\"waitforInterval\",\"waitforTimeout\",\"onReload\",\"beforeCommand\",\"afterCommand\",\"rootDir\",\"specs\",\"suites\",\"exclude\",\"groupLogsByTestSpec\",\"excludeDriverLogs\",\"bail\",\"framework\",\"reporters\",\"services\",\"maxInstances\",\"maxInstancesPerCapability\",\"injectGlobals\",\"filesToWatch\",\"execArgv\",\"runnerEnv\",\"runner\",\"shard\",\"specFileRetries\",\"specFileRetriesDelay\",\"specFileRetriesDeferred\",\"reporterSyncInterval\",\"reporterSyncTimeout\",\"cucumberFeaturesWithLineNumbers\",\"autoCompileOpts\",\"mochaOpts\",\"jasmineOpts\",\"cucumberOpts\",\"onPrepare\",\"onWorkerStart\",\"onWorkerEnd\",\"before\",\"beforeSession\",\"beforeSuite\",\"beforeHook\",\"beforeTest\",\"afterTest\",\"afterHook\",\"afterSuite\",\"afterSession\",\"after\",\"onComplete\",\"beforeAssertion\",\"afterAssertion\",\"beforeFeature\",\"beforeScenario\",\"beforeStep\",\"afterStep\",\"afterScenario\",\"afterFeature\",\"_\",\"suite\",\"$0\",\"ignoredWorkerServices\",\"wdi5\"]"}]}
COMMAND: POST /session/238fc7fdfbc7ddd3047b28b6e8a40f5c/execute/async - {"script":"<script> [21126 bytes]","args":[35000]}
RESULT: {"script":"<script> [21126 bytes]","args":[35000]}
COMMAND: POST /session/238fc7fdfbc7ddd3047b28b6e8a40f5c/elements - {"using":"css selector","value":"#shell-header-logo"}
RESULT: {"using":"css selector","value":"#shell-header-logo"}
COMMAND: POST /session/238fc7fdfbc7ddd3047b28b6e8a40f5c/elements - {"using":"css selector","value":"#shell-header-logo"}
RESULT: {"using":"css selector","value":"#shell-header-logo"}
COMMAND: POST /session/238fc7fdfbc7ddd3047b28b6e8a40f5c/elements - {"using":"css selector","value":"#shell-header-logo"}
RESULT: {"using":"css selector","value":"#shell-header-logo"}
COMMAND: POST /session/238fc7fdfbc7ddd3047b28b6e8a40f5c/elements - {"using":"css selector","value":"#shell-header-logo"}
RESULT: {"using":"css selector","value":"#shell-header-logo"}
COMMAND: POST /session/238fc7fdfbc7ddd3047b28b6e8a40f5c/elements - {"using":"css selector","value":"#shell-header-logo"}
RESULT: {"using":"css selector","value":"#shell-header-logo"}
COMMAND: POST /session/238fc7fdfbc7ddd3047b28b6e8a40f5c/elements - {"using":"css selector","value":"#shell-header-logo"}
RESULT: {"using":"css selector","value":"#shell-header-logo"}
COMMAND: POST /session/238fc7fdfbc7ddd3047b28b6e8a40f5c/elements - {"using":"css selector","value":"#shell-header-logo"}
RESULT: {"using":"css selector","value":"#shell-header-logo"}
COMMAND: POST /session/238fc7fdfbc7ddd3047b28b6e8a40f5c/elements - {"using":"css selector","value":"#shell-header-logo"}
RESULT: {"using":"css selector","value":"#shell-header-logo"}
COMMAND: POST /session/238fc7fdfbc7ddd3047b28b6e8a40f5c/elements - {"using":"css selector","value":"#shell-header-logo"}
RESULT: {"using":"css selector","value":"#shell-header-logo"}
COMMAND: POST /session/238fc7fdfbc7ddd3047b28b6e8a40f5c/elements - {"using":"css selector","value":"#shell-header-logo"}
RESULT: {"using":"css selector","value":"#shell-header-logo"}
COMMAND: POST /session/238fc7fdfbc7ddd3047b28b6e8a40f5c/window/fullscreen - {}
RESULT: {}
COMMAND: POST /session/238fc7fdfbc7ddd3047b28b6e8a40f5c/window/fullscreen - {}
RESULT: {}
COMMAND: POST /session/238fc7fdfbc7ddd3047b28b6e8a40f5c/execute/async - {"script":"<script> [1562 bytes]","args":[{"selector":{"controlType":"sap.m.GenericTile","properties":{"header":"Manage Partners"}},"wdio_ui5_key":"sapm.GenericTile{\"header\":\"Manage Partners\"}"}]}
COMMAND: POST /session/238fc7fdfbc7ddd3047b28b6e8a40f5c/elements - {"using":"css selector","value":"#shell-header-logo"}
RESULT: {"script":"<script> [1562 bytes]","args":[{"selector":{"controlType":"sap.m.GenericTile","properties":{"header":"Manage Partners"}},"wdio_ui5_key":"sapm.GenericTile{\"header\":\"Manage Partners\"}"}]}
RESULT: undefined
COMMAND: POST /session/238fc7fdfbc7ddd3047b28b6e8a40f5c/element - {"using":"xpath","value":"//button[@data-kt=\"addButton\"]"}
RESULT: {"using":"css selector","value":"#shell-header-logo"}
RESULT: {"using":"xpath","value":"//button[@data-kt=\"addButton\"]"}
COMMAND: POST /session/238fc7fdfbc7ddd3047b28b6e8a40f5c/elements - {"using":"xpath","value":"//button[@data-kt=\"addButton\"]"}
RESULT: {"using":"xpath","value":"//button[@data-kt=\"addButton\"]"}
COMMAND: POST /session/238fc7fdfbc7ddd3047b28b6e8a40f5c/elements - {"using":"css selector","value":"#shell-header-logo"}
RESULT: {"using":"css selector","value":"#shell-header-logo"}
COMMAND: POST /session/238fc7fdfbc7ddd3047b28b6e8a40f5c/elements - {"using":"xpath","value":"//button[@data-kt=\"addButton\"]"}
RESULT: {"using":"xpath","value":"//button[@data-kt=\"addButton\"]"}
COMMAND: POST /session/238fc7fdfbc7ddd3047b28b6e8a40f5c/elements - {"using":"css selector","value":"#shell-header-logo"}
RESULT: {"using":"css selector","value":"#shell-header-logo"}
COMMAND: POST /session/238fc7fdfbc7ddd3047b28b6e8a40f5c/elements - {"using":"xpath","value":"//button[@data-kt=\"addButton\"]"}
RESULT: {"using":"xpath","value":"//button[@data-kt=\"addButton\"]"}
COMMAND: POST /session/238fc7fdfbc7ddd3047b28b6e8a40f5c/elements - {"using":"css selector","value":"#shell-header-logo"}
RESULT: {"using":"css selector","value":"#shell-header-logo"}
COMMAND: POST /session/238fc7fdfbc7ddd3047b28b6e8a40f5c/elements - {"using":"xpath","value":"//button[@data-kt=\"addButton\"]"}
RESULT: {"using":"xpath","value":"//button[@data-kt=\"addButton\"]"}
COMMAND: POST /session/238fc7fdfbc7ddd3047b28b6e8a40f5c/elements - {"using":"css selector","value":"#shell-header-logo"}
RESULT: {"using":"css selector","value":"#shell-header-logo"}
COMMAND: POST /session/238fc7fdfbc7ddd3047b28b6e8a40f5c/elements - {"using":"xpath","value":"//button[@data-kt=\"addButton\"]"}
RESULT: {"using":"xpath","value":"//button[@data-kt=\"addButton\"]"}
COMMAND: POST /session/238fc7fdfbc7ddd3047b28b6e8a40f5c/elements - {"using":"css selector","value":"#shell-header-logo"}
RESULT: {"using":"css selector","value":"#shell-header-logo"}
COMMAND: POST /session/238fc7fdfbc7ddd3047b28b6e8a40f5c/elements - {"using":"xpath","value":"//button[@data-kt=\"addButton\"]"}
RESULT: {"using":"xpath","value":"//button[@data-kt=\"addButton\"]"}
COMMAND: POST /session/238fc7fdfbc7ddd3047b28b6e8a40f5c/elements - {"using":"css selector","value":"#shell-header-logo"}
RESULT: {"using":"css selector","value":"#shell-header-logo"}
COMMAND: POST /session/238fc7fdfbc7ddd3047b28b6e8a40f5c/elements - {"using":"xpath","value":"//button[@data-kt=\"addButton\"]"}
RESULT: {"using":"xpath","value":"//button[@data-kt=\"addButton\"]"}
COMMAND: POST /session/238fc7fdfbc7ddd3047b28b6e8a40f5c/elements - {"using":"css selector","value":"#shell-header-logo"}
RESULT: {"using":"css selector","value":"#shell-header-logo"}
COMMAND: POST /session/238fc7fdfbc7ddd3047b28b6e8a40f5c/elements - {"using":"xpath","value":"//button[@data-kt=\"addButton\"]"}
RESULT: {"using":"xpath","value":"//button[@data-kt=\"addButton\"]"}
COMMAND: POST /session/238fc7fdfbc7ddd3047b28b6e8a40f5c/elements - {"using":"css selector","value":"#shell-header-logo"}
RESULT: {"using":"css selector","value":"#shell-header-logo"}
COMMAND: POST /session/238fc7fdfbc7ddd3047b28b6e8a40f5c/elements - {"using":"xpath","value":"//button[@data-kt=\"addButton\"]"}
RESULT: {"using":"xpath","value":"//button[@data-kt=\"addButton\"]"}
COMMAND: POST /session/238fc7fdfbc7ddd3047b28b6e8a40f5c/elements - {"using":"css selector","value":"#shell-header-logo"}
RESULT: {"using":"css selector","value":"#shell-header-logo"}
COMMAND: POST /session/238fc7fdfbc7ddd3047b28b6e8a40f5c/elements - {"using":"xpath","value":"//button[@data-kt=\"addButton\"]"}
RESULT: {"using":"xpath","value":"//button[@data-kt=\"addButton\"]"}
COMMAND: POST /session/238fc7fdfbc7ddd3047b28b6e8a40f5c/elements - {"using":"css selector","value":"#shell-header-logo"}
RESULT: {"using":"css selector","value":"#shell-header-logo"}
COMMAND: POST /session/238fc7fdfbc7ddd3047b28b6e8a40f5c/elements - {"using":"xpath","value":"//button[@data-kt=\"addButton\"]"}
RESULT: {"using":"xpath","value":"//button[@data-kt=\"addButton\"]"}
COMMAND: POST /session/238fc7fdfbc7ddd3047b28b6e8a40f5c/elements - {"using":"css selector","value":"#shell-header-logo"}
RESULT: {"using":"css selector","value":"#shell-header-logo"}
COMMAND: POST /session/238fc7fdfbc7ddd3047b28b6e8a40f5c/elements - {"using":"xpath","value":"//button[@data-kt=\"addButton\"]"}
RESULT: {"using":"xpath","value":"//button[@data-kt=\"addButton\"]"}
COMMAND: POST /session/238fc7fdfbc7ddd3047b28b6e8a40f5c/elements - {"using":"css selector","value":"#shell-header-logo"}
RESULT: {"using":"css selector","value":"#shell-header-logo"}
COMMAND: POST /session/238fc7fdfbc7ddd3047b28b6e8a40f5c/elements - {"using":"xpath","value":"//button[@data-kt=\"addButton\"]"}
RESULT: {"using":"xpath","value":"//button[@data-kt=\"addButton\"]"}
COMMAND: POST /session/238fc7fdfbc7ddd3047b28b6e8a40f5c/elements - {"using":"css selector","value":"#shell-header-logo"}
RESULT: {"using":"css selector","value":"#shell-header-logo"}
COMMAND: POST /session/238fc7fdfbc7ddd3047b28b6e8a40f5c/elements - {"using":"xpath","value":"//button[@data-kt=\"addButton\"]"}
RESULT: {"using":"xpath","value":"//button[@data-kt=\"addButton\"]"}
COMMAND: POST /session/238fc7fdfbc7ddd3047b28b6e8a40f5c/elements - {"using":"css selector","value":"#shell-header-logo"}
RESULT: {"using":"css selector","value":"#shell-header-logo"}
COMMAND: POST /session/238fc7fdfbc7ddd3047b28b6e8a40f5c/elements - {"using":"xpath","value":"//button[@data-kt=\"addButton\"]"}
RESULT: {"using":"xpath","value":"//button[@data-kt=\"addButton\"]"}
COMMAND: POST /session/238fc7fdfbc7ddd3047b28b6e8a40f5c/elements - {"using":"css selector","value":"#shell-header-logo"}
RESULT: {"using":"css selector","value":"#shell-header-logo"}
COMMAND: POST /session/238fc7fdfbc7ddd3047b28b6e8a40f5c/elements - {"using":"xpath","value":"//button[@data-kt=\"addButton\"]"}
RESULT: {"using":"xpath","value":"//button[@data-kt=\"addButton\"]"}
COMMAND: POST /session/238fc7fdfbc7ddd3047b28b6e8a40f5c/elements - {"using":"css selector","value":"#shell-header-logo"}
RESULT: {"using":"css selector","value":"#shell-header-logo"}
COMMAND: POST /session/238fc7fdfbc7ddd3047b28b6e8a40f5c/elements - {"using":"xpath","value":"//button[@data-kt=\"addButton\"]"}
RESULT: {"using":"xpath","value":"//button[@data-kt=\"addButton\"]"}
COMMAND: POST /session/238fc7fdfbc7ddd3047b28b6e8a40f5c/elements - {"using":"css selector","value":"#shell-header-logo"}
RESULT: {"using":"css selector","value":"#shell-header-logo"}
COMMAND: POST /session/238fc7fdfbc7ddd3047b28b6e8a40f5c/elements - {"using":"xpath","value":"//button[@data-kt=\"addButton\"]"}
RESULT: {"using":"xpath","value":"//button[@data-kt=\"addButton\"]"}
COMMAND: POST /session/238fc7fdfbc7ddd3047b28b6e8a40f5c/elements - {"using":"css selector","value":"#shell-header-logo"}
RESULT: {"using":"css selector","value":"#shell-header-logo"}
COMMAND: POST /session/238fc7fdfbc7ddd3047b28b6e8a40f5c/elements - {"using":"xpath","value":"//button[@data-kt=\"addButton\"]"}
RESULT: {"using":"xpath","value":"//button[@data-kt=\"addButton\"]"}
COMMAND: POST /session/238fc7fdfbc7ddd3047b28b6e8a40f5c/elements - {"using":"css selector","value":"#shell-header-logo"}
RESULT: {"using":"css selector","value":"#shell-header-logo"}
COMMAND: POST /session/238fc7fdfbc7ddd3047b28b6e8a40f5c/elements - {"using":"xpath","value":"//button[@data-kt=\"addButton\"]"}
RESULT: {"using":"xpath","value":"//button[@data-kt=\"addButton\"]"}
COMMAND: POST /session/238fc7fdfbc7ddd3047b28b6e8a40f5c/elements - {"using":"css selector","value":"#shell-header-logo"}
RESULT: {"using":"css selector","value":"#shell-header-logo"}
COMMAND: POST /session/238fc7fdfbc7ddd3047b28b6e8a40f5c/elements - {"using":"xpath","value":"//button[@data-kt=\"addButton\"]"}
RESULT: {"using":"xpath","value":"//button[@data-kt=\"addButton\"]"}
COMMAND: POST /session/238fc7fdfbc7ddd3047b28b6e8a40f5c/elements - {"using":"css selector","value":"#shell-header-logo"}
RESULT: {"using":"css selector","value":"#shell-header-logo"}
COMMAND: POST /session/238fc7fdfbc7ddd3047b28b6e8a40f5c/elements - {"using":"xpath","value":"//button[@data-kt=\"addButton\"]"}
RESULT: {"using":"xpath","value":"//button[@data-kt=\"addButton\"]"}
COMMAND: POST /session/238fc7fdfbc7ddd3047b28b6e8a40f5c/elements - {"using":"css selector","value":"#shell-header-logo"}
RESULT: {"using":"css selector","value":"#shell-header-logo"}
COMMAND: POST /session/238fc7fdfbc7ddd3047b28b6e8a40f5c/elements - {"using":"xpath","value":"//button[@data-kt=\"addButton\"]"}
RESULT: {"using":"xpath","value":"//button[@data-kt=\"addButton\"]"}
COMMAND: POST /session/238fc7fdfbc7ddd3047b28b6e8a40f5c/elements - {"using":"css selector","value":"#shell-header-logo"}
RESULT: {"using":"css selector","value":"#shell-header-logo"}
COMMAND: POST /session/238fc7fdfbc7ddd3047b28b6e8a40f5c/elements - {"using":"xpath","value":"//button[@data-kt=\"addButton\"]"}
RESULT: {"using":"xpath","value":"//button[@data-kt=\"addButton\"]"}
COMMAND: POST /session/238fc7fdfbc7ddd3047b28b6e8a40f5c/elements - {"using":"css selector","value":"#shell-header-logo"}
RESULT: {"using":"css selector","value":"#shell-header-logo"}
COMMAND: POST /session/238fc7fdfbc7ddd3047b28b6e8a40f5c/elements - {"using":"xpath","value":"//button[@data-kt=\"addButton\"]"}
RESULT: {"using":"xpath","value":"//button[@data-kt=\"addButton\"]"}
COMMAND: POST /session/238fc7fdfbc7ddd3047b28b6e8a40f5c/elements - {"using":"css selector","value":"#shell-header-logo"}
RESULT: {"using":"css selector","value":"#shell-header-logo"}
COMMAND: POST /session/238fc7fdfbc7ddd3047b28b6e8a40f5c/elements - {"using":"xpath","value":"//button[@data-kt=\"addButton\"]"}
RESULT: {"using":"xpath","value":"//button[@data-kt=\"addButton\"]"}
COMMAND: POST /session/238fc7fdfbc7ddd3047b28b6e8a40f5c/elements - {"using":"css selector","value":"#shell-header-logo"}
RESULT: {"using":"css selector","value":"#shell-header-logo"}
COMMAND: POST /session/238fc7fdfbc7ddd3047b28b6e8a40f5c/elements - {"using":"xpath","value":"//button[@data-kt=\"addButton\"]"}
RESULT: {"using":"xpath","value":"//button[@data-kt=\"addButton\"]"}
COMMAND: POST /session/238fc7fdfbc7ddd3047b28b6e8a40f5c/elements - {"using":"css selector","value":"#shell-header-logo"}
RESULT: {"using":"css selector","value":"#shell-header-logo"}
COMMAND: POST /session/238fc7fdfbc7ddd3047b28b6e8a40f5c/elements - {"using":"xpath","value":"//button[@data-kt=\"addButton\"]"}
RESULT: {"using":"xpath","value":"//button[@data-kt=\"addButton\"]"}
COMMAND: POST /session/238fc7fdfbc7ddd3047b28b6e8a40f5c/elements - {"using":"css selector","value":"#shell-header-logo"}
RESULT: {"using":"css selector","value":"#shell-header-logo"}
COMMAND: POST /session/238fc7fdfbc7ddd3047b28b6e8a40f5c/elements - {"using":"xpath","value":"//button[@data-kt=\"addButton\"]"}
RESULT: {"using":"xpath","value":"//button[@data-kt=\"addButton\"]"}
COMMAND: POST /session/238fc7fdfbc7ddd3047b28b6e8a40f5c/elements - {"using":"css selector","value":"#shell-header-logo"}
RESULT: {"using":"css selector","value":"#shell-header-logo"}
COMMAND: POST /session/238fc7fdfbc7ddd3047b28b6e8a40f5c/elements - {"using":"xpath","value":"//button[@data-kt=\"addButton\"]"}
RESULT: {"using":"xpath","value":"//button[@data-kt=\"addButton\"]"}
COMMAND: POST /session/238fc7fdfbc7ddd3047b28b6e8a40f5c/elements - {"using":"css selector","value":"#shell-header-logo"}
RESULT: {"using":"css selector","value":"#shell-header-logo"}
COMMAND: POST /session/238fc7fdfbc7ddd3047b28b6e8a40f5c/elements - {"using":"xpath","value":"//button[@data-kt=\"addButton\"]"}
RESULT: {"using":"xpath","value":"//button[@data-kt=\"addButton\"]"}
COMMAND: POST /session/238fc7fdfbc7ddd3047b28b6e8a40f5c/elements - {"using":"css selector","value":"#shell-header-logo"}
RESULT: {"using":"css selector","value":"#shell-header-logo"}
COMMAND: POST /session/238fc7fdfbc7ddd3047b28b6e8a40f5c/elements - {"using":"xpath","value":"//button[@data-kt=\"addButton\"]"}
RESULT: {"using":"xpath","value":"//button[@data-kt=\"addButton\"]"}
COMMAND: POST /session/238fc7fdfbc7ddd3047b28b6e8a40f5c/elements - {"using":"css selector","value":"#shell-header-logo"}
RESULT: {"using":"css selector","value":"#shell-header-logo"}
COMMAND: POST /session/238fc7fdfbc7ddd3047b28b6e8a40f5c/elements - {"using":"xpath","value":"//button[@data-kt=\"addButton\"]"}
RESULT: {"using":"xpath","value":"//button[@data-kt=\"addButton\"]"}
COMMAND: POST /session/238fc7fdfbc7ddd3047b28b6e8a40f5c/elements - {"using":"css selector","value":"#shell-header-logo"}
RESULT: {"using":"css selector","value":"#shell-header-logo"}
COMMAND: POST /session/238fc7fdfbc7ddd3047b28b6e8a40f5c/elements - {"using":"xpath","value":"//button[@data-kt=\"addButton\"]"}
RESULT: {"using":"xpath","value":"//button[@data-kt=\"addButton\"]"}
COMMAND: POST /session/238fc7fdfbc7ddd3047b28b6e8a40f5c/elements - {"using":"css selector","value":"#shell-header-logo"}
RESULT: {"using":"css selector","value":"#shell-header-logo"}
COMMAND: POST /session/238fc7fdfbc7ddd3047b28b6e8a40f5c/elements - {"using":"xpath","value":"//button[@data-kt=\"addButton\"]"}
RESULT: {"using":"xpath","value":"//button[@data-kt=\"addButton\"]"}
COMMAND: POST /session/238fc7fdfbc7ddd3047b28b6e8a40f5c/elements - {"using":"css selector","value":"#shell-header-logo"}
RESULT: {"using":"css selector","value":"#shell-header-logo"}
COMMAND: POST /session/238fc7fdfbc7ddd3047b28b6e8a40f5c/elements - {"using":"xpath","value":"//button[@data-kt=\"addButton\"]"}
RESULT: {"using":"xpath","value":"//button[@data-kt=\"addButton\"]"}
COMMAND: POST /session/238fc7fdfbc7ddd3047b28b6e8a40f5c/elements - {"using":"css selector","value":"#shell-header-logo"}
RESULT: {"using":"css selector","value":"#shell-header-logo"}
COMMAND: POST /session/238fc7fdfbc7ddd3047b28b6e8a40f5c/elements - {"using":"xpath","value":"//button[@data-kt=\"addButton\"]"}
RESULT: {"using":"xpath","value":"//button[@data-kt=\"addButton\"]"}
COMMAND: POST /session/238fc7fdfbc7ddd3047b28b6e8a40f5c/elements - {"using":"css selector","value":"#shell-header-logo"}
RESULT: {"using":"css selector","value":"#shell-header-logo"}
COMMAND: POST /session/238fc7fdfbc7ddd3047b28b6e8a40f5c/elements - {"using":"xpath","value":"//button[@data-kt=\"addButton\"]"}
RESULT: {"using":"xpath","value":"//button[@data-kt=\"addButton\"]"}
COMMAND: POST /session/238fc7fdfbc7ddd3047b28b6e8a40f5c/elements - {"using":"xpath","value":"//button[@data-kt=\"addButton\"]"}
RESULT: {"using":"xpath","value":"//button[@data-kt=\"addButton\"]"}
COMMAND: POST /session/238fc7fdfbc7ddd3047b28b6e8a40f5c/elements - {"using":"xpath","value":"//button[@data-kt=\"addButton\"]"}
RESULT: {"using":"xpath","value":"//button[@data-kt=\"addButton\"]"}
COMMAND: POST /session/238fc7fdfbc7ddd3047b28b6e8a40f5c/elements - {"using":"xpath","value":"//button[@data-kt=\"addButton\"]"}
RESULT: {"using":"xpath","value":"//button[@data-kt=\"addButton\"]"}
COMMAND: POST /session/238fc7fdfbc7ddd3047b28b6e8a40f5c/elements - {"using":"xpath","value":"//button[@data-kt=\"addButton\"]"}
RESULT: {"using":"xpath","value":"//button[@data-kt=\"addButton\"]"}
COMMAND: POST /session/238fc7fdfbc7ddd3047b28b6e8a40f5c/elements - {"using":"xpath","value":"//button[@data-kt=\"addButton\"]"}
RESULT: {"using":"xpath","value":"//button[@data-kt=\"addButton\"]"}
COMMAND: POST /session/238fc7fdfbc7ddd3047b28b6e8a40f5c/elements - {"using":"xpath","value":"//button[@data-kt=\"addButton\"]"}
RESULT: {"using":"xpath","value":"//button[@data-kt=\"addButton\"]"}
COMMAND: POST /session/238fc7fdfbc7ddd3047b28b6e8a40f5c/elements - {"using":"xpath","value":"//button[@data-kt=\"addButton\"]"}
RESULT: {"using":"xpath","value":"//button[@data-kt=\"addButton\"]"}
COMMAND: POST /session/238fc7fdfbc7ddd3047b28b6e8a40f5c/elements - {"using":"xpath","value":"//button[@data-kt=\"addButton\"]"}
RESULT: {"using":"xpath","value":"//button[@data-kt=\"addButton\"]"}
COMMAND: POST /session/238fc7fdfbc7ddd3047b28b6e8a40f5c/elements - {"using":"xpath","value":"//button[@data-kt=\"addButton\"]"}
RESULT: {"using":"xpath","value":"//button[@data-kt=\"addButton\"]"}
COMMAND: POST /session/238fc7fdfbc7ddd3047b28b6e8a40f5c/elements - {"using":"xpath","value":"//button[@data-kt=\"addButton\"]"}
RESULT: {"using":"xpath","value":"//button[@data-kt=\"addButton\"]"}
COMMAND: POST /session/238fc7fdfbc7ddd3047b28b6e8a40f5c/elements - {"using":"xpath","value":"//button[@data-kt=\"addButton\"]"}
RESULT: {"using":"xpath","value":"//button[@data-kt=\"addButton\"]"}
COMMAND: POST /session/238fc7fdfbc7ddd3047b28b6e8a40f5c/elements - {"using":"xpath","value":"//button[@data-kt=\"addButton\"]"}
RESULT: {"using":"xpath","value":"//button[@data-kt=\"addButton\"]"}
COMMAND: POST /session/238fc7fdfbc7ddd3047b28b6e8a40f5c/elements - {"using":"xpath","value":"//button[@data-kt=\"addButton\"]"}
RESULT: {"using":"xpath","value":"//button[@data-kt=\"addButton\"]"}
COMMAND: POST /session/238fc7fdfbc7ddd3047b28b6e8a40f5c/elements - {"using":"xpath","value":"//button[@data-kt=\"addButton\"]"}
RESULT: {"using":"xpath","value":"//button[@data-kt=\"addButton\"]"}
COMMAND: POST /session/238fc7fdfbc7ddd3047b28b6e8a40f5c/elements - {"using":"xpath","value":"//button[@data-kt=\"addButton\"]"}
RESULT: {"using":"xpath","value":"//button[@data-kt=\"addButton\"]"}
COMMAND: POST /session/238fc7fdfbc7ddd3047b28b6e8a40f5c/elements - {"using":"xpath","value":"//button[@data-kt=\"addButton\"]"}
RESULT: {"using":"xpath","value":"//button[@data-kt=\"addButton\"]"}
COMMAND: POST /session/238fc7fdfbc7ddd3047b28b6e8a40f5c/elements - {"using":"xpath","value":"//button[@data-kt=\"addButton\"]"}
RESULT: {"using":"xpath","value":"//button[@data-kt=\"addButton\"]"}
COMMAND: POST /session/238fc7fdfbc7ddd3047b28b6e8a40f5c/elements - {"using":"xpath","value":"//button[@data-kt=\"addButton\"]"}
RESULT: {"using":"xpath","value":"//button[@data-kt=\"addButton\"]"}
COMMAND: POST /session/238fc7fdfbc7ddd3047b28b6e8a40f5c/elements - {"using":"xpath","value":"//button[@data-kt=\"addButton\"]"}
RESULT: {"using":"xpath","value":"//button[@data-kt=\"addButton\"]"}
COMMAND: POST /session/238fc7fdfbc7ddd3047b28b6e8a40f5c/elements - {"using":"xpath","value":"//button[@data-kt=\"addButton\"]"}
RESULT: {"using":"xpath","value":"//button[@data-kt=\"addButton\"]"}
COMMAND: POST /session/238fc7fdfbc7ddd3047b28b6e8a40f5c/elements - {"using":"xpath","value":"//button[@data-kt=\"addButton\"]"}
RESULT: {"using":"xpath","value":"//button[@data-kt=\"addButton\"]"}
COMMAND: POST /session/238fc7fdfbc7ddd3047b28b6e8a40f5c/elements - {"using":"xpath","value":"//button[@data-kt=\"addButton\"]"}
RESULT: {"using":"xpath","value":"//button[@data-kt=\"addButton\"]"}
COMMAND: POST /session/238fc7fdfbc7ddd3047b28b6e8a40f5c/elements - {"using":"xpath","value":"//button[@data-kt=\"addButton\"]"}
RESULT: {"using":"xpath","value":"//button[@data-kt=\"addButton\"]"}
COMMAND: POST /session/238fc7fdfbc7ddd3047b28b6e8a40f5c/elements - {"using":"xpath","value":"//button[@data-kt=\"addButton\"]"}
RESULT: {"using":"xpath","value":"//button[@data-kt=\"addButton\"]"}
COMMAND: POST /session/238fc7fdfbc7ddd3047b28b6e8a40f5c/elements - {"using":"xpath","value":"//button[@data-kt=\"addButton\"]"}
RESULT: {"using":"xpath","value":"//button[@data-kt=\"addButton\"]"}
COMMAND: POST /session/238fc7fdfbc7ddd3047b28b6e8a40f5c/elements - {"using":"xpath","value":"//button[@data-kt=\"addButton\"]"}
RESULT: {"using":"xpath","value":"//button[@data-kt=\"addButton\"]"}
COMMAND: POST /session/238fc7fdfbc7ddd3047b28b6e8a40f5c/elements - {"using":"xpath","value":"//button[@data-kt=\"addButton\"]"}
RESULT: {"using":"xpath","value":"//button[@data-kt=\"addButton\"]"}
COMMAND: POST /session/238fc7fdfbc7ddd3047b28b6e8a40f5c/elements - {"using":"xpath","value":"//button[@data-kt=\"addButton\"]"}
RESULT: {"using":"xpath","value":"//button[@data-kt=\"addButton\"]"}
COMMAND: POST /session/238fc7fdfbc7ddd3047b28b6e8a40f5c/elements - {"using":"xpath","value":"//button[@data-kt=\"addButton\"]"}
RESULT: {"using":"xpath","value":"//button[@data-kt=\"addButton\"]"}
COMMAND: POST /session/238fc7fdfbc7ddd3047b28b6e8a40f5c/elements - {"using":"xpath","value":"//button[@data-kt=\"addButton\"]"}
RESULT: {"using":"xpath","value":"//button[@data-kt=\"addButton\"]"}
COMMAND: POST /session/238fc7fdfbc7ddd3047b28b6e8a40f5c/elements - {"using":"xpath","value":"//button[@data-kt=\"addButton\"]"}
RESULT: {"using":"xpath","value":"//button[@data-kt=\"addButton\"]"}
COMMAND: POST /session/238fc7fdfbc7ddd3047b28b6e8a40f5c/elements - {"using":"xpath","value":"//button[@data-kt=\"addButton\"]"}
RESULT: {"using":"xpath","value":"//button[@data-kt=\"addButton\"]"}
COMMAND: POST /session/238fc7fdfbc7ddd3047b28b6e8a40f5c/elements - {"using":"xpath","value":"//button[@data-kt=\"addButton\"]"}
RESULT: {"using":"xpath","value":"//button[@data-kt=\"addButton\"]"}
COMMAND: POST /session/238fc7fdfbc7ddd3047b28b6e8a40f5c/elements - {"using":"xpath","value":"//button[@data-kt=\"addButton\"]"}
RESULT: {"using":"xpath","value":"//button[@data-kt=\"addButton\"]"}
COMMAND: POST /session/238fc7fdfbc7ddd3047b28b6e8a40f5c/elements - {"using":"xpath","value":"//button[@data-kt=\"addButton\"]"}
RESULT: {"using":"xpath","value":"//button[@data-kt=\"addButton\"]"}
COMMAND: POST /session/238fc7fdfbc7ddd3047b28b6e8a40f5c/elements - {"using":"xpath","value":"//button[@data-kt=\"addButton\"]"}
RESULT: {"using":"xpath","value":"//button[@data-kt=\"addButton\"]"}
COMMAND: POST /session/238fc7fdfbc7ddd3047b28b6e8a40f5c/elements - {"using":"xpath","value":"//button[@data-kt=\"addButton\"]"}
RESULT: {"using":"xpath","value":"//button[@data-kt=\"addButton\"]"}
COMMAND: POST /session/238fc7fdfbc7ddd3047b28b6e8a40f5c/elements - {"using":"xpath","value":"//button[@data-kt=\"addButton\"]"}
RESULT: {"using":"xpath","value":"//button[@data-kt=\"addButton\"]"}
COMMAND: POST /session/238fc7fdfbc7ddd3047b28b6e8a40f5c/elements - {"using":"xpath","value":"//button[@data-kt=\"addButton\"]"}
RESULT: {"using":"xpath","value":"//button[@data-kt=\"addButton\"]"}
COMMAND: POST /session/238fc7fdfbc7ddd3047b28b6e8a40f5c/elements - {"using":"xpath","value":"//button[@data-kt=\"addButton\"]"}
RESULT: {"using":"xpath","value":"//button[@data-kt=\"addButton\"]"}
COMMAND: POST /session/238fc7fdfbc7ddd3047b28b6e8a40f5c/elements - {"using":"xpath","value":"//button[@data-kt=\"addButton\"]"}
RESULT: {"using":"xpath","value":"//button[@data-kt=\"addButton\"]"}
COMMAND: POST /session/238fc7fdfbc7ddd3047b28b6e8a40f5c/elements - {"using":"xpath","value":"//button[@data-kt=\"addButton\"]"}
RESULT: {"using":"xpath","value":"//button[@data-kt=\"addButton\"]"}
COMMAND: POST /session/238fc7fdfbc7ddd3047b28b6e8a40f5c/elements - {"using":"xpath","value":"//button[@data-kt=\"addButton\"]"}
RESULT: {"using":"xpath","value":"//button[@data-kt=\"addButton\"]"}
COMMAND: POST /session/238fc7fdfbc7ddd3047b28b6e8a40f5c/elements - {"using":"xpath","value":"//button[@data-kt=\"addButton\"]"}
RESULT: {"using":"xpath","value":"//button[@data-kt=\"addButton\"]"}
COMMAND: POST /session/238fc7fdfbc7ddd3047b28b6e8a40f5c/elements - {"using":"xpath","value":"//button[@data-kt=\"addButton\"]"}
RESULT: {"using":"xpath","value":"//button[@data-kt=\"addButton\"]"}
COMMAND: POST /session/238fc7fdfbc7ddd3047b28b6e8a40f5c/elements - {"using":"xpath","value":"//button[@data-kt=\"addButton\"]"}
RESULT: {"using":"xpath","value":"//button[@data-kt=\"addButton\"]"}
COMMAND: POST /session/238fc7fdfbc7ddd3047b28b6e8a40f5c/elements - {"using":"xpath","value":"//button[@data-kt=\"addButton\"]"}
RESULT: {"using":"xpath","value":"//button[@data-kt=\"addButton\"]"}
COMMAND: POST /session/238fc7fdfbc7ddd3047b28b6e8a40f5c/elements - {"using":"xpath","value":"//button[@data-kt=\"addButton\"]"}
RESULT: {"using":"xpath","value":"//button[@data-kt=\"addButton\"]"}
COMMAND: POST /session/238fc7fdfbc7ddd3047b28b6e8a40f5c/elements - {"using":"xpath","value":"//button[@data-kt=\"addButton\"]"}
RESULT: {"using":"xpath","value":"//button[@data-kt=\"addButton\"]"}
COMMAND: POST /session/238fc7fdfbc7ddd3047b28b6e8a40f5c/elements - {"using":"xpath","value":"//button[@data-kt=\"addButton\"]"}
RESULT: {"using":"xpath","value":"//button[@data-kt=\"addButton\"]"}
COMMAND: POST /session/238fc7fdfbc7ddd3047b28b6e8a40f5c/elements - {"using":"xpath","value":"//button[@data-kt=\"addButton\"]"}
RESULT: {"using":"xpath","value":"//button[@data-kt=\"addButton\"]"}
COMMAND: POST /session/238fc7fdfbc7ddd3047b28b6e8a40f5c/elements - {"using":"xpath","value":"//button[@data-kt=\"addButton\"]"}
RESULT: {"using":"xpath","value":"//button[@data-kt=\"addButton\"]"}
COMMAND: POST /session/238fc7fdfbc7ddd3047b28b6e8a40f5c/elements - {"using":"xpath","value":"//button[@data-kt=\"addButton\"]"}
COMMAND: GET /session/238fc7fdfbc7ddd3047b28b6e8a40f5c/screenshot - {}
RESULT: {"using":"xpath","value":"//button[@data-kt=\"addButton\"]"}
RESULT: {}
]]></system-out>
      <system-err><![CDATA[
Error: element ("//button[@data-kt="addButton"]") still not existing after 45000ms
    at async UtilsPrerequisites.partnerCreation (D:\a\1\s\test\specs\BTS\prerequisites-and-utils-functions.js:387:9)
    at async Context.<anonymous> (D:\a\1\s\test\specs\BTS\manage-partners.spec.js:363:44)
]]></system-err>
    </testcase>
    <testcase classname="chrome.136_0_7103_49.windows.Partner_specific_tests_US150819_US151080_US151654_US151176_US103444_US151078_US151079_US151109_US151174_US151175_US151189" name="Should do filtering and navigation tests US151109" time="55.394">
      <skipped />
      <system-out><![CDATA[
COMMAND: GET /session/238fc7fdfbc7ddd3047b28b6e8a40f5c/screenshot - {}
COMMAND: POST /session/238fc7fdfbc7ddd3047b28b6e8a40f5c/element - {"using":"xpath","value":"//li[.//span[text()=\"Manage Partners\"]]"}
RESULT: {"using":"xpath","value":"//li[.//span[text()=\"Manage Partners\"]]"}
COMMAND: POST /session/238fc7fdfbc7ddd3047b28b6e8a40f5c/element - {"using":"xpath","value":"//li[.//span[text()=\"Manage Partners\"]]"}
RESULT: {}
RESULT: {"using":"xpath","value":"//li[.//span[text()=\"Manage Partners\"]]"}
COMMAND: POST /session/238fc7fdfbc7ddd3047b28b6e8a40f5c/element - {"using":"css selector","value":"#shell-header-logo"}
RESULT: {"using":"css selector","value":"#shell-header-logo"}
COMMAND: POST /session/238fc7fdfbc7ddd3047b28b6e8a40f5c/elements - {"using":"css selector","value":"#shell-header-logo"}
COMMAND: POST /session/238fc7fdfbc7ddd3047b28b6e8a40f5c/element - {"using":"css selector","value":"#shell-header-logo"}
RESULT: {"using":"css selector","value":"#shell-header-logo"}
RESULT: {"using":"css selector","value":"#shell-header-logo"}
COMMAND: POST /session/238fc7fdfbc7ddd3047b28b6e8a40f5c/elements - {"using":"css selector","value":"#shell-header-logo"}
RESULT: {"using":"css selector","value":"#shell-header-logo"}
COMMAND: POST /session/238fc7fdfbc7ddd3047b28b6e8a40f5c/elements - {"using":"css selector","value":"#shell-header-logo"}
RESULT: {"using":"css selector","value":"#shell-header-logo"}
COMMAND: POST /session/238fc7fdfbc7ddd3047b28b6e8a40f5c/elements - {"using":"css selector","value":"#shell-header-logo"}
RESULT: {"using":"css selector","value":"#shell-header-logo"}
COMMAND: POST /session/238fc7fdfbc7ddd3047b28b6e8a40f5c/elements - {"using":"css selector","value":"#shell-header-logo"}
RESULT: {"using":"css selector","value":"#shell-header-logo"}
COMMAND: POST /session/238fc7fdfbc7ddd3047b28b6e8a40f5c/elements - {"using":"css selector","value":"#shell-header-logo"}
RESULT: {"using":"css selector","value":"#shell-header-logo"}
COMMAND: POST /session/238fc7fdfbc7ddd3047b28b6e8a40f5c/elements - {"using":"css selector","value":"#shell-header-logo"}
RESULT: {"using":"css selector","value":"#shell-header-logo"}
COMMAND: POST /session/238fc7fdfbc7ddd3047b28b6e8a40f5c/elements - {"using":"css selector","value":"#shell-header-logo"}
RESULT: {"using":"css selector","value":"#shell-header-logo"}
COMMAND: POST /session/238fc7fdfbc7ddd3047b28b6e8a40f5c/elements - {"using":"css selector","value":"#shell-header-logo"}
RESULT: {"using":"css selector","value":"#shell-header-logo"}
COMMAND: POST /session/238fc7fdfbc7ddd3047b28b6e8a40f5c/elements - {"using":"css selector","value":"#shell-header-logo"}
RESULT: {"using":"css selector","value":"#shell-header-logo"}
COMMAND: POST /session/238fc7fdfbc7ddd3047b28b6e8a40f5c/elements - {"using":"css selector","value":"#shell-header-logo"}
RESULT: {"using":"css selector","value":"#shell-header-logo"}
COMMAND: POST /session/238fc7fdfbc7ddd3047b28b6e8a40f5c/elements - {"using":"css selector","value":"#shell-header-logo"}
RESULT: {"using":"css selector","value":"#shell-header-logo"}
COMMAND: POST /session/238fc7fdfbc7ddd3047b28b6e8a40f5c/elements - {"using":"css selector","value":"#shell-header-logo"}
RESULT: {"using":"css selector","value":"#shell-header-logo"}
COMMAND: POST /session/238fc7fdfbc7ddd3047b28b6e8a40f5c/elements - {"using":"css selector","value":"#shell-header-logo"}
RESULT: {"using":"css selector","value":"#shell-header-logo"}
COMMAND: POST /session/238fc7fdfbc7ddd3047b28b6e8a40f5c/elements - {"using":"css selector","value":"#shell-header-logo"}
RESULT: {"using":"css selector","value":"#shell-header-logo"}
COMMAND: POST /session/238fc7fdfbc7ddd3047b28b6e8a40f5c/elements - {"using":"css selector","value":"#shell-header-logo"}
RESULT: {"using":"css selector","value":"#shell-header-logo"}
COMMAND: POST /session/238fc7fdfbc7ddd3047b28b6e8a40f5c/elements - {"using":"css selector","value":"#shell-header-logo"}
RESULT: {"using":"css selector","value":"#shell-header-logo"}
COMMAND: POST /session/238fc7fdfbc7ddd3047b28b6e8a40f5c/elements - {"using":"css selector","value":"#shell-header-logo"}
RESULT: {"using":"css selector","value":"#shell-header-logo"}
COMMAND: POST /session/238fc7fdfbc7ddd3047b28b6e8a40f5c/elements - {"using":"css selector","value":"#shell-header-logo"}
RESULT: {"using":"css selector","value":"#shell-header-logo"}
COMMAND: POST /session/238fc7fdfbc7ddd3047b28b6e8a40f5c/elements - {"using":"css selector","value":"#shell-header-logo"}
RESULT: {"using":"css selector","value":"#shell-header-logo"}
RESULT: undefined
COMMAND: POST /session/238fc7fdfbc7ddd3047b28b6e8a40f5c/element - {"using":"xpath","value":"//button[@data-kt=\"addButton\"]"}
COMMAND: POST /session/238fc7fdfbc7ddd3047b28b6e8a40f5c/elements - {"using":"css selector","value":"#shell-header-logo"}
RESULT: {"using":"xpath","value":"//button[@data-kt=\"addButton\"]"}
COMMAND: POST /session/238fc7fdfbc7ddd3047b28b6e8a40f5c/elements - {"using":"xpath","value":"//button[@data-kt=\"addButton\"]"}
RESULT: {"using":"css selector","value":"#shell-header-logo"}
RESULT: {"using":"xpath","value":"//button[@data-kt=\"addButton\"]"}
COMMAND: POST /session/238fc7fdfbc7ddd3047b28b6e8a40f5c/elements - {"using":"css selector","value":"#shell-header-logo"}
COMMAND: POST /session/238fc7fdfbc7ddd3047b28b6e8a40f5c/elements - {"using":"xpath","value":"//button[@data-kt=\"addButton\"]"}
RESULT: {"using":"css selector","value":"#shell-header-logo"}
RESULT: {"using":"xpath","value":"//button[@data-kt=\"addButton\"]"}
COMMAND: POST /session/238fc7fdfbc7ddd3047b28b6e8a40f5c/elements - {"using":"css selector","value":"#shell-header-logo"}
RESULT: {"using":"css selector","value":"#shell-header-logo"}
COMMAND: POST /session/238fc7fdfbc7ddd3047b28b6e8a40f5c/elements - {"using":"xpath","value":"//button[@data-kt=\"addButton\"]"}
RESULT: {"using":"xpath","value":"//button[@data-kt=\"addButton\"]"}
COMMAND: POST /session/238fc7fdfbc7ddd3047b28b6e8a40f5c/elements - {"using":"css selector","value":"#shell-header-logo"}
RESULT: {"using":"css selector","value":"#shell-header-logo"}
COMMAND: POST /session/238fc7fdfbc7ddd3047b28b6e8a40f5c/elements - {"using":"xpath","value":"//button[@data-kt=\"addButton\"]"}
RESULT: {"using":"xpath","value":"//button[@data-kt=\"addButton\"]"}
COMMAND: POST /session/238fc7fdfbc7ddd3047b28b6e8a40f5c/elements - {"using":"css selector","value":"#shell-header-logo"}
RESULT: {"using":"css selector","value":"#shell-header-logo"}
COMMAND: POST /session/238fc7fdfbc7ddd3047b28b6e8a40f5c/elements - {"using":"xpath","value":"//button[@data-kt=\"addButton\"]"}
RESULT: {"using":"xpath","value":"//button[@data-kt=\"addButton\"]"}
COMMAND: POST /session/238fc7fdfbc7ddd3047b28b6e8a40f5c/elements - {"using":"css selector","value":"#shell-header-logo"}
RESULT: {"using":"css selector","value":"#shell-header-logo"}
COMMAND: POST /session/238fc7fdfbc7ddd3047b28b6e8a40f5c/elements - {"using":"xpath","value":"//button[@data-kt=\"addButton\"]"}
RESULT: {"using":"xpath","value":"//button[@data-kt=\"addButton\"]"}
COMMAND: POST /session/238fc7fdfbc7ddd3047b28b6e8a40f5c/elements - {"using":"css selector","value":"#shell-header-logo"}
RESULT: {"using":"css selector","value":"#shell-header-logo"}
COMMAND: POST /session/238fc7fdfbc7ddd3047b28b6e8a40f5c/elements - {"using":"xpath","value":"//button[@data-kt=\"addButton\"]"}
RESULT: {"using":"xpath","value":"//button[@data-kt=\"addButton\"]"}
COMMAND: POST /session/238fc7fdfbc7ddd3047b28b6e8a40f5c/elements - {"using":"css selector","value":"#shell-header-logo"}
COMMAND: POST /session/238fc7fdfbc7ddd3047b28b6e8a40f5c/elements - {"using":"xpath","value":"//button[@data-kt=\"addButton\"]"}
RESULT: {"using":"css selector","value":"#shell-header-logo"}
RESULT: {"using":"xpath","value":"//button[@data-kt=\"addButton\"]"}
COMMAND: POST /session/238fc7fdfbc7ddd3047b28b6e8a40f5c/elements - {"using":"css selector","value":"#shell-header-logo"}
RESULT: {"using":"css selector","value":"#shell-header-logo"}
COMMAND: POST /session/238fc7fdfbc7ddd3047b28b6e8a40f5c/elements - {"using":"xpath","value":"//button[@data-kt=\"addButton\"]"}
RESULT: {"using":"xpath","value":"//button[@data-kt=\"addButton\"]"}
COMMAND: POST /session/238fc7fdfbc7ddd3047b28b6e8a40f5c/elements - {"using":"css selector","value":"#shell-header-logo"}
RESULT: {"using":"css selector","value":"#shell-header-logo"}
COMMAND: POST /session/238fc7fdfbc7ddd3047b28b6e8a40f5c/elements - {"using":"xpath","value":"//button[@data-kt=\"addButton\"]"}
RESULT: {"using":"xpath","value":"//button[@data-kt=\"addButton\"]"}
COMMAND: POST /session/238fc7fdfbc7ddd3047b28b6e8a40f5c/elements - {"using":"css selector","value":"#shell-header-logo"}
RESULT: {"using":"css selector","value":"#shell-header-logo"}
COMMAND: POST /session/238fc7fdfbc7ddd3047b28b6e8a40f5c/elements - {"using":"xpath","value":"//button[@data-kt=\"addButton\"]"}
RESULT: {"using":"xpath","value":"//button[@data-kt=\"addButton\"]"}
COMMAND: POST /session/238fc7fdfbc7ddd3047b28b6e8a40f5c/elements - {"using":"css selector","value":"#shell-header-logo"}
RESULT: {"using":"css selector","value":"#shell-header-logo"}
COMMAND: POST /session/238fc7fdfbc7ddd3047b28b6e8a40f5c/elements - {"using":"xpath","value":"//button[@data-kt=\"addButton\"]"}
RESULT: {"using":"xpath","value":"//button[@data-kt=\"addButton\"]"}
COMMAND: POST /session/238fc7fdfbc7ddd3047b28b6e8a40f5c/elements - {"using":"css selector","value":"#shell-header-logo"}
RESULT: {"using":"css selector","value":"#shell-header-logo"}
COMMAND: POST /session/238fc7fdfbc7ddd3047b28b6e8a40f5c/elements - {"using":"xpath","value":"//button[@data-kt=\"addButton\"]"}
RESULT: {"using":"xpath","value":"//button[@data-kt=\"addButton\"]"}
COMMAND: POST /session/238fc7fdfbc7ddd3047b28b6e8a40f5c/elements - {"using":"css selector","value":"#shell-header-logo"}
RESULT: {"using":"css selector","value":"#shell-header-logo"}
COMMAND: POST /session/238fc7fdfbc7ddd3047b28b6e8a40f5c/elements - {"using":"xpath","value":"//button[@data-kt=\"addButton\"]"}
RESULT: {"using":"xpath","value":"//button[@data-kt=\"addButton\"]"}
COMMAND: POST /session/238fc7fdfbc7ddd3047b28b6e8a40f5c/elements - {"using":"css selector","value":"#shell-header-logo"}
RESULT: {"using":"css selector","value":"#shell-header-logo"}
COMMAND: POST /session/238fc7fdfbc7ddd3047b28b6e8a40f5c/elements - {"using":"xpath","value":"//button[@data-kt=\"addButton\"]"}
RESULT: {"using":"xpath","value":"//button[@data-kt=\"addButton\"]"}
COMMAND: POST /session/238fc7fdfbc7ddd3047b28b6e8a40f5c/elements - {"using":"css selector","value":"#shell-header-logo"}
RESULT: {"using":"css selector","value":"#shell-header-logo"}
COMMAND: POST /session/238fc7fdfbc7ddd3047b28b6e8a40f5c/elements - {"using":"xpath","value":"//button[@data-kt=\"addButton\"]"}
RESULT: {"using":"xpath","value":"//button[@data-kt=\"addButton\"]"}
COMMAND: POST /session/238fc7fdfbc7ddd3047b28b6e8a40f5c/elements - {"using":"css selector","value":"#shell-header-logo"}
RESULT: {"using":"css selector","value":"#shell-header-logo"}
COMMAND: POST /session/238fc7fdfbc7ddd3047b28b6e8a40f5c/elements - {"using":"xpath","value":"//button[@data-kt=\"addButton\"]"}
RESULT: {"using":"xpath","value":"//button[@data-kt=\"addButton\"]"}
COMMAND: POST /session/238fc7fdfbc7ddd3047b28b6e8a40f5c/elements - {"using":"css selector","value":"#shell-header-logo"}
RESULT: {"using":"css selector","value":"#shell-header-logo"}
COMMAND: POST /session/238fc7fdfbc7ddd3047b28b6e8a40f5c/elements - {"using":"xpath","value":"//button[@data-kt=\"addButton\"]"}
RESULT: {"using":"xpath","value":"//button[@data-kt=\"addButton\"]"}
COMMAND: POST /session/238fc7fdfbc7ddd3047b28b6e8a40f5c/elements - {"using":"css selector","value":"#shell-header-logo"}
RESULT: {"using":"css selector","value":"#shell-header-logo"}
COMMAND: POST /session/238fc7fdfbc7ddd3047b28b6e8a40f5c/elements - {"using":"xpath","value":"//button[@data-kt=\"addButton\"]"}
RESULT: {"using":"xpath","value":"//button[@data-kt=\"addButton\"]"}
COMMAND: POST /session/238fc7fdfbc7ddd3047b28b6e8a40f5c/elements - {"using":"css selector","value":"#shell-header-logo"}
RESULT: {"using":"css selector","value":"#shell-header-logo"}
COMMAND: POST /session/238fc7fdfbc7ddd3047b28b6e8a40f5c/elements - {"using":"xpath","value":"//button[@data-kt=\"addButton\"]"}
RESULT: {"using":"xpath","value":"//button[@data-kt=\"addButton\"]"}
COMMAND: POST /session/238fc7fdfbc7ddd3047b28b6e8a40f5c/elements - {"using":"css selector","value":"#shell-header-logo"}
RESULT: {"using":"css selector","value":"#shell-header-logo"}
COMMAND: POST /session/238fc7fdfbc7ddd3047b28b6e8a40f5c/elements - {"using":"xpath","value":"//button[@data-kt=\"addButton\"]"}
RESULT: {"using":"xpath","value":"//button[@data-kt=\"addButton\"]"}
COMMAND: POST /session/238fc7fdfbc7ddd3047b28b6e8a40f5c/elements - {"using":"css selector","value":"#shell-header-logo"}
COMMAND: POST /session/238fc7fdfbc7ddd3047b28b6e8a40f5c/elements - {"using":"xpath","value":"//button[@data-kt=\"addButton\"]"}
RESULT: {"using":"css selector","value":"#shell-header-logo"}
RESULT: {"using":"xpath","value":"//button[@data-kt=\"addButton\"]"}
COMMAND: POST /session/238fc7fdfbc7ddd3047b28b6e8a40f5c/elements - {"using":"css selector","value":"#shell-header-logo"}
RESULT: {"using":"css selector","value":"#shell-header-logo"}
COMMAND: POST /session/238fc7fdfbc7ddd3047b28b6e8a40f5c/elements - {"using":"xpath","value":"//button[@data-kt=\"addButton\"]"}
RESULT: {"using":"xpath","value":"//button[@data-kt=\"addButton\"]"}
COMMAND: POST /session/238fc7fdfbc7ddd3047b28b6e8a40f5c/elements - {"using":"css selector","value":"#shell-header-logo"}
RESULT: {"using":"css selector","value":"#shell-header-logo"}
COMMAND: POST /session/238fc7fdfbc7ddd3047b28b6e8a40f5c/elements - {"using":"xpath","value":"//button[@data-kt=\"addButton\"]"}
RESULT: {"using":"xpath","value":"//button[@data-kt=\"addButton\"]"}
COMMAND: POST /session/238fc7fdfbc7ddd3047b28b6e8a40f5c/elements - {"using":"css selector","value":"#shell-header-logo"}
RESULT: {"using":"css selector","value":"#shell-header-logo"}
COMMAND: POST /session/238fc7fdfbc7ddd3047b28b6e8a40f5c/elements - {"using":"xpath","value":"//button[@data-kt=\"addButton\"]"}
RESULT: {"using":"xpath","value":"//button[@data-kt=\"addButton\"]"}
COMMAND: POST /session/238fc7fdfbc7ddd3047b28b6e8a40f5c/elements - {"using":"css selector","value":"#shell-header-logo"}
RESULT: {"using":"css selector","value":"#shell-header-logo"}
COMMAND: POST /session/238fc7fdfbc7ddd3047b28b6e8a40f5c/elements - {"using":"xpath","value":"//button[@data-kt=\"addButton\"]"}
RESULT: {"using":"xpath","value":"//button[@data-kt=\"addButton\"]"}
COMMAND: POST /session/238fc7fdfbc7ddd3047b28b6e8a40f5c/elements - {"using":"css selector","value":"#shell-header-logo"}
RESULT: {"using":"css selector","value":"#shell-header-logo"}
COMMAND: POST /session/238fc7fdfbc7ddd3047b28b6e8a40f5c/elements - {"using":"xpath","value":"//button[@data-kt=\"addButton\"]"}
RESULT: {"using":"xpath","value":"//button[@data-kt=\"addButton\"]"}
COMMAND: POST /session/238fc7fdfbc7ddd3047b28b6e8a40f5c/elements - {"using":"css selector","value":"#shell-header-logo"}
RESULT: {"using":"css selector","value":"#shell-header-logo"}
COMMAND: POST /session/238fc7fdfbc7ddd3047b28b6e8a40f5c/elements - {"using":"xpath","value":"//button[@data-kt=\"addButton\"]"}
RESULT: {"using":"xpath","value":"//button[@data-kt=\"addButton\"]"}
COMMAND: POST /session/238fc7fdfbc7ddd3047b28b6e8a40f5c/elements - {"using":"css selector","value":"#shell-header-logo"}
RESULT: {"using":"css selector","value":"#shell-header-logo"}
COMMAND: POST /session/238fc7fdfbc7ddd3047b28b6e8a40f5c/elements - {"using":"xpath","value":"//button[@data-kt=\"addButton\"]"}
RESULT: {"using":"xpath","value":"//button[@data-kt=\"addButton\"]"}
COMMAND: POST /session/238fc7fdfbc7ddd3047b28b6e8a40f5c/elements - {"using":"css selector","value":"#shell-header-logo"}
RESULT: {"using":"css selector","value":"#shell-header-logo"}
COMMAND: POST /session/238fc7fdfbc7ddd3047b28b6e8a40f5c/elements - {"using":"xpath","value":"//button[@data-kt=\"addButton\"]"}
RESULT: {"using":"xpath","value":"//button[@data-kt=\"addButton\"]"}
COMMAND: POST /session/238fc7fdfbc7ddd3047b28b6e8a40f5c/elements - {"using":"css selector","value":"#shell-header-logo"}
RESULT: {"using":"css selector","value":"#shell-header-logo"}
COMMAND: POST /session/238fc7fdfbc7ddd3047b28b6e8a40f5c/elements - {"using":"xpath","value":"//button[@data-kt=\"addButton\"]"}
RESULT: {"using":"xpath","value":"//button[@data-kt=\"addButton\"]"}
COMMAND: POST /session/238fc7fdfbc7ddd3047b28b6e8a40f5c/elements - {"using":"css selector","value":"#shell-header-logo"}
RESULT: {"using":"css selector","value":"#shell-header-logo"}
COMMAND: POST /session/238fc7fdfbc7ddd3047b28b6e8a40f5c/elements - {"using":"xpath","value":"//button[@data-kt=\"addButton\"]"}
RESULT: {"using":"xpath","value":"//button[@data-kt=\"addButton\"]"}
COMMAND: POST /session/238fc7fdfbc7ddd3047b28b6e8a40f5c/elements - {"using":"css selector","value":"#shell-header-logo"}
COMMAND: POST /session/238fc7fdfbc7ddd3047b28b6e8a40f5c/elements - {"using":"xpath","value":"//button[@data-kt=\"addButton\"]"}
RESULT: {"using":"css selector","value":"#shell-header-logo"}
RESULT: {"using":"xpath","value":"//button[@data-kt=\"addButton\"]"}
COMMAND: POST /session/238fc7fdfbc7ddd3047b28b6e8a40f5c/elements - {"using":"css selector","value":"#shell-header-logo"}
COMMAND: POST /session/238fc7fdfbc7ddd3047b28b6e8a40f5c/elements - {"using":"xpath","value":"//button[@data-kt=\"addButton\"]"}
RESULT: {"using":"css selector","value":"#shell-header-logo"}
RESULT: {"using":"xpath","value":"//button[@data-kt=\"addButton\"]"}
COMMAND: POST /session/238fc7fdfbc7ddd3047b28b6e8a40f5c/elements - {"using":"css selector","value":"#shell-header-logo"}
RESULT: {"using":"css selector","value":"#shell-header-logo"}
COMMAND: POST /session/238fc7fdfbc7ddd3047b28b6e8a40f5c/elements - {"using":"xpath","value":"//button[@data-kt=\"addButton\"]"}
RESULT: {"using":"xpath","value":"//button[@data-kt=\"addButton\"]"}
COMMAND: POST /session/238fc7fdfbc7ddd3047b28b6e8a40f5c/elements - {"using":"css selector","value":"#shell-header-logo"}
RESULT: {"using":"css selector","value":"#shell-header-logo"}
COMMAND: POST /session/238fc7fdfbc7ddd3047b28b6e8a40f5c/elements - {"using":"xpath","value":"//button[@data-kt=\"addButton\"]"}
RESULT: {"using":"xpath","value":"//button[@data-kt=\"addButton\"]"}
COMMAND: POST /session/238fc7fdfbc7ddd3047b28b6e8a40f5c/elements - {"using":"css selector","value":"#shell-header-logo"}
RESULT: {"using":"css selector","value":"#shell-header-logo"}
COMMAND: POST /session/238fc7fdfbc7ddd3047b28b6e8a40f5c/elements - {"using":"xpath","value":"//button[@data-kt=\"addButton\"]"}
RESULT: {"using":"xpath","value":"//button[@data-kt=\"addButton\"]"}
COMMAND: POST /session/238fc7fdfbc7ddd3047b28b6e8a40f5c/elements - {"using":"css selector","value":"#shell-header-logo"}
RESULT: {"using":"css selector","value":"#shell-header-logo"}
COMMAND: POST /session/238fc7fdfbc7ddd3047b28b6e8a40f5c/elements - {"using":"xpath","value":"//button[@data-kt=\"addButton\"]"}
RESULT: {"using":"xpath","value":"//button[@data-kt=\"addButton\"]"}
COMMAND: POST /session/238fc7fdfbc7ddd3047b28b6e8a40f5c/elements - {"using":"css selector","value":"#shell-header-logo"}
RESULT: {"using":"css selector","value":"#shell-header-logo"}
COMMAND: POST /session/238fc7fdfbc7ddd3047b28b6e8a40f5c/elements - {"using":"xpath","value":"//button[@data-kt=\"addButton\"]"}
RESULT: {"using":"xpath","value":"//button[@data-kt=\"addButton\"]"}
COMMAND: POST /session/238fc7fdfbc7ddd3047b28b6e8a40f5c/elements - {"using":"css selector","value":"#shell-header-logo"}
RESULT: {"using":"css selector","value":"#shell-header-logo"}
COMMAND: POST /session/238fc7fdfbc7ddd3047b28b6e8a40f5c/elements - {"using":"xpath","value":"//button[@data-kt=\"addButton\"]"}
RESULT: {"using":"xpath","value":"//button[@data-kt=\"addButton\"]"}
COMMAND: POST /session/238fc7fdfbc7ddd3047b28b6e8a40f5c/elements - {"using":"css selector","value":"#shell-header-logo"}
RESULT: {"using":"css selector","value":"#shell-header-logo"}
COMMAND: POST /session/238fc7fdfbc7ddd3047b28b6e8a40f5c/elements - {"using":"xpath","value":"//button[@data-kt=\"addButton\"]"}
RESULT: {"using":"xpath","value":"//button[@data-kt=\"addButton\"]"}
COMMAND: POST /session/238fc7fdfbc7ddd3047b28b6e8a40f5c/elements - {"using":"css selector","value":"#shell-header-logo"}
RESULT: {"using":"css selector","value":"#shell-header-logo"}
COMMAND: POST /session/238fc7fdfbc7ddd3047b28b6e8a40f5c/elements - {"using":"xpath","value":"//button[@data-kt=\"addButton\"]"}
RESULT: {"using":"xpath","value":"//button[@data-kt=\"addButton\"]"}
COMMAND: POST /session/238fc7fdfbc7ddd3047b28b6e8a40f5c/elements - {"using":"css selector","value":"#shell-header-logo"}
RESULT: {"using":"css selector","value":"#shell-header-logo"}
COMMAND: POST /session/238fc7fdfbc7ddd3047b28b6e8a40f5c/elements - {"using":"xpath","value":"//button[@data-kt=\"addButton\"]"}
RESULT: {"using":"xpath","value":"//button[@data-kt=\"addButton\"]"}
COMMAND: POST /session/238fc7fdfbc7ddd3047b28b6e8a40f5c/elements - {"using":"css selector","value":"#shell-header-logo"}
RESULT: {"using":"css selector","value":"#shell-header-logo"}
COMMAND: POST /session/238fc7fdfbc7ddd3047b28b6e8a40f5c/elements - {"using":"xpath","value":"//button[@data-kt=\"addButton\"]"}
RESULT: {"using":"xpath","value":"//button[@data-kt=\"addButton\"]"}
COMMAND: POST /session/238fc7fdfbc7ddd3047b28b6e8a40f5c/elements - {"using":"css selector","value":"#shell-header-logo"}
RESULT: {"using":"css selector","value":"#shell-header-logo"}
COMMAND: POST /session/238fc7fdfbc7ddd3047b28b6e8a40f5c/elements - {"using":"xpath","value":"//button[@data-kt=\"addButton\"]"}
RESULT: {"using":"xpath","value":"//button[@data-kt=\"addButton\"]"}
COMMAND: POST /session/238fc7fdfbc7ddd3047b28b6e8a40f5c/elements - {"using":"css selector","value":"#shell-header-logo"}
RESULT: {"using":"css selector","value":"#shell-header-logo"}
COMMAND: POST /session/238fc7fdfbc7ddd3047b28b6e8a40f5c/elements - {"using":"xpath","value":"//button[@data-kt=\"addButton\"]"}
RESULT: {"using":"xpath","value":"//button[@data-kt=\"addButton\"]"}
COMMAND: POST /session/238fc7fdfbc7ddd3047b28b6e8a40f5c/elements - {"using":"css selector","value":"#shell-header-logo"}
RESULT: {"using":"css selector","value":"#shell-header-logo"}
COMMAND: POST /session/238fc7fdfbc7ddd3047b28b6e8a40f5c/elements - {"using":"xpath","value":"//button[@data-kt=\"addButton\"]"}
RESULT: {"using":"xpath","value":"//button[@data-kt=\"addButton\"]"}
COMMAND: POST /session/238fc7fdfbc7ddd3047b28b6e8a40f5c/elements - {"using":"css selector","value":"#shell-header-logo"}
COMMAND: POST /session/238fc7fdfbc7ddd3047b28b6e8a40f5c/elements - {"using":"xpath","value":"//button[@data-kt=\"addButton\"]"}
RESULT: {"using":"css selector","value":"#shell-header-logo"}
RESULT: {"using":"xpath","value":"//button[@data-kt=\"addButton\"]"}
COMMAND: POST /session/238fc7fdfbc7ddd3047b28b6e8a40f5c/elements - {"using":"css selector","value":"#shell-header-logo"}
RESULT: {"using":"css selector","value":"#shell-header-logo"}
COMMAND: POST /session/238fc7fdfbc7ddd3047b28b6e8a40f5c/elements - {"using":"xpath","value":"//button[@data-kt=\"addButton\"]"}
RESULT: {"using":"xpath","value":"//button[@data-kt=\"addButton\"]"}
COMMAND: POST /session/238fc7fdfbc7ddd3047b28b6e8a40f5c/elements - {"using":"css selector","value":"#shell-header-logo"}
RESULT: {"using":"css selector","value":"#shell-header-logo"}
COMMAND: POST /session/238fc7fdfbc7ddd3047b28b6e8a40f5c/elements - {"using":"xpath","value":"//button[@data-kt=\"addButton\"]"}
RESULT: {"using":"xpath","value":"//button[@data-kt=\"addButton\"]"}
COMMAND: POST /session/238fc7fdfbc7ddd3047b28b6e8a40f5c/elements - {"using":"css selector","value":"#shell-header-logo"}
COMMAND: POST /session/238fc7fdfbc7ddd3047b28b6e8a40f5c/elements - {"using":"xpath","value":"//button[@data-kt=\"addButton\"]"}
RESULT: {"using":"css selector","value":"#shell-header-logo"}
RESULT: {"using":"xpath","value":"//button[@data-kt=\"addButton\"]"}
COMMAND: POST /session/238fc7fdfbc7ddd3047b28b6e8a40f5c/elements - {"using":"css selector","value":"#shell-header-logo"}
RESULT: {"using":"css selector","value":"#shell-header-logo"}
COMMAND: POST /session/238fc7fdfbc7ddd3047b28b6e8a40f5c/elements - {"using":"xpath","value":"//button[@data-kt=\"addButton\"]"}
RESULT: {"using":"xpath","value":"//button[@data-kt=\"addButton\"]"}
COMMAND: POST /session/238fc7fdfbc7ddd3047b28b6e8a40f5c/elements - {"using":"css selector","value":"#shell-header-logo"}
COMMAND: POST /session/238fc7fdfbc7ddd3047b28b6e8a40f5c/elements - {"using":"xpath","value":"//button[@data-kt=\"addButton\"]"}
RESULT: {"using":"css selector","value":"#shell-header-logo"}
RESULT: {"using":"xpath","value":"//button[@data-kt=\"addButton\"]"}
COMMAND: POST /session/238fc7fdfbc7ddd3047b28b6e8a40f5c/elements - {"using":"css selector","value":"#shell-header-logo"}
RESULT: {"using":"css selector","value":"#shell-header-logo"}
COMMAND: POST /session/238fc7fdfbc7ddd3047b28b6e8a40f5c/elements - {"using":"xpath","value":"//button[@data-kt=\"addButton\"]"}
RESULT: {"using":"xpath","value":"//button[@data-kt=\"addButton\"]"}
COMMAND: POST /session/238fc7fdfbc7ddd3047b28b6e8a40f5c/elements - {"using":"css selector","value":"#shell-header-logo"}
COMMAND: POST /session/238fc7fdfbc7ddd3047b28b6e8a40f5c/elements - {"using":"xpath","value":"//button[@data-kt=\"addButton\"]"}
RESULT: {"using":"css selector","value":"#shell-header-logo"}
RESULT: {"using":"xpath","value":"//button[@data-kt=\"addButton\"]"}
COMMAND: POST /session/238fc7fdfbc7ddd3047b28b6e8a40f5c/elements - {"using":"css selector","value":"#shell-header-logo"}
RESULT: {"using":"css selector","value":"#shell-header-logo"}
COMMAND: POST /session/238fc7fdfbc7ddd3047b28b6e8a40f5c/elements - {"using":"xpath","value":"//button[@data-kt=\"addButton\"]"}
RESULT: {"using":"xpath","value":"//button[@data-kt=\"addButton\"]"}
COMMAND: POST /session/238fc7fdfbc7ddd3047b28b6e8a40f5c/elements - {"using":"css selector","value":"#shell-header-logo"}
RESULT: {"using":"css selector","value":"#shell-header-logo"}
COMMAND: POST /session/238fc7fdfbc7ddd3047b28b6e8a40f5c/elements - {"using":"xpath","value":"//button[@data-kt=\"addButton\"]"}
RESULT: {"using":"xpath","value":"//button[@data-kt=\"addButton\"]"}
COMMAND: POST /session/238fc7fdfbc7ddd3047b28b6e8a40f5c/elements - {"using":"css selector","value":"#shell-header-logo"}
RESULT: {"using":"css selector","value":"#shell-header-logo"}
COMMAND: POST /session/238fc7fdfbc7ddd3047b28b6e8a40f5c/elements - {"using":"xpath","value":"//button[@data-kt=\"addButton\"]"}
RESULT: {"using":"xpath","value":"//button[@data-kt=\"addButton\"]"}
COMMAND: POST /session/238fc7fdfbc7ddd3047b28b6e8a40f5c/elements - {"using":"css selector","value":"#shell-header-logo"}
RESULT: {"using":"css selector","value":"#shell-header-logo"}
COMMAND: POST /session/238fc7fdfbc7ddd3047b28b6e8a40f5c/elements - {"using":"xpath","value":"//button[@data-kt=\"addButton\"]"}
RESULT: {"using":"xpath","value":"//button[@data-kt=\"addButton\"]"}
COMMAND: POST /session/238fc7fdfbc7ddd3047b28b6e8a40f5c/elements - {"using":"css selector","value":"#shell-header-logo"}
RESULT: {"using":"css selector","value":"#shell-header-logo"}
COMMAND: POST /session/238fc7fdfbc7ddd3047b28b6e8a40f5c/elements - {"using":"xpath","value":"//button[@data-kt=\"addButton\"]"}
RESULT: {"using":"xpath","value":"//button[@data-kt=\"addButton\"]"}
COMMAND: POST /session/238fc7fdfbc7ddd3047b28b6e8a40f5c/elements - {"using":"css selector","value":"#shell-header-logo"}
RESULT: {"using":"css selector","value":"#shell-header-logo"}
COMMAND: POST /session/238fc7fdfbc7ddd3047b28b6e8a40f5c/elements - {"using":"xpath","value":"//button[@data-kt=\"addButton\"]"}
RESULT: {"using":"xpath","value":"//button[@data-kt=\"addButton\"]"}
COMMAND: POST /session/238fc7fdfbc7ddd3047b28b6e8a40f5c/elements - {"using":"css selector","value":"#shell-header-logo"}
RESULT: {"using":"css selector","value":"#shell-header-logo"}
COMMAND: POST /session/238fc7fdfbc7ddd3047b28b6e8a40f5c/elements - {"using":"xpath","value":"//button[@data-kt=\"addButton\"]"}
RESULT: {"using":"xpath","value":"//button[@data-kt=\"addButton\"]"}
COMMAND: POST /session/238fc7fdfbc7ddd3047b28b6e8a40f5c/elements - {"using":"css selector","value":"#shell-header-logo"}
RESULT: {"using":"css selector","value":"#shell-header-logo"}
COMMAND: POST /session/238fc7fdfbc7ddd3047b28b6e8a40f5c/elements - {"using":"xpath","value":"//button[@data-kt=\"addButton\"]"}
RESULT: {"using":"xpath","value":"//button[@data-kt=\"addButton\"]"}
COMMAND: POST /session/238fc7fdfbc7ddd3047b28b6e8a40f5c/elements - {"using":"css selector","value":"#shell-header-logo"}
RESULT: {"using":"css selector","value":"#shell-header-logo"}
COMMAND: POST /session/238fc7fdfbc7ddd3047b28b6e8a40f5c/elements - {"using":"xpath","value":"//button[@data-kt=\"addButton\"]"}
RESULT: {"using":"xpath","value":"//button[@data-kt=\"addButton\"]"}
COMMAND: POST /session/238fc7fdfbc7ddd3047b28b6e8a40f5c/elements - {"using":"css selector","value":"#shell-header-logo"}
RESULT: {"using":"css selector","value":"#shell-header-logo"}
COMMAND: POST /session/238fc7fdfbc7ddd3047b28b6e8a40f5c/elements - {"using":"xpath","value":"//button[@data-kt=\"addButton\"]"}
RESULT: {"using":"xpath","value":"//button[@data-kt=\"addButton\"]"}
COMMAND: POST /session/238fc7fdfbc7ddd3047b28b6e8a40f5c/elements - {"using":"css selector","value":"#shell-header-logo"}
RESULT: {"using":"css selector","value":"#shell-header-logo"}
COMMAND: POST /session/238fc7fdfbc7ddd3047b28b6e8a40f5c/elements - {"using":"xpath","value":"//button[@data-kt=\"addButton\"]"}
RESULT: {"using":"xpath","value":"//button[@data-kt=\"addButton\"]"}
COMMAND: POST /session/238fc7fdfbc7ddd3047b28b6e8a40f5c/elements - {"using":"css selector","value":"#shell-header-logo"}
RESULT: {"using":"css selector","value":"#shell-header-logo"}
COMMAND: POST /session/238fc7fdfbc7ddd3047b28b6e8a40f5c/elements - {"using":"xpath","value":"//button[@data-kt=\"addButton\"]"}
RESULT: {"using":"xpath","value":"//button[@data-kt=\"addButton\"]"}
COMMAND: POST /session/238fc7fdfbc7ddd3047b28b6e8a40f5c/elements - {"using":"css selector","value":"#shell-header-logo"}
RESULT: {"using":"css selector","value":"#shell-header-logo"}
COMMAND: POST /session/238fc7fdfbc7ddd3047b28b6e8a40f5c/elements - {"using":"xpath","value":"//button[@data-kt=\"addButton\"]"}
RESULT: {"using":"xpath","value":"//button[@data-kt=\"addButton\"]"}
COMMAND: POST /session/238fc7fdfbc7ddd3047b28b6e8a40f5c/elements - {"using":"css selector","value":"#shell-header-logo"}
COMMAND: POST /session/238fc7fdfbc7ddd3047b28b6e8a40f5c/elements - {"using":"xpath","value":"//button[@data-kt=\"addButton\"]"}
RESULT: {"using":"css selector","value":"#shell-header-logo"}
RESULT: {"using":"xpath","value":"//button[@data-kt=\"addButton\"]"}
COMMAND: POST /session/238fc7fdfbc7ddd3047b28b6e8a40f5c/elements - {"using":"css selector","value":"#shell-header-logo"}
RESULT: {"using":"css selector","value":"#shell-header-logo"}
COMMAND: POST /session/238fc7fdfbc7ddd3047b28b6e8a40f5c/elements - {"using":"xpath","value":"//button[@data-kt=\"addButton\"]"}
RESULT: {"using":"xpath","value":"//button[@data-kt=\"addButton\"]"}
COMMAND: POST /session/238fc7fdfbc7ddd3047b28b6e8a40f5c/elements - {"using":"css selector","value":"#shell-header-logo"}
RESULT: {"using":"css selector","value":"#shell-header-logo"}
COMMAND: POST /session/238fc7fdfbc7ddd3047b28b6e8a40f5c/elements - {"using":"xpath","value":"//button[@data-kt=\"addButton\"]"}
RESULT: {"using":"xpath","value":"//button[@data-kt=\"addButton\"]"}
COMMAND: POST /session/238fc7fdfbc7ddd3047b28b6e8a40f5c/elements - {"using":"css selector","value":"#shell-header-logo"}
RESULT: {"using":"css selector","value":"#shell-header-logo"}
COMMAND: POST /session/238fc7fdfbc7ddd3047b28b6e8a40f5c/elements - {"using":"xpath","value":"//button[@data-kt=\"addButton\"]"}
RESULT: {"using":"xpath","value":"//button[@data-kt=\"addButton\"]"}
COMMAND: POST /session/238fc7fdfbc7ddd3047b28b6e8a40f5c/elements - {"using":"css selector","value":"#shell-header-logo"}
RESULT: {"using":"css selector","value":"#shell-header-logo"}
COMMAND: POST /session/238fc7fdfbc7ddd3047b28b6e8a40f5c/elements - {"using":"xpath","value":"//button[@data-kt=\"addButton\"]"}
RESULT: {"using":"xpath","value":"//button[@data-kt=\"addButton\"]"}
COMMAND: POST /session/238fc7fdfbc7ddd3047b28b6e8a40f5c/elements - {"using":"css selector","value":"#shell-header-logo"}
RESULT: {"using":"css selector","value":"#shell-header-logo"}
COMMAND: POST /session/238fc7fdfbc7ddd3047b28b6e8a40f5c/elements - {"using":"xpath","value":"//button[@data-kt=\"addButton\"]"}
RESULT: {"using":"xpath","value":"//button[@data-kt=\"addButton\"]"}
COMMAND: POST /session/238fc7fdfbc7ddd3047b28b6e8a40f5c/elements - {"using":"css selector","value":"#shell-header-logo"}
RESULT: {"using":"css selector","value":"#shell-header-logo"}
COMMAND: POST /session/238fc7fdfbc7ddd3047b28b6e8a40f5c/elements - {"using":"xpath","value":"//button[@data-kt=\"addButton\"]"}
RESULT: {"using":"xpath","value":"//button[@data-kt=\"addButton\"]"}
COMMAND: POST /session/238fc7fdfbc7ddd3047b28b6e8a40f5c/elements - {"using":"css selector","value":"#shell-header-logo"}
RESULT: {"using":"css selector","value":"#shell-header-logo"}
COMMAND: POST /session/238fc7fdfbc7ddd3047b28b6e8a40f5c/elements - {"using":"xpath","value":"//button[@data-kt=\"addButton\"]"}
RESULT: {"using":"xpath","value":"//button[@data-kt=\"addButton\"]"}
COMMAND: POST /session/238fc7fdfbc7ddd3047b28b6e8a40f5c/elements - {"using":"css selector","value":"#shell-header-logo"}
RESULT: {"using":"css selector","value":"#shell-header-logo"}
COMMAND: POST /session/238fc7fdfbc7ddd3047b28b6e8a40f5c/elements - {"using":"xpath","value":"//button[@data-kt=\"addButton\"]"}
RESULT: {"using":"xpath","value":"//button[@data-kt=\"addButton\"]"}
COMMAND: POST /session/238fc7fdfbc7ddd3047b28b6e8a40f5c/elements - {"using":"css selector","value":"#shell-header-logo"}
RESULT: {"using":"css selector","value":"#shell-header-logo"}
COMMAND: POST /session/238fc7fdfbc7ddd3047b28b6e8a40f5c/elements - {"using":"xpath","value":"//button[@data-kt=\"addButton\"]"}
RESULT: {"using":"xpath","value":"//button[@data-kt=\"addButton\"]"}
COMMAND: POST /session/238fc7fdfbc7ddd3047b28b6e8a40f5c/elements - {"using":"css selector","value":"#shell-header-logo"}
RESULT: {"using":"css selector","value":"#shell-header-logo"}
COMMAND: POST /session/238fc7fdfbc7ddd3047b28b6e8a40f5c/elements - {"using":"xpath","value":"//button[@data-kt=\"addButton\"]"}
RESULT: {"using":"xpath","value":"//button[@data-kt=\"addButton\"]"}
COMMAND: POST /session/238fc7fdfbc7ddd3047b28b6e8a40f5c/elements - {"using":"css selector","value":"#shell-header-logo"}
RESULT: {"using":"css selector","value":"#shell-header-logo"}
COMMAND: POST /session/238fc7fdfbc7ddd3047b28b6e8a40f5c/elements - {"using":"xpath","value":"//button[@data-kt=\"addButton\"]"}
RESULT: {"using":"xpath","value":"//button[@data-kt=\"addButton\"]"}
COMMAND: POST /session/238fc7fdfbc7ddd3047b28b6e8a40f5c/elements - {"using":"css selector","value":"#shell-header-logo"}
RESULT: {"using":"css selector","value":"#shell-header-logo"}
COMMAND: POST /session/238fc7fdfbc7ddd3047b28b6e8a40f5c/elements - {"using":"xpath","value":"//button[@data-kt=\"addButton\"]"}
RESULT: {"using":"xpath","value":"//button[@data-kt=\"addButton\"]"}
COMMAND: POST /session/238fc7fdfbc7ddd3047b28b6e8a40f5c/elements - {"using":"css selector","value":"#shell-header-logo"}
RESULT: {"using":"css selector","value":"#shell-header-logo"}
COMMAND: POST /session/238fc7fdfbc7ddd3047b28b6e8a40f5c/elements - {"using":"xpath","value":"//button[@data-kt=\"addButton\"]"}
RESULT: {"using":"xpath","value":"//button[@data-kt=\"addButton\"]"}
COMMAND: POST /session/238fc7fdfbc7ddd3047b28b6e8a40f5c/elements - {"using":"css selector","value":"#shell-header-logo"}
RESULT: {"using":"css selector","value":"#shell-header-logo"}
COMMAND: POST /session/238fc7fdfbc7ddd3047b28b6e8a40f5c/elements - {"using":"xpath","value":"//button[@data-kt=\"addButton\"]"}
RESULT: {"using":"xpath","value":"//button[@data-kt=\"addButton\"]"}
COMMAND: POST /session/238fc7fdfbc7ddd3047b28b6e8a40f5c/elements - {"using":"css selector","value":"#shell-header-logo"}
RESULT: {"using":"css selector","value":"#shell-header-logo"}
COMMAND: POST /session/238fc7fdfbc7ddd3047b28b6e8a40f5c/elements - {"using":"xpath","value":"//button[@data-kt=\"addButton\"]"}
RESULT: {"using":"xpath","value":"//button[@data-kt=\"addButton\"]"}
COMMAND: POST /session/238fc7fdfbc7ddd3047b28b6e8a40f5c/elements - {"using":"css selector","value":"#shell-header-logo"}
RESULT: {"using":"css selector","value":"#shell-header-logo"}
COMMAND: POST /session/238fc7fdfbc7ddd3047b28b6e8a40f5c/elements - {"using":"xpath","value":"//button[@data-kt=\"addButton\"]"}
RESULT: {"using":"xpath","value":"//button[@data-kt=\"addButton\"]"}
COMMAND: POST /session/238fc7fdfbc7ddd3047b28b6e8a40f5c/elements - {"using":"css selector","value":"#shell-header-logo"}
RESULT: {"using":"css selector","value":"#shell-header-logo"}
COMMAND: POST /session/238fc7fdfbc7ddd3047b28b6e8a40f5c/elements - {"using":"xpath","value":"//button[@data-kt=\"addButton\"]"}
RESULT: {"using":"xpath","value":"//button[@data-kt=\"addButton\"]"}
COMMAND: POST /session/238fc7fdfbc7ddd3047b28b6e8a40f5c/elements - {"using":"css selector","value":"#shell-header-logo"}
RESULT: {"using":"css selector","value":"#shell-header-logo"}
COMMAND: POST /session/238fc7fdfbc7ddd3047b28b6e8a40f5c/elements - {"using":"xpath","value":"//button[@data-kt=\"addButton\"]"}
RESULT: {"using":"xpath","value":"//button[@data-kt=\"addButton\"]"}
COMMAND: POST /session/238fc7fdfbc7ddd3047b28b6e8a40f5c/elements - {"using":"css selector","value":"#shell-header-logo"}
RESULT: {"using":"css selector","value":"#shell-header-logo"}
COMMAND: POST /session/238fc7fdfbc7ddd3047b28b6e8a40f5c/elements - {"using":"xpath","value":"//button[@data-kt=\"addButton\"]"}
RESULT: {"using":"xpath","value":"//button[@data-kt=\"addButton\"]"}
COMMAND: POST /session/238fc7fdfbc7ddd3047b28b6e8a40f5c/elements - {"using":"css selector","value":"#shell-header-logo"}
RESULT: {"using":"css selector","value":"#shell-header-logo"}
COMMAND: POST /session/238fc7fdfbc7ddd3047b28b6e8a40f5c/elements - {"using":"xpath","value":"//button[@data-kt=\"addButton\"]"}
RESULT: {"using":"xpath","value":"//button[@data-kt=\"addButton\"]"}
COMMAND: POST /session/238fc7fdfbc7ddd3047b28b6e8a40f5c/elements - {"using":"css selector","value":"#shell-header-logo"}
RESULT: {"using":"css selector","value":"#shell-header-logo"}
COMMAND: POST /session/238fc7fdfbc7ddd3047b28b6e8a40f5c/elements - {"using":"xpath","value":"//button[@data-kt=\"addButton\"]"}
RESULT: {"using":"xpath","value":"//button[@data-kt=\"addButton\"]"}
COMMAND: POST /session/238fc7fdfbc7ddd3047b28b6e8a40f5c/elements - {"using":"css selector","value":"#shell-header-logo"}
RESULT: {"using":"css selector","value":"#shell-header-logo"}
COMMAND: GET /session/238fc7fdfbc7ddd3047b28b6e8a40f5c/screenshot - {}
RESULT: {}
]]></system-out>
      <system-err><![CDATA[
Error: element ("//button[@data-kt="addButton"]") still not existing after 45000ms
    at async Context.<anonymous> (D:\a\1\s\test\specs\BTS\manage-partners.spec.js:382:9)
]]></system-err>
    </testcase>
    <testcase classname="chrome.136_0_7103_49.windows.Partner_specific_tests_US150819_US151080_US151654_US151176_US103444_US151078_US151079_US151109_US151174_US151175_US151189" name="Should do filtering and navigation tests US151109" time="55.328">
      <skipped />
      <system-out><![CDATA[
COMMAND: POST /session/238fc7fdfbc7ddd3047b28b6e8a40f5c/element - {"using":"xpath","value":"//li[.//span[text()=\"Manage Partners\"]]"}
RESULT: {"using":"xpath","value":"//li[.//span[text()=\"Manage Partners\"]]"}
COMMAND: POST /session/238fc7fdfbc7ddd3047b28b6e8a40f5c/element - {"using":"xpath","value":"//li[.//span[text()=\"Manage Partners\"]]"}
RESULT: {"using":"xpath","value":"//li[.//span[text()=\"Manage Partners\"]]"}
COMMAND: POST /session/238fc7fdfbc7ddd3047b28b6e8a40f5c/element - {"using":"css selector","value":"#shell-header-logo"}
RESULT: {"using":"css selector","value":"#shell-header-logo"}
COMMAND: POST /session/238fc7fdfbc7ddd3047b28b6e8a40f5c/elements - {"using":"css selector","value":"#shell-header-logo"}
COMMAND: POST /session/238fc7fdfbc7ddd3047b28b6e8a40f5c/element - {"using":"css selector","value":"#shell-header-logo"}
RESULT: {"using":"css selector","value":"#shell-header-logo"}
RESULT: {"using":"css selector","value":"#shell-header-logo"}
COMMAND: POST /session/238fc7fdfbc7ddd3047b28b6e8a40f5c/elements - {"using":"css selector","value":"#shell-header-logo"}
RESULT: {"using":"css selector","value":"#shell-header-logo"}
COMMAND: POST /session/238fc7fdfbc7ddd3047b28b6e8a40f5c/elements - {"using":"css selector","value":"#shell-header-logo"}
RESULT: {"using":"css selector","value":"#shell-header-logo"}
COMMAND: POST /session/238fc7fdfbc7ddd3047b28b6e8a40f5c/elements - {"using":"css selector","value":"#shell-header-logo"}
RESULT: {"using":"css selector","value":"#shell-header-logo"}
COMMAND: POST /session/238fc7fdfbc7ddd3047b28b6e8a40f5c/elements - {"using":"css selector","value":"#shell-header-logo"}
RESULT: {"using":"css selector","value":"#shell-header-logo"}
COMMAND: POST /session/238fc7fdfbc7ddd3047b28b6e8a40f5c/elements - {"using":"css selector","value":"#shell-header-logo"}
RESULT: {"using":"css selector","value":"#shell-header-logo"}
COMMAND: POST /session/238fc7fdfbc7ddd3047b28b6e8a40f5c/elements - {"using":"css selector","value":"#shell-header-logo"}
RESULT: {"using":"css selector","value":"#shell-header-logo"}
COMMAND: POST /session/238fc7fdfbc7ddd3047b28b6e8a40f5c/elements - {"using":"css selector","value":"#shell-header-logo"}
RESULT: {"using":"css selector","value":"#shell-header-logo"}
COMMAND: POST /session/238fc7fdfbc7ddd3047b28b6e8a40f5c/elements - {"using":"css selector","value":"#shell-header-logo"}
RESULT: {"using":"css selector","value":"#shell-header-logo"}
COMMAND: POST /session/238fc7fdfbc7ddd3047b28b6e8a40f5c/elements - {"using":"css selector","value":"#shell-header-logo"}
RESULT: {"using":"css selector","value":"#shell-header-logo"}
COMMAND: POST /session/238fc7fdfbc7ddd3047b28b6e8a40f5c/elements - {"using":"css selector","value":"#shell-header-logo"}
RESULT: {"using":"css selector","value":"#shell-header-logo"}
COMMAND: POST /session/238fc7fdfbc7ddd3047b28b6e8a40f5c/elements - {"using":"css selector","value":"#shell-header-logo"}
RESULT: {"using":"css selector","value":"#shell-header-logo"}
COMMAND: POST /session/238fc7fdfbc7ddd3047b28b6e8a40f5c/elements - {"using":"css selector","value":"#shell-header-logo"}
RESULT: {"using":"css selector","value":"#shell-header-logo"}
COMMAND: POST /session/238fc7fdfbc7ddd3047b28b6e8a40f5c/elements - {"using":"css selector","value":"#shell-header-logo"}
RESULT: {"using":"css selector","value":"#shell-header-logo"}
COMMAND: POST /session/238fc7fdfbc7ddd3047b28b6e8a40f5c/elements - {"using":"css selector","value":"#shell-header-logo"}
RESULT: {"using":"css selector","value":"#shell-header-logo"}
COMMAND: POST /session/238fc7fdfbc7ddd3047b28b6e8a40f5c/elements - {"using":"css selector","value":"#shell-header-logo"}
RESULT: {"using":"css selector","value":"#shell-header-logo"}
COMMAND: POST /session/238fc7fdfbc7ddd3047b28b6e8a40f5c/elements - {"using":"css selector","value":"#shell-header-logo"}
RESULT: {"using":"css selector","value":"#shell-header-logo"}
COMMAND: POST /session/238fc7fdfbc7ddd3047b28b6e8a40f5c/elements - {"using":"css selector","value":"#shell-header-logo"}
RESULT: {"using":"css selector","value":"#shell-header-logo"}
COMMAND: POST /session/238fc7fdfbc7ddd3047b28b6e8a40f5c/elements - {"using":"css selector","value":"#shell-header-logo"}
RESULT: {"using":"css selector","value":"#shell-header-logo"}
COMMAND: POST /session/238fc7fdfbc7ddd3047b28b6e8a40f5c/elements - {"using":"css selector","value":"#shell-header-logo"}
RESULT: {"using":"css selector","value":"#shell-header-logo"}
COMMAND: POST /session/238fc7fdfbc7ddd3047b28b6e8a40f5c/elements - {"using":"css selector","value":"#shell-header-logo"}
RESULT: {"using":"css selector","value":"#shell-header-logo"}
COMMAND: POST /session/238fc7fdfbc7ddd3047b28b6e8a40f5c/elements - {"using":"css selector","value":"#shell-header-logo"}
RESULT: {"using":"css selector","value":"#shell-header-logo"}
COMMAND: POST /session/238fc7fdfbc7ddd3047b28b6e8a40f5c/elements - {"using":"css selector","value":"#shell-header-logo"}
RESULT: {"using":"css selector","value":"#shell-header-logo"}
COMMAND: POST /session/238fc7fdfbc7ddd3047b28b6e8a40f5c/elements - {"using":"css selector","value":"#shell-header-logo"}
RESULT: {"using":"css selector","value":"#shell-header-logo"}
COMMAND: POST /session/238fc7fdfbc7ddd3047b28b6e8a40f5c/elements - {"using":"css selector","value":"#shell-header-logo"}
RESULT: {"using":"css selector","value":"#shell-header-logo"}
COMMAND: POST /session/238fc7fdfbc7ddd3047b28b6e8a40f5c/elements - {"using":"css selector","value":"#shell-header-logo"}
RESULT: {"using":"css selector","value":"#shell-header-logo"}
COMMAND: POST /session/238fc7fdfbc7ddd3047b28b6e8a40f5c/elements - {"using":"css selector","value":"#shell-header-logo"}
RESULT: {"using":"css selector","value":"#shell-header-logo"}
COMMAND: POST /session/238fc7fdfbc7ddd3047b28b6e8a40f5c/elements - {"using":"css selector","value":"#shell-header-logo"}
RESULT: {"using":"css selector","value":"#shell-header-logo"}
COMMAND: POST /session/238fc7fdfbc7ddd3047b28b6e8a40f5c/elements - {"using":"css selector","value":"#shell-header-logo"}
RESULT: {"using":"css selector","value":"#shell-header-logo"}
COMMAND: POST /session/238fc7fdfbc7ddd3047b28b6e8a40f5c/elements - {"using":"css selector","value":"#shell-header-logo"}
RESULT: {"using":"css selector","value":"#shell-header-logo"}
RESULT: undefined
COMMAND: POST /session/238fc7fdfbc7ddd3047b28b6e8a40f5c/element - {"using":"xpath","value":"//button[@data-kt=\"addButton\"]"}
COMMAND: POST /session/238fc7fdfbc7ddd3047b28b6e8a40f5c/elements - {"using":"css selector","value":"#shell-header-logo"}
RESULT: {"using":"xpath","value":"//button[@data-kt=\"addButton\"]"}
COMMAND: POST /session/238fc7fdfbc7ddd3047b28b6e8a40f5c/elements - {"using":"xpath","value":"//button[@data-kt=\"addButton\"]"}
RESULT: {"using":"css selector","value":"#shell-header-logo"}
RESULT: {"using":"xpath","value":"//button[@data-kt=\"addButton\"]"}
COMMAND: POST /session/238fc7fdfbc7ddd3047b28b6e8a40f5c/elements - {"using":"css selector","value":"#shell-header-logo"}
RESULT: {"using":"css selector","value":"#shell-header-logo"}
COMMAND: POST /session/238fc7fdfbc7ddd3047b28b6e8a40f5c/elements - {"using":"xpath","value":"//button[@data-kt=\"addButton\"]"}
RESULT: {"using":"xpath","value":"//button[@data-kt=\"addButton\"]"}
COMMAND: POST /session/238fc7fdfbc7ddd3047b28b6e8a40f5c/elements - {"using":"css selector","value":"#shell-header-logo"}
RESULT: {"using":"css selector","value":"#shell-header-logo"}
COMMAND: POST /session/238fc7fdfbc7ddd3047b28b6e8a40f5c/elements - {"using":"xpath","value":"//button[@data-kt=\"addButton\"]"}
RESULT: {"using":"xpath","value":"//button[@data-kt=\"addButton\"]"}
COMMAND: POST /session/238fc7fdfbc7ddd3047b28b6e8a40f5c/elements - {"using":"css selector","value":"#shell-header-logo"}
RESULT: {"using":"css selector","value":"#shell-header-logo"}
COMMAND: POST /session/238fc7fdfbc7ddd3047b28b6e8a40f5c/elements - {"using":"xpath","value":"//button[@data-kt=\"addButton\"]"}
RESULT: {"using":"xpath","value":"//button[@data-kt=\"addButton\"]"}
COMMAND: POST /session/238fc7fdfbc7ddd3047b28b6e8a40f5c/elements - {"using":"css selector","value":"#shell-header-logo"}
RESULT: {"using":"css selector","value":"#shell-header-logo"}
COMMAND: POST /session/238fc7fdfbc7ddd3047b28b6e8a40f5c/elements - {"using":"xpath","value":"//button[@data-kt=\"addButton\"]"}
RESULT: {"using":"xpath","value":"//button[@data-kt=\"addButton\"]"}
COMMAND: POST /session/238fc7fdfbc7ddd3047b28b6e8a40f5c/elements - {"using":"css selector","value":"#shell-header-logo"}
RESULT: {"using":"css selector","value":"#shell-header-logo"}
COMMAND: POST /session/238fc7fdfbc7ddd3047b28b6e8a40f5c/elements - {"using":"xpath","value":"//button[@data-kt=\"addButton\"]"}
RESULT: {"using":"xpath","value":"//button[@data-kt=\"addButton\"]"}
COMMAND: POST /session/238fc7fdfbc7ddd3047b28b6e8a40f5c/elements - {"using":"css selector","value":"#shell-header-logo"}
RESULT: {"using":"css selector","value":"#shell-header-logo"}
COMMAND: POST /session/238fc7fdfbc7ddd3047b28b6e8a40f5c/elements - {"using":"xpath","value":"//button[@data-kt=\"addButton\"]"}
RESULT: {"using":"xpath","value":"//button[@data-kt=\"addButton\"]"}
COMMAND: POST /session/238fc7fdfbc7ddd3047b28b6e8a40f5c/elements - {"using":"css selector","value":"#shell-header-logo"}
RESULT: {"using":"css selector","value":"#shell-header-logo"}
COMMAND: POST /session/238fc7fdfbc7ddd3047b28b6e8a40f5c/elements - {"using":"xpath","value":"//button[@data-kt=\"addButton\"]"}
RESULT: {"using":"xpath","value":"//button[@data-kt=\"addButton\"]"}
COMMAND: POST /session/238fc7fdfbc7ddd3047b28b6e8a40f5c/elements - {"using":"css selector","value":"#shell-header-logo"}
RESULT: {"using":"css selector","value":"#shell-header-logo"}
COMMAND: POST /session/238fc7fdfbc7ddd3047b28b6e8a40f5c/elements - {"using":"xpath","value":"//button[@data-kt=\"addButton\"]"}
RESULT: {"using":"xpath","value":"//button[@data-kt=\"addButton\"]"}
COMMAND: POST /session/238fc7fdfbc7ddd3047b28b6e8a40f5c/elements - {"using":"css selector","value":"#shell-header-logo"}
RESULT: {"using":"css selector","value":"#shell-header-logo"}
COMMAND: POST /session/238fc7fdfbc7ddd3047b28b6e8a40f5c/elements - {"using":"xpath","value":"//button[@data-kt=\"addButton\"]"}
RESULT: {"using":"xpath","value":"//button[@data-kt=\"addButton\"]"}
COMMAND: POST /session/238fc7fdfbc7ddd3047b28b6e8a40f5c/elements - {"using":"css selector","value":"#shell-header-logo"}
RESULT: {"using":"css selector","value":"#shell-header-logo"}
COMMAND: POST /session/238fc7fdfbc7ddd3047b28b6e8a40f5c/elements - {"using":"xpath","value":"//button[@data-kt=\"addButton\"]"}
RESULT: {"using":"xpath","value":"//button[@data-kt=\"addButton\"]"}
COMMAND: POST /session/238fc7fdfbc7ddd3047b28b6e8a40f5c/elements - {"using":"css selector","value":"#shell-header-logo"}
RESULT: {"using":"css selector","value":"#shell-header-logo"}
COMMAND: POST /session/238fc7fdfbc7ddd3047b28b6e8a40f5c/elements - {"using":"xpath","value":"//button[@data-kt=\"addButton\"]"}
RESULT: {"using":"xpath","value":"//button[@data-kt=\"addButton\"]"}
COMMAND: POST /session/238fc7fdfbc7ddd3047b28b6e8a40f5c/elements - {"using":"css selector","value":"#shell-header-logo"}
RESULT: {"using":"css selector","value":"#shell-header-logo"}
COMMAND: POST /session/238fc7fdfbc7ddd3047b28b6e8a40f5c/elements - {"using":"xpath","value":"//button[@data-kt=\"addButton\"]"}
RESULT: {"using":"xpath","value":"//button[@data-kt=\"addButton\"]"}
COMMAND: POST /session/238fc7fdfbc7ddd3047b28b6e8a40f5c/elements - {"using":"css selector","value":"#shell-header-logo"}
RESULT: {"using":"css selector","value":"#shell-header-logo"}
COMMAND: POST /session/238fc7fdfbc7ddd3047b28b6e8a40f5c/elements - {"using":"xpath","value":"//button[@data-kt=\"addButton\"]"}
RESULT: {"using":"xpath","value":"//button[@data-kt=\"addButton\"]"}
COMMAND: POST /session/238fc7fdfbc7ddd3047b28b6e8a40f5c/elements - {"using":"css selector","value":"#shell-header-logo"}
RESULT: {"using":"css selector","value":"#shell-header-logo"}
COMMAND: POST /session/238fc7fdfbc7ddd3047b28b6e8a40f5c/elements - {"using":"xpath","value":"//button[@data-kt=\"addButton\"]"}
RESULT: {"using":"xpath","value":"//button[@data-kt=\"addButton\"]"}
COMMAND: POST /session/238fc7fdfbc7ddd3047b28b6e8a40f5c/elements - {"using":"css selector","value":"#shell-header-logo"}
RESULT: {"using":"css selector","value":"#shell-header-logo"}
COMMAND: POST /session/238fc7fdfbc7ddd3047b28b6e8a40f5c/elements - {"using":"xpath","value":"//button[@data-kt=\"addButton\"]"}
RESULT: {"using":"xpath","value":"//button[@data-kt=\"addButton\"]"}
COMMAND: POST /session/238fc7fdfbc7ddd3047b28b6e8a40f5c/elements - {"using":"css selector","value":"#shell-header-logo"}
RESULT: {"using":"css selector","value":"#shell-header-logo"}
COMMAND: POST /session/238fc7fdfbc7ddd3047b28b6e8a40f5c/elements - {"using":"xpath","value":"//button[@data-kt=\"addButton\"]"}
RESULT: {"using":"xpath","value":"//button[@data-kt=\"addButton\"]"}
COMMAND: POST /session/238fc7fdfbc7ddd3047b28b6e8a40f5c/elements - {"using":"css selector","value":"#shell-header-logo"}
RESULT: {"using":"css selector","value":"#shell-header-logo"}
COMMAND: POST /session/238fc7fdfbc7ddd3047b28b6e8a40f5c/elements - {"using":"xpath","value":"//button[@data-kt=\"addButton\"]"}
RESULT: {"using":"xpath","value":"//button[@data-kt=\"addButton\"]"}
COMMAND: POST /session/238fc7fdfbc7ddd3047b28b6e8a40f5c/elements - {"using":"css selector","value":"#shell-header-logo"}
RESULT: {"using":"css selector","value":"#shell-header-logo"}
COMMAND: POST /session/238fc7fdfbc7ddd3047b28b6e8a40f5c/elements - {"using":"xpath","value":"//button[@data-kt=\"addButton\"]"}
RESULT: {"using":"xpath","value":"//button[@data-kt=\"addButton\"]"}
COMMAND: POST /session/238fc7fdfbc7ddd3047b28b6e8a40f5c/elements - {"using":"css selector","value":"#shell-header-logo"}
RESULT: {"using":"css selector","value":"#shell-header-logo"}
COMMAND: POST /session/238fc7fdfbc7ddd3047b28b6e8a40f5c/elements - {"using":"xpath","value":"//button[@data-kt=\"addButton\"]"}
RESULT: {"using":"xpath","value":"//button[@data-kt=\"addButton\"]"}
COMMAND: POST /session/238fc7fdfbc7ddd3047b28b6e8a40f5c/elements - {"using":"css selector","value":"#shell-header-logo"}
RESULT: {"using":"css selector","value":"#shell-header-logo"}
COMMAND: POST /session/238fc7fdfbc7ddd3047b28b6e8a40f5c/elements - {"using":"xpath","value":"//button[@data-kt=\"addButton\"]"}
RESULT: {"using":"xpath","value":"//button[@data-kt=\"addButton\"]"}
COMMAND: POST /session/238fc7fdfbc7ddd3047b28b6e8a40f5c/elements - {"using":"css selector","value":"#shell-header-logo"}
RESULT: {"using":"css selector","value":"#shell-header-logo"}
COMMAND: POST /session/238fc7fdfbc7ddd3047b28b6e8a40f5c/elements - {"using":"xpath","value":"//button[@data-kt=\"addButton\"]"}
RESULT: {"using":"xpath","value":"//button[@data-kt=\"addButton\"]"}
COMMAND: POST /session/238fc7fdfbc7ddd3047b28b6e8a40f5c/elements - {"using":"css selector","value":"#shell-header-logo"}
RESULT: {"using":"css selector","value":"#shell-header-logo"}
COMMAND: POST /session/238fc7fdfbc7ddd3047b28b6e8a40f5c/elements - {"using":"xpath","value":"//button[@data-kt=\"addButton\"]"}
RESULT: {"using":"xpath","value":"//button[@data-kt=\"addButton\"]"}
COMMAND: POST /session/238fc7fdfbc7ddd3047b28b6e8a40f5c/elements - {"using":"css selector","value":"#shell-header-logo"}
RESULT: {"using":"css selector","value":"#shell-header-logo"}
COMMAND: POST /session/238fc7fdfbc7ddd3047b28b6e8a40f5c/elements - {"using":"xpath","value":"//button[@data-kt=\"addButton\"]"}
RESULT: {"using":"xpath","value":"//button[@data-kt=\"addButton\"]"}
COMMAND: POST /session/238fc7fdfbc7ddd3047b28b6e8a40f5c/elements - {"using":"css selector","value":"#shell-header-logo"}
RESULT: {"using":"css selector","value":"#shell-header-logo"}
COMMAND: POST /session/238fc7fdfbc7ddd3047b28b6e8a40f5c/elements - {"using":"xpath","value":"//button[@data-kt=\"addButton\"]"}
RESULT: {"using":"xpath","value":"//button[@data-kt=\"addButton\"]"}
COMMAND: POST /session/238fc7fdfbc7ddd3047b28b6e8a40f5c/elements - {"using":"css selector","value":"#shell-header-logo"}
RESULT: {"using":"css selector","value":"#shell-header-logo"}
COMMAND: POST /session/238fc7fdfbc7ddd3047b28b6e8a40f5c/elements - {"using":"xpath","value":"//button[@data-kt=\"addButton\"]"}
RESULT: {"using":"xpath","value":"//button[@data-kt=\"addButton\"]"}
COMMAND: POST /session/238fc7fdfbc7ddd3047b28b6e8a40f5c/elements - {"using":"css selector","value":"#shell-header-logo"}
RESULT: {"using":"css selector","value":"#shell-header-logo"}
COMMAND: POST /session/238fc7fdfbc7ddd3047b28b6e8a40f5c/elements - {"using":"xpath","value":"//button[@data-kt=\"addButton\"]"}
RESULT: {"using":"xpath","value":"//button[@data-kt=\"addButton\"]"}
COMMAND: POST /session/238fc7fdfbc7ddd3047b28b6e8a40f5c/elements - {"using":"css selector","value":"#shell-header-logo"}
RESULT: {"using":"css selector","value":"#shell-header-logo"}
COMMAND: POST /session/238fc7fdfbc7ddd3047b28b6e8a40f5c/elements - {"using":"xpath","value":"//button[@data-kt=\"addButton\"]"}
RESULT: {"using":"xpath","value":"//button[@data-kt=\"addButton\"]"}
COMMAND: POST /session/238fc7fdfbc7ddd3047b28b6e8a40f5c/elements - {"using":"css selector","value":"#shell-header-logo"}
RESULT: {"using":"css selector","value":"#shell-header-logo"}
COMMAND: POST /session/238fc7fdfbc7ddd3047b28b6e8a40f5c/elements - {"using":"xpath","value":"//button[@data-kt=\"addButton\"]"}
RESULT: {"using":"xpath","value":"//button[@data-kt=\"addButton\"]"}
COMMAND: POST /session/238fc7fdfbc7ddd3047b28b6e8a40f5c/elements - {"using":"css selector","value":"#shell-header-logo"}
RESULT: {"using":"css selector","value":"#shell-header-logo"}
COMMAND: POST /session/238fc7fdfbc7ddd3047b28b6e8a40f5c/elements - {"using":"xpath","value":"//button[@data-kt=\"addButton\"]"}
RESULT: {"using":"xpath","value":"//button[@data-kt=\"addButton\"]"}
COMMAND: POST /session/238fc7fdfbc7ddd3047b28b6e8a40f5c/elements - {"using":"css selector","value":"#shell-header-logo"}
RESULT: {"using":"css selector","value":"#shell-header-logo"}
COMMAND: POST /session/238fc7fdfbc7ddd3047b28b6e8a40f5c/elements - {"using":"xpath","value":"//button[@data-kt=\"addButton\"]"}
RESULT: {"using":"xpath","value":"//button[@data-kt=\"addButton\"]"}
COMMAND: POST /session/238fc7fdfbc7ddd3047b28b6e8a40f5c/elements - {"using":"css selector","value":"#shell-header-logo"}
RESULT: {"using":"css selector","value":"#shell-header-logo"}
COMMAND: POST /session/238fc7fdfbc7ddd3047b28b6e8a40f5c/elements - {"using":"xpath","value":"//button[@data-kt=\"addButton\"]"}
RESULT: {"using":"xpath","value":"//button[@data-kt=\"addButton\"]"}
COMMAND: POST /session/238fc7fdfbc7ddd3047b28b6e8a40f5c/elements - {"using":"css selector","value":"#shell-header-logo"}
RESULT: {"using":"css selector","value":"#shell-header-logo"}
COMMAND: POST /session/238fc7fdfbc7ddd3047b28b6e8a40f5c/elements - {"using":"xpath","value":"//button[@data-kt=\"addButton\"]"}
RESULT: {"using":"xpath","value":"//button[@data-kt=\"addButton\"]"}
COMMAND: POST /session/238fc7fdfbc7ddd3047b28b6e8a40f5c/elements - {"using":"css selector","value":"#shell-header-logo"}
RESULT: {"using":"css selector","value":"#shell-header-logo"}
COMMAND: POST /session/238fc7fdfbc7ddd3047b28b6e8a40f5c/elements - {"using":"xpath","value":"//button[@data-kt=\"addButton\"]"}
RESULT: {"using":"xpath","value":"//button[@data-kt=\"addButton\"]"}
COMMAND: POST /session/238fc7fdfbc7ddd3047b28b6e8a40f5c/elements - {"using":"css selector","value":"#shell-header-logo"}
RESULT: {"using":"css selector","value":"#shell-header-logo"}
COMMAND: POST /session/238fc7fdfbc7ddd3047b28b6e8a40f5c/elements - {"using":"xpath","value":"//button[@data-kt=\"addButton\"]"}
RESULT: {"using":"xpath","value":"//button[@data-kt=\"addButton\"]"}
COMMAND: POST /session/238fc7fdfbc7ddd3047b28b6e8a40f5c/elements - {"using":"css selector","value":"#shell-header-logo"}
RESULT: {"using":"css selector","value":"#shell-header-logo"}
COMMAND: POST /session/238fc7fdfbc7ddd3047b28b6e8a40f5c/elements - {"using":"xpath","value":"//button[@data-kt=\"addButton\"]"}
RESULT: {"using":"xpath","value":"//button[@data-kt=\"addButton\"]"}
COMMAND: POST /session/238fc7fdfbc7ddd3047b28b6e8a40f5c/elements - {"using":"css selector","value":"#shell-header-logo"}
RESULT: {"using":"css selector","value":"#shell-header-logo"}
COMMAND: POST /session/238fc7fdfbc7ddd3047b28b6e8a40f5c/elements - {"using":"xpath","value":"//button[@data-kt=\"addButton\"]"}
RESULT: {"using":"xpath","value":"//button[@data-kt=\"addButton\"]"}
COMMAND: POST /session/238fc7fdfbc7ddd3047b28b6e8a40f5c/elements - {"using":"css selector","value":"#shell-header-logo"}
COMMAND: POST /session/238fc7fdfbc7ddd3047b28b6e8a40f5c/elements - {"using":"xpath","value":"//button[@data-kt=\"addButton\"]"}
RESULT: {"using":"css selector","value":"#shell-header-logo"}
RESULT: {"using":"xpath","value":"//button[@data-kt=\"addButton\"]"}
COMMAND: POST /session/238fc7fdfbc7ddd3047b28b6e8a40f5c/elements - {"using":"css selector","value":"#shell-header-logo"}
RESULT: {"using":"css selector","value":"#shell-header-logo"}
COMMAND: POST /session/238fc7fdfbc7ddd3047b28b6e8a40f5c/elements - {"using":"xpath","value":"//button[@data-kt=\"addButton\"]"}
RESULT: {"using":"xpath","value":"//button[@data-kt=\"addButton\"]"}
COMMAND: POST /session/238fc7fdfbc7ddd3047b28b6e8a40f5c/elements - {"using":"css selector","value":"#shell-header-logo"}
RESULT: {"using":"css selector","value":"#shell-header-logo"}
COMMAND: POST /session/238fc7fdfbc7ddd3047b28b6e8a40f5c/elements - {"using":"xpath","value":"//button[@data-kt=\"addButton\"]"}
RESULT: {"using":"xpath","value":"//button[@data-kt=\"addButton\"]"}
COMMAND: POST /session/238fc7fdfbc7ddd3047b28b6e8a40f5c/elements - {"using":"css selector","value":"#shell-header-logo"}
RESULT: {"using":"css selector","value":"#shell-header-logo"}
COMMAND: POST /session/238fc7fdfbc7ddd3047b28b6e8a40f5c/elements - {"using":"xpath","value":"//button[@data-kt=\"addButton\"]"}
RESULT: {"using":"xpath","value":"//button[@data-kt=\"addButton\"]"}
COMMAND: POST /session/238fc7fdfbc7ddd3047b28b6e8a40f5c/elements - {"using":"css selector","value":"#shell-header-logo"}
RESULT: {"using":"css selector","value":"#shell-header-logo"}
COMMAND: POST /session/238fc7fdfbc7ddd3047b28b6e8a40f5c/elements - {"using":"xpath","value":"//button[@data-kt=\"addButton\"]"}
RESULT: {"using":"xpath","value":"//button[@data-kt=\"addButton\"]"}
COMMAND: POST /session/238fc7fdfbc7ddd3047b28b6e8a40f5c/elements - {"using":"css selector","value":"#shell-header-logo"}
RESULT: {"using":"css selector","value":"#shell-header-logo"}
COMMAND: POST /session/238fc7fdfbc7ddd3047b28b6e8a40f5c/elements - {"using":"xpath","value":"//button[@data-kt=\"addButton\"]"}
RESULT: {"using":"xpath","value":"//button[@data-kt=\"addButton\"]"}
COMMAND: POST /session/238fc7fdfbc7ddd3047b28b6e8a40f5c/elements - {"using":"css selector","value":"#shell-header-logo"}
RESULT: {"using":"css selector","value":"#shell-header-logo"}
COMMAND: POST /session/238fc7fdfbc7ddd3047b28b6e8a40f5c/elements - {"using":"xpath","value":"//button[@data-kt=\"addButton\"]"}
RESULT: {"using":"xpath","value":"//button[@data-kt=\"addButton\"]"}
COMMAND: POST /session/238fc7fdfbc7ddd3047b28b6e8a40f5c/elements - {"using":"css selector","value":"#shell-header-logo"}
RESULT: {"using":"css selector","value":"#shell-header-logo"}
COMMAND: POST /session/238fc7fdfbc7ddd3047b28b6e8a40f5c/elements - {"using":"xpath","value":"//button[@data-kt=\"addButton\"]"}
RESULT: {"using":"xpath","value":"//button[@data-kt=\"addButton\"]"}
COMMAND: POST /session/238fc7fdfbc7ddd3047b28b6e8a40f5c/elements - {"using":"css selector","value":"#shell-header-logo"}
RESULT: {"using":"css selector","value":"#shell-header-logo"}
COMMAND: POST /session/238fc7fdfbc7ddd3047b28b6e8a40f5c/elements - {"using":"xpath","value":"//button[@data-kt=\"addButton\"]"}
RESULT: {"using":"xpath","value":"//button[@data-kt=\"addButton\"]"}
COMMAND: POST /session/238fc7fdfbc7ddd3047b28b6e8a40f5c/elements - {"using":"css selector","value":"#shell-header-logo"}
RESULT: {"using":"css selector","value":"#shell-header-logo"}
COMMAND: POST /session/238fc7fdfbc7ddd3047b28b6e8a40f5c/elements - {"using":"xpath","value":"//button[@data-kt=\"addButton\"]"}
RESULT: {"using":"xpath","value":"//button[@data-kt=\"addButton\"]"}
COMMAND: POST /session/238fc7fdfbc7ddd3047b28b6e8a40f5c/elements - {"using":"css selector","value":"#shell-header-logo"}
RESULT: {"using":"css selector","value":"#shell-header-logo"}
COMMAND: POST /session/238fc7fdfbc7ddd3047b28b6e8a40f5c/elements - {"using":"xpath","value":"//button[@data-kt=\"addButton\"]"}
RESULT: {"using":"xpath","value":"//button[@data-kt=\"addButton\"]"}
COMMAND: POST /session/238fc7fdfbc7ddd3047b28b6e8a40f5c/elements - {"using":"css selector","value":"#shell-header-logo"}
RESULT: {"using":"css selector","value":"#shell-header-logo"}
COMMAND: POST /session/238fc7fdfbc7ddd3047b28b6e8a40f5c/elements - {"using":"xpath","value":"//button[@data-kt=\"addButton\"]"}
RESULT: {"using":"xpath","value":"//button[@data-kt=\"addButton\"]"}
COMMAND: POST /session/238fc7fdfbc7ddd3047b28b6e8a40f5c/elements - {"using":"css selector","value":"#shell-header-logo"}
RESULT: {"using":"css selector","value":"#shell-header-logo"}
COMMAND: POST /session/238fc7fdfbc7ddd3047b28b6e8a40f5c/elements - {"using":"xpath","value":"//button[@data-kt=\"addButton\"]"}
RESULT: {"using":"xpath","value":"//button[@data-kt=\"addButton\"]"}
COMMAND: POST /session/238fc7fdfbc7ddd3047b28b6e8a40f5c/elements - {"using":"css selector","value":"#shell-header-logo"}
COMMAND: POST /session/238fc7fdfbc7ddd3047b28b6e8a40f5c/elements - {"using":"xpath","value":"//button[@data-kt=\"addButton\"]"}
RESULT: {"using":"css selector","value":"#shell-header-logo"}
RESULT: {"using":"xpath","value":"//button[@data-kt=\"addButton\"]"}
COMMAND: POST /session/238fc7fdfbc7ddd3047b28b6e8a40f5c/elements - {"using":"css selector","value":"#shell-header-logo"}
RESULT: {"using":"css selector","value":"#shell-header-logo"}
COMMAND: POST /session/238fc7fdfbc7ddd3047b28b6e8a40f5c/elements - {"using":"xpath","value":"//button[@data-kt=\"addButton\"]"}
RESULT: {"using":"xpath","value":"//button[@data-kt=\"addButton\"]"}
COMMAND: POST /session/238fc7fdfbc7ddd3047b28b6e8a40f5c/elements - {"using":"css selector","value":"#shell-header-logo"}
RESULT: {"using":"css selector","value":"#shell-header-logo"}
COMMAND: POST /session/238fc7fdfbc7ddd3047b28b6e8a40f5c/elements - {"using":"xpath","value":"//button[@data-kt=\"addButton\"]"}
RESULT: {"using":"xpath","value":"//button[@data-kt=\"addButton\"]"}
COMMAND: POST /session/238fc7fdfbc7ddd3047b28b6e8a40f5c/elements - {"using":"css selector","value":"#shell-header-logo"}
RESULT: {"using":"css selector","value":"#shell-header-logo"}
COMMAND: POST /session/238fc7fdfbc7ddd3047b28b6e8a40f5c/elements - {"using":"xpath","value":"//button[@data-kt=\"addButton\"]"}
RESULT: {"using":"xpath","value":"//button[@data-kt=\"addButton\"]"}
COMMAND: POST /session/238fc7fdfbc7ddd3047b28b6e8a40f5c/elements - {"using":"css selector","value":"#shell-header-logo"}
RESULT: {"using":"css selector","value":"#shell-header-logo"}
COMMAND: POST /session/238fc7fdfbc7ddd3047b28b6e8a40f5c/elements - {"using":"xpath","value":"//button[@data-kt=\"addButton\"]"}
RESULT: {"using":"xpath","value":"//button[@data-kt=\"addButton\"]"}
COMMAND: POST /session/238fc7fdfbc7ddd3047b28b6e8a40f5c/elements - {"using":"css selector","value":"#shell-header-logo"}
RESULT: {"using":"css selector","value":"#shell-header-logo"}
COMMAND: POST /session/238fc7fdfbc7ddd3047b28b6e8a40f5c/elements - {"using":"xpath","value":"//button[@data-kt=\"addButton\"]"}
RESULT: {"using":"xpath","value":"//button[@data-kt=\"addButton\"]"}
COMMAND: POST /session/238fc7fdfbc7ddd3047b28b6e8a40f5c/elements - {"using":"css selector","value":"#shell-header-logo"}
RESULT: {"using":"css selector","value":"#shell-header-logo"}
COMMAND: POST /session/238fc7fdfbc7ddd3047b28b6e8a40f5c/elements - {"using":"xpath","value":"//button[@data-kt=\"addButton\"]"}
RESULT: {"using":"xpath","value":"//button[@data-kt=\"addButton\"]"}
COMMAND: POST /session/238fc7fdfbc7ddd3047b28b6e8a40f5c/elements - {"using":"css selector","value":"#shell-header-logo"}
RESULT: {"using":"css selector","value":"#shell-header-logo"}
COMMAND: POST /session/238fc7fdfbc7ddd3047b28b6e8a40f5c/elements - {"using":"xpath","value":"//button[@data-kt=\"addButton\"]"}
RESULT: {"using":"xpath","value":"//button[@data-kt=\"addButton\"]"}
COMMAND: POST /session/238fc7fdfbc7ddd3047b28b6e8a40f5c/elements - {"using":"css selector","value":"#shell-header-logo"}
RESULT: {"using":"css selector","value":"#shell-header-logo"}
COMMAND: POST /session/238fc7fdfbc7ddd3047b28b6e8a40f5c/elements - {"using":"xpath","value":"//button[@data-kt=\"addButton\"]"}
RESULT: {"using":"xpath","value":"//button[@data-kt=\"addButton\"]"}
COMMAND: POST /session/238fc7fdfbc7ddd3047b28b6e8a40f5c/elements - {"using":"css selector","value":"#shell-header-logo"}
RESULT: {"using":"css selector","value":"#shell-header-logo"}
COMMAND: POST /session/238fc7fdfbc7ddd3047b28b6e8a40f5c/elements - {"using":"xpath","value":"//button[@data-kt=\"addButton\"]"}
RESULT: {"using":"xpath","value":"//button[@data-kt=\"addButton\"]"}
COMMAND: POST /session/238fc7fdfbc7ddd3047b28b6e8a40f5c/elements - {"using":"css selector","value":"#shell-header-logo"}
RESULT: {"using":"css selector","value":"#shell-header-logo"}
COMMAND: POST /session/238fc7fdfbc7ddd3047b28b6e8a40f5c/elements - {"using":"xpath","value":"//button[@data-kt=\"addButton\"]"}
RESULT: {"using":"xpath","value":"//button[@data-kt=\"addButton\"]"}
COMMAND: POST /session/238fc7fdfbc7ddd3047b28b6e8a40f5c/elements - {"using":"css selector","value":"#shell-header-logo"}
RESULT: {"using":"css selector","value":"#shell-header-logo"}
COMMAND: POST /session/238fc7fdfbc7ddd3047b28b6e8a40f5c/elements - {"using":"xpath","value":"//button[@data-kt=\"addButton\"]"}
RESULT: {"using":"xpath","value":"//button[@data-kt=\"addButton\"]"}
COMMAND: POST /session/238fc7fdfbc7ddd3047b28b6e8a40f5c/elements - {"using":"css selector","value":"#shell-header-logo"}
RESULT: {"using":"css selector","value":"#shell-header-logo"}
COMMAND: POST /session/238fc7fdfbc7ddd3047b28b6e8a40f5c/elements - {"using":"xpath","value":"//button[@data-kt=\"addButton\"]"}
RESULT: {"using":"xpath","value":"//button[@data-kt=\"addButton\"]"}
COMMAND: POST /session/238fc7fdfbc7ddd3047b28b6e8a40f5c/elements - {"using":"css selector","value":"#shell-header-logo"}
COMMAND: POST /session/238fc7fdfbc7ddd3047b28b6e8a40f5c/elements - {"using":"xpath","value":"//button[@data-kt=\"addButton\"]"}
RESULT: {"using":"css selector","value":"#shell-header-logo"}
RESULT: {"using":"xpath","value":"//button[@data-kt=\"addButton\"]"}
COMMAND: POST /session/238fc7fdfbc7ddd3047b28b6e8a40f5c/elements - {"using":"css selector","value":"#shell-header-logo"}
RESULT: {"using":"css selector","value":"#shell-header-logo"}
COMMAND: POST /session/238fc7fdfbc7ddd3047b28b6e8a40f5c/elements - {"using":"xpath","value":"//button[@data-kt=\"addButton\"]"}
RESULT: {"using":"xpath","value":"//button[@data-kt=\"addButton\"]"}
COMMAND: POST /session/238fc7fdfbc7ddd3047b28b6e8a40f5c/elements - {"using":"css selector","value":"#shell-header-logo"}
RESULT: {"using":"css selector","value":"#shell-header-logo"}
COMMAND: POST /session/238fc7fdfbc7ddd3047b28b6e8a40f5c/elements - {"using":"xpath","value":"//button[@data-kt=\"addButton\"]"}
RESULT: {"using":"xpath","value":"//button[@data-kt=\"addButton\"]"}
COMMAND: POST /session/238fc7fdfbc7ddd3047b28b6e8a40f5c/elements - {"using":"css selector","value":"#shell-header-logo"}
RESULT: {"using":"css selector","value":"#shell-header-logo"}
COMMAND: POST /session/238fc7fdfbc7ddd3047b28b6e8a40f5c/elements - {"using":"xpath","value":"//button[@data-kt=\"addButton\"]"}
RESULT: {"using":"xpath","value":"//button[@data-kt=\"addButton\"]"}
COMMAND: POST /session/238fc7fdfbc7ddd3047b28b6e8a40f5c/elements - {"using":"css selector","value":"#shell-header-logo"}
RESULT: {"using":"css selector","value":"#shell-header-logo"}
COMMAND: POST /session/238fc7fdfbc7ddd3047b28b6e8a40f5c/elements - {"using":"xpath","value":"//button[@data-kt=\"addButton\"]"}
RESULT: {"using":"xpath","value":"//button[@data-kt=\"addButton\"]"}
COMMAND: POST /session/238fc7fdfbc7ddd3047b28b6e8a40f5c/elements - {"using":"css selector","value":"#shell-header-logo"}
RESULT: {"using":"css selector","value":"#shell-header-logo"}
COMMAND: POST /session/238fc7fdfbc7ddd3047b28b6e8a40f5c/elements - {"using":"xpath","value":"//button[@data-kt=\"addButton\"]"}
RESULT: {"using":"xpath","value":"//button[@data-kt=\"addButton\"]"}
COMMAND: POST /session/238fc7fdfbc7ddd3047b28b6e8a40f5c/elements - {"using":"css selector","value":"#shell-header-logo"}
RESULT: {"using":"css selector","value":"#shell-header-logo"}
COMMAND: POST /session/238fc7fdfbc7ddd3047b28b6e8a40f5c/elements - {"using":"xpath","value":"//button[@data-kt=\"addButton\"]"}
RESULT: {"using":"xpath","value":"//button[@data-kt=\"addButton\"]"}
COMMAND: POST /session/238fc7fdfbc7ddd3047b28b6e8a40f5c/elements - {"using":"css selector","value":"#shell-header-logo"}
RESULT: {"using":"css selector","value":"#shell-header-logo"}
COMMAND: POST /session/238fc7fdfbc7ddd3047b28b6e8a40f5c/elements - {"using":"xpath","value":"//button[@data-kt=\"addButton\"]"}
RESULT: {"using":"xpath","value":"//button[@data-kt=\"addButton\"]"}
COMMAND: POST /session/238fc7fdfbc7ddd3047b28b6e8a40f5c/elements - {"using":"css selector","value":"#shell-header-logo"}
RESULT: {"using":"css selector","value":"#shell-header-logo"}
COMMAND: POST /session/238fc7fdfbc7ddd3047b28b6e8a40f5c/elements - {"using":"xpath","value":"//button[@data-kt=\"addButton\"]"}
RESULT: {"using":"xpath","value":"//button[@data-kt=\"addButton\"]"}
COMMAND: POST /session/238fc7fdfbc7ddd3047b28b6e8a40f5c/elements - {"using":"css selector","value":"#shell-header-logo"}
RESULT: {"using":"css selector","value":"#shell-header-logo"}
COMMAND: POST /session/238fc7fdfbc7ddd3047b28b6e8a40f5c/elements - {"using":"xpath","value":"//button[@data-kt=\"addButton\"]"}
RESULT: {"using":"xpath","value":"//button[@data-kt=\"addButton\"]"}
COMMAND: POST /session/238fc7fdfbc7ddd3047b28b6e8a40f5c/elements - {"using":"css selector","value":"#shell-header-logo"}
RESULT: {"using":"css selector","value":"#shell-header-logo"}
COMMAND: POST /session/238fc7fdfbc7ddd3047b28b6e8a40f5c/elements - {"using":"xpath","value":"//button[@data-kt=\"addButton\"]"}
RESULT: {"using":"xpath","value":"//button[@data-kt=\"addButton\"]"}
COMMAND: POST /session/238fc7fdfbc7ddd3047b28b6e8a40f5c/elements - {"using":"css selector","value":"#shell-header-logo"}
RESULT: {"using":"css selector","value":"#shell-header-logo"}
COMMAND: POST /session/238fc7fdfbc7ddd3047b28b6e8a40f5c/elements - {"using":"xpath","value":"//button[@data-kt=\"addButton\"]"}
RESULT: {"using":"xpath","value":"//button[@data-kt=\"addButton\"]"}
COMMAND: POST /session/238fc7fdfbc7ddd3047b28b6e8a40f5c/elements - {"using":"css selector","value":"#shell-header-logo"}
RESULT: {"using":"css selector","value":"#shell-header-logo"}
COMMAND: POST /session/238fc7fdfbc7ddd3047b28b6e8a40f5c/elements - {"using":"xpath","value":"//button[@data-kt=\"addButton\"]"}
RESULT: {"using":"xpath","value":"//button[@data-kt=\"addButton\"]"}
COMMAND: POST /session/238fc7fdfbc7ddd3047b28b6e8a40f5c/elements - {"using":"css selector","value":"#shell-header-logo"}
RESULT: {"using":"css selector","value":"#shell-header-logo"}
COMMAND: POST /session/238fc7fdfbc7ddd3047b28b6e8a40f5c/elements - {"using":"xpath","value":"//button[@data-kt=\"addButton\"]"}
RESULT: {"using":"xpath","value":"//button[@data-kt=\"addButton\"]"}
COMMAND: POST /session/238fc7fdfbc7ddd3047b28b6e8a40f5c/elements - {"using":"css selector","value":"#shell-header-logo"}
RESULT: {"using":"css selector","value":"#shell-header-logo"}
COMMAND: POST /session/238fc7fdfbc7ddd3047b28b6e8a40f5c/elements - {"using":"xpath","value":"//button[@data-kt=\"addButton\"]"}
RESULT: {"using":"xpath","value":"//button[@data-kt=\"addButton\"]"}
COMMAND: POST /session/238fc7fdfbc7ddd3047b28b6e8a40f5c/elements - {"using":"css selector","value":"#shell-header-logo"}
RESULT: {"using":"css selector","value":"#shell-header-logo"}
COMMAND: POST /session/238fc7fdfbc7ddd3047b28b6e8a40f5c/elements - {"using":"xpath","value":"//button[@data-kt=\"addButton\"]"}
RESULT: {"using":"xpath","value":"//button[@data-kt=\"addButton\"]"}
COMMAND: POST /session/238fc7fdfbc7ddd3047b28b6e8a40f5c/elements - {"using":"css selector","value":"#shell-header-logo"}
RESULT: {"using":"css selector","value":"#shell-header-logo"}
COMMAND: POST /session/238fc7fdfbc7ddd3047b28b6e8a40f5c/elements - {"using":"xpath","value":"//button[@data-kt=\"addButton\"]"}
RESULT: {"using":"xpath","value":"//button[@data-kt=\"addButton\"]"}
COMMAND: POST /session/238fc7fdfbc7ddd3047b28b6e8a40f5c/elements - {"using":"css selector","value":"#shell-header-logo"}
RESULT: {"using":"css selector","value":"#shell-header-logo"}
COMMAND: POST /session/238fc7fdfbc7ddd3047b28b6e8a40f5c/elements - {"using":"xpath","value":"//button[@data-kt=\"addButton\"]"}
RESULT: {"using":"xpath","value":"//button[@data-kt=\"addButton\"]"}
COMMAND: POST /session/238fc7fdfbc7ddd3047b28b6e8a40f5c/elements - {"using":"css selector","value":"#shell-header-logo"}
RESULT: {"using":"css selector","value":"#shell-header-logo"}
COMMAND: POST /session/238fc7fdfbc7ddd3047b28b6e8a40f5c/elements - {"using":"xpath","value":"//button[@data-kt=\"addButton\"]"}
RESULT: {"using":"xpath","value":"//button[@data-kt=\"addButton\"]"}
COMMAND: POST /session/238fc7fdfbc7ddd3047b28b6e8a40f5c/elements - {"using":"css selector","value":"#shell-header-logo"}
RESULT: {"using":"css selector","value":"#shell-header-logo"}
COMMAND: POST /session/238fc7fdfbc7ddd3047b28b6e8a40f5c/elements - {"using":"xpath","value":"//button[@data-kt=\"addButton\"]"}
RESULT: {"using":"xpath","value":"//button[@data-kt=\"addButton\"]"}
COMMAND: POST /session/238fc7fdfbc7ddd3047b28b6e8a40f5c/elements - {"using":"css selector","value":"#shell-header-logo"}
RESULT: {"using":"css selector","value":"#shell-header-logo"}
COMMAND: POST /session/238fc7fdfbc7ddd3047b28b6e8a40f5c/elements - {"using":"xpath","value":"//button[@data-kt=\"addButton\"]"}
RESULT: {"using":"xpath","value":"//button[@data-kt=\"addButton\"]"}
COMMAND: POST /session/238fc7fdfbc7ddd3047b28b6e8a40f5c/elements - {"using":"css selector","value":"#shell-header-logo"}
RESULT: {"using":"css selector","value":"#shell-header-logo"}
COMMAND: POST /session/238fc7fdfbc7ddd3047b28b6e8a40f5c/elements - {"using":"xpath","value":"//button[@data-kt=\"addButton\"]"}
RESULT: {"using":"xpath","value":"//button[@data-kt=\"addButton\"]"}
COMMAND: POST /session/238fc7fdfbc7ddd3047b28b6e8a40f5c/elements - {"using":"css selector","value":"#shell-header-logo"}
RESULT: {"using":"css selector","value":"#shell-header-logo"}
COMMAND: POST /session/238fc7fdfbc7ddd3047b28b6e8a40f5c/elements - {"using":"xpath","value":"//button[@data-kt=\"addButton\"]"}
RESULT: {"using":"xpath","value":"//button[@data-kt=\"addButton\"]"}
COMMAND: POST /session/238fc7fdfbc7ddd3047b28b6e8a40f5c/elements - {"using":"css selector","value":"#shell-header-logo"}
RESULT: {"using":"css selector","value":"#shell-header-logo"}
COMMAND: POST /session/238fc7fdfbc7ddd3047b28b6e8a40f5c/elements - {"using":"xpath","value":"//button[@data-kt=\"addButton\"]"}
RESULT: {"using":"xpath","value":"//button[@data-kt=\"addButton\"]"}
COMMAND: POST /session/238fc7fdfbc7ddd3047b28b6e8a40f5c/elements - {"using":"css selector","value":"#shell-header-logo"}
RESULT: {"using":"css selector","value":"#shell-header-logo"}
COMMAND: POST /session/238fc7fdfbc7ddd3047b28b6e8a40f5c/elements - {"using":"xpath","value":"//button[@data-kt=\"addButton\"]"}
RESULT: {"using":"xpath","value":"//button[@data-kt=\"addButton\"]"}
COMMAND: POST /session/238fc7fdfbc7ddd3047b28b6e8a40f5c/elements - {"using":"css selector","value":"#shell-header-logo"}
COMMAND: POST /session/238fc7fdfbc7ddd3047b28b6e8a40f5c/elements - {"using":"xpath","value":"//button[@data-kt=\"addButton\"]"}
RESULT: {"using":"css selector","value":"#shell-header-logo"}
RESULT: {"using":"xpath","value":"//button[@data-kt=\"addButton\"]"}
COMMAND: POST /session/238fc7fdfbc7ddd3047b28b6e8a40f5c/elements - {"using":"css selector","value":"#shell-header-logo"}
RESULT: {"using":"css selector","value":"#shell-header-logo"}
COMMAND: POST /session/238fc7fdfbc7ddd3047b28b6e8a40f5c/elements - {"using":"xpath","value":"//button[@data-kt=\"addButton\"]"}
RESULT: {"using":"xpath","value":"//button[@data-kt=\"addButton\"]"}
COMMAND: POST /session/238fc7fdfbc7ddd3047b28b6e8a40f5c/elements - {"using":"css selector","value":"#shell-header-logo"}
RESULT: {"using":"css selector","value":"#shell-header-logo"}
COMMAND: GET /session/238fc7fdfbc7ddd3047b28b6e8a40f5c/screenshot - {}
RESULT: {}
]]></system-out>
      <system-err><![CDATA[
Error: element ("//button[@data-kt="addButton"]") still not existing after 45000ms
    at async Context.<anonymous> (D:\a\1\s\test\specs\BTS\manage-partners.spec.js:382:9)
]]></system-err>
    </testcase>
    <testcase classname="chrome.136_0_7103_49.windows.Partner_specific_tests_US150819_US151080_US151654_US151176_US103444_US151078_US151079_US151109_US151174_US151175_US151189" name="Should try to save empty partner US151174" time="55.476">
      <skipped />
      <system-out><![CDATA[
COMMAND: POST /session/238fc7fdfbc7ddd3047b28b6e8a40f5c/element - {"using":"xpath","value":"//li[.//span[text()=\"Manage Partners\"]]"}
COMMAND: GET /session/238fc7fdfbc7ddd3047b28b6e8a40f5c/screenshot - {}
RESULT: {"using":"xpath","value":"//li[.//span[text()=\"Manage Partners\"]]"}
COMMAND: POST /session/238fc7fdfbc7ddd3047b28b6e8a40f5c/element - {"using":"xpath","value":"//li[.//span[text()=\"Manage Partners\"]]"}
RESULT: {}
RESULT: {"using":"xpath","value":"//li[.//span[text()=\"Manage Partners\"]]"}
COMMAND: POST /session/238fc7fdfbc7ddd3047b28b6e8a40f5c/element - {"using":"css selector","value":"#shell-header-logo"}
COMMAND: POST /session/238fc7fdfbc7ddd3047b28b6e8a40f5c/elements - {"using":"css selector","value":"#shell-header-logo"}
RESULT: {"using":"css selector","value":"#shell-header-logo"}
COMMAND: POST /session/238fc7fdfbc7ddd3047b28b6e8a40f5c/elements - {"using":"css selector","value":"#shell-header-logo"}
COMMAND: POST /session/238fc7fdfbc7ddd3047b28b6e8a40f5c/element - {"using":"css selector","value":"#shell-header-logo"}
RESULT: {"using":"css selector","value":"#shell-header-logo"}
RESULT: {"using":"css selector","value":"#shell-header-logo"}
RESULT: {"using":"css selector","value":"#shell-header-logo"}
COMMAND: POST /session/238fc7fdfbc7ddd3047b28b6e8a40f5c/elements - {"using":"css selector","value":"#shell-header-logo"}
COMMAND: POST /session/238fc7fdfbc7ddd3047b28b6e8a40f5c/elements - {"using":"css selector","value":"#shell-header-logo"}
RESULT: {"using":"css selector","value":"#shell-header-logo"}
RESULT: {"using":"css selector","value":"#shell-header-logo"}
COMMAND: POST /session/238fc7fdfbc7ddd3047b28b6e8a40f5c/elements - {"using":"css selector","value":"#shell-header-logo"}
RESULT: {"using":"css selector","value":"#shell-header-logo"}
COMMAND: POST /session/238fc7fdfbc7ddd3047b28b6e8a40f5c/elements - {"using":"css selector","value":"#shell-header-logo"}
RESULT: {"using":"css selector","value":"#shell-header-logo"}
COMMAND: POST /session/238fc7fdfbc7ddd3047b28b6e8a40f5c/elements - {"using":"css selector","value":"#shell-header-logo"}
RESULT: {"using":"css selector","value":"#shell-header-logo"}
COMMAND: POST /session/238fc7fdfbc7ddd3047b28b6e8a40f5c/elements - {"using":"css selector","value":"#shell-header-logo"}
RESULT: {"using":"css selector","value":"#shell-header-logo"}
COMMAND: POST /session/238fc7fdfbc7ddd3047b28b6e8a40f5c/elements - {"using":"css selector","value":"#shell-header-logo"}
RESULT: {"using":"css selector","value":"#shell-header-logo"}
COMMAND: POST /session/238fc7fdfbc7ddd3047b28b6e8a40f5c/elements - {"using":"css selector","value":"#shell-header-logo"}
RESULT: {"using":"css selector","value":"#shell-header-logo"}
COMMAND: POST /session/238fc7fdfbc7ddd3047b28b6e8a40f5c/elements - {"using":"css selector","value":"#shell-header-logo"}
RESULT: {"using":"css selector","value":"#shell-header-logo"}
COMMAND: POST /session/238fc7fdfbc7ddd3047b28b6e8a40f5c/elements - {"using":"css selector","value":"#shell-header-logo"}
RESULT: {"using":"css selector","value":"#shell-header-logo"}
COMMAND: POST /session/238fc7fdfbc7ddd3047b28b6e8a40f5c/elements - {"using":"css selector","value":"#shell-header-logo"}
RESULT: {"using":"css selector","value":"#shell-header-logo"}
COMMAND: POST /session/238fc7fdfbc7ddd3047b28b6e8a40f5c/elements - {"using":"css selector","value":"#shell-header-logo"}
RESULT: {"using":"css selector","value":"#shell-header-logo"}
COMMAND: POST /session/238fc7fdfbc7ddd3047b28b6e8a40f5c/elements - {"using":"css selector","value":"#shell-header-logo"}
COMMAND: POST /session/238fc7fdfbc7ddd3047b28b6e8a40f5c/elements - {"using":"css selector","value":"#shell-header-logo"}
RESULT: {"using":"css selector","value":"#shell-header-logo"}
RESULT: {"using":"css selector","value":"#shell-header-logo"}
COMMAND: POST /session/238fc7fdfbc7ddd3047b28b6e8a40f5c/elements - {"using":"css selector","value":"#shell-header-logo"}
COMMAND: POST /session/238fc7fdfbc7ddd3047b28b6e8a40f5c/elements - {"using":"css selector","value":"#shell-header-logo"}
RESULT: {"using":"css selector","value":"#shell-header-logo"}
RESULT: {"using":"css selector","value":"#shell-header-logo"}
COMMAND: POST /session/238fc7fdfbc7ddd3047b28b6e8a40f5c/elements - {"using":"css selector","value":"#shell-header-logo"}
RESULT: {"using":"css selector","value":"#shell-header-logo"}
COMMAND: POST /session/238fc7fdfbc7ddd3047b28b6e8a40f5c/elements - {"using":"css selector","value":"#shell-header-logo"}
RESULT: {"using":"css selector","value":"#shell-header-logo"}
COMMAND: POST /session/238fc7fdfbc7ddd3047b28b6e8a40f5c/elements - {"using":"css selector","value":"#shell-header-logo"}
RESULT: {"using":"css selector","value":"#shell-header-logo"}
COMMAND: POST /session/238fc7fdfbc7ddd3047b28b6e8a40f5c/elements - {"using":"css selector","value":"#shell-header-logo"}
RESULT: {"using":"css selector","value":"#shell-header-logo"}
COMMAND: POST /session/238fc7fdfbc7ddd3047b28b6e8a40f5c/elements - {"using":"css selector","value":"#shell-header-logo"}
RESULT: {"using":"css selector","value":"#shell-header-logo"}
COMMAND: POST /session/238fc7fdfbc7ddd3047b28b6e8a40f5c/elements - {"using":"css selector","value":"#shell-header-logo"}
RESULT: {"using":"css selector","value":"#shell-header-logo"}
COMMAND: POST /session/238fc7fdfbc7ddd3047b28b6e8a40f5c/elements - {"using":"css selector","value":"#shell-header-logo"}
RESULT: {"using":"css selector","value":"#shell-header-logo"}
COMMAND: POST /session/238fc7fdfbc7ddd3047b28b6e8a40f5c/elements - {"using":"css selector","value":"#shell-header-logo"}
RESULT: {"using":"css selector","value":"#shell-header-logo"}
COMMAND: POST /session/238fc7fdfbc7ddd3047b28b6e8a40f5c/elements - {"using":"css selector","value":"#shell-header-logo"}
RESULT: {"using":"css selector","value":"#shell-header-logo"}
COMMAND: POST /session/238fc7fdfbc7ddd3047b28b6e8a40f5c/elements - {"using":"css selector","value":"#shell-header-logo"}
RESULT: {"using":"css selector","value":"#shell-header-logo"}
COMMAND: POST /session/238fc7fdfbc7ddd3047b28b6e8a40f5c/elements - {"using":"css selector","value":"#shell-header-logo"}
RESULT: {"using":"css selector","value":"#shell-header-logo"}
RESULT: undefined
COMMAND: POST /session/238fc7fdfbc7ddd3047b28b6e8a40f5c/element - {"using":"xpath","value":"//button[@data-kt=\"addButton\"]"}
COMMAND: POST /session/238fc7fdfbc7ddd3047b28b6e8a40f5c/elements - {"using":"css selector","value":"#shell-header-logo"}
RESULT: {"using":"xpath","value":"//button[@data-kt=\"addButton\"]"}
COMMAND: POST /session/238fc7fdfbc7ddd3047b28b6e8a40f5c/elements - {"using":"xpath","value":"//button[@data-kt=\"addButton\"]"}
RESULT: {"using":"css selector","value":"#shell-header-logo"}
RESULT: {"using":"xpath","value":"//button[@data-kt=\"addButton\"]"}
COMMAND: POST /session/238fc7fdfbc7ddd3047b28b6e8a40f5c/elements - {"using":"css selector","value":"#shell-header-logo"}
RESULT: {"using":"css selector","value":"#shell-header-logo"}
COMMAND: POST /session/238fc7fdfbc7ddd3047b28b6e8a40f5c/elements - {"using":"xpath","value":"//button[@data-kt=\"addButton\"]"}
RESULT: {"using":"xpath","value":"//button[@data-kt=\"addButton\"]"}
COMMAND: POST /session/238fc7fdfbc7ddd3047b28b6e8a40f5c/elements - {"using":"css selector","value":"#shell-header-logo"}
RESULT: {"using":"css selector","value":"#shell-header-logo"}
COMMAND: POST /session/238fc7fdfbc7ddd3047b28b6e8a40f5c/elements - {"using":"xpath","value":"//button[@data-kt=\"addButton\"]"}
RESULT: {"using":"xpath","value":"//button[@data-kt=\"addButton\"]"}
COMMAND: POST /session/238fc7fdfbc7ddd3047b28b6e8a40f5c/elements - {"using":"css selector","value":"#shell-header-logo"}
RESULT: {"using":"css selector","value":"#shell-header-logo"}
COMMAND: POST /session/238fc7fdfbc7ddd3047b28b6e8a40f5c/elements - {"using":"xpath","value":"//button[@data-kt=\"addButton\"]"}
RESULT: {"using":"xpath","value":"//button[@data-kt=\"addButton\"]"}
COMMAND: POST /session/238fc7fdfbc7ddd3047b28b6e8a40f5c/elements - {"using":"css selector","value":"#shell-header-logo"}
RESULT: {"using":"css selector","value":"#shell-header-logo"}
COMMAND: POST /session/238fc7fdfbc7ddd3047b28b6e8a40f5c/elements - {"using":"xpath","value":"//button[@data-kt=\"addButton\"]"}
RESULT: {"using":"xpath","value":"//button[@data-kt=\"addButton\"]"}
COMMAND: POST /session/238fc7fdfbc7ddd3047b28b6e8a40f5c/elements - {"using":"css selector","value":"#shell-header-logo"}
RESULT: {"using":"css selector","value":"#shell-header-logo"}
COMMAND: POST /session/238fc7fdfbc7ddd3047b28b6e8a40f5c/elements - {"using":"xpath","value":"//button[@data-kt=\"addButton\"]"}
RESULT: {"using":"xpath","value":"//button[@data-kt=\"addButton\"]"}
COMMAND: POST /session/238fc7fdfbc7ddd3047b28b6e8a40f5c/elements - {"using":"css selector","value":"#shell-header-logo"}
RESULT: {"using":"css selector","value":"#shell-header-logo"}
COMMAND: POST /session/238fc7fdfbc7ddd3047b28b6e8a40f5c/elements - {"using":"xpath","value":"//button[@data-kt=\"addButton\"]"}
RESULT: {"using":"xpath","value":"//button[@data-kt=\"addButton\"]"}
COMMAND: POST /session/238fc7fdfbc7ddd3047b28b6e8a40f5c/elements - {"using":"css selector","value":"#shell-header-logo"}
RESULT: {"using":"css selector","value":"#shell-header-logo"}
COMMAND: POST /session/238fc7fdfbc7ddd3047b28b6e8a40f5c/elements - {"using":"xpath","value":"//button[@data-kt=\"addButton\"]"}
RESULT: {"using":"xpath","value":"//button[@data-kt=\"addButton\"]"}
COMMAND: POST /session/238fc7fdfbc7ddd3047b28b6e8a40f5c/elements - {"using":"css selector","value":"#shell-header-logo"}
RESULT: {"using":"css selector","value":"#shell-header-logo"}
COMMAND: POST /session/238fc7fdfbc7ddd3047b28b6e8a40f5c/elements - {"using":"xpath","value":"//button[@data-kt=\"addButton\"]"}
RESULT: {"using":"xpath","value":"//button[@data-kt=\"addButton\"]"}
COMMAND: POST /session/238fc7fdfbc7ddd3047b28b6e8a40f5c/elements - {"using":"css selector","value":"#shell-header-logo"}
RESULT: {"using":"css selector","value":"#shell-header-logo"}
COMMAND: POST /session/238fc7fdfbc7ddd3047b28b6e8a40f5c/elements - {"using":"xpath","value":"//button[@data-kt=\"addButton\"]"}
RESULT: {"using":"xpath","value":"//button[@data-kt=\"addButton\"]"}
COMMAND: POST /session/238fc7fdfbc7ddd3047b28b6e8a40f5c/elements - {"using":"css selector","value":"#shell-header-logo"}
RESULT: {"using":"css selector","value":"#shell-header-logo"}
COMMAND: POST /session/238fc7fdfbc7ddd3047b28b6e8a40f5c/elements - {"using":"xpath","value":"//button[@data-kt=\"addButton\"]"}
RESULT: {"using":"xpath","value":"//button[@data-kt=\"addButton\"]"}
COMMAND: POST /session/238fc7fdfbc7ddd3047b28b6e8a40f5c/elements - {"using":"css selector","value":"#shell-header-logo"}
COMMAND: POST /session/238fc7fdfbc7ddd3047b28b6e8a40f5c/elements - {"using":"xpath","value":"//button[@data-kt=\"addButton\"]"}
RESULT: {"using":"css selector","value":"#shell-header-logo"}
RESULT: {"using":"xpath","value":"//button[@data-kt=\"addButton\"]"}
COMMAND: POST /session/238fc7fdfbc7ddd3047b28b6e8a40f5c/elements - {"using":"css selector","value":"#shell-header-logo"}
RESULT: {"using":"css selector","value":"#shell-header-logo"}
COMMAND: POST /session/238fc7fdfbc7ddd3047b28b6e8a40f5c/elements - {"using":"xpath","value":"//button[@data-kt=\"addButton\"]"}
RESULT: {"using":"xpath","value":"//button[@data-kt=\"addButton\"]"}
COMMAND: POST /session/238fc7fdfbc7ddd3047b28b6e8a40f5c/elements - {"using":"css selector","value":"#shell-header-logo"}
RESULT: {"using":"css selector","value":"#shell-header-logo"}
COMMAND: POST /session/238fc7fdfbc7ddd3047b28b6e8a40f5c/elements - {"using":"xpath","value":"//button[@data-kt=\"addButton\"]"}
RESULT: {"using":"xpath","value":"//button[@data-kt=\"addButton\"]"}
COMMAND: POST /session/238fc7fdfbc7ddd3047b28b6e8a40f5c/elements - {"using":"css selector","value":"#shell-header-logo"}
RESULT: {"using":"css selector","value":"#shell-header-logo"}
COMMAND: POST /session/238fc7fdfbc7ddd3047b28b6e8a40f5c/elements - {"using":"xpath","value":"//button[@data-kt=\"addButton\"]"}
RESULT: {"using":"xpath","value":"//button[@data-kt=\"addButton\"]"}
COMMAND: POST /session/238fc7fdfbc7ddd3047b28b6e8a40f5c/elements - {"using":"css selector","value":"#shell-header-logo"}
RESULT: {"using":"css selector","value":"#shell-header-logo"}
COMMAND: POST /session/238fc7fdfbc7ddd3047b28b6e8a40f5c/elements - {"using":"xpath","value":"//button[@data-kt=\"addButton\"]"}
RESULT: {"using":"xpath","value":"//button[@data-kt=\"addButton\"]"}
COMMAND: POST /session/238fc7fdfbc7ddd3047b28b6e8a40f5c/elements - {"using":"css selector","value":"#shell-header-logo"}
RESULT: {"using":"css selector","value":"#shell-header-logo"}
COMMAND: POST /session/238fc7fdfbc7ddd3047b28b6e8a40f5c/elements - {"using":"xpath","value":"//button[@data-kt=\"addButton\"]"}
RESULT: {"using":"xpath","value":"//button[@data-kt=\"addButton\"]"}
COMMAND: POST /session/238fc7fdfbc7ddd3047b28b6e8a40f5c/elements - {"using":"css selector","value":"#shell-header-logo"}
RESULT: {"using":"css selector","value":"#shell-header-logo"}
COMMAND: POST /session/238fc7fdfbc7ddd3047b28b6e8a40f5c/elements - {"using":"xpath","value":"//button[@data-kt=\"addButton\"]"}
RESULT: {"using":"xpath","value":"//button[@data-kt=\"addButton\"]"}
COMMAND: POST /session/238fc7fdfbc7ddd3047b28b6e8a40f5c/elements - {"using":"css selector","value":"#shell-header-logo"}
RESULT: {"using":"css selector","value":"#shell-header-logo"}
COMMAND: POST /session/238fc7fdfbc7ddd3047b28b6e8a40f5c/elements - {"using":"xpath","value":"//button[@data-kt=\"addButton\"]"}
RESULT: {"using":"xpath","value":"//button[@data-kt=\"addButton\"]"}
COMMAND: POST /session/238fc7fdfbc7ddd3047b28b6e8a40f5c/elements - {"using":"css selector","value":"#shell-header-logo"}
RESULT: {"using":"css selector","value":"#shell-header-logo"}
COMMAND: POST /session/238fc7fdfbc7ddd3047b28b6e8a40f5c/elements - {"using":"xpath","value":"//button[@data-kt=\"addButton\"]"}
RESULT: {"using":"xpath","value":"//button[@data-kt=\"addButton\"]"}
COMMAND: POST /session/238fc7fdfbc7ddd3047b28b6e8a40f5c/elements - {"using":"css selector","value":"#shell-header-logo"}
RESULT: {"using":"css selector","value":"#shell-header-logo"}
COMMAND: POST /session/238fc7fdfbc7ddd3047b28b6e8a40f5c/elements - {"using":"xpath","value":"//button[@data-kt=\"addButton\"]"}
RESULT: {"using":"xpath","value":"//button[@data-kt=\"addButton\"]"}
COMMAND: POST /session/238fc7fdfbc7ddd3047b28b6e8a40f5c/elements - {"using":"css selector","value":"#shell-header-logo"}
RESULT: {"using":"css selector","value":"#shell-header-logo"}
COMMAND: POST /session/238fc7fdfbc7ddd3047b28b6e8a40f5c/elements - {"using":"xpath","value":"//button[@data-kt=\"addButton\"]"}
RESULT: {"using":"xpath","value":"//button[@data-kt=\"addButton\"]"}
COMMAND: POST /session/238fc7fdfbc7ddd3047b28b6e8a40f5c/elements - {"using":"css selector","value":"#shell-header-logo"}
RESULT: {"using":"css selector","value":"#shell-header-logo"}
COMMAND: POST /session/238fc7fdfbc7ddd3047b28b6e8a40f5c/elements - {"using":"xpath","value":"//button[@data-kt=\"addButton\"]"}
RESULT: {"using":"xpath","value":"//button[@data-kt=\"addButton\"]"}
COMMAND: POST /session/238fc7fdfbc7ddd3047b28b6e8a40f5c/elements - {"using":"css selector","value":"#shell-header-logo"}
RESULT: {"using":"css selector","value":"#shell-header-logo"}
COMMAND: POST /session/238fc7fdfbc7ddd3047b28b6e8a40f5c/elements - {"using":"xpath","value":"//button[@data-kt=\"addButton\"]"}
RESULT: {"using":"xpath","value":"//button[@data-kt=\"addButton\"]"}
COMMAND: POST /session/238fc7fdfbc7ddd3047b28b6e8a40f5c/elements - {"using":"css selector","value":"#shell-header-logo"}
RESULT: {"using":"css selector","value":"#shell-header-logo"}
COMMAND: POST /session/238fc7fdfbc7ddd3047b28b6e8a40f5c/elements - {"using":"xpath","value":"//button[@data-kt=\"addButton\"]"}
RESULT: {"using":"xpath","value":"//button[@data-kt=\"addButton\"]"}
COMMAND: POST /session/238fc7fdfbc7ddd3047b28b6e8a40f5c/elements - {"using":"css selector","value":"#shell-header-logo"}
RESULT: {"using":"css selector","value":"#shell-header-logo"}
COMMAND: POST /session/238fc7fdfbc7ddd3047b28b6e8a40f5c/elements - {"using":"xpath","value":"//button[@data-kt=\"addButton\"]"}
RESULT: {"using":"xpath","value":"//button[@data-kt=\"addButton\"]"}
COMMAND: POST /session/238fc7fdfbc7ddd3047b28b6e8a40f5c/elements - {"using":"css selector","value":"#shell-header-logo"}
RESULT: {"using":"css selector","value":"#shell-header-logo"}
COMMAND: POST /session/238fc7fdfbc7ddd3047b28b6e8a40f5c/elements - {"using":"xpath","value":"//button[@data-kt=\"addButton\"]"}
RESULT: {"using":"xpath","value":"//button[@data-kt=\"addButton\"]"}
COMMAND: POST /session/238fc7fdfbc7ddd3047b28b6e8a40f5c/elements - {"using":"css selector","value":"#shell-header-logo"}
RESULT: {"using":"css selector","value":"#shell-header-logo"}
COMMAND: POST /session/238fc7fdfbc7ddd3047b28b6e8a40f5c/elements - {"using":"xpath","value":"//button[@data-kt=\"addButton\"]"}
RESULT: {"using":"xpath","value":"//button[@data-kt=\"addButton\"]"}
COMMAND: POST /session/238fc7fdfbc7ddd3047b28b6e8a40f5c/elements - {"using":"css selector","value":"#shell-header-logo"}
RESULT: {"using":"css selector","value":"#shell-header-logo"}
COMMAND: POST /session/238fc7fdfbc7ddd3047b28b6e8a40f5c/elements - {"using":"xpath","value":"//button[@data-kt=\"addButton\"]"}
RESULT: {"using":"xpath","value":"//button[@data-kt=\"addButton\"]"}
COMMAND: POST /session/238fc7fdfbc7ddd3047b28b6e8a40f5c/elements - {"using":"css selector","value":"#shell-header-logo"}
RESULT: {"using":"css selector","value":"#shell-header-logo"}
COMMAND: POST /session/238fc7fdfbc7ddd3047b28b6e8a40f5c/elements - {"using":"xpath","value":"//button[@data-kt=\"addButton\"]"}
RESULT: {"using":"xpath","value":"//button[@data-kt=\"addButton\"]"}
COMMAND: POST /session/238fc7fdfbc7ddd3047b28b6e8a40f5c/elements - {"using":"css selector","value":"#shell-header-logo"}
RESULT: {"using":"css selector","value":"#shell-header-logo"}
COMMAND: POST /session/238fc7fdfbc7ddd3047b28b6e8a40f5c/elements - {"using":"xpath","value":"//button[@data-kt=\"addButton\"]"}
RESULT: {"using":"xpath","value":"//button[@data-kt=\"addButton\"]"}
COMMAND: POST /session/238fc7fdfbc7ddd3047b28b6e8a40f5c/elements - {"using":"css selector","value":"#shell-header-logo"}
COMMAND: POST /session/238fc7fdfbc7ddd3047b28b6e8a40f5c/elements - {"using":"xpath","value":"//button[@data-kt=\"addButton\"]"}
RESULT: {"using":"css selector","value":"#shell-header-logo"}
RESULT: {"using":"xpath","value":"//button[@data-kt=\"addButton\"]"}
COMMAND: POST /session/238fc7fdfbc7ddd3047b28b6e8a40f5c/elements - {"using":"css selector","value":"#shell-header-logo"}
RESULT: {"using":"css selector","value":"#shell-header-logo"}
COMMAND: POST /session/238fc7fdfbc7ddd3047b28b6e8a40f5c/elements - {"using":"xpath","value":"//button[@data-kt=\"addButton\"]"}
RESULT: {"using":"xpath","value":"//button[@data-kt=\"addButton\"]"}
COMMAND: POST /session/238fc7fdfbc7ddd3047b28b6e8a40f5c/elements - {"using":"css selector","value":"#shell-header-logo"}
RESULT: {"using":"css selector","value":"#shell-header-logo"}
COMMAND: POST /session/238fc7fdfbc7ddd3047b28b6e8a40f5c/elements - {"using":"xpath","value":"//button[@data-kt=\"addButton\"]"}
RESULT: {"using":"xpath","value":"//button[@data-kt=\"addButton\"]"}
COMMAND: POST /session/238fc7fdfbc7ddd3047b28b6e8a40f5c/elements - {"using":"css selector","value":"#shell-header-logo"}
RESULT: {"using":"css selector","value":"#shell-header-logo"}
COMMAND: POST /session/238fc7fdfbc7ddd3047b28b6e8a40f5c/elements - {"using":"xpath","value":"//button[@data-kt=\"addButton\"]"}
RESULT: {"using":"xpath","value":"//button[@data-kt=\"addButton\"]"}
COMMAND: POST /session/238fc7fdfbc7ddd3047b28b6e8a40f5c/elements - {"using":"css selector","value":"#shell-header-logo"}
RESULT: {"using":"css selector","value":"#shell-header-logo"}
COMMAND: POST /session/238fc7fdfbc7ddd3047b28b6e8a40f5c/elements - {"using":"xpath","value":"//button[@data-kt=\"addButton\"]"}
RESULT: {"using":"xpath","value":"//button[@data-kt=\"addButton\"]"}
COMMAND: POST /session/238fc7fdfbc7ddd3047b28b6e8a40f5c/elements - {"using":"css selector","value":"#shell-header-logo"}
COMMAND: POST /session/238fc7fdfbc7ddd3047b28b6e8a40f5c/elements - {"using":"xpath","value":"//button[@data-kt=\"addButton\"]"}
RESULT: {"using":"css selector","value":"#shell-header-logo"}
RESULT: {"using":"xpath","value":"//button[@data-kt=\"addButton\"]"}
COMMAND: POST /session/238fc7fdfbc7ddd3047b28b6e8a40f5c/elements - {"using":"css selector","value":"#shell-header-logo"}
RESULT: {"using":"css selector","value":"#shell-header-logo"}
COMMAND: POST /session/238fc7fdfbc7ddd3047b28b6e8a40f5c/elements - {"using":"xpath","value":"//button[@data-kt=\"addButton\"]"}
RESULT: {"using":"xpath","value":"//button[@data-kt=\"addButton\"]"}
COMMAND: POST /session/238fc7fdfbc7ddd3047b28b6e8a40f5c/elements - {"using":"css selector","value":"#shell-header-logo"}
RESULT: {"using":"css selector","value":"#shell-header-logo"}
COMMAND: POST /session/238fc7fdfbc7ddd3047b28b6e8a40f5c/elements - {"using":"xpath","value":"//button[@data-kt=\"addButton\"]"}
RESULT: {"using":"xpath","value":"//button[@data-kt=\"addButton\"]"}
COMMAND: POST /session/238fc7fdfbc7ddd3047b28b6e8a40f5c/elements - {"using":"css selector","value":"#shell-header-logo"}
RESULT: {"using":"css selector","value":"#shell-header-logo"}
COMMAND: POST /session/238fc7fdfbc7ddd3047b28b6e8a40f5c/elements - {"using":"xpath","value":"//button[@data-kt=\"addButton\"]"}
RESULT: {"using":"xpath","value":"//button[@data-kt=\"addButton\"]"}
COMMAND: POST /session/238fc7fdfbc7ddd3047b28b6e8a40f5c/elements - {"using":"css selector","value":"#shell-header-logo"}
RESULT: {"using":"css selector","value":"#shell-header-logo"}
COMMAND: POST /session/238fc7fdfbc7ddd3047b28b6e8a40f5c/elements - {"using":"xpath","value":"//button[@data-kt=\"addButton\"]"}
RESULT: {"using":"xpath","value":"//button[@data-kt=\"addButton\"]"}
COMMAND: POST /session/238fc7fdfbc7ddd3047b28b6e8a40f5c/elements - {"using":"css selector","value":"#shell-header-logo"}
RESULT: {"using":"css selector","value":"#shell-header-logo"}
COMMAND: POST /session/238fc7fdfbc7ddd3047b28b6e8a40f5c/elements - {"using":"xpath","value":"//button[@data-kt=\"addButton\"]"}
RESULT: {"using":"xpath","value":"//button[@data-kt=\"addButton\"]"}
COMMAND: POST /session/238fc7fdfbc7ddd3047b28b6e8a40f5c/elements - {"using":"css selector","value":"#shell-header-logo"}
RESULT: {"using":"css selector","value":"#shell-header-logo"}
COMMAND: POST /session/238fc7fdfbc7ddd3047b28b6e8a40f5c/elements - {"using":"xpath","value":"//button[@data-kt=\"addButton\"]"}
RESULT: {"using":"xpath","value":"//button[@data-kt=\"addButton\"]"}
COMMAND: POST /session/238fc7fdfbc7ddd3047b28b6e8a40f5c/elements - {"using":"css selector","value":"#shell-header-logo"}
RESULT: {"using":"css selector","value":"#shell-header-logo"}
COMMAND: POST /session/238fc7fdfbc7ddd3047b28b6e8a40f5c/elements - {"using":"xpath","value":"//button[@data-kt=\"addButton\"]"}
RESULT: {"using":"xpath","value":"//button[@data-kt=\"addButton\"]"}
COMMAND: POST /session/238fc7fdfbc7ddd3047b28b6e8a40f5c/elements - {"using":"css selector","value":"#shell-header-logo"}
COMMAND: POST /session/238fc7fdfbc7ddd3047b28b6e8a40f5c/elements - {"using":"xpath","value":"//button[@data-kt=\"addButton\"]"}
RESULT: {"using":"css selector","value":"#shell-header-logo"}
RESULT: {"using":"xpath","value":"//button[@data-kt=\"addButton\"]"}
COMMAND: POST /session/238fc7fdfbc7ddd3047b28b6e8a40f5c/elements - {"using":"css selector","value":"#shell-header-logo"}
RESULT: {"using":"css selector","value":"#shell-header-logo"}
COMMAND: POST /session/238fc7fdfbc7ddd3047b28b6e8a40f5c/elements - {"using":"xpath","value":"//button[@data-kt=\"addButton\"]"}
RESULT: {"using":"xpath","value":"//button[@data-kt=\"addButton\"]"}
COMMAND: POST /session/238fc7fdfbc7ddd3047b28b6e8a40f5c/elements - {"using":"css selector","value":"#shell-header-logo"}
RESULT: {"using":"css selector","value":"#shell-header-logo"}
COMMAND: POST /session/238fc7fdfbc7ddd3047b28b6e8a40f5c/elements - {"using":"xpath","value":"//button[@data-kt=\"addButton\"]"}
RESULT: {"using":"xpath","value":"//button[@data-kt=\"addButton\"]"}
COMMAND: POST /session/238fc7fdfbc7ddd3047b28b6e8a40f5c/elements - {"using":"css selector","value":"#shell-header-logo"}
COMMAND: POST /session/238fc7fdfbc7ddd3047b28b6e8a40f5c/elements - {"using":"xpath","value":"//button[@data-kt=\"addButton\"]"}
RESULT: {"using":"css selector","value":"#shell-header-logo"}
RESULT: {"using":"xpath","value":"//button[@data-kt=\"addButton\"]"}
COMMAND: POST /session/238fc7fdfbc7ddd3047b28b6e8a40f5c/elements - {"using":"css selector","value":"#shell-header-logo"}
RESULT: {"using":"css selector","value":"#shell-header-logo"}
COMMAND: POST /session/238fc7fdfbc7ddd3047b28b6e8a40f5c/elements - {"using":"xpath","value":"//button[@data-kt=\"addButton\"]"}
RESULT: {"using":"xpath","value":"//button[@data-kt=\"addButton\"]"}
COMMAND: POST /session/238fc7fdfbc7ddd3047b28b6e8a40f5c/elements - {"using":"css selector","value":"#shell-header-logo"}
RESULT: {"using":"css selector","value":"#shell-header-logo"}
COMMAND: POST /session/238fc7fdfbc7ddd3047b28b6e8a40f5c/elements - {"using":"xpath","value":"//button[@data-kt=\"addButton\"]"}
RESULT: {"using":"xpath","value":"//button[@data-kt=\"addButton\"]"}
COMMAND: POST /session/238fc7fdfbc7ddd3047b28b6e8a40f5c/elements - {"using":"css selector","value":"#shell-header-logo"}
RESULT: {"using":"css selector","value":"#shell-header-logo"}
COMMAND: POST /session/238fc7fdfbc7ddd3047b28b6e8a40f5c/elements - {"using":"xpath","value":"//button[@data-kt=\"addButton\"]"}
RESULT: {"using":"xpath","value":"//button[@data-kt=\"addButton\"]"}
COMMAND: POST /session/238fc7fdfbc7ddd3047b28b6e8a40f5c/elements - {"using":"css selector","value":"#shell-header-logo"}
RESULT: {"using":"css selector","value":"#shell-header-logo"}
COMMAND: POST /session/238fc7fdfbc7ddd3047b28b6e8a40f5c/elements - {"using":"xpath","value":"//button[@data-kt=\"addButton\"]"}
RESULT: {"using":"xpath","value":"//button[@data-kt=\"addButton\"]"}
COMMAND: POST /session/238fc7fdfbc7ddd3047b28b6e8a40f5c/elements - {"using":"css selector","value":"#shell-header-logo"}
RESULT: {"using":"css selector","value":"#shell-header-logo"}
COMMAND: POST /session/238fc7fdfbc7ddd3047b28b6e8a40f5c/elements - {"using":"xpath","value":"//button[@data-kt=\"addButton\"]"}
RESULT: {"using":"xpath","value":"//button[@data-kt=\"addButton\"]"}
COMMAND: POST /session/238fc7fdfbc7ddd3047b28b6e8a40f5c/elements - {"using":"css selector","value":"#shell-header-logo"}
RESULT: {"using":"css selector","value":"#shell-header-logo"}
COMMAND: POST /session/238fc7fdfbc7ddd3047b28b6e8a40f5c/elements - {"using":"xpath","value":"//button[@data-kt=\"addButton\"]"}
RESULT: {"using":"xpath","value":"//button[@data-kt=\"addButton\"]"}
COMMAND: POST /session/238fc7fdfbc7ddd3047b28b6e8a40f5c/elements - {"using":"css selector","value":"#shell-header-logo"}
RESULT: {"using":"css selector","value":"#shell-header-logo"}
COMMAND: POST /session/238fc7fdfbc7ddd3047b28b6e8a40f5c/elements - {"using":"xpath","value":"//button[@data-kt=\"addButton\"]"}
RESULT: {"using":"xpath","value":"//button[@data-kt=\"addButton\"]"}
COMMAND: POST /session/238fc7fdfbc7ddd3047b28b6e8a40f5c/elements - {"using":"css selector","value":"#shell-header-logo"}
RESULT: {"using":"css selector","value":"#shell-header-logo"}
COMMAND: POST /session/238fc7fdfbc7ddd3047b28b6e8a40f5c/elements - {"using":"xpath","value":"//button[@data-kt=\"addButton\"]"}
RESULT: {"using":"xpath","value":"//button[@data-kt=\"addButton\"]"}
COMMAND: POST /session/238fc7fdfbc7ddd3047b28b6e8a40f5c/elements - {"using":"css selector","value":"#shell-header-logo"}
RESULT: {"using":"css selector","value":"#shell-header-logo"}
COMMAND: POST /session/238fc7fdfbc7ddd3047b28b6e8a40f5c/elements - {"using":"xpath","value":"//button[@data-kt=\"addButton\"]"}
RESULT: {"using":"xpath","value":"//button[@data-kt=\"addButton\"]"}
COMMAND: POST /session/238fc7fdfbc7ddd3047b28b6e8a40f5c/elements - {"using":"css selector","value":"#shell-header-logo"}
RESULT: {"using":"css selector","value":"#shell-header-logo"}
COMMAND: POST /session/238fc7fdfbc7ddd3047b28b6e8a40f5c/elements - {"using":"xpath","value":"//button[@data-kt=\"addButton\"]"}
RESULT: {"using":"xpath","value":"//button[@data-kt=\"addButton\"]"}
COMMAND: POST /session/238fc7fdfbc7ddd3047b28b6e8a40f5c/elements - {"using":"css selector","value":"#shell-header-logo"}
RESULT: {"using":"css selector","value":"#shell-header-logo"}
COMMAND: POST /session/238fc7fdfbc7ddd3047b28b6e8a40f5c/elements - {"using":"xpath","value":"//button[@data-kt=\"addButton\"]"}
RESULT: {"using":"xpath","value":"//button[@data-kt=\"addButton\"]"}
COMMAND: POST /session/238fc7fdfbc7ddd3047b28b6e8a40f5c/elements - {"using":"css selector","value":"#shell-header-logo"}
RESULT: {"using":"css selector","value":"#shell-header-logo"}
COMMAND: POST /session/238fc7fdfbc7ddd3047b28b6e8a40f5c/elements - {"using":"xpath","value":"//button[@data-kt=\"addButton\"]"}
RESULT: {"using":"xpath","value":"//button[@data-kt=\"addButton\"]"}
COMMAND: POST /session/238fc7fdfbc7ddd3047b28b6e8a40f5c/elements - {"using":"css selector","value":"#shell-header-logo"}
RESULT: {"using":"css selector","value":"#shell-header-logo"}
COMMAND: POST /session/238fc7fdfbc7ddd3047b28b6e8a40f5c/elements - {"using":"xpath","value":"//button[@data-kt=\"addButton\"]"}
RESULT: {"using":"xpath","value":"//button[@data-kt=\"addButton\"]"}
COMMAND: POST /session/238fc7fdfbc7ddd3047b28b6e8a40f5c/elements - {"using":"css selector","value":"#shell-header-logo"}
RESULT: {"using":"css selector","value":"#shell-header-logo"}
COMMAND: POST /session/238fc7fdfbc7ddd3047b28b6e8a40f5c/elements - {"using":"xpath","value":"//button[@data-kt=\"addButton\"]"}
RESULT: {"using":"xpath","value":"//button[@data-kt=\"addButton\"]"}
COMMAND: POST /session/238fc7fdfbc7ddd3047b28b6e8a40f5c/elements - {"using":"css selector","value":"#shell-header-logo"}
RESULT: {"using":"css selector","value":"#shell-header-logo"}
COMMAND: POST /session/238fc7fdfbc7ddd3047b28b6e8a40f5c/elements - {"using":"xpath","value":"//button[@data-kt=\"addButton\"]"}
RESULT: {"using":"xpath","value":"//button[@data-kt=\"addButton\"]"}
COMMAND: POST /session/238fc7fdfbc7ddd3047b28b6e8a40f5c/elements - {"using":"css selector","value":"#shell-header-logo"}
RESULT: {"using":"css selector","value":"#shell-header-logo"}
COMMAND: POST /session/238fc7fdfbc7ddd3047b28b6e8a40f5c/elements - {"using":"xpath","value":"//button[@data-kt=\"addButton\"]"}
RESULT: {"using":"xpath","value":"//button[@data-kt=\"addButton\"]"}
COMMAND: POST /session/238fc7fdfbc7ddd3047b28b6e8a40f5c/elements - {"using":"css selector","value":"#shell-header-logo"}
RESULT: {"using":"css selector","value":"#shell-header-logo"}
COMMAND: POST /session/238fc7fdfbc7ddd3047b28b6e8a40f5c/elements - {"using":"xpath","value":"//button[@data-kt=\"addButton\"]"}
RESULT: {"using":"xpath","value":"//button[@data-kt=\"addButton\"]"}
COMMAND: POST /session/238fc7fdfbc7ddd3047b28b6e8a40f5c/elements - {"using":"css selector","value":"#shell-header-logo"}
RESULT: {"using":"css selector","value":"#shell-header-logo"}
COMMAND: POST /session/238fc7fdfbc7ddd3047b28b6e8a40f5c/elements - {"using":"xpath","value":"//button[@data-kt=\"addButton\"]"}
RESULT: {"using":"xpath","value":"//button[@data-kt=\"addButton\"]"}
COMMAND: POST /session/238fc7fdfbc7ddd3047b28b6e8a40f5c/elements - {"using":"css selector","value":"#shell-header-logo"}
RESULT: {"using":"css selector","value":"#shell-header-logo"}
COMMAND: POST /session/238fc7fdfbc7ddd3047b28b6e8a40f5c/elements - {"using":"xpath","value":"//button[@data-kt=\"addButton\"]"}
RESULT: {"using":"xpath","value":"//button[@data-kt=\"addButton\"]"}
COMMAND: POST /session/238fc7fdfbc7ddd3047b28b6e8a40f5c/elements - {"using":"css selector","value":"#shell-header-logo"}
RESULT: {"using":"css selector","value":"#shell-header-logo"}
COMMAND: POST /session/238fc7fdfbc7ddd3047b28b6e8a40f5c/elements - {"using":"xpath","value":"//button[@data-kt=\"addButton\"]"}
RESULT: {"using":"xpath","value":"//button[@data-kt=\"addButton\"]"}
COMMAND: POST /session/238fc7fdfbc7ddd3047b28b6e8a40f5c/elements - {"using":"css selector","value":"#shell-header-logo"}
RESULT: {"using":"css selector","value":"#shell-header-logo"}
COMMAND: POST /session/238fc7fdfbc7ddd3047b28b6e8a40f5c/elements - {"using":"xpath","value":"//button[@data-kt=\"addButton\"]"}
RESULT: {"using":"xpath","value":"//button[@data-kt=\"addButton\"]"}
COMMAND: POST /session/238fc7fdfbc7ddd3047b28b6e8a40f5c/elements - {"using":"css selector","value":"#shell-header-logo"}
RESULT: {"using":"css selector","value":"#shell-header-logo"}
COMMAND: POST /session/238fc7fdfbc7ddd3047b28b6e8a40f5c/elements - {"using":"xpath","value":"//button[@data-kt=\"addButton\"]"}
RESULT: {"using":"xpath","value":"//button[@data-kt=\"addButton\"]"}
COMMAND: POST /session/238fc7fdfbc7ddd3047b28b6e8a40f5c/elements - {"using":"css selector","value":"#shell-header-logo"}
RESULT: {"using":"css selector","value":"#shell-header-logo"}
COMMAND: POST /session/238fc7fdfbc7ddd3047b28b6e8a40f5c/elements - {"using":"xpath","value":"//button[@data-kt=\"addButton\"]"}
RESULT: {"using":"xpath","value":"//button[@data-kt=\"addButton\"]"}
COMMAND: POST /session/238fc7fdfbc7ddd3047b28b6e8a40f5c/elements - {"using":"css selector","value":"#shell-header-logo"}
RESULT: {"using":"css selector","value":"#shell-header-logo"}
COMMAND: POST /session/238fc7fdfbc7ddd3047b28b6e8a40f5c/elements - {"using":"xpath","value":"//button[@data-kt=\"addButton\"]"}
RESULT: {"using":"xpath","value":"//button[@data-kt=\"addButton\"]"}
COMMAND: POST /session/238fc7fdfbc7ddd3047b28b6e8a40f5c/elements - {"using":"css selector","value":"#shell-header-logo"}
RESULT: {"using":"css selector","value":"#shell-header-logo"}
COMMAND: POST /session/238fc7fdfbc7ddd3047b28b6e8a40f5c/elements - {"using":"xpath","value":"//button[@data-kt=\"addButton\"]"}
RESULT: {"using":"xpath","value":"//button[@data-kt=\"addButton\"]"}
COMMAND: POST /session/238fc7fdfbc7ddd3047b28b6e8a40f5c/elements - {"using":"css selector","value":"#shell-header-logo"}
RESULT: {"using":"css selector","value":"#shell-header-logo"}
COMMAND: POST /session/238fc7fdfbc7ddd3047b28b6e8a40f5c/elements - {"using":"xpath","value":"//button[@data-kt=\"addButton\"]"}
RESULT: {"using":"xpath","value":"//button[@data-kt=\"addButton\"]"}
COMMAND: POST /session/238fc7fdfbc7ddd3047b28b6e8a40f5c/elements - {"using":"css selector","value":"#shell-header-logo"}
RESULT: {"using":"css selector","value":"#shell-header-logo"}
COMMAND: POST /session/238fc7fdfbc7ddd3047b28b6e8a40f5c/elements - {"using":"xpath","value":"//button[@data-kt=\"addButton\"]"}
RESULT: {"using":"xpath","value":"//button[@data-kt=\"addButton\"]"}
COMMAND: POST /session/238fc7fdfbc7ddd3047b28b6e8a40f5c/elements - {"using":"css selector","value":"#shell-header-logo"}
RESULT: {"using":"css selector","value":"#shell-header-logo"}
COMMAND: POST /session/238fc7fdfbc7ddd3047b28b6e8a40f5c/elements - {"using":"xpath","value":"//button[@data-kt=\"addButton\"]"}
RESULT: {"using":"xpath","value":"//button[@data-kt=\"addButton\"]"}
COMMAND: POST /session/238fc7fdfbc7ddd3047b28b6e8a40f5c/elements - {"using":"css selector","value":"#shell-header-logo"}
RESULT: {"using":"css selector","value":"#shell-header-logo"}
COMMAND: POST /session/238fc7fdfbc7ddd3047b28b6e8a40f5c/elements - {"using":"xpath","value":"//button[@data-kt=\"addButton\"]"}
RESULT: {"using":"xpath","value":"//button[@data-kt=\"addButton\"]"}
COMMAND: POST /session/238fc7fdfbc7ddd3047b28b6e8a40f5c/elements - {"using":"css selector","value":"#shell-header-logo"}
RESULT: {"using":"css selector","value":"#shell-header-logo"}
COMMAND: POST /session/238fc7fdfbc7ddd3047b28b6e8a40f5c/elements - {"using":"xpath","value":"//button[@data-kt=\"addButton\"]"}
RESULT: {"using":"xpath","value":"//button[@data-kt=\"addButton\"]"}
COMMAND: POST /session/238fc7fdfbc7ddd3047b28b6e8a40f5c/elements - {"using":"css selector","value":"#shell-header-logo"}
RESULT: {"using":"css selector","value":"#shell-header-logo"}
COMMAND: POST /session/238fc7fdfbc7ddd3047b28b6e8a40f5c/elements - {"using":"xpath","value":"//button[@data-kt=\"addButton\"]"}
RESULT: {"using":"xpath","value":"//button[@data-kt=\"addButton\"]"}
COMMAND: POST /session/238fc7fdfbc7ddd3047b28b6e8a40f5c/elements - {"using":"css selector","value":"#shell-header-logo"}
RESULT: {"using":"css selector","value":"#shell-header-logo"}
COMMAND: POST /session/238fc7fdfbc7ddd3047b28b6e8a40f5c/elements - {"using":"xpath","value":"//button[@data-kt=\"addButton\"]"}
RESULT: {"using":"xpath","value":"//button[@data-kt=\"addButton\"]"}
COMMAND: POST /session/238fc7fdfbc7ddd3047b28b6e8a40f5c/elements - {"using":"css selector","value":"#shell-header-logo"}
RESULT: {"using":"css selector","value":"#shell-header-logo"}
COMMAND: POST /session/238fc7fdfbc7ddd3047b28b6e8a40f5c/elements - {"using":"xpath","value":"//button[@data-kt=\"addButton\"]"}
RESULT: {"using":"xpath","value":"//button[@data-kt=\"addButton\"]"}
COMMAND: POST /session/238fc7fdfbc7ddd3047b28b6e8a40f5c/elements - {"using":"css selector","value":"#shell-header-logo"}
RESULT: {"using":"css selector","value":"#shell-header-logo"}
COMMAND: POST /session/238fc7fdfbc7ddd3047b28b6e8a40f5c/elements - {"using":"xpath","value":"//button[@data-kt=\"addButton\"]"}
RESULT: {"using":"xpath","value":"//button[@data-kt=\"addButton\"]"}
COMMAND: POST /session/238fc7fdfbc7ddd3047b28b6e8a40f5c/elements - {"using":"css selector","value":"#shell-header-logo"}
COMMAND: POST /session/238fc7fdfbc7ddd3047b28b6e8a40f5c/elements - {"using":"xpath","value":"//button[@data-kt=\"addButton\"]"}
RESULT: {"using":"css selector","value":"#shell-header-logo"}
RESULT: {"using":"xpath","value":"//button[@data-kt=\"addButton\"]"}
COMMAND: POST /session/238fc7fdfbc7ddd3047b28b6e8a40f5c/elements - {"using":"css selector","value":"#shell-header-logo"}
RESULT: {"using":"css selector","value":"#shell-header-logo"}
COMMAND: POST /session/238fc7fdfbc7ddd3047b28b6e8a40f5c/elements - {"using":"xpath","value":"//button[@data-kt=\"addButton\"]"}
RESULT: {"using":"xpath","value":"//button[@data-kt=\"addButton\"]"}
COMMAND: POST /session/238fc7fdfbc7ddd3047b28b6e8a40f5c/elements - {"using":"css selector","value":"#shell-header-logo"}
RESULT: {"using":"css selector","value":"#shell-header-logo"}
COMMAND: POST /session/238fc7fdfbc7ddd3047b28b6e8a40f5c/elements - {"using":"xpath","value":"//button[@data-kt=\"addButton\"]"}
RESULT: {"using":"xpath","value":"//button[@data-kt=\"addButton\"]"}
COMMAND: POST /session/238fc7fdfbc7ddd3047b28b6e8a40f5c/elements - {"using":"css selector","value":"#shell-header-logo"}
RESULT: {"using":"css selector","value":"#shell-header-logo"}
COMMAND: POST /session/238fc7fdfbc7ddd3047b28b6e8a40f5c/elements - {"using":"xpath","value":"//button[@data-kt=\"addButton\"]"}
RESULT: {"using":"xpath","value":"//button[@data-kt=\"addButton\"]"}
COMMAND: POST /session/238fc7fdfbc7ddd3047b28b6e8a40f5c/elements - {"using":"css selector","value":"#shell-header-logo"}
RESULT: {"using":"css selector","value":"#shell-header-logo"}
COMMAND: POST /session/238fc7fdfbc7ddd3047b28b6e8a40f5c/elements - {"using":"xpath","value":"//button[@data-kt=\"addButton\"]"}
RESULT: {"using":"xpath","value":"//button[@data-kt=\"addButton\"]"}
COMMAND: POST /session/238fc7fdfbc7ddd3047b28b6e8a40f5c/elements - {"using":"css selector","value":"#shell-header-logo"}
RESULT: {"using":"css selector","value":"#shell-header-logo"}
COMMAND: POST /session/238fc7fdfbc7ddd3047b28b6e8a40f5c/elements - {"using":"xpath","value":"//button[@data-kt=\"addButton\"]"}
RESULT: {"using":"xpath","value":"//button[@data-kt=\"addButton\"]"}
COMMAND: POST /session/238fc7fdfbc7ddd3047b28b6e8a40f5c/elements - {"using":"css selector","value":"#shell-header-logo"}
RESULT: {"using":"css selector","value":"#shell-header-logo"}
COMMAND: POST /session/238fc7fdfbc7ddd3047b28b6e8a40f5c/elements - {"using":"xpath","value":"//button[@data-kt=\"addButton\"]"}
RESULT: {"using":"xpath","value":"//button[@data-kt=\"addButton\"]"}
COMMAND: POST /session/238fc7fdfbc7ddd3047b28b6e8a40f5c/elements - {"using":"css selector","value":"#shell-header-logo"}
RESULT: {"using":"css selector","value":"#shell-header-logo"}
COMMAND: POST /session/238fc7fdfbc7ddd3047b28b6e8a40f5c/elements - {"using":"xpath","value":"//button[@data-kt=\"addButton\"]"}
RESULT: {"using":"xpath","value":"//button[@data-kt=\"addButton\"]"}
COMMAND: POST /session/238fc7fdfbc7ddd3047b28b6e8a40f5c/elements - {"using":"css selector","value":"#shell-header-logo"}
RESULT: {"using":"css selector","value":"#shell-header-logo"}
COMMAND: POST /session/238fc7fdfbc7ddd3047b28b6e8a40f5c/elements - {"using":"xpath","value":"//button[@data-kt=\"addButton\"]"}
COMMAND: GET /session/238fc7fdfbc7ddd3047b28b6e8a40f5c/screenshot - {}
RESULT: {}
]]></system-out>
      <system-err><![CDATA[
Error: element ("//button[@data-kt="addButton"]") still not existing after 45000ms
    at async Context.<anonymous> (D:\a\1\s\test\specs\BTS\manage-partners.spec.js:701:9)
]]></system-err>
    </testcase>
    <testcase classname="chrome.136_0_7103_49.windows.Partner_specific_tests_US150819_US151080_US151654_US151176_US103444_US151078_US151079_US151109_US151174_US151175_US151189" name="Should try to save empty partner US151174" time="55.273">
      <skipped />
      <system-out><![CDATA[
COMMAND: POST /session/238fc7fdfbc7ddd3047b28b6e8a40f5c/element - {"using":"xpath","value":"//li[.//span[text()=\"Manage Partners\"]]"}
RESULT: {"using":"xpath","value":"//button[@data-kt=\"addButton\"]"}
RESULT: {"using":"xpath","value":"//li[.//span[text()=\"Manage Partners\"]]"}
COMMAND: POST /session/238fc7fdfbc7ddd3047b28b6e8a40f5c/element - {"using":"xpath","value":"//li[.//span[text()=\"Manage Partners\"]]"}
RESULT: {"using":"xpath","value":"//li[.//span[text()=\"Manage Partners\"]]"}
COMMAND: POST /session/238fc7fdfbc7ddd3047b28b6e8a40f5c/element - {"using":"css selector","value":"#shell-header-logo"}
RESULT: {"using":"css selector","value":"#shell-header-logo"}
COMMAND: POST /session/238fc7fdfbc7ddd3047b28b6e8a40f5c/elements - {"using":"css selector","value":"#shell-header-logo"}
COMMAND: POST /session/238fc7fdfbc7ddd3047b28b6e8a40f5c/element - {"using":"css selector","value":"#shell-header-logo"}
RESULT: {"using":"css selector","value":"#shell-header-logo"}
RESULT: {"using":"css selector","value":"#shell-header-logo"}
COMMAND: POST /session/238fc7fdfbc7ddd3047b28b6e8a40f5c/elements - {"using":"css selector","value":"#shell-header-logo"}
RESULT: {"using":"css selector","value":"#shell-header-logo"}
COMMAND: POST /session/238fc7fdfbc7ddd3047b28b6e8a40f5c/elements - {"using":"css selector","value":"#shell-header-logo"}
RESULT: {"using":"css selector","value":"#shell-header-logo"}
COMMAND: POST /session/238fc7fdfbc7ddd3047b28b6e8a40f5c/elements - {"using":"css selector","value":"#shell-header-logo"}
RESULT: {"using":"css selector","value":"#shell-header-logo"}
COMMAND: POST /session/238fc7fdfbc7ddd3047b28b6e8a40f5c/elements - {"using":"css selector","value":"#shell-header-logo"}
RESULT: {"using":"css selector","value":"#shell-header-logo"}
COMMAND: POST /session/238fc7fdfbc7ddd3047b28b6e8a40f5c/elements - {"using":"css selector","value":"#shell-header-logo"}
RESULT: {"using":"css selector","value":"#shell-header-logo"}
COMMAND: POST /session/238fc7fdfbc7ddd3047b28b6e8a40f5c/elements - {"using":"css selector","value":"#shell-header-logo"}
RESULT: {"using":"css selector","value":"#shell-header-logo"}
COMMAND: POST /session/238fc7fdfbc7ddd3047b28b6e8a40f5c/elements - {"using":"css selector","value":"#shell-header-logo"}
RESULT: {"using":"css selector","value":"#shell-header-logo"}
COMMAND: POST /session/238fc7fdfbc7ddd3047b28b6e8a40f5c/elements - {"using":"css selector","value":"#shell-header-logo"}
RESULT: {"using":"css selector","value":"#shell-header-logo"}
COMMAND: POST /session/238fc7fdfbc7ddd3047b28b6e8a40f5c/elements - {"using":"css selector","value":"#shell-header-logo"}
RESULT: {"using":"css selector","value":"#shell-header-logo"}
COMMAND: POST /session/238fc7fdfbc7ddd3047b28b6e8a40f5c/elements - {"using":"css selector","value":"#shell-header-logo"}
RESULT: {"using":"css selector","value":"#shell-header-logo"}
COMMAND: POST /session/238fc7fdfbc7ddd3047b28b6e8a40f5c/elements - {"using":"css selector","value":"#shell-header-logo"}
RESULT: {"using":"css selector","value":"#shell-header-logo"}
COMMAND: POST /session/238fc7fdfbc7ddd3047b28b6e8a40f5c/elements - {"using":"css selector","value":"#shell-header-logo"}
RESULT: {"using":"css selector","value":"#shell-header-logo"}
COMMAND: POST /session/238fc7fdfbc7ddd3047b28b6e8a40f5c/elements - {"using":"css selector","value":"#shell-header-logo"}
RESULT: {"using":"css selector","value":"#shell-header-logo"}
COMMAND: POST /session/238fc7fdfbc7ddd3047b28b6e8a40f5c/elements - {"using":"css selector","value":"#shell-header-logo"}
RESULT: {"using":"css selector","value":"#shell-header-logo"}
COMMAND: POST /session/238fc7fdfbc7ddd3047b28b6e8a40f5c/elements - {"using":"css selector","value":"#shell-header-logo"}
RESULT: {"using":"css selector","value":"#shell-header-logo"}
COMMAND: POST /session/238fc7fdfbc7ddd3047b28b6e8a40f5c/elements - {"using":"css selector","value":"#shell-header-logo"}
RESULT: {"using":"css selector","value":"#shell-header-logo"}
COMMAND: POST /session/238fc7fdfbc7ddd3047b28b6e8a40f5c/elements - {"using":"css selector","value":"#shell-header-logo"}
RESULT: {"using":"css selector","value":"#shell-header-logo"}
COMMAND: POST /session/238fc7fdfbc7ddd3047b28b6e8a40f5c/elements - {"using":"css selector","value":"#shell-header-logo"}
RESULT: {"using":"css selector","value":"#shell-header-logo"}
COMMAND: POST /session/238fc7fdfbc7ddd3047b28b6e8a40f5c/elements - {"using":"css selector","value":"#shell-header-logo"}
RESULT: {"using":"css selector","value":"#shell-header-logo"}
COMMAND: POST /session/238fc7fdfbc7ddd3047b28b6e8a40f5c/elements - {"using":"css selector","value":"#shell-header-logo"}
RESULT: {"using":"css selector","value":"#shell-header-logo"}
COMMAND: POST /session/238fc7fdfbc7ddd3047b28b6e8a40f5c/elements - {"using":"css selector","value":"#shell-header-logo"}
RESULT: {"using":"css selector","value":"#shell-header-logo"}
COMMAND: POST /session/238fc7fdfbc7ddd3047b28b6e8a40f5c/elements - {"using":"css selector","value":"#shell-header-logo"}
RESULT: {"using":"css selector","value":"#shell-header-logo"}
COMMAND: POST /session/238fc7fdfbc7ddd3047b28b6e8a40f5c/elements - {"using":"css selector","value":"#shell-header-logo"}
RESULT: {"using":"css selector","value":"#shell-header-logo"}
COMMAND: POST /session/238fc7fdfbc7ddd3047b28b6e8a40f5c/elements - {"using":"css selector","value":"#shell-header-logo"}
RESULT: {"using":"css selector","value":"#shell-header-logo"}
COMMAND: POST /session/238fc7fdfbc7ddd3047b28b6e8a40f5c/elements - {"using":"css selector","value":"#shell-header-logo"}
RESULT: {"using":"css selector","value":"#shell-header-logo"}
COMMAND: POST /session/238fc7fdfbc7ddd3047b28b6e8a40f5c/elements - {"using":"css selector","value":"#shell-header-logo"}
RESULT: {"using":"css selector","value":"#shell-header-logo"}
COMMAND: POST /session/238fc7fdfbc7ddd3047b28b6e8a40f5c/elements - {"using":"css selector","value":"#shell-header-logo"}
RESULT: {"using":"css selector","value":"#shell-header-logo"}
COMMAND: POST /session/238fc7fdfbc7ddd3047b28b6e8a40f5c/elements - {"using":"css selector","value":"#shell-header-logo"}
RESULT: {"using":"css selector","value":"#shell-header-logo"}
COMMAND: POST /session/238fc7fdfbc7ddd3047b28b6e8a40f5c/elements - {"using":"css selector","value":"#shell-header-logo"}
RESULT: {"using":"css selector","value":"#shell-header-logo"}
RESULT: undefined
COMMAND: POST /session/238fc7fdfbc7ddd3047b28b6e8a40f5c/element - {"using":"xpath","value":"//button[@data-kt=\"addButton\"]"}
COMMAND: POST /session/238fc7fdfbc7ddd3047b28b6e8a40f5c/elements - {"using":"css selector","value":"#shell-header-logo"}
RESULT: {"using":"xpath","value":"//button[@data-kt=\"addButton\"]"}
COMMAND: POST /session/238fc7fdfbc7ddd3047b28b6e8a40f5c/elements - {"using":"xpath","value":"//button[@data-kt=\"addButton\"]"}
RESULT: {"using":"css selector","value":"#shell-header-logo"}
RESULT: {"using":"xpath","value":"//button[@data-kt=\"addButton\"]"}
COMMAND: POST /session/238fc7fdfbc7ddd3047b28b6e8a40f5c/elements - {"using":"css selector","value":"#shell-header-logo"}
RESULT: {"using":"css selector","value":"#shell-header-logo"}
COMMAND: POST /session/238fc7fdfbc7ddd3047b28b6e8a40f5c/elements - {"using":"xpath","value":"//button[@data-kt=\"addButton\"]"}
RESULT: {"using":"xpath","value":"//button[@data-kt=\"addButton\"]"}
COMMAND: POST /session/238fc7fdfbc7ddd3047b28b6e8a40f5c/elements - {"using":"css selector","value":"#shell-header-logo"}
RESULT: {"using":"css selector","value":"#shell-header-logo"}
COMMAND: POST /session/238fc7fdfbc7ddd3047b28b6e8a40f5c/elements - {"using":"xpath","value":"//button[@data-kt=\"addButton\"]"}
RESULT: {"using":"xpath","value":"//button[@data-kt=\"addButton\"]"}
COMMAND: POST /session/238fc7fdfbc7ddd3047b28b6e8a40f5c/elements - {"using":"css selector","value":"#shell-header-logo"}
RESULT: {"using":"css selector","value":"#shell-header-logo"}
COMMAND: POST /session/238fc7fdfbc7ddd3047b28b6e8a40f5c/elements - {"using":"xpath","value":"//button[@data-kt=\"addButton\"]"}
RESULT: {"using":"xpath","value":"//button[@data-kt=\"addButton\"]"}
COMMAND: POST /session/238fc7fdfbc7ddd3047b28b6e8a40f5c/elements - {"using":"css selector","value":"#shell-header-logo"}
RESULT: {"using":"css selector","value":"#shell-header-logo"}
COMMAND: POST /session/238fc7fdfbc7ddd3047b28b6e8a40f5c/elements - {"using":"xpath","value":"//button[@data-kt=\"addButton\"]"}
RESULT: {"using":"xpath","value":"//button[@data-kt=\"addButton\"]"}
COMMAND: POST /session/238fc7fdfbc7ddd3047b28b6e8a40f5c/elements - {"using":"css selector","value":"#shell-header-logo"}
RESULT: {"using":"css selector","value":"#shell-header-logo"}
COMMAND: POST /session/238fc7fdfbc7ddd3047b28b6e8a40f5c/elements - {"using":"xpath","value":"//button[@data-kt=\"addButton\"]"}
RESULT: {"using":"xpath","value":"//button[@data-kt=\"addButton\"]"}
COMMAND: POST /session/238fc7fdfbc7ddd3047b28b6e8a40f5c/elements - {"using":"css selector","value":"#shell-header-logo"}
RESULT: {"using":"css selector","value":"#shell-header-logo"}
COMMAND: POST /session/238fc7fdfbc7ddd3047b28b6e8a40f5c/elements - {"using":"xpath","value":"//button[@data-kt=\"addButton\"]"}
RESULT: {"using":"xpath","value":"//button[@data-kt=\"addButton\"]"}
COMMAND: POST /session/238fc7fdfbc7ddd3047b28b6e8a40f5c/elements - {"using":"css selector","value":"#shell-header-logo"}
RESULT: {"using":"css selector","value":"#shell-header-logo"}
COMMAND: POST /session/238fc7fdfbc7ddd3047b28b6e8a40f5c/elements - {"using":"xpath","value":"//button[@data-kt=\"addButton\"]"}
RESULT: {"using":"xpath","value":"//button[@data-kt=\"addButton\"]"}
COMMAND: POST /session/238fc7fdfbc7ddd3047b28b6e8a40f5c/elements - {"using":"css selector","value":"#shell-header-logo"}
RESULT: {"using":"css selector","value":"#shell-header-logo"}
COMMAND: POST /session/238fc7fdfbc7ddd3047b28b6e8a40f5c/elements - {"using":"xpath","value":"//button[@data-kt=\"addButton\"]"}
RESULT: {"using":"xpath","value":"//button[@data-kt=\"addButton\"]"}
COMMAND: POST /session/238fc7fdfbc7ddd3047b28b6e8a40f5c/elements - {"using":"css selector","value":"#shell-header-logo"}
RESULT: {"using":"css selector","value":"#shell-header-logo"}
COMMAND: POST /session/238fc7fdfbc7ddd3047b28b6e8a40f5c/elements - {"using":"xpath","value":"//button[@data-kt=\"addButton\"]"}
RESULT: {"using":"xpath","value":"//button[@data-kt=\"addButton\"]"}
COMMAND: POST /session/238fc7fdfbc7ddd3047b28b6e8a40f5c/elements - {"using":"css selector","value":"#shell-header-logo"}
RESULT: {"using":"css selector","value":"#shell-header-logo"}
COMMAND: POST /session/238fc7fdfbc7ddd3047b28b6e8a40f5c/elements - {"using":"xpath","value":"//button[@data-kt=\"addButton\"]"}
RESULT: {"using":"xpath","value":"//button[@data-kt=\"addButton\"]"}
COMMAND: POST /session/238fc7fdfbc7ddd3047b28b6e8a40f5c/elements - {"using":"css selector","value":"#shell-header-logo"}
RESULT: {"using":"css selector","value":"#shell-header-logo"}
COMMAND: POST /session/238fc7fdfbc7ddd3047b28b6e8a40f5c/elements - {"using":"xpath","value":"//button[@data-kt=\"addButton\"]"}
RESULT: {"using":"xpath","value":"//button[@data-kt=\"addButton\"]"}
COMMAND: POST /session/238fc7fdfbc7ddd3047b28b6e8a40f5c/elements - {"using":"css selector","value":"#shell-header-logo"}
RESULT: {"using":"css selector","value":"#shell-header-logo"}
COMMAND: POST /session/238fc7fdfbc7ddd3047b28b6e8a40f5c/elements - {"using":"xpath","value":"//button[@data-kt=\"addButton\"]"}
RESULT: {"using":"xpath","value":"//button[@data-kt=\"addButton\"]"}
COMMAND: POST /session/238fc7fdfbc7ddd3047b28b6e8a40f5c/elements - {"using":"css selector","value":"#shell-header-logo"}
RESULT: {"using":"css selector","value":"#shell-header-logo"}
COMMAND: POST /session/238fc7fdfbc7ddd3047b28b6e8a40f5c/elements - {"using":"xpath","value":"//button[@data-kt=\"addButton\"]"}
RESULT: {"using":"xpath","value":"//button[@data-kt=\"addButton\"]"}
COMMAND: POST /session/238fc7fdfbc7ddd3047b28b6e8a40f5c/elements - {"using":"css selector","value":"#shell-header-logo"}
RESULT: {"using":"css selector","value":"#shell-header-logo"}
COMMAND: POST /session/238fc7fdfbc7ddd3047b28b6e8a40f5c/elements - {"using":"xpath","value":"//button[@data-kt=\"addButton\"]"}
RESULT: {"using":"xpath","value":"//button[@data-kt=\"addButton\"]"}
COMMAND: POST /session/238fc7fdfbc7ddd3047b28b6e8a40f5c/elements - {"using":"css selector","value":"#shell-header-logo"}
RESULT: {"using":"css selector","value":"#shell-header-logo"}
COMMAND: POST /session/238fc7fdfbc7ddd3047b28b6e8a40f5c/elements - {"using":"xpath","value":"//button[@data-kt=\"addButton\"]"}
RESULT: {"using":"xpath","value":"//button[@data-kt=\"addButton\"]"}
COMMAND: POST /session/238fc7fdfbc7ddd3047b28b6e8a40f5c/elements - {"using":"css selector","value":"#shell-header-logo"}
RESULT: {"using":"css selector","value":"#shell-header-logo"}
COMMAND: POST /session/238fc7fdfbc7ddd3047b28b6e8a40f5c/elements - {"using":"xpath","value":"//button[@data-kt=\"addButton\"]"}
RESULT: {"using":"xpath","value":"//button[@data-kt=\"addButton\"]"}
COMMAND: POST /session/238fc7fdfbc7ddd3047b28b6e8a40f5c/elements - {"using":"css selector","value":"#shell-header-logo"}
RESULT: {"using":"css selector","value":"#shell-header-logo"}
COMMAND: POST /session/238fc7fdfbc7ddd3047b28b6e8a40f5c/elements - {"using":"xpath","value":"//button[@data-kt=\"addButton\"]"}
RESULT: {"using":"xpath","value":"//button[@data-kt=\"addButton\"]"}
COMMAND: POST /session/238fc7fdfbc7ddd3047b28b6e8a40f5c/elements - {"using":"css selector","value":"#shell-header-logo"}
RESULT: {"using":"css selector","value":"#shell-header-logo"}
COMMAND: POST /session/238fc7fdfbc7ddd3047b28b6e8a40f5c/elements - {"using":"xpath","value":"//button[@data-kt=\"addButton\"]"}
RESULT: {"using":"xpath","value":"//button[@data-kt=\"addButton\"]"}
COMMAND: POST /session/238fc7fdfbc7ddd3047b28b6e8a40f5c/elements - {"using":"css selector","value":"#shell-header-logo"}
RESULT: {"using":"css selector","value":"#shell-header-logo"}
COMMAND: POST /session/238fc7fdfbc7ddd3047b28b6e8a40f5c/elements - {"using":"xpath","value":"//button[@data-kt=\"addButton\"]"}
RESULT: {"using":"xpath","value":"//button[@data-kt=\"addButton\"]"}
COMMAND: POST /session/238fc7fdfbc7ddd3047b28b6e8a40f5c/elements - {"using":"css selector","value":"#shell-header-logo"}
RESULT: {"using":"css selector","value":"#shell-header-logo"}
COMMAND: POST /session/238fc7fdfbc7ddd3047b28b6e8a40f5c/elements - {"using":"xpath","value":"//button[@data-kt=\"addButton\"]"}
RESULT: {"using":"xpath","value":"//button[@data-kt=\"addButton\"]"}
COMMAND: POST /session/238fc7fdfbc7ddd3047b28b6e8a40f5c/elements - {"using":"css selector","value":"#shell-header-logo"}
RESULT: {"using":"css selector","value":"#shell-header-logo"}
COMMAND: POST /session/238fc7fdfbc7ddd3047b28b6e8a40f5c/elements - {"using":"xpath","value":"//button[@data-kt=\"addButton\"]"}
RESULT: {"using":"xpath","value":"//button[@data-kt=\"addButton\"]"}
COMMAND: POST /session/238fc7fdfbc7ddd3047b28b6e8a40f5c/elements - {"using":"css selector","value":"#shell-header-logo"}
RESULT: {"using":"css selector","value":"#shell-header-logo"}
COMMAND: POST /session/238fc7fdfbc7ddd3047b28b6e8a40f5c/elements - {"using":"xpath","value":"//button[@data-kt=\"addButton\"]"}
RESULT: {"using":"xpath","value":"//button[@data-kt=\"addButton\"]"}
COMMAND: POST /session/238fc7fdfbc7ddd3047b28b6e8a40f5c/elements - {"using":"css selector","value":"#shell-header-logo"}
RESULT: {"using":"css selector","value":"#shell-header-logo"}
COMMAND: POST /session/238fc7fdfbc7ddd3047b28b6e8a40f5c/elements - {"using":"xpath","value":"//button[@data-kt=\"addButton\"]"}
RESULT: {"using":"xpath","value":"//button[@data-kt=\"addButton\"]"}
COMMAND: POST /session/238fc7fdfbc7ddd3047b28b6e8a40f5c/elements - {"using":"css selector","value":"#shell-header-logo"}
RESULT: {"using":"css selector","value":"#shell-header-logo"}
COMMAND: POST /session/238fc7fdfbc7ddd3047b28b6e8a40f5c/elements - {"using":"xpath","value":"//button[@data-kt=\"addButton\"]"}
RESULT: {"using":"xpath","value":"//button[@data-kt=\"addButton\"]"}
COMMAND: POST /session/238fc7fdfbc7ddd3047b28b6e8a40f5c/elements - {"using":"css selector","value":"#shell-header-logo"}
RESULT: {"using":"css selector","value":"#shell-header-logo"}
COMMAND: POST /session/238fc7fdfbc7ddd3047b28b6e8a40f5c/elements - {"using":"xpath","value":"//button[@data-kt=\"addButton\"]"}
RESULT: {"using":"xpath","value":"//button[@data-kt=\"addButton\"]"}
COMMAND: POST /session/238fc7fdfbc7ddd3047b28b6e8a40f5c/elements - {"using":"css selector","value":"#shell-header-logo"}
RESULT: {"using":"css selector","value":"#shell-header-logo"}
COMMAND: POST /session/238fc7fdfbc7ddd3047b28b6e8a40f5c/elements - {"using":"xpath","value":"//button[@data-kt=\"addButton\"]"}
RESULT: {"using":"xpath","value":"//button[@data-kt=\"addButton\"]"}
COMMAND: POST /session/238fc7fdfbc7ddd3047b28b6e8a40f5c/elements - {"using":"css selector","value":"#shell-header-logo"}
RESULT: {"using":"css selector","value":"#shell-header-logo"}
COMMAND: POST /session/238fc7fdfbc7ddd3047b28b6e8a40f5c/elements - {"using":"xpath","value":"//button[@data-kt=\"addButton\"]"}
RESULT: {"using":"xpath","value":"//button[@data-kt=\"addButton\"]"}
COMMAND: POST /session/238fc7fdfbc7ddd3047b28b6e8a40f5c/elements - {"using":"css selector","value":"#shell-header-logo"}
RESULT: {"using":"css selector","value":"#shell-header-logo"}
COMMAND: POST /session/238fc7fdfbc7ddd3047b28b6e8a40f5c/elements - {"using":"xpath","value":"//button[@data-kt=\"addButton\"]"}
RESULT: {"using":"xpath","value":"//button[@data-kt=\"addButton\"]"}
COMMAND: POST /session/238fc7fdfbc7ddd3047b28b6e8a40f5c/elements - {"using":"css selector","value":"#shell-header-logo"}
RESULT: {"using":"css selector","value":"#shell-header-logo"}
COMMAND: POST /session/238fc7fdfbc7ddd3047b28b6e8a40f5c/elements - {"using":"xpath","value":"//button[@data-kt=\"addButton\"]"}
RESULT: {"using":"xpath","value":"//button[@data-kt=\"addButton\"]"}
COMMAND: POST /session/238fc7fdfbc7ddd3047b28b6e8a40f5c/elements - {"using":"css selector","value":"#shell-header-logo"}
RESULT: {"using":"css selector","value":"#shell-header-logo"}
COMMAND: POST /session/238fc7fdfbc7ddd3047b28b6e8a40f5c/elements - {"using":"xpath","value":"//button[@data-kt=\"addButton\"]"}
RESULT: {"using":"xpath","value":"//button[@data-kt=\"addButton\"]"}
COMMAND: POST /session/238fc7fdfbc7ddd3047b28b6e8a40f5c/elements - {"using":"css selector","value":"#shell-header-logo"}
RESULT: {"using":"css selector","value":"#shell-header-logo"}
COMMAND: POST /session/238fc7fdfbc7ddd3047b28b6e8a40f5c/elements - {"using":"xpath","value":"//button[@data-kt=\"addButton\"]"}
RESULT: {"using":"xpath","value":"//button[@data-kt=\"addButton\"]"}
COMMAND: POST /session/238fc7fdfbc7ddd3047b28b6e8a40f5c/elements - {"using":"css selector","value":"#shell-header-logo"}
RESULT: {"using":"css selector","value":"#shell-header-logo"}
COMMAND: POST /session/238fc7fdfbc7ddd3047b28b6e8a40f5c/elements - {"using":"xpath","value":"//button[@data-kt=\"addButton\"]"}
RESULT: {"using":"xpath","value":"//button[@data-kt=\"addButton\"]"}
COMMAND: POST /session/238fc7fdfbc7ddd3047b28b6e8a40f5c/elements - {"using":"css selector","value":"#shell-header-logo"}
RESULT: {"using":"css selector","value":"#shell-header-logo"}
COMMAND: POST /session/238fc7fdfbc7ddd3047b28b6e8a40f5c/elements - {"using":"xpath","value":"//button[@data-kt=\"addButton\"]"}
RESULT: {"using":"xpath","value":"//button[@data-kt=\"addButton\"]"}
COMMAND: POST /session/238fc7fdfbc7ddd3047b28b6e8a40f5c/elements - {"using":"css selector","value":"#shell-header-logo"}
RESULT: {"using":"css selector","value":"#shell-header-logo"}
COMMAND: POST /session/238fc7fdfbc7ddd3047b28b6e8a40f5c/elements - {"using":"xpath","value":"//button[@data-kt=\"addButton\"]"}
RESULT: {"using":"xpath","value":"//button[@data-kt=\"addButton\"]"}
COMMAND: POST /session/238fc7fdfbc7ddd3047b28b6e8a40f5c/elements - {"using":"css selector","value":"#shell-header-logo"}
RESULT: {"using":"css selector","value":"#shell-header-logo"}
COMMAND: POST /session/238fc7fdfbc7ddd3047b28b6e8a40f5c/elements - {"using":"xpath","value":"//button[@data-kt=\"addButton\"]"}
RESULT: {"using":"xpath","value":"//button[@data-kt=\"addButton\"]"}
COMMAND: POST /session/238fc7fdfbc7ddd3047b28b6e8a40f5c/elements - {"using":"css selector","value":"#shell-header-logo"}
RESULT: {"using":"css selector","value":"#shell-header-logo"}
COMMAND: POST /session/238fc7fdfbc7ddd3047b28b6e8a40f5c/elements - {"using":"xpath","value":"//button[@data-kt=\"addButton\"]"}
RESULT: {"using":"xpath","value":"//button[@data-kt=\"addButton\"]"}
COMMAND: POST /session/238fc7fdfbc7ddd3047b28b6e8a40f5c/elements - {"using":"css selector","value":"#shell-header-logo"}
RESULT: {"using":"css selector","value":"#shell-header-logo"}
COMMAND: POST /session/238fc7fdfbc7ddd3047b28b6e8a40f5c/elements - {"using":"xpath","value":"//button[@data-kt=\"addButton\"]"}
RESULT: {"using":"xpath","value":"//button[@data-kt=\"addButton\"]"}
COMMAND: POST /session/238fc7fdfbc7ddd3047b28b6e8a40f5c/elements - {"using":"css selector","value":"#shell-header-logo"}
RESULT: {"using":"css selector","value":"#shell-header-logo"}
COMMAND: POST /session/238fc7fdfbc7ddd3047b28b6e8a40f5c/elements - {"using":"xpath","value":"//button[@data-kt=\"addButton\"]"}
RESULT: {"using":"xpath","value":"//button[@data-kt=\"addButton\"]"}
COMMAND: POST /session/238fc7fdfbc7ddd3047b28b6e8a40f5c/elements - {"using":"css selector","value":"#shell-header-logo"}
RESULT: {"using":"css selector","value":"#shell-header-logo"}
COMMAND: POST /session/238fc7fdfbc7ddd3047b28b6e8a40f5c/elements - {"using":"xpath","value":"//button[@data-kt=\"addButton\"]"}
RESULT: {"using":"xpath","value":"//button[@data-kt=\"addButton\"]"}
COMMAND: POST /session/238fc7fdfbc7ddd3047b28b6e8a40f5c/elements - {"using":"css selector","value":"#shell-header-logo"}
RESULT: {"using":"css selector","value":"#shell-header-logo"}
COMMAND: POST /session/238fc7fdfbc7ddd3047b28b6e8a40f5c/elements - {"using":"xpath","value":"//button[@data-kt=\"addButton\"]"}
RESULT: {"using":"xpath","value":"//button[@data-kt=\"addButton\"]"}
COMMAND: POST /session/238fc7fdfbc7ddd3047b28b6e8a40f5c/elements - {"using":"css selector","value":"#shell-header-logo"}
RESULT: {"using":"css selector","value":"#shell-header-logo"}
COMMAND: POST /session/238fc7fdfbc7ddd3047b28b6e8a40f5c/elements - {"using":"xpath","value":"//button[@data-kt=\"addButton\"]"}
RESULT: {"using":"xpath","value":"//button[@data-kt=\"addButton\"]"}
COMMAND: POST /session/238fc7fdfbc7ddd3047b28b6e8a40f5c/elements - {"using":"css selector","value":"#shell-header-logo"}
RESULT: {"using":"css selector","value":"#shell-header-logo"}
COMMAND: POST /session/238fc7fdfbc7ddd3047b28b6e8a40f5c/elements - {"using":"xpath","value":"//button[@data-kt=\"addButton\"]"}
RESULT: {"using":"xpath","value":"//button[@data-kt=\"addButton\"]"}
COMMAND: POST /session/238fc7fdfbc7ddd3047b28b6e8a40f5c/elements - {"using":"css selector","value":"#shell-header-logo"}
RESULT: {"using":"css selector","value":"#shell-header-logo"}
COMMAND: POST /session/238fc7fdfbc7ddd3047b28b6e8a40f5c/elements - {"using":"xpath","value":"//button[@data-kt=\"addButton\"]"}
RESULT: {"using":"xpath","value":"//button[@data-kt=\"addButton\"]"}
COMMAND: POST /session/238fc7fdfbc7ddd3047b28b6e8a40f5c/elements - {"using":"css selector","value":"#shell-header-logo"}
RESULT: {"using":"css selector","value":"#shell-header-logo"}
COMMAND: POST /session/238fc7fdfbc7ddd3047b28b6e8a40f5c/elements - {"using":"xpath","value":"//button[@data-kt=\"addButton\"]"}
RESULT: {"using":"xpath","value":"//button[@data-kt=\"addButton\"]"}
COMMAND: POST /session/238fc7fdfbc7ddd3047b28b6e8a40f5c/elements - {"using":"css selector","value":"#shell-header-logo"}
RESULT: {"using":"css selector","value":"#shell-header-logo"}
COMMAND: POST /session/238fc7fdfbc7ddd3047b28b6e8a40f5c/elements - {"using":"xpath","value":"//button[@data-kt=\"addButton\"]"}
RESULT: {"using":"xpath","value":"//button[@data-kt=\"addButton\"]"}
COMMAND: POST /session/238fc7fdfbc7ddd3047b28b6e8a40f5c/elements - {"using":"css selector","value":"#shell-header-logo"}
RESULT: {"using":"css selector","value":"#shell-header-logo"}
COMMAND: POST /session/238fc7fdfbc7ddd3047b28b6e8a40f5c/elements - {"using":"xpath","value":"//button[@data-kt=\"addButton\"]"}
RESULT: {"using":"xpath","value":"//button[@data-kt=\"addButton\"]"}
COMMAND: POST /session/238fc7fdfbc7ddd3047b28b6e8a40f5c/elements - {"using":"css selector","value":"#shell-header-logo"}
RESULT: {"using":"css selector","value":"#shell-header-logo"}
COMMAND: POST /session/238fc7fdfbc7ddd3047b28b6e8a40f5c/elements - {"using":"xpath","value":"//button[@data-kt=\"addButton\"]"}
RESULT: {"using":"xpath","value":"//button[@data-kt=\"addButton\"]"}
COMMAND: POST /session/238fc7fdfbc7ddd3047b28b6e8a40f5c/elements - {"using":"css selector","value":"#shell-header-logo"}
RESULT: {"using":"css selector","value":"#shell-header-logo"}
COMMAND: POST /session/238fc7fdfbc7ddd3047b28b6e8a40f5c/elements - {"using":"xpath","value":"//button[@data-kt=\"addButton\"]"}
RESULT: {"using":"xpath","value":"//button[@data-kt=\"addButton\"]"}
COMMAND: POST /session/238fc7fdfbc7ddd3047b28b6e8a40f5c/elements - {"using":"css selector","value":"#shell-header-logo"}
RESULT: {"using":"css selector","value":"#shell-header-logo"}
COMMAND: POST /session/238fc7fdfbc7ddd3047b28b6e8a40f5c/elements - {"using":"xpath","value":"//button[@data-kt=\"addButton\"]"}
RESULT: {"using":"xpath","value":"//button[@data-kt=\"addButton\"]"}
COMMAND: POST /session/238fc7fdfbc7ddd3047b28b6e8a40f5c/elements - {"using":"css selector","value":"#shell-header-logo"}
RESULT: {"using":"css selector","value":"#shell-header-logo"}
COMMAND: POST /session/238fc7fdfbc7ddd3047b28b6e8a40f5c/elements - {"using":"xpath","value":"//button[@data-kt=\"addButton\"]"}
RESULT: {"using":"xpath","value":"//button[@data-kt=\"addButton\"]"}
COMMAND: POST /session/238fc7fdfbc7ddd3047b28b6e8a40f5c/elements - {"using":"css selector","value":"#shell-header-logo"}
RESULT: {"using":"css selector","value":"#shell-header-logo"}
COMMAND: POST /session/238fc7fdfbc7ddd3047b28b6e8a40f5c/elements - {"using":"xpath","value":"//button[@data-kt=\"addButton\"]"}
RESULT: {"using":"xpath","value":"//button[@data-kt=\"addButton\"]"}
COMMAND: POST /session/238fc7fdfbc7ddd3047b28b6e8a40f5c/elements - {"using":"css selector","value":"#shell-header-logo"}
RESULT: {"using":"css selector","value":"#shell-header-logo"}
COMMAND: POST /session/238fc7fdfbc7ddd3047b28b6e8a40f5c/elements - {"using":"xpath","value":"//button[@data-kt=\"addButton\"]"}
RESULT: {"using":"xpath","value":"//button[@data-kt=\"addButton\"]"}
COMMAND: POST /session/238fc7fdfbc7ddd3047b28b6e8a40f5c/elements - {"using":"css selector","value":"#shell-header-logo"}
RESULT: {"using":"css selector","value":"#shell-header-logo"}
COMMAND: POST /session/238fc7fdfbc7ddd3047b28b6e8a40f5c/elements - {"using":"xpath","value":"//button[@data-kt=\"addButton\"]"}
RESULT: {"using":"xpath","value":"//button[@data-kt=\"addButton\"]"}
COMMAND: POST /session/238fc7fdfbc7ddd3047b28b6e8a40f5c/elements - {"using":"css selector","value":"#shell-header-logo"}
RESULT: {"using":"css selector","value":"#shell-header-logo"}
COMMAND: POST /session/238fc7fdfbc7ddd3047b28b6e8a40f5c/elements - {"using":"xpath","value":"//button[@data-kt=\"addButton\"]"}
RESULT: {"using":"xpath","value":"//button[@data-kt=\"addButton\"]"}
COMMAND: POST /session/238fc7fdfbc7ddd3047b28b6e8a40f5c/elements - {"using":"css selector","value":"#shell-header-logo"}
RESULT: {"using":"css selector","value":"#shell-header-logo"}
COMMAND: POST /session/238fc7fdfbc7ddd3047b28b6e8a40f5c/elements - {"using":"xpath","value":"//button[@data-kt=\"addButton\"]"}
RESULT: {"using":"xpath","value":"//button[@data-kt=\"addButton\"]"}
COMMAND: POST /session/238fc7fdfbc7ddd3047b28b6e8a40f5c/elements - {"using":"css selector","value":"#shell-header-logo"}
RESULT: {"using":"css selector","value":"#shell-header-logo"}
COMMAND: POST /session/238fc7fdfbc7ddd3047b28b6e8a40f5c/elements - {"using":"xpath","value":"//button[@data-kt=\"addButton\"]"}
RESULT: {"using":"xpath","value":"//button[@data-kt=\"addButton\"]"}
COMMAND: POST /session/238fc7fdfbc7ddd3047b28b6e8a40f5c/elements - {"using":"css selector","value":"#shell-header-logo"}
RESULT: {"using":"css selector","value":"#shell-header-logo"}
COMMAND: POST /session/238fc7fdfbc7ddd3047b28b6e8a40f5c/elements - {"using":"xpath","value":"//button[@data-kt=\"addButton\"]"}
RESULT: {"using":"xpath","value":"//button[@data-kt=\"addButton\"]"}
COMMAND: POST /session/238fc7fdfbc7ddd3047b28b6e8a40f5c/elements - {"using":"css selector","value":"#shell-header-logo"}
RESULT: {"using":"css selector","value":"#shell-header-logo"}
COMMAND: POST /session/238fc7fdfbc7ddd3047b28b6e8a40f5c/elements - {"using":"xpath","value":"//button[@data-kt=\"addButton\"]"}
RESULT: {"using":"xpath","value":"//button[@data-kt=\"addButton\"]"}
COMMAND: POST /session/238fc7fdfbc7ddd3047b28b6e8a40f5c/elements - {"using":"css selector","value":"#shell-header-logo"}
RESULT: {"using":"css selector","value":"#shell-header-logo"}
COMMAND: POST /session/238fc7fdfbc7ddd3047b28b6e8a40f5c/elements - {"using":"xpath","value":"//button[@data-kt=\"addButton\"]"}
RESULT: {"using":"xpath","value":"//button[@data-kt=\"addButton\"]"}
COMMAND: POST /session/238fc7fdfbc7ddd3047b28b6e8a40f5c/elements - {"using":"css selector","value":"#shell-header-logo"}
RESULT: {"using":"css selector","value":"#shell-header-logo"}
COMMAND: POST /session/238fc7fdfbc7ddd3047b28b6e8a40f5c/elements - {"using":"xpath","value":"//button[@data-kt=\"addButton\"]"}
RESULT: {"using":"xpath","value":"//button[@data-kt=\"addButton\"]"}
COMMAND: POST /session/238fc7fdfbc7ddd3047b28b6e8a40f5c/elements - {"using":"css selector","value":"#shell-header-logo"}
RESULT: {"using":"css selector","value":"#shell-header-logo"}
COMMAND: POST /session/238fc7fdfbc7ddd3047b28b6e8a40f5c/elements - {"using":"xpath","value":"//button[@data-kt=\"addButton\"]"}
RESULT: {"using":"xpath","value":"//button[@data-kt=\"addButton\"]"}
COMMAND: POST /session/238fc7fdfbc7ddd3047b28b6e8a40f5c/elements - {"using":"css selector","value":"#shell-header-logo"}
RESULT: {"using":"css selector","value":"#shell-header-logo"}
COMMAND: POST /session/238fc7fdfbc7ddd3047b28b6e8a40f5c/elements - {"using":"xpath","value":"//button[@data-kt=\"addButton\"]"}
RESULT: {"using":"xpath","value":"//button[@data-kt=\"addButton\"]"}
COMMAND: POST /session/238fc7fdfbc7ddd3047b28b6e8a40f5c/elements - {"using":"css selector","value":"#shell-header-logo"}
RESULT: {"using":"css selector","value":"#shell-header-logo"}
COMMAND: POST /session/238fc7fdfbc7ddd3047b28b6e8a40f5c/elements - {"using":"xpath","value":"//button[@data-kt=\"addButton\"]"}
RESULT: {"using":"xpath","value":"//button[@data-kt=\"addButton\"]"}
COMMAND: POST /session/238fc7fdfbc7ddd3047b28b6e8a40f5c/elements - {"using":"css selector","value":"#shell-header-logo"}
RESULT: {"using":"css selector","value":"#shell-header-logo"}
COMMAND: POST /session/238fc7fdfbc7ddd3047b28b6e8a40f5c/elements - {"using":"xpath","value":"//button[@data-kt=\"addButton\"]"}
RESULT: {"using":"xpath","value":"//button[@data-kt=\"addButton\"]"}
COMMAND: POST /session/238fc7fdfbc7ddd3047b28b6e8a40f5c/elements - {"using":"css selector","value":"#shell-header-logo"}
RESULT: {"using":"css selector","value":"#shell-header-logo"}
COMMAND: POST /session/238fc7fdfbc7ddd3047b28b6e8a40f5c/elements - {"using":"xpath","value":"//button[@data-kt=\"addButton\"]"}
RESULT: {"using":"xpath","value":"//button[@data-kt=\"addButton\"]"}
COMMAND: POST /session/238fc7fdfbc7ddd3047b28b6e8a40f5c/elements - {"using":"css selector","value":"#shell-header-logo"}
COMMAND: POST /session/238fc7fdfbc7ddd3047b28b6e8a40f5c/elements - {"using":"xpath","value":"//button[@data-kt=\"addButton\"]"}
RESULT: {"using":"css selector","value":"#shell-header-logo"}
RESULT: {"using":"xpath","value":"//button[@data-kt=\"addButton\"]"}
COMMAND: POST /session/238fc7fdfbc7ddd3047b28b6e8a40f5c/elements - {"using":"css selector","value":"#shell-header-logo"}
RESULT: {"using":"css selector","value":"#shell-header-logo"}
COMMAND: POST /session/238fc7fdfbc7ddd3047b28b6e8a40f5c/elements - {"using":"xpath","value":"//button[@data-kt=\"addButton\"]"}
RESULT: {"using":"xpath","value":"//button[@data-kt=\"addButton\"]"}
COMMAND: POST /session/238fc7fdfbc7ddd3047b28b6e8a40f5c/elements - {"using":"css selector","value":"#shell-header-logo"}
RESULT: {"using":"css selector","value":"#shell-header-logo"}
COMMAND: POST /session/238fc7fdfbc7ddd3047b28b6e8a40f5c/elements - {"using":"xpath","value":"//button[@data-kt=\"addButton\"]"}
RESULT: {"using":"xpath","value":"//button[@data-kt=\"addButton\"]"}
COMMAND: POST /session/238fc7fdfbc7ddd3047b28b6e8a40f5c/elements - {"using":"css selector","value":"#shell-header-logo"}
RESULT: {"using":"css selector","value":"#shell-header-logo"}
COMMAND: POST /session/238fc7fdfbc7ddd3047b28b6e8a40f5c/elements - {"using":"xpath","value":"//button[@data-kt=\"addButton\"]"}
RESULT: {"using":"xpath","value":"//button[@data-kt=\"addButton\"]"}
COMMAND: POST /session/238fc7fdfbc7ddd3047b28b6e8a40f5c/elements - {"using":"css selector","value":"#shell-header-logo"}
RESULT: {"using":"css selector","value":"#shell-header-logo"}
COMMAND: POST /session/238fc7fdfbc7ddd3047b28b6e8a40f5c/elements - {"using":"xpath","value":"//button[@data-kt=\"addButton\"]"}
RESULT: {"using":"xpath","value":"//button[@data-kt=\"addButton\"]"}
COMMAND: POST /session/238fc7fdfbc7ddd3047b28b6e8a40f5c/elements - {"using":"css selector","value":"#shell-header-logo"}
RESULT: {"using":"css selector","value":"#shell-header-logo"}
COMMAND: POST /session/238fc7fdfbc7ddd3047b28b6e8a40f5c/elements - {"using":"xpath","value":"//button[@data-kt=\"addButton\"]"}
RESULT: {"using":"xpath","value":"//button[@data-kt=\"addButton\"]"}
COMMAND: POST /session/238fc7fdfbc7ddd3047b28b6e8a40f5c/elements - {"using":"css selector","value":"#shell-header-logo"}
RESULT: {"using":"css selector","value":"#shell-header-logo"}
COMMAND: POST /session/238fc7fdfbc7ddd3047b28b6e8a40f5c/elements - {"using":"xpath","value":"//button[@data-kt=\"addButton\"]"}
RESULT: {"using":"xpath","value":"//button[@data-kt=\"addButton\"]"}
COMMAND: POST /session/238fc7fdfbc7ddd3047b28b6e8a40f5c/elements - {"using":"css selector","value":"#shell-header-logo"}
RESULT: {"using":"css selector","value":"#shell-header-logo"}
COMMAND: POST /session/238fc7fdfbc7ddd3047b28b6e8a40f5c/elements - {"using":"xpath","value":"//button[@data-kt=\"addButton\"]"}
RESULT: {"using":"xpath","value":"//button[@data-kt=\"addButton\"]"}
COMMAND: POST /session/238fc7fdfbc7ddd3047b28b6e8a40f5c/elements - {"using":"css selector","value":"#shell-header-logo"}
RESULT: {"using":"css selector","value":"#shell-header-logo"}
COMMAND: POST /session/238fc7fdfbc7ddd3047b28b6e8a40f5c/elements - {"using":"xpath","value":"//button[@data-kt=\"addButton\"]"}
RESULT: {"using":"xpath","value":"//button[@data-kt=\"addButton\"]"}
COMMAND: POST /session/238fc7fdfbc7ddd3047b28b6e8a40f5c/elements - {"using":"css selector","value":"#shell-header-logo"}
RESULT: {"using":"css selector","value":"#shell-header-logo"}
COMMAND: POST /session/238fc7fdfbc7ddd3047b28b6e8a40f5c/elements - {"using":"xpath","value":"//button[@data-kt=\"addButton\"]"}
RESULT: {"using":"xpath","value":"//button[@data-kt=\"addButton\"]"}
COMMAND: POST /session/238fc7fdfbc7ddd3047b28b6e8a40f5c/elements - {"using":"css selector","value":"#shell-header-logo"}
RESULT: {"using":"css selector","value":"#shell-header-logo"}
COMMAND: POST /session/238fc7fdfbc7ddd3047b28b6e8a40f5c/elements - {"using":"xpath","value":"//button[@data-kt=\"addButton\"]"}
RESULT: {"using":"xpath","value":"//button[@data-kt=\"addButton\"]"}
COMMAND: POST /session/238fc7fdfbc7ddd3047b28b6e8a40f5c/elements - {"using":"css selector","value":"#shell-header-logo"}
RESULT: {"using":"css selector","value":"#shell-header-logo"}
COMMAND: POST /session/238fc7fdfbc7ddd3047b28b6e8a40f5c/elements - {"using":"xpath","value":"//button[@data-kt=\"addButton\"]"}
RESULT: {"using":"xpath","value":"//button[@data-kt=\"addButton\"]"}
COMMAND: POST /session/238fc7fdfbc7ddd3047b28b6e8a40f5c/elements - {"using":"css selector","value":"#shell-header-logo"}
RESULT: {"using":"css selector","value":"#shell-header-logo"}
COMMAND: POST /session/238fc7fdfbc7ddd3047b28b6e8a40f5c/elements - {"using":"xpath","value":"//button[@data-kt=\"addButton\"]"}
RESULT: {"using":"xpath","value":"//button[@data-kt=\"addButton\"]"}
COMMAND: POST /session/238fc7fdfbc7ddd3047b28b6e8a40f5c/elements - {"using":"css selector","value":"#shell-header-logo"}
RESULT: {"using":"css selector","value":"#shell-header-logo"}
COMMAND: POST /session/238fc7fdfbc7ddd3047b28b6e8a40f5c/elements - {"using":"xpath","value":"//button[@data-kt=\"addButton\"]"}
RESULT: {"using":"xpath","value":"//button[@data-kt=\"addButton\"]"}
COMMAND: POST /session/238fc7fdfbc7ddd3047b28b6e8a40f5c/elements - {"using":"css selector","value":"#shell-header-logo"}
RESULT: {"using":"css selector","value":"#shell-header-logo"}
COMMAND: POST /session/238fc7fdfbc7ddd3047b28b6e8a40f5c/elements - {"using":"xpath","value":"//button[@data-kt=\"addButton\"]"}
RESULT: {"using":"xpath","value":"//button[@data-kt=\"addButton\"]"}
COMMAND: POST /session/238fc7fdfbc7ddd3047b28b6e8a40f5c/elements - {"using":"css selector","value":"#shell-header-logo"}
RESULT: {"using":"css selector","value":"#shell-header-logo"}
COMMAND: POST /session/238fc7fdfbc7ddd3047b28b6e8a40f5c/elements - {"using":"xpath","value":"//button[@data-kt=\"addButton\"]"}
RESULT: {"using":"xpath","value":"//button[@data-kt=\"addButton\"]"}
COMMAND: POST /session/238fc7fdfbc7ddd3047b28b6e8a40f5c/elements - {"using":"css selector","value":"#shell-header-logo"}
RESULT: {"using":"css selector","value":"#shell-header-logo"}
COMMAND: POST /session/238fc7fdfbc7ddd3047b28b6e8a40f5c/elements - {"using":"xpath","value":"//button[@data-kt=\"addButton\"]"}
RESULT: {"using":"xpath","value":"//button[@data-kt=\"addButton\"]"}
COMMAND: POST /session/238fc7fdfbc7ddd3047b28b6e8a40f5c/elements - {"using":"css selector","value":"#shell-header-logo"}
RESULT: {"using":"css selector","value":"#shell-header-logo"}
COMMAND: POST /session/238fc7fdfbc7ddd3047b28b6e8a40f5c/elements - {"using":"xpath","value":"//button[@data-kt=\"addButton\"]"}
RESULT: {"using":"xpath","value":"//button[@data-kt=\"addButton\"]"}
COMMAND: POST /session/238fc7fdfbc7ddd3047b28b6e8a40f5c/elements - {"using":"css selector","value":"#shell-header-logo"}
RESULT: {"using":"css selector","value":"#shell-header-logo"}
COMMAND: POST /session/238fc7fdfbc7ddd3047b28b6e8a40f5c/elements - {"using":"xpath","value":"//button[@data-kt=\"addButton\"]"}
RESULT: {"using":"xpath","value":"//button[@data-kt=\"addButton\"]"}
COMMAND: POST /session/238fc7fdfbc7ddd3047b28b6e8a40f5c/elements - {"using":"css selector","value":"#shell-header-logo"}
RESULT: {"using":"css selector","value":"#shell-header-logo"}
COMMAND: POST /session/238fc7fdfbc7ddd3047b28b6e8a40f5c/elements - {"using":"xpath","value":"//button[@data-kt=\"addButton\"]"}
RESULT: {"using":"xpath","value":"//button[@data-kt=\"addButton\"]"}
COMMAND: POST /session/238fc7fdfbc7ddd3047b28b6e8a40f5c/elements - {"using":"css selector","value":"#shell-header-logo"}
RESULT: {"using":"css selector","value":"#shell-header-logo"}
COMMAND: POST /session/238fc7fdfbc7ddd3047b28b6e8a40f5c/elements - {"using":"xpath","value":"//button[@data-kt=\"addButton\"]"}
RESULT: {"using":"xpath","value":"//button[@data-kt=\"addButton\"]"}
COMMAND: POST /session/238fc7fdfbc7ddd3047b28b6e8a40f5c/elements - {"using":"css selector","value":"#shell-header-logo"}
RESULT: {"using":"css selector","value":"#shell-header-logo"}
COMMAND: POST /session/238fc7fdfbc7ddd3047b28b6e8a40f5c/elements - {"using":"xpath","value":"//button[@data-kt=\"addButton\"]"}
RESULT: {"using":"xpath","value":"//button[@data-kt=\"addButton\"]"}
COMMAND: POST /session/238fc7fdfbc7ddd3047b28b6e8a40f5c/elements - {"using":"css selector","value":"#shell-header-logo"}
RESULT: {"using":"css selector","value":"#shell-header-logo"}
COMMAND: POST /session/238fc7fdfbc7ddd3047b28b6e8a40f5c/elements - {"using":"xpath","value":"//button[@data-kt=\"addButton\"]"}
RESULT: {"using":"xpath","value":"//button[@data-kt=\"addButton\"]"}
COMMAND: POST /session/238fc7fdfbc7ddd3047b28b6e8a40f5c/elements - {"using":"css selector","value":"#shell-header-logo"}
RESULT: {"using":"css selector","value":"#shell-header-logo"}
COMMAND: POST /session/238fc7fdfbc7ddd3047b28b6e8a40f5c/elements - {"using":"xpath","value":"//button[@data-kt=\"addButton\"]"}
RESULT: {"using":"xpath","value":"//button[@data-kt=\"addButton\"]"}
COMMAND: POST /session/238fc7fdfbc7ddd3047b28b6e8a40f5c/elements - {"using":"css selector","value":"#shell-header-logo"}
RESULT: {"using":"css selector","value":"#shell-header-logo"}
COMMAND: GET /session/238fc7fdfbc7ddd3047b28b6e8a40f5c/screenshot - {}
RESULT: {}
]]></system-out>
      <system-err><![CDATA[
Error: element ("//button[@data-kt="addButton"]") still not existing after 45000ms
    at async Context.<anonymous> (D:\a\1\s\test\specs\BTS\manage-partners.spec.js:701:9)
]]></system-err>
    </testcase>
    <testcase classname="chrome.136_0_7103_49.windows.Partner_specific_tests_US150819_US151080_US151654_US151176_US103444_US151078_US151079_US151109_US151174_US151175_US151189" name="Should do various searches US151175" time="55.442">
      <skipped />
      <system-out><![CDATA[
COMMAND: POST /session/238fc7fdfbc7ddd3047b28b6e8a40f5c/element - {"using":"xpath","value":"//li[.//span[text()=\"Manage Partners\"]]"}
COMMAND: GET /session/238fc7fdfbc7ddd3047b28b6e8a40f5c/screenshot - {}
RESULT: {"using":"xpath","value":"//li[.//span[text()=\"Manage Partners\"]]"}
COMMAND: POST /session/238fc7fdfbc7ddd3047b28b6e8a40f5c/element - {"using":"xpath","value":"//li[.//span[text()=\"Manage Partners\"]]"}
RESULT: {}
RESULT: {"using":"xpath","value":"//li[.//span[text()=\"Manage Partners\"]]"}
COMMAND: POST /session/238fc7fdfbc7ddd3047b28b6e8a40f5c/element - {"using":"css selector","value":"#shell-header-logo"}
RESULT: {"using":"css selector","value":"#shell-header-logo"}
COMMAND: POST /session/238fc7fdfbc7ddd3047b28b6e8a40f5c/elements - {"using":"css selector","value":"#shell-header-logo"}
COMMAND: POST /session/238fc7fdfbc7ddd3047b28b6e8a40f5c/element - {"using":"css selector","value":"#shell-header-logo"}
RESULT: {"using":"css selector","value":"#shell-header-logo"}
COMMAND: POST /session/238fc7fdfbc7ddd3047b28b6e8a40f5c/elements - {"using":"css selector","value":"#shell-header-logo"}
RESULT: {"using":"css selector","value":"#shell-header-logo"}
RESULT: {"using":"css selector","value":"#shell-header-logo"}
COMMAND: POST /session/238fc7fdfbc7ddd3047b28b6e8a40f5c/elements - {"using":"css selector","value":"#shell-header-logo"}
COMMAND: POST /session/238fc7fdfbc7ddd3047b28b6e8a40f5c/elements - {"using":"css selector","value":"#shell-header-logo"}
RESULT: {"using":"css selector","value":"#shell-header-logo"}
RESULT: {"using":"css selector","value":"#shell-header-logo"}
COMMAND: POST /session/238fc7fdfbc7ddd3047b28b6e8a40f5c/elements - {"using":"css selector","value":"#shell-header-logo"}
COMMAND: POST /session/238fc7fdfbc7ddd3047b28b6e8a40f5c/elements - {"using":"css selector","value":"#shell-header-logo"}
RESULT: {"using":"css selector","value":"#shell-header-logo"}
RESULT: {"using":"css selector","value":"#shell-header-logo"}
COMMAND: POST /session/238fc7fdfbc7ddd3047b28b6e8a40f5c/elements - {"using":"css selector","value":"#shell-header-logo"}
COMMAND: POST /session/238fc7fdfbc7ddd3047b28b6e8a40f5c/elements - {"using":"css selector","value":"#shell-header-logo"}
RESULT: {"using":"css selector","value":"#shell-header-logo"}
RESULT: {"using":"css selector","value":"#shell-header-logo"}
COMMAND: POST /session/238fc7fdfbc7ddd3047b28b6e8a40f5c/elements - {"using":"css selector","value":"#shell-header-logo"}
COMMAND: POST /session/238fc7fdfbc7ddd3047b28b6e8a40f5c/elements - {"using":"css selector","value":"#shell-header-logo"}
RESULT: {"using":"css selector","value":"#shell-header-logo"}
RESULT: {"using":"css selector","value":"#shell-header-logo"}
COMMAND: POST /session/238fc7fdfbc7ddd3047b28b6e8a40f5c/elements - {"using":"css selector","value":"#shell-header-logo"}
RESULT: {"using":"css selector","value":"#shell-header-logo"}
COMMAND: POST /session/238fc7fdfbc7ddd3047b28b6e8a40f5c/elements - {"using":"css selector","value":"#shell-header-logo"}
RESULT: {"using":"css selector","value":"#shell-header-logo"}
COMMAND: POST /session/238fc7fdfbc7ddd3047b28b6e8a40f5c/elements - {"using":"css selector","value":"#shell-header-logo"}
RESULT: {"using":"css selector","value":"#shell-header-logo"}
COMMAND: POST /session/238fc7fdfbc7ddd3047b28b6e8a40f5c/elements - {"using":"css selector","value":"#shell-header-logo"}
RESULT: {"using":"css selector","value":"#shell-header-logo"}
COMMAND: POST /session/238fc7fdfbc7ddd3047b28b6e8a40f5c/elements - {"using":"css selector","value":"#shell-header-logo"}
COMMAND: POST /session/238fc7fdfbc7ddd3047b28b6e8a40f5c/elements - {"using":"css selector","value":"#shell-header-logo"}
RESULT: {"using":"css selector","value":"#shell-header-logo"}
RESULT: {"using":"css selector","value":"#shell-header-logo"}
COMMAND: POST /session/238fc7fdfbc7ddd3047b28b6e8a40f5c/elements - {"using":"css selector","value":"#shell-header-logo"}
COMMAND: POST /session/238fc7fdfbc7ddd3047b28b6e8a40f5c/elements - {"using":"css selector","value":"#shell-header-logo"}
RESULT: {"using":"css selector","value":"#shell-header-logo"}
RESULT: {"using":"css selector","value":"#shell-header-logo"}
COMMAND: POST /session/238fc7fdfbc7ddd3047b28b6e8a40f5c/elements - {"using":"css selector","value":"#shell-header-logo"}
RESULT: {"using":"css selector","value":"#shell-header-logo"}
COMMAND: POST /session/238fc7fdfbc7ddd3047b28b6e8a40f5c/elements - {"using":"css selector","value":"#shell-header-logo"}
RESULT: {"using":"css selector","value":"#shell-header-logo"}
COMMAND: POST /session/238fc7fdfbc7ddd3047b28b6e8a40f5c/elements - {"using":"css selector","value":"#shell-header-logo"}
RESULT: {"using":"css selector","value":"#shell-header-logo"}
COMMAND: POST /session/238fc7fdfbc7ddd3047b28b6e8a40f5c/elements - {"using":"css selector","value":"#shell-header-logo"}
RESULT: {"using":"css selector","value":"#shell-header-logo"}
COMMAND: POST /session/238fc7fdfbc7ddd3047b28b6e8a40f5c/elements - {"using":"css selector","value":"#shell-header-logo"}
RESULT: {"using":"css selector","value":"#shell-header-logo"}
COMMAND: POST /session/238fc7fdfbc7ddd3047b28b6e8a40f5c/elements - {"using":"css selector","value":"#shell-header-logo"}
RESULT: {"using":"css selector","value":"#shell-header-logo"}
COMMAND: POST /session/238fc7fdfbc7ddd3047b28b6e8a40f5c/elements - {"using":"css selector","value":"#shell-header-logo"}
RESULT: {"using":"css selector","value":"#shell-header-logo"}
COMMAND: POST /session/238fc7fdfbc7ddd3047b28b6e8a40f5c/elements - {"using":"css selector","value":"#shell-header-logo"}
RESULT: {"using":"css selector","value":"#shell-header-logo"}
COMMAND: POST /session/238fc7fdfbc7ddd3047b28b6e8a40f5c/elements - {"using":"css selector","value":"#shell-header-logo"}
RESULT: {"using":"css selector","value":"#shell-header-logo"}
COMMAND: POST /session/238fc7fdfbc7ddd3047b28b6e8a40f5c/elements - {"using":"css selector","value":"#shell-header-logo"}
RESULT: {"using":"css selector","value":"#shell-header-logo"}
COMMAND: POST /session/238fc7fdfbc7ddd3047b28b6e8a40f5c/elements - {"using":"css selector","value":"#shell-header-logo"}
RESULT: {"using":"css selector","value":"#shell-header-logo"}
RESULT: undefined
COMMAND: POST /session/238fc7fdfbc7ddd3047b28b6e8a40f5c/element - {"using":"xpath","value":"//button[@data-kt=\"addButton\"]"}
COMMAND: POST /session/238fc7fdfbc7ddd3047b28b6e8a40f5c/elements - {"using":"css selector","value":"#shell-header-logo"}
RESULT: {"using":"xpath","value":"//button[@data-kt=\"addButton\"]"}
COMMAND: POST /session/238fc7fdfbc7ddd3047b28b6e8a40f5c/elements - {"using":"xpath","value":"//button[@data-kt=\"addButton\"]"}
RESULT: {"using":"css selector","value":"#shell-header-logo"}
RESULT: {"using":"xpath","value":"//button[@data-kt=\"addButton\"]"}
COMMAND: POST /session/238fc7fdfbc7ddd3047b28b6e8a40f5c/elements - {"using":"css selector","value":"#shell-header-logo"}
RESULT: {"using":"css selector","value":"#shell-header-logo"}
COMMAND: POST /session/238fc7fdfbc7ddd3047b28b6e8a40f5c/elements - {"using":"xpath","value":"//button[@data-kt=\"addButton\"]"}
RESULT: {"using":"xpath","value":"//button[@data-kt=\"addButton\"]"}
COMMAND: POST /session/238fc7fdfbc7ddd3047b28b6e8a40f5c/elements - {"using":"css selector","value":"#shell-header-logo"}
RESULT: {"using":"css selector","value":"#shell-header-logo"}
COMMAND: POST /session/238fc7fdfbc7ddd3047b28b6e8a40f5c/elements - {"using":"xpath","value":"//button[@data-kt=\"addButton\"]"}
RESULT: {"using":"xpath","value":"//button[@data-kt=\"addButton\"]"}
COMMAND: POST /session/238fc7fdfbc7ddd3047b28b6e8a40f5c/elements - {"using":"css selector","value":"#shell-header-logo"}
COMMAND: POST /session/238fc7fdfbc7ddd3047b28b6e8a40f5c/elements - {"using":"xpath","value":"//button[@data-kt=\"addButton\"]"}
RESULT: {"using":"css selector","value":"#shell-header-logo"}
RESULT: {"using":"xpath","value":"//button[@data-kt=\"addButton\"]"}
COMMAND: POST /session/238fc7fdfbc7ddd3047b28b6e8a40f5c/elements - {"using":"css selector","value":"#shell-header-logo"}
RESULT: {"using":"css selector","value":"#shell-header-logo"}
COMMAND: POST /session/238fc7fdfbc7ddd3047b28b6e8a40f5c/elements - {"using":"xpath","value":"//button[@data-kt=\"addButton\"]"}
RESULT: {"using":"xpath","value":"//button[@data-kt=\"addButton\"]"}
COMMAND: POST /session/238fc7fdfbc7ddd3047b28b6e8a40f5c/elements - {"using":"css selector","value":"#shell-header-logo"}
RESULT: {"using":"css selector","value":"#shell-header-logo"}
COMMAND: POST /session/238fc7fdfbc7ddd3047b28b6e8a40f5c/elements - {"using":"xpath","value":"//button[@data-kt=\"addButton\"]"}
RESULT: {"using":"xpath","value":"//button[@data-kt=\"addButton\"]"}
COMMAND: POST /session/238fc7fdfbc7ddd3047b28b6e8a40f5c/elements - {"using":"css selector","value":"#shell-header-logo"}
RESULT: {"using":"css selector","value":"#shell-header-logo"}
COMMAND: POST /session/238fc7fdfbc7ddd3047b28b6e8a40f5c/elements - {"using":"xpath","value":"//button[@data-kt=\"addButton\"]"}
RESULT: {"using":"xpath","value":"//button[@data-kt=\"addButton\"]"}
COMMAND: POST /session/238fc7fdfbc7ddd3047b28b6e8a40f5c/elements - {"using":"css selector","value":"#shell-header-logo"}
RESULT: {"using":"css selector","value":"#shell-header-logo"}
COMMAND: POST /session/238fc7fdfbc7ddd3047b28b6e8a40f5c/elements - {"using":"xpath","value":"//button[@data-kt=\"addButton\"]"}
RESULT: {"using":"xpath","value":"//button[@data-kt=\"addButton\"]"}
COMMAND: POST /session/238fc7fdfbc7ddd3047b28b6e8a40f5c/elements - {"using":"css selector","value":"#shell-header-logo"}
COMMAND: POST /session/238fc7fdfbc7ddd3047b28b6e8a40f5c/elements - {"using":"xpath","value":"//button[@data-kt=\"addButton\"]"}
RESULT: {"using":"css selector","value":"#shell-header-logo"}
RESULT: {"using":"xpath","value":"//button[@data-kt=\"addButton\"]"}
COMMAND: POST /session/238fc7fdfbc7ddd3047b28b6e8a40f5c/elements - {"using":"css selector","value":"#shell-header-logo"}
RESULT: {"using":"css selector","value":"#shell-header-logo"}
COMMAND: POST /session/238fc7fdfbc7ddd3047b28b6e8a40f5c/elements - {"using":"xpath","value":"//button[@data-kt=\"addButton\"]"}
RESULT: {"using":"xpath","value":"//button[@data-kt=\"addButton\"]"}
COMMAND: POST /session/238fc7fdfbc7ddd3047b28b6e8a40f5c/elements - {"using":"css selector","value":"#shell-header-logo"}
RESULT: {"using":"css selector","value":"#shell-header-logo"}
COMMAND: POST /session/238fc7fdfbc7ddd3047b28b6e8a40f5c/elements - {"using":"xpath","value":"//button[@data-kt=\"addButton\"]"}
RESULT: {"using":"xpath","value":"//button[@data-kt=\"addButton\"]"}
COMMAND: POST /session/238fc7fdfbc7ddd3047b28b6e8a40f5c/elements - {"using":"css selector","value":"#shell-header-logo"}
RESULT: {"using":"css selector","value":"#shell-header-logo"}
COMMAND: POST /session/238fc7fdfbc7ddd3047b28b6e8a40f5c/elements - {"using":"xpath","value":"//button[@data-kt=\"addButton\"]"}
RESULT: {"using":"xpath","value":"//button[@data-kt=\"addButton\"]"}
COMMAND: POST /session/238fc7fdfbc7ddd3047b28b6e8a40f5c/elements - {"using":"css selector","value":"#shell-header-logo"}
RESULT: {"using":"css selector","value":"#shell-header-logo"}
COMMAND: POST /session/238fc7fdfbc7ddd3047b28b6e8a40f5c/elements - {"using":"xpath","value":"//button[@data-kt=\"addButton\"]"}
RESULT: {"using":"xpath","value":"//button[@data-kt=\"addButton\"]"}
COMMAND: POST /session/238fc7fdfbc7ddd3047b28b6e8a40f5c/elements - {"using":"css selector","value":"#shell-header-logo"}
RESULT: {"using":"css selector","value":"#shell-header-logo"}
COMMAND: POST /session/238fc7fdfbc7ddd3047b28b6e8a40f5c/elements - {"using":"xpath","value":"//button[@data-kt=\"addButton\"]"}
RESULT: {"using":"xpath","value":"//button[@data-kt=\"addButton\"]"}
COMMAND: POST /session/238fc7fdfbc7ddd3047b28b6e8a40f5c/elements - {"using":"css selector","value":"#shell-header-logo"}
COMMAND: POST /session/238fc7fdfbc7ddd3047b28b6e8a40f5c/elements - {"using":"xpath","value":"//button[@data-kt=\"addButton\"]"}
RESULT: {"using":"css selector","value":"#shell-header-logo"}
RESULT: {"using":"xpath","value":"//button[@data-kt=\"addButton\"]"}
COMMAND: POST /session/238fc7fdfbc7ddd3047b28b6e8a40f5c/elements - {"using":"css selector","value":"#shell-header-logo"}
RESULT: {"using":"css selector","value":"#shell-header-logo"}
COMMAND: POST /session/238fc7fdfbc7ddd3047b28b6e8a40f5c/elements - {"using":"xpath","value":"//button[@data-kt=\"addButton\"]"}
RESULT: {"using":"xpath","value":"//button[@data-kt=\"addButton\"]"}
COMMAND: POST /session/238fc7fdfbc7ddd3047b28b6e8a40f5c/elements - {"using":"css selector","value":"#shell-header-logo"}
RESULT: {"using":"css selector","value":"#shell-header-logo"}
COMMAND: POST /session/238fc7fdfbc7ddd3047b28b6e8a40f5c/elements - {"using":"xpath","value":"//button[@data-kt=\"addButton\"]"}
RESULT: {"using":"xpath","value":"//button[@data-kt=\"addButton\"]"}
COMMAND: POST /session/238fc7fdfbc7ddd3047b28b6e8a40f5c/elements - {"using":"css selector","value":"#shell-header-logo"}
RESULT: {"using":"css selector","value":"#shell-header-logo"}
COMMAND: POST /session/238fc7fdfbc7ddd3047b28b6e8a40f5c/elements - {"using":"xpath","value":"//button[@data-kt=\"addButton\"]"}
RESULT: {"using":"xpath","value":"//button[@data-kt=\"addButton\"]"}
COMMAND: POST /session/238fc7fdfbc7ddd3047b28b6e8a40f5c/elements - {"using":"css selector","value":"#shell-header-logo"}
RESULT: {"using":"css selector","value":"#shell-header-logo"}
COMMAND: POST /session/238fc7fdfbc7ddd3047b28b6e8a40f5c/elements - {"using":"xpath","value":"//button[@data-kt=\"addButton\"]"}
RESULT: {"using":"xpath","value":"//button[@data-kt=\"addButton\"]"}
COMMAND: POST /session/238fc7fdfbc7ddd3047b28b6e8a40f5c/elements - {"using":"css selector","value":"#shell-header-logo"}
COMMAND: POST /session/238fc7fdfbc7ddd3047b28b6e8a40f5c/elements - {"using":"xpath","value":"//button[@data-kt=\"addButton\"]"}
RESULT: {"using":"css selector","value":"#shell-header-logo"}
RESULT: {"using":"xpath","value":"//button[@data-kt=\"addButton\"]"}
COMMAND: POST /session/238fc7fdfbc7ddd3047b28b6e8a40f5c/elements - {"using":"css selector","value":"#shell-header-logo"}
RESULT: {"using":"css selector","value":"#shell-header-logo"}
COMMAND: POST /session/238fc7fdfbc7ddd3047b28b6e8a40f5c/elements - {"using":"xpath","value":"//button[@data-kt=\"addButton\"]"}
RESULT: {"using":"xpath","value":"//button[@data-kt=\"addButton\"]"}
COMMAND: POST /session/238fc7fdfbc7ddd3047b28b6e8a40f5c/elements - {"using":"css selector","value":"#shell-header-logo"}
RESULT: {"using":"css selector","value":"#shell-header-logo"}
COMMAND: POST /session/238fc7fdfbc7ddd3047b28b6e8a40f5c/elements - {"using":"xpath","value":"//button[@data-kt=\"addButton\"]"}
RESULT: {"using":"xpath","value":"//button[@data-kt=\"addButton\"]"}
COMMAND: POST /session/238fc7fdfbc7ddd3047b28b6e8a40f5c/elements - {"using":"css selector","value":"#shell-header-logo"}
COMMAND: POST /session/238fc7fdfbc7ddd3047b28b6e8a40f5c/elements - {"using":"xpath","value":"//button[@data-kt=\"addButton\"]"}
RESULT: {"using":"css selector","value":"#shell-header-logo"}
RESULT: {"using":"xpath","value":"//button[@data-kt=\"addButton\"]"}
COMMAND: POST /session/238fc7fdfbc7ddd3047b28b6e8a40f5c/elements - {"using":"css selector","value":"#shell-header-logo"}
RESULT: {"using":"css selector","value":"#shell-header-logo"}
COMMAND: POST /session/238fc7fdfbc7ddd3047b28b6e8a40f5c/elements - {"using":"xpath","value":"//button[@data-kt=\"addButton\"]"}
RESULT: {"using":"xpath","value":"//button[@data-kt=\"addButton\"]"}
COMMAND: POST /session/238fc7fdfbc7ddd3047b28b6e8a40f5c/elements - {"using":"css selector","value":"#shell-header-logo"}
RESULT: {"using":"css selector","value":"#shell-header-logo"}
COMMAND: POST /session/238fc7fdfbc7ddd3047b28b6e8a40f5c/elements - {"using":"xpath","value":"//button[@data-kt=\"addButton\"]"}
RESULT: {"using":"xpath","value":"//button[@data-kt=\"addButton\"]"}
COMMAND: POST /session/238fc7fdfbc7ddd3047b28b6e8a40f5c/elements - {"using":"css selector","value":"#shell-header-logo"}
RESULT: {"using":"css selector","value":"#shell-header-logo"}
COMMAND: POST /session/238fc7fdfbc7ddd3047b28b6e8a40f5c/elements - {"using":"xpath","value":"//button[@data-kt=\"addButton\"]"}
RESULT: {"using":"xpath","value":"//button[@data-kt=\"addButton\"]"}
COMMAND: POST /session/238fc7fdfbc7ddd3047b28b6e8a40f5c/elements - {"using":"css selector","value":"#shell-header-logo"}
RESULT: {"using":"css selector","value":"#shell-header-logo"}
COMMAND: POST /session/238fc7fdfbc7ddd3047b28b6e8a40f5c/elements - {"using":"xpath","value":"//button[@data-kt=\"addButton\"]"}
RESULT: {"using":"xpath","value":"//button[@data-kt=\"addButton\"]"}
COMMAND: POST /session/238fc7fdfbc7ddd3047b28b6e8a40f5c/elements - {"using":"css selector","value":"#shell-header-logo"}
RESULT: {"using":"css selector","value":"#shell-header-logo"}
COMMAND: POST /session/238fc7fdfbc7ddd3047b28b6e8a40f5c/elements - {"using":"xpath","value":"//button[@data-kt=\"addButton\"]"}
RESULT: {"using":"xpath","value":"//button[@data-kt=\"addButton\"]"}
COMMAND: POST /session/238fc7fdfbc7ddd3047b28b6e8a40f5c/elements - {"using":"css selector","value":"#shell-header-logo"}
RESULT: {"using":"css selector","value":"#shell-header-logo"}
COMMAND: POST /session/238fc7fdfbc7ddd3047b28b6e8a40f5c/elements - {"using":"xpath","value":"//button[@data-kt=\"addButton\"]"}
RESULT: {"using":"xpath","value":"//button[@data-kt=\"addButton\"]"}
COMMAND: POST /session/238fc7fdfbc7ddd3047b28b6e8a40f5c/elements - {"using":"css selector","value":"#shell-header-logo"}
RESULT: {"using":"css selector","value":"#shell-header-logo"}
COMMAND: POST /session/238fc7fdfbc7ddd3047b28b6e8a40f5c/elements - {"using":"xpath","value":"//button[@data-kt=\"addButton\"]"}
RESULT: {"using":"xpath","value":"//button[@data-kt=\"addButton\"]"}
COMMAND: POST /session/238fc7fdfbc7ddd3047b28b6e8a40f5c/elements - {"using":"css selector","value":"#shell-header-logo"}
COMMAND: POST /session/238fc7fdfbc7ddd3047b28b6e8a40f5c/elements - {"using":"xpath","value":"//button[@data-kt=\"addButton\"]"}
RESULT: {"using":"css selector","value":"#shell-header-logo"}
RESULT: {"using":"xpath","value":"//button[@data-kt=\"addButton\"]"}
COMMAND: POST /session/238fc7fdfbc7ddd3047b28b6e8a40f5c/elements - {"using":"css selector","value":"#shell-header-logo"}
RESULT: {"using":"css selector","value":"#shell-header-logo"}
COMMAND: POST /session/238fc7fdfbc7ddd3047b28b6e8a40f5c/elements - {"using":"xpath","value":"//button[@data-kt=\"addButton\"]"}
RESULT: {"using":"xpath","value":"//button[@data-kt=\"addButton\"]"}
COMMAND: POST /session/238fc7fdfbc7ddd3047b28b6e8a40f5c/elements - {"using":"css selector","value":"#shell-header-logo"}
RESULT: {"using":"css selector","value":"#shell-header-logo"}
COMMAND: POST /session/238fc7fdfbc7ddd3047b28b6e8a40f5c/elements - {"using":"xpath","value":"//button[@data-kt=\"addButton\"]"}
RESULT: {"using":"xpath","value":"//button[@data-kt=\"addButton\"]"}
COMMAND: POST /session/238fc7fdfbc7ddd3047b28b6e8a40f5c/elements - {"using":"css selector","value":"#shell-header-logo"}
RESULT: {"using":"css selector","value":"#shell-header-logo"}
COMMAND: POST /session/238fc7fdfbc7ddd3047b28b6e8a40f5c/elements - {"using":"xpath","value":"//button[@data-kt=\"addButton\"]"}
RESULT: {"using":"xpath","value":"//button[@data-kt=\"addButton\"]"}
COMMAND: POST /session/238fc7fdfbc7ddd3047b28b6e8a40f5c/elements - {"using":"css selector","value":"#shell-header-logo"}
RESULT: {"using":"css selector","value":"#shell-header-logo"}
COMMAND: POST /session/238fc7fdfbc7ddd3047b28b6e8a40f5c/elements - {"using":"xpath","value":"//button[@data-kt=\"addButton\"]"}
RESULT: {"using":"xpath","value":"//button[@data-kt=\"addButton\"]"}
COMMAND: POST /session/238fc7fdfbc7ddd3047b28b6e8a40f5c/elements - {"using":"css selector","value":"#shell-header-logo"}
RESULT: {"using":"css selector","value":"#shell-header-logo"}
COMMAND: POST /session/238fc7fdfbc7ddd3047b28b6e8a40f5c/elements - {"using":"xpath","value":"//button[@data-kt=\"addButton\"]"}
RESULT: {"using":"xpath","value":"//button[@data-kt=\"addButton\"]"}
COMMAND: POST /session/238fc7fdfbc7ddd3047b28b6e8a40f5c/elements - {"using":"css selector","value":"#shell-header-logo"}
RESULT: {"using":"css selector","value":"#shell-header-logo"}
COMMAND: POST /session/238fc7fdfbc7ddd3047b28b6e8a40f5c/elements - {"using":"xpath","value":"//button[@data-kt=\"addButton\"]"}
RESULT: {"using":"xpath","value":"//button[@data-kt=\"addButton\"]"}
COMMAND: POST /session/238fc7fdfbc7ddd3047b28b6e8a40f5c/elements - {"using":"css selector","value":"#shell-header-logo"}
RESULT: {"using":"css selector","value":"#shell-header-logo"}
COMMAND: POST /session/238fc7fdfbc7ddd3047b28b6e8a40f5c/elements - {"using":"xpath","value":"//button[@data-kt=\"addButton\"]"}
RESULT: {"using":"xpath","value":"//button[@data-kt=\"addButton\"]"}
COMMAND: POST /session/238fc7fdfbc7ddd3047b28b6e8a40f5c/elements - {"using":"css selector","value":"#shell-header-logo"}
RESULT: {"using":"css selector","value":"#shell-header-logo"}
COMMAND: POST /session/238fc7fdfbc7ddd3047b28b6e8a40f5c/elements - {"using":"xpath","value":"//button[@data-kt=\"addButton\"]"}
RESULT: {"using":"xpath","value":"//button[@data-kt=\"addButton\"]"}
COMMAND: POST /session/238fc7fdfbc7ddd3047b28b6e8a40f5c/elements - {"using":"css selector","value":"#shell-header-logo"}
RESULT: {"using":"css selector","value":"#shell-header-logo"}
COMMAND: POST /session/238fc7fdfbc7ddd3047b28b6e8a40f5c/elements - {"using":"xpath","value":"//button[@data-kt=\"addButton\"]"}
RESULT: {"using":"xpath","value":"//button[@data-kt=\"addButton\"]"}
COMMAND: POST /session/238fc7fdfbc7ddd3047b28b6e8a40f5c/elements - {"using":"css selector","value":"#shell-header-logo"}
RESULT: {"using":"css selector","value":"#shell-header-logo"}
COMMAND: POST /session/238fc7fdfbc7ddd3047b28b6e8a40f5c/elements - {"using":"xpath","value":"//button[@data-kt=\"addButton\"]"}
RESULT: {"using":"xpath","value":"//button[@data-kt=\"addButton\"]"}
COMMAND: POST /session/238fc7fdfbc7ddd3047b28b6e8a40f5c/elements - {"using":"css selector","value":"#shell-header-logo"}
RESULT: {"using":"css selector","value":"#shell-header-logo"}
COMMAND: POST /session/238fc7fdfbc7ddd3047b28b6e8a40f5c/elements - {"using":"xpath","value":"//button[@data-kt=\"addButton\"]"}
RESULT: {"using":"xpath","value":"//button[@data-kt=\"addButton\"]"}
COMMAND: POST /session/238fc7fdfbc7ddd3047b28b6e8a40f5c/elements - {"using":"css selector","value":"#shell-header-logo"}
RESULT: {"using":"css selector","value":"#shell-header-logo"}
COMMAND: POST /session/238fc7fdfbc7ddd3047b28b6e8a40f5c/elements - {"using":"xpath","value":"//button[@data-kt=\"addButton\"]"}
RESULT: {"using":"xpath","value":"//button[@data-kt=\"addButton\"]"}
COMMAND: POST /session/238fc7fdfbc7ddd3047b28b6e8a40f5c/elements - {"using":"css selector","value":"#shell-header-logo"}
RESULT: {"using":"css selector","value":"#shell-header-logo"}
COMMAND: POST /session/238fc7fdfbc7ddd3047b28b6e8a40f5c/elements - {"using":"xpath","value":"//button[@data-kt=\"addButton\"]"}
RESULT: {"using":"xpath","value":"//button[@data-kt=\"addButton\"]"}
COMMAND: POST /session/238fc7fdfbc7ddd3047b28b6e8a40f5c/elements - {"using":"css selector","value":"#shell-header-logo"}
RESULT: {"using":"css selector","value":"#shell-header-logo"}
COMMAND: POST /session/238fc7fdfbc7ddd3047b28b6e8a40f5c/elements - {"using":"xpath","value":"//button[@data-kt=\"addButton\"]"}
RESULT: {"using":"xpath","value":"//button[@data-kt=\"addButton\"]"}
COMMAND: POST /session/238fc7fdfbc7ddd3047b28b6e8a40f5c/elements - {"using":"css selector","value":"#shell-header-logo"}
RESULT: {"using":"css selector","value":"#shell-header-logo"}
COMMAND: POST /session/238fc7fdfbc7ddd3047b28b6e8a40f5c/elements - {"using":"xpath","value":"//button[@data-kt=\"addButton\"]"}
RESULT: {"using":"xpath","value":"//button[@data-kt=\"addButton\"]"}
COMMAND: POST /session/238fc7fdfbc7ddd3047b28b6e8a40f5c/elements - {"using":"css selector","value":"#shell-header-logo"}
RESULT: {"using":"css selector","value":"#shell-header-logo"}
COMMAND: POST /session/238fc7fdfbc7ddd3047b28b6e8a40f5c/elements - {"using":"xpath","value":"//button[@data-kt=\"addButton\"]"}
RESULT: {"using":"xpath","value":"//button[@data-kt=\"addButton\"]"}
COMMAND: POST /session/238fc7fdfbc7ddd3047b28b6e8a40f5c/elements - {"using":"css selector","value":"#shell-header-logo"}
RESULT: {"using":"css selector","value":"#shell-header-logo"}
COMMAND: POST /session/238fc7fdfbc7ddd3047b28b6e8a40f5c/elements - {"using":"xpath","value":"//button[@data-kt=\"addButton\"]"}
RESULT: {"using":"xpath","value":"//button[@data-kt=\"addButton\"]"}
COMMAND: POST /session/238fc7fdfbc7ddd3047b28b6e8a40f5c/elements - {"using":"css selector","value":"#shell-header-logo"}
RESULT: {"using":"css selector","value":"#shell-header-logo"}
COMMAND: POST /session/238fc7fdfbc7ddd3047b28b6e8a40f5c/elements - {"using":"xpath","value":"//button[@data-kt=\"addButton\"]"}
RESULT: {"using":"xpath","value":"//button[@data-kt=\"addButton\"]"}
COMMAND: POST /session/238fc7fdfbc7ddd3047b28b6e8a40f5c/elements - {"using":"css selector","value":"#shell-header-logo"}
RESULT: {"using":"css selector","value":"#shell-header-logo"}
COMMAND: POST /session/238fc7fdfbc7ddd3047b28b6e8a40f5c/elements - {"using":"xpath","value":"//button[@data-kt=\"addButton\"]"}
RESULT: {"using":"xpath","value":"//button[@data-kt=\"addButton\"]"}
COMMAND: POST /session/238fc7fdfbc7ddd3047b28b6e8a40f5c/elements - {"using":"css selector","value":"#shell-header-logo"}
RESULT: {"using":"css selector","value":"#shell-header-logo"}
COMMAND: POST /session/238fc7fdfbc7ddd3047b28b6e8a40f5c/elements - {"using":"xpath","value":"//button[@data-kt=\"addButton\"]"}
RESULT: {"using":"xpath","value":"//button[@data-kt=\"addButton\"]"}
COMMAND: POST /session/238fc7fdfbc7ddd3047b28b6e8a40f5c/elements - {"using":"css selector","value":"#shell-header-logo"}
COMMAND: POST /session/238fc7fdfbc7ddd3047b28b6e8a40f5c/elements - {"using":"xpath","value":"//button[@data-kt=\"addButton\"]"}
RESULT: {"using":"css selector","value":"#shell-header-logo"}
RESULT: {"using":"xpath","value":"//button[@data-kt=\"addButton\"]"}
COMMAND: POST /session/238fc7fdfbc7ddd3047b28b6e8a40f5c/elements - {"using":"css selector","value":"#shell-header-logo"}
RESULT: {"using":"css selector","value":"#shell-header-logo"}
COMMAND: POST /session/238fc7fdfbc7ddd3047b28b6e8a40f5c/elements - {"using":"xpath","value":"//button[@data-kt=\"addButton\"]"}
RESULT: {"using":"xpath","value":"//button[@data-kt=\"addButton\"]"}
COMMAND: POST /session/238fc7fdfbc7ddd3047b28b6e8a40f5c/elements - {"using":"css selector","value":"#shell-header-logo"}
RESULT: {"using":"css selector","value":"#shell-header-logo"}
COMMAND: POST /session/238fc7fdfbc7ddd3047b28b6e8a40f5c/elements - {"using":"xpath","value":"//button[@data-kt=\"addButton\"]"}
RESULT: {"using":"xpath","value":"//button[@data-kt=\"addButton\"]"}
COMMAND: POST /session/238fc7fdfbc7ddd3047b28b6e8a40f5c/elements - {"using":"css selector","value":"#shell-header-logo"}
RESULT: {"using":"css selector","value":"#shell-header-logo"}
COMMAND: POST /session/238fc7fdfbc7ddd3047b28b6e8a40f5c/elements - {"using":"xpath","value":"//button[@data-kt=\"addButton\"]"}
RESULT: {"using":"xpath","value":"//button[@data-kt=\"addButton\"]"}
COMMAND: POST /session/238fc7fdfbc7ddd3047b28b6e8a40f5c/elements - {"using":"css selector","value":"#shell-header-logo"}
RESULT: {"using":"css selector","value":"#shell-header-logo"}
COMMAND: POST /session/238fc7fdfbc7ddd3047b28b6e8a40f5c/elements - {"using":"xpath","value":"//button[@data-kt=\"addButton\"]"}
RESULT: {"using":"xpath","value":"//button[@data-kt=\"addButton\"]"}
COMMAND: POST /session/238fc7fdfbc7ddd3047b28b6e8a40f5c/elements - {"using":"css selector","value":"#shell-header-logo"}
RESULT: {"using":"css selector","value":"#shell-header-logo"}
COMMAND: POST /session/238fc7fdfbc7ddd3047b28b6e8a40f5c/elements - {"using":"xpath","value":"//button[@data-kt=\"addButton\"]"}
RESULT: {"using":"xpath","value":"//button[@data-kt=\"addButton\"]"}
COMMAND: POST /session/238fc7fdfbc7ddd3047b28b6e8a40f5c/elements - {"using":"css selector","value":"#shell-header-logo"}
RESULT: {"using":"css selector","value":"#shell-header-logo"}
COMMAND: POST /session/238fc7fdfbc7ddd3047b28b6e8a40f5c/elements - {"using":"xpath","value":"//button[@data-kt=\"addButton\"]"}
RESULT: {"using":"xpath","value":"//button[@data-kt=\"addButton\"]"}
COMMAND: POST /session/238fc7fdfbc7ddd3047b28b6e8a40f5c/elements - {"using":"css selector","value":"#shell-header-logo"}
RESULT: {"using":"css selector","value":"#shell-header-logo"}
COMMAND: POST /session/238fc7fdfbc7ddd3047b28b6e8a40f5c/elements - {"using":"xpath","value":"//button[@data-kt=\"addButton\"]"}
RESULT: {"using":"xpath","value":"//button[@data-kt=\"addButton\"]"}
COMMAND: POST /session/238fc7fdfbc7ddd3047b28b6e8a40f5c/elements - {"using":"css selector","value":"#shell-header-logo"}
RESULT: {"using":"css selector","value":"#shell-header-logo"}
COMMAND: POST /session/238fc7fdfbc7ddd3047b28b6e8a40f5c/elements - {"using":"xpath","value":"//button[@data-kt=\"addButton\"]"}
RESULT: {"using":"xpath","value":"//button[@data-kt=\"addButton\"]"}
COMMAND: POST /session/238fc7fdfbc7ddd3047b28b6e8a40f5c/elements - {"using":"css selector","value":"#shell-header-logo"}
RESULT: {"using":"css selector","value":"#shell-header-logo"}
COMMAND: POST /session/238fc7fdfbc7ddd3047b28b6e8a40f5c/elements - {"using":"xpath","value":"//button[@data-kt=\"addButton\"]"}
RESULT: {"using":"xpath","value":"//button[@data-kt=\"addButton\"]"}
COMMAND: POST /session/238fc7fdfbc7ddd3047b28b6e8a40f5c/elements - {"using":"css selector","value":"#shell-header-logo"}
RESULT: {"using":"css selector","value":"#shell-header-logo"}
COMMAND: POST /session/238fc7fdfbc7ddd3047b28b6e8a40f5c/elements - {"using":"xpath","value":"//button[@data-kt=\"addButton\"]"}
RESULT: {"using":"xpath","value":"//button[@data-kt=\"addButton\"]"}
COMMAND: POST /session/238fc7fdfbc7ddd3047b28b6e8a40f5c/elements - {"using":"css selector","value":"#shell-header-logo"}
COMMAND: POST /session/238fc7fdfbc7ddd3047b28b6e8a40f5c/elements - {"using":"xpath","value":"//button[@data-kt=\"addButton\"]"}
RESULT: {"using":"css selector","value":"#shell-header-logo"}
RESULT: {"using":"xpath","value":"//button[@data-kt=\"addButton\"]"}
COMMAND: POST /session/238fc7fdfbc7ddd3047b28b6e8a40f5c/elements - {"using":"css selector","value":"#shell-header-logo"}
RESULT: {"using":"css selector","value":"#shell-header-logo"}
COMMAND: POST /session/238fc7fdfbc7ddd3047b28b6e8a40f5c/elements - {"using":"xpath","value":"//button[@data-kt=\"addButton\"]"}
RESULT: {"using":"xpath","value":"//button[@data-kt=\"addButton\"]"}
COMMAND: POST /session/238fc7fdfbc7ddd3047b28b6e8a40f5c/elements - {"using":"css selector","value":"#shell-header-logo"}
RESULT: {"using":"css selector","value":"#shell-header-logo"}
COMMAND: POST /session/238fc7fdfbc7ddd3047b28b6e8a40f5c/elements - {"using":"xpath","value":"//button[@data-kt=\"addButton\"]"}
RESULT: {"using":"xpath","value":"//button[@data-kt=\"addButton\"]"}
COMMAND: POST /session/238fc7fdfbc7ddd3047b28b6e8a40f5c/elements - {"using":"css selector","value":"#shell-header-logo"}
RESULT: {"using":"css selector","value":"#shell-header-logo"}
COMMAND: POST /session/238fc7fdfbc7ddd3047b28b6e8a40f5c/elements - {"using":"xpath","value":"//button[@data-kt=\"addButton\"]"}
RESULT: {"using":"xpath","value":"//button[@data-kt=\"addButton\"]"}
COMMAND: POST /session/238fc7fdfbc7ddd3047b28b6e8a40f5c/elements - {"using":"css selector","value":"#shell-header-logo"}
RESULT: {"using":"css selector","value":"#shell-header-logo"}
COMMAND: POST /session/238fc7fdfbc7ddd3047b28b6e8a40f5c/elements - {"using":"xpath","value":"//button[@data-kt=\"addButton\"]"}
RESULT: {"using":"xpath","value":"//button[@data-kt=\"addButton\"]"}
COMMAND: POST /session/238fc7fdfbc7ddd3047b28b6e8a40f5c/elements - {"using":"css selector","value":"#shell-header-logo"}
RESULT: {"using":"css selector","value":"#shell-header-logo"}
COMMAND: POST /session/238fc7fdfbc7ddd3047b28b6e8a40f5c/elements - {"using":"xpath","value":"//button[@data-kt=\"addButton\"]"}
RESULT: {"using":"xpath","value":"//button[@data-kt=\"addButton\"]"}
COMMAND: POST /session/238fc7fdfbc7ddd3047b28b6e8a40f5c/elements - {"using":"css selector","value":"#shell-header-logo"}
RESULT: {"using":"css selector","value":"#shell-header-logo"}
COMMAND: POST /session/238fc7fdfbc7ddd3047b28b6e8a40f5c/elements - {"using":"xpath","value":"//button[@data-kt=\"addButton\"]"}
RESULT: {"using":"xpath","value":"//button[@data-kt=\"addButton\"]"}
COMMAND: POST /session/238fc7fdfbc7ddd3047b28b6e8a40f5c/elements - {"using":"css selector","value":"#shell-header-logo"}
RESULT: {"using":"css selector","value":"#shell-header-logo"}
COMMAND: POST /session/238fc7fdfbc7ddd3047b28b6e8a40f5c/elements - {"using":"xpath","value":"//button[@data-kt=\"addButton\"]"}
RESULT: {"using":"xpath","value":"//button[@data-kt=\"addButton\"]"}
COMMAND: POST /session/238fc7fdfbc7ddd3047b28b6e8a40f5c/elements - {"using":"css selector","value":"#shell-header-logo"}
RESULT: {"using":"css selector","value":"#shell-header-logo"}
COMMAND: POST /session/238fc7fdfbc7ddd3047b28b6e8a40f5c/elements - {"using":"xpath","value":"//button[@data-kt=\"addButton\"]"}
RESULT: {"using":"xpath","value":"//button[@data-kt=\"addButton\"]"}
COMMAND: POST /session/238fc7fdfbc7ddd3047b28b6e8a40f5c/elements - {"using":"css selector","value":"#shell-header-logo"}
RESULT: {"using":"css selector","value":"#shell-header-logo"}
COMMAND: POST /session/238fc7fdfbc7ddd3047b28b6e8a40f5c/elements - {"using":"xpath","value":"//button[@data-kt=\"addButton\"]"}
RESULT: {"using":"xpath","value":"//button[@data-kt=\"addButton\"]"}
COMMAND: POST /session/238fc7fdfbc7ddd3047b28b6e8a40f5c/elements - {"using":"css selector","value":"#shell-header-logo"}
RESULT: {"using":"css selector","value":"#shell-header-logo"}
COMMAND: POST /session/238fc7fdfbc7ddd3047b28b6e8a40f5c/elements - {"using":"xpath","value":"//button[@data-kt=\"addButton\"]"}
RESULT: {"using":"xpath","value":"//button[@data-kt=\"addButton\"]"}
COMMAND: POST /session/238fc7fdfbc7ddd3047b28b6e8a40f5c/elements - {"using":"css selector","value":"#shell-header-logo"}
RESULT: {"using":"css selector","value":"#shell-header-logo"}
COMMAND: POST /session/238fc7fdfbc7ddd3047b28b6e8a40f5c/elements - {"using":"xpath","value":"//button[@data-kt=\"addButton\"]"}
RESULT: {"using":"xpath","value":"//button[@data-kt=\"addButton\"]"}
COMMAND: POST /session/238fc7fdfbc7ddd3047b28b6e8a40f5c/elements - {"using":"css selector","value":"#shell-header-logo"}
RESULT: {"using":"css selector","value":"#shell-header-logo"}
COMMAND: POST /session/238fc7fdfbc7ddd3047b28b6e8a40f5c/elements - {"using":"xpath","value":"//button[@data-kt=\"addButton\"]"}
RESULT: {"using":"xpath","value":"//button[@data-kt=\"addButton\"]"}
COMMAND: POST /session/238fc7fdfbc7ddd3047b28b6e8a40f5c/elements - {"using":"css selector","value":"#shell-header-logo"}
RESULT: {"using":"css selector","value":"#shell-header-logo"}
COMMAND: POST /session/238fc7fdfbc7ddd3047b28b6e8a40f5c/elements - {"using":"xpath","value":"//button[@data-kt=\"addButton\"]"}
RESULT: {"using":"xpath","value":"//button[@data-kt=\"addButton\"]"}
COMMAND: POST /session/238fc7fdfbc7ddd3047b28b6e8a40f5c/elements - {"using":"css selector","value":"#shell-header-logo"}
RESULT: {"using":"css selector","value":"#shell-header-logo"}
COMMAND: POST /session/238fc7fdfbc7ddd3047b28b6e8a40f5c/elements - {"using":"xpath","value":"//button[@data-kt=\"addButton\"]"}
RESULT: {"using":"xpath","value":"//button[@data-kt=\"addButton\"]"}
COMMAND: POST /session/238fc7fdfbc7ddd3047b28b6e8a40f5c/elements - {"using":"css selector","value":"#shell-header-logo"}
COMMAND: POST /session/238fc7fdfbc7ddd3047b28b6e8a40f5c/elements - {"using":"xpath","value":"//button[@data-kt=\"addButton\"]"}
RESULT: {"using":"css selector","value":"#shell-header-logo"}
RESULT: {"using":"xpath","value":"//button[@data-kt=\"addButton\"]"}
COMMAND: POST /session/238fc7fdfbc7ddd3047b28b6e8a40f5c/elements - {"using":"css selector","value":"#shell-header-logo"}
RESULT: {"using":"css selector","value":"#shell-header-logo"}
COMMAND: POST /session/238fc7fdfbc7ddd3047b28b6e8a40f5c/elements - {"using":"xpath","value":"//button[@data-kt=\"addButton\"]"}
RESULT: {"using":"xpath","value":"//button[@data-kt=\"addButton\"]"}
COMMAND: POST /session/238fc7fdfbc7ddd3047b28b6e8a40f5c/elements - {"using":"css selector","value":"#shell-header-logo"}
RESULT: {"using":"css selector","value":"#shell-header-logo"}
COMMAND: POST /session/238fc7fdfbc7ddd3047b28b6e8a40f5c/elements - {"using":"xpath","value":"//button[@data-kt=\"addButton\"]"}
RESULT: {"using":"xpath","value":"//button[@data-kt=\"addButton\"]"}
COMMAND: POST /session/238fc7fdfbc7ddd3047b28b6e8a40f5c/elements - {"using":"css selector","value":"#shell-header-logo"}
RESULT: {"using":"css selector","value":"#shell-header-logo"}
COMMAND: POST /session/238fc7fdfbc7ddd3047b28b6e8a40f5c/elements - {"using":"xpath","value":"//button[@data-kt=\"addButton\"]"}
RESULT: {"using":"xpath","value":"//button[@data-kt=\"addButton\"]"}
COMMAND: POST /session/238fc7fdfbc7ddd3047b28b6e8a40f5c/elements - {"using":"css selector","value":"#shell-header-logo"}
RESULT: {"using":"css selector","value":"#shell-header-logo"}
COMMAND: POST /session/238fc7fdfbc7ddd3047b28b6e8a40f5c/elements - {"using":"xpath","value":"//button[@data-kt=\"addButton\"]"}
RESULT: {"using":"xpath","value":"//button[@data-kt=\"addButton\"]"}
COMMAND: POST /session/238fc7fdfbc7ddd3047b28b6e8a40f5c/elements - {"using":"css selector","value":"#shell-header-logo"}
RESULT: {"using":"css selector","value":"#shell-header-logo"}
COMMAND: POST /session/238fc7fdfbc7ddd3047b28b6e8a40f5c/elements - {"using":"xpath","value":"//button[@data-kt=\"addButton\"]"}
RESULT: {"using":"xpath","value":"//button[@data-kt=\"addButton\"]"}
COMMAND: POST /session/238fc7fdfbc7ddd3047b28b6e8a40f5c/elements - {"using":"css selector","value":"#shell-header-logo"}
RESULT: {"using":"css selector","value":"#shell-header-logo"}
COMMAND: POST /session/238fc7fdfbc7ddd3047b28b6e8a40f5c/elements - {"using":"xpath","value":"//button[@data-kt=\"addButton\"]"}
RESULT: {"using":"xpath","value":"//button[@data-kt=\"addButton\"]"}
COMMAND: POST /session/238fc7fdfbc7ddd3047b28b6e8a40f5c/elements - {"using":"css selector","value":"#shell-header-logo"}
RESULT: {"using":"css selector","value":"#shell-header-logo"}
COMMAND: POST /session/238fc7fdfbc7ddd3047b28b6e8a40f5c/elements - {"using":"xpath","value":"//button[@data-kt=\"addButton\"]"}
RESULT: {"using":"xpath","value":"//button[@data-kt=\"addButton\"]"}
COMMAND: POST /session/238fc7fdfbc7ddd3047b28b6e8a40f5c/elements - {"using":"css selector","value":"#shell-header-logo"}
RESULT: {"using":"css selector","value":"#shell-header-logo"}
COMMAND: POST /session/238fc7fdfbc7ddd3047b28b6e8a40f5c/elements - {"using":"xpath","value":"//button[@data-kt=\"addButton\"]"}
RESULT: {"using":"xpath","value":"//button[@data-kt=\"addButton\"]"}
COMMAND: POST /session/238fc7fdfbc7ddd3047b28b6e8a40f5c/elements - {"using":"css selector","value":"#shell-header-logo"}
RESULT: {"using":"css selector","value":"#shell-header-logo"}
COMMAND: POST /session/238fc7fdfbc7ddd3047b28b6e8a40f5c/elements - {"using":"xpath","value":"//button[@data-kt=\"addButton\"]"}
RESULT: {"using":"xpath","value":"//button[@data-kt=\"addButton\"]"}
COMMAND: POST /session/238fc7fdfbc7ddd3047b28b6e8a40f5c/elements - {"using":"css selector","value":"#shell-header-logo"}
RESULT: {"using":"css selector","value":"#shell-header-logo"}
COMMAND: POST /session/238fc7fdfbc7ddd3047b28b6e8a40f5c/elements - {"using":"xpath","value":"//button[@data-kt=\"addButton\"]"}
RESULT: {"using":"xpath","value":"//button[@data-kt=\"addButton\"]"}
COMMAND: POST /session/238fc7fdfbc7ddd3047b28b6e8a40f5c/elements - {"using":"css selector","value":"#shell-header-logo"}
RESULT: {"using":"css selector","value":"#shell-header-logo"}
COMMAND: POST /session/238fc7fdfbc7ddd3047b28b6e8a40f5c/elements - {"using":"xpath","value":"//button[@data-kt=\"addButton\"]"}
RESULT: {"using":"xpath","value":"//button[@data-kt=\"addButton\"]"}
COMMAND: POST /session/238fc7fdfbc7ddd3047b28b6e8a40f5c/elements - {"using":"css selector","value":"#shell-header-logo"}
RESULT: {"using":"css selector","value":"#shell-header-logo"}
COMMAND: POST /session/238fc7fdfbc7ddd3047b28b6e8a40f5c/elements - {"using":"xpath","value":"//button[@data-kt=\"addButton\"]"}
RESULT: {"using":"xpath","value":"//button[@data-kt=\"addButton\"]"}
COMMAND: POST /session/238fc7fdfbc7ddd3047b28b6e8a40f5c/elements - {"using":"css selector","value":"#shell-header-logo"}
COMMAND: GET /session/238fc7fdfbc7ddd3047b28b6e8a40f5c/screenshot - {}
RESULT: {"using":"css selector","value":"#shell-header-logo"}
RESULT: {}
]]></system-out>
      <system-err><![CDATA[
Error: element ("//button[@data-kt="addButton"]") still not existing after 45000ms
    at async Context.<anonymous> (D:\a\1\s\test\specs\BTS\manage-partners.spec.js:743:9)
]]></system-err>
    </testcase>
    <testcase classname="chrome.136_0_7103_49.windows.Partner_specific_tests_US150819_US151080_US151654_US151176_US103444_US151078_US151079_US151109_US151174_US151175_US151189" name="Should do various searches US151175" time="55.282">
      <skipped />
      <system-out><![CDATA[
COMMAND: POST /session/238fc7fdfbc7ddd3047b28b6e8a40f5c/element - {"using":"xpath","value":"//li[.//span[text()=\"Manage Partners\"]]"}
RESULT: {"using":"xpath","value":"//li[.//span[text()=\"Manage Partners\"]]"}
COMMAND: POST /session/238fc7fdfbc7ddd3047b28b6e8a40f5c/element - {"using":"xpath","value":"//li[.//span[text()=\"Manage Partners\"]]"}
RESULT: {"using":"xpath","value":"//li[.//span[text()=\"Manage Partners\"]]"}
COMMAND: POST /session/238fc7fdfbc7ddd3047b28b6e8a40f5c/element - {"using":"css selector","value":"#shell-header-logo"}
RESULT: {"using":"css selector","value":"#shell-header-logo"}
COMMAND: POST /session/238fc7fdfbc7ddd3047b28b6e8a40f5c/elements - {"using":"css selector","value":"#shell-header-logo"}
COMMAND: POST /session/238fc7fdfbc7ddd3047b28b6e8a40f5c/element - {"using":"css selector","value":"#shell-header-logo"}
RESULT: {"using":"css selector","value":"#shell-header-logo"}
RESULT: {"using":"css selector","value":"#shell-header-logo"}
COMMAND: POST /session/238fc7fdfbc7ddd3047b28b6e8a40f5c/elements - {"using":"css selector","value":"#shell-header-logo"}
RESULT: {"using":"css selector","value":"#shell-header-logo"}
COMMAND: POST /session/238fc7fdfbc7ddd3047b28b6e8a40f5c/elements - {"using":"css selector","value":"#shell-header-logo"}
RESULT: {"using":"css selector","value":"#shell-header-logo"}
COMMAND: POST /session/238fc7fdfbc7ddd3047b28b6e8a40f5c/elements - {"using":"css selector","value":"#shell-header-logo"}
RESULT: {"using":"css selector","value":"#shell-header-logo"}
COMMAND: POST /session/238fc7fdfbc7ddd3047b28b6e8a40f5c/elements - {"using":"css selector","value":"#shell-header-logo"}
RESULT: {"using":"css selector","value":"#shell-header-logo"}
COMMAND: POST /session/238fc7fdfbc7ddd3047b28b6e8a40f5c/elements - {"using":"css selector","value":"#shell-header-logo"}
RESULT: {"using":"css selector","value":"#shell-header-logo"}
COMMAND: POST /session/238fc7fdfbc7ddd3047b28b6e8a40f5c/elements - {"using":"css selector","value":"#shell-header-logo"}
RESULT: {"using":"css selector","value":"#shell-header-logo"}
COMMAND: POST /session/238fc7fdfbc7ddd3047b28b6e8a40f5c/elements - {"using":"css selector","value":"#shell-header-logo"}
RESULT: {"using":"css selector","value":"#shell-header-logo"}
COMMAND: POST /session/238fc7fdfbc7ddd3047b28b6e8a40f5c/elements - {"using":"css selector","value":"#shell-header-logo"}
RESULT: {"using":"css selector","value":"#shell-header-logo"}
COMMAND: POST /session/238fc7fdfbc7ddd3047b28b6e8a40f5c/elements - {"using":"css selector","value":"#shell-header-logo"}
RESULT: {"using":"css selector","value":"#shell-header-logo"}
COMMAND: POST /session/238fc7fdfbc7ddd3047b28b6e8a40f5c/elements - {"using":"css selector","value":"#shell-header-logo"}
RESULT: {"using":"css selector","value":"#shell-header-logo"}
COMMAND: POST /session/238fc7fdfbc7ddd3047b28b6e8a40f5c/elements - {"using":"css selector","value":"#shell-header-logo"}
RESULT: {"using":"css selector","value":"#shell-header-logo"}
COMMAND: POST /session/238fc7fdfbc7ddd3047b28b6e8a40f5c/elements - {"using":"css selector","value":"#shell-header-logo"}
RESULT: {"using":"css selector","value":"#shell-header-logo"}
COMMAND: POST /session/238fc7fdfbc7ddd3047b28b6e8a40f5c/elements - {"using":"css selector","value":"#shell-header-logo"}
RESULT: {"using":"css selector","value":"#shell-header-logo"}
COMMAND: POST /session/238fc7fdfbc7ddd3047b28b6e8a40f5c/elements - {"using":"css selector","value":"#shell-header-logo"}
RESULT: {"using":"css selector","value":"#shell-header-logo"}
COMMAND: POST /session/238fc7fdfbc7ddd3047b28b6e8a40f5c/elements - {"using":"css selector","value":"#shell-header-logo"}
RESULT: {"using":"css selector","value":"#shell-header-logo"}
COMMAND: POST /session/238fc7fdfbc7ddd3047b28b6e8a40f5c/elements - {"using":"css selector","value":"#shell-header-logo"}
RESULT: {"using":"css selector","value":"#shell-header-logo"}
COMMAND: POST /session/238fc7fdfbc7ddd3047b28b6e8a40f5c/elements - {"using":"css selector","value":"#shell-header-logo"}
RESULT: {"using":"css selector","value":"#shell-header-logo"}
COMMAND: POST /session/238fc7fdfbc7ddd3047b28b6e8a40f5c/elements - {"using":"css selector","value":"#shell-header-logo"}
RESULT: {"using":"css selector","value":"#shell-header-logo"}
COMMAND: POST /session/238fc7fdfbc7ddd3047b28b6e8a40f5c/elements - {"using":"css selector","value":"#shell-header-logo"}
RESULT: {"using":"css selector","value":"#shell-header-logo"}
COMMAND: POST /session/238fc7fdfbc7ddd3047b28b6e8a40f5c/elements - {"using":"css selector","value":"#shell-header-logo"}
RESULT: {"using":"css selector","value":"#shell-header-logo"}
COMMAND: POST /session/238fc7fdfbc7ddd3047b28b6e8a40f5c/elements - {"using":"css selector","value":"#shell-header-logo"}
RESULT: {"using":"css selector","value":"#shell-header-logo"}
COMMAND: POST /session/238fc7fdfbc7ddd3047b28b6e8a40f5c/elements - {"using":"css selector","value":"#shell-header-logo"}
RESULT: {"using":"css selector","value":"#shell-header-logo"}
COMMAND: POST /session/238fc7fdfbc7ddd3047b28b6e8a40f5c/elements - {"using":"css selector","value":"#shell-header-logo"}
RESULT: {"using":"css selector","value":"#shell-header-logo"}
COMMAND: POST /session/238fc7fdfbc7ddd3047b28b6e8a40f5c/elements - {"using":"css selector","value":"#shell-header-logo"}
RESULT: {"using":"css selector","value":"#shell-header-logo"}
COMMAND: POST /session/238fc7fdfbc7ddd3047b28b6e8a40f5c/elements - {"using":"css selector","value":"#shell-header-logo"}
RESULT: {"using":"css selector","value":"#shell-header-logo"}
COMMAND: POST /session/238fc7fdfbc7ddd3047b28b6e8a40f5c/elements - {"using":"css selector","value":"#shell-header-logo"}
RESULT: {"using":"css selector","value":"#shell-header-logo"}
COMMAND: POST /session/238fc7fdfbc7ddd3047b28b6e8a40f5c/elements - {"using":"css selector","value":"#shell-header-logo"}
RESULT: {"using":"css selector","value":"#shell-header-logo"}
COMMAND: POST /session/238fc7fdfbc7ddd3047b28b6e8a40f5c/elements - {"using":"css selector","value":"#shell-header-logo"}
RESULT: {"using":"css selector","value":"#shell-header-logo"}
RESULT: undefined
COMMAND: POST /session/238fc7fdfbc7ddd3047b28b6e8a40f5c/element - {"using":"xpath","value":"//button[@data-kt=\"addButton\"]"}
COMMAND: POST /session/238fc7fdfbc7ddd3047b28b6e8a40f5c/elements - {"using":"css selector","value":"#shell-header-logo"}
RESULT: {"using":"xpath","value":"//button[@data-kt=\"addButton\"]"}
COMMAND: POST /session/238fc7fdfbc7ddd3047b28b6e8a40f5c/elements - {"using":"xpath","value":"//button[@data-kt=\"addButton\"]"}
RESULT: {"using":"css selector","value":"#shell-header-logo"}
RESULT: {"using":"xpath","value":"//button[@data-kt=\"addButton\"]"}
COMMAND: POST /session/238fc7fdfbc7ddd3047b28b6e8a40f5c/elements - {"using":"css selector","value":"#shell-header-logo"}
RESULT: {"using":"css selector","value":"#shell-header-logo"}
COMMAND: POST /session/238fc7fdfbc7ddd3047b28b6e8a40f5c/elements - {"using":"xpath","value":"//button[@data-kt=\"addButton\"]"}
RESULT: {"using":"xpath","value":"//button[@data-kt=\"addButton\"]"}
COMMAND: POST /session/238fc7fdfbc7ddd3047b28b6e8a40f5c/elements - {"using":"css selector","value":"#shell-header-logo"}
RESULT: {"using":"css selector","value":"#shell-header-logo"}
COMMAND: POST /session/238fc7fdfbc7ddd3047b28b6e8a40f5c/elements - {"using":"xpath","value":"//button[@data-kt=\"addButton\"]"}
RESULT: {"using":"xpath","value":"//button[@data-kt=\"addButton\"]"}
COMMAND: POST /session/238fc7fdfbc7ddd3047b28b6e8a40f5c/elements - {"using":"css selector","value":"#shell-header-logo"}
RESULT: {"using":"css selector","value":"#shell-header-logo"}
COMMAND: POST /session/238fc7fdfbc7ddd3047b28b6e8a40f5c/elements - {"using":"xpath","value":"//button[@data-kt=\"addButton\"]"}
RESULT: {"using":"xpath","value":"//button[@data-kt=\"addButton\"]"}
COMMAND: POST /session/238fc7fdfbc7ddd3047b28b6e8a40f5c/elements - {"using":"css selector","value":"#shell-header-logo"}
RESULT: {"using":"css selector","value":"#shell-header-logo"}
COMMAND: POST /session/238fc7fdfbc7ddd3047b28b6e8a40f5c/elements - {"using":"xpath","value":"//button[@data-kt=\"addButton\"]"}
RESULT: {"using":"xpath","value":"//button[@data-kt=\"addButton\"]"}
COMMAND: POST /session/238fc7fdfbc7ddd3047b28b6e8a40f5c/elements - {"using":"css selector","value":"#shell-header-logo"}
RESULT: {"using":"css selector","value":"#shell-header-logo"}
COMMAND: POST /session/238fc7fdfbc7ddd3047b28b6e8a40f5c/elements - {"using":"xpath","value":"//button[@data-kt=\"addButton\"]"}
RESULT: {"using":"xpath","value":"//button[@data-kt=\"addButton\"]"}
COMMAND: POST /session/238fc7fdfbc7ddd3047b28b6e8a40f5c/elements - {"using":"css selector","value":"#shell-header-logo"}
RESULT: {"using":"css selector","value":"#shell-header-logo"}
COMMAND: POST /session/238fc7fdfbc7ddd3047b28b6e8a40f5c/elements - {"using":"xpath","value":"//button[@data-kt=\"addButton\"]"}
RESULT: {"using":"xpath","value":"//button[@data-kt=\"addButton\"]"}
COMMAND: POST /session/238fc7fdfbc7ddd3047b28b6e8a40f5c/elements - {"using":"css selector","value":"#shell-header-logo"}
RESULT: {"using":"css selector","value":"#shell-header-logo"}
COMMAND: POST /session/238fc7fdfbc7ddd3047b28b6e8a40f5c/elements - {"using":"xpath","value":"//button[@data-kt=\"addButton\"]"}
RESULT: {"using":"xpath","value":"//button[@data-kt=\"addButton\"]"}
COMMAND: POST /session/238fc7fdfbc7ddd3047b28b6e8a40f5c/elements - {"using":"css selector","value":"#shell-header-logo"}
RESULT: {"using":"css selector","value":"#shell-header-logo"}
COMMAND: POST /session/238fc7fdfbc7ddd3047b28b6e8a40f5c/elements - {"using":"xpath","value":"//button[@data-kt=\"addButton\"]"}
RESULT: {"using":"xpath","value":"//button[@data-kt=\"addButton\"]"}
COMMAND: POST /session/238fc7fdfbc7ddd3047b28b6e8a40f5c/elements - {"using":"css selector","value":"#shell-header-logo"}
RESULT: {"using":"css selector","value":"#shell-header-logo"}
COMMAND: POST /session/238fc7fdfbc7ddd3047b28b6e8a40f5c/elements - {"using":"xpath","value":"//button[@data-kt=\"addButton\"]"}
RESULT: {"using":"xpath","value":"//button[@data-kt=\"addButton\"]"}
COMMAND: POST /session/238fc7fdfbc7ddd3047b28b6e8a40f5c/elements - {"using":"css selector","value":"#shell-header-logo"}
RESULT: {"using":"css selector","value":"#shell-header-logo"}
COMMAND: POST /session/238fc7fdfbc7ddd3047b28b6e8a40f5c/elements - {"using":"xpath","value":"//button[@data-kt=\"addButton\"]"}
RESULT: {"using":"xpath","value":"//button[@data-kt=\"addButton\"]"}
COMMAND: POST /session/238fc7fdfbc7ddd3047b28b6e8a40f5c/elements - {"using":"css selector","value":"#shell-header-logo"}
RESULT: {"using":"css selector","value":"#shell-header-logo"}
COMMAND: POST /session/238fc7fdfbc7ddd3047b28b6e8a40f5c/elements - {"using":"xpath","value":"//button[@data-kt=\"addButton\"]"}
RESULT: {"using":"xpath","value":"//button[@data-kt=\"addButton\"]"}
COMMAND: POST /session/238fc7fdfbc7ddd3047b28b6e8a40f5c/elements - {"using":"css selector","value":"#shell-header-logo"}
RESULT: {"using":"css selector","value":"#shell-header-logo"}
COMMAND: POST /session/238fc7fdfbc7ddd3047b28b6e8a40f5c/elements - {"using":"xpath","value":"//button[@data-kt=\"addButton\"]"}
RESULT: {"using":"xpath","value":"//button[@data-kt=\"addButton\"]"}
COMMAND: POST /session/238fc7fdfbc7ddd3047b28b6e8a40f5c/elements - {"using":"css selector","value":"#shell-header-logo"}
RESULT: {"using":"css selector","value":"#shell-header-logo"}
COMMAND: POST /session/238fc7fdfbc7ddd3047b28b6e8a40f5c/elements - {"using":"xpath","value":"//button[@data-kt=\"addButton\"]"}
RESULT: {"using":"xpath","value":"//button[@data-kt=\"addButton\"]"}
COMMAND: POST /session/238fc7fdfbc7ddd3047b28b6e8a40f5c/elements - {"using":"css selector","value":"#shell-header-logo"}
RESULT: {"using":"css selector","value":"#shell-header-logo"}
COMMAND: POST /session/238fc7fdfbc7ddd3047b28b6e8a40f5c/elements - {"using":"xpath","value":"//button[@data-kt=\"addButton\"]"}
RESULT: {"using":"xpath","value":"//button[@data-kt=\"addButton\"]"}
COMMAND: POST /session/238fc7fdfbc7ddd3047b28b6e8a40f5c/elements - {"using":"css selector","value":"#shell-header-logo"}
RESULT: {"using":"css selector","value":"#shell-header-logo"}
COMMAND: POST /session/238fc7fdfbc7ddd3047b28b6e8a40f5c/elements - {"using":"xpath","value":"//button[@data-kt=\"addButton\"]"}
RESULT: {"using":"xpath","value":"//button[@data-kt=\"addButton\"]"}
COMMAND: POST /session/238fc7fdfbc7ddd3047b28b6e8a40f5c/elements - {"using":"css selector","value":"#shell-header-logo"}
RESULT: {"using":"css selector","value":"#shell-header-logo"}
COMMAND: POST /session/238fc7fdfbc7ddd3047b28b6e8a40f5c/elements - {"using":"xpath","value":"//button[@data-kt=\"addButton\"]"}
RESULT: {"using":"xpath","value":"//button[@data-kt=\"addButton\"]"}
COMMAND: POST /session/238fc7fdfbc7ddd3047b28b6e8a40f5c/elements - {"using":"css selector","value":"#shell-header-logo"}
RESULT: {"using":"css selector","value":"#shell-header-logo"}
COMMAND: POST /session/238fc7fdfbc7ddd3047b28b6e8a40f5c/elements - {"using":"xpath","value":"//button[@data-kt=\"addButton\"]"}
RESULT: {"using":"xpath","value":"//button[@data-kt=\"addButton\"]"}
COMMAND: POST /session/238fc7fdfbc7ddd3047b28b6e8a40f5c/elements - {"using":"css selector","value":"#shell-header-logo"}
RESULT: {"using":"css selector","value":"#shell-header-logo"}
COMMAND: POST /session/238fc7fdfbc7ddd3047b28b6e8a40f5c/elements - {"using":"xpath","value":"//button[@data-kt=\"addButton\"]"}
RESULT: {"using":"xpath","value":"//button[@data-kt=\"addButton\"]"}
COMMAND: POST /session/238fc7fdfbc7ddd3047b28b6e8a40f5c/elements - {"using":"css selector","value":"#shell-header-logo"}
RESULT: {"using":"css selector","value":"#shell-header-logo"}
COMMAND: POST /session/238fc7fdfbc7ddd3047b28b6e8a40f5c/elements - {"using":"xpath","value":"//button[@data-kt=\"addButton\"]"}
RESULT: {"using":"xpath","value":"//button[@data-kt=\"addButton\"]"}
COMMAND: POST /session/238fc7fdfbc7ddd3047b28b6e8a40f5c/elements - {"using":"css selector","value":"#shell-header-logo"}
RESULT: {"using":"css selector","value":"#shell-header-logo"}
COMMAND: POST /session/238fc7fdfbc7ddd3047b28b6e8a40f5c/elements - {"using":"xpath","value":"//button[@data-kt=\"addButton\"]"}
RESULT: {"using":"xpath","value":"//button[@data-kt=\"addButton\"]"}
COMMAND: POST /session/238fc7fdfbc7ddd3047b28b6e8a40f5c/elements - {"using":"css selector","value":"#shell-header-logo"}
RESULT: {"using":"css selector","value":"#shell-header-logo"}
COMMAND: POST /session/238fc7fdfbc7ddd3047b28b6e8a40f5c/elements - {"using":"xpath","value":"//button[@data-kt=\"addButton\"]"}
RESULT: {"using":"xpath","value":"//button[@data-kt=\"addButton\"]"}
COMMAND: POST /session/238fc7fdfbc7ddd3047b28b6e8a40f5c/elements - {"using":"css selector","value":"#shell-header-logo"}
RESULT: {"using":"css selector","value":"#shell-header-logo"}
COMMAND: POST /session/238fc7fdfbc7ddd3047b28b6e8a40f5c/elements - {"using":"xpath","value":"//button[@data-kt=\"addButton\"]"}
RESULT: {"using":"xpath","value":"//button[@data-kt=\"addButton\"]"}
COMMAND: POST /session/238fc7fdfbc7ddd3047b28b6e8a40f5c/elements - {"using":"css selector","value":"#shell-header-logo"}
RESULT: {"using":"css selector","value":"#shell-header-logo"}
COMMAND: POST /session/238fc7fdfbc7ddd3047b28b6e8a40f5c/elements - {"using":"xpath","value":"//button[@data-kt=\"addButton\"]"}
RESULT: {"using":"xpath","value":"//button[@data-kt=\"addButton\"]"}
COMMAND: POST /session/238fc7fdfbc7ddd3047b28b6e8a40f5c/elements - {"using":"css selector","value":"#shell-header-logo"}
RESULT: {"using":"css selector","value":"#shell-header-logo"}
COMMAND: POST /session/238fc7fdfbc7ddd3047b28b6e8a40f5c/elements - {"using":"xpath","value":"//button[@data-kt=\"addButton\"]"}
RESULT: {"using":"xpath","value":"//button[@data-kt=\"addButton\"]"}
COMMAND: POST /session/238fc7fdfbc7ddd3047b28b6e8a40f5c/elements - {"using":"css selector","value":"#shell-header-logo"}
RESULT: {"using":"css selector","value":"#shell-header-logo"}
COMMAND: POST /session/238fc7fdfbc7ddd3047b28b6e8a40f5c/elements - {"using":"xpath","value":"//button[@data-kt=\"addButton\"]"}
RESULT: {"using":"xpath","value":"//button[@data-kt=\"addButton\"]"}
COMMAND: POST /session/238fc7fdfbc7ddd3047b28b6e8a40f5c/elements - {"using":"css selector","value":"#shell-header-logo"}
RESULT: {"using":"css selector","value":"#shell-header-logo"}
COMMAND: POST /session/238fc7fdfbc7ddd3047b28b6e8a40f5c/elements - {"using":"xpath","value":"//button[@data-kt=\"addButton\"]"}
RESULT: {"using":"xpath","value":"//button[@data-kt=\"addButton\"]"}
COMMAND: POST /session/238fc7fdfbc7ddd3047b28b6e8a40f5c/elements - {"using":"css selector","value":"#shell-header-logo"}
RESULT: {"using":"css selector","value":"#shell-header-logo"}
COMMAND: POST /session/238fc7fdfbc7ddd3047b28b6e8a40f5c/elements - {"using":"xpath","value":"//button[@data-kt=\"addButton\"]"}
RESULT: {"using":"xpath","value":"//button[@data-kt=\"addButton\"]"}
COMMAND: POST /session/238fc7fdfbc7ddd3047b28b6e8a40f5c/elements - {"using":"css selector","value":"#shell-header-logo"}
RESULT: {"using":"css selector","value":"#shell-header-logo"}
COMMAND: POST /session/238fc7fdfbc7ddd3047b28b6e8a40f5c/elements - {"using":"xpath","value":"//button[@data-kt=\"addButton\"]"}
RESULT: {"using":"xpath","value":"//button[@data-kt=\"addButton\"]"}
COMMAND: POST /session/238fc7fdfbc7ddd3047b28b6e8a40f5c/elements - {"using":"css selector","value":"#shell-header-logo"}
RESULT: {"using":"css selector","value":"#shell-header-logo"}
COMMAND: POST /session/238fc7fdfbc7ddd3047b28b6e8a40f5c/elements - {"using":"xpath","value":"//button[@data-kt=\"addButton\"]"}
RESULT: {"using":"xpath","value":"//button[@data-kt=\"addButton\"]"}
COMMAND: POST /session/238fc7fdfbc7ddd3047b28b6e8a40f5c/elements - {"using":"css selector","value":"#shell-header-logo"}
RESULT: {"using":"css selector","value":"#shell-header-logo"}
COMMAND: POST /session/238fc7fdfbc7ddd3047b28b6e8a40f5c/elements - {"using":"xpath","value":"//button[@data-kt=\"addButton\"]"}
RESULT: {"using":"xpath","value":"//button[@data-kt=\"addButton\"]"}
COMMAND: POST /session/238fc7fdfbc7ddd3047b28b6e8a40f5c/elements - {"using":"css selector","value":"#shell-header-logo"}
RESULT: {"using":"css selector","value":"#shell-header-logo"}
COMMAND: POST /session/238fc7fdfbc7ddd3047b28b6e8a40f5c/elements - {"using":"xpath","value":"//button[@data-kt=\"addButton\"]"}
RESULT: {"using":"xpath","value":"//button[@data-kt=\"addButton\"]"}
COMMAND: POST /session/238fc7fdfbc7ddd3047b28b6e8a40f5c/elements - {"using":"css selector","value":"#shell-header-logo"}
RESULT: {"using":"css selector","value":"#shell-header-logo"}
COMMAND: POST /session/238fc7fdfbc7ddd3047b28b6e8a40f5c/elements - {"using":"xpath","value":"//button[@data-kt=\"addButton\"]"}
RESULT: {"using":"xpath","value":"//button[@data-kt=\"addButton\"]"}
COMMAND: POST /session/238fc7fdfbc7ddd3047b28b6e8a40f5c/elements - {"using":"css selector","value":"#shell-header-logo"}
RESULT: {"using":"css selector","value":"#shell-header-logo"}
COMMAND: POST /session/238fc7fdfbc7ddd3047b28b6e8a40f5c/elements - {"using":"xpath","value":"//button[@data-kt=\"addButton\"]"}
RESULT: {"using":"xpath","value":"//button[@data-kt=\"addButton\"]"}
COMMAND: POST /session/238fc7fdfbc7ddd3047b28b6e8a40f5c/elements - {"using":"css selector","value":"#shell-header-logo"}
RESULT: {"using":"css selector","value":"#shell-header-logo"}
COMMAND: POST /session/238fc7fdfbc7ddd3047b28b6e8a40f5c/elements - {"using":"xpath","value":"//button[@data-kt=\"addButton\"]"}
RESULT: {"using":"xpath","value":"//button[@data-kt=\"addButton\"]"}
COMMAND: POST /session/238fc7fdfbc7ddd3047b28b6e8a40f5c/elements - {"using":"css selector","value":"#shell-header-logo"}
RESULT: {"using":"css selector","value":"#shell-header-logo"}
COMMAND: POST /session/238fc7fdfbc7ddd3047b28b6e8a40f5c/elements - {"using":"xpath","value":"//button[@data-kt=\"addButton\"]"}
RESULT: {"using":"xpath","value":"//button[@data-kt=\"addButton\"]"}
COMMAND: POST /session/238fc7fdfbc7ddd3047b28b6e8a40f5c/elements - {"using":"css selector","value":"#shell-header-logo"}
RESULT: {"using":"css selector","value":"#shell-header-logo"}
COMMAND: POST /session/238fc7fdfbc7ddd3047b28b6e8a40f5c/elements - {"using":"xpath","value":"//button[@data-kt=\"addButton\"]"}
RESULT: {"using":"xpath","value":"//button[@data-kt=\"addButton\"]"}
COMMAND: POST /session/238fc7fdfbc7ddd3047b28b6e8a40f5c/elements - {"using":"css selector","value":"#shell-header-logo"}
RESULT: {"using":"css selector","value":"#shell-header-logo"}
COMMAND: POST /session/238fc7fdfbc7ddd3047b28b6e8a40f5c/elements - {"using":"xpath","value":"//button[@data-kt=\"addButton\"]"}
RESULT: {"using":"xpath","value":"//button[@data-kt=\"addButton\"]"}
COMMAND: POST /session/238fc7fdfbc7ddd3047b28b6e8a40f5c/elements - {"using":"css selector","value":"#shell-header-logo"}
RESULT: {"using":"css selector","value":"#shell-header-logo"}
COMMAND: POST /session/238fc7fdfbc7ddd3047b28b6e8a40f5c/elements - {"using":"xpath","value":"//button[@data-kt=\"addButton\"]"}
RESULT: {"using":"xpath","value":"//button[@data-kt=\"addButton\"]"}
COMMAND: POST /session/238fc7fdfbc7ddd3047b28b6e8a40f5c/elements - {"using":"css selector","value":"#shell-header-logo"}
RESULT: {"using":"css selector","value":"#shell-header-logo"}
COMMAND: POST /session/238fc7fdfbc7ddd3047b28b6e8a40f5c/elements - {"using":"xpath","value":"//button[@data-kt=\"addButton\"]"}
RESULT: {"using":"xpath","value":"//button[@data-kt=\"addButton\"]"}
COMMAND: POST /session/238fc7fdfbc7ddd3047b28b6e8a40f5c/elements - {"using":"css selector","value":"#shell-header-logo"}
RESULT: {"using":"css selector","value":"#shell-header-logo"}
COMMAND: POST /session/238fc7fdfbc7ddd3047b28b6e8a40f5c/elements - {"using":"xpath","value":"//button[@data-kt=\"addButton\"]"}
RESULT: {"using":"xpath","value":"//button[@data-kt=\"addButton\"]"}
COMMAND: POST /session/238fc7fdfbc7ddd3047b28b6e8a40f5c/elements - {"using":"css selector","value":"#shell-header-logo"}
RESULT: {"using":"css selector","value":"#shell-header-logo"}
COMMAND: POST /session/238fc7fdfbc7ddd3047b28b6e8a40f5c/elements - {"using":"xpath","value":"//button[@data-kt=\"addButton\"]"}
RESULT: {"using":"xpath","value":"//button[@data-kt=\"addButton\"]"}
COMMAND: POST /session/238fc7fdfbc7ddd3047b28b6e8a40f5c/elements - {"using":"css selector","value":"#shell-header-logo"}
RESULT: {"using":"css selector","value":"#shell-header-logo"}
COMMAND: POST /session/238fc7fdfbc7ddd3047b28b6e8a40f5c/elements - {"using":"xpath","value":"//button[@data-kt=\"addButton\"]"}
RESULT: {"using":"xpath","value":"//button[@data-kt=\"addButton\"]"}
COMMAND: POST /session/238fc7fdfbc7ddd3047b28b6e8a40f5c/elements - {"using":"css selector","value":"#shell-header-logo"}
RESULT: {"using":"css selector","value":"#shell-header-logo"}
COMMAND: POST /session/238fc7fdfbc7ddd3047b28b6e8a40f5c/elements - {"using":"xpath","value":"//button[@data-kt=\"addButton\"]"}
RESULT: {"using":"xpath","value":"//button[@data-kt=\"addButton\"]"}
COMMAND: POST /session/238fc7fdfbc7ddd3047b28b6e8a40f5c/elements - {"using":"css selector","value":"#shell-header-logo"}
RESULT: {"using":"css selector","value":"#shell-header-logo"}
COMMAND: POST /session/238fc7fdfbc7ddd3047b28b6e8a40f5c/elements - {"using":"xpath","value":"//button[@data-kt=\"addButton\"]"}
RESULT: {"using":"xpath","value":"//button[@data-kt=\"addButton\"]"}
COMMAND: POST /session/238fc7fdfbc7ddd3047b28b6e8a40f5c/elements - {"using":"css selector","value":"#shell-header-logo"}
RESULT: {"using":"css selector","value":"#shell-header-logo"}
COMMAND: POST /session/238fc7fdfbc7ddd3047b28b6e8a40f5c/elements - {"using":"xpath","value":"//button[@data-kt=\"addButton\"]"}
RESULT: {"using":"xpath","value":"//button[@data-kt=\"addButton\"]"}
COMMAND: POST /session/238fc7fdfbc7ddd3047b28b6e8a40f5c/elements - {"using":"css selector","value":"#shell-header-logo"}
RESULT: {"using":"css selector","value":"#shell-header-logo"}
COMMAND: POST /session/238fc7fdfbc7ddd3047b28b6e8a40f5c/elements - {"using":"xpath","value":"//button[@data-kt=\"addButton\"]"}
RESULT: {"using":"xpath","value":"//button[@data-kt=\"addButton\"]"}
COMMAND: POST /session/238fc7fdfbc7ddd3047b28b6e8a40f5c/elements - {"using":"css selector","value":"#shell-header-logo"}
RESULT: {"using":"css selector","value":"#shell-header-logo"}
COMMAND: POST /session/238fc7fdfbc7ddd3047b28b6e8a40f5c/elements - {"using":"xpath","value":"//button[@data-kt=\"addButton\"]"}
RESULT: {"using":"xpath","value":"//button[@data-kt=\"addButton\"]"}
COMMAND: POST /session/238fc7fdfbc7ddd3047b28b6e8a40f5c/elements - {"using":"css selector","value":"#shell-header-logo"}
RESULT: {"using":"css selector","value":"#shell-header-logo"}
COMMAND: POST /session/238fc7fdfbc7ddd3047b28b6e8a40f5c/elements - {"using":"xpath","value":"//button[@data-kt=\"addButton\"]"}
RESULT: {"using":"xpath","value":"//button[@data-kt=\"addButton\"]"}
COMMAND: POST /session/238fc7fdfbc7ddd3047b28b6e8a40f5c/elements - {"using":"css selector","value":"#shell-header-logo"}
RESULT: {"using":"css selector","value":"#shell-header-logo"}
COMMAND: POST /session/238fc7fdfbc7ddd3047b28b6e8a40f5c/elements - {"using":"xpath","value":"//button[@data-kt=\"addButton\"]"}
RESULT: {"using":"xpath","value":"//button[@data-kt=\"addButton\"]"}
COMMAND: POST /session/238fc7fdfbc7ddd3047b28b6e8a40f5c/elements - {"using":"css selector","value":"#shell-header-logo"}
RESULT: {"using":"css selector","value":"#shell-header-logo"}
COMMAND: POST /session/238fc7fdfbc7ddd3047b28b6e8a40f5c/elements - {"using":"xpath","value":"//button[@data-kt=\"addButton\"]"}
RESULT: {"using":"xpath","value":"//button[@data-kt=\"addButton\"]"}
COMMAND: POST /session/238fc7fdfbc7ddd3047b28b6e8a40f5c/elements - {"using":"css selector","value":"#shell-header-logo"}
RESULT: {"using":"css selector","value":"#shell-header-logo"}
COMMAND: POST /session/238fc7fdfbc7ddd3047b28b6e8a40f5c/elements - {"using":"xpath","value":"//button[@data-kt=\"addButton\"]"}
RESULT: {"using":"xpath","value":"//button[@data-kt=\"addButton\"]"}
COMMAND: POST /session/238fc7fdfbc7ddd3047b28b6e8a40f5c/elements - {"using":"css selector","value":"#shell-header-logo"}
RESULT: {"using":"css selector","value":"#shell-header-logo"}
COMMAND: POST /session/238fc7fdfbc7ddd3047b28b6e8a40f5c/elements - {"using":"xpath","value":"//button[@data-kt=\"addButton\"]"}
RESULT: {"using":"xpath","value":"//button[@data-kt=\"addButton\"]"}
COMMAND: POST /session/238fc7fdfbc7ddd3047b28b6e8a40f5c/elements - {"using":"css selector","value":"#shell-header-logo"}
RESULT: {"using":"css selector","value":"#shell-header-logo"}
COMMAND: POST /session/238fc7fdfbc7ddd3047b28b6e8a40f5c/elements - {"using":"xpath","value":"//button[@data-kt=\"addButton\"]"}
RESULT: {"using":"xpath","value":"//button[@data-kt=\"addButton\"]"}
COMMAND: POST /session/238fc7fdfbc7ddd3047b28b6e8a40f5c/elements - {"using":"css selector","value":"#shell-header-logo"}
RESULT: {"using":"css selector","value":"#shell-header-logo"}
COMMAND: POST /session/238fc7fdfbc7ddd3047b28b6e8a40f5c/elements - {"using":"xpath","value":"//button[@data-kt=\"addButton\"]"}
RESULT: {"using":"xpath","value":"//button[@data-kt=\"addButton\"]"}
COMMAND: POST /session/238fc7fdfbc7ddd3047b28b6e8a40f5c/elements - {"using":"css selector","value":"#shell-header-logo"}
RESULT: {"using":"css selector","value":"#shell-header-logo"}
COMMAND: POST /session/238fc7fdfbc7ddd3047b28b6e8a40f5c/elements - {"using":"xpath","value":"//button[@data-kt=\"addButton\"]"}
RESULT: {"using":"xpath","value":"//button[@data-kt=\"addButton\"]"}
COMMAND: POST /session/238fc7fdfbc7ddd3047b28b6e8a40f5c/elements - {"using":"css selector","value":"#shell-header-logo"}
RESULT: {"using":"css selector","value":"#shell-header-logo"}
COMMAND: POST /session/238fc7fdfbc7ddd3047b28b6e8a40f5c/elements - {"using":"xpath","value":"//button[@data-kt=\"addButton\"]"}
RESULT: {"using":"xpath","value":"//button[@data-kt=\"addButton\"]"}
COMMAND: POST /session/238fc7fdfbc7ddd3047b28b6e8a40f5c/elements - {"using":"css selector","value":"#shell-header-logo"}
RESULT: {"using":"css selector","value":"#shell-header-logo"}
COMMAND: POST /session/238fc7fdfbc7ddd3047b28b6e8a40f5c/elements - {"using":"xpath","value":"//button[@data-kt=\"addButton\"]"}
RESULT: {"using":"xpath","value":"//button[@data-kt=\"addButton\"]"}
COMMAND: POST /session/238fc7fdfbc7ddd3047b28b6e8a40f5c/elements - {"using":"css selector","value":"#shell-header-logo"}
RESULT: {"using":"css selector","value":"#shell-header-logo"}
COMMAND: POST /session/238fc7fdfbc7ddd3047b28b6e8a40f5c/elements - {"using":"xpath","value":"//button[@data-kt=\"addButton\"]"}
RESULT: {"using":"xpath","value":"//button[@data-kt=\"addButton\"]"}
COMMAND: POST /session/238fc7fdfbc7ddd3047b28b6e8a40f5c/elements - {"using":"css selector","value":"#shell-header-logo"}
RESULT: {"using":"css selector","value":"#shell-header-logo"}
COMMAND: POST /session/238fc7fdfbc7ddd3047b28b6e8a40f5c/elements - {"using":"xpath","value":"//button[@data-kt=\"addButton\"]"}
RESULT: {"using":"xpath","value":"//button[@data-kt=\"addButton\"]"}
COMMAND: POST /session/238fc7fdfbc7ddd3047b28b6e8a40f5c/elements - {"using":"css selector","value":"#shell-header-logo"}
RESULT: {"using":"css selector","value":"#shell-header-logo"}
COMMAND: POST /session/238fc7fdfbc7ddd3047b28b6e8a40f5c/elements - {"using":"xpath","value":"//button[@data-kt=\"addButton\"]"}
RESULT: {"using":"xpath","value":"//button[@data-kt=\"addButton\"]"}
COMMAND: POST /session/238fc7fdfbc7ddd3047b28b6e8a40f5c/elements - {"using":"css selector","value":"#shell-header-logo"}
RESULT: {"using":"css selector","value":"#shell-header-logo"}
COMMAND: POST /session/238fc7fdfbc7ddd3047b28b6e8a40f5c/elements - {"using":"xpath","value":"//button[@data-kt=\"addButton\"]"}
RESULT: {"using":"xpath","value":"//button[@data-kt=\"addButton\"]"}
COMMAND: POST /session/238fc7fdfbc7ddd3047b28b6e8a40f5c/elements - {"using":"css selector","value":"#shell-header-logo"}
RESULT: {"using":"css selector","value":"#shell-header-logo"}
COMMAND: POST /session/238fc7fdfbc7ddd3047b28b6e8a40f5c/elements - {"using":"xpath","value":"//button[@data-kt=\"addButton\"]"}
RESULT: {"using":"xpath","value":"//button[@data-kt=\"addButton\"]"}
COMMAND: POST /session/238fc7fdfbc7ddd3047b28b6e8a40f5c/elements - {"using":"css selector","value":"#shell-header-logo"}
RESULT: {"using":"css selector","value":"#shell-header-logo"}
COMMAND: POST /session/238fc7fdfbc7ddd3047b28b6e8a40f5c/elements - {"using":"xpath","value":"//button[@data-kt=\"addButton\"]"}
RESULT: {"using":"xpath","value":"//button[@data-kt=\"addButton\"]"}
COMMAND: POST /session/238fc7fdfbc7ddd3047b28b6e8a40f5c/elements - {"using":"css selector","value":"#shell-header-logo"}
RESULT: {"using":"css selector","value":"#shell-header-logo"}
COMMAND: POST /session/238fc7fdfbc7ddd3047b28b6e8a40f5c/elements - {"using":"xpath","value":"//button[@data-kt=\"addButton\"]"}
RESULT: {"using":"xpath","value":"//button[@data-kt=\"addButton\"]"}
COMMAND: POST /session/238fc7fdfbc7ddd3047b28b6e8a40f5c/elements - {"using":"css selector","value":"#shell-header-logo"}
RESULT: {"using":"css selector","value":"#shell-header-logo"}
COMMAND: POST /session/238fc7fdfbc7ddd3047b28b6e8a40f5c/elements - {"using":"xpath","value":"//button[@data-kt=\"addButton\"]"}
RESULT: {"using":"xpath","value":"//button[@data-kt=\"addButton\"]"}
COMMAND: POST /session/238fc7fdfbc7ddd3047b28b6e8a40f5c/elements - {"using":"css selector","value":"#shell-header-logo"}
RESULT: {"using":"css selector","value":"#shell-header-logo"}
COMMAND: POST /session/238fc7fdfbc7ddd3047b28b6e8a40f5c/elements - {"using":"xpath","value":"//button[@data-kt=\"addButton\"]"}
RESULT: {"using":"xpath","value":"//button[@data-kt=\"addButton\"]"}
COMMAND: POST /session/238fc7fdfbc7ddd3047b28b6e8a40f5c/elements - {"using":"css selector","value":"#shell-header-logo"}
RESULT: {"using":"css selector","value":"#shell-header-logo"}
COMMAND: POST /session/238fc7fdfbc7ddd3047b28b6e8a40f5c/elements - {"using":"xpath","value":"//button[@data-kt=\"addButton\"]"}
RESULT: {"using":"xpath","value":"//button[@data-kt=\"addButton\"]"}
COMMAND: POST /session/238fc7fdfbc7ddd3047b28b6e8a40f5c/elements - {"using":"css selector","value":"#shell-header-logo"}
RESULT: {"using":"css selector","value":"#shell-header-logo"}
COMMAND: POST /session/238fc7fdfbc7ddd3047b28b6e8a40f5c/elements - {"using":"xpath","value":"//button[@data-kt=\"addButton\"]"}
RESULT: {"using":"xpath","value":"//button[@data-kt=\"addButton\"]"}
COMMAND: POST /session/238fc7fdfbc7ddd3047b28b6e8a40f5c/elements - {"using":"css selector","value":"#shell-header-logo"}
RESULT: {"using":"css selector","value":"#shell-header-logo"}
COMMAND: POST /session/238fc7fdfbc7ddd3047b28b6e8a40f5c/elements - {"using":"xpath","value":"//button[@data-kt=\"addButton\"]"}
RESULT: {"using":"xpath","value":"//button[@data-kt=\"addButton\"]"}
COMMAND: POST /session/238fc7fdfbc7ddd3047b28b6e8a40f5c/elements - {"using":"css selector","value":"#shell-header-logo"}
RESULT: {"using":"css selector","value":"#shell-header-logo"}
COMMAND: POST /session/238fc7fdfbc7ddd3047b28b6e8a40f5c/elements - {"using":"xpath","value":"//button[@data-kt=\"addButton\"]"}
RESULT: {"using":"xpath","value":"//button[@data-kt=\"addButton\"]"}
COMMAND: POST /session/238fc7fdfbc7ddd3047b28b6e8a40f5c/elements - {"using":"css selector","value":"#shell-header-logo"}
RESULT: {"using":"css selector","value":"#shell-header-logo"}
COMMAND: POST /session/238fc7fdfbc7ddd3047b28b6e8a40f5c/elements - {"using":"xpath","value":"//button[@data-kt=\"addButton\"]"}
RESULT: {"using":"xpath","value":"//button[@data-kt=\"addButton\"]"}
COMMAND: POST /session/238fc7fdfbc7ddd3047b28b6e8a40f5c/elements - {"using":"css selector","value":"#shell-header-logo"}
COMMAND: POST /session/238fc7fdfbc7ddd3047b28b6e8a40f5c/elements - {"using":"xpath","value":"//button[@data-kt=\"addButton\"]"}
RESULT: {"using":"css selector","value":"#shell-header-logo"}
RESULT: {"using":"xpath","value":"//button[@data-kt=\"addButton\"]"}
COMMAND: POST /session/238fc7fdfbc7ddd3047b28b6e8a40f5c/elements - {"using":"css selector","value":"#shell-header-logo"}
RESULT: {"using":"css selector","value":"#shell-header-logo"}
COMMAND: POST /session/238fc7fdfbc7ddd3047b28b6e8a40f5c/elements - {"using":"xpath","value":"//button[@data-kt=\"addButton\"]"}
RESULT: {"using":"xpath","value":"//button[@data-kt=\"addButton\"]"}
COMMAND: POST /session/238fc7fdfbc7ddd3047b28b6e8a40f5c/elements - {"using":"css selector","value":"#shell-header-logo"}
RESULT: {"using":"css selector","value":"#shell-header-logo"}
COMMAND: POST /session/238fc7fdfbc7ddd3047b28b6e8a40f5c/elements - {"using":"xpath","value":"//button[@data-kt=\"addButton\"]"}
RESULT: {"using":"xpath","value":"//button[@data-kt=\"addButton\"]"}
COMMAND: POST /session/238fc7fdfbc7ddd3047b28b6e8a40f5c/elements - {"using":"css selector","value":"#shell-header-logo"}
RESULT: {"using":"css selector","value":"#shell-header-logo"}
COMMAND: POST /session/238fc7fdfbc7ddd3047b28b6e8a40f5c/elements - {"using":"xpath","value":"//button[@data-kt=\"addButton\"]"}
RESULT: {"using":"xpath","value":"//button[@data-kt=\"addButton\"]"}
COMMAND: POST /session/238fc7fdfbc7ddd3047b28b6e8a40f5c/elements - {"using":"css selector","value":"#shell-header-logo"}
RESULT: {"using":"css selector","value":"#shell-header-logo"}
COMMAND: POST /session/238fc7fdfbc7ddd3047b28b6e8a40f5c/elements - {"using":"xpath","value":"//button[@data-kt=\"addButton\"]"}
RESULT: {"using":"xpath","value":"//button[@data-kt=\"addButton\"]"}
COMMAND: POST /session/238fc7fdfbc7ddd3047b28b6e8a40f5c/elements - {"using":"css selector","value":"#shell-header-logo"}
RESULT: {"using":"css selector","value":"#shell-header-logo"}
COMMAND: POST /session/238fc7fdfbc7ddd3047b28b6e8a40f5c/elements - {"using":"xpath","value":"//button[@data-kt=\"addButton\"]"}
RESULT: {"using":"xpath","value":"//button[@data-kt=\"addButton\"]"}
COMMAND: POST /session/238fc7fdfbc7ddd3047b28b6e8a40f5c/elements - {"using":"css selector","value":"#shell-header-logo"}
RESULT: {"using":"css selector","value":"#shell-header-logo"}
COMMAND: POST /session/238fc7fdfbc7ddd3047b28b6e8a40f5c/elements - {"using":"xpath","value":"//button[@data-kt=\"addButton\"]"}
RESULT: {"using":"xpath","value":"//button[@data-kt=\"addButton\"]"}
COMMAND: POST /session/238fc7fdfbc7ddd3047b28b6e8a40f5c/elements - {"using":"css selector","value":"#shell-header-logo"}
RESULT: {"using":"css selector","value":"#shell-header-logo"}
COMMAND: POST /session/238fc7fdfbc7ddd3047b28b6e8a40f5c/elements - {"using":"xpath","value":"//button[@data-kt=\"addButton\"]"}
RESULT: {"using":"xpath","value":"//button[@data-kt=\"addButton\"]"}
COMMAND: POST /session/238fc7fdfbc7ddd3047b28b6e8a40f5c/elements - {"using":"css selector","value":"#shell-header-logo"}
RESULT: {"using":"css selector","value":"#shell-header-logo"}
COMMAND: POST /session/238fc7fdfbc7ddd3047b28b6e8a40f5c/elements - {"using":"xpath","value":"//button[@data-kt=\"addButton\"]"}
RESULT: {"using":"xpath","value":"//button[@data-kt=\"addButton\"]"}
COMMAND: POST /session/238fc7fdfbc7ddd3047b28b6e8a40f5c/elements - {"using":"css selector","value":"#shell-header-logo"}
RESULT: {"using":"css selector","value":"#shell-header-logo"}
COMMAND: POST /session/238fc7fdfbc7ddd3047b28b6e8a40f5c/elements - {"using":"xpath","value":"//button[@data-kt=\"addButton\"]"}
RESULT: {"using":"xpath","value":"//button[@data-kt=\"addButton\"]"}
COMMAND: POST /session/238fc7fdfbc7ddd3047b28b6e8a40f5c/elements - {"using":"css selector","value":"#shell-header-logo"}
RESULT: {"using":"css selector","value":"#shell-header-logo"}
COMMAND: POST /session/238fc7fdfbc7ddd3047b28b6e8a40f5c/elements - {"using":"xpath","value":"//button[@data-kt=\"addButton\"]"}
RESULT: {"using":"xpath","value":"//button[@data-kt=\"addButton\"]"}
COMMAND: POST /session/238fc7fdfbc7ddd3047b28b6e8a40f5c/elements - {"using":"css selector","value":"#shell-header-logo"}
RESULT: {"using":"css selector","value":"#shell-header-logo"}
COMMAND: POST /session/238fc7fdfbc7ddd3047b28b6e8a40f5c/elements - {"using":"xpath","value":"//button[@data-kt=\"addButton\"]"}
RESULT: {"using":"xpath","value":"//button[@data-kt=\"addButton\"]"}
COMMAND: POST /session/238fc7fdfbc7ddd3047b28b6e8a40f5c/elements - {"using":"css selector","value":"#shell-header-logo"}
RESULT: {"using":"css selector","value":"#shell-header-logo"}
COMMAND: POST /session/238fc7fdfbc7ddd3047b28b6e8a40f5c/elements - {"using":"xpath","value":"//button[@data-kt=\"addButton\"]"}
RESULT: {"using":"xpath","value":"//button[@data-kt=\"addButton\"]"}
COMMAND: POST /session/238fc7fdfbc7ddd3047b28b6e8a40f5c/elements - {"using":"css selector","value":"#shell-header-logo"}
RESULT: {"using":"css selector","value":"#shell-header-logo"}
COMMAND: POST /session/238fc7fdfbc7ddd3047b28b6e8a40f5c/elements - {"using":"xpath","value":"//button[@data-kt=\"addButton\"]"}
RESULT: {"using":"xpath","value":"//button[@data-kt=\"addButton\"]"}
COMMAND: POST /session/238fc7fdfbc7ddd3047b28b6e8a40f5c/elements - {"using":"css selector","value":"#shell-header-logo"}
RESULT: {"using":"css selector","value":"#shell-header-logo"}
COMMAND: POST /session/238fc7fdfbc7ddd3047b28b6e8a40f5c/elements - {"using":"xpath","value":"//button[@data-kt=\"addButton\"]"}
RESULT: {"using":"xpath","value":"//button[@data-kt=\"addButton\"]"}
COMMAND: POST /session/238fc7fdfbc7ddd3047b28b6e8a40f5c/elements - {"using":"css selector","value":"#shell-header-logo"}
RESULT: {"using":"css selector","value":"#shell-header-logo"}
COMMAND: POST /session/238fc7fdfbc7ddd3047b28b6e8a40f5c/elements - {"using":"xpath","value":"//button[@data-kt=\"addButton\"]"}
RESULT: {"using":"xpath","value":"//button[@data-kt=\"addButton\"]"}
COMMAND: POST /session/238fc7fdfbc7ddd3047b28b6e8a40f5c/elements - {"using":"css selector","value":"#shell-header-logo"}
RESULT: {"using":"css selector","value":"#shell-header-logo"}
COMMAND: POST /session/238fc7fdfbc7ddd3047b28b6e8a40f5c/elements - {"using":"xpath","value":"//button[@data-kt=\"addButton\"]"}
RESULT: {"using":"xpath","value":"//button[@data-kt=\"addButton\"]"}
COMMAND: POST /session/238fc7fdfbc7ddd3047b28b6e8a40f5c/elements - {"using":"css selector","value":"#shell-header-logo"}
RESULT: {"using":"css selector","value":"#shell-header-logo"}
COMMAND: POST /session/238fc7fdfbc7ddd3047b28b6e8a40f5c/elements - {"using":"xpath","value":"//button[@data-kt=\"addButton\"]"}
RESULT: {"using":"xpath","value":"//button[@data-kt=\"addButton\"]"}
COMMAND: POST /session/238fc7fdfbc7ddd3047b28b6e8a40f5c/elements - {"using":"css selector","value":"#shell-header-logo"}
RESULT: {"using":"css selector","value":"#shell-header-logo"}
COMMAND: POST /session/238fc7fdfbc7ddd3047b28b6e8a40f5c/elements - {"using":"xpath","value":"//button[@data-kt=\"addButton\"]"}
RESULT: {"using":"xpath","value":"//button[@data-kt=\"addButton\"]"}
COMMAND: GET /session/238fc7fdfbc7ddd3047b28b6e8a40f5c/screenshot - {}
RESULT: {}
]]></system-out>
      <system-err><![CDATA[
Error: element ("//button[@data-kt="addButton"]") still not existing after 45000ms
    at async Context.<anonymous> (D:\a\1\s\test\specs\BTS\manage-partners.spec.js:743:9)
]]></system-err>
    </testcase>
  </testsuite>
  <testsuite timestamp="2025-05-08T18:06:57" time="252.648" tests="4" failures="4" errors="4" skipped="0">
    <properties>
      <property name="specId" value="0" />
      <property name="suiteName" value="Create partner US118246" />
      <property name="capabilities" value="chrome.136_0_7103_49.windows" />
      <property name="file" value="file:///D:/a/1/s/test/specs/BTS/create-partner.spec.js" />
    </properties>
  </testsuite>
</testsuites>