<?xml version="1.0" encoding="UTF-8"?>
<testsuites tests="11" failures="11" errors="11" skipped="0">
  <testsuite timestamp="2025-05-08T15:38:49" time="397.226" tests="5" failures="5" errors="5" skipped="0">
    <properties>
      <property name="specId" value="0" />
      <property name="suiteName" value="Manage Requests Tags Tests US120163" />
      <property name="capabilities" value="chrome.135_0_7049_115.windows" />
      <property name="file" value="file:///D:/a/1/s/test/specs/R2C/create-request-Tags.spec.js" />
    </properties>
  </testsuite>
  <testsuite timestamp="2025-05-08T15:45:27" time="5.225" tests="1" failures="1" errors="1" skipped="0">
    <properties>
      <property name="specId" value="0" />
      <property name="suiteName" value="Manage request + Contract processing pick up option US120163 " />
      <property name="capabilities" value="chrome.135_0_7049_115.windows" />
      <property name="file" value="file:///D:/a/1/s/test/specs/R2C/create-request-Pickup.spec.js" />
    </properties>
  </testsuite>
  <testsuite timestamp="2025-05-08T15:45:32" time="4.475" tests="1" failures="1" errors="1" skipped="0">
    <properties>
      <property name="specId" value="0" />
      <property name="suiteName" value="Manage requests - requests specifications US141095" />
      <property name="capabilities" value="chrome.135_0_7049_115.windows" />
      <property name="file" value="file:///D:/a/1/s/test/specs/R2C/manage-requests-request-specifications.spec.js" />
    </properties>
  </testsuite>
  <testsuite timestamp="2025-05-08T15:45:36" time="4.372" tests="1" failures="1" errors="1" skipped="0">
    <properties>
      <property name="specId" value="0" />
      <property name="suiteName" value="Reserve/Unreserve request item via reserve option US139161" />
      <property name="capabilities" value="chrome.135_0_7049_115.windows" />
      <property name="file" value="file:///D:/a/1/s/test/specs/R2C/reserve-unreserve-request-item-via-reserve-option.spec.js" />
    </properties>
  </testsuite>
  <testsuite timestamp="2025-05-08T15:45:41" time="60.439" tests="1" failures="1" errors="1" skipped="0">
    <properties>
      <property name="specId" value="0" />
      <property name="suiteName" value="Reserve/Unreserve request item via reserve option US139161" />
      <property name="capabilities" value="chrome.135_0_7049_115.windows" />
      <property name="file" value="file:///D:/a/1/s/test/specs/R2C/manage-reservations-view-planning-board.spec.js" />
    </properties>
  </testsuite>
  <testsuite timestamp="2025-05-08T15:46:41" time="5.044" tests="1" failures="1" errors="1" skipped="0">
    <properties>
      <property name="specId" value="0" />
      <property name="suiteName" value="Process request items into new quotation US120163" />
      <property name="capabilities" value="chrome.135_0_7049_115.windows" />
      <property name="file" value="file:///D:/a/1/s/test/specs/R2C/process-request-items-into-new-quotation.spec.js" />
    </properties>
  </testsuite>
  <testsuite timestamp="2025-05-08T15:46:46" time="4.631" tests="1" failures="1" errors="1" skipped="0">
    <properties>
      <property name="specId" value="0" />
      <property name="suiteName" value="Process request items into an existing quotation US120163" />
      <property name="capabilities" value="chrome.135_0_7049_115.windows" />
      <property name="file" value="file:///D:/a/1/s/test/specs/R2C/process-request-items-into-existing-quotation.spec.js" />
    </properties>
  </testsuite>
</testsuites>