<?xml version="1.0" encoding="UTF-8"?>
<testsuites tests="64" failures="22" errors="22" skipped="0">
  <testsuite timestamp="2025-04-27T16:17:31" time="90.388" tests="1" failures="0" errors="0" skipped="0">
    <properties>
      <property name="specId" value="0" />
      <property name="suiteName" value="US104422 Create new bin &amp; section - select nothing " />
      <property name="capabilities" value="chrome.135_0_7049_96.windows" />
      <property name="file" value="file:///D:/a/1/s/test/specs/HTR/create-bin.spec.js" />
    </properties>
    <testcase classname="chrome.135_0_7049_96.windows.US104422_Create_new_bin_&amp;_section_-_select_nothing_" name="Create new bin section" time="65.859">
      <system-out><![CDATA[
COMMAND: POST /session/668384e1c1f73f3d5461b9d538daca42/element - {"using":"xpath","value":"//div[text()='Warehouse']"}
RESULT: {"using":"xpath","value":"//div[text()='Warehouse']"}
COMMAND: POST /session/668384e1c1f73f3d5461b9d538daca42/elements - {"using":"xpath","value":"//div[text()='Warehouse']"}
RESULT: {"using":"xpath","value":"//div[text()='Warehouse']"}
COMMAND: POST /session/668384e1c1f73f3d5461b9d538daca42/element/f.F64AD31729AEE402AD374BC91D68D115.d.A52EDABC988FFF1587C008FD529AFC17.e.112/click - {}
RESULT: {}
COMMAND: POST /session/668384e1c1f73f3d5461b9d538daca42/execute/async - {"script":"<script> [1562 bytes]","args":[{"selector":{"controlType":"sap.m.GenericTile","properties":{"header":"Bin Status Report"}},"wdio_ui5_key":"sapm.GenericTile{\"header\":\"Bin Status Report\"}"}]}
COMMAND: GET /session/668384e1c1f73f3d5461b9d538daca42/screenshot - {}
RESULT: {"script":"<script> [1562 bytes]","args":[{"selector":{"controlType":"sap.m.GenericTile","properties":{"header":"Bin Status Report"}},"wdio_ui5_key":"sapm.GenericTile{\"header\":\"Bin Status Report\"}"}]}
RESULT: undefined
COMMAND: POST /session/668384e1c1f73f3d5461b9d538daca42/element - {"using":"xpath","value":"//*[@id=\"__tile104\"]"}
RESULT: {}
RESULT: {"using":"xpath","value":"//*[@id=\"__tile104\"]"}
COMMAND: POST /session/668384e1c1f73f3d5461b9d538daca42/element/f.F64AD31729AEE402AD374BC91D68D115.d.A52EDABC988FFF1587C008FD529AFC17.e.113/click - {}
RESULT: {}
COMMAND: GET /session/668384e1c1f73f3d5461b9d538daca42/screenshot - {}
RESULT: {}
COMMAND: POST /session/668384e1c1f73f3d5461b9d538daca42/element - {"using":"xpath","value":"//bdi[text()='Create New Organization']"}
RESULT: {"using":"xpath","value":"//bdi[text()='Create New Organization']"}
COMMAND: POST /session/668384e1c1f73f3d5461b9d538daca42/elements - {"using":"xpath","value":"//bdi[text()='Create New Organization']"}
RESULT: {"using":"xpath","value":"//bdi[text()='Create New Organization']"}
COMMAND: POST /session/668384e1c1f73f3d5461b9d538daca42/elements - {"using":"xpath","value":"//bdi[text()='Create New Organization']"}
RESULT: {"using":"xpath","value":"//bdi[text()='Create New Organization']"}
COMMAND: POST /session/668384e1c1f73f3d5461b9d538daca42/elements - {"using":"xpath","value":"//bdi[text()='Create New Organization']"}
RESULT: {"using":"xpath","value":"//bdi[text()='Create New Organization']"}
COMMAND: POST /session/668384e1c1f73f3d5461b9d538daca42/elements - {"using":"xpath","value":"//bdi[text()='Create New Organization']"}
RESULT: {"using":"xpath","value":"//bdi[text()='Create New Organization']"}
COMMAND: POST /session/668384e1c1f73f3d5461b9d538daca42/elements - {"using":"xpath","value":"//bdi[text()='Create New Organization']"}
RESULT: {"using":"xpath","value":"//bdi[text()='Create New Organization']"}
COMMAND: POST /session/668384e1c1f73f3d5461b9d538daca42/element - {"using":"xpath","value":"//bdi[text()='Create New Organization']"}
RESULT: {"using":"xpath","value":"//bdi[text()='Create New Organization']"}
COMMAND: GET /session/668384e1c1f73f3d5461b9d538daca42/element/f.F64AD31729AEE402AD374BC91D68D115.d.A52EDABC988FFF1587C008FD529AFC17.e.151/enabled - {}
RESULT: {}
COMMAND: POST /session/668384e1c1f73f3d5461b9d538daca42/execute/sync - {"script":"<script> [8489 bytes]","args":[{"element-6066-11e4-a52e-4f735466cecf":"f.F64AD31729AEE402AD374BC91D68D115.d.A52EDABC988FFF1587C008FD529AFC17.e.151","ELEMENT":"f.F64AD31729AEE402AD374BC91D68D115.d.A52EDABC988FFF1587C008FD529AFC17.e.151"}]}
COMMAND: GET /session/668384e1c1f73f3d5461b9d538daca42/screenshot - {}
RESULT: {"script":"<script> [8489 bytes]","args":[{"element-6066-11e4-a52e-4f735466cecf":"f.F64AD31729AEE402AD374BC91D68D115.d.A52EDABC988FFF1587C008FD529AFC17.e.151","ELEMENT":"f.F64AD31729AEE402AD374BC91D68D115.d.A52EDABC988FFF1587C008FD529AFC17.e.151"}]}
COMMAND: POST /session/668384e1c1f73f3d5461b9d538daca42/execute/sync - {"script":"<script> [5351 bytes]","args":[{"element-6066-11e4-a52e-4f735466cecf":"f.F64AD31729AEE402AD374BC91D68D115.d.A52EDABC988FFF1587C008FD529AFC17.e.151","ELEMENT":"f.F64AD31729AEE402AD374BC91D68D115.d.A52EDABC988FFF1587C008FD529AFC17.e.151"}]}
COMMAND: GET /session/668384e1c1f73f3d5461b9d538daca42/screenshot - {}
RESULT: {}
RESULT: {"script":"<script> [5351 bytes]","args":[{"element-6066-11e4-a52e-4f735466cecf":"f.F64AD31729AEE402AD374BC91D68D115.d.A52EDABC988FFF1587C008FD529AFC17.e.151","ELEMENT":"f.F64AD31729AEE402AD374BC91D68D115.d.A52EDABC988FFF1587C008FD529AFC17.e.151"}]}
COMMAND: POST /session/668384e1c1f73f3d5461b9d538daca42/element/f.F64AD31729AEE402AD374BC91D68D115.d.A52EDABC988FFF1587C008FD529AFC17.e.151/click - {}
COMMAND: GET /session/668384e1c1f73f3d5461b9d538daca42/screenshot - {}
RESULT: {}
RESULT: {}
COMMAND: POST /session/668384e1c1f73f3d5461b9d538daca42/execute/async - {"script":"<script> [1562 bytes]","args":[{"selector":{"id":"createOrganizationPop--sectionInput","searchOpenDialogs":true,"interaction":{"idSuffix":"inner"}},"wdio_ui5_key":"createOrganizationPopsectionInput"}]}
COMMAND: GET /session/668384e1c1f73f3d5461b9d538daca42/screenshot - {}
RESULT: {}
RESULT: {"script":"<script> [1562 bytes]","args":[{"selector":{"id":"createOrganizationPop--sectionInput","searchOpenDialogs":true,"interaction":{"idSuffix":"inner"}},"wdio_ui5_key":"createOrganizationPopsectionInput"}]}
RESULT: undefined
COMMAND: POST /session/668384e1c1f73f3d5461b9d538daca42/execute/async - {"script":"<script> [776 bytes]","args":[{"enterText":"WHIapl50idy56javinq1wipj64h3tx1gq5d5nnnzp8dg6ur8gv651tp4dw9kuoucw6v6t819bzo9j9xm54ktir7ygy7vg8a0qquivxy6ihcesb70zs8g7kh5b8r6fw2jd1b5ei8cfxu5rhavo6qeui7041epiy4wlhytiac752bm6mqdyl8o59tn54mo46e22ry9dhh6 ... (803 more bytes)","selector":{"id":"createOrganizationPop--sectionInput","searchOpenDialogs":true,"interaction":{"idSuffix":"inner"}},"clearTextFirst":true,"interactionType":"ENTER_TEXT"}]}
RESULT: {}
RESULT: {"script":"<script> [776 bytes]","args":[{"enterText":"WHIapl50idy56javinq1wipj64h3tx1gq5d5nnnzp8dg6ur8gv651tp4dw9kuoucw6v6t819bzo9j9xm54ktir7ygy7vg8a0qquivxy6ihcesb70zs8g7kh5b8r6fw2jd1b5ei8cfxu5rhavo6qeui7041epiy4wlhytiac752bm6mqdyl8o59tn54mo46e22ry9dhh6 ... (803 more bytes)","selector":{"id":"createOrganizationPop--sectionInput","searchOpenDialogs":true,"interaction":{"idSuffix":"inner"}},"clearTextFirst":true,"interactionType":"ENTER_TEXT"}]}
COMMAND: POST /session/668384e1c1f73f3d5461b9d538daca42/execute/async - {"script":"<script> [1562 bytes]","args":[{"selector":{"id":"createOrganizationPop--descriptionInput","searchOpenDialogs":true,"interaction":{"idSuffix":"inner"}},"wdio_ui5_key":"createOrganizationPopdescriptionInput"}]}
RESULT: {"script":"<script> [1562 bytes]","args":[{"selector":{"id":"createOrganizationPop--descriptionInput","searchOpenDialogs":true,"interaction":{"idSuffix":"inner"}},"wdio_ui5_key":"createOrganizationPopdescriptionInput"}]}
RESULT: undefined
COMMAND: POST /session/668384e1c1f73f3d5461b9d538daca42/execute/async - {"script":"<script> [776 bytes]","args":[{"enterText":"WHIapl50idy56javinq1wipj64h3tx1gq5d5nnnzp8dg6ur8gv651tp4dw9kuoucw6v6t819bzo9j9xm54ktir7ygy7vg8a0qquivxy6ihcesb70zs8g7kh5b8r6fw2jd1b5ei8cfxu5rhavo6qeui7041epiy4wlhytiac752bm6mqdyl8o59tn54mo46e22ry9dhh6 ... (803 more bytes)","selector":{"id":"createOrganizationPop--descriptionInput","searchOpenDialogs":true,"interaction":{"idSuffix":"inner"}},"clearTextFirst":true,"interactionType":"ENTER_TEXT"}]}
RESULT: {"script":"<script> [776 bytes]","args":[{"enterText":"WHIapl50idy56javinq1wipj64h3tx1gq5d5nnnzp8dg6ur8gv651tp4dw9kuoucw6v6t819bzo9j9xm54ktir7ygy7vg8a0qquivxy6ihcesb70zs8g7kh5b8r6fw2jd1b5ei8cfxu5rhavo6qeui7041epiy4wlhytiac752bm6mqdyl8o59tn54mo46e22ry9dhh6 ... (803 more bytes)","selector":{"id":"createOrganizationPop--descriptionInput","searchOpenDialogs":true,"interaction":{"idSuffix":"inner"}},"clearTextFirst":true,"interactionType":"ENTER_TEXT"}]}
COMMAND: POST /session/668384e1c1f73f3d5461b9d538daca42/element - {"using":"css selector","value":"#createOrganizationPop--yardOrg-inner"}
RESULT: {"using":"css selector","value":"#createOrganizationPop--yardOrg-inner"}
COMMAND: POST /session/668384e1c1f73f3d5461b9d538daca42/element/f.F64AD31729AEE402AD374BC91D68D115.d.A52EDABC988FFF1587C008FD529AFC17.e.196/clear - {}
RESULT: {}
COMMAND: POST /session/668384e1c1f73f3d5461b9d538daca42/element/f.F64AD31729AEE402AD374BC91D68D115.d.A52EDABC988FFF1587C008FD529AFC17.e.196/value - {"text":"WHM"}
COMMAND: GET /session/668384e1c1f73f3d5461b9d538daca42/screenshot - {}
RESULT: {"text":"WHM"}
COMMAND: GET /session/668384e1c1f73f3d5461b9d538daca42/screenshot - {}
RESULT: {}
RESULT: {}
COMMAND: POST /session/668384e1c1f73f3d5461b9d538daca42/actions - {"actions":[{"id":"action1","type":"key","parameters":{},"actions":[{"type":"keyDown","value":"î€‡"},{"type":"pause","duration":10},{"type":"keyUp","value":"î€‡"}]}]}
RESULT: {"actions":[{"id":"action1","type":"key","parameters":{},"actions":[{"type":"keyDown","value":"î€‡"},{"type":"pause","duration":10},{"type":"keyUp","value":"î€‡"}]}]}
COMMAND: POST /session/668384e1c1f73f3d5461b9d538daca42/execute/async - {"script":"<script> [1562 bytes]","args":[{"selector":{"id":"createOrganizationPop--grZone","searchOpenDialogs":true,"interaction":{"idSuffix":"CbBg"}},"wdio_ui5_key":"createOrganizationPopgrZone"}]}
COMMAND: GET /session/668384e1c1f73f3d5461b9d538daca42/screenshot - {}
RESULT: {"script":"<script> [1562 bytes]","args":[{"selector":{"id":"createOrganizationPop--grZone","searchOpenDialogs":true,"interaction":{"idSuffix":"CbBg"}},"wdio_ui5_key":"createOrganizationPopgrZone"}]}
RESULT: undefined
COMMAND: POST /session/668384e1c1f73f3d5461b9d538daca42/element - {"using":"xpath","value":"//*[@id=\"createOrganizationPop--grZone\"]"}
RESULT: {}
RESULT: {"using":"xpath","value":"//*[@id=\"createOrganizationPop--grZone\"]"}
COMMAND: POST /session/668384e1c1f73f3d5461b9d538daca42/element/f.F64AD31729AEE402AD374BC91D68D115.d.A52EDABC988FFF1587C008FD529AFC17.e.216/click - {}
RESULT: {}
COMMAND: POST /session/668384e1c1f73f3d5461b9d538daca42/execute/async - {"script":"<script> [1562 bytes]","args":[{"selector":{"id":"createOrganizationPop--giZone","searchOpenDialogs":true,"interaction":{"idSuffix":"CbBg"}},"wdio_ui5_key":"createOrganizationPopgiZone"}]}
COMMAND: GET /session/668384e1c1f73f3d5461b9d538daca42/screenshot - {}
RESULT: {"script":"<script> [1562 bytes]","args":[{"selector":{"id":"createOrganizationPop--giZone","searchOpenDialogs":true,"interaction":{"idSuffix":"CbBg"}},"wdio_ui5_key":"createOrganizationPopgiZone"}]}
RESULT: undefined
COMMAND: POST /session/668384e1c1f73f3d5461b9d538daca42/element - {"using":"xpath","value":"//*[@id=\"createOrganizationPop--giZone\"]"}
RESULT: {}
RESULT: {"using":"xpath","value":"//*[@id=\"createOrganizationPop--giZone\"]"}
COMMAND: POST /session/668384e1c1f73f3d5461b9d538daca42/element/f.F64AD31729AEE402AD374BC91D68D115.d.A52EDABC988FFF1587C008FD529AFC17.e.218/click - {}
RESULT: {}
COMMAND: POST /session/668384e1c1f73f3d5461b9d538daca42/execute/async - {"script":"<script> [1562 bytes]","args":[{"selector":{"id":"createOrganizationPop--binNoInput","searchOpenDialogs":true,"interaction":{"idSuffix":"inner"}},"wdio_ui5_key":"createOrganizationPopbinNoInput"}]}
COMMAND: GET /session/668384e1c1f73f3d5461b9d538daca42/screenshot - {}
RESULT: {"script":"<script> [1562 bytes]","args":[{"selector":{"id":"createOrganizationPop--binNoInput","searchOpenDialogs":true,"interaction":{"idSuffix":"inner"}},"wdio_ui5_key":"createOrganizationPopbinNoInput"}]}
RESULT: undefined
COMMAND: POST /session/668384e1c1f73f3d5461b9d538daca42/execute/async - {"script":"<script> [776 bytes]","args":[{"enterText":"Bin-Wd","selector":{"id":"createOrganizationPop--binNoInput","searchOpenDialogs":true,"interaction":{"idSuffix":"inner"}},"clearTextFirst":true,"interactionType":"ENTER_TEXT"}]}
RESULT: {}
RESULT: {"script":"<script> [776 bytes]","args":[{"enterText":"Bin-Wd","selector":{"id":"createOrganizationPop--binNoInput","searchOpenDialogs":true,"interaction":{"idSuffix":"inner"}},"clearTextFirst":true,"interactionType":"ENTER_TEXT"}]}
COMMAND: POST /session/668384e1c1f73f3d5461b9d538daca42/execute/async - {"script":"<script> [1562 bytes]","args":[{"selector":{"id":"createOrganizationPop--descriptionId","searchOpenDialogs":true,"interaction":{"idSuffix":"inner"}},"wdio_ui5_key":"createOrganizationPopdescriptionId"}]}
RESULT: {"script":"<script> [1562 bytes]","args":[{"selector":{"id":"createOrganizationPop--descriptionId","searchOpenDialogs":true,"interaction":{"idSuffix":"inner"}},"wdio_ui5_key":"createOrganizationPopdescriptionId"}]}
RESULT: undefined
COMMAND: POST /session/668384e1c1f73f3d5461b9d538daca42/execute/async - {"script":"<script> [776 bytes]","args":[{"enterText":"Shipping-Wd","selector":{"id":"createOrganizationPop--descriptionId","searchOpenDialogs":true,"interaction":{"idSuffix":"inner"}},"clearTextFirst":true,"interactionType":"ENTER_TEXT"}]}
RESULT: {"script":"<script> [776 bytes]","args":[{"enterText":"Shipping-Wd","selector":{"id":"createOrganizationPop--descriptionId","searchOpenDialogs":true,"interaction":{"idSuffix":"inner"}},"clearTextFirst":true,"interactionType":"ENTER_TEXT"}]}
COMMAND: POST /session/668384e1c1f73f3d5461b9d538daca42/execute/async - {"script":"<script> [1562 bytes]","args":[{"selector":{"controlType":"sap.m.CheckBox","viewName":"etm.portal.ui.binstatusreport.view.MasterWareBins","viewId":"application-binstatusreport-display-component---warehousing","bindingPath":{"path":"","propertyPath":"/ZONE","modelName":"newBin"},"searchOpenDialogs":true,"interaction":{"idSuffix":"CbBg"}},"wdio_ui5_key":"etmportal.ui.binstatusreport.view.MasterWareBinssap.m.CheckBox{\"path\":\"\",\"propertyPath\":\"/ZONE\",\"modelName\":\"newBin\"}"}]}
RESULT: {"script":"<script> [1562 bytes]","args":[{"selector":{"controlType":"sap.m.CheckBox","viewName":"etm.portal.ui.binstatusreport.view.MasterWareBins","viewId":"application-binstatusreport-display-component---warehousing","bindingPath":{"path":"","propertyPath":"/ZONE","modelName":"newBin"},"searchOpenDialogs":true,"interaction":{"idSuffix":"CbBg"}},"wdio_ui5_key":"etmportal.ui.binstatusreport.view.MasterWareBinssap.m.CheckBox{\"path\":\"\",\"propertyPath\":\"/ZONE\",\"modelName\":\"newBin\"}"}]}
RESULT: undefined
COMMAND: POST /session/668384e1c1f73f3d5461b9d538daca42/element - {"using":"xpath","value":"//*[@id=\"__box12\"]"}
RESULT: {"using":"xpath","value":"//*[@id=\"__box12\"]"}
COMMAND: POST /session/668384e1c1f73f3d5461b9d538daca42/element/f.F64AD31729AEE402AD374BC91D68D115.d.A52EDABC988FFF1587C008FD529AFC17.e.222/click - {}
RESULT: {}
COMMAND: POST /session/668384e1c1f73f3d5461b9d538daca42/execute/async - {"script":"<script> [1562 bytes]","args":[{"selector":{"id":"createOrganizationPop--binTypesCB-arrow","searchOpenDialogs":true},"wdio_ui5_key":"createOrganizationPopbinTypesCB-arrow"}]}
COMMAND: GET /session/668384e1c1f73f3d5461b9d538daca42/screenshot - {}
RESULT: {"script":"<script> [1562 bytes]","args":[{"selector":{"id":"createOrganizationPop--binTypesCB-arrow","searchOpenDialogs":true},"wdio_ui5_key":"createOrganizationPopbinTypesCB-arrow"}]}
RESULT: undefined
COMMAND: POST /session/668384e1c1f73f3d5461b9d538daca42/element - {"using":"xpath","value":"//*[@id=\"createOrganizationPop--binTypesCB-arrow\"]"}
RESULT: {}
RESULT: {"using":"xpath","value":"//*[@id=\"createOrganizationPop--binTypesCB-arrow\"]"}
COMMAND: POST /session/668384e1c1f73f3d5461b9d538daca42/element/f.F64AD31729AEE402AD374BC91D68D115.d.A52EDABC988FFF1587C008FD529AFC17.e.223/click - {}
RESULT: {}
COMMAND: POST /session/668384e1c1f73f3d5461b9d538daca42/execute/async - {"script":"<script> [1562 bytes]","args":[{"selector":{"id":"createOrganizationPop--binTypesCB","searchOpenDialogs":true,"interaction":{"idSuffix":"inner"}},"wdio_ui5_key":"createOrganizationPopbinTypesCB"}]}
COMMAND: GET /session/668384e1c1f73f3d5461b9d538daca42/screenshot - {}
RESULT: {"script":"<script> [1562 bytes]","args":[{"selector":{"id":"createOrganizationPop--binTypesCB","searchOpenDialogs":true,"interaction":{"idSuffix":"inner"}},"wdio_ui5_key":"createOrganizationPopbinTypesCB"}]}
RESULT: undefined
COMMAND: POST /session/668384e1c1f73f3d5461b9d538daca42/execute/async - {"script":"<script> [776 bytes]","args":[{"enterText":"1 - General / No capacity check","selector":{"id":"createOrganizationPop--binTypesCB","searchOpenDialogs":true,"interaction":{"idSuffix":"inner"}},"clearTextFirst":true,"interactionType":"ENTER_TEXT"}]}
RESULT: {}
RESULT: {"script":"<script> [776 bytes]","args":[{"enterText":"1 - General / No capacity check","selector":{"id":"createOrganizationPop--binTypesCB","searchOpenDialogs":true,"interaction":{"idSuffix":"inner"}},"clearTextFirst":true,"interactionType":"ENTER_TEXT"}]}
COMMAND: POST /session/668384e1c1f73f3d5461b9d538daca42/actions - {"actions":[{"id":"action2","type":"key","parameters":{},"actions":[{"type":"keyDown","value":"î€‡"},{"type":"pause","duration":10},{"type":"keyUp","value":"î€‡"}]}]}
RESULT: {"actions":[{"id":"action2","type":"key","parameters":{},"actions":[{"type":"keyDown","value":"î€‡"},{"type":"pause","duration":10},{"type":"keyUp","value":"î€‡"}]}]}
COMMAND: GET /session/668384e1c1f73f3d5461b9d538daca42/screenshot - {}
RESULT: {}
COMMAND: POST /session/668384e1c1f73f3d5461b9d538daca42/execute/async - {"script":"<script> [1562 bytes]","args":[{"selector":{"id":"createOrganizationPop--finishBtn","searchOpenDialogs":true,"interaction":{"idSuffix":"BDI-content"}},"wdio_ui5_key":"createOrganizationPopfinishBtn"}]}
RESULT: {"script":"<script> [1562 bytes]","args":[{"selector":{"id":"createOrganizationPop--finishBtn","searchOpenDialogs":true,"interaction":{"idSuffix":"BDI-content"}},"wdio_ui5_key":"createOrganizationPopfinishBtn"}]}
RESULT: undefined
COMMAND: POST /session/668384e1c1f73f3d5461b9d538daca42/element - {"using":"xpath","value":"//*[@id=\"createOrganizationPop--finishBtn\"]"}
RESULT: {"using":"xpath","value":"//*[@id=\"createOrganizationPop--finishBtn\"]"}
COMMAND: POST /session/668384e1c1f73f3d5461b9d538daca42/element/f.F64AD31729AEE402AD374BC91D68D115.d.A52EDABC988FFF1587C008FD529AFC17.e.226/click - {}
RESULT: {}
COMMAND: GET /session/668384e1c1f73f3d5461b9d538daca42/screenshot - {}
COMMAND: POST /session/668384e1c1f73f3d5461b9d538daca42/element - {"using":"css selector","value":"#j_username"}
COMMAND: POST /session/668384e1c1f73f3d5461b9d538daca42/url - {"url":"https://qa-testing-00-live-etm-ui.cfapps.eu10-004.hana.ondemand.com/"}
RESULT: {}
RESULT: {"url":"https://qa-testing-00-live-etm-ui.cfapps.eu10-004.hana.ondemand.com/"}
RESULT: undefined
COMMAND: GET /session/668384e1c1f73f3d5461b9d538daca42/screenshot - {}
RESULT: {"using":"css selector","value":"#j_username"}
COMMAND: POST /session/668384e1c1f73f3d5461b9d538daca42/element - {"using":"css selector","value":"#j_username"}
RESULT: {}
RESULT: {"using":"css selector","value":"#j_username"}
COMMAND: POST /session/668384e1c1f73f3d5461b9d538daca42/element - {"using":"css selector","value":"#shell-header-logo"}
RESULT: {"using":"css selector","value":"#shell-header-logo"}
COMMAND: POST /session/668384e1c1f73f3d5461b9d538daca42/execute/sync - {"script":"<script> [8489 bytes]","args":[{"element-6066-11e4-a52e-4f735466cecf":"f.F64AD31729AEE402AD374BC91D68D115.d.D0E75F84990E4A29B146AF4B59D3E4F0.e.239","ELEMENT":"f.F64AD31729AEE402AD374BC91D68D115.d.D0E75F84990E4A29B146AF4B59D3E4F0.e.239"}]}
RESULT: {"script":"<script> [8489 bytes]","args":[{"element-6066-11e4-a52e-4f735466cecf":"f.F64AD31729AEE402AD374BC91D68D115.d.D0E75F84990E4A29B146AF4B59D3E4F0.e.239","ELEMENT":"f.F64AD31729AEE402AD374BC91D68D115.d.D0E75F84990E4A29B146AF4B59D3E4F0.e.239"}]}
COMMAND: POST /session/668384e1c1f73f3d5461b9d538daca42/element - {"using":"css selector","value":"#shell-header-logo"}
COMMAND: GET /session/668384e1c1f73f3d5461b9d538daca42/screenshot - {}
RESULT: {"using":"css selector","value":"#shell-header-logo"}
COMMAND: POST /session/668384e1c1f73f3d5461b9d538daca42/execute/sync - {"script":"<script> [8489 bytes]","args":[{"element-6066-11e4-a52e-4f735466cecf":"f.F64AD31729AEE402AD374BC91D68D115.d.D0E75F84990E4A29B146AF4B59D3E4F0.e.239","ELEMENT":"f.F64AD31729AEE402AD374BC91D68D115.d.D0E75F84990E4A29B146AF4B59D3E4F0.e.239"}]}
RESULT: {}
RESULT: {"script":"<script> [8489 bytes]","args":[{"element-6066-11e4-a52e-4f735466cecf":"f.F64AD31729AEE402AD374BC91D68D115.d.D0E75F84990E4A29B146AF4B59D3E4F0.e.239","ELEMENT":"f.F64AD31729AEE402AD374BC91D68D115.d.D0E75F84990E4A29B146AF4B59D3E4F0.e.239"}]}
COMMAND: POST /session/668384e1c1f73f3d5461b9d538daca42/execute/sync - {"script":"<script> [5351 bytes]","args":[{"element-6066-11e4-a52e-4f735466cecf":"f.F64AD31729AEE402AD374BC91D68D115.d.D0E75F84990E4A29B146AF4B59D3E4F0.e.239","ELEMENT":"f.F64AD31729AEE402AD374BC91D68D115.d.D0E75F84990E4A29B146AF4B59D3E4F0.e.239"}]}
COMMAND: GET /session/668384e1c1f73f3d5461b9d538daca42/screenshot - {}
RESULT: {"script":"<script> [5351 bytes]","args":[{"element-6066-11e4-a52e-4f735466cecf":"f.F64AD31729AEE402AD374BC91D68D115.d.D0E75F84990E4A29B146AF4B59D3E4F0.e.239","ELEMENT":"f.F64AD31729AEE402AD374BC91D68D115.d.D0E75F84990E4A29B146AF4B59D3E4F0.e.239"}]}
COMMAND: POST /session/668384e1c1f73f3d5461b9d538daca42/element - {"using":"css selector","value":"#shell-header-logo"}
COMMAND: GET /session/668384e1c1f73f3d5461b9d538daca42/screenshot - {}
RESULT: {}
RESULT: {"using":"css selector","value":"#shell-header-logo"}
COMMAND: POST /session/668384e1c1f73f3d5461b9d538daca42/element/f.F64AD31729AEE402AD374BC91D68D115.d.D0E75F84990E4A29B146AF4B59D3E4F0.e.239/click - {}
RESULT: {}
RESULT: {}
COMMAND: GET /session/668384e1c1f73f3d5461b9d538daca42/screenshot - {}
RESULT: {}
COMMAND: POST /session/668384e1c1f73f3d5461b9d538daca42/execute/async - {"script":"<script> [189 bytes]","args":[]}
RESULT: {"script":"<script> [189 bytes]","args":[]}
COMMAND: POST /session/668384e1c1f73f3d5461b9d538daca42/execute/async - {"script":"<script> [123 bytes]","args":[]}
RESULT: {"script":"<script> [123 bytes]","args":[]}
COMMAND: POST /session/668384e1c1f73f3d5461b9d538daca42/timeouts - {"script":"<number>"}
RESULT: {"script":"<number>"}
COMMAND: GET /session/668384e1c1f73f3d5461b9d538daca42/timeouts - {}
RESULT: {}
RESULT: undefined
COMMAND: POST /session/668384e1c1f73f3d5461b9d538daca42/execute/async - {"script":"<script> [2676 bytes]","args":[]}
RESULT: {"script":"<script> [2676 bytes]","args":[]}
COMMAND: POST /session/668384e1c1f73f3d5461b9d538daca42/execute/async - {"script":"<script> [2342 bytes]","args":[{"protocol":"http","hostname":"0.0.0.0","path":"/","capabilities":{"browserName":"chrome","goog:chromeOptions":{"binary":"C:\\Program Files\\Google\\Chrome\\Application\\chrome.exe","args":["--start-maximized"]}},"logLevel":"warn","connectionRetryTimeout":120000,"connectionRetryCount":3,"logLevels":{},"enableDirectConnect":true,"strictSSL":true,"_":"65 more keys: [\"cacheDir\",\"port\",\"requestedCapabilities\",\"automationProtocol\",\"baseUrl\",\"waitforInterval\",\"waitforTimeout\",\"onReload\",\"beforeCommand\",\"afterCommand\",\"rootDir\",\"specs\",\"suites\",\"exclude\",\"groupLogsByTestSpec\",\"excludeDriverLogs\",\"bail\",\"framework\",\"reporters\",\"services\",\"maxInstances\",\"maxInstancesPerCapability\",\"injectGlobals\",\"filesToWatch\",\"execArgv\",\"runnerEnv\",\"runner\",\"shard\",\"specFileRetries\",\"specFileRetriesDelay\",\"specFileRetriesDeferred\",\"reporterSyncInterval\",\"reporterSyncTimeout\",\"cucumberFeaturesWithLineNumbers\",\"autoCompileOpts\",\"mochaOpts\",\"jasmineOpts\",\"cucumberOpts\",\"onPrepare\",\"onWorkerStart\",\"onWorkerEnd\",\"before\",\"beforeSession\",\"beforeSuite\",\"beforeHook\",\"beforeTest\",\"afterTest\",\"afterHook\",\"afterSuite\",\"afterSession\",\"after\",\"onComplete\",\"beforeAssertion\",\"afterAssertion\",\"beforeFeature\",\"beforeScenario\",\"beforeStep\",\"afterStep\",\"afterScenario\",\"afterFeature\",\"_\",\"suite\",\"$0\",\"ignoredWorkerServices\",\"wdi5\"]"}]}
RESULT: {"script":"<script> [2342 bytes]","args":[{"protocol":"http","hostname":"0.0.0.0","path":"/","capabilities":{"browserName":"chrome","goog:chromeOptions":{"binary":"C:\\Program Files\\Google\\Chrome\\Application\\chrome.exe","args":["--start-maximized"]}},"logLevel":"warn","connectionRetryTimeout":120000,"connectionRetryCount":3,"logLevels":{},"enableDirectConnect":true,"strictSSL":true,"_":"65 more keys: [\"cacheDir\",\"port\",\"requestedCapabilities\",\"automationProtocol\",\"baseUrl\",\"waitforInterval\",\"waitforTimeout\",\"onReload\",\"beforeCommand\",\"afterCommand\",\"rootDir\",\"specs\",\"suites\",\"exclude\",\"groupLogsByTestSpec\",\"excludeDriverLogs\",\"bail\",\"framework\",\"reporters\",\"services\",\"maxInstances\",\"maxInstancesPerCapability\",\"injectGlobals\",\"filesToWatch\",\"execArgv\",\"runnerEnv\",\"runner\",\"shard\",\"specFileRetries\",\"specFileRetriesDelay\",\"specFileRetriesDeferred\",\"reporterSyncInterval\",\"reporterSyncTimeout\",\"cucumberFeaturesWithLineNumbers\",\"autoCompileOpts\",\"mochaOpts\",\"jasmineOpts\",\"cucumberOpts\",\"onPrepare\",\"onWorkerStart\",\"onWorkerEnd\",\"before\",\"beforeSession\",\"beforeSuite\",\"beforeHook\",\"beforeTest\",\"afterTest\",\"afterHook\",\"afterSuite\",\"afterSession\",\"after\",\"onComplete\",\"beforeAssertion\",\"afterAssertion\",\"beforeFeature\",\"beforeScenario\",\"beforeStep\",\"afterStep\",\"afterScenario\",\"afterFeature\",\"_\",\"suite\",\"$0\",\"ignoredWorkerServices\",\"wdi5\"]"}]}
COMMAND: POST /session/668384e1c1f73f3d5461b9d538daca42/execute/async - {"script":"<script> [21126 bytes]","args":[35000]}
RESULT: {"script":"<script> [21126 bytes]","args":[35000]}
COMMAND: POST /session/668384e1c1f73f3d5461b9d538daca42/window/maximize - {}
RESULT: {}
COMMAND: POST /session/668384e1c1f73f3d5461b9d538daca42/execute/async - {"script":"<script> [1562 bytes]","args":[{"selector":{"id":"shell-header","interaction":{"idSuffix":"icon"}},"wdio_ui5_key":"shellheader"}]}
COMMAND: GET /session/668384e1c1f73f3d5461b9d538daca42/screenshot - {}
RESULT: {"script":"<script> [1562 bytes]","args":[{"selector":{"id":"shell-header","interaction":{"idSuffix":"icon"}},"wdio_ui5_key":"shellheader"}]}
RESULT: undefined
]]></system-out>
    </testcase>
  </testsuite>
  <testsuite timestamp="2025-04-27T16:19:02" time="811.617" tests="8" failures="0" errors="0" skipped="0">
    <properties>
      <property name="specId" value="0" />
      <property name="suiteName" value="Stock increase - with WHM US125587" />
      <property name="capabilities" value="chrome.135_0_7049_96.windows" />
      <property name="file" value="file:///D:/a/1/s/test/specs/HTR/stock-increase.spec.js" />
    </properties>
    <testcase classname="chrome.135_0_7049_96.windows.Stock_increase_-_with_WHM_US125587" name="Should create a WHM yard" time="97.309">
      <system-out><![CDATA[
COMMAND: POST /session/668384e1c1f73f3d5461b9d538daca42/element - {"using":"css selector","value":"#shell-header-logo"}
RESULT: {}
RESULT: {"using":"css selector","value":"#shell-header-logo"}
COMMAND: POST /session/668384e1c1f73f3d5461b9d538daca42/element/f.F64AD31729AEE402AD374BC91D68D115.d.D0E75F84990E4A29B146AF4B59D3E4F0.e.239/click - {}
RESULT: {}
COMMAND: GET /session/668384e1c1f73f3d5461b9d538daca42/screenshot - {}
RESULT: {}
COMMAND: POST /session/668384e1c1f73f3d5461b9d538daca42/execute/async - {"script":"<script> [1562 bytes]","args":[{"selector":{"controlType":"sap.m.GenericTile","properties":{"header":"Manage Yards"}},"wdio_ui5_key":"sapm.GenericTile{\"header\":\"Manage Yards\"}"}]}
RESULT: {"script":"<script> [1562 bytes]","args":[{"selector":{"controlType":"sap.m.GenericTile","properties":{"header":"Manage Yards"}},"wdio_ui5_key":"sapm.GenericTile{\"header\":\"Manage Yards\"}"}]}
RESULT: undefined
COMMAND: POST /session/668384e1c1f73f3d5461b9d538daca42/element - {"using":"xpath","value":"//*[@id=\"__tile41\"]"}
RESULT: {"using":"xpath","value":"//*[@id=\"__tile41\"]"}
COMMAND: POST /session/668384e1c1f73f3d5461b9d538daca42/element/f.F64AD31729AEE402AD374BC91D68D115.d.D0E75F84990E4A29B146AF4B59D3E4F0.e.246/click - {}
RESULT: {}
COMMAND: GET /session/668384e1c1f73f3d5461b9d538daca42/screenshot - {}
RESULT: {}
COMMAND: POST /session/668384e1c1f73f3d5461b9d538daca42/execute/async - {"script":"<script> [1562 bytes]","args":[{"selector":{"controlType":"sap.ui.core.Icon","viewName":"etm.portal.ui.manageyards.view.Master","viewId":"application-manageyards-display-component---masterYard","properties":{"src":{"regex":{"source":"add"}}}},"wdio_ui5_key":"etmportal.ui.manageyards.view.Mastersap.ui.core.Icon{\"src\":{\"regex\":{\"source\":\"add\"}}}"}]}
RESULT: {"script":"<script> [1562 bytes]","args":[{"selector":{"controlType":"sap.ui.core.Icon","viewName":"etm.portal.ui.manageyards.view.Master","viewId":"application-manageyards-display-component---masterYard","properties":{"src":{"regex":{"source":"add"}}}},"wdio_ui5_key":"etmportal.ui.manageyards.view.Mastersap.ui.core.Icon{\"src\":{\"regex\":{\"source\":\"add\"}}}"}]}
RESULT: undefined
COMMAND: POST /session/668384e1c1f73f3d5461b9d538daca42/element - {"using":"xpath","value":"//*[@id=\"__button4-img\"]"}
RESULT: {"using":"xpath","value":"//*[@id=\"__button4-img\"]"}
COMMAND: POST /session/668384e1c1f73f3d5461b9d538daca42/element/f.F64AD31729AEE402AD374BC91D68D115.d.D0E75F84990E4A29B146AF4B59D3E4F0.e.292/click - {}
RESULT: {}
COMMAND: GET /session/668384e1c1f73f3d5461b9d538daca42/screenshot - {}
RESULT: {}
COMMAND: POST /session/668384e1c1f73f3d5461b9d538daca42/execute/async - {"script":"<script> [1562 bytes]","args":[{"selector":{"id":"application-manageyards-display-component---NewYard--yardId","interaction":{"idSuffix":"inner"}},"wdio_ui5_key":"applicationmanageyards-display-component---NewYard--yardId"}]}
RESULT: {"script":"<script> [1562 bytes]","args":[{"selector":{"id":"application-manageyards-display-component---NewYard--yardId","interaction":{"idSuffix":"inner"}},"wdio_ui5_key":"applicationmanageyards-display-component---NewYard--yardId"}]}
RESULT: undefined
COMMAND: POST /session/668384e1c1f73f3d5461b9d538daca42/element - {"using":"xpath","value":"//*[@id=\"application-manageyards-display-component---NewYard--addressDetailDetailsName1-inner\"]"}
RESULT: {"using":"xpath","value":"//*[@id=\"application-manageyards-display-component---NewYard--addressDetailDetailsName1-inner\"]"}
COMMAND: POST /session/668384e1c1f73f3d5461b9d538daca42/element/f.F64AD31729AEE402AD374BC91D68D115.d.D0E75F84990E4A29B146AF4B59D3E4F0.e.507/clear - {}
RESULT: {}
COMMAND: POST /session/668384e1c1f73f3d5461b9d538daca42/element/f.F64AD31729AEE402AD374BC91D68D115.d.D0E75F84990E4A29B146AF4B59D3E4F0.e.507/value - {"text":"WebdriverWHMYardb0a1n"}
COMMAND: GET /session/668384e1c1f73f3d5461b9d538daca42/screenshot - {}
RESULT: {"text":"WebdriverWHMYardb0a1n"}
COMMAND: POST /session/668384e1c1f73f3d5461b9d538daca42/element - {"using":"xpath","value":"//*[@id=\"application-manageyards-display-component---NewYard--addressDetailDetailsLanguage-inner\"]"}
COMMAND: GET /session/668384e1c1f73f3d5461b9d538daca42/screenshot - {}
RESULT: {}
RESULT: {"using":"xpath","value":"//*[@id=\"application-manageyards-display-component---NewYard--addressDetailDetailsLanguage-inner\"]"}
COMMAND: POST /session/668384e1c1f73f3d5461b9d538daca42/element/f.F64AD31729AEE402AD374BC91D68D115.d.D0E75F84990E4A29B146AF4B59D3E4F0.e.508/clear - {}
RESULT: {}
RESULT: {}
COMMAND: POST /session/668384e1c1f73f3d5461b9d538daca42/element/f.F64AD31729AEE402AD374BC91D68D115.d.D0E75F84990E4A29B146AF4B59D3E4F0.e.508/value - {"text":"Romanian"}
COMMAND: GET /session/668384e1c1f73f3d5461b9d538daca42/screenshot - {}
RESULT: {"text":"Romanian"}
COMMAND: GET /session/668384e1c1f73f3d5461b9d538daca42/screenshot - {}
RESULT: {}
RESULT: {}
COMMAND: POST /session/668384e1c1f73f3d5461b9d538daca42/element - {"using":"xpath","value":"//*[@id=\"application-manageyards-display-component---NewYard--addressDetailDetailsCity1-inner\"]"}
RESULT: {"using":"xpath","value":"//*[@id=\"application-manageyards-display-component---NewYard--addressDetailDetailsCity1-inner\"]"}
COMMAND: POST /session/668384e1c1f73f3d5461b9d538daca42/element/f.F64AD31729AEE402AD374BC91D68D115.d.D0E75F84990E4A29B146AF4B59D3E4F0.e.510/clear - {}
RESULT: {}
COMMAND: POST /session/668384e1c1f73f3d5461b9d538daca42/element/f.F64AD31729AEE402AD374BC91D68D115.d.D0E75F84990E4A29B146AF4B59D3E4F0.e.510/value - {"text":"Bucuresti"}
COMMAND: GET /session/668384e1c1f73f3d5461b9d538daca42/screenshot - {}
RESULT: {"text":"Bucuresti"}
COMMAND: GET /session/668384e1c1f73f3d5461b9d538daca42/screenshot - {}
RESULT: {}
RESULT: {}
COMMAND: POST /session/668384e1c1f73f3d5461b9d538daca42/element - {"using":"xpath","value":"//*[@id=\"application-manageyards-display-component---NewYard--addressDetailDetailsCountry-inner\"]"}
RESULT: {"using":"xpath","value":"//*[@id=\"application-manageyards-display-component---NewYard--addressDetailDetailsCountry-inner\"]"}
COMMAND: POST /session/668384e1c1f73f3d5461b9d538daca42/element/f.F64AD31729AEE402AD374BC91D68D115.d.D0E75F84990E4A29B146AF4B59D3E4F0.e.514/clear - {}
RESULT: {}
COMMAND: POST /session/668384e1c1f73f3d5461b9d538daca42/element/f.F64AD31729AEE402AD374BC91D68D115.d.D0E75F84990E4A29B146AF4B59D3E4F0.e.514/value - {"text":"Romania"}
COMMAND: GET /session/668384e1c1f73f3d5461b9d538daca42/screenshot - {}
RESULT: {"text":"Romania"}
COMMAND: GET /session/668384e1c1f73f3d5461b9d538daca42/screenshot - {}
RESULT: {}
RESULT: {}
COMMAND: POST /session/668384e1c1f73f3d5461b9d538daca42/execute/async - {"script":"<script> [1562 bytes]","args":[{"selector":{"controlType":"sap.m.Button","viewName":"etm.portal.ui.manageyards.view.New","viewId":"application-manageyards-display-component---NewYard","properties":{"text":"Commercial"},"interaction":{"idSuffix":"BDI-content"}},"wdio_ui5_key":"etmportal.ui.manageyards.view.Newsap.m.Button{\"text\":\"Commercial\"}"}]}
RESULT: {"script":"<script> [1562 bytes]","args":[{"selector":{"controlType":"sap.m.Button","viewName":"etm.portal.ui.manageyards.view.New","viewId":"application-manageyards-display-component---NewYard","properties":{"text":"Commercial"},"interaction":{"idSuffix":"BDI-content"}},"wdio_ui5_key":"etmportal.ui.manageyards.view.Newsap.m.Button{\"text\":\"Commercial\"}"}]}
RESULT: undefined
COMMAND: POST /session/668384e1c1f73f3d5461b9d538daca42/element - {"using":"xpath","value":"//*[@id=\"application-manageyards-display-component---NewYard--ObjectPageLayout-anchBar-__section5-anchor\"]"}
RESULT: {"using":"xpath","value":"//*[@id=\"application-manageyards-display-component---NewYard--ObjectPageLayout-anchBar-__section5-anchor\"]"}
COMMAND: POST /session/668384e1c1f73f3d5461b9d538daca42/element/f.F64AD31729AEE402AD374BC91D68D115.d.D0E75F84990E4A29B146AF4B59D3E4F0.e.704/click - {}
RESULT: {}
COMMAND: GET /session/668384e1c1f73f3d5461b9d538daca42/screenshot - {}
COMMAND: POST /session/668384e1c1f73f3d5461b9d538daca42/element - {"using":"xpath","value":"//input[@id='application-manageyards-display-component---NewYard--addressEditDetailsCostObjectCstType-inner']"}
RESULT: {}
RESULT: {"using":"xpath","value":"//input[@id='application-manageyards-display-component---NewYard--addressEditDetailsCostObjectCstType-inner']"}
COMMAND: POST /session/668384e1c1f73f3d5461b9d538daca42/execute/sync - {"script":"<script> [8489 bytes]","args":[{"element-6066-11e4-a52e-4f735466cecf":"f.F64AD31729AEE402AD374BC91D68D115.d.D0E75F84990E4A29B146AF4B59D3E4F0.e.520","ELEMENT":"f.F64AD31729AEE402AD374BC91D68D115.d.D0E75F84990E4A29B146AF4B59D3E4F0.e.520"}]}
RESULT: {"script":"<script> [8489 bytes]","args":[{"element-6066-11e4-a52e-4f735466cecf":"f.F64AD31729AEE402AD374BC91D68D115.d.D0E75F84990E4A29B146AF4B59D3E4F0.e.520","ELEMENT":"f.F64AD31729AEE402AD374BC91D68D115.d.D0E75F84990E4A29B146AF4B59D3E4F0.e.520"}]}
COMMAND: POST /session/668384e1c1f73f3d5461b9d538daca42/element/f.F64AD31729AEE402AD374BC91D68D115.d.D0E75F84990E4A29B146AF4B59D3E4F0.e.520/clear - {}
COMMAND: GET /session/668384e1c1f73f3d5461b9d538daca42/screenshot - {}
RESULT: {}
COMMAND: POST /session/668384e1c1f73f3d5461b9d538daca42/element/f.F64AD31729AEE402AD374BC91D68D115.d.D0E75F84990E4A29B146AF4B59D3E4F0.e.520/value - {"text":"Cost"}
COMMAND: GET /session/668384e1c1f73f3d5461b9d538daca42/screenshot - {}
RESULT: {}
RESULT: {"text":"Cost"}
COMMAND: GET /session/668384e1c1f73f3d5461b9d538daca42/screenshot - {}
RESULT: {}
RESULT: {}
COMMAND: POST /session/668384e1c1f73f3d5461b9d538daca42/execute/async - {"script":"<script> [1562 bytes]","args":[{"selector":{"id":"application-manageyards-display-component---NewYard--addressNewCostObjectCstID","interaction":{"idSuffix":"inner"}},"wdio_ui5_key":"applicationmanageyards-display-component---NewYard--addressNewCostObjectCstID"}]}
RESULT: {"script":"<script> [1562 bytes]","args":[{"selector":{"id":"application-manageyards-display-component---NewYard--addressNewCostObjectCstID","interaction":{"idSuffix":"inner"}},"wdio_ui5_key":"applicationmanageyards-display-component---NewYard--addressNewCostObjectCstID"}]}
RESULT: undefined
COMMAND: POST /session/668384e1c1f73f3d5461b9d538daca42/execute/async - {"script":"<script> [776 bytes]","args":[{"enterText":"10001013","selector":{"id":"application-manageyards-display-component---NewYard--addressNewCostObjectCstID","interaction":{"idSuffix":"inner"}},"clearTextFirst":true,"interactionType":"ENTER_TEXT"}]}
RESULT: {"script":"<script> [776 bytes]","args":[{"enterText":"10001013","selector":{"id":"application-manageyards-display-component---NewYard--addressNewCostObjectCstID","interaction":{"idSuffix":"inner"}},"clearTextFirst":true,"interactionType":"ENTER_TEXT"}]}
COMMAND: POST /session/668384e1c1f73f3d5461b9d538daca42/actions - {"actions":[{"id":"action3","type":"key","parameters":{},"actions":[{"type":"keyDown","value":"î€‡"},{"type":"pause","duration":10},{"type":"keyUp","value":"î€‡"}]}]}
RESULT: {"actions":[{"id":"action3","type":"key","parameters":{},"actions":[{"type":"keyDown","value":"î€‡"},{"type":"pause","duration":10},{"type":"keyUp","value":"î€‡"}]}]}
COMMAND: POST /session/668384e1c1f73f3d5461b9d538daca42/execute/async - {"script":"<script> [1562 bytes]","args":[{"selector":{"id":"application-manageyards-display-component---NewYard--addressEditDetailsCurrency","interaction":{"idSuffix":"inner"}},"wdio_ui5_key":"applicationmanageyards-display-component---NewYard--addressEditDetailsCurrency"}]}
COMMAND: GET /session/668384e1c1f73f3d5461b9d538daca42/screenshot - {}
RESULT: {"script":"<script> [1562 bytes]","args":[{"selector":{"id":"application-manageyards-display-component---NewYard--addressEditDetailsCurrency","interaction":{"idSuffix":"inner"}},"wdio_ui5_key":"applicationmanageyards-display-component---NewYard--addressEditDetailsCurrency"}]}
RESULT: undefined
COMMAND: POST /session/668384e1c1f73f3d5461b9d538daca42/execute/async - {"script":"<script> [776 bytes]","args":[{"enterText":"Euro","selector":{"id":"application-manageyards-display-component---NewYard--addressEditDetailsCurrency","interaction":{"idSuffix":"inner"}},"clearTextFirst":true,"interactionType":"ENTER_TEXT"}]}
RESULT: {}
RESULT: {"script":"<script> [776 bytes]","args":[{"enterText":"Euro","selector":{"id":"application-manageyards-display-component---NewYard--addressEditDetailsCurrency","interaction":{"idSuffix":"inner"}},"clearTextFirst":true,"interactionType":"ENTER_TEXT"}]}
COMMAND: POST /session/668384e1c1f73f3d5461b9d538daca42/execute/async - {"script":"<script> [1562 bytes]","args":[{"selector":{"controlType":"sap.m.Input","viewName":"etm.portal.ui.manageyards.view.New","viewId":"application-manageyards-display-component---NewYard","bindingPath":{"path":"","propertyPath":"/CONTROLLING_AREA","modelName":"NewYardModel"},"interaction":{"idSuffix":"inner"}},"wdio_ui5_key":"etmportal.ui.manageyards.view.Newsap.m.Input{\"path\":\"\",\"propertyPath\":\"/CONTROLLING_AREA\",\"modelName\":\"NewYardModel\"}"}]}
RESULT: {"script":"<script> [1562 bytes]","args":[{"selector":{"controlType":"sap.m.Input","viewName":"etm.portal.ui.manageyards.view.New","viewId":"application-manageyards-display-component---NewYard","bindingPath":{"path":"","propertyPath":"/CONTROLLING_AREA","modelName":"NewYardModel"},"interaction":{"idSuffix":"inner"}},"wdio_ui5_key":"etmportal.ui.manageyards.view.Newsap.m.Input{\"path\":\"\",\"propertyPath\":\"/CONTROLLING_AREA\",\"modelName\":\"NewYardModel\"}"}]}
RESULT: undefined
COMMAND: POST /session/668384e1c1f73f3d5461b9d538daca42/execute/async - {"script":"<script> [776 bytes]","args":[{"enterText":"Z001","selector":{"controlType":"sap.m.Input","viewName":"etm.portal.ui.manageyards.view.New","viewId":"application-manageyards-display-component---NewYard","bindingPath":{"path":"","propertyPath":"/CONTROLLING_AREA","modelName":"NewYardModel"},"interaction":{"idSuffix":"inner"}},"clearTextFirst":true,"interactionType":"ENTER_TEXT"}]}
RESULT: {"script":"<script> [776 bytes]","args":[{"enterText":"Z001","selector":{"controlType":"sap.m.Input","viewName":"etm.portal.ui.manageyards.view.New","viewId":"application-manageyards-display-component---NewYard","bindingPath":{"path":"","propertyPath":"/CONTROLLING_AREA","modelName":"NewYardModel"},"interaction":{"idSuffix":"inner"}},"clearTextFirst":true,"interactionType":"ENTER_TEXT"}]}
COMMAND: POST /session/668384e1c1f73f3d5461b9d538daca42/execute/async - {"script":"<script> [1562 bytes]","args":[{"selector":{"id":"application-manageyards-display-component---NewYard--companyCodeComboBox","interaction":{"idSuffix":"inner"}},"wdio_ui5_key":"applicationmanageyards-display-component---NewYard--companyCodeComboBox"}]}
RESULT: {"script":"<script> [1562 bytes]","args":[{"selector":{"id":"application-manageyards-display-component---NewYard--companyCodeComboBox","interaction":{"idSuffix":"inner"}},"wdio_ui5_key":"applicationmanageyards-display-component---NewYard--companyCodeComboBox"}]}
RESULT: undefined
COMMAND: POST /session/668384e1c1f73f3d5461b9d538daca42/execute/async - {"script":"<script> [776 bytes]","args":[{"enterText":"1000","selector":{"id":"application-manageyards-display-component---NewYard--companyCodeComboBox","interaction":{"idSuffix":"inner"}},"clearTextFirst":true,"interactionType":"ENTER_TEXT"}]}
RESULT: {"script":"<script> [776 bytes]","args":[{"enterText":"1000","selector":{"id":"application-manageyards-display-component---NewYard--companyCodeComboBox","interaction":{"idSuffix":"inner"}},"clearTextFirst":true,"interactionType":"ENTER_TEXT"}]}
COMMAND: POST /session/668384e1c1f73f3d5461b9d538daca42/actions - {"actions":[{"id":"action4","type":"key","parameters":{},"actions":[{"type":"keyDown","value":"î€‡"},{"type":"pause","duration":10},{"type":"keyUp","value":"î€‡"}]}]}
RESULT: {"actions":[{"id":"action4","type":"key","parameters":{},"actions":[{"type":"keyDown","value":"î€‡"},{"type":"pause","duration":10},{"type":"keyUp","value":"î€‡"}]}]}
COMMAND: POST /session/668384e1c1f73f3d5461b9d538daca42/execute/async - {"script":"<script> [1562 bytes]","args":[{"selector":{"controlType":"sap.m.Input","viewName":"etm.portal.ui.manageyards.view.New","viewId":"application-manageyards-display-component---NewYard","bindingPath":{"path":"","propertyPath":"/PLANT","modelName":"NewYardModel"},"interaction":{"idSuffix":"inner"}},"wdio_ui5_key":"etmportal.ui.manageyards.view.Newsap.m.Input{\"path\":\"\",\"propertyPath\":\"/PLANT\",\"modelName\":\"NewYardModel\"}"}]}
COMMAND: GET /session/668384e1c1f73f3d5461b9d538daca42/screenshot - {}
RESULT: {"script":"<script> [1562 bytes]","args":[{"selector":{"controlType":"sap.m.Input","viewName":"etm.portal.ui.manageyards.view.New","viewId":"application-manageyards-display-component---NewYard","bindingPath":{"path":"","propertyPath":"/PLANT","modelName":"NewYardModel"},"interaction":{"idSuffix":"inner"}},"wdio_ui5_key":"etmportal.ui.manageyards.view.Newsap.m.Input{\"path\":\"\",\"propertyPath\":\"/PLANT\",\"modelName\":\"NewYardModel\"}"}]}
RESULT: undefined
COMMAND: POST /session/668384e1c1f73f3d5461b9d538daca42/execute/async - {"script":"<script> [776 bytes]","args":[{"enterText":"1001","selector":{"controlType":"sap.m.Input","viewName":"etm.portal.ui.manageyards.view.New","viewId":"application-manageyards-display-component---NewYard","bindingPath":{"path":"","propertyPath":"/PLANT","modelName":"NewYardModel"},"interaction":{"idSuffix":"inner"}},"clearTextFirst":true,"interactionType":"ENTER_TEXT"}]}
RESULT: {}
RESULT: {"script":"<script> [776 bytes]","args":[{"enterText":"1001","selector":{"controlType":"sap.m.Input","viewName":"etm.portal.ui.manageyards.view.New","viewId":"application-manageyards-display-component---NewYard","bindingPath":{"path":"","propertyPath":"/PLANT","modelName":"NewYardModel"},"interaction":{"idSuffix":"inner"}},"clearTextFirst":true,"interactionType":"ENTER_TEXT"}]}
COMMAND: POST /session/668384e1c1f73f3d5461b9d538daca42/execute/async - {"script":"<script> [1562 bytes]","args":[{"selector":{"controlType":"sap.m.Input","viewName":"etm.portal.ui.manageyards.view.New","viewId":"application-manageyards-display-component---NewYard","bindingPath":{"path":"","propertyPath":"/SALES_AREA_VKORG","modelName":"NewYardModel"},"interaction":{"idSuffix":"inner"}},"wdio_ui5_key":"etmportal.ui.manageyards.view.Newsap.m.Input{\"path\":\"\",\"propertyPath\":\"/SALES_AREA_VKORG\",\"modelName\":\"NewYardModel\"}"}]}
RESULT: {"script":"<script> [1562 bytes]","args":[{"selector":{"controlType":"sap.m.Input","viewName":"etm.portal.ui.manageyards.view.New","viewId":"application-manageyards-display-component---NewYard","bindingPath":{"path":"","propertyPath":"/SALES_AREA_VKORG","modelName":"NewYardModel"},"interaction":{"idSuffix":"inner"}},"wdio_ui5_key":"etmportal.ui.manageyards.view.Newsap.m.Input{\"path\":\"\",\"propertyPath\":\"/SALES_AREA_VKORG\",\"modelName\":\"NewYardModel\"}"}]}
RESULT: undefined
COMMAND: POST /session/668384e1c1f73f3d5461b9d538daca42/execute/async - {"script":"<script> [776 bytes]","args":[{"enterText":"C002","selector":{"controlType":"sap.m.Input","viewName":"etm.portal.ui.manageyards.view.New","viewId":"application-manageyards-display-component---NewYard","bindingPath":{"path":"","propertyPath":"/SALES_AREA_VKORG","modelName":"NewYardModel"},"interaction":{"idSuffix":"inner"}},"clearTextFirst":true,"interactionType":"ENTER_TEXT"}]}
RESULT: {"script":"<script> [776 bytes]","args":[{"enterText":"C002","selector":{"controlType":"sap.m.Input","viewName":"etm.portal.ui.manageyards.view.New","viewId":"application-manageyards-display-component---NewYard","bindingPath":{"path":"","propertyPath":"/SALES_AREA_VKORG","modelName":"NewYardModel"},"interaction":{"idSuffix":"inner"}},"clearTextFirst":true,"interactionType":"ENTER_TEXT"}]}
COMMAND: POST /session/668384e1c1f73f3d5461b9d538daca42/execute/async - {"script":"<script> [1562 bytes]","args":[{"selector":{"controlType":"sap.m.Input","viewName":"etm.portal.ui.manageyards.view.New","viewId":"application-manageyards-display-component---NewYard","bindingPath":{"path":"","propertyPath":"/SALES_AREA_VTWEG","modelName":"NewYardModel"},"interaction":{"idSuffix":"inner"}},"wdio_ui5_key":"etmportal.ui.manageyards.view.Newsap.m.Input{\"path\":\"\",\"propertyPath\":\"/SALES_AREA_VTWEG\",\"modelName\":\"NewYardModel\"}"}]}
RESULT: {"script":"<script> [1562 bytes]","args":[{"selector":{"controlType":"sap.m.Input","viewName":"etm.portal.ui.manageyards.view.New","viewId":"application-manageyards-display-component---NewYard","bindingPath":{"path":"","propertyPath":"/SALES_AREA_VTWEG","modelName":"NewYardModel"},"interaction":{"idSuffix":"inner"}},"wdio_ui5_key":"etmportal.ui.manageyards.view.Newsap.m.Input{\"path\":\"\",\"propertyPath\":\"/SALES_AREA_VTWEG\",\"modelName\":\"NewYardModel\"}"}]}
RESULT: undefined
COMMAND: POST /session/668384e1c1f73f3d5461b9d538daca42/execute/async - {"script":"<script> [776 bytes]","args":[{"enterText":"C2","selector":{"controlType":"sap.m.Input","viewName":"etm.portal.ui.manageyards.view.New","viewId":"application-manageyards-display-component---NewYard","bindingPath":{"path":"","propertyPath":"/SALES_AREA_VTWEG","modelName":"NewYardModel"},"interaction":{"idSuffix":"inner"}},"clearTextFirst":true,"interactionType":"ENTER_TEXT"}]}
RESULT: {"script":"<script> [776 bytes]","args":[{"enterText":"C2","selector":{"controlType":"sap.m.Input","viewName":"etm.portal.ui.manageyards.view.New","viewId":"application-manageyards-display-component---NewYard","bindingPath":{"path":"","propertyPath":"/SALES_AREA_VTWEG","modelName":"NewYardModel"},"interaction":{"idSuffix":"inner"}},"clearTextFirst":true,"interactionType":"ENTER_TEXT"}]}
COMMAND: POST /session/668384e1c1f73f3d5461b9d538daca42/execute/async - {"script":"<script> [1562 bytes]","args":[{"selector":{"controlType":"sap.m.Input","viewName":"etm.portal.ui.manageyards.view.New","viewId":"application-manageyards-display-component---NewYard","bindingPath":{"path":"","propertyPath":"/SALES_AREA_SPART","modelName":"NewYardModel"},"interaction":{"idSuffix":"inner"}},"wdio_ui5_key":"etmportal.ui.manageyards.view.Newsap.m.Input{\"path\":\"\",\"propertyPath\":\"/SALES_AREA_SPART\",\"modelName\":\"NewYardModel\"}"}]}
RESULT: {"script":"<script> [1562 bytes]","args":[{"selector":{"controlType":"sap.m.Input","viewName":"etm.portal.ui.manageyards.view.New","viewId":"application-manageyards-display-component---NewYard","bindingPath":{"path":"","propertyPath":"/SALES_AREA_SPART","modelName":"NewYardModel"},"interaction":{"idSuffix":"inner"}},"wdio_ui5_key":"etmportal.ui.manageyards.view.Newsap.m.Input{\"path\":\"\",\"propertyPath\":\"/SALES_AREA_SPART\",\"modelName\":\"NewYardModel\"}"}]}
RESULT: undefined
COMMAND: POST /session/668384e1c1f73f3d5461b9d538daca42/execute/async - {"script":"<script> [776 bytes]","args":[{"enterText":"C2","selector":{"controlType":"sap.m.Input","viewName":"etm.portal.ui.manageyards.view.New","viewId":"application-manageyards-display-component---NewYard","bindingPath":{"path":"","propertyPath":"/SALES_AREA_SPART","modelName":"NewYardModel"},"interaction":{"idSuffix":"inner"}},"clearTextFirst":true,"interactionType":"ENTER_TEXT"}]}
RESULT: {"script":"<script> [776 bytes]","args":[{"enterText":"C2","selector":{"controlType":"sap.m.Input","viewName":"etm.portal.ui.manageyards.view.New","viewId":"application-manageyards-display-component---NewYard","bindingPath":{"path":"","propertyPath":"/SALES_AREA_SPART","modelName":"NewYardModel"},"interaction":{"idSuffix":"inner"}},"clearTextFirst":true,"interactionType":"ENTER_TEXT"}]}
COMMAND: POST /session/668384e1c1f73f3d5461b9d538daca42/execute/async - {"script":"<script> [1562 bytes]","args":[{"selector":{"id":"application-manageyards-display-component---NewYard--whmCheckBox","interaction":{"idSuffix":"CbBg"}},"wdio_ui5_key":"applicationmanageyards-display-component---NewYard--whmCheckBox"}]}
RESULT: {"script":"<script> [1562 bytes]","args":[{"selector":{"id":"application-manageyards-display-component---NewYard--whmCheckBox","interaction":{"idSuffix":"CbBg"}},"wdio_ui5_key":"applicationmanageyards-display-component---NewYard--whmCheckBox"}]}
RESULT: undefined
COMMAND: POST /session/668384e1c1f73f3d5461b9d538daca42/element - {"using":"xpath","value":"//*[@id=\"application-manageyards-display-component---NewYard--whmCheckBox\"]"}
RESULT: {"using":"xpath","value":"//*[@id=\"application-manageyards-display-component---NewYard--whmCheckBox\"]"}
COMMAND: POST /session/668384e1c1f73f3d5461b9d538daca42/element/f.F64AD31729AEE402AD374BC91D68D115.d.D0E75F84990E4A29B146AF4B59D3E4F0.e.727/click - {}
RESULT: {}
COMMAND: POST /session/668384e1c1f73f3d5461b9d538daca42/execute/async - {"script":"<script> [1562 bytes]","args":[{"selector":{"controlType":"sap.m.Button","viewName":"etm.portal.ui.manageyards.view.New","viewId":"application-manageyards-display-component---NewYard","i18NText":{"propertyName":"text","key":"save"},"interaction":{"idSuffix":"inner"}},"wdio_ui5_key":"etmportal.ui.manageyards.view.Newsap.m.Button{\"propertyName\":\"text\",\"key\":\"save\"}"}]}
COMMAND: GET /session/668384e1c1f73f3d5461b9d538daca42/screenshot - {}
RESULT: {"script":"<script> [1562 bytes]","args":[{"selector":{"controlType":"sap.m.Button","viewName":"etm.portal.ui.manageyards.view.New","viewId":"application-manageyards-display-component---NewYard","i18NText":{"propertyName":"text","key":"save"},"interaction":{"idSuffix":"inner"}},"wdio_ui5_key":"etmportal.ui.manageyards.view.Newsap.m.Button{\"propertyName\":\"text\",\"key\":\"save\"}"}]}
RESULT: undefined
COMMAND: POST /session/668384e1c1f73f3d5461b9d538daca42/element - {"using":"xpath","value":"//*[@id=\"__button18\"]"}
RESULT: {}
RESULT: {"using":"xpath","value":"//*[@id=\"__button18\"]"}
COMMAND: POST /session/668384e1c1f73f3d5461b9d538daca42/element/f.F64AD31729AEE402AD374BC91D68D115.d.D0E75F84990E4A29B146AF4B59D3E4F0.e.683/click - {}
RESULT: {}
COMMAND: GET /session/668384e1c1f73f3d5461b9d538daca42/screenshot - {}
RESULT: {}
COMMAND: POST /session/668384e1c1f73f3d5461b9d538daca42/element - {"using":"xpath","value":"//header/div/div/div/div/div/div[2]/div/span"}
RESULT: {"using":"xpath","value":"//header/div/div/div/div/div/div[2]/div/span"}
COMMAND: GET /session/668384e1c1f73f3d5461b9d538daca42/element/f.F64AD31729AEE402AD374BC91D68D115.d.D0E75F84990E4A29B146AF4B59D3E4F0.e.923/text - {}
RESULT: {}
COMMAND: POST /session/668384e1c1f73f3d5461b9d538daca42/element - {"using":"xpath","value":"//header/div/div[2]/div[2]/span"}
RESULT: {"using":"xpath","value":"//header/div/div[2]/div[2]/span"}
COMMAND: GET /session/668384e1c1f73f3d5461b9d538daca42/element/f.F64AD31729AEE402AD374BC91D68D115.d.D0E75F84990E4A29B146AF4B59D3E4F0.e.924/text - {}
RESULT: {}
]]></system-out>
    </testcase>
    <testcase classname="chrome.135_0_7049_96.windows.Stock_increase_-_with_WHM_US125587" name="Should create new whm partner" time="119.256">
      <system-out><![CDATA[
COMMAND: POST /session/668384e1c1f73f3d5461b9d538daca42/element - {"using":"css selector","value":"#shell-header-logo"}
RESULT: {"using":"css selector","value":"#shell-header-logo"}
COMMAND: POST /session/668384e1c1f73f3d5461b9d538daca42/element/f.F64AD31729AEE402AD374BC91D68D115.d.D0E75F84990E4A29B146AF4B59D3E4F0.e.239/click - {}
RESULT: {}
COMMAND: GET /session/668384e1c1f73f3d5461b9d538daca42/screenshot - {}
RESULT: {}
COMMAND: POST /session/668384e1c1f73f3d5461b9d538daca42/execute/async - {"script":"<script> [1562 bytes]","args":[{"selector":{"controlType":"sap.m.GenericTile","properties":{"header":"Manage Partners"}},"wdio_ui5_key":"sapm.GenericTile{\"header\":\"Manage Partners\"}"}]}
RESULT: {"script":"<script> [1562 bytes]","args":[{"selector":{"controlType":"sap.m.GenericTile","properties":{"header":"Manage Partners"}},"wdio_ui5_key":"sapm.GenericTile{\"header\":\"Manage Partners\"}"}]}
RESULT: undefined
COMMAND: POST /session/668384e1c1f73f3d5461b9d538daca42/element - {"using":"xpath","value":"//*[@id=\"__tile38\"]"}
RESULT: {"using":"xpath","value":"//*[@id=\"__tile38\"]"}
COMMAND: POST /session/668384e1c1f73f3d5461b9d538daca42/element/f.F64AD31729AEE402AD374BC91D68D115.d.D0E75F84990E4A29B146AF4B59D3E4F0.e.927/click - {}
RESULT: {}
COMMAND: GET /session/668384e1c1f73f3d5461b9d538daca42/screenshot - {}
RESULT: {}
COMMAND: POST /session/668384e1c1f73f3d5461b9d538daca42/refresh - {}
RESULT: {}
COMMAND: GET /session/668384e1c1f73f3d5461b9d538daca42/screenshot - {}
RESULT: {}
COMMAND: POST /session/668384e1c1f73f3d5461b9d538daca42/refresh - {}
RESULT: {}
COMMAND: GET /session/668384e1c1f73f3d5461b9d538daca42/screenshot - {}
RESULT: {}
COMMAND: POST /session/668384e1c1f73f3d5461b9d538daca42/window/fullscreen - {}
RESULT: {}
COMMAND: POST /session/668384e1c1f73f3d5461b9d538daca42/execute/async - {"script":"<script> [189 bytes]","args":[]}
RESULT: {"script":"<script> [189 bytes]","args":[]}
COMMAND: POST /session/668384e1c1f73f3d5461b9d538daca42/execute/async - {"script":"<script> [123 bytes]","args":[]}
RESULT: {"script":"<script> [123 bytes]","args":[]}
COMMAND: POST /session/668384e1c1f73f3d5461b9d538daca42/timeouts - {"script":"<number>"}
RESULT: {"script":"<number>"}
COMMAND: GET /session/668384e1c1f73f3d5461b9d538daca42/timeouts - {}
RESULT: {}
RESULT: undefined
COMMAND: POST /session/668384e1c1f73f3d5461b9d538daca42/execute/async - {"script":"<script> [2676 bytes]","args":[]}
RESULT: {"script":"<script> [2676 bytes]","args":[]}
COMMAND: POST /session/668384e1c1f73f3d5461b9d538daca42/execute/async - {"script":"<script> [2342 bytes]","args":[{"protocol":"http","hostname":"0.0.0.0","path":"/","capabilities":{"browserName":"chrome","goog:chromeOptions":{"binary":"C:\\Program Files\\Google\\Chrome\\Application\\chrome.exe","args":["--start-maximized"]}},"logLevel":"warn","connectionRetryTimeout":120000,"connectionRetryCount":3,"logLevels":{},"enableDirectConnect":true,"strictSSL":true,"_":"65 more keys: [\"cacheDir\",\"port\",\"requestedCapabilities\",\"automationProtocol\",\"baseUrl\",\"waitforInterval\",\"waitforTimeout\",\"onReload\",\"beforeCommand\",\"afterCommand\",\"rootDir\",\"specs\",\"suites\",\"exclude\",\"groupLogsByTestSpec\",\"excludeDriverLogs\",\"bail\",\"framework\",\"reporters\",\"services\",\"maxInstances\",\"maxInstancesPerCapability\",\"injectGlobals\",\"filesToWatch\",\"execArgv\",\"runnerEnv\",\"runner\",\"shard\",\"specFileRetries\",\"specFileRetriesDelay\",\"specFileRetriesDeferred\",\"reporterSyncInterval\",\"reporterSyncTimeout\",\"cucumberFeaturesWithLineNumbers\",\"autoCompileOpts\",\"mochaOpts\",\"jasmineOpts\",\"cucumberOpts\",\"onPrepare\",\"onWorkerStart\",\"onWorkerEnd\",\"before\",\"beforeSession\",\"beforeSuite\",\"beforeHook\",\"beforeTest\",\"afterTest\",\"afterHook\",\"afterSuite\",\"afterSession\",\"after\",\"onComplete\",\"beforeAssertion\",\"afterAssertion\",\"beforeFeature\",\"beforeScenario\",\"beforeStep\",\"afterStep\",\"afterScenario\",\"afterFeature\",\"_\",\"suite\",\"$0\",\"ignoredWorkerServices\",\"wdi5\"]"}]}
RESULT: {"script":"<script> [2342 bytes]","args":[{"protocol":"http","hostname":"0.0.0.0","path":"/","capabilities":{"browserName":"chrome","goog:chromeOptions":{"binary":"C:\\Program Files\\Google\\Chrome\\Application\\chrome.exe","args":["--start-maximized"]}},"logLevel":"warn","connectionRetryTimeout":120000,"connectionRetryCount":3,"logLevels":{},"enableDirectConnect":true,"strictSSL":true,"_":"65 more keys: [\"cacheDir\",\"port\",\"requestedCapabilities\",\"automationProtocol\",\"baseUrl\",\"waitforInterval\",\"waitforTimeout\",\"onReload\",\"beforeCommand\",\"afterCommand\",\"rootDir\",\"specs\",\"suites\",\"exclude\",\"groupLogsByTestSpec\",\"excludeDriverLogs\",\"bail\",\"framework\",\"reporters\",\"services\",\"maxInstances\",\"maxInstancesPerCapability\",\"injectGlobals\",\"filesToWatch\",\"execArgv\",\"runnerEnv\",\"runner\",\"shard\",\"specFileRetries\",\"specFileRetriesDelay\",\"specFileRetriesDeferred\",\"reporterSyncInterval\",\"reporterSyncTimeout\",\"cucumberFeaturesWithLineNumbers\",\"autoCompileOpts\",\"mochaOpts\",\"jasmineOpts\",\"cucumberOpts\",\"onPrepare\",\"onWorkerStart\",\"onWorkerEnd\",\"before\",\"beforeSession\",\"beforeSuite\",\"beforeHook\",\"beforeTest\",\"afterTest\",\"afterHook\",\"afterSuite\",\"afterSession\",\"after\",\"onComplete\",\"beforeAssertion\",\"afterAssertion\",\"beforeFeature\",\"beforeScenario\",\"beforeStep\",\"afterStep\",\"afterScenario\",\"afterFeature\",\"_\",\"suite\",\"$0\",\"ignoredWorkerServices\",\"wdi5\"]"}]}
COMMAND: POST /session/668384e1c1f73f3d5461b9d538daca42/execute/async - {"script":"<script> [21126 bytes]","args":[35000]}
RESULT: {"script":"<script> [21126 bytes]","args":[35000]}
COMMAND: POST /session/668384e1c1f73f3d5461b9d538daca42/execute/async - {"script":"<script> [1562 bytes]","args":[{"selector":{"controlType":"sap.ui.core.Icon","viewName":"etm.portal.ui.managepartners.view.Master","viewId":"application-managepartners-display-component---masterPtm","properties":{"src":{"regex":{"source":"add"}}}},"wdio_ui5_key":"etmportal.ui.managepartners.view.Mastersap.ui.core.Icon{\"src\":{\"regex\":{\"source\":\"add\"}}}"}]}
RESULT: {"script":"<script> [1562 bytes]","args":[{"selector":{"controlType":"sap.ui.core.Icon","viewName":"etm.portal.ui.managepartners.view.Master","viewId":"application-managepartners-display-component---masterPtm","properties":{"src":{"regex":{"source":"add"}}}},"wdio_ui5_key":"etmportal.ui.managepartners.view.Mastersap.ui.core.Icon{\"src\":{\"regex\":{\"source\":\"add\"}}}"}]}
RESULT: undefined
COMMAND: POST /session/668384e1c1f73f3d5461b9d538daca42/element - {"using":"xpath","value":"//*[@id=\"__button2-img\"]"}
RESULT: {"using":"xpath","value":"//*[@id=\"__button2-img\"]"}
COMMAND: POST /session/668384e1c1f73f3d5461b9d538daca42/element/f.F64AD31729AEE402AD374BC91D68D115.d.A8E1E80D0D11B483DED8AB5B29761872.e.996/click - {}
RESULT: {}
COMMAND: GET /session/668384e1c1f73f3d5461b9d538daca42/screenshot - {}
RESULT: {}
COMMAND: POST /session/668384e1c1f73f3d5461b9d538daca42/execute/async - {"script":"<script> [1562 bytes]","args":[{"selector":{"controlType":"sap.m.Title","viewName":"etm.portal.ui.managepartners.view.NewPartner","viewId":"application-managepartners-display-component---NewPartner","i18NText":{"propertyName":"text","key":"newPartner"},"interaction":{"idSuffix":"inner"}},"wdio_ui5_key":"etmportal.ui.managepartners.view.NewPartnersap.m.Title{\"propertyName\":\"text\",\"key\":\"newPartner\"}"}]}
RESULT: {"script":"<script> [1562 bytes]","args":[{"selector":{"controlType":"sap.m.Title","viewName":"etm.portal.ui.managepartners.view.NewPartner","viewId":"application-managepartners-display-component---NewPartner","i18NText":{"propertyName":"text","key":"newPartner"},"interaction":{"idSuffix":"inner"}},"wdio_ui5_key":"etmportal.ui.managepartners.view.NewPartnersap.m.Title{\"propertyName\":\"text\",\"key\":\"newPartner\"}"}]}
RESULT: undefined
COMMAND: POST /session/668384e1c1f73f3d5461b9d538daca42/execute/async - {"script":"<script> [6424 bytes]","args":[{"element-6066-11e4-a52e-4f735466cecf":"f.F64AD31729AEE402AD374BC91D68D115.d.A8E1E80D0D11B483DED8AB5B29761872.e.1425"},"getText",[]]}
RESULT: {"script":"<script> [6424 bytes]","args":[{"element-6066-11e4-a52e-4f735466cecf":"f.F64AD31729AEE402AD374BC91D68D115.d.A8E1E80D0D11B483DED8AB5B29761872.e.1425"},"getText",[]]}
COMMAND: POST /session/668384e1c1f73f3d5461b9d538daca42/execute/async - {"script":"<script> [1562 bytes]","args":[{"selector":{"id":"application-managepartners-display-component---NewPartner--partnerId","interaction":{"idSuffix":"inner"}},"wdio_ui5_key":"applicationmanagepartners-display-component---NewPartner--partnerId"}]}
RESULT: {"script":"<script> [1562 bytes]","args":[{"selector":{"id":"application-managepartners-display-component---NewPartner--partnerId","interaction":{"idSuffix":"inner"}},"wdio_ui5_key":"applicationmanagepartners-display-component---NewPartner--partnerId"}]}
RESULT: undefined
COMMAND: POST /session/668384e1c1f73f3d5461b9d538daca42/execute/async - {"script":"<script> [1562 bytes]","args":[{"selector":{"id":"application-managepartners-display-component---NewPartner--addressDetailDetailsName1","interaction":{"idSuffix":"inner"}},"wdio_ui5_key":"applicationmanagepartners-display-component---NewPartner--addressDetailDetailsName1"}]}
RESULT: {"script":"<script> [1562 bytes]","args":[{"selector":{"id":"application-managepartners-display-component---NewPartner--addressDetailDetailsName1","interaction":{"idSuffix":"inner"}},"wdio_ui5_key":"applicationmanagepartners-display-component---NewPartner--addressDetailDetailsName1"}]}
RESULT: undefined
COMMAND: POST /session/668384e1c1f73f3d5461b9d538daca42/execute/async - {"script":"<script> [776 bytes]","args":[{"enterText":"WebdriverWHMPartnerb0a1n","selector":{"id":"application-managepartners-display-component---NewPartner--addressDetailDetailsName1","interaction":{"idSuffix":"inner"}},"clearTextFirst":true,"interactionType":"ENTER_TEXT"}]}
RESULT: {"script":"<script> [776 bytes]","args":[{"enterText":"WebdriverWHMPartnerb0a1n","selector":{"id":"application-managepartners-display-component---NewPartner--addressDetailDetailsName1","interaction":{"idSuffix":"inner"}},"clearTextFirst":true,"interactionType":"ENTER_TEXT"}]}
COMMAND: POST /session/668384e1c1f73f3d5461b9d538daca42/execute/async - {"script":"<script> [1562 bytes]","args":[{"selector":{"id":"application-managepartners-display-component---NewPartner--addressDetailDetailsLanguage","interaction":{"idSuffix":"inner"}},"wdio_ui5_key":"applicationmanagepartners-display-component---NewPartner--addressDetailDetailsLanguage"}]}
RESULT: {"script":"<script> [1562 bytes]","args":[{"selector":{"id":"application-managepartners-display-component---NewPartner--addressDetailDetailsLanguage","interaction":{"idSuffix":"inner"}},"wdio_ui5_key":"applicationmanagepartners-display-component---NewPartner--addressDetailDetailsLanguage"}]}
RESULT: undefined
COMMAND: POST /session/668384e1c1f73f3d5461b9d538daca42/execute/async - {"script":"<script> [776 bytes]","args":[{"enterText":"Romanian","selector":{"id":"application-managepartners-display-component---NewPartner--addressDetailDetailsLanguage","interaction":{"idSuffix":"inner"}},"clearTextFirst":true,"interactionType":"ENTER_TEXT"}]}
RESULT: {"script":"<script> [776 bytes]","args":[{"enterText":"Romanian","selector":{"id":"application-managepartners-display-component---NewPartner--addressDetailDetailsLanguage","interaction":{"idSuffix":"inner"}},"clearTextFirst":true,"interactionType":"ENTER_TEXT"}]}
COMMAND: POST /session/668384e1c1f73f3d5461b9d538daca42/execute/async - {"script":"<script> [1562 bytes]","args":[{"selector":{"controlType":"sap.m.StandardListItem","viewName":"etm.portal.ui.managepartners.view.NewPartner","viewId":"application-managepartners-display-component---NewPartner","properties":{"type":"Active"},"searchOpenDialogs":true,"interaction":{"idSuffix":"content"}},"wdio_ui5_key":"etmportal.ui.managepartners.view.NewPartnersap.m.StandardListItem{\"type\":\"Active\"}"}]}
RESULT: {"script":"<script> [1562 bytes]","args":[{"selector":{"controlType":"sap.m.StandardListItem","viewName":"etm.portal.ui.managepartners.view.NewPartner","viewId":"application-managepartners-display-component---NewPartner","properties":{"type":"Active"},"searchOpenDialogs":true,"interaction":{"idSuffix":"content"}},"wdio_ui5_key":"etmportal.ui.managepartners.view.NewPartnersap.m.StandardListItem{\"type\":\"Active\"}"}]}
RESULT: undefined
COMMAND: POST /session/668384e1c1f73f3d5461b9d538daca42/element - {"using":"xpath","value":"//*[@id=\"__item131\"]"}
RESULT: {"using":"xpath","value":"//*[@id=\"__item131\"]"}
COMMAND: POST /session/668384e1c1f73f3d5461b9d538daca42/element/f.F64AD31729AEE402AD374BC91D68D115.d.A8E1E80D0D11B483DED8AB5B29761872.e.1429/click - {}
RESULT: {}
COMMAND: POST /session/668384e1c1f73f3d5461b9d538daca42/execute/async - {"script":"<script> [1562 bytes]","args":[{"selector":{"id":"application-managepartners-display-component---NewPartner--addressDetailDetailsCity1","interaction":{"idSuffix":"inner"}},"wdio_ui5_key":"applicationmanagepartners-display-component---NewPartner--addressDetailDetailsCity1"}]}
COMMAND: GET /session/668384e1c1f73f3d5461b9d538daca42/screenshot - {}
RESULT: {"script":"<script> [1562 bytes]","args":[{"selector":{"id":"application-managepartners-display-component---NewPartner--addressDetailDetailsCity1","interaction":{"idSuffix":"inner"}},"wdio_ui5_key":"applicationmanagepartners-display-component---NewPartner--addressDetailDetailsCity1"}]}
RESULT: undefined
COMMAND: POST /session/668384e1c1f73f3d5461b9d538daca42/execute/async - {"script":"<script> [776 bytes]","args":[{"enterText":"Cluj","selector":{"id":"application-managepartners-display-component---NewPartner--addressDetailDetailsCity1","interaction":{"idSuffix":"inner"}},"clearTextFirst":true,"interactionType":"ENTER_TEXT"}]}
RESULT: {}
RESULT: {"script":"<script> [776 bytes]","args":[{"enterText":"Cluj","selector":{"id":"application-managepartners-display-component---NewPartner--addressDetailDetailsCity1","interaction":{"idSuffix":"inner"}},"clearTextFirst":true,"interactionType":"ENTER_TEXT"}]}
COMMAND: POST /session/668384e1c1f73f3d5461b9d538daca42/execute/async - {"script":"<script> [1562 bytes]","args":[{"selector":{"id":"application-managepartners-display-component---NewPartner--addressDetailDetailsCountry","interaction":{"idSuffix":"inner"}},"wdio_ui5_key":"applicationmanagepartners-display-component---NewPartner--addressDetailDetailsCountry"}]}
RESULT: {"script":"<script> [1562 bytes]","args":[{"selector":{"id":"application-managepartners-display-component---NewPartner--addressDetailDetailsCountry","interaction":{"idSuffix":"inner"}},"wdio_ui5_key":"applicationmanagepartners-display-component---NewPartner--addressDetailDetailsCountry"}]}
RESULT: undefined
COMMAND: POST /session/668384e1c1f73f3d5461b9d538daca42/execute/async - {"script":"<script> [6424 bytes]","args":[{"element-6066-11e4-a52e-4f735466cecf":"f.F64AD31729AEE402AD374BC91D68D115.d.A8E1E80D0D11B483DED8AB5B29761872.e.1263"},"setValue",["Romania"]]}
RESULT: {"script":"<script> [6424 bytes]","args":[{"element-6066-11e4-a52e-4f735466cecf":"f.F64AD31729AEE402AD374BC91D68D115.d.A8E1E80D0D11B483DED8AB5B29761872.e.1263"},"setValue",["Romania"]]}
COMMAND: POST /session/668384e1c1f73f3d5461b9d538daca42/execute/async - {"script":"<script> [1562 bytes]","args":[{"selector":{"id":"application-managepartners-display-component---NewPartner--partnerDetailInternal","interaction":{"idSuffix":"inner"}},"wdio_ui5_key":"applicationmanagepartners-display-component---NewPartner--partnerDetailInternal"}]}
RESULT: {"script":"<script> [1562 bytes]","args":[{"selector":{"id":"application-managepartners-display-component---NewPartner--partnerDetailInternal","interaction":{"idSuffix":"inner"}},"wdio_ui5_key":"applicationmanagepartners-display-component---NewPartner--partnerDetailInternal"}]}
RESULT: undefined
COMMAND: POST /session/668384e1c1f73f3d5461b9d538daca42/execute/async - {"script":"<script> [776 bytes]","args":[{"enterText":"External partner","selector":{"id":"application-managepartners-display-component---NewPartner--partnerDetailInternal","interaction":{"idSuffix":"inner"}},"clearTextFirst":true,"interactionType":"ENTER_TEXT"}]}
RESULT: {"script":"<script> [776 bytes]","args":[{"enterText":"External partner","selector":{"id":"application-managepartners-display-component---NewPartner--partnerDetailInternal","interaction":{"idSuffix":"inner"}},"clearTextFirst":true,"interactionType":"ENTER_TEXT"}]}
COMMAND: POST /session/668384e1c1f73f3d5461b9d538daca42/execute/async - {"script":"<script> [1562 bytes]","args":[{"selector":{"id":"application-managepartners-display-component---NewPartner--partnerDetailsCurrency","interaction":{"idSuffix":"inner"}},"wdio_ui5_key":"applicationmanagepartners-display-component---NewPartner--partnerDetailsCurrency"}]}
RESULT: {"script":"<script> [1562 bytes]","args":[{"selector":{"id":"application-managepartners-display-component---NewPartner--partnerDetailsCurrency","interaction":{"idSuffix":"inner"}},"wdio_ui5_key":"applicationmanagepartners-display-component---NewPartner--partnerDetailsCurrency"}]}
RESULT: undefined
COMMAND: POST /session/668384e1c1f73f3d5461b9d538daca42/execute/async - {"script":"<script> [776 bytes]","args":[{"enterText":"Euro","selector":{"id":"application-managepartners-display-component---NewPartner--partnerDetailsCurrency","interaction":{"idSuffix":"inner"}},"clearTextFirst":true,"interactionType":"ENTER_TEXT"}]}
RESULT: {"script":"<script> [776 bytes]","args":[{"enterText":"Euro","selector":{"id":"application-managepartners-display-component---NewPartner--partnerDetailsCurrency","interaction":{"idSuffix":"inner"}},"clearTextFirst":true,"interactionType":"ENTER_TEXT"}]}
COMMAND: POST /session/668384e1c1f73f3d5461b9d538daca42/execute/async - {"script":"<script> [1562 bytes]","args":[{"selector":{"controlType":"sap.m.Button","viewName":"etm.portal.ui.managepartners.view.NewPartner","viewId":"application-managepartners-display-component---NewPartner","properties":{"text":"Commercial"},"interaction":{"idSuffix":"BDI-content"}},"wdio_ui5_key":"etmportal.ui.managepartners.view.NewPartnersap.m.Button{\"text\":\"Commercial\"}"}]}
RESULT: {"script":"<script> [1562 bytes]","args":[{"selector":{"controlType":"sap.m.Button","viewName":"etm.portal.ui.managepartners.view.NewPartner","viewId":"application-managepartners-display-component---NewPartner","properties":{"text":"Commercial"},"interaction":{"idSuffix":"BDI-content"}},"wdio_ui5_key":"etmportal.ui.managepartners.view.NewPartnersap.m.Button{\"text\":\"Commercial\"}"}]}
RESULT: undefined
COMMAND: POST /session/668384e1c1f73f3d5461b9d538daca42/element - {"using":"xpath","value":"//*[@id=\"application-managepartners-display-component---NewPartner--ObjectPageLayout-anchBar-__section5-anchor\"]"}
RESULT: {"using":"xpath","value":"//*[@id=\"application-managepartners-display-component---NewPartner--ObjectPageLayout-anchBar-__section5-anchor\"]"}
COMMAND: POST /session/668384e1c1f73f3d5461b9d538daca42/element/f.F64AD31729AEE402AD374BC91D68D115.d.A8E1E80D0D11B483DED8AB5B29761872.e.1435/click - {}
RESULT: {}
COMMAND: GET /session/668384e1c1f73f3d5461b9d538daca42/screenshot - {}
RESULT: {}
COMMAND: POST /session/668384e1c1f73f3d5461b9d538daca42/execute/async - {"script":"<script> [1562 bytes]","args":[{"selector":{"id":"application-managepartners-display-component---NewPartner--btnAddTableRow-img"},"wdio_ui5_key":"applicationmanagepartners-display-component---NewPartner--btnAddTableRow-img"}]}
RESULT: {"script":"<script> [1562 bytes]","args":[{"selector":{"id":"application-managepartners-display-component---NewPartner--btnAddTableRow-img"},"wdio_ui5_key":"applicationmanagepartners-display-component---NewPartner--btnAddTableRow-img"}]}
RESULT: undefined
COMMAND: POST /session/668384e1c1f73f3d5461b9d538daca42/element - {"using":"xpath","value":"//*[@id=\"application-managepartners-display-component---NewPartner--btnAddTableRow-img\"]"}
RESULT: {"using":"xpath","value":"//*[@id=\"application-managepartners-display-component---NewPartner--btnAddTableRow-img\"]"}
COMMAND: POST /session/668384e1c1f73f3d5461b9d538daca42/element/f.F64AD31729AEE402AD374BC91D68D115.d.A8E1E80D0D11B483DED8AB5B29761872.e.1440/click - {}
RESULT: {}
COMMAND: POST /session/668384e1c1f73f3d5461b9d538daca42/element - {"using":"xpath","value":"//input[contains(@id ,\"application-managepartners-display-component---NewPartner--assignmentYard-application-managepartners-display-component---NewPartner\")]"}
COMMAND: GET /session/668384e1c1f73f3d5461b9d538daca42/screenshot - {}
RESULT: {"using":"xpath","value":"//input[contains(@id ,\"application-managepartners-display-component---NewPartner--assignmentYard-application-managepartners-display-component---NewPartner\")]"}
COMMAND: POST /session/668384e1c1f73f3d5461b9d538daca42/elements - {"using":"xpath","value":"//input[contains(@id ,\"application-managepartners-display-component---NewPartner--assignmentYard-application-managepartners-display-component---NewPartner\")]"}
RESULT: {}
RESULT: {"using":"xpath","value":"//input[contains(@id ,\"application-managepartners-display-component---NewPartner--assignmentYard-application-managepartners-display-component---NewPartner\")]"}
COMMAND: POST /session/668384e1c1f73f3d5461b9d538daca42/element/f.F64AD31729AEE402AD374BC91D68D115.d.A8E1E80D0D11B483DED8AB5B29761872.e.1443/value - {"text":"289"}
RESULT: {"text":"289"}
COMMAND: GET /session/668384e1c1f73f3d5461b9d538daca42/screenshot - {}
RESULT: {}
COMMAND: POST /session/668384e1c1f73f3d5461b9d538daca42/actions - {"actions":[{"id":"action5","type":"key","parameters":{},"actions":[{"type":"keyDown","value":"î€‡"},{"type":"pause","duration":10},{"type":"keyUp","value":"î€‡"}]}]}
RESULT: {"actions":[{"id":"action5","type":"key","parameters":{},"actions":[{"type":"keyDown","value":"î€‡"},{"type":"pause","duration":10},{"type":"keyUp","value":"î€‡"}]}]}
COMMAND: POST /session/668384e1c1f73f3d5461b9d538daca42/execute/async - {"script":"<script> [1562 bytes]","args":[{"selector":{"controlType":"sap.m.Button","viewName":"etm.portal.ui.managepartners.view.NewPartner","viewId":"application-managepartners-display-component---NewPartner","i18NText":{"propertyName":"text","key":"save"},"interaction":{"idSuffix":"BDI-content"}},"wdio_ui5_key":"etmportal.ui.managepartners.view.NewPartnersap.m.Button{\"propertyName\":\"text\",\"key\":\"save\"}"}]}
COMMAND: GET /session/668384e1c1f73f3d5461b9d538daca42/screenshot - {}
RESULT: {"script":"<script> [1562 bytes]","args":[{"selector":{"controlType":"sap.m.Button","viewName":"etm.portal.ui.managepartners.view.NewPartner","viewId":"application-managepartners-display-component---NewPartner","i18NText":{"propertyName":"text","key":"save"},"interaction":{"idSuffix":"BDI-content"}},"wdio_ui5_key":"etmportal.ui.managepartners.view.NewPartnersap.m.Button{\"propertyName\":\"text\",\"key\":\"save\"}"}]}
RESULT: undefined
COMMAND: POST /session/668384e1c1f73f3d5461b9d538daca42/element - {"using":"xpath","value":"//*[@id=\"__button10\"]"}
RESULT: {}
RESULT: {"using":"xpath","value":"//*[@id=\"__button10\"]"}
COMMAND: POST /session/668384e1c1f73f3d5461b9d538daca42/element/f.F64AD31729AEE402AD374BC91D68D115.d.A8E1E80D0D11B483DED8AB5B29761872.e.1418/click - {}
RESULT: {}
COMMAND: GET /session/668384e1c1f73f3d5461b9d538daca42/screenshot - {}
RESULT: {}
COMMAND: POST /session/668384e1c1f73f3d5461b9d538daca42/element - {"using":"xpath","value":"//header/div/div[2]/div[2]/span"}
RESULT: {"using":"xpath","value":"//header/div/div[2]/div[2]/span"}
COMMAND: POST /session/668384e1c1f73f3d5461b9d538daca42/elements - {"using":"xpath","value":"//header/div/div[2]/div[2]/span"}
RESULT: {"using":"xpath","value":"//header/div/div[2]/div[2]/span"}
COMMAND: POST /session/668384e1c1f73f3d5461b9d538daca42/execute/sync - {"script":"<script> [8489 bytes]","args":[{"element-6066-11e4-a52e-4f735466cecf":"f.F64AD31729AEE402AD374BC91D68D115.d.A8E1E80D0D11B483DED8AB5B29761872.e.1614","ELEMENT":"f.F64AD31729AEE402AD374BC91D68D115.d.A8E1E80D0D11B483DED8AB5B29761872.e.1614"}]}
RESULT: {"script":"<script> [8489 bytes]","args":[{"element-6066-11e4-a52e-4f735466cecf":"f.F64AD31729AEE402AD374BC91D68D115.d.A8E1E80D0D11B483DED8AB5B29761872.e.1614","ELEMENT":"f.F64AD31729AEE402AD374BC91D68D115.d.A8E1E80D0D11B483DED8AB5B29761872.e.1614"}]}
COMMAND: GET /session/668384e1c1f73f3d5461b9d538daca42/element/f.F64AD31729AEE402AD374BC91D68D115.d.A8E1E80D0D11B483DED8AB5B29761872.e.1614/text - {}
COMMAND: GET /session/668384e1c1f73f3d5461b9d538daca42/screenshot - {}
RESULT: {}
COMMAND: POST /session/668384e1c1f73f3d5461b9d538daca42/element - {"using":"xpath","value":"//header/div/div/div/div/div/div[2]/div/span"}
RESULT: {}
RESULT: {"using":"xpath","value":"//header/div/div/div/div/div/div[2]/div/span"}
COMMAND: POST /session/668384e1c1f73f3d5461b9d538daca42/elements - {"using":"xpath","value":"//header/div/div/div/div/div/div[2]/div/span"}
RESULT: {"using":"xpath","value":"//header/div/div/div/div/div/div[2]/div/span"}
COMMAND: POST /session/668384e1c1f73f3d5461b9d538daca42/execute/sync - {"script":"<script> [8489 bytes]","args":[{"element-6066-11e4-a52e-4f735466cecf":"f.F64AD31729AEE402AD374BC91D68D115.d.A8E1E80D0D11B483DED8AB5B29761872.e.1615","ELEMENT":"f.F64AD31729AEE402AD374BC91D68D115.d.A8E1E80D0D11B483DED8AB5B29761872.e.1615"}]}
RESULT: {"script":"<script> [8489 bytes]","args":[{"element-6066-11e4-a52e-4f735466cecf":"f.F64AD31729AEE402AD374BC91D68D115.d.A8E1E80D0D11B483DED8AB5B29761872.e.1615","ELEMENT":"f.F64AD31729AEE402AD374BC91D68D115.d.A8E1E80D0D11B483DED8AB5B29761872.e.1615"}]}
COMMAND: GET /session/668384e1c1f73f3d5461b9d538daca42/element/f.F64AD31729AEE402AD374BC91D68D115.d.A8E1E80D0D11B483DED8AB5B29761872.e.1615/text - {}
COMMAND: GET /session/668384e1c1f73f3d5461b9d538daca42/screenshot - {}
RESULT: {}
]]></system-out>
    </testcase>
    <testcase classname="chrome.135_0_7049_96.windows.Stock_increase_-_with_WHM_US125587" name="Should create WHM site" time="92.964">
      <system-out><![CDATA[
COMMAND: POST /session/668384e1c1f73f3d5461b9d538daca42/element - {"using":"css selector","value":"#shell-header-logo"}
RESULT: {}
RESULT: {"using":"css selector","value":"#shell-header-logo"}
COMMAND: POST /session/668384e1c1f73f3d5461b9d538daca42/element/f.F64AD31729AEE402AD374BC91D68D115.d.A8E1E80D0D11B483DED8AB5B29761872.e.945/click - {}
RESULT: {}
COMMAND: GET /session/668384e1c1f73f3d5461b9d538daca42/screenshot - {}
COMMAND: POST /session/668384e1c1f73f3d5461b9d538daca42/execute/async - {"script":"<script> [1562 bytes]","args":[{"selector":{"controlType":"sap.m.GenericTile","properties":{"header":"Manage Sites"}},"wdio_ui5_key":"sapm.GenericTile{\"header\":\"Manage Sites\"}"}]}
RESULT: {}
RESULT: {"script":"<script> [1562 bytes]","args":[{"selector":{"controlType":"sap.m.GenericTile","properties":{"header":"Manage Sites"}},"wdio_ui5_key":"sapm.GenericTile{\"header\":\"Manage Sites\"}"}]}
RESULT: undefined
COMMAND: POST /session/668384e1c1f73f3d5461b9d538daca42/element - {"using":"xpath","value":"//*[@id=\"__tile51\"]"}
RESULT: {"using":"xpath","value":"//*[@id=\"__tile51\"]"}
COMMAND: POST /session/668384e1c1f73f3d5461b9d538daca42/element/f.F64AD31729AEE402AD374BC91D68D115.d.A8E1E80D0D11B483DED8AB5B29761872.e.1629/click - {}
RESULT: {}
COMMAND: GET /session/668384e1c1f73f3d5461b9d538daca42/screenshot - {}
RESULT: {}
COMMAND: POST /session/668384e1c1f73f3d5461b9d538daca42/execute/async - {"script":"<script> [1562 bytes]","args":[{"selector":{"controlType":"sap.ui.core.Icon","viewName":"etm.portal.ui.managesites.view.Master","viewId":"application-managesites-display-component---masterSite","properties":{"src":{"regex":{"source":"add"}}}},"wdio_ui5_key":"etmportal.ui.managesites.view.Mastersap.ui.core.Icon{\"src\":{\"regex\":{\"source\":\"add\"}}}"}]}
RESULT: {"script":"<script> [1562 bytes]","args":[{"selector":{"controlType":"sap.ui.core.Icon","viewName":"etm.portal.ui.managesites.view.Master","viewId":"application-managesites-display-component---masterSite","properties":{"src":{"regex":{"source":"add"}}}},"wdio_ui5_key":"etmportal.ui.managesites.view.Mastersap.ui.core.Icon{\"src\":{\"regex\":{\"source\":\"add\"}}}"}]}
RESULT: undefined
COMMAND: POST /session/668384e1c1f73f3d5461b9d538daca42/element - {"using":"xpath","value":"//*[@id=\"__button52-img\"]"}
RESULT: {"using":"xpath","value":"//*[@id=\"__button52-img\"]"}
COMMAND: POST /session/668384e1c1f73f3d5461b9d538daca42/element/f.F64AD31729AEE402AD374BC91D68D115.d.A8E1E80D0D11B483DED8AB5B29761872.e.1679/click - {}
RESULT: {}
COMMAND: GET /session/668384e1c1f73f3d5461b9d538daca42/screenshot - {}
COMMAND: POST /session/668384e1c1f73f3d5461b9d538daca42/execute/async - {"script":"<script> [1562 bytes]","args":[{"selector":{"id":"application-managesites-display-component---NewSite--siteId","interaction":{"idSuffix":"inner"}},"wdio_ui5_key":"applicationmanagesites-display-component---NewSite--siteId"}]}
RESULT: {}
RESULT: {"script":"<script> [1562 bytes]","args":[{"selector":{"id":"application-managesites-display-component---NewSite--siteId","interaction":{"idSuffix":"inner"}},"wdio_ui5_key":"applicationmanagesites-display-component---NewSite--siteId"}]}
RESULT: undefined
COMMAND: POST /session/668384e1c1f73f3d5461b9d538daca42/execute/async - {"script":"<script> [1562 bytes]","args":[{"selector":{"controlType":"sap.m.Button","viewName":"etm.portal.ui.managesites.view.NewSmartSite","viewId":"application-managesites-display-component---NewSite","properties":{"text":"General Information"},"interaction":{"idSuffix":"BDI-content"}},"wdio_ui5_key":"etmportal.ui.managesites.view.NewSmartSitesap.m.Button{\"text\":\"General Information\"}"}]}
RESULT: {"script":"<script> [1562 bytes]","args":[{"selector":{"controlType":"sap.m.Button","viewName":"etm.portal.ui.managesites.view.NewSmartSite","viewId":"application-managesites-display-component---NewSite","properties":{"text":"General Information"},"interaction":{"idSuffix":"BDI-content"}},"wdio_ui5_key":"etmportal.ui.managesites.view.NewSmartSitesap.m.Button{\"text\":\"General Information\"}"}]}
RESULT: undefined
COMMAND: POST /session/668384e1c1f73f3d5461b9d538daca42/element - {"using":"xpath","value":"//*[@id=\"application-managesites-display-component---NewSite--ObjectPageLayout-anchBar-__section29-anchor\"]"}
RESULT: {"using":"xpath","value":"//*[@id=\"application-managesites-display-component---NewSite--ObjectPageLayout-anchBar-__section29-anchor\"]"}
COMMAND: POST /session/668384e1c1f73f3d5461b9d538daca42/element/f.F64AD31729AEE402AD374BC91D68D115.d.A8E1E80D0D11B483DED8AB5B29761872.e.2074/click - {}
RESULT: {}
COMMAND: POST /session/668384e1c1f73f3d5461b9d538daca42/execute/async - {"script":"<script> [1562 bytes]","args":[{"selector":{"id":"application-managesites-display-component---NewSite--addressDetailDetailsName1","interaction":{"idSuffix":"inner"}},"wdio_ui5_key":"applicationmanagesites-display-component---NewSite--addressDetailDetailsName1"}]}
COMMAND: GET /session/668384e1c1f73f3d5461b9d538daca42/screenshot - {}
RESULT: {"script":"<script> [1562 bytes]","args":[{"selector":{"id":"application-managesites-display-component---NewSite--addressDetailDetailsName1","interaction":{"idSuffix":"inner"}},"wdio_ui5_key":"applicationmanagesites-display-component---NewSite--addressDetailDetailsName1"}]}
RESULT: undefined
COMMAND: POST /session/668384e1c1f73f3d5461b9d538daca42/execute/async - {"script":"<script> [776 bytes]","args":[{"enterText":"WebdriverWHMSiteb0a1n","selector":{"id":"application-managesites-display-component---NewSite--addressDetailDetailsName1","interaction":{"idSuffix":"inner"}},"clearTextFirst":true,"interactionType":"ENTER_TEXT"}]}
RESULT: {}
RESULT: {"script":"<script> [776 bytes]","args":[{"enterText":"WebdriverWHMSiteb0a1n","selector":{"id":"application-managesites-display-component---NewSite--addressDetailDetailsName1","interaction":{"idSuffix":"inner"}},"clearTextFirst":true,"interactionType":"ENTER_TEXT"}]}
COMMAND: POST /session/668384e1c1f73f3d5461b9d538daca42/execute/async - {"script":"<script> [1562 bytes]","args":[{"selector":{"id":"application-managesites-display-component---NewSite--addressDetailDetailsLanguage","interaction":{"idSuffix":"inner"}},"wdio_ui5_key":"applicationmanagesites-display-component---NewSite--addressDetailDetailsLanguage"}]}
RESULT: {"script":"<script> [1562 bytes]","args":[{"selector":{"id":"application-managesites-display-component---NewSite--addressDetailDetailsLanguage","interaction":{"idSuffix":"inner"}},"wdio_ui5_key":"applicationmanagesites-display-component---NewSite--addressDetailDetailsLanguage"}]}
RESULT: undefined
COMMAND: POST /session/668384e1c1f73f3d5461b9d538daca42/execute/async - {"script":"<script> [776 bytes]","args":[{"enterText":"Romanian","selector":{"id":"application-managesites-display-component---NewSite--addressDetailDetailsLanguage","interaction":{"idSuffix":"inner"}},"clearTextFirst":true,"interactionType":"ENTER_TEXT"}]}
RESULT: {"script":"<script> [776 bytes]","args":[{"enterText":"Romanian","selector":{"id":"application-managesites-display-component---NewSite--addressDetailDetailsLanguage","interaction":{"idSuffix":"inner"}},"clearTextFirst":true,"interactionType":"ENTER_TEXT"}]}
COMMAND: POST /session/668384e1c1f73f3d5461b9d538daca42/actions - {"actions":[{"id":"action6","type":"key","parameters":{},"actions":[{"type":"keyDown","value":"î€‡"},{"type":"pause","duration":10},{"type":"keyUp","value":"î€‡"}]}]}
RESULT: {"actions":[{"id":"action6","type":"key","parameters":{},"actions":[{"type":"keyDown","value":"î€‡"},{"type":"pause","duration":10},{"type":"keyUp","value":"î€‡"}]}]}
COMMAND: POST /session/668384e1c1f73f3d5461b9d538daca42/execute/async - {"script":"<script> [1562 bytes]","args":[{"selector":{"id":"application-managesites-display-component---NewSite--addressDetailDetailsCity1","interaction":{"idSuffix":"inner"}},"wdio_ui5_key":"applicationmanagesites-display-component---NewSite--addressDetailDetailsCity1"}]}
COMMAND: GET /session/668384e1c1f73f3d5461b9d538daca42/screenshot - {}
RESULT: {"script":"<script> [1562 bytes]","args":[{"selector":{"id":"application-managesites-display-component---NewSite--addressDetailDetailsCity1","interaction":{"idSuffix":"inner"}},"wdio_ui5_key":"applicationmanagesites-display-component---NewSite--addressDetailDetailsCity1"}]}
RESULT: undefined
COMMAND: POST /session/668384e1c1f73f3d5461b9d538daca42/execute/async - {"script":"<script> [776 bytes]","args":[{"enterText":"Bucharest","selector":{"id":"application-managesites-display-component---NewSite--addressDetailDetailsCity1","interaction":{"idSuffix":"inner"}},"clearTextFirst":true,"interactionType":"ENTER_TEXT"}]}
RESULT: {}
RESULT: {"script":"<script> [776 bytes]","args":[{"enterText":"Bucharest","selector":{"id":"application-managesites-display-component---NewSite--addressDetailDetailsCity1","interaction":{"idSuffix":"inner"}},"clearTextFirst":true,"interactionType":"ENTER_TEXT"}]}
COMMAND: POST /session/668384e1c1f73f3d5461b9d538daca42/actions - {"actions":[{"id":"action7","type":"key","parameters":{},"actions":[{"type":"keyDown","value":"î€‡"},{"type":"pause","duration":10},{"type":"keyUp","value":"î€‡"}]}]}
RESULT: {"actions":[{"id":"action7","type":"key","parameters":{},"actions":[{"type":"keyDown","value":"î€‡"},{"type":"pause","duration":10},{"type":"keyUp","value":"î€‡"}]}]}
COMMAND: POST /session/668384e1c1f73f3d5461b9d538daca42/execute/async - {"script":"<script> [1562 bytes]","args":[{"selector":{"id":"application-managesites-display-component---NewSite--addressDetailDetailsCountry","interaction":{"idSuffix":"inner"}},"wdio_ui5_key":"applicationmanagesites-display-component---NewSite--addressDetailDetailsCountry"}]}
COMMAND: GET /session/668384e1c1f73f3d5461b9d538daca42/screenshot - {}
RESULT: {"script":"<script> [1562 bytes]","args":[{"selector":{"id":"application-managesites-display-component---NewSite--addressDetailDetailsCountry","interaction":{"idSuffix":"inner"}},"wdio_ui5_key":"applicationmanagesites-display-component---NewSite--addressDetailDetailsCountry"}]}
RESULT: undefined
COMMAND: POST /session/668384e1c1f73f3d5461b9d538daca42/execute/async - {"script":"<script> [6424 bytes]","args":[{"element-6066-11e4-a52e-4f735466cecf":"f.F64AD31729AEE402AD374BC91D68D115.d.A8E1E80D0D11B483DED8AB5B29761872.e.1913"},"setValue",["Romania"]]}
RESULT: {}
RESULT: {"script":"<script> [6424 bytes]","args":[{"element-6066-11e4-a52e-4f735466cecf":"f.F64AD31729AEE402AD374BC91D68D115.d.A8E1E80D0D11B483DED8AB5B29761872.e.1913"},"setValue",["Romania"]]}
COMMAND: POST /session/668384e1c1f73f3d5461b9d538daca42/actions - {"actions":[{"id":"action8","type":"key","parameters":{},"actions":[{"type":"keyDown","value":"î€‡"},{"type":"pause","duration":10},{"type":"keyUp","value":"î€‡"}]}]}
RESULT: {"actions":[{"id":"action8","type":"key","parameters":{},"actions":[{"type":"keyDown","value":"î€‡"},{"type":"pause","duration":10},{"type":"keyUp","value":"î€‡"}]}]}
COMMAND: POST /session/668384e1c1f73f3d5461b9d538daca42/execute/async - {"script":"<script> [1562 bytes]","args":[{"selector":{"id":"application-managesites-display-component---NewSite--addressDetailDetailsCalendar","interaction":{"idSuffix":"inner"}},"wdio_ui5_key":"applicationmanagesites-display-component---NewSite--addressDetailDetailsCalendar"}]}
COMMAND: GET /session/668384e1c1f73f3d5461b9d538daca42/screenshot - {}
RESULT: {"script":"<script> [1562 bytes]","args":[{"selector":{"id":"application-managesites-display-component---NewSite--addressDetailDetailsCalendar","interaction":{"idSuffix":"inner"}},"wdio_ui5_key":"applicationmanagesites-display-component---NewSite--addressDetailDetailsCalendar"}]}
RESULT: undefined
COMMAND: POST /session/668384e1c1f73f3d5461b9d538daca42/execute/async - {"script":"<script> [776 bytes]","args":[{"enterText":"Germany","selector":{"id":"application-managesites-display-component---NewSite--addressDetailDetailsCalendar","interaction":{"idSuffix":"inner"}},"clearTextFirst":true,"interactionType":"ENTER_TEXT"}]}
RESULT: {}
RESULT: {"script":"<script> [776 bytes]","args":[{"enterText":"Germany","selector":{"id":"application-managesites-display-component---NewSite--addressDetailDetailsCalendar","interaction":{"idSuffix":"inner"}},"clearTextFirst":true,"interactionType":"ENTER_TEXT"}]}
COMMAND: POST /session/668384e1c1f73f3d5461b9d538daca42/actions - {"actions":[{"id":"action9","type":"key","parameters":{},"actions":[{"type":"keyDown","value":"î€‡"},{"type":"pause","duration":10},{"type":"keyUp","value":"î€‡"}]}]}
RESULT: {"actions":[{"id":"action9","type":"key","parameters":{},"actions":[{"type":"keyDown","value":"î€‡"},{"type":"pause","duration":10},{"type":"keyUp","value":"î€‡"}]}]}
COMMAND: POST /session/668384e1c1f73f3d5461b9d538daca42/execute/async - {"script":"<script> [1562 bytes]","args":[{"selector":{"id":"application-managesites-display-component---NewSite--addressEditDetailsCostObjectCstType","interaction":{"idSuffix":"inner"}},"wdio_ui5_key":"applicationmanagesites-display-component---NewSite--addressEditDetailsCostObjectCstType"}]}
COMMAND: GET /session/668384e1c1f73f3d5461b9d538daca42/screenshot - {}
RESULT: {"script":"<script> [1562 bytes]","args":[{"selector":{"id":"application-managesites-display-component---NewSite--addressEditDetailsCostObjectCstType","interaction":{"idSuffix":"inner"}},"wdio_ui5_key":"applicationmanagesites-display-component---NewSite--addressEditDetailsCostObjectCstType"}]}
RESULT: undefined
COMMAND: POST /session/668384e1c1f73f3d5461b9d538daca42/execute/async - {"script":"<script> [776 bytes]","args":[{"enterText":"Cost","selector":{"id":"application-managesites-display-component---NewSite--addressEditDetailsCostObjectCstType","interaction":{"idSuffix":"inner"}},"clearTextFirst":true,"interactionType":"ENTER_TEXT"}]}
RESULT: {}
RESULT: {"script":"<script> [776 bytes]","args":[{"enterText":"Cost","selector":{"id":"application-managesites-display-component---NewSite--addressEditDetailsCostObjectCstType","interaction":{"idSuffix":"inner"}},"clearTextFirst":true,"interactionType":"ENTER_TEXT"}]}
COMMAND: POST /session/668384e1c1f73f3d5461b9d538daca42/actions - {"actions":[{"id":"action10","type":"key","parameters":{},"actions":[{"type":"keyDown","value":"î€‡"},{"type":"pause","duration":10},{"type":"keyUp","value":"î€‡"}]}]}
RESULT: {"actions":[{"id":"action10","type":"key","parameters":{},"actions":[{"type":"keyDown","value":"î€‡"},{"type":"pause","duration":10},{"type":"keyUp","value":"î€‡"}]}]}
COMMAND: POST /session/668384e1c1f73f3d5461b9d538daca42/execute/async - {"script":"<script> [1562 bytes]","args":[{"selector":{"id":"application-managesites-display-component---NewSite--addressNewCostObjectCstID","interaction":{"idSuffix":"inner"}},"wdio_ui5_key":"applicationmanagesites-display-component---NewSite--addressNewCostObjectCstID"}]}
COMMAND: GET /session/668384e1c1f73f3d5461b9d538daca42/screenshot - {}
RESULT: {"script":"<script> [1562 bytes]","args":[{"selector":{"id":"application-managesites-display-component---NewSite--addressNewCostObjectCstID","interaction":{"idSuffix":"inner"}},"wdio_ui5_key":"applicationmanagesites-display-component---NewSite--addressNewCostObjectCstID"}]}
RESULT: undefined
COMMAND: POST /session/668384e1c1f73f3d5461b9d538daca42/execute/async - {"script":"<script> [776 bytes]","args":[{"enterText":"1001","selector":{"id":"application-managesites-display-component---NewSite--addressNewCostObjectCstID","interaction":{"idSuffix":"inner"}},"clearTextFirst":true,"interactionType":"ENTER_TEXT"}]}
RESULT: {}
RESULT: {"script":"<script> [776 bytes]","args":[{"enterText":"1001","selector":{"id":"application-managesites-display-component---NewSite--addressNewCostObjectCstID","interaction":{"idSuffix":"inner"}},"clearTextFirst":true,"interactionType":"ENTER_TEXT"}]}
COMMAND: POST /session/668384e1c1f73f3d5461b9d538daca42/actions - {"actions":[{"id":"action11","type":"key","parameters":{},"actions":[{"type":"keyDown","value":"î€‡"},{"type":"pause","duration":10},{"type":"keyUp","value":"î€‡"}]}]}
RESULT: {"actions":[{"id":"action11","type":"key","parameters":{},"actions":[{"type":"keyDown","value":"î€‡"},{"type":"pause","duration":10},{"type":"keyUp","value":"î€‡"}]}]}
COMMAND: POST /session/668384e1c1f73f3d5461b9d538daca42/element - {"using":"xpath","value":"//input[@id=\"application-managesites-display-component---NewSite--addressDetailDetailsYard-inner\"]"}
COMMAND: GET /session/668384e1c1f73f3d5461b9d538daca42/screenshot - {}
RESULT: {"using":"xpath","value":"//input[@id=\"application-managesites-display-component---NewSite--addressDetailDetailsYard-inner\"]"}
COMMAND: POST /session/668384e1c1f73f3d5461b9d538daca42/element/f.F64AD31729AEE402AD374BC91D68D115.d.A8E1E80D0D11B483DED8AB5B29761872.e.1924/value - {"text":"289"}
RESULT: {}
RESULT: {"text":"289"}
COMMAND: GET /session/668384e1c1f73f3d5461b9d538daca42/screenshot - {}
RESULT: {}
COMMAND: POST /session/668384e1c1f73f3d5461b9d538daca42/actions - {"actions":[{"id":"action12","type":"key","parameters":{},"actions":[{"type":"keyDown","value":"î€‡"},{"type":"pause","duration":10},{"type":"keyUp","value":"î€‡"}]}]}
RESULT: {"actions":[{"id":"action12","type":"key","parameters":{},"actions":[{"type":"keyDown","value":"î€‡"},{"type":"pause","duration":10},{"type":"keyUp","value":"î€‡"}]}]}
COMMAND: GET /session/668384e1c1f73f3d5461b9d538daca42/screenshot - {}
RESULT: {}
COMMAND: POST /session/668384e1c1f73f3d5461b9d538daca42/element - {"using":"xpath","value":"//input[@id=\"application-managesites-display-component---NewSite--addressDetailDetailsPartner-inner\"]"}
RESULT: {"using":"xpath","value":"//input[@id=\"application-managesites-display-component---NewSite--addressDetailDetailsPartner-inner\"]"}
COMMAND: POST /session/668384e1c1f73f3d5461b9d538daca42/elements - {"using":"xpath","value":"//input[@id=\"application-managesites-display-component---NewSite--addressDetailDetailsPartner-inner\"]"}
RESULT: {"using":"xpath","value":"//input[@id=\"application-managesites-display-component---NewSite--addressDetailDetailsPartner-inner\"]"}
COMMAND: POST /session/668384e1c1f73f3d5461b9d538daca42/execute/async - {"script":"<script> [1562 bytes]","args":[{"selector":{"controlType":"sap.m.Button","viewName":"etm.portal.ui.managesites.view.NewSmartSite","viewId":"application-managesites-display-component---NewSite","properties":{"text":"Commercial"},"interaction":{"idSuffix":"BDI-content"}},"wdio_ui5_key":"etmportal.ui.managesites.view.NewSmartSitesap.m.Button{\"text\":\"Commercial\"}"}]}
RESULT: {"script":"<script> [1562 bytes]","args":[{"selector":{"controlType":"sap.m.Button","viewName":"etm.portal.ui.managesites.view.NewSmartSite","viewId":"application-managesites-display-component---NewSite","properties":{"text":"Commercial"},"interaction":{"idSuffix":"BDI-content"}},"wdio_ui5_key":"etmportal.ui.managesites.view.NewSmartSitesap.m.Button{\"text\":\"Commercial\"}"}]}
RESULT: undefined
COMMAND: POST /session/668384e1c1f73f3d5461b9d538daca42/element - {"using":"xpath","value":"//*[@id=\"application-managesites-display-component---NewSite--ObjectPageLayout-anchBar-__section31-anchor\"]"}
RESULT: {"using":"xpath","value":"//*[@id=\"application-managesites-display-component---NewSite--ObjectPageLayout-anchBar-__section31-anchor\"]"}
COMMAND: POST /session/668384e1c1f73f3d5461b9d538daca42/element/f.F64AD31729AEE402AD374BC91D68D115.d.A8E1E80D0D11B483DED8AB5B29761872.e.2086/click - {}
RESULT: {}
COMMAND: POST /session/668384e1c1f73f3d5461b9d538daca42/execute/async - {"script":"<script> [1562 bytes]","args":[{"selector":{"id":"application-managesites-display-component---NewSite--siteWhmCheckBox-label","interaction":{"idSuffix":"bdi"}},"wdio_ui5_key":"applicationmanagesites-display-component---NewSite--siteWhmCheckBox-label"}]}
COMMAND: GET /session/668384e1c1f73f3d5461b9d538daca42/screenshot - {}
RESULT: {"script":"<script> [1562 bytes]","args":[{"selector":{"id":"application-managesites-display-component---NewSite--siteWhmCheckBox-label","interaction":{"idSuffix":"bdi"}},"wdio_ui5_key":"applicationmanagesites-display-component---NewSite--siteWhmCheckBox-label"}]}
RESULT: undefined
COMMAND: POST /session/668384e1c1f73f3d5461b9d538daca42/element - {"using":"xpath","value":"//*[@id=\"application-managesites-display-component---NewSite--siteWhmCheckBox-label\"]"}
RESULT: {}
RESULT: {"using":"xpath","value":"//*[@id=\"application-managesites-display-component---NewSite--siteWhmCheckBox-label\"]"}
COMMAND: POST /session/668384e1c1f73f3d5461b9d538daca42/element/f.F64AD31729AEE402AD374BC91D68D115.d.A8E1E80D0D11B483DED8AB5B29761872.e.2095/click - {}
RESULT: {}
COMMAND: POST /session/668384e1c1f73f3d5461b9d538daca42/execute/async - {"script":"<script> [1562 bytes]","args":[{"selector":{"controlType":"sap.m.Button","viewName":"etm.portal.ui.managesites.view.NewSmartSite","viewId":"application-managesites-display-component---NewSite","i18NText":{"propertyName":"text","key":"save"},"interaction":{"idSuffix":"BDI-content"}},"wdio_ui5_key":"etmportal.ui.managesites.view.NewSmartSitesap.m.Button{\"propertyName\":\"text\",\"key\":\"save\"}"}]}
COMMAND: GET /session/668384e1c1f73f3d5461b9d538daca42/screenshot - {}
RESULT: {"script":"<script> [1562 bytes]","args":[{"selector":{"controlType":"sap.m.Button","viewName":"etm.portal.ui.managesites.view.NewSmartSite","viewId":"application-managesites-display-component---NewSite","i18NText":{"propertyName":"text","key":"save"},"interaction":{"idSuffix":"BDI-content"}},"wdio_ui5_key":"etmportal.ui.managesites.view.NewSmartSitesap.m.Button{\"propertyName\":\"text\",\"key\":\"save\"}"}]}
RESULT: undefined
COMMAND: POST /session/668384e1c1f73f3d5461b9d538daca42/element - {"using":"xpath","value":"//*[@id=\"__button64\"]"}
RESULT: {}
RESULT: {"using":"xpath","value":"//*[@id=\"__button64\"]"}
COMMAND: POST /session/668384e1c1f73f3d5461b9d538daca42/element/f.F64AD31729AEE402AD374BC91D68D115.d.A8E1E80D0D11B483DED8AB5B29761872.e.2067/click - {}
RESULT: {}
COMMAND: GET /session/668384e1c1f73f3d5461b9d538daca42/screenshot - {}
RESULT: {}
COMMAND: POST /session/668384e1c1f73f3d5461b9d538daca42/element - {"using":"xpath","value":"//header/div/div[2]/div[2]/span"}
RESULT: {"using":"xpath","value":"//header/div/div[2]/div[2]/span"}
COMMAND: GET /session/668384e1c1f73f3d5461b9d538daca42/element/f.F64AD31729AEE402AD374BC91D68D115.d.A8E1E80D0D11B483DED8AB5B29761872.e.2317/text - {}
RESULT: {}
COMMAND: POST /session/668384e1c1f73f3d5461b9d538daca42/execute/async - {"script":"<script> [1562 bytes]","args":[{"selector":{"id":"application-managesites-display-component---detailSite--addressDetailDetailsYardText"},"wdio_ui5_key":"applicationmanagesites-display-component---detailSite--addressDetailDetailsYardText"}]}
RESULT: {"script":"<script> [1562 bytes]","args":[{"selector":{"id":"application-managesites-display-component---detailSite--addressDetailDetailsYardText"},"wdio_ui5_key":"applicationmanagesites-display-component---detailSite--addressDetailDetailsYardText"}]}
RESULT: undefined
COMMAND: POST /session/668384e1c1f73f3d5461b9d538daca42/execute/async - {"script":"<script> [1562 bytes]","args":[{"selector":{"controlType":"sap.m.Label","viewName":"etm.portal.ui.managesites.view.Detail","viewId":"application-managesites-display-component---detailSite","i18NText":{"propertyName":"text","key":"status"}},"wdio_ui5_key":"etmportal.ui.managesites.view.Detailsap.m.Label{\"propertyName\":\"text\",\"key\":\"status\"}"}]}
RESULT: {"script":"<script> [1562 bytes]","args":[{"selector":{"controlType":"sap.m.Label","viewName":"etm.portal.ui.managesites.view.Detail","viewId":"application-managesites-display-component---detailSite","i18NText":{"propertyName":"text","key":"status"}},"wdio_ui5_key":"etmportal.ui.managesites.view.Detailsap.m.Label{\"propertyName\":\"text\",\"key\":\"status\"}"}]}
RESULT: undefined
COMMAND: POST /session/668384e1c1f73f3d5461b9d538daca42/execute/async - {"script":"<script> [6424 bytes]","args":[{"element-6066-11e4-a52e-4f735466cecf":"f.F64AD31729AEE402AD374BC91D68D115.d.A8E1E80D0D11B483DED8AB5B29761872.e.2309"},"getText",[]]}
RESULT: {"script":"<script> [6424 bytes]","args":[{"element-6066-11e4-a52e-4f735466cecf":"f.F64AD31729AEE402AD374BC91D68D115.d.A8E1E80D0D11B483DED8AB5B29761872.e.2309"},"getText",[]]}
COMMAND: POST /session/668384e1c1f73f3d5461b9d538daca42/execute/async - {"script":"<script> [1562 bytes]","args":[{"selector":{"id":"shell-header","interaction":{"idSuffix":"icon"}},"wdio_ui5_key":"shellheader"}]}
RESULT: {"script":"<script> [1562 bytes]","args":[{"selector":{"id":"shell-header","interaction":{"idSuffix":"icon"}},"wdio_ui5_key":"shellheader"}]}
RESULT: undefined
COMMAND: POST /session/668384e1c1f73f3d5461b9d538daca42/element - {"using":"xpath","value":"//*[@id=\"shell-header\"]"}
RESULT: {"using":"xpath","value":"//*[@id=\"shell-header\"]"}
COMMAND: POST /session/668384e1c1f73f3d5461b9d538daca42/element/f.F64AD31729AEE402AD374BC91D68D115.d.A8E1E80D0D11B483DED8AB5B29761872.e.2322/click - {}
RESULT: {}
]]></system-out>
    </testcase>
    <testcase classname="chrome.135_0_7049_96.windows.Stock_increase_-_with_WHM_US125587" name="Create WHM material" time="244.191">
      <system-out><![CDATA[
COMMAND: GET /session/668384e1c1f73f3d5461b9d538daca42/screenshot - {}
COMMAND: POST /session/668384e1c1f73f3d5461b9d538daca42/element - {"using":"css selector","value":"#shell-header-logo"}
RESULT: {}
RESULT: {"using":"css selector","value":"#shell-header-logo"}
COMMAND: POST /session/668384e1c1f73f3d5461b9d538daca42/element/f.F64AD31729AEE402AD374BC91D68D115.d.A8E1E80D0D11B483DED8AB5B29761872.e.1634/click - {}
RESULT: {}
COMMAND: GET /session/668384e1c1f73f3d5461b9d538daca42/screenshot - {}
RESULT: {}
COMMAND: POST /session/668384e1c1f73f3d5461b9d538daca42/execute/async - {"script":"<script> [1562 bytes]","args":[{"selector":{"controlType":"sap.m.GenericTile","properties":{"header":"Manage Resources"}},"wdio_ui5_key":"sapm.GenericTile{\"header\":\"Manage Resources\"}"}]}
RESULT: {"script":"<script> [1562 bytes]","args":[{"selector":{"controlType":"sap.m.GenericTile","properties":{"header":"Manage Resources"}},"wdio_ui5_key":"sapm.GenericTile{\"header\":\"Manage Resources\"}"}]}
RESULT: undefined
COMMAND: POST /session/668384e1c1f73f3d5461b9d538daca42/element - {"using":"xpath","value":"//*[@id=\"__tile50\"]"}
RESULT: {"using":"xpath","value":"//*[@id=\"__tile50\"]"}
COMMAND: POST /session/668384e1c1f73f3d5461b9d538daca42/element/f.F64AD31729AEE402AD374BC91D68D115.d.A8E1E80D0D11B483DED8AB5B29761872.e.2327/click - {}
RESULT: {}
COMMAND: GET /session/668384e1c1f73f3d5461b9d538daca42/screenshot - {}
RESULT: {}
COMMAND: POST /session/668384e1c1f73f3d5461b9d538daca42/element - {"using":"xpath","value":"//button[@data-kt=\"addNewRUOverflowToolbarButton\"]"}
RESULT: {"using":"xpath","value":"//button[@data-kt=\"addNewRUOverflowToolbarButton\"]"}
COMMAND: POST /session/668384e1c1f73f3d5461b9d538daca42/element - {"using":"xpath","value":"//button[@data-kt=\"addNewRUOverflowToolbarButton\"]"}
RESULT: {"using":"xpath","value":"//button[@data-kt=\"addNewRUOverflowToolbarButton\"]"}
COMMAND: POST /session/668384e1c1f73f3d5461b9d538daca42/element - {"using":"xpath","value":"//button[@data-kt=\"addNewRUOverflowToolbarButton\"]"}
RESULT: {"using":"xpath","value":"//button[@data-kt=\"addNewRUOverflowToolbarButton\"]"}
COMMAND: POST /session/668384e1c1f73f3d5461b9d538daca42/execute/sync - {"script":"<script> [8489 bytes]","args":[{"element-6066-11e4-a52e-4f735466cecf":"f.F64AD31729AEE402AD374BC91D68D115.d.A8E1E80D0D11B483DED8AB5B29761872.e.2358","ELEMENT":"f.F64AD31729AEE402AD374BC91D68D115.d.A8E1E80D0D11B483DED8AB5B29761872.e.2358"}]}
COMMAND: POST /session/668384e1c1f73f3d5461b9d538daca42/execute/async - {"script":"<script> [1562 bytes]","args":[{"selector":{"controlType":"sap.ui.core.Icon","viewName":"etm.portal.ui.manageresources.view.Master","viewId":"application-manageresources-display-component---masterRU","properties":{"src":{"regex":{"source":"add"}}}},"wdio_ui5_key":"etmportal.ui.manageresources.view.Mastersap.ui.core.Icon{\"src\":{\"regex\":{\"source\":\"add\"}}}"}]}
RESULT: {"script":"<script> [8489 bytes]","args":[{"element-6066-11e4-a52e-4f735466cecf":"f.F64AD31729AEE402AD374BC91D68D115.d.A8E1E80D0D11B483DED8AB5B29761872.e.2358","ELEMENT":"f.F64AD31729AEE402AD374BC91D68D115.d.A8E1E80D0D11B483DED8AB5B29761872.e.2358"}]}
COMMAND: GET /session/668384e1c1f73f3d5461b9d538daca42/screenshot - {}
RESULT: {"script":"<script> [1562 bytes]","args":[{"selector":{"controlType":"sap.ui.core.Icon","viewName":"etm.portal.ui.manageresources.view.Master","viewId":"application-manageresources-display-component---masterRU","properties":{"src":{"regex":{"source":"add"}}}},"wdio_ui5_key":"etmportal.ui.manageresources.view.Mastersap.ui.core.Icon{\"src\":{\"regex\":{\"source\":\"add\"}}}"}]}
RESULT: undefined
COMMAND: POST /session/668384e1c1f73f3d5461b9d538daca42/element - {"using":"xpath","value":"//*[@id=\"__button108-img\"]"}
RESULT: {}
RESULT: {"using":"xpath","value":"//*[@id=\"__button108-img\"]"}
COMMAND: POST /session/668384e1c1f73f3d5461b9d538daca42/element/f.F64AD31729AEE402AD374BC91D68D115.d.A8E1E80D0D11B483DED8AB5B29761872.e.2372/click - {}
RESULT: {}
COMMAND: GET /session/668384e1c1f73f3d5461b9d538daca42/screenshot - {}
RESULT: {}
COMMAND: POST /session/668384e1c1f73f3d5461b9d538daca42/execute/async - {"script":"<script> [1562 bytes]","args":[{"selector":{"controlType":"sap.m.ComboBox","viewName":"reusables.view.manageresources.NewResourceUnit","viewId":"application-manageresources-display-component---newResourceUnit","bindingPath":{"path":"","propertyPath":"/RuTypes","modelName":"catalogModel"},"searchOpenDialogs":true},"wdio_ui5_key":"reusablesview.manageresources.NewResourceUnitsap.m.ComboBox{\"path\":\"\",\"propertyPath\":\"/RuTypes\",\"modelName\":\"catalogModel\"}"}]}
RESULT: {"script":"<script> [1562 bytes]","args":[{"selector":{"controlType":"sap.m.ComboBox","viewName":"reusables.view.manageresources.NewResourceUnit","viewId":"application-manageresources-display-component---newResourceUnit","bindingPath":{"path":"","propertyPath":"/RuTypes","modelName":"catalogModel"},"searchOpenDialogs":true},"wdio_ui5_key":"reusablesview.manageresources.NewResourceUnitsap.m.ComboBox{\"path\":\"\",\"propertyPath\":\"/RuTypes\",\"modelName\":\"catalogModel\"}"}]}
RESULT: undefined
COMMAND: POST /session/668384e1c1f73f3d5461b9d538daca42/execute/async - {"script":"<script> [1562 bytes]","args":[{"selector":{"controlType":"sap.m.ComboBox","viewName":"reusables.view.manageresources.NewResourceUnit","viewId":"application-manageresources-display-component---newResourceUnit","bindingPath":{"path":"","propertyPath":"/Yards","modelName":"catalogModel"},"searchOpenDialogs":true},"wdio_ui5_key":"reusablesview.manageresources.NewResourceUnitsap.m.ComboBox{\"path\":\"\",\"propertyPath\":\"/Yards\",\"modelName\":\"catalogModel\"}"}]}
RESULT: {"script":"<script> [1562 bytes]","args":[{"selector":{"controlType":"sap.m.ComboBox","viewName":"reusables.view.manageresources.NewResourceUnit","viewId":"application-manageresources-display-component---newResourceUnit","bindingPath":{"path":"","propertyPath":"/Yards","modelName":"catalogModel"},"searchOpenDialogs":true},"wdio_ui5_key":"reusablesview.manageresources.NewResourceUnitsap.m.ComboBox{\"path\":\"\",\"propertyPath\":\"/Yards\",\"modelName\":\"catalogModel\"}"}]}
RESULT: undefined
COMMAND: POST /session/668384e1c1f73f3d5461b9d538daca42/execute/async - {"script":"<script> [1562 bytes]","args":[{"selector":{"controlType":"etm.portal.ui.reusables.customControls.LiveSearchComboBox","viewName":"reusables.view.manageresources.NewResourceUnit","viewId":"application-manageresources-display-component---newResourceUnit","bindingPath":{"path":"","propertyPath":"/CatalogItems","modelName":"catalogModel"},"searchOpenDialogs":true},"wdio_ui5_key":"reusablesview.manageresources.NewResourceUnitetm.portal.ui.reusables.customControls.LiveSearchComboBox{\"path\":\"\",\"propertyPath\":\"/CatalogItems\",\"modelName\":\"catalogModel\"}"}]}
RESULT: {"script":"<script> [1562 bytes]","args":[{"selector":{"controlType":"etm.portal.ui.reusables.customControls.LiveSearchComboBox","viewName":"reusables.view.manageresources.NewResourceUnit","viewId":"application-manageresources-display-component---newResourceUnit","bindingPath":{"path":"","propertyPath":"/CatalogItems","modelName":"catalogModel"},"searchOpenDialogs":true},"wdio_ui5_key":"reusablesview.manageresources.NewResourceUnitetm.portal.ui.reusables.customControls.LiveSearchComboBox{\"path\":\"\",\"propertyPath\":\"/CatalogItems\",\"modelName\":\"catalogModel\"}"}]}
RESULT: undefined
COMMAND: POST /session/668384e1c1f73f3d5461b9d538daca42/element - {"using":"xpath","value":"//bdi[text()=\"OK\"]"}
RESULT: {"using":"xpath","value":"//bdi[text()=\"OK\"]"}
COMMAND: POST /session/668384e1c1f73f3d5461b9d538daca42/elements - {"using":"xpath","value":"//bdi[text()=\"OK\"]"}
RESULT: {"using":"xpath","value":"//bdi[text()=\"OK\"]"}
COMMAND: POST /session/668384e1c1f73f3d5461b9d538daca42/elements - {"using":"xpath","value":"//bdi[text()=\"OK\"]"}
RESULT: {"using":"xpath","value":"//bdi[text()=\"OK\"]"}
COMMAND: POST /session/668384e1c1f73f3d5461b9d538daca42/elements - {"using":"xpath","value":"//bdi[text()=\"OK\"]"}
RESULT: {"using":"xpath","value":"//bdi[text()=\"OK\"]"}
COMMAND: POST /session/668384e1c1f73f3d5461b9d538daca42/elements - {"using":"xpath","value":"//bdi[text()=\"OK\"]"}
RESULT: {"using":"xpath","value":"//bdi[text()=\"OK\"]"}
COMMAND: POST /session/668384e1c1f73f3d5461b9d538daca42/elements - {"using":"xpath","value":"//bdi[text()=\"OK\"]"}
RESULT: {"using":"xpath","value":"//bdi[text()=\"OK\"]"}
COMMAND: POST /session/668384e1c1f73f3d5461b9d538daca42/elements - {"using":"xpath","value":"//bdi[text()=\"OK\"]"}
RESULT: {"using":"xpath","value":"//bdi[text()=\"OK\"]"}
COMMAND: POST /session/668384e1c1f73f3d5461b9d538daca42/elements - {"using":"xpath","value":"//bdi[text()=\"OK\"]"}
RESULT: {"using":"xpath","value":"//bdi[text()=\"OK\"]"}
COMMAND: POST /session/668384e1c1f73f3d5461b9d538daca42/elements - {"using":"xpath","value":"//bdi[text()=\"OK\"]"}
RESULT: {"using":"xpath","value":"//bdi[text()=\"OK\"]"}
COMMAND: POST /session/668384e1c1f73f3d5461b9d538daca42/elements - {"using":"xpath","value":"//bdi[text()=\"OK\"]"}
RESULT: {"using":"xpath","value":"//bdi[text()=\"OK\"]"}
COMMAND: POST /session/668384e1c1f73f3d5461b9d538daca42/elements - {"using":"xpath","value":"//bdi[text()=\"OK\"]"}
RESULT: {"using":"xpath","value":"//bdi[text()=\"OK\"]"}
COMMAND: POST /session/668384e1c1f73f3d5461b9d538daca42/elements - {"using":"xpath","value":"//bdi[text()=\"OK\"]"}
RESULT: {"using":"xpath","value":"//bdi[text()=\"OK\"]"}
COMMAND: POST /session/668384e1c1f73f3d5461b9d538daca42/elements - {"using":"xpath","value":"//bdi[text()=\"OK\"]"}
RESULT: {"using":"xpath","value":"//bdi[text()=\"OK\"]"}
COMMAND: POST /session/668384e1c1f73f3d5461b9d538daca42/elements - {"using":"xpath","value":"//bdi[text()=\"OK\"]"}
RESULT: {"using":"xpath","value":"//bdi[text()=\"OK\"]"}
COMMAND: POST /session/668384e1c1f73f3d5461b9d538daca42/elements - {"using":"xpath","value":"//bdi[text()=\"OK\"]"}
RESULT: {"using":"xpath","value":"//bdi[text()=\"OK\"]"}
COMMAND: POST /session/668384e1c1f73f3d5461b9d538daca42/elements - {"using":"xpath","value":"//bdi[text()=\"OK\"]"}
RESULT: {"using":"xpath","value":"//bdi[text()=\"OK\"]"}
COMMAND: POST /session/668384e1c1f73f3d5461b9d538daca42/elements - {"using":"xpath","value":"//bdi[text()=\"OK\"]"}
RESULT: {"using":"xpath","value":"//bdi[text()=\"OK\"]"}
COMMAND: POST /session/668384e1c1f73f3d5461b9d538daca42/elements - {"using":"xpath","value":"//bdi[text()=\"OK\"]"}
RESULT: {"using":"xpath","value":"//bdi[text()=\"OK\"]"}
COMMAND: POST /session/668384e1c1f73f3d5461b9d538daca42/elements - {"using":"xpath","value":"//bdi[text()=\"OK\"]"}
RESULT: {"using":"xpath","value":"//bdi[text()=\"OK\"]"}
COMMAND: POST /session/668384e1c1f73f3d5461b9d538daca42/elements - {"using":"xpath","value":"//bdi[text()=\"OK\"]"}
RESULT: {"using":"xpath","value":"//bdi[text()=\"OK\"]"}
COMMAND: POST /session/668384e1c1f73f3d5461b9d538daca42/elements - {"using":"xpath","value":"//bdi[text()=\"OK\"]"}
RESULT: {"using":"xpath","value":"//bdi[text()=\"OK\"]"}
COMMAND: POST /session/668384e1c1f73f3d5461b9d538daca42/elements - {"using":"xpath","value":"//bdi[text()=\"OK\"]"}
RESULT: {"using":"xpath","value":"//bdi[text()=\"OK\"]"}
COMMAND: POST /session/668384e1c1f73f3d5461b9d538daca42/elements - {"using":"xpath","value":"//bdi[text()=\"OK\"]"}
RESULT: {"using":"xpath","value":"//bdi[text()=\"OK\"]"}
COMMAND: POST /session/668384e1c1f73f3d5461b9d538daca42/elements - {"using":"xpath","value":"//bdi[text()=\"OK\"]"}
RESULT: {"using":"xpath","value":"//bdi[text()=\"OK\"]"}
COMMAND: POST /session/668384e1c1f73f3d5461b9d538daca42/elements - {"using":"xpath","value":"//bdi[text()=\"OK\"]"}
RESULT: {"using":"xpath","value":"//bdi[text()=\"OK\"]"}
COMMAND: POST /session/668384e1c1f73f3d5461b9d538daca42/elements - {"using":"xpath","value":"//bdi[text()=\"OK\"]"}
RESULT: {"using":"xpath","value":"//bdi[text()=\"OK\"]"}
COMMAND: POST /session/668384e1c1f73f3d5461b9d538daca42/elements - {"using":"xpath","value":"//bdi[text()=\"OK\"]"}
RESULT: {"using":"xpath","value":"//bdi[text()=\"OK\"]"}
COMMAND: POST /session/668384e1c1f73f3d5461b9d538daca42/elements - {"using":"xpath","value":"//bdi[text()=\"OK\"]"}
RESULT: {"using":"xpath","value":"//bdi[text()=\"OK\"]"}
COMMAND: POST /session/668384e1c1f73f3d5461b9d538daca42/elements - {"using":"xpath","value":"//bdi[text()=\"OK\"]"}
RESULT: {"using":"xpath","value":"//bdi[text()=\"OK\"]"}
COMMAND: POST /session/668384e1c1f73f3d5461b9d538daca42/elements - {"using":"xpath","value":"//bdi[text()=\"OK\"]"}
RESULT: {"using":"xpath","value":"//bdi[text()=\"OK\"]"}
COMMAND: POST /session/668384e1c1f73f3d5461b9d538daca42/elements - {"using":"xpath","value":"//bdi[text()=\"OK\"]"}
RESULT: {"using":"xpath","value":"//bdi[text()=\"OK\"]"}
COMMAND: POST /session/668384e1c1f73f3d5461b9d538daca42/elements - {"using":"xpath","value":"//bdi[text()=\"OK\"]"}
RESULT: {"using":"xpath","value":"//bdi[text()=\"OK\"]"}
COMMAND: POST /session/668384e1c1f73f3d5461b9d538daca42/elements - {"using":"xpath","value":"//bdi[text()=\"OK\"]"}
RESULT: {"using":"xpath","value":"//bdi[text()=\"OK\"]"}
COMMAND: POST /session/668384e1c1f73f3d5461b9d538daca42/elements - {"using":"xpath","value":"//bdi[text()=\"OK\"]"}
RESULT: {"using":"xpath","value":"//bdi[text()=\"OK\"]"}
COMMAND: POST /session/668384e1c1f73f3d5461b9d538daca42/elements - {"using":"xpath","value":"//bdi[text()=\"OK\"]"}
RESULT: {"using":"xpath","value":"//bdi[text()=\"OK\"]"}
COMMAND: POST /session/668384e1c1f73f3d5461b9d538daca42/elements - {"using":"xpath","value":"//bdi[text()=\"OK\"]"}
RESULT: {"using":"xpath","value":"//bdi[text()=\"OK\"]"}
COMMAND: POST /session/668384e1c1f73f3d5461b9d538daca42/elements - {"using":"xpath","value":"//bdi[text()=\"OK\"]"}
RESULT: {"using":"xpath","value":"//bdi[text()=\"OK\"]"}
COMMAND: POST /session/668384e1c1f73f3d5461b9d538daca42/elements - {"using":"xpath","value":"//bdi[text()=\"OK\"]"}
RESULT: {"using":"xpath","value":"//bdi[text()=\"OK\"]"}
COMMAND: POST /session/668384e1c1f73f3d5461b9d538daca42/elements - {"using":"xpath","value":"//bdi[text()=\"OK\"]"}
RESULT: {"using":"xpath","value":"//bdi[text()=\"OK\"]"}
COMMAND: POST /session/668384e1c1f73f3d5461b9d538daca42/elements - {"using":"xpath","value":"//bdi[text()=\"OK\"]"}
RESULT: {"using":"xpath","value":"//bdi[text()=\"OK\"]"}
COMMAND: POST /session/668384e1c1f73f3d5461b9d538daca42/elements - {"using":"xpath","value":"//bdi[text()=\"OK\"]"}
RESULT: {"using":"xpath","value":"//bdi[text()=\"OK\"]"}
COMMAND: POST /session/668384e1c1f73f3d5461b9d538daca42/elements - {"using":"xpath","value":"//bdi[text()=\"OK\"]"}
RESULT: {"using":"xpath","value":"//bdi[text()=\"OK\"]"}
COMMAND: POST /session/668384e1c1f73f3d5461b9d538daca42/elements - {"using":"xpath","value":"//bdi[text()=\"OK\"]"}
RESULT: {"using":"xpath","value":"//bdi[text()=\"OK\"]"}
COMMAND: POST /session/668384e1c1f73f3d5461b9d538daca42/elements - {"using":"xpath","value":"//bdi[text()=\"OK\"]"}
RESULT: {"using":"xpath","value":"//bdi[text()=\"OK\"]"}
COMMAND: POST /session/668384e1c1f73f3d5461b9d538daca42/elements - {"using":"xpath","value":"//bdi[text()=\"OK\"]"}
RESULT: {"using":"xpath","value":"//bdi[text()=\"OK\"]"}
COMMAND: POST /session/668384e1c1f73f3d5461b9d538daca42/elements - {"using":"xpath","value":"//bdi[text()=\"OK\"]"}
RESULT: {"using":"xpath","value":"//bdi[text()=\"OK\"]"}
COMMAND: POST /session/668384e1c1f73f3d5461b9d538daca42/elements - {"using":"xpath","value":"//bdi[text()=\"OK\"]"}
RESULT: {"using":"xpath","value":"//bdi[text()=\"OK\"]"}
COMMAND: POST /session/668384e1c1f73f3d5461b9d538daca42/elements - {"using":"xpath","value":"//bdi[text()=\"OK\"]"}
RESULT: {"using":"xpath","value":"//bdi[text()=\"OK\"]"}
COMMAND: POST /session/668384e1c1f73f3d5461b9d538daca42/elements - {"using":"xpath","value":"//bdi[text()=\"OK\"]"}
RESULT: {"using":"xpath","value":"//bdi[text()=\"OK\"]"}
COMMAND: POST /session/668384e1c1f73f3d5461b9d538daca42/elements - {"using":"xpath","value":"//bdi[text()=\"OK\"]"}
RESULT: {"using":"xpath","value":"//bdi[text()=\"OK\"]"}
COMMAND: POST /session/668384e1c1f73f3d5461b9d538daca42/elements - {"using":"xpath","value":"//bdi[text()=\"OK\"]"}
RESULT: {"using":"xpath","value":"//bdi[text()=\"OK\"]"}
COMMAND: POST /session/668384e1c1f73f3d5461b9d538daca42/elements - {"using":"xpath","value":"//bdi[text()=\"OK\"]"}
RESULT: {"using":"xpath","value":"//bdi[text()=\"OK\"]"}
COMMAND: POST /session/668384e1c1f73f3d5461b9d538daca42/elements - {"using":"xpath","value":"//bdi[text()=\"OK\"]"}
RESULT: {"using":"xpath","value":"//bdi[text()=\"OK\"]"}
COMMAND: POST /session/668384e1c1f73f3d5461b9d538daca42/elements - {"using":"xpath","value":"//bdi[text()=\"OK\"]"}
RESULT: {"using":"xpath","value":"//bdi[text()=\"OK\"]"}
COMMAND: POST /session/668384e1c1f73f3d5461b9d538daca42/elements - {"using":"xpath","value":"//bdi[text()=\"OK\"]"}
RESULT: {"using":"xpath","value":"//bdi[text()=\"OK\"]"}
COMMAND: POST /session/668384e1c1f73f3d5461b9d538daca42/elements - {"using":"xpath","value":"//bdi[text()=\"OK\"]"}
RESULT: {"using":"xpath","value":"//bdi[text()=\"OK\"]"}
COMMAND: POST /session/668384e1c1f73f3d5461b9d538daca42/elements - {"using":"xpath","value":"//bdi[text()=\"OK\"]"}
RESULT: {"using":"xpath","value":"//bdi[text()=\"OK\"]"}
COMMAND: POST /session/668384e1c1f73f3d5461b9d538daca42/elements - {"using":"xpath","value":"//bdi[text()=\"OK\"]"}
RESULT: {"using":"xpath","value":"//bdi[text()=\"OK\"]"}
COMMAND: POST /session/668384e1c1f73f3d5461b9d538daca42/elements - {"using":"xpath","value":"//bdi[text()=\"OK\"]"}
RESULT: {"using":"xpath","value":"//bdi[text()=\"OK\"]"}
COMMAND: POST /session/668384e1c1f73f3d5461b9d538daca42/elements - {"using":"xpath","value":"//bdi[text()=\"OK\"]"}
RESULT: {"using":"xpath","value":"//bdi[text()=\"OK\"]"}
COMMAND: POST /session/668384e1c1f73f3d5461b9d538daca42/elements - {"using":"xpath","value":"//bdi[text()=\"OK\"]"}
RESULT: {"using":"xpath","value":"//bdi[text()=\"OK\"]"}
COMMAND: POST /session/668384e1c1f73f3d5461b9d538daca42/elements - {"using":"xpath","value":"//bdi[text()=\"OK\"]"}
RESULT: {"using":"xpath","value":"//bdi[text()=\"OK\"]"}
COMMAND: POST /session/668384e1c1f73f3d5461b9d538daca42/elements - {"using":"xpath","value":"//bdi[text()=\"OK\"]"}
RESULT: {"using":"xpath","value":"//bdi[text()=\"OK\"]"}
COMMAND: POST /session/668384e1c1f73f3d5461b9d538daca42/elements - {"using":"xpath","value":"//bdi[text()=\"OK\"]"}
RESULT: {"using":"xpath","value":"//bdi[text()=\"OK\"]"}
COMMAND: POST /session/668384e1c1f73f3d5461b9d538daca42/elements - {"using":"xpath","value":"//bdi[text()=\"OK\"]"}
RESULT: {"using":"xpath","value":"//bdi[text()=\"OK\"]"}
COMMAND: POST /session/668384e1c1f73f3d5461b9d538daca42/elements - {"using":"xpath","value":"//bdi[text()=\"OK\"]"}
RESULT: {"using":"xpath","value":"//bdi[text()=\"OK\"]"}
COMMAND: POST /session/668384e1c1f73f3d5461b9d538daca42/elements - {"using":"xpath","value":"//bdi[text()=\"OK\"]"}
RESULT: {"using":"xpath","value":"//bdi[text()=\"OK\"]"}
COMMAND: POST /session/668384e1c1f73f3d5461b9d538daca42/elements - {"using":"xpath","value":"//bdi[text()=\"OK\"]"}
RESULT: {"using":"xpath","value":"//bdi[text()=\"OK\"]"}
COMMAND: POST /session/668384e1c1f73f3d5461b9d538daca42/elements - {"using":"xpath","value":"//bdi[text()=\"OK\"]"}
RESULT: {"using":"xpath","value":"//bdi[text()=\"OK\"]"}
COMMAND: POST /session/668384e1c1f73f3d5461b9d538daca42/elements - {"using":"xpath","value":"//bdi[text()=\"OK\"]"}
RESULT: {"using":"xpath","value":"//bdi[text()=\"OK\"]"}
COMMAND: POST /session/668384e1c1f73f3d5461b9d538daca42/elements - {"using":"xpath","value":"//bdi[text()=\"OK\"]"}
RESULT: {"using":"xpath","value":"//bdi[text()=\"OK\"]"}
COMMAND: POST /session/668384e1c1f73f3d5461b9d538daca42/elements - {"using":"xpath","value":"//bdi[text()=\"OK\"]"}
RESULT: {"using":"xpath","value":"//bdi[text()=\"OK\"]"}
COMMAND: POST /session/668384e1c1f73f3d5461b9d538daca42/elements - {"using":"xpath","value":"//bdi[text()=\"OK\"]"}
RESULT: {"using":"xpath","value":"//bdi[text()=\"OK\"]"}
COMMAND: POST /session/668384e1c1f73f3d5461b9d538daca42/elements - {"using":"xpath","value":"//bdi[text()=\"OK\"]"}
RESULT: {"using":"xpath","value":"//bdi[text()=\"OK\"]"}
COMMAND: POST /session/668384e1c1f73f3d5461b9d538daca42/elements - {"using":"xpath","value":"//bdi[text()=\"OK\"]"}
RESULT: {"using":"xpath","value":"//bdi[text()=\"OK\"]"}
COMMAND: POST /session/668384e1c1f73f3d5461b9d538daca42/elements - {"using":"xpath","value":"//bdi[text()=\"OK\"]"}
RESULT: {"using":"xpath","value":"//bdi[text()=\"OK\"]"}
COMMAND: POST /session/668384e1c1f73f3d5461b9d538daca42/elements - {"using":"xpath","value":"//bdi[text()=\"OK\"]"}
RESULT: {"using":"xpath","value":"//bdi[text()=\"OK\"]"}
COMMAND: POST /session/668384e1c1f73f3d5461b9d538daca42/elements - {"using":"xpath","value":"//bdi[text()=\"OK\"]"}
RESULT: {"using":"xpath","value":"//bdi[text()=\"OK\"]"}
COMMAND: POST /session/668384e1c1f73f3d5461b9d538daca42/elements - {"using":"xpath","value":"//bdi[text()=\"OK\"]"}
RESULT: {"using":"xpath","value":"//bdi[text()=\"OK\"]"}
COMMAND: POST /session/668384e1c1f73f3d5461b9d538daca42/elements - {"using":"xpath","value":"//bdi[text()=\"OK\"]"}
RESULT: {"using":"xpath","value":"//bdi[text()=\"OK\"]"}
COMMAND: POST /session/668384e1c1f73f3d5461b9d538daca42/elements - {"using":"xpath","value":"//bdi[text()=\"OK\"]"}
RESULT: {"using":"xpath","value":"//bdi[text()=\"OK\"]"}
COMMAND: POST /session/668384e1c1f73f3d5461b9d538daca42/elements - {"using":"xpath","value":"//bdi[text()=\"OK\"]"}
RESULT: {"using":"xpath","value":"//bdi[text()=\"OK\"]"}
COMMAND: POST /session/668384e1c1f73f3d5461b9d538daca42/elements - {"using":"xpath","value":"//bdi[text()=\"OK\"]"}
RESULT: {"using":"xpath","value":"//bdi[text()=\"OK\"]"}
COMMAND: POST /session/668384e1c1f73f3d5461b9d538daca42/elements - {"using":"xpath","value":"//bdi[text()=\"OK\"]"}
RESULT: {"using":"xpath","value":"//bdi[text()=\"OK\"]"}
COMMAND: POST /session/668384e1c1f73f3d5461b9d538daca42/elements - {"using":"xpath","value":"//bdi[text()=\"OK\"]"}
RESULT: {"using":"xpath","value":"//bdi[text()=\"OK\"]"}
COMMAND: POST /session/668384e1c1f73f3d5461b9d538daca42/elements - {"using":"xpath","value":"//bdi[text()=\"OK\"]"}
RESULT: {"using":"xpath","value":"//bdi[text()=\"OK\"]"}
COMMAND: POST /session/668384e1c1f73f3d5461b9d538daca42/elements - {"using":"xpath","value":"//bdi[text()=\"OK\"]"}
RESULT: {"using":"xpath","value":"//bdi[text()=\"OK\"]"}
COMMAND: POST /session/668384e1c1f73f3d5461b9d538daca42/elements - {"using":"xpath","value":"//bdi[text()=\"OK\"]"}
RESULT: {"using":"xpath","value":"//bdi[text()=\"OK\"]"}
COMMAND: POST /session/668384e1c1f73f3d5461b9d538daca42/elements - {"using":"xpath","value":"//bdi[text()=\"OK\"]"}
RESULT: {"using":"xpath","value":"//bdi[text()=\"OK\"]"}
COMMAND: POST /session/668384e1c1f73f3d5461b9d538daca42/elements - {"using":"xpath","value":"//bdi[text()=\"OK\"]"}
RESULT: {"using":"xpath","value":"//bdi[text()=\"OK\"]"}
COMMAND: POST /session/668384e1c1f73f3d5461b9d538daca42/elements - {"using":"xpath","value":"//bdi[text()=\"OK\"]"}
RESULT: {"using":"xpath","value":"//bdi[text()=\"OK\"]"}
COMMAND: POST /session/668384e1c1f73f3d5461b9d538daca42/elements - {"using":"xpath","value":"//bdi[text()=\"OK\"]"}
RESULT: {"using":"xpath","value":"//bdi[text()=\"OK\"]"}
COMMAND: POST /session/668384e1c1f73f3d5461b9d538daca42/elements - {"using":"xpath","value":"//bdi[text()=\"OK\"]"}
RESULT: {"using":"xpath","value":"//bdi[text()=\"OK\"]"}
COMMAND: POST /session/668384e1c1f73f3d5461b9d538daca42/elements - {"using":"xpath","value":"//bdi[text()=\"OK\"]"}
RESULT: {"using":"xpath","value":"//bdi[text()=\"OK\"]"}
COMMAND: POST /session/668384e1c1f73f3d5461b9d538daca42/elements - {"using":"xpath","value":"//bdi[text()=\"OK\"]"}
RESULT: {"using":"xpath","value":"//bdi[text()=\"OK\"]"}
COMMAND: POST /session/668384e1c1f73f3d5461b9d538daca42/elements - {"using":"xpath","value":"//bdi[text()=\"OK\"]"}
RESULT: {"using":"xpath","value":"//bdi[text()=\"OK\"]"}
COMMAND: POST /session/668384e1c1f73f3d5461b9d538daca42/elements - {"using":"xpath","value":"//bdi[text()=\"OK\"]"}
RESULT: {"using":"xpath","value":"//bdi[text()=\"OK\"]"}
COMMAND: POST /session/668384e1c1f73f3d5461b9d538daca42/elements - {"using":"xpath","value":"//bdi[text()=\"OK\"]"}
RESULT: {"using":"xpath","value":"//bdi[text()=\"OK\"]"}
COMMAND: POST /session/668384e1c1f73f3d5461b9d538daca42/elements - {"using":"xpath","value":"//bdi[text()=\"OK\"]"}
RESULT: {"using":"xpath","value":"//bdi[text()=\"OK\"]"}
COMMAND: POST /session/668384e1c1f73f3d5461b9d538daca42/elements - {"using":"xpath","value":"//bdi[text()=\"OK\"]"}
RESULT: {"using":"xpath","value":"//bdi[text()=\"OK\"]"}
COMMAND: POST /session/668384e1c1f73f3d5461b9d538daca42/elements - {"using":"xpath","value":"//bdi[text()=\"OK\"]"}
RESULT: {"using":"xpath","value":"//bdi[text()=\"OK\"]"}
COMMAND: POST /session/668384e1c1f73f3d5461b9d538daca42/elements - {"using":"xpath","value":"//bdi[text()=\"OK\"]"}
RESULT: {"using":"xpath","value":"//bdi[text()=\"OK\"]"}
COMMAND: POST /session/668384e1c1f73f3d5461b9d538daca42/elements - {"using":"xpath","value":"//bdi[text()=\"OK\"]"}
RESULT: {"using":"xpath","value":"//bdi[text()=\"OK\"]"}
COMMAND: POST /session/668384e1c1f73f3d5461b9d538daca42/elements - {"using":"xpath","value":"//bdi[text()=\"OK\"]"}
RESULT: {"using":"xpath","value":"//bdi[text()=\"OK\"]"}
COMMAND: POST /session/668384e1c1f73f3d5461b9d538daca42/elements - {"using":"xpath","value":"//bdi[text()=\"OK\"]"}
RESULT: {"using":"xpath","value":"//bdi[text()=\"OK\"]"}
COMMAND: POST /session/668384e1c1f73f3d5461b9d538daca42/elements - {"using":"xpath","value":"//bdi[text()=\"OK\"]"}
RESULT: {"using":"xpath","value":"//bdi[text()=\"OK\"]"}
COMMAND: POST /session/668384e1c1f73f3d5461b9d538daca42/elements - {"using":"xpath","value":"//bdi[text()=\"OK\"]"}
RESULT: {"using":"xpath","value":"//bdi[text()=\"OK\"]"}
COMMAND: POST /session/668384e1c1f73f3d5461b9d538daca42/elements - {"using":"xpath","value":"//bdi[text()=\"OK\"]"}
RESULT: {"using":"xpath","value":"//bdi[text()=\"OK\"]"}
COMMAND: POST /session/668384e1c1f73f3d5461b9d538daca42/elements - {"using":"xpath","value":"//bdi[text()=\"OK\"]"}
RESULT: {"using":"xpath","value":"//bdi[text()=\"OK\"]"}
COMMAND: POST /session/668384e1c1f73f3d5461b9d538daca42/elements - {"using":"xpath","value":"//bdi[text()=\"OK\"]"}
RESULT: {"using":"xpath","value":"//bdi[text()=\"OK\"]"}
COMMAND: POST /session/668384e1c1f73f3d5461b9d538daca42/elements - {"using":"xpath","value":"//bdi[text()=\"OK\"]"}
RESULT: {"using":"xpath","value":"//bdi[text()=\"OK\"]"}
COMMAND: POST /session/668384e1c1f73f3d5461b9d538daca42/elements - {"using":"xpath","value":"//bdi[text()=\"OK\"]"}
RESULT: {"using":"xpath","value":"//bdi[text()=\"OK\"]"}
COMMAND: POST /session/668384e1c1f73f3d5461b9d538daca42/elements - {"using":"xpath","value":"//bdi[text()=\"OK\"]"}
RESULT: {"using":"xpath","value":"//bdi[text()=\"OK\"]"}
COMMAND: POST /session/668384e1c1f73f3d5461b9d538daca42/elements - {"using":"xpath","value":"//bdi[text()=\"OK\"]"}
RESULT: {"using":"xpath","value":"//bdi[text()=\"OK\"]"}
COMMAND: POST /session/668384e1c1f73f3d5461b9d538daca42/elements - {"using":"xpath","value":"//bdi[text()=\"OK\"]"}
RESULT: {"using":"xpath","value":"//bdi[text()=\"OK\"]"}
COMMAND: POST /session/668384e1c1f73f3d5461b9d538daca42/elements - {"using":"xpath","value":"//bdi[text()=\"OK\"]"}
RESULT: {"using":"xpath","value":"//bdi[text()=\"OK\"]"}
COMMAND: POST /session/668384e1c1f73f3d5461b9d538daca42/elements - {"using":"xpath","value":"//bdi[text()=\"OK\"]"}
RESULT: {"using":"xpath","value":"//bdi[text()=\"OK\"]"}
COMMAND: POST /session/668384e1c1f73f3d5461b9d538daca42/elements - {"using":"xpath","value":"//bdi[text()=\"OK\"]"}
RESULT: {"using":"xpath","value":"//bdi[text()=\"OK\"]"}
COMMAND: POST /session/668384e1c1f73f3d5461b9d538daca42/elements - {"using":"xpath","value":"//bdi[text()=\"OK\"]"}
RESULT: {"using":"xpath","value":"//bdi[text()=\"OK\"]"}
COMMAND: POST /session/668384e1c1f73f3d5461b9d538daca42/elements - {"using":"xpath","value":"//bdi[text()=\"OK\"]"}
RESULT: {"using":"xpath","value":"//bdi[text()=\"OK\"]"}
COMMAND: POST /session/668384e1c1f73f3d5461b9d538daca42/elements - {"using":"xpath","value":"//bdi[text()=\"OK\"]"}
RESULT: {"using":"xpath","value":"//bdi[text()=\"OK\"]"}
COMMAND: POST /session/668384e1c1f73f3d5461b9d538daca42/elements - {"using":"xpath","value":"//bdi[text()=\"OK\"]"}
COMMAND: POST /session/668384e1c1f73f3d5461b9d538daca42/element - {"using":"xpath","value":"//bdi[text()=\"OK\"]"}
RESULT: {"using":"xpath","value":"//bdi[text()=\"OK\"]"}
RESULT: {"using":"xpath","value":"//bdi[text()=\"OK\"]"}
COMMAND: POST /session/668384e1c1f73f3d5461b9d538daca42/elements - {"using":"xpath","value":"//bdi[text()=\"OK\"]"}
RESULT: {"using":"xpath","value":"//bdi[text()=\"OK\"]"}
COMMAND: POST /session/668384e1c1f73f3d5461b9d538daca42/elements - {"using":"xpath","value":"//bdi[text()=\"OK\"]"}
RESULT: {"using":"xpath","value":"//bdi[text()=\"OK\"]"}
COMMAND: POST /session/668384e1c1f73f3d5461b9d538daca42/elements - {"using":"xpath","value":"//bdi[text()=\"OK\"]"}
RESULT: {"using":"xpath","value":"//bdi[text()=\"OK\"]"}
COMMAND: POST /session/668384e1c1f73f3d5461b9d538daca42/elements - {"using":"xpath","value":"//bdi[text()=\"OK\"]"}
RESULT: {"using":"xpath","value":"//bdi[text()=\"OK\"]"}
COMMAND: POST /session/668384e1c1f73f3d5461b9d538daca42/elements - {"using":"xpath","value":"//bdi[text()=\"OK\"]"}
RESULT: {"using":"xpath","value":"//bdi[text()=\"OK\"]"}
COMMAND: POST /session/668384e1c1f73f3d5461b9d538daca42/elements - {"using":"xpath","value":"//bdi[text()=\"OK\"]"}
RESULT: {"using":"xpath","value":"//bdi[text()=\"OK\"]"}
COMMAND: POST /session/668384e1c1f73f3d5461b9d538daca42/elements - {"using":"xpath","value":"//bdi[text()=\"OK\"]"}
RESULT: {"using":"xpath","value":"//bdi[text()=\"OK\"]"}
COMMAND: POST /session/668384e1c1f73f3d5461b9d538daca42/elements - {"using":"xpath","value":"//bdi[text()=\"OK\"]"}
RESULT: {"using":"xpath","value":"//bdi[text()=\"OK\"]"}
COMMAND: POST /session/668384e1c1f73f3d5461b9d538daca42/elements - {"using":"xpath","value":"//bdi[text()=\"OK\"]"}
RESULT: {"using":"xpath","value":"//bdi[text()=\"OK\"]"}
COMMAND: POST /session/668384e1c1f73f3d5461b9d538daca42/elements - {"using":"xpath","value":"//bdi[text()=\"OK\"]"}
RESULT: {"using":"xpath","value":"//bdi[text()=\"OK\"]"}
COMMAND: POST /session/668384e1c1f73f3d5461b9d538daca42/elements - {"using":"xpath","value":"//bdi[text()=\"OK\"]"}
RESULT: {"using":"xpath","value":"//bdi[text()=\"OK\"]"}
COMMAND: POST /session/668384e1c1f73f3d5461b9d538daca42/elements - {"using":"xpath","value":"//bdi[text()=\"OK\"]"}
RESULT: {"using":"xpath","value":"//bdi[text()=\"OK\"]"}
COMMAND: POST /session/668384e1c1f73f3d5461b9d538daca42/elements - {"using":"xpath","value":"//bdi[text()=\"OK\"]"}
RESULT: {"using":"xpath","value":"//bdi[text()=\"OK\"]"}
COMMAND: POST /session/668384e1c1f73f3d5461b9d538daca42/elements - {"using":"xpath","value":"//bdi[text()=\"OK\"]"}
RESULT: {"using":"xpath","value":"//bdi[text()=\"OK\"]"}
COMMAND: POST /session/668384e1c1f73f3d5461b9d538daca42/elements - {"using":"xpath","value":"//bdi[text()=\"OK\"]"}
RESULT: {"using":"xpath","value":"//bdi[text()=\"OK\"]"}
COMMAND: POST /session/668384e1c1f73f3d5461b9d538daca42/elements - {"using":"xpath","value":"//bdi[text()=\"OK\"]"}
RESULT: {"using":"xpath","value":"//bdi[text()=\"OK\"]"}
COMMAND: POST /session/668384e1c1f73f3d5461b9d538daca42/elements - {"using":"xpath","value":"//bdi[text()=\"OK\"]"}
RESULT: {"using":"xpath","value":"//bdi[text()=\"OK\"]"}
COMMAND: POST /session/668384e1c1f73f3d5461b9d538daca42/elements - {"using":"xpath","value":"//bdi[text()=\"OK\"]"}
RESULT: {"using":"xpath","value":"//bdi[text()=\"OK\"]"}
COMMAND: POST /session/668384e1c1f73f3d5461b9d538daca42/elements - {"using":"xpath","value":"//bdi[text()=\"OK\"]"}
RESULT: {"using":"xpath","value":"//bdi[text()=\"OK\"]"}
COMMAND: POST /session/668384e1c1f73f3d5461b9d538daca42/elements - {"using":"xpath","value":"//bdi[text()=\"OK\"]"}
RESULT: {"using":"xpath","value":"//bdi[text()=\"OK\"]"}
COMMAND: POST /session/668384e1c1f73f3d5461b9d538daca42/elements - {"using":"xpath","value":"//bdi[text()=\"OK\"]"}
RESULT: {"using":"xpath","value":"//bdi[text()=\"OK\"]"}
COMMAND: POST /session/668384e1c1f73f3d5461b9d538daca42/elements - {"using":"xpath","value":"//bdi[text()=\"OK\"]"}
RESULT: {"using":"xpath","value":"//bdi[text()=\"OK\"]"}
COMMAND: POST /session/668384e1c1f73f3d5461b9d538daca42/elements - {"using":"xpath","value":"//bdi[text()=\"OK\"]"}
RESULT: {"using":"xpath","value":"//bdi[text()=\"OK\"]"}
COMMAND: POST /session/668384e1c1f73f3d5461b9d538daca42/elements - {"using":"xpath","value":"//bdi[text()=\"OK\"]"}
RESULT: {"using":"xpath","value":"//bdi[text()=\"OK\"]"}
COMMAND: POST /session/668384e1c1f73f3d5461b9d538daca42/elements - {"using":"xpath","value":"//bdi[text()=\"OK\"]"}
RESULT: {"using":"xpath","value":"//bdi[text()=\"OK\"]"}
COMMAND: POST /session/668384e1c1f73f3d5461b9d538daca42/elements - {"using":"xpath","value":"//bdi[text()=\"OK\"]"}
RESULT: {"using":"xpath","value":"//bdi[text()=\"OK\"]"}
COMMAND: POST /session/668384e1c1f73f3d5461b9d538daca42/elements - {"using":"xpath","value":"//bdi[text()=\"OK\"]"}
RESULT: {"using":"xpath","value":"//bdi[text()=\"OK\"]"}
COMMAND: POST /session/668384e1c1f73f3d5461b9d538daca42/elements - {"using":"xpath","value":"//bdi[text()=\"OK\"]"}
RESULT: {"using":"xpath","value":"//bdi[text()=\"OK\"]"}
COMMAND: POST /session/668384e1c1f73f3d5461b9d538daca42/elements - {"using":"xpath","value":"//bdi[text()=\"OK\"]"}
RESULT: {"using":"xpath","value":"//bdi[text()=\"OK\"]"}
COMMAND: POST /session/668384e1c1f73f3d5461b9d538daca42/elements - {"using":"xpath","value":"//bdi[text()=\"OK\"]"}
RESULT: {"using":"xpath","value":"//bdi[text()=\"OK\"]"}
COMMAND: POST /session/668384e1c1f73f3d5461b9d538daca42/elements - {"using":"xpath","value":"//bdi[text()=\"OK\"]"}
RESULT: {"using":"xpath","value":"//bdi[text()=\"OK\"]"}
COMMAND: POST /session/668384e1c1f73f3d5461b9d538daca42/elements - {"using":"xpath","value":"//bdi[text()=\"OK\"]"}
RESULT: {"using":"xpath","value":"//bdi[text()=\"OK\"]"}
COMMAND: POST /session/668384e1c1f73f3d5461b9d538daca42/elements - {"using":"xpath","value":"//bdi[text()=\"OK\"]"}
RESULT: {"using":"xpath","value":"//bdi[text()=\"OK\"]"}
COMMAND: POST /session/668384e1c1f73f3d5461b9d538daca42/elements - {"using":"xpath","value":"//bdi[text()=\"OK\"]"}
RESULT: {"using":"xpath","value":"//bdi[text()=\"OK\"]"}
COMMAND: POST /session/668384e1c1f73f3d5461b9d538daca42/elements - {"using":"xpath","value":"//bdi[text()=\"OK\"]"}
RESULT: {"using":"xpath","value":"//bdi[text()=\"OK\"]"}
COMMAND: POST /session/668384e1c1f73f3d5461b9d538daca42/elements - {"using":"xpath","value":"//bdi[text()=\"OK\"]"}
RESULT: {"using":"xpath","value":"//bdi[text()=\"OK\"]"}
COMMAND: POST /session/668384e1c1f73f3d5461b9d538daca42/elements - {"using":"xpath","value":"//bdi[text()=\"OK\"]"}
RESULT: {"using":"xpath","value":"//bdi[text()=\"OK\"]"}
COMMAND: POST /session/668384e1c1f73f3d5461b9d538daca42/elements - {"using":"xpath","value":"//bdi[text()=\"OK\"]"}
RESULT: {"using":"xpath","value":"//bdi[text()=\"OK\"]"}
COMMAND: POST /session/668384e1c1f73f3d5461b9d538daca42/elements - {"using":"xpath","value":"//bdi[text()=\"OK\"]"}
RESULT: {"using":"xpath","value":"//bdi[text()=\"OK\"]"}
COMMAND: POST /session/668384e1c1f73f3d5461b9d538daca42/elements - {"using":"xpath","value":"//bdi[text()=\"OK\"]"}
RESULT: {"using":"xpath","value":"//bdi[text()=\"OK\"]"}
COMMAND: POST /session/668384e1c1f73f3d5461b9d538daca42/elements - {"using":"xpath","value":"//bdi[text()=\"OK\"]"}
RESULT: {"using":"xpath","value":"//bdi[text()=\"OK\"]"}
COMMAND: POST /session/668384e1c1f73f3d5461b9d538daca42/elements - {"using":"xpath","value":"//bdi[text()=\"OK\"]"}
RESULT: {"using":"xpath","value":"//bdi[text()=\"OK\"]"}
COMMAND: POST /session/668384e1c1f73f3d5461b9d538daca42/elements - {"using":"xpath","value":"//bdi[text()=\"OK\"]"}
RESULT: {"using":"xpath","value":"//bdi[text()=\"OK\"]"}
COMMAND: POST /session/668384e1c1f73f3d5461b9d538daca42/elements - {"using":"xpath","value":"//bdi[text()=\"OK\"]"}
RESULT: {"using":"xpath","value":"//bdi[text()=\"OK\"]"}
COMMAND: POST /session/668384e1c1f73f3d5461b9d538daca42/elements - {"using":"xpath","value":"//bdi[text()=\"OK\"]"}
RESULT: {"using":"xpath","value":"//bdi[text()=\"OK\"]"}
COMMAND: POST /session/668384e1c1f73f3d5461b9d538daca42/elements - {"using":"xpath","value":"//bdi[text()=\"OK\"]"}
RESULT: {"using":"xpath","value":"//bdi[text()=\"OK\"]"}
COMMAND: POST /session/668384e1c1f73f3d5461b9d538daca42/elements - {"using":"xpath","value":"//bdi[text()=\"OK\"]"}
RESULT: {"using":"xpath","value":"//bdi[text()=\"OK\"]"}
COMMAND: POST /session/668384e1c1f73f3d5461b9d538daca42/elements - {"using":"xpath","value":"//bdi[text()=\"OK\"]"}
RESULT: {"using":"xpath","value":"//bdi[text()=\"OK\"]"}
COMMAND: POST /session/668384e1c1f73f3d5461b9d538daca42/elements - {"using":"xpath","value":"//bdi[text()=\"OK\"]"}
RESULT: {"using":"xpath","value":"//bdi[text()=\"OK\"]"}
COMMAND: POST /session/668384e1c1f73f3d5461b9d538daca42/elements - {"using":"xpath","value":"//bdi[text()=\"OK\"]"}
RESULT: {"using":"xpath","value":"//bdi[text()=\"OK\"]"}
COMMAND: POST /session/668384e1c1f73f3d5461b9d538daca42/elements - {"using":"xpath","value":"//bdi[text()=\"OK\"]"}
RESULT: {"using":"xpath","value":"//bdi[text()=\"OK\"]"}
COMMAND: POST /session/668384e1c1f73f3d5461b9d538daca42/elements - {"using":"xpath","value":"//bdi[text()=\"OK\"]"}
RESULT: {"using":"xpath","value":"//bdi[text()=\"OK\"]"}
COMMAND: POST /session/668384e1c1f73f3d5461b9d538daca42/elements - {"using":"xpath","value":"//bdi[text()=\"OK\"]"}
RESULT: {"using":"xpath","value":"//bdi[text()=\"OK\"]"}
COMMAND: POST /session/668384e1c1f73f3d5461b9d538daca42/elements - {"using":"xpath","value":"//bdi[text()=\"OK\"]"}
RESULT: {"using":"xpath","value":"//bdi[text()=\"OK\"]"}
COMMAND: POST /session/668384e1c1f73f3d5461b9d538daca42/elements - {"using":"xpath","value":"//bdi[text()=\"OK\"]"}
RESULT: {"using":"xpath","value":"//bdi[text()=\"OK\"]"}
COMMAND: POST /session/668384e1c1f73f3d5461b9d538daca42/elements - {"using":"xpath","value":"//bdi[text()=\"OK\"]"}
RESULT: {"using":"xpath","value":"//bdi[text()=\"OK\"]"}
COMMAND: POST /session/668384e1c1f73f3d5461b9d538daca42/elements - {"using":"xpath","value":"//bdi[text()=\"OK\"]"}
RESULT: {"using":"xpath","value":"//bdi[text()=\"OK\"]"}
COMMAND: POST /session/668384e1c1f73f3d5461b9d538daca42/elements - {"using":"xpath","value":"//bdi[text()=\"OK\"]"}
RESULT: {"using":"xpath","value":"//bdi[text()=\"OK\"]"}
COMMAND: POST /session/668384e1c1f73f3d5461b9d538daca42/elements - {"using":"xpath","value":"//bdi[text()=\"OK\"]"}
RESULT: {"using":"xpath","value":"//bdi[text()=\"OK\"]"}
COMMAND: POST /session/668384e1c1f73f3d5461b9d538daca42/elements - {"using":"xpath","value":"//bdi[text()=\"OK\"]"}
RESULT: {"using":"xpath","value":"//bdi[text()=\"OK\"]"}
COMMAND: POST /session/668384e1c1f73f3d5461b9d538daca42/elements - {"using":"xpath","value":"//bdi[text()=\"OK\"]"}
RESULT: {"using":"xpath","value":"//bdi[text()=\"OK\"]"}
COMMAND: POST /session/668384e1c1f73f3d5461b9d538daca42/elements - {"using":"xpath","value":"//bdi[text()=\"OK\"]"}
RESULT: {"using":"xpath","value":"//bdi[text()=\"OK\"]"}
COMMAND: POST /session/668384e1c1f73f3d5461b9d538daca42/elements - {"using":"xpath","value":"//bdi[text()=\"OK\"]"}
RESULT: {"using":"xpath","value":"//bdi[text()=\"OK\"]"}
COMMAND: POST /session/668384e1c1f73f3d5461b9d538daca42/elements - {"using":"xpath","value":"//bdi[text()=\"OK\"]"}
RESULT: {"using":"xpath","value":"//bdi[text()=\"OK\"]"}
COMMAND: POST /session/668384e1c1f73f3d5461b9d538daca42/elements - {"using":"xpath","value":"//bdi[text()=\"OK\"]"}
RESULT: {"using":"xpath","value":"//bdi[text()=\"OK\"]"}
COMMAND: POST /session/668384e1c1f73f3d5461b9d538daca42/elements - {"using":"xpath","value":"//bdi[text()=\"OK\"]"}
RESULT: {"using":"xpath","value":"//bdi[text()=\"OK\"]"}
COMMAND: POST /session/668384e1c1f73f3d5461b9d538daca42/elements - {"using":"xpath","value":"//bdi[text()=\"OK\"]"}
RESULT: {"using":"xpath","value":"//bdi[text()=\"OK\"]"}
COMMAND: POST /session/668384e1c1f73f3d5461b9d538daca42/elements - {"using":"xpath","value":"//bdi[text()=\"OK\"]"}
RESULT: {"using":"xpath","value":"//bdi[text()=\"OK\"]"}
COMMAND: POST /session/668384e1c1f73f3d5461b9d538daca42/elements - {"using":"xpath","value":"//bdi[text()=\"OK\"]"}
RESULT: {"using":"xpath","value":"//bdi[text()=\"OK\"]"}
COMMAND: POST /session/668384e1c1f73f3d5461b9d538daca42/elements - {"using":"xpath","value":"//bdi[text()=\"OK\"]"}
RESULT: {"using":"xpath","value":"//bdi[text()=\"OK\"]"}
COMMAND: POST /session/668384e1c1f73f3d5461b9d538daca42/elements - {"using":"xpath","value":"//bdi[text()=\"OK\"]"}
RESULT: {"using":"xpath","value":"//bdi[text()=\"OK\"]"}
COMMAND: POST /session/668384e1c1f73f3d5461b9d538daca42/elements - {"using":"xpath","value":"//bdi[text()=\"OK\"]"}
RESULT: {"using":"xpath","value":"//bdi[text()=\"OK\"]"}
COMMAND: POST /session/668384e1c1f73f3d5461b9d538daca42/elements - {"using":"xpath","value":"//bdi[text()=\"OK\"]"}
RESULT: {"using":"xpath","value":"//bdi[text()=\"OK\"]"}
COMMAND: POST /session/668384e1c1f73f3d5461b9d538daca42/elements - {"using":"xpath","value":"//bdi[text()=\"OK\"]"}
RESULT: {"using":"xpath","value":"//bdi[text()=\"OK\"]"}
COMMAND: POST /session/668384e1c1f73f3d5461b9d538daca42/elements - {"using":"xpath","value":"//bdi[text()=\"OK\"]"}
RESULT: {"using":"xpath","value":"//bdi[text()=\"OK\"]"}
COMMAND: POST /session/668384e1c1f73f3d5461b9d538daca42/elements - {"using":"xpath","value":"//bdi[text()=\"OK\"]"}
RESULT: {"using":"xpath","value":"//bdi[text()=\"OK\"]"}
COMMAND: POST /session/668384e1c1f73f3d5461b9d538daca42/elements - {"using":"xpath","value":"//bdi[text()=\"OK\"]"}
RESULT: {"using":"xpath","value":"//bdi[text()=\"OK\"]"}
COMMAND: POST /session/668384e1c1f73f3d5461b9d538daca42/elements - {"using":"xpath","value":"//bdi[text()=\"OK\"]"}
RESULT: {"using":"xpath","value":"//bdi[text()=\"OK\"]"}
COMMAND: POST /session/668384e1c1f73f3d5461b9d538daca42/elements - {"using":"xpath","value":"//bdi[text()=\"OK\"]"}
RESULT: {"using":"xpath","value":"//bdi[text()=\"OK\"]"}
COMMAND: POST /session/668384e1c1f73f3d5461b9d538daca42/elements - {"using":"xpath","value":"//bdi[text()=\"OK\"]"}
RESULT: {"using":"xpath","value":"//bdi[text()=\"OK\"]"}
COMMAND: POST /session/668384e1c1f73f3d5461b9d538daca42/elements - {"using":"xpath","value":"//bdi[text()=\"OK\"]"}
RESULT: {"using":"xpath","value":"//bdi[text()=\"OK\"]"}
COMMAND: POST /session/668384e1c1f73f3d5461b9d538daca42/elements - {"using":"xpath","value":"//bdi[text()=\"OK\"]"}
RESULT: {"using":"xpath","value":"//bdi[text()=\"OK\"]"}
COMMAND: POST /session/668384e1c1f73f3d5461b9d538daca42/elements - {"using":"xpath","value":"//bdi[text()=\"OK\"]"}
RESULT: {"using":"xpath","value":"//bdi[text()=\"OK\"]"}
COMMAND: POST /session/668384e1c1f73f3d5461b9d538daca42/elements - {"using":"xpath","value":"//bdi[text()=\"OK\"]"}
RESULT: {"using":"xpath","value":"//bdi[text()=\"OK\"]"}
COMMAND: POST /session/668384e1c1f73f3d5461b9d538daca42/elements - {"using":"xpath","value":"//bdi[text()=\"OK\"]"}
RESULT: {"using":"xpath","value":"//bdi[text()=\"OK\"]"}
COMMAND: POST /session/668384e1c1f73f3d5461b9d538daca42/elements - {"using":"xpath","value":"//bdi[text()=\"OK\"]"}
RESULT: {"using":"xpath","value":"//bdi[text()=\"OK\"]"}
COMMAND: POST /session/668384e1c1f73f3d5461b9d538daca42/elements - {"using":"xpath","value":"//bdi[text()=\"OK\"]"}
RESULT: {"using":"xpath","value":"//bdi[text()=\"OK\"]"}
COMMAND: POST /session/668384e1c1f73f3d5461b9d538daca42/elements - {"using":"xpath","value":"//bdi[text()=\"OK\"]"}
RESULT: {"using":"xpath","value":"//bdi[text()=\"OK\"]"}
COMMAND: POST /session/668384e1c1f73f3d5461b9d538daca42/elements - {"using":"xpath","value":"//bdi[text()=\"OK\"]"}
RESULT: {"using":"xpath","value":"//bdi[text()=\"OK\"]"}
COMMAND: POST /session/668384e1c1f73f3d5461b9d538daca42/elements - {"using":"xpath","value":"//bdi[text()=\"OK\"]"}
RESULT: {"using":"xpath","value":"//bdi[text()=\"OK\"]"}
COMMAND: POST /session/668384e1c1f73f3d5461b9d538daca42/elements - {"using":"xpath","value":"//bdi[text()=\"OK\"]"}
RESULT: {"using":"xpath","value":"//bdi[text()=\"OK\"]"}
COMMAND: POST /session/668384e1c1f73f3d5461b9d538daca42/elements - {"using":"xpath","value":"//bdi[text()=\"OK\"]"}
RESULT: {"using":"xpath","value":"//bdi[text()=\"OK\"]"}
COMMAND: POST /session/668384e1c1f73f3d5461b9d538daca42/elements - {"using":"xpath","value":"//bdi[text()=\"OK\"]"}
RESULT: {"using":"xpath","value":"//bdi[text()=\"OK\"]"}
COMMAND: POST /session/668384e1c1f73f3d5461b9d538daca42/elements - {"using":"xpath","value":"//bdi[text()=\"OK\"]"}
RESULT: {"using":"xpath","value":"//bdi[text()=\"OK\"]"}
COMMAND: POST /session/668384e1c1f73f3d5461b9d538daca42/elements - {"using":"xpath","value":"//bdi[text()=\"OK\"]"}
RESULT: {"using":"xpath","value":"//bdi[text()=\"OK\"]"}
COMMAND: POST /session/668384e1c1f73f3d5461b9d538daca42/elements - {"using":"xpath","value":"//bdi[text()=\"OK\"]"}
RESULT: {"using":"xpath","value":"//bdi[text()=\"OK\"]"}
COMMAND: POST /session/668384e1c1f73f3d5461b9d538daca42/elements - {"using":"xpath","value":"//bdi[text()=\"OK\"]"}
RESULT: {"using":"xpath","value":"//bdi[text()=\"OK\"]"}
COMMAND: POST /session/668384e1c1f73f3d5461b9d538daca42/elements - {"using":"xpath","value":"//bdi[text()=\"OK\"]"}
RESULT: {"using":"xpath","value":"//bdi[text()=\"OK\"]"}
COMMAND: POST /session/668384e1c1f73f3d5461b9d538daca42/elements - {"using":"xpath","value":"//bdi[text()=\"OK\"]"}
RESULT: {"using":"xpath","value":"//bdi[text()=\"OK\"]"}
COMMAND: POST /session/668384e1c1f73f3d5461b9d538daca42/elements - {"using":"xpath","value":"//bdi[text()=\"OK\"]"}
RESULT: {"using":"xpath","value":"//bdi[text()=\"OK\"]"}
COMMAND: POST /session/668384e1c1f73f3d5461b9d538daca42/elements - {"using":"xpath","value":"//bdi[text()=\"OK\"]"}
RESULT: {"using":"xpath","value":"//bdi[text()=\"OK\"]"}
COMMAND: POST /session/668384e1c1f73f3d5461b9d538daca42/elements - {"using":"xpath","value":"//bdi[text()=\"OK\"]"}
RESULT: {"using":"xpath","value":"//bdi[text()=\"OK\"]"}
COMMAND: POST /session/668384e1c1f73f3d5461b9d538daca42/elements - {"using":"xpath","value":"//bdi[text()=\"OK\"]"}
RESULT: {"using":"xpath","value":"//bdi[text()=\"OK\"]"}
COMMAND: POST /session/668384e1c1f73f3d5461b9d538daca42/elements - {"using":"xpath","value":"//bdi[text()=\"OK\"]"}
RESULT: {"using":"xpath","value":"//bdi[text()=\"OK\"]"}
COMMAND: POST /session/668384e1c1f73f3d5461b9d538daca42/elements - {"using":"xpath","value":"//bdi[text()=\"OK\"]"}
RESULT: {"using":"xpath","value":"//bdi[text()=\"OK\"]"}
COMMAND: POST /session/668384e1c1f73f3d5461b9d538daca42/elements - {"using":"xpath","value":"//bdi[text()=\"OK\"]"}
RESULT: {"using":"xpath","value":"//bdi[text()=\"OK\"]"}
COMMAND: POST /session/668384e1c1f73f3d5461b9d538daca42/elements - {"using":"xpath","value":"//bdi[text()=\"OK\"]"}
RESULT: {"using":"xpath","value":"//bdi[text()=\"OK\"]"}
COMMAND: POST /session/668384e1c1f73f3d5461b9d538daca42/elements - {"using":"xpath","value":"//bdi[text()=\"OK\"]"}
RESULT: {"using":"xpath","value":"//bdi[text()=\"OK\"]"}
COMMAND: POST /session/668384e1c1f73f3d5461b9d538daca42/elements - {"using":"xpath","value":"//bdi[text()=\"OK\"]"}
RESULT: {"using":"xpath","value":"//bdi[text()=\"OK\"]"}
COMMAND: POST /session/668384e1c1f73f3d5461b9d538daca42/elements - {"using":"xpath","value":"//bdi[text()=\"OK\"]"}
RESULT: {"using":"xpath","value":"//bdi[text()=\"OK\"]"}
COMMAND: POST /session/668384e1c1f73f3d5461b9d538daca42/elements - {"using":"xpath","value":"//bdi[text()=\"OK\"]"}
RESULT: {"using":"xpath","value":"//bdi[text()=\"OK\"]"}
COMMAND: POST /session/668384e1c1f73f3d5461b9d538daca42/elements - {"using":"xpath","value":"//bdi[text()=\"OK\"]"}
RESULT: {"using":"xpath","value":"//bdi[text()=\"OK\"]"}
COMMAND: POST /session/668384e1c1f73f3d5461b9d538daca42/elements - {"using":"xpath","value":"//bdi[text()=\"OK\"]"}
RESULT: {"using":"xpath","value":"//bdi[text()=\"OK\"]"}
COMMAND: POST /session/668384e1c1f73f3d5461b9d538daca42/elements - {"using":"xpath","value":"//bdi[text()=\"OK\"]"}
RESULT: {"using":"xpath","value":"//bdi[text()=\"OK\"]"}
COMMAND: POST /session/668384e1c1f73f3d5461b9d538daca42/elements - {"using":"xpath","value":"//bdi[text()=\"OK\"]"}
RESULT: {"using":"xpath","value":"//bdi[text()=\"OK\"]"}
COMMAND: POST /session/668384e1c1f73f3d5461b9d538daca42/elements - {"using":"xpath","value":"//bdi[text()=\"OK\"]"}
RESULT: {"using":"xpath","value":"//bdi[text()=\"OK\"]"}
COMMAND: POST /session/668384e1c1f73f3d5461b9d538daca42/elements - {"using":"xpath","value":"//bdi[text()=\"OK\"]"}
RESULT: {"using":"xpath","value":"//bdi[text()=\"OK\"]"}
COMMAND: POST /session/668384e1c1f73f3d5461b9d538daca42/elements - {"using":"xpath","value":"//bdi[text()=\"OK\"]"}
RESULT: {"using":"xpath","value":"//bdi[text()=\"OK\"]"}
COMMAND: POST /session/668384e1c1f73f3d5461b9d538daca42/elements - {"using":"xpath","value":"//bdi[text()=\"OK\"]"}
RESULT: {"using":"xpath","value":"//bdi[text()=\"OK\"]"}
COMMAND: POST /session/668384e1c1f73f3d5461b9d538daca42/elements - {"using":"xpath","value":"//bdi[text()=\"OK\"]"}
RESULT: {"using":"xpath","value":"//bdi[text()=\"OK\"]"}
COMMAND: POST /session/668384e1c1f73f3d5461b9d538daca42/execute/async - {"script":"<script> [1562 bytes]","args":[{"selector":{"id":"application-manageresources-display-component---newResourceUnit--TYPE-arrow"},"wdio_ui5_key":"applicationmanageresources-display-component---newResourceUnit--TYPE-arrow"}]}
RESULT: {"script":"<script> [1562 bytes]","args":[{"selector":{"id":"application-manageresources-display-component---newResourceUnit--TYPE-arrow"},"wdio_ui5_key":"applicationmanageresources-display-component---newResourceUnit--TYPE-arrow"}]}
RESULT: undefined
COMMAND: POST /session/668384e1c1f73f3d5461b9d538daca42/element - {"using":"xpath","value":"//*[@id=\"application-manageresources-display-component---newResourceUnit--TYPE-arrow\"]"}
RESULT: {"using":"xpath","value":"//*[@id=\"application-manageresources-display-component---newResourceUnit--TYPE-arrow\"]"}
COMMAND: POST /session/668384e1c1f73f3d5461b9d538daca42/element/f.F64AD31729AEE402AD374BC91D68D115.d.A8E1E80D0D11B483DED8AB5B29761872.e.2717/click - {}
RESULT: {}
COMMAND: POST /session/668384e1c1f73f3d5461b9d538daca42/execute/async - {"script":"<script> [1562 bytes]","args":[{"selector":{"controlType":"sap.m.StandardListItem","viewName":"reusables.view.manageresources.NewResourceUnit","viewId":"application-manageresources-display-component---newResourceUnit","properties":{"title":"Material"},"searchOpenDialogs":true,"interaction":{"idSuffix":"titleText"}},"wdio_ui5_key":"reusablesview.manageresources.NewResourceUnitsap.m.StandardListItem{\"title\":\"Material\"}"}]}
COMMAND: GET /session/668384e1c1f73f3d5461b9d538daca42/screenshot - {}
RESULT: {"script":"<script> [1562 bytes]","args":[{"selector":{"controlType":"sap.m.StandardListItem","viewName":"reusables.view.manageresources.NewResourceUnit","viewId":"application-manageresources-display-component---newResourceUnit","properties":{"title":"Material"},"searchOpenDialogs":true,"interaction":{"idSuffix":"titleText"}},"wdio_ui5_key":"reusablesview.manageresources.NewResourceUnitsap.m.StandardListItem{\"title\":\"Material\"}"}]}
RESULT: undefined
COMMAND: POST /session/668384e1c1f73f3d5461b9d538daca42/element - {"using":"xpath","value":"//*[@id=\"__item789\"]"}
RESULT: {}
RESULT: {"using":"xpath","value":"//*[@id=\"__item789\"]"}
COMMAND: POST /session/668384e1c1f73f3d5461b9d538daca42/element/f.F64AD31729AEE402AD374BC91D68D115.d.A8E1E80D0D11B483DED8AB5B29761872.e.2720/click - {}
RESULT: {}
COMMAND: GET /session/668384e1c1f73f3d5461b9d538daca42/screenshot - {}
RESULT: {}
COMMAND: POST /session/668384e1c1f73f3d5461b9d538daca42/execute/async - {"script":"<script> [1562 bytes]","args":[{"selector":{"id":"application-manageresources-display-component---newResourceUnit--newRRUPage-OPHeaderContent-collapseBtn-img"},"wdio_ui5_key":"applicationmanageresources-display-component---newResourceUnit--newRRUPage-OPHeaderContent-collapseBtn-img"}]}
RESULT: {"script":"<script> [1562 bytes]","args":[{"selector":{"id":"application-manageresources-display-component---newResourceUnit--newRRUPage-OPHeaderContent-collapseBtn-img"},"wdio_ui5_key":"applicationmanageresources-display-component---newResourceUnit--newRRUPage-OPHeaderContent-collapseBtn-img"}]}
RESULT: undefined
COMMAND: POST /session/668384e1c1f73f3d5461b9d538daca42/element - {"using":"xpath","value":"//*[@id=\"application-manageresources-display-component---newResourceUnit--newRRUPage-OPHeaderContent-collapseBtn-img\"]"}
RESULT: {"using":"xpath","value":"//*[@id=\"application-manageresources-display-component---newResourceUnit--newRRUPage-OPHeaderContent-collapseBtn-img\"]"}
COMMAND: POST /session/668384e1c1f73f3d5461b9d538daca42/element/f.F64AD31729AEE402AD374BC91D68D115.d.A8E1E80D0D11B483DED8AB5B29761872.e.2727/click - {}
RESULT: {}
COMMAND: GET /session/668384e1c1f73f3d5461b9d538daca42/screenshot - {}
RESULT: {}
COMMAND: POST /session/668384e1c1f73f3d5461b9d538daca42/execute/async - {"script":"<script> [1562 bytes]","args":[{"selector":{"id":"application-manageresources-display-component---newResourceUnit--SHORT_TEXT","interaction":{"idSuffix":"inner"}},"wdio_ui5_key":"applicationmanageresources-display-component---newResourceUnit--SHORT_TEXT"}]}
RESULT: {"script":"<script> [1562 bytes]","args":[{"selector":{"id":"application-manageresources-display-component---newResourceUnit--SHORT_TEXT","interaction":{"idSuffix":"inner"}},"wdio_ui5_key":"applicationmanageresources-display-component---newResourceUnit--SHORT_TEXT"}]}
RESULT: undefined
COMMAND: POST /session/668384e1c1f73f3d5461b9d538daca42/execute/async - {"script":"<script> [776 bytes]","args":[{"enterText":"WebdriverWHM_RUR2Cb0a1n","selector":{"id":"application-manageresources-display-component---newResourceUnit--SHORT_TEXT","interaction":{"idSuffix":"inner"}},"clearTextFirst":true,"interactionType":"ENTER_TEXT"}]}
RESULT: {"script":"<script> [776 bytes]","args":[{"enterText":"WebdriverWHM_RUR2Cb0a1n","selector":{"id":"application-manageresources-display-component---newResourceUnit--SHORT_TEXT","interaction":{"idSuffix":"inner"}},"clearTextFirst":true,"interactionType":"ENTER_TEXT"}]}
COMMAND: POST /session/668384e1c1f73f3d5461b9d538daca42/execute/async - {"script":"<script> [1562 bytes]","args":[{"selector":{"id":"application-manageresources-display-component---newResourceUnit--BASE_UNIT_OF_MEASURE-arrow"},"wdio_ui5_key":"applicationmanageresources-display-component---newResourceUnit--BASE_UNIT_OF_MEASURE-arrow"}]}
RESULT: {"script":"<script> [1562 bytes]","args":[{"selector":{"id":"application-manageresources-display-component---newResourceUnit--BASE_UNIT_OF_MEASURE-arrow"},"wdio_ui5_key":"applicationmanageresources-display-component---newResourceUnit--BASE_UNIT_OF_MEASURE-arrow"}]}
RESULT: undefined
COMMAND: POST /session/668384e1c1f73f3d5461b9d538daca42/element - {"using":"xpath","value":"//*[@id=\"application-manageresources-display-component---newResourceUnit--BASE_UNIT_OF_MEASURE-arrow\"]"}
RESULT: {"using":"xpath","value":"//*[@id=\"application-manageresources-display-component---newResourceUnit--BASE_UNIT_OF_MEASURE-arrow\"]"}
COMMAND: POST /session/668384e1c1f73f3d5461b9d538daca42/element/f.F64AD31729AEE402AD374BC91D68D115.d.A8E1E80D0D11B483DED8AB5B29761872.e.2780/click - {}
RESULT: {}
COMMAND: POST /session/668384e1c1f73f3d5461b9d538daca42/execute/async - {"script":"<script> [1562 bytes]","args":[{"selector":{"controlType":"sap.m.StandardListItem","viewName":"reusables.view.manageresources.NewResourceUnit","viewId":"application-manageresources-display-component---newResourceUnit","properties":{"title":"Piece"},"searchOpenDialogs":true,"interaction":{"idSuffix":"content"}},"wdio_ui5_key":"reusablesview.manageresources.NewResourceUnitsap.m.StandardListItem{\"title\":\"Piece\"}"}]}
COMMAND: GET /session/668384e1c1f73f3d5461b9d538daca42/screenshot - {}
RESULT: {"script":"<script> [1562 bytes]","args":[{"selector":{"controlType":"sap.m.StandardListItem","viewName":"reusables.view.manageresources.NewResourceUnit","viewId":"application-manageresources-display-component---newResourceUnit","properties":{"title":"Piece"},"searchOpenDialogs":true,"interaction":{"idSuffix":"content"}},"wdio_ui5_key":"reusablesview.manageresources.NewResourceUnitsap.m.StandardListItem{\"title\":\"Piece\"}"}]}
RESULT: undefined
COMMAND: POST /session/668384e1c1f73f3d5461b9d538daca42/element - {"using":"xpath","value":"//*[@id=\"__item833\"]"}
RESULT: {}
RESULT: {"using":"xpath","value":"//*[@id=\"__item833\"]"}
COMMAND: POST /session/668384e1c1f73f3d5461b9d538daca42/element/f.F64AD31729AEE402AD374BC91D68D115.d.A8E1E80D0D11B483DED8AB5B29761872.e.2782/click - {}
RESULT: {}
COMMAND: POST /session/668384e1c1f73f3d5461b9d538daca42/execute/async - {"script":"<script> [1562 bytes]","args":[{"selector":{"id":"application-manageresources-display-component---newResourceUnit--WEIGHT_UNIT-arrow"},"wdio_ui5_key":"applicationmanageresources-display-component---newResourceUnit--WEIGHT_UNIT-arrow"}]}
COMMAND: GET /session/668384e1c1f73f3d5461b9d538daca42/screenshot - {}
RESULT: {"script":"<script> [1562 bytes]","args":[{"selector":{"id":"application-manageresources-display-component---newResourceUnit--WEIGHT_UNIT-arrow"},"wdio_ui5_key":"applicationmanageresources-display-component---newResourceUnit--WEIGHT_UNIT-arrow"}]}
RESULT: undefined
COMMAND: POST /session/668384e1c1f73f3d5461b9d538daca42/element - {"using":"xpath","value":"//*[@id=\"application-manageresources-display-component---newResourceUnit--WEIGHT_UNIT-arrow\"]"}
RESULT: {}
RESULT: {"using":"xpath","value":"//*[@id=\"application-manageresources-display-component---newResourceUnit--WEIGHT_UNIT-arrow\"]"}
COMMAND: POST /session/668384e1c1f73f3d5461b9d538daca42/element/f.F64AD31729AEE402AD374BC91D68D115.d.A8E1E80D0D11B483DED8AB5B29761872.e.2783/click - {}
RESULT: {}
COMMAND: POST /session/668384e1c1f73f3d5461b9d538daca42/execute/async - {"script":"<script> [1562 bytes]","args":[{"selector":{"controlType":"sap.m.StandardListItem","viewName":"reusables.view.manageresources.NewResourceUnit","viewId":"application-manageresources-display-component---newResourceUnit","properties":{"title":"Gram"},"searchOpenDialogs":true,"interaction":{"idSuffix":"content"}},"wdio_ui5_key":"reusablesview.manageresources.NewResourceUnitsap.m.StandardListItem{\"title\":\"Gram\"}"}]}
COMMAND: GET /session/668384e1c1f73f3d5461b9d538daca42/screenshot - {}
RESULT: {"script":"<script> [1562 bytes]","args":[{"selector":{"controlType":"sap.m.StandardListItem","viewName":"reusables.view.manageresources.NewResourceUnit","viewId":"application-manageresources-display-component---newResourceUnit","properties":{"title":"Gram"},"searchOpenDialogs":true,"interaction":{"idSuffix":"content"}},"wdio_ui5_key":"reusablesview.manageresources.NewResourceUnitsap.m.StandardListItem{\"title\":\"Gram\"}"}]}
RESULT: undefined
COMMAND: POST /session/668384e1c1f73f3d5461b9d538daca42/element - {"using":"xpath","value":"//*[@id=\"__item898\"]"}
RESULT: {}
RESULT: {"using":"xpath","value":"//*[@id=\"__item898\"]"}
COMMAND: POST /session/668384e1c1f73f3d5461b9d538daca42/element/f.F64AD31729AEE402AD374BC91D68D115.d.A8E1E80D0D11B483DED8AB5B29761872.e.2785/click - {}
RESULT: {}
COMMAND: POST /session/668384e1c1f73f3d5461b9d538daca42/element - {"using":"xpath","value":"//bdi[text()='Reference']"}
COMMAND: GET /session/668384e1c1f73f3d5461b9d538daca42/screenshot - {}
RESULT: {"using":"xpath","value":"//bdi[text()='Reference']"}
COMMAND: GET /session/668384e1c1f73f3d5461b9d538daca42/element/f.F64AD31729AEE402AD374BC91D68D115.d.A8E1E80D0D11B483DED8AB5B29761872.e.2786/enabled - {}
RESULT: {}
RESULT: {}
COMMAND: POST /session/668384e1c1f73f3d5461b9d538daca42/execute/sync - {"script":"<script> [8489 bytes]","args":[{"element-6066-11e4-a52e-4f735466cecf":"f.F64AD31729AEE402AD374BC91D68D115.d.A8E1E80D0D11B483DED8AB5B29761872.e.2786","ELEMENT":"f.F64AD31729AEE402AD374BC91D68D115.d.A8E1E80D0D11B483DED8AB5B29761872.e.2786"}]}
COMMAND: GET /session/668384e1c1f73f3d5461b9d538daca42/screenshot - {}
RESULT: {"script":"<script> [8489 bytes]","args":[{"element-6066-11e4-a52e-4f735466cecf":"f.F64AD31729AEE402AD374BC91D68D115.d.A8E1E80D0D11B483DED8AB5B29761872.e.2786","ELEMENT":"f.F64AD31729AEE402AD374BC91D68D115.d.A8E1E80D0D11B483DED8AB5B29761872.e.2786"}]}
COMMAND: POST /session/668384e1c1f73f3d5461b9d538daca42/execute/sync - {"script":"<script> [5351 bytes]","args":[{"element-6066-11e4-a52e-4f735466cecf":"f.F64AD31729AEE402AD374BC91D68D115.d.A8E1E80D0D11B483DED8AB5B29761872.e.2786","ELEMENT":"f.F64AD31729AEE402AD374BC91D68D115.d.A8E1E80D0D11B483DED8AB5B29761872.e.2786"}]}
COMMAND: GET /session/668384e1c1f73f3d5461b9d538daca42/screenshot - {}
RESULT: {}
RESULT: {"script":"<script> [5351 bytes]","args":[{"element-6066-11e4-a52e-4f735466cecf":"f.F64AD31729AEE402AD374BC91D68D115.d.A8E1E80D0D11B483DED8AB5B29761872.e.2786","ELEMENT":"f.F64AD31729AEE402AD374BC91D68D115.d.A8E1E80D0D11B483DED8AB5B29761872.e.2786"}]}
COMMAND: POST /session/668384e1c1f73f3d5461b9d538daca42/element/f.F64AD31729AEE402AD374BC91D68D115.d.A8E1E80D0D11B483DED8AB5B29761872.e.2786/click - {}
COMMAND: GET /session/668384e1c1f73f3d5461b9d538daca42/screenshot - {}
RESULT: {}
RESULT: {}
COMMAND: POST /session/668384e1c1f73f3d5461b9d538daca42/element - {"using":"xpath","value":"//bdi[text()='General Information']"}
COMMAND: GET /session/668384e1c1f73f3d5461b9d538daca42/screenshot - {}
RESULT: {}
RESULT: {"using":"xpath","value":"//bdi[text()='General Information']"}
COMMAND: GET /session/668384e1c1f73f3d5461b9d538daca42/element/f.F64AD31729AEE402AD374BC91D68D115.d.A8E1E80D0D11B483DED8AB5B29761872.e.2791/enabled - {}
RESULT: {}
RESULT: {}
COMMAND: POST /session/668384e1c1f73f3d5461b9d538daca42/execute/sync - {"script":"<script> [8489 bytes]","args":[{"element-6066-11e4-a52e-4f735466cecf":"f.F64AD31729AEE402AD374BC91D68D115.d.A8E1E80D0D11B483DED8AB5B29761872.e.2791","ELEMENT":"f.F64AD31729AEE402AD374BC91D68D115.d.A8E1E80D0D11B483DED8AB5B29761872.e.2791"}]}
COMMAND: GET /session/668384e1c1f73f3d5461b9d538daca42/screenshot - {}
RESULT: {"script":"<script> [8489 bytes]","args":[{"element-6066-11e4-a52e-4f735466cecf":"f.F64AD31729AEE402AD374BC91D68D115.d.A8E1E80D0D11B483DED8AB5B29761872.e.2791","ELEMENT":"f.F64AD31729AEE402AD374BC91D68D115.d.A8E1E80D0D11B483DED8AB5B29761872.e.2791"}]}
COMMAND: POST /session/668384e1c1f73f3d5461b9d538daca42/execute/sync - {"script":"<script> [5351 bytes]","args":[{"element-6066-11e4-a52e-4f735466cecf":"f.F64AD31729AEE402AD374BC91D68D115.d.A8E1E80D0D11B483DED8AB5B29761872.e.2791","ELEMENT":"f.F64AD31729AEE402AD374BC91D68D115.d.A8E1E80D0D11B483DED8AB5B29761872.e.2791"}]}
COMMAND: GET /session/668384e1c1f73f3d5461b9d538daca42/screenshot - {}
RESULT: {}
RESULT: {"script":"<script> [5351 bytes]","args":[{"element-6066-11e4-a52e-4f735466cecf":"f.F64AD31729AEE402AD374BC91D68D115.d.A8E1E80D0D11B483DED8AB5B29761872.e.2791","ELEMENT":"f.F64AD31729AEE402AD374BC91D68D115.d.A8E1E80D0D11B483DED8AB5B29761872.e.2791"}]}
COMMAND: POST /session/668384e1c1f73f3d5461b9d538daca42/element/f.F64AD31729AEE402AD374BC91D68D115.d.A8E1E80D0D11B483DED8AB5B29761872.e.2791/click - {}
COMMAND: GET /session/668384e1c1f73f3d5461b9d538daca42/screenshot - {}
RESULT: {}
RESULT: {}
COMMAND: POST /session/668384e1c1f73f3d5461b9d538daca42/execute/async - {"script":"<script> [1562 bytes]","args":[{"selector":{"id":"application-manageresources-display-component---newResourceUnit--DIMENSION_UNIT-arrow"},"wdio_ui5_key":"applicationmanageresources-display-component---newResourceUnit--DIMENSION_UNIT-arrow"}]}
COMMAND: GET /session/668384e1c1f73f3d5461b9d538daca42/screenshot - {}
RESULT: {}
RESULT: {"script":"<script> [1562 bytes]","args":[{"selector":{"id":"application-manageresources-display-component---newResourceUnit--DIMENSION_UNIT-arrow"},"wdio_ui5_key":"applicationmanageresources-display-component---newResourceUnit--DIMENSION_UNIT-arrow"}]}
RESULT: undefined
COMMAND: POST /session/668384e1c1f73f3d5461b9d538daca42/element - {"using":"xpath","value":"//*[@id=\"application-manageresources-display-component---newResourceUnit--DIMENSION_UNIT-arrow\"]"}
RESULT: {}
RESULT: {"using":"xpath","value":"//*[@id=\"application-manageresources-display-component---newResourceUnit--DIMENSION_UNIT-arrow\"]"}
COMMAND: POST /session/668384e1c1f73f3d5461b9d538daca42/element/f.F64AD31729AEE402AD374BC91D68D115.d.A8E1E80D0D11B483DED8AB5B29761872.e.2795/click - {}
RESULT: {}
COMMAND: GET /session/668384e1c1f73f3d5461b9d538daca42/screenshot - {}
RESULT: {}
COMMAND: POST /session/668384e1c1f73f3d5461b9d538daca42/execute/async - {"script":"<script> [1562 bytes]","args":[{"selector":{"controlType":"sap.m.StandardListItem","viewName":"reusables.view.manageresources.NewResourceUnit","viewId":"application-manageresources-display-component---newResourceUnit","properties":{"title":"Centimeter"},"searchOpenDialogs":true,"interaction":{"idSuffix":"titleText"}},"wdio_ui5_key":"reusablesview.manageresources.NewResourceUnitsap.m.StandardListItem{\"title\":\"Centimeter\"}"}]}
RESULT: {"script":"<script> [1562 bytes]","args":[{"selector":{"controlType":"sap.m.StandardListItem","viewName":"reusables.view.manageresources.NewResourceUnit","viewId":"application-manageresources-display-component---newResourceUnit","properties":{"title":"Centimeter"},"searchOpenDialogs":true,"interaction":{"idSuffix":"titleText"}},"wdio_ui5_key":"reusablesview.manageresources.NewResourceUnitsap.m.StandardListItem{\"title\":\"Centimeter\"}"}]}
RESULT: undefined
COMMAND: POST /session/668384e1c1f73f3d5461b9d538daca42/element - {"using":"xpath","value":"//*[@id=\"__item901\"]"}
RESULT: {"using":"xpath","value":"//*[@id=\"__item901\"]"}
COMMAND: POST /session/668384e1c1f73f3d5461b9d538daca42/element/f.F64AD31729AEE402AD374BC91D68D115.d.A8E1E80D0D11B483DED8AB5B29761872.e.2797/click - {}
RESULT: {}
COMMAND: POST /session/668384e1c1f73f3d5461b9d538daca42/execute/async - {"script":"<script> [1562 bytes]","args":[{"selector":{"id":"application-manageresources-display-component---newResourceUnit--newRRUPage-anchBar-application-manageresources-display-component---newResourceUnit--reference-anchor","interaction":{"idSuffix":"BDI-content"}},"wdio_ui5_key":"applicationmanageresources-display-component---newResourceUnit--newRRUPage-anchBar-application-manageresources-display-component---newResourceUnit--reference-anchor"}]}
COMMAND: GET /session/668384e1c1f73f3d5461b9d538daca42/screenshot - {}
RESULT: {"script":"<script> [1562 bytes]","args":[{"selector":{"id":"application-manageresources-display-component---newResourceUnit--newRRUPage-anchBar-application-manageresources-display-component---newResourceUnit--reference-anchor","interaction":{"idSuffix":"BDI-content"}},"wdio_ui5_key":"applicationmanageresources-display-component---newResourceUnit--newRRUPage-anchBar-application-manageresources-display-component---newResourceUnit--reference-anchor"}]}
RESULT: undefined
COMMAND: POST /session/668384e1c1f73f3d5461b9d538daca42/element - {"using":"xpath","value":"//*[@id=\"application-manageresources-display-component---newResourceUnit--newRRUPage-anchBar-application-manageresources-display-component---newResourceUnit--reference-anchor\"]"}
RESULT: {}
RESULT: {"using":"xpath","value":"//*[@id=\"application-manageresources-display-component---newResourceUnit--newRRUPage-anchBar-application-manageresources-display-component---newResourceUnit--reference-anchor\"]"}
COMMAND: POST /session/668384e1c1f73f3d5461b9d538daca42/element/f.F64AD31729AEE402AD374BC91D68D115.d.A8E1E80D0D11B483DED8AB5B29761872.e.2787/click - {}
RESULT: {}
COMMAND: POST /session/668384e1c1f73f3d5461b9d538daca42/execute/async - {"script":"<script> [1562 bytes]","args":[{"selector":{"id":"application-manageresources-display-component---newResourceUnit--PLANNING_GROUP-arrow"},"wdio_ui5_key":"applicationmanageresources-display-component---newResourceUnit--PLANNING_GROUP-arrow"}]}
COMMAND: GET /session/668384e1c1f73f3d5461b9d538daca42/screenshot - {}
RESULT: {"script":"<script> [1562 bytes]","args":[{"selector":{"id":"application-manageresources-display-component---newResourceUnit--PLANNING_GROUP-arrow"},"wdio_ui5_key":"applicationmanageresources-display-component---newResourceUnit--PLANNING_GROUP-arrow"}]}
RESULT: undefined
COMMAND: POST /session/668384e1c1f73f3d5461b9d538daca42/element - {"using":"xpath","value":"//*[@id=\"application-manageresources-display-component---newResourceUnit--PLANNING_GROUP-arrow\"]"}
RESULT: {}
RESULT: {"using":"xpath","value":"//*[@id=\"application-manageresources-display-component---newResourceUnit--PLANNING_GROUP-arrow\"]"}
COMMAND: POST /session/668384e1c1f73f3d5461b9d538daca42/element/f.F64AD31729AEE402AD374BC91D68D115.d.A8E1E80D0D11B483DED8AB5B29761872.e.2799/click - {}
RESULT: {}
COMMAND: POST /session/668384e1c1f73f3d5461b9d538daca42/execute/async - {"script":"<script> [1562 bytes]","args":[{"selector":{"controlType":"sap.m.StandardListItem","viewName":"reusables.view.manageresources.NewResourceUnit","viewId":"application-manageresources-display-component---newResourceUnit","properties":{"title":"Heavy Equi"},"searchOpenDialogs":true,"interaction":{"idSuffix":"content"}},"wdio_ui5_key":"reusablesview.manageresources.NewResourceUnitsap.m.StandardListItem{\"title\":\"Heavy Equi\"}"}]}
COMMAND: GET /session/668384e1c1f73f3d5461b9d538daca42/screenshot - {}
RESULT: {"script":"<script> [1562 bytes]","args":[{"selector":{"controlType":"sap.m.StandardListItem","viewName":"reusables.view.manageresources.NewResourceUnit","viewId":"application-manageresources-display-component---newResourceUnit","properties":{"title":"Heavy Equi"},"searchOpenDialogs":true,"interaction":{"idSuffix":"content"}},"wdio_ui5_key":"reusablesview.manageresources.NewResourceUnitsap.m.StandardListItem{\"title\":\"Heavy Equi\"}"}]}
RESULT: undefined
COMMAND: POST /session/668384e1c1f73f3d5461b9d538daca42/element - {"using":"xpath","value":"//*[@id=\"__item909\"]"}
RESULT: {}
RESULT: {"using":"xpath","value":"//*[@id=\"__item909\"]"}
COMMAND: POST /session/668384e1c1f73f3d5461b9d538daca42/element/f.F64AD31729AEE402AD374BC91D68D115.d.A8E1E80D0D11B483DED8AB5B29761872.e.2801/click - {}
RESULT: {}
COMMAND: GET /session/668384e1c1f73f3d5461b9d538daca42/screenshot - {}
RESULT: {}
COMMAND: POST /session/668384e1c1f73f3d5461b9d538daca42/execute/async - {"script":"<script> [1562 bytes]","args":[{"selector":{"id":"application-manageresources-display-component---newResourceUnit--PLANNING_INDICATOR-arrow"},"wdio_ui5_key":"applicationmanageresources-display-component---newResourceUnit--PLANNING_INDICATOR-arrow"}]}
RESULT: {"script":"<script> [1562 bytes]","args":[{"selector":{"id":"application-manageresources-display-component---newResourceUnit--PLANNING_INDICATOR-arrow"},"wdio_ui5_key":"applicationmanageresources-display-component---newResourceUnit--PLANNING_INDICATOR-arrow"}]}
RESULT: undefined
COMMAND: POST /session/668384e1c1f73f3d5461b9d538daca42/element - {"using":"xpath","value":"//*[@id=\"application-manageresources-display-component---newResourceUnit--PLANNING_INDICATOR-arrow\"]"}
RESULT: {"using":"xpath","value":"//*[@id=\"application-manageresources-display-component---newResourceUnit--PLANNING_INDICATOR-arrow\"]"}
COMMAND: POST /session/668384e1c1f73f3d5461b9d538daca42/element/f.F64AD31729AEE402AD374BC91D68D115.d.A8E1E80D0D11B483DED8AB5B29761872.e.2802/click - {}
RESULT: {}
COMMAND: POST /session/668384e1c1f73f3d5461b9d538daca42/execute/async - {"script":"<script> [1562 bytes]","args":[{"selector":{"controlType":"sap.m.StandardListItem","viewName":"reusables.view.manageresources.NewResourceUnit","viewId":"application-manageresources-display-component---newResourceUnit","properties":{"title":"10 - infinite"},"searchOpenDialogs":true,"interaction":{"idSuffix":"content"}},"wdio_ui5_key":"reusablesview.manageresources.NewResourceUnitsap.m.StandardListItem{\"title\":\"10 - infinite\"}"}]}
COMMAND: GET /session/668384e1c1f73f3d5461b9d538daca42/screenshot - {}
RESULT: {"script":"<script> [1562 bytes]","args":[{"selector":{"controlType":"sap.m.StandardListItem","viewName":"reusables.view.manageresources.NewResourceUnit","viewId":"application-manageresources-display-component---newResourceUnit","properties":{"title":"10 - infinite"},"searchOpenDialogs":true,"interaction":{"idSuffix":"content"}},"wdio_ui5_key":"reusablesview.manageresources.NewResourceUnitsap.m.StandardListItem{\"title\":\"10 - infinite\"}"}]}
RESULT: undefined
COMMAND: POST /session/668384e1c1f73f3d5461b9d538daca42/element - {"using":"xpath","value":"//*[@id=\"__item919\"]"}
RESULT: {}
RESULT: {"using":"xpath","value":"//*[@id=\"__item919\"]"}
COMMAND: POST /session/668384e1c1f73f3d5461b9d538daca42/element/f.F64AD31729AEE402AD374BC91D68D115.d.A8E1E80D0D11B483DED8AB5B29761872.e.2804/click - {}
RESULT: {}
COMMAND: GET /session/668384e1c1f73f3d5461b9d538daca42/screenshot - {}
RESULT: {}
COMMAND: POST /session/668384e1c1f73f3d5461b9d538daca42/element - {"using":"xpath","value":"//bdi[contains(text(), \"Time Segment\")]"}
RESULT: {"using":"xpath","value":"//bdi[contains(text(), \"Time Segment\")]"}
COMMAND: GET /session/668384e1c1f73f3d5461b9d538daca42/element/f.F64AD31729AEE402AD374BC91D68D115.d.A8E1E80D0D11B483DED8AB5B29761872.e.2805/rect - {}
RESULT: {}
COMMAND: GET /session/668384e1c1f73f3d5461b9d538daca42/window/rect - {}
RESULT: {}
COMMAND: POST /session/668384e1c1f73f3d5461b9d538daca42/execute/sync - {"script":"<script> [92 bytes]","args":[]}
RESULT: {"script":"<script> [92 bytes]","args":[]}
COMMAND: POST /session/668384e1c1f73f3d5461b9d538daca42/actions - {"actions":[{"id":"action13","type":"wheel","parameters":{},"actions":[{"type":"scroll","x":-1804,"y":-21,"deltaX":0,"deltaY":0,"duration":0,"origin":{"element-6066-11e4-a52e-4f735466cecf":"f.F64AD31729AEE402AD374BC91D68D115.d.A8E1E80D0D11B483DED8AB5B29761872.e.2805"}}]}]}
COMMAND: GET /session/668384e1c1f73f3d5461b9d538daca42/screenshot - {}
RESULT: {}
COMMAND: POST /session/668384e1c1f73f3d5461b9d538daca42/execute/sync - {"script":"<script> [79 bytes]","args":[{"element-6066-11e4-a52e-4f735466cecf":"f.F64AD31729AEE402AD374BC91D68D115.d.A8E1E80D0D11B483DED8AB5B29761872.e.2805","ELEMENT":"f.F64AD31729AEE402AD374BC91D68D115.d.A8E1E80D0D11B483DED8AB5B29761872.e.2805"},{"block":"start","inline":"nearest"}]}
RESULT: {"script":"<script> [79 bytes]","args":[{"element-6066-11e4-a52e-4f735466cecf":"f.F64AD31729AEE402AD374BC91D68D115.d.A8E1E80D0D11B483DED8AB5B29761872.e.2805","ELEMENT":"f.F64AD31729AEE402AD374BC91D68D115.d.A8E1E80D0D11B483DED8AB5B29761872.e.2805"},{"block":"start","inline":"nearest"}]}
COMMAND: GET /session/668384e1c1f73f3d5461b9d538daca42/screenshot - {}
RESULT: {}
COMMAND: POST /session/668384e1c1f73f3d5461b9d538daca42/element - {"using":"xpath","value":"//span[@id=\"application-manageresources-display-component---newResourceUnit--btnAddTimeSegment-img\"]"}
RESULT: {"using":"xpath","value":"//span[@id=\"application-manageresources-display-component---newResourceUnit--btnAddTimeSegment-img\"]"}
COMMAND: POST /session/668384e1c1f73f3d5461b9d538daca42/execute/sync - {"script":"<script> [8489 bytes]","args":[{"element-6066-11e4-a52e-4f735466cecf":"f.F64AD31729AEE402AD374BC91D68D115.d.A8E1E80D0D11B483DED8AB5B29761872.e.2808","ELEMENT":"f.F64AD31729AEE402AD374BC91D68D115.d.A8E1E80D0D11B483DED8AB5B29761872.e.2808"}]}
RESULT: {"script":"<script> [8489 bytes]","args":[{"element-6066-11e4-a52e-4f735466cecf":"f.F64AD31729AEE402AD374BC91D68D115.d.A8E1E80D0D11B483DED8AB5B29761872.e.2808","ELEMENT":"f.F64AD31729AEE402AD374BC91D68D115.d.A8E1E80D0D11B483DED8AB5B29761872.e.2808"}]}
COMMAND: POST /session/668384e1c1f73f3d5461b9d538daca42/element/f.F64AD31729AEE402AD374BC91D68D115.d.A8E1E80D0D11B483DED8AB5B29761872.e.2808/click - {}
COMMAND: GET /session/668384e1c1f73f3d5461b9d538daca42/screenshot - {}
RESULT: {}
COMMAND: GET /session/668384e1c1f73f3d5461b9d538daca42/screenshot - {}
COMMAND: POST /session/668384e1c1f73f3d5461b9d538daca42/element - {"using":"xpath","value":"//input[@id=\"application-manageresources-display-component---newResourceUnit--idRuTSAdmin-application-manageresources-display-component---newResourceUnit--RUTimeSegment-0-inner\"]"}
RESULT: {}
RESULT: {}
RESULT: {"using":"xpath","value":"//input[@id=\"application-manageresources-display-component---newResourceUnit--idRuTSAdmin-application-manageresources-display-component---newResourceUnit--RUTimeSegment-0-inner\"]"}
COMMAND: POST /session/668384e1c1f73f3d5461b9d538daca42/element/f.F64AD31729AEE402AD374BC91D68D115.d.A8E1E80D0D11B483DED8AB5B29761872.e.2811/clear - {}
RESULT: {}
COMMAND: POST /session/668384e1c1f73f3d5461b9d538daca42/element/f.F64AD31729AEE402AD374BC91D68D115.d.A8E1E80D0D11B483DED8AB5B29761872.e.2811/value - {"text":"289"}
COMMAND: GET /session/668384e1c1f73f3d5461b9d538daca42/screenshot - {}
RESULT: {"text":"289"}
COMMAND: GET /session/668384e1c1f73f3d5461b9d538daca42/screenshot - {}
RESULT: {}
RESULT: {}
COMMAND: POST /session/668384e1c1f73f3d5461b9d538daca42/actions - {"actions":[{"id":"action14","type":"key","parameters":{},"actions":[{"type":"keyDown","value":"î€‡"},{"type":"pause","duration":10},{"type":"keyUp","value":"î€‡"}]}]}
RESULT: {"actions":[{"id":"action14","type":"key","parameters":{},"actions":[{"type":"keyDown","value":"î€‡"},{"type":"pause","duration":10},{"type":"keyUp","value":"î€‡"}]}]}
COMMAND: POST /session/668384e1c1f73f3d5461b9d538daca42/execute/async - {"script":"<script> [1562 bytes]","args":[{"selector":{"controlType":"sap.m.Button","viewName":"reusables.view.manageresources.NewResourceUnit","viewId":"application-manageresources-display-component---newResourceUnit","i18NText":{"propertyName":"tooltip","key":"save"},"interaction":{"idSuffix":"BDI-content"}},"wdio_ui5_key":"reusablesview.manageresources.NewResourceUnitsap.m.Button{\"propertyName\":\"tooltip\",\"key\":\"save\"}"}]}
COMMAND: GET /session/668384e1c1f73f3d5461b9d538daca42/screenshot - {}
RESULT: {"script":"<script> [1562 bytes]","args":[{"selector":{"controlType":"sap.m.Button","viewName":"reusables.view.manageresources.NewResourceUnit","viewId":"application-manageresources-display-component---newResourceUnit","i18NText":{"propertyName":"tooltip","key":"save"},"interaction":{"idSuffix":"BDI-content"}},"wdio_ui5_key":"reusablesview.manageresources.NewResourceUnitsap.m.Button{\"propertyName\":\"tooltip\",\"key\":\"save\"}"}]}
RESULT: undefined
COMMAND: POST /session/668384e1c1f73f3d5461b9d538daca42/element - {"using":"xpath","value":"//*[@id=\"application-manageresources-display-component---newResourceUnit--createRuButton\"]"}
RESULT: {}
RESULT: {"using":"xpath","value":"//*[@id=\"application-manageresources-display-component---newResourceUnit--createRuButton\"]"}
COMMAND: POST /session/668384e1c1f73f3d5461b9d538daca42/element/f.F64AD31729AEE402AD374BC91D68D115.d.A8E1E80D0D11B483DED8AB5B29761872.e.2733/click - {}
RESULT: {}
COMMAND: GET /session/668384e1c1f73f3d5461b9d538daca42/screenshot - {}
RESULT: {}
COMMAND: POST /session/668384e1c1f73f3d5461b9d538daca42/execute/async - {"script":"<script> [1562 bytes]","args":[{"selector":{"controlType":"sap.m.Title","properties":{"text":"Success"},"searchOpenDialogs":true},"wdio_ui5_key":"sapm.Title{\"text\":\"Success\"}"}]}
RESULT: {"script":"<script> [1562 bytes]","args":[{"selector":{"controlType":"sap.m.Title","properties":{"text":"Success"},"searchOpenDialogs":true},"wdio_ui5_key":"sapm.Title{\"text\":\"Success\"}"}]}
RESULT: undefined
COMMAND: POST /session/668384e1c1f73f3d5461b9d538daca42/execute/async - {"script":"<script> [6424 bytes]","args":[{"element-6066-11e4-a52e-4f735466cecf":"f.F64AD31729AEE402AD374BC91D68D115.d.A8E1E80D0D11B483DED8AB5B29761872.e.2825"},"getText",[]]}
RESULT: {"script":"<script> [6424 bytes]","args":[{"element-6066-11e4-a52e-4f735466cecf":"f.F64AD31729AEE402AD374BC91D68D115.d.A8E1E80D0D11B483DED8AB5B29761872.e.2825"},"getText",[]]}
COMMAND: POST /session/668384e1c1f73f3d5461b9d538daca42/element - {"using":"xpath","value":"//*[contains(@id, '__text') and (contains(text(), 'successfully created') or contains(., 'successfully created'))]"}
RESULT: {"using":"xpath","value":"//*[contains(@id, '__text') and (contains(text(), 'successfully created') or contains(., 'successfully created'))]"}
COMMAND: GET /session/668384e1c1f73f3d5461b9d538daca42/element/f.F64AD31729AEE402AD374BC91D68D115.d.A8E1E80D0D11B483DED8AB5B29761872.e.2823/text - {}
RESULT: {}
COMMAND: POST /session/668384e1c1f73f3d5461b9d538daca42/execute/async - {"script":"<script> [1562 bytes]","args":[{"selector":{"controlType":"sap.m.Button","properties":{"text":"Close"},"searchOpenDialogs":true,"interaction":{"idSuffix":"BDI-content"}},"wdio_ui5_key":"sapm.Button{\"text\":\"Close\"}"}]}
RESULT: {"script":"<script> [1562 bytes]","args":[{"selector":{"controlType":"sap.m.Button","properties":{"text":"Close"},"searchOpenDialogs":true,"interaction":{"idSuffix":"BDI-content"}},"wdio_ui5_key":"sapm.Button{\"text\":\"Close\"}"}]}
RESULT: undefined
COMMAND: POST /session/668384e1c1f73f3d5461b9d538daca42/element - {"using":"xpath","value":"//*[@id=\"__mbox-btn-0\"]"}
RESULT: {"using":"xpath","value":"//*[@id=\"__mbox-btn-0\"]"}
COMMAND: POST /session/668384e1c1f73f3d5461b9d538daca42/element/f.F64AD31729AEE402AD374BC91D68D115.d.A8E1E80D0D11B483DED8AB5B29761872.e.2821/click - {}
RESULT: {}
COMMAND: GET /session/668384e1c1f73f3d5461b9d538daca42/screenshot - {}
RESULT: {}
COMMAND: POST /session/668384e1c1f73f3d5461b9d538daca42/execute/async - {"script":"<script> [1562 bytes]","args":[{"selector":{"controlType":"sap.ui.core.Icon","viewName":"etm.portal.ui.manageresources.view.Detail","viewId":"application-manageresources-display-component---detailRU","properties":{"src":{"regex":{"source":"overflow"}}}},"wdio_ui5_key":"etmportal.ui.manageresources.view.Detailsap.ui.core.Icon{\"src\":{\"regex\":{\"source\":\"overflow\"}}}"}]}
RESULT: {"script":"<script> [1562 bytes]","args":[{"selector":{"controlType":"sap.ui.core.Icon","viewName":"etm.portal.ui.manageresources.view.Detail","viewId":"application-manageresources-display-component---detailRU","properties":{"src":{"regex":{"source":"overflow"}}}},"wdio_ui5_key":"etmportal.ui.manageresources.view.Detailsap.ui.core.Icon{\"src\":{\"regex\":{\"source\":\"overflow\"}}}"}]}
RESULT: undefined
COMMAND: POST /session/668384e1c1f73f3d5461b9d538daca42/element - {"using":"xpath","value":"//*[@id=\"__title35-_actionsToolbar-overflowButton-img\"]"}
RESULT: {"using":"xpath","value":"//*[@id=\"__title35-_actionsToolbar-overflowButton-img\"]"}
COMMAND: POST /session/668384e1c1f73f3d5461b9d538daca42/element/f.F64AD31729AEE402AD374BC91D68D115.d.A8E1E80D0D11B483DED8AB5B29761872.e.2858/click - {}
RESULT: {}
COMMAND: POST /session/668384e1c1f73f3d5461b9d538daca42/execute/async - {"script":"<script> [1562 bytes]","args":[{"selector":{"controlType":"sap.m.Button","viewName":"etm.portal.ui.manageresources.view.Detail","viewId":"application-manageresources-display-component---detailRU","i18NText":{"propertyName":"tooltip","key":"closeColumn"},"searchOpenDialogs":true,"interaction":{"idSuffix":"inner"}},"wdio_ui5_key":"etmportal.ui.manageresources.view.Detailsap.m.Button{\"propertyName\":\"tooltip\",\"key\":\"closeColumn\"}"}]}
COMMAND: GET /session/668384e1c1f73f3d5461b9d538daca42/screenshot - {}
RESULT: {"script":"<script> [1562 bytes]","args":[{"selector":{"controlType":"sap.m.Button","viewName":"etm.portal.ui.manageresources.view.Detail","viewId":"application-manageresources-display-component---detailRU","i18NText":{"propertyName":"tooltip","key":"closeColumn"},"searchOpenDialogs":true,"interaction":{"idSuffix":"inner"}},"wdio_ui5_key":"etmportal.ui.manageresources.view.Detailsap.m.Button{\"propertyName\":\"tooltip\",\"key\":\"closeColumn\"}"}]}
RESULT: undefined
COMMAND: POST /session/668384e1c1f73f3d5461b9d538daca42/element - {"using":"xpath","value":"//*[@id=\"__button146\"]"}
RESULT: {}
RESULT: {"using":"xpath","value":"//*[@id=\"__button146\"]"}
COMMAND: POST /session/668384e1c1f73f3d5461b9d538daca42/element/f.F64AD31729AEE402AD374BC91D68D115.d.A8E1E80D0D11B483DED8AB5B29761872.e.2862/click - {}
RESULT: {}
COMMAND: POST /session/668384e1c1f73f3d5461b9d538daca42/element - {"using":"css selector","value":"#shell-header-logo"}
COMMAND: GET /session/668384e1c1f73f3d5461b9d538daca42/screenshot - {}
RESULT: {"using":"css selector","value":"#shell-header-logo"}
COMMAND: POST /session/668384e1c1f73f3d5461b9d538daca42/element/f.F64AD31729AEE402AD374BC91D68D115.d.A8E1E80D0D11B483DED8AB5B29761872.e.2330/click - {}
RESULT: {}
RESULT: {}
COMMAND: GET /session/668384e1c1f73f3d5461b9d538daca42/screenshot - {}
RESULT: {}
]]></system-out>
    </testcase>
    <testcase classname="chrome.135_0_7049_96.windows.Stock_increase_-_with_WHM_US125587" name="Bin Status Report Should Create New Organization yard" time="48.467">
      <system-out><![CDATA[
COMMAND: POST /session/668384e1c1f73f3d5461b9d538daca42/element - {"using":"xpath","value":"//div[text()='Warehouse']"}
RESULT: {"using":"xpath","value":"//div[text()='Warehouse']"}
COMMAND: POST /session/668384e1c1f73f3d5461b9d538daca42/elements - {"using":"xpath","value":"//div[text()='Warehouse']"}
RESULT: {"using":"xpath","value":"//div[text()='Warehouse']"}
COMMAND: POST /session/668384e1c1f73f3d5461b9d538daca42/element/f.F64AD31729AEE402AD374BC91D68D115.d.A8E1E80D0D11B483DED8AB5B29761872.e.2979/click - {}
RESULT: {}
COMMAND: POST /session/668384e1c1f73f3d5461b9d538daca42/execute/async - {"script":"<script> [1562 bytes]","args":[{"selector":{"controlType":"sap.m.GenericTile","properties":{"header":"Bin Status Report"}},"wdio_ui5_key":"sapm.GenericTile{\"header\":\"Bin Status Report\"}"}]}
COMMAND: GET /session/668384e1c1f73f3d5461b9d538daca42/screenshot - {}
RESULT: {"script":"<script> [1562 bytes]","args":[{"selector":{"controlType":"sap.m.GenericTile","properties":{"header":"Bin Status Report"}},"wdio_ui5_key":"sapm.GenericTile{\"header\":\"Bin Status Report\"}"}]}
RESULT: undefined
COMMAND: POST /session/668384e1c1f73f3d5461b9d538daca42/element - {"using":"xpath","value":"//*[@id=\"__tile108\"]"}
RESULT: {}
RESULT: {"using":"xpath","value":"//*[@id=\"__tile108\"]"}
COMMAND: POST /session/668384e1c1f73f3d5461b9d538daca42/element/f.F64AD31729AEE402AD374BC91D68D115.d.A8E1E80D0D11B483DED8AB5B29761872.e.2982/click - {}
RESULT: {}
COMMAND: GET /session/668384e1c1f73f3d5461b9d538daca42/screenshot - {}
RESULT: {}
COMMAND: POST /session/668384e1c1f73f3d5461b9d538daca42/element - {"using":"xpath","value":"//bdi[text()='Create New Organization']"}
RESULT: {"using":"xpath","value":"//bdi[text()='Create New Organization']"}
COMMAND: POST /session/668384e1c1f73f3d5461b9d538daca42/elements - {"using":"xpath","value":"//bdi[text()='Create New Organization']"}
RESULT: {"using":"xpath","value":"//bdi[text()='Create New Organization']"}
COMMAND: POST /session/668384e1c1f73f3d5461b9d538daca42/element/f.F64AD31729AEE402AD374BC91D68D115.d.A8E1E80D0D11B483DED8AB5B29761872.e.3359/click - {}
RESULT: {}
COMMAND: POST /session/668384e1c1f73f3d5461b9d538daca42/execute/async - {"script":"<script> [1562 bytes]","args":[{"selector":{"id":"createOrganizationPop--sectionInput","searchOpenDialogs":true,"interaction":{"idSuffix":"inner"}},"wdio_ui5_key":"createOrganizationPopsectionInput"}]}
COMMAND: GET /session/668384e1c1f73f3d5461b9d538daca42/screenshot - {}
RESULT: {"script":"<script> [1562 bytes]","args":[{"selector":{"id":"createOrganizationPop--sectionInput","searchOpenDialogs":true,"interaction":{"idSuffix":"inner"}},"wdio_ui5_key":"createOrganizationPopsectionInput"}]}
RESULT: undefined
COMMAND: POST /session/668384e1c1f73f3d5461b9d538daca42/execute/async - {"script":"<script> [776 bytes]","args":[{"enterText":"WHIb0a1n","selector":{"id":"createOrganizationPop--sectionInput","searchOpenDialogs":true,"interaction":{"idSuffix":"inner"}},"clearTextFirst":true,"interactionType":"ENTER_TEXT"}]}
RESULT: {}
RESULT: {"script":"<script> [776 bytes]","args":[{"enterText":"WHIb0a1n","selector":{"id":"createOrganizationPop--sectionInput","searchOpenDialogs":true,"interaction":{"idSuffix":"inner"}},"clearTextFirst":true,"interactionType":"ENTER_TEXT"}]}
COMMAND: POST /session/668384e1c1f73f3d5461b9d538daca42/execute/async - {"script":"<script> [1562 bytes]","args":[{"selector":{"id":"createOrganizationPop--descriptionInput","searchOpenDialogs":true,"interaction":{"idSuffix":"inner"}},"wdio_ui5_key":"createOrganizationPopdescriptionInput"}]}
RESULT: {"script":"<script> [1562 bytes]","args":[{"selector":{"id":"createOrganizationPop--descriptionInput","searchOpenDialogs":true,"interaction":{"idSuffix":"inner"}},"wdio_ui5_key":"createOrganizationPopdescriptionInput"}]}
RESULT: undefined
COMMAND: POST /session/668384e1c1f73f3d5461b9d538daca42/execute/async - {"script":"<script> [776 bytes]","args":[{"enterText":"WHIb0a1n","selector":{"id":"createOrganizationPop--descriptionInput","searchOpenDialogs":true,"interaction":{"idSuffix":"inner"}},"clearTextFirst":true,"interactionType":"ENTER_TEXT"}]}
RESULT: {"script":"<script> [776 bytes]","args":[{"enterText":"WHIb0a1n","selector":{"id":"createOrganizationPop--descriptionInput","searchOpenDialogs":true,"interaction":{"idSuffix":"inner"}},"clearTextFirst":true,"interactionType":"ENTER_TEXT"}]}
COMMAND: POST /session/668384e1c1f73f3d5461b9d538daca42/element - {"using":"css selector","value":"#createOrganizationPop--yardOrg-inner"}
RESULT: {"using":"css selector","value":"#createOrganizationPop--yardOrg-inner"}
COMMAND: POST /session/668384e1c1f73f3d5461b9d538daca42/element/f.F64AD31729AEE402AD374BC91D68D115.d.A8E1E80D0D11B483DED8AB5B29761872.e.3363/clear - {}
RESULT: {}
COMMAND: POST /session/668384e1c1f73f3d5461b9d538daca42/element/f.F64AD31729AEE402AD374BC91D68D115.d.A8E1E80D0D11B483DED8AB5B29761872.e.3363/value - {"text":"289"}
COMMAND: GET /session/668384e1c1f73f3d5461b9d538daca42/screenshot - {}
RESULT: {"text":"289"}
COMMAND: GET /session/668384e1c1f73f3d5461b9d538daca42/screenshot - {}
RESULT: {}
RESULT: {}
COMMAND: POST /session/668384e1c1f73f3d5461b9d538daca42/actions - {"actions":[{"id":"action15","type":"key","parameters":{},"actions":[{"type":"keyDown","value":"î€‡"},{"type":"pause","duration":10},{"type":"keyUp","value":"î€‡"}]}]}
RESULT: {"actions":[{"id":"action15","type":"key","parameters":{},"actions":[{"type":"keyDown","value":"î€‡"},{"type":"pause","duration":10},{"type":"keyUp","value":"î€‡"}]}]}
COMMAND: POST /session/668384e1c1f73f3d5461b9d538daca42/execute/async - {"script":"<script> [1562 bytes]","args":[{"selector":{"id":"createOrganizationPop--grZone","searchOpenDialogs":true,"interaction":{"idSuffix":"CbBg"}},"wdio_ui5_key":"createOrganizationPopgrZone"}]}
COMMAND: GET /session/668384e1c1f73f3d5461b9d538daca42/screenshot - {}
RESULT: {"script":"<script> [1562 bytes]","args":[{"selector":{"id":"createOrganizationPop--grZone","searchOpenDialogs":true,"interaction":{"idSuffix":"CbBg"}},"wdio_ui5_key":"createOrganizationPopgrZone"}]}
RESULT: undefined
COMMAND: POST /session/668384e1c1f73f3d5461b9d538daca42/element - {"using":"xpath","value":"//*[@id=\"createOrganizationPop--grZone\"]"}
RESULT: {}
RESULT: {"using":"xpath","value":"//*[@id=\"createOrganizationPop--grZone\"]"}
COMMAND: POST /session/668384e1c1f73f3d5461b9d538daca42/element/f.F64AD31729AEE402AD374BC91D68D115.d.A8E1E80D0D11B483DED8AB5B29761872.e.3383/click - {}
RESULT: {}
COMMAND: POST /session/668384e1c1f73f3d5461b9d538daca42/execute/async - {"script":"<script> [1562 bytes]","args":[{"selector":{"id":"createOrganizationPop--giZone","searchOpenDialogs":true,"interaction":{"idSuffix":"CbBg"}},"wdio_ui5_key":"createOrganizationPopgiZone"}]}
COMMAND: GET /session/668384e1c1f73f3d5461b9d538daca42/screenshot - {}
RESULT: {"script":"<script> [1562 bytes]","args":[{"selector":{"id":"createOrganizationPop--giZone","searchOpenDialogs":true,"interaction":{"idSuffix":"CbBg"}},"wdio_ui5_key":"createOrganizationPopgiZone"}]}
RESULT: undefined
COMMAND: POST /session/668384e1c1f73f3d5461b9d538daca42/element - {"using":"xpath","value":"//*[@id=\"createOrganizationPop--giZone\"]"}
RESULT: {}
RESULT: {"using":"xpath","value":"//*[@id=\"createOrganizationPop--giZone\"]"}
COMMAND: POST /session/668384e1c1f73f3d5461b9d538daca42/element/f.F64AD31729AEE402AD374BC91D68D115.d.A8E1E80D0D11B483DED8AB5B29761872.e.3385/click - {}
RESULT: {}
COMMAND: POST /session/668384e1c1f73f3d5461b9d538daca42/execute/async - {"script":"<script> [1562 bytes]","args":[{"selector":{"id":"createOrganizationPop--binNoInput","searchOpenDialogs":true,"interaction":{"idSuffix":"inner"}},"wdio_ui5_key":"createOrganizationPopbinNoInput"}]}
COMMAND: GET /session/668384e1c1f73f3d5461b9d538daca42/screenshot - {}
RESULT: {"script":"<script> [1562 bytes]","args":[{"selector":{"id":"createOrganizationPop--binNoInput","searchOpenDialogs":true,"interaction":{"idSuffix":"inner"}},"wdio_ui5_key":"createOrganizationPopbinNoInput"}]}
RESULT: undefined
COMMAND: POST /session/668384e1c1f73f3d5461b9d538daca42/execute/async - {"script":"<script> [776 bytes]","args":[{"enterText":"Bin-Wd","selector":{"id":"createOrganizationPop--binNoInput","searchOpenDialogs":true,"interaction":{"idSuffix":"inner"}},"clearTextFirst":true,"interactionType":"ENTER_TEXT"}]}
RESULT: {}
RESULT: {"script":"<script> [776 bytes]","args":[{"enterText":"Bin-Wd","selector":{"id":"createOrganizationPop--binNoInput","searchOpenDialogs":true,"interaction":{"idSuffix":"inner"}},"clearTextFirst":true,"interactionType":"ENTER_TEXT"}]}
COMMAND: POST /session/668384e1c1f73f3d5461b9d538daca42/execute/async - {"script":"<script> [1562 bytes]","args":[{"selector":{"id":"createOrganizationPop--descriptionId","searchOpenDialogs":true,"interaction":{"idSuffix":"inner"}},"wdio_ui5_key":"createOrganizationPopdescriptionId"}]}
RESULT: {"script":"<script> [1562 bytes]","args":[{"selector":{"id":"createOrganizationPop--descriptionId","searchOpenDialogs":true,"interaction":{"idSuffix":"inner"}},"wdio_ui5_key":"createOrganizationPopdescriptionId"}]}
RESULT: undefined
COMMAND: POST /session/668384e1c1f73f3d5461b9d538daca42/execute/async - {"script":"<script> [776 bytes]","args":[{"enterText":"Shipping-Wd","selector":{"id":"createOrganizationPop--descriptionId","searchOpenDialogs":true,"interaction":{"idSuffix":"inner"}},"clearTextFirst":true,"interactionType":"ENTER_TEXT"}]}
RESULT: {"script":"<script> [776 bytes]","args":[{"enterText":"Shipping-Wd","selector":{"id":"createOrganizationPop--descriptionId","searchOpenDialogs":true,"interaction":{"idSuffix":"inner"}},"clearTextFirst":true,"interactionType":"ENTER_TEXT"}]}
COMMAND: POST /session/668384e1c1f73f3d5461b9d538daca42/execute/async - {"script":"<script> [1562 bytes]","args":[{"selector":{"controlType":"sap.m.CheckBox","viewName":"etm.portal.ui.binstatusreport.view.MasterWareBins","viewId":"application-binstatusreport-display-component---warehousing","bindingPath":{"path":"","propertyPath":"/ZONE","modelName":"newBin"},"searchOpenDialogs":true,"interaction":{"idSuffix":"CbBg"}},"wdio_ui5_key":"etmportal.ui.binstatusreport.view.MasterWareBinssap.m.CheckBox{\"path\":\"\",\"propertyPath\":\"/ZONE\",\"modelName\":\"newBin\"}"}]}
RESULT: {"script":"<script> [1562 bytes]","args":[{"selector":{"controlType":"sap.m.CheckBox","viewName":"etm.portal.ui.binstatusreport.view.MasterWareBins","viewId":"application-binstatusreport-display-component---warehousing","bindingPath":{"path":"","propertyPath":"/ZONE","modelName":"newBin"},"searchOpenDialogs":true,"interaction":{"idSuffix":"CbBg"}},"wdio_ui5_key":"etmportal.ui.binstatusreport.view.MasterWareBinssap.m.CheckBox{\"path\":\"\",\"propertyPath\":\"/ZONE\",\"modelName\":\"newBin\"}"}]}
RESULT: undefined
COMMAND: POST /session/668384e1c1f73f3d5461b9d538daca42/element - {"using":"xpath","value":"//*[@id=\"__box41\"]"}
RESULT: {"using":"xpath","value":"//*[@id=\"__box41\"]"}
COMMAND: POST /session/668384e1c1f73f3d5461b9d538daca42/element/f.F64AD31729AEE402AD374BC91D68D115.d.A8E1E80D0D11B483DED8AB5B29761872.e.3389/click - {}
RESULT: {}
COMMAND: POST /session/668384e1c1f73f3d5461b9d538daca42/execute/async - {"script":"<script> [1562 bytes]","args":[{"selector":{"id":"createOrganizationPop--binTypesCB-arrow","searchOpenDialogs":true},"wdio_ui5_key":"createOrganizationPopbinTypesCB-arrow"}]}
COMMAND: GET /session/668384e1c1f73f3d5461b9d538daca42/screenshot - {}
RESULT: {"script":"<script> [1562 bytes]","args":[{"selector":{"id":"createOrganizationPop--binTypesCB-arrow","searchOpenDialogs":true},"wdio_ui5_key":"createOrganizationPopbinTypesCB-arrow"}]}
RESULT: undefined
COMMAND: POST /session/668384e1c1f73f3d5461b9d538daca42/element - {"using":"xpath","value":"//*[@id=\"createOrganizationPop--binTypesCB-arrow\"]"}
RESULT: {}
RESULT: {"using":"xpath","value":"//*[@id=\"createOrganizationPop--binTypesCB-arrow\"]"}
COMMAND: POST /session/668384e1c1f73f3d5461b9d538daca42/element/f.F64AD31729AEE402AD374BC91D68D115.d.A8E1E80D0D11B483DED8AB5B29761872.e.3395/click - {}
RESULT: {}
COMMAND: POST /session/668384e1c1f73f3d5461b9d538daca42/execute/async - {"script":"<script> [1562 bytes]","args":[{"selector":{"id":"createOrganizationPop--binTypesCB","searchOpenDialogs":true,"interaction":{"idSuffix":"inner"}},"wdio_ui5_key":"createOrganizationPopbinTypesCB"}]}
COMMAND: GET /session/668384e1c1f73f3d5461b9d538daca42/screenshot - {}
RESULT: {"script":"<script> [1562 bytes]","args":[{"selector":{"id":"createOrganizationPop--binTypesCB","searchOpenDialogs":true,"interaction":{"idSuffix":"inner"}},"wdio_ui5_key":"createOrganizationPopbinTypesCB"}]}
RESULT: undefined
COMMAND: POST /session/668384e1c1f73f3d5461b9d538daca42/execute/async - {"script":"<script> [776 bytes]","args":[{"enterText":"1 - General / No capacity check","selector":{"id":"createOrganizationPop--binTypesCB","searchOpenDialogs":true,"interaction":{"idSuffix":"inner"}},"clearTextFirst":true,"interactionType":"ENTER_TEXT"}]}
RESULT: {}
RESULT: {"script":"<script> [776 bytes]","args":[{"enterText":"1 - General / No capacity check","selector":{"id":"createOrganizationPop--binTypesCB","searchOpenDialogs":true,"interaction":{"idSuffix":"inner"}},"clearTextFirst":true,"interactionType":"ENTER_TEXT"}]}
COMMAND: POST /session/668384e1c1f73f3d5461b9d538daca42/actions - {"actions":[{"id":"action16","type":"key","parameters":{},"actions":[{"type":"keyDown","value":"î€‡"},{"type":"pause","duration":10},{"type":"keyUp","value":"î€‡"}]}]}
RESULT: {"actions":[{"id":"action16","type":"key","parameters":{},"actions":[{"type":"keyDown","value":"î€‡"},{"type":"pause","duration":10},{"type":"keyUp","value":"î€‡"}]}]}
COMMAND: GET /session/668384e1c1f73f3d5461b9d538daca42/screenshot - {}
RESULT: {}
COMMAND: POST /session/668384e1c1f73f3d5461b9d538daca42/execute/async - {"script":"<script> [1562 bytes]","args":[{"selector":{"id":"createOrganizationPop--finishBtn","searchOpenDialogs":true,"interaction":{"idSuffix":"BDI-content"}},"wdio_ui5_key":"createOrganizationPopfinishBtn"}]}
RESULT: {"script":"<script> [1562 bytes]","args":[{"selector":{"id":"createOrganizationPop--finishBtn","searchOpenDialogs":true,"interaction":{"idSuffix":"BDI-content"}},"wdio_ui5_key":"createOrganizationPopfinishBtn"}]}
RESULT: undefined
COMMAND: POST /session/668384e1c1f73f3d5461b9d538daca42/element - {"using":"xpath","value":"//*[@id=\"createOrganizationPop--finishBtn\"]"}
RESULT: {"using":"xpath","value":"//*[@id=\"createOrganizationPop--finishBtn\"]"}
COMMAND: POST /session/668384e1c1f73f3d5461b9d538daca42/element/f.F64AD31729AEE402AD374BC91D68D115.d.A8E1E80D0D11B483DED8AB5B29761872.e.3398/click - {}
RESULT: {}
]]></system-out>
    </testcase>
    <testcase classname="chrome.135_0_7049_96.windows.Stock_increase_-_with_WHM_US125587" name="Bin Status Report Should Create New Organization for Site" time="60.239">
      <system-out><![CDATA[
COMMAND: GET /session/668384e1c1f73f3d5461b9d538daca42/screenshot - {}
RESULT: {}
COMMAND: POST /session/668384e1c1f73f3d5461b9d538daca42/execute/async - {"script":"<script> [1562 bytes]","args":[{"selector":{"id":"application-binstatusreport-display-component---warehousing--createOrgBtn","interaction":{"idSuffix":"content"}},"wdio_ui5_key":"applicationbinstatusreport-display-component---warehousing--createOrgBtn"}]}
RESULT: {"script":"<script> [1562 bytes]","args":[{"selector":{"id":"application-binstatusreport-display-component---warehousing--createOrgBtn","interaction":{"idSuffix":"content"}},"wdio_ui5_key":"applicationbinstatusreport-display-component---warehousing--createOrgBtn"}]}
RESULT: undefined
COMMAND: POST /session/668384e1c1f73f3d5461b9d538daca42/element - {"using":"xpath","value":"//*[@id=\"application-binstatusreport-display-component---warehousing--createOrgBtn\"]"}
RESULT: {"using":"xpath","value":"//*[@id=\"application-binstatusreport-display-component---warehousing--createOrgBtn\"]"}
COMMAND: POST /session/668384e1c1f73f3d5461b9d538daca42/element/f.F64AD31729AEE402AD374BC91D68D115.d.A8E1E80D0D11B483DED8AB5B29761872.e.3040/click - {}
RESULT: {}
RESULT: undefined
COMMAND: POST /session/668384e1c1f73f3d5461b9d538daca42/execute/async - {"script":"<script> [776 bytes]","args":[{"enterText":"2144","selector":{"id":"createOrganizationPop--sectionInput","searchOpenDialogs":true,"interaction":{"idSuffix":"inner"}},"clearTextFirst":true,"interactionType":"ENTER_TEXT"}]}
COMMAND: GET /session/668384e1c1f73f3d5461b9d538daca42/screenshot - {}
RESULT: {"script":"<script> [776 bytes]","args":[{"enterText":"2144","selector":{"id":"createOrganizationPop--sectionInput","searchOpenDialogs":true,"interaction":{"idSuffix":"inner"}},"clearTextFirst":true,"interactionType":"ENTER_TEXT"}]}
RESULT: undefined
COMMAND: POST /session/668384e1c1f73f3d5461b9d538daca42/execute/async - {"script":"<script> [776 bytes]","args":[{"enterText":"2144","selector":{"id":"createOrganizationPop--descriptionInput","searchOpenDialogs":true,"interaction":{"idSuffix":"inner"}},"clearTextFirst":true,"interactionType":"ENTER_TEXT"}]}
RESULT: {}
RESULT: {"script":"<script> [776 bytes]","args":[{"enterText":"2144","selector":{"id":"createOrganizationPop--descriptionInput","searchOpenDialogs":true,"interaction":{"idSuffix":"inner"}},"clearTextFirst":true,"interactionType":"ENTER_TEXT"}]}
COMMAND: POST /session/668384e1c1f73f3d5461b9d538daca42/element - {"using":"css selector","value":"#createOrganizationPop--siteOrg-inner"}
RESULT: {"using":"css selector","value":"#createOrganizationPop--siteOrg-inner"}
COMMAND: POST /session/668384e1c1f73f3d5461b9d538daca42/element/f.F64AD31729AEE402AD374BC91D68D115.d.A8E1E80D0D11B483DED8AB5B29761872.e.3404/clear - {}
RESULT: {}
COMMAND: POST /session/668384e1c1f73f3d5461b9d538daca42/element/f.F64AD31729AEE402AD374BC91D68D115.d.A8E1E80D0D11B483DED8AB5B29761872.e.3404/value - {"text":"2144"}
COMMAND: GET /session/668384e1c1f73f3d5461b9d538daca42/screenshot - {}
RESULT: {"text":"2144"}
COMMAND: GET /session/668384e1c1f73f3d5461b9d538daca42/screenshot - {}
RESULT: {}
RESULT: {}
COMMAND: POST /session/668384e1c1f73f3d5461b9d538daca42/actions - {"actions":[{"id":"action17","type":"key","parameters":{},"actions":[{"type":"keyDown","value":"î€‡"},{"type":"pause","duration":10},{"type":"keyUp","value":"î€‡"}]}]}
RESULT: {"actions":[{"id":"action17","type":"key","parameters":{},"actions":[{"type":"keyDown","value":"î€‡"},{"type":"pause","duration":10},{"type":"keyUp","value":"î€‡"}]}]}
RESULT: undefined
COMMAND: POST /session/668384e1c1f73f3d5461b9d538daca42/element - {"using":"xpath","value":"//*[@id=\"createOrganizationPop--giZone\"]"}
COMMAND: GET /session/668384e1c1f73f3d5461b9d538daca42/screenshot - {}
RESULT: {"using":"xpath","value":"//*[@id=\"createOrganizationPop--giZone\"]"}
COMMAND: POST /session/668384e1c1f73f3d5461b9d538daca42/element/f.F64AD31729AEE402AD374BC91D68D115.d.A8E1E80D0D11B483DED8AB5B29761872.e.3422/click - {}
RESULT: {}
RESULT: {}
RESULT: undefined
COMMAND: POST /session/668384e1c1f73f3d5461b9d538daca42/execute/async - {"script":"<script> [776 bytes]","args":[{"enterText":"WD-BIN","selector":{"id":"createOrganizationPop--binNoInput","searchOpenDialogs":true,"interaction":{"idSuffix":"inner"}},"clearTextFirst":true,"interactionType":"ENTER_TEXT"}]}
COMMAND: GET /session/668384e1c1f73f3d5461b9d538daca42/screenshot - {}
RESULT: {"script":"<script> [776 bytes]","args":[{"enterText":"WD-BIN","selector":{"id":"createOrganizationPop--binNoInput","searchOpenDialogs":true,"interaction":{"idSuffix":"inner"}},"clearTextFirst":true,"interactionType":"ENTER_TEXT"}]}
RESULT: undefined
COMMAND: POST /session/668384e1c1f73f3d5461b9d538daca42/execute/async - {"script":"<script> [776 bytes]","args":[{"enterText":"WD-BIN","selector":{"id":"createOrganizationPop--descriptionId","searchOpenDialogs":true,"interaction":{"idSuffix":"inner"}},"clearTextFirst":true,"interactionType":"ENTER_TEXT"}]}
RESULT: {}
RESULT: {"script":"<script> [776 bytes]","args":[{"enterText":"WD-BIN","selector":{"id":"createOrganizationPop--descriptionId","searchOpenDialogs":true,"interaction":{"idSuffix":"inner"}},"clearTextFirst":true,"interactionType":"ENTER_TEXT"}]}
COMMAND: POST /session/668384e1c1f73f3d5461b9d538daca42/execute/async - {"script":"<script> [1562 bytes]","args":[{"selector":{"controlType":"sap.m.CheckBox","viewName":"etm.portal.ui.binstatusreport.view.MasterWareBins","viewId":"application-binstatusreport-display-component---warehousing","bindingPath":{"propertyPath":"/ZONE","modelName":"newBin"},"searchOpenDialogs":true,"interaction":{"idSuffix":"CbBg"}},"wdio_ui5_key":"etmportal.ui.binstatusreport.view.MasterWareBinssap.m.CheckBox{\"propertyPath\":\"/ZONE\",\"modelName\":\"newBin\"}"}]}
RESULT: {"script":"<script> [1562 bytes]","args":[{"selector":{"controlType":"sap.m.CheckBox","viewName":"etm.portal.ui.binstatusreport.view.MasterWareBins","viewId":"application-binstatusreport-display-component---warehousing","bindingPath":{"propertyPath":"/ZONE","modelName":"newBin"},"searchOpenDialogs":true,"interaction":{"idSuffix":"CbBg"}},"wdio_ui5_key":"etmportal.ui.binstatusreport.view.MasterWareBinssap.m.CheckBox{\"propertyPath\":\"/ZONE\",\"modelName\":\"newBin\"}"}]}
RESULT: undefined
COMMAND: POST /session/668384e1c1f73f3d5461b9d538daca42/element - {"using":"xpath","value":"//*[@id=\"__box44\"]"}
RESULT: {"using":"xpath","value":"//*[@id=\"__box44\"]"}
COMMAND: POST /session/668384e1c1f73f3d5461b9d538daca42/element/f.F64AD31729AEE402AD374BC91D68D115.d.A8E1E80D0D11B483DED8AB5B29761872.e.3424/click - {}
RESULT: {}
COMMAND: GET /session/668384e1c1f73f3d5461b9d538daca42/screenshot - {}
RESULT: {}
RESULT: undefined
COMMAND: POST /session/668384e1c1f73f3d5461b9d538daca42/execute/async - {"script":"<script> [776 bytes]","args":[{"enterText":"1 - General / No capacity check","selector":{"id":"createOrganizationPop--binTypesCB","searchOpenDialogs":true,"interaction":{"idSuffix":"inner"}},"clearTextFirst":true,"interactionType":"ENTER_TEXT"}]}
RESULT: {"script":"<script> [776 bytes]","args":[{"enterText":"1 - General / No capacity check","selector":{"id":"createOrganizationPop--binTypesCB","searchOpenDialogs":true,"interaction":{"idSuffix":"inner"}},"clearTextFirst":true,"interactionType":"ENTER_TEXT"}]}
COMMAND: POST /session/668384e1c1f73f3d5461b9d538daca42/execute/async - {"script":"<script> [1562 bytes]","args":[{"selector":{"id":"createOrganizationPop--capacityId","searchOpenDialogs":true,"interaction":{"idSuffix":"inner"}},"wdio_ui5_key":"createOrganizationPopcapacityId"}]}
RESULT: {"script":"<script> [1562 bytes]","args":[{"selector":{"id":"createOrganizationPop--capacityId","searchOpenDialogs":true,"interaction":{"idSuffix":"inner"}},"wdio_ui5_key":"createOrganizationPopcapacityId"}]}
RESULT: undefined
COMMAND: POST /session/668384e1c1f73f3d5461b9d538daca42/actions - {"actions":[{"id":"action18","type":"key","parameters":{},"actions":[{"type":"keyDown","value":"î€‡"},{"type":"pause","duration":10},{"type":"keyUp","value":"î€‡"}]}]}
RESULT: {"actions":[{"id":"action18","type":"key","parameters":{},"actions":[{"type":"keyDown","value":"î€‡"},{"type":"pause","duration":10},{"type":"keyUp","value":"î€‡"}]}]}
COMMAND: GET /session/668384e1c1f73f3d5461b9d538daca42/screenshot - {}
RESULT: {}
RESULT: undefined
COMMAND: POST /session/668384e1c1f73f3d5461b9d538daca42/element - {"using":"xpath","value":"//*[@id=\"createOrganizationPop--finishBtn\"]"}
RESULT: {"using":"xpath","value":"//*[@id=\"createOrganizationPop--finishBtn\"]"}
COMMAND: POST /session/668384e1c1f73f3d5461b9d538daca42/element/f.F64AD31729AEE402AD374BC91D68D115.d.A8E1E80D0D11B483DED8AB5B29761872.e.3430/click - {}
RESULT: {}
COMMAND: GET /session/668384e1c1f73f3d5461b9d538daca42/screenshot - {}
RESULT: {}
COMMAND: POST /session/668384e1c1f73f3d5461b9d538daca42/element - {"using":"css selector","value":"#shell-header-icon"}
RESULT: {"using":"css selector","value":"#shell-header-icon"}
COMMAND: POST /session/668384e1c1f73f3d5461b9d538daca42/execute/sync - {"script":"<script> [8489 bytes]","args":[{"element-6066-11e4-a52e-4f735466cecf":"f.F64AD31729AEE402AD374BC91D68D115.d.A8E1E80D0D11B483DED8AB5B29761872.e.2978","ELEMENT":"f.F64AD31729AEE402AD374BC91D68D115.d.A8E1E80D0D11B483DED8AB5B29761872.e.2978"}]}
RESULT: {"script":"<script> [8489 bytes]","args":[{"element-6066-11e4-a52e-4f735466cecf":"f.F64AD31729AEE402AD374BC91D68D115.d.A8E1E80D0D11B483DED8AB5B29761872.e.2978","ELEMENT":"f.F64AD31729AEE402AD374BC91D68D115.d.A8E1E80D0D11B483DED8AB5B29761872.e.2978"}]}
COMMAND: GET /session/668384e1c1f73f3d5461b9d538daca42/element/f.F64AD31729AEE402AD374BC91D68D115.d.A8E1E80D0D11B483DED8AB5B29761872.e.2978/enabled - {}
COMMAND: GET /session/668384e1c1f73f3d5461b9d538daca42/screenshot - {}
RESULT: {}
COMMAND: POST /session/668384e1c1f73f3d5461b9d538daca42/element/f.F64AD31729AEE402AD374BC91D68D115.d.A8E1E80D0D11B483DED8AB5B29761872.e.2978/click - {}
COMMAND: GET /session/668384e1c1f73f3d5461b9d538daca42/screenshot - {}
RESULT: {}
RESULT: {}
COMMAND: GET /session/668384e1c1f73f3d5461b9d538daca42/screenshot - {}
RESULT: {}
RESULT: {}
]]></system-out>
    </testcase>
    <testcase classname="chrome.135_0_7049_96.windows.Stock_increase_-_with_WHM_US125587" name="create a whm for yard" time="33.873">
      <system-out><![CDATA[
COMMAND: POST /session/668384e1c1f73f3d5461b9d538daca42/element - {"using":"xpath","value":"//div[text()='Warehouse']"}
RESULT: {"using":"xpath","value":"//div[text()='Warehouse']"}
COMMAND: POST /session/668384e1c1f73f3d5461b9d538daca42/elements - {"using":"xpath","value":"//div[text()='Warehouse']"}
RESULT: {"using":"xpath","value":"//div[text()='Warehouse']"}
COMMAND: POST /session/668384e1c1f73f3d5461b9d538daca42/element/f.F64AD31729AEE402AD374BC91D68D115.d.A8E1E80D0D11B483DED8AB5B29761872.e.2979/click - {}
RESULT: {}
COMMAND: POST /session/668384e1c1f73f3d5461b9d538daca42/element - {"using":"xpath","value":"//span[text()='Manage Warehouse Movements']"}
COMMAND: GET /session/668384e1c1f73f3d5461b9d538daca42/screenshot - {}
RESULT: {"using":"xpath","value":"//span[text()='Manage Warehouse Movements']"}
COMMAND: POST /session/668384e1c1f73f3d5461b9d538daca42/elements - {"using":"xpath","value":"//span[text()='Manage Warehouse Movements']"}
RESULT: {}
RESULT: {"using":"xpath","value":"//span[text()='Manage Warehouse Movements']"}
COMMAND: POST /session/668384e1c1f73f3d5461b9d538daca42/element - {"using":"xpath","value":"//input[@id='application-warehousemovements-display-component---warehouseMovements--smartFilterBar-filterItemControl_BASIC-YARD-inner']"}
RESULT: {"using":"xpath","value":"//input[@id='application-warehousemovements-display-component---warehouseMovements--smartFilterBar-filterItemControl_BASIC-YARD-inner']"}
COMMAND: POST /session/668384e1c1f73f3d5461b9d538daca42/element - {"using":"xpath","value":"//input[@id='application-warehousemovements-display-component---warehouseMovements--smartFilterBar-filterItemControl_BASIC-YARD-inner']"}
RESULT: {"using":"xpath","value":"//input[@id='application-warehousemovements-display-component---warehouseMovements--smartFilterBar-filterItemControl_BASIC-YARD-inner']"}
COMMAND: POST /session/668384e1c1f73f3d5461b9d538daca42/actions - {"actions":[{"id":"action19","type":"key","parameters":{},"actions":[{"type":"keyDown","value":"î€‡"},{"type":"pause","duration":10},{"type":"keyUp","value":"î€‡"}]}]}
RESULT: {"actions":[{"id":"action19","type":"key","parameters":{},"actions":[{"type":"keyDown","value":"î€‡"},{"type":"pause","duration":10},{"type":"keyUp","value":"î€‡"}]}]}
COMMAND: POST /session/668384e1c1f73f3d5461b9d538daca42/element - {"using":"xpath","value":"(//*[@title=\"Add New Movement\"])[1]"}
COMMAND: GET /session/668384e1c1f73f3d5461b9d538daca42/screenshot - {}
RESULT: {"using":"xpath","value":"(//*[@title=\"Add New Movement\"])[1]"}
COMMAND: POST /session/668384e1c1f73f3d5461b9d538daca42/element - {"using":"xpath","value":"(//*[@title=\"Add New Movement\"])[1]"}
RESULT: {}
RESULT: {"using":"xpath","value":"(//*[@title=\"Add New Movement\"])[1]"}
COMMAND: POST /session/668384e1c1f73f3d5461b9d538daca42/element - {"using":"xpath","value":"//*[@id=\"application-warehousemovements-display-component---addMovement--sectionsList-arrow\"]"}
RESULT: {"using":"xpath","value":"//*[@id=\"application-warehousemovements-display-component---addMovement--sectionsList-arrow\"]"}
COMMAND: POST /session/668384e1c1f73f3d5461b9d538daca42/element - {"using":"xpath","value":"//*[@id=\"application-warehousemovements-display-component---addMovement--sectionsList-arrow\"]"}
RESULT: {"using":"xpath","value":"//*[@id=\"application-warehousemovements-display-component---addMovement--sectionsList-arrow\"]"}
COMMAND: POST /session/668384e1c1f73f3d5461b9d538daca42/element - {"using":"xpath","value":"//*[@id=\"application-warehousemovements-display-component---addMovement--saveMovementBtn-BDI-content\" and text()=\"Save\"]"}
RESULT: {"using":"xpath","value":"//*[@id=\"application-warehousemovements-display-component---addMovement--saveMovementBtn-BDI-content\" and text()=\"Save\"]"}
COMMAND: POST /session/668384e1c1f73f3d5461b9d538daca42/element - {"using":"xpath","value":"//*[@id=\"application-warehousemovements-display-component---addMovement--saveMovementBtn-BDI-content\" and text()=\"Save\"]"}
RESULT: {"using":"xpath","value":"//*[@id=\"application-warehousemovements-display-component---addMovement--saveMovementBtn-BDI-content\" and text()=\"Save\"]"}
COMMAND: POST /session/668384e1c1f73f3d5461b9d538daca42/element - {"using":"css selector","value":"#shell-header-icon"}
RESULT: {"using":"css selector","value":"#shell-header-icon"}
COMMAND: POST /session/668384e1c1f73f3d5461b9d538daca42/execute/sync - {"script":"<script> [8489 bytes]","args":[{"element-6066-11e4-a52e-4f735466cecf":"f.F64AD31729AEE402AD374BC91D68D115.d.A8E1E80D0D11B483DED8AB5B29761872.e.3433","ELEMENT":"f.F64AD31729AEE402AD374BC91D68D115.d.A8E1E80D0D11B483DED8AB5B29761872.e.3433"}]}
RESULT: {"script":"<script> [8489 bytes]","args":[{"element-6066-11e4-a52e-4f735466cecf":"f.F64AD31729AEE402AD374BC91D68D115.d.A8E1E80D0D11B483DED8AB5B29761872.e.3433","ELEMENT":"f.F64AD31729AEE402AD374BC91D68D115.d.A8E1E80D0D11B483DED8AB5B29761872.e.3433"}]}
COMMAND: GET /session/668384e1c1f73f3d5461b9d538daca42/element/f.F64AD31729AEE402AD374BC91D68D115.d.A8E1E80D0D11B483DED8AB5B29761872.e.3433/enabled - {}
COMMAND: GET /session/668384e1c1f73f3d5461b9d538daca42/screenshot - {}
RESULT: {}
COMMAND: POST /session/668384e1c1f73f3d5461b9d538daca42/element/f.F64AD31729AEE402AD374BC91D68D115.d.A8E1E80D0D11B483DED8AB5B29761872.e.3433/click - {}
COMMAND: GET /session/668384e1c1f73f3d5461b9d538daca42/screenshot - {}
RESULT: {}
RESULT: {}
COMMAND: GET /session/668384e1c1f73f3d5461b9d538daca42/screenshot - {}
RESULT: {}
RESULT: {}
]]></system-out>
    </testcase>
    <testcase classname="chrome.135_0_7049_96.windows.Stock_increase_-_with_WHM_US125587" name="Should do a stock increase handover" time="89.022">
      <system-out><![CDATA[
COMMAND: POST /session/668384e1c1f73f3d5461b9d538daca42/execute/async - {"script":"<script> [1562 bytes]","args":[{"selector":{"controlType":"sap.m.Text","viewName":"etm.portal.ui.managehandoverstile.view.Master","properties":{"text":"Manage Handovers"},"interaction":{"idSuffix":"inner"}},"wdio_ui5_key":"etmportal.ui.managehandoverstile.view.Mastersap.m.Text{\"text\":\"Manage Handovers\"}"}]}
RESULT: {"script":"<script> [1562 bytes]","args":[{"selector":{"controlType":"sap.m.Text","viewName":"etm.portal.ui.managehandoverstile.view.Master","properties":{"text":"Manage Handovers"},"interaction":{"idSuffix":"inner"}},"wdio_ui5_key":"etmportal.ui.managehandoverstile.view.Mastersap.m.Text{\"text\":\"Manage Handovers\"}"}]}
RESULT: undefined
COMMAND: POST /session/668384e1c1f73f3d5461b9d538daca42/element - {"using":"xpath","value":"//*[@id=\"__tile133-title\"]"}
RESULT: {"using":"xpath","value":"//*[@id=\"__tile133-title\"]"}
COMMAND: POST /session/668384e1c1f73f3d5461b9d538daca42/element/f.F64AD31729AEE402AD374BC91D68D115.d.A8E1E80D0D11B483DED8AB5B29761872.e.3435/click - {}
RESULT: {}
COMMAND: GET /session/668384e1c1f73f3d5461b9d538daca42/screenshot - {}
RESULT: {}
COMMAND: POST /session/668384e1c1f73f3d5461b9d538daca42/execute/async - {"script":"<script> [1562 bytes]","args":[{"selector":{"controlType":"sap.ui.core.Icon","viewName":"etm.portal.ui.managehandovers.view.MasterHO","properties":{"src":{"regex":{"source":"add"}}}},"wdio_ui5_key":"etmportal.ui.managehandovers.view.MasterHOsap.ui.core.Icon{\"src\":{\"regex\":{\"source\":\"add\"}}}"}]}
RESULT: {"script":"<script> [1562 bytes]","args":[{"selector":{"controlType":"sap.ui.core.Icon","viewName":"etm.portal.ui.managehandovers.view.MasterHO","properties":{"src":{"regex":{"source":"add"}}}},"wdio_ui5_key":"etmportal.ui.managehandovers.view.MasterHOsap.ui.core.Icon{\"src\":{\"regex\":{\"source\":\"add\"}}}"}]}
RESULT: undefined
COMMAND: POST /session/668384e1c1f73f3d5461b9d538daca42/element - {"using":"xpath","value":"//*[@id=\"__button179-img\"]"}
RESULT: {"using":"xpath","value":"//*[@id=\"__button179-img\"]"}
COMMAND: POST /session/668384e1c1f73f3d5461b9d538daca42/element/f.F64AD31729AEE402AD374BC91D68D115.d.A8E1E80D0D11B483DED8AB5B29761872.e.3481/click - {}
RESULT: {}
COMMAND: GET /session/668384e1c1f73f3d5461b9d538daca42/screenshot - {}
COMMAND: POST /session/668384e1c1f73f3d5461b9d538daca42/execute/async - {"script":"<script> [1562 bytes]","args":[{"selector":{"id":"application-managehandovers-display-component---AddNewHO--typeSelect","interaction":{"idSuffix":"arrow"}},"wdio_ui5_key":"applicationmanagehandovers-display-component---AddNewHO--typeSelect"}]}
RESULT: {}
RESULT: {"script":"<script> [1562 bytes]","args":[{"selector":{"id":"application-managehandovers-display-component---AddNewHO--typeSelect","interaction":{"idSuffix":"arrow"}},"wdio_ui5_key":"applicationmanagehandovers-display-component---AddNewHO--typeSelect"}]}
RESULT: undefined
COMMAND: POST /session/668384e1c1f73f3d5461b9d538daca42/element - {"using":"xpath","value":"//*[@id=\"application-managehandovers-display-component---AddNewHO--typeSelect\"]"}
RESULT: {"using":"xpath","value":"//*[@id=\"application-managehandovers-display-component---AddNewHO--typeSelect\"]"}
COMMAND: POST /session/668384e1c1f73f3d5461b9d538daca42/element/f.F64AD31729AEE402AD374BC91D68D115.d.A8E1E80D0D11B483DED8AB5B29761872.e.3818/click - {}
RESULT: {}
COMMAND: POST /session/668384e1c1f73f3d5461b9d538daca42/execute/async - {"script":"<script> [1562 bytes]","args":[{"selector":{"controlType":"sap.ui.core.Item","viewName":"etm.portal.ui.managehandovers.view.AddNewHO","viewId":"application-managehandovers-display-component---AddNewHO","bindingPath":{"path":"/HandOverTypes('100')","propertyPath":"ID","modelName":"catalogModel"},"searchOpenDialogs":true},"wdio_ui5_key":"etmportal.ui.managehandovers.view.AddNewHOsap.ui.core.Item{\"path\":\"/HandOverTypes('100')\",\"propertyPath\":\"ID\",\"modelName\":\"catalogModel\"}"}]}
COMMAND: GET /session/668384e1c1f73f3d5461b9d538daca42/screenshot - {}
RESULT: {"script":"<script> [1562 bytes]","args":[{"selector":{"controlType":"sap.ui.core.Item","viewName":"etm.portal.ui.managehandovers.view.AddNewHO","viewId":"application-managehandovers-display-component---AddNewHO","bindingPath":{"path":"/HandOverTypes('100')","propertyPath":"ID","modelName":"catalogModel"},"searchOpenDialogs":true},"wdio_ui5_key":"etmportal.ui.managehandovers.view.AddNewHOsap.ui.core.Item{\"path\":\"/HandOverTypes('100')\",\"propertyPath\":\"ID\",\"modelName\":\"catalogModel\"}"}]}
RESULT: undefined
COMMAND: POST /session/668384e1c1f73f3d5461b9d538daca42/element - {"using":"xpath","value":"//*[@id=\"__item1225-application-managehandovers-display-component---AddNewHO--typeSelect-1\"]"}
RESULT: {}
RESULT: {"using":"xpath","value":"//*[@id=\"__item1225-application-managehandovers-display-component---AddNewHO--typeSelect-1\"]"}
COMMAND: POST /session/668384e1c1f73f3d5461b9d538daca42/element/f.F64AD31729AEE402AD374BC91D68D115.d.A8E1E80D0D11B483DED8AB5B29761872.e.3819/click - {}
RESULT: {}
COMMAND: POST /session/668384e1c1f73f3d5461b9d538daca42/element - {"using":"css selector","value":"#application-managehandovers-display-component---AddNewHO--oneStep-CB"}
COMMAND: GET /session/668384e1c1f73f3d5461b9d538daca42/screenshot - {}
RESULT: {"using":"css selector","value":"#application-managehandovers-display-component---AddNewHO--oneStep-CB"}
COMMAND: POST /session/668384e1c1f73f3d5461b9d538daca42/execute/sync - {"script":"<script> [8489 bytes]","args":[{"element-6066-11e4-a52e-4f735466cecf":"f.F64AD31729AEE402AD374BC91D68D115.d.A8E1E80D0D11B483DED8AB5B29761872.e.3827","ELEMENT":"f.F64AD31729AEE402AD374BC91D68D115.d.A8E1E80D0D11B483DED8AB5B29761872.e.3827"}]}
RESULT: {}
RESULT: {"script":"<script> [8489 bytes]","args":[{"element-6066-11e4-a52e-4f735466cecf":"f.F64AD31729AEE402AD374BC91D68D115.d.A8E1E80D0D11B483DED8AB5B29761872.e.3827","ELEMENT":"f.F64AD31729AEE402AD374BC91D68D115.d.A8E1E80D0D11B483DED8AB5B29761872.e.3827"}]}
COMMAND: GET /session/668384e1c1f73f3d5461b9d538daca42/screenshot - {}
RESULT: {}
COMMAND: POST /session/668384e1c1f73f3d5461b9d538daca42/element - {"using":"css selector","value":"input[id=\"generalSectionFrg--receiveYard-inner\"]"}
RESULT: {"using":"css selector","value":"input[id=\"generalSectionFrg--receiveYard-inner\"]"}
COMMAND: POST /session/668384e1c1f73f3d5461b9d538daca42/element/f.F64AD31729AEE402AD374BC91D68D115.d.A8E1E80D0D11B483DED8AB5B29761872.e.3829/clear - {}
RESULT: {}
COMMAND: POST /session/668384e1c1f73f3d5461b9d538daca42/element/f.F64AD31729AEE402AD374BC91D68D115.d.A8E1E80D0D11B483DED8AB5B29761872.e.3829/value - {"text":"289"}
COMMAND: GET /session/668384e1c1f73f3d5461b9d538daca42/screenshot - {}
RESULT: {"text":"289"}
COMMAND: GET /session/668384e1c1f73f3d5461b9d538daca42/screenshot - {}
RESULT: {}
RESULT: {}
COMMAND: POST /session/668384e1c1f73f3d5461b9d538daca42/element - {"using":"css selector","value":"#application-managehandovers-display-component---AddNewHO--dueDate-inner"}
RESULT: {"using":"css selector","value":"#application-managehandovers-display-component---AddNewHO--dueDate-inner"}
COMMAND: POST /session/668384e1c1f73f3d5461b9d538daca42/element/f.F64AD31729AEE402AD374BC91D68D115.d.A8E1E80D0D11B483DED8AB5B29761872.e.3823/clear - {}
RESULT: {}
COMMAND: POST /session/668384e1c1f73f3d5461b9d538daca42/element/f.F64AD31729AEE402AD374BC91D68D115.d.A8E1E80D0D11B483DED8AB5B29761872.e.3823/value - {"text":"4/27/25"}
COMMAND: GET /session/668384e1c1f73f3d5461b9d538daca42/screenshot - {}
RESULT: {"text":"4/27/25"}
COMMAND: GET /session/668384e1c1f73f3d5461b9d538daca42/screenshot - {}
RESULT: {}
RESULT: {}
COMMAND: POST /session/668384e1c1f73f3d5461b9d538daca42/element - {"using":"xpath","value":"//bdi[(text() = 'Items' or . = 'Items')]"}
RESULT: {"using":"xpath","value":"//bdi[(text() = 'Items' or . = 'Items')]"}
COMMAND: POST /session/668384e1c1f73f3d5461b9d538daca42/element/f.F64AD31729AEE402AD374BC91D68D115.d.A8E1E80D0D11B483DED8AB5B29761872.e.3843/click - {}
RESULT: {}
COMMAND: GET /session/668384e1c1f73f3d5461b9d538daca42/screenshot - {}
RESULT: {}
COMMAND: POST /session/668384e1c1f73f3d5461b9d538daca42/element - {"using":"xpath","value":"//button[@aria-label=\"Add\"]"}
RESULT: {"using":"xpath","value":"//button[@aria-label=\"Add\"]"}
COMMAND: POST /session/668384e1c1f73f3d5461b9d538daca42/element/f.F64AD31729AEE402AD374BC91D68D115.d.A8E1E80D0D11B483DED8AB5B29761872.e.3848/click - {}
RESULT: {}
COMMAND: GET /session/668384e1c1f73f3d5461b9d538daca42/screenshot - {}
RESULT: {}
COMMAND: POST /session/668384e1c1f73f3d5461b9d538daca42/element - {"using":"css selector","value":"input[id= \"application-managehandovers-display-component---AddNewHO--smartFilterBar-btnBasicSearch-I\"]"}
RESULT: {"using":"css selector","value":"input[id= \"application-managehandovers-display-component---AddNewHO--smartFilterBar-btnBasicSearch-I\"]"}
COMMAND: POST /session/668384e1c1f73f3d5461b9d538daca42/element/f.F64AD31729AEE402AD374BC91D68D115.d.A8E1E80D0D11B483DED8AB5B29761872.e.3851/clear - {}
RESULT: {}
COMMAND: POST /session/668384e1c1f73f3d5461b9d538daca42/element/f.F64AD31729AEE402AD374BC91D68D115.d.A8E1E80D0D11B483DED8AB5B29761872.e.3851/value - {"text":"200127"}
RESULT: {"text":"200127"}
COMMAND: POST /session/668384e1c1f73f3d5461b9d538daca42/actions - {"actions":[{"id":"action20","type":"key","parameters":{},"actions":[{"type":"keyDown","value":"î€‡"},{"type":"pause","duration":10},{"type":"keyUp","value":"î€‡"}]}]}
RESULT: {"actions":[{"id":"action20","type":"key","parameters":{},"actions":[{"type":"keyDown","value":"î€‡"},{"type":"pause","duration":10},{"type":"keyUp","value":"î€‡"}]}]}
COMMAND: POST /session/668384e1c1f73f3d5461b9d538daca42/element - {"using":"css selector","value":"div[id= \"application-managehandovers-display-component---AddNewHO--smartFilterBar-btnBasicSearch-search\"]"}
COMMAND: GET /session/668384e1c1f73f3d5461b9d538daca42/screenshot - {}
COMMAND: GET /session/668384e1c1f73f3d5461b9d538daca42/screenshot - {}
COMMAND: GET /session/668384e1c1f73f3d5461b9d538daca42/screenshot - {}
RESULT: {"using":"css selector","value":"div[id= \"application-managehandovers-display-component---AddNewHO--smartFilterBar-btnBasicSearch-search\"]"}
COMMAND: POST /session/668384e1c1f73f3d5461b9d538daca42/element/f.F64AD31729AEE402AD374BC91D68D115.d.A8E1E80D0D11B483DED8AB5B29761872.e.4000/click - {}
RESULT: {}
RESULT: {}
RESULT: {}
COMMAND: GET /session/668384e1c1f73f3d5461b9d538daca42/screenshot - {}
RESULT: {}
RESULT: {}
COMMAND: POST /session/668384e1c1f73f3d5461b9d538daca42/element - {"using":"css selector","value":"div[id= \"application-managehandovers-display-component---AddNewHO--popup-sa-CbBg\"]"}
RESULT: {"using":"css selector","value":"div[id= \"application-managehandovers-display-component---AddNewHO--popup-sa-CbBg\"]"}
COMMAND: POST /session/668384e1c1f73f3d5461b9d538daca42/element/f.F64AD31729AEE402AD374BC91D68D115.d.A8E1E80D0D11B483DED8AB5B29761872.e.4001/click - {}
RESULT: {}
COMMAND: POST /session/668384e1c1f73f3d5461b9d538daca42/element - {"using":"xpath","value":"//bdi[(text() = 'Select' or . = 'Select')]"}
COMMAND: GET /session/668384e1c1f73f3d5461b9d538daca42/screenshot - {}
RESULT: {"using":"xpath","value":"//bdi[(text() = 'Select' or . = 'Select')]"}
COMMAND: POST /session/668384e1c1f73f3d5461b9d538daca42/element/f.F64AD31729AEE402AD374BC91D68D115.d.A8E1E80D0D11B483DED8AB5B29761872.e.4002/click - {}
RESULT: {}
RESULT: {}
COMMAND: GET /session/668384e1c1f73f3d5461b9d538daca42/screenshot - {}
RESULT: {}
COMMAND: POST /session/668384e1c1f73f3d5461b9d538daca42/element - {"using":"xpath","value":"//bdi[(text() = 'Save' or . = 'Save')]"}
RESULT: {"using":"xpath","value":"//bdi[(text() = 'Save' or . = 'Save')]"}
COMMAND: POST /session/668384e1c1f73f3d5461b9d538daca42/element/f.F64AD31729AEE402AD374BC91D68D115.d.A8E1E80D0D11B483DED8AB5B29761872.e.4006/click - {}
RESULT: {}
COMMAND: GET /session/668384e1c1f73f3d5461b9d538daca42/screenshot - {}
RESULT: {}
COMMAND: POST /session/668384e1c1f73f3d5461b9d538daca42/element - {"using":"xpath","value":"//input[contains(@id ,\"receiptDatePicker-inner\")]"}
RESULT: {"using":"xpath","value":"//input[contains(@id ,\"receiptDatePicker-inner\")]"}
COMMAND: POST /session/668384e1c1f73f3d5461b9d538daca42/element/f.F64AD31729AEE402AD374BC91D68D115.d.A8E1E80D0D11B483DED8AB5B29761872.e.4037/click - {}
RESULT: {}
COMMAND: POST /session/668384e1c1f73f3d5461b9d538daca42/element - {"using":"xpath","value":"//input[contains(@id ,\"receiptDatePicker-inner\")]"}
COMMAND: GET /session/668384e1c1f73f3d5461b9d538daca42/screenshot - {}
RESULT: {"using":"xpath","value":"//input[contains(@id ,\"receiptDatePicker-inner\")]"}
COMMAND: POST /session/668384e1c1f73f3d5461b9d538daca42/element/f.F64AD31729AEE402AD374BC91D68D115.d.A8E1E80D0D11B483DED8AB5B29761872.e.4037/clear - {}
RESULT: {}
RESULT: {}
COMMAND: POST /session/668384e1c1f73f3d5461b9d538daca42/element/f.F64AD31729AEE402AD374BC91D68D115.d.A8E1E80D0D11B483DED8AB5B29761872.e.4037/value - {"text":"4/27/25"}
COMMAND: GET /session/668384e1c1f73f3d5461b9d538daca42/screenshot - {}
RESULT: {"text":"4/27/25"}
COMMAND: GET /session/668384e1c1f73f3d5461b9d538daca42/screenshot - {}
RESULT: {}
RESULT: {}
COMMAND: POST /session/668384e1c1f73f3d5461b9d538daca42/execute/async - {"script":"<script> [1562 bytes]","args":[{"selector":{"id":"administrationTabFilter","viewName":"etm.portal.ui.managehandovers.view.DetailExecuteHO","interaction":{"idSuffix":"text"}},"wdio_ui5_key":"administrationTabFilteretmportal.ui.managehandovers.view.DetailExecuteHO"}]}
RESULT: {"script":"<script> [1562 bytes]","args":[{"selector":{"id":"administrationTabFilter","viewName":"etm.portal.ui.managehandovers.view.DetailExecuteHO","interaction":{"idSuffix":"text"}},"wdio_ui5_key":"administrationTabFilteretmportal.ui.managehandovers.view.DetailExecuteHO"}]}
RESULT: undefined
COMMAND: POST /session/668384e1c1f73f3d5461b9d538daca42/element - {"using":"xpath","value":"//*[@id=\"__xmlview61--administrationTabFilter\"]"}
RESULT: {"using":"xpath","value":"//*[@id=\"__xmlview61--administrationTabFilter\"]"}
COMMAND: POST /session/668384e1c1f73f3d5461b9d538daca42/element/f.F64AD31729AEE402AD374BC91D68D115.d.A8E1E80D0D11B483DED8AB5B29761872.e.4055/click - {}
RESULT: {}
RESULT: undefined
COMMAND: POST /session/668384e1c1f73f3d5461b9d538daca42/element - {"using":"xpath","value":"//*[@id=\"__xmlview61--administrationTabFilter\"]"}
COMMAND: GET /session/668384e1c1f73f3d5461b9d538daca42/screenshot - {}
RESULT: {"using":"xpath","value":"//*[@id=\"__xmlview61--administrationTabFilter\"]"}
COMMAND: POST /session/668384e1c1f73f3d5461b9d538daca42/element/f.F64AD31729AEE402AD374BC91D68D115.d.A8E1E80D0D11B483DED8AB5B29761872.e.4055/click - {}
RESULT: {}
RESULT: {}
COMMAND: GET /session/668384e1c1f73f3d5461b9d538daca42/screenshot - {}
RESULT: {}
COMMAND: POST /session/668384e1c1f73f3d5461b9d538daca42/element - {"using":"xpath","value":"//bdi[(text() = 'Confirm' or . = 'Confirm')]"}
RESULT: {"using":"xpath","value":"//bdi[(text() = 'Confirm' or . = 'Confirm')]"}
COMMAND: POST /session/668384e1c1f73f3d5461b9d538daca42/element/f.F64AD31729AEE402AD374BC91D68D115.d.A8E1E80D0D11B483DED8AB5B29761872.e.4063/click - {}
RESULT: {}
COMMAND: GET /session/668384e1c1f73f3d5461b9d538daca42/screenshot - {}
RESULT: {}
COMMAND: POST /session/668384e1c1f73f3d5461b9d538daca42/execute/async - {"script":"<script> [1562 bytes]","args":[{"selector":{"id":"confirmationButton","viewName":"etm.portal.ui.managehandovers.view.DetailExecuteHO","interaction":{"idSuffix":"BDI-content"}},"wdio_ui5_key":"confirmationButtonetmportal.ui.managehandovers.view.DetailExecuteHO"}]}
RESULT: {"script":"<script> [1562 bytes]","args":[{"selector":{"id":"confirmationButton","viewName":"etm.portal.ui.managehandovers.view.DetailExecuteHO","interaction":{"idSuffix":"BDI-content"}},"wdio_ui5_key":"confirmationButtonetmportal.ui.managehandovers.view.DetailExecuteHO"}]}
RESULT: undefined
COMMAND: POST /session/668384e1c1f73f3d5461b9d538daca42/element - {"using":"css selector","value":"bdi[aria-live=\"off\"][text=\"Close\"]"}
RESULT: {"using":"css selector","value":"bdi[aria-live=\"off\"][text=\"Close\"]"}
COMMAND: POST /session/668384e1c1f73f3d5461b9d538daca42/element - {"using":"css selector","value":"bdi[aria-live=\"off\"][text=\"Close\"]"}
RESULT: {"using":"css selector","value":"bdi[aria-live=\"off\"][text=\"Close\"]"}
COMMAND: POST /session/668384e1c1f73f3d5461b9d538daca42/element - {"using":"css selector","value":"#shell-header-logo"}
RESULT: {"using":"css selector","value":"#shell-header-logo"}
COMMAND: POST /session/668384e1c1f73f3d5461b9d538daca42/element/f.F64AD31729AEE402AD374BC91D68D115.d.A8E1E80D0D11B483DED8AB5B29761872.e.3439/click - {}
RESULT: {}
COMMAND: GET /session/668384e1c1f73f3d5461b9d538daca42/screenshot - {}
RESULT: {}
COMMAND: POST /session/668384e1c1f73f3d5461b9d538daca42/element - {"using":"css selector","value":"#j_username"}
COMMAND: POST /session/668384e1c1f73f3d5461b9d538daca42/url - {"url":"https://qa-testing-00-live-etm-ui.cfapps.eu10-004.hana.ondemand.com/"}
RESULT: {"using":"css selector","value":"#j_username"}
COMMAND: POST /session/668384e1c1f73f3d5461b9d538daca42/element - {"using":"css selector","value":"#j_username"}
RESULT: {"url":"https://qa-testing-00-live-etm-ui.cfapps.eu10-004.hana.ondemand.com/"}
RESULT: undefined
COMMAND: GET /session/668384e1c1f73f3d5461b9d538daca42/screenshot - {}
RESULT: {"using":"css selector","value":"#j_username"}
COMMAND: POST /session/668384e1c1f73f3d5461b9d538daca42/element - {"using":"css selector","value":"#shell-header-logo"}
RESULT: {}
RESULT: {"using":"css selector","value":"#shell-header-logo"}
COMMAND: POST /session/668384e1c1f73f3d5461b9d538daca42/execute/sync - {"script":"<script> [8489 bytes]","args":[{"element-6066-11e4-a52e-4f735466cecf":"f.F64AD31729AEE402AD374BC91D68D115.d.55380C65A1356BA5BF9572E259D699A8.e.4083","ELEMENT":"f.F64AD31729AEE402AD374BC91D68D115.d.55380C65A1356BA5BF9572E259D699A8.e.4083"}]}
RESULT: {"script":"<script> [8489 bytes]","args":[{"element-6066-11e4-a52e-4f735466cecf":"f.F64AD31729AEE402AD374BC91D68D115.d.55380C65A1356BA5BF9572E259D699A8.e.4083","ELEMENT":"f.F64AD31729AEE402AD374BC91D68D115.d.55380C65A1356BA5BF9572E259D699A8.e.4083"}]}
COMMAND: POST /session/668384e1c1f73f3d5461b9d538daca42/element - {"using":"css selector","value":"#shell-header-logo"}
COMMAND: GET /session/668384e1c1f73f3d5461b9d538daca42/screenshot - {}
RESULT: {"using":"css selector","value":"#shell-header-logo"}
COMMAND: POST /session/668384e1c1f73f3d5461b9d538daca42/execute/sync - {"script":"<script> [8489 bytes]","args":[{"element-6066-11e4-a52e-4f735466cecf":"f.F64AD31729AEE402AD374BC91D68D115.d.55380C65A1356BA5BF9572E259D699A8.e.4083","ELEMENT":"f.F64AD31729AEE402AD374BC91D68D115.d.55380C65A1356BA5BF9572E259D699A8.e.4083"}]}
RESULT: {}
RESULT: {"script":"<script> [8489 bytes]","args":[{"element-6066-11e4-a52e-4f735466cecf":"f.F64AD31729AEE402AD374BC91D68D115.d.55380C65A1356BA5BF9572E259D699A8.e.4083","ELEMENT":"f.F64AD31729AEE402AD374BC91D68D115.d.55380C65A1356BA5BF9572E259D699A8.e.4083"}]}
COMMAND: POST /session/668384e1c1f73f3d5461b9d538daca42/execute/sync - {"script":"<script> [5351 bytes]","args":[{"element-6066-11e4-a52e-4f735466cecf":"f.F64AD31729AEE402AD374BC91D68D115.d.55380C65A1356BA5BF9572E259D699A8.e.4083","ELEMENT":"f.F64AD31729AEE402AD374BC91D68D115.d.55380C65A1356BA5BF9572E259D699A8.e.4083"}]}
COMMAND: GET /session/668384e1c1f73f3d5461b9d538daca42/screenshot - {}
RESULT: {"script":"<script> [5351 bytes]","args":[{"element-6066-11e4-a52e-4f735466cecf":"f.F64AD31729AEE402AD374BC91D68D115.d.55380C65A1356BA5BF9572E259D699A8.e.4083","ELEMENT":"f.F64AD31729AEE402AD374BC91D68D115.d.55380C65A1356BA5BF9572E259D699A8.e.4083"}]}
COMMAND: POST /session/668384e1c1f73f3d5461b9d538daca42/element - {"using":"css selector","value":"#shell-header-logo"}
COMMAND: GET /session/668384e1c1f73f3d5461b9d538daca42/screenshot - {}
RESULT: {}
RESULT: {"using":"css selector","value":"#shell-header-logo"}
COMMAND: POST /session/668384e1c1f73f3d5461b9d538daca42/element/f.F64AD31729AEE402AD374BC91D68D115.d.55380C65A1356BA5BF9572E259D699A8.e.4083/click - {}
RESULT: {}
RESULT: {}
COMMAND: GET /session/668384e1c1f73f3d5461b9d538daca42/screenshot - {}
RESULT: {}
COMMAND: POST /session/668384e1c1f73f3d5461b9d538daca42/execute/async - {"script":"<script> [189 bytes]","args":[]}
RESULT: {"script":"<script> [189 bytes]","args":[]}
COMMAND: POST /session/668384e1c1f73f3d5461b9d538daca42/execute/async - {"script":"<script> [123 bytes]","args":[]}
RESULT: {"script":"<script> [123 bytes]","args":[]}
COMMAND: POST /session/668384e1c1f73f3d5461b9d538daca42/timeouts - {"script":"<number>"}
RESULT: {"script":"<number>"}
COMMAND: GET /session/668384e1c1f73f3d5461b9d538daca42/timeouts - {}
RESULT: {}
RESULT: undefined
COMMAND: POST /session/668384e1c1f73f3d5461b9d538daca42/execute/async - {"script":"<script> [2676 bytes]","args":[]}
RESULT: {"script":"<script> [2676 bytes]","args":[]}
COMMAND: POST /session/668384e1c1f73f3d5461b9d538daca42/execute/async - {"script":"<script> [2342 bytes]","args":[{"protocol":"http","hostname":"0.0.0.0","path":"/","capabilities":{"browserName":"chrome","goog:chromeOptions":{"binary":"C:\\Program Files\\Google\\Chrome\\Application\\chrome.exe","args":["--start-maximized"]}},"logLevel":"warn","connectionRetryTimeout":120000,"connectionRetryCount":3,"logLevels":{},"enableDirectConnect":true,"strictSSL":true,"_":"65 more keys: [\"cacheDir\",\"port\",\"requestedCapabilities\",\"automationProtocol\",\"baseUrl\",\"waitforInterval\",\"waitforTimeout\",\"onReload\",\"beforeCommand\",\"afterCommand\",\"rootDir\",\"specs\",\"suites\",\"exclude\",\"groupLogsByTestSpec\",\"excludeDriverLogs\",\"bail\",\"framework\",\"reporters\",\"services\",\"maxInstances\",\"maxInstancesPerCapability\",\"injectGlobals\",\"filesToWatch\",\"execArgv\",\"runnerEnv\",\"runner\",\"shard\",\"specFileRetries\",\"specFileRetriesDelay\",\"specFileRetriesDeferred\",\"reporterSyncInterval\",\"reporterSyncTimeout\",\"cucumberFeaturesWithLineNumbers\",\"autoCompileOpts\",\"mochaOpts\",\"jasmineOpts\",\"cucumberOpts\",\"onPrepare\",\"onWorkerStart\",\"onWorkerEnd\",\"before\",\"beforeSession\",\"beforeSuite\",\"beforeHook\",\"beforeTest\",\"afterTest\",\"afterHook\",\"afterSuite\",\"afterSession\",\"after\",\"onComplete\",\"beforeAssertion\",\"afterAssertion\",\"beforeFeature\",\"beforeScenario\",\"beforeStep\",\"afterStep\",\"afterScenario\",\"afterFeature\",\"_\",\"suite\",\"$0\",\"ignoredWorkerServices\",\"wdi5\"]"}]}
RESULT: {"script":"<script> [2342 bytes]","args":[{"protocol":"http","hostname":"0.0.0.0","path":"/","capabilities":{"browserName":"chrome","goog:chromeOptions":{"binary":"C:\\Program Files\\Google\\Chrome\\Application\\chrome.exe","args":["--start-maximized"]}},"logLevel":"warn","connectionRetryTimeout":120000,"connectionRetryCount":3,"logLevels":{},"enableDirectConnect":true,"strictSSL":true,"_":"65 more keys: [\"cacheDir\",\"port\",\"requestedCapabilities\",\"automationProtocol\",\"baseUrl\",\"waitforInterval\",\"waitforTimeout\",\"onReload\",\"beforeCommand\",\"afterCommand\",\"rootDir\",\"specs\",\"suites\",\"exclude\",\"groupLogsByTestSpec\",\"excludeDriverLogs\",\"bail\",\"framework\",\"reporters\",\"services\",\"maxInstances\",\"maxInstancesPerCapability\",\"injectGlobals\",\"filesToWatch\",\"execArgv\",\"runnerEnv\",\"runner\",\"shard\",\"specFileRetries\",\"specFileRetriesDelay\",\"specFileRetriesDeferred\",\"reporterSyncInterval\",\"reporterSyncTimeout\",\"cucumberFeaturesWithLineNumbers\",\"autoCompileOpts\",\"mochaOpts\",\"jasmineOpts\",\"cucumberOpts\",\"onPrepare\",\"onWorkerStart\",\"onWorkerEnd\",\"before\",\"beforeSession\",\"beforeSuite\",\"beforeHook\",\"beforeTest\",\"afterTest\",\"afterHook\",\"afterSuite\",\"afterSession\",\"after\",\"onComplete\",\"beforeAssertion\",\"afterAssertion\",\"beforeFeature\",\"beforeScenario\",\"beforeStep\",\"afterStep\",\"afterScenario\",\"afterFeature\",\"_\",\"suite\",\"$0\",\"ignoredWorkerServices\",\"wdi5\"]"}]}
COMMAND: POST /session/668384e1c1f73f3d5461b9d538daca42/execute/async - {"script":"<script> [21126 bytes]","args":[35000]}
RESULT: {"script":"<script> [21126 bytes]","args":[35000]}
COMMAND: POST /session/668384e1c1f73f3d5461b9d538daca42/window/maximize - {}
RESULT: {}
COMMAND: POST /session/668384e1c1f73f3d5461b9d538daca42/execute/async - {"script":"<script> [1562 bytes]","args":[{"selector":{"id":"shell-header","interaction":{"idSuffix":"icon"}},"wdio_ui5_key":"shellheader"}]}
COMMAND: GET /session/668384e1c1f73f3d5461b9d538daca42/screenshot - {}
RESULT: {"script":"<script> [1562 bytes]","args":[{"selector":{"id":"shell-header","interaction":{"idSuffix":"icon"}},"wdio_ui5_key":"shellheader"}]}
RESULT: undefined
]]></system-out>
    </testcase>
  </testsuite>
  <testsuite timestamp="2025-04-27T16:32:33" time="453.54" tests="6" failures="6" errors="6" skipped="0">
    <properties>
      <property name="specId" value="0" />
      <property name="suiteName" value="Provide to Site w/ warehouse management w/ clarification US115878" />
      <property name="capabilities" value="chrome.135_0_7049_96.windows" />
      <property name="file" value="file:///D:/a/1/s/test/specs/HTR/provide-to-site-w-warehouse-w-clarification.spec.js" />
    </properties>
  </testsuite>
  <testsuite timestamp="2025-04-27T16:40:07" time="499.432" tests="6" failures="6" errors="6" skipped="0">
    <properties>
      <property name="specId" value="0" />
      <property name="suiteName" value="Provide to Site w/ warehouse management w clarification" />
      <property name="capabilities" value="chrome.135_0_7049_96.windows" />
      <property name="file" value="file:///D:/a/1/s/test/specs/HTR/provide-to-site-w-warehouse-w-clarification.spec.js" />
    </properties>
  </testsuite>
  <testsuite timestamp="2025-04-27T16:48:26" time="482.654" tests="6" failures="0" errors="0" skipped="0">
    <properties>
      <property name="specId" value="0" />
      <property name="suiteName" value="Provide to Site w/ warehouse management w/o clarification US113782 " />
      <property name="capabilities" value="chrome.135_0_7049_96.windows" />
      <property name="file" value="file:///D:/a/1/s/test/specs/HTR/provide-to-site-w-warehouse-wo-clarification.spec.js" />
    </properties>
    <testcase classname="chrome.135_0_7049_96.windows.Provide_to_Site_w/_warehouse_management_w/o_clarification_US113782_" name="Should create a WHM yard" time="94.827">
      <system-out><![CDATA[
COMMAND: POST /session/668384e1c1f73f3d5461b9d538daca42/execute/async - {"script":"<script> [1562 bytes]","args":[{"selector":{"controlType":"sap.m.GenericTile","properties":{"header":"Manage Yards"}},"wdio_ui5_key":"sapm.GenericTile{\"header\":\"Manage Yards\"}"}]}
RESULT: {}
RESULT: {"script":"<script> [1562 bytes]","args":[{"selector":{"controlType":"sap.m.GenericTile","properties":{"header":"Manage Yards"}},"wdio_ui5_key":"sapm.GenericTile{\"header\":\"Manage Yards\"}"}]}
RESULT: undefined
COMMAND: POST /session/668384e1c1f73f3d5461b9d538daca42/element - {"using":"xpath","value":"//*[@id=\"__tile41\"]"}
RESULT: {"using":"xpath","value":"//*[@id=\"__tile41\"]"}
COMMAND: POST /session/668384e1c1f73f3d5461b9d538daca42/element/f.F64AD31729AEE402AD374BC91D68D115.d.4D729DB1CEEF5988D755D44E6D9CB158.e.4883/click - {}
RESULT: {}
COMMAND: POST /session/668384e1c1f73f3d5461b9d538daca42/execute/async - {"script":"<script> [1562 bytes]","args":[{"selector":{"controlType":"sap.ui.core.Icon","viewName":"etm.portal.ui.manageyards.view.Master","viewId":"application-manageyards-display-component---masterYard","properties":{"src":{"regex":{"source":"add"}}}},"wdio_ui5_key":"etmportal.ui.manageyards.view.Mastersap.ui.core.Icon{\"src\":{\"regex\":{\"source\":\"add\"}}}"}]}
COMMAND: GET /session/668384e1c1f73f3d5461b9d538daca42/screenshot - {}
RESULT: {"script":"<script> [1562 bytes]","args":[{"selector":{"controlType":"sap.ui.core.Icon","viewName":"etm.portal.ui.manageyards.view.Master","viewId":"application-manageyards-display-component---masterYard","properties":{"src":{"regex":{"source":"add"}}}},"wdio_ui5_key":"etmportal.ui.manageyards.view.Mastersap.ui.core.Icon{\"src\":{\"regex\":{\"source\":\"add\"}}}"}]}
RESULT: undefined
COMMAND: POST /session/668384e1c1f73f3d5461b9d538daca42/element - {"using":"xpath","value":"//*[@id=\"__button4-img\"]"}
RESULT: {}
RESULT: {"using":"xpath","value":"//*[@id=\"__button4-img\"]"}
COMMAND: POST /session/668384e1c1f73f3d5461b9d538daca42/element/f.F64AD31729AEE402AD374BC91D68D115.d.4D729DB1CEEF5988D755D44E6D9CB158.e.4928/click - {}
RESULT: {}
COMMAND: POST /session/668384e1c1f73f3d5461b9d538daca42/execute/async - {"script":"<script> [1562 bytes]","args":[{"selector":{"id":"application-manageyards-display-component---NewYard--addressDetailDetailsName1","interaction":{"idSuffix":"inner"}},"wdio_ui5_key":"applicationmanageyards-display-component---NewYard--addressDetailDetailsName1"}]}
COMMAND: GET /session/668384e1c1f73f3d5461b9d538daca42/screenshot - {}
RESULT: {"script":"<script> [1562 bytes]","args":[{"selector":{"id":"application-manageyards-display-component---NewYard--addressDetailDetailsName1","interaction":{"idSuffix":"inner"}},"wdio_ui5_key":"applicationmanageyards-display-component---NewYard--addressDetailDetailsName1"}]}
RESULT: undefined
COMMAND: POST /session/668384e1c1f73f3d5461b9d538daca42/execute/async - {"script":"<script> [776 bytes]","args":[{"enterText":"warehouse managed Yard","selector":{"id":"application-manageyards-display-component---NewYard--addressDetailDetailsName1","interaction":{"idSuffix":"inner"}},"clearTextFirst":true,"interactionType":"ENTER_TEXT"}]}
RESULT: {}
RESULT: {"script":"<script> [776 bytes]","args":[{"enterText":"warehouse managed Yard","selector":{"id":"application-manageyards-display-component---NewYard--addressDetailDetailsName1","interaction":{"idSuffix":"inner"}},"clearTextFirst":true,"interactionType":"ENTER_TEXT"}]}
COMMAND: POST /session/668384e1c1f73f3d5461b9d538daca42/execute/async - {"script":"<script> [1562 bytes]","args":[{"selector":{"id":"application-manageyards-display-component---NewYard--addressDetailDetailsLanguage-arrow"},"wdio_ui5_key":"applicationmanageyards-display-component---NewYard--addressDetailDetailsLanguage-arrow"}]}
RESULT: {"script":"<script> [1562 bytes]","args":[{"selector":{"id":"application-manageyards-display-component---NewYard--addressDetailDetailsLanguage-arrow"},"wdio_ui5_key":"applicationmanageyards-display-component---NewYard--addressDetailDetailsLanguage-arrow"}]}
RESULT: undefined
COMMAND: POST /session/668384e1c1f73f3d5461b9d538daca42/element - {"using":"xpath","value":"//*[@id=\"application-manageyards-display-component---NewYard--addressDetailDetailsLanguage-arrow\"]"}
RESULT: {"using":"xpath","value":"//*[@id=\"application-manageyards-display-component---NewYard--addressDetailDetailsLanguage-arrow\"]"}
COMMAND: POST /session/668384e1c1f73f3d5461b9d538daca42/element/f.F64AD31729AEE402AD374BC91D68D115.d.4D729DB1CEEF5988D755D44E6D9CB158.e.5335/click - {}
RESULT: {}
COMMAND: POST /session/668384e1c1f73f3d5461b9d538daca42/execute/async - {"script":"<script> [1562 bytes]","args":[{"selector":{"controlType":"sap.m.StandardListItem","viewName":"etm.portal.ui.manageyards.view.New","viewId":"application-manageyards-display-component---NewYard","properties":{"title":"English"},"searchOpenDialogs":true,"interaction":{"idSuffix":"content"}},"wdio_ui5_key":"etmportal.ui.manageyards.view.Newsap.m.StandardListItem{\"title\":\"English\"}"}]}
COMMAND: GET /session/668384e1c1f73f3d5461b9d538daca42/screenshot - {}
RESULT: {"script":"<script> [1562 bytes]","args":[{"selector":{"controlType":"sap.m.StandardListItem","viewName":"etm.portal.ui.manageyards.view.New","viewId":"application-manageyards-display-component---NewYard","properties":{"title":"English"},"searchOpenDialogs":true,"interaction":{"idSuffix":"content"}},"wdio_ui5_key":"etmportal.ui.manageyards.view.Newsap.m.StandardListItem{\"title\":\"English\"}"}]}
RESULT: undefined
COMMAND: POST /session/668384e1c1f73f3d5461b9d538daca42/element - {"using":"xpath","value":"//*[@id=\"__item101\"]"}
RESULT: {}
RESULT: {"using":"xpath","value":"//*[@id=\"__item101\"]"}
COMMAND: POST /session/668384e1c1f73f3d5461b9d538daca42/element/f.F64AD31729AEE402AD374BC91D68D115.d.4D729DB1CEEF5988D755D44E6D9CB158.e.5337/click - {}
RESULT: {}
COMMAND: POST /session/668384e1c1f73f3d5461b9d538daca42/execute/async - {"script":"<script> [1562 bytes]","args":[{"selector":{"id":"application-manageyards-display-component---NewYard--addressDetailDetailsCity1","interaction":{"idSuffix":"inner"}},"wdio_ui5_key":"applicationmanageyards-display-component---NewYard--addressDetailDetailsCity1"}]}
COMMAND: GET /session/668384e1c1f73f3d5461b9d538daca42/screenshot - {}
RESULT: {"script":"<script> [1562 bytes]","args":[{"selector":{"id":"application-manageyards-display-component---NewYard--addressDetailDetailsCity1","interaction":{"idSuffix":"inner"}},"wdio_ui5_key":"applicationmanageyards-display-component---NewYard--addressDetailDetailsCity1"}]}
RESULT: undefined
COMMAND: POST /session/668384e1c1f73f3d5461b9d538daca42/execute/async - {"script":"<script> [776 bytes]","args":[{"enterText":"Rosario","selector":{"id":"application-manageyards-display-component---NewYard--addressDetailDetailsCity1","interaction":{"idSuffix":"inner"}},"clearTextFirst":true,"interactionType":"ENTER_TEXT"}]}
RESULT: {}
RESULT: {"script":"<script> [776 bytes]","args":[{"enterText":"Rosario","selector":{"id":"application-manageyards-display-component---NewYard--addressDetailDetailsCity1","interaction":{"idSuffix":"inner"}},"clearTextFirst":true,"interactionType":"ENTER_TEXT"}]}
COMMAND: POST /session/668384e1c1f73f3d5461b9d538daca42/execute/async - {"script":"<script> [1562 bytes]","args":[{"selector":{"id":"application-manageyards-display-component---NewYard--addressDetailDetailsCountry-arrow"},"wdio_ui5_key":"applicationmanageyards-display-component---NewYard--addressDetailDetailsCountry-arrow"}]}
RESULT: {"script":"<script> [1562 bytes]","args":[{"selector":{"id":"application-manageyards-display-component---NewYard--addressDetailDetailsCountry-arrow"},"wdio_ui5_key":"applicationmanageyards-display-component---NewYard--addressDetailDetailsCountry-arrow"}]}
RESULT: undefined
COMMAND: POST /session/668384e1c1f73f3d5461b9d538daca42/element - {"using":"xpath","value":"//*[@id=\"application-manageyards-display-component---NewYard--addressDetailDetailsCountry-arrow\"]"}
RESULT: {"using":"xpath","value":"//*[@id=\"application-manageyards-display-component---NewYard--addressDetailDetailsCountry-arrow\"]"}
COMMAND: POST /session/668384e1c1f73f3d5461b9d538daca42/element/f.F64AD31729AEE402AD374BC91D68D115.d.4D729DB1CEEF5988D755D44E6D9CB158.e.5298/click - {}
RESULT: {}
COMMAND: POST /session/668384e1c1f73f3d5461b9d538daca42/execute/async - {"script":"<script> [1562 bytes]","args":[{"selector":{"controlType":"sap.m.StandardListItem","viewName":"etm.portal.ui.manageyards.view.New","viewId":"application-manageyards-display-component---NewYard","properties":{"title":"Argentina"},"searchOpenDialogs":true,"interaction":{"idSuffix":"content"}},"wdio_ui5_key":"etmportal.ui.manageyards.view.Newsap.m.StandardListItem{\"title\":\"Argentina\"}"}]}
COMMAND: GET /session/668384e1c1f73f3d5461b9d538daca42/screenshot - {}
RESULT: {"script":"<script> [1562 bytes]","args":[{"selector":{"controlType":"sap.m.StandardListItem","viewName":"etm.portal.ui.manageyards.view.New","viewId":"application-manageyards-display-component---NewYard","properties":{"title":"Argentina"},"searchOpenDialogs":true,"interaction":{"idSuffix":"content"}},"wdio_ui5_key":"etmportal.ui.manageyards.view.Newsap.m.StandardListItem{\"title\":\"Argentina\"}"}]}
RESULT: undefined
COMMAND: POST /session/668384e1c1f73f3d5461b9d538daca42/element - {"using":"xpath","value":"//*[@id=\"__item144\"]"}
RESULT: {}
RESULT: {"using":"xpath","value":"//*[@id=\"__item144\"]"}
COMMAND: POST /session/668384e1c1f73f3d5461b9d538daca42/element/f.F64AD31729AEE402AD374BC91D68D115.d.4D729DB1CEEF5988D755D44E6D9CB158.e.5341/click - {}
RESULT: {}
COMMAND: POST /session/668384e1c1f73f3d5461b9d538daca42/execute/async - {"script":"<script> [1562 bytes]","args":[{"selector":{"controlType":"sap.m.Button","viewName":"etm.portal.ui.manageyards.view.New","viewId":"application-manageyards-display-component---NewYard","properties":{"text":"Commercial"},"interaction":{"idSuffix":"BDI-content"}},"wdio_ui5_key":"etmportal.ui.manageyards.view.Newsap.m.Button{\"text\":\"Commercial\"}"}]}
COMMAND: GET /session/668384e1c1f73f3d5461b9d538daca42/screenshot - {}
RESULT: {"script":"<script> [1562 bytes]","args":[{"selector":{"controlType":"sap.m.Button","viewName":"etm.portal.ui.manageyards.view.New","viewId":"application-manageyards-display-component---NewYard","properties":{"text":"Commercial"},"interaction":{"idSuffix":"BDI-content"}},"wdio_ui5_key":"etmportal.ui.manageyards.view.Newsap.m.Button{\"text\":\"Commercial\"}"}]}
RESULT: undefined
COMMAND: POST /session/668384e1c1f73f3d5461b9d538daca42/element - {"using":"xpath","value":"//*[@id=\"application-manageyards-display-component---NewYard--ObjectPageLayout-anchBar-__section5-anchor\"]"}
RESULT: {}
RESULT: {"using":"xpath","value":"//*[@id=\"application-manageyards-display-component---NewYard--ObjectPageLayout-anchBar-__section5-anchor\"]"}
COMMAND: POST /session/668384e1c1f73f3d5461b9d538daca42/element/f.F64AD31729AEE402AD374BC91D68D115.d.4D729DB1CEEF5988D755D44E6D9CB158.e.5343/click - {}
RESULT: {}
COMMAND: GET /session/668384e1c1f73f3d5461b9d538daca42/screenshot - {}
RESULT: {}
COMMAND: POST /session/668384e1c1f73f3d5461b9d538daca42/execute/async - {"script":"<script> [1562 bytes]","args":[{"selector":{"id":"application-manageyards-display-component---NewYard--addressEditDetailsCostObjectCstType-arrow"},"wdio_ui5_key":"applicationmanageyards-display-component---NewYard--addressEditDetailsCostObjectCstType-arrow"}]}
RESULT: {"script":"<script> [1562 bytes]","args":[{"selector":{"id":"application-manageyards-display-component---NewYard--addressEditDetailsCostObjectCstType-arrow"},"wdio_ui5_key":"applicationmanageyards-display-component---NewYard--addressEditDetailsCostObjectCstType-arrow"}]}
RESULT: undefined
COMMAND: POST /session/668384e1c1f73f3d5461b9d538daca42/element - {"using":"xpath","value":"//*[@id=\"application-manageyards-display-component---NewYard--addressEditDetailsCostObjectCstType-arrow\"]"}
RESULT: {"using":"xpath","value":"//*[@id=\"application-manageyards-display-component---NewYard--addressEditDetailsCostObjectCstType-arrow\"]"}
COMMAND: POST /session/668384e1c1f73f3d5461b9d538daca42/element/f.F64AD31729AEE402AD374BC91D68D115.d.4D729DB1CEEF5988D755D44E6D9CB158.e.5351/click - {}
RESULT: {}
COMMAND: GET /session/668384e1c1f73f3d5461b9d538daca42/screenshot - {}
RESULT: {}
COMMAND: POST /session/668384e1c1f73f3d5461b9d538daca42/execute/async - {"script":"<script> [1562 bytes]","args":[{"selector":{"controlType":"sap.m.StandardListItem","viewName":"etm.portal.ui.manageyards.view.New","viewId":"application-manageyards-display-component---NewYard","properties":{"title":"Cost Center"},"searchOpenDialogs":true,"interaction":{"idSuffix":"titleText"}},"wdio_ui5_key":"etmportal.ui.manageyards.view.Newsap.m.StandardListItem{\"title\":\"Cost Center\"}"}]}
RESULT: {"script":"<script> [1562 bytes]","args":[{"selector":{"controlType":"sap.m.StandardListItem","viewName":"etm.portal.ui.manageyards.view.New","viewId":"application-manageyards-display-component---NewYard","properties":{"title":"Cost Center"},"searchOpenDialogs":true,"interaction":{"idSuffix":"titleText"}},"wdio_ui5_key":"etmportal.ui.manageyards.view.Newsap.m.StandardListItem{\"title\":\"Cost Center\"}"}]}
RESULT: undefined
COMMAND: POST /session/668384e1c1f73f3d5461b9d538daca42/element - {"using":"xpath","value":"//*[@id=\"__item234\"]"}
RESULT: {"using":"xpath","value":"//*[@id=\"__item234\"]"}
COMMAND: POST /session/668384e1c1f73f3d5461b9d538daca42/element/f.F64AD31729AEE402AD374BC91D68D115.d.4D729DB1CEEF5988D755D44E6D9CB158.e.5353/click - {}
RESULT: {}
COMMAND: POST /session/668384e1c1f73f3d5461b9d538daca42/element - {"using":"xpath","value":"//input[@id=\"application-manageyards-display-component---NewYard--addressNewCostObjectCstID-inner\"]"}
COMMAND: GET /session/668384e1c1f73f3d5461b9d538daca42/screenshot - {}
RESULT: {"using":"xpath","value":"//input[@id=\"application-manageyards-display-component---NewYard--addressNewCostObjectCstID-inner\"]"}
COMMAND: POST /session/668384e1c1f73f3d5461b9d538daca42/element/f.F64AD31729AEE402AD374BC91D68D115.d.4D729DB1CEEF5988D755D44E6D9CB158.e.5158/clear - {}
RESULT: {}
COMMAND: POST /session/668384e1c1f73f3d5461b9d538daca42/element - {"using":"xpath","value":"//input[@id=\"application-manageyards-display-component---NewYard--addressNewCostObjectCstID-inner\"]"}
RESULT: {"using":"xpath","value":"//input[@id=\"application-manageyards-display-component---NewYard--addressNewCostObjectCstID-inner\"]"}
COMMAND: POST /session/668384e1c1f73f3d5461b9d538daca42/element/f.F64AD31729AEE402AD374BC91D68D115.d.4D729DB1CEEF5988D755D44E6D9CB158.e.5158/clear - {}
COMMAND: POST /session/668384e1c1f73f3d5461b9d538daca42/element - {"using":"xpath","value":"//input[@id=\"application-manageyards-display-component---NewYard--addressNewCostObjectCstID-inner\"]"}
RESULT: {"using":"xpath","value":"//input[@id=\"application-manageyards-display-component---NewYard--addressNewCostObjectCstID-inner\"]"}
COMMAND: POST /session/668384e1c1f73f3d5461b9d538daca42/element/f.F64AD31729AEE402AD374BC91D68D115.d.4D729DB1CEEF5988D755D44E6D9CB158.e.5357/clear - {}
COMMAND: POST /session/668384e1c1f73f3d5461b9d538daca42/element - {"using":"xpath","value":"//input[@id=\"application-manageyards-display-component---NewYard--addressNewCostObjectCstID-inner\"]"}
RESULT: {"using":"xpath","value":"//input[@id=\"application-manageyards-display-component---NewYard--addressNewCostObjectCstID-inner\"]"}
COMMAND: POST /session/668384e1c1f73f3d5461b9d538daca42/element/f.F64AD31729AEE402AD374BC91D68D115.d.4D729DB1CEEF5988D755D44E6D9CB158.e.5357/clear - {}
COMMAND: POST /session/668384e1c1f73f3d5461b9d538daca42/element - {"using":"xpath","value":"//input[@id=\"application-manageyards-display-component---NewYard--addressNewCostObjectCstID-inner\"]"}
RESULT: {"using":"xpath","value":"//input[@id=\"application-manageyards-display-component---NewYard--addressNewCostObjectCstID-inner\"]"}
COMMAND: POST /session/668384e1c1f73f3d5461b9d538daca42/element/f.F64AD31729AEE402AD374BC91D68D115.d.4D729DB1CEEF5988D755D44E6D9CB158.e.5359/clear - {}
RESULT: {}
COMMAND: POST /session/668384e1c1f73f3d5461b9d538daca42/element/f.F64AD31729AEE402AD374BC91D68D115.d.4D729DB1CEEF5988D755D44E6D9CB158.e.5359/value - {"text":"10001013"}
COMMAND: GET /session/668384e1c1f73f3d5461b9d538daca42/screenshot - {}
RESULT: {"text":"10001013"}
COMMAND: GET /session/668384e1c1f73f3d5461b9d538daca42/screenshot - {}
RESULT: {}
RESULT: {}
COMMAND: POST /session/668384e1c1f73f3d5461b9d538daca42/execute/async - {"script":"<script> [1562 bytes]","args":[{"selector":{"controlType":"sap.m.StandardListItem","viewName":"etm.portal.ui.manageyards.view.New","viewId":"application-manageyards-display-component---NewYard","properties":{"type":"Active"},"searchOpenDialogs":true,"interaction":{"idSuffix":"titleText"}},"wdio_ui5_key":"etmportal.ui.manageyards.view.Newsap.m.StandardListItem{\"type\":\"Active\"}"}]}
RESULT: {"script":"<script> [1562 bytes]","args":[{"selector":{"controlType":"sap.m.StandardListItem","viewName":"etm.portal.ui.manageyards.view.New","viewId":"application-manageyards-display-component---NewYard","properties":{"type":"Active"},"searchOpenDialogs":true,"interaction":{"idSuffix":"titleText"}},"wdio_ui5_key":"etmportal.ui.manageyards.view.Newsap.m.StandardListItem{\"type\":\"Active\"}"}]}
RESULT: undefined
COMMAND: POST /session/668384e1c1f73f3d5461b9d538daca42/element - {"using":"xpath","value":"//*[@id=\"__item339\"]"}
RESULT: {"using":"xpath","value":"//*[@id=\"__item339\"]"}
COMMAND: POST /session/668384e1c1f73f3d5461b9d538daca42/element/f.F64AD31729AEE402AD374BC91D68D115.d.4D729DB1CEEF5988D755D44E6D9CB158.e.5363/click - {}
RESULT: {}
COMMAND: POST /session/668384e1c1f73f3d5461b9d538daca42/execute/async - {"script":"<script> [1562 bytes]","args":[{"selector":{"id":"application-manageyards-display-component---NewYard--addressEditDetailsCurrency-arrow"},"wdio_ui5_key":"applicationmanageyards-display-component---NewYard--addressEditDetailsCurrency-arrow"}]}
COMMAND: GET /session/668384e1c1f73f3d5461b9d538daca42/screenshot - {}
RESULT: {"script":"<script> [1562 bytes]","args":[{"selector":{"id":"application-manageyards-display-component---NewYard--addressEditDetailsCurrency-arrow"},"wdio_ui5_key":"applicationmanageyards-display-component---NewYard--addressEditDetailsCurrency-arrow"}]}
RESULT: undefined
COMMAND: POST /session/668384e1c1f73f3d5461b9d538daca42/element - {"using":"xpath","value":"//*[@id=\"application-manageyards-display-component---NewYard--addressEditDetailsCurrency-arrow\"]"}
RESULT: {}
RESULT: {"using":"xpath","value":"//*[@id=\"application-manageyards-display-component---NewYard--addressEditDetailsCurrency-arrow\"]"}
COMMAND: POST /session/668384e1c1f73f3d5461b9d538daca42/element/f.F64AD31729AEE402AD374BC91D68D115.d.4D729DB1CEEF5988D755D44E6D9CB158.e.5365/click - {}
RESULT: {}
COMMAND: POST /session/668384e1c1f73f3d5461b9d538daca42/execute/async - {"script":"<script> [1562 bytes]","args":[{"selector":{"controlType":"sap.m.StandardListItem","viewName":"etm.portal.ui.manageyards.view.New","viewId":"application-manageyards-display-component---NewYard","properties":{"title":"Euro"},"searchOpenDialogs":true,"interaction":{"idSuffix":"content"}},"wdio_ui5_key":"etmportal.ui.manageyards.view.Newsap.m.StandardListItem{\"title\":\"Euro\"}"}]}
COMMAND: GET /session/668384e1c1f73f3d5461b9d538daca42/screenshot - {}
RESULT: {"script":"<script> [1562 bytes]","args":[{"selector":{"controlType":"sap.m.StandardListItem","viewName":"etm.portal.ui.manageyards.view.New","viewId":"application-manageyards-display-component---NewYard","properties":{"title":"Euro"},"searchOpenDialogs":true,"interaction":{"idSuffix":"content"}},"wdio_ui5_key":"etmportal.ui.manageyards.view.Newsap.m.StandardListItem{\"title\":\"Euro\"}"}]}
RESULT: undefined
COMMAND: POST /session/668384e1c1f73f3d5461b9d538daca42/element - {"using":"xpath","value":"//*[@id=\"__item340\"]"}
RESULT: {}
RESULT: {"using":"xpath","value":"//*[@id=\"__item340\"]"}
COMMAND: POST /session/668384e1c1f73f3d5461b9d538daca42/element/f.F64AD31729AEE402AD374BC91D68D115.d.4D729DB1CEEF5988D755D44E6D9CB158.e.5367/click - {}
RESULT: {}
COMMAND: POST /session/668384e1c1f73f3d5461b9d538daca42/execute/async - {"script":"<script> [1562 bytes]","args":[{"selector":{"controlType":"sap.m.Input","viewName":"etm.portal.ui.manageyards.view.New","viewId":"application-manageyards-display-component---NewYard","bindingPath":{"path":"","propertyPath":"/CONTROLLING_AREA","modelName":"NewYardModel"},"interaction":{"idSuffix":"inner"}},"wdio_ui5_key":"etmportal.ui.manageyards.view.Newsap.m.Input{\"path\":\"\",\"propertyPath\":\"/CONTROLLING_AREA\",\"modelName\":\"NewYardModel\"}"}]}
COMMAND: GET /session/668384e1c1f73f3d5461b9d538daca42/screenshot - {}
RESULT: {"script":"<script> [1562 bytes]","args":[{"selector":{"controlType":"sap.m.Input","viewName":"etm.portal.ui.manageyards.view.New","viewId":"application-manageyards-display-component---NewYard","bindingPath":{"path":"","propertyPath":"/CONTROLLING_AREA","modelName":"NewYardModel"},"interaction":{"idSuffix":"inner"}},"wdio_ui5_key":"etmportal.ui.manageyards.view.Newsap.m.Input{\"path\":\"\",\"propertyPath\":\"/CONTROLLING_AREA\",\"modelName\":\"NewYardModel\"}"}]}
RESULT: undefined
COMMAND: POST /session/668384e1c1f73f3d5461b9d538daca42/execute/async - {"script":"<script> [776 bytes]","args":[{"enterText":"Z001","selector":{"controlType":"sap.m.Input","viewName":"etm.portal.ui.manageyards.view.New","viewId":"application-manageyards-display-component---NewYard","bindingPath":{"path":"","propertyPath":"/CONTROLLING_AREA","modelName":"NewYardModel"},"interaction":{"idSuffix":"inner"}},"clearTextFirst":true,"interactionType":"ENTER_TEXT"}]}
RESULT: {}
RESULT: {"script":"<script> [776 bytes]","args":[{"enterText":"Z001","selector":{"controlType":"sap.m.Input","viewName":"etm.portal.ui.manageyards.view.New","viewId":"application-manageyards-display-component---NewYard","bindingPath":{"path":"","propertyPath":"/CONTROLLING_AREA","modelName":"NewYardModel"},"interaction":{"idSuffix":"inner"}},"clearTextFirst":true,"interactionType":"ENTER_TEXT"}]}
COMMAND: POST /session/668384e1c1f73f3d5461b9d538daca42/execute/async - {"script":"<script> [1562 bytes]","args":[{"selector":{"id":"application-manageyards-display-component---NewYard--companyCodeComboBox","interaction":{"idSuffix":"inner"}},"wdio_ui5_key":"applicationmanageyards-display-component---NewYard--companyCodeComboBox"}]}
RESULT: {"script":"<script> [1562 bytes]","args":[{"selector":{"id":"application-manageyards-display-component---NewYard--companyCodeComboBox","interaction":{"idSuffix":"inner"}},"wdio_ui5_key":"applicationmanageyards-display-component---NewYard--companyCodeComboBox"}]}
RESULT: undefined
COMMAND: POST /session/668384e1c1f73f3d5461b9d538daca42/execute/async - {"script":"<script> [776 bytes]","args":[{"enterText":"1000","selector":{"id":"application-manageyards-display-component---NewYard--companyCodeComboBox","interaction":{"idSuffix":"inner"}},"clearTextFirst":true,"interactionType":"ENTER_TEXT"}]}
RESULT: {"script":"<script> [776 bytes]","args":[{"enterText":"1000","selector":{"id":"application-manageyards-display-component---NewYard--companyCodeComboBox","interaction":{"idSuffix":"inner"}},"clearTextFirst":true,"interactionType":"ENTER_TEXT"}]}
COMMAND: POST /session/668384e1c1f73f3d5461b9d538daca42/execute/async - {"script":"<script> [1562 bytes]","args":[{"selector":{"controlType":"sap.m.Input","viewName":"etm.portal.ui.manageyards.view.New","viewId":"application-manageyards-display-component---NewYard","bindingPath":{"path":"","propertyPath":"/PLANT","modelName":"NewYardModel"},"interaction":{"idSuffix":"inner"}},"wdio_ui5_key":"etmportal.ui.manageyards.view.Newsap.m.Input{\"path\":\"\",\"propertyPath\":\"/PLANT\",\"modelName\":\"NewYardModel\"}"}]}
RESULT: {"script":"<script> [1562 bytes]","args":[{"selector":{"controlType":"sap.m.Input","viewName":"etm.portal.ui.manageyards.view.New","viewId":"application-manageyards-display-component---NewYard","bindingPath":{"path":"","propertyPath":"/PLANT","modelName":"NewYardModel"},"interaction":{"idSuffix":"inner"}},"wdio_ui5_key":"etmportal.ui.manageyards.view.Newsap.m.Input{\"path\":\"\",\"propertyPath\":\"/PLANT\",\"modelName\":\"NewYardModel\"}"}]}
RESULT: undefined
COMMAND: POST /session/668384e1c1f73f3d5461b9d538daca42/execute/async - {"script":"<script> [776 bytes]","args":[{"enterText":"1001","selector":{"controlType":"sap.m.Input","viewName":"etm.portal.ui.manageyards.view.New","viewId":"application-manageyards-display-component---NewYard","bindingPath":{"path":"","propertyPath":"/PLANT","modelName":"NewYardModel"},"interaction":{"idSuffix":"inner"}},"clearTextFirst":true,"interactionType":"ENTER_TEXT"}]}
RESULT: {"script":"<script> [776 bytes]","args":[{"enterText":"1001","selector":{"controlType":"sap.m.Input","viewName":"etm.portal.ui.manageyards.view.New","viewId":"application-manageyards-display-component---NewYard","bindingPath":{"path":"","propertyPath":"/PLANT","modelName":"NewYardModel"},"interaction":{"idSuffix":"inner"}},"clearTextFirst":true,"interactionType":"ENTER_TEXT"}]}
COMMAND: POST /session/668384e1c1f73f3d5461b9d538daca42/execute/async - {"script":"<script> [1562 bytes]","args":[{"selector":{"controlType":"sap.m.Input","viewName":"etm.portal.ui.manageyards.view.New","viewId":"application-manageyards-display-component---NewYard","bindingPath":{"path":"","propertyPath":"/SALES_AREA_VKORG","modelName":"NewYardModel"},"interaction":{"idSuffix":"inner"}},"wdio_ui5_key":"etmportal.ui.manageyards.view.Newsap.m.Input{\"path\":\"\",\"propertyPath\":\"/SALES_AREA_VKORG\",\"modelName\":\"NewYardModel\"}"}]}
RESULT: {"script":"<script> [1562 bytes]","args":[{"selector":{"controlType":"sap.m.Input","viewName":"etm.portal.ui.manageyards.view.New","viewId":"application-manageyards-display-component---NewYard","bindingPath":{"path":"","propertyPath":"/SALES_AREA_VKORG","modelName":"NewYardModel"},"interaction":{"idSuffix":"inner"}},"wdio_ui5_key":"etmportal.ui.manageyards.view.Newsap.m.Input{\"path\":\"\",\"propertyPath\":\"/SALES_AREA_VKORG\",\"modelName\":\"NewYardModel\"}"}]}
RESULT: undefined
COMMAND: POST /session/668384e1c1f73f3d5461b9d538daca42/execute/async - {"script":"<script> [776 bytes]","args":[{"enterText":"C002","selector":{"controlType":"sap.m.Input","viewName":"etm.portal.ui.manageyards.view.New","viewId":"application-manageyards-display-component---NewYard","bindingPath":{"path":"","propertyPath":"/SALES_AREA_VKORG","modelName":"NewYardModel"},"interaction":{"idSuffix":"inner"}},"clearTextFirst":true,"interactionType":"ENTER_TEXT"}]}
RESULT: {"script":"<script> [776 bytes]","args":[{"enterText":"C002","selector":{"controlType":"sap.m.Input","viewName":"etm.portal.ui.manageyards.view.New","viewId":"application-manageyards-display-component---NewYard","bindingPath":{"path":"","propertyPath":"/SALES_AREA_VKORG","modelName":"NewYardModel"},"interaction":{"idSuffix":"inner"}},"clearTextFirst":true,"interactionType":"ENTER_TEXT"}]}
COMMAND: POST /session/668384e1c1f73f3d5461b9d538daca42/execute/async - {"script":"<script> [1562 bytes]","args":[{"selector":{"controlType":"sap.m.Input","viewName":"etm.portal.ui.manageyards.view.New","viewId":"application-manageyards-display-component---NewYard","bindingPath":{"path":"","propertyPath":"/SALES_AREA_VTWEG","modelName":"NewYardModel"},"interaction":{"idSuffix":"inner"}},"wdio_ui5_key":"etmportal.ui.manageyards.view.Newsap.m.Input{\"path\":\"\",\"propertyPath\":\"/SALES_AREA_VTWEG\",\"modelName\":\"NewYardModel\"}"}]}
RESULT: {"script":"<script> [1562 bytes]","args":[{"selector":{"controlType":"sap.m.Input","viewName":"etm.portal.ui.manageyards.view.New","viewId":"application-manageyards-display-component---NewYard","bindingPath":{"path":"","propertyPath":"/SALES_AREA_VTWEG","modelName":"NewYardModel"},"interaction":{"idSuffix":"inner"}},"wdio_ui5_key":"etmportal.ui.manageyards.view.Newsap.m.Input{\"path\":\"\",\"propertyPath\":\"/SALES_AREA_VTWEG\",\"modelName\":\"NewYardModel\"}"}]}
RESULT: undefined
COMMAND: POST /session/668384e1c1f73f3d5461b9d538daca42/execute/async - {"script":"<script> [776 bytes]","args":[{"enterText":"C2","selector":{"controlType":"sap.m.Input","viewName":"etm.portal.ui.manageyards.view.New","viewId":"application-manageyards-display-component---NewYard","bindingPath":{"path":"","propertyPath":"/SALES_AREA_VTWEG","modelName":"NewYardModel"},"interaction":{"idSuffix":"inner"}},"clearTextFirst":true,"interactionType":"ENTER_TEXT"}]}
RESULT: {"script":"<script> [776 bytes]","args":[{"enterText":"C2","selector":{"controlType":"sap.m.Input","viewName":"etm.portal.ui.manageyards.view.New","viewId":"application-manageyards-display-component---NewYard","bindingPath":{"path":"","propertyPath":"/SALES_AREA_VTWEG","modelName":"NewYardModel"},"interaction":{"idSuffix":"inner"}},"clearTextFirst":true,"interactionType":"ENTER_TEXT"}]}
COMMAND: POST /session/668384e1c1f73f3d5461b9d538daca42/execute/async - {"script":"<script> [1562 bytes]","args":[{"selector":{"controlType":"sap.m.Input","viewName":"etm.portal.ui.manageyards.view.New","viewId":"application-manageyards-display-component---NewYard","bindingPath":{"path":"","propertyPath":"/SALES_AREA_SPART","modelName":"NewYardModel"},"interaction":{"idSuffix":"inner"}},"wdio_ui5_key":"etmportal.ui.manageyards.view.Newsap.m.Input{\"path\":\"\",\"propertyPath\":\"/SALES_AREA_SPART\",\"modelName\":\"NewYardModel\"}"}]}
RESULT: {"script":"<script> [1562 bytes]","args":[{"selector":{"controlType":"sap.m.Input","viewName":"etm.portal.ui.manageyards.view.New","viewId":"application-manageyards-display-component---NewYard","bindingPath":{"path":"","propertyPath":"/SALES_AREA_SPART","modelName":"NewYardModel"},"interaction":{"idSuffix":"inner"}},"wdio_ui5_key":"etmportal.ui.manageyards.view.Newsap.m.Input{\"path\":\"\",\"propertyPath\":\"/SALES_AREA_SPART\",\"modelName\":\"NewYardModel\"}"}]}
RESULT: undefined
COMMAND: POST /session/668384e1c1f73f3d5461b9d538daca42/execute/async - {"script":"<script> [776 bytes]","args":[{"enterText":"C2","selector":{"controlType":"sap.m.Input","viewName":"etm.portal.ui.manageyards.view.New","viewId":"application-manageyards-display-component---NewYard","bindingPath":{"path":"","propertyPath":"/SALES_AREA_SPART","modelName":"NewYardModel"},"interaction":{"idSuffix":"inner"}},"clearTextFirst":true,"interactionType":"ENTER_TEXT"}]}
RESULT: {"script":"<script> [776 bytes]","args":[{"enterText":"C2","selector":{"controlType":"sap.m.Input","viewName":"etm.portal.ui.manageyards.view.New","viewId":"application-manageyards-display-component---NewYard","bindingPath":{"path":"","propertyPath":"/SALES_AREA_SPART","modelName":"NewYardModel"},"interaction":{"idSuffix":"inner"}},"clearTextFirst":true,"interactionType":"ENTER_TEXT"}]}
COMMAND: POST /session/668384e1c1f73f3d5461b9d538daca42/execute/async - {"script":"<script> [1562 bytes]","args":[{"selector":{"controlType":"sap.m.Input","viewName":"etm.portal.ui.manageyards.view.New","viewId":"application-manageyards-display-component---NewYard","bindingPath":{"path":"","propertyPath":"/SHIP_POINT","modelName":"NewYardModel"},"interaction":{"idSuffix":"inner"}},"wdio_ui5_key":"etmportal.ui.manageyards.view.Newsap.m.Input{\"path\":\"\",\"propertyPath\":\"/SHIP_POINT\",\"modelName\":\"NewYardModel\"}"}]}
RESULT: {"script":"<script> [1562 bytes]","args":[{"selector":{"controlType":"sap.m.Input","viewName":"etm.portal.ui.manageyards.view.New","viewId":"application-manageyards-display-component---NewYard","bindingPath":{"path":"","propertyPath":"/SHIP_POINT","modelName":"NewYardModel"},"interaction":{"idSuffix":"inner"}},"wdio_ui5_key":"etmportal.ui.manageyards.view.Newsap.m.Input{\"path\":\"\",\"propertyPath\":\"/SHIP_POINT\",\"modelName\":\"NewYardModel\"}"}]}
RESULT: undefined
COMMAND: POST /session/668384e1c1f73f3d5461b9d538daca42/execute/async - {"script":"<script> [776 bytes]","args":[{"enterText":"1710","selector":{"controlType":"sap.m.Input","viewName":"etm.portal.ui.manageyards.view.New","viewId":"application-manageyards-display-component---NewYard","bindingPath":{"path":"","propertyPath":"/SHIP_POINT","modelName":"NewYardModel"},"interaction":{"idSuffix":"inner"}},"clearTextFirst":true,"interactionType":"ENTER_TEXT"}]}
RESULT: {"script":"<script> [776 bytes]","args":[{"enterText":"1710","selector":{"controlType":"sap.m.Input","viewName":"etm.portal.ui.manageyards.view.New","viewId":"application-manageyards-display-component---NewYard","bindingPath":{"path":"","propertyPath":"/SHIP_POINT","modelName":"NewYardModel"},"interaction":{"idSuffix":"inner"}},"clearTextFirst":true,"interactionType":"ENTER_TEXT"}]}
COMMAND: POST /session/668384e1c1f73f3d5461b9d538daca42/execute/async - {"script":"<script> [1562 bytes]","args":[{"selector":{"controlType":"sap.m.Input","viewName":"etm.portal.ui.manageyards.view.New","viewId":"application-manageyards-display-component---NewYard","bindingPath":{"path":"","propertyPath":"/DELIVERY_TYPE","modelName":"NewYardModel"},"interaction":{"idSuffix":"inner"}},"wdio_ui5_key":"etmportal.ui.manageyards.view.Newsap.m.Input{\"path\":\"\",\"propertyPath\":\"/DELIVERY_TYPE\",\"modelName\":\"NewYardModel\"}"}]}
RESULT: {"script":"<script> [1562 bytes]","args":[{"selector":{"controlType":"sap.m.Input","viewName":"etm.portal.ui.manageyards.view.New","viewId":"application-manageyards-display-component---NewYard","bindingPath":{"path":"","propertyPath":"/DELIVERY_TYPE","modelName":"NewYardModel"},"interaction":{"idSuffix":"inner"}},"wdio_ui5_key":"etmportal.ui.manageyards.view.Newsap.m.Input{\"path\":\"\",\"propertyPath\":\"/DELIVERY_TYPE\",\"modelName\":\"NewYardModel\"}"}]}
RESULT: undefined
COMMAND: POST /session/668384e1c1f73f3d5461b9d538daca42/execute/async - {"script":"<script> [776 bytes]","args":[{"enterText":"ZL01","selector":{"controlType":"sap.m.Input","viewName":"etm.portal.ui.manageyards.view.New","viewId":"application-manageyards-display-component---NewYard","bindingPath":{"path":"","propertyPath":"/DELIVERY_TYPE","modelName":"NewYardModel"},"interaction":{"idSuffix":"inner"}},"clearTextFirst":true,"interactionType":"ENTER_TEXT"}]}
RESULT: {"script":"<script> [776 bytes]","args":[{"enterText":"ZL01","selector":{"controlType":"sap.m.Input","viewName":"etm.portal.ui.manageyards.view.New","viewId":"application-manageyards-display-component---NewYard","bindingPath":{"path":"","propertyPath":"/DELIVERY_TYPE","modelName":"NewYardModel"},"interaction":{"idSuffix":"inner"}},"clearTextFirst":true,"interactionType":"ENTER_TEXT"}]}
COMMAND: POST /session/668384e1c1f73f3d5461b9d538daca42/execute/async - {"script":"<script> [1562 bytes]","args":[{"selector":{"controlType":"sap.m.Input","viewName":"etm.portal.ui.manageyards.view.New","viewId":"application-manageyards-display-component---NewYard","bindingPath":{"path":"","propertyPath":"/AUART","modelName":"NewYardModel"},"interaction":{"idSuffix":"inner"}},"wdio_ui5_key":"etmportal.ui.manageyards.view.Newsap.m.Input{\"path\":\"\",\"propertyPath\":\"/AUART\",\"modelName\":\"NewYardModel\"}"}]}
RESULT: {"script":"<script> [1562 bytes]","args":[{"selector":{"controlType":"sap.m.Input","viewName":"etm.portal.ui.manageyards.view.New","viewId":"application-manageyards-display-component---NewYard","bindingPath":{"path":"","propertyPath":"/AUART","modelName":"NewYardModel"},"interaction":{"idSuffix":"inner"}},"wdio_ui5_key":"etmportal.ui.manageyards.view.Newsap.m.Input{\"path\":\"\",\"propertyPath\":\"/AUART\",\"modelName\":\"NewYardModel\"}"}]}
RESULT: undefined
COMMAND: POST /session/668384e1c1f73f3d5461b9d538daca42/execute/async - {"script":"<script> [776 bytes]","args":[{"enterText":"TA","selector":{"controlType":"sap.m.Input","viewName":"etm.portal.ui.manageyards.view.New","viewId":"application-manageyards-display-component---NewYard","bindingPath":{"path":"","propertyPath":"/AUART","modelName":"NewYardModel"},"interaction":{"idSuffix":"inner"}},"clearTextFirst":true,"interactionType":"ENTER_TEXT"}]}
RESULT: {"script":"<script> [776 bytes]","args":[{"enterText":"TA","selector":{"controlType":"sap.m.Input","viewName":"etm.portal.ui.manageyards.view.New","viewId":"application-manageyards-display-component---NewYard","bindingPath":{"path":"","propertyPath":"/AUART","modelName":"NewYardModel"},"interaction":{"idSuffix":"inner"}},"clearTextFirst":true,"interactionType":"ENTER_TEXT"}]}
COMMAND: POST /session/668384e1c1f73f3d5461b9d538daca42/execute/async - {"script":"<script> [1562 bytes]","args":[{"selector":{"id":"application-manageyards-display-component---NewYard--whmCheckBox","interaction":{"idSuffix":"CbBg"}},"wdio_ui5_key":"applicationmanageyards-display-component---NewYard--whmCheckBox"}]}
RESULT: {"script":"<script> [1562 bytes]","args":[{"selector":{"id":"application-manageyards-display-component---NewYard--whmCheckBox","interaction":{"idSuffix":"CbBg"}},"wdio_ui5_key":"applicationmanageyards-display-component---NewYard--whmCheckBox"}]}
RESULT: undefined
COMMAND: POST /session/668384e1c1f73f3d5461b9d538daca42/element - {"using":"xpath","value":"//*[@id=\"application-manageyards-display-component---NewYard--whmCheckBox\"]"}
RESULT: {"using":"xpath","value":"//*[@id=\"application-manageyards-display-component---NewYard--whmCheckBox\"]"}
COMMAND: POST /session/668384e1c1f73f3d5461b9d538daca42/element/f.F64AD31729AEE402AD374BC91D68D115.d.4D729DB1CEEF5988D755D44E6D9CB158.e.5378/click - {}
RESULT: {}
COMMAND: POST /session/668384e1c1f73f3d5461b9d538daca42/execute/async - {"script":"<script> [1562 bytes]","args":[{"selector":{"controlType":"sap.m.Button","viewName":"etm.portal.ui.manageyards.view.New","viewId":"application-manageyards-display-component---NewYard","i18NText":{"propertyName":"text","key":"save"},"interaction":{"idSuffix":"BDI-content"}},"wdio_ui5_key":"etmportal.ui.manageyards.view.Newsap.m.Button{\"propertyName\":\"text\",\"key\":\"save\"}"}]}
COMMAND: GET /session/668384e1c1f73f3d5461b9d538daca42/screenshot - {}
RESULT: {"script":"<script> [1562 bytes]","args":[{"selector":{"controlType":"sap.m.Button","viewName":"etm.portal.ui.manageyards.view.New","viewId":"application-manageyards-display-component---NewYard","i18NText":{"propertyName":"text","key":"save"},"interaction":{"idSuffix":"BDI-content"}},"wdio_ui5_key":"etmportal.ui.manageyards.view.Newsap.m.Button{\"propertyName\":\"text\",\"key\":\"save\"}"}]}
RESULT: undefined
COMMAND: POST /session/668384e1c1f73f3d5461b9d538daca42/element - {"using":"xpath","value":"//*[@id=\"__button18\"]"}
RESULT: {}
RESULT: {"using":"xpath","value":"//*[@id=\"__button18\"]"}
COMMAND: POST /session/668384e1c1f73f3d5461b9d538daca42/element/f.F64AD31729AEE402AD374BC91D68D115.d.4D729DB1CEEF5988D755D44E6D9CB158.e.5320/click - {}
RESULT: {}
COMMAND: GET /session/668384e1c1f73f3d5461b9d538daca42/screenshot - {}
RESULT: {}
COMMAND: POST /session/668384e1c1f73f3d5461b9d538daca42/execute/async - {"script":"<script> [1562 bytes]","args":[{"selector":{"controlType":"sap.m.Text","viewName":"etm.portal.ui.manageyards.view.Detail","viewId":"application-manageyards-display-component---detailYard","bindingPath":{"propertyPath":"ID","modelName":"catalogModel"}},"wdio_ui5_key":"etmportal.ui.manageyards.view.Detailsap.m.Text{\"propertyPath\":\"ID\",\"modelName\":\"catalogModel\"}"}]}
RESULT: {"script":"<script> [1562 bytes]","args":[{"selector":{"controlType":"sap.m.Text","viewName":"etm.portal.ui.manageyards.view.Detail","viewId":"application-manageyards-display-component---detailYard","bindingPath":{"propertyPath":"ID","modelName":"catalogModel"}},"wdio_ui5_key":"etmportal.ui.manageyards.view.Detailsap.m.Text{\"propertyPath\":\"ID\",\"modelName\":\"catalogModel\"}"}]}
RESULT: undefined
COMMAND: POST /session/668384e1c1f73f3d5461b9d538daca42/execute/async - {"script":"<script> [6424 bytes]","args":[{"element-6066-11e4-a52e-4f735466cecf":"f.F64AD31729AEE402AD374BC91D68D115.d.4D729DB1CEEF5988D755D44E6D9CB158.e.5570"},"getText",[]]}
RESULT: {"script":"<script> [6424 bytes]","args":[{"element-6066-11e4-a52e-4f735466cecf":"f.F64AD31729AEE402AD374BC91D68D115.d.4D729DB1CEEF5988D755D44E6D9CB158.e.5570"},"getText",[]]}
COMMAND: POST /session/668384e1c1f73f3d5461b9d538daca42/element - {"using":"css selector","value":"#shell-header-logo"}
RESULT: {"using":"css selector","value":"#shell-header-logo"}
COMMAND: POST /session/668384e1c1f73f3d5461b9d538daca42/element/f.F64AD31729AEE402AD374BC91D68D115.d.4D729DB1CEEF5988D755D44E6D9CB158.e.4870/click - {}
RESULT: {}
COMMAND: GET /session/668384e1c1f73f3d5461b9d538daca42/screenshot - {}
RESULT: {}
]]></system-out>
    </testcase>
    <testcase classname="chrome.135_0_7049_96.windows.Provide_to_Site_w/_warehouse_management_w/o_clarification_US113782_" name="Should create WHM site" time="106.081">
      <system-out><![CDATA[
COMMAND: POST /session/668384e1c1f73f3d5461b9d538daca42/execute/async - {"script":"<script> [1562 bytes]","args":[{"selector":{"controlType":"sap.m.GenericTile","properties":{"header":"Manage Sites"}},"wdio_ui5_key":"sapm.GenericTile{\"header\":\"Manage Sites\"}"}]}
RESULT: {"script":"<script> [1562 bytes]","args":[{"selector":{"controlType":"sap.m.GenericTile","properties":{"header":"Manage Sites"}},"wdio_ui5_key":"sapm.GenericTile{\"header\":\"Manage Sites\"}"}]}
RESULT: undefined
COMMAND: POST /session/668384e1c1f73f3d5461b9d538daca42/element - {"using":"xpath","value":"//*[@id=\"__tile40\"]"}
RESULT: {"using":"xpath","value":"//*[@id=\"__tile40\"]"}
COMMAND: POST /session/668384e1c1f73f3d5461b9d538daca42/element/f.F64AD31729AEE402AD374BC91D68D115.d.4D729DB1CEEF5988D755D44E6D9CB158.e.5572/click - {}
RESULT: {}
COMMAND: GET /session/668384e1c1f73f3d5461b9d538daca42/screenshot - {}
RESULT: {}
COMMAND: POST /session/668384e1c1f73f3d5461b9d538daca42/execute/async - {"script":"<script> [1562 bytes]","args":[{"selector":{"controlType":"sap.ui.core.Icon","viewName":"etm.portal.ui.managesites.view.Master","viewId":"application-managesites-display-component---masterSite","properties":{"src":{"regex":{"source":"add"}}}},"wdio_ui5_key":"etmportal.ui.managesites.view.Mastersap.ui.core.Icon{\"src\":{\"regex\":{\"source\":\"add\"}}}"}]}
RESULT: {"script":"<script> [1562 bytes]","args":[{"selector":{"controlType":"sap.ui.core.Icon","viewName":"etm.portal.ui.managesites.view.Master","viewId":"application-managesites-display-component---masterSite","properties":{"src":{"regex":{"source":"add"}}}},"wdio_ui5_key":"etmportal.ui.managesites.view.Mastersap.ui.core.Icon{\"src\":{\"regex\":{\"source\":\"add\"}}}"}]}
RESULT: undefined
COMMAND: POST /session/668384e1c1f73f3d5461b9d538daca42/element - {"using":"xpath","value":"//*[@id=\"__button64-img\"]"}
RESULT: {"using":"xpath","value":"//*[@id=\"__button64-img\"]"}
COMMAND: POST /session/668384e1c1f73f3d5461b9d538daca42/element/f.F64AD31729AEE402AD374BC91D68D115.d.4D729DB1CEEF5988D755D44E6D9CB158.e.5621/click - {}
RESULT: {}
COMMAND: POST /session/668384e1c1f73f3d5461b9d538daca42/element - {"using":"xpath","value":"//*[text()='Add New Site']"}
COMMAND: GET /session/668384e1c1f73f3d5461b9d538daca42/screenshot - {}
RESULT: {"using":"xpath","value":"//*[text()='Add New Site']"}
COMMAND: GET /session/668384e1c1f73f3d5461b9d538daca42/element/f.F64AD31729AEE402AD374BC91D68D115.d.4D729DB1CEEF5988D755D44E6D9CB158.e.5757/enabled - {}
RESULT: {}
COMMAND: POST /session/668384e1c1f73f3d5461b9d538daca42/element - {"using":"xpath","value":"//*[text()='Add New Site']"}
RESULT: {"using":"xpath","value":"//*[text()='Add New Site']"}
COMMAND: GET /session/668384e1c1f73f3d5461b9d538daca42/element/f.F64AD31729AEE402AD374BC91D68D115.d.4D729DB1CEEF5988D755D44E6D9CB158.e.5757/enabled - {}
COMMAND: POST /session/668384e1c1f73f3d5461b9d538daca42/element - {"using":"xpath","value":"//*[text()='Add New Site']"}
RESULT: {"using":"xpath","value":"//*[text()='Add New Site']"}
COMMAND: GET /session/668384e1c1f73f3d5461b9d538daca42/element/f.F64AD31729AEE402AD374BC91D68D115.d.4D729DB1CEEF5988D755D44E6D9CB158.e.6006/enabled - {}
RESULT: {}
COMMAND: POST /session/668384e1c1f73f3d5461b9d538daca42/execute/sync - {"script":"<script> [8489 bytes]","args":[{"element-6066-11e4-a52e-4f735466cecf":"f.F64AD31729AEE402AD374BC91D68D115.d.4D729DB1CEEF5988D755D44E6D9CB158.e.6006","ELEMENT":"f.F64AD31729AEE402AD374BC91D68D115.d.4D729DB1CEEF5988D755D44E6D9CB158.e.6006"}]}
COMMAND: GET /session/668384e1c1f73f3d5461b9d538daca42/screenshot - {}
RESULT: {"script":"<script> [8489 bytes]","args":[{"element-6066-11e4-a52e-4f735466cecf":"f.F64AD31729AEE402AD374BC91D68D115.d.4D729DB1CEEF5988D755D44E6D9CB158.e.6006","ELEMENT":"f.F64AD31729AEE402AD374BC91D68D115.d.4D729DB1CEEF5988D755D44E6D9CB158.e.6006"}]}
COMMAND: GET /session/668384e1c1f73f3d5461b9d538daca42/screenshot - {}
RESULT: {}
COMMAND: POST /session/668384e1c1f73f3d5461b9d538daca42/execute/sync - {"script":"<script> [8489 bytes]","args":[{"element-6066-11e4-a52e-4f735466cecf":"f.F64AD31729AEE402AD374BC91D68D115.d.4D729DB1CEEF5988D755D44E6D9CB158.e.6006","ELEMENT":"f.F64AD31729AEE402AD374BC91D68D115.d.4D729DB1CEEF5988D755D44E6D9CB158.e.6006"}]}
RESULT: {}
RESULT: {"script":"<script> [8489 bytes]","args":[{"element-6066-11e4-a52e-4f735466cecf":"f.F64AD31729AEE402AD374BC91D68D115.d.4D729DB1CEEF5988D755D44E6D9CB158.e.6006","ELEMENT":"f.F64AD31729AEE402AD374BC91D68D115.d.4D729DB1CEEF5988D755D44E6D9CB158.e.6006"}]}
COMMAND: GET /session/668384e1c1f73f3d5461b9d538daca42/screenshot - {}
RESULT: {}
COMMAND: POST /session/668384e1c1f73f3d5461b9d538daca42/execute/sync - {"script":"<script> [8489 bytes]","args":[{"element-6066-11e4-a52e-4f735466cecf":"f.F64AD31729AEE402AD374BC91D68D115.d.4D729DB1CEEF5988D755D44E6D9CB158.e.6006","ELEMENT":"f.F64AD31729AEE402AD374BC91D68D115.d.4D729DB1CEEF5988D755D44E6D9CB158.e.6006"}]}
RESULT: {"script":"<script> [8489 bytes]","args":[{"element-6066-11e4-a52e-4f735466cecf":"f.F64AD31729AEE402AD374BC91D68D115.d.4D729DB1CEEF5988D755D44E6D9CB158.e.6006","ELEMENT":"f.F64AD31729AEE402AD374BC91D68D115.d.4D729DB1CEEF5988D755D44E6D9CB158.e.6006"}]}
COMMAND: GET /session/668384e1c1f73f3d5461b9d538daca42/screenshot - {}
RESULT: {}
COMMAND: POST /session/668384e1c1f73f3d5461b9d538daca42/execute/sync - {"script":"<script> [8489 bytes]","args":[{"element-6066-11e4-a52e-4f735466cecf":"f.F64AD31729AEE402AD374BC91D68D115.d.4D729DB1CEEF5988D755D44E6D9CB158.e.6006","ELEMENT":"f.F64AD31729AEE402AD374BC91D68D115.d.4D729DB1CEEF5988D755D44E6D9CB158.e.6006"}]}
RESULT: {"script":"<script> [8489 bytes]","args":[{"element-6066-11e4-a52e-4f735466cecf":"f.F64AD31729AEE402AD374BC91D68D115.d.4D729DB1CEEF5988D755D44E6D9CB158.e.6006","ELEMENT":"f.F64AD31729AEE402AD374BC91D68D115.d.4D729DB1CEEF5988D755D44E6D9CB158.e.6006"}]}
COMMAND: GET /session/668384e1c1f73f3d5461b9d538daca42/screenshot - {}
COMMAND: POST /session/668384e1c1f73f3d5461b9d538daca42/execute/sync - {"script":"<script> [8489 bytes]","args":[{"element-6066-11e4-a52e-4f735466cecf":"f.F64AD31729AEE402AD374BC91D68D115.d.4D729DB1CEEF5988D755D44E6D9CB158.e.6006","ELEMENT":"f.F64AD31729AEE402AD374BC91D68D115.d.4D729DB1CEEF5988D755D44E6D9CB158.e.6006"}]}
RESULT: {"script":"<script> [8489 bytes]","args":[{"element-6066-11e4-a52e-4f735466cecf":"f.F64AD31729AEE402AD374BC91D68D115.d.4D729DB1CEEF5988D755D44E6D9CB158.e.6006","ELEMENT":"f.F64AD31729AEE402AD374BC91D68D115.d.4D729DB1CEEF5988D755D44E6D9CB158.e.6006"}]}
COMMAND: GET /session/668384e1c1f73f3d5461b9d538daca42/screenshot - {}
COMMAND: POST /session/668384e1c1f73f3d5461b9d538daca42/execute/sync - {"script":"<script> [8489 bytes]","args":[{"element-6066-11e4-a52e-4f735466cecf":"f.F64AD31729AEE402AD374BC91D68D115.d.4D729DB1CEEF5988D755D44E6D9CB158.e.6006","ELEMENT":"f.F64AD31729AEE402AD374BC91D68D115.d.4D729DB1CEEF5988D755D44E6D9CB158.e.6006"}]}
RESULT: {}
RESULT: {}
RESULT: {"script":"<script> [8489 bytes]","args":[{"element-6066-11e4-a52e-4f735466cecf":"f.F64AD31729AEE402AD374BC91D68D115.d.4D729DB1CEEF5988D755D44E6D9CB158.e.6006","ELEMENT":"f.F64AD31729AEE402AD374BC91D68D115.d.4D729DB1CEEF5988D755D44E6D9CB158.e.6006"}]}
COMMAND: POST /session/668384e1c1f73f3d5461b9d538daca42/execute/sync - {"script":"<script> [8489 bytes]","args":[{"element-6066-11e4-a52e-4f735466cecf":"f.F64AD31729AEE402AD374BC91D68D115.d.4D729DB1CEEF5988D755D44E6D9CB158.e.6006","ELEMENT":"f.F64AD31729AEE402AD374BC91D68D115.d.4D729DB1CEEF5988D755D44E6D9CB158.e.6006"}]}
COMMAND: GET /session/668384e1c1f73f3d5461b9d538daca42/screenshot - {}
RESULT: {"script":"<script> [8489 bytes]","args":[{"element-6066-11e4-a52e-4f735466cecf":"f.F64AD31729AEE402AD374BC91D68D115.d.4D729DB1CEEF5988D755D44E6D9CB158.e.6006","ELEMENT":"f.F64AD31729AEE402AD374BC91D68D115.d.4D729DB1CEEF5988D755D44E6D9CB158.e.6006"}]}
COMMAND: GET /session/668384e1c1f73f3d5461b9d538daca42/screenshot - {}
COMMAND: POST /session/668384e1c1f73f3d5461b9d538daca42/execute/sync - {"script":"<script> [8489 bytes]","args":[{"element-6066-11e4-a52e-4f735466cecf":"f.F64AD31729AEE402AD374BC91D68D115.d.4D729DB1CEEF5988D755D44E6D9CB158.e.6006","ELEMENT":"f.F64AD31729AEE402AD374BC91D68D115.d.4D729DB1CEEF5988D755D44E6D9CB158.e.6006"}]}
RESULT: {}
RESULT: {}
RESULT: {"script":"<script> [8489 bytes]","args":[{"element-6066-11e4-a52e-4f735466cecf":"f.F64AD31729AEE402AD374BC91D68D115.d.4D729DB1CEEF5988D755D44E6D9CB158.e.6006","ELEMENT":"f.F64AD31729AEE402AD374BC91D68D115.d.4D729DB1CEEF5988D755D44E6D9CB158.e.6006"}]}
COMMAND: POST /session/668384e1c1f73f3d5461b9d538daca42/execute/sync - {"script":"<script> [8489 bytes]","args":[{"element-6066-11e4-a52e-4f735466cecf":"f.F64AD31729AEE402AD374BC91D68D115.d.4D729DB1CEEF5988D755D44E6D9CB158.e.6006","ELEMENT":"f.F64AD31729AEE402AD374BC91D68D115.d.4D729DB1CEEF5988D755D44E6D9CB158.e.6006"}]}
COMMAND: GET /session/668384e1c1f73f3d5461b9d538daca42/screenshot - {}
RESULT: {"script":"<script> [8489 bytes]","args":[{"element-6066-11e4-a52e-4f735466cecf":"f.F64AD31729AEE402AD374BC91D68D115.d.4D729DB1CEEF5988D755D44E6D9CB158.e.6006","ELEMENT":"f.F64AD31729AEE402AD374BC91D68D115.d.4D729DB1CEEF5988D755D44E6D9CB158.e.6006"}]}
COMMAND: GET /session/668384e1c1f73f3d5461b9d538daca42/screenshot - {}
COMMAND: POST /session/668384e1c1f73f3d5461b9d538daca42/execute/sync - {"script":"<script> [8489 bytes]","args":[{"element-6066-11e4-a52e-4f735466cecf":"f.F64AD31729AEE402AD374BC91D68D115.d.4D729DB1CEEF5988D755D44E6D9CB158.e.6006","ELEMENT":"f.F64AD31729AEE402AD374BC91D68D115.d.4D729DB1CEEF5988D755D44E6D9CB158.e.6006"}]}
RESULT: {}
RESULT: {}
RESULT: {"script":"<script> [8489 bytes]","args":[{"element-6066-11e4-a52e-4f735466cecf":"f.F64AD31729AEE402AD374BC91D68D115.d.4D729DB1CEEF5988D755D44E6D9CB158.e.6006","ELEMENT":"f.F64AD31729AEE402AD374BC91D68D115.d.4D729DB1CEEF5988D755D44E6D9CB158.e.6006"}]}
COMMAND: GET /session/668384e1c1f73f3d5461b9d538daca42/screenshot - {}
COMMAND: POST /session/668384e1c1f73f3d5461b9d538daca42/execute/sync - {"script":"<script> [8489 bytes]","args":[{"element-6066-11e4-a52e-4f735466cecf":"f.F64AD31729AEE402AD374BC91D68D115.d.4D729DB1CEEF5988D755D44E6D9CB158.e.6006","ELEMENT":"f.F64AD31729AEE402AD374BC91D68D115.d.4D729DB1CEEF5988D755D44E6D9CB158.e.6006"}]}
RESULT: {}
RESULT: {"script":"<script> [8489 bytes]","args":[{"element-6066-11e4-a52e-4f735466cecf":"f.F64AD31729AEE402AD374BC91D68D115.d.4D729DB1CEEF5988D755D44E6D9CB158.e.6006","ELEMENT":"f.F64AD31729AEE402AD374BC91D68D115.d.4D729DB1CEEF5988D755D44E6D9CB158.e.6006"}]}
COMMAND: GET /session/668384e1c1f73f3d5461b9d538daca42/screenshot - {}
COMMAND: POST /session/668384e1c1f73f3d5461b9d538daca42/execute/sync - {"script":"<script> [8489 bytes]","args":[{"element-6066-11e4-a52e-4f735466cecf":"f.F64AD31729AEE402AD374BC91D68D115.d.4D729DB1CEEF5988D755D44E6D9CB158.e.6006","ELEMENT":"f.F64AD31729AEE402AD374BC91D68D115.d.4D729DB1CEEF5988D755D44E6D9CB158.e.6006"}]}
RESULT: {}
RESULT: {"script":"<script> [8489 bytes]","args":[{"element-6066-11e4-a52e-4f735466cecf":"f.F64AD31729AEE402AD374BC91D68D115.d.4D729DB1CEEF5988D755D44E6D9CB158.e.6006","ELEMENT":"f.F64AD31729AEE402AD374BC91D68D115.d.4D729DB1CEEF5988D755D44E6D9CB158.e.6006"}]}
COMMAND: GET /session/668384e1c1f73f3d5461b9d538daca42/screenshot - {}
COMMAND: POST /session/668384e1c1f73f3d5461b9d538daca42/execute/sync - {"script":"<script> [8489 bytes]","args":[{"element-6066-11e4-a52e-4f735466cecf":"f.F64AD31729AEE402AD374BC91D68D115.d.4D729DB1CEEF5988D755D44E6D9CB158.e.6006","ELEMENT":"f.F64AD31729AEE402AD374BC91D68D115.d.4D729DB1CEEF5988D755D44E6D9CB158.e.6006"}]}
RESULT: {}
RESULT: {"script":"<script> [8489 bytes]","args":[{"element-6066-11e4-a52e-4f735466cecf":"f.F64AD31729AEE402AD374BC91D68D115.d.4D729DB1CEEF5988D755D44E6D9CB158.e.6006","ELEMENT":"f.F64AD31729AEE402AD374BC91D68D115.d.4D729DB1CEEF5988D755D44E6D9CB158.e.6006"}]}
COMMAND: GET /session/668384e1c1f73f3d5461b9d538daca42/screenshot - {}
COMMAND: POST /session/668384e1c1f73f3d5461b9d538daca42/execute/sync - {"script":"<script> [8489 bytes]","args":[{"element-6066-11e4-a52e-4f735466cecf":"f.F64AD31729AEE402AD374BC91D68D115.d.4D729DB1CEEF5988D755D44E6D9CB158.e.6006","ELEMENT":"f.F64AD31729AEE402AD374BC91D68D115.d.4D729DB1CEEF5988D755D44E6D9CB158.e.6006"}]}
RESULT: {}
RESULT: {"script":"<script> [8489 bytes]","args":[{"element-6066-11e4-a52e-4f735466cecf":"f.F64AD31729AEE402AD374BC91D68D115.d.4D729DB1CEEF5988D755D44E6D9CB158.e.6006","ELEMENT":"f.F64AD31729AEE402AD374BC91D68D115.d.4D729DB1CEEF5988D755D44E6D9CB158.e.6006"}]}
COMMAND: GET /session/668384e1c1f73f3d5461b9d538daca42/screenshot - {}
COMMAND: POST /session/668384e1c1f73f3d5461b9d538daca42/execute/sync - {"script":"<script> [8489 bytes]","args":[{"element-6066-11e4-a52e-4f735466cecf":"f.F64AD31729AEE402AD374BC91D68D115.d.4D729DB1CEEF5988D755D44E6D9CB158.e.6006","ELEMENT":"f.F64AD31729AEE402AD374BC91D68D115.d.4D729DB1CEEF5988D755D44E6D9CB158.e.6006"}]}
RESULT: {}
RESULT: {"script":"<script> [8489 bytes]","args":[{"element-6066-11e4-a52e-4f735466cecf":"f.F64AD31729AEE402AD374BC91D68D115.d.4D729DB1CEEF5988D755D44E6D9CB158.e.6006","ELEMENT":"f.F64AD31729AEE402AD374BC91D68D115.d.4D729DB1CEEF5988D755D44E6D9CB158.e.6006"}]}
COMMAND: GET /session/668384e1c1f73f3d5461b9d538daca42/screenshot - {}
COMMAND: POST /session/668384e1c1f73f3d5461b9d538daca42/execute/sync - {"script":"<script> [8489 bytes]","args":[{"element-6066-11e4-a52e-4f735466cecf":"f.F64AD31729AEE402AD374BC91D68D115.d.4D729DB1CEEF5988D755D44E6D9CB158.e.6006","ELEMENT":"f.F64AD31729AEE402AD374BC91D68D115.d.4D729DB1CEEF5988D755D44E6D9CB158.e.6006"}]}
RESULT: {}
RESULT: {"script":"<script> [8489 bytes]","args":[{"element-6066-11e4-a52e-4f735466cecf":"f.F64AD31729AEE402AD374BC91D68D115.d.4D729DB1CEEF5988D755D44E6D9CB158.e.6006","ELEMENT":"f.F64AD31729AEE402AD374BC91D68D115.d.4D729DB1CEEF5988D755D44E6D9CB158.e.6006"}]}
COMMAND: GET /session/668384e1c1f73f3d5461b9d538daca42/screenshot - {}
COMMAND: POST /session/668384e1c1f73f3d5461b9d538daca42/execute/sync - {"script":"<script> [8489 bytes]","args":[{"element-6066-11e4-a52e-4f735466cecf":"f.F64AD31729AEE402AD374BC91D68D115.d.4D729DB1CEEF5988D755D44E6D9CB158.e.6006","ELEMENT":"f.F64AD31729AEE402AD374BC91D68D115.d.4D729DB1CEEF5988D755D44E6D9CB158.e.6006"}]}
RESULT: {}
RESULT: {"script":"<script> [8489 bytes]","args":[{"element-6066-11e4-a52e-4f735466cecf":"f.F64AD31729AEE402AD374BC91D68D115.d.4D729DB1CEEF5988D755D44E6D9CB158.e.6006","ELEMENT":"f.F64AD31729AEE402AD374BC91D68D115.d.4D729DB1CEEF5988D755D44E6D9CB158.e.6006"}]}
COMMAND: GET /session/668384e1c1f73f3d5461b9d538daca42/screenshot - {}
COMMAND: POST /session/668384e1c1f73f3d5461b9d538daca42/execute/sync - {"script":"<script> [8489 bytes]","args":[{"element-6066-11e4-a52e-4f735466cecf":"f.F64AD31729AEE402AD374BC91D68D115.d.4D729DB1CEEF5988D755D44E6D9CB158.e.6006","ELEMENT":"f.F64AD31729AEE402AD374BC91D68D115.d.4D729DB1CEEF5988D755D44E6D9CB158.e.6006"}]}
RESULT: {}
RESULT: {"script":"<script> [8489 bytes]","args":[{"element-6066-11e4-a52e-4f735466cecf":"f.F64AD31729AEE402AD374BC91D68D115.d.4D729DB1CEEF5988D755D44E6D9CB158.e.6006","ELEMENT":"f.F64AD31729AEE402AD374BC91D68D115.d.4D729DB1CEEF5988D755D44E6D9CB158.e.6006"}]}
COMMAND: GET /session/668384e1c1f73f3d5461b9d538daca42/screenshot - {}
COMMAND: POST /session/668384e1c1f73f3d5461b9d538daca42/execute/sync - {"script":"<script> [8489 bytes]","args":[{"element-6066-11e4-a52e-4f735466cecf":"f.F64AD31729AEE402AD374BC91D68D115.d.4D729DB1CEEF5988D755D44E6D9CB158.e.6006","ELEMENT":"f.F64AD31729AEE402AD374BC91D68D115.d.4D729DB1CEEF5988D755D44E6D9CB158.e.6006"}]}
RESULT: {}
RESULT: {"script":"<script> [8489 bytes]","args":[{"element-6066-11e4-a52e-4f735466cecf":"f.F64AD31729AEE402AD374BC91D68D115.d.4D729DB1CEEF5988D755D44E6D9CB158.e.6006","ELEMENT":"f.F64AD31729AEE402AD374BC91D68D115.d.4D729DB1CEEF5988D755D44E6D9CB158.e.6006"}]}
COMMAND: GET /session/668384e1c1f73f3d5461b9d538daca42/screenshot - {}
RESULT: {}
COMMAND: POST /session/668384e1c1f73f3d5461b9d538daca42/execute/sync - {"script":"<script> [8489 bytes]","args":[{"element-6066-11e4-a52e-4f735466cecf":"f.F64AD31729AEE402AD374BC91D68D115.d.4D729DB1CEEF5988D755D44E6D9CB158.e.6006","ELEMENT":"f.F64AD31729AEE402AD374BC91D68D115.d.4D729DB1CEEF5988D755D44E6D9CB158.e.6006"}]}
RESULT: {"script":"<script> [8489 bytes]","args":[{"element-6066-11e4-a52e-4f735466cecf":"f.F64AD31729AEE402AD374BC91D68D115.d.4D729DB1CEEF5988D755D44E6D9CB158.e.6006","ELEMENT":"f.F64AD31729AEE402AD374BC91D68D115.d.4D729DB1CEEF5988D755D44E6D9CB158.e.6006"}]}
COMMAND: GET /session/668384e1c1f73f3d5461b9d538daca42/screenshot - {}
RESULT: {}
COMMAND: POST /session/668384e1c1f73f3d5461b9d538daca42/execute/sync - {"script":"<script> [8489 bytes]","args":[{"element-6066-11e4-a52e-4f735466cecf":"f.F64AD31729AEE402AD374BC91D68D115.d.4D729DB1CEEF5988D755D44E6D9CB158.e.6006","ELEMENT":"f.F64AD31729AEE402AD374BC91D68D115.d.4D729DB1CEEF5988D755D44E6D9CB158.e.6006"}]}
RESULT: {"script":"<script> [8489 bytes]","args":[{"element-6066-11e4-a52e-4f735466cecf":"f.F64AD31729AEE402AD374BC91D68D115.d.4D729DB1CEEF5988D755D44E6D9CB158.e.6006","ELEMENT":"f.F64AD31729AEE402AD374BC91D68D115.d.4D729DB1CEEF5988D755D44E6D9CB158.e.6006"}]}
COMMAND: GET /session/668384e1c1f73f3d5461b9d538daca42/screenshot - {}
RESULT: {}
COMMAND: POST /session/668384e1c1f73f3d5461b9d538daca42/execute/sync - {"script":"<script> [8489 bytes]","args":[{"element-6066-11e4-a52e-4f735466cecf":"f.F64AD31729AEE402AD374BC91D68D115.d.4D729DB1CEEF5988D755D44E6D9CB158.e.6006","ELEMENT":"f.F64AD31729AEE402AD374BC91D68D115.d.4D729DB1CEEF5988D755D44E6D9CB158.e.6006"}]}
RESULT: {"script":"<script> [8489 bytes]","args":[{"element-6066-11e4-a52e-4f735466cecf":"f.F64AD31729AEE402AD374BC91D68D115.d.4D729DB1CEEF5988D755D44E6D9CB158.e.6006","ELEMENT":"f.F64AD31729AEE402AD374BC91D68D115.d.4D729DB1CEEF5988D755D44E6D9CB158.e.6006"}]}
COMMAND: GET /session/668384e1c1f73f3d5461b9d538daca42/screenshot - {}
RESULT: {}
COMMAND: POST /session/668384e1c1f73f3d5461b9d538daca42/execute/sync - {"script":"<script> [8489 bytes]","args":[{"element-6066-11e4-a52e-4f735466cecf":"f.F64AD31729AEE402AD374BC91D68D115.d.4D729DB1CEEF5988D755D44E6D9CB158.e.6006","ELEMENT":"f.F64AD31729AEE402AD374BC91D68D115.d.4D729DB1CEEF5988D755D44E6D9CB158.e.6006"}]}
RESULT: {"script":"<script> [8489 bytes]","args":[{"element-6066-11e4-a52e-4f735466cecf":"f.F64AD31729AEE402AD374BC91D68D115.d.4D729DB1CEEF5988D755D44E6D9CB158.e.6006","ELEMENT":"f.F64AD31729AEE402AD374BC91D68D115.d.4D729DB1CEEF5988D755D44E6D9CB158.e.6006"}]}
COMMAND: GET /session/668384e1c1f73f3d5461b9d538daca42/screenshot - {}
RESULT: {}
COMMAND: POST /session/668384e1c1f73f3d5461b9d538daca42/execute/sync - {"script":"<script> [8489 bytes]","args":[{"element-6066-11e4-a52e-4f735466cecf":"f.F64AD31729AEE402AD374BC91D68D115.d.4D729DB1CEEF5988D755D44E6D9CB158.e.6006","ELEMENT":"f.F64AD31729AEE402AD374BC91D68D115.d.4D729DB1CEEF5988D755D44E6D9CB158.e.6006"}]}
RESULT: {"script":"<script> [8489 bytes]","args":[{"element-6066-11e4-a52e-4f735466cecf":"f.F64AD31729AEE402AD374BC91D68D115.d.4D729DB1CEEF5988D755D44E6D9CB158.e.6006","ELEMENT":"f.F64AD31729AEE402AD374BC91D68D115.d.4D729DB1CEEF5988D755D44E6D9CB158.e.6006"}]}
COMMAND: GET /session/668384e1c1f73f3d5461b9d538daca42/screenshot - {}
RESULT: {}
COMMAND: POST /session/668384e1c1f73f3d5461b9d538daca42/execute/sync - {"script":"<script> [8489 bytes]","args":[{"element-6066-11e4-a52e-4f735466cecf":"f.F64AD31729AEE402AD374BC91D68D115.d.4D729DB1CEEF5988D755D44E6D9CB158.e.6006","ELEMENT":"f.F64AD31729AEE402AD374BC91D68D115.d.4D729DB1CEEF5988D755D44E6D9CB158.e.6006"}]}
RESULT: {"script":"<script> [8489 bytes]","args":[{"element-6066-11e4-a52e-4f735466cecf":"f.F64AD31729AEE402AD374BC91D68D115.d.4D729DB1CEEF5988D755D44E6D9CB158.e.6006","ELEMENT":"f.F64AD31729AEE402AD374BC91D68D115.d.4D729DB1CEEF5988D755D44E6D9CB158.e.6006"}]}
COMMAND: GET /session/668384e1c1f73f3d5461b9d538daca42/screenshot - {}
RESULT: {}
COMMAND: POST /session/668384e1c1f73f3d5461b9d538daca42/execute/sync - {"script":"<script> [8489 bytes]","args":[{"element-6066-11e4-a52e-4f735466cecf":"f.F64AD31729AEE402AD374BC91D68D115.d.4D729DB1CEEF5988D755D44E6D9CB158.e.6006","ELEMENT":"f.F64AD31729AEE402AD374BC91D68D115.d.4D729DB1CEEF5988D755D44E6D9CB158.e.6006"}]}
RESULT: {"script":"<script> [8489 bytes]","args":[{"element-6066-11e4-a52e-4f735466cecf":"f.F64AD31729AEE402AD374BC91D68D115.d.4D729DB1CEEF5988D755D44E6D9CB158.e.6006","ELEMENT":"f.F64AD31729AEE402AD374BC91D68D115.d.4D729DB1CEEF5988D755D44E6D9CB158.e.6006"}]}
COMMAND: GET /session/668384e1c1f73f3d5461b9d538daca42/screenshot - {}
RESULT: {}
COMMAND: POST /session/668384e1c1f73f3d5461b9d538daca42/execute/sync - {"script":"<script> [8489 bytes]","args":[{"element-6066-11e4-a52e-4f735466cecf":"f.F64AD31729AEE402AD374BC91D68D115.d.4D729DB1CEEF5988D755D44E6D9CB158.e.6006","ELEMENT":"f.F64AD31729AEE402AD374BC91D68D115.d.4D729DB1CEEF5988D755D44E6D9CB158.e.6006"}]}
RESULT: {"script":"<script> [8489 bytes]","args":[{"element-6066-11e4-a52e-4f735466cecf":"f.F64AD31729AEE402AD374BC91D68D115.d.4D729DB1CEEF5988D755D44E6D9CB158.e.6006","ELEMENT":"f.F64AD31729AEE402AD374BC91D68D115.d.4D729DB1CEEF5988D755D44E6D9CB158.e.6006"}]}
COMMAND: GET /session/668384e1c1f73f3d5461b9d538daca42/screenshot - {}
RESULT: {}
COMMAND: POST /session/668384e1c1f73f3d5461b9d538daca42/execute/sync - {"script":"<script> [8489 bytes]","args":[{"element-6066-11e4-a52e-4f735466cecf":"f.F64AD31729AEE402AD374BC91D68D115.d.4D729DB1CEEF5988D755D44E6D9CB158.e.6006","ELEMENT":"f.F64AD31729AEE402AD374BC91D68D115.d.4D729DB1CEEF5988D755D44E6D9CB158.e.6006"}]}
RESULT: {"script":"<script> [8489 bytes]","args":[{"element-6066-11e4-a52e-4f735466cecf":"f.F64AD31729AEE402AD374BC91D68D115.d.4D729DB1CEEF5988D755D44E6D9CB158.e.6006","ELEMENT":"f.F64AD31729AEE402AD374BC91D68D115.d.4D729DB1CEEF5988D755D44E6D9CB158.e.6006"}]}
COMMAND: GET /session/668384e1c1f73f3d5461b9d538daca42/screenshot - {}
RESULT: {}
COMMAND: POST /session/668384e1c1f73f3d5461b9d538daca42/execute/sync - {"script":"<script> [8489 bytes]","args":[{"element-6066-11e4-a52e-4f735466cecf":"f.F64AD31729AEE402AD374BC91D68D115.d.4D729DB1CEEF5988D755D44E6D9CB158.e.6006","ELEMENT":"f.F64AD31729AEE402AD374BC91D68D115.d.4D729DB1CEEF5988D755D44E6D9CB158.e.6006"}]}
RESULT: {"script":"<script> [8489 bytes]","args":[{"element-6066-11e4-a52e-4f735466cecf":"f.F64AD31729AEE402AD374BC91D68D115.d.4D729DB1CEEF5988D755D44E6D9CB158.e.6006","ELEMENT":"f.F64AD31729AEE402AD374BC91D68D115.d.4D729DB1CEEF5988D755D44E6D9CB158.e.6006"}]}
COMMAND: GET /session/668384e1c1f73f3d5461b9d538daca42/screenshot - {}
RESULT: {}
COMMAND: POST /session/668384e1c1f73f3d5461b9d538daca42/execute/sync - {"script":"<script> [8489 bytes]","args":[{"element-6066-11e4-a52e-4f735466cecf":"f.F64AD31729AEE402AD374BC91D68D115.d.4D729DB1CEEF5988D755D44E6D9CB158.e.6006","ELEMENT":"f.F64AD31729AEE402AD374BC91D68D115.d.4D729DB1CEEF5988D755D44E6D9CB158.e.6006"}]}
RESULT: {"script":"<script> [8489 bytes]","args":[{"element-6066-11e4-a52e-4f735466cecf":"f.F64AD31729AEE402AD374BC91D68D115.d.4D729DB1CEEF5988D755D44E6D9CB158.e.6006","ELEMENT":"f.F64AD31729AEE402AD374BC91D68D115.d.4D729DB1CEEF5988D755D44E6D9CB158.e.6006"}]}
COMMAND: GET /session/668384e1c1f73f3d5461b9d538daca42/screenshot - {}
RESULT: {}
COMMAND: POST /session/668384e1c1f73f3d5461b9d538daca42/execute/sync - {"script":"<script> [8489 bytes]","args":[{"element-6066-11e4-a52e-4f735466cecf":"f.F64AD31729AEE402AD374BC91D68D115.d.4D729DB1CEEF5988D755D44E6D9CB158.e.6006","ELEMENT":"f.F64AD31729AEE402AD374BC91D68D115.d.4D729DB1CEEF5988D755D44E6D9CB158.e.6006"}]}
RESULT: {"script":"<script> [8489 bytes]","args":[{"element-6066-11e4-a52e-4f735466cecf":"f.F64AD31729AEE402AD374BC91D68D115.d.4D729DB1CEEF5988D755D44E6D9CB158.e.6006","ELEMENT":"f.F64AD31729AEE402AD374BC91D68D115.d.4D729DB1CEEF5988D755D44E6D9CB158.e.6006"}]}
COMMAND: GET /session/668384e1c1f73f3d5461b9d538daca42/screenshot - {}
RESULT: {}
COMMAND: POST /session/668384e1c1f73f3d5461b9d538daca42/execute/sync - {"script":"<script> [8489 bytes]","args":[{"element-6066-11e4-a52e-4f735466cecf":"f.F64AD31729AEE402AD374BC91D68D115.d.4D729DB1CEEF5988D755D44E6D9CB158.e.6006","ELEMENT":"f.F64AD31729AEE402AD374BC91D68D115.d.4D729DB1CEEF5988D755D44E6D9CB158.e.6006"}]}
RESULT: {"script":"<script> [8489 bytes]","args":[{"element-6066-11e4-a52e-4f735466cecf":"f.F64AD31729AEE402AD374BC91D68D115.d.4D729DB1CEEF5988D755D44E6D9CB158.e.6006","ELEMENT":"f.F64AD31729AEE402AD374BC91D68D115.d.4D729DB1CEEF5988D755D44E6D9CB158.e.6006"}]}
COMMAND: GET /session/668384e1c1f73f3d5461b9d538daca42/screenshot - {}
RESULT: {}
COMMAND: POST /session/668384e1c1f73f3d5461b9d538daca42/execute/sync - {"script":"<script> [8489 bytes]","args":[{"element-6066-11e4-a52e-4f735466cecf":"f.F64AD31729AEE402AD374BC91D68D115.d.4D729DB1CEEF5988D755D44E6D9CB158.e.6006","ELEMENT":"f.F64AD31729AEE402AD374BC91D68D115.d.4D729DB1CEEF5988D755D44E6D9CB158.e.6006"}]}
RESULT: {"script":"<script> [8489 bytes]","args":[{"element-6066-11e4-a52e-4f735466cecf":"f.F64AD31729AEE402AD374BC91D68D115.d.4D729DB1CEEF5988D755D44E6D9CB158.e.6006","ELEMENT":"f.F64AD31729AEE402AD374BC91D68D115.d.4D729DB1CEEF5988D755D44E6D9CB158.e.6006"}]}
COMMAND: GET /session/668384e1c1f73f3d5461b9d538daca42/screenshot - {}
RESULT: {}
COMMAND: POST /session/668384e1c1f73f3d5461b9d538daca42/execute/sync - {"script":"<script> [8489 bytes]","args":[{"element-6066-11e4-a52e-4f735466cecf":"f.F64AD31729AEE402AD374BC91D68D115.d.4D729DB1CEEF5988D755D44E6D9CB158.e.6006","ELEMENT":"f.F64AD31729AEE402AD374BC91D68D115.d.4D729DB1CEEF5988D755D44E6D9CB158.e.6006"}]}
RESULT: {"script":"<script> [8489 bytes]","args":[{"element-6066-11e4-a52e-4f735466cecf":"f.F64AD31729AEE402AD374BC91D68D115.d.4D729DB1CEEF5988D755D44E6D9CB158.e.6006","ELEMENT":"f.F64AD31729AEE402AD374BC91D68D115.d.4D729DB1CEEF5988D755D44E6D9CB158.e.6006"}]}
COMMAND: GET /session/668384e1c1f73f3d5461b9d538daca42/screenshot - {}
RESULT: {}
COMMAND: POST /session/668384e1c1f73f3d5461b9d538daca42/execute/sync - {"script":"<script> [8489 bytes]","args":[{"element-6066-11e4-a52e-4f735466cecf":"f.F64AD31729AEE402AD374BC91D68D115.d.4D729DB1CEEF5988D755D44E6D9CB158.e.6006","ELEMENT":"f.F64AD31729AEE402AD374BC91D68D115.d.4D729DB1CEEF5988D755D44E6D9CB158.e.6006"}]}
RESULT: {"script":"<script> [8489 bytes]","args":[{"element-6066-11e4-a52e-4f735466cecf":"f.F64AD31729AEE402AD374BC91D68D115.d.4D729DB1CEEF5988D755D44E6D9CB158.e.6006","ELEMENT":"f.F64AD31729AEE402AD374BC91D68D115.d.4D729DB1CEEF5988D755D44E6D9CB158.e.6006"}]}
COMMAND: GET /session/668384e1c1f73f3d5461b9d538daca42/screenshot - {}
RESULT: {}
COMMAND: POST /session/668384e1c1f73f3d5461b9d538daca42/execute/sync - {"script":"<script> [8489 bytes]","args":[{"element-6066-11e4-a52e-4f735466cecf":"f.F64AD31729AEE402AD374BC91D68D115.d.4D729DB1CEEF5988D755D44E6D9CB158.e.6006","ELEMENT":"f.F64AD31729AEE402AD374BC91D68D115.d.4D729DB1CEEF5988D755D44E6D9CB158.e.6006"}]}
RESULT: {"script":"<script> [8489 bytes]","args":[{"element-6066-11e4-a52e-4f735466cecf":"f.F64AD31729AEE402AD374BC91D68D115.d.4D729DB1CEEF5988D755D44E6D9CB158.e.6006","ELEMENT":"f.F64AD31729AEE402AD374BC91D68D115.d.4D729DB1CEEF5988D755D44E6D9CB158.e.6006"}]}
COMMAND: GET /session/668384e1c1f73f3d5461b9d538daca42/screenshot - {}
RESULT: {}
COMMAND: POST /session/668384e1c1f73f3d5461b9d538daca42/execute/sync - {"script":"<script> [8489 bytes]","args":[{"element-6066-11e4-a52e-4f735466cecf":"f.F64AD31729AEE402AD374BC91D68D115.d.4D729DB1CEEF5988D755D44E6D9CB158.e.6006","ELEMENT":"f.F64AD31729AEE402AD374BC91D68D115.d.4D729DB1CEEF5988D755D44E6D9CB158.e.6006"}]}
RESULT: {"script":"<script> [8489 bytes]","args":[{"element-6066-11e4-a52e-4f735466cecf":"f.F64AD31729AEE402AD374BC91D68D115.d.4D729DB1CEEF5988D755D44E6D9CB158.e.6006","ELEMENT":"f.F64AD31729AEE402AD374BC91D68D115.d.4D729DB1CEEF5988D755D44E6D9CB158.e.6006"}]}
COMMAND: GET /session/668384e1c1f73f3d5461b9d538daca42/screenshot - {}
RESULT: {}
COMMAND: POST /session/668384e1c1f73f3d5461b9d538daca42/execute/sync - {"script":"<script> [8489 bytes]","args":[{"element-6066-11e4-a52e-4f735466cecf":"f.F64AD31729AEE402AD374BC91D68D115.d.4D729DB1CEEF5988D755D44E6D9CB158.e.6006","ELEMENT":"f.F64AD31729AEE402AD374BC91D68D115.d.4D729DB1CEEF5988D755D44E6D9CB158.e.6006"}]}
RESULT: {"script":"<script> [8489 bytes]","args":[{"element-6066-11e4-a52e-4f735466cecf":"f.F64AD31729AEE402AD374BC91D68D115.d.4D729DB1CEEF5988D755D44E6D9CB158.e.6006","ELEMENT":"f.F64AD31729AEE402AD374BC91D68D115.d.4D729DB1CEEF5988D755D44E6D9CB158.e.6006"}]}
COMMAND: GET /session/668384e1c1f73f3d5461b9d538daca42/screenshot - {}
RESULT: {}
COMMAND: POST /session/668384e1c1f73f3d5461b9d538daca42/execute/sync - {"script":"<script> [8489 bytes]","args":[{"element-6066-11e4-a52e-4f735466cecf":"f.F64AD31729AEE402AD374BC91D68D115.d.4D729DB1CEEF5988D755D44E6D9CB158.e.6006","ELEMENT":"f.F64AD31729AEE402AD374BC91D68D115.d.4D729DB1CEEF5988D755D44E6D9CB158.e.6006"}]}
RESULT: {"script":"<script> [8489 bytes]","args":[{"element-6066-11e4-a52e-4f735466cecf":"f.F64AD31729AEE402AD374BC91D68D115.d.4D729DB1CEEF5988D755D44E6D9CB158.e.6006","ELEMENT":"f.F64AD31729AEE402AD374BC91D68D115.d.4D729DB1CEEF5988D755D44E6D9CB158.e.6006"}]}
COMMAND: GET /session/668384e1c1f73f3d5461b9d538daca42/screenshot - {}
RESULT: {}
COMMAND: POST /session/668384e1c1f73f3d5461b9d538daca42/execute/sync - {"script":"<script> [8489 bytes]","args":[{"element-6066-11e4-a52e-4f735466cecf":"f.F64AD31729AEE402AD374BC91D68D115.d.4D729DB1CEEF5988D755D44E6D9CB158.e.6006","ELEMENT":"f.F64AD31729AEE402AD374BC91D68D115.d.4D729DB1CEEF5988D755D44E6D9CB158.e.6006"}]}
RESULT: {"script":"<script> [8489 bytes]","args":[{"element-6066-11e4-a52e-4f735466cecf":"f.F64AD31729AEE402AD374BC91D68D115.d.4D729DB1CEEF5988D755D44E6D9CB158.e.6006","ELEMENT":"f.F64AD31729AEE402AD374BC91D68D115.d.4D729DB1CEEF5988D755D44E6D9CB158.e.6006"}]}
COMMAND: GET /session/668384e1c1f73f3d5461b9d538daca42/screenshot - {}
COMMAND: POST /session/668384e1c1f73f3d5461b9d538daca42/execute/sync - {"script":"<script> [8489 bytes]","args":[{"element-6066-11e4-a52e-4f735466cecf":"f.F64AD31729AEE402AD374BC91D68D115.d.4D729DB1CEEF5988D755D44E6D9CB158.e.6006","ELEMENT":"f.F64AD31729AEE402AD374BC91D68D115.d.4D729DB1CEEF5988D755D44E6D9CB158.e.6006"}]}
RESULT: {}
RESULT: {"script":"<script> [8489 bytes]","args":[{"element-6066-11e4-a52e-4f735466cecf":"f.F64AD31729AEE402AD374BC91D68D115.d.4D729DB1CEEF5988D755D44E6D9CB158.e.6006","ELEMENT":"f.F64AD31729AEE402AD374BC91D68D115.d.4D729DB1CEEF5988D755D44E6D9CB158.e.6006"}]}
COMMAND: GET /session/668384e1c1f73f3d5461b9d538daca42/screenshot - {}
COMMAND: POST /session/668384e1c1f73f3d5461b9d538daca42/execute/sync - {"script":"<script> [8489 bytes]","args":[{"element-6066-11e4-a52e-4f735466cecf":"f.F64AD31729AEE402AD374BC91D68D115.d.4D729DB1CEEF5988D755D44E6D9CB158.e.6006","ELEMENT":"f.F64AD31729AEE402AD374BC91D68D115.d.4D729DB1CEEF5988D755D44E6D9CB158.e.6006"}]}
RESULT: {}
RESULT: {"script":"<script> [8489 bytes]","args":[{"element-6066-11e4-a52e-4f735466cecf":"f.F64AD31729AEE402AD374BC91D68D115.d.4D729DB1CEEF5988D755D44E6D9CB158.e.6006","ELEMENT":"f.F64AD31729AEE402AD374BC91D68D115.d.4D729DB1CEEF5988D755D44E6D9CB158.e.6006"}]}
COMMAND: GET /session/668384e1c1f73f3d5461b9d538daca42/screenshot - {}
RESULT: {}
COMMAND: POST /session/668384e1c1f73f3d5461b9d538daca42/execute/sync - {"script":"<script> [8489 bytes]","args":[{"element-6066-11e4-a52e-4f735466cecf":"f.F64AD31729AEE402AD374BC91D68D115.d.4D729DB1CEEF5988D755D44E6D9CB158.e.6006","ELEMENT":"f.F64AD31729AEE402AD374BC91D68D115.d.4D729DB1CEEF5988D755D44E6D9CB158.e.6006"}]}
RESULT: {"script":"<script> [8489 bytes]","args":[{"element-6066-11e4-a52e-4f735466cecf":"f.F64AD31729AEE402AD374BC91D68D115.d.4D729DB1CEEF5988D755D44E6D9CB158.e.6006","ELEMENT":"f.F64AD31729AEE402AD374BC91D68D115.d.4D729DB1CEEF5988D755D44E6D9CB158.e.6006"}]}
COMMAND: GET /session/668384e1c1f73f3d5461b9d538daca42/screenshot - {}
RESULT: {}
COMMAND: POST /session/668384e1c1f73f3d5461b9d538daca42/execute/sync - {"script":"<script> [8489 bytes]","args":[{"element-6066-11e4-a52e-4f735466cecf":"f.F64AD31729AEE402AD374BC91D68D115.d.4D729DB1CEEF5988D755D44E6D9CB158.e.6006","ELEMENT":"f.F64AD31729AEE402AD374BC91D68D115.d.4D729DB1CEEF5988D755D44E6D9CB158.e.6006"}]}
RESULT: {"script":"<script> [8489 bytes]","args":[{"element-6066-11e4-a52e-4f735466cecf":"f.F64AD31729AEE402AD374BC91D68D115.d.4D729DB1CEEF5988D755D44E6D9CB158.e.6006","ELEMENT":"f.F64AD31729AEE402AD374BC91D68D115.d.4D729DB1CEEF5988D755D44E6D9CB158.e.6006"}]}
COMMAND: GET /session/668384e1c1f73f3d5461b9d538daca42/screenshot - {}
RESULT: {}
COMMAND: POST /session/668384e1c1f73f3d5461b9d538daca42/execute/sync - {"script":"<script> [8489 bytes]","args":[{"element-6066-11e4-a52e-4f735466cecf":"f.F64AD31729AEE402AD374BC91D68D115.d.4D729DB1CEEF5988D755D44E6D9CB158.e.6006","ELEMENT":"f.F64AD31729AEE402AD374BC91D68D115.d.4D729DB1CEEF5988D755D44E6D9CB158.e.6006"}]}
RESULT: {"script":"<script> [8489 bytes]","args":[{"element-6066-11e4-a52e-4f735466cecf":"f.F64AD31729AEE402AD374BC91D68D115.d.4D729DB1CEEF5988D755D44E6D9CB158.e.6006","ELEMENT":"f.F64AD31729AEE402AD374BC91D68D115.d.4D729DB1CEEF5988D755D44E6D9CB158.e.6006"}]}
COMMAND: GET /session/668384e1c1f73f3d5461b9d538daca42/screenshot - {}
RESULT: {}
COMMAND: POST /session/668384e1c1f73f3d5461b9d538daca42/execute/sync - {"script":"<script> [8489 bytes]","args":[{"element-6066-11e4-a52e-4f735466cecf":"f.F64AD31729AEE402AD374BC91D68D115.d.4D729DB1CEEF5988D755D44E6D9CB158.e.6006","ELEMENT":"f.F64AD31729AEE402AD374BC91D68D115.d.4D729DB1CEEF5988D755D44E6D9CB158.e.6006"}]}
RESULT: {"script":"<script> [8489 bytes]","args":[{"element-6066-11e4-a52e-4f735466cecf":"f.F64AD31729AEE402AD374BC91D68D115.d.4D729DB1CEEF5988D755D44E6D9CB158.e.6006","ELEMENT":"f.F64AD31729AEE402AD374BC91D68D115.d.4D729DB1CEEF5988D755D44E6D9CB158.e.6006"}]}
COMMAND: GET /session/668384e1c1f73f3d5461b9d538daca42/screenshot - {}
RESULT: {}
COMMAND: POST /session/668384e1c1f73f3d5461b9d538daca42/execute/sync - {"script":"<script> [8489 bytes]","args":[{"element-6066-11e4-a52e-4f735466cecf":"f.F64AD31729AEE402AD374BC91D68D115.d.4D729DB1CEEF5988D755D44E6D9CB158.e.6006","ELEMENT":"f.F64AD31729AEE402AD374BC91D68D115.d.4D729DB1CEEF5988D755D44E6D9CB158.e.6006"}]}
RESULT: {"script":"<script> [8489 bytes]","args":[{"element-6066-11e4-a52e-4f735466cecf":"f.F64AD31729AEE402AD374BC91D68D115.d.4D729DB1CEEF5988D755D44E6D9CB158.e.6006","ELEMENT":"f.F64AD31729AEE402AD374BC91D68D115.d.4D729DB1CEEF5988D755D44E6D9CB158.e.6006"}]}
COMMAND: GET /session/668384e1c1f73f3d5461b9d538daca42/screenshot - {}
RESULT: {}
COMMAND: POST /session/668384e1c1f73f3d5461b9d538daca42/execute/sync - {"script":"<script> [8489 bytes]","args":[{"element-6066-11e4-a52e-4f735466cecf":"f.F64AD31729AEE402AD374BC91D68D115.d.4D729DB1CEEF5988D755D44E6D9CB158.e.6006","ELEMENT":"f.F64AD31729AEE402AD374BC91D68D115.d.4D729DB1CEEF5988D755D44E6D9CB158.e.6006"}]}
RESULT: {"script":"<script> [8489 bytes]","args":[{"element-6066-11e4-a52e-4f735466cecf":"f.F64AD31729AEE402AD374BC91D68D115.d.4D729DB1CEEF5988D755D44E6D9CB158.e.6006","ELEMENT":"f.F64AD31729AEE402AD374BC91D68D115.d.4D729DB1CEEF5988D755D44E6D9CB158.e.6006"}]}
COMMAND: GET /session/668384e1c1f73f3d5461b9d538daca42/screenshot - {}
RESULT: {}
COMMAND: POST /session/668384e1c1f73f3d5461b9d538daca42/execute/sync - {"script":"<script> [8489 bytes]","args":[{"element-6066-11e4-a52e-4f735466cecf":"f.F64AD31729AEE402AD374BC91D68D115.d.4D729DB1CEEF5988D755D44E6D9CB158.e.6006","ELEMENT":"f.F64AD31729AEE402AD374BC91D68D115.d.4D729DB1CEEF5988D755D44E6D9CB158.e.6006"}]}
RESULT: {"script":"<script> [8489 bytes]","args":[{"element-6066-11e4-a52e-4f735466cecf":"f.F64AD31729AEE402AD374BC91D68D115.d.4D729DB1CEEF5988D755D44E6D9CB158.e.6006","ELEMENT":"f.F64AD31729AEE402AD374BC91D68D115.d.4D729DB1CEEF5988D755D44E6D9CB158.e.6006"}]}
COMMAND: GET /session/668384e1c1f73f3d5461b9d538daca42/screenshot - {}
RESULT: {}
COMMAND: POST /session/668384e1c1f73f3d5461b9d538daca42/execute/sync - {"script":"<script> [8489 bytes]","args":[{"element-6066-11e4-a52e-4f735466cecf":"f.F64AD31729AEE402AD374BC91D68D115.d.4D729DB1CEEF5988D755D44E6D9CB158.e.6006","ELEMENT":"f.F64AD31729AEE402AD374BC91D68D115.d.4D729DB1CEEF5988D755D44E6D9CB158.e.6006"}]}
RESULT: {"script":"<script> [8489 bytes]","args":[{"element-6066-11e4-a52e-4f735466cecf":"f.F64AD31729AEE402AD374BC91D68D115.d.4D729DB1CEEF5988D755D44E6D9CB158.e.6006","ELEMENT":"f.F64AD31729AEE402AD374BC91D68D115.d.4D729DB1CEEF5988D755D44E6D9CB158.e.6006"}]}
COMMAND: GET /session/668384e1c1f73f3d5461b9d538daca42/screenshot - {}
RESULT: {}
COMMAND: POST /session/668384e1c1f73f3d5461b9d538daca42/execute/sync - {"script":"<script> [8489 bytes]","args":[{"element-6066-11e4-a52e-4f735466cecf":"f.F64AD31729AEE402AD374BC91D68D115.d.4D729DB1CEEF5988D755D44E6D9CB158.e.6006","ELEMENT":"f.F64AD31729AEE402AD374BC91D68D115.d.4D729DB1CEEF5988D755D44E6D9CB158.e.6006"}]}
RESULT: {"script":"<script> [8489 bytes]","args":[{"element-6066-11e4-a52e-4f735466cecf":"f.F64AD31729AEE402AD374BC91D68D115.d.4D729DB1CEEF5988D755D44E6D9CB158.e.6006","ELEMENT":"f.F64AD31729AEE402AD374BC91D68D115.d.4D729DB1CEEF5988D755D44E6D9CB158.e.6006"}]}
COMMAND: GET /session/668384e1c1f73f3d5461b9d538daca42/screenshot - {}
RESULT: {}
COMMAND: POST /session/668384e1c1f73f3d5461b9d538daca42/execute/sync - {"script":"<script> [8489 bytes]","args":[{"element-6066-11e4-a52e-4f735466cecf":"f.F64AD31729AEE402AD374BC91D68D115.d.4D729DB1CEEF5988D755D44E6D9CB158.e.6006","ELEMENT":"f.F64AD31729AEE402AD374BC91D68D115.d.4D729DB1CEEF5988D755D44E6D9CB158.e.6006"}]}
RESULT: {"script":"<script> [8489 bytes]","args":[{"element-6066-11e4-a52e-4f735466cecf":"f.F64AD31729AEE402AD374BC91D68D115.d.4D729DB1CEEF5988D755D44E6D9CB158.e.6006","ELEMENT":"f.F64AD31729AEE402AD374BC91D68D115.d.4D729DB1CEEF5988D755D44E6D9CB158.e.6006"}]}
COMMAND: GET /session/668384e1c1f73f3d5461b9d538daca42/screenshot - {}
RESULT: {}
COMMAND: POST /session/668384e1c1f73f3d5461b9d538daca42/execute/sync - {"script":"<script> [8489 bytes]","args":[{"element-6066-11e4-a52e-4f735466cecf":"f.F64AD31729AEE402AD374BC91D68D115.d.4D729DB1CEEF5988D755D44E6D9CB158.e.6006","ELEMENT":"f.F64AD31729AEE402AD374BC91D68D115.d.4D729DB1CEEF5988D755D44E6D9CB158.e.6006"}]}
RESULT: {"script":"<script> [8489 bytes]","args":[{"element-6066-11e4-a52e-4f735466cecf":"f.F64AD31729AEE402AD374BC91D68D115.d.4D729DB1CEEF5988D755D44E6D9CB158.e.6006","ELEMENT":"f.F64AD31729AEE402AD374BC91D68D115.d.4D729DB1CEEF5988D755D44E6D9CB158.e.6006"}]}
COMMAND: GET /session/668384e1c1f73f3d5461b9d538daca42/screenshot - {}
RESULT: {}
COMMAND: POST /session/668384e1c1f73f3d5461b9d538daca42/execute/sync - {"script":"<script> [8489 bytes]","args":[{"element-6066-11e4-a52e-4f735466cecf":"f.F64AD31729AEE402AD374BC91D68D115.d.4D729DB1CEEF5988D755D44E6D9CB158.e.6006","ELEMENT":"f.F64AD31729AEE402AD374BC91D68D115.d.4D729DB1CEEF5988D755D44E6D9CB158.e.6006"}]}
RESULT: {"script":"<script> [8489 bytes]","args":[{"element-6066-11e4-a52e-4f735466cecf":"f.F64AD31729AEE402AD374BC91D68D115.d.4D729DB1CEEF5988D755D44E6D9CB158.e.6006","ELEMENT":"f.F64AD31729AEE402AD374BC91D68D115.d.4D729DB1CEEF5988D755D44E6D9CB158.e.6006"}]}
COMMAND: GET /session/668384e1c1f73f3d5461b9d538daca42/screenshot - {}
RESULT: {}
COMMAND: POST /session/668384e1c1f73f3d5461b9d538daca42/execute/sync - {"script":"<script> [8489 bytes]","args":[{"element-6066-11e4-a52e-4f735466cecf":"f.F64AD31729AEE402AD374BC91D68D115.d.4D729DB1CEEF5988D755D44E6D9CB158.e.6006","ELEMENT":"f.F64AD31729AEE402AD374BC91D68D115.d.4D729DB1CEEF5988D755D44E6D9CB158.e.6006"}]}
RESULT: {"script":"<script> [8489 bytes]","args":[{"element-6066-11e4-a52e-4f735466cecf":"f.F64AD31729AEE402AD374BC91D68D115.d.4D729DB1CEEF5988D755D44E6D9CB158.e.6006","ELEMENT":"f.F64AD31729AEE402AD374BC91D68D115.d.4D729DB1CEEF5988D755D44E6D9CB158.e.6006"}]}
COMMAND: GET /session/668384e1c1f73f3d5461b9d538daca42/screenshot - {}
RESULT: {}
COMMAND: POST /session/668384e1c1f73f3d5461b9d538daca42/execute/sync - {"script":"<script> [8489 bytes]","args":[{"element-6066-11e4-a52e-4f735466cecf":"f.F64AD31729AEE402AD374BC91D68D115.d.4D729DB1CEEF5988D755D44E6D9CB158.e.6006","ELEMENT":"f.F64AD31729AEE402AD374BC91D68D115.d.4D729DB1CEEF5988D755D44E6D9CB158.e.6006"}]}
RESULT: {"script":"<script> [8489 bytes]","args":[{"element-6066-11e4-a52e-4f735466cecf":"f.F64AD31729AEE402AD374BC91D68D115.d.4D729DB1CEEF5988D755D44E6D9CB158.e.6006","ELEMENT":"f.F64AD31729AEE402AD374BC91D68D115.d.4D729DB1CEEF5988D755D44E6D9CB158.e.6006"}]}
COMMAND: GET /session/668384e1c1f73f3d5461b9d538daca42/screenshot - {}
RESULT: {}
COMMAND: POST /session/668384e1c1f73f3d5461b9d538daca42/execute/sync - {"script":"<script> [8489 bytes]","args":[{"element-6066-11e4-a52e-4f735466cecf":"f.F64AD31729AEE402AD374BC91D68D115.d.4D729DB1CEEF5988D755D44E6D9CB158.e.6006","ELEMENT":"f.F64AD31729AEE402AD374BC91D68D115.d.4D729DB1CEEF5988D755D44E6D9CB158.e.6006"}]}
RESULT: {"script":"<script> [8489 bytes]","args":[{"element-6066-11e4-a52e-4f735466cecf":"f.F64AD31729AEE402AD374BC91D68D115.d.4D729DB1CEEF5988D755D44E6D9CB158.e.6006","ELEMENT":"f.F64AD31729AEE402AD374BC91D68D115.d.4D729DB1CEEF5988D755D44E6D9CB158.e.6006"}]}
COMMAND: GET /session/668384e1c1f73f3d5461b9d538daca42/screenshot - {}
RESULT: {}
COMMAND: POST /session/668384e1c1f73f3d5461b9d538daca42/execute/sync - {"script":"<script> [8489 bytes]","args":[{"element-6066-11e4-a52e-4f735466cecf":"f.F64AD31729AEE402AD374BC91D68D115.d.4D729DB1CEEF5988D755D44E6D9CB158.e.6006","ELEMENT":"f.F64AD31729AEE402AD374BC91D68D115.d.4D729DB1CEEF5988D755D44E6D9CB158.e.6006"}]}
RESULT: {"script":"<script> [8489 bytes]","args":[{"element-6066-11e4-a52e-4f735466cecf":"f.F64AD31729AEE402AD374BC91D68D115.d.4D729DB1CEEF5988D755D44E6D9CB158.e.6006","ELEMENT":"f.F64AD31729AEE402AD374BC91D68D115.d.4D729DB1CEEF5988D755D44E6D9CB158.e.6006"}]}
COMMAND: GET /session/668384e1c1f73f3d5461b9d538daca42/screenshot - {}
RESULT: {}
COMMAND: POST /session/668384e1c1f73f3d5461b9d538daca42/execute/sync - {"script":"<script> [8489 bytes]","args":[{"element-6066-11e4-a52e-4f735466cecf":"f.F64AD31729AEE402AD374BC91D68D115.d.4D729DB1CEEF5988D755D44E6D9CB158.e.6006","ELEMENT":"f.F64AD31729AEE402AD374BC91D68D115.d.4D729DB1CEEF5988D755D44E6D9CB158.e.6006"}]}
RESULT: {"script":"<script> [8489 bytes]","args":[{"element-6066-11e4-a52e-4f735466cecf":"f.F64AD31729AEE402AD374BC91D68D115.d.4D729DB1CEEF5988D755D44E6D9CB158.e.6006","ELEMENT":"f.F64AD31729AEE402AD374BC91D68D115.d.4D729DB1CEEF5988D755D44E6D9CB158.e.6006"}]}
COMMAND: GET /session/668384e1c1f73f3d5461b9d538daca42/screenshot - {}
RESULT: {}
COMMAND: POST /session/668384e1c1f73f3d5461b9d538daca42/execute/sync - {"script":"<script> [8489 bytes]","args":[{"element-6066-11e4-a52e-4f735466cecf":"f.F64AD31729AEE402AD374BC91D68D115.d.4D729DB1CEEF5988D755D44E6D9CB158.e.6006","ELEMENT":"f.F64AD31729AEE402AD374BC91D68D115.d.4D729DB1CEEF5988D755D44E6D9CB158.e.6006"}]}
RESULT: {"script":"<script> [8489 bytes]","args":[{"element-6066-11e4-a52e-4f735466cecf":"f.F64AD31729AEE402AD374BC91D68D115.d.4D729DB1CEEF5988D755D44E6D9CB158.e.6006","ELEMENT":"f.F64AD31729AEE402AD374BC91D68D115.d.4D729DB1CEEF5988D755D44E6D9CB158.e.6006"}]}
COMMAND: GET /session/668384e1c1f73f3d5461b9d538daca42/screenshot - {}
RESULT: {}
COMMAND: POST /session/668384e1c1f73f3d5461b9d538daca42/execute/sync - {"script":"<script> [8489 bytes]","args":[{"element-6066-11e4-a52e-4f735466cecf":"f.F64AD31729AEE402AD374BC91D68D115.d.4D729DB1CEEF5988D755D44E6D9CB158.e.6006","ELEMENT":"f.F64AD31729AEE402AD374BC91D68D115.d.4D729DB1CEEF5988D755D44E6D9CB158.e.6006"}]}
RESULT: {"script":"<script> [8489 bytes]","args":[{"element-6066-11e4-a52e-4f735466cecf":"f.F64AD31729AEE402AD374BC91D68D115.d.4D729DB1CEEF5988D755D44E6D9CB158.e.6006","ELEMENT":"f.F64AD31729AEE402AD374BC91D68D115.d.4D729DB1CEEF5988D755D44E6D9CB158.e.6006"}]}
COMMAND: GET /session/668384e1c1f73f3d5461b9d538daca42/screenshot - {}
RESULT: {}
COMMAND: POST /session/668384e1c1f73f3d5461b9d538daca42/execute/sync - {"script":"<script> [8489 bytes]","args":[{"element-6066-11e4-a52e-4f735466cecf":"f.F64AD31729AEE402AD374BC91D68D115.d.4D729DB1CEEF5988D755D44E6D9CB158.e.6006","ELEMENT":"f.F64AD31729AEE402AD374BC91D68D115.d.4D729DB1CEEF5988D755D44E6D9CB158.e.6006"}]}
RESULT: {"script":"<script> [8489 bytes]","args":[{"element-6066-11e4-a52e-4f735466cecf":"f.F64AD31729AEE402AD374BC91D68D115.d.4D729DB1CEEF5988D755D44E6D9CB158.e.6006","ELEMENT":"f.F64AD31729AEE402AD374BC91D68D115.d.4D729DB1CEEF5988D755D44E6D9CB158.e.6006"}]}
COMMAND: GET /session/668384e1c1f73f3d5461b9d538daca42/screenshot - {}
RESULT: {}
COMMAND: POST /session/668384e1c1f73f3d5461b9d538daca42/execute/sync - {"script":"<script> [8489 bytes]","args":[{"element-6066-11e4-a52e-4f735466cecf":"f.F64AD31729AEE402AD374BC91D68D115.d.4D729DB1CEEF5988D755D44E6D9CB158.e.6006","ELEMENT":"f.F64AD31729AEE402AD374BC91D68D115.d.4D729DB1CEEF5988D755D44E6D9CB158.e.6006"}]}
RESULT: {"script":"<script> [8489 bytes]","args":[{"element-6066-11e4-a52e-4f735466cecf":"f.F64AD31729AEE402AD374BC91D68D115.d.4D729DB1CEEF5988D755D44E6D9CB158.e.6006","ELEMENT":"f.F64AD31729AEE402AD374BC91D68D115.d.4D729DB1CEEF5988D755D44E6D9CB158.e.6006"}]}
COMMAND: GET /session/668384e1c1f73f3d5461b9d538daca42/screenshot - {}
RESULT: {}
COMMAND: POST /session/668384e1c1f73f3d5461b9d538daca42/execute/sync - {"script":"<script> [8489 bytes]","args":[{"element-6066-11e4-a52e-4f735466cecf":"f.F64AD31729AEE402AD374BC91D68D115.d.4D729DB1CEEF5988D755D44E6D9CB158.e.6006","ELEMENT":"f.F64AD31729AEE402AD374BC91D68D115.d.4D729DB1CEEF5988D755D44E6D9CB158.e.6006"}]}
RESULT: {"script":"<script> [8489 bytes]","args":[{"element-6066-11e4-a52e-4f735466cecf":"f.F64AD31729AEE402AD374BC91D68D115.d.4D729DB1CEEF5988D755D44E6D9CB158.e.6006","ELEMENT":"f.F64AD31729AEE402AD374BC91D68D115.d.4D729DB1CEEF5988D755D44E6D9CB158.e.6006"}]}
COMMAND: GET /session/668384e1c1f73f3d5461b9d538daca42/screenshot - {}
RESULT: {}
COMMAND: POST /session/668384e1c1f73f3d5461b9d538daca42/execute/sync - {"script":"<script> [8489 bytes]","args":[{"element-6066-11e4-a52e-4f735466cecf":"f.F64AD31729AEE402AD374BC91D68D115.d.4D729DB1CEEF5988D755D44E6D9CB158.e.6006","ELEMENT":"f.F64AD31729AEE402AD374BC91D68D115.d.4D729DB1CEEF5988D755D44E6D9CB158.e.6006"}]}
RESULT: {"script":"<script> [8489 bytes]","args":[{"element-6066-11e4-a52e-4f735466cecf":"f.F64AD31729AEE402AD374BC91D68D115.d.4D729DB1CEEF5988D755D44E6D9CB158.e.6006","ELEMENT":"f.F64AD31729AEE402AD374BC91D68D115.d.4D729DB1CEEF5988D755D44E6D9CB158.e.6006"}]}
COMMAND: GET /session/668384e1c1f73f3d5461b9d538daca42/screenshot - {}
RESULT: {}
COMMAND: POST /session/668384e1c1f73f3d5461b9d538daca42/execute/sync - {"script":"<script> [8489 bytes]","args":[{"element-6066-11e4-a52e-4f735466cecf":"f.F64AD31729AEE402AD374BC91D68D115.d.4D729DB1CEEF5988D755D44E6D9CB158.e.6006","ELEMENT":"f.F64AD31729AEE402AD374BC91D68D115.d.4D729DB1CEEF5988D755D44E6D9CB158.e.6006"}]}
RESULT: {"script":"<script> [8489 bytes]","args":[{"element-6066-11e4-a52e-4f735466cecf":"f.F64AD31729AEE402AD374BC91D68D115.d.4D729DB1CEEF5988D755D44E6D9CB158.e.6006","ELEMENT":"f.F64AD31729AEE402AD374BC91D68D115.d.4D729DB1CEEF5988D755D44E6D9CB158.e.6006"}]}
COMMAND: GET /session/668384e1c1f73f3d5461b9d538daca42/screenshot - {}
RESULT: {}
COMMAND: POST /session/668384e1c1f73f3d5461b9d538daca42/execute/sync - {"script":"<script> [8489 bytes]","args":[{"element-6066-11e4-a52e-4f735466cecf":"f.F64AD31729AEE402AD374BC91D68D115.d.4D729DB1CEEF5988D755D44E6D9CB158.e.6006","ELEMENT":"f.F64AD31729AEE402AD374BC91D68D115.d.4D729DB1CEEF5988D755D44E6D9CB158.e.6006"}]}
RESULT: {"script":"<script> [8489 bytes]","args":[{"element-6066-11e4-a52e-4f735466cecf":"f.F64AD31729AEE402AD374BC91D68D115.d.4D729DB1CEEF5988D755D44E6D9CB158.e.6006","ELEMENT":"f.F64AD31729AEE402AD374BC91D68D115.d.4D729DB1CEEF5988D755D44E6D9CB158.e.6006"}]}
COMMAND: GET /session/668384e1c1f73f3d5461b9d538daca42/screenshot - {}
RESULT: {}
COMMAND: POST /session/668384e1c1f73f3d5461b9d538daca42/execute/sync - {"script":"<script> [8489 bytes]","args":[{"element-6066-11e4-a52e-4f735466cecf":"f.F64AD31729AEE402AD374BC91D68D115.d.4D729DB1CEEF5988D755D44E6D9CB158.e.6006","ELEMENT":"f.F64AD31729AEE402AD374BC91D68D115.d.4D729DB1CEEF5988D755D44E6D9CB158.e.6006"}]}
RESULT: {"script":"<script> [8489 bytes]","args":[{"element-6066-11e4-a52e-4f735466cecf":"f.F64AD31729AEE402AD374BC91D68D115.d.4D729DB1CEEF5988D755D44E6D9CB158.e.6006","ELEMENT":"f.F64AD31729AEE402AD374BC91D68D115.d.4D729DB1CEEF5988D755D44E6D9CB158.e.6006"}]}
COMMAND: GET /session/668384e1c1f73f3d5461b9d538daca42/screenshot - {}
RESULT: {}
COMMAND: POST /session/668384e1c1f73f3d5461b9d538daca42/execute/sync - {"script":"<script> [8489 bytes]","args":[{"element-6066-11e4-a52e-4f735466cecf":"f.F64AD31729AEE402AD374BC91D68D115.d.4D729DB1CEEF5988D755D44E6D9CB158.e.6006","ELEMENT":"f.F64AD31729AEE402AD374BC91D68D115.d.4D729DB1CEEF5988D755D44E6D9CB158.e.6006"}]}
RESULT: {"script":"<script> [8489 bytes]","args":[{"element-6066-11e4-a52e-4f735466cecf":"f.F64AD31729AEE402AD374BC91D68D115.d.4D729DB1CEEF5988D755D44E6D9CB158.e.6006","ELEMENT":"f.F64AD31729AEE402AD374BC91D68D115.d.4D729DB1CEEF5988D755D44E6D9CB158.e.6006"}]}
COMMAND: GET /session/668384e1c1f73f3d5461b9d538daca42/screenshot - {}
RESULT: {}
COMMAND: POST /session/668384e1c1f73f3d5461b9d538daca42/execute/sync - {"script":"<script> [8489 bytes]","args":[{"element-6066-11e4-a52e-4f735466cecf":"f.F64AD31729AEE402AD374BC91D68D115.d.4D729DB1CEEF5988D755D44E6D9CB158.e.6006","ELEMENT":"f.F64AD31729AEE402AD374BC91D68D115.d.4D729DB1CEEF5988D755D44E6D9CB158.e.6006"}]}
RESULT: {"script":"<script> [8489 bytes]","args":[{"element-6066-11e4-a52e-4f735466cecf":"f.F64AD31729AEE402AD374BC91D68D115.d.4D729DB1CEEF5988D755D44E6D9CB158.e.6006","ELEMENT":"f.F64AD31729AEE402AD374BC91D68D115.d.4D729DB1CEEF5988D755D44E6D9CB158.e.6006"}]}
COMMAND: GET /session/668384e1c1f73f3d5461b9d538daca42/screenshot - {}
RESULT: {}
COMMAND: POST /session/668384e1c1f73f3d5461b9d538daca42/execute/sync - {"script":"<script> [8489 bytes]","args":[{"element-6066-11e4-a52e-4f735466cecf":"f.F64AD31729AEE402AD374BC91D68D115.d.4D729DB1CEEF5988D755D44E6D9CB158.e.6006","ELEMENT":"f.F64AD31729AEE402AD374BC91D68D115.d.4D729DB1CEEF5988D755D44E6D9CB158.e.6006"}]}
RESULT: {"script":"<script> [8489 bytes]","args":[{"element-6066-11e4-a52e-4f735466cecf":"f.F64AD31729AEE402AD374BC91D68D115.d.4D729DB1CEEF5988D755D44E6D9CB158.e.6006","ELEMENT":"f.F64AD31729AEE402AD374BC91D68D115.d.4D729DB1CEEF5988D755D44E6D9CB158.e.6006"}]}
COMMAND: GET /session/668384e1c1f73f3d5461b9d538daca42/screenshot - {}
RESULT: {}
COMMAND: POST /session/668384e1c1f73f3d5461b9d538daca42/execute/sync - {"script":"<script> [8489 bytes]","args":[{"element-6066-11e4-a52e-4f735466cecf":"f.F64AD31729AEE402AD374BC91D68D115.d.4D729DB1CEEF5988D755D44E6D9CB158.e.6006","ELEMENT":"f.F64AD31729AEE402AD374BC91D68D115.d.4D729DB1CEEF5988D755D44E6D9CB158.e.6006"}]}
RESULT: {"script":"<script> [8489 bytes]","args":[{"element-6066-11e4-a52e-4f735466cecf":"f.F64AD31729AEE402AD374BC91D68D115.d.4D729DB1CEEF5988D755D44E6D9CB158.e.6006","ELEMENT":"f.F64AD31729AEE402AD374BC91D68D115.d.4D729DB1CEEF5988D755D44E6D9CB158.e.6006"}]}
COMMAND: GET /session/668384e1c1f73f3d5461b9d538daca42/screenshot - {}
RESULT: {}
COMMAND: POST /session/668384e1c1f73f3d5461b9d538daca42/execute/sync - {"script":"<script> [8489 bytes]","args":[{"element-6066-11e4-a52e-4f735466cecf":"f.F64AD31729AEE402AD374BC91D68D115.d.4D729DB1CEEF5988D755D44E6D9CB158.e.6006","ELEMENT":"f.F64AD31729AEE402AD374BC91D68D115.d.4D729DB1CEEF5988D755D44E6D9CB158.e.6006"}]}
RESULT: {"script":"<script> [8489 bytes]","args":[{"element-6066-11e4-a52e-4f735466cecf":"f.F64AD31729AEE402AD374BC91D68D115.d.4D729DB1CEEF5988D755D44E6D9CB158.e.6006","ELEMENT":"f.F64AD31729AEE402AD374BC91D68D115.d.4D729DB1CEEF5988D755D44E6D9CB158.e.6006"}]}
COMMAND: GET /session/668384e1c1f73f3d5461b9d538daca42/screenshot - {}
RESULT: {}
COMMAND: POST /session/668384e1c1f73f3d5461b9d538daca42/execute/sync - {"script":"<script> [8489 bytes]","args":[{"element-6066-11e4-a52e-4f735466cecf":"f.F64AD31729AEE402AD374BC91D68D115.d.4D729DB1CEEF5988D755D44E6D9CB158.e.6006","ELEMENT":"f.F64AD31729AEE402AD374BC91D68D115.d.4D729DB1CEEF5988D755D44E6D9CB158.e.6006"}]}
RESULT: {"script":"<script> [8489 bytes]","args":[{"element-6066-11e4-a52e-4f735466cecf":"f.F64AD31729AEE402AD374BC91D68D115.d.4D729DB1CEEF5988D755D44E6D9CB158.e.6006","ELEMENT":"f.F64AD31729AEE402AD374BC91D68D115.d.4D729DB1CEEF5988D755D44E6D9CB158.e.6006"}]}
COMMAND: GET /session/668384e1c1f73f3d5461b9d538daca42/screenshot - {}
RESULT: {}
COMMAND: POST /session/668384e1c1f73f3d5461b9d538daca42/execute/sync - {"script":"<script> [8489 bytes]","args":[{"element-6066-11e4-a52e-4f735466cecf":"f.F64AD31729AEE402AD374BC91D68D115.d.4D729DB1CEEF5988D755D44E6D9CB158.e.6006","ELEMENT":"f.F64AD31729AEE402AD374BC91D68D115.d.4D729DB1CEEF5988D755D44E6D9CB158.e.6006"}]}
RESULT: {"script":"<script> [8489 bytes]","args":[{"element-6066-11e4-a52e-4f735466cecf":"f.F64AD31729AEE402AD374BC91D68D115.d.4D729DB1CEEF5988D755D44E6D9CB158.e.6006","ELEMENT":"f.F64AD31729AEE402AD374BC91D68D115.d.4D729DB1CEEF5988D755D44E6D9CB158.e.6006"}]}
COMMAND: GET /session/668384e1c1f73f3d5461b9d538daca42/screenshot - {}
RESULT: {}
COMMAND: POST /session/668384e1c1f73f3d5461b9d538daca42/execute/sync - {"script":"<script> [8489 bytes]","args":[{"element-6066-11e4-a52e-4f735466cecf":"f.F64AD31729AEE402AD374BC91D68D115.d.4D729DB1CEEF5988D755D44E6D9CB158.e.6006","ELEMENT":"f.F64AD31729AEE402AD374BC91D68D115.d.4D729DB1CEEF5988D755D44E6D9CB158.e.6006"}]}
RESULT: {"script":"<script> [8489 bytes]","args":[{"element-6066-11e4-a52e-4f735466cecf":"f.F64AD31729AEE402AD374BC91D68D115.d.4D729DB1CEEF5988D755D44E6D9CB158.e.6006","ELEMENT":"f.F64AD31729AEE402AD374BC91D68D115.d.4D729DB1CEEF5988D755D44E6D9CB158.e.6006"}]}
COMMAND: GET /session/668384e1c1f73f3d5461b9d538daca42/screenshot - {}
RESULT: {}
COMMAND: POST /session/668384e1c1f73f3d5461b9d538daca42/execute/sync - {"script":"<script> [8489 bytes]","args":[{"element-6066-11e4-a52e-4f735466cecf":"f.F64AD31729AEE402AD374BC91D68D115.d.4D729DB1CEEF5988D755D44E6D9CB158.e.6006","ELEMENT":"f.F64AD31729AEE402AD374BC91D68D115.d.4D729DB1CEEF5988D755D44E6D9CB158.e.6006"}]}
RESULT: {"script":"<script> [8489 bytes]","args":[{"element-6066-11e4-a52e-4f735466cecf":"f.F64AD31729AEE402AD374BC91D68D115.d.4D729DB1CEEF5988D755D44E6D9CB158.e.6006","ELEMENT":"f.F64AD31729AEE402AD374BC91D68D115.d.4D729DB1CEEF5988D755D44E6D9CB158.e.6006"}]}
COMMAND: GET /session/668384e1c1f73f3d5461b9d538daca42/screenshot - {}
RESULT: {}
COMMAND: POST /session/668384e1c1f73f3d5461b9d538daca42/execute/sync - {"script":"<script> [8489 bytes]","args":[{"element-6066-11e4-a52e-4f735466cecf":"f.F64AD31729AEE402AD374BC91D68D115.d.4D729DB1CEEF5988D755D44E6D9CB158.e.6006","ELEMENT":"f.F64AD31729AEE402AD374BC91D68D115.d.4D729DB1CEEF5988D755D44E6D9CB158.e.6006"}]}
RESULT: {"script":"<script> [8489 bytes]","args":[{"element-6066-11e4-a52e-4f735466cecf":"f.F64AD31729AEE402AD374BC91D68D115.d.4D729DB1CEEF5988D755D44E6D9CB158.e.6006","ELEMENT":"f.F64AD31729AEE402AD374BC91D68D115.d.4D729DB1CEEF5988D755D44E6D9CB158.e.6006"}]}
COMMAND: GET /session/668384e1c1f73f3d5461b9d538daca42/screenshot - {}
RESULT: {}
COMMAND: POST /session/668384e1c1f73f3d5461b9d538daca42/execute/sync - {"script":"<script> [8489 bytes]","args":[{"element-6066-11e4-a52e-4f735466cecf":"f.F64AD31729AEE402AD374BC91D68D115.d.4D729DB1CEEF5988D755D44E6D9CB158.e.6006","ELEMENT":"f.F64AD31729AEE402AD374BC91D68D115.d.4D729DB1CEEF5988D755D44E6D9CB158.e.6006"}]}
RESULT: {"script":"<script> [8489 bytes]","args":[{"element-6066-11e4-a52e-4f735466cecf":"f.F64AD31729AEE402AD374BC91D68D115.d.4D729DB1CEEF5988D755D44E6D9CB158.e.6006","ELEMENT":"f.F64AD31729AEE402AD374BC91D68D115.d.4D729DB1CEEF5988D755D44E6D9CB158.e.6006"}]}
COMMAND: GET /session/668384e1c1f73f3d5461b9d538daca42/screenshot - {}
RESULT: {}
COMMAND: POST /session/668384e1c1f73f3d5461b9d538daca42/execute/sync - {"script":"<script> [8489 bytes]","args":[{"element-6066-11e4-a52e-4f735466cecf":"f.F64AD31729AEE402AD374BC91D68D115.d.4D729DB1CEEF5988D755D44E6D9CB158.e.6006","ELEMENT":"f.F64AD31729AEE402AD374BC91D68D115.d.4D729DB1CEEF5988D755D44E6D9CB158.e.6006"}]}
RESULT: {"script":"<script> [8489 bytes]","args":[{"element-6066-11e4-a52e-4f735466cecf":"f.F64AD31729AEE402AD374BC91D68D115.d.4D729DB1CEEF5988D755D44E6D9CB158.e.6006","ELEMENT":"f.F64AD31729AEE402AD374BC91D68D115.d.4D729DB1CEEF5988D755D44E6D9CB158.e.6006"}]}
COMMAND: GET /session/668384e1c1f73f3d5461b9d538daca42/screenshot - {}
RESULT: {}
COMMAND: POST /session/668384e1c1f73f3d5461b9d538daca42/execute/sync - {"script":"<script> [8489 bytes]","args":[{"element-6066-11e4-a52e-4f735466cecf":"f.F64AD31729AEE402AD374BC91D68D115.d.4D729DB1CEEF5988D755D44E6D9CB158.e.6006","ELEMENT":"f.F64AD31729AEE402AD374BC91D68D115.d.4D729DB1CEEF5988D755D44E6D9CB158.e.6006"}]}
RESULT: {"script":"<script> [8489 bytes]","args":[{"element-6066-11e4-a52e-4f735466cecf":"f.F64AD31729AEE402AD374BC91D68D115.d.4D729DB1CEEF5988D755D44E6D9CB158.e.6006","ELEMENT":"f.F64AD31729AEE402AD374BC91D68D115.d.4D729DB1CEEF5988D755D44E6D9CB158.e.6006"}]}
COMMAND: GET /session/668384e1c1f73f3d5461b9d538daca42/screenshot - {}
RESULT: {}
COMMAND: POST /session/668384e1c1f73f3d5461b9d538daca42/execute/sync - {"script":"<script> [8489 bytes]","args":[{"element-6066-11e4-a52e-4f735466cecf":"f.F64AD31729AEE402AD374BC91D68D115.d.4D729DB1CEEF5988D755D44E6D9CB158.e.6006","ELEMENT":"f.F64AD31729AEE402AD374BC91D68D115.d.4D729DB1CEEF5988D755D44E6D9CB158.e.6006"}]}
RESULT: {"script":"<script> [8489 bytes]","args":[{"element-6066-11e4-a52e-4f735466cecf":"f.F64AD31729AEE402AD374BC91D68D115.d.4D729DB1CEEF5988D755D44E6D9CB158.e.6006","ELEMENT":"f.F64AD31729AEE402AD374BC91D68D115.d.4D729DB1CEEF5988D755D44E6D9CB158.e.6006"}]}
COMMAND: GET /session/668384e1c1f73f3d5461b9d538daca42/screenshot - {}
RESULT: {}
COMMAND: POST /session/668384e1c1f73f3d5461b9d538daca42/execute/sync - {"script":"<script> [8489 bytes]","args":[{"element-6066-11e4-a52e-4f735466cecf":"f.F64AD31729AEE402AD374BC91D68D115.d.4D729DB1CEEF5988D755D44E6D9CB158.e.6006","ELEMENT":"f.F64AD31729AEE402AD374BC91D68D115.d.4D729DB1CEEF5988D755D44E6D9CB158.e.6006"}]}
RESULT: {"script":"<script> [8489 bytes]","args":[{"element-6066-11e4-a52e-4f735466cecf":"f.F64AD31729AEE402AD374BC91D68D115.d.4D729DB1CEEF5988D755D44E6D9CB158.e.6006","ELEMENT":"f.F64AD31729AEE402AD374BC91D68D115.d.4D729DB1CEEF5988D755D44E6D9CB158.e.6006"}]}
COMMAND: GET /session/668384e1c1f73f3d5461b9d538daca42/screenshot - {}
RESULT: {}
COMMAND: POST /session/668384e1c1f73f3d5461b9d538daca42/execute/sync - {"script":"<script> [8489 bytes]","args":[{"element-6066-11e4-a52e-4f735466cecf":"f.F64AD31729AEE402AD374BC91D68D115.d.4D729DB1CEEF5988D755D44E6D9CB158.e.6006","ELEMENT":"f.F64AD31729AEE402AD374BC91D68D115.d.4D729DB1CEEF5988D755D44E6D9CB158.e.6006"}]}
RESULT: {"script":"<script> [8489 bytes]","args":[{"element-6066-11e4-a52e-4f735466cecf":"f.F64AD31729AEE402AD374BC91D68D115.d.4D729DB1CEEF5988D755D44E6D9CB158.e.6006","ELEMENT":"f.F64AD31729AEE402AD374BC91D68D115.d.4D729DB1CEEF5988D755D44E6D9CB158.e.6006"}]}
COMMAND: GET /session/668384e1c1f73f3d5461b9d538daca42/screenshot - {}
RESULT: {}
COMMAND: POST /session/668384e1c1f73f3d5461b9d538daca42/execute/sync - {"script":"<script> [8489 bytes]","args":[{"element-6066-11e4-a52e-4f735466cecf":"f.F64AD31729AEE402AD374BC91D68D115.d.4D729DB1CEEF5988D755D44E6D9CB158.e.6006","ELEMENT":"f.F64AD31729AEE402AD374BC91D68D115.d.4D729DB1CEEF5988D755D44E6D9CB158.e.6006"}]}
RESULT: {"script":"<script> [8489 bytes]","args":[{"element-6066-11e4-a52e-4f735466cecf":"f.F64AD31729AEE402AD374BC91D68D115.d.4D729DB1CEEF5988D755D44E6D9CB158.e.6006","ELEMENT":"f.F64AD31729AEE402AD374BC91D68D115.d.4D729DB1CEEF5988D755D44E6D9CB158.e.6006"}]}
COMMAND: GET /session/668384e1c1f73f3d5461b9d538daca42/screenshot - {}
RESULT: {}
COMMAND: POST /session/668384e1c1f73f3d5461b9d538daca42/execute/sync - {"script":"<script> [8489 bytes]","args":[{"element-6066-11e4-a52e-4f735466cecf":"f.F64AD31729AEE402AD374BC91D68D115.d.4D729DB1CEEF5988D755D44E6D9CB158.e.6006","ELEMENT":"f.F64AD31729AEE402AD374BC91D68D115.d.4D729DB1CEEF5988D755D44E6D9CB158.e.6006"}]}
RESULT: {"script":"<script> [8489 bytes]","args":[{"element-6066-11e4-a52e-4f735466cecf":"f.F64AD31729AEE402AD374BC91D68D115.d.4D729DB1CEEF5988D755D44E6D9CB158.e.6006","ELEMENT":"f.F64AD31729AEE402AD374BC91D68D115.d.4D729DB1CEEF5988D755D44E6D9CB158.e.6006"}]}
COMMAND: GET /session/668384e1c1f73f3d5461b9d538daca42/screenshot - {}
RESULT: {}
COMMAND: POST /session/668384e1c1f73f3d5461b9d538daca42/execute/sync - {"script":"<script> [8489 bytes]","args":[{"element-6066-11e4-a52e-4f735466cecf":"f.F64AD31729AEE402AD374BC91D68D115.d.4D729DB1CEEF5988D755D44E6D9CB158.e.6006","ELEMENT":"f.F64AD31729AEE402AD374BC91D68D115.d.4D729DB1CEEF5988D755D44E6D9CB158.e.6006"}]}
RESULT: {"script":"<script> [8489 bytes]","args":[{"element-6066-11e4-a52e-4f735466cecf":"f.F64AD31729AEE402AD374BC91D68D115.d.4D729DB1CEEF5988D755D44E6D9CB158.e.6006","ELEMENT":"f.F64AD31729AEE402AD374BC91D68D115.d.4D729DB1CEEF5988D755D44E6D9CB158.e.6006"}]}
COMMAND: GET /session/668384e1c1f73f3d5461b9d538daca42/screenshot - {}
RESULT: {}
COMMAND: POST /session/668384e1c1f73f3d5461b9d538daca42/execute/sync - {"script":"<script> [8489 bytes]","args":[{"element-6066-11e4-a52e-4f735466cecf":"f.F64AD31729AEE402AD374BC91D68D115.d.4D729DB1CEEF5988D755D44E6D9CB158.e.6006","ELEMENT":"f.F64AD31729AEE402AD374BC91D68D115.d.4D729DB1CEEF5988D755D44E6D9CB158.e.6006"}]}
RESULT: {"script":"<script> [8489 bytes]","args":[{"element-6066-11e4-a52e-4f735466cecf":"f.F64AD31729AEE402AD374BC91D68D115.d.4D729DB1CEEF5988D755D44E6D9CB158.e.6006","ELEMENT":"f.F64AD31729AEE402AD374BC91D68D115.d.4D729DB1CEEF5988D755D44E6D9CB158.e.6006"}]}
COMMAND: GET /session/668384e1c1f73f3d5461b9d538daca42/screenshot - {}
RESULT: {}
COMMAND: POST /session/668384e1c1f73f3d5461b9d538daca42/execute/sync - {"script":"<script> [8489 bytes]","args":[{"element-6066-11e4-a52e-4f735466cecf":"f.F64AD31729AEE402AD374BC91D68D115.d.4D729DB1CEEF5988D755D44E6D9CB158.e.6006","ELEMENT":"f.F64AD31729AEE402AD374BC91D68D115.d.4D729DB1CEEF5988D755D44E6D9CB158.e.6006"}]}
RESULT: {"script":"<script> [8489 bytes]","args":[{"element-6066-11e4-a52e-4f735466cecf":"f.F64AD31729AEE402AD374BC91D68D115.d.4D729DB1CEEF5988D755D44E6D9CB158.e.6006","ELEMENT":"f.F64AD31729AEE402AD374BC91D68D115.d.4D729DB1CEEF5988D755D44E6D9CB158.e.6006"}]}
COMMAND: GET /session/668384e1c1f73f3d5461b9d538daca42/screenshot - {}
RESULT: {}
COMMAND: POST /session/668384e1c1f73f3d5461b9d538daca42/execute/sync - {"script":"<script> [8489 bytes]","args":[{"element-6066-11e4-a52e-4f735466cecf":"f.F64AD31729AEE402AD374BC91D68D115.d.4D729DB1CEEF5988D755D44E6D9CB158.e.6006","ELEMENT":"f.F64AD31729AEE402AD374BC91D68D115.d.4D729DB1CEEF5988D755D44E6D9CB158.e.6006"}]}
RESULT: {"script":"<script> [8489 bytes]","args":[{"element-6066-11e4-a52e-4f735466cecf":"f.F64AD31729AEE402AD374BC91D68D115.d.4D729DB1CEEF5988D755D44E6D9CB158.e.6006","ELEMENT":"f.F64AD31729AEE402AD374BC91D68D115.d.4D729DB1CEEF5988D755D44E6D9CB158.e.6006"}]}
COMMAND: GET /session/668384e1c1f73f3d5461b9d538daca42/screenshot - {}
RESULT: {}
COMMAND: POST /session/668384e1c1f73f3d5461b9d538daca42/execute/async - {"script":"<script> [1562 bytes]","args":[{"selector":{"controlType":"sap.m.Button","viewName":"etm.portal.ui.managesites.view.NewSmartSite","viewId":"application-managesites-display-component---NewSite","properties":{"text":"General Information"},"interaction":{"idSuffix":"BDI-content"}},"wdio_ui5_key":"etmportal.ui.managesites.view.NewSmartSitesap.m.Button{\"text\":\"General Information\"}"}]}
RESULT: {"script":"<script> [1562 bytes]","args":[{"selector":{"controlType":"sap.m.Button","viewName":"etm.portal.ui.managesites.view.NewSmartSite","viewId":"application-managesites-display-component---NewSite","properties":{"text":"General Information"},"interaction":{"idSuffix":"BDI-content"}},"wdio_ui5_key":"etmportal.ui.managesites.view.NewSmartSitesap.m.Button{\"text\":\"General Information\"}"}]}
RESULT: undefined
COMMAND: POST /session/668384e1c1f73f3d5461b9d538daca42/element - {"using":"xpath","value":"//*[@id=\"application-managesites-display-component---NewSite--ObjectPageLayout-anchBar-__section31-anchor\"]"}
RESULT: {"using":"xpath","value":"//*[@id=\"application-managesites-display-component---NewSite--ObjectPageLayout-anchBar-__section31-anchor\"]"}
COMMAND: POST /session/668384e1c1f73f3d5461b9d538daca42/element/f.F64AD31729AEE402AD374BC91D68D115.d.4D729DB1CEEF5988D755D44E6D9CB158.e.6009/click - {}
RESULT: {}
COMMAND: POST /session/668384e1c1f73f3d5461b9d538daca42/execute/async - {"script":"<script> [1562 bytes]","args":[{"selector":{"id":"application-managesites-display-component---NewSite--addressDetailDetailsName1","interaction":{"idSuffix":"inner"}},"wdio_ui5_key":"applicationmanagesites-display-component---NewSite--addressDetailDetailsName1"}]}
COMMAND: GET /session/668384e1c1f73f3d5461b9d538daca42/screenshot - {}
RESULT: {"script":"<script> [1562 bytes]","args":[{"selector":{"id":"application-managesites-display-component---NewSite--addressDetailDetailsName1","interaction":{"idSuffix":"inner"}},"wdio_ui5_key":"applicationmanagesites-display-component---NewSite--addressDetailDetailsName1"}]}
RESULT: undefined
COMMAND: POST /session/668384e1c1f73f3d5461b9d538daca42/execute/async - {"script":"<script> [776 bytes]","args":[{"enterText":"WDI5 WHM Site","selector":{"id":"application-managesites-display-component---NewSite--addressDetailDetailsName1","interaction":{"idSuffix":"inner"}},"clearTextFirst":true,"interactionType":"ENTER_TEXT"}]}
RESULT: {}
RESULT: {"script":"<script> [776 bytes]","args":[{"enterText":"WDI5 WHM Site","selector":{"id":"application-managesites-display-component---NewSite--addressDetailDetailsName1","interaction":{"idSuffix":"inner"}},"clearTextFirst":true,"interactionType":"ENTER_TEXT"}]}
COMMAND: POST /session/668384e1c1f73f3d5461b9d538daca42/execute/async - {"script":"<script> [1562 bytes]","args":[{"selector":{"id":"application-managesites-display-component---NewSite--addressDetailDetailsLanguage","interaction":{"idSuffix":"inner"}},"wdio_ui5_key":"applicationmanagesites-display-component---NewSite--addressDetailDetailsLanguage"}]}
RESULT: {"script":"<script> [1562 bytes]","args":[{"selector":{"id":"application-managesites-display-component---NewSite--addressDetailDetailsLanguage","interaction":{"idSuffix":"inner"}},"wdio_ui5_key":"applicationmanagesites-display-component---NewSite--addressDetailDetailsLanguage"}]}
RESULT: undefined
COMMAND: POST /session/668384e1c1f73f3d5461b9d538daca42/execute/async - {"script":"<script> [776 bytes]","args":[{"enterText":"Romanian","selector":{"id":"application-managesites-display-component---NewSite--addressDetailDetailsLanguage","interaction":{"idSuffix":"inner"}},"clearTextFirst":true,"interactionType":"ENTER_TEXT"}]}
RESULT: {"script":"<script> [776 bytes]","args":[{"enterText":"Romanian","selector":{"id":"application-managesites-display-component---NewSite--addressDetailDetailsLanguage","interaction":{"idSuffix":"inner"}},"clearTextFirst":true,"interactionType":"ENTER_TEXT"}]}
COMMAND: POST /session/668384e1c1f73f3d5461b9d538daca42/execute/async - {"script":"<script> [1562 bytes]","args":[{"selector":{"id":"application-managesites-display-component---NewSite--addressDetailDetailsCity1","interaction":{"idSuffix":"inner"}},"wdio_ui5_key":"applicationmanagesites-display-component---NewSite--addressDetailDetailsCity1"}]}
RESULT: {"script":"<script> [1562 bytes]","args":[{"selector":{"id":"application-managesites-display-component---NewSite--addressDetailDetailsCity1","interaction":{"idSuffix":"inner"}},"wdio_ui5_key":"applicationmanagesites-display-component---NewSite--addressDetailDetailsCity1"}]}
RESULT: undefined
COMMAND: POST /session/668384e1c1f73f3d5461b9d538daca42/execute/async - {"script":"<script> [776 bytes]","args":[{"enterText":"Bucharest","selector":{"id":"application-managesites-display-component---NewSite--addressDetailDetailsCity1","interaction":{"idSuffix":"inner"}},"clearTextFirst":true,"interactionType":"ENTER_TEXT"}]}
RESULT: {"script":"<script> [776 bytes]","args":[{"enterText":"Bucharest","selector":{"id":"application-managesites-display-component---NewSite--addressDetailDetailsCity1","interaction":{"idSuffix":"inner"}},"clearTextFirst":true,"interactionType":"ENTER_TEXT"}]}
COMMAND: POST /session/668384e1c1f73f3d5461b9d538daca42/execute/async - {"script":"<script> [1562 bytes]","args":[{"selector":{"id":"application-managesites-display-component---NewSite--addressDetailDetailsCountry","interaction":{"idSuffix":"inner"}},"wdio_ui5_key":"applicationmanagesites-display-component---NewSite--addressDetailDetailsCountry"}]}
RESULT: {"script":"<script> [1562 bytes]","args":[{"selector":{"id":"application-managesites-display-component---NewSite--addressDetailDetailsCountry","interaction":{"idSuffix":"inner"}},"wdio_ui5_key":"applicationmanagesites-display-component---NewSite--addressDetailDetailsCountry"}]}
RESULT: undefined
COMMAND: POST /session/668384e1c1f73f3d5461b9d538daca42/execute/async - {"script":"<script> [6424 bytes]","args":[{"element-6066-11e4-a52e-4f735466cecf":"f.F64AD31729AEE402AD374BC91D68D115.d.4D729DB1CEEF5988D755D44E6D9CB158.e.5806"},"setValue",["Romania"]]}
RESULT: {"script":"<script> [6424 bytes]","args":[{"element-6066-11e4-a52e-4f735466cecf":"f.F64AD31729AEE402AD374BC91D68D115.d.4D729DB1CEEF5988D755D44E6D9CB158.e.5806"},"setValue",["Romania"]]}
COMMAND: POST /session/668384e1c1f73f3d5461b9d538daca42/execute/async - {"script":"<script> [1562 bytes]","args":[{"selector":{"id":"application-managesites-display-component---NewSite--addressDetailDetailsCalendar","interaction":{"idSuffix":"inner"}},"wdio_ui5_key":"applicationmanagesites-display-component---NewSite--addressDetailDetailsCalendar"}]}
RESULT: {"script":"<script> [1562 bytes]","args":[{"selector":{"id":"application-managesites-display-component---NewSite--addressDetailDetailsCalendar","interaction":{"idSuffix":"inner"}},"wdio_ui5_key":"applicationmanagesites-display-component---NewSite--addressDetailDetailsCalendar"}]}
RESULT: undefined
COMMAND: POST /session/668384e1c1f73f3d5461b9d538daca42/execute/async - {"script":"<script> [776 bytes]","args":[{"enterText":"8 - Germany (Standard)","selector":{"id":"application-managesites-display-component---NewSite--addressDetailDetailsCalendar","interaction":{"idSuffix":"inner"}},"clearTextFirst":true,"interactionType":"ENTER_TEXT"}]}
RESULT: {"script":"<script> [776 bytes]","args":[{"enterText":"8 - Germany (Standard)","selector":{"id":"application-managesites-display-component---NewSite--addressDetailDetailsCalendar","interaction":{"idSuffix":"inner"}},"clearTextFirst":true,"interactionType":"ENTER_TEXT"}]}
COMMAND: POST /session/668384e1c1f73f3d5461b9d538daca42/element - {"using":"xpath","value":"//input[@id=\"application-managesites-display-component---NewSite--addressDetailDetailsYard-inner\"]"}
RESULT: {"using":"xpath","value":"//input[@id=\"application-managesites-display-component---NewSite--addressDetailDetailsYard-inner\"]"}
COMMAND: POST /session/668384e1c1f73f3d5461b9d538daca42/element/f.F64AD31729AEE402AD374BC91D68D115.d.4D729DB1CEEF5988D755D44E6D9CB158.e.5817/clear - {}
RESULT: {}
COMMAND: POST /session/668384e1c1f73f3d5461b9d538daca42/element/f.F64AD31729AEE402AD374BC91D68D115.d.4D729DB1CEEF5988D755D44E6D9CB158.e.5817/value - {"text":"290"}
COMMAND: GET /session/668384e1c1f73f3d5461b9d538daca42/screenshot - {}
RESULT: {"text":"290"}
COMMAND: GET /session/668384e1c1f73f3d5461b9d538daca42/screenshot - {}
RESULT: {}
RESULT: {}
COMMAND: POST /session/668384e1c1f73f3d5461b9d538daca42/execute/async - {"script":"<script> [1562 bytes]","args":[{"selector":{"controlType":"sap.m.Button","viewName":"etm.portal.ui.managesites.view.NewSmartSite","viewId":"application-managesites-display-component---NewSite","properties":{"text":"Commercial"},"interaction":{"idSuffix":"BDI-content"}},"wdio_ui5_key":"etmportal.ui.managesites.view.NewSmartSitesap.m.Button{\"text\":\"Commercial\"}"}]}
RESULT: {"script":"<script> [1562 bytes]","args":[{"selector":{"controlType":"sap.m.Button","viewName":"etm.portal.ui.managesites.view.NewSmartSite","viewId":"application-managesites-display-component---NewSite","properties":{"text":"Commercial"},"interaction":{"idSuffix":"BDI-content"}},"wdio_ui5_key":"etmportal.ui.managesites.view.NewSmartSitesap.m.Button{\"text\":\"Commercial\"}"}]}
RESULT: undefined
COMMAND: POST /session/668384e1c1f73f3d5461b9d538daca42/element - {"using":"xpath","value":"//*[@id=\"application-managesites-display-component---NewSite--ObjectPageLayout-anchBar-__section33-anchor\"]"}
RESULT: {"using":"xpath","value":"//*[@id=\"application-managesites-display-component---NewSite--ObjectPageLayout-anchBar-__section33-anchor\"]"}
COMMAND: POST /session/668384e1c1f73f3d5461b9d538daca42/element/f.F64AD31729AEE402AD374BC91D68D115.d.4D729DB1CEEF5988D755D44E6D9CB158.e.6018/click - {}
RESULT: {}
COMMAND: POST /session/668384e1c1f73f3d5461b9d538daca42/execute/async - {"script":"<script> [1562 bytes]","args":[{"selector":{"id":"application-managesites-display-component---NewSite--siteWhmCheckBox-label","interaction":{"idSuffix":"bdi"}},"wdio_ui5_key":"applicationmanagesites-display-component---NewSite--siteWhmCheckBox-label"}]}
COMMAND: GET /session/668384e1c1f73f3d5461b9d538daca42/screenshot - {}
RESULT: {"script":"<script> [1562 bytes]","args":[{"selector":{"id":"application-managesites-display-component---NewSite--siteWhmCheckBox-label","interaction":{"idSuffix":"bdi"}},"wdio_ui5_key":"applicationmanagesites-display-component---NewSite--siteWhmCheckBox-label"}]}
RESULT: undefined
COMMAND: POST /session/668384e1c1f73f3d5461b9d538daca42/element - {"using":"xpath","value":"//*[@id=\"application-managesites-display-component---NewSite--siteWhmCheckBox-label\"]"}
RESULT: {}
RESULT: {"using":"xpath","value":"//*[@id=\"application-managesites-display-component---NewSite--siteWhmCheckBox-label\"]"}
COMMAND: POST /session/668384e1c1f73f3d5461b9d538daca42/element/f.F64AD31729AEE402AD374BC91D68D115.d.4D729DB1CEEF5988D755D44E6D9CB158.e.6028/click - {}
RESULT: {}
COMMAND: POST /session/668384e1c1f73f3d5461b9d538daca42/execute/async - {"script":"<script> [1562 bytes]","args":[{"selector":{"controlType":"sap.m.Button","viewName":"etm.portal.ui.managesites.view.NewSmartSite","viewId":"application-managesites-display-component---NewSite","i18NText":{"propertyName":"text","key":"save"},"interaction":{"idSuffix":"BDI-content"}},"wdio_ui5_key":"etmportal.ui.managesites.view.NewSmartSitesap.m.Button{\"propertyName\":\"text\",\"key\":\"save\"}"}]}
COMMAND: GET /session/668384e1c1f73f3d5461b9d538daca42/screenshot - {}
RESULT: {"script":"<script> [1562 bytes]","args":[{"selector":{"controlType":"sap.m.Button","viewName":"etm.portal.ui.managesites.view.NewSmartSite","viewId":"application-managesites-display-component---NewSite","i18NText":{"propertyName":"text","key":"save"},"interaction":{"idSuffix":"BDI-content"}},"wdio_ui5_key":"etmportal.ui.managesites.view.NewSmartSitesap.m.Button{\"propertyName\":\"text\",\"key\":\"save\"}"}]}
RESULT: undefined
COMMAND: POST /session/668384e1c1f73f3d5461b9d538daca42/element - {"using":"xpath","value":"//*[@id=\"__button76\"]"}
RESULT: {}
RESULT: {"using":"xpath","value":"//*[@id=\"__button76\"]"}
COMMAND: POST /session/668384e1c1f73f3d5461b9d538daca42/element/f.F64AD31729AEE402AD374BC91D68D115.d.4D729DB1CEEF5988D755D44E6D9CB158.e.5989/click - {}
RESULT: {}
COMMAND: GET /session/668384e1c1f73f3d5461b9d538daca42/screenshot - {}
RESULT: {}
COMMAND: POST /session/668384e1c1f73f3d5461b9d538daca42/execute/async - {"script":"<script> [1562 bytes]","args":[{"selector":{"controlType":"sap.m.Text","viewName":"etm.portal.ui.managesites.view.Detail","viewId":"application-managesites-display-component---detailSite","bindingPath":{"propertyPath":"ID","modelName":"catalogModel"}},"wdio_ui5_key":"etmportal.ui.managesites.view.Detailsap.m.Text{\"propertyPath\":\"ID\",\"modelName\":\"catalogModel\"}"}]}
RESULT: {"script":"<script> [1562 bytes]","args":[{"selector":{"controlType":"sap.m.Text","viewName":"etm.portal.ui.managesites.view.Detail","viewId":"application-managesites-display-component---detailSite","bindingPath":{"propertyPath":"ID","modelName":"catalogModel"}},"wdio_ui5_key":"etmportal.ui.managesites.view.Detailsap.m.Text{\"propertyPath\":\"ID\",\"modelName\":\"catalogModel\"}"}]}
RESULT: undefined
COMMAND: POST /session/668384e1c1f73f3d5461b9d538daca42/execute/async - {"script":"<script> [6424 bytes]","args":[{"element-6066-11e4-a52e-4f735466cecf":"f.F64AD31729AEE402AD374BC91D68D115.d.4D729DB1CEEF5988D755D44E6D9CB158.e.6222"},"getText",[]]}
RESULT: {"script":"<script> [6424 bytes]","args":[{"element-6066-11e4-a52e-4f735466cecf":"f.F64AD31729AEE402AD374BC91D68D115.d.4D729DB1CEEF5988D755D44E6D9CB158.e.6222"},"getText",[]]}
COMMAND: POST /session/668384e1c1f73f3d5461b9d538daca42/execute/async - {"script":"<script> [1562 bytes]","args":[{"selector":{"controlType":"sap.m.Label","viewName":"etm.portal.ui.managesites.view.Detail","viewId":"application-managesites-display-component---detailSite","i18NText":{"propertyName":"text","key":"status"}},"wdio_ui5_key":"etmportal.ui.managesites.view.Detailsap.m.Label{\"propertyName\":\"text\",\"key\":\"status\"}"}]}
RESULT: {"script":"<script> [1562 bytes]","args":[{"selector":{"controlType":"sap.m.Label","viewName":"etm.portal.ui.managesites.view.Detail","viewId":"application-managesites-display-component---detailSite","i18NText":{"propertyName":"text","key":"status"}},"wdio_ui5_key":"etmportal.ui.managesites.view.Detailsap.m.Label{\"propertyName\":\"text\",\"key\":\"status\"}"}]}
RESULT: undefined
COMMAND: POST /session/668384e1c1f73f3d5461b9d538daca42/execute/async - {"script":"<script> [6424 bytes]","args":[{"element-6066-11e4-a52e-4f735466cecf":"f.F64AD31729AEE402AD374BC91D68D115.d.4D729DB1CEEF5988D755D44E6D9CB158.e.6211"},"getText",[]]}
RESULT: {"script":"<script> [6424 bytes]","args":[{"element-6066-11e4-a52e-4f735466cecf":"f.F64AD31729AEE402AD374BC91D68D115.d.4D729DB1CEEF5988D755D44E6D9CB158.e.6211"},"getText",[]]}
RESULT: undefined
COMMAND: POST /session/668384e1c1f73f3d5461b9d538daca42/element - {"using":"xpath","value":"//*[@id=\"shell-header\"]"}
RESULT: {"using":"xpath","value":"//*[@id=\"shell-header\"]"}
COMMAND: POST /session/668384e1c1f73f3d5461b9d538daca42/element/f.F64AD31729AEE402AD374BC91D68D115.d.4D729DB1CEEF5988D755D44E6D9CB158.e.6223/click - {}
RESULT: {}
COMMAND: POST /session/668384e1c1f73f3d5461b9d538daca42/element - {"using":"css selector","value":"#shell-header-logo"}
COMMAND: GET /session/668384e1c1f73f3d5461b9d538daca42/screenshot - {}
RESULT: {}
RESULT: {"using":"css selector","value":"#shell-header-logo"}
COMMAND: POST /session/668384e1c1f73f3d5461b9d538daca42/element/f.F64AD31729AEE402AD374BC91D68D115.d.4D729DB1CEEF5988D755D44E6D9CB158.e.5575/click - {}
RESULT: {}
]]></system-out>
    </testcase>
    <testcase classname="chrome.135_0_7049_96.windows.Provide_to_Site_w/_warehouse_management_w/o_clarification_US113782_" name="Should create WHM Partner" time="62.36">
      <system-out><![CDATA[
COMMAND: POST /session/668384e1c1f73f3d5461b9d538daca42/execute/async - {"script":"<script> [1562 bytes]","args":[{"selector":{"controlType":"sap.m.GenericTile","properties":{"header":"Manage Partners"}},"wdio_ui5_key":"sapm.GenericTile{\"header\":\"Manage Partners\"}"}]}
COMMAND: GET /session/668384e1c1f73f3d5461b9d538daca42/screenshot - {}
RESULT: {"script":"<script> [1562 bytes]","args":[{"selector":{"controlType":"sap.m.GenericTile","properties":{"header":"Manage Partners"}},"wdio_ui5_key":"sapm.GenericTile{\"header\":\"Manage Partners\"}"}]}
RESULT: undefined
COMMAND: POST /session/668384e1c1f73f3d5461b9d538daca42/element - {"using":"xpath","value":"//*[@id=\"__tile38\"]"}
RESULT: {}
RESULT: {"using":"xpath","value":"//*[@id=\"__tile38\"]"}
COMMAND: POST /session/668384e1c1f73f3d5461b9d538daca42/element/f.F64AD31729AEE402AD374BC91D68D115.d.4D729DB1CEEF5988D755D44E6D9CB158.e.6229/click - {}
RESULT: {}
COMMAND: GET /session/668384e1c1f73f3d5461b9d538daca42/screenshot - {}
RESULT: {}
COMMAND: POST /session/668384e1c1f73f3d5461b9d538daca42/element - {"using":"xpath","value":"//button[(@data-kt = 'addButton')]"}
RESULT: {"using":"xpath","value":"//button[(@data-kt = 'addButton')]"}
COMMAND: POST /session/668384e1c1f73f3d5461b9d538daca42/elements - {"using":"xpath","value":"//button[(@data-kt = 'addButton')]"}
RESULT: {"using":"xpath","value":"//button[(@data-kt = 'addButton')]"}
COMMAND: POST /session/668384e1c1f73f3d5461b9d538daca42/elements - {"using":"xpath","value":"//button[(@data-kt = 'addButton')]"}
RESULT: {"using":"xpath","value":"//button[(@data-kt = 'addButton')]"}
COMMAND: POST /session/668384e1c1f73f3d5461b9d538daca42/elements - {"using":"xpath","value":"//button[(@data-kt = 'addButton')]"}
RESULT: {"using":"xpath","value":"//button[(@data-kt = 'addButton')]"}
COMMAND: POST /session/668384e1c1f73f3d5461b9d538daca42/elements - {"using":"xpath","value":"//button[(@data-kt = 'addButton')]"}
RESULT: {"using":"xpath","value":"//button[(@data-kt = 'addButton')]"}
COMMAND: POST /session/668384e1c1f73f3d5461b9d538daca42/element - {"using":"xpath","value":"//button[(@data-kt = 'addButton')]"}
RESULT: {"using":"xpath","value":"//button[(@data-kt = 'addButton')]"}
COMMAND: POST /session/668384e1c1f73f3d5461b9d538daca42/element/f.F64AD31729AEE402AD374BC91D68D115.d.4D729DB1CEEF5988D755D44E6D9CB158.e.6266/click - {}
RESULT: {}
COMMAND: POST /session/668384e1c1f73f3d5461b9d538daca42/execute/async - {"script":"<script> [1562 bytes]","args":[{"selector":{"id":"application-managepartners-display-component---NewPartner--addressDetailDetailsName1","interaction":{"idSuffix":"inner"}},"wdio_ui5_key":"applicationmanagepartners-display-component---NewPartner--addressDetailDetailsName1"}]}
COMMAND: GET /session/668384e1c1f73f3d5461b9d538daca42/screenshot - {}
RESULT: {"script":"<script> [1562 bytes]","args":[{"selector":{"id":"application-managepartners-display-component---NewPartner--addressDetailDetailsName1","interaction":{"idSuffix":"inner"}},"wdio_ui5_key":"applicationmanagepartners-display-component---NewPartner--addressDetailDetailsName1"}]}
RESULT: undefined
COMMAND: POST /session/668384e1c1f73f3d5461b9d538daca42/execute/async - {"script":"<script> [776 bytes]","args":[{"enterText":"WDI5-Partners","selector":{"id":"application-managepartners-display-component---NewPartner--addressDetailDetailsName1","interaction":{"idSuffix":"inner"}},"clearTextFirst":true,"interactionType":"ENTER_TEXT"}]}
RESULT: {}
RESULT: {"script":"<script> [776 bytes]","args":[{"enterText":"WDI5-Partners","selector":{"id":"application-managepartners-display-component---NewPartner--addressDetailDetailsName1","interaction":{"idSuffix":"inner"}},"clearTextFirst":true,"interactionType":"ENTER_TEXT"}]}
COMMAND: POST /session/668384e1c1f73f3d5461b9d538daca42/execute/async - {"script":"<script> [1562 bytes]","args":[{"selector":{"id":"application-managepartners-display-component---NewPartner--addressDetailDetailsLanguage-arrow"},"wdio_ui5_key":"applicationmanagepartners-display-component---NewPartner--addressDetailDetailsLanguage-arrow"}]}
RESULT: {"script":"<script> [1562 bytes]","args":[{"selector":{"id":"application-managepartners-display-component---NewPartner--addressDetailDetailsLanguage-arrow"},"wdio_ui5_key":"applicationmanagepartners-display-component---NewPartner--addressDetailDetailsLanguage-arrow"}]}
RESULT: undefined
COMMAND: POST /session/668384e1c1f73f3d5461b9d538daca42/element - {"using":"xpath","value":"//*[@id=\"application-managepartners-display-component---NewPartner--addressDetailDetailsLanguage-arrow\"]"}
RESULT: {"using":"xpath","value":"//*[@id=\"application-managepartners-display-component---NewPartner--addressDetailDetailsLanguage-arrow\"]"}
COMMAND: POST /session/668384e1c1f73f3d5461b9d538daca42/element/f.F64AD31729AEE402AD374BC91D68D115.d.4D729DB1CEEF5988D755D44E6D9CB158.e.6535/click - {}
RESULT: {}
COMMAND: POST /session/668384e1c1f73f3d5461b9d538daca42/execute/async - {"script":"<script> [1562 bytes]","args":[{"selector":{"controlType":"sap.m.StandardListItem","viewName":"etm.portal.ui.managepartners.view.NewPartner","viewId":"application-managepartners-display-component---NewPartner","properties":{"title":"English"},"searchOpenDialogs":true,"interaction":{"idSuffix":"content"}},"wdio_ui5_key":"etmportal.ui.managepartners.view.NewPartnersap.m.StandardListItem{\"title\":\"English\"}"}]}
COMMAND: GET /session/668384e1c1f73f3d5461b9d538daca42/screenshot - {}
RESULT: {"script":"<script> [1562 bytes]","args":[{"selector":{"controlType":"sap.m.StandardListItem","viewName":"etm.portal.ui.managepartners.view.NewPartner","viewId":"application-managepartners-display-component---NewPartner","properties":{"title":"English"},"searchOpenDialogs":true,"interaction":{"idSuffix":"content"}},"wdio_ui5_key":"etmportal.ui.managepartners.view.NewPartnersap.m.StandardListItem{\"title\":\"English\"}"}]}
RESULT: undefined
COMMAND: POST /session/668384e1c1f73f3d5461b9d538daca42/element - {"using":"xpath","value":"//*[@id=\"__item1021\"]"}
RESULT: {}
RESULT: {"using":"xpath","value":"//*[@id=\"__item1021\"]"}
COMMAND: POST /session/668384e1c1f73f3d5461b9d538daca42/element/f.F64AD31729AEE402AD374BC91D68D115.d.4D729DB1CEEF5988D755D44E6D9CB158.e.6537/click - {}
RESULT: {}
COMMAND: POST /session/668384e1c1f73f3d5461b9d538daca42/execute/async - {"script":"<script> [1562 bytes]","args":[{"selector":{"id":"application-managepartners-display-component---NewPartner--addressDetailDetailsCity1","interaction":{"idSuffix":"inner"}},"wdio_ui5_key":"applicationmanagepartners-display-component---NewPartner--addressDetailDetailsCity1"}]}
COMMAND: GET /session/668384e1c1f73f3d5461b9d538daca42/screenshot - {}
RESULT: {"script":"<script> [1562 bytes]","args":[{"selector":{"id":"application-managepartners-display-component---NewPartner--addressDetailDetailsCity1","interaction":{"idSuffix":"inner"}},"wdio_ui5_key":"applicationmanagepartners-display-component---NewPartner--addressDetailDetailsCity1"}]}
RESULT: undefined
COMMAND: POST /session/668384e1c1f73f3d5461b9d538daca42/execute/async - {"script":"<script> [776 bytes]","args":[{"enterText":"Bangalore","selector":{"id":"application-managepartners-display-component---NewPartner--addressDetailDetailsCity1","interaction":{"idSuffix":"inner"}},"clearTextFirst":true,"interactionType":"ENTER_TEXT"}]}
RESULT: {}
RESULT: {"script":"<script> [776 bytes]","args":[{"enterText":"Bangalore","selector":{"id":"application-managepartners-display-component---NewPartner--addressDetailDetailsCity1","interaction":{"idSuffix":"inner"}},"clearTextFirst":true,"interactionType":"ENTER_TEXT"}]}
COMMAND: POST /session/668384e1c1f73f3d5461b9d538daca42/execute/async - {"script":"<script> [1562 bytes]","args":[{"selector":{"id":"application-managepartners-display-component---NewPartner--addressDetailDetailsCountry-arrow"},"wdio_ui5_key":"applicationmanagepartners-display-component---NewPartner--addressDetailDetailsCountry-arrow"}]}
RESULT: {"script":"<script> [1562 bytes]","args":[{"selector":{"id":"application-managepartners-display-component---NewPartner--addressDetailDetailsCountry-arrow"},"wdio_ui5_key":"applicationmanagepartners-display-component---NewPartner--addressDetailDetailsCountry-arrow"}]}
RESULT: undefined
COMMAND: POST /session/668384e1c1f73f3d5461b9d538daca42/element - {"using":"xpath","value":"//*[@id=\"application-managepartners-display-component---NewPartner--addressDetailDetailsCountry-arrow\"]"}
RESULT: {"using":"xpath","value":"//*[@id=\"application-managepartners-display-component---NewPartner--addressDetailDetailsCountry-arrow\"]"}
COMMAND: POST /session/668384e1c1f73f3d5461b9d538daca42/element/f.F64AD31729AEE402AD374BC91D68D115.d.4D729DB1CEEF5988D755D44E6D9CB158.e.6539/click - {}
RESULT: {}
COMMAND: POST /session/668384e1c1f73f3d5461b9d538daca42/execute/async - {"script":"<script> [1562 bytes]","args":[{"selector":{"id":"application-managepartners-display-component---NewPartner--addressDetailDetailsCountry","interaction":{"idSuffix":"inner"}},"wdio_ui5_key":"applicationmanagepartners-display-component---NewPartner--addressDetailDetailsCountry"}]}
COMMAND: GET /session/668384e1c1f73f3d5461b9d538daca42/screenshot - {}
RESULT: {"script":"<script> [1562 bytes]","args":[{"selector":{"id":"application-managepartners-display-component---NewPartner--addressDetailDetailsCountry","interaction":{"idSuffix":"inner"}},"wdio_ui5_key":"applicationmanagepartners-display-component---NewPartner--addressDetailDetailsCountry"}]}
RESULT: undefined
COMMAND: POST /session/668384e1c1f73f3d5461b9d538daca42/execute/async - {"script":"<script> [776 bytes]","args":[{"enterText":"India","selector":{"id":"application-managepartners-display-component---NewPartner--addressDetailDetailsCountry","interaction":{"idSuffix":"inner"}},"clearTextFirst":true,"interactionType":"ENTER_TEXT"}]}
RESULT: {}
RESULT: {"script":"<script> [776 bytes]","args":[{"enterText":"India","selector":{"id":"application-managepartners-display-component---NewPartner--addressDetailDetailsCountry","interaction":{"idSuffix":"inner"}},"clearTextFirst":true,"interactionType":"ENTER_TEXT"}]}
COMMAND: POST /session/668384e1c1f73f3d5461b9d538daca42/execute/async - {"script":"<script> [1562 bytes]","args":[{"selector":{"controlType":"sap.m.StandardListItem","viewName":"etm.portal.ui.managepartners.view.NewPartner","viewId":"application-managepartners-display-component---NewPartner","properties":{"title":"India"},"searchOpenDialogs":true,"interaction":{"idSuffix":"content"}},"wdio_ui5_key":"etmportal.ui.managepartners.view.NewPartnersap.m.StandardListItem{\"title\":\"India\"}"}]}
RESULT: {"script":"<script> [1562 bytes]","args":[{"selector":{"controlType":"sap.m.StandardListItem","viewName":"etm.portal.ui.managepartners.view.NewPartner","viewId":"application-managepartners-display-component---NewPartner","properties":{"title":"India"},"searchOpenDialogs":true,"interaction":{"idSuffix":"content"}},"wdio_ui5_key":"etmportal.ui.managepartners.view.NewPartnersap.m.StandardListItem{\"title\":\"India\"}"}]}
RESULT: undefined
COMMAND: POST /session/668384e1c1f73f3d5461b9d538daca42/execute/async - {"script":"<script> [1562 bytes]","args":[{"selector":{"controlType":"sap.m.Button","viewName":"etm.portal.ui.managepartners.view.NewPartner","viewId":"application-managepartners-display-component---NewPartner","properties":{"text":"Commercial"},"interaction":{"idSuffix":"BDI-content"}},"wdio_ui5_key":"etmportal.ui.managepartners.view.NewPartnersap.m.Button{\"text\":\"Commercial\"}"}]}
RESULT: {"script":"<script> [1562 bytes]","args":[{"selector":{"controlType":"sap.m.Button","viewName":"etm.portal.ui.managepartners.view.NewPartner","viewId":"application-managepartners-display-component---NewPartner","properties":{"text":"Commercial"},"interaction":{"idSuffix":"BDI-content"}},"wdio_ui5_key":"etmportal.ui.managepartners.view.NewPartnersap.m.Button{\"text\":\"Commercial\"}"}]}
RESULT: undefined
COMMAND: POST /session/668384e1c1f73f3d5461b9d538daca42/element - {"using":"xpath","value":"//*[@id=\"application-managepartners-display-component---NewPartner--ObjectPageLayout-anchBar-__section57-anchor\"]"}
RESULT: {"using":"xpath","value":"//*[@id=\"application-managepartners-display-component---NewPartner--ObjectPageLayout-anchBar-__section57-anchor\"]"}
COMMAND: POST /session/668384e1c1f73f3d5461b9d538daca42/element/f.F64AD31729AEE402AD374BC91D68D115.d.4D729DB1CEEF5988D755D44E6D9CB158.e.6544/click - {}
RESULT: {}
COMMAND: POST /session/668384e1c1f73f3d5461b9d538daca42/execute/async - {"script":"<script> [1562 bytes]","args":[{"selector":{"id":"application-managepartners-display-component---NewPartner--partnerDetailInternal-arrow"},"wdio_ui5_key":"applicationmanagepartners-display-component---NewPartner--partnerDetailInternal-arrow"}]}
COMMAND: GET /session/668384e1c1f73f3d5461b9d538daca42/screenshot - {}
RESULT: {"script":"<script> [1562 bytes]","args":[{"selector":{"id":"application-managepartners-display-component---NewPartner--partnerDetailInternal-arrow"},"wdio_ui5_key":"applicationmanagepartners-display-component---NewPartner--partnerDetailInternal-arrow"}]}
RESULT: undefined
COMMAND: POST /session/668384e1c1f73f3d5461b9d538daca42/element - {"using":"xpath","value":"//*[@id=\"application-managepartners-display-component---NewPartner--partnerDetailInternal-arrow\"]"}
RESULT: {}
RESULT: {"using":"xpath","value":"//*[@id=\"application-managepartners-display-component---NewPartner--partnerDetailInternal-arrow\"]"}
COMMAND: POST /session/668384e1c1f73f3d5461b9d538daca42/element/f.F64AD31729AEE402AD374BC91D68D115.d.4D729DB1CEEF5988D755D44E6D9CB158.e.6549/click - {}
RESULT: {}
COMMAND: POST /session/668384e1c1f73f3d5461b9d538daca42/execute/async - {"script":"<script> [1562 bytes]","args":[{"selector":{"controlType":"sap.m.StandardListItem","viewName":"etm.portal.ui.managepartners.view.NewPartner","viewId":"application-managepartners-display-component---NewPartner","properties":{"title":"External partner"},"searchOpenDialogs":true,"interaction":{"idSuffix":"content"}},"wdio_ui5_key":"etmportal.ui.managepartners.view.NewPartnersap.m.StandardListItem{\"title\":\"External partner\"}"}]}
COMMAND: GET /session/668384e1c1f73f3d5461b9d538daca42/screenshot - {}
RESULT: {"script":"<script> [1562 bytes]","args":[{"selector":{"controlType":"sap.m.StandardListItem","viewName":"etm.portal.ui.managepartners.view.NewPartner","viewId":"application-managepartners-display-component---NewPartner","properties":{"title":"External partner"},"searchOpenDialogs":true,"interaction":{"idSuffix":"content"}},"wdio_ui5_key":"etmportal.ui.managepartners.view.NewPartnersap.m.StandardListItem{\"title\":\"External partner\"}"}]}
RESULT: undefined
COMMAND: POST /session/668384e1c1f73f3d5461b9d538daca42/element - {"using":"xpath","value":"//*[@id=\"__item1155\"]"}
RESULT: {}
RESULT: {"using":"xpath","value":"//*[@id=\"__item1155\"]"}
COMMAND: POST /session/668384e1c1f73f3d5461b9d538daca42/element/f.F64AD31729AEE402AD374BC91D68D115.d.4D729DB1CEEF5988D755D44E6D9CB158.e.6551/click - {}
RESULT: {}
COMMAND: POST /session/668384e1c1f73f3d5461b9d538daca42/execute/async - {"script":"<script> [1562 bytes]","args":[{"selector":{"id":"application-managepartners-display-component---NewPartner--partnerDetailsCurrency-arrow"},"wdio_ui5_key":"applicationmanagepartners-display-component---NewPartner--partnerDetailsCurrency-arrow"}]}
COMMAND: GET /session/668384e1c1f73f3d5461b9d538daca42/screenshot - {}
RESULT: {"script":"<script> [1562 bytes]","args":[{"selector":{"id":"application-managepartners-display-component---NewPartner--partnerDetailsCurrency-arrow"},"wdio_ui5_key":"applicationmanagepartners-display-component---NewPartner--partnerDetailsCurrency-arrow"}]}
RESULT: undefined
COMMAND: POST /session/668384e1c1f73f3d5461b9d538daca42/element - {"using":"xpath","value":"//*[@id=\"application-managepartners-display-component---NewPartner--partnerDetailsCurrency-arrow\"]"}
RESULT: {}
RESULT: {"using":"xpath","value":"//*[@id=\"application-managepartners-display-component---NewPartner--partnerDetailsCurrency-arrow\"]"}
COMMAND: POST /session/668384e1c1f73f3d5461b9d538daca42/element/f.F64AD31729AEE402AD374BC91D68D115.d.4D729DB1CEEF5988D755D44E6D9CB158.e.6556/click - {}
RESULT: {}
COMMAND: POST /session/668384e1c1f73f3d5461b9d538daca42/execute/async - {"script":"<script> [1562 bytes]","args":[{"selector":{"controlType":"sap.m.StandardListItem","viewName":"etm.portal.ui.managepartners.view.NewPartner","viewId":"application-managepartners-display-component---NewPartner","properties":{"title":"Euro"},"searchOpenDialogs":true,"interaction":{"idSuffix":"content"}},"wdio_ui5_key":"etmportal.ui.managepartners.view.NewPartnersap.m.StandardListItem{\"title\":\"Euro\"}"}]}
COMMAND: GET /session/668384e1c1f73f3d5461b9d538daca42/screenshot - {}
RESULT: {"script":"<script> [1562 bytes]","args":[{"selector":{"controlType":"sap.m.StandardListItem","viewName":"etm.portal.ui.managepartners.view.NewPartner","viewId":"application-managepartners-display-component---NewPartner","properties":{"title":"Euro"},"searchOpenDialogs":true,"interaction":{"idSuffix":"content"}},"wdio_ui5_key":"etmportal.ui.managepartners.view.NewPartnersap.m.StandardListItem{\"title\":\"Euro\"}"}]}
RESULT: undefined
COMMAND: POST /session/668384e1c1f73f3d5461b9d538daca42/element - {"using":"xpath","value":"//*[@id=\"__item1157\"]"}
RESULT: {}
RESULT: {"using":"xpath","value":"//*[@id=\"__item1157\"]"}
COMMAND: POST /session/668384e1c1f73f3d5461b9d538daca42/element/f.F64AD31729AEE402AD374BC91D68D115.d.4D729DB1CEEF5988D755D44E6D9CB158.e.6558/click - {}
RESULT: {}
COMMAND: POST /session/668384e1c1f73f3d5461b9d538daca42/execute/async - {"script":"<script> [1562 bytes]","args":[{"selector":{"controlType":"sap.m.Button","viewName":"etm.portal.ui.managepartners.view.NewPartner","viewId":"application-managepartners-display-component---NewPartner","properties":{"text":"Assignments"},"interaction":{"idSuffix":"BDI-content"}},"wdio_ui5_key":"etmportal.ui.managepartners.view.NewPartnersap.m.Button{\"text\":\"Assignments\"}"}]}
COMMAND: GET /session/668384e1c1f73f3d5461b9d538daca42/screenshot - {}
RESULT: {"script":"<script> [1562 bytes]","args":[{"selector":{"controlType":"sap.m.Button","viewName":"etm.portal.ui.managepartners.view.NewPartner","viewId":"application-managepartners-display-component---NewPartner","properties":{"text":"Assignments"},"interaction":{"idSuffix":"BDI-content"}},"wdio_ui5_key":"etmportal.ui.managepartners.view.NewPartnersap.m.Button{\"text\":\"Assignments\"}"}]}
RESULT: undefined
COMMAND: POST /session/668384e1c1f73f3d5461b9d538daca42/element - {"using":"xpath","value":"//*[@id=\"application-managepartners-display-component---NewPartner--ObjectPageLayout-anchBar-__section61-anchor\"]"}
RESULT: {}
RESULT: {"using":"xpath","value":"//*[@id=\"application-managepartners-display-component---NewPartner--ObjectPageLayout-anchBar-__section61-anchor\"]"}
COMMAND: POST /session/668384e1c1f73f3d5461b9d538daca42/element/f.F64AD31729AEE402AD374BC91D68D115.d.4D729DB1CEEF5988D755D44E6D9CB158.e.6560/click - {}
RESULT: {}
COMMAND: POST /session/668384e1c1f73f3d5461b9d538daca42/execute/async - {"script":"<script> [1562 bytes]","args":[{"selector":{"id":"application-managepartners-display-component---NewPartner--btnAddTableRow","interaction":{"idSuffix":"inner"}},"wdio_ui5_key":"applicationmanagepartners-display-component---NewPartner--btnAddTableRow"}]}
COMMAND: GET /session/668384e1c1f73f3d5461b9d538daca42/screenshot - {}
RESULT: {"script":"<script> [1562 bytes]","args":[{"selector":{"id":"application-managepartners-display-component---NewPartner--btnAddTableRow","interaction":{"idSuffix":"inner"}},"wdio_ui5_key":"applicationmanagepartners-display-component---NewPartner--btnAddTableRow"}]}
RESULT: undefined
COMMAND: POST /session/668384e1c1f73f3d5461b9d538daca42/element - {"using":"xpath","value":"//*[@id=\"application-managepartners-display-component---NewPartner--btnAddTableRow\"]"}
RESULT: {}
RESULT: {"using":"xpath","value":"//*[@id=\"application-managepartners-display-component---NewPartner--btnAddTableRow\"]"}
COMMAND: POST /session/668384e1c1f73f3d5461b9d538daca42/element/f.F64AD31729AEE402AD374BC91D68D115.d.4D729DB1CEEF5988D755D44E6D9CB158.e.6564/click - {}
RESULT: {}
COMMAND: POST /session/668384e1c1f73f3d5461b9d538daca42/element - {"using":"css selector","value":"#application-managepartners-display-component---NewPartner--assignmentYard-application-managepartners-display-component---NewPartner--assignmentsTable-0-inner"}
COMMAND: GET /session/668384e1c1f73f3d5461b9d538daca42/screenshot - {}
RESULT: {"using":"css selector","value":"#application-managepartners-display-component---NewPartner--assignmentYard-application-managepartners-display-component---NewPartner--assignmentsTable-0-inner"}
COMMAND: POST /session/668384e1c1f73f3d5461b9d538daca42/element/f.F64AD31729AEE402AD374BC91D68D115.d.4D729DB1CEEF5988D755D44E6D9CB158.e.6567/clear - {}
RESULT: {}
RESULT: {}
COMMAND: POST /session/668384e1c1f73f3d5461b9d538daca42/element/f.F64AD31729AEE402AD374BC91D68D115.d.4D729DB1CEEF5988D755D44E6D9CB158.e.6567/value - {"text":"290"}
COMMAND: GET /session/668384e1c1f73f3d5461b9d538daca42/screenshot - {}
RESULT: {"text":"290"}
COMMAND: POST /session/668384e1c1f73f3d5461b9d538daca42/execute/async - {"script":"<script> [1562 bytes]","args":[{"selector":{"id":"application-managepartners-display-component---NewPartner--assignmentYard-application-managepartners-display-component---NewPartner--assignmentsTable-0-arrow"},"wdio_ui5_key":"applicationmanagepartners-display-component---NewPartner--assignmentYard-application-managepartners-display-component---NewPartner--assignmentsTable-0-arrow"}]}
COMMAND: GET /session/668384e1c1f73f3d5461b9d538daca42/screenshot - {}
RESULT: {}
RESULT: {"script":"<script> [1562 bytes]","args":[{"selector":{"id":"application-managepartners-display-component---NewPartner--assignmentYard-application-managepartners-display-component---NewPartner--assignmentsTable-0-arrow"},"wdio_ui5_key":"applicationmanagepartners-display-component---NewPartner--assignmentYard-application-managepartners-display-component---NewPartner--assignmentsTable-0-arrow"}]}
RESULT: undefined
COMMAND: POST /session/668384e1c1f73f3d5461b9d538daca42/element - {"using":"xpath","value":"//*[@id=\"application-managepartners-display-component---NewPartner--assignmentYard-application-managepartners-display-component---NewPartner--assignmentsTable-0-arrow\"]"}
RESULT: {}
RESULT: {"using":"xpath","value":"//*[@id=\"application-managepartners-display-component---NewPartner--assignmentYard-application-managepartners-display-component---NewPartner--assignmentsTable-0-arrow\"]"}
COMMAND: POST /session/668384e1c1f73f3d5461b9d538daca42/element/f.F64AD31729AEE402AD374BC91D68D115.d.4D729DB1CEEF5988D755D44E6D9CB158.e.6575/click - {}
RESULT: {}
COMMAND: GET /session/668384e1c1f73f3d5461b9d538daca42/screenshot - {}
RESULT: {}
COMMAND: POST /session/668384e1c1f73f3d5461b9d538daca42/execute/async - {"script":"<script> [1562 bytes]","args":[{"selector":{"controlType":"sap.m.Button","viewName":"etm.portal.ui.managepartners.view.NewPartner","viewId":"application-managepartners-display-component---NewPartner","i18NText":{"propertyName":"text","key":"save"},"interaction":{"idSuffix":"BDI-content"}},"wdio_ui5_key":"etmportal.ui.managepartners.view.NewPartnersap.m.Button{\"propertyName\":\"text\",\"key\":\"save\"}"}]}
RESULT: {"script":"<script> [1562 bytes]","args":[{"selector":{"controlType":"sap.m.Button","viewName":"etm.portal.ui.managepartners.view.NewPartner","viewId":"application-managepartners-display-component---NewPartner","i18NText":{"propertyName":"text","key":"save"},"interaction":{"idSuffix":"BDI-content"}},"wdio_ui5_key":"etmportal.ui.managepartners.view.NewPartnersap.m.Button{\"propertyName\":\"text\",\"key\":\"save\"}"}]}
RESULT: undefined
COMMAND: POST /session/668384e1c1f73f3d5461b9d538daca42/element - {"using":"xpath","value":"//*[@id=\"__button127\"]"}
RESULT: {"using":"xpath","value":"//*[@id=\"__button127\"]"}
COMMAND: POST /session/668384e1c1f73f3d5461b9d538daca42/element/f.F64AD31729AEE402AD374BC91D68D115.d.4D729DB1CEEF5988D755D44E6D9CB158.e.6371/click - {}
RESULT: {}
COMMAND: GET /session/668384e1c1f73f3d5461b9d538daca42/screenshot - {}
RESULT: {}
COMMAND: POST /session/668384e1c1f73f3d5461b9d538daca42/execute/async - {"script":"<script> [1562 bytes]","args":[{"selector":{"controlType":"sap.m.Text","viewName":"etm.portal.ui.managepartners.view.Detail","viewId":"application-managepartners-display-component---detailPtm","bindingPath":{"propertyPath":"ID","modelName":"catalogModel"}},"wdio_ui5_key":"etmportal.ui.managepartners.view.Detailsap.m.Text{\"propertyPath\":\"ID\",\"modelName\":\"catalogModel\"}"}]}
RESULT: {"script":"<script> [1562 bytes]","args":[{"selector":{"controlType":"sap.m.Text","viewName":"etm.portal.ui.managepartners.view.Detail","viewId":"application-managepartners-display-component---detailPtm","bindingPath":{"propertyPath":"ID","modelName":"catalogModel"}},"wdio_ui5_key":"etmportal.ui.managepartners.view.Detailsap.m.Text{\"propertyPath\":\"ID\",\"modelName\":\"catalogModel\"}"}]}
RESULT: undefined
COMMAND: POST /session/668384e1c1f73f3d5461b9d538daca42/execute/async - {"script":"<script> [6424 bytes]","args":[{"element-6066-11e4-a52e-4f735466cecf":"f.F64AD31729AEE402AD374BC91D68D115.d.4D729DB1CEEF5988D755D44E6D9CB158.e.6739"},"getText",[]]}
RESULT: {"script":"<script> [6424 bytes]","args":[{"element-6066-11e4-a52e-4f735466cecf":"f.F64AD31729AEE402AD374BC91D68D115.d.4D729DB1CEEF5988D755D44E6D9CB158.e.6739"},"getText",[]]}
COMMAND: POST /session/668384e1c1f73f3d5461b9d538daca42/element - {"using":"css selector","value":"#shell-header-logo"}
RESULT: {"using":"css selector","value":"#shell-header-logo"}
COMMAND: POST /session/668384e1c1f73f3d5461b9d538daca42/element/f.F64AD31729AEE402AD374BC91D68D115.d.4D729DB1CEEF5988D755D44E6D9CB158.e.6231/click - {}
RESULT: {}
]]></system-out>
    </testcase>
    <testcase classname="chrome.135_0_7049_96.windows.Provide_to_Site_w/_warehouse_management_w/o_clarification_US113782_" name="Should create a new WHM Material" time="95.195">
      <system-out><![CDATA[
COMMAND: POST /session/668384e1c1f73f3d5461b9d538daca42/execute/async - {"script":"<script> [1562 bytes]","args":[{"selector":{"controlType":"sap.m.GenericTile","properties":{"header":"Manage Resources"}},"wdio_ui5_key":"sapm.GenericTile{\"header\":\"Manage Resources\"}"}]}
COMMAND: GET /session/668384e1c1f73f3d5461b9d538daca42/screenshot - {}
RESULT: {"script":"<script> [1562 bytes]","args":[{"selector":{"controlType":"sap.m.GenericTile","properties":{"header":"Manage Resources"}},"wdio_ui5_key":"sapm.GenericTile{\"header\":\"Manage Resources\"}"}]}
RESULT: undefined
COMMAND: POST /session/668384e1c1f73f3d5461b9d538daca42/element - {"using":"xpath","value":"//*[@id=\"__tile39\"]"}
RESULT: {}
RESULT: {"using":"xpath","value":"//*[@id=\"__tile39\"]"}
COMMAND: POST /session/668384e1c1f73f3d5461b9d538daca42/element/f.F64AD31729AEE402AD374BC91D68D115.d.4D729DB1CEEF5988D755D44E6D9CB158.e.6741/click - {}
RESULT: {}
COMMAND: POST /session/668384e1c1f73f3d5461b9d538daca42/execute/async - {"script":"<script> [1562 bytes]","args":[{"selector":{"controlType":"sap.m.OverflowToolbarButton","viewName":"etm.portal.ui.manageresources.view.Master","viewId":"application-manageresources-display-component---masterRU","bindingPath":{"path":"","propertyPath":"/isLogbook","modelName":"minimumStockRPGModel"},"interaction":{"idSuffix":"inner"}},"wdio_ui5_key":"etmportal.ui.manageresources.view.Mastersap.m.OverflowToolbarButton{\"path\":\"\",\"propertyPath\":\"/isLogbook\",\"modelName\":\"minimumStockRPGModel\"}"}]}
COMMAND: GET /session/668384e1c1f73f3d5461b9d538daca42/screenshot - {}
RESULT: {"script":"<script> [1562 bytes]","args":[{"selector":{"controlType":"sap.m.OverflowToolbarButton","viewName":"etm.portal.ui.manageresources.view.Master","viewId":"application-manageresources-display-component---masterRU","bindingPath":{"path":"","propertyPath":"/isLogbook","modelName":"minimumStockRPGModel"},"interaction":{"idSuffix":"inner"}},"wdio_ui5_key":"etmportal.ui.manageresources.view.Mastersap.m.OverflowToolbarButton{\"path\":\"\",\"propertyPath\":\"/isLogbook\",\"modelName\":\"minimumStockRPGModel\"}"}]}
RESULT: undefined
COMMAND: POST /session/668384e1c1f73f3d5461b9d538daca42/element - {"using":"xpath","value":"//*[@id=\"__button168\"]"}
RESULT: {}
RESULT: {"using":"xpath","value":"//*[@id=\"__button168\"]"}
COMMAND: POST /session/668384e1c1f73f3d5461b9d538daca42/element/f.F64AD31729AEE402AD374BC91D68D115.d.4D729DB1CEEF5988D755D44E6D9CB158.e.6782/click - {}
RESULT: {}
COMMAND: GET /session/668384e1c1f73f3d5461b9d538daca42/screenshot - {}
RESULT: {}
COMMAND: POST /session/668384e1c1f73f3d5461b9d538daca42/execute/async - {"script":"<script> [1562 bytes]","args":[{"selector":{"id":"application-manageresources-display-component---newResourceUnit--TYPE-arrow"},"wdio_ui5_key":"applicationmanageresources-display-component---newResourceUnit--TYPE-arrow"}]}
RESULT: {"script":"<script> [1562 bytes]","args":[{"selector":{"id":"application-manageresources-display-component---newResourceUnit--TYPE-arrow"},"wdio_ui5_key":"applicationmanageresources-display-component---newResourceUnit--TYPE-arrow"}]}
RESULT: undefined
COMMAND: POST /session/668384e1c1f73f3d5461b9d538daca42/element - {"using":"xpath","value":"//*[@id=\"application-manageresources-display-component---newResourceUnit--TYPE-arrow\"]"}
RESULT: {"using":"xpath","value":"//*[@id=\"application-manageresources-display-component---newResourceUnit--TYPE-arrow\"]"}
COMMAND: POST /session/668384e1c1f73f3d5461b9d538daca42/element/f.F64AD31729AEE402AD374BC91D68D115.d.4D729DB1CEEF5988D755D44E6D9CB158.e.7103/click - {}
RESULT: {}
COMMAND: POST /session/668384e1c1f73f3d5461b9d538daca42/execute/async - {"script":"<script> [1562 bytes]","args":[{"selector":{"controlType":"sap.m.StandardListItem","viewName":"reusables.view.manageresources.NewResourceUnit","viewId":"application-manageresources-display-component---newResourceUnit","properties":{"title":"Material"},"searchOpenDialogs":true,"interaction":{"idSuffix":"content"}},"wdio_ui5_key":"reusablesview.manageresources.NewResourceUnitsap.m.StandardListItem{\"title\":\"Material\"}"}]}
COMMAND: GET /session/668384e1c1f73f3d5461b9d538daca42/screenshot - {}
RESULT: {"script":"<script> [1562 bytes]","args":[{"selector":{"controlType":"sap.m.StandardListItem","viewName":"reusables.view.manageresources.NewResourceUnit","viewId":"application-manageresources-display-component---newResourceUnit","properties":{"title":"Material"},"searchOpenDialogs":true,"interaction":{"idSuffix":"content"}},"wdio_ui5_key":"reusablesview.manageresources.NewResourceUnitsap.m.StandardListItem{\"title\":\"Material\"}"}]}
RESULT: undefined
COMMAND: POST /session/668384e1c1f73f3d5461b9d538daca42/element - {"using":"xpath","value":"//*[@id=\"__item1446\"]"}
RESULT: {}
RESULT: {"using":"xpath","value":"//*[@id=\"__item1446\"]"}
COMMAND: POST /session/668384e1c1f73f3d5461b9d538daca42/element/f.F64AD31729AEE402AD374BC91D68D115.d.4D729DB1CEEF5988D755D44E6D9CB158.e.7106/click - {}
RESULT: {}
COMMAND: POST /session/668384e1c1f73f3d5461b9d538daca42/execute/async - {"script":"<script> [1562 bytes]","args":[{"selector":{"id":"application-manageresources-display-component---newResourceUnit--resourceId","interaction":{"idSuffix":"inner"}},"wdio_ui5_key":"applicationmanageresources-display-component---newResourceUnit--resourceId"}]}
COMMAND: GET /session/668384e1c1f73f3d5461b9d538daca42/screenshot - {}
RESULT: {"script":"<script> [1562 bytes]","args":[{"selector":{"id":"application-manageresources-display-component---newResourceUnit--resourceId","interaction":{"idSuffix":"inner"}},"wdio_ui5_key":"applicationmanageresources-display-component---newResourceUnit--resourceId"}]}
RESULT: undefined
COMMAND: POST /session/668384e1c1f73f3d5461b9d538daca42/execute/async - {"script":"<script> [1562 bytes]","args":[{"selector":{"id":"application-manageresources-display-component---newResourceUnit--SHORT_TEXT","interaction":{"idSuffix":"inner"}},"wdio_ui5_key":"applicationmanageresources-display-component---newResourceUnit--SHORT_TEXT"}]}
RESULT: {}
RESULT: {"script":"<script> [1562 bytes]","args":[{"selector":{"id":"application-manageresources-display-component---newResourceUnit--SHORT_TEXT","interaction":{"idSuffix":"inner"}},"wdio_ui5_key":"applicationmanageresources-display-component---newResourceUnit--SHORT_TEXT"}]}
RESULT: undefined
COMMAND: POST /session/668384e1c1f73f3d5461b9d538daca42/execute/async - {"script":"<script> [776 bytes]","args":[{"enterText":"material WHM","selector":{"id":"application-manageresources-display-component---newResourceUnit--SHORT_TEXT","interaction":{"idSuffix":"inner"}},"clearTextFirst":true,"interactionType":"ENTER_TEXT"}]}
RESULT: {"script":"<script> [776 bytes]","args":[{"enterText":"material WHM","selector":{"id":"application-manageresources-display-component---newResourceUnit--SHORT_TEXT","interaction":{"idSuffix":"inner"}},"clearTextFirst":true,"interactionType":"ENTER_TEXT"}]}
COMMAND: POST /session/668384e1c1f73f3d5461b9d538daca42/execute/async - {"script":"<script> [1562 bytes]","args":[{"selector":{"id":"application-manageresources-display-component---newResourceUnit--BASE_UNIT_OF_MEASURE","interaction":{"idSuffix":"inner"}},"wdio_ui5_key":"applicationmanageresources-display-component---newResourceUnit--BASE_UNIT_OF_MEASURE"}]}
RESULT: {"script":"<script> [1562 bytes]","args":[{"selector":{"id":"application-manageresources-display-component---newResourceUnit--BASE_UNIT_OF_MEASURE","interaction":{"idSuffix":"inner"}},"wdio_ui5_key":"applicationmanageresources-display-component---newResourceUnit--BASE_UNIT_OF_MEASURE"}]}
RESULT: undefined
COMMAND: POST /session/668384e1c1f73f3d5461b9d538daca42/execute/async - {"script":"<script> [776 bytes]","args":[{"enterText":"Piece","selector":{"id":"application-manageresources-display-component---newResourceUnit--BASE_UNIT_OF_MEASURE","interaction":{"idSuffix":"inner"}},"clearTextFirst":true,"interactionType":"ENTER_TEXT"}]}
RESULT: {"script":"<script> [776 bytes]","args":[{"enterText":"Piece","selector":{"id":"application-manageresources-display-component---newResourceUnit--BASE_UNIT_OF_MEASURE","interaction":{"idSuffix":"inner"}},"clearTextFirst":true,"interactionType":"ENTER_TEXT"}]}
COMMAND: POST /session/668384e1c1f73f3d5461b9d538daca42/execute/async - {"script":"<script> [1562 bytes]","args":[{"selector":{"id":"application-manageresources-display-component---newResourceUnit--WEIGHT_UNIT","interaction":{"idSuffix":"inner"}},"wdio_ui5_key":"applicationmanageresources-display-component---newResourceUnit--WEIGHT_UNIT"}]}
RESULT: {"script":"<script> [1562 bytes]","args":[{"selector":{"id":"application-manageresources-display-component---newResourceUnit--WEIGHT_UNIT","interaction":{"idSuffix":"inner"}},"wdio_ui5_key":"applicationmanageresources-display-component---newResourceUnit--WEIGHT_UNIT"}]}
RESULT: undefined
COMMAND: POST /session/668384e1c1f73f3d5461b9d538daca42/execute/async - {"script":"<script> [776 bytes]","args":[{"enterText":"Gram","selector":{"id":"application-manageresources-display-component---newResourceUnit--WEIGHT_UNIT","interaction":{"idSuffix":"inner"}},"clearTextFirst":true,"interactionType":"ENTER_TEXT"}]}
RESULT: {"script":"<script> [776 bytes]","args":[{"enterText":"Gram","selector":{"id":"application-manageresources-display-component---newResourceUnit--WEIGHT_UNIT","interaction":{"idSuffix":"inner"}},"clearTextFirst":true,"interactionType":"ENTER_TEXT"}]}
COMMAND: POST /session/668384e1c1f73f3d5461b9d538daca42/execute/async - {"script":"<script> [1562 bytes]","args":[{"selector":{"id":"application-manageresources-display-component---newResourceUnit--DIMENSION_UNIT","interaction":{"idSuffix":"inner"}},"wdio_ui5_key":"applicationmanageresources-display-component---newResourceUnit--DIMENSION_UNIT"}]}
RESULT: {"script":"<script> [1562 bytes]","args":[{"selector":{"id":"application-manageresources-display-component---newResourceUnit--DIMENSION_UNIT","interaction":{"idSuffix":"inner"}},"wdio_ui5_key":"applicationmanageresources-display-component---newResourceUnit--DIMENSION_UNIT"}]}
RESULT: undefined
COMMAND: POST /session/668384e1c1f73f3d5461b9d538daca42/execute/async - {"script":"<script> [776 bytes]","args":[{"enterText":"Meter","selector":{"id":"application-manageresources-display-component---newResourceUnit--DIMENSION_UNIT","interaction":{"idSuffix":"inner"}},"clearTextFirst":true,"interactionType":"ENTER_TEXT"}]}
RESULT: {"script":"<script> [776 bytes]","args":[{"enterText":"Meter","selector":{"id":"application-manageresources-display-component---newResourceUnit--DIMENSION_UNIT","interaction":{"idSuffix":"inner"}},"clearTextFirst":true,"interactionType":"ENTER_TEXT"}]}
COMMAND: POST /session/668384e1c1f73f3d5461b9d538daca42/execute/async - {"script":"<script> [1562 bytes]","args":[{"selector":{"id":"application-manageresources-display-component---newResourceUnit--newRRUPage-anchBar-application-manageresources-display-component---newResourceUnit--control-anchor","interaction":{"idSuffix":"content"}},"wdio_ui5_key":"applicationmanageresources-display-component---newResourceUnit--newRRUPage-anchBar-application-manageresources-display-component---newResourceUnit--control-anchor"}]}
RESULT: {"script":"<script> [1562 bytes]","args":[{"selector":{"id":"application-manageresources-display-component---newResourceUnit--newRRUPage-anchBar-application-manageresources-display-component---newResourceUnit--control-anchor","interaction":{"idSuffix":"content"}},"wdio_ui5_key":"applicationmanageresources-display-component---newResourceUnit--newRRUPage-anchBar-application-manageresources-display-component---newResourceUnit--control-anchor"}]}
RESULT: undefined
COMMAND: POST /session/668384e1c1f73f3d5461b9d538daca42/element - {"using":"xpath","value":"//*[@id=\"application-manageresources-display-component---newResourceUnit--newRRUPage-anchBar-application-manageresources-display-component---newResourceUnit--control-anchor\"]"}
RESULT: {"using":"xpath","value":"//*[@id=\"application-manageresources-display-component---newResourceUnit--newRRUPage-anchBar-application-manageresources-display-component---newResourceUnit--control-anchor\"]"}
COMMAND: POST /session/668384e1c1f73f3d5461b9d538daca42/element/f.F64AD31729AEE402AD374BC91D68D115.d.4D729DB1CEEF5988D755D44E6D9CB158.e.7170/click - {}
RESULT: {}
COMMAND: POST /session/668384e1c1f73f3d5461b9d538daca42/execute/async - {"script":"<script> [1562 bytes]","args":[{"selector":{"id":"application-manageresources-display-component---newResourceUnit--PLANNING_GROUP","interaction":{"idSuffix":"inner"}},"wdio_ui5_key":"applicationmanageresources-display-component---newResourceUnit--PLANNING_GROUP"}]}
COMMAND: GET /session/668384e1c1f73f3d5461b9d538daca42/screenshot - {}
RESULT: {"script":"<script> [1562 bytes]","args":[{"selector":{"id":"application-manageresources-display-component---newResourceUnit--PLANNING_GROUP","interaction":{"idSuffix":"inner"}},"wdio_ui5_key":"applicationmanageresources-display-component---newResourceUnit--PLANNING_GROUP"}]}
RESULT: undefined
COMMAND: POST /session/668384e1c1f73f3d5461b9d538daca42/execute/async - {"script":"<script> [776 bytes]","args":[{"enterText":"Heavy Equi","selector":{"id":"application-manageresources-display-component---newResourceUnit--PLANNING_GROUP","interaction":{"idSuffix":"inner"}},"clearTextFirst":true,"interactionType":"ENTER_TEXT"}]}
RESULT: {}
RESULT: {"script":"<script> [776 bytes]","args":[{"enterText":"Heavy Equi","selector":{"id":"application-manageresources-display-component---newResourceUnit--PLANNING_GROUP","interaction":{"idSuffix":"inner"}},"clearTextFirst":true,"interactionType":"ENTER_TEXT"}]}
COMMAND: POST /session/668384e1c1f73f3d5461b9d538daca42/execute/async - {"script":"<script> [1562 bytes]","args":[{"selector":{"id":"application-manageresources-display-component---newResourceUnit--PLANNING_INDICATOR","interaction":{"idSuffix":"inner"}},"wdio_ui5_key":"applicationmanageresources-display-component---newResourceUnit--PLANNING_INDICATOR"}]}
RESULT: {"script":"<script> [1562 bytes]","args":[{"selector":{"id":"application-manageresources-display-component---newResourceUnit--PLANNING_INDICATOR","interaction":{"idSuffix":"inner"}},"wdio_ui5_key":"applicationmanageresources-display-component---newResourceUnit--PLANNING_INDICATOR"}]}
RESULT: undefined
COMMAND: POST /session/668384e1c1f73f3d5461b9d538daca42/execute/async - {"script":"<script> [776 bytes]","args":[{"enterText":"10 - infinite","selector":{"id":"application-manageresources-display-component---newResourceUnit--PLANNING_INDICATOR","interaction":{"idSuffix":"inner"}},"clearTextFirst":true,"interactionType":"ENTER_TEXT"}]}
RESULT: {"script":"<script> [776 bytes]","args":[{"enterText":"10 - infinite","selector":{"id":"application-manageresources-display-component---newResourceUnit--PLANNING_INDICATOR","interaction":{"idSuffix":"inner"}},"clearTextFirst":true,"interactionType":"ENTER_TEXT"}]}
COMMAND: POST /session/668384e1c1f73f3d5461b9d538daca42/actions - {"actions":[{"id":"action27","type":"key","parameters":{},"actions":[{"type":"keyDown","value":"î€‡"},{"type":"pause","duration":10},{"type":"keyUp","value":"î€‡"}]}]}
RESULT: {"actions":[{"id":"action27","type":"key","parameters":{},"actions":[{"type":"keyDown","value":"î€‡"},{"type":"pause","duration":10},{"type":"keyUp","value":"î€‡"}]}]}
COMMAND: POST /session/668384e1c1f73f3d5461b9d538daca42/execute/async - {"script":"<script> [1562 bytes]","args":[{"selector":{"id":"application-manageresources-display-component---newResourceUnit--ITEM_TYPE-arrow"},"wdio_ui5_key":"applicationmanageresources-display-component---newResourceUnit--ITEM_TYPE-arrow"}]}
COMMAND: GET /session/668384e1c1f73f3d5461b9d538daca42/screenshot - {}
RESULT: {"script":"<script> [1562 bytes]","args":[{"selector":{"id":"application-manageresources-display-component---newResourceUnit--ITEM_TYPE-arrow"},"wdio_ui5_key":"applicationmanageresources-display-component---newResourceUnit--ITEM_TYPE-arrow"}]}
RESULT: undefined
COMMAND: POST /session/668384e1c1f73f3d5461b9d538daca42/element - {"using":"xpath","value":"//*[@id=\"application-manageresources-display-component---newResourceUnit--ITEM_TYPE-arrow\"]"}
RESULT: {}
RESULT: {"using":"xpath","value":"//*[@id=\"application-manageresources-display-component---newResourceUnit--ITEM_TYPE-arrow\"]"}
COMMAND: POST /session/668384e1c1f73f3d5461b9d538daca42/element/f.F64AD31729AEE402AD374BC91D68D115.d.4D729DB1CEEF5988D755D44E6D9CB158.e.7180/click - {}
RESULT: {}
COMMAND: POST /session/668384e1c1f73f3d5461b9d538daca42/execute/async - {"script":"<script> [1562 bytes]","args":[{"selector":{"controlType":"sap.m.StandardListItem","viewName":"reusables.view.manageresources.NewResourceUnit","viewId":"application-manageresources-display-component---newResourceUnit","properties":{"title":"Resource Unit"},"searchOpenDialogs":true,"interaction":{"idSuffix":"titleText"}},"wdio_ui5_key":"reusablesview.manageresources.NewResourceUnitsap.m.StandardListItem{\"title\":\"Resource Unit\"}"}]}
COMMAND: GET /session/668384e1c1f73f3d5461b9d538daca42/screenshot - {}
RESULT: {"script":"<script> [1562 bytes]","args":[{"selector":{"controlType":"sap.m.StandardListItem","viewName":"reusables.view.manageresources.NewResourceUnit","viewId":"application-manageresources-display-component---newResourceUnit","properties":{"title":"Resource Unit"},"searchOpenDialogs":true,"interaction":{"idSuffix":"titleText"}},"wdio_ui5_key":"reusablesview.manageresources.NewResourceUnitsap.m.StandardListItem{\"title\":\"Resource Unit\"}"}]}
RESULT: undefined
RESULT: {}
COMMAND: POST /session/668384e1c1f73f3d5461b9d538daca42/execute/async - {"script":"<script> [1562 bytes]","args":[{"selector":{"controlType":"sap.m.Label","viewName":"reusables.view.manageresources.NewResourceUnit","viewId":"application-manageresources-display-component---newResourceUnit","i18NText":{"propertyName":"text","key":"planningGroup"},"interaction":{"idSuffix":"bdi"}},"wdio_ui5_key":"reusablesview.manageresources.NewResourceUnitsap.m.Label{\"propertyName\":\"text\",\"key\":\"planningGroup\"}"}]}
RESULT: {"script":"<script> [1562 bytes]","args":[{"selector":{"controlType":"sap.m.Label","viewName":"reusables.view.manageresources.NewResourceUnit","viewId":"application-manageresources-display-component---newResourceUnit","i18NText":{"propertyName":"text","key":"planningGroup"},"interaction":{"idSuffix":"bdi"}},"wdio_ui5_key":"reusablesview.manageresources.NewResourceUnitsap.m.Label{\"propertyName\":\"text\",\"key\":\"planningGroup\"}"}]}
RESULT: undefined
COMMAND: POST /session/668384e1c1f73f3d5461b9d538daca42/element - {"using":"xpath","value":"//*[@id=\"__label263\"]"}
RESULT: {"using":"xpath","value":"//*[@id=\"__label263\"]"}
COMMAND: POST /session/668384e1c1f73f3d5461b9d538daca42/element/f.F64AD31729AEE402AD374BC91D68D115.d.4D729DB1CEEF5988D755D44E6D9CB158.e.7182/click - {}
RESULT: {}
COMMAND: GET /session/668384e1c1f73f3d5461b9d538daca42/screenshot - {}
RESULT: {}
COMMAND: POST /session/668384e1c1f73f3d5461b9d538daca42/actions - {"actions":[{"type":"key","id":"keyboard","actions":[{"type":"keyDown","value":"î›"}]}]}
RESULT: {"actions":[{"type":"key","id":"keyboard","actions":[{"type":"keyDown","value":"î›"}]}]}
COMMAND: GET /session/668384e1c1f73f3d5461b9d538daca42/screenshot - {}
RESULT: {}
COMMAND: POST /session/668384e1c1f73f3d5461b9d538daca42/actions - {"actions":[{"type":"key","id":"keyboard","actions":[{"type":"keyDown","value":"î›"}]}]}
RESULT: {"actions":[{"type":"key","id":"keyboard","actions":[{"type":"keyDown","value":"î›"}]}]}
COMMAND: GET /session/668384e1c1f73f3d5461b9d538daca42/screenshot - {}
RESULT: {}
COMMAND: POST /session/668384e1c1f73f3d5461b9d538daca42/actions - {"actions":[{"type":"key","id":"keyboard","actions":[{"type":"keyDown","value":"î›"}]}]}
RESULT: {"actions":[{"type":"key","id":"keyboard","actions":[{"type":"keyDown","value":"î›"}]}]}
COMMAND: GET /session/668384e1c1f73f3d5461b9d538daca42/screenshot - {}
RESULT: {}
COMMAND: POST /session/668384e1c1f73f3d5461b9d538daca42/actions - {"actions":[{"type":"key","id":"keyboard","actions":[{"type":"keyDown","value":"î›"}]}]}
RESULT: {"actions":[{"type":"key","id":"keyboard","actions":[{"type":"keyDown","value":"î›"}]}]}
COMMAND: GET /session/668384e1c1f73f3d5461b9d538daca42/screenshot - {}
RESULT: {}
COMMAND: POST /session/668384e1c1f73f3d5461b9d538daca42/actions - {"actions":[{"type":"key","id":"keyboard","actions":[{"type":"keyDown","value":"î›"}]}]}
RESULT: {"actions":[{"type":"key","id":"keyboard","actions":[{"type":"keyDown","value":"î›"}]}]}
COMMAND: GET /session/668384e1c1f73f3d5461b9d538daca42/screenshot - {}
RESULT: {}
COMMAND: POST /session/668384e1c1f73f3d5461b9d538daca42/actions - {"actions":[{"type":"key","id":"keyboard","actions":[{"type":"keyDown","value":"î›"}]}]}
RESULT: {"actions":[{"type":"key","id":"keyboard","actions":[{"type":"keyDown","value":"î›"}]}]}
COMMAND: GET /session/668384e1c1f73f3d5461b9d538daca42/screenshot - {}
RESULT: {}
COMMAND: POST /session/668384e1c1f73f3d5461b9d538daca42/execute/async - {"script":"<script> [1562 bytes]","args":[{"selector":{"id":"application-manageresources-display-component---newResourceUnit--btnAddTimeSegment-img"},"wdio_ui5_key":"applicationmanageresources-display-component---newResourceUnit--btnAddTimeSegment-img"}]}
RESULT: {"script":"<script> [1562 bytes]","args":[{"selector":{"id":"application-manageresources-display-component---newResourceUnit--btnAddTimeSegment-img"},"wdio_ui5_key":"applicationmanageresources-display-component---newResourceUnit--btnAddTimeSegment-img"}]}
RESULT: undefined
COMMAND: POST /session/668384e1c1f73f3d5461b9d538daca42/element - {"using":"xpath","value":"//*[@id=\"application-manageresources-display-component---newResourceUnit--btnAddTimeSegment-img\"]"}
RESULT: {"using":"xpath","value":"//*[@id=\"application-manageresources-display-component---newResourceUnit--btnAddTimeSegment-img\"]"}
COMMAND: POST /session/668384e1c1f73f3d5461b9d538daca42/element/f.F64AD31729AEE402AD374BC91D68D115.d.4D729DB1CEEF5988D755D44E6D9CB158.e.7183/click - {}
RESULT: {}
COMMAND: POST /session/668384e1c1f73f3d5461b9d538daca42/element - {"using":"xpath","value":"//input[@id=\"application-manageresources-display-component---newResourceUnit--idRuTSAdmin-application-manageresources-display-component---newResourceUnit--RUTimeSegment-0-inner\"]"}
COMMAND: GET /session/668384e1c1f73f3d5461b9d538daca42/screenshot - {}
RESULT: {}
RESULT: {"using":"xpath","value":"//input[@id=\"application-manageresources-display-component---newResourceUnit--idRuTSAdmin-application-manageresources-display-component---newResourceUnit--RUTimeSegment-0-inner\"]"}
COMMAND: POST /session/668384e1c1f73f3d5461b9d538daca42/element/f.F64AD31729AEE402AD374BC91D68D115.d.4D729DB1CEEF5988D755D44E6D9CB158.e.7186/clear - {}
RESULT: {}
COMMAND: POST /session/668384e1c1f73f3d5461b9d538daca42/element/f.F64AD31729AEE402AD374BC91D68D115.d.4D729DB1CEEF5988D755D44E6D9CB158.e.7186/value - {"text":"290"}
COMMAND: GET /session/668384e1c1f73f3d5461b9d538daca42/screenshot - {}
RESULT: {"text":"290"}
COMMAND: GET /session/668384e1c1f73f3d5461b9d538daca42/screenshot - {}
RESULT: {}
RESULT: {}
COMMAND: POST /session/668384e1c1f73f3d5461b9d538daca42/actions - {"actions":[{"id":"action28","type":"key","parameters":{},"actions":[{"type":"keyDown","value":"î€‡"},{"type":"pause","duration":10},{"type":"keyUp","value":"î€‡"}]}]}
RESULT: {"actions":[{"id":"action28","type":"key","parameters":{},"actions":[{"type":"keyDown","value":"î€‡"},{"type":"pause","duration":10},{"type":"keyUp","value":"î€‡"}]}]}
COMMAND: GET /session/668384e1c1f73f3d5461b9d538daca42/screenshot - {}
RESULT: {}
COMMAND: POST /session/668384e1c1f73f3d5461b9d538daca42/execute/async - {"script":"<script> [1562 bytes]","args":[{"selector":{"controlType":"sap.m.Button","viewName":"reusables.view.manageresources.NewResourceUnit","viewId":"application-manageresources-display-component---newResourceUnit","i18NText":{"propertyName":"tooltip","key":"save"},"interaction":{"idSuffix":"BDI-content"}},"wdio_ui5_key":"reusablesview.manageresources.NewResourceUnitsap.m.Button{\"propertyName\":\"tooltip\",\"key\":\"save\"}"}]}
RESULT: {"script":"<script> [1562 bytes]","args":[{"selector":{"controlType":"sap.m.Button","viewName":"reusables.view.manageresources.NewResourceUnit","viewId":"application-manageresources-display-component---newResourceUnit","i18NText":{"propertyName":"tooltip","key":"save"},"interaction":{"idSuffix":"BDI-content"}},"wdio_ui5_key":"reusablesview.manageresources.NewResourceUnitsap.m.Button{\"propertyName\":\"tooltip\",\"key\":\"save\"}"}]}
RESULT: undefined
COMMAND: POST /session/668384e1c1f73f3d5461b9d538daca42/element - {"using":"xpath","value":"//*[@id=\"application-manageresources-display-component---newResourceUnit--createRuButton\"]"}
RESULT: {"using":"xpath","value":"//*[@id=\"application-manageresources-display-component---newResourceUnit--createRuButton\"]"}
COMMAND: POST /session/668384e1c1f73f3d5461b9d538daca42/element/f.F64AD31729AEE402AD374BC91D68D115.d.4D729DB1CEEF5988D755D44E6D9CB158.e.7119/click - {}
RESULT: {}
COMMAND: POST /session/668384e1c1f73f3d5461b9d538daca42/execute/async - {"script":"<script> [1562 bytes]","args":[{"selector":{"controlType":"sap.m.Button","properties":{"text":"Close"},"searchOpenDialogs":true,"interaction":{"idSuffix":"BDI-content"}},"wdio_ui5_key":"sapm.Button{\"text\":\"Close\"}"}]}
COMMAND: GET /session/668384e1c1f73f3d5461b9d538daca42/screenshot - {}
RESULT: {"script":"<script> [1562 bytes]","args":[{"selector":{"controlType":"sap.m.Button","properties":{"text":"Close"},"searchOpenDialogs":true,"interaction":{"idSuffix":"BDI-content"}},"wdio_ui5_key":"sapm.Button{\"text\":\"Close\"}"}]}
RESULT: undefined
COMMAND: POST /session/668384e1c1f73f3d5461b9d538daca42/element - {"using":"xpath","value":"//*[@id=\"__mbox-btn-0\"]"}
RESULT: {}
RESULT: {"using":"xpath","value":"//*[@id=\"__mbox-btn-0\"]"}
COMMAND: POST /session/668384e1c1f73f3d5461b9d538daca42/element/f.F64AD31729AEE402AD374BC91D68D115.d.4D729DB1CEEF5988D755D44E6D9CB158.e.7198/click - {}
RESULT: {}
COMMAND: GET /session/668384e1c1f73f3d5461b9d538daca42/screenshot - {}
RESULT: {}
COMMAND: POST /session/668384e1c1f73f3d5461b9d538daca42/execute/async - {"script":"<script> [1562 bytes]","args":[{"selector":{"controlType":"sap.m.Text","viewName":"etm.portal.ui.manageresources.view.Detail","viewId":"application-manageresources-display-component---detailRU","bindingPath":{"propertyPath":"ID","modelName":"catalogModel"}},"wdio_ui5_key":"etmportal.ui.manageresources.view.Detailsap.m.Text{\"propertyPath\":\"ID\",\"modelName\":\"catalogModel\"}"}]}
RESULT: {"script":"<script> [1562 bytes]","args":[{"selector":{"controlType":"sap.m.Text","viewName":"etm.portal.ui.manageresources.view.Detail","viewId":"application-manageresources-display-component---detailRU","bindingPath":{"propertyPath":"ID","modelName":"catalogModel"}},"wdio_ui5_key":"etmportal.ui.manageresources.view.Detailsap.m.Text{\"propertyPath\":\"ID\",\"modelName\":\"catalogModel\"}"}]}
RESULT: undefined
COMMAND: POST /session/668384e1c1f73f3d5461b9d538daca42/execute/async - {"script":"<script> [6424 bytes]","args":[{"element-6066-11e4-a52e-4f735466cecf":"f.F64AD31729AEE402AD374BC91D68D115.d.4D729DB1CEEF5988D755D44E6D9CB158.e.7238"},"getText",[]]}
RESULT: {"script":"<script> [6424 bytes]","args":[{"element-6066-11e4-a52e-4f735466cecf":"f.F64AD31729AEE402AD374BC91D68D115.d.4D729DB1CEEF5988D755D44E6D9CB158.e.7238"},"getText",[]]}
COMMAND: POST /session/668384e1c1f73f3d5461b9d538daca42/element - {"using":"css selector","value":"#shell-header-logo"}
RESULT: {"using":"css selector","value":"#shell-header-logo"}
COMMAND: POST /session/668384e1c1f73f3d5461b9d538daca42/element/f.F64AD31729AEE402AD374BC91D68D115.d.4D729DB1CEEF5988D755D44E6D9CB158.e.6743/click - {}
RESULT: {}
COMMAND: GET /session/668384e1c1f73f3d5461b9d538daca42/screenshot - {}
RESULT: {}
]]></system-out>
    </testcase>
    <testcase classname="chrome.135_0_7049_96.windows.Provide_to_Site_w/_warehouse_management_w/o_clarification_US113782_" name="Bin Status Report Should Create New Organization yard" time="45.899">
      <system-out><![CDATA[
COMMAND: POST /session/668384e1c1f73f3d5461b9d538daca42/execute/async - {"script":"<script> [1562 bytes]","args":[{"selector":{"controlType":"sap.m.GenericTile","properties":{"header":"Bin Status Report"}},"wdio_ui5_key":"sapm.GenericTile{\"header\":\"Bin Status Report\"}"}]}
RESULT: {"script":"<script> [1562 bytes]","args":[{"selector":{"controlType":"sap.m.GenericTile","properties":{"header":"Bin Status Report"}},"wdio_ui5_key":"sapm.GenericTile{\"header\":\"Bin Status Report\"}"}]}
RESULT: undefined
COMMAND: POST /session/668384e1c1f73f3d5461b9d538daca42/element - {"using":"xpath","value":"//*[@id=\"__tile104\"]"}
RESULT: {"using":"xpath","value":"//*[@id=\"__tile104\"]"}
COMMAND: POST /session/668384e1c1f73f3d5461b9d538daca42/element/f.F64AD31729AEE402AD374BC91D68D115.d.4D729DB1CEEF5988D755D44E6D9CB158.e.7240/click - {}
RESULT: {}
COMMAND: GET /session/668384e1c1f73f3d5461b9d538daca42/screenshot - {}
COMMAND: POST /session/668384e1c1f73f3d5461b9d538daca42/execute/async - {"script":"<script> [1562 bytes]","args":[{"selector":{"id":"application-binstatusreport-display-component---warehousing--createOrgBtn","interaction":{"idSuffix":"content"}},"wdio_ui5_key":"applicationbinstatusreport-display-component---warehousing--createOrgBtn"}]}
RESULT: {}
RESULT: {"script":"<script> [1562 bytes]","args":[{"selector":{"id":"application-binstatusreport-display-component---warehousing--createOrgBtn","interaction":{"idSuffix":"content"}},"wdio_ui5_key":"applicationbinstatusreport-display-component---warehousing--createOrgBtn"}]}
RESULT: undefined
COMMAND: POST /session/668384e1c1f73f3d5461b9d538daca42/element - {"using":"xpath","value":"//*[@id=\"application-binstatusreport-display-component---warehousing--createOrgBtn\"]"}
RESULT: {"using":"xpath","value":"//*[@id=\"application-binstatusreport-display-component---warehousing--createOrgBtn\"]"}
COMMAND: POST /session/668384e1c1f73f3d5461b9d538daca42/element/f.F64AD31729AEE402AD374BC91D68D115.d.4D729DB1CEEF5988D755D44E6D9CB158.e.7282/click - {}
RESULT: {}
COMMAND: POST /session/668384e1c1f73f3d5461b9d538daca42/execute/async - {"script":"<script> [1562 bytes]","args":[{"selector":{"id":"createOrganizationPop--sectionInput","searchOpenDialogs":true,"interaction":{"idSuffix":"inner"}},"wdio_ui5_key":"createOrganizationPopsectionInput"}]}
COMMAND: GET /session/668384e1c1f73f3d5461b9d538daca42/screenshot - {}
RESULT: {"script":"<script> [1562 bytes]","args":[{"selector":{"id":"createOrganizationPop--sectionInput","searchOpenDialogs":true,"interaction":{"idSuffix":"inner"}},"wdio_ui5_key":"createOrganizationPopsectionInput"}]}
RESULT: undefined
COMMAND: POST /session/668384e1c1f73f3d5461b9d538daca42/execute/async - {"script":"<script> [776 bytes]","args":[{"enterText":"WDI290","selector":{"id":"createOrganizationPop--sectionInput","searchOpenDialogs":true,"interaction":{"idSuffix":"inner"}},"clearTextFirst":true,"interactionType":"ENTER_TEXT"}]}
RESULT: {}
RESULT: {"script":"<script> [776 bytes]","args":[{"enterText":"WDI290","selector":{"id":"createOrganizationPop--sectionInput","searchOpenDialogs":true,"interaction":{"idSuffix":"inner"}},"clearTextFirst":true,"interactionType":"ENTER_TEXT"}]}
COMMAND: POST /session/668384e1c1f73f3d5461b9d538daca42/execute/async - {"script":"<script> [1562 bytes]","args":[{"selector":{"id":"createOrganizationPop--descriptionInput","searchOpenDialogs":true,"interaction":{"idSuffix":"inner"}},"wdio_ui5_key":"createOrganizationPopdescriptionInput"}]}
RESULT: {"script":"<script> [1562 bytes]","args":[{"selector":{"id":"createOrganizationPop--descriptionInput","searchOpenDialogs":true,"interaction":{"idSuffix":"inner"}},"wdio_ui5_key":"createOrganizationPopdescriptionInput"}]}
RESULT: undefined
COMMAND: POST /session/668384e1c1f73f3d5461b9d538daca42/execute/async - {"script":"<script> [776 bytes]","args":[{"enterText":"Shipping290","selector":{"id":"createOrganizationPop--descriptionInput","searchOpenDialogs":true,"interaction":{"idSuffix":"inner"}},"clearTextFirst":true,"interactionType":"ENTER_TEXT"}]}
RESULT: {"script":"<script> [776 bytes]","args":[{"enterText":"Shipping290","selector":{"id":"createOrganizationPop--descriptionInput","searchOpenDialogs":true,"interaction":{"idSuffix":"inner"}},"clearTextFirst":true,"interactionType":"ENTER_TEXT"}]}
COMMAND: POST /session/668384e1c1f73f3d5461b9d538daca42/element - {"using":"css selector","value":"#createOrganizationPop--yardOrg-inner"}
RESULT: {"using":"css selector","value":"#createOrganizationPop--yardOrg-inner"}
COMMAND: POST /session/668384e1c1f73f3d5461b9d538daca42/element/f.F64AD31729AEE402AD374BC91D68D115.d.4D729DB1CEEF5988D755D44E6D9CB158.e.7329/clear - {}
RESULT: {}
COMMAND: POST /session/668384e1c1f73f3d5461b9d538daca42/element/f.F64AD31729AEE402AD374BC91D68D115.d.4D729DB1CEEF5988D755D44E6D9CB158.e.7329/value - {"text":"290"}
COMMAND: GET /session/668384e1c1f73f3d5461b9d538daca42/screenshot - {}
RESULT: {"text":"290"}
COMMAND: GET /session/668384e1c1f73f3d5461b9d538daca42/screenshot - {}
RESULT: {}
RESULT: {}
COMMAND: POST /session/668384e1c1f73f3d5461b9d538daca42/actions - {"actions":[{"id":"action29","type":"key","parameters":{},"actions":[{"type":"keyDown","value":"î€‡"},{"type":"pause","duration":10},{"type":"keyUp","value":"î€‡"}]}]}
RESULT: {"actions":[{"id":"action29","type":"key","parameters":{},"actions":[{"type":"keyDown","value":"î€‡"},{"type":"pause","duration":10},{"type":"keyUp","value":"î€‡"}]}]}
COMMAND: POST /session/668384e1c1f73f3d5461b9d538daca42/execute/async - {"script":"<script> [1562 bytes]","args":[{"selector":{"id":"createOrganizationPop--grZone","searchOpenDialogs":true,"interaction":{"idSuffix":"CbBg"}},"wdio_ui5_key":"createOrganizationPopgrZone"}]}
COMMAND: GET /session/668384e1c1f73f3d5461b9d538daca42/screenshot - {}
RESULT: {"script":"<script> [1562 bytes]","args":[{"selector":{"id":"createOrganizationPop--grZone","searchOpenDialogs":true,"interaction":{"idSuffix":"CbBg"}},"wdio_ui5_key":"createOrganizationPopgrZone"}]}
RESULT: undefined
COMMAND: POST /session/668384e1c1f73f3d5461b9d538daca42/element - {"using":"xpath","value":"//*[@id=\"createOrganizationPop--grZone\"]"}
RESULT: {}
RESULT: {"using":"xpath","value":"//*[@id=\"createOrganizationPop--grZone\"]"}
COMMAND: POST /session/668384e1c1f73f3d5461b9d538daca42/element/f.F64AD31729AEE402AD374BC91D68D115.d.4D729DB1CEEF5988D755D44E6D9CB158.e.7350/click - {}
RESULT: {}
COMMAND: POST /session/668384e1c1f73f3d5461b9d538daca42/execute/async - {"script":"<script> [1562 bytes]","args":[{"selector":{"id":"createOrganizationPop--giZone","searchOpenDialogs":true,"interaction":{"idSuffix":"CbBg"}},"wdio_ui5_key":"createOrganizationPopgiZone"}]}
COMMAND: GET /session/668384e1c1f73f3d5461b9d538daca42/screenshot - {}
RESULT: {"script":"<script> [1562 bytes]","args":[{"selector":{"id":"createOrganizationPop--giZone","searchOpenDialogs":true,"interaction":{"idSuffix":"CbBg"}},"wdio_ui5_key":"createOrganizationPopgiZone"}]}
RESULT: undefined
COMMAND: POST /session/668384e1c1f73f3d5461b9d538daca42/element - {"using":"xpath","value":"//*[@id=\"createOrganizationPop--giZone\"]"}
RESULT: {}
RESULT: {"using":"xpath","value":"//*[@id=\"createOrganizationPop--giZone\"]"}
COMMAND: POST /session/668384e1c1f73f3d5461b9d538daca42/element/f.F64AD31729AEE402AD374BC91D68D115.d.4D729DB1CEEF5988D755D44E6D9CB158.e.7352/click - {}
RESULT: {}
COMMAND: POST /session/668384e1c1f73f3d5461b9d538daca42/execute/async - {"script":"<script> [1562 bytes]","args":[{"selector":{"id":"createOrganizationPop--binNoInput","searchOpenDialogs":true,"interaction":{"idSuffix":"inner"}},"wdio_ui5_key":"createOrganizationPopbinNoInput"}]}
COMMAND: GET /session/668384e1c1f73f3d5461b9d538daca42/screenshot - {}
RESULT: {"script":"<script> [1562 bytes]","args":[{"selector":{"id":"createOrganizationPop--binNoInput","searchOpenDialogs":true,"interaction":{"idSuffix":"inner"}},"wdio_ui5_key":"createOrganizationPopbinNoInput"}]}
RESULT: undefined
COMMAND: POST /session/668384e1c1f73f3d5461b9d538daca42/execute/async - {"script":"<script> [776 bytes]","args":[{"enterText":"Bin-Wd","selector":{"id":"createOrganizationPop--binNoInput","searchOpenDialogs":true,"interaction":{"idSuffix":"inner"}},"clearTextFirst":true,"interactionType":"ENTER_TEXT"}]}
RESULT: {}
RESULT: {"script":"<script> [776 bytes]","args":[{"enterText":"Bin-Wd","selector":{"id":"createOrganizationPop--binNoInput","searchOpenDialogs":true,"interaction":{"idSuffix":"inner"}},"clearTextFirst":true,"interactionType":"ENTER_TEXT"}]}
COMMAND: POST /session/668384e1c1f73f3d5461b9d538daca42/execute/async - {"script":"<script> [1562 bytes]","args":[{"selector":{"id":"createOrganizationPop--descriptionId","searchOpenDialogs":true,"interaction":{"idSuffix":"inner"}},"wdio_ui5_key":"createOrganizationPopdescriptionId"}]}
RESULT: {"script":"<script> [1562 bytes]","args":[{"selector":{"id":"createOrganizationPop--descriptionId","searchOpenDialogs":true,"interaction":{"idSuffix":"inner"}},"wdio_ui5_key":"createOrganizationPopdescriptionId"}]}
RESULT: undefined
COMMAND: POST /session/668384e1c1f73f3d5461b9d538daca42/execute/async - {"script":"<script> [776 bytes]","args":[{"enterText":"Shipping-Wd","selector":{"id":"createOrganizationPop--descriptionId","searchOpenDialogs":true,"interaction":{"idSuffix":"inner"}},"clearTextFirst":true,"interactionType":"ENTER_TEXT"}]}
RESULT: {"script":"<script> [776 bytes]","args":[{"enterText":"Shipping-Wd","selector":{"id":"createOrganizationPop--descriptionId","searchOpenDialogs":true,"interaction":{"idSuffix":"inner"}},"clearTextFirst":true,"interactionType":"ENTER_TEXT"}]}
COMMAND: POST /session/668384e1c1f73f3d5461b9d538daca42/execute/async - {"script":"<script> [1562 bytes]","args":[{"selector":{"controlType":"sap.m.CheckBox","viewName":"etm.portal.ui.binstatusreport.view.MasterWareBins","viewId":"application-binstatusreport-display-component---warehousing","bindingPath":{"path":"","propertyPath":"/ZONE","modelName":"newBin"},"searchOpenDialogs":true,"interaction":{"idSuffix":"CbBg"}},"wdio_ui5_key":"etmportal.ui.binstatusreport.view.MasterWareBinssap.m.CheckBox{\"path\":\"\",\"propertyPath\":\"/ZONE\",\"modelName\":\"newBin\"}"}]}
RESULT: {"script":"<script> [1562 bytes]","args":[{"selector":{"controlType":"sap.m.CheckBox","viewName":"etm.portal.ui.binstatusreport.view.MasterWareBins","viewId":"application-binstatusreport-display-component---warehousing","bindingPath":{"path":"","propertyPath":"/ZONE","modelName":"newBin"},"searchOpenDialogs":true,"interaction":{"idSuffix":"CbBg"}},"wdio_ui5_key":"etmportal.ui.binstatusreport.view.MasterWareBinssap.m.CheckBox{\"path\":\"\",\"propertyPath\":\"/ZONE\",\"modelName\":\"newBin\"}"}]}
RESULT: undefined
COMMAND: POST /session/668384e1c1f73f3d5461b9d538daca42/element - {"using":"xpath","value":"//*[@id=\"__box56\"]"}
RESULT: {"using":"xpath","value":"//*[@id=\"__box56\"]"}
COMMAND: POST /session/668384e1c1f73f3d5461b9d538daca42/element/f.F64AD31729AEE402AD374BC91D68D115.d.4D729DB1CEEF5988D755D44E6D9CB158.e.7356/click - {}
RESULT: {}
COMMAND: POST /session/668384e1c1f73f3d5461b9d538daca42/execute/async - {"script":"<script> [1562 bytes]","args":[{"selector":{"id":"createOrganizationPop--binTypesCB","searchOpenDialogs":true,"interaction":{"idSuffix":"inner"}},"wdio_ui5_key":"createOrganizationPopbinTypesCB"}]}
COMMAND: GET /session/668384e1c1f73f3d5461b9d538daca42/screenshot - {}
RESULT: {"script":"<script> [1562 bytes]","args":[{"selector":{"id":"createOrganizationPop--binTypesCB","searchOpenDialogs":true,"interaction":{"idSuffix":"inner"}},"wdio_ui5_key":"createOrganizationPopbinTypesCB"}]}
RESULT: undefined
COMMAND: POST /session/668384e1c1f73f3d5461b9d538daca42/execute/async - {"script":"<script> [776 bytes]","args":[{"enterText":"1 - General / No capacity check","selector":{"id":"createOrganizationPop--binTypesCB","searchOpenDialogs":true,"interaction":{"idSuffix":"inner"}},"clearTextFirst":true,"interactionType":"ENTER_TEXT"}]}
RESULT: {}
RESULT: {"script":"<script> [776 bytes]","args":[{"enterText":"1 - General / No capacity check","selector":{"id":"createOrganizationPop--binTypesCB","searchOpenDialogs":true,"interaction":{"idSuffix":"inner"}},"clearTextFirst":true,"interactionType":"ENTER_TEXT"}]}
COMMAND: POST /session/668384e1c1f73f3d5461b9d538daca42/actions - {"actions":[{"id":"action30","type":"key","parameters":{},"actions":[{"type":"keyDown","value":"î€‡"},{"type":"pause","duration":10},{"type":"keyUp","value":"î€‡"}]}]}
RESULT: {"actions":[{"id":"action30","type":"key","parameters":{},"actions":[{"type":"keyDown","value":"î€‡"},{"type":"pause","duration":10},{"type":"keyUp","value":"î€‡"}]}]}
COMMAND: GET /session/668384e1c1f73f3d5461b9d538daca42/screenshot - {}
RESULT: {}
COMMAND: POST /session/668384e1c1f73f3d5461b9d538daca42/execute/async - {"script":"<script> [1562 bytes]","args":[{"selector":{"id":"createOrganizationPop--finishBtn","searchOpenDialogs":true,"interaction":{"idSuffix":"BDI-content"}},"wdio_ui5_key":"createOrganizationPopfinishBtn"}]}
RESULT: {"script":"<script> [1562 bytes]","args":[{"selector":{"id":"createOrganizationPop--finishBtn","searchOpenDialogs":true,"interaction":{"idSuffix":"BDI-content"}},"wdio_ui5_key":"createOrganizationPopfinishBtn"}]}
RESULT: undefined
COMMAND: POST /session/668384e1c1f73f3d5461b9d538daca42/element - {"using":"xpath","value":"//*[@id=\"createOrganizationPop--finishBtn\"]"}
RESULT: {"using":"xpath","value":"//*[@id=\"createOrganizationPop--finishBtn\"]"}
COMMAND: POST /session/668384e1c1f73f3d5461b9d538daca42/element/f.F64AD31729AEE402AD374BC91D68D115.d.4D729DB1CEEF5988D755D44E6D9CB158.e.7359/click - {}
RESULT: {}
]]></system-out>
    </testcase>
    <testcase classname="chrome.135_0_7049_96.windows.Provide_to_Site_w/_warehouse_management_w/o_clarification_US113782_" name="Bin Status Report Should Create New Organization for Site" time="55.244">
      <system-out><![CDATA[
COMMAND: GET /session/668384e1c1f73f3d5461b9d538daca42/screenshot - {}
RESULT: {}
RESULT: undefined
COMMAND: POST /session/668384e1c1f73f3d5461b9d538daca42/element - {"using":"xpath","value":"//*[@id=\"application-binstatusreport-display-component---warehousing--createOrgBtn\"]"}
RESULT: {"using":"xpath","value":"//*[@id=\"application-binstatusreport-display-component---warehousing--createOrgBtn\"]"}
COMMAND: POST /session/668384e1c1f73f3d5461b9d538daca42/element/f.F64AD31729AEE402AD374BC91D68D115.d.4D729DB1CEEF5988D755D44E6D9CB158.e.7282/click - {}
RESULT: {}
RESULT: undefined
COMMAND: POST /session/668384e1c1f73f3d5461b9d538daca42/execute/async - {"script":"<script> [776 bytes]","args":[{"enterText":"2145","selector":{"id":"createOrganizationPop--sectionInput","searchOpenDialogs":true,"interaction":{"idSuffix":"inner"}},"clearTextFirst":true,"interactionType":"ENTER_TEXT"}]}
COMMAND: GET /session/668384e1c1f73f3d5461b9d538daca42/screenshot - {}
RESULT: {"script":"<script> [776 bytes]","args":[{"enterText":"2145","selector":{"id":"createOrganizationPop--sectionInput","searchOpenDialogs":true,"interaction":{"idSuffix":"inner"}},"clearTextFirst":true,"interactionType":"ENTER_TEXT"}]}
RESULT: undefined
COMMAND: POST /session/668384e1c1f73f3d5461b9d538daca42/execute/async - {"script":"<script> [776 bytes]","args":[{"enterText":"WDI2145","selector":{"id":"createOrganizationPop--descriptionInput","searchOpenDialogs":true,"interaction":{"idSuffix":"inner"}},"clearTextFirst":true,"interactionType":"ENTER_TEXT"}]}
RESULT: {}
RESULT: {"script":"<script> [776 bytes]","args":[{"enterText":"WDI2145","selector":{"id":"createOrganizationPop--descriptionInput","searchOpenDialogs":true,"interaction":{"idSuffix":"inner"}},"clearTextFirst":true,"interactionType":"ENTER_TEXT"}]}
COMMAND: POST /session/668384e1c1f73f3d5461b9d538daca42/element - {"using":"css selector","value":"#createOrganizationPop--siteOrg-inner"}
RESULT: {"using":"css selector","value":"#createOrganizationPop--siteOrg-inner"}
COMMAND: POST /session/668384e1c1f73f3d5461b9d538daca42/element/f.F64AD31729AEE402AD374BC91D68D115.d.4D729DB1CEEF5988D755D44E6D9CB158.e.7365/clear - {}
RESULT: {}
COMMAND: POST /session/668384e1c1f73f3d5461b9d538daca42/element/f.F64AD31729AEE402AD374BC91D68D115.d.4D729DB1CEEF5988D755D44E6D9CB158.e.7365/value - {"text":"2145"}
COMMAND: GET /session/668384e1c1f73f3d5461b9d538daca42/screenshot - {}
RESULT: {"text":"2145"}
COMMAND: GET /session/668384e1c1f73f3d5461b9d538daca42/screenshot - {}
RESULT: {}
RESULT: {}
COMMAND: POST /session/668384e1c1f73f3d5461b9d538daca42/actions - {"actions":[{"id":"action31","type":"key","parameters":{},"actions":[{"type":"keyDown","value":"î€‡"},{"type":"pause","duration":10},{"type":"keyUp","value":"î€‡"}]}]}
RESULT: {"actions":[{"id":"action31","type":"key","parameters":{},"actions":[{"type":"keyDown","value":"î€‡"},{"type":"pause","duration":10},{"type":"keyUp","value":"î€‡"}]}]}
RESULT: undefined
COMMAND: POST /session/668384e1c1f73f3d5461b9d538daca42/element - {"using":"xpath","value":"//*[@id=\"createOrganizationPop--giZone\"]"}
COMMAND: GET /session/668384e1c1f73f3d5461b9d538daca42/screenshot - {}
RESULT: {"using":"xpath","value":"//*[@id=\"createOrganizationPop--giZone\"]"}
COMMAND: POST /session/668384e1c1f73f3d5461b9d538daca42/element/f.F64AD31729AEE402AD374BC91D68D115.d.4D729DB1CEEF5988D755D44E6D9CB158.e.7383/click - {}
RESULT: {}
RESULT: {}
RESULT: undefined
COMMAND: POST /session/668384e1c1f73f3d5461b9d538daca42/execute/async - {"script":"<script> [776 bytes]","args":[{"enterText":"WD-BIN","selector":{"id":"createOrganizationPop--binNoInput","searchOpenDialogs":true,"interaction":{"idSuffix":"inner"}},"clearTextFirst":true,"interactionType":"ENTER_TEXT"}]}
COMMAND: GET /session/668384e1c1f73f3d5461b9d538daca42/screenshot - {}
RESULT: {"script":"<script> [776 bytes]","args":[{"enterText":"WD-BIN","selector":{"id":"createOrganizationPop--binNoInput","searchOpenDialogs":true,"interaction":{"idSuffix":"inner"}},"clearTextFirst":true,"interactionType":"ENTER_TEXT"}]}
RESULT: undefined
COMMAND: POST /session/668384e1c1f73f3d5461b9d538daca42/execute/async - {"script":"<script> [776 bytes]","args":[{"enterText":"WD-BIN","selector":{"id":"createOrganizationPop--descriptionId","searchOpenDialogs":true,"interaction":{"idSuffix":"inner"}},"clearTextFirst":true,"interactionType":"ENTER_TEXT"}]}
RESULT: {}
RESULT: {"script":"<script> [776 bytes]","args":[{"enterText":"WD-BIN","selector":{"id":"createOrganizationPop--descriptionId","searchOpenDialogs":true,"interaction":{"idSuffix":"inner"}},"clearTextFirst":true,"interactionType":"ENTER_TEXT"}]}
COMMAND: POST /session/668384e1c1f73f3d5461b9d538daca42/execute/async - {"script":"<script> [1562 bytes]","args":[{"selector":{"controlType":"sap.m.CheckBox","viewName":"etm.portal.ui.binstatusreport.view.MasterWareBins","viewId":"application-binstatusreport-display-component---warehousing","bindingPath":{"propertyPath":"/ZONE","modelName":"newBin"},"searchOpenDialogs":true,"interaction":{"idSuffix":"CbBg"}},"wdio_ui5_key":"etmportal.ui.binstatusreport.view.MasterWareBinssap.m.CheckBox{\"propertyPath\":\"/ZONE\",\"modelName\":\"newBin\"}"}]}
RESULT: {"script":"<script> [1562 bytes]","args":[{"selector":{"controlType":"sap.m.CheckBox","viewName":"etm.portal.ui.binstatusreport.view.MasterWareBins","viewId":"application-binstatusreport-display-component---warehousing","bindingPath":{"propertyPath":"/ZONE","modelName":"newBin"},"searchOpenDialogs":true,"interaction":{"idSuffix":"CbBg"}},"wdio_ui5_key":"etmportal.ui.binstatusreport.view.MasterWareBinssap.m.CheckBox{\"propertyPath\":\"/ZONE\",\"modelName\":\"newBin\"}"}]}
RESULT: undefined
COMMAND: POST /session/668384e1c1f73f3d5461b9d538daca42/element - {"using":"xpath","value":"//*[@id=\"__box59\"]"}
RESULT: {"using":"xpath","value":"//*[@id=\"__box59\"]"}
COMMAND: POST /session/668384e1c1f73f3d5461b9d538daca42/element/f.F64AD31729AEE402AD374BC91D68D115.d.4D729DB1CEEF5988D755D44E6D9CB158.e.7385/click - {}
RESULT: {}
COMMAND: GET /session/668384e1c1f73f3d5461b9d538daca42/screenshot - {}
RESULT: {}
RESULT: undefined
COMMAND: POST /session/668384e1c1f73f3d5461b9d538daca42/execute/async - {"script":"<script> [776 bytes]","args":[{"enterText":"1 - General / No capacity check","selector":{"id":"createOrganizationPop--binTypesCB","searchOpenDialogs":true,"interaction":{"idSuffix":"inner"}},"clearTextFirst":true,"interactionType":"ENTER_TEXT"}]}
RESULT: {"script":"<script> [776 bytes]","args":[{"enterText":"1 - General / No capacity check","selector":{"id":"createOrganizationPop--binTypesCB","searchOpenDialogs":true,"interaction":{"idSuffix":"inner"}},"clearTextFirst":true,"interactionType":"ENTER_TEXT"}]}
COMMAND: POST /session/668384e1c1f73f3d5461b9d538daca42/execute/async - {"script":"<script> [1562 bytes]","args":[{"selector":{"id":"createOrganizationPop--capacityId","searchOpenDialogs":true,"interaction":{"idSuffix":"inner"}},"wdio_ui5_key":"createOrganizationPopcapacityId"}]}
RESULT: {"script":"<script> [1562 bytes]","args":[{"selector":{"id":"createOrganizationPop--capacityId","searchOpenDialogs":true,"interaction":{"idSuffix":"inner"}},"wdio_ui5_key":"createOrganizationPopcapacityId"}]}
RESULT: undefined
COMMAND: POST /session/668384e1c1f73f3d5461b9d538daca42/actions - {"actions":[{"id":"action32","type":"key","parameters":{},"actions":[{"type":"keyDown","value":"î€‡"},{"type":"pause","duration":10},{"type":"keyUp","value":"î€‡"}]}]}
RESULT: {"actions":[{"id":"action32","type":"key","parameters":{},"actions":[{"type":"keyDown","value":"î€‡"},{"type":"pause","duration":10},{"type":"keyUp","value":"î€‡"}]}]}
COMMAND: GET /session/668384e1c1f73f3d5461b9d538daca42/screenshot - {}
RESULT: {}
RESULT: undefined
COMMAND: POST /session/668384e1c1f73f3d5461b9d538daca42/element - {"using":"xpath","value":"//*[@id=\"createOrganizationPop--finishBtn\"]"}
RESULT: {"using":"xpath","value":"//*[@id=\"createOrganizationPop--finishBtn\"]"}
COMMAND: POST /session/668384e1c1f73f3d5461b9d538daca42/element/f.F64AD31729AEE402AD374BC91D68D115.d.4D729DB1CEEF5988D755D44E6D9CB158.e.7386/click - {}
RESULT: {}
COMMAND: POST /session/668384e1c1f73f3d5461b9d538daca42/element - {"using":"css selector","value":"#shell-header-logo"}
COMMAND: GET /session/668384e1c1f73f3d5461b9d538daca42/screenshot - {}
RESULT: {"using":"css selector","value":"#shell-header-logo"}
COMMAND: POST /session/668384e1c1f73f3d5461b9d538daca42/element/f.F64AD31729AEE402AD374BC91D68D115.d.4D729DB1CEEF5988D755D44E6D9CB158.e.7246/click - {}
RESULT: {}
RESULT: {}
]]></system-out>
    </testcase>
  </testsuite>
  <testsuite timestamp="2025-04-27T16:56:29" time="502.37" tests="5" failures="0" errors="0" skipped="0">
    <properties>
      <property name="specId" value="0" />
      <property name="suiteName" value="Provide to Site w/ warehouse management wo clarification" />
      <property name="capabilities" value="chrome.135_0_7049_96.windows" />
      <property name="file" value="file:///D:/a/1/s/test/specs/HTR/provide-to-site-w-warehouse-wo-clarification.spec.js" />
    </properties>
    <testcase classname="chrome.135_0_7049_96.windows.Provide_to_Site_w/_warehouse_management_wo_clarification" name="Should do a stock increase handover" time="89.462">
      <system-out><![CDATA[
COMMAND: POST /session/668384e1c1f73f3d5461b9d538daca42/execute/async - {"script":"<script> [1562 bytes]","args":[{"selector":{"controlType":"sap.m.GenericTile","properties":{"header":"Manage Handovers"}},"wdio_ui5_key":"sapm.GenericTile{\"header\":\"Manage Handovers\"}"}]}
COMMAND: GET /session/668384e1c1f73f3d5461b9d538daca42/screenshot - {}
RESULT: {"script":"<script> [1562 bytes]","args":[{"selector":{"controlType":"sap.m.GenericTile","properties":{"header":"Manage Handovers"}},"wdio_ui5_key":"sapm.GenericTile{\"header\":\"Manage Handovers\"}"}]}
RESULT: undefined
COMMAND: POST /session/668384e1c1f73f3d5461b9d538daca42/element - {"using":"xpath","value":"//*[@id=\"__tile132\"]"}
RESULT: {}
RESULT: {"using":"xpath","value":"//*[@id=\"__tile132\"]"}
COMMAND: POST /session/668384e1c1f73f3d5461b9d538daca42/element/f.F64AD31729AEE402AD374BC91D68D115.d.4D729DB1CEEF5988D755D44E6D9CB158.e.7407/click - {}
RESULT: {}
COMMAND: GET /session/668384e1c1f73f3d5461b9d538daca42/screenshot - {}
COMMAND: POST /session/668384e1c1f73f3d5461b9d538daca42/element - {"using":"xpath","value":"//button[(@data-kt = 'masterHOAddButton')]"}
RESULT: {}
RESULT: {"using":"xpath","value":"//button[(@data-kt = 'masterHOAddButton')]"}
COMMAND: POST /session/668384e1c1f73f3d5461b9d538daca42/elements - {"using":"xpath","value":"//button[(@data-kt = 'masterHOAddButton')]"}
RESULT: {"using":"xpath","value":"//button[(@data-kt = 'masterHOAddButton')]"}
COMMAND: POST /session/668384e1c1f73f3d5461b9d538daca42/elements - {"using":"xpath","value":"//button[(@data-kt = 'masterHOAddButton')]"}
RESULT: {"using":"xpath","value":"//button[(@data-kt = 'masterHOAddButton')]"}
COMMAND: POST /session/668384e1c1f73f3d5461b9d538daca42/elements - {"using":"xpath","value":"//button[(@data-kt = 'masterHOAddButton')]"}
RESULT: {"using":"xpath","value":"//button[(@data-kt = 'masterHOAddButton')]"}
COMMAND: POST /session/668384e1c1f73f3d5461b9d538daca42/elements - {"using":"xpath","value":"//button[(@data-kt = 'masterHOAddButton')]"}
RESULT: {"using":"xpath","value":"//button[(@data-kt = 'masterHOAddButton')]"}
COMMAND: POST /session/668384e1c1f73f3d5461b9d538daca42/elements - {"using":"xpath","value":"//button[(@data-kt = 'masterHOAddButton')]"}
RESULT: {"using":"xpath","value":"//button[(@data-kt = 'masterHOAddButton')]"}
COMMAND: POST /session/668384e1c1f73f3d5461b9d538daca42/elements - {"using":"xpath","value":"//button[(@data-kt = 'masterHOAddButton')]"}
RESULT: {"using":"xpath","value":"//button[(@data-kt = 'masterHOAddButton')]"}
COMMAND: POST /session/668384e1c1f73f3d5461b9d538daca42/elements - {"using":"xpath","value":"//button[(@data-kt = 'masterHOAddButton')]"}
RESULT: {"using":"xpath","value":"//button[(@data-kt = 'masterHOAddButton')]"}
COMMAND: POST /session/668384e1c1f73f3d5461b9d538daca42/elements - {"using":"xpath","value":"//button[(@data-kt = 'masterHOAddButton')]"}
RESULT: {"using":"xpath","value":"//button[(@data-kt = 'masterHOAddButton')]"}
COMMAND: POST /session/668384e1c1f73f3d5461b9d538daca42/elements - {"using":"xpath","value":"//button[(@data-kt = 'masterHOAddButton')]"}
RESULT: {"using":"xpath","value":"//button[(@data-kt = 'masterHOAddButton')]"}
COMMAND: POST /session/668384e1c1f73f3d5461b9d538daca42/elements - {"using":"xpath","value":"//button[(@data-kt = 'masterHOAddButton')]"}
RESULT: {"using":"xpath","value":"//button[(@data-kt = 'masterHOAddButton')]"}
COMMAND: POST /session/668384e1c1f73f3d5461b9d538daca42/elements - {"using":"xpath","value":"//button[(@data-kt = 'masterHOAddButton')]"}
RESULT: {"using":"xpath","value":"//button[(@data-kt = 'masterHOAddButton')]"}
COMMAND: POST /session/668384e1c1f73f3d5461b9d538daca42/elements - {"using":"xpath","value":"//button[(@data-kt = 'masterHOAddButton')]"}
RESULT: {"using":"xpath","value":"//button[(@data-kt = 'masterHOAddButton')]"}
COMMAND: POST /session/668384e1c1f73f3d5461b9d538daca42/elements - {"using":"xpath","value":"//button[(@data-kt = 'masterHOAddButton')]"}
RESULT: {"using":"xpath","value":"//button[(@data-kt = 'masterHOAddButton')]"}
COMMAND: POST /session/668384e1c1f73f3d5461b9d538daca42/elements - {"using":"xpath","value":"//button[(@data-kt = 'masterHOAddButton')]"}
RESULT: {"using":"xpath","value":"//button[(@data-kt = 'masterHOAddButton')]"}
COMMAND: POST /session/668384e1c1f73f3d5461b9d538daca42/elements - {"using":"xpath","value":"//button[(@data-kt = 'masterHOAddButton')]"}
RESULT: {"using":"xpath","value":"//button[(@data-kt = 'masterHOAddButton')]"}
COMMAND: POST /session/668384e1c1f73f3d5461b9d538daca42/elements - {"using":"xpath","value":"//button[(@data-kt = 'masterHOAddButton')]"}
RESULT: {"using":"xpath","value":"//button[(@data-kt = 'masterHOAddButton')]"}
COMMAND: POST /session/668384e1c1f73f3d5461b9d538daca42/elements - {"using":"xpath","value":"//button[(@data-kt = 'masterHOAddButton')]"}
RESULT: {"using":"xpath","value":"//button[(@data-kt = 'masterHOAddButton')]"}
COMMAND: POST /session/668384e1c1f73f3d5461b9d538daca42/elements - {"using":"xpath","value":"//button[(@data-kt = 'masterHOAddButton')]"}
RESULT: {"using":"xpath","value":"//button[(@data-kt = 'masterHOAddButton')]"}
COMMAND: POST /session/668384e1c1f73f3d5461b9d538daca42/elements - {"using":"xpath","value":"//button[(@data-kt = 'masterHOAddButton')]"}
RESULT: {"using":"xpath","value":"//button[(@data-kt = 'masterHOAddButton')]"}
COMMAND: POST /session/668384e1c1f73f3d5461b9d538daca42/element - {"using":"xpath","value":"//button[(@data-kt = 'masterHOAddButton')]"}
RESULT: {"using":"xpath","value":"//button[(@data-kt = 'masterHOAddButton')]"}
COMMAND: POST /session/668384e1c1f73f3d5461b9d538daca42/element/f.F64AD31729AEE402AD374BC91D68D115.d.4D729DB1CEEF5988D755D44E6D9CB158.e.7437/click - {}
RESULT: {}
COMMAND: POST /session/668384e1c1f73f3d5461b9d538daca42/element - {"using":"css selector","value":"span[id=\"application-managehandovers-display-component---AddNewHO--typeSelect-label\"]"}
COMMAND: GET /session/668384e1c1f73f3d5461b9d538daca42/screenshot - {}
RESULT: {"using":"css selector","value":"span[id=\"application-managehandovers-display-component---AddNewHO--typeSelect-label\"]"}
COMMAND: POST /session/668384e1c1f73f3d5461b9d538daca42/elements - {"using":"css selector","value":"span[id=\"application-managehandovers-display-component---AddNewHO--typeSelect-label\"]"}
RESULT: {}
RESULT: {"using":"css selector","value":"span[id=\"application-managehandovers-display-component---AddNewHO--typeSelect-label\"]"}
COMMAND: POST /session/668384e1c1f73f3d5461b9d538daca42/element - {"using":"css selector","value":"span[id=\"application-managehandovers-display-component---AddNewHO--typeSelect-label\"]"}
RESULT: {"using":"css selector","value":"span[id=\"application-managehandovers-display-component---AddNewHO--typeSelect-label\"]"}
COMMAND: POST /session/668384e1c1f73f3d5461b9d538daca42/element/f.F64AD31729AEE402AD374BC91D68D115.d.4D729DB1CEEF5988D755D44E6D9CB158.e.7739/click - {}
RESULT: {}
COMMAND: POST /session/668384e1c1f73f3d5461b9d538daca42/element - {"using":"css selector","value":"#application-managehandovers-display-component---AddNewHO--oneStep-CB"}
COMMAND: GET /session/668384e1c1f73f3d5461b9d538daca42/screenshot - {}
RESULT: {"using":"css selector","value":"#application-managehandovers-display-component---AddNewHO--oneStep-CB"}
COMMAND: GET /session/668384e1c1f73f3d5461b9d538daca42/element/f.F64AD31729AEE402AD374BC91D68D115.d.4D729DB1CEEF5988D755D44E6D9CB158.e.7679/selected - {}
RESULT: {}
RESULT: {}
COMMAND: POST /session/668384e1c1f73f3d5461b9d538daca42/element - {"using":"xpath","value":"//li[contains(text(), \"stock increase yard\")]"}
COMMAND: GET /session/668384e1c1f73f3d5461b9d538daca42/screenshot - {}
RESULT: {"using":"xpath","value":"//li[contains(text(), \"stock increase yard\")]"}
COMMAND: POST /session/668384e1c1f73f3d5461b9d538daca42/element/f.F64AD31729AEE402AD374BC91D68D115.d.4D729DB1CEEF5988D755D44E6D9CB158.e.7740/click - {}
RESULT: {}
RESULT: {}
COMMAND: GET /session/668384e1c1f73f3d5461b9d538daca42/screenshot - {}
RESULT: {}
COMMAND: POST /session/668384e1c1f73f3d5461b9d538daca42/element - {"using":"css selector","value":"input[id=\"generalSectionFrg--receiveYard-inner\"]"}
RESULT: {"using":"css selector","value":"input[id=\"generalSectionFrg--receiveYard-inner\"]"}
COMMAND: POST /session/668384e1c1f73f3d5461b9d538daca42/element/f.F64AD31729AEE402AD374BC91D68D115.d.4D729DB1CEEF5988D755D44E6D9CB158.e.7748/clear - {}
RESULT: {}
COMMAND: POST /session/668384e1c1f73f3d5461b9d538daca42/element/f.F64AD31729AEE402AD374BC91D68D115.d.4D729DB1CEEF5988D755D44E6D9CB158.e.7748/value - {"text":"290"}
COMMAND: GET /session/668384e1c1f73f3d5461b9d538daca42/screenshot - {}
RESULT: {"text":"290"}
COMMAND: GET /session/668384e1c1f73f3d5461b9d538daca42/screenshot - {}
RESULT: {}
RESULT: {}
COMMAND: POST /session/668384e1c1f73f3d5461b9d538daca42/element - {"using":"css selector","value":"#application-managehandovers-display-component---AddNewHO--dueDate-inner"}
RESULT: {"using":"css selector","value":"#application-managehandovers-display-component---AddNewHO--dueDate-inner"}
COMMAND: POST /session/668384e1c1f73f3d5461b9d538daca42/element/f.F64AD31729AEE402AD374BC91D68D115.d.4D729DB1CEEF5988D755D44E6D9CB158.e.7742/clear - {}
RESULT: {}
COMMAND: POST /session/668384e1c1f73f3d5461b9d538daca42/element/f.F64AD31729AEE402AD374BC91D68D115.d.4D729DB1CEEF5988D755D44E6D9CB158.e.7742/value - {"text":"4/27/25"}
COMMAND: GET /session/668384e1c1f73f3d5461b9d538daca42/screenshot - {}
RESULT: {"text":"4/27/25"}
COMMAND: GET /session/668384e1c1f73f3d5461b9d538daca42/screenshot - {}
RESULT: {}
RESULT: {}
COMMAND: POST /session/668384e1c1f73f3d5461b9d538daca42/element - {"using":"xpath","value":"//bdi[(text() = 'Items' or . = 'Items')]"}
RESULT: {"using":"xpath","value":"//bdi[(text() = 'Items' or . = 'Items')]"}
COMMAND: POST /session/668384e1c1f73f3d5461b9d538daca42/element/f.F64AD31729AEE402AD374BC91D68D115.d.4D729DB1CEEF5988D755D44E6D9CB158.e.7765/click - {}
RESULT: {}
COMMAND: GET /session/668384e1c1f73f3d5461b9d538daca42/screenshot - {}
RESULT: {}
COMMAND: POST /session/668384e1c1f73f3d5461b9d538daca42/element - {"using":"xpath","value":"//button[@aria-label=\"Add\"]"}
RESULT: {"using":"xpath","value":"//button[@aria-label=\"Add\"]"}
COMMAND: POST /session/668384e1c1f73f3d5461b9d538daca42/element/f.F64AD31729AEE402AD374BC91D68D115.d.4D729DB1CEEF5988D755D44E6D9CB158.e.7770/click - {}
RESULT: {}
COMMAND: GET /session/668384e1c1f73f3d5461b9d538daca42/screenshot - {}
RESULT: {}
COMMAND: POST /session/668384e1c1f73f3d5461b9d538daca42/element - {"using":"css selector","value":"input[id= \"application-managehandovers-display-component---AddNewHO--smartFilterBar-btnBasicSearch-I\"]"}
RESULT: {"using":"css selector","value":"input[id= \"application-managehandovers-display-component---AddNewHO--smartFilterBar-btnBasicSearch-I\"]"}
COMMAND: POST /session/668384e1c1f73f3d5461b9d538daca42/element/f.F64AD31729AEE402AD374BC91D68D115.d.4D729DB1CEEF5988D755D44E6D9CB158.e.7773/clear - {}
RESULT: {}
COMMAND: POST /session/668384e1c1f73f3d5461b9d538daca42/element/f.F64AD31729AEE402AD374BC91D68D115.d.4D729DB1CEEF5988D755D44E6D9CB158.e.7773/value - {"text":"200128"}
COMMAND: GET /session/668384e1c1f73f3d5461b9d538daca42/screenshot - {}
RESULT: {"text":"200128"}
COMMAND: POST /session/668384e1c1f73f3d5461b9d538daca42/actions - {"actions":[{"id":"action33","type":"key","parameters":{},"actions":[{"type":"keyDown","value":"î€‡"},{"type":"pause","duration":10},{"type":"keyUp","value":"î€‡"}]}]}
COMMAND: GET /session/668384e1c1f73f3d5461b9d538daca42/screenshot - {}
RESULT: {}
RESULT: {"actions":[{"id":"action33","type":"key","parameters":{},"actions":[{"type":"keyDown","value":"î€‡"},{"type":"pause","duration":10},{"type":"keyUp","value":"î€‡"}]}]}
COMMAND: POST /session/668384e1c1f73f3d5461b9d538daca42/element - {"using":"css selector","value":"div[id= \"application-managehandovers-display-component---AddNewHO--smartFilterBar-btnBasicSearch-search\"]"}
RESULT: {}
RESULT: {"using":"css selector","value":"div[id= \"application-managehandovers-display-component---AddNewHO--smartFilterBar-btnBasicSearch-search\"]"}
COMMAND: POST /session/668384e1c1f73f3d5461b9d538daca42/element/f.F64AD31729AEE402AD374BC91D68D115.d.4D729DB1CEEF5988D755D44E6D9CB158.e.7922/click - {}
COMMAND: GET /session/668384e1c1f73f3d5461b9d538daca42/screenshot - {}
RESULT: {}
COMMAND: GET /session/668384e1c1f73f3d5461b9d538daca42/screenshot - {}
RESULT: {}
RESULT: {}
COMMAND: POST /session/668384e1c1f73f3d5461b9d538daca42/element - {"using":"css selector","value":"div[id= \"application-managehandovers-display-component---AddNewHO--popup-sa-CbBg\"]"}
RESULT: {"using":"css selector","value":"div[id= \"application-managehandovers-display-component---AddNewHO--popup-sa-CbBg\"]"}
COMMAND: POST /session/668384e1c1f73f3d5461b9d538daca42/element/f.F64AD31729AEE402AD374BC91D68D115.d.4D729DB1CEEF5988D755D44E6D9CB158.e.7924/click - {}
RESULT: {}
COMMAND: POST /session/668384e1c1f73f3d5461b9d538daca42/element - {"using":"xpath","value":"//bdi[(text() = 'Select' or . = 'Select')]"}
COMMAND: GET /session/668384e1c1f73f3d5461b9d538daca42/screenshot - {}
RESULT: {"using":"xpath","value":"//bdi[(text() = 'Select' or . = 'Select')]"}
COMMAND: POST /session/668384e1c1f73f3d5461b9d538daca42/element/f.F64AD31729AEE402AD374BC91D68D115.d.4D729DB1CEEF5988D755D44E6D9CB158.e.7925/click - {}
RESULT: {}
RESULT: {}
COMMAND: GET /session/668384e1c1f73f3d5461b9d538daca42/screenshot - {}
RESULT: {}
COMMAND: POST /session/668384e1c1f73f3d5461b9d538daca42/element - {"using":"xpath","value":"//bdi[(text() = 'Save' or . = 'Save')]"}
RESULT: {"using":"xpath","value":"//bdi[(text() = 'Save' or . = 'Save')]"}
COMMAND: POST /session/668384e1c1f73f3d5461b9d538daca42/element/f.F64AD31729AEE402AD374BC91D68D115.d.4D729DB1CEEF5988D755D44E6D9CB158.e.7929/click - {}
RESULT: {}
COMMAND: GET /session/668384e1c1f73f3d5461b9d538daca42/screenshot - {}
RESULT: {}
COMMAND: POST /session/668384e1c1f73f3d5461b9d538daca42/element - {"using":"xpath","value":"//input[contains(@id ,\"receiptDatePicker-inner\")]"}
RESULT: {"using":"xpath","value":"//input[contains(@id ,\"receiptDatePicker-inner\")]"}
COMMAND: POST /session/668384e1c1f73f3d5461b9d538daca42/element/f.F64AD31729AEE402AD374BC91D68D115.d.4D729DB1CEEF5988D755D44E6D9CB158.e.7955/click - {}
RESULT: {}
COMMAND: POST /session/668384e1c1f73f3d5461b9d538daca42/element - {"using":"xpath","value":"//input[contains(@id ,\"receiptDatePicker-inner\")]"}
COMMAND: GET /session/668384e1c1f73f3d5461b9d538daca42/screenshot - {}
RESULT: {"using":"xpath","value":"//input[contains(@id ,\"receiptDatePicker-inner\")]"}
COMMAND: POST /session/668384e1c1f73f3d5461b9d538daca42/element/f.F64AD31729AEE402AD374BC91D68D115.d.4D729DB1CEEF5988D755D44E6D9CB158.e.7955/clear - {}
RESULT: {}
RESULT: {}
COMMAND: POST /session/668384e1c1f73f3d5461b9d538daca42/element/f.F64AD31729AEE402AD374BC91D68D115.d.4D729DB1CEEF5988D755D44E6D9CB158.e.7955/value - {"text":"4/27/25"}
COMMAND: GET /session/668384e1c1f73f3d5461b9d538daca42/screenshot - {}
RESULT: {"text":"4/27/25"}
COMMAND: GET /session/668384e1c1f73f3d5461b9d538daca42/screenshot - {}
RESULT: {}
RESULT: {}
COMMAND: POST /session/668384e1c1f73f3d5461b9d538daca42/execute/async - {"script":"<script> [1562 bytes]","args":[{"selector":{"id":"administrationTabFilter","viewName":"etm.portal.ui.managehandovers.view.DetailExecuteHO","interaction":{"idSuffix":"text"}},"wdio_ui5_key":"administrationTabFilteretmportal.ui.managehandovers.view.DetailExecuteHO"}]}
RESULT: {"script":"<script> [1562 bytes]","args":[{"selector":{"id":"administrationTabFilter","viewName":"etm.portal.ui.managehandovers.view.DetailExecuteHO","interaction":{"idSuffix":"text"}},"wdio_ui5_key":"administrationTabFilteretmportal.ui.managehandovers.view.DetailExecuteHO"}]}
RESULT: undefined
COMMAND: POST /session/668384e1c1f73f3d5461b9d538daca42/element - {"using":"xpath","value":"//*[@id=\"__xmlview61--administrationTabFilter\"]"}
RESULT: {"using":"xpath","value":"//*[@id=\"__xmlview61--administrationTabFilter\"]"}
COMMAND: POST /session/668384e1c1f73f3d5461b9d538daca42/element/f.F64AD31729AEE402AD374BC91D68D115.d.4D729DB1CEEF5988D755D44E6D9CB158.e.7974/click - {}
RESULT: {}
RESULT: undefined
COMMAND: POST /session/668384e1c1f73f3d5461b9d538daca42/element - {"using":"xpath","value":"//*[@id=\"__xmlview61--administrationTabFilter\"]"}
COMMAND: GET /session/668384e1c1f73f3d5461b9d538daca42/screenshot - {}
RESULT: {"using":"xpath","value":"//*[@id=\"__xmlview61--administrationTabFilter\"]"}
COMMAND: POST /session/668384e1c1f73f3d5461b9d538daca42/element/f.F64AD31729AEE402AD374BC91D68D115.d.4D729DB1CEEF5988D755D44E6D9CB158.e.7974/click - {}
RESULT: {}
RESULT: {}
COMMAND: GET /session/668384e1c1f73f3d5461b9d538daca42/screenshot - {}
RESULT: {}
COMMAND: POST /session/668384e1c1f73f3d5461b9d538daca42/element - {"using":"xpath","value":"//bdi[(text() = 'Confirm' or . = 'Confirm')]"}
RESULT: {"using":"xpath","value":"//bdi[(text() = 'Confirm' or . = 'Confirm')]"}
COMMAND: POST /session/668384e1c1f73f3d5461b9d538daca42/element/f.F64AD31729AEE402AD374BC91D68D115.d.4D729DB1CEEF5988D755D44E6D9CB158.e.7981/click - {}
RESULT: {}
COMMAND: GET /session/668384e1c1f73f3d5461b9d538daca42/screenshot - {}
RESULT: {}
COMMAND: POST /session/668384e1c1f73f3d5461b9d538daca42/execute/async - {"script":"<script> [1562 bytes]","args":[{"selector":{"id":"confirmationButton","viewName":"etm.portal.ui.managehandovers.view.DetailExecuteHO","interaction":{"idSuffix":"BDI-content"}},"wdio_ui5_key":"confirmationButtonetmportal.ui.managehandovers.view.DetailExecuteHO"}]}
RESULT: {"script":"<script> [1562 bytes]","args":[{"selector":{"id":"confirmationButton","viewName":"etm.portal.ui.managehandovers.view.DetailExecuteHO","interaction":{"idSuffix":"BDI-content"}},"wdio_ui5_key":"confirmationButtonetmportal.ui.managehandovers.view.DetailExecuteHO"}]}
RESULT: undefined
COMMAND: POST /session/668384e1c1f73f3d5461b9d538daca42/element - {"using":"xpath","value":"(//*[text()='Receive'])[2]"}
RESULT: {"using":"xpath","value":"(//*[text()='Receive'])[2]"}
COMMAND: GET /session/668384e1c1f73f3d5461b9d538daca42/element/f.F64AD31729AEE402AD374BC91D68D115.d.4D729DB1CEEF5988D755D44E6D9CB158.e.7985/enabled - {}
RESULT: {}
COMMAND: POST /session/668384e1c1f73f3d5461b9d538daca42/execute/sync - {"script":"<script> [8489 bytes]","args":[{"element-6066-11e4-a52e-4f735466cecf":"f.F64AD31729AEE402AD374BC91D68D115.d.4D729DB1CEEF5988D755D44E6D9CB158.e.7985","ELEMENT":"f.F64AD31729AEE402AD374BC91D68D115.d.4D729DB1CEEF5988D755D44E6D9CB158.e.7985"}]}
COMMAND: GET /session/668384e1c1f73f3d5461b9d538daca42/screenshot - {}
RESULT: {"script":"<script> [8489 bytes]","args":[{"element-6066-11e4-a52e-4f735466cecf":"f.F64AD31729AEE402AD374BC91D68D115.d.4D729DB1CEEF5988D755D44E6D9CB158.e.7985","ELEMENT":"f.F64AD31729AEE402AD374BC91D68D115.d.4D729DB1CEEF5988D755D44E6D9CB158.e.7985"}]}
COMMAND: POST /session/668384e1c1f73f3d5461b9d538daca42/execute/sync - {"script":"<script> [5351 bytes]","args":[{"element-6066-11e4-a52e-4f735466cecf":"f.F64AD31729AEE402AD374BC91D68D115.d.4D729DB1CEEF5988D755D44E6D9CB158.e.7985","ELEMENT":"f.F64AD31729AEE402AD374BC91D68D115.d.4D729DB1CEEF5988D755D44E6D9CB158.e.7985"}]}
COMMAND: GET /session/668384e1c1f73f3d5461b9d538daca42/screenshot - {}
RESULT: {}
RESULT: {"script":"<script> [5351 bytes]","args":[{"element-6066-11e4-a52e-4f735466cecf":"f.F64AD31729AEE402AD374BC91D68D115.d.4D729DB1CEEF5988D755D44E6D9CB158.e.7985","ELEMENT":"f.F64AD31729AEE402AD374BC91D68D115.d.4D729DB1CEEF5988D755D44E6D9CB158.e.7985"}]}
COMMAND: POST /session/668384e1c1f73f3d5461b9d538daca42/element/f.F64AD31729AEE402AD374BC91D68D115.d.4D729DB1CEEF5988D755D44E6D9CB158.e.7985/click - {}
COMMAND: GET /session/668384e1c1f73f3d5461b9d538daca42/screenshot - {}
RESULT: {}
RESULT: {}
RESULT: {}
COMMAND: GET /session/668384e1c1f73f3d5461b9d538daca42/screenshot - {}
RESULT: {}
COMMAND: POST /session/668384e1c1f73f3d5461b9d538daca42/element - {"using":"css selector","value":"#shell-header-logo"}
RESULT: {"using":"css selector","value":"#shell-header-logo"}
COMMAND: POST /session/668384e1c1f73f3d5461b9d538daca42/element/f.F64AD31729AEE402AD374BC91D68D115.d.4D729DB1CEEF5988D755D44E6D9CB158.e.7409/click - {}
RESULT: {}
COMMAND: GET /session/668384e1c1f73f3d5461b9d538daca42/screenshot - {}
RESULT: {}
]]></system-out>
    </testcase>
    <testcase classname="chrome.135_0_7049_96.windows.Provide_to_Site_w/_warehouse_management_wo_clarification" name="Should create a new contract" time="52.245">
      <system-out><![CDATA[
COMMAND: POST /session/668384e1c1f73f3d5461b9d538daca42/execute/async - {"script":"<script> [1562 bytes]","args":[{"selector":{"controlType":"sap.m.GenericTile","properties":{"header":"Manage Contracts"}},"wdio_ui5_key":"sapm.GenericTile{\"header\":\"Manage Contracts\"}"}]}
RESULT: {"script":"<script> [1562 bytes]","args":[{"selector":{"controlType":"sap.m.GenericTile","properties":{"header":"Manage Contracts"}},"wdio_ui5_key":"sapm.GenericTile{\"header\":\"Manage Contracts\"}"}]}
RESULT: undefined
COMMAND: POST /session/668384e1c1f73f3d5461b9d538daca42/element - {"using":"xpath","value":"//*[@id=\"__tile130\"]"}
RESULT: {"using":"xpath","value":"//*[@id=\"__tile130\"]"}
COMMAND: POST /session/668384e1c1f73f3d5461b9d538daca42/element/f.F64AD31729AEE402AD374BC91D68D115.d.4D729DB1CEEF5988D755D44E6D9CB158.e.8220/click - {}
RESULT: {}
COMMAND: GET /session/668384e1c1f73f3d5461b9d538daca42/screenshot - {}
RESULT: {}
COMMAND: POST /session/668384e1c1f73f3d5461b9d538daca42/execute/async - {"script":"<script> [1562 bytes]","args":[{"selector":{"controlType":"sap.ui.core.Icon","viewName":"etm.portal.ui.managecontracts.view.Master","properties":{"src":{"regex":{"source":"add"}}}},"wdio_ui5_key":"etmportal.ui.managecontracts.view.Mastersap.ui.core.Icon{\"src\":{\"regex\":{\"source\":\"add\"}}}"}]}
RESULT: {"script":"<script> [1562 bytes]","args":[{"selector":{"controlType":"sap.ui.core.Icon","viewName":"etm.portal.ui.managecontracts.view.Master","properties":{"src":{"regex":{"source":"add"}}}},"wdio_ui5_key":"etmportal.ui.managecontracts.view.Mastersap.ui.core.Icon{\"src\":{\"regex\":{\"source\":\"add\"}}}"}]}
RESULT: undefined
COMMAND: POST /session/668384e1c1f73f3d5461b9d538daca42/element - {"using":"xpath","value":"//*[@id=\"__button303-img\"]"}
RESULT: {"using":"xpath","value":"//*[@id=\"__button303-img\"]"}
COMMAND: POST /session/668384e1c1f73f3d5461b9d538daca42/element/f.F64AD31729AEE402AD374BC91D68D115.d.4D729DB1CEEF5988D755D44E6D9CB158.e.8300/click - {}
RESULT: {}
COMMAND: POST /session/668384e1c1f73f3d5461b9d538daca42/execute/async - {"script":"<script> [1562 bytes]","args":[{"selector":{"id":"application-managecontracts-display-component---AddNewContract--projectDescription","interaction":{"idSuffix":"inner"}},"wdio_ui5_key":"applicationmanagecontracts-display-component---AddNewContract--projectDescription"}]}
COMMAND: GET /session/668384e1c1f73f3d5461b9d538daca42/screenshot - {}
RESULT: {"script":"<script> [1562 bytes]","args":[{"selector":{"id":"application-managecontracts-display-component---AddNewContract--projectDescription","interaction":{"idSuffix":"inner"}},"wdio_ui5_key":"applicationmanagecontracts-display-component---AddNewContract--projectDescription"}]}
RESULT: undefined
COMMAND: POST /session/668384e1c1f73f3d5461b9d538daca42/execute/async - {"script":"<script> [776 bytes]","args":[{"enterText":"wdi5 contract for billing","selector":{"id":"application-managecontracts-display-component---AddNewContract--projectDescription","interaction":{"idSuffix":"inner"}},"clearTextFirst":true,"interactionType":"ENTER_TEXT"}]}
RESULT: {}
RESULT: {"script":"<script> [776 bytes]","args":[{"enterText":"wdi5 contract for billing","selector":{"id":"application-managecontracts-display-component---AddNewContract--projectDescription","interaction":{"idSuffix":"inner"}},"clearTextFirst":true,"interactionType":"ENTER_TEXT"}]}
COMMAND: POST /session/668384e1c1f73f3d5461b9d538daca42/element - {"using":"xpath","value":"//input[@id=\"application-managecontracts-display-component---AddNewContract--customerSelect-inner\"]"}
RESULT: {"using":"xpath","value":"//input[@id=\"application-managecontracts-display-component---AddNewContract--customerSelect-inner\"]"}
COMMAND: POST /session/668384e1c1f73f3d5461b9d538daca42/element/f.F64AD31729AEE402AD374BC91D68D115.d.4D729DB1CEEF5988D755D44E6D9CB158.e.8546/clear - {}
RESULT: {}
COMMAND: POST /session/668384e1c1f73f3d5461b9d538daca42/element/f.F64AD31729AEE402AD374BC91D68D115.d.4D729DB1CEEF5988D755D44E6D9CB158.e.8546/value - {"text":"1151"}
COMMAND: GET /session/668384e1c1f73f3d5461b9d538daca42/screenshot - {}
RESULT: {"text":"1151"}
COMMAND: GET /session/668384e1c1f73f3d5461b9d538daca42/screenshot - {}
RESULT: {}
RESULT: {}
COMMAND: POST /session/668384e1c1f73f3d5461b9d538daca42/actions - {"actions":[{"id":"action34","type":"key","parameters":{},"actions":[{"type":"keyDown","value":"î€‡"},{"type":"pause","duration":10},{"type":"keyUp","value":"î€‡"}]}]}
RESULT: {"actions":[{"id":"action34","type":"key","parameters":{},"actions":[{"type":"keyDown","value":"î€‡"},{"type":"pause","duration":10},{"type":"keyUp","value":"î€‡"}]}]}
COMMAND: POST /session/668384e1c1f73f3d5461b9d538daca42/element - {"using":"xpath","value":"//input[@id=\"application-managecontracts-display-component---AddNewContract--site-inner\"]"}
COMMAND: GET /session/668384e1c1f73f3d5461b9d538daca42/screenshot - {}
RESULT: {"using":"xpath","value":"//input[@id=\"application-managecontracts-display-component---AddNewContract--site-inner\"]"}
COMMAND: POST /session/668384e1c1f73f3d5461b9d538daca42/element/f.F64AD31729AEE402AD374BC91D68D115.d.4D729DB1CEEF5988D755D44E6D9CB158.e.8547/clear - {}
RESULT: {}
RESULT: {}
COMMAND: POST /session/668384e1c1f73f3d5461b9d538daca42/element/f.F64AD31729AEE402AD374BC91D68D115.d.4D729DB1CEEF5988D755D44E6D9CB158.e.8547/value - {"text":"2145"}
COMMAND: GET /session/668384e1c1f73f3d5461b9d538daca42/screenshot - {}
RESULT: {"text":"2145"}
COMMAND: GET /session/668384e1c1f73f3d5461b9d538daca42/screenshot - {}
RESULT: {}
RESULT: {}
COMMAND: POST /session/668384e1c1f73f3d5461b9d538daca42/actions - {"actions":[{"id":"action35","type":"key","parameters":{},"actions":[{"type":"keyDown","value":"î€‡"},{"type":"pause","duration":10},{"type":"keyUp","value":"î€‡"}]}]}
RESULT: {"actions":[{"id":"action35","type":"key","parameters":{},"actions":[{"type":"keyDown","value":"î€‡"},{"type":"pause","duration":10},{"type":"keyUp","value":"î€‡"}]}]}
COMMAND: POST /session/668384e1c1f73f3d5461b9d538daca42/execute/async - {"script":"<script> [1562 bytes]","args":[{"selector":{"id":"application-managecontracts-display-component---AddNewContract--calendarInput","interaction":{"idSuffix":"inner"}},"wdio_ui5_key":"applicationmanagecontracts-display-component---AddNewContract--calendarInput"}]}
COMMAND: GET /session/668384e1c1f73f3d5461b9d538daca42/screenshot - {}
RESULT: {"script":"<script> [1562 bytes]","args":[{"selector":{"id":"application-managecontracts-display-component---AddNewContract--calendarInput","interaction":{"idSuffix":"inner"}},"wdio_ui5_key":"applicationmanagecontracts-display-component---AddNewContract--calendarInput"}]}
RESULT: undefined
COMMAND: POST /session/668384e1c1f73f3d5461b9d538daca42/execute/async - {"script":"<script> [776 bytes]","args":[{"enterText":"1 - Calendar unit test patch","selector":{"id":"application-managecontracts-display-component---AddNewContract--calendarInput","interaction":{"idSuffix":"inner"}},"clearTextFirst":true,"interactionType":"ENTER_TEXT"}]}
RESULT: {}
RESULT: {"script":"<script> [776 bytes]","args":[{"enterText":"1 - Calendar unit test patch","selector":{"id":"application-managecontracts-display-component---AddNewContract--calendarInput","interaction":{"idSuffix":"inner"}},"clearTextFirst":true,"interactionType":"ENTER_TEXT"}]}
COMMAND: POST /session/668384e1c1f73f3d5461b9d538daca42/actions - {"actions":[{"id":"action36","type":"key","parameters":{},"actions":[{"type":"keyDown","value":"î€‡"},{"type":"pause","duration":10},{"type":"keyUp","value":"î€‡"}]}]}
RESULT: {"actions":[{"id":"action36","type":"key","parameters":{},"actions":[{"type":"keyDown","value":"î€‡"},{"type":"pause","duration":10},{"type":"keyUp","value":"î€‡"}]}]}
COMMAND: POST /session/668384e1c1f73f3d5461b9d538daca42/execute/async - {"script":"<script> [1562 bytes]","args":[{"selector":{"id":"application-managecontracts-display-component---AddNewContract--languageCB","interaction":{"idSuffix":"inner"}},"wdio_ui5_key":"applicationmanagecontracts-display-component---AddNewContract--languageCB"}]}
COMMAND: GET /session/668384e1c1f73f3d5461b9d538daca42/screenshot - {}
RESULT: {"script":"<script> [1562 bytes]","args":[{"selector":{"id":"application-managecontracts-display-component---AddNewContract--languageCB","interaction":{"idSuffix":"inner"}},"wdio_ui5_key":"applicationmanagecontracts-display-component---AddNewContract--languageCB"}]}
RESULT: undefined
COMMAND: POST /session/668384e1c1f73f3d5461b9d538daca42/execute/async - {"script":"<script> [776 bytes]","args":[{"enterText":"EN - English","selector":{"id":"application-managecontracts-display-component---AddNewContract--languageCB","interaction":{"idSuffix":"inner"}},"clearTextFirst":true,"interactionType":"ENTER_TEXT"}]}
RESULT: {}
RESULT: {"script":"<script> [776 bytes]","args":[{"enterText":"EN - English","selector":{"id":"application-managecontracts-display-component---AddNewContract--languageCB","interaction":{"idSuffix":"inner"}},"clearTextFirst":true,"interactionType":"ENTER_TEXT"}]}
COMMAND: POST /session/668384e1c1f73f3d5461b9d538daca42/actions - {"actions":[{"id":"action37","type":"key","parameters":{},"actions":[{"type":"keyDown","value":"î€‡"},{"type":"pause","duration":10},{"type":"keyUp","value":"î€‡"}]}]}
RESULT: {"actions":[{"id":"action37","type":"key","parameters":{},"actions":[{"type":"keyDown","value":"î€‡"},{"type":"pause","duration":10},{"type":"keyUp","value":"î€‡"}]}]}
COMMAND: POST /session/668384e1c1f73f3d5461b9d538daca42/execute/async - {"script":"<script> [1562 bytes]","args":[{"selector":{"id":"application-managecontracts-display-component---AddNewContract--saveBtn","interaction":{"idSuffix":"BDI-content"}},"wdio_ui5_key":"applicationmanagecontracts-display-component---AddNewContract--saveBtn"}]}
COMMAND: GET /session/668384e1c1f73f3d5461b9d538daca42/screenshot - {}
RESULT: {"script":"<script> [1562 bytes]","args":[{"selector":{"id":"application-managecontracts-display-component---AddNewContract--saveBtn","interaction":{"idSuffix":"BDI-content"}},"wdio_ui5_key":"applicationmanagecontracts-display-component---AddNewContract--saveBtn"}]}
RESULT: undefined
COMMAND: POST /session/668384e1c1f73f3d5461b9d538daca42/element - {"using":"xpath","value":"//*[@id=\"application-managecontracts-display-component---AddNewContract--saveBtn\"]"}
RESULT: {}
RESULT: {"using":"xpath","value":"//*[@id=\"application-managecontracts-display-component---AddNewContract--saveBtn\"]"}
COMMAND: POST /session/668384e1c1f73f3d5461b9d538daca42/element/f.F64AD31729AEE402AD374BC91D68D115.d.4D729DB1CEEF5988D755D44E6D9CB158.e.8561/click - {}
RESULT: {}
COMMAND: GET /session/668384e1c1f73f3d5461b9d538daca42/screenshot - {}
RESULT: {}
COMMAND: POST /session/668384e1c1f73f3d5461b9d538daca42/execute/async - {"script":"<script> [1562 bytes]","args":[{"selector":{"id":"contractDetailTitleNoExpanded","viewName":"etm.portal.ui.managecontracts.view.Detail"},"wdio_ui5_key":"contractDetailTitleNoExpandedetmportal.ui.managecontracts.view.Detail"}]}
RESULT: {"script":"<script> [1562 bytes]","args":[{"selector":{"id":"contractDetailTitleNoExpanded","viewName":"etm.portal.ui.managecontracts.view.Detail"},"wdio_ui5_key":"contractDetailTitleNoExpandedetmportal.ui.managecontracts.view.Detail"}]}
RESULT: undefined
COMMAND: POST /session/668384e1c1f73f3d5461b9d538daca42/execute/async - {"script":"<script> [6424 bytes]","args":[{"element-6066-11e4-a52e-4f735466cecf":"f.F64AD31729AEE402AD374BC91D68D115.d.4D729DB1CEEF5988D755D44E6D9CB158.e.8648"},"getText",[]]}
RESULT: {"script":"<script> [6424 bytes]","args":[{"element-6066-11e4-a52e-4f735466cecf":"f.F64AD31729AEE402AD374BC91D68D115.d.4D729DB1CEEF5988D755D44E6D9CB158.e.8648"},"getText",[]]}
]]></system-out>
    </testcase>
    <testcase classname="chrome.135_0_7049_96.windows.Provide_to_Site_w/_warehouse_management_wo_clarification" name="Should add resource to the contract" time="58.361">
      <system-out><![CDATA[
COMMAND: POST /session/668384e1c1f73f3d5461b9d538daca42/execute/async - {"script":"<script> [1562 bytes]","args":[{"selector":{"id":"contractDetailEditBtn","viewName":"etm.portal.ui.managecontracts.view.Detail","interaction":{"idSuffix":"BDI-content"}},"wdio_ui5_key":"contractDetailEditBtnetmportal.ui.managecontracts.view.Detail"}]}
RESULT: {"script":"<script> [1562 bytes]","args":[{"selector":{"id":"contractDetailEditBtn","viewName":"etm.portal.ui.managecontracts.view.Detail","interaction":{"idSuffix":"BDI-content"}},"wdio_ui5_key":"contractDetailEditBtnetmportal.ui.managecontracts.view.Detail"}]}
RESULT: undefined
COMMAND: POST /session/668384e1c1f73f3d5461b9d538daca42/element - {"using":"xpath","value":"//*[@id=\"__xmlview63--contractDetailEditBtn\"]"}
RESULT: {"using":"xpath","value":"//*[@id=\"__xmlview63--contractDetailEditBtn\"]"}
COMMAND: POST /session/668384e1c1f73f3d5461b9d538daca42/element/f.F64AD31729AEE402AD374BC91D68D115.d.4D729DB1CEEF5988D755D44E6D9CB158.e.8650/click - {}
RESULT: {}
COMMAND: GET /session/668384e1c1f73f3d5461b9d538daca42/screenshot - {}
RESULT: {}
COMMAND: POST /session/668384e1c1f73f3d5461b9d538daca42/execute/async - {"script":"<script> [1562 bytes]","args":[{"selector":{"id":"additionalAddressesTabFilter","viewName":"etm.portal.ui.managecontracts.view.EditContract","interaction":{"idSuffix":"text"}},"wdio_ui5_key":"additionalAddressesTabFilteretmportal.ui.managecontracts.view.EditContract"}]}
RESULT: {"script":"<script> [1562 bytes]","args":[{"selector":{"id":"additionalAddressesTabFilter","viewName":"etm.portal.ui.managecontracts.view.EditContract","interaction":{"idSuffix":"text"}},"wdio_ui5_key":"additionalAddressesTabFilteretmportal.ui.managecontracts.view.EditContract"}]}
RESULT: undefined
COMMAND: POST /session/668384e1c1f73f3d5461b9d538daca42/element - {"using":"xpath","value":"//*[@id=\"__xmlview64--additionalAddressesTabFilter\"]"}
RESULT: {"using":"xpath","value":"//*[@id=\"__xmlview64--additionalAddressesTabFilter\"]"}
COMMAND: POST /session/668384e1c1f73f3d5461b9d538daca42/element/f.F64AD31729AEE402AD374BC91D68D115.d.4D729DB1CEEF5988D755D44E6D9CB158.e.8707/click - {}
RESULT: {}
RESULT: undefined
COMMAND: POST /session/668384e1c1f73f3d5461b9d538daca42/element - {"using":"xpath","value":"//*[@id=\"__xmlview64--additionalAddressesTabFilter\"]"}
COMMAND: GET /session/668384e1c1f73f3d5461b9d538daca42/screenshot - {}
RESULT: {"using":"xpath","value":"//*[@id=\"__xmlview64--additionalAddressesTabFilter\"]"}
COMMAND: POST /session/668384e1c1f73f3d5461b9d538daca42/element/f.F64AD31729AEE402AD374BC91D68D115.d.4D729DB1CEEF5988D755D44E6D9CB158.e.8707/click - {}
RESULT: {}
RESULT: {}
COMMAND: POST /session/668384e1c1f73f3d5461b9d538daca42/execute/async - {"script":"<script> [1562 bytes]","args":[{"selector":{"controlType":"sap.ui.core.Icon","viewName":"etm.portal.ui.managecontracts.view.EditContract","properties":{"src":{"regex":{"source":"add"}}}},"wdio_ui5_key":"etmportal.ui.managecontracts.view.EditContractsap.ui.core.Icon{\"src\":{\"regex\":{\"source\":\"add\"}}}"}]}
COMMAND: GET /session/668384e1c1f73f3d5461b9d538daca42/screenshot - {}
RESULT: {"script":"<script> [1562 bytes]","args":[{"selector":{"controlType":"sap.ui.core.Icon","viewName":"etm.portal.ui.managecontracts.view.EditContract","properties":{"src":{"regex":{"source":"add"}}}},"wdio_ui5_key":"etmportal.ui.managecontracts.view.EditContractsap.ui.core.Icon{\"src\":{\"regex\":{\"source\":\"add\"}}}"}]}
RESULT: undefined
COMMAND: POST /session/668384e1c1f73f3d5461b9d538daca42/element - {"using":"xpath","value":"//*[@id=\"__xmlview64--btnAddTableRow-img\"]"}
RESULT: {}
RESULT: {"using":"xpath","value":"//*[@id=\"__xmlview64--btnAddTableRow-img\"]"}
COMMAND: POST /session/668384e1c1f73f3d5461b9d538daca42/element/f.F64AD31729AEE402AD374BC91D68D115.d.4D729DB1CEEF5988D755D44E6D9CB158.e.8712/click - {}
RESULT: {}
COMMAND: POST /session/668384e1c1f73f3d5461b9d538daca42/element - {"using":"xpath","value":"//div[(text() = 'Standard Entry' or . = 'Standard Entry')]"}
COMMAND: GET /session/668384e1c1f73f3d5461b9d538daca42/screenshot - {}
RESULT: {"using":"xpath","value":"//div[(text() = 'Standard Entry' or . = 'Standard Entry')]"}
COMMAND: POST /session/668384e1c1f73f3d5461b9d538daca42/element/f.F64AD31729AEE402AD374BC91D68D115.d.4D729DB1CEEF5988D755D44E6D9CB158.e.8715/click - {}
RESULT: {}
RESULT: {}
COMMAND: POST /session/668384e1c1f73f3d5461b9d538daca42/execute/async - {"script":"<script> [1562 bytes]","args":[{"selector":{"controlType":"sap.ui.core.Icon","viewName":"etm.portal.ui.managecontracts.view.EditContract","properties":{"src":{"regex":{"source":"inspect"}}}},"wdio_ui5_key":"etmportal.ui.managecontracts.view.EditContractsap.ui.core.Icon{\"src\":{\"regex\":{\"source\":\"inspect\"}}}"}]}
COMMAND: GET /session/668384e1c1f73f3d5461b9d538daca42/screenshot - {}
RESULT: {"script":"<script> [1562 bytes]","args":[{"selector":{"controlType":"sap.ui.core.Icon","viewName":"etm.portal.ui.managecontracts.view.EditContract","properties":{"src":{"regex":{"source":"inspect"}}}},"wdio_ui5_key":"etmportal.ui.managecontracts.view.EditContractsap.ui.core.Icon{\"src\":{\"regex\":{\"source\":\"inspect\"}}}"}]}
RESULT: undefined
COMMAND: POST /session/668384e1c1f73f3d5461b9d538daca42/element - {"using":"xpath","value":"//*[@id=\"__button329-img\"]"}
RESULT: {}
RESULT: {"using":"xpath","value":"//*[@id=\"__button329-img\"]"}
COMMAND: POST /session/668384e1c1f73f3d5461b9d538daca42/element/f.F64AD31729AEE402AD374BC91D68D115.d.4D729DB1CEEF5988D755D44E6D9CB158.e.8727/click - {}
RESULT: {}
COMMAND: GET /session/668384e1c1f73f3d5461b9d538daca42/screenshot - {}
RESULT: {}
COMMAND: POST /session/668384e1c1f73f3d5461b9d538daca42/element - {"using":"xpath","value":"//td[6]/div/div/input[1]"}
RESULT: {"using":"xpath","value":"//td[6]/div/div/input[1]"}
COMMAND: POST /session/668384e1c1f73f3d5461b9d538daca42/element/f.F64AD31729AEE402AD374BC91D68D115.d.4D729DB1CEEF5988D755D44E6D9CB158.e.8717/clear - {}
RESULT: {}
COMMAND: GET /session/668384e1c1f73f3d5461b9d538daca42/screenshot - {}
RESULT: {}
COMMAND: POST /session/668384e1c1f73f3d5461b9d538daca42/element - {"using":"xpath","value":"//td[6]/div/div/input[1]"}
RESULT: {"using":"xpath","value":"//td[6]/div/div/input[1]"}
COMMAND: POST /session/668384e1c1f73f3d5461b9d538daca42/element/f.F64AD31729AEE402AD374BC91D68D115.d.4D729DB1CEEF5988D755D44E6D9CB158.e.8743/click - {}
RESULT: {}
COMMAND: POST /session/668384e1c1f73f3d5461b9d538daca42/actions - {"actions":[{"id":"action38","type":"key","parameters":{},"actions":[{"type":"keyDown","value":"î€ƒ"},{"type":"pause","duration":10},{"type":"keyUp","value":"î€ƒ"}]}]}
COMMAND: GET /session/668384e1c1f73f3d5461b9d538daca42/screenshot - {}
RESULT: {"actions":[{"id":"action38","type":"key","parameters":{},"actions":[{"type":"keyDown","value":"î€ƒ"},{"type":"pause","duration":10},{"type":"keyUp","value":"î€ƒ"}]}]}
COMMAND: POST /session/668384e1c1f73f3d5461b9d538daca42/element - {"using":"xpath","value":"//td[6]/div/div/input[1]"}
COMMAND: GET /session/668384e1c1f73f3d5461b9d538daca42/screenshot - {}
RESULT: {}
RESULT: {"using":"xpath","value":"//td[6]/div/div/input[1]"}
COMMAND: POST /session/668384e1c1f73f3d5461b9d538daca42/element/f.F64AD31729AEE402AD374BC91D68D115.d.4D729DB1CEEF5988D755D44E6D9CB158.e.8743/clear - {}
RESULT: {}
RESULT: {}
COMMAND: POST /session/668384e1c1f73f3d5461b9d538daca42/element/f.F64AD31729AEE402AD374BC91D68D115.d.4D729DB1CEEF5988D755D44E6D9CB158.e.8743/value - {"text":"Material"}
COMMAND: GET /session/668384e1c1f73f3d5461b9d538daca42/screenshot - {}
RESULT: {"text":"Material"}
COMMAND: GET /session/668384e1c1f73f3d5461b9d538daca42/screenshot - {}
RESULT: {}
RESULT: {}
COMMAND: POST /session/668384e1c1f73f3d5461b9d538daca42/actions - {"actions":[{"id":"action39","type":"key","parameters":{},"actions":[{"type":"keyDown","value":"î€‡"},{"type":"pause","duration":10},{"type":"keyUp","value":"î€‡"}]}]}
RESULT: {"actions":[{"id":"action39","type":"key","parameters":{},"actions":[{"type":"keyDown","value":"î€‡"},{"type":"pause","duration":10},{"type":"keyUp","value":"î€‡"}]}]}
COMMAND: POST /session/668384e1c1f73f3d5461b9d538daca42/element - {"using":"xpath","value":"//td[7]/div/div/input[1]"}
COMMAND: GET /session/668384e1c1f73f3d5461b9d538daca42/screenshot - {}
RESULT: {"using":"xpath","value":"//td[7]/div/div/input[1]"}
COMMAND: POST /session/668384e1c1f73f3d5461b9d538daca42/element/f.F64AD31729AEE402AD374BC91D68D115.d.4D729DB1CEEF5988D755D44E6D9CB158.e.8765/clear - {}
RESULT: {}
RESULT: {}
COMMAND: POST /session/668384e1c1f73f3d5461b9d538daca42/element/f.F64AD31729AEE402AD374BC91D68D115.d.4D729DB1CEEF5988D755D44E6D9CB158.e.8765/value - {"text":"200128"}
COMMAND: GET /session/668384e1c1f73f3d5461b9d538daca42/screenshot - {}
RESULT: {"text":"200128"}
COMMAND: GET /session/668384e1c1f73f3d5461b9d538daca42/screenshot - {}
RESULT: {}
RESULT: {}
COMMAND: POST /session/668384e1c1f73f3d5461b9d538daca42/actions - {"actions":[{"id":"action40","type":"key","parameters":{},"actions":[{"type":"keyDown","value":"î€‡"},{"type":"pause","duration":10},{"type":"keyUp","value":"î€‡"}]}]}
RESULT: {"actions":[{"id":"action40","type":"key","parameters":{},"actions":[{"type":"keyDown","value":"î€‡"},{"type":"pause","duration":10},{"type":"keyUp","value":"î€‡"}]}]}
COMMAND: POST /session/668384e1c1f73f3d5461b9d538daca42/execute/async - {"script":"<script> [1562 bytes]","args":[{"selector":{"controlType":"sap.m.Button","properties":{"text":"OK"},"searchOpenDialogs":true,"interaction":{"idSuffix":"BDI-content"}},"wdio_ui5_key":"sapm.Button{\"text\":\"OK\"}"}]}
COMMAND: GET /session/668384e1c1f73f3d5461b9d538daca42/screenshot - {}
RESULT: {"script":"<script> [1562 bytes]","args":[{"selector":{"controlType":"sap.m.Button","properties":{"text":"OK"},"searchOpenDialogs":true,"interaction":{"idSuffix":"BDI-content"}},"wdio_ui5_key":"sapm.Button{\"text\":\"OK\"}"}]}
RESULT: undefined
COMMAND: POST /session/668384e1c1f73f3d5461b9d538daca42/element - {"using":"xpath","value":"//*[@id=\"__mbox-btn-1\"]"}
RESULT: {}
RESULT: {"using":"xpath","value":"//*[@id=\"__mbox-btn-1\"]"}
COMMAND: POST /session/668384e1c1f73f3d5461b9d538daca42/element/f.F64AD31729AEE402AD374BC91D68D115.d.4D729DB1CEEF5988D755D44E6D9CB158.e.8786/click - {}
RESULT: {}
COMMAND: POST /session/668384e1c1f73f3d5461b9d538daca42/execute/async - {"script":"<script> [1562 bytes]","args":[{"selector":{"id":"saveBtn","viewName":"etm.portal.ui.managecontracts.view.EditContract","interaction":{"idSuffix":"BDI-content"}},"wdio_ui5_key":"saveBtnetmportal.ui.managecontracts.view.EditContract"}]}
COMMAND: GET /session/668384e1c1f73f3d5461b9d538daca42/screenshot - {}
RESULT: {"script":"<script> [1562 bytes]","args":[{"selector":{"id":"saveBtn","viewName":"etm.portal.ui.managecontracts.view.EditContract","interaction":{"idSuffix":"BDI-content"}},"wdio_ui5_key":"saveBtnetmportal.ui.managecontracts.view.EditContract"}]}
RESULT: undefined
COMMAND: POST /session/668384e1c1f73f3d5461b9d538daca42/element - {"using":"xpath","value":"//*[@id=\"__xmlview64--saveBtn\"]"}
RESULT: {}
RESULT: {"using":"xpath","value":"//*[@id=\"__xmlview64--saveBtn\"]"}
COMMAND: POST /session/668384e1c1f73f3d5461b9d538daca42/element/f.F64AD31729AEE402AD374BC91D68D115.d.4D729DB1CEEF5988D755D44E6D9CB158.e.8812/click - {}
RESULT: {}
COMMAND: GET /session/668384e1c1f73f3d5461b9d538daca42/screenshot - {}
RESULT: {}
COMMAND: POST /session/668384e1c1f73f3d5461b9d538daca42/execute/async - {"script":"<script> [1562 bytes]","args":[{"selector":{"id":"additionalAddressesTabFilter","viewName":"etm.portal.ui.managecontracts.view.Detail","interaction":{"idSuffix":"text"}},"wdio_ui5_key":"additionalAddressesTabFilteretmportal.ui.managecontracts.view.Detail"}]}
RESULT: {"script":"<script> [1562 bytes]","args":[{"selector":{"id":"additionalAddressesTabFilter","viewName":"etm.portal.ui.managecontracts.view.Detail","interaction":{"idSuffix":"text"}},"wdio_ui5_key":"additionalAddressesTabFilteretmportal.ui.managecontracts.view.Detail"}]}
RESULT: undefined
COMMAND: POST /session/668384e1c1f73f3d5461b9d538daca42/element - {"using":"xpath","value":"//*[@id=\"__xmlview63--additionalAddressesTabFilter\"]"}
RESULT: {"using":"xpath","value":"//*[@id=\"__xmlview63--additionalAddressesTabFilter\"]"}
COMMAND: POST /session/668384e1c1f73f3d5461b9d538daca42/element/f.F64AD31729AEE402AD374BC91D68D115.d.4D729DB1CEEF5988D755D44E6D9CB158.e.8816/click - {}
RESULT: {}
COMMAND: POST /session/668384e1c1f73f3d5461b9d538daca42/execute/async - {"script":"<script> [1562 bytes]","args":[{"selector":{"id":"contractDetailProvideButton","viewName":"etm.portal.ui.managecontracts.view.Detail","interaction":{"idSuffix":"BDI-content"}},"wdio_ui5_key":"contractDetailProvideButtonetmportal.ui.managecontracts.view.Detail"}]}
COMMAND: GET /session/668384e1c1f73f3d5461b9d538daca42/screenshot - {}
RESULT: {"script":"<script> [1562 bytes]","args":[{"selector":{"id":"contractDetailProvideButton","viewName":"etm.portal.ui.managecontracts.view.Detail","interaction":{"idSuffix":"BDI-content"}},"wdio_ui5_key":"contractDetailProvideButtonetmportal.ui.managecontracts.view.Detail"}]}
RESULT: undefined
COMMAND: POST /session/668384e1c1f73f3d5461b9d538daca42/element - {"using":"xpath","value":"//*[@id=\"__xmlview63--contractDetailProvideButton\"]"}
RESULT: {}
RESULT: {"using":"xpath","value":"//*[@id=\"__xmlview63--contractDetailProvideButton\"]"}
COMMAND: POST /session/668384e1c1f73f3d5461b9d538daca42/element/f.F64AD31729AEE402AD374BC91D68D115.d.4D729DB1CEEF5988D755D44E6D9CB158.e.8821/click - {}
RESULT: {}
COMMAND: GET /session/668384e1c1f73f3d5461b9d538daca42/screenshot - {}
RESULT: {}
]]></system-out>
    </testcase>
    <testcase classname="chrome.135_0_7049_96.windows.Provide_to_Site_w/_warehouse_management_wo_clarification" name="Should Create HandOvers provide to site" time="71.752">
      <system-out><![CDATA[
COMMAND: POST /session/668384e1c1f73f3d5461b9d538daca42/element - {"using":"css selector","value":"#application-managehandovers-display-component---AddNewHO--dueDate-inner"}
RESULT: {"using":"css selector","value":"#application-managehandovers-display-component---AddNewHO--dueDate-inner"}
COMMAND: POST /session/668384e1c1f73f3d5461b9d538daca42/element/f.F64AD31729AEE402AD374BC91D68D115.d.4D729DB1CEEF5988D755D44E6D9CB158.e.8897/clear - {}
RESULT: {}
COMMAND: POST /session/668384e1c1f73f3d5461b9d538daca42/element/f.F64AD31729AEE402AD374BC91D68D115.d.4D729DB1CEEF5988D755D44E6D9CB158.e.8897/value - {"text":"4/27/25"}
COMMAND: GET /session/668384e1c1f73f3d5461b9d538daca42/screenshot - {}
RESULT: {"text":"4/27/25"}
COMMAND: POST /session/668384e1c1f73f3d5461b9d538daca42/element - {"using":"xpath","value":"//bdi[(text() = 'Items' or . = 'Items')]"}
COMMAND: GET /session/668384e1c1f73f3d5461b9d538daca42/screenshot - {}
RESULT: {}
RESULT: {"using":"xpath","value":"//bdi[(text() = 'Items' or . = 'Items')]"}
COMMAND: POST /session/668384e1c1f73f3d5461b9d538daca42/element/f.F64AD31729AEE402AD374BC91D68D115.d.4D729DB1CEEF5988D755D44E6D9CB158.e.9007/click - {}
RESULT: {}
RESULT: {}
COMMAND: POST /session/668384e1c1f73f3d5461b9d538daca42/execute/async - {"script":"<script> [1562 bytes]","args":[{"selector":{"controlType":"sap.m.Button","viewName":"etm.portal.ui.managehandovers.view.AddNewHO","viewId":"application-managehandovers-display-component---AddNewHO","i18NText":{"propertyName":"tooltip","key":"addItems"}},"wdio_ui5_key":"etmportal.ui.managehandovers.view.AddNewHOsap.m.Button{\"propertyName\":\"tooltip\",\"key\":\"addItems\"}"}]}
COMMAND: GET /session/668384e1c1f73f3d5461b9d538daca42/screenshot - {}
RESULT: {"script":"<script> [1562 bytes]","args":[{"selector":{"controlType":"sap.m.Button","viewName":"etm.portal.ui.managehandovers.view.AddNewHO","viewId":"application-managehandovers-display-component---AddNewHO","i18NText":{"propertyName":"tooltip","key":"addItems"}},"wdio_ui5_key":"etmportal.ui.managehandovers.view.AddNewHOsap.m.Button{\"propertyName\":\"tooltip\",\"key\":\"addItems\"}"}]}
RESULT: undefined
COMMAND: POST /session/668384e1c1f73f3d5461b9d538daca42/element - {"using":"xpath","value":"//*[@id=\"__button354\"]"}
RESULT: {}
RESULT: {"using":"xpath","value":"//*[@id=\"__button354\"]"}
COMMAND: POST /session/668384e1c1f73f3d5461b9d538daca42/element/f.F64AD31729AEE402AD374BC91D68D115.d.4D729DB1CEEF5988D755D44E6D9CB158.e.9014/click - {}
RESULT: {}
COMMAND: GET /session/668384e1c1f73f3d5461b9d538daca42/screenshot - {}
RESULT: {}
COMMAND: POST /session/668384e1c1f73f3d5461b9d538daca42/element - {"using":"css selector","value":"div[id= \"application-managehandovers-display-component---AddNewHO--popup-sa-CbBg\"]"}
RESULT: {"using":"css selector","value":"div[id= \"application-managehandovers-display-component---AddNewHO--popup-sa-CbBg\"]"}
COMMAND: POST /session/668384e1c1f73f3d5461b9d538daca42/element/f.F64AD31729AEE402AD374BC91D68D115.d.4D729DB1CEEF5988D755D44E6D9CB158.e.9030/click - {}
RESULT: {}
COMMAND: GET /session/668384e1c1f73f3d5461b9d538daca42/screenshot - {}
RESULT: {}
COMMAND: POST /session/668384e1c1f73f3d5461b9d538daca42/element - {"using":"xpath","value":"//bdi[(text() = 'Select' or . = 'Select')]"}
RESULT: {"using":"xpath","value":"//bdi[(text() = 'Select' or . = 'Select')]"}
COMMAND: POST /session/668384e1c1f73f3d5461b9d538daca42/element/f.F64AD31729AEE402AD374BC91D68D115.d.4D729DB1CEEF5988D755D44E6D9CB158.e.9031/click - {}
RESULT: {}
COMMAND: GET /session/668384e1c1f73f3d5461b9d538daca42/screenshot - {}
RESULT: {}
COMMAND: POST /session/668384e1c1f73f3d5461b9d538daca42/element - {"using":"xpath","value":"//bdi[(text() = 'Save' or . = 'Save')]"}
RESULT: {"using":"xpath","value":"//bdi[(text() = 'Save' or . = 'Save')]"}
COMMAND: POST /session/668384e1c1f73f3d5461b9d538daca42/element/f.F64AD31729AEE402AD374BC91D68D115.d.4D729DB1CEEF5988D755D44E6D9CB158.e.9039/click - {}
RESULT: {}
COMMAND: GET /session/668384e1c1f73f3d5461b9d538daca42/screenshot - {}
RESULT: {}
COMMAND: POST /session/668384e1c1f73f3d5461b9d538daca42/elements - {"using":"xpath","value":"//*[text()='Close']"}
RESULT: {"using":"xpath","value":"//*[text()='Close']"}
COMMAND: GET /session/668384e1c1f73f3d5461b9d538daca42/element/f.F64AD31729AEE402AD374BC91D68D115.d.4D729DB1CEEF5988D755D44E6D9CB158.e.9081/enabled - {}
RESULT: {}
COMMAND: POST /session/668384e1c1f73f3d5461b9d538daca42/execute/sync - {"script":"<script> [8489 bytes]","args":[{"element-6066-11e4-a52e-4f735466cecf":"f.F64AD31729AEE402AD374BC91D68D115.d.4D729DB1CEEF5988D755D44E6D9CB158.e.9081","ELEMENT":"f.F64AD31729AEE402AD374BC91D68D115.d.4D729DB1CEEF5988D755D44E6D9CB158.e.9081"}]}
COMMAND: GET /session/668384e1c1f73f3d5461b9d538daca42/screenshot - {}
RESULT: {"script":"<script> [8489 bytes]","args":[{"element-6066-11e4-a52e-4f735466cecf":"f.F64AD31729AEE402AD374BC91D68D115.d.4D729DB1CEEF5988D755D44E6D9CB158.e.9081","ELEMENT":"f.F64AD31729AEE402AD374BC91D68D115.d.4D729DB1CEEF5988D755D44E6D9CB158.e.9081"}]}
COMMAND: GET /session/668384e1c1f73f3d5461b9d538daca42/screenshot - {}
RESULT: {}
COMMAND: POST /session/668384e1c1f73f3d5461b9d538daca42/execute/sync - {"script":"<script> [8489 bytes]","args":[{"element-6066-11e4-a52e-4f735466cecf":"f.F64AD31729AEE402AD374BC91D68D115.d.4D729DB1CEEF5988D755D44E6D9CB158.e.9081","ELEMENT":"f.F64AD31729AEE402AD374BC91D68D115.d.4D729DB1CEEF5988D755D44E6D9CB158.e.9081"}]}
RESULT: {}
RESULT: {"script":"<script> [8489 bytes]","args":[{"element-6066-11e4-a52e-4f735466cecf":"f.F64AD31729AEE402AD374BC91D68D115.d.4D729DB1CEEF5988D755D44E6D9CB158.e.9081","ELEMENT":"f.F64AD31729AEE402AD374BC91D68D115.d.4D729DB1CEEF5988D755D44E6D9CB158.e.9081"}]}
COMMAND: GET /session/668384e1c1f73f3d5461b9d538daca42/screenshot - {}
COMMAND: POST /session/668384e1c1f73f3d5461b9d538daca42/execute/sync - {"script":"<script> [8489 bytes]","args":[{"element-6066-11e4-a52e-4f735466cecf":"f.F64AD31729AEE402AD374BC91D68D115.d.4D729DB1CEEF5988D755D44E6D9CB158.e.9081","ELEMENT":"f.F64AD31729AEE402AD374BC91D68D115.d.4D729DB1CEEF5988D755D44E6D9CB158.e.9081"}]}
RESULT: {}
RESULT: {"script":"<script> [8489 bytes]","args":[{"element-6066-11e4-a52e-4f735466cecf":"f.F64AD31729AEE402AD374BC91D68D115.d.4D729DB1CEEF5988D755D44E6D9CB158.e.9081","ELEMENT":"f.F64AD31729AEE402AD374BC91D68D115.d.4D729DB1CEEF5988D755D44E6D9CB158.e.9081"}]}
COMMAND: GET /session/668384e1c1f73f3d5461b9d538daca42/screenshot - {}
RESULT: {}
COMMAND: POST /session/668384e1c1f73f3d5461b9d538daca42/execute/sync - {"script":"<script> [8489 bytes]","args":[{"element-6066-11e4-a52e-4f735466cecf":"f.F64AD31729AEE402AD374BC91D68D115.d.4D729DB1CEEF5988D755D44E6D9CB158.e.9081","ELEMENT":"f.F64AD31729AEE402AD374BC91D68D115.d.4D729DB1CEEF5988D755D44E6D9CB158.e.9081"}]}
RESULT: {"script":"<script> [8489 bytes]","args":[{"element-6066-11e4-a52e-4f735466cecf":"f.F64AD31729AEE402AD374BC91D68D115.d.4D729DB1CEEF5988D755D44E6D9CB158.e.9081","ELEMENT":"f.F64AD31729AEE402AD374BC91D68D115.d.4D729DB1CEEF5988D755D44E6D9CB158.e.9081"}]}
COMMAND: GET /session/668384e1c1f73f3d5461b9d538daca42/screenshot - {}
RESULT: {}
COMMAND: POST /session/668384e1c1f73f3d5461b9d538daca42/execute/sync - {"script":"<script> [8489 bytes]","args":[{"element-6066-11e4-a52e-4f735466cecf":"f.F64AD31729AEE402AD374BC91D68D115.d.4D729DB1CEEF5988D755D44E6D9CB158.e.9081","ELEMENT":"f.F64AD31729AEE402AD374BC91D68D115.d.4D729DB1CEEF5988D755D44E6D9CB158.e.9081"}]}
RESULT: {"script":"<script> [8489 bytes]","args":[{"element-6066-11e4-a52e-4f735466cecf":"f.F64AD31729AEE402AD374BC91D68D115.d.4D729DB1CEEF5988D755D44E6D9CB158.e.9081","ELEMENT":"f.F64AD31729AEE402AD374BC91D68D115.d.4D729DB1CEEF5988D755D44E6D9CB158.e.9081"}]}
COMMAND: GET /session/668384e1c1f73f3d5461b9d538daca42/screenshot - {}
RESULT: {}
COMMAND: POST /session/668384e1c1f73f3d5461b9d538daca42/execute/sync - {"script":"<script> [8489 bytes]","args":[{"element-6066-11e4-a52e-4f735466cecf":"f.F64AD31729AEE402AD374BC91D68D115.d.4D729DB1CEEF5988D755D44E6D9CB158.e.9081","ELEMENT":"f.F64AD31729AEE402AD374BC91D68D115.d.4D729DB1CEEF5988D755D44E6D9CB158.e.9081"}]}
RESULT: {"script":"<script> [8489 bytes]","args":[{"element-6066-11e4-a52e-4f735466cecf":"f.F64AD31729AEE402AD374BC91D68D115.d.4D729DB1CEEF5988D755D44E6D9CB158.e.9081","ELEMENT":"f.F64AD31729AEE402AD374BC91D68D115.d.4D729DB1CEEF5988D755D44E6D9CB158.e.9081"}]}
COMMAND: GET /session/668384e1c1f73f3d5461b9d538daca42/screenshot - {}
COMMAND: POST /session/668384e1c1f73f3d5461b9d538daca42/execute/sync - {"script":"<script> [8489 bytes]","args":[{"element-6066-11e4-a52e-4f735466cecf":"f.F64AD31729AEE402AD374BC91D68D115.d.4D729DB1CEEF5988D755D44E6D9CB158.e.9081","ELEMENT":"f.F64AD31729AEE402AD374BC91D68D115.d.4D729DB1CEEF5988D755D44E6D9CB158.e.9081"}]}
RESULT: {}
RESULT: {"script":"<script> [8489 bytes]","args":[{"element-6066-11e4-a52e-4f735466cecf":"f.F64AD31729AEE402AD374BC91D68D115.d.4D729DB1CEEF5988D755D44E6D9CB158.e.9081","ELEMENT":"f.F64AD31729AEE402AD374BC91D68D115.d.4D729DB1CEEF5988D755D44E6D9CB158.e.9081"}]}
COMMAND: GET /session/668384e1c1f73f3d5461b9d538daca42/screenshot - {}
COMMAND: POST /session/668384e1c1f73f3d5461b9d538daca42/execute/sync - {"script":"<script> [8489 bytes]","args":[{"element-6066-11e4-a52e-4f735466cecf":"f.F64AD31729AEE402AD374BC91D68D115.d.4D729DB1CEEF5988D755D44E6D9CB158.e.9081","ELEMENT":"f.F64AD31729AEE402AD374BC91D68D115.d.4D729DB1CEEF5988D755D44E6D9CB158.e.9081"}]}
RESULT: {}
RESULT: {"script":"<script> [8489 bytes]","args":[{"element-6066-11e4-a52e-4f735466cecf":"f.F64AD31729AEE402AD374BC91D68D115.d.4D729DB1CEEF5988D755D44E6D9CB158.e.9081","ELEMENT":"f.F64AD31729AEE402AD374BC91D68D115.d.4D729DB1CEEF5988D755D44E6D9CB158.e.9081"}]}
COMMAND: POST /session/668384e1c1f73f3d5461b9d538daca42/execute/sync - {"script":"<script> [8489 bytes]","args":[{"element-6066-11e4-a52e-4f735466cecf":"f.F64AD31729AEE402AD374BC91D68D115.d.4D729DB1CEEF5988D755D44E6D9CB158.e.9081","ELEMENT":"f.F64AD31729AEE402AD374BC91D68D115.d.4D729DB1CEEF5988D755D44E6D9CB158.e.9081"}]}
COMMAND: GET /session/668384e1c1f73f3d5461b9d538daca42/screenshot - {}
RESULT: {"script":"<script> [8489 bytes]","args":[{"element-6066-11e4-a52e-4f735466cecf":"f.F64AD31729AEE402AD374BC91D68D115.d.4D729DB1CEEF5988D755D44E6D9CB158.e.9081","ELEMENT":"f.F64AD31729AEE402AD374BC91D68D115.d.4D729DB1CEEF5988D755D44E6D9CB158.e.9081"}]}
COMMAND: GET /session/668384e1c1f73f3d5461b9d538daca42/screenshot - {}
COMMAND: POST /session/668384e1c1f73f3d5461b9d538daca42/execute/sync - {"script":"<script> [8489 bytes]","args":[{"element-6066-11e4-a52e-4f735466cecf":"f.F64AD31729AEE402AD374BC91D68D115.d.4D729DB1CEEF5988D755D44E6D9CB158.e.9081","ELEMENT":"f.F64AD31729AEE402AD374BC91D68D115.d.4D729DB1CEEF5988D755D44E6D9CB158.e.9081"}]}
RESULT: {}
RESULT: {}
RESULT: {"script":"<script> [8489 bytes]","args":[{"element-6066-11e4-a52e-4f735466cecf":"f.F64AD31729AEE402AD374BC91D68D115.d.4D729DB1CEEF5988D755D44E6D9CB158.e.9081","ELEMENT":"f.F64AD31729AEE402AD374BC91D68D115.d.4D729DB1CEEF5988D755D44E6D9CB158.e.9081"}]}
COMMAND: POST /session/668384e1c1f73f3d5461b9d538daca42/execute/sync - {"script":"<script> [8489 bytes]","args":[{"element-6066-11e4-a52e-4f735466cecf":"f.F64AD31729AEE402AD374BC91D68D115.d.4D729DB1CEEF5988D755D44E6D9CB158.e.9081","ELEMENT":"f.F64AD31729AEE402AD374BC91D68D115.d.4D729DB1CEEF5988D755D44E6D9CB158.e.9081"}]}
COMMAND: GET /session/668384e1c1f73f3d5461b9d538daca42/screenshot - {}
RESULT: {"script":"<script> [8489 bytes]","args":[{"element-6066-11e4-a52e-4f735466cecf":"f.F64AD31729AEE402AD374BC91D68D115.d.4D729DB1CEEF5988D755D44E6D9CB158.e.9081","ELEMENT":"f.F64AD31729AEE402AD374BC91D68D115.d.4D729DB1CEEF5988D755D44E6D9CB158.e.9081"}]}
COMMAND: GET /session/668384e1c1f73f3d5461b9d538daca42/screenshot - {}
RESULT: {}
COMMAND: POST /session/668384e1c1f73f3d5461b9d538daca42/execute/sync - {"script":"<script> [8489 bytes]","args":[{"element-6066-11e4-a52e-4f735466cecf":"f.F64AD31729AEE402AD374BC91D68D115.d.4D729DB1CEEF5988D755D44E6D9CB158.e.9081","ELEMENT":"f.F64AD31729AEE402AD374BC91D68D115.d.4D729DB1CEEF5988D755D44E6D9CB158.e.9081"}]}
RESULT: {}
RESULT: {"script":"<script> [8489 bytes]","args":[{"element-6066-11e4-a52e-4f735466cecf":"f.F64AD31729AEE402AD374BC91D68D115.d.4D729DB1CEEF5988D755D44E6D9CB158.e.9081","ELEMENT":"f.F64AD31729AEE402AD374BC91D68D115.d.4D729DB1CEEF5988D755D44E6D9CB158.e.9081"}]}
COMMAND: GET /session/668384e1c1f73f3d5461b9d538daca42/screenshot - {}
RESULT: {}
COMMAND: POST /session/668384e1c1f73f3d5461b9d538daca42/execute/sync - {"script":"<script> [8489 bytes]","args":[{"element-6066-11e4-a52e-4f735466cecf":"f.F64AD31729AEE402AD374BC91D68D115.d.4D729DB1CEEF5988D755D44E6D9CB158.e.9081","ELEMENT":"f.F64AD31729AEE402AD374BC91D68D115.d.4D729DB1CEEF5988D755D44E6D9CB158.e.9081"}]}
RESULT: {"script":"<script> [8489 bytes]","args":[{"element-6066-11e4-a52e-4f735466cecf":"f.F64AD31729AEE402AD374BC91D68D115.d.4D729DB1CEEF5988D755D44E6D9CB158.e.9081","ELEMENT":"f.F64AD31729AEE402AD374BC91D68D115.d.4D729DB1CEEF5988D755D44E6D9CB158.e.9081"}]}
COMMAND: GET /session/668384e1c1f73f3d5461b9d538daca42/screenshot - {}
RESULT: {}
COMMAND: POST /session/668384e1c1f73f3d5461b9d538daca42/execute/sync - {"script":"<script> [8489 bytes]","args":[{"element-6066-11e4-a52e-4f735466cecf":"f.F64AD31729AEE402AD374BC91D68D115.d.4D729DB1CEEF5988D755D44E6D9CB158.e.9081","ELEMENT":"f.F64AD31729AEE402AD374BC91D68D115.d.4D729DB1CEEF5988D755D44E6D9CB158.e.9081"}]}
RESULT: {"script":"<script> [8489 bytes]","args":[{"element-6066-11e4-a52e-4f735466cecf":"f.F64AD31729AEE402AD374BC91D68D115.d.4D729DB1CEEF5988D755D44E6D9CB158.e.9081","ELEMENT":"f.F64AD31729AEE402AD374BC91D68D115.d.4D729DB1CEEF5988D755D44E6D9CB158.e.9081"}]}
COMMAND: GET /session/668384e1c1f73f3d5461b9d538daca42/screenshot - {}
RESULT: {}
COMMAND: POST /session/668384e1c1f73f3d5461b9d538daca42/execute/sync - {"script":"<script> [8489 bytes]","args":[{"element-6066-11e4-a52e-4f735466cecf":"f.F64AD31729AEE402AD374BC91D68D115.d.4D729DB1CEEF5988D755D44E6D9CB158.e.9081","ELEMENT":"f.F64AD31729AEE402AD374BC91D68D115.d.4D729DB1CEEF5988D755D44E6D9CB158.e.9081"}]}
RESULT: {"script":"<script> [8489 bytes]","args":[{"element-6066-11e4-a52e-4f735466cecf":"f.F64AD31729AEE402AD374BC91D68D115.d.4D729DB1CEEF5988D755D44E6D9CB158.e.9081","ELEMENT":"f.F64AD31729AEE402AD374BC91D68D115.d.4D729DB1CEEF5988D755D44E6D9CB158.e.9081"}]}
COMMAND: GET /session/668384e1c1f73f3d5461b9d538daca42/screenshot - {}
RESULT: {}
COMMAND: POST /session/668384e1c1f73f3d5461b9d538daca42/execute/sync - {"script":"<script> [8489 bytes]","args":[{"element-6066-11e4-a52e-4f735466cecf":"f.F64AD31729AEE402AD374BC91D68D115.d.4D729DB1CEEF5988D755D44E6D9CB158.e.9081","ELEMENT":"f.F64AD31729AEE402AD374BC91D68D115.d.4D729DB1CEEF5988D755D44E6D9CB158.e.9081"}]}
RESULT: {"script":"<script> [8489 bytes]","args":[{"element-6066-11e4-a52e-4f735466cecf":"f.F64AD31729AEE402AD374BC91D68D115.d.4D729DB1CEEF5988D755D44E6D9CB158.e.9081","ELEMENT":"f.F64AD31729AEE402AD374BC91D68D115.d.4D729DB1CEEF5988D755D44E6D9CB158.e.9081"}]}
COMMAND: GET /session/668384e1c1f73f3d5461b9d538daca42/screenshot - {}
RESULT: {}
COMMAND: POST /session/668384e1c1f73f3d5461b9d538daca42/execute/sync - {"script":"<script> [8489 bytes]","args":[{"element-6066-11e4-a52e-4f735466cecf":"f.F64AD31729AEE402AD374BC91D68D115.d.4D729DB1CEEF5988D755D44E6D9CB158.e.9081","ELEMENT":"f.F64AD31729AEE402AD374BC91D68D115.d.4D729DB1CEEF5988D755D44E6D9CB158.e.9081"}]}
RESULT: {"script":"<script> [8489 bytes]","args":[{"element-6066-11e4-a52e-4f735466cecf":"f.F64AD31729AEE402AD374BC91D68D115.d.4D729DB1CEEF5988D755D44E6D9CB158.e.9081","ELEMENT":"f.F64AD31729AEE402AD374BC91D68D115.d.4D729DB1CEEF5988D755D44E6D9CB158.e.9081"}]}
COMMAND: GET /session/668384e1c1f73f3d5461b9d538daca42/screenshot - {}
RESULT: {}
COMMAND: POST /session/668384e1c1f73f3d5461b9d538daca42/execute/sync - {"script":"<script> [8489 bytes]","args":[{"element-6066-11e4-a52e-4f735466cecf":"f.F64AD31729AEE402AD374BC91D68D115.d.4D729DB1CEEF5988D755D44E6D9CB158.e.9081","ELEMENT":"f.F64AD31729AEE402AD374BC91D68D115.d.4D729DB1CEEF5988D755D44E6D9CB158.e.9081"}]}
RESULT: {"script":"<script> [8489 bytes]","args":[{"element-6066-11e4-a52e-4f735466cecf":"f.F64AD31729AEE402AD374BC91D68D115.d.4D729DB1CEEF5988D755D44E6D9CB158.e.9081","ELEMENT":"f.F64AD31729AEE402AD374BC91D68D115.d.4D729DB1CEEF5988D755D44E6D9CB158.e.9081"}]}
COMMAND: GET /session/668384e1c1f73f3d5461b9d538daca42/screenshot - {}
RESULT: {}
COMMAND: POST /session/668384e1c1f73f3d5461b9d538daca42/execute/sync - {"script":"<script> [8489 bytes]","args":[{"element-6066-11e4-a52e-4f735466cecf":"f.F64AD31729AEE402AD374BC91D68D115.d.4D729DB1CEEF5988D755D44E6D9CB158.e.9081","ELEMENT":"f.F64AD31729AEE402AD374BC91D68D115.d.4D729DB1CEEF5988D755D44E6D9CB158.e.9081"}]}
RESULT: {"script":"<script> [8489 bytes]","args":[{"element-6066-11e4-a52e-4f735466cecf":"f.F64AD31729AEE402AD374BC91D68D115.d.4D729DB1CEEF5988D755D44E6D9CB158.e.9081","ELEMENT":"f.F64AD31729AEE402AD374BC91D68D115.d.4D729DB1CEEF5988D755D44E6D9CB158.e.9081"}]}
COMMAND: GET /session/668384e1c1f73f3d5461b9d538daca42/screenshot - {}
RESULT: {}
COMMAND: POST /session/668384e1c1f73f3d5461b9d538daca42/execute/sync - {"script":"<script> [8489 bytes]","args":[{"element-6066-11e4-a52e-4f735466cecf":"f.F64AD31729AEE402AD374BC91D68D115.d.4D729DB1CEEF5988D755D44E6D9CB158.e.9081","ELEMENT":"f.F64AD31729AEE402AD374BC91D68D115.d.4D729DB1CEEF5988D755D44E6D9CB158.e.9081"}]}
RESULT: {"script":"<script> [8489 bytes]","args":[{"element-6066-11e4-a52e-4f735466cecf":"f.F64AD31729AEE402AD374BC91D68D115.d.4D729DB1CEEF5988D755D44E6D9CB158.e.9081","ELEMENT":"f.F64AD31729AEE402AD374BC91D68D115.d.4D729DB1CEEF5988D755D44E6D9CB158.e.9081"}]}
COMMAND: GET /session/668384e1c1f73f3d5461b9d538daca42/screenshot - {}
RESULT: {}
COMMAND: POST /session/668384e1c1f73f3d5461b9d538daca42/execute/sync - {"script":"<script> [8489 bytes]","args":[{"element-6066-11e4-a52e-4f735466cecf":"f.F64AD31729AEE402AD374BC91D68D115.d.4D729DB1CEEF5988D755D44E6D9CB158.e.9081","ELEMENT":"f.F64AD31729AEE402AD374BC91D68D115.d.4D729DB1CEEF5988D755D44E6D9CB158.e.9081"}]}
RESULT: {"script":"<script> [8489 bytes]","args":[{"element-6066-11e4-a52e-4f735466cecf":"f.F64AD31729AEE402AD374BC91D68D115.d.4D729DB1CEEF5988D755D44E6D9CB158.e.9081","ELEMENT":"f.F64AD31729AEE402AD374BC91D68D115.d.4D729DB1CEEF5988D755D44E6D9CB158.e.9081"}]}
COMMAND: GET /session/668384e1c1f73f3d5461b9d538daca42/screenshot - {}
RESULT: {}
COMMAND: POST /session/668384e1c1f73f3d5461b9d538daca42/execute/sync - {"script":"<script> [8489 bytes]","args":[{"element-6066-11e4-a52e-4f735466cecf":"f.F64AD31729AEE402AD374BC91D68D115.d.4D729DB1CEEF5988D755D44E6D9CB158.e.9081","ELEMENT":"f.F64AD31729AEE402AD374BC91D68D115.d.4D729DB1CEEF5988D755D44E6D9CB158.e.9081"}]}
RESULT: {"script":"<script> [8489 bytes]","args":[{"element-6066-11e4-a52e-4f735466cecf":"f.F64AD31729AEE402AD374BC91D68D115.d.4D729DB1CEEF5988D755D44E6D9CB158.e.9081","ELEMENT":"f.F64AD31729AEE402AD374BC91D68D115.d.4D729DB1CEEF5988D755D44E6D9CB158.e.9081"}]}
COMMAND: GET /session/668384e1c1f73f3d5461b9d538daca42/screenshot - {}
RESULT: {}
COMMAND: POST /session/668384e1c1f73f3d5461b9d538daca42/execute/sync - {"script":"<script> [8489 bytes]","args":[{"element-6066-11e4-a52e-4f735466cecf":"f.F64AD31729AEE402AD374BC91D68D115.d.4D729DB1CEEF5988D755D44E6D9CB158.e.9081","ELEMENT":"f.F64AD31729AEE402AD374BC91D68D115.d.4D729DB1CEEF5988D755D44E6D9CB158.e.9081"}]}
RESULT: {"script":"<script> [8489 bytes]","args":[{"element-6066-11e4-a52e-4f735466cecf":"f.F64AD31729AEE402AD374BC91D68D115.d.4D729DB1CEEF5988D755D44E6D9CB158.e.9081","ELEMENT":"f.F64AD31729AEE402AD374BC91D68D115.d.4D729DB1CEEF5988D755D44E6D9CB158.e.9081"}]}
COMMAND: GET /session/668384e1c1f73f3d5461b9d538daca42/screenshot - {}
COMMAND: POST /session/668384e1c1f73f3d5461b9d538daca42/execute/sync - {"script":"<script> [8489 bytes]","args":[{"element-6066-11e4-a52e-4f735466cecf":"f.F64AD31729AEE402AD374BC91D68D115.d.4D729DB1CEEF5988D755D44E6D9CB158.e.9081","ELEMENT":"f.F64AD31729AEE402AD374BC91D68D115.d.4D729DB1CEEF5988D755D44E6D9CB158.e.9081"}]}
RESULT: {}
RESULT: {"script":"<script> [8489 bytes]","args":[{"element-6066-11e4-a52e-4f735466cecf":"f.F64AD31729AEE402AD374BC91D68D115.d.4D729DB1CEEF5988D755D44E6D9CB158.e.9081","ELEMENT":"f.F64AD31729AEE402AD374BC91D68D115.d.4D729DB1CEEF5988D755D44E6D9CB158.e.9081"}]}
COMMAND: GET /session/668384e1c1f73f3d5461b9d538daca42/screenshot - {}
RESULT: {}
COMMAND: POST /session/668384e1c1f73f3d5461b9d538daca42/execute/sync - {"script":"<script> [8489 bytes]","args":[{"element-6066-11e4-a52e-4f735466cecf":"f.F64AD31729AEE402AD374BC91D68D115.d.4D729DB1CEEF5988D755D44E6D9CB158.e.9081","ELEMENT":"f.F64AD31729AEE402AD374BC91D68D115.d.4D729DB1CEEF5988D755D44E6D9CB158.e.9081"}]}
RESULT: {"script":"<script> [8489 bytes]","args":[{"element-6066-11e4-a52e-4f735466cecf":"f.F64AD31729AEE402AD374BC91D68D115.d.4D729DB1CEEF5988D755D44E6D9CB158.e.9081","ELEMENT":"f.F64AD31729AEE402AD374BC91D68D115.d.4D729DB1CEEF5988D755D44E6D9CB158.e.9081"}]}
COMMAND: GET /session/668384e1c1f73f3d5461b9d538daca42/screenshot - {}
RESULT: {}
COMMAND: POST /session/668384e1c1f73f3d5461b9d538daca42/execute/sync - {"script":"<script> [8489 bytes]","args":[{"element-6066-11e4-a52e-4f735466cecf":"f.F64AD31729AEE402AD374BC91D68D115.d.4D729DB1CEEF5988D755D44E6D9CB158.e.9081","ELEMENT":"f.F64AD31729AEE402AD374BC91D68D115.d.4D729DB1CEEF5988D755D44E6D9CB158.e.9081"}]}
RESULT: {"script":"<script> [8489 bytes]","args":[{"element-6066-11e4-a52e-4f735466cecf":"f.F64AD31729AEE402AD374BC91D68D115.d.4D729DB1CEEF5988D755D44E6D9CB158.e.9081","ELEMENT":"f.F64AD31729AEE402AD374BC91D68D115.d.4D729DB1CEEF5988D755D44E6D9CB158.e.9081"}]}
COMMAND: GET /session/668384e1c1f73f3d5461b9d538daca42/screenshot - {}
RESULT: {}
COMMAND: POST /session/668384e1c1f73f3d5461b9d538daca42/execute/sync - {"script":"<script> [8489 bytes]","args":[{"element-6066-11e4-a52e-4f735466cecf":"f.F64AD31729AEE402AD374BC91D68D115.d.4D729DB1CEEF5988D755D44E6D9CB158.e.9081","ELEMENT":"f.F64AD31729AEE402AD374BC91D68D115.d.4D729DB1CEEF5988D755D44E6D9CB158.e.9081"}]}
RESULT: {"script":"<script> [8489 bytes]","args":[{"element-6066-11e4-a52e-4f735466cecf":"f.F64AD31729AEE402AD374BC91D68D115.d.4D729DB1CEEF5988D755D44E6D9CB158.e.9081","ELEMENT":"f.F64AD31729AEE402AD374BC91D68D115.d.4D729DB1CEEF5988D755D44E6D9CB158.e.9081"}]}
COMMAND: GET /session/668384e1c1f73f3d5461b9d538daca42/screenshot - {}
RESULT: {}
COMMAND: POST /session/668384e1c1f73f3d5461b9d538daca42/execute/sync - {"script":"<script> [8489 bytes]","args":[{"element-6066-11e4-a52e-4f735466cecf":"f.F64AD31729AEE402AD374BC91D68D115.d.4D729DB1CEEF5988D755D44E6D9CB158.e.9081","ELEMENT":"f.F64AD31729AEE402AD374BC91D68D115.d.4D729DB1CEEF5988D755D44E6D9CB158.e.9081"}]}
RESULT: {"script":"<script> [8489 bytes]","args":[{"element-6066-11e4-a52e-4f735466cecf":"f.F64AD31729AEE402AD374BC91D68D115.d.4D729DB1CEEF5988D755D44E6D9CB158.e.9081","ELEMENT":"f.F64AD31729AEE402AD374BC91D68D115.d.4D729DB1CEEF5988D755D44E6D9CB158.e.9081"}]}
COMMAND: GET /session/668384e1c1f73f3d5461b9d538daca42/screenshot - {}
RESULT: {}
COMMAND: POST /session/668384e1c1f73f3d5461b9d538daca42/execute/sync - {"script":"<script> [8489 bytes]","args":[{"element-6066-11e4-a52e-4f735466cecf":"f.F64AD31729AEE402AD374BC91D68D115.d.4D729DB1CEEF5988D755D44E6D9CB158.e.9081","ELEMENT":"f.F64AD31729AEE402AD374BC91D68D115.d.4D729DB1CEEF5988D755D44E6D9CB158.e.9081"}]}
RESULT: {"script":"<script> [8489 bytes]","args":[{"element-6066-11e4-a52e-4f735466cecf":"f.F64AD31729AEE402AD374BC91D68D115.d.4D729DB1CEEF5988D755D44E6D9CB158.e.9081","ELEMENT":"f.F64AD31729AEE402AD374BC91D68D115.d.4D729DB1CEEF5988D755D44E6D9CB158.e.9081"}]}
COMMAND: GET /session/668384e1c1f73f3d5461b9d538daca42/screenshot - {}
RESULT: {}
COMMAND: POST /session/668384e1c1f73f3d5461b9d538daca42/execute/sync - {"script":"<script> [8489 bytes]","args":[{"element-6066-11e4-a52e-4f735466cecf":"f.F64AD31729AEE402AD374BC91D68D115.d.4D729DB1CEEF5988D755D44E6D9CB158.e.9081","ELEMENT":"f.F64AD31729AEE402AD374BC91D68D115.d.4D729DB1CEEF5988D755D44E6D9CB158.e.9081"}]}
RESULT: {"script":"<script> [8489 bytes]","args":[{"element-6066-11e4-a52e-4f735466cecf":"f.F64AD31729AEE402AD374BC91D68D115.d.4D729DB1CEEF5988D755D44E6D9CB158.e.9081","ELEMENT":"f.F64AD31729AEE402AD374BC91D68D115.d.4D729DB1CEEF5988D755D44E6D9CB158.e.9081"}]}
COMMAND: GET /session/668384e1c1f73f3d5461b9d538daca42/screenshot - {}
RESULT: {}
COMMAND: POST /session/668384e1c1f73f3d5461b9d538daca42/execute/sync - {"script":"<script> [8489 bytes]","args":[{"element-6066-11e4-a52e-4f735466cecf":"f.F64AD31729AEE402AD374BC91D68D115.d.4D729DB1CEEF5988D755D44E6D9CB158.e.9081","ELEMENT":"f.F64AD31729AEE402AD374BC91D68D115.d.4D729DB1CEEF5988D755D44E6D9CB158.e.9081"}]}
RESULT: {"script":"<script> [8489 bytes]","args":[{"element-6066-11e4-a52e-4f735466cecf":"f.F64AD31729AEE402AD374BC91D68D115.d.4D729DB1CEEF5988D755D44E6D9CB158.e.9081","ELEMENT":"f.F64AD31729AEE402AD374BC91D68D115.d.4D729DB1CEEF5988D755D44E6D9CB158.e.9081"}]}
COMMAND: GET /session/668384e1c1f73f3d5461b9d538daca42/screenshot - {}
RESULT: {}
COMMAND: POST /session/668384e1c1f73f3d5461b9d538daca42/execute/sync - {"script":"<script> [8489 bytes]","args":[{"element-6066-11e4-a52e-4f735466cecf":"f.F64AD31729AEE402AD374BC91D68D115.d.4D729DB1CEEF5988D755D44E6D9CB158.e.9081","ELEMENT":"f.F64AD31729AEE402AD374BC91D68D115.d.4D729DB1CEEF5988D755D44E6D9CB158.e.9081"}]}
RESULT: {"script":"<script> [8489 bytes]","args":[{"element-6066-11e4-a52e-4f735466cecf":"f.F64AD31729AEE402AD374BC91D68D115.d.4D729DB1CEEF5988D755D44E6D9CB158.e.9081","ELEMENT":"f.F64AD31729AEE402AD374BC91D68D115.d.4D729DB1CEEF5988D755D44E6D9CB158.e.9081"}]}
COMMAND: GET /session/668384e1c1f73f3d5461b9d538daca42/screenshot - {}
RESULT: {}
COMMAND: POST /session/668384e1c1f73f3d5461b9d538daca42/execute/sync - {"script":"<script> [8489 bytes]","args":[{"element-6066-11e4-a52e-4f735466cecf":"f.F64AD31729AEE402AD374BC91D68D115.d.4D729DB1CEEF5988D755D44E6D9CB158.e.9081","ELEMENT":"f.F64AD31729AEE402AD374BC91D68D115.d.4D729DB1CEEF5988D755D44E6D9CB158.e.9081"}]}
RESULT: {"script":"<script> [8489 bytes]","args":[{"element-6066-11e4-a52e-4f735466cecf":"f.F64AD31729AEE402AD374BC91D68D115.d.4D729DB1CEEF5988D755D44E6D9CB158.e.9081","ELEMENT":"f.F64AD31729AEE402AD374BC91D68D115.d.4D729DB1CEEF5988D755D44E6D9CB158.e.9081"}]}
COMMAND: GET /session/668384e1c1f73f3d5461b9d538daca42/screenshot - {}
RESULT: {}
COMMAND: POST /session/668384e1c1f73f3d5461b9d538daca42/execute/sync - {"script":"<script> [8489 bytes]","args":[{"element-6066-11e4-a52e-4f735466cecf":"f.F64AD31729AEE402AD374BC91D68D115.d.4D729DB1CEEF5988D755D44E6D9CB158.e.9081","ELEMENT":"f.F64AD31729AEE402AD374BC91D68D115.d.4D729DB1CEEF5988D755D44E6D9CB158.e.9081"}]}
RESULT: {"script":"<script> [8489 bytes]","args":[{"element-6066-11e4-a52e-4f735466cecf":"f.F64AD31729AEE402AD374BC91D68D115.d.4D729DB1CEEF5988D755D44E6D9CB158.e.9081","ELEMENT":"f.F64AD31729AEE402AD374BC91D68D115.d.4D729DB1CEEF5988D755D44E6D9CB158.e.9081"}]}
COMMAND: GET /session/668384e1c1f73f3d5461b9d538daca42/screenshot - {}
RESULT: {}
COMMAND: POST /session/668384e1c1f73f3d5461b9d538daca42/execute/sync - {"script":"<script> [8489 bytes]","args":[{"element-6066-11e4-a52e-4f735466cecf":"f.F64AD31729AEE402AD374BC91D68D115.d.4D729DB1CEEF5988D755D44E6D9CB158.e.9081","ELEMENT":"f.F64AD31729AEE402AD374BC91D68D115.d.4D729DB1CEEF5988D755D44E6D9CB158.e.9081"}]}
RESULT: {"script":"<script> [8489 bytes]","args":[{"element-6066-11e4-a52e-4f735466cecf":"f.F64AD31729AEE402AD374BC91D68D115.d.4D729DB1CEEF5988D755D44E6D9CB158.e.9081","ELEMENT":"f.F64AD31729AEE402AD374BC91D68D115.d.4D729DB1CEEF5988D755D44E6D9CB158.e.9081"}]}
COMMAND: GET /session/668384e1c1f73f3d5461b9d538daca42/screenshot - {}
RESULT: {}
COMMAND: POST /session/668384e1c1f73f3d5461b9d538daca42/execute/sync - {"script":"<script> [8489 bytes]","args":[{"element-6066-11e4-a52e-4f735466cecf":"f.F64AD31729AEE402AD374BC91D68D115.d.4D729DB1CEEF5988D755D44E6D9CB158.e.9081","ELEMENT":"f.F64AD31729AEE402AD374BC91D68D115.d.4D729DB1CEEF5988D755D44E6D9CB158.e.9081"}]}
RESULT: {"script":"<script> [8489 bytes]","args":[{"element-6066-11e4-a52e-4f735466cecf":"f.F64AD31729AEE402AD374BC91D68D115.d.4D729DB1CEEF5988D755D44E6D9CB158.e.9081","ELEMENT":"f.F64AD31729AEE402AD374BC91D68D115.d.4D729DB1CEEF5988D755D44E6D9CB158.e.9081"}]}
COMMAND: GET /session/668384e1c1f73f3d5461b9d538daca42/screenshot - {}
RESULT: {}
COMMAND: POST /session/668384e1c1f73f3d5461b9d538daca42/execute/sync - {"script":"<script> [8489 bytes]","args":[{"element-6066-11e4-a52e-4f735466cecf":"f.F64AD31729AEE402AD374BC91D68D115.d.4D729DB1CEEF5988D755D44E6D9CB158.e.9081","ELEMENT":"f.F64AD31729AEE402AD374BC91D68D115.d.4D729DB1CEEF5988D755D44E6D9CB158.e.9081"}]}
RESULT: {"script":"<script> [8489 bytes]","args":[{"element-6066-11e4-a52e-4f735466cecf":"f.F64AD31729AEE402AD374BC91D68D115.d.4D729DB1CEEF5988D755D44E6D9CB158.e.9081","ELEMENT":"f.F64AD31729AEE402AD374BC91D68D115.d.4D729DB1CEEF5988D755D44E6D9CB158.e.9081"}]}
COMMAND: GET /session/668384e1c1f73f3d5461b9d538daca42/screenshot - {}
RESULT: {}
COMMAND: POST /session/668384e1c1f73f3d5461b9d538daca42/execute/sync - {"script":"<script> [8489 bytes]","args":[{"element-6066-11e4-a52e-4f735466cecf":"f.F64AD31729AEE402AD374BC91D68D115.d.4D729DB1CEEF5988D755D44E6D9CB158.e.9081","ELEMENT":"f.F64AD31729AEE402AD374BC91D68D115.d.4D729DB1CEEF5988D755D44E6D9CB158.e.9081"}]}
RESULT: {"script":"<script> [8489 bytes]","args":[{"element-6066-11e4-a52e-4f735466cecf":"f.F64AD31729AEE402AD374BC91D68D115.d.4D729DB1CEEF5988D755D44E6D9CB158.e.9081","ELEMENT":"f.F64AD31729AEE402AD374BC91D68D115.d.4D729DB1CEEF5988D755D44E6D9CB158.e.9081"}]}
COMMAND: GET /session/668384e1c1f73f3d5461b9d538daca42/screenshot - {}
RESULT: {}
COMMAND: POST /session/668384e1c1f73f3d5461b9d538daca42/execute/sync - {"script":"<script> [8489 bytes]","args":[{"element-6066-11e4-a52e-4f735466cecf":"f.F64AD31729AEE402AD374BC91D68D115.d.4D729DB1CEEF5988D755D44E6D9CB158.e.9081","ELEMENT":"f.F64AD31729AEE402AD374BC91D68D115.d.4D729DB1CEEF5988D755D44E6D9CB158.e.9081"}]}
RESULT: {"script":"<script> [8489 bytes]","args":[{"element-6066-11e4-a52e-4f735466cecf":"f.F64AD31729AEE402AD374BC91D68D115.d.4D729DB1CEEF5988D755D44E6D9CB158.e.9081","ELEMENT":"f.F64AD31729AEE402AD374BC91D68D115.d.4D729DB1CEEF5988D755D44E6D9CB158.e.9081"}]}
COMMAND: GET /session/668384e1c1f73f3d5461b9d538daca42/screenshot - {}
COMMAND: POST /session/668384e1c1f73f3d5461b9d538daca42/execute/sync - {"script":"<script> [8489 bytes]","args":[{"element-6066-11e4-a52e-4f735466cecf":"f.F64AD31729AEE402AD374BC91D68D115.d.4D729DB1CEEF5988D755D44E6D9CB158.e.9081","ELEMENT":"f.F64AD31729AEE402AD374BC91D68D115.d.4D729DB1CEEF5988D755D44E6D9CB158.e.9081"}]}
RESULT: {}
RESULT: {"script":"<script> [8489 bytes]","args":[{"element-6066-11e4-a52e-4f735466cecf":"f.F64AD31729AEE402AD374BC91D68D115.d.4D729DB1CEEF5988D755D44E6D9CB158.e.9081","ELEMENT":"f.F64AD31729AEE402AD374BC91D68D115.d.4D729DB1CEEF5988D755D44E6D9CB158.e.9081"}]}
COMMAND: GET /session/668384e1c1f73f3d5461b9d538daca42/screenshot - {}
RESULT: {}
COMMAND: POST /session/668384e1c1f73f3d5461b9d538daca42/execute/sync - {"script":"<script> [8489 bytes]","args":[{"element-6066-11e4-a52e-4f735466cecf":"f.F64AD31729AEE402AD374BC91D68D115.d.4D729DB1CEEF5988D755D44E6D9CB158.e.9081","ELEMENT":"f.F64AD31729AEE402AD374BC91D68D115.d.4D729DB1CEEF5988D755D44E6D9CB158.e.9081"}]}
RESULT: {"script":"<script> [8489 bytes]","args":[{"element-6066-11e4-a52e-4f735466cecf":"f.F64AD31729AEE402AD374BC91D68D115.d.4D729DB1CEEF5988D755D44E6D9CB158.e.9081","ELEMENT":"f.F64AD31729AEE402AD374BC91D68D115.d.4D729DB1CEEF5988D755D44E6D9CB158.e.9081"}]}
COMMAND: GET /session/668384e1c1f73f3d5461b9d538daca42/screenshot - {}
RESULT: {}
COMMAND: POST /session/668384e1c1f73f3d5461b9d538daca42/execute/sync - {"script":"<script> [8489 bytes]","args":[{"element-6066-11e4-a52e-4f735466cecf":"f.F64AD31729AEE402AD374BC91D68D115.d.4D729DB1CEEF5988D755D44E6D9CB158.e.9081","ELEMENT":"f.F64AD31729AEE402AD374BC91D68D115.d.4D729DB1CEEF5988D755D44E6D9CB158.e.9081"}]}
RESULT: {"script":"<script> [8489 bytes]","args":[{"element-6066-11e4-a52e-4f735466cecf":"f.F64AD31729AEE402AD374BC91D68D115.d.4D729DB1CEEF5988D755D44E6D9CB158.e.9081","ELEMENT":"f.F64AD31729AEE402AD374BC91D68D115.d.4D729DB1CEEF5988D755D44E6D9CB158.e.9081"}]}
COMMAND: GET /session/668384e1c1f73f3d5461b9d538daca42/screenshot - {}
RESULT: {}
COMMAND: POST /session/668384e1c1f73f3d5461b9d538daca42/execute/sync - {"script":"<script> [8489 bytes]","args":[{"element-6066-11e4-a52e-4f735466cecf":"f.F64AD31729AEE402AD374BC91D68D115.d.4D729DB1CEEF5988D755D44E6D9CB158.e.9081","ELEMENT":"f.F64AD31729AEE402AD374BC91D68D115.d.4D729DB1CEEF5988D755D44E6D9CB158.e.9081"}]}
RESULT: {"script":"<script> [8489 bytes]","args":[{"element-6066-11e4-a52e-4f735466cecf":"f.F64AD31729AEE402AD374BC91D68D115.d.4D729DB1CEEF5988D755D44E6D9CB158.e.9081","ELEMENT":"f.F64AD31729AEE402AD374BC91D68D115.d.4D729DB1CEEF5988D755D44E6D9CB158.e.9081"}]}
COMMAND: GET /session/668384e1c1f73f3d5461b9d538daca42/screenshot - {}
RESULT: {}
COMMAND: POST /session/668384e1c1f73f3d5461b9d538daca42/execute/sync - {"script":"<script> [8489 bytes]","args":[{"element-6066-11e4-a52e-4f735466cecf":"f.F64AD31729AEE402AD374BC91D68D115.d.4D729DB1CEEF5988D755D44E6D9CB158.e.9081","ELEMENT":"f.F64AD31729AEE402AD374BC91D68D115.d.4D729DB1CEEF5988D755D44E6D9CB158.e.9081"}]}
RESULT: {"script":"<script> [8489 bytes]","args":[{"element-6066-11e4-a52e-4f735466cecf":"f.F64AD31729AEE402AD374BC91D68D115.d.4D729DB1CEEF5988D755D44E6D9CB158.e.9081","ELEMENT":"f.F64AD31729AEE402AD374BC91D68D115.d.4D729DB1CEEF5988D755D44E6D9CB158.e.9081"}]}
COMMAND: GET /session/668384e1c1f73f3d5461b9d538daca42/screenshot - {}
RESULT: {}
COMMAND: POST /session/668384e1c1f73f3d5461b9d538daca42/execute/sync - {"script":"<script> [8489 bytes]","args":[{"element-6066-11e4-a52e-4f735466cecf":"f.F64AD31729AEE402AD374BC91D68D115.d.4D729DB1CEEF5988D755D44E6D9CB158.e.9081","ELEMENT":"f.F64AD31729AEE402AD374BC91D68D115.d.4D729DB1CEEF5988D755D44E6D9CB158.e.9081"}]}
RESULT: {"script":"<script> [8489 bytes]","args":[{"element-6066-11e4-a52e-4f735466cecf":"f.F64AD31729AEE402AD374BC91D68D115.d.4D729DB1CEEF5988D755D44E6D9CB158.e.9081","ELEMENT":"f.F64AD31729AEE402AD374BC91D68D115.d.4D729DB1CEEF5988D755D44E6D9CB158.e.9081"}]}
COMMAND: GET /session/668384e1c1f73f3d5461b9d538daca42/screenshot - {}
RESULT: {}
COMMAND: POST /session/668384e1c1f73f3d5461b9d538daca42/execute/sync - {"script":"<script> [8489 bytes]","args":[{"element-6066-11e4-a52e-4f735466cecf":"f.F64AD31729AEE402AD374BC91D68D115.d.4D729DB1CEEF5988D755D44E6D9CB158.e.9081","ELEMENT":"f.F64AD31729AEE402AD374BC91D68D115.d.4D729DB1CEEF5988D755D44E6D9CB158.e.9081"}]}
RESULT: {"script":"<script> [8489 bytes]","args":[{"element-6066-11e4-a52e-4f735466cecf":"f.F64AD31729AEE402AD374BC91D68D115.d.4D729DB1CEEF5988D755D44E6D9CB158.e.9081","ELEMENT":"f.F64AD31729AEE402AD374BC91D68D115.d.4D729DB1CEEF5988D755D44E6D9CB158.e.9081"}]}
COMMAND: GET /session/668384e1c1f73f3d5461b9d538daca42/screenshot - {}
RESULT: {}
COMMAND: POST /session/668384e1c1f73f3d5461b9d538daca42/execute/sync - {"script":"<script> [8489 bytes]","args":[{"element-6066-11e4-a52e-4f735466cecf":"f.F64AD31729AEE402AD374BC91D68D115.d.4D729DB1CEEF5988D755D44E6D9CB158.e.9081","ELEMENT":"f.F64AD31729AEE402AD374BC91D68D115.d.4D729DB1CEEF5988D755D44E6D9CB158.e.9081"}]}
RESULT: {"script":"<script> [8489 bytes]","args":[{"element-6066-11e4-a52e-4f735466cecf":"f.F64AD31729AEE402AD374BC91D68D115.d.4D729DB1CEEF5988D755D44E6D9CB158.e.9081","ELEMENT":"f.F64AD31729AEE402AD374BC91D68D115.d.4D729DB1CEEF5988D755D44E6D9CB158.e.9081"}]}
COMMAND: GET /session/668384e1c1f73f3d5461b9d538daca42/screenshot - {}
RESULT: {}
COMMAND: POST /session/668384e1c1f73f3d5461b9d538daca42/execute/sync - {"script":"<script> [8489 bytes]","args":[{"element-6066-11e4-a52e-4f735466cecf":"f.F64AD31729AEE402AD374BC91D68D115.d.4D729DB1CEEF5988D755D44E6D9CB158.e.9081","ELEMENT":"f.F64AD31729AEE402AD374BC91D68D115.d.4D729DB1CEEF5988D755D44E6D9CB158.e.9081"}]}
RESULT: {"script":"<script> [8489 bytes]","args":[{"element-6066-11e4-a52e-4f735466cecf":"f.F64AD31729AEE402AD374BC91D68D115.d.4D729DB1CEEF5988D755D44E6D9CB158.e.9081","ELEMENT":"f.F64AD31729AEE402AD374BC91D68D115.d.4D729DB1CEEF5988D755D44E6D9CB158.e.9081"}]}
COMMAND: GET /session/668384e1c1f73f3d5461b9d538daca42/screenshot - {}
RESULT: {}
COMMAND: POST /session/668384e1c1f73f3d5461b9d538daca42/execute/sync - {"script":"<script> [8489 bytes]","args":[{"element-6066-11e4-a52e-4f735466cecf":"f.F64AD31729AEE402AD374BC91D68D115.d.4D729DB1CEEF5988D755D44E6D9CB158.e.9081","ELEMENT":"f.F64AD31729AEE402AD374BC91D68D115.d.4D729DB1CEEF5988D755D44E6D9CB158.e.9081"}]}
RESULT: {"script":"<script> [8489 bytes]","args":[{"element-6066-11e4-a52e-4f735466cecf":"f.F64AD31729AEE402AD374BC91D68D115.d.4D729DB1CEEF5988D755D44E6D9CB158.e.9081","ELEMENT":"f.F64AD31729AEE402AD374BC91D68D115.d.4D729DB1CEEF5988D755D44E6D9CB158.e.9081"}]}
COMMAND: GET /session/668384e1c1f73f3d5461b9d538daca42/screenshot - {}
RESULT: {}
COMMAND: POST /session/668384e1c1f73f3d5461b9d538daca42/execute/sync - {"script":"<script> [8489 bytes]","args":[{"element-6066-11e4-a52e-4f735466cecf":"f.F64AD31729AEE402AD374BC91D68D115.d.4D729DB1CEEF5988D755D44E6D9CB158.e.9081","ELEMENT":"f.F64AD31729AEE402AD374BC91D68D115.d.4D729DB1CEEF5988D755D44E6D9CB158.e.9081"}]}
RESULT: {"script":"<script> [8489 bytes]","args":[{"element-6066-11e4-a52e-4f735466cecf":"f.F64AD31729AEE402AD374BC91D68D115.d.4D729DB1CEEF5988D755D44E6D9CB158.e.9081","ELEMENT":"f.F64AD31729AEE402AD374BC91D68D115.d.4D729DB1CEEF5988D755D44E6D9CB158.e.9081"}]}
COMMAND: GET /session/668384e1c1f73f3d5461b9d538daca42/screenshot - {}
RESULT: {}
COMMAND: POST /session/668384e1c1f73f3d5461b9d538daca42/execute/sync - {"script":"<script> [8489 bytes]","args":[{"element-6066-11e4-a52e-4f735466cecf":"f.F64AD31729AEE402AD374BC91D68D115.d.4D729DB1CEEF5988D755D44E6D9CB158.e.9081","ELEMENT":"f.F64AD31729AEE402AD374BC91D68D115.d.4D729DB1CEEF5988D755D44E6D9CB158.e.9081"}]}
RESULT: {"script":"<script> [8489 bytes]","args":[{"element-6066-11e4-a52e-4f735466cecf":"f.F64AD31729AEE402AD374BC91D68D115.d.4D729DB1CEEF5988D755D44E6D9CB158.e.9081","ELEMENT":"f.F64AD31729AEE402AD374BC91D68D115.d.4D729DB1CEEF5988D755D44E6D9CB158.e.9081"}]}
COMMAND: GET /session/668384e1c1f73f3d5461b9d538daca42/screenshot - {}
RESULT: {}
COMMAND: POST /session/668384e1c1f73f3d5461b9d538daca42/execute/sync - {"script":"<script> [8489 bytes]","args":[{"element-6066-11e4-a52e-4f735466cecf":"f.F64AD31729AEE402AD374BC91D68D115.d.4D729DB1CEEF5988D755D44E6D9CB158.e.9081","ELEMENT":"f.F64AD31729AEE402AD374BC91D68D115.d.4D729DB1CEEF5988D755D44E6D9CB158.e.9081"}]}
RESULT: {"script":"<script> [8489 bytes]","args":[{"element-6066-11e4-a52e-4f735466cecf":"f.F64AD31729AEE402AD374BC91D68D115.d.4D729DB1CEEF5988D755D44E6D9CB158.e.9081","ELEMENT":"f.F64AD31729AEE402AD374BC91D68D115.d.4D729DB1CEEF5988D755D44E6D9CB158.e.9081"}]}
COMMAND: GET /session/668384e1c1f73f3d5461b9d538daca42/screenshot - {}
RESULT: {}
COMMAND: POST /session/668384e1c1f73f3d5461b9d538daca42/execute/sync - {"script":"<script> [8489 bytes]","args":[{"element-6066-11e4-a52e-4f735466cecf":"f.F64AD31729AEE402AD374BC91D68D115.d.4D729DB1CEEF5988D755D44E6D9CB158.e.9081","ELEMENT":"f.F64AD31729AEE402AD374BC91D68D115.d.4D729DB1CEEF5988D755D44E6D9CB158.e.9081"}]}
RESULT: {"script":"<script> [8489 bytes]","args":[{"element-6066-11e4-a52e-4f735466cecf":"f.F64AD31729AEE402AD374BC91D68D115.d.4D729DB1CEEF5988D755D44E6D9CB158.e.9081","ELEMENT":"f.F64AD31729AEE402AD374BC91D68D115.d.4D729DB1CEEF5988D755D44E6D9CB158.e.9081"}]}
COMMAND: GET /session/668384e1c1f73f3d5461b9d538daca42/screenshot - {}
RESULT: {}
COMMAND: POST /session/668384e1c1f73f3d5461b9d538daca42/execute/sync - {"script":"<script> [8489 bytes]","args":[{"element-6066-11e4-a52e-4f735466cecf":"f.F64AD31729AEE402AD374BC91D68D115.d.4D729DB1CEEF5988D755D44E6D9CB158.e.9081","ELEMENT":"f.F64AD31729AEE402AD374BC91D68D115.d.4D729DB1CEEF5988D755D44E6D9CB158.e.9081"}]}
RESULT: {"script":"<script> [8489 bytes]","args":[{"element-6066-11e4-a52e-4f735466cecf":"f.F64AD31729AEE402AD374BC91D68D115.d.4D729DB1CEEF5988D755D44E6D9CB158.e.9081","ELEMENT":"f.F64AD31729AEE402AD374BC91D68D115.d.4D729DB1CEEF5988D755D44E6D9CB158.e.9081"}]}
COMMAND: GET /session/668384e1c1f73f3d5461b9d538daca42/screenshot - {}
RESULT: {}
COMMAND: POST /session/668384e1c1f73f3d5461b9d538daca42/execute/sync - {"script":"<script> [8489 bytes]","args":[{"element-6066-11e4-a52e-4f735466cecf":"f.F64AD31729AEE402AD374BC91D68D115.d.4D729DB1CEEF5988D755D44E6D9CB158.e.9081","ELEMENT":"f.F64AD31729AEE402AD374BC91D68D115.d.4D729DB1CEEF5988D755D44E6D9CB158.e.9081"}]}
RESULT: {"script":"<script> [8489 bytes]","args":[{"element-6066-11e4-a52e-4f735466cecf":"f.F64AD31729AEE402AD374BC91D68D115.d.4D729DB1CEEF5988D755D44E6D9CB158.e.9081","ELEMENT":"f.F64AD31729AEE402AD374BC91D68D115.d.4D729DB1CEEF5988D755D44E6D9CB158.e.9081"}]}
COMMAND: GET /session/668384e1c1f73f3d5461b9d538daca42/screenshot - {}
RESULT: {}
COMMAND: POST /session/668384e1c1f73f3d5461b9d538daca42/execute/sync - {"script":"<script> [8489 bytes]","args":[{"element-6066-11e4-a52e-4f735466cecf":"f.F64AD31729AEE402AD374BC91D68D115.d.4D729DB1CEEF5988D755D44E6D9CB158.e.9081","ELEMENT":"f.F64AD31729AEE402AD374BC91D68D115.d.4D729DB1CEEF5988D755D44E6D9CB158.e.9081"}]}
RESULT: {"script":"<script> [8489 bytes]","args":[{"element-6066-11e4-a52e-4f735466cecf":"f.F64AD31729AEE402AD374BC91D68D115.d.4D729DB1CEEF5988D755D44E6D9CB158.e.9081","ELEMENT":"f.F64AD31729AEE402AD374BC91D68D115.d.4D729DB1CEEF5988D755D44E6D9CB158.e.9081"}]}
COMMAND: GET /session/668384e1c1f73f3d5461b9d538daca42/screenshot - {}
RESULT: {}
COMMAND: POST /session/668384e1c1f73f3d5461b9d538daca42/execute/sync - {"script":"<script> [8489 bytes]","args":[{"element-6066-11e4-a52e-4f735466cecf":"f.F64AD31729AEE402AD374BC91D68D115.d.4D729DB1CEEF5988D755D44E6D9CB158.e.9081","ELEMENT":"f.F64AD31729AEE402AD374BC91D68D115.d.4D729DB1CEEF5988D755D44E6D9CB158.e.9081"}]}
RESULT: {"script":"<script> [8489 bytes]","args":[{"element-6066-11e4-a52e-4f735466cecf":"f.F64AD31729AEE402AD374BC91D68D115.d.4D729DB1CEEF5988D755D44E6D9CB158.e.9081","ELEMENT":"f.F64AD31729AEE402AD374BC91D68D115.d.4D729DB1CEEF5988D755D44E6D9CB158.e.9081"}]}
COMMAND: GET /session/668384e1c1f73f3d5461b9d538daca42/screenshot - {}
RESULT: {}
COMMAND: POST /session/668384e1c1f73f3d5461b9d538daca42/execute/sync - {"script":"<script> [8489 bytes]","args":[{"element-6066-11e4-a52e-4f735466cecf":"f.F64AD31729AEE402AD374BC91D68D115.d.4D729DB1CEEF5988D755D44E6D9CB158.e.9081","ELEMENT":"f.F64AD31729AEE402AD374BC91D68D115.d.4D729DB1CEEF5988D755D44E6D9CB158.e.9081"}]}
RESULT: {"script":"<script> [8489 bytes]","args":[{"element-6066-11e4-a52e-4f735466cecf":"f.F64AD31729AEE402AD374BC91D68D115.d.4D729DB1CEEF5988D755D44E6D9CB158.e.9081","ELEMENT":"f.F64AD31729AEE402AD374BC91D68D115.d.4D729DB1CEEF5988D755D44E6D9CB158.e.9081"}]}
COMMAND: GET /session/668384e1c1f73f3d5461b9d538daca42/screenshot - {}
RESULT: {}
COMMAND: POST /session/668384e1c1f73f3d5461b9d538daca42/execute/sync - {"script":"<script> [8489 bytes]","args":[{"element-6066-11e4-a52e-4f735466cecf":"f.F64AD31729AEE402AD374BC91D68D115.d.4D729DB1CEEF5988D755D44E6D9CB158.e.9081","ELEMENT":"f.F64AD31729AEE402AD374BC91D68D115.d.4D729DB1CEEF5988D755D44E6D9CB158.e.9081"}]}
RESULT: {"script":"<script> [8489 bytes]","args":[{"element-6066-11e4-a52e-4f735466cecf":"f.F64AD31729AEE402AD374BC91D68D115.d.4D729DB1CEEF5988D755D44E6D9CB158.e.9081","ELEMENT":"f.F64AD31729AEE402AD374BC91D68D115.d.4D729DB1CEEF5988D755D44E6D9CB158.e.9081"}]}
COMMAND: GET /session/668384e1c1f73f3d5461b9d538daca42/screenshot - {}
RESULT: {}
COMMAND: POST /session/668384e1c1f73f3d5461b9d538daca42/execute/sync - {"script":"<script> [8489 bytes]","args":[{"element-6066-11e4-a52e-4f735466cecf":"f.F64AD31729AEE402AD374BC91D68D115.d.4D729DB1CEEF5988D755D44E6D9CB158.e.9081","ELEMENT":"f.F64AD31729AEE402AD374BC91D68D115.d.4D729DB1CEEF5988D755D44E6D9CB158.e.9081"}]}
RESULT: {"script":"<script> [8489 bytes]","args":[{"element-6066-11e4-a52e-4f735466cecf":"f.F64AD31729AEE402AD374BC91D68D115.d.4D729DB1CEEF5988D755D44E6D9CB158.e.9081","ELEMENT":"f.F64AD31729AEE402AD374BC91D68D115.d.4D729DB1CEEF5988D755D44E6D9CB158.e.9081"}]}
COMMAND: GET /session/668384e1c1f73f3d5461b9d538daca42/screenshot - {}
RESULT: {}
COMMAND: POST /session/668384e1c1f73f3d5461b9d538daca42/execute/sync - {"script":"<script> [8489 bytes]","args":[{"element-6066-11e4-a52e-4f735466cecf":"f.F64AD31729AEE402AD374BC91D68D115.d.4D729DB1CEEF5988D755D44E6D9CB158.e.9081","ELEMENT":"f.F64AD31729AEE402AD374BC91D68D115.d.4D729DB1CEEF5988D755D44E6D9CB158.e.9081"}]}
RESULT: {"script":"<script> [8489 bytes]","args":[{"element-6066-11e4-a52e-4f735466cecf":"f.F64AD31729AEE402AD374BC91D68D115.d.4D729DB1CEEF5988D755D44E6D9CB158.e.9081","ELEMENT":"f.F64AD31729AEE402AD374BC91D68D115.d.4D729DB1CEEF5988D755D44E6D9CB158.e.9081"}]}
COMMAND: GET /session/668384e1c1f73f3d5461b9d538daca42/screenshot - {}
RESULT: {}
COMMAND: POST /session/668384e1c1f73f3d5461b9d538daca42/execute/sync - {"script":"<script> [8489 bytes]","args":[{"element-6066-11e4-a52e-4f735466cecf":"f.F64AD31729AEE402AD374BC91D68D115.d.4D729DB1CEEF5988D755D44E6D9CB158.e.9081","ELEMENT":"f.F64AD31729AEE402AD374BC91D68D115.d.4D729DB1CEEF5988D755D44E6D9CB158.e.9081"}]}
RESULT: {"script":"<script> [8489 bytes]","args":[{"element-6066-11e4-a52e-4f735466cecf":"f.F64AD31729AEE402AD374BC91D68D115.d.4D729DB1CEEF5988D755D44E6D9CB158.e.9081","ELEMENT":"f.F64AD31729AEE402AD374BC91D68D115.d.4D729DB1CEEF5988D755D44E6D9CB158.e.9081"}]}
COMMAND: GET /session/668384e1c1f73f3d5461b9d538daca42/screenshot - {}
RESULT: {}
COMMAND: POST /session/668384e1c1f73f3d5461b9d538daca42/execute/sync - {"script":"<script> [8489 bytes]","args":[{"element-6066-11e4-a52e-4f735466cecf":"f.F64AD31729AEE402AD374BC91D68D115.d.4D729DB1CEEF5988D755D44E6D9CB158.e.9081","ELEMENT":"f.F64AD31729AEE402AD374BC91D68D115.d.4D729DB1CEEF5988D755D44E6D9CB158.e.9081"}]}
RESULT: {"script":"<script> [8489 bytes]","args":[{"element-6066-11e4-a52e-4f735466cecf":"f.F64AD31729AEE402AD374BC91D68D115.d.4D729DB1CEEF5988D755D44E6D9CB158.e.9081","ELEMENT":"f.F64AD31729AEE402AD374BC91D68D115.d.4D729DB1CEEF5988D755D44E6D9CB158.e.9081"}]}
COMMAND: GET /session/668384e1c1f73f3d5461b9d538daca42/screenshot - {}
RESULT: {}
COMMAND: POST /session/668384e1c1f73f3d5461b9d538daca42/execute/sync - {"script":"<script> [8489 bytes]","args":[{"element-6066-11e4-a52e-4f735466cecf":"f.F64AD31729AEE402AD374BC91D68D115.d.4D729DB1CEEF5988D755D44E6D9CB158.e.9081","ELEMENT":"f.F64AD31729AEE402AD374BC91D68D115.d.4D729DB1CEEF5988D755D44E6D9CB158.e.9081"}]}
RESULT: {"script":"<script> [8489 bytes]","args":[{"element-6066-11e4-a52e-4f735466cecf":"f.F64AD31729AEE402AD374BC91D68D115.d.4D729DB1CEEF5988D755D44E6D9CB158.e.9081","ELEMENT":"f.F64AD31729AEE402AD374BC91D68D115.d.4D729DB1CEEF5988D755D44E6D9CB158.e.9081"}]}
COMMAND: GET /session/668384e1c1f73f3d5461b9d538daca42/screenshot - {}
RESULT: {}
COMMAND: POST /session/668384e1c1f73f3d5461b9d538daca42/execute/sync - {"script":"<script> [8489 bytes]","args":[{"element-6066-11e4-a52e-4f735466cecf":"f.F64AD31729AEE402AD374BC91D68D115.d.4D729DB1CEEF5988D755D44E6D9CB158.e.9081","ELEMENT":"f.F64AD31729AEE402AD374BC91D68D115.d.4D729DB1CEEF5988D755D44E6D9CB158.e.9081"}]}
RESULT: {"script":"<script> [8489 bytes]","args":[{"element-6066-11e4-a52e-4f735466cecf":"f.F64AD31729AEE402AD374BC91D68D115.d.4D729DB1CEEF5988D755D44E6D9CB158.e.9081","ELEMENT":"f.F64AD31729AEE402AD374BC91D68D115.d.4D729DB1CEEF5988D755D44E6D9CB158.e.9081"}]}
COMMAND: GET /session/668384e1c1f73f3d5461b9d538daca42/screenshot - {}
RESULT: {}
COMMAND: POST /session/668384e1c1f73f3d5461b9d538daca42/execute/sync - {"script":"<script> [8489 bytes]","args":[{"element-6066-11e4-a52e-4f735466cecf":"f.F64AD31729AEE402AD374BC91D68D115.d.4D729DB1CEEF5988D755D44E6D9CB158.e.9081","ELEMENT":"f.F64AD31729AEE402AD374BC91D68D115.d.4D729DB1CEEF5988D755D44E6D9CB158.e.9081"}]}
RESULT: {"script":"<script> [8489 bytes]","args":[{"element-6066-11e4-a52e-4f735466cecf":"f.F64AD31729AEE402AD374BC91D68D115.d.4D729DB1CEEF5988D755D44E6D9CB158.e.9081","ELEMENT":"f.F64AD31729AEE402AD374BC91D68D115.d.4D729DB1CEEF5988D755D44E6D9CB158.e.9081"}]}
COMMAND: GET /session/668384e1c1f73f3d5461b9d538daca42/screenshot - {}
RESULT: {}
COMMAND: POST /session/668384e1c1f73f3d5461b9d538daca42/execute/sync - {"script":"<script> [8489 bytes]","args":[{"element-6066-11e4-a52e-4f735466cecf":"f.F64AD31729AEE402AD374BC91D68D115.d.4D729DB1CEEF5988D755D44E6D9CB158.e.9081","ELEMENT":"f.F64AD31729AEE402AD374BC91D68D115.d.4D729DB1CEEF5988D755D44E6D9CB158.e.9081"}]}
RESULT: {"script":"<script> [8489 bytes]","args":[{"element-6066-11e4-a52e-4f735466cecf":"f.F64AD31729AEE402AD374BC91D68D115.d.4D729DB1CEEF5988D755D44E6D9CB158.e.9081","ELEMENT":"f.F64AD31729AEE402AD374BC91D68D115.d.4D729DB1CEEF5988D755D44E6D9CB158.e.9081"}]}
COMMAND: GET /session/668384e1c1f73f3d5461b9d538daca42/screenshot - {}
COMMAND: POST /session/668384e1c1f73f3d5461b9d538daca42/execute/sync - {"script":"<script> [8489 bytes]","args":[{"element-6066-11e4-a52e-4f735466cecf":"f.F64AD31729AEE402AD374BC91D68D115.d.4D729DB1CEEF5988D755D44E6D9CB158.e.9081","ELEMENT":"f.F64AD31729AEE402AD374BC91D68D115.d.4D729DB1CEEF5988D755D44E6D9CB158.e.9081"}]}
RESULT: {}
RESULT: {"script":"<script> [8489 bytes]","args":[{"element-6066-11e4-a52e-4f735466cecf":"f.F64AD31729AEE402AD374BC91D68D115.d.4D729DB1CEEF5988D755D44E6D9CB158.e.9081","ELEMENT":"f.F64AD31729AEE402AD374BC91D68D115.d.4D729DB1CEEF5988D755D44E6D9CB158.e.9081"}]}
COMMAND: GET /session/668384e1c1f73f3d5461b9d538daca42/screenshot - {}
RESULT: {}
COMMAND: POST /session/668384e1c1f73f3d5461b9d538daca42/execute/sync - {"script":"<script> [8489 bytes]","args":[{"element-6066-11e4-a52e-4f735466cecf":"f.F64AD31729AEE402AD374BC91D68D115.d.4D729DB1CEEF5988D755D44E6D9CB158.e.9081","ELEMENT":"f.F64AD31729AEE402AD374BC91D68D115.d.4D729DB1CEEF5988D755D44E6D9CB158.e.9081"}]}
RESULT: {"script":"<script> [8489 bytes]","args":[{"element-6066-11e4-a52e-4f735466cecf":"f.F64AD31729AEE402AD374BC91D68D115.d.4D729DB1CEEF5988D755D44E6D9CB158.e.9081","ELEMENT":"f.F64AD31729AEE402AD374BC91D68D115.d.4D729DB1CEEF5988D755D44E6D9CB158.e.9081"}]}
COMMAND: GET /session/668384e1c1f73f3d5461b9d538daca42/screenshot - {}
RESULT: {}
COMMAND: POST /session/668384e1c1f73f3d5461b9d538daca42/execute/sync - {"script":"<script> [8489 bytes]","args":[{"element-6066-11e4-a52e-4f735466cecf":"f.F64AD31729AEE402AD374BC91D68D115.d.4D729DB1CEEF5988D755D44E6D9CB158.e.9081","ELEMENT":"f.F64AD31729AEE402AD374BC91D68D115.d.4D729DB1CEEF5988D755D44E6D9CB158.e.9081"}]}
RESULT: {"script":"<script> [8489 bytes]","args":[{"element-6066-11e4-a52e-4f735466cecf":"f.F64AD31729AEE402AD374BC91D68D115.d.4D729DB1CEEF5988D755D44E6D9CB158.e.9081","ELEMENT":"f.F64AD31729AEE402AD374BC91D68D115.d.4D729DB1CEEF5988D755D44E6D9CB158.e.9081"}]}
COMMAND: GET /session/668384e1c1f73f3d5461b9d538daca42/screenshot - {}
RESULT: {}
COMMAND: POST /session/668384e1c1f73f3d5461b9d538daca42/execute/sync - {"script":"<script> [8489 bytes]","args":[{"element-6066-11e4-a52e-4f735466cecf":"f.F64AD31729AEE402AD374BC91D68D115.d.4D729DB1CEEF5988D755D44E6D9CB158.e.9081","ELEMENT":"f.F64AD31729AEE402AD374BC91D68D115.d.4D729DB1CEEF5988D755D44E6D9CB158.e.9081"}]}
RESULT: {"script":"<script> [8489 bytes]","args":[{"element-6066-11e4-a52e-4f735466cecf":"f.F64AD31729AEE402AD374BC91D68D115.d.4D729DB1CEEF5988D755D44E6D9CB158.e.9081","ELEMENT":"f.F64AD31729AEE402AD374BC91D68D115.d.4D729DB1CEEF5988D755D44E6D9CB158.e.9081"}]}
COMMAND: GET /session/668384e1c1f73f3d5461b9d538daca42/screenshot - {}
RESULT: {}
COMMAND: POST /session/668384e1c1f73f3d5461b9d538daca42/execute/sync - {"script":"<script> [8489 bytes]","args":[{"element-6066-11e4-a52e-4f735466cecf":"f.F64AD31729AEE402AD374BC91D68D115.d.4D729DB1CEEF5988D755D44E6D9CB158.e.9081","ELEMENT":"f.F64AD31729AEE402AD374BC91D68D115.d.4D729DB1CEEF5988D755D44E6D9CB158.e.9081"}]}
RESULT: {"script":"<script> [8489 bytes]","args":[{"element-6066-11e4-a52e-4f735466cecf":"f.F64AD31729AEE402AD374BC91D68D115.d.4D729DB1CEEF5988D755D44E6D9CB158.e.9081","ELEMENT":"f.F64AD31729AEE402AD374BC91D68D115.d.4D729DB1CEEF5988D755D44E6D9CB158.e.9081"}]}
COMMAND: GET /session/668384e1c1f73f3d5461b9d538daca42/screenshot - {}
RESULT: {}
COMMAND: POST /session/668384e1c1f73f3d5461b9d538daca42/execute/sync - {"script":"<script> [8489 bytes]","args":[{"element-6066-11e4-a52e-4f735466cecf":"f.F64AD31729AEE402AD374BC91D68D115.d.4D729DB1CEEF5988D755D44E6D9CB158.e.9081","ELEMENT":"f.F64AD31729AEE402AD374BC91D68D115.d.4D729DB1CEEF5988D755D44E6D9CB158.e.9081"}]}
RESULT: {"script":"<script> [8489 bytes]","args":[{"element-6066-11e4-a52e-4f735466cecf":"f.F64AD31729AEE402AD374BC91D68D115.d.4D729DB1CEEF5988D755D44E6D9CB158.e.9081","ELEMENT":"f.F64AD31729AEE402AD374BC91D68D115.d.4D729DB1CEEF5988D755D44E6D9CB158.e.9081"}]}
COMMAND: GET /session/668384e1c1f73f3d5461b9d538daca42/screenshot - {}
RESULT: {}
COMMAND: POST /session/668384e1c1f73f3d5461b9d538daca42/execute/sync - {"script":"<script> [8489 bytes]","args":[{"element-6066-11e4-a52e-4f735466cecf":"f.F64AD31729AEE402AD374BC91D68D115.d.4D729DB1CEEF5988D755D44E6D9CB158.e.9081","ELEMENT":"f.F64AD31729AEE402AD374BC91D68D115.d.4D729DB1CEEF5988D755D44E6D9CB158.e.9081"}]}
RESULT: {"script":"<script> [8489 bytes]","args":[{"element-6066-11e4-a52e-4f735466cecf":"f.F64AD31729AEE402AD374BC91D68D115.d.4D729DB1CEEF5988D755D44E6D9CB158.e.9081","ELEMENT":"f.F64AD31729AEE402AD374BC91D68D115.d.4D729DB1CEEF5988D755D44E6D9CB158.e.9081"}]}
COMMAND: GET /session/668384e1c1f73f3d5461b9d538daca42/screenshot - {}
RESULT: {}
COMMAND: POST /session/668384e1c1f73f3d5461b9d538daca42/execute/sync - {"script":"<script> [8489 bytes]","args":[{"element-6066-11e4-a52e-4f735466cecf":"f.F64AD31729AEE402AD374BC91D68D115.d.4D729DB1CEEF5988D755D44E6D9CB158.e.9081","ELEMENT":"f.F64AD31729AEE402AD374BC91D68D115.d.4D729DB1CEEF5988D755D44E6D9CB158.e.9081"}]}
RESULT: {"script":"<script> [8489 bytes]","args":[{"element-6066-11e4-a52e-4f735466cecf":"f.F64AD31729AEE402AD374BC91D68D115.d.4D729DB1CEEF5988D755D44E6D9CB158.e.9081","ELEMENT":"f.F64AD31729AEE402AD374BC91D68D115.d.4D729DB1CEEF5988D755D44E6D9CB158.e.9081"}]}
COMMAND: GET /session/668384e1c1f73f3d5461b9d538daca42/screenshot - {}
RESULT: {}
COMMAND: POST /session/668384e1c1f73f3d5461b9d538daca42/execute/sync - {"script":"<script> [8489 bytes]","args":[{"element-6066-11e4-a52e-4f735466cecf":"f.F64AD31729AEE402AD374BC91D68D115.d.4D729DB1CEEF5988D755D44E6D9CB158.e.9081","ELEMENT":"f.F64AD31729AEE402AD374BC91D68D115.d.4D729DB1CEEF5988D755D44E6D9CB158.e.9081"}]}
RESULT: {"script":"<script> [8489 bytes]","args":[{"element-6066-11e4-a52e-4f735466cecf":"f.F64AD31729AEE402AD374BC91D68D115.d.4D729DB1CEEF5988D755D44E6D9CB158.e.9081","ELEMENT":"f.F64AD31729AEE402AD374BC91D68D115.d.4D729DB1CEEF5988D755D44E6D9CB158.e.9081"}]}
COMMAND: GET /session/668384e1c1f73f3d5461b9d538daca42/screenshot - {}
RESULT: {}
COMMAND: POST /session/668384e1c1f73f3d5461b9d538daca42/execute/sync - {"script":"<script> [8489 bytes]","args":[{"element-6066-11e4-a52e-4f735466cecf":"f.F64AD31729AEE402AD374BC91D68D115.d.4D729DB1CEEF5988D755D44E6D9CB158.e.9081","ELEMENT":"f.F64AD31729AEE402AD374BC91D68D115.d.4D729DB1CEEF5988D755D44E6D9CB158.e.9081"}]}
RESULT: {"script":"<script> [8489 bytes]","args":[{"element-6066-11e4-a52e-4f735466cecf":"f.F64AD31729AEE402AD374BC91D68D115.d.4D729DB1CEEF5988D755D44E6D9CB158.e.9081","ELEMENT":"f.F64AD31729AEE402AD374BC91D68D115.d.4D729DB1CEEF5988D755D44E6D9CB158.e.9081"}]}
COMMAND: GET /session/668384e1c1f73f3d5461b9d538daca42/screenshot - {}
RESULT: {}
COMMAND: POST /session/668384e1c1f73f3d5461b9d538daca42/execute/sync - {"script":"<script> [8489 bytes]","args":[{"element-6066-11e4-a52e-4f735466cecf":"f.F64AD31729AEE402AD374BC91D68D115.d.4D729DB1CEEF5988D755D44E6D9CB158.e.9081","ELEMENT":"f.F64AD31729AEE402AD374BC91D68D115.d.4D729DB1CEEF5988D755D44E6D9CB158.e.9081"}]}
RESULT: {"script":"<script> [8489 bytes]","args":[{"element-6066-11e4-a52e-4f735466cecf":"f.F64AD31729AEE402AD374BC91D68D115.d.4D729DB1CEEF5988D755D44E6D9CB158.e.9081","ELEMENT":"f.F64AD31729AEE402AD374BC91D68D115.d.4D729DB1CEEF5988D755D44E6D9CB158.e.9081"}]}
COMMAND: GET /session/668384e1c1f73f3d5461b9d538daca42/screenshot - {}
RESULT: {}
COMMAND: POST /session/668384e1c1f73f3d5461b9d538daca42/execute/sync - {"script":"<script> [8489 bytes]","args":[{"element-6066-11e4-a52e-4f735466cecf":"f.F64AD31729AEE402AD374BC91D68D115.d.4D729DB1CEEF5988D755D44E6D9CB158.e.9081","ELEMENT":"f.F64AD31729AEE402AD374BC91D68D115.d.4D729DB1CEEF5988D755D44E6D9CB158.e.9081"}]}
RESULT: {"script":"<script> [8489 bytes]","args":[{"element-6066-11e4-a52e-4f735466cecf":"f.F64AD31729AEE402AD374BC91D68D115.d.4D729DB1CEEF5988D755D44E6D9CB158.e.9081","ELEMENT":"f.F64AD31729AEE402AD374BC91D68D115.d.4D729DB1CEEF5988D755D44E6D9CB158.e.9081"}]}
COMMAND: GET /session/668384e1c1f73f3d5461b9d538daca42/screenshot - {}
RESULT: {}
COMMAND: POST /session/668384e1c1f73f3d5461b9d538daca42/execute/sync - {"script":"<script> [8489 bytes]","args":[{"element-6066-11e4-a52e-4f735466cecf":"f.F64AD31729AEE402AD374BC91D68D115.d.4D729DB1CEEF5988D755D44E6D9CB158.e.9081","ELEMENT":"f.F64AD31729AEE402AD374BC91D68D115.d.4D729DB1CEEF5988D755D44E6D9CB158.e.9081"}]}
RESULT: {"script":"<script> [8489 bytes]","args":[{"element-6066-11e4-a52e-4f735466cecf":"f.F64AD31729AEE402AD374BC91D68D115.d.4D729DB1CEEF5988D755D44E6D9CB158.e.9081","ELEMENT":"f.F64AD31729AEE402AD374BC91D68D115.d.4D729DB1CEEF5988D755D44E6D9CB158.e.9081"}]}
COMMAND: GET /session/668384e1c1f73f3d5461b9d538daca42/screenshot - {}
RESULT: {}
COMMAND: POST /session/668384e1c1f73f3d5461b9d538daca42/execute/sync - {"script":"<script> [8489 bytes]","args":[{"element-6066-11e4-a52e-4f735466cecf":"f.F64AD31729AEE402AD374BC91D68D115.d.4D729DB1CEEF5988D755D44E6D9CB158.e.9081","ELEMENT":"f.F64AD31729AEE402AD374BC91D68D115.d.4D729DB1CEEF5988D755D44E6D9CB158.e.9081"}]}
RESULT: {"script":"<script> [8489 bytes]","args":[{"element-6066-11e4-a52e-4f735466cecf":"f.F64AD31729AEE402AD374BC91D68D115.d.4D729DB1CEEF5988D755D44E6D9CB158.e.9081","ELEMENT":"f.F64AD31729AEE402AD374BC91D68D115.d.4D729DB1CEEF5988D755D44E6D9CB158.e.9081"}]}
COMMAND: GET /session/668384e1c1f73f3d5461b9d538daca42/screenshot - {}
RESULT: {}
COMMAND: POST /session/668384e1c1f73f3d5461b9d538daca42/execute/sync - {"script":"<script> [8489 bytes]","args":[{"element-6066-11e4-a52e-4f735466cecf":"f.F64AD31729AEE402AD374BC91D68D115.d.4D729DB1CEEF5988D755D44E6D9CB158.e.9081","ELEMENT":"f.F64AD31729AEE402AD374BC91D68D115.d.4D729DB1CEEF5988D755D44E6D9CB158.e.9081"}]}
RESULT: {"script":"<script> [8489 bytes]","args":[{"element-6066-11e4-a52e-4f735466cecf":"f.F64AD31729AEE402AD374BC91D68D115.d.4D729DB1CEEF5988D755D44E6D9CB158.e.9081","ELEMENT":"f.F64AD31729AEE402AD374BC91D68D115.d.4D729DB1CEEF5988D755D44E6D9CB158.e.9081"}]}
COMMAND: GET /session/668384e1c1f73f3d5461b9d538daca42/screenshot - {}
RESULT: {}
COMMAND: POST /session/668384e1c1f73f3d5461b9d538daca42/execute/sync - {"script":"<script> [8489 bytes]","args":[{"element-6066-11e4-a52e-4f735466cecf":"f.F64AD31729AEE402AD374BC91D68D115.d.4D729DB1CEEF5988D755D44E6D9CB158.e.9081","ELEMENT":"f.F64AD31729AEE402AD374BC91D68D115.d.4D729DB1CEEF5988D755D44E6D9CB158.e.9081"}]}
RESULT: {"script":"<script> [8489 bytes]","args":[{"element-6066-11e4-a52e-4f735466cecf":"f.F64AD31729AEE402AD374BC91D68D115.d.4D729DB1CEEF5988D755D44E6D9CB158.e.9081","ELEMENT":"f.F64AD31729AEE402AD374BC91D68D115.d.4D729DB1CEEF5988D755D44E6D9CB158.e.9081"}]}
COMMAND: GET /session/668384e1c1f73f3d5461b9d538daca42/screenshot - {}
RESULT: {}
COMMAND: POST /session/668384e1c1f73f3d5461b9d538daca42/execute/sync - {"script":"<script> [8489 bytes]","args":[{"element-6066-11e4-a52e-4f735466cecf":"f.F64AD31729AEE402AD374BC91D68D115.d.4D729DB1CEEF5988D755D44E6D9CB158.e.9081","ELEMENT":"f.F64AD31729AEE402AD374BC91D68D115.d.4D729DB1CEEF5988D755D44E6D9CB158.e.9081"}]}
RESULT: {"script":"<script> [8489 bytes]","args":[{"element-6066-11e4-a52e-4f735466cecf":"f.F64AD31729AEE402AD374BC91D68D115.d.4D729DB1CEEF5988D755D44E6D9CB158.e.9081","ELEMENT":"f.F64AD31729AEE402AD374BC91D68D115.d.4D729DB1CEEF5988D755D44E6D9CB158.e.9081"}]}
COMMAND: GET /session/668384e1c1f73f3d5461b9d538daca42/screenshot - {}
RESULT: {}
COMMAND: POST /session/668384e1c1f73f3d5461b9d538daca42/execute/sync - {"script":"<script> [8489 bytes]","args":[{"element-6066-11e4-a52e-4f735466cecf":"f.F64AD31729AEE402AD374BC91D68D115.d.4D729DB1CEEF5988D755D44E6D9CB158.e.9081","ELEMENT":"f.F64AD31729AEE402AD374BC91D68D115.d.4D729DB1CEEF5988D755D44E6D9CB158.e.9081"}]}
RESULT: {"script":"<script> [8489 bytes]","args":[{"element-6066-11e4-a52e-4f735466cecf":"f.F64AD31729AEE402AD374BC91D68D115.d.4D729DB1CEEF5988D755D44E6D9CB158.e.9081","ELEMENT":"f.F64AD31729AEE402AD374BC91D68D115.d.4D729DB1CEEF5988D755D44E6D9CB158.e.9081"}]}
COMMAND: GET /session/668384e1c1f73f3d5461b9d538daca42/screenshot - {}
RESULT: {}
COMMAND: POST /session/668384e1c1f73f3d5461b9d538daca42/execute/sync - {"script":"<script> [8489 bytes]","args":[{"element-6066-11e4-a52e-4f735466cecf":"f.F64AD31729AEE402AD374BC91D68D115.d.4D729DB1CEEF5988D755D44E6D9CB158.e.9081","ELEMENT":"f.F64AD31729AEE402AD374BC91D68D115.d.4D729DB1CEEF5988D755D44E6D9CB158.e.9081"}]}
RESULT: {"script":"<script> [8489 bytes]","args":[{"element-6066-11e4-a52e-4f735466cecf":"f.F64AD31729AEE402AD374BC91D68D115.d.4D729DB1CEEF5988D755D44E6D9CB158.e.9081","ELEMENT":"f.F64AD31729AEE402AD374BC91D68D115.d.4D729DB1CEEF5988D755D44E6D9CB158.e.9081"}]}
COMMAND: GET /session/668384e1c1f73f3d5461b9d538daca42/screenshot - {}
RESULT: {}
COMMAND: POST /session/668384e1c1f73f3d5461b9d538daca42/execute/sync - {"script":"<script> [8489 bytes]","args":[{"element-6066-11e4-a52e-4f735466cecf":"f.F64AD31729AEE402AD374BC91D68D115.d.4D729DB1CEEF5988D755D44E6D9CB158.e.9081","ELEMENT":"f.F64AD31729AEE402AD374BC91D68D115.d.4D729DB1CEEF5988D755D44E6D9CB158.e.9081"}]}
RESULT: {"script":"<script> [8489 bytes]","args":[{"element-6066-11e4-a52e-4f735466cecf":"f.F64AD31729AEE402AD374BC91D68D115.d.4D729DB1CEEF5988D755D44E6D9CB158.e.9081","ELEMENT":"f.F64AD31729AEE402AD374BC91D68D115.d.4D729DB1CEEF5988D755D44E6D9CB158.e.9081"}]}
COMMAND: GET /session/668384e1c1f73f3d5461b9d538daca42/screenshot - {}
RESULT: {}
COMMAND: POST /session/668384e1c1f73f3d5461b9d538daca42/execute/sync - {"script":"<script> [8489 bytes]","args":[{"element-6066-11e4-a52e-4f735466cecf":"f.F64AD31729AEE402AD374BC91D68D115.d.4D729DB1CEEF5988D755D44E6D9CB158.e.9081","ELEMENT":"f.F64AD31729AEE402AD374BC91D68D115.d.4D729DB1CEEF5988D755D44E6D9CB158.e.9081"}]}
RESULT: {"script":"<script> [8489 bytes]","args":[{"element-6066-11e4-a52e-4f735466cecf":"f.F64AD31729AEE402AD374BC91D68D115.d.4D729DB1CEEF5988D755D44E6D9CB158.e.9081","ELEMENT":"f.F64AD31729AEE402AD374BC91D68D115.d.4D729DB1CEEF5988D755D44E6D9CB158.e.9081"}]}
COMMAND: GET /session/668384e1c1f73f3d5461b9d538daca42/screenshot - {}
RESULT: {}
COMMAND: POST /session/668384e1c1f73f3d5461b9d538daca42/execute/sync - {"script":"<script> [8489 bytes]","args":[{"element-6066-11e4-a52e-4f735466cecf":"f.F64AD31729AEE402AD374BC91D68D115.d.4D729DB1CEEF5988D755D44E6D9CB158.e.9081","ELEMENT":"f.F64AD31729AEE402AD374BC91D68D115.d.4D729DB1CEEF5988D755D44E6D9CB158.e.9081"}]}
RESULT: {"script":"<script> [8489 bytes]","args":[{"element-6066-11e4-a52e-4f735466cecf":"f.F64AD31729AEE402AD374BC91D68D115.d.4D729DB1CEEF5988D755D44E6D9CB158.e.9081","ELEMENT":"f.F64AD31729AEE402AD374BC91D68D115.d.4D729DB1CEEF5988D755D44E6D9CB158.e.9081"}]}
COMMAND: GET /session/668384e1c1f73f3d5461b9d538daca42/screenshot - {}
RESULT: {}
COMMAND: POST /session/668384e1c1f73f3d5461b9d538daca42/execute/sync - {"script":"<script> [8489 bytes]","args":[{"element-6066-11e4-a52e-4f735466cecf":"f.F64AD31729AEE402AD374BC91D68D115.d.4D729DB1CEEF5988D755D44E6D9CB158.e.9081","ELEMENT":"f.F64AD31729AEE402AD374BC91D68D115.d.4D729DB1CEEF5988D755D44E6D9CB158.e.9081"}]}
RESULT: {"script":"<script> [8489 bytes]","args":[{"element-6066-11e4-a52e-4f735466cecf":"f.F64AD31729AEE402AD374BC91D68D115.d.4D729DB1CEEF5988D755D44E6D9CB158.e.9081","ELEMENT":"f.F64AD31729AEE402AD374BC91D68D115.d.4D729DB1CEEF5988D755D44E6D9CB158.e.9081"}]}
COMMAND: GET /session/668384e1c1f73f3d5461b9d538daca42/screenshot - {}
RESULT: {}
]]></system-out>
    </testcase>
    <testcase classname="chrome.135_0_7049_96.windows.Provide_to_Site_w/_warehouse_management_wo_clarification" name="Should Test for Handover Execution" time="230.539">
      <system-out><![CDATA[
COMMAND: POST /session/668384e1c1f73f3d5461b9d538daca42/execute/async - {"script":"<script> [1562 bytes]","args":[{"selector":{"controlType":"sap.m.Link","viewName":"etm.portal.ui.managehandovers.view.DetailExecuteHO","bindingPath":{"path":"","propertyPath":"/wmDoc","modelName":"warehouseMovModel"}},"wdio_ui5_key":"etmportal.ui.managehandovers.view.DetailExecuteHOsap.m.Link{\"path\":\"\",\"propertyPath\":\"/wmDoc\",\"modelName\":\"warehouseMovModel\"}"}]}
RESULT: {"script":"<script> [1562 bytes]","args":[{"selector":{"controlType":"sap.m.Link","viewName":"etm.portal.ui.managehandovers.view.DetailExecuteHO","bindingPath":{"path":"","propertyPath":"/wmDoc","modelName":"warehouseMovModel"}},"wdio_ui5_key":"etmportal.ui.managehandovers.view.DetailExecuteHOsap.m.Link{\"path\":\"\",\"propertyPath\":\"/wmDoc\",\"modelName\":\"warehouseMovModel\"}"}]}
RESULT: undefined
COMMAND: POST /session/668384e1c1f73f3d5461b9d538daca42/element - {"using":"xpath","value":"//*[@id=\"__link93\"]"}
RESULT: {"using":"xpath","value":"//*[@id=\"__link93\"]"}
COMMAND: POST /session/668384e1c1f73f3d5461b9d538daca42/element/f.F64AD31729AEE402AD374BC91D68D115.d.4D729DB1CEEF5988D755D44E6D9CB158.e.9083/click - {}
RESULT: {}
COMMAND: GET /session/668384e1c1f73f3d5461b9d538daca42/screenshot - {}
RESULT: {}
COMMAND: POST /session/668384e1c1f73f3d5461b9d538daca42/execute/async - {"script":"<script> [1562 bytes]","args":[{"selector":{"controlType":"sap.m.Link","viewName":"etm.portal.ui.managehandovers.view.DetailExecuteHO","properties":{"text":"Warehouse Overview"},"searchOpenDialogs":true},"wdio_ui5_key":"etmportal.ui.managehandovers.view.DetailExecuteHOsap.m.Link{\"text\":\"Warehouse Overview\"}"}]}
RESULT: {"script":"<script> [1562 bytes]","args":[{"selector":{"controlType":"sap.m.Link","viewName":"etm.portal.ui.managehandovers.view.DetailExecuteHO","properties":{"text":"Warehouse Overview"},"searchOpenDialogs":true},"wdio_ui5_key":"etmportal.ui.managehandovers.view.DetailExecuteHOsap.m.Link{\"text\":\"Warehouse Overview\"}"}]}
RESULT: undefined
COMMAND: POST /session/668384e1c1f73f3d5461b9d538daca42/element - {"using":"xpath","value":"//*[@id=\"__link108\"]"}
RESULT: {"using":"xpath","value":"//*[@id=\"__link108\"]"}
COMMAND: POST /session/668384e1c1f73f3d5461b9d538daca42/element/f.F64AD31729AEE402AD374BC91D68D115.d.4D729DB1CEEF5988D755D44E6D9CB158.e.9085/click - {}
RESULT: {}
COMMAND: POST /session/668384e1c1f73f3d5461b9d538daca42/execute/async - {"script":"<script> [1562 bytes]","args":[{"selector":{"controlType":"sap.m.Button","viewName":"etm.portal.ui.warehousemovements.view.DisplayMovement","viewId":"application-warehousemovements-display-component---displayMovement","i18NText":{"propertyName":"text","key":"execution"},"interaction":{"idSuffix":"BDI-content"}},"wdio_ui5_key":"etmportal.ui.warehousemovements.view.DisplayMovementsap.m.Button{\"propertyName\":\"text\",\"key\":\"execution\"}"}]}
COMMAND: GET /session/668384e1c1f73f3d5461b9d538daca42/screenshot - {}
RESULT: {"script":"<script> [1562 bytes]","args":[{"selector":{"controlType":"sap.m.Button","viewName":"etm.portal.ui.warehousemovements.view.DisplayMovement","viewId":"application-warehousemovements-display-component---displayMovement","i18NText":{"propertyName":"text","key":"execution"},"interaction":{"idSuffix":"BDI-content"}},"wdio_ui5_key":"etmportal.ui.warehousemovements.view.DisplayMovementsap.m.Button{\"propertyName\":\"text\",\"key\":\"execution\"}"}]}
RESULT: undefined
COMMAND: POST /session/668384e1c1f73f3d5461b9d538daca42/element - {"using":"xpath","value":"//*[@id=\"__button402\"]"}
RESULT: {}
RESULT: {"using":"xpath","value":"//*[@id=\"__button402\"]"}
COMMAND: POST /session/668384e1c1f73f3d5461b9d538daca42/element/f.F64AD31729AEE402AD374BC91D68D115.d.4D729DB1CEEF5988D755D44E6D9CB158.e.9206/click - {}
RESULT: {}
COMMAND: POST /session/668384e1c1f73f3d5461b9d538daca42/execute/async - {"script":"<script> [1562 bytes]","args":[{"selector":{"controlType":"sap.m.Button","viewName":"etm.portal.ui.warehousemovements.view.ExecuteMovement","viewId":"application-warehousemovements-display-component---executeMovement","properties":{"text":"Items"},"interaction":{"idSuffix":"BDI-content"}},"wdio_ui5_key":"etmportal.ui.warehousemovements.view.ExecuteMovementsap.m.Button{\"text\":\"Items\"}"}]}
COMMAND: GET /session/668384e1c1f73f3d5461b9d538daca42/screenshot - {}
RESULT: {"script":"<script> [1562 bytes]","args":[{"selector":{"controlType":"sap.m.Button","viewName":"etm.portal.ui.warehousemovements.view.ExecuteMovement","viewId":"application-warehousemovements-display-component---executeMovement","properties":{"text":"Items"},"interaction":{"idSuffix":"BDI-content"}},"wdio_ui5_key":"etmportal.ui.warehousemovements.view.ExecuteMovementsap.m.Button{\"text\":\"Items\"}"}]}
RESULT: undefined
COMMAND: POST /session/668384e1c1f73f3d5461b9d538daca42/element - {"using":"xpath","value":"//*[@id=\"__layout489-anchBar-application-warehousemovements-display-component---executeMovement--itemsSection-anchor\"]"}
RESULT: {}
RESULT: {"using":"xpath","value":"//*[@id=\"__layout489-anchBar-application-warehousemovements-display-component---executeMovement--itemsSection-anchor\"]"}
COMMAND: POST /session/668384e1c1f73f3d5461b9d538daca42/element/f.F64AD31729AEE402AD374BC91D68D115.d.4D729DB1CEEF5988D755D44E6D9CB158.e.9303/click - {}
RESULT: {}
COMMAND: POST /session/668384e1c1f73f3d5461b9d538daca42/element - {"using":"xpath","value":"//*[text()='Pick From Warehouse']"}
COMMAND: GET /session/668384e1c1f73f3d5461b9d538daca42/screenshot - {}
RESULT: {"using":"xpath","value":"//*[text()='Pick From Warehouse']"}
COMMAND: POST /session/668384e1c1f73f3d5461b9d538daca42/elements - {"using":"xpath","value":"//*[text()='Pick From Warehouse']"}
RESULT: {}
RESULT: {"using":"xpath","value":"//*[text()='Pick From Warehouse']"}
COMMAND: POST /session/668384e1c1f73f3d5461b9d538daca42/elements - {"using":"xpath","value":"//*[text()='Pick From Warehouse']"}
RESULT: {"using":"xpath","value":"//*[text()='Pick From Warehouse']"}
COMMAND: POST /session/668384e1c1f73f3d5461b9d538daca42/elements - {"using":"xpath","value":"//*[text()='Pick From Warehouse']"}
RESULT: {"using":"xpath","value":"//*[text()='Pick From Warehouse']"}
COMMAND: POST /session/668384e1c1f73f3d5461b9d538daca42/elements - {"using":"xpath","value":"//*[text()='Pick From Warehouse']"}
RESULT: {"using":"xpath","value":"//*[text()='Pick From Warehouse']"}
COMMAND: POST /session/668384e1c1f73f3d5461b9d538daca42/elements - {"using":"xpath","value":"//*[text()='Pick From Warehouse']"}
RESULT: {"using":"xpath","value":"//*[text()='Pick From Warehouse']"}
COMMAND: POST /session/668384e1c1f73f3d5461b9d538daca42/elements - {"using":"xpath","value":"//*[text()='Pick From Warehouse']"}
RESULT: {"using":"xpath","value":"//*[text()='Pick From Warehouse']"}
COMMAND: POST /session/668384e1c1f73f3d5461b9d538daca42/elements - {"using":"xpath","value":"//*[text()='Pick From Warehouse']"}
RESULT: {"using":"xpath","value":"//*[text()='Pick From Warehouse']"}
COMMAND: POST /session/668384e1c1f73f3d5461b9d538daca42/elements - {"using":"xpath","value":"//*[text()='Pick From Warehouse']"}
RESULT: {"using":"xpath","value":"//*[text()='Pick From Warehouse']"}
COMMAND: POST /session/668384e1c1f73f3d5461b9d538daca42/elements - {"using":"xpath","value":"//*[text()='Pick From Warehouse']"}
RESULT: {"using":"xpath","value":"//*[text()='Pick From Warehouse']"}
COMMAND: POST /session/668384e1c1f73f3d5461b9d538daca42/elements - {"using":"xpath","value":"//*[text()='Pick From Warehouse']"}
RESULT: {"using":"xpath","value":"//*[text()='Pick From Warehouse']"}
COMMAND: POST /session/668384e1c1f73f3d5461b9d538daca42/elements - {"using":"xpath","value":"//*[text()='Pick From Warehouse']"}
RESULT: {"using":"xpath","value":"//*[text()='Pick From Warehouse']"}
COMMAND: POST /session/668384e1c1f73f3d5461b9d538daca42/elements - {"using":"xpath","value":"//*[text()='Pick From Warehouse']"}
RESULT: {"using":"xpath","value":"//*[text()='Pick From Warehouse']"}
COMMAND: POST /session/668384e1c1f73f3d5461b9d538daca42/elements - {"using":"xpath","value":"//*[text()='Pick From Warehouse']"}
RESULT: {"using":"xpath","value":"//*[text()='Pick From Warehouse']"}
COMMAND: POST /session/668384e1c1f73f3d5461b9d538daca42/elements - {"using":"xpath","value":"//*[text()='Pick From Warehouse']"}
RESULT: {"using":"xpath","value":"//*[text()='Pick From Warehouse']"}
COMMAND: POST /session/668384e1c1f73f3d5461b9d538daca42/elements - {"using":"xpath","value":"//*[text()='Pick From Warehouse']"}
RESULT: {"using":"xpath","value":"//*[text()='Pick From Warehouse']"}
COMMAND: POST /session/668384e1c1f73f3d5461b9d538daca42/elements - {"using":"xpath","value":"//*[text()='Pick From Warehouse']"}
RESULT: {"using":"xpath","value":"//*[text()='Pick From Warehouse']"}
COMMAND: POST /session/668384e1c1f73f3d5461b9d538daca42/elements - {"using":"xpath","value":"//*[text()='Pick From Warehouse']"}
RESULT: {"using":"xpath","value":"//*[text()='Pick From Warehouse']"}
COMMAND: POST /session/668384e1c1f73f3d5461b9d538daca42/elements - {"using":"xpath","value":"//*[text()='Pick From Warehouse']"}
RESULT: {"using":"xpath","value":"//*[text()='Pick From Warehouse']"}
COMMAND: POST /session/668384e1c1f73f3d5461b9d538daca42/elements - {"using":"xpath","value":"//*[text()='Pick From Warehouse']"}
RESULT: {"using":"xpath","value":"//*[text()='Pick From Warehouse']"}
COMMAND: POST /session/668384e1c1f73f3d5461b9d538daca42/elements - {"using":"xpath","value":"//*[text()='Pick From Warehouse']"}
RESULT: {"using":"xpath","value":"//*[text()='Pick From Warehouse']"}
COMMAND: POST /session/668384e1c1f73f3d5461b9d538daca42/elements - {"using":"xpath","value":"//*[text()='Pick From Warehouse']"}
RESULT: {"using":"xpath","value":"//*[text()='Pick From Warehouse']"}
COMMAND: POST /session/668384e1c1f73f3d5461b9d538daca42/elements - {"using":"xpath","value":"//*[text()='Pick From Warehouse']"}
RESULT: {"using":"xpath","value":"//*[text()='Pick From Warehouse']"}
COMMAND: POST /session/668384e1c1f73f3d5461b9d538daca42/elements - {"using":"xpath","value":"//*[text()='Pick From Warehouse']"}
RESULT: {"using":"xpath","value":"//*[text()='Pick From Warehouse']"}
COMMAND: POST /session/668384e1c1f73f3d5461b9d538daca42/elements - {"using":"xpath","value":"//*[text()='Pick From Warehouse']"}
RESULT: {"using":"xpath","value":"//*[text()='Pick From Warehouse']"}
COMMAND: POST /session/668384e1c1f73f3d5461b9d538daca42/elements - {"using":"xpath","value":"//*[text()='Pick From Warehouse']"}
RESULT: {"using":"xpath","value":"//*[text()='Pick From Warehouse']"}
COMMAND: POST /session/668384e1c1f73f3d5461b9d538daca42/elements - {"using":"xpath","value":"//*[text()='Pick From Warehouse']"}
RESULT: {"using":"xpath","value":"//*[text()='Pick From Warehouse']"}
COMMAND: POST /session/668384e1c1f73f3d5461b9d538daca42/elements - {"using":"xpath","value":"//*[text()='Pick From Warehouse']"}
RESULT: {"using":"xpath","value":"//*[text()='Pick From Warehouse']"}
COMMAND: POST /session/668384e1c1f73f3d5461b9d538daca42/elements - {"using":"xpath","value":"//*[text()='Pick From Warehouse']"}
RESULT: {"using":"xpath","value":"//*[text()='Pick From Warehouse']"}
COMMAND: POST /session/668384e1c1f73f3d5461b9d538daca42/elements - {"using":"xpath","value":"//*[text()='Pick From Warehouse']"}
RESULT: {"using":"xpath","value":"//*[text()='Pick From Warehouse']"}
COMMAND: POST /session/668384e1c1f73f3d5461b9d538daca42/elements - {"using":"xpath","value":"//*[text()='Pick From Warehouse']"}
RESULT: {"using":"xpath","value":"//*[text()='Pick From Warehouse']"}
COMMAND: POST /session/668384e1c1f73f3d5461b9d538daca42/elements - {"using":"xpath","value":"//*[text()='Pick From Warehouse']"}
RESULT: {"using":"xpath","value":"//*[text()='Pick From Warehouse']"}
COMMAND: POST /session/668384e1c1f73f3d5461b9d538daca42/elements - {"using":"xpath","value":"//*[text()='Pick From Warehouse']"}
RESULT: {"using":"xpath","value":"//*[text()='Pick From Warehouse']"}
COMMAND: POST /session/668384e1c1f73f3d5461b9d538daca42/elements - {"using":"xpath","value":"//*[text()='Pick From Warehouse']"}
RESULT: {"using":"xpath","value":"//*[text()='Pick From Warehouse']"}
COMMAND: POST /session/668384e1c1f73f3d5461b9d538daca42/elements - {"using":"xpath","value":"//*[text()='Pick From Warehouse']"}
RESULT: {"using":"xpath","value":"//*[text()='Pick From Warehouse']"}
COMMAND: POST /session/668384e1c1f73f3d5461b9d538daca42/elements - {"using":"xpath","value":"//*[text()='Pick From Warehouse']"}
RESULT: {"using":"xpath","value":"//*[text()='Pick From Warehouse']"}
COMMAND: POST /session/668384e1c1f73f3d5461b9d538daca42/elements - {"using":"xpath","value":"//*[text()='Pick From Warehouse']"}
RESULT: {"using":"xpath","value":"//*[text()='Pick From Warehouse']"}
COMMAND: POST /session/668384e1c1f73f3d5461b9d538daca42/elements - {"using":"xpath","value":"//*[text()='Pick From Warehouse']"}
RESULT: {"using":"xpath","value":"//*[text()='Pick From Warehouse']"}
COMMAND: POST /session/668384e1c1f73f3d5461b9d538daca42/elements - {"using":"xpath","value":"//*[text()='Pick From Warehouse']"}
RESULT: {"using":"xpath","value":"//*[text()='Pick From Warehouse']"}
COMMAND: POST /session/668384e1c1f73f3d5461b9d538daca42/elements - {"using":"xpath","value":"//*[text()='Pick From Warehouse']"}
RESULT: {"using":"xpath","value":"//*[text()='Pick From Warehouse']"}
COMMAND: POST /session/668384e1c1f73f3d5461b9d538daca42/elements - {"using":"xpath","value":"//*[text()='Pick From Warehouse']"}
RESULT: {"using":"xpath","value":"//*[text()='Pick From Warehouse']"}
COMMAND: POST /session/668384e1c1f73f3d5461b9d538daca42/elements - {"using":"xpath","value":"//*[text()='Pick From Warehouse']"}
RESULT: {"using":"xpath","value":"//*[text()='Pick From Warehouse']"}
COMMAND: POST /session/668384e1c1f73f3d5461b9d538daca42/elements - {"using":"xpath","value":"//*[text()='Pick From Warehouse']"}
RESULT: {"using":"xpath","value":"//*[text()='Pick From Warehouse']"}
COMMAND: POST /session/668384e1c1f73f3d5461b9d538daca42/elements - {"using":"xpath","value":"//*[text()='Pick From Warehouse']"}
RESULT: {"using":"xpath","value":"//*[text()='Pick From Warehouse']"}
COMMAND: POST /session/668384e1c1f73f3d5461b9d538daca42/elements - {"using":"xpath","value":"//*[text()='Pick From Warehouse']"}
RESULT: {"using":"xpath","value":"//*[text()='Pick From Warehouse']"}
COMMAND: POST /session/668384e1c1f73f3d5461b9d538daca42/elements - {"using":"xpath","value":"//*[text()='Pick From Warehouse']"}
RESULT: {"using":"xpath","value":"//*[text()='Pick From Warehouse']"}
COMMAND: POST /session/668384e1c1f73f3d5461b9d538daca42/elements - {"using":"xpath","value":"//*[text()='Pick From Warehouse']"}
RESULT: {"using":"xpath","value":"//*[text()='Pick From Warehouse']"}
COMMAND: POST /session/668384e1c1f73f3d5461b9d538daca42/elements - {"using":"xpath","value":"//*[text()='Pick From Warehouse']"}
RESULT: {"using":"xpath","value":"//*[text()='Pick From Warehouse']"}
COMMAND: POST /session/668384e1c1f73f3d5461b9d538daca42/elements - {"using":"xpath","value":"//*[text()='Pick From Warehouse']"}
RESULT: {"using":"xpath","value":"//*[text()='Pick From Warehouse']"}
COMMAND: POST /session/668384e1c1f73f3d5461b9d538daca42/elements - {"using":"xpath","value":"//*[text()='Pick From Warehouse']"}
RESULT: {"using":"xpath","value":"//*[text()='Pick From Warehouse']"}
COMMAND: POST /session/668384e1c1f73f3d5461b9d538daca42/elements - {"using":"xpath","value":"//*[text()='Pick From Warehouse']"}
RESULT: {"using":"xpath","value":"//*[text()='Pick From Warehouse']"}
COMMAND: POST /session/668384e1c1f73f3d5461b9d538daca42/elements - {"using":"xpath","value":"//*[text()='Pick From Warehouse']"}
RESULT: {"using":"xpath","value":"//*[text()='Pick From Warehouse']"}
COMMAND: POST /session/668384e1c1f73f3d5461b9d538daca42/elements - {"using":"xpath","value":"//*[text()='Pick From Warehouse']"}
RESULT: {"using":"xpath","value":"//*[text()='Pick From Warehouse']"}
COMMAND: POST /session/668384e1c1f73f3d5461b9d538daca42/elements - {"using":"xpath","value":"//*[text()='Pick From Warehouse']"}
RESULT: {"using":"xpath","value":"//*[text()='Pick From Warehouse']"}
COMMAND: POST /session/668384e1c1f73f3d5461b9d538daca42/elements - {"using":"xpath","value":"//*[text()='Pick From Warehouse']"}
RESULT: {"using":"xpath","value":"//*[text()='Pick From Warehouse']"}
COMMAND: POST /session/668384e1c1f73f3d5461b9d538daca42/elements - {"using":"xpath","value":"//*[text()='Pick From Warehouse']"}
RESULT: {"using":"xpath","value":"//*[text()='Pick From Warehouse']"}
COMMAND: POST /session/668384e1c1f73f3d5461b9d538daca42/elements - {"using":"xpath","value":"//*[text()='Pick From Warehouse']"}
RESULT: {"using":"xpath","value":"//*[text()='Pick From Warehouse']"}
COMMAND: POST /session/668384e1c1f73f3d5461b9d538daca42/elements - {"using":"xpath","value":"//*[text()='Pick From Warehouse']"}
RESULT: {"using":"xpath","value":"//*[text()='Pick From Warehouse']"}
COMMAND: POST /session/668384e1c1f73f3d5461b9d538daca42/elements - {"using":"xpath","value":"//*[text()='Pick From Warehouse']"}
RESULT: {"using":"xpath","value":"//*[text()='Pick From Warehouse']"}
COMMAND: POST /session/668384e1c1f73f3d5461b9d538daca42/elements - {"using":"xpath","value":"//*[text()='Pick From Warehouse']"}
RESULT: {"using":"xpath","value":"//*[text()='Pick From Warehouse']"}
COMMAND: POST /session/668384e1c1f73f3d5461b9d538daca42/elements - {"using":"xpath","value":"//*[text()='Pick From Warehouse']"}
RESULT: {"using":"xpath","value":"//*[text()='Pick From Warehouse']"}
COMMAND: POST /session/668384e1c1f73f3d5461b9d538daca42/elements - {"using":"xpath","value":"//*[text()='Pick From Warehouse']"}
RESULT: {"using":"xpath","value":"//*[text()='Pick From Warehouse']"}
COMMAND: POST /session/668384e1c1f73f3d5461b9d538daca42/elements - {"using":"xpath","value":"//*[text()='Pick From Warehouse']"}
RESULT: {"using":"xpath","value":"//*[text()='Pick From Warehouse']"}
COMMAND: POST /session/668384e1c1f73f3d5461b9d538daca42/elements - {"using":"xpath","value":"//*[text()='Pick From Warehouse']"}
RESULT: {"using":"xpath","value":"//*[text()='Pick From Warehouse']"}
COMMAND: POST /session/668384e1c1f73f3d5461b9d538daca42/elements - {"using":"xpath","value":"//*[text()='Pick From Warehouse']"}
RESULT: {"using":"xpath","value":"//*[text()='Pick From Warehouse']"}
COMMAND: POST /session/668384e1c1f73f3d5461b9d538daca42/elements - {"using":"xpath","value":"//*[text()='Pick From Warehouse']"}
RESULT: {"using":"xpath","value":"//*[text()='Pick From Warehouse']"}
COMMAND: POST /session/668384e1c1f73f3d5461b9d538daca42/elements - {"using":"xpath","value":"//*[text()='Pick From Warehouse']"}
RESULT: {"using":"xpath","value":"//*[text()='Pick From Warehouse']"}
COMMAND: POST /session/668384e1c1f73f3d5461b9d538daca42/elements - {"using":"xpath","value":"//*[text()='Pick From Warehouse']"}
RESULT: {"using":"xpath","value":"//*[text()='Pick From Warehouse']"}
COMMAND: POST /session/668384e1c1f73f3d5461b9d538daca42/elements - {"using":"xpath","value":"//*[text()='Pick From Warehouse']"}
RESULT: {"using":"xpath","value":"//*[text()='Pick From Warehouse']"}
COMMAND: POST /session/668384e1c1f73f3d5461b9d538daca42/elements - {"using":"xpath","value":"//*[text()='Pick From Warehouse']"}
RESULT: {"using":"xpath","value":"//*[text()='Pick From Warehouse']"}
COMMAND: POST /session/668384e1c1f73f3d5461b9d538daca42/elements - {"using":"xpath","value":"//*[text()='Pick From Warehouse']"}
RESULT: {"using":"xpath","value":"//*[text()='Pick From Warehouse']"}
COMMAND: POST /session/668384e1c1f73f3d5461b9d538daca42/elements - {"using":"xpath","value":"//*[text()='Pick From Warehouse']"}
RESULT: {"using":"xpath","value":"//*[text()='Pick From Warehouse']"}
COMMAND: POST /session/668384e1c1f73f3d5461b9d538daca42/elements - {"using":"xpath","value":"//*[text()='Pick From Warehouse']"}
RESULT: {"using":"xpath","value":"//*[text()='Pick From Warehouse']"}
COMMAND: POST /session/668384e1c1f73f3d5461b9d538daca42/elements - {"using":"xpath","value":"//*[text()='Pick From Warehouse']"}
RESULT: {"using":"xpath","value":"//*[text()='Pick From Warehouse']"}
COMMAND: POST /session/668384e1c1f73f3d5461b9d538daca42/elements - {"using":"xpath","value":"//*[text()='Pick From Warehouse']"}
RESULT: {"using":"xpath","value":"//*[text()='Pick From Warehouse']"}
COMMAND: POST /session/668384e1c1f73f3d5461b9d538daca42/elements - {"using":"xpath","value":"//*[text()='Pick From Warehouse']"}
RESULT: {"using":"xpath","value":"//*[text()='Pick From Warehouse']"}
COMMAND: POST /session/668384e1c1f73f3d5461b9d538daca42/elements - {"using":"xpath","value":"//*[text()='Pick From Warehouse']"}
RESULT: {"using":"xpath","value":"//*[text()='Pick From Warehouse']"}
COMMAND: POST /session/668384e1c1f73f3d5461b9d538daca42/elements - {"using":"xpath","value":"//*[text()='Pick From Warehouse']"}
RESULT: {"using":"xpath","value":"//*[text()='Pick From Warehouse']"}
COMMAND: POST /session/668384e1c1f73f3d5461b9d538daca42/elements - {"using":"xpath","value":"//*[text()='Pick From Warehouse']"}
RESULT: {"using":"xpath","value":"//*[text()='Pick From Warehouse']"}
COMMAND: POST /session/668384e1c1f73f3d5461b9d538daca42/elements - {"using":"xpath","value":"//*[text()='Pick From Warehouse']"}
RESULT: {"using":"xpath","value":"//*[text()='Pick From Warehouse']"}
COMMAND: POST /session/668384e1c1f73f3d5461b9d538daca42/elements - {"using":"xpath","value":"//*[text()='Pick From Warehouse']"}
RESULT: {"using":"xpath","value":"//*[text()='Pick From Warehouse']"}
COMMAND: POST /session/668384e1c1f73f3d5461b9d538daca42/elements - {"using":"xpath","value":"//*[text()='Pick From Warehouse']"}
RESULT: {"using":"xpath","value":"//*[text()='Pick From Warehouse']"}
COMMAND: POST /session/668384e1c1f73f3d5461b9d538daca42/elements - {"using":"xpath","value":"//*[text()='Pick From Warehouse']"}
RESULT: {"using":"xpath","value":"//*[text()='Pick From Warehouse']"}
COMMAND: POST /session/668384e1c1f73f3d5461b9d538daca42/elements - {"using":"xpath","value":"//*[text()='Pick From Warehouse']"}
RESULT: {"using":"xpath","value":"//*[text()='Pick From Warehouse']"}
COMMAND: POST /session/668384e1c1f73f3d5461b9d538daca42/elements - {"using":"xpath","value":"//*[text()='Pick From Warehouse']"}
RESULT: {"using":"xpath","value":"//*[text()='Pick From Warehouse']"}
COMMAND: POST /session/668384e1c1f73f3d5461b9d538daca42/elements - {"using":"xpath","value":"//*[text()='Pick From Warehouse']"}
RESULT: {"using":"xpath","value":"//*[text()='Pick From Warehouse']"}
COMMAND: POST /session/668384e1c1f73f3d5461b9d538daca42/elements - {"using":"xpath","value":"//*[text()='Close']"}
RESULT: {"using":"xpath","value":"//*[text()='Close']"}
COMMAND: GET /session/668384e1c1f73f3d5461b9d538daca42/element/f.F64AD31729AEE402AD374BC91D68D115.d.4D729DB1CEEF5988D755D44E6D9CB158.e.9308/enabled - {}
RESULT: {}
COMMAND: POST /session/668384e1c1f73f3d5461b9d538daca42/execute/sync - {"script":"<script> [8489 bytes]","args":[{"element-6066-11e4-a52e-4f735466cecf":"f.F64AD31729AEE402AD374BC91D68D115.d.4D729DB1CEEF5988D755D44E6D9CB158.e.9308","ELEMENT":"f.F64AD31729AEE402AD374BC91D68D115.d.4D729DB1CEEF5988D755D44E6D9CB158.e.9308"}]}
COMMAND: GET /session/668384e1c1f73f3d5461b9d538daca42/screenshot - {}
RESULT: {"script":"<script> [8489 bytes]","args":[{"element-6066-11e4-a52e-4f735466cecf":"f.F64AD31729AEE402AD374BC91D68D115.d.4D729DB1CEEF5988D755D44E6D9CB158.e.9308","ELEMENT":"f.F64AD31729AEE402AD374BC91D68D115.d.4D729DB1CEEF5988D755D44E6D9CB158.e.9308"}]}
COMMAND: GET /session/668384e1c1f73f3d5461b9d538daca42/screenshot - {}
RESULT: {}
COMMAND: POST /session/668384e1c1f73f3d5461b9d538daca42/execute/sync - {"script":"<script> [8489 bytes]","args":[{"element-6066-11e4-a52e-4f735466cecf":"f.F64AD31729AEE402AD374BC91D68D115.d.4D729DB1CEEF5988D755D44E6D9CB158.e.9308","ELEMENT":"f.F64AD31729AEE402AD374BC91D68D115.d.4D729DB1CEEF5988D755D44E6D9CB158.e.9308"}]}
RESULT: {}
RESULT: {"script":"<script> [8489 bytes]","args":[{"element-6066-11e4-a52e-4f735466cecf":"f.F64AD31729AEE402AD374BC91D68D115.d.4D729DB1CEEF5988D755D44E6D9CB158.e.9308","ELEMENT":"f.F64AD31729AEE402AD374BC91D68D115.d.4D729DB1CEEF5988D755D44E6D9CB158.e.9308"}]}
COMMAND: GET /session/668384e1c1f73f3d5461b9d538daca42/screenshot - {}
RESULT: {}
COMMAND: POST /session/668384e1c1f73f3d5461b9d538daca42/execute/sync - {"script":"<script> [8489 bytes]","args":[{"element-6066-11e4-a52e-4f735466cecf":"f.F64AD31729AEE402AD374BC91D68D115.d.4D729DB1CEEF5988D755D44E6D9CB158.e.9308","ELEMENT":"f.F64AD31729AEE402AD374BC91D68D115.d.4D729DB1CEEF5988D755D44E6D9CB158.e.9308"}]}
RESULT: {"script":"<script> [8489 bytes]","args":[{"element-6066-11e4-a52e-4f735466cecf":"f.F64AD31729AEE402AD374BC91D68D115.d.4D729DB1CEEF5988D755D44E6D9CB158.e.9308","ELEMENT":"f.F64AD31729AEE402AD374BC91D68D115.d.4D729DB1CEEF5988D755D44E6D9CB158.e.9308"}]}
COMMAND: GET /session/668384e1c1f73f3d5461b9d538daca42/screenshot - {}
RESULT: {}
COMMAND: POST /session/668384e1c1f73f3d5461b9d538daca42/execute/sync - {"script":"<script> [8489 bytes]","args":[{"element-6066-11e4-a52e-4f735466cecf":"f.F64AD31729AEE402AD374BC91D68D115.d.4D729DB1CEEF5988D755D44E6D9CB158.e.9308","ELEMENT":"f.F64AD31729AEE402AD374BC91D68D115.d.4D729DB1CEEF5988D755D44E6D9CB158.e.9308"}]}
RESULT: {"script":"<script> [8489 bytes]","args":[{"element-6066-11e4-a52e-4f735466cecf":"f.F64AD31729AEE402AD374BC91D68D115.d.4D729DB1CEEF5988D755D44E6D9CB158.e.9308","ELEMENT":"f.F64AD31729AEE402AD374BC91D68D115.d.4D729DB1CEEF5988D755D44E6D9CB158.e.9308"}]}
COMMAND: GET /session/668384e1c1f73f3d5461b9d538daca42/screenshot - {}
RESULT: {}
COMMAND: POST /session/668384e1c1f73f3d5461b9d538daca42/execute/sync - {"script":"<script> [8489 bytes]","args":[{"element-6066-11e4-a52e-4f735466cecf":"f.F64AD31729AEE402AD374BC91D68D115.d.4D729DB1CEEF5988D755D44E6D9CB158.e.9308","ELEMENT":"f.F64AD31729AEE402AD374BC91D68D115.d.4D729DB1CEEF5988D755D44E6D9CB158.e.9308"}]}
RESULT: {"script":"<script> [8489 bytes]","args":[{"element-6066-11e4-a52e-4f735466cecf":"f.F64AD31729AEE402AD374BC91D68D115.d.4D729DB1CEEF5988D755D44E6D9CB158.e.9308","ELEMENT":"f.F64AD31729AEE402AD374BC91D68D115.d.4D729DB1CEEF5988D755D44E6D9CB158.e.9308"}]}
COMMAND: GET /session/668384e1c1f73f3d5461b9d538daca42/screenshot - {}
RESULT: {}
COMMAND: POST /session/668384e1c1f73f3d5461b9d538daca42/execute/sync - {"script":"<script> [8489 bytes]","args":[{"element-6066-11e4-a52e-4f735466cecf":"f.F64AD31729AEE402AD374BC91D68D115.d.4D729DB1CEEF5988D755D44E6D9CB158.e.9308","ELEMENT":"f.F64AD31729AEE402AD374BC91D68D115.d.4D729DB1CEEF5988D755D44E6D9CB158.e.9308"}]}
RESULT: {"script":"<script> [8489 bytes]","args":[{"element-6066-11e4-a52e-4f735466cecf":"f.F64AD31729AEE402AD374BC91D68D115.d.4D729DB1CEEF5988D755D44E6D9CB158.e.9308","ELEMENT":"f.F64AD31729AEE402AD374BC91D68D115.d.4D729DB1CEEF5988D755D44E6D9CB158.e.9308"}]}
COMMAND: GET /session/668384e1c1f73f3d5461b9d538daca42/screenshot - {}
RESULT: {}
COMMAND: POST /session/668384e1c1f73f3d5461b9d538daca42/execute/sync - {"script":"<script> [8489 bytes]","args":[{"element-6066-11e4-a52e-4f735466cecf":"f.F64AD31729AEE402AD374BC91D68D115.d.4D729DB1CEEF5988D755D44E6D9CB158.e.9308","ELEMENT":"f.F64AD31729AEE402AD374BC91D68D115.d.4D729DB1CEEF5988D755D44E6D9CB158.e.9308"}]}
RESULT: {"script":"<script> [8489 bytes]","args":[{"element-6066-11e4-a52e-4f735466cecf":"f.F64AD31729AEE402AD374BC91D68D115.d.4D729DB1CEEF5988D755D44E6D9CB158.e.9308","ELEMENT":"f.F64AD31729AEE402AD374BC91D68D115.d.4D729DB1CEEF5988D755D44E6D9CB158.e.9308"}]}
COMMAND: GET /session/668384e1c1f73f3d5461b9d538daca42/screenshot - {}
RESULT: {}
COMMAND: POST /session/668384e1c1f73f3d5461b9d538daca42/execute/sync - {"script":"<script> [8489 bytes]","args":[{"element-6066-11e4-a52e-4f735466cecf":"f.F64AD31729AEE402AD374BC91D68D115.d.4D729DB1CEEF5988D755D44E6D9CB158.e.9308","ELEMENT":"f.F64AD31729AEE402AD374BC91D68D115.d.4D729DB1CEEF5988D755D44E6D9CB158.e.9308"}]}
RESULT: {"script":"<script> [8489 bytes]","args":[{"element-6066-11e4-a52e-4f735466cecf":"f.F64AD31729AEE402AD374BC91D68D115.d.4D729DB1CEEF5988D755D44E6D9CB158.e.9308","ELEMENT":"f.F64AD31729AEE402AD374BC91D68D115.d.4D729DB1CEEF5988D755D44E6D9CB158.e.9308"}]}
COMMAND: GET /session/668384e1c1f73f3d5461b9d538daca42/screenshot - {}
RESULT: {}
COMMAND: POST /session/668384e1c1f73f3d5461b9d538daca42/execute/sync - {"script":"<script> [8489 bytes]","args":[{"element-6066-11e4-a52e-4f735466cecf":"f.F64AD31729AEE402AD374BC91D68D115.d.4D729DB1CEEF5988D755D44E6D9CB158.e.9308","ELEMENT":"f.F64AD31729AEE402AD374BC91D68D115.d.4D729DB1CEEF5988D755D44E6D9CB158.e.9308"}]}
RESULT: {"script":"<script> [8489 bytes]","args":[{"element-6066-11e4-a52e-4f735466cecf":"f.F64AD31729AEE402AD374BC91D68D115.d.4D729DB1CEEF5988D755D44E6D9CB158.e.9308","ELEMENT":"f.F64AD31729AEE402AD374BC91D68D115.d.4D729DB1CEEF5988D755D44E6D9CB158.e.9308"}]}
COMMAND: GET /session/668384e1c1f73f3d5461b9d538daca42/screenshot - {}
RESULT: {}
COMMAND: POST /session/668384e1c1f73f3d5461b9d538daca42/execute/sync - {"script":"<script> [8489 bytes]","args":[{"element-6066-11e4-a52e-4f735466cecf":"f.F64AD31729AEE402AD374BC91D68D115.d.4D729DB1CEEF5988D755D44E6D9CB158.e.9308","ELEMENT":"f.F64AD31729AEE402AD374BC91D68D115.d.4D729DB1CEEF5988D755D44E6D9CB158.e.9308"}]}
RESULT: {"script":"<script> [8489 bytes]","args":[{"element-6066-11e4-a52e-4f735466cecf":"f.F64AD31729AEE402AD374BC91D68D115.d.4D729DB1CEEF5988D755D44E6D9CB158.e.9308","ELEMENT":"f.F64AD31729AEE402AD374BC91D68D115.d.4D729DB1CEEF5988D755D44E6D9CB158.e.9308"}]}
COMMAND: GET /session/668384e1c1f73f3d5461b9d538daca42/screenshot - {}
RESULT: {}
COMMAND: POST /session/668384e1c1f73f3d5461b9d538daca42/execute/sync - {"script":"<script> [8489 bytes]","args":[{"element-6066-11e4-a52e-4f735466cecf":"f.F64AD31729AEE402AD374BC91D68D115.d.4D729DB1CEEF5988D755D44E6D9CB158.e.9308","ELEMENT":"f.F64AD31729AEE402AD374BC91D68D115.d.4D729DB1CEEF5988D755D44E6D9CB158.e.9308"}]}
RESULT: {"script":"<script> [8489 bytes]","args":[{"element-6066-11e4-a52e-4f735466cecf":"f.F64AD31729AEE402AD374BC91D68D115.d.4D729DB1CEEF5988D755D44E6D9CB158.e.9308","ELEMENT":"f.F64AD31729AEE402AD374BC91D68D115.d.4D729DB1CEEF5988D755D44E6D9CB158.e.9308"}]}
COMMAND: GET /session/668384e1c1f73f3d5461b9d538daca42/screenshot - {}
RESULT: {}
COMMAND: POST /session/668384e1c1f73f3d5461b9d538daca42/execute/sync - {"script":"<script> [8489 bytes]","args":[{"element-6066-11e4-a52e-4f735466cecf":"f.F64AD31729AEE402AD374BC91D68D115.d.4D729DB1CEEF5988D755D44E6D9CB158.e.9308","ELEMENT":"f.F64AD31729AEE402AD374BC91D68D115.d.4D729DB1CEEF5988D755D44E6D9CB158.e.9308"}]}
RESULT: {"script":"<script> [8489 bytes]","args":[{"element-6066-11e4-a52e-4f735466cecf":"f.F64AD31729AEE402AD374BC91D68D115.d.4D729DB1CEEF5988D755D44E6D9CB158.e.9308","ELEMENT":"f.F64AD31729AEE402AD374BC91D68D115.d.4D729DB1CEEF5988D755D44E6D9CB158.e.9308"}]}
COMMAND: GET /session/668384e1c1f73f3d5461b9d538daca42/screenshot - {}
RESULT: {}
COMMAND: POST /session/668384e1c1f73f3d5461b9d538daca42/execute/sync - {"script":"<script> [8489 bytes]","args":[{"element-6066-11e4-a52e-4f735466cecf":"f.F64AD31729AEE402AD374BC91D68D115.d.4D729DB1CEEF5988D755D44E6D9CB158.e.9308","ELEMENT":"f.F64AD31729AEE402AD374BC91D68D115.d.4D729DB1CEEF5988D755D44E6D9CB158.e.9308"}]}
RESULT: {"script":"<script> [8489 bytes]","args":[{"element-6066-11e4-a52e-4f735466cecf":"f.F64AD31729AEE402AD374BC91D68D115.d.4D729DB1CEEF5988D755D44E6D9CB158.e.9308","ELEMENT":"f.F64AD31729AEE402AD374BC91D68D115.d.4D729DB1CEEF5988D755D44E6D9CB158.e.9308"}]}
COMMAND: GET /session/668384e1c1f73f3d5461b9d538daca42/screenshot - {}
RESULT: {}
COMMAND: POST /session/668384e1c1f73f3d5461b9d538daca42/execute/sync - {"script":"<script> [8489 bytes]","args":[{"element-6066-11e4-a52e-4f735466cecf":"f.F64AD31729AEE402AD374BC91D68D115.d.4D729DB1CEEF5988D755D44E6D9CB158.e.9308","ELEMENT":"f.F64AD31729AEE402AD374BC91D68D115.d.4D729DB1CEEF5988D755D44E6D9CB158.e.9308"}]}
RESULT: {"script":"<script> [8489 bytes]","args":[{"element-6066-11e4-a52e-4f735466cecf":"f.F64AD31729AEE402AD374BC91D68D115.d.4D729DB1CEEF5988D755D44E6D9CB158.e.9308","ELEMENT":"f.F64AD31729AEE402AD374BC91D68D115.d.4D729DB1CEEF5988D755D44E6D9CB158.e.9308"}]}
COMMAND: GET /session/668384e1c1f73f3d5461b9d538daca42/screenshot - {}
RESULT: {}
COMMAND: POST /session/668384e1c1f73f3d5461b9d538daca42/execute/sync - {"script":"<script> [8489 bytes]","args":[{"element-6066-11e4-a52e-4f735466cecf":"f.F64AD31729AEE402AD374BC91D68D115.d.4D729DB1CEEF5988D755D44E6D9CB158.e.9308","ELEMENT":"f.F64AD31729AEE402AD374BC91D68D115.d.4D729DB1CEEF5988D755D44E6D9CB158.e.9308"}]}
RESULT: {"script":"<script> [8489 bytes]","args":[{"element-6066-11e4-a52e-4f735466cecf":"f.F64AD31729AEE402AD374BC91D68D115.d.4D729DB1CEEF5988D755D44E6D9CB158.e.9308","ELEMENT":"f.F64AD31729AEE402AD374BC91D68D115.d.4D729DB1CEEF5988D755D44E6D9CB158.e.9308"}]}
COMMAND: GET /session/668384e1c1f73f3d5461b9d538daca42/screenshot - {}
RESULT: {}
COMMAND: POST /session/668384e1c1f73f3d5461b9d538daca42/execute/sync - {"script":"<script> [8489 bytes]","args":[{"element-6066-11e4-a52e-4f735466cecf":"f.F64AD31729AEE402AD374BC91D68D115.d.4D729DB1CEEF5988D755D44E6D9CB158.e.9308","ELEMENT":"f.F64AD31729AEE402AD374BC91D68D115.d.4D729DB1CEEF5988D755D44E6D9CB158.e.9308"}]}
RESULT: {"script":"<script> [8489 bytes]","args":[{"element-6066-11e4-a52e-4f735466cecf":"f.F64AD31729AEE402AD374BC91D68D115.d.4D729DB1CEEF5988D755D44E6D9CB158.e.9308","ELEMENT":"f.F64AD31729AEE402AD374BC91D68D115.d.4D729DB1CEEF5988D755D44E6D9CB158.e.9308"}]}
COMMAND: GET /session/668384e1c1f73f3d5461b9d538daca42/screenshot - {}
RESULT: {}
COMMAND: POST /session/668384e1c1f73f3d5461b9d538daca42/execute/sync - {"script":"<script> [8489 bytes]","args":[{"element-6066-11e4-a52e-4f735466cecf":"f.F64AD31729AEE402AD374BC91D68D115.d.4D729DB1CEEF5988D755D44E6D9CB158.e.9308","ELEMENT":"f.F64AD31729AEE402AD374BC91D68D115.d.4D729DB1CEEF5988D755D44E6D9CB158.e.9308"}]}
RESULT: {"script":"<script> [8489 bytes]","args":[{"element-6066-11e4-a52e-4f735466cecf":"f.F64AD31729AEE402AD374BC91D68D115.d.4D729DB1CEEF5988D755D44E6D9CB158.e.9308","ELEMENT":"f.F64AD31729AEE402AD374BC91D68D115.d.4D729DB1CEEF5988D755D44E6D9CB158.e.9308"}]}
COMMAND: GET /session/668384e1c1f73f3d5461b9d538daca42/screenshot - {}
RESULT: {}
COMMAND: POST /session/668384e1c1f73f3d5461b9d538daca42/execute/sync - {"script":"<script> [8489 bytes]","args":[{"element-6066-11e4-a52e-4f735466cecf":"f.F64AD31729AEE402AD374BC91D68D115.d.4D729DB1CEEF5988D755D44E6D9CB158.e.9308","ELEMENT":"f.F64AD31729AEE402AD374BC91D68D115.d.4D729DB1CEEF5988D755D44E6D9CB158.e.9308"}]}
RESULT: {"script":"<script> [8489 bytes]","args":[{"element-6066-11e4-a52e-4f735466cecf":"f.F64AD31729AEE402AD374BC91D68D115.d.4D729DB1CEEF5988D755D44E6D9CB158.e.9308","ELEMENT":"f.F64AD31729AEE402AD374BC91D68D115.d.4D729DB1CEEF5988D755D44E6D9CB158.e.9308"}]}
COMMAND: GET /session/668384e1c1f73f3d5461b9d538daca42/screenshot - {}
RESULT: {}
COMMAND: POST /session/668384e1c1f73f3d5461b9d538daca42/execute/sync - {"script":"<script> [8489 bytes]","args":[{"element-6066-11e4-a52e-4f735466cecf":"f.F64AD31729AEE402AD374BC91D68D115.d.4D729DB1CEEF5988D755D44E6D9CB158.e.9308","ELEMENT":"f.F64AD31729AEE402AD374BC91D68D115.d.4D729DB1CEEF5988D755D44E6D9CB158.e.9308"}]}
RESULT: {"script":"<script> [8489 bytes]","args":[{"element-6066-11e4-a52e-4f735466cecf":"f.F64AD31729AEE402AD374BC91D68D115.d.4D729DB1CEEF5988D755D44E6D9CB158.e.9308","ELEMENT":"f.F64AD31729AEE402AD374BC91D68D115.d.4D729DB1CEEF5988D755D44E6D9CB158.e.9308"}]}
COMMAND: GET /session/668384e1c1f73f3d5461b9d538daca42/screenshot - {}
RESULT: {}
COMMAND: POST /session/668384e1c1f73f3d5461b9d538daca42/execute/sync - {"script":"<script> [8489 bytes]","args":[{"element-6066-11e4-a52e-4f735466cecf":"f.F64AD31729AEE402AD374BC91D68D115.d.4D729DB1CEEF5988D755D44E6D9CB158.e.9308","ELEMENT":"f.F64AD31729AEE402AD374BC91D68D115.d.4D729DB1CEEF5988D755D44E6D9CB158.e.9308"}]}
RESULT: {"script":"<script> [8489 bytes]","args":[{"element-6066-11e4-a52e-4f735466cecf":"f.F64AD31729AEE402AD374BC91D68D115.d.4D729DB1CEEF5988D755D44E6D9CB158.e.9308","ELEMENT":"f.F64AD31729AEE402AD374BC91D68D115.d.4D729DB1CEEF5988D755D44E6D9CB158.e.9308"}]}
COMMAND: GET /session/668384e1c1f73f3d5461b9d538daca42/screenshot - {}
RESULT: {}
COMMAND: POST /session/668384e1c1f73f3d5461b9d538daca42/execute/sync - {"script":"<script> [8489 bytes]","args":[{"element-6066-11e4-a52e-4f735466cecf":"f.F64AD31729AEE402AD374BC91D68D115.d.4D729DB1CEEF5988D755D44E6D9CB158.e.9308","ELEMENT":"f.F64AD31729AEE402AD374BC91D68D115.d.4D729DB1CEEF5988D755D44E6D9CB158.e.9308"}]}
RESULT: {"script":"<script> [8489 bytes]","args":[{"element-6066-11e4-a52e-4f735466cecf":"f.F64AD31729AEE402AD374BC91D68D115.d.4D729DB1CEEF5988D755D44E6D9CB158.e.9308","ELEMENT":"f.F64AD31729AEE402AD374BC91D68D115.d.4D729DB1CEEF5988D755D44E6D9CB158.e.9308"}]}
COMMAND: GET /session/668384e1c1f73f3d5461b9d538daca42/screenshot - {}
RESULT: {}
COMMAND: POST /session/668384e1c1f73f3d5461b9d538daca42/execute/sync - {"script":"<script> [8489 bytes]","args":[{"element-6066-11e4-a52e-4f735466cecf":"f.F64AD31729AEE402AD374BC91D68D115.d.4D729DB1CEEF5988D755D44E6D9CB158.e.9308","ELEMENT":"f.F64AD31729AEE402AD374BC91D68D115.d.4D729DB1CEEF5988D755D44E6D9CB158.e.9308"}]}
RESULT: {"script":"<script> [8489 bytes]","args":[{"element-6066-11e4-a52e-4f735466cecf":"f.F64AD31729AEE402AD374BC91D68D115.d.4D729DB1CEEF5988D755D44E6D9CB158.e.9308","ELEMENT":"f.F64AD31729AEE402AD374BC91D68D115.d.4D729DB1CEEF5988D755D44E6D9CB158.e.9308"}]}
COMMAND: GET /session/668384e1c1f73f3d5461b9d538daca42/screenshot - {}
RESULT: {}
COMMAND: POST /session/668384e1c1f73f3d5461b9d538daca42/execute/sync - {"script":"<script> [8489 bytes]","args":[{"element-6066-11e4-a52e-4f735466cecf":"f.F64AD31729AEE402AD374BC91D68D115.d.4D729DB1CEEF5988D755D44E6D9CB158.e.9308","ELEMENT":"f.F64AD31729AEE402AD374BC91D68D115.d.4D729DB1CEEF5988D755D44E6D9CB158.e.9308"}]}
RESULT: {"script":"<script> [8489 bytes]","args":[{"element-6066-11e4-a52e-4f735466cecf":"f.F64AD31729AEE402AD374BC91D68D115.d.4D729DB1CEEF5988D755D44E6D9CB158.e.9308","ELEMENT":"f.F64AD31729AEE402AD374BC91D68D115.d.4D729DB1CEEF5988D755D44E6D9CB158.e.9308"}]}
COMMAND: GET /session/668384e1c1f73f3d5461b9d538daca42/screenshot - {}
RESULT: {}
COMMAND: POST /session/668384e1c1f73f3d5461b9d538daca42/execute/sync - {"script":"<script> [8489 bytes]","args":[{"element-6066-11e4-a52e-4f735466cecf":"f.F64AD31729AEE402AD374BC91D68D115.d.4D729DB1CEEF5988D755D44E6D9CB158.e.9308","ELEMENT":"f.F64AD31729AEE402AD374BC91D68D115.d.4D729DB1CEEF5988D755D44E6D9CB158.e.9308"}]}
RESULT: {"script":"<script> [8489 bytes]","args":[{"element-6066-11e4-a52e-4f735466cecf":"f.F64AD31729AEE402AD374BC91D68D115.d.4D729DB1CEEF5988D755D44E6D9CB158.e.9308","ELEMENT":"f.F64AD31729AEE402AD374BC91D68D115.d.4D729DB1CEEF5988D755D44E6D9CB158.e.9308"}]}
COMMAND: GET /session/668384e1c1f73f3d5461b9d538daca42/screenshot - {}
RESULT: {}
COMMAND: POST /session/668384e1c1f73f3d5461b9d538daca42/execute/sync - {"script":"<script> [8489 bytes]","args":[{"element-6066-11e4-a52e-4f735466cecf":"f.F64AD31729AEE402AD374BC91D68D115.d.4D729DB1CEEF5988D755D44E6D9CB158.e.9308","ELEMENT":"f.F64AD31729AEE402AD374BC91D68D115.d.4D729DB1CEEF5988D755D44E6D9CB158.e.9308"}]}
RESULT: {"script":"<script> [8489 bytes]","args":[{"element-6066-11e4-a52e-4f735466cecf":"f.F64AD31729AEE402AD374BC91D68D115.d.4D729DB1CEEF5988D755D44E6D9CB158.e.9308","ELEMENT":"f.F64AD31729AEE402AD374BC91D68D115.d.4D729DB1CEEF5988D755D44E6D9CB158.e.9308"}]}
COMMAND: GET /session/668384e1c1f73f3d5461b9d538daca42/screenshot - {}
RESULT: {}
COMMAND: POST /session/668384e1c1f73f3d5461b9d538daca42/execute/sync - {"script":"<script> [8489 bytes]","args":[{"element-6066-11e4-a52e-4f735466cecf":"f.F64AD31729AEE402AD374BC91D68D115.d.4D729DB1CEEF5988D755D44E6D9CB158.e.9308","ELEMENT":"f.F64AD31729AEE402AD374BC91D68D115.d.4D729DB1CEEF5988D755D44E6D9CB158.e.9308"}]}
RESULT: {"script":"<script> [8489 bytes]","args":[{"element-6066-11e4-a52e-4f735466cecf":"f.F64AD31729AEE402AD374BC91D68D115.d.4D729DB1CEEF5988D755D44E6D9CB158.e.9308","ELEMENT":"f.F64AD31729AEE402AD374BC91D68D115.d.4D729DB1CEEF5988D755D44E6D9CB158.e.9308"}]}
COMMAND: GET /session/668384e1c1f73f3d5461b9d538daca42/screenshot - {}
RESULT: {}
COMMAND: POST /session/668384e1c1f73f3d5461b9d538daca42/execute/sync - {"script":"<script> [8489 bytes]","args":[{"element-6066-11e4-a52e-4f735466cecf":"f.F64AD31729AEE402AD374BC91D68D115.d.4D729DB1CEEF5988D755D44E6D9CB158.e.9308","ELEMENT":"f.F64AD31729AEE402AD374BC91D68D115.d.4D729DB1CEEF5988D755D44E6D9CB158.e.9308"}]}
RESULT: {"script":"<script> [8489 bytes]","args":[{"element-6066-11e4-a52e-4f735466cecf":"f.F64AD31729AEE402AD374BC91D68D115.d.4D729DB1CEEF5988D755D44E6D9CB158.e.9308","ELEMENT":"f.F64AD31729AEE402AD374BC91D68D115.d.4D729DB1CEEF5988D755D44E6D9CB158.e.9308"}]}
COMMAND: GET /session/668384e1c1f73f3d5461b9d538daca42/screenshot - {}
RESULT: {}
COMMAND: POST /session/668384e1c1f73f3d5461b9d538daca42/execute/sync - {"script":"<script> [8489 bytes]","args":[{"element-6066-11e4-a52e-4f735466cecf":"f.F64AD31729AEE402AD374BC91D68D115.d.4D729DB1CEEF5988D755D44E6D9CB158.e.9308","ELEMENT":"f.F64AD31729AEE402AD374BC91D68D115.d.4D729DB1CEEF5988D755D44E6D9CB158.e.9308"}]}
RESULT: {"script":"<script> [8489 bytes]","args":[{"element-6066-11e4-a52e-4f735466cecf":"f.F64AD31729AEE402AD374BC91D68D115.d.4D729DB1CEEF5988D755D44E6D9CB158.e.9308","ELEMENT":"f.F64AD31729AEE402AD374BC91D68D115.d.4D729DB1CEEF5988D755D44E6D9CB158.e.9308"}]}
COMMAND: GET /session/668384e1c1f73f3d5461b9d538daca42/screenshot - {}
RESULT: {}
COMMAND: POST /session/668384e1c1f73f3d5461b9d538daca42/execute/sync - {"script":"<script> [8489 bytes]","args":[{"element-6066-11e4-a52e-4f735466cecf":"f.F64AD31729AEE402AD374BC91D68D115.d.4D729DB1CEEF5988D755D44E6D9CB158.e.9308","ELEMENT":"f.F64AD31729AEE402AD374BC91D68D115.d.4D729DB1CEEF5988D755D44E6D9CB158.e.9308"}]}
RESULT: {"script":"<script> [8489 bytes]","args":[{"element-6066-11e4-a52e-4f735466cecf":"f.F64AD31729AEE402AD374BC91D68D115.d.4D729DB1CEEF5988D755D44E6D9CB158.e.9308","ELEMENT":"f.F64AD31729AEE402AD374BC91D68D115.d.4D729DB1CEEF5988D755D44E6D9CB158.e.9308"}]}
COMMAND: GET /session/668384e1c1f73f3d5461b9d538daca42/screenshot - {}
RESULT: {}
COMMAND: POST /session/668384e1c1f73f3d5461b9d538daca42/execute/sync - {"script":"<script> [8489 bytes]","args":[{"element-6066-11e4-a52e-4f735466cecf":"f.F64AD31729AEE402AD374BC91D68D115.d.4D729DB1CEEF5988D755D44E6D9CB158.e.9308","ELEMENT":"f.F64AD31729AEE402AD374BC91D68D115.d.4D729DB1CEEF5988D755D44E6D9CB158.e.9308"}]}
RESULT: {"script":"<script> [8489 bytes]","args":[{"element-6066-11e4-a52e-4f735466cecf":"f.F64AD31729AEE402AD374BC91D68D115.d.4D729DB1CEEF5988D755D44E6D9CB158.e.9308","ELEMENT":"f.F64AD31729AEE402AD374BC91D68D115.d.4D729DB1CEEF5988D755D44E6D9CB158.e.9308"}]}
COMMAND: GET /session/668384e1c1f73f3d5461b9d538daca42/screenshot - {}
RESULT: {}
COMMAND: POST /session/668384e1c1f73f3d5461b9d538daca42/execute/sync - {"script":"<script> [8489 bytes]","args":[{"element-6066-11e4-a52e-4f735466cecf":"f.F64AD31729AEE402AD374BC91D68D115.d.4D729DB1CEEF5988D755D44E6D9CB158.e.9308","ELEMENT":"f.F64AD31729AEE402AD374BC91D68D115.d.4D729DB1CEEF5988D755D44E6D9CB158.e.9308"}]}
RESULT: {"script":"<script> [8489 bytes]","args":[{"element-6066-11e4-a52e-4f735466cecf":"f.F64AD31729AEE402AD374BC91D68D115.d.4D729DB1CEEF5988D755D44E6D9CB158.e.9308","ELEMENT":"f.F64AD31729AEE402AD374BC91D68D115.d.4D729DB1CEEF5988D755D44E6D9CB158.e.9308"}]}
COMMAND: GET /session/668384e1c1f73f3d5461b9d538daca42/screenshot - {}
RESULT: {}
COMMAND: POST /session/668384e1c1f73f3d5461b9d538daca42/execute/sync - {"script":"<script> [8489 bytes]","args":[{"element-6066-11e4-a52e-4f735466cecf":"f.F64AD31729AEE402AD374BC91D68D115.d.4D729DB1CEEF5988D755D44E6D9CB158.e.9308","ELEMENT":"f.F64AD31729AEE402AD374BC91D68D115.d.4D729DB1CEEF5988D755D44E6D9CB158.e.9308"}]}
RESULT: {"script":"<script> [8489 bytes]","args":[{"element-6066-11e4-a52e-4f735466cecf":"f.F64AD31729AEE402AD374BC91D68D115.d.4D729DB1CEEF5988D755D44E6D9CB158.e.9308","ELEMENT":"f.F64AD31729AEE402AD374BC91D68D115.d.4D729DB1CEEF5988D755D44E6D9CB158.e.9308"}]}
COMMAND: GET /session/668384e1c1f73f3d5461b9d538daca42/screenshot - {}
RESULT: {}
COMMAND: POST /session/668384e1c1f73f3d5461b9d538daca42/execute/sync - {"script":"<script> [8489 bytes]","args":[{"element-6066-11e4-a52e-4f735466cecf":"f.F64AD31729AEE402AD374BC91D68D115.d.4D729DB1CEEF5988D755D44E6D9CB158.e.9308","ELEMENT":"f.F64AD31729AEE402AD374BC91D68D115.d.4D729DB1CEEF5988D755D44E6D9CB158.e.9308"}]}
RESULT: {"script":"<script> [8489 bytes]","args":[{"element-6066-11e4-a52e-4f735466cecf":"f.F64AD31729AEE402AD374BC91D68D115.d.4D729DB1CEEF5988D755D44E6D9CB158.e.9308","ELEMENT":"f.F64AD31729AEE402AD374BC91D68D115.d.4D729DB1CEEF5988D755D44E6D9CB158.e.9308"}]}
COMMAND: GET /session/668384e1c1f73f3d5461b9d538daca42/screenshot - {}
RESULT: {}
COMMAND: POST /session/668384e1c1f73f3d5461b9d538daca42/execute/sync - {"script":"<script> [8489 bytes]","args":[{"element-6066-11e4-a52e-4f735466cecf":"f.F64AD31729AEE402AD374BC91D68D115.d.4D729DB1CEEF5988D755D44E6D9CB158.e.9308","ELEMENT":"f.F64AD31729AEE402AD374BC91D68D115.d.4D729DB1CEEF5988D755D44E6D9CB158.e.9308"}]}
RESULT: {"script":"<script> [8489 bytes]","args":[{"element-6066-11e4-a52e-4f735466cecf":"f.F64AD31729AEE402AD374BC91D68D115.d.4D729DB1CEEF5988D755D44E6D9CB158.e.9308","ELEMENT":"f.F64AD31729AEE402AD374BC91D68D115.d.4D729DB1CEEF5988D755D44E6D9CB158.e.9308"}]}
COMMAND: GET /session/668384e1c1f73f3d5461b9d538daca42/screenshot - {}
RESULT: {}
COMMAND: POST /session/668384e1c1f73f3d5461b9d538daca42/execute/sync - {"script":"<script> [8489 bytes]","args":[{"element-6066-11e4-a52e-4f735466cecf":"f.F64AD31729AEE402AD374BC91D68D115.d.4D729DB1CEEF5988D755D44E6D9CB158.e.9308","ELEMENT":"f.F64AD31729AEE402AD374BC91D68D115.d.4D729DB1CEEF5988D755D44E6D9CB158.e.9308"}]}
RESULT: {"script":"<script> [8489 bytes]","args":[{"element-6066-11e4-a52e-4f735466cecf":"f.F64AD31729AEE402AD374BC91D68D115.d.4D729DB1CEEF5988D755D44E6D9CB158.e.9308","ELEMENT":"f.F64AD31729AEE402AD374BC91D68D115.d.4D729DB1CEEF5988D755D44E6D9CB158.e.9308"}]}
COMMAND: GET /session/668384e1c1f73f3d5461b9d538daca42/screenshot - {}
RESULT: {}
COMMAND: POST /session/668384e1c1f73f3d5461b9d538daca42/execute/sync - {"script":"<script> [8489 bytes]","args":[{"element-6066-11e4-a52e-4f735466cecf":"f.F64AD31729AEE402AD374BC91D68D115.d.4D729DB1CEEF5988D755D44E6D9CB158.e.9308","ELEMENT":"f.F64AD31729AEE402AD374BC91D68D115.d.4D729DB1CEEF5988D755D44E6D9CB158.e.9308"}]}
RESULT: {"script":"<script> [8489 bytes]","args":[{"element-6066-11e4-a52e-4f735466cecf":"f.F64AD31729AEE402AD374BC91D68D115.d.4D729DB1CEEF5988D755D44E6D9CB158.e.9308","ELEMENT":"f.F64AD31729AEE402AD374BC91D68D115.d.4D729DB1CEEF5988D755D44E6D9CB158.e.9308"}]}
COMMAND: GET /session/668384e1c1f73f3d5461b9d538daca42/screenshot - {}
RESULT: {}
COMMAND: POST /session/668384e1c1f73f3d5461b9d538daca42/execute/sync - {"script":"<script> [8489 bytes]","args":[{"element-6066-11e4-a52e-4f735466cecf":"f.F64AD31729AEE402AD374BC91D68D115.d.4D729DB1CEEF5988D755D44E6D9CB158.e.9308","ELEMENT":"f.F64AD31729AEE402AD374BC91D68D115.d.4D729DB1CEEF5988D755D44E6D9CB158.e.9308"}]}
RESULT: {"script":"<script> [8489 bytes]","args":[{"element-6066-11e4-a52e-4f735466cecf":"f.F64AD31729AEE402AD374BC91D68D115.d.4D729DB1CEEF5988D755D44E6D9CB158.e.9308","ELEMENT":"f.F64AD31729AEE402AD374BC91D68D115.d.4D729DB1CEEF5988D755D44E6D9CB158.e.9308"}]}
COMMAND: GET /session/668384e1c1f73f3d5461b9d538daca42/screenshot - {}
RESULT: {}
COMMAND: POST /session/668384e1c1f73f3d5461b9d538daca42/execute/sync - {"script":"<script> [8489 bytes]","args":[{"element-6066-11e4-a52e-4f735466cecf":"f.F64AD31729AEE402AD374BC91D68D115.d.4D729DB1CEEF5988D755D44E6D9CB158.e.9308","ELEMENT":"f.F64AD31729AEE402AD374BC91D68D115.d.4D729DB1CEEF5988D755D44E6D9CB158.e.9308"}]}
RESULT: {"script":"<script> [8489 bytes]","args":[{"element-6066-11e4-a52e-4f735466cecf":"f.F64AD31729AEE402AD374BC91D68D115.d.4D729DB1CEEF5988D755D44E6D9CB158.e.9308","ELEMENT":"f.F64AD31729AEE402AD374BC91D68D115.d.4D729DB1CEEF5988D755D44E6D9CB158.e.9308"}]}
COMMAND: GET /session/668384e1c1f73f3d5461b9d538daca42/screenshot - {}
RESULT: {}
COMMAND: POST /session/668384e1c1f73f3d5461b9d538daca42/execute/sync - {"script":"<script> [8489 bytes]","args":[{"element-6066-11e4-a52e-4f735466cecf":"f.F64AD31729AEE402AD374BC91D68D115.d.4D729DB1CEEF5988D755D44E6D9CB158.e.9308","ELEMENT":"f.F64AD31729AEE402AD374BC91D68D115.d.4D729DB1CEEF5988D755D44E6D9CB158.e.9308"}]}
RESULT: {"script":"<script> [8489 bytes]","args":[{"element-6066-11e4-a52e-4f735466cecf":"f.F64AD31729AEE402AD374BC91D68D115.d.4D729DB1CEEF5988D755D44E6D9CB158.e.9308","ELEMENT":"f.F64AD31729AEE402AD374BC91D68D115.d.4D729DB1CEEF5988D755D44E6D9CB158.e.9308"}]}
COMMAND: GET /session/668384e1c1f73f3d5461b9d538daca42/screenshot - {}
RESULT: {}
COMMAND: POST /session/668384e1c1f73f3d5461b9d538daca42/execute/sync - {"script":"<script> [8489 bytes]","args":[{"element-6066-11e4-a52e-4f735466cecf":"f.F64AD31729AEE402AD374BC91D68D115.d.4D729DB1CEEF5988D755D44E6D9CB158.e.9308","ELEMENT":"f.F64AD31729AEE402AD374BC91D68D115.d.4D729DB1CEEF5988D755D44E6D9CB158.e.9308"}]}
RESULT: {"script":"<script> [8489 bytes]","args":[{"element-6066-11e4-a52e-4f735466cecf":"f.F64AD31729AEE402AD374BC91D68D115.d.4D729DB1CEEF5988D755D44E6D9CB158.e.9308","ELEMENT":"f.F64AD31729AEE402AD374BC91D68D115.d.4D729DB1CEEF5988D755D44E6D9CB158.e.9308"}]}
COMMAND: GET /session/668384e1c1f73f3d5461b9d538daca42/screenshot - {}
RESULT: {}
COMMAND: POST /session/668384e1c1f73f3d5461b9d538daca42/execute/sync - {"script":"<script> [8489 bytes]","args":[{"element-6066-11e4-a52e-4f735466cecf":"f.F64AD31729AEE402AD374BC91D68D115.d.4D729DB1CEEF5988D755D44E6D9CB158.e.9308","ELEMENT":"f.F64AD31729AEE402AD374BC91D68D115.d.4D729DB1CEEF5988D755D44E6D9CB158.e.9308"}]}
RESULT: {"script":"<script> [8489 bytes]","args":[{"element-6066-11e4-a52e-4f735466cecf":"f.F64AD31729AEE402AD374BC91D68D115.d.4D729DB1CEEF5988D755D44E6D9CB158.e.9308","ELEMENT":"f.F64AD31729AEE402AD374BC91D68D115.d.4D729DB1CEEF5988D755D44E6D9CB158.e.9308"}]}
COMMAND: GET /session/668384e1c1f73f3d5461b9d538daca42/screenshot - {}
RESULT: {}
COMMAND: POST /session/668384e1c1f73f3d5461b9d538daca42/execute/sync - {"script":"<script> [8489 bytes]","args":[{"element-6066-11e4-a52e-4f735466cecf":"f.F64AD31729AEE402AD374BC91D68D115.d.4D729DB1CEEF5988D755D44E6D9CB158.e.9308","ELEMENT":"f.F64AD31729AEE402AD374BC91D68D115.d.4D729DB1CEEF5988D755D44E6D9CB158.e.9308"}]}
RESULT: {"script":"<script> [8489 bytes]","args":[{"element-6066-11e4-a52e-4f735466cecf":"f.F64AD31729AEE402AD374BC91D68D115.d.4D729DB1CEEF5988D755D44E6D9CB158.e.9308","ELEMENT":"f.F64AD31729AEE402AD374BC91D68D115.d.4D729DB1CEEF5988D755D44E6D9CB158.e.9308"}]}
COMMAND: GET /session/668384e1c1f73f3d5461b9d538daca42/screenshot - {}
RESULT: {}
COMMAND: POST /session/668384e1c1f73f3d5461b9d538daca42/execute/sync - {"script":"<script> [8489 bytes]","args":[{"element-6066-11e4-a52e-4f735466cecf":"f.F64AD31729AEE402AD374BC91D68D115.d.4D729DB1CEEF5988D755D44E6D9CB158.e.9308","ELEMENT":"f.F64AD31729AEE402AD374BC91D68D115.d.4D729DB1CEEF5988D755D44E6D9CB158.e.9308"}]}
RESULT: {"script":"<script> [8489 bytes]","args":[{"element-6066-11e4-a52e-4f735466cecf":"f.F64AD31729AEE402AD374BC91D68D115.d.4D729DB1CEEF5988D755D44E6D9CB158.e.9308","ELEMENT":"f.F64AD31729AEE402AD374BC91D68D115.d.4D729DB1CEEF5988D755D44E6D9CB158.e.9308"}]}
COMMAND: GET /session/668384e1c1f73f3d5461b9d538daca42/screenshot - {}
RESULT: {}
COMMAND: POST /session/668384e1c1f73f3d5461b9d538daca42/execute/sync - {"script":"<script> [8489 bytes]","args":[{"element-6066-11e4-a52e-4f735466cecf":"f.F64AD31729AEE402AD374BC91D68D115.d.4D729DB1CEEF5988D755D44E6D9CB158.e.9308","ELEMENT":"f.F64AD31729AEE402AD374BC91D68D115.d.4D729DB1CEEF5988D755D44E6D9CB158.e.9308"}]}
RESULT: {"script":"<script> [8489 bytes]","args":[{"element-6066-11e4-a52e-4f735466cecf":"f.F64AD31729AEE402AD374BC91D68D115.d.4D729DB1CEEF5988D755D44E6D9CB158.e.9308","ELEMENT":"f.F64AD31729AEE402AD374BC91D68D115.d.4D729DB1CEEF5988D755D44E6D9CB158.e.9308"}]}
COMMAND: GET /session/668384e1c1f73f3d5461b9d538daca42/screenshot - {}
RESULT: {}
COMMAND: POST /session/668384e1c1f73f3d5461b9d538daca42/execute/sync - {"script":"<script> [8489 bytes]","args":[{"element-6066-11e4-a52e-4f735466cecf":"f.F64AD31729AEE402AD374BC91D68D115.d.4D729DB1CEEF5988D755D44E6D9CB158.e.9308","ELEMENT":"f.F64AD31729AEE402AD374BC91D68D115.d.4D729DB1CEEF5988D755D44E6D9CB158.e.9308"}]}
RESULT: {"script":"<script> [8489 bytes]","args":[{"element-6066-11e4-a52e-4f735466cecf":"f.F64AD31729AEE402AD374BC91D68D115.d.4D729DB1CEEF5988D755D44E6D9CB158.e.9308","ELEMENT":"f.F64AD31729AEE402AD374BC91D68D115.d.4D729DB1CEEF5988D755D44E6D9CB158.e.9308"}]}
COMMAND: GET /session/668384e1c1f73f3d5461b9d538daca42/screenshot - {}
COMMAND: POST /session/668384e1c1f73f3d5461b9d538daca42/execute/sync - {"script":"<script> [8489 bytes]","args":[{"element-6066-11e4-a52e-4f735466cecf":"f.F64AD31729AEE402AD374BC91D68D115.d.4D729DB1CEEF5988D755D44E6D9CB158.e.9308","ELEMENT":"f.F64AD31729AEE402AD374BC91D68D115.d.4D729DB1CEEF5988D755D44E6D9CB158.e.9308"}]}
RESULT: {}
RESULT: {"script":"<script> [8489 bytes]","args":[{"element-6066-11e4-a52e-4f735466cecf":"f.F64AD31729AEE402AD374BC91D68D115.d.4D729DB1CEEF5988D755D44E6D9CB158.e.9308","ELEMENT":"f.F64AD31729AEE402AD374BC91D68D115.d.4D729DB1CEEF5988D755D44E6D9CB158.e.9308"}]}
COMMAND: GET /session/668384e1c1f73f3d5461b9d538daca42/screenshot - {}
RESULT: {}
COMMAND: POST /session/668384e1c1f73f3d5461b9d538daca42/execute/sync - {"script":"<script> [8489 bytes]","args":[{"element-6066-11e4-a52e-4f735466cecf":"f.F64AD31729AEE402AD374BC91D68D115.d.4D729DB1CEEF5988D755D44E6D9CB158.e.9308","ELEMENT":"f.F64AD31729AEE402AD374BC91D68D115.d.4D729DB1CEEF5988D755D44E6D9CB158.e.9308"}]}
RESULT: {"script":"<script> [8489 bytes]","args":[{"element-6066-11e4-a52e-4f735466cecf":"f.F64AD31729AEE402AD374BC91D68D115.d.4D729DB1CEEF5988D755D44E6D9CB158.e.9308","ELEMENT":"f.F64AD31729AEE402AD374BC91D68D115.d.4D729DB1CEEF5988D755D44E6D9CB158.e.9308"}]}
COMMAND: GET /session/668384e1c1f73f3d5461b9d538daca42/screenshot - {}
RESULT: {}
COMMAND: POST /session/668384e1c1f73f3d5461b9d538daca42/execute/sync - {"script":"<script> [8489 bytes]","args":[{"element-6066-11e4-a52e-4f735466cecf":"f.F64AD31729AEE402AD374BC91D68D115.d.4D729DB1CEEF5988D755D44E6D9CB158.e.9308","ELEMENT":"f.F64AD31729AEE402AD374BC91D68D115.d.4D729DB1CEEF5988D755D44E6D9CB158.e.9308"}]}
RESULT: {"script":"<script> [8489 bytes]","args":[{"element-6066-11e4-a52e-4f735466cecf":"f.F64AD31729AEE402AD374BC91D68D115.d.4D729DB1CEEF5988D755D44E6D9CB158.e.9308","ELEMENT":"f.F64AD31729AEE402AD374BC91D68D115.d.4D729DB1CEEF5988D755D44E6D9CB158.e.9308"}]}
COMMAND: GET /session/668384e1c1f73f3d5461b9d538daca42/screenshot - {}
RESULT: {}
COMMAND: POST /session/668384e1c1f73f3d5461b9d538daca42/execute/sync - {"script":"<script> [8489 bytes]","args":[{"element-6066-11e4-a52e-4f735466cecf":"f.F64AD31729AEE402AD374BC91D68D115.d.4D729DB1CEEF5988D755D44E6D9CB158.e.9308","ELEMENT":"f.F64AD31729AEE402AD374BC91D68D115.d.4D729DB1CEEF5988D755D44E6D9CB158.e.9308"}]}
RESULT: {"script":"<script> [8489 bytes]","args":[{"element-6066-11e4-a52e-4f735466cecf":"f.F64AD31729AEE402AD374BC91D68D115.d.4D729DB1CEEF5988D755D44E6D9CB158.e.9308","ELEMENT":"f.F64AD31729AEE402AD374BC91D68D115.d.4D729DB1CEEF5988D755D44E6D9CB158.e.9308"}]}
COMMAND: GET /session/668384e1c1f73f3d5461b9d538daca42/screenshot - {}
RESULT: {}
COMMAND: POST /session/668384e1c1f73f3d5461b9d538daca42/execute/sync - {"script":"<script> [8489 bytes]","args":[{"element-6066-11e4-a52e-4f735466cecf":"f.F64AD31729AEE402AD374BC91D68D115.d.4D729DB1CEEF5988D755D44E6D9CB158.e.9308","ELEMENT":"f.F64AD31729AEE402AD374BC91D68D115.d.4D729DB1CEEF5988D755D44E6D9CB158.e.9308"}]}
RESULT: {"script":"<script> [8489 bytes]","args":[{"element-6066-11e4-a52e-4f735466cecf":"f.F64AD31729AEE402AD374BC91D68D115.d.4D729DB1CEEF5988D755D44E6D9CB158.e.9308","ELEMENT":"f.F64AD31729AEE402AD374BC91D68D115.d.4D729DB1CEEF5988D755D44E6D9CB158.e.9308"}]}
COMMAND: GET /session/668384e1c1f73f3d5461b9d538daca42/screenshot - {}
RESULT: {}
COMMAND: POST /session/668384e1c1f73f3d5461b9d538daca42/execute/sync - {"script":"<script> [8489 bytes]","args":[{"element-6066-11e4-a52e-4f735466cecf":"f.F64AD31729AEE402AD374BC91D68D115.d.4D729DB1CEEF5988D755D44E6D9CB158.e.9308","ELEMENT":"f.F64AD31729AEE402AD374BC91D68D115.d.4D729DB1CEEF5988D755D44E6D9CB158.e.9308"}]}
RESULT: {"script":"<script> [8489 bytes]","args":[{"element-6066-11e4-a52e-4f735466cecf":"f.F64AD31729AEE402AD374BC91D68D115.d.4D729DB1CEEF5988D755D44E6D9CB158.e.9308","ELEMENT":"f.F64AD31729AEE402AD374BC91D68D115.d.4D729DB1CEEF5988D755D44E6D9CB158.e.9308"}]}
COMMAND: GET /session/668384e1c1f73f3d5461b9d538daca42/screenshot - {}
RESULT: {}
COMMAND: POST /session/668384e1c1f73f3d5461b9d538daca42/execute/sync - {"script":"<script> [8489 bytes]","args":[{"element-6066-11e4-a52e-4f735466cecf":"f.F64AD31729AEE402AD374BC91D68D115.d.4D729DB1CEEF5988D755D44E6D9CB158.e.9308","ELEMENT":"f.F64AD31729AEE402AD374BC91D68D115.d.4D729DB1CEEF5988D755D44E6D9CB158.e.9308"}]}
RESULT: {"script":"<script> [8489 bytes]","args":[{"element-6066-11e4-a52e-4f735466cecf":"f.F64AD31729AEE402AD374BC91D68D115.d.4D729DB1CEEF5988D755D44E6D9CB158.e.9308","ELEMENT":"f.F64AD31729AEE402AD374BC91D68D115.d.4D729DB1CEEF5988D755D44E6D9CB158.e.9308"}]}
COMMAND: GET /session/668384e1c1f73f3d5461b9d538daca42/screenshot - {}
RESULT: {}
COMMAND: POST /session/668384e1c1f73f3d5461b9d538daca42/execute/sync - {"script":"<script> [8489 bytes]","args":[{"element-6066-11e4-a52e-4f735466cecf":"f.F64AD31729AEE402AD374BC91D68D115.d.4D729DB1CEEF5988D755D44E6D9CB158.e.9308","ELEMENT":"f.F64AD31729AEE402AD374BC91D68D115.d.4D729DB1CEEF5988D755D44E6D9CB158.e.9308"}]}
RESULT: {"script":"<script> [8489 bytes]","args":[{"element-6066-11e4-a52e-4f735466cecf":"f.F64AD31729AEE402AD374BC91D68D115.d.4D729DB1CEEF5988D755D44E6D9CB158.e.9308","ELEMENT":"f.F64AD31729AEE402AD374BC91D68D115.d.4D729DB1CEEF5988D755D44E6D9CB158.e.9308"}]}
COMMAND: GET /session/668384e1c1f73f3d5461b9d538daca42/screenshot - {}
RESULT: {}
COMMAND: POST /session/668384e1c1f73f3d5461b9d538daca42/execute/sync - {"script":"<script> [8489 bytes]","args":[{"element-6066-11e4-a52e-4f735466cecf":"f.F64AD31729AEE402AD374BC91D68D115.d.4D729DB1CEEF5988D755D44E6D9CB158.e.9308","ELEMENT":"f.F64AD31729AEE402AD374BC91D68D115.d.4D729DB1CEEF5988D755D44E6D9CB158.e.9308"}]}
RESULT: {"script":"<script> [8489 bytes]","args":[{"element-6066-11e4-a52e-4f735466cecf":"f.F64AD31729AEE402AD374BC91D68D115.d.4D729DB1CEEF5988D755D44E6D9CB158.e.9308","ELEMENT":"f.F64AD31729AEE402AD374BC91D68D115.d.4D729DB1CEEF5988D755D44E6D9CB158.e.9308"}]}
COMMAND: GET /session/668384e1c1f73f3d5461b9d538daca42/screenshot - {}
RESULT: {}
COMMAND: POST /session/668384e1c1f73f3d5461b9d538daca42/execute/sync - {"script":"<script> [8489 bytes]","args":[{"element-6066-11e4-a52e-4f735466cecf":"f.F64AD31729AEE402AD374BC91D68D115.d.4D729DB1CEEF5988D755D44E6D9CB158.e.9308","ELEMENT":"f.F64AD31729AEE402AD374BC91D68D115.d.4D729DB1CEEF5988D755D44E6D9CB158.e.9308"}]}
RESULT: {"script":"<script> [8489 bytes]","args":[{"element-6066-11e4-a52e-4f735466cecf":"f.F64AD31729AEE402AD374BC91D68D115.d.4D729DB1CEEF5988D755D44E6D9CB158.e.9308","ELEMENT":"f.F64AD31729AEE402AD374BC91D68D115.d.4D729DB1CEEF5988D755D44E6D9CB158.e.9308"}]}
COMMAND: GET /session/668384e1c1f73f3d5461b9d538daca42/screenshot - {}
RESULT: {}
COMMAND: POST /session/668384e1c1f73f3d5461b9d538daca42/execute/sync - {"script":"<script> [8489 bytes]","args":[{"element-6066-11e4-a52e-4f735466cecf":"f.F64AD31729AEE402AD374BC91D68D115.d.4D729DB1CEEF5988D755D44E6D9CB158.e.9308","ELEMENT":"f.F64AD31729AEE402AD374BC91D68D115.d.4D729DB1CEEF5988D755D44E6D9CB158.e.9308"}]}
RESULT: {"script":"<script> [8489 bytes]","args":[{"element-6066-11e4-a52e-4f735466cecf":"f.F64AD31729AEE402AD374BC91D68D115.d.4D729DB1CEEF5988D755D44E6D9CB158.e.9308","ELEMENT":"f.F64AD31729AEE402AD374BC91D68D115.d.4D729DB1CEEF5988D755D44E6D9CB158.e.9308"}]}
COMMAND: GET /session/668384e1c1f73f3d5461b9d538daca42/screenshot - {}
RESULT: {}
COMMAND: POST /session/668384e1c1f73f3d5461b9d538daca42/execute/sync - {"script":"<script> [8489 bytes]","args":[{"element-6066-11e4-a52e-4f735466cecf":"f.F64AD31729AEE402AD374BC91D68D115.d.4D729DB1CEEF5988D755D44E6D9CB158.e.9308","ELEMENT":"f.F64AD31729AEE402AD374BC91D68D115.d.4D729DB1CEEF5988D755D44E6D9CB158.e.9308"}]}
RESULT: {"script":"<script> [8489 bytes]","args":[{"element-6066-11e4-a52e-4f735466cecf":"f.F64AD31729AEE402AD374BC91D68D115.d.4D729DB1CEEF5988D755D44E6D9CB158.e.9308","ELEMENT":"f.F64AD31729AEE402AD374BC91D68D115.d.4D729DB1CEEF5988D755D44E6D9CB158.e.9308"}]}
COMMAND: GET /session/668384e1c1f73f3d5461b9d538daca42/screenshot - {}
RESULT: {}
COMMAND: POST /session/668384e1c1f73f3d5461b9d538daca42/execute/sync - {"script":"<script> [8489 bytes]","args":[{"element-6066-11e4-a52e-4f735466cecf":"f.F64AD31729AEE402AD374BC91D68D115.d.4D729DB1CEEF5988D755D44E6D9CB158.e.9308","ELEMENT":"f.F64AD31729AEE402AD374BC91D68D115.d.4D729DB1CEEF5988D755D44E6D9CB158.e.9308"}]}
RESULT: {"script":"<script> [8489 bytes]","args":[{"element-6066-11e4-a52e-4f735466cecf":"f.F64AD31729AEE402AD374BC91D68D115.d.4D729DB1CEEF5988D755D44E6D9CB158.e.9308","ELEMENT":"f.F64AD31729AEE402AD374BC91D68D115.d.4D729DB1CEEF5988D755D44E6D9CB158.e.9308"}]}
COMMAND: GET /session/668384e1c1f73f3d5461b9d538daca42/screenshot - {}
RESULT: {}
COMMAND: POST /session/668384e1c1f73f3d5461b9d538daca42/execute/sync - {"script":"<script> [8489 bytes]","args":[{"element-6066-11e4-a52e-4f735466cecf":"f.F64AD31729AEE402AD374BC91D68D115.d.4D729DB1CEEF5988D755D44E6D9CB158.e.9308","ELEMENT":"f.F64AD31729AEE402AD374BC91D68D115.d.4D729DB1CEEF5988D755D44E6D9CB158.e.9308"}]}
RESULT: {"script":"<script> [8489 bytes]","args":[{"element-6066-11e4-a52e-4f735466cecf":"f.F64AD31729AEE402AD374BC91D68D115.d.4D729DB1CEEF5988D755D44E6D9CB158.e.9308","ELEMENT":"f.F64AD31729AEE402AD374BC91D68D115.d.4D729DB1CEEF5988D755D44E6D9CB158.e.9308"}]}
COMMAND: GET /session/668384e1c1f73f3d5461b9d538daca42/screenshot - {}
RESULT: {}
COMMAND: POST /session/668384e1c1f73f3d5461b9d538daca42/execute/sync - {"script":"<script> [8489 bytes]","args":[{"element-6066-11e4-a52e-4f735466cecf":"f.F64AD31729AEE402AD374BC91D68D115.d.4D729DB1CEEF5988D755D44E6D9CB158.e.9308","ELEMENT":"f.F64AD31729AEE402AD374BC91D68D115.d.4D729DB1CEEF5988D755D44E6D9CB158.e.9308"}]}
RESULT: {"script":"<script> [8489 bytes]","args":[{"element-6066-11e4-a52e-4f735466cecf":"f.F64AD31729AEE402AD374BC91D68D115.d.4D729DB1CEEF5988D755D44E6D9CB158.e.9308","ELEMENT":"f.F64AD31729AEE402AD374BC91D68D115.d.4D729DB1CEEF5988D755D44E6D9CB158.e.9308"}]}
COMMAND: GET /session/668384e1c1f73f3d5461b9d538daca42/screenshot - {}
RESULT: {}
COMMAND: POST /session/668384e1c1f73f3d5461b9d538daca42/execute/sync - {"script":"<script> [8489 bytes]","args":[{"element-6066-11e4-a52e-4f735466cecf":"f.F64AD31729AEE402AD374BC91D68D115.d.4D729DB1CEEF5988D755D44E6D9CB158.e.9308","ELEMENT":"f.F64AD31729AEE402AD374BC91D68D115.d.4D729DB1CEEF5988D755D44E6D9CB158.e.9308"}]}
RESULT: {"script":"<script> [8489 bytes]","args":[{"element-6066-11e4-a52e-4f735466cecf":"f.F64AD31729AEE402AD374BC91D68D115.d.4D729DB1CEEF5988D755D44E6D9CB158.e.9308","ELEMENT":"f.F64AD31729AEE402AD374BC91D68D115.d.4D729DB1CEEF5988D755D44E6D9CB158.e.9308"}]}
COMMAND: GET /session/668384e1c1f73f3d5461b9d538daca42/screenshot - {}
COMMAND: POST /session/668384e1c1f73f3d5461b9d538daca42/execute/sync - {"script":"<script> [8489 bytes]","args":[{"element-6066-11e4-a52e-4f735466cecf":"f.F64AD31729AEE402AD374BC91D68D115.d.4D729DB1CEEF5988D755D44E6D9CB158.e.9308","ELEMENT":"f.F64AD31729AEE402AD374BC91D68D115.d.4D729DB1CEEF5988D755D44E6D9CB158.e.9308"}]}
RESULT: {}
RESULT: {"script":"<script> [8489 bytes]","args":[{"element-6066-11e4-a52e-4f735466cecf":"f.F64AD31729AEE402AD374BC91D68D115.d.4D729DB1CEEF5988D755D44E6D9CB158.e.9308","ELEMENT":"f.F64AD31729AEE402AD374BC91D68D115.d.4D729DB1CEEF5988D755D44E6D9CB158.e.9308"}]}
COMMAND: GET /session/668384e1c1f73f3d5461b9d538daca42/screenshot - {}
RESULT: {}
COMMAND: POST /session/668384e1c1f73f3d5461b9d538daca42/execute/sync - {"script":"<script> [8489 bytes]","args":[{"element-6066-11e4-a52e-4f735466cecf":"f.F64AD31729AEE402AD374BC91D68D115.d.4D729DB1CEEF5988D755D44E6D9CB158.e.9308","ELEMENT":"f.F64AD31729AEE402AD374BC91D68D115.d.4D729DB1CEEF5988D755D44E6D9CB158.e.9308"}]}
RESULT: {"script":"<script> [8489 bytes]","args":[{"element-6066-11e4-a52e-4f735466cecf":"f.F64AD31729AEE402AD374BC91D68D115.d.4D729DB1CEEF5988D755D44E6D9CB158.e.9308","ELEMENT":"f.F64AD31729AEE402AD374BC91D68D115.d.4D729DB1CEEF5988D755D44E6D9CB158.e.9308"}]}
COMMAND: GET /session/668384e1c1f73f3d5461b9d538daca42/screenshot - {}
COMMAND: POST /session/668384e1c1f73f3d5461b9d538daca42/execute/sync - {"script":"<script> [8489 bytes]","args":[{"element-6066-11e4-a52e-4f735466cecf":"f.F64AD31729AEE402AD374BC91D68D115.d.4D729DB1CEEF5988D755D44E6D9CB158.e.9308","ELEMENT":"f.F64AD31729AEE402AD374BC91D68D115.d.4D729DB1CEEF5988D755D44E6D9CB158.e.9308"}]}
RESULT: {}
RESULT: {"script":"<script> [8489 bytes]","args":[{"element-6066-11e4-a52e-4f735466cecf":"f.F64AD31729AEE402AD374BC91D68D115.d.4D729DB1CEEF5988D755D44E6D9CB158.e.9308","ELEMENT":"f.F64AD31729AEE402AD374BC91D68D115.d.4D729DB1CEEF5988D755D44E6D9CB158.e.9308"}]}
COMMAND: GET /session/668384e1c1f73f3d5461b9d538daca42/screenshot - {}
RESULT: {}
COMMAND: POST /session/668384e1c1f73f3d5461b9d538daca42/execute/sync - {"script":"<script> [8489 bytes]","args":[{"element-6066-11e4-a52e-4f735466cecf":"f.F64AD31729AEE402AD374BC91D68D115.d.4D729DB1CEEF5988D755D44E6D9CB158.e.9308","ELEMENT":"f.F64AD31729AEE402AD374BC91D68D115.d.4D729DB1CEEF5988D755D44E6D9CB158.e.9308"}]}
RESULT: {"script":"<script> [8489 bytes]","args":[{"element-6066-11e4-a52e-4f735466cecf":"f.F64AD31729AEE402AD374BC91D68D115.d.4D729DB1CEEF5988D755D44E6D9CB158.e.9308","ELEMENT":"f.F64AD31729AEE402AD374BC91D68D115.d.4D729DB1CEEF5988D755D44E6D9CB158.e.9308"}]}
COMMAND: GET /session/668384e1c1f73f3d5461b9d538daca42/screenshot - {}
RESULT: {}
COMMAND: POST /session/668384e1c1f73f3d5461b9d538daca42/execute/sync - {"script":"<script> [8489 bytes]","args":[{"element-6066-11e4-a52e-4f735466cecf":"f.F64AD31729AEE402AD374BC91D68D115.d.4D729DB1CEEF5988D755D44E6D9CB158.e.9308","ELEMENT":"f.F64AD31729AEE402AD374BC91D68D115.d.4D729DB1CEEF5988D755D44E6D9CB158.e.9308"}]}
RESULT: {"script":"<script> [8489 bytes]","args":[{"element-6066-11e4-a52e-4f735466cecf":"f.F64AD31729AEE402AD374BC91D68D115.d.4D729DB1CEEF5988D755D44E6D9CB158.e.9308","ELEMENT":"f.F64AD31729AEE402AD374BC91D68D115.d.4D729DB1CEEF5988D755D44E6D9CB158.e.9308"}]}
COMMAND: GET /session/668384e1c1f73f3d5461b9d538daca42/screenshot - {}
RESULT: {}
COMMAND: POST /session/668384e1c1f73f3d5461b9d538daca42/execute/sync - {"script":"<script> [8489 bytes]","args":[{"element-6066-11e4-a52e-4f735466cecf":"f.F64AD31729AEE402AD374BC91D68D115.d.4D729DB1CEEF5988D755D44E6D9CB158.e.9308","ELEMENT":"f.F64AD31729AEE402AD374BC91D68D115.d.4D729DB1CEEF5988D755D44E6D9CB158.e.9308"}]}
RESULT: {"script":"<script> [8489 bytes]","args":[{"element-6066-11e4-a52e-4f735466cecf":"f.F64AD31729AEE402AD374BC91D68D115.d.4D729DB1CEEF5988D755D44E6D9CB158.e.9308","ELEMENT":"f.F64AD31729AEE402AD374BC91D68D115.d.4D729DB1CEEF5988D755D44E6D9CB158.e.9308"}]}
COMMAND: GET /session/668384e1c1f73f3d5461b9d538daca42/screenshot - {}
RESULT: {}
COMMAND: POST /session/668384e1c1f73f3d5461b9d538daca42/execute/sync - {"script":"<script> [8489 bytes]","args":[{"element-6066-11e4-a52e-4f735466cecf":"f.F64AD31729AEE402AD374BC91D68D115.d.4D729DB1CEEF5988D755D44E6D9CB158.e.9308","ELEMENT":"f.F64AD31729AEE402AD374BC91D68D115.d.4D729DB1CEEF5988D755D44E6D9CB158.e.9308"}]}
RESULT: {"script":"<script> [8489 bytes]","args":[{"element-6066-11e4-a52e-4f735466cecf":"f.F64AD31729AEE402AD374BC91D68D115.d.4D729DB1CEEF5988D755D44E6D9CB158.e.9308","ELEMENT":"f.F64AD31729AEE402AD374BC91D68D115.d.4D729DB1CEEF5988D755D44E6D9CB158.e.9308"}]}
COMMAND: GET /session/668384e1c1f73f3d5461b9d538daca42/screenshot - {}
RESULT: {}
COMMAND: POST /session/668384e1c1f73f3d5461b9d538daca42/execute/sync - {"script":"<script> [8489 bytes]","args":[{"element-6066-11e4-a52e-4f735466cecf":"f.F64AD31729AEE402AD374BC91D68D115.d.4D729DB1CEEF5988D755D44E6D9CB158.e.9308","ELEMENT":"f.F64AD31729AEE402AD374BC91D68D115.d.4D729DB1CEEF5988D755D44E6D9CB158.e.9308"}]}
RESULT: {"script":"<script> [8489 bytes]","args":[{"element-6066-11e4-a52e-4f735466cecf":"f.F64AD31729AEE402AD374BC91D68D115.d.4D729DB1CEEF5988D755D44E6D9CB158.e.9308","ELEMENT":"f.F64AD31729AEE402AD374BC91D68D115.d.4D729DB1CEEF5988D755D44E6D9CB158.e.9308"}]}
COMMAND: GET /session/668384e1c1f73f3d5461b9d538daca42/screenshot - {}
RESULT: {}
COMMAND: POST /session/668384e1c1f73f3d5461b9d538daca42/execute/sync - {"script":"<script> [8489 bytes]","args":[{"element-6066-11e4-a52e-4f735466cecf":"f.F64AD31729AEE402AD374BC91D68D115.d.4D729DB1CEEF5988D755D44E6D9CB158.e.9308","ELEMENT":"f.F64AD31729AEE402AD374BC91D68D115.d.4D729DB1CEEF5988D755D44E6D9CB158.e.9308"}]}
RESULT: {"script":"<script> [8489 bytes]","args":[{"element-6066-11e4-a52e-4f735466cecf":"f.F64AD31729AEE402AD374BC91D68D115.d.4D729DB1CEEF5988D755D44E6D9CB158.e.9308","ELEMENT":"f.F64AD31729AEE402AD374BC91D68D115.d.4D729DB1CEEF5988D755D44E6D9CB158.e.9308"}]}
COMMAND: GET /session/668384e1c1f73f3d5461b9d538daca42/screenshot - {}
RESULT: {}
COMMAND: POST /session/668384e1c1f73f3d5461b9d538daca42/execute/sync - {"script":"<script> [8489 bytes]","args":[{"element-6066-11e4-a52e-4f735466cecf":"f.F64AD31729AEE402AD374BC91D68D115.d.4D729DB1CEEF5988D755D44E6D9CB158.e.9308","ELEMENT":"f.F64AD31729AEE402AD374BC91D68D115.d.4D729DB1CEEF5988D755D44E6D9CB158.e.9308"}]}
RESULT: {"script":"<script> [8489 bytes]","args":[{"element-6066-11e4-a52e-4f735466cecf":"f.F64AD31729AEE402AD374BC91D68D115.d.4D729DB1CEEF5988D755D44E6D9CB158.e.9308","ELEMENT":"f.F64AD31729AEE402AD374BC91D68D115.d.4D729DB1CEEF5988D755D44E6D9CB158.e.9308"}]}
COMMAND: GET /session/668384e1c1f73f3d5461b9d538daca42/screenshot - {}
RESULT: {}
COMMAND: POST /session/668384e1c1f73f3d5461b9d538daca42/execute/sync - {"script":"<script> [8489 bytes]","args":[{"element-6066-11e4-a52e-4f735466cecf":"f.F64AD31729AEE402AD374BC91D68D115.d.4D729DB1CEEF5988D755D44E6D9CB158.e.9308","ELEMENT":"f.F64AD31729AEE402AD374BC91D68D115.d.4D729DB1CEEF5988D755D44E6D9CB158.e.9308"}]}
RESULT: {"script":"<script> [8489 bytes]","args":[{"element-6066-11e4-a52e-4f735466cecf":"f.F64AD31729AEE402AD374BC91D68D115.d.4D729DB1CEEF5988D755D44E6D9CB158.e.9308","ELEMENT":"f.F64AD31729AEE402AD374BC91D68D115.d.4D729DB1CEEF5988D755D44E6D9CB158.e.9308"}]}
COMMAND: GET /session/668384e1c1f73f3d5461b9d538daca42/screenshot - {}
RESULT: {}
COMMAND: POST /session/668384e1c1f73f3d5461b9d538daca42/execute/sync - {"script":"<script> [8489 bytes]","args":[{"element-6066-11e4-a52e-4f735466cecf":"f.F64AD31729AEE402AD374BC91D68D115.d.4D729DB1CEEF5988D755D44E6D9CB158.e.9308","ELEMENT":"f.F64AD31729AEE402AD374BC91D68D115.d.4D729DB1CEEF5988D755D44E6D9CB158.e.9308"}]}
RESULT: {"script":"<script> [8489 bytes]","args":[{"element-6066-11e4-a52e-4f735466cecf":"f.F64AD31729AEE402AD374BC91D68D115.d.4D729DB1CEEF5988D755D44E6D9CB158.e.9308","ELEMENT":"f.F64AD31729AEE402AD374BC91D68D115.d.4D729DB1CEEF5988D755D44E6D9CB158.e.9308"}]}
COMMAND: GET /session/668384e1c1f73f3d5461b9d538daca42/screenshot - {}
RESULT: {}
COMMAND: POST /session/668384e1c1f73f3d5461b9d538daca42/execute/sync - {"script":"<script> [8489 bytes]","args":[{"element-6066-11e4-a52e-4f735466cecf":"f.F64AD31729AEE402AD374BC91D68D115.d.4D729DB1CEEF5988D755D44E6D9CB158.e.9308","ELEMENT":"f.F64AD31729AEE402AD374BC91D68D115.d.4D729DB1CEEF5988D755D44E6D9CB158.e.9308"}]}
RESULT: {"script":"<script> [8489 bytes]","args":[{"element-6066-11e4-a52e-4f735466cecf":"f.F64AD31729AEE402AD374BC91D68D115.d.4D729DB1CEEF5988D755D44E6D9CB158.e.9308","ELEMENT":"f.F64AD31729AEE402AD374BC91D68D115.d.4D729DB1CEEF5988D755D44E6D9CB158.e.9308"}]}
COMMAND: GET /session/668384e1c1f73f3d5461b9d538daca42/screenshot - {}
RESULT: {}
COMMAND: POST /session/668384e1c1f73f3d5461b9d538daca42/execute/sync - {"script":"<script> [8489 bytes]","args":[{"element-6066-11e4-a52e-4f735466cecf":"f.F64AD31729AEE402AD374BC91D68D115.d.4D729DB1CEEF5988D755D44E6D9CB158.e.9308","ELEMENT":"f.F64AD31729AEE402AD374BC91D68D115.d.4D729DB1CEEF5988D755D44E6D9CB158.e.9308"}]}
RESULT: {"script":"<script> [8489 bytes]","args":[{"element-6066-11e4-a52e-4f735466cecf":"f.F64AD31729AEE402AD374BC91D68D115.d.4D729DB1CEEF5988D755D44E6D9CB158.e.9308","ELEMENT":"f.F64AD31729AEE402AD374BC91D68D115.d.4D729DB1CEEF5988D755D44E6D9CB158.e.9308"}]}
COMMAND: GET /session/668384e1c1f73f3d5461b9d538daca42/screenshot - {}
RESULT: {}
COMMAND: POST /session/668384e1c1f73f3d5461b9d538daca42/execute/sync - {"script":"<script> [8489 bytes]","args":[{"element-6066-11e4-a52e-4f735466cecf":"f.F64AD31729AEE402AD374BC91D68D115.d.4D729DB1CEEF5988D755D44E6D9CB158.e.9308","ELEMENT":"f.F64AD31729AEE402AD374BC91D68D115.d.4D729DB1CEEF5988D755D44E6D9CB158.e.9308"}]}
RESULT: {"script":"<script> [8489 bytes]","args":[{"element-6066-11e4-a52e-4f735466cecf":"f.F64AD31729AEE402AD374BC91D68D115.d.4D729DB1CEEF5988D755D44E6D9CB158.e.9308","ELEMENT":"f.F64AD31729AEE402AD374BC91D68D115.d.4D729DB1CEEF5988D755D44E6D9CB158.e.9308"}]}
COMMAND: GET /session/668384e1c1f73f3d5461b9d538daca42/screenshot - {}
RESULT: {}
COMMAND: POST /session/668384e1c1f73f3d5461b9d538daca42/execute/sync - {"script":"<script> [8489 bytes]","args":[{"element-6066-11e4-a52e-4f735466cecf":"f.F64AD31729AEE402AD374BC91D68D115.d.4D729DB1CEEF5988D755D44E6D9CB158.e.9308","ELEMENT":"f.F64AD31729AEE402AD374BC91D68D115.d.4D729DB1CEEF5988D755D44E6D9CB158.e.9308"}]}
RESULT: {"script":"<script> [8489 bytes]","args":[{"element-6066-11e4-a52e-4f735466cecf":"f.F64AD31729AEE402AD374BC91D68D115.d.4D729DB1CEEF5988D755D44E6D9CB158.e.9308","ELEMENT":"f.F64AD31729AEE402AD374BC91D68D115.d.4D729DB1CEEF5988D755D44E6D9CB158.e.9308"}]}
COMMAND: GET /session/668384e1c1f73f3d5461b9d538daca42/screenshot - {}
RESULT: {}
COMMAND: POST /session/668384e1c1f73f3d5461b9d538daca42/execute/sync - {"script":"<script> [8489 bytes]","args":[{"element-6066-11e4-a52e-4f735466cecf":"f.F64AD31729AEE402AD374BC91D68D115.d.4D729DB1CEEF5988D755D44E6D9CB158.e.9308","ELEMENT":"f.F64AD31729AEE402AD374BC91D68D115.d.4D729DB1CEEF5988D755D44E6D9CB158.e.9308"}]}
RESULT: {"script":"<script> [8489 bytes]","args":[{"element-6066-11e4-a52e-4f735466cecf":"f.F64AD31729AEE402AD374BC91D68D115.d.4D729DB1CEEF5988D755D44E6D9CB158.e.9308","ELEMENT":"f.F64AD31729AEE402AD374BC91D68D115.d.4D729DB1CEEF5988D755D44E6D9CB158.e.9308"}]}
COMMAND: GET /session/668384e1c1f73f3d5461b9d538daca42/screenshot - {}
RESULT: {}
COMMAND: POST /session/668384e1c1f73f3d5461b9d538daca42/execute/sync - {"script":"<script> [8489 bytes]","args":[{"element-6066-11e4-a52e-4f735466cecf":"f.F64AD31729AEE402AD374BC91D68D115.d.4D729DB1CEEF5988D755D44E6D9CB158.e.9308","ELEMENT":"f.F64AD31729AEE402AD374BC91D68D115.d.4D729DB1CEEF5988D755D44E6D9CB158.e.9308"}]}
RESULT: {"script":"<script> [8489 bytes]","args":[{"element-6066-11e4-a52e-4f735466cecf":"f.F64AD31729AEE402AD374BC91D68D115.d.4D729DB1CEEF5988D755D44E6D9CB158.e.9308","ELEMENT":"f.F64AD31729AEE402AD374BC91D68D115.d.4D729DB1CEEF5988D755D44E6D9CB158.e.9308"}]}
COMMAND: GET /session/668384e1c1f73f3d5461b9d538daca42/screenshot - {}
RESULT: {}
COMMAND: POST /session/668384e1c1f73f3d5461b9d538daca42/execute/sync - {"script":"<script> [8489 bytes]","args":[{"element-6066-11e4-a52e-4f735466cecf":"f.F64AD31729AEE402AD374BC91D68D115.d.4D729DB1CEEF5988D755D44E6D9CB158.e.9308","ELEMENT":"f.F64AD31729AEE402AD374BC91D68D115.d.4D729DB1CEEF5988D755D44E6D9CB158.e.9308"}]}
RESULT: {"script":"<script> [8489 bytes]","args":[{"element-6066-11e4-a52e-4f735466cecf":"f.F64AD31729AEE402AD374BC91D68D115.d.4D729DB1CEEF5988D755D44E6D9CB158.e.9308","ELEMENT":"f.F64AD31729AEE402AD374BC91D68D115.d.4D729DB1CEEF5988D755D44E6D9CB158.e.9308"}]}
COMMAND: GET /session/668384e1c1f73f3d5461b9d538daca42/screenshot - {}
RESULT: {}
COMMAND: POST /session/668384e1c1f73f3d5461b9d538daca42/execute/sync - {"script":"<script> [8489 bytes]","args":[{"element-6066-11e4-a52e-4f735466cecf":"f.F64AD31729AEE402AD374BC91D68D115.d.4D729DB1CEEF5988D755D44E6D9CB158.e.9308","ELEMENT":"f.F64AD31729AEE402AD374BC91D68D115.d.4D729DB1CEEF5988D755D44E6D9CB158.e.9308"}]}
RESULT: {"script":"<script> [8489 bytes]","args":[{"element-6066-11e4-a52e-4f735466cecf":"f.F64AD31729AEE402AD374BC91D68D115.d.4D729DB1CEEF5988D755D44E6D9CB158.e.9308","ELEMENT":"f.F64AD31729AEE402AD374BC91D68D115.d.4D729DB1CEEF5988D755D44E6D9CB158.e.9308"}]}
COMMAND: GET /session/668384e1c1f73f3d5461b9d538daca42/screenshot - {}
RESULT: {}
COMMAND: POST /session/668384e1c1f73f3d5461b9d538daca42/execute/sync - {"script":"<script> [8489 bytes]","args":[{"element-6066-11e4-a52e-4f735466cecf":"f.F64AD31729AEE402AD374BC91D68D115.d.4D729DB1CEEF5988D755D44E6D9CB158.e.9308","ELEMENT":"f.F64AD31729AEE402AD374BC91D68D115.d.4D729DB1CEEF5988D755D44E6D9CB158.e.9308"}]}
RESULT: {"script":"<script> [8489 bytes]","args":[{"element-6066-11e4-a52e-4f735466cecf":"f.F64AD31729AEE402AD374BC91D68D115.d.4D729DB1CEEF5988D755D44E6D9CB158.e.9308","ELEMENT":"f.F64AD31729AEE402AD374BC91D68D115.d.4D729DB1CEEF5988D755D44E6D9CB158.e.9308"}]}
COMMAND: GET /session/668384e1c1f73f3d5461b9d538daca42/screenshot - {}
RESULT: {}
COMMAND: POST /session/668384e1c1f73f3d5461b9d538daca42/execute/sync - {"script":"<script> [8489 bytes]","args":[{"element-6066-11e4-a52e-4f735466cecf":"f.F64AD31729AEE402AD374BC91D68D115.d.4D729DB1CEEF5988D755D44E6D9CB158.e.9308","ELEMENT":"f.F64AD31729AEE402AD374BC91D68D115.d.4D729DB1CEEF5988D755D44E6D9CB158.e.9308"}]}
RESULT: {"script":"<script> [8489 bytes]","args":[{"element-6066-11e4-a52e-4f735466cecf":"f.F64AD31729AEE402AD374BC91D68D115.d.4D729DB1CEEF5988D755D44E6D9CB158.e.9308","ELEMENT":"f.F64AD31729AEE402AD374BC91D68D115.d.4D729DB1CEEF5988D755D44E6D9CB158.e.9308"}]}
COMMAND: GET /session/668384e1c1f73f3d5461b9d538daca42/screenshot - {}
RESULT: {}
COMMAND: POST /session/668384e1c1f73f3d5461b9d538daca42/execute/sync - {"script":"<script> [8489 bytes]","args":[{"element-6066-11e4-a52e-4f735466cecf":"f.F64AD31729AEE402AD374BC91D68D115.d.4D729DB1CEEF5988D755D44E6D9CB158.e.9308","ELEMENT":"f.F64AD31729AEE402AD374BC91D68D115.d.4D729DB1CEEF5988D755D44E6D9CB158.e.9308"}]}
RESULT: {"script":"<script> [8489 bytes]","args":[{"element-6066-11e4-a52e-4f735466cecf":"f.F64AD31729AEE402AD374BC91D68D115.d.4D729DB1CEEF5988D755D44E6D9CB158.e.9308","ELEMENT":"f.F64AD31729AEE402AD374BC91D68D115.d.4D729DB1CEEF5988D755D44E6D9CB158.e.9308"}]}
COMMAND: GET /session/668384e1c1f73f3d5461b9d538daca42/screenshot - {}
RESULT: {}
COMMAND: POST /session/668384e1c1f73f3d5461b9d538daca42/execute/sync - {"script":"<script> [8489 bytes]","args":[{"element-6066-11e4-a52e-4f735466cecf":"f.F64AD31729AEE402AD374BC91D68D115.d.4D729DB1CEEF5988D755D44E6D9CB158.e.9308","ELEMENT":"f.F64AD31729AEE402AD374BC91D68D115.d.4D729DB1CEEF5988D755D44E6D9CB158.e.9308"}]}
RESULT: {"script":"<script> [8489 bytes]","args":[{"element-6066-11e4-a52e-4f735466cecf":"f.F64AD31729AEE402AD374BC91D68D115.d.4D729DB1CEEF5988D755D44E6D9CB158.e.9308","ELEMENT":"f.F64AD31729AEE402AD374BC91D68D115.d.4D729DB1CEEF5988D755D44E6D9CB158.e.9308"}]}
COMMAND: GET /session/668384e1c1f73f3d5461b9d538daca42/screenshot - {}
RESULT: {}
COMMAND: POST /session/668384e1c1f73f3d5461b9d538daca42/execute/sync - {"script":"<script> [8489 bytes]","args":[{"element-6066-11e4-a52e-4f735466cecf":"f.F64AD31729AEE402AD374BC91D68D115.d.4D729DB1CEEF5988D755D44E6D9CB158.e.9308","ELEMENT":"f.F64AD31729AEE402AD374BC91D68D115.d.4D729DB1CEEF5988D755D44E6D9CB158.e.9308"}]}
RESULT: {"script":"<script> [8489 bytes]","args":[{"element-6066-11e4-a52e-4f735466cecf":"f.F64AD31729AEE402AD374BC91D68D115.d.4D729DB1CEEF5988D755D44E6D9CB158.e.9308","ELEMENT":"f.F64AD31729AEE402AD374BC91D68D115.d.4D729DB1CEEF5988D755D44E6D9CB158.e.9308"}]}
COMMAND: GET /session/668384e1c1f73f3d5461b9d538daca42/screenshot - {}
RESULT: {}
COMMAND: POST /session/668384e1c1f73f3d5461b9d538daca42/execute/sync - {"script":"<script> [8489 bytes]","args":[{"element-6066-11e4-a52e-4f735466cecf":"f.F64AD31729AEE402AD374BC91D68D115.d.4D729DB1CEEF5988D755D44E6D9CB158.e.9308","ELEMENT":"f.F64AD31729AEE402AD374BC91D68D115.d.4D729DB1CEEF5988D755D44E6D9CB158.e.9308"}]}
RESULT: {"script":"<script> [8489 bytes]","args":[{"element-6066-11e4-a52e-4f735466cecf":"f.F64AD31729AEE402AD374BC91D68D115.d.4D729DB1CEEF5988D755D44E6D9CB158.e.9308","ELEMENT":"f.F64AD31729AEE402AD374BC91D68D115.d.4D729DB1CEEF5988D755D44E6D9CB158.e.9308"}]}
COMMAND: GET /session/668384e1c1f73f3d5461b9d538daca42/screenshot - {}
RESULT: {}
COMMAND: POST /session/668384e1c1f73f3d5461b9d538daca42/execute/sync - {"script":"<script> [8489 bytes]","args":[{"element-6066-11e4-a52e-4f735466cecf":"f.F64AD31729AEE402AD374BC91D68D115.d.4D729DB1CEEF5988D755D44E6D9CB158.e.9308","ELEMENT":"f.F64AD31729AEE402AD374BC91D68D115.d.4D729DB1CEEF5988D755D44E6D9CB158.e.9308"}]}
RESULT: {"script":"<script> [8489 bytes]","args":[{"element-6066-11e4-a52e-4f735466cecf":"f.F64AD31729AEE402AD374BC91D68D115.d.4D729DB1CEEF5988D755D44E6D9CB158.e.9308","ELEMENT":"f.F64AD31729AEE402AD374BC91D68D115.d.4D729DB1CEEF5988D755D44E6D9CB158.e.9308"}]}
COMMAND: GET /session/668384e1c1f73f3d5461b9d538daca42/screenshot - {}
RESULT: {}
COMMAND: POST /session/668384e1c1f73f3d5461b9d538daca42/execute/sync - {"script":"<script> [8489 bytes]","args":[{"element-6066-11e4-a52e-4f735466cecf":"f.F64AD31729AEE402AD374BC91D68D115.d.4D729DB1CEEF5988D755D44E6D9CB158.e.9308","ELEMENT":"f.F64AD31729AEE402AD374BC91D68D115.d.4D729DB1CEEF5988D755D44E6D9CB158.e.9308"}]}
RESULT: {"script":"<script> [8489 bytes]","args":[{"element-6066-11e4-a52e-4f735466cecf":"f.F64AD31729AEE402AD374BC91D68D115.d.4D729DB1CEEF5988D755D44E6D9CB158.e.9308","ELEMENT":"f.F64AD31729AEE402AD374BC91D68D115.d.4D729DB1CEEF5988D755D44E6D9CB158.e.9308"}]}
COMMAND: GET /session/668384e1c1f73f3d5461b9d538daca42/screenshot - {}
RESULT: {}
COMMAND: POST /session/668384e1c1f73f3d5461b9d538daca42/execute/sync - {"script":"<script> [8489 bytes]","args":[{"element-6066-11e4-a52e-4f735466cecf":"f.F64AD31729AEE402AD374BC91D68D115.d.4D729DB1CEEF5988D755D44E6D9CB158.e.9308","ELEMENT":"f.F64AD31729AEE402AD374BC91D68D115.d.4D729DB1CEEF5988D755D44E6D9CB158.e.9308"}]}
RESULT: {"script":"<script> [8489 bytes]","args":[{"element-6066-11e4-a52e-4f735466cecf":"f.F64AD31729AEE402AD374BC91D68D115.d.4D729DB1CEEF5988D755D44E6D9CB158.e.9308","ELEMENT":"f.F64AD31729AEE402AD374BC91D68D115.d.4D729DB1CEEF5988D755D44E6D9CB158.e.9308"}]}
COMMAND: GET /session/668384e1c1f73f3d5461b9d538daca42/screenshot - {}
RESULT: {}
COMMAND: POST /session/668384e1c1f73f3d5461b9d538daca42/execute/async - {"script":"<script> [1562 bytes]","args":[{"selector":{"controlType":"sap.m.ToggleButton","viewName":"etm.portal.ui.warehousemovements.view.ExecuteMovement","viewId":"application-warehousemovements-display-component---executeMovement","bindingPath":{"propertyPath":"STATUS","modelName":"catalogModel"},"interaction":{"idSuffix":"BDI-content"}},"wdio_ui5_key":"etmportal.ui.warehousemovements.view.ExecuteMovementsap.m.ToggleButton{\"propertyPath\":\"STATUS\",\"modelName\":\"catalogModel\"}"}]}
RESULT: {"script":"<script> [1562 bytes]","args":[{"selector":{"controlType":"sap.m.ToggleButton","viewName":"etm.portal.ui.warehousemovements.view.ExecuteMovement","viewId":"application-warehousemovements-display-component---executeMovement","bindingPath":{"propertyPath":"STATUS","modelName":"catalogModel"},"interaction":{"idSuffix":"BDI-content"}},"wdio_ui5_key":"etmportal.ui.warehousemovements.view.ExecuteMovementsap.m.ToggleButton{\"propertyPath\":\"STATUS\",\"modelName\":\"catalogModel\"}"}]}
RESULT: undefined
COMMAND: POST /session/668384e1c1f73f3d5461b9d538daca42/element - {"using":"xpath","value":"//*[@id=\"__button427-__clone7468\"]"}
RESULT: {"using":"xpath","value":"//*[@id=\"__button427-__clone7468\"]"}
COMMAND: POST /session/668384e1c1f73f3d5461b9d538daca42/element/f.F64AD31729AEE402AD374BC91D68D115.d.4D729DB1CEEF5988D755D44E6D9CB158.e.9282/click - {}
RESULT: {}
RESULT: undefined
COMMAND: POST /session/668384e1c1f73f3d5461b9d538daca42/element - {"using":"xpath","value":"//*[@id=\"__button427-__clone7468\"]"}
COMMAND: GET /session/668384e1c1f73f3d5461b9d538daca42/screenshot - {}
RESULT: {"using":"xpath","value":"//*[@id=\"__button427-__clone7468\"]"}
COMMAND: POST /session/668384e1c1f73f3d5461b9d538daca42/element/f.F64AD31729AEE402AD374BC91D68D115.d.4D729DB1CEEF5988D755D44E6D9CB158.e.9282/click - {}
RESULT: {}
RESULT: {}
RESULT: undefined
COMMAND: POST /session/668384e1c1f73f3d5461b9d538daca42/execute/async - {"script":"<script> [6424 bytes]","args":[{"element-6066-11e4-a52e-4f735466cecf":"f.F64AD31729AEE402AD374BC91D68D115.d.4D729DB1CEEF5988D755D44E6D9CB158.e.9309"},"getText",[]]}
COMMAND: GET /session/668384e1c1f73f3d5461b9d538daca42/screenshot - {}
RESULT: {"script":"<script> [6424 bytes]","args":[{"element-6066-11e4-a52e-4f735466cecf":"f.F64AD31729AEE402AD374BC91D68D115.d.4D729DB1CEEF5988D755D44E6D9CB158.e.9309"},"getText",[]]}
COMMAND: POST /session/668384e1c1f73f3d5461b9d538daca42/execute/async - {"script":"<script> [1562 bytes]","args":[{"selector":{"id":"application-warehousemovements-display-component---executeMovement--executeId","interaction":{"idSuffix":"BDI-content"}},"wdio_ui5_key":"applicationwarehousemovements-display-component---executeMovement--executeId"}]}
RESULT: {}
RESULT: {"script":"<script> [1562 bytes]","args":[{"selector":{"id":"application-warehousemovements-display-component---executeMovement--executeId","interaction":{"idSuffix":"BDI-content"}},"wdio_ui5_key":"applicationwarehousemovements-display-component---executeMovement--executeId"}]}
RESULT: undefined
COMMAND: POST /session/668384e1c1f73f3d5461b9d538daca42/element - {"using":"xpath","value":"//*[@id=\"application-warehousemovements-display-component---executeMovement--executeId\"]"}
RESULT: {"using":"xpath","value":"//*[@id=\"application-warehousemovements-display-component---executeMovement--executeId\"]"}
COMMAND: POST /session/668384e1c1f73f3d5461b9d538daca42/element/f.F64AD31729AEE402AD374BC91D68D115.d.4D729DB1CEEF5988D755D44E6D9CB158.e.9276/click - {}
RESULT: {}
COMMAND: POST /session/668384e1c1f73f3d5461b9d538daca42/execute/async - {"script":"<script> [1562 bytes]","args":[{"selector":{"controlType":"sap.m.Link","viewName":"etm.portal.ui.warehousemovements.view.DisplayMovement","viewId":"application-warehousemovements-display-component---displayMovement","bindingPath":{"propertyPath":"HAND_OVER_NO","modelName":"catalogModel"}},"wdio_ui5_key":"etmportal.ui.warehousemovements.view.DisplayMovementsap.m.Link{\"propertyPath\":\"HAND_OVER_NO\",\"modelName\":\"catalogModel\"}"}]}
COMMAND: GET /session/668384e1c1f73f3d5461b9d538daca42/screenshot - {}
RESULT: {"script":"<script> [1562 bytes]","args":[{"selector":{"controlType":"sap.m.Link","viewName":"etm.portal.ui.warehousemovements.view.DisplayMovement","viewId":"application-warehousemovements-display-component---displayMovement","bindingPath":{"propertyPath":"HAND_OVER_NO","modelName":"catalogModel"}},"wdio_ui5_key":"etmportal.ui.warehousemovements.view.DisplayMovementsap.m.Link{\"propertyPath\":\"HAND_OVER_NO\",\"modelName\":\"catalogModel\"}"}]}
RESULT: undefined
COMMAND: POST /session/668384e1c1f73f3d5461b9d538daca42/execute/async - {"script":"<script> [6424 bytes]","args":[{"element-6066-11e4-a52e-4f735466cecf":"f.F64AD31729AEE402AD374BC91D68D115.d.4D729DB1CEEF5988D755D44E6D9CB158.e.9357"},"getText",[]]}
RESULT: {}
RESULT: {"script":"<script> [6424 bytes]","args":[{"element-6066-11e4-a52e-4f735466cecf":"f.F64AD31729AEE402AD374BC91D68D115.d.4D729DB1CEEF5988D755D44E6D9CB158.e.9357"},"getText",[]]}
COMMAND: POST /session/668384e1c1f73f3d5461b9d538daca42/element - {"using":"css selector","value":"#shell-header-logo"}
RESULT: {"using":"css selector","value":"#shell-header-logo"}
COMMAND: POST /session/668384e1c1f73f3d5461b9d538daca42/element/f.F64AD31729AEE402AD374BC91D68D115.d.4D729DB1CEEF5988D755D44E6D9CB158.e.8225/click - {}
RESULT: {}
COMMAND: GET /session/668384e1c1f73f3d5461b9d538daca42/screenshot - {}
RESULT: {}
RESULT: undefined
COMMAND: POST /session/668384e1c1f73f3d5461b9d538daca42/element - {"using":"xpath","value":"//*[@id=\"__tile132\"]"}
RESULT: {"using":"xpath","value":"//*[@id=\"__tile132\"]"}
COMMAND: POST /session/668384e1c1f73f3d5461b9d538daca42/element/f.F64AD31729AEE402AD374BC91D68D115.d.4D729DB1CEEF5988D755D44E6D9CB158.e.7407/click - {}
RESULT: {}
COMMAND: GET /session/668384e1c1f73f3d5461b9d538daca42/screenshot - {}
RESULT: {}
COMMAND: POST /session/668384e1c1f73f3d5461b9d538daca42/execute/async - {"script":"<script> [1562 bytes]","args":[{"selector":{"controlType":"sap.m.SearchField","viewName":"etm.portal.ui.managehandovers.view.MasterHO","bindingPath":{"propertyPath":"/_BASIC_SEARCH_FIELD","modelName":"fi1t3rM0d31"},"interaction":{"idSuffix":"I"}},"wdio_ui5_key":"etmportal.ui.managehandovers.view.MasterHOsap.m.SearchField{\"propertyPath\":\"/_BASIC_SEARCH_FIELD\",\"modelName\":\"fi1t3rM0d31\"}"}]}
RESULT: {"script":"<script> [1562 bytes]","args":[{"selector":{"controlType":"sap.m.SearchField","viewName":"etm.portal.ui.managehandovers.view.MasterHO","bindingPath":{"propertyPath":"/_BASIC_SEARCH_FIELD","modelName":"fi1t3rM0d31"},"interaction":{"idSuffix":"I"}},"wdio_ui5_key":"etmportal.ui.managehandovers.view.MasterHOsap.m.SearchField{\"propertyPath\":\"/_BASIC_SEARCH_FIELD\",\"modelName\":\"fi1t3rM0d31\"}"}]}
RESULT: undefined
COMMAND: POST /session/668384e1c1f73f3d5461b9d538daca42/execute/async - {"script":"<script> [776 bytes]","args":[{"enterText":"30333","selector":{"controlType":"sap.m.SearchField","viewName":"etm.portal.ui.managehandovers.view.MasterHO","bindingPath":{"propertyPath":"/_BASIC_SEARCH_FIELD","modelName":"fi1t3rM0d31"},"interaction":{"idSuffix":"I"}},"clearTextFirst":true,"interactionType":"ENTER_TEXT"}]}
RESULT: {"script":"<script> [776 bytes]","args":[{"enterText":"30333","selector":{"controlType":"sap.m.SearchField","viewName":"etm.portal.ui.managehandovers.view.MasterHO","bindingPath":{"propertyPath":"/_BASIC_SEARCH_FIELD","modelName":"fi1t3rM0d31"},"interaction":{"idSuffix":"I"}},"clearTextFirst":true,"interactionType":"ENTER_TEXT"}]}
COMMAND: POST /session/668384e1c1f73f3d5461b9d538daca42/actions - {"actions":[{"id":"action41","type":"key","parameters":{},"actions":[{"type":"keyDown","value":"î€‡"},{"type":"pause","duration":10},{"type":"keyUp","value":"î€‡"}]}]}
RESULT: {"actions":[{"id":"action41","type":"key","parameters":{},"actions":[{"type":"keyDown","value":"î€‡"},{"type":"pause","duration":10},{"type":"keyUp","value":"î€‡"}]}]}
COMMAND: GET /session/668384e1c1f73f3d5461b9d538daca42/screenshot - {}
RESULT: {}
COMMAND: POST /session/668384e1c1f73f3d5461b9d538daca42/execute/async - {"script":"<script> [1562 bytes]","args":[{"selector":{"controlType":"sap.ui.core.Icon","viewName":"etm.portal.ui.managehandovers.view.MasterHO","properties":{"src":{"regex":{"source":"slim\\-arrow\\-right"}}}},"wdio_ui5_key":"etmportal.ui.managehandovers.view.MasterHOsap.ui.core.Icon{\"src\":{\"regex\":{\"source\":\"slim\\\\-arrow\\\\-right\"}}}"}]}
RESULT: {"script":"<script> [1562 bytes]","args":[{"selector":{"controlType":"sap.ui.core.Icon","viewName":"etm.portal.ui.managehandovers.view.MasterHO","properties":{"src":{"regex":{"source":"slim\\-arrow\\-right"}}}},"wdio_ui5_key":"etmportal.ui.managehandovers.view.MasterHOsap.ui.core.Icon{\"src\":{\"regex\":{\"source\":\"slim\\\\-arrow\\\\-right\"}}}"}]}
RESULT: undefined
COMMAND: POST /session/668384e1c1f73f3d5461b9d538daca42/element - {"using":"xpath","value":"//*[@id=\"__item2756-__clone7525-imgNav\"]"}
RESULT: {"using":"xpath","value":"//*[@id=\"__item2756-__clone7525-imgNav\"]"}
COMMAND: POST /session/668384e1c1f73f3d5461b9d538daca42/element/f.F64AD31729AEE402AD374BC91D68D115.d.4D729DB1CEEF5988D755D44E6D9CB158.e.9481/click - {}
RESULT: {}
COMMAND: POST /session/668384e1c1f73f3d5461b9d538daca42/execute/async - {"script":"<script> [1562 bytes]","args":[{"selector":{"controlType":"sap.m.Button","viewName":"etm.portal.ui.managehandovers.view.DetailExecuteHO","i18NText":{"propertyName":"text","key":"confirmAll"},"interaction":{"idSuffix":"BDI-content"}},"wdio_ui5_key":"etmportal.ui.managehandovers.view.DetailExecuteHOsap.m.Button{\"propertyName\":\"text\",\"key\":\"confirmAll\"}"}]}
COMMAND: GET /session/668384e1c1f73f3d5461b9d538daca42/screenshot - {}
RESULT: {"script":"<script> [1562 bytes]","args":[{"selector":{"controlType":"sap.m.Button","viewName":"etm.portal.ui.managehandovers.view.DetailExecuteHO","i18NText":{"propertyName":"text","key":"confirmAll"},"interaction":{"idSuffix":"BDI-content"}},"wdio_ui5_key":"etmportal.ui.managehandovers.view.DetailExecuteHOsap.m.Button{\"propertyName\":\"text\",\"key\":\"confirmAll\"}"}]}
RESULT: undefined
COMMAND: POST /session/668384e1c1f73f3d5461b9d538daca42/element - {"using":"xpath","value":"//*[@id=\"__button468\"]"}
RESULT: {}
RESULT: {"using":"xpath","value":"//*[@id=\"__button468\"]"}
COMMAND: POST /session/668384e1c1f73f3d5461b9d538daca42/element/f.F64AD31729AEE402AD374BC91D68D115.d.4D729DB1CEEF5988D755D44E6D9CB158.e.9573/click - {}
RESULT: {}
COMMAND: GET /session/668384e1c1f73f3d5461b9d538daca42/screenshot - {}
RESULT: {}
COMMAND: POST /session/668384e1c1f73f3d5461b9d538daca42/actions - {"actions":[{"id":"action42","type":"key","parameters":{},"actions":[{"type":"keyDown","value":"î€‡"},{"type":"pause","duration":10},{"type":"keyUp","value":"î€‡"}]}]}
RESULT: {"actions":[{"id":"action42","type":"key","parameters":{},"actions":[{"type":"keyDown","value":"î€‡"},{"type":"pause","duration":10},{"type":"keyUp","value":"î€‡"}]}]}
COMMAND: GET /session/668384e1c1f73f3d5461b9d538daca42/screenshot - {}
RESULT: {}
COMMAND: POST /session/668384e1c1f73f3d5461b9d538daca42/execute/async - {"script":"<script> [1562 bytes]","args":[{"selector":{"id":"confirmationButton","viewName":"etm.portal.ui.managehandovers.view.DetailExecuteHO","properties":{"text":"Issue"},"interaction":{"idSuffix":"BDI-content"}},"wdio_ui5_key":"confirmationButtonetmportal.ui.managehandovers.view.DetailExecuteHO{\"text\":\"Issue\"}"}]}
RESULT: {"script":"<script> [1562 bytes]","args":[{"selector":{"id":"confirmationButton","viewName":"etm.portal.ui.managehandovers.view.DetailExecuteHO","properties":{"text":"Issue"},"interaction":{"idSuffix":"BDI-content"}},"wdio_ui5_key":"confirmationButtonetmportal.ui.managehandovers.view.DetailExecuteHO{\"text\":\"Issue\"}"}]}
RESULT: undefined
RESULT: undefined
COMMAND: POST /session/668384e1c1f73f3d5461b9d538daca42/execute/async - {"script":"<script> [776 bytes]","args":[{"enterText":"30333","selector":{"controlType":"sap.m.SearchField","viewName":"etm.portal.ui.managehandovers.view.MasterHO","bindingPath":{"propertyPath":"/_BASIC_SEARCH_FIELD","modelName":"fi1t3rM0d31"},"interaction":{"idSuffix":"I"}},"clearTextFirst":true,"interactionType":"ENTER_TEXT"}]}
RESULT: {"script":"<script> [776 bytes]","args":[{"enterText":"30333","selector":{"controlType":"sap.m.SearchField","viewName":"etm.portal.ui.managehandovers.view.MasterHO","bindingPath":{"propertyPath":"/_BASIC_SEARCH_FIELD","modelName":"fi1t3rM0d31"},"interaction":{"idSuffix":"I"}},"clearTextFirst":true,"interactionType":"ENTER_TEXT"}]}
COMMAND: POST /session/668384e1c1f73f3d5461b9d538daca42/actions - {"actions":[{"id":"action43","type":"key","parameters":{},"actions":[{"type":"keyDown","value":"î€‡"},{"type":"pause","duration":10},{"type":"keyUp","value":"î€‡"}]}]}
RESULT: {"actions":[{"id":"action43","type":"key","parameters":{},"actions":[{"type":"keyDown","value":"î€‡"},{"type":"pause","duration":10},{"type":"keyUp","value":"î€‡"}]}]}
COMMAND: GET /session/668384e1c1f73f3d5461b9d538daca42/screenshot - {}
RESULT: {}
COMMAND: POST /session/668384e1c1f73f3d5461b9d538daca42/element - {"using":"xpath","value":"//span[(text() = '30333' or . = '30333')]"}
RESULT: {"using":"xpath","value":"//span[(text() = '30333' or . = '30333')]"}
COMMAND: POST /session/668384e1c1f73f3d5461b9d538daca42/element/f.F64AD31729AEE402AD374BC91D68D115.d.4D729DB1CEEF5988D755D44E6D9CB158.e.9488/click - {}
RESULT: {}
COMMAND: GET /session/668384e1c1f73f3d5461b9d538daca42/screenshot - {}
RESULT: {}
COMMAND: POST /session/668384e1c1f73f3d5461b9d538daca42/execute/async - {"script":"<script> [1562 bytes]","args":[{"selector":{"id":"instructionsTabFilter","viewName":"etm.portal.ui.managehandovers.view.DetailExecuteHO","interaction":{"idSuffix":"text"}},"wdio_ui5_key":"instructionsTabFilteretmportal.ui.managehandovers.view.DetailExecuteHO"}]}
RESULT: {"script":"<script> [1562 bytes]","args":[{"selector":{"id":"instructionsTabFilter","viewName":"etm.portal.ui.managehandovers.view.DetailExecuteHO","interaction":{"idSuffix":"text"}},"wdio_ui5_key":"instructionsTabFilteretmportal.ui.managehandovers.view.DetailExecuteHO"}]}
RESULT: undefined
COMMAND: POST /session/668384e1c1f73f3d5461b9d538daca42/element - {"using":"xpath","value":"//*[@id=\"__xmlview68--instructionsTabFilter\"]"}
RESULT: {"using":"xpath","value":"//*[@id=\"__xmlview68--instructionsTabFilter\"]"}
COMMAND: POST /session/668384e1c1f73f3d5461b9d538daca42/element/f.F64AD31729AEE402AD374BC91D68D115.d.4D729DB1CEEF5988D755D44E6D9CB158.e.9583/click - {}
RESULT: undefined
COMMAND: POST /session/668384e1c1f73f3d5461b9d538daca42/element - {"using":"xpath","value":"//*[@id=\"__xmlview68--instructionsTabFilter\"]"}
RESULT: {"using":"xpath","value":"//*[@id=\"__xmlview68--instructionsTabFilter\"]"}
COMMAND: POST /session/668384e1c1f73f3d5461b9d538daca42/element/f.F64AD31729AEE402AD374BC91D68D115.d.4D729DB1CEEF5988D755D44E6D9CB158.e.9583/click - {}
COMMAND: POST /session/668384e1c1f73f3d5461b9d538daca42/execute/async - {"script":"<script> [1562 bytes]","args":[{"selector":{"controlType":"sap.m.ComboBox","viewName":"etm.portal.ui.managehandovers.view.DetailExecuteHO","bindingPath":{"propertyPath":"RECEIVING_SECTION","modelName":"catalogModel"},"interaction":{"idSuffix":"inner"}},"wdio_ui5_key":"etmportal.ui.managehandovers.view.DetailExecuteHOsap.m.ComboBox{\"propertyPath\":\"RECEIVING_SECTION\",\"modelName\":\"catalogModel\"}"}]}
RESULT: {"script":"<script> [1562 bytes]","args":[{"selector":{"controlType":"sap.m.ComboBox","viewName":"etm.portal.ui.managehandovers.view.DetailExecuteHO","bindingPath":{"propertyPath":"RECEIVING_SECTION","modelName":"catalogModel"},"interaction":{"idSuffix":"inner"}},"wdio_ui5_key":"etmportal.ui.managehandovers.view.DetailExecuteHOsap.m.ComboBox{\"propertyPath\":\"RECEIVING_SECTION\",\"modelName\":\"catalogModel\"}"}]}
RESULT: undefined
COMMAND: POST /session/668384e1c1f73f3d5461b9d538daca42/actions - {"actions":[{"id":"action44","type":"key","parameters":{},"actions":[{"type":"keyDown","value":"î€‡"},{"type":"pause","duration":10},{"type":"keyUp","value":"î€‡"}]}]}
RESULT: {"actions":[{"id":"action44","type":"key","parameters":{},"actions":[{"type":"keyDown","value":"î€‡"},{"type":"pause","duration":10},{"type":"keyUp","value":"î€‡"}]}]}
COMMAND: GET /session/668384e1c1f73f3d5461b9d538daca42/screenshot - {}
RESULT: {}
COMMAND: POST /session/668384e1c1f73f3d5461b9d538daca42/execute/async - {"script":"<script> [1562 bytes]","args":[{"selector":{"id":"confirmationButton","viewName":"etm.portal.ui.managehandovers.view.DetailExecuteHO","properties":{"text":"Receive"},"interaction":{"idSuffix":"BDI-content"}},"wdio_ui5_key":"confirmationButtonetmportal.ui.managehandovers.view.DetailExecuteHO{\"text\":\"Receive\"}"}]}
RESULT: {"script":"<script> [1562 bytes]","args":[{"selector":{"id":"confirmationButton","viewName":"etm.portal.ui.managehandovers.view.DetailExecuteHO","properties":{"text":"Receive"},"interaction":{"idSuffix":"BDI-content"}},"wdio_ui5_key":"confirmationButtonetmportal.ui.managehandovers.view.DetailExecuteHO{\"text\":\"Receive\"}"}]}
RESULT: undefined
COMMAND: POST /session/668384e1c1f73f3d5461b9d538daca42/execute/async - {"script":"<script> [1562 bytes]","args":[{"selector":{"controlType":"sap.m.Button","properties":{"text":"Continue"},"searchOpenDialogs":true,"interaction":{"idSuffix":"content"}},"wdio_ui5_key":"sapm.Button{\"text\":\"Continue\"}"}]}
RESULT: {"script":"<script> [1562 bytes]","args":[{"selector":{"controlType":"sap.m.Button","properties":{"text":"Continue"},"searchOpenDialogs":true,"interaction":{"idSuffix":"content"}},"wdio_ui5_key":"sapm.Button{\"text\":\"Continue\"}"}]}
RESULT: undefined
COMMAND: POST /session/668384e1c1f73f3d5461b9d538daca42/element - {"using":"css selector","value":"#j_username"}
COMMAND: POST /session/668384e1c1f73f3d5461b9d538daca42/url - {"url":"https://qa-testing-00-live-etm-ui.cfapps.eu10-004.hana.ondemand.com/"}
RESULT: {"using":"css selector","value":"#j_username"}
COMMAND: POST /session/668384e1c1f73f3d5461b9d538daca42/element - {"using":"css selector","value":"#j_username"}
RESULT: {"url":"https://qa-testing-00-live-etm-ui.cfapps.eu10-004.hana.ondemand.com/"}
RESULT: undefined
COMMAND: GET /session/668384e1c1f73f3d5461b9d538daca42/screenshot - {}
RESULT: {"using":"css selector","value":"#j_username"}
COMMAND: POST /session/668384e1c1f73f3d5461b9d538daca42/element - {"using":"css selector","value":"#shell-header-logo"}
RESULT: {}
RESULT: {"using":"css selector","value":"#shell-header-logo"}
COMMAND: POST /session/668384e1c1f73f3d5461b9d538daca42/execute/sync - {"script":"<script> [8489 bytes]","args":[{"element-6066-11e4-a52e-4f735466cecf":"f.F64AD31729AEE402AD374BC91D68D115.d.FF3B6F5C75AFA0DFF4B6BF6949D321C0.e.9595","ELEMENT":"f.F64AD31729AEE402AD374BC91D68D115.d.FF3B6F5C75AFA0DFF4B6BF6949D321C0.e.9595"}]}
RESULT: {"script":"<script> [8489 bytes]","args":[{"element-6066-11e4-a52e-4f735466cecf":"f.F64AD31729AEE402AD374BC91D68D115.d.FF3B6F5C75AFA0DFF4B6BF6949D321C0.e.9595","ELEMENT":"f.F64AD31729AEE402AD374BC91D68D115.d.FF3B6F5C75AFA0DFF4B6BF6949D321C0.e.9595"}]}
COMMAND: POST /session/668384e1c1f73f3d5461b9d538daca42/element - {"using":"css selector","value":"#shell-header-logo"}
COMMAND: GET /session/668384e1c1f73f3d5461b9d538daca42/screenshot - {}
RESULT: {"using":"css selector","value":"#shell-header-logo"}
COMMAND: POST /session/668384e1c1f73f3d5461b9d538daca42/execute/sync - {"script":"<script> [8489 bytes]","args":[{"element-6066-11e4-a52e-4f735466cecf":"f.F64AD31729AEE402AD374BC91D68D115.d.FF3B6F5C75AFA0DFF4B6BF6949D321C0.e.9595","ELEMENT":"f.F64AD31729AEE402AD374BC91D68D115.d.FF3B6F5C75AFA0DFF4B6BF6949D321C0.e.9595"}]}
RESULT: {}
RESULT: {"script":"<script> [8489 bytes]","args":[{"element-6066-11e4-a52e-4f735466cecf":"f.F64AD31729AEE402AD374BC91D68D115.d.FF3B6F5C75AFA0DFF4B6BF6949D321C0.e.9595","ELEMENT":"f.F64AD31729AEE402AD374BC91D68D115.d.FF3B6F5C75AFA0DFF4B6BF6949D321C0.e.9595"}]}
COMMAND: POST /session/668384e1c1f73f3d5461b9d538daca42/execute/sync - {"script":"<script> [5351 bytes]","args":[{"element-6066-11e4-a52e-4f735466cecf":"f.F64AD31729AEE402AD374BC91D68D115.d.FF3B6F5C75AFA0DFF4B6BF6949D321C0.e.9595","ELEMENT":"f.F64AD31729AEE402AD374BC91D68D115.d.FF3B6F5C75AFA0DFF4B6BF6949D321C0.e.9595"}]}
COMMAND: GET /session/668384e1c1f73f3d5461b9d538daca42/screenshot - {}
RESULT: {"script":"<script> [5351 bytes]","args":[{"element-6066-11e4-a52e-4f735466cecf":"f.F64AD31729AEE402AD374BC91D68D115.d.FF3B6F5C75AFA0DFF4B6BF6949D321C0.e.9595","ELEMENT":"f.F64AD31729AEE402AD374BC91D68D115.d.FF3B6F5C75AFA0DFF4B6BF6949D321C0.e.9595"}]}
COMMAND: POST /session/668384e1c1f73f3d5461b9d538daca42/element - {"using":"css selector","value":"#shell-header-logo"}
COMMAND: GET /session/668384e1c1f73f3d5461b9d538daca42/screenshot - {}
RESULT: {}
RESULT: {"using":"css selector","value":"#shell-header-logo"}
COMMAND: POST /session/668384e1c1f73f3d5461b9d538daca42/element/f.F64AD31729AEE402AD374BC91D68D115.d.FF3B6F5C75AFA0DFF4B6BF6949D321C0.e.9595/click - {}
RESULT: {}
RESULT: {}
COMMAND: GET /session/668384e1c1f73f3d5461b9d538daca42/screenshot - {}
RESULT: {}
COMMAND: POST /session/668384e1c1f73f3d5461b9d538daca42/execute/async - {"script":"<script> [189 bytes]","args":[]}
RESULT: {"script":"<script> [189 bytes]","args":[]}
COMMAND: POST /session/668384e1c1f73f3d5461b9d538daca42/execute/async - {"script":"<script> [123 bytes]","args":[]}
RESULT: {"script":"<script> [123 bytes]","args":[]}
COMMAND: POST /session/668384e1c1f73f3d5461b9d538daca42/timeouts - {"script":"<number>"}
RESULT: {"script":"<number>"}
COMMAND: GET /session/668384e1c1f73f3d5461b9d538daca42/timeouts - {}
RESULT: {}
RESULT: undefined
COMMAND: POST /session/668384e1c1f73f3d5461b9d538daca42/execute/async - {"script":"<script> [2676 bytes]","args":[]}
RESULT: {"script":"<script> [2676 bytes]","args":[]}
COMMAND: POST /session/668384e1c1f73f3d5461b9d538daca42/execute/async - {"script":"<script> [2342 bytes]","args":[{"protocol":"http","hostname":"0.0.0.0","path":"/","capabilities":{"browserName":"chrome","goog:chromeOptions":{"binary":"C:\\Program Files\\Google\\Chrome\\Application\\chrome.exe","args":["--start-maximized"]}},"logLevel":"warn","connectionRetryTimeout":120000,"connectionRetryCount":3,"logLevels":{},"enableDirectConnect":true,"strictSSL":true,"_":"65 more keys: [\"cacheDir\",\"port\",\"requestedCapabilities\",\"automationProtocol\",\"baseUrl\",\"waitforInterval\",\"waitforTimeout\",\"onReload\",\"beforeCommand\",\"afterCommand\",\"rootDir\",\"specs\",\"suites\",\"exclude\",\"groupLogsByTestSpec\",\"excludeDriverLogs\",\"bail\",\"framework\",\"reporters\",\"services\",\"maxInstances\",\"maxInstancesPerCapability\",\"injectGlobals\",\"filesToWatch\",\"execArgv\",\"runnerEnv\",\"runner\",\"shard\",\"specFileRetries\",\"specFileRetriesDelay\",\"specFileRetriesDeferred\",\"reporterSyncInterval\",\"reporterSyncTimeout\",\"cucumberFeaturesWithLineNumbers\",\"autoCompileOpts\",\"mochaOpts\",\"jasmineOpts\",\"cucumberOpts\",\"onPrepare\",\"onWorkerStart\",\"onWorkerEnd\",\"before\",\"beforeSession\",\"beforeSuite\",\"beforeHook\",\"beforeTest\",\"afterTest\",\"afterHook\",\"afterSuite\",\"afterSession\",\"after\",\"onComplete\",\"beforeAssertion\",\"afterAssertion\",\"beforeFeature\",\"beforeScenario\",\"beforeStep\",\"afterStep\",\"afterScenario\",\"afterFeature\",\"_\",\"suite\",\"$0\",\"ignoredWorkerServices\",\"wdi5\"]"}]}
RESULT: {"script":"<script> [2342 bytes]","args":[{"protocol":"http","hostname":"0.0.0.0","path":"/","capabilities":{"browserName":"chrome","goog:chromeOptions":{"binary":"C:\\Program Files\\Google\\Chrome\\Application\\chrome.exe","args":["--start-maximized"]}},"logLevel":"warn","connectionRetryTimeout":120000,"connectionRetryCount":3,"logLevels":{},"enableDirectConnect":true,"strictSSL":true,"_":"65 more keys: [\"cacheDir\",\"port\",\"requestedCapabilities\",\"automationProtocol\",\"baseUrl\",\"waitforInterval\",\"waitforTimeout\",\"onReload\",\"beforeCommand\",\"afterCommand\",\"rootDir\",\"specs\",\"suites\",\"exclude\",\"groupLogsByTestSpec\",\"excludeDriverLogs\",\"bail\",\"framework\",\"reporters\",\"services\",\"maxInstances\",\"maxInstancesPerCapability\",\"injectGlobals\",\"filesToWatch\",\"execArgv\",\"runnerEnv\",\"runner\",\"shard\",\"specFileRetries\",\"specFileRetriesDelay\",\"specFileRetriesDeferred\",\"reporterSyncInterval\",\"reporterSyncTimeout\",\"cucumberFeaturesWithLineNumbers\",\"autoCompileOpts\",\"mochaOpts\",\"jasmineOpts\",\"cucumberOpts\",\"onPrepare\",\"onWorkerStart\",\"onWorkerEnd\",\"before\",\"beforeSession\",\"beforeSuite\",\"beforeHook\",\"beforeTest\",\"afterTest\",\"afterHook\",\"afterSuite\",\"afterSession\",\"after\",\"onComplete\",\"beforeAssertion\",\"afterAssertion\",\"beforeFeature\",\"beforeScenario\",\"beforeStep\",\"afterStep\",\"afterScenario\",\"afterFeature\",\"_\",\"suite\",\"$0\",\"ignoredWorkerServices\",\"wdi5\"]"}]}
COMMAND: POST /session/668384e1c1f73f3d5461b9d538daca42/execute/async - {"script":"<script> [21126 bytes]","args":[35000]}
RESULT: {"script":"<script> [21126 bytes]","args":[35000]}
COMMAND: POST /session/668384e1c1f73f3d5461b9d538daca42/window/maximize - {}
RESULT: {}
COMMAND: POST /session/668384e1c1f73f3d5461b9d538daca42/execute/async - {"script":"<script> [1562 bytes]","args":[{"selector":{"id":"shell-header","interaction":{"idSuffix":"icon"}},"wdio_ui5_key":"shellheader"}]}
COMMAND: GET /session/668384e1c1f73f3d5461b9d538daca42/screenshot - {}
RESULT: {"script":"<script> [1562 bytes]","args":[{"selector":{"id":"shell-header","interaction":{"idSuffix":"icon"}},"wdio_ui5_key":"shellheader"}]}
RESULT: undefined
]]></system-out>
    </testcase>
  </testsuite>
  <testsuite timestamp="2025-04-27T17:04:51" time="329.63" tests="4" failures="0" errors="0" skipped="0">
    <properties>
      <property name="specId" value="0" />
      <property name="suiteName" value="Provide to Site w/o warehouse management w/ clarification US116605" />
      <property name="capabilities" value="chrome.135_0_7049_96.windows" />
      <property name="file" value="file:///D:/a/1/s/test/specs/HTR/provide-to-site-wo-warehouse-w-clarification.spec.js" />
    </properties>
    <testcase classname="chrome.135_0_7049_96.windows.Provide_to_Site_w/o_warehouse_management_w/_clarification_US116605" name="Should create a WHM yard" time="103.794">
      <system-out><![CDATA[
COMMAND: POST /session/668384e1c1f73f3d5461b9d538daca42/execute/async - {"script":"<script> [1562 bytes]","args":[{"selector":{"controlType":"sap.m.GenericTile","properties":{"header":"Manage Yards"}},"wdio_ui5_key":"sapm.GenericTile{\"header\":\"Manage Yards\"}"}]}
RESULT: {}
RESULT: {"script":"<script> [1562 bytes]","args":[{"selector":{"controlType":"sap.m.GenericTile","properties":{"header":"Manage Yards"}},"wdio_ui5_key":"sapm.GenericTile{\"header\":\"Manage Yards\"}"}]}
RESULT: undefined
COMMAND: POST /session/668384e1c1f73f3d5461b9d538daca42/element - {"using":"xpath","value":"//*[@id=\"__tile41\"]"}
RESULT: {"using":"xpath","value":"//*[@id=\"__tile41\"]"}
COMMAND: POST /session/668384e1c1f73f3d5461b9d538daca42/element/f.F64AD31729AEE402AD374BC91D68D115.d.FF3B6F5C75AFA0DFF4B6BF6949D321C0.e.9601/click - {}
RESULT: {}
COMMAND: POST /session/668384e1c1f73f3d5461b9d538daca42/execute/async - {"script":"<script> [1562 bytes]","args":[{"selector":{"controlType":"sap.ui.core.Icon","viewName":"etm.portal.ui.manageyards.view.Master","viewId":"application-manageyards-display-component---masterYard","properties":{"src":{"regex":{"source":"add"}}}},"wdio_ui5_key":"etmportal.ui.manageyards.view.Mastersap.ui.core.Icon{\"src\":{\"regex\":{\"source\":\"add\"}}}"}]}
COMMAND: GET /session/668384e1c1f73f3d5461b9d538daca42/screenshot - {}
RESULT: {"script":"<script> [1562 bytes]","args":[{"selector":{"controlType":"sap.ui.core.Icon","viewName":"etm.portal.ui.manageyards.view.Master","viewId":"application-manageyards-display-component---masterYard","properties":{"src":{"regex":{"source":"add"}}}},"wdio_ui5_key":"etmportal.ui.manageyards.view.Mastersap.ui.core.Icon{\"src\":{\"regex\":{\"source\":\"add\"}}}"}]}
RESULT: undefined
COMMAND: POST /session/668384e1c1f73f3d5461b9d538daca42/element - {"using":"xpath","value":"//*[@id=\"__button4-img\"]"}
RESULT: {}
RESULT: {"using":"xpath","value":"//*[@id=\"__button4-img\"]"}
COMMAND: POST /session/668384e1c1f73f3d5461b9d538daca42/element/f.F64AD31729AEE402AD374BC91D68D115.d.FF3B6F5C75AFA0DFF4B6BF6949D321C0.e.9647/click - {}
RESULT: {}
COMMAND: POST /session/668384e1c1f73f3d5461b9d538daca42/execute/async - {"script":"<script> [1562 bytes]","args":[{"selector":{"id":"application-manageyards-display-component---NewYard--addressDetailDetailsName1","interaction":{"idSuffix":"inner"}},"wdio_ui5_key":"applicationmanageyards-display-component---NewYard--addressDetailDetailsName1"}]}
COMMAND: GET /session/668384e1c1f73f3d5461b9d538daca42/screenshot - {}
RESULT: {"script":"<script> [1562 bytes]","args":[{"selector":{"id":"application-manageyards-display-component---NewYard--addressDetailDetailsName1","interaction":{"idSuffix":"inner"}},"wdio_ui5_key":"applicationmanageyards-display-component---NewYard--addressDetailDetailsName1"}]}
RESULT: undefined
COMMAND: POST /session/668384e1c1f73f3d5461b9d538daca42/execute/async - {"script":"<script> [776 bytes]","args":[{"enterText":"warehouse managed Yard","selector":{"id":"application-manageyards-display-component---NewYard--addressDetailDetailsName1","interaction":{"idSuffix":"inner"}},"clearTextFirst":true,"interactionType":"ENTER_TEXT"}]}
RESULT: {}
RESULT: {"script":"<script> [776 bytes]","args":[{"enterText":"warehouse managed Yard","selector":{"id":"application-manageyards-display-component---NewYard--addressDetailDetailsName1","interaction":{"idSuffix":"inner"}},"clearTextFirst":true,"interactionType":"ENTER_TEXT"}]}
COMMAND: POST /session/668384e1c1f73f3d5461b9d538daca42/execute/async - {"script":"<script> [1562 bytes]","args":[{"selector":{"id":"application-manageyards-display-component---NewYard--addressDetailDetailsLanguage-arrow"},"wdio_ui5_key":"applicationmanageyards-display-component---NewYard--addressDetailDetailsLanguage-arrow"}]}
RESULT: {"script":"<script> [1562 bytes]","args":[{"selector":{"id":"application-manageyards-display-component---NewYard--addressDetailDetailsLanguage-arrow"},"wdio_ui5_key":"applicationmanageyards-display-component---NewYard--addressDetailDetailsLanguage-arrow"}]}
RESULT: undefined
COMMAND: POST /session/668384e1c1f73f3d5461b9d538daca42/element - {"using":"xpath","value":"//*[@id=\"application-manageyards-display-component---NewYard--addressDetailDetailsLanguage-arrow\"]"}
RESULT: {"using":"xpath","value":"//*[@id=\"application-manageyards-display-component---NewYard--addressDetailDetailsLanguage-arrow\"]"}
COMMAND: POST /session/668384e1c1f73f3d5461b9d538daca42/element/f.F64AD31729AEE402AD374BC91D68D115.d.FF3B6F5C75AFA0DFF4B6BF6949D321C0.e.10055/click - {}
RESULT: {}
COMMAND: POST /session/668384e1c1f73f3d5461b9d538daca42/execute/async - {"script":"<script> [1562 bytes]","args":[{"selector":{"controlType":"sap.m.StandardListItem","viewName":"etm.portal.ui.manageyards.view.New","viewId":"application-manageyards-display-component---NewYard","properties":{"title":"English"},"searchOpenDialogs":true,"interaction":{"idSuffix":"content"}},"wdio_ui5_key":"etmportal.ui.manageyards.view.Newsap.m.StandardListItem{\"title\":\"English\"}"}]}
COMMAND: GET /session/668384e1c1f73f3d5461b9d538daca42/screenshot - {}
RESULT: {"script":"<script> [1562 bytes]","args":[{"selector":{"controlType":"sap.m.StandardListItem","viewName":"etm.portal.ui.manageyards.view.New","viewId":"application-manageyards-display-component---NewYard","properties":{"title":"English"},"searchOpenDialogs":true,"interaction":{"idSuffix":"content"}},"wdio_ui5_key":"etmportal.ui.manageyards.view.Newsap.m.StandardListItem{\"title\":\"English\"}"}]}
RESULT: undefined
COMMAND: POST /session/668384e1c1f73f3d5461b9d538daca42/element - {"using":"xpath","value":"//*[@id=\"__item101\"]"}
RESULT: {}
RESULT: {"using":"xpath","value":"//*[@id=\"__item101\"]"}
COMMAND: POST /session/668384e1c1f73f3d5461b9d538daca42/element/f.F64AD31729AEE402AD374BC91D68D115.d.FF3B6F5C75AFA0DFF4B6BF6949D321C0.e.10057/click - {}
RESULT: {}
COMMAND: POST /session/668384e1c1f73f3d5461b9d538daca42/execute/async - {"script":"<script> [1562 bytes]","args":[{"selector":{"id":"application-manageyards-display-component---NewYard--addressDetailDetailsCity1","interaction":{"idSuffix":"inner"}},"wdio_ui5_key":"applicationmanageyards-display-component---NewYard--addressDetailDetailsCity1"}]}
COMMAND: GET /session/668384e1c1f73f3d5461b9d538daca42/screenshot - {}
RESULT: {"script":"<script> [1562 bytes]","args":[{"selector":{"id":"application-manageyards-display-component---NewYard--addressDetailDetailsCity1","interaction":{"idSuffix":"inner"}},"wdio_ui5_key":"applicationmanageyards-display-component---NewYard--addressDetailDetailsCity1"}]}
RESULT: undefined
COMMAND: POST /session/668384e1c1f73f3d5461b9d538daca42/execute/async - {"script":"<script> [776 bytes]","args":[{"enterText":"Rosario","selector":{"id":"application-manageyards-display-component---NewYard--addressDetailDetailsCity1","interaction":{"idSuffix":"inner"}},"clearTextFirst":true,"interactionType":"ENTER_TEXT"}]}
RESULT: {}
RESULT: {"script":"<script> [776 bytes]","args":[{"enterText":"Rosario","selector":{"id":"application-manageyards-display-component---NewYard--addressDetailDetailsCity1","interaction":{"idSuffix":"inner"}},"clearTextFirst":true,"interactionType":"ENTER_TEXT"}]}
COMMAND: POST /session/668384e1c1f73f3d5461b9d538daca42/execute/async - {"script":"<script> [1562 bytes]","args":[{"selector":{"id":"application-manageyards-display-component---NewYard--addressDetailDetailsCountry-arrow"},"wdio_ui5_key":"applicationmanageyards-display-component---NewYard--addressDetailDetailsCountry-arrow"}]}
RESULT: {"script":"<script> [1562 bytes]","args":[{"selector":{"id":"application-manageyards-display-component---NewYard--addressDetailDetailsCountry-arrow"},"wdio_ui5_key":"applicationmanageyards-display-component---NewYard--addressDetailDetailsCountry-arrow"}]}
RESULT: undefined
COMMAND: POST /session/668384e1c1f73f3d5461b9d538daca42/element - {"using":"xpath","value":"//*[@id=\"application-manageyards-display-component---NewYard--addressDetailDetailsCountry-arrow\"]"}
RESULT: {"using":"xpath","value":"//*[@id=\"application-manageyards-display-component---NewYard--addressDetailDetailsCountry-arrow\"]"}
COMMAND: POST /session/668384e1c1f73f3d5461b9d538daca42/element/f.F64AD31729AEE402AD374BC91D68D115.d.FF3B6F5C75AFA0DFF4B6BF6949D321C0.e.10018/click - {}
RESULT: {}
COMMAND: POST /session/668384e1c1f73f3d5461b9d538daca42/execute/async - {"script":"<script> [1562 bytes]","args":[{"selector":{"controlType":"sap.m.StandardListItem","viewName":"etm.portal.ui.manageyards.view.New","viewId":"application-manageyards-display-component---NewYard","properties":{"title":"Argentina"},"searchOpenDialogs":true,"interaction":{"idSuffix":"content"}},"wdio_ui5_key":"etmportal.ui.manageyards.view.Newsap.m.StandardListItem{\"title\":\"Argentina\"}"}]}
COMMAND: GET /session/668384e1c1f73f3d5461b9d538daca42/screenshot - {}
RESULT: {"script":"<script> [1562 bytes]","args":[{"selector":{"controlType":"sap.m.StandardListItem","viewName":"etm.portal.ui.manageyards.view.New","viewId":"application-manageyards-display-component---NewYard","properties":{"title":"Argentina"},"searchOpenDialogs":true,"interaction":{"idSuffix":"content"}},"wdio_ui5_key":"etmportal.ui.manageyards.view.Newsap.m.StandardListItem{\"title\":\"Argentina\"}"}]}
RESULT: undefined
COMMAND: POST /session/668384e1c1f73f3d5461b9d538daca42/element - {"using":"xpath","value":"//*[@id=\"__item144\"]"}
RESULT: {}
RESULT: {"using":"xpath","value":"//*[@id=\"__item144\"]"}
COMMAND: POST /session/668384e1c1f73f3d5461b9d538daca42/element/f.F64AD31729AEE402AD374BC91D68D115.d.FF3B6F5C75AFA0DFF4B6BF6949D321C0.e.10061/click - {}
RESULT: {}
COMMAND: POST /session/668384e1c1f73f3d5461b9d538daca42/execute/async - {"script":"<script> [1562 bytes]","args":[{"selector":{"controlType":"sap.m.Button","viewName":"etm.portal.ui.manageyards.view.New","viewId":"application-manageyards-display-component---NewYard","properties":{"text":"Commercial"},"interaction":{"idSuffix":"BDI-content"}},"wdio_ui5_key":"etmportal.ui.manageyards.view.Newsap.m.Button{\"text\":\"Commercial\"}"}]}
COMMAND: GET /session/668384e1c1f73f3d5461b9d538daca42/screenshot - {}
RESULT: {"script":"<script> [1562 bytes]","args":[{"selector":{"controlType":"sap.m.Button","viewName":"etm.portal.ui.manageyards.view.New","viewId":"application-manageyards-display-component---NewYard","properties":{"text":"Commercial"},"interaction":{"idSuffix":"BDI-content"}},"wdio_ui5_key":"etmportal.ui.manageyards.view.Newsap.m.Button{\"text\":\"Commercial\"}"}]}
RESULT: undefined
COMMAND: POST /session/668384e1c1f73f3d5461b9d538daca42/element - {"using":"xpath","value":"//*[@id=\"application-manageyards-display-component---NewYard--ObjectPageLayout-anchBar-__section5-anchor\"]"}
RESULT: {}
RESULT: {"using":"xpath","value":"//*[@id=\"application-manageyards-display-component---NewYard--ObjectPageLayout-anchBar-__section5-anchor\"]"}
COMMAND: POST /session/668384e1c1f73f3d5461b9d538daca42/element/f.F64AD31729AEE402AD374BC91D68D115.d.FF3B6F5C75AFA0DFF4B6BF6949D321C0.e.10063/click - {}
RESULT: {}
COMMAND: GET /session/668384e1c1f73f3d5461b9d538daca42/screenshot - {}
RESULT: {}
COMMAND: POST /session/668384e1c1f73f3d5461b9d538daca42/execute/async - {"script":"<script> [1562 bytes]","args":[{"selector":{"id":"application-manageyards-display-component---NewYard--addressEditDetailsCostObjectCstType-arrow"},"wdio_ui5_key":"applicationmanageyards-display-component---NewYard--addressEditDetailsCostObjectCstType-arrow"}]}
RESULT: {"script":"<script> [1562 bytes]","args":[{"selector":{"id":"application-manageyards-display-component---NewYard--addressEditDetailsCostObjectCstType-arrow"},"wdio_ui5_key":"applicationmanageyards-display-component---NewYard--addressEditDetailsCostObjectCstType-arrow"}]}
RESULT: undefined
COMMAND: POST /session/668384e1c1f73f3d5461b9d538daca42/element - {"using":"xpath","value":"//*[@id=\"application-manageyards-display-component---NewYard--addressEditDetailsCostObjectCstType-arrow\"]"}
RESULT: {"using":"xpath","value":"//*[@id=\"application-manageyards-display-component---NewYard--addressEditDetailsCostObjectCstType-arrow\"]"}
COMMAND: POST /session/668384e1c1f73f3d5461b9d538daca42/element/f.F64AD31729AEE402AD374BC91D68D115.d.FF3B6F5C75AFA0DFF4B6BF6949D321C0.e.10074/click - {}
RESULT: {}
COMMAND: GET /session/668384e1c1f73f3d5461b9d538daca42/screenshot - {}
RESULT: {}
COMMAND: POST /session/668384e1c1f73f3d5461b9d538daca42/execute/async - {"script":"<script> [1562 bytes]","args":[{"selector":{"controlType":"sap.m.StandardListItem","viewName":"etm.portal.ui.manageyards.view.New","viewId":"application-manageyards-display-component---NewYard","properties":{"title":"Cost Center"},"searchOpenDialogs":true,"interaction":{"idSuffix":"titleText"}},"wdio_ui5_key":"etmportal.ui.manageyards.view.Newsap.m.StandardListItem{\"title\":\"Cost Center\"}"}]}
RESULT: {"script":"<script> [1562 bytes]","args":[{"selector":{"controlType":"sap.m.StandardListItem","viewName":"etm.portal.ui.manageyards.view.New","viewId":"application-manageyards-display-component---NewYard","properties":{"title":"Cost Center"},"searchOpenDialogs":true,"interaction":{"idSuffix":"titleText"}},"wdio_ui5_key":"etmportal.ui.manageyards.view.Newsap.m.StandardListItem{\"title\":\"Cost Center\"}"}]}
RESULT: undefined
COMMAND: POST /session/668384e1c1f73f3d5461b9d538daca42/element - {"using":"xpath","value":"//*[@id=\"__item234\"]"}
RESULT: {"using":"xpath","value":"//*[@id=\"__item234\"]"}
COMMAND: POST /session/668384e1c1f73f3d5461b9d538daca42/element/f.F64AD31729AEE402AD374BC91D68D115.d.FF3B6F5C75AFA0DFF4B6BF6949D321C0.e.10076/click - {}
RESULT: {}
COMMAND: POST /session/668384e1c1f73f3d5461b9d538daca42/element - {"using":"xpath","value":"//input[@id=\"application-manageyards-display-component---NewYard--addressNewCostObjectCstID-inner\"]"}
COMMAND: GET /session/668384e1c1f73f3d5461b9d538daca42/screenshot - {}
RESULT: {"using":"xpath","value":"//input[@id=\"application-manageyards-display-component---NewYard--addressNewCostObjectCstID-inner\"]"}
COMMAND: POST /session/668384e1c1f73f3d5461b9d538daca42/element/f.F64AD31729AEE402AD374BC91D68D115.d.FF3B6F5C75AFA0DFF4B6BF6949D321C0.e.9896/clear - {}
RESULT: {}
COMMAND: POST /session/668384e1c1f73f3d5461b9d538daca42/element - {"using":"xpath","value":"//input[@id=\"application-manageyards-display-component---NewYard--addressNewCostObjectCstID-inner\"]"}
RESULT: {"using":"xpath","value":"//input[@id=\"application-manageyards-display-component---NewYard--addressNewCostObjectCstID-inner\"]"}
COMMAND: POST /session/668384e1c1f73f3d5461b9d538daca42/element/f.F64AD31729AEE402AD374BC91D68D115.d.FF3B6F5C75AFA0DFF4B6BF6949D321C0.e.9896/clear - {}
COMMAND: POST /session/668384e1c1f73f3d5461b9d538daca42/element - {"using":"xpath","value":"//input[@id=\"application-manageyards-display-component---NewYard--addressNewCostObjectCstID-inner\"]"}
RESULT: {"using":"xpath","value":"//input[@id=\"application-manageyards-display-component---NewYard--addressNewCostObjectCstID-inner\"]"}
COMMAND: POST /session/668384e1c1f73f3d5461b9d538daca42/element/f.F64AD31729AEE402AD374BC91D68D115.d.FF3B6F5C75AFA0DFF4B6BF6949D321C0.e.10079/clear - {}
COMMAND: POST /session/668384e1c1f73f3d5461b9d538daca42/element - {"using":"xpath","value":"//input[@id=\"application-manageyards-display-component---NewYard--addressNewCostObjectCstID-inner\"]"}
RESULT: {"using":"xpath","value":"//input[@id=\"application-manageyards-display-component---NewYard--addressNewCostObjectCstID-inner\"]"}
COMMAND: POST /session/668384e1c1f73f3d5461b9d538daca42/element/f.F64AD31729AEE402AD374BC91D68D115.d.FF3B6F5C75AFA0DFF4B6BF6949D321C0.e.10079/clear - {}
COMMAND: POST /session/668384e1c1f73f3d5461b9d538daca42/element - {"using":"xpath","value":"//input[@id=\"application-manageyards-display-component---NewYard--addressNewCostObjectCstID-inner\"]"}
RESULT: {"using":"xpath","value":"//input[@id=\"application-manageyards-display-component---NewYard--addressNewCostObjectCstID-inner\"]"}
COMMAND: POST /session/668384e1c1f73f3d5461b9d538daca42/element/f.F64AD31729AEE402AD374BC91D68D115.d.FF3B6F5C75AFA0DFF4B6BF6949D321C0.e.10081/clear - {}
RESULT: {}
COMMAND: POST /session/668384e1c1f73f3d5461b9d538daca42/element/f.F64AD31729AEE402AD374BC91D68D115.d.FF3B6F5C75AFA0DFF4B6BF6949D321C0.e.10081/value - {"text":"10001013"}
COMMAND: GET /session/668384e1c1f73f3d5461b9d538daca42/screenshot - {}
RESULT: {"text":"10001013"}
COMMAND: GET /session/668384e1c1f73f3d5461b9d538daca42/screenshot - {}
RESULT: {}
RESULT: {}
COMMAND: POST /session/668384e1c1f73f3d5461b9d538daca42/execute/async - {"script":"<script> [1562 bytes]","args":[{"selector":{"controlType":"sap.m.StandardListItem","viewName":"etm.portal.ui.manageyards.view.New","viewId":"application-manageyards-display-component---NewYard","properties":{"type":"Active"},"searchOpenDialogs":true,"interaction":{"idSuffix":"titleText"}},"wdio_ui5_key":"etmportal.ui.manageyards.view.Newsap.m.StandardListItem{\"type\":\"Active\"}"}]}
RESULT: {"script":"<script> [1562 bytes]","args":[{"selector":{"controlType":"sap.m.StandardListItem","viewName":"etm.portal.ui.manageyards.view.New","viewId":"application-manageyards-display-component---NewYard","properties":{"type":"Active"},"searchOpenDialogs":true,"interaction":{"idSuffix":"titleText"}},"wdio_ui5_key":"etmportal.ui.manageyards.view.Newsap.m.StandardListItem{\"type\":\"Active\"}"}]}
RESULT: undefined
COMMAND: POST /session/668384e1c1f73f3d5461b9d538daca42/element - {"using":"xpath","value":"//*[@id=\"__item339\"]"}
RESULT: {"using":"xpath","value":"//*[@id=\"__item339\"]"}
COMMAND: POST /session/668384e1c1f73f3d5461b9d538daca42/element/f.F64AD31729AEE402AD374BC91D68D115.d.FF3B6F5C75AFA0DFF4B6BF6949D321C0.e.10085/click - {}
RESULT: {}
COMMAND: POST /session/668384e1c1f73f3d5461b9d538daca42/execute/async - {"script":"<script> [1562 bytes]","args":[{"selector":{"id":"application-manageyards-display-component---NewYard--addressEditDetailsCurrency-arrow"},"wdio_ui5_key":"applicationmanageyards-display-component---NewYard--addressEditDetailsCurrency-arrow"}]}
COMMAND: GET /session/668384e1c1f73f3d5461b9d538daca42/screenshot - {}
RESULT: {"script":"<script> [1562 bytes]","args":[{"selector":{"id":"application-manageyards-display-component---NewYard--addressEditDetailsCurrency-arrow"},"wdio_ui5_key":"applicationmanageyards-display-component---NewYard--addressEditDetailsCurrency-arrow"}]}
RESULT: undefined
COMMAND: POST /session/668384e1c1f73f3d5461b9d538daca42/element - {"using":"xpath","value":"//*[@id=\"application-manageyards-display-component---NewYard--addressEditDetailsCurrency-arrow\"]"}
RESULT: {}
RESULT: {"using":"xpath","value":"//*[@id=\"application-manageyards-display-component---NewYard--addressEditDetailsCurrency-arrow\"]"}
COMMAND: POST /session/668384e1c1f73f3d5461b9d538daca42/element/f.F64AD31729AEE402AD374BC91D68D115.d.FF3B6F5C75AFA0DFF4B6BF6949D321C0.e.10087/click - {}
RESULT: {}
COMMAND: POST /session/668384e1c1f73f3d5461b9d538daca42/execute/async - {"script":"<script> [1562 bytes]","args":[{"selector":{"controlType":"sap.m.StandardListItem","viewName":"etm.portal.ui.manageyards.view.New","viewId":"application-manageyards-display-component---NewYard","properties":{"title":"Euro"},"searchOpenDialogs":true,"interaction":{"idSuffix":"content"}},"wdio_ui5_key":"etmportal.ui.manageyards.view.Newsap.m.StandardListItem{\"title\":\"Euro\"}"}]}
COMMAND: GET /session/668384e1c1f73f3d5461b9d538daca42/screenshot - {}
RESULT: {"script":"<script> [1562 bytes]","args":[{"selector":{"controlType":"sap.m.StandardListItem","viewName":"etm.portal.ui.manageyards.view.New","viewId":"application-manageyards-display-component---NewYard","properties":{"title":"Euro"},"searchOpenDialogs":true,"interaction":{"idSuffix":"content"}},"wdio_ui5_key":"etmportal.ui.manageyards.view.Newsap.m.StandardListItem{\"title\":\"Euro\"}"}]}
RESULT: undefined
COMMAND: POST /session/668384e1c1f73f3d5461b9d538daca42/element - {"using":"xpath","value":"//*[@id=\"__item340\"]"}
RESULT: {}
RESULT: {"using":"xpath","value":"//*[@id=\"__item340\"]"}
COMMAND: POST /session/668384e1c1f73f3d5461b9d538daca42/element/f.F64AD31729AEE402AD374BC91D68D115.d.FF3B6F5C75AFA0DFF4B6BF6949D321C0.e.10089/click - {}
RESULT: {}
COMMAND: POST /session/668384e1c1f73f3d5461b9d538daca42/execute/async - {"script":"<script> [1562 bytes]","args":[{"selector":{"controlType":"sap.m.Input","viewName":"etm.portal.ui.manageyards.view.New","viewId":"application-manageyards-display-component---NewYard","bindingPath":{"path":"","propertyPath":"/CONTROLLING_AREA","modelName":"NewYardModel"},"interaction":{"idSuffix":"inner"}},"wdio_ui5_key":"etmportal.ui.manageyards.view.Newsap.m.Input{\"path\":\"\",\"propertyPath\":\"/CONTROLLING_AREA\",\"modelName\":\"NewYardModel\"}"}]}
COMMAND: GET /session/668384e1c1f73f3d5461b9d538daca42/screenshot - {}
RESULT: {"script":"<script> [1562 bytes]","args":[{"selector":{"controlType":"sap.m.Input","viewName":"etm.portal.ui.manageyards.view.New","viewId":"application-manageyards-display-component---NewYard","bindingPath":{"path":"","propertyPath":"/CONTROLLING_AREA","modelName":"NewYardModel"},"interaction":{"idSuffix":"inner"}},"wdio_ui5_key":"etmportal.ui.manageyards.view.Newsap.m.Input{\"path\":\"\",\"propertyPath\":\"/CONTROLLING_AREA\",\"modelName\":\"NewYardModel\"}"}]}
RESULT: undefined
COMMAND: POST /session/668384e1c1f73f3d5461b9d538daca42/execute/async - {"script":"<script> [776 bytes]","args":[{"enterText":"Z001","selector":{"controlType":"sap.m.Input","viewName":"etm.portal.ui.manageyards.view.New","viewId":"application-manageyards-display-component---NewYard","bindingPath":{"path":"","propertyPath":"/CONTROLLING_AREA","modelName":"NewYardModel"},"interaction":{"idSuffix":"inner"}},"clearTextFirst":true,"interactionType":"ENTER_TEXT"}]}
RESULT: {}
RESULT: {"script":"<script> [776 bytes]","args":[{"enterText":"Z001","selector":{"controlType":"sap.m.Input","viewName":"etm.portal.ui.manageyards.view.New","viewId":"application-manageyards-display-component---NewYard","bindingPath":{"path":"","propertyPath":"/CONTROLLING_AREA","modelName":"NewYardModel"},"interaction":{"idSuffix":"inner"}},"clearTextFirst":true,"interactionType":"ENTER_TEXT"}]}
COMMAND: POST /session/668384e1c1f73f3d5461b9d538daca42/execute/async - {"script":"<script> [1562 bytes]","args":[{"selector":{"id":"application-manageyards-display-component---NewYard--companyCodeComboBox","interaction":{"idSuffix":"inner"}},"wdio_ui5_key":"applicationmanageyards-display-component---NewYard--companyCodeComboBox"}]}
RESULT: {"script":"<script> [1562 bytes]","args":[{"selector":{"id":"application-manageyards-display-component---NewYard--companyCodeComboBox","interaction":{"idSuffix":"inner"}},"wdio_ui5_key":"applicationmanageyards-display-component---NewYard--companyCodeComboBox"}]}
RESULT: undefined
COMMAND: POST /session/668384e1c1f73f3d5461b9d538daca42/execute/async - {"script":"<script> [776 bytes]","args":[{"enterText":"1000","selector":{"id":"application-manageyards-display-component---NewYard--companyCodeComboBox","interaction":{"idSuffix":"inner"}},"clearTextFirst":true,"interactionType":"ENTER_TEXT"}]}
RESULT: {"script":"<script> [776 bytes]","args":[{"enterText":"1000","selector":{"id":"application-manageyards-display-component---NewYard--companyCodeComboBox","interaction":{"idSuffix":"inner"}},"clearTextFirst":true,"interactionType":"ENTER_TEXT"}]}
COMMAND: POST /session/668384e1c1f73f3d5461b9d538daca42/execute/async - {"script":"<script> [1562 bytes]","args":[{"selector":{"controlType":"sap.m.Input","viewName":"etm.portal.ui.manageyards.view.New","viewId":"application-manageyards-display-component---NewYard","bindingPath":{"path":"","propertyPath":"/PLANT","modelName":"NewYardModel"},"interaction":{"idSuffix":"inner"}},"wdio_ui5_key":"etmportal.ui.manageyards.view.Newsap.m.Input{\"path\":\"\",\"propertyPath\":\"/PLANT\",\"modelName\":\"NewYardModel\"}"}]}
RESULT: {"script":"<script> [1562 bytes]","args":[{"selector":{"controlType":"sap.m.Input","viewName":"etm.portal.ui.manageyards.view.New","viewId":"application-manageyards-display-component---NewYard","bindingPath":{"path":"","propertyPath":"/PLANT","modelName":"NewYardModel"},"interaction":{"idSuffix":"inner"}},"wdio_ui5_key":"etmportal.ui.manageyards.view.Newsap.m.Input{\"path\":\"\",\"propertyPath\":\"/PLANT\",\"modelName\":\"NewYardModel\"}"}]}
RESULT: undefined
COMMAND: POST /session/668384e1c1f73f3d5461b9d538daca42/execute/async - {"script":"<script> [776 bytes]","args":[{"enterText":"1001","selector":{"controlType":"sap.m.Input","viewName":"etm.portal.ui.manageyards.view.New","viewId":"application-manageyards-display-component---NewYard","bindingPath":{"path":"","propertyPath":"/PLANT","modelName":"NewYardModel"},"interaction":{"idSuffix":"inner"}},"clearTextFirst":true,"interactionType":"ENTER_TEXT"}]}
RESULT: {"script":"<script> [776 bytes]","args":[{"enterText":"1001","selector":{"controlType":"sap.m.Input","viewName":"etm.portal.ui.manageyards.view.New","viewId":"application-manageyards-display-component---NewYard","bindingPath":{"path":"","propertyPath":"/PLANT","modelName":"NewYardModel"},"interaction":{"idSuffix":"inner"}},"clearTextFirst":true,"interactionType":"ENTER_TEXT"}]}
COMMAND: POST /session/668384e1c1f73f3d5461b9d538daca42/execute/async - {"script":"<script> [1562 bytes]","args":[{"selector":{"controlType":"sap.m.Input","viewName":"etm.portal.ui.manageyards.view.New","viewId":"application-manageyards-display-component---NewYard","bindingPath":{"path":"","propertyPath":"/SALES_AREA_VKORG","modelName":"NewYardModel"},"interaction":{"idSuffix":"inner"}},"wdio_ui5_key":"etmportal.ui.manageyards.view.Newsap.m.Input{\"path\":\"\",\"propertyPath\":\"/SALES_AREA_VKORG\",\"modelName\":\"NewYardModel\"}"}]}
RESULT: {"script":"<script> [1562 bytes]","args":[{"selector":{"controlType":"sap.m.Input","viewName":"etm.portal.ui.manageyards.view.New","viewId":"application-manageyards-display-component---NewYard","bindingPath":{"path":"","propertyPath":"/SALES_AREA_VKORG","modelName":"NewYardModel"},"interaction":{"idSuffix":"inner"}},"wdio_ui5_key":"etmportal.ui.manageyards.view.Newsap.m.Input{\"path\":\"\",\"propertyPath\":\"/SALES_AREA_VKORG\",\"modelName\":\"NewYardModel\"}"}]}
RESULT: undefined
COMMAND: POST /session/668384e1c1f73f3d5461b9d538daca42/execute/async - {"script":"<script> [776 bytes]","args":[{"enterText":"C002","selector":{"controlType":"sap.m.Input","viewName":"etm.portal.ui.manageyards.view.New","viewId":"application-manageyards-display-component---NewYard","bindingPath":{"path":"","propertyPath":"/SALES_AREA_VKORG","modelName":"NewYardModel"},"interaction":{"idSuffix":"inner"}},"clearTextFirst":true,"interactionType":"ENTER_TEXT"}]}
RESULT: {"script":"<script> [776 bytes]","args":[{"enterText":"C002","selector":{"controlType":"sap.m.Input","viewName":"etm.portal.ui.manageyards.view.New","viewId":"application-manageyards-display-component---NewYard","bindingPath":{"path":"","propertyPath":"/SALES_AREA_VKORG","modelName":"NewYardModel"},"interaction":{"idSuffix":"inner"}},"clearTextFirst":true,"interactionType":"ENTER_TEXT"}]}
COMMAND: POST /session/668384e1c1f73f3d5461b9d538daca42/execute/async - {"script":"<script> [1562 bytes]","args":[{"selector":{"controlType":"sap.m.Input","viewName":"etm.portal.ui.manageyards.view.New","viewId":"application-manageyards-display-component---NewYard","bindingPath":{"path":"","propertyPath":"/SALES_AREA_VTWEG","modelName":"NewYardModel"},"interaction":{"idSuffix":"inner"}},"wdio_ui5_key":"etmportal.ui.manageyards.view.Newsap.m.Input{\"path\":\"\",\"propertyPath\":\"/SALES_AREA_VTWEG\",\"modelName\":\"NewYardModel\"}"}]}
RESULT: {"script":"<script> [1562 bytes]","args":[{"selector":{"controlType":"sap.m.Input","viewName":"etm.portal.ui.manageyards.view.New","viewId":"application-manageyards-display-component---NewYard","bindingPath":{"path":"","propertyPath":"/SALES_AREA_VTWEG","modelName":"NewYardModel"},"interaction":{"idSuffix":"inner"}},"wdio_ui5_key":"etmportal.ui.manageyards.view.Newsap.m.Input{\"path\":\"\",\"propertyPath\":\"/SALES_AREA_VTWEG\",\"modelName\":\"NewYardModel\"}"}]}
RESULT: undefined
COMMAND: POST /session/668384e1c1f73f3d5461b9d538daca42/execute/async - {"script":"<script> [776 bytes]","args":[{"enterText":"C2","selector":{"controlType":"sap.m.Input","viewName":"etm.portal.ui.manageyards.view.New","viewId":"application-manageyards-display-component---NewYard","bindingPath":{"path":"","propertyPath":"/SALES_AREA_VTWEG","modelName":"NewYardModel"},"interaction":{"idSuffix":"inner"}},"clearTextFirst":true,"interactionType":"ENTER_TEXT"}]}
RESULT: {"script":"<script> [776 bytes]","args":[{"enterText":"C2","selector":{"controlType":"sap.m.Input","viewName":"etm.portal.ui.manageyards.view.New","viewId":"application-manageyards-display-component---NewYard","bindingPath":{"path":"","propertyPath":"/SALES_AREA_VTWEG","modelName":"NewYardModel"},"interaction":{"idSuffix":"inner"}},"clearTextFirst":true,"interactionType":"ENTER_TEXT"}]}
COMMAND: POST /session/668384e1c1f73f3d5461b9d538daca42/execute/async - {"script":"<script> [1562 bytes]","args":[{"selector":{"controlType":"sap.m.Input","viewName":"etm.portal.ui.manageyards.view.New","viewId":"application-manageyards-display-component---NewYard","bindingPath":{"path":"","propertyPath":"/SALES_AREA_SPART","modelName":"NewYardModel"},"interaction":{"idSuffix":"inner"}},"wdio_ui5_key":"etmportal.ui.manageyards.view.Newsap.m.Input{\"path\":\"\",\"propertyPath\":\"/SALES_AREA_SPART\",\"modelName\":\"NewYardModel\"}"}]}
RESULT: {"script":"<script> [1562 bytes]","args":[{"selector":{"controlType":"sap.m.Input","viewName":"etm.portal.ui.manageyards.view.New","viewId":"application-manageyards-display-component---NewYard","bindingPath":{"path":"","propertyPath":"/SALES_AREA_SPART","modelName":"NewYardModel"},"interaction":{"idSuffix":"inner"}},"wdio_ui5_key":"etmportal.ui.manageyards.view.Newsap.m.Input{\"path\":\"\",\"propertyPath\":\"/SALES_AREA_SPART\",\"modelName\":\"NewYardModel\"}"}]}
RESULT: undefined
COMMAND: POST /session/668384e1c1f73f3d5461b9d538daca42/execute/async - {"script":"<script> [776 bytes]","args":[{"enterText":"C2","selector":{"controlType":"sap.m.Input","viewName":"etm.portal.ui.manageyards.view.New","viewId":"application-manageyards-display-component---NewYard","bindingPath":{"path":"","propertyPath":"/SALES_AREA_SPART","modelName":"NewYardModel"},"interaction":{"idSuffix":"inner"}},"clearTextFirst":true,"interactionType":"ENTER_TEXT"}]}
RESULT: {"script":"<script> [776 bytes]","args":[{"enterText":"C2","selector":{"controlType":"sap.m.Input","viewName":"etm.portal.ui.manageyards.view.New","viewId":"application-manageyards-display-component---NewYard","bindingPath":{"path":"","propertyPath":"/SALES_AREA_SPART","modelName":"NewYardModel"},"interaction":{"idSuffix":"inner"}},"clearTextFirst":true,"interactionType":"ENTER_TEXT"}]}
COMMAND: POST /session/668384e1c1f73f3d5461b9d538daca42/execute/async - {"script":"<script> [1562 bytes]","args":[{"selector":{"controlType":"sap.m.Input","viewName":"etm.portal.ui.manageyards.view.New","viewId":"application-manageyards-display-component---NewYard","bindingPath":{"path":"","propertyPath":"/SHIP_POINT","modelName":"NewYardModel"},"interaction":{"idSuffix":"inner"}},"wdio_ui5_key":"etmportal.ui.manageyards.view.Newsap.m.Input{\"path\":\"\",\"propertyPath\":\"/SHIP_POINT\",\"modelName\":\"NewYardModel\"}"}]}
RESULT: {"script":"<script> [1562 bytes]","args":[{"selector":{"controlType":"sap.m.Input","viewName":"etm.portal.ui.manageyards.view.New","viewId":"application-manageyards-display-component---NewYard","bindingPath":{"path":"","propertyPath":"/SHIP_POINT","modelName":"NewYardModel"},"interaction":{"idSuffix":"inner"}},"wdio_ui5_key":"etmportal.ui.manageyards.view.Newsap.m.Input{\"path\":\"\",\"propertyPath\":\"/SHIP_POINT\",\"modelName\":\"NewYardModel\"}"}]}
RESULT: undefined
COMMAND: POST /session/668384e1c1f73f3d5461b9d538daca42/execute/async - {"script":"<script> [776 bytes]","args":[{"enterText":"1710","selector":{"controlType":"sap.m.Input","viewName":"etm.portal.ui.manageyards.view.New","viewId":"application-manageyards-display-component---NewYard","bindingPath":{"path":"","propertyPath":"/SHIP_POINT","modelName":"NewYardModel"},"interaction":{"idSuffix":"inner"}},"clearTextFirst":true,"interactionType":"ENTER_TEXT"}]}
RESULT: {"script":"<script> [776 bytes]","args":[{"enterText":"1710","selector":{"controlType":"sap.m.Input","viewName":"etm.portal.ui.manageyards.view.New","viewId":"application-manageyards-display-component---NewYard","bindingPath":{"path":"","propertyPath":"/SHIP_POINT","modelName":"NewYardModel"},"interaction":{"idSuffix":"inner"}},"clearTextFirst":true,"interactionType":"ENTER_TEXT"}]}
COMMAND: POST /session/668384e1c1f73f3d5461b9d538daca42/execute/async - {"script":"<script> [1562 bytes]","args":[{"selector":{"controlType":"sap.m.Input","viewName":"etm.portal.ui.manageyards.view.New","viewId":"application-manageyards-display-component---NewYard","bindingPath":{"path":"","propertyPath":"/DELIVERY_TYPE","modelName":"NewYardModel"},"interaction":{"idSuffix":"inner"}},"wdio_ui5_key":"etmportal.ui.manageyards.view.Newsap.m.Input{\"path\":\"\",\"propertyPath\":\"/DELIVERY_TYPE\",\"modelName\":\"NewYardModel\"}"}]}
RESULT: {"script":"<script> [1562 bytes]","args":[{"selector":{"controlType":"sap.m.Input","viewName":"etm.portal.ui.manageyards.view.New","viewId":"application-manageyards-display-component---NewYard","bindingPath":{"path":"","propertyPath":"/DELIVERY_TYPE","modelName":"NewYardModel"},"interaction":{"idSuffix":"inner"}},"wdio_ui5_key":"etmportal.ui.manageyards.view.Newsap.m.Input{\"path\":\"\",\"propertyPath\":\"/DELIVERY_TYPE\",\"modelName\":\"NewYardModel\"}"}]}
RESULT: undefined
COMMAND: POST /session/668384e1c1f73f3d5461b9d538daca42/execute/async - {"script":"<script> [776 bytes]","args":[{"enterText":"ZL01","selector":{"controlType":"sap.m.Input","viewName":"etm.portal.ui.manageyards.view.New","viewId":"application-manageyards-display-component---NewYard","bindingPath":{"path":"","propertyPath":"/DELIVERY_TYPE","modelName":"NewYardModel"},"interaction":{"idSuffix":"inner"}},"clearTextFirst":true,"interactionType":"ENTER_TEXT"}]}
RESULT: {"script":"<script> [776 bytes]","args":[{"enterText":"ZL01","selector":{"controlType":"sap.m.Input","viewName":"etm.portal.ui.manageyards.view.New","viewId":"application-manageyards-display-component---NewYard","bindingPath":{"path":"","propertyPath":"/DELIVERY_TYPE","modelName":"NewYardModel"},"interaction":{"idSuffix":"inner"}},"clearTextFirst":true,"interactionType":"ENTER_TEXT"}]}
COMMAND: POST /session/668384e1c1f73f3d5461b9d538daca42/execute/async - {"script":"<script> [1562 bytes]","args":[{"selector":{"controlType":"sap.m.Input","viewName":"etm.portal.ui.manageyards.view.New","viewId":"application-manageyards-display-component---NewYard","bindingPath":{"path":"","propertyPath":"/AUART","modelName":"NewYardModel"},"interaction":{"idSuffix":"inner"}},"wdio_ui5_key":"etmportal.ui.manageyards.view.Newsap.m.Input{\"path\":\"\",\"propertyPath\":\"/AUART\",\"modelName\":\"NewYardModel\"}"}]}
RESULT: {"script":"<script> [1562 bytes]","args":[{"selector":{"controlType":"sap.m.Input","viewName":"etm.portal.ui.manageyards.view.New","viewId":"application-manageyards-display-component---NewYard","bindingPath":{"path":"","propertyPath":"/AUART","modelName":"NewYardModel"},"interaction":{"idSuffix":"inner"}},"wdio_ui5_key":"etmportal.ui.manageyards.view.Newsap.m.Input{\"path\":\"\",\"propertyPath\":\"/AUART\",\"modelName\":\"NewYardModel\"}"}]}
RESULT: undefined
COMMAND: POST /session/668384e1c1f73f3d5461b9d538daca42/execute/async - {"script":"<script> [776 bytes]","args":[{"enterText":"TA","selector":{"controlType":"sap.m.Input","viewName":"etm.portal.ui.manageyards.view.New","viewId":"application-manageyards-display-component---NewYard","bindingPath":{"path":"","propertyPath":"/AUART","modelName":"NewYardModel"},"interaction":{"idSuffix":"inner"}},"clearTextFirst":true,"interactionType":"ENTER_TEXT"}]}
RESULT: {"script":"<script> [776 bytes]","args":[{"enterText":"TA","selector":{"controlType":"sap.m.Input","viewName":"etm.portal.ui.manageyards.view.New","viewId":"application-manageyards-display-component---NewYard","bindingPath":{"path":"","propertyPath":"/AUART","modelName":"NewYardModel"},"interaction":{"idSuffix":"inner"}},"clearTextFirst":true,"interactionType":"ENTER_TEXT"}]}
COMMAND: POST /session/668384e1c1f73f3d5461b9d538daca42/execute/async - {"script":"<script> [1562 bytes]","args":[{"selector":{"controlType":"sap.m.Button","viewName":"etm.portal.ui.manageyards.view.New","viewId":"application-manageyards-display-component---NewYard","i18NText":{"propertyName":"text","key":"save"},"interaction":{"idSuffix":"BDI-content"}},"wdio_ui5_key":"etmportal.ui.manageyards.view.Newsap.m.Button{\"propertyName\":\"text\",\"key\":\"save\"}"}]}
RESULT: {"script":"<script> [1562 bytes]","args":[{"selector":{"controlType":"sap.m.Button","viewName":"etm.portal.ui.manageyards.view.New","viewId":"application-manageyards-display-component---NewYard","i18NText":{"propertyName":"text","key":"save"},"interaction":{"idSuffix":"BDI-content"}},"wdio_ui5_key":"etmportal.ui.manageyards.view.Newsap.m.Button{\"propertyName\":\"text\",\"key\":\"save\"}"}]}
RESULT: undefined
COMMAND: POST /session/668384e1c1f73f3d5461b9d538daca42/element - {"using":"xpath","value":"//*[@id=\"__button18\"]"}
RESULT: {"using":"xpath","value":"//*[@id=\"__button18\"]"}
COMMAND: POST /session/668384e1c1f73f3d5461b9d538daca42/element/f.F64AD31729AEE402AD374BC91D68D115.d.FF3B6F5C75AFA0DFF4B6BF6949D321C0.e.10048/click - {}
RESULT: {}
COMMAND: GET /session/668384e1c1f73f3d5461b9d538daca42/screenshot - {}
COMMAND: POST /session/668384e1c1f73f3d5461b9d538daca42/execute/async - {"script":"<script> [1562 bytes]","args":[{"selector":{"controlType":"sap.m.Text","viewName":"etm.portal.ui.manageyards.view.Detail","viewId":"application-manageyards-display-component---detailYard","bindingPath":{"propertyPath":"ID","modelName":"catalogModel"}},"wdio_ui5_key":"etmportal.ui.manageyards.view.Detailsap.m.Text{\"propertyPath\":\"ID\",\"modelName\":\"catalogModel\"}"}]}
RESULT: {}
RESULT: {"script":"<script> [1562 bytes]","args":[{"selector":{"controlType":"sap.m.Text","viewName":"etm.portal.ui.manageyards.view.Detail","viewId":"application-manageyards-display-component---detailYard","bindingPath":{"propertyPath":"ID","modelName":"catalogModel"}},"wdio_ui5_key":"etmportal.ui.manageyards.view.Detailsap.m.Text{\"propertyPath\":\"ID\",\"modelName\":\"catalogModel\"}"}]}
RESULT: undefined
COMMAND: POST /session/668384e1c1f73f3d5461b9d538daca42/execute/async - {"script":"<script> [6424 bytes]","args":[{"element-6066-11e4-a52e-4f735466cecf":"f.F64AD31729AEE402AD374BC91D68D115.d.FF3B6F5C75AFA0DFF4B6BF6949D321C0.e.10294"},"getText",[]]}
RESULT: {"script":"<script> [6424 bytes]","args":[{"element-6066-11e4-a52e-4f735466cecf":"f.F64AD31729AEE402AD374BC91D68D115.d.FF3B6F5C75AFA0DFF4B6BF6949D321C0.e.10294"},"getText",[]]}
COMMAND: POST /session/668384e1c1f73f3d5461b9d538daca42/element - {"using":"css selector","value":"#shell-header-logo"}
RESULT: {"using":"css selector","value":"#shell-header-logo"}
COMMAND: POST /session/668384e1c1f73f3d5461b9d538daca42/element/f.F64AD31729AEE402AD374BC91D68D115.d.FF3B6F5C75AFA0DFF4B6BF6949D321C0.e.9595/click - {}
RESULT: {}
COMMAND: GET /session/668384e1c1f73f3d5461b9d538daca42/screenshot - {}
RESULT: {}
]]></system-out>
    </testcase>
    <testcase classname="chrome.135_0_7049_96.windows.Provide_to_Site_w/o_warehouse_management_w/_clarification_US116605" name="Should create WHM site" time="53.432">
      <system-out><![CDATA[
COMMAND: POST /session/668384e1c1f73f3d5461b9d538daca42/execute/async - {"script":"<script> [1562 bytes]","args":[{"selector":{"controlType":"sap.m.GenericTile","properties":{"header":"Manage Sites"}},"wdio_ui5_key":"sapm.GenericTile{\"header\":\"Manage Sites\"}"}]}
RESULT: {"script":"<script> [1562 bytes]","args":[{"selector":{"controlType":"sap.m.GenericTile","properties":{"header":"Manage Sites"}},"wdio_ui5_key":"sapm.GenericTile{\"header\":\"Manage Sites\"}"}]}
RESULT: undefined
COMMAND: POST /session/668384e1c1f73f3d5461b9d538daca42/element - {"using":"xpath","value":"//*[@id=\"__tile40\"]"}
RESULT: {"using":"xpath","value":"//*[@id=\"__tile40\"]"}
COMMAND: POST /session/668384e1c1f73f3d5461b9d538daca42/element/f.F64AD31729AEE402AD374BC91D68D115.d.FF3B6F5C75AFA0DFF4B6BF6949D321C0.e.10296/click - {}
RESULT: {}
COMMAND: GET /session/668384e1c1f73f3d5461b9d538daca42/screenshot - {}
COMMAND: POST /session/668384e1c1f73f3d5461b9d538daca42/execute/async - {"script":"<script> [1562 bytes]","args":[{"selector":{"controlType":"sap.ui.core.Icon","viewName":"etm.portal.ui.managesites.view.Master","viewId":"application-managesites-display-component---masterSite","properties":{"src":{"regex":{"source":"add"}}}},"wdio_ui5_key":"etmportal.ui.managesites.view.Mastersap.ui.core.Icon{\"src\":{\"regex\":{\"source\":\"add\"}}}"}]}
RESULT: {}
RESULT: {"script":"<script> [1562 bytes]","args":[{"selector":{"controlType":"sap.ui.core.Icon","viewName":"etm.portal.ui.managesites.view.Master","viewId":"application-managesites-display-component---masterSite","properties":{"src":{"regex":{"source":"add"}}}},"wdio_ui5_key":"etmportal.ui.managesites.view.Mastersap.ui.core.Icon{\"src\":{\"regex\":{\"source\":\"add\"}}}"}]}
RESULT: undefined
COMMAND: POST /session/668384e1c1f73f3d5461b9d538daca42/element - {"using":"xpath","value":"//*[@id=\"__button64-img\"]"}
RESULT: {"using":"xpath","value":"//*[@id=\"__button64-img\"]"}
COMMAND: POST /session/668384e1c1f73f3d5461b9d538daca42/element/f.F64AD31729AEE402AD374BC91D68D115.d.FF3B6F5C75AFA0DFF4B6BF6949D321C0.e.10336/click - {}
RESULT: {}
COMMAND: GET /session/668384e1c1f73f3d5461b9d538daca42/screenshot - {}
COMMAND: POST /session/668384e1c1f73f3d5461b9d538daca42/execute/async - {"script":"<script> [1562 bytes]","args":[{"selector":{"controlType":"sap.m.Button","viewName":"etm.portal.ui.managesites.view.NewSmartSite","viewId":"application-managesites-display-component---NewSite","properties":{"text":"General Information"},"interaction":{"idSuffix":"BDI-content"}},"wdio_ui5_key":"etmportal.ui.managesites.view.NewSmartSitesap.m.Button{\"text\":\"General Information\"}"}]}
RESULT: {}
RESULT: {"script":"<script> [1562 bytes]","args":[{"selector":{"controlType":"sap.m.Button","viewName":"etm.portal.ui.managesites.view.NewSmartSite","viewId":"application-managesites-display-component---NewSite","properties":{"text":"General Information"},"interaction":{"idSuffix":"BDI-content"}},"wdio_ui5_key":"etmportal.ui.managesites.view.NewSmartSitesap.m.Button{\"text\":\"General Information\"}"}]}
RESULT: undefined
COMMAND: POST /session/668384e1c1f73f3d5461b9d538daca42/element - {"using":"xpath","value":"//*[@id=\"application-managesites-display-component---NewSite--ObjectPageLayout-anchBar-__section31-anchor\"]"}
RESULT: {"using":"xpath","value":"//*[@id=\"application-managesites-display-component---NewSite--ObjectPageLayout-anchBar-__section31-anchor\"]"}
COMMAND: POST /session/668384e1c1f73f3d5461b9d538daca42/element/f.F64AD31729AEE402AD374BC91D68D115.d.FF3B6F5C75AFA0DFF4B6BF6949D321C0.e.10719/click - {}
RESULT: {}
COMMAND: POST /session/668384e1c1f73f3d5461b9d538daca42/execute/async - {"script":"<script> [1562 bytes]","args":[{"selector":{"id":"application-managesites-display-component---NewSite--addressDetailDetailsName1","interaction":{"idSuffix":"inner"}},"wdio_ui5_key":"applicationmanagesites-display-component---NewSite--addressDetailDetailsName1"}]}
COMMAND: GET /session/668384e1c1f73f3d5461b9d538daca42/screenshot - {}
RESULT: {"script":"<script> [1562 bytes]","args":[{"selector":{"id":"application-managesites-display-component---NewSite--addressDetailDetailsName1","interaction":{"idSuffix":"inner"}},"wdio_ui5_key":"applicationmanagesites-display-component---NewSite--addressDetailDetailsName1"}]}
RESULT: undefined
COMMAND: POST /session/668384e1c1f73f3d5461b9d538daca42/execute/async - {"script":"<script> [776 bytes]","args":[{"enterText":"WDI5 WHM Site","selector":{"id":"application-managesites-display-component---NewSite--addressDetailDetailsName1","interaction":{"idSuffix":"inner"}},"clearTextFirst":true,"interactionType":"ENTER_TEXT"}]}
RESULT: {}
RESULT: {"script":"<script> [776 bytes]","args":[{"enterText":"WDI5 WHM Site","selector":{"id":"application-managesites-display-component---NewSite--addressDetailDetailsName1","interaction":{"idSuffix":"inner"}},"clearTextFirst":true,"interactionType":"ENTER_TEXT"}]}
COMMAND: POST /session/668384e1c1f73f3d5461b9d538daca42/execute/async - {"script":"<script> [1562 bytes]","args":[{"selector":{"id":"application-managesites-display-component---NewSite--addressDetailDetailsLanguage","interaction":{"idSuffix":"inner"}},"wdio_ui5_key":"applicationmanagesites-display-component---NewSite--addressDetailDetailsLanguage"}]}
RESULT: {"script":"<script> [1562 bytes]","args":[{"selector":{"id":"application-managesites-display-component---NewSite--addressDetailDetailsLanguage","interaction":{"idSuffix":"inner"}},"wdio_ui5_key":"applicationmanagesites-display-component---NewSite--addressDetailDetailsLanguage"}]}
RESULT: undefined
COMMAND: POST /session/668384e1c1f73f3d5461b9d538daca42/execute/async - {"script":"<script> [776 bytes]","args":[{"enterText":"Romanian","selector":{"id":"application-managesites-display-component---NewSite--addressDetailDetailsLanguage","interaction":{"idSuffix":"inner"}},"clearTextFirst":true,"interactionType":"ENTER_TEXT"}]}
RESULT: {"script":"<script> [776 bytes]","args":[{"enterText":"Romanian","selector":{"id":"application-managesites-display-component---NewSite--addressDetailDetailsLanguage","interaction":{"idSuffix":"inner"}},"clearTextFirst":true,"interactionType":"ENTER_TEXT"}]}
COMMAND: POST /session/668384e1c1f73f3d5461b9d538daca42/execute/async - {"script":"<script> [1562 bytes]","args":[{"selector":{"id":"application-managesites-display-component---NewSite--addressDetailDetailsCity1","interaction":{"idSuffix":"inner"}},"wdio_ui5_key":"applicationmanagesites-display-component---NewSite--addressDetailDetailsCity1"}]}
RESULT: {"script":"<script> [1562 bytes]","args":[{"selector":{"id":"application-managesites-display-component---NewSite--addressDetailDetailsCity1","interaction":{"idSuffix":"inner"}},"wdio_ui5_key":"applicationmanagesites-display-component---NewSite--addressDetailDetailsCity1"}]}
RESULT: undefined
COMMAND: POST /session/668384e1c1f73f3d5461b9d538daca42/execute/async - {"script":"<script> [776 bytes]","args":[{"enterText":"Bucharest","selector":{"id":"application-managesites-display-component---NewSite--addressDetailDetailsCity1","interaction":{"idSuffix":"inner"}},"clearTextFirst":true,"interactionType":"ENTER_TEXT"}]}
RESULT: {"script":"<script> [776 bytes]","args":[{"enterText":"Bucharest","selector":{"id":"application-managesites-display-component---NewSite--addressDetailDetailsCity1","interaction":{"idSuffix":"inner"}},"clearTextFirst":true,"interactionType":"ENTER_TEXT"}]}
COMMAND: POST /session/668384e1c1f73f3d5461b9d538daca42/execute/async - {"script":"<script> [1562 bytes]","args":[{"selector":{"id":"application-managesites-display-component---NewSite--addressDetailDetailsCountry","interaction":{"idSuffix":"inner"}},"wdio_ui5_key":"applicationmanagesites-display-component---NewSite--addressDetailDetailsCountry"}]}
RESULT: {"script":"<script> [1562 bytes]","args":[{"selector":{"id":"application-managesites-display-component---NewSite--addressDetailDetailsCountry","interaction":{"idSuffix":"inner"}},"wdio_ui5_key":"applicationmanagesites-display-component---NewSite--addressDetailDetailsCountry"}]}
RESULT: undefined
COMMAND: POST /session/668384e1c1f73f3d5461b9d538daca42/execute/async - {"script":"<script> [6424 bytes]","args":[{"element-6066-11e4-a52e-4f735466cecf":"f.F64AD31729AEE402AD374BC91D68D115.d.FF3B6F5C75AFA0DFF4B6BF6949D321C0.e.10516"},"setValue",["Romania"]]}
RESULT: {"script":"<script> [6424 bytes]","args":[{"element-6066-11e4-a52e-4f735466cecf":"f.F64AD31729AEE402AD374BC91D68D115.d.FF3B6F5C75AFA0DFF4B6BF6949D321C0.e.10516"},"setValue",["Romania"]]}
COMMAND: POST /session/668384e1c1f73f3d5461b9d538daca42/execute/async - {"script":"<script> [1562 bytes]","args":[{"selector":{"id":"application-managesites-display-component---NewSite--addressDetailDetailsCalendar","interaction":{"idSuffix":"inner"}},"wdio_ui5_key":"applicationmanagesites-display-component---NewSite--addressDetailDetailsCalendar"}]}
RESULT: {"script":"<script> [1562 bytes]","args":[{"selector":{"id":"application-managesites-display-component---NewSite--addressDetailDetailsCalendar","interaction":{"idSuffix":"inner"}},"wdio_ui5_key":"applicationmanagesites-display-component---NewSite--addressDetailDetailsCalendar"}]}
RESULT: undefined
COMMAND: POST /session/668384e1c1f73f3d5461b9d538daca42/execute/async - {"script":"<script> [776 bytes]","args":[{"enterText":"8 - Germany (Standard)","selector":{"id":"application-managesites-display-component---NewSite--addressDetailDetailsCalendar","interaction":{"idSuffix":"inner"}},"clearTextFirst":true,"interactionType":"ENTER_TEXT"}]}
RESULT: {"script":"<script> [776 bytes]","args":[{"enterText":"8 - Germany (Standard)","selector":{"id":"application-managesites-display-component---NewSite--addressDetailDetailsCalendar","interaction":{"idSuffix":"inner"}},"clearTextFirst":true,"interactionType":"ENTER_TEXT"}]}
COMMAND: POST /session/668384e1c1f73f3d5461b9d538daca42/element - {"using":"xpath","value":"//input[@id=\"application-managesites-display-component---NewSite--addressDetailDetailsYard-inner\"]"}
RESULT: {"using":"xpath","value":"//input[@id=\"application-managesites-display-component---NewSite--addressDetailDetailsYard-inner\"]"}
COMMAND: POST /session/668384e1c1f73f3d5461b9d538daca42/element/f.F64AD31729AEE402AD374BC91D68D115.d.FF3B6F5C75AFA0DFF4B6BF6949D321C0.e.10527/clear - {}
RESULT: {}
COMMAND: POST /session/668384e1c1f73f3d5461b9d538daca42/element/f.F64AD31729AEE402AD374BC91D68D115.d.FF3B6F5C75AFA0DFF4B6BF6949D321C0.e.10527/value - {"text":"293"}
COMMAND: GET /session/668384e1c1f73f3d5461b9d538daca42/screenshot - {}
RESULT: {"text":"293"}
COMMAND: GET /session/668384e1c1f73f3d5461b9d538daca42/screenshot - {}
RESULT: {}
RESULT: {}
COMMAND: POST /session/668384e1c1f73f3d5461b9d538daca42/execute/async - {"script":"<script> [1562 bytes]","args":[{"selector":{"controlType":"sap.m.Button","viewName":"etm.portal.ui.managesites.view.NewSmartSite","viewId":"application-managesites-display-component---NewSite","properties":{"text":"Commercial"},"interaction":{"idSuffix":"BDI-content"}},"wdio_ui5_key":"etmportal.ui.managesites.view.NewSmartSitesap.m.Button{\"text\":\"Commercial\"}"}]}
RESULT: {"script":"<script> [1562 bytes]","args":[{"selector":{"controlType":"sap.m.Button","viewName":"etm.portal.ui.managesites.view.NewSmartSite","viewId":"application-managesites-display-component---NewSite","properties":{"text":"Commercial"},"interaction":{"idSuffix":"BDI-content"}},"wdio_ui5_key":"etmportal.ui.managesites.view.NewSmartSitesap.m.Button{\"text\":\"Commercial\"}"}]}
RESULT: undefined
COMMAND: POST /session/668384e1c1f73f3d5461b9d538daca42/element - {"using":"xpath","value":"//*[@id=\"application-managesites-display-component---NewSite--ObjectPageLayout-anchBar-__section33-anchor\"]"}
RESULT: {"using":"xpath","value":"//*[@id=\"application-managesites-display-component---NewSite--ObjectPageLayout-anchBar-__section33-anchor\"]"}
COMMAND: POST /session/668384e1c1f73f3d5461b9d538daca42/element/f.F64AD31729AEE402AD374BC91D68D115.d.FF3B6F5C75AFA0DFF4B6BF6949D321C0.e.10728/click - {}
RESULT: {}
COMMAND: POST /session/668384e1c1f73f3d5461b9d538daca42/execute/async - {"script":"<script> [1562 bytes]","args":[{"selector":{"controlType":"sap.m.Button","viewName":"etm.portal.ui.managesites.view.NewSmartSite","viewId":"application-managesites-display-component---NewSite","i18NText":{"propertyName":"text","key":"save"},"interaction":{"idSuffix":"BDI-content"}},"wdio_ui5_key":"etmportal.ui.managesites.view.NewSmartSitesap.m.Button{\"propertyName\":\"text\",\"key\":\"save\"}"}]}
COMMAND: GET /session/668384e1c1f73f3d5461b9d538daca42/screenshot - {}
RESULT: {"script":"<script> [1562 bytes]","args":[{"selector":{"controlType":"sap.m.Button","viewName":"etm.portal.ui.managesites.view.NewSmartSite","viewId":"application-managesites-display-component---NewSite","i18NText":{"propertyName":"text","key":"save"},"interaction":{"idSuffix":"BDI-content"}},"wdio_ui5_key":"etmportal.ui.managesites.view.NewSmartSitesap.m.Button{\"propertyName\":\"text\",\"key\":\"save\"}"}]}
RESULT: undefined
COMMAND: POST /session/668384e1c1f73f3d5461b9d538daca42/element - {"using":"xpath","value":"//*[@id=\"__button76\"]"}
RESULT: {}
RESULT: {"using":"xpath","value":"//*[@id=\"__button76\"]"}
COMMAND: POST /session/668384e1c1f73f3d5461b9d538daca42/element/f.F64AD31729AEE402AD374BC91D68D115.d.FF3B6F5C75AFA0DFF4B6BF6949D321C0.e.10699/click - {}
RESULT: {}
COMMAND: GET /session/668384e1c1f73f3d5461b9d538daca42/screenshot - {}
RESULT: {}
COMMAND: POST /session/668384e1c1f73f3d5461b9d538daca42/execute/async - {"script":"<script> [1562 bytes]","args":[{"selector":{"controlType":"sap.m.Text","viewName":"etm.portal.ui.managesites.view.Detail","viewId":"application-managesites-display-component---detailSite","bindingPath":{"propertyPath":"ID","modelName":"catalogModel"}},"wdio_ui5_key":"etmportal.ui.managesites.view.Detailsap.m.Text{\"propertyPath\":\"ID\",\"modelName\":\"catalogModel\"}"}]}
RESULT: {"script":"<script> [1562 bytes]","args":[{"selector":{"controlType":"sap.m.Text","viewName":"etm.portal.ui.managesites.view.Detail","viewId":"application-managesites-display-component---detailSite","bindingPath":{"propertyPath":"ID","modelName":"catalogModel"}},"wdio_ui5_key":"etmportal.ui.managesites.view.Detailsap.m.Text{\"propertyPath\":\"ID\",\"modelName\":\"catalogModel\"}"}]}
RESULT: undefined
COMMAND: POST /session/668384e1c1f73f3d5461b9d538daca42/execute/async - {"script":"<script> [6424 bytes]","args":[{"element-6066-11e4-a52e-4f735466cecf":"f.F64AD31729AEE402AD374BC91D68D115.d.FF3B6F5C75AFA0DFF4B6BF6949D321C0.e.10928"},"getText",[]]}
RESULT: {"script":"<script> [6424 bytes]","args":[{"element-6066-11e4-a52e-4f735466cecf":"f.F64AD31729AEE402AD374BC91D68D115.d.FF3B6F5C75AFA0DFF4B6BF6949D321C0.e.10928"},"getText",[]]}
COMMAND: POST /session/668384e1c1f73f3d5461b9d538daca42/execute/async - {"script":"<script> [1562 bytes]","args":[{"selector":{"controlType":"sap.m.Label","viewName":"etm.portal.ui.managesites.view.Detail","viewId":"application-managesites-display-component---detailSite","i18NText":{"propertyName":"text","key":"status"}},"wdio_ui5_key":"etmportal.ui.managesites.view.Detailsap.m.Label{\"propertyName\":\"text\",\"key\":\"status\"}"}]}
RESULT: {"script":"<script> [1562 bytes]","args":[{"selector":{"controlType":"sap.m.Label","viewName":"etm.portal.ui.managesites.view.Detail","viewId":"application-managesites-display-component---detailSite","i18NText":{"propertyName":"text","key":"status"}},"wdio_ui5_key":"etmportal.ui.managesites.view.Detailsap.m.Label{\"propertyName\":\"text\",\"key\":\"status\"}"}]}
RESULT: undefined
COMMAND: POST /session/668384e1c1f73f3d5461b9d538daca42/execute/async - {"script":"<script> [6424 bytes]","args":[{"element-6066-11e4-a52e-4f735466cecf":"f.F64AD31729AEE402AD374BC91D68D115.d.FF3B6F5C75AFA0DFF4B6BF6949D321C0.e.10917"},"getText",[]]}
RESULT: {"script":"<script> [6424 bytes]","args":[{"element-6066-11e4-a52e-4f735466cecf":"f.F64AD31729AEE402AD374BC91D68D115.d.FF3B6F5C75AFA0DFF4B6BF6949D321C0.e.10917"},"getText",[]]}
RESULT: undefined
COMMAND: POST /session/668384e1c1f73f3d5461b9d538daca42/element - {"using":"xpath","value":"//*[@id=\"shell-header\"]"}
RESULT: {"using":"xpath","value":"//*[@id=\"shell-header\"]"}
COMMAND: POST /session/668384e1c1f73f3d5461b9d538daca42/element/f.F64AD31729AEE402AD374BC91D68D115.d.FF3B6F5C75AFA0DFF4B6BF6949D321C0.e.10929/click - {}
RESULT: {}
COMMAND: POST /session/668384e1c1f73f3d5461b9d538daca42/element - {"using":"css selector","value":"#shell-header-logo"}
COMMAND: GET /session/668384e1c1f73f3d5461b9d538daca42/screenshot - {}
RESULT: {"using":"css selector","value":"#shell-header-logo"}
COMMAND: POST /session/668384e1c1f73f3d5461b9d538daca42/element/f.F64AD31729AEE402AD374BC91D68D115.d.FF3B6F5C75AFA0DFF4B6BF6949D321C0.e.10300/click - {}
RESULT: {}
RESULT: {}
]]></system-out>
    </testcase>
    <testcase classname="chrome.135_0_7049_96.windows.Provide_to_Site_w/o_warehouse_management_w/_clarification_US116605" name="Should create WHM Partner" time="59.16">
      <system-out><![CDATA[
COMMAND: POST /session/668384e1c1f73f3d5461b9d538daca42/execute/async - {"script":"<script> [1562 bytes]","args":[{"selector":{"controlType":"sap.m.GenericTile","properties":{"header":"Manage Partners"}},"wdio_ui5_key":"sapm.GenericTile{\"header\":\"Manage Partners\"}"}]}
COMMAND: GET /session/668384e1c1f73f3d5461b9d538daca42/screenshot - {}
RESULT: {"script":"<script> [1562 bytes]","args":[{"selector":{"controlType":"sap.m.GenericTile","properties":{"header":"Manage Partners"}},"wdio_ui5_key":"sapm.GenericTile{\"header\":\"Manage Partners\"}"}]}
RESULT: undefined
COMMAND: POST /session/668384e1c1f73f3d5461b9d538daca42/element - {"using":"xpath","value":"//*[@id=\"__tile38\"]"}
RESULT: {}
RESULT: {"using":"xpath","value":"//*[@id=\"__tile38\"]"}
COMMAND: POST /session/668384e1c1f73f3d5461b9d538daca42/element/f.F64AD31729AEE402AD374BC91D68D115.d.FF3B6F5C75AFA0DFF4B6BF6949D321C0.e.10935/click - {}
RESULT: {}
COMMAND: GET /session/668384e1c1f73f3d5461b9d538daca42/screenshot - {}
COMMAND: POST /session/668384e1c1f73f3d5461b9d538daca42/element - {"using":"xpath","value":"//button[(@data-kt = 'addButton')]"}
RESULT: {}
RESULT: {"using":"xpath","value":"//button[(@data-kt = 'addButton')]"}
COMMAND: POST /session/668384e1c1f73f3d5461b9d538daca42/element/f.F64AD31729AEE402AD374BC91D68D115.d.FF3B6F5C75AFA0DFF4B6BF6949D321C0.e.10984/click - {}
RESULT: {}
COMMAND: POST /session/668384e1c1f73f3d5461b9d538daca42/execute/async - {"script":"<script> [1562 bytes]","args":[{"selector":{"id":"application-managepartners-display-component---NewPartner--addressDetailDetailsName1","interaction":{"idSuffix":"inner"}},"wdio_ui5_key":"applicationmanagepartners-display-component---NewPartner--addressDetailDetailsName1"}]}
COMMAND: GET /session/668384e1c1f73f3d5461b9d538daca42/screenshot - {}
RESULT: {"script":"<script> [1562 bytes]","args":[{"selector":{"id":"application-managepartners-display-component---NewPartner--addressDetailDetailsName1","interaction":{"idSuffix":"inner"}},"wdio_ui5_key":"applicationmanagepartners-display-component---NewPartner--addressDetailDetailsName1"}]}
RESULT: undefined
COMMAND: POST /session/668384e1c1f73f3d5461b9d538daca42/execute/async - {"script":"<script> [776 bytes]","args":[{"enterText":"WDI5-Partners","selector":{"id":"application-managepartners-display-component---NewPartner--addressDetailDetailsName1","interaction":{"idSuffix":"inner"}},"clearTextFirst":true,"interactionType":"ENTER_TEXT"}]}
RESULT: {}
RESULT: {"script":"<script> [776 bytes]","args":[{"enterText":"WDI5-Partners","selector":{"id":"application-managepartners-display-component---NewPartner--addressDetailDetailsName1","interaction":{"idSuffix":"inner"}},"clearTextFirst":true,"interactionType":"ENTER_TEXT"}]}
COMMAND: POST /session/668384e1c1f73f3d5461b9d538daca42/execute/async - {"script":"<script> [1562 bytes]","args":[{"selector":{"id":"application-managepartners-display-component---NewPartner--addressDetailDetailsLanguage-arrow"},"wdio_ui5_key":"applicationmanagepartners-display-component---NewPartner--addressDetailDetailsLanguage-arrow"}]}
RESULT: {"script":"<script> [1562 bytes]","args":[{"selector":{"id":"application-managepartners-display-component---NewPartner--addressDetailDetailsLanguage-arrow"},"wdio_ui5_key":"applicationmanagepartners-display-component---NewPartner--addressDetailDetailsLanguage-arrow"}]}
RESULT: undefined
COMMAND: POST /session/668384e1c1f73f3d5461b9d538daca42/element - {"using":"xpath","value":"//*[@id=\"application-managepartners-display-component---NewPartner--addressDetailDetailsLanguage-arrow\"]"}
RESULT: {"using":"xpath","value":"//*[@id=\"application-managepartners-display-component---NewPartner--addressDetailDetailsLanguage-arrow\"]"}
COMMAND: POST /session/668384e1c1f73f3d5461b9d538daca42/element/f.F64AD31729AEE402AD374BC91D68D115.d.FF3B6F5C75AFA0DFF4B6BF6949D321C0.e.11398/click - {}
RESULT: {}
COMMAND: POST /session/668384e1c1f73f3d5461b9d538daca42/execute/async - {"script":"<script> [1562 bytes]","args":[{"selector":{"controlType":"sap.m.StandardListItem","viewName":"etm.portal.ui.managepartners.view.NewPartner","viewId":"application-managepartners-display-component---NewPartner","properties":{"title":"English"},"searchOpenDialogs":true,"interaction":{"idSuffix":"content"}},"wdio_ui5_key":"etmportal.ui.managepartners.view.NewPartnersap.m.StandardListItem{\"title\":\"English\"}"}]}
COMMAND: GET /session/668384e1c1f73f3d5461b9d538daca42/screenshot - {}
RESULT: {"script":"<script> [1562 bytes]","args":[{"selector":{"controlType":"sap.m.StandardListItem","viewName":"etm.portal.ui.managepartners.view.NewPartner","viewId":"application-managepartners-display-component---NewPartner","properties":{"title":"English"},"searchOpenDialogs":true,"interaction":{"idSuffix":"content"}},"wdio_ui5_key":"etmportal.ui.managepartners.view.NewPartnersap.m.StandardListItem{\"title\":\"English\"}"}]}
RESULT: undefined
COMMAND: POST /session/668384e1c1f73f3d5461b9d538daca42/element - {"using":"xpath","value":"//*[@id=\"__item907\"]"}
RESULT: {}
RESULT: {"using":"xpath","value":"//*[@id=\"__item907\"]"}
COMMAND: POST /session/668384e1c1f73f3d5461b9d538daca42/element/f.F64AD31729AEE402AD374BC91D68D115.d.FF3B6F5C75AFA0DFF4B6BF6949D321C0.e.11400/click - {}
RESULT: {}
COMMAND: POST /session/668384e1c1f73f3d5461b9d538daca42/execute/async - {"script":"<script> [1562 bytes]","args":[{"selector":{"id":"application-managepartners-display-component---NewPartner--addressDetailDetailsCity1","interaction":{"idSuffix":"inner"}},"wdio_ui5_key":"applicationmanagepartners-display-component---NewPartner--addressDetailDetailsCity1"}]}
COMMAND: GET /session/668384e1c1f73f3d5461b9d538daca42/screenshot - {}
RESULT: {"script":"<script> [1562 bytes]","args":[{"selector":{"id":"application-managepartners-display-component---NewPartner--addressDetailDetailsCity1","interaction":{"idSuffix":"inner"}},"wdio_ui5_key":"applicationmanagepartners-display-component---NewPartner--addressDetailDetailsCity1"}]}
RESULT: undefined
COMMAND: POST /session/668384e1c1f73f3d5461b9d538daca42/execute/async - {"script":"<script> [776 bytes]","args":[{"enterText":"Bangalore","selector":{"id":"application-managepartners-display-component---NewPartner--addressDetailDetailsCity1","interaction":{"idSuffix":"inner"}},"clearTextFirst":true,"interactionType":"ENTER_TEXT"}]}
RESULT: {}
RESULT: {"script":"<script> [776 bytes]","args":[{"enterText":"Bangalore","selector":{"id":"application-managepartners-display-component---NewPartner--addressDetailDetailsCity1","interaction":{"idSuffix":"inner"}},"clearTextFirst":true,"interactionType":"ENTER_TEXT"}]}
COMMAND: POST /session/668384e1c1f73f3d5461b9d538daca42/execute/async - {"script":"<script> [1562 bytes]","args":[{"selector":{"id":"application-managepartners-display-component---NewPartner--addressDetailDetailsCountry-arrow"},"wdio_ui5_key":"applicationmanagepartners-display-component---NewPartner--addressDetailDetailsCountry-arrow"}]}
RESULT: {"script":"<script> [1562 bytes]","args":[{"selector":{"id":"application-managepartners-display-component---NewPartner--addressDetailDetailsCountry-arrow"},"wdio_ui5_key":"applicationmanagepartners-display-component---NewPartner--addressDetailDetailsCountry-arrow"}]}
RESULT: undefined
COMMAND: POST /session/668384e1c1f73f3d5461b9d538daca42/element - {"using":"xpath","value":"//*[@id=\"application-managepartners-display-component---NewPartner--addressDetailDetailsCountry-arrow\"]"}
RESULT: {"using":"xpath","value":"//*[@id=\"application-managepartners-display-component---NewPartner--addressDetailDetailsCountry-arrow\"]"}
COMMAND: POST /session/668384e1c1f73f3d5461b9d538daca42/element/f.F64AD31729AEE402AD374BC91D68D115.d.FF3B6F5C75AFA0DFF4B6BF6949D321C0.e.11402/click - {}
RESULT: {}
COMMAND: POST /session/668384e1c1f73f3d5461b9d538daca42/execute/async - {"script":"<script> [1562 bytes]","args":[{"selector":{"id":"application-managepartners-display-component---NewPartner--addressDetailDetailsCountry","interaction":{"idSuffix":"inner"}},"wdio_ui5_key":"applicationmanagepartners-display-component---NewPartner--addressDetailDetailsCountry"}]}
COMMAND: GET /session/668384e1c1f73f3d5461b9d538daca42/screenshot - {}
RESULT: {"script":"<script> [1562 bytes]","args":[{"selector":{"id":"application-managepartners-display-component---NewPartner--addressDetailDetailsCountry","interaction":{"idSuffix":"inner"}},"wdio_ui5_key":"applicationmanagepartners-display-component---NewPartner--addressDetailDetailsCountry"}]}
RESULT: undefined
COMMAND: POST /session/668384e1c1f73f3d5461b9d538daca42/execute/async - {"script":"<script> [776 bytes]","args":[{"enterText":"India","selector":{"id":"application-managepartners-display-component---NewPartner--addressDetailDetailsCountry","interaction":{"idSuffix":"inner"}},"clearTextFirst":true,"interactionType":"ENTER_TEXT"}]}
RESULT: {}
RESULT: {"script":"<script> [776 bytes]","args":[{"enterText":"India","selector":{"id":"application-managepartners-display-component---NewPartner--addressDetailDetailsCountry","interaction":{"idSuffix":"inner"}},"clearTextFirst":true,"interactionType":"ENTER_TEXT"}]}
COMMAND: POST /session/668384e1c1f73f3d5461b9d538daca42/execute/async - {"script":"<script> [1562 bytes]","args":[{"selector":{"controlType":"sap.m.StandardListItem","viewName":"etm.portal.ui.managepartners.view.NewPartner","viewId":"application-managepartners-display-component---NewPartner","properties":{"title":"India"},"searchOpenDialogs":true,"interaction":{"idSuffix":"content"}},"wdio_ui5_key":"etmportal.ui.managepartners.view.NewPartnersap.m.StandardListItem{\"title\":\"India\"}"}]}
RESULT: {"script":"<script> [1562 bytes]","args":[{"selector":{"controlType":"sap.m.StandardListItem","viewName":"etm.portal.ui.managepartners.view.NewPartner","viewId":"application-managepartners-display-component---NewPartner","properties":{"title":"India"},"searchOpenDialogs":true,"interaction":{"idSuffix":"content"}},"wdio_ui5_key":"etmportal.ui.managepartners.view.NewPartnersap.m.StandardListItem{\"title\":\"India\"}"}]}
RESULT: undefined
COMMAND: POST /session/668384e1c1f73f3d5461b9d538daca42/execute/async - {"script":"<script> [1562 bytes]","args":[{"selector":{"controlType":"sap.m.Button","viewName":"etm.portal.ui.managepartners.view.NewPartner","viewId":"application-managepartners-display-component---NewPartner","properties":{"text":"Commercial"},"interaction":{"idSuffix":"BDI-content"}},"wdio_ui5_key":"etmportal.ui.managepartners.view.NewPartnersap.m.Button{\"text\":\"Commercial\"}"}]}
RESULT: {"script":"<script> [1562 bytes]","args":[{"selector":{"controlType":"sap.m.Button","viewName":"etm.portal.ui.managepartners.view.NewPartner","viewId":"application-managepartners-display-component---NewPartner","properties":{"text":"Commercial"},"interaction":{"idSuffix":"BDI-content"}},"wdio_ui5_key":"etmportal.ui.managepartners.view.NewPartnersap.m.Button{\"text\":\"Commercial\"}"}]}
RESULT: undefined
COMMAND: POST /session/668384e1c1f73f3d5461b9d538daca42/element - {"using":"xpath","value":"//*[@id=\"application-managepartners-display-component---NewPartner--ObjectPageLayout-anchBar-__section57-anchor\"]"}
RESULT: {"using":"xpath","value":"//*[@id=\"application-managepartners-display-component---NewPartner--ObjectPageLayout-anchBar-__section57-anchor\"]"}
COMMAND: POST /session/668384e1c1f73f3d5461b9d538daca42/element/f.F64AD31729AEE402AD374BC91D68D115.d.FF3B6F5C75AFA0DFF4B6BF6949D321C0.e.11407/click - {}
RESULT: {}
COMMAND: POST /session/668384e1c1f73f3d5461b9d538daca42/execute/async - {"script":"<script> [1562 bytes]","args":[{"selector":{"id":"application-managepartners-display-component---NewPartner--partnerDetailInternal-arrow"},"wdio_ui5_key":"applicationmanagepartners-display-component---NewPartner--partnerDetailInternal-arrow"}]}
COMMAND: GET /session/668384e1c1f73f3d5461b9d538daca42/screenshot - {}
RESULT: {"script":"<script> [1562 bytes]","args":[{"selector":{"id":"application-managepartners-display-component---NewPartner--partnerDetailInternal-arrow"},"wdio_ui5_key":"applicationmanagepartners-display-component---NewPartner--partnerDetailInternal-arrow"}]}
RESULT: undefined
COMMAND: POST /session/668384e1c1f73f3d5461b9d538daca42/element - {"using":"xpath","value":"//*[@id=\"application-managepartners-display-component---NewPartner--partnerDetailInternal-arrow\"]"}
RESULT: {}
RESULT: {"using":"xpath","value":"//*[@id=\"application-managepartners-display-component---NewPartner--partnerDetailInternal-arrow\"]"}
COMMAND: POST /session/668384e1c1f73f3d5461b9d538daca42/element/f.F64AD31729AEE402AD374BC91D68D115.d.FF3B6F5C75AFA0DFF4B6BF6949D321C0.e.11412/click - {}
RESULT: {}
COMMAND: POST /session/668384e1c1f73f3d5461b9d538daca42/execute/async - {"script":"<script> [1562 bytes]","args":[{"selector":{"controlType":"sap.m.StandardListItem","viewName":"etm.portal.ui.managepartners.view.NewPartner","viewId":"application-managepartners-display-component---NewPartner","properties":{"title":"External partner"},"searchOpenDialogs":true,"interaction":{"idSuffix":"content"}},"wdio_ui5_key":"etmportal.ui.managepartners.view.NewPartnersap.m.StandardListItem{\"title\":\"External partner\"}"}]}
COMMAND: GET /session/668384e1c1f73f3d5461b9d538daca42/screenshot - {}
RESULT: {"script":"<script> [1562 bytes]","args":[{"selector":{"controlType":"sap.m.StandardListItem","viewName":"etm.portal.ui.managepartners.view.NewPartner","viewId":"application-managepartners-display-component---NewPartner","properties":{"title":"External partner"},"searchOpenDialogs":true,"interaction":{"idSuffix":"content"}},"wdio_ui5_key":"etmportal.ui.managepartners.view.NewPartnersap.m.StandardListItem{\"title\":\"External partner\"}"}]}
RESULT: undefined
COMMAND: POST /session/668384e1c1f73f3d5461b9d538daca42/element - {"using":"xpath","value":"//*[@id=\"__item1041\"]"}
RESULT: {}
RESULT: {"using":"xpath","value":"//*[@id=\"__item1041\"]"}
COMMAND: POST /session/668384e1c1f73f3d5461b9d538daca42/element/f.F64AD31729AEE402AD374BC91D68D115.d.FF3B6F5C75AFA0DFF4B6BF6949D321C0.e.11414/click - {}
RESULT: {}
COMMAND: POST /session/668384e1c1f73f3d5461b9d538daca42/execute/async - {"script":"<script> [1562 bytes]","args":[{"selector":{"id":"application-managepartners-display-component---NewPartner--partnerDetailsCurrency-arrow"},"wdio_ui5_key":"applicationmanagepartners-display-component---NewPartner--partnerDetailsCurrency-arrow"}]}
COMMAND: GET /session/668384e1c1f73f3d5461b9d538daca42/screenshot - {}
RESULT: {"script":"<script> [1562 bytes]","args":[{"selector":{"id":"application-managepartners-display-component---NewPartner--partnerDetailsCurrency-arrow"},"wdio_ui5_key":"applicationmanagepartners-display-component---NewPartner--partnerDetailsCurrency-arrow"}]}
RESULT: undefined
COMMAND: POST /session/668384e1c1f73f3d5461b9d538daca42/element - {"using":"xpath","value":"//*[@id=\"application-managepartners-display-component---NewPartner--partnerDetailsCurrency-arrow\"]"}
RESULT: {}
RESULT: {"using":"xpath","value":"//*[@id=\"application-managepartners-display-component---NewPartner--partnerDetailsCurrency-arrow\"]"}
COMMAND: POST /session/668384e1c1f73f3d5461b9d538daca42/element/f.F64AD31729AEE402AD374BC91D68D115.d.FF3B6F5C75AFA0DFF4B6BF6949D321C0.e.11419/click - {}
RESULT: {}
COMMAND: POST /session/668384e1c1f73f3d5461b9d538daca42/execute/async - {"script":"<script> [1562 bytes]","args":[{"selector":{"controlType":"sap.m.StandardListItem","viewName":"etm.portal.ui.managepartners.view.NewPartner","viewId":"application-managepartners-display-component---NewPartner","properties":{"title":"Euro"},"searchOpenDialogs":true,"interaction":{"idSuffix":"content"}},"wdio_ui5_key":"etmportal.ui.managepartners.view.NewPartnersap.m.StandardListItem{\"title\":\"Euro\"}"}]}
COMMAND: GET /session/668384e1c1f73f3d5461b9d538daca42/screenshot - {}
RESULT: {"script":"<script> [1562 bytes]","args":[{"selector":{"controlType":"sap.m.StandardListItem","viewName":"etm.portal.ui.managepartners.view.NewPartner","viewId":"application-managepartners-display-component---NewPartner","properties":{"title":"Euro"},"searchOpenDialogs":true,"interaction":{"idSuffix":"content"}},"wdio_ui5_key":"etmportal.ui.managepartners.view.NewPartnersap.m.StandardListItem{\"title\":\"Euro\"}"}]}
RESULT: undefined
COMMAND: POST /session/668384e1c1f73f3d5461b9d538daca42/element - {"using":"xpath","value":"//*[@id=\"__item1043\"]"}
RESULT: {}
RESULT: {"using":"xpath","value":"//*[@id=\"__item1043\"]"}
COMMAND: POST /session/668384e1c1f73f3d5461b9d538daca42/element/f.F64AD31729AEE402AD374BC91D68D115.d.FF3B6F5C75AFA0DFF4B6BF6949D321C0.e.11421/click - {}
RESULT: {}
COMMAND: POST /session/668384e1c1f73f3d5461b9d538daca42/execute/async - {"script":"<script> [1562 bytes]","args":[{"selector":{"controlType":"sap.m.Button","viewName":"etm.portal.ui.managepartners.view.NewPartner","viewId":"application-managepartners-display-component---NewPartner","properties":{"text":"Assignments"},"interaction":{"idSuffix":"BDI-content"}},"wdio_ui5_key":"etmportal.ui.managepartners.view.NewPartnersap.m.Button{\"text\":\"Assignments\"}"}]}
COMMAND: GET /session/668384e1c1f73f3d5461b9d538daca42/screenshot - {}
RESULT: {"script":"<script> [1562 bytes]","args":[{"selector":{"controlType":"sap.m.Button","viewName":"etm.portal.ui.managepartners.view.NewPartner","viewId":"application-managepartners-display-component---NewPartner","properties":{"text":"Assignments"},"interaction":{"idSuffix":"BDI-content"}},"wdio_ui5_key":"etmportal.ui.managepartners.view.NewPartnersap.m.Button{\"text\":\"Assignments\"}"}]}
RESULT: undefined
COMMAND: POST /session/668384e1c1f73f3d5461b9d538daca42/element - {"using":"xpath","value":"//*[@id=\"application-managepartners-display-component---NewPartner--ObjectPageLayout-anchBar-__section61-anchor\"]"}
RESULT: {}
RESULT: {"using":"xpath","value":"//*[@id=\"application-managepartners-display-component---NewPartner--ObjectPageLayout-anchBar-__section61-anchor\"]"}
COMMAND: POST /session/668384e1c1f73f3d5461b9d538daca42/element/f.F64AD31729AEE402AD374BC91D68D115.d.FF3B6F5C75AFA0DFF4B6BF6949D321C0.e.11423/click - {}
RESULT: {}
COMMAND: POST /session/668384e1c1f73f3d5461b9d538daca42/execute/async - {"script":"<script> [1562 bytes]","args":[{"selector":{"id":"application-managepartners-display-component---NewPartner--btnAddTableRow","interaction":{"idSuffix":"inner"}},"wdio_ui5_key":"applicationmanagepartners-display-component---NewPartner--btnAddTableRow"}]}
COMMAND: GET /session/668384e1c1f73f3d5461b9d538daca42/screenshot - {}
RESULT: {"script":"<script> [1562 bytes]","args":[{"selector":{"id":"application-managepartners-display-component---NewPartner--btnAddTableRow","interaction":{"idSuffix":"inner"}},"wdio_ui5_key":"applicationmanagepartners-display-component---NewPartner--btnAddTableRow"}]}
RESULT: undefined
COMMAND: POST /session/668384e1c1f73f3d5461b9d538daca42/element - {"using":"xpath","value":"//*[@id=\"application-managepartners-display-component---NewPartner--btnAddTableRow\"]"}
RESULT: {}
RESULT: {"using":"xpath","value":"//*[@id=\"application-managepartners-display-component---NewPartner--btnAddTableRow\"]"}
COMMAND: POST /session/668384e1c1f73f3d5461b9d538daca42/element/f.F64AD31729AEE402AD374BC91D68D115.d.FF3B6F5C75AFA0DFF4B6BF6949D321C0.e.11430/click - {}
RESULT: {}
COMMAND: POST /session/668384e1c1f73f3d5461b9d538daca42/element - {"using":"css selector","value":"#application-managepartners-display-component---NewPartner--assignmentYard-application-managepartners-display-component---NewPartner--assignmentsTable-0-inner"}
COMMAND: GET /session/668384e1c1f73f3d5461b9d538daca42/screenshot - {}
RESULT: {"using":"css selector","value":"#application-managepartners-display-component---NewPartner--assignmentYard-application-managepartners-display-component---NewPartner--assignmentsTable-0-inner"}
COMMAND: POST /session/668384e1c1f73f3d5461b9d538daca42/element/f.F64AD31729AEE402AD374BC91D68D115.d.FF3B6F5C75AFA0DFF4B6BF6949D321C0.e.11432/clear - {}
RESULT: {}
RESULT: {}
COMMAND: POST /session/668384e1c1f73f3d5461b9d538daca42/element/f.F64AD31729AEE402AD374BC91D68D115.d.FF3B6F5C75AFA0DFF4B6BF6949D321C0.e.11432/value - {"text":"293"}
COMMAND: GET /session/668384e1c1f73f3d5461b9d538daca42/screenshot - {}
RESULT: {"text":"293"}
COMMAND: POST /session/668384e1c1f73f3d5461b9d538daca42/execute/async - {"script":"<script> [1562 bytes]","args":[{"selector":{"id":"application-managepartners-display-component---NewPartner--assignmentYard-application-managepartners-display-component---NewPartner--assignmentsTable-0-arrow"},"wdio_ui5_key":"applicationmanagepartners-display-component---NewPartner--assignmentYard-application-managepartners-display-component---NewPartner--assignmentsTable-0-arrow"}]}
COMMAND: GET /session/668384e1c1f73f3d5461b9d538daca42/screenshot - {}
RESULT: {}
RESULT: {"script":"<script> [1562 bytes]","args":[{"selector":{"id":"application-managepartners-display-component---NewPartner--assignmentYard-application-managepartners-display-component---NewPartner--assignmentsTable-0-arrow"},"wdio_ui5_key":"applicationmanagepartners-display-component---NewPartner--assignmentYard-application-managepartners-display-component---NewPartner--assignmentsTable-0-arrow"}]}
RESULT: undefined
COMMAND: POST /session/668384e1c1f73f3d5461b9d538daca42/element - {"using":"xpath","value":"//*[@id=\"application-managepartners-display-component---NewPartner--assignmentYard-application-managepartners-display-component---NewPartner--assignmentsTable-0-arrow\"]"}
RESULT: {}
RESULT: {"using":"xpath","value":"//*[@id=\"application-managepartners-display-component---NewPartner--assignmentYard-application-managepartners-display-component---NewPartner--assignmentsTable-0-arrow\"]"}
COMMAND: POST /session/668384e1c1f73f3d5461b9d538daca42/element/f.F64AD31729AEE402AD374BC91D68D115.d.FF3B6F5C75AFA0DFF4B6BF6949D321C0.e.11440/click - {}
RESULT: {}
COMMAND: GET /session/668384e1c1f73f3d5461b9d538daca42/screenshot - {}
RESULT: {}
COMMAND: POST /session/668384e1c1f73f3d5461b9d538daca42/execute/async - {"script":"<script> [1562 bytes]","args":[{"selector":{"controlType":"sap.m.Button","viewName":"etm.portal.ui.managepartners.view.NewPartner","viewId":"application-managepartners-display-component---NewPartner","i18NText":{"propertyName":"text","key":"save"},"interaction":{"idSuffix":"BDI-content"}},"wdio_ui5_key":"etmportal.ui.managepartners.view.NewPartnersap.m.Button{\"propertyName\":\"text\",\"key\":\"save\"}"}]}
RESULT: {"script":"<script> [1562 bytes]","args":[{"selector":{"controlType":"sap.m.Button","viewName":"etm.portal.ui.managepartners.view.NewPartner","viewId":"application-managepartners-display-component---NewPartner","i18NText":{"propertyName":"text","key":"save"},"interaction":{"idSuffix":"BDI-content"}},"wdio_ui5_key":"etmportal.ui.managepartners.view.NewPartnersap.m.Button{\"propertyName\":\"text\",\"key\":\"save\"}"}]}
RESULT: undefined
COMMAND: POST /session/668384e1c1f73f3d5461b9d538daca42/element - {"using":"xpath","value":"//*[@id=\"__button127\"]"}
RESULT: {"using":"xpath","value":"//*[@id=\"__button127\"]"}
COMMAND: POST /session/668384e1c1f73f3d5461b9d538daca42/element/f.F64AD31729AEE402AD374BC91D68D115.d.FF3B6F5C75AFA0DFF4B6BF6949D321C0.e.11376/click - {}
RESULT: {}
COMMAND: GET /session/668384e1c1f73f3d5461b9d538daca42/screenshot - {}
RESULT: {}
COMMAND: POST /session/668384e1c1f73f3d5461b9d538daca42/execute/async - {"script":"<script> [1562 bytes]","args":[{"selector":{"controlType":"sap.m.Text","viewName":"etm.portal.ui.managepartners.view.Detail","viewId":"application-managepartners-display-component---detailPtm","bindingPath":{"propertyPath":"ID","modelName":"catalogModel"}},"wdio_ui5_key":"etmportal.ui.managepartners.view.Detailsap.m.Text{\"propertyPath\":\"ID\",\"modelName\":\"catalogModel\"}"}]}
RESULT: {"script":"<script> [1562 bytes]","args":[{"selector":{"controlType":"sap.m.Text","viewName":"etm.portal.ui.managepartners.view.Detail","viewId":"application-managepartners-display-component---detailPtm","bindingPath":{"propertyPath":"ID","modelName":"catalogModel"}},"wdio_ui5_key":"etmportal.ui.managepartners.view.Detailsap.m.Text{\"propertyPath\":\"ID\",\"modelName\":\"catalogModel\"}"}]}
RESULT: undefined
COMMAND: POST /session/668384e1c1f73f3d5461b9d538daca42/execute/async - {"script":"<script> [6424 bytes]","args":[{"element-6066-11e4-a52e-4f735466cecf":"f.F64AD31729AEE402AD374BC91D68D115.d.FF3B6F5C75AFA0DFF4B6BF6949D321C0.e.11601"},"getText",[]]}
RESULT: {"script":"<script> [6424 bytes]","args":[{"element-6066-11e4-a52e-4f735466cecf":"f.F64AD31729AEE402AD374BC91D68D115.d.FF3B6F5C75AFA0DFF4B6BF6949D321C0.e.11601"},"getText",[]]}
COMMAND: POST /session/668384e1c1f73f3d5461b9d538daca42/element - {"using":"css selector","value":"#shell-header-logo"}
RESULT: {"using":"css selector","value":"#shell-header-logo"}
COMMAND: POST /session/668384e1c1f73f3d5461b9d538daca42/element/f.F64AD31729AEE402AD374BC91D68D115.d.FF3B6F5C75AFA0DFF4B6BF6949D321C0.e.10937/click - {}
RESULT: {}
COMMAND: GET /session/668384e1c1f73f3d5461b9d538daca42/screenshot - {}
]]></system-out>
    </testcase>
    <testcase classname="chrome.135_0_7049_96.windows.Provide_to_Site_w/o_warehouse_management_w/_clarification_US116605" name="Should create a new WHM Material" time="87.012">
      <system-out><![CDATA[
COMMAND: POST /session/668384e1c1f73f3d5461b9d538daca42/execute/async - {"script":"<script> [1562 bytes]","args":[{"selector":{"controlType":"sap.m.GenericTile","properties":{"header":"Manage Resources"}},"wdio_ui5_key":"sapm.GenericTile{\"header\":\"Manage Resources\"}"}]}
RESULT: {"script":"<script> [1562 bytes]","args":[{"selector":{"controlType":"sap.m.GenericTile","properties":{"header":"Manage Resources"}},"wdio_ui5_key":"sapm.GenericTile{\"header\":\"Manage Resources\"}"}]}
RESULT: undefined
COMMAND: POST /session/668384e1c1f73f3d5461b9d538daca42/element - {"using":"xpath","value":"//*[@id=\"__tile39\"]"}
RESULT: {}
RESULT: {"using":"xpath","value":"//*[@id=\"__tile39\"]"}
COMMAND: POST /session/668384e1c1f73f3d5461b9d538daca42/element/f.F64AD31729AEE402AD374BC91D68D115.d.FF3B6F5C75AFA0DFF4B6BF6949D321C0.e.11603/click - {}
RESULT: {}
COMMAND: POST /session/668384e1c1f73f3d5461b9d538daca42/execute/async - {"script":"<script> [1562 bytes]","args":[{"selector":{"controlType":"sap.m.OverflowToolbarButton","viewName":"etm.portal.ui.manageresources.view.Master","viewId":"application-manageresources-display-component---masterRU","bindingPath":{"path":"","propertyPath":"/isLogbook","modelName":"minimumStockRPGModel"},"interaction":{"idSuffix":"inner"}},"wdio_ui5_key":"etmportal.ui.manageresources.view.Mastersap.m.OverflowToolbarButton{\"path\":\"\",\"propertyPath\":\"/isLogbook\",\"modelName\":\"minimumStockRPGModel\"}"}]}
COMMAND: GET /session/668384e1c1f73f3d5461b9d538daca42/screenshot - {}
RESULT: {"script":"<script> [1562 bytes]","args":[{"selector":{"controlType":"sap.m.OverflowToolbarButton","viewName":"etm.portal.ui.manageresources.view.Master","viewId":"application-manageresources-display-component---masterRU","bindingPath":{"path":"","propertyPath":"/isLogbook","modelName":"minimumStockRPGModel"},"interaction":{"idSuffix":"inner"}},"wdio_ui5_key":"etmportal.ui.manageresources.view.Mastersap.m.OverflowToolbarButton{\"path\":\"\",\"propertyPath\":\"/isLogbook\",\"modelName\":\"minimumStockRPGModel\"}"}]}
RESULT: undefined
COMMAND: POST /session/668384e1c1f73f3d5461b9d538daca42/element - {"using":"xpath","value":"//*[@id=\"__button168\"]"}
RESULT: {}
RESULT: {"using":"xpath","value":"//*[@id=\"__button168\"]"}
COMMAND: POST /session/668384e1c1f73f3d5461b9d538daca42/element/f.F64AD31729AEE402AD374BC91D68D115.d.FF3B6F5C75AFA0DFF4B6BF6949D321C0.e.11746/click - {}
RESULT: {}
COMMAND: GET /session/668384e1c1f73f3d5461b9d538daca42/screenshot - {}
COMMAND: POST /session/668384e1c1f73f3d5461b9d538daca42/execute/async - {"script":"<script> [1562 bytes]","args":[{"selector":{"id":"application-manageresources-display-component---newResourceUnit--TYPE-arrow"},"wdio_ui5_key":"applicationmanageresources-display-component---newResourceUnit--TYPE-arrow"}]}
RESULT: {}
RESULT: {"script":"<script> [1562 bytes]","args":[{"selector":{"id":"application-manageresources-display-component---newResourceUnit--TYPE-arrow"},"wdio_ui5_key":"applicationmanageresources-display-component---newResourceUnit--TYPE-arrow"}]}
RESULT: undefined
COMMAND: POST /session/668384e1c1f73f3d5461b9d538daca42/element - {"using":"xpath","value":"//*[@id=\"application-manageresources-display-component---newResourceUnit--TYPE-arrow\"]"}
RESULT: {"using":"xpath","value":"//*[@id=\"application-manageresources-display-component---newResourceUnit--TYPE-arrow\"]"}
COMMAND: POST /session/668384e1c1f73f3d5461b9d538daca42/element/f.F64AD31729AEE402AD374BC91D68D115.d.FF3B6F5C75AFA0DFF4B6BF6949D321C0.e.11962/click - {}
RESULT: {}
COMMAND: POST /session/668384e1c1f73f3d5461b9d538daca42/execute/async - {"script":"<script> [1562 bytes]","args":[{"selector":{"controlType":"sap.m.StandardListItem","viewName":"reusables.view.manageresources.NewResourceUnit","viewId":"application-manageresources-display-component---newResourceUnit","properties":{"title":"Material"},"searchOpenDialogs":true,"interaction":{"idSuffix":"content"}},"wdio_ui5_key":"reusablesview.manageresources.NewResourceUnitsap.m.StandardListItem{\"title\":\"Material\"}"}]}
COMMAND: GET /session/668384e1c1f73f3d5461b9d538daca42/screenshot - {}
RESULT: {"script":"<script> [1562 bytes]","args":[{"selector":{"controlType":"sap.m.StandardListItem","viewName":"reusables.view.manageresources.NewResourceUnit","viewId":"application-manageresources-display-component---newResourceUnit","properties":{"title":"Material"},"searchOpenDialogs":true,"interaction":{"idSuffix":"content"}},"wdio_ui5_key":"reusablesview.manageresources.NewResourceUnitsap.m.StandardListItem{\"title\":\"Material\"}"}]}
RESULT: undefined
COMMAND: POST /session/668384e1c1f73f3d5461b9d538daca42/element - {"using":"xpath","value":"//*[@id=\"__item1316\"]"}
RESULT: {}
RESULT: {"using":"xpath","value":"//*[@id=\"__item1316\"]"}
COMMAND: POST /session/668384e1c1f73f3d5461b9d538daca42/element/f.F64AD31729AEE402AD374BC91D68D115.d.FF3B6F5C75AFA0DFF4B6BF6949D321C0.e.11965/click - {}
RESULT: {}
COMMAND: POST /session/668384e1c1f73f3d5461b9d538daca42/execute/async - {"script":"<script> [1562 bytes]","args":[{"selector":{"id":"application-manageresources-display-component---newResourceUnit--resourceId","interaction":{"idSuffix":"inner"}},"wdio_ui5_key":"applicationmanageresources-display-component---newResourceUnit--resourceId"}]}
COMMAND: GET /session/668384e1c1f73f3d5461b9d538daca42/screenshot - {}
RESULT: {"script":"<script> [1562 bytes]","args":[{"selector":{"id":"application-manageresources-display-component---newResourceUnit--resourceId","interaction":{"idSuffix":"inner"}},"wdio_ui5_key":"applicationmanageresources-display-component---newResourceUnit--resourceId"}]}
RESULT: undefined
COMMAND: POST /session/668384e1c1f73f3d5461b9d538daca42/execute/async - {"script":"<script> [1562 bytes]","args":[{"selector":{"id":"application-manageresources-display-component---newResourceUnit--SHORT_TEXT","interaction":{"idSuffix":"inner"}},"wdio_ui5_key":"applicationmanageresources-display-component---newResourceUnit--SHORT_TEXT"}]}
RESULT: {}
RESULT: {"script":"<script> [1562 bytes]","args":[{"selector":{"id":"application-manageresources-display-component---newResourceUnit--SHORT_TEXT","interaction":{"idSuffix":"inner"}},"wdio_ui5_key":"applicationmanageresources-display-component---newResourceUnit--SHORT_TEXT"}]}
RESULT: undefined
COMMAND: POST /session/668384e1c1f73f3d5461b9d538daca42/execute/async - {"script":"<script> [776 bytes]","args":[{"enterText":"material WHM","selector":{"id":"application-manageresources-display-component---newResourceUnit--SHORT_TEXT","interaction":{"idSuffix":"inner"}},"clearTextFirst":true,"interactionType":"ENTER_TEXT"}]}
RESULT: {"script":"<script> [776 bytes]","args":[{"enterText":"material WHM","selector":{"id":"application-manageresources-display-component---newResourceUnit--SHORT_TEXT","interaction":{"idSuffix":"inner"}},"clearTextFirst":true,"interactionType":"ENTER_TEXT"}]}
COMMAND: POST /session/668384e1c1f73f3d5461b9d538daca42/execute/async - {"script":"<script> [1562 bytes]","args":[{"selector":{"id":"application-manageresources-display-component---newResourceUnit--BASE_UNIT_OF_MEASURE","interaction":{"idSuffix":"inner"}},"wdio_ui5_key":"applicationmanageresources-display-component---newResourceUnit--BASE_UNIT_OF_MEASURE"}]}
RESULT: {"script":"<script> [1562 bytes]","args":[{"selector":{"id":"application-manageresources-display-component---newResourceUnit--BASE_UNIT_OF_MEASURE","interaction":{"idSuffix":"inner"}},"wdio_ui5_key":"applicationmanageresources-display-component---newResourceUnit--BASE_UNIT_OF_MEASURE"}]}
RESULT: undefined
COMMAND: POST /session/668384e1c1f73f3d5461b9d538daca42/execute/async - {"script":"<script> [776 bytes]","args":[{"enterText":"Piece","selector":{"id":"application-manageresources-display-component---newResourceUnit--BASE_UNIT_OF_MEASURE","interaction":{"idSuffix":"inner"}},"clearTextFirst":true,"interactionType":"ENTER_TEXT"}]}
RESULT: {"script":"<script> [776 bytes]","args":[{"enterText":"Piece","selector":{"id":"application-manageresources-display-component---newResourceUnit--BASE_UNIT_OF_MEASURE","interaction":{"idSuffix":"inner"}},"clearTextFirst":true,"interactionType":"ENTER_TEXT"}]}
COMMAND: POST /session/668384e1c1f73f3d5461b9d538daca42/execute/async - {"script":"<script> [1562 bytes]","args":[{"selector":{"id":"application-manageresources-display-component---newResourceUnit--WEIGHT_UNIT","interaction":{"idSuffix":"inner"}},"wdio_ui5_key":"applicationmanageresources-display-component---newResourceUnit--WEIGHT_UNIT"}]}
RESULT: {"script":"<script> [1562 bytes]","args":[{"selector":{"id":"application-manageresources-display-component---newResourceUnit--WEIGHT_UNIT","interaction":{"idSuffix":"inner"}},"wdio_ui5_key":"applicationmanageresources-display-component---newResourceUnit--WEIGHT_UNIT"}]}
RESULT: undefined
COMMAND: POST /session/668384e1c1f73f3d5461b9d538daca42/execute/async - {"script":"<script> [776 bytes]","args":[{"enterText":"Gram","selector":{"id":"application-manageresources-display-component---newResourceUnit--WEIGHT_UNIT","interaction":{"idSuffix":"inner"}},"clearTextFirst":true,"interactionType":"ENTER_TEXT"}]}
RESULT: {"script":"<script> [776 bytes]","args":[{"enterText":"Gram","selector":{"id":"application-manageresources-display-component---newResourceUnit--WEIGHT_UNIT","interaction":{"idSuffix":"inner"}},"clearTextFirst":true,"interactionType":"ENTER_TEXT"}]}
COMMAND: POST /session/668384e1c1f73f3d5461b9d538daca42/execute/async - {"script":"<script> [1562 bytes]","args":[{"selector":{"id":"application-manageresources-display-component---newResourceUnit--DIMENSION_UNIT","interaction":{"idSuffix":"inner"}},"wdio_ui5_key":"applicationmanageresources-display-component---newResourceUnit--DIMENSION_UNIT"}]}
RESULT: {"script":"<script> [1562 bytes]","args":[{"selector":{"id":"application-manageresources-display-component---newResourceUnit--DIMENSION_UNIT","interaction":{"idSuffix":"inner"}},"wdio_ui5_key":"applicationmanageresources-display-component---newResourceUnit--DIMENSION_UNIT"}]}
RESULT: undefined
COMMAND: POST /session/668384e1c1f73f3d5461b9d538daca42/execute/async - {"script":"<script> [776 bytes]","args":[{"enterText":"Meter","selector":{"id":"application-manageresources-display-component---newResourceUnit--DIMENSION_UNIT","interaction":{"idSuffix":"inner"}},"clearTextFirst":true,"interactionType":"ENTER_TEXT"}]}
RESULT: {"script":"<script> [776 bytes]","args":[{"enterText":"Meter","selector":{"id":"application-manageresources-display-component---newResourceUnit--DIMENSION_UNIT","interaction":{"idSuffix":"inner"}},"clearTextFirst":true,"interactionType":"ENTER_TEXT"}]}
COMMAND: POST /session/668384e1c1f73f3d5461b9d538daca42/execute/async - {"script":"<script> [1562 bytes]","args":[{"selector":{"id":"application-manageresources-display-component---newResourceUnit--newRRUPage-anchBar-application-manageresources-display-component---newResourceUnit--control-anchor","interaction":{"idSuffix":"content"}},"wdio_ui5_key":"applicationmanageresources-display-component---newResourceUnit--newRRUPage-anchBar-application-manageresources-display-component---newResourceUnit--control-anchor"}]}
RESULT: {"script":"<script> [1562 bytes]","args":[{"selector":{"id":"application-manageresources-display-component---newResourceUnit--newRRUPage-anchBar-application-manageresources-display-component---newResourceUnit--control-anchor","interaction":{"idSuffix":"content"}},"wdio_ui5_key":"applicationmanageresources-display-component---newResourceUnit--newRRUPage-anchBar-application-manageresources-display-component---newResourceUnit--control-anchor"}]}
RESULT: undefined
COMMAND: POST /session/668384e1c1f73f3d5461b9d538daca42/element - {"using":"xpath","value":"//*[@id=\"application-manageresources-display-component---newResourceUnit--newRRUPage-anchBar-application-manageresources-display-component---newResourceUnit--control-anchor\"]"}
RESULT: {"using":"xpath","value":"//*[@id=\"application-manageresources-display-component---newResourceUnit--newRRUPage-anchBar-application-manageresources-display-component---newResourceUnit--control-anchor\"]"}
COMMAND: POST /session/668384e1c1f73f3d5461b9d538daca42/element/f.F64AD31729AEE402AD374BC91D68D115.d.FF3B6F5C75AFA0DFF4B6BF6949D321C0.e.12029/click - {}
RESULT: {}
COMMAND: POST /session/668384e1c1f73f3d5461b9d538daca42/execute/async - {"script":"<script> [1562 bytes]","args":[{"selector":{"id":"application-manageresources-display-component---newResourceUnit--PLANNING_GROUP","interaction":{"idSuffix":"inner"}},"wdio_ui5_key":"applicationmanageresources-display-component---newResourceUnit--PLANNING_GROUP"}]}
COMMAND: GET /session/668384e1c1f73f3d5461b9d538daca42/screenshot - {}
RESULT: {"script":"<script> [1562 bytes]","args":[{"selector":{"id":"application-manageresources-display-component---newResourceUnit--PLANNING_GROUP","interaction":{"idSuffix":"inner"}},"wdio_ui5_key":"applicationmanageresources-display-component---newResourceUnit--PLANNING_GROUP"}]}
RESULT: undefined
COMMAND: POST /session/668384e1c1f73f3d5461b9d538daca42/execute/async - {"script":"<script> [776 bytes]","args":[{"enterText":"Heavy Equi","selector":{"id":"application-manageresources-display-component---newResourceUnit--PLANNING_GROUP","interaction":{"idSuffix":"inner"}},"clearTextFirst":true,"interactionType":"ENTER_TEXT"}]}
RESULT: {}
RESULT: {"script":"<script> [776 bytes]","args":[{"enterText":"Heavy Equi","selector":{"id":"application-manageresources-display-component---newResourceUnit--PLANNING_GROUP","interaction":{"idSuffix":"inner"}},"clearTextFirst":true,"interactionType":"ENTER_TEXT"}]}
COMMAND: POST /session/668384e1c1f73f3d5461b9d538daca42/execute/async - {"script":"<script> [1562 bytes]","args":[{"selector":{"id":"application-manageresources-display-component---newResourceUnit--PLANNING_INDICATOR","interaction":{"idSuffix":"inner"}},"wdio_ui5_key":"applicationmanageresources-display-component---newResourceUnit--PLANNING_INDICATOR"}]}
RESULT: {"script":"<script> [1562 bytes]","args":[{"selector":{"id":"application-manageresources-display-component---newResourceUnit--PLANNING_INDICATOR","interaction":{"idSuffix":"inner"}},"wdio_ui5_key":"applicationmanageresources-display-component---newResourceUnit--PLANNING_INDICATOR"}]}
RESULT: undefined
COMMAND: POST /session/668384e1c1f73f3d5461b9d538daca42/execute/async - {"script":"<script> [776 bytes]","args":[{"enterText":"10 - infinite","selector":{"id":"application-manageresources-display-component---newResourceUnit--PLANNING_INDICATOR","interaction":{"idSuffix":"inner"}},"clearTextFirst":true,"interactionType":"ENTER_TEXT"}]}
RESULT: {"script":"<script> [776 bytes]","args":[{"enterText":"10 - infinite","selector":{"id":"application-manageresources-display-component---newResourceUnit--PLANNING_INDICATOR","interaction":{"idSuffix":"inner"}},"clearTextFirst":true,"interactionType":"ENTER_TEXT"}]}
COMMAND: POST /session/668384e1c1f73f3d5461b9d538daca42/actions - {"actions":[{"id":"action45","type":"key","parameters":{},"actions":[{"type":"keyDown","value":"î€‡"},{"type":"pause","duration":10},{"type":"keyUp","value":"î€‡"}]}]}
RESULT: {"actions":[{"id":"action45","type":"key","parameters":{},"actions":[{"type":"keyDown","value":"î€‡"},{"type":"pause","duration":10},{"type":"keyUp","value":"î€‡"}]}]}
COMMAND: POST /session/668384e1c1f73f3d5461b9d538daca42/execute/async - {"script":"<script> [1562 bytes]","args":[{"selector":{"id":"application-manageresources-display-component---newResourceUnit--ITEM_TYPE-arrow"},"wdio_ui5_key":"applicationmanageresources-display-component---newResourceUnit--ITEM_TYPE-arrow"}]}
COMMAND: GET /session/668384e1c1f73f3d5461b9d538daca42/screenshot - {}
RESULT: {"script":"<script> [1562 bytes]","args":[{"selector":{"id":"application-manageresources-display-component---newResourceUnit--ITEM_TYPE-arrow"},"wdio_ui5_key":"applicationmanageresources-display-component---newResourceUnit--ITEM_TYPE-arrow"}]}
RESULT: undefined
COMMAND: POST /session/668384e1c1f73f3d5461b9d538daca42/element - {"using":"xpath","value":"//*[@id=\"application-manageresources-display-component---newResourceUnit--ITEM_TYPE-arrow\"]"}
RESULT: {}
RESULT: {"using":"xpath","value":"//*[@id=\"application-manageresources-display-component---newResourceUnit--ITEM_TYPE-arrow\"]"}
COMMAND: POST /session/668384e1c1f73f3d5461b9d538daca42/element/f.F64AD31729AEE402AD374BC91D68D115.d.FF3B6F5C75AFA0DFF4B6BF6949D321C0.e.12039/click - {}
RESULT: {}
COMMAND: POST /session/668384e1c1f73f3d5461b9d538daca42/execute/async - {"script":"<script> [1562 bytes]","args":[{"selector":{"controlType":"sap.m.StandardListItem","viewName":"reusables.view.manageresources.NewResourceUnit","viewId":"application-manageresources-display-component---newResourceUnit","properties":{"title":"Resource Unit"},"searchOpenDialogs":true,"interaction":{"idSuffix":"titleText"}},"wdio_ui5_key":"reusablesview.manageresources.NewResourceUnitsap.m.StandardListItem{\"title\":\"Resource Unit\"}"}]}
COMMAND: GET /session/668384e1c1f73f3d5461b9d538daca42/screenshot - {}
RESULT: {"script":"<script> [1562 bytes]","args":[{"selector":{"controlType":"sap.m.StandardListItem","viewName":"reusables.view.manageresources.NewResourceUnit","viewId":"application-manageresources-display-component---newResourceUnit","properties":{"title":"Resource Unit"},"searchOpenDialogs":true,"interaction":{"idSuffix":"titleText"}},"wdio_ui5_key":"reusablesview.manageresources.NewResourceUnitsap.m.StandardListItem{\"title\":\"Resource Unit\"}"}]}
RESULT: undefined
RESULT: {}
COMMAND: POST /session/668384e1c1f73f3d5461b9d538daca42/execute/async - {"script":"<script> [1562 bytes]","args":[{"selector":{"controlType":"sap.m.Label","viewName":"reusables.view.manageresources.NewResourceUnit","viewId":"application-manageresources-display-component---newResourceUnit","i18NText":{"propertyName":"text","key":"planningGroup"},"interaction":{"idSuffix":"bdi"}},"wdio_ui5_key":"reusablesview.manageresources.NewResourceUnitsap.m.Label{\"propertyName\":\"text\",\"key\":\"planningGroup\"}"}]}
RESULT: {"script":"<script> [1562 bytes]","args":[{"selector":{"controlType":"sap.m.Label","viewName":"reusables.view.manageresources.NewResourceUnit","viewId":"application-manageresources-display-component---newResourceUnit","i18NText":{"propertyName":"text","key":"planningGroup"},"interaction":{"idSuffix":"bdi"}},"wdio_ui5_key":"reusablesview.manageresources.NewResourceUnitsap.m.Label{\"propertyName\":\"text\",\"key\":\"planningGroup\"}"}]}
RESULT: undefined
COMMAND: POST /session/668384e1c1f73f3d5461b9d538daca42/element - {"using":"xpath","value":"//*[@id=\"__label263\"]"}
RESULT: {"using":"xpath","value":"//*[@id=\"__label263\"]"}
COMMAND: POST /session/668384e1c1f73f3d5461b9d538daca42/element/f.F64AD31729AEE402AD374BC91D68D115.d.FF3B6F5C75AFA0DFF4B6BF6949D321C0.e.12041/click - {}
RESULT: {}
COMMAND: GET /session/668384e1c1f73f3d5461b9d538daca42/screenshot - {}
RESULT: {}
COMMAND: POST /session/668384e1c1f73f3d5461b9d538daca42/actions - {"actions":[{"type":"key","id":"keyboard","actions":[{"type":"keyDown","value":"î›"}]}]}
RESULT: {"actions":[{"type":"key","id":"keyboard","actions":[{"type":"keyDown","value":"î›"}]}]}
COMMAND: GET /session/668384e1c1f73f3d5461b9d538daca42/screenshot - {}
RESULT: {}
COMMAND: POST /session/668384e1c1f73f3d5461b9d538daca42/actions - {"actions":[{"type":"key","id":"keyboard","actions":[{"type":"keyDown","value":"î›"}]}]}
RESULT: {"actions":[{"type":"key","id":"keyboard","actions":[{"type":"keyDown","value":"î›"}]}]}
COMMAND: GET /session/668384e1c1f73f3d5461b9d538daca42/screenshot - {}
RESULT: {}
COMMAND: POST /session/668384e1c1f73f3d5461b9d538daca42/actions - {"actions":[{"type":"key","id":"keyboard","actions":[{"type":"keyDown","value":"î›"}]}]}
RESULT: {"actions":[{"type":"key","id":"keyboard","actions":[{"type":"keyDown","value":"î›"}]}]}
COMMAND: GET /session/668384e1c1f73f3d5461b9d538daca42/screenshot - {}
RESULT: {}
COMMAND: POST /session/668384e1c1f73f3d5461b9d538daca42/actions - {"actions":[{"type":"key","id":"keyboard","actions":[{"type":"keyDown","value":"î›"}]}]}
RESULT: {"actions":[{"type":"key","id":"keyboard","actions":[{"type":"keyDown","value":"î›"}]}]}
COMMAND: GET /session/668384e1c1f73f3d5461b9d538daca42/screenshot - {}
RESULT: {}
COMMAND: POST /session/668384e1c1f73f3d5461b9d538daca42/actions - {"actions":[{"type":"key","id":"keyboard","actions":[{"type":"keyDown","value":"î›"}]}]}
RESULT: {"actions":[{"type":"key","id":"keyboard","actions":[{"type":"keyDown","value":"î›"}]}]}
COMMAND: GET /session/668384e1c1f73f3d5461b9d538daca42/screenshot - {}
RESULT: {}
COMMAND: POST /session/668384e1c1f73f3d5461b9d538daca42/actions - {"actions":[{"type":"key","id":"keyboard","actions":[{"type":"keyDown","value":"î›"}]}]}
RESULT: {"actions":[{"type":"key","id":"keyboard","actions":[{"type":"keyDown","value":"î›"}]}]}
COMMAND: GET /session/668384e1c1f73f3d5461b9d538daca42/screenshot - {}
RESULT: {}
COMMAND: POST /session/668384e1c1f73f3d5461b9d538daca42/execute/async - {"script":"<script> [1562 bytes]","args":[{"selector":{"id":"application-manageresources-display-component---newResourceUnit--btnAddTimeSegment-img"},"wdio_ui5_key":"applicationmanageresources-display-component---newResourceUnit--btnAddTimeSegment-img"}]}
RESULT: {"script":"<script> [1562 bytes]","args":[{"selector":{"id":"application-manageresources-display-component---newResourceUnit--btnAddTimeSegment-img"},"wdio_ui5_key":"applicationmanageresources-display-component---newResourceUnit--btnAddTimeSegment-img"}]}
RESULT: undefined
COMMAND: POST /session/668384e1c1f73f3d5461b9d538daca42/element - {"using":"xpath","value":"//*[@id=\"application-manageresources-display-component---newResourceUnit--btnAddTimeSegment-img\"]"}
RESULT: {"using":"xpath","value":"//*[@id=\"application-manageresources-display-component---newResourceUnit--btnAddTimeSegment-img\"]"}
COMMAND: POST /session/668384e1c1f73f3d5461b9d538daca42/element/f.F64AD31729AEE402AD374BC91D68D115.d.FF3B6F5C75AFA0DFF4B6BF6949D321C0.e.12042/click - {}
RESULT: {}
COMMAND: POST /session/668384e1c1f73f3d5461b9d538daca42/element - {"using":"xpath","value":"//input[@id=\"application-manageresources-display-component---newResourceUnit--idRuTSAdmin-application-manageresources-display-component---newResourceUnit--RUTimeSegment-0-inner\"]"}
COMMAND: GET /session/668384e1c1f73f3d5461b9d538daca42/screenshot - {}
RESULT: {"using":"xpath","value":"//input[@id=\"application-manageresources-display-component---newResourceUnit--idRuTSAdmin-application-manageresources-display-component---newResourceUnit--RUTimeSegment-0-inner\"]"}
COMMAND: POST /session/668384e1c1f73f3d5461b9d538daca42/element/f.F64AD31729AEE402AD374BC91D68D115.d.FF3B6F5C75AFA0DFF4B6BF6949D321C0.e.12045/clear - {}
RESULT: {}
RESULT: {}
COMMAND: POST /session/668384e1c1f73f3d5461b9d538daca42/element/f.F64AD31729AEE402AD374BC91D68D115.d.FF3B6F5C75AFA0DFF4B6BF6949D321C0.e.12045/value - {"text":"293"}
COMMAND: GET /session/668384e1c1f73f3d5461b9d538daca42/screenshot - {}
RESULT: {"text":"293"}
COMMAND: GET /session/668384e1c1f73f3d5461b9d538daca42/screenshot - {}
RESULT: {}
RESULT: {}
COMMAND: POST /session/668384e1c1f73f3d5461b9d538daca42/actions - {"actions":[{"id":"action46","type":"key","parameters":{},"actions":[{"type":"keyDown","value":"î€‡"},{"type":"pause","duration":10},{"type":"keyUp","value":"î€‡"}]}]}
RESULT: {"actions":[{"id":"action46","type":"key","parameters":{},"actions":[{"type":"keyDown","value":"î€‡"},{"type":"pause","duration":10},{"type":"keyUp","value":"î€‡"}]}]}
COMMAND: GET /session/668384e1c1f73f3d5461b9d538daca42/screenshot - {}
RESULT: {}
COMMAND: POST /session/668384e1c1f73f3d5461b9d538daca42/execute/async - {"script":"<script> [1562 bytes]","args":[{"selector":{"controlType":"sap.m.Button","viewName":"reusables.view.manageresources.NewResourceUnit","viewId":"application-manageresources-display-component---newResourceUnit","i18NText":{"propertyName":"tooltip","key":"save"},"interaction":{"idSuffix":"BDI-content"}},"wdio_ui5_key":"reusablesview.manageresources.NewResourceUnitsap.m.Button{\"propertyName\":\"tooltip\",\"key\":\"save\"}"}]}
RESULT: {"script":"<script> [1562 bytes]","args":[{"selector":{"controlType":"sap.m.Button","viewName":"reusables.view.manageresources.NewResourceUnit","viewId":"application-manageresources-display-component---newResourceUnit","i18NText":{"propertyName":"tooltip","key":"save"},"interaction":{"idSuffix":"BDI-content"}},"wdio_ui5_key":"reusablesview.manageresources.NewResourceUnitsap.m.Button{\"propertyName\":\"tooltip\",\"key\":\"save\"}"}]}
RESULT: undefined
COMMAND: POST /session/668384e1c1f73f3d5461b9d538daca42/element - {"using":"xpath","value":"//*[@id=\"application-manageresources-display-component---newResourceUnit--createRuButton\"]"}
RESULT: {"using":"xpath","value":"//*[@id=\"application-manageresources-display-component---newResourceUnit--createRuButton\"]"}
COMMAND: POST /session/668384e1c1f73f3d5461b9d538daca42/element/f.F64AD31729AEE402AD374BC91D68D115.d.FF3B6F5C75AFA0DFF4B6BF6949D321C0.e.11978/click - {}
RESULT: {}
COMMAND: POST /session/668384e1c1f73f3d5461b9d538daca42/execute/async - {"script":"<script> [1562 bytes]","args":[{"selector":{"controlType":"sap.m.Button","properties":{"text":"Close"},"searchOpenDialogs":true,"interaction":{"idSuffix":"BDI-content"}},"wdio_ui5_key":"sapm.Button{\"text\":\"Close\"}"}]}
COMMAND: GET /session/668384e1c1f73f3d5461b9d538daca42/screenshot - {}
RESULT: {"script":"<script> [1562 bytes]","args":[{"selector":{"controlType":"sap.m.Button","properties":{"text":"Close"},"searchOpenDialogs":true,"interaction":{"idSuffix":"BDI-content"}},"wdio_ui5_key":"sapm.Button{\"text\":\"Close\"}"}]}
RESULT: undefined
COMMAND: POST /session/668384e1c1f73f3d5461b9d538daca42/element - {"using":"xpath","value":"//*[@id=\"__mbox-btn-0\"]"}
RESULT: {}
RESULT: {"using":"xpath","value":"//*[@id=\"__mbox-btn-0\"]"}
COMMAND: POST /session/668384e1c1f73f3d5461b9d538daca42/element/f.F64AD31729AEE402AD374BC91D68D115.d.FF3B6F5C75AFA0DFF4B6BF6949D321C0.e.12057/click - {}
RESULT: {}
COMMAND: GET /session/668384e1c1f73f3d5461b9d538daca42/screenshot - {}
RESULT: {}
COMMAND: POST /session/668384e1c1f73f3d5461b9d538daca42/execute/async - {"script":"<script> [1562 bytes]","args":[{"selector":{"controlType":"sap.m.Text","viewName":"etm.portal.ui.manageresources.view.Detail","viewId":"application-manageresources-display-component---detailRU","bindingPath":{"propertyPath":"ID","modelName":"catalogModel"}},"wdio_ui5_key":"etmportal.ui.manageresources.view.Detailsap.m.Text{\"propertyPath\":\"ID\",\"modelName\":\"catalogModel\"}"}]}
RESULT: {"script":"<script> [1562 bytes]","args":[{"selector":{"controlType":"sap.m.Text","viewName":"etm.portal.ui.manageresources.view.Detail","viewId":"application-manageresources-display-component---detailRU","bindingPath":{"propertyPath":"ID","modelName":"catalogModel"}},"wdio_ui5_key":"etmportal.ui.manageresources.view.Detailsap.m.Text{\"propertyPath\":\"ID\",\"modelName\":\"catalogModel\"}"}]}
RESULT: undefined
COMMAND: POST /session/668384e1c1f73f3d5461b9d538daca42/execute/async - {"script":"<script> [6424 bytes]","args":[{"element-6066-11e4-a52e-4f735466cecf":"f.F64AD31729AEE402AD374BC91D68D115.d.FF3B6F5C75AFA0DFF4B6BF6949D321C0.e.12089"},"getText",[]]}
RESULT: {"script":"<script> [6424 bytes]","args":[{"element-6066-11e4-a52e-4f735466cecf":"f.F64AD31729AEE402AD374BC91D68D115.d.FF3B6F5C75AFA0DFF4B6BF6949D321C0.e.12089"},"getText",[]]}
COMMAND: POST /session/668384e1c1f73f3d5461b9d538daca42/element - {"using":"css selector","value":"#shell-header-logo"}
RESULT: {"using":"css selector","value":"#shell-header-logo"}
COMMAND: POST /session/668384e1c1f73f3d5461b9d538daca42/element/f.F64AD31729AEE402AD374BC91D68D115.d.FF3B6F5C75AFA0DFF4B6BF6949D321C0.e.11605/click - {}
RESULT: {}
COMMAND: GET /session/668384e1c1f73f3d5461b9d538daca42/screenshot - {}
RESULT: {}
]]></system-out>
    </testcase>
  </testsuite>
  <testsuite timestamp="2025-04-27T17:10:21" time="866.718" tests="6" failures="0" errors="0" skipped="0">
    <properties>
      <property name="specId" value="0" />
      <property name="suiteName" value="Provide to Site w/o warehouse management w clarification" />
      <property name="capabilities" value="chrome.135_0_7049_96.windows" />
      <property name="file" value="file:///D:/a/1/s/test/specs/HTR/provide-to-site-wo-warehouse-w-clarification.spec.js" />
    </properties>
    <testcase classname="chrome.135_0_7049_96.windows.Provide_to_Site_w/o_warehouse_management_w_clarification" name="Should do a stock increase handover" time="182.561">
      <system-out><![CDATA[
COMMAND: POST /session/668384e1c1f73f3d5461b9d538daca42/execute/async - {"script":"<script> [1562 bytes]","args":[{"selector":{"controlType":"sap.m.GenericTile","properties":{"header":"Manage Handovers"}},"wdio_ui5_key":"sapm.GenericTile{\"header\":\"Manage Handovers\"}"}]}
RESULT: {"script":"<script> [1562 bytes]","args":[{"selector":{"controlType":"sap.m.GenericTile","properties":{"header":"Manage Handovers"}},"wdio_ui5_key":"sapm.GenericTile{\"header\":\"Manage Handovers\"}"}]}
RESULT: undefined
COMMAND: POST /session/668384e1c1f73f3d5461b9d538daca42/element - {"using":"xpath","value":"//*[@id=\"__tile131\"]"}
RESULT: {"using":"xpath","value":"//*[@id=\"__tile131\"]"}
COMMAND: POST /session/668384e1c1f73f3d5461b9d538daca42/element/f.F64AD31729AEE402AD374BC91D68D115.d.FF3B6F5C75AFA0DFF4B6BF6949D321C0.e.12091/click - {}
RESULT: {}
COMMAND: GET /session/668384e1c1f73f3d5461b9d538daca42/screenshot - {}
COMMAND: POST /session/668384e1c1f73f3d5461b9d538daca42/element - {"using":"xpath","value":"//button[(@data-kt = 'masterHOAddButton')]"}
RESULT: {}
RESULT: {"using":"xpath","value":"//button[(@data-kt = 'masterHOAddButton')]"}
COMMAND: POST /session/668384e1c1f73f3d5461b9d538daca42/elements - {"using":"xpath","value":"//button[(@data-kt = 'masterHOAddButton')]"}
RESULT: {"using":"xpath","value":"//button[(@data-kt = 'masterHOAddButton')]"}
COMMAND: POST /session/668384e1c1f73f3d5461b9d538daca42/element - {"using":"xpath","value":"//button[(@data-kt = 'masterHOAddButton')]"}
RESULT: {"using":"xpath","value":"//button[(@data-kt = 'masterHOAddButton')]"}
COMMAND: POST /session/668384e1c1f73f3d5461b9d538daca42/element/f.F64AD31729AEE402AD374BC91D68D115.d.FF3B6F5C75AFA0DFF4B6BF6949D321C0.e.12122/click - {}
RESULT: {}
COMMAND: POST /session/668384e1c1f73f3d5461b9d538daca42/element - {"using":"css selector","value":"span[id=\"application-managehandovers-display-component---AddNewHO--typeSelect-label\"]"}
COMMAND: GET /session/668384e1c1f73f3d5461b9d538daca42/screenshot - {}
RESULT: {"using":"css selector","value":"span[id=\"application-managehandovers-display-component---AddNewHO--typeSelect-label\"]"}
COMMAND: POST /session/668384e1c1f73f3d5461b9d538daca42/elements - {"using":"css selector","value":"span[id=\"application-managehandovers-display-component---AddNewHO--typeSelect-label\"]"}
RESULT: {}
RESULT: {"using":"css selector","value":"span[id=\"application-managehandovers-display-component---AddNewHO--typeSelect-label\"]"}
COMMAND: POST /session/668384e1c1f73f3d5461b9d538daca42/elements - {"using":"css selector","value":"span[id=\"application-managehandovers-display-component---AddNewHO--typeSelect-label\"]"}
RESULT: {"using":"css selector","value":"span[id=\"application-managehandovers-display-component---AddNewHO--typeSelect-label\"]"}
COMMAND: POST /session/668384e1c1f73f3d5461b9d538daca42/elements - {"using":"css selector","value":"span[id=\"application-managehandovers-display-component---AddNewHO--typeSelect-label\"]"}
RESULT: {"using":"css selector","value":"span[id=\"application-managehandovers-display-component---AddNewHO--typeSelect-label\"]"}
COMMAND: POST /session/668384e1c1f73f3d5461b9d538daca42/elements - {"using":"css selector","value":"span[id=\"application-managehandovers-display-component---AddNewHO--typeSelect-label\"]"}
RESULT: {"using":"css selector","value":"span[id=\"application-managehandovers-display-component---AddNewHO--typeSelect-label\"]"}
COMMAND: POST /session/668384e1c1f73f3d5461b9d538daca42/element - {"using":"css selector","value":"span[id=\"application-managehandovers-display-component---AddNewHO--typeSelect-label\"]"}
RESULT: {"using":"css selector","value":"span[id=\"application-managehandovers-display-component---AddNewHO--typeSelect-label\"]"}
COMMAND: POST /session/668384e1c1f73f3d5461b9d538daca42/element/f.F64AD31729AEE402AD374BC91D68D115.d.FF3B6F5C75AFA0DFF4B6BF6949D321C0.e.12431/click - {}
RESULT: {}
COMMAND: POST /session/668384e1c1f73f3d5461b9d538daca42/element - {"using":"css selector","value":"#application-managehandovers-display-component---AddNewHO--oneStep-CB"}
COMMAND: GET /session/668384e1c1f73f3d5461b9d538daca42/screenshot - {}
RESULT: {"using":"css selector","value":"#application-managehandovers-display-component---AddNewHO--oneStep-CB"}
COMMAND: GET /session/668384e1c1f73f3d5461b9d538daca42/element/f.F64AD31729AEE402AD374BC91D68D115.d.FF3B6F5C75AFA0DFF4B6BF6949D321C0.e.12366/selected - {}
RESULT: {}
RESULT: {}
COMMAND: POST /session/668384e1c1f73f3d5461b9d538daca42/element - {"using":"xpath","value":"//li[contains(text(), \"stock increase yard\")]"}
COMMAND: GET /session/668384e1c1f73f3d5461b9d538daca42/screenshot - {}
RESULT: {"using":"xpath","value":"//li[contains(text(), \"stock increase yard\")]"}
COMMAND: POST /session/668384e1c1f73f3d5461b9d538daca42/elements - {"using":"xpath","value":"//li[contains(text(), \"stock increase yard\")]"}
RESULT: {}
RESULT: {"using":"xpath","value":"//li[contains(text(), \"stock increase yard\")]"}
COMMAND: POST /session/668384e1c1f73f3d5461b9d538daca42/elements - {"using":"xpath","value":"//li[contains(text(), \"stock increase yard\")]"}
RESULT: {"using":"xpath","value":"//li[contains(text(), \"stock increase yard\")]"}
COMMAND: POST /session/668384e1c1f73f3d5461b9d538daca42/element - {"using":"xpath","value":"//li[contains(text(), \"stock increase yard\")]"}
RESULT: {"using":"xpath","value":"//li[contains(text(), \"stock increase yard\")]"}
COMMAND: POST /session/668384e1c1f73f3d5461b9d538daca42/element/f.F64AD31729AEE402AD374BC91D68D115.d.FF3B6F5C75AFA0DFF4B6BF6949D321C0.e.12436/click - {}
RESULT: {}
COMMAND: GET /session/668384e1c1f73f3d5461b9d538daca42/screenshot - {}
RESULT: {}
COMMAND: POST /session/668384e1c1f73f3d5461b9d538daca42/element - {"using":"css selector","value":"input[id=\"generalSectionFrg--receiveYard-inner\"]"}
RESULT: {"using":"css selector","value":"input[id=\"generalSectionFrg--receiveYard-inner\"]"}
COMMAND: POST /session/668384e1c1f73f3d5461b9d538daca42/element/f.F64AD31729AEE402AD374BC91D68D115.d.FF3B6F5C75AFA0DFF4B6BF6949D321C0.e.12445/clear - {}
RESULT: {}
COMMAND: POST /session/668384e1c1f73f3d5461b9d538daca42/element/f.F64AD31729AEE402AD374BC91D68D115.d.FF3B6F5C75AFA0DFF4B6BF6949D321C0.e.12445/value - {"text":"293"}
COMMAND: GET /session/668384e1c1f73f3d5461b9d538daca42/screenshot - {}
RESULT: {"text":"293"}
COMMAND: GET /session/668384e1c1f73f3d5461b9d538daca42/screenshot - {}
RESULT: {}
RESULT: {}
COMMAND: POST /session/668384e1c1f73f3d5461b9d538daca42/element - {"using":"css selector","value":"#application-managehandovers-display-component---AddNewHO--dueDate-inner"}
RESULT: {"using":"css selector","value":"#application-managehandovers-display-component---AddNewHO--dueDate-inner"}
COMMAND: POST /session/668384e1c1f73f3d5461b9d538daca42/element/f.F64AD31729AEE402AD374BC91D68D115.d.FF3B6F5C75AFA0DFF4B6BF6949D321C0.e.12439/clear - {}
RESULT: {}
COMMAND: POST /session/668384e1c1f73f3d5461b9d538daca42/element/f.F64AD31729AEE402AD374BC91D68D115.d.FF3B6F5C75AFA0DFF4B6BF6949D321C0.e.12439/value - {"text":"4/27/25"}
COMMAND: GET /session/668384e1c1f73f3d5461b9d538daca42/screenshot - {}
RESULT: {"text":"4/27/25"}
COMMAND: GET /session/668384e1c1f73f3d5461b9d538daca42/screenshot - {}
RESULT: {}
RESULT: {}
COMMAND: POST /session/668384e1c1f73f3d5461b9d538daca42/element - {"using":"xpath","value":"//bdi[(text() = 'Items' or . = 'Items')]"}
RESULT: {"using":"xpath","value":"//bdi[(text() = 'Items' or . = 'Items')]"}
COMMAND: POST /session/668384e1c1f73f3d5461b9d538daca42/element/f.F64AD31729AEE402AD374BC91D68D115.d.FF3B6F5C75AFA0DFF4B6BF6949D321C0.e.12462/click - {}
RESULT: {}
COMMAND: GET /session/668384e1c1f73f3d5461b9d538daca42/screenshot - {}
RESULT: {}
COMMAND: POST /session/668384e1c1f73f3d5461b9d538daca42/element - {"using":"xpath","value":"//button[@aria-label=\"Add\"]"}
RESULT: {"using":"xpath","value":"//button[@aria-label=\"Add\"]"}
COMMAND: POST /session/668384e1c1f73f3d5461b9d538daca42/element/f.F64AD31729AEE402AD374BC91D68D115.d.FF3B6F5C75AFA0DFF4B6BF6949D321C0.e.12467/click - {}
RESULT: {}
COMMAND: GET /session/668384e1c1f73f3d5461b9d538daca42/screenshot - {}
RESULT: {}
COMMAND: POST /session/668384e1c1f73f3d5461b9d538daca42/element - {"using":"css selector","value":"input[id= \"application-managehandovers-display-component---AddNewHO--smartFilterBar-btnBasicSearch-I\"]"}
RESULT: {"using":"css selector","value":"input[id= \"application-managehandovers-display-component---AddNewHO--smartFilterBar-btnBasicSearch-I\"]"}
COMMAND: POST /session/668384e1c1f73f3d5461b9d538daca42/element/f.F64AD31729AEE402AD374BC91D68D115.d.FF3B6F5C75AFA0DFF4B6BF6949D321C0.e.12470/clear - {}
RESULT: {}
COMMAND: POST /session/668384e1c1f73f3d5461b9d538daca42/element/f.F64AD31729AEE402AD374BC91D68D115.d.FF3B6F5C75AFA0DFF4B6BF6949D321C0.e.12470/value - {"text":"200131"}
COMMAND: GET /session/668384e1c1f73f3d5461b9d538daca42/screenshot - {}
RESULT: {"text":"200131"}
COMMAND: POST /session/668384e1c1f73f3d5461b9d538daca42/actions - {"actions":[{"id":"action47","type":"key","parameters":{},"actions":[{"type":"keyDown","value":"î€‡"},{"type":"pause","duration":10},{"type":"keyUp","value":"î€‡"}]}]}
COMMAND: GET /session/668384e1c1f73f3d5461b9d538daca42/screenshot - {}
RESULT: {}
RESULT: {"actions":[{"id":"action47","type":"key","parameters":{},"actions":[{"type":"keyDown","value":"î€‡"},{"type":"pause","duration":10},{"type":"keyUp","value":"î€‡"}]}]}
COMMAND: POST /session/668384e1c1f73f3d5461b9d538daca42/element - {"using":"css selector","value":"div[id= \"application-managehandovers-display-component---AddNewHO--smartFilterBar-btnBasicSearch-search\"]"}
COMMAND: GET /session/668384e1c1f73f3d5461b9d538daca42/screenshot - {}
RESULT: {}
RESULT: {"using":"css selector","value":"div[id= \"application-managehandovers-display-component---AddNewHO--smartFilterBar-btnBasicSearch-search\"]"}
COMMAND: POST /session/668384e1c1f73f3d5461b9d538daca42/element/f.F64AD31729AEE402AD374BC91D68D115.d.FF3B6F5C75AFA0DFF4B6BF6949D321C0.e.12619/click - {}
RESULT: {}
RESULT: {}
COMMAND: GET /session/668384e1c1f73f3d5461b9d538daca42/screenshot - {}
RESULT: {}
COMMAND: POST /session/668384e1c1f73f3d5461b9d538daca42/element - {"using":"css selector","value":"div[id= \"application-managehandovers-display-component---AddNewHO--popup-sa-CbBg\"]"}
RESULT: {"using":"css selector","value":"div[id= \"application-managehandovers-display-component---AddNewHO--popup-sa-CbBg\"]"}
COMMAND: POST /session/668384e1c1f73f3d5461b9d538daca42/element/f.F64AD31729AEE402AD374BC91D68D115.d.FF3B6F5C75AFA0DFF4B6BF6949D321C0.e.12621/click - {}
RESULT: {}
COMMAND: GET /session/668384e1c1f73f3d5461b9d538daca42/screenshot - {}
RESULT: {}
COMMAND: POST /session/668384e1c1f73f3d5461b9d538daca42/element - {"using":"xpath","value":"//bdi[(text() = 'Select' or . = 'Select')]"}
RESULT: {"using":"xpath","value":"//bdi[(text() = 'Select' or . = 'Select')]"}
COMMAND: POST /session/668384e1c1f73f3d5461b9d538daca42/element/f.F64AD31729AEE402AD374BC91D68D115.d.FF3B6F5C75AFA0DFF4B6BF6949D321C0.e.12622/click - {}
RESULT: {}
COMMAND: GET /session/668384e1c1f73f3d5461b9d538daca42/screenshot - {}
RESULT: {}
COMMAND: POST /session/668384e1c1f73f3d5461b9d538daca42/execute/async - {"script":"<script> [1562 bytes]","args":[{"selector":{"controlType":"sap.m.Input","viewName":"etm.portal.ui.managehandovers.view.AddNewHO","viewId":"application-managehandovers-display-component---AddNewHO","bindingPath":{"path":"/items/0","propertyPath":"TYPE","modelName":"hoItemsModel"},"interaction":{"idSuffix":"inner"}},"wdio_ui5_key":"etmportal.ui.managehandovers.view.AddNewHOsap.m.Input{\"path\":\"/items/0\",\"propertyPath\":\"TYPE\",\"modelName\":\"hoItemsModel\"}"}]}
RESULT: {"script":"<script> [1562 bytes]","args":[{"selector":{"controlType":"sap.m.Input","viewName":"etm.portal.ui.managehandovers.view.AddNewHO","viewId":"application-managehandovers-display-component---AddNewHO","bindingPath":{"path":"/items/0","propertyPath":"TYPE","modelName":"hoItemsModel"},"interaction":{"idSuffix":"inner"}},"wdio_ui5_key":"etmportal.ui.managehandovers.view.AddNewHOsap.m.Input{\"path\":\"/items/0\",\"propertyPath\":\"TYPE\",\"modelName\":\"hoItemsModel\"}"}]}
RESULT: undefined
COMMAND: POST /session/668384e1c1f73f3d5461b9d538daca42/execute/async - {"script":"<script> [776 bytes]","args":[{"enterText":"100","selector":{"controlType":"sap.m.Input","viewName":"etm.portal.ui.managehandovers.view.AddNewHO","viewId":"application-managehandovers-display-component---AddNewHO","bindingPath":{"path":"/items/0","propertyPath":"TYPE","modelName":"hoItemsModel"},"interaction":{"idSuffix":"inner"}},"clearTextFirst":true,"interactionType":"ENTER_TEXT"}]}
RESULT: {"script":"<script> [776 bytes]","args":[{"enterText":"100","selector":{"controlType":"sap.m.Input","viewName":"etm.portal.ui.managehandovers.view.AddNewHO","viewId":"application-managehandovers-display-component---AddNewHO","bindingPath":{"path":"/items/0","propertyPath":"TYPE","modelName":"hoItemsModel"},"interaction":{"idSuffix":"inner"}},"clearTextFirst":true,"interactionType":"ENTER_TEXT"}]}
COMMAND: POST /session/668384e1c1f73f3d5461b9d538daca42/element - {"using":"xpath","value":"//bdi[(text() = 'Save' or . = 'Save')]"}
RESULT: {"using":"xpath","value":"//bdi[(text() = 'Save' or . = 'Save')]"}
COMMAND: POST /session/668384e1c1f73f3d5461b9d538daca42/element/f.F64AD31729AEE402AD374BC91D68D115.d.FF3B6F5C75AFA0DFF4B6BF6949D321C0.e.12627/click - {}
RESULT: {}
COMMAND: GET /session/668384e1c1f73f3d5461b9d538daca42/screenshot - {}
RESULT: {}
COMMAND: POST /session/668384e1c1f73f3d5461b9d538daca42/element - {"using":"xpath","value":"//input[contains(@id ,\"receiptDatePicker-inner\")]"}
RESULT: {"using":"xpath","value":"//input[contains(@id ,\"receiptDatePicker-inner\")]"}
COMMAND: POST /session/668384e1c1f73f3d5461b9d538daca42/element/f.F64AD31729AEE402AD374BC91D68D115.d.FF3B6F5C75AFA0DFF4B6BF6949D321C0.e.12656/click - {}
RESULT: {}
COMMAND: POST /session/668384e1c1f73f3d5461b9d538daca42/element - {"using":"xpath","value":"//input[contains(@id ,\"receiptDatePicker-inner\")]"}
COMMAND: GET /session/668384e1c1f73f3d5461b9d538daca42/screenshot - {}
RESULT: {"using":"xpath","value":"//input[contains(@id ,\"receiptDatePicker-inner\")]"}
COMMAND: POST /session/668384e1c1f73f3d5461b9d538daca42/element/f.F64AD31729AEE402AD374BC91D68D115.d.FF3B6F5C75AFA0DFF4B6BF6949D321C0.e.12656/clear - {}
RESULT: {}
RESULT: {}
COMMAND: POST /session/668384e1c1f73f3d5461b9d538daca42/element/f.F64AD31729AEE402AD374BC91D68D115.d.FF3B6F5C75AFA0DFF4B6BF6949D321C0.e.12656/value - {"text":"4/27/25"}
COMMAND: GET /session/668384e1c1f73f3d5461b9d538daca42/screenshot - {}
RESULT: {"text":"4/27/25"}
COMMAND: GET /session/668384e1c1f73f3d5461b9d538daca42/screenshot - {}
RESULT: {}
RESULT: {}
COMMAND: POST /session/668384e1c1f73f3d5461b9d538daca42/element - {"using":"xpath","value":"//bdi[text()='Save']"}
RESULT: {"using":"xpath","value":"//bdi[text()='Save']"}
COMMAND: GET /session/668384e1c1f73f3d5461b9d538daca42/element/f.F64AD31729AEE402AD374BC91D68D115.d.FF3B6F5C75AFA0DFF4B6BF6949D321C0.e.12627/enabled - {}
RESULT: {}
COMMAND: POST /session/668384e1c1f73f3d5461b9d538daca42/execute/sync - {"script":"<script> [8489 bytes]","args":[{"element-6066-11e4-a52e-4f735466cecf":"f.F64AD31729AEE402AD374BC91D68D115.d.FF3B6F5C75AFA0DFF4B6BF6949D321C0.e.12627","ELEMENT":"f.F64AD31729AEE402AD374BC91D68D115.d.FF3B6F5C75AFA0DFF4B6BF6949D321C0.e.12627"}]}
COMMAND: GET /session/668384e1c1f73f3d5461b9d538daca42/screenshot - {}
RESULT: {"script":"<script> [8489 bytes]","args":[{"element-6066-11e4-a52e-4f735466cecf":"f.F64AD31729AEE402AD374BC91D68D115.d.FF3B6F5C75AFA0DFF4B6BF6949D321C0.e.12627","ELEMENT":"f.F64AD31729AEE402AD374BC91D68D115.d.FF3B6F5C75AFA0DFF4B6BF6949D321C0.e.12627"}]}
COMMAND: GET /session/668384e1c1f73f3d5461b9d538daca42/screenshot - {}
COMMAND: POST /session/668384e1c1f73f3d5461b9d538daca42/execute/sync - {"script":"<script> [8489 bytes]","args":[{"element-6066-11e4-a52e-4f735466cecf":"f.F64AD31729AEE402AD374BC91D68D115.d.FF3B6F5C75AFA0DFF4B6BF6949D321C0.e.12627","ELEMENT":"f.F64AD31729AEE402AD374BC91D68D115.d.FF3B6F5C75AFA0DFF4B6BF6949D321C0.e.12627"}]}
RESULT: {}
RESULT: {}
RESULT: {"script":"<script> [8489 bytes]","args":[{"element-6066-11e4-a52e-4f735466cecf":"f.F64AD31729AEE402AD374BC91D68D115.d.FF3B6F5C75AFA0DFF4B6BF6949D321C0.e.12627","ELEMENT":"f.F64AD31729AEE402AD374BC91D68D115.d.FF3B6F5C75AFA0DFF4B6BF6949D321C0.e.12627"}]}
COMMAND: POST /session/668384e1c1f73f3d5461b9d538daca42/execute/sync - {"script":"<script> [8489 bytes]","args":[{"element-6066-11e4-a52e-4f735466cecf":"f.F64AD31729AEE402AD374BC91D68D115.d.FF3B6F5C75AFA0DFF4B6BF6949D321C0.e.12627","ELEMENT":"f.F64AD31729AEE402AD374BC91D68D115.d.FF3B6F5C75AFA0DFF4B6BF6949D321C0.e.12627"}]}
COMMAND: GET /session/668384e1c1f73f3d5461b9d538daca42/screenshot - {}
RESULT: {"script":"<script> [8489 bytes]","args":[{"element-6066-11e4-a52e-4f735466cecf":"f.F64AD31729AEE402AD374BC91D68D115.d.FF3B6F5C75AFA0DFF4B6BF6949D321C0.e.12627","ELEMENT":"f.F64AD31729AEE402AD374BC91D68D115.d.FF3B6F5C75AFA0DFF4B6BF6949D321C0.e.12627"}]}
COMMAND: GET /session/668384e1c1f73f3d5461b9d538daca42/screenshot - {}
COMMAND: POST /session/668384e1c1f73f3d5461b9d538daca42/execute/sync - {"script":"<script> [8489 bytes]","args":[{"element-6066-11e4-a52e-4f735466cecf":"f.F64AD31729AEE402AD374BC91D68D115.d.FF3B6F5C75AFA0DFF4B6BF6949D321C0.e.12627","ELEMENT":"f.F64AD31729AEE402AD374BC91D68D115.d.FF3B6F5C75AFA0DFF4B6BF6949D321C0.e.12627"}]}
RESULT: {}
RESULT: {}
RESULT: {"script":"<script> [8489 bytes]","args":[{"element-6066-11e4-a52e-4f735466cecf":"f.F64AD31729AEE402AD374BC91D68D115.d.FF3B6F5C75AFA0DFF4B6BF6949D321C0.e.12627","ELEMENT":"f.F64AD31729AEE402AD374BC91D68D115.d.FF3B6F5C75AFA0DFF4B6BF6949D321C0.e.12627"}]}
COMMAND: GET /session/668384e1c1f73f3d5461b9d538daca42/screenshot - {}
COMMAND: POST /session/668384e1c1f73f3d5461b9d538daca42/execute/sync - {"script":"<script> [8489 bytes]","args":[{"element-6066-11e4-a52e-4f735466cecf":"f.F64AD31729AEE402AD374BC91D68D115.d.FF3B6F5C75AFA0DFF4B6BF6949D321C0.e.12627","ELEMENT":"f.F64AD31729AEE402AD374BC91D68D115.d.FF3B6F5C75AFA0DFF4B6BF6949D321C0.e.12627"}]}
RESULT: {"script":"<script> [8489 bytes]","args":[{"element-6066-11e4-a52e-4f735466cecf":"f.F64AD31729AEE402AD374BC91D68D115.d.FF3B6F5C75AFA0DFF4B6BF6949D321C0.e.12627","ELEMENT":"f.F64AD31729AEE402AD374BC91D68D115.d.FF3B6F5C75AFA0DFF4B6BF6949D321C0.e.12627"}]}
COMMAND: GET /session/668384e1c1f73f3d5461b9d538daca42/screenshot - {}
RESULT: {}
COMMAND: POST /session/668384e1c1f73f3d5461b9d538daca42/execute/sync - {"script":"<script> [8489 bytes]","args":[{"element-6066-11e4-a52e-4f735466cecf":"f.F64AD31729AEE402AD374BC91D68D115.d.FF3B6F5C75AFA0DFF4B6BF6949D321C0.e.12627","ELEMENT":"f.F64AD31729AEE402AD374BC91D68D115.d.FF3B6F5C75AFA0DFF4B6BF6949D321C0.e.12627"}]}
RESULT: {}
RESULT: {"script":"<script> [8489 bytes]","args":[{"element-6066-11e4-a52e-4f735466cecf":"f.F64AD31729AEE402AD374BC91D68D115.d.FF3B6F5C75AFA0DFF4B6BF6949D321C0.e.12627","ELEMENT":"f.F64AD31729AEE402AD374BC91D68D115.d.FF3B6F5C75AFA0DFF4B6BF6949D321C0.e.12627"}]}
COMMAND: GET /session/668384e1c1f73f3d5461b9d538daca42/screenshot - {}
COMMAND: POST /session/668384e1c1f73f3d5461b9d538daca42/execute/sync - {"script":"<script> [8489 bytes]","args":[{"element-6066-11e4-a52e-4f735466cecf":"f.F64AD31729AEE402AD374BC91D68D115.d.FF3B6F5C75AFA0DFF4B6BF6949D321C0.e.12627","ELEMENT":"f.F64AD31729AEE402AD374BC91D68D115.d.FF3B6F5C75AFA0DFF4B6BF6949D321C0.e.12627"}]}
RESULT: {}
RESULT: {"script":"<script> [8489 bytes]","args":[{"element-6066-11e4-a52e-4f735466cecf":"f.F64AD31729AEE402AD374BC91D68D115.d.FF3B6F5C75AFA0DFF4B6BF6949D321C0.e.12627","ELEMENT":"f.F64AD31729AEE402AD374BC91D68D115.d.FF3B6F5C75AFA0DFF4B6BF6949D321C0.e.12627"}]}
COMMAND: GET /session/668384e1c1f73f3d5461b9d538daca42/screenshot - {}
COMMAND: POST /session/668384e1c1f73f3d5461b9d538daca42/execute/sync - {"script":"<script> [8489 bytes]","args":[{"element-6066-11e4-a52e-4f735466cecf":"f.F64AD31729AEE402AD374BC91D68D115.d.FF3B6F5C75AFA0DFF4B6BF6949D321C0.e.12627","ELEMENT":"f.F64AD31729AEE402AD374BC91D68D115.d.FF3B6F5C75AFA0DFF4B6BF6949D321C0.e.12627"}]}
RESULT: {}
RESULT: {"script":"<script> [8489 bytes]","args":[{"element-6066-11e4-a52e-4f735466cecf":"f.F64AD31729AEE402AD374BC91D68D115.d.FF3B6F5C75AFA0DFF4B6BF6949D321C0.e.12627","ELEMENT":"f.F64AD31729AEE402AD374BC91D68D115.d.FF3B6F5C75AFA0DFF4B6BF6949D321C0.e.12627"}]}
COMMAND: GET /session/668384e1c1f73f3d5461b9d538daca42/screenshot - {}
RESULT: {}
COMMAND: POST /session/668384e1c1f73f3d5461b9d538daca42/execute/sync - {"script":"<script> [8489 bytes]","args":[{"element-6066-11e4-a52e-4f735466cecf":"f.F64AD31729AEE402AD374BC91D68D115.d.FF3B6F5C75AFA0DFF4B6BF6949D321C0.e.12627","ELEMENT":"f.F64AD31729AEE402AD374BC91D68D115.d.FF3B6F5C75AFA0DFF4B6BF6949D321C0.e.12627"}]}
RESULT: {"script":"<script> [8489 bytes]","args":[{"element-6066-11e4-a52e-4f735466cecf":"f.F64AD31729AEE402AD374BC91D68D115.d.FF3B6F5C75AFA0DFF4B6BF6949D321C0.e.12627","ELEMENT":"f.F64AD31729AEE402AD374BC91D68D115.d.FF3B6F5C75AFA0DFF4B6BF6949D321C0.e.12627"}]}
COMMAND: GET /session/668384e1c1f73f3d5461b9d538daca42/screenshot - {}
RESULT: {}
COMMAND: POST /session/668384e1c1f73f3d5461b9d538daca42/execute/sync - {"script":"<script> [8489 bytes]","args":[{"element-6066-11e4-a52e-4f735466cecf":"f.F64AD31729AEE402AD374BC91D68D115.d.FF3B6F5C75AFA0DFF4B6BF6949D321C0.e.12627","ELEMENT":"f.F64AD31729AEE402AD374BC91D68D115.d.FF3B6F5C75AFA0DFF4B6BF6949D321C0.e.12627"}]}
RESULT: {"script":"<script> [8489 bytes]","args":[{"element-6066-11e4-a52e-4f735466cecf":"f.F64AD31729AEE402AD374BC91D68D115.d.FF3B6F5C75AFA0DFF4B6BF6949D321C0.e.12627","ELEMENT":"f.F64AD31729AEE402AD374BC91D68D115.d.FF3B6F5C75AFA0DFF4B6BF6949D321C0.e.12627"}]}
COMMAND: GET /session/668384e1c1f73f3d5461b9d538daca42/screenshot - {}
RESULT: {}
COMMAND: POST /session/668384e1c1f73f3d5461b9d538daca42/execute/sync - {"script":"<script> [8489 bytes]","args":[{"element-6066-11e4-a52e-4f735466cecf":"f.F64AD31729AEE402AD374BC91D68D115.d.FF3B6F5C75AFA0DFF4B6BF6949D321C0.e.12627","ELEMENT":"f.F64AD31729AEE402AD374BC91D68D115.d.FF3B6F5C75AFA0DFF4B6BF6949D321C0.e.12627"}]}
RESULT: {"script":"<script> [8489 bytes]","args":[{"element-6066-11e4-a52e-4f735466cecf":"f.F64AD31729AEE402AD374BC91D68D115.d.FF3B6F5C75AFA0DFF4B6BF6949D321C0.e.12627","ELEMENT":"f.F64AD31729AEE402AD374BC91D68D115.d.FF3B6F5C75AFA0DFF4B6BF6949D321C0.e.12627"}]}
COMMAND: GET /session/668384e1c1f73f3d5461b9d538daca42/screenshot - {}
RESULT: {}
COMMAND: POST /session/668384e1c1f73f3d5461b9d538daca42/execute/sync - {"script":"<script> [8489 bytes]","args":[{"element-6066-11e4-a52e-4f735466cecf":"f.F64AD31729AEE402AD374BC91D68D115.d.FF3B6F5C75AFA0DFF4B6BF6949D321C0.e.12627","ELEMENT":"f.F64AD31729AEE402AD374BC91D68D115.d.FF3B6F5C75AFA0DFF4B6BF6949D321C0.e.12627"}]}
RESULT: {"script":"<script> [8489 bytes]","args":[{"element-6066-11e4-a52e-4f735466cecf":"f.F64AD31729AEE402AD374BC91D68D115.d.FF3B6F5C75AFA0DFF4B6BF6949D321C0.e.12627","ELEMENT":"f.F64AD31729AEE402AD374BC91D68D115.d.FF3B6F5C75AFA0DFF4B6BF6949D321C0.e.12627"}]}
COMMAND: GET /session/668384e1c1f73f3d5461b9d538daca42/screenshot - {}
RESULT: {}
COMMAND: POST /session/668384e1c1f73f3d5461b9d538daca42/execute/sync - {"script":"<script> [8489 bytes]","args":[{"element-6066-11e4-a52e-4f735466cecf":"f.F64AD31729AEE402AD374BC91D68D115.d.FF3B6F5C75AFA0DFF4B6BF6949D321C0.e.12627","ELEMENT":"f.F64AD31729AEE402AD374BC91D68D115.d.FF3B6F5C75AFA0DFF4B6BF6949D321C0.e.12627"}]}
RESULT: {"script":"<script> [8489 bytes]","args":[{"element-6066-11e4-a52e-4f735466cecf":"f.F64AD31729AEE402AD374BC91D68D115.d.FF3B6F5C75AFA0DFF4B6BF6949D321C0.e.12627","ELEMENT":"f.F64AD31729AEE402AD374BC91D68D115.d.FF3B6F5C75AFA0DFF4B6BF6949D321C0.e.12627"}]}
COMMAND: GET /session/668384e1c1f73f3d5461b9d538daca42/screenshot - {}
RESULT: {}
COMMAND: POST /session/668384e1c1f73f3d5461b9d538daca42/execute/sync - {"script":"<script> [8489 bytes]","args":[{"element-6066-11e4-a52e-4f735466cecf":"f.F64AD31729AEE402AD374BC91D68D115.d.FF3B6F5C75AFA0DFF4B6BF6949D321C0.e.12627","ELEMENT":"f.F64AD31729AEE402AD374BC91D68D115.d.FF3B6F5C75AFA0DFF4B6BF6949D321C0.e.12627"}]}
RESULT: {"script":"<script> [8489 bytes]","args":[{"element-6066-11e4-a52e-4f735466cecf":"f.F64AD31729AEE402AD374BC91D68D115.d.FF3B6F5C75AFA0DFF4B6BF6949D321C0.e.12627","ELEMENT":"f.F64AD31729AEE402AD374BC91D68D115.d.FF3B6F5C75AFA0DFF4B6BF6949D321C0.e.12627"}]}
COMMAND: GET /session/668384e1c1f73f3d5461b9d538daca42/screenshot - {}
RESULT: {}
COMMAND: POST /session/668384e1c1f73f3d5461b9d538daca42/execute/sync - {"script":"<script> [8489 bytes]","args":[{"element-6066-11e4-a52e-4f735466cecf":"f.F64AD31729AEE402AD374BC91D68D115.d.FF3B6F5C75AFA0DFF4B6BF6949D321C0.e.12627","ELEMENT":"f.F64AD31729AEE402AD374BC91D68D115.d.FF3B6F5C75AFA0DFF4B6BF6949D321C0.e.12627"}]}
RESULT: {"script":"<script> [8489 bytes]","args":[{"element-6066-11e4-a52e-4f735466cecf":"f.F64AD31729AEE402AD374BC91D68D115.d.FF3B6F5C75AFA0DFF4B6BF6949D321C0.e.12627","ELEMENT":"f.F64AD31729AEE402AD374BC91D68D115.d.FF3B6F5C75AFA0DFF4B6BF6949D321C0.e.12627"}]}
COMMAND: GET /session/668384e1c1f73f3d5461b9d538daca42/screenshot - {}
COMMAND: POST /session/668384e1c1f73f3d5461b9d538daca42/execute/sync - {"script":"<script> [8489 bytes]","args":[{"element-6066-11e4-a52e-4f735466cecf":"f.F64AD31729AEE402AD374BC91D68D115.d.FF3B6F5C75AFA0DFF4B6BF6949D321C0.e.12627","ELEMENT":"f.F64AD31729AEE402AD374BC91D68D115.d.FF3B6F5C75AFA0DFF4B6BF6949D321C0.e.12627"}]}
RESULT: {}
RESULT: {"script":"<script> [8489 bytes]","args":[{"element-6066-11e4-a52e-4f735466cecf":"f.F64AD31729AEE402AD374BC91D68D115.d.FF3B6F5C75AFA0DFF4B6BF6949D321C0.e.12627","ELEMENT":"f.F64AD31729AEE402AD374BC91D68D115.d.FF3B6F5C75AFA0DFF4B6BF6949D321C0.e.12627"}]}
COMMAND: GET /session/668384e1c1f73f3d5461b9d538daca42/screenshot - {}
COMMAND: POST /session/668384e1c1f73f3d5461b9d538daca42/execute/sync - {"script":"<script> [8489 bytes]","args":[{"element-6066-11e4-a52e-4f735466cecf":"f.F64AD31729AEE402AD374BC91D68D115.d.FF3B6F5C75AFA0DFF4B6BF6949D321C0.e.12627","ELEMENT":"f.F64AD31729AEE402AD374BC91D68D115.d.FF3B6F5C75AFA0DFF4B6BF6949D321C0.e.12627"}]}
RESULT: {}
RESULT: {"script":"<script> [8489 bytes]","args":[{"element-6066-11e4-a52e-4f735466cecf":"f.F64AD31729AEE402AD374BC91D68D115.d.FF3B6F5C75AFA0DFF4B6BF6949D321C0.e.12627","ELEMENT":"f.F64AD31729AEE402AD374BC91D68D115.d.FF3B6F5C75AFA0DFF4B6BF6949D321C0.e.12627"}]}
COMMAND: GET /session/668384e1c1f73f3d5461b9d538daca42/screenshot - {}
COMMAND: POST /session/668384e1c1f73f3d5461b9d538daca42/execute/sync - {"script":"<script> [8489 bytes]","args":[{"element-6066-11e4-a52e-4f735466cecf":"f.F64AD31729AEE402AD374BC91D68D115.d.FF3B6F5C75AFA0DFF4B6BF6949D321C0.e.12627","ELEMENT":"f.F64AD31729AEE402AD374BC91D68D115.d.FF3B6F5C75AFA0DFF4B6BF6949D321C0.e.12627"}]}
RESULT: {}
RESULT: {"script":"<script> [8489 bytes]","args":[{"element-6066-11e4-a52e-4f735466cecf":"f.F64AD31729AEE402AD374BC91D68D115.d.FF3B6F5C75AFA0DFF4B6BF6949D321C0.e.12627","ELEMENT":"f.F64AD31729AEE402AD374BC91D68D115.d.FF3B6F5C75AFA0DFF4B6BF6949D321C0.e.12627"}]}
COMMAND: GET /session/668384e1c1f73f3d5461b9d538daca42/screenshot - {}
COMMAND: POST /session/668384e1c1f73f3d5461b9d538daca42/execute/sync - {"script":"<script> [8489 bytes]","args":[{"element-6066-11e4-a52e-4f735466cecf":"f.F64AD31729AEE402AD374BC91D68D115.d.FF3B6F5C75AFA0DFF4B6BF6949D321C0.e.12627","ELEMENT":"f.F64AD31729AEE402AD374BC91D68D115.d.FF3B6F5C75AFA0DFF4B6BF6949D321C0.e.12627"}]}
RESULT: {}
RESULT: {"script":"<script> [8489 bytes]","args":[{"element-6066-11e4-a52e-4f735466cecf":"f.F64AD31729AEE402AD374BC91D68D115.d.FF3B6F5C75AFA0DFF4B6BF6949D321C0.e.12627","ELEMENT":"f.F64AD31729AEE402AD374BC91D68D115.d.FF3B6F5C75AFA0DFF4B6BF6949D321C0.e.12627"}]}
COMMAND: GET /session/668384e1c1f73f3d5461b9d538daca42/screenshot - {}
COMMAND: POST /session/668384e1c1f73f3d5461b9d538daca42/execute/sync - {"script":"<script> [8489 bytes]","args":[{"element-6066-11e4-a52e-4f735466cecf":"f.F64AD31729AEE402AD374BC91D68D115.d.FF3B6F5C75AFA0DFF4B6BF6949D321C0.e.12627","ELEMENT":"f.F64AD31729AEE402AD374BC91D68D115.d.FF3B6F5C75AFA0DFF4B6BF6949D321C0.e.12627"}]}
RESULT: {}
RESULT: {"script":"<script> [8489 bytes]","args":[{"element-6066-11e4-a52e-4f735466cecf":"f.F64AD31729AEE402AD374BC91D68D115.d.FF3B6F5C75AFA0DFF4B6BF6949D321C0.e.12627","ELEMENT":"f.F64AD31729AEE402AD374BC91D68D115.d.FF3B6F5C75AFA0DFF4B6BF6949D321C0.e.12627"}]}
COMMAND: GET /session/668384e1c1f73f3d5461b9d538daca42/screenshot - {}
RESULT: {}
COMMAND: POST /session/668384e1c1f73f3d5461b9d538daca42/execute/sync - {"script":"<script> [8489 bytes]","args":[{"element-6066-11e4-a52e-4f735466cecf":"f.F64AD31729AEE402AD374BC91D68D115.d.FF3B6F5C75AFA0DFF4B6BF6949D321C0.e.12627","ELEMENT":"f.F64AD31729AEE402AD374BC91D68D115.d.FF3B6F5C75AFA0DFF4B6BF6949D321C0.e.12627"}]}
RESULT: {"script":"<script> [8489 bytes]","args":[{"element-6066-11e4-a52e-4f735466cecf":"f.F64AD31729AEE402AD374BC91D68D115.d.FF3B6F5C75AFA0DFF4B6BF6949D321C0.e.12627","ELEMENT":"f.F64AD31729AEE402AD374BC91D68D115.d.FF3B6F5C75AFA0DFF4B6BF6949D321C0.e.12627"}]}
COMMAND: GET /session/668384e1c1f73f3d5461b9d538daca42/screenshot - {}
RESULT: {}
COMMAND: POST /session/668384e1c1f73f3d5461b9d538daca42/execute/sync - {"script":"<script> [8489 bytes]","args":[{"element-6066-11e4-a52e-4f735466cecf":"f.F64AD31729AEE402AD374BC91D68D115.d.FF3B6F5C75AFA0DFF4B6BF6949D321C0.e.12627","ELEMENT":"f.F64AD31729AEE402AD374BC91D68D115.d.FF3B6F5C75AFA0DFF4B6BF6949D321C0.e.12627"}]}
RESULT: {"script":"<script> [8489 bytes]","args":[{"element-6066-11e4-a52e-4f735466cecf":"f.F64AD31729AEE402AD374BC91D68D115.d.FF3B6F5C75AFA0DFF4B6BF6949D321C0.e.12627","ELEMENT":"f.F64AD31729AEE402AD374BC91D68D115.d.FF3B6F5C75AFA0DFF4B6BF6949D321C0.e.12627"}]}
COMMAND: GET /session/668384e1c1f73f3d5461b9d538daca42/screenshot - {}
RESULT: {}
COMMAND: POST /session/668384e1c1f73f3d5461b9d538daca42/execute/sync - {"script":"<script> [8489 bytes]","args":[{"element-6066-11e4-a52e-4f735466cecf":"f.F64AD31729AEE402AD374BC91D68D115.d.FF3B6F5C75AFA0DFF4B6BF6949D321C0.e.12627","ELEMENT":"f.F64AD31729AEE402AD374BC91D68D115.d.FF3B6F5C75AFA0DFF4B6BF6949D321C0.e.12627"}]}
RESULT: {"script":"<script> [8489 bytes]","args":[{"element-6066-11e4-a52e-4f735466cecf":"f.F64AD31729AEE402AD374BC91D68D115.d.FF3B6F5C75AFA0DFF4B6BF6949D321C0.e.12627","ELEMENT":"f.F64AD31729AEE402AD374BC91D68D115.d.FF3B6F5C75AFA0DFF4B6BF6949D321C0.e.12627"}]}
COMMAND: GET /session/668384e1c1f73f3d5461b9d538daca42/screenshot - {}
RESULT: {}
COMMAND: POST /session/668384e1c1f73f3d5461b9d538daca42/execute/sync - {"script":"<script> [8489 bytes]","args":[{"element-6066-11e4-a52e-4f735466cecf":"f.F64AD31729AEE402AD374BC91D68D115.d.FF3B6F5C75AFA0DFF4B6BF6949D321C0.e.12627","ELEMENT":"f.F64AD31729AEE402AD374BC91D68D115.d.FF3B6F5C75AFA0DFF4B6BF6949D321C0.e.12627"}]}
RESULT: {"script":"<script> [8489 bytes]","args":[{"element-6066-11e4-a52e-4f735466cecf":"f.F64AD31729AEE402AD374BC91D68D115.d.FF3B6F5C75AFA0DFF4B6BF6949D321C0.e.12627","ELEMENT":"f.F64AD31729AEE402AD374BC91D68D115.d.FF3B6F5C75AFA0DFF4B6BF6949D321C0.e.12627"}]}
COMMAND: GET /session/668384e1c1f73f3d5461b9d538daca42/screenshot - {}
RESULT: {}
COMMAND: POST /session/668384e1c1f73f3d5461b9d538daca42/execute/sync - {"script":"<script> [8489 bytes]","args":[{"element-6066-11e4-a52e-4f735466cecf":"f.F64AD31729AEE402AD374BC91D68D115.d.FF3B6F5C75AFA0DFF4B6BF6949D321C0.e.12627","ELEMENT":"f.F64AD31729AEE402AD374BC91D68D115.d.FF3B6F5C75AFA0DFF4B6BF6949D321C0.e.12627"}]}
RESULT: {"script":"<script> [8489 bytes]","args":[{"element-6066-11e4-a52e-4f735466cecf":"f.F64AD31729AEE402AD374BC91D68D115.d.FF3B6F5C75AFA0DFF4B6BF6949D321C0.e.12627","ELEMENT":"f.F64AD31729AEE402AD374BC91D68D115.d.FF3B6F5C75AFA0DFF4B6BF6949D321C0.e.12627"}]}
COMMAND: GET /session/668384e1c1f73f3d5461b9d538daca42/screenshot - {}
RESULT: {}
COMMAND: POST /session/668384e1c1f73f3d5461b9d538daca42/execute/sync - {"script":"<script> [8489 bytes]","args":[{"element-6066-11e4-a52e-4f735466cecf":"f.F64AD31729AEE402AD374BC91D68D115.d.FF3B6F5C75AFA0DFF4B6BF6949D321C0.e.12627","ELEMENT":"f.F64AD31729AEE402AD374BC91D68D115.d.FF3B6F5C75AFA0DFF4B6BF6949D321C0.e.12627"}]}
RESULT: {"script":"<script> [8489 bytes]","args":[{"element-6066-11e4-a52e-4f735466cecf":"f.F64AD31729AEE402AD374BC91D68D115.d.FF3B6F5C75AFA0DFF4B6BF6949D321C0.e.12627","ELEMENT":"f.F64AD31729AEE402AD374BC91D68D115.d.FF3B6F5C75AFA0DFF4B6BF6949D321C0.e.12627"}]}
COMMAND: GET /session/668384e1c1f73f3d5461b9d538daca42/screenshot - {}
RESULT: {}
COMMAND: POST /session/668384e1c1f73f3d5461b9d538daca42/execute/sync - {"script":"<script> [8489 bytes]","args":[{"element-6066-11e4-a52e-4f735466cecf":"f.F64AD31729AEE402AD374BC91D68D115.d.FF3B6F5C75AFA0DFF4B6BF6949D321C0.e.12627","ELEMENT":"f.F64AD31729AEE402AD374BC91D68D115.d.FF3B6F5C75AFA0DFF4B6BF6949D321C0.e.12627"}]}
RESULT: {"script":"<script> [8489 bytes]","args":[{"element-6066-11e4-a52e-4f735466cecf":"f.F64AD31729AEE402AD374BC91D68D115.d.FF3B6F5C75AFA0DFF4B6BF6949D321C0.e.12627","ELEMENT":"f.F64AD31729AEE402AD374BC91D68D115.d.FF3B6F5C75AFA0DFF4B6BF6949D321C0.e.12627"}]}
COMMAND: GET /session/668384e1c1f73f3d5461b9d538daca42/screenshot - {}
RESULT: {}
COMMAND: POST /session/668384e1c1f73f3d5461b9d538daca42/execute/sync - {"script":"<script> [8489 bytes]","args":[{"element-6066-11e4-a52e-4f735466cecf":"f.F64AD31729AEE402AD374BC91D68D115.d.FF3B6F5C75AFA0DFF4B6BF6949D321C0.e.12627","ELEMENT":"f.F64AD31729AEE402AD374BC91D68D115.d.FF3B6F5C75AFA0DFF4B6BF6949D321C0.e.12627"}]}
RESULT: {"script":"<script> [8489 bytes]","args":[{"element-6066-11e4-a52e-4f735466cecf":"f.F64AD31729AEE402AD374BC91D68D115.d.FF3B6F5C75AFA0DFF4B6BF6949D321C0.e.12627","ELEMENT":"f.F64AD31729AEE402AD374BC91D68D115.d.FF3B6F5C75AFA0DFF4B6BF6949D321C0.e.12627"}]}
COMMAND: GET /session/668384e1c1f73f3d5461b9d538daca42/screenshot - {}
RESULT: {}
COMMAND: POST /session/668384e1c1f73f3d5461b9d538daca42/execute/sync - {"script":"<script> [8489 bytes]","args":[{"element-6066-11e4-a52e-4f735466cecf":"f.F64AD31729AEE402AD374BC91D68D115.d.FF3B6F5C75AFA0DFF4B6BF6949D321C0.e.12627","ELEMENT":"f.F64AD31729AEE402AD374BC91D68D115.d.FF3B6F5C75AFA0DFF4B6BF6949D321C0.e.12627"}]}
RESULT: {"script":"<script> [8489 bytes]","args":[{"element-6066-11e4-a52e-4f735466cecf":"f.F64AD31729AEE402AD374BC91D68D115.d.FF3B6F5C75AFA0DFF4B6BF6949D321C0.e.12627","ELEMENT":"f.F64AD31729AEE402AD374BC91D68D115.d.FF3B6F5C75AFA0DFF4B6BF6949D321C0.e.12627"}]}
COMMAND: GET /session/668384e1c1f73f3d5461b9d538daca42/screenshot - {}
COMMAND: POST /session/668384e1c1f73f3d5461b9d538daca42/execute/sync - {"script":"<script> [8489 bytes]","args":[{"element-6066-11e4-a52e-4f735466cecf":"f.F64AD31729AEE402AD374BC91D68D115.d.FF3B6F5C75AFA0DFF4B6BF6949D321C0.e.12627","ELEMENT":"f.F64AD31729AEE402AD374BC91D68D115.d.FF3B6F5C75AFA0DFF4B6BF6949D321C0.e.12627"}]}
RESULT: {}
RESULT: {"script":"<script> [8489 bytes]","args":[{"element-6066-11e4-a52e-4f735466cecf":"f.F64AD31729AEE402AD374BC91D68D115.d.FF3B6F5C75AFA0DFF4B6BF6949D321C0.e.12627","ELEMENT":"f.F64AD31729AEE402AD374BC91D68D115.d.FF3B6F5C75AFA0DFF4B6BF6949D321C0.e.12627"}]}
COMMAND: GET /session/668384e1c1f73f3d5461b9d538daca42/screenshot - {}
RESULT: {}
COMMAND: POST /session/668384e1c1f73f3d5461b9d538daca42/execute/sync - {"script":"<script> [8489 bytes]","args":[{"element-6066-11e4-a52e-4f735466cecf":"f.F64AD31729AEE402AD374BC91D68D115.d.FF3B6F5C75AFA0DFF4B6BF6949D321C0.e.12627","ELEMENT":"f.F64AD31729AEE402AD374BC91D68D115.d.FF3B6F5C75AFA0DFF4B6BF6949D321C0.e.12627"}]}
RESULT: {"script":"<script> [8489 bytes]","args":[{"element-6066-11e4-a52e-4f735466cecf":"f.F64AD31729AEE402AD374BC91D68D115.d.FF3B6F5C75AFA0DFF4B6BF6949D321C0.e.12627","ELEMENT":"f.F64AD31729AEE402AD374BC91D68D115.d.FF3B6F5C75AFA0DFF4B6BF6949D321C0.e.12627"}]}
COMMAND: GET /session/668384e1c1f73f3d5461b9d538daca42/screenshot - {}
COMMAND: POST /session/668384e1c1f73f3d5461b9d538daca42/execute/sync - {"script":"<script> [8489 bytes]","args":[{"element-6066-11e4-a52e-4f735466cecf":"f.F64AD31729AEE402AD374BC91D68D115.d.FF3B6F5C75AFA0DFF4B6BF6949D321C0.e.12627","ELEMENT":"f.F64AD31729AEE402AD374BC91D68D115.d.FF3B6F5C75AFA0DFF4B6BF6949D321C0.e.12627"}]}
RESULT: {}
RESULT: {"script":"<script> [8489 bytes]","args":[{"element-6066-11e4-a52e-4f735466cecf":"f.F64AD31729AEE402AD374BC91D68D115.d.FF3B6F5C75AFA0DFF4B6BF6949D321C0.e.12627","ELEMENT":"f.F64AD31729AEE402AD374BC91D68D115.d.FF3B6F5C75AFA0DFF4B6BF6949D321C0.e.12627"}]}
COMMAND: GET /session/668384e1c1f73f3d5461b9d538daca42/screenshot - {}
COMMAND: POST /session/668384e1c1f73f3d5461b9d538daca42/execute/sync - {"script":"<script> [8489 bytes]","args":[{"element-6066-11e4-a52e-4f735466cecf":"f.F64AD31729AEE402AD374BC91D68D115.d.FF3B6F5C75AFA0DFF4B6BF6949D321C0.e.12627","ELEMENT":"f.F64AD31729AEE402AD374BC91D68D115.d.FF3B6F5C75AFA0DFF4B6BF6949D321C0.e.12627"}]}
RESULT: {}
RESULT: {"script":"<script> [8489 bytes]","args":[{"element-6066-11e4-a52e-4f735466cecf":"f.F64AD31729AEE402AD374BC91D68D115.d.FF3B6F5C75AFA0DFF4B6BF6949D321C0.e.12627","ELEMENT":"f.F64AD31729AEE402AD374BC91D68D115.d.FF3B6F5C75AFA0DFF4B6BF6949D321C0.e.12627"}]}
COMMAND: GET /session/668384e1c1f73f3d5461b9d538daca42/screenshot - {}
COMMAND: POST /session/668384e1c1f73f3d5461b9d538daca42/execute/sync - {"script":"<script> [8489 bytes]","args":[{"element-6066-11e4-a52e-4f735466cecf":"f.F64AD31729AEE402AD374BC91D68D115.d.FF3B6F5C75AFA0DFF4B6BF6949D321C0.e.12627","ELEMENT":"f.F64AD31729AEE402AD374BC91D68D115.d.FF3B6F5C75AFA0DFF4B6BF6949D321C0.e.12627"}]}
RESULT: {}
RESULT: {"script":"<script> [8489 bytes]","args":[{"element-6066-11e4-a52e-4f735466cecf":"f.F64AD31729AEE402AD374BC91D68D115.d.FF3B6F5C75AFA0DFF4B6BF6949D321C0.e.12627","ELEMENT":"f.F64AD31729AEE402AD374BC91D68D115.d.FF3B6F5C75AFA0DFF4B6BF6949D321C0.e.12627"}]}
COMMAND: GET /session/668384e1c1f73f3d5461b9d538daca42/screenshot - {}
COMMAND: POST /session/668384e1c1f73f3d5461b9d538daca42/execute/sync - {"script":"<script> [8489 bytes]","args":[{"element-6066-11e4-a52e-4f735466cecf":"f.F64AD31729AEE402AD374BC91D68D115.d.FF3B6F5C75AFA0DFF4B6BF6949D321C0.e.12627","ELEMENT":"f.F64AD31729AEE402AD374BC91D68D115.d.FF3B6F5C75AFA0DFF4B6BF6949D321C0.e.12627"}]}
RESULT: {}
RESULT: {"script":"<script> [8489 bytes]","args":[{"element-6066-11e4-a52e-4f735466cecf":"f.F64AD31729AEE402AD374BC91D68D115.d.FF3B6F5C75AFA0DFF4B6BF6949D321C0.e.12627","ELEMENT":"f.F64AD31729AEE402AD374BC91D68D115.d.FF3B6F5C75AFA0DFF4B6BF6949D321C0.e.12627"}]}
COMMAND: GET /session/668384e1c1f73f3d5461b9d538daca42/screenshot - {}
COMMAND: POST /session/668384e1c1f73f3d5461b9d538daca42/execute/sync - {"script":"<script> [8489 bytes]","args":[{"element-6066-11e4-a52e-4f735466cecf":"f.F64AD31729AEE402AD374BC91D68D115.d.FF3B6F5C75AFA0DFF4B6BF6949D321C0.e.12627","ELEMENT":"f.F64AD31729AEE402AD374BC91D68D115.d.FF3B6F5C75AFA0DFF4B6BF6949D321C0.e.12627"}]}
RESULT: {}
RESULT: {"script":"<script> [8489 bytes]","args":[{"element-6066-11e4-a52e-4f735466cecf":"f.F64AD31729AEE402AD374BC91D68D115.d.FF3B6F5C75AFA0DFF4B6BF6949D321C0.e.12627","ELEMENT":"f.F64AD31729AEE402AD374BC91D68D115.d.FF3B6F5C75AFA0DFF4B6BF6949D321C0.e.12627"}]}
COMMAND: GET /session/668384e1c1f73f3d5461b9d538daca42/screenshot - {}
COMMAND: POST /session/668384e1c1f73f3d5461b9d538daca42/execute/sync - {"script":"<script> [8489 bytes]","args":[{"element-6066-11e4-a52e-4f735466cecf":"f.F64AD31729AEE402AD374BC91D68D115.d.FF3B6F5C75AFA0DFF4B6BF6949D321C0.e.12627","ELEMENT":"f.F64AD31729AEE402AD374BC91D68D115.d.FF3B6F5C75AFA0DFF4B6BF6949D321C0.e.12627"}]}
RESULT: {}
RESULT: {"script":"<script> [8489 bytes]","args":[{"element-6066-11e4-a52e-4f735466cecf":"f.F64AD31729AEE402AD374BC91D68D115.d.FF3B6F5C75AFA0DFF4B6BF6949D321C0.e.12627","ELEMENT":"f.F64AD31729AEE402AD374BC91D68D115.d.FF3B6F5C75AFA0DFF4B6BF6949D321C0.e.12627"}]}
COMMAND: GET /session/668384e1c1f73f3d5461b9d538daca42/screenshot - {}
COMMAND: POST /session/668384e1c1f73f3d5461b9d538daca42/execute/sync - {"script":"<script> [8489 bytes]","args":[{"element-6066-11e4-a52e-4f735466cecf":"f.F64AD31729AEE402AD374BC91D68D115.d.FF3B6F5C75AFA0DFF4B6BF6949D321C0.e.12627","ELEMENT":"f.F64AD31729AEE402AD374BC91D68D115.d.FF3B6F5C75AFA0DFF4B6BF6949D321C0.e.12627"}]}
RESULT: {}
RESULT: {"script":"<script> [8489 bytes]","args":[{"element-6066-11e4-a52e-4f735466cecf":"f.F64AD31729AEE402AD374BC91D68D115.d.FF3B6F5C75AFA0DFF4B6BF6949D321C0.e.12627","ELEMENT":"f.F64AD31729AEE402AD374BC91D68D115.d.FF3B6F5C75AFA0DFF4B6BF6949D321C0.e.12627"}]}
COMMAND: GET /session/668384e1c1f73f3d5461b9d538daca42/screenshot - {}
COMMAND: POST /session/668384e1c1f73f3d5461b9d538daca42/execute/sync - {"script":"<script> [8489 bytes]","args":[{"element-6066-11e4-a52e-4f735466cecf":"f.F64AD31729AEE402AD374BC91D68D115.d.FF3B6F5C75AFA0DFF4B6BF6949D321C0.e.12627","ELEMENT":"f.F64AD31729AEE402AD374BC91D68D115.d.FF3B6F5C75AFA0DFF4B6BF6949D321C0.e.12627"}]}
RESULT: {}
RESULT: {"script":"<script> [8489 bytes]","args":[{"element-6066-11e4-a52e-4f735466cecf":"f.F64AD31729AEE402AD374BC91D68D115.d.FF3B6F5C75AFA0DFF4B6BF6949D321C0.e.12627","ELEMENT":"f.F64AD31729AEE402AD374BC91D68D115.d.FF3B6F5C75AFA0DFF4B6BF6949D321C0.e.12627"}]}
COMMAND: GET /session/668384e1c1f73f3d5461b9d538daca42/screenshot - {}
RESULT: {}
COMMAND: POST /session/668384e1c1f73f3d5461b9d538daca42/execute/sync - {"script":"<script> [8489 bytes]","args":[{"element-6066-11e4-a52e-4f735466cecf":"f.F64AD31729AEE402AD374BC91D68D115.d.FF3B6F5C75AFA0DFF4B6BF6949D321C0.e.12627","ELEMENT":"f.F64AD31729AEE402AD374BC91D68D115.d.FF3B6F5C75AFA0DFF4B6BF6949D321C0.e.12627"}]}
RESULT: {"script":"<script> [8489 bytes]","args":[{"element-6066-11e4-a52e-4f735466cecf":"f.F64AD31729AEE402AD374BC91D68D115.d.FF3B6F5C75AFA0DFF4B6BF6949D321C0.e.12627","ELEMENT":"f.F64AD31729AEE402AD374BC91D68D115.d.FF3B6F5C75AFA0DFF4B6BF6949D321C0.e.12627"}]}
COMMAND: GET /session/668384e1c1f73f3d5461b9d538daca42/screenshot - {}
RESULT: {}
COMMAND: POST /session/668384e1c1f73f3d5461b9d538daca42/execute/sync - {"script":"<script> [8489 bytes]","args":[{"element-6066-11e4-a52e-4f735466cecf":"f.F64AD31729AEE402AD374BC91D68D115.d.FF3B6F5C75AFA0DFF4B6BF6949D321C0.e.12627","ELEMENT":"f.F64AD31729AEE402AD374BC91D68D115.d.FF3B6F5C75AFA0DFF4B6BF6949D321C0.e.12627"}]}
RESULT: {"script":"<script> [8489 bytes]","args":[{"element-6066-11e4-a52e-4f735466cecf":"f.F64AD31729AEE402AD374BC91D68D115.d.FF3B6F5C75AFA0DFF4B6BF6949D321C0.e.12627","ELEMENT":"f.F64AD31729AEE402AD374BC91D68D115.d.FF3B6F5C75AFA0DFF4B6BF6949D321C0.e.12627"}]}
COMMAND: GET /session/668384e1c1f73f3d5461b9d538daca42/screenshot - {}
RESULT: {}
COMMAND: POST /session/668384e1c1f73f3d5461b9d538daca42/execute/sync - {"script":"<script> [8489 bytes]","args":[{"element-6066-11e4-a52e-4f735466cecf":"f.F64AD31729AEE402AD374BC91D68D115.d.FF3B6F5C75AFA0DFF4B6BF6949D321C0.e.12627","ELEMENT":"f.F64AD31729AEE402AD374BC91D68D115.d.FF3B6F5C75AFA0DFF4B6BF6949D321C0.e.12627"}]}
RESULT: {"script":"<script> [8489 bytes]","args":[{"element-6066-11e4-a52e-4f735466cecf":"f.F64AD31729AEE402AD374BC91D68D115.d.FF3B6F5C75AFA0DFF4B6BF6949D321C0.e.12627","ELEMENT":"f.F64AD31729AEE402AD374BC91D68D115.d.FF3B6F5C75AFA0DFF4B6BF6949D321C0.e.12627"}]}
COMMAND: GET /session/668384e1c1f73f3d5461b9d538daca42/screenshot - {}
RESULT: {}
COMMAND: POST /session/668384e1c1f73f3d5461b9d538daca42/execute/sync - {"script":"<script> [8489 bytes]","args":[{"element-6066-11e4-a52e-4f735466cecf":"f.F64AD31729AEE402AD374BC91D68D115.d.FF3B6F5C75AFA0DFF4B6BF6949D321C0.e.12627","ELEMENT":"f.F64AD31729AEE402AD374BC91D68D115.d.FF3B6F5C75AFA0DFF4B6BF6949D321C0.e.12627"}]}
RESULT: {"script":"<script> [8489 bytes]","args":[{"element-6066-11e4-a52e-4f735466cecf":"f.F64AD31729AEE402AD374BC91D68D115.d.FF3B6F5C75AFA0DFF4B6BF6949D321C0.e.12627","ELEMENT":"f.F64AD31729AEE402AD374BC91D68D115.d.FF3B6F5C75AFA0DFF4B6BF6949D321C0.e.12627"}]}
COMMAND: GET /session/668384e1c1f73f3d5461b9d538daca42/screenshot - {}
RESULT: {}
COMMAND: POST /session/668384e1c1f73f3d5461b9d538daca42/execute/sync - {"script":"<script> [8489 bytes]","args":[{"element-6066-11e4-a52e-4f735466cecf":"f.F64AD31729AEE402AD374BC91D68D115.d.FF3B6F5C75AFA0DFF4B6BF6949D321C0.e.12627","ELEMENT":"f.F64AD31729AEE402AD374BC91D68D115.d.FF3B6F5C75AFA0DFF4B6BF6949D321C0.e.12627"}]}
RESULT: {"script":"<script> [8489 bytes]","args":[{"element-6066-11e4-a52e-4f735466cecf":"f.F64AD31729AEE402AD374BC91D68D115.d.FF3B6F5C75AFA0DFF4B6BF6949D321C0.e.12627","ELEMENT":"f.F64AD31729AEE402AD374BC91D68D115.d.FF3B6F5C75AFA0DFF4B6BF6949D321C0.e.12627"}]}
COMMAND: GET /session/668384e1c1f73f3d5461b9d538daca42/screenshot - {}
RESULT: {}
COMMAND: POST /session/668384e1c1f73f3d5461b9d538daca42/execute/sync - {"script":"<script> [8489 bytes]","args":[{"element-6066-11e4-a52e-4f735466cecf":"f.F64AD31729AEE402AD374BC91D68D115.d.FF3B6F5C75AFA0DFF4B6BF6949D321C0.e.12627","ELEMENT":"f.F64AD31729AEE402AD374BC91D68D115.d.FF3B6F5C75AFA0DFF4B6BF6949D321C0.e.12627"}]}
RESULT: {"script":"<script> [8489 bytes]","args":[{"element-6066-11e4-a52e-4f735466cecf":"f.F64AD31729AEE402AD374BC91D68D115.d.FF3B6F5C75AFA0DFF4B6BF6949D321C0.e.12627","ELEMENT":"f.F64AD31729AEE402AD374BC91D68D115.d.FF3B6F5C75AFA0DFF4B6BF6949D321C0.e.12627"}]}
COMMAND: GET /session/668384e1c1f73f3d5461b9d538daca42/screenshot - {}
RESULT: {}
COMMAND: POST /session/668384e1c1f73f3d5461b9d538daca42/execute/sync - {"script":"<script> [8489 bytes]","args":[{"element-6066-11e4-a52e-4f735466cecf":"f.F64AD31729AEE402AD374BC91D68D115.d.FF3B6F5C75AFA0DFF4B6BF6949D321C0.e.12627","ELEMENT":"f.F64AD31729AEE402AD374BC91D68D115.d.FF3B6F5C75AFA0DFF4B6BF6949D321C0.e.12627"}]}
RESULT: {"script":"<script> [8489 bytes]","args":[{"element-6066-11e4-a52e-4f735466cecf":"f.F64AD31729AEE402AD374BC91D68D115.d.FF3B6F5C75AFA0DFF4B6BF6949D321C0.e.12627","ELEMENT":"f.F64AD31729AEE402AD374BC91D68D115.d.FF3B6F5C75AFA0DFF4B6BF6949D321C0.e.12627"}]}
COMMAND: GET /session/668384e1c1f73f3d5461b9d538daca42/screenshot - {}
RESULT: {}
COMMAND: POST /session/668384e1c1f73f3d5461b9d538daca42/execute/sync - {"script":"<script> [8489 bytes]","args":[{"element-6066-11e4-a52e-4f735466cecf":"f.F64AD31729AEE402AD374BC91D68D115.d.FF3B6F5C75AFA0DFF4B6BF6949D321C0.e.12627","ELEMENT":"f.F64AD31729AEE402AD374BC91D68D115.d.FF3B6F5C75AFA0DFF4B6BF6949D321C0.e.12627"}]}
RESULT: {"script":"<script> [8489 bytes]","args":[{"element-6066-11e4-a52e-4f735466cecf":"f.F64AD31729AEE402AD374BC91D68D115.d.FF3B6F5C75AFA0DFF4B6BF6949D321C0.e.12627","ELEMENT":"f.F64AD31729AEE402AD374BC91D68D115.d.FF3B6F5C75AFA0DFF4B6BF6949D321C0.e.12627"}]}
COMMAND: GET /session/668384e1c1f73f3d5461b9d538daca42/screenshot - {}
RESULT: {}
COMMAND: POST /session/668384e1c1f73f3d5461b9d538daca42/execute/sync - {"script":"<script> [8489 bytes]","args":[{"element-6066-11e4-a52e-4f735466cecf":"f.F64AD31729AEE402AD374BC91D68D115.d.FF3B6F5C75AFA0DFF4B6BF6949D321C0.e.12627","ELEMENT":"f.F64AD31729AEE402AD374BC91D68D115.d.FF3B6F5C75AFA0DFF4B6BF6949D321C0.e.12627"}]}
RESULT: {"script":"<script> [8489 bytes]","args":[{"element-6066-11e4-a52e-4f735466cecf":"f.F64AD31729AEE402AD374BC91D68D115.d.FF3B6F5C75AFA0DFF4B6BF6949D321C0.e.12627","ELEMENT":"f.F64AD31729AEE402AD374BC91D68D115.d.FF3B6F5C75AFA0DFF4B6BF6949D321C0.e.12627"}]}
COMMAND: GET /session/668384e1c1f73f3d5461b9d538daca42/screenshot - {}
RESULT: {}
COMMAND: POST /session/668384e1c1f73f3d5461b9d538daca42/execute/sync - {"script":"<script> [8489 bytes]","args":[{"element-6066-11e4-a52e-4f735466cecf":"f.F64AD31729AEE402AD374BC91D68D115.d.FF3B6F5C75AFA0DFF4B6BF6949D321C0.e.12627","ELEMENT":"f.F64AD31729AEE402AD374BC91D68D115.d.FF3B6F5C75AFA0DFF4B6BF6949D321C0.e.12627"}]}
RESULT: {"script":"<script> [8489 bytes]","args":[{"element-6066-11e4-a52e-4f735466cecf":"f.F64AD31729AEE402AD374BC91D68D115.d.FF3B6F5C75AFA0DFF4B6BF6949D321C0.e.12627","ELEMENT":"f.F64AD31729AEE402AD374BC91D68D115.d.FF3B6F5C75AFA0DFF4B6BF6949D321C0.e.12627"}]}
COMMAND: GET /session/668384e1c1f73f3d5461b9d538daca42/screenshot - {}
RESULT: {}
COMMAND: POST /session/668384e1c1f73f3d5461b9d538daca42/execute/sync - {"script":"<script> [8489 bytes]","args":[{"element-6066-11e4-a52e-4f735466cecf":"f.F64AD31729AEE402AD374BC91D68D115.d.FF3B6F5C75AFA0DFF4B6BF6949D321C0.e.12627","ELEMENT":"f.F64AD31729AEE402AD374BC91D68D115.d.FF3B6F5C75AFA0DFF4B6BF6949D321C0.e.12627"}]}
RESULT: {"script":"<script> [8489 bytes]","args":[{"element-6066-11e4-a52e-4f735466cecf":"f.F64AD31729AEE402AD374BC91D68D115.d.FF3B6F5C75AFA0DFF4B6BF6949D321C0.e.12627","ELEMENT":"f.F64AD31729AEE402AD374BC91D68D115.d.FF3B6F5C75AFA0DFF4B6BF6949D321C0.e.12627"}]}
COMMAND: GET /session/668384e1c1f73f3d5461b9d538daca42/screenshot - {}
RESULT: {}
COMMAND: POST /session/668384e1c1f73f3d5461b9d538daca42/execute/sync - {"script":"<script> [8489 bytes]","args":[{"element-6066-11e4-a52e-4f735466cecf":"f.F64AD31729AEE402AD374BC91D68D115.d.FF3B6F5C75AFA0DFF4B6BF6949D321C0.e.12627","ELEMENT":"f.F64AD31729AEE402AD374BC91D68D115.d.FF3B6F5C75AFA0DFF4B6BF6949D321C0.e.12627"}]}
RESULT: {"script":"<script> [8489 bytes]","args":[{"element-6066-11e4-a52e-4f735466cecf":"f.F64AD31729AEE402AD374BC91D68D115.d.FF3B6F5C75AFA0DFF4B6BF6949D321C0.e.12627","ELEMENT":"f.F64AD31729AEE402AD374BC91D68D115.d.FF3B6F5C75AFA0DFF4B6BF6949D321C0.e.12627"}]}
COMMAND: GET /session/668384e1c1f73f3d5461b9d538daca42/screenshot - {}
RESULT: {}
COMMAND: POST /session/668384e1c1f73f3d5461b9d538daca42/execute/sync - {"script":"<script> [8489 bytes]","args":[{"element-6066-11e4-a52e-4f735466cecf":"f.F64AD31729AEE402AD374BC91D68D115.d.FF3B6F5C75AFA0DFF4B6BF6949D321C0.e.12627","ELEMENT":"f.F64AD31729AEE402AD374BC91D68D115.d.FF3B6F5C75AFA0DFF4B6BF6949D321C0.e.12627"}]}
RESULT: {"script":"<script> [8489 bytes]","args":[{"element-6066-11e4-a52e-4f735466cecf":"f.F64AD31729AEE402AD374BC91D68D115.d.FF3B6F5C75AFA0DFF4B6BF6949D321C0.e.12627","ELEMENT":"f.F64AD31729AEE402AD374BC91D68D115.d.FF3B6F5C75AFA0DFF4B6BF6949D321C0.e.12627"}]}
COMMAND: GET /session/668384e1c1f73f3d5461b9d538daca42/screenshot - {}
RESULT: {}
COMMAND: POST /session/668384e1c1f73f3d5461b9d538daca42/execute/sync - {"script":"<script> [8489 bytes]","args":[{"element-6066-11e4-a52e-4f735466cecf":"f.F64AD31729AEE402AD374BC91D68D115.d.FF3B6F5C75AFA0DFF4B6BF6949D321C0.e.12627","ELEMENT":"f.F64AD31729AEE402AD374BC91D68D115.d.FF3B6F5C75AFA0DFF4B6BF6949D321C0.e.12627"}]}
RESULT: {"script":"<script> [8489 bytes]","args":[{"element-6066-11e4-a52e-4f735466cecf":"f.F64AD31729AEE402AD374BC91D68D115.d.FF3B6F5C75AFA0DFF4B6BF6949D321C0.e.12627","ELEMENT":"f.F64AD31729AEE402AD374BC91D68D115.d.FF3B6F5C75AFA0DFF4B6BF6949D321C0.e.12627"}]}
COMMAND: GET /session/668384e1c1f73f3d5461b9d538daca42/screenshot - {}
RESULT: {}
COMMAND: POST /session/668384e1c1f73f3d5461b9d538daca42/execute/sync - {"script":"<script> [8489 bytes]","args":[{"element-6066-11e4-a52e-4f735466cecf":"f.F64AD31729AEE402AD374BC91D68D115.d.FF3B6F5C75AFA0DFF4B6BF6949D321C0.e.12627","ELEMENT":"f.F64AD31729AEE402AD374BC91D68D115.d.FF3B6F5C75AFA0DFF4B6BF6949D321C0.e.12627"}]}
RESULT: {"script":"<script> [8489 bytes]","args":[{"element-6066-11e4-a52e-4f735466cecf":"f.F64AD31729AEE402AD374BC91D68D115.d.FF3B6F5C75AFA0DFF4B6BF6949D321C0.e.12627","ELEMENT":"f.F64AD31729AEE402AD374BC91D68D115.d.FF3B6F5C75AFA0DFF4B6BF6949D321C0.e.12627"}]}
COMMAND: GET /session/668384e1c1f73f3d5461b9d538daca42/screenshot - {}
RESULT: {}
COMMAND: POST /session/668384e1c1f73f3d5461b9d538daca42/execute/sync - {"script":"<script> [8489 bytes]","args":[{"element-6066-11e4-a52e-4f735466cecf":"f.F64AD31729AEE402AD374BC91D68D115.d.FF3B6F5C75AFA0DFF4B6BF6949D321C0.e.12627","ELEMENT":"f.F64AD31729AEE402AD374BC91D68D115.d.FF3B6F5C75AFA0DFF4B6BF6949D321C0.e.12627"}]}
RESULT: {"script":"<script> [8489 bytes]","args":[{"element-6066-11e4-a52e-4f735466cecf":"f.F64AD31729AEE402AD374BC91D68D115.d.FF3B6F5C75AFA0DFF4B6BF6949D321C0.e.12627","ELEMENT":"f.F64AD31729AEE402AD374BC91D68D115.d.FF3B6F5C75AFA0DFF4B6BF6949D321C0.e.12627"}]}
COMMAND: GET /session/668384e1c1f73f3d5461b9d538daca42/screenshot - {}
RESULT: {}
COMMAND: POST /session/668384e1c1f73f3d5461b9d538daca42/execute/sync - {"script":"<script> [8489 bytes]","args":[{"element-6066-11e4-a52e-4f735466cecf":"f.F64AD31729AEE402AD374BC91D68D115.d.FF3B6F5C75AFA0DFF4B6BF6949D321C0.e.12627","ELEMENT":"f.F64AD31729AEE402AD374BC91D68D115.d.FF3B6F5C75AFA0DFF4B6BF6949D321C0.e.12627"}]}
RESULT: {"script":"<script> [8489 bytes]","args":[{"element-6066-11e4-a52e-4f735466cecf":"f.F64AD31729AEE402AD374BC91D68D115.d.FF3B6F5C75AFA0DFF4B6BF6949D321C0.e.12627","ELEMENT":"f.F64AD31729AEE402AD374BC91D68D115.d.FF3B6F5C75AFA0DFF4B6BF6949D321C0.e.12627"}]}
COMMAND: GET /session/668384e1c1f73f3d5461b9d538daca42/screenshot - {}
RESULT: {}
COMMAND: POST /session/668384e1c1f73f3d5461b9d538daca42/execute/sync - {"script":"<script> [8489 bytes]","args":[{"element-6066-11e4-a52e-4f735466cecf":"f.F64AD31729AEE402AD374BC91D68D115.d.FF3B6F5C75AFA0DFF4B6BF6949D321C0.e.12627","ELEMENT":"f.F64AD31729AEE402AD374BC91D68D115.d.FF3B6F5C75AFA0DFF4B6BF6949D321C0.e.12627"}]}
RESULT: {"script":"<script> [8489 bytes]","args":[{"element-6066-11e4-a52e-4f735466cecf":"f.F64AD31729AEE402AD374BC91D68D115.d.FF3B6F5C75AFA0DFF4B6BF6949D321C0.e.12627","ELEMENT":"f.F64AD31729AEE402AD374BC91D68D115.d.FF3B6F5C75AFA0DFF4B6BF6949D321C0.e.12627"}]}
COMMAND: GET /session/668384e1c1f73f3d5461b9d538daca42/screenshot - {}
RESULT: {}
COMMAND: POST /session/668384e1c1f73f3d5461b9d538daca42/execute/sync - {"script":"<script> [8489 bytes]","args":[{"element-6066-11e4-a52e-4f735466cecf":"f.F64AD31729AEE402AD374BC91D68D115.d.FF3B6F5C75AFA0DFF4B6BF6949D321C0.e.12627","ELEMENT":"f.F64AD31729AEE402AD374BC91D68D115.d.FF3B6F5C75AFA0DFF4B6BF6949D321C0.e.12627"}]}
RESULT: {"script":"<script> [8489 bytes]","args":[{"element-6066-11e4-a52e-4f735466cecf":"f.F64AD31729AEE402AD374BC91D68D115.d.FF3B6F5C75AFA0DFF4B6BF6949D321C0.e.12627","ELEMENT":"f.F64AD31729AEE402AD374BC91D68D115.d.FF3B6F5C75AFA0DFF4B6BF6949D321C0.e.12627"}]}
COMMAND: GET /session/668384e1c1f73f3d5461b9d538daca42/screenshot - {}
RESULT: {}
COMMAND: POST /session/668384e1c1f73f3d5461b9d538daca42/execute/sync - {"script":"<script> [8489 bytes]","args":[{"element-6066-11e4-a52e-4f735466cecf":"f.F64AD31729AEE402AD374BC91D68D115.d.FF3B6F5C75AFA0DFF4B6BF6949D321C0.e.12627","ELEMENT":"f.F64AD31729AEE402AD374BC91D68D115.d.FF3B6F5C75AFA0DFF4B6BF6949D321C0.e.12627"}]}
RESULT: {"script":"<script> [8489 bytes]","args":[{"element-6066-11e4-a52e-4f735466cecf":"f.F64AD31729AEE402AD374BC91D68D115.d.FF3B6F5C75AFA0DFF4B6BF6949D321C0.e.12627","ELEMENT":"f.F64AD31729AEE402AD374BC91D68D115.d.FF3B6F5C75AFA0DFF4B6BF6949D321C0.e.12627"}]}
COMMAND: GET /session/668384e1c1f73f3d5461b9d538daca42/screenshot - {}
RESULT: {}
COMMAND: POST /session/668384e1c1f73f3d5461b9d538daca42/execute/sync - {"script":"<script> [8489 bytes]","args":[{"element-6066-11e4-a52e-4f735466cecf":"f.F64AD31729AEE402AD374BC91D68D115.d.FF3B6F5C75AFA0DFF4B6BF6949D321C0.e.12627","ELEMENT":"f.F64AD31729AEE402AD374BC91D68D115.d.FF3B6F5C75AFA0DFF4B6BF6949D321C0.e.12627"}]}
RESULT: {"script":"<script> [8489 bytes]","args":[{"element-6066-11e4-a52e-4f735466cecf":"f.F64AD31729AEE402AD374BC91D68D115.d.FF3B6F5C75AFA0DFF4B6BF6949D321C0.e.12627","ELEMENT":"f.F64AD31729AEE402AD374BC91D68D115.d.FF3B6F5C75AFA0DFF4B6BF6949D321C0.e.12627"}]}
COMMAND: GET /session/668384e1c1f73f3d5461b9d538daca42/screenshot - {}
RESULT: {}
COMMAND: POST /session/668384e1c1f73f3d5461b9d538daca42/execute/sync - {"script":"<script> [8489 bytes]","args":[{"element-6066-11e4-a52e-4f735466cecf":"f.F64AD31729AEE402AD374BC91D68D115.d.FF3B6F5C75AFA0DFF4B6BF6949D321C0.e.12627","ELEMENT":"f.F64AD31729AEE402AD374BC91D68D115.d.FF3B6F5C75AFA0DFF4B6BF6949D321C0.e.12627"}]}
RESULT: {"script":"<script> [8489 bytes]","args":[{"element-6066-11e4-a52e-4f735466cecf":"f.F64AD31729AEE402AD374BC91D68D115.d.FF3B6F5C75AFA0DFF4B6BF6949D321C0.e.12627","ELEMENT":"f.F64AD31729AEE402AD374BC91D68D115.d.FF3B6F5C75AFA0DFF4B6BF6949D321C0.e.12627"}]}
COMMAND: GET /session/668384e1c1f73f3d5461b9d538daca42/screenshot - {}
RESULT: {}
COMMAND: POST /session/668384e1c1f73f3d5461b9d538daca42/execute/sync - {"script":"<script> [8489 bytes]","args":[{"element-6066-11e4-a52e-4f735466cecf":"f.F64AD31729AEE402AD374BC91D68D115.d.FF3B6F5C75AFA0DFF4B6BF6949D321C0.e.12627","ELEMENT":"f.F64AD31729AEE402AD374BC91D68D115.d.FF3B6F5C75AFA0DFF4B6BF6949D321C0.e.12627"}]}
RESULT: {"script":"<script> [8489 bytes]","args":[{"element-6066-11e4-a52e-4f735466cecf":"f.F64AD31729AEE402AD374BC91D68D115.d.FF3B6F5C75AFA0DFF4B6BF6949D321C0.e.12627","ELEMENT":"f.F64AD31729AEE402AD374BC91D68D115.d.FF3B6F5C75AFA0DFF4B6BF6949D321C0.e.12627"}]}
COMMAND: GET /session/668384e1c1f73f3d5461b9d538daca42/screenshot - {}
RESULT: {}
COMMAND: POST /session/668384e1c1f73f3d5461b9d538daca42/execute/sync - {"script":"<script> [8489 bytes]","args":[{"element-6066-11e4-a52e-4f735466cecf":"f.F64AD31729AEE402AD374BC91D68D115.d.FF3B6F5C75AFA0DFF4B6BF6949D321C0.e.12627","ELEMENT":"f.F64AD31729AEE402AD374BC91D68D115.d.FF3B6F5C75AFA0DFF4B6BF6949D321C0.e.12627"}]}
RESULT: {"script":"<script> [8489 bytes]","args":[{"element-6066-11e4-a52e-4f735466cecf":"f.F64AD31729AEE402AD374BC91D68D115.d.FF3B6F5C75AFA0DFF4B6BF6949D321C0.e.12627","ELEMENT":"f.F64AD31729AEE402AD374BC91D68D115.d.FF3B6F5C75AFA0DFF4B6BF6949D321C0.e.12627"}]}
COMMAND: GET /session/668384e1c1f73f3d5461b9d538daca42/screenshot - {}
RESULT: {}
COMMAND: POST /session/668384e1c1f73f3d5461b9d538daca42/execute/sync - {"script":"<script> [8489 bytes]","args":[{"element-6066-11e4-a52e-4f735466cecf":"f.F64AD31729AEE402AD374BC91D68D115.d.FF3B6F5C75AFA0DFF4B6BF6949D321C0.e.12627","ELEMENT":"f.F64AD31729AEE402AD374BC91D68D115.d.FF3B6F5C75AFA0DFF4B6BF6949D321C0.e.12627"}]}
RESULT: {"script":"<script> [8489 bytes]","args":[{"element-6066-11e4-a52e-4f735466cecf":"f.F64AD31729AEE402AD374BC91D68D115.d.FF3B6F5C75AFA0DFF4B6BF6949D321C0.e.12627","ELEMENT":"f.F64AD31729AEE402AD374BC91D68D115.d.FF3B6F5C75AFA0DFF4B6BF6949D321C0.e.12627"}]}
COMMAND: GET /session/668384e1c1f73f3d5461b9d538daca42/screenshot - {}
COMMAND: POST /session/668384e1c1f73f3d5461b9d538daca42/execute/sync - {"script":"<script> [8489 bytes]","args":[{"element-6066-11e4-a52e-4f735466cecf":"f.F64AD31729AEE402AD374BC91D68D115.d.FF3B6F5C75AFA0DFF4B6BF6949D321C0.e.12627","ELEMENT":"f.F64AD31729AEE402AD374BC91D68D115.d.FF3B6F5C75AFA0DFF4B6BF6949D321C0.e.12627"}]}
RESULT: {}
RESULT: {"script":"<script> [8489 bytes]","args":[{"element-6066-11e4-a52e-4f735466cecf":"f.F64AD31729AEE402AD374BC91D68D115.d.FF3B6F5C75AFA0DFF4B6BF6949D321C0.e.12627","ELEMENT":"f.F64AD31729AEE402AD374BC91D68D115.d.FF3B6F5C75AFA0DFF4B6BF6949D321C0.e.12627"}]}
COMMAND: GET /session/668384e1c1f73f3d5461b9d538daca42/screenshot - {}
COMMAND: POST /session/668384e1c1f73f3d5461b9d538daca42/execute/sync - {"script":"<script> [8489 bytes]","args":[{"element-6066-11e4-a52e-4f735466cecf":"f.F64AD31729AEE402AD374BC91D68D115.d.FF3B6F5C75AFA0DFF4B6BF6949D321C0.e.12627","ELEMENT":"f.F64AD31729AEE402AD374BC91D68D115.d.FF3B6F5C75AFA0DFF4B6BF6949D321C0.e.12627"}]}
RESULT: {}
RESULT: {"script":"<script> [8489 bytes]","args":[{"element-6066-11e4-a52e-4f735466cecf":"f.F64AD31729AEE402AD374BC91D68D115.d.FF3B6F5C75AFA0DFF4B6BF6949D321C0.e.12627","ELEMENT":"f.F64AD31729AEE402AD374BC91D68D115.d.FF3B6F5C75AFA0DFF4B6BF6949D321C0.e.12627"}]}
COMMAND: GET /session/668384e1c1f73f3d5461b9d538daca42/screenshot - {}
COMMAND: POST /session/668384e1c1f73f3d5461b9d538daca42/execute/sync - {"script":"<script> [8489 bytes]","args":[{"element-6066-11e4-a52e-4f735466cecf":"f.F64AD31729AEE402AD374BC91D68D115.d.FF3B6F5C75AFA0DFF4B6BF6949D321C0.e.12627","ELEMENT":"f.F64AD31729AEE402AD374BC91D68D115.d.FF3B6F5C75AFA0DFF4B6BF6949D321C0.e.12627"}]}
RESULT: {}
RESULT: {"script":"<script> [8489 bytes]","args":[{"element-6066-11e4-a52e-4f735466cecf":"f.F64AD31729AEE402AD374BC91D68D115.d.FF3B6F5C75AFA0DFF4B6BF6949D321C0.e.12627","ELEMENT":"f.F64AD31729AEE402AD374BC91D68D115.d.FF3B6F5C75AFA0DFF4B6BF6949D321C0.e.12627"}]}
COMMAND: GET /session/668384e1c1f73f3d5461b9d538daca42/screenshot - {}
RESULT: {}
COMMAND: POST /session/668384e1c1f73f3d5461b9d538daca42/execute/sync - {"script":"<script> [8489 bytes]","args":[{"element-6066-11e4-a52e-4f735466cecf":"f.F64AD31729AEE402AD374BC91D68D115.d.FF3B6F5C75AFA0DFF4B6BF6949D321C0.e.12627","ELEMENT":"f.F64AD31729AEE402AD374BC91D68D115.d.FF3B6F5C75AFA0DFF4B6BF6949D321C0.e.12627"}]}
RESULT: {"script":"<script> [8489 bytes]","args":[{"element-6066-11e4-a52e-4f735466cecf":"f.F64AD31729AEE402AD374BC91D68D115.d.FF3B6F5C75AFA0DFF4B6BF6949D321C0.e.12627","ELEMENT":"f.F64AD31729AEE402AD374BC91D68D115.d.FF3B6F5C75AFA0DFF4B6BF6949D321C0.e.12627"}]}
COMMAND: GET /session/668384e1c1f73f3d5461b9d538daca42/screenshot - {}
RESULT: {}
COMMAND: POST /session/668384e1c1f73f3d5461b9d538daca42/execute/sync - {"script":"<script> [8489 bytes]","args":[{"element-6066-11e4-a52e-4f735466cecf":"f.F64AD31729AEE402AD374BC91D68D115.d.FF3B6F5C75AFA0DFF4B6BF6949D321C0.e.12627","ELEMENT":"f.F64AD31729AEE402AD374BC91D68D115.d.FF3B6F5C75AFA0DFF4B6BF6949D321C0.e.12627"}]}
RESULT: {"script":"<script> [8489 bytes]","args":[{"element-6066-11e4-a52e-4f735466cecf":"f.F64AD31729AEE402AD374BC91D68D115.d.FF3B6F5C75AFA0DFF4B6BF6949D321C0.e.12627","ELEMENT":"f.F64AD31729AEE402AD374BC91D68D115.d.FF3B6F5C75AFA0DFF4B6BF6949D321C0.e.12627"}]}
COMMAND: GET /session/668384e1c1f73f3d5461b9d538daca42/screenshot - {}
RESULT: {}
COMMAND: POST /session/668384e1c1f73f3d5461b9d538daca42/execute/sync - {"script":"<script> [8489 bytes]","args":[{"element-6066-11e4-a52e-4f735466cecf":"f.F64AD31729AEE402AD374BC91D68D115.d.FF3B6F5C75AFA0DFF4B6BF6949D321C0.e.12627","ELEMENT":"f.F64AD31729AEE402AD374BC91D68D115.d.FF3B6F5C75AFA0DFF4B6BF6949D321C0.e.12627"}]}
RESULT: {"script":"<script> [8489 bytes]","args":[{"element-6066-11e4-a52e-4f735466cecf":"f.F64AD31729AEE402AD374BC91D68D115.d.FF3B6F5C75AFA0DFF4B6BF6949D321C0.e.12627","ELEMENT":"f.F64AD31729AEE402AD374BC91D68D115.d.FF3B6F5C75AFA0DFF4B6BF6949D321C0.e.12627"}]}
COMMAND: GET /session/668384e1c1f73f3d5461b9d538daca42/screenshot - {}
RESULT: {}
COMMAND: POST /session/668384e1c1f73f3d5461b9d538daca42/execute/sync - {"script":"<script> [8489 bytes]","args":[{"element-6066-11e4-a52e-4f735466cecf":"f.F64AD31729AEE402AD374BC91D68D115.d.FF3B6F5C75AFA0DFF4B6BF6949D321C0.e.12627","ELEMENT":"f.F64AD31729AEE402AD374BC91D68D115.d.FF3B6F5C75AFA0DFF4B6BF6949D321C0.e.12627"}]}
RESULT: {"script":"<script> [8489 bytes]","args":[{"element-6066-11e4-a52e-4f735466cecf":"f.F64AD31729AEE402AD374BC91D68D115.d.FF3B6F5C75AFA0DFF4B6BF6949D321C0.e.12627","ELEMENT":"f.F64AD31729AEE402AD374BC91D68D115.d.FF3B6F5C75AFA0DFF4B6BF6949D321C0.e.12627"}]}
COMMAND: GET /session/668384e1c1f73f3d5461b9d538daca42/screenshot - {}
RESULT: {}
COMMAND: POST /session/668384e1c1f73f3d5461b9d538daca42/execute/sync - {"script":"<script> [8489 bytes]","args":[{"element-6066-11e4-a52e-4f735466cecf":"f.F64AD31729AEE402AD374BC91D68D115.d.FF3B6F5C75AFA0DFF4B6BF6949D321C0.e.12627","ELEMENT":"f.F64AD31729AEE402AD374BC91D68D115.d.FF3B6F5C75AFA0DFF4B6BF6949D321C0.e.12627"}]}
RESULT: {"script":"<script> [8489 bytes]","args":[{"element-6066-11e4-a52e-4f735466cecf":"f.F64AD31729AEE402AD374BC91D68D115.d.FF3B6F5C75AFA0DFF4B6BF6949D321C0.e.12627","ELEMENT":"f.F64AD31729AEE402AD374BC91D68D115.d.FF3B6F5C75AFA0DFF4B6BF6949D321C0.e.12627"}]}
COMMAND: GET /session/668384e1c1f73f3d5461b9d538daca42/screenshot - {}
RESULT: {}
COMMAND: POST /session/668384e1c1f73f3d5461b9d538daca42/execute/sync - {"script":"<script> [8489 bytes]","args":[{"element-6066-11e4-a52e-4f735466cecf":"f.F64AD31729AEE402AD374BC91D68D115.d.FF3B6F5C75AFA0DFF4B6BF6949D321C0.e.12627","ELEMENT":"f.F64AD31729AEE402AD374BC91D68D115.d.FF3B6F5C75AFA0DFF4B6BF6949D321C0.e.12627"}]}
RESULT: {"script":"<script> [8489 bytes]","args":[{"element-6066-11e4-a52e-4f735466cecf":"f.F64AD31729AEE402AD374BC91D68D115.d.FF3B6F5C75AFA0DFF4B6BF6949D321C0.e.12627","ELEMENT":"f.F64AD31729AEE402AD374BC91D68D115.d.FF3B6F5C75AFA0DFF4B6BF6949D321C0.e.12627"}]}
COMMAND: GET /session/668384e1c1f73f3d5461b9d538daca42/screenshot - {}
RESULT: {}
COMMAND: POST /session/668384e1c1f73f3d5461b9d538daca42/execute/sync - {"script":"<script> [8489 bytes]","args":[{"element-6066-11e4-a52e-4f735466cecf":"f.F64AD31729AEE402AD374BC91D68D115.d.FF3B6F5C75AFA0DFF4B6BF6949D321C0.e.12627","ELEMENT":"f.F64AD31729AEE402AD374BC91D68D115.d.FF3B6F5C75AFA0DFF4B6BF6949D321C0.e.12627"}]}
RESULT: {"script":"<script> [8489 bytes]","args":[{"element-6066-11e4-a52e-4f735466cecf":"f.F64AD31729AEE402AD374BC91D68D115.d.FF3B6F5C75AFA0DFF4B6BF6949D321C0.e.12627","ELEMENT":"f.F64AD31729AEE402AD374BC91D68D115.d.FF3B6F5C75AFA0DFF4B6BF6949D321C0.e.12627"}]}
COMMAND: GET /session/668384e1c1f73f3d5461b9d538daca42/screenshot - {}
RESULT: {}
COMMAND: POST /session/668384e1c1f73f3d5461b9d538daca42/execute/sync - {"script":"<script> [8489 bytes]","args":[{"element-6066-11e4-a52e-4f735466cecf":"f.F64AD31729AEE402AD374BC91D68D115.d.FF3B6F5C75AFA0DFF4B6BF6949D321C0.e.12627","ELEMENT":"f.F64AD31729AEE402AD374BC91D68D115.d.FF3B6F5C75AFA0DFF4B6BF6949D321C0.e.12627"}]}
RESULT: {"script":"<script> [8489 bytes]","args":[{"element-6066-11e4-a52e-4f735466cecf":"f.F64AD31729AEE402AD374BC91D68D115.d.FF3B6F5C75AFA0DFF4B6BF6949D321C0.e.12627","ELEMENT":"f.F64AD31729AEE402AD374BC91D68D115.d.FF3B6F5C75AFA0DFF4B6BF6949D321C0.e.12627"}]}
COMMAND: GET /session/668384e1c1f73f3d5461b9d538daca42/screenshot - {}
RESULT: {}
COMMAND: POST /session/668384e1c1f73f3d5461b9d538daca42/execute/sync - {"script":"<script> [8489 bytes]","args":[{"element-6066-11e4-a52e-4f735466cecf":"f.F64AD31729AEE402AD374BC91D68D115.d.FF3B6F5C75AFA0DFF4B6BF6949D321C0.e.12627","ELEMENT":"f.F64AD31729AEE402AD374BC91D68D115.d.FF3B6F5C75AFA0DFF4B6BF6949D321C0.e.12627"}]}
RESULT: {"script":"<script> [8489 bytes]","args":[{"element-6066-11e4-a52e-4f735466cecf":"f.F64AD31729AEE402AD374BC91D68D115.d.FF3B6F5C75AFA0DFF4B6BF6949D321C0.e.12627","ELEMENT":"f.F64AD31729AEE402AD374BC91D68D115.d.FF3B6F5C75AFA0DFF4B6BF6949D321C0.e.12627"}]}
COMMAND: GET /session/668384e1c1f73f3d5461b9d538daca42/screenshot - {}
RESULT: {}
COMMAND: POST /session/668384e1c1f73f3d5461b9d538daca42/execute/sync - {"script":"<script> [8489 bytes]","args":[{"element-6066-11e4-a52e-4f735466cecf":"f.F64AD31729AEE402AD374BC91D68D115.d.FF3B6F5C75AFA0DFF4B6BF6949D321C0.e.12627","ELEMENT":"f.F64AD31729AEE402AD374BC91D68D115.d.FF3B6F5C75AFA0DFF4B6BF6949D321C0.e.12627"}]}
RESULT: {"script":"<script> [8489 bytes]","args":[{"element-6066-11e4-a52e-4f735466cecf":"f.F64AD31729AEE402AD374BC91D68D115.d.FF3B6F5C75AFA0DFF4B6BF6949D321C0.e.12627","ELEMENT":"f.F64AD31729AEE402AD374BC91D68D115.d.FF3B6F5C75AFA0DFF4B6BF6949D321C0.e.12627"}]}
COMMAND: GET /session/668384e1c1f73f3d5461b9d538daca42/screenshot - {}
RESULT: {}
COMMAND: POST /session/668384e1c1f73f3d5461b9d538daca42/execute/sync - {"script":"<script> [8489 bytes]","args":[{"element-6066-11e4-a52e-4f735466cecf":"f.F64AD31729AEE402AD374BC91D68D115.d.FF3B6F5C75AFA0DFF4B6BF6949D321C0.e.12627","ELEMENT":"f.F64AD31729AEE402AD374BC91D68D115.d.FF3B6F5C75AFA0DFF4B6BF6949D321C0.e.12627"}]}
RESULT: {"script":"<script> [8489 bytes]","args":[{"element-6066-11e4-a52e-4f735466cecf":"f.F64AD31729AEE402AD374BC91D68D115.d.FF3B6F5C75AFA0DFF4B6BF6949D321C0.e.12627","ELEMENT":"f.F64AD31729AEE402AD374BC91D68D115.d.FF3B6F5C75AFA0DFF4B6BF6949D321C0.e.12627"}]}
COMMAND: GET /session/668384e1c1f73f3d5461b9d538daca42/screenshot - {}
RESULT: {}
COMMAND: POST /session/668384e1c1f73f3d5461b9d538daca42/execute/sync - {"script":"<script> [8489 bytes]","args":[{"element-6066-11e4-a52e-4f735466cecf":"f.F64AD31729AEE402AD374BC91D68D115.d.FF3B6F5C75AFA0DFF4B6BF6949D321C0.e.12627","ELEMENT":"f.F64AD31729AEE402AD374BC91D68D115.d.FF3B6F5C75AFA0DFF4B6BF6949D321C0.e.12627"}]}
RESULT: {"script":"<script> [8489 bytes]","args":[{"element-6066-11e4-a52e-4f735466cecf":"f.F64AD31729AEE402AD374BC91D68D115.d.FF3B6F5C75AFA0DFF4B6BF6949D321C0.e.12627","ELEMENT":"f.F64AD31729AEE402AD374BC91D68D115.d.FF3B6F5C75AFA0DFF4B6BF6949D321C0.e.12627"}]}
COMMAND: GET /session/668384e1c1f73f3d5461b9d538daca42/screenshot - {}
RESULT: {}
COMMAND: POST /session/668384e1c1f73f3d5461b9d538daca42/execute/sync - {"script":"<script> [8489 bytes]","args":[{"element-6066-11e4-a52e-4f735466cecf":"f.F64AD31729AEE402AD374BC91D68D115.d.FF3B6F5C75AFA0DFF4B6BF6949D321C0.e.12627","ELEMENT":"f.F64AD31729AEE402AD374BC91D68D115.d.FF3B6F5C75AFA0DFF4B6BF6949D321C0.e.12627"}]}
RESULT: {"script":"<script> [8489 bytes]","args":[{"element-6066-11e4-a52e-4f735466cecf":"f.F64AD31729AEE402AD374BC91D68D115.d.FF3B6F5C75AFA0DFF4B6BF6949D321C0.e.12627","ELEMENT":"f.F64AD31729AEE402AD374BC91D68D115.d.FF3B6F5C75AFA0DFF4B6BF6949D321C0.e.12627"}]}
COMMAND: GET /session/668384e1c1f73f3d5461b9d538daca42/screenshot - {}
RESULT: {}
COMMAND: POST /session/668384e1c1f73f3d5461b9d538daca42/execute/sync - {"script":"<script> [8489 bytes]","args":[{"element-6066-11e4-a52e-4f735466cecf":"f.F64AD31729AEE402AD374BC91D68D115.d.FF3B6F5C75AFA0DFF4B6BF6949D321C0.e.12627","ELEMENT":"f.F64AD31729AEE402AD374BC91D68D115.d.FF3B6F5C75AFA0DFF4B6BF6949D321C0.e.12627"}]}
RESULT: {"script":"<script> [8489 bytes]","args":[{"element-6066-11e4-a52e-4f735466cecf":"f.F64AD31729AEE402AD374BC91D68D115.d.FF3B6F5C75AFA0DFF4B6BF6949D321C0.e.12627","ELEMENT":"f.F64AD31729AEE402AD374BC91D68D115.d.FF3B6F5C75AFA0DFF4B6BF6949D321C0.e.12627"}]}
COMMAND: GET /session/668384e1c1f73f3d5461b9d538daca42/screenshot - {}
RESULT: {}
COMMAND: POST /session/668384e1c1f73f3d5461b9d538daca42/execute/sync - {"script":"<script> [8489 bytes]","args":[{"element-6066-11e4-a52e-4f735466cecf":"f.F64AD31729AEE402AD374BC91D68D115.d.FF3B6F5C75AFA0DFF4B6BF6949D321C0.e.12627","ELEMENT":"f.F64AD31729AEE402AD374BC91D68D115.d.FF3B6F5C75AFA0DFF4B6BF6949D321C0.e.12627"}]}
RESULT: {"script":"<script> [8489 bytes]","args":[{"element-6066-11e4-a52e-4f735466cecf":"f.F64AD31729AEE402AD374BC91D68D115.d.FF3B6F5C75AFA0DFF4B6BF6949D321C0.e.12627","ELEMENT":"f.F64AD31729AEE402AD374BC91D68D115.d.FF3B6F5C75AFA0DFF4B6BF6949D321C0.e.12627"}]}
COMMAND: GET /session/668384e1c1f73f3d5461b9d538daca42/screenshot - {}
RESULT: {}
COMMAND: POST /session/668384e1c1f73f3d5461b9d538daca42/execute/sync - {"script":"<script> [8489 bytes]","args":[{"element-6066-11e4-a52e-4f735466cecf":"f.F64AD31729AEE402AD374BC91D68D115.d.FF3B6F5C75AFA0DFF4B6BF6949D321C0.e.12627","ELEMENT":"f.F64AD31729AEE402AD374BC91D68D115.d.FF3B6F5C75AFA0DFF4B6BF6949D321C0.e.12627"}]}
RESULT: {"script":"<script> [8489 bytes]","args":[{"element-6066-11e4-a52e-4f735466cecf":"f.F64AD31729AEE402AD374BC91D68D115.d.FF3B6F5C75AFA0DFF4B6BF6949D321C0.e.12627","ELEMENT":"f.F64AD31729AEE402AD374BC91D68D115.d.FF3B6F5C75AFA0DFF4B6BF6949D321C0.e.12627"}]}
COMMAND: GET /session/668384e1c1f73f3d5461b9d538daca42/screenshot - {}
RESULT: {}
COMMAND: POST /session/668384e1c1f73f3d5461b9d538daca42/execute/sync - {"script":"<script> [8489 bytes]","args":[{"element-6066-11e4-a52e-4f735466cecf":"f.F64AD31729AEE402AD374BC91D68D115.d.FF3B6F5C75AFA0DFF4B6BF6949D321C0.e.12627","ELEMENT":"f.F64AD31729AEE402AD374BC91D68D115.d.FF3B6F5C75AFA0DFF4B6BF6949D321C0.e.12627"}]}
RESULT: {"script":"<script> [8489 bytes]","args":[{"element-6066-11e4-a52e-4f735466cecf":"f.F64AD31729AEE402AD374BC91D68D115.d.FF3B6F5C75AFA0DFF4B6BF6949D321C0.e.12627","ELEMENT":"f.F64AD31729AEE402AD374BC91D68D115.d.FF3B6F5C75AFA0DFF4B6BF6949D321C0.e.12627"}]}
COMMAND: GET /session/668384e1c1f73f3d5461b9d538daca42/screenshot - {}
RESULT: {}
COMMAND: POST /session/668384e1c1f73f3d5461b9d538daca42/execute/sync - {"script":"<script> [8489 bytes]","args":[{"element-6066-11e4-a52e-4f735466cecf":"f.F64AD31729AEE402AD374BC91D68D115.d.FF3B6F5C75AFA0DFF4B6BF6949D321C0.e.12627","ELEMENT":"f.F64AD31729AEE402AD374BC91D68D115.d.FF3B6F5C75AFA0DFF4B6BF6949D321C0.e.12627"}]}
RESULT: {"script":"<script> [8489 bytes]","args":[{"element-6066-11e4-a52e-4f735466cecf":"f.F64AD31729AEE402AD374BC91D68D115.d.FF3B6F5C75AFA0DFF4B6BF6949D321C0.e.12627","ELEMENT":"f.F64AD31729AEE402AD374BC91D68D115.d.FF3B6F5C75AFA0DFF4B6BF6949D321C0.e.12627"}]}
COMMAND: GET /session/668384e1c1f73f3d5461b9d538daca42/screenshot - {}
RESULT: {}
COMMAND: POST /session/668384e1c1f73f3d5461b9d538daca42/execute/sync - {"script":"<script> [8489 bytes]","args":[{"element-6066-11e4-a52e-4f735466cecf":"f.F64AD31729AEE402AD374BC91D68D115.d.FF3B6F5C75AFA0DFF4B6BF6949D321C0.e.12627","ELEMENT":"f.F64AD31729AEE402AD374BC91D68D115.d.FF3B6F5C75AFA0DFF4B6BF6949D321C0.e.12627"}]}
RESULT: {"script":"<script> [8489 bytes]","args":[{"element-6066-11e4-a52e-4f735466cecf":"f.F64AD31729AEE402AD374BC91D68D115.d.FF3B6F5C75AFA0DFF4B6BF6949D321C0.e.12627","ELEMENT":"f.F64AD31729AEE402AD374BC91D68D115.d.FF3B6F5C75AFA0DFF4B6BF6949D321C0.e.12627"}]}
COMMAND: GET /session/668384e1c1f73f3d5461b9d538daca42/screenshot - {}
RESULT: {}
COMMAND: POST /session/668384e1c1f73f3d5461b9d538daca42/execute/sync - {"script":"<script> [8489 bytes]","args":[{"element-6066-11e4-a52e-4f735466cecf":"f.F64AD31729AEE402AD374BC91D68D115.d.FF3B6F5C75AFA0DFF4B6BF6949D321C0.e.12627","ELEMENT":"f.F64AD31729AEE402AD374BC91D68D115.d.FF3B6F5C75AFA0DFF4B6BF6949D321C0.e.12627"}]}
RESULT: {"script":"<script> [8489 bytes]","args":[{"element-6066-11e4-a52e-4f735466cecf":"f.F64AD31729AEE402AD374BC91D68D115.d.FF3B6F5C75AFA0DFF4B6BF6949D321C0.e.12627","ELEMENT":"f.F64AD31729AEE402AD374BC91D68D115.d.FF3B6F5C75AFA0DFF4B6BF6949D321C0.e.12627"}]}
COMMAND: GET /session/668384e1c1f73f3d5461b9d538daca42/screenshot - {}
RESULT: {}
COMMAND: POST /session/668384e1c1f73f3d5461b9d538daca42/execute/sync - {"script":"<script> [8489 bytes]","args":[{"element-6066-11e4-a52e-4f735466cecf":"f.F64AD31729AEE402AD374BC91D68D115.d.FF3B6F5C75AFA0DFF4B6BF6949D321C0.e.12627","ELEMENT":"f.F64AD31729AEE402AD374BC91D68D115.d.FF3B6F5C75AFA0DFF4B6BF6949D321C0.e.12627"}]}
RESULT: {"script":"<script> [8489 bytes]","args":[{"element-6066-11e4-a52e-4f735466cecf":"f.F64AD31729AEE402AD374BC91D68D115.d.FF3B6F5C75AFA0DFF4B6BF6949D321C0.e.12627","ELEMENT":"f.F64AD31729AEE402AD374BC91D68D115.d.FF3B6F5C75AFA0DFF4B6BF6949D321C0.e.12627"}]}
COMMAND: GET /session/668384e1c1f73f3d5461b9d538daca42/screenshot - {}
RESULT: {}
COMMAND: POST /session/668384e1c1f73f3d5461b9d538daca42/execute/sync - {"script":"<script> [8489 bytes]","args":[{"element-6066-11e4-a52e-4f735466cecf":"f.F64AD31729AEE402AD374BC91D68D115.d.FF3B6F5C75AFA0DFF4B6BF6949D321C0.e.12627","ELEMENT":"f.F64AD31729AEE402AD374BC91D68D115.d.FF3B6F5C75AFA0DFF4B6BF6949D321C0.e.12627"}]}
RESULT: {"script":"<script> [8489 bytes]","args":[{"element-6066-11e4-a52e-4f735466cecf":"f.F64AD31729AEE402AD374BC91D68D115.d.FF3B6F5C75AFA0DFF4B6BF6949D321C0.e.12627","ELEMENT":"f.F64AD31729AEE402AD374BC91D68D115.d.FF3B6F5C75AFA0DFF4B6BF6949D321C0.e.12627"}]}
COMMAND: GET /session/668384e1c1f73f3d5461b9d538daca42/screenshot - {}
RESULT: {}
COMMAND: POST /session/668384e1c1f73f3d5461b9d538daca42/execute/sync - {"script":"<script> [8489 bytes]","args":[{"element-6066-11e4-a52e-4f735466cecf":"f.F64AD31729AEE402AD374BC91D68D115.d.FF3B6F5C75AFA0DFF4B6BF6949D321C0.e.12627","ELEMENT":"f.F64AD31729AEE402AD374BC91D68D115.d.FF3B6F5C75AFA0DFF4B6BF6949D321C0.e.12627"}]}
RESULT: {"script":"<script> [8489 bytes]","args":[{"element-6066-11e4-a52e-4f735466cecf":"f.F64AD31729AEE402AD374BC91D68D115.d.FF3B6F5C75AFA0DFF4B6BF6949D321C0.e.12627","ELEMENT":"f.F64AD31729AEE402AD374BC91D68D115.d.FF3B6F5C75AFA0DFF4B6BF6949D321C0.e.12627"}]}
COMMAND: GET /session/668384e1c1f73f3d5461b9d538daca42/screenshot - {}
RESULT: {}
COMMAND: POST /session/668384e1c1f73f3d5461b9d538daca42/execute/async - {"script":"<script> [1562 bytes]","args":[{"selector":{"id":"administrationTabFilter","viewName":"etm.portal.ui.managehandovers.view.DetailExecuteHO","interaction":{"idSuffix":"text"}},"wdio_ui5_key":"administrationTabFilteretmportal.ui.managehandovers.view.DetailExecuteHO"}]}
RESULT: {"script":"<script> [1562 bytes]","args":[{"selector":{"id":"administrationTabFilter","viewName":"etm.portal.ui.managehandovers.view.DetailExecuteHO","interaction":{"idSuffix":"text"}},"wdio_ui5_key":"administrationTabFilteretmportal.ui.managehandovers.view.DetailExecuteHO"}]}
RESULT: undefined
COMMAND: POST /session/668384e1c1f73f3d5461b9d538daca42/element - {"using":"xpath","value":"//*[@id=\"__xmlview59--administrationTabFilter\"]"}
RESULT: {"using":"xpath","value":"//*[@id=\"__xmlview59--administrationTabFilter\"]"}
COMMAND: POST /session/668384e1c1f73f3d5461b9d538daca42/element/f.F64AD31729AEE402AD374BC91D68D115.d.FF3B6F5C75AFA0DFF4B6BF6949D321C0.e.12672/click - {}
RESULT: {}
RESULT: undefined
COMMAND: POST /session/668384e1c1f73f3d5461b9d538daca42/element - {"using":"xpath","value":"//*[@id=\"__xmlview59--administrationTabFilter\"]"}
COMMAND: GET /session/668384e1c1f73f3d5461b9d538daca42/screenshot - {}
RESULT: {"using":"xpath","value":"//*[@id=\"__xmlview59--administrationTabFilter\"]"}
COMMAND: POST /session/668384e1c1f73f3d5461b9d538daca42/element/f.F64AD31729AEE402AD374BC91D68D115.d.FF3B6F5C75AFA0DFF4B6BF6949D321C0.e.12672/click - {}
RESULT: {}
RESULT: {}
COMMAND: GET /session/668384e1c1f73f3d5461b9d538daca42/screenshot - {}
RESULT: {}
COMMAND: POST /session/668384e1c1f73f3d5461b9d538daca42/element - {"using":"xpath","value":"//bdi[(text() = 'Confirm' or . = 'Confirm')]"}
RESULT: {"using":"xpath","value":"//bdi[(text() = 'Confirm' or . = 'Confirm')]"}
COMMAND: POST /session/668384e1c1f73f3d5461b9d538daca42/element/f.F64AD31729AEE402AD374BC91D68D115.d.FF3B6F5C75AFA0DFF4B6BF6949D321C0.e.12680/click - {}
RESULT: {}
COMMAND: GET /session/668384e1c1f73f3d5461b9d538daca42/screenshot - {}
RESULT: {}
COMMAND: POST /session/668384e1c1f73f3d5461b9d538daca42/execute/async - {"script":"<script> [1562 bytes]","args":[{"selector":{"id":"confirmationButton","viewName":"etm.portal.ui.managehandovers.view.DetailExecuteHO","interaction":{"idSuffix":"BDI-content"}},"wdio_ui5_key":"confirmationButtonetmportal.ui.managehandovers.view.DetailExecuteHO"}]}
RESULT: {"script":"<script> [1562 bytes]","args":[{"selector":{"id":"confirmationButton","viewName":"etm.portal.ui.managehandovers.view.DetailExecuteHO","interaction":{"idSuffix":"BDI-content"}},"wdio_ui5_key":"confirmationButtonetmportal.ui.managehandovers.view.DetailExecuteHO"}]}
RESULT: undefined
COMMAND: POST /session/668384e1c1f73f3d5461b9d538daca42/element - {"using":"xpath","value":"(//bdi[text()='Receive'])[2]"}
RESULT: {"using":"xpath","value":"(//bdi[text()='Receive'])[2]"}
COMMAND: GET /session/668384e1c1f73f3d5461b9d538daca42/element/f.F64AD31729AEE402AD374BC91D68D115.d.FF3B6F5C75AFA0DFF4B6BF6949D321C0.e.12684/enabled - {}
RESULT: {}
COMMAND: POST /session/668384e1c1f73f3d5461b9d538daca42/execute/sync - {"script":"<script> [8489 bytes]","args":[{"element-6066-11e4-a52e-4f735466cecf":"f.F64AD31729AEE402AD374BC91D68D115.d.FF3B6F5C75AFA0DFF4B6BF6949D321C0.e.12684","ELEMENT":"f.F64AD31729AEE402AD374BC91D68D115.d.FF3B6F5C75AFA0DFF4B6BF6949D321C0.e.12684"}]}
COMMAND: GET /session/668384e1c1f73f3d5461b9d538daca42/screenshot - {}
RESULT: {"script":"<script> [8489 bytes]","args":[{"element-6066-11e4-a52e-4f735466cecf":"f.F64AD31729AEE402AD374BC91D68D115.d.FF3B6F5C75AFA0DFF4B6BF6949D321C0.e.12684","ELEMENT":"f.F64AD31729AEE402AD374BC91D68D115.d.FF3B6F5C75AFA0DFF4B6BF6949D321C0.e.12684"}]}
COMMAND: POST /session/668384e1c1f73f3d5461b9d538daca42/execute/sync - {"script":"<script> [5351 bytes]","args":[{"element-6066-11e4-a52e-4f735466cecf":"f.F64AD31729AEE402AD374BC91D68D115.d.FF3B6F5C75AFA0DFF4B6BF6949D321C0.e.12684","ELEMENT":"f.F64AD31729AEE402AD374BC91D68D115.d.FF3B6F5C75AFA0DFF4B6BF6949D321C0.e.12684"}]}
COMMAND: GET /session/668384e1c1f73f3d5461b9d538daca42/screenshot - {}
RESULT: {}
RESULT: {"script":"<script> [5351 bytes]","args":[{"element-6066-11e4-a52e-4f735466cecf":"f.F64AD31729AEE402AD374BC91D68D115.d.FF3B6F5C75AFA0DFF4B6BF6949D321C0.e.12684","ELEMENT":"f.F64AD31729AEE402AD374BC91D68D115.d.FF3B6F5C75AFA0DFF4B6BF6949D321C0.e.12684"}]}
COMMAND: POST /session/668384e1c1f73f3d5461b9d538daca42/element/f.F64AD31729AEE402AD374BC91D68D115.d.FF3B6F5C75AFA0DFF4B6BF6949D321C0.e.12684/click - {}
COMMAND: GET /session/668384e1c1f73f3d5461b9d538daca42/screenshot - {}
RESULT: {}
RESULT: {}
COMMAND: GET /session/668384e1c1f73f3d5461b9d538daca42/screenshot - {}
RESULT: {}
RESULT: {}
COMMAND: POST /session/668384e1c1f73f3d5461b9d538daca42/element - {"using":"css selector","value":"#shell-header-logo"}
RESULT: {"using":"css selector","value":"#shell-header-logo"}
COMMAND: POST /session/668384e1c1f73f3d5461b9d538daca42/element/f.F64AD31729AEE402AD374BC91D68D115.d.FF3B6F5C75AFA0DFF4B6BF6949D321C0.e.12093/click - {}
RESULT: {}
COMMAND: GET /session/668384e1c1f73f3d5461b9d538daca42/screenshot - {}
RESULT: {}
]]></system-out>
    </testcase>
    <testcase classname="chrome.135_0_7049_96.windows.Provide_to_Site_w/o_warehouse_management_w_clarification" name="Should create a new contract" time="55.052">
      <system-out><![CDATA[
COMMAND: POST /session/668384e1c1f73f3d5461b9d538daca42/execute/async - {"script":"<script> [1562 bytes]","args":[{"selector":{"controlType":"sap.m.GenericTile","properties":{"header":"Manage Contracts"}},"wdio_ui5_key":"sapm.GenericTile{\"header\":\"Manage Contracts\"}"}]}
RESULT: {"script":"<script> [1562 bytes]","args":[{"selector":{"controlType":"sap.m.GenericTile","properties":{"header":"Manage Contracts"}},"wdio_ui5_key":"sapm.GenericTile{\"header\":\"Manage Contracts\"}"}]}
RESULT: undefined
COMMAND: POST /session/668384e1c1f73f3d5461b9d538daca42/element - {"using":"xpath","value":"//*[@id=\"__tile130\"]"}
RESULT: {"using":"xpath","value":"//*[@id=\"__tile130\"]"}
COMMAND: POST /session/668384e1c1f73f3d5461b9d538daca42/element/f.F64AD31729AEE402AD374BC91D68D115.d.FF3B6F5C75AFA0DFF4B6BF6949D321C0.e.12919/click - {}
RESULT: {}
COMMAND: GET /session/668384e1c1f73f3d5461b9d538daca42/screenshot - {}
COMMAND: POST /session/668384e1c1f73f3d5461b9d538daca42/execute/async - {"script":"<script> [1562 bytes]","args":[{"selector":{"controlType":"sap.ui.core.Icon","viewName":"etm.portal.ui.managecontracts.view.Master","properties":{"src":{"regex":{"source":"add"}}}},"wdio_ui5_key":"etmportal.ui.managecontracts.view.Mastersap.ui.core.Icon{\"src\":{\"regex\":{\"source\":\"add\"}}}"}]}
RESULT: {}
RESULT: {"script":"<script> [1562 bytes]","args":[{"selector":{"controlType":"sap.ui.core.Icon","viewName":"etm.portal.ui.managecontracts.view.Master","properties":{"src":{"regex":{"source":"add"}}}},"wdio_ui5_key":"etmportal.ui.managecontracts.view.Mastersap.ui.core.Icon{\"src\":{\"regex\":{\"source\":\"add\"}}}"}]}
RESULT: undefined
COMMAND: POST /session/668384e1c1f73f3d5461b9d538daca42/element - {"using":"xpath","value":"//*[@id=\"__button298-img\"]"}
RESULT: {"using":"xpath","value":"//*[@id=\"__button298-img\"]"}
COMMAND: POST /session/668384e1c1f73f3d5461b9d538daca42/element/f.F64AD31729AEE402AD374BC91D68D115.d.FF3B6F5C75AFA0DFF4B6BF6949D321C0.e.13000/click - {}
RESULT: {}
COMMAND: POST /session/668384e1c1f73f3d5461b9d538daca42/execute/async - {"script":"<script> [1562 bytes]","args":[{"selector":{"id":"application-managecontracts-display-component---AddNewContract--projectDescription","interaction":{"idSuffix":"inner"}},"wdio_ui5_key":"applicationmanagecontracts-display-component---AddNewContract--projectDescription"}]}
COMMAND: GET /session/668384e1c1f73f3d5461b9d538daca42/screenshot - {}
RESULT: {"script":"<script> [1562 bytes]","args":[{"selector":{"id":"application-managecontracts-display-component---AddNewContract--projectDescription","interaction":{"idSuffix":"inner"}},"wdio_ui5_key":"applicationmanagecontracts-display-component---AddNewContract--projectDescription"}]}
RESULT: undefined
COMMAND: POST /session/668384e1c1f73f3d5461b9d538daca42/execute/async - {"script":"<script> [776 bytes]","args":[{"enterText":"wdi5 contract for billing","selector":{"id":"application-managecontracts-display-component---AddNewContract--projectDescription","interaction":{"idSuffix":"inner"}},"clearTextFirst":true,"interactionType":"ENTER_TEXT"}]}
RESULT: {}
RESULT: {"script":"<script> [776 bytes]","args":[{"enterText":"wdi5 contract for billing","selector":{"id":"application-managecontracts-display-component---AddNewContract--projectDescription","interaction":{"idSuffix":"inner"}},"clearTextFirst":true,"interactionType":"ENTER_TEXT"}]}
COMMAND: POST /session/668384e1c1f73f3d5461b9d538daca42/element - {"using":"xpath","value":"//input[@id=\"application-managecontracts-display-component---AddNewContract--customerSelect-inner\"]"}
RESULT: {"using":"xpath","value":"//input[@id=\"application-managecontracts-display-component---AddNewContract--customerSelect-inner\"]"}
COMMAND: POST /session/668384e1c1f73f3d5461b9d538daca42/element/f.F64AD31729AEE402AD374BC91D68D115.d.FF3B6F5C75AFA0DFF4B6BF6949D321C0.e.13234/clear - {}
RESULT: {}
COMMAND: POST /session/668384e1c1f73f3d5461b9d538daca42/element/f.F64AD31729AEE402AD374BC91D68D115.d.FF3B6F5C75AFA0DFF4B6BF6949D321C0.e.13234/value - {"text":"1153"}
COMMAND: GET /session/668384e1c1f73f3d5461b9d538daca42/screenshot - {}
RESULT: {"text":"1153"}
COMMAND: GET /session/668384e1c1f73f3d5461b9d538daca42/screenshot - {}
RESULT: {}
RESULT: {}
COMMAND: POST /session/668384e1c1f73f3d5461b9d538daca42/actions - {"actions":[{"id":"action48","type":"key","parameters":{},"actions":[{"type":"keyDown","value":"î€‡"},{"type":"pause","duration":10},{"type":"keyUp","value":"î€‡"}]}]}
RESULT: {"actions":[{"id":"action48","type":"key","parameters":{},"actions":[{"type":"keyDown","value":"î€‡"},{"type":"pause","duration":10},{"type":"keyUp","value":"î€‡"}]}]}
COMMAND: POST /session/668384e1c1f73f3d5461b9d538daca42/element - {"using":"xpath","value":"//input[@id=\"application-managecontracts-display-component---AddNewContract--site-inner\"]"}
COMMAND: GET /session/668384e1c1f73f3d5461b9d538daca42/screenshot - {}
RESULT: {"using":"xpath","value":"//input[@id=\"application-managecontracts-display-component---AddNewContract--site-inner\"]"}
COMMAND: POST /session/668384e1c1f73f3d5461b9d538daca42/element/f.F64AD31729AEE402AD374BC91D68D115.d.FF3B6F5C75AFA0DFF4B6BF6949D321C0.e.13235/clear - {}
RESULT: {}
RESULT: {}
COMMAND: POST /session/668384e1c1f73f3d5461b9d538daca42/element/f.F64AD31729AEE402AD374BC91D68D115.d.FF3B6F5C75AFA0DFF4B6BF6949D321C0.e.13235/value - {"text":"2147"}
COMMAND: GET /session/668384e1c1f73f3d5461b9d538daca42/screenshot - {}
RESULT: {"text":"2147"}
COMMAND: GET /session/668384e1c1f73f3d5461b9d538daca42/screenshot - {}
RESULT: {}
RESULT: {}
COMMAND: POST /session/668384e1c1f73f3d5461b9d538daca42/actions - {"actions":[{"id":"action49","type":"key","parameters":{},"actions":[{"type":"keyDown","value":"î€‡"},{"type":"pause","duration":10},{"type":"keyUp","value":"î€‡"}]}]}
RESULT: {"actions":[{"id":"action49","type":"key","parameters":{},"actions":[{"type":"keyDown","value":"î€‡"},{"type":"pause","duration":10},{"type":"keyUp","value":"î€‡"}]}]}
COMMAND: POST /session/668384e1c1f73f3d5461b9d538daca42/execute/async - {"script":"<script> [1562 bytes]","args":[{"selector":{"id":"application-managecontracts-display-component---AddNewContract--calendarInput","interaction":{"idSuffix":"inner"}},"wdio_ui5_key":"applicationmanagecontracts-display-component---AddNewContract--calendarInput"}]}
COMMAND: GET /session/668384e1c1f73f3d5461b9d538daca42/screenshot - {}
RESULT: {"script":"<script> [1562 bytes]","args":[{"selector":{"id":"application-managecontracts-display-component---AddNewContract--calendarInput","interaction":{"idSuffix":"inner"}},"wdio_ui5_key":"applicationmanagecontracts-display-component---AddNewContract--calendarInput"}]}
RESULT: undefined
COMMAND: POST /session/668384e1c1f73f3d5461b9d538daca42/execute/async - {"script":"<script> [776 bytes]","args":[{"enterText":"1 - Calendar unit test patch","selector":{"id":"application-managecontracts-display-component---AddNewContract--calendarInput","interaction":{"idSuffix":"inner"}},"clearTextFirst":true,"interactionType":"ENTER_TEXT"}]}
RESULT: {}
RESULT: {"script":"<script> [776 bytes]","args":[{"enterText":"1 - Calendar unit test patch","selector":{"id":"application-managecontracts-display-component---AddNewContract--calendarInput","interaction":{"idSuffix":"inner"}},"clearTextFirst":true,"interactionType":"ENTER_TEXT"}]}
COMMAND: POST /session/668384e1c1f73f3d5461b9d538daca42/actions - {"actions":[{"id":"action50","type":"key","parameters":{},"actions":[{"type":"keyDown","value":"î€‡"},{"type":"pause","duration":10},{"type":"keyUp","value":"î€‡"}]}]}
RESULT: {"actions":[{"id":"action50","type":"key","parameters":{},"actions":[{"type":"keyDown","value":"î€‡"},{"type":"pause","duration":10},{"type":"keyUp","value":"î€‡"}]}]}
COMMAND: POST /session/668384e1c1f73f3d5461b9d538daca42/execute/async - {"script":"<script> [1562 bytes]","args":[{"selector":{"id":"application-managecontracts-display-component---AddNewContract--languageCB","interaction":{"idSuffix":"inner"}},"wdio_ui5_key":"applicationmanagecontracts-display-component---AddNewContract--languageCB"}]}
COMMAND: GET /session/668384e1c1f73f3d5461b9d538daca42/screenshot - {}
RESULT: {"script":"<script> [1562 bytes]","args":[{"selector":{"id":"application-managecontracts-display-component---AddNewContract--languageCB","interaction":{"idSuffix":"inner"}},"wdio_ui5_key":"applicationmanagecontracts-display-component---AddNewContract--languageCB"}]}
RESULT: undefined
COMMAND: POST /session/668384e1c1f73f3d5461b9d538daca42/execute/async - {"script":"<script> [776 bytes]","args":[{"enterText":"EN - English","selector":{"id":"application-managecontracts-display-component---AddNewContract--languageCB","interaction":{"idSuffix":"inner"}},"clearTextFirst":true,"interactionType":"ENTER_TEXT"}]}
RESULT: {}
RESULT: {"script":"<script> [776 bytes]","args":[{"enterText":"EN - English","selector":{"id":"application-managecontracts-display-component---AddNewContract--languageCB","interaction":{"idSuffix":"inner"}},"clearTextFirst":true,"interactionType":"ENTER_TEXT"}]}
COMMAND: POST /session/668384e1c1f73f3d5461b9d538daca42/actions - {"actions":[{"id":"action51","type":"key","parameters":{},"actions":[{"type":"keyDown","value":"î€‡"},{"type":"pause","duration":10},{"type":"keyUp","value":"î€‡"}]}]}
RESULT: {"actions":[{"id":"action51","type":"key","parameters":{},"actions":[{"type":"keyDown","value":"î€‡"},{"type":"pause","duration":10},{"type":"keyUp","value":"î€‡"}]}]}
COMMAND: POST /session/668384e1c1f73f3d5461b9d538daca42/execute/async - {"script":"<script> [1562 bytes]","args":[{"selector":{"id":"application-managecontracts-display-component---AddNewContract--saveBtn","interaction":{"idSuffix":"BDI-content"}},"wdio_ui5_key":"applicationmanagecontracts-display-component---AddNewContract--saveBtn"}]}
COMMAND: GET /session/668384e1c1f73f3d5461b9d538daca42/screenshot - {}
RESULT: {"script":"<script> [1562 bytes]","args":[{"selector":{"id":"application-managecontracts-display-component---AddNewContract--saveBtn","interaction":{"idSuffix":"BDI-content"}},"wdio_ui5_key":"applicationmanagecontracts-display-component---AddNewContract--saveBtn"}]}
RESULT: undefined
COMMAND: POST /session/668384e1c1f73f3d5461b9d538daca42/element - {"using":"xpath","value":"//*[@id=\"application-managecontracts-display-component---AddNewContract--saveBtn\"]"}
RESULT: {}
RESULT: {"using":"xpath","value":"//*[@id=\"application-managecontracts-display-component---AddNewContract--saveBtn\"]"}
COMMAND: POST /session/668384e1c1f73f3d5461b9d538daca42/element/f.F64AD31729AEE402AD374BC91D68D115.d.FF3B6F5C75AFA0DFF4B6BF6949D321C0.e.13252/click - {}
RESULT: {}
COMMAND: GET /session/668384e1c1f73f3d5461b9d538daca42/screenshot - {}
RESULT: {}
COMMAND: POST /session/668384e1c1f73f3d5461b9d538daca42/execute/async - {"script":"<script> [1562 bytes]","args":[{"selector":{"id":"contractDetailTitleNoExpanded","viewName":"etm.portal.ui.managecontracts.view.Detail"},"wdio_ui5_key":"contractDetailTitleNoExpandedetmportal.ui.managecontracts.view.Detail"}]}
RESULT: {"script":"<script> [1562 bytes]","args":[{"selector":{"id":"contractDetailTitleNoExpanded","viewName":"etm.portal.ui.managecontracts.view.Detail"},"wdio_ui5_key":"contractDetailTitleNoExpandedetmportal.ui.managecontracts.view.Detail"}]}
RESULT: undefined
COMMAND: POST /session/668384e1c1f73f3d5461b9d538daca42/execute/async - {"script":"<script> [6424 bytes]","args":[{"element-6066-11e4-a52e-4f735466cecf":"f.F64AD31729AEE402AD374BC91D68D115.d.FF3B6F5C75AFA0DFF4B6BF6949D321C0.e.13275"},"getText",[]]}
RESULT: {"script":"<script> [6424 bytes]","args":[{"element-6066-11e4-a52e-4f735466cecf":"f.F64AD31729AEE402AD374BC91D68D115.d.FF3B6F5C75AFA0DFF4B6BF6949D321C0.e.13275"},"getText",[]]}
]]></system-out>
    </testcase>
    <testcase classname="chrome.135_0_7049_96.windows.Provide_to_Site_w/o_warehouse_management_w_clarification" name="Should add resource to the contract" time="58.172">
      <system-out><![CDATA[
COMMAND: POST /session/668384e1c1f73f3d5461b9d538daca42/execute/async - {"script":"<script> [1562 bytes]","args":[{"selector":{"id":"contractDetailEditBtn","viewName":"etm.portal.ui.managecontracts.view.Detail","interaction":{"idSuffix":"BDI-content"}},"wdio_ui5_key":"contractDetailEditBtnetmportal.ui.managecontracts.view.Detail"}]}
RESULT: {"script":"<script> [1562 bytes]","args":[{"selector":{"id":"contractDetailEditBtn","viewName":"etm.portal.ui.managecontracts.view.Detail","interaction":{"idSuffix":"BDI-content"}},"wdio_ui5_key":"contractDetailEditBtnetmportal.ui.managecontracts.view.Detail"}]}
RESULT: undefined
COMMAND: POST /session/668384e1c1f73f3d5461b9d538daca42/element - {"using":"xpath","value":"//*[@id=\"__xmlview61--contractDetailEditBtn\"]"}
RESULT: {"using":"xpath","value":"//*[@id=\"__xmlview61--contractDetailEditBtn\"]"}
COMMAND: POST /session/668384e1c1f73f3d5461b9d538daca42/element/f.F64AD31729AEE402AD374BC91D68D115.d.FF3B6F5C75AFA0DFF4B6BF6949D321C0.e.13277/click - {}
RESULT: {}
COMMAND: GET /session/668384e1c1f73f3d5461b9d538daca42/screenshot - {}
RESULT: {}
COMMAND: POST /session/668384e1c1f73f3d5461b9d538daca42/execute/async - {"script":"<script> [1562 bytes]","args":[{"selector":{"id":"additionalAddressesTabFilter","viewName":"etm.portal.ui.managecontracts.view.EditContract","interaction":{"idSuffix":"text"}},"wdio_ui5_key":"additionalAddressesTabFilteretmportal.ui.managecontracts.view.EditContract"}]}
RESULT: {"script":"<script> [1562 bytes]","args":[{"selector":{"id":"additionalAddressesTabFilter","viewName":"etm.portal.ui.managecontracts.view.EditContract","interaction":{"idSuffix":"text"}},"wdio_ui5_key":"additionalAddressesTabFilteretmportal.ui.managecontracts.view.EditContract"}]}
RESULT: undefined
COMMAND: POST /session/668384e1c1f73f3d5461b9d538daca42/element - {"using":"xpath","value":"//*[@id=\"__xmlview62--additionalAddressesTabFilter\"]"}
RESULT: {"using":"xpath","value":"//*[@id=\"__xmlview62--additionalAddressesTabFilter\"]"}
COMMAND: POST /session/668384e1c1f73f3d5461b9d538daca42/element/f.F64AD31729AEE402AD374BC91D68D115.d.FF3B6F5C75AFA0DFF4B6BF6949D321C0.e.13333/click - {}
RESULT: {}
RESULT: undefined
COMMAND: POST /session/668384e1c1f73f3d5461b9d538daca42/element - {"using":"xpath","value":"//*[@id=\"__xmlview62--additionalAddressesTabFilter\"]"}
COMMAND: GET /session/668384e1c1f73f3d5461b9d538daca42/screenshot - {}
RESULT: {"using":"xpath","value":"//*[@id=\"__xmlview62--additionalAddressesTabFilter\"]"}
COMMAND: POST /session/668384e1c1f73f3d5461b9d538daca42/element/f.F64AD31729AEE402AD374BC91D68D115.d.FF3B6F5C75AFA0DFF4B6BF6949D321C0.e.13333/click - {}
RESULT: {}
RESULT: {}
COMMAND: POST /session/668384e1c1f73f3d5461b9d538daca42/execute/async - {"script":"<script> [1562 bytes]","args":[{"selector":{"controlType":"sap.ui.core.Icon","viewName":"etm.portal.ui.managecontracts.view.EditContract","properties":{"src":{"regex":{"source":"add"}}}},"wdio_ui5_key":"etmportal.ui.managecontracts.view.EditContractsap.ui.core.Icon{\"src\":{\"regex\":{\"source\":\"add\"}}}"}]}
COMMAND: GET /session/668384e1c1f73f3d5461b9d538daca42/screenshot - {}
RESULT: {"script":"<script> [1562 bytes]","args":[{"selector":{"controlType":"sap.ui.core.Icon","viewName":"etm.portal.ui.managecontracts.view.EditContract","properties":{"src":{"regex":{"source":"add"}}}},"wdio_ui5_key":"etmportal.ui.managecontracts.view.EditContractsap.ui.core.Icon{\"src\":{\"regex\":{\"source\":\"add\"}}}"}]}
RESULT: undefined
COMMAND: POST /session/668384e1c1f73f3d5461b9d538daca42/element - {"using":"xpath","value":"//*[@id=\"__xmlview62--btnAddTableRow-img\"]"}
RESULT: {}
RESULT: {"using":"xpath","value":"//*[@id=\"__xmlview62--btnAddTableRow-img\"]"}
COMMAND: POST /session/668384e1c1f73f3d5461b9d538daca42/element/f.F64AD31729AEE402AD374BC91D68D115.d.FF3B6F5C75AFA0DFF4B6BF6949D321C0.e.13338/click - {}
RESULT: {}
COMMAND: POST /session/668384e1c1f73f3d5461b9d538daca42/element - {"using":"xpath","value":"//div[(text() = 'Standard Entry' or . = 'Standard Entry')]"}
COMMAND: GET /session/668384e1c1f73f3d5461b9d538daca42/screenshot - {}
RESULT: {"using":"xpath","value":"//div[(text() = 'Standard Entry' or . = 'Standard Entry')]"}
COMMAND: POST /session/668384e1c1f73f3d5461b9d538daca42/element/f.F64AD31729AEE402AD374BC91D68D115.d.FF3B6F5C75AFA0DFF4B6BF6949D321C0.e.13340/click - {}
RESULT: {}
RESULT: {}
COMMAND: POST /session/668384e1c1f73f3d5461b9d538daca42/execute/async - {"script":"<script> [1562 bytes]","args":[{"selector":{"controlType":"sap.ui.core.Icon","viewName":"etm.portal.ui.managecontracts.view.EditContract","properties":{"src":{"regex":{"source":"inspect"}}}},"wdio_ui5_key":"etmportal.ui.managecontracts.view.EditContractsap.ui.core.Icon{\"src\":{\"regex\":{\"source\":\"inspect\"}}}"}]}
COMMAND: GET /session/668384e1c1f73f3d5461b9d538daca42/screenshot - {}
RESULT: {"script":"<script> [1562 bytes]","args":[{"selector":{"controlType":"sap.ui.core.Icon","viewName":"etm.portal.ui.managecontracts.view.EditContract","properties":{"src":{"regex":{"source":"inspect"}}}},"wdio_ui5_key":"etmportal.ui.managecontracts.view.EditContractsap.ui.core.Icon{\"src\":{\"regex\":{\"source\":\"inspect\"}}}"}]}
RESULT: undefined
COMMAND: POST /session/668384e1c1f73f3d5461b9d538daca42/element - {"using":"xpath","value":"//*[@id=\"__button324-img\"]"}
RESULT: {}
RESULT: {"using":"xpath","value":"//*[@id=\"__button324-img\"]"}
COMMAND: POST /session/668384e1c1f73f3d5461b9d538daca42/element/f.F64AD31729AEE402AD374BC91D68D115.d.FF3B6F5C75AFA0DFF4B6BF6949D321C0.e.13352/click - {}
RESULT: {}
COMMAND: GET /session/668384e1c1f73f3d5461b9d538daca42/screenshot - {}
RESULT: {}
COMMAND: POST /session/668384e1c1f73f3d5461b9d538daca42/element - {"using":"xpath","value":"//td[6]/div/div/input[1]"}
RESULT: {"using":"xpath","value":"//td[6]/div/div/input[1]"}
COMMAND: POST /session/668384e1c1f73f3d5461b9d538daca42/element/f.F64AD31729AEE402AD374BC91D68D115.d.FF3B6F5C75AFA0DFF4B6BF6949D321C0.e.13342/clear - {}
RESULT: {}
COMMAND: GET /session/668384e1c1f73f3d5461b9d538daca42/screenshot - {}
RESULT: {}
COMMAND: POST /session/668384e1c1f73f3d5461b9d538daca42/element - {"using":"xpath","value":"//td[6]/div/div/input[1]"}
RESULT: {"using":"xpath","value":"//td[6]/div/div/input[1]"}
COMMAND: POST /session/668384e1c1f73f3d5461b9d538daca42/element/f.F64AD31729AEE402AD374BC91D68D115.d.FF3B6F5C75AFA0DFF4B6BF6949D321C0.e.13368/click - {}
RESULT: {}
COMMAND: POST /session/668384e1c1f73f3d5461b9d538daca42/actions - {"actions":[{"id":"action52","type":"key","parameters":{},"actions":[{"type":"keyDown","value":"î€ƒ"},{"type":"pause","duration":10},{"type":"keyUp","value":"î€ƒ"}]}]}
COMMAND: GET /session/668384e1c1f73f3d5461b9d538daca42/screenshot - {}
RESULT: {"actions":[{"id":"action52","type":"key","parameters":{},"actions":[{"type":"keyDown","value":"î€ƒ"},{"type":"pause","duration":10},{"type":"keyUp","value":"î€ƒ"}]}]}
COMMAND: POST /session/668384e1c1f73f3d5461b9d538daca42/element - {"using":"xpath","value":"//td[6]/div/div/input[1]"}
COMMAND: GET /session/668384e1c1f73f3d5461b9d538daca42/screenshot - {}
RESULT: {}
RESULT: {"using":"xpath","value":"//td[6]/div/div/input[1]"}
COMMAND: POST /session/668384e1c1f73f3d5461b9d538daca42/element/f.F64AD31729AEE402AD374BC91D68D115.d.FF3B6F5C75AFA0DFF4B6BF6949D321C0.e.13368/clear - {}
RESULT: {}
RESULT: {}
COMMAND: POST /session/668384e1c1f73f3d5461b9d538daca42/element/f.F64AD31729AEE402AD374BC91D68D115.d.FF3B6F5C75AFA0DFF4B6BF6949D321C0.e.13368/value - {"text":"Material"}
COMMAND: GET /session/668384e1c1f73f3d5461b9d538daca42/screenshot - {}
RESULT: {"text":"Material"}
COMMAND: GET /session/668384e1c1f73f3d5461b9d538daca42/screenshot - {}
RESULT: {}
RESULT: {}
COMMAND: POST /session/668384e1c1f73f3d5461b9d538daca42/actions - {"actions":[{"id":"action53","type":"key","parameters":{},"actions":[{"type":"keyDown","value":"î€‡"},{"type":"pause","duration":10},{"type":"keyUp","value":"î€‡"}]}]}
RESULT: {"actions":[{"id":"action53","type":"key","parameters":{},"actions":[{"type":"keyDown","value":"î€‡"},{"type":"pause","duration":10},{"type":"keyUp","value":"î€‡"}]}]}
COMMAND: POST /session/668384e1c1f73f3d5461b9d538daca42/element - {"using":"xpath","value":"//td[7]/div/div/input[1]"}
COMMAND: GET /session/668384e1c1f73f3d5461b9d538daca42/screenshot - {}
RESULT: {"using":"xpath","value":"//td[7]/div/div/input[1]"}
COMMAND: POST /session/668384e1c1f73f3d5461b9d538daca42/element/f.F64AD31729AEE402AD374BC91D68D115.d.FF3B6F5C75AFA0DFF4B6BF6949D321C0.e.13390/clear - {}
RESULT: {}
RESULT: {}
COMMAND: POST /session/668384e1c1f73f3d5461b9d538daca42/element/f.F64AD31729AEE402AD374BC91D68D115.d.FF3B6F5C75AFA0DFF4B6BF6949D321C0.e.13390/value - {"text":"200131"}
COMMAND: GET /session/668384e1c1f73f3d5461b9d538daca42/screenshot - {}
RESULT: {"text":"200131"}
COMMAND: GET /session/668384e1c1f73f3d5461b9d538daca42/screenshot - {}
RESULT: {}
RESULT: {}
COMMAND: POST /session/668384e1c1f73f3d5461b9d538daca42/actions - {"actions":[{"id":"action54","type":"key","parameters":{},"actions":[{"type":"keyDown","value":"î€‡"},{"type":"pause","duration":10},{"type":"keyUp","value":"î€‡"}]}]}
RESULT: {"actions":[{"id":"action54","type":"key","parameters":{},"actions":[{"type":"keyDown","value":"î€‡"},{"type":"pause","duration":10},{"type":"keyUp","value":"î€‡"}]}]}
COMMAND: POST /session/668384e1c1f73f3d5461b9d538daca42/execute/async - {"script":"<script> [1562 bytes]","args":[{"selector":{"controlType":"sap.m.Button","properties":{"text":"OK"},"searchOpenDialogs":true,"interaction":{"idSuffix":"BDI-content"}},"wdio_ui5_key":"sapm.Button{\"text\":\"OK\"}"}]}
COMMAND: GET /session/668384e1c1f73f3d5461b9d538daca42/screenshot - {}
RESULT: {"script":"<script> [1562 bytes]","args":[{"selector":{"controlType":"sap.m.Button","properties":{"text":"OK"},"searchOpenDialogs":true,"interaction":{"idSuffix":"BDI-content"}},"wdio_ui5_key":"sapm.Button{\"text\":\"OK\"}"}]}
RESULT: undefined
COMMAND: POST /session/668384e1c1f73f3d5461b9d538daca42/element - {"using":"xpath","value":"//*[@id=\"__mbox-btn-1\"]"}
RESULT: {}
RESULT: {"using":"xpath","value":"//*[@id=\"__mbox-btn-1\"]"}
COMMAND: POST /session/668384e1c1f73f3d5461b9d538daca42/element/f.F64AD31729AEE402AD374BC91D68D115.d.FF3B6F5C75AFA0DFF4B6BF6949D321C0.e.13411/click - {}
RESULT: {}
COMMAND: POST /session/668384e1c1f73f3d5461b9d538daca42/execute/async - {"script":"<script> [1562 bytes]","args":[{"selector":{"id":"saveBtn","viewName":"etm.portal.ui.managecontracts.view.EditContract","interaction":{"idSuffix":"BDI-content"}},"wdio_ui5_key":"saveBtnetmportal.ui.managecontracts.view.EditContract"}]}
COMMAND: GET /session/668384e1c1f73f3d5461b9d538daca42/screenshot - {}
RESULT: {"script":"<script> [1562 bytes]","args":[{"selector":{"id":"saveBtn","viewName":"etm.portal.ui.managecontracts.view.EditContract","interaction":{"idSuffix":"BDI-content"}},"wdio_ui5_key":"saveBtnetmportal.ui.managecontracts.view.EditContract"}]}
RESULT: undefined
COMMAND: POST /session/668384e1c1f73f3d5461b9d538daca42/element - {"using":"xpath","value":"//*[@id=\"__xmlview62--saveBtn\"]"}
RESULT: {}
RESULT: {"using":"xpath","value":"//*[@id=\"__xmlview62--saveBtn\"]"}
COMMAND: POST /session/668384e1c1f73f3d5461b9d538daca42/element/f.F64AD31729AEE402AD374BC91D68D115.d.FF3B6F5C75AFA0DFF4B6BF6949D321C0.e.13437/click - {}
RESULT: {}
COMMAND: GET /session/668384e1c1f73f3d5461b9d538daca42/screenshot - {}
RESULT: {}
COMMAND: POST /session/668384e1c1f73f3d5461b9d538daca42/execute/async - {"script":"<script> [1562 bytes]","args":[{"selector":{"id":"additionalAddressesTabFilter","viewName":"etm.portal.ui.managecontracts.view.Detail","interaction":{"idSuffix":"text"}},"wdio_ui5_key":"additionalAddressesTabFilteretmportal.ui.managecontracts.view.Detail"}]}
RESULT: {"script":"<script> [1562 bytes]","args":[{"selector":{"id":"additionalAddressesTabFilter","viewName":"etm.portal.ui.managecontracts.view.Detail","interaction":{"idSuffix":"text"}},"wdio_ui5_key":"additionalAddressesTabFilteretmportal.ui.managecontracts.view.Detail"}]}
RESULT: undefined
COMMAND: POST /session/668384e1c1f73f3d5461b9d538daca42/element - {"using":"xpath","value":"//*[@id=\"__xmlview61--additionalAddressesTabFilter\"]"}
RESULT: {"using":"xpath","value":"//*[@id=\"__xmlview61--additionalAddressesTabFilter\"]"}
COMMAND: POST /session/668384e1c1f73f3d5461b9d538daca42/element/f.F64AD31729AEE402AD374BC91D68D115.d.FF3B6F5C75AFA0DFF4B6BF6949D321C0.e.13441/click - {}
RESULT: {}
COMMAND: POST /session/668384e1c1f73f3d5461b9d538daca42/execute/async - {"script":"<script> [1562 bytes]","args":[{"selector":{"id":"contractDetailProvideButton","viewName":"etm.portal.ui.managecontracts.view.Detail","interaction":{"idSuffix":"BDI-content"}},"wdio_ui5_key":"contractDetailProvideButtonetmportal.ui.managecontracts.view.Detail"}]}
COMMAND: GET /session/668384e1c1f73f3d5461b9d538daca42/screenshot - {}
RESULT: {"script":"<script> [1562 bytes]","args":[{"selector":{"id":"contractDetailProvideButton","viewName":"etm.portal.ui.managecontracts.view.Detail","interaction":{"idSuffix":"BDI-content"}},"wdio_ui5_key":"contractDetailProvideButtonetmportal.ui.managecontracts.view.Detail"}]}
RESULT: undefined
COMMAND: POST /session/668384e1c1f73f3d5461b9d538daca42/element - {"using":"xpath","value":"//*[@id=\"__xmlview61--contractDetailProvideButton\"]"}
RESULT: {}
RESULT: {"using":"xpath","value":"//*[@id=\"__xmlview61--contractDetailProvideButton\"]"}
COMMAND: POST /session/668384e1c1f73f3d5461b9d538daca42/element/f.F64AD31729AEE402AD374BC91D68D115.d.FF3B6F5C75AFA0DFF4B6BF6949D321C0.e.13448/click - {}
RESULT: {}
COMMAND: GET /session/668384e1c1f73f3d5461b9d538daca42/screenshot - {}
]]></system-out>
    </testcase>
    <testcase classname="chrome.135_0_7049_96.windows.Provide_to_Site_w/o_warehouse_management_w_clarification" name="Should Create HandOvers provide to site" time="186.13">
      <system-out><![CDATA[
COMMAND: POST /session/668384e1c1f73f3d5461b9d538daca42/element - {"using":"css selector","value":"#application-managehandovers-display-component---AddNewHO--dueDate-inner"}
RESULT: {}
RESULT: {"using":"css selector","value":"#application-managehandovers-display-component---AddNewHO--dueDate-inner"}
COMMAND: POST /session/668384e1c1f73f3d5461b9d538daca42/element/f.F64AD31729AEE402AD374BC91D68D115.d.FF3B6F5C75AFA0DFF4B6BF6949D321C0.e.13524/clear - {}
RESULT: {}
COMMAND: POST /session/668384e1c1f73f3d5461b9d538daca42/element/f.F64AD31729AEE402AD374BC91D68D115.d.FF3B6F5C75AFA0DFF4B6BF6949D321C0.e.13524/value - {"text":"4/27/25"}
COMMAND: GET /session/668384e1c1f73f3d5461b9d538daca42/screenshot - {}
RESULT: {"text":"4/27/25"}
COMMAND: POST /session/668384e1c1f73f3d5461b9d538daca42/element - {"using":"xpath","value":"//bdi[(text() = 'Items' or . = 'Items')]"}
COMMAND: GET /session/668384e1c1f73f3d5461b9d538daca42/screenshot - {}
RESULT: {}
RESULT: {"using":"xpath","value":"//bdi[(text() = 'Items' or . = 'Items')]"}
COMMAND: POST /session/668384e1c1f73f3d5461b9d538daca42/element/f.F64AD31729AEE402AD374BC91D68D115.d.FF3B6F5C75AFA0DFF4B6BF6949D321C0.e.13620/click - {}
RESULT: {}
RESULT: {}
COMMAND: POST /session/668384e1c1f73f3d5461b9d538daca42/execute/async - {"script":"<script> [1562 bytes]","args":[{"selector":{"controlType":"sap.m.Button","viewName":"etm.portal.ui.managehandovers.view.AddNewHO","viewId":"application-managehandovers-display-component---AddNewHO","i18NText":{"propertyName":"tooltip","key":"addItems"}},"wdio_ui5_key":"etmportal.ui.managehandovers.view.AddNewHOsap.m.Button{\"propertyName\":\"tooltip\",\"key\":\"addItems\"}"}]}
COMMAND: GET /session/668384e1c1f73f3d5461b9d538daca42/screenshot - {}
RESULT: {"script":"<script> [1562 bytes]","args":[{"selector":{"controlType":"sap.m.Button","viewName":"etm.portal.ui.managehandovers.view.AddNewHO","viewId":"application-managehandovers-display-component---AddNewHO","i18NText":{"propertyName":"tooltip","key":"addItems"}},"wdio_ui5_key":"etmportal.ui.managehandovers.view.AddNewHOsap.m.Button{\"propertyName\":\"tooltip\",\"key\":\"addItems\"}"}]}
RESULT: undefined
COMMAND: POST /session/668384e1c1f73f3d5461b9d538daca42/element - {"using":"xpath","value":"//*[@id=\"__button349\"]"}
RESULT: {}
RESULT: {"using":"xpath","value":"//*[@id=\"__button349\"]"}
COMMAND: POST /session/668384e1c1f73f3d5461b9d538daca42/element/f.F64AD31729AEE402AD374BC91D68D115.d.FF3B6F5C75AFA0DFF4B6BF6949D321C0.e.13623/click - {}
RESULT: {}
COMMAND: GET /session/668384e1c1f73f3d5461b9d538daca42/screenshot - {}
RESULT: {}
COMMAND: POST /session/668384e1c1f73f3d5461b9d538daca42/element - {"using":"css selector","value":"div[id= \"application-managehandovers-display-component---AddNewHO--popup-sa-CbBg\"]"}
RESULT: {"using":"css selector","value":"div[id= \"application-managehandovers-display-component---AddNewHO--popup-sa-CbBg\"]"}
COMMAND: POST /session/668384e1c1f73f3d5461b9d538daca42/element/f.F64AD31729AEE402AD374BC91D68D115.d.FF3B6F5C75AFA0DFF4B6BF6949D321C0.e.13635/click - {}
RESULT: {}
COMMAND: GET /session/668384e1c1f73f3d5461b9d538daca42/screenshot - {}
RESULT: {}
COMMAND: POST /session/668384e1c1f73f3d5461b9d538daca42/element - {"using":"xpath","value":"//bdi[(text() = 'Select' or . = 'Select')]"}
RESULT: {"using":"xpath","value":"//bdi[(text() = 'Select' or . = 'Select')]"}
COMMAND: POST /session/668384e1c1f73f3d5461b9d538daca42/element/f.F64AD31729AEE402AD374BC91D68D115.d.FF3B6F5C75AFA0DFF4B6BF6949D321C0.e.13636/click - {}
RESULT: {}
COMMAND: GET /session/668384e1c1f73f3d5461b9d538daca42/screenshot - {}
RESULT: {}
COMMAND: POST /session/668384e1c1f73f3d5461b9d538daca42/element - {"using":"xpath","value":"//bdi[(text() = 'Save' or . = 'Save')]"}
RESULT: {"using":"xpath","value":"//bdi[(text() = 'Save' or . = 'Save')]"}
COMMAND: POST /session/668384e1c1f73f3d5461b9d538daca42/element/f.F64AD31729AEE402AD374BC91D68D115.d.FF3B6F5C75AFA0DFF4B6BF6949D321C0.e.13644/click - {}
RESULT: {}
COMMAND: GET /session/668384e1c1f73f3d5461b9d538daca42/screenshot - {}
RESULT: {}
COMMAND: POST /session/668384e1c1f73f3d5461b9d538daca42/element - {"using":"xpath","value":"//*[text()='OK']"}
RESULT: {"using":"xpath","value":"//*[text()='OK']"}
COMMAND: POST /session/668384e1c1f73f3d5461b9d538daca42/elements - {"using":"xpath","value":"//*[text()='OK']"}
RESULT: {"using":"xpath","value":"//*[text()='OK']"}
COMMAND: POST /session/668384e1c1f73f3d5461b9d538daca42/elements - {"using":"xpath","value":"//*[text()='OK']"}
RESULT: {"using":"xpath","value":"//*[text()='OK']"}
COMMAND: POST /session/668384e1c1f73f3d5461b9d538daca42/elements - {"using":"xpath","value":"//*[text()='OK']"}
RESULT: {"using":"xpath","value":"//*[text()='OK']"}
COMMAND: POST /session/668384e1c1f73f3d5461b9d538daca42/elements - {"using":"xpath","value":"//*[text()='OK']"}
RESULT: {"using":"xpath","value":"//*[text()='OK']"}
COMMAND: POST /session/668384e1c1f73f3d5461b9d538daca42/elements - {"using":"xpath","value":"//*[text()='OK']"}
RESULT: {"using":"xpath","value":"//*[text()='OK']"}
COMMAND: POST /session/668384e1c1f73f3d5461b9d538daca42/elements - {"using":"xpath","value":"//*[text()='OK']"}
RESULT: {"using":"xpath","value":"//*[text()='OK']"}
COMMAND: POST /session/668384e1c1f73f3d5461b9d538daca42/elements - {"using":"xpath","value":"//*[text()='OK']"}
RESULT: {"using":"xpath","value":"//*[text()='OK']"}
COMMAND: POST /session/668384e1c1f73f3d5461b9d538daca42/elements - {"using":"xpath","value":"//*[text()='OK']"}
RESULT: {"using":"xpath","value":"//*[text()='OK']"}
COMMAND: POST /session/668384e1c1f73f3d5461b9d538daca42/elements - {"using":"xpath","value":"//*[text()='OK']"}
RESULT: {"using":"xpath","value":"//*[text()='OK']"}
COMMAND: POST /session/668384e1c1f73f3d5461b9d538daca42/elements - {"using":"xpath","value":"//*[text()='OK']"}
RESULT: {"using":"xpath","value":"//*[text()='OK']"}
COMMAND: POST /session/668384e1c1f73f3d5461b9d538daca42/elements - {"using":"xpath","value":"//*[text()='OK']"}
RESULT: {"using":"xpath","value":"//*[text()='OK']"}
COMMAND: POST /session/668384e1c1f73f3d5461b9d538daca42/elements - {"using":"xpath","value":"//*[text()='OK']"}
RESULT: {"using":"xpath","value":"//*[text()='OK']"}
COMMAND: POST /session/668384e1c1f73f3d5461b9d538daca42/elements - {"using":"xpath","value":"//*[text()='OK']"}
RESULT: {"using":"xpath","value":"//*[text()='OK']"}
COMMAND: POST /session/668384e1c1f73f3d5461b9d538daca42/elements - {"using":"xpath","value":"//*[text()='OK']"}
RESULT: {"using":"xpath","value":"//*[text()='OK']"}
COMMAND: POST /session/668384e1c1f73f3d5461b9d538daca42/elements - {"using":"xpath","value":"//*[text()='OK']"}
RESULT: {"using":"xpath","value":"//*[text()='OK']"}
COMMAND: POST /session/668384e1c1f73f3d5461b9d538daca42/elements - {"using":"xpath","value":"//*[text()='OK']"}
RESULT: {"using":"xpath","value":"//*[text()='OK']"}
COMMAND: POST /session/668384e1c1f73f3d5461b9d538daca42/elements - {"using":"xpath","value":"//*[text()='OK']"}
RESULT: {"using":"xpath","value":"//*[text()='OK']"}
COMMAND: POST /session/668384e1c1f73f3d5461b9d538daca42/elements - {"using":"xpath","value":"//*[text()='OK']"}
RESULT: {"using":"xpath","value":"//*[text()='OK']"}
COMMAND: POST /session/668384e1c1f73f3d5461b9d538daca42/elements - {"using":"xpath","value":"//*[text()='OK']"}
RESULT: {"using":"xpath","value":"//*[text()='OK']"}
COMMAND: POST /session/668384e1c1f73f3d5461b9d538daca42/elements - {"using":"xpath","value":"//*[text()='OK']"}
RESULT: {"using":"xpath","value":"//*[text()='OK']"}
COMMAND: POST /session/668384e1c1f73f3d5461b9d538daca42/elements - {"using":"xpath","value":"//*[text()='OK']"}
RESULT: {"using":"xpath","value":"//*[text()='OK']"}
COMMAND: POST /session/668384e1c1f73f3d5461b9d538daca42/elements - {"using":"xpath","value":"//*[text()='OK']"}
RESULT: {"using":"xpath","value":"//*[text()='OK']"}
COMMAND: POST /session/668384e1c1f73f3d5461b9d538daca42/elements - {"using":"xpath","value":"//*[text()='OK']"}
RESULT: {"using":"xpath","value":"//*[text()='OK']"}
COMMAND: POST /session/668384e1c1f73f3d5461b9d538daca42/elements - {"using":"xpath","value":"//*[text()='OK']"}
RESULT: {"using":"xpath","value":"//*[text()='OK']"}
COMMAND: POST /session/668384e1c1f73f3d5461b9d538daca42/elements - {"using":"xpath","value":"//*[text()='OK']"}
RESULT: {"using":"xpath","value":"//*[text()='OK']"}
COMMAND: POST /session/668384e1c1f73f3d5461b9d538daca42/elements - {"using":"xpath","value":"//*[text()='OK']"}
RESULT: {"using":"xpath","value":"//*[text()='OK']"}
COMMAND: POST /session/668384e1c1f73f3d5461b9d538daca42/elements - {"using":"xpath","value":"//*[text()='OK']"}
RESULT: {"using":"xpath","value":"//*[text()='OK']"}
COMMAND: POST /session/668384e1c1f73f3d5461b9d538daca42/elements - {"using":"xpath","value":"//*[text()='OK']"}
RESULT: {"using":"xpath","value":"//*[text()='OK']"}
COMMAND: POST /session/668384e1c1f73f3d5461b9d538daca42/elements - {"using":"xpath","value":"//*[text()='OK']"}
RESULT: {"using":"xpath","value":"//*[text()='OK']"}
COMMAND: POST /session/668384e1c1f73f3d5461b9d538daca42/elements - {"using":"xpath","value":"//*[text()='OK']"}
RESULT: {"using":"xpath","value":"//*[text()='OK']"}
COMMAND: POST /session/668384e1c1f73f3d5461b9d538daca42/elements - {"using":"xpath","value":"//*[text()='OK']"}
RESULT: {"using":"xpath","value":"//*[text()='OK']"}
COMMAND: POST /session/668384e1c1f73f3d5461b9d538daca42/elements - {"using":"xpath","value":"//*[text()='OK']"}
RESULT: {"using":"xpath","value":"//*[text()='OK']"}
COMMAND: POST /session/668384e1c1f73f3d5461b9d538daca42/elements - {"using":"xpath","value":"//*[text()='OK']"}
RESULT: {"using":"xpath","value":"//*[text()='OK']"}
COMMAND: POST /session/668384e1c1f73f3d5461b9d538daca42/elements - {"using":"xpath","value":"//*[text()='OK']"}
RESULT: {"using":"xpath","value":"//*[text()='OK']"}
COMMAND: POST /session/668384e1c1f73f3d5461b9d538daca42/elements - {"using":"xpath","value":"//*[text()='OK']"}
RESULT: {"using":"xpath","value":"//*[text()='OK']"}
COMMAND: POST /session/668384e1c1f73f3d5461b9d538daca42/elements - {"using":"xpath","value":"//*[text()='OK']"}
RESULT: {"using":"xpath","value":"//*[text()='OK']"}
COMMAND: POST /session/668384e1c1f73f3d5461b9d538daca42/elements - {"using":"xpath","value":"//*[text()='OK']"}
RESULT: {"using":"xpath","value":"//*[text()='OK']"}
COMMAND: POST /session/668384e1c1f73f3d5461b9d538daca42/elements - {"using":"xpath","value":"//*[text()='OK']"}
RESULT: {"using":"xpath","value":"//*[text()='OK']"}
COMMAND: POST /session/668384e1c1f73f3d5461b9d538daca42/elements - {"using":"xpath","value":"//*[text()='OK']"}
RESULT: {"using":"xpath","value":"//*[text()='OK']"}
COMMAND: POST /session/668384e1c1f73f3d5461b9d538daca42/elements - {"using":"xpath","value":"//*[text()='OK']"}
RESULT: {"using":"xpath","value":"//*[text()='OK']"}
COMMAND: POST /session/668384e1c1f73f3d5461b9d538daca42/elements - {"using":"xpath","value":"//*[text()='OK']"}
RESULT: {"using":"xpath","value":"//*[text()='OK']"}
COMMAND: POST /session/668384e1c1f73f3d5461b9d538daca42/elements - {"using":"xpath","value":"//*[text()='OK']"}
RESULT: {"using":"xpath","value":"//*[text()='OK']"}
COMMAND: POST /session/668384e1c1f73f3d5461b9d538daca42/elements - {"using":"xpath","value":"//*[text()='OK']"}
RESULT: {"using":"xpath","value":"//*[text()='OK']"}
COMMAND: POST /session/668384e1c1f73f3d5461b9d538daca42/elements - {"using":"xpath","value":"//*[text()='OK']"}
RESULT: {"using":"xpath","value":"//*[text()='OK']"}
COMMAND: POST /session/668384e1c1f73f3d5461b9d538daca42/elements - {"using":"xpath","value":"//*[text()='OK']"}
RESULT: {"using":"xpath","value":"//*[text()='OK']"}
COMMAND: POST /session/668384e1c1f73f3d5461b9d538daca42/elements - {"using":"xpath","value":"//*[text()='OK']"}
RESULT: {"using":"xpath","value":"//*[text()='OK']"}
COMMAND: POST /session/668384e1c1f73f3d5461b9d538daca42/elements - {"using":"xpath","value":"//*[text()='OK']"}
RESULT: {"using":"xpath","value":"//*[text()='OK']"}
COMMAND: POST /session/668384e1c1f73f3d5461b9d538daca42/elements - {"using":"xpath","value":"//*[text()='OK']"}
RESULT: {"using":"xpath","value":"//*[text()='OK']"}
COMMAND: POST /session/668384e1c1f73f3d5461b9d538daca42/elements - {"using":"xpath","value":"//*[text()='OK']"}
RESULT: {"using":"xpath","value":"//*[text()='OK']"}
COMMAND: POST /session/668384e1c1f73f3d5461b9d538daca42/elements - {"using":"xpath","value":"//*[text()='OK']"}
RESULT: {"using":"xpath","value":"//*[text()='OK']"}
COMMAND: POST /session/668384e1c1f73f3d5461b9d538daca42/elements - {"using":"xpath","value":"//*[text()='OK']"}
RESULT: {"using":"xpath","value":"//*[text()='OK']"}
COMMAND: POST /session/668384e1c1f73f3d5461b9d538daca42/elements - {"using":"xpath","value":"//*[text()='OK']"}
RESULT: {"using":"xpath","value":"//*[text()='OK']"}
COMMAND: POST /session/668384e1c1f73f3d5461b9d538daca42/elements - {"using":"xpath","value":"//*[text()='OK']"}
RESULT: {"using":"xpath","value":"//*[text()='OK']"}
COMMAND: POST /session/668384e1c1f73f3d5461b9d538daca42/elements - {"using":"xpath","value":"//*[text()='OK']"}
RESULT: {"using":"xpath","value":"//*[text()='OK']"}
COMMAND: POST /session/668384e1c1f73f3d5461b9d538daca42/elements - {"using":"xpath","value":"//*[text()='OK']"}
RESULT: {"using":"xpath","value":"//*[text()='OK']"}
COMMAND: POST /session/668384e1c1f73f3d5461b9d538daca42/elements - {"using":"xpath","value":"//*[text()='OK']"}
RESULT: {"using":"xpath","value":"//*[text()='OK']"}
COMMAND: POST /session/668384e1c1f73f3d5461b9d538daca42/elements - {"using":"xpath","value":"//*[text()='OK']"}
RESULT: {"using":"xpath","value":"//*[text()='OK']"}
COMMAND: POST /session/668384e1c1f73f3d5461b9d538daca42/elements - {"using":"xpath","value":"//*[text()='OK']"}
RESULT: {"using":"xpath","value":"//*[text()='OK']"}
COMMAND: POST /session/668384e1c1f73f3d5461b9d538daca42/elements - {"using":"xpath","value":"//*[text()='OK']"}
RESULT: {"using":"xpath","value":"//*[text()='OK']"}
COMMAND: POST /session/668384e1c1f73f3d5461b9d538daca42/elements - {"using":"xpath","value":"//*[text()='OK']"}
RESULT: {"using":"xpath","value":"//*[text()='OK']"}
COMMAND: POST /session/668384e1c1f73f3d5461b9d538daca42/elements - {"using":"xpath","value":"//*[text()='OK']"}
RESULT: {"using":"xpath","value":"//*[text()='OK']"}
COMMAND: POST /session/668384e1c1f73f3d5461b9d538daca42/elements - {"using":"xpath","value":"//*[text()='OK']"}
RESULT: {"using":"xpath","value":"//*[text()='OK']"}
COMMAND: POST /session/668384e1c1f73f3d5461b9d538daca42/elements - {"using":"xpath","value":"//*[text()='OK']"}
RESULT: {"using":"xpath","value":"//*[text()='OK']"}
COMMAND: POST /session/668384e1c1f73f3d5461b9d538daca42/elements - {"using":"xpath","value":"//*[text()='OK']"}
RESULT: {"using":"xpath","value":"//*[text()='OK']"}
COMMAND: POST /session/668384e1c1f73f3d5461b9d538daca42/elements - {"using":"xpath","value":"//*[text()='OK']"}
RESULT: {"using":"xpath","value":"//*[text()='OK']"}
COMMAND: POST /session/668384e1c1f73f3d5461b9d538daca42/elements - {"using":"xpath","value":"//*[text()='OK']"}
RESULT: {"using":"xpath","value":"//*[text()='OK']"}
COMMAND: POST /session/668384e1c1f73f3d5461b9d538daca42/elements - {"using":"xpath","value":"//*[text()='OK']"}
RESULT: {"using":"xpath","value":"//*[text()='OK']"}
COMMAND: POST /session/668384e1c1f73f3d5461b9d538daca42/elements - {"using":"xpath","value":"//*[text()='OK']"}
RESULT: {"using":"xpath","value":"//*[text()='OK']"}
COMMAND: POST /session/668384e1c1f73f3d5461b9d538daca42/elements - {"using":"xpath","value":"//*[text()='OK']"}
RESULT: {"using":"xpath","value":"//*[text()='OK']"}
COMMAND: POST /session/668384e1c1f73f3d5461b9d538daca42/elements - {"using":"xpath","value":"//*[text()='OK']"}
RESULT: {"using":"xpath","value":"//*[text()='OK']"}
COMMAND: POST /session/668384e1c1f73f3d5461b9d538daca42/elements - {"using":"xpath","value":"//*[text()='OK']"}
RESULT: {"using":"xpath","value":"//*[text()='OK']"}
COMMAND: POST /session/668384e1c1f73f3d5461b9d538daca42/elements - {"using":"xpath","value":"//*[text()='OK']"}
RESULT: {"using":"xpath","value":"//*[text()='OK']"}
COMMAND: POST /session/668384e1c1f73f3d5461b9d538daca42/elements - {"using":"xpath","value":"//*[text()='OK']"}
RESULT: {"using":"xpath","value":"//*[text()='OK']"}
COMMAND: POST /session/668384e1c1f73f3d5461b9d538daca42/elements - {"using":"xpath","value":"//*[text()='OK']"}
RESULT: {"using":"xpath","value":"//*[text()='OK']"}
COMMAND: POST /session/668384e1c1f73f3d5461b9d538daca42/elements - {"using":"xpath","value":"//*[text()='OK']"}
RESULT: {"using":"xpath","value":"//*[text()='OK']"}
COMMAND: POST /session/668384e1c1f73f3d5461b9d538daca42/elements - {"using":"xpath","value":"//*[text()='OK']"}
RESULT: {"using":"xpath","value":"//*[text()='OK']"}
COMMAND: POST /session/668384e1c1f73f3d5461b9d538daca42/elements - {"using":"xpath","value":"//*[text()='OK']"}
RESULT: {"using":"xpath","value":"//*[text()='OK']"}
COMMAND: POST /session/668384e1c1f73f3d5461b9d538daca42/elements - {"using":"xpath","value":"//*[text()='OK']"}
RESULT: {"using":"xpath","value":"//*[text()='OK']"}
COMMAND: POST /session/668384e1c1f73f3d5461b9d538daca42/elements - {"using":"xpath","value":"//*[text()='OK']"}
RESULT: {"using":"xpath","value":"//*[text()='OK']"}
COMMAND: POST /session/668384e1c1f73f3d5461b9d538daca42/elements - {"using":"xpath","value":"//*[text()='OK']"}
RESULT: {"using":"xpath","value":"//*[text()='OK']"}
COMMAND: POST /session/668384e1c1f73f3d5461b9d538daca42/elements - {"using":"xpath","value":"//*[text()='OK']"}
RESULT: {"using":"xpath","value":"//*[text()='OK']"}
COMMAND: POST /session/668384e1c1f73f3d5461b9d538daca42/elements - {"using":"xpath","value":"//*[text()='OK']"}
RESULT: {"using":"xpath","value":"//*[text()='OK']"}
COMMAND: POST /session/668384e1c1f73f3d5461b9d538daca42/elements - {"using":"xpath","value":"//*[text()='OK']"}
RESULT: {"using":"xpath","value":"//*[text()='OK']"}
COMMAND: POST /session/668384e1c1f73f3d5461b9d538daca42/elements - {"using":"xpath","value":"//*[text()='OK']"}
RESULT: {"using":"xpath","value":"//*[text()='OK']"}
COMMAND: POST /session/668384e1c1f73f3d5461b9d538daca42/elements - {"using":"xpath","value":"//*[text()='OK']"}
RESULT: {"using":"xpath","value":"//*[text()='OK']"}
COMMAND: POST /session/668384e1c1f73f3d5461b9d538daca42/elements - {"using":"xpath","value":"//*[text()='OK']"}
RESULT: {"using":"xpath","value":"//*[text()='OK']"}
COMMAND: POST /session/668384e1c1f73f3d5461b9d538daca42/elements - {"using":"xpath","value":"//*[text()='OK']"}
RESULT: {"using":"xpath","value":"//*[text()='OK']"}
COMMAND: POST /session/668384e1c1f73f3d5461b9d538daca42/elements - {"using":"xpath","value":"//*[text()='OK']"}
RESULT: {"using":"xpath","value":"//*[text()='OK']"}
COMMAND: POST /session/668384e1c1f73f3d5461b9d538daca42/elements - {"using":"xpath","value":"//*[text()='OK']"}
RESULT: {"using":"xpath","value":"//*[text()='OK']"}
COMMAND: POST /session/668384e1c1f73f3d5461b9d538daca42/elements - {"using":"xpath","value":"//*[text()='OK']"}
RESULT: {"using":"xpath","value":"//*[text()='OK']"}
COMMAND: POST /session/668384e1c1f73f3d5461b9d538daca42/elements - {"using":"xpath","value":"//*[text()='OK']"}
RESULT: {"using":"xpath","value":"//*[text()='OK']"}
COMMAND: POST /session/668384e1c1f73f3d5461b9d538daca42/element - {"using":"xpath","value":"//*[text()='provide (prepared)']"}
RESULT: {"using":"xpath","value":"//*[text()='provide (prepared)']"}
COMMAND: GET /session/668384e1c1f73f3d5461b9d538daca42/element/f.F64AD31729AEE402AD374BC91D68D115.d.FF3B6F5C75AFA0DFF4B6BF6949D321C0.e.13689/text - {}
RESULT: {}
COMMAND: POST /session/668384e1c1f73f3d5461b9d538daca42/element - {"using":"xpath","value":"//*[contains(text(), \"Instructions\")][@class=\"sapMITHTextContent\"]"}
RESULT: {"using":"xpath","value":"//*[contains(text(), \"Instructions\")][@class=\"sapMITHTextContent\"]"}
COMMAND: POST /session/668384e1c1f73f3d5461b9d538daca42/execute/sync - {"script":"<script> [8489 bytes]","args":[{"element-6066-11e4-a52e-4f735466cecf":"f.F64AD31729AEE402AD374BC91D68D115.d.FF3B6F5C75AFA0DFF4B6BF6949D321C0.e.13690","ELEMENT":"f.F64AD31729AEE402AD374BC91D68D115.d.FF3B6F5C75AFA0DFF4B6BF6949D321C0.e.13690"}]}
RESULT: {"script":"<script> [8489 bytes]","args":[{"element-6066-11e4-a52e-4f735466cecf":"f.F64AD31729AEE402AD374BC91D68D115.d.FF3B6F5C75AFA0DFF4B6BF6949D321C0.e.13690","ELEMENT":"f.F64AD31729AEE402AD374BC91D68D115.d.FF3B6F5C75AFA0DFF4B6BF6949D321C0.e.13690"}]}
COMMAND: POST /session/668384e1c1f73f3d5461b9d538daca42/execute/sync - {"script":"<script> [5351 bytes]","args":[{"element-6066-11e4-a52e-4f735466cecf":"f.F64AD31729AEE402AD374BC91D68D115.d.FF3B6F5C75AFA0DFF4B6BF6949D321C0.e.13690","ELEMENT":"f.F64AD31729AEE402AD374BC91D68D115.d.FF3B6F5C75AFA0DFF4B6BF6949D321C0.e.13690"}]}
COMMAND: GET /session/668384e1c1f73f3d5461b9d538daca42/screenshot - {}
RESULT: {"script":"<script> [5351 bytes]","args":[{"element-6066-11e4-a52e-4f735466cecf":"f.F64AD31729AEE402AD374BC91D68D115.d.FF3B6F5C75AFA0DFF4B6BF6949D321C0.e.13690","ELEMENT":"f.F64AD31729AEE402AD374BC91D68D115.d.FF3B6F5C75AFA0DFF4B6BF6949D321C0.e.13690"}]}
COMMAND: POST /session/668384e1c1f73f3d5461b9d538daca42/element/f.F64AD31729AEE402AD374BC91D68D115.d.FF3B6F5C75AFA0DFF4B6BF6949D321C0.e.13690/click - {}
COMMAND: GET /session/668384e1c1f73f3d5461b9d538daca42/screenshot - {}
RESULT: {}
RESULT: {}
COMMAND: POST /session/668384e1c1f73f3d5461b9d538daca42/actions - {"actions":[{"id":"action55","type":"key","parameters":{},"actions":[{"type":"keyDown","value":"î€‡"},{"type":"pause","duration":10},{"type":"keyUp","value":"î€‡"}]}]}
COMMAND: GET /session/668384e1c1f73f3d5461b9d538daca42/screenshot - {}
RESULT: {}
RESULT: {"actions":[{"id":"action55","type":"key","parameters":{},"actions":[{"type":"keyDown","value":"î€‡"},{"type":"pause","duration":10},{"type":"keyUp","value":"î€‡"}]}]}
COMMAND: POST /session/668384e1c1f73f3d5461b9d538daca42/element - {"using":"css selector","value":"#pickDialog--hoItemsTable-sa-CbBg"}
COMMAND: GET /session/668384e1c1f73f3d5461b9d538daca42/screenshot - {}
RESULT: {}
RESULT: {"using":"css selector","value":"#pickDialog--hoItemsTable-sa-CbBg"}
COMMAND: GET /session/668384e1c1f73f3d5461b9d538daca42/element/f.F64AD31729AEE402AD374BC91D68D115.d.FF3B6F5C75AFA0DFF4B6BF6949D321C0.e.13696/enabled - {}
RESULT: {}
RESULT: {}
COMMAND: POST /session/668384e1c1f73f3d5461b9d538daca42/execute/sync - {"script":"<script> [8489 bytes]","args":[{"element-6066-11e4-a52e-4f735466cecf":"f.F64AD31729AEE402AD374BC91D68D115.d.FF3B6F5C75AFA0DFF4B6BF6949D321C0.e.13696","ELEMENT":"f.F64AD31729AEE402AD374BC91D68D115.d.FF3B6F5C75AFA0DFF4B6BF6949D321C0.e.13696"}]}
COMMAND: GET /session/668384e1c1f73f3d5461b9d538daca42/screenshot - {}
RESULT: {"script":"<script> [8489 bytes]","args":[{"element-6066-11e4-a52e-4f735466cecf":"f.F64AD31729AEE402AD374BC91D68D115.d.FF3B6F5C75AFA0DFF4B6BF6949D321C0.e.13696","ELEMENT":"f.F64AD31729AEE402AD374BC91D68D115.d.FF3B6F5C75AFA0DFF4B6BF6949D321C0.e.13696"}]}
COMMAND: POST /session/668384e1c1f73f3d5461b9d538daca42/execute/sync - {"script":"<script> [5351 bytes]","args":[{"element-6066-11e4-a52e-4f735466cecf":"f.F64AD31729AEE402AD374BC91D68D115.d.FF3B6F5C75AFA0DFF4B6BF6949D321C0.e.13696","ELEMENT":"f.F64AD31729AEE402AD374BC91D68D115.d.FF3B6F5C75AFA0DFF4B6BF6949D321C0.e.13696"}]}
COMMAND: GET /session/668384e1c1f73f3d5461b9d538daca42/screenshot - {}
RESULT: {}
RESULT: {"script":"<script> [5351 bytes]","args":[{"element-6066-11e4-a52e-4f735466cecf":"f.F64AD31729AEE402AD374BC91D68D115.d.FF3B6F5C75AFA0DFF4B6BF6949D321C0.e.13696","ELEMENT":"f.F64AD31729AEE402AD374BC91D68D115.d.FF3B6F5C75AFA0DFF4B6BF6949D321C0.e.13696"}]}
COMMAND: POST /session/668384e1c1f73f3d5461b9d538daca42/element/f.F64AD31729AEE402AD374BC91D68D115.d.FF3B6F5C75AFA0DFF4B6BF6949D321C0.e.13696/click - {}
COMMAND: GET /session/668384e1c1f73f3d5461b9d538daca42/screenshot - {}
RESULT: {}
RESULT: {}
COMMAND: POST /session/668384e1c1f73f3d5461b9d538daca42/element - {"using":"xpath","value":"//bdi[text()='Confirm All']"}
COMMAND: GET /session/668384e1c1f73f3d5461b9d538daca42/screenshot - {}
RESULT: {}
RESULT: {"using":"xpath","value":"//bdi[text()='Confirm All']"}
COMMAND: GET /session/668384e1c1f73f3d5461b9d538daca42/element/f.F64AD31729AEE402AD374BC91D68D115.d.FF3B6F5C75AFA0DFF4B6BF6949D321C0.e.13699/enabled - {}
RESULT: {}
RESULT: {}
COMMAND: POST /session/668384e1c1f73f3d5461b9d538daca42/execute/sync - {"script":"<script> [8489 bytes]","args":[{"element-6066-11e4-a52e-4f735466cecf":"f.F64AD31729AEE402AD374BC91D68D115.d.FF3B6F5C75AFA0DFF4B6BF6949D321C0.e.13699","ELEMENT":"f.F64AD31729AEE402AD374BC91D68D115.d.FF3B6F5C75AFA0DFF4B6BF6949D321C0.e.13699"}]}
COMMAND: GET /session/668384e1c1f73f3d5461b9d538daca42/screenshot - {}
RESULT: {"script":"<script> [8489 bytes]","args":[{"element-6066-11e4-a52e-4f735466cecf":"f.F64AD31729AEE402AD374BC91D68D115.d.FF3B6F5C75AFA0DFF4B6BF6949D321C0.e.13699","ELEMENT":"f.F64AD31729AEE402AD374BC91D68D115.d.FF3B6F5C75AFA0DFF4B6BF6949D321C0.e.13699"}]}
COMMAND: POST /session/668384e1c1f73f3d5461b9d538daca42/execute/sync - {"script":"<script> [5351 bytes]","args":[{"element-6066-11e4-a52e-4f735466cecf":"f.F64AD31729AEE402AD374BC91D68D115.d.FF3B6F5C75AFA0DFF4B6BF6949D321C0.e.13699","ELEMENT":"f.F64AD31729AEE402AD374BC91D68D115.d.FF3B6F5C75AFA0DFF4B6BF6949D321C0.e.13699"}]}
COMMAND: GET /session/668384e1c1f73f3d5461b9d538daca42/screenshot - {}
RESULT: {}
RESULT: {"script":"<script> [5351 bytes]","args":[{"element-6066-11e4-a52e-4f735466cecf":"f.F64AD31729AEE402AD374BC91D68D115.d.FF3B6F5C75AFA0DFF4B6BF6949D321C0.e.13699","ELEMENT":"f.F64AD31729AEE402AD374BC91D68D115.d.FF3B6F5C75AFA0DFF4B6BF6949D321C0.e.13699"}]}
COMMAND: POST /session/668384e1c1f73f3d5461b9d538daca42/element/f.F64AD31729AEE402AD374BC91D68D115.d.FF3B6F5C75AFA0DFF4B6BF6949D321C0.e.13699/click - {}
COMMAND: GET /session/668384e1c1f73f3d5461b9d538daca42/screenshot - {}
RESULT: {}
RESULT: {}
COMMAND: GET /session/668384e1c1f73f3d5461b9d538daca42/screenshot - {}
RESULT: {}
RESULT: {}
COMMAND: POST /session/668384e1c1f73f3d5461b9d538daca42/actions - {"actions":[{"id":"action56","type":"key","parameters":{},"actions":[{"type":"keyDown","value":"î€‡"},{"type":"pause","duration":10},{"type":"keyUp","value":"î€‡"}]}]}
RESULT: {"actions":[{"id":"action56","type":"key","parameters":{},"actions":[{"type":"keyDown","value":"î€‡"},{"type":"pause","duration":10},{"type":"keyUp","value":"î€‡"}]}]}
COMMAND: POST /session/668384e1c1f73f3d5461b9d538daca42/actions - {"actions":[{"id":"action57","type":"key","parameters":{},"actions":[{"type":"keyDown","value":"î€‡"},{"type":"pause","duration":10},{"type":"keyUp","value":"î€‡"}]}]}
COMMAND: GET /session/668384e1c1f73f3d5461b9d538daca42/screenshot - {}
RESULT: {"actions":[{"id":"action57","type":"key","parameters":{},"actions":[{"type":"keyDown","value":"î€‡"},{"type":"pause","duration":10},{"type":"keyUp","value":"î€‡"}]}]}
COMMAND: POST /session/668384e1c1f73f3d5461b9d538daca42/execute/async - {"script":"<script> [1562 bytes]","args":[{"selector":{"id":"statesDialog--okBttnStatesDialog","searchOpenDialogs":true,"interaction":{"idSuffix":"BDI-content"}},"wdio_ui5_key":"statesDialogokBttnStatesDialog"}]}
COMMAND: GET /session/668384e1c1f73f3d5461b9d538daca42/screenshot - {}
RESULT: {}
RESULT: {"script":"<script> [1562 bytes]","args":[{"selector":{"id":"statesDialog--okBttnStatesDialog","searchOpenDialogs":true,"interaction":{"idSuffix":"BDI-content"}},"wdio_ui5_key":"statesDialogokBttnStatesDialog"}]}
RESULT: undefined
RESULT: {}
RESULT: undefined
RESULT: undefined
COMMAND: POST /session/668384e1c1f73f3d5461b9d538daca42/actions - {"actions":[{"id":"action58","type":"key","parameters":{},"actions":[{"type":"keyDown","value":"î€‡"},{"type":"pause","duration":10},{"type":"keyUp","value":"î€‡"}]}]}
RESULT: {"actions":[{"id":"action58","type":"key","parameters":{},"actions":[{"type":"keyDown","value":"î€‡"},{"type":"pause","duration":10},{"type":"keyUp","value":"î€‡"}]}]}
COMMAND: POST /session/668384e1c1f73f3d5461b9d538daca42/execute/async - {"script":"<script> [1562 bytes]","args":[{"selector":{"controlType":"sap.m.Text","viewName":"etm.portal.ui.managehandovers.view.DetailExecuteHO","bindingPath":{"propertyPath":"NO","modelName":"catalogModel"}},"wdio_ui5_key":"etmportal.ui.managehandovers.view.DetailExecuteHOsap.m.Text{\"propertyPath\":\"NO\",\"modelName\":\"catalogModel\"}"}]}
COMMAND: GET /session/668384e1c1f73f3d5461b9d538daca42/screenshot - {}
RESULT: {"script":"<script> [1562 bytes]","args":[{"selector":{"controlType":"sap.m.Text","viewName":"etm.portal.ui.managehandovers.view.DetailExecuteHO","bindingPath":{"propertyPath":"NO","modelName":"catalogModel"}},"wdio_ui5_key":"etmportal.ui.managehandovers.view.DetailExecuteHOsap.m.Text{\"propertyPath\":\"NO\",\"modelName\":\"catalogModel\"}"}]}
RESULT: undefined
COMMAND: POST /session/668384e1c1f73f3d5461b9d538daca42/execute/async - {"script":"<script> [6424 bytes]","args":[{"element-6066-11e4-a52e-4f735466cecf":"f.F64AD31729AEE402AD374BC91D68D115.d.FF3B6F5C75AFA0DFF4B6BF6949D321C0.e.13705"},"getText",[]]}
RESULT: {}
RESULT: {"script":"<script> [6424 bytes]","args":[{"element-6066-11e4-a52e-4f735466cecf":"f.F64AD31729AEE402AD374BC91D68D115.d.FF3B6F5C75AFA0DFF4B6BF6949D321C0.e.13705"},"getText",[]]}
COMMAND: POST /session/668384e1c1f73f3d5461b9d538daca42/actions - {"actions":[{"id":"action59","type":"key","parameters":{},"actions":[{"type":"keyDown","value":"î€‡"},{"type":"pause","duration":10},{"type":"keyUp","value":"î€‡"}]}]}
RESULT: {"actions":[{"id":"action59","type":"key","parameters":{},"actions":[{"type":"keyDown","value":"î€‡"},{"type":"pause","duration":10},{"type":"keyUp","value":"î€‡"}]}]}
COMMAND: GET /session/668384e1c1f73f3d5461b9d538daca42/screenshot - {}
RESULT: {}
COMMAND: POST /session/668384e1c1f73f3d5461b9d538daca42/element - {"using":"xpath","value":"//bdi[text()='OK']"}
RESULT: {"using":"xpath","value":"//bdi[text()='OK']"}
COMMAND: POST /session/668384e1c1f73f3d5461b9d538daca42/element - {"using":"xpath","value":"//bdi[text()='OK']"}
RESULT: {"using":"xpath","value":"//bdi[text()='OK']"}
COMMAND: POST /session/668384e1c1f73f3d5461b9d538daca42/actions - {"actions":[{"id":"action60","type":"key","parameters":{},"actions":[{"type":"keyDown","value":"î€‡"},{"type":"pause","duration":10},{"type":"keyUp","value":"î€‡"}]}]}
RESULT: {"actions":[{"id":"action60","type":"key","parameters":{},"actions":[{"type":"keyDown","value":"î€‡"},{"type":"pause","duration":10},{"type":"keyUp","value":"î€‡"}]}]}
COMMAND: POST /session/668384e1c1f73f3d5461b9d538daca42/element - {"using":"xpath","value":"//bdi[(text() = 'Confirm' or . = 'Confirm')]"}
COMMAND: GET /session/668384e1c1f73f3d5461b9d538daca42/screenshot - {}
RESULT: {"using":"xpath","value":"//bdi[(text() = 'Confirm' or . = 'Confirm')]"}
COMMAND: POST /session/668384e1c1f73f3d5461b9d538daca42/execute/sync - {"script":"<script> [8489 bytes]","args":[{"element-6066-11e4-a52e-4f735466cecf":"f.F64AD31729AEE402AD374BC91D68D115.d.FF3B6F5C75AFA0DFF4B6BF6949D321C0.e.13708","ELEMENT":"f.F64AD31729AEE402AD374BC91D68D115.d.FF3B6F5C75AFA0DFF4B6BF6949D321C0.e.13708"}]}
RESULT: {}
RESULT: {"script":"<script> [8489 bytes]","args":[{"element-6066-11e4-a52e-4f735466cecf":"f.F64AD31729AEE402AD374BC91D68D115.d.FF3B6F5C75AFA0DFF4B6BF6949D321C0.e.13708","ELEMENT":"f.F64AD31729AEE402AD374BC91D68D115.d.FF3B6F5C75AFA0DFF4B6BF6949D321C0.e.13708"}]}
COMMAND: POST /session/668384e1c1f73f3d5461b9d538daca42/execute/sync - {"script":"<script> [8489 bytes]","args":[{"element-6066-11e4-a52e-4f735466cecf":"f.F64AD31729AEE402AD374BC91D68D115.d.FF3B6F5C75AFA0DFF4B6BF6949D321C0.e.13708","ELEMENT":"f.F64AD31729AEE402AD374BC91D68D115.d.FF3B6F5C75AFA0DFF4B6BF6949D321C0.e.13708"}]}
COMMAND: GET /session/668384e1c1f73f3d5461b9d538daca42/screenshot - {}
RESULT: {"script":"<script> [8489 bytes]","args":[{"element-6066-11e4-a52e-4f735466cecf":"f.F64AD31729AEE402AD374BC91D68D115.d.FF3B6F5C75AFA0DFF4B6BF6949D321C0.e.13708","ELEMENT":"f.F64AD31729AEE402AD374BC91D68D115.d.FF3B6F5C75AFA0DFF4B6BF6949D321C0.e.13708"}]}
COMMAND: POST /session/668384e1c1f73f3d5461b9d538daca42/execute/sync - {"script":"<script> [5351 bytes]","args":[{"element-6066-11e4-a52e-4f735466cecf":"f.F64AD31729AEE402AD374BC91D68D115.d.FF3B6F5C75AFA0DFF4B6BF6949D321C0.e.13708","ELEMENT":"f.F64AD31729AEE402AD374BC91D68D115.d.FF3B6F5C75AFA0DFF4B6BF6949D321C0.e.13708"}]}
COMMAND: GET /session/668384e1c1f73f3d5461b9d538daca42/screenshot - {}
RESULT: {}
RESULT: {"script":"<script> [5351 bytes]","args":[{"element-6066-11e4-a52e-4f735466cecf":"f.F64AD31729AEE402AD374BC91D68D115.d.FF3B6F5C75AFA0DFF4B6BF6949D321C0.e.13708","ELEMENT":"f.F64AD31729AEE402AD374BC91D68D115.d.FF3B6F5C75AFA0DFF4B6BF6949D321C0.e.13708"}]}
COMMAND: POST /session/668384e1c1f73f3d5461b9d538daca42/actions - {"actions":[{"id":"action61","type":"key","parameters":{},"actions":[{"type":"keyDown","value":"î€‡"},{"type":"pause","duration":10},{"type":"keyUp","value":"î€‡"}]}]}
COMMAND: GET /session/668384e1c1f73f3d5461b9d538daca42/screenshot - {}
RESULT: {}
RESULT: {"actions":[{"id":"action61","type":"key","parameters":{},"actions":[{"type":"keyDown","value":"î€‡"},{"type":"pause","duration":10},{"type":"keyUp","value":"î€‡"}]}]}
COMMAND: POST /session/668384e1c1f73f3d5461b9d538daca42/element - {"using":"xpath","value":"(//bdi[text()='Pick'])[1]"}
COMMAND: GET /session/668384e1c1f73f3d5461b9d538daca42/screenshot - {}
RESULT: {}
RESULT: {"using":"xpath","value":"(//bdi[text()='Pick'])[1]"}
COMMAND: GET /session/668384e1c1f73f3d5461b9d538daca42/element/f.F64AD31729AEE402AD374BC91D68D115.d.FF3B6F5C75AFA0DFF4B6BF6949D321C0.e.13709/enabled - {}
RESULT: {}
RESULT: {}
COMMAND: POST /session/668384e1c1f73f3d5461b9d538daca42/execute/sync - {"script":"<script> [8489 bytes]","args":[{"element-6066-11e4-a52e-4f735466cecf":"f.F64AD31729AEE402AD374BC91D68D115.d.FF3B6F5C75AFA0DFF4B6BF6949D321C0.e.13709","ELEMENT":"f.F64AD31729AEE402AD374BC91D68D115.d.FF3B6F5C75AFA0DFF4B6BF6949D321C0.e.13709"}]}
COMMAND: GET /session/668384e1c1f73f3d5461b9d538daca42/screenshot - {}
RESULT: {"script":"<script> [8489 bytes]","args":[{"element-6066-11e4-a52e-4f735466cecf":"f.F64AD31729AEE402AD374BC91D68D115.d.FF3B6F5C75AFA0DFF4B6BF6949D321C0.e.13709","ELEMENT":"f.F64AD31729AEE402AD374BC91D68D115.d.FF3B6F5C75AFA0DFF4B6BF6949D321C0.e.13709"}]}
COMMAND: POST /session/668384e1c1f73f3d5461b9d538daca42/execute/sync - {"script":"<script> [5351 bytes]","args":[{"element-6066-11e4-a52e-4f735466cecf":"f.F64AD31729AEE402AD374BC91D68D115.d.FF3B6F5C75AFA0DFF4B6BF6949D321C0.e.13709","ELEMENT":"f.F64AD31729AEE402AD374BC91D68D115.d.FF3B6F5C75AFA0DFF4B6BF6949D321C0.e.13709"}]}
COMMAND: GET /session/668384e1c1f73f3d5461b9d538daca42/screenshot - {}
RESULT: {}
RESULT: {"script":"<script> [5351 bytes]","args":[{"element-6066-11e4-a52e-4f735466cecf":"f.F64AD31729AEE402AD374BC91D68D115.d.FF3B6F5C75AFA0DFF4B6BF6949D321C0.e.13709","ELEMENT":"f.F64AD31729AEE402AD374BC91D68D115.d.FF3B6F5C75AFA0DFF4B6BF6949D321C0.e.13709"}]}
COMMAND: POST /session/668384e1c1f73f3d5461b9d538daca42/element/f.F64AD31729AEE402AD374BC91D68D115.d.FF3B6F5C75AFA0DFF4B6BF6949D321C0.e.13709/click - {}
COMMAND: GET /session/668384e1c1f73f3d5461b9d538daca42/screenshot - {}
RESULT: {}
RESULT: {}
RESULT: {}
COMMAND: POST /session/668384e1c1f73f3d5461b9d538daca42/actions - {"actions":[{"id":"action62","type":"key","parameters":{},"actions":[{"type":"keyDown","value":"î€‡"},{"type":"pause","duration":10},{"type":"keyUp","value":"î€‡"}]}]}
COMMAND: GET /session/668384e1c1f73f3d5461b9d538daca42/screenshot - {}
RESULT: {"actions":[{"id":"action62","type":"key","parameters":{},"actions":[{"type":"keyDown","value":"î€‡"},{"type":"pause","duration":10},{"type":"keyUp","value":"î€‡"}]}]}
COMMAND: GET /session/668384e1c1f73f3d5461b9d538daca42/screenshot - {}
RESULT: {}
RESULT: {}
COMMAND: POST /session/668384e1c1f73f3d5461b9d538daca42/execute/async - {"script":"<script> [1562 bytes]","args":[{"selector":{"controlType":"sap.m.SearchField","viewName":"etm.portal.ui.managehandovers.view.MasterHO","bindingPath":{"path":"","propertyPath":"/_BASIC_SEARCH_FIELD","modelName":"fi1t3rM0d31"},"interaction":{"idSuffix":"I"}},"wdio_ui5_key":"etmportal.ui.managehandovers.view.MasterHOsap.m.SearchField{\"path\":\"\",\"propertyPath\":\"/_BASIC_SEARCH_FIELD\",\"modelName\":\"fi1t3rM0d31\"}"}]}
RESULT: {"script":"<script> [1562 bytes]","args":[{"selector":{"controlType":"sap.m.SearchField","viewName":"etm.portal.ui.managehandovers.view.MasterHO","bindingPath":{"path":"","propertyPath":"/_BASIC_SEARCH_FIELD","modelName":"fi1t3rM0d31"},"interaction":{"idSuffix":"I"}},"wdio_ui5_key":"etmportal.ui.managehandovers.view.MasterHOsap.m.SearchField{\"path\":\"\",\"propertyPath\":\"/_BASIC_SEARCH_FIELD\",\"modelName\":\"fi1t3rM0d31\"}"}]}
RESULT: undefined
COMMAND: POST /session/668384e1c1f73f3d5461b9d538daca42/execute/async - {"script":"<script> [776 bytes]","args":[{"enterText":"30336","selector":{"controlType":"sap.m.SearchField","viewName":"etm.portal.ui.managehandovers.view.MasterHO","bindingPath":{"path":"","propertyPath":"/_BASIC_SEARCH_FIELD","modelName":"fi1t3rM0d31"},"interaction":{"idSuffix":"I"}},"clearTextFirst":true,"interactionType":"ENTER_TEXT"}]}
RESULT: {"script":"<script> [776 bytes]","args":[{"enterText":"30336","selector":{"controlType":"sap.m.SearchField","viewName":"etm.portal.ui.managehandovers.view.MasterHO","bindingPath":{"path":"","propertyPath":"/_BASIC_SEARCH_FIELD","modelName":"fi1t3rM0d31"},"interaction":{"idSuffix":"I"}},"clearTextFirst":true,"interactionType":"ENTER_TEXT"}]}
COMMAND: POST /session/668384e1c1f73f3d5461b9d538daca42/actions - {"actions":[{"id":"action63","type":"key","parameters":{},"actions":[{"type":"keyDown","value":"î€‡"},{"type":"pause","duration":10},{"type":"keyUp","value":"î€‡"}]}]}
RESULT: {"actions":[{"id":"action63","type":"key","parameters":{},"actions":[{"type":"keyDown","value":"î€‡"},{"type":"pause","duration":10},{"type":"keyUp","value":"î€‡"}]}]}
COMMAND: GET /session/668384e1c1f73f3d5461b9d538daca42/screenshot - {}
RESULT: {}
COMMAND: POST /session/668384e1c1f73f3d5461b9d538daca42/execute/async - {"script":"<script> [1562 bytes]","args":[{"selector":{"controlType":"sap.ui.core.Icon","viewName":"etm.portal.ui.managehandovers.view.MasterHO","properties":{"src":{"regex":{"source":"slim\\-arrow\\-right"}}}},"wdio_ui5_key":"etmportal.ui.managehandovers.view.MasterHOsap.ui.core.Icon{\"src\":{\"regex\":{\"source\":\"slim\\\\-arrow\\\\-right\"}}}"}]}
RESULT: {"script":"<script> [1562 bytes]","args":[{"selector":{"controlType":"sap.ui.core.Icon","viewName":"etm.portal.ui.managehandovers.view.MasterHO","properties":{"src":{"regex":{"source":"slim\\-arrow\\-right"}}}},"wdio_ui5_key":"etmportal.ui.managehandovers.view.MasterHOsap.ui.core.Icon{\"src\":{\"regex\":{\"source\":\"slim\\\\-arrow\\\\-right\"}}}"}]}
RESULT: undefined
COMMAND: POST /session/668384e1c1f73f3d5461b9d538daca42/element - {"using":"xpath","value":"//*[@id=\"__item2420-__clone7437-imgNav\"]"}
RESULT: {"using":"xpath","value":"//*[@id=\"__item2420-__clone7437-imgNav\"]"}
COMMAND: POST /session/668384e1c1f73f3d5461b9d538daca42/element/f.F64AD31729AEE402AD374BC91D68D115.d.FF3B6F5C75AFA0DFF4B6BF6949D321C0.e.13988/click - {}
RESULT: {}
COMMAND: POST /session/668384e1c1f73f3d5461b9d538daca42/element - {"using":"xpath","value":"(//span[text()='Instructions'])[2]"}
COMMAND: GET /session/668384e1c1f73f3d5461b9d538daca42/screenshot - {}
RESULT: {"using":"xpath","value":"(//span[text()='Instructions'])[2]"}
COMMAND: GET /session/668384e1c1f73f3d5461b9d538daca42/element/f.F64AD31729AEE402AD374BC91D68D115.d.FF3B6F5C75AFA0DFF4B6BF6949D321C0.e.13690/enabled - {}
RESULT: {}
RESULT: {}
COMMAND: POST /session/668384e1c1f73f3d5461b9d538daca42/execute/sync - {"script":"<script> [8489 bytes]","args":[{"element-6066-11e4-a52e-4f735466cecf":"f.F64AD31729AEE402AD374BC91D68D115.d.FF3B6F5C75AFA0DFF4B6BF6949D321C0.e.13690","ELEMENT":"f.F64AD31729AEE402AD374BC91D68D115.d.FF3B6F5C75AFA0DFF4B6BF6949D321C0.e.13690"}]}
COMMAND: GET /session/668384e1c1f73f3d5461b9d538daca42/screenshot - {}
RESULT: {"script":"<script> [8489 bytes]","args":[{"element-6066-11e4-a52e-4f735466cecf":"f.F64AD31729AEE402AD374BC91D68D115.d.FF3B6F5C75AFA0DFF4B6BF6949D321C0.e.13690","ELEMENT":"f.F64AD31729AEE402AD374BC91D68D115.d.FF3B6F5C75AFA0DFF4B6BF6949D321C0.e.13690"}]}
COMMAND: POST /session/668384e1c1f73f3d5461b9d538daca42/execute/sync - {"script":"<script> [5351 bytes]","args":[{"element-6066-11e4-a52e-4f735466cecf":"f.F64AD31729AEE402AD374BC91D68D115.d.FF3B6F5C75AFA0DFF4B6BF6949D321C0.e.13690","ELEMENT":"f.F64AD31729AEE402AD374BC91D68D115.d.FF3B6F5C75AFA0DFF4B6BF6949D321C0.e.13690"}]}
COMMAND: GET /session/668384e1c1f73f3d5461b9d538daca42/screenshot - {}
RESULT: {}
RESULT: {"script":"<script> [5351 bytes]","args":[{"element-6066-11e4-a52e-4f735466cecf":"f.F64AD31729AEE402AD374BC91D68D115.d.FF3B6F5C75AFA0DFF4B6BF6949D321C0.e.13690","ELEMENT":"f.F64AD31729AEE402AD374BC91D68D115.d.FF3B6F5C75AFA0DFF4B6BF6949D321C0.e.13690"}]}
COMMAND: POST /session/668384e1c1f73f3d5461b9d538daca42/element/f.F64AD31729AEE402AD374BC91D68D115.d.FF3B6F5C75AFA0DFF4B6BF6949D321C0.e.13690/click - {}
COMMAND: GET /session/668384e1c1f73f3d5461b9d538daca42/screenshot - {}
RESULT: {}
RESULT: {}
COMMAND: POST /session/668384e1c1f73f3d5461b9d538daca42/element - {"using":"xpath","value":"//bdi[text()='Confirm']"}
COMMAND: GET /session/668384e1c1f73f3d5461b9d538daca42/screenshot - {}
RESULT: {}
RESULT: {"using":"xpath","value":"//bdi[text()='Confirm']"}
COMMAND: POST /session/668384e1c1f73f3d5461b9d538daca42/elements - {"using":"xpath","value":"//bdi[text()='Confirm']"}
RESULT: {}
RESULT: {"using":"xpath","value":"//bdi[text()='Confirm']"}
COMMAND: POST /session/668384e1c1f73f3d5461b9d538daca42/elements - {"using":"xpath","value":"//bdi[text()='Confirm']"}
RESULT: {"using":"xpath","value":"//bdi[text()='Confirm']"}
COMMAND: POST /session/668384e1c1f73f3d5461b9d538daca42/elements - {"using":"xpath","value":"//bdi[text()='Confirm']"}
RESULT: {"using":"xpath","value":"//bdi[text()='Confirm']"}
COMMAND: POST /session/668384e1c1f73f3d5461b9d538daca42/elements - {"using":"xpath","value":"//bdi[text()='Confirm']"}
RESULT: {"using":"xpath","value":"//bdi[text()='Confirm']"}
COMMAND: POST /session/668384e1c1f73f3d5461b9d538daca42/elements - {"using":"xpath","value":"//bdi[text()='Confirm']"}
RESULT: {"using":"xpath","value":"//bdi[text()='Confirm']"}
COMMAND: POST /session/668384e1c1f73f3d5461b9d538daca42/elements - {"using":"xpath","value":"//bdi[text()='Confirm']"}
RESULT: {"using":"xpath","value":"//bdi[text()='Confirm']"}
COMMAND: POST /session/668384e1c1f73f3d5461b9d538daca42/element - {"using":"xpath","value":"//bdi[text()='Confirm']"}
RESULT: {"using":"xpath","value":"//bdi[text()='Confirm']"}
COMMAND: GET /session/668384e1c1f73f3d5461b9d538daca42/element/f.F64AD31729AEE402AD374BC91D68D115.d.FF3B6F5C75AFA0DFF4B6BF6949D321C0.e.14041/enabled - {}
RESULT: {}
COMMAND: POST /session/668384e1c1f73f3d5461b9d538daca42/execute/sync - {"script":"<script> [8489 bytes]","args":[{"element-6066-11e4-a52e-4f735466cecf":"f.F64AD31729AEE402AD374BC91D68D115.d.FF3B6F5C75AFA0DFF4B6BF6949D321C0.e.14041","ELEMENT":"f.F64AD31729AEE402AD374BC91D68D115.d.FF3B6F5C75AFA0DFF4B6BF6949D321C0.e.14041"}]}
COMMAND: GET /session/668384e1c1f73f3d5461b9d538daca42/screenshot - {}
RESULT: {"script":"<script> [8489 bytes]","args":[{"element-6066-11e4-a52e-4f735466cecf":"f.F64AD31729AEE402AD374BC91D68D115.d.FF3B6F5C75AFA0DFF4B6BF6949D321C0.e.14041","ELEMENT":"f.F64AD31729AEE402AD374BC91D68D115.d.FF3B6F5C75AFA0DFF4B6BF6949D321C0.e.14041"}]}
COMMAND: POST /session/668384e1c1f73f3d5461b9d538daca42/execute/sync - {"script":"<script> [5351 bytes]","args":[{"element-6066-11e4-a52e-4f735466cecf":"f.F64AD31729AEE402AD374BC91D68D115.d.FF3B6F5C75AFA0DFF4B6BF6949D321C0.e.14041","ELEMENT":"f.F64AD31729AEE402AD374BC91D68D115.d.FF3B6F5C75AFA0DFF4B6BF6949D321C0.e.14041"}]}
COMMAND: GET /session/668384e1c1f73f3d5461b9d538daca42/screenshot - {}
RESULT: {}
RESULT: {"script":"<script> [5351 bytes]","args":[{"element-6066-11e4-a52e-4f735466cecf":"f.F64AD31729AEE402AD374BC91D68D115.d.FF3B6F5C75AFA0DFF4B6BF6949D321C0.e.14041","ELEMENT":"f.F64AD31729AEE402AD374BC91D68D115.d.FF3B6F5C75AFA0DFF4B6BF6949D321C0.e.14041"}]}
COMMAND: POST /session/668384e1c1f73f3d5461b9d538daca42/element/f.F64AD31729AEE402AD374BC91D68D115.d.FF3B6F5C75AFA0DFF4B6BF6949D321C0.e.14041/click - {}
COMMAND: GET /session/668384e1c1f73f3d5461b9d538daca42/screenshot - {}
RESULT: {}
RESULT: {}
COMMAND: POST /session/668384e1c1f73f3d5461b9d538daca42/actions - {"actions":[{"id":"action64","type":"key","parameters":{},"actions":[{"type":"keyDown","value":"î€‡"},{"type":"pause","duration":10},{"type":"keyUp","value":"î€‡"}]}]}
COMMAND: GET /session/668384e1c1f73f3d5461b9d538daca42/screenshot - {}
RESULT: {}
RESULT: {"actions":[{"id":"action64","type":"key","parameters":{},"actions":[{"type":"keyDown","value":"î€‡"},{"type":"pause","duration":10},{"type":"keyUp","value":"î€‡"}]}]}
COMMAND: POST /session/668384e1c1f73f3d5461b9d538daca42/element - {"using":"xpath","value":"//bdi[text()='Issue']"}
COMMAND: GET /session/668384e1c1f73f3d5461b9d538daca42/screenshot - {}
RESULT: {}
RESULT: {"using":"xpath","value":"//bdi[text()='Issue']"}
COMMAND: GET /session/668384e1c1f73f3d5461b9d538daca42/element/f.F64AD31729AEE402AD374BC91D68D115.d.FF3B6F5C75AFA0DFF4B6BF6949D321C0.e.14045/enabled - {}
RESULT: {}
RESULT: {}
COMMAND: POST /session/668384e1c1f73f3d5461b9d538daca42/execute/sync - {"script":"<script> [8489 bytes]","args":[{"element-6066-11e4-a52e-4f735466cecf":"f.F64AD31729AEE402AD374BC91D68D115.d.FF3B6F5C75AFA0DFF4B6BF6949D321C0.e.14045","ELEMENT":"f.F64AD31729AEE402AD374BC91D68D115.d.FF3B6F5C75AFA0DFF4B6BF6949D321C0.e.14045"}]}
COMMAND: GET /session/668384e1c1f73f3d5461b9d538daca42/screenshot - {}
RESULT: {"script":"<script> [8489 bytes]","args":[{"element-6066-11e4-a52e-4f735466cecf":"f.F64AD31729AEE402AD374BC91D68D115.d.FF3B6F5C75AFA0DFF4B6BF6949D321C0.e.14045","ELEMENT":"f.F64AD31729AEE402AD374BC91D68D115.d.FF3B6F5C75AFA0DFF4B6BF6949D321C0.e.14045"}]}
COMMAND: POST /session/668384e1c1f73f3d5461b9d538daca42/execute/sync - {"script":"<script> [5351 bytes]","args":[{"element-6066-11e4-a52e-4f735466cecf":"f.F64AD31729AEE402AD374BC91D68D115.d.FF3B6F5C75AFA0DFF4B6BF6949D321C0.e.14045","ELEMENT":"f.F64AD31729AEE402AD374BC91D68D115.d.FF3B6F5C75AFA0DFF4B6BF6949D321C0.e.14045"}]}
COMMAND: GET /session/668384e1c1f73f3d5461b9d538daca42/screenshot - {}
RESULT: {}
RESULT: {"script":"<script> [5351 bytes]","args":[{"element-6066-11e4-a52e-4f735466cecf":"f.F64AD31729AEE402AD374BC91D68D115.d.FF3B6F5C75AFA0DFF4B6BF6949D321C0.e.14045","ELEMENT":"f.F64AD31729AEE402AD374BC91D68D115.d.FF3B6F5C75AFA0DFF4B6BF6949D321C0.e.14045"}]}
COMMAND: POST /session/668384e1c1f73f3d5461b9d538daca42/element/f.F64AD31729AEE402AD374BC91D68D115.d.FF3B6F5C75AFA0DFF4B6BF6949D321C0.e.14045/click - {}
COMMAND: GET /session/668384e1c1f73f3d5461b9d538daca42/screenshot - {}
RESULT: {}
RESULT: {}
COMMAND: POST /session/668384e1c1f73f3d5461b9d538daca42/element - {"using":"xpath","value":"//*[text()='Provide to site']"}
COMMAND: GET /session/668384e1c1f73f3d5461b9d538daca42/screenshot - {}
RESULT: {}
RESULT: {"using":"xpath","value":"//*[text()='Provide to site']"}
COMMAND: POST /session/668384e1c1f73f3d5461b9d538daca42/elements - {"using":"xpath","value":"//*[text()='Provide to site']"}
RESULT: {}
RESULT: {"using":"xpath","value":"//*[text()='Provide to site']"}
COMMAND: POST /session/668384e1c1f73f3d5461b9d538daca42/elements - {"using":"xpath","value":"//*[text()='Provide to site']"}
RESULT: {"using":"xpath","value":"//*[text()='Provide to site']"}
COMMAND: POST /session/668384e1c1f73f3d5461b9d538daca42/elements - {"using":"xpath","value":"//*[text()='Provide to site']"}
RESULT: {"using":"xpath","value":"//*[text()='Provide to site']"}
COMMAND: POST /session/668384e1c1f73f3d5461b9d538daca42/elements - {"using":"xpath","value":"//*[text()='Provide to site']"}
RESULT: {"using":"xpath","value":"//*[text()='Provide to site']"}
COMMAND: POST /session/668384e1c1f73f3d5461b9d538daca42/elements - {"using":"xpath","value":"//*[text()='Provide to site']"}
RESULT: {"using":"xpath","value":"//*[text()='Provide to site']"}
COMMAND: POST /session/668384e1c1f73f3d5461b9d538daca42/elements - {"using":"xpath","value":"//*[text()='Provide to site']"}
RESULT: {"using":"xpath","value":"//*[text()='Provide to site']"}
COMMAND: POST /session/668384e1c1f73f3d5461b9d538daca42/elements - {"using":"xpath","value":"//*[text()='Provide to site']"}
RESULT: {"using":"xpath","value":"//*[text()='Provide to site']"}
COMMAND: POST /session/668384e1c1f73f3d5461b9d538daca42/elements - {"using":"xpath","value":"//*[text()='Provide to site']"}
RESULT: {"using":"xpath","value":"//*[text()='Provide to site']"}
COMMAND: POST /session/668384e1c1f73f3d5461b9d538daca42/elements - {"using":"xpath","value":"//*[text()='Provide to site']"}
RESULT: {"using":"xpath","value":"//*[text()='Provide to site']"}
COMMAND: POST /session/668384e1c1f73f3d5461b9d538daca42/elements - {"using":"xpath","value":"//*[text()='Provide to site']"}
RESULT: {"using":"xpath","value":"//*[text()='Provide to site']"}
COMMAND: POST /session/668384e1c1f73f3d5461b9d538daca42/elements - {"using":"xpath","value":"//*[text()='Provide to site']"}
RESULT: {"using":"xpath","value":"//*[text()='Provide to site']"}
COMMAND: POST /session/668384e1c1f73f3d5461b9d538daca42/elements - {"using":"xpath","value":"//*[text()='Provide to site']"}
RESULT: {"using":"xpath","value":"//*[text()='Provide to site']"}
COMMAND: POST /session/668384e1c1f73f3d5461b9d538daca42/elements - {"using":"xpath","value":"//*[text()='Provide to site']"}
RESULT: {"using":"xpath","value":"//*[text()='Provide to site']"}
COMMAND: POST /session/668384e1c1f73f3d5461b9d538daca42/elements - {"using":"xpath","value":"//*[text()='Provide to site']"}
RESULT: {"using":"xpath","value":"//*[text()='Provide to site']"}
COMMAND: POST /session/668384e1c1f73f3d5461b9d538daca42/elements - {"using":"xpath","value":"//*[text()='Provide to site']"}
RESULT: {"using":"xpath","value":"//*[text()='Provide to site']"}
COMMAND: POST /session/668384e1c1f73f3d5461b9d538daca42/elements - {"using":"xpath","value":"//*[text()='Provide to site']"}
RESULT: {"using":"xpath","value":"//*[text()='Provide to site']"}
COMMAND: POST /session/668384e1c1f73f3d5461b9d538daca42/elements - {"using":"xpath","value":"//*[text()='Provide to site']"}
RESULT: {"using":"xpath","value":"//*[text()='Provide to site']"}
COMMAND: POST /session/668384e1c1f73f3d5461b9d538daca42/elements - {"using":"xpath","value":"//*[text()='Provide to site']"}
RESULT: {"using":"xpath","value":"//*[text()='Provide to site']"}
COMMAND: POST /session/668384e1c1f73f3d5461b9d538daca42/elements - {"using":"xpath","value":"//*[text()='Provide to site']"}
RESULT: {"using":"xpath","value":"//*[text()='Provide to site']"}
COMMAND: POST /session/668384e1c1f73f3d5461b9d538daca42/elements - {"using":"xpath","value":"//*[text()='Provide to site']"}
RESULT: {"using":"xpath","value":"//*[text()='Provide to site']"}
COMMAND: POST /session/668384e1c1f73f3d5461b9d538daca42/elements - {"using":"xpath","value":"//*[text()='Provide to site']"}
RESULT: {"using":"xpath","value":"//*[text()='Provide to site']"}
COMMAND: POST /session/668384e1c1f73f3d5461b9d538daca42/elements - {"using":"xpath","value":"//*[text()='Provide to site']"}
RESULT: {"using":"xpath","value":"//*[text()='Provide to site']"}
COMMAND: POST /session/668384e1c1f73f3d5461b9d538daca42/elements - {"using":"xpath","value":"//*[text()='Provide to site']"}
RESULT: {"using":"xpath","value":"//*[text()='Provide to site']"}
COMMAND: POST /session/668384e1c1f73f3d5461b9d538daca42/elements - {"using":"xpath","value":"//*[text()='Provide to site']"}
RESULT: {"using":"xpath","value":"//*[text()='Provide to site']"}
COMMAND: POST /session/668384e1c1f73f3d5461b9d538daca42/elements - {"using":"xpath","value":"//*[text()='Provide to site']"}
RESULT: {"using":"xpath","value":"//*[text()='Provide to site']"}
COMMAND: POST /session/668384e1c1f73f3d5461b9d538daca42/elements - {"using":"xpath","value":"//*[text()='Provide to site']"}
RESULT: {"using":"xpath","value":"//*[text()='Provide to site']"}
COMMAND: POST /session/668384e1c1f73f3d5461b9d538daca42/elements - {"using":"xpath","value":"//*[text()='Provide to site']"}
RESULT: {"using":"xpath","value":"//*[text()='Provide to site']"}
COMMAND: POST /session/668384e1c1f73f3d5461b9d538daca42/elements - {"using":"xpath","value":"//*[text()='Provide to site']"}
RESULT: {"using":"xpath","value":"//*[text()='Provide to site']"}
COMMAND: POST /session/668384e1c1f73f3d5461b9d538daca42/elements - {"using":"xpath","value":"//*[text()='Provide to site']"}
RESULT: {"using":"xpath","value":"//*[text()='Provide to site']"}
COMMAND: POST /session/668384e1c1f73f3d5461b9d538daca42/elements - {"using":"xpath","value":"//*[text()='Provide to site']"}
RESULT: {"using":"xpath","value":"//*[text()='Provide to site']"}
COMMAND: POST /session/668384e1c1f73f3d5461b9d538daca42/elements - {"using":"xpath","value":"//*[text()='Provide to site']"}
RESULT: {"using":"xpath","value":"//*[text()='Provide to site']"}
COMMAND: POST /session/668384e1c1f73f3d5461b9d538daca42/elements - {"using":"xpath","value":"//*[text()='Provide to site']"}
RESULT: {"using":"xpath","value":"//*[text()='Provide to site']"}
COMMAND: POST /session/668384e1c1f73f3d5461b9d538daca42/elements - {"using":"xpath","value":"//*[text()='Provide to site']"}
RESULT: {"using":"xpath","value":"//*[text()='Provide to site']"}
COMMAND: POST /session/668384e1c1f73f3d5461b9d538daca42/elements - {"using":"xpath","value":"//*[text()='Provide to site']"}
RESULT: {"using":"xpath","value":"//*[text()='Provide to site']"}
COMMAND: POST /session/668384e1c1f73f3d5461b9d538daca42/elements - {"using":"xpath","value":"//*[text()='Provide to site']"}
RESULT: {"using":"xpath","value":"//*[text()='Provide to site']"}
COMMAND: POST /session/668384e1c1f73f3d5461b9d538daca42/elements - {"using":"xpath","value":"//*[text()='Provide to site']"}
RESULT: {"using":"xpath","value":"//*[text()='Provide to site']"}
COMMAND: POST /session/668384e1c1f73f3d5461b9d538daca42/elements - {"using":"xpath","value":"//*[text()='Provide to site']"}
RESULT: {"using":"xpath","value":"//*[text()='Provide to site']"}
COMMAND: POST /session/668384e1c1f73f3d5461b9d538daca42/elements - {"using":"xpath","value":"//*[text()='Provide to site']"}
RESULT: {"using":"xpath","value":"//*[text()='Provide to site']"}
COMMAND: POST /session/668384e1c1f73f3d5461b9d538daca42/elements - {"using":"xpath","value":"//*[text()='Provide to site']"}
RESULT: {"using":"xpath","value":"//*[text()='Provide to site']"}
COMMAND: POST /session/668384e1c1f73f3d5461b9d538daca42/elements - {"using":"xpath","value":"//*[text()='Provide to site']"}
RESULT: {"using":"xpath","value":"//*[text()='Provide to site']"}
COMMAND: POST /session/668384e1c1f73f3d5461b9d538daca42/elements - {"using":"xpath","value":"//*[text()='Provide to site']"}
RESULT: {"using":"xpath","value":"//*[text()='Provide to site']"}
COMMAND: POST /session/668384e1c1f73f3d5461b9d538daca42/elements - {"using":"xpath","value":"//*[text()='Provide to site']"}
RESULT: {"using":"xpath","value":"//*[text()='Provide to site']"}
COMMAND: POST /session/668384e1c1f73f3d5461b9d538daca42/elements - {"using":"xpath","value":"//*[text()='Provide to site']"}
RESULT: {"using":"xpath","value":"//*[text()='Provide to site']"}
COMMAND: POST /session/668384e1c1f73f3d5461b9d538daca42/elements - {"using":"xpath","value":"//*[text()='Provide to site']"}
RESULT: {"using":"xpath","value":"//*[text()='Provide to site']"}
COMMAND: POST /session/668384e1c1f73f3d5461b9d538daca42/elements - {"using":"xpath","value":"//*[text()='Provide to site']"}
RESULT: {"using":"xpath","value":"//*[text()='Provide to site']"}
COMMAND: POST /session/668384e1c1f73f3d5461b9d538daca42/elements - {"using":"xpath","value":"//*[text()='Provide to site']"}
RESULT: {"using":"xpath","value":"//*[text()='Provide to site']"}
COMMAND: POST /session/668384e1c1f73f3d5461b9d538daca42/elements - {"using":"xpath","value":"//*[text()='Provide to site']"}
RESULT: {"using":"xpath","value":"//*[text()='Provide to site']"}
COMMAND: POST /session/668384e1c1f73f3d5461b9d538daca42/elements - {"using":"xpath","value":"//*[text()='Provide to site']"}
RESULT: {"using":"xpath","value":"//*[text()='Provide to site']"}
COMMAND: POST /session/668384e1c1f73f3d5461b9d538daca42/elements - {"using":"xpath","value":"//*[text()='Provide to site']"}
RESULT: {"using":"xpath","value":"//*[text()='Provide to site']"}
COMMAND: POST /session/668384e1c1f73f3d5461b9d538daca42/elements - {"using":"xpath","value":"//*[text()='Provide to site']"}
RESULT: {"using":"xpath","value":"//*[text()='Provide to site']"}
COMMAND: POST /session/668384e1c1f73f3d5461b9d538daca42/elements - {"using":"xpath","value":"//*[text()='Provide to site']"}
RESULT: {"using":"xpath","value":"//*[text()='Provide to site']"}
COMMAND: POST /session/668384e1c1f73f3d5461b9d538daca42/elements - {"using":"xpath","value":"//*[text()='Provide to site']"}
RESULT: {"using":"xpath","value":"//*[text()='Provide to site']"}
COMMAND: POST /session/668384e1c1f73f3d5461b9d538daca42/elements - {"using":"xpath","value":"//*[text()='Provide to site']"}
RESULT: {"using":"xpath","value":"//*[text()='Provide to site']"}
COMMAND: POST /session/668384e1c1f73f3d5461b9d538daca42/elements - {"using":"xpath","value":"//*[text()='Provide to site']"}
RESULT: {"using":"xpath","value":"//*[text()='Provide to site']"}
COMMAND: POST /session/668384e1c1f73f3d5461b9d538daca42/elements - {"using":"xpath","value":"//*[text()='Provide to site']"}
RESULT: {"using":"xpath","value":"//*[text()='Provide to site']"}
COMMAND: POST /session/668384e1c1f73f3d5461b9d538daca42/elements - {"using":"xpath","value":"//*[text()='Provide to site']"}
RESULT: {"using":"xpath","value":"//*[text()='Provide to site']"}
COMMAND: POST /session/668384e1c1f73f3d5461b9d538daca42/elements - {"using":"xpath","value":"//*[text()='Provide to site']"}
RESULT: {"using":"xpath","value":"//*[text()='Provide to site']"}
COMMAND: POST /session/668384e1c1f73f3d5461b9d538daca42/elements - {"using":"xpath","value":"//*[text()='Provide to site']"}
RESULT: {"using":"xpath","value":"//*[text()='Provide to site']"}
COMMAND: POST /session/668384e1c1f73f3d5461b9d538daca42/elements - {"using":"xpath","value":"//*[text()='Provide to site']"}
RESULT: {"using":"xpath","value":"//*[text()='Provide to site']"}
COMMAND: POST /session/668384e1c1f73f3d5461b9d538daca42/elements - {"using":"xpath","value":"//*[text()='Provide to site']"}
RESULT: {"using":"xpath","value":"//*[text()='Provide to site']"}
COMMAND: POST /session/668384e1c1f73f3d5461b9d538daca42/elements - {"using":"xpath","value":"//*[text()='Provide to site']"}
RESULT: {"using":"xpath","value":"//*[text()='Provide to site']"}
COMMAND: POST /session/668384e1c1f73f3d5461b9d538daca42/elements - {"using":"xpath","value":"//*[text()='Provide to site']"}
RESULT: {"using":"xpath","value":"//*[text()='Provide to site']"}
COMMAND: POST /session/668384e1c1f73f3d5461b9d538daca42/elements - {"using":"xpath","value":"//*[text()='Provide to site']"}
RESULT: {"using":"xpath","value":"//*[text()='Provide to site']"}
COMMAND: POST /session/668384e1c1f73f3d5461b9d538daca42/elements - {"using":"xpath","value":"//*[text()='Provide to site']"}
RESULT: {"using":"xpath","value":"//*[text()='Provide to site']"}
COMMAND: POST /session/668384e1c1f73f3d5461b9d538daca42/elements - {"using":"xpath","value":"//*[text()='Provide to site']"}
RESULT: {"using":"xpath","value":"//*[text()='Provide to site']"}
COMMAND: POST /session/668384e1c1f73f3d5461b9d538daca42/elements - {"using":"xpath","value":"//*[text()='Provide to site']"}
RESULT: {"using":"xpath","value":"//*[text()='Provide to site']"}
COMMAND: POST /session/668384e1c1f73f3d5461b9d538daca42/elements - {"using":"xpath","value":"//*[text()='Provide to site']"}
RESULT: {"using":"xpath","value":"//*[text()='Provide to site']"}
COMMAND: POST /session/668384e1c1f73f3d5461b9d538daca42/elements - {"using":"xpath","value":"//*[text()='Provide to site']"}
RESULT: {"using":"xpath","value":"//*[text()='Provide to site']"}
COMMAND: POST /session/668384e1c1f73f3d5461b9d538daca42/elements - {"using":"xpath","value":"//*[text()='Provide to site']"}
RESULT: {"using":"xpath","value":"//*[text()='Provide to site']"}
COMMAND: POST /session/668384e1c1f73f3d5461b9d538daca42/elements - {"using":"xpath","value":"//*[text()='Provide to site']"}
RESULT: {"using":"xpath","value":"//*[text()='Provide to site']"}
COMMAND: POST /session/668384e1c1f73f3d5461b9d538daca42/elements - {"using":"xpath","value":"//*[text()='Provide to site']"}
RESULT: {"using":"xpath","value":"//*[text()='Provide to site']"}
COMMAND: POST /session/668384e1c1f73f3d5461b9d538daca42/elements - {"using":"xpath","value":"//*[text()='Provide to site']"}
RESULT: {"using":"xpath","value":"//*[text()='Provide to site']"}
COMMAND: POST /session/668384e1c1f73f3d5461b9d538daca42/elements - {"using":"xpath","value":"//*[text()='Provide to site']"}
RESULT: {"using":"xpath","value":"//*[text()='Provide to site']"}
COMMAND: POST /session/668384e1c1f73f3d5461b9d538daca42/elements - {"using":"xpath","value":"//*[text()='Provide to site']"}
RESULT: {"using":"xpath","value":"//*[text()='Provide to site']"}
COMMAND: POST /session/668384e1c1f73f3d5461b9d538daca42/elements - {"using":"xpath","value":"//*[text()='Provide to site']"}
RESULT: {"using":"xpath","value":"//*[text()='Provide to site']"}
COMMAND: POST /session/668384e1c1f73f3d5461b9d538daca42/elements - {"using":"xpath","value":"//*[text()='Provide to site']"}
RESULT: {"using":"xpath","value":"//*[text()='Provide to site']"}
COMMAND: POST /session/668384e1c1f73f3d5461b9d538daca42/elements - {"using":"xpath","value":"//*[text()='Provide to site']"}
RESULT: {"using":"xpath","value":"//*[text()='Provide to site']"}
COMMAND: POST /session/668384e1c1f73f3d5461b9d538daca42/elements - {"using":"xpath","value":"//*[text()='Provide to site']"}
RESULT: {"using":"xpath","value":"//*[text()='Provide to site']"}
COMMAND: POST /session/668384e1c1f73f3d5461b9d538daca42/elements - {"using":"xpath","value":"//*[text()='Provide to site']"}
RESULT: {"using":"xpath","value":"//*[text()='Provide to site']"}
COMMAND: POST /session/668384e1c1f73f3d5461b9d538daca42/elements - {"using":"xpath","value":"//*[text()='Provide to site']"}
RESULT: {"using":"xpath","value":"//*[text()='Provide to site']"}
COMMAND: POST /session/668384e1c1f73f3d5461b9d538daca42/elements - {"using":"xpath","value":"//*[text()='Provide to site']"}
RESULT: {"using":"xpath","value":"//*[text()='Provide to site']"}
COMMAND: POST /session/668384e1c1f73f3d5461b9d538daca42/elements - {"using":"xpath","value":"//*[text()='Provide to site']"}
RESULT: {"using":"xpath","value":"//*[text()='Provide to site']"}
COMMAND: POST /session/668384e1c1f73f3d5461b9d538daca42/elements - {"using":"xpath","value":"//*[text()='Provide to site']"}
RESULT: {"using":"xpath","value":"//*[text()='Provide to site']"}
COMMAND: POST /session/668384e1c1f73f3d5461b9d538daca42/elements - {"using":"xpath","value":"//*[text()='Provide to site']"}
RESULT: {"using":"xpath","value":"//*[text()='Provide to site']"}
COMMAND: POST /session/668384e1c1f73f3d5461b9d538daca42/elements - {"using":"xpath","value":"//*[text()='Provide to site']"}
RESULT: {"using":"xpath","value":"//*[text()='Provide to site']"}
COMMAND: POST /session/668384e1c1f73f3d5461b9d538daca42/elements - {"using":"xpath","value":"//*[text()='Provide to site']"}
RESULT: {"using":"xpath","value":"//*[text()='Provide to site']"}
COMMAND: POST /session/668384e1c1f73f3d5461b9d538daca42/elements - {"using":"xpath","value":"//*[text()='Provide to site']"}
RESULT: {"using":"xpath","value":"//*[text()='Provide to site']"}
COMMAND: POST /session/668384e1c1f73f3d5461b9d538daca42/elements - {"using":"xpath","value":"//*[text()='Provide to site']"}
RESULT: {"using":"xpath","value":"//*[text()='Provide to site']"}
COMMAND: POST /session/668384e1c1f73f3d5461b9d538daca42/elements - {"using":"xpath","value":"//*[text()='Provide to site']"}
RESULT: {"using":"xpath","value":"//*[text()='Provide to site']"}
COMMAND: POST /session/668384e1c1f73f3d5461b9d538daca42/elements - {"using":"xpath","value":"//*[text()='Provide to site']"}
RESULT: {"using":"xpath","value":"//*[text()='Provide to site']"}
COMMAND: POST /session/668384e1c1f73f3d5461b9d538daca42/elements - {"using":"xpath","value":"//*[text()='Provide to site']"}
COMMAND: POST /session/668384e1c1f73f3d5461b9d538daca42/elements - {"using":"xpath","value":"//*[text()='provide (received)']"}
RESULT: {"using":"xpath","value":"//*[text()='Provide to site']"}
RESULT: {"using":"xpath","value":"//*[text()='provide (received)']"}
]]></system-out>
    </testcase>
    <testcase classname="chrome.135_0_7049_96.windows.Provide_to_Site_w/o_warehouse_management_w_clarification" name="Should Test for Handover Execution" time="294.825">
      <system-out><![CDATA[
COMMAND: POST /session/668384e1c1f73f3d5461b9d538daca42/element - {"using":"xpath","value":"//*[text()='Provide to site']"}
RESULT: {"using":"xpath","value":"//*[text()='Provide to site']"}
COMMAND: POST /session/668384e1c1f73f3d5461b9d538daca42/elements - {"using":"xpath","value":"//*[text()='Provide to site']"}
RESULT: {"using":"xpath","value":"//*[text()='Provide to site']"}
COMMAND: POST /session/668384e1c1f73f3d5461b9d538daca42/elements - {"using":"xpath","value":"//*[text()='Provide to site']"}
RESULT: {"using":"xpath","value":"//*[text()='Provide to site']"}
COMMAND: POST /session/668384e1c1f73f3d5461b9d538daca42/elements - {"using":"xpath","value":"//*[text()='Provide to site']"}
RESULT: {"using":"xpath","value":"//*[text()='Provide to site']"}
COMMAND: POST /session/668384e1c1f73f3d5461b9d538daca42/elements - {"using":"xpath","value":"//*[text()='Provide to site']"}
RESULT: {"using":"xpath","value":"//*[text()='Provide to site']"}
COMMAND: POST /session/668384e1c1f73f3d5461b9d538daca42/elements - {"using":"xpath","value":"//*[text()='Provide to site']"}
RESULT: {"using":"xpath","value":"//*[text()='Provide to site']"}
COMMAND: POST /session/668384e1c1f73f3d5461b9d538daca42/elements - {"using":"xpath","value":"//*[text()='Provide to site']"}
RESULT: {"using":"xpath","value":"//*[text()='Provide to site']"}
COMMAND: POST /session/668384e1c1f73f3d5461b9d538daca42/elements - {"using":"xpath","value":"//*[text()='Provide to site']"}
RESULT: {"using":"xpath","value":"//*[text()='Provide to site']"}
COMMAND: POST /session/668384e1c1f73f3d5461b9d538daca42/elements - {"using":"xpath","value":"//*[text()='Provide to site']"}
RESULT: {"using":"xpath","value":"//*[text()='Provide to site']"}
COMMAND: POST /session/668384e1c1f73f3d5461b9d538daca42/elements - {"using":"xpath","value":"//*[text()='Provide to site']"}
RESULT: {"using":"xpath","value":"//*[text()='Provide to site']"}
COMMAND: POST /session/668384e1c1f73f3d5461b9d538daca42/elements - {"using":"xpath","value":"//*[text()='Provide to site']"}
RESULT: {"using":"xpath","value":"//*[text()='Provide to site']"}
COMMAND: POST /session/668384e1c1f73f3d5461b9d538daca42/elements - {"using":"xpath","value":"//*[text()='Provide to site']"}
RESULT: {"using":"xpath","value":"//*[text()='Provide to site']"}
COMMAND: POST /session/668384e1c1f73f3d5461b9d538daca42/elements - {"using":"xpath","value":"//*[text()='Provide to site']"}
RESULT: {"using":"xpath","value":"//*[text()='Provide to site']"}
COMMAND: POST /session/668384e1c1f73f3d5461b9d538daca42/elements - {"using":"xpath","value":"//*[text()='Provide to site']"}
RESULT: {"using":"xpath","value":"//*[text()='Provide to site']"}
COMMAND: POST /session/668384e1c1f73f3d5461b9d538daca42/elements - {"using":"xpath","value":"//*[text()='Provide to site']"}
RESULT: {"using":"xpath","value":"//*[text()='Provide to site']"}
COMMAND: POST /session/668384e1c1f73f3d5461b9d538daca42/elements - {"using":"xpath","value":"//*[text()='Provide to site']"}
RESULT: {"using":"xpath","value":"//*[text()='Provide to site']"}
COMMAND: POST /session/668384e1c1f73f3d5461b9d538daca42/elements - {"using":"xpath","value":"//*[text()='Provide to site']"}
RESULT: {"using":"xpath","value":"//*[text()='Provide to site']"}
COMMAND: POST /session/668384e1c1f73f3d5461b9d538daca42/elements - {"using":"xpath","value":"//*[text()='Provide to site']"}
RESULT: {"using":"xpath","value":"//*[text()='Provide to site']"}
COMMAND: POST /session/668384e1c1f73f3d5461b9d538daca42/elements - {"using":"xpath","value":"//*[text()='Provide to site']"}
RESULT: {"using":"xpath","value":"//*[text()='Provide to site']"}
COMMAND: POST /session/668384e1c1f73f3d5461b9d538daca42/elements - {"using":"xpath","value":"//*[text()='Provide to site']"}
RESULT: {"using":"xpath","value":"//*[text()='Provide to site']"}
COMMAND: POST /session/668384e1c1f73f3d5461b9d538daca42/elements - {"using":"xpath","value":"//*[text()='Provide to site']"}
RESULT: {"using":"xpath","value":"//*[text()='Provide to site']"}
COMMAND: POST /session/668384e1c1f73f3d5461b9d538daca42/elements - {"using":"xpath","value":"//*[text()='Provide to site']"}
RESULT: {"using":"xpath","value":"//*[text()='Provide to site']"}
COMMAND: POST /session/668384e1c1f73f3d5461b9d538daca42/elements - {"using":"xpath","value":"//*[text()='Provide to site']"}
RESULT: {"using":"xpath","value":"//*[text()='Provide to site']"}
COMMAND: POST /session/668384e1c1f73f3d5461b9d538daca42/elements - {"using":"xpath","value":"//*[text()='Provide to site']"}
RESULT: {"using":"xpath","value":"//*[text()='Provide to site']"}
COMMAND: POST /session/668384e1c1f73f3d5461b9d538daca42/elements - {"using":"xpath","value":"//*[text()='Provide to site']"}
RESULT: {"using":"xpath","value":"//*[text()='Provide to site']"}
COMMAND: POST /session/668384e1c1f73f3d5461b9d538daca42/elements - {"using":"xpath","value":"//*[text()='Provide to site']"}
RESULT: {"using":"xpath","value":"//*[text()='Provide to site']"}
COMMAND: POST /session/668384e1c1f73f3d5461b9d538daca42/elements - {"using":"xpath","value":"//*[text()='Provide to site']"}
RESULT: {"using":"xpath","value":"//*[text()='Provide to site']"}
COMMAND: POST /session/668384e1c1f73f3d5461b9d538daca42/elements - {"using":"xpath","value":"//*[text()='Provide to site']"}
RESULT: {"using":"xpath","value":"//*[text()='Provide to site']"}
COMMAND: POST /session/668384e1c1f73f3d5461b9d538daca42/elements - {"using":"xpath","value":"//*[text()='Provide to site']"}
RESULT: {"using":"xpath","value":"//*[text()='Provide to site']"}
COMMAND: POST /session/668384e1c1f73f3d5461b9d538daca42/elements - {"using":"xpath","value":"//*[text()='Provide to site']"}
RESULT: {"using":"xpath","value":"//*[text()='Provide to site']"}
COMMAND: POST /session/668384e1c1f73f3d5461b9d538daca42/elements - {"using":"xpath","value":"//*[text()='Provide to site']"}
RESULT: {"using":"xpath","value":"//*[text()='Provide to site']"}
COMMAND: POST /session/668384e1c1f73f3d5461b9d538daca42/elements - {"using":"xpath","value":"//*[text()='Provide to site']"}
RESULT: {"using":"xpath","value":"//*[text()='Provide to site']"}
COMMAND: POST /session/668384e1c1f73f3d5461b9d538daca42/elements - {"using":"xpath","value":"//*[text()='Provide to site']"}
RESULT: {"using":"xpath","value":"//*[text()='Provide to site']"}
COMMAND: POST /session/668384e1c1f73f3d5461b9d538daca42/elements - {"using":"xpath","value":"//*[text()='Provide to site']"}
RESULT: {"using":"xpath","value":"//*[text()='Provide to site']"}
COMMAND: POST /session/668384e1c1f73f3d5461b9d538daca42/elements - {"using":"xpath","value":"//*[text()='Provide to site']"}
RESULT: {"using":"xpath","value":"//*[text()='Provide to site']"}
COMMAND: POST /session/668384e1c1f73f3d5461b9d538daca42/elements - {"using":"xpath","value":"//*[text()='Provide to site']"}
RESULT: {"using":"xpath","value":"//*[text()='Provide to site']"}
COMMAND: POST /session/668384e1c1f73f3d5461b9d538daca42/elements - {"using":"xpath","value":"//*[text()='Provide to site']"}
RESULT: {"using":"xpath","value":"//*[text()='Provide to site']"}
COMMAND: POST /session/668384e1c1f73f3d5461b9d538daca42/elements - {"using":"xpath","value":"//*[text()='Provide to site']"}
RESULT: {"using":"xpath","value":"//*[text()='Provide to site']"}
COMMAND: POST /session/668384e1c1f73f3d5461b9d538daca42/elements - {"using":"xpath","value":"//*[text()='Provide to site']"}
RESULT: {"using":"xpath","value":"//*[text()='Provide to site']"}
COMMAND: POST /session/668384e1c1f73f3d5461b9d538daca42/elements - {"using":"xpath","value":"//*[text()='Provide to site']"}
RESULT: {"using":"xpath","value":"//*[text()='Provide to site']"}
COMMAND: POST /session/668384e1c1f73f3d5461b9d538daca42/elements - {"using":"xpath","value":"//*[text()='Provide to site']"}
RESULT: {"using":"xpath","value":"//*[text()='Provide to site']"}
COMMAND: POST /session/668384e1c1f73f3d5461b9d538daca42/elements - {"using":"xpath","value":"//*[text()='Provide to site']"}
RESULT: {"using":"xpath","value":"//*[text()='Provide to site']"}
COMMAND: POST /session/668384e1c1f73f3d5461b9d538daca42/elements - {"using":"xpath","value":"//*[text()='Provide to site']"}
RESULT: {"using":"xpath","value":"//*[text()='Provide to site']"}
COMMAND: POST /session/668384e1c1f73f3d5461b9d538daca42/elements - {"using":"xpath","value":"//*[text()='Provide to site']"}
RESULT: {"using":"xpath","value":"//*[text()='Provide to site']"}
COMMAND: POST /session/668384e1c1f73f3d5461b9d538daca42/elements - {"using":"xpath","value":"//*[text()='Provide to site']"}
RESULT: {"using":"xpath","value":"//*[text()='Provide to site']"}
COMMAND: POST /session/668384e1c1f73f3d5461b9d538daca42/elements - {"using":"xpath","value":"//*[text()='Provide to site']"}
RESULT: {"using":"xpath","value":"//*[text()='Provide to site']"}
COMMAND: POST /session/668384e1c1f73f3d5461b9d538daca42/elements - {"using":"xpath","value":"//*[text()='Provide to site']"}
RESULT: {"using":"xpath","value":"//*[text()='Provide to site']"}
COMMAND: POST /session/668384e1c1f73f3d5461b9d538daca42/elements - {"using":"xpath","value":"//*[text()='Provide to site']"}
RESULT: {"using":"xpath","value":"//*[text()='Provide to site']"}
COMMAND: POST /session/668384e1c1f73f3d5461b9d538daca42/elements - {"using":"xpath","value":"//*[text()='Provide to site']"}
RESULT: {"using":"xpath","value":"//*[text()='Provide to site']"}
COMMAND: POST /session/668384e1c1f73f3d5461b9d538daca42/elements - {"using":"xpath","value":"//*[text()='Provide to site']"}
RESULT: {"using":"xpath","value":"//*[text()='Provide to site']"}
COMMAND: POST /session/668384e1c1f73f3d5461b9d538daca42/elements - {"using":"xpath","value":"//*[text()='Provide to site']"}
RESULT: {"using":"xpath","value":"//*[text()='Provide to site']"}
COMMAND: POST /session/668384e1c1f73f3d5461b9d538daca42/elements - {"using":"xpath","value":"//*[text()='Provide to site']"}
RESULT: {"using":"xpath","value":"//*[text()='Provide to site']"}
COMMAND: POST /session/668384e1c1f73f3d5461b9d538daca42/elements - {"using":"xpath","value":"//*[text()='Provide to site']"}
RESULT: {"using":"xpath","value":"//*[text()='Provide to site']"}
COMMAND: POST /session/668384e1c1f73f3d5461b9d538daca42/elements - {"using":"xpath","value":"//*[text()='Provide to site']"}
RESULT: {"using":"xpath","value":"//*[text()='Provide to site']"}
COMMAND: POST /session/668384e1c1f73f3d5461b9d538daca42/elements - {"using":"xpath","value":"//*[text()='Provide to site']"}
RESULT: {"using":"xpath","value":"//*[text()='Provide to site']"}
COMMAND: POST /session/668384e1c1f73f3d5461b9d538daca42/elements - {"using":"xpath","value":"//*[text()='Provide to site']"}
RESULT: {"using":"xpath","value":"//*[text()='Provide to site']"}
COMMAND: POST /session/668384e1c1f73f3d5461b9d538daca42/elements - {"using":"xpath","value":"//*[text()='Provide to site']"}
RESULT: {"using":"xpath","value":"//*[text()='Provide to site']"}
COMMAND: POST /session/668384e1c1f73f3d5461b9d538daca42/elements - {"using":"xpath","value":"//*[text()='Provide to site']"}
RESULT: {"using":"xpath","value":"//*[text()='Provide to site']"}
COMMAND: POST /session/668384e1c1f73f3d5461b9d538daca42/elements - {"using":"xpath","value":"//*[text()='Provide to site']"}
RESULT: {"using":"xpath","value":"//*[text()='Provide to site']"}
COMMAND: POST /session/668384e1c1f73f3d5461b9d538daca42/elements - {"using":"xpath","value":"//*[text()='Provide to site']"}
RESULT: {"using":"xpath","value":"//*[text()='Provide to site']"}
COMMAND: POST /session/668384e1c1f73f3d5461b9d538daca42/elements - {"using":"xpath","value":"//*[text()='Provide to site']"}
RESULT: {"using":"xpath","value":"//*[text()='Provide to site']"}
COMMAND: POST /session/668384e1c1f73f3d5461b9d538daca42/elements - {"using":"xpath","value":"//*[text()='Provide to site']"}
RESULT: {"using":"xpath","value":"//*[text()='Provide to site']"}
COMMAND: POST /session/668384e1c1f73f3d5461b9d538daca42/elements - {"using":"xpath","value":"//*[text()='Provide to site']"}
RESULT: {"using":"xpath","value":"//*[text()='Provide to site']"}
COMMAND: POST /session/668384e1c1f73f3d5461b9d538daca42/elements - {"using":"xpath","value":"//*[text()='Provide to site']"}
RESULT: {"using":"xpath","value":"//*[text()='Provide to site']"}
COMMAND: POST /session/668384e1c1f73f3d5461b9d538daca42/elements - {"using":"xpath","value":"//*[text()='Provide to site']"}
RESULT: {"using":"xpath","value":"//*[text()='Provide to site']"}
COMMAND: POST /session/668384e1c1f73f3d5461b9d538daca42/elements - {"using":"xpath","value":"//*[text()='Provide to site']"}
RESULT: {"using":"xpath","value":"//*[text()='Provide to site']"}
COMMAND: POST /session/668384e1c1f73f3d5461b9d538daca42/elements - {"using":"xpath","value":"//*[text()='Provide to site']"}
RESULT: {"using":"xpath","value":"//*[text()='Provide to site']"}
COMMAND: POST /session/668384e1c1f73f3d5461b9d538daca42/elements - {"using":"xpath","value":"//*[text()='Provide to site']"}
RESULT: {"using":"xpath","value":"//*[text()='Provide to site']"}
COMMAND: POST /session/668384e1c1f73f3d5461b9d538daca42/elements - {"using":"xpath","value":"//*[text()='Provide to site']"}
RESULT: {"using":"xpath","value":"//*[text()='Provide to site']"}
COMMAND: POST /session/668384e1c1f73f3d5461b9d538daca42/elements - {"using":"xpath","value":"//*[text()='Provide to site']"}
RESULT: {"using":"xpath","value":"//*[text()='Provide to site']"}
COMMAND: POST /session/668384e1c1f73f3d5461b9d538daca42/elements - {"using":"xpath","value":"//*[text()='Provide to site']"}
RESULT: {"using":"xpath","value":"//*[text()='Provide to site']"}
COMMAND: POST /session/668384e1c1f73f3d5461b9d538daca42/elements - {"using":"xpath","value":"//*[text()='Provide to site']"}
RESULT: {"using":"xpath","value":"//*[text()='Provide to site']"}
COMMAND: POST /session/668384e1c1f73f3d5461b9d538daca42/elements - {"using":"xpath","value":"//*[text()='Provide to site']"}
RESULT: {"using":"xpath","value":"//*[text()='Provide to site']"}
COMMAND: POST /session/668384e1c1f73f3d5461b9d538daca42/elements - {"using":"xpath","value":"//*[text()='Provide to site']"}
RESULT: {"using":"xpath","value":"//*[text()='Provide to site']"}
COMMAND: POST /session/668384e1c1f73f3d5461b9d538daca42/elements - {"using":"xpath","value":"//*[text()='Provide to site']"}
RESULT: {"using":"xpath","value":"//*[text()='Provide to site']"}
COMMAND: POST /session/668384e1c1f73f3d5461b9d538daca42/elements - {"using":"xpath","value":"//*[text()='Provide to site']"}
RESULT: {"using":"xpath","value":"//*[text()='Provide to site']"}
COMMAND: POST /session/668384e1c1f73f3d5461b9d538daca42/elements - {"using":"xpath","value":"//*[text()='Provide to site']"}
RESULT: {"using":"xpath","value":"//*[text()='Provide to site']"}
COMMAND: POST /session/668384e1c1f73f3d5461b9d538daca42/elements - {"using":"xpath","value":"//*[text()='Provide to site']"}
RESULT: {"using":"xpath","value":"//*[text()='Provide to site']"}
COMMAND: POST /session/668384e1c1f73f3d5461b9d538daca42/elements - {"using":"xpath","value":"//*[text()='Provide to site']"}
RESULT: {"using":"xpath","value":"//*[text()='Provide to site']"}
COMMAND: POST /session/668384e1c1f73f3d5461b9d538daca42/elements - {"using":"xpath","value":"//*[text()='Provide to site']"}
RESULT: {"using":"xpath","value":"//*[text()='Provide to site']"}
COMMAND: POST /session/668384e1c1f73f3d5461b9d538daca42/elements - {"using":"xpath","value":"//*[text()='Provide to site']"}
RESULT: {"using":"xpath","value":"//*[text()='Provide to site']"}
COMMAND: POST /session/668384e1c1f73f3d5461b9d538daca42/elements - {"using":"xpath","value":"//*[text()='Provide to site']"}
RESULT: {"using":"xpath","value":"//*[text()='Provide to site']"}
COMMAND: POST /session/668384e1c1f73f3d5461b9d538daca42/elements - {"using":"xpath","value":"//*[text()='Provide to site']"}
RESULT: {"using":"xpath","value":"//*[text()='Provide to site']"}
COMMAND: POST /session/668384e1c1f73f3d5461b9d538daca42/elements - {"using":"xpath","value":"//*[text()='Provide to site']"}
RESULT: {"using":"xpath","value":"//*[text()='Provide to site']"}
COMMAND: POST /session/668384e1c1f73f3d5461b9d538daca42/elements - {"using":"xpath","value":"//*[text()='Provide to site']"}
RESULT: {"using":"xpath","value":"//*[text()='Provide to site']"}
COMMAND: POST /session/668384e1c1f73f3d5461b9d538daca42/elements - {"using":"xpath","value":"//*[text()='Provide to site']"}
RESULT: {"using":"xpath","value":"//*[text()='Provide to site']"}
COMMAND: POST /session/668384e1c1f73f3d5461b9d538daca42/elements - {"using":"xpath","value":"//*[text()='Provide to site']"}
RESULT: {"using":"xpath","value":"//*[text()='Provide to site']"}
COMMAND: POST /session/668384e1c1f73f3d5461b9d538daca42/elements - {"using":"xpath","value":"//*[text()='Provide to site']"}
RESULT: {"using":"xpath","value":"//*[text()='Provide to site']"}
COMMAND: POST /session/668384e1c1f73f3d5461b9d538daca42/elements - {"using":"xpath","value":"//*[text()='Provide to site']"}
RESULT: {"using":"xpath","value":"//*[text()='Provide to site']"}
COMMAND: POST /session/668384e1c1f73f3d5461b9d538daca42/elements - {"using":"xpath","value":"//*[text()='Provide to site']"}
RESULT: {"using":"xpath","value":"//*[text()='Provide to site']"}
COMMAND: POST /session/668384e1c1f73f3d5461b9d538daca42/elements - {"using":"xpath","value":"//*[text()='Provide to site']"}
RESULT: {"using":"xpath","value":"//*[text()='Provide to site']"}
COMMAND: POST /session/668384e1c1f73f3d5461b9d538daca42/elements - {"using":"xpath","value":"//*[text()='Provide to site']"}
COMMAND: POST /session/668384e1c1f73f3d5461b9d538daca42/element - {"using":"xpath","value":"//span[text()='Provide to site - Completed']"}
RESULT: {"using":"xpath","value":"//*[text()='Provide to site']"}
RESULT: {"using":"xpath","value":"//span[text()='Provide to site - Completed']"}
COMMAND: POST /session/668384e1c1f73f3d5461b9d538daca42/elements - {"using":"xpath","value":"//span[text()='Provide to site - Completed']"}
RESULT: {"using":"xpath","value":"//span[text()='Provide to site - Completed']"}
COMMAND: POST /session/668384e1c1f73f3d5461b9d538daca42/elements - {"using":"xpath","value":"//span[text()='Provide to site - Completed']"}
RESULT: {"using":"xpath","value":"//span[text()='Provide to site - Completed']"}
COMMAND: POST /session/668384e1c1f73f3d5461b9d538daca42/elements - {"using":"xpath","value":"//span[text()='Provide to site - Completed']"}
RESULT: {"using":"xpath","value":"//span[text()='Provide to site - Completed']"}
COMMAND: POST /session/668384e1c1f73f3d5461b9d538daca42/elements - {"using":"xpath","value":"//span[text()='Provide to site - Completed']"}
RESULT: {"using":"xpath","value":"//span[text()='Provide to site - Completed']"}
COMMAND: POST /session/668384e1c1f73f3d5461b9d538daca42/elements - {"using":"xpath","value":"//span[text()='Provide to site - Completed']"}
RESULT: {"using":"xpath","value":"//span[text()='Provide to site - Completed']"}
COMMAND: POST /session/668384e1c1f73f3d5461b9d538daca42/elements - {"using":"xpath","value":"//span[text()='Provide to site - Completed']"}
RESULT: {"using":"xpath","value":"//span[text()='Provide to site - Completed']"}
COMMAND: POST /session/668384e1c1f73f3d5461b9d538daca42/elements - {"using":"xpath","value":"//span[text()='Provide to site - Completed']"}
RESULT: {"using":"xpath","value":"//span[text()='Provide to site - Completed']"}
COMMAND: POST /session/668384e1c1f73f3d5461b9d538daca42/elements - {"using":"xpath","value":"//span[text()='Provide to site - Completed']"}
RESULT: {"using":"xpath","value":"//span[text()='Provide to site - Completed']"}
COMMAND: POST /session/668384e1c1f73f3d5461b9d538daca42/elements - {"using":"xpath","value":"//span[text()='Provide to site - Completed']"}
RESULT: {"using":"xpath","value":"//span[text()='Provide to site - Completed']"}
COMMAND: POST /session/668384e1c1f73f3d5461b9d538daca42/elements - {"using":"xpath","value":"//span[text()='Provide to site - Completed']"}
RESULT: {"using":"xpath","value":"//span[text()='Provide to site - Completed']"}
COMMAND: POST /session/668384e1c1f73f3d5461b9d538daca42/elements - {"using":"xpath","value":"//span[text()='Provide to site - Completed']"}
RESULT: {"using":"xpath","value":"//span[text()='Provide to site - Completed']"}
COMMAND: POST /session/668384e1c1f73f3d5461b9d538daca42/elements - {"using":"xpath","value":"//span[text()='Provide to site - Completed']"}
RESULT: {"using":"xpath","value":"//span[text()='Provide to site - Completed']"}
COMMAND: POST /session/668384e1c1f73f3d5461b9d538daca42/elements - {"using":"xpath","value":"//span[text()='Provide to site - Completed']"}
RESULT: {"using":"xpath","value":"//span[text()='Provide to site - Completed']"}
COMMAND: POST /session/668384e1c1f73f3d5461b9d538daca42/elements - {"using":"xpath","value":"//span[text()='Provide to site - Completed']"}
RESULT: {"using":"xpath","value":"//span[text()='Provide to site - Completed']"}
COMMAND: POST /session/668384e1c1f73f3d5461b9d538daca42/elements - {"using":"xpath","value":"//span[text()='Provide to site - Completed']"}
RESULT: {"using":"xpath","value":"//span[text()='Provide to site - Completed']"}
COMMAND: POST /session/668384e1c1f73f3d5461b9d538daca42/elements - {"using":"xpath","value":"//span[text()='Provide to site - Completed']"}
RESULT: {"using":"xpath","value":"//span[text()='Provide to site - Completed']"}
COMMAND: POST /session/668384e1c1f73f3d5461b9d538daca42/elements - {"using":"xpath","value":"//span[text()='Provide to site - Completed']"}
RESULT: {"using":"xpath","value":"//span[text()='Provide to site - Completed']"}
COMMAND: POST /session/668384e1c1f73f3d5461b9d538daca42/elements - {"using":"xpath","value":"//span[text()='Provide to site - Completed']"}
RESULT: {"using":"xpath","value":"//span[text()='Provide to site - Completed']"}
COMMAND: POST /session/668384e1c1f73f3d5461b9d538daca42/elements - {"using":"xpath","value":"//span[text()='Provide to site - Completed']"}
RESULT: {"using":"xpath","value":"//span[text()='Provide to site - Completed']"}
COMMAND: POST /session/668384e1c1f73f3d5461b9d538daca42/elements - {"using":"xpath","value":"//span[text()='Provide to site - Completed']"}
RESULT: {"using":"xpath","value":"//span[text()='Provide to site - Completed']"}
COMMAND: POST /session/668384e1c1f73f3d5461b9d538daca42/elements - {"using":"xpath","value":"//span[text()='Provide to site - Completed']"}
RESULT: {"using":"xpath","value":"//span[text()='Provide to site - Completed']"}
COMMAND: POST /session/668384e1c1f73f3d5461b9d538daca42/elements - {"using":"xpath","value":"//span[text()='Provide to site - Completed']"}
RESULT: {"using":"xpath","value":"//span[text()='Provide to site - Completed']"}
COMMAND: POST /session/668384e1c1f73f3d5461b9d538daca42/elements - {"using":"xpath","value":"//span[text()='Provide to site - Completed']"}
RESULT: {"using":"xpath","value":"//span[text()='Provide to site - Completed']"}
COMMAND: POST /session/668384e1c1f73f3d5461b9d538daca42/elements - {"using":"xpath","value":"//span[text()='Provide to site - Completed']"}
RESULT: {"using":"xpath","value":"//span[text()='Provide to site - Completed']"}
COMMAND: POST /session/668384e1c1f73f3d5461b9d538daca42/elements - {"using":"xpath","value":"//span[text()='Provide to site - Completed']"}
RESULT: {"using":"xpath","value":"//span[text()='Provide to site - Completed']"}
COMMAND: POST /session/668384e1c1f73f3d5461b9d538daca42/elements - {"using":"xpath","value":"//span[text()='Provide to site - Completed']"}
RESULT: {"using":"xpath","value":"//span[text()='Provide to site - Completed']"}
COMMAND: POST /session/668384e1c1f73f3d5461b9d538daca42/elements - {"using":"xpath","value":"//span[text()='Provide to site - Completed']"}
RESULT: {"using":"xpath","value":"//span[text()='Provide to site - Completed']"}
COMMAND: POST /session/668384e1c1f73f3d5461b9d538daca42/elements - {"using":"xpath","value":"//span[text()='Provide to site - Completed']"}
RESULT: {"using":"xpath","value":"//span[text()='Provide to site - Completed']"}
COMMAND: POST /session/668384e1c1f73f3d5461b9d538daca42/elements - {"using":"xpath","value":"//span[text()='Provide to site - Completed']"}
RESULT: {"using":"xpath","value":"//span[text()='Provide to site - Completed']"}
COMMAND: POST /session/668384e1c1f73f3d5461b9d538daca42/elements - {"using":"xpath","value":"//span[text()='Provide to site - Completed']"}
RESULT: {"using":"xpath","value":"//span[text()='Provide to site - Completed']"}
COMMAND: POST /session/668384e1c1f73f3d5461b9d538daca42/elements - {"using":"xpath","value":"//span[text()='Provide to site - Completed']"}
RESULT: {"using":"xpath","value":"//span[text()='Provide to site - Completed']"}
COMMAND: POST /session/668384e1c1f73f3d5461b9d538daca42/elements - {"using":"xpath","value":"//span[text()='Provide to site - Completed']"}
RESULT: {"using":"xpath","value":"//span[text()='Provide to site - Completed']"}
COMMAND: POST /session/668384e1c1f73f3d5461b9d538daca42/elements - {"using":"xpath","value":"//span[text()='Provide to site - Completed']"}
RESULT: {"using":"xpath","value":"//span[text()='Provide to site - Completed']"}
COMMAND: POST /session/668384e1c1f73f3d5461b9d538daca42/elements - {"using":"xpath","value":"//span[text()='Provide to site - Completed']"}
RESULT: {"using":"xpath","value":"//span[text()='Provide to site - Completed']"}
COMMAND: POST /session/668384e1c1f73f3d5461b9d538daca42/elements - {"using":"xpath","value":"//span[text()='Provide to site - Completed']"}
RESULT: {"using":"xpath","value":"//span[text()='Provide to site - Completed']"}
COMMAND: POST /session/668384e1c1f73f3d5461b9d538daca42/elements - {"using":"xpath","value":"//span[text()='Provide to site - Completed']"}
RESULT: {"using":"xpath","value":"//span[text()='Provide to site - Completed']"}
COMMAND: POST /session/668384e1c1f73f3d5461b9d538daca42/elements - {"using":"xpath","value":"//span[text()='Provide to site - Completed']"}
RESULT: {"using":"xpath","value":"//span[text()='Provide to site - Completed']"}
COMMAND: POST /session/668384e1c1f73f3d5461b9d538daca42/elements - {"using":"xpath","value":"//span[text()='Provide to site - Completed']"}
RESULT: {"using":"xpath","value":"//span[text()='Provide to site - Completed']"}
COMMAND: POST /session/668384e1c1f73f3d5461b9d538daca42/elements - {"using":"xpath","value":"//span[text()='Provide to site - Completed']"}
RESULT: {"using":"xpath","value":"//span[text()='Provide to site - Completed']"}
COMMAND: POST /session/668384e1c1f73f3d5461b9d538daca42/elements - {"using":"xpath","value":"//span[text()='Provide to site - Completed']"}
RESULT: {"using":"xpath","value":"//span[text()='Provide to site - Completed']"}
COMMAND: POST /session/668384e1c1f73f3d5461b9d538daca42/elements - {"using":"xpath","value":"//span[text()='Provide to site - Completed']"}
RESULT: {"using":"xpath","value":"//span[text()='Provide to site - Completed']"}
COMMAND: POST /session/668384e1c1f73f3d5461b9d538daca42/elements - {"using":"xpath","value":"//span[text()='Provide to site - Completed']"}
RESULT: {"using":"xpath","value":"//span[text()='Provide to site - Completed']"}
COMMAND: POST /session/668384e1c1f73f3d5461b9d538daca42/elements - {"using":"xpath","value":"//span[text()='Provide to site - Completed']"}
RESULT: {"using":"xpath","value":"//span[text()='Provide to site - Completed']"}
COMMAND: POST /session/668384e1c1f73f3d5461b9d538daca42/elements - {"using":"xpath","value":"//span[text()='Provide to site - Completed']"}
RESULT: {"using":"xpath","value":"//span[text()='Provide to site - Completed']"}
COMMAND: POST /session/668384e1c1f73f3d5461b9d538daca42/elements - {"using":"xpath","value":"//span[text()='Provide to site - Completed']"}
RESULT: {"using":"xpath","value":"//span[text()='Provide to site - Completed']"}
COMMAND: POST /session/668384e1c1f73f3d5461b9d538daca42/elements - {"using":"xpath","value":"//span[text()='Provide to site - Completed']"}
RESULT: {"using":"xpath","value":"//span[text()='Provide to site - Completed']"}
COMMAND: POST /session/668384e1c1f73f3d5461b9d538daca42/elements - {"using":"xpath","value":"//span[text()='Provide to site - Completed']"}
RESULT: {"using":"xpath","value":"//span[text()='Provide to site - Completed']"}
COMMAND: POST /session/668384e1c1f73f3d5461b9d538daca42/elements - {"using":"xpath","value":"//span[text()='Provide to site - Completed']"}
RESULT: {"using":"xpath","value":"//span[text()='Provide to site - Completed']"}
COMMAND: POST /session/668384e1c1f73f3d5461b9d538daca42/elements - {"using":"xpath","value":"//span[text()='Provide to site - Completed']"}
RESULT: {"using":"xpath","value":"//span[text()='Provide to site - Completed']"}
COMMAND: POST /session/668384e1c1f73f3d5461b9d538daca42/elements - {"using":"xpath","value":"//span[text()='Provide to site - Completed']"}
RESULT: {"using":"xpath","value":"//span[text()='Provide to site - Completed']"}
COMMAND: POST /session/668384e1c1f73f3d5461b9d538daca42/elements - {"using":"xpath","value":"//span[text()='Provide to site - Completed']"}
RESULT: {"using":"xpath","value":"//span[text()='Provide to site - Completed']"}
COMMAND: POST /session/668384e1c1f73f3d5461b9d538daca42/elements - {"using":"xpath","value":"//span[text()='Provide to site - Completed']"}
RESULT: {"using":"xpath","value":"//span[text()='Provide to site - Completed']"}
COMMAND: POST /session/668384e1c1f73f3d5461b9d538daca42/elements - {"using":"xpath","value":"//span[text()='Provide to site - Completed']"}
RESULT: {"using":"xpath","value":"//span[text()='Provide to site - Completed']"}
COMMAND: POST /session/668384e1c1f73f3d5461b9d538daca42/elements - {"using":"xpath","value":"//span[text()='Provide to site - Completed']"}
RESULT: {"using":"xpath","value":"//span[text()='Provide to site - Completed']"}
COMMAND: POST /session/668384e1c1f73f3d5461b9d538daca42/elements - {"using":"xpath","value":"//span[text()='Provide to site - Completed']"}
RESULT: {"using":"xpath","value":"//span[text()='Provide to site - Completed']"}
COMMAND: POST /session/668384e1c1f73f3d5461b9d538daca42/elements - {"using":"xpath","value":"//span[text()='Provide to site - Completed']"}
RESULT: {"using":"xpath","value":"//span[text()='Provide to site - Completed']"}
COMMAND: POST /session/668384e1c1f73f3d5461b9d538daca42/elements - {"using":"xpath","value":"//span[text()='Provide to site - Completed']"}
RESULT: {"using":"xpath","value":"//span[text()='Provide to site - Completed']"}
COMMAND: POST /session/668384e1c1f73f3d5461b9d538daca42/elements - {"using":"xpath","value":"//span[text()='Provide to site - Completed']"}
RESULT: {"using":"xpath","value":"//span[text()='Provide to site - Completed']"}
COMMAND: POST /session/668384e1c1f73f3d5461b9d538daca42/elements - {"using":"xpath","value":"//span[text()='Provide to site - Completed']"}
RESULT: {"using":"xpath","value":"//span[text()='Provide to site - Completed']"}
COMMAND: POST /session/668384e1c1f73f3d5461b9d538daca42/elements - {"using":"xpath","value":"//span[text()='Provide to site - Completed']"}
RESULT: {"using":"xpath","value":"//span[text()='Provide to site - Completed']"}
COMMAND: POST /session/668384e1c1f73f3d5461b9d538daca42/elements - {"using":"xpath","value":"//span[text()='Provide to site - Completed']"}
RESULT: {"using":"xpath","value":"//span[text()='Provide to site - Completed']"}
COMMAND: POST /session/668384e1c1f73f3d5461b9d538daca42/elements - {"using":"xpath","value":"//span[text()='Provide to site - Completed']"}
RESULT: {"using":"xpath","value":"//span[text()='Provide to site - Completed']"}
COMMAND: POST /session/668384e1c1f73f3d5461b9d538daca42/elements - {"using":"xpath","value":"//span[text()='Provide to site - Completed']"}
RESULT: {"using":"xpath","value":"//span[text()='Provide to site - Completed']"}
COMMAND: POST /session/668384e1c1f73f3d5461b9d538daca42/elements - {"using":"xpath","value":"//span[text()='Provide to site - Completed']"}
RESULT: {"using":"xpath","value":"//span[text()='Provide to site - Completed']"}
COMMAND: POST /session/668384e1c1f73f3d5461b9d538daca42/elements - {"using":"xpath","value":"//span[text()='Provide to site - Completed']"}
RESULT: {"using":"xpath","value":"//span[text()='Provide to site - Completed']"}
COMMAND: POST /session/668384e1c1f73f3d5461b9d538daca42/elements - {"using":"xpath","value":"//span[text()='Provide to site - Completed']"}
RESULT: {"using":"xpath","value":"//span[text()='Provide to site - Completed']"}
COMMAND: POST /session/668384e1c1f73f3d5461b9d538daca42/elements - {"using":"xpath","value":"//span[text()='Provide to site - Completed']"}
RESULT: {"using":"xpath","value":"//span[text()='Provide to site - Completed']"}
COMMAND: POST /session/668384e1c1f73f3d5461b9d538daca42/elements - {"using":"xpath","value":"//span[text()='Provide to site - Completed']"}
RESULT: {"using":"xpath","value":"//span[text()='Provide to site - Completed']"}
COMMAND: POST /session/668384e1c1f73f3d5461b9d538daca42/elements - {"using":"xpath","value":"//span[text()='Provide to site - Completed']"}
RESULT: {"using":"xpath","value":"//span[text()='Provide to site - Completed']"}
COMMAND: POST /session/668384e1c1f73f3d5461b9d538daca42/elements - {"using":"xpath","value":"//span[text()='Provide to site - Completed']"}
RESULT: {"using":"xpath","value":"//span[text()='Provide to site - Completed']"}
COMMAND: POST /session/668384e1c1f73f3d5461b9d538daca42/elements - {"using":"xpath","value":"//span[text()='Provide to site - Completed']"}
RESULT: {"using":"xpath","value":"//span[text()='Provide to site - Completed']"}
COMMAND: POST /session/668384e1c1f73f3d5461b9d538daca42/elements - {"using":"xpath","value":"//span[text()='Provide to site - Completed']"}
RESULT: {"using":"xpath","value":"//span[text()='Provide to site - Completed']"}
COMMAND: POST /session/668384e1c1f73f3d5461b9d538daca42/elements - {"using":"xpath","value":"//span[text()='Provide to site - Completed']"}
RESULT: {"using":"xpath","value":"//span[text()='Provide to site - Completed']"}
COMMAND: POST /session/668384e1c1f73f3d5461b9d538daca42/elements - {"using":"xpath","value":"//span[text()='Provide to site - Completed']"}
RESULT: {"using":"xpath","value":"//span[text()='Provide to site - Completed']"}
COMMAND: POST /session/668384e1c1f73f3d5461b9d538daca42/elements - {"using":"xpath","value":"//span[text()='Provide to site - Completed']"}
RESULT: {"using":"xpath","value":"//span[text()='Provide to site - Completed']"}
COMMAND: POST /session/668384e1c1f73f3d5461b9d538daca42/elements - {"using":"xpath","value":"//span[text()='Provide to site - Completed']"}
RESULT: {"using":"xpath","value":"//span[text()='Provide to site - Completed']"}
COMMAND: POST /session/668384e1c1f73f3d5461b9d538daca42/elements - {"using":"xpath","value":"//span[text()='Provide to site - Completed']"}
RESULT: {"using":"xpath","value":"//span[text()='Provide to site - Completed']"}
COMMAND: POST /session/668384e1c1f73f3d5461b9d538daca42/elements - {"using":"xpath","value":"//span[text()='Provide to site - Completed']"}
RESULT: {"using":"xpath","value":"//span[text()='Provide to site - Completed']"}
COMMAND: POST /session/668384e1c1f73f3d5461b9d538daca42/elements - {"using":"xpath","value":"//span[text()='Provide to site - Completed']"}
RESULT: {"using":"xpath","value":"//span[text()='Provide to site - Completed']"}
COMMAND: POST /session/668384e1c1f73f3d5461b9d538daca42/elements - {"using":"xpath","value":"//span[text()='Provide to site - Completed']"}
RESULT: {"using":"xpath","value":"//span[text()='Provide to site - Completed']"}
COMMAND: POST /session/668384e1c1f73f3d5461b9d538daca42/elements - {"using":"xpath","value":"//span[text()='Provide to site - Completed']"}
RESULT: {"using":"xpath","value":"//span[text()='Provide to site - Completed']"}
COMMAND: POST /session/668384e1c1f73f3d5461b9d538daca42/elements - {"using":"xpath","value":"//span[text()='Provide to site - Completed']"}
RESULT: {"using":"xpath","value":"//span[text()='Provide to site - Completed']"}
COMMAND: POST /session/668384e1c1f73f3d5461b9d538daca42/elements - {"using":"xpath","value":"//span[text()='Provide to site - Completed']"}
RESULT: {"using":"xpath","value":"//span[text()='Provide to site - Completed']"}
COMMAND: POST /session/668384e1c1f73f3d5461b9d538daca42/elements - {"using":"xpath","value":"//span[text()='Provide to site - Completed']"}
RESULT: {"using":"xpath","value":"//span[text()='Provide to site - Completed']"}
COMMAND: POST /session/668384e1c1f73f3d5461b9d538daca42/elements - {"using":"xpath","value":"//span[text()='Provide to site - Completed']"}
RESULT: {"using":"xpath","value":"//span[text()='Provide to site - Completed']"}
COMMAND: POST /session/668384e1c1f73f3d5461b9d538daca42/elements - {"using":"xpath","value":"//span[text()='Provide to site - Completed']"}
RESULT: {"using":"xpath","value":"//span[text()='Provide to site - Completed']"}
COMMAND: POST /session/668384e1c1f73f3d5461b9d538daca42/elements - {"using":"xpath","value":"//span[text()='Provide to site - Completed']"}
RESULT: {"using":"xpath","value":"//span[text()='Provide to site - Completed']"}
COMMAND: POST /session/668384e1c1f73f3d5461b9d538daca42/elements - {"using":"xpath","value":"//span[text()='Provide to site - Completed']"}
RESULT: {"using":"xpath","value":"//span[text()='Provide to site - Completed']"}
COMMAND: POST /session/668384e1c1f73f3d5461b9d538daca42/elements - {"using":"xpath","value":"//span[text()='Provide to site - Completed']"}
RESULT: {"using":"xpath","value":"//span[text()='Provide to site - Completed']"}
COMMAND: POST /session/668384e1c1f73f3d5461b9d538daca42/elements - {"using":"xpath","value":"//span[text()='Provide to site - Completed']"}
RESULT: {"using":"xpath","value":"//span[text()='Provide to site - Completed']"}
COMMAND: POST /session/668384e1c1f73f3d5461b9d538daca42/elements - {"using":"xpath","value":"//span[text()='Provide to site - Completed']"}
COMMAND: POST /session/668384e1c1f73f3d5461b9d538daca42/execute/async - {"script":"<script> [1562 bytes]","args":[{"selector":{"controlType":"sap.m.Button","viewName":"etm.portal.ui.managehandovers.view.DetailExecuteHO","i18NText":{"propertyName":"text","key":"pickQty"},"interaction":{"idSuffix":"BDI-content"}},"wdio_ui5_key":"etmportal.ui.managehandovers.view.DetailExecuteHOsap.m.Button{\"propertyName\":\"text\",\"key\":\"pickQty\"}"}]}
RESULT: {"using":"xpath","value":"//span[text()='Provide to site - Completed']"}
RESULT: {"script":"<script> [1562 bytes]","args":[{"selector":{"controlType":"sap.m.Button","viewName":"etm.portal.ui.managehandovers.view.DetailExecuteHO","i18NText":{"propertyName":"text","key":"pickQty"},"interaction":{"idSuffix":"BDI-content"}},"wdio_ui5_key":"etmportal.ui.managehandovers.view.DetailExecuteHOsap.m.Button{\"propertyName\":\"text\",\"key\":\"pickQty\"}"}]}
RESULT: undefined
COMMAND: POST /session/668384e1c1f73f3d5461b9d538daca42/execute/async - {"script":"<script> [1562 bytes]","args":[{"selector":{"controlType":"sap.m.Link","viewName":"etm.portal.ui.managehandovers.view.DetailExecuteHO","bindingPath":{"path":"","propertyPath":"/wmDoc","modelName":"warehouseMovModel"}},"wdio_ui5_key":"etmportal.ui.managehandovers.view.DetailExecuteHOsap.m.Link{\"path\":\"\",\"propertyPath\":\"/wmDoc\",\"modelName\":\"warehouseMovModel\"}"}]}
RESULT: {"script":"<script> [1562 bytes]","args":[{"selector":{"controlType":"sap.m.Link","viewName":"etm.portal.ui.managehandovers.view.DetailExecuteHO","bindingPath":{"path":"","propertyPath":"/wmDoc","modelName":"warehouseMovModel"}},"wdio_ui5_key":"etmportal.ui.managehandovers.view.DetailExecuteHOsap.m.Link{\"path\":\"\",\"propertyPath\":\"/wmDoc\",\"modelName\":\"warehouseMovModel\"}"}]}
RESULT: undefined
COMMAND: POST /session/668384e1c1f73f3d5461b9d538daca42/execute/async - {"script":"<script> [1562 bytes]","args":[{"selector":{"controlType":"sap.m.Link","viewName":"etm.portal.ui.managehandovers.view.DetailExecuteHO","properties":{"text":"Warehouse Overview"},"searchOpenDialogs":true},"wdio_ui5_key":"etmportal.ui.managehandovers.view.DetailExecuteHOsap.m.Link{\"text\":\"Warehouse Overview\"}"}]}
RESULT: {"script":"<script> [1562 bytes]","args":[{"selector":{"controlType":"sap.m.Link","viewName":"etm.portal.ui.managehandovers.view.DetailExecuteHO","properties":{"text":"Warehouse Overview"},"searchOpenDialogs":true},"wdio_ui5_key":"etmportal.ui.managehandovers.view.DetailExecuteHOsap.m.Link{\"text\":\"Warehouse Overview\"}"}]}
RESULT: undefined
COMMAND: POST /session/668384e1c1f73f3d5461b9d538daca42/execute/async - {"script":"<script> [1562 bytes]","args":[{"selector":{"controlType":"sap.m.Button","viewName":"etm.portal.ui.warehousemovements.view.DisplayMovement","viewId":"application-warehousemovements-display-component---displayMovement","i18NText":{"propertyName":"text","key":"execution"},"interaction":{"idSuffix":"BDI-content"}},"wdio_ui5_key":"etmportal.ui.warehousemovements.view.DisplayMovementsap.m.Button{\"propertyName\":\"text\",\"key\":\"execution\"}"}]}
RESULT: {"script":"<script> [1562 bytes]","args":[{"selector":{"controlType":"sap.m.Button","viewName":"etm.portal.ui.warehousemovements.view.DisplayMovement","viewId":"application-warehousemovements-display-component---displayMovement","i18NText":{"propertyName":"text","key":"execution"},"interaction":{"idSuffix":"BDI-content"}},"wdio_ui5_key":"etmportal.ui.warehousemovements.view.DisplayMovementsap.m.Button{\"propertyName\":\"text\",\"key\":\"execution\"}"}]}
RESULT: undefined
COMMAND: POST /session/668384e1c1f73f3d5461b9d538daca42/execute/async - {"script":"<script> [1562 bytes]","args":[{"selector":{"controlType":"sap.m.Button","viewName":"etm.portal.ui.warehousemovements.view.ExecuteMovement","viewId":"application-warehousemovements-display-component---executeMovement","properties":{"text":"Items"},"interaction":{"idSuffix":"BDI-content"}},"wdio_ui5_key":"etmportal.ui.warehousemovements.view.ExecuteMovementsap.m.Button{\"text\":\"Items\"}"}]}
RESULT: {"script":"<script> [1562 bytes]","args":[{"selector":{"controlType":"sap.m.Button","viewName":"etm.portal.ui.warehousemovements.view.ExecuteMovement","viewId":"application-warehousemovements-display-component---executeMovement","properties":{"text":"Items"},"interaction":{"idSuffix":"BDI-content"}},"wdio_ui5_key":"etmportal.ui.warehousemovements.view.ExecuteMovementsap.m.Button{\"text\":\"Items\"}"}]}
RESULT: undefined
COMMAND: POST /session/668384e1c1f73f3d5461b9d538daca42/execute/async - {"script":"<script> [1562 bytes]","args":[{"selector":{"controlType":"sap.m.ToggleButton","viewName":"etm.portal.ui.warehousemovements.view.ExecuteMovement","viewId":"application-warehousemovements-display-component---executeMovement","bindingPath":{"propertyPath":"STATUS","modelName":"catalogModel"},"interaction":{"idSuffix":"BDI-content"}},"wdio_ui5_key":"etmportal.ui.warehousemovements.view.ExecuteMovementsap.m.ToggleButton{\"propertyPath\":\"STATUS\",\"modelName\":\"catalogModel\"}"}]}
RESULT: {"script":"<script> [1562 bytes]","args":[{"selector":{"controlType":"sap.m.ToggleButton","viewName":"etm.portal.ui.warehousemovements.view.ExecuteMovement","viewId":"application-warehousemovements-display-component---executeMovement","bindingPath":{"propertyPath":"STATUS","modelName":"catalogModel"},"interaction":{"idSuffix":"BDI-content"}},"wdio_ui5_key":"etmportal.ui.warehousemovements.view.ExecuteMovementsap.m.ToggleButton{\"propertyPath\":\"STATUS\",\"modelName\":\"catalogModel\"}"}]}
RESULT: undefined
RESULT: undefined
RESULT: undefined
COMMAND: POST /session/668384e1c1f73f3d5461b9d538daca42/execute/async - {"script":"<script> [1562 bytes]","args":[{"selector":{"id":"application-warehousemovements-display-component---executeMovement--executeId","interaction":{"idSuffix":"BDI-content"}},"wdio_ui5_key":"applicationwarehousemovements-display-component---executeMovement--executeId"}]}
RESULT: {"script":"<script> [1562 bytes]","args":[{"selector":{"id":"application-warehousemovements-display-component---executeMovement--executeId","interaction":{"idSuffix":"BDI-content"}},"wdio_ui5_key":"applicationwarehousemovements-display-component---executeMovement--executeId"}]}
RESULT: undefined
COMMAND: POST /session/668384e1c1f73f3d5461b9d538daca42/element - {"using":"css selector","value":"#shell-header-logo"}
RESULT: {"using":"css selector","value":"#shell-header-logo"}
COMMAND: POST /session/668384e1c1f73f3d5461b9d538daca42/element/f.F64AD31729AEE402AD374BC91D68D115.d.FF3B6F5C75AFA0DFF4B6BF6949D321C0.e.12922/click - {}
RESULT: {}
COMMAND: GET /session/668384e1c1f73f3d5461b9d538daca42/screenshot - {}
RESULT: {}
RESULT: undefined
COMMAND: POST /session/668384e1c1f73f3d5461b9d538daca42/element - {"using":"xpath","value":"//*[@id=\"__tile131\"]"}
RESULT: {"using":"xpath","value":"//*[@id=\"__tile131\"]"}
COMMAND: POST /session/668384e1c1f73f3d5461b9d538daca42/element/f.F64AD31729AEE402AD374BC91D68D115.d.FF3B6F5C75AFA0DFF4B6BF6949D321C0.e.12091/click - {}
RESULT: {}
COMMAND: GET /session/668384e1c1f73f3d5461b9d538daca42/screenshot - {}
RESULT: {}
COMMAND: POST /session/668384e1c1f73f3d5461b9d538daca42/execute/async - {"script":"<script> [1562 bytes]","args":[{"selector":{"controlType":"sap.m.SearchField","viewName":"etm.portal.ui.managehandovers.view.MasterHO","bindingPath":{"propertyPath":"/_BASIC_SEARCH_FIELD","modelName":"fi1t3rM0d31"},"interaction":{"idSuffix":"I"}},"wdio_ui5_key":"etmportal.ui.managehandovers.view.MasterHOsap.m.SearchField{\"propertyPath\":\"/_BASIC_SEARCH_FIELD\",\"modelName\":\"fi1t3rM0d31\"}"}]}
RESULT: {"script":"<script> [1562 bytes]","args":[{"selector":{"controlType":"sap.m.SearchField","viewName":"etm.portal.ui.managehandovers.view.MasterHO","bindingPath":{"propertyPath":"/_BASIC_SEARCH_FIELD","modelName":"fi1t3rM0d31"},"interaction":{"idSuffix":"I"}},"wdio_ui5_key":"etmportal.ui.managehandovers.view.MasterHOsap.m.SearchField{\"propertyPath\":\"/_BASIC_SEARCH_FIELD\",\"modelName\":\"fi1t3rM0d31\"}"}]}
RESULT: undefined
COMMAND: POST /session/668384e1c1f73f3d5461b9d538daca42/execute/async - {"script":"<script> [776 bytes]","args":[{"enterText":"30336","selector":{"controlType":"sap.m.SearchField","viewName":"etm.portal.ui.managehandovers.view.MasterHO","bindingPath":{"propertyPath":"/_BASIC_SEARCH_FIELD","modelName":"fi1t3rM0d31"},"interaction":{"idSuffix":"I"}},"clearTextFirst":true,"interactionType":"ENTER_TEXT"}]}
RESULT: {"script":"<script> [776 bytes]","args":[{"enterText":"30336","selector":{"controlType":"sap.m.SearchField","viewName":"etm.portal.ui.managehandovers.view.MasterHO","bindingPath":{"propertyPath":"/_BASIC_SEARCH_FIELD","modelName":"fi1t3rM0d31"},"interaction":{"idSuffix":"I"}},"clearTextFirst":true,"interactionType":"ENTER_TEXT"}]}
COMMAND: POST /session/668384e1c1f73f3d5461b9d538daca42/actions - {"actions":[{"id":"action65","type":"key","parameters":{},"actions":[{"type":"keyDown","value":"î€‡"},{"type":"pause","duration":10},{"type":"keyUp","value":"î€‡"}]}]}
RESULT: {"actions":[{"id":"action65","type":"key","parameters":{},"actions":[{"type":"keyDown","value":"î€‡"},{"type":"pause","duration":10},{"type":"keyUp","value":"î€‡"}]}]}
COMMAND: GET /session/668384e1c1f73f3d5461b9d538daca42/screenshot - {}
RESULT: {}
RESULT: undefined
COMMAND: POST /session/668384e1c1f73f3d5461b9d538daca42/element - {"using":"xpath","value":"//*[@id=\"__item2420-__clone7437-imgNav\"]"}
RESULT: {"using":"xpath","value":"//*[@id=\"__item2420-__clone7437-imgNav\"]"}
COMMAND: POST /session/668384e1c1f73f3d5461b9d538daca42/elements - {"using":"xpath","value":"//*[@id=\"__item2420-__clone7437-imgNav\"]"}
RESULT: {"using":"xpath","value":"//*[@id=\"__item2420-__clone7437-imgNav\"]"}
COMMAND: POST /session/668384e1c1f73f3d5461b9d538daca42/elements - {"using":"xpath","value":"//*[@id=\"__item2420-__clone7437-imgNav\"]"}
RESULT: {"using":"xpath","value":"//*[@id=\"__item2420-__clone7437-imgNav\"]"}
COMMAND: POST /session/668384e1c1f73f3d5461b9d538daca42/elements - {"using":"xpath","value":"//*[@id=\"__item2420-__clone7437-imgNav\"]"}
RESULT: {"using":"xpath","value":"//*[@id=\"__item2420-__clone7437-imgNav\"]"}
COMMAND: POST /session/668384e1c1f73f3d5461b9d538daca42/elements - {"using":"xpath","value":"//*[@id=\"__item2420-__clone7437-imgNav\"]"}
RESULT: {"using":"xpath","value":"//*[@id=\"__item2420-__clone7437-imgNav\"]"}
COMMAND: POST /session/668384e1c1f73f3d5461b9d538daca42/elements - {"using":"xpath","value":"//*[@id=\"__item2420-__clone7437-imgNav\"]"}
RESULT: {"using":"xpath","value":"//*[@id=\"__item2420-__clone7437-imgNav\"]"}
COMMAND: POST /session/668384e1c1f73f3d5461b9d538daca42/elements - {"using":"xpath","value":"//*[@id=\"__item2420-__clone7437-imgNav\"]"}
RESULT: {"using":"xpath","value":"//*[@id=\"__item2420-__clone7437-imgNav\"]"}
COMMAND: POST /session/668384e1c1f73f3d5461b9d538daca42/elements - {"using":"xpath","value":"//*[@id=\"__item2420-__clone7437-imgNav\"]"}
RESULT: {"using":"xpath","value":"//*[@id=\"__item2420-__clone7437-imgNav\"]"}
COMMAND: POST /session/668384e1c1f73f3d5461b9d538daca42/elements - {"using":"xpath","value":"//*[@id=\"__item2420-__clone7437-imgNav\"]"}
RESULT: {"using":"xpath","value":"//*[@id=\"__item2420-__clone7437-imgNav\"]"}
COMMAND: POST /session/668384e1c1f73f3d5461b9d538daca42/elements - {"using":"xpath","value":"//*[@id=\"__item2420-__clone7437-imgNav\"]"}
RESULT: {"using":"xpath","value":"//*[@id=\"__item2420-__clone7437-imgNav\"]"}
COMMAND: POST /session/668384e1c1f73f3d5461b9d538daca42/elements - {"using":"xpath","value":"//*[@id=\"__item2420-__clone7437-imgNav\"]"}
RESULT: {"using":"xpath","value":"//*[@id=\"__item2420-__clone7437-imgNav\"]"}
COMMAND: POST /session/668384e1c1f73f3d5461b9d538daca42/elements - {"using":"xpath","value":"//*[@id=\"__item2420-__clone7437-imgNav\"]"}
RESULT: {"using":"xpath","value":"//*[@id=\"__item2420-__clone7437-imgNav\"]"}
COMMAND: POST /session/668384e1c1f73f3d5461b9d538daca42/elements - {"using":"xpath","value":"//*[@id=\"__item2420-__clone7437-imgNav\"]"}
RESULT: {"using":"xpath","value":"//*[@id=\"__item2420-__clone7437-imgNav\"]"}
COMMAND: POST /session/668384e1c1f73f3d5461b9d538daca42/elements - {"using":"xpath","value":"//*[@id=\"__item2420-__clone7437-imgNav\"]"}
RESULT: {"using":"xpath","value":"//*[@id=\"__item2420-__clone7437-imgNav\"]"}
COMMAND: POST /session/668384e1c1f73f3d5461b9d538daca42/elements - {"using":"xpath","value":"//*[@id=\"__item2420-__clone7437-imgNav\"]"}
RESULT: {"using":"xpath","value":"//*[@id=\"__item2420-__clone7437-imgNav\"]"}
COMMAND: POST /session/668384e1c1f73f3d5461b9d538daca42/elements - {"using":"xpath","value":"//*[@id=\"__item2420-__clone7437-imgNav\"]"}
RESULT: {"using":"xpath","value":"//*[@id=\"__item2420-__clone7437-imgNav\"]"}
COMMAND: POST /session/668384e1c1f73f3d5461b9d538daca42/elements - {"using":"xpath","value":"//*[@id=\"__item2420-__clone7437-imgNav\"]"}
RESULT: {"using":"xpath","value":"//*[@id=\"__item2420-__clone7437-imgNav\"]"}
COMMAND: POST /session/668384e1c1f73f3d5461b9d538daca42/elements - {"using":"xpath","value":"//*[@id=\"__item2420-__clone7437-imgNav\"]"}
RESULT: {"using":"xpath","value":"//*[@id=\"__item2420-__clone7437-imgNav\"]"}
COMMAND: POST /session/668384e1c1f73f3d5461b9d538daca42/elements - {"using":"xpath","value":"//*[@id=\"__item2420-__clone7437-imgNav\"]"}
RESULT: {"using":"xpath","value":"//*[@id=\"__item2420-__clone7437-imgNav\"]"}
COMMAND: POST /session/668384e1c1f73f3d5461b9d538daca42/elements - {"using":"xpath","value":"//*[@id=\"__item2420-__clone7437-imgNav\"]"}
RESULT: {"using":"xpath","value":"//*[@id=\"__item2420-__clone7437-imgNav\"]"}
COMMAND: POST /session/668384e1c1f73f3d5461b9d538daca42/elements - {"using":"xpath","value":"//*[@id=\"__item2420-__clone7437-imgNav\"]"}
RESULT: {"using":"xpath","value":"//*[@id=\"__item2420-__clone7437-imgNav\"]"}
COMMAND: POST /session/668384e1c1f73f3d5461b9d538daca42/elements - {"using":"xpath","value":"//*[@id=\"__item2420-__clone7437-imgNav\"]"}
RESULT: {"using":"xpath","value":"//*[@id=\"__item2420-__clone7437-imgNav\"]"}
COMMAND: POST /session/668384e1c1f73f3d5461b9d538daca42/elements - {"using":"xpath","value":"//*[@id=\"__item2420-__clone7437-imgNav\"]"}
RESULT: {"using":"xpath","value":"//*[@id=\"__item2420-__clone7437-imgNav\"]"}
COMMAND: POST /session/668384e1c1f73f3d5461b9d538daca42/elements - {"using":"xpath","value":"//*[@id=\"__item2420-__clone7437-imgNav\"]"}
RESULT: {"using":"xpath","value":"//*[@id=\"__item2420-__clone7437-imgNav\"]"}
COMMAND: POST /session/668384e1c1f73f3d5461b9d538daca42/elements - {"using":"xpath","value":"//*[@id=\"__item2420-__clone7437-imgNav\"]"}
RESULT: {"using":"xpath","value":"//*[@id=\"__item2420-__clone7437-imgNav\"]"}
COMMAND: POST /session/668384e1c1f73f3d5461b9d538daca42/elements - {"using":"xpath","value":"//*[@id=\"__item2420-__clone7437-imgNav\"]"}
RESULT: {"using":"xpath","value":"//*[@id=\"__item2420-__clone7437-imgNav\"]"}
COMMAND: POST /session/668384e1c1f73f3d5461b9d538daca42/elements - {"using":"xpath","value":"//*[@id=\"__item2420-__clone7437-imgNav\"]"}
RESULT: {"using":"xpath","value":"//*[@id=\"__item2420-__clone7437-imgNav\"]"}
COMMAND: POST /session/668384e1c1f73f3d5461b9d538daca42/elements - {"using":"xpath","value":"//*[@id=\"__item2420-__clone7437-imgNav\"]"}
RESULT: {"using":"xpath","value":"//*[@id=\"__item2420-__clone7437-imgNav\"]"}
COMMAND: POST /session/668384e1c1f73f3d5461b9d538daca42/elements - {"using":"xpath","value":"//*[@id=\"__item2420-__clone7437-imgNav\"]"}
RESULT: {"using":"xpath","value":"//*[@id=\"__item2420-__clone7437-imgNav\"]"}
COMMAND: POST /session/668384e1c1f73f3d5461b9d538daca42/elements - {"using":"xpath","value":"//*[@id=\"__item2420-__clone7437-imgNav\"]"}
RESULT: {"using":"xpath","value":"//*[@id=\"__item2420-__clone7437-imgNav\"]"}
COMMAND: POST /session/668384e1c1f73f3d5461b9d538daca42/elements - {"using":"xpath","value":"//*[@id=\"__item2420-__clone7437-imgNav\"]"}
RESULT: {"using":"xpath","value":"//*[@id=\"__item2420-__clone7437-imgNav\"]"}
COMMAND: POST /session/668384e1c1f73f3d5461b9d538daca42/elements - {"using":"xpath","value":"//*[@id=\"__item2420-__clone7437-imgNav\"]"}
RESULT: {"using":"xpath","value":"//*[@id=\"__item2420-__clone7437-imgNav\"]"}
COMMAND: POST /session/668384e1c1f73f3d5461b9d538daca42/elements - {"using":"xpath","value":"//*[@id=\"__item2420-__clone7437-imgNav\"]"}
RESULT: {"using":"xpath","value":"//*[@id=\"__item2420-__clone7437-imgNav\"]"}
COMMAND: POST /session/668384e1c1f73f3d5461b9d538daca42/elements - {"using":"xpath","value":"//*[@id=\"__item2420-__clone7437-imgNav\"]"}
RESULT: {"using":"xpath","value":"//*[@id=\"__item2420-__clone7437-imgNav\"]"}
COMMAND: POST /session/668384e1c1f73f3d5461b9d538daca42/elements - {"using":"xpath","value":"//*[@id=\"__item2420-__clone7437-imgNav\"]"}
RESULT: {"using":"xpath","value":"//*[@id=\"__item2420-__clone7437-imgNav\"]"}
COMMAND: POST /session/668384e1c1f73f3d5461b9d538daca42/elements - {"using":"xpath","value":"//*[@id=\"__item2420-__clone7437-imgNav\"]"}
RESULT: {"using":"xpath","value":"//*[@id=\"__item2420-__clone7437-imgNav\"]"}
COMMAND: POST /session/668384e1c1f73f3d5461b9d538daca42/elements - {"using":"xpath","value":"//*[@id=\"__item2420-__clone7437-imgNav\"]"}
RESULT: {"using":"xpath","value":"//*[@id=\"__item2420-__clone7437-imgNav\"]"}
COMMAND: POST /session/668384e1c1f73f3d5461b9d538daca42/elements - {"using":"xpath","value":"//*[@id=\"__item2420-__clone7437-imgNav\"]"}
RESULT: {"using":"xpath","value":"//*[@id=\"__item2420-__clone7437-imgNav\"]"}
COMMAND: POST /session/668384e1c1f73f3d5461b9d538daca42/elements - {"using":"xpath","value":"//*[@id=\"__item2420-__clone7437-imgNav\"]"}
RESULT: {"using":"xpath","value":"//*[@id=\"__item2420-__clone7437-imgNav\"]"}
COMMAND: POST /session/668384e1c1f73f3d5461b9d538daca42/elements - {"using":"xpath","value":"//*[@id=\"__item2420-__clone7437-imgNav\"]"}
RESULT: {"using":"xpath","value":"//*[@id=\"__item2420-__clone7437-imgNav\"]"}
COMMAND: POST /session/668384e1c1f73f3d5461b9d538daca42/elements - {"using":"xpath","value":"//*[@id=\"__item2420-__clone7437-imgNav\"]"}
RESULT: {"using":"xpath","value":"//*[@id=\"__item2420-__clone7437-imgNav\"]"}
COMMAND: POST /session/668384e1c1f73f3d5461b9d538daca42/elements - {"using":"xpath","value":"//*[@id=\"__item2420-__clone7437-imgNav\"]"}
RESULT: {"using":"xpath","value":"//*[@id=\"__item2420-__clone7437-imgNav\"]"}
COMMAND: POST /session/668384e1c1f73f3d5461b9d538daca42/elements - {"using":"xpath","value":"//*[@id=\"__item2420-__clone7437-imgNav\"]"}
RESULT: {"using":"xpath","value":"//*[@id=\"__item2420-__clone7437-imgNav\"]"}
COMMAND: POST /session/668384e1c1f73f3d5461b9d538daca42/elements - {"using":"xpath","value":"//*[@id=\"__item2420-__clone7437-imgNav\"]"}
RESULT: {"using":"xpath","value":"//*[@id=\"__item2420-__clone7437-imgNav\"]"}
COMMAND: POST /session/668384e1c1f73f3d5461b9d538daca42/elements - {"using":"xpath","value":"//*[@id=\"__item2420-__clone7437-imgNav\"]"}
RESULT: {"using":"xpath","value":"//*[@id=\"__item2420-__clone7437-imgNav\"]"}
COMMAND: POST /session/668384e1c1f73f3d5461b9d538daca42/elements - {"using":"xpath","value":"//*[@id=\"__item2420-__clone7437-imgNav\"]"}
RESULT: {"using":"xpath","value":"//*[@id=\"__item2420-__clone7437-imgNav\"]"}
COMMAND: POST /session/668384e1c1f73f3d5461b9d538daca42/elements - {"using":"xpath","value":"//*[@id=\"__item2420-__clone7437-imgNav\"]"}
RESULT: {"using":"xpath","value":"//*[@id=\"__item2420-__clone7437-imgNav\"]"}
COMMAND: POST /session/668384e1c1f73f3d5461b9d538daca42/elements - {"using":"xpath","value":"//*[@id=\"__item2420-__clone7437-imgNav\"]"}
RESULT: {"using":"xpath","value":"//*[@id=\"__item2420-__clone7437-imgNav\"]"}
COMMAND: POST /session/668384e1c1f73f3d5461b9d538daca42/elements - {"using":"xpath","value":"//*[@id=\"__item2420-__clone7437-imgNav\"]"}
RESULT: {"using":"xpath","value":"//*[@id=\"__item2420-__clone7437-imgNav\"]"}
COMMAND: POST /session/668384e1c1f73f3d5461b9d538daca42/elements - {"using":"xpath","value":"//*[@id=\"__item2420-__clone7437-imgNav\"]"}
RESULT: {"using":"xpath","value":"//*[@id=\"__item2420-__clone7437-imgNav\"]"}
COMMAND: POST /session/668384e1c1f73f3d5461b9d538daca42/elements - {"using":"xpath","value":"//*[@id=\"__item2420-__clone7437-imgNav\"]"}
RESULT: {"using":"xpath","value":"//*[@id=\"__item2420-__clone7437-imgNav\"]"}
COMMAND: POST /session/668384e1c1f73f3d5461b9d538daca42/elements - {"using":"xpath","value":"//*[@id=\"__item2420-__clone7437-imgNav\"]"}
RESULT: {"using":"xpath","value":"//*[@id=\"__item2420-__clone7437-imgNav\"]"}
COMMAND: POST /session/668384e1c1f73f3d5461b9d538daca42/elements - {"using":"xpath","value":"//*[@id=\"__item2420-__clone7437-imgNav\"]"}
RESULT: {"using":"xpath","value":"//*[@id=\"__item2420-__clone7437-imgNav\"]"}
COMMAND: POST /session/668384e1c1f73f3d5461b9d538daca42/elements - {"using":"xpath","value":"//*[@id=\"__item2420-__clone7437-imgNav\"]"}
RESULT: {"using":"xpath","value":"//*[@id=\"__item2420-__clone7437-imgNav\"]"}
COMMAND: POST /session/668384e1c1f73f3d5461b9d538daca42/elements - {"using":"xpath","value":"//*[@id=\"__item2420-__clone7437-imgNav\"]"}
RESULT: {"using":"xpath","value":"//*[@id=\"__item2420-__clone7437-imgNav\"]"}
COMMAND: POST /session/668384e1c1f73f3d5461b9d538daca42/elements - {"using":"xpath","value":"//*[@id=\"__item2420-__clone7437-imgNav\"]"}
RESULT: {"using":"xpath","value":"//*[@id=\"__item2420-__clone7437-imgNav\"]"}
COMMAND: POST /session/668384e1c1f73f3d5461b9d538daca42/elements - {"using":"xpath","value":"//*[@id=\"__item2420-__clone7437-imgNav\"]"}
RESULT: {"using":"xpath","value":"//*[@id=\"__item2420-__clone7437-imgNav\"]"}
COMMAND: POST /session/668384e1c1f73f3d5461b9d538daca42/elements - {"using":"xpath","value":"//*[@id=\"__item2420-__clone7437-imgNav\"]"}
RESULT: {"using":"xpath","value":"//*[@id=\"__item2420-__clone7437-imgNav\"]"}
COMMAND: POST /session/668384e1c1f73f3d5461b9d538daca42/elements - {"using":"xpath","value":"//*[@id=\"__item2420-__clone7437-imgNav\"]"}
RESULT: {"using":"xpath","value":"//*[@id=\"__item2420-__clone7437-imgNav\"]"}
COMMAND: POST /session/668384e1c1f73f3d5461b9d538daca42/elements - {"using":"xpath","value":"//*[@id=\"__item2420-__clone7437-imgNav\"]"}
RESULT: {"using":"xpath","value":"//*[@id=\"__item2420-__clone7437-imgNav\"]"}
COMMAND: POST /session/668384e1c1f73f3d5461b9d538daca42/elements - {"using":"xpath","value":"//*[@id=\"__item2420-__clone7437-imgNav\"]"}
RESULT: {"using":"xpath","value":"//*[@id=\"__item2420-__clone7437-imgNav\"]"}
COMMAND: POST /session/668384e1c1f73f3d5461b9d538daca42/elements - {"using":"xpath","value":"//*[@id=\"__item2420-__clone7437-imgNav\"]"}
RESULT: {"using":"xpath","value":"//*[@id=\"__item2420-__clone7437-imgNav\"]"}
COMMAND: POST /session/668384e1c1f73f3d5461b9d538daca42/elements - {"using":"xpath","value":"//*[@id=\"__item2420-__clone7437-imgNav\"]"}
RESULT: {"using":"xpath","value":"//*[@id=\"__item2420-__clone7437-imgNav\"]"}
COMMAND: POST /session/668384e1c1f73f3d5461b9d538daca42/elements - {"using":"xpath","value":"//*[@id=\"__item2420-__clone7437-imgNav\"]"}
RESULT: {"using":"xpath","value":"//*[@id=\"__item2420-__clone7437-imgNav\"]"}
COMMAND: POST /session/668384e1c1f73f3d5461b9d538daca42/elements - {"using":"xpath","value":"//*[@id=\"__item2420-__clone7437-imgNav\"]"}
RESULT: {"using":"xpath","value":"//*[@id=\"__item2420-__clone7437-imgNav\"]"}
COMMAND: POST /session/668384e1c1f73f3d5461b9d538daca42/elements - {"using":"xpath","value":"//*[@id=\"__item2420-__clone7437-imgNav\"]"}
RESULT: {"using":"xpath","value":"//*[@id=\"__item2420-__clone7437-imgNav\"]"}
COMMAND: POST /session/668384e1c1f73f3d5461b9d538daca42/elements - {"using":"xpath","value":"//*[@id=\"__item2420-__clone7437-imgNav\"]"}
RESULT: {"using":"xpath","value":"//*[@id=\"__item2420-__clone7437-imgNav\"]"}
COMMAND: POST /session/668384e1c1f73f3d5461b9d538daca42/elements - {"using":"xpath","value":"//*[@id=\"__item2420-__clone7437-imgNav\"]"}
RESULT: {"using":"xpath","value":"//*[@id=\"__item2420-__clone7437-imgNav\"]"}
COMMAND: POST /session/668384e1c1f73f3d5461b9d538daca42/elements - {"using":"xpath","value":"//*[@id=\"__item2420-__clone7437-imgNav\"]"}
RESULT: {"using":"xpath","value":"//*[@id=\"__item2420-__clone7437-imgNav\"]"}
COMMAND: POST /session/668384e1c1f73f3d5461b9d538daca42/elements - {"using":"xpath","value":"//*[@id=\"__item2420-__clone7437-imgNav\"]"}
RESULT: {"using":"xpath","value":"//*[@id=\"__item2420-__clone7437-imgNav\"]"}
COMMAND: POST /session/668384e1c1f73f3d5461b9d538daca42/elements - {"using":"xpath","value":"//*[@id=\"__item2420-__clone7437-imgNav\"]"}
RESULT: {"using":"xpath","value":"//*[@id=\"__item2420-__clone7437-imgNav\"]"}
COMMAND: POST /session/668384e1c1f73f3d5461b9d538daca42/elements - {"using":"xpath","value":"//*[@id=\"__item2420-__clone7437-imgNav\"]"}
RESULT: {"using":"xpath","value":"//*[@id=\"__item2420-__clone7437-imgNav\"]"}
COMMAND: POST /session/668384e1c1f73f3d5461b9d538daca42/elements - {"using":"xpath","value":"//*[@id=\"__item2420-__clone7437-imgNav\"]"}
RESULT: {"using":"xpath","value":"//*[@id=\"__item2420-__clone7437-imgNav\"]"}
COMMAND: POST /session/668384e1c1f73f3d5461b9d538daca42/elements - {"using":"xpath","value":"//*[@id=\"__item2420-__clone7437-imgNav\"]"}
RESULT: {"using":"xpath","value":"//*[@id=\"__item2420-__clone7437-imgNav\"]"}
COMMAND: POST /session/668384e1c1f73f3d5461b9d538daca42/elements - {"using":"xpath","value":"//*[@id=\"__item2420-__clone7437-imgNav\"]"}
RESULT: {"using":"xpath","value":"//*[@id=\"__item2420-__clone7437-imgNav\"]"}
COMMAND: POST /session/668384e1c1f73f3d5461b9d538daca42/elements - {"using":"xpath","value":"//*[@id=\"__item2420-__clone7437-imgNav\"]"}
RESULT: {"using":"xpath","value":"//*[@id=\"__item2420-__clone7437-imgNav\"]"}
COMMAND: POST /session/668384e1c1f73f3d5461b9d538daca42/elements - {"using":"xpath","value":"//*[@id=\"__item2420-__clone7437-imgNav\"]"}
RESULT: {"using":"xpath","value":"//*[@id=\"__item2420-__clone7437-imgNav\"]"}
COMMAND: POST /session/668384e1c1f73f3d5461b9d538daca42/elements - {"using":"xpath","value":"//*[@id=\"__item2420-__clone7437-imgNav\"]"}
RESULT: {"using":"xpath","value":"//*[@id=\"__item2420-__clone7437-imgNav\"]"}
COMMAND: POST /session/668384e1c1f73f3d5461b9d538daca42/elements - {"using":"xpath","value":"//*[@id=\"__item2420-__clone7437-imgNav\"]"}
RESULT: {"using":"xpath","value":"//*[@id=\"__item2420-__clone7437-imgNav\"]"}
COMMAND: POST /session/668384e1c1f73f3d5461b9d538daca42/elements - {"using":"xpath","value":"//*[@id=\"__item2420-__clone7437-imgNav\"]"}
RESULT: {"using":"xpath","value":"//*[@id=\"__item2420-__clone7437-imgNav\"]"}
COMMAND: POST /session/668384e1c1f73f3d5461b9d538daca42/elements - {"using":"xpath","value":"//*[@id=\"__item2420-__clone7437-imgNav\"]"}
RESULT: {"using":"xpath","value":"//*[@id=\"__item2420-__clone7437-imgNav\"]"}
COMMAND: POST /session/668384e1c1f73f3d5461b9d538daca42/elements - {"using":"xpath","value":"//*[@id=\"__item2420-__clone7437-imgNav\"]"}
RESULT: {"using":"xpath","value":"//*[@id=\"__item2420-__clone7437-imgNav\"]"}
COMMAND: POST /session/668384e1c1f73f3d5461b9d538daca42/elements - {"using":"xpath","value":"//*[@id=\"__item2420-__clone7437-imgNav\"]"}
RESULT: {"using":"xpath","value":"//*[@id=\"__item2420-__clone7437-imgNav\"]"}
COMMAND: POST /session/668384e1c1f73f3d5461b9d538daca42/elements - {"using":"xpath","value":"//*[@id=\"__item2420-__clone7437-imgNav\"]"}
RESULT: {"using":"xpath","value":"//*[@id=\"__item2420-__clone7437-imgNav\"]"}
COMMAND: POST /session/668384e1c1f73f3d5461b9d538daca42/elements - {"using":"xpath","value":"//*[@id=\"__item2420-__clone7437-imgNav\"]"}
RESULT: {"using":"xpath","value":"//*[@id=\"__item2420-__clone7437-imgNav\"]"}
COMMAND: POST /session/668384e1c1f73f3d5461b9d538daca42/elements - {"using":"xpath","value":"//*[@id=\"__item2420-__clone7437-imgNav\"]"}
RESULT: {"using":"xpath","value":"//*[@id=\"__item2420-__clone7437-imgNav\"]"}
COMMAND: POST /session/668384e1c1f73f3d5461b9d538daca42/elements - {"using":"xpath","value":"//*[@id=\"__item2420-__clone7437-imgNav\"]"}
RESULT: {"using":"xpath","value":"//*[@id=\"__item2420-__clone7437-imgNav\"]"}
COMMAND: POST /session/668384e1c1f73f3d5461b9d538daca42/elements - {"using":"xpath","value":"//*[@id=\"__item2420-__clone7437-imgNav\"]"}
RESULT: {"using":"xpath","value":"//*[@id=\"__item2420-__clone7437-imgNav\"]"}
COMMAND: POST /session/668384e1c1f73f3d5461b9d538daca42/elements - {"using":"xpath","value":"//*[@id=\"__item2420-__clone7437-imgNav\"]"}
RESULT: {"using":"xpath","value":"//*[@id=\"__item2420-__clone7437-imgNav\"]"}
COMMAND: POST /session/668384e1c1f73f3d5461b9d538daca42/elements - {"using":"xpath","value":"//*[@id=\"__item2420-__clone7437-imgNav\"]"}
RESULT: {"using":"xpath","value":"//*[@id=\"__item2420-__clone7437-imgNav\"]"}
COMMAND: POST /session/668384e1c1f73f3d5461b9d538daca42/elements - {"using":"xpath","value":"//*[@id=\"__item2420-__clone7437-imgNav\"]"}
RESULT: {"using":"xpath","value":"//*[@id=\"__item2420-__clone7437-imgNav\"]"}
COMMAND: POST /session/668384e1c1f73f3d5461b9d538daca42/elements - {"using":"xpath","value":"//*[@id=\"__item2420-__clone7437-imgNav\"]"}
RESULT: {"using":"xpath","value":"//*[@id=\"__item2420-__clone7437-imgNav\"]"}
COMMAND: POST /session/668384e1c1f73f3d5461b9d538daca42/elements - {"using":"xpath","value":"//*[@id=\"__item2420-__clone7437-imgNav\"]"}
RESULT: {"using":"xpath","value":"//*[@id=\"__item2420-__clone7437-imgNav\"]"}
COMMAND: POST /session/668384e1c1f73f3d5461b9d538daca42/elements - {"using":"xpath","value":"//*[@id=\"__item2420-__clone7437-imgNav\"]"}
RESULT: {"using":"xpath","value":"//*[@id=\"__item2420-__clone7437-imgNav\"]"}
COMMAND: POST /session/668384e1c1f73f3d5461b9d538daca42/elements - {"using":"xpath","value":"//*[@id=\"__item2420-__clone7437-imgNav\"]"}
RESULT: {"using":"xpath","value":"//*[@id=\"__item2420-__clone7437-imgNav\"]"}
COMMAND: POST /session/668384e1c1f73f3d5461b9d538daca42/elements - {"using":"xpath","value":"//*[@id=\"__item2420-__clone7437-imgNav\"]"}
RESULT: {"using":"xpath","value":"//*[@id=\"__item2420-__clone7437-imgNav\"]"}
COMMAND: POST /session/668384e1c1f73f3d5461b9d538daca42/elements - {"using":"xpath","value":"//*[@id=\"__item2420-__clone7437-imgNav\"]"}
RESULT: {"using":"xpath","value":"//*[@id=\"__item2420-__clone7437-imgNav\"]"}
COMMAND: POST /session/668384e1c1f73f3d5461b9d538daca42/elements - {"using":"xpath","value":"//*[@id=\"__item2420-__clone7437-imgNav\"]"}
RESULT: {"using":"xpath","value":"//*[@id=\"__item2420-__clone7437-imgNav\"]"}
COMMAND: POST /session/668384e1c1f73f3d5461b9d538daca42/elements - {"using":"xpath","value":"//*[@id=\"__item2420-__clone7437-imgNav\"]"}
RESULT: {"using":"xpath","value":"//*[@id=\"__item2420-__clone7437-imgNav\"]"}
COMMAND: POST /session/668384e1c1f73f3d5461b9d538daca42/elements - {"using":"xpath","value":"//*[@id=\"__item2420-__clone7437-imgNav\"]"}
RESULT: {"using":"xpath","value":"//*[@id=\"__item2420-__clone7437-imgNav\"]"}
COMMAND: POST /session/668384e1c1f73f3d5461b9d538daca42/elements - {"using":"xpath","value":"//*[@id=\"__item2420-__clone7437-imgNav\"]"}
RESULT: {"using":"xpath","value":"//*[@id=\"__item2420-__clone7437-imgNav\"]"}
COMMAND: POST /session/668384e1c1f73f3d5461b9d538daca42/elements - {"using":"xpath","value":"//*[@id=\"__item2420-__clone7437-imgNav\"]"}
RESULT: {"using":"xpath","value":"//*[@id=\"__item2420-__clone7437-imgNav\"]"}
COMMAND: POST /session/668384e1c1f73f3d5461b9d538daca42/elements - {"using":"xpath","value":"//*[@id=\"__item2420-__clone7437-imgNav\"]"}
RESULT: {"using":"xpath","value":"//*[@id=\"__item2420-__clone7437-imgNav\"]"}
COMMAND: POST /session/668384e1c1f73f3d5461b9d538daca42/elements - {"using":"xpath","value":"//*[@id=\"__item2420-__clone7437-imgNav\"]"}
RESULT: {"using":"xpath","value":"//*[@id=\"__item2420-__clone7437-imgNav\"]"}
COMMAND: POST /session/668384e1c1f73f3d5461b9d538daca42/elements - {"using":"xpath","value":"//*[@id=\"__item2420-__clone7437-imgNav\"]"}
RESULT: {"using":"xpath","value":"//*[@id=\"__item2420-__clone7437-imgNav\"]"}
COMMAND: POST /session/668384e1c1f73f3d5461b9d538daca42/elements - {"using":"xpath","value":"//*[@id=\"__item2420-__clone7437-imgNav\"]"}
RESULT: {"using":"xpath","value":"//*[@id=\"__item2420-__clone7437-imgNav\"]"}
COMMAND: POST /session/668384e1c1f73f3d5461b9d538daca42/elements - {"using":"xpath","value":"//*[@id=\"__item2420-__clone7437-imgNav\"]"}
RESULT: {"using":"xpath","value":"//*[@id=\"__item2420-__clone7437-imgNav\"]"}
COMMAND: POST /session/668384e1c1f73f3d5461b9d538daca42/elements - {"using":"xpath","value":"//*[@id=\"__item2420-__clone7437-imgNav\"]"}
RESULT: {"using":"xpath","value":"//*[@id=\"__item2420-__clone7437-imgNav\"]"}
COMMAND: POST /session/668384e1c1f73f3d5461b9d538daca42/elements - {"using":"xpath","value":"//*[@id=\"__item2420-__clone7437-imgNav\"]"}
RESULT: {"using":"xpath","value":"//*[@id=\"__item2420-__clone7437-imgNav\"]"}
COMMAND: POST /session/668384e1c1f73f3d5461b9d538daca42/elements - {"using":"xpath","value":"//*[@id=\"__item2420-__clone7437-imgNav\"]"}
RESULT: {"using":"xpath","value":"//*[@id=\"__item2420-__clone7437-imgNav\"]"}
COMMAND: POST /session/668384e1c1f73f3d5461b9d538daca42/elements - {"using":"xpath","value":"//*[@id=\"__item2420-__clone7437-imgNav\"]"}
RESULT: {"using":"xpath","value":"//*[@id=\"__item2420-__clone7437-imgNav\"]"}
COMMAND: POST /session/668384e1c1f73f3d5461b9d538daca42/elements - {"using":"xpath","value":"//*[@id=\"__item2420-__clone7437-imgNav\"]"}
RESULT: {"using":"xpath","value":"//*[@id=\"__item2420-__clone7437-imgNav\"]"}
COMMAND: POST /session/668384e1c1f73f3d5461b9d538daca42/elements - {"using":"xpath","value":"//*[@id=\"__item2420-__clone7437-imgNav\"]"}
RESULT: {"using":"xpath","value":"//*[@id=\"__item2420-__clone7437-imgNav\"]"}
COMMAND: POST /session/668384e1c1f73f3d5461b9d538daca42/elements - {"using":"xpath","value":"//*[@id=\"__item2420-__clone7437-imgNav\"]"}
RESULT: {"using":"xpath","value":"//*[@id=\"__item2420-__clone7437-imgNav\"]"}
COMMAND: POST /session/668384e1c1f73f3d5461b9d538daca42/elements - {"using":"xpath","value":"//*[@id=\"__item2420-__clone7437-imgNav\"]"}
RESULT: {"using":"xpath","value":"//*[@id=\"__item2420-__clone7437-imgNav\"]"}
COMMAND: POST /session/668384e1c1f73f3d5461b9d538daca42/elements - {"using":"xpath","value":"//*[@id=\"__item2420-__clone7437-imgNav\"]"}
RESULT: {"using":"xpath","value":"//*[@id=\"__item2420-__clone7437-imgNav\"]"}
COMMAND: POST /session/668384e1c1f73f3d5461b9d538daca42/elements - {"using":"xpath","value":"//*[@id=\"__item2420-__clone7437-imgNav\"]"}
RESULT: {"using":"xpath","value":"//*[@id=\"__item2420-__clone7437-imgNav\"]"}
COMMAND: POST /session/668384e1c1f73f3d5461b9d538daca42/elements - {"using":"xpath","value":"//*[@id=\"__item2420-__clone7437-imgNav\"]"}
RESULT: {"using":"xpath","value":"//*[@id=\"__item2420-__clone7437-imgNav\"]"}
COMMAND: POST /session/668384e1c1f73f3d5461b9d538daca42/elements - {"using":"xpath","value":"//*[@id=\"__item2420-__clone7437-imgNav\"]"}
RESULT: {"using":"xpath","value":"//*[@id=\"__item2420-__clone7437-imgNav\"]"}
COMMAND: POST /session/668384e1c1f73f3d5461b9d538daca42/elements - {"using":"xpath","value":"//*[@id=\"__item2420-__clone7437-imgNav\"]"}
RESULT: {"using":"xpath","value":"//*[@id=\"__item2420-__clone7437-imgNav\"]"}
COMMAND: POST /session/668384e1c1f73f3d5461b9d538daca42/elements - {"using":"xpath","value":"//*[@id=\"__item2420-__clone7437-imgNav\"]"}
RESULT: {"using":"xpath","value":"//*[@id=\"__item2420-__clone7437-imgNav\"]"}
COMMAND: POST /session/668384e1c1f73f3d5461b9d538daca42/execute/async - {"script":"<script> [1562 bytes]","args":[{"selector":{"controlType":"sap.m.Button","viewName":"etm.portal.ui.managehandovers.view.DetailExecuteHO","i18NText":{"propertyName":"text","key":"confirmAll"},"interaction":{"idSuffix":"BDI-content"}},"wdio_ui5_key":"etmportal.ui.managehandovers.view.DetailExecuteHOsap.m.Button{\"propertyName\":\"text\",\"key\":\"confirmAll\"}"}]}
RESULT: {"script":"<script> [1562 bytes]","args":[{"selector":{"controlType":"sap.m.Button","viewName":"etm.portal.ui.managehandovers.view.DetailExecuteHO","i18NText":{"propertyName":"text","key":"confirmAll"},"interaction":{"idSuffix":"BDI-content"}},"wdio_ui5_key":"etmportal.ui.managehandovers.view.DetailExecuteHOsap.m.Button{\"propertyName\":\"text\",\"key\":\"confirmAll\"}"}]}
RESULT: undefined
COMMAND: POST /session/668384e1c1f73f3d5461b9d538daca42/actions - {"actions":[{"id":"action66","type":"key","parameters":{},"actions":[{"type":"keyDown","value":"î€‡"},{"type":"pause","duration":10},{"type":"keyUp","value":"î€‡"}]}]}
RESULT: {"actions":[{"id":"action66","type":"key","parameters":{},"actions":[{"type":"keyDown","value":"î€‡"},{"type":"pause","duration":10},{"type":"keyUp","value":"î€‡"}]}]}
COMMAND: GET /session/668384e1c1f73f3d5461b9d538daca42/screenshot - {}
RESULT: {}
COMMAND: POST /session/668384e1c1f73f3d5461b9d538daca42/execute/async - {"script":"<script> [1562 bytes]","args":[{"selector":{"id":"confirmationButton","viewName":"etm.portal.ui.managehandovers.view.DetailExecuteHO","properties":{"text":"Issue"},"interaction":{"idSuffix":"BDI-content"}},"wdio_ui5_key":"confirmationButtonetmportal.ui.managehandovers.view.DetailExecuteHO{\"text\":\"Issue\"}"}]}
RESULT: {"script":"<script> [1562 bytes]","args":[{"selector":{"id":"confirmationButton","viewName":"etm.portal.ui.managehandovers.view.DetailExecuteHO","properties":{"text":"Issue"},"interaction":{"idSuffix":"BDI-content"}},"wdio_ui5_key":"confirmationButtonetmportal.ui.managehandovers.view.DetailExecuteHO{\"text\":\"Issue\"}"}]}
RESULT: undefined
RESULT: undefined
COMMAND: POST /session/668384e1c1f73f3d5461b9d538daca42/execute/async - {"script":"<script> [776 bytes]","args":[{"enterText":"30336","selector":{"controlType":"sap.m.SearchField","viewName":"etm.portal.ui.managehandovers.view.MasterHO","bindingPath":{"propertyPath":"/_BASIC_SEARCH_FIELD","modelName":"fi1t3rM0d31"},"interaction":{"idSuffix":"I"}},"clearTextFirst":true,"interactionType":"ENTER_TEXT"}]}
RESULT: {"script":"<script> [776 bytes]","args":[{"enterText":"30336","selector":{"controlType":"sap.m.SearchField","viewName":"etm.portal.ui.managehandovers.view.MasterHO","bindingPath":{"propertyPath":"/_BASIC_SEARCH_FIELD","modelName":"fi1t3rM0d31"},"interaction":{"idSuffix":"I"}},"clearTextFirst":true,"interactionType":"ENTER_TEXT"}]}
COMMAND: POST /session/668384e1c1f73f3d5461b9d538daca42/actions - {"actions":[{"id":"action67","type":"key","parameters":{},"actions":[{"type":"keyDown","value":"î€‡"},{"type":"pause","duration":10},{"type":"keyUp","value":"î€‡"}]}]}
RESULT: {"actions":[{"id":"action67","type":"key","parameters":{},"actions":[{"type":"keyDown","value":"î€‡"},{"type":"pause","duration":10},{"type":"keyUp","value":"î€‡"}]}]}
COMMAND: GET /session/668384e1c1f73f3d5461b9d538daca42/screenshot - {}
RESULT: {}
RESULT: undefined
COMMAND: POST /session/668384e1c1f73f3d5461b9d538daca42/element - {"using":"xpath","value":"//*[@id=\"__item2420-__clone7437-imgNav\"]"}
RESULT: {"using":"xpath","value":"//*[@id=\"__item2420-__clone7437-imgNav\"]"}
COMMAND: POST /session/668384e1c1f73f3d5461b9d538daca42/elements - {"using":"xpath","value":"//*[@id=\"__item2420-__clone7437-imgNav\"]"}
RESULT: {"using":"xpath","value":"//*[@id=\"__item2420-__clone7437-imgNav\"]"}
COMMAND: POST /session/668384e1c1f73f3d5461b9d538daca42/elements - {"using":"xpath","value":"//*[@id=\"__item2420-__clone7437-imgNav\"]"}
RESULT: {"using":"xpath","value":"//*[@id=\"__item2420-__clone7437-imgNav\"]"}
COMMAND: POST /session/668384e1c1f73f3d5461b9d538daca42/elements - {"using":"xpath","value":"//*[@id=\"__item2420-__clone7437-imgNav\"]"}
RESULT: {"using":"xpath","value":"//*[@id=\"__item2420-__clone7437-imgNav\"]"}
COMMAND: POST /session/668384e1c1f73f3d5461b9d538daca42/elements - {"using":"xpath","value":"//*[@id=\"__item2420-__clone7437-imgNav\"]"}
RESULT: {"using":"xpath","value":"//*[@id=\"__item2420-__clone7437-imgNav\"]"}
COMMAND: POST /session/668384e1c1f73f3d5461b9d538daca42/elements - {"using":"xpath","value":"//*[@id=\"__item2420-__clone7437-imgNav\"]"}
RESULT: {"using":"xpath","value":"//*[@id=\"__item2420-__clone7437-imgNav\"]"}
COMMAND: POST /session/668384e1c1f73f3d5461b9d538daca42/elements - {"using":"xpath","value":"//*[@id=\"__item2420-__clone7437-imgNav\"]"}
RESULT: {"using":"xpath","value":"//*[@id=\"__item2420-__clone7437-imgNav\"]"}
COMMAND: POST /session/668384e1c1f73f3d5461b9d538daca42/elements - {"using":"xpath","value":"//*[@id=\"__item2420-__clone7437-imgNav\"]"}
RESULT: {"using":"xpath","value":"//*[@id=\"__item2420-__clone7437-imgNav\"]"}
COMMAND: POST /session/668384e1c1f73f3d5461b9d538daca42/elements - {"using":"xpath","value":"//*[@id=\"__item2420-__clone7437-imgNav\"]"}
RESULT: {"using":"xpath","value":"//*[@id=\"__item2420-__clone7437-imgNav\"]"}
COMMAND: POST /session/668384e1c1f73f3d5461b9d538daca42/elements - {"using":"xpath","value":"//*[@id=\"__item2420-__clone7437-imgNav\"]"}
RESULT: {"using":"xpath","value":"//*[@id=\"__item2420-__clone7437-imgNav\"]"}
COMMAND: POST /session/668384e1c1f73f3d5461b9d538daca42/elements - {"using":"xpath","value":"//*[@id=\"__item2420-__clone7437-imgNav\"]"}
RESULT: {"using":"xpath","value":"//*[@id=\"__item2420-__clone7437-imgNav\"]"}
COMMAND: POST /session/668384e1c1f73f3d5461b9d538daca42/elements - {"using":"xpath","value":"//*[@id=\"__item2420-__clone7437-imgNav\"]"}
RESULT: {"using":"xpath","value":"//*[@id=\"__item2420-__clone7437-imgNav\"]"}
COMMAND: POST /session/668384e1c1f73f3d5461b9d538daca42/elements - {"using":"xpath","value":"//*[@id=\"__item2420-__clone7437-imgNav\"]"}
RESULT: {"using":"xpath","value":"//*[@id=\"__item2420-__clone7437-imgNav\"]"}
COMMAND: POST /session/668384e1c1f73f3d5461b9d538daca42/elements - {"using":"xpath","value":"//*[@id=\"__item2420-__clone7437-imgNav\"]"}
RESULT: {"using":"xpath","value":"//*[@id=\"__item2420-__clone7437-imgNav\"]"}
COMMAND: POST /session/668384e1c1f73f3d5461b9d538daca42/elements - {"using":"xpath","value":"//*[@id=\"__item2420-__clone7437-imgNav\"]"}
RESULT: {"using":"xpath","value":"//*[@id=\"__item2420-__clone7437-imgNav\"]"}
COMMAND: POST /session/668384e1c1f73f3d5461b9d538daca42/elements - {"using":"xpath","value":"//*[@id=\"__item2420-__clone7437-imgNav\"]"}
RESULT: {"using":"xpath","value":"//*[@id=\"__item2420-__clone7437-imgNav\"]"}
COMMAND: POST /session/668384e1c1f73f3d5461b9d538daca42/elements - {"using":"xpath","value":"//*[@id=\"__item2420-__clone7437-imgNav\"]"}
RESULT: {"using":"xpath","value":"//*[@id=\"__item2420-__clone7437-imgNav\"]"}
COMMAND: POST /session/668384e1c1f73f3d5461b9d538daca42/elements - {"using":"xpath","value":"//*[@id=\"__item2420-__clone7437-imgNav\"]"}
RESULT: {"using":"xpath","value":"//*[@id=\"__item2420-__clone7437-imgNav\"]"}
COMMAND: POST /session/668384e1c1f73f3d5461b9d538daca42/elements - {"using":"xpath","value":"//*[@id=\"__item2420-__clone7437-imgNav\"]"}
RESULT: {"using":"xpath","value":"//*[@id=\"__item2420-__clone7437-imgNav\"]"}
COMMAND: POST /session/668384e1c1f73f3d5461b9d538daca42/elements - {"using":"xpath","value":"//*[@id=\"__item2420-__clone7437-imgNav\"]"}
RESULT: {"using":"xpath","value":"//*[@id=\"__item2420-__clone7437-imgNav\"]"}
COMMAND: POST /session/668384e1c1f73f3d5461b9d538daca42/elements - {"using":"xpath","value":"//*[@id=\"__item2420-__clone7437-imgNav\"]"}
RESULT: {"using":"xpath","value":"//*[@id=\"__item2420-__clone7437-imgNav\"]"}
COMMAND: POST /session/668384e1c1f73f3d5461b9d538daca42/elements - {"using":"xpath","value":"//*[@id=\"__item2420-__clone7437-imgNav\"]"}
RESULT: {"using":"xpath","value":"//*[@id=\"__item2420-__clone7437-imgNav\"]"}
COMMAND: POST /session/668384e1c1f73f3d5461b9d538daca42/elements - {"using":"xpath","value":"//*[@id=\"__item2420-__clone7437-imgNav\"]"}
RESULT: {"using":"xpath","value":"//*[@id=\"__item2420-__clone7437-imgNav\"]"}
COMMAND: POST /session/668384e1c1f73f3d5461b9d538daca42/elements - {"using":"xpath","value":"//*[@id=\"__item2420-__clone7437-imgNav\"]"}
RESULT: {"using":"xpath","value":"//*[@id=\"__item2420-__clone7437-imgNav\"]"}
COMMAND: POST /session/668384e1c1f73f3d5461b9d538daca42/elements - {"using":"xpath","value":"//*[@id=\"__item2420-__clone7437-imgNav\"]"}
RESULT: {"using":"xpath","value":"//*[@id=\"__item2420-__clone7437-imgNav\"]"}
COMMAND: POST /session/668384e1c1f73f3d5461b9d538daca42/elements - {"using":"xpath","value":"//*[@id=\"__item2420-__clone7437-imgNav\"]"}
RESULT: {"using":"xpath","value":"//*[@id=\"__item2420-__clone7437-imgNav\"]"}
COMMAND: POST /session/668384e1c1f73f3d5461b9d538daca42/elements - {"using":"xpath","value":"//*[@id=\"__item2420-__clone7437-imgNav\"]"}
RESULT: {"using":"xpath","value":"//*[@id=\"__item2420-__clone7437-imgNav\"]"}
COMMAND: POST /session/668384e1c1f73f3d5461b9d538daca42/elements - {"using":"xpath","value":"//*[@id=\"__item2420-__clone7437-imgNav\"]"}
RESULT: {"using":"xpath","value":"//*[@id=\"__item2420-__clone7437-imgNav\"]"}
COMMAND: POST /session/668384e1c1f73f3d5461b9d538daca42/elements - {"using":"xpath","value":"//*[@id=\"__item2420-__clone7437-imgNav\"]"}
RESULT: {"using":"xpath","value":"//*[@id=\"__item2420-__clone7437-imgNav\"]"}
COMMAND: POST /session/668384e1c1f73f3d5461b9d538daca42/elements - {"using":"xpath","value":"//*[@id=\"__item2420-__clone7437-imgNav\"]"}
RESULT: {"using":"xpath","value":"//*[@id=\"__item2420-__clone7437-imgNav\"]"}
COMMAND: POST /session/668384e1c1f73f3d5461b9d538daca42/elements - {"using":"xpath","value":"//*[@id=\"__item2420-__clone7437-imgNav\"]"}
RESULT: {"using":"xpath","value":"//*[@id=\"__item2420-__clone7437-imgNav\"]"}
COMMAND: POST /session/668384e1c1f73f3d5461b9d538daca42/elements - {"using":"xpath","value":"//*[@id=\"__item2420-__clone7437-imgNav\"]"}
RESULT: {"using":"xpath","value":"//*[@id=\"__item2420-__clone7437-imgNav\"]"}
COMMAND: POST /session/668384e1c1f73f3d5461b9d538daca42/elements - {"using":"xpath","value":"//*[@id=\"__item2420-__clone7437-imgNav\"]"}
RESULT: {"using":"xpath","value":"//*[@id=\"__item2420-__clone7437-imgNav\"]"}
COMMAND: POST /session/668384e1c1f73f3d5461b9d538daca42/elements - {"using":"xpath","value":"//*[@id=\"__item2420-__clone7437-imgNav\"]"}
RESULT: {"using":"xpath","value":"//*[@id=\"__item2420-__clone7437-imgNav\"]"}
COMMAND: POST /session/668384e1c1f73f3d5461b9d538daca42/elements - {"using":"xpath","value":"//*[@id=\"__item2420-__clone7437-imgNav\"]"}
RESULT: {"using":"xpath","value":"//*[@id=\"__item2420-__clone7437-imgNav\"]"}
COMMAND: POST /session/668384e1c1f73f3d5461b9d538daca42/elements - {"using":"xpath","value":"//*[@id=\"__item2420-__clone7437-imgNav\"]"}
RESULT: {"using":"xpath","value":"//*[@id=\"__item2420-__clone7437-imgNav\"]"}
COMMAND: POST /session/668384e1c1f73f3d5461b9d538daca42/elements - {"using":"xpath","value":"//*[@id=\"__item2420-__clone7437-imgNav\"]"}
RESULT: {"using":"xpath","value":"//*[@id=\"__item2420-__clone7437-imgNav\"]"}
COMMAND: POST /session/668384e1c1f73f3d5461b9d538daca42/elements - {"using":"xpath","value":"//*[@id=\"__item2420-__clone7437-imgNav\"]"}
RESULT: {"using":"xpath","value":"//*[@id=\"__item2420-__clone7437-imgNav\"]"}
COMMAND: POST /session/668384e1c1f73f3d5461b9d538daca42/elements - {"using":"xpath","value":"//*[@id=\"__item2420-__clone7437-imgNav\"]"}
RESULT: {"using":"xpath","value":"//*[@id=\"__item2420-__clone7437-imgNav\"]"}
COMMAND: POST /session/668384e1c1f73f3d5461b9d538daca42/elements - {"using":"xpath","value":"//*[@id=\"__item2420-__clone7437-imgNav\"]"}
RESULT: {"using":"xpath","value":"//*[@id=\"__item2420-__clone7437-imgNav\"]"}
COMMAND: POST /session/668384e1c1f73f3d5461b9d538daca42/elements - {"using":"xpath","value":"//*[@id=\"__item2420-__clone7437-imgNav\"]"}
RESULT: {"using":"xpath","value":"//*[@id=\"__item2420-__clone7437-imgNav\"]"}
COMMAND: POST /session/668384e1c1f73f3d5461b9d538daca42/elements - {"using":"xpath","value":"//*[@id=\"__item2420-__clone7437-imgNav\"]"}
RESULT: {"using":"xpath","value":"//*[@id=\"__item2420-__clone7437-imgNav\"]"}
COMMAND: POST /session/668384e1c1f73f3d5461b9d538daca42/elements - {"using":"xpath","value":"//*[@id=\"__item2420-__clone7437-imgNav\"]"}
RESULT: {"using":"xpath","value":"//*[@id=\"__item2420-__clone7437-imgNav\"]"}
COMMAND: POST /session/668384e1c1f73f3d5461b9d538daca42/elements - {"using":"xpath","value":"//*[@id=\"__item2420-__clone7437-imgNav\"]"}
RESULT: {"using":"xpath","value":"//*[@id=\"__item2420-__clone7437-imgNav\"]"}
COMMAND: POST /session/668384e1c1f73f3d5461b9d538daca42/elements - {"using":"xpath","value":"//*[@id=\"__item2420-__clone7437-imgNav\"]"}
RESULT: {"using":"xpath","value":"//*[@id=\"__item2420-__clone7437-imgNav\"]"}
COMMAND: POST /session/668384e1c1f73f3d5461b9d538daca42/elements - {"using":"xpath","value":"//*[@id=\"__item2420-__clone7437-imgNav\"]"}
RESULT: {"using":"xpath","value":"//*[@id=\"__item2420-__clone7437-imgNav\"]"}
COMMAND: POST /session/668384e1c1f73f3d5461b9d538daca42/elements - {"using":"xpath","value":"//*[@id=\"__item2420-__clone7437-imgNav\"]"}
RESULT: {"using":"xpath","value":"//*[@id=\"__item2420-__clone7437-imgNav\"]"}
COMMAND: POST /session/668384e1c1f73f3d5461b9d538daca42/elements - {"using":"xpath","value":"//*[@id=\"__item2420-__clone7437-imgNav\"]"}
RESULT: {"using":"xpath","value":"//*[@id=\"__item2420-__clone7437-imgNav\"]"}
COMMAND: POST /session/668384e1c1f73f3d5461b9d538daca42/elements - {"using":"xpath","value":"//*[@id=\"__item2420-__clone7437-imgNav\"]"}
RESULT: {"using":"xpath","value":"//*[@id=\"__item2420-__clone7437-imgNav\"]"}
COMMAND: POST /session/668384e1c1f73f3d5461b9d538daca42/elements - {"using":"xpath","value":"//*[@id=\"__item2420-__clone7437-imgNav\"]"}
RESULT: {"using":"xpath","value":"//*[@id=\"__item2420-__clone7437-imgNav\"]"}
COMMAND: POST /session/668384e1c1f73f3d5461b9d538daca42/elements - {"using":"xpath","value":"//*[@id=\"__item2420-__clone7437-imgNav\"]"}
RESULT: {"using":"xpath","value":"//*[@id=\"__item2420-__clone7437-imgNav\"]"}
COMMAND: POST /session/668384e1c1f73f3d5461b9d538daca42/elements - {"using":"xpath","value":"//*[@id=\"__item2420-__clone7437-imgNav\"]"}
RESULT: {"using":"xpath","value":"//*[@id=\"__item2420-__clone7437-imgNav\"]"}
COMMAND: POST /session/668384e1c1f73f3d5461b9d538daca42/elements - {"using":"xpath","value":"//*[@id=\"__item2420-__clone7437-imgNav\"]"}
RESULT: {"using":"xpath","value":"//*[@id=\"__item2420-__clone7437-imgNav\"]"}
COMMAND: POST /session/668384e1c1f73f3d5461b9d538daca42/elements - {"using":"xpath","value":"//*[@id=\"__item2420-__clone7437-imgNav\"]"}
RESULT: {"using":"xpath","value":"//*[@id=\"__item2420-__clone7437-imgNav\"]"}
COMMAND: POST /session/668384e1c1f73f3d5461b9d538daca42/elements - {"using":"xpath","value":"//*[@id=\"__item2420-__clone7437-imgNav\"]"}
RESULT: {"using":"xpath","value":"//*[@id=\"__item2420-__clone7437-imgNav\"]"}
COMMAND: POST /session/668384e1c1f73f3d5461b9d538daca42/elements - {"using":"xpath","value":"//*[@id=\"__item2420-__clone7437-imgNav\"]"}
RESULT: {"using":"xpath","value":"//*[@id=\"__item2420-__clone7437-imgNav\"]"}
COMMAND: POST /session/668384e1c1f73f3d5461b9d538daca42/elements - {"using":"xpath","value":"//*[@id=\"__item2420-__clone7437-imgNav\"]"}
RESULT: {"using":"xpath","value":"//*[@id=\"__item2420-__clone7437-imgNav\"]"}
COMMAND: POST /session/668384e1c1f73f3d5461b9d538daca42/elements - {"using":"xpath","value":"//*[@id=\"__item2420-__clone7437-imgNav\"]"}
RESULT: {"using":"xpath","value":"//*[@id=\"__item2420-__clone7437-imgNav\"]"}
COMMAND: POST /session/668384e1c1f73f3d5461b9d538daca42/elements - {"using":"xpath","value":"//*[@id=\"__item2420-__clone7437-imgNav\"]"}
RESULT: {"using":"xpath","value":"//*[@id=\"__item2420-__clone7437-imgNav\"]"}
COMMAND: POST /session/668384e1c1f73f3d5461b9d538daca42/elements - {"using":"xpath","value":"//*[@id=\"__item2420-__clone7437-imgNav\"]"}
RESULT: {"using":"xpath","value":"//*[@id=\"__item2420-__clone7437-imgNav\"]"}
COMMAND: POST /session/668384e1c1f73f3d5461b9d538daca42/elements - {"using":"xpath","value":"//*[@id=\"__item2420-__clone7437-imgNav\"]"}
RESULT: {"using":"xpath","value":"//*[@id=\"__item2420-__clone7437-imgNav\"]"}
COMMAND: POST /session/668384e1c1f73f3d5461b9d538daca42/elements - {"using":"xpath","value":"//*[@id=\"__item2420-__clone7437-imgNav\"]"}
RESULT: {"using":"xpath","value":"//*[@id=\"__item2420-__clone7437-imgNav\"]"}
COMMAND: POST /session/668384e1c1f73f3d5461b9d538daca42/elements - {"using":"xpath","value":"//*[@id=\"__item2420-__clone7437-imgNav\"]"}
RESULT: {"using":"xpath","value":"//*[@id=\"__item2420-__clone7437-imgNav\"]"}
COMMAND: POST /session/668384e1c1f73f3d5461b9d538daca42/elements - {"using":"xpath","value":"//*[@id=\"__item2420-__clone7437-imgNav\"]"}
RESULT: {"using":"xpath","value":"//*[@id=\"__item2420-__clone7437-imgNav\"]"}
COMMAND: POST /session/668384e1c1f73f3d5461b9d538daca42/elements - {"using":"xpath","value":"//*[@id=\"__item2420-__clone7437-imgNav\"]"}
RESULT: {"using":"xpath","value":"//*[@id=\"__item2420-__clone7437-imgNav\"]"}
COMMAND: POST /session/668384e1c1f73f3d5461b9d538daca42/elements - {"using":"xpath","value":"//*[@id=\"__item2420-__clone7437-imgNav\"]"}
RESULT: {"using":"xpath","value":"//*[@id=\"__item2420-__clone7437-imgNav\"]"}
COMMAND: POST /session/668384e1c1f73f3d5461b9d538daca42/elements - {"using":"xpath","value":"//*[@id=\"__item2420-__clone7437-imgNav\"]"}
RESULT: {"using":"xpath","value":"//*[@id=\"__item2420-__clone7437-imgNav\"]"}
COMMAND: POST /session/668384e1c1f73f3d5461b9d538daca42/elements - {"using":"xpath","value":"//*[@id=\"__item2420-__clone7437-imgNav\"]"}
RESULT: {"using":"xpath","value":"//*[@id=\"__item2420-__clone7437-imgNav\"]"}
COMMAND: POST /session/668384e1c1f73f3d5461b9d538daca42/elements - {"using":"xpath","value":"//*[@id=\"__item2420-__clone7437-imgNav\"]"}
RESULT: {"using":"xpath","value":"//*[@id=\"__item2420-__clone7437-imgNav\"]"}
COMMAND: POST /session/668384e1c1f73f3d5461b9d538daca42/elements - {"using":"xpath","value":"//*[@id=\"__item2420-__clone7437-imgNav\"]"}
RESULT: {"using":"xpath","value":"//*[@id=\"__item2420-__clone7437-imgNav\"]"}
COMMAND: POST /session/668384e1c1f73f3d5461b9d538daca42/elements - {"using":"xpath","value":"//*[@id=\"__item2420-__clone7437-imgNav\"]"}
RESULT: {"using":"xpath","value":"//*[@id=\"__item2420-__clone7437-imgNav\"]"}
COMMAND: POST /session/668384e1c1f73f3d5461b9d538daca42/elements - {"using":"xpath","value":"//*[@id=\"__item2420-__clone7437-imgNav\"]"}
RESULT: {"using":"xpath","value":"//*[@id=\"__item2420-__clone7437-imgNav\"]"}
COMMAND: POST /session/668384e1c1f73f3d5461b9d538daca42/elements - {"using":"xpath","value":"//*[@id=\"__item2420-__clone7437-imgNav\"]"}
RESULT: {"using":"xpath","value":"//*[@id=\"__item2420-__clone7437-imgNav\"]"}
COMMAND: POST /session/668384e1c1f73f3d5461b9d538daca42/elements - {"using":"xpath","value":"//*[@id=\"__item2420-__clone7437-imgNav\"]"}
RESULT: {"using":"xpath","value":"//*[@id=\"__item2420-__clone7437-imgNav\"]"}
COMMAND: POST /session/668384e1c1f73f3d5461b9d538daca42/elements - {"using":"xpath","value":"//*[@id=\"__item2420-__clone7437-imgNav\"]"}
RESULT: {"using":"xpath","value":"//*[@id=\"__item2420-__clone7437-imgNav\"]"}
COMMAND: POST /session/668384e1c1f73f3d5461b9d538daca42/elements - {"using":"xpath","value":"//*[@id=\"__item2420-__clone7437-imgNav\"]"}
RESULT: {"using":"xpath","value":"//*[@id=\"__item2420-__clone7437-imgNav\"]"}
COMMAND: POST /session/668384e1c1f73f3d5461b9d538daca42/elements - {"using":"xpath","value":"//*[@id=\"__item2420-__clone7437-imgNav\"]"}
RESULT: {"using":"xpath","value":"//*[@id=\"__item2420-__clone7437-imgNav\"]"}
COMMAND: POST /session/668384e1c1f73f3d5461b9d538daca42/elements - {"using":"xpath","value":"//*[@id=\"__item2420-__clone7437-imgNav\"]"}
RESULT: {"using":"xpath","value":"//*[@id=\"__item2420-__clone7437-imgNav\"]"}
COMMAND: POST /session/668384e1c1f73f3d5461b9d538daca42/elements - {"using":"xpath","value":"//*[@id=\"__item2420-__clone7437-imgNav\"]"}
RESULT: {"using":"xpath","value":"//*[@id=\"__item2420-__clone7437-imgNav\"]"}
COMMAND: POST /session/668384e1c1f73f3d5461b9d538daca42/elements - {"using":"xpath","value":"//*[@id=\"__item2420-__clone7437-imgNav\"]"}
RESULT: {"using":"xpath","value":"//*[@id=\"__item2420-__clone7437-imgNav\"]"}
COMMAND: POST /session/668384e1c1f73f3d5461b9d538daca42/elements - {"using":"xpath","value":"//*[@id=\"__item2420-__clone7437-imgNav\"]"}
RESULT: {"using":"xpath","value":"//*[@id=\"__item2420-__clone7437-imgNav\"]"}
COMMAND: POST /session/668384e1c1f73f3d5461b9d538daca42/elements - {"using":"xpath","value":"//*[@id=\"__item2420-__clone7437-imgNav\"]"}
RESULT: {"using":"xpath","value":"//*[@id=\"__item2420-__clone7437-imgNav\"]"}
COMMAND: POST /session/668384e1c1f73f3d5461b9d538daca42/elements - {"using":"xpath","value":"//*[@id=\"__item2420-__clone7437-imgNav\"]"}
RESULT: {"using":"xpath","value":"//*[@id=\"__item2420-__clone7437-imgNav\"]"}
COMMAND: POST /session/668384e1c1f73f3d5461b9d538daca42/elements - {"using":"xpath","value":"//*[@id=\"__item2420-__clone7437-imgNav\"]"}
RESULT: {"using":"xpath","value":"//*[@id=\"__item2420-__clone7437-imgNav\"]"}
COMMAND: POST /session/668384e1c1f73f3d5461b9d538daca42/elements - {"using":"xpath","value":"//*[@id=\"__item2420-__clone7437-imgNav\"]"}
RESULT: {"using":"xpath","value":"//*[@id=\"__item2420-__clone7437-imgNav\"]"}
COMMAND: POST /session/668384e1c1f73f3d5461b9d538daca42/elements - {"using":"xpath","value":"//*[@id=\"__item2420-__clone7437-imgNav\"]"}
RESULT: {"using":"xpath","value":"//*[@id=\"__item2420-__clone7437-imgNav\"]"}
COMMAND: POST /session/668384e1c1f73f3d5461b9d538daca42/elements - {"using":"xpath","value":"//*[@id=\"__item2420-__clone7437-imgNav\"]"}
RESULT: {"using":"xpath","value":"//*[@id=\"__item2420-__clone7437-imgNav\"]"}
COMMAND: POST /session/668384e1c1f73f3d5461b9d538daca42/elements - {"using":"xpath","value":"//*[@id=\"__item2420-__clone7437-imgNav\"]"}
RESULT: {"using":"xpath","value":"//*[@id=\"__item2420-__clone7437-imgNav\"]"}
COMMAND: POST /session/668384e1c1f73f3d5461b9d538daca42/elements - {"using":"xpath","value":"//*[@id=\"__item2420-__clone7437-imgNav\"]"}
RESULT: {"using":"xpath","value":"//*[@id=\"__item2420-__clone7437-imgNav\"]"}
COMMAND: POST /session/668384e1c1f73f3d5461b9d538daca42/elements - {"using":"xpath","value":"//*[@id=\"__item2420-__clone7437-imgNav\"]"}
RESULT: {"using":"xpath","value":"//*[@id=\"__item2420-__clone7437-imgNav\"]"}
COMMAND: POST /session/668384e1c1f73f3d5461b9d538daca42/elements - {"using":"xpath","value":"//*[@id=\"__item2420-__clone7437-imgNav\"]"}
RESULT: {"using":"xpath","value":"//*[@id=\"__item2420-__clone7437-imgNav\"]"}
COMMAND: POST /session/668384e1c1f73f3d5461b9d538daca42/elements - {"using":"xpath","value":"//*[@id=\"__item2420-__clone7437-imgNav\"]"}
RESULT: {"using":"xpath","value":"//*[@id=\"__item2420-__clone7437-imgNav\"]"}
COMMAND: POST /session/668384e1c1f73f3d5461b9d538daca42/elements - {"using":"xpath","value":"//*[@id=\"__item2420-__clone7437-imgNav\"]"}
RESULT: {"using":"xpath","value":"//*[@id=\"__item2420-__clone7437-imgNav\"]"}
COMMAND: POST /session/668384e1c1f73f3d5461b9d538daca42/elements - {"using":"xpath","value":"//*[@id=\"__item2420-__clone7437-imgNav\"]"}
RESULT: {"using":"xpath","value":"//*[@id=\"__item2420-__clone7437-imgNav\"]"}
COMMAND: POST /session/668384e1c1f73f3d5461b9d538daca42/elements - {"using":"xpath","value":"//*[@id=\"__item2420-__clone7437-imgNav\"]"}
RESULT: {"using":"xpath","value":"//*[@id=\"__item2420-__clone7437-imgNav\"]"}
COMMAND: POST /session/668384e1c1f73f3d5461b9d538daca42/elements - {"using":"xpath","value":"//*[@id=\"__item2420-__clone7437-imgNav\"]"}
RESULT: {"using":"xpath","value":"//*[@id=\"__item2420-__clone7437-imgNav\"]"}
COMMAND: POST /session/668384e1c1f73f3d5461b9d538daca42/elements - {"using":"xpath","value":"//*[@id=\"__item2420-__clone7437-imgNav\"]"}
RESULT: {"using":"xpath","value":"//*[@id=\"__item2420-__clone7437-imgNav\"]"}
COMMAND: POST /session/668384e1c1f73f3d5461b9d538daca42/elements - {"using":"xpath","value":"//*[@id=\"__item2420-__clone7437-imgNav\"]"}
RESULT: {"using":"xpath","value":"//*[@id=\"__item2420-__clone7437-imgNav\"]"}
COMMAND: POST /session/668384e1c1f73f3d5461b9d538daca42/elements - {"using":"xpath","value":"//*[@id=\"__item2420-__clone7437-imgNav\"]"}
RESULT: {"using":"xpath","value":"//*[@id=\"__item2420-__clone7437-imgNav\"]"}
COMMAND: POST /session/668384e1c1f73f3d5461b9d538daca42/elements - {"using":"xpath","value":"//*[@id=\"__item2420-__clone7437-imgNav\"]"}
RESULT: {"using":"xpath","value":"//*[@id=\"__item2420-__clone7437-imgNav\"]"}
COMMAND: POST /session/668384e1c1f73f3d5461b9d538daca42/elements - {"using":"xpath","value":"//*[@id=\"__item2420-__clone7437-imgNav\"]"}
RESULT: {"using":"xpath","value":"//*[@id=\"__item2420-__clone7437-imgNav\"]"}
COMMAND: POST /session/668384e1c1f73f3d5461b9d538daca42/elements - {"using":"xpath","value":"//*[@id=\"__item2420-__clone7437-imgNav\"]"}
RESULT: {"using":"xpath","value":"//*[@id=\"__item2420-__clone7437-imgNav\"]"}
COMMAND: POST /session/668384e1c1f73f3d5461b9d538daca42/elements - {"using":"xpath","value":"//*[@id=\"__item2420-__clone7437-imgNav\"]"}
RESULT: {"using":"xpath","value":"//*[@id=\"__item2420-__clone7437-imgNav\"]"}
COMMAND: POST /session/668384e1c1f73f3d5461b9d538daca42/elements - {"using":"xpath","value":"//*[@id=\"__item2420-__clone7437-imgNav\"]"}
RESULT: {"using":"xpath","value":"//*[@id=\"__item2420-__clone7437-imgNav\"]"}
COMMAND: POST /session/668384e1c1f73f3d5461b9d538daca42/elements - {"using":"xpath","value":"//*[@id=\"__item2420-__clone7437-imgNav\"]"}
RESULT: {"using":"xpath","value":"//*[@id=\"__item2420-__clone7437-imgNav\"]"}
COMMAND: POST /session/668384e1c1f73f3d5461b9d538daca42/elements - {"using":"xpath","value":"//*[@id=\"__item2420-__clone7437-imgNav\"]"}
RESULT: {"using":"xpath","value":"//*[@id=\"__item2420-__clone7437-imgNav\"]"}
COMMAND: POST /session/668384e1c1f73f3d5461b9d538daca42/elements - {"using":"xpath","value":"//*[@id=\"__item2420-__clone7437-imgNav\"]"}
RESULT: {"using":"xpath","value":"//*[@id=\"__item2420-__clone7437-imgNav\"]"}
COMMAND: POST /session/668384e1c1f73f3d5461b9d538daca42/elements - {"using":"xpath","value":"//*[@id=\"__item2420-__clone7437-imgNav\"]"}
RESULT: {"using":"xpath","value":"//*[@id=\"__item2420-__clone7437-imgNav\"]"}
COMMAND: POST /session/668384e1c1f73f3d5461b9d538daca42/elements - {"using":"xpath","value":"//*[@id=\"__item2420-__clone7437-imgNav\"]"}
RESULT: {"using":"xpath","value":"//*[@id=\"__item2420-__clone7437-imgNav\"]"}
COMMAND: POST /session/668384e1c1f73f3d5461b9d538daca42/elements - {"using":"xpath","value":"//*[@id=\"__item2420-__clone7437-imgNav\"]"}
RESULT: {"using":"xpath","value":"//*[@id=\"__item2420-__clone7437-imgNav\"]"}
COMMAND: POST /session/668384e1c1f73f3d5461b9d538daca42/elements - {"using":"xpath","value":"//*[@id=\"__item2420-__clone7437-imgNav\"]"}
RESULT: {"using":"xpath","value":"//*[@id=\"__item2420-__clone7437-imgNav\"]"}
COMMAND: POST /session/668384e1c1f73f3d5461b9d538daca42/elements - {"using":"xpath","value":"//*[@id=\"__item2420-__clone7437-imgNav\"]"}
RESULT: {"using":"xpath","value":"//*[@id=\"__item2420-__clone7437-imgNav\"]"}
COMMAND: POST /session/668384e1c1f73f3d5461b9d538daca42/elements - {"using":"xpath","value":"//*[@id=\"__item2420-__clone7437-imgNav\"]"}
RESULT: {"using":"xpath","value":"//*[@id=\"__item2420-__clone7437-imgNav\"]"}
COMMAND: POST /session/668384e1c1f73f3d5461b9d538daca42/elements - {"using":"xpath","value":"//*[@id=\"__item2420-__clone7437-imgNav\"]"}
RESULT: {"using":"xpath","value":"//*[@id=\"__item2420-__clone7437-imgNav\"]"}
COMMAND: POST /session/668384e1c1f73f3d5461b9d538daca42/elements - {"using":"xpath","value":"//*[@id=\"__item2420-__clone7437-imgNav\"]"}
RESULT: {"using":"xpath","value":"//*[@id=\"__item2420-__clone7437-imgNav\"]"}
COMMAND: POST /session/668384e1c1f73f3d5461b9d538daca42/elements - {"using":"xpath","value":"//*[@id=\"__item2420-__clone7437-imgNav\"]"}
RESULT: {"using":"xpath","value":"//*[@id=\"__item2420-__clone7437-imgNav\"]"}
COMMAND: POST /session/668384e1c1f73f3d5461b9d538daca42/elements - {"using":"xpath","value":"//*[@id=\"__item2420-__clone7437-imgNav\"]"}
RESULT: {"using":"xpath","value":"//*[@id=\"__item2420-__clone7437-imgNav\"]"}
COMMAND: POST /session/668384e1c1f73f3d5461b9d538daca42/elements - {"using":"xpath","value":"//*[@id=\"__item2420-__clone7437-imgNav\"]"}
RESULT: {"using":"xpath","value":"//*[@id=\"__item2420-__clone7437-imgNav\"]"}
COMMAND: POST /session/668384e1c1f73f3d5461b9d538daca42/elements - {"using":"xpath","value":"//*[@id=\"__item2420-__clone7437-imgNav\"]"}
RESULT: {"using":"xpath","value":"//*[@id=\"__item2420-__clone7437-imgNav\"]"}
COMMAND: POST /session/668384e1c1f73f3d5461b9d538daca42/elements - {"using":"xpath","value":"//*[@id=\"__item2420-__clone7437-imgNav\"]"}
RESULT: {"using":"xpath","value":"//*[@id=\"__item2420-__clone7437-imgNav\"]"}
COMMAND: POST /session/668384e1c1f73f3d5461b9d538daca42/elements - {"using":"xpath","value":"//*[@id=\"__item2420-__clone7437-imgNav\"]"}
RESULT: {"using":"xpath","value":"//*[@id=\"__item2420-__clone7437-imgNav\"]"}
COMMAND: POST /session/668384e1c1f73f3d5461b9d538daca42/elements - {"using":"xpath","value":"//*[@id=\"__item2420-__clone7437-imgNav\"]"}
RESULT: {"using":"xpath","value":"//*[@id=\"__item2420-__clone7437-imgNav\"]"}
COMMAND: POST /session/668384e1c1f73f3d5461b9d538daca42/execute/async - {"script":"<script> [1562 bytes]","args":[{"selector":{"id":"instructionsTabFilter","viewName":"etm.portal.ui.managehandovers.view.DetailExecuteHO","interaction":{"idSuffix":"text"}},"wdio_ui5_key":"instructionsTabFilteretmportal.ui.managehandovers.view.DetailExecuteHO"}]}
RESULT: {"script":"<script> [1562 bytes]","args":[{"selector":{"id":"instructionsTabFilter","viewName":"etm.portal.ui.managehandovers.view.DetailExecuteHO","interaction":{"idSuffix":"text"}},"wdio_ui5_key":"instructionsTabFilteretmportal.ui.managehandovers.view.DetailExecuteHO"}]}
RESULT: undefined
RESULT: undefined
COMMAND: POST /session/668384e1c1f73f3d5461b9d538daca42/execute/async - {"script":"<script> [1562 bytes]","args":[{"selector":{"controlType":"sap.m.ComboBox","viewName":"etm.portal.ui.managehandovers.view.DetailExecuteHO","bindingPath":{"propertyPath":"RECEIVING_SECTION","modelName":"catalogModel"},"interaction":{"idSuffix":"inner"}},"wdio_ui5_key":"etmportal.ui.managehandovers.view.DetailExecuteHOsap.m.ComboBox{\"propertyPath\":\"RECEIVING_SECTION\",\"modelName\":\"catalogModel\"}"}]}
RESULT: {"script":"<script> [1562 bytes]","args":[{"selector":{"controlType":"sap.m.ComboBox","viewName":"etm.portal.ui.managehandovers.view.DetailExecuteHO","bindingPath":{"propertyPath":"RECEIVING_SECTION","modelName":"catalogModel"},"interaction":{"idSuffix":"inner"}},"wdio_ui5_key":"etmportal.ui.managehandovers.view.DetailExecuteHOsap.m.ComboBox{\"propertyPath\":\"RECEIVING_SECTION\",\"modelName\":\"catalogModel\"}"}]}
RESULT: undefined
COMMAND: POST /session/668384e1c1f73f3d5461b9d538daca42/actions - {"actions":[{"id":"action68","type":"key","parameters":{},"actions":[{"type":"keyDown","value":"î€‡"},{"type":"pause","duration":10},{"type":"keyUp","value":"î€‡"}]}]}
RESULT: {"actions":[{"id":"action68","type":"key","parameters":{},"actions":[{"type":"keyDown","value":"î€‡"},{"type":"pause","duration":10},{"type":"keyUp","value":"î€‡"}]}]}
COMMAND: GET /session/668384e1c1f73f3d5461b9d538daca42/screenshot - {}
RESULT: {}
COMMAND: POST /session/668384e1c1f73f3d5461b9d538daca42/execute/async - {"script":"<script> [1562 bytes]","args":[{"selector":{"id":"confirmationButton","viewName":"etm.portal.ui.managehandovers.view.DetailExecuteHO","properties":{"text":"Receive"},"interaction":{"idSuffix":"BDI-content"}},"wdio_ui5_key":"confirmationButtonetmportal.ui.managehandovers.view.DetailExecuteHO{\"text\":\"Receive\"}"}]}
RESULT: {"script":"<script> [1562 bytes]","args":[{"selector":{"id":"confirmationButton","viewName":"etm.portal.ui.managehandovers.view.DetailExecuteHO","properties":{"text":"Receive"},"interaction":{"idSuffix":"BDI-content"}},"wdio_ui5_key":"confirmationButtonetmportal.ui.managehandovers.view.DetailExecuteHO{\"text\":\"Receive\"}"}]}
RESULT: undefined
COMMAND: POST /session/668384e1c1f73f3d5461b9d538daca42/execute/async - {"script":"<script> [1562 bytes]","args":[{"selector":{"controlType":"sap.m.Button","properties":{"text":"Continue"},"searchOpenDialogs":true,"interaction":{"idSuffix":"content"}},"wdio_ui5_key":"sapm.Button{\"text\":\"Continue\"}"}]}
RESULT: {"script":"<script> [1562 bytes]","args":[{"selector":{"controlType":"sap.m.Button","properties":{"text":"Continue"},"searchOpenDialogs":true,"interaction":{"idSuffix":"content"}},"wdio_ui5_key":"sapm.Button{\"text\":\"Continue\"}"}]}
RESULT: undefined
]]></system-out>
    </testcase>
    <testcase classname="chrome.135_0_7049_96.windows.Provide_to_Site_w/o_warehouse_management_w_clarification" name="Should test for Clarification" time="89.969">
      <system-out><![CDATA[
RESULT: undefined
COMMAND: POST /session/668384e1c1f73f3d5461b9d538daca42/element - {"using":"xpath","value":"//*[@id=\"__tile131\"]"}
RESULT: {"using":"xpath","value":"//*[@id=\"__tile131\"]"}
COMMAND: POST /session/668384e1c1f73f3d5461b9d538daca42/element/f.F64AD31729AEE402AD374BC91D68D115.d.FF3B6F5C75AFA0DFF4B6BF6949D321C0.e.12091/click - {}
RESULT: undefined
COMMAND: POST /session/668384e1c1f73f3d5461b9d538daca42/execute/async - {"script":"<script> [776 bytes]","args":[{"enterText":"30336","selector":{"controlType":"sap.m.SearchField","viewName":"etm.portal.ui.managehandovers.view.MasterHO","bindingPath":{"propertyPath":"/_BASIC_SEARCH_FIELD","modelName":"fi1t3rM0d31"},"interaction":{"idSuffix":"I"}},"clearTextFirst":true,"interactionType":"ENTER_TEXT"}]}
RESULT: {"script":"<script> [776 bytes]","args":[{"enterText":"30336","selector":{"controlType":"sap.m.SearchField","viewName":"etm.portal.ui.managehandovers.view.MasterHO","bindingPath":{"propertyPath":"/_BASIC_SEARCH_FIELD","modelName":"fi1t3rM0d31"},"interaction":{"idSuffix":"I"}},"clearTextFirst":true,"interactionType":"ENTER_TEXT"}]}
COMMAND: POST /session/668384e1c1f73f3d5461b9d538daca42/actions - {"actions":[{"id":"action69","type":"key","parameters":{},"actions":[{"type":"keyDown","value":"î€‡"},{"type":"pause","duration":10},{"type":"keyUp","value":"î€‡"}]}]}
RESULT: {"actions":[{"id":"action69","type":"key","parameters":{},"actions":[{"type":"keyDown","value":"î€‡"},{"type":"pause","duration":10},{"type":"keyUp","value":"î€‡"}]}]}
COMMAND: GET /session/668384e1c1f73f3d5461b9d538daca42/screenshot - {}
RESULT: {}
RESULT: undefined
COMMAND: POST /session/668384e1c1f73f3d5461b9d538daca42/element - {"using":"xpath","value":"//*[@id=\"__item2420-__clone7437-imgNav\"]"}
RESULT: {"using":"xpath","value":"//*[@id=\"__item2420-__clone7437-imgNav\"]"}
COMMAND: POST /session/668384e1c1f73f3d5461b9d538daca42/elements - {"using":"xpath","value":"//*[@id=\"__item2420-__clone7437-imgNav\"]"}
RESULT: {"using":"xpath","value":"//*[@id=\"__item2420-__clone7437-imgNav\"]"}
COMMAND: POST /session/668384e1c1f73f3d5461b9d538daca42/elements - {"using":"xpath","value":"//*[@id=\"__item2420-__clone7437-imgNav\"]"}
RESULT: {"using":"xpath","value":"//*[@id=\"__item2420-__clone7437-imgNav\"]"}
COMMAND: POST /session/668384e1c1f73f3d5461b9d538daca42/elements - {"using":"xpath","value":"//*[@id=\"__item2420-__clone7437-imgNav\"]"}
RESULT: {"using":"xpath","value":"//*[@id=\"__item2420-__clone7437-imgNav\"]"}
COMMAND: POST /session/668384e1c1f73f3d5461b9d538daca42/elements - {"using":"xpath","value":"//*[@id=\"__item2420-__clone7437-imgNav\"]"}
RESULT: {"using":"xpath","value":"//*[@id=\"__item2420-__clone7437-imgNav\"]"}
COMMAND: POST /session/668384e1c1f73f3d5461b9d538daca42/elements - {"using":"xpath","value":"//*[@id=\"__item2420-__clone7437-imgNav\"]"}
RESULT: {"using":"xpath","value":"//*[@id=\"__item2420-__clone7437-imgNav\"]"}
COMMAND: POST /session/668384e1c1f73f3d5461b9d538daca42/elements - {"using":"xpath","value":"//*[@id=\"__item2420-__clone7437-imgNav\"]"}
RESULT: {"using":"xpath","value":"//*[@id=\"__item2420-__clone7437-imgNav\"]"}
COMMAND: POST /session/668384e1c1f73f3d5461b9d538daca42/elements - {"using":"xpath","value":"//*[@id=\"__item2420-__clone7437-imgNav\"]"}
RESULT: {"using":"xpath","value":"//*[@id=\"__item2420-__clone7437-imgNav\"]"}
COMMAND: POST /session/668384e1c1f73f3d5461b9d538daca42/elements - {"using":"xpath","value":"//*[@id=\"__item2420-__clone7437-imgNav\"]"}
RESULT: {"using":"xpath","value":"//*[@id=\"__item2420-__clone7437-imgNav\"]"}
COMMAND: POST /session/668384e1c1f73f3d5461b9d538daca42/elements - {"using":"xpath","value":"//*[@id=\"__item2420-__clone7437-imgNav\"]"}
RESULT: {"using":"xpath","value":"//*[@id=\"__item2420-__clone7437-imgNav\"]"}
COMMAND: POST /session/668384e1c1f73f3d5461b9d538daca42/elements - {"using":"xpath","value":"//*[@id=\"__item2420-__clone7437-imgNav\"]"}
RESULT: {"using":"xpath","value":"//*[@id=\"__item2420-__clone7437-imgNav\"]"}
COMMAND: POST /session/668384e1c1f73f3d5461b9d538daca42/elements - {"using":"xpath","value":"//*[@id=\"__item2420-__clone7437-imgNav\"]"}
RESULT: {"using":"xpath","value":"//*[@id=\"__item2420-__clone7437-imgNav\"]"}
COMMAND: POST /session/668384e1c1f73f3d5461b9d538daca42/elements - {"using":"xpath","value":"//*[@id=\"__item2420-__clone7437-imgNav\"]"}
RESULT: {"using":"xpath","value":"//*[@id=\"__item2420-__clone7437-imgNav\"]"}
COMMAND: POST /session/668384e1c1f73f3d5461b9d538daca42/elements - {"using":"xpath","value":"//*[@id=\"__item2420-__clone7437-imgNav\"]"}
RESULT: {"using":"xpath","value":"//*[@id=\"__item2420-__clone7437-imgNav\"]"}
COMMAND: POST /session/668384e1c1f73f3d5461b9d538daca42/elements - {"using":"xpath","value":"//*[@id=\"__item2420-__clone7437-imgNav\"]"}
RESULT: {"using":"xpath","value":"//*[@id=\"__item2420-__clone7437-imgNav\"]"}
COMMAND: POST /session/668384e1c1f73f3d5461b9d538daca42/elements - {"using":"xpath","value":"//*[@id=\"__item2420-__clone7437-imgNav\"]"}
RESULT: {"using":"xpath","value":"//*[@id=\"__item2420-__clone7437-imgNav\"]"}
COMMAND: POST /session/668384e1c1f73f3d5461b9d538daca42/elements - {"using":"xpath","value":"//*[@id=\"__item2420-__clone7437-imgNav\"]"}
RESULT: {"using":"xpath","value":"//*[@id=\"__item2420-__clone7437-imgNav\"]"}
COMMAND: POST /session/668384e1c1f73f3d5461b9d538daca42/elements - {"using":"xpath","value":"//*[@id=\"__item2420-__clone7437-imgNav\"]"}
RESULT: {"using":"xpath","value":"//*[@id=\"__item2420-__clone7437-imgNav\"]"}
COMMAND: POST /session/668384e1c1f73f3d5461b9d538daca42/elements - {"using":"xpath","value":"//*[@id=\"__item2420-__clone7437-imgNav\"]"}
RESULT: {"using":"xpath","value":"//*[@id=\"__item2420-__clone7437-imgNav\"]"}
COMMAND: POST /session/668384e1c1f73f3d5461b9d538daca42/elements - {"using":"xpath","value":"//*[@id=\"__item2420-__clone7437-imgNav\"]"}
RESULT: {"using":"xpath","value":"//*[@id=\"__item2420-__clone7437-imgNav\"]"}
COMMAND: POST /session/668384e1c1f73f3d5461b9d538daca42/elements - {"using":"xpath","value":"//*[@id=\"__item2420-__clone7437-imgNav\"]"}
RESULT: {"using":"xpath","value":"//*[@id=\"__item2420-__clone7437-imgNav\"]"}
COMMAND: POST /session/668384e1c1f73f3d5461b9d538daca42/elements - {"using":"xpath","value":"//*[@id=\"__item2420-__clone7437-imgNav\"]"}
RESULT: {"using":"xpath","value":"//*[@id=\"__item2420-__clone7437-imgNav\"]"}
COMMAND: POST /session/668384e1c1f73f3d5461b9d538daca42/elements - {"using":"xpath","value":"//*[@id=\"__item2420-__clone7437-imgNav\"]"}
RESULT: {"using":"xpath","value":"//*[@id=\"__item2420-__clone7437-imgNav\"]"}
COMMAND: POST /session/668384e1c1f73f3d5461b9d538daca42/elements - {"using":"xpath","value":"//*[@id=\"__item2420-__clone7437-imgNav\"]"}
RESULT: {"using":"xpath","value":"//*[@id=\"__item2420-__clone7437-imgNav\"]"}
COMMAND: POST /session/668384e1c1f73f3d5461b9d538daca42/elements - {"using":"xpath","value":"//*[@id=\"__item2420-__clone7437-imgNav\"]"}
RESULT: {"using":"xpath","value":"//*[@id=\"__item2420-__clone7437-imgNav\"]"}
COMMAND: POST /session/668384e1c1f73f3d5461b9d538daca42/elements - {"using":"xpath","value":"//*[@id=\"__item2420-__clone7437-imgNav\"]"}
RESULT: {"using":"xpath","value":"//*[@id=\"__item2420-__clone7437-imgNav\"]"}
COMMAND: POST /session/668384e1c1f73f3d5461b9d538daca42/elements - {"using":"xpath","value":"//*[@id=\"__item2420-__clone7437-imgNav\"]"}
RESULT: {"using":"xpath","value":"//*[@id=\"__item2420-__clone7437-imgNav\"]"}
COMMAND: POST /session/668384e1c1f73f3d5461b9d538daca42/elements - {"using":"xpath","value":"//*[@id=\"__item2420-__clone7437-imgNav\"]"}
RESULT: {"using":"xpath","value":"//*[@id=\"__item2420-__clone7437-imgNav\"]"}
COMMAND: POST /session/668384e1c1f73f3d5461b9d538daca42/elements - {"using":"xpath","value":"//*[@id=\"__item2420-__clone7437-imgNav\"]"}
RESULT: {"using":"xpath","value":"//*[@id=\"__item2420-__clone7437-imgNav\"]"}
COMMAND: POST /session/668384e1c1f73f3d5461b9d538daca42/elements - {"using":"xpath","value":"//*[@id=\"__item2420-__clone7437-imgNav\"]"}
RESULT: {"using":"xpath","value":"//*[@id=\"__item2420-__clone7437-imgNav\"]"}
COMMAND: POST /session/668384e1c1f73f3d5461b9d538daca42/elements - {"using":"xpath","value":"//*[@id=\"__item2420-__clone7437-imgNav\"]"}
RESULT: {"using":"xpath","value":"//*[@id=\"__item2420-__clone7437-imgNav\"]"}
COMMAND: POST /session/668384e1c1f73f3d5461b9d538daca42/elements - {"using":"xpath","value":"//*[@id=\"__item2420-__clone7437-imgNav\"]"}
RESULT: {"using":"xpath","value":"//*[@id=\"__item2420-__clone7437-imgNav\"]"}
COMMAND: POST /session/668384e1c1f73f3d5461b9d538daca42/elements - {"using":"xpath","value":"//*[@id=\"__item2420-__clone7437-imgNav\"]"}
RESULT: {"using":"xpath","value":"//*[@id=\"__item2420-__clone7437-imgNav\"]"}
COMMAND: POST /session/668384e1c1f73f3d5461b9d538daca42/elements - {"using":"xpath","value":"//*[@id=\"__item2420-__clone7437-imgNav\"]"}
RESULT: {"using":"xpath","value":"//*[@id=\"__item2420-__clone7437-imgNav\"]"}
COMMAND: POST /session/668384e1c1f73f3d5461b9d538daca42/elements - {"using":"xpath","value":"//*[@id=\"__item2420-__clone7437-imgNav\"]"}
RESULT: {"using":"xpath","value":"//*[@id=\"__item2420-__clone7437-imgNav\"]"}
COMMAND: POST /session/668384e1c1f73f3d5461b9d538daca42/elements - {"using":"xpath","value":"//*[@id=\"__item2420-__clone7437-imgNav\"]"}
RESULT: {"using":"xpath","value":"//*[@id=\"__item2420-__clone7437-imgNav\"]"}
COMMAND: POST /session/668384e1c1f73f3d5461b9d538daca42/elements - {"using":"xpath","value":"//*[@id=\"__item2420-__clone7437-imgNav\"]"}
RESULT: {"using":"xpath","value":"//*[@id=\"__item2420-__clone7437-imgNav\"]"}
COMMAND: POST /session/668384e1c1f73f3d5461b9d538daca42/elements - {"using":"xpath","value":"//*[@id=\"__item2420-__clone7437-imgNav\"]"}
RESULT: {"using":"xpath","value":"//*[@id=\"__item2420-__clone7437-imgNav\"]"}
COMMAND: POST /session/668384e1c1f73f3d5461b9d538daca42/elements - {"using":"xpath","value":"//*[@id=\"__item2420-__clone7437-imgNav\"]"}
RESULT: {"using":"xpath","value":"//*[@id=\"__item2420-__clone7437-imgNav\"]"}
COMMAND: POST /session/668384e1c1f73f3d5461b9d538daca42/elements - {"using":"xpath","value":"//*[@id=\"__item2420-__clone7437-imgNav\"]"}
RESULT: {"using":"xpath","value":"//*[@id=\"__item2420-__clone7437-imgNav\"]"}
COMMAND: POST /session/668384e1c1f73f3d5461b9d538daca42/elements - {"using":"xpath","value":"//*[@id=\"__item2420-__clone7437-imgNav\"]"}
RESULT: {"using":"xpath","value":"//*[@id=\"__item2420-__clone7437-imgNav\"]"}
COMMAND: POST /session/668384e1c1f73f3d5461b9d538daca42/elements - {"using":"xpath","value":"//*[@id=\"__item2420-__clone7437-imgNav\"]"}
RESULT: {"using":"xpath","value":"//*[@id=\"__item2420-__clone7437-imgNav\"]"}
COMMAND: POST /session/668384e1c1f73f3d5461b9d538daca42/elements - {"using":"xpath","value":"//*[@id=\"__item2420-__clone7437-imgNav\"]"}
RESULT: {"using":"xpath","value":"//*[@id=\"__item2420-__clone7437-imgNav\"]"}
COMMAND: POST /session/668384e1c1f73f3d5461b9d538daca42/elements - {"using":"xpath","value":"//*[@id=\"__item2420-__clone7437-imgNav\"]"}
RESULT: {"using":"xpath","value":"//*[@id=\"__item2420-__clone7437-imgNav\"]"}
COMMAND: POST /session/668384e1c1f73f3d5461b9d538daca42/elements - {"using":"xpath","value":"//*[@id=\"__item2420-__clone7437-imgNav\"]"}
RESULT: {"using":"xpath","value":"//*[@id=\"__item2420-__clone7437-imgNav\"]"}
COMMAND: POST /session/668384e1c1f73f3d5461b9d538daca42/elements - {"using":"xpath","value":"//*[@id=\"__item2420-__clone7437-imgNav\"]"}
RESULT: {"using":"xpath","value":"//*[@id=\"__item2420-__clone7437-imgNav\"]"}
COMMAND: POST /session/668384e1c1f73f3d5461b9d538daca42/elements - {"using":"xpath","value":"//*[@id=\"__item2420-__clone7437-imgNav\"]"}
RESULT: {"using":"xpath","value":"//*[@id=\"__item2420-__clone7437-imgNav\"]"}
COMMAND: POST /session/668384e1c1f73f3d5461b9d538daca42/elements - {"using":"xpath","value":"//*[@id=\"__item2420-__clone7437-imgNav\"]"}
RESULT: {"using":"xpath","value":"//*[@id=\"__item2420-__clone7437-imgNav\"]"}
COMMAND: POST /session/668384e1c1f73f3d5461b9d538daca42/elements - {"using":"xpath","value":"//*[@id=\"__item2420-__clone7437-imgNav\"]"}
RESULT: {"using":"xpath","value":"//*[@id=\"__item2420-__clone7437-imgNav\"]"}
COMMAND: POST /session/668384e1c1f73f3d5461b9d538daca42/elements - {"using":"xpath","value":"//*[@id=\"__item2420-__clone7437-imgNav\"]"}
RESULT: {"using":"xpath","value":"//*[@id=\"__item2420-__clone7437-imgNav\"]"}
COMMAND: POST /session/668384e1c1f73f3d5461b9d538daca42/elements - {"using":"xpath","value":"//*[@id=\"__item2420-__clone7437-imgNav\"]"}
RESULT: {"using":"xpath","value":"//*[@id=\"__item2420-__clone7437-imgNav\"]"}
COMMAND: POST /session/668384e1c1f73f3d5461b9d538daca42/elements - {"using":"xpath","value":"//*[@id=\"__item2420-__clone7437-imgNav\"]"}
RESULT: {"using":"xpath","value":"//*[@id=\"__item2420-__clone7437-imgNav\"]"}
COMMAND: POST /session/668384e1c1f73f3d5461b9d538daca42/elements - {"using":"xpath","value":"//*[@id=\"__item2420-__clone7437-imgNav\"]"}
RESULT: {"using":"xpath","value":"//*[@id=\"__item2420-__clone7437-imgNav\"]"}
COMMAND: POST /session/668384e1c1f73f3d5461b9d538daca42/elements - {"using":"xpath","value":"//*[@id=\"__item2420-__clone7437-imgNav\"]"}
RESULT: {"using":"xpath","value":"//*[@id=\"__item2420-__clone7437-imgNav\"]"}
COMMAND: POST /session/668384e1c1f73f3d5461b9d538daca42/elements - {"using":"xpath","value":"//*[@id=\"__item2420-__clone7437-imgNav\"]"}
RESULT: {"using":"xpath","value":"//*[@id=\"__item2420-__clone7437-imgNav\"]"}
COMMAND: POST /session/668384e1c1f73f3d5461b9d538daca42/elements - {"using":"xpath","value":"//*[@id=\"__item2420-__clone7437-imgNav\"]"}
RESULT: {"using":"xpath","value":"//*[@id=\"__item2420-__clone7437-imgNav\"]"}
COMMAND: POST /session/668384e1c1f73f3d5461b9d538daca42/elements - {"using":"xpath","value":"//*[@id=\"__item2420-__clone7437-imgNav\"]"}
RESULT: {"using":"xpath","value":"//*[@id=\"__item2420-__clone7437-imgNav\"]"}
COMMAND: POST /session/668384e1c1f73f3d5461b9d538daca42/elements - {"using":"xpath","value":"//*[@id=\"__item2420-__clone7437-imgNav\"]"}
RESULT: {"using":"xpath","value":"//*[@id=\"__item2420-__clone7437-imgNav\"]"}
COMMAND: POST /session/668384e1c1f73f3d5461b9d538daca42/elements - {"using":"xpath","value":"//*[@id=\"__item2420-__clone7437-imgNav\"]"}
RESULT: {"using":"xpath","value":"//*[@id=\"__item2420-__clone7437-imgNav\"]"}
COMMAND: POST /session/668384e1c1f73f3d5461b9d538daca42/elements - {"using":"xpath","value":"//*[@id=\"__item2420-__clone7437-imgNav\"]"}
RESULT: {"using":"xpath","value":"//*[@id=\"__item2420-__clone7437-imgNav\"]"}
COMMAND: POST /session/668384e1c1f73f3d5461b9d538daca42/elements - {"using":"xpath","value":"//*[@id=\"__item2420-__clone7437-imgNav\"]"}
RESULT: {"using":"xpath","value":"//*[@id=\"__item2420-__clone7437-imgNav\"]"}
COMMAND: POST /session/668384e1c1f73f3d5461b9d538daca42/elements - {"using":"xpath","value":"//*[@id=\"__item2420-__clone7437-imgNav\"]"}
RESULT: {"using":"xpath","value":"//*[@id=\"__item2420-__clone7437-imgNav\"]"}
COMMAND: POST /session/668384e1c1f73f3d5461b9d538daca42/elements - {"using":"xpath","value":"//*[@id=\"__item2420-__clone7437-imgNav\"]"}
RESULT: {"using":"xpath","value":"//*[@id=\"__item2420-__clone7437-imgNav\"]"}
COMMAND: POST /session/668384e1c1f73f3d5461b9d538daca42/elements - {"using":"xpath","value":"//*[@id=\"__item2420-__clone7437-imgNav\"]"}
RESULT: {"using":"xpath","value":"//*[@id=\"__item2420-__clone7437-imgNav\"]"}
COMMAND: POST /session/668384e1c1f73f3d5461b9d538daca42/elements - {"using":"xpath","value":"//*[@id=\"__item2420-__clone7437-imgNav\"]"}
RESULT: {"using":"xpath","value":"//*[@id=\"__item2420-__clone7437-imgNav\"]"}
COMMAND: POST /session/668384e1c1f73f3d5461b9d538daca42/elements - {"using":"xpath","value":"//*[@id=\"__item2420-__clone7437-imgNav\"]"}
RESULT: {"using":"xpath","value":"//*[@id=\"__item2420-__clone7437-imgNav\"]"}
COMMAND: POST /session/668384e1c1f73f3d5461b9d538daca42/elements - {"using":"xpath","value":"//*[@id=\"__item2420-__clone7437-imgNav\"]"}
RESULT: {"using":"xpath","value":"//*[@id=\"__item2420-__clone7437-imgNav\"]"}
COMMAND: POST /session/668384e1c1f73f3d5461b9d538daca42/elements - {"using":"xpath","value":"//*[@id=\"__item2420-__clone7437-imgNav\"]"}
RESULT: {"using":"xpath","value":"//*[@id=\"__item2420-__clone7437-imgNav\"]"}
COMMAND: POST /session/668384e1c1f73f3d5461b9d538daca42/elements - {"using":"xpath","value":"//*[@id=\"__item2420-__clone7437-imgNav\"]"}
RESULT: {"using":"xpath","value":"//*[@id=\"__item2420-__clone7437-imgNav\"]"}
COMMAND: POST /session/668384e1c1f73f3d5461b9d538daca42/elements - {"using":"xpath","value":"//*[@id=\"__item2420-__clone7437-imgNav\"]"}
RESULT: {"using":"xpath","value":"//*[@id=\"__item2420-__clone7437-imgNav\"]"}
COMMAND: POST /session/668384e1c1f73f3d5461b9d538daca42/elements - {"using":"xpath","value":"//*[@id=\"__item2420-__clone7437-imgNav\"]"}
RESULT: {"using":"xpath","value":"//*[@id=\"__item2420-__clone7437-imgNav\"]"}
COMMAND: POST /session/668384e1c1f73f3d5461b9d538daca42/elements - {"using":"xpath","value":"//*[@id=\"__item2420-__clone7437-imgNav\"]"}
RESULT: {"using":"xpath","value":"//*[@id=\"__item2420-__clone7437-imgNav\"]"}
COMMAND: POST /session/668384e1c1f73f3d5461b9d538daca42/elements - {"using":"xpath","value":"//*[@id=\"__item2420-__clone7437-imgNav\"]"}
RESULT: {"using":"xpath","value":"//*[@id=\"__item2420-__clone7437-imgNav\"]"}
COMMAND: POST /session/668384e1c1f73f3d5461b9d538daca42/elements - {"using":"xpath","value":"//*[@id=\"__item2420-__clone7437-imgNav\"]"}
RESULT: {"using":"xpath","value":"//*[@id=\"__item2420-__clone7437-imgNav\"]"}
COMMAND: POST /session/668384e1c1f73f3d5461b9d538daca42/elements - {"using":"xpath","value":"//*[@id=\"__item2420-__clone7437-imgNav\"]"}
RESULT: {"using":"xpath","value":"//*[@id=\"__item2420-__clone7437-imgNav\"]"}
COMMAND: POST /session/668384e1c1f73f3d5461b9d538daca42/elements - {"using":"xpath","value":"//*[@id=\"__item2420-__clone7437-imgNav\"]"}
RESULT: {"using":"xpath","value":"//*[@id=\"__item2420-__clone7437-imgNav\"]"}
COMMAND: POST /session/668384e1c1f73f3d5461b9d538daca42/elements - {"using":"xpath","value":"//*[@id=\"__item2420-__clone7437-imgNav\"]"}
RESULT: {"using":"xpath","value":"//*[@id=\"__item2420-__clone7437-imgNav\"]"}
COMMAND: POST /session/668384e1c1f73f3d5461b9d538daca42/elements - {"using":"xpath","value":"//*[@id=\"__item2420-__clone7437-imgNav\"]"}
RESULT: {"using":"xpath","value":"//*[@id=\"__item2420-__clone7437-imgNav\"]"}
COMMAND: POST /session/668384e1c1f73f3d5461b9d538daca42/elements - {"using":"xpath","value":"//*[@id=\"__item2420-__clone7437-imgNav\"]"}
RESULT: {"using":"xpath","value":"//*[@id=\"__item2420-__clone7437-imgNav\"]"}
COMMAND: POST /session/668384e1c1f73f3d5461b9d538daca42/elements - {"using":"xpath","value":"//*[@id=\"__item2420-__clone7437-imgNav\"]"}
RESULT: {"using":"xpath","value":"//*[@id=\"__item2420-__clone7437-imgNav\"]"}
COMMAND: POST /session/668384e1c1f73f3d5461b9d538daca42/elements - {"using":"xpath","value":"//*[@id=\"__item2420-__clone7437-imgNav\"]"}
RESULT: {"using":"xpath","value":"//*[@id=\"__item2420-__clone7437-imgNav\"]"}
COMMAND: POST /session/668384e1c1f73f3d5461b9d538daca42/elements - {"using":"xpath","value":"//*[@id=\"__item2420-__clone7437-imgNav\"]"}
RESULT: {"using":"xpath","value":"//*[@id=\"__item2420-__clone7437-imgNav\"]"}
COMMAND: POST /session/668384e1c1f73f3d5461b9d538daca42/elements - {"using":"xpath","value":"//*[@id=\"__item2420-__clone7437-imgNav\"]"}
RESULT: {"using":"xpath","value":"//*[@id=\"__item2420-__clone7437-imgNav\"]"}
COMMAND: POST /session/668384e1c1f73f3d5461b9d538daca42/elements - {"using":"xpath","value":"//*[@id=\"__item2420-__clone7437-imgNav\"]"}
RESULT: {"using":"xpath","value":"//*[@id=\"__item2420-__clone7437-imgNav\"]"}
COMMAND: POST /session/668384e1c1f73f3d5461b9d538daca42/elements - {"using":"xpath","value":"//*[@id=\"__item2420-__clone7437-imgNav\"]"}
RESULT: {"using":"xpath","value":"//*[@id=\"__item2420-__clone7437-imgNav\"]"}
COMMAND: POST /session/668384e1c1f73f3d5461b9d538daca42/elements - {"using":"xpath","value":"//*[@id=\"__item2420-__clone7437-imgNav\"]"}
RESULT: {"using":"xpath","value":"//*[@id=\"__item2420-__clone7437-imgNav\"]"}
COMMAND: POST /session/668384e1c1f73f3d5461b9d538daca42/elements - {"using":"xpath","value":"//*[@id=\"__item2420-__clone7437-imgNav\"]"}
RESULT: {"using":"xpath","value":"//*[@id=\"__item2420-__clone7437-imgNav\"]"}
COMMAND: POST /session/668384e1c1f73f3d5461b9d538daca42/elements - {"using":"xpath","value":"//*[@id=\"__item2420-__clone7437-imgNav\"]"}
RESULT: {"using":"xpath","value":"//*[@id=\"__item2420-__clone7437-imgNav\"]"}
COMMAND: POST /session/668384e1c1f73f3d5461b9d538daca42/elements - {"using":"xpath","value":"//*[@id=\"__item2420-__clone7437-imgNav\"]"}
RESULT: {"using":"xpath","value":"//*[@id=\"__item2420-__clone7437-imgNav\"]"}
COMMAND: POST /session/668384e1c1f73f3d5461b9d538daca42/elements - {"using":"xpath","value":"//*[@id=\"__item2420-__clone7437-imgNav\"]"}
RESULT: {"using":"xpath","value":"//*[@id=\"__item2420-__clone7437-imgNav\"]"}
COMMAND: POST /session/668384e1c1f73f3d5461b9d538daca42/elements - {"using":"xpath","value":"//*[@id=\"__item2420-__clone7437-imgNav\"]"}
RESULT: {"using":"xpath","value":"//*[@id=\"__item2420-__clone7437-imgNav\"]"}
COMMAND: POST /session/668384e1c1f73f3d5461b9d538daca42/elements - {"using":"xpath","value":"//*[@id=\"__item2420-__clone7437-imgNav\"]"}
RESULT: {"using":"xpath","value":"//*[@id=\"__item2420-__clone7437-imgNav\"]"}
COMMAND: POST /session/668384e1c1f73f3d5461b9d538daca42/elements - {"using":"xpath","value":"//*[@id=\"__item2420-__clone7437-imgNav\"]"}
RESULT: {"using":"xpath","value":"//*[@id=\"__item2420-__clone7437-imgNav\"]"}
COMMAND: POST /session/668384e1c1f73f3d5461b9d538daca42/elements - {"using":"xpath","value":"//*[@id=\"__item2420-__clone7437-imgNav\"]"}
RESULT: {"using":"xpath","value":"//*[@id=\"__item2420-__clone7437-imgNav\"]"}
COMMAND: POST /session/668384e1c1f73f3d5461b9d538daca42/elements - {"using":"xpath","value":"//*[@id=\"__item2420-__clone7437-imgNav\"]"}
RESULT: {"using":"xpath","value":"//*[@id=\"__item2420-__clone7437-imgNav\"]"}
COMMAND: POST /session/668384e1c1f73f3d5461b9d538daca42/elements - {"using":"xpath","value":"//*[@id=\"__item2420-__clone7437-imgNav\"]"}
RESULT: {"using":"xpath","value":"//*[@id=\"__item2420-__clone7437-imgNav\"]"}
COMMAND: POST /session/668384e1c1f73f3d5461b9d538daca42/elements - {"using":"xpath","value":"//*[@id=\"__item2420-__clone7437-imgNav\"]"}
RESULT: {"using":"xpath","value":"//*[@id=\"__item2420-__clone7437-imgNav\"]"}
COMMAND: POST /session/668384e1c1f73f3d5461b9d538daca42/elements - {"using":"xpath","value":"//*[@id=\"__item2420-__clone7437-imgNav\"]"}
RESULT: {"using":"xpath","value":"//*[@id=\"__item2420-__clone7437-imgNav\"]"}
COMMAND: POST /session/668384e1c1f73f3d5461b9d538daca42/elements - {"using":"xpath","value":"//*[@id=\"__item2420-__clone7437-imgNav\"]"}
RESULT: {"using":"xpath","value":"//*[@id=\"__item2420-__clone7437-imgNav\"]"}
COMMAND: POST /session/668384e1c1f73f3d5461b9d538daca42/elements - {"using":"xpath","value":"//*[@id=\"__item2420-__clone7437-imgNav\"]"}
RESULT: {"using":"xpath","value":"//*[@id=\"__item2420-__clone7437-imgNav\"]"}
COMMAND: POST /session/668384e1c1f73f3d5461b9d538daca42/elements - {"using":"xpath","value":"//*[@id=\"__item2420-__clone7437-imgNav\"]"}
RESULT: {"using":"xpath","value":"//*[@id=\"__item2420-__clone7437-imgNav\"]"}
COMMAND: POST /session/668384e1c1f73f3d5461b9d538daca42/elements - {"using":"xpath","value":"//*[@id=\"__item2420-__clone7437-imgNav\"]"}
RESULT: {"using":"xpath","value":"//*[@id=\"__item2420-__clone7437-imgNav\"]"}
COMMAND: POST /session/668384e1c1f73f3d5461b9d538daca42/elements - {"using":"xpath","value":"//*[@id=\"__item2420-__clone7437-imgNav\"]"}
RESULT: {"using":"xpath","value":"//*[@id=\"__item2420-__clone7437-imgNav\"]"}
COMMAND: POST /session/668384e1c1f73f3d5461b9d538daca42/elements - {"using":"xpath","value":"//*[@id=\"__item2420-__clone7437-imgNav\"]"}
RESULT: {"using":"xpath","value":"//*[@id=\"__item2420-__clone7437-imgNav\"]"}
COMMAND: POST /session/668384e1c1f73f3d5461b9d538daca42/elements - {"using":"xpath","value":"//*[@id=\"__item2420-__clone7437-imgNav\"]"}
RESULT: {"using":"xpath","value":"//*[@id=\"__item2420-__clone7437-imgNav\"]"}
COMMAND: POST /session/668384e1c1f73f3d5461b9d538daca42/elements - {"using":"xpath","value":"//*[@id=\"__item2420-__clone7437-imgNav\"]"}
RESULT: {"using":"xpath","value":"//*[@id=\"__item2420-__clone7437-imgNav\"]"}
COMMAND: POST /session/668384e1c1f73f3d5461b9d538daca42/elements - {"using":"xpath","value":"//*[@id=\"__item2420-__clone7437-imgNav\"]"}
RESULT: {"using":"xpath","value":"//*[@id=\"__item2420-__clone7437-imgNav\"]"}
COMMAND: POST /session/668384e1c1f73f3d5461b9d538daca42/elements - {"using":"xpath","value":"//*[@id=\"__item2420-__clone7437-imgNav\"]"}
RESULT: {"using":"xpath","value":"//*[@id=\"__item2420-__clone7437-imgNav\"]"}
COMMAND: POST /session/668384e1c1f73f3d5461b9d538daca42/elements - {"using":"xpath","value":"//*[@id=\"__item2420-__clone7437-imgNav\"]"}
RESULT: {"using":"xpath","value":"//*[@id=\"__item2420-__clone7437-imgNav\"]"}
COMMAND: POST /session/668384e1c1f73f3d5461b9d538daca42/elements - {"using":"xpath","value":"//*[@id=\"__item2420-__clone7437-imgNav\"]"}
RESULT: {"using":"xpath","value":"//*[@id=\"__item2420-__clone7437-imgNav\"]"}
COMMAND: POST /session/668384e1c1f73f3d5461b9d538daca42/elements - {"using":"xpath","value":"//*[@id=\"__item2420-__clone7437-imgNav\"]"}
RESULT: {"using":"xpath","value":"//*[@id=\"__item2420-__clone7437-imgNav\"]"}
COMMAND: POST /session/668384e1c1f73f3d5461b9d538daca42/elements - {"using":"xpath","value":"//*[@id=\"__item2420-__clone7437-imgNav\"]"}
RESULT: {"using":"xpath","value":"//*[@id=\"__item2420-__clone7437-imgNav\"]"}
COMMAND: POST /session/668384e1c1f73f3d5461b9d538daca42/elements - {"using":"xpath","value":"//*[@id=\"__item2420-__clone7437-imgNav\"]"}
RESULT: {"using":"xpath","value":"//*[@id=\"__item2420-__clone7437-imgNav\"]"}
COMMAND: POST /session/668384e1c1f73f3d5461b9d538daca42/elements - {"using":"xpath","value":"//*[@id=\"__item2420-__clone7437-imgNav\"]"}
RESULT: {"using":"xpath","value":"//*[@id=\"__item2420-__clone7437-imgNav\"]"}
COMMAND: POST /session/668384e1c1f73f3d5461b9d538daca42/elements - {"using":"xpath","value":"//*[@id=\"__item2420-__clone7437-imgNav\"]"}
RESULT: {"using":"xpath","value":"//*[@id=\"__item2420-__clone7437-imgNav\"]"}
COMMAND: POST /session/668384e1c1f73f3d5461b9d538daca42/elements - {"using":"xpath","value":"//*[@id=\"__item2420-__clone7437-imgNav\"]"}
RESULT: {"using":"xpath","value":"//*[@id=\"__item2420-__clone7437-imgNav\"]"}
COMMAND: POST /session/668384e1c1f73f3d5461b9d538daca42/elements - {"using":"xpath","value":"//*[@id=\"__item2420-__clone7437-imgNav\"]"}
RESULT: {"using":"xpath","value":"//*[@id=\"__item2420-__clone7437-imgNav\"]"}
COMMAND: POST /session/668384e1c1f73f3d5461b9d538daca42/elements - {"using":"xpath","value":"//*[@id=\"__item2420-__clone7437-imgNav\"]"}
RESULT: {"using":"xpath","value":"//*[@id=\"__item2420-__clone7437-imgNav\"]"}
COMMAND: POST /session/668384e1c1f73f3d5461b9d538daca42/elements - {"using":"xpath","value":"//*[@id=\"__item2420-__clone7437-imgNav\"]"}
RESULT: {"using":"xpath","value":"//*[@id=\"__item2420-__clone7437-imgNav\"]"}
COMMAND: POST /session/668384e1c1f73f3d5461b9d538daca42/elements - {"using":"xpath","value":"//*[@id=\"__item2420-__clone7437-imgNav\"]"}
RESULT: {"using":"xpath","value":"//*[@id=\"__item2420-__clone7437-imgNav\"]"}
COMMAND: POST /session/668384e1c1f73f3d5461b9d538daca42/elements - {"using":"xpath","value":"//*[@id=\"__item2420-__clone7437-imgNav\"]"}
RESULT: {"using":"xpath","value":"//*[@id=\"__item2420-__clone7437-imgNav\"]"}
RESULT: undefined
RESULT: undefined
COMMAND: POST /session/668384e1c1f73f3d5461b9d538daca42/execute/async - {"script":"<script> [1562 bytes]","args":[{"selector":{"controlType":"sap.m.ToggleButton","viewName":"etm.portal.ui.managehandovers.view.DetailExecuteHO","i18NText":{"propertyName":"text","key":"refuse"},"interaction":{"idSuffix":"BDI-content"}},"wdio_ui5_key":"etmportal.ui.managehandovers.view.DetailExecuteHOsap.m.ToggleButton{\"propertyName\":\"text\",\"key\":\"refuse\"}"}]}
RESULT: {"script":"<script> [1562 bytes]","args":[{"selector":{"controlType":"sap.m.ToggleButton","viewName":"etm.portal.ui.managehandovers.view.DetailExecuteHO","i18NText":{"propertyName":"text","key":"refuse"},"interaction":{"idSuffix":"BDI-content"}},"wdio_ui5_key":"etmportal.ui.managehandovers.view.DetailExecuteHOsap.m.ToggleButton{\"propertyName\":\"text\",\"key\":\"refuse\"}"}]}
RESULT: undefined
COMMAND: POST /session/668384e1c1f73f3d5461b9d538daca42/execute/async - {"script":"<script> [1562 bytes]","args":[{"selector":{"id":"confirmationButton","viewName":"etm.portal.ui.managehandovers.view.DetailExecuteHO","interaction":{"idSuffix":"BDI-content"},"properties":{"text":"Receive / Refuse"}},"wdio_ui5_key":"confirmationButtonetmportal.ui.managehandovers.view.DetailExecuteHO{\"text\":\"Receive / Refuse\"}"}]}
RESULT: {"script":"<script> [1562 bytes]","args":[{"selector":{"id":"confirmationButton","viewName":"etm.portal.ui.managehandovers.view.DetailExecuteHO","interaction":{"idSuffix":"BDI-content"},"properties":{"text":"Receive / Refuse"}},"wdio_ui5_key":"confirmationButtonetmportal.ui.managehandovers.view.DetailExecuteHO{\"text\":\"Receive / Refuse\"}"}]}
RESULT: undefined
COMMAND: POST /session/668384e1c1f73f3d5461b9d538daca42/element - {"using":"css selector","value":"#j_username"}
COMMAND: POST /session/668384e1c1f73f3d5461b9d538daca42/url - {"url":"https://qa-testing-00-live-etm-ui.cfapps.eu10-004.hana.ondemand.com/"}
RESULT: {"using":"css selector","value":"#j_username"}
COMMAND: POST /session/668384e1c1f73f3d5461b9d538daca42/element - {"using":"css selector","value":"#j_username"}
RESULT: {"url":"https://qa-testing-00-live-etm-ui.cfapps.eu10-004.hana.ondemand.com/"}
RESULT: undefined
COMMAND: GET /session/668384e1c1f73f3d5461b9d538daca42/screenshot - {}
RESULT: {"using":"css selector","value":"#j_username"}
COMMAND: POST /session/668384e1c1f73f3d5461b9d538daca42/element - {"using":"css selector","value":"#shell-header-logo"}
RESULT: {}
RESULT: {"using":"css selector","value":"#shell-header-logo"}
COMMAND: POST /session/668384e1c1f73f3d5461b9d538daca42/execute/sync - {"script":"<script> [8489 bytes]","args":[{"element-6066-11e4-a52e-4f735466cecf":"f.F64AD31729AEE402AD374BC91D68D115.d.94FAACDF3586084BC50BF66998CD811F.e.14317","ELEMENT":"f.F64AD31729AEE402AD374BC91D68D115.d.94FAACDF3586084BC50BF66998CD811F.e.14317"}]}
RESULT: {"script":"<script> [8489 bytes]","args":[{"element-6066-11e4-a52e-4f735466cecf":"f.F64AD31729AEE402AD374BC91D68D115.d.94FAACDF3586084BC50BF66998CD811F.e.14317","ELEMENT":"f.F64AD31729AEE402AD374BC91D68D115.d.94FAACDF3586084BC50BF66998CD811F.e.14317"}]}
COMMAND: POST /session/668384e1c1f73f3d5461b9d538daca42/element - {"using":"css selector","value":"#shell-header-logo"}
COMMAND: GET /session/668384e1c1f73f3d5461b9d538daca42/screenshot - {}
RESULT: {"using":"css selector","value":"#shell-header-logo"}
COMMAND: POST /session/668384e1c1f73f3d5461b9d538daca42/execute/sync - {"script":"<script> [8489 bytes]","args":[{"element-6066-11e4-a52e-4f735466cecf":"f.F64AD31729AEE402AD374BC91D68D115.d.94FAACDF3586084BC50BF66998CD811F.e.14317","ELEMENT":"f.F64AD31729AEE402AD374BC91D68D115.d.94FAACDF3586084BC50BF66998CD811F.e.14317"}]}
RESULT: {}
RESULT: {"script":"<script> [8489 bytes]","args":[{"element-6066-11e4-a52e-4f735466cecf":"f.F64AD31729AEE402AD374BC91D68D115.d.94FAACDF3586084BC50BF66998CD811F.e.14317","ELEMENT":"f.F64AD31729AEE402AD374BC91D68D115.d.94FAACDF3586084BC50BF66998CD811F.e.14317"}]}
COMMAND: POST /session/668384e1c1f73f3d5461b9d538daca42/execute/sync - {"script":"<script> [5351 bytes]","args":[{"element-6066-11e4-a52e-4f735466cecf":"f.F64AD31729AEE402AD374BC91D68D115.d.94FAACDF3586084BC50BF66998CD811F.e.14317","ELEMENT":"f.F64AD31729AEE402AD374BC91D68D115.d.94FAACDF3586084BC50BF66998CD811F.e.14317"}]}
COMMAND: GET /session/668384e1c1f73f3d5461b9d538daca42/screenshot - {}
RESULT: {"script":"<script> [5351 bytes]","args":[{"element-6066-11e4-a52e-4f735466cecf":"f.F64AD31729AEE402AD374BC91D68D115.d.94FAACDF3586084BC50BF66998CD811F.e.14317","ELEMENT":"f.F64AD31729AEE402AD374BC91D68D115.d.94FAACDF3586084BC50BF66998CD811F.e.14317"}]}
COMMAND: POST /session/668384e1c1f73f3d5461b9d538daca42/element - {"using":"css selector","value":"#shell-header-logo"}
COMMAND: GET /session/668384e1c1f73f3d5461b9d538daca42/screenshot - {}
RESULT: {}
RESULT: {"using":"css selector","value":"#shell-header-logo"}
COMMAND: POST /session/668384e1c1f73f3d5461b9d538daca42/element/f.F64AD31729AEE402AD374BC91D68D115.d.94FAACDF3586084BC50BF66998CD811F.e.14317/click - {}
RESULT: {}
RESULT: {}
COMMAND: GET /session/668384e1c1f73f3d5461b9d538daca42/screenshot - {}
RESULT: {}
COMMAND: POST /session/668384e1c1f73f3d5461b9d538daca42/execute/async - {"script":"<script> [189 bytes]","args":[]}
RESULT: {"script":"<script> [189 bytes]","args":[]}
COMMAND: POST /session/668384e1c1f73f3d5461b9d538daca42/execute/async - {"script":"<script> [123 bytes]","args":[]}
RESULT: {"script":"<script> [123 bytes]","args":[]}
COMMAND: POST /session/668384e1c1f73f3d5461b9d538daca42/timeouts - {"script":"<number>"}
RESULT: {"script":"<number>"}
COMMAND: GET /session/668384e1c1f73f3d5461b9d538daca42/timeouts - {}
RESULT: {}
RESULT: undefined
COMMAND: POST /session/668384e1c1f73f3d5461b9d538daca42/execute/async - {"script":"<script> [2676 bytes]","args":[]}
RESULT: {"script":"<script> [2676 bytes]","args":[]}
COMMAND: POST /session/668384e1c1f73f3d5461b9d538daca42/execute/async - {"script":"<script> [2342 bytes]","args":[{"protocol":"http","hostname":"0.0.0.0","path":"/","capabilities":{"browserName":"chrome","goog:chromeOptions":{"binary":"C:\\Program Files\\Google\\Chrome\\Application\\chrome.exe","args":["--start-maximized"]}},"logLevel":"warn","connectionRetryTimeout":120000,"connectionRetryCount":3,"logLevels":{},"enableDirectConnect":true,"strictSSL":true,"_":"65 more keys: [\"cacheDir\",\"port\",\"requestedCapabilities\",\"automationProtocol\",\"baseUrl\",\"waitforInterval\",\"waitforTimeout\",\"onReload\",\"beforeCommand\",\"afterCommand\",\"rootDir\",\"specs\",\"suites\",\"exclude\",\"groupLogsByTestSpec\",\"excludeDriverLogs\",\"bail\",\"framework\",\"reporters\",\"services\",\"maxInstances\",\"maxInstancesPerCapability\",\"injectGlobals\",\"filesToWatch\",\"execArgv\",\"runnerEnv\",\"runner\",\"shard\",\"specFileRetries\",\"specFileRetriesDelay\",\"specFileRetriesDeferred\",\"reporterSyncInterval\",\"reporterSyncTimeout\",\"cucumberFeaturesWithLineNumbers\",\"autoCompileOpts\",\"mochaOpts\",\"jasmineOpts\",\"cucumberOpts\",\"onPrepare\",\"onWorkerStart\",\"onWorkerEnd\",\"before\",\"beforeSession\",\"beforeSuite\",\"beforeHook\",\"beforeTest\",\"afterTest\",\"afterHook\",\"afterSuite\",\"afterSession\",\"after\",\"onComplete\",\"beforeAssertion\",\"afterAssertion\",\"beforeFeature\",\"beforeScenario\",\"beforeStep\",\"afterStep\",\"afterScenario\",\"afterFeature\",\"_\",\"suite\",\"$0\",\"ignoredWorkerServices\",\"wdi5\"]"}]}
RESULT: {"script":"<script> [2342 bytes]","args":[{"protocol":"http","hostname":"0.0.0.0","path":"/","capabilities":{"browserName":"chrome","goog:chromeOptions":{"binary":"C:\\Program Files\\Google\\Chrome\\Application\\chrome.exe","args":["--start-maximized"]}},"logLevel":"warn","connectionRetryTimeout":120000,"connectionRetryCount":3,"logLevels":{},"enableDirectConnect":true,"strictSSL":true,"_":"65 more keys: [\"cacheDir\",\"port\",\"requestedCapabilities\",\"automationProtocol\",\"baseUrl\",\"waitforInterval\",\"waitforTimeout\",\"onReload\",\"beforeCommand\",\"afterCommand\",\"rootDir\",\"specs\",\"suites\",\"exclude\",\"groupLogsByTestSpec\",\"excludeDriverLogs\",\"bail\",\"framework\",\"reporters\",\"services\",\"maxInstances\",\"maxInstancesPerCapability\",\"injectGlobals\",\"filesToWatch\",\"execArgv\",\"runnerEnv\",\"runner\",\"shard\",\"specFileRetries\",\"specFileRetriesDelay\",\"specFileRetriesDeferred\",\"reporterSyncInterval\",\"reporterSyncTimeout\",\"cucumberFeaturesWithLineNumbers\",\"autoCompileOpts\",\"mochaOpts\",\"jasmineOpts\",\"cucumberOpts\",\"onPrepare\",\"onWorkerStart\",\"onWorkerEnd\",\"before\",\"beforeSession\",\"beforeSuite\",\"beforeHook\",\"beforeTest\",\"afterTest\",\"afterHook\",\"afterSuite\",\"afterSession\",\"after\",\"onComplete\",\"beforeAssertion\",\"afterAssertion\",\"beforeFeature\",\"beforeScenario\",\"beforeStep\",\"afterStep\",\"afterScenario\",\"afterFeature\",\"_\",\"suite\",\"$0\",\"ignoredWorkerServices\",\"wdi5\"]"}]}
COMMAND: POST /session/668384e1c1f73f3d5461b9d538daca42/execute/async - {"script":"<script> [21126 bytes]","args":[35000]}
RESULT: {"script":"<script> [21126 bytes]","args":[35000]}
COMMAND: POST /session/668384e1c1f73f3d5461b9d538daca42/window/maximize - {}
RESULT: {}
COMMAND: POST /session/668384e1c1f73f3d5461b9d538daca42/execute/async - {"script":"<script> [1562 bytes]","args":[{"selector":{"id":"shell-header","interaction":{"idSuffix":"icon"}},"wdio_ui5_key":"shellheader"}]}
COMMAND: GET /session/668384e1c1f73f3d5461b9d538daca42/screenshot - {}
RESULT: {"script":"<script> [1562 bytes]","args":[{"selector":{"id":"shell-header","interaction":{"idSuffix":"icon"}},"wdio_ui5_key":"shellheader"}]}
RESULT: undefined
]]></system-out>
    </testcase>
  </testsuite>
  <testsuite timestamp="2025-04-27T17:24:48" time="307.73" tests="4" failures="4" errors="4" skipped="0">
    <properties>
      <property name="specId" value="0" />
      <property name="suiteName" value="Provide to Site w/o warehouse management w/o clarification US116612" />
      <property name="capabilities" value="chrome.135_0_7049_96.windows" />
      <property name="file" value="file:///D:/a/1/s/test/specs/HTR/provide-to-site-wo-warehouse-wo-clarification.spec.js" />
    </properties>
  </testsuite>
  <testsuite timestamp="2025-04-27T17:29:56" time="437.375" tests="5" failures="4" errors="4" skipped="0">
    <properties>
      <property name="specId" value="0" />
      <property name="suiteName" value="Provide to Site w/o warehouse management wo clarification" />
      <property name="capabilities" value="chrome.135_0_7049_96.windows" />
      <property name="file" value="file:///D:/a/1/s/test/specs/HTR/provide-to-site-wo-warehouse-wo-clarification.spec.js" />
    </properties>
    <testcase classname="chrome.135_0_7049_96.windows.Provide_to_Site_w/o_warehouse_management_wo_clarification" name="Should Test for Handover Execution" time="177.153">
      <system-out><![CDATA[
COMMAND: GET /session/668384e1c1f73f3d5461b9d538daca42/screenshot - {}
COMMAND: POST /session/668384e1c1f73f3d5461b9d538daca42/element - {"using":"xpath","value":"//*[text()='false']"}
RESULT: {}
RESULT: {"using":"xpath","value":"//*[text()='false']"}
COMMAND: POST /session/668384e1c1f73f3d5461b9d538daca42/elements - {"using":"xpath","value":"//*[text()='false']"}
RESULT: {"using":"xpath","value":"//*[text()='false']"}
COMMAND: POST /session/668384e1c1f73f3d5461b9d538daca42/elements - {"using":"xpath","value":"//*[text()='false']"}
RESULT: {"using":"xpath","value":"//*[text()='false']"}
COMMAND: POST /session/668384e1c1f73f3d5461b9d538daca42/elements - {"using":"xpath","value":"//*[text()='false']"}
RESULT: {"using":"xpath","value":"//*[text()='false']"}
COMMAND: POST /session/668384e1c1f73f3d5461b9d538daca42/elements - {"using":"xpath","value":"//*[text()='false']"}
RESULT: {"using":"xpath","value":"//*[text()='false']"}
COMMAND: POST /session/668384e1c1f73f3d5461b9d538daca42/elements - {"using":"xpath","value":"//*[text()='false']"}
RESULT: {"using":"xpath","value":"//*[text()='false']"}
COMMAND: POST /session/668384e1c1f73f3d5461b9d538daca42/elements - {"using":"xpath","value":"//*[text()='false']"}
RESULT: {"using":"xpath","value":"//*[text()='false']"}
COMMAND: POST /session/668384e1c1f73f3d5461b9d538daca42/elements - {"using":"xpath","value":"//*[text()='false']"}
RESULT: {"using":"xpath","value":"//*[text()='false']"}
COMMAND: POST /session/668384e1c1f73f3d5461b9d538daca42/elements - {"using":"xpath","value":"//*[text()='false']"}
RESULT: {"using":"xpath","value":"//*[text()='false']"}
COMMAND: POST /session/668384e1c1f73f3d5461b9d538daca42/elements - {"using":"xpath","value":"//*[text()='false']"}
RESULT: {"using":"xpath","value":"//*[text()='false']"}
COMMAND: POST /session/668384e1c1f73f3d5461b9d538daca42/elements - {"using":"xpath","value":"//*[text()='false']"}
RESULT: {"using":"xpath","value":"//*[text()='false']"}
COMMAND: POST /session/668384e1c1f73f3d5461b9d538daca42/elements - {"using":"xpath","value":"//*[text()='false']"}
RESULT: {"using":"xpath","value":"//*[text()='false']"}
COMMAND: POST /session/668384e1c1f73f3d5461b9d538daca42/elements - {"using":"xpath","value":"//*[text()='false']"}
RESULT: {"using":"xpath","value":"//*[text()='false']"}
COMMAND: POST /session/668384e1c1f73f3d5461b9d538daca42/elements - {"using":"xpath","value":"//*[text()='false']"}
RESULT: {"using":"xpath","value":"//*[text()='false']"}
COMMAND: POST /session/668384e1c1f73f3d5461b9d538daca42/elements - {"using":"xpath","value":"//*[text()='false']"}
RESULT: {"using":"xpath","value":"//*[text()='false']"}
COMMAND: POST /session/668384e1c1f73f3d5461b9d538daca42/elements - {"using":"xpath","value":"//*[text()='false']"}
RESULT: {"using":"xpath","value":"//*[text()='false']"}
COMMAND: POST /session/668384e1c1f73f3d5461b9d538daca42/elements - {"using":"xpath","value":"//*[text()='false']"}
RESULT: {"using":"xpath","value":"//*[text()='false']"}
COMMAND: POST /session/668384e1c1f73f3d5461b9d538daca42/elements - {"using":"xpath","value":"//*[text()='false']"}
RESULT: {"using":"xpath","value":"//*[text()='false']"}
COMMAND: POST /session/668384e1c1f73f3d5461b9d538daca42/elements - {"using":"xpath","value":"//*[text()='false']"}
RESULT: {"using":"xpath","value":"//*[text()='false']"}
COMMAND: POST /session/668384e1c1f73f3d5461b9d538daca42/elements - {"using":"xpath","value":"//*[text()='false']"}
RESULT: {"using":"xpath","value":"//*[text()='false']"}
COMMAND: POST /session/668384e1c1f73f3d5461b9d538daca42/elements - {"using":"xpath","value":"//*[text()='false']"}
RESULT: {"using":"xpath","value":"//*[text()='false']"}
COMMAND: POST /session/668384e1c1f73f3d5461b9d538daca42/elements - {"using":"xpath","value":"//*[text()='false']"}
RESULT: {"using":"xpath","value":"//*[text()='false']"}
COMMAND: POST /session/668384e1c1f73f3d5461b9d538daca42/elements - {"using":"xpath","value":"//*[text()='false']"}
RESULT: {"using":"xpath","value":"//*[text()='false']"}
COMMAND: POST /session/668384e1c1f73f3d5461b9d538daca42/elements - {"using":"xpath","value":"//*[text()='false']"}
RESULT: {"using":"xpath","value":"//*[text()='false']"}
COMMAND: POST /session/668384e1c1f73f3d5461b9d538daca42/elements - {"using":"xpath","value":"//*[text()='false']"}
RESULT: {"using":"xpath","value":"//*[text()='false']"}
COMMAND: POST /session/668384e1c1f73f3d5461b9d538daca42/elements - {"using":"xpath","value":"//*[text()='false']"}
RESULT: {"using":"xpath","value":"//*[text()='false']"}
COMMAND: POST /session/668384e1c1f73f3d5461b9d538daca42/elements - {"using":"xpath","value":"//*[text()='false']"}
RESULT: {"using":"xpath","value":"//*[text()='false']"}
COMMAND: POST /session/668384e1c1f73f3d5461b9d538daca42/elements - {"using":"xpath","value":"//*[text()='false']"}
RESULT: {"using":"xpath","value":"//*[text()='false']"}
COMMAND: POST /session/668384e1c1f73f3d5461b9d538daca42/elements - {"using":"xpath","value":"//*[text()='false']"}
RESULT: {"using":"xpath","value":"//*[text()='false']"}
COMMAND: POST /session/668384e1c1f73f3d5461b9d538daca42/elements - {"using":"xpath","value":"//*[text()='false']"}
RESULT: {"using":"xpath","value":"//*[text()='false']"}
COMMAND: POST /session/668384e1c1f73f3d5461b9d538daca42/elements - {"using":"xpath","value":"//*[text()='false']"}
RESULT: {"using":"xpath","value":"//*[text()='false']"}
COMMAND: POST /session/668384e1c1f73f3d5461b9d538daca42/elements - {"using":"xpath","value":"//*[text()='false']"}
RESULT: {"using":"xpath","value":"//*[text()='false']"}
COMMAND: POST /session/668384e1c1f73f3d5461b9d538daca42/elements - {"using":"xpath","value":"//*[text()='false']"}
RESULT: {"using":"xpath","value":"//*[text()='false']"}
COMMAND: POST /session/668384e1c1f73f3d5461b9d538daca42/elements - {"using":"xpath","value":"//*[text()='false']"}
RESULT: {"using":"xpath","value":"//*[text()='false']"}
COMMAND: POST /session/668384e1c1f73f3d5461b9d538daca42/elements - {"using":"xpath","value":"//*[text()='false']"}
RESULT: {"using":"xpath","value":"//*[text()='false']"}
COMMAND: POST /session/668384e1c1f73f3d5461b9d538daca42/elements - {"using":"xpath","value":"//*[text()='false']"}
RESULT: {"using":"xpath","value":"//*[text()='false']"}
COMMAND: POST /session/668384e1c1f73f3d5461b9d538daca42/elements - {"using":"xpath","value":"//*[text()='false']"}
RESULT: {"using":"xpath","value":"//*[text()='false']"}
COMMAND: POST /session/668384e1c1f73f3d5461b9d538daca42/elements - {"using":"xpath","value":"//*[text()='false']"}
RESULT: {"using":"xpath","value":"//*[text()='false']"}
COMMAND: POST /session/668384e1c1f73f3d5461b9d538daca42/elements - {"using":"xpath","value":"//*[text()='false']"}
RESULT: {"using":"xpath","value":"//*[text()='false']"}
COMMAND: POST /session/668384e1c1f73f3d5461b9d538daca42/elements - {"using":"xpath","value":"//*[text()='false']"}
RESULT: {"using":"xpath","value":"//*[text()='false']"}
COMMAND: POST /session/668384e1c1f73f3d5461b9d538daca42/elements - {"using":"xpath","value":"//*[text()='false']"}
RESULT: {"using":"xpath","value":"//*[text()='false']"}
COMMAND: POST /session/668384e1c1f73f3d5461b9d538daca42/elements - {"using":"xpath","value":"//*[text()='false']"}
RESULT: {"using":"xpath","value":"//*[text()='false']"}
COMMAND: POST /session/668384e1c1f73f3d5461b9d538daca42/elements - {"using":"xpath","value":"//*[text()='false']"}
RESULT: {"using":"xpath","value":"//*[text()='false']"}
COMMAND: POST /session/668384e1c1f73f3d5461b9d538daca42/elements - {"using":"xpath","value":"//*[text()='false']"}
RESULT: {"using":"xpath","value":"//*[text()='false']"}
COMMAND: POST /session/668384e1c1f73f3d5461b9d538daca42/elements - {"using":"xpath","value":"//*[text()='false']"}
RESULT: {"using":"xpath","value":"//*[text()='false']"}
COMMAND: POST /session/668384e1c1f73f3d5461b9d538daca42/elements - {"using":"xpath","value":"//*[text()='false']"}
RESULT: {"using":"xpath","value":"//*[text()='false']"}
COMMAND: POST /session/668384e1c1f73f3d5461b9d538daca42/elements - {"using":"xpath","value":"//*[text()='false']"}
RESULT: {"using":"xpath","value":"//*[text()='false']"}
COMMAND: POST /session/668384e1c1f73f3d5461b9d538daca42/elements - {"using":"xpath","value":"//*[text()='false']"}
RESULT: {"using":"xpath","value":"//*[text()='false']"}
COMMAND: POST /session/668384e1c1f73f3d5461b9d538daca42/elements - {"using":"xpath","value":"//*[text()='false']"}
RESULT: {"using":"xpath","value":"//*[text()='false']"}
COMMAND: POST /session/668384e1c1f73f3d5461b9d538daca42/elements - {"using":"xpath","value":"//*[text()='false']"}
RESULT: {"using":"xpath","value":"//*[text()='false']"}
COMMAND: POST /session/668384e1c1f73f3d5461b9d538daca42/elements - {"using":"xpath","value":"//*[text()='false']"}
RESULT: {"using":"xpath","value":"//*[text()='false']"}
COMMAND: POST /session/668384e1c1f73f3d5461b9d538daca42/elements - {"using":"xpath","value":"//*[text()='false']"}
RESULT: {"using":"xpath","value":"//*[text()='false']"}
COMMAND: POST /session/668384e1c1f73f3d5461b9d538daca42/elements - {"using":"xpath","value":"//*[text()='false']"}
RESULT: {"using":"xpath","value":"//*[text()='false']"}
COMMAND: POST /session/668384e1c1f73f3d5461b9d538daca42/elements - {"using":"xpath","value":"//*[text()='false']"}
RESULT: {"using":"xpath","value":"//*[text()='false']"}
COMMAND: POST /session/668384e1c1f73f3d5461b9d538daca42/elements - {"using":"xpath","value":"//*[text()='false']"}
RESULT: {"using":"xpath","value":"//*[text()='false']"}
COMMAND: POST /session/668384e1c1f73f3d5461b9d538daca42/elements - {"using":"xpath","value":"//*[text()='false']"}
RESULT: {"using":"xpath","value":"//*[text()='false']"}
COMMAND: POST /session/668384e1c1f73f3d5461b9d538daca42/elements - {"using":"xpath","value":"//*[text()='false']"}
RESULT: {"using":"xpath","value":"//*[text()='false']"}
COMMAND: POST /session/668384e1c1f73f3d5461b9d538daca42/elements - {"using":"xpath","value":"//*[text()='false']"}
RESULT: {"using":"xpath","value":"//*[text()='false']"}
COMMAND: POST /session/668384e1c1f73f3d5461b9d538daca42/elements - {"using":"xpath","value":"//*[text()='false']"}
RESULT: {"using":"xpath","value":"//*[text()='false']"}
COMMAND: POST /session/668384e1c1f73f3d5461b9d538daca42/elements - {"using":"xpath","value":"//*[text()='false']"}
RESULT: {"using":"xpath","value":"//*[text()='false']"}
COMMAND: POST /session/668384e1c1f73f3d5461b9d538daca42/elements - {"using":"xpath","value":"//*[text()='false']"}
RESULT: {"using":"xpath","value":"//*[text()='false']"}
COMMAND: POST /session/668384e1c1f73f3d5461b9d538daca42/elements - {"using":"xpath","value":"//*[text()='false']"}
RESULT: {"using":"xpath","value":"//*[text()='false']"}
COMMAND: POST /session/668384e1c1f73f3d5461b9d538daca42/elements - {"using":"xpath","value":"//*[text()='false']"}
RESULT: {"using":"xpath","value":"//*[text()='false']"}
COMMAND: POST /session/668384e1c1f73f3d5461b9d538daca42/elements - {"using":"xpath","value":"//*[text()='false']"}
RESULT: {"using":"xpath","value":"//*[text()='false']"}
COMMAND: POST /session/668384e1c1f73f3d5461b9d538daca42/elements - {"using":"xpath","value":"//*[text()='false']"}
RESULT: {"using":"xpath","value":"//*[text()='false']"}
COMMAND: POST /session/668384e1c1f73f3d5461b9d538daca42/elements - {"using":"xpath","value":"//*[text()='false']"}
RESULT: {"using":"xpath","value":"//*[text()='false']"}
COMMAND: POST /session/668384e1c1f73f3d5461b9d538daca42/elements - {"using":"xpath","value":"//*[text()='false']"}
RESULT: {"using":"xpath","value":"//*[text()='false']"}
COMMAND: POST /session/668384e1c1f73f3d5461b9d538daca42/elements - {"using":"xpath","value":"//*[text()='false']"}
RESULT: {"using":"xpath","value":"//*[text()='false']"}
COMMAND: POST /session/668384e1c1f73f3d5461b9d538daca42/elements - {"using":"xpath","value":"//*[text()='false']"}
RESULT: {"using":"xpath","value":"//*[text()='false']"}
COMMAND: POST /session/668384e1c1f73f3d5461b9d538daca42/elements - {"using":"xpath","value":"//*[text()='false']"}
RESULT: {"using":"xpath","value":"//*[text()='false']"}
COMMAND: POST /session/668384e1c1f73f3d5461b9d538daca42/elements - {"using":"xpath","value":"//*[text()='false']"}
RESULT: {"using":"xpath","value":"//*[text()='false']"}
COMMAND: POST /session/668384e1c1f73f3d5461b9d538daca42/elements - {"using":"xpath","value":"//*[text()='false']"}
RESULT: {"using":"xpath","value":"//*[text()='false']"}
COMMAND: POST /session/668384e1c1f73f3d5461b9d538daca42/elements - {"using":"xpath","value":"//*[text()='false']"}
RESULT: {"using":"xpath","value":"//*[text()='false']"}
COMMAND: POST /session/668384e1c1f73f3d5461b9d538daca42/elements - {"using":"xpath","value":"//*[text()='false']"}
RESULT: {"using":"xpath","value":"//*[text()='false']"}
COMMAND: POST /session/668384e1c1f73f3d5461b9d538daca42/elements - {"using":"xpath","value":"//*[text()='false']"}
RESULT: {"using":"xpath","value":"//*[text()='false']"}
COMMAND: POST /session/668384e1c1f73f3d5461b9d538daca42/elements - {"using":"xpath","value":"//*[text()='false']"}
RESULT: {"using":"xpath","value":"//*[text()='false']"}
COMMAND: POST /session/668384e1c1f73f3d5461b9d538daca42/elements - {"using":"xpath","value":"//*[text()='false']"}
RESULT: {"using":"xpath","value":"//*[text()='false']"}
COMMAND: POST /session/668384e1c1f73f3d5461b9d538daca42/elements - {"using":"xpath","value":"//*[text()='false']"}
RESULT: {"using":"xpath","value":"//*[text()='false']"}
COMMAND: POST /session/668384e1c1f73f3d5461b9d538daca42/elements - {"using":"xpath","value":"//*[text()='false']"}
RESULT: {"using":"xpath","value":"//*[text()='false']"}
COMMAND: POST /session/668384e1c1f73f3d5461b9d538daca42/elements - {"using":"xpath","value":"//*[text()='false']"}
RESULT: {"using":"xpath","value":"//*[text()='false']"}
COMMAND: POST /session/668384e1c1f73f3d5461b9d538daca42/elements - {"using":"xpath","value":"//*[text()='false']"}
RESULT: {"using":"xpath","value":"//*[text()='false']"}
COMMAND: POST /session/668384e1c1f73f3d5461b9d538daca42/elements - {"using":"xpath","value":"//*[text()='false']"}
RESULT: {"using":"xpath","value":"//*[text()='false']"}
COMMAND: POST /session/668384e1c1f73f3d5461b9d538daca42/elements - {"using":"xpath","value":"//*[text()='false']"}
RESULT: {"using":"xpath","value":"//*[text()='false']"}
COMMAND: POST /session/668384e1c1f73f3d5461b9d538daca42/elements - {"using":"xpath","value":"//*[text()='false']"}
RESULT: {"using":"xpath","value":"//*[text()='false']"}
COMMAND: POST /session/668384e1c1f73f3d5461b9d538daca42/elements - {"using":"xpath","value":"//*[text()='false']"}
RESULT: {"using":"xpath","value":"//*[text()='false']"}
COMMAND: POST /session/668384e1c1f73f3d5461b9d538daca42/elements - {"using":"xpath","value":"//*[text()='false']"}
RESULT: {"using":"xpath","value":"//*[text()='false']"}
COMMAND: POST /session/668384e1c1f73f3d5461b9d538daca42/elements - {"using":"xpath","value":"//*[text()='false']"}
RESULT: {"using":"xpath","value":"//*[text()='false']"}
COMMAND: POST /session/668384e1c1f73f3d5461b9d538daca42/elements - {"using":"xpath","value":"//*[text()='false']"}
RESULT: {"using":"xpath","value":"//*[text()='false']"}
COMMAND: POST /session/668384e1c1f73f3d5461b9d538daca42/elements - {"using":"xpath","value":"//*[text()='false']"}
RESULT: {"using":"xpath","value":"//*[text()='false']"}
COMMAND: POST /session/668384e1c1f73f3d5461b9d538daca42/elements - {"using":"xpath","value":"//*[text()='false']"}
RESULT: {"using":"xpath","value":"//*[text()='false']"}
COMMAND: POST /session/668384e1c1f73f3d5461b9d538daca42/elements - {"using":"xpath","value":"//*[text()='false']"}
RESULT: {"using":"xpath","value":"//*[text()='false']"}
COMMAND: POST /session/668384e1c1f73f3d5461b9d538daca42/elements - {"using":"xpath","value":"//*[text()='false']"}
COMMAND: POST /session/668384e1c1f73f3d5461b9d538daca42/element - {"using":"xpath","value":"//span[text()='Provide to site - Completed']"}
RESULT: {"using":"xpath","value":"//*[text()='false']"}
RESULT: {"using":"xpath","value":"//span[text()='Provide to site - Completed']"}
COMMAND: POST /session/668384e1c1f73f3d5461b9d538daca42/elements - {"using":"xpath","value":"//span[text()='Provide to site - Completed']"}
RESULT: {"using":"xpath","value":"//span[text()='Provide to site - Completed']"}
COMMAND: POST /session/668384e1c1f73f3d5461b9d538daca42/elements - {"using":"xpath","value":"//span[text()='Provide to site - Completed']"}
RESULT: {"using":"xpath","value":"//span[text()='Provide to site - Completed']"}
COMMAND: POST /session/668384e1c1f73f3d5461b9d538daca42/elements - {"using":"xpath","value":"//span[text()='Provide to site - Completed']"}
RESULT: {"using":"xpath","value":"//span[text()='Provide to site - Completed']"}
COMMAND: POST /session/668384e1c1f73f3d5461b9d538daca42/elements - {"using":"xpath","value":"//span[text()='Provide to site - Completed']"}
RESULT: {"using":"xpath","value":"//span[text()='Provide to site - Completed']"}
COMMAND: POST /session/668384e1c1f73f3d5461b9d538daca42/elements - {"using":"xpath","value":"//span[text()='Provide to site - Completed']"}
RESULT: {"using":"xpath","value":"//span[text()='Provide to site - Completed']"}
COMMAND: POST /session/668384e1c1f73f3d5461b9d538daca42/elements - {"using":"xpath","value":"//span[text()='Provide to site - Completed']"}
RESULT: {"using":"xpath","value":"//span[text()='Provide to site - Completed']"}
COMMAND: POST /session/668384e1c1f73f3d5461b9d538daca42/elements - {"using":"xpath","value":"//span[text()='Provide to site - Completed']"}
RESULT: {"using":"xpath","value":"//span[text()='Provide to site - Completed']"}
COMMAND: POST /session/668384e1c1f73f3d5461b9d538daca42/elements - {"using":"xpath","value":"//span[text()='Provide to site - Completed']"}
RESULT: {"using":"xpath","value":"//span[text()='Provide to site - Completed']"}
COMMAND: POST /session/668384e1c1f73f3d5461b9d538daca42/elements - {"using":"xpath","value":"//span[text()='Provide to site - Completed']"}
RESULT: {"using":"xpath","value":"//span[text()='Provide to site - Completed']"}
COMMAND: POST /session/668384e1c1f73f3d5461b9d538daca42/elements - {"using":"xpath","value":"//span[text()='Provide to site - Completed']"}
RESULT: {"using":"xpath","value":"//span[text()='Provide to site - Completed']"}
COMMAND: POST /session/668384e1c1f73f3d5461b9d538daca42/elements - {"using":"xpath","value":"//span[text()='Provide to site - Completed']"}
RESULT: {"using":"xpath","value":"//span[text()='Provide to site - Completed']"}
COMMAND: POST /session/668384e1c1f73f3d5461b9d538daca42/elements - {"using":"xpath","value":"//span[text()='Provide to site - Completed']"}
RESULT: {"using":"xpath","value":"//span[text()='Provide to site - Completed']"}
COMMAND: POST /session/668384e1c1f73f3d5461b9d538daca42/elements - {"using":"xpath","value":"//span[text()='Provide to site - Completed']"}
RESULT: {"using":"xpath","value":"//span[text()='Provide to site - Completed']"}
COMMAND: POST /session/668384e1c1f73f3d5461b9d538daca42/elements - {"using":"xpath","value":"//span[text()='Provide to site - Completed']"}
RESULT: {"using":"xpath","value":"//span[text()='Provide to site - Completed']"}
COMMAND: POST /session/668384e1c1f73f3d5461b9d538daca42/elements - {"using":"xpath","value":"//span[text()='Provide to site - Completed']"}
RESULT: {"using":"xpath","value":"//span[text()='Provide to site - Completed']"}
COMMAND: POST /session/668384e1c1f73f3d5461b9d538daca42/elements - {"using":"xpath","value":"//span[text()='Provide to site - Completed']"}
RESULT: {"using":"xpath","value":"//span[text()='Provide to site - Completed']"}
COMMAND: POST /session/668384e1c1f73f3d5461b9d538daca42/elements - {"using":"xpath","value":"//span[text()='Provide to site - Completed']"}
RESULT: {"using":"xpath","value":"//span[text()='Provide to site - Completed']"}
COMMAND: POST /session/668384e1c1f73f3d5461b9d538daca42/elements - {"using":"xpath","value":"//span[text()='Provide to site - Completed']"}
RESULT: {"using":"xpath","value":"//span[text()='Provide to site - Completed']"}
COMMAND: POST /session/668384e1c1f73f3d5461b9d538daca42/elements - {"using":"xpath","value":"//span[text()='Provide to site - Completed']"}
RESULT: {"using":"xpath","value":"//span[text()='Provide to site - Completed']"}
COMMAND: POST /session/668384e1c1f73f3d5461b9d538daca42/elements - {"using":"xpath","value":"//span[text()='Provide to site - Completed']"}
RESULT: {"using":"xpath","value":"//span[text()='Provide to site - Completed']"}
COMMAND: POST /session/668384e1c1f73f3d5461b9d538daca42/elements - {"using":"xpath","value":"//span[text()='Provide to site - Completed']"}
RESULT: {"using":"xpath","value":"//span[text()='Provide to site - Completed']"}
COMMAND: POST /session/668384e1c1f73f3d5461b9d538daca42/elements - {"using":"xpath","value":"//span[text()='Provide to site - Completed']"}
RESULT: {"using":"xpath","value":"//span[text()='Provide to site - Completed']"}
COMMAND: POST /session/668384e1c1f73f3d5461b9d538daca42/elements - {"using":"xpath","value":"//span[text()='Provide to site - Completed']"}
RESULT: {"using":"xpath","value":"//span[text()='Provide to site - Completed']"}
COMMAND: POST /session/668384e1c1f73f3d5461b9d538daca42/elements - {"using":"xpath","value":"//span[text()='Provide to site - Completed']"}
RESULT: {"using":"xpath","value":"//span[text()='Provide to site - Completed']"}
COMMAND: POST /session/668384e1c1f73f3d5461b9d538daca42/elements - {"using":"xpath","value":"//span[text()='Provide to site - Completed']"}
RESULT: {"using":"xpath","value":"//span[text()='Provide to site - Completed']"}
COMMAND: POST /session/668384e1c1f73f3d5461b9d538daca42/elements - {"using":"xpath","value":"//span[text()='Provide to site - Completed']"}
RESULT: {"using":"xpath","value":"//span[text()='Provide to site - Completed']"}
COMMAND: POST /session/668384e1c1f73f3d5461b9d538daca42/elements - {"using":"xpath","value":"//span[text()='Provide to site - Completed']"}
RESULT: {"using":"xpath","value":"//span[text()='Provide to site - Completed']"}
COMMAND: POST /session/668384e1c1f73f3d5461b9d538daca42/elements - {"using":"xpath","value":"//span[text()='Provide to site - Completed']"}
RESULT: {"using":"xpath","value":"//span[text()='Provide to site - Completed']"}
COMMAND: POST /session/668384e1c1f73f3d5461b9d538daca42/elements - {"using":"xpath","value":"//span[text()='Provide to site - Completed']"}
RESULT: {"using":"xpath","value":"//span[text()='Provide to site - Completed']"}
COMMAND: POST /session/668384e1c1f73f3d5461b9d538daca42/elements - {"using":"xpath","value":"//span[text()='Provide to site - Completed']"}
RESULT: {"using":"xpath","value":"//span[text()='Provide to site - Completed']"}
COMMAND: POST /session/668384e1c1f73f3d5461b9d538daca42/elements - {"using":"xpath","value":"//span[text()='Provide to site - Completed']"}
RESULT: {"using":"xpath","value":"//span[text()='Provide to site - Completed']"}
COMMAND: POST /session/668384e1c1f73f3d5461b9d538daca42/elements - {"using":"xpath","value":"//span[text()='Provide to site - Completed']"}
RESULT: {"using":"xpath","value":"//span[text()='Provide to site - Completed']"}
COMMAND: POST /session/668384e1c1f73f3d5461b9d538daca42/elements - {"using":"xpath","value":"//span[text()='Provide to site - Completed']"}
RESULT: {"using":"xpath","value":"//span[text()='Provide to site - Completed']"}
COMMAND: POST /session/668384e1c1f73f3d5461b9d538daca42/elements - {"using":"xpath","value":"//span[text()='Provide to site - Completed']"}
RESULT: {"using":"xpath","value":"//span[text()='Provide to site - Completed']"}
COMMAND: POST /session/668384e1c1f73f3d5461b9d538daca42/elements - {"using":"xpath","value":"//span[text()='Provide to site - Completed']"}
RESULT: {"using":"xpath","value":"//span[text()='Provide to site - Completed']"}
COMMAND: POST /session/668384e1c1f73f3d5461b9d538daca42/elements - {"using":"xpath","value":"//span[text()='Provide to site - Completed']"}
RESULT: {"using":"xpath","value":"//span[text()='Provide to site - Completed']"}
COMMAND: POST /session/668384e1c1f73f3d5461b9d538daca42/elements - {"using":"xpath","value":"//span[text()='Provide to site - Completed']"}
RESULT: {"using":"xpath","value":"//span[text()='Provide to site - Completed']"}
COMMAND: POST /session/668384e1c1f73f3d5461b9d538daca42/elements - {"using":"xpath","value":"//span[text()='Provide to site - Completed']"}
RESULT: {"using":"xpath","value":"//span[text()='Provide to site - Completed']"}
COMMAND: POST /session/668384e1c1f73f3d5461b9d538daca42/elements - {"using":"xpath","value":"//span[text()='Provide to site - Completed']"}
RESULT: {"using":"xpath","value":"//span[text()='Provide to site - Completed']"}
COMMAND: POST /session/668384e1c1f73f3d5461b9d538daca42/elements - {"using":"xpath","value":"//span[text()='Provide to site - Completed']"}
RESULT: {"using":"xpath","value":"//span[text()='Provide to site - Completed']"}
COMMAND: POST /session/668384e1c1f73f3d5461b9d538daca42/elements - {"using":"xpath","value":"//span[text()='Provide to site - Completed']"}
RESULT: {"using":"xpath","value":"//span[text()='Provide to site - Completed']"}
COMMAND: POST /session/668384e1c1f73f3d5461b9d538daca42/elements - {"using":"xpath","value":"//span[text()='Provide to site - Completed']"}
RESULT: {"using":"xpath","value":"//span[text()='Provide to site - Completed']"}
COMMAND: POST /session/668384e1c1f73f3d5461b9d538daca42/elements - {"using":"xpath","value":"//span[text()='Provide to site - Completed']"}
RESULT: {"using":"xpath","value":"//span[text()='Provide to site - Completed']"}
COMMAND: POST /session/668384e1c1f73f3d5461b9d538daca42/elements - {"using":"xpath","value":"//span[text()='Provide to site - Completed']"}
RESULT: {"using":"xpath","value":"//span[text()='Provide to site - Completed']"}
COMMAND: POST /session/668384e1c1f73f3d5461b9d538daca42/elements - {"using":"xpath","value":"//span[text()='Provide to site - Completed']"}
RESULT: {"using":"xpath","value":"//span[text()='Provide to site - Completed']"}
COMMAND: POST /session/668384e1c1f73f3d5461b9d538daca42/elements - {"using":"xpath","value":"//span[text()='Provide to site - Completed']"}
RESULT: {"using":"xpath","value":"//span[text()='Provide to site - Completed']"}
COMMAND: POST /session/668384e1c1f73f3d5461b9d538daca42/elements - {"using":"xpath","value":"//span[text()='Provide to site - Completed']"}
RESULT: {"using":"xpath","value":"//span[text()='Provide to site - Completed']"}
COMMAND: POST /session/668384e1c1f73f3d5461b9d538daca42/elements - {"using":"xpath","value":"//span[text()='Provide to site - Completed']"}
RESULT: {"using":"xpath","value":"//span[text()='Provide to site - Completed']"}
COMMAND: POST /session/668384e1c1f73f3d5461b9d538daca42/elements - {"using":"xpath","value":"//span[text()='Provide to site - Completed']"}
RESULT: {"using":"xpath","value":"//span[text()='Provide to site - Completed']"}
COMMAND: POST /session/668384e1c1f73f3d5461b9d538daca42/elements - {"using":"xpath","value":"//span[text()='Provide to site - Completed']"}
RESULT: {"using":"xpath","value":"//span[text()='Provide to site - Completed']"}
COMMAND: POST /session/668384e1c1f73f3d5461b9d538daca42/elements - {"using":"xpath","value":"//span[text()='Provide to site - Completed']"}
RESULT: {"using":"xpath","value":"//span[text()='Provide to site - Completed']"}
COMMAND: POST /session/668384e1c1f73f3d5461b9d538daca42/elements - {"using":"xpath","value":"//span[text()='Provide to site - Completed']"}
RESULT: {"using":"xpath","value":"//span[text()='Provide to site - Completed']"}
COMMAND: POST /session/668384e1c1f73f3d5461b9d538daca42/elements - {"using":"xpath","value":"//span[text()='Provide to site - Completed']"}
RESULT: {"using":"xpath","value":"//span[text()='Provide to site - Completed']"}
COMMAND: POST /session/668384e1c1f73f3d5461b9d538daca42/elements - {"using":"xpath","value":"//span[text()='Provide to site - Completed']"}
RESULT: {"using":"xpath","value":"//span[text()='Provide to site - Completed']"}
COMMAND: POST /session/668384e1c1f73f3d5461b9d538daca42/elements - {"using":"xpath","value":"//span[text()='Provide to site - Completed']"}
RESULT: {"using":"xpath","value":"//span[text()='Provide to site - Completed']"}
COMMAND: POST /session/668384e1c1f73f3d5461b9d538daca42/elements - {"using":"xpath","value":"//span[text()='Provide to site - Completed']"}
RESULT: {"using":"xpath","value":"//span[text()='Provide to site - Completed']"}
COMMAND: POST /session/668384e1c1f73f3d5461b9d538daca42/elements - {"using":"xpath","value":"//span[text()='Provide to site - Completed']"}
RESULT: {"using":"xpath","value":"//span[text()='Provide to site - Completed']"}
COMMAND: POST /session/668384e1c1f73f3d5461b9d538daca42/elements - {"using":"xpath","value":"//span[text()='Provide to site - Completed']"}
RESULT: {"using":"xpath","value":"//span[text()='Provide to site - Completed']"}
COMMAND: POST /session/668384e1c1f73f3d5461b9d538daca42/elements - {"using":"xpath","value":"//span[text()='Provide to site - Completed']"}
RESULT: {"using":"xpath","value":"//span[text()='Provide to site - Completed']"}
COMMAND: POST /session/668384e1c1f73f3d5461b9d538daca42/elements - {"using":"xpath","value":"//span[text()='Provide to site - Completed']"}
RESULT: {"using":"xpath","value":"//span[text()='Provide to site - Completed']"}
COMMAND: POST /session/668384e1c1f73f3d5461b9d538daca42/elements - {"using":"xpath","value":"//span[text()='Provide to site - Completed']"}
RESULT: {"using":"xpath","value":"//span[text()='Provide to site - Completed']"}
COMMAND: POST /session/668384e1c1f73f3d5461b9d538daca42/elements - {"using":"xpath","value":"//span[text()='Provide to site - Completed']"}
RESULT: {"using":"xpath","value":"//span[text()='Provide to site - Completed']"}
COMMAND: POST /session/668384e1c1f73f3d5461b9d538daca42/elements - {"using":"xpath","value":"//span[text()='Provide to site - Completed']"}
RESULT: {"using":"xpath","value":"//span[text()='Provide to site - Completed']"}
COMMAND: POST /session/668384e1c1f73f3d5461b9d538daca42/elements - {"using":"xpath","value":"//span[text()='Provide to site - Completed']"}
RESULT: {"using":"xpath","value":"//span[text()='Provide to site - Completed']"}
COMMAND: POST /session/668384e1c1f73f3d5461b9d538daca42/elements - {"using":"xpath","value":"//span[text()='Provide to site - Completed']"}
RESULT: {"using":"xpath","value":"//span[text()='Provide to site - Completed']"}
COMMAND: POST /session/668384e1c1f73f3d5461b9d538daca42/elements - {"using":"xpath","value":"//span[text()='Provide to site - Completed']"}
RESULT: {"using":"xpath","value":"//span[text()='Provide to site - Completed']"}
COMMAND: POST /session/668384e1c1f73f3d5461b9d538daca42/elements - {"using":"xpath","value":"//span[text()='Provide to site - Completed']"}
RESULT: {"using":"xpath","value":"//span[text()='Provide to site - Completed']"}
COMMAND: POST /session/668384e1c1f73f3d5461b9d538daca42/elements - {"using":"xpath","value":"//span[text()='Provide to site - Completed']"}
RESULT: {"using":"xpath","value":"//span[text()='Provide to site - Completed']"}
COMMAND: POST /session/668384e1c1f73f3d5461b9d538daca42/elements - {"using":"xpath","value":"//span[text()='Provide to site - Completed']"}
RESULT: {"using":"xpath","value":"//span[text()='Provide to site - Completed']"}
COMMAND: POST /session/668384e1c1f73f3d5461b9d538daca42/elements - {"using":"xpath","value":"//span[text()='Provide to site - Completed']"}
RESULT: {"using":"xpath","value":"//span[text()='Provide to site - Completed']"}
COMMAND: POST /session/668384e1c1f73f3d5461b9d538daca42/elements - {"using":"xpath","value":"//span[text()='Provide to site - Completed']"}
RESULT: {"using":"xpath","value":"//span[text()='Provide to site - Completed']"}
COMMAND: POST /session/668384e1c1f73f3d5461b9d538daca42/elements - {"using":"xpath","value":"//span[text()='Provide to site - Completed']"}
RESULT: {"using":"xpath","value":"//span[text()='Provide to site - Completed']"}
COMMAND: POST /session/668384e1c1f73f3d5461b9d538daca42/elements - {"using":"xpath","value":"//span[text()='Provide to site - Completed']"}
RESULT: {"using":"xpath","value":"//span[text()='Provide to site - Completed']"}
COMMAND: POST /session/668384e1c1f73f3d5461b9d538daca42/elements - {"using":"xpath","value":"//span[text()='Provide to site - Completed']"}
RESULT: {"using":"xpath","value":"//span[text()='Provide to site - Completed']"}
COMMAND: POST /session/668384e1c1f73f3d5461b9d538daca42/elements - {"using":"xpath","value":"//span[text()='Provide to site - Completed']"}
RESULT: {"using":"xpath","value":"//span[text()='Provide to site - Completed']"}
COMMAND: POST /session/668384e1c1f73f3d5461b9d538daca42/elements - {"using":"xpath","value":"//span[text()='Provide to site - Completed']"}
RESULT: {"using":"xpath","value":"//span[text()='Provide to site - Completed']"}
COMMAND: POST /session/668384e1c1f73f3d5461b9d538daca42/elements - {"using":"xpath","value":"//span[text()='Provide to site - Completed']"}
RESULT: {"using":"xpath","value":"//span[text()='Provide to site - Completed']"}
COMMAND: POST /session/668384e1c1f73f3d5461b9d538daca42/elements - {"using":"xpath","value":"//span[text()='Provide to site - Completed']"}
RESULT: {"using":"xpath","value":"//span[text()='Provide to site - Completed']"}
COMMAND: POST /session/668384e1c1f73f3d5461b9d538daca42/elements - {"using":"xpath","value":"//span[text()='Provide to site - Completed']"}
RESULT: {"using":"xpath","value":"//span[text()='Provide to site - Completed']"}
COMMAND: POST /session/668384e1c1f73f3d5461b9d538daca42/elements - {"using":"xpath","value":"//span[text()='Provide to site - Completed']"}
RESULT: {"using":"xpath","value":"//span[text()='Provide to site - Completed']"}
COMMAND: POST /session/668384e1c1f73f3d5461b9d538daca42/elements - {"using":"xpath","value":"//span[text()='Provide to site - Completed']"}
RESULT: {"using":"xpath","value":"//span[text()='Provide to site - Completed']"}
COMMAND: POST /session/668384e1c1f73f3d5461b9d538daca42/elements - {"using":"xpath","value":"//span[text()='Provide to site - Completed']"}
RESULT: {"using":"xpath","value":"//span[text()='Provide to site - Completed']"}
COMMAND: POST /session/668384e1c1f73f3d5461b9d538daca42/elements - {"using":"xpath","value":"//span[text()='Provide to site - Completed']"}
RESULT: {"using":"xpath","value":"//span[text()='Provide to site - Completed']"}
COMMAND: POST /session/668384e1c1f73f3d5461b9d538daca42/elements - {"using":"xpath","value":"//span[text()='Provide to site - Completed']"}
RESULT: {"using":"xpath","value":"//span[text()='Provide to site - Completed']"}
COMMAND: POST /session/668384e1c1f73f3d5461b9d538daca42/elements - {"using":"xpath","value":"//span[text()='Provide to site - Completed']"}
RESULT: {"using":"xpath","value":"//span[text()='Provide to site - Completed']"}
COMMAND: POST /session/668384e1c1f73f3d5461b9d538daca42/elements - {"using":"xpath","value":"//span[text()='Provide to site - Completed']"}
RESULT: {"using":"xpath","value":"//span[text()='Provide to site - Completed']"}
COMMAND: POST /session/668384e1c1f73f3d5461b9d538daca42/elements - {"using":"xpath","value":"//span[text()='Provide to site - Completed']"}
RESULT: {"using":"xpath","value":"//span[text()='Provide to site - Completed']"}
COMMAND: POST /session/668384e1c1f73f3d5461b9d538daca42/elements - {"using":"xpath","value":"//span[text()='Provide to site - Completed']"}
RESULT: {"using":"xpath","value":"//span[text()='Provide to site - Completed']"}
COMMAND: POST /session/668384e1c1f73f3d5461b9d538daca42/elements - {"using":"xpath","value":"//span[text()='Provide to site - Completed']"}
RESULT: {"using":"xpath","value":"//span[text()='Provide to site - Completed']"}
COMMAND: POST /session/668384e1c1f73f3d5461b9d538daca42/elements - {"using":"xpath","value":"//span[text()='Provide to site - Completed']"}
RESULT: {"using":"xpath","value":"//span[text()='Provide to site - Completed']"}
COMMAND: POST /session/668384e1c1f73f3d5461b9d538daca42/elements - {"using":"xpath","value":"//span[text()='Provide to site - Completed']"}
COMMAND: POST /session/668384e1c1f73f3d5461b9d538daca42/execute/async - {"script":"<script> [1562 bytes]","args":[{"selector":{"controlType":"sap.m.Button","viewName":"etm.portal.ui.managehandovers.view.DetailExecuteHO","i18NText":{"propertyName":"text","key":"pickQty"},"interaction":{"idSuffix":"BDI-content"}},"wdio_ui5_key":"etmportal.ui.managehandovers.view.DetailExecuteHOsap.m.Button{\"propertyName\":\"text\",\"key\":\"pickQty\"}"}]}
RESULT: {"using":"xpath","value":"//span[text()='Provide to site - Completed']"}
RESULT: {"script":"<script> [1562 bytes]","args":[{"selector":{"controlType":"sap.m.Button","viewName":"etm.portal.ui.managehandovers.view.DetailExecuteHO","i18NText":{"propertyName":"text","key":"pickQty"},"interaction":{"idSuffix":"BDI-content"}},"wdio_ui5_key":"etmportal.ui.managehandovers.view.DetailExecuteHOsap.m.Button{\"propertyName\":\"text\",\"key\":\"pickQty\"}"}]}
RESULT: undefined
COMMAND: POST /session/668384e1c1f73f3d5461b9d538daca42/execute/async - {"script":"<script> [1562 bytes]","args":[{"selector":{"controlType":"sap.m.Link","viewName":"etm.portal.ui.managehandovers.view.DetailExecuteHO","bindingPath":{"path":"","propertyPath":"/wmDoc","modelName":"warehouseMovModel"}},"wdio_ui5_key":"etmportal.ui.managehandovers.view.DetailExecuteHOsap.m.Link{\"path\":\"\",\"propertyPath\":\"/wmDoc\",\"modelName\":\"warehouseMovModel\"}"}]}
RESULT: {"script":"<script> [1562 bytes]","args":[{"selector":{"controlType":"sap.m.Link","viewName":"etm.portal.ui.managehandovers.view.DetailExecuteHO","bindingPath":{"path":"","propertyPath":"/wmDoc","modelName":"warehouseMovModel"}},"wdio_ui5_key":"etmportal.ui.managehandovers.view.DetailExecuteHOsap.m.Link{\"path\":\"\",\"propertyPath\":\"/wmDoc\",\"modelName\":\"warehouseMovModel\"}"}]}
RESULT: undefined
COMMAND: POST /session/668384e1c1f73f3d5461b9d538daca42/execute/async - {"script":"<script> [1562 bytes]","args":[{"selector":{"controlType":"sap.m.Link","viewName":"etm.portal.ui.managehandovers.view.DetailExecuteHO","properties":{"text":"Warehouse Overview"},"searchOpenDialogs":true},"wdio_ui5_key":"etmportal.ui.managehandovers.view.DetailExecuteHOsap.m.Link{\"text\":\"Warehouse Overview\"}"}]}
RESULT: {"script":"<script> [1562 bytes]","args":[{"selector":{"controlType":"sap.m.Link","viewName":"etm.portal.ui.managehandovers.view.DetailExecuteHO","properties":{"text":"Warehouse Overview"},"searchOpenDialogs":true},"wdio_ui5_key":"etmportal.ui.managehandovers.view.DetailExecuteHOsap.m.Link{\"text\":\"Warehouse Overview\"}"}]}
RESULT: undefined
COMMAND: POST /session/668384e1c1f73f3d5461b9d538daca42/execute/async - {"script":"<script> [1562 bytes]","args":[{"selector":{"controlType":"sap.m.Button","viewName":"etm.portal.ui.warehousemovements.view.DisplayMovement","viewId":"application-warehousemovements-display-component---displayMovement","i18NText":{"propertyName":"text","key":"execution"},"interaction":{"idSuffix":"BDI-content"}},"wdio_ui5_key":"etmportal.ui.warehousemovements.view.DisplayMovementsap.m.Button{\"propertyName\":\"text\",\"key\":\"execution\"}"}]}
RESULT: {"script":"<script> [1562 bytes]","args":[{"selector":{"controlType":"sap.m.Button","viewName":"etm.portal.ui.warehousemovements.view.DisplayMovement","viewId":"application-warehousemovements-display-component---displayMovement","i18NText":{"propertyName":"text","key":"execution"},"interaction":{"idSuffix":"BDI-content"}},"wdio_ui5_key":"etmportal.ui.warehousemovements.view.DisplayMovementsap.m.Button{\"propertyName\":\"text\",\"key\":\"execution\"}"}]}
RESULT: undefined
COMMAND: POST /session/668384e1c1f73f3d5461b9d538daca42/execute/async - {"script":"<script> [1562 bytes]","args":[{"selector":{"controlType":"sap.m.Button","viewName":"etm.portal.ui.warehousemovements.view.ExecuteMovement","viewId":"application-warehousemovements-display-component---executeMovement","properties":{"text":"Items"},"interaction":{"idSuffix":"BDI-content"}},"wdio_ui5_key":"etmportal.ui.warehousemovements.view.ExecuteMovementsap.m.Button{\"text\":\"Items\"}"}]}
RESULT: {"script":"<script> [1562 bytes]","args":[{"selector":{"controlType":"sap.m.Button","viewName":"etm.portal.ui.warehousemovements.view.ExecuteMovement","viewId":"application-warehousemovements-display-component---executeMovement","properties":{"text":"Items"},"interaction":{"idSuffix":"BDI-content"}},"wdio_ui5_key":"etmportal.ui.warehousemovements.view.ExecuteMovementsap.m.Button{\"text\":\"Items\"}"}]}
RESULT: undefined
COMMAND: POST /session/668384e1c1f73f3d5461b9d538daca42/execute/async - {"script":"<script> [1562 bytes]","args":[{"selector":{"controlType":"sap.m.ToggleButton","viewName":"etm.portal.ui.warehousemovements.view.ExecuteMovement","viewId":"application-warehousemovements-display-component---executeMovement","bindingPath":{"propertyPath":"STATUS","modelName":"catalogModel"},"interaction":{"idSuffix":"BDI-content"}},"wdio_ui5_key":"etmportal.ui.warehousemovements.view.ExecuteMovementsap.m.ToggleButton{\"propertyPath\":\"STATUS\",\"modelName\":\"catalogModel\"}"}]}
RESULT: {"script":"<script> [1562 bytes]","args":[{"selector":{"controlType":"sap.m.ToggleButton","viewName":"etm.portal.ui.warehousemovements.view.ExecuteMovement","viewId":"application-warehousemovements-display-component---executeMovement","bindingPath":{"propertyPath":"STATUS","modelName":"catalogModel"},"interaction":{"idSuffix":"BDI-content"}},"wdio_ui5_key":"etmportal.ui.warehousemovements.view.ExecuteMovementsap.m.ToggleButton{\"propertyPath\":\"STATUS\",\"modelName\":\"catalogModel\"}"}]}
RESULT: undefined
RESULT: undefined
RESULT: undefined
COMMAND: POST /session/668384e1c1f73f3d5461b9d538daca42/execute/async - {"script":"<script> [1562 bytes]","args":[{"selector":{"id":"application-warehousemovements-display-component---executeMovement--executeId","interaction":{"idSuffix":"BDI-content"}},"wdio_ui5_key":"applicationwarehousemovements-display-component---executeMovement--executeId"}]}
RESULT: {"script":"<script> [1562 bytes]","args":[{"selector":{"id":"application-warehousemovements-display-component---executeMovement--executeId","interaction":{"idSuffix":"BDI-content"}},"wdio_ui5_key":"applicationwarehousemovements-display-component---executeMovement--executeId"}]}
RESULT: undefined
COMMAND: POST /session/668384e1c1f73f3d5461b9d538daca42/element - {"using":"css selector","value":"#shell-header-logo"}
RESULT: {"using":"css selector","value":"#shell-header-logo"}
COMMAND: POST /session/668384e1c1f73f3d5461b9d538daca42/element/f.F64AD31729AEE402AD374BC91D68D115.d.94FAACDF3586084BC50BF66998CD811F.e.14317/click - {}
RESULT: {}
COMMAND: GET /session/668384e1c1f73f3d5461b9d538daca42/screenshot - {}
RESULT: {}
RESULT: undefined
COMMAND: POST /session/668384e1c1f73f3d5461b9d538daca42/execute/async - {"script":"<script> [1562 bytes]","args":[{"selector":{"controlType":"sap.m.SearchField","viewName":"etm.portal.ui.managehandovers.view.MasterHO","bindingPath":{"propertyPath":"/_BASIC_SEARCH_FIELD","modelName":"fi1t3rM0d31"},"interaction":{"idSuffix":"I"}},"wdio_ui5_key":"etmportal.ui.managehandovers.view.MasterHOsap.m.SearchField{\"propertyPath\":\"/_BASIC_SEARCH_FIELD\",\"modelName\":\"fi1t3rM0d31\"}"}]}
RESULT: {"script":"<script> [1562 bytes]","args":[{"selector":{"controlType":"sap.m.SearchField","viewName":"etm.portal.ui.managehandovers.view.MasterHO","bindingPath":{"propertyPath":"/_BASIC_SEARCH_FIELD","modelName":"fi1t3rM0d31"},"interaction":{"idSuffix":"I"}},"wdio_ui5_key":"etmportal.ui.managehandovers.view.MasterHOsap.m.SearchField{\"propertyPath\":\"/_BASIC_SEARCH_FIELD\",\"modelName\":\"fi1t3rM0d31\"}"}]}
RESULT: undefined
COMMAND: POST /session/668384e1c1f73f3d5461b9d538daca42/actions - {"actions":[{"id":"action71","type":"key","parameters":{},"actions":[{"type":"keyDown","value":"î€‡"},{"type":"pause","duration":10},{"type":"keyUp","value":"î€‡"}]}]}
RESULT: {"actions":[{"id":"action71","type":"key","parameters":{},"actions":[{"type":"keyDown","value":"î€‡"},{"type":"pause","duration":10},{"type":"keyUp","value":"î€‡"}]}]}
COMMAND: GET /session/668384e1c1f73f3d5461b9d538daca42/screenshot - {}
RESULT: {}
COMMAND: POST /session/668384e1c1f73f3d5461b9d538daca42/execute/async - {"script":"<script> [1562 bytes]","args":[{"selector":{"controlType":"sap.ui.core.Icon","viewName":"etm.portal.ui.managehandovers.view.MasterHO","properties":{"src":{"regex":{"source":"slim\\-arrow\\-right"}}}},"wdio_ui5_key":"etmportal.ui.managehandovers.view.MasterHOsap.ui.core.Icon{\"src\":{\"regex\":{\"source\":\"slim\\\\-arrow\\\\-right\"}}}"}]}
RESULT: {"script":"<script> [1562 bytes]","args":[{"selector":{"controlType":"sap.ui.core.Icon","viewName":"etm.portal.ui.managehandovers.view.MasterHO","properties":{"src":{"regex":{"source":"slim\\-arrow\\-right"}}}},"wdio_ui5_key":"etmportal.ui.managehandovers.view.MasterHOsap.ui.core.Icon{\"src\":{\"regex\":{\"source\":\"slim\\\\-arrow\\\\-right\"}}}"}]}
RESULT: undefined
COMMAND: POST /session/668384e1c1f73f3d5461b9d538daca42/execute/async - {"script":"<script> [1562 bytes]","args":[{"selector":{"controlType":"sap.m.Button","viewName":"etm.portal.ui.managehandovers.view.DetailExecuteHO","i18NText":{"propertyName":"text","key":"confirmAll"},"interaction":{"idSuffix":"BDI-content"}},"wdio_ui5_key":"etmportal.ui.managehandovers.view.DetailExecuteHOsap.m.Button{\"propertyName\":\"text\",\"key\":\"confirmAll\"}"}]}
RESULT: {"script":"<script> [1562 bytes]","args":[{"selector":{"controlType":"sap.m.Button","viewName":"etm.portal.ui.managehandovers.view.DetailExecuteHO","i18NText":{"propertyName":"text","key":"confirmAll"},"interaction":{"idSuffix":"BDI-content"}},"wdio_ui5_key":"etmportal.ui.managehandovers.view.DetailExecuteHOsap.m.Button{\"propertyName\":\"text\",\"key\":\"confirmAll\"}"}]}
RESULT: undefined
COMMAND: POST /session/668384e1c1f73f3d5461b9d538daca42/actions - {"actions":[{"id":"action72","type":"key","parameters":{},"actions":[{"type":"keyDown","value":"î€‡"},{"type":"pause","duration":10},{"type":"keyUp","value":"î€‡"}]}]}
RESULT: {"actions":[{"id":"action72","type":"key","parameters":{},"actions":[{"type":"keyDown","value":"î€‡"},{"type":"pause","duration":10},{"type":"keyUp","value":"î€‡"}]}]}
COMMAND: GET /session/668384e1c1f73f3d5461b9d538daca42/screenshot - {}
RESULT: {}
COMMAND: POST /session/668384e1c1f73f3d5461b9d538daca42/execute/async - {"script":"<script> [1562 bytes]","args":[{"selector":{"id":"confirmationButton","viewName":"etm.portal.ui.managehandovers.view.DetailExecuteHO","properties":{"text":"Issue"},"interaction":{"idSuffix":"BDI-content"}},"wdio_ui5_key":"confirmationButtonetmportal.ui.managehandovers.view.DetailExecuteHO{\"text\":\"Issue\"}"}]}
RESULT: {"script":"<script> [1562 bytes]","args":[{"selector":{"id":"confirmationButton","viewName":"etm.portal.ui.managehandovers.view.DetailExecuteHO","properties":{"text":"Issue"},"interaction":{"idSuffix":"BDI-content"}},"wdio_ui5_key":"confirmationButtonetmportal.ui.managehandovers.view.DetailExecuteHO{\"text\":\"Issue\"}"}]}
RESULT: undefined
RESULT: undefined
COMMAND: POST /session/668384e1c1f73f3d5461b9d538daca42/actions - {"actions":[{"id":"action73","type":"key","parameters":{},"actions":[{"type":"keyDown","value":"î€‡"},{"type":"pause","duration":10},{"type":"keyUp","value":"î€‡"}]}]}
RESULT: {"actions":[{"id":"action73","type":"key","parameters":{},"actions":[{"type":"keyDown","value":"î€‡"},{"type":"pause","duration":10},{"type":"keyUp","value":"î€‡"}]}]}
COMMAND: GET /session/668384e1c1f73f3d5461b9d538daca42/screenshot - {}
RESULT: {}
RESULT: undefined
COMMAND: POST /session/668384e1c1f73f3d5461b9d538daca42/execute/async - {"script":"<script> [1562 bytes]","args":[{"selector":{"id":"instructionsTabFilter","viewName":"etm.portal.ui.managehandovers.view.DetailExecuteHO","interaction":{"idSuffix":"text"}},"wdio_ui5_key":"instructionsTabFilteretmportal.ui.managehandovers.view.DetailExecuteHO"}]}
RESULT: {"script":"<script> [1562 bytes]","args":[{"selector":{"id":"instructionsTabFilter","viewName":"etm.portal.ui.managehandovers.view.DetailExecuteHO","interaction":{"idSuffix":"text"}},"wdio_ui5_key":"instructionsTabFilteretmportal.ui.managehandovers.view.DetailExecuteHO"}]}
RESULT: undefined
RESULT: undefined
COMMAND: POST /session/668384e1c1f73f3d5461b9d538daca42/execute/async - {"script":"<script> [1562 bytes]","args":[{"selector":{"controlType":"sap.m.ComboBox","viewName":"etm.portal.ui.managehandovers.view.DetailExecuteHO","bindingPath":{"propertyPath":"RECEIVING_SECTION","modelName":"catalogModel"},"interaction":{"idSuffix":"inner"}},"wdio_ui5_key":"etmportal.ui.managehandovers.view.DetailExecuteHOsap.m.ComboBox{\"propertyPath\":\"RECEIVING_SECTION\",\"modelName\":\"catalogModel\"}"}]}
RESULT: {"script":"<script> [1562 bytes]","args":[{"selector":{"controlType":"sap.m.ComboBox","viewName":"etm.portal.ui.managehandovers.view.DetailExecuteHO","bindingPath":{"propertyPath":"RECEIVING_SECTION","modelName":"catalogModel"},"interaction":{"idSuffix":"inner"}},"wdio_ui5_key":"etmportal.ui.managehandovers.view.DetailExecuteHOsap.m.ComboBox{\"propertyPath\":\"RECEIVING_SECTION\",\"modelName\":\"catalogModel\"}"}]}
RESULT: undefined
COMMAND: POST /session/668384e1c1f73f3d5461b9d538daca42/actions - {"actions":[{"id":"action74","type":"key","parameters":{},"actions":[{"type":"keyDown","value":"î€‡"},{"type":"pause","duration":10},{"type":"keyUp","value":"î€‡"}]}]}
RESULT: {"actions":[{"id":"action74","type":"key","parameters":{},"actions":[{"type":"keyDown","value":"î€‡"},{"type":"pause","duration":10},{"type":"keyUp","value":"î€‡"}]}]}
COMMAND: GET /session/668384e1c1f73f3d5461b9d538daca42/screenshot - {}
RESULT: {}
COMMAND: POST /session/668384e1c1f73f3d5461b9d538daca42/execute/async - {"script":"<script> [1562 bytes]","args":[{"selector":{"id":"confirmationButton","viewName":"etm.portal.ui.managehandovers.view.DetailExecuteHO","properties":{"text":"Receive"},"interaction":{"idSuffix":"BDI-content"}},"wdio_ui5_key":"confirmationButtonetmportal.ui.managehandovers.view.DetailExecuteHO{\"text\":\"Receive\"}"}]}
RESULT: {"script":"<script> [1562 bytes]","args":[{"selector":{"id":"confirmationButton","viewName":"etm.portal.ui.managehandovers.view.DetailExecuteHO","properties":{"text":"Receive"},"interaction":{"idSuffix":"BDI-content"}},"wdio_ui5_key":"confirmationButtonetmportal.ui.managehandovers.view.DetailExecuteHO{\"text\":\"Receive\"}"}]}
RESULT: undefined
COMMAND: POST /session/668384e1c1f73f3d5461b9d538daca42/execute/async - {"script":"<script> [1562 bytes]","args":[{"selector":{"controlType":"sap.m.Button","properties":{"text":"Continue"},"searchOpenDialogs":true,"interaction":{"idSuffix":"content"}},"wdio_ui5_key":"sapm.Button{\"text\":\"Continue\"}"}]}
RESULT: {"script":"<script> [1562 bytes]","args":[{"selector":{"controlType":"sap.m.Button","properties":{"text":"Continue"},"searchOpenDialogs":true,"interaction":{"idSuffix":"content"}},"wdio_ui5_key":"sapm.Button{\"text\":\"Continue\"}"}]}
RESULT: undefined
COMMAND: POST /session/668384e1c1f73f3d5461b9d538daca42/element - {"using":"css selector","value":"#j_username"}
COMMAND: POST /session/668384e1c1f73f3d5461b9d538daca42/url - {"url":"https://qa-testing-00-live-etm-ui.cfapps.eu10-004.hana.ondemand.com/"}
COMMAND: GET /session/668384e1c1f73f3d5461b9d538daca42/screenshot - {}
RESULT: {"using":"css selector","value":"#j_username"}
COMMAND: POST /session/668384e1c1f73f3d5461b9d538daca42/element - {"using":"css selector","value":"#j_username"}
RESULT: {"url":"https://qa-testing-00-live-etm-ui.cfapps.eu10-004.hana.ondemand.com/"}
RESULT: undefined
COMMAND: GET /session/668384e1c1f73f3d5461b9d538daca42/screenshot - {}
RESULT: {}
RESULT: {"using":"css selector","value":"#j_username"}
COMMAND: POST /session/668384e1c1f73f3d5461b9d538daca42/element - {"using":"css selector","value":"#shell-header-logo"}
RESULT: {}
RESULT: {"using":"css selector","value":"#shell-header-logo"}
COMMAND: POST /session/668384e1c1f73f3d5461b9d538daca42/execute/sync - {"script":"<script> [8489 bytes]","args":[{"element-6066-11e4-a52e-4f735466cecf":"f.F64AD31729AEE402AD374BC91D68D115.d.2F203EF75D82152DD591F50B420993B5.e.15016","ELEMENT":"f.F64AD31729AEE402AD374BC91D68D115.d.2F203EF75D82152DD591F50B420993B5.e.15016"}]}
RESULT: {"script":"<script> [8489 bytes]","args":[{"element-6066-11e4-a52e-4f735466cecf":"f.F64AD31729AEE402AD374BC91D68D115.d.2F203EF75D82152DD591F50B420993B5.e.15016","ELEMENT":"f.F64AD31729AEE402AD374BC91D68D115.d.2F203EF75D82152DD591F50B420993B5.e.15016"}]}
COMMAND: POST /session/668384e1c1f73f3d5461b9d538daca42/element - {"using":"css selector","value":"#shell-header-logo"}
COMMAND: GET /session/668384e1c1f73f3d5461b9d538daca42/screenshot - {}
RESULT: {"using":"css selector","value":"#shell-header-logo"}
COMMAND: POST /session/668384e1c1f73f3d5461b9d538daca42/execute/sync - {"script":"<script> [8489 bytes]","args":[{"element-6066-11e4-a52e-4f735466cecf":"f.F64AD31729AEE402AD374BC91D68D115.d.2F203EF75D82152DD591F50B420993B5.e.15016","ELEMENT":"f.F64AD31729AEE402AD374BC91D68D115.d.2F203EF75D82152DD591F50B420993B5.e.15016"}]}
RESULT: {}
RESULT: {"script":"<script> [8489 bytes]","args":[{"element-6066-11e4-a52e-4f735466cecf":"f.F64AD31729AEE402AD374BC91D68D115.d.2F203EF75D82152DD591F50B420993B5.e.15016","ELEMENT":"f.F64AD31729AEE402AD374BC91D68D115.d.2F203EF75D82152DD591F50B420993B5.e.15016"}]}
COMMAND: POST /session/668384e1c1f73f3d5461b9d538daca42/execute/sync - {"script":"<script> [5351 bytes]","args":[{"element-6066-11e4-a52e-4f735466cecf":"f.F64AD31729AEE402AD374BC91D68D115.d.2F203EF75D82152DD591F50B420993B5.e.15016","ELEMENT":"f.F64AD31729AEE402AD374BC91D68D115.d.2F203EF75D82152DD591F50B420993B5.e.15016"}]}
COMMAND: GET /session/668384e1c1f73f3d5461b9d538daca42/screenshot - {}
RESULT: {}
RESULT: {"script":"<script> [5351 bytes]","args":[{"element-6066-11e4-a52e-4f735466cecf":"f.F64AD31729AEE402AD374BC91D68D115.d.2F203EF75D82152DD591F50B420993B5.e.15016","ELEMENT":"f.F64AD31729AEE402AD374BC91D68D115.d.2F203EF75D82152DD591F50B420993B5.e.15016"}]}
COMMAND: POST /session/668384e1c1f73f3d5461b9d538daca42/element - {"using":"css selector","value":"#shell-header-logo"}
COMMAND: GET /session/668384e1c1f73f3d5461b9d538daca42/screenshot - {}
RESULT: {"using":"css selector","value":"#shell-header-logo"}
COMMAND: POST /session/668384e1c1f73f3d5461b9d538daca42/element/f.F64AD31729AEE402AD374BC91D68D115.d.2F203EF75D82152DD591F50B420993B5.e.15016/click - {}
RESULT: {}
RESULT: {}
COMMAND: GET /session/668384e1c1f73f3d5461b9d538daca42/screenshot - {}
RESULT: {}
COMMAND: POST /session/668384e1c1f73f3d5461b9d538daca42/execute/async - {"script":"<script> [189 bytes]","args":[]}
RESULT: {"script":"<script> [189 bytes]","args":[]}
COMMAND: POST /session/668384e1c1f73f3d5461b9d538daca42/execute/async - {"script":"<script> [123 bytes]","args":[]}
RESULT: {"script":"<script> [123 bytes]","args":[]}
COMMAND: POST /session/668384e1c1f73f3d5461b9d538daca42/timeouts - {"script":"<number>"}
RESULT: {"script":"<number>"}
COMMAND: GET /session/668384e1c1f73f3d5461b9d538daca42/timeouts - {}
RESULT: {}
RESULT: undefined
COMMAND: POST /session/668384e1c1f73f3d5461b9d538daca42/execute/async - {"script":"<script> [2676 bytes]","args":[]}
RESULT: {"script":"<script> [2676 bytes]","args":[]}
COMMAND: POST /session/668384e1c1f73f3d5461b9d538daca42/execute/async - {"script":"<script> [2342 bytes]","args":[{"protocol":"http","hostname":"0.0.0.0","path":"/","capabilities":{"browserName":"chrome","goog:chromeOptions":{"binary":"C:\\Program Files\\Google\\Chrome\\Application\\chrome.exe","args":["--start-maximized"]}},"logLevel":"warn","connectionRetryTimeout":120000,"connectionRetryCount":3,"logLevels":{},"enableDirectConnect":true,"strictSSL":true,"_":"65 more keys: [\"cacheDir\",\"port\",\"requestedCapabilities\",\"automationProtocol\",\"baseUrl\",\"waitforInterval\",\"waitforTimeout\",\"onReload\",\"beforeCommand\",\"afterCommand\",\"rootDir\",\"specs\",\"suites\",\"exclude\",\"groupLogsByTestSpec\",\"excludeDriverLogs\",\"bail\",\"framework\",\"reporters\",\"services\",\"maxInstances\",\"maxInstancesPerCapability\",\"injectGlobals\",\"filesToWatch\",\"execArgv\",\"runnerEnv\",\"runner\",\"shard\",\"specFileRetries\",\"specFileRetriesDelay\",\"specFileRetriesDeferred\",\"reporterSyncInterval\",\"reporterSyncTimeout\",\"cucumberFeaturesWithLineNumbers\",\"autoCompileOpts\",\"mochaOpts\",\"jasmineOpts\",\"cucumberOpts\",\"onPrepare\",\"onWorkerStart\",\"onWorkerEnd\",\"before\",\"beforeSession\",\"beforeSuite\",\"beforeHook\",\"beforeTest\",\"afterTest\",\"afterHook\",\"afterSuite\",\"afterSession\",\"after\",\"onComplete\",\"beforeAssertion\",\"afterAssertion\",\"beforeFeature\",\"beforeScenario\",\"beforeStep\",\"afterStep\",\"afterScenario\",\"afterFeature\",\"_\",\"suite\",\"$0\",\"ignoredWorkerServices\",\"wdi5\"]"}]}
RESULT: {"script":"<script> [2342 bytes]","args":[{"protocol":"http","hostname":"0.0.0.0","path":"/","capabilities":{"browserName":"chrome","goog:chromeOptions":{"binary":"C:\\Program Files\\Google\\Chrome\\Application\\chrome.exe","args":["--start-maximized"]}},"logLevel":"warn","connectionRetryTimeout":120000,"connectionRetryCount":3,"logLevels":{},"enableDirectConnect":true,"strictSSL":true,"_":"65 more keys: [\"cacheDir\",\"port\",\"requestedCapabilities\",\"automationProtocol\",\"baseUrl\",\"waitforInterval\",\"waitforTimeout\",\"onReload\",\"beforeCommand\",\"afterCommand\",\"rootDir\",\"specs\",\"suites\",\"exclude\",\"groupLogsByTestSpec\",\"excludeDriverLogs\",\"bail\",\"framework\",\"reporters\",\"services\",\"maxInstances\",\"maxInstancesPerCapability\",\"injectGlobals\",\"filesToWatch\",\"execArgv\",\"runnerEnv\",\"runner\",\"shard\",\"specFileRetries\",\"specFileRetriesDelay\",\"specFileRetriesDeferred\",\"reporterSyncInterval\",\"reporterSyncTimeout\",\"cucumberFeaturesWithLineNumbers\",\"autoCompileOpts\",\"mochaOpts\",\"jasmineOpts\",\"cucumberOpts\",\"onPrepare\",\"onWorkerStart\",\"onWorkerEnd\",\"before\",\"beforeSession\",\"beforeSuite\",\"beforeHook\",\"beforeTest\",\"afterTest\",\"afterHook\",\"afterSuite\",\"afterSession\",\"after\",\"onComplete\",\"beforeAssertion\",\"afterAssertion\",\"beforeFeature\",\"beforeScenario\",\"beforeStep\",\"afterStep\",\"afterScenario\",\"afterFeature\",\"_\",\"suite\",\"$0\",\"ignoredWorkerServices\",\"wdi5\"]"}]}
COMMAND: POST /session/668384e1c1f73f3d5461b9d538daca42/execute/async - {"script":"<script> [21126 bytes]","args":[35000]}
RESULT: {"script":"<script> [21126 bytes]","args":[35000]}
COMMAND: POST /session/668384e1c1f73f3d5461b9d538daca42/window/maximize - {}
RESULT: {}
COMMAND: POST /session/668384e1c1f73f3d5461b9d538daca42/execute/async - {"script":"<script> [1562 bytes]","args":[{"selector":{"id":"shell-header","interaction":{"idSuffix":"icon"}},"wdio_ui5_key":"shellheader"}]}
COMMAND: GET /session/668384e1c1f73f3d5461b9d538daca42/screenshot - {}
RESULT: {"script":"<script> [1562 bytes]","args":[{"selector":{"id":"shell-header","interaction":{"idSuffix":"icon"}},"wdio_ui5_key":"shellheader"}]}
RESULT: undefined
]]></system-out>
    </testcase>
  </testsuite>
  <testsuite timestamp="2025-04-27T17:37:13" time="421.784" tests="6" failures="0" errors="0" skipped="0">
    <properties>
      <property name="specId" value="0" />
      <property name="suiteName" value="Return from Site w/ warehouse management w/ clarification US125588" />
      <property name="capabilities" value="chrome.135_0_7049_96.windows" />
      <property name="file" value="file:///D:/a/1/s/test/specs/HTR/return-from-site-w-warehouse-management-w-clarification.spec.js" />
    </properties>
    <testcase classname="chrome.135_0_7049_96.windows.Return_from_Site_w/_warehouse_management_w/_clarification_US125588" name="Should create a WHM yard" time="108.524">
      <system-out><![CDATA[
COMMAND: POST /session/668384e1c1f73f3d5461b9d538daca42/execute/async - {"script":"<script> [1562 bytes]","args":[{"selector":{"controlType":"sap.m.GenericTile","properties":{"header":"Manage Yards"}},"wdio_ui5_key":"sapm.GenericTile{\"header\":\"Manage Yards\"}"}]}
RESULT: {}
RESULT: {"script":"<script> [1562 bytes]","args":[{"selector":{"controlType":"sap.m.GenericTile","properties":{"header":"Manage Yards"}},"wdio_ui5_key":"sapm.GenericTile{\"header\":\"Manage Yards\"}"}]}
RESULT: undefined
COMMAND: POST /session/668384e1c1f73f3d5461b9d538daca42/element - {"using":"xpath","value":"//*[@id=\"__tile41\"]"}
RESULT: {"using":"xpath","value":"//*[@id=\"__tile41\"]"}
COMMAND: POST /session/668384e1c1f73f3d5461b9d538daca42/element/f.F64AD31729AEE402AD374BC91D68D115.d.2F203EF75D82152DD591F50B420993B5.e.15017/click - {}
RESULT: {}
COMMAND: POST /session/668384e1c1f73f3d5461b9d538daca42/execute/async - {"script":"<script> [1562 bytes]","args":[{"selector":{"controlType":"sap.ui.core.Icon","viewName":"etm.portal.ui.manageyards.view.Master","viewId":"application-manageyards-display-component---masterYard","properties":{"src":{"regex":{"source":"add"}}}},"wdio_ui5_key":"etmportal.ui.manageyards.view.Mastersap.ui.core.Icon{\"src\":{\"regex\":{\"source\":\"add\"}}}"}]}
COMMAND: GET /session/668384e1c1f73f3d5461b9d538daca42/screenshot - {}
RESULT: {"script":"<script> [1562 bytes]","args":[{"selector":{"controlType":"sap.ui.core.Icon","viewName":"etm.portal.ui.manageyards.view.Master","viewId":"application-manageyards-display-component---masterYard","properties":{"src":{"regex":{"source":"add"}}}},"wdio_ui5_key":"etmportal.ui.manageyards.view.Mastersap.ui.core.Icon{\"src\":{\"regex\":{\"source\":\"add\"}}}"}]}
RESULT: undefined
COMMAND: POST /session/668384e1c1f73f3d5461b9d538daca42/element - {"using":"xpath","value":"//*[@id=\"__button4-img\"]"}
RESULT: {}
RESULT: {"using":"xpath","value":"//*[@id=\"__button4-img\"]"}
COMMAND: POST /session/668384e1c1f73f3d5461b9d538daca42/element/f.F64AD31729AEE402AD374BC91D68D115.d.2F203EF75D82152DD591F50B420993B5.e.15063/click - {}
RESULT: {}
COMMAND: POST /session/668384e1c1f73f3d5461b9d538daca42/execute/async - {"script":"<script> [1562 bytes]","args":[{"selector":{"id":"application-manageyards-display-component---NewYard--addressDetailDetailsName1","interaction":{"idSuffix":"inner"}},"wdio_ui5_key":"applicationmanageyards-display-component---NewYard--addressDetailDetailsName1"}]}
COMMAND: GET /session/668384e1c1f73f3d5461b9d538daca42/screenshot - {}
RESULT: {"script":"<script> [1562 bytes]","args":[{"selector":{"id":"application-manageyards-display-component---NewYard--addressDetailDetailsName1","interaction":{"idSuffix":"inner"}},"wdio_ui5_key":"applicationmanageyards-display-component---NewYard--addressDetailDetailsName1"}]}
RESULT: undefined
COMMAND: POST /session/668384e1c1f73f3d5461b9d538daca42/execute/async - {"script":"<script> [776 bytes]","args":[{"enterText":"warehouse managed Yard","selector":{"id":"application-manageyards-display-component---NewYard--addressDetailDetailsName1","interaction":{"idSuffix":"inner"}},"clearTextFirst":true,"interactionType":"ENTER_TEXT"}]}
RESULT: {}
RESULT: {"script":"<script> [776 bytes]","args":[{"enterText":"warehouse managed Yard","selector":{"id":"application-manageyards-display-component---NewYard--addressDetailDetailsName1","interaction":{"idSuffix":"inner"}},"clearTextFirst":true,"interactionType":"ENTER_TEXT"}]}
COMMAND: POST /session/668384e1c1f73f3d5461b9d538daca42/execute/async - {"script":"<script> [1562 bytes]","args":[{"selector":{"id":"application-manageyards-display-component---NewYard--addressDetailDetailsLanguage-arrow"},"wdio_ui5_key":"applicationmanageyards-display-component---NewYard--addressDetailDetailsLanguage-arrow"}]}
RESULT: {"script":"<script> [1562 bytes]","args":[{"selector":{"id":"application-manageyards-display-component---NewYard--addressDetailDetailsLanguage-arrow"},"wdio_ui5_key":"applicationmanageyards-display-component---NewYard--addressDetailDetailsLanguage-arrow"}]}
RESULT: undefined
COMMAND: POST /session/668384e1c1f73f3d5461b9d538daca42/element - {"using":"xpath","value":"//*[@id=\"application-manageyards-display-component---NewYard--addressDetailDetailsLanguage-arrow\"]"}
RESULT: {"using":"xpath","value":"//*[@id=\"application-manageyards-display-component---NewYard--addressDetailDetailsLanguage-arrow\"]"}
COMMAND: POST /session/668384e1c1f73f3d5461b9d538daca42/element/f.F64AD31729AEE402AD374BC91D68D115.d.2F203EF75D82152DD591F50B420993B5.e.15470/click - {}
RESULT: {}
COMMAND: POST /session/668384e1c1f73f3d5461b9d538daca42/execute/async - {"script":"<script> [1562 bytes]","args":[{"selector":{"controlType":"sap.m.StandardListItem","viewName":"etm.portal.ui.manageyards.view.New","viewId":"application-manageyards-display-component---NewYard","properties":{"title":"English"},"searchOpenDialogs":true,"interaction":{"idSuffix":"content"}},"wdio_ui5_key":"etmportal.ui.manageyards.view.Newsap.m.StandardListItem{\"title\":\"English\"}"}]}
COMMAND: GET /session/668384e1c1f73f3d5461b9d538daca42/screenshot - {}
RESULT: {"script":"<script> [1562 bytes]","args":[{"selector":{"controlType":"sap.m.StandardListItem","viewName":"etm.portal.ui.manageyards.view.New","viewId":"application-manageyards-display-component---NewYard","properties":{"title":"English"},"searchOpenDialogs":true,"interaction":{"idSuffix":"content"}},"wdio_ui5_key":"etmportal.ui.manageyards.view.Newsap.m.StandardListItem{\"title\":\"English\"}"}]}
RESULT: undefined
COMMAND: POST /session/668384e1c1f73f3d5461b9d538daca42/element - {"using":"xpath","value":"//*[@id=\"__item101\"]"}
RESULT: {}
RESULT: {"using":"xpath","value":"//*[@id=\"__item101\"]"}
COMMAND: POST /session/668384e1c1f73f3d5461b9d538daca42/element/f.F64AD31729AEE402AD374BC91D68D115.d.2F203EF75D82152DD591F50B420993B5.e.15472/click - {}
RESULT: {}
COMMAND: POST /session/668384e1c1f73f3d5461b9d538daca42/execute/async - {"script":"<script> [1562 bytes]","args":[{"selector":{"id":"application-manageyards-display-component---NewYard--addressDetailDetailsCity1","interaction":{"idSuffix":"inner"}},"wdio_ui5_key":"applicationmanageyards-display-component---NewYard--addressDetailDetailsCity1"}]}
COMMAND: GET /session/668384e1c1f73f3d5461b9d538daca42/screenshot - {}
RESULT: {"script":"<script> [1562 bytes]","args":[{"selector":{"id":"application-manageyards-display-component---NewYard--addressDetailDetailsCity1","interaction":{"idSuffix":"inner"}},"wdio_ui5_key":"applicationmanageyards-display-component---NewYard--addressDetailDetailsCity1"}]}
RESULT: undefined
COMMAND: POST /session/668384e1c1f73f3d5461b9d538daca42/execute/async - {"script":"<script> [776 bytes]","args":[{"enterText":"Rosario","selector":{"id":"application-manageyards-display-component---NewYard--addressDetailDetailsCity1","interaction":{"idSuffix":"inner"}},"clearTextFirst":true,"interactionType":"ENTER_TEXT"}]}
RESULT: {}
RESULT: {"script":"<script> [776 bytes]","args":[{"enterText":"Rosario","selector":{"id":"application-manageyards-display-component---NewYard--addressDetailDetailsCity1","interaction":{"idSuffix":"inner"}},"clearTextFirst":true,"interactionType":"ENTER_TEXT"}]}
COMMAND: POST /session/668384e1c1f73f3d5461b9d538daca42/execute/async - {"script":"<script> [1562 bytes]","args":[{"selector":{"id":"application-manageyards-display-component---NewYard--addressDetailDetailsCountry-arrow"},"wdio_ui5_key":"applicationmanageyards-display-component---NewYard--addressDetailDetailsCountry-arrow"}]}
RESULT: {"script":"<script> [1562 bytes]","args":[{"selector":{"id":"application-manageyards-display-component---NewYard--addressDetailDetailsCountry-arrow"},"wdio_ui5_key":"applicationmanageyards-display-component---NewYard--addressDetailDetailsCountry-arrow"}]}
RESULT: undefined
COMMAND: POST /session/668384e1c1f73f3d5461b9d538daca42/element - {"using":"xpath","value":"//*[@id=\"application-manageyards-display-component---NewYard--addressDetailDetailsCountry-arrow\"]"}
RESULT: {"using":"xpath","value":"//*[@id=\"application-manageyards-display-component---NewYard--addressDetailDetailsCountry-arrow\"]"}
COMMAND: POST /session/668384e1c1f73f3d5461b9d538daca42/element/f.F64AD31729AEE402AD374BC91D68D115.d.2F203EF75D82152DD591F50B420993B5.e.15433/click - {}
RESULT: {}
COMMAND: POST /session/668384e1c1f73f3d5461b9d538daca42/execute/async - {"script":"<script> [1562 bytes]","args":[{"selector":{"controlType":"sap.m.StandardListItem","viewName":"etm.portal.ui.manageyards.view.New","viewId":"application-manageyards-display-component---NewYard","properties":{"title":"Argentina"},"searchOpenDialogs":true,"interaction":{"idSuffix":"content"}},"wdio_ui5_key":"etmportal.ui.manageyards.view.Newsap.m.StandardListItem{\"title\":\"Argentina\"}"}]}
COMMAND: GET /session/668384e1c1f73f3d5461b9d538daca42/screenshot - {}
RESULT: {"script":"<script> [1562 bytes]","args":[{"selector":{"controlType":"sap.m.StandardListItem","viewName":"etm.portal.ui.manageyards.view.New","viewId":"application-manageyards-display-component---NewYard","properties":{"title":"Argentina"},"searchOpenDialogs":true,"interaction":{"idSuffix":"content"}},"wdio_ui5_key":"etmportal.ui.manageyards.view.Newsap.m.StandardListItem{\"title\":\"Argentina\"}"}]}
RESULT: undefined
COMMAND: POST /session/668384e1c1f73f3d5461b9d538daca42/element - {"using":"xpath","value":"//*[@id=\"__item144\"]"}
RESULT: {}
RESULT: {"using":"xpath","value":"//*[@id=\"__item144\"]"}
COMMAND: POST /session/668384e1c1f73f3d5461b9d538daca42/element/f.F64AD31729AEE402AD374BC91D68D115.d.2F203EF75D82152DD591F50B420993B5.e.15476/click - {}
RESULT: {}
COMMAND: POST /session/668384e1c1f73f3d5461b9d538daca42/execute/async - {"script":"<script> [1562 bytes]","args":[{"selector":{"controlType":"sap.m.Button","viewName":"etm.portal.ui.manageyards.view.New","viewId":"application-manageyards-display-component---NewYard","properties":{"text":"Commercial"},"interaction":{"idSuffix":"BDI-content"}},"wdio_ui5_key":"etmportal.ui.manageyards.view.Newsap.m.Button{\"text\":\"Commercial\"}"}]}
COMMAND: GET /session/668384e1c1f73f3d5461b9d538daca42/screenshot - {}
RESULT: {"script":"<script> [1562 bytes]","args":[{"selector":{"controlType":"sap.m.Button","viewName":"etm.portal.ui.manageyards.view.New","viewId":"application-manageyards-display-component---NewYard","properties":{"text":"Commercial"},"interaction":{"idSuffix":"BDI-content"}},"wdio_ui5_key":"etmportal.ui.manageyards.view.Newsap.m.Button{\"text\":\"Commercial\"}"}]}
RESULT: undefined
COMMAND: POST /session/668384e1c1f73f3d5461b9d538daca42/element - {"using":"xpath","value":"//*[@id=\"application-manageyards-display-component---NewYard--ObjectPageLayout-anchBar-__section5-anchor\"]"}
RESULT: {}
RESULT: {"using":"xpath","value":"//*[@id=\"application-manageyards-display-component---NewYard--ObjectPageLayout-anchBar-__section5-anchor\"]"}
COMMAND: POST /session/668384e1c1f73f3d5461b9d538daca42/element/f.F64AD31729AEE402AD374BC91D68D115.d.2F203EF75D82152DD591F50B420993B5.e.15478/click - {}
RESULT: {}
COMMAND: GET /session/668384e1c1f73f3d5461b9d538daca42/screenshot - {}
RESULT: {}
COMMAND: POST /session/668384e1c1f73f3d5461b9d538daca42/execute/async - {"script":"<script> [1562 bytes]","args":[{"selector":{"id":"application-manageyards-display-component---NewYard--addressEditDetailsCostObjectCstType-arrow"},"wdio_ui5_key":"applicationmanageyards-display-component---NewYard--addressEditDetailsCostObjectCstType-arrow"}]}
RESULT: {"script":"<script> [1562 bytes]","args":[{"selector":{"id":"application-manageyards-display-component---NewYard--addressEditDetailsCostObjectCstType-arrow"},"wdio_ui5_key":"applicationmanageyards-display-component---NewYard--addressEditDetailsCostObjectCstType-arrow"}]}
RESULT: undefined
COMMAND: POST /session/668384e1c1f73f3d5461b9d538daca42/element - {"using":"xpath","value":"//*[@id=\"application-manageyards-display-component---NewYard--addressEditDetailsCostObjectCstType-arrow\"]"}
RESULT: {"using":"xpath","value":"//*[@id=\"application-manageyards-display-component---NewYard--addressEditDetailsCostObjectCstType-arrow\"]"}
COMMAND: POST /session/668384e1c1f73f3d5461b9d538daca42/element/f.F64AD31729AEE402AD374BC91D68D115.d.2F203EF75D82152DD591F50B420993B5.e.15488/click - {}
RESULT: {}
COMMAND: GET /session/668384e1c1f73f3d5461b9d538daca42/screenshot - {}
RESULT: {}
COMMAND: POST /session/668384e1c1f73f3d5461b9d538daca42/execute/async - {"script":"<script> [1562 bytes]","args":[{"selector":{"controlType":"sap.m.StandardListItem","viewName":"etm.portal.ui.manageyards.view.New","viewId":"application-manageyards-display-component---NewYard","properties":{"title":"Cost Center"},"searchOpenDialogs":true,"interaction":{"idSuffix":"titleText"}},"wdio_ui5_key":"etmportal.ui.manageyards.view.Newsap.m.StandardListItem{\"title\":\"Cost Center\"}"}]}
RESULT: {"script":"<script> [1562 bytes]","args":[{"selector":{"controlType":"sap.m.StandardListItem","viewName":"etm.portal.ui.manageyards.view.New","viewId":"application-manageyards-display-component---NewYard","properties":{"title":"Cost Center"},"searchOpenDialogs":true,"interaction":{"idSuffix":"titleText"}},"wdio_ui5_key":"etmportal.ui.manageyards.view.Newsap.m.StandardListItem{\"title\":\"Cost Center\"}"}]}
RESULT: undefined
COMMAND: POST /session/668384e1c1f73f3d5461b9d538daca42/element - {"using":"xpath","value":"//*[@id=\"__item234\"]"}
RESULT: {"using":"xpath","value":"//*[@id=\"__item234\"]"}
COMMAND: POST /session/668384e1c1f73f3d5461b9d538daca42/element/f.F64AD31729AEE402AD374BC91D68D115.d.2F203EF75D82152DD591F50B420993B5.e.15490/click - {}
RESULT: {}
COMMAND: POST /session/668384e1c1f73f3d5461b9d538daca42/element - {"using":"xpath","value":"//input[@id=\"application-manageyards-display-component---NewYard--addressNewCostObjectCstID-inner\"]"}
COMMAND: GET /session/668384e1c1f73f3d5461b9d538daca42/screenshot - {}
RESULT: {"using":"xpath","value":"//input[@id=\"application-manageyards-display-component---NewYard--addressNewCostObjectCstID-inner\"]"}
COMMAND: POST /session/668384e1c1f73f3d5461b9d538daca42/element/f.F64AD31729AEE402AD374BC91D68D115.d.2F203EF75D82152DD591F50B420993B5.e.15293/clear - {}
RESULT: {}
COMMAND: POST /session/668384e1c1f73f3d5461b9d538daca42/element - {"using":"xpath","value":"//input[@id=\"application-manageyards-display-component---NewYard--addressNewCostObjectCstID-inner\"]"}
RESULT: {"using":"xpath","value":"//input[@id=\"application-manageyards-display-component---NewYard--addressNewCostObjectCstID-inner\"]"}
COMMAND: POST /session/668384e1c1f73f3d5461b9d538daca42/element/f.F64AD31729AEE402AD374BC91D68D115.d.2F203EF75D82152DD591F50B420993B5.e.15293/clear - {}
COMMAND: POST /session/668384e1c1f73f3d5461b9d538daca42/element - {"using":"xpath","value":"//input[@id=\"application-manageyards-display-component---NewYard--addressNewCostObjectCstID-inner\"]"}
RESULT: {"using":"xpath","value":"//input[@id=\"application-manageyards-display-component---NewYard--addressNewCostObjectCstID-inner\"]"}
COMMAND: POST /session/668384e1c1f73f3d5461b9d538daca42/element/f.F64AD31729AEE402AD374BC91D68D115.d.2F203EF75D82152DD591F50B420993B5.e.15494/clear - {}
COMMAND: POST /session/668384e1c1f73f3d5461b9d538daca42/element - {"using":"xpath","value":"//input[@id=\"application-manageyards-display-component---NewYard--addressNewCostObjectCstID-inner\"]"}
RESULT: {"using":"xpath","value":"//input[@id=\"application-manageyards-display-component---NewYard--addressNewCostObjectCstID-inner\"]"}
COMMAND: POST /session/668384e1c1f73f3d5461b9d538daca42/element/f.F64AD31729AEE402AD374BC91D68D115.d.2F203EF75D82152DD591F50B420993B5.e.15494/clear - {}
COMMAND: POST /session/668384e1c1f73f3d5461b9d538daca42/element - {"using":"xpath","value":"//input[@id=\"application-manageyards-display-component---NewYard--addressNewCostObjectCstID-inner\"]"}
RESULT: {"using":"xpath","value":"//input[@id=\"application-manageyards-display-component---NewYard--addressNewCostObjectCstID-inner\"]"}
COMMAND: POST /session/668384e1c1f73f3d5461b9d538daca42/element/f.F64AD31729AEE402AD374BC91D68D115.d.2F203EF75D82152DD591F50B420993B5.e.15496/clear - {}
RESULT: {}
COMMAND: POST /session/668384e1c1f73f3d5461b9d538daca42/element/f.F64AD31729AEE402AD374BC91D68D115.d.2F203EF75D82152DD591F50B420993B5.e.15496/value - {"text":"10001013"}
COMMAND: GET /session/668384e1c1f73f3d5461b9d538daca42/screenshot - {}
RESULT: {"text":"10001013"}
COMMAND: GET /session/668384e1c1f73f3d5461b9d538daca42/screenshot - {}
RESULT: {}
RESULT: {}
COMMAND: POST /session/668384e1c1f73f3d5461b9d538daca42/execute/async - {"script":"<script> [1562 bytes]","args":[{"selector":{"controlType":"sap.m.StandardListItem","viewName":"etm.portal.ui.manageyards.view.New","viewId":"application-manageyards-display-component---NewYard","properties":{"type":"Active"},"searchOpenDialogs":true,"interaction":{"idSuffix":"titleText"}},"wdio_ui5_key":"etmportal.ui.manageyards.view.Newsap.m.StandardListItem{\"type\":\"Active\"}"}]}
RESULT: {"script":"<script> [1562 bytes]","args":[{"selector":{"controlType":"sap.m.StandardListItem","viewName":"etm.portal.ui.manageyards.view.New","viewId":"application-manageyards-display-component---NewYard","properties":{"type":"Active"},"searchOpenDialogs":true,"interaction":{"idSuffix":"titleText"}},"wdio_ui5_key":"etmportal.ui.manageyards.view.Newsap.m.StandardListItem{\"type\":\"Active\"}"}]}
RESULT: undefined
COMMAND: POST /session/668384e1c1f73f3d5461b9d538daca42/element - {"using":"xpath","value":"//*[@id=\"__item339\"]"}
RESULT: {"using":"xpath","value":"//*[@id=\"__item339\"]"}
COMMAND: POST /session/668384e1c1f73f3d5461b9d538daca42/element/f.F64AD31729AEE402AD374BC91D68D115.d.2F203EF75D82152DD591F50B420993B5.e.15500/click - {}
RESULT: {}
COMMAND: POST /session/668384e1c1f73f3d5461b9d538daca42/execute/async - {"script":"<script> [1562 bytes]","args":[{"selector":{"id":"application-manageyards-display-component---NewYard--addressEditDetailsCurrency-arrow"},"wdio_ui5_key":"applicationmanageyards-display-component---NewYard--addressEditDetailsCurrency-arrow"}]}
COMMAND: GET /session/668384e1c1f73f3d5461b9d538daca42/screenshot - {}
RESULT: {"script":"<script> [1562 bytes]","args":[{"selector":{"id":"application-manageyards-display-component---NewYard--addressEditDetailsCurrency-arrow"},"wdio_ui5_key":"applicationmanageyards-display-component---NewYard--addressEditDetailsCurrency-arrow"}]}
RESULT: undefined
COMMAND: POST /session/668384e1c1f73f3d5461b9d538daca42/element - {"using":"xpath","value":"//*[@id=\"application-manageyards-display-component---NewYard--addressEditDetailsCurrency-arrow\"]"}
RESULT: {}
RESULT: {"using":"xpath","value":"//*[@id=\"application-manageyards-display-component---NewYard--addressEditDetailsCurrency-arrow\"]"}
COMMAND: POST /session/668384e1c1f73f3d5461b9d538daca42/element/f.F64AD31729AEE402AD374BC91D68D115.d.2F203EF75D82152DD591F50B420993B5.e.15502/click - {}
RESULT: {}
COMMAND: POST /session/668384e1c1f73f3d5461b9d538daca42/execute/async - {"script":"<script> [1562 bytes]","args":[{"selector":{"controlType":"sap.m.StandardListItem","viewName":"etm.portal.ui.manageyards.view.New","viewId":"application-manageyards-display-component---NewYard","properties":{"title":"Euro"},"searchOpenDialogs":true,"interaction":{"idSuffix":"content"}},"wdio_ui5_key":"etmportal.ui.manageyards.view.Newsap.m.StandardListItem{\"title\":\"Euro\"}"}]}
COMMAND: GET /session/668384e1c1f73f3d5461b9d538daca42/screenshot - {}
RESULT: {"script":"<script> [1562 bytes]","args":[{"selector":{"controlType":"sap.m.StandardListItem","viewName":"etm.portal.ui.manageyards.view.New","viewId":"application-manageyards-display-component---NewYard","properties":{"title":"Euro"},"searchOpenDialogs":true,"interaction":{"idSuffix":"content"}},"wdio_ui5_key":"etmportal.ui.manageyards.view.Newsap.m.StandardListItem{\"title\":\"Euro\"}"}]}
RESULT: undefined
COMMAND: POST /session/668384e1c1f73f3d5461b9d538daca42/element - {"using":"xpath","value":"//*[@id=\"__item340\"]"}
RESULT: {}
RESULT: {"using":"xpath","value":"//*[@id=\"__item340\"]"}
COMMAND: POST /session/668384e1c1f73f3d5461b9d538daca42/element/f.F64AD31729AEE402AD374BC91D68D115.d.2F203EF75D82152DD591F50B420993B5.e.15504/click - {}
RESULT: {}
COMMAND: POST /session/668384e1c1f73f3d5461b9d538daca42/execute/async - {"script":"<script> [1562 bytes]","args":[{"selector":{"controlType":"sap.m.Input","viewName":"etm.portal.ui.manageyards.view.New","viewId":"application-manageyards-display-component---NewYard","bindingPath":{"path":"","propertyPath":"/CONTROLLING_AREA","modelName":"NewYardModel"},"interaction":{"idSuffix":"inner"}},"wdio_ui5_key":"etmportal.ui.manageyards.view.Newsap.m.Input{\"path\":\"\",\"propertyPath\":\"/CONTROLLING_AREA\",\"modelName\":\"NewYardModel\"}"}]}
COMMAND: GET /session/668384e1c1f73f3d5461b9d538daca42/screenshot - {}
RESULT: {"script":"<script> [1562 bytes]","args":[{"selector":{"controlType":"sap.m.Input","viewName":"etm.portal.ui.manageyards.view.New","viewId":"application-manageyards-display-component---NewYard","bindingPath":{"path":"","propertyPath":"/CONTROLLING_AREA","modelName":"NewYardModel"},"interaction":{"idSuffix":"inner"}},"wdio_ui5_key":"etmportal.ui.manageyards.view.Newsap.m.Input{\"path\":\"\",\"propertyPath\":\"/CONTROLLING_AREA\",\"modelName\":\"NewYardModel\"}"}]}
RESULT: undefined
COMMAND: POST /session/668384e1c1f73f3d5461b9d538daca42/execute/async - {"script":"<script> [776 bytes]","args":[{"enterText":"Z001","selector":{"controlType":"sap.m.Input","viewName":"etm.portal.ui.manageyards.view.New","viewId":"application-manageyards-display-component---NewYard","bindingPath":{"path":"","propertyPath":"/CONTROLLING_AREA","modelName":"NewYardModel"},"interaction":{"idSuffix":"inner"}},"clearTextFirst":true,"interactionType":"ENTER_TEXT"}]}
RESULT: {}
RESULT: {"script":"<script> [776 bytes]","args":[{"enterText":"Z001","selector":{"controlType":"sap.m.Input","viewName":"etm.portal.ui.manageyards.view.New","viewId":"application-manageyards-display-component---NewYard","bindingPath":{"path":"","propertyPath":"/CONTROLLING_AREA","modelName":"NewYardModel"},"interaction":{"idSuffix":"inner"}},"clearTextFirst":true,"interactionType":"ENTER_TEXT"}]}
COMMAND: POST /session/668384e1c1f73f3d5461b9d538daca42/execute/async - {"script":"<script> [1562 bytes]","args":[{"selector":{"id":"application-manageyards-display-component---NewYard--companyCodeComboBox","interaction":{"idSuffix":"inner"}},"wdio_ui5_key":"applicationmanageyards-display-component---NewYard--companyCodeComboBox"}]}
RESULT: {"script":"<script> [1562 bytes]","args":[{"selector":{"id":"application-manageyards-display-component---NewYard--companyCodeComboBox","interaction":{"idSuffix":"inner"}},"wdio_ui5_key":"applicationmanageyards-display-component---NewYard--companyCodeComboBox"}]}
RESULT: undefined
COMMAND: POST /session/668384e1c1f73f3d5461b9d538daca42/execute/async - {"script":"<script> [776 bytes]","args":[{"enterText":"1000","selector":{"id":"application-manageyards-display-component---NewYard--companyCodeComboBox","interaction":{"idSuffix":"inner"}},"clearTextFirst":true,"interactionType":"ENTER_TEXT"}]}
RESULT: {"script":"<script> [776 bytes]","args":[{"enterText":"1000","selector":{"id":"application-manageyards-display-component---NewYard--companyCodeComboBox","interaction":{"idSuffix":"inner"}},"clearTextFirst":true,"interactionType":"ENTER_TEXT"}]}
COMMAND: POST /session/668384e1c1f73f3d5461b9d538daca42/execute/async - {"script":"<script> [1562 bytes]","args":[{"selector":{"controlType":"sap.m.Input","viewName":"etm.portal.ui.manageyards.view.New","viewId":"application-manageyards-display-component---NewYard","bindingPath":{"path":"","propertyPath":"/PLANT","modelName":"NewYardModel"},"interaction":{"idSuffix":"inner"}},"wdio_ui5_key":"etmportal.ui.manageyards.view.Newsap.m.Input{\"path\":\"\",\"propertyPath\":\"/PLANT\",\"modelName\":\"NewYardModel\"}"}]}
RESULT: {"script":"<script> [1562 bytes]","args":[{"selector":{"controlType":"sap.m.Input","viewName":"etm.portal.ui.manageyards.view.New","viewId":"application-manageyards-display-component---NewYard","bindingPath":{"path":"","propertyPath":"/PLANT","modelName":"NewYardModel"},"interaction":{"idSuffix":"inner"}},"wdio_ui5_key":"etmportal.ui.manageyards.view.Newsap.m.Input{\"path\":\"\",\"propertyPath\":\"/PLANT\",\"modelName\":\"NewYardModel\"}"}]}
RESULT: undefined
COMMAND: POST /session/668384e1c1f73f3d5461b9d538daca42/execute/async - {"script":"<script> [776 bytes]","args":[{"enterText":"1001","selector":{"controlType":"sap.m.Input","viewName":"etm.portal.ui.manageyards.view.New","viewId":"application-manageyards-display-component---NewYard","bindingPath":{"path":"","propertyPath":"/PLANT","modelName":"NewYardModel"},"interaction":{"idSuffix":"inner"}},"clearTextFirst":true,"interactionType":"ENTER_TEXT"}]}
RESULT: {"script":"<script> [776 bytes]","args":[{"enterText":"1001","selector":{"controlType":"sap.m.Input","viewName":"etm.portal.ui.manageyards.view.New","viewId":"application-manageyards-display-component---NewYard","bindingPath":{"path":"","propertyPath":"/PLANT","modelName":"NewYardModel"},"interaction":{"idSuffix":"inner"}},"clearTextFirst":true,"interactionType":"ENTER_TEXT"}]}
COMMAND: POST /session/668384e1c1f73f3d5461b9d538daca42/execute/async - {"script":"<script> [1562 bytes]","args":[{"selector":{"controlType":"sap.m.Input","viewName":"etm.portal.ui.manageyards.view.New","viewId":"application-manageyards-display-component---NewYard","bindingPath":{"path":"","propertyPath":"/SALES_AREA_VKORG","modelName":"NewYardModel"},"interaction":{"idSuffix":"inner"}},"wdio_ui5_key":"etmportal.ui.manageyards.view.Newsap.m.Input{\"path\":\"\",\"propertyPath\":\"/SALES_AREA_VKORG\",\"modelName\":\"NewYardModel\"}"}]}
RESULT: {"script":"<script> [1562 bytes]","args":[{"selector":{"controlType":"sap.m.Input","viewName":"etm.portal.ui.manageyards.view.New","viewId":"application-manageyards-display-component---NewYard","bindingPath":{"path":"","propertyPath":"/SALES_AREA_VKORG","modelName":"NewYardModel"},"interaction":{"idSuffix":"inner"}},"wdio_ui5_key":"etmportal.ui.manageyards.view.Newsap.m.Input{\"path\":\"\",\"propertyPath\":\"/SALES_AREA_VKORG\",\"modelName\":\"NewYardModel\"}"}]}
RESULT: undefined
COMMAND: POST /session/668384e1c1f73f3d5461b9d538daca42/execute/async - {"script":"<script> [776 bytes]","args":[{"enterText":"C002","selector":{"controlType":"sap.m.Input","viewName":"etm.portal.ui.manageyards.view.New","viewId":"application-manageyards-display-component---NewYard","bindingPath":{"path":"","propertyPath":"/SALES_AREA_VKORG","modelName":"NewYardModel"},"interaction":{"idSuffix":"inner"}},"clearTextFirst":true,"interactionType":"ENTER_TEXT"}]}
RESULT: {"script":"<script> [776 bytes]","args":[{"enterText":"C002","selector":{"controlType":"sap.m.Input","viewName":"etm.portal.ui.manageyards.view.New","viewId":"application-manageyards-display-component---NewYard","bindingPath":{"path":"","propertyPath":"/SALES_AREA_VKORG","modelName":"NewYardModel"},"interaction":{"idSuffix":"inner"}},"clearTextFirst":true,"interactionType":"ENTER_TEXT"}]}
COMMAND: POST /session/668384e1c1f73f3d5461b9d538daca42/execute/async - {"script":"<script> [1562 bytes]","args":[{"selector":{"controlType":"sap.m.Input","viewName":"etm.portal.ui.manageyards.view.New","viewId":"application-manageyards-display-component---NewYard","bindingPath":{"path":"","propertyPath":"/SALES_AREA_VTWEG","modelName":"NewYardModel"},"interaction":{"idSuffix":"inner"}},"wdio_ui5_key":"etmportal.ui.manageyards.view.Newsap.m.Input{\"path\":\"\",\"propertyPath\":\"/SALES_AREA_VTWEG\",\"modelName\":\"NewYardModel\"}"}]}
RESULT: {"script":"<script> [1562 bytes]","args":[{"selector":{"controlType":"sap.m.Input","viewName":"etm.portal.ui.manageyards.view.New","viewId":"application-manageyards-display-component---NewYard","bindingPath":{"path":"","propertyPath":"/SALES_AREA_VTWEG","modelName":"NewYardModel"},"interaction":{"idSuffix":"inner"}},"wdio_ui5_key":"etmportal.ui.manageyards.view.Newsap.m.Input{\"path\":\"\",\"propertyPath\":\"/SALES_AREA_VTWEG\",\"modelName\":\"NewYardModel\"}"}]}
RESULT: undefined
COMMAND: POST /session/668384e1c1f73f3d5461b9d538daca42/execute/async - {"script":"<script> [776 bytes]","args":[{"enterText":"C2","selector":{"controlType":"sap.m.Input","viewName":"etm.portal.ui.manageyards.view.New","viewId":"application-manageyards-display-component---NewYard","bindingPath":{"path":"","propertyPath":"/SALES_AREA_VTWEG","modelName":"NewYardModel"},"interaction":{"idSuffix":"inner"}},"clearTextFirst":true,"interactionType":"ENTER_TEXT"}]}
RESULT: {"script":"<script> [776 bytes]","args":[{"enterText":"C2","selector":{"controlType":"sap.m.Input","viewName":"etm.portal.ui.manageyards.view.New","viewId":"application-manageyards-display-component---NewYard","bindingPath":{"path":"","propertyPath":"/SALES_AREA_VTWEG","modelName":"NewYardModel"},"interaction":{"idSuffix":"inner"}},"clearTextFirst":true,"interactionType":"ENTER_TEXT"}]}
COMMAND: POST /session/668384e1c1f73f3d5461b9d538daca42/execute/async - {"script":"<script> [1562 bytes]","args":[{"selector":{"controlType":"sap.m.Input","viewName":"etm.portal.ui.manageyards.view.New","viewId":"application-manageyards-display-component---NewYard","bindingPath":{"path":"","propertyPath":"/SALES_AREA_SPART","modelName":"NewYardModel"},"interaction":{"idSuffix":"inner"}},"wdio_ui5_key":"etmportal.ui.manageyards.view.Newsap.m.Input{\"path\":\"\",\"propertyPath\":\"/SALES_AREA_SPART\",\"modelName\":\"NewYardModel\"}"}]}
RESULT: {"script":"<script> [1562 bytes]","args":[{"selector":{"controlType":"sap.m.Input","viewName":"etm.portal.ui.manageyards.view.New","viewId":"application-manageyards-display-component---NewYard","bindingPath":{"path":"","propertyPath":"/SALES_AREA_SPART","modelName":"NewYardModel"},"interaction":{"idSuffix":"inner"}},"wdio_ui5_key":"etmportal.ui.manageyards.view.Newsap.m.Input{\"path\":\"\",\"propertyPath\":\"/SALES_AREA_SPART\",\"modelName\":\"NewYardModel\"}"}]}
RESULT: undefined
COMMAND: POST /session/668384e1c1f73f3d5461b9d538daca42/execute/async - {"script":"<script> [776 bytes]","args":[{"enterText":"C2","selector":{"controlType":"sap.m.Input","viewName":"etm.portal.ui.manageyards.view.New","viewId":"application-manageyards-display-component---NewYard","bindingPath":{"path":"","propertyPath":"/SALES_AREA_SPART","modelName":"NewYardModel"},"interaction":{"idSuffix":"inner"}},"clearTextFirst":true,"interactionType":"ENTER_TEXT"}]}
RESULT: {"script":"<script> [776 bytes]","args":[{"enterText":"C2","selector":{"controlType":"sap.m.Input","viewName":"etm.portal.ui.manageyards.view.New","viewId":"application-manageyards-display-component---NewYard","bindingPath":{"path":"","propertyPath":"/SALES_AREA_SPART","modelName":"NewYardModel"},"interaction":{"idSuffix":"inner"}},"clearTextFirst":true,"interactionType":"ENTER_TEXT"}]}
COMMAND: POST /session/668384e1c1f73f3d5461b9d538daca42/execute/async - {"script":"<script> [1562 bytes]","args":[{"selector":{"controlType":"sap.m.Input","viewName":"etm.portal.ui.manageyards.view.New","viewId":"application-manageyards-display-component---NewYard","bindingPath":{"path":"","propertyPath":"/SHIP_POINT","modelName":"NewYardModel"},"interaction":{"idSuffix":"inner"}},"wdio_ui5_key":"etmportal.ui.manageyards.view.Newsap.m.Input{\"path\":\"\",\"propertyPath\":\"/SHIP_POINT\",\"modelName\":\"NewYardModel\"}"}]}
RESULT: {"script":"<script> [1562 bytes]","args":[{"selector":{"controlType":"sap.m.Input","viewName":"etm.portal.ui.manageyards.view.New","viewId":"application-manageyards-display-component---NewYard","bindingPath":{"path":"","propertyPath":"/SHIP_POINT","modelName":"NewYardModel"},"interaction":{"idSuffix":"inner"}},"wdio_ui5_key":"etmportal.ui.manageyards.view.Newsap.m.Input{\"path\":\"\",\"propertyPath\":\"/SHIP_POINT\",\"modelName\":\"NewYardModel\"}"}]}
RESULT: undefined
COMMAND: POST /session/668384e1c1f73f3d5461b9d538daca42/execute/async - {"script":"<script> [776 bytes]","args":[{"enterText":"1710","selector":{"controlType":"sap.m.Input","viewName":"etm.portal.ui.manageyards.view.New","viewId":"application-manageyards-display-component---NewYard","bindingPath":{"path":"","propertyPath":"/SHIP_POINT","modelName":"NewYardModel"},"interaction":{"idSuffix":"inner"}},"clearTextFirst":true,"interactionType":"ENTER_TEXT"}]}
RESULT: {"script":"<script> [776 bytes]","args":[{"enterText":"1710","selector":{"controlType":"sap.m.Input","viewName":"etm.portal.ui.manageyards.view.New","viewId":"application-manageyards-display-component---NewYard","bindingPath":{"path":"","propertyPath":"/SHIP_POINT","modelName":"NewYardModel"},"interaction":{"idSuffix":"inner"}},"clearTextFirst":true,"interactionType":"ENTER_TEXT"}]}
COMMAND: POST /session/668384e1c1f73f3d5461b9d538daca42/execute/async - {"script":"<script> [1562 bytes]","args":[{"selector":{"controlType":"sap.m.Input","viewName":"etm.portal.ui.manageyards.view.New","viewId":"application-manageyards-display-component---NewYard","bindingPath":{"path":"","propertyPath":"/DELIVERY_TYPE","modelName":"NewYardModel"},"interaction":{"idSuffix":"inner"}},"wdio_ui5_key":"etmportal.ui.manageyards.view.Newsap.m.Input{\"path\":\"\",\"propertyPath\":\"/DELIVERY_TYPE\",\"modelName\":\"NewYardModel\"}"}]}
RESULT: {"script":"<script> [1562 bytes]","args":[{"selector":{"controlType":"sap.m.Input","viewName":"etm.portal.ui.manageyards.view.New","viewId":"application-manageyards-display-component---NewYard","bindingPath":{"path":"","propertyPath":"/DELIVERY_TYPE","modelName":"NewYardModel"},"interaction":{"idSuffix":"inner"}},"wdio_ui5_key":"etmportal.ui.manageyards.view.Newsap.m.Input{\"path\":\"\",\"propertyPath\":\"/DELIVERY_TYPE\",\"modelName\":\"NewYardModel\"}"}]}
RESULT: undefined
COMMAND: POST /session/668384e1c1f73f3d5461b9d538daca42/execute/async - {"script":"<script> [776 bytes]","args":[{"enterText":"ZL01","selector":{"controlType":"sap.m.Input","viewName":"etm.portal.ui.manageyards.view.New","viewId":"application-manageyards-display-component---NewYard","bindingPath":{"path":"","propertyPath":"/DELIVERY_TYPE","modelName":"NewYardModel"},"interaction":{"idSuffix":"inner"}},"clearTextFirst":true,"interactionType":"ENTER_TEXT"}]}
RESULT: {"script":"<script> [776 bytes]","args":[{"enterText":"ZL01","selector":{"controlType":"sap.m.Input","viewName":"etm.portal.ui.manageyards.view.New","viewId":"application-manageyards-display-component---NewYard","bindingPath":{"path":"","propertyPath":"/DELIVERY_TYPE","modelName":"NewYardModel"},"interaction":{"idSuffix":"inner"}},"clearTextFirst":true,"interactionType":"ENTER_TEXT"}]}
COMMAND: POST /session/668384e1c1f73f3d5461b9d538daca42/execute/async - {"script":"<script> [1562 bytes]","args":[{"selector":{"controlType":"sap.m.Input","viewName":"etm.portal.ui.manageyards.view.New","viewId":"application-manageyards-display-component---NewYard","bindingPath":{"path":"","propertyPath":"/AUART","modelName":"NewYardModel"},"interaction":{"idSuffix":"inner"}},"wdio_ui5_key":"etmportal.ui.manageyards.view.Newsap.m.Input{\"path\":\"\",\"propertyPath\":\"/AUART\",\"modelName\":\"NewYardModel\"}"}]}
RESULT: {"script":"<script> [1562 bytes]","args":[{"selector":{"controlType":"sap.m.Input","viewName":"etm.portal.ui.manageyards.view.New","viewId":"application-manageyards-display-component---NewYard","bindingPath":{"path":"","propertyPath":"/AUART","modelName":"NewYardModel"},"interaction":{"idSuffix":"inner"}},"wdio_ui5_key":"etmportal.ui.manageyards.view.Newsap.m.Input{\"path\":\"\",\"propertyPath\":\"/AUART\",\"modelName\":\"NewYardModel\"}"}]}
RESULT: undefined
COMMAND: POST /session/668384e1c1f73f3d5461b9d538daca42/execute/async - {"script":"<script> [776 bytes]","args":[{"enterText":"TA","selector":{"controlType":"sap.m.Input","viewName":"etm.portal.ui.manageyards.view.New","viewId":"application-manageyards-display-component---NewYard","bindingPath":{"path":"","propertyPath":"/AUART","modelName":"NewYardModel"},"interaction":{"idSuffix":"inner"}},"clearTextFirst":true,"interactionType":"ENTER_TEXT"}]}
RESULT: {"script":"<script> [776 bytes]","args":[{"enterText":"TA","selector":{"controlType":"sap.m.Input","viewName":"etm.portal.ui.manageyards.view.New","viewId":"application-manageyards-display-component---NewYard","bindingPath":{"path":"","propertyPath":"/AUART","modelName":"NewYardModel"},"interaction":{"idSuffix":"inner"}},"clearTextFirst":true,"interactionType":"ENTER_TEXT"}]}
COMMAND: POST /session/668384e1c1f73f3d5461b9d538daca42/execute/async - {"script":"<script> [1562 bytes]","args":[{"selector":{"id":"application-manageyards-display-component---NewYard--whmCheckBox","interaction":{"idSuffix":"CbBg"}},"wdio_ui5_key":"applicationmanageyards-display-component---NewYard--whmCheckBox"}]}
RESULT: {"script":"<script> [1562 bytes]","args":[{"selector":{"id":"application-manageyards-display-component---NewYard--whmCheckBox","interaction":{"idSuffix":"CbBg"}},"wdio_ui5_key":"applicationmanageyards-display-component---NewYard--whmCheckBox"}]}
RESULT: undefined
COMMAND: POST /session/668384e1c1f73f3d5461b9d538daca42/element - {"using":"xpath","value":"//*[@id=\"application-manageyards-display-component---NewYard--whmCheckBox\"]"}
RESULT: {"using":"xpath","value":"//*[@id=\"application-manageyards-display-component---NewYard--whmCheckBox\"]"}
COMMAND: POST /session/668384e1c1f73f3d5461b9d538daca42/element/f.F64AD31729AEE402AD374BC91D68D115.d.2F203EF75D82152DD591F50B420993B5.e.15515/click - {}
RESULT: {}
COMMAND: POST /session/668384e1c1f73f3d5461b9d538daca42/execute/async - {"script":"<script> [1562 bytes]","args":[{"selector":{"controlType":"sap.m.Button","viewName":"etm.portal.ui.manageyards.view.New","viewId":"application-manageyards-display-component---NewYard","i18NText":{"propertyName":"text","key":"save"},"interaction":{"idSuffix":"BDI-content"}},"wdio_ui5_key":"etmportal.ui.manageyards.view.Newsap.m.Button{\"propertyName\":\"text\",\"key\":\"save\"}"}]}
COMMAND: GET /session/668384e1c1f73f3d5461b9d538daca42/screenshot - {}
RESULT: {"script":"<script> [1562 bytes]","args":[{"selector":{"controlType":"sap.m.Button","viewName":"etm.portal.ui.manageyards.view.New","viewId":"application-manageyards-display-component---NewYard","i18NText":{"propertyName":"text","key":"save"},"interaction":{"idSuffix":"BDI-content"}},"wdio_ui5_key":"etmportal.ui.manageyards.view.Newsap.m.Button{\"propertyName\":\"text\",\"key\":\"save\"}"}]}
RESULT: undefined
COMMAND: POST /session/668384e1c1f73f3d5461b9d538daca42/element - {"using":"xpath","value":"//*[@id=\"__button18\"]"}
RESULT: {}
RESULT: {"using":"xpath","value":"//*[@id=\"__button18\"]"}
COMMAND: POST /session/668384e1c1f73f3d5461b9d538daca42/element/f.F64AD31729AEE402AD374BC91D68D115.d.2F203EF75D82152DD591F50B420993B5.e.15455/click - {}
RESULT: {}
COMMAND: GET /session/668384e1c1f73f3d5461b9d538daca42/screenshot - {}
RESULT: {}
COMMAND: POST /session/668384e1c1f73f3d5461b9d538daca42/execute/async - {"script":"<script> [1562 bytes]","args":[{"selector":{"controlType":"sap.m.Text","viewName":"etm.portal.ui.manageyards.view.Detail","viewId":"application-manageyards-display-component---detailYard","bindingPath":{"propertyPath":"ID","modelName":"catalogModel"}},"wdio_ui5_key":"etmportal.ui.manageyards.view.Detailsap.m.Text{\"propertyPath\":\"ID\",\"modelName\":\"catalogModel\"}"}]}
RESULT: {"script":"<script> [1562 bytes]","args":[{"selector":{"controlType":"sap.m.Text","viewName":"etm.portal.ui.manageyards.view.Detail","viewId":"application-manageyards-display-component---detailYard","bindingPath":{"propertyPath":"ID","modelName":"catalogModel"}},"wdio_ui5_key":"etmportal.ui.manageyards.view.Detailsap.m.Text{\"propertyPath\":\"ID\",\"modelName\":\"catalogModel\"}"}]}
RESULT: undefined
COMMAND: POST /session/668384e1c1f73f3d5461b9d538daca42/execute/async - {"script":"<script> [6424 bytes]","args":[{"element-6066-11e4-a52e-4f735466cecf":"f.F64AD31729AEE402AD374BC91D68D115.d.2F203EF75D82152DD591F50B420993B5.e.15709"},"getText",[]]}
RESULT: {"script":"<script> [6424 bytes]","args":[{"element-6066-11e4-a52e-4f735466cecf":"f.F64AD31729AEE402AD374BC91D68D115.d.2F203EF75D82152DD591F50B420993B5.e.15709"},"getText",[]]}
COMMAND: POST /session/668384e1c1f73f3d5461b9d538daca42/element - {"using":"css selector","value":"#shell-header-logo"}
RESULT: {"using":"css selector","value":"#shell-header-logo"}
COMMAND: POST /session/668384e1c1f73f3d5461b9d538daca42/element/f.F64AD31729AEE402AD374BC91D68D115.d.2F203EF75D82152DD591F50B420993B5.e.15016/click - {}
RESULT: {}
COMMAND: GET /session/668384e1c1f73f3d5461b9d538daca42/screenshot - {}
RESULT: {}
]]></system-out>
    </testcase>
    <testcase classname="chrome.135_0_7049_96.windows.Return_from_Site_w/_warehouse_management_w/_clarification_US125588" name="Should create WHM site" time="52.966">
      <system-out><![CDATA[
COMMAND: POST /session/668384e1c1f73f3d5461b9d538daca42/execute/async - {"script":"<script> [1562 bytes]","args":[{"selector":{"controlType":"sap.m.GenericTile","properties":{"header":"Manage Sites"}},"wdio_ui5_key":"sapm.GenericTile{\"header\":\"Manage Sites\"}"}]}
RESULT: {"script":"<script> [1562 bytes]","args":[{"selector":{"controlType":"sap.m.GenericTile","properties":{"header":"Manage Sites"}},"wdio_ui5_key":"sapm.GenericTile{\"header\":\"Manage Sites\"}"}]}
RESULT: undefined
COMMAND: POST /session/668384e1c1f73f3d5461b9d538daca42/element - {"using":"xpath","value":"//*[@id=\"__tile40\"]"}
RESULT: {"using":"xpath","value":"//*[@id=\"__tile40\"]"}
COMMAND: POST /session/668384e1c1f73f3d5461b9d538daca42/element/f.F64AD31729AEE402AD374BC91D68D115.d.2F203EF75D82152DD591F50B420993B5.e.15712/click - {}
RESULT: {}
COMMAND: GET /session/668384e1c1f73f3d5461b9d538daca42/screenshot - {}
COMMAND: POST /session/668384e1c1f73f3d5461b9d538daca42/execute/async - {"script":"<script> [1562 bytes]","args":[{"selector":{"controlType":"sap.ui.core.Icon","viewName":"etm.portal.ui.managesites.view.Master","viewId":"application-managesites-display-component---masterSite","properties":{"src":{"regex":{"source":"add"}}}},"wdio_ui5_key":"etmportal.ui.managesites.view.Mastersap.ui.core.Icon{\"src\":{\"regex\":{\"source\":\"add\"}}}"}]}
RESULT: {}
RESULT: {"script":"<script> [1562 bytes]","args":[{"selector":{"controlType":"sap.ui.core.Icon","viewName":"etm.portal.ui.managesites.view.Master","viewId":"application-managesites-display-component---masterSite","properties":{"src":{"regex":{"source":"add"}}}},"wdio_ui5_key":"etmportal.ui.managesites.view.Mastersap.ui.core.Icon{\"src\":{\"regex\":{\"source\":\"add\"}}}"}]}
RESULT: undefined
COMMAND: POST /session/668384e1c1f73f3d5461b9d538daca42/element - {"using":"xpath","value":"//*[@id=\"__button64-img\"]"}
RESULT: {"using":"xpath","value":"//*[@id=\"__button64-img\"]"}
COMMAND: POST /session/668384e1c1f73f3d5461b9d538daca42/element/f.F64AD31729AEE402AD374BC91D68D115.d.2F203EF75D82152DD591F50B420993B5.e.15760/click - {}
RESULT: {}
COMMAND: GET /session/668384e1c1f73f3d5461b9d538daca42/screenshot - {}
RESULT: {}
COMMAND: POST /session/668384e1c1f73f3d5461b9d538daca42/execute/async - {"script":"<script> [1562 bytes]","args":[{"selector":{"controlType":"sap.m.Button","viewName":"etm.portal.ui.managesites.view.NewSmartSite","viewId":"application-managesites-display-component---NewSite","properties":{"text":"General Information"},"interaction":{"idSuffix":"BDI-content"}},"wdio_ui5_key":"etmportal.ui.managesites.view.NewSmartSitesap.m.Button{\"text\":\"General Information\"}"}]}
RESULT: {"script":"<script> [1562 bytes]","args":[{"selector":{"controlType":"sap.m.Button","viewName":"etm.portal.ui.managesites.view.NewSmartSite","viewId":"application-managesites-display-component---NewSite","properties":{"text":"General Information"},"interaction":{"idSuffix":"BDI-content"}},"wdio_ui5_key":"etmportal.ui.managesites.view.NewSmartSitesap.m.Button{\"text\":\"General Information\"}"}]}
RESULT: undefined
COMMAND: POST /session/668384e1c1f73f3d5461b9d538daca42/element - {"using":"xpath","value":"//*[@id=\"application-managesites-display-component---NewSite--ObjectPageLayout-anchBar-__section31-anchor\"]"}
RESULT: {"using":"xpath","value":"//*[@id=\"application-managesites-display-component---NewSite--ObjectPageLayout-anchBar-__section31-anchor\"]"}
COMMAND: POST /session/668384e1c1f73f3d5461b9d538daca42/element/f.F64AD31729AEE402AD374BC91D68D115.d.2F203EF75D82152DD591F50B420993B5.e.16145/click - {}
RESULT: {}
COMMAND: POST /session/668384e1c1f73f3d5461b9d538daca42/execute/async - {"script":"<script> [1562 bytes]","args":[{"selector":{"id":"application-managesites-display-component---NewSite--addressDetailDetailsName1","interaction":{"idSuffix":"inner"}},"wdio_ui5_key":"applicationmanagesites-display-component---NewSite--addressDetailDetailsName1"}]}
COMMAND: GET /session/668384e1c1f73f3d5461b9d538daca42/screenshot - {}
RESULT: {"script":"<script> [1562 bytes]","args":[{"selector":{"id":"application-managesites-display-component---NewSite--addressDetailDetailsName1","interaction":{"idSuffix":"inner"}},"wdio_ui5_key":"applicationmanagesites-display-component---NewSite--addressDetailDetailsName1"}]}
RESULT: undefined
COMMAND: POST /session/668384e1c1f73f3d5461b9d538daca42/execute/async - {"script":"<script> [776 bytes]","args":[{"enterText":"WDI5 WHM Site","selector":{"id":"application-managesites-display-component---NewSite--addressDetailDetailsName1","interaction":{"idSuffix":"inner"}},"clearTextFirst":true,"interactionType":"ENTER_TEXT"}]}
RESULT: {}
RESULT: {"script":"<script> [776 bytes]","args":[{"enterText":"WDI5 WHM Site","selector":{"id":"application-managesites-display-component---NewSite--addressDetailDetailsName1","interaction":{"idSuffix":"inner"}},"clearTextFirst":true,"interactionType":"ENTER_TEXT"}]}
COMMAND: POST /session/668384e1c1f73f3d5461b9d538daca42/execute/async - {"script":"<script> [1562 bytes]","args":[{"selector":{"id":"application-managesites-display-component---NewSite--addressDetailDetailsLanguage","interaction":{"idSuffix":"inner"}},"wdio_ui5_key":"applicationmanagesites-display-component---NewSite--addressDetailDetailsLanguage"}]}
RESULT: {"script":"<script> [1562 bytes]","args":[{"selector":{"id":"application-managesites-display-component---NewSite--addressDetailDetailsLanguage","interaction":{"idSuffix":"inner"}},"wdio_ui5_key":"applicationmanagesites-display-component---NewSite--addressDetailDetailsLanguage"}]}
RESULT: undefined
COMMAND: POST /session/668384e1c1f73f3d5461b9d538daca42/execute/async - {"script":"<script> [776 bytes]","args":[{"enterText":"Romanian","selector":{"id":"application-managesites-display-component---NewSite--addressDetailDetailsLanguage","interaction":{"idSuffix":"inner"}},"clearTextFirst":true,"interactionType":"ENTER_TEXT"}]}
RESULT: {"script":"<script> [776 bytes]","args":[{"enterText":"Romanian","selector":{"id":"application-managesites-display-component---NewSite--addressDetailDetailsLanguage","interaction":{"idSuffix":"inner"}},"clearTextFirst":true,"interactionType":"ENTER_TEXT"}]}
COMMAND: POST /session/668384e1c1f73f3d5461b9d538daca42/execute/async - {"script":"<script> [1562 bytes]","args":[{"selector":{"id":"application-managesites-display-component---NewSite--addressDetailDetailsCity1","interaction":{"idSuffix":"inner"}},"wdio_ui5_key":"applicationmanagesites-display-component---NewSite--addressDetailDetailsCity1"}]}
RESULT: {"script":"<script> [1562 bytes]","args":[{"selector":{"id":"application-managesites-display-component---NewSite--addressDetailDetailsCity1","interaction":{"idSuffix":"inner"}},"wdio_ui5_key":"applicationmanagesites-display-component---NewSite--addressDetailDetailsCity1"}]}
RESULT: undefined
COMMAND: POST /session/668384e1c1f73f3d5461b9d538daca42/execute/async - {"script":"<script> [776 bytes]","args":[{"enterText":"Bucharest","selector":{"id":"application-managesites-display-component---NewSite--addressDetailDetailsCity1","interaction":{"idSuffix":"inner"}},"clearTextFirst":true,"interactionType":"ENTER_TEXT"}]}
RESULT: {"script":"<script> [776 bytes]","args":[{"enterText":"Bucharest","selector":{"id":"application-managesites-display-component---NewSite--addressDetailDetailsCity1","interaction":{"idSuffix":"inner"}},"clearTextFirst":true,"interactionType":"ENTER_TEXT"}]}
COMMAND: POST /session/668384e1c1f73f3d5461b9d538daca42/execute/async - {"script":"<script> [1562 bytes]","args":[{"selector":{"id":"application-managesites-display-component---NewSite--addressDetailDetailsCountry","interaction":{"idSuffix":"inner"}},"wdio_ui5_key":"applicationmanagesites-display-component---NewSite--addressDetailDetailsCountry"}]}
RESULT: {"script":"<script> [1562 bytes]","args":[{"selector":{"id":"application-managesites-display-component---NewSite--addressDetailDetailsCountry","interaction":{"idSuffix":"inner"}},"wdio_ui5_key":"applicationmanagesites-display-component---NewSite--addressDetailDetailsCountry"}]}
RESULT: undefined
COMMAND: POST /session/668384e1c1f73f3d5461b9d538daca42/execute/async - {"script":"<script> [6424 bytes]","args":[{"element-6066-11e4-a52e-4f735466cecf":"f.F64AD31729AEE402AD374BC91D68D115.d.2F203EF75D82152DD591F50B420993B5.e.15944"},"setValue",["Romania"]]}
RESULT: {"script":"<script> [6424 bytes]","args":[{"element-6066-11e4-a52e-4f735466cecf":"f.F64AD31729AEE402AD374BC91D68D115.d.2F203EF75D82152DD591F50B420993B5.e.15944"},"setValue",["Romania"]]}
COMMAND: POST /session/668384e1c1f73f3d5461b9d538daca42/execute/async - {"script":"<script> [1562 bytes]","args":[{"selector":{"id":"application-managesites-display-component---NewSite--addressDetailDetailsCalendar","interaction":{"idSuffix":"inner"}},"wdio_ui5_key":"applicationmanagesites-display-component---NewSite--addressDetailDetailsCalendar"}]}
RESULT: {"script":"<script> [1562 bytes]","args":[{"selector":{"id":"application-managesites-display-component---NewSite--addressDetailDetailsCalendar","interaction":{"idSuffix":"inner"}},"wdio_ui5_key":"applicationmanagesites-display-component---NewSite--addressDetailDetailsCalendar"}]}
RESULT: undefined
COMMAND: POST /session/668384e1c1f73f3d5461b9d538daca42/execute/async - {"script":"<script> [776 bytes]","args":[{"enterText":"8 - Germany (Standard)","selector":{"id":"application-managesites-display-component---NewSite--addressDetailDetailsCalendar","interaction":{"idSuffix":"inner"}},"clearTextFirst":true,"interactionType":"ENTER_TEXT"}]}
RESULT: {"script":"<script> [776 bytes]","args":[{"enterText":"8 - Germany (Standard)","selector":{"id":"application-managesites-display-component---NewSite--addressDetailDetailsCalendar","interaction":{"idSuffix":"inner"}},"clearTextFirst":true,"interactionType":"ENTER_TEXT"}]}
COMMAND: POST /session/668384e1c1f73f3d5461b9d538daca42/element - {"using":"xpath","value":"//input[@id=\"application-managesites-display-component---NewSite--addressDetailDetailsYard-inner\"]"}
RESULT: {"using":"xpath","value":"//input[@id=\"application-managesites-display-component---NewSite--addressDetailDetailsYard-inner\"]"}
COMMAND: POST /session/668384e1c1f73f3d5461b9d538daca42/element/f.F64AD31729AEE402AD374BC91D68D115.d.2F203EF75D82152DD591F50B420993B5.e.15955/clear - {}
RESULT: {}
COMMAND: POST /session/668384e1c1f73f3d5461b9d538daca42/element/f.F64AD31729AEE402AD374BC91D68D115.d.2F203EF75D82152DD591F50B420993B5.e.15955/value - {"text":"299"}
COMMAND: GET /session/668384e1c1f73f3d5461b9d538daca42/screenshot - {}
RESULT: {"text":"299"}
COMMAND: GET /session/668384e1c1f73f3d5461b9d538daca42/screenshot - {}
RESULT: {}
RESULT: {}
COMMAND: POST /session/668384e1c1f73f3d5461b9d538daca42/execute/async - {"script":"<script> [1562 bytes]","args":[{"selector":{"controlType":"sap.m.Button","viewName":"etm.portal.ui.managesites.view.NewSmartSite","viewId":"application-managesites-display-component---NewSite","properties":{"text":"Commercial"},"interaction":{"idSuffix":"BDI-content"}},"wdio_ui5_key":"etmportal.ui.managesites.view.NewSmartSitesap.m.Button{\"text\":\"Commercial\"}"}]}
RESULT: {"script":"<script> [1562 bytes]","args":[{"selector":{"controlType":"sap.m.Button","viewName":"etm.portal.ui.managesites.view.NewSmartSite","viewId":"application-managesites-display-component---NewSite","properties":{"text":"Commercial"},"interaction":{"idSuffix":"BDI-content"}},"wdio_ui5_key":"etmportal.ui.managesites.view.NewSmartSitesap.m.Button{\"text\":\"Commercial\"}"}]}
RESULT: undefined
COMMAND: POST /session/668384e1c1f73f3d5461b9d538daca42/element - {"using":"xpath","value":"//*[@id=\"application-managesites-display-component---NewSite--ObjectPageLayout-anchBar-__section33-anchor\"]"}
RESULT: {"using":"xpath","value":"//*[@id=\"application-managesites-display-component---NewSite--ObjectPageLayout-anchBar-__section33-anchor\"]"}
COMMAND: POST /session/668384e1c1f73f3d5461b9d538daca42/element/f.F64AD31729AEE402AD374BC91D68D115.d.2F203EF75D82152DD591F50B420993B5.e.16154/click - {}
RESULT: {}
COMMAND: POST /session/668384e1c1f73f3d5461b9d538daca42/execute/async - {"script":"<script> [1562 bytes]","args":[{"selector":{"id":"application-managesites-display-component---NewSite--siteWhmCheckBox-label","interaction":{"idSuffix":"bdi"}},"wdio_ui5_key":"applicationmanagesites-display-component---NewSite--siteWhmCheckBox-label"}]}
COMMAND: GET /session/668384e1c1f73f3d5461b9d538daca42/screenshot - {}
RESULT: {"script":"<script> [1562 bytes]","args":[{"selector":{"id":"application-managesites-display-component---NewSite--siteWhmCheckBox-label","interaction":{"idSuffix":"bdi"}},"wdio_ui5_key":"applicationmanagesites-display-component---NewSite--siteWhmCheckBox-label"}]}
RESULT: undefined
COMMAND: POST /session/668384e1c1f73f3d5461b9d538daca42/element - {"using":"xpath","value":"//*[@id=\"application-managesites-display-component---NewSite--siteWhmCheckBox-label\"]"}
RESULT: {}
RESULT: {"using":"xpath","value":"//*[@id=\"application-managesites-display-component---NewSite--siteWhmCheckBox-label\"]"}
COMMAND: POST /session/668384e1c1f73f3d5461b9d538daca42/element/f.F64AD31729AEE402AD374BC91D68D115.d.2F203EF75D82152DD591F50B420993B5.e.16163/click - {}
RESULT: {}
COMMAND: POST /session/668384e1c1f73f3d5461b9d538daca42/execute/async - {"script":"<script> [1562 bytes]","args":[{"selector":{"controlType":"sap.m.Button","viewName":"etm.portal.ui.managesites.view.NewSmartSite","viewId":"application-managesites-display-component---NewSite","i18NText":{"propertyName":"text","key":"save"},"interaction":{"idSuffix":"BDI-content"}},"wdio_ui5_key":"etmportal.ui.managesites.view.NewSmartSitesap.m.Button{\"propertyName\":\"text\",\"key\":\"save\"}"}]}
COMMAND: GET /session/668384e1c1f73f3d5461b9d538daca42/screenshot - {}
RESULT: {"script":"<script> [1562 bytes]","args":[{"selector":{"controlType":"sap.m.Button","viewName":"etm.portal.ui.managesites.view.NewSmartSite","viewId":"application-managesites-display-component---NewSite","i18NText":{"propertyName":"text","key":"save"},"interaction":{"idSuffix":"BDI-content"}},"wdio_ui5_key":"etmportal.ui.managesites.view.NewSmartSitesap.m.Button{\"propertyName\":\"text\",\"key\":\"save\"}"}]}
RESULT: undefined
COMMAND: POST /session/668384e1c1f73f3d5461b9d538daca42/element - {"using":"xpath","value":"//*[@id=\"__button76\"]"}
RESULT: {}
RESULT: {"using":"xpath","value":"//*[@id=\"__button76\"]"}
COMMAND: POST /session/668384e1c1f73f3d5461b9d538daca42/element/f.F64AD31729AEE402AD374BC91D68D115.d.2F203EF75D82152DD591F50B420993B5.e.16131/click - {}
RESULT: {}
COMMAND: GET /session/668384e1c1f73f3d5461b9d538daca42/screenshot - {}
RESULT: {}
COMMAND: POST /session/668384e1c1f73f3d5461b9d538daca42/execute/async - {"script":"<script> [1562 bytes]","args":[{"selector":{"controlType":"sap.m.Text","viewName":"etm.portal.ui.managesites.view.Detail","viewId":"application-managesites-display-component---detailSite","bindingPath":{"propertyPath":"ID","modelName":"catalogModel"}},"wdio_ui5_key":"etmportal.ui.managesites.view.Detailsap.m.Text{\"propertyPath\":\"ID\",\"modelName\":\"catalogModel\"}"}]}
RESULT: {"script":"<script> [1562 bytes]","args":[{"selector":{"controlType":"sap.m.Text","viewName":"etm.portal.ui.managesites.view.Detail","viewId":"application-managesites-display-component---detailSite","bindingPath":{"propertyPath":"ID","modelName":"catalogModel"}},"wdio_ui5_key":"etmportal.ui.managesites.view.Detailsap.m.Text{\"propertyPath\":\"ID\",\"modelName\":\"catalogModel\"}"}]}
RESULT: undefined
COMMAND: POST /session/668384e1c1f73f3d5461b9d538daca42/execute/async - {"script":"<script> [6424 bytes]","args":[{"element-6066-11e4-a52e-4f735466cecf":"f.F64AD31729AEE402AD374BC91D68D115.d.2F203EF75D82152DD591F50B420993B5.e.16353"},"getText",[]]}
RESULT: {"script":"<script> [6424 bytes]","args":[{"element-6066-11e4-a52e-4f735466cecf":"f.F64AD31729AEE402AD374BC91D68D115.d.2F203EF75D82152DD591F50B420993B5.e.16353"},"getText",[]]}
COMMAND: POST /session/668384e1c1f73f3d5461b9d538daca42/execute/async - {"script":"<script> [1562 bytes]","args":[{"selector":{"controlType":"sap.m.Label","viewName":"etm.portal.ui.managesites.view.Detail","viewId":"application-managesites-display-component---detailSite","i18NText":{"propertyName":"text","key":"status"}},"wdio_ui5_key":"etmportal.ui.managesites.view.Detailsap.m.Label{\"propertyName\":\"text\",\"key\":\"status\"}"}]}
RESULT: {"script":"<script> [1562 bytes]","args":[{"selector":{"controlType":"sap.m.Label","viewName":"etm.portal.ui.managesites.view.Detail","viewId":"application-managesites-display-component---detailSite","i18NText":{"propertyName":"text","key":"status"}},"wdio_ui5_key":"etmportal.ui.managesites.view.Detailsap.m.Label{\"propertyName\":\"text\",\"key\":\"status\"}"}]}
RESULT: undefined
COMMAND: POST /session/668384e1c1f73f3d5461b9d538daca42/execute/async - {"script":"<script> [6424 bytes]","args":[{"element-6066-11e4-a52e-4f735466cecf":"f.F64AD31729AEE402AD374BC91D68D115.d.2F203EF75D82152DD591F50B420993B5.e.16341"},"getText",[]]}
RESULT: {"script":"<script> [6424 bytes]","args":[{"element-6066-11e4-a52e-4f735466cecf":"f.F64AD31729AEE402AD374BC91D68D115.d.2F203EF75D82152DD591F50B420993B5.e.16341"},"getText",[]]}
RESULT: undefined
COMMAND: POST /session/668384e1c1f73f3d5461b9d538daca42/element - {"using":"xpath","value":"//*[@id=\"shell-header\"]"}
RESULT: {"using":"xpath","value":"//*[@id=\"shell-header\"]"}
COMMAND: POST /session/668384e1c1f73f3d5461b9d538daca42/element/f.F64AD31729AEE402AD374BC91D68D115.d.2F203EF75D82152DD591F50B420993B5.e.16354/click - {}
RESULT: {}
COMMAND: POST /session/668384e1c1f73f3d5461b9d538daca42/element - {"using":"css selector","value":"#shell-header-logo"}
COMMAND: GET /session/668384e1c1f73f3d5461b9d538daca42/screenshot - {}
RESULT: {"using":"css selector","value":"#shell-header-logo"}
COMMAND: POST /session/668384e1c1f73f3d5461b9d538daca42/element/f.F64AD31729AEE402AD374BC91D68D115.d.2F203EF75D82152DD591F50B420993B5.e.15715/click - {}
RESULT: {}
RESULT: {}
]]></system-out>
    </testcase>
    <testcase classname="chrome.135_0_7049_96.windows.Return_from_Site_w/_warehouse_management_w/_clarification_US125588" name="Should create WHM Partner" time="63.282">
      <system-out><![CDATA[
COMMAND: POST /session/668384e1c1f73f3d5461b9d538daca42/execute/async - {"script":"<script> [1562 bytes]","args":[{"selector":{"controlType":"sap.m.GenericTile","properties":{"header":"Manage Partners"}},"wdio_ui5_key":"sapm.GenericTile{\"header\":\"Manage Partners\"}"}]}
COMMAND: GET /session/668384e1c1f73f3d5461b9d538daca42/screenshot - {}
RESULT: {"script":"<script> [1562 bytes]","args":[{"selector":{"controlType":"sap.m.GenericTile","properties":{"header":"Manage Partners"}},"wdio_ui5_key":"sapm.GenericTile{\"header\":\"Manage Partners\"}"}]}
RESULT: undefined
COMMAND: POST /session/668384e1c1f73f3d5461b9d538daca42/element - {"using":"xpath","value":"//*[@id=\"__tile38\"]"}
RESULT: {}
RESULT: {"using":"xpath","value":"//*[@id=\"__tile38\"]"}
COMMAND: POST /session/668384e1c1f73f3d5461b9d538daca42/element/f.F64AD31729AEE402AD374BC91D68D115.d.2F203EF75D82152DD591F50B420993B5.e.16360/click - {}
RESULT: {}
COMMAND: GET /session/668384e1c1f73f3d5461b9d538daca42/screenshot - {}
COMMAND: POST /session/668384e1c1f73f3d5461b9d538daca42/element - {"using":"xpath","value":"//button[(@data-kt = 'addButton')]"}
RESULT: {}
RESULT: {"using":"xpath","value":"//button[(@data-kt = 'addButton')]"}
COMMAND: POST /session/668384e1c1f73f3d5461b9d538daca42/elements - {"using":"xpath","value":"//button[(@data-kt = 'addButton')]"}
RESULT: {"using":"xpath","value":"//button[(@data-kt = 'addButton')]"}
COMMAND: POST /session/668384e1c1f73f3d5461b9d538daca42/elements - {"using":"xpath","value":"//button[(@data-kt = 'addButton')]"}
RESULT: {"using":"xpath","value":"//button[(@data-kt = 'addButton')]"}
COMMAND: POST /session/668384e1c1f73f3d5461b9d538daca42/element - {"using":"xpath","value":"//button[(@data-kt = 'addButton')]"}
RESULT: {"using":"xpath","value":"//button[(@data-kt = 'addButton')]"}
COMMAND: POST /session/668384e1c1f73f3d5461b9d538daca42/element/f.F64AD31729AEE402AD374BC91D68D115.d.2F203EF75D82152DD591F50B420993B5.e.16396/click - {}
RESULT: {}
COMMAND: POST /session/668384e1c1f73f3d5461b9d538daca42/execute/async - {"script":"<script> [1562 bytes]","args":[{"selector":{"id":"application-managepartners-display-component---NewPartner--addressDetailDetailsName1","interaction":{"idSuffix":"inner"}},"wdio_ui5_key":"applicationmanagepartners-display-component---NewPartner--addressDetailDetailsName1"}]}
COMMAND: GET /session/668384e1c1f73f3d5461b9d538daca42/screenshot - {}
RESULT: {"script":"<script> [1562 bytes]","args":[{"selector":{"id":"application-managepartners-display-component---NewPartner--addressDetailDetailsName1","interaction":{"idSuffix":"inner"}},"wdio_ui5_key":"applicationmanagepartners-display-component---NewPartner--addressDetailDetailsName1"}]}
RESULT: undefined
COMMAND: POST /session/668384e1c1f73f3d5461b9d538daca42/execute/async - {"script":"<script> [776 bytes]","args":[{"enterText":"WDI5-Partners","selector":{"id":"application-managepartners-display-component---NewPartner--addressDetailDetailsName1","interaction":{"idSuffix":"inner"}},"clearTextFirst":true,"interactionType":"ENTER_TEXT"}]}
RESULT: {}
RESULT: {"script":"<script> [776 bytes]","args":[{"enterText":"WDI5-Partners","selector":{"id":"application-managepartners-display-component---NewPartner--addressDetailDetailsName1","interaction":{"idSuffix":"inner"}},"clearTextFirst":true,"interactionType":"ENTER_TEXT"}]}
COMMAND: POST /session/668384e1c1f73f3d5461b9d538daca42/execute/async - {"script":"<script> [1562 bytes]","args":[{"selector":{"id":"application-managepartners-display-component---NewPartner--addressDetailDetailsLanguage-arrow"},"wdio_ui5_key":"applicationmanagepartners-display-component---NewPartner--addressDetailDetailsLanguage-arrow"}]}
RESULT: {"script":"<script> [1562 bytes]","args":[{"selector":{"id":"application-managepartners-display-component---NewPartner--addressDetailDetailsLanguage-arrow"},"wdio_ui5_key":"applicationmanagepartners-display-component---NewPartner--addressDetailDetailsLanguage-arrow"}]}
RESULT: undefined
COMMAND: POST /session/668384e1c1f73f3d5461b9d538daca42/element - {"using":"xpath","value":"//*[@id=\"application-managepartners-display-component---NewPartner--addressDetailDetailsLanguage-arrow\"]"}
RESULT: {"using":"xpath","value":"//*[@id=\"application-managepartners-display-component---NewPartner--addressDetailDetailsLanguage-arrow\"]"}
COMMAND: POST /session/668384e1c1f73f3d5461b9d538daca42/element/f.F64AD31729AEE402AD374BC91D68D115.d.2F203EF75D82152DD591F50B420993B5.e.16660/click - {}
RESULT: {}
COMMAND: POST /session/668384e1c1f73f3d5461b9d538daca42/execute/async - {"script":"<script> [1562 bytes]","args":[{"selector":{"controlType":"sap.m.StandardListItem","viewName":"etm.portal.ui.managepartners.view.NewPartner","viewId":"application-managepartners-display-component---NewPartner","properties":{"title":"English"},"searchOpenDialogs":true,"interaction":{"idSuffix":"content"}},"wdio_ui5_key":"etmportal.ui.managepartners.view.NewPartnersap.m.StandardListItem{\"title\":\"English\"}"}]}
COMMAND: GET /session/668384e1c1f73f3d5461b9d538daca42/screenshot - {}
RESULT: {"script":"<script> [1562 bytes]","args":[{"selector":{"controlType":"sap.m.StandardListItem","viewName":"etm.portal.ui.managepartners.view.NewPartner","viewId":"application-managepartners-display-component---NewPartner","properties":{"title":"English"},"searchOpenDialogs":true,"interaction":{"idSuffix":"content"}},"wdio_ui5_key":"etmportal.ui.managepartners.view.NewPartnersap.m.StandardListItem{\"title\":\"English\"}"}]}
RESULT: undefined
COMMAND: POST /session/668384e1c1f73f3d5461b9d538daca42/element - {"using":"xpath","value":"//*[@id=\"__item921\"]"}
RESULT: {}
RESULT: {"using":"xpath","value":"//*[@id=\"__item921\"]"}
COMMAND: POST /session/668384e1c1f73f3d5461b9d538daca42/element/f.F64AD31729AEE402AD374BC91D68D115.d.2F203EF75D82152DD591F50B420993B5.e.16662/click - {}
RESULT: {}
COMMAND: POST /session/668384e1c1f73f3d5461b9d538daca42/execute/async - {"script":"<script> [1562 bytes]","args":[{"selector":{"id":"application-managepartners-display-component---NewPartner--addressDetailDetailsCity1","interaction":{"idSuffix":"inner"}},"wdio_ui5_key":"applicationmanagepartners-display-component---NewPartner--addressDetailDetailsCity1"}]}
COMMAND: GET /session/668384e1c1f73f3d5461b9d538daca42/screenshot - {}
RESULT: {"script":"<script> [1562 bytes]","args":[{"selector":{"id":"application-managepartners-display-component---NewPartner--addressDetailDetailsCity1","interaction":{"idSuffix":"inner"}},"wdio_ui5_key":"applicationmanagepartners-display-component---NewPartner--addressDetailDetailsCity1"}]}
RESULT: undefined
COMMAND: POST /session/668384e1c1f73f3d5461b9d538daca42/execute/async - {"script":"<script> [776 bytes]","args":[{"enterText":"Bangalore","selector":{"id":"application-managepartners-display-component---NewPartner--addressDetailDetailsCity1","interaction":{"idSuffix":"inner"}},"clearTextFirst":true,"interactionType":"ENTER_TEXT"}]}
RESULT: {}
RESULT: {"script":"<script> [776 bytes]","args":[{"enterText":"Bangalore","selector":{"id":"application-managepartners-display-component---NewPartner--addressDetailDetailsCity1","interaction":{"idSuffix":"inner"}},"clearTextFirst":true,"interactionType":"ENTER_TEXT"}]}
COMMAND: POST /session/668384e1c1f73f3d5461b9d538daca42/execute/async - {"script":"<script> [1562 bytes]","args":[{"selector":{"id":"application-managepartners-display-component---NewPartner--addressDetailDetailsCountry-arrow"},"wdio_ui5_key":"applicationmanagepartners-display-component---NewPartner--addressDetailDetailsCountry-arrow"}]}
RESULT: {"script":"<script> [1562 bytes]","args":[{"selector":{"id":"application-managepartners-display-component---NewPartner--addressDetailDetailsCountry-arrow"},"wdio_ui5_key":"applicationmanagepartners-display-component---NewPartner--addressDetailDetailsCountry-arrow"}]}
RESULT: undefined
COMMAND: POST /session/668384e1c1f73f3d5461b9d538daca42/element - {"using":"xpath","value":"//*[@id=\"application-managepartners-display-component---NewPartner--addressDetailDetailsCountry-arrow\"]"}
RESULT: {"using":"xpath","value":"//*[@id=\"application-managepartners-display-component---NewPartner--addressDetailDetailsCountry-arrow\"]"}
COMMAND: POST /session/668384e1c1f73f3d5461b9d538daca42/element/f.F64AD31729AEE402AD374BC91D68D115.d.2F203EF75D82152DD591F50B420993B5.e.16664/click - {}
RESULT: {}
COMMAND: POST /session/668384e1c1f73f3d5461b9d538daca42/execute/async - {"script":"<script> [1562 bytes]","args":[{"selector":{"id":"application-managepartners-display-component---NewPartner--addressDetailDetailsCountry","interaction":{"idSuffix":"inner"}},"wdio_ui5_key":"applicationmanagepartners-display-component---NewPartner--addressDetailDetailsCountry"}]}
COMMAND: GET /session/668384e1c1f73f3d5461b9d538daca42/screenshot - {}
RESULT: {"script":"<script> [1562 bytes]","args":[{"selector":{"id":"application-managepartners-display-component---NewPartner--addressDetailDetailsCountry","interaction":{"idSuffix":"inner"}},"wdio_ui5_key":"applicationmanagepartners-display-component---NewPartner--addressDetailDetailsCountry"}]}
RESULT: undefined
COMMAND: POST /session/668384e1c1f73f3d5461b9d538daca42/execute/async - {"script":"<script> [776 bytes]","args":[{"enterText":"India","selector":{"id":"application-managepartners-display-component---NewPartner--addressDetailDetailsCountry","interaction":{"idSuffix":"inner"}},"clearTextFirst":true,"interactionType":"ENTER_TEXT"}]}
RESULT: {}
RESULT: {"script":"<script> [776 bytes]","args":[{"enterText":"India","selector":{"id":"application-managepartners-display-component---NewPartner--addressDetailDetailsCountry","interaction":{"idSuffix":"inner"}},"clearTextFirst":true,"interactionType":"ENTER_TEXT"}]}
COMMAND: POST /session/668384e1c1f73f3d5461b9d538daca42/execute/async - {"script":"<script> [1562 bytes]","args":[{"selector":{"controlType":"sap.m.StandardListItem","viewName":"etm.portal.ui.managepartners.view.NewPartner","viewId":"application-managepartners-display-component---NewPartner","properties":{"title":"India"},"searchOpenDialogs":true,"interaction":{"idSuffix":"content"}},"wdio_ui5_key":"etmportal.ui.managepartners.view.NewPartnersap.m.StandardListItem{\"title\":\"India\"}"}]}
RESULT: {"script":"<script> [1562 bytes]","args":[{"selector":{"controlType":"sap.m.StandardListItem","viewName":"etm.portal.ui.managepartners.view.NewPartner","viewId":"application-managepartners-display-component---NewPartner","properties":{"title":"India"},"searchOpenDialogs":true,"interaction":{"idSuffix":"content"}},"wdio_ui5_key":"etmportal.ui.managepartners.view.NewPartnersap.m.StandardListItem{\"title\":\"India\"}"}]}
RESULT: undefined
COMMAND: POST /session/668384e1c1f73f3d5461b9d538daca42/execute/async - {"script":"<script> [1562 bytes]","args":[{"selector":{"controlType":"sap.m.Button","viewName":"etm.portal.ui.managepartners.view.NewPartner","viewId":"application-managepartners-display-component---NewPartner","properties":{"text":"Commercial"},"interaction":{"idSuffix":"BDI-content"}},"wdio_ui5_key":"etmportal.ui.managepartners.view.NewPartnersap.m.Button{\"text\":\"Commercial\"}"}]}
RESULT: {"script":"<script> [1562 bytes]","args":[{"selector":{"controlType":"sap.m.Button","viewName":"etm.portal.ui.managepartners.view.NewPartner","viewId":"application-managepartners-display-component---NewPartner","properties":{"text":"Commercial"},"interaction":{"idSuffix":"BDI-content"}},"wdio_ui5_key":"etmportal.ui.managepartners.view.NewPartnersap.m.Button{\"text\":\"Commercial\"}"}]}
RESULT: undefined
COMMAND: POST /session/668384e1c1f73f3d5461b9d538daca42/element - {"using":"xpath","value":"//*[@id=\"application-managepartners-display-component---NewPartner--ObjectPageLayout-anchBar-__section57-anchor\"]"}
RESULT: {"using":"xpath","value":"//*[@id=\"application-managepartners-display-component---NewPartner--ObjectPageLayout-anchBar-__section57-anchor\"]"}
COMMAND: POST /session/668384e1c1f73f3d5461b9d538daca42/element/f.F64AD31729AEE402AD374BC91D68D115.d.2F203EF75D82152DD591F50B420993B5.e.16669/click - {}
RESULT: {}
COMMAND: POST /session/668384e1c1f73f3d5461b9d538daca42/execute/async - {"script":"<script> [1562 bytes]","args":[{"selector":{"id":"application-managepartners-display-component---NewPartner--partnerDetailInternal-arrow"},"wdio_ui5_key":"applicationmanagepartners-display-component---NewPartner--partnerDetailInternal-arrow"}]}
COMMAND: GET /session/668384e1c1f73f3d5461b9d538daca42/screenshot - {}
RESULT: {"script":"<script> [1562 bytes]","args":[{"selector":{"id":"application-managepartners-display-component---NewPartner--partnerDetailInternal-arrow"},"wdio_ui5_key":"applicationmanagepartners-display-component---NewPartner--partnerDetailInternal-arrow"}]}
RESULT: undefined
COMMAND: POST /session/668384e1c1f73f3d5461b9d538daca42/element - {"using":"xpath","value":"//*[@id=\"application-managepartners-display-component---NewPartner--partnerDetailInternal-arrow\"]"}
RESULT: {}
RESULT: {"using":"xpath","value":"//*[@id=\"application-managepartners-display-component---NewPartner--partnerDetailInternal-arrow\"]"}
COMMAND: POST /session/668384e1c1f73f3d5461b9d538daca42/element/f.F64AD31729AEE402AD374BC91D68D115.d.2F203EF75D82152DD591F50B420993B5.e.16674/click - {}
RESULT: {}
COMMAND: POST /session/668384e1c1f73f3d5461b9d538daca42/execute/async - {"script":"<script> [1562 bytes]","args":[{"selector":{"controlType":"sap.m.StandardListItem","viewName":"etm.portal.ui.managepartners.view.NewPartner","viewId":"application-managepartners-display-component---NewPartner","properties":{"title":"External partner"},"searchOpenDialogs":true,"interaction":{"idSuffix":"content"}},"wdio_ui5_key":"etmportal.ui.managepartners.view.NewPartnersap.m.StandardListItem{\"title\":\"External partner\"}"}]}
COMMAND: GET /session/668384e1c1f73f3d5461b9d538daca42/screenshot - {}
RESULT: {"script":"<script> [1562 bytes]","args":[{"selector":{"controlType":"sap.m.StandardListItem","viewName":"etm.portal.ui.managepartners.view.NewPartner","viewId":"application-managepartners-display-component---NewPartner","properties":{"title":"External partner"},"searchOpenDialogs":true,"interaction":{"idSuffix":"content"}},"wdio_ui5_key":"etmportal.ui.managepartners.view.NewPartnersap.m.StandardListItem{\"title\":\"External partner\"}"}]}
RESULT: undefined
COMMAND: POST /session/668384e1c1f73f3d5461b9d538daca42/element - {"using":"xpath","value":"//*[@id=\"__item1055\"]"}
RESULT: {}
RESULT: {"using":"xpath","value":"//*[@id=\"__item1055\"]"}
COMMAND: POST /session/668384e1c1f73f3d5461b9d538daca42/element/f.F64AD31729AEE402AD374BC91D68D115.d.2F203EF75D82152DD591F50B420993B5.e.16678/click - {}
RESULT: {}
COMMAND: POST /session/668384e1c1f73f3d5461b9d538daca42/execute/async - {"script":"<script> [1562 bytes]","args":[{"selector":{"id":"application-managepartners-display-component---NewPartner--partnerDetailsCurrency-arrow"},"wdio_ui5_key":"applicationmanagepartners-display-component---NewPartner--partnerDetailsCurrency-arrow"}]}
COMMAND: GET /session/668384e1c1f73f3d5461b9d538daca42/screenshot - {}
RESULT: {"script":"<script> [1562 bytes]","args":[{"selector":{"id":"application-managepartners-display-component---NewPartner--partnerDetailsCurrency-arrow"},"wdio_ui5_key":"applicationmanagepartners-display-component---NewPartner--partnerDetailsCurrency-arrow"}]}
RESULT: undefined
COMMAND: POST /session/668384e1c1f73f3d5461b9d538daca42/element - {"using":"xpath","value":"//*[@id=\"application-managepartners-display-component---NewPartner--partnerDetailsCurrency-arrow\"]"}
RESULT: {}
RESULT: {"using":"xpath","value":"//*[@id=\"application-managepartners-display-component---NewPartner--partnerDetailsCurrency-arrow\"]"}
COMMAND: POST /session/668384e1c1f73f3d5461b9d538daca42/element/f.F64AD31729AEE402AD374BC91D68D115.d.2F203EF75D82152DD591F50B420993B5.e.16683/click - {}
RESULT: {}
COMMAND: POST /session/668384e1c1f73f3d5461b9d538daca42/execute/async - {"script":"<script> [1562 bytes]","args":[{"selector":{"controlType":"sap.m.StandardListItem","viewName":"etm.portal.ui.managepartners.view.NewPartner","viewId":"application-managepartners-display-component---NewPartner","properties":{"title":"Euro"},"searchOpenDialogs":true,"interaction":{"idSuffix":"content"}},"wdio_ui5_key":"etmportal.ui.managepartners.view.NewPartnersap.m.StandardListItem{\"title\":\"Euro\"}"}]}
COMMAND: GET /session/668384e1c1f73f3d5461b9d538daca42/screenshot - {}
RESULT: {"script":"<script> [1562 bytes]","args":[{"selector":{"controlType":"sap.m.StandardListItem","viewName":"etm.portal.ui.managepartners.view.NewPartner","viewId":"application-managepartners-display-component---NewPartner","properties":{"title":"Euro"},"searchOpenDialogs":true,"interaction":{"idSuffix":"content"}},"wdio_ui5_key":"etmportal.ui.managepartners.view.NewPartnersap.m.StandardListItem{\"title\":\"Euro\"}"}]}
RESULT: undefined
COMMAND: POST /session/668384e1c1f73f3d5461b9d538daca42/element - {"using":"xpath","value":"//*[@id=\"__item1057\"]"}
RESULT: {}
RESULT: {"using":"xpath","value":"//*[@id=\"__item1057\"]"}
COMMAND: POST /session/668384e1c1f73f3d5461b9d538daca42/element/f.F64AD31729AEE402AD374BC91D68D115.d.2F203EF75D82152DD591F50B420993B5.e.16685/click - {}
RESULT: {}
COMMAND: POST /session/668384e1c1f73f3d5461b9d538daca42/execute/async - {"script":"<script> [1562 bytes]","args":[{"selector":{"controlType":"sap.m.Button","viewName":"etm.portal.ui.managepartners.view.NewPartner","viewId":"application-managepartners-display-component---NewPartner","properties":{"text":"Assignments"},"interaction":{"idSuffix":"BDI-content"}},"wdio_ui5_key":"etmportal.ui.managepartners.view.NewPartnersap.m.Button{\"text\":\"Assignments\"}"}]}
COMMAND: GET /session/668384e1c1f73f3d5461b9d538daca42/screenshot - {}
RESULT: {"script":"<script> [1562 bytes]","args":[{"selector":{"controlType":"sap.m.Button","viewName":"etm.portal.ui.managepartners.view.NewPartner","viewId":"application-managepartners-display-component---NewPartner","properties":{"text":"Assignments"},"interaction":{"idSuffix":"BDI-content"}},"wdio_ui5_key":"etmportal.ui.managepartners.view.NewPartnersap.m.Button{\"text\":\"Assignments\"}"}]}
RESULT: undefined
COMMAND: POST /session/668384e1c1f73f3d5461b9d538daca42/element - {"using":"xpath","value":"//*[@id=\"application-managepartners-display-component---NewPartner--ObjectPageLayout-anchBar-__section61-anchor\"]"}
RESULT: {}
RESULT: {"using":"xpath","value":"//*[@id=\"application-managepartners-display-component---NewPartner--ObjectPageLayout-anchBar-__section61-anchor\"]"}
COMMAND: POST /session/668384e1c1f73f3d5461b9d538daca42/element/f.F64AD31729AEE402AD374BC91D68D115.d.2F203EF75D82152DD591F50B420993B5.e.16687/click - {}
RESULT: {}
COMMAND: POST /session/668384e1c1f73f3d5461b9d538daca42/execute/async - {"script":"<script> [1562 bytes]","args":[{"selector":{"id":"application-managepartners-display-component---NewPartner--btnAddTableRow","interaction":{"idSuffix":"inner"}},"wdio_ui5_key":"applicationmanagepartners-display-component---NewPartner--btnAddTableRow"}]}
COMMAND: GET /session/668384e1c1f73f3d5461b9d538daca42/screenshot - {}
RESULT: {"script":"<script> [1562 bytes]","args":[{"selector":{"id":"application-managepartners-display-component---NewPartner--btnAddTableRow","interaction":{"idSuffix":"inner"}},"wdio_ui5_key":"applicationmanagepartners-display-component---NewPartner--btnAddTableRow"}]}
RESULT: undefined
COMMAND: POST /session/668384e1c1f73f3d5461b9d538daca42/element - {"using":"xpath","value":"//*[@id=\"application-managepartners-display-component---NewPartner--btnAddTableRow\"]"}
RESULT: {}
RESULT: {"using":"xpath","value":"//*[@id=\"application-managepartners-display-component---NewPartner--btnAddTableRow\"]"}
COMMAND: POST /session/668384e1c1f73f3d5461b9d538daca42/element/f.F64AD31729AEE402AD374BC91D68D115.d.2F203EF75D82152DD591F50B420993B5.e.16692/click - {}
RESULT: {}
COMMAND: POST /session/668384e1c1f73f3d5461b9d538daca42/element - {"using":"css selector","value":"#application-managepartners-display-component---NewPartner--assignmentYard-application-managepartners-display-component---NewPartner--assignmentsTable-0-inner"}
COMMAND: GET /session/668384e1c1f73f3d5461b9d538daca42/screenshot - {}
RESULT: {"using":"css selector","value":"#application-managepartners-display-component---NewPartner--assignmentYard-application-managepartners-display-component---NewPartner--assignmentsTable-0-inner"}
COMMAND: POST /session/668384e1c1f73f3d5461b9d538daca42/element/f.F64AD31729AEE402AD374BC91D68D115.d.2F203EF75D82152DD591F50B420993B5.e.16695/clear - {}
RESULT: {}
RESULT: {}
COMMAND: POST /session/668384e1c1f73f3d5461b9d538daca42/element/f.F64AD31729AEE402AD374BC91D68D115.d.2F203EF75D82152DD591F50B420993B5.e.16695/value - {"text":"299"}
COMMAND: GET /session/668384e1c1f73f3d5461b9d538daca42/screenshot - {}
RESULT: {"text":"299"}
COMMAND: POST /session/668384e1c1f73f3d5461b9d538daca42/execute/async - {"script":"<script> [1562 bytes]","args":[{"selector":{"id":"application-managepartners-display-component---NewPartner--assignmentYard-application-managepartners-display-component---NewPartner--assignmentsTable-0-arrow"},"wdio_ui5_key":"applicationmanagepartners-display-component---NewPartner--assignmentYard-application-managepartners-display-component---NewPartner--assignmentsTable-0-arrow"}]}
COMMAND: GET /session/668384e1c1f73f3d5461b9d538daca42/screenshot - {}
RESULT: {}
RESULT: {"script":"<script> [1562 bytes]","args":[{"selector":{"id":"application-managepartners-display-component---NewPartner--assignmentYard-application-managepartners-display-component---NewPartner--assignmentsTable-0-arrow"},"wdio_ui5_key":"applicationmanagepartners-display-component---NewPartner--assignmentYard-application-managepartners-display-component---NewPartner--assignmentsTable-0-arrow"}]}
RESULT: undefined
COMMAND: POST /session/668384e1c1f73f3d5461b9d538daca42/element - {"using":"xpath","value":"//*[@id=\"application-managepartners-display-component---NewPartner--assignmentYard-application-managepartners-display-component---NewPartner--assignmentsTable-0-arrow\"]"}
RESULT: {}
RESULT: {"using":"xpath","value":"//*[@id=\"application-managepartners-display-component---NewPartner--assignmentYard-application-managepartners-display-component---NewPartner--assignmentsTable-0-arrow\"]"}
COMMAND: POST /session/668384e1c1f73f3d5461b9d538daca42/element/f.F64AD31729AEE402AD374BC91D68D115.d.2F203EF75D82152DD591F50B420993B5.e.16703/click - {}
RESULT: {}
COMMAND: GET /session/668384e1c1f73f3d5461b9d538daca42/screenshot - {}
RESULT: {}
COMMAND: POST /session/668384e1c1f73f3d5461b9d538daca42/execute/async - {"script":"<script> [1562 bytes]","args":[{"selector":{"controlType":"sap.m.Button","viewName":"etm.portal.ui.managepartners.view.NewPartner","viewId":"application-managepartners-display-component---NewPartner","i18NText":{"propertyName":"text","key":"save"},"interaction":{"idSuffix":"BDI-content"}},"wdio_ui5_key":"etmportal.ui.managepartners.view.NewPartnersap.m.Button{\"propertyName\":\"text\",\"key\":\"save\"}"}]}
RESULT: {"script":"<script> [1562 bytes]","args":[{"selector":{"controlType":"sap.m.Button","viewName":"etm.portal.ui.managepartners.view.NewPartner","viewId":"application-managepartners-display-component---NewPartner","i18NText":{"propertyName":"text","key":"save"},"interaction":{"idSuffix":"BDI-content"}},"wdio_ui5_key":"etmportal.ui.managepartners.view.NewPartnersap.m.Button{\"propertyName\":\"text\",\"key\":\"save\"}"}]}
RESULT: undefined
COMMAND: POST /session/668384e1c1f73f3d5461b9d538daca42/element - {"using":"xpath","value":"//*[@id=\"__button127\"]"}
RESULT: {"using":"xpath","value":"//*[@id=\"__button127\"]"}
COMMAND: POST /session/668384e1c1f73f3d5461b9d538daca42/element/f.F64AD31729AEE402AD374BC91D68D115.d.2F203EF75D82152DD591F50B420993B5.e.16555/click - {}
RESULT: {}
COMMAND: GET /session/668384e1c1f73f3d5461b9d538daca42/screenshot - {}
RESULT: {}
COMMAND: POST /session/668384e1c1f73f3d5461b9d538daca42/execute/async - {"script":"<script> [1562 bytes]","args":[{"selector":{"controlType":"sap.m.Text","viewName":"etm.portal.ui.managepartners.view.Detail","viewId":"application-managepartners-display-component---detailPtm","bindingPath":{"propertyPath":"ID","modelName":"catalogModel"}},"wdio_ui5_key":"etmportal.ui.managepartners.view.Detailsap.m.Text{\"propertyPath\":\"ID\",\"modelName\":\"catalogModel\"}"}]}
RESULT: {"script":"<script> [1562 bytes]","args":[{"selector":{"controlType":"sap.m.Text","viewName":"etm.portal.ui.managepartners.view.Detail","viewId":"application-managepartners-display-component---detailPtm","bindingPath":{"propertyPath":"ID","modelName":"catalogModel"}},"wdio_ui5_key":"etmportal.ui.managepartners.view.Detailsap.m.Text{\"propertyPath\":\"ID\",\"modelName\":\"catalogModel\"}"}]}
RESULT: undefined
COMMAND: POST /session/668384e1c1f73f3d5461b9d538daca42/execute/async - {"script":"<script> [6424 bytes]","args":[{"element-6066-11e4-a52e-4f735466cecf":"f.F64AD31729AEE402AD374BC91D68D115.d.2F203EF75D82152DD591F50B420993B5.e.16865"},"getText",[]]}
RESULT: {"script":"<script> [6424 bytes]","args":[{"element-6066-11e4-a52e-4f735466cecf":"f.F64AD31729AEE402AD374BC91D68D115.d.2F203EF75D82152DD591F50B420993B5.e.16865"},"getText",[]]}
COMMAND: POST /session/668384e1c1f73f3d5461b9d538daca42/element - {"using":"css selector","value":"#shell-header-logo"}
RESULT: {"using":"css selector","value":"#shell-header-logo"}
COMMAND: POST /session/668384e1c1f73f3d5461b9d538daca42/element/f.F64AD31729AEE402AD374BC91D68D115.d.2F203EF75D82152DD591F50B420993B5.e.16362/click - {}
RESULT: {}
]]></system-out>
    </testcase>
    <testcase classname="chrome.135_0_7049_96.windows.Return_from_Site_w/_warehouse_management_w/_clarification_US125588" name="Should create a new WHM Material" time="93.487">
      <system-out><![CDATA[
COMMAND: POST /session/668384e1c1f73f3d5461b9d538daca42/execute/async - {"script":"<script> [1562 bytes]","args":[{"selector":{"controlType":"sap.m.GenericTile","properties":{"header":"Manage Resources"}},"wdio_ui5_key":"sapm.GenericTile{\"header\":\"Manage Resources\"}"}]}
COMMAND: GET /session/668384e1c1f73f3d5461b9d538daca42/screenshot - {}
RESULT: {"script":"<script> [1562 bytes]","args":[{"selector":{"controlType":"sap.m.GenericTile","properties":{"header":"Manage Resources"}},"wdio_ui5_key":"sapm.GenericTile{\"header\":\"Manage Resources\"}"}]}
RESULT: undefined
COMMAND: POST /session/668384e1c1f73f3d5461b9d538daca42/element - {"using":"xpath","value":"//*[@id=\"__tile39\"]"}
RESULT: {}
RESULT: {"using":"xpath","value":"//*[@id=\"__tile39\"]"}
COMMAND: POST /session/668384e1c1f73f3d5461b9d538daca42/element/f.F64AD31729AEE402AD374BC91D68D115.d.2F203EF75D82152DD591F50B420993B5.e.16867/click - {}
RESULT: {}
COMMAND: POST /session/668384e1c1f73f3d5461b9d538daca42/execute/async - {"script":"<script> [1562 bytes]","args":[{"selector":{"controlType":"sap.m.OverflowToolbarButton","viewName":"etm.portal.ui.manageresources.view.Master","viewId":"application-manageresources-display-component---masterRU","bindingPath":{"path":"","propertyPath":"/isLogbook","modelName":"minimumStockRPGModel"},"interaction":{"idSuffix":"inner"}},"wdio_ui5_key":"etmportal.ui.manageresources.view.Mastersap.m.OverflowToolbarButton{\"path\":\"\",\"propertyPath\":\"/isLogbook\",\"modelName\":\"minimumStockRPGModel\"}"}]}
COMMAND: GET /session/668384e1c1f73f3d5461b9d538daca42/screenshot - {}
RESULT: {"script":"<script> [1562 bytes]","args":[{"selector":{"controlType":"sap.m.OverflowToolbarButton","viewName":"etm.portal.ui.manageresources.view.Master","viewId":"application-manageresources-display-component---masterRU","bindingPath":{"path":"","propertyPath":"/isLogbook","modelName":"minimumStockRPGModel"},"interaction":{"idSuffix":"inner"}},"wdio_ui5_key":"etmportal.ui.manageresources.view.Mastersap.m.OverflowToolbarButton{\"path\":\"\",\"propertyPath\":\"/isLogbook\",\"modelName\":\"minimumStockRPGModel\"}"}]}
RESULT: undefined
COMMAND: POST /session/668384e1c1f73f3d5461b9d538daca42/element - {"using":"xpath","value":"//*[@id=\"__button168\"]"}
RESULT: {}
RESULT: {"using":"xpath","value":"//*[@id=\"__button168\"]"}
COMMAND: POST /session/668384e1c1f73f3d5461b9d538daca42/element/f.F64AD31729AEE402AD374BC91D68D115.d.2F203EF75D82152DD591F50B420993B5.e.16908/click - {}
RESULT: {}
COMMAND: GET /session/668384e1c1f73f3d5461b9d538daca42/screenshot - {}
RESULT: {}
COMMAND: POST /session/668384e1c1f73f3d5461b9d538daca42/execute/async - {"script":"<script> [1562 bytes]","args":[{"selector":{"id":"application-manageresources-display-component---newResourceUnit--TYPE-arrow"},"wdio_ui5_key":"applicationmanageresources-display-component---newResourceUnit--TYPE-arrow"}]}
RESULT: {"script":"<script> [1562 bytes]","args":[{"selector":{"id":"application-manageresources-display-component---newResourceUnit--TYPE-arrow"},"wdio_ui5_key":"applicationmanageresources-display-component---newResourceUnit--TYPE-arrow"}]}
RESULT: undefined
COMMAND: POST /session/668384e1c1f73f3d5461b9d538daca42/element - {"using":"xpath","value":"//*[@id=\"application-manageresources-display-component---newResourceUnit--TYPE-arrow\"]"}
RESULT: {"using":"xpath","value":"//*[@id=\"application-manageresources-display-component---newResourceUnit--TYPE-arrow\"]"}
COMMAND: POST /session/668384e1c1f73f3d5461b9d538daca42/element/f.F64AD31729AEE402AD374BC91D68D115.d.2F203EF75D82152DD591F50B420993B5.e.17229/click - {}
RESULT: {}
COMMAND: POST /session/668384e1c1f73f3d5461b9d538daca42/execute/async - {"script":"<script> [1562 bytes]","args":[{"selector":{"controlType":"sap.m.StandardListItem","viewName":"reusables.view.manageresources.NewResourceUnit","viewId":"application-manageresources-display-component---newResourceUnit","properties":{"title":"Material"},"searchOpenDialogs":true,"interaction":{"idSuffix":"content"}},"wdio_ui5_key":"reusablesview.manageresources.NewResourceUnitsap.m.StandardListItem{\"title\":\"Material\"}"}]}
COMMAND: GET /session/668384e1c1f73f3d5461b9d538daca42/screenshot - {}
RESULT: {"script":"<script> [1562 bytes]","args":[{"selector":{"controlType":"sap.m.StandardListItem","viewName":"reusables.view.manageresources.NewResourceUnit","viewId":"application-manageresources-display-component---newResourceUnit","properties":{"title":"Material"},"searchOpenDialogs":true,"interaction":{"idSuffix":"content"}},"wdio_ui5_key":"reusablesview.manageresources.NewResourceUnitsap.m.StandardListItem{\"title\":\"Material\"}"}]}
RESULT: undefined
COMMAND: POST /session/668384e1c1f73f3d5461b9d538daca42/element - {"using":"xpath","value":"//*[@id=\"__item1338\"]"}
RESULT: {}
RESULT: {"using":"xpath","value":"//*[@id=\"__item1338\"]"}
COMMAND: POST /session/668384e1c1f73f3d5461b9d538daca42/element/f.F64AD31729AEE402AD374BC91D68D115.d.2F203EF75D82152DD591F50B420993B5.e.17232/click - {}
RESULT: {}
COMMAND: POST /session/668384e1c1f73f3d5461b9d538daca42/execute/async - {"script":"<script> [1562 bytes]","args":[{"selector":{"id":"application-manageresources-display-component---newResourceUnit--resourceId","interaction":{"idSuffix":"inner"}},"wdio_ui5_key":"applicationmanageresources-display-component---newResourceUnit--resourceId"}]}
COMMAND: GET /session/668384e1c1f73f3d5461b9d538daca42/screenshot - {}
RESULT: {"script":"<script> [1562 bytes]","args":[{"selector":{"id":"application-manageresources-display-component---newResourceUnit--resourceId","interaction":{"idSuffix":"inner"}},"wdio_ui5_key":"applicationmanageresources-display-component---newResourceUnit--resourceId"}]}
RESULT: undefined
COMMAND: POST /session/668384e1c1f73f3d5461b9d538daca42/execute/async - {"script":"<script> [1562 bytes]","args":[{"selector":{"id":"application-manageresources-display-component---newResourceUnit--SHORT_TEXT","interaction":{"idSuffix":"inner"}},"wdio_ui5_key":"applicationmanageresources-display-component---newResourceUnit--SHORT_TEXT"}]}
RESULT: {}
RESULT: {"script":"<script> [1562 bytes]","args":[{"selector":{"id":"application-manageresources-display-component---newResourceUnit--SHORT_TEXT","interaction":{"idSuffix":"inner"}},"wdio_ui5_key":"applicationmanageresources-display-component---newResourceUnit--SHORT_TEXT"}]}
RESULT: undefined
COMMAND: POST /session/668384e1c1f73f3d5461b9d538daca42/execute/async - {"script":"<script> [776 bytes]","args":[{"enterText":"material WHM","selector":{"id":"application-manageresources-display-component---newResourceUnit--SHORT_TEXT","interaction":{"idSuffix":"inner"}},"clearTextFirst":true,"interactionType":"ENTER_TEXT"}]}
RESULT: {"script":"<script> [776 bytes]","args":[{"enterText":"material WHM","selector":{"id":"application-manageresources-display-component---newResourceUnit--SHORT_TEXT","interaction":{"idSuffix":"inner"}},"clearTextFirst":true,"interactionType":"ENTER_TEXT"}]}
COMMAND: POST /session/668384e1c1f73f3d5461b9d538daca42/execute/async - {"script":"<script> [1562 bytes]","args":[{"selector":{"id":"application-manageresources-display-component---newResourceUnit--BASE_UNIT_OF_MEASURE","interaction":{"idSuffix":"inner"}},"wdio_ui5_key":"applicationmanageresources-display-component---newResourceUnit--BASE_UNIT_OF_MEASURE"}]}
RESULT: {"script":"<script> [1562 bytes]","args":[{"selector":{"id":"application-manageresources-display-component---newResourceUnit--BASE_UNIT_OF_MEASURE","interaction":{"idSuffix":"inner"}},"wdio_ui5_key":"applicationmanageresources-display-component---newResourceUnit--BASE_UNIT_OF_MEASURE"}]}
RESULT: undefined
COMMAND: POST /session/668384e1c1f73f3d5461b9d538daca42/execute/async - {"script":"<script> [776 bytes]","args":[{"enterText":"Piece","selector":{"id":"application-manageresources-display-component---newResourceUnit--BASE_UNIT_OF_MEASURE","interaction":{"idSuffix":"inner"}},"clearTextFirst":true,"interactionType":"ENTER_TEXT"}]}
RESULT: {"script":"<script> [776 bytes]","args":[{"enterText":"Piece","selector":{"id":"application-manageresources-display-component---newResourceUnit--BASE_UNIT_OF_MEASURE","interaction":{"idSuffix":"inner"}},"clearTextFirst":true,"interactionType":"ENTER_TEXT"}]}
COMMAND: POST /session/668384e1c1f73f3d5461b9d538daca42/execute/async - {"script":"<script> [1562 bytes]","args":[{"selector":{"id":"application-manageresources-display-component---newResourceUnit--WEIGHT_UNIT","interaction":{"idSuffix":"inner"}},"wdio_ui5_key":"applicationmanageresources-display-component---newResourceUnit--WEIGHT_UNIT"}]}
RESULT: {"script":"<script> [1562 bytes]","args":[{"selector":{"id":"application-manageresources-display-component---newResourceUnit--WEIGHT_UNIT","interaction":{"idSuffix":"inner"}},"wdio_ui5_key":"applicationmanageresources-display-component---newResourceUnit--WEIGHT_UNIT"}]}
RESULT: undefined
COMMAND: POST /session/668384e1c1f73f3d5461b9d538daca42/execute/async - {"script":"<script> [776 bytes]","args":[{"enterText":"Gram","selector":{"id":"application-manageresources-display-component---newResourceUnit--WEIGHT_UNIT","interaction":{"idSuffix":"inner"}},"clearTextFirst":true,"interactionType":"ENTER_TEXT"}]}
RESULT: {"script":"<script> [776 bytes]","args":[{"enterText":"Gram","selector":{"id":"application-manageresources-display-component---newResourceUnit--WEIGHT_UNIT","interaction":{"idSuffix":"inner"}},"clearTextFirst":true,"interactionType":"ENTER_TEXT"}]}
COMMAND: POST /session/668384e1c1f73f3d5461b9d538daca42/execute/async - {"script":"<script> [1562 bytes]","args":[{"selector":{"id":"application-manageresources-display-component---newResourceUnit--DIMENSION_UNIT","interaction":{"idSuffix":"inner"}},"wdio_ui5_key":"applicationmanageresources-display-component---newResourceUnit--DIMENSION_UNIT"}]}
RESULT: {"script":"<script> [1562 bytes]","args":[{"selector":{"id":"application-manageresources-display-component---newResourceUnit--DIMENSION_UNIT","interaction":{"idSuffix":"inner"}},"wdio_ui5_key":"applicationmanageresources-display-component---newResourceUnit--DIMENSION_UNIT"}]}
RESULT: undefined
COMMAND: POST /session/668384e1c1f73f3d5461b9d538daca42/execute/async - {"script":"<script> [776 bytes]","args":[{"enterText":"Meter","selector":{"id":"application-manageresources-display-component---newResourceUnit--DIMENSION_UNIT","interaction":{"idSuffix":"inner"}},"clearTextFirst":true,"interactionType":"ENTER_TEXT"}]}
RESULT: {"script":"<script> [776 bytes]","args":[{"enterText":"Meter","selector":{"id":"application-manageresources-display-component---newResourceUnit--DIMENSION_UNIT","interaction":{"idSuffix":"inner"}},"clearTextFirst":true,"interactionType":"ENTER_TEXT"}]}
COMMAND: POST /session/668384e1c1f73f3d5461b9d538daca42/execute/async - {"script":"<script> [1562 bytes]","args":[{"selector":{"id":"application-manageresources-display-component---newResourceUnit--newRRUPage-anchBar-application-manageresources-display-component---newResourceUnit--control-anchor","interaction":{"idSuffix":"content"}},"wdio_ui5_key":"applicationmanageresources-display-component---newResourceUnit--newRRUPage-anchBar-application-manageresources-display-component---newResourceUnit--control-anchor"}]}
RESULT: {"script":"<script> [1562 bytes]","args":[{"selector":{"id":"application-manageresources-display-component---newResourceUnit--newRRUPage-anchBar-application-manageresources-display-component---newResourceUnit--control-anchor","interaction":{"idSuffix":"content"}},"wdio_ui5_key":"applicationmanageresources-display-component---newResourceUnit--newRRUPage-anchBar-application-manageresources-display-component---newResourceUnit--control-anchor"}]}
RESULT: undefined
COMMAND: POST /session/668384e1c1f73f3d5461b9d538daca42/element - {"using":"xpath","value":"//*[@id=\"application-manageresources-display-component---newResourceUnit--newRRUPage-anchBar-application-manageresources-display-component---newResourceUnit--control-anchor\"]"}
RESULT: {"using":"xpath","value":"//*[@id=\"application-manageresources-display-component---newResourceUnit--newRRUPage-anchBar-application-manageresources-display-component---newResourceUnit--control-anchor\"]"}
COMMAND: POST /session/668384e1c1f73f3d5461b9d538daca42/element/f.F64AD31729AEE402AD374BC91D68D115.d.2F203EF75D82152DD591F50B420993B5.e.17296/click - {}
RESULT: {}
COMMAND: POST /session/668384e1c1f73f3d5461b9d538daca42/execute/async - {"script":"<script> [1562 bytes]","args":[{"selector":{"id":"application-manageresources-display-component---newResourceUnit--PLANNING_GROUP","interaction":{"idSuffix":"inner"}},"wdio_ui5_key":"applicationmanageresources-display-component---newResourceUnit--PLANNING_GROUP"}]}
COMMAND: GET /session/668384e1c1f73f3d5461b9d538daca42/screenshot - {}
RESULT: {"script":"<script> [1562 bytes]","args":[{"selector":{"id":"application-manageresources-display-component---newResourceUnit--PLANNING_GROUP","interaction":{"idSuffix":"inner"}},"wdio_ui5_key":"applicationmanageresources-display-component---newResourceUnit--PLANNING_GROUP"}]}
RESULT: undefined
COMMAND: POST /session/668384e1c1f73f3d5461b9d538daca42/execute/async - {"script":"<script> [776 bytes]","args":[{"enterText":"Heavy Equi","selector":{"id":"application-manageresources-display-component---newResourceUnit--PLANNING_GROUP","interaction":{"idSuffix":"inner"}},"clearTextFirst":true,"interactionType":"ENTER_TEXT"}]}
RESULT: {}
RESULT: {"script":"<script> [776 bytes]","args":[{"enterText":"Heavy Equi","selector":{"id":"application-manageresources-display-component---newResourceUnit--PLANNING_GROUP","interaction":{"idSuffix":"inner"}},"clearTextFirst":true,"interactionType":"ENTER_TEXT"}]}
COMMAND: POST /session/668384e1c1f73f3d5461b9d538daca42/execute/async - {"script":"<script> [1562 bytes]","args":[{"selector":{"id":"application-manageresources-display-component---newResourceUnit--PLANNING_INDICATOR","interaction":{"idSuffix":"inner"}},"wdio_ui5_key":"applicationmanageresources-display-component---newResourceUnit--PLANNING_INDICATOR"}]}
RESULT: {"script":"<script> [1562 bytes]","args":[{"selector":{"id":"application-manageresources-display-component---newResourceUnit--PLANNING_INDICATOR","interaction":{"idSuffix":"inner"}},"wdio_ui5_key":"applicationmanageresources-display-component---newResourceUnit--PLANNING_INDICATOR"}]}
RESULT: undefined
COMMAND: POST /session/668384e1c1f73f3d5461b9d538daca42/execute/async - {"script":"<script> [776 bytes]","args":[{"enterText":"10 - infinite","selector":{"id":"application-manageresources-display-component---newResourceUnit--PLANNING_INDICATOR","interaction":{"idSuffix":"inner"}},"clearTextFirst":true,"interactionType":"ENTER_TEXT"}]}
RESULT: {"script":"<script> [776 bytes]","args":[{"enterText":"10 - infinite","selector":{"id":"application-manageresources-display-component---newResourceUnit--PLANNING_INDICATOR","interaction":{"idSuffix":"inner"}},"clearTextFirst":true,"interactionType":"ENTER_TEXT"}]}
COMMAND: POST /session/668384e1c1f73f3d5461b9d538daca42/actions - {"actions":[{"id":"action75","type":"key","parameters":{},"actions":[{"type":"keyDown","value":"î€‡"},{"type":"pause","duration":10},{"type":"keyUp","value":"î€‡"}]}]}
RESULT: {"actions":[{"id":"action75","type":"key","parameters":{},"actions":[{"type":"keyDown","value":"î€‡"},{"type":"pause","duration":10},{"type":"keyUp","value":"î€‡"}]}]}
COMMAND: POST /session/668384e1c1f73f3d5461b9d538daca42/execute/async - {"script":"<script> [1562 bytes]","args":[{"selector":{"id":"application-manageresources-display-component---newResourceUnit--ITEM_TYPE-arrow"},"wdio_ui5_key":"applicationmanageresources-display-component---newResourceUnit--ITEM_TYPE-arrow"}]}
COMMAND: GET /session/668384e1c1f73f3d5461b9d538daca42/screenshot - {}
RESULT: {"script":"<script> [1562 bytes]","args":[{"selector":{"id":"application-manageresources-display-component---newResourceUnit--ITEM_TYPE-arrow"},"wdio_ui5_key":"applicationmanageresources-display-component---newResourceUnit--ITEM_TYPE-arrow"}]}
RESULT: undefined
COMMAND: POST /session/668384e1c1f73f3d5461b9d538daca42/element - {"using":"xpath","value":"//*[@id=\"application-manageresources-display-component---newResourceUnit--ITEM_TYPE-arrow\"]"}
RESULT: {}
RESULT: {"using":"xpath","value":"//*[@id=\"application-manageresources-display-component---newResourceUnit--ITEM_TYPE-arrow\"]"}
COMMAND: POST /session/668384e1c1f73f3d5461b9d538daca42/element/f.F64AD31729AEE402AD374BC91D68D115.d.2F203EF75D82152DD591F50B420993B5.e.17304/click - {}
RESULT: {}
COMMAND: POST /session/668384e1c1f73f3d5461b9d538daca42/execute/async - {"script":"<script> [1562 bytes]","args":[{"selector":{"controlType":"sap.m.StandardListItem","viewName":"reusables.view.manageresources.NewResourceUnit","viewId":"application-manageresources-display-component---newResourceUnit","properties":{"title":"Resource Unit"},"searchOpenDialogs":true,"interaction":{"idSuffix":"titleText"}},"wdio_ui5_key":"reusablesview.manageresources.NewResourceUnitsap.m.StandardListItem{\"title\":\"Resource Unit\"}"}]}
COMMAND: GET /session/668384e1c1f73f3d5461b9d538daca42/screenshot - {}
RESULT: {"script":"<script> [1562 bytes]","args":[{"selector":{"controlType":"sap.m.StandardListItem","viewName":"reusables.view.manageresources.NewResourceUnit","viewId":"application-manageresources-display-component---newResourceUnit","properties":{"title":"Resource Unit"},"searchOpenDialogs":true,"interaction":{"idSuffix":"titleText"}},"wdio_ui5_key":"reusablesview.manageresources.NewResourceUnitsap.m.StandardListItem{\"title\":\"Resource Unit\"}"}]}
RESULT: undefined
RESULT: {}
COMMAND: POST /session/668384e1c1f73f3d5461b9d538daca42/execute/async - {"script":"<script> [1562 bytes]","args":[{"selector":{"controlType":"sap.m.Label","viewName":"reusables.view.manageresources.NewResourceUnit","viewId":"application-manageresources-display-component---newResourceUnit","i18NText":{"propertyName":"text","key":"planningGroup"},"interaction":{"idSuffix":"bdi"}},"wdio_ui5_key":"reusablesview.manageresources.NewResourceUnitsap.m.Label{\"propertyName\":\"text\",\"key\":\"planningGroup\"}"}]}
RESULT: {"script":"<script> [1562 bytes]","args":[{"selector":{"controlType":"sap.m.Label","viewName":"reusables.view.manageresources.NewResourceUnit","viewId":"application-manageresources-display-component---newResourceUnit","i18NText":{"propertyName":"text","key":"planningGroup"},"interaction":{"idSuffix":"bdi"}},"wdio_ui5_key":"reusablesview.manageresources.NewResourceUnitsap.m.Label{\"propertyName\":\"text\",\"key\":\"planningGroup\"}"}]}
RESULT: undefined
COMMAND: POST /session/668384e1c1f73f3d5461b9d538daca42/element - {"using":"xpath","value":"//*[@id=\"__label263\"]"}
RESULT: {"using":"xpath","value":"//*[@id=\"__label263\"]"}
COMMAND: POST /session/668384e1c1f73f3d5461b9d538daca42/element/f.F64AD31729AEE402AD374BC91D68D115.d.2F203EF75D82152DD591F50B420993B5.e.17306/click - {}
RESULT: {}
COMMAND: GET /session/668384e1c1f73f3d5461b9d538daca42/screenshot - {}
RESULT: {}
COMMAND: POST /session/668384e1c1f73f3d5461b9d538daca42/actions - {"actions":[{"type":"key","id":"keyboard","actions":[{"type":"keyDown","value":"î›"}]}]}
RESULT: {"actions":[{"type":"key","id":"keyboard","actions":[{"type":"keyDown","value":"î›"}]}]}
COMMAND: GET /session/668384e1c1f73f3d5461b9d538daca42/screenshot - {}
RESULT: {}
COMMAND: POST /session/668384e1c1f73f3d5461b9d538daca42/actions - {"actions":[{"type":"key","id":"keyboard","actions":[{"type":"keyDown","value":"î›"}]}]}
RESULT: {"actions":[{"type":"key","id":"keyboard","actions":[{"type":"keyDown","value":"î›"}]}]}
COMMAND: GET /session/668384e1c1f73f3d5461b9d538daca42/screenshot - {}
RESULT: {}
COMMAND: POST /session/668384e1c1f73f3d5461b9d538daca42/actions - {"actions":[{"type":"key","id":"keyboard","actions":[{"type":"keyDown","value":"î›"}]}]}
RESULT: {"actions":[{"type":"key","id":"keyboard","actions":[{"type":"keyDown","value":"î›"}]}]}
COMMAND: GET /session/668384e1c1f73f3d5461b9d538daca42/screenshot - {}
RESULT: {}
COMMAND: POST /session/668384e1c1f73f3d5461b9d538daca42/actions - {"actions":[{"type":"key","id":"keyboard","actions":[{"type":"keyDown","value":"î›"}]}]}
RESULT: {"actions":[{"type":"key","id":"keyboard","actions":[{"type":"keyDown","value":"î›"}]}]}
COMMAND: GET /session/668384e1c1f73f3d5461b9d538daca42/screenshot - {}
RESULT: {}
COMMAND: POST /session/668384e1c1f73f3d5461b9d538daca42/actions - {"actions":[{"type":"key","id":"keyboard","actions":[{"type":"keyDown","value":"î›"}]}]}
RESULT: {"actions":[{"type":"key","id":"keyboard","actions":[{"type":"keyDown","value":"î›"}]}]}
COMMAND: GET /session/668384e1c1f73f3d5461b9d538daca42/screenshot - {}
RESULT: {}
COMMAND: POST /session/668384e1c1f73f3d5461b9d538daca42/actions - {"actions":[{"type":"key","id":"keyboard","actions":[{"type":"keyDown","value":"î›"}]}]}
RESULT: {"actions":[{"type":"key","id":"keyboard","actions":[{"type":"keyDown","value":"î›"}]}]}
COMMAND: GET /session/668384e1c1f73f3d5461b9d538daca42/screenshot - {}
RESULT: {}
COMMAND: POST /session/668384e1c1f73f3d5461b9d538daca42/execute/async - {"script":"<script> [1562 bytes]","args":[{"selector":{"id":"application-manageresources-display-component---newResourceUnit--btnAddTimeSegment-img"},"wdio_ui5_key":"applicationmanageresources-display-component---newResourceUnit--btnAddTimeSegment-img"}]}
RESULT: {"script":"<script> [1562 bytes]","args":[{"selector":{"id":"application-manageresources-display-component---newResourceUnit--btnAddTimeSegment-img"},"wdio_ui5_key":"applicationmanageresources-display-component---newResourceUnit--btnAddTimeSegment-img"}]}
RESULT: undefined
COMMAND: POST /session/668384e1c1f73f3d5461b9d538daca42/element - {"using":"xpath","value":"//*[@id=\"application-manageresources-display-component---newResourceUnit--btnAddTimeSegment-img\"]"}
RESULT: {"using":"xpath","value":"//*[@id=\"application-manageresources-display-component---newResourceUnit--btnAddTimeSegment-img\"]"}
COMMAND: POST /session/668384e1c1f73f3d5461b9d538daca42/element/f.F64AD31729AEE402AD374BC91D68D115.d.2F203EF75D82152DD591F50B420993B5.e.17307/click - {}
RESULT: {}
COMMAND: POST /session/668384e1c1f73f3d5461b9d538daca42/element - {"using":"xpath","value":"//input[@id=\"application-manageresources-display-component---newResourceUnit--idRuTSAdmin-application-manageresources-display-component---newResourceUnit--RUTimeSegment-0-inner\"]"}
COMMAND: GET /session/668384e1c1f73f3d5461b9d538daca42/screenshot - {}
RESULT: {"using":"xpath","value":"//input[@id=\"application-manageresources-display-component---newResourceUnit--idRuTSAdmin-application-manageresources-display-component---newResourceUnit--RUTimeSegment-0-inner\"]"}
COMMAND: POST /session/668384e1c1f73f3d5461b9d538daca42/element/f.F64AD31729AEE402AD374BC91D68D115.d.2F203EF75D82152DD591F50B420993B5.e.17310/clear - {}
RESULT: {}
RESULT: {}
COMMAND: POST /session/668384e1c1f73f3d5461b9d538daca42/element/f.F64AD31729AEE402AD374BC91D68D115.d.2F203EF75D82152DD591F50B420993B5.e.17310/value - {"text":"299"}
COMMAND: GET /session/668384e1c1f73f3d5461b9d538daca42/screenshot - {}
RESULT: {}
RESULT: {"text":"299"}
COMMAND: GET /session/668384e1c1f73f3d5461b9d538daca42/screenshot - {}
RESULT: {}
COMMAND: POST /session/668384e1c1f73f3d5461b9d538daca42/actions - {"actions":[{"id":"action76","type":"key","parameters":{},"actions":[{"type":"keyDown","value":"î€‡"},{"type":"pause","duration":10},{"type":"keyUp","value":"î€‡"}]}]}
RESULT: {"actions":[{"id":"action76","type":"key","parameters":{},"actions":[{"type":"keyDown","value":"î€‡"},{"type":"pause","duration":10},{"type":"keyUp","value":"î€‡"}]}]}
COMMAND: GET /session/668384e1c1f73f3d5461b9d538daca42/screenshot - {}
RESULT: {}
COMMAND: POST /session/668384e1c1f73f3d5461b9d538daca42/execute/async - {"script":"<script> [1562 bytes]","args":[{"selector":{"controlType":"sap.m.Button","viewName":"reusables.view.manageresources.NewResourceUnit","viewId":"application-manageresources-display-component---newResourceUnit","i18NText":{"propertyName":"tooltip","key":"save"},"interaction":{"idSuffix":"BDI-content"}},"wdio_ui5_key":"reusablesview.manageresources.NewResourceUnitsap.m.Button{\"propertyName\":\"tooltip\",\"key\":\"save\"}"}]}
RESULT: {"script":"<script> [1562 bytes]","args":[{"selector":{"controlType":"sap.m.Button","viewName":"reusables.view.manageresources.NewResourceUnit","viewId":"application-manageresources-display-component---newResourceUnit","i18NText":{"propertyName":"tooltip","key":"save"},"interaction":{"idSuffix":"BDI-content"}},"wdio_ui5_key":"reusablesview.manageresources.NewResourceUnitsap.m.Button{\"propertyName\":\"tooltip\",\"key\":\"save\"}"}]}
RESULT: undefined
COMMAND: POST /session/668384e1c1f73f3d5461b9d538daca42/element - {"using":"xpath","value":"//*[@id=\"application-manageresources-display-component---newResourceUnit--createRuButton\"]"}
RESULT: {"using":"xpath","value":"//*[@id=\"application-manageresources-display-component---newResourceUnit--createRuButton\"]"}
COMMAND: POST /session/668384e1c1f73f3d5461b9d538daca42/element/f.F64AD31729AEE402AD374BC91D68D115.d.2F203EF75D82152DD591F50B420993B5.e.17245/click - {}
RESULT: {}
COMMAND: POST /session/668384e1c1f73f3d5461b9d538daca42/execute/async - {"script":"<script> [1562 bytes]","args":[{"selector":{"controlType":"sap.m.Button","properties":{"text":"Close"},"searchOpenDialogs":true,"interaction":{"idSuffix":"BDI-content"}},"wdio_ui5_key":"sapm.Button{\"text\":\"Close\"}"}]}
COMMAND: GET /session/668384e1c1f73f3d5461b9d538daca42/screenshot - {}
RESULT: {"script":"<script> [1562 bytes]","args":[{"selector":{"controlType":"sap.m.Button","properties":{"text":"Close"},"searchOpenDialogs":true,"interaction":{"idSuffix":"BDI-content"}},"wdio_ui5_key":"sapm.Button{\"text\":\"Close\"}"}]}
RESULT: undefined
COMMAND: POST /session/668384e1c1f73f3d5461b9d538daca42/element - {"using":"xpath","value":"//*[@id=\"__mbox-btn-0\"]"}
RESULT: {}
RESULT: {"using":"xpath","value":"//*[@id=\"__mbox-btn-0\"]"}
COMMAND: POST /session/668384e1c1f73f3d5461b9d538daca42/element/f.F64AD31729AEE402AD374BC91D68D115.d.2F203EF75D82152DD591F50B420993B5.e.17322/click - {}
RESULT: {}
COMMAND: GET /session/668384e1c1f73f3d5461b9d538daca42/screenshot - {}
COMMAND: POST /session/668384e1c1f73f3d5461b9d538daca42/execute/async - {"script":"<script> [1562 bytes]","args":[{"selector":{"controlType":"sap.m.Text","viewName":"etm.portal.ui.manageresources.view.Detail","viewId":"application-manageresources-display-component---detailRU","bindingPath":{"propertyPath":"ID","modelName":"catalogModel"}},"wdio_ui5_key":"etmportal.ui.manageresources.view.Detailsap.m.Text{\"propertyPath\":\"ID\",\"modelName\":\"catalogModel\"}"}]}
RESULT: {}
RESULT: {"script":"<script> [1562 bytes]","args":[{"selector":{"controlType":"sap.m.Text","viewName":"etm.portal.ui.manageresources.view.Detail","viewId":"application-manageresources-display-component---detailRU","bindingPath":{"propertyPath":"ID","modelName":"catalogModel"}},"wdio_ui5_key":"etmportal.ui.manageresources.view.Detailsap.m.Text{\"propertyPath\":\"ID\",\"modelName\":\"catalogModel\"}"}]}
RESULT: undefined
COMMAND: POST /session/668384e1c1f73f3d5461b9d538daca42/execute/async - {"script":"<script> [6424 bytes]","args":[{"element-6066-11e4-a52e-4f735466cecf":"f.F64AD31729AEE402AD374BC91D68D115.d.2F203EF75D82152DD591F50B420993B5.e.17354"},"getText",[]]}
RESULT: {"script":"<script> [6424 bytes]","args":[{"element-6066-11e4-a52e-4f735466cecf":"f.F64AD31729AEE402AD374BC91D68D115.d.2F203EF75D82152DD591F50B420993B5.e.17354"},"getText",[]]}
COMMAND: POST /session/668384e1c1f73f3d5461b9d538daca42/element - {"using":"css selector","value":"#shell-header-logo"}
RESULT: {"using":"css selector","value":"#shell-header-logo"}
COMMAND: POST /session/668384e1c1f73f3d5461b9d538daca42/element/f.F64AD31729AEE402AD374BC91D68D115.d.2F203EF75D82152DD591F50B420993B5.e.16869/click - {}
RESULT: {}
COMMAND: GET /session/668384e1c1f73f3d5461b9d538daca42/screenshot - {}
RESULT: {}
]]></system-out>
    </testcase>
    <testcase classname="chrome.135_0_7049_96.windows.Return_from_Site_w/_warehouse_management_w/_clarification_US125588" name="Bin Status Report Should Create New Organization yard" time="46.94">
      <system-out><![CDATA[
COMMAND: POST /session/668384e1c1f73f3d5461b9d538daca42/execute/async - {"script":"<script> [1562 bytes]","args":[{"selector":{"controlType":"sap.m.GenericTile","properties":{"header":"Bin Status Report"}},"wdio_ui5_key":"sapm.GenericTile{\"header\":\"Bin Status Report\"}"}]}
RESULT: {"script":"<script> [1562 bytes]","args":[{"selector":{"controlType":"sap.m.GenericTile","properties":{"header":"Bin Status Report"}},"wdio_ui5_key":"sapm.GenericTile{\"header\":\"Bin Status Report\"}"}]}
RESULT: undefined
COMMAND: POST /session/668384e1c1f73f3d5461b9d538daca42/element - {"using":"xpath","value":"//*[@id=\"__tile104\"]"}
RESULT: {"using":"xpath","value":"//*[@id=\"__tile104\"]"}
COMMAND: POST /session/668384e1c1f73f3d5461b9d538daca42/element/f.F64AD31729AEE402AD374BC91D68D115.d.2F203EF75D82152DD591F50B420993B5.e.17356/click - {}
RESULT: {}
COMMAND: GET /session/668384e1c1f73f3d5461b9d538daca42/screenshot - {}
COMMAND: POST /session/668384e1c1f73f3d5461b9d538daca42/execute/async - {"script":"<script> [1562 bytes]","args":[{"selector":{"id":"application-binstatusreport-display-component---warehousing--createOrgBtn","interaction":{"idSuffix":"content"}},"wdio_ui5_key":"applicationbinstatusreport-display-component---warehousing--createOrgBtn"}]}
RESULT: {}
RESULT: {"script":"<script> [1562 bytes]","args":[{"selector":{"id":"application-binstatusreport-display-component---warehousing--createOrgBtn","interaction":{"idSuffix":"content"}},"wdio_ui5_key":"applicationbinstatusreport-display-component---warehousing--createOrgBtn"}]}
RESULT: undefined
COMMAND: POST /session/668384e1c1f73f3d5461b9d538daca42/element - {"using":"xpath","value":"//*[@id=\"application-binstatusreport-display-component---warehousing--createOrgBtn\"]"}
RESULT: {"using":"xpath","value":"//*[@id=\"application-binstatusreport-display-component---warehousing--createOrgBtn\"]"}
COMMAND: POST /session/668384e1c1f73f3d5461b9d538daca42/element/f.F64AD31729AEE402AD374BC91D68D115.d.2F203EF75D82152DD591F50B420993B5.e.17398/click - {}
RESULT: {}
COMMAND: POST /session/668384e1c1f73f3d5461b9d538daca42/execute/async - {"script":"<script> [1562 bytes]","args":[{"selector":{"id":"createOrganizationPop--sectionInput","searchOpenDialogs":true,"interaction":{"idSuffix":"inner"}},"wdio_ui5_key":"createOrganizationPopsectionInput"}]}
COMMAND: GET /session/668384e1c1f73f3d5461b9d538daca42/screenshot - {}
RESULT: {}
RESULT: {"script":"<script> [1562 bytes]","args":[{"selector":{"id":"createOrganizationPop--sectionInput","searchOpenDialogs":true,"interaction":{"idSuffix":"inner"}},"wdio_ui5_key":"createOrganizationPopsectionInput"}]}
RESULT: undefined
COMMAND: POST /session/668384e1c1f73f3d5461b9d538daca42/execute/async - {"script":"<script> [776 bytes]","args":[{"enterText":"WDI299","selector":{"id":"createOrganizationPop--sectionInput","searchOpenDialogs":true,"interaction":{"idSuffix":"inner"}},"clearTextFirst":true,"interactionType":"ENTER_TEXT"}]}
RESULT: {"script":"<script> [776 bytes]","args":[{"enterText":"WDI299","selector":{"id":"createOrganizationPop--sectionInput","searchOpenDialogs":true,"interaction":{"idSuffix":"inner"}},"clearTextFirst":true,"interactionType":"ENTER_TEXT"}]}
COMMAND: POST /session/668384e1c1f73f3d5461b9d538daca42/execute/async - {"script":"<script> [1562 bytes]","args":[{"selector":{"id":"createOrganizationPop--descriptionInput","searchOpenDialogs":true,"interaction":{"idSuffix":"inner"}},"wdio_ui5_key":"createOrganizationPopdescriptionInput"}]}
RESULT: {"script":"<script> [1562 bytes]","args":[{"selector":{"id":"createOrganizationPop--descriptionInput","searchOpenDialogs":true,"interaction":{"idSuffix":"inner"}},"wdio_ui5_key":"createOrganizationPopdescriptionInput"}]}
RESULT: undefined
COMMAND: POST /session/668384e1c1f73f3d5461b9d538daca42/execute/async - {"script":"<script> [776 bytes]","args":[{"enterText":"Shipping299","selector":{"id":"createOrganizationPop--descriptionInput","searchOpenDialogs":true,"interaction":{"idSuffix":"inner"}},"clearTextFirst":true,"interactionType":"ENTER_TEXT"}]}
RESULT: {"script":"<script> [776 bytes]","args":[{"enterText":"Shipping299","selector":{"id":"createOrganizationPop--descriptionInput","searchOpenDialogs":true,"interaction":{"idSuffix":"inner"}},"clearTextFirst":true,"interactionType":"ENTER_TEXT"}]}
COMMAND: POST /session/668384e1c1f73f3d5461b9d538daca42/element - {"using":"css selector","value":"#createOrganizationPop--yardOrg-inner"}
RESULT: {"using":"css selector","value":"#createOrganizationPop--yardOrg-inner"}
COMMAND: POST /session/668384e1c1f73f3d5461b9d538daca42/element/f.F64AD31729AEE402AD374BC91D68D115.d.2F203EF75D82152DD591F50B420993B5.e.17444/clear - {}
RESULT: {}
COMMAND: POST /session/668384e1c1f73f3d5461b9d538daca42/element/f.F64AD31729AEE402AD374BC91D68D115.d.2F203EF75D82152DD591F50B420993B5.e.17444/value - {"text":"299"}
COMMAND: GET /session/668384e1c1f73f3d5461b9d538daca42/screenshot - {}
RESULT: {"text":"299"}
COMMAND: GET /session/668384e1c1f73f3d5461b9d538daca42/screenshot - {}
RESULT: {}
RESULT: {}
COMMAND: POST /session/668384e1c1f73f3d5461b9d538daca42/actions - {"actions":[{"id":"action77","type":"key","parameters":{},"actions":[{"type":"keyDown","value":"î€‡"},{"type":"pause","duration":10},{"type":"keyUp","value":"î€‡"}]}]}
RESULT: {"actions":[{"id":"action77","type":"key","parameters":{},"actions":[{"type":"keyDown","value":"î€‡"},{"type":"pause","duration":10},{"type":"keyUp","value":"î€‡"}]}]}
COMMAND: POST /session/668384e1c1f73f3d5461b9d538daca42/execute/async - {"script":"<script> [1562 bytes]","args":[{"selector":{"id":"createOrganizationPop--grZone","searchOpenDialogs":true,"interaction":{"idSuffix":"CbBg"}},"wdio_ui5_key":"createOrganizationPopgrZone"}]}
COMMAND: GET /session/668384e1c1f73f3d5461b9d538daca42/screenshot - {}
RESULT: {"script":"<script> [1562 bytes]","args":[{"selector":{"id":"createOrganizationPop--grZone","searchOpenDialogs":true,"interaction":{"idSuffix":"CbBg"}},"wdio_ui5_key":"createOrganizationPopgrZone"}]}
RESULT: undefined
COMMAND: POST /session/668384e1c1f73f3d5461b9d538daca42/element - {"using":"xpath","value":"//*[@id=\"createOrganizationPop--grZone\"]"}
RESULT: {}
RESULT: {"using":"xpath","value":"//*[@id=\"createOrganizationPop--grZone\"]"}
COMMAND: POST /session/668384e1c1f73f3d5461b9d538daca42/element/f.F64AD31729AEE402AD374BC91D68D115.d.2F203EF75D82152DD591F50B420993B5.e.17465/click - {}
RESULT: {}
COMMAND: POST /session/668384e1c1f73f3d5461b9d538daca42/execute/async - {"script":"<script> [1562 bytes]","args":[{"selector":{"id":"createOrganizationPop--giZone","searchOpenDialogs":true,"interaction":{"idSuffix":"CbBg"}},"wdio_ui5_key":"createOrganizationPopgiZone"}]}
COMMAND: GET /session/668384e1c1f73f3d5461b9d538daca42/screenshot - {}
RESULT: {"script":"<script> [1562 bytes]","args":[{"selector":{"id":"createOrganizationPop--giZone","searchOpenDialogs":true,"interaction":{"idSuffix":"CbBg"}},"wdio_ui5_key":"createOrganizationPopgiZone"}]}
RESULT: undefined
COMMAND: POST /session/668384e1c1f73f3d5461b9d538daca42/element - {"using":"xpath","value":"//*[@id=\"createOrganizationPop--giZone\"]"}
RESULT: {}
RESULT: {"using":"xpath","value":"//*[@id=\"createOrganizationPop--giZone\"]"}
COMMAND: POST /session/668384e1c1f73f3d5461b9d538daca42/element/f.F64AD31729AEE402AD374BC91D68D115.d.2F203EF75D82152DD591F50B420993B5.e.17467/click - {}
RESULT: {}
COMMAND: POST /session/668384e1c1f73f3d5461b9d538daca42/execute/async - {"script":"<script> [1562 bytes]","args":[{"selector":{"id":"createOrganizationPop--binNoInput","searchOpenDialogs":true,"interaction":{"idSuffix":"inner"}},"wdio_ui5_key":"createOrganizationPopbinNoInput"}]}
COMMAND: GET /session/668384e1c1f73f3d5461b9d538daca42/screenshot - {}
RESULT: {"script":"<script> [1562 bytes]","args":[{"selector":{"id":"createOrganizationPop--binNoInput","searchOpenDialogs":true,"interaction":{"idSuffix":"inner"}},"wdio_ui5_key":"createOrganizationPopbinNoInput"}]}
RESULT: undefined
COMMAND: POST /session/668384e1c1f73f3d5461b9d538daca42/execute/async - {"script":"<script> [776 bytes]","args":[{"enterText":"Bin-Wd","selector":{"id":"createOrganizationPop--binNoInput","searchOpenDialogs":true,"interaction":{"idSuffix":"inner"}},"clearTextFirst":true,"interactionType":"ENTER_TEXT"}]}
RESULT: {}
RESULT: {"script":"<script> [776 bytes]","args":[{"enterText":"Bin-Wd","selector":{"id":"createOrganizationPop--binNoInput","searchOpenDialogs":true,"interaction":{"idSuffix":"inner"}},"clearTextFirst":true,"interactionType":"ENTER_TEXT"}]}
COMMAND: POST /session/668384e1c1f73f3d5461b9d538daca42/execute/async - {"script":"<script> [1562 bytes]","args":[{"selector":{"id":"createOrganizationPop--descriptionId","searchOpenDialogs":true,"interaction":{"idSuffix":"inner"}},"wdio_ui5_key":"createOrganizationPopdescriptionId"}]}
RESULT: {"script":"<script> [1562 bytes]","args":[{"selector":{"id":"createOrganizationPop--descriptionId","searchOpenDialogs":true,"interaction":{"idSuffix":"inner"}},"wdio_ui5_key":"createOrganizationPopdescriptionId"}]}
RESULT: undefined
COMMAND: POST /session/668384e1c1f73f3d5461b9d538daca42/execute/async - {"script":"<script> [776 bytes]","args":[{"enterText":"Shipping-Wd","selector":{"id":"createOrganizationPop--descriptionId","searchOpenDialogs":true,"interaction":{"idSuffix":"inner"}},"clearTextFirst":true,"interactionType":"ENTER_TEXT"}]}
RESULT: {"script":"<script> [776 bytes]","args":[{"enterText":"Shipping-Wd","selector":{"id":"createOrganizationPop--descriptionId","searchOpenDialogs":true,"interaction":{"idSuffix":"inner"}},"clearTextFirst":true,"interactionType":"ENTER_TEXT"}]}
COMMAND: POST /session/668384e1c1f73f3d5461b9d538daca42/execute/async - {"script":"<script> [1562 bytes]","args":[{"selector":{"controlType":"sap.m.CheckBox","viewName":"etm.portal.ui.binstatusreport.view.MasterWareBins","viewId":"application-binstatusreport-display-component---warehousing","bindingPath":{"path":"","propertyPath":"/ZONE","modelName":"newBin"},"searchOpenDialogs":true,"interaction":{"idSuffix":"CbBg"}},"wdio_ui5_key":"etmportal.ui.binstatusreport.view.MasterWareBinssap.m.CheckBox{\"path\":\"\",\"propertyPath\":\"/ZONE\",\"modelName\":\"newBin\"}"}]}
RESULT: {"script":"<script> [1562 bytes]","args":[{"selector":{"controlType":"sap.m.CheckBox","viewName":"etm.portal.ui.binstatusreport.view.MasterWareBins","viewId":"application-binstatusreport-display-component---warehousing","bindingPath":{"path":"","propertyPath":"/ZONE","modelName":"newBin"},"searchOpenDialogs":true,"interaction":{"idSuffix":"CbBg"}},"wdio_ui5_key":"etmportal.ui.binstatusreport.view.MasterWareBinssap.m.CheckBox{\"path\":\"\",\"propertyPath\":\"/ZONE\",\"modelName\":\"newBin\"}"}]}
RESULT: undefined
COMMAND: POST /session/668384e1c1f73f3d5461b9d538daca42/element - {"using":"xpath","value":"//*[@id=\"__box56\"]"}
RESULT: {"using":"xpath","value":"//*[@id=\"__box56\"]"}
COMMAND: POST /session/668384e1c1f73f3d5461b9d538daca42/element/f.F64AD31729AEE402AD374BC91D68D115.d.2F203EF75D82152DD591F50B420993B5.e.17471/click - {}
RESULT: {}
COMMAND: POST /session/668384e1c1f73f3d5461b9d538daca42/execute/async - {"script":"<script> [1562 bytes]","args":[{"selector":{"id":"createOrganizationPop--binTypesCB","searchOpenDialogs":true,"interaction":{"idSuffix":"inner"}},"wdio_ui5_key":"createOrganizationPopbinTypesCB"}]}
COMMAND: GET /session/668384e1c1f73f3d5461b9d538daca42/screenshot - {}
RESULT: {"script":"<script> [1562 bytes]","args":[{"selector":{"id":"createOrganizationPop--binTypesCB","searchOpenDialogs":true,"interaction":{"idSuffix":"inner"}},"wdio_ui5_key":"createOrganizationPopbinTypesCB"}]}
RESULT: undefined
COMMAND: POST /session/668384e1c1f73f3d5461b9d538daca42/execute/async - {"script":"<script> [776 bytes]","args":[{"enterText":"1 - General / No capacity check","selector":{"id":"createOrganizationPop--binTypesCB","searchOpenDialogs":true,"interaction":{"idSuffix":"inner"}},"clearTextFirst":true,"interactionType":"ENTER_TEXT"}]}
RESULT: {}
RESULT: {"script":"<script> [776 bytes]","args":[{"enterText":"1 - General / No capacity check","selector":{"id":"createOrganizationPop--binTypesCB","searchOpenDialogs":true,"interaction":{"idSuffix":"inner"}},"clearTextFirst":true,"interactionType":"ENTER_TEXT"}]}
COMMAND: POST /session/668384e1c1f73f3d5461b9d538daca42/actions - {"actions":[{"id":"action78","type":"key","parameters":{},"actions":[{"type":"keyDown","value":"î€‡"},{"type":"pause","duration":10},{"type":"keyUp","value":"î€‡"}]}]}
RESULT: {"actions":[{"id":"action78","type":"key","parameters":{},"actions":[{"type":"keyDown","value":"î€‡"},{"type":"pause","duration":10},{"type":"keyUp","value":"î€‡"}]}]}
COMMAND: GET /session/668384e1c1f73f3d5461b9d538daca42/screenshot - {}
RESULT: {}
COMMAND: POST /session/668384e1c1f73f3d5461b9d538daca42/execute/async - {"script":"<script> [1562 bytes]","args":[{"selector":{"id":"createOrganizationPop--finishBtn","searchOpenDialogs":true,"interaction":{"idSuffix":"BDI-content"}},"wdio_ui5_key":"createOrganizationPopfinishBtn"}]}
RESULT: {"script":"<script> [1562 bytes]","args":[{"selector":{"id":"createOrganizationPop--finishBtn","searchOpenDialogs":true,"interaction":{"idSuffix":"BDI-content"}},"wdio_ui5_key":"createOrganizationPopfinishBtn"}]}
RESULT: undefined
COMMAND: POST /session/668384e1c1f73f3d5461b9d538daca42/element - {"using":"xpath","value":"//*[@id=\"createOrganizationPop--finishBtn\"]"}
RESULT: {"using":"xpath","value":"//*[@id=\"createOrganizationPop--finishBtn\"]"}
COMMAND: POST /session/668384e1c1f73f3d5461b9d538daca42/element/f.F64AD31729AEE402AD374BC91D68D115.d.2F203EF75D82152DD591F50B420993B5.e.17474/click - {}
RESULT: {}
COMMAND: GET /session/668384e1c1f73f3d5461b9d538daca42/screenshot - {}
]]></system-out>
    </testcase>
    <testcase classname="chrome.135_0_7049_96.windows.Return_from_Site_w/_warehouse_management_w/_clarification_US125588" name="Bin Status Report Should Create New Organization for Site" time="34.633">
      <system-out><![CDATA[
RESULT: {}
RESULT: undefined
COMMAND: POST /session/668384e1c1f73f3d5461b9d538daca42/element - {"using":"xpath","value":"//*[@id=\"application-binstatusreport-display-component---warehousing--createOrgBtn\"]"}
RESULT: {"using":"xpath","value":"//*[@id=\"application-binstatusreport-display-component---warehousing--createOrgBtn\"]"}
COMMAND: POST /session/668384e1c1f73f3d5461b9d538daca42/element/f.F64AD31729AEE402AD374BC91D68D115.d.2F203EF75D82152DD591F50B420993B5.e.17398/click - {}
RESULT: {}
RESULT: undefined
COMMAND: POST /session/668384e1c1f73f3d5461b9d538daca42/execute/async - {"script":"<script> [776 bytes]","args":[{"enterText":"2152","selector":{"id":"createOrganizationPop--sectionInput","searchOpenDialogs":true,"interaction":{"idSuffix":"inner"}},"clearTextFirst":true,"interactionType":"ENTER_TEXT"}]}
COMMAND: GET /session/668384e1c1f73f3d5461b9d538daca42/screenshot - {}
RESULT: {"script":"<script> [776 bytes]","args":[{"enterText":"2152","selector":{"id":"createOrganizationPop--sectionInput","searchOpenDialogs":true,"interaction":{"idSuffix":"inner"}},"clearTextFirst":true,"interactionType":"ENTER_TEXT"}]}
RESULT: undefined
COMMAND: POST /session/668384e1c1f73f3d5461b9d538daca42/execute/async - {"script":"<script> [776 bytes]","args":[{"enterText":"WDI2152","selector":{"id":"createOrganizationPop--descriptionInput","searchOpenDialogs":true,"interaction":{"idSuffix":"inner"}},"clearTextFirst":true,"interactionType":"ENTER_TEXT"}]}
RESULT: {}
RESULT: {"script":"<script> [776 bytes]","args":[{"enterText":"WDI2152","selector":{"id":"createOrganizationPop--descriptionInput","searchOpenDialogs":true,"interaction":{"idSuffix":"inner"}},"clearTextFirst":true,"interactionType":"ENTER_TEXT"}]}
COMMAND: POST /session/668384e1c1f73f3d5461b9d538daca42/element - {"using":"css selector","value":"#createOrganizationPop--siteOrg-inner"}
RESULT: {"using":"css selector","value":"#createOrganizationPop--siteOrg-inner"}
COMMAND: POST /session/668384e1c1f73f3d5461b9d538daca42/element/f.F64AD31729AEE402AD374BC91D68D115.d.2F203EF75D82152DD591F50B420993B5.e.17479/clear - {}
RESULT: {}
COMMAND: POST /session/668384e1c1f73f3d5461b9d538daca42/element/f.F64AD31729AEE402AD374BC91D68D115.d.2F203EF75D82152DD591F50B420993B5.e.17479/value - {"text":"2152"}
COMMAND: GET /session/668384e1c1f73f3d5461b9d538daca42/screenshot - {}
RESULT: {"text":"2152"}
COMMAND: GET /session/668384e1c1f73f3d5461b9d538daca42/screenshot - {}
RESULT: {}
RESULT: {}
COMMAND: POST /session/668384e1c1f73f3d5461b9d538daca42/actions - {"actions":[{"id":"action79","type":"key","parameters":{},"actions":[{"type":"keyDown","value":"î€‡"},{"type":"pause","duration":10},{"type":"keyUp","value":"î€‡"}]}]}
RESULT: {"actions":[{"id":"action79","type":"key","parameters":{},"actions":[{"type":"keyDown","value":"î€‡"},{"type":"pause","duration":10},{"type":"keyUp","value":"î€‡"}]}]}
RESULT: undefined
COMMAND: POST /session/668384e1c1f73f3d5461b9d538daca42/element - {"using":"xpath","value":"//*[@id=\"createOrganizationPop--giZone\"]"}
COMMAND: GET /session/668384e1c1f73f3d5461b9d538daca42/screenshot - {}
RESULT: {"using":"xpath","value":"//*[@id=\"createOrganizationPop--giZone\"]"}
COMMAND: POST /session/668384e1c1f73f3d5461b9d538daca42/element/f.F64AD31729AEE402AD374BC91D68D115.d.2F203EF75D82152DD591F50B420993B5.e.17497/click - {}
RESULT: {}
RESULT: {}
RESULT: undefined
COMMAND: POST /session/668384e1c1f73f3d5461b9d538daca42/execute/async - {"script":"<script> [776 bytes]","args":[{"enterText":"WD-BIN","selector":{"id":"createOrganizationPop--binNoInput","searchOpenDialogs":true,"interaction":{"idSuffix":"inner"}},"clearTextFirst":true,"interactionType":"ENTER_TEXT"}]}
COMMAND: GET /session/668384e1c1f73f3d5461b9d538daca42/screenshot - {}
RESULT: {"script":"<script> [776 bytes]","args":[{"enterText":"WD-BIN","selector":{"id":"createOrganizationPop--binNoInput","searchOpenDialogs":true,"interaction":{"idSuffix":"inner"}},"clearTextFirst":true,"interactionType":"ENTER_TEXT"}]}
RESULT: undefined
COMMAND: POST /session/668384e1c1f73f3d5461b9d538daca42/execute/async - {"script":"<script> [776 bytes]","args":[{"enterText":"WD-BIN","selector":{"id":"createOrganizationPop--descriptionId","searchOpenDialogs":true,"interaction":{"idSuffix":"inner"}},"clearTextFirst":true,"interactionType":"ENTER_TEXT"}]}
RESULT: {}
RESULT: {"script":"<script> [776 bytes]","args":[{"enterText":"WD-BIN","selector":{"id":"createOrganizationPop--descriptionId","searchOpenDialogs":true,"interaction":{"idSuffix":"inner"}},"clearTextFirst":true,"interactionType":"ENTER_TEXT"}]}
COMMAND: POST /session/668384e1c1f73f3d5461b9d538daca42/execute/async - {"script":"<script> [1562 bytes]","args":[{"selector":{"controlType":"sap.m.CheckBox","viewName":"etm.portal.ui.binstatusreport.view.MasterWareBins","viewId":"application-binstatusreport-display-component---warehousing","bindingPath":{"propertyPath":"/ZONE","modelName":"newBin"},"searchOpenDialogs":true,"interaction":{"idSuffix":"CbBg"}},"wdio_ui5_key":"etmportal.ui.binstatusreport.view.MasterWareBinssap.m.CheckBox{\"propertyPath\":\"/ZONE\",\"modelName\":\"newBin\"}"}]}
RESULT: {"script":"<script> [1562 bytes]","args":[{"selector":{"controlType":"sap.m.CheckBox","viewName":"etm.portal.ui.binstatusreport.view.MasterWareBins","viewId":"application-binstatusreport-display-component---warehousing","bindingPath":{"propertyPath":"/ZONE","modelName":"newBin"},"searchOpenDialogs":true,"interaction":{"idSuffix":"CbBg"}},"wdio_ui5_key":"etmportal.ui.binstatusreport.view.MasterWareBinssap.m.CheckBox{\"propertyPath\":\"/ZONE\",\"modelName\":\"newBin\"}"}]}
RESULT: undefined
COMMAND: POST /session/668384e1c1f73f3d5461b9d538daca42/element - {"using":"xpath","value":"//*[@id=\"__box59\"]"}
RESULT: {"using":"xpath","value":"//*[@id=\"__box59\"]"}
COMMAND: POST /session/668384e1c1f73f3d5461b9d538daca42/element/f.F64AD31729AEE402AD374BC91D68D115.d.2F203EF75D82152DD591F50B420993B5.e.17499/click - {}
RESULT: {}
COMMAND: GET /session/668384e1c1f73f3d5461b9d538daca42/screenshot - {}
RESULT: {}
RESULT: undefined
COMMAND: POST /session/668384e1c1f73f3d5461b9d538daca42/execute/async - {"script":"<script> [776 bytes]","args":[{"enterText":"1 - General / No capacity check","selector":{"id":"createOrganizationPop--binTypesCB","searchOpenDialogs":true,"interaction":{"idSuffix":"inner"}},"clearTextFirst":true,"interactionType":"ENTER_TEXT"}]}
RESULT: {"script":"<script> [776 bytes]","args":[{"enterText":"1 - General / No capacity check","selector":{"id":"createOrganizationPop--binTypesCB","searchOpenDialogs":true,"interaction":{"idSuffix":"inner"}},"clearTextFirst":true,"interactionType":"ENTER_TEXT"}]}
COMMAND: POST /session/668384e1c1f73f3d5461b9d538daca42/execute/async - {"script":"<script> [1562 bytes]","args":[{"selector":{"id":"createOrganizationPop--capacityId","searchOpenDialogs":true,"interaction":{"idSuffix":"inner"}},"wdio_ui5_key":"createOrganizationPopcapacityId"}]}
RESULT: {"script":"<script> [1562 bytes]","args":[{"selector":{"id":"createOrganizationPop--capacityId","searchOpenDialogs":true,"interaction":{"idSuffix":"inner"}},"wdio_ui5_key":"createOrganizationPopcapacityId"}]}
RESULT: undefined
COMMAND: POST /session/668384e1c1f73f3d5461b9d538daca42/actions - {"actions":[{"id":"action80","type":"key","parameters":{},"actions":[{"type":"keyDown","value":"î€‡"},{"type":"pause","duration":10},{"type":"keyUp","value":"î€‡"}]}]}
RESULT: {"actions":[{"id":"action80","type":"key","parameters":{},"actions":[{"type":"keyDown","value":"î€‡"},{"type":"pause","duration":10},{"type":"keyUp","value":"î€‡"}]}]}
COMMAND: GET /session/668384e1c1f73f3d5461b9d538daca42/screenshot - {}
RESULT: {}
RESULT: undefined
COMMAND: POST /session/668384e1c1f73f3d5461b9d538daca42/element - {"using":"xpath","value":"//*[@id=\"createOrganizationPop--finishBtn\"]"}
RESULT: {"using":"xpath","value":"//*[@id=\"createOrganizationPop--finishBtn\"]"}
COMMAND: POST /session/668384e1c1f73f3d5461b9d538daca42/element/f.F64AD31729AEE402AD374BC91D68D115.d.2F203EF75D82152DD591F50B420993B5.e.17506/click - {}
RESULT: {}
COMMAND: POST /session/668384e1c1f73f3d5461b9d538daca42/element - {"using":"css selector","value":"#shell-header-logo"}
COMMAND: GET /session/668384e1c1f73f3d5461b9d538daca42/screenshot - {}
RESULT: {"using":"css selector","value":"#shell-header-logo"}
COMMAND: POST /session/668384e1c1f73f3d5461b9d538daca42/element/f.F64AD31729AEE402AD374BC91D68D115.d.2F203EF75D82152DD591F50B420993B5.e.17362/click - {}
RESULT: {}
RESULT: {}
]]></system-out>
    </testcase>
  </testsuite>
  <testsuite timestamp="2025-04-27T17:44:15" time="404.126" tests="7" failures="2" errors="2" skipped="0">
    <properties>
      <property name="specId" value="0" />
      <property name="suiteName" value="Provide to Site w/ warehouse management w clarification" />
      <property name="capabilities" value="chrome.135_0_7049_96.windows" />
      <property name="file" value="file:///D:/a/1/s/test/specs/HTR/return-from-site-w-warehouse-management-w-clarification.spec.js" />
    </properties>
    <testcase classname="chrome.135_0_7049_96.windows.Provide_to_Site_w/_warehouse_management_w_clarification" name="Should do a stock increase handover" time="87.517">
      <system-out><![CDATA[
COMMAND: POST /session/668384e1c1f73f3d5461b9d538daca42/execute/async - {"script":"<script> [1562 bytes]","args":[{"selector":{"controlType":"sap.m.GenericTile","properties":{"header":"Manage Handovers"}},"wdio_ui5_key":"sapm.GenericTile{\"header\":\"Manage Handovers\"}"}]}
COMMAND: GET /session/668384e1c1f73f3d5461b9d538daca42/screenshot - {}
RESULT: {"script":"<script> [1562 bytes]","args":[{"selector":{"controlType":"sap.m.GenericTile","properties":{"header":"Manage Handovers"}},"wdio_ui5_key":"sapm.GenericTile{\"header\":\"Manage Handovers\"}"}]}
RESULT: undefined
COMMAND: POST /session/668384e1c1f73f3d5461b9d538daca42/element - {"using":"xpath","value":"//*[@id=\"__tile132\"]"}
RESULT: {}
RESULT: {"using":"xpath","value":"//*[@id=\"__tile132\"]"}
COMMAND: POST /session/668384e1c1f73f3d5461b9d538daca42/element/f.F64AD31729AEE402AD374BC91D68D115.d.2F203EF75D82152DD591F50B420993B5.e.17523/click - {}
RESULT: {}
COMMAND: GET /session/668384e1c1f73f3d5461b9d538daca42/screenshot - {}
COMMAND: POST /session/668384e1c1f73f3d5461b9d538daca42/element - {"using":"xpath","value":"//button[(@data-kt = 'masterHOAddButton')]"}
RESULT: {}
RESULT: {"using":"xpath","value":"//button[(@data-kt = 'masterHOAddButton')]"}
COMMAND: POST /session/668384e1c1f73f3d5461b9d538daca42/element/f.F64AD31729AEE402AD374BC91D68D115.d.2F203EF75D82152DD591F50B420993B5.e.17553/click - {}
RESULT: {}
COMMAND: POST /session/668384e1c1f73f3d5461b9d538daca42/element - {"using":"css selector","value":"span[id=\"application-managehandovers-display-component---AddNewHO--typeSelect-label\"]"}
COMMAND: GET /session/668384e1c1f73f3d5461b9d538daca42/screenshot - {}
RESULT: {"using":"css selector","value":"span[id=\"application-managehandovers-display-component---AddNewHO--typeSelect-label\"]"}
COMMAND: POST /session/668384e1c1f73f3d5461b9d538daca42/elements - {"using":"css selector","value":"span[id=\"application-managehandovers-display-component---AddNewHO--typeSelect-label\"]"}
RESULT: {}
RESULT: {"using":"css selector","value":"span[id=\"application-managehandovers-display-component---AddNewHO--typeSelect-label\"]"}
COMMAND: POST /session/668384e1c1f73f3d5461b9d538daca42/elements - {"using":"css selector","value":"span[id=\"application-managehandovers-display-component---AddNewHO--typeSelect-label\"]"}
RESULT: {"using":"css selector","value":"span[id=\"application-managehandovers-display-component---AddNewHO--typeSelect-label\"]"}
COMMAND: POST /session/668384e1c1f73f3d5461b9d538daca42/elements - {"using":"css selector","value":"span[id=\"application-managehandovers-display-component---AddNewHO--typeSelect-label\"]"}
RESULT: {"using":"css selector","value":"span[id=\"application-managehandovers-display-component---AddNewHO--typeSelect-label\"]"}
COMMAND: POST /session/668384e1c1f73f3d5461b9d538daca42/elements - {"using":"css selector","value":"span[id=\"application-managehandovers-display-component---AddNewHO--typeSelect-label\"]"}
RESULT: {"using":"css selector","value":"span[id=\"application-managehandovers-display-component---AddNewHO--typeSelect-label\"]"}
COMMAND: POST /session/668384e1c1f73f3d5461b9d538daca42/element - {"using":"css selector","value":"span[id=\"application-managehandovers-display-component---AddNewHO--typeSelect-label\"]"}
RESULT: {"using":"css selector","value":"span[id=\"application-managehandovers-display-component---AddNewHO--typeSelect-label\"]"}
COMMAND: POST /session/668384e1c1f73f3d5461b9d538daca42/element/f.F64AD31729AEE402AD374BC91D68D115.d.2F203EF75D82152DD591F50B420993B5.e.17849/click - {}
RESULT: {}
COMMAND: POST /session/668384e1c1f73f3d5461b9d538daca42/element - {"using":"css selector","value":"#application-managehandovers-display-component---AddNewHO--oneStep-CB"}
COMMAND: GET /session/668384e1c1f73f3d5461b9d538daca42/screenshot - {}
RESULT: {"using":"css selector","value":"#application-managehandovers-display-component---AddNewHO--oneStep-CB"}
COMMAND: GET /session/668384e1c1f73f3d5461b9d538daca42/element/f.F64AD31729AEE402AD374BC91D68D115.d.2F203EF75D82152DD591F50B420993B5.e.17795/selected - {}
RESULT: {}
RESULT: {}
COMMAND: POST /session/668384e1c1f73f3d5461b9d538daca42/element - {"using":"xpath","value":"//li[contains(text(), \"stock increase yard\")]"}
COMMAND: GET /session/668384e1c1f73f3d5461b9d538daca42/screenshot - {}
RESULT: {"using":"xpath","value":"//li[contains(text(), \"stock increase yard\")]"}
COMMAND: POST /session/668384e1c1f73f3d5461b9d538daca42/elements - {"using":"xpath","value":"//li[contains(text(), \"stock increase yard\")]"}
RESULT: {}
RESULT: {"using":"xpath","value":"//li[contains(text(), \"stock increase yard\")]"}
COMMAND: POST /session/668384e1c1f73f3d5461b9d538daca42/elements - {"using":"xpath","value":"//li[contains(text(), \"stock increase yard\")]"}
RESULT: {"using":"xpath","value":"//li[contains(text(), \"stock increase yard\")]"}
COMMAND: POST /session/668384e1c1f73f3d5461b9d538daca42/element - {"using":"xpath","value":"//li[contains(text(), \"stock increase yard\")]"}
RESULT: {"using":"xpath","value":"//li[contains(text(), \"stock increase yard\")]"}
COMMAND: POST /session/668384e1c1f73f3d5461b9d538daca42/element/f.F64AD31729AEE402AD374BC91D68D115.d.2F203EF75D82152DD591F50B420993B5.e.17867/click - {}
RESULT: {}
COMMAND: GET /session/668384e1c1f73f3d5461b9d538daca42/screenshot - {}
RESULT: {}
COMMAND: POST /session/668384e1c1f73f3d5461b9d538daca42/element - {"using":"css selector","value":"input[id=\"generalSectionFrg--receiveYard-inner\"]"}
RESULT: {"using":"css selector","value":"input[id=\"generalSectionFrg--receiveYard-inner\"]"}
COMMAND: POST /session/668384e1c1f73f3d5461b9d538daca42/element/f.F64AD31729AEE402AD374BC91D68D115.d.2F203EF75D82152DD591F50B420993B5.e.17876/clear - {}
RESULT: {}
COMMAND: POST /session/668384e1c1f73f3d5461b9d538daca42/element/f.F64AD31729AEE402AD374BC91D68D115.d.2F203EF75D82152DD591F50B420993B5.e.17876/value - {"text":"299"}
COMMAND: GET /session/668384e1c1f73f3d5461b9d538daca42/screenshot - {}
RESULT: {"text":"299"}
COMMAND: GET /session/668384e1c1f73f3d5461b9d538daca42/screenshot - {}
RESULT: {}
RESULT: {}
COMMAND: POST /session/668384e1c1f73f3d5461b9d538daca42/element - {"using":"css selector","value":"#application-managehandovers-display-component---AddNewHO--dueDate-inner"}
RESULT: {"using":"css selector","value":"#application-managehandovers-display-component---AddNewHO--dueDate-inner"}
COMMAND: POST /session/668384e1c1f73f3d5461b9d538daca42/element/f.F64AD31729AEE402AD374BC91D68D115.d.2F203EF75D82152DD591F50B420993B5.e.17870/clear - {}
RESULT: {}
COMMAND: POST /session/668384e1c1f73f3d5461b9d538daca42/element/f.F64AD31729AEE402AD374BC91D68D115.d.2F203EF75D82152DD591F50B420993B5.e.17870/value - {"text":"4/27/25"}
COMMAND: GET /session/668384e1c1f73f3d5461b9d538daca42/screenshot - {}
RESULT: {"text":"4/27/25"}
COMMAND: GET /session/668384e1c1f73f3d5461b9d538daca42/screenshot - {}
RESULT: {}
RESULT: {}
COMMAND: POST /session/668384e1c1f73f3d5461b9d538daca42/element - {"using":"xpath","value":"//bdi[(text() = 'Items' or . = 'Items')]"}
RESULT: {"using":"xpath","value":"//bdi[(text() = 'Items' or . = 'Items')]"}
COMMAND: POST /session/668384e1c1f73f3d5461b9d538daca42/element/f.F64AD31729AEE402AD374BC91D68D115.d.2F203EF75D82152DD591F50B420993B5.e.17893/click - {}
RESULT: {}
COMMAND: GET /session/668384e1c1f73f3d5461b9d538daca42/screenshot - {}
RESULT: {}
COMMAND: POST /session/668384e1c1f73f3d5461b9d538daca42/element - {"using":"xpath","value":"//button[@aria-label=\"Add\"]"}
RESULT: {"using":"xpath","value":"//button[@aria-label=\"Add\"]"}
COMMAND: POST /session/668384e1c1f73f3d5461b9d538daca42/element/f.F64AD31729AEE402AD374BC91D68D115.d.2F203EF75D82152DD591F50B420993B5.e.17898/click - {}
RESULT: {}
COMMAND: GET /session/668384e1c1f73f3d5461b9d538daca42/screenshot - {}
RESULT: {}
COMMAND: POST /session/668384e1c1f73f3d5461b9d538daca42/element - {"using":"css selector","value":"input[id= \"application-managehandovers-display-component---AddNewHO--smartFilterBar-btnBasicSearch-I\"]"}
RESULT: {"using":"css selector","value":"input[id= \"application-managehandovers-display-component---AddNewHO--smartFilterBar-btnBasicSearch-I\"]"}
COMMAND: POST /session/668384e1c1f73f3d5461b9d538daca42/element/f.F64AD31729AEE402AD374BC91D68D115.d.2F203EF75D82152DD591F50B420993B5.e.17901/clear - {}
RESULT: {}
COMMAND: POST /session/668384e1c1f73f3d5461b9d538daca42/element/f.F64AD31729AEE402AD374BC91D68D115.d.2F203EF75D82152DD591F50B420993B5.e.17901/value - {"text":"200133"}
COMMAND: GET /session/668384e1c1f73f3d5461b9d538daca42/screenshot - {}
RESULT: {"text":"200133"}
COMMAND: POST /session/668384e1c1f73f3d5461b9d538daca42/actions - {"actions":[{"id":"action81","type":"key","parameters":{},"actions":[{"type":"keyDown","value":"î€‡"},{"type":"pause","duration":10},{"type":"keyUp","value":"î€‡"}]}]}
COMMAND: GET /session/668384e1c1f73f3d5461b9d538daca42/screenshot - {}
RESULT: {}
RESULT: {"actions":[{"id":"action81","type":"key","parameters":{},"actions":[{"type":"keyDown","value":"î€‡"},{"type":"pause","duration":10},{"type":"keyUp","value":"î€‡"}]}]}
COMMAND: POST /session/668384e1c1f73f3d5461b9d538daca42/element - {"using":"css selector","value":"div[id= \"application-managehandovers-display-component---AddNewHO--smartFilterBar-btnBasicSearch-search\"]"}
COMMAND: GET /session/668384e1c1f73f3d5461b9d538daca42/screenshot - {}
RESULT: {}
RESULT: {"using":"css selector","value":"div[id= \"application-managehandovers-display-component---AddNewHO--smartFilterBar-btnBasicSearch-search\"]"}
COMMAND: POST /session/668384e1c1f73f3d5461b9d538daca42/element/f.F64AD31729AEE402AD374BC91D68D115.d.2F203EF75D82152DD591F50B420993B5.e.18048/click - {}
RESULT: {}
RESULT: {}
COMMAND: GET /session/668384e1c1f73f3d5461b9d538daca42/screenshot - {}
COMMAND: POST /session/668384e1c1f73f3d5461b9d538daca42/element - {"using":"css selector","value":"div[id= \"application-managehandovers-display-component---AddNewHO--popup-sa-CbBg\"]"}
RESULT: {}
RESULT: {"using":"css selector","value":"div[id= \"application-managehandovers-display-component---AddNewHO--popup-sa-CbBg\"]"}
COMMAND: POST /session/668384e1c1f73f3d5461b9d538daca42/element/f.F64AD31729AEE402AD374BC91D68D115.d.2F203EF75D82152DD591F50B420993B5.e.18051/click - {}
RESULT: {}
COMMAND: POST /session/668384e1c1f73f3d5461b9d538daca42/element - {"using":"xpath","value":"//bdi[(text() = 'Select' or . = 'Select')]"}
COMMAND: GET /session/668384e1c1f73f3d5461b9d538daca42/screenshot - {}
RESULT: {"using":"xpath","value":"//bdi[(text() = 'Select' or . = 'Select')]"}
COMMAND: POST /session/668384e1c1f73f3d5461b9d538daca42/element/f.F64AD31729AEE402AD374BC91D68D115.d.2F203EF75D82152DD591F50B420993B5.e.18052/click - {}
RESULT: {}
RESULT: {}
COMMAND: GET /session/668384e1c1f73f3d5461b9d538daca42/screenshot - {}
RESULT: {}
COMMAND: POST /session/668384e1c1f73f3d5461b9d538daca42/element - {"using":"xpath","value":"//bdi[(text() = 'Save' or . = 'Save')]"}
RESULT: {"using":"xpath","value":"//bdi[(text() = 'Save' or . = 'Save')]"}
COMMAND: POST /session/668384e1c1f73f3d5461b9d538daca42/element/f.F64AD31729AEE402AD374BC91D68D115.d.2F203EF75D82152DD591F50B420993B5.e.18056/click - {}
RESULT: {}
COMMAND: GET /session/668384e1c1f73f3d5461b9d538daca42/screenshot - {}
RESULT: {}
COMMAND: POST /session/668384e1c1f73f3d5461b9d538daca42/element - {"using":"xpath","value":"//input[contains(@id ,\"receiptDatePicker-inner\")]"}
RESULT: {"using":"xpath","value":"//input[contains(@id ,\"receiptDatePicker-inner\")]"}
COMMAND: POST /session/668384e1c1f73f3d5461b9d538daca42/element/f.F64AD31729AEE402AD374BC91D68D115.d.2F203EF75D82152DD591F50B420993B5.e.18083/click - {}
RESULT: {}
COMMAND: POST /session/668384e1c1f73f3d5461b9d538daca42/element - {"using":"xpath","value":"//input[contains(@id ,\"receiptDatePicker-inner\")]"}
COMMAND: GET /session/668384e1c1f73f3d5461b9d538daca42/screenshot - {}
RESULT: {"using":"xpath","value":"//input[contains(@id ,\"receiptDatePicker-inner\")]"}
COMMAND: POST /session/668384e1c1f73f3d5461b9d538daca42/element/f.F64AD31729AEE402AD374BC91D68D115.d.2F203EF75D82152DD591F50B420993B5.e.18083/clear - {}
RESULT: {}
RESULT: {}
COMMAND: POST /session/668384e1c1f73f3d5461b9d538daca42/element/f.F64AD31729AEE402AD374BC91D68D115.d.2F203EF75D82152DD591F50B420993B5.e.18083/value - {"text":"4/27/25"}
COMMAND: GET /session/668384e1c1f73f3d5461b9d538daca42/screenshot - {}
RESULT: {"text":"4/27/25"}
COMMAND: GET /session/668384e1c1f73f3d5461b9d538daca42/screenshot - {}
RESULT: {}
RESULT: {}
COMMAND: POST /session/668384e1c1f73f3d5461b9d538daca42/execute/async - {"script":"<script> [1562 bytes]","args":[{"selector":{"id":"administrationTabFilter","viewName":"etm.portal.ui.managehandovers.view.DetailExecuteHO","interaction":{"idSuffix":"text"}},"wdio_ui5_key":"administrationTabFilteretmportal.ui.managehandovers.view.DetailExecuteHO"}]}
RESULT: {"script":"<script> [1562 bytes]","args":[{"selector":{"id":"administrationTabFilter","viewName":"etm.portal.ui.managehandovers.view.DetailExecuteHO","interaction":{"idSuffix":"text"}},"wdio_ui5_key":"administrationTabFilteretmportal.ui.managehandovers.view.DetailExecuteHO"}]}
RESULT: undefined
COMMAND: POST /session/668384e1c1f73f3d5461b9d538daca42/element - {"using":"xpath","value":"//*[@id=\"__xmlview61--administrationTabFilter\"]"}
RESULT: {"using":"xpath","value":"//*[@id=\"__xmlview61--administrationTabFilter\"]"}
COMMAND: POST /session/668384e1c1f73f3d5461b9d538daca42/element/f.F64AD31729AEE402AD374BC91D68D115.d.2F203EF75D82152DD591F50B420993B5.e.18102/click - {}
RESULT: {}
RESULT: undefined
COMMAND: POST /session/668384e1c1f73f3d5461b9d538daca42/element - {"using":"xpath","value":"//*[@id=\"__xmlview61--administrationTabFilter\"]"}
COMMAND: GET /session/668384e1c1f73f3d5461b9d538daca42/screenshot - {}
RESULT: {"using":"xpath","value":"//*[@id=\"__xmlview61--administrationTabFilter\"]"}
COMMAND: POST /session/668384e1c1f73f3d5461b9d538daca42/element/f.F64AD31729AEE402AD374BC91D68D115.d.2F203EF75D82152DD591F50B420993B5.e.18102/click - {}
RESULT: {}
RESULT: {}
COMMAND: GET /session/668384e1c1f73f3d5461b9d538daca42/screenshot - {}
RESULT: {}
COMMAND: POST /session/668384e1c1f73f3d5461b9d538daca42/element - {"using":"xpath","value":"//bdi[(text() = 'Confirm' or . = 'Confirm')]"}
RESULT: {"using":"xpath","value":"//bdi[(text() = 'Confirm' or . = 'Confirm')]"}
COMMAND: POST /session/668384e1c1f73f3d5461b9d538daca42/element/f.F64AD31729AEE402AD374BC91D68D115.d.2F203EF75D82152DD591F50B420993B5.e.18110/click - {}
RESULT: {}
COMMAND: GET /session/668384e1c1f73f3d5461b9d538daca42/screenshot - {}
RESULT: {}
COMMAND: POST /session/668384e1c1f73f3d5461b9d538daca42/execute/async - {"script":"<script> [1562 bytes]","args":[{"selector":{"id":"confirmationButton","viewName":"etm.portal.ui.managehandovers.view.DetailExecuteHO","interaction":{"idSuffix":"BDI-content"}},"wdio_ui5_key":"confirmationButtonetmportal.ui.managehandovers.view.DetailExecuteHO"}]}
RESULT: {"script":"<script> [1562 bytes]","args":[{"selector":{"id":"confirmationButton","viewName":"etm.portal.ui.managehandovers.view.DetailExecuteHO","interaction":{"idSuffix":"BDI-content"}},"wdio_ui5_key":"confirmationButtonetmportal.ui.managehandovers.view.DetailExecuteHO"}]}
RESULT: undefined
COMMAND: POST /session/668384e1c1f73f3d5461b9d538daca42/element - {"using":"xpath","value":"(//*[text()='Receive'])[2]"}
RESULT: {"using":"xpath","value":"(//*[text()='Receive'])[2]"}
COMMAND: GET /session/668384e1c1f73f3d5461b9d538daca42/element/f.F64AD31729AEE402AD374BC91D68D115.d.2F203EF75D82152DD591F50B420993B5.e.18114/enabled - {}
RESULT: {}
COMMAND: POST /session/668384e1c1f73f3d5461b9d538daca42/execute/sync - {"script":"<script> [8489 bytes]","args":[{"element-6066-11e4-a52e-4f735466cecf":"f.F64AD31729AEE402AD374BC91D68D115.d.2F203EF75D82152DD591F50B420993B5.e.18114","ELEMENT":"f.F64AD31729AEE402AD374BC91D68D115.d.2F203EF75D82152DD591F50B420993B5.e.18114"}]}
COMMAND: GET /session/668384e1c1f73f3d5461b9d538daca42/screenshot - {}
RESULT: {"script":"<script> [8489 bytes]","args":[{"element-6066-11e4-a52e-4f735466cecf":"f.F64AD31729AEE402AD374BC91D68D115.d.2F203EF75D82152DD591F50B420993B5.e.18114","ELEMENT":"f.F64AD31729AEE402AD374BC91D68D115.d.2F203EF75D82152DD591F50B420993B5.e.18114"}]}
COMMAND: POST /session/668384e1c1f73f3d5461b9d538daca42/execute/sync - {"script":"<script> [5351 bytes]","args":[{"element-6066-11e4-a52e-4f735466cecf":"f.F64AD31729AEE402AD374BC91D68D115.d.2F203EF75D82152DD591F50B420993B5.e.18114","ELEMENT":"f.F64AD31729AEE402AD374BC91D68D115.d.2F203EF75D82152DD591F50B420993B5.e.18114"}]}
COMMAND: GET /session/668384e1c1f73f3d5461b9d538daca42/screenshot - {}
RESULT: {}
RESULT: {"script":"<script> [5351 bytes]","args":[{"element-6066-11e4-a52e-4f735466cecf":"f.F64AD31729AEE402AD374BC91D68D115.d.2F203EF75D82152DD591F50B420993B5.e.18114","ELEMENT":"f.F64AD31729AEE402AD374BC91D68D115.d.2F203EF75D82152DD591F50B420993B5.e.18114"}]}
COMMAND: POST /session/668384e1c1f73f3d5461b9d538daca42/element/f.F64AD31729AEE402AD374BC91D68D115.d.2F203EF75D82152DD591F50B420993B5.e.18114/click - {}
COMMAND: GET /session/668384e1c1f73f3d5461b9d538daca42/screenshot - {}
RESULT: {}
RESULT: {}
COMMAND: GET /session/668384e1c1f73f3d5461b9d538daca42/screenshot - {}
RESULT: {}
RESULT: {}
COMMAND: POST /session/668384e1c1f73f3d5461b9d538daca42/element - {"using":"css selector","value":"#shell-header-logo"}
RESULT: {"using":"css selector","value":"#shell-header-logo"}
COMMAND: POST /session/668384e1c1f73f3d5461b9d538daca42/element/f.F64AD31729AEE402AD374BC91D68D115.d.2F203EF75D82152DD591F50B420993B5.e.17525/click - {}
RESULT: {}
COMMAND: GET /session/668384e1c1f73f3d5461b9d538daca42/screenshot - {}
RESULT: {}
]]></system-out>
    </testcase>
    <testcase classname="chrome.135_0_7049_96.windows.Provide_to_Site_w/_warehouse_management_w_clarification" name="Should create a new contract" time="63.102">
      <system-out><![CDATA[
COMMAND: POST /session/668384e1c1f73f3d5461b9d538daca42/execute/async - {"script":"<script> [1562 bytes]","args":[{"selector":{"controlType":"sap.m.GenericTile","properties":{"header":"Manage Contracts"}},"wdio_ui5_key":"sapm.GenericTile{\"header\":\"Manage Contracts\"}"}]}
RESULT: {"script":"<script> [1562 bytes]","args":[{"selector":{"controlType":"sap.m.GenericTile","properties":{"header":"Manage Contracts"}},"wdio_ui5_key":"sapm.GenericTile{\"header\":\"Manage Contracts\"}"}]}
RESULT: undefined
COMMAND: POST /session/668384e1c1f73f3d5461b9d538daca42/element - {"using":"xpath","value":"//*[@id=\"__tile130\"]"}
RESULT: {"using":"xpath","value":"//*[@id=\"__tile130\"]"}
COMMAND: POST /session/668384e1c1f73f3d5461b9d538daca42/element/f.F64AD31729AEE402AD374BC91D68D115.d.2F203EF75D82152DD591F50B420993B5.e.18266/click - {}
RESULT: {}
COMMAND: GET /session/668384e1c1f73f3d5461b9d538daca42/screenshot - {}
RESULT: {}
COMMAND: POST /session/668384e1c1f73f3d5461b9d538daca42/execute/async - {"script":"<script> [1562 bytes]","args":[{"selector":{"controlType":"sap.ui.core.Icon","viewName":"etm.portal.ui.managecontracts.view.Master","properties":{"src":{"regex":{"source":"add"}}}},"wdio_ui5_key":"etmportal.ui.managecontracts.view.Mastersap.ui.core.Icon{\"src\":{\"regex\":{\"source\":\"add\"}}}"}]}
RESULT: {"script":"<script> [1562 bytes]","args":[{"selector":{"controlType":"sap.ui.core.Icon","viewName":"etm.portal.ui.managecontracts.view.Master","properties":{"src":{"regex":{"source":"add"}}}},"wdio_ui5_key":"etmportal.ui.managecontracts.view.Mastersap.ui.core.Icon{\"src\":{\"regex\":{\"source\":\"add\"}}}"}]}
RESULT: undefined
COMMAND: POST /session/668384e1c1f73f3d5461b9d538daca42/element - {"using":"xpath","value":"//*[@id=\"__button303-img\"]"}
RESULT: {"using":"xpath","value":"//*[@id=\"__button303-img\"]"}
COMMAND: POST /session/668384e1c1f73f3d5461b9d538daca42/element/f.F64AD31729AEE402AD374BC91D68D115.d.2F203EF75D82152DD591F50B420993B5.e.18347/click - {}
RESULT: {}
COMMAND: POST /session/668384e1c1f73f3d5461b9d538daca42/execute/async - {"script":"<script> [1562 bytes]","args":[{"selector":{"id":"application-managecontracts-display-component---AddNewContract--projectDescription","interaction":{"idSuffix":"inner"}},"wdio_ui5_key":"applicationmanagecontracts-display-component---AddNewContract--projectDescription"}]}
COMMAND: GET /session/668384e1c1f73f3d5461b9d538daca42/screenshot - {}
RESULT: {"script":"<script> [1562 bytes]","args":[{"selector":{"id":"application-managecontracts-display-component---AddNewContract--projectDescription","interaction":{"idSuffix":"inner"}},"wdio_ui5_key":"applicationmanagecontracts-display-component---AddNewContract--projectDescription"}]}
RESULT: undefined
COMMAND: POST /session/668384e1c1f73f3d5461b9d538daca42/execute/async - {"script":"<script> [776 bytes]","args":[{"enterText":"wdi5 contract for billing","selector":{"id":"application-managecontracts-display-component---AddNewContract--projectDescription","interaction":{"idSuffix":"inner"}},"clearTextFirst":true,"interactionType":"ENTER_TEXT"}]}
RESULT: {}
RESULT: {"script":"<script> [776 bytes]","args":[{"enterText":"wdi5 contract for billing","selector":{"id":"application-managecontracts-display-component---AddNewContract--projectDescription","interaction":{"idSuffix":"inner"}},"clearTextFirst":true,"interactionType":"ENTER_TEXT"}]}
COMMAND: POST /session/668384e1c1f73f3d5461b9d538daca42/element - {"using":"xpath","value":"//input[@id=\"application-managecontracts-display-component---AddNewContract--customerSelect-inner\"]"}
RESULT: {"using":"xpath","value":"//input[@id=\"application-managecontracts-display-component---AddNewContract--customerSelect-inner\"]"}
COMMAND: POST /session/668384e1c1f73f3d5461b9d538daca42/element/f.F64AD31729AEE402AD374BC91D68D115.d.2F203EF75D82152DD591F50B420993B5.e.18589/clear - {}
RESULT: {}
COMMAND: POST /session/668384e1c1f73f3d5461b9d538daca42/element/f.F64AD31729AEE402AD374BC91D68D115.d.2F203EF75D82152DD591F50B420993B5.e.18589/value - {"text":"1162"}
COMMAND: GET /session/668384e1c1f73f3d5461b9d538daca42/screenshot - {}
RESULT: {"text":"1162"}
COMMAND: GET /session/668384e1c1f73f3d5461b9d538daca42/screenshot - {}
RESULT: {}
RESULT: {}
COMMAND: POST /session/668384e1c1f73f3d5461b9d538daca42/actions - {"actions":[{"id":"action82","type":"key","parameters":{},"actions":[{"type":"keyDown","value":"î€‡"},{"type":"pause","duration":10},{"type":"keyUp","value":"î€‡"}]}]}
RESULT: {"actions":[{"id":"action82","type":"key","parameters":{},"actions":[{"type":"keyDown","value":"î€‡"},{"type":"pause","duration":10},{"type":"keyUp","value":"î€‡"}]}]}
COMMAND: POST /session/668384e1c1f73f3d5461b9d538daca42/element - {"using":"xpath","value":"//input[@id=\"application-managecontracts-display-component---AddNewContract--site-inner\"]"}
RESULT: {"using":"xpath","value":"//input[@id=\"application-managecontracts-display-component---AddNewContract--site-inner\"]"}
COMMAND: POST /session/668384e1c1f73f3d5461b9d538daca42/element/f.F64AD31729AEE402AD374BC91D68D115.d.2F203EF75D82152DD591F50B420993B5.e.18590/clear - {}
COMMAND: GET /session/668384e1c1f73f3d5461b9d538daca42/screenshot - {}
RESULT: {}
COMMAND: POST /session/668384e1c1f73f3d5461b9d538daca42/element/f.F64AD31729AEE402AD374BC91D68D115.d.2F203EF75D82152DD591F50B420993B5.e.18590/value - {"text":"2152"}
COMMAND: GET /session/668384e1c1f73f3d5461b9d538daca42/screenshot - {}
RESULT: {}
RESULT: {"text":"2152"}
COMMAND: GET /session/668384e1c1f73f3d5461b9d538daca42/screenshot - {}
RESULT: {}
RESULT: {}
COMMAND: POST /session/668384e1c1f73f3d5461b9d538daca42/actions - {"actions":[{"id":"action83","type":"key","parameters":{},"actions":[{"type":"keyDown","value":"î€‡"},{"type":"pause","duration":10},{"type":"keyUp","value":"î€‡"}]}]}
RESULT: {"actions":[{"id":"action83","type":"key","parameters":{},"actions":[{"type":"keyDown","value":"î€‡"},{"type":"pause","duration":10},{"type":"keyUp","value":"î€‡"}]}]}
COMMAND: POST /session/668384e1c1f73f3d5461b9d538daca42/execute/async - {"script":"<script> [1562 bytes]","args":[{"selector":{"id":"application-managecontracts-display-component---AddNewContract--calendarInput","interaction":{"idSuffix":"inner"}},"wdio_ui5_key":"applicationmanagecontracts-display-component---AddNewContract--calendarInput"}]}
COMMAND: GET /session/668384e1c1f73f3d5461b9d538daca42/screenshot - {}
RESULT: {"script":"<script> [1562 bytes]","args":[{"selector":{"id":"application-managecontracts-display-component---AddNewContract--calendarInput","interaction":{"idSuffix":"inner"}},"wdio_ui5_key":"applicationmanagecontracts-display-component---AddNewContract--calendarInput"}]}
RESULT: undefined
COMMAND: POST /session/668384e1c1f73f3d5461b9d538daca42/execute/async - {"script":"<script> [776 bytes]","args":[{"enterText":"1 - Calendar unit test patch","selector":{"id":"application-managecontracts-display-component---AddNewContract--calendarInput","interaction":{"idSuffix":"inner"}},"clearTextFirst":true,"interactionType":"ENTER_TEXT"}]}
RESULT: {}
RESULT: {"script":"<script> [776 bytes]","args":[{"enterText":"1 - Calendar unit test patch","selector":{"id":"application-managecontracts-display-component---AddNewContract--calendarInput","interaction":{"idSuffix":"inner"}},"clearTextFirst":true,"interactionType":"ENTER_TEXT"}]}
COMMAND: POST /session/668384e1c1f73f3d5461b9d538daca42/actions - {"actions":[{"id":"action84","type":"key","parameters":{},"actions":[{"type":"keyDown","value":"î€‡"},{"type":"pause","duration":10},{"type":"keyUp","value":"î€‡"}]}]}
RESULT: {"actions":[{"id":"action84","type":"key","parameters":{},"actions":[{"type":"keyDown","value":"î€‡"},{"type":"pause","duration":10},{"type":"keyUp","value":"î€‡"}]}]}
COMMAND: POST /session/668384e1c1f73f3d5461b9d538daca42/execute/async - {"script":"<script> [1562 bytes]","args":[{"selector":{"id":"application-managecontracts-display-component---AddNewContract--languageCB","interaction":{"idSuffix":"inner"}},"wdio_ui5_key":"applicationmanagecontracts-display-component---AddNewContract--languageCB"}]}
COMMAND: GET /session/668384e1c1f73f3d5461b9d538daca42/screenshot - {}
RESULT: {"script":"<script> [1562 bytes]","args":[{"selector":{"id":"application-managecontracts-display-component---AddNewContract--languageCB","interaction":{"idSuffix":"inner"}},"wdio_ui5_key":"applicationmanagecontracts-display-component---AddNewContract--languageCB"}]}
RESULT: undefined
COMMAND: POST /session/668384e1c1f73f3d5461b9d538daca42/execute/async - {"script":"<script> [776 bytes]","args":[{"enterText":"EN - English","selector":{"id":"application-managecontracts-display-component---AddNewContract--languageCB","interaction":{"idSuffix":"inner"}},"clearTextFirst":true,"interactionType":"ENTER_TEXT"}]}
RESULT: {}
RESULT: {"script":"<script> [776 bytes]","args":[{"enterText":"EN - English","selector":{"id":"application-managecontracts-display-component---AddNewContract--languageCB","interaction":{"idSuffix":"inner"}},"clearTextFirst":true,"interactionType":"ENTER_TEXT"}]}
COMMAND: POST /session/668384e1c1f73f3d5461b9d538daca42/actions - {"actions":[{"id":"action85","type":"key","parameters":{},"actions":[{"type":"keyDown","value":"î€‡"},{"type":"pause","duration":10},{"type":"keyUp","value":"î€‡"}]}]}
RESULT: {"actions":[{"id":"action85","type":"key","parameters":{},"actions":[{"type":"keyDown","value":"î€‡"},{"type":"pause","duration":10},{"type":"keyUp","value":"î€‡"}]}]}
COMMAND: POST /session/668384e1c1f73f3d5461b9d538daca42/execute/async - {"script":"<script> [1562 bytes]","args":[{"selector":{"id":"application-managecontracts-display-component---AddNewContract--saveBtn","interaction":{"idSuffix":"BDI-content"}},"wdio_ui5_key":"applicationmanagecontracts-display-component---AddNewContract--saveBtn"}]}
COMMAND: GET /session/668384e1c1f73f3d5461b9d538daca42/screenshot - {}
RESULT: {"script":"<script> [1562 bytes]","args":[{"selector":{"id":"application-managecontracts-display-component---AddNewContract--saveBtn","interaction":{"idSuffix":"BDI-content"}},"wdio_ui5_key":"applicationmanagecontracts-display-component---AddNewContract--saveBtn"}]}
RESULT: undefined
COMMAND: POST /session/668384e1c1f73f3d5461b9d538daca42/element - {"using":"xpath","value":"//*[@id=\"application-managecontracts-display-component---AddNewContract--saveBtn\"]"}
RESULT: {}
RESULT: {"using":"xpath","value":"//*[@id=\"application-managecontracts-display-component---AddNewContract--saveBtn\"]"}
COMMAND: POST /session/668384e1c1f73f3d5461b9d538daca42/element/f.F64AD31729AEE402AD374BC91D68D115.d.2F203EF75D82152DD591F50B420993B5.e.18607/click - {}
RESULT: {}
COMMAND: GET /session/668384e1c1f73f3d5461b9d538daca42/screenshot - {}
RESULT: {}
COMMAND: POST /session/668384e1c1f73f3d5461b9d538daca42/execute/async - {"script":"<script> [1562 bytes]","args":[{"selector":{"id":"contractDetailTitleNoExpanded","viewName":"etm.portal.ui.managecontracts.view.Detail"},"wdio_ui5_key":"contractDetailTitleNoExpandedetmportal.ui.managecontracts.view.Detail"}]}
RESULT: {"script":"<script> [1562 bytes]","args":[{"selector":{"id":"contractDetailTitleNoExpanded","viewName":"etm.portal.ui.managecontracts.view.Detail"},"wdio_ui5_key":"contractDetailTitleNoExpandedetmportal.ui.managecontracts.view.Detail"}]}
RESULT: undefined
COMMAND: POST /session/668384e1c1f73f3d5461b9d538daca42/execute/async - {"script":"<script> [6424 bytes]","args":[{"element-6066-11e4-a52e-4f735466cecf":"f.F64AD31729AEE402AD374BC91D68D115.d.2F203EF75D82152DD591F50B420993B5.e.18690"},"getText",[]]}
RESULT: {"script":"<script> [6424 bytes]","args":[{"element-6066-11e4-a52e-4f735466cecf":"f.F64AD31729AEE402AD374BC91D68D115.d.2F203EF75D82152DD591F50B420993B5.e.18690"},"getText",[]]}
]]></system-out>
    </testcase>
    <testcase classname="chrome.135_0_7049_96.windows.Provide_to_Site_w/_warehouse_management_w_clarification" name="Should add resource to the contract" time="54.021">
      <system-out><![CDATA[
COMMAND: POST /session/668384e1c1f73f3d5461b9d538daca42/execute/async - {"script":"<script> [1562 bytes]","args":[{"selector":{"id":"contractDetailEditBtn","viewName":"etm.portal.ui.managecontracts.view.Detail","interaction":{"idSuffix":"BDI-content"}},"wdio_ui5_key":"contractDetailEditBtnetmportal.ui.managecontracts.view.Detail"}]}
RESULT: {"script":"<script> [1562 bytes]","args":[{"selector":{"id":"contractDetailEditBtn","viewName":"etm.portal.ui.managecontracts.view.Detail","interaction":{"idSuffix":"BDI-content"}},"wdio_ui5_key":"contractDetailEditBtnetmportal.ui.managecontracts.view.Detail"}]}
RESULT: undefined
COMMAND: POST /session/668384e1c1f73f3d5461b9d538daca42/element - {"using":"xpath","value":"//*[@id=\"__xmlview63--contractDetailEditBtn\"]"}
RESULT: {"using":"xpath","value":"//*[@id=\"__xmlview63--contractDetailEditBtn\"]"}
COMMAND: POST /session/668384e1c1f73f3d5461b9d538daca42/element/f.F64AD31729AEE402AD374BC91D68D115.d.2F203EF75D82152DD591F50B420993B5.e.18692/click - {}
RESULT: {}
COMMAND: GET /session/668384e1c1f73f3d5461b9d538daca42/screenshot - {}
RESULT: {}
COMMAND: POST /session/668384e1c1f73f3d5461b9d538daca42/execute/async - {"script":"<script> [1562 bytes]","args":[{"selector":{"id":"additionalAddressesTabFilter","viewName":"etm.portal.ui.managecontracts.view.EditContract","interaction":{"idSuffix":"text"}},"wdio_ui5_key":"additionalAddressesTabFilteretmportal.ui.managecontracts.view.EditContract"}]}
RESULT: {"script":"<script> [1562 bytes]","args":[{"selector":{"id":"additionalAddressesTabFilter","viewName":"etm.portal.ui.managecontracts.view.EditContract","interaction":{"idSuffix":"text"}},"wdio_ui5_key":"additionalAddressesTabFilteretmportal.ui.managecontracts.view.EditContract"}]}
RESULT: undefined
COMMAND: POST /session/668384e1c1f73f3d5461b9d538daca42/element - {"using":"xpath","value":"//*[@id=\"__xmlview64--additionalAddressesTabFilter\"]"}
RESULT: {"using":"xpath","value":"//*[@id=\"__xmlview64--additionalAddressesTabFilter\"]"}
COMMAND: POST /session/668384e1c1f73f3d5461b9d538daca42/element/f.F64AD31729AEE402AD374BC91D68D115.d.2F203EF75D82152DD591F50B420993B5.e.18748/click - {}
RESULT: {}
RESULT: undefined
COMMAND: POST /session/668384e1c1f73f3d5461b9d538daca42/element - {"using":"xpath","value":"//*[@id=\"__xmlview64--additionalAddressesTabFilter\"]"}
COMMAND: GET /session/668384e1c1f73f3d5461b9d538daca42/screenshot - {}
RESULT: {"using":"xpath","value":"//*[@id=\"__xmlview64--additionalAddressesTabFilter\"]"}
COMMAND: POST /session/668384e1c1f73f3d5461b9d538daca42/element/f.F64AD31729AEE402AD374BC91D68D115.d.2F203EF75D82152DD591F50B420993B5.e.18748/click - {}
RESULT: {}
RESULT: {}
COMMAND: POST /session/668384e1c1f73f3d5461b9d538daca42/execute/async - {"script":"<script> [1562 bytes]","args":[{"selector":{"controlType":"sap.ui.core.Icon","viewName":"etm.portal.ui.managecontracts.view.EditContract","properties":{"src":{"regex":{"source":"add"}}}},"wdio_ui5_key":"etmportal.ui.managecontracts.view.EditContractsap.ui.core.Icon{\"src\":{\"regex\":{\"source\":\"add\"}}}"}]}
COMMAND: GET /session/668384e1c1f73f3d5461b9d538daca42/screenshot - {}
RESULT: {"script":"<script> [1562 bytes]","args":[{"selector":{"controlType":"sap.ui.core.Icon","viewName":"etm.portal.ui.managecontracts.view.EditContract","properties":{"src":{"regex":{"source":"add"}}}},"wdio_ui5_key":"etmportal.ui.managecontracts.view.EditContractsap.ui.core.Icon{\"src\":{\"regex\":{\"source\":\"add\"}}}"}]}
RESULT: undefined
COMMAND: POST /session/668384e1c1f73f3d5461b9d538daca42/element - {"using":"xpath","value":"//*[@id=\"__xmlview64--btnAddTableRow-img\"]"}
RESULT: {}
RESULT: {"using":"xpath","value":"//*[@id=\"__xmlview64--btnAddTableRow-img\"]"}
COMMAND: POST /session/668384e1c1f73f3d5461b9d538daca42/element/f.F64AD31729AEE402AD374BC91D68D115.d.2F203EF75D82152DD591F50B420993B5.e.18753/click - {}
RESULT: {}
COMMAND: POST /session/668384e1c1f73f3d5461b9d538daca42/element - {"using":"xpath","value":"//div[(text() = 'Standard Entry' or . = 'Standard Entry')]"}
COMMAND: GET /session/668384e1c1f73f3d5461b9d538daca42/screenshot - {}
RESULT: {"using":"xpath","value":"//div[(text() = 'Standard Entry' or . = 'Standard Entry')]"}
COMMAND: POST /session/668384e1c1f73f3d5461b9d538daca42/element/f.F64AD31729AEE402AD374BC91D68D115.d.2F203EF75D82152DD591F50B420993B5.e.18755/click - {}
RESULT: {}
RESULT: {}
COMMAND: POST /session/668384e1c1f73f3d5461b9d538daca42/execute/async - {"script":"<script> [1562 bytes]","args":[{"selector":{"controlType":"sap.ui.core.Icon","viewName":"etm.portal.ui.managecontracts.view.EditContract","properties":{"src":{"regex":{"source":"inspect"}}}},"wdio_ui5_key":"etmportal.ui.managecontracts.view.EditContractsap.ui.core.Icon{\"src\":{\"regex\":{\"source\":\"inspect\"}}}"}]}
COMMAND: GET /session/668384e1c1f73f3d5461b9d538daca42/screenshot - {}
RESULT: {"script":"<script> [1562 bytes]","args":[{"selector":{"controlType":"sap.ui.core.Icon","viewName":"etm.portal.ui.managecontracts.view.EditContract","properties":{"src":{"regex":{"source":"inspect"}}}},"wdio_ui5_key":"etmportal.ui.managecontracts.view.EditContractsap.ui.core.Icon{\"src\":{\"regex\":{\"source\":\"inspect\"}}}"}]}
RESULT: undefined
COMMAND: POST /session/668384e1c1f73f3d5461b9d538daca42/element - {"using":"xpath","value":"//*[@id=\"__button329-img\"]"}
RESULT: {}
RESULT: {"using":"xpath","value":"//*[@id=\"__button329-img\"]"}
COMMAND: POST /session/668384e1c1f73f3d5461b9d538daca42/element/f.F64AD31729AEE402AD374BC91D68D115.d.2F203EF75D82152DD591F50B420993B5.e.18767/click - {}
RESULT: {}
COMMAND: GET /session/668384e1c1f73f3d5461b9d538daca42/screenshot - {}
COMMAND: POST /session/668384e1c1f73f3d5461b9d538daca42/element - {"using":"xpath","value":"//td[6]/div/div/input[1]"}
RESULT: {}
RESULT: {"using":"xpath","value":"//td[6]/div/div/input[1]"}
COMMAND: POST /session/668384e1c1f73f3d5461b9d538daca42/element/f.F64AD31729AEE402AD374BC91D68D115.d.2F203EF75D82152DD591F50B420993B5.e.18757/clear - {}
RESULT: {}
COMMAND: GET /session/668384e1c1f73f3d5461b9d538daca42/screenshot - {}
RESULT: {}
COMMAND: POST /session/668384e1c1f73f3d5461b9d538daca42/element - {"using":"xpath","value":"//td[6]/div/div/input[1]"}
RESULT: {"using":"xpath","value":"//td[6]/div/div/input[1]"}
COMMAND: POST /session/668384e1c1f73f3d5461b9d538daca42/element/f.F64AD31729AEE402AD374BC91D68D115.d.2F203EF75D82152DD591F50B420993B5.e.18783/click - {}
RESULT: {}
COMMAND: POST /session/668384e1c1f73f3d5461b9d538daca42/actions - {"actions":[{"id":"action86","type":"key","parameters":{},"actions":[{"type":"keyDown","value":"î€ƒ"},{"type":"pause","duration":10},{"type":"keyUp","value":"î€ƒ"}]}]}
COMMAND: GET /session/668384e1c1f73f3d5461b9d538daca42/screenshot - {}
RESULT: {"actions":[{"id":"action86","type":"key","parameters":{},"actions":[{"type":"keyDown","value":"î€ƒ"},{"type":"pause","duration":10},{"type":"keyUp","value":"î€ƒ"}]}]}
COMMAND: POST /session/668384e1c1f73f3d5461b9d538daca42/element - {"using":"xpath","value":"//td[6]/div/div/input[1]"}
COMMAND: GET /session/668384e1c1f73f3d5461b9d538daca42/screenshot - {}
RESULT: {}
RESULT: {"using":"xpath","value":"//td[6]/div/div/input[1]"}
COMMAND: POST /session/668384e1c1f73f3d5461b9d538daca42/element/f.F64AD31729AEE402AD374BC91D68D115.d.2F203EF75D82152DD591F50B420993B5.e.18783/clear - {}
RESULT: {}
RESULT: {}
COMMAND: POST /session/668384e1c1f73f3d5461b9d538daca42/element/f.F64AD31729AEE402AD374BC91D68D115.d.2F203EF75D82152DD591F50B420993B5.e.18783/value - {"text":"Material"}
COMMAND: GET /session/668384e1c1f73f3d5461b9d538daca42/screenshot - {}
RESULT: {"text":"Material"}
COMMAND: GET /session/668384e1c1f73f3d5461b9d538daca42/screenshot - {}
RESULT: {}
RESULT: {}
COMMAND: POST /session/668384e1c1f73f3d5461b9d538daca42/actions - {"actions":[{"id":"action87","type":"key","parameters":{},"actions":[{"type":"keyDown","value":"î€‡"},{"type":"pause","duration":10},{"type":"keyUp","value":"î€‡"}]}]}
RESULT: {"actions":[{"id":"action87","type":"key","parameters":{},"actions":[{"type":"keyDown","value":"î€‡"},{"type":"pause","duration":10},{"type":"keyUp","value":"î€‡"}]}]}
COMMAND: POST /session/668384e1c1f73f3d5461b9d538daca42/element - {"using":"xpath","value":"//td[7]/div/div/input[1]"}
COMMAND: GET /session/668384e1c1f73f3d5461b9d538daca42/screenshot - {}
RESULT: {"using":"xpath","value":"//td[7]/div/div/input[1]"}
COMMAND: POST /session/668384e1c1f73f3d5461b9d538daca42/element/f.F64AD31729AEE402AD374BC91D68D115.d.2F203EF75D82152DD591F50B420993B5.e.18805/clear - {}
RESULT: {}
RESULT: {}
COMMAND: POST /session/668384e1c1f73f3d5461b9d538daca42/element/f.F64AD31729AEE402AD374BC91D68D115.d.2F203EF75D82152DD591F50B420993B5.e.18805/value - {"text":"200133"}
COMMAND: GET /session/668384e1c1f73f3d5461b9d538daca42/screenshot - {}
RESULT: {"text":"200133"}
COMMAND: GET /session/668384e1c1f73f3d5461b9d538daca42/screenshot - {}
RESULT: {}
RESULT: {}
COMMAND: POST /session/668384e1c1f73f3d5461b9d538daca42/actions - {"actions":[{"id":"action88","type":"key","parameters":{},"actions":[{"type":"keyDown","value":"î€‡"},{"type":"pause","duration":10},{"type":"keyUp","value":"î€‡"}]}]}
RESULT: {"actions":[{"id":"action88","type":"key","parameters":{},"actions":[{"type":"keyDown","value":"î€‡"},{"type":"pause","duration":10},{"type":"keyUp","value":"î€‡"}]}]}
COMMAND: POST /session/668384e1c1f73f3d5461b9d538daca42/execute/async - {"script":"<script> [1562 bytes]","args":[{"selector":{"controlType":"sap.m.Button","properties":{"text":"OK"},"searchOpenDialogs":true,"interaction":{"idSuffix":"BDI-content"}},"wdio_ui5_key":"sapm.Button{\"text\":\"OK\"}"}]}
COMMAND: GET /session/668384e1c1f73f3d5461b9d538daca42/screenshot - {}
RESULT: {"script":"<script> [1562 bytes]","args":[{"selector":{"controlType":"sap.m.Button","properties":{"text":"OK"},"searchOpenDialogs":true,"interaction":{"idSuffix":"BDI-content"}},"wdio_ui5_key":"sapm.Button{\"text\":\"OK\"}"}]}
RESULT: undefined
COMMAND: POST /session/668384e1c1f73f3d5461b9d538daca42/element - {"using":"xpath","value":"//*[@id=\"__mbox-btn-1\"]"}
RESULT: {}
RESULT: {"using":"xpath","value":"//*[@id=\"__mbox-btn-1\"]"}
COMMAND: POST /session/668384e1c1f73f3d5461b9d538daca42/element/f.F64AD31729AEE402AD374BC91D68D115.d.2F203EF75D82152DD591F50B420993B5.e.18826/click - {}
RESULT: {}
COMMAND: POST /session/668384e1c1f73f3d5461b9d538daca42/execute/async - {"script":"<script> [1562 bytes]","args":[{"selector":{"id":"saveBtn","viewName":"etm.portal.ui.managecontracts.view.EditContract","interaction":{"idSuffix":"BDI-content"}},"wdio_ui5_key":"saveBtnetmportal.ui.managecontracts.view.EditContract"}]}
COMMAND: GET /session/668384e1c1f73f3d5461b9d538daca42/screenshot - {}
RESULT: {"script":"<script> [1562 bytes]","args":[{"selector":{"id":"saveBtn","viewName":"etm.portal.ui.managecontracts.view.EditContract","interaction":{"idSuffix":"BDI-content"}},"wdio_ui5_key":"saveBtnetmportal.ui.managecontracts.view.EditContract"}]}
RESULT: undefined
COMMAND: POST /session/668384e1c1f73f3d5461b9d538daca42/element - {"using":"xpath","value":"//*[@id=\"__xmlview64--saveBtn\"]"}
RESULT: {}
RESULT: {"using":"xpath","value":"//*[@id=\"__xmlview64--saveBtn\"]"}
COMMAND: POST /session/668384e1c1f73f3d5461b9d538daca42/element/f.F64AD31729AEE402AD374BC91D68D115.d.2F203EF75D82152DD591F50B420993B5.e.18852/click - {}
RESULT: {}
COMMAND: GET /session/668384e1c1f73f3d5461b9d538daca42/screenshot - {}
RESULT: {}
COMMAND: POST /session/668384e1c1f73f3d5461b9d538daca42/execute/async - {"script":"<script> [1562 bytes]","args":[{"selector":{"id":"additionalAddressesTabFilter","viewName":"etm.portal.ui.managecontracts.view.Detail","interaction":{"idSuffix":"text"}},"wdio_ui5_key":"additionalAddressesTabFilteretmportal.ui.managecontracts.view.Detail"}]}
RESULT: {"script":"<script> [1562 bytes]","args":[{"selector":{"id":"additionalAddressesTabFilter","viewName":"etm.portal.ui.managecontracts.view.Detail","interaction":{"idSuffix":"text"}},"wdio_ui5_key":"additionalAddressesTabFilteretmportal.ui.managecontracts.view.Detail"}]}
RESULT: undefined
COMMAND: POST /session/668384e1c1f73f3d5461b9d538daca42/element - {"using":"xpath","value":"//*[@id=\"__xmlview63--additionalAddressesTabFilter\"]"}
RESULT: {"using":"xpath","value":"//*[@id=\"__xmlview63--additionalAddressesTabFilter\"]"}
COMMAND: POST /session/668384e1c1f73f3d5461b9d538daca42/element/f.F64AD31729AEE402AD374BC91D68D115.d.2F203EF75D82152DD591F50B420993B5.e.18856/click - {}
RESULT: {}
COMMAND: POST /session/668384e1c1f73f3d5461b9d538daca42/execute/async - {"script":"<script> [1562 bytes]","args":[{"selector":{"id":"contractDetailProvideButton","viewName":"etm.portal.ui.managecontracts.view.Detail","interaction":{"idSuffix":"BDI-content"}},"wdio_ui5_key":"contractDetailProvideButtonetmportal.ui.managecontracts.view.Detail"}]}
COMMAND: GET /session/668384e1c1f73f3d5461b9d538daca42/screenshot - {}
RESULT: {"script":"<script> [1562 bytes]","args":[{"selector":{"id":"contractDetailProvideButton","viewName":"etm.portal.ui.managecontracts.view.Detail","interaction":{"idSuffix":"BDI-content"}},"wdio_ui5_key":"contractDetailProvideButtonetmportal.ui.managecontracts.view.Detail"}]}
RESULT: undefined
COMMAND: POST /session/668384e1c1f73f3d5461b9d538daca42/element - {"using":"xpath","value":"//*[@id=\"__xmlview63--contractDetailProvideButton\"]"}
RESULT: {}
RESULT: {"using":"xpath","value":"//*[@id=\"__xmlview63--contractDetailProvideButton\"]"}
COMMAND: POST /session/668384e1c1f73f3d5461b9d538daca42/element/f.F64AD31729AEE402AD374BC91D68D115.d.2F203EF75D82152DD591F50B420993B5.e.18861/click - {}
RESULT: {}
COMMAND: GET /session/668384e1c1f73f3d5461b9d538daca42/screenshot - {}
]]></system-out>
    </testcase>
    <testcase classname="chrome.135_0_7049_96.windows.Provide_to_Site_w/_warehouse_management_w_clarification" name="Should Create HandOvers provide to site" time="81.302">
      <system-out><![CDATA[
COMMAND: POST /session/668384e1c1f73f3d5461b9d538daca42/element - {"using":"css selector","value":"#application-managehandovers-display-component---AddNewHO--dueDate-inner"}
RESULT: {}
RESULT: {"using":"css selector","value":"#application-managehandovers-display-component---AddNewHO--dueDate-inner"}
COMMAND: POST /session/668384e1c1f73f3d5461b9d538daca42/element/f.F64AD31729AEE402AD374BC91D68D115.d.2F203EF75D82152DD591F50B420993B5.e.18937/clear - {}
RESULT: {}
COMMAND: POST /session/668384e1c1f73f3d5461b9d538daca42/element/f.F64AD31729AEE402AD374BC91D68D115.d.2F203EF75D82152DD591F50B420993B5.e.18937/value - {"text":"4/27/25"}
COMMAND: GET /session/668384e1c1f73f3d5461b9d538daca42/screenshot - {}
RESULT: {"text":"4/27/25"}
COMMAND: POST /session/668384e1c1f73f3d5461b9d538daca42/element - {"using":"xpath","value":"//bdi[(text() = 'Items' or . = 'Items')]"}
RESULT: {}
COMMAND: GET /session/668384e1c1f73f3d5461b9d538daca42/screenshot - {}
RESULT: {"using":"xpath","value":"//bdi[(text() = 'Items' or . = 'Items')]"}
COMMAND: POST /session/668384e1c1f73f3d5461b9d538daca42/element/f.F64AD31729AEE402AD374BC91D68D115.d.2F203EF75D82152DD591F50B420993B5.e.18997/click - {}
RESULT: {}
RESULT: {}
COMMAND: POST /session/668384e1c1f73f3d5461b9d538daca42/execute/async - {"script":"<script> [1562 bytes]","args":[{"selector":{"controlType":"sap.m.Button","viewName":"etm.portal.ui.managehandovers.view.AddNewHO","viewId":"application-managehandovers-display-component---AddNewHO","i18NText":{"propertyName":"tooltip","key":"addItems"}},"wdio_ui5_key":"etmportal.ui.managehandovers.view.AddNewHOsap.m.Button{\"propertyName\":\"tooltip\",\"key\":\"addItems\"}"}]}
COMMAND: GET /session/668384e1c1f73f3d5461b9d538daca42/screenshot - {}
RESULT: {"script":"<script> [1562 bytes]","args":[{"selector":{"controlType":"sap.m.Button","viewName":"etm.portal.ui.managehandovers.view.AddNewHO","viewId":"application-managehandovers-display-component---AddNewHO","i18NText":{"propertyName":"tooltip","key":"addItems"}},"wdio_ui5_key":"etmportal.ui.managehandovers.view.AddNewHOsap.m.Button{\"propertyName\":\"tooltip\",\"key\":\"addItems\"}"}]}
RESULT: undefined
COMMAND: POST /session/668384e1c1f73f3d5461b9d538daca42/element - {"using":"xpath","value":"//*[@id=\"__button354\"]"}
RESULT: {}
RESULT: {"using":"xpath","value":"//*[@id=\"__button354\"]"}
COMMAND: POST /session/668384e1c1f73f3d5461b9d538daca42/element/f.F64AD31729AEE402AD374BC91D68D115.d.2F203EF75D82152DD591F50B420993B5.e.19023/click - {}
RESULT: {}
COMMAND: GET /session/668384e1c1f73f3d5461b9d538daca42/screenshot - {}
RESULT: {}
COMMAND: POST /session/668384e1c1f73f3d5461b9d538daca42/element - {"using":"css selector","value":"div[id= \"application-managehandovers-display-component---AddNewHO--popup-sa-CbBg\"]"}
RESULT: {"using":"css selector","value":"div[id= \"application-managehandovers-display-component---AddNewHO--popup-sa-CbBg\"]"}
COMMAND: POST /session/668384e1c1f73f3d5461b9d538daca42/element/f.F64AD31729AEE402AD374BC91D68D115.d.2F203EF75D82152DD591F50B420993B5.e.19033/click - {}
RESULT: {}
COMMAND: GET /session/668384e1c1f73f3d5461b9d538daca42/screenshot - {}
RESULT: {}
COMMAND: POST /session/668384e1c1f73f3d5461b9d538daca42/element - {"using":"xpath","value":"//bdi[(text() = 'Select' or . = 'Select')]"}
RESULT: {"using":"xpath","value":"//bdi[(text() = 'Select' or . = 'Select')]"}
COMMAND: POST /session/668384e1c1f73f3d5461b9d538daca42/element/f.F64AD31729AEE402AD374BC91D68D115.d.2F203EF75D82152DD591F50B420993B5.e.19034/click - {}
RESULT: {}
COMMAND: GET /session/668384e1c1f73f3d5461b9d538daca42/screenshot - {}
RESULT: {}
COMMAND: POST /session/668384e1c1f73f3d5461b9d538daca42/element - {"using":"xpath","value":"//bdi[(text() = 'Save' or . = 'Save')]"}
RESULT: {"using":"xpath","value":"//bdi[(text() = 'Save' or . = 'Save')]"}
COMMAND: POST /session/668384e1c1f73f3d5461b9d538daca42/element/f.F64AD31729AEE402AD374BC91D68D115.d.2F203EF75D82152DD591F50B420993B5.e.19042/click - {}
RESULT: {}
COMMAND: GET /session/668384e1c1f73f3d5461b9d538daca42/screenshot - {}
RESULT: {}
COMMAND: POST /session/668384e1c1f73f3d5461b9d538daca42/elements - {"using":"xpath","value":"//*[text()='Close']"}
RESULT: {"using":"xpath","value":"//*[text()='Close']"}
COMMAND: GET /session/668384e1c1f73f3d5461b9d538daca42/element/f.F64AD31729AEE402AD374BC91D68D115.d.2F203EF75D82152DD591F50B420993B5.e.19082/enabled - {}
RESULT: {}
COMMAND: POST /session/668384e1c1f73f3d5461b9d538daca42/execute/sync - {"script":"<script> [8489 bytes]","args":[{"element-6066-11e4-a52e-4f735466cecf":"f.F64AD31729AEE402AD374BC91D68D115.d.2F203EF75D82152DD591F50B420993B5.e.19082","ELEMENT":"f.F64AD31729AEE402AD374BC91D68D115.d.2F203EF75D82152DD591F50B420993B5.e.19082"}]}
COMMAND: GET /session/668384e1c1f73f3d5461b9d538daca42/screenshot - {}
RESULT: {"script":"<script> [8489 bytes]","args":[{"element-6066-11e4-a52e-4f735466cecf":"f.F64AD31729AEE402AD374BC91D68D115.d.2F203EF75D82152DD591F50B420993B5.e.19082","ELEMENT":"f.F64AD31729AEE402AD374BC91D68D115.d.2F203EF75D82152DD591F50B420993B5.e.19082"}]}
COMMAND: GET /session/668384e1c1f73f3d5461b9d538daca42/screenshot - {}
RESULT: {}
COMMAND: POST /session/668384e1c1f73f3d5461b9d538daca42/execute/sync - {"script":"<script> [8489 bytes]","args":[{"element-6066-11e4-a52e-4f735466cecf":"f.F64AD31729AEE402AD374BC91D68D115.d.2F203EF75D82152DD591F50B420993B5.e.19082","ELEMENT":"f.F64AD31729AEE402AD374BC91D68D115.d.2F203EF75D82152DD591F50B420993B5.e.19082"}]}
RESULT: {}
RESULT: {"script":"<script> [8489 bytes]","args":[{"element-6066-11e4-a52e-4f735466cecf":"f.F64AD31729AEE402AD374BC91D68D115.d.2F203EF75D82152DD591F50B420993B5.e.19082","ELEMENT":"f.F64AD31729AEE402AD374BC91D68D115.d.2F203EF75D82152DD591F50B420993B5.e.19082"}]}
COMMAND: GET /session/668384e1c1f73f3d5461b9d538daca42/screenshot - {}
RESULT: {}
COMMAND: POST /session/668384e1c1f73f3d5461b9d538daca42/execute/sync - {"script":"<script> [8489 bytes]","args":[{"element-6066-11e4-a52e-4f735466cecf":"f.F64AD31729AEE402AD374BC91D68D115.d.2F203EF75D82152DD591F50B420993B5.e.19082","ELEMENT":"f.F64AD31729AEE402AD374BC91D68D115.d.2F203EF75D82152DD591F50B420993B5.e.19082"}]}
RESULT: {"script":"<script> [8489 bytes]","args":[{"element-6066-11e4-a52e-4f735466cecf":"f.F64AD31729AEE402AD374BC91D68D115.d.2F203EF75D82152DD591F50B420993B5.e.19082","ELEMENT":"f.F64AD31729AEE402AD374BC91D68D115.d.2F203EF75D82152DD591F50B420993B5.e.19082"}]}
COMMAND: GET /session/668384e1c1f73f3d5461b9d538daca42/screenshot - {}
RESULT: {}
COMMAND: POST /session/668384e1c1f73f3d5461b9d538daca42/execute/sync - {"script":"<script> [8489 bytes]","args":[{"element-6066-11e4-a52e-4f735466cecf":"f.F64AD31729AEE402AD374BC91D68D115.d.2F203EF75D82152DD591F50B420993B5.e.19082","ELEMENT":"f.F64AD31729AEE402AD374BC91D68D115.d.2F203EF75D82152DD591F50B420993B5.e.19082"}]}
RESULT: {"script":"<script> [8489 bytes]","args":[{"element-6066-11e4-a52e-4f735466cecf":"f.F64AD31729AEE402AD374BC91D68D115.d.2F203EF75D82152DD591F50B420993B5.e.19082","ELEMENT":"f.F64AD31729AEE402AD374BC91D68D115.d.2F203EF75D82152DD591F50B420993B5.e.19082"}]}
COMMAND: GET /session/668384e1c1f73f3d5461b9d538daca42/screenshot - {}
RESULT: {}
COMMAND: POST /session/668384e1c1f73f3d5461b9d538daca42/execute/sync - {"script":"<script> [8489 bytes]","args":[{"element-6066-11e4-a52e-4f735466cecf":"f.F64AD31729AEE402AD374BC91D68D115.d.2F203EF75D82152DD591F50B420993B5.e.19082","ELEMENT":"f.F64AD31729AEE402AD374BC91D68D115.d.2F203EF75D82152DD591F50B420993B5.e.19082"}]}
RESULT: {"script":"<script> [8489 bytes]","args":[{"element-6066-11e4-a52e-4f735466cecf":"f.F64AD31729AEE402AD374BC91D68D115.d.2F203EF75D82152DD591F50B420993B5.e.19082","ELEMENT":"f.F64AD31729AEE402AD374BC91D68D115.d.2F203EF75D82152DD591F50B420993B5.e.19082"}]}
COMMAND: GET /session/668384e1c1f73f3d5461b9d538daca42/screenshot - {}
COMMAND: POST /session/668384e1c1f73f3d5461b9d538daca42/execute/sync - {"script":"<script> [8489 bytes]","args":[{"element-6066-11e4-a52e-4f735466cecf":"f.F64AD31729AEE402AD374BC91D68D115.d.2F203EF75D82152DD591F50B420993B5.e.19082","ELEMENT":"f.F64AD31729AEE402AD374BC91D68D115.d.2F203EF75D82152DD591F50B420993B5.e.19082"}]}
RESULT: {}
RESULT: {"script":"<script> [8489 bytes]","args":[{"element-6066-11e4-a52e-4f735466cecf":"f.F64AD31729AEE402AD374BC91D68D115.d.2F203EF75D82152DD591F50B420993B5.e.19082","ELEMENT":"f.F64AD31729AEE402AD374BC91D68D115.d.2F203EF75D82152DD591F50B420993B5.e.19082"}]}
COMMAND: POST /session/668384e1c1f73f3d5461b9d538daca42/execute/sync - {"script":"<script> [8489 bytes]","args":[{"element-6066-11e4-a52e-4f735466cecf":"f.F64AD31729AEE402AD374BC91D68D115.d.2F203EF75D82152DD591F50B420993B5.e.19082","ELEMENT":"f.F64AD31729AEE402AD374BC91D68D115.d.2F203EF75D82152DD591F50B420993B5.e.19082"}]}
COMMAND: GET /session/668384e1c1f73f3d5461b9d538daca42/screenshot - {}
RESULT: {"script":"<script> [8489 bytes]","args":[{"element-6066-11e4-a52e-4f735466cecf":"f.F64AD31729AEE402AD374BC91D68D115.d.2F203EF75D82152DD591F50B420993B5.e.19082","ELEMENT":"f.F64AD31729AEE402AD374BC91D68D115.d.2F203EF75D82152DD591F50B420993B5.e.19082"}]}
COMMAND: GET /session/668384e1c1f73f3d5461b9d538daca42/screenshot - {}
COMMAND: POST /session/668384e1c1f73f3d5461b9d538daca42/execute/sync - {"script":"<script> [8489 bytes]","args":[{"element-6066-11e4-a52e-4f735466cecf":"f.F64AD31729AEE402AD374BC91D68D115.d.2F203EF75D82152DD591F50B420993B5.e.19082","ELEMENT":"f.F64AD31729AEE402AD374BC91D68D115.d.2F203EF75D82152DD591F50B420993B5.e.19082"}]}
RESULT: {}
RESULT: {}
RESULT: {"script":"<script> [8489 bytes]","args":[{"element-6066-11e4-a52e-4f735466cecf":"f.F64AD31729AEE402AD374BC91D68D115.d.2F203EF75D82152DD591F50B420993B5.e.19082","ELEMENT":"f.F64AD31729AEE402AD374BC91D68D115.d.2F203EF75D82152DD591F50B420993B5.e.19082"}]}
COMMAND: GET /session/668384e1c1f73f3d5461b9d538daca42/screenshot - {}
COMMAND: POST /session/668384e1c1f73f3d5461b9d538daca42/execute/sync - {"script":"<script> [8489 bytes]","args":[{"element-6066-11e4-a52e-4f735466cecf":"f.F64AD31729AEE402AD374BC91D68D115.d.2F203EF75D82152DD591F50B420993B5.e.19082","ELEMENT":"f.F64AD31729AEE402AD374BC91D68D115.d.2F203EF75D82152DD591F50B420993B5.e.19082"}]}
RESULT: {}
RESULT: {"script":"<script> [8489 bytes]","args":[{"element-6066-11e4-a52e-4f735466cecf":"f.F64AD31729AEE402AD374BC91D68D115.d.2F203EF75D82152DD591F50B420993B5.e.19082","ELEMENT":"f.F64AD31729AEE402AD374BC91D68D115.d.2F203EF75D82152DD591F50B420993B5.e.19082"}]}
COMMAND: GET /session/668384e1c1f73f3d5461b9d538daca42/screenshot - {}
COMMAND: POST /session/668384e1c1f73f3d5461b9d538daca42/execute/sync - {"script":"<script> [8489 bytes]","args":[{"element-6066-11e4-a52e-4f735466cecf":"f.F64AD31729AEE402AD374BC91D68D115.d.2F203EF75D82152DD591F50B420993B5.e.19082","ELEMENT":"f.F64AD31729AEE402AD374BC91D68D115.d.2F203EF75D82152DD591F50B420993B5.e.19082"}]}
RESULT: {}
RESULT: {"script":"<script> [8489 bytes]","args":[{"element-6066-11e4-a52e-4f735466cecf":"f.F64AD31729AEE402AD374BC91D68D115.d.2F203EF75D82152DD591F50B420993B5.e.19082","ELEMENT":"f.F64AD31729AEE402AD374BC91D68D115.d.2F203EF75D82152DD591F50B420993B5.e.19082"}]}
COMMAND: GET /session/668384e1c1f73f3d5461b9d538daca42/screenshot - {}
RESULT: {}
COMMAND: POST /session/668384e1c1f73f3d5461b9d538daca42/execute/sync - {"script":"<script> [8489 bytes]","args":[{"element-6066-11e4-a52e-4f735466cecf":"f.F64AD31729AEE402AD374BC91D68D115.d.2F203EF75D82152DD591F50B420993B5.e.19082","ELEMENT":"f.F64AD31729AEE402AD374BC91D68D115.d.2F203EF75D82152DD591F50B420993B5.e.19082"}]}
RESULT: {"script":"<script> [8489 bytes]","args":[{"element-6066-11e4-a52e-4f735466cecf":"f.F64AD31729AEE402AD374BC91D68D115.d.2F203EF75D82152DD591F50B420993B5.e.19082","ELEMENT":"f.F64AD31729AEE402AD374BC91D68D115.d.2F203EF75D82152DD591F50B420993B5.e.19082"}]}
COMMAND: GET /session/668384e1c1f73f3d5461b9d538daca42/screenshot - {}
RESULT: {}
COMMAND: POST /session/668384e1c1f73f3d5461b9d538daca42/execute/sync - {"script":"<script> [8489 bytes]","args":[{"element-6066-11e4-a52e-4f735466cecf":"f.F64AD31729AEE402AD374BC91D68D115.d.2F203EF75D82152DD591F50B420993B5.e.19082","ELEMENT":"f.F64AD31729AEE402AD374BC91D68D115.d.2F203EF75D82152DD591F50B420993B5.e.19082"}]}
RESULT: {"script":"<script> [8489 bytes]","args":[{"element-6066-11e4-a52e-4f735466cecf":"f.F64AD31729AEE402AD374BC91D68D115.d.2F203EF75D82152DD591F50B420993B5.e.19082","ELEMENT":"f.F64AD31729AEE402AD374BC91D68D115.d.2F203EF75D82152DD591F50B420993B5.e.19082"}]}
COMMAND: GET /session/668384e1c1f73f3d5461b9d538daca42/screenshot - {}
RESULT: {}
COMMAND: POST /session/668384e1c1f73f3d5461b9d538daca42/execute/sync - {"script":"<script> [8489 bytes]","args":[{"element-6066-11e4-a52e-4f735466cecf":"f.F64AD31729AEE402AD374BC91D68D115.d.2F203EF75D82152DD591F50B420993B5.e.19082","ELEMENT":"f.F64AD31729AEE402AD374BC91D68D115.d.2F203EF75D82152DD591F50B420993B5.e.19082"}]}
RESULT: {"script":"<script> [8489 bytes]","args":[{"element-6066-11e4-a52e-4f735466cecf":"f.F64AD31729AEE402AD374BC91D68D115.d.2F203EF75D82152DD591F50B420993B5.e.19082","ELEMENT":"f.F64AD31729AEE402AD374BC91D68D115.d.2F203EF75D82152DD591F50B420993B5.e.19082"}]}
COMMAND: GET /session/668384e1c1f73f3d5461b9d538daca42/screenshot - {}
RESULT: {}
COMMAND: POST /session/668384e1c1f73f3d5461b9d538daca42/execute/sync - {"script":"<script> [8489 bytes]","args":[{"element-6066-11e4-a52e-4f735466cecf":"f.F64AD31729AEE402AD374BC91D68D115.d.2F203EF75D82152DD591F50B420993B5.e.19082","ELEMENT":"f.F64AD31729AEE402AD374BC91D68D115.d.2F203EF75D82152DD591F50B420993B5.e.19082"}]}
RESULT: {"script":"<script> [8489 bytes]","args":[{"element-6066-11e4-a52e-4f735466cecf":"f.F64AD31729AEE402AD374BC91D68D115.d.2F203EF75D82152DD591F50B420993B5.e.19082","ELEMENT":"f.F64AD31729AEE402AD374BC91D68D115.d.2F203EF75D82152DD591F50B420993B5.e.19082"}]}
COMMAND: GET /session/668384e1c1f73f3d5461b9d538daca42/screenshot - {}
RESULT: {}
COMMAND: POST /session/668384e1c1f73f3d5461b9d538daca42/execute/sync - {"script":"<script> [8489 bytes]","args":[{"element-6066-11e4-a52e-4f735466cecf":"f.F64AD31729AEE402AD374BC91D68D115.d.2F203EF75D82152DD591F50B420993B5.e.19082","ELEMENT":"f.F64AD31729AEE402AD374BC91D68D115.d.2F203EF75D82152DD591F50B420993B5.e.19082"}]}
RESULT: {"script":"<script> [8489 bytes]","args":[{"element-6066-11e4-a52e-4f735466cecf":"f.F64AD31729AEE402AD374BC91D68D115.d.2F203EF75D82152DD591F50B420993B5.e.19082","ELEMENT":"f.F64AD31729AEE402AD374BC91D68D115.d.2F203EF75D82152DD591F50B420993B5.e.19082"}]}
COMMAND: GET /session/668384e1c1f73f3d5461b9d538daca42/screenshot - {}
RESULT: {}
COMMAND: POST /session/668384e1c1f73f3d5461b9d538daca42/execute/sync - {"script":"<script> [8489 bytes]","args":[{"element-6066-11e4-a52e-4f735466cecf":"f.F64AD31729AEE402AD374BC91D68D115.d.2F203EF75D82152DD591F50B420993B5.e.19082","ELEMENT":"f.F64AD31729AEE402AD374BC91D68D115.d.2F203EF75D82152DD591F50B420993B5.e.19082"}]}
RESULT: {"script":"<script> [8489 bytes]","args":[{"element-6066-11e4-a52e-4f735466cecf":"f.F64AD31729AEE402AD374BC91D68D115.d.2F203EF75D82152DD591F50B420993B5.e.19082","ELEMENT":"f.F64AD31729AEE402AD374BC91D68D115.d.2F203EF75D82152DD591F50B420993B5.e.19082"}]}
COMMAND: GET /session/668384e1c1f73f3d5461b9d538daca42/screenshot - {}
RESULT: {}
COMMAND: POST /session/668384e1c1f73f3d5461b9d538daca42/execute/sync - {"script":"<script> [8489 bytes]","args":[{"element-6066-11e4-a52e-4f735466cecf":"f.F64AD31729AEE402AD374BC91D68D115.d.2F203EF75D82152DD591F50B420993B5.e.19082","ELEMENT":"f.F64AD31729AEE402AD374BC91D68D115.d.2F203EF75D82152DD591F50B420993B5.e.19082"}]}
RESULT: {"script":"<script> [8489 bytes]","args":[{"element-6066-11e4-a52e-4f735466cecf":"f.F64AD31729AEE402AD374BC91D68D115.d.2F203EF75D82152DD591F50B420993B5.e.19082","ELEMENT":"f.F64AD31729AEE402AD374BC91D68D115.d.2F203EF75D82152DD591F50B420993B5.e.19082"}]}
COMMAND: GET /session/668384e1c1f73f3d5461b9d538daca42/screenshot - {}
RESULT: {}
COMMAND: POST /session/668384e1c1f73f3d5461b9d538daca42/execute/sync - {"script":"<script> [8489 bytes]","args":[{"element-6066-11e4-a52e-4f735466cecf":"f.F64AD31729AEE402AD374BC91D68D115.d.2F203EF75D82152DD591F50B420993B5.e.19082","ELEMENT":"f.F64AD31729AEE402AD374BC91D68D115.d.2F203EF75D82152DD591F50B420993B5.e.19082"}]}
RESULT: {"script":"<script> [8489 bytes]","args":[{"element-6066-11e4-a52e-4f735466cecf":"f.F64AD31729AEE402AD374BC91D68D115.d.2F203EF75D82152DD591F50B420993B5.e.19082","ELEMENT":"f.F64AD31729AEE402AD374BC91D68D115.d.2F203EF75D82152DD591F50B420993B5.e.19082"}]}
COMMAND: GET /session/668384e1c1f73f3d5461b9d538daca42/screenshot - {}
RESULT: {}
COMMAND: POST /session/668384e1c1f73f3d5461b9d538daca42/execute/sync - {"script":"<script> [8489 bytes]","args":[{"element-6066-11e4-a52e-4f735466cecf":"f.F64AD31729AEE402AD374BC91D68D115.d.2F203EF75D82152DD591F50B420993B5.e.19082","ELEMENT":"f.F64AD31729AEE402AD374BC91D68D115.d.2F203EF75D82152DD591F50B420993B5.e.19082"}]}
RESULT: {"script":"<script> [8489 bytes]","args":[{"element-6066-11e4-a52e-4f735466cecf":"f.F64AD31729AEE402AD374BC91D68D115.d.2F203EF75D82152DD591F50B420993B5.e.19082","ELEMENT":"f.F64AD31729AEE402AD374BC91D68D115.d.2F203EF75D82152DD591F50B420993B5.e.19082"}]}
COMMAND: GET /session/668384e1c1f73f3d5461b9d538daca42/screenshot - {}
RESULT: {}
COMMAND: POST /session/668384e1c1f73f3d5461b9d538daca42/execute/sync - {"script":"<script> [8489 bytes]","args":[{"element-6066-11e4-a52e-4f735466cecf":"f.F64AD31729AEE402AD374BC91D68D115.d.2F203EF75D82152DD591F50B420993B5.e.19082","ELEMENT":"f.F64AD31729AEE402AD374BC91D68D115.d.2F203EF75D82152DD591F50B420993B5.e.19082"}]}
RESULT: {"script":"<script> [8489 bytes]","args":[{"element-6066-11e4-a52e-4f735466cecf":"f.F64AD31729AEE402AD374BC91D68D115.d.2F203EF75D82152DD591F50B420993B5.e.19082","ELEMENT":"f.F64AD31729AEE402AD374BC91D68D115.d.2F203EF75D82152DD591F50B420993B5.e.19082"}]}
COMMAND: GET /session/668384e1c1f73f3d5461b9d538daca42/screenshot - {}
RESULT: {}
COMMAND: POST /session/668384e1c1f73f3d5461b9d538daca42/execute/sync - {"script":"<script> [8489 bytes]","args":[{"element-6066-11e4-a52e-4f735466cecf":"f.F64AD31729AEE402AD374BC91D68D115.d.2F203EF75D82152DD591F50B420993B5.e.19082","ELEMENT":"f.F64AD31729AEE402AD374BC91D68D115.d.2F203EF75D82152DD591F50B420993B5.e.19082"}]}
RESULT: {"script":"<script> [8489 bytes]","args":[{"element-6066-11e4-a52e-4f735466cecf":"f.F64AD31729AEE402AD374BC91D68D115.d.2F203EF75D82152DD591F50B420993B5.e.19082","ELEMENT":"f.F64AD31729AEE402AD374BC91D68D115.d.2F203EF75D82152DD591F50B420993B5.e.19082"}]}
COMMAND: GET /session/668384e1c1f73f3d5461b9d538daca42/screenshot - {}
RESULT: {}
COMMAND: POST /session/668384e1c1f73f3d5461b9d538daca42/execute/sync - {"script":"<script> [8489 bytes]","args":[{"element-6066-11e4-a52e-4f735466cecf":"f.F64AD31729AEE402AD374BC91D68D115.d.2F203EF75D82152DD591F50B420993B5.e.19082","ELEMENT":"f.F64AD31729AEE402AD374BC91D68D115.d.2F203EF75D82152DD591F50B420993B5.e.19082"}]}
RESULT: {"script":"<script> [8489 bytes]","args":[{"element-6066-11e4-a52e-4f735466cecf":"f.F64AD31729AEE402AD374BC91D68D115.d.2F203EF75D82152DD591F50B420993B5.e.19082","ELEMENT":"f.F64AD31729AEE402AD374BC91D68D115.d.2F203EF75D82152DD591F50B420993B5.e.19082"}]}
COMMAND: GET /session/668384e1c1f73f3d5461b9d538daca42/screenshot - {}
RESULT: {}
COMMAND: POST /session/668384e1c1f73f3d5461b9d538daca42/execute/sync - {"script":"<script> [8489 bytes]","args":[{"element-6066-11e4-a52e-4f735466cecf":"f.F64AD31729AEE402AD374BC91D68D115.d.2F203EF75D82152DD591F50B420993B5.e.19082","ELEMENT":"f.F64AD31729AEE402AD374BC91D68D115.d.2F203EF75D82152DD591F50B420993B5.e.19082"}]}
RESULT: {"script":"<script> [8489 bytes]","args":[{"element-6066-11e4-a52e-4f735466cecf":"f.F64AD31729AEE402AD374BC91D68D115.d.2F203EF75D82152DD591F50B420993B5.e.19082","ELEMENT":"f.F64AD31729AEE402AD374BC91D68D115.d.2F203EF75D82152DD591F50B420993B5.e.19082"}]}
COMMAND: GET /session/668384e1c1f73f3d5461b9d538daca42/screenshot - {}
RESULT: {}
COMMAND: POST /session/668384e1c1f73f3d5461b9d538daca42/execute/sync - {"script":"<script> [8489 bytes]","args":[{"element-6066-11e4-a52e-4f735466cecf":"f.F64AD31729AEE402AD374BC91D68D115.d.2F203EF75D82152DD591F50B420993B5.e.19082","ELEMENT":"f.F64AD31729AEE402AD374BC91D68D115.d.2F203EF75D82152DD591F50B420993B5.e.19082"}]}
RESULT: {"script":"<script> [8489 bytes]","args":[{"element-6066-11e4-a52e-4f735466cecf":"f.F64AD31729AEE402AD374BC91D68D115.d.2F203EF75D82152DD591F50B420993B5.e.19082","ELEMENT":"f.F64AD31729AEE402AD374BC91D68D115.d.2F203EF75D82152DD591F50B420993B5.e.19082"}]}
COMMAND: GET /session/668384e1c1f73f3d5461b9d538daca42/screenshot - {}
RESULT: {}
COMMAND: POST /session/668384e1c1f73f3d5461b9d538daca42/execute/sync - {"script":"<script> [8489 bytes]","args":[{"element-6066-11e4-a52e-4f735466cecf":"f.F64AD31729AEE402AD374BC91D68D115.d.2F203EF75D82152DD591F50B420993B5.e.19082","ELEMENT":"f.F64AD31729AEE402AD374BC91D68D115.d.2F203EF75D82152DD591F50B420993B5.e.19082"}]}
RESULT: {"script":"<script> [8489 bytes]","args":[{"element-6066-11e4-a52e-4f735466cecf":"f.F64AD31729AEE402AD374BC91D68D115.d.2F203EF75D82152DD591F50B420993B5.e.19082","ELEMENT":"f.F64AD31729AEE402AD374BC91D68D115.d.2F203EF75D82152DD591F50B420993B5.e.19082"}]}
COMMAND: GET /session/668384e1c1f73f3d5461b9d538daca42/screenshot - {}
RESULT: {}
COMMAND: POST /session/668384e1c1f73f3d5461b9d538daca42/execute/sync - {"script":"<script> [8489 bytes]","args":[{"element-6066-11e4-a52e-4f735466cecf":"f.F64AD31729AEE402AD374BC91D68D115.d.2F203EF75D82152DD591F50B420993B5.e.19082","ELEMENT":"f.F64AD31729AEE402AD374BC91D68D115.d.2F203EF75D82152DD591F50B420993B5.e.19082"}]}
RESULT: {"script":"<script> [8489 bytes]","args":[{"element-6066-11e4-a52e-4f735466cecf":"f.F64AD31729AEE402AD374BC91D68D115.d.2F203EF75D82152DD591F50B420993B5.e.19082","ELEMENT":"f.F64AD31729AEE402AD374BC91D68D115.d.2F203EF75D82152DD591F50B420993B5.e.19082"}]}
COMMAND: GET /session/668384e1c1f73f3d5461b9d538daca42/screenshot - {}
RESULT: {}
COMMAND: POST /session/668384e1c1f73f3d5461b9d538daca42/execute/sync - {"script":"<script> [8489 bytes]","args":[{"element-6066-11e4-a52e-4f735466cecf":"f.F64AD31729AEE402AD374BC91D68D115.d.2F203EF75D82152DD591F50B420993B5.e.19082","ELEMENT":"f.F64AD31729AEE402AD374BC91D68D115.d.2F203EF75D82152DD591F50B420993B5.e.19082"}]}
RESULT: {"script":"<script> [8489 bytes]","args":[{"element-6066-11e4-a52e-4f735466cecf":"f.F64AD31729AEE402AD374BC91D68D115.d.2F203EF75D82152DD591F50B420993B5.e.19082","ELEMENT":"f.F64AD31729AEE402AD374BC91D68D115.d.2F203EF75D82152DD591F50B420993B5.e.19082"}]}
COMMAND: GET /session/668384e1c1f73f3d5461b9d538daca42/screenshot - {}
RESULT: {}
COMMAND: POST /session/668384e1c1f73f3d5461b9d538daca42/execute/sync - {"script":"<script> [8489 bytes]","args":[{"element-6066-11e4-a52e-4f735466cecf":"f.F64AD31729AEE402AD374BC91D68D115.d.2F203EF75D82152DD591F50B420993B5.e.19082","ELEMENT":"f.F64AD31729AEE402AD374BC91D68D115.d.2F203EF75D82152DD591F50B420993B5.e.19082"}]}
RESULT: {"script":"<script> [8489 bytes]","args":[{"element-6066-11e4-a52e-4f735466cecf":"f.F64AD31729AEE402AD374BC91D68D115.d.2F203EF75D82152DD591F50B420993B5.e.19082","ELEMENT":"f.F64AD31729AEE402AD374BC91D68D115.d.2F203EF75D82152DD591F50B420993B5.e.19082"}]}
COMMAND: GET /session/668384e1c1f73f3d5461b9d538daca42/screenshot - {}
RESULT: {}
COMMAND: POST /session/668384e1c1f73f3d5461b9d538daca42/execute/sync - {"script":"<script> [8489 bytes]","args":[{"element-6066-11e4-a52e-4f735466cecf":"f.F64AD31729AEE402AD374BC91D68D115.d.2F203EF75D82152DD591F50B420993B5.e.19082","ELEMENT":"f.F64AD31729AEE402AD374BC91D68D115.d.2F203EF75D82152DD591F50B420993B5.e.19082"}]}
RESULT: {"script":"<script> [8489 bytes]","args":[{"element-6066-11e4-a52e-4f735466cecf":"f.F64AD31729AEE402AD374BC91D68D115.d.2F203EF75D82152DD591F50B420993B5.e.19082","ELEMENT":"f.F64AD31729AEE402AD374BC91D68D115.d.2F203EF75D82152DD591F50B420993B5.e.19082"}]}
COMMAND: GET /session/668384e1c1f73f3d5461b9d538daca42/screenshot - {}
RESULT: {}
COMMAND: POST /session/668384e1c1f73f3d5461b9d538daca42/execute/sync - {"script":"<script> [8489 bytes]","args":[{"element-6066-11e4-a52e-4f735466cecf":"f.F64AD31729AEE402AD374BC91D68D115.d.2F203EF75D82152DD591F50B420993B5.e.19082","ELEMENT":"f.F64AD31729AEE402AD374BC91D68D115.d.2F203EF75D82152DD591F50B420993B5.e.19082"}]}
RESULT: {"script":"<script> [8489 bytes]","args":[{"element-6066-11e4-a52e-4f735466cecf":"f.F64AD31729AEE402AD374BC91D68D115.d.2F203EF75D82152DD591F50B420993B5.e.19082","ELEMENT":"f.F64AD31729AEE402AD374BC91D68D115.d.2F203EF75D82152DD591F50B420993B5.e.19082"}]}
COMMAND: GET /session/668384e1c1f73f3d5461b9d538daca42/screenshot - {}
RESULT: {}
COMMAND: POST /session/668384e1c1f73f3d5461b9d538daca42/execute/sync - {"script":"<script> [8489 bytes]","args":[{"element-6066-11e4-a52e-4f735466cecf":"f.F64AD31729AEE402AD374BC91D68D115.d.2F203EF75D82152DD591F50B420993B5.e.19082","ELEMENT":"f.F64AD31729AEE402AD374BC91D68D115.d.2F203EF75D82152DD591F50B420993B5.e.19082"}]}
RESULT: {"script":"<script> [8489 bytes]","args":[{"element-6066-11e4-a52e-4f735466cecf":"f.F64AD31729AEE402AD374BC91D68D115.d.2F203EF75D82152DD591F50B420993B5.e.19082","ELEMENT":"f.F64AD31729AEE402AD374BC91D68D115.d.2F203EF75D82152DD591F50B420993B5.e.19082"}]}
COMMAND: GET /session/668384e1c1f73f3d5461b9d538daca42/screenshot - {}
RESULT: {}
COMMAND: POST /session/668384e1c1f73f3d5461b9d538daca42/execute/sync - {"script":"<script> [8489 bytes]","args":[{"element-6066-11e4-a52e-4f735466cecf":"f.F64AD31729AEE402AD374BC91D68D115.d.2F203EF75D82152DD591F50B420993B5.e.19082","ELEMENT":"f.F64AD31729AEE402AD374BC91D68D115.d.2F203EF75D82152DD591F50B420993B5.e.19082"}]}
RESULT: {"script":"<script> [8489 bytes]","args":[{"element-6066-11e4-a52e-4f735466cecf":"f.F64AD31729AEE402AD374BC91D68D115.d.2F203EF75D82152DD591F50B420993B5.e.19082","ELEMENT":"f.F64AD31729AEE402AD374BC91D68D115.d.2F203EF75D82152DD591F50B420993B5.e.19082"}]}
COMMAND: GET /session/668384e1c1f73f3d5461b9d538daca42/screenshot - {}
RESULT: {}
COMMAND: POST /session/668384e1c1f73f3d5461b9d538daca42/execute/sync - {"script":"<script> [8489 bytes]","args":[{"element-6066-11e4-a52e-4f735466cecf":"f.F64AD31729AEE402AD374BC91D68D115.d.2F203EF75D82152DD591F50B420993B5.e.19082","ELEMENT":"f.F64AD31729AEE402AD374BC91D68D115.d.2F203EF75D82152DD591F50B420993B5.e.19082"}]}
RESULT: {"script":"<script> [8489 bytes]","args":[{"element-6066-11e4-a52e-4f735466cecf":"f.F64AD31729AEE402AD374BC91D68D115.d.2F203EF75D82152DD591F50B420993B5.e.19082","ELEMENT":"f.F64AD31729AEE402AD374BC91D68D115.d.2F203EF75D82152DD591F50B420993B5.e.19082"}]}
COMMAND: GET /session/668384e1c1f73f3d5461b9d538daca42/screenshot - {}
RESULT: {}
COMMAND: POST /session/668384e1c1f73f3d5461b9d538daca42/execute/sync - {"script":"<script> [8489 bytes]","args":[{"element-6066-11e4-a52e-4f735466cecf":"f.F64AD31729AEE402AD374BC91D68D115.d.2F203EF75D82152DD591F50B420993B5.e.19082","ELEMENT":"f.F64AD31729AEE402AD374BC91D68D115.d.2F203EF75D82152DD591F50B420993B5.e.19082"}]}
RESULT: {"script":"<script> [8489 bytes]","args":[{"element-6066-11e4-a52e-4f735466cecf":"f.F64AD31729AEE402AD374BC91D68D115.d.2F203EF75D82152DD591F50B420993B5.e.19082","ELEMENT":"f.F64AD31729AEE402AD374BC91D68D115.d.2F203EF75D82152DD591F50B420993B5.e.19082"}]}
COMMAND: GET /session/668384e1c1f73f3d5461b9d538daca42/screenshot - {}
RESULT: {}
COMMAND: POST /session/668384e1c1f73f3d5461b9d538daca42/execute/sync - {"script":"<script> [8489 bytes]","args":[{"element-6066-11e4-a52e-4f735466cecf":"f.F64AD31729AEE402AD374BC91D68D115.d.2F203EF75D82152DD591F50B420993B5.e.19082","ELEMENT":"f.F64AD31729AEE402AD374BC91D68D115.d.2F203EF75D82152DD591F50B420993B5.e.19082"}]}
RESULT: {"script":"<script> [8489 bytes]","args":[{"element-6066-11e4-a52e-4f735466cecf":"f.F64AD31729AEE402AD374BC91D68D115.d.2F203EF75D82152DD591F50B420993B5.e.19082","ELEMENT":"f.F64AD31729AEE402AD374BC91D68D115.d.2F203EF75D82152DD591F50B420993B5.e.19082"}]}
COMMAND: GET /session/668384e1c1f73f3d5461b9d538daca42/screenshot - {}
RESULT: {}
COMMAND: POST /session/668384e1c1f73f3d5461b9d538daca42/execute/sync - {"script":"<script> [8489 bytes]","args":[{"element-6066-11e4-a52e-4f735466cecf":"f.F64AD31729AEE402AD374BC91D68D115.d.2F203EF75D82152DD591F50B420993B5.e.19082","ELEMENT":"f.F64AD31729AEE402AD374BC91D68D115.d.2F203EF75D82152DD591F50B420993B5.e.19082"}]}
RESULT: {"script":"<script> [8489 bytes]","args":[{"element-6066-11e4-a52e-4f735466cecf":"f.F64AD31729AEE402AD374BC91D68D115.d.2F203EF75D82152DD591F50B420993B5.e.19082","ELEMENT":"f.F64AD31729AEE402AD374BC91D68D115.d.2F203EF75D82152DD591F50B420993B5.e.19082"}]}
COMMAND: GET /session/668384e1c1f73f3d5461b9d538daca42/screenshot - {}
COMMAND: POST /session/668384e1c1f73f3d5461b9d538daca42/execute/sync - {"script":"<script> [8489 bytes]","args":[{"element-6066-11e4-a52e-4f735466cecf":"f.F64AD31729AEE402AD374BC91D68D115.d.2F203EF75D82152DD591F50B420993B5.e.19082","ELEMENT":"f.F64AD31729AEE402AD374BC91D68D115.d.2F203EF75D82152DD591F50B420993B5.e.19082"}]}
RESULT: {}
RESULT: {"script":"<script> [8489 bytes]","args":[{"element-6066-11e4-a52e-4f735466cecf":"f.F64AD31729AEE402AD374BC91D68D115.d.2F203EF75D82152DD591F50B420993B5.e.19082","ELEMENT":"f.F64AD31729AEE402AD374BC91D68D115.d.2F203EF75D82152DD591F50B420993B5.e.19082"}]}
COMMAND: GET /session/668384e1c1f73f3d5461b9d538daca42/screenshot - {}
RESULT: {}
COMMAND: POST /session/668384e1c1f73f3d5461b9d538daca42/execute/sync - {"script":"<script> [8489 bytes]","args":[{"element-6066-11e4-a52e-4f735466cecf":"f.F64AD31729AEE402AD374BC91D68D115.d.2F203EF75D82152DD591F50B420993B5.e.19082","ELEMENT":"f.F64AD31729AEE402AD374BC91D68D115.d.2F203EF75D82152DD591F50B420993B5.e.19082"}]}
RESULT: {"script":"<script> [8489 bytes]","args":[{"element-6066-11e4-a52e-4f735466cecf":"f.F64AD31729AEE402AD374BC91D68D115.d.2F203EF75D82152DD591F50B420993B5.e.19082","ELEMENT":"f.F64AD31729AEE402AD374BC91D68D115.d.2F203EF75D82152DD591F50B420993B5.e.19082"}]}
COMMAND: GET /session/668384e1c1f73f3d5461b9d538daca42/screenshot - {}
RESULT: {}
COMMAND: POST /session/668384e1c1f73f3d5461b9d538daca42/execute/sync - {"script":"<script> [8489 bytes]","args":[{"element-6066-11e4-a52e-4f735466cecf":"f.F64AD31729AEE402AD374BC91D68D115.d.2F203EF75D82152DD591F50B420993B5.e.19082","ELEMENT":"f.F64AD31729AEE402AD374BC91D68D115.d.2F203EF75D82152DD591F50B420993B5.e.19082"}]}
RESULT: {"script":"<script> [8489 bytes]","args":[{"element-6066-11e4-a52e-4f735466cecf":"f.F64AD31729AEE402AD374BC91D68D115.d.2F203EF75D82152DD591F50B420993B5.e.19082","ELEMENT":"f.F64AD31729AEE402AD374BC91D68D115.d.2F203EF75D82152DD591F50B420993B5.e.19082"}]}
COMMAND: GET /session/668384e1c1f73f3d5461b9d538daca42/screenshot - {}
RESULT: {}
COMMAND: POST /session/668384e1c1f73f3d5461b9d538daca42/execute/sync - {"script":"<script> [8489 bytes]","args":[{"element-6066-11e4-a52e-4f735466cecf":"f.F64AD31729AEE402AD374BC91D68D115.d.2F203EF75D82152DD591F50B420993B5.e.19082","ELEMENT":"f.F64AD31729AEE402AD374BC91D68D115.d.2F203EF75D82152DD591F50B420993B5.e.19082"}]}
RESULT: {"script":"<script> [8489 bytes]","args":[{"element-6066-11e4-a52e-4f735466cecf":"f.F64AD31729AEE402AD374BC91D68D115.d.2F203EF75D82152DD591F50B420993B5.e.19082","ELEMENT":"f.F64AD31729AEE402AD374BC91D68D115.d.2F203EF75D82152DD591F50B420993B5.e.19082"}]}
COMMAND: GET /session/668384e1c1f73f3d5461b9d538daca42/screenshot - {}
RESULT: {}
COMMAND: POST /session/668384e1c1f73f3d5461b9d538daca42/execute/sync - {"script":"<script> [8489 bytes]","args":[{"element-6066-11e4-a52e-4f735466cecf":"f.F64AD31729AEE402AD374BC91D68D115.d.2F203EF75D82152DD591F50B420993B5.e.19082","ELEMENT":"f.F64AD31729AEE402AD374BC91D68D115.d.2F203EF75D82152DD591F50B420993B5.e.19082"}]}
RESULT: {"script":"<script> [8489 bytes]","args":[{"element-6066-11e4-a52e-4f735466cecf":"f.F64AD31729AEE402AD374BC91D68D115.d.2F203EF75D82152DD591F50B420993B5.e.19082","ELEMENT":"f.F64AD31729AEE402AD374BC91D68D115.d.2F203EF75D82152DD591F50B420993B5.e.19082"}]}
COMMAND: GET /session/668384e1c1f73f3d5461b9d538daca42/screenshot - {}
RESULT: {}
COMMAND: POST /session/668384e1c1f73f3d5461b9d538daca42/execute/sync - {"script":"<script> [8489 bytes]","args":[{"element-6066-11e4-a52e-4f735466cecf":"f.F64AD31729AEE402AD374BC91D68D115.d.2F203EF75D82152DD591F50B420993B5.e.19082","ELEMENT":"f.F64AD31729AEE402AD374BC91D68D115.d.2F203EF75D82152DD591F50B420993B5.e.19082"}]}
RESULT: {"script":"<script> [8489 bytes]","args":[{"element-6066-11e4-a52e-4f735466cecf":"f.F64AD31729AEE402AD374BC91D68D115.d.2F203EF75D82152DD591F50B420993B5.e.19082","ELEMENT":"f.F64AD31729AEE402AD374BC91D68D115.d.2F203EF75D82152DD591F50B420993B5.e.19082"}]}
COMMAND: GET /session/668384e1c1f73f3d5461b9d538daca42/screenshot - {}
RESULT: {}
COMMAND: POST /session/668384e1c1f73f3d5461b9d538daca42/execute/sync - {"script":"<script> [8489 bytes]","args":[{"element-6066-11e4-a52e-4f735466cecf":"f.F64AD31729AEE402AD374BC91D68D115.d.2F203EF75D82152DD591F50B420993B5.e.19082","ELEMENT":"f.F64AD31729AEE402AD374BC91D68D115.d.2F203EF75D82152DD591F50B420993B5.e.19082"}]}
RESULT: {"script":"<script> [8489 bytes]","args":[{"element-6066-11e4-a52e-4f735466cecf":"f.F64AD31729AEE402AD374BC91D68D115.d.2F203EF75D82152DD591F50B420993B5.e.19082","ELEMENT":"f.F64AD31729AEE402AD374BC91D68D115.d.2F203EF75D82152DD591F50B420993B5.e.19082"}]}
COMMAND: GET /session/668384e1c1f73f3d5461b9d538daca42/screenshot - {}
RESULT: {}
COMMAND: POST /session/668384e1c1f73f3d5461b9d538daca42/execute/sync - {"script":"<script> [8489 bytes]","args":[{"element-6066-11e4-a52e-4f735466cecf":"f.F64AD31729AEE402AD374BC91D68D115.d.2F203EF75D82152DD591F50B420993B5.e.19082","ELEMENT":"f.F64AD31729AEE402AD374BC91D68D115.d.2F203EF75D82152DD591F50B420993B5.e.19082"}]}
RESULT: {"script":"<script> [8489 bytes]","args":[{"element-6066-11e4-a52e-4f735466cecf":"f.F64AD31729AEE402AD374BC91D68D115.d.2F203EF75D82152DD591F50B420993B5.e.19082","ELEMENT":"f.F64AD31729AEE402AD374BC91D68D115.d.2F203EF75D82152DD591F50B420993B5.e.19082"}]}
COMMAND: GET /session/668384e1c1f73f3d5461b9d538daca42/screenshot - {}
RESULT: {}
COMMAND: POST /session/668384e1c1f73f3d5461b9d538daca42/execute/sync - {"script":"<script> [8489 bytes]","args":[{"element-6066-11e4-a52e-4f735466cecf":"f.F64AD31729AEE402AD374BC91D68D115.d.2F203EF75D82152DD591F50B420993B5.e.19082","ELEMENT":"f.F64AD31729AEE402AD374BC91D68D115.d.2F203EF75D82152DD591F50B420993B5.e.19082"}]}
RESULT: {"script":"<script> [8489 bytes]","args":[{"element-6066-11e4-a52e-4f735466cecf":"f.F64AD31729AEE402AD374BC91D68D115.d.2F203EF75D82152DD591F50B420993B5.e.19082","ELEMENT":"f.F64AD31729AEE402AD374BC91D68D115.d.2F203EF75D82152DD591F50B420993B5.e.19082"}]}
COMMAND: GET /session/668384e1c1f73f3d5461b9d538daca42/screenshot - {}
RESULT: {}
COMMAND: POST /session/668384e1c1f73f3d5461b9d538daca42/execute/sync - {"script":"<script> [8489 bytes]","args":[{"element-6066-11e4-a52e-4f735466cecf":"f.F64AD31729AEE402AD374BC91D68D115.d.2F203EF75D82152DD591F50B420993B5.e.19082","ELEMENT":"f.F64AD31729AEE402AD374BC91D68D115.d.2F203EF75D82152DD591F50B420993B5.e.19082"}]}
RESULT: {"script":"<script> [8489 bytes]","args":[{"element-6066-11e4-a52e-4f735466cecf":"f.F64AD31729AEE402AD374BC91D68D115.d.2F203EF75D82152DD591F50B420993B5.e.19082","ELEMENT":"f.F64AD31729AEE402AD374BC91D68D115.d.2F203EF75D82152DD591F50B420993B5.e.19082"}]}
COMMAND: GET /session/668384e1c1f73f3d5461b9d538daca42/screenshot - {}
COMMAND: POST /session/668384e1c1f73f3d5461b9d538daca42/execute/sync - {"script":"<script> [8489 bytes]","args":[{"element-6066-11e4-a52e-4f735466cecf":"f.F64AD31729AEE402AD374BC91D68D115.d.2F203EF75D82152DD591F50B420993B5.e.19082","ELEMENT":"f.F64AD31729AEE402AD374BC91D68D115.d.2F203EF75D82152DD591F50B420993B5.e.19082"}]}
RESULT: {}
RESULT: {"script":"<script> [8489 bytes]","args":[{"element-6066-11e4-a52e-4f735466cecf":"f.F64AD31729AEE402AD374BC91D68D115.d.2F203EF75D82152DD591F50B420993B5.e.19082","ELEMENT":"f.F64AD31729AEE402AD374BC91D68D115.d.2F203EF75D82152DD591F50B420993B5.e.19082"}]}
COMMAND: GET /session/668384e1c1f73f3d5461b9d538daca42/screenshot - {}
COMMAND: POST /session/668384e1c1f73f3d5461b9d538daca42/execute/sync - {"script":"<script> [8489 bytes]","args":[{"element-6066-11e4-a52e-4f735466cecf":"f.F64AD31729AEE402AD374BC91D68D115.d.2F203EF75D82152DD591F50B420993B5.e.19082","ELEMENT":"f.F64AD31729AEE402AD374BC91D68D115.d.2F203EF75D82152DD591F50B420993B5.e.19082"}]}
RESULT: {}
RESULT: {"script":"<script> [8489 bytes]","args":[{"element-6066-11e4-a52e-4f735466cecf":"f.F64AD31729AEE402AD374BC91D68D115.d.2F203EF75D82152DD591F50B420993B5.e.19082","ELEMENT":"f.F64AD31729AEE402AD374BC91D68D115.d.2F203EF75D82152DD591F50B420993B5.e.19082"}]}
COMMAND: GET /session/668384e1c1f73f3d5461b9d538daca42/screenshot - {}
RESULT: {}
COMMAND: POST /session/668384e1c1f73f3d5461b9d538daca42/execute/sync - {"script":"<script> [8489 bytes]","args":[{"element-6066-11e4-a52e-4f735466cecf":"f.F64AD31729AEE402AD374BC91D68D115.d.2F203EF75D82152DD591F50B420993B5.e.19082","ELEMENT":"f.F64AD31729AEE402AD374BC91D68D115.d.2F203EF75D82152DD591F50B420993B5.e.19082"}]}
RESULT: {"script":"<script> [8489 bytes]","args":[{"element-6066-11e4-a52e-4f735466cecf":"f.F64AD31729AEE402AD374BC91D68D115.d.2F203EF75D82152DD591F50B420993B5.e.19082","ELEMENT":"f.F64AD31729AEE402AD374BC91D68D115.d.2F203EF75D82152DD591F50B420993B5.e.19082"}]}
COMMAND: GET /session/668384e1c1f73f3d5461b9d538daca42/screenshot - {}
RESULT: {}
COMMAND: POST /session/668384e1c1f73f3d5461b9d538daca42/execute/sync - {"script":"<script> [8489 bytes]","args":[{"element-6066-11e4-a52e-4f735466cecf":"f.F64AD31729AEE402AD374BC91D68D115.d.2F203EF75D82152DD591F50B420993B5.e.19082","ELEMENT":"f.F64AD31729AEE402AD374BC91D68D115.d.2F203EF75D82152DD591F50B420993B5.e.19082"}]}
RESULT: {"script":"<script> [8489 bytes]","args":[{"element-6066-11e4-a52e-4f735466cecf":"f.F64AD31729AEE402AD374BC91D68D115.d.2F203EF75D82152DD591F50B420993B5.e.19082","ELEMENT":"f.F64AD31729AEE402AD374BC91D68D115.d.2F203EF75D82152DD591F50B420993B5.e.19082"}]}
COMMAND: GET /session/668384e1c1f73f3d5461b9d538daca42/screenshot - {}
RESULT: {}
COMMAND: POST /session/668384e1c1f73f3d5461b9d538daca42/execute/sync - {"script":"<script> [8489 bytes]","args":[{"element-6066-11e4-a52e-4f735466cecf":"f.F64AD31729AEE402AD374BC91D68D115.d.2F203EF75D82152DD591F50B420993B5.e.19082","ELEMENT":"f.F64AD31729AEE402AD374BC91D68D115.d.2F203EF75D82152DD591F50B420993B5.e.19082"}]}
RESULT: {"script":"<script> [8489 bytes]","args":[{"element-6066-11e4-a52e-4f735466cecf":"f.F64AD31729AEE402AD374BC91D68D115.d.2F203EF75D82152DD591F50B420993B5.e.19082","ELEMENT":"f.F64AD31729AEE402AD374BC91D68D115.d.2F203EF75D82152DD591F50B420993B5.e.19082"}]}
COMMAND: GET /session/668384e1c1f73f3d5461b9d538daca42/screenshot - {}
RESULT: {}
COMMAND: POST /session/668384e1c1f73f3d5461b9d538daca42/execute/sync - {"script":"<script> [8489 bytes]","args":[{"element-6066-11e4-a52e-4f735466cecf":"f.F64AD31729AEE402AD374BC91D68D115.d.2F203EF75D82152DD591F50B420993B5.e.19082","ELEMENT":"f.F64AD31729AEE402AD374BC91D68D115.d.2F203EF75D82152DD591F50B420993B5.e.19082"}]}
RESULT: {"script":"<script> [8489 bytes]","args":[{"element-6066-11e4-a52e-4f735466cecf":"f.F64AD31729AEE402AD374BC91D68D115.d.2F203EF75D82152DD591F50B420993B5.e.19082","ELEMENT":"f.F64AD31729AEE402AD374BC91D68D115.d.2F203EF75D82152DD591F50B420993B5.e.19082"}]}
COMMAND: GET /session/668384e1c1f73f3d5461b9d538daca42/screenshot - {}
RESULT: {}
COMMAND: POST /session/668384e1c1f73f3d5461b9d538daca42/execute/sync - {"script":"<script> [8489 bytes]","args":[{"element-6066-11e4-a52e-4f735466cecf":"f.F64AD31729AEE402AD374BC91D68D115.d.2F203EF75D82152DD591F50B420993B5.e.19082","ELEMENT":"f.F64AD31729AEE402AD374BC91D68D115.d.2F203EF75D82152DD591F50B420993B5.e.19082"}]}
RESULT: {"script":"<script> [8489 bytes]","args":[{"element-6066-11e4-a52e-4f735466cecf":"f.F64AD31729AEE402AD374BC91D68D115.d.2F203EF75D82152DD591F50B420993B5.e.19082","ELEMENT":"f.F64AD31729AEE402AD374BC91D68D115.d.2F203EF75D82152DD591F50B420993B5.e.19082"}]}
COMMAND: GET /session/668384e1c1f73f3d5461b9d538daca42/screenshot - {}
RESULT: {}
COMMAND: POST /session/668384e1c1f73f3d5461b9d538daca42/execute/sync - {"script":"<script> [8489 bytes]","args":[{"element-6066-11e4-a52e-4f735466cecf":"f.F64AD31729AEE402AD374BC91D68D115.d.2F203EF75D82152DD591F50B420993B5.e.19082","ELEMENT":"f.F64AD31729AEE402AD374BC91D68D115.d.2F203EF75D82152DD591F50B420993B5.e.19082"}]}
RESULT: {"script":"<script> [8489 bytes]","args":[{"element-6066-11e4-a52e-4f735466cecf":"f.F64AD31729AEE402AD374BC91D68D115.d.2F203EF75D82152DD591F50B420993B5.e.19082","ELEMENT":"f.F64AD31729AEE402AD374BC91D68D115.d.2F203EF75D82152DD591F50B420993B5.e.19082"}]}
COMMAND: GET /session/668384e1c1f73f3d5461b9d538daca42/screenshot - {}
RESULT: {}
COMMAND: POST /session/668384e1c1f73f3d5461b9d538daca42/execute/sync - {"script":"<script> [8489 bytes]","args":[{"element-6066-11e4-a52e-4f735466cecf":"f.F64AD31729AEE402AD374BC91D68D115.d.2F203EF75D82152DD591F50B420993B5.e.19082","ELEMENT":"f.F64AD31729AEE402AD374BC91D68D115.d.2F203EF75D82152DD591F50B420993B5.e.19082"}]}
RESULT: {"script":"<script> [8489 bytes]","args":[{"element-6066-11e4-a52e-4f735466cecf":"f.F64AD31729AEE402AD374BC91D68D115.d.2F203EF75D82152DD591F50B420993B5.e.19082","ELEMENT":"f.F64AD31729AEE402AD374BC91D68D115.d.2F203EF75D82152DD591F50B420993B5.e.19082"}]}
COMMAND: GET /session/668384e1c1f73f3d5461b9d538daca42/screenshot - {}
RESULT: {}
COMMAND: POST /session/668384e1c1f73f3d5461b9d538daca42/execute/sync - {"script":"<script> [8489 bytes]","args":[{"element-6066-11e4-a52e-4f735466cecf":"f.F64AD31729AEE402AD374BC91D68D115.d.2F203EF75D82152DD591F50B420993B5.e.19082","ELEMENT":"f.F64AD31729AEE402AD374BC91D68D115.d.2F203EF75D82152DD591F50B420993B5.e.19082"}]}
RESULT: {"script":"<script> [8489 bytes]","args":[{"element-6066-11e4-a52e-4f735466cecf":"f.F64AD31729AEE402AD374BC91D68D115.d.2F203EF75D82152DD591F50B420993B5.e.19082","ELEMENT":"f.F64AD31729AEE402AD374BC91D68D115.d.2F203EF75D82152DD591F50B420993B5.e.19082"}]}
COMMAND: GET /session/668384e1c1f73f3d5461b9d538daca42/screenshot - {}
RESULT: {}
COMMAND: POST /session/668384e1c1f73f3d5461b9d538daca42/execute/sync - {"script":"<script> [8489 bytes]","args":[{"element-6066-11e4-a52e-4f735466cecf":"f.F64AD31729AEE402AD374BC91D68D115.d.2F203EF75D82152DD591F50B420993B5.e.19082","ELEMENT":"f.F64AD31729AEE402AD374BC91D68D115.d.2F203EF75D82152DD591F50B420993B5.e.19082"}]}
RESULT: {"script":"<script> [8489 bytes]","args":[{"element-6066-11e4-a52e-4f735466cecf":"f.F64AD31729AEE402AD374BC91D68D115.d.2F203EF75D82152DD591F50B420993B5.e.19082","ELEMENT":"f.F64AD31729AEE402AD374BC91D68D115.d.2F203EF75D82152DD591F50B420993B5.e.19082"}]}
COMMAND: GET /session/668384e1c1f73f3d5461b9d538daca42/screenshot - {}
RESULT: {}
COMMAND: POST /session/668384e1c1f73f3d5461b9d538daca42/execute/sync - {"script":"<script> [8489 bytes]","args":[{"element-6066-11e4-a52e-4f735466cecf":"f.F64AD31729AEE402AD374BC91D68D115.d.2F203EF75D82152DD591F50B420993B5.e.19082","ELEMENT":"f.F64AD31729AEE402AD374BC91D68D115.d.2F203EF75D82152DD591F50B420993B5.e.19082"}]}
RESULT: {"script":"<script> [8489 bytes]","args":[{"element-6066-11e4-a52e-4f735466cecf":"f.F64AD31729AEE402AD374BC91D68D115.d.2F203EF75D82152DD591F50B420993B5.e.19082","ELEMENT":"f.F64AD31729AEE402AD374BC91D68D115.d.2F203EF75D82152DD591F50B420993B5.e.19082"}]}
COMMAND: GET /session/668384e1c1f73f3d5461b9d538daca42/screenshot - {}
RESULT: {}
COMMAND: POST /session/668384e1c1f73f3d5461b9d538daca42/execute/sync - {"script":"<script> [8489 bytes]","args":[{"element-6066-11e4-a52e-4f735466cecf":"f.F64AD31729AEE402AD374BC91D68D115.d.2F203EF75D82152DD591F50B420993B5.e.19082","ELEMENT":"f.F64AD31729AEE402AD374BC91D68D115.d.2F203EF75D82152DD591F50B420993B5.e.19082"}]}
RESULT: {"script":"<script> [8489 bytes]","args":[{"element-6066-11e4-a52e-4f735466cecf":"f.F64AD31729AEE402AD374BC91D68D115.d.2F203EF75D82152DD591F50B420993B5.e.19082","ELEMENT":"f.F64AD31729AEE402AD374BC91D68D115.d.2F203EF75D82152DD591F50B420993B5.e.19082"}]}
COMMAND: GET /session/668384e1c1f73f3d5461b9d538daca42/screenshot - {}
RESULT: {}
COMMAND: POST /session/668384e1c1f73f3d5461b9d538daca42/execute/sync - {"script":"<script> [8489 bytes]","args":[{"element-6066-11e4-a52e-4f735466cecf":"f.F64AD31729AEE402AD374BC91D68D115.d.2F203EF75D82152DD591F50B420993B5.e.19082","ELEMENT":"f.F64AD31729AEE402AD374BC91D68D115.d.2F203EF75D82152DD591F50B420993B5.e.19082"}]}
RESULT: {"script":"<script> [8489 bytes]","args":[{"element-6066-11e4-a52e-4f735466cecf":"f.F64AD31729AEE402AD374BC91D68D115.d.2F203EF75D82152DD591F50B420993B5.e.19082","ELEMENT":"f.F64AD31729AEE402AD374BC91D68D115.d.2F203EF75D82152DD591F50B420993B5.e.19082"}]}
COMMAND: GET /session/668384e1c1f73f3d5461b9d538daca42/screenshot - {}
RESULT: {}
COMMAND: POST /session/668384e1c1f73f3d5461b9d538daca42/execute/sync - {"script":"<script> [8489 bytes]","args":[{"element-6066-11e4-a52e-4f735466cecf":"f.F64AD31729AEE402AD374BC91D68D115.d.2F203EF75D82152DD591F50B420993B5.e.19082","ELEMENT":"f.F64AD31729AEE402AD374BC91D68D115.d.2F203EF75D82152DD591F50B420993B5.e.19082"}]}
RESULT: {"script":"<script> [8489 bytes]","args":[{"element-6066-11e4-a52e-4f735466cecf":"f.F64AD31729AEE402AD374BC91D68D115.d.2F203EF75D82152DD591F50B420993B5.e.19082","ELEMENT":"f.F64AD31729AEE402AD374BC91D68D115.d.2F203EF75D82152DD591F50B420993B5.e.19082"}]}
COMMAND: GET /session/668384e1c1f73f3d5461b9d538daca42/screenshot - {}
RESULT: {}
COMMAND: POST /session/668384e1c1f73f3d5461b9d538daca42/execute/sync - {"script":"<script> [8489 bytes]","args":[{"element-6066-11e4-a52e-4f735466cecf":"f.F64AD31729AEE402AD374BC91D68D115.d.2F203EF75D82152DD591F50B420993B5.e.19082","ELEMENT":"f.F64AD31729AEE402AD374BC91D68D115.d.2F203EF75D82152DD591F50B420993B5.e.19082"}]}
RESULT: {"script":"<script> [8489 bytes]","args":[{"element-6066-11e4-a52e-4f735466cecf":"f.F64AD31729AEE402AD374BC91D68D115.d.2F203EF75D82152DD591F50B420993B5.e.19082","ELEMENT":"f.F64AD31729AEE402AD374BC91D68D115.d.2F203EF75D82152DD591F50B420993B5.e.19082"}]}
COMMAND: GET /session/668384e1c1f73f3d5461b9d538daca42/screenshot - {}
RESULT: {}
COMMAND: POST /session/668384e1c1f73f3d5461b9d538daca42/execute/sync - {"script":"<script> [8489 bytes]","args":[{"element-6066-11e4-a52e-4f735466cecf":"f.F64AD31729AEE402AD374BC91D68D115.d.2F203EF75D82152DD591F50B420993B5.e.19082","ELEMENT":"f.F64AD31729AEE402AD374BC91D68D115.d.2F203EF75D82152DD591F50B420993B5.e.19082"}]}
RESULT: {"script":"<script> [8489 bytes]","args":[{"element-6066-11e4-a52e-4f735466cecf":"f.F64AD31729AEE402AD374BC91D68D115.d.2F203EF75D82152DD591F50B420993B5.e.19082","ELEMENT":"f.F64AD31729AEE402AD374BC91D68D115.d.2F203EF75D82152DD591F50B420993B5.e.19082"}]}
COMMAND: GET /session/668384e1c1f73f3d5461b9d538daca42/screenshot - {}
RESULT: {}
COMMAND: POST /session/668384e1c1f73f3d5461b9d538daca42/execute/sync - {"script":"<script> [8489 bytes]","args":[{"element-6066-11e4-a52e-4f735466cecf":"f.F64AD31729AEE402AD374BC91D68D115.d.2F203EF75D82152DD591F50B420993B5.e.19082","ELEMENT":"f.F64AD31729AEE402AD374BC91D68D115.d.2F203EF75D82152DD591F50B420993B5.e.19082"}]}
RESULT: {"script":"<script> [8489 bytes]","args":[{"element-6066-11e4-a52e-4f735466cecf":"f.F64AD31729AEE402AD374BC91D68D115.d.2F203EF75D82152DD591F50B420993B5.e.19082","ELEMENT":"f.F64AD31729AEE402AD374BC91D68D115.d.2F203EF75D82152DD591F50B420993B5.e.19082"}]}
COMMAND: GET /session/668384e1c1f73f3d5461b9d538daca42/screenshot - {}
RESULT: {}
COMMAND: POST /session/668384e1c1f73f3d5461b9d538daca42/execute/sync - {"script":"<script> [8489 bytes]","args":[{"element-6066-11e4-a52e-4f735466cecf":"f.F64AD31729AEE402AD374BC91D68D115.d.2F203EF75D82152DD591F50B420993B5.e.19082","ELEMENT":"f.F64AD31729AEE402AD374BC91D68D115.d.2F203EF75D82152DD591F50B420993B5.e.19082"}]}
RESULT: {"script":"<script> [8489 bytes]","args":[{"element-6066-11e4-a52e-4f735466cecf":"f.F64AD31729AEE402AD374BC91D68D115.d.2F203EF75D82152DD591F50B420993B5.e.19082","ELEMENT":"f.F64AD31729AEE402AD374BC91D68D115.d.2F203EF75D82152DD591F50B420993B5.e.19082"}]}
COMMAND: GET /session/668384e1c1f73f3d5461b9d538daca42/screenshot - {}
RESULT: {}
COMMAND: POST /session/668384e1c1f73f3d5461b9d538daca42/execute/sync - {"script":"<script> [8489 bytes]","args":[{"element-6066-11e4-a52e-4f735466cecf":"f.F64AD31729AEE402AD374BC91D68D115.d.2F203EF75D82152DD591F50B420993B5.e.19082","ELEMENT":"f.F64AD31729AEE402AD374BC91D68D115.d.2F203EF75D82152DD591F50B420993B5.e.19082"}]}
RESULT: {"script":"<script> [8489 bytes]","args":[{"element-6066-11e4-a52e-4f735466cecf":"f.F64AD31729AEE402AD374BC91D68D115.d.2F203EF75D82152DD591F50B420993B5.e.19082","ELEMENT":"f.F64AD31729AEE402AD374BC91D68D115.d.2F203EF75D82152DD591F50B420993B5.e.19082"}]}
COMMAND: GET /session/668384e1c1f73f3d5461b9d538daca42/screenshot - {}
RESULT: {}
COMMAND: POST /session/668384e1c1f73f3d5461b9d538daca42/execute/sync - {"script":"<script> [8489 bytes]","args":[{"element-6066-11e4-a52e-4f735466cecf":"f.F64AD31729AEE402AD374BC91D68D115.d.2F203EF75D82152DD591F50B420993B5.e.19082","ELEMENT":"f.F64AD31729AEE402AD374BC91D68D115.d.2F203EF75D82152DD591F50B420993B5.e.19082"}]}
RESULT: {"script":"<script> [8489 bytes]","args":[{"element-6066-11e4-a52e-4f735466cecf":"f.F64AD31729AEE402AD374BC91D68D115.d.2F203EF75D82152DD591F50B420993B5.e.19082","ELEMENT":"f.F64AD31729AEE402AD374BC91D68D115.d.2F203EF75D82152DD591F50B420993B5.e.19082"}]}
COMMAND: GET /session/668384e1c1f73f3d5461b9d538daca42/screenshot - {}
RESULT: {}
COMMAND: POST /session/668384e1c1f73f3d5461b9d538daca42/execute/sync - {"script":"<script> [8489 bytes]","args":[{"element-6066-11e4-a52e-4f735466cecf":"f.F64AD31729AEE402AD374BC91D68D115.d.2F203EF75D82152DD591F50B420993B5.e.19082","ELEMENT":"f.F64AD31729AEE402AD374BC91D68D115.d.2F203EF75D82152DD591F50B420993B5.e.19082"}]}
RESULT: {"script":"<script> [8489 bytes]","args":[{"element-6066-11e4-a52e-4f735466cecf":"f.F64AD31729AEE402AD374BC91D68D115.d.2F203EF75D82152DD591F50B420993B5.e.19082","ELEMENT":"f.F64AD31729AEE402AD374BC91D68D115.d.2F203EF75D82152DD591F50B420993B5.e.19082"}]}
COMMAND: GET /session/668384e1c1f73f3d5461b9d538daca42/screenshot - {}
RESULT: {}
COMMAND: POST /session/668384e1c1f73f3d5461b9d538daca42/execute/sync - {"script":"<script> [8489 bytes]","args":[{"element-6066-11e4-a52e-4f735466cecf":"f.F64AD31729AEE402AD374BC91D68D115.d.2F203EF75D82152DD591F50B420993B5.e.19082","ELEMENT":"f.F64AD31729AEE402AD374BC91D68D115.d.2F203EF75D82152DD591F50B420993B5.e.19082"}]}
RESULT: {"script":"<script> [8489 bytes]","args":[{"element-6066-11e4-a52e-4f735466cecf":"f.F64AD31729AEE402AD374BC91D68D115.d.2F203EF75D82152DD591F50B420993B5.e.19082","ELEMENT":"f.F64AD31729AEE402AD374BC91D68D115.d.2F203EF75D82152DD591F50B420993B5.e.19082"}]}
COMMAND: GET /session/668384e1c1f73f3d5461b9d538daca42/screenshot - {}
RESULT: {}
COMMAND: POST /session/668384e1c1f73f3d5461b9d538daca42/execute/sync - {"script":"<script> [8489 bytes]","args":[{"element-6066-11e4-a52e-4f735466cecf":"f.F64AD31729AEE402AD374BC91D68D115.d.2F203EF75D82152DD591F50B420993B5.e.19082","ELEMENT":"f.F64AD31729AEE402AD374BC91D68D115.d.2F203EF75D82152DD591F50B420993B5.e.19082"}]}
RESULT: {"script":"<script> [8489 bytes]","args":[{"element-6066-11e4-a52e-4f735466cecf":"f.F64AD31729AEE402AD374BC91D68D115.d.2F203EF75D82152DD591F50B420993B5.e.19082","ELEMENT":"f.F64AD31729AEE402AD374BC91D68D115.d.2F203EF75D82152DD591F50B420993B5.e.19082"}]}
COMMAND: GET /session/668384e1c1f73f3d5461b9d538daca42/screenshot - {}
RESULT: {}
COMMAND: POST /session/668384e1c1f73f3d5461b9d538daca42/execute/sync - {"script":"<script> [8489 bytes]","args":[{"element-6066-11e4-a52e-4f735466cecf":"f.F64AD31729AEE402AD374BC91D68D115.d.2F203EF75D82152DD591F50B420993B5.e.19082","ELEMENT":"f.F64AD31729AEE402AD374BC91D68D115.d.2F203EF75D82152DD591F50B420993B5.e.19082"}]}
RESULT: {"script":"<script> [8489 bytes]","args":[{"element-6066-11e4-a52e-4f735466cecf":"f.F64AD31729AEE402AD374BC91D68D115.d.2F203EF75D82152DD591F50B420993B5.e.19082","ELEMENT":"f.F64AD31729AEE402AD374BC91D68D115.d.2F203EF75D82152DD591F50B420993B5.e.19082"}]}
COMMAND: GET /session/668384e1c1f73f3d5461b9d538daca42/screenshot - {}
RESULT: {}
COMMAND: POST /session/668384e1c1f73f3d5461b9d538daca42/execute/sync - {"script":"<script> [8489 bytes]","args":[{"element-6066-11e4-a52e-4f735466cecf":"f.F64AD31729AEE402AD374BC91D68D115.d.2F203EF75D82152DD591F50B420993B5.e.19082","ELEMENT":"f.F64AD31729AEE402AD374BC91D68D115.d.2F203EF75D82152DD591F50B420993B5.e.19082"}]}
RESULT: {"script":"<script> [8489 bytes]","args":[{"element-6066-11e4-a52e-4f735466cecf":"f.F64AD31729AEE402AD374BC91D68D115.d.2F203EF75D82152DD591F50B420993B5.e.19082","ELEMENT":"f.F64AD31729AEE402AD374BC91D68D115.d.2F203EF75D82152DD591F50B420993B5.e.19082"}]}
COMMAND: GET /session/668384e1c1f73f3d5461b9d538daca42/screenshot - {}
RESULT: {}
COMMAND: POST /session/668384e1c1f73f3d5461b9d538daca42/execute/sync - {"script":"<script> [8489 bytes]","args":[{"element-6066-11e4-a52e-4f735466cecf":"f.F64AD31729AEE402AD374BC91D68D115.d.2F203EF75D82152DD591F50B420993B5.e.19082","ELEMENT":"f.F64AD31729AEE402AD374BC91D68D115.d.2F203EF75D82152DD591F50B420993B5.e.19082"}]}
RESULT: {"script":"<script> [8489 bytes]","args":[{"element-6066-11e4-a52e-4f735466cecf":"f.F64AD31729AEE402AD374BC91D68D115.d.2F203EF75D82152DD591F50B420993B5.e.19082","ELEMENT":"f.F64AD31729AEE402AD374BC91D68D115.d.2F203EF75D82152DD591F50B420993B5.e.19082"}]}
COMMAND: GET /session/668384e1c1f73f3d5461b9d538daca42/screenshot - {}
RESULT: {}
COMMAND: POST /session/668384e1c1f73f3d5461b9d538daca42/execute/sync - {"script":"<script> [8489 bytes]","args":[{"element-6066-11e4-a52e-4f735466cecf":"f.F64AD31729AEE402AD374BC91D68D115.d.2F203EF75D82152DD591F50B420993B5.e.19082","ELEMENT":"f.F64AD31729AEE402AD374BC91D68D115.d.2F203EF75D82152DD591F50B420993B5.e.19082"}]}
RESULT: {"script":"<script> [8489 bytes]","args":[{"element-6066-11e4-a52e-4f735466cecf":"f.F64AD31729AEE402AD374BC91D68D115.d.2F203EF75D82152DD591F50B420993B5.e.19082","ELEMENT":"f.F64AD31729AEE402AD374BC91D68D115.d.2F203EF75D82152DD591F50B420993B5.e.19082"}]}
COMMAND: GET /session/668384e1c1f73f3d5461b9d538daca42/screenshot - {}
RESULT: {}
COMMAND: POST /session/668384e1c1f73f3d5461b9d538daca42/execute/sync - {"script":"<script> [8489 bytes]","args":[{"element-6066-11e4-a52e-4f735466cecf":"f.F64AD31729AEE402AD374BC91D68D115.d.2F203EF75D82152DD591F50B420993B5.e.19082","ELEMENT":"f.F64AD31729AEE402AD374BC91D68D115.d.2F203EF75D82152DD591F50B420993B5.e.19082"}]}
RESULT: {"script":"<script> [8489 bytes]","args":[{"element-6066-11e4-a52e-4f735466cecf":"f.F64AD31729AEE402AD374BC91D68D115.d.2F203EF75D82152DD591F50B420993B5.e.19082","ELEMENT":"f.F64AD31729AEE402AD374BC91D68D115.d.2F203EF75D82152DD591F50B420993B5.e.19082"}]}
COMMAND: GET /session/668384e1c1f73f3d5461b9d538daca42/screenshot - {}
RESULT: {}
COMMAND: POST /session/668384e1c1f73f3d5461b9d538daca42/execute/sync - {"script":"<script> [8489 bytes]","args":[{"element-6066-11e4-a52e-4f735466cecf":"f.F64AD31729AEE402AD374BC91D68D115.d.2F203EF75D82152DD591F50B420993B5.e.19082","ELEMENT":"f.F64AD31729AEE402AD374BC91D68D115.d.2F203EF75D82152DD591F50B420993B5.e.19082"}]}
RESULT: {"script":"<script> [8489 bytes]","args":[{"element-6066-11e4-a52e-4f735466cecf":"f.F64AD31729AEE402AD374BC91D68D115.d.2F203EF75D82152DD591F50B420993B5.e.19082","ELEMENT":"f.F64AD31729AEE402AD374BC91D68D115.d.2F203EF75D82152DD591F50B420993B5.e.19082"}]}
COMMAND: GET /session/668384e1c1f73f3d5461b9d538daca42/screenshot - {}
RESULT: {}
COMMAND: POST /session/668384e1c1f73f3d5461b9d538daca42/execute/sync - {"script":"<script> [8489 bytes]","args":[{"element-6066-11e4-a52e-4f735466cecf":"f.F64AD31729AEE402AD374BC91D68D115.d.2F203EF75D82152DD591F50B420993B5.e.19082","ELEMENT":"f.F64AD31729AEE402AD374BC91D68D115.d.2F203EF75D82152DD591F50B420993B5.e.19082"}]}
RESULT: {"script":"<script> [8489 bytes]","args":[{"element-6066-11e4-a52e-4f735466cecf":"f.F64AD31729AEE402AD374BC91D68D115.d.2F203EF75D82152DD591F50B420993B5.e.19082","ELEMENT":"f.F64AD31729AEE402AD374BC91D68D115.d.2F203EF75D82152DD591F50B420993B5.e.19082"}]}
COMMAND: GET /session/668384e1c1f73f3d5461b9d538daca42/screenshot - {}
RESULT: {}
COMMAND: POST /session/668384e1c1f73f3d5461b9d538daca42/execute/sync - {"script":"<script> [8489 bytes]","args":[{"element-6066-11e4-a52e-4f735466cecf":"f.F64AD31729AEE402AD374BC91D68D115.d.2F203EF75D82152DD591F50B420993B5.e.19082","ELEMENT":"f.F64AD31729AEE402AD374BC91D68D115.d.2F203EF75D82152DD591F50B420993B5.e.19082"}]}
RESULT: {"script":"<script> [8489 bytes]","args":[{"element-6066-11e4-a52e-4f735466cecf":"f.F64AD31729AEE402AD374BC91D68D115.d.2F203EF75D82152DD591F50B420993B5.e.19082","ELEMENT":"f.F64AD31729AEE402AD374BC91D68D115.d.2F203EF75D82152DD591F50B420993B5.e.19082"}]}
COMMAND: GET /session/668384e1c1f73f3d5461b9d538daca42/screenshot - {}
RESULT: {}
COMMAND: POST /session/668384e1c1f73f3d5461b9d538daca42/execute/sync - {"script":"<script> [8489 bytes]","args":[{"element-6066-11e4-a52e-4f735466cecf":"f.F64AD31729AEE402AD374BC91D68D115.d.2F203EF75D82152DD591F50B420993B5.e.19082","ELEMENT":"f.F64AD31729AEE402AD374BC91D68D115.d.2F203EF75D82152DD591F50B420993B5.e.19082"}]}
RESULT: {"script":"<script> [8489 bytes]","args":[{"element-6066-11e4-a52e-4f735466cecf":"f.F64AD31729AEE402AD374BC91D68D115.d.2F203EF75D82152DD591F50B420993B5.e.19082","ELEMENT":"f.F64AD31729AEE402AD374BC91D68D115.d.2F203EF75D82152DD591F50B420993B5.e.19082"}]}
COMMAND: GET /session/668384e1c1f73f3d5461b9d538daca42/screenshot - {}
RESULT: {}
COMMAND: POST /session/668384e1c1f73f3d5461b9d538daca42/execute/sync - {"script":"<script> [8489 bytes]","args":[{"element-6066-11e4-a52e-4f735466cecf":"f.F64AD31729AEE402AD374BC91D68D115.d.2F203EF75D82152DD591F50B420993B5.e.19082","ELEMENT":"f.F64AD31729AEE402AD374BC91D68D115.d.2F203EF75D82152DD591F50B420993B5.e.19082"}]}
RESULT: {"script":"<script> [8489 bytes]","args":[{"element-6066-11e4-a52e-4f735466cecf":"f.F64AD31729AEE402AD374BC91D68D115.d.2F203EF75D82152DD591F50B420993B5.e.19082","ELEMENT":"f.F64AD31729AEE402AD374BC91D68D115.d.2F203EF75D82152DD591F50B420993B5.e.19082"}]}
COMMAND: GET /session/668384e1c1f73f3d5461b9d538daca42/screenshot - {}
RESULT: {}
COMMAND: POST /session/668384e1c1f73f3d5461b9d538daca42/execute/sync - {"script":"<script> [8489 bytes]","args":[{"element-6066-11e4-a52e-4f735466cecf":"f.F64AD31729AEE402AD374BC91D68D115.d.2F203EF75D82152DD591F50B420993B5.e.19082","ELEMENT":"f.F64AD31729AEE402AD374BC91D68D115.d.2F203EF75D82152DD591F50B420993B5.e.19082"}]}
RESULT: {"script":"<script> [8489 bytes]","args":[{"element-6066-11e4-a52e-4f735466cecf":"f.F64AD31729AEE402AD374BC91D68D115.d.2F203EF75D82152DD591F50B420993B5.e.19082","ELEMENT":"f.F64AD31729AEE402AD374BC91D68D115.d.2F203EF75D82152DD591F50B420993B5.e.19082"}]}
COMMAND: GET /session/668384e1c1f73f3d5461b9d538daca42/screenshot - {}
RESULT: {}
COMMAND: POST /session/668384e1c1f73f3d5461b9d538daca42/execute/sync - {"script":"<script> [8489 bytes]","args":[{"element-6066-11e4-a52e-4f735466cecf":"f.F64AD31729AEE402AD374BC91D68D115.d.2F203EF75D82152DD591F50B420993B5.e.19082","ELEMENT":"f.F64AD31729AEE402AD374BC91D68D115.d.2F203EF75D82152DD591F50B420993B5.e.19082"}]}
RESULT: {"script":"<script> [8489 bytes]","args":[{"element-6066-11e4-a52e-4f735466cecf":"f.F64AD31729AEE402AD374BC91D68D115.d.2F203EF75D82152DD591F50B420993B5.e.19082","ELEMENT":"f.F64AD31729AEE402AD374BC91D68D115.d.2F203EF75D82152DD591F50B420993B5.e.19082"}]}
COMMAND: GET /session/668384e1c1f73f3d5461b9d538daca42/screenshot - {}
RESULT: {}
COMMAND: POST /session/668384e1c1f73f3d5461b9d538daca42/execute/sync - {"script":"<script> [8489 bytes]","args":[{"element-6066-11e4-a52e-4f735466cecf":"f.F64AD31729AEE402AD374BC91D68D115.d.2F203EF75D82152DD591F50B420993B5.e.19082","ELEMENT":"f.F64AD31729AEE402AD374BC91D68D115.d.2F203EF75D82152DD591F50B420993B5.e.19082"}]}
RESULT: {"script":"<script> [8489 bytes]","args":[{"element-6066-11e4-a52e-4f735466cecf":"f.F64AD31729AEE402AD374BC91D68D115.d.2F203EF75D82152DD591F50B420993B5.e.19082","ELEMENT":"f.F64AD31729AEE402AD374BC91D68D115.d.2F203EF75D82152DD591F50B420993B5.e.19082"}]}
COMMAND: GET /session/668384e1c1f73f3d5461b9d538daca42/screenshot - {}
RESULT: {}
COMMAND: POST /session/668384e1c1f73f3d5461b9d538daca42/execute/sync - {"script":"<script> [8489 bytes]","args":[{"element-6066-11e4-a52e-4f735466cecf":"f.F64AD31729AEE402AD374BC91D68D115.d.2F203EF75D82152DD591F50B420993B5.e.19082","ELEMENT":"f.F64AD31729AEE402AD374BC91D68D115.d.2F203EF75D82152DD591F50B420993B5.e.19082"}]}
RESULT: {"script":"<script> [8489 bytes]","args":[{"element-6066-11e4-a52e-4f735466cecf":"f.F64AD31729AEE402AD374BC91D68D115.d.2F203EF75D82152DD591F50B420993B5.e.19082","ELEMENT":"f.F64AD31729AEE402AD374BC91D68D115.d.2F203EF75D82152DD591F50B420993B5.e.19082"}]}
COMMAND: GET /session/668384e1c1f73f3d5461b9d538daca42/screenshot - {}
RESULT: {}
COMMAND: POST /session/668384e1c1f73f3d5461b9d538daca42/execute/sync - {"script":"<script> [8489 bytes]","args":[{"element-6066-11e4-a52e-4f735466cecf":"f.F64AD31729AEE402AD374BC91D68D115.d.2F203EF75D82152DD591F50B420993B5.e.19082","ELEMENT":"f.F64AD31729AEE402AD374BC91D68D115.d.2F203EF75D82152DD591F50B420993B5.e.19082"}]}
RESULT: {"script":"<script> [8489 bytes]","args":[{"element-6066-11e4-a52e-4f735466cecf":"f.F64AD31729AEE402AD374BC91D68D115.d.2F203EF75D82152DD591F50B420993B5.e.19082","ELEMENT":"f.F64AD31729AEE402AD374BC91D68D115.d.2F203EF75D82152DD591F50B420993B5.e.19082"}]}
COMMAND: GET /session/668384e1c1f73f3d5461b9d538daca42/screenshot - {}
RESULT: {}
COMMAND: POST /session/668384e1c1f73f3d5461b9d538daca42/execute/sync - {"script":"<script> [8489 bytes]","args":[{"element-6066-11e4-a52e-4f735466cecf":"f.F64AD31729AEE402AD374BC91D68D115.d.2F203EF75D82152DD591F50B420993B5.e.19082","ELEMENT":"f.F64AD31729AEE402AD374BC91D68D115.d.2F203EF75D82152DD591F50B420993B5.e.19082"}]}
RESULT: {"script":"<script> [8489 bytes]","args":[{"element-6066-11e4-a52e-4f735466cecf":"f.F64AD31729AEE402AD374BC91D68D115.d.2F203EF75D82152DD591F50B420993B5.e.19082","ELEMENT":"f.F64AD31729AEE402AD374BC91D68D115.d.2F203EF75D82152DD591F50B420993B5.e.19082"}]}
COMMAND: GET /session/668384e1c1f73f3d5461b9d538daca42/screenshot - {}
RESULT: {}
COMMAND: POST /session/668384e1c1f73f3d5461b9d538daca42/execute/sync - {"script":"<script> [8489 bytes]","args":[{"element-6066-11e4-a52e-4f735466cecf":"f.F64AD31729AEE402AD374BC91D68D115.d.2F203EF75D82152DD591F50B420993B5.e.19082","ELEMENT":"f.F64AD31729AEE402AD374BC91D68D115.d.2F203EF75D82152DD591F50B420993B5.e.19082"}]}
RESULT: {"script":"<script> [8489 bytes]","args":[{"element-6066-11e4-a52e-4f735466cecf":"f.F64AD31729AEE402AD374BC91D68D115.d.2F203EF75D82152DD591F50B420993B5.e.19082","ELEMENT":"f.F64AD31729AEE402AD374BC91D68D115.d.2F203EF75D82152DD591F50B420993B5.e.19082"}]}
COMMAND: GET /session/668384e1c1f73f3d5461b9d538daca42/screenshot - {}
RESULT: {}
COMMAND: POST /session/668384e1c1f73f3d5461b9d538daca42/execute/sync - {"script":"<script> [8489 bytes]","args":[{"element-6066-11e4-a52e-4f735466cecf":"f.F64AD31729AEE402AD374BC91D68D115.d.2F203EF75D82152DD591F50B420993B5.e.19082","ELEMENT":"f.F64AD31729AEE402AD374BC91D68D115.d.2F203EF75D82152DD591F50B420993B5.e.19082"}]}
RESULT: {"script":"<script> [8489 bytes]","args":[{"element-6066-11e4-a52e-4f735466cecf":"f.F64AD31729AEE402AD374BC91D68D115.d.2F203EF75D82152DD591F50B420993B5.e.19082","ELEMENT":"f.F64AD31729AEE402AD374BC91D68D115.d.2F203EF75D82152DD591F50B420993B5.e.19082"}]}
COMMAND: GET /session/668384e1c1f73f3d5461b9d538daca42/screenshot - {}
RESULT: {}
COMMAND: POST /session/668384e1c1f73f3d5461b9d538daca42/execute/sync - {"script":"<script> [8489 bytes]","args":[{"element-6066-11e4-a52e-4f735466cecf":"f.F64AD31729AEE402AD374BC91D68D115.d.2F203EF75D82152DD591F50B420993B5.e.19082","ELEMENT":"f.F64AD31729AEE402AD374BC91D68D115.d.2F203EF75D82152DD591F50B420993B5.e.19082"}]}
RESULT: {"script":"<script> [8489 bytes]","args":[{"element-6066-11e4-a52e-4f735466cecf":"f.F64AD31729AEE402AD374BC91D68D115.d.2F203EF75D82152DD591F50B420993B5.e.19082","ELEMENT":"f.F64AD31729AEE402AD374BC91D68D115.d.2F203EF75D82152DD591F50B420993B5.e.19082"}]}
COMMAND: GET /session/668384e1c1f73f3d5461b9d538daca42/screenshot - {}
RESULT: {}
COMMAND: POST /session/668384e1c1f73f3d5461b9d538daca42/execute/sync - {"script":"<script> [8489 bytes]","args":[{"element-6066-11e4-a52e-4f735466cecf":"f.F64AD31729AEE402AD374BC91D68D115.d.2F203EF75D82152DD591F50B420993B5.e.19082","ELEMENT":"f.F64AD31729AEE402AD374BC91D68D115.d.2F203EF75D82152DD591F50B420993B5.e.19082"}]}
RESULT: {"script":"<script> [8489 bytes]","args":[{"element-6066-11e4-a52e-4f735466cecf":"f.F64AD31729AEE402AD374BC91D68D115.d.2F203EF75D82152DD591F50B420993B5.e.19082","ELEMENT":"f.F64AD31729AEE402AD374BC91D68D115.d.2F203EF75D82152DD591F50B420993B5.e.19082"}]}
COMMAND: GET /session/668384e1c1f73f3d5461b9d538daca42/screenshot - {}
RESULT: {}
COMMAND: POST /session/668384e1c1f73f3d5461b9d538daca42/elements - {"using":"css selector","value":"div[viewname='etm.portal.ui.managehandovers.view.DetailExecuteHO'] span.sapMText"}
RESULT: {"using":"css selector","value":"div[viewname='etm.portal.ui.managehandovers.view.DetailExecuteHO'] span.sapMText"}
]]></system-out>
    </testcase>
    <testcase classname="chrome.135_0_7049_96.windows.Provide_to_Site_w/_warehouse_management_w_clarification" name="Should test for Clarification" time="34.111">
      <system-out><![CDATA[
RESULT: undefined
COMMAND: POST /session/668384e1c1f73f3d5461b9d538daca42/element - {"using":"xpath","value":"//*[@id=\"__tile132\"]"}
COMMAND: GET /session/668384e1c1f73f3d5461b9d538daca42/screenshot - {}
RESULT: {"script":"<script> [1562 bytes]","args":[{"selector":{"controlType":"sap.m.SearchField","viewName":"etm.portal.ui.managehandovers.view.MasterHO","bindingPath":{"propertyPath":"/_BASIC_SEARCH_FIELD","modelName":"fi1t3rM0d31"},"interaction":{"idSuffix":"I"}},"wdio_ui5_key":"etmportal.ui.managehandovers.view.MasterHOsap.m.SearchField{\"propertyPath\":\"/_BASIC_SEARCH_FIELD\",\"modelName\":\"fi1t3rM0d31\"}"}]}
RESULT: undefined
RESULT: {"using":"xpath","value":"//*[@id=\"__tile132\"]"}
COMMAND: POST /session/668384e1c1f73f3d5461b9d538daca42/element/f.F64AD31729AEE402AD374BC91D68D115.d.2F203EF75D82152DD591F50B420993B5.e.17523/click - {}
RESULT: {}
RESULT: undefined
COMMAND: POST /session/668384e1c1f73f3d5461b9d538daca42/execute/async - {"script":"<script> [776 bytes]","args":[{"enterText":"30336","selector":{"controlType":"sap.m.SearchField","viewName":"etm.portal.ui.managehandovers.view.MasterHO","bindingPath":{"propertyPath":"/_BASIC_SEARCH_FIELD","modelName":"fi1t3rM0d31"},"interaction":{"idSuffix":"I"}},"clearTextFirst":true,"interactionType":"ENTER_TEXT"}]}
RESULT: {"script":"<script> [776 bytes]","args":[{"enterText":"30336","selector":{"controlType":"sap.m.SearchField","viewName":"etm.portal.ui.managehandovers.view.MasterHO","bindingPath":{"propertyPath":"/_BASIC_SEARCH_FIELD","modelName":"fi1t3rM0d31"},"interaction":{"idSuffix":"I"}},"clearTextFirst":true,"interactionType":"ENTER_TEXT"}]}
COMMAND: POST /session/668384e1c1f73f3d5461b9d538daca42/actions - {"actions":[{"id":"action89","type":"key","parameters":{},"actions":[{"type":"keyDown","value":"î€‡"},{"type":"pause","duration":10},{"type":"keyUp","value":"î€‡"}]}]}
RESULT: {"actions":[{"id":"action89","type":"key","parameters":{},"actions":[{"type":"keyDown","value":"î€‡"},{"type":"pause","duration":10},{"type":"keyUp","value":"î€‡"}]}]}
COMMAND: GET /session/668384e1c1f73f3d5461b9d538daca42/screenshot - {}
RESULT: {}
COMMAND: POST /session/668384e1c1f73f3d5461b9d538daca42/element - {"using":"xpath","value":"//span[(text() = '30336' or . = '30336')]"}
RESULT: {"using":"xpath","value":"//span[(text() = '30336' or . = '30336')]"}
COMMAND: POST /session/668384e1c1f73f3d5461b9d538daca42/element/f.F64AD31729AEE402AD374BC91D68D115.d.2F203EF75D82152DD591F50B420993B5.e.19607/click - {}
RESULT: {}
COMMAND: GET /session/668384e1c1f73f3d5461b9d538daca42/screenshot - {}
RESULT: {}
COMMAND: POST /session/668384e1c1f73f3d5461b9d538daca42/execute/async - {"script":"<script> [1562 bytes]","args":[{"selector":{"id":"instructionsTabFilter","viewName":"etm.portal.ui.managehandovers.view.DetailExecuteHO","interaction":{"idSuffix":"text"}},"wdio_ui5_key":"instructionsTabFilteretmportal.ui.managehandovers.view.DetailExecuteHO"}]}
RESULT: {"script":"<script> [1562 bytes]","args":[{"selector":{"id":"instructionsTabFilter","viewName":"etm.portal.ui.managehandovers.view.DetailExecuteHO","interaction":{"idSuffix":"text"}},"wdio_ui5_key":"instructionsTabFilteretmportal.ui.managehandovers.view.DetailExecuteHO"}]}
RESULT: undefined
RESULT: undefined
COMMAND: POST /session/668384e1c1f73f3d5461b9d538daca42/execute/async - {"script":"<script> [1562 bytes]","args":[{"selector":{"controlType":"sap.m.ToggleButton","viewName":"etm.portal.ui.managehandovers.view.DetailExecuteHO","i18NText":{"propertyName":"text","key":"refuse"},"interaction":{"idSuffix":"BDI-content"}},"wdio_ui5_key":"etmportal.ui.managehandovers.view.DetailExecuteHOsap.m.ToggleButton{\"propertyName\":\"text\",\"key\":\"refuse\"}"}]}
RESULT: {"script":"<script> [1562 bytes]","args":[{"selector":{"controlType":"sap.m.ToggleButton","viewName":"etm.portal.ui.managehandovers.view.DetailExecuteHO","i18NText":{"propertyName":"text","key":"refuse"},"interaction":{"idSuffix":"BDI-content"}},"wdio_ui5_key":"etmportal.ui.managehandovers.view.DetailExecuteHOsap.m.ToggleButton{\"propertyName\":\"text\",\"key\":\"refuse\"}"}]}
RESULT: undefined
COMMAND: POST /session/668384e1c1f73f3d5461b9d538daca42/execute/async - {"script":"<script> [1562 bytes]","args":[{"selector":{"id":"confirmationButton","viewName":"etm.portal.ui.managehandovers.view.DetailExecuteHO","interaction":{"idSuffix":"BDI-content"},"properties":{"text":"Receive / Refuse"}},"wdio_ui5_key":"confirmationButtonetmportal.ui.managehandovers.view.DetailExecuteHO{\"text\":\"Receive / Refuse\"}"}]}
RESULT: {"script":"<script> [1562 bytes]","args":[{"selector":{"id":"confirmationButton","viewName":"etm.portal.ui.managehandovers.view.DetailExecuteHO","interaction":{"idSuffix":"BDI-content"},"properties":{"text":"Receive / Refuse"}},"wdio_ui5_key":"confirmationButtonetmportal.ui.managehandovers.view.DetailExecuteHO{\"text\":\"Receive / Refuse\"}"}]}
RESULT: undefined
]]></system-out>
    </testcase>
  </testsuite>
</testsuites>