<?xml version="1.0" encoding="UTF-8"?>
<testsuites tests="7" failures="0" errors="0" skipped="0">
  <testsuite timestamp="2025-05-19T15:23:43" time="840.469" tests="7" failures="0" errors="0" skipped="0">
    <properties>
      <property name="specId" value="0" />
      <property name="suiteName" value="Related resources for groups US139107" />
      <property name="capabilities" value="chrome.136_0_7103_93.windows" />
      <property name="file" value="file:///D:/a/1/s/test/specs/R2C/related-resources-area-rpg.spec.js" />
    </properties>
    <testcase classname="chrome.136_0_7103_93.windows.Related_resources_for_groups_US139107" name="Should create a new yard" time="147.401">
      <system-out><![CDATA[
COMMAND: POST /session/637568dc4cf1cd5e9e2bce0435ccc97f/execute/async - {"script":"<script> [1562 bytes]","args":[{"selector":{"controlType":"sap.m.GenericTile","properties":{"header":"Manage Yards"}},"wdio_ui5_key":"sapm.GenericTile{\"header\":\"Manage Yards\"}"}]}
RESULT: {"script":"<script> [1562 bytes]","args":[{"selector":{"controlType":"sap.m.GenericTile","properties":{"header":"Manage Yards"}},"wdio_ui5_key":"sapm.GenericTile{\"header\":\"Manage Yards\"}"}]}
RESULT: undefined
COMMAND: POST /session/637568dc4cf1cd5e9e2bce0435ccc97f/element - {"using":"xpath","value":"//*[@id=\"__tile41\"]"}
RESULT: {"using":"xpath","value":"//*[@id=\"__tile41\"]"}
COMMAND: POST /session/637568dc4cf1cd5e9e2bce0435ccc97f/element/f.C8BBCCC1F21DA4C6A9A6557DB6FC64D7.d.83726FC9C69F5C8534AFAA6B87269019.e.122/click - {}
RESULT: {}
COMMAND: GET /session/637568dc4cf1cd5e9e2bce0435ccc97f/screenshot - {}
RESULT: {}
COMMAND: POST /session/637568dc4cf1cd5e9e2bce0435ccc97f/elements - {"using":"xpath","value":"//span[text()='Error']"}
RESULT: {"using":"xpath","value":"//span[text()='Error']"}
COMMAND: POST /session/637568dc4cf1cd5e9e2bce0435ccc97f/execute/async - {"script":"<script> [1562 bytes]","args":[{"selector":{"controlType":"sap.ui.core.Icon","viewName":"etm.portal.ui.manageyards.view.Master","viewId":"application-manageyards-display-component---masterYard","properties":{"src":{"regex":{"source":"add"}}}},"wdio_ui5_key":"etmportal.ui.manageyards.view.Mastersap.ui.core.Icon{\"src\":{\"regex\":{\"source\":\"add\"}}}"}]}
RESULT: {"script":"<script> [1562 bytes]","args":[{"selector":{"controlType":"sap.ui.core.Icon","viewName":"etm.portal.ui.manageyards.view.Master","viewId":"application-manageyards-display-component---masterYard","properties":{"src":{"regex":{"source":"add"}}}},"wdio_ui5_key":"etmportal.ui.manageyards.view.Mastersap.ui.core.Icon{\"src\":{\"regex\":{\"source\":\"add\"}}}"}]}
RESULT: undefined
COMMAND: POST /session/637568dc4cf1cd5e9e2bce0435ccc97f/element - {"using":"xpath","value":"//*[@id=\"__button4-img\"]"}
RESULT: {"using":"xpath","value":"//*[@id=\"__button4-img\"]"}
COMMAND: POST /session/637568dc4cf1cd5e9e2bce0435ccc97f/element/f.C8BBCCC1F21DA4C6A9A6557DB6FC64D7.d.83726FC9C69F5C8534AFAA6B87269019.e.171/click - {}
RESULT: {}
COMMAND: GET /session/637568dc4cf1cd5e9e2bce0435ccc97f/screenshot - {}
RESULT: {}
COMMAND: POST /session/637568dc4cf1cd5e9e2bce0435ccc97f/execute/async - {"script":"<script> [1562 bytes]","args":[{"selector":{"id":"application-manageyards-display-component---NewYard--yardId","interaction":{"idSuffix":"inner"}},"wdio_ui5_key":"applicationmanageyards-display-component---NewYard--yardId"}]}
RESULT: {"script":"<script> [1562 bytes]","args":[{"selector":{"id":"application-manageyards-display-component---NewYard--yardId","interaction":{"idSuffix":"inner"}},"wdio_ui5_key":"applicationmanageyards-display-component---NewYard--yardId"}]}
RESULT: undefined
COMMAND: POST /session/637568dc4cf1cd5e9e2bce0435ccc97f/element - {"using":"xpath","value":"//*[@id=\"application-manageyards-display-component---NewYard--addressDetailDetailsName1-inner\"]"}
RESULT: {"using":"xpath","value":"//*[@id=\"application-manageyards-display-component---NewYard--addressDetailDetailsName1-inner\"]"}
COMMAND: POST /session/637568dc4cf1cd5e9e2bce0435ccc97f/element/f.C8BBCCC1F21DA4C6A9A6557DB6FC64D7.d.83726FC9C69F5C8534AFAA6B87269019.e.339/clear - {}
RESULT: {}
COMMAND: POST /session/637568dc4cf1cd5e9e2bce0435ccc97f/element/f.C8BBCCC1F21DA4C6A9A6557DB6FC64D7.d.83726FC9C69F5C8534AFAA6B87269019.e.339/value - {"text":"WebdriverYardwp0gq"}
COMMAND: GET /session/637568dc4cf1cd5e9e2bce0435ccc97f/screenshot - {}
RESULT: {"text":"WebdriverYardwp0gq"}
COMMAND: POST /session/637568dc4cf1cd5e9e2bce0435ccc97f/element - {"using":"xpath","value":"//*[@id=\"application-manageyards-display-component---NewYard--addressDetailDetailsLanguage-inner\"]"}
COMMAND: GET /session/637568dc4cf1cd5e9e2bce0435ccc97f/screenshot - {}
RESULT: {}
RESULT: {"using":"xpath","value":"//*[@id=\"application-manageyards-display-component---NewYard--addressDetailDetailsLanguage-inner\"]"}
COMMAND: POST /session/637568dc4cf1cd5e9e2bce0435ccc97f/element/f.C8BBCCC1F21DA4C6A9A6557DB6FC64D7.d.83726FC9C69F5C8534AFAA6B87269019.e.340/clear - {}
RESULT: {}
RESULT: {}
COMMAND: POST /session/637568dc4cf1cd5e9e2bce0435ccc97f/element/f.C8BBCCC1F21DA4C6A9A6557DB6FC64D7.d.83726FC9C69F5C8534AFAA6B87269019.e.340/value - {"text":"Romanian"}
COMMAND: GET /session/637568dc4cf1cd5e9e2bce0435ccc97f/screenshot - {}
RESULT: {"text":"Romanian"}
COMMAND: POST /session/637568dc4cf1cd5e9e2bce0435ccc97f/element - {"using":"xpath","value":"//input[contains(@id ,\"application-manageyards-display-component---NewYard--addressDetailDetailsName1-inner\")]"}
COMMAND: GET /session/637568dc4cf1cd5e9e2bce0435ccc97f/screenshot - {}
RESULT: {}
RESULT: {"using":"xpath","value":"//input[contains(@id ,\"application-manageyards-display-component---NewYard--addressDetailDetailsName1-inner\")]"}
COMMAND: GET /session/637568dc4cf1cd5e9e2bce0435ccc97f/element/f.C8BBCCC1F21DA4C6A9A6557DB6FC64D7.d.83726FC9C69F5C8534AFAA6B87269019.e.339/property/value - {}
RESULT: {}
RESULT: {}
COMMAND: GET /session/637568dc4cf1cd5e9e2bce0435ccc97f/screenshot - {}
RESULT: {}
COMMAND: POST /session/637568dc4cf1cd5e9e2bce0435ccc97f/element - {"using":"xpath","value":"//*[@id=\"application-manageyards-display-component---NewYard--addressDetailDetailsCity1-inner\"]"}
RESULT: {"using":"xpath","value":"//*[@id=\"application-manageyards-display-component---NewYard--addressDetailDetailsCity1-inner\"]"}
COMMAND: POST /session/637568dc4cf1cd5e9e2bce0435ccc97f/element/f.C8BBCCC1F21DA4C6A9A6557DB6FC64D7.d.83726FC9C69F5C8534AFAA6B87269019.e.342/clear - {}
RESULT: {}
COMMAND: POST /session/637568dc4cf1cd5e9e2bce0435ccc97f/element/f.C8BBCCC1F21DA4C6A9A6557DB6FC64D7.d.83726FC9C69F5C8534AFAA6B87269019.e.342/value - {"text":"Bucuresti"}
COMMAND: GET /session/637568dc4cf1cd5e9e2bce0435ccc97f/screenshot - {}
RESULT: {"text":"Bucuresti"}
COMMAND: GET /session/637568dc4cf1cd5e9e2bce0435ccc97f/screenshot - {}
RESULT: {}
RESULT: {}
COMMAND: POST /session/637568dc4cf1cd5e9e2bce0435ccc97f/element - {"using":"xpath","value":"//*[@id=\"application-manageyards-display-component---NewYard--addressDetailDetailsCountry-inner\"]"}
RESULT: {"using":"xpath","value":"//*[@id=\"application-manageyards-display-component---NewYard--addressDetailDetailsCountry-inner\"]"}
COMMAND: POST /session/637568dc4cf1cd5e9e2bce0435ccc97f/element/f.C8BBCCC1F21DA4C6A9A6557DB6FC64D7.d.83726FC9C69F5C8534AFAA6B87269019.e.346/clear - {}
RESULT: {}
COMMAND: POST /session/637568dc4cf1cd5e9e2bce0435ccc97f/element/f.C8BBCCC1F21DA4C6A9A6557DB6FC64D7.d.83726FC9C69F5C8534AFAA6B87269019.e.346/value - {"text":"Romania"}
COMMAND: GET /session/637568dc4cf1cd5e9e2bce0435ccc97f/screenshot - {}
RESULT: {"text":"Romania"}
COMMAND: GET /session/637568dc4cf1cd5e9e2bce0435ccc97f/screenshot - {}
RESULT: {}
RESULT: {}
COMMAND: POST /session/637568dc4cf1cd5e9e2bce0435ccc97f/element - {"using":"xpath","value":"//div[contains(text(), \"Commercial\")]"}
RESULT: {"using":"xpath","value":"//div[contains(text(), \"Commercial\")]"}
COMMAND: GET /session/637568dc4cf1cd5e9e2bce0435ccc97f/element/f.C8BBCCC1F21DA4C6A9A6557DB6FC64D7.d.83726FC9C69F5C8534AFAA6B87269019.e.589/rect - {}
RESULT: {}
COMMAND: GET /session/637568dc4cf1cd5e9e2bce0435ccc97f/window/rect - {}
RESULT: {}
COMMAND: POST /session/637568dc4cf1cd5e9e2bce0435ccc97f/execute/sync - {"script":"<script> [92 bytes]","args":[]}
RESULT: {"script":"<script> [92 bytes]","args":[]}
COMMAND: POST /session/637568dc4cf1cd5e9e2bce0435ccc97f/actions - {"actions":[{"id":"action1","type":"wheel","parameters":{},"actions":[{"type":"scroll","x":-1841,"y":-44,"deltaX":0,"deltaY":0,"duration":0,"origin":{"element-6066-11e4-a52e-4f735466cecf":"f.C8BBCCC1F21DA4C6A9A6557DB6FC64D7.d.83726FC9C69F5C8534AFAA6B87269019.e.589"}}]}]}
COMMAND: GET /session/637568dc4cf1cd5e9e2bce0435ccc97f/screenshot - {}
RESULT: {}
COMMAND: POST /session/637568dc4cf1cd5e9e2bce0435ccc97f/execute/sync - {"script":"<script> [79 bytes]","args":[{"element-6066-11e4-a52e-4f735466cecf":"f.C8BBCCC1F21DA4C6A9A6557DB6FC64D7.d.83726FC9C69F5C8534AFAA6B87269019.e.589","ELEMENT":"f.C8BBCCC1F21DA4C6A9A6557DB6FC64D7.d.83726FC9C69F5C8534AFAA6B87269019.e.589"},{"block":"start","inline":"nearest"}]}
RESULT: {"script":"<script> [79 bytes]","args":[{"element-6066-11e4-a52e-4f735466cecf":"f.C8BBCCC1F21DA4C6A9A6557DB6FC64D7.d.83726FC9C69F5C8534AFAA6B87269019.e.589","ELEMENT":"f.C8BBCCC1F21DA4C6A9A6557DB6FC64D7.d.83726FC9C69F5C8534AFAA6B87269019.e.589"},{"block":"start","inline":"nearest"}]}
COMMAND: GET /session/637568dc4cf1cd5e9e2bce0435ccc97f/screenshot - {}
RESULT: {}
COMMAND: POST /session/637568dc4cf1cd5e9e2bce0435ccc97f/execute/async - {"script":"<script> [1562 bytes]","args":[{"selector":{"id":"application-manageyards-display-component---NewYard--addressEditDetailsCostObjectCstType-arrow"},"wdio_ui5_key":"applicationmanageyards-display-component---NewYard--addressEditDetailsCostObjectCstType-arrow"}]}
RESULT: {"script":"<script> [1562 bytes]","args":[{"selector":{"id":"application-manageyards-display-component---NewYard--addressEditDetailsCostObjectCstType-arrow"},"wdio_ui5_key":"applicationmanageyards-display-component---NewYard--addressEditDetailsCostObjectCstType-arrow"}]}
RESULT: undefined
COMMAND: POST /session/637568dc4cf1cd5e9e2bce0435ccc97f/element - {"using":"xpath","value":"//*[@id=\"application-manageyards-display-component---NewYard--addressEditDetailsCostObjectCstType-arrow\"]"}
RESULT: {"using":"xpath","value":"//*[@id=\"application-manageyards-display-component---NewYard--addressEditDetailsCostObjectCstType-arrow\"]"}
COMMAND: POST /session/637568dc4cf1cd5e9e2bce0435ccc97f/element/f.C8BBCCC1F21DA4C6A9A6557DB6FC64D7.d.83726FC9C69F5C8534AFAA6B87269019.e.597/click - {}
RESULT: {}
COMMAND: POST /session/637568dc4cf1cd5e9e2bce0435ccc97f/element - {"using":"xpath","value":"//span[contains(text(), \"Cost Center\")]"}
COMMAND: GET /session/637568dc4cf1cd5e9e2bce0435ccc97f/screenshot - {}
RESULT: {"using":"xpath","value":"//span[contains(text(), \"Cost Center\")]"}
COMMAND: POST /session/637568dc4cf1cd5e9e2bce0435ccc97f/element/f.C8BBCCC1F21DA4C6A9A6557DB6FC64D7.d.83726FC9C69F5C8534AFAA6B87269019.e.598/click - {}
RESULT: {}
RESULT: {}
COMMAND: GET /session/637568dc4cf1cd5e9e2bce0435ccc97f/screenshot - {}
RESULT: {}
COMMAND: POST /session/637568dc4cf1cd5e9e2bce0435ccc97f/execute/async - {"script":"<script> [1562 bytes]","args":[{"selector":{"id":"application-manageyards-display-component---NewYard--addressNewCostObjectCstID-vhi"},"wdio_ui5_key":"applicationmanageyards-display-component---NewYard--addressNewCostObjectCstID-vhi"}]}
RESULT: {"script":"<script> [1562 bytes]","args":[{"selector":{"id":"application-manageyards-display-component---NewYard--addressNewCostObjectCstID-vhi"},"wdio_ui5_key":"applicationmanageyards-display-component---NewYard--addressNewCostObjectCstID-vhi"}]}
RESULT: undefined
COMMAND: POST /session/637568dc4cf1cd5e9e2bce0435ccc97f/element - {"using":"xpath","value":"//*[@id=\"application-manageyards-display-component---NewYard--addressNewCostObjectCstID-vhi\"]"}
RESULT: {"using":"xpath","value":"//*[@id=\"application-manageyards-display-component---NewYard--addressNewCostObjectCstID-vhi\"]"}
COMMAND: POST /session/637568dc4cf1cd5e9e2bce0435ccc97f/element/f.C8BBCCC1F21DA4C6A9A6557DB6FC64D7.d.83726FC9C69F5C8534AFAA6B87269019.e.602/click - {}
RESULT: {}
COMMAND: GET /session/637568dc4cf1cd5e9e2bce0435ccc97f/screenshot - {}
RESULT: {}
COMMAND: POST /session/637568dc4cf1cd5e9e2bce0435ccc97f/execute/async - {"script":"<script> [1562 bytes]","args":[{"selector":{"controlType":"sap.m.SearchField","properties":{"placeholder":"Search"},"searchOpenDialogs":true,"interaction":{"idSuffix":"I"}},"wdio_ui5_key":"sapm.SearchField{\"placeholder\":\"Search\"}"}]}
RESULT: {"script":"<script> [1562 bytes]","args":[{"selector":{"controlType":"sap.m.SearchField","properties":{"placeholder":"Search"},"searchOpenDialogs":true,"interaction":{"idSuffix":"I"}},"wdio_ui5_key":"sapm.SearchField{\"placeholder\":\"Search\"}"}]}
RESULT: undefined
COMMAND: POST /session/637568dc4cf1cd5e9e2bce0435ccc97f/execute/async - {"script":"<script> [776 bytes]","args":[{"enterText":"10001013","selector":{"controlType":"sap.m.SearchField","properties":{"placeholder":"Search"},"searchOpenDialogs":true,"interaction":{"idSuffix":"I"}},"clearTextFirst":true,"interactionType":"ENTER_TEXT"}]}
RESULT: {"script":"<script> [776 bytes]","args":[{"enterText":"10001013","selector":{"controlType":"sap.m.SearchField","properties":{"placeholder":"Search"},"searchOpenDialogs":true,"interaction":{"idSuffix":"I"}},"clearTextFirst":true,"interactionType":"ENTER_TEXT"}]}
COMMAND: POST /session/637568dc4cf1cd5e9e2bce0435ccc97f/actions - {"actions":[{"id":"action2","type":"key","parameters":{},"actions":[{"type":"keyDown","value":"î€‡"},{"type":"pause","duration":10},{"type":"keyUp","value":"î€‡"}]}]}
RESULT: {"actions":[{"id":"action2","type":"key","parameters":{},"actions":[{"type":"keyDown","value":"î€‡"},{"type":"pause","duration":10},{"type":"keyUp","value":"î€‡"}]}]}
COMMAND: GET /session/637568dc4cf1cd5e9e2bce0435ccc97f/screenshot - {}
RESULT: {}
COMMAND: POST /session/637568dc4cf1cd5e9e2bce0435ccc97f/element - {"using":"xpath","value":"//span[contains(text(), \"General Management\")]"}
RESULT: {"using":"xpath","value":"//span[contains(text(), \"General Management\")]"}
COMMAND: POST /session/637568dc4cf1cd5e9e2bce0435ccc97f/element/f.C8BBCCC1F21DA4C6A9A6557DB6FC64D7.d.83726FC9C69F5C8534AFAA6B87269019.e.644/click - {}
RESULT: {}
COMMAND: GET /session/637568dc4cf1cd5e9e2bce0435ccc97f/screenshot - {}
RESULT: {}
COMMAND: POST /session/637568dc4cf1cd5e9e2bce0435ccc97f/element - {"using":"xpath","value":"//bdi[contains(text(), \"OK\")]"}
RESULT: {"using":"xpath","value":"//bdi[contains(text(), \"OK\")]"}
COMMAND: POST /session/637568dc4cf1cd5e9e2bce0435ccc97f/element/f.C8BBCCC1F21DA4C6A9A6557DB6FC64D7.d.83726FC9C69F5C8534AFAA6B87269019.e.645/click - {}
RESULT: {}
COMMAND: GET /session/637568dc4cf1cd5e9e2bce0435ccc97f/screenshot - {}
RESULT: {}
COMMAND: POST /session/637568dc4cf1cd5e9e2bce0435ccc97f/execute/async - {"script":"<script> [1562 bytes]","args":[{"selector":{"controlType":"sap.m.Button","viewName":"etm.portal.ui.manageyards.view.New","viewId":"application-manageyards-display-component---NewYard","i18NText":{"propertyName":"text","key":"save"},"interaction":{"idSuffix":"inner"}},"wdio_ui5_key":"etmportal.ui.manageyards.view.Newsap.m.Button{\"propertyName\":\"text\",\"key\":\"save\"}"}]}
RESULT: {"script":"<script> [1562 bytes]","args":[{"selector":{"controlType":"sap.m.Button","viewName":"etm.portal.ui.manageyards.view.New","viewId":"application-manageyards-display-component---NewYard","i18NText":{"propertyName":"text","key":"save"},"interaction":{"idSuffix":"inner"}},"wdio_ui5_key":"etmportal.ui.manageyards.view.Newsap.m.Button{\"propertyName\":\"text\",\"key\":\"save\"}"}]}
RESULT: undefined
COMMAND: POST /session/637568dc4cf1cd5e9e2bce0435ccc97f/element - {"using":"xpath","value":"//*[@id=\"__button18\"]"}
RESULT: {"using":"xpath","value":"//*[@id=\"__button18\"]"}
COMMAND: POST /session/637568dc4cf1cd5e9e2bce0435ccc97f/element/f.C8BBCCC1F21DA4C6A9A6557DB6FC64D7.d.83726FC9C69F5C8534AFAA6B87269019.e.552/click - {}
RESULT: {}
COMMAND: GET /session/637568dc4cf1cd5e9e2bce0435ccc97f/screenshot - {}
RESULT: {}
COMMAND: POST /session/637568dc4cf1cd5e9e2bce0435ccc97f/element - {"using":"xpath","value":"//header/div/div[2]/div[2]/span"}
RESULT: {"using":"xpath","value":"//header/div/div[2]/div[2]/span"}
COMMAND: GET /session/637568dc4cf1cd5e9e2bce0435ccc97f/element/f.C8BBCCC1F21DA4C6A9A6557DB6FC64D7.d.83726FC9C69F5C8534AFAA6B87269019.e.843/text - {}
RESULT: {}
COMMAND: POST /session/637568dc4cf1cd5e9e2bce0435ccc97f/execute/async - {"script":"<script> [1562 bytes]","args":[{"selector":{"controlType":"sap.m.OverflowToolbarButton","viewName":"etm.portal.ui.manageyards.view.Detail","viewId":"application-manageyards-display-component---detailYard","i18NText":{"propertyName":"tooltip","key":"closeColumn"},"interaction":{"idSuffix":"inner"}},"wdio_ui5_key":"etmportal.ui.manageyards.view.Detailsap.m.OverflowToolbarButton{\"propertyName\":\"tooltip\",\"key\":\"closeColumn\"}"}]}
RESULT: {"script":"<script> [1562 bytes]","args":[{"selector":{"controlType":"sap.m.OverflowToolbarButton","viewName":"etm.portal.ui.manageyards.view.Detail","viewId":"application-manageyards-display-component---detailYard","i18NText":{"propertyName":"tooltip","key":"closeColumn"},"interaction":{"idSuffix":"inner"}},"wdio_ui5_key":"etmportal.ui.manageyards.view.Detailsap.m.OverflowToolbarButton{\"propertyName\":\"tooltip\",\"key\":\"closeColumn\"}"}]}
RESULT: undefined
COMMAND: POST /session/637568dc4cf1cd5e9e2bce0435ccc97f/element - {"using":"xpath","value":"//*[@id=\"__button40\"]"}
RESULT: {"using":"xpath","value":"//*[@id=\"__button40\"]"}
COMMAND: POST /session/637568dc4cf1cd5e9e2bce0435ccc97f/element/f.C8BBCCC1F21DA4C6A9A6557DB6FC64D7.d.83726FC9C69F5C8534AFAA6B87269019.e.845/click - {}
RESULT: {}
COMMAND: GET /session/637568dc4cf1cd5e9e2bce0435ccc97f/screenshot - {}
RESULT: {}
COMMAND: POST /session/637568dc4cf1cd5e9e2bce0435ccc97f/element - {"using":"css selector","value":"#shell-header-logo"}
RESULT: {"using":"css selector","value":"#shell-header-logo"}
COMMAND: POST /session/637568dc4cf1cd5e9e2bce0435ccc97f/element/f.C8BBCCC1F21DA4C6A9A6557DB6FC64D7.d.83726FC9C69F5C8534AFAA6B87269019.e.126/click - {}
RESULT: {}
COMMAND: GET /session/637568dc4cf1cd5e9e2bce0435ccc97f/screenshot - {}
RESULT: {}
COMMAND: POST /session/637568dc4cf1cd5e9e2bce0435ccc97f/refresh - {}
RESULT: {}
COMMAND: GET /session/637568dc4cf1cd5e9e2bce0435ccc97f/screenshot - {}
RESULT: {}
COMMAND: POST /session/637568dc4cf1cd5e9e2bce0435ccc97f/execute/async - {"script":"<script> [189 bytes]","args":[]}
RESULT: {"script":"<script> [189 bytes]","args":[]}
COMMAND: POST /session/637568dc4cf1cd5e9e2bce0435ccc97f/execute/async - {"script":"<script> [123 bytes]","args":[]}
RESULT: {"script":"<script> [123 bytes]","args":[]}
COMMAND: POST /session/637568dc4cf1cd5e9e2bce0435ccc97f/timeouts - {"script":"<number>"}
RESULT: {"script":"<number>"}
COMMAND: GET /session/637568dc4cf1cd5e9e2bce0435ccc97f/timeouts - {}
RESULT: {}
RESULT: undefined
COMMAND: POST /session/637568dc4cf1cd5e9e2bce0435ccc97f/execute/async - {"script":"<script> [2676 bytes]","args":[]}
RESULT: {"script":"<script> [2676 bytes]","args":[]}
COMMAND: POST /session/637568dc4cf1cd5e9e2bce0435ccc97f/execute/async - {"script":"<script> [2342 bytes]","args":[{"protocol":"http","hostname":"0.0.0.0","path":"/","capabilities":{"browserName":"chrome","goog:chromeOptions":{"binary":"C:\\Program Files\\Google\\Chrome\\Application\\chrome.exe","args":["--start-maximized"]}},"logLevel":"warn","connectionRetryTimeout":120000,"connectionRetryCount":3,"logLevels":{},"enableDirectConnect":true,"strictSSL":true,"_":"65 more keys: [\"cacheDir\",\"port\",\"requestedCapabilities\",\"automationProtocol\",\"baseUrl\",\"waitforInterval\",\"waitforTimeout\",\"onReload\",\"beforeCommand\",\"afterCommand\",\"rootDir\",\"specs\",\"suites\",\"exclude\",\"groupLogsByTestSpec\",\"excludeDriverLogs\",\"bail\",\"framework\",\"reporters\",\"services\",\"maxInstances\",\"maxInstancesPerCapability\",\"injectGlobals\",\"filesToWatch\",\"execArgv\",\"runnerEnv\",\"runner\",\"shard\",\"specFileRetries\",\"specFileRetriesDelay\",\"specFileRetriesDeferred\",\"reporterSyncInterval\",\"reporterSyncTimeout\",\"cucumberFeaturesWithLineNumbers\",\"autoCompileOpts\",\"mochaOpts\",\"jasmineOpts\",\"cucumberOpts\",\"onPrepare\",\"onWorkerStart\",\"onWorkerEnd\",\"before\",\"beforeSession\",\"beforeSuite\",\"beforeHook\",\"beforeTest\",\"afterTest\",\"afterHook\",\"afterSuite\",\"afterSession\",\"after\",\"onComplete\",\"beforeAssertion\",\"afterAssertion\",\"beforeFeature\",\"beforeScenario\",\"beforeStep\",\"afterStep\",\"afterScenario\",\"afterFeature\",\"_\",\"suite\",\"$0\",\"ignoredWorkerServices\",\"wdi5\"]"}]}
RESULT: {"script":"<script> [2342 bytes]","args":[{"protocol":"http","hostname":"0.0.0.0","path":"/","capabilities":{"browserName":"chrome","goog:chromeOptions":{"binary":"C:\\Program Files\\Google\\Chrome\\Application\\chrome.exe","args":["--start-maximized"]}},"logLevel":"warn","connectionRetryTimeout":120000,"connectionRetryCount":3,"logLevels":{},"enableDirectConnect":true,"strictSSL":true,"_":"65 more keys: [\"cacheDir\",\"port\",\"requestedCapabilities\",\"automationProtocol\",\"baseUrl\",\"waitforInterval\",\"waitforTimeout\",\"onReload\",\"beforeCommand\",\"afterCommand\",\"rootDir\",\"specs\",\"suites\",\"exclude\",\"groupLogsByTestSpec\",\"excludeDriverLogs\",\"bail\",\"framework\",\"reporters\",\"services\",\"maxInstances\",\"maxInstancesPerCapability\",\"injectGlobals\",\"filesToWatch\",\"execArgv\",\"runnerEnv\",\"runner\",\"shard\",\"specFileRetries\",\"specFileRetriesDelay\",\"specFileRetriesDeferred\",\"reporterSyncInterval\",\"reporterSyncTimeout\",\"cucumberFeaturesWithLineNumbers\",\"autoCompileOpts\",\"mochaOpts\",\"jasmineOpts\",\"cucumberOpts\",\"onPrepare\",\"onWorkerStart\",\"onWorkerEnd\",\"before\",\"beforeSession\",\"beforeSuite\",\"beforeHook\",\"beforeTest\",\"afterTest\",\"afterHook\",\"afterSuite\",\"afterSession\",\"after\",\"onComplete\",\"beforeAssertion\",\"afterAssertion\",\"beforeFeature\",\"beforeScenario\",\"beforeStep\",\"afterStep\",\"afterScenario\",\"afterFeature\",\"_\",\"suite\",\"$0\",\"ignoredWorkerServices\",\"wdi5\"]"}]}
COMMAND: POST /session/637568dc4cf1cd5e9e2bce0435ccc97f/execute/async - {"script":"<script> [21126 bytes]","args":[35000]}
RESULT: {"script":"<script> [21126 bytes]","args":[35000]}
]]></system-out>
    </testcase>
    <testcase classname="chrome.136_0_7103_93.windows.Related_resources_for_groups_US139107" name="Should create a resource of type group" time="98.395">
      <system-out><![CDATA[
COMMAND: POST /session/637568dc4cf1cd5e9e2bce0435ccc97f/execute/async - {"script":"<script> [1562 bytes]","args":[{"selector":{"controlType":"sap.m.GenericTile","properties":{"header":"Manage Resources"}},"wdio_ui5_key":"sapm.GenericTile{\"header\":\"Manage Resources\"}"}]}
RESULT: {"script":"<script> [1562 bytes]","args":[{"selector":{"controlType":"sap.m.GenericTile","properties":{"header":"Manage Resources"}},"wdio_ui5_key":"sapm.GenericTile{\"header\":\"Manage Resources\"}"}]}
RESULT: undefined
COMMAND: POST /session/637568dc4cf1cd5e9e2bce0435ccc97f/element - {"using":"xpath","value":"//*[@id=\"__tile39\"]"}
RESULT: {"using":"xpath","value":"//*[@id=\"__tile39\"]"}
COMMAND: POST /session/637568dc4cf1cd5e9e2bce0435ccc97f/element/f.C8BBCCC1F21DA4C6A9A6557DB6FC64D7.d.80434BEBC31B8A799F7E15614819D341.e.1197/click - {}
RESULT: {}
COMMAND: GET /session/637568dc4cf1cd5e9e2bce0435ccc97f/screenshot - {}
RESULT: {}
COMMAND: POST /session/637568dc4cf1cd5e9e2bce0435ccc97f/elements - {"using":"xpath","value":"//span[text()='Error']"}
RESULT: {"using":"xpath","value":"//span[text()='Error']"}
COMMAND: POST /session/637568dc4cf1cd5e9e2bce0435ccc97f/element - {"using":"xpath","value":"//button[@data-kt=\"addNewRUOverflowToolbarButton\"]"}
RESULT: {"using":"xpath","value":"//button[@data-kt=\"addNewRUOverflowToolbarButton\"]"}
COMMAND: POST /session/637568dc4cf1cd5e9e2bce0435ccc97f/execute/sync - {"script":"<script> [8489 bytes]","args":[{"element-6066-11e4-a52e-4f735466cecf":"f.C8BBCCC1F21DA4C6A9A6557DB6FC64D7.d.80434BEBC31B8A799F7E15614819D341.e.1241","ELEMENT":"f.C8BBCCC1F21DA4C6A9A6557DB6FC64D7.d.80434BEBC31B8A799F7E15614819D341.e.1241"}]}
RESULT: {"script":"<script> [8489 bytes]","args":[{"element-6066-11e4-a52e-4f735466cecf":"f.C8BBCCC1F21DA4C6A9A6557DB6FC64D7.d.80434BEBC31B8A799F7E15614819D341.e.1241","ELEMENT":"f.C8BBCCC1F21DA4C6A9A6557DB6FC64D7.d.80434BEBC31B8A799F7E15614819D341.e.1241"}]}
COMMAND: POST /session/637568dc4cf1cd5e9e2bce0435ccc97f/element/f.C8BBCCC1F21DA4C6A9A6557DB6FC64D7.d.80434BEBC31B8A799F7E15614819D341.e.1241/click - {}
COMMAND: GET /session/637568dc4cf1cd5e9e2bce0435ccc97f/screenshot - {}
RESULT: {}
COMMAND: GET /session/637568dc4cf1cd5e9e2bce0435ccc97f/screenshot - {}
RESULT: {}
RESULT: {}
COMMAND: POST /session/637568dc4cf1cd5e9e2bce0435ccc97f/execute/async - {"script":"<script> [1562 bytes]","args":[{"selector":{"id":"application-manageresources-display-component---newResourceUnit--TYPE-arrow"},"wdio_ui5_key":"applicationmanageresources-display-component---newResourceUnit--TYPE-arrow"}]}
RESULT: {"script":"<script> [1562 bytes]","args":[{"selector":{"id":"application-manageresources-display-component---newResourceUnit--TYPE-arrow"},"wdio_ui5_key":"applicationmanageresources-display-component---newResourceUnit--TYPE-arrow"}]}
RESULT: undefined
COMMAND: POST /session/637568dc4cf1cd5e9e2bce0435ccc97f/element - {"using":"xpath","value":"//*[@id=\"application-manageresources-display-component---newResourceUnit--TYPE-arrow\"]"}
RESULT: {"using":"xpath","value":"//*[@id=\"application-manageresources-display-component---newResourceUnit--TYPE-arrow\"]"}
COMMAND: POST /session/637568dc4cf1cd5e9e2bce0435ccc97f/element/f.C8BBCCC1F21DA4C6A9A6557DB6FC64D7.d.80434BEBC31B8A799F7E15614819D341.e.1559/click - {}
RESULT: {}
COMMAND: POST /session/637568dc4cf1cd5e9e2bce0435ccc97f/execute/async - {"script":"<script> [1562 bytes]","args":[{"selector":{"controlType":"sap.m.StandardListItem","viewName":"reusables.view.manageresources.NewResourceUnit","viewId":"application-manageresources-display-component---newResourceUnit","properties":{"title":"Group"},"searchOpenDialogs":true,"interaction":{"idSuffix":"content"}},"wdio_ui5_key":"reusablesview.manageresources.NewResourceUnitsap.m.StandardListItem{\"title\":\"Group\"}"}]}
COMMAND: GET /session/637568dc4cf1cd5e9e2bce0435ccc97f/screenshot - {}
RESULT: {"script":"<script> [1562 bytes]","args":[{"selector":{"controlType":"sap.m.StandardListItem","viewName":"reusables.view.manageresources.NewResourceUnit","viewId":"application-manageresources-display-component---newResourceUnit","properties":{"title":"Group"},"searchOpenDialogs":true,"interaction":{"idSuffix":"content"}},"wdio_ui5_key":"reusablesview.manageresources.NewResourceUnitsap.m.StandardListItem{\"title\":\"Group\"}"}]}
RESULT: undefined
COMMAND: POST /session/637568dc4cf1cd5e9e2bce0435ccc97f/element - {"using":"xpath","value":"//*[@id=\"__item149\"]"}
RESULT: {}
RESULT: {"using":"xpath","value":"//*[@id=\"__item149\"]"}
COMMAND: POST /session/637568dc4cf1cd5e9e2bce0435ccc97f/element/f.C8BBCCC1F21DA4C6A9A6557DB6FC64D7.d.80434BEBC31B8A799F7E15614819D341.e.1562/click - {}
RESULT: {}
COMMAND: GET /session/637568dc4cf1cd5e9e2bce0435ccc97f/screenshot - {}
RESULT: {}
COMMAND: POST /session/637568dc4cf1cd5e9e2bce0435ccc97f/execute/async - {"script":"<script> [1562 bytes]","args":[{"selector":{"id":"application-manageresources-display-component---newResourceUnit--SHORT_TEXT","interaction":{"idSuffix":"inner"}},"wdio_ui5_key":"applicationmanageresources-display-component---newResourceUnit--SHORT_TEXT"}]}
RESULT: {"script":"<script> [1562 bytes]","args":[{"selector":{"id":"application-manageresources-display-component---newResourceUnit--SHORT_TEXT","interaction":{"idSuffix":"inner"}},"wdio_ui5_key":"applicationmanageresources-display-component---newResourceUnit--SHORT_TEXT"}]}
RESULT: undefined
COMMAND: POST /session/637568dc4cf1cd5e9e2bce0435ccc97f/execute/async - {"script":"<script> [776 bytes]","args":[{"enterText":"WdIORUGroupwqru8i","selector":{"id":"application-manageresources-display-component---newResourceUnit--SHORT_TEXT","interaction":{"idSuffix":"inner"}},"clearTextFirst":true,"interactionType":"ENTER_TEXT"}]}
RESULT: {"script":"<script> [776 bytes]","args":[{"enterText":"WdIORUGroupwqru8i","selector":{"id":"application-manageresources-display-component---newResourceUnit--SHORT_TEXT","interaction":{"idSuffix":"inner"}},"clearTextFirst":true,"interactionType":"ENTER_TEXT"}]}
COMMAND: POST /session/637568dc4cf1cd5e9e2bce0435ccc97f/execute/async - {"script":"<script> [1562 bytes]","args":[{"selector":{"id":"application-manageresources-display-component---newResourceUnit--BASE_UNIT_OF_MEASURE","interaction":{"idSuffix":"inner"}},"wdio_ui5_key":"applicationmanageresources-display-component---newResourceUnit--BASE_UNIT_OF_MEASURE"}]}
RESULT: {"script":"<script> [1562 bytes]","args":[{"selector":{"id":"application-manageresources-display-component---newResourceUnit--BASE_UNIT_OF_MEASURE","interaction":{"idSuffix":"inner"}},"wdio_ui5_key":"applicationmanageresources-display-component---newResourceUnit--BASE_UNIT_OF_MEASURE"}]}
RESULT: undefined
COMMAND: POST /session/637568dc4cf1cd5e9e2bce0435ccc97f/execute/async - {"script":"<script> [776 bytes]","args":[{"enterText":"Piece","selector":{"id":"application-manageresources-display-component---newResourceUnit--BASE_UNIT_OF_MEASURE","interaction":{"idSuffix":"inner"}},"clearTextFirst":true,"interactionType":"ENTER_TEXT"}]}
RESULT: {"script":"<script> [776 bytes]","args":[{"enterText":"Piece","selector":{"id":"application-manageresources-display-component---newResourceUnit--BASE_UNIT_OF_MEASURE","interaction":{"idSuffix":"inner"}},"clearTextFirst":true,"interactionType":"ENTER_TEXT"}]}
COMMAND: POST /session/637568dc4cf1cd5e9e2bce0435ccc97f/execute/async - {"script":"<script> [1562 bytes]","args":[{"selector":{"id":"application-manageresources-display-component---newResourceUnit--newRRUPage-OPHeaderContent-collapseBtn-img"},"wdio_ui5_key":"applicationmanageresources-display-component---newResourceUnit--newRRUPage-OPHeaderContent-collapseBtn-img"}]}
RESULT: {"script":"<script> [1562 bytes]","args":[{"selector":{"id":"application-manageresources-display-component---newResourceUnit--newRRUPage-OPHeaderContent-collapseBtn-img"},"wdio_ui5_key":"applicationmanageresources-display-component---newResourceUnit--newRRUPage-OPHeaderContent-collapseBtn-img"}]}
RESULT: undefined
COMMAND: POST /session/637568dc4cf1cd5e9e2bce0435ccc97f/element - {"using":"xpath","value":"//*[@id=\"application-manageresources-display-component---newResourceUnit--newRRUPage-OPHeaderContent-collapseBtn-img\"]"}
RESULT: {"using":"xpath","value":"//*[@id=\"application-manageresources-display-component---newResourceUnit--newRRUPage-OPHeaderContent-collapseBtn-img\"]"}
COMMAND: POST /session/637568dc4cf1cd5e9e2bce0435ccc97f/element/f.C8BBCCC1F21DA4C6A9A6557DB6FC64D7.d.80434BEBC31B8A799F7E15614819D341.e.1570/click - {}
RESULT: {}
COMMAND: GET /session/637568dc4cf1cd5e9e2bce0435ccc97f/screenshot - {}
RESULT: {}
COMMAND: POST /session/637568dc4cf1cd5e9e2bce0435ccc97f/execute/async - {"script":"<script> [1562 bytes]","args":[{"selector":{"id":"application-manageresources-display-component---newResourceUnit--newRRUPage-anchBar-application-manageresources-display-component---newResourceUnit--control-anchor","interaction":{"idSuffix":"BDI-content"}},"wdio_ui5_key":"applicationmanageresources-display-component---newResourceUnit--newRRUPage-anchBar-application-manageresources-display-component---newResourceUnit--control-anchor"}]}
RESULT: {"script":"<script> [1562 bytes]","args":[{"selector":{"id":"application-manageresources-display-component---newResourceUnit--newRRUPage-anchBar-application-manageresources-display-component---newResourceUnit--control-anchor","interaction":{"idSuffix":"BDI-content"}},"wdio_ui5_key":"applicationmanageresources-display-component---newResourceUnit--newRRUPage-anchBar-application-manageresources-display-component---newResourceUnit--control-anchor"}]}
RESULT: undefined
COMMAND: POST /session/637568dc4cf1cd5e9e2bce0435ccc97f/element - {"using":"xpath","value":"//*[@id=\"application-manageresources-display-component---newResourceUnit--newRRUPage-anchBar-application-manageresources-display-component---newResourceUnit--control-anchor\"]"}
RESULT: {"using":"xpath","value":"//*[@id=\"application-manageresources-display-component---newResourceUnit--newRRUPage-anchBar-application-manageresources-display-component---newResourceUnit--control-anchor\"]"}
COMMAND: POST /session/637568dc4cf1cd5e9e2bce0435ccc97f/element/f.C8BBCCC1F21DA4C6A9A6557DB6FC64D7.d.80434BEBC31B8A799F7E15614819D341.e.1615/click - {}
RESULT: {}
COMMAND: POST /session/637568dc4cf1cd5e9e2bce0435ccc97f/execute/async - {"script":"<script> [1562 bytes]","args":[{"selector":{"id":"application-manageresources-display-component---newResourceUnit--PLANNING_GROUP","interaction":{"idSuffix":"inner"}},"wdio_ui5_key":"applicationmanageresources-display-component---newResourceUnit--PLANNING_GROUP"}]}
COMMAND: GET /session/637568dc4cf1cd5e9e2bce0435ccc97f/screenshot - {}
RESULT: {"script":"<script> [1562 bytes]","args":[{"selector":{"id":"application-manageresources-display-component---newResourceUnit--PLANNING_GROUP","interaction":{"idSuffix":"inner"}},"wdio_ui5_key":"applicationmanageresources-display-component---newResourceUnit--PLANNING_GROUP"}]}
RESULT: undefined
COMMAND: POST /session/637568dc4cf1cd5e9e2bce0435ccc97f/execute/async - {"script":"<script> [776 bytes]","args":[{"enterText":"Heavy Equi","selector":{"id":"application-manageresources-display-component---newResourceUnit--PLANNING_GROUP","interaction":{"idSuffix":"inner"}},"clearTextFirst":true,"interactionType":"ENTER_TEXT"}]}
RESULT: {}
RESULT: {"script":"<script> [776 bytes]","args":[{"enterText":"Heavy Equi","selector":{"id":"application-manageresources-display-component---newResourceUnit--PLANNING_GROUP","interaction":{"idSuffix":"inner"}},"clearTextFirst":true,"interactionType":"ENTER_TEXT"}]}
COMMAND: POST /session/637568dc4cf1cd5e9e2bce0435ccc97f/element - {"using":"xpath","value":"//bdi[contains(text(), \"Time Segment\")]"}
RESULT: {"using":"xpath","value":"//bdi[contains(text(), \"Time Segment\")]"}
COMMAND: GET /session/637568dc4cf1cd5e9e2bce0435ccc97f/element/f.C8BBCCC1F21DA4C6A9A6557DB6FC64D7.d.80434BEBC31B8A799F7E15614819D341.e.1622/rect - {}
RESULT: {}
COMMAND: GET /session/637568dc4cf1cd5e9e2bce0435ccc97f/window/rect - {}
RESULT: {}
COMMAND: POST /session/637568dc4cf1cd5e9e2bce0435ccc97f/execute/sync - {"script":"<script> [92 bytes]","args":[]}
RESULT: {"script":"<script> [92 bytes]","args":[]}
COMMAND: POST /session/637568dc4cf1cd5e9e2bce0435ccc97f/actions - {"actions":[{"id":"action3","type":"wheel","parameters":{},"actions":[{"type":"scroll","x":-1820,"y":-21,"deltaX":0,"deltaY":0,"duration":0,"origin":{"element-6066-11e4-a52e-4f735466cecf":"f.C8BBCCC1F21DA4C6A9A6557DB6FC64D7.d.80434BEBC31B8A799F7E15614819D341.e.1622"}}]}]}
COMMAND: GET /session/637568dc4cf1cd5e9e2bce0435ccc97f/screenshot - {}
RESULT: {}
COMMAND: POST /session/637568dc4cf1cd5e9e2bce0435ccc97f/execute/sync - {"script":"<script> [79 bytes]","args":[{"element-6066-11e4-a52e-4f735466cecf":"f.C8BBCCC1F21DA4C6A9A6557DB6FC64D7.d.80434BEBC31B8A799F7E15614819D341.e.1622","ELEMENT":"f.C8BBCCC1F21DA4C6A9A6557DB6FC64D7.d.80434BEBC31B8A799F7E15614819D341.e.1622"},{"block":"start","inline":"nearest"}]}
RESULT: {"script":"<script> [79 bytes]","args":[{"element-6066-11e4-a52e-4f735466cecf":"f.C8BBCCC1F21DA4C6A9A6557DB6FC64D7.d.80434BEBC31B8A799F7E15614819D341.e.1622","ELEMENT":"f.C8BBCCC1F21DA4C6A9A6557DB6FC64D7.d.80434BEBC31B8A799F7E15614819D341.e.1622"},{"block":"start","inline":"nearest"}]}
COMMAND: GET /session/637568dc4cf1cd5e9e2bce0435ccc97f/screenshot - {}
RESULT: {}
COMMAND: POST /session/637568dc4cf1cd5e9e2bce0435ccc97f/execute/async - {"script":"<script> [1562 bytes]","args":[{"selector":{"id":"application-manageresources-display-component---newResourceUnit--btnAddTimeSegment-img"},"wdio_ui5_key":"applicationmanageresources-display-component---newResourceUnit--btnAddTimeSegment-img"}]}
RESULT: {"script":"<script> [1562 bytes]","args":[{"selector":{"id":"application-manageresources-display-component---newResourceUnit--btnAddTimeSegment-img"},"wdio_ui5_key":"applicationmanageresources-display-component---newResourceUnit--btnAddTimeSegment-img"}]}
RESULT: undefined
COMMAND: POST /session/637568dc4cf1cd5e9e2bce0435ccc97f/element - {"using":"xpath","value":"//*[@id=\"application-manageresources-display-component---newResourceUnit--btnAddTimeSegment-img\"]"}
RESULT: {"using":"xpath","value":"//*[@id=\"application-manageresources-display-component---newResourceUnit--btnAddTimeSegment-img\"]"}
COMMAND: POST /session/637568dc4cf1cd5e9e2bce0435ccc97f/element/f.C8BBCCC1F21DA4C6A9A6557DB6FC64D7.d.80434BEBC31B8A799F7E15614819D341.e.1625/click - {}
RESULT: {}
COMMAND: GET /session/637568dc4cf1cd5e9e2bce0435ccc97f/screenshot - {}
COMMAND: POST /session/637568dc4cf1cd5e9e2bce0435ccc97f/element - {"using":"xpath","value":"//input[@id=\"application-manageresources-display-component---newResourceUnit--idRuTSAdmin-application-manageresources-display-component---newResourceUnit--RUTimeSegment-0-inner\"]"}
RESULT: {}
RESULT: {"using":"xpath","value":"//input[@id=\"application-manageresources-display-component---newResourceUnit--idRuTSAdmin-application-manageresources-display-component---newResourceUnit--RUTimeSegment-0-inner\"]"}
COMMAND: POST /session/637568dc4cf1cd5e9e2bce0435ccc97f/element/f.C8BBCCC1F21DA4C6A9A6557DB6FC64D7.d.80434BEBC31B8A799F7E15614819D341.e.1628/clear - {}
RESULT: {}
COMMAND: POST /session/637568dc4cf1cd5e9e2bce0435ccc97f/element/f.C8BBCCC1F21DA4C6A9A6557DB6FC64D7.d.80434BEBC31B8A799F7E15614819D341.e.1628/value - {"text":"WebdriverYardwp0gq"}
COMMAND: GET /session/637568dc4cf1cd5e9e2bce0435ccc97f/screenshot - {}
RESULT: {"text":"WebdriverYardwp0gq"}
COMMAND: GET /session/637568dc4cf1cd5e9e2bce0435ccc97f/screenshot - {}
RESULT: {}
RESULT: {}
COMMAND: POST /session/637568dc4cf1cd5e9e2bce0435ccc97f/actions - {"actions":[{"id":"action4","type":"key","parameters":{},"actions":[{"type":"keyDown","value":"î€‡"},{"type":"pause","duration":10},{"type":"keyUp","value":"î€‡"}]}]}
RESULT: {"actions":[{"id":"action4","type":"key","parameters":{},"actions":[{"type":"keyDown","value":"î€‡"},{"type":"pause","duration":10},{"type":"keyUp","value":"î€‡"}]}]}
COMMAND: GET /session/637568dc4cf1cd5e9e2bce0435ccc97f/screenshot - {}
RESULT: {}
COMMAND: POST /session/637568dc4cf1cd5e9e2bce0435ccc97f/execute/async - {"script":"<script> [1562 bytes]","args":[{"selector":{"controlType":"sap.m.Button","viewName":"reusables.view.manageresources.NewResourceUnit","viewId":"application-manageresources-display-component---newResourceUnit","i18NText":{"propertyName":"tooltip","key":"save"},"interaction":{"idSuffix":"BDI-content"}},"wdio_ui5_key":"reusablesview.manageresources.NewResourceUnitsap.m.Button{\"propertyName\":\"tooltip\",\"key\":\"save\"}"}]}
RESULT: {"script":"<script> [1562 bytes]","args":[{"selector":{"controlType":"sap.m.Button","viewName":"reusables.view.manageresources.NewResourceUnit","viewId":"application-manageresources-display-component---newResourceUnit","i18NText":{"propertyName":"tooltip","key":"save"},"interaction":{"idSuffix":"BDI-content"}},"wdio_ui5_key":"reusablesview.manageresources.NewResourceUnitsap.m.Button{\"propertyName\":\"tooltip\",\"key\":\"save\"}"}]}
RESULT: undefined
COMMAND: POST /session/637568dc4cf1cd5e9e2bce0435ccc97f/element - {"using":"xpath","value":"//*[@id=\"application-manageresources-display-component---newResourceUnit--createRuButton\"]"}
RESULT: {"using":"xpath","value":"//*[@id=\"application-manageresources-display-component---newResourceUnit--createRuButton\"]"}
COMMAND: POST /session/637568dc4cf1cd5e9e2bce0435ccc97f/element/f.C8BBCCC1F21DA4C6A9A6557DB6FC64D7.d.80434BEBC31B8A799F7E15614819D341.e.1576/click - {}
RESULT: {}
COMMAND: GET /session/637568dc4cf1cd5e9e2bce0435ccc97f/screenshot - {}
RESULT: {}
COMMAND: POST /session/637568dc4cf1cd5e9e2bce0435ccc97f/execute/async - {"script":"<script> [1562 bytes]","args":[{"selector":{"controlType":"sap.m.Button","properties":{"text":"Close"},"searchOpenDialogs":true,"interaction":{"idSuffix":"inner"}},"wdio_ui5_key":"sapm.Button{\"text\":\"Close\"}"}]}
RESULT: {"script":"<script> [1562 bytes]","args":[{"selector":{"controlType":"sap.m.Button","properties":{"text":"Close"},"searchOpenDialogs":true,"interaction":{"idSuffix":"inner"}},"wdio_ui5_key":"sapm.Button{\"text\":\"Close\"}"}]}
RESULT: undefined
COMMAND: POST /session/637568dc4cf1cd5e9e2bce0435ccc97f/element - {"using":"xpath","value":"//*[@id=\"__mbox-btn-0\"]"}
RESULT: {"using":"xpath","value":"//*[@id=\"__mbox-btn-0\"]"}
COMMAND: POST /session/637568dc4cf1cd5e9e2bce0435ccc97f/element/f.C8BBCCC1F21DA4C6A9A6557DB6FC64D7.d.80434BEBC31B8A799F7E15614819D341.e.1636/click - {}
RESULT: {}
COMMAND: GET /session/637568dc4cf1cd5e9e2bce0435ccc97f/screenshot - {}
RESULT: {}
COMMAND: POST /session/637568dc4cf1cd5e9e2bce0435ccc97f/element - {"using":"css selector","value":"#shell-header-logo"}
RESULT: {"using":"css selector","value":"#shell-header-logo"}
COMMAND: POST /session/637568dc4cf1cd5e9e2bce0435ccc97f/element/f.C8BBCCC1F21DA4C6A9A6557DB6FC64D7.d.80434BEBC31B8A799F7E15614819D341.e.1199/click - {}
RESULT: {}
COMMAND: GET /session/637568dc4cf1cd5e9e2bce0435ccc97f/screenshot - {}
RESULT: {}
]]></system-out>
    </testcase>
    <testcase classname="chrome.136_0_7103_93.windows.Related_resources_for_groups_US139107" name="Should create first equipment and add it to the group" time="126.332">
      <system-out><![CDATA[
RESULT: undefined
COMMAND: POST /session/637568dc4cf1cd5e9e2bce0435ccc97f/element - {"using":"xpath","value":"//*[@id=\"__tile39\"]"}
RESULT: {"using":"xpath","value":"//*[@id=\"__tile39\"]"}
COMMAND: POST /session/637568dc4cf1cd5e9e2bce0435ccc97f/element/f.C8BBCCC1F21DA4C6A9A6557DB6FC64D7.d.80434BEBC31B8A799F7E15614819D341.e.1197/click - {}
RESULT: {}
COMMAND: GET /session/637568dc4cf1cd5e9e2bce0435ccc97f/screenshot - {}
RESULT: {}
COMMAND: POST /session/637568dc4cf1cd5e9e2bce0435ccc97f/elements - {"using":"xpath","value":"//span[text()='Error']"}
RESULT: {"using":"xpath","value":"//span[text()='Error']"}
COMMAND: POST /session/637568dc4cf1cd5e9e2bce0435ccc97f/element - {"using":"xpath","value":"//button[@data-kt=\"addNewRUOverflowToolbarButton\"]"}
RESULT: {"using":"xpath","value":"//button[@data-kt=\"addNewRUOverflowToolbarButton\"]"}
COMMAND: POST /session/637568dc4cf1cd5e9e2bce0435ccc97f/execute/sync - {"script":"<script> [8489 bytes]","args":[{"element-6066-11e4-a52e-4f735466cecf":"f.C8BBCCC1F21DA4C6A9A6557DB6FC64D7.d.80434BEBC31B8A799F7E15614819D341.e.1709","ELEMENT":"f.C8BBCCC1F21DA4C6A9A6557DB6FC64D7.d.80434BEBC31B8A799F7E15614819D341.e.1709"}]}
RESULT: {"script":"<script> [8489 bytes]","args":[{"element-6066-11e4-a52e-4f735466cecf":"f.C8BBCCC1F21DA4C6A9A6557DB6FC64D7.d.80434BEBC31B8A799F7E15614819D341.e.1709","ELEMENT":"f.C8BBCCC1F21DA4C6A9A6557DB6FC64D7.d.80434BEBC31B8A799F7E15614819D341.e.1709"}]}
COMMAND: POST /session/637568dc4cf1cd5e9e2bce0435ccc97f/element/f.C8BBCCC1F21DA4C6A9A6557DB6FC64D7.d.80434BEBC31B8A799F7E15614819D341.e.1709/click - {}
COMMAND: GET /session/637568dc4cf1cd5e9e2bce0435ccc97f/screenshot - {}
RESULT: {}
COMMAND: GET /session/637568dc4cf1cd5e9e2bce0435ccc97f/screenshot - {}
RESULT: {}
RESULT: undefined
COMMAND: POST /session/637568dc4cf1cd5e9e2bce0435ccc97f/element - {"using":"xpath","value":"//*[@id=\"application-manageresources-display-component---newResourceUnit--TYPE-arrow\"]"}
RESULT: {}
RESULT: {"using":"xpath","value":"//*[@id=\"application-manageresources-display-component---newResourceUnit--TYPE-arrow\"]"}
COMMAND: POST /session/637568dc4cf1cd5e9e2bce0435ccc97f/element/f.C8BBCCC1F21DA4C6A9A6557DB6FC64D7.d.80434BEBC31B8A799F7E15614819D341.e.2023/click - {}
RESULT: {}
COMMAND: POST /session/637568dc4cf1cd5e9e2bce0435ccc97f/execute/async - {"script":"<script> [1562 bytes]","args":[{"selector":{"controlType":"sap.m.StandardListItem","viewName":"reusables.view.manageresources.NewResourceUnit","viewId":"application-manageresources-display-component---newResourceUnit","properties":{"title":"Equipment"},"searchOpenDialogs":true,"interaction":{"idSuffix":"content"}},"wdio_ui5_key":"reusablesview.manageresources.NewResourceUnitsap.m.StandardListItem{\"title\":\"Equipment\"}"}]}
COMMAND: GET /session/637568dc4cf1cd5e9e2bce0435ccc97f/screenshot - {}
RESULT: {"script":"<script> [1562 bytes]","args":[{"selector":{"controlType":"sap.m.StandardListItem","viewName":"reusables.view.manageresources.NewResourceUnit","viewId":"application-manageresources-display-component---newResourceUnit","properties":{"title":"Equipment"},"searchOpenDialogs":true,"interaction":{"idSuffix":"content"}},"wdio_ui5_key":"reusablesview.manageresources.NewResourceUnitsap.m.StandardListItem{\"title\":\"Equipment\"}"}]}
RESULT: undefined
COMMAND: POST /session/637568dc4cf1cd5e9e2bce0435ccc97f/element - {"using":"xpath","value":"//*[@id=\"__item779\"]"}
RESULT: {}
RESULT: {"using":"xpath","value":"//*[@id=\"__item779\"]"}
COMMAND: POST /session/637568dc4cf1cd5e9e2bce0435ccc97f/element/f.C8BBCCC1F21DA4C6A9A6557DB6FC64D7.d.80434BEBC31B8A799F7E15614819D341.e.2030/click - {}
RESULT: {}
COMMAND: GET /session/637568dc4cf1cd5e9e2bce0435ccc97f/screenshot - {}
RESULT: {}
COMMAND: POST /session/637568dc4cf1cd5e9e2bce0435ccc97f/execute/async - {"script":"<script> [1562 bytes]","args":[{"selector":{"id":"application-manageresources-display-component---newResourceUnit--resourceId","interaction":{"idSuffix":"inner"}},"wdio_ui5_key":"applicationmanageresources-display-component---newResourceUnit--resourceId"}]}
RESULT: {"script":"<script> [1562 bytes]","args":[{"selector":{"id":"application-manageresources-display-component---newResourceUnit--resourceId","interaction":{"idSuffix":"inner"}},"wdio_ui5_key":"applicationmanageresources-display-component---newResourceUnit--resourceId"}]}
RESULT: undefined
COMMAND: POST /session/637568dc4cf1cd5e9e2bce0435ccc97f/execute/async - {"script":"<script> [776 bytes]","args":[{"enterText":"WdIORUEquip1lj8uj","selector":{"id":"application-manageresources-display-component---newResourceUnit--resourceId","interaction":{"idSuffix":"inner"}},"clearTextFirst":true,"interactionType":"ENTER_TEXT"}]}
RESULT: {"script":"<script> [776 bytes]","args":[{"enterText":"WdIORUEquip1lj8uj","selector":{"id":"application-manageresources-display-component---newResourceUnit--resourceId","interaction":{"idSuffix":"inner"}},"clearTextFirst":true,"interactionType":"ENTER_TEXT"}]}
RESULT: undefined
COMMAND: POST /session/637568dc4cf1cd5e9e2bce0435ccc97f/execute/async - {"script":"<script> [776 bytes]","args":[{"enterText":"WdIORUEquip1lj8uj","selector":{"id":"application-manageresources-display-component---newResourceUnit--SHORT_TEXT","interaction":{"idSuffix":"inner"}},"clearTextFirst":true,"interactionType":"ENTER_TEXT"}]}
RESULT: {"script":"<script> [776 bytes]","args":[{"enterText":"WdIORUEquip1lj8uj","selector":{"id":"application-manageresources-display-component---newResourceUnit--SHORT_TEXT","interaction":{"idSuffix":"inner"}},"clearTextFirst":true,"interactionType":"ENTER_TEXT"}]}
RESULT: undefined
COMMAND: POST /session/637568dc4cf1cd5e9e2bce0435ccc97f/execute/async - {"script":"<script> [776 bytes]","args":[{"enterText":"Piece","selector":{"id":"application-manageresources-display-component---newResourceUnit--BASE_UNIT_OF_MEASURE","interaction":{"idSuffix":"inner"}},"clearTextFirst":true,"interactionType":"ENTER_TEXT"}]}
RESULT: {"script":"<script> [776 bytes]","args":[{"enterText":"Piece","selector":{"id":"application-manageresources-display-component---newResourceUnit--BASE_UNIT_OF_MEASURE","interaction":{"idSuffix":"inner"}},"clearTextFirst":true,"interactionType":"ENTER_TEXT"}]}
COMMAND: POST /session/637568dc4cf1cd5e9e2bce0435ccc97f/element - {"using":"xpath","value":"//input[contains(@id ,\"application-manageresources-display-component---newResourceUnit--HIGHER_LEVEL_RESOURCE-inner\")]"}
RESULT: {"using":"xpath","value":"//input[contains(@id ,\"application-manageresources-display-component---newResourceUnit--HIGHER_LEVEL_RESOURCE-inner\")]"}
COMMAND: POST /session/637568dc4cf1cd5e9e2bce0435ccc97f/element/f.C8BBCCC1F21DA4C6A9A6557DB6FC64D7.d.80434BEBC31B8A799F7E15614819D341.e.2052/value - {"text":"WdIORUGroupwqru8i"}
RESULT: {"text":"WdIORUGroupwqru8i"}
COMMAND: GET /session/637568dc4cf1cd5e9e2bce0435ccc97f/screenshot - {}
RESULT: {}
COMMAND: POST /session/637568dc4cf1cd5e9e2bce0435ccc97f/actions - {"actions":[{"id":"action5","type":"key","parameters":{},"actions":[{"type":"keyDown","value":"î€‡"},{"type":"pause","duration":10},{"type":"keyUp","value":"î€‡"}]}]}
RESULT: {"actions":[{"id":"action5","type":"key","parameters":{},"actions":[{"type":"keyDown","value":"î€‡"},{"type":"pause","duration":10},{"type":"keyUp","value":"î€‡"}]}]}
COMMAND: POST /session/637568dc4cf1cd5e9e2bce0435ccc97f/execute/async - {"script":"<script> [1562 bytes]","args":[{"selector":{"id":"application-manageresources-display-component---newResourceUnit--WEIGHT_UNIT","interaction":{"idSuffix":"inner"}},"wdio_ui5_key":"applicationmanageresources-display-component---newResourceUnit--WEIGHT_UNIT"}]}
COMMAND: GET /session/637568dc4cf1cd5e9e2bce0435ccc97f/screenshot - {}
RESULT: {"script":"<script> [1562 bytes]","args":[{"selector":{"id":"application-manageresources-display-component---newResourceUnit--WEIGHT_UNIT","interaction":{"idSuffix":"inner"}},"wdio_ui5_key":"applicationmanageresources-display-component---newResourceUnit--WEIGHT_UNIT"}]}
RESULT: undefined
COMMAND: POST /session/637568dc4cf1cd5e9e2bce0435ccc97f/execute/async - {"script":"<script> [776 bytes]","args":[{"enterText":"Gram","selector":{"id":"application-manageresources-display-component---newResourceUnit--WEIGHT_UNIT","interaction":{"idSuffix":"inner"}},"clearTextFirst":true,"interactionType":"ENTER_TEXT"}]}
RESULT: {}
RESULT: {"script":"<script> [776 bytes]","args":[{"enterText":"Gram","selector":{"id":"application-manageresources-display-component---newResourceUnit--WEIGHT_UNIT","interaction":{"idSuffix":"inner"}},"clearTextFirst":true,"interactionType":"ENTER_TEXT"}]}
RESULT: undefined
COMMAND: POST /session/637568dc4cf1cd5e9e2bce0435ccc97f/element - {"using":"xpath","value":"//*[@id=\"application-manageresources-display-component---newResourceUnit--newRRUPage-OPHeaderContent-collapseBtn-img\"]"}
RESULT: {"using":"xpath","value":"//*[@id=\"application-manageresources-display-component---newResourceUnit--newRRUPage-OPHeaderContent-collapseBtn-img\"]"}
COMMAND: POST /session/637568dc4cf1cd5e9e2bce0435ccc97f/element/f.C8BBCCC1F21DA4C6A9A6557DB6FC64D7.d.80434BEBC31B8A799F7E15614819D341.e.2037/click - {}
RESULT: {}
COMMAND: GET /session/637568dc4cf1cd5e9e2bce0435ccc97f/screenshot - {}
RESULT: {}
COMMAND: POST /session/637568dc4cf1cd5e9e2bce0435ccc97f/element - {"using":"xpath","value":"(//span[contains(@id ,\"application-manageresources-display-component---newResourceUnit--DIMENSION_UNIT-arrow\")])[1]"}
RESULT: {"using":"xpath","value":"(//span[contains(@id ,\"application-manageresources-display-component---newResourceUnit--DIMENSION_UNIT-arrow\")])[1]"}
COMMAND: POST /session/637568dc4cf1cd5e9e2bce0435ccc97f/element/f.C8BBCCC1F21DA4C6A9A6557DB6FC64D7.d.80434BEBC31B8A799F7E15614819D341.e.2160/click - {}
RESULT: {}
COMMAND: GET /session/637568dc4cf1cd5e9e2bce0435ccc97f/screenshot - {}
RESULT: {}
COMMAND: POST /session/637568dc4cf1cd5e9e2bce0435ccc97f/execute/async - {"script":"<script> [1562 bytes]","args":[{"selector":{"controlType":"sap.m.StandardListItem","viewName":"reusables.view.manageresources.NewResourceUnit","viewId":"application-manageresources-display-component---newResourceUnit","properties":{"title":"Centimeter"},"searchOpenDialogs":true,"interaction":{"idSuffix":"titleText"}},"wdio_ui5_key":"reusablesview.manageresources.NewResourceUnitsap.m.StandardListItem{\"title\":\"Centimeter\"}"}]}
RESULT: {"script":"<script> [1562 bytes]","args":[{"selector":{"controlType":"sap.m.StandardListItem","viewName":"reusables.view.manageresources.NewResourceUnit","viewId":"application-manageresources-display-component---newResourceUnit","properties":{"title":"Centimeter"},"searchOpenDialogs":true,"interaction":{"idSuffix":"titleText"}},"wdio_ui5_key":"reusablesview.manageresources.NewResourceUnitsap.m.StandardListItem{\"title\":\"Centimeter\"}"}]}
RESULT: undefined
COMMAND: POST /session/637568dc4cf1cd5e9e2bce0435ccc97f/element - {"using":"xpath","value":"//*[@id=\"__item872\"]"}
RESULT: {"using":"xpath","value":"//*[@id=\"__item872\"]"}
COMMAND: POST /session/637568dc4cf1cd5e9e2bce0435ccc97f/element/f.C8BBCCC1F21DA4C6A9A6557DB6FC64D7.d.80434BEBC31B8A799F7E15614819D341.e.2162/click - {}
RESULT: {}
COMMAND: GET /session/637568dc4cf1cd5e9e2bce0435ccc97f/screenshot - {}
RESULT: {}
RESULT: undefined
COMMAND: POST /session/637568dc4cf1cd5e9e2bce0435ccc97f/element - {"using":"xpath","value":"//*[@id=\"application-manageresources-display-component---newResourceUnit--newRRUPage-anchBar-application-manageresources-display-component---newResourceUnit--control-anchor\"]"}
RESULT: {"using":"xpath","value":"//*[@id=\"application-manageresources-display-component---newResourceUnit--newRRUPage-anchBar-application-manageresources-display-component---newResourceUnit--control-anchor\"]"}
COMMAND: POST /session/637568dc4cf1cd5e9e2bce0435ccc97f/element/f.C8BBCCC1F21DA4C6A9A6557DB6FC64D7.d.80434BEBC31B8A799F7E15614819D341.e.2163/click - {}
RESULT: {}
RESULT: undefined
COMMAND: POST /session/637568dc4cf1cd5e9e2bce0435ccc97f/execute/async - {"script":"<script> [776 bytes]","args":[{"enterText":"Heavy Equi","selector":{"id":"application-manageresources-display-component---newResourceUnit--PLANNING_GROUP","interaction":{"idSuffix":"inner"}},"clearTextFirst":true,"interactionType":"ENTER_TEXT"}]}
COMMAND: GET /session/637568dc4cf1cd5e9e2bce0435ccc97f/screenshot - {}
RESULT: {"script":"<script> [776 bytes]","args":[{"enterText":"Heavy Equi","selector":{"id":"application-manageresources-display-component---newResourceUnit--PLANNING_GROUP","interaction":{"idSuffix":"inner"}},"clearTextFirst":true,"interactionType":"ENTER_TEXT"}]}
RESULT: {}
COMMAND: POST /session/637568dc4cf1cd5e9e2bce0435ccc97f/execute/async - {"script":"<script> [1562 bytes]","args":[{"selector":{"id":"application-manageresources-display-component---newResourceUnit--ITEM_TYPE-arrow"},"wdio_ui5_key":"applicationmanageresources-display-component---newResourceUnit--ITEM_TYPE-arrow"}]}
RESULT: {"script":"<script> [1562 bytes]","args":[{"selector":{"id":"application-manageresources-display-component---newResourceUnit--ITEM_TYPE-arrow"},"wdio_ui5_key":"applicationmanageresources-display-component---newResourceUnit--ITEM_TYPE-arrow"}]}
RESULT: undefined
COMMAND: POST /session/637568dc4cf1cd5e9e2bce0435ccc97f/element - {"using":"xpath","value":"//*[@id=\"application-manageresources-display-component---newResourceUnit--ITEM_TYPE-arrow\"]"}
RESULT: {"using":"xpath","value":"//*[@id=\"application-manageresources-display-component---newResourceUnit--ITEM_TYPE-arrow\"]"}
COMMAND: POST /session/637568dc4cf1cd5e9e2bce0435ccc97f/element/f.C8BBCCC1F21DA4C6A9A6557DB6FC64D7.d.80434BEBC31B8A799F7E15614819D341.e.2169/click - {}
RESULT: {}
COMMAND: POST /session/637568dc4cf1cd5e9e2bce0435ccc97f/execute/async - {"script":"<script> [1562 bytes]","args":[{"selector":{"controlType":"sap.m.StandardListItem","viewName":"reusables.view.manageresources.NewResourceUnit","viewId":"application-manageresources-display-component---newResourceUnit","properties":{"title":"Resource Unit"},"searchOpenDialogs":true,"interaction":{"idSuffix":"titleText"}},"wdio_ui5_key":"reusablesview.manageresources.NewResourceUnitsap.m.StandardListItem{\"title\":\"Resource Unit\"}"}]}
COMMAND: GET /session/637568dc4cf1cd5e9e2bce0435ccc97f/screenshot - {}
RESULT: {"script":"<script> [1562 bytes]","args":[{"selector":{"controlType":"sap.m.StandardListItem","viewName":"reusables.view.manageresources.NewResourceUnit","viewId":"application-manageresources-display-component---newResourceUnit","properties":{"title":"Resource Unit"},"searchOpenDialogs":true,"interaction":{"idSuffix":"titleText"}},"wdio_ui5_key":"reusablesview.manageresources.NewResourceUnitsap.m.StandardListItem{\"title\":\"Resource Unit\"}"}]}
RESULT: undefined
COMMAND: POST /session/637568dc4cf1cd5e9e2bce0435ccc97f/element - {"using":"xpath","value":"//*[@id=\"__item894\"]"}
RESULT: {}
RESULT: {"using":"xpath","value":"//*[@id=\"__item894\"]"}
COMMAND: POST /session/637568dc4cf1cd5e9e2bce0435ccc97f/element/f.C8BBCCC1F21DA4C6A9A6557DB6FC64D7.d.80434BEBC31B8A799F7E15614819D341.e.2171/click - {}
RESULT: {}
COMMAND: POST /session/637568dc4cf1cd5e9e2bce0435ccc97f/element - {"using":"xpath","value":"//bdi[contains(text(), \"Time Segment\")]"}
COMMAND: GET /session/637568dc4cf1cd5e9e2bce0435ccc97f/screenshot - {}
RESULT: {"using":"xpath","value":"//bdi[contains(text(), \"Time Segment\")]"}
COMMAND: GET /session/637568dc4cf1cd5e9e2bce0435ccc97f/element/f.C8BBCCC1F21DA4C6A9A6557DB6FC64D7.d.80434BEBC31B8A799F7E15614819D341.e.2172/rect - {}
RESULT: {}
RESULT: {}
COMMAND: GET /session/637568dc4cf1cd5e9e2bce0435ccc97f/window/rect - {}
RESULT: {}
COMMAND: POST /session/637568dc4cf1cd5e9e2bce0435ccc97f/execute/sync - {"script":"<script> [92 bytes]","args":[]}
RESULT: {"script":"<script> [92 bytes]","args":[]}
COMMAND: POST /session/637568dc4cf1cd5e9e2bce0435ccc97f/actions - {"actions":[{"id":"action6","type":"wheel","parameters":{},"actions":[{"type":"scroll","x":-1820,"y":-21,"deltaX":0,"deltaY":0,"duration":0,"origin":{"element-6066-11e4-a52e-4f735466cecf":"f.C8BBCCC1F21DA4C6A9A6557DB6FC64D7.d.80434BEBC31B8A799F7E15614819D341.e.2172"}}]}]}
COMMAND: GET /session/637568dc4cf1cd5e9e2bce0435ccc97f/screenshot - {}
RESULT: {}
COMMAND: POST /session/637568dc4cf1cd5e9e2bce0435ccc97f/execute/sync - {"script":"<script> [79 bytes]","args":[{"element-6066-11e4-a52e-4f735466cecf":"f.C8BBCCC1F21DA4C6A9A6557DB6FC64D7.d.80434BEBC31B8A799F7E15614819D341.e.2172","ELEMENT":"f.C8BBCCC1F21DA4C6A9A6557DB6FC64D7.d.80434BEBC31B8A799F7E15614819D341.e.2172"},{"block":"start","inline":"nearest"}]}
RESULT: {"script":"<script> [79 bytes]","args":[{"element-6066-11e4-a52e-4f735466cecf":"f.C8BBCCC1F21DA4C6A9A6557DB6FC64D7.d.80434BEBC31B8A799F7E15614819D341.e.2172","ELEMENT":"f.C8BBCCC1F21DA4C6A9A6557DB6FC64D7.d.80434BEBC31B8A799F7E15614819D341.e.2172"},{"block":"start","inline":"nearest"}]}
RESULT: undefined
COMMAND: POST /session/637568dc4cf1cd5e9e2bce0435ccc97f/element - {"using":"xpath","value":"//*[@id=\"application-manageresources-display-component---newResourceUnit--btnAddTimeSegment-img\"]"}
COMMAND: GET /session/637568dc4cf1cd5e9e2bce0435ccc97f/screenshot - {}
RESULT: {"using":"xpath","value":"//*[@id=\"application-manageresources-display-component---newResourceUnit--btnAddTimeSegment-img\"]"}
COMMAND: POST /session/637568dc4cf1cd5e9e2bce0435ccc97f/element/f.C8BBCCC1F21DA4C6A9A6557DB6FC64D7.d.80434BEBC31B8A799F7E15614819D341.e.2173/click - {}
RESULT: {}
RESULT: {}
COMMAND: GET /session/637568dc4cf1cd5e9e2bce0435ccc97f/screenshot - {}
RESULT: {}
COMMAND: POST /session/637568dc4cf1cd5e9e2bce0435ccc97f/element - {"using":"xpath","value":"//input[@id=\"application-manageresources-display-component---newResourceUnit--idRuTSAdmin-application-manageresources-display-component---newResourceUnit--RUTimeSegment-0-inner\"]"}
RESULT: {"using":"xpath","value":"//input[@id=\"application-manageresources-display-component---newResourceUnit--idRuTSAdmin-application-manageresources-display-component---newResourceUnit--RUTimeSegment-0-inner\"]"}
COMMAND: POST /session/637568dc4cf1cd5e9e2bce0435ccc97f/element/f.C8BBCCC1F21DA4C6A9A6557DB6FC64D7.d.80434BEBC31B8A799F7E15614819D341.e.2179/clear - {}
RESULT: {}
COMMAND: POST /session/637568dc4cf1cd5e9e2bce0435ccc97f/element/f.C8BBCCC1F21DA4C6A9A6557DB6FC64D7.d.80434BEBC31B8A799F7E15614819D341.e.2179/value - {"text":"WebdriverYardwp0gq"}
COMMAND: GET /session/637568dc4cf1cd5e9e2bce0435ccc97f/screenshot - {}
RESULT: {"text":"WebdriverYardwp0gq"}
COMMAND: GET /session/637568dc4cf1cd5e9e2bce0435ccc97f/screenshot - {}
RESULT: {}
RESULT: {}
COMMAND: POST /session/637568dc4cf1cd5e9e2bce0435ccc97f/actions - {"actions":[{"id":"action7","type":"key","parameters":{},"actions":[{"type":"keyDown","value":"î€‡"},{"type":"pause","duration":10},{"type":"keyUp","value":"î€‡"}]}]}
RESULT: {"actions":[{"id":"action7","type":"key","parameters":{},"actions":[{"type":"keyDown","value":"î€‡"},{"type":"pause","duration":10},{"type":"keyUp","value":"î€‡"}]}]}
COMMAND: POST /session/637568dc4cf1cd5e9e2bce0435ccc97f/execute/async - {"script":"<script> [1562 bytes]","args":[{"selector":{"controlType":"sap.ui.core.Icon","viewName":"reusables.view.manageresources.NewResourceUnit","viewId":"application-manageresources-display-component---newResourceUnit","properties":{"src":{"regex":{"source":"slim\\-arrow\\-down"}}},"ancestor":{"controlType":"sap.m.ComboBox","viewName":"reusables.view.manageresources.NewResourceUnit","viewId":"application-manageresources-display-component---newResourceUnit","bindingPath":{"path":"/RESOURCE_UNIT_TIME_SEQUENCES/0","propertyPath":"COST_OBJECT_ADMIN_CST_TYPE","modelName":"oNewRruModel"}}},"wdio_ui5_key":"reusablesview.manageresources.NewResourceUnitsap.ui.core.Icon{\"src\":{\"regex\":{\"source\":\"slim\\\\-arrow\\\\-down\"}}}{\"controlType\":\"sap.m.ComboBox\",\"viewName\":\"reusables.view.manageresources.NewResourceUnit\",\"viewId\":\"application-manageresources-display-component---newResourceUnit\",\"bindingPath\":{\"path\":\"/RESOURCE_UNIT_TIME_SEQUENCES/0\",\"propertyPath\":\"COST_OBJECT_ADMIN_CST_TYPE\",\"modelName\":\"oNewRruModel\"}}"}]}
COMMAND: GET /session/637568dc4cf1cd5e9e2bce0435ccc97f/screenshot - {}
RESULT: {"script":"<script> [1562 bytes]","args":[{"selector":{"controlType":"sap.ui.core.Icon","viewName":"reusables.view.manageresources.NewResourceUnit","viewId":"application-manageresources-display-component---newResourceUnit","properties":{"src":{"regex":{"source":"slim\\-arrow\\-down"}}},"ancestor":{"controlType":"sap.m.ComboBox","viewName":"reusables.view.manageresources.NewResourceUnit","viewId":"application-manageresources-display-component---newResourceUnit","bindingPath":{"path":"/RESOURCE_UNIT_TIME_SEQUENCES/0","propertyPath":"COST_OBJECT_ADMIN_CST_TYPE","modelName":"oNewRruModel"}}},"wdio_ui5_key":"reusablesview.manageresources.NewResourceUnitsap.ui.core.Icon{\"src\":{\"regex\":{\"source\":\"slim\\\\-arrow\\\\-down\"}}}{\"controlType\":\"sap.m.ComboBox\",\"viewName\":\"reusables.view.manageresources.NewResourceUnit\",\"viewId\":\"application-manageresources-display-component---newResourceUnit\",\"bindingPath\":{\"path\":\"/RESOURCE_UNIT_TIME_SEQUENCES/0\",\"propertyPath\":\"COST_OBJECT_ADMIN_CST_TYPE\",\"modelName\":\"oNewRruModel\"}}"}]}
RESULT: undefined
COMMAND: POST /session/637568dc4cf1cd5e9e2bce0435ccc97f/element - {"using":"xpath","value":"//*[@id=\"__box10-application-manageresources-display-component---newResourceUnit--RUTimeSegment-0-arrow\"]"}
RESULT: {}
RESULT: {"using":"xpath","value":"//*[@id=\"__box10-application-manageresources-display-component---newResourceUnit--RUTimeSegment-0-arrow\"]"}
COMMAND: POST /session/637568dc4cf1cd5e9e2bce0435ccc97f/element/f.C8BBCCC1F21DA4C6A9A6557DB6FC64D7.d.80434BEBC31B8A799F7E15614819D341.e.2191/click - {}
RESULT: {}
COMMAND: POST /session/637568dc4cf1cd5e9e2bce0435ccc97f/execute/async - {"script":"<script> [1562 bytes]","args":[{"selector":{"controlType":"sap.m.StandardListItem","viewName":"reusables.view.manageresources.NewResourceUnit","viewId":"application-manageresources-display-component---newResourceUnit","properties":{"title":"PM Order"},"searchOpenDialogs":true,"interaction":{"idSuffix":"titleText"}},"wdio_ui5_key":"reusablesview.manageresources.NewResourceUnitsap.m.StandardListItem{\"title\":\"PM Order\"}"}]}
COMMAND: GET /session/637568dc4cf1cd5e9e2bce0435ccc97f/screenshot - {}
RESULT: {"script":"<script> [1562 bytes]","args":[{"selector":{"controlType":"sap.m.StandardListItem","viewName":"reusables.view.manageresources.NewResourceUnit","viewId":"application-manageresources-display-component---newResourceUnit","properties":{"title":"PM Order"},"searchOpenDialogs":true,"interaction":{"idSuffix":"titleText"}},"wdio_ui5_key":"reusablesview.manageresources.NewResourceUnitsap.m.StandardListItem{\"title\":\"PM Order\"}"}]}
RESULT: undefined
COMMAND: POST /session/637568dc4cf1cd5e9e2bce0435ccc97f/element - {"using":"xpath","value":"//*[@id=\"__item1347\"]"}
RESULT: {}
RESULT: {"using":"xpath","value":"//*[@id=\"__item1347\"]"}
COMMAND: POST /session/637568dc4cf1cd5e9e2bce0435ccc97f/element/f.C8BBCCC1F21DA4C6A9A6557DB6FC64D7.d.80434BEBC31B8A799F7E15614819D341.e.2195/click - {}
RESULT: {}
COMMAND: GET /session/637568dc4cf1cd5e9e2bce0435ccc97f/screenshot - {}
RESULT: {}
COMMAND: POST /session/637568dc4cf1cd5e9e2bce0435ccc97f/element - {"using":"xpath","value":"(//input[contains(@id ,\"-application-manageresources-display-component---newResourceUnit--RUTimeSegment-0-inner\")])[8]"}
RESULT: {"using":"xpath","value":"(//input[contains(@id ,\"-application-manageresources-display-component---newResourceUnit--RUTimeSegment-0-inner\")])[8]"}
COMMAND: POST /session/637568dc4cf1cd5e9e2bce0435ccc97f/element/f.C8BBCCC1F21DA4C6A9A6557DB6FC64D7.d.80434BEBC31B8A799F7E15614819D341.e.2198/clear - {}
RESULT: {}
COMMAND: POST /session/637568dc4cf1cd5e9e2bce0435ccc97f/element/f.C8BBCCC1F21DA4C6A9A6557DB6FC64D7.d.80434BEBC31B8A799F7E15614819D341.e.2198/value - {"text":"4000360"}
COMMAND: GET /session/637568dc4cf1cd5e9e2bce0435ccc97f/screenshot - {}
RESULT: {"text":"4000360"}
COMMAND: GET /session/637568dc4cf1cd5e9e2bce0435ccc97f/screenshot - {}
RESULT: {}
RESULT: {}
COMMAND: POST /session/637568dc4cf1cd5e9e2bce0435ccc97f/actions - {"actions":[{"id":"action8","type":"key","parameters":{},"actions":[{"type":"keyDown","value":"î€‡"},{"type":"pause","duration":10},{"type":"keyUp","value":"î€‡"}]}]}
RESULT: {"actions":[{"id":"action8","type":"key","parameters":{},"actions":[{"type":"keyDown","value":"î€‡"},{"type":"pause","duration":10},{"type":"keyUp","value":"î€‡"}]}]}
COMMAND: GET /session/637568dc4cf1cd5e9e2bce0435ccc97f/screenshot - {}
RESULT: {}
COMMAND: POST /session/637568dc4cf1cd5e9e2bce0435ccc97f/element - {"using":"xpath","value":"//input[contains(@id ,\"application-manageresources-display-component---newResourceUnit--newTimeSegmentFromDatePicker-application-manageresources-display-component---newResourceUnit--RUTimeSegment-0-inner\")]"}
RESULT: {"using":"xpath","value":"//input[contains(@id ,\"application-manageresources-display-component---newResourceUnit--newTimeSegmentFromDatePicker-application-manageresources-display-component---newResourceUnit--RUTimeSegment-0-inner\")]"}
COMMAND: POST /session/637568dc4cf1cd5e9e2bce0435ccc97f/element/f.C8BBCCC1F21DA4C6A9A6557DB6FC64D7.d.80434BEBC31B8A799F7E15614819D341.e.2186/clear - {}
RESULT: {}
COMMAND: POST /session/637568dc4cf1cd5e9e2bce0435ccc97f/element/f.C8BBCCC1F21DA4C6A9A6557DB6FC64D7.d.80434BEBC31B8A799F7E15614819D341.e.2186/clear - {}
COMMAND: GET /session/637568dc4cf1cd5e9e2bce0435ccc97f/screenshot - {}
RESULT: {}
COMMAND: POST /session/637568dc4cf1cd5e9e2bce0435ccc97f/element/f.C8BBCCC1F21DA4C6A9A6557DB6FC64D7.d.80434BEBC31B8A799F7E15614819D341.e.2186/value - {"text":"06/19/24"}
COMMAND: GET /session/637568dc4cf1cd5e9e2bce0435ccc97f/screenshot - {}
RESULT: {}
RESULT: {"text":"06/19/24"}
COMMAND: POST /session/637568dc4cf1cd5e9e2bce0435ccc97f/execute/async - {"script":"<script> [1562 bytes]","args":[{"selector":{"id":"application-manageresources-display-component---newResourceUnit--newRRUPage-anchBar-application-manageresources-display-component---newResourceUnit--resource-anchor","interaction":{"idSuffix":"BDI-content"}},"wdio_ui5_key":"applicationmanageresources-display-component---newResourceUnit--newRRUPage-anchBar-application-manageresources-display-component---newResourceUnit--resource-anchor"}]}
COMMAND: GET /session/637568dc4cf1cd5e9e2bce0435ccc97f/screenshot - {}
RESULT: {}
RESULT: {"script":"<script> [1562 bytes]","args":[{"selector":{"id":"application-manageresources-display-component---newResourceUnit--newRRUPage-anchBar-application-manageresources-display-component---newResourceUnit--resource-anchor","interaction":{"idSuffix":"BDI-content"}},"wdio_ui5_key":"applicationmanageresources-display-component---newResourceUnit--newRRUPage-anchBar-application-manageresources-display-component---newResourceUnit--resource-anchor"}]}
RESULT: undefined
COMMAND: POST /session/637568dc4cf1cd5e9e2bce0435ccc97f/element - {"using":"xpath","value":"//*[@id=\"application-manageresources-display-component---newResourceUnit--newRRUPage-anchBar-application-manageresources-display-component---newResourceUnit--resource-anchor\"]"}
RESULT: {}
RESULT: {"using":"xpath","value":"//*[@id=\"application-manageresources-display-component---newResourceUnit--newRRUPage-anchBar-application-manageresources-display-component---newResourceUnit--resource-anchor\"]"}
COMMAND: POST /session/637568dc4cf1cd5e9e2bce0435ccc97f/element/f.C8BBCCC1F21DA4C6A9A6557DB6FC64D7.d.80434BEBC31B8A799F7E15614819D341.e.2219/click - {}
RESULT: {}
COMMAND: POST /session/637568dc4cf1cd5e9e2bce0435ccc97f/execute/async - {"script":"<script> [1562 bytes]","args":[{"selector":{"id":"application-manageresources-display-component---newResourceUnit--PLANNED_DELIVERY_DATE","interaction":{"idSuffix":"inner"}},"wdio_ui5_key":"applicationmanageresources-display-component---newResourceUnit--PLANNED_DELIVERY_DATE"}]}
COMMAND: GET /session/637568dc4cf1cd5e9e2bce0435ccc97f/screenshot - {}
RESULT: {"script":"<script> [1562 bytes]","args":[{"selector":{"id":"application-manageresources-display-component---newResourceUnit--PLANNED_DELIVERY_DATE","interaction":{"idSuffix":"inner"}},"wdio_ui5_key":"applicationmanageresources-display-component---newResourceUnit--PLANNED_DELIVERY_DATE"}]}
RESULT: undefined
COMMAND: POST /session/637568dc4cf1cd5e9e2bce0435ccc97f/execute/async - {"script":"<script> [6424 bytes]","args":[{"element-6066-11e4-a52e-4f735466cecf":"f.C8BBCCC1F21DA4C6A9A6557DB6FC64D7.d.80434BEBC31B8A799F7E15614819D341.e.2082"},"setValue",["06/19/24"]]}
RESULT: {}
RESULT: {"script":"<script> [6424 bytes]","args":[{"element-6066-11e4-a52e-4f735466cecf":"f.C8BBCCC1F21DA4C6A9A6557DB6FC64D7.d.80434BEBC31B8A799F7E15614819D341.e.2082"},"setValue",["06/19/24"]]}
COMMAND: POST /session/637568dc4cf1cd5e9e2bce0435ccc97f/execute/async - {"script":"<script> [1562 bytes]","args":[{"selector":{"id":"application-manageresources-display-component---newResourceUnit--RETIRE_PLANNED_DATE","interaction":{"idSuffix":"inner"}},"wdio_ui5_key":"applicationmanageresources-display-component---newResourceUnit--RETIRE_PLANNED_DATE"}]}
RESULT: {"script":"<script> [1562 bytes]","args":[{"selector":{"id":"application-manageresources-display-component---newResourceUnit--RETIRE_PLANNED_DATE","interaction":{"idSuffix":"inner"}},"wdio_ui5_key":"applicationmanageresources-display-component---newResourceUnit--RETIRE_PLANNED_DATE"}]}
RESULT: undefined
COMMAND: POST /session/637568dc4cf1cd5e9e2bce0435ccc97f/execute/async - {"script":"<script> [776 bytes]","args":[{"enterText":"3/14/29","selector":{"id":"application-manageresources-display-component---newResourceUnit--RETIRE_PLANNED_DATE","interaction":{"idSuffix":"inner"}},"clearTextFirst":true,"interactionType":"ENTER_TEXT"}]}
RESULT: {"script":"<script> [776 bytes]","args":[{"enterText":"3/14/29","selector":{"id":"application-manageresources-display-component---newResourceUnit--RETIRE_PLANNED_DATE","interaction":{"idSuffix":"inner"}},"clearTextFirst":true,"interactionType":"ENTER_TEXT"}]}
RESULT: undefined
COMMAND: POST /session/637568dc4cf1cd5e9e2bce0435ccc97f/element - {"using":"xpath","value":"//*[@id=\"application-manageresources-display-component---newResourceUnit--createRuButton\"]"}
RESULT: {"using":"xpath","value":"//*[@id=\"application-manageresources-display-component---newResourceUnit--createRuButton\"]"}
COMMAND: POST /session/637568dc4cf1cd5e9e2bce0435ccc97f/element/f.C8BBCCC1F21DA4C6A9A6557DB6FC64D7.d.80434BEBC31B8A799F7E15614819D341.e.2043/click - {}
RESULT: {}
COMMAND: GET /session/637568dc4cf1cd5e9e2bce0435ccc97f/screenshot - {}
RESULT: {}
COMMAND: POST /session/637568dc4cf1cd5e9e2bce0435ccc97f/element - {"using":"xpath","value":"(//bdi[contains(text(), \"Close\")])[1]"}
RESULT: {"using":"xpath","value":"(//bdi[contains(text(), \"Close\")])[1]"}
COMMAND: POST /session/637568dc4cf1cd5e9e2bce0435ccc97f/element/f.C8BBCCC1F21DA4C6A9A6557DB6FC64D7.d.80434BEBC31B8A799F7E15614819D341.e.2230/click - {}
RESULT: {}
COMMAND: GET /session/637568dc4cf1cd5e9e2bce0435ccc97f/screenshot - {}
]]></system-out>
    </testcase>
    <testcase classname="chrome.136_0_7103_93.windows.Related_resources_for_groups_US139107" name="Should create one more equipment using copy function and add it to the group" time="80.234">
      <system-out><![CDATA[
COMMAND: POST /session/637568dc4cf1cd5e9e2bce0435ccc97f/element - {"using":"xpath","value":"//span[contains(@id ,\"actionsToolbar-overflowButton-img\")]"}
RESULT: {}
RESULT: {"using":"xpath","value":"//span[contains(@id ,\"actionsToolbar-overflowButton-img\")]"}
COMMAND: POST /session/637568dc4cf1cd5e9e2bce0435ccc97f/execute/sync - {"script":"<script> [8489 bytes]","args":[{"element-6066-11e4-a52e-4f735466cecf":"f.C8BBCCC1F21DA4C6A9A6557DB6FC64D7.d.80434BEBC31B8A799F7E15614819D341.e.2259","ELEMENT":"f.C8BBCCC1F21DA4C6A9A6557DB6FC64D7.d.80434BEBC31B8A799F7E15614819D341.e.2259"}]}
RESULT: {"script":"<script> [8489 bytes]","args":[{"element-6066-11e4-a52e-4f735466cecf":"f.C8BBCCC1F21DA4C6A9A6557DB6FC64D7.d.80434BEBC31B8A799F7E15614819D341.e.2259","ELEMENT":"f.C8BBCCC1F21DA4C6A9A6557DB6FC64D7.d.80434BEBC31B8A799F7E15614819D341.e.2259"}]}
COMMAND: POST /session/637568dc4cf1cd5e9e2bce0435ccc97f/execute/sync - {"script":"<script> [5351 bytes]","args":[{"element-6066-11e4-a52e-4f735466cecf":"f.C8BBCCC1F21DA4C6A9A6557DB6FC64D7.d.80434BEBC31B8A799F7E15614819D341.e.2259","ELEMENT":"f.C8BBCCC1F21DA4C6A9A6557DB6FC64D7.d.80434BEBC31B8A799F7E15614819D341.e.2259"}]}
COMMAND: GET /session/637568dc4cf1cd5e9e2bce0435ccc97f/screenshot - {}
RESULT: {"script":"<script> [5351 bytes]","args":[{"element-6066-11e4-a52e-4f735466cecf":"f.C8BBCCC1F21DA4C6A9A6557DB6FC64D7.d.80434BEBC31B8A799F7E15614819D341.e.2259","ELEMENT":"f.C8BBCCC1F21DA4C6A9A6557DB6FC64D7.d.80434BEBC31B8A799F7E15614819D341.e.2259"}]}
COMMAND: GET /session/637568dc4cf1cd5e9e2bce0435ccc97f/screenshot - {}
RESULT: {}
COMMAND: POST /session/637568dc4cf1cd5e9e2bce0435ccc97f/execute/sync - {"script":"<script> [8489 bytes]","args":[{"element-6066-11e4-a52e-4f735466cecf":"f.C8BBCCC1F21DA4C6A9A6557DB6FC64D7.d.80434BEBC31B8A799F7E15614819D341.e.2259","ELEMENT":"f.C8BBCCC1F21DA4C6A9A6557DB6FC64D7.d.80434BEBC31B8A799F7E15614819D341.e.2259"}]}
RESULT: {}
RESULT: {"script":"<script> [8489 bytes]","args":[{"element-6066-11e4-a52e-4f735466cecf":"f.C8BBCCC1F21DA4C6A9A6557DB6FC64D7.d.80434BEBC31B8A799F7E15614819D341.e.2259","ELEMENT":"f.C8BBCCC1F21DA4C6A9A6557DB6FC64D7.d.80434BEBC31B8A799F7E15614819D341.e.2259"}]}
COMMAND: POST /session/637568dc4cf1cd5e9e2bce0435ccc97f/execute/sync - {"script":"<script> [5351 bytes]","args":[{"element-6066-11e4-a52e-4f735466cecf":"f.C8BBCCC1F21DA4C6A9A6557DB6FC64D7.d.80434BEBC31B8A799F7E15614819D341.e.2259","ELEMENT":"f.C8BBCCC1F21DA4C6A9A6557DB6FC64D7.d.80434BEBC31B8A799F7E15614819D341.e.2259"}]}
COMMAND: GET /session/637568dc4cf1cd5e9e2bce0435ccc97f/screenshot - {}
RESULT: {"script":"<script> [5351 bytes]","args":[{"element-6066-11e4-a52e-4f735466cecf":"f.C8BBCCC1F21DA4C6A9A6557DB6FC64D7.d.80434BEBC31B8A799F7E15614819D341.e.2259","ELEMENT":"f.C8BBCCC1F21DA4C6A9A6557DB6FC64D7.d.80434BEBC31B8A799F7E15614819D341.e.2259"}]}
COMMAND: POST /session/637568dc4cf1cd5e9e2bce0435ccc97f/element/f.C8BBCCC1F21DA4C6A9A6557DB6FC64D7.d.80434BEBC31B8A799F7E15614819D341.e.2259/click - {}
COMMAND: GET /session/637568dc4cf1cd5e9e2bce0435ccc97f/screenshot - {}
RESULT: {}
RESULT: {}
COMMAND: GET /session/637568dc4cf1cd5e9e2bce0435ccc97f/screenshot - {}
RESULT: {}
RESULT: {}
COMMAND: POST /session/637568dc4cf1cd5e9e2bce0435ccc97f/execute/async - {"script":"<script> [1562 bytes]","args":[{"selector":{"controlType":"sap.m.Button","viewName":"etm.portal.ui.manageresources.view.Detail","viewId":"application-manageresources-display-component---detailRU","i18NText":{"propertyName":"text","key":"copy"},"interaction":{"idSuffix":"BDI-content"}},"wdio_ui5_key":"etmportal.ui.manageresources.view.Detailsap.m.Button{\"propertyName\":\"text\",\"key\":\"copy\"}"}]}
RESULT: {"script":"<script> [1562 bytes]","args":[{"selector":{"controlType":"sap.m.Button","viewName":"etm.portal.ui.manageresources.view.Detail","viewId":"application-manageresources-display-component---detailRU","i18NText":{"propertyName":"text","key":"copy"},"interaction":{"idSuffix":"BDI-content"}},"wdio_ui5_key":"etmportal.ui.manageresources.view.Detailsap.m.Button{\"propertyName\":\"text\",\"key\":\"copy\"}"}]}
RESULT: undefined
COMMAND: POST /session/637568dc4cf1cd5e9e2bce0435ccc97f/element - {"using":"xpath","value":"//*[@id=\"__button96\"]"}
RESULT: {"using":"xpath","value":"//*[@id=\"__button96\"]"}
COMMAND: POST /session/637568dc4cf1cd5e9e2bce0435ccc97f/element/f.C8BBCCC1F21DA4C6A9A6557DB6FC64D7.d.80434BEBC31B8A799F7E15614819D341.e.2264/click - {}
RESULT: {}
COMMAND: GET /session/637568dc4cf1cd5e9e2bce0435ccc97f/screenshot - {}
RESULT: {}
COMMAND: POST /session/637568dc4cf1cd5e9e2bce0435ccc97f/execute/async - {"script":"<script> [1562 bytes]","args":[{"selector":{"controlType":"sap.m.Button","viewName":"etm.portal.ui.manageresources.view.Detail","viewId":"application-manageresources-display-component---detailRU","i18NText":{"propertyName":"text","key":"selectAll"},"searchOpenDialogs":true,"interaction":{"idSuffix":"BDI-content"}},"wdio_ui5_key":"etmportal.ui.manageresources.view.Detailsap.m.Button{\"propertyName\":\"text\",\"key\":\"selectAll\"}"}]}
RESULT: {"script":"<script> [1562 bytes]","args":[{"selector":{"controlType":"sap.m.Button","viewName":"etm.portal.ui.manageresources.view.Detail","viewId":"application-manageresources-display-component---detailRU","i18NText":{"propertyName":"text","key":"selectAll"},"searchOpenDialogs":true,"interaction":{"idSuffix":"BDI-content"}},"wdio_ui5_key":"etmportal.ui.manageresources.view.Detailsap.m.Button{\"propertyName\":\"text\",\"key\":\"selectAll\"}"}]}
RESULT: undefined
COMMAND: POST /session/637568dc4cf1cd5e9e2bce0435ccc97f/element - {"using":"xpath","value":"//*[@id=\"__button140\"]"}
RESULT: {"using":"xpath","value":"//*[@id=\"__button140\"]"}
COMMAND: POST /session/637568dc4cf1cd5e9e2bce0435ccc97f/element/f.C8BBCCC1F21DA4C6A9A6557DB6FC64D7.d.80434BEBC31B8A799F7E15614819D341.e.2265/click - {}
RESULT: {}
COMMAND: GET /session/637568dc4cf1cd5e9e2bce0435ccc97f/screenshot - {}
RESULT: {}
COMMAND: POST /session/637568dc4cf1cd5e9e2bce0435ccc97f/execute/async - {"script":"<script> [1562 bytes]","args":[{"selector":{"controlType":"sap.m.Button","viewName":"etm.portal.ui.manageresources.view.Detail","viewId":"application-manageresources-display-component---detailRU","i18NText":{"propertyName":"text","key":"confirm"},"searchOpenDialogs":true,"interaction":{"idSuffix":"content"}},"wdio_ui5_key":"etmportal.ui.manageresources.view.Detailsap.m.Button{\"propertyName\":\"text\",\"key\":\"confirm\"}"}]}
RESULT: {"script":"<script> [1562 bytes]","args":[{"selector":{"controlType":"sap.m.Button","viewName":"etm.portal.ui.manageresources.view.Detail","viewId":"application-manageresources-display-component---detailRU","i18NText":{"propertyName":"text","key":"confirm"},"searchOpenDialogs":true,"interaction":{"idSuffix":"content"}},"wdio_ui5_key":"etmportal.ui.manageresources.view.Detailsap.m.Button{\"propertyName\":\"text\",\"key\":\"confirm\"}"}]}
RESULT: undefined
COMMAND: POST /session/637568dc4cf1cd5e9e2bce0435ccc97f/element - {"using":"xpath","value":"//*[@id=\"__button141\"]"}
RESULT: {"using":"xpath","value":"//*[@id=\"__button141\"]"}
COMMAND: POST /session/637568dc4cf1cd5e9e2bce0435ccc97f/element/f.C8BBCCC1F21DA4C6A9A6557DB6FC64D7.d.80434BEBC31B8A799F7E15614819D341.e.2289/click - {}
RESULT: {}
COMMAND: GET /session/637568dc4cf1cd5e9e2bce0435ccc97f/screenshot - {}
RESULT: {}
COMMAND: POST /session/637568dc4cf1cd5e9e2bce0435ccc97f/element - {"using":"xpath","value":"(//span[contains(@id ,\"expandBtn-inner\")])[2]"}
RESULT: {"using":"xpath","value":"(//span[contains(@id ,\"expandBtn-inner\")])[2]"}
COMMAND: POST /session/637568dc4cf1cd5e9e2bce0435ccc97f/element/f.C8BBCCC1F21DA4C6A9A6557DB6FC64D7.d.80434BEBC31B8A799F7E15614819D341.e.2302/click - {}
RESULT: {}
COMMAND: GET /session/637568dc4cf1cd5e9e2bce0435ccc97f/screenshot - {}
RESULT: {}
COMMAND: POST /session/637568dc4cf1cd5e9e2bce0435ccc97f/element - {"using":"xpath","value":"//input[contains(@id ,\"application-manageresources-display-component---newResourceUnit--resourceId-inner\")]"}
RESULT: {"using":"xpath","value":"//input[contains(@id ,\"application-manageresources-display-component---newResourceUnit--resourceId-inner\")]"}
COMMAND: POST /session/637568dc4cf1cd5e9e2bce0435ccc97f/element/f.C8BBCCC1F21DA4C6A9A6557DB6FC64D7.d.80434BEBC31B8A799F7E15614819D341.e.2047/clear - {}
RESULT: {}
COMMAND: POST /session/637568dc4cf1cd5e9e2bce0435ccc97f/element/f.C8BBCCC1F21DA4C6A9A6557DB6FC64D7.d.80434BEBC31B8A799F7E15614819D341.e.2047/value - {"text":"WdIORUEquip23bxiyk"}
COMMAND: GET /session/637568dc4cf1cd5e9e2bce0435ccc97f/screenshot - {}
RESULT: {"text":"WdIORUEquip23bxiyk"}
COMMAND: POST /session/637568dc4cf1cd5e9e2bce0435ccc97f/element - {"using":"xpath","value":"//input[contains(@id ,\"application-manageresources-display-component---newResourceUnit--SHORT_TEXT-inner\")]"}
COMMAND: GET /session/637568dc4cf1cd5e9e2bce0435ccc97f/screenshot - {}
RESULT: {}
RESULT: {"using":"xpath","value":"//input[contains(@id ,\"application-manageresources-display-component---newResourceUnit--SHORT_TEXT-inner\")]"}
COMMAND: POST /session/637568dc4cf1cd5e9e2bce0435ccc97f/element/f.C8BBCCC1F21DA4C6A9A6557DB6FC64D7.d.80434BEBC31B8A799F7E15614819D341.e.2048/clear - {}
RESULT: {}
RESULT: {}
COMMAND: POST /session/637568dc4cf1cd5e9e2bce0435ccc97f/element/f.C8BBCCC1F21DA4C6A9A6557DB6FC64D7.d.80434BEBC31B8A799F7E15614819D341.e.2048/clear - {}
COMMAND: GET /session/637568dc4cf1cd5e9e2bce0435ccc97f/screenshot - {}
RESULT: {}
COMMAND: POST /session/637568dc4cf1cd5e9e2bce0435ccc97f/element/f.C8BBCCC1F21DA4C6A9A6557DB6FC64D7.d.80434BEBC31B8A799F7E15614819D341.e.2048/value - {"text":"WdIORUEquip23bxiyk"}
COMMAND: GET /session/637568dc4cf1cd5e9e2bce0435ccc97f/screenshot - {}
RESULT: {}
RESULT: {"text":"WdIORUEquip23bxiyk"}
COMMAND: POST /session/637568dc4cf1cd5e9e2bce0435ccc97f/element - {"using":"xpath","value":"//bdi[contains(text(), \"Time Segment\")]"}
COMMAND: GET /session/637568dc4cf1cd5e9e2bce0435ccc97f/screenshot - {}
RESULT: {}
RESULT: {"using":"xpath","value":"//bdi[contains(text(), \"Time Segment\")]"}
COMMAND: GET /session/637568dc4cf1cd5e9e2bce0435ccc97f/element/f.C8BBCCC1F21DA4C6A9A6557DB6FC64D7.d.80434BEBC31B8A799F7E15614819D341.e.2172/rect - {}
RESULT: {}
RESULT: {}
COMMAND: GET /session/637568dc4cf1cd5e9e2bce0435ccc97f/window/rect - {}
RESULT: {}
COMMAND: POST /session/637568dc4cf1cd5e9e2bce0435ccc97f/execute/sync - {"script":"<script> [92 bytes]","args":[]}
RESULT: {"script":"<script> [92 bytes]","args":[]}
COMMAND: POST /session/637568dc4cf1cd5e9e2bce0435ccc97f/actions - {"actions":[{"id":"action9","type":"wheel","parameters":{},"actions":[{"type":"scroll","x":-1820,"y":1110,"deltaX":0,"deltaY":0,"duration":0,"origin":{"element-6066-11e4-a52e-4f735466cecf":"f.C8BBCCC1F21DA4C6A9A6557DB6FC64D7.d.80434BEBC31B8A799F7E15614819D341.e.2172"}}]}]}
COMMAND: GET /session/637568dc4cf1cd5e9e2bce0435ccc97f/screenshot - {}
RESULT: {}
COMMAND: POST /session/637568dc4cf1cd5e9e2bce0435ccc97f/execute/sync - {"script":"<script> [79 bytes]","args":[{"element-6066-11e4-a52e-4f735466cecf":"f.C8BBCCC1F21DA4C6A9A6557DB6FC64D7.d.80434BEBC31B8A799F7E15614819D341.e.2172","ELEMENT":"f.C8BBCCC1F21DA4C6A9A6557DB6FC64D7.d.80434BEBC31B8A799F7E15614819D341.e.2172"},{"block":"start","inline":"nearest"}]}
RESULT: {"script":"<script> [79 bytes]","args":[{"element-6066-11e4-a52e-4f735466cecf":"f.C8BBCCC1F21DA4C6A9A6557DB6FC64D7.d.80434BEBC31B8A799F7E15614819D341.e.2172","ELEMENT":"f.C8BBCCC1F21DA4C6A9A6557DB6FC64D7.d.80434BEBC31B8A799F7E15614819D341.e.2172"},{"block":"start","inline":"nearest"}]}
COMMAND: GET /session/637568dc4cf1cd5e9e2bce0435ccc97f/screenshot - {}
RESULT: {}
COMMAND: POST /session/637568dc4cf1cd5e9e2bce0435ccc97f/element - {"using":"xpath","value":"//input[@id=\"application-manageresources-display-component---newResourceUnit--idRuTSAdmin-application-manageresources-display-component---newResourceUnit--RUTimeSegment-0-inner\"]"}
RESULT: {"using":"xpath","value":"//input[@id=\"application-manageresources-display-component---newResourceUnit--idRuTSAdmin-application-manageresources-display-component---newResourceUnit--RUTimeSegment-0-inner\"]"}
COMMAND: POST /session/637568dc4cf1cd5e9e2bce0435ccc97f/element/f.C8BBCCC1F21DA4C6A9A6557DB6FC64D7.d.80434BEBC31B8A799F7E15614819D341.e.2179/clear - {}
RESULT: {}
COMMAND: POST /session/637568dc4cf1cd5e9e2bce0435ccc97f/element/f.C8BBCCC1F21DA4C6A9A6557DB6FC64D7.d.80434BEBC31B8A799F7E15614819D341.e.2179/value - {"text":"WebdriverYardwp0gq"}
COMMAND: GET /session/637568dc4cf1cd5e9e2bce0435ccc97f/screenshot - {}
RESULT: {"text":"WebdriverYardwp0gq"}
COMMAND: GET /session/637568dc4cf1cd5e9e2bce0435ccc97f/screenshot - {}
RESULT: {}
RESULT: {}
COMMAND: POST /session/637568dc4cf1cd5e9e2bce0435ccc97f/actions - {"actions":[{"id":"action10","type":"key","parameters":{},"actions":[{"type":"keyDown","value":"î€‡"},{"type":"pause","duration":10},{"type":"keyUp","value":"î€‡"}]}]}
RESULT: {"actions":[{"id":"action10","type":"key","parameters":{},"actions":[{"type":"keyDown","value":"î€‡"},{"type":"pause","duration":10},{"type":"keyUp","value":"î€‡"}]}]}
COMMAND: GET /session/637568dc4cf1cd5e9e2bce0435ccc97f/screenshot - {}
RESULT: {}
RESULT: undefined
COMMAND: POST /session/637568dc4cf1cd5e9e2bce0435ccc97f/element - {"using":"xpath","value":"//*[@id=\"__box10-application-manageresources-display-component---newResourceUnit--RUTimeSegment-0-arrow\"]"}
RESULT: {"using":"xpath","value":"//*[@id=\"__box10-application-manageresources-display-component---newResourceUnit--RUTimeSegment-0-arrow\"]"}
COMMAND: POST /session/637568dc4cf1cd5e9e2bce0435ccc97f/element/f.C8BBCCC1F21DA4C6A9A6557DB6FC64D7.d.80434BEBC31B8A799F7E15614819D341.e.2191/click - {}
RESULT: {}
COMMAND: GET /session/637568dc4cf1cd5e9e2bce0435ccc97f/screenshot - {}
RESULT: {}
COMMAND: POST /session/637568dc4cf1cd5e9e2bce0435ccc97f/element - {"using":"xpath","value":"//span[contains(@id ,\"titleText\")][contains(text(), \"PM Order\")]"}
RESULT: {"using":"xpath","value":"//span[contains(@id ,\"titleText\")][contains(text(), \"PM Order\")]"}
COMMAND: POST /session/637568dc4cf1cd5e9e2bce0435ccc97f/element/f.C8BBCCC1F21DA4C6A9A6557DB6FC64D7.d.80434BEBC31B8A799F7E15614819D341.e.2375/click - {}
RESULT: {}
COMMAND: GET /session/637568dc4cf1cd5e9e2bce0435ccc97f/screenshot - {}
RESULT: {}
COMMAND: POST /session/637568dc4cf1cd5e9e2bce0435ccc97f/element - {"using":"xpath","value":"(//input[contains(@id ,\"-application-manageresources-display-component---newResourceUnit--RUTimeSegment-0-inner\")])[8]"}
RESULT: {"using":"xpath","value":"(//input[contains(@id ,\"-application-manageresources-display-component---newResourceUnit--RUTimeSegment-0-inner\")])[8]"}
COMMAND: POST /session/637568dc4cf1cd5e9e2bce0435ccc97f/element/f.C8BBCCC1F21DA4C6A9A6557DB6FC64D7.d.80434BEBC31B8A799F7E15614819D341.e.2378/clear - {}
RESULT: {}
COMMAND: POST /session/637568dc4cf1cd5e9e2bce0435ccc97f/element/f.C8BBCCC1F21DA4C6A9A6557DB6FC64D7.d.80434BEBC31B8A799F7E15614819D341.e.2378/value - {"text":"4000360"}
COMMAND: GET /session/637568dc4cf1cd5e9e2bce0435ccc97f/screenshot - {}
RESULT: {"text":"4000360"}
COMMAND: GET /session/637568dc4cf1cd5e9e2bce0435ccc97f/screenshot - {}
RESULT: {}
RESULT: {}
COMMAND: POST /session/637568dc4cf1cd5e9e2bce0435ccc97f/actions - {"actions":[{"id":"action11","type":"key","parameters":{},"actions":[{"type":"keyDown","value":"î€‡"},{"type":"pause","duration":10},{"type":"keyUp","value":"î€‡"}]}]}
RESULT: {"actions":[{"id":"action11","type":"key","parameters":{},"actions":[{"type":"keyDown","value":"î€‡"},{"type":"pause","duration":10},{"type":"keyUp","value":"î€‡"}]}]}
COMMAND: GET /session/637568dc4cf1cd5e9e2bce0435ccc97f/screenshot - {}
RESULT: {}
RESULT: undefined
COMMAND: POST /session/637568dc4cf1cd5e9e2bce0435ccc97f/element - {"using":"xpath","value":"//*[@id=\"application-manageresources-display-component---newResourceUnit--createRuButton\"]"}
RESULT: {"using":"xpath","value":"//*[@id=\"application-manageresources-display-component---newResourceUnit--createRuButton\"]"}
COMMAND: POST /session/637568dc4cf1cd5e9e2bce0435ccc97f/element/f.C8BBCCC1F21DA4C6A9A6557DB6FC64D7.d.80434BEBC31B8A799F7E15614819D341.e.2043/click - {}
RESULT: {}
COMMAND: GET /session/637568dc4cf1cd5e9e2bce0435ccc97f/screenshot - {}
RESULT: {}
COMMAND: POST /session/637568dc4cf1cd5e9e2bce0435ccc97f/element - {"using":"xpath","value":"(//bdi[contains(text(), \"Close\")])[1]"}
RESULT: {"using":"xpath","value":"(//bdi[contains(text(), \"Close\")])[1]"}
COMMAND: POST /session/637568dc4cf1cd5e9e2bce0435ccc97f/element/f.C8BBCCC1F21DA4C6A9A6557DB6FC64D7.d.80434BEBC31B8A799F7E15614819D341.e.2398/click - {}
RESULT: {}
COMMAND: GET /session/637568dc4cf1cd5e9e2bce0435ccc97f/screenshot - {}
RESULT: {}
]]></system-out>
    </testcase>
    <testcase classname="chrome.136_0_7103_93.windows.Related_resources_for_groups_US139107" name="Should verify the Yard Overview hyperlinks in related resource" time="109.982">
      <system-out><![CDATA[
COMMAND: POST /session/637568dc4cf1cd5e9e2bce0435ccc97f/execute/async - {"script":"<script> [1562 bytes]","args":[{"selector":{"controlType":"sap.ui.core.Icon","viewName":"etm.portal.ui.manageresources.view.Detail","viewId":"application-manageresources-display-component---detailRU","properties":{"src":{"regex":{"source":"decline"}}}},"wdio_ui5_key":"etmportal.ui.manageresources.view.Detailsap.ui.core.Icon{\"src\":{\"regex\":{\"source\":\"decline\"}}}"}]}
RESULT: {"script":"<script> [1562 bytes]","args":[{"selector":{"controlType":"sap.ui.core.Icon","viewName":"etm.portal.ui.manageresources.view.Detail","viewId":"application-manageresources-display-component---detailRU","properties":{"src":{"regex":{"source":"decline"}}}},"wdio_ui5_key":"etmportal.ui.manageresources.view.Detailsap.ui.core.Icon{\"src\":{\"regex\":{\"source\":\"decline\"}}}"}]}
RESULT: undefined
COMMAND: POST /session/637568dc4cf1cd5e9e2bce0435ccc97f/element - {"using":"xpath","value":"//input[contains(@id ,\"application-manageresources-display-component---masterRU--smartFilterBar-btnBasicSearch-I\")]"}
RESULT: {"using":"xpath","value":"//input[contains(@id ,\"application-manageresources-display-component---masterRU--smartFilterBar-btnBasicSearch-I\")]"}
COMMAND: POST /session/637568dc4cf1cd5e9e2bce0435ccc97f/element/f.C8BBCCC1F21DA4C6A9A6557DB6FC64D7.d.80434BEBC31B8A799F7E15614819D341.e.1684/value - {"text":"WdIORUGroupwqru8i"}
RESULT: {"text":"WdIORUGroupwqru8i"}
COMMAND: GET /session/637568dc4cf1cd5e9e2bce0435ccc97f/screenshot - {}
RESULT: {}
COMMAND: POST /session/637568dc4cf1cd5e9e2bce0435ccc97f/actions - {"actions":[{"id":"action12","type":"key","parameters":{},"actions":[{"type":"keyDown","value":"î€‡"},{"type":"pause","duration":10},{"type":"keyUp","value":"î€‡"}]}]}
RESULT: {"actions":[{"id":"action12","type":"key","parameters":{},"actions":[{"type":"keyDown","value":"î€‡"},{"type":"pause","duration":10},{"type":"keyUp","value":"î€‡"}]}]}
COMMAND: GET /session/637568dc4cf1cd5e9e2bce0435ccc97f/screenshot - {}
RESULT: {}
COMMAND: POST /session/637568dc4cf1cd5e9e2bce0435ccc97f/execute/async - {"script":"<script> [1562 bytes]","args":[{"selector":{"controlType":"sap.ui.core.Icon","viewName":"etm.portal.ui.manageresources.view.Master","viewId":"application-manageresources-display-component---masterRU","properties":{"src":{"regex":{"source":"slim\\-arrow\\-right"}}}},"wdio_ui5_key":"etmportal.ui.manageresources.view.Mastersap.ui.core.Icon{\"src\":{\"regex\":{\"source\":\"slim\\\\-arrow\\\\-right\"}}}"}]}
RESULT: {"script":"<script> [1562 bytes]","args":[{"selector":{"controlType":"sap.ui.core.Icon","viewName":"etm.portal.ui.manageresources.view.Master","viewId":"application-manageresources-display-component---masterRU","properties":{"src":{"regex":{"source":"slim\\-arrow\\-right"}}}},"wdio_ui5_key":"etmportal.ui.manageresources.view.Mastersap.ui.core.Icon{\"src\":{\"regex\":{\"source\":\"slim\\\\-arrow\\\\-right\"}}}"}]}
RESULT: undefined
COMMAND: POST /session/637568dc4cf1cd5e9e2bce0435ccc97f/element - {"using":"xpath","value":"//*[@id=\"__item674-__clone1720-imgNav\"]"}
RESULT: {"using":"xpath","value":"//*[@id=\"__item674-__clone1720-imgNav\"]"}
COMMAND: POST /session/637568dc4cf1cd5e9e2bce0435ccc97f/element/f.C8BBCCC1F21DA4C6A9A6557DB6FC64D7.d.80434BEBC31B8A799F7E15614819D341.e.1854/click - {}
RESULT: {}
COMMAND: GET /session/637568dc4cf1cd5e9e2bce0435ccc97f/screenshot - {}
RESULT: {}
COMMAND: POST /session/637568dc4cf1cd5e9e2bce0435ccc97f/element - {"using":"xpath","value":"//bdi[contains(@id ,\"application-manageresources-display-component---detailRU--openRelatedRus-BDI-content\")]"}
RESULT: {"using":"xpath","value":"//bdi[contains(@id ,\"application-manageresources-display-component---detailRU--openRelatedRus-BDI-content\")]"}
COMMAND: POST /session/637568dc4cf1cd5e9e2bce0435ccc97f/execute/sync - {"script":"<script> [8489 bytes]","args":[{"element-6066-11e4-a52e-4f735466cecf":"f.C8BBCCC1F21DA4C6A9A6557DB6FC64D7.d.80434BEBC31B8A799F7E15614819D341.e.2455","ELEMENT":"f.C8BBCCC1F21DA4C6A9A6557DB6FC64D7.d.80434BEBC31B8A799F7E15614819D341.e.2455"}]}
RESULT: {"script":"<script> [8489 bytes]","args":[{"element-6066-11e4-a52e-4f735466cecf":"f.C8BBCCC1F21DA4C6A9A6557DB6FC64D7.d.80434BEBC31B8A799F7E15614819D341.e.2455","ELEMENT":"f.C8BBCCC1F21DA4C6A9A6557DB6FC64D7.d.80434BEBC31B8A799F7E15614819D341.e.2455"}]}
COMMAND: POST /session/637568dc4cf1cd5e9e2bce0435ccc97f/execute/sync - {"script":"<script> [5351 bytes]","args":[{"element-6066-11e4-a52e-4f735466cecf":"f.C8BBCCC1F21DA4C6A9A6557DB6FC64D7.d.80434BEBC31B8A799F7E15614819D341.e.2455","ELEMENT":"f.C8BBCCC1F21DA4C6A9A6557DB6FC64D7.d.80434BEBC31B8A799F7E15614819D341.e.2455"}]}
RESULT: {"script":"<script> [5351 bytes]","args":[{"element-6066-11e4-a52e-4f735466cecf":"f.C8BBCCC1F21DA4C6A9A6557DB6FC64D7.d.80434BEBC31B8A799F7E15614819D341.e.2455","ELEMENT":"f.C8BBCCC1F21DA4C6A9A6557DB6FC64D7.d.80434BEBC31B8A799F7E15614819D341.e.2455"}]}
COMMAND: POST /session/637568dc4cf1cd5e9e2bce0435ccc97f/element/f.C8BBCCC1F21DA4C6A9A6557DB6FC64D7.d.80434BEBC31B8A799F7E15614819D341.e.2455/click - {}
COMMAND: GET /session/637568dc4cf1cd5e9e2bce0435ccc97f/screenshot - {}
COMMAND: GET /session/637568dc4cf1cd5e9e2bce0435ccc97f/screenshot - {}
RESULT: {}
COMMAND: GET /session/637568dc4cf1cd5e9e2bce0435ccc97f/screenshot - {}
RESULT: {}
RESULT: {}
RESULT: {}
COMMAND: POST /session/637568dc4cf1cd5e9e2bce0435ccc97f/element - {"using":"xpath","value":"//*[contains(@data-kt ,\"openRUIdMenuLink\")]"}
RESULT: {"using":"xpath","value":"//*[contains(@data-kt ,\"openRUIdMenuLink\")]"}
COMMAND: POST /session/637568dc4cf1cd5e9e2bce0435ccc97f/execute/sync - {"script":"<script> [8489 bytes]","args":[{"element-6066-11e4-a52e-4f735466cecf":"f.C8BBCCC1F21DA4C6A9A6557DB6FC64D7.d.80434BEBC31B8A799F7E15614819D341.e.2461","ELEMENT":"f.C8BBCCC1F21DA4C6A9A6557DB6FC64D7.d.80434BEBC31B8A799F7E15614819D341.e.2461"}]}
RESULT: {"script":"<script> [8489 bytes]","args":[{"element-6066-11e4-a52e-4f735466cecf":"f.C8BBCCC1F21DA4C6A9A6557DB6FC64D7.d.80434BEBC31B8A799F7E15614819D341.e.2461","ELEMENT":"f.C8BBCCC1F21DA4C6A9A6557DB6FC64D7.d.80434BEBC31B8A799F7E15614819D341.e.2461"}]}
COMMAND: POST /session/637568dc4cf1cd5e9e2bce0435ccc97f/execute/sync - {"script":"<script> [5351 bytes]","args":[{"element-6066-11e4-a52e-4f735466cecf":"f.C8BBCCC1F21DA4C6A9A6557DB6FC64D7.d.80434BEBC31B8A799F7E15614819D341.e.2461","ELEMENT":"f.C8BBCCC1F21DA4C6A9A6557DB6FC64D7.d.80434BEBC31B8A799F7E15614819D341.e.2461"}]}
COMMAND: GET /session/637568dc4cf1cd5e9e2bce0435ccc97f/screenshot - {}
RESULT: {"script":"<script> [5351 bytes]","args":[{"element-6066-11e4-a52e-4f735466cecf":"f.C8BBCCC1F21DA4C6A9A6557DB6FC64D7.d.80434BEBC31B8A799F7E15614819D341.e.2461","ELEMENT":"f.C8BBCCC1F21DA4C6A9A6557DB6FC64D7.d.80434BEBC31B8A799F7E15614819D341.e.2461"}]}
COMMAND: POST /session/637568dc4cf1cd5e9e2bce0435ccc97f/execute/async - {"script":"<script> [1562 bytes]","args":[{"selector":{"id":"RelatedRUsFragmentID--smartTableRUs-header","searchOpenDialogs":true},"wdio_ui5_key":"RelatedRUsFragmentIDsmartTableRUs-header"}]}
COMMAND: GET /session/637568dc4cf1cd5e9e2bce0435ccc97f/screenshot - {}
RESULT: {}
RESULT: {"script":"<script> [1562 bytes]","args":[{"selector":{"id":"RelatedRUsFragmentID--smartTableRUs-header","searchOpenDialogs":true},"wdio_ui5_key":"RelatedRUsFragmentIDsmartTableRUs-header"}]}
RESULT: undefined
COMMAND: POST /session/637568dc4cf1cd5e9e2bce0435ccc97f/execute/async - {"script":"<script> [6424 bytes]","args":[{"element-6066-11e4-a52e-4f735466cecf":"f.C8BBCCC1F21DA4C6A9A6557DB6FC64D7.d.80434BEBC31B8A799F7E15614819D341.e.2462"},"getText",[]]}
RESULT: {}
RESULT: {"script":"<script> [6424 bytes]","args":[{"element-6066-11e4-a52e-4f735466cecf":"f.C8BBCCC1F21DA4C6A9A6557DB6FC64D7.d.80434BEBC31B8A799F7E15614819D341.e.2462"},"getText",[]]}
COMMAND: POST /session/637568dc4cf1cd5e9e2bce0435ccc97f/element/f.C8BBCCC1F21DA4C6A9A6557DB6FC64D7.d.80434BEBC31B8A799F7E15614819D341.e.2461/click - {}
RESULT: {}
COMMAND: GET /session/637568dc4cf1cd5e9e2bce0435ccc97f/screenshot - {}
RESULT: {}
COMMAND: POST /session/637568dc4cf1cd5e9e2bce0435ccc97f/element - {"using":"xpath","value":"//*[contains(@data-kt ,\"ContextMenuId2Link\")][contains(text(), \"RU Overview\")]"}
RESULT: {"using":"xpath","value":"//*[contains(@data-kt ,\"ContextMenuId2Link\")][contains(text(), \"RU Overview\")]"}
COMMAND: POST /session/637568dc4cf1cd5e9e2bce0435ccc97f/execute/sync - {"script":"<script> [8489 bytes]","args":[{"element-6066-11e4-a52e-4f735466cecf":"f.C8BBCCC1F21DA4C6A9A6557DB6FC64D7.d.80434BEBC31B8A799F7E15614819D341.e.2464","ELEMENT":"f.C8BBCCC1F21DA4C6A9A6557DB6FC64D7.d.80434BEBC31B8A799F7E15614819D341.e.2464"}]}
COMMAND: POST /session/637568dc4cf1cd5e9e2bce0435ccc97f/element/f.C8BBCCC1F21DA4C6A9A6557DB6FC64D7.d.80434BEBC31B8A799F7E15614819D341.e.2464/click - {}
RESULT: {}
COMMAND: GET /session/637568dc4cf1cd5e9e2bce0435ccc97f/screenshot - {}
RESULT: {"script":"<script> [8489 bytes]","args":[{"element-6066-11e4-a52e-4f735466cecf":"f.C8BBCCC1F21DA4C6A9A6557DB6FC64D7.d.80434BEBC31B8A799F7E15614819D341.e.2464","ELEMENT":"f.C8BBCCC1F21DA4C6A9A6557DB6FC64D7.d.80434BEBC31B8A799F7E15614819D341.e.2464"}]}
COMMAND: GET /session/637568dc4cf1cd5e9e2bce0435ccc97f/screenshot - {}
RESULT: {}
RESULT: {}
COMMAND: POST /session/637568dc4cf1cd5e9e2bce0435ccc97f/execute/async - {"script":"<script> [1562 bytes]","args":[{"selector":{"id":"shellAppTitle"},"wdio_ui5_key":"shellAppTitle"}]}
RESULT: {"script":"<script> [1562 bytes]","args":[{"selector":{"id":"shellAppTitle"},"wdio_ui5_key":"shellAppTitle"}]}
RESULT: undefined
COMMAND: POST /session/637568dc4cf1cd5e9e2bce0435ccc97f/execute/async - {"script":"<script> [6424 bytes]","args":[{"element-6066-11e4-a52e-4f735466cecf":"f.C8BBCCC1F21DA4C6A9A6557DB6FC64D7.d.80434BEBC31B8A799F7E15614819D341.e.2823"},"getTitle",[]]}
RESULT: {"script":"<script> [6424 bytes]","args":[{"element-6066-11e4-a52e-4f735466cecf":"f.C8BBCCC1F21DA4C6A9A6557DB6FC64D7.d.80434BEBC31B8A799F7E15614819D341.e.2823"},"getTitle",[]]}
COMMAND: POST /session/637568dc4cf1cd5e9e2bce0435ccc97f/element - {"using":"xpath","value":"//span[contains(@id ,\"application-manageresources-display-component---detailRU--snappedTitle-inner\")][contains(text(), \"WdIORUEquip1lj8uj\")]"}
RESULT: {"using":"xpath","value":"//span[contains(@id ,\"application-manageresources-display-component---detailRU--snappedTitle-inner\")][contains(text(), \"WdIORUEquip1lj8uj\")]"}
COMMAND: POST /session/637568dc4cf1cd5e9e2bce0435ccc97f/execute/sync - {"script":"<script> [8489 bytes]","args":[{"element-6066-11e4-a52e-4f735466cecf":"f.C8BBCCC1F21DA4C6A9A6557DB6FC64D7.d.80434BEBC31B8A799F7E15614819D341.e.2824","ELEMENT":"f.C8BBCCC1F21DA4C6A9A6557DB6FC64D7.d.80434BEBC31B8A799F7E15614819D341.e.2824"}]}
COMMAND: POST /session/637568dc4cf1cd5e9e2bce0435ccc97f/execute/async - {"script":"<script> [1562 bytes]","args":[{"selector":{"id":"backBtn"},"wdio_ui5_key":"backBtn"}]}
RESULT: {"script":"<script> [8489 bytes]","args":[{"element-6066-11e4-a52e-4f735466cecf":"f.C8BBCCC1F21DA4C6A9A6557DB6FC64D7.d.80434BEBC31B8A799F7E15614819D341.e.2824","ELEMENT":"f.C8BBCCC1F21DA4C6A9A6557DB6FC64D7.d.80434BEBC31B8A799F7E15614819D341.e.2824"}]}
COMMAND: GET /session/637568dc4cf1cd5e9e2bce0435ccc97f/screenshot - {}
RESULT: {"script":"<script> [1562 bytes]","args":[{"selector":{"id":"backBtn"},"wdio_ui5_key":"backBtn"}]}
RESULT: undefined
COMMAND: POST /session/637568dc4cf1cd5e9e2bce0435ccc97f/element - {"using":"xpath","value":"//*[@id=\"backBtn\"]"}
RESULT: {}
RESULT: {"using":"xpath","value":"//*[@id=\"backBtn\"]"}
COMMAND: POST /session/637568dc4cf1cd5e9e2bce0435ccc97f/element/f.C8BBCCC1F21DA4C6A9A6557DB6FC64D7.d.80434BEBC31B8A799F7E15614819D341.e.2825/click - {}
RESULT: {}
COMMAND: GET /session/637568dc4cf1cd5e9e2bce0435ccc97f/screenshot - {}
RESULT: {}
COMMAND: POST /session/637568dc4cf1cd5e9e2bce0435ccc97f/execute/sync - {"script":"<script> [8489 bytes]","args":[{"element-6066-11e4-a52e-4f735466cecf":"f.C8BBCCC1F21DA4C6A9A6557DB6FC64D7.d.80434BEBC31B8A799F7E15614819D341.e.2455","ELEMENT":"f.C8BBCCC1F21DA4C6A9A6557DB6FC64D7.d.80434BEBC31B8A799F7E15614819D341.e.2455"}]}
COMMAND: POST /session/637568dc4cf1cd5e9e2bce0435ccc97f/element - {"using":"xpath","value":"//bdi[contains(@id ,\"application-manageresources-display-component---detailRU--openRelatedRus-BDI-content\")]"}
RESULT: {"using":"xpath","value":"//bdi[contains(@id ,\"application-manageresources-display-component---detailRU--openRelatedRus-BDI-content\")]"}
COMMAND: POST /session/637568dc4cf1cd5e9e2bce0435ccc97f/execute/sync - {"script":"<script> [8489 bytes]","args":[{"element-6066-11e4-a52e-4f735466cecf":"f.C8BBCCC1F21DA4C6A9A6557DB6FC64D7.d.80434BEBC31B8A799F7E15614819D341.e.3061","ELEMENT":"f.C8BBCCC1F21DA4C6A9A6557DB6FC64D7.d.80434BEBC31B8A799F7E15614819D341.e.3061"}]}
RESULT: {"script":"<script> [8489 bytes]","args":[{"element-6066-11e4-a52e-4f735466cecf":"f.C8BBCCC1F21DA4C6A9A6557DB6FC64D7.d.80434BEBC31B8A799F7E15614819D341.e.3061","ELEMENT":"f.C8BBCCC1F21DA4C6A9A6557DB6FC64D7.d.80434BEBC31B8A799F7E15614819D341.e.3061"}]}
COMMAND: POST /session/637568dc4cf1cd5e9e2bce0435ccc97f/execute/sync - {"script":"<script> [5351 bytes]","args":[{"element-6066-11e4-a52e-4f735466cecf":"f.C8BBCCC1F21DA4C6A9A6557DB6FC64D7.d.80434BEBC31B8A799F7E15614819D341.e.3061","ELEMENT":"f.C8BBCCC1F21DA4C6A9A6557DB6FC64D7.d.80434BEBC31B8A799F7E15614819D341.e.3061"}]}
COMMAND: GET /session/637568dc4cf1cd5e9e2bce0435ccc97f/screenshot - {}
RESULT: {"script":"<script> [5351 bytes]","args":[{"element-6066-11e4-a52e-4f735466cecf":"f.C8BBCCC1F21DA4C6A9A6557DB6FC64D7.d.80434BEBC31B8A799F7E15614819D341.e.3061","ELEMENT":"f.C8BBCCC1F21DA4C6A9A6557DB6FC64D7.d.80434BEBC31B8A799F7E15614819D341.e.3061"}]}
COMMAND: POST /session/637568dc4cf1cd5e9e2bce0435ccc97f/element/f.C8BBCCC1F21DA4C6A9A6557DB6FC64D7.d.80434BEBC31B8A799F7E15614819D341.e.3061/click - {}
COMMAND: GET /session/637568dc4cf1cd5e9e2bce0435ccc97f/screenshot - {}
RESULT: {}
RESULT: {}
COMMAND: GET /session/637568dc4cf1cd5e9e2bce0435ccc97f/screenshot - {}
RESULT: {}
RESULT: {}
COMMAND: POST /session/637568dc4cf1cd5e9e2bce0435ccc97f/execute/sync - {"script":"<script> [8489 bytes]","args":[{"element-6066-11e4-a52e-4f735466cecf":"f.C8BBCCC1F21DA4C6A9A6557DB6FC64D7.d.80434BEBC31B8A799F7E15614819D341.e.2461","ELEMENT":"f.C8BBCCC1F21DA4C6A9A6557DB6FC64D7.d.80434BEBC31B8A799F7E15614819D341.e.2461"}]}
COMMAND: POST /session/637568dc4cf1cd5e9e2bce0435ccc97f/element - {"using":"xpath","value":"//*[contains(@data-kt ,\"openRUIdMenuLink\")]"}
RESULT: {"using":"xpath","value":"//*[contains(@data-kt ,\"openRUIdMenuLink\")]"}
COMMAND: POST /session/637568dc4cf1cd5e9e2bce0435ccc97f/execute/sync - {"script":"<script> [8489 bytes]","args":[{"element-6066-11e4-a52e-4f735466cecf":"f.C8BBCCC1F21DA4C6A9A6557DB6FC64D7.d.80434BEBC31B8A799F7E15614819D341.e.3067","ELEMENT":"f.C8BBCCC1F21DA4C6A9A6557DB6FC64D7.d.80434BEBC31B8A799F7E15614819D341.e.3067"}]}
RESULT: {"script":"<script> [8489 bytes]","args":[{"element-6066-11e4-a52e-4f735466cecf":"f.C8BBCCC1F21DA4C6A9A6557DB6FC64D7.d.80434BEBC31B8A799F7E15614819D341.e.3067","ELEMENT":"f.C8BBCCC1F21DA4C6A9A6557DB6FC64D7.d.80434BEBC31B8A799F7E15614819D341.e.3067"}]}
COMMAND: POST /session/637568dc4cf1cd5e9e2bce0435ccc97f/execute/sync - {"script":"<script> [5351 bytes]","args":[{"element-6066-11e4-a52e-4f735466cecf":"f.C8BBCCC1F21DA4C6A9A6557DB6FC64D7.d.80434BEBC31B8A799F7E15614819D341.e.3067","ELEMENT":"f.C8BBCCC1F21DA4C6A9A6557DB6FC64D7.d.80434BEBC31B8A799F7E15614819D341.e.3067"}]}
COMMAND: GET /session/637568dc4cf1cd5e9e2bce0435ccc97f/screenshot - {}
RESULT: {"script":"<script> [5351 bytes]","args":[{"element-6066-11e4-a52e-4f735466cecf":"f.C8BBCCC1F21DA4C6A9A6557DB6FC64D7.d.80434BEBC31B8A799F7E15614819D341.e.3067","ELEMENT":"f.C8BBCCC1F21DA4C6A9A6557DB6FC64D7.d.80434BEBC31B8A799F7E15614819D341.e.3067"}]}
COMMAND: POST /session/637568dc4cf1cd5e9e2bce0435ccc97f/element/f.C8BBCCC1F21DA4C6A9A6557DB6FC64D7.d.80434BEBC31B8A799F7E15614819D341.e.3067/click - {}
COMMAND: GET /session/637568dc4cf1cd5e9e2bce0435ccc97f/screenshot - {}
RESULT: {}
RESULT: {}
COMMAND: GET /session/637568dc4cf1cd5e9e2bce0435ccc97f/screenshot - {}
RESULT: {}
RESULT: {}
COMMAND: POST /session/637568dc4cf1cd5e9e2bce0435ccc97f/element - {"using":"xpath","value":"//button[contains(@data-kt ,\"ContextMenuExternalId2Link\")]"}
RESULT: {"using":"xpath","value":"//button[contains(@data-kt ,\"ContextMenuExternalId2Link\")]"}
COMMAND: POST /session/637568dc4cf1cd5e9e2bce0435ccc97f/element/f.C8BBCCC1F21DA4C6A9A6557DB6FC64D7.d.80434BEBC31B8A799F7E15614819D341.e.3068/click - {}
RESULT: {}
COMMAND: GET /session/637568dc4cf1cd5e9e2bce0435ccc97f/screenshot - {}
RESULT: {}
COMMAND: GET /session/637568dc4cf1cd5e9e2bce0435ccc97f/window/handles - {}
RESULT: {}
COMMAND: POST /session/637568dc4cf1cd5e9e2bce0435ccc97f/window - {"handle":"520769529EA6360A7BFB3B89C52D4CC5"}
RESULT: {"handle":"520769529EA6360A7BFB3B89C52D4CC5"}
COMMAND: GET /session/637568dc4cf1cd5e9e2bce0435ccc97f/url - {}
RESULT: {}
COMMAND: GET /session/637568dc4cf1cd5e9e2bce0435ccc97f/screenshot - {}
RESULT: {}
COMMAND: POST /session/637568dc4cf1cd5e9e2bce0435ccc97f/execute/sync - {"script":"<script> [8489 bytes]","args":[{"element-6066-11e4-a52e-4f735466cecf":"f.C8BBCCC1F21DA4C6A9A6557DB6FC64D7.d.80434BEBC31B8A799F7E15614819D341.e.2824","ELEMENT":"f.C8BBCCC1F21DA4C6A9A6557DB6FC64D7.d.80434BEBC31B8A799F7E15614819D341.e.2824"}]}
COMMAND: DELETE /session/637568dc4cf1cd5e9e2bce0435ccc97f/window - {}
RESULT: {}
COMMAND: POST /session/637568dc4cf1cd5e9e2bce0435ccc97f/window - {"handle":"C8BBCCC1F21DA4C6A9A6557DB6FC64D7"}
RESULT: {"handle":"C8BBCCC1F21DA4C6A9A6557DB6FC64D7"}
COMMAND: GET /session/637568dc4cf1cd5e9e2bce0435ccc97f/url - {}
COMMAND: POST /session/637568dc4cf1cd5e9e2bce0435ccc97f/element - {"using":"xpath","value":"//span[contains(@id ,\"application-manageresources-display-component---detailRU--snappedTitle-inner\")][contains(text(), \"WdIORUEquip1lj8uj\")]"}
RESULT: {}
COMMAND: GET /session/637568dc4cf1cd5e9e2bce0435ccc97f/screenshot - {}
RESULT: {"using":"xpath","value":"//span[contains(@id ,\"application-manageresources-display-component---detailRU--snappedTitle-inner\")][contains(text(), \"WdIORUEquip1lj8uj\")]"}
COMMAND: POST /session/637568dc4cf1cd5e9e2bce0435ccc97f/element - {"using":"xpath","value":"//span[contains(@id ,\"application-manageresources-display-component---detailRU--snappedTitle-inner\")][contains(text(), \"WdIORUEquip1lj8uj\")]"}
RESULT: {}
RESULT: {"using":"xpath","value":"//span[contains(@id ,\"application-manageresources-display-component---detailRU--snappedTitle-inner\")][contains(text(), \"WdIORUEquip1lj8uj\")]"}
COMMAND: POST /session/637568dc4cf1cd5e9e2bce0435ccc97f/element - {"using":"xpath","value":"//span[contains(@id ,\"application-manageresources-display-component---detailRU--snappedTitle-inner\")][contains(text(), \"WdIORUEquip1lj8uj\")]"}
RESULT: {"using":"xpath","value":"//span[contains(@id ,\"application-manageresources-display-component---detailRU--snappedTitle-inner\")][contains(text(), \"WdIORUEquip1lj8uj\")]"}
COMMAND: POST /session/637568dc4cf1cd5e9e2bce0435ccc97f/element - {"using":"xpath","value":"//span[contains(@id ,\"application-manageresources-display-component---detailRU--snappedTitle-inner\")][contains(text(), \"WdIORUEquip1lj8uj\")]"}
RESULT: {"using":"xpath","value":"//span[contains(@id ,\"application-manageresources-display-component---detailRU--snappedTitle-inner\")][contains(text(), \"WdIORUEquip1lj8uj\")]"}
COMMAND: POST /session/637568dc4cf1cd5e9e2bce0435ccc97f/element - {"using":"xpath","value":"//span[contains(@id ,\"application-manageresources-display-component---detailRU--snappedTitle-inner\")][contains(text(), \"WdIORUEquip1lj8uj\")]"}
RESULT: {"using":"xpath","value":"//span[contains(@id ,\"application-manageresources-display-component---detailRU--snappedTitle-inner\")][contains(text(), \"WdIORUEquip1lj8uj\")]"}
COMMAND: POST /session/637568dc4cf1cd5e9e2bce0435ccc97f/element - {"using":"xpath","value":"//span[contains(@id ,\"application-manageresources-display-component---detailRU--snappedTitle-inner\")][contains(text(), \"WdIORUEquip1lj8uj\")]"}
RESULT: {"using":"xpath","value":"//span[contains(@id ,\"application-manageresources-display-component---detailRU--snappedTitle-inner\")][contains(text(), \"WdIORUEquip1lj8uj\")]"}
COMMAND: POST /session/637568dc4cf1cd5e9e2bce0435ccc97f/element - {"using":"xpath","value":"//span[contains(@id ,\"application-manageresources-display-component---detailRU--snappedTitle-inner\")][contains(text(), \"WdIORUEquip1lj8uj\")]"}
RESULT: {"using":"xpath","value":"//span[contains(@id ,\"application-manageresources-display-component---detailRU--snappedTitle-inner\")][contains(text(), \"WdIORUEquip1lj8uj\")]"}
COMMAND: POST /session/637568dc4cf1cd5e9e2bce0435ccc97f/element - {"using":"xpath","value":"//span[contains(@id ,\"application-manageresources-display-component---detailRU--snappedTitle-inner\")][contains(text(), \"WdIORUEquip1lj8uj\")]"}
RESULT: {"using":"xpath","value":"//span[contains(@id ,\"application-manageresources-display-component---detailRU--snappedTitle-inner\")][contains(text(), \"WdIORUEquip1lj8uj\")]"}
COMMAND: POST /session/637568dc4cf1cd5e9e2bce0435ccc97f/element - {"using":"xpath","value":"//span[contains(@id ,\"application-manageresources-display-component---detailRU--snappedTitle-inner\")][contains(text(), \"WdIORUEquip1lj8uj\")]"}
RESULT: {"using":"xpath","value":"//span[contains(@id ,\"application-manageresources-display-component---detailRU--snappedTitle-inner\")][contains(text(), \"WdIORUEquip1lj8uj\")]"}
COMMAND: POST /session/637568dc4cf1cd5e9e2bce0435ccc97f/element - {"using":"xpath","value":"//span[contains(@id ,\"application-manageresources-display-component---detailRU--snappedTitle-inner\")][contains(text(), \"WdIORUEquip1lj8uj\")]"}
RESULT: {"using":"xpath","value":"//span[contains(@id ,\"application-manageresources-display-component---detailRU--snappedTitle-inner\")][contains(text(), \"WdIORUEquip1lj8uj\")]"}
]]></system-out>
    </testcase>
    <testcase classname="chrome.136_0_7103_93.windows.Related_resources_for_groups_US139107" name="Should verify the current location hyperlinks in related resources" time="175.107">
      <system-out><![CDATA[
COMMAND: POST /session/637568dc4cf1cd5e9e2bce0435ccc97f/element - {"using":"xpath","value":"//*[contains(@data-kt ,\"openLocationActionMenuLink\")]"}
RESULT: {"using":"xpath","value":"//*[contains(@data-kt ,\"openLocationActionMenuLink\")]"}
COMMAND: POST /session/637568dc4cf1cd5e9e2bce0435ccc97f/execute/sync - {"script":"<script> [8489 bytes]","args":[{"element-6066-11e4-a52e-4f735466cecf":"f.C8BBCCC1F21DA4C6A9A6557DB6FC64D7.d.80434BEBC31B8A799F7E15614819D341.e.3164","ELEMENT":"f.C8BBCCC1F21DA4C6A9A6557DB6FC64D7.d.80434BEBC31B8A799F7E15614819D341.e.3164"}]}
RESULT: {"script":"<script> [8489 bytes]","args":[{"element-6066-11e4-a52e-4f735466cecf":"f.C8BBCCC1F21DA4C6A9A6557DB6FC64D7.d.80434BEBC31B8A799F7E15614819D341.e.3164","ELEMENT":"f.C8BBCCC1F21DA4C6A9A6557DB6FC64D7.d.80434BEBC31B8A799F7E15614819D341.e.3164"}]}
COMMAND: POST /session/637568dc4cf1cd5e9e2bce0435ccc97f/execute/sync - {"script":"<script> [5351 bytes]","args":[{"element-6066-11e4-a52e-4f735466cecf":"f.C8BBCCC1F21DA4C6A9A6557DB6FC64D7.d.80434BEBC31B8A799F7E15614819D341.e.3164","ELEMENT":"f.C8BBCCC1F21DA4C6A9A6557DB6FC64D7.d.80434BEBC31B8A799F7E15614819D341.e.3164"}]}
COMMAND: GET /session/637568dc4cf1cd5e9e2bce0435ccc97f/screenshot - {}
RESULT: {"script":"<script> [5351 bytes]","args":[{"element-6066-11e4-a52e-4f735466cecf":"f.C8BBCCC1F21DA4C6A9A6557DB6FC64D7.d.80434BEBC31B8A799F7E15614819D341.e.3164","ELEMENT":"f.C8BBCCC1F21DA4C6A9A6557DB6FC64D7.d.80434BEBC31B8A799F7E15614819D341.e.3164"}]}
COMMAND: POST /session/637568dc4cf1cd5e9e2bce0435ccc97f/element/f.C8BBCCC1F21DA4C6A9A6557DB6FC64D7.d.80434BEBC31B8A799F7E15614819D341.e.3164/click - {}
COMMAND: GET /session/637568dc4cf1cd5e9e2bce0435ccc97f/screenshot - {}
COMMAND: POST /session/637568dc4cf1cd5e9e2bce0435ccc97f/element - {"using":"xpath","value":"//span[contains(@id ,\"application-manageresources-display-component---detailRU--snappedTitle-inner\")][contains(text(), \"WdIORUEquip1lj8uj\")]"}
RESULT: {}
RESULT: {}
COMMAND: GET /session/637568dc4cf1cd5e9e2bce0435ccc97f/screenshot - {}
RESULT: {}
RESULT: {"using":"xpath","value":"//span[contains(@id ,\"application-manageresources-display-component---detailRU--snappedTitle-inner\")][contains(text(), \"WdIORUEquip1lj8uj\")]"}
RESULT: {}
COMMAND: POST /session/637568dc4cf1cd5e9e2bce0435ccc97f/element - {"using":"xpath","value":"//span[contains(@id ,\"application-manageresources-display-component---detailRU--snappedTitle-inner\")][contains(text(), \"WdIORUEquip1lj8uj\")]"}
RESULT: {"using":"xpath","value":"//span[contains(@id ,\"application-manageresources-display-component---detailRU--snappedTitle-inner\")][contains(text(), \"WdIORUEquip1lj8uj\")]"}
COMMAND: POST /session/637568dc4cf1cd5e9e2bce0435ccc97f/element - {"using":"xpath","value":"//span[contains(@id ,\"application-manageresources-display-component---detailRU--snappedTitle-inner\")][contains(text(), \"WdIORUEquip1lj8uj\")]"}
RESULT: {"using":"xpath","value":"//span[contains(@id ,\"application-manageresources-display-component---detailRU--snappedTitle-inner\")][contains(text(), \"WdIORUEquip1lj8uj\")]"}
COMMAND: POST /session/637568dc4cf1cd5e9e2bce0435ccc97f/element - {"using":"xpath","value":"//span[contains(@id ,\"application-manageresources-display-component---detailRU--snappedTitle-inner\")][contains(text(), \"WdIORUEquip1lj8uj\")]"}
COMMAND: POST /session/637568dc4cf1cd5e9e2bce0435ccc97f/element - {"using":"xpath","value":"//a[contains(@class ,\"sapMLnk sapMLnkMaxWidth sapUiTinyMarginTop\")][contains(text(), \"Yard Overview\")]"}
RESULT: {"using":"xpath","value":"//span[contains(@id ,\"application-manageresources-display-component---detailRU--snappedTitle-inner\")][contains(text(), \"WdIORUEquip1lj8uj\")]"}
RESULT: {"using":"xpath","value":"//a[contains(@class ,\"sapMLnk sapMLnkMaxWidth sapUiTinyMarginTop\")][contains(text(), \"Yard Overview\")]"}
COMMAND: POST /session/637568dc4cf1cd5e9e2bce0435ccc97f/execute/sync - {"script":"<script> [8489 bytes]","args":[{"element-6066-11e4-a52e-4f735466cecf":"f.C8BBCCC1F21DA4C6A9A6557DB6FC64D7.d.80434BEBC31B8A799F7E15614819D341.e.3166","ELEMENT":"f.C8BBCCC1F21DA4C6A9A6557DB6FC64D7.d.80434BEBC31B8A799F7E15614819D341.e.3166"}]}
COMMAND: POST /session/637568dc4cf1cd5e9e2bce0435ccc97f/element - {"using":"xpath","value":"//a[contains(@class ,\"sapMLnk sapMLnkMaxWidth sapUiTinyMarginTop\")][contains(text(), \"Yard Address\")]"}
RESULT: {"using":"xpath","value":"//a[contains(@class ,\"sapMLnk sapMLnkMaxWidth sapUiTinyMarginTop\")][contains(text(), \"Yard Address\")]"}
COMMAND: POST /session/637568dc4cf1cd5e9e2bce0435ccc97f/execute/sync - {"script":"<script> [8489 bytes]","args":[{"element-6066-11e4-a52e-4f735466cecf":"f.C8BBCCC1F21DA4C6A9A6557DB6FC64D7.d.80434BEBC31B8A799F7E15614819D341.e.3167","ELEMENT":"f.C8BBCCC1F21DA4C6A9A6557DB6FC64D7.d.80434BEBC31B8A799F7E15614819D341.e.3167"}]}
COMMAND: POST /session/637568dc4cf1cd5e9e2bce0435ccc97f/element/f.C8BBCCC1F21DA4C6A9A6557DB6FC64D7.d.80434BEBC31B8A799F7E15614819D341.e.3166/click - {}
RESULT: {"script":"<script> [8489 bytes]","args":[{"element-6066-11e4-a52e-4f735466cecf":"f.C8BBCCC1F21DA4C6A9A6557DB6FC64D7.d.80434BEBC31B8A799F7E15614819D341.e.3166","ELEMENT":"f.C8BBCCC1F21DA4C6A9A6557DB6FC64D7.d.80434BEBC31B8A799F7E15614819D341.e.3166"}]}
COMMAND: GET /session/637568dc4cf1cd5e9e2bce0435ccc97f/screenshot - {}
COMMAND: POST /session/637568dc4cf1cd5e9e2bce0435ccc97f/element - {"using":"xpath","value":"//span[contains(@id ,\"application-manageresources-display-component---detailRU--snappedTitle-inner\")][contains(text(), \"WdIORUEquip1lj8uj\")]"}
RESULT: {}
RESULT: {"script":"<script> [8489 bytes]","args":[{"element-6066-11e4-a52e-4f735466cecf":"f.C8BBCCC1F21DA4C6A9A6557DB6FC64D7.d.80434BEBC31B8A799F7E15614819D341.e.3167","ELEMENT":"f.C8BBCCC1F21DA4C6A9A6557DB6FC64D7.d.80434BEBC31B8A799F7E15614819D341.e.3167"}]}
COMMAND: GET /session/637568dc4cf1cd5e9e2bce0435ccc97f/screenshot - {}
COMMAND: GET /session/637568dc4cf1cd5e9e2bce0435ccc97f/screenshot - {}
RESULT: {}
RESULT: {"using":"xpath","value":"//span[contains(@id ,\"application-manageresources-display-component---detailRU--snappedTitle-inner\")][contains(text(), \"WdIORUEquip1lj8uj\")]"}
RESULT: {}
RESULT: {}
COMMAND: POST /session/637568dc4cf1cd5e9e2bce0435ccc97f/element - {"using":"xpath","value":"//span[contains(@id ,\"application-manageresources-display-component---detailRU--snappedTitle-inner\")][contains(text(), \"WdIORUEquip1lj8uj\")]"}
RESULT: {"using":"xpath","value":"//span[contains(@id ,\"application-manageresources-display-component---detailRU--snappedTitle-inner\")][contains(text(), \"WdIORUEquip1lj8uj\")]"}
COMMAND: POST /session/637568dc4cf1cd5e9e2bce0435ccc97f/element - {"using":"xpath","value":"//span[contains(@id ,\"application-manageresources-display-component---detailRU--snappedTitle-inner\")][contains(text(), \"WdIORUEquip1lj8uj\")]"}
RESULT: {"using":"xpath","value":"//span[contains(@id ,\"application-manageresources-display-component---detailRU--snappedTitle-inner\")][contains(text(), \"WdIORUEquip1lj8uj\")]"}
COMMAND: POST /session/637568dc4cf1cd5e9e2bce0435ccc97f/element - {"using":"xpath","value":"//span[contains(@id ,\"application-manageresources-display-component---detailRU--snappedTitle-inner\")][contains(text(), \"WdIORUEquip1lj8uj\")]"}
RESULT: {"using":"xpath","value":"//span[contains(@id ,\"application-manageresources-display-component---detailRU--snappedTitle-inner\")][contains(text(), \"WdIORUEquip1lj8uj\")]"}
COMMAND: POST /session/637568dc4cf1cd5e9e2bce0435ccc97f/element - {"using":"xpath","value":"//span[contains(@id ,\"application-manageresources-display-component---detailRU--snappedTitle-inner\")][contains(text(), \"WdIORUEquip1lj8uj\")]"}
RESULT: {"using":"xpath","value":"//span[contains(@id ,\"application-manageresources-display-component---detailRU--snappedTitle-inner\")][contains(text(), \"WdIORUEquip1lj8uj\")]"}
COMMAND: POST /session/637568dc4cf1cd5e9e2bce0435ccc97f/element - {"using":"xpath","value":"//span[contains(@id ,\"application-manageresources-display-component---detailRU--snappedTitle-inner\")][contains(text(), \"WdIORUEquip1lj8uj\")]"}
RESULT: {"using":"xpath","value":"//span[contains(@id ,\"application-manageresources-display-component---detailRU--snappedTitle-inner\")][contains(text(), \"WdIORUEquip1lj8uj\")]"}
COMMAND: POST /session/637568dc4cf1cd5e9e2bce0435ccc97f/element - {"using":"xpath","value":"//span[contains(@id ,\"application-manageresources-display-component---detailRU--snappedTitle-inner\")][contains(text(), \"WdIORUEquip1lj8uj\")]"}
RESULT: {"using":"xpath","value":"//span[contains(@id ,\"application-manageresources-display-component---detailRU--snappedTitle-inner\")][contains(text(), \"WdIORUEquip1lj8uj\")]"}
COMMAND: POST /session/637568dc4cf1cd5e9e2bce0435ccc97f/element - {"using":"xpath","value":"//span[contains(@id ,\"application-manageresources-display-component---detailRU--snappedTitle-inner\")][contains(text(), \"WdIORUEquip1lj8uj\")]"}
RESULT: {"using":"xpath","value":"//span[contains(@id ,\"application-manageresources-display-component---detailRU--snappedTitle-inner\")][contains(text(), \"WdIORUEquip1lj8uj\")]"}
COMMAND: POST /session/637568dc4cf1cd5e9e2bce0435ccc97f/element - {"using":"xpath","value":"//span[contains(@id ,\"application-manageresources-display-component---detailRU--snappedTitle-inner\")][contains(text(), \"WdIORUEquip1lj8uj\")]"}
RESULT: {"using":"xpath","value":"//span[contains(@id ,\"application-manageresources-display-component---detailRU--snappedTitle-inner\")][contains(text(), \"WdIORUEquip1lj8uj\")]"}
COMMAND: POST /session/637568dc4cf1cd5e9e2bce0435ccc97f/element - {"using":"xpath","value":"//span[contains(@id ,\"application-manageresources-display-component---detailRU--snappedTitle-inner\")][contains(text(), \"WdIORUEquip1lj8uj\")]"}
RESULT: {"using":"xpath","value":"//span[contains(@id ,\"application-manageresources-display-component---detailRU--snappedTitle-inner\")][contains(text(), \"WdIORUEquip1lj8uj\")]"}
COMMAND: POST /session/637568dc4cf1cd5e9e2bce0435ccc97f/element - {"using":"xpath","value":"//span[contains(@id ,\"application-manageresources-display-component---detailRU--snappedTitle-inner\")][contains(text(), \"WdIORUEquip1lj8uj\")]"}
RESULT: {"using":"xpath","value":"//span[contains(@id ,\"application-manageresources-display-component---detailRU--snappedTitle-inner\")][contains(text(), \"WdIORUEquip1lj8uj\")]"}
COMMAND: POST /session/637568dc4cf1cd5e9e2bce0435ccc97f/element - {"using":"xpath","value":"//span[contains(@id ,\"application-manageresources-display-component---detailRU--snappedTitle-inner\")][contains(text(), \"WdIORUEquip1lj8uj\")]"}
RESULT: {"using":"xpath","value":"//span[contains(@id ,\"application-manageresources-display-component---detailRU--snappedTitle-inner\")][contains(text(), \"WdIORUEquip1lj8uj\")]"}
COMMAND: POST /session/637568dc4cf1cd5e9e2bce0435ccc97f/element - {"using":"xpath","value":"//span[contains(@id ,\"application-manageresources-display-component---detailRU--snappedTitle-inner\")][contains(text(), \"WdIORUEquip1lj8uj\")]"}
RESULT: {"using":"xpath","value":"//span[contains(@id ,\"application-manageresources-display-component---detailRU--snappedTitle-inner\")][contains(text(), \"WdIORUEquip1lj8uj\")]"}
COMMAND: POST /session/637568dc4cf1cd5e9e2bce0435ccc97f/element - {"using":"xpath","value":"//span[contains(@id ,\"application-manageresources-display-component---detailRU--snappedTitle-inner\")][contains(text(), \"WdIORUEquip1lj8uj\")]"}
RESULT: {"using":"xpath","value":"//span[contains(@id ,\"application-manageresources-display-component---detailRU--snappedTitle-inner\")][contains(text(), \"WdIORUEquip1lj8uj\")]"}
RESULT: undefined
COMMAND: POST /session/637568dc4cf1cd5e9e2bce0435ccc97f/execute/async - {"script":"<script> [6424 bytes]","args":[{"element-6066-11e4-a52e-4f735466cecf":"f.C8BBCCC1F21DA4C6A9A6557DB6FC64D7.d.80434BEBC31B8A799F7E15614819D341.e.2823"},"getTitle",[]]}
COMMAND: POST /session/637568dc4cf1cd5e9e2bce0435ccc97f/execute/async - {"script":"<script> [1562 bytes]","args":[{"selector":{"id":"shellAppTitle"},"wdio_ui5_key":"shellAppTitle"}]}
COMMAND: POST /session/637568dc4cf1cd5e9e2bce0435ccc97f/element - {"using":"xpath","value":"//span[contains(@id ,\"application-manageresources-display-component---detailRU--snappedTitle-inner\")][contains(text(), \"WdIORUEquip1lj8uj\")]"}
RESULT: {"script":"<script> [1562 bytes]","args":[{"selector":{"id":"shellAppTitle"},"wdio_ui5_key":"shellAppTitle"}]}
COMMAND: POST /session/637568dc4cf1cd5e9e2bce0435ccc97f/execute/async - {"script":"<script> [6424 bytes]","args":[{"element-6066-11e4-a52e-4f735466cecf":"f.C8BBCCC1F21DA4C6A9A6557DB6FC64D7.d.80434BEBC31B8A799F7E15614819D341.e.3295"},"getTitle",[]]}
RESULT: {"using":"xpath","value":"//span[contains(@id ,\"application-manageresources-display-component---detailRU--snappedTitle-inner\")][contains(text(), \"WdIORUEquip1lj8uj\")]"}
RESULT: {"script":"<script> [6424 bytes]","args":[{"element-6066-11e4-a52e-4f735466cecf":"f.C8BBCCC1F21DA4C6A9A6557DB6FC64D7.d.80434BEBC31B8A799F7E15614819D341.e.3295"},"getTitle",[]]}
COMMAND: POST /session/637568dc4cf1cd5e9e2bce0435ccc97f/element - {"using":"xpath","value":"(//span[contains(text(), \"null\")])[2]"}
RESULT: {"using":"xpath","value":"(//span[contains(text(), \"null\")])[2]"}
COMMAND: POST /session/637568dc4cf1cd5e9e2bce0435ccc97f/element - {"using":"xpath","value":"(//span[contains(text(), \"null\")])[2]"}
RESULT: undefined
COMMAND: POST /session/637568dc4cf1cd5e9e2bce0435ccc97f/element - {"using":"xpath","value":"//*[@id=\"backBtn\"]"}
RESULT: {"using":"xpath","value":"(//span[contains(text(), \"null\")])[2]"}
RESULT: {"using":"xpath","value":"//*[@id=\"backBtn\"]"}
COMMAND: POST /session/637568dc4cf1cd5e9e2bce0435ccc97f/element/f.C8BBCCC1F21DA4C6A9A6557DB6FC64D7.d.80434BEBC31B8A799F7E15614819D341.e.2825/click - {}
COMMAND: POST /session/637568dc4cf1cd5e9e2bce0435ccc97f/element - {"using":"xpath","value":"//span[contains(@id ,\"application-manageresources-display-component---detailRU--snappedTitle-inner\")][contains(text(), \"WdIORUEquip1lj8uj\")]"}
RESULT: {}
COMMAND: GET /session/637568dc4cf1cd5e9e2bce0435ccc97f/screenshot - {}
COMMAND: POST /session/637568dc4cf1cd5e9e2bce0435ccc97f/element - {"using":"xpath","value":"(//span[contains(text(), \"null\")])[2]"}
RESULT: {"using":"xpath","value":"//span[contains(@id ,\"application-manageresources-display-component---detailRU--snappedTitle-inner\")][contains(text(), \"WdIORUEquip1lj8uj\")]"}
COMMAND: POST /session/637568dc4cf1cd5e9e2bce0435ccc97f/element - {"using":"xpath","value":"//span[contains(@id ,\"application-manageresources-display-component---detailRU--snappedTitle-inner\")][contains(text(), \"WdIORUEquip1lj8uj\")]"}
RESULT: {}
RESULT: {"using":"xpath","value":"(//span[contains(text(), \"null\")])[2]"}
RESULT: {"using":"xpath","value":"//span[contains(@id ,\"application-manageresources-display-component---detailRU--snappedTitle-inner\")][contains(text(), \"WdIORUEquip1lj8uj\")]"}
COMMAND: POST /session/637568dc4cf1cd5e9e2bce0435ccc97f/element - {"using":"xpath","value":"(//span[contains(text(), \"null\")])[2]"}
COMMAND: POST /session/637568dc4cf1cd5e9e2bce0435ccc97f/element - {"using":"xpath","value":"//span[contains(@id ,\"application-manageresources-display-component---detailRU--snappedTitle-inner\")][contains(text(), \"WdIORUEquip1lj8uj\")]"}
RESULT: {"using":"xpath","value":"(//span[contains(text(), \"null\")])[2]"}
RESULT: {"using":"xpath","value":"//span[contains(@id ,\"application-manageresources-display-component---detailRU--snappedTitle-inner\")][contains(text(), \"WdIORUEquip1lj8uj\")]"}
COMMAND: POST /session/637568dc4cf1cd5e9e2bce0435ccc97f/element - {"using":"xpath","value":"(//span[contains(text(), \"null\")])[2]"}
RESULT: {"using":"xpath","value":"(//span[contains(text(), \"null\")])[2]"}
COMMAND: POST /session/637568dc4cf1cd5e9e2bce0435ccc97f/element - {"using":"xpath","value":"//span[contains(@id ,\"application-manageresources-display-component---detailRU--snappedTitle-inner\")][contains(text(), \"WdIORUEquip1lj8uj\")]"}
RESULT: {"using":"xpath","value":"//span[contains(@id ,\"application-manageresources-display-component---detailRU--snappedTitle-inner\")][contains(text(), \"WdIORUEquip1lj8uj\")]"}
COMMAND: POST /session/637568dc4cf1cd5e9e2bce0435ccc97f/element - {"using":"xpath","value":"(//span[contains(text(), \"null\")])[2]"}
COMMAND: POST /session/637568dc4cf1cd5e9e2bce0435ccc97f/element - {"using":"xpath","value":"//span[contains(@id ,\"application-manageresources-display-component---detailRU--snappedTitle-inner\")][contains(text(), \"WdIORUEquip1lj8uj\")]"}
RESULT: {"using":"xpath","value":"(//span[contains(text(), \"null\")])[2]"}
RESULT: {"using":"xpath","value":"//span[contains(@id ,\"application-manageresources-display-component---detailRU--snappedTitle-inner\")][contains(text(), \"WdIORUEquip1lj8uj\")]"}
COMMAND: POST /session/637568dc4cf1cd5e9e2bce0435ccc97f/element - {"using":"xpath","value":"(//span[contains(text(), \"null\")])[2]"}
COMMAND: POST /session/637568dc4cf1cd5e9e2bce0435ccc97f/element - {"using":"xpath","value":"//span[contains(@id ,\"application-manageresources-display-component---detailRU--snappedTitle-inner\")][contains(text(), \"WdIORUEquip1lj8uj\")]"}
RESULT: {"using":"xpath","value":"(//span[contains(text(), \"null\")])[2]"}
RESULT: {"using":"xpath","value":"//span[contains(@id ,\"application-manageresources-display-component---detailRU--snappedTitle-inner\")][contains(text(), \"WdIORUEquip1lj8uj\")]"}
COMMAND: POST /session/637568dc4cf1cd5e9e2bce0435ccc97f/element - {"using":"xpath","value":"(//span[contains(text(), \"null\")])[2]"}
RESULT: {"using":"xpath","value":"(//span[contains(text(), \"null\")])[2]"}
COMMAND: POST /session/637568dc4cf1cd5e9e2bce0435ccc97f/element - {"using":"xpath","value":"//span[contains(@id ,\"application-manageresources-display-component---detailRU--snappedTitle-inner\")][contains(text(), \"WdIORUEquip1lj8uj\")]"}
RESULT: {"using":"xpath","value":"//span[contains(@id ,\"application-manageresources-display-component---detailRU--snappedTitle-inner\")][contains(text(), \"WdIORUEquip1lj8uj\")]"}
COMMAND: POST /session/637568dc4cf1cd5e9e2bce0435ccc97f/element - {"using":"xpath","value":"(//span[contains(text(), \"null\")])[2]"}
RESULT: {"using":"xpath","value":"(//span[contains(text(), \"null\")])[2]"}
COMMAND: POST /session/637568dc4cf1cd5e9e2bce0435ccc97f/element - {"using":"xpath","value":"//span[contains(@id ,\"application-manageresources-display-component---detailRU--snappedTitle-inner\")][contains(text(), \"WdIORUEquip1lj8uj\")]"}
RESULT: {"using":"xpath","value":"//span[contains(@id ,\"application-manageresources-display-component---detailRU--snappedTitle-inner\")][contains(text(), \"WdIORUEquip1lj8uj\")]"}
COMMAND: POST /session/637568dc4cf1cd5e9e2bce0435ccc97f/element - {"using":"xpath","value":"(//span[contains(text(), \"null\")])[2]"}
RESULT: {"using":"xpath","value":"(//span[contains(text(), \"null\")])[2]"}
COMMAND: POST /session/637568dc4cf1cd5e9e2bce0435ccc97f/element - {"using":"xpath","value":"//span[contains(@id ,\"application-manageresources-display-component---detailRU--snappedTitle-inner\")][contains(text(), \"WdIORUEquip1lj8uj\")]"}
RESULT: {"using":"xpath","value":"//span[contains(@id ,\"application-manageresources-display-component---detailRU--snappedTitle-inner\")][contains(text(), \"WdIORUEquip1lj8uj\")]"}
COMMAND: POST /session/637568dc4cf1cd5e9e2bce0435ccc97f/element - {"using":"xpath","value":"(//span[contains(text(), \"null\")])[2]"}
RESULT: {"using":"xpath","value":"(//span[contains(text(), \"null\")])[2]"}
COMMAND: POST /session/637568dc4cf1cd5e9e2bce0435ccc97f/element - {"using":"xpath","value":"//span[contains(@id ,\"application-manageresources-display-component---detailRU--snappedTitle-inner\")][contains(text(), \"WdIORUEquip1lj8uj\")]"}
RESULT: {"using":"xpath","value":"//span[contains(@id ,\"application-manageresources-display-component---detailRU--snappedTitle-inner\")][contains(text(), \"WdIORUEquip1lj8uj\")]"}
COMMAND: POST /session/637568dc4cf1cd5e9e2bce0435ccc97f/element - {"using":"xpath","value":"(//span[contains(text(), \"null\")])[2]"}
RESULT: {"using":"xpath","value":"(//span[contains(text(), \"null\")])[2]"}
COMMAND: POST /session/637568dc4cf1cd5e9e2bce0435ccc97f/element - {"using":"xpath","value":"//span[contains(@id ,\"application-manageresources-display-component---detailRU--snappedTitle-inner\")][contains(text(), \"WdIORUEquip1lj8uj\")]"}
RESULT: {"using":"xpath","value":"//span[contains(@id ,\"application-manageresources-display-component---detailRU--snappedTitle-inner\")][contains(text(), \"WdIORUEquip1lj8uj\")]"}
COMMAND: POST /session/637568dc4cf1cd5e9e2bce0435ccc97f/element - {"using":"xpath","value":"(//span[contains(text(), \"null\")])[2]"}
RESULT: {"using":"xpath","value":"(//span[contains(text(), \"null\")])[2]"}
COMMAND: POST /session/637568dc4cf1cd5e9e2bce0435ccc97f/element - {"using":"xpath","value":"//span[contains(@id ,\"application-manageresources-display-component---detailRU--snappedTitle-inner\")][contains(text(), \"WdIORUEquip1lj8uj\")]"}
RESULT: {"using":"xpath","value":"//span[contains(@id ,\"application-manageresources-display-component---detailRU--snappedTitle-inner\")][contains(text(), \"WdIORUEquip1lj8uj\")]"}
COMMAND: POST /session/637568dc4cf1cd5e9e2bce0435ccc97f/element - {"using":"xpath","value":"(//span[contains(text(), \"null\")])[2]"}
RESULT: {"using":"xpath","value":"(//span[contains(text(), \"null\")])[2]"}
COMMAND: POST /session/637568dc4cf1cd5e9e2bce0435ccc97f/element - {"using":"xpath","value":"//span[contains(@id ,\"application-manageresources-display-component---detailRU--snappedTitle-inner\")][contains(text(), \"WdIORUEquip1lj8uj\")]"}
RESULT: {"using":"xpath","value":"//span[contains(@id ,\"application-manageresources-display-component---detailRU--snappedTitle-inner\")][contains(text(), \"WdIORUEquip1lj8uj\")]"}
COMMAND: POST /session/637568dc4cf1cd5e9e2bce0435ccc97f/element - {"using":"xpath","value":"(//span[contains(text(), \"null\")])[2]"}
RESULT: {"using":"xpath","value":"(//span[contains(text(), \"null\")])[2]"}
COMMAND: POST /session/637568dc4cf1cd5e9e2bce0435ccc97f/element - {"using":"xpath","value":"//span[contains(@id ,\"application-manageresources-display-component---detailRU--snappedTitle-inner\")][contains(text(), \"WdIORUEquip1lj8uj\")]"}
RESULT: {"using":"xpath","value":"//span[contains(@id ,\"application-manageresources-display-component---detailRU--snappedTitle-inner\")][contains(text(), \"WdIORUEquip1lj8uj\")]"}
COMMAND: POST /session/637568dc4cf1cd5e9e2bce0435ccc97f/element - {"using":"xpath","value":"(//span[contains(text(), \"null\")])[2]"}
RESULT: {"using":"xpath","value":"(//span[contains(text(), \"null\")])[2]"}
COMMAND: POST /session/637568dc4cf1cd5e9e2bce0435ccc97f/element - {"using":"xpath","value":"//span[contains(@id ,\"application-manageresources-display-component---detailRU--snappedTitle-inner\")][contains(text(), \"WdIORUEquip1lj8uj\")]"}
RESULT: {"using":"xpath","value":"//span[contains(@id ,\"application-manageresources-display-component---detailRU--snappedTitle-inner\")][contains(text(), \"WdIORUEquip1lj8uj\")]"}
COMMAND: POST /session/637568dc4cf1cd5e9e2bce0435ccc97f/element - {"using":"xpath","value":"(//span[contains(text(), \"null\")])[2]"}
RESULT: {"using":"xpath","value":"(//span[contains(text(), \"null\")])[2]"}
COMMAND: POST /session/637568dc4cf1cd5e9e2bce0435ccc97f/element - {"using":"xpath","value":"//span[contains(@id ,\"application-manageresources-display-component---detailRU--snappedTitle-inner\")][contains(text(), \"WdIORUEquip1lj8uj\")]"}
RESULT: {"using":"xpath","value":"//span[contains(@id ,\"application-manageresources-display-component---detailRU--snappedTitle-inner\")][contains(text(), \"WdIORUEquip1lj8uj\")]"}
COMMAND: POST /session/637568dc4cf1cd5e9e2bce0435ccc97f/element - {"using":"xpath","value":"(//span[contains(text(), \"null\")])[2]"}
RESULT: {"using":"xpath","value":"(//span[contains(text(), \"null\")])[2]"}
COMMAND: POST /session/637568dc4cf1cd5e9e2bce0435ccc97f/element - {"using":"xpath","value":"//span[contains(@id ,\"application-manageresources-display-component---detailRU--snappedTitle-inner\")][contains(text(), \"WdIORUEquip1lj8uj\")]"}
RESULT: {"using":"xpath","value":"//span[contains(@id ,\"application-manageresources-display-component---detailRU--snappedTitle-inner\")][contains(text(), \"WdIORUEquip1lj8uj\")]"}
COMMAND: POST /session/637568dc4cf1cd5e9e2bce0435ccc97f/element - {"using":"xpath","value":"//bdi[contains(@id ,\"application-manageresources-display-component---detailRU--openRelatedRus-BDI-content\")]"}
COMMAND: POST /session/637568dc4cf1cd5e9e2bce0435ccc97f/element - {"using":"xpath","value":"(//span[contains(text(), \"null\")])[2]"}
RESULT: {"using":"xpath","value":"//bdi[contains(@id ,\"application-manageresources-display-component---detailRU--openRelatedRus-BDI-content\")]"}
COMMAND: POST /session/637568dc4cf1cd5e9e2bce0435ccc97f/execute/sync - {"script":"<script> [8489 bytes]","args":[{"element-6066-11e4-a52e-4f735466cecf":"f.C8BBCCC1F21DA4C6A9A6557DB6FC64D7.d.80434BEBC31B8A799F7E15614819D341.e.3528","ELEMENT":"f.C8BBCCC1F21DA4C6A9A6557DB6FC64D7.d.80434BEBC31B8A799F7E15614819D341.e.3528"}]}
COMMAND: POST /session/637568dc4cf1cd5e9e2bce0435ccc97f/element - {"using":"xpath","value":"//span[contains(@id ,\"application-manageresources-display-component---detailRU--snappedTitle-inner\")][contains(text(), \"WdIORUEquip1lj8uj\")]"}
RESULT: {"using":"xpath","value":"(//span[contains(text(), \"null\")])[2]"}
RESULT: {"script":"<script> [8489 bytes]","args":[{"element-6066-11e4-a52e-4f735466cecf":"f.C8BBCCC1F21DA4C6A9A6557DB6FC64D7.d.80434BEBC31B8A799F7E15614819D341.e.3528","ELEMENT":"f.C8BBCCC1F21DA4C6A9A6557DB6FC64D7.d.80434BEBC31B8A799F7E15614819D341.e.3528"}]}
COMMAND: POST /session/637568dc4cf1cd5e9e2bce0435ccc97f/execute/sync - {"script":"<script> [5351 bytes]","args":[{"element-6066-11e4-a52e-4f735466cecf":"f.C8BBCCC1F21DA4C6A9A6557DB6FC64D7.d.80434BEBC31B8A799F7E15614819D341.e.3528","ELEMENT":"f.C8BBCCC1F21DA4C6A9A6557DB6FC64D7.d.80434BEBC31B8A799F7E15614819D341.e.3528"}]}
COMMAND: GET /session/637568dc4cf1cd5e9e2bce0435ccc97f/screenshot - {}
RESULT: {"using":"xpath","value":"//span[contains(@id ,\"application-manageresources-display-component---detailRU--snappedTitle-inner\")][contains(text(), \"WdIORUEquip1lj8uj\")]"}
RESULT: {"script":"<script> [5351 bytes]","args":[{"element-6066-11e4-a52e-4f735466cecf":"f.C8BBCCC1F21DA4C6A9A6557DB6FC64D7.d.80434BEBC31B8A799F7E15614819D341.e.3528","ELEMENT":"f.C8BBCCC1F21DA4C6A9A6557DB6FC64D7.d.80434BEBC31B8A799F7E15614819D341.e.3528"}]}
COMMAND: POST /session/637568dc4cf1cd5e9e2bce0435ccc97f/element/f.C8BBCCC1F21DA4C6A9A6557DB6FC64D7.d.80434BEBC31B8A799F7E15614819D341.e.3528/click - {}
COMMAND: GET /session/637568dc4cf1cd5e9e2bce0435ccc97f/screenshot - {}
RESULT: {}
COMMAND: POST /session/637568dc4cf1cd5e9e2bce0435ccc97f/element - {"using":"xpath","value":"(//span[contains(text(), \"null\")])[2]"}
COMMAND: POST /session/637568dc4cf1cd5e9e2bce0435ccc97f/element - {"using":"xpath","value":"//span[contains(@id ,\"application-manageresources-display-component---detailRU--snappedTitle-inner\")][contains(text(), \"WdIORUEquip1lj8uj\")]"}
RESULT: {}
COMMAND: GET /session/637568dc4cf1cd5e9e2bce0435ccc97f/screenshot - {}
RESULT: {}
RESULT: {"using":"xpath","value":"//span[contains(@id ,\"application-manageresources-display-component---detailRU--snappedTitle-inner\")][contains(text(), \"WdIORUEquip1lj8uj\")]"}
RESULT: {"using":"xpath","value":"(//span[contains(text(), \"null\")])[2]"}
RESULT: {}
COMMAND: POST /session/637568dc4cf1cd5e9e2bce0435ccc97f/element - {"using":"xpath","value":"//span[contains(@id ,\"application-manageresources-display-component---detailRU--snappedTitle-inner\")][contains(text(), \"WdIORUEquip1lj8uj\")]"}
RESULT: {"using":"xpath","value":"//span[contains(@id ,\"application-manageresources-display-component---detailRU--snappedTitle-inner\")][contains(text(), \"WdIORUEquip1lj8uj\")]"}
COMMAND: POST /session/637568dc4cf1cd5e9e2bce0435ccc97f/element - {"using":"xpath","value":"(//span[contains(text(), \"null\")])[2]"}
RESULT: {"using":"xpath","value":"(//span[contains(text(), \"null\")])[2]"}
COMMAND: POST /session/637568dc4cf1cd5e9e2bce0435ccc97f/element - {"using":"xpath","value":"//span[contains(@id ,\"application-manageresources-display-component---detailRU--snappedTitle-inner\")][contains(text(), \"WdIORUEquip1lj8uj\")]"}
COMMAND: POST /session/637568dc4cf1cd5e9e2bce0435ccc97f/element - {"using":"xpath","value":"(//span[contains(text(), \"null\")])[2]"}
RESULT: {"using":"xpath","value":"//span[contains(@id ,\"application-manageresources-display-component---detailRU--snappedTitle-inner\")][contains(text(), \"WdIORUEquip1lj8uj\")]"}
RESULT: {"using":"xpath","value":"(//span[contains(text(), \"null\")])[2]"}
COMMAND: POST /session/637568dc4cf1cd5e9e2bce0435ccc97f/element - {"using":"xpath","value":"//span[contains(@id ,\"application-manageresources-display-component---detailRU--snappedTitle-inner\")][contains(text(), \"WdIORUEquip1lj8uj\")]"}
RESULT: {"using":"xpath","value":"//span[contains(@id ,\"application-manageresources-display-component---detailRU--snappedTitle-inner\")][contains(text(), \"WdIORUEquip1lj8uj\")]"}
COMMAND: POST /session/637568dc4cf1cd5e9e2bce0435ccc97f/element - {"using":"xpath","value":"(//span[contains(text(), \"null\")])[2]"}
RESULT: {"using":"xpath","value":"(//span[contains(text(), \"null\")])[2]"}
COMMAND: POST /session/637568dc4cf1cd5e9e2bce0435ccc97f/element - {"using":"xpath","value":"//span[contains(@id ,\"application-manageresources-display-component---detailRU--snappedTitle-inner\")][contains(text(), \"WdIORUEquip1lj8uj\")]"}
RESULT: {"using":"xpath","value":"//span[contains(@id ,\"application-manageresources-display-component---detailRU--snappedTitle-inner\")][contains(text(), \"WdIORUEquip1lj8uj\")]"}
COMMAND: POST /session/637568dc4cf1cd5e9e2bce0435ccc97f/element - {"using":"xpath","value":"(//span[contains(text(), \"null\")])[2]"}
RESULT: {"using":"xpath","value":"(//span[contains(text(), \"null\")])[2]"}
COMMAND: POST /session/637568dc4cf1cd5e9e2bce0435ccc97f/element - {"using":"xpath","value":"//span[contains(@id ,\"application-manageresources-display-component---detailRU--snappedTitle-inner\")][contains(text(), \"WdIORUEquip1lj8uj\")]"}
RESULT: {"using":"xpath","value":"//span[contains(@id ,\"application-manageresources-display-component---detailRU--snappedTitle-inner\")][contains(text(), \"WdIORUEquip1lj8uj\")]"}
COMMAND: POST /session/637568dc4cf1cd5e9e2bce0435ccc97f/element - {"using":"xpath","value":"(//span[contains(text(), \"null\")])[2]"}
RESULT: {"using":"xpath","value":"(//span[contains(text(), \"null\")])[2]"}
COMMAND: POST /session/637568dc4cf1cd5e9e2bce0435ccc97f/element - {"using":"xpath","value":"//span[contains(@id ,\"application-manageresources-display-component---detailRU--snappedTitle-inner\")][contains(text(), \"WdIORUEquip1lj8uj\")]"}
COMMAND: POST /session/637568dc4cf1cd5e9e2bce0435ccc97f/element/f.C8BBCCC1F21DA4C6A9A6557DB6FC64D7.d.80434BEBC31B8A799F7E15614819D341.e.3164/click - {}
RESULT: {"using":"xpath","value":"//span[contains(@id ,\"application-manageresources-display-component---detailRU--snappedTitle-inner\")][contains(text(), \"WdIORUEquip1lj8uj\")]"}
COMMAND: POST /session/637568dc4cf1cd5e9e2bce0435ccc97f/element - {"using":"xpath","value":"//*[contains(@data-kt ,\"openLocationActionMenuLink\")]"}
COMMAND: POST /session/637568dc4cf1cd5e9e2bce0435ccc97f/element - {"using":"xpath","value":"(//span[contains(text(), \"null\")])[2]"}
RESULT: {"using":"xpath","value":"//*[contains(@data-kt ,\"openLocationActionMenuLink\")]"}
COMMAND: POST /session/637568dc4cf1cd5e9e2bce0435ccc97f/element/f.C8BBCCC1F21DA4C6A9A6557DB6FC64D7.d.80434BEBC31B8A799F7E15614819D341.e.3164/click - {}
RESULT: {"using":"xpath","value":"(//span[contains(text(), \"null\")])[2]"}
COMMAND: POST /session/637568dc4cf1cd5e9e2bce0435ccc97f/element - {"using":"xpath","value":"//*[contains(@data-kt ,\"openLocationActionMenuLink\")]"}
RESULT: {"using":"xpath","value":"//*[contains(@data-kt ,\"openLocationActionMenuLink\")]"}
COMMAND: POST /session/637568dc4cf1cd5e9e2bce0435ccc97f/element/f.C8BBCCC1F21DA4C6A9A6557DB6FC64D7.d.80434BEBC31B8A799F7E15614819D341.e.3533/click - {}
RESULT: {}
COMMAND: GET /session/637568dc4cf1cd5e9e2bce0435ccc97f/screenshot - {}
COMMAND: POST /session/637568dc4cf1cd5e9e2bce0435ccc97f/element - {"using":"xpath","value":"//span[contains(@id ,\"application-manageresources-display-component---detailRU--snappedTitle-inner\")][contains(text(), \"WdIORUEquip1lj8uj\")]"}
COMMAND: POST /session/637568dc4cf1cd5e9e2bce0435ccc97f/element - {"using":"xpath","value":"(//span[contains(text(), \"null\")])[2]"}
RESULT: {}
RESULT: {"using":"xpath","value":"//span[contains(@id ,\"application-manageresources-display-component---detailRU--snappedTitle-inner\")][contains(text(), \"WdIORUEquip1lj8uj\")]"}
RESULT: {"using":"xpath","value":"(//span[contains(text(), \"null\")])[2]"}
COMMAND: POST /session/637568dc4cf1cd5e9e2bce0435ccc97f/element - {"using":"xpath","value":"(//span[contains(text(), \"null\")])[2]"}
RESULT: {"using":"xpath","value":"(//span[contains(text(), \"null\")])[2]"}
COMMAND: POST /session/637568dc4cf1cd5e9e2bce0435ccc97f/element - {"using":"xpath","value":"(//span[contains(text(), \"null\")])[2]"}
RESULT: {"using":"xpath","value":"(//span[contains(text(), \"null\")])[2]"}
COMMAND: POST /session/637568dc4cf1cd5e9e2bce0435ccc97f/element/f.C8BBCCC1F21DA4C6A9A6557DB6FC64D7.d.80434BEBC31B8A799F7E15614819D341.e.3167/click - {}
COMMAND: POST /session/637568dc4cf1cd5e9e2bce0435ccc97f/element - {"using":"xpath","value":"//a[contains(@class ,\"sapMLnk sapMLnkMaxWidth sapUiTinyMarginTop\")][contains(text(), \"Yard Address\")]"}
COMMAND: POST /session/637568dc4cf1cd5e9e2bce0435ccc97f/element - {"using":"xpath","value":"(//span[contains(text(), \"null\")])[2]"}
RESULT: {"using":"xpath","value":"(//span[contains(text(), \"null\")])[2]"}
RESULT: {"using":"xpath","value":"//a[contains(@class ,\"sapMLnk sapMLnkMaxWidth sapUiTinyMarginTop\")][contains(text(), \"Yard Address\")]"}
COMMAND: POST /session/637568dc4cf1cd5e9e2bce0435ccc97f/element/f.C8BBCCC1F21DA4C6A9A6557DB6FC64D7.d.80434BEBC31B8A799F7E15614819D341.e.3167/click - {}
COMMAND: POST /session/637568dc4cf1cd5e9e2bce0435ccc97f/element - {"using":"xpath","value":"//a[contains(@class ,\"sapMLnk sapMLnkMaxWidth sapUiTinyMarginTop\")][contains(text(), \"Yard Address\")]"}
RESULT: {"using":"xpath","value":"//a[contains(@class ,\"sapMLnk sapMLnkMaxWidth sapUiTinyMarginTop\")][contains(text(), \"Yard Address\")]"}
COMMAND: POST /session/637568dc4cf1cd5e9e2bce0435ccc97f/element/f.C8BBCCC1F21DA4C6A9A6557DB6FC64D7.d.80434BEBC31B8A799F7E15614819D341.e.3535/click - {}
COMMAND: POST /session/637568dc4cf1cd5e9e2bce0435ccc97f/element - {"using":"xpath","value":"(//span[contains(text(), \"null\")])[2]"}
RESULT: {}
COMMAND: GET /session/637568dc4cf1cd5e9e2bce0435ccc97f/screenshot - {}
RESULT: {"using":"xpath","value":"(//span[contains(text(), \"null\")])[2]"}
RESULT: {}
COMMAND: POST /session/637568dc4cf1cd5e9e2bce0435ccc97f/element - {"using":"xpath","value":"(//span[contains(text(), \"null\")])[2]"}
RESULT: {"using":"xpath","value":"(//span[contains(text(), \"null\")])[2]"}
COMMAND: POST /session/637568dc4cf1cd5e9e2bce0435ccc97f/element - {"using":"xpath","value":"(//span[contains(text(), \"null\")])[2]"}
RESULT: {"using":"xpath","value":"(//span[contains(text(), \"null\")])[2]"}
COMMAND: POST /session/637568dc4cf1cd5e9e2bce0435ccc97f/element - {"using":"xpath","value":"(//span[contains(text(), \"null\")])[2]"}
RESULT: {"using":"xpath","value":"(//span[contains(text(), \"null\")])[2]"}
COMMAND: POST /session/637568dc4cf1cd5e9e2bce0435ccc97f/element - {"using":"xpath","value":"(//span[contains(text(), \"null\")])[2]"}
RESULT: {"using":"xpath","value":"(//span[contains(text(), \"null\")])[2]"}
COMMAND: POST /session/637568dc4cf1cd5e9e2bce0435ccc97f/element - {"using":"xpath","value":"(//span[contains(text(), \"null\")])[2]"}
RESULT: {"using":"xpath","value":"(//span[contains(text(), \"null\")])[2]"}
COMMAND: POST /session/637568dc4cf1cd5e9e2bce0435ccc97f/element - {"using":"xpath","value":"(//span[contains(text(), \"null\")])[2]"}
RESULT: {"using":"xpath","value":"(//span[contains(text(), \"null\")])[2]"}
COMMAND: POST /session/637568dc4cf1cd5e9e2bce0435ccc97f/element - {"using":"xpath","value":"(//span[contains(text(), \"null\")])[2]"}
RESULT: {"using":"xpath","value":"(//span[contains(text(), \"null\")])[2]"}
COMMAND: POST /session/637568dc4cf1cd5e9e2bce0435ccc97f/element - {"using":"xpath","value":"(//span[contains(text(), \"null\")])[2]"}
RESULT: {"using":"xpath","value":"(//span[contains(text(), \"null\")])[2]"}
COMMAND: POST /session/637568dc4cf1cd5e9e2bce0435ccc97f/element - {"using":"xpath","value":"(//span[contains(text(), \"null\")])[2]"}
RESULT: {"using":"xpath","value":"(//span[contains(text(), \"null\")])[2]"}
COMMAND: POST /session/637568dc4cf1cd5e9e2bce0435ccc97f/element - {"using":"xpath","value":"(//span[contains(text(), \"null\")])[2]"}
RESULT: {"using":"xpath","value":"(//span[contains(text(), \"null\")])[2]"}
COMMAND: POST /session/637568dc4cf1cd5e9e2bce0435ccc97f/element - {"using":"xpath","value":"(//span[contains(text(), \"null\")])[2]"}
RESULT: {"using":"xpath","value":"(//span[contains(text(), \"null\")])[2]"}
RESULT: undefined
COMMAND: POST /session/637568dc4cf1cd5e9e2bce0435ccc97f/execute/async - {"script":"<script> [6424 bytes]","args":[{"element-6066-11e4-a52e-4f735466cecf":"f.C8BBCCC1F21DA4C6A9A6557DB6FC64D7.d.80434BEBC31B8A799F7E15614819D341.e.2823"},"getTitle",[]]}
COMMAND: POST /session/637568dc4cf1cd5e9e2bce0435ccc97f/execute/async - {"script":"<script> [1562 bytes]","args":[{"selector":{"id":"shellAppTitle"},"wdio_ui5_key":"shellAppTitle"}]}
COMMAND: POST /session/637568dc4cf1cd5e9e2bce0435ccc97f/element - {"using":"xpath","value":"(//span[contains(text(), \"null\")])[2]"}
RESULT: {"script":"<script> [1562 bytes]","args":[{"selector":{"id":"shellAppTitle"},"wdio_ui5_key":"shellAppTitle"}]}
COMMAND: POST /session/637568dc4cf1cd5e9e2bce0435ccc97f/execute/async - {"script":"<script> [6424 bytes]","args":[{"element-6066-11e4-a52e-4f735466cecf":"f.C8BBCCC1F21DA4C6A9A6557DB6FC64D7.d.80434BEBC31B8A799F7E15614819D341.e.3740"},"getTitle",[]]}
RESULT: {"using":"xpath","value":"(//span[contains(text(), \"null\")])[2]"}
RESULT: {"script":"<script> [6424 bytes]","args":[{"element-6066-11e4-a52e-4f735466cecf":"f.C8BBCCC1F21DA4C6A9A6557DB6FC64D7.d.80434BEBC31B8A799F7E15614819D341.e.3740"},"getTitle",[]]}
COMMAND: POST /session/637568dc4cf1cd5e9e2bce0435ccc97f/element - {"using":"xpath","value":"//span[contains(@id ,\"application-addressmanagement-display-component---detailAdm--addressDetailDetailsName1\")][contains(text(), \"null\")]"}
RESULT: {"using":"xpath","value":"//span[contains(@id ,\"application-addressmanagement-display-component---detailAdm--addressDetailDetailsName1\")][contains(text(), \"null\")]"}
COMMAND: POST /session/637568dc4cf1cd5e9e2bce0435ccc97f/element - {"using":"xpath","value":"//span[contains(@id ,\"application-addressmanagement-display-component---detailAdm--addressDetailDetailsName1\")][contains(text(), \"null\")]"}
RESULT: undefined
COMMAND: POST /session/637568dc4cf1cd5e9e2bce0435ccc97f/element - {"using":"xpath","value":"//*[@id=\"backBtn\"]"}
RESULT: {"using":"xpath","value":"//span[contains(@id ,\"application-addressmanagement-display-component---detailAdm--addressDetailDetailsName1\")][contains(text(), \"null\")]"}
COMMAND: POST /session/637568dc4cf1cd5e9e2bce0435ccc97f/element - {"using":"xpath","value":"(//span[contains(text(), \"null\")])[2]"}
RESULT: {"using":"xpath","value":"//*[@id=\"backBtn\"]"}
COMMAND: POST /session/637568dc4cf1cd5e9e2bce0435ccc97f/element/f.C8BBCCC1F21DA4C6A9A6557DB6FC64D7.d.80434BEBC31B8A799F7E15614819D341.e.2825/click - {}
RESULT: {"using":"xpath","value":"(//span[contains(text(), \"null\")])[2]"}
COMMAND: POST /session/637568dc4cf1cd5e9e2bce0435ccc97f/element - {"using":"xpath","value":"//span[contains(@id ,\"application-addressmanagement-display-component---detailAdm--addressDetailDetailsName1\")][contains(text(), \"null\")]"}
COMMAND: POST /session/637568dc4cf1cd5e9e2bce0435ccc97f/element - {"using":"xpath","value":"(//span[contains(text(), \"null\")])[2]"}
RESULT: {}
COMMAND: GET /session/637568dc4cf1cd5e9e2bce0435ccc97f/screenshot - {}
RESULT: {"using":"xpath","value":"//span[contains(@id ,\"application-addressmanagement-display-component---detailAdm--addressDetailDetailsName1\")][contains(text(), \"null\")]"}
COMMAND: POST /session/637568dc4cf1cd5e9e2bce0435ccc97f/element - {"using":"xpath","value":"//span[contains(@id ,\"application-addressmanagement-display-component---detailAdm--addressDetailDetailsName1\")][contains(text(), \"null\")]"}
RESULT: {"using":"xpath","value":"(//span[contains(text(), \"null\")])[2]"}
COMMAND: POST /session/637568dc4cf1cd5e9e2bce0435ccc97f/element - {"using":"xpath","value":"(//span[contains(text(), \"null\")])[2]"}
RESULT: {}
RESULT: {"using":"xpath","value":"//span[contains(@id ,\"application-addressmanagement-display-component---detailAdm--addressDetailDetailsName1\")][contains(text(), \"null\")]"}
RESULT: {"using":"xpath","value":"(//span[contains(text(), \"null\")])[2]"}
COMMAND: POST /session/637568dc4cf1cd5e9e2bce0435ccc97f/element - {"using":"xpath","value":"//span[contains(@id ,\"application-addressmanagement-display-component---detailAdm--addressDetailDetailsName1\")][contains(text(), \"null\")]"}
RESULT: {"using":"xpath","value":"//span[contains(@id ,\"application-addressmanagement-display-component---detailAdm--addressDetailDetailsName1\")][contains(text(), \"null\")]"}
COMMAND: POST /session/637568dc4cf1cd5e9e2bce0435ccc97f/element - {"using":"xpath","value":"//span[contains(@id ,\"application-addressmanagement-display-component---detailAdm--addressDetailDetailsName1\")][contains(text(), \"null\")]"}
RESULT: {"using":"xpath","value":"//span[contains(@id ,\"application-addressmanagement-display-component---detailAdm--addressDetailDetailsName1\")][contains(text(), \"null\")]"}
COMMAND: POST /session/637568dc4cf1cd5e9e2bce0435ccc97f/element - {"using":"xpath","value":"//span[contains(@id ,\"application-addressmanagement-display-component---detailAdm--addressDetailDetailsName1\")][contains(text(), \"null\")]"}
RESULT: {"using":"xpath","value":"//span[contains(@id ,\"application-addressmanagement-display-component---detailAdm--addressDetailDetailsName1\")][contains(text(), \"null\")]"}
COMMAND: POST /session/637568dc4cf1cd5e9e2bce0435ccc97f/element - {"using":"xpath","value":"//span[contains(@id ,\"application-addressmanagement-display-component---detailAdm--addressDetailDetailsName1\")][contains(text(), \"null\")]"}
RESULT: {"using":"xpath","value":"//span[contains(@id ,\"application-addressmanagement-display-component---detailAdm--addressDetailDetailsName1\")][contains(text(), \"null\")]"}
COMMAND: POST /session/637568dc4cf1cd5e9e2bce0435ccc97f/execute/sync - {"script":"<script> [8489 bytes]","args":[{"element-6066-11e4-a52e-4f735466cecf":"f.C8BBCCC1F21DA4C6A9A6557DB6FC64D7.d.80434BEBC31B8A799F7E15614819D341.e.3528","ELEMENT":"f.C8BBCCC1F21DA4C6A9A6557DB6FC64D7.d.80434BEBC31B8A799F7E15614819D341.e.3528"}]}
COMMAND: POST /session/637568dc4cf1cd5e9e2bce0435ccc97f/element - {"using":"xpath","value":"//bdi[contains(@id ,\"application-manageresources-display-component---detailRU--openRelatedRus-BDI-content\")]"}
RESULT: {"using":"xpath","value":"//bdi[contains(@id ,\"application-manageresources-display-component---detailRU--openRelatedRus-BDI-content\")]"}
COMMAND: POST /session/637568dc4cf1cd5e9e2bce0435ccc97f/execute/sync - {"script":"<script> [8489 bytes]","args":[{"element-6066-11e4-a52e-4f735466cecf":"f.C8BBCCC1F21DA4C6A9A6557DB6FC64D7.d.80434BEBC31B8A799F7E15614819D341.e.3975","ELEMENT":"f.C8BBCCC1F21DA4C6A9A6557DB6FC64D7.d.80434BEBC31B8A799F7E15614819D341.e.3975"}]}
RESULT: {"script":"<script> [8489 bytes]","args":[{"element-6066-11e4-a52e-4f735466cecf":"f.C8BBCCC1F21DA4C6A9A6557DB6FC64D7.d.80434BEBC31B8A799F7E15614819D341.e.3975","ELEMENT":"f.C8BBCCC1F21DA4C6A9A6557DB6FC64D7.d.80434BEBC31B8A799F7E15614819D341.e.3975"}]}
COMMAND: POST /session/637568dc4cf1cd5e9e2bce0435ccc97f/execute/sync - {"script":"<script> [5351 bytes]","args":[{"element-6066-11e4-a52e-4f735466cecf":"f.C8BBCCC1F21DA4C6A9A6557DB6FC64D7.d.80434BEBC31B8A799F7E15614819D341.e.3975","ELEMENT":"f.C8BBCCC1F21DA4C6A9A6557DB6FC64D7.d.80434BEBC31B8A799F7E15614819D341.e.3975"}]}
COMMAND: GET /session/637568dc4cf1cd5e9e2bce0435ccc97f/screenshot - {}
RESULT: {"script":"<script> [5351 bytes]","args":[{"element-6066-11e4-a52e-4f735466cecf":"f.C8BBCCC1F21DA4C6A9A6557DB6FC64D7.d.80434BEBC31B8A799F7E15614819D341.e.3975","ELEMENT":"f.C8BBCCC1F21DA4C6A9A6557DB6FC64D7.d.80434BEBC31B8A799F7E15614819D341.e.3975"}]}
COMMAND: POST /session/637568dc4cf1cd5e9e2bce0435ccc97f/element/f.C8BBCCC1F21DA4C6A9A6557DB6FC64D7.d.80434BEBC31B8A799F7E15614819D341.e.3975/click - {}
COMMAND: POST /session/637568dc4cf1cd5e9e2bce0435ccc97f/element - {"using":"xpath","value":"//span[contains(@id ,\"application-addressmanagement-display-component---detailAdm--addressDetailDetailsName1\")][contains(text(), \"null\")]"}
COMMAND: GET /session/637568dc4cf1cd5e9e2bce0435ccc97f/screenshot - {}
RESULT: {}
RESULT: {}
COMMAND: GET /session/637568dc4cf1cd5e9e2bce0435ccc97f/screenshot - {}
RESULT: {"using":"xpath","value":"//span[contains(@id ,\"application-addressmanagement-display-component---detailAdm--addressDetailDetailsName1\")][contains(text(), \"null\")]"}
COMMAND: POST /session/637568dc4cf1cd5e9e2bce0435ccc97f/element - {"using":"xpath","value":"//span[contains(@id ,\"application-addressmanagement-display-component---detailAdm--addressDetailDetailsName1\")][contains(text(), \"null\")]"}
RESULT: {}
RESULT: {}
RESULT: {"using":"xpath","value":"//span[contains(@id ,\"application-addressmanagement-display-component---detailAdm--addressDetailDetailsName1\")][contains(text(), \"null\")]"}
COMMAND: POST /session/637568dc4cf1cd5e9e2bce0435ccc97f/element - {"using":"xpath","value":"//span[contains(@id ,\"application-addressmanagement-display-component---detailAdm--addressDetailDetailsName1\")][contains(text(), \"null\")]"}
RESULT: {"using":"xpath","value":"//span[contains(@id ,\"application-addressmanagement-display-component---detailAdm--addressDetailDetailsName1\")][contains(text(), \"null\")]"}
COMMAND: POST /session/637568dc4cf1cd5e9e2bce0435ccc97f/element/f.C8BBCCC1F21DA4C6A9A6557DB6FC64D7.d.80434BEBC31B8A799F7E15614819D341.e.3533/click - {}
COMMAND: POST /session/637568dc4cf1cd5e9e2bce0435ccc97f/element - {"using":"xpath","value":"//*[contains(@data-kt ,\"openLocationActionMenuLink\")]"}
RESULT: {"using":"xpath","value":"//*[contains(@data-kt ,\"openLocationActionMenuLink\")]"}
COMMAND: POST /session/637568dc4cf1cd5e9e2bce0435ccc97f/element/f.C8BBCCC1F21DA4C6A9A6557DB6FC64D7.d.80434BEBC31B8A799F7E15614819D341.e.3533/click - {}
COMMAND: POST /session/637568dc4cf1cd5e9e2bce0435ccc97f/element - {"using":"xpath","value":"//*[contains(@data-kt ,\"openLocationActionMenuLink\")]"}
RESULT: {"using":"xpath","value":"//*[contains(@data-kt ,\"openLocationActionMenuLink\")]"}
COMMAND: POST /session/637568dc4cf1cd5e9e2bce0435ccc97f/element/f.C8BBCCC1F21DA4C6A9A6557DB6FC64D7.d.80434BEBC31B8A799F7E15614819D341.e.3980/click - {}
COMMAND: POST /session/637568dc4cf1cd5e9e2bce0435ccc97f/element - {"using":"xpath","value":"//span[contains(@id ,\"application-addressmanagement-display-component---detailAdm--addressDetailDetailsName1\")][contains(text(), \"null\")]"}
RESULT: {}
RESULT: {"using":"xpath","value":"//span[contains(@id ,\"application-addressmanagement-display-component---detailAdm--addressDetailDetailsName1\")][contains(text(), \"null\")]"}
COMMAND: GET /session/637568dc4cf1cd5e9e2bce0435ccc97f/screenshot - {}
RESULT: {}
COMMAND: POST /session/637568dc4cf1cd5e9e2bce0435ccc97f/element - {"using":"xpath","value":"//span[contains(@id ,\"application-addressmanagement-display-component---detailAdm--addressDetailDetailsName1\")][contains(text(), \"null\")]"}
RESULT: {"using":"xpath","value":"//span[contains(@id ,\"application-addressmanagement-display-component---detailAdm--addressDetailDetailsName1\")][contains(text(), \"null\")]"}
COMMAND: POST /session/637568dc4cf1cd5e9e2bce0435ccc97f/element - {"using":"xpath","value":"//span[contains(@id ,\"application-addressmanagement-display-component---detailAdm--addressDetailDetailsName1\")][contains(text(), \"null\")]"}
RESULT: {"using":"xpath","value":"//span[contains(@id ,\"application-addressmanagement-display-component---detailAdm--addressDetailDetailsName1\")][contains(text(), \"null\")]"}
COMMAND: POST /session/637568dc4cf1cd5e9e2bce0435ccc97f/element - {"using":"xpath","value":"//span[contains(@id ,\"application-addressmanagement-display-component---detailAdm--addressDetailDetailsName1\")][contains(text(), \"null\")]"}
RESULT: {"using":"xpath","value":"//span[contains(@id ,\"application-addressmanagement-display-component---detailAdm--addressDetailDetailsName1\")][contains(text(), \"null\")]"}
COMMAND: POST /session/637568dc4cf1cd5e9e2bce0435ccc97f/element - {"using":"xpath","value":"(//button[contains(@title ,\"Open in new tab\")])[1]"}
RESULT: {"using":"xpath","value":"(//button[contains(@title ,\"Open in new tab\")])[1]"}
COMMAND: POST /session/637568dc4cf1cd5e9e2bce0435ccc97f/element/f.C8BBCCC1F21DA4C6A9A6557DB6FC64D7.d.80434BEBC31B8A799F7E15614819D341.e.3981/click - {}
COMMAND: POST /session/637568dc4cf1cd5e9e2bce0435ccc97f/element - {"using":"xpath","value":"//span[contains(@id ,\"application-addressmanagement-display-component---detailAdm--addressDetailDetailsName1\")][contains(text(), \"null\")]"}
RESULT: {}
COMMAND: GET /session/637568dc4cf1cd5e9e2bce0435ccc97f/screenshot - {}
RESULT: {"using":"xpath","value":"//span[contains(@id ,\"application-addressmanagement-display-component---detailAdm--addressDetailDetailsName1\")][contains(text(), \"null\")]"}
COMMAND: POST /session/637568dc4cf1cd5e9e2bce0435ccc97f/element - {"using":"xpath","value":"//span[contains(@id ,\"application-addressmanagement-display-component---detailAdm--addressDetailDetailsName1\")][contains(text(), \"null\")]"}
RESULT: {}
RESULT: {"using":"xpath","value":"//span[contains(@id ,\"application-addressmanagement-display-component---detailAdm--addressDetailDetailsName1\")][contains(text(), \"null\")]"}
COMMAND: POST /session/637568dc4cf1cd5e9e2bce0435ccc97f/element - {"using":"xpath","value":"//span[contains(@id ,\"application-addressmanagement-display-component---detailAdm--addressDetailDetailsName1\")][contains(text(), \"null\")]"}
RESULT: {"using":"xpath","value":"//span[contains(@id ,\"application-addressmanagement-display-component---detailAdm--addressDetailDetailsName1\")][contains(text(), \"null\")]"}
COMMAND: POST /session/637568dc4cf1cd5e9e2bce0435ccc97f/element - {"using":"xpath","value":"//span[contains(@id ,\"application-addressmanagement-display-component---detailAdm--addressDetailDetailsName1\")][contains(text(), \"null\")]"}
RESULT: {"using":"xpath","value":"//span[contains(@id ,\"application-addressmanagement-display-component---detailAdm--addressDetailDetailsName1\")][contains(text(), \"null\")]"}
COMMAND: POST /session/637568dc4cf1cd5e9e2bce0435ccc97f/element - {"using":"xpath","value":"//span[contains(@id ,\"application-addressmanagement-display-component---detailAdm--addressDetailDetailsName1\")][contains(text(), \"null\")]"}
RESULT: {"using":"xpath","value":"//span[contains(@id ,\"application-addressmanagement-display-component---detailAdm--addressDetailDetailsName1\")][contains(text(), \"null\")]"}
COMMAND: POST /session/637568dc4cf1cd5e9e2bce0435ccc97f/element - {"using":"xpath","value":"//span[contains(@id ,\"application-addressmanagement-display-component---detailAdm--addressDetailDetailsName1\")][contains(text(), \"null\")]"}
RESULT: {"using":"xpath","value":"//span[contains(@id ,\"application-addressmanagement-display-component---detailAdm--addressDetailDetailsName1\")][contains(text(), \"null\")]"}
COMMAND: POST /session/637568dc4cf1cd5e9e2bce0435ccc97f/element - {"using":"xpath","value":"//span[contains(@id ,\"application-addressmanagement-display-component---detailAdm--addressDetailDetailsName1\")][contains(text(), \"null\")]"}
COMMAND: GET /session/637568dc4cf1cd5e9e2bce0435ccc97f/window/handles - {}
RESULT: {"using":"xpath","value":"//span[contains(@id ,\"application-addressmanagement-display-component---detailAdm--addressDetailDetailsName1\")][contains(text(), \"null\")]"}
RESULT: {}
COMMAND: POST /session/637568dc4cf1cd5e9e2bce0435ccc97f/window - {"handle":"9038174C23E95106939E6A03ADE47A8A"}
RESULT: {"handle":"9038174C23E95106939E6A03ADE47A8A"}
COMMAND: GET /session/637568dc4cf1cd5e9e2bce0435ccc97f/url - {}
RESULT: {}
COMMAND: POST /session/637568dc4cf1cd5e9e2bce0435ccc97f/element - {"using":"xpath","value":"//span[contains(@id ,\"application-addressmanagement-display-component---detailAdm--addressDetailDetailsName1\")][contains(text(), \"null\")]"}
COMMAND: GET /session/637568dc4cf1cd5e9e2bce0435ccc97f/screenshot - {}
RESULT: {"using":"xpath","value":"//span[contains(@id ,\"application-addressmanagement-display-component---detailAdm--addressDetailDetailsName1\")][contains(text(), \"null\")]"}
RESULT: {}
COMMAND: POST /session/637568dc4cf1cd5e9e2bce0435ccc97f/element - {"using":"xpath","value":"//span[contains(@id ,\"application-addressmanagement-display-component---detailAdm--addressDetailDetailsName1\")][contains(text(), \"null\")]"}
RESULT: {"using":"xpath","value":"//span[contains(@id ,\"application-addressmanagement-display-component---detailAdm--addressDetailDetailsName1\")][contains(text(), \"null\")]"}
COMMAND: POST /session/637568dc4cf1cd5e9e2bce0435ccc97f/element - {"using":"xpath","value":"//span[contains(@id ,\"application-addressmanagement-display-component---detailAdm--addressDetailDetailsName1\")][contains(text(), \"null\")]"}
RESULT: {"using":"xpath","value":"//span[contains(@id ,\"application-addressmanagement-display-component---detailAdm--addressDetailDetailsName1\")][contains(text(), \"null\")]"}
COMMAND: POST /session/637568dc4cf1cd5e9e2bce0435ccc97f/element - {"using":"xpath","value":"//span[contains(@id ,\"application-addressmanagement-display-component---detailAdm--addressDetailDetailsName1\")][contains(text(), \"null\")]"}
RESULT: {"using":"xpath","value":"//span[contains(@id ,\"application-addressmanagement-display-component---detailAdm--addressDetailDetailsName1\")][contains(text(), \"null\")]"}
COMMAND: POST /session/637568dc4cf1cd5e9e2bce0435ccc97f/element - {"using":"xpath","value":"//span[contains(@id ,\"application-addressmanagement-display-component---detailAdm--addressDetailDetailsName1\")][contains(text(), \"null\")]"}
RESULT: {"using":"xpath","value":"//span[contains(@id ,\"application-addressmanagement-display-component---detailAdm--addressDetailDetailsName1\")][contains(text(), \"null\")]"}
COMMAND: POST /session/637568dc4cf1cd5e9e2bce0435ccc97f/element - {"using":"xpath","value":"//span[contains(@id ,\"application-addressmanagement-display-component---detailAdm--addressDetailDetailsName1\")][contains(text(), \"null\")]"}
RESULT: {"using":"xpath","value":"//span[contains(@id ,\"application-addressmanagement-display-component---detailAdm--addressDetailDetailsName1\")][contains(text(), \"null\")]"}
COMMAND: POST /session/637568dc4cf1cd5e9e2bce0435ccc97f/element - {"using":"xpath","value":"//span[contains(@id ,\"application-addressmanagement-display-component---detailAdm--addressDetailDetailsName1\")][contains(text(), \"null\")]"}
RESULT: {"using":"xpath","value":"//span[contains(@id ,\"application-addressmanagement-display-component---detailAdm--addressDetailDetailsName1\")][contains(text(), \"null\")]"}
COMMAND: POST /session/637568dc4cf1cd5e9e2bce0435ccc97f/element - {"using":"xpath","value":"(//span[contains(text(), \"null\")])[2]"}
COMMAND: DELETE /session/637568dc4cf1cd5e9e2bce0435ccc97f/window - {}
COMMAND: POST /session/637568dc4cf1cd5e9e2bce0435ccc97f/element - {"using":"xpath","value":"//span[contains(@id ,\"application-addressmanagement-display-component---detailAdm--addressDetailDetailsName1\")][contains(text(), \"null\")]"}
RESULT: {}
COMMAND: POST /session/637568dc4cf1cd5e9e2bce0435ccc97f/window - {"handle":"C8BBCCC1F21DA4C6A9A6557DB6FC64D7"}
RESULT: {"handle":"C8BBCCC1F21DA4C6A9A6557DB6FC64D7"}
COMMAND: GET /session/637568dc4cf1cd5e9e2bce0435ccc97f/url - {}
RESULT: {"using":"xpath","value":"(//span[contains(text(), \"null\")])[2]"}
RESULT: {"using":"xpath","value":"//span[contains(@id ,\"application-addressmanagement-display-component---detailAdm--addressDetailDetailsName1\")][contains(text(), \"null\")]"}
RESULT: {}
COMMAND: GET /session/637568dc4cf1cd5e9e2bce0435ccc97f/screenshot - {}
COMMAND: POST /session/637568dc4cf1cd5e9e2bce0435ccc97f/element - {"using":"xpath","value":"(//span[contains(text(), \"null\")])[2]"}
COMMAND: POST /session/637568dc4cf1cd5e9e2bce0435ccc97f/element - {"using":"xpath","value":"//span[contains(@id ,\"application-addressmanagement-display-component---detailAdm--addressDetailDetailsName1\")][contains(text(), \"null\")]"}
RESULT: {}
RESULT: {"using":"xpath","value":"(//span[contains(text(), \"null\")])[2]"}
RESULT: {"using":"xpath","value":"//span[contains(@id ,\"application-addressmanagement-display-component---detailAdm--addressDetailDetailsName1\")][contains(text(), \"null\")]"}
COMMAND: POST /session/637568dc4cf1cd5e9e2bce0435ccc97f/element - {"using":"xpath","value":"(//span[contains(text(), \"null\")])[2]"}
COMMAND: POST /session/637568dc4cf1cd5e9e2bce0435ccc97f/element - {"using":"xpath","value":"//span[contains(@id ,\"application-addressmanagement-display-component---detailAdm--addressDetailDetailsName1\")][contains(text(), \"null\")]"}
RESULT: {"using":"xpath","value":"(//span[contains(text(), \"null\")])[2]"}
RESULT: {"using":"xpath","value":"//span[contains(@id ,\"application-addressmanagement-display-component---detailAdm--addressDetailDetailsName1\")][contains(text(), \"null\")]"}
COMMAND: POST /session/637568dc4cf1cd5e9e2bce0435ccc97f/element - {"using":"xpath","value":"(//span[contains(text(), \"null\")])[2]"}
RESULT: {"using":"xpath","value":"(//span[contains(text(), \"null\")])[2]"}
COMMAND: POST /session/637568dc4cf1cd5e9e2bce0435ccc97f/element - {"using":"xpath","value":"(//span[contains(text(), \"null\")])[2]"}
RESULT: {"using":"xpath","value":"(//span[contains(text(), \"null\")])[2]"}
COMMAND: POST /session/637568dc4cf1cd5e9e2bce0435ccc97f/element - {"using":"xpath","value":"(//span[contains(text(), \"null\")])[2]"}
RESULT: {"using":"xpath","value":"(//span[contains(text(), \"null\")])[2]"}
COMMAND: POST /session/637568dc4cf1cd5e9e2bce0435ccc97f/element - {"using":"xpath","value":"(//span[contains(text(), \"null\")])[2]"}
RESULT: {"using":"xpath","value":"(//span[contains(text(), \"null\")])[2]"}
COMMAND: POST /session/637568dc4cf1cd5e9e2bce0435ccc97f/element - {"using":"xpath","value":"(//span[contains(text(), \"null\")])[2]"}
RESULT: {"using":"xpath","value":"(//span[contains(text(), \"null\")])[2]"}
COMMAND: POST /session/637568dc4cf1cd5e9e2bce0435ccc97f/element - {"using":"xpath","value":"(//span[contains(text(), \"null\")])[2]"}
RESULT: {"using":"xpath","value":"(//span[contains(text(), \"null\")])[2]"}
COMMAND: POST /session/637568dc4cf1cd5e9e2bce0435ccc97f/element - {"using":"xpath","value":"(//span[contains(text(), \"null\")])[2]"}
RESULT: {"using":"xpath","value":"(//span[contains(text(), \"null\")])[2]"}
COMMAND: POST /session/637568dc4cf1cd5e9e2bce0435ccc97f/element - {"using":"xpath","value":"(//span[contains(text(), \"null\")])[2]"}
RESULT: {"using":"xpath","value":"(//span[contains(text(), \"null\")])[2]"}
COMMAND: POST /session/637568dc4cf1cd5e9e2bce0435ccc97f/element - {"using":"xpath","value":"(//span[contains(text(), \"null\")])[2]"}
RESULT: {"using":"xpath","value":"(//span[contains(text(), \"null\")])[2]"}
COMMAND: POST /session/637568dc4cf1cd5e9e2bce0435ccc97f/element - {"using":"xpath","value":"(//span[contains(text(), \"null\")])[2]"}
RESULT: {"using":"xpath","value":"(//span[contains(text(), \"null\")])[2]"}
COMMAND: POST /session/637568dc4cf1cd5e9e2bce0435ccc97f/element - {"using":"xpath","value":"(//span[contains(text(), \"null\")])[2]"}
RESULT: {"using":"xpath","value":"(//span[contains(text(), \"null\")])[2]"}
COMMAND: POST /session/637568dc4cf1cd5e9e2bce0435ccc97f/element - {"using":"xpath","value":"(//span[contains(text(), \"null\")])[2]"}
RESULT: {"using":"xpath","value":"(//span[contains(text(), \"null\")])[2]"}
COMMAND: POST /session/637568dc4cf1cd5e9e2bce0435ccc97f/element - {"using":"xpath","value":"(//span[contains(text(), \"null\")])[2]"}
RESULT: {"using":"xpath","value":"(//span[contains(text(), \"null\")])[2]"}
COMMAND: POST /session/637568dc4cf1cd5e9e2bce0435ccc97f/element - {"using":"xpath","value":"(//span[contains(text(), \"null\")])[2]"}
RESULT: {"using":"xpath","value":"(//span[contains(text(), \"null\")])[2]"}
COMMAND: POST /session/637568dc4cf1cd5e9e2bce0435ccc97f/element - {"using":"xpath","value":"(//button[contains(@title ,\"Open in new tab\")])[2]"}
RESULT: {"using":"xpath","value":"(//button[contains(@title ,\"Open in new tab\")])[2]"}
COMMAND: POST /session/637568dc4cf1cd5e9e2bce0435ccc97f/element/f.C8BBCCC1F21DA4C6A9A6557DB6FC64D7.d.80434BEBC31B8A799F7E15614819D341.e.4025/click - {}
RESULT: {}
COMMAND: GET /session/637568dc4cf1cd5e9e2bce0435ccc97f/screenshot - {}
COMMAND: POST /session/637568dc4cf1cd5e9e2bce0435ccc97f/element - {"using":"xpath","value":"(//span[contains(text(), \"null\")])[2]"}
RESULT: {}
RESULT: {"using":"xpath","value":"(//span[contains(text(), \"null\")])[2]"}
COMMAND: POST /session/637568dc4cf1cd5e9e2bce0435ccc97f/element - {"using":"xpath","value":"(//span[contains(text(), \"null\")])[2]"}
RESULT: {"using":"xpath","value":"(//span[contains(text(), \"null\")])[2]"}
COMMAND: POST /session/637568dc4cf1cd5e9e2bce0435ccc97f/element - {"using":"xpath","value":"(//span[contains(text(), \"null\")])[2]"}
RESULT: {"using":"xpath","value":"(//span[contains(text(), \"null\")])[2]"}
COMMAND: POST /session/637568dc4cf1cd5e9e2bce0435ccc97f/element - {"using":"xpath","value":"(//span[contains(text(), \"null\")])[2]"}
RESULT: {"using":"xpath","value":"(//span[contains(text(), \"null\")])[2]"}
COMMAND: POST /session/637568dc4cf1cd5e9e2bce0435ccc97f/element - {"using":"xpath","value":"(//span[contains(text(), \"null\")])[2]"}
RESULT: {"using":"xpath","value":"(//span[contains(text(), \"null\")])[2]"}
COMMAND: POST /session/637568dc4cf1cd5e9e2bce0435ccc97f/element - {"using":"xpath","value":"(//span[contains(text(), \"null\")])[2]"}
RESULT: {"using":"xpath","value":"(//span[contains(text(), \"null\")])[2]"}
COMMAND: POST /session/637568dc4cf1cd5e9e2bce0435ccc97f/element - {"using":"xpath","value":"(//span[contains(text(), \"null\")])[2]"}
RESULT: {"using":"xpath","value":"(//span[contains(text(), \"null\")])[2]"}
COMMAND: POST /session/637568dc4cf1cd5e9e2bce0435ccc97f/element - {"using":"xpath","value":"(//span[contains(text(), \"null\")])[2]"}
RESULT: {"using":"xpath","value":"(//span[contains(text(), \"null\")])[2]"}
COMMAND: POST /session/637568dc4cf1cd5e9e2bce0435ccc97f/element - {"using":"xpath","value":"(//span[contains(text(), \"null\")])[2]"}
RESULT: {"using":"xpath","value":"(//span[contains(text(), \"null\")])[2]"}
COMMAND: POST /session/637568dc4cf1cd5e9e2bce0435ccc97f/element - {"using":"xpath","value":"(//span[contains(text(), \"null\")])[2]"}
RESULT: {"using":"xpath","value":"(//span[contains(text(), \"null\")])[2]"}
COMMAND: POST /session/637568dc4cf1cd5e9e2bce0435ccc97f/element - {"using":"xpath","value":"(//span[contains(text(), \"null\")])[2]"}
COMMAND: GET /session/637568dc4cf1cd5e9e2bce0435ccc97f/window/handles - {}
RESULT: {"using":"xpath","value":"(//span[contains(text(), \"null\")])[2]"}
RESULT: {}
COMMAND: POST /session/637568dc4cf1cd5e9e2bce0435ccc97f/window - {"handle":"2549531EE36DFC1572AB6D59F2CA71B1"}
RESULT: {"handle":"2549531EE36DFC1572AB6D59F2CA71B1"}
COMMAND: GET /session/637568dc4cf1cd5e9e2bce0435ccc97f/url - {}
RESULT: {}
COMMAND: GET /session/637568dc4cf1cd5e9e2bce0435ccc97f/screenshot - {}
COMMAND: POST /session/637568dc4cf1cd5e9e2bce0435ccc97f/element - {"using":"xpath","value":"(//span[contains(text(), \"null\")])[2]"}
RESULT: {}
RESULT: {"using":"xpath","value":"(//span[contains(text(), \"null\")])[2]"}
COMMAND: POST /session/637568dc4cf1cd5e9e2bce0435ccc97f/element - {"using":"xpath","value":"(//span[contains(text(), \"null\")])[2]"}
RESULT: {"using":"xpath","value":"(//span[contains(text(), \"null\")])[2]"}
COMMAND: POST /session/637568dc4cf1cd5e9e2bce0435ccc97f/element - {"using":"xpath","value":"(//span[contains(text(), \"null\")])[2]"}
RESULT: {"using":"xpath","value":"(//span[contains(text(), \"null\")])[2]"}
COMMAND: POST /session/637568dc4cf1cd5e9e2bce0435ccc97f/element - {"using":"xpath","value":"(//span[contains(text(), \"null\")])[2]"}
RESULT: {"using":"xpath","value":"(//span[contains(text(), \"null\")])[2]"}
COMMAND: POST /session/637568dc4cf1cd5e9e2bce0435ccc97f/element - {"using":"xpath","value":"(//span[contains(text(), \"null\")])[2]"}
RESULT: {"using":"xpath","value":"(//span[contains(text(), \"null\")])[2]"}
COMMAND: POST /session/637568dc4cf1cd5e9e2bce0435ccc97f/element - {"using":"xpath","value":"//span[contains(@id ,\"application-addressmanagement-display-component---detailAdm--addressDetailDetailsName1\")][contains(text(), \"null\")]"}
COMMAND: DELETE /session/637568dc4cf1cd5e9e2bce0435ccc97f/window - {}
RESULT: {"using":"xpath","value":"//span[contains(@id ,\"application-addressmanagement-display-component---detailAdm--addressDetailDetailsName1\")][contains(text(), \"null\")]"}
RESULT: {}
COMMAND: POST /session/637568dc4cf1cd5e9e2bce0435ccc97f/window - {"handle":"C8BBCCC1F21DA4C6A9A6557DB6FC64D7"}
RESULT: {"handle":"C8BBCCC1F21DA4C6A9A6557DB6FC64D7"}
COMMAND: GET /session/637568dc4cf1cd5e9e2bce0435ccc97f/url - {}
COMMAND: POST /session/637568dc4cf1cd5e9e2bce0435ccc97f/element - {"using":"xpath","value":"(//span[contains(text(), \"null\")])[2]"}
RESULT: {}
COMMAND: GET /session/637568dc4cf1cd5e9e2bce0435ccc97f/screenshot - {}
RESULT: {"using":"xpath","value":"(//span[contains(text(), \"null\")])[2]"}
COMMAND: POST /session/637568dc4cf1cd5e9e2bce0435ccc97f/element - {"using":"xpath","value":"//span[contains(@id ,\"application-addressmanagement-display-component---detailAdm--addressDetailDetailsName1\")][contains(text(), \"null\")]"}
COMMAND: POST /session/637568dc4cf1cd5e9e2bce0435ccc97f/element - {"using":"xpath","value":"(//span[contains(text(), \"null\")])[2]"}
RESULT: {}
RESULT: {"using":"xpath","value":"//span[contains(@id ,\"application-addressmanagement-display-component---detailAdm--addressDetailDetailsName1\")][contains(text(), \"null\")]"}
RESULT: {"using":"xpath","value":"(//span[contains(text(), \"null\")])[2]"}
COMMAND: POST /session/637568dc4cf1cd5e9e2bce0435ccc97f/element - {"using":"xpath","value":"//span[contains(@id ,\"application-addressmanagement-display-component---detailAdm--addressDetailDetailsName1\")][contains(text(), \"null\")]"}
COMMAND: POST /session/637568dc4cf1cd5e9e2bce0435ccc97f/element - {"using":"xpath","value":"(//span[contains(text(), \"null\")])[2]"}
RESULT: {"using":"xpath","value":"//span[contains(@id ,\"application-addressmanagement-display-component---detailAdm--addressDetailDetailsName1\")][contains(text(), \"null\")]"}
RESULT: {"using":"xpath","value":"(//span[contains(text(), \"null\")])[2]"}
COMMAND: POST /session/637568dc4cf1cd5e9e2bce0435ccc97f/element - {"using":"xpath","value":"//span[contains(@id ,\"application-addressmanagement-display-component---detailAdm--addressDetailDetailsName1\")][contains(text(), \"null\")]"}
COMMAND: POST /session/637568dc4cf1cd5e9e2bce0435ccc97f/element - {"using":"xpath","value":"(//span[contains(text(), \"null\")])[2]"}
RESULT: {"using":"xpath","value":"//span[contains(@id ,\"application-addressmanagement-display-component---detailAdm--addressDetailDetailsName1\")][contains(text(), \"null\")]"}
RESULT: {"using":"xpath","value":"(//span[contains(text(), \"null\")])[2]"}
COMMAND: POST /session/637568dc4cf1cd5e9e2bce0435ccc97f/element - {"using":"xpath","value":"//span[contains(@id ,\"application-addressmanagement-display-component---detailAdm--addressDetailDetailsName1\")][contains(text(), \"null\")]"}
COMMAND: POST /session/637568dc4cf1cd5e9e2bce0435ccc97f/element - {"using":"xpath","value":"(//span[contains(text(), \"null\")])[2]"}
RESULT: {"using":"xpath","value":"//span[contains(@id ,\"application-addressmanagement-display-component---detailAdm--addressDetailDetailsName1\")][contains(text(), \"null\")]"}
RESULT: {"using":"xpath","value":"(//span[contains(text(), \"null\")])[2]"}
COMMAND: POST /session/637568dc4cf1cd5e9e2bce0435ccc97f/element - {"using":"xpath","value":"//span[contains(@id ,\"application-addressmanagement-display-component---detailAdm--addressDetailDetailsName1\")][contains(text(), \"null\")]"}
COMMAND: POST /session/637568dc4cf1cd5e9e2bce0435ccc97f/element - {"using":"xpath","value":"(//span[contains(text(), \"null\")])[2]"}
RESULT: {"using":"xpath","value":"//span[contains(@id ,\"application-addressmanagement-display-component---detailAdm--addressDetailDetailsName1\")][contains(text(), \"null\")]"}
RESULT: {"using":"xpath","value":"(//span[contains(text(), \"null\")])[2]"}
COMMAND: POST /session/637568dc4cf1cd5e9e2bce0435ccc97f/element - {"using":"xpath","value":"//span[contains(@id ,\"application-addressmanagement-display-component---detailAdm--addressDetailDetailsName1\")][contains(text(), \"null\")]"}
RESULT: {"using":"xpath","value":"//span[contains(@id ,\"application-addressmanagement-display-component---detailAdm--addressDetailDetailsName1\")][contains(text(), \"null\")]"}
COMMAND: POST /session/637568dc4cf1cd5e9e2bce0435ccc97f/element - {"using":"xpath","value":"(//span[contains(text(), \"null\")])[2]"}
RESULT: {"using":"xpath","value":"(//span[contains(text(), \"null\")])[2]"}
COMMAND: POST /session/637568dc4cf1cd5e9e2bce0435ccc97f/element - {"using":"xpath","value":"//span[contains(@id ,\"application-addressmanagement-display-component---detailAdm--addressDetailDetailsName1\")][contains(text(), \"null\")]"}
COMMAND: POST /session/637568dc4cf1cd5e9e2bce0435ccc97f/element - {"using":"xpath","value":"(//span[contains(text(), \"null\")])[2]"}
RESULT: {"using":"xpath","value":"//span[contains(@id ,\"application-addressmanagement-display-component---detailAdm--addressDetailDetailsName1\")][contains(text(), \"null\")]"}
RESULT: {"using":"xpath","value":"(//span[contains(text(), \"null\")])[2]"}
COMMAND: POST /session/637568dc4cf1cd5e9e2bce0435ccc97f/element - {"using":"xpath","value":"//span[contains(@id ,\"application-addressmanagement-display-component---detailAdm--addressDetailDetailsName1\")][contains(text(), \"null\")]"}
COMMAND: POST /session/637568dc4cf1cd5e9e2bce0435ccc97f/element - {"using":"xpath","value":"(//span[contains(text(), \"null\")])[2]"}
RESULT: {"using":"xpath","value":"//span[contains(@id ,\"application-addressmanagement-display-component---detailAdm--addressDetailDetailsName1\")][contains(text(), \"null\")]"}
RESULT: {"using":"xpath","value":"(//span[contains(text(), \"null\")])[2]"}
COMMAND: POST /session/637568dc4cf1cd5e9e2bce0435ccc97f/element - {"using":"xpath","value":"//span[contains(@id ,\"application-addressmanagement-display-component---detailAdm--addressDetailDetailsName1\")][contains(text(), \"null\")]"}
COMMAND: POST /session/637568dc4cf1cd5e9e2bce0435ccc97f/element - {"using":"xpath","value":"(//span[contains(text(), \"null\")])[2]"}
RESULT: {"using":"xpath","value":"//span[contains(@id ,\"application-addressmanagement-display-component---detailAdm--addressDetailDetailsName1\")][contains(text(), \"null\")]"}
]]></system-out>
    </testcase>
    <testcase classname="chrome.136_0_7103_93.windows.Related_resources_for_groups_US139107" name="Should set one equipment to inactive and verify that it does not show in the releated resources" time="70.185">
      <system-out><![CDATA[
COMMAND: POST /session/637568dc4cf1cd5e9e2bce0435ccc97f/element - {"using":"xpath","value":"//*[contains(@data-kt ,\"openRUIdMenuLink\")]"}
RESULT: {"using":"xpath","value":"(//span[contains(text(), \"null\")])[2]"}
RESULT: {"using":"xpath","value":"//*[contains(@data-kt ,\"openRUIdMenuLink\")]"}
COMMAND: POST /session/637568dc4cf1cd5e9e2bce0435ccc97f/execute/sync - {"script":"<script> [8489 bytes]","args":[{"element-6066-11e4-a52e-4f735466cecf":"f.C8BBCCC1F21DA4C6A9A6557DB6FC64D7.d.80434BEBC31B8A799F7E15614819D341.e.4032","ELEMENT":"f.C8BBCCC1F21DA4C6A9A6557DB6FC64D7.d.80434BEBC31B8A799F7E15614819D341.e.4032"}]}
RESULT: {"script":"<script> [8489 bytes]","args":[{"element-6066-11e4-a52e-4f735466cecf":"f.C8BBCCC1F21DA4C6A9A6557DB6FC64D7.d.80434BEBC31B8A799F7E15614819D341.e.4032","ELEMENT":"f.C8BBCCC1F21DA4C6A9A6557DB6FC64D7.d.80434BEBC31B8A799F7E15614819D341.e.4032"}]}
COMMAND: POST /session/637568dc4cf1cd5e9e2bce0435ccc97f/execute/sync - {"script":"<script> [5351 bytes]","args":[{"element-6066-11e4-a52e-4f735466cecf":"f.C8BBCCC1F21DA4C6A9A6557DB6FC64D7.d.80434BEBC31B8A799F7E15614819D341.e.4032","ELEMENT":"f.C8BBCCC1F21DA4C6A9A6557DB6FC64D7.d.80434BEBC31B8A799F7E15614819D341.e.4032"}]}
COMMAND: GET /session/637568dc4cf1cd5e9e2bce0435ccc97f/screenshot - {}
RESULT: {"script":"<script> [5351 bytes]","args":[{"element-6066-11e4-a52e-4f735466cecf":"f.C8BBCCC1F21DA4C6A9A6557DB6FC64D7.d.80434BEBC31B8A799F7E15614819D341.e.4032","ELEMENT":"f.C8BBCCC1F21DA4C6A9A6557DB6FC64D7.d.80434BEBC31B8A799F7E15614819D341.e.4032"}]}
COMMAND: POST /session/637568dc4cf1cd5e9e2bce0435ccc97f/element/f.C8BBCCC1F21DA4C6A9A6557DB6FC64D7.d.80434BEBC31B8A799F7E15614819D341.e.4032/click - {}
COMMAND: GET /session/637568dc4cf1cd5e9e2bce0435ccc97f/screenshot - {}
RESULT: {}
COMMAND: POST /session/637568dc4cf1cd5e9e2bce0435ccc97f/element - {"using":"xpath","value":"//span[contains(@id ,\"application-addressmanagement-display-component---detailAdm--addressDetailDetailsName1\")][contains(text(), \"null\")]"}
COMMAND: POST /session/637568dc4cf1cd5e9e2bce0435ccc97f/element - {"using":"xpath","value":"(//span[contains(text(), \"null\")])[2]"}
RESULT: {}
COMMAND: GET /session/637568dc4cf1cd5e9e2bce0435ccc97f/screenshot - {}
RESULT: {}
RESULT: {"using":"xpath","value":"//span[contains(@id ,\"application-addressmanagement-display-component---detailAdm--addressDetailDetailsName1\")][contains(text(), \"null\")]"}
RESULT: {"using":"xpath","value":"(//span[contains(text(), \"null\")])[2]"}
RESULT: {}
COMMAND: POST /session/637568dc4cf1cd5e9e2bce0435ccc97f/element - {"using":"xpath","value":"//span[contains(@id ,\"application-addressmanagement-display-component---detailAdm--addressDetailDetailsName1\")][contains(text(), \"null\")]"}
COMMAND: POST /session/637568dc4cf1cd5e9e2bce0435ccc97f/element - {"using":"xpath","value":"(//span[contains(text(), \"null\")])[2]"}
RESULT: {"using":"xpath","value":"//span[contains(@id ,\"application-addressmanagement-display-component---detailAdm--addressDetailDetailsName1\")][contains(text(), \"null\")]"}
RESULT: {"using":"xpath","value":"(//span[contains(text(), \"null\")])[2]"}
COMMAND: POST /session/637568dc4cf1cd5e9e2bce0435ccc97f/element - {"using":"xpath","value":"//span[contains(@id ,\"application-addressmanagement-display-component---detailAdm--addressDetailDetailsName1\")][contains(text(), \"null\")]"}
RESULT: {"using":"xpath","value":"//span[contains(@id ,\"application-addressmanagement-display-component---detailAdm--addressDetailDetailsName1\")][contains(text(), \"null\")]"}
COMMAND: POST /session/637568dc4cf1cd5e9e2bce0435ccc97f/element - {"using":"xpath","value":"(//span[contains(text(), \"null\")])[2]"}
RESULT: {"using":"xpath","value":"(//span[contains(text(), \"null\")])[2]"}
COMMAND: POST /session/637568dc4cf1cd5e9e2bce0435ccc97f/element - {"using":"xpath","value":"//span[contains(@id ,\"application-addressmanagement-display-component---detailAdm--addressDetailDetailsName1\")][contains(text(), \"null\")]"}
RESULT: {"using":"xpath","value":"//span[contains(@id ,\"application-addressmanagement-display-component---detailAdm--addressDetailDetailsName1\")][contains(text(), \"null\")]"}
COMMAND: POST /session/637568dc4cf1cd5e9e2bce0435ccc97f/element - {"using":"xpath","value":"(//span[contains(text(), \"null\")])[2]"}
RESULT: {"using":"xpath","value":"(//span[contains(text(), \"null\")])[2]"}
COMMAND: POST /session/637568dc4cf1cd5e9e2bce0435ccc97f/element - {"using":"xpath","value":"//*[contains(@data-kt ,\"ContextMenuId2Link\")][contains(text(), \"RU Overview\")]"}
RESULT: {"using":"xpath","value":"//*[contains(@data-kt ,\"ContextMenuId2Link\")][contains(text(), \"RU Overview\")]"}
COMMAND: POST /session/637568dc4cf1cd5e9e2bce0435ccc97f/execute/sync - {"script":"<script> [8489 bytes]","args":[{"element-6066-11e4-a52e-4f735466cecf":"f.C8BBCCC1F21DA4C6A9A6557DB6FC64D7.d.80434BEBC31B8A799F7E15614819D341.e.4034","ELEMENT":"f.C8BBCCC1F21DA4C6A9A6557DB6FC64D7.d.80434BEBC31B8A799F7E15614819D341.e.4034"}]}
COMMAND: POST /session/637568dc4cf1cd5e9e2bce0435ccc97f/element/f.C8BBCCC1F21DA4C6A9A6557DB6FC64D7.d.80434BEBC31B8A799F7E15614819D341.e.4034/click - {}
RESULT: {"script":"<script> [8489 bytes]","args":[{"element-6066-11e4-a52e-4f735466cecf":"f.C8BBCCC1F21DA4C6A9A6557DB6FC64D7.d.80434BEBC31B8A799F7E15614819D341.e.4034","ELEMENT":"f.C8BBCCC1F21DA4C6A9A6557DB6FC64D7.d.80434BEBC31B8A799F7E15614819D341.e.4034"}]}
COMMAND: GET /session/637568dc4cf1cd5e9e2bce0435ccc97f/screenshot - {}
COMMAND: POST /session/637568dc4cf1cd5e9e2bce0435ccc97f/element - {"using":"xpath","value":"//span[contains(@id ,\"application-addressmanagement-display-component---detailAdm--addressDetailDetailsName1\")][contains(text(), \"null\")]"}
COMMAND: POST /session/637568dc4cf1cd5e9e2bce0435ccc97f/element - {"using":"xpath","value":"(//span[contains(text(), \"null\")])[2]"}
RESULT: {}
COMMAND: GET /session/637568dc4cf1cd5e9e2bce0435ccc97f/screenshot - {}
RESULT: {}
RESULT: {"using":"xpath","value":"//span[contains(@id ,\"application-addressmanagement-display-component---detailAdm--addressDetailDetailsName1\")][contains(text(), \"null\")]"}
COMMAND: POST /session/637568dc4cf1cd5e9e2bce0435ccc97f/element - {"using":"xpath","value":"//span[contains(@id ,\"application-addressmanagement-display-component---detailAdm--addressDetailDetailsName1\")][contains(text(), \"null\")]"}
RESULT: {"using":"xpath","value":"(//span[contains(text(), \"null\")])[2]"}
RESULT: {}
RESULT: {"using":"xpath","value":"//span[contains(@id ,\"application-addressmanagement-display-component---detailAdm--addressDetailDetailsName1\")][contains(text(), \"null\")]"}
COMMAND: POST /session/637568dc4cf1cd5e9e2bce0435ccc97f/element - {"using":"xpath","value":"//span[contains(@id ,\"application-addressmanagement-display-component---detailAdm--addressDetailDetailsName1\")][contains(text(), \"null\")]"}
COMMAND: POST /session/637568dc4cf1cd5e9e2bce0435ccc97f/element - {"using":"xpath","value":"//span[contains(@id ,\"actionsToolbar-overflowButton-img\")]"}
RESULT: {"using":"xpath","value":"//span[contains(@id ,\"application-addressmanagement-display-component---detailAdm--addressDetailDetailsName1\")][contains(text(), \"null\")]"}
RESULT: {"using":"xpath","value":"//span[contains(@id ,\"actionsToolbar-overflowButton-img\")]"}
COMMAND: POST /session/637568dc4cf1cd5e9e2bce0435ccc97f/execute/sync - {"script":"<script> [8489 bytes]","args":[{"element-6066-11e4-a52e-4f735466cecf":"f.C8BBCCC1F21DA4C6A9A6557DB6FC64D7.d.80434BEBC31B8A799F7E15614819D341.e.4394","ELEMENT":"f.C8BBCCC1F21DA4C6A9A6557DB6FC64D7.d.80434BEBC31B8A799F7E15614819D341.e.4394"}]}
RESULT: {"script":"<script> [8489 bytes]","args":[{"element-6066-11e4-a52e-4f735466cecf":"f.C8BBCCC1F21DA4C6A9A6557DB6FC64D7.d.80434BEBC31B8A799F7E15614819D341.e.4394","ELEMENT":"f.C8BBCCC1F21DA4C6A9A6557DB6FC64D7.d.80434BEBC31B8A799F7E15614819D341.e.4394"}]}
COMMAND: POST /session/637568dc4cf1cd5e9e2bce0435ccc97f/execute/sync - {"script":"<script> [5351 bytes]","args":[{"element-6066-11e4-a52e-4f735466cecf":"f.C8BBCCC1F21DA4C6A9A6557DB6FC64D7.d.80434BEBC31B8A799F7E15614819D341.e.4394","ELEMENT":"f.C8BBCCC1F21DA4C6A9A6557DB6FC64D7.d.80434BEBC31B8A799F7E15614819D341.e.4394"}]}
COMMAND: GET /session/637568dc4cf1cd5e9e2bce0435ccc97f/screenshot - {}
RESULT: {"script":"<script> [5351 bytes]","args":[{"element-6066-11e4-a52e-4f735466cecf":"f.C8BBCCC1F21DA4C6A9A6557DB6FC64D7.d.80434BEBC31B8A799F7E15614819D341.e.4394","ELEMENT":"f.C8BBCCC1F21DA4C6A9A6557DB6FC64D7.d.80434BEBC31B8A799F7E15614819D341.e.4394"}]}
COMMAND: POST /session/637568dc4cf1cd5e9e2bce0435ccc97f/element/f.C8BBCCC1F21DA4C6A9A6557DB6FC64D7.d.80434BEBC31B8A799F7E15614819D341.e.4394/click - {}
COMMAND: GET /session/637568dc4cf1cd5e9e2bce0435ccc97f/screenshot - {}
RESULT: {}
COMMAND: POST /session/637568dc4cf1cd5e9e2bce0435ccc97f/element - {"using":"xpath","value":"//span[contains(@id ,\"application-addressmanagement-display-component---detailAdm--addressDetailDetailsName1\")][contains(text(), \"null\")]"}
RESULT: {}
COMMAND: GET /session/637568dc4cf1cd5e9e2bce0435ccc97f/screenshot - {}
RESULT: {}
RESULT: {"using":"xpath","value":"//span[contains(@id ,\"application-addressmanagement-display-component---detailAdm--addressDetailDetailsName1\")][contains(text(), \"null\")]"}
RESULT: {}
COMMAND: POST /session/637568dc4cf1cd5e9e2bce0435ccc97f/element - {"using":"xpath","value":"//span[contains(@id ,\"application-addressmanagement-display-component---detailAdm--addressDetailDetailsName1\")][contains(text(), \"null\")]"}
RESULT: {"using":"xpath","value":"//span[contains(@id ,\"application-addressmanagement-display-component---detailAdm--addressDetailDetailsName1\")][contains(text(), \"null\")]"}
COMMAND: POST /session/637568dc4cf1cd5e9e2bce0435ccc97f/element - {"using":"xpath","value":"//span[contains(@id ,\"application-addressmanagement-display-component---detailAdm--addressDetailDetailsName1\")][contains(text(), \"null\")]"}
RESULT: {"using":"xpath","value":"//span[contains(@id ,\"application-addressmanagement-display-component---detailAdm--addressDetailDetailsName1\")][contains(text(), \"null\")]"}
COMMAND: POST /session/637568dc4cf1cd5e9e2bce0435ccc97f/element - {"using":"xpath","value":"//span[contains(@id ,\"application-addressmanagement-display-component---detailAdm--addressDetailDetailsName1\")][contains(text(), \"null\")]"}
RESULT: {"using":"xpath","value":"//span[contains(@id ,\"application-addressmanagement-display-component---detailAdm--addressDetailDetailsName1\")][contains(text(), \"null\")]"}
COMMAND: POST /session/637568dc4cf1cd5e9e2bce0435ccc97f/element - {"using":"xpath","value":"(//bdi[contains(text(), \"Deactivate\")])[1]"}
RESULT: {"using":"xpath","value":"(//bdi[contains(text(), \"Deactivate\")])[1]"}
COMMAND: POST /session/637568dc4cf1cd5e9e2bce0435ccc97f/element/f.C8BBCCC1F21DA4C6A9A6557DB6FC64D7.d.80434BEBC31B8A799F7E15614819D341.e.4401/click - {}
RESULT: {}
COMMAND: POST /session/637568dc4cf1cd5e9e2bce0435ccc97f/element - {"using":"xpath","value":"//span[contains(@id ,\"application-addressmanagement-display-component---detailAdm--addressDetailDetailsName1\")][contains(text(), \"null\")]"}
COMMAND: GET /session/637568dc4cf1cd5e9e2bce0435ccc97f/screenshot - {}
RESULT: {"using":"xpath","value":"//span[contains(@id ,\"application-addressmanagement-display-component---detailAdm--addressDetailDetailsName1\")][contains(text(), \"null\")]"}
RESULT: {}
COMMAND: POST /session/637568dc4cf1cd5e9e2bce0435ccc97f/element - {"using":"xpath","value":"//span[contains(@id ,\"application-addressmanagement-display-component---detailAdm--addressDetailDetailsName1\")][contains(text(), \"null\")]"}
RESULT: {"using":"xpath","value":"//span[contains(@id ,\"application-addressmanagement-display-component---detailAdm--addressDetailDetailsName1\")][contains(text(), \"null\")]"}
COMMAND: POST /session/637568dc4cf1cd5e9e2bce0435ccc97f/element - {"using":"xpath","value":"//span[contains(@id ,\"application-addressmanagement-display-component---detailAdm--addressDetailDetailsName1\")][contains(text(), \"null\")]"}
RESULT: {"using":"xpath","value":"//span[contains(@id ,\"application-addressmanagement-display-component---detailAdm--addressDetailDetailsName1\")][contains(text(), \"null\")]"}
COMMAND: POST /session/637568dc4cf1cd5e9e2bce0435ccc97f/element - {"using":"xpath","value":"//span[contains(@id ,\"application-addressmanagement-display-component---detailAdm--addressDetailDetailsName1\")][contains(text(), \"null\")]"}
RESULT: {"using":"xpath","value":"//span[contains(@id ,\"application-addressmanagement-display-component---detailAdm--addressDetailDetailsName1\")][contains(text(), \"null\")]"}
COMMAND: POST /session/637568dc4cf1cd5e9e2bce0435ccc97f/element - {"using":"xpath","value":"(//bdi[contains(text(), \"OK\")])[1]"}
RESULT: {"using":"xpath","value":"(//bdi[contains(text(), \"OK\")])[1]"}
COMMAND: POST /session/637568dc4cf1cd5e9e2bce0435ccc97f/element/f.C8BBCCC1F21DA4C6A9A6557DB6FC64D7.d.80434BEBC31B8A799F7E15614819D341.e.4404/click - {}
RESULT: {}
COMMAND: GET /session/637568dc4cf1cd5e9e2bce0435ccc97f/screenshot - {}
COMMAND: POST /session/637568dc4cf1cd5e9e2bce0435ccc97f/element - {"using":"xpath","value":"//span[contains(@id ,\"application-addressmanagement-display-component---detailAdm--addressDetailDetailsName1\")][contains(text(), \"null\")]"}
RESULT: {}
RESULT: {"using":"xpath","value":"//span[contains(@id ,\"application-addressmanagement-display-component---detailAdm--addressDetailDetailsName1\")][contains(text(), \"null\")]"}
COMMAND: POST /session/637568dc4cf1cd5e9e2bce0435ccc97f/element - {"using":"xpath","value":"//span[contains(@id ,\"application-addressmanagement-display-component---detailAdm--addressDetailDetailsName1\")][contains(text(), \"null\")]"}
RESULT: {"using":"xpath","value":"//span[contains(@id ,\"application-addressmanagement-display-component---detailAdm--addressDetailDetailsName1\")][contains(text(), \"null\")]"}
COMMAND: POST /session/637568dc4cf1cd5e9e2bce0435ccc97f/element - {"using":"xpath","value":"//span[contains(@id ,\"application-addressmanagement-display-component---detailAdm--addressDetailDetailsName1\")][contains(text(), \"null\")]"}
RESULT: {"using":"xpath","value":"//span[contains(@id ,\"application-addressmanagement-display-component---detailAdm--addressDetailDetailsName1\")][contains(text(), \"null\")]"}
COMMAND: POST /session/637568dc4cf1cd5e9e2bce0435ccc97f/element - {"using":"xpath","value":"//span[contains(@id ,\"application-addressmanagement-display-component---detailAdm--addressDetailDetailsName1\")][contains(text(), \"null\")]"}
RESULT: {"using":"xpath","value":"//span[contains(@id ,\"application-addressmanagement-display-component---detailAdm--addressDetailDetailsName1\")][contains(text(), \"null\")]"}
COMMAND: POST /session/637568dc4cf1cd5e9e2bce0435ccc97f/element - {"using":"xpath","value":"//span[contains(@id ,\"application-addressmanagement-display-component---detailAdm--addressDetailDetailsName1\")][contains(text(), \"null\")]"}
RESULT: {"using":"xpath","value":"//span[contains(@id ,\"application-addressmanagement-display-component---detailAdm--addressDetailDetailsName1\")][contains(text(), \"null\")]"}
COMMAND: POST /session/637568dc4cf1cd5e9e2bce0435ccc97f/element - {"using":"xpath","value":"//input[contains(@id ,\"application-manageresources-display-component---masterRU--smartFilterBar-btnBasicSearch-I\")]"}
RESULT: {"using":"xpath","value":"//input[contains(@id ,\"application-manageresources-display-component---masterRU--smartFilterBar-btnBasicSearch-I\")]"}
COMMAND: POST /session/637568dc4cf1cd5e9e2bce0435ccc97f/element/f.C8BBCCC1F21DA4C6A9A6557DB6FC64D7.d.80434BEBC31B8A799F7E15614819D341.e.4044/value - {"text":"WdIORUGroupwqru8i"}
RESULT: {"text":"WdIORUGroupwqru8i"}
COMMAND: GET /session/637568dc4cf1cd5e9e2bce0435ccc97f/screenshot - {}
COMMAND: POST /session/637568dc4cf1cd5e9e2bce0435ccc97f/element - {"using":"xpath","value":"//span[contains(@id ,\"application-addressmanagement-display-component---detailAdm--addressDetailDetailsName1\")][contains(text(), \"null\")]"}
RESULT: {}
RESULT: {"using":"xpath","value":"//span[contains(@id ,\"application-addressmanagement-display-component---detailAdm--addressDetailDetailsName1\")][contains(text(), \"null\")]"}
COMMAND: POST /session/637568dc4cf1cd5e9e2bce0435ccc97f/element - {"using":"xpath","value":"//span[contains(@id ,\"application-addressmanagement-display-component---detailAdm--addressDetailDetailsName1\")][contains(text(), \"null\")]"}
RESULT: {"using":"xpath","value":"//span[contains(@id ,\"application-addressmanagement-display-component---detailAdm--addressDetailDetailsName1\")][contains(text(), \"null\")]"}
COMMAND: POST /session/637568dc4cf1cd5e9e2bce0435ccc97f/element - {"using":"xpath","value":"//span[contains(@id ,\"application-addressmanagement-display-component---detailAdm--addressDetailDetailsName1\")][contains(text(), \"null\")]"}
COMMAND: POST /session/637568dc4cf1cd5e9e2bce0435ccc97f/actions - {"actions":[{"id":"action13","type":"key","parameters":{},"actions":[{"type":"keyDown","value":"î€‡"},{"type":"pause","duration":10},{"type":"keyUp","value":"î€‡"}]}]}
RESULT: {"using":"xpath","value":"//span[contains(@id ,\"application-addressmanagement-display-component---detailAdm--addressDetailDetailsName1\")][contains(text(), \"null\")]"}
RESULT: {"actions":[{"id":"action13","type":"key","parameters":{},"actions":[{"type":"keyDown","value":"î€‡"},{"type":"pause","duration":10},{"type":"keyUp","value":"î€‡"}]}]}
COMMAND: GET /session/637568dc4cf1cd5e9e2bce0435ccc97f/screenshot - {}
COMMAND: POST /session/637568dc4cf1cd5e9e2bce0435ccc97f/element - {"using":"xpath","value":"//span[contains(@id ,\"application-addressmanagement-display-component---detailAdm--addressDetailDetailsName1\")][contains(text(), \"null\")]"}
RESULT: {}
RESULT: {"using":"xpath","value":"//span[contains(@id ,\"application-addressmanagement-display-component---detailAdm--addressDetailDetailsName1\")][contains(text(), \"null\")]"}
COMMAND: POST /session/637568dc4cf1cd5e9e2bce0435ccc97f/element - {"using":"xpath","value":"//span[contains(@id ,\"application-addressmanagement-display-component---detailAdm--addressDetailDetailsName1\")][contains(text(), \"null\")]"}
RESULT: {"using":"xpath","value":"//span[contains(@id ,\"application-addressmanagement-display-component---detailAdm--addressDetailDetailsName1\")][contains(text(), \"null\")]"}
COMMAND: POST /session/637568dc4cf1cd5e9e2bce0435ccc97f/element - {"using":"xpath","value":"//span[contains(@id ,\"application-addressmanagement-display-component---detailAdm--addressDetailDetailsName1\")][contains(text(), \"null\")]"}
RESULT: {"using":"xpath","value":"//span[contains(@id ,\"application-addressmanagement-display-component---detailAdm--addressDetailDetailsName1\")][contains(text(), \"null\")]"}
COMMAND: POST /session/637568dc4cf1cd5e9e2bce0435ccc97f/element - {"using":"xpath","value":"//span[contains(@id ,\"application-addressmanagement-display-component---detailAdm--addressDetailDetailsName1\")][contains(text(), \"null\")]"}
RESULT: {"using":"xpath","value":"//span[contains(@id ,\"application-addressmanagement-display-component---detailAdm--addressDetailDetailsName1\")][contains(text(), \"null\")]"}
COMMAND: POST /session/637568dc4cf1cd5e9e2bce0435ccc97f/element - {"using":"xpath","value":"//span[contains(@id ,\"application-addressmanagement-display-component---detailAdm--addressDetailDetailsName1\")][contains(text(), \"null\")]"}
RESULT: {"using":"xpath","value":"//span[contains(@id ,\"application-addressmanagement-display-component---detailAdm--addressDetailDetailsName1\")][contains(text(), \"null\")]"}
COMMAND: POST /session/637568dc4cf1cd5e9e2bce0435ccc97f/element - {"using":"xpath","value":"//span[contains(@id ,\"application-addressmanagement-display-component---detailAdm--addressDetailDetailsName1\")][contains(text(), \"null\")]"}
RESULT: {"using":"xpath","value":"//span[contains(@id ,\"application-addressmanagement-display-component---detailAdm--addressDetailDetailsName1\")][contains(text(), \"null\")]"}
COMMAND: POST /session/637568dc4cf1cd5e9e2bce0435ccc97f/element - {"using":"xpath","value":"//span[contains(@id ,\"application-addressmanagement-display-component---detailAdm--addressDetailDetailsName1\")][contains(text(), \"null\")]"}
RESULT: {"using":"xpath","value":"//span[contains(@id ,\"application-addressmanagement-display-component---detailAdm--addressDetailDetailsName1\")][contains(text(), \"null\")]"}
COMMAND: POST /session/637568dc4cf1cd5e9e2bce0435ccc97f/element - {"using":"xpath","value":"//span[contains(text(), \"WdIORUGroupwqru8i\")][contains(@class ,\"sapMText sapUiSelectable sapMTextBreakWord sapMTextMaxWidth\")]"}
RESULT: {"using":"xpath","value":"//span[contains(text(), \"WdIORUGroupwqru8i\")][contains(@class ,\"sapMText sapUiSelectable sapMTextBreakWord sapMTextMaxWidth\")]"}
COMMAND: POST /session/637568dc4cf1cd5e9e2bce0435ccc97f/element/f.C8BBCCC1F21DA4C6A9A6557DB6FC64D7.d.80434BEBC31B8A799F7E15614819D341.e.4557/click - {}
RESULT: {}
COMMAND: GET /session/637568dc4cf1cd5e9e2bce0435ccc97f/screenshot - {}
RESULT: {}
COMMAND: POST /session/637568dc4cf1cd5e9e2bce0435ccc97f/element - {"using":"xpath","value":"//bdi[contains(@id ,\"application-manageresources-display-component---detailRU--openRelatedRus-BDI-content\")]"}
RESULT: {"using":"xpath","value":"//bdi[contains(@id ,\"application-manageresources-display-component---detailRU--openRelatedRus-BDI-content\")]"}
COMMAND: POST /session/637568dc4cf1cd5e9e2bce0435ccc97f/execute/sync - {"script":"<script> [8489 bytes]","args":[{"element-6066-11e4-a52e-4f735466cecf":"f.C8BBCCC1F21DA4C6A9A6557DB6FC64D7.d.80434BEBC31B8A799F7E15614819D341.e.4609","ELEMENT":"f.C8BBCCC1F21DA4C6A9A6557DB6FC64D7.d.80434BEBC31B8A799F7E15614819D341.e.4609"}]}
RESULT: {"script":"<script> [8489 bytes]","args":[{"element-6066-11e4-a52e-4f735466cecf":"f.C8BBCCC1F21DA4C6A9A6557DB6FC64D7.d.80434BEBC31B8A799F7E15614819D341.e.4609","ELEMENT":"f.C8BBCCC1F21DA4C6A9A6557DB6FC64D7.d.80434BEBC31B8A799F7E15614819D341.e.4609"}]}
COMMAND: POST /session/637568dc4cf1cd5e9e2bce0435ccc97f/execute/sync - {"script":"<script> [5351 bytes]","args":[{"element-6066-11e4-a52e-4f735466cecf":"f.C8BBCCC1F21DA4C6A9A6557DB6FC64D7.d.80434BEBC31B8A799F7E15614819D341.e.4609","ELEMENT":"f.C8BBCCC1F21DA4C6A9A6557DB6FC64D7.d.80434BEBC31B8A799F7E15614819D341.e.4609"}]}
COMMAND: GET /session/637568dc4cf1cd5e9e2bce0435ccc97f/screenshot - {}
RESULT: {"script":"<script> [5351 bytes]","args":[{"element-6066-11e4-a52e-4f735466cecf":"f.C8BBCCC1F21DA4C6A9A6557DB6FC64D7.d.80434BEBC31B8A799F7E15614819D341.e.4609","ELEMENT":"f.C8BBCCC1F21DA4C6A9A6557DB6FC64D7.d.80434BEBC31B8A799F7E15614819D341.e.4609"}]}
COMMAND: POST /session/637568dc4cf1cd5e9e2bce0435ccc97f/element/f.C8BBCCC1F21DA4C6A9A6557DB6FC64D7.d.80434BEBC31B8A799F7E15614819D341.e.4609/click - {}
COMMAND: GET /session/637568dc4cf1cd5e9e2bce0435ccc97f/screenshot - {}
RESULT: {}
RESULT: {}
COMMAND: GET /session/637568dc4cf1cd5e9e2bce0435ccc97f/screenshot - {}
RESULT: {}
RESULT: {}
RESULT: undefined
COMMAND: POST /session/637568dc4cf1cd5e9e2bce0435ccc97f/execute/async - {"script":"<script> [6424 bytes]","args":[{"element-6066-11e4-a52e-4f735466cecf":"f.C8BBCCC1F21DA4C6A9A6557DB6FC64D7.d.80434BEBC31B8A799F7E15614819D341.e.2462"},"getText",[]]}
COMMAND: POST /session/637568dc4cf1cd5e9e2bce0435ccc97f/execute/async - {"script":"<script> [1562 bytes]","args":[{"selector":{"id":"RelatedRUsFragmentID--smartTableRUs-header","searchOpenDialogs":true},"wdio_ui5_key":"RelatedRUsFragmentIDsmartTableRUs-header"}]}
RESULT: {"script":"<script> [1562 bytes]","args":[{"selector":{"id":"RelatedRUsFragmentID--smartTableRUs-header","searchOpenDialogs":true},"wdio_ui5_key":"RelatedRUsFragmentIDsmartTableRUs-header"}]}
COMMAND: POST /session/637568dc4cf1cd5e9e2bce0435ccc97f/execute/async - {"script":"<script> [6424 bytes]","args":[{"element-6066-11e4-a52e-4f735466cecf":"f.C8BBCCC1F21DA4C6A9A6557DB6FC64D7.d.80434BEBC31B8A799F7E15614819D341.e.4615"},"getText",[]]}
RESULT: {"script":"<script> [6424 bytes]","args":[{"element-6066-11e4-a52e-4f735466cecf":"f.C8BBCCC1F21DA4C6A9A6557DB6FC64D7.d.80434BEBC31B8A799F7E15614819D341.e.4615"},"getText",[]]}
COMMAND: POST /session/637568dc4cf1cd5e9e2bce0435ccc97f/element - {"using":"xpath","value":"//span[contains(text(), \"WdIORUEquip1lj8uj\")]"}
RESULT: {"using":"xpath","value":"//span[contains(text(), \"WdIORUEquip1lj8uj\")]"}
COMMAND: POST /session/637568dc4cf1cd5e9e2bce0435ccc97f/element - {"using":"xpath","value":"//span[contains(text(), \"WdIORUEquip1lj8uj\")]"}
RESULT: {"using":"xpath","value":"//span[contains(text(), \"WdIORUEquip1lj8uj\")]"}
COMMAND: DELETE /session/637568dc4cf1cd5e9e2bce0435ccc97f - {}
RESULT: {}
]]></system-out>
    </testcase>
  </testsuite>
</testsuites>