<?xml version="1.0" encoding="UTF-8"?>
<testsuites tests="12" failures="2" errors="2" skipped="0">
  <testsuite timestamp="2025-06-02T16:42:32" time="556.17" tests="5" failures="0" errors="0" skipped="0">
    <properties>
      <property name="specId" value="0" />
      <property name="suiteName" value="Warehouse movements inventory test" />
      <property name="capabilities" value="chrome.136_0_7103_93.windows" />
      <property name="file" value="file:///D:/a/1/s/test/specs/HTR/smoke-warehouse-movements-inventory.js" />
    </properties>
    <testcase classname="chrome.136_0_7103_93.windows.Warehouse_movements_inventory_test" name="Should create a new WHM yard" time="144.751">
      <system-out><![CDATA[
COMMAND: POST /session/6ffaab40fa98d483ee9e695104b36872/execute/async - {"script":"<script> [1562 bytes]","args":[{"selector":{"controlType":"sap.m.GenericTile","properties":{"header":"Manage Yards"}},"wdio_ui5_key":"sapm.GenericTile{\"header\":\"Manage Yards\"}"}]}
RESULT: {"script":"<script> [1562 bytes]","args":[{"selector":{"controlType":"sap.m.GenericTile","properties":{"header":"Manage Yards"}},"wdio_ui5_key":"sapm.GenericTile{\"header\":\"Manage Yards\"}"}]}
RESULT: undefined
COMMAND: POST /session/6ffaab40fa98d483ee9e695104b36872/element - {"using":"xpath","value":"//*[@id=\"__tile41\"]"}
RESULT: {"using":"xpath","value":"//*[@id=\"__tile41\"]"}
COMMAND: POST /session/6ffaab40fa98d483ee9e695104b36872/element/f.CD9C86C2D64AD9F43056403335C8D92C.d.95F419FC9D35F3561E4B7B64F316D810.e.127/click - {}
RESULT: {}
COMMAND: GET /session/6ffaab40fa98d483ee9e695104b36872/screenshot - {}
RESULT: {}
COMMAND: POST /session/6ffaab40fa98d483ee9e695104b36872/elements - {"using":"xpath","value":"//span[text()='Error']"}
RESULT: {"using":"xpath","value":"//span[text()='Error']"}
COMMAND: POST /session/6ffaab40fa98d483ee9e695104b36872/execute/async - {"script":"<script> [1562 bytes]","args":[{"selector":{"controlType":"sap.ui.core.Icon","viewName":"etm.portal.ui.manageyards.view.Master","viewId":"application-manageyards-display-component---masterYard","properties":{"src":{"regex":{"source":"add"}}}},"wdio_ui5_key":"etmportal.ui.manageyards.view.Mastersap.ui.core.Icon{\"src\":{\"regex\":{\"source\":\"add\"}}}"}]}
RESULT: {"script":"<script> [1562 bytes]","args":[{"selector":{"controlType":"sap.ui.core.Icon","viewName":"etm.portal.ui.manageyards.view.Master","viewId":"application-manageyards-display-component---masterYard","properties":{"src":{"regex":{"source":"add"}}}},"wdio_ui5_key":"etmportal.ui.manageyards.view.Mastersap.ui.core.Icon{\"src\":{\"regex\":{\"source\":\"add\"}}}"}]}
RESULT: undefined
COMMAND: POST /session/6ffaab40fa98d483ee9e695104b36872/element - {"using":"xpath","value":"//*[@id=\"__button4-img\"]"}
RESULT: {"using":"xpath","value":"//*[@id=\"__button4-img\"]"}
COMMAND: POST /session/6ffaab40fa98d483ee9e695104b36872/element/f.CD9C86C2D64AD9F43056403335C8D92C.d.95F419FC9D35F3561E4B7B64F316D810.e.175/click - {}
RESULT: {}
COMMAND: GET /session/6ffaab40fa98d483ee9e695104b36872/screenshot - {}
RESULT: {}
COMMAND: POST /session/6ffaab40fa98d483ee9e695104b36872/execute/async - {"script":"<script> [1562 bytes]","args":[{"selector":{"id":"application-manageyards-display-component---NewYard--yardId","interaction":{"idSuffix":"inner"}},"wdio_ui5_key":"applicationmanageyards-display-component---NewYard--yardId"}]}
RESULT: {"script":"<script> [1562 bytes]","args":[{"selector":{"id":"application-manageyards-display-component---NewYard--yardId","interaction":{"idSuffix":"inner"}},"wdio_ui5_key":"applicationmanageyards-display-component---NewYard--yardId"}]}
RESULT: undefined
COMMAND: POST /session/6ffaab40fa98d483ee9e695104b36872/element - {"using":"xpath","value":"//*[@id=\"application-manageyards-display-component---NewYard--addressDetailDetailsName1-inner\"]"}
RESULT: {"using":"xpath","value":"//*[@id=\"application-manageyards-display-component---NewYard--addressDetailDetailsName1-inner\"]"}
COMMAND: POST /session/6ffaab40fa98d483ee9e695104b36872/element/f.CD9C86C2D64AD9F43056403335C8D92C.d.95F419FC9D35F3561E4B7B64F316D810.e.389/clear - {}
RESULT: {}
COMMAND: POST /session/6ffaab40fa98d483ee9e695104b36872/element/f.CD9C86C2D64AD9F43056403335C8D92C.d.95F419FC9D35F3561E4B7B64F316D810.e.389/value - {"text":"WebdriverWHMYardgvnhx"}
COMMAND: GET /session/6ffaab40fa98d483ee9e695104b36872/screenshot - {}
RESULT: {"text":"WebdriverWHMYardgvnhx"}
COMMAND: POST /session/6ffaab40fa98d483ee9e695104b36872/element - {"using":"xpath","value":"//*[@id=\"application-manageyards-display-component---NewYard--addressDetailDetailsLanguage-inner\"]"}
COMMAND: GET /session/6ffaab40fa98d483ee9e695104b36872/screenshot - {}
RESULT: {}
RESULT: {"using":"xpath","value":"//*[@id=\"application-manageyards-display-component---NewYard--addressDetailDetailsLanguage-inner\"]"}
COMMAND: POST /session/6ffaab40fa98d483ee9e695104b36872/element/f.CD9C86C2D64AD9F43056403335C8D92C.d.95F419FC9D35F3561E4B7B64F316D810.e.390/clear - {}
RESULT: {}
RESULT: {}
COMMAND: POST /session/6ffaab40fa98d483ee9e695104b36872/element/f.CD9C86C2D64AD9F43056403335C8D92C.d.95F419FC9D35F3561E4B7B64F316D810.e.390/value - {"text":"Romanian"}
COMMAND: GET /session/6ffaab40fa98d483ee9e695104b36872/screenshot - {}
RESULT: {"text":"Romanian"}
COMMAND: POST /session/6ffaab40fa98d483ee9e695104b36872/element - {"using":"xpath","value":"//input[contains(@id ,\"application-manageyards-display-component---NewYard--addressDetailDetailsName1-inner\")]"}
COMMAND: GET /session/6ffaab40fa98d483ee9e695104b36872/screenshot - {}
RESULT: {}
RESULT: {"using":"xpath","value":"//input[contains(@id ,\"application-manageyards-display-component---NewYard--addressDetailDetailsName1-inner\")]"}
COMMAND: GET /session/6ffaab40fa98d483ee9e695104b36872/element/f.CD9C86C2D64AD9F43056403335C8D92C.d.95F419FC9D35F3561E4B7B64F316D810.e.389/property/value - {}
RESULT: {}
RESULT: {}
COMMAND: GET /session/6ffaab40fa98d483ee9e695104b36872/screenshot - {}
RESULT: {}
COMMAND: POST /session/6ffaab40fa98d483ee9e695104b36872/element - {"using":"xpath","value":"//*[@id=\"application-manageyards-display-component---NewYard--addressDetailDetailsCity1-inner\"]"}
RESULT: {"using":"xpath","value":"//*[@id=\"application-manageyards-display-component---NewYard--addressDetailDetailsCity1-inner\"]"}
COMMAND: POST /session/6ffaab40fa98d483ee9e695104b36872/element/f.CD9C86C2D64AD9F43056403335C8D92C.d.95F419FC9D35F3561E4B7B64F316D810.e.392/clear - {}
RESULT: {}
COMMAND: POST /session/6ffaab40fa98d483ee9e695104b36872/element/f.CD9C86C2D64AD9F43056403335C8D92C.d.95F419FC9D35F3561E4B7B64F316D810.e.392/value - {"text":"Bucuresti"}
COMMAND: GET /session/6ffaab40fa98d483ee9e695104b36872/screenshot - {}
RESULT: {"text":"Bucuresti"}
COMMAND: GET /session/6ffaab40fa98d483ee9e695104b36872/screenshot - {}
RESULT: {}
RESULT: {}
COMMAND: POST /session/6ffaab40fa98d483ee9e695104b36872/element - {"using":"xpath","value":"//*[@id=\"application-manageyards-display-component---NewYard--addressDetailDetailsCountry-inner\"]"}
RESULT: {"using":"xpath","value":"//*[@id=\"application-manageyards-display-component---NewYard--addressDetailDetailsCountry-inner\"]"}
COMMAND: POST /session/6ffaab40fa98d483ee9e695104b36872/element/f.CD9C86C2D64AD9F43056403335C8D92C.d.95F419FC9D35F3561E4B7B64F316D810.e.396/clear - {}
RESULT: {}
COMMAND: POST /session/6ffaab40fa98d483ee9e695104b36872/element/f.CD9C86C2D64AD9F43056403335C8D92C.d.95F419FC9D35F3561E4B7B64F316D810.e.396/value - {"text":"Romania"}
COMMAND: GET /session/6ffaab40fa98d483ee9e695104b36872/screenshot - {}
RESULT: {"text":"Romania"}
COMMAND: GET /session/6ffaab40fa98d483ee9e695104b36872/screenshot - {}
RESULT: {}
RESULT: {}
COMMAND: POST /session/6ffaab40fa98d483ee9e695104b36872/execute/async - {"script":"<script> [1562 bytes]","args":[{"selector":{"controlType":"sap.m.Button","viewName":"etm.portal.ui.manageyards.view.New","viewId":"application-manageyards-display-component---NewYard","properties":{"text":"Commercial"},"interaction":{"idSuffix":"BDI-content"}},"wdio_ui5_key":"etmportal.ui.manageyards.view.Newsap.m.Button{\"text\":\"Commercial\"}"}]}
RESULT: {"script":"<script> [1562 bytes]","args":[{"selector":{"controlType":"sap.m.Button","viewName":"etm.portal.ui.manageyards.view.New","viewId":"application-manageyards-display-component---NewYard","properties":{"text":"Commercial"},"interaction":{"idSuffix":"BDI-content"}},"wdio_ui5_key":"etmportal.ui.manageyards.view.Newsap.m.Button{\"text\":\"Commercial\"}"}]}
RESULT: undefined
COMMAND: POST /session/6ffaab40fa98d483ee9e695104b36872/element - {"using":"xpath","value":"//*[@id=\"application-manageyards-display-component---NewYard--ObjectPageLayout-anchBar-__section5-anchor\"]"}
RESULT: {"using":"xpath","value":"//*[@id=\"application-manageyards-display-component---NewYard--ObjectPageLayout-anchBar-__section5-anchor\"]"}
COMMAND: POST /session/6ffaab40fa98d483ee9e695104b36872/element/f.CD9C86C2D64AD9F43056403335C8D92C.d.95F419FC9D35F3561E4B7B64F316D810.e.584/click - {}
RESULT: {}
COMMAND: GET /session/6ffaab40fa98d483ee9e695104b36872/screenshot - {}
RESULT: {}
COMMAND: POST /session/6ffaab40fa98d483ee9e695104b36872/element - {"using":"xpath","value":"//div[contains(text(), \"Commercial\")]"}
RESULT: {"using":"xpath","value":"//div[contains(text(), \"Commercial\")]"}
COMMAND: GET /session/6ffaab40fa98d483ee9e695104b36872/element/f.CD9C86C2D64AD9F43056403335C8D92C.d.95F419FC9D35F3561E4B7B64F316D810.e.593/rect - {}
RESULT: {}
COMMAND: GET /session/6ffaab40fa98d483ee9e695104b36872/window/rect - {}
RESULT: {}
COMMAND: POST /session/6ffaab40fa98d483ee9e695104b36872/execute/sync - {"script":"<script> [92 bytes]","args":[]}
RESULT: {"script":"<script> [92 bytes]","args":[]}
COMMAND: POST /session/6ffaab40fa98d483ee9e695104b36872/actions - {"actions":[{"id":"action1","type":"wheel","parameters":{},"actions":[{"type":"scroll","x":-1841,"y":-44,"deltaX":0,"deltaY":0,"duration":0,"origin":{"element-6066-11e4-a52e-4f735466cecf":"f.CD9C86C2D64AD9F43056403335C8D92C.d.95F419FC9D35F3561E4B7B64F316D810.e.593"}}]}]}
COMMAND: GET /session/6ffaab40fa98d483ee9e695104b36872/screenshot - {}
RESULT: {}
COMMAND: POST /session/6ffaab40fa98d483ee9e695104b36872/execute/sync - {"script":"<script> [79 bytes]","args":[{"element-6066-11e4-a52e-4f735466cecf":"f.CD9C86C2D64AD9F43056403335C8D92C.d.95F419FC9D35F3561E4B7B64F316D810.e.593","ELEMENT":"f.CD9C86C2D64AD9F43056403335C8D92C.d.95F419FC9D35F3561E4B7B64F316D810.e.593"},{"block":"start","inline":"nearest"}]}
RESULT: {"script":"<script> [79 bytes]","args":[{"element-6066-11e4-a52e-4f735466cecf":"f.CD9C86C2D64AD9F43056403335C8D92C.d.95F419FC9D35F3561E4B7B64F316D810.e.593","ELEMENT":"f.CD9C86C2D64AD9F43056403335C8D92C.d.95F419FC9D35F3561E4B7B64F316D810.e.593"},{"block":"start","inline":"nearest"}]}
COMMAND: GET /session/6ffaab40fa98d483ee9e695104b36872/screenshot - {}
RESULT: {}
COMMAND: POST /session/6ffaab40fa98d483ee9e695104b36872/execute/async - {"script":"<script> [1562 bytes]","args":[{"selector":{"id":"application-manageyards-display-component---NewYard--addressEditDetailsCostObjectCstType-arrow"},"wdio_ui5_key":"applicationmanageyards-display-component---NewYard--addressEditDetailsCostObjectCstType-arrow"}]}
RESULT: {"script":"<script> [1562 bytes]","args":[{"selector":{"id":"application-manageyards-display-component---NewYard--addressEditDetailsCostObjectCstType-arrow"},"wdio_ui5_key":"applicationmanageyards-display-component---NewYard--addressEditDetailsCostObjectCstType-arrow"}]}
RESULT: undefined
COMMAND: POST /session/6ffaab40fa98d483ee9e695104b36872/element - {"using":"xpath","value":"//*[@id=\"application-manageyards-display-component---NewYard--addressEditDetailsCostObjectCstType-arrow\"]"}
RESULT: {"using":"xpath","value":"//*[@id=\"application-manageyards-display-component---NewYard--addressEditDetailsCostObjectCstType-arrow\"]"}
COMMAND: POST /session/6ffaab40fa98d483ee9e695104b36872/element/f.CD9C86C2D64AD9F43056403335C8D92C.d.95F419FC9D35F3561E4B7B64F316D810.e.594/click - {}
RESULT: {}
COMMAND: POST /session/6ffaab40fa98d483ee9e695104b36872/element - {"using":"xpath","value":"//span[contains(text(), \"Cost Center\")]"}
COMMAND: GET /session/6ffaab40fa98d483ee9e695104b36872/screenshot - {}
RESULT: {"using":"xpath","value":"//span[contains(text(), \"Cost Center\")]"}
COMMAND: POST /session/6ffaab40fa98d483ee9e695104b36872/element/f.CD9C86C2D64AD9F43056403335C8D92C.d.95F419FC9D35F3561E4B7B64F316D810.e.595/click - {}
RESULT: {}
RESULT: {}
COMMAND: GET /session/6ffaab40fa98d483ee9e695104b36872/screenshot - {}
RESULT: {}
COMMAND: POST /session/6ffaab40fa98d483ee9e695104b36872/execute/async - {"script":"<script> [1562 bytes]","args":[{"selector":{"id":"application-manageyards-display-component---NewYard--addressNewCostObjectCstID-vhi"},"wdio_ui5_key":"applicationmanageyards-display-component---NewYard--addressNewCostObjectCstID-vhi"}]}
RESULT: {"script":"<script> [1562 bytes]","args":[{"selector":{"id":"application-manageyards-display-component---NewYard--addressNewCostObjectCstID-vhi"},"wdio_ui5_key":"applicationmanageyards-display-component---NewYard--addressNewCostObjectCstID-vhi"}]}
RESULT: undefined
COMMAND: POST /session/6ffaab40fa98d483ee9e695104b36872/element - {"using":"xpath","value":"//*[@id=\"application-manageyards-display-component---NewYard--addressNewCostObjectCstID-vhi\"]"}
RESULT: {"using":"xpath","value":"//*[@id=\"application-manageyards-display-component---NewYard--addressNewCostObjectCstID-vhi\"]"}
COMMAND: POST /session/6ffaab40fa98d483ee9e695104b36872/element/f.CD9C86C2D64AD9F43056403335C8D92C.d.95F419FC9D35F3561E4B7B64F316D810.e.599/click - {}
RESULT: {}
COMMAND: GET /session/6ffaab40fa98d483ee9e695104b36872/screenshot - {}
RESULT: {}
COMMAND: POST /session/6ffaab40fa98d483ee9e695104b36872/execute/async - {"script":"<script> [1562 bytes]","args":[{"selector":{"controlType":"sap.m.SearchField","properties":{"placeholder":"Search"},"searchOpenDialogs":true,"interaction":{"idSuffix":"I"}},"wdio_ui5_key":"sapm.SearchField{\"placeholder\":\"Search\"}"}]}
RESULT: {"script":"<script> [1562 bytes]","args":[{"selector":{"controlType":"sap.m.SearchField","properties":{"placeholder":"Search"},"searchOpenDialogs":true,"interaction":{"idSuffix":"I"}},"wdio_ui5_key":"sapm.SearchField{\"placeholder\":\"Search\"}"}]}
RESULT: undefined
COMMAND: POST /session/6ffaab40fa98d483ee9e695104b36872/execute/async - {"script":"<script> [776 bytes]","args":[{"enterText":"10001013","selector":{"controlType":"sap.m.SearchField","properties":{"placeholder":"Search"},"searchOpenDialogs":true,"interaction":{"idSuffix":"I"}},"clearTextFirst":true,"interactionType":"ENTER_TEXT"}]}
RESULT: {"script":"<script> [776 bytes]","args":[{"enterText":"10001013","selector":{"controlType":"sap.m.SearchField","properties":{"placeholder":"Search"},"searchOpenDialogs":true,"interaction":{"idSuffix":"I"}},"clearTextFirst":true,"interactionType":"ENTER_TEXT"}]}
COMMAND: POST /session/6ffaab40fa98d483ee9e695104b36872/actions - {"actions":[{"id":"action2","type":"key","parameters":{},"actions":[{"type":"keyDown","value":"î€‡"},{"type":"pause","duration":10},{"type":"keyUp","value":"î€‡"}]}]}
RESULT: {"actions":[{"id":"action2","type":"key","parameters":{},"actions":[{"type":"keyDown","value":"î€‡"},{"type":"pause","duration":10},{"type":"keyUp","value":"î€‡"}]}]}
COMMAND: GET /session/6ffaab40fa98d483ee9e695104b36872/screenshot - {}
RESULT: {}
COMMAND: POST /session/6ffaab40fa98d483ee9e695104b36872/element - {"using":"xpath","value":"//span[contains(text(), \"General Management\")]"}
RESULT: {"using":"xpath","value":"//span[contains(text(), \"General Management\")]"}
COMMAND: POST /session/6ffaab40fa98d483ee9e695104b36872/element/f.CD9C86C2D64AD9F43056403335C8D92C.d.95F419FC9D35F3561E4B7B64F316D810.e.639/click - {}
RESULT: {}
COMMAND: GET /session/6ffaab40fa98d483ee9e695104b36872/screenshot - {}
RESULT: {}
COMMAND: POST /session/6ffaab40fa98d483ee9e695104b36872/element - {"using":"xpath","value":"//bdi[contains(text(), \"OK\")]"}
RESULT: {"using":"xpath","value":"//bdi[contains(text(), \"OK\")]"}
COMMAND: POST /session/6ffaab40fa98d483ee9e695104b36872/element/f.CD9C86C2D64AD9F43056403335C8D92C.d.95F419FC9D35F3561E4B7B64F316D810.e.640/click - {}
RESULT: {}
COMMAND: GET /session/6ffaab40fa98d483ee9e695104b36872/screenshot - {}
RESULT: {}
COMMAND: POST /session/6ffaab40fa98d483ee9e695104b36872/execute/async - {"script":"<script> [1562 bytes]","args":[{"selector":{"id":"application-manageyards-display-component---NewYard--addressEditDetailsCurrency","interaction":{"idSuffix":"inner"}},"wdio_ui5_key":"applicationmanageyards-display-component---NewYard--addressEditDetailsCurrency"}]}
RESULT: {"script":"<script> [1562 bytes]","args":[{"selector":{"id":"application-manageyards-display-component---NewYard--addressEditDetailsCurrency","interaction":{"idSuffix":"inner"}},"wdio_ui5_key":"applicationmanageyards-display-component---NewYard--addressEditDetailsCurrency"}]}
RESULT: undefined
COMMAND: POST /session/6ffaab40fa98d483ee9e695104b36872/execute/async - {"script":"<script> [776 bytes]","args":[{"enterText":"Euro","selector":{"id":"application-manageyards-display-component---NewYard--addressEditDetailsCurrency","interaction":{"idSuffix":"inner"}},"clearTextFirst":true,"interactionType":"ENTER_TEXT"}]}
RESULT: {"script":"<script> [776 bytes]","args":[{"enterText":"Euro","selector":{"id":"application-manageyards-display-component---NewYard--addressEditDetailsCurrency","interaction":{"idSuffix":"inner"}},"clearTextFirst":true,"interactionType":"ENTER_TEXT"}]}
COMMAND: POST /session/6ffaab40fa98d483ee9e695104b36872/execute/async - {"script":"<script> [1562 bytes]","args":[{"selector":{"controlType":"sap.m.Input","viewName":"etm.portal.ui.manageyards.view.New","viewId":"application-manageyards-display-component---NewYard","bindingPath":{"path":"","propertyPath":"/CONTROLLING_AREA","modelName":"NewYardModel"},"interaction":{"idSuffix":"inner"}},"wdio_ui5_key":"etmportal.ui.manageyards.view.Newsap.m.Input{\"path\":\"\",\"propertyPath\":\"/CONTROLLING_AREA\",\"modelName\":\"NewYardModel\"}"}]}
RESULT: {"script":"<script> [1562 bytes]","args":[{"selector":{"controlType":"sap.m.Input","viewName":"etm.portal.ui.manageyards.view.New","viewId":"application-manageyards-display-component---NewYard","bindingPath":{"path":"","propertyPath":"/CONTROLLING_AREA","modelName":"NewYardModel"},"interaction":{"idSuffix":"inner"}},"wdio_ui5_key":"etmportal.ui.manageyards.view.Newsap.m.Input{\"path\":\"\",\"propertyPath\":\"/CONTROLLING_AREA\",\"modelName\":\"NewYardModel\"}"}]}
RESULT: undefined
COMMAND: POST /session/6ffaab40fa98d483ee9e695104b36872/execute/async - {"script":"<script> [776 bytes]","args":[{"enterText":"Z001","selector":{"controlType":"sap.m.Input","viewName":"etm.portal.ui.manageyards.view.New","viewId":"application-manageyards-display-component---NewYard","bindingPath":{"path":"","propertyPath":"/CONTROLLING_AREA","modelName":"NewYardModel"},"interaction":{"idSuffix":"inner"}},"clearTextFirst":true,"interactionType":"ENTER_TEXT"}]}
RESULT: {"script":"<script> [776 bytes]","args":[{"enterText":"Z001","selector":{"controlType":"sap.m.Input","viewName":"etm.portal.ui.manageyards.view.New","viewId":"application-manageyards-display-component---NewYard","bindingPath":{"path":"","propertyPath":"/CONTROLLING_AREA","modelName":"NewYardModel"},"interaction":{"idSuffix":"inner"}},"clearTextFirst":true,"interactionType":"ENTER_TEXT"}]}
COMMAND: POST /session/6ffaab40fa98d483ee9e695104b36872/execute/async - {"script":"<script> [1562 bytes]","args":[{"selector":{"id":"application-manageyards-display-component---NewYard--companyCodeComboBox","interaction":{"idSuffix":"inner"}},"wdio_ui5_key":"applicationmanageyards-display-component---NewYard--companyCodeComboBox"}]}
RESULT: {"script":"<script> [1562 bytes]","args":[{"selector":{"id":"application-manageyards-display-component---NewYard--companyCodeComboBox","interaction":{"idSuffix":"inner"}},"wdio_ui5_key":"applicationmanageyards-display-component---NewYard--companyCodeComboBox"}]}
RESULT: undefined
COMMAND: POST /session/6ffaab40fa98d483ee9e695104b36872/execute/async - {"script":"<script> [776 bytes]","args":[{"enterText":"1000","selector":{"id":"application-manageyards-display-component---NewYard--companyCodeComboBox","interaction":{"idSuffix":"inner"}},"clearTextFirst":true,"interactionType":"ENTER_TEXT"}]}
RESULT: {"script":"<script> [776 bytes]","args":[{"enterText":"1000","selector":{"id":"application-manageyards-display-component---NewYard--companyCodeComboBox","interaction":{"idSuffix":"inner"}},"clearTextFirst":true,"interactionType":"ENTER_TEXT"}]}
COMMAND: POST /session/6ffaab40fa98d483ee9e695104b36872/actions - {"actions":[{"id":"action3","type":"key","parameters":{},"actions":[{"type":"keyDown","value":"î€‡"},{"type":"pause","duration":10},{"type":"keyUp","value":"î€‡"}]}]}
RESULT: {"actions":[{"id":"action3","type":"key","parameters":{},"actions":[{"type":"keyDown","value":"î€‡"},{"type":"pause","duration":10},{"type":"keyUp","value":"î€‡"}]}]}
COMMAND: POST /session/6ffaab40fa98d483ee9e695104b36872/execute/async - {"script":"<script> [1562 bytes]","args":[{"selector":{"controlType":"sap.m.Input","viewName":"etm.portal.ui.manageyards.view.New","viewId":"application-manageyards-display-component---NewYard","bindingPath":{"path":"","propertyPath":"/PLANT","modelName":"NewYardModel"},"interaction":{"idSuffix":"inner"}},"wdio_ui5_key":"etmportal.ui.manageyards.view.Newsap.m.Input{\"path\":\"\",\"propertyPath\":\"/PLANT\",\"modelName\":\"NewYardModel\"}"}]}
COMMAND: GET /session/6ffaab40fa98d483ee9e695104b36872/screenshot - {}
RESULT: {"script":"<script> [1562 bytes]","args":[{"selector":{"controlType":"sap.m.Input","viewName":"etm.portal.ui.manageyards.view.New","viewId":"application-manageyards-display-component---NewYard","bindingPath":{"path":"","propertyPath":"/PLANT","modelName":"NewYardModel"},"interaction":{"idSuffix":"inner"}},"wdio_ui5_key":"etmportal.ui.manageyards.view.Newsap.m.Input{\"path\":\"\",\"propertyPath\":\"/PLANT\",\"modelName\":\"NewYardModel\"}"}]}
RESULT: undefined
COMMAND: POST /session/6ffaab40fa98d483ee9e695104b36872/execute/async - {"script":"<script> [776 bytes]","args":[{"enterText":"1001","selector":{"controlType":"sap.m.Input","viewName":"etm.portal.ui.manageyards.view.New","viewId":"application-manageyards-display-component---NewYard","bindingPath":{"path":"","propertyPath":"/PLANT","modelName":"NewYardModel"},"interaction":{"idSuffix":"inner"}},"clearTextFirst":true,"interactionType":"ENTER_TEXT"}]}
RESULT: {}
RESULT: {"script":"<script> [776 bytes]","args":[{"enterText":"1001","selector":{"controlType":"sap.m.Input","viewName":"etm.portal.ui.manageyards.view.New","viewId":"application-manageyards-display-component---NewYard","bindingPath":{"path":"","propertyPath":"/PLANT","modelName":"NewYardModel"},"interaction":{"idSuffix":"inner"}},"clearTextFirst":true,"interactionType":"ENTER_TEXT"}]}
COMMAND: POST /session/6ffaab40fa98d483ee9e695104b36872/execute/async - {"script":"<script> [1562 bytes]","args":[{"selector":{"controlType":"sap.m.Input","viewName":"etm.portal.ui.manageyards.view.New","viewId":"application-manageyards-display-component---NewYard","bindingPath":{"path":"","propertyPath":"/SALES_AREA_VKORG","modelName":"NewYardModel"},"interaction":{"idSuffix":"inner"}},"wdio_ui5_key":"etmportal.ui.manageyards.view.Newsap.m.Input{\"path\":\"\",\"propertyPath\":\"/SALES_AREA_VKORG\",\"modelName\":\"NewYardModel\"}"}]}
RESULT: {"script":"<script> [1562 bytes]","args":[{"selector":{"controlType":"sap.m.Input","viewName":"etm.portal.ui.manageyards.view.New","viewId":"application-manageyards-display-component---NewYard","bindingPath":{"path":"","propertyPath":"/SALES_AREA_VKORG","modelName":"NewYardModel"},"interaction":{"idSuffix":"inner"}},"wdio_ui5_key":"etmportal.ui.manageyards.view.Newsap.m.Input{\"path\":\"\",\"propertyPath\":\"/SALES_AREA_VKORG\",\"modelName\":\"NewYardModel\"}"}]}
RESULT: undefined
COMMAND: POST /session/6ffaab40fa98d483ee9e695104b36872/execute/async - {"script":"<script> [776 bytes]","args":[{"enterText":"C002","selector":{"controlType":"sap.m.Input","viewName":"etm.portal.ui.manageyards.view.New","viewId":"application-manageyards-display-component---NewYard","bindingPath":{"path":"","propertyPath":"/SALES_AREA_VKORG","modelName":"NewYardModel"},"interaction":{"idSuffix":"inner"}},"clearTextFirst":true,"interactionType":"ENTER_TEXT"}]}
RESULT: {"script":"<script> [776 bytes]","args":[{"enterText":"C002","selector":{"controlType":"sap.m.Input","viewName":"etm.portal.ui.manageyards.view.New","viewId":"application-manageyards-display-component---NewYard","bindingPath":{"path":"","propertyPath":"/SALES_AREA_VKORG","modelName":"NewYardModel"},"interaction":{"idSuffix":"inner"}},"clearTextFirst":true,"interactionType":"ENTER_TEXT"}]}
COMMAND: POST /session/6ffaab40fa98d483ee9e695104b36872/execute/async - {"script":"<script> [1562 bytes]","args":[{"selector":{"controlType":"sap.m.Input","viewName":"etm.portal.ui.manageyards.view.New","viewId":"application-manageyards-display-component---NewYard","bindingPath":{"path":"","propertyPath":"/SALES_AREA_VTWEG","modelName":"NewYardModel"},"interaction":{"idSuffix":"inner"}},"wdio_ui5_key":"etmportal.ui.manageyards.view.Newsap.m.Input{\"path\":\"\",\"propertyPath\":\"/SALES_AREA_VTWEG\",\"modelName\":\"NewYardModel\"}"}]}
RESULT: {"script":"<script> [1562 bytes]","args":[{"selector":{"controlType":"sap.m.Input","viewName":"etm.portal.ui.manageyards.view.New","viewId":"application-manageyards-display-component---NewYard","bindingPath":{"path":"","propertyPath":"/SALES_AREA_VTWEG","modelName":"NewYardModel"},"interaction":{"idSuffix":"inner"}},"wdio_ui5_key":"etmportal.ui.manageyards.view.Newsap.m.Input{\"path\":\"\",\"propertyPath\":\"/SALES_AREA_VTWEG\",\"modelName\":\"NewYardModel\"}"}]}
RESULT: undefined
COMMAND: POST /session/6ffaab40fa98d483ee9e695104b36872/execute/async - {"script":"<script> [776 bytes]","args":[{"enterText":"C2","selector":{"controlType":"sap.m.Input","viewName":"etm.portal.ui.manageyards.view.New","viewId":"application-manageyards-display-component---NewYard","bindingPath":{"path":"","propertyPath":"/SALES_AREA_VTWEG","modelName":"NewYardModel"},"interaction":{"idSuffix":"inner"}},"clearTextFirst":true,"interactionType":"ENTER_TEXT"}]}
RESULT: {"script":"<script> [776 bytes]","args":[{"enterText":"C2","selector":{"controlType":"sap.m.Input","viewName":"etm.portal.ui.manageyards.view.New","viewId":"application-manageyards-display-component---NewYard","bindingPath":{"path":"","propertyPath":"/SALES_AREA_VTWEG","modelName":"NewYardModel"},"interaction":{"idSuffix":"inner"}},"clearTextFirst":true,"interactionType":"ENTER_TEXT"}]}
COMMAND: POST /session/6ffaab40fa98d483ee9e695104b36872/execute/async - {"script":"<script> [1562 bytes]","args":[{"selector":{"controlType":"sap.m.Input","viewName":"etm.portal.ui.manageyards.view.New","viewId":"application-manageyards-display-component---NewYard","bindingPath":{"path":"","propertyPath":"/SALES_AREA_SPART","modelName":"NewYardModel"},"interaction":{"idSuffix":"inner"}},"wdio_ui5_key":"etmportal.ui.manageyards.view.Newsap.m.Input{\"path\":\"\",\"propertyPath\":\"/SALES_AREA_SPART\",\"modelName\":\"NewYardModel\"}"}]}
RESULT: {"script":"<script> [1562 bytes]","args":[{"selector":{"controlType":"sap.m.Input","viewName":"etm.portal.ui.manageyards.view.New","viewId":"application-manageyards-display-component---NewYard","bindingPath":{"path":"","propertyPath":"/SALES_AREA_SPART","modelName":"NewYardModel"},"interaction":{"idSuffix":"inner"}},"wdio_ui5_key":"etmportal.ui.manageyards.view.Newsap.m.Input{\"path\":\"\",\"propertyPath\":\"/SALES_AREA_SPART\",\"modelName\":\"NewYardModel\"}"}]}
RESULT: undefined
COMMAND: POST /session/6ffaab40fa98d483ee9e695104b36872/execute/async - {"script":"<script> [776 bytes]","args":[{"enterText":"C2","selector":{"controlType":"sap.m.Input","viewName":"etm.portal.ui.manageyards.view.New","viewId":"application-manageyards-display-component---NewYard","bindingPath":{"path":"","propertyPath":"/SALES_AREA_SPART","modelName":"NewYardModel"},"interaction":{"idSuffix":"inner"}},"clearTextFirst":true,"interactionType":"ENTER_TEXT"}]}
RESULT: {"script":"<script> [776 bytes]","args":[{"enterText":"C2","selector":{"controlType":"sap.m.Input","viewName":"etm.portal.ui.manageyards.view.New","viewId":"application-manageyards-display-component---NewYard","bindingPath":{"path":"","propertyPath":"/SALES_AREA_SPART","modelName":"NewYardModel"},"interaction":{"idSuffix":"inner"}},"clearTextFirst":true,"interactionType":"ENTER_TEXT"}]}
COMMAND: POST /session/6ffaab40fa98d483ee9e695104b36872/execute/async - {"script":"<script> [1562 bytes]","args":[{"selector":{"id":"application-manageyards-display-component---NewYard--whmCheckBox","interaction":{"idSuffix":"CbBg"}},"wdio_ui5_key":"applicationmanageyards-display-component---NewYard--whmCheckBox"}]}
RESULT: {"script":"<script> [1562 bytes]","args":[{"selector":{"id":"application-manageyards-display-component---NewYard--whmCheckBox","interaction":{"idSuffix":"CbBg"}},"wdio_ui5_key":"applicationmanageyards-display-component---NewYard--whmCheckBox"}]}
RESULT: undefined
COMMAND: POST /session/6ffaab40fa98d483ee9e695104b36872/element - {"using":"xpath","value":"//*[@id=\"application-manageyards-display-component---NewYard--whmCheckBox\"]"}
RESULT: {"using":"xpath","value":"//*[@id=\"application-manageyards-display-component---NewYard--whmCheckBox\"]"}
COMMAND: POST /session/6ffaab40fa98d483ee9e695104b36872/element/f.CD9C86C2D64AD9F43056403335C8D92C.d.95F419FC9D35F3561E4B7B64F316D810.e.651/click - {}
RESULT: {}
COMMAND: POST /session/6ffaab40fa98d483ee9e695104b36872/execute/async - {"script":"<script> [1562 bytes]","args":[{"selector":{"controlType":"sap.m.Button","viewName":"etm.portal.ui.manageyards.view.New","viewId":"application-manageyards-display-component---NewYard","i18NText":{"propertyName":"text","key":"save"},"interaction":{"idSuffix":"inner"}},"wdio_ui5_key":"etmportal.ui.manageyards.view.Newsap.m.Button{\"propertyName\":\"text\",\"key\":\"save\"}"}]}
COMMAND: GET /session/6ffaab40fa98d483ee9e695104b36872/screenshot - {}
RESULT: {"script":"<script> [1562 bytes]","args":[{"selector":{"controlType":"sap.m.Button","viewName":"etm.portal.ui.manageyards.view.New","viewId":"application-manageyards-display-component---NewYard","i18NText":{"propertyName":"text","key":"save"},"interaction":{"idSuffix":"inner"}},"wdio_ui5_key":"etmportal.ui.manageyards.view.Newsap.m.Button{\"propertyName\":\"text\",\"key\":\"save\"}"}]}
RESULT: undefined
COMMAND: POST /session/6ffaab40fa98d483ee9e695104b36872/element - {"using":"xpath","value":"//*[@id=\"__button18\"]"}
RESULT: {}
RESULT: {"using":"xpath","value":"//*[@id=\"__button18\"]"}
COMMAND: POST /session/6ffaab40fa98d483ee9e695104b36872/element/f.CD9C86C2D64AD9F43056403335C8D92C.d.95F419FC9D35F3561E4B7B64F316D810.e.563/click - {}
RESULT: {}
COMMAND: GET /session/6ffaab40fa98d483ee9e695104b36872/screenshot - {}
RESULT: {}
COMMAND: POST /session/6ffaab40fa98d483ee9e695104b36872/element - {"using":"css selector","value":"#shell-header-logo"}
RESULT: {"using":"css selector","value":"#shell-header-logo"}
COMMAND: POST /session/6ffaab40fa98d483ee9e695104b36872/element/f.CD9C86C2D64AD9F43056403335C8D92C.d.95F419FC9D35F3561E4B7B64F316D810.e.130/click - {}
RESULT: {}
COMMAND: GET /session/6ffaab40fa98d483ee9e695104b36872/screenshot - {}
RESULT: {}
COMMAND: POST /session/6ffaab40fa98d483ee9e695104b36872/refresh - {}
RESULT: {}
COMMAND: GET /session/6ffaab40fa98d483ee9e695104b36872/screenshot - {}
RESULT: {}
COMMAND: POST /session/6ffaab40fa98d483ee9e695104b36872/execute/async - {"script":"<script> [189 bytes]","args":[]}
RESULT: {"script":"<script> [189 bytes]","args":[]}
COMMAND: POST /session/6ffaab40fa98d483ee9e695104b36872/execute/async - {"script":"<script> [123 bytes]","args":[]}
RESULT: {"script":"<script> [123 bytes]","args":[]}
COMMAND: POST /session/6ffaab40fa98d483ee9e695104b36872/timeouts - {"script":"<number>"}
RESULT: {"script":"<number>"}
COMMAND: GET /session/6ffaab40fa98d483ee9e695104b36872/timeouts - {}
RESULT: {}
RESULT: undefined
COMMAND: POST /session/6ffaab40fa98d483ee9e695104b36872/execute/async - {"script":"<script> [2676 bytes]","args":[]}
RESULT: {"script":"<script> [2676 bytes]","args":[]}
COMMAND: POST /session/6ffaab40fa98d483ee9e695104b36872/execute/async - {"script":"<script> [2342 bytes]","args":[{"protocol":"http","hostname":"0.0.0.0","path":"/","capabilities":{"browserName":"chrome","goog:chromeOptions":{"binary":"C:\\Program Files\\Google\\Chrome\\Application\\chrome.exe","args":["--start-maximized"]}},"logLevel":"warn","connectionRetryTimeout":120000,"connectionRetryCount":3,"logLevels":{},"enableDirectConnect":true,"strictSSL":true,"_":"65 more keys: [\"cacheDir\",\"port\",\"requestedCapabilities\",\"automationProtocol\",\"baseUrl\",\"waitforInterval\",\"waitforTimeout\",\"onReload\",\"beforeCommand\",\"afterCommand\",\"rootDir\",\"specs\",\"suites\",\"exclude\",\"groupLogsByTestSpec\",\"excludeDriverLogs\",\"bail\",\"framework\",\"reporters\",\"services\",\"maxInstances\",\"maxInstancesPerCapability\",\"injectGlobals\",\"filesToWatch\",\"execArgv\",\"runnerEnv\",\"runner\",\"shard\",\"specFileRetries\",\"specFileRetriesDelay\",\"specFileRetriesDeferred\",\"reporterSyncInterval\",\"reporterSyncTimeout\",\"cucumberFeaturesWithLineNumbers\",\"autoCompileOpts\",\"mochaOpts\",\"jasmineOpts\",\"cucumberOpts\",\"onPrepare\",\"onWorkerStart\",\"onWorkerEnd\",\"before\",\"beforeSession\",\"beforeSuite\",\"beforeHook\",\"beforeTest\",\"afterTest\",\"afterHook\",\"afterSuite\",\"afterSession\",\"after\",\"onComplete\",\"beforeAssertion\",\"afterAssertion\",\"beforeFeature\",\"beforeScenario\",\"beforeStep\",\"afterStep\",\"afterScenario\",\"afterFeature\",\"_\",\"suite\",\"$0\",\"ignoredWorkerServices\",\"wdi5\"]"}]}
RESULT: {"script":"<script> [2342 bytes]","args":[{"protocol":"http","hostname":"0.0.0.0","path":"/","capabilities":{"browserName":"chrome","goog:chromeOptions":{"binary":"C:\\Program Files\\Google\\Chrome\\Application\\chrome.exe","args":["--start-maximized"]}},"logLevel":"warn","connectionRetryTimeout":120000,"connectionRetryCount":3,"logLevels":{},"enableDirectConnect":true,"strictSSL":true,"_":"65 more keys: [\"cacheDir\",\"port\",\"requestedCapabilities\",\"automationProtocol\",\"baseUrl\",\"waitforInterval\",\"waitforTimeout\",\"onReload\",\"beforeCommand\",\"afterCommand\",\"rootDir\",\"specs\",\"suites\",\"exclude\",\"groupLogsByTestSpec\",\"excludeDriverLogs\",\"bail\",\"framework\",\"reporters\",\"services\",\"maxInstances\",\"maxInstancesPerCapability\",\"injectGlobals\",\"filesToWatch\",\"execArgv\",\"runnerEnv\",\"runner\",\"shard\",\"specFileRetries\",\"specFileRetriesDelay\",\"specFileRetriesDeferred\",\"reporterSyncInterval\",\"reporterSyncTimeout\",\"cucumberFeaturesWithLineNumbers\",\"autoCompileOpts\",\"mochaOpts\",\"jasmineOpts\",\"cucumberOpts\",\"onPrepare\",\"onWorkerStart\",\"onWorkerEnd\",\"before\",\"beforeSession\",\"beforeSuite\",\"beforeHook\",\"beforeTest\",\"afterTest\",\"afterHook\",\"afterSuite\",\"afterSession\",\"after\",\"onComplete\",\"beforeAssertion\",\"afterAssertion\",\"beforeFeature\",\"beforeScenario\",\"beforeStep\",\"afterStep\",\"afterScenario\",\"afterFeature\",\"_\",\"suite\",\"$0\",\"ignoredWorkerServices\",\"wdi5\"]"}]}
COMMAND: POST /session/6ffaab40fa98d483ee9e695104b36872/execute/async - {"script":"<script> [21126 bytes]","args":[35000]}
RESULT: {"script":"<script> [21126 bytes]","args":[35000]}
]]></system-out>
    </testcase>
    <testcase classname="chrome.136_0_7103_93.windows.Warehouse_movements_inventory_test" name="Should create a new warehouse organization" time="72.8">
      <system-out><![CDATA[
COMMAND: POST /session/6ffaab40fa98d483ee9e695104b36872/execute/async - {"script":"<script> [1562 bytes]","args":[{"selector":{"controlType":"sap.m.GenericTile","properties":{"header":"Bin Status Report"}},"wdio_ui5_key":"sapm.GenericTile{\"header\":\"Bin Status Report\"}"}]}
RESULT: {"script":"<script> [1562 bytes]","args":[{"selector":{"controlType":"sap.m.GenericTile","properties":{"header":"Bin Status Report"}},"wdio_ui5_key":"sapm.GenericTile{\"header\":\"Bin Status Report\"}"}]}
RESULT: undefined
COMMAND: POST /session/6ffaab40fa98d483ee9e695104b36872/element - {"using":"xpath","value":"//*[@id=\"__tile104\"]"}
RESULT: {"using":"xpath","value":"//*[@id=\"__tile104\"]"}
COMMAND: POST /session/6ffaab40fa98d483ee9e695104b36872/element/f.CD9C86C2D64AD9F43056403335C8D92C.d.09FE4827AFC84D7C6C349389402B6DDA.e.864/click - {}
RESULT: {}
COMMAND: GET /session/6ffaab40fa98d483ee9e695104b36872/screenshot - {}
RESULT: {}
COMMAND: POST /session/6ffaab40fa98d483ee9e695104b36872/elements - {"using":"xpath","value":"//span[text()='Error']"}
RESULT: {"using":"xpath","value":"//span[text()='Error']"}
COMMAND: POST /session/6ffaab40fa98d483ee9e695104b36872/execute/async - {"script":"<script> [1562 bytes]","args":[{"selector":{"id":"application-binstatusreport-display-component---warehousing--createOrgBtn","interaction":{"idSuffix":"BDI-content"}},"wdio_ui5_key":"applicationbinstatusreport-display-component---warehousing--createOrgBtn"}]}
RESULT: {"script":"<script> [1562 bytes]","args":[{"selector":{"id":"application-binstatusreport-display-component---warehousing--createOrgBtn","interaction":{"idSuffix":"BDI-content"}},"wdio_ui5_key":"applicationbinstatusreport-display-component---warehousing--createOrgBtn"}]}
RESULT: undefined
COMMAND: POST /session/6ffaab40fa98d483ee9e695104b36872/element - {"using":"xpath","value":"//*[@id=\"application-binstatusreport-display-component---warehousing--createOrgBtn\"]"}
RESULT: {"using":"xpath","value":"//*[@id=\"application-binstatusreport-display-component---warehousing--createOrgBtn\"]"}
COMMAND: POST /session/6ffaab40fa98d483ee9e695104b36872/element/f.CD9C86C2D64AD9F43056403335C8D92C.d.09FE4827AFC84D7C6C349389402B6DDA.e.910/click - {}
RESULT: {}
COMMAND: GET /session/6ffaab40fa98d483ee9e695104b36872/screenshot - {}
RESULT: {}
COMMAND: POST /session/6ffaab40fa98d483ee9e695104b36872/execute/async - {"script":"<script> [1562 bytes]","args":[{"selector":{"id":"createOrganizationPop--sectionInput","searchOpenDialogs":true,"interaction":{"idSuffix":"inner"}},"wdio_ui5_key":"createOrganizationPopsectionInput"}]}
RESULT: {"script":"<script> [1562 bytes]","args":[{"selector":{"id":"createOrganizationPop--sectionInput","searchOpenDialogs":true,"interaction":{"idSuffix":"inner"}},"wdio_ui5_key":"createOrganizationPopsectionInput"}]}
RESULT: undefined
COMMAND: POST /session/6ffaab40fa98d483ee9e695104b36872/execute/async - {"script":"<script> [776 bytes]","args":[{"enterText":"Secu42t2","selector":{"id":"createOrganizationPop--sectionInput","searchOpenDialogs":true,"interaction":{"idSuffix":"inner"}},"clearTextFirst":true,"interactionType":"ENTER_TEXT"}]}
RESULT: {"script":"<script> [776 bytes]","args":[{"enterText":"Secu42t2","selector":{"id":"createOrganizationPop--sectionInput","searchOpenDialogs":true,"interaction":{"idSuffix":"inner"}},"clearTextFirst":true,"interactionType":"ENTER_TEXT"}]}
COMMAND: POST /session/6ffaab40fa98d483ee9e695104b36872/execute/async - {"script":"<script> [1562 bytes]","args":[{"selector":{"id":"createOrganizationPop--descriptionInput","searchOpenDialogs":true,"interaction":{"idSuffix":"inner"}},"wdio_ui5_key":"createOrganizationPopdescriptionInput"}]}
RESULT: {"script":"<script> [1562 bytes]","args":[{"selector":{"id":"createOrganizationPop--descriptionInput","searchOpenDialogs":true,"interaction":{"idSuffix":"inner"}},"wdio_ui5_key":"createOrganizationPopdescriptionInput"}]}
RESULT: undefined
COMMAND: POST /session/6ffaab40fa98d483ee9e695104b36872/execute/async - {"script":"<script> [776 bytes]","args":[{"enterText":"OrgNameixnjt","selector":{"id":"createOrganizationPop--descriptionInput","searchOpenDialogs":true,"interaction":{"idSuffix":"inner"}},"clearTextFirst":true,"interactionType":"ENTER_TEXT"}]}
RESULT: {"script":"<script> [776 bytes]","args":[{"enterText":"OrgNameixnjt","selector":{"id":"createOrganizationPop--descriptionInput","searchOpenDialogs":true,"interaction":{"idSuffix":"inner"}},"clearTextFirst":true,"interactionType":"ENTER_TEXT"}]}
COMMAND: POST /session/6ffaab40fa98d483ee9e695104b36872/element - {"using":"xpath","value":"//input[contains(@id ,\"createOrganizationPop--yardOrg-inner\")]"}
RESULT: {"using":"xpath","value":"//input[contains(@id ,\"createOrganizationPop--yardOrg-inner\")]"}
COMMAND: POST /session/6ffaab40fa98d483ee9e695104b36872/element/f.CD9C86C2D64AD9F43056403335C8D92C.d.09FE4827AFC84D7C6C349389402B6DDA.e.950/clear - {}
RESULT: {}
COMMAND: POST /session/6ffaab40fa98d483ee9e695104b36872/element/f.CD9C86C2D64AD9F43056403335C8D92C.d.09FE4827AFC84D7C6C349389402B6DDA.e.950/value - {"text":"WebdriverWHMYardgvnhx"}
COMMAND: GET /session/6ffaab40fa98d483ee9e695104b36872/screenshot - {}
RESULT: {"text":"WebdriverWHMYardgvnhx"}
COMMAND: GET /session/6ffaab40fa98d483ee9e695104b36872/screenshot - {}
RESULT: {}
RESULT: {}
COMMAND: POST /session/6ffaab40fa98d483ee9e695104b36872/actions - {"actions":[{"id":"action4","type":"key","parameters":{},"actions":[{"type":"keyDown","value":"î€‡"},{"type":"pause","duration":10},{"type":"keyUp","value":"î€‡"}]}]}
RESULT: {"actions":[{"id":"action4","type":"key","parameters":{},"actions":[{"type":"keyDown","value":"î€‡"},{"type":"pause","duration":10},{"type":"keyUp","value":"î€‡"}]}]}
COMMAND: GET /session/6ffaab40fa98d483ee9e695104b36872/screenshot - {}
RESULT: {}
COMMAND: POST /session/6ffaab40fa98d483ee9e695104b36872/execute/async - {"script":"<script> [1562 bytes]","args":[{"selector":{"id":"createOrganizationPop--grZone","searchOpenDialogs":true,"interaction":{"idSuffix":"CbBg"}},"wdio_ui5_key":"createOrganizationPopgrZone"}]}
RESULT: {"script":"<script> [1562 bytes]","args":[{"selector":{"id":"createOrganizationPop--grZone","searchOpenDialogs":true,"interaction":{"idSuffix":"CbBg"}},"wdio_ui5_key":"createOrganizationPopgrZone"}]}
RESULT: undefined
COMMAND: POST /session/6ffaab40fa98d483ee9e695104b36872/element - {"using":"xpath","value":"//*[@id=\"createOrganizationPop--grZone\"]"}
RESULT: {"using":"xpath","value":"//*[@id=\"createOrganizationPop--grZone\"]"}
COMMAND: POST /session/6ffaab40fa98d483ee9e695104b36872/element/f.CD9C86C2D64AD9F43056403335C8D92C.d.09FE4827AFC84D7C6C349389402B6DDA.e.971/click - {}
RESULT: {}
COMMAND: POST /session/6ffaab40fa98d483ee9e695104b36872/execute/async - {"script":"<script> [1562 bytes]","args":[{"selector":{"id":"createOrganizationPop--giZone","searchOpenDialogs":true,"interaction":{"idSuffix":"CbBg"}},"wdio_ui5_key":"createOrganizationPopgiZone"}]}
COMMAND: GET /session/6ffaab40fa98d483ee9e695104b36872/screenshot - {}
RESULT: {"script":"<script> [1562 bytes]","args":[{"selector":{"id":"createOrganizationPop--giZone","searchOpenDialogs":true,"interaction":{"idSuffix":"CbBg"}},"wdio_ui5_key":"createOrganizationPopgiZone"}]}
RESULT: undefined
COMMAND: POST /session/6ffaab40fa98d483ee9e695104b36872/element - {"using":"xpath","value":"//*[@id=\"createOrganizationPop--giZone\"]"}
RESULT: {}
RESULT: {"using":"xpath","value":"//*[@id=\"createOrganizationPop--giZone\"]"}
COMMAND: POST /session/6ffaab40fa98d483ee9e695104b36872/element/f.CD9C86C2D64AD9F43056403335C8D92C.d.09FE4827AFC84D7C6C349389402B6DDA.e.973/click - {}
RESULT: {}
COMMAND: POST /session/6ffaab40fa98d483ee9e695104b36872/execute/async - {"script":"<script> [1562 bytes]","args":[{"selector":{"id":"createOrganizationPop--binNoInput","searchOpenDialogs":true,"interaction":{"idSuffix":"inner"}},"wdio_ui5_key":"createOrganizationPopbinNoInput"}]}
COMMAND: GET /session/6ffaab40fa98d483ee9e695104b36872/screenshot - {}
RESULT: {"script":"<script> [1562 bytes]","args":[{"selector":{"id":"createOrganizationPop--binNoInput","searchOpenDialogs":true,"interaction":{"idSuffix":"inner"}},"wdio_ui5_key":"createOrganizationPopbinNoInput"}]}
RESULT: undefined
COMMAND: POST /session/6ffaab40fa98d483ee9e695104b36872/execute/async - {"script":"<script> [776 bytes]","args":[{"enterText":"Bini4r4c","selector":{"id":"createOrganizationPop--binNoInput","searchOpenDialogs":true,"interaction":{"idSuffix":"inner"}},"clearTextFirst":true,"interactionType":"ENTER_TEXT"}]}
RESULT: {}
RESULT: {"script":"<script> [776 bytes]","args":[{"enterText":"Bini4r4c","selector":{"id":"createOrganizationPop--binNoInput","searchOpenDialogs":true,"interaction":{"idSuffix":"inner"}},"clearTextFirst":true,"interactionType":"ENTER_TEXT"}]}
COMMAND: POST /session/6ffaab40fa98d483ee9e695104b36872/execute/async - {"script":"<script> [1562 bytes]","args":[{"selector":{"id":"createOrganizationPop--descriptionId","searchOpenDialogs":true,"interaction":{"idSuffix":"inner"}},"wdio_ui5_key":"createOrganizationPopdescriptionId"}]}
RESULT: {"script":"<script> [1562 bytes]","args":[{"selector":{"id":"createOrganizationPop--descriptionId","searchOpenDialogs":true,"interaction":{"idSuffix":"inner"}},"wdio_ui5_key":"createOrganizationPopdescriptionId"}]}
RESULT: undefined
COMMAND: POST /session/6ffaab40fa98d483ee9e695104b36872/execute/async - {"script":"<script> [776 bytes]","args":[{"enterText":"Bina8z0vf","selector":{"id":"createOrganizationPop--descriptionId","searchOpenDialogs":true,"interaction":{"idSuffix":"inner"}},"clearTextFirst":true,"interactionType":"ENTER_TEXT"}]}
RESULT: {"script":"<script> [776 bytes]","args":[{"enterText":"Bina8z0vf","selector":{"id":"createOrganizationPop--descriptionId","searchOpenDialogs":true,"interaction":{"idSuffix":"inner"}},"clearTextFirst":true,"interactionType":"ENTER_TEXT"}]}
COMMAND: POST /session/6ffaab40fa98d483ee9e695104b36872/execute/async - {"script":"<script> [1562 bytes]","args":[{"selector":{"controlType":"sap.m.CheckBox","viewName":"etm.portal.ui.binstatusreport.view.MasterWareBins","viewId":"application-binstatusreport-display-component---warehousing","bindingPath":{"path":"","propertyPath":"/ZONE","modelName":"newBin"},"searchOpenDialogs":true,"interaction":{"idSuffix":"CbBg"}},"wdio_ui5_key":"etmportal.ui.binstatusreport.view.MasterWareBinssap.m.CheckBox{\"path\":\"\",\"propertyPath\":\"/ZONE\",\"modelName\":\"newBin\"}"}]}
RESULT: {"script":"<script> [1562 bytes]","args":[{"selector":{"controlType":"sap.m.CheckBox","viewName":"etm.portal.ui.binstatusreport.view.MasterWareBins","viewId":"application-binstatusreport-display-component---warehousing","bindingPath":{"path":"","propertyPath":"/ZONE","modelName":"newBin"},"searchOpenDialogs":true,"interaction":{"idSuffix":"CbBg"}},"wdio_ui5_key":"etmportal.ui.binstatusreport.view.MasterWareBinssap.m.CheckBox{\"path\":\"\",\"propertyPath\":\"/ZONE\",\"modelName\":\"newBin\"}"}]}
RESULT: undefined
COMMAND: POST /session/6ffaab40fa98d483ee9e695104b36872/element - {"using":"xpath","value":"//*[@id=\"__box12\"]"}
RESULT: {"using":"xpath","value":"//*[@id=\"__box12\"]"}
COMMAND: POST /session/6ffaab40fa98d483ee9e695104b36872/element/f.CD9C86C2D64AD9F43056403335C8D92C.d.09FE4827AFC84D7C6C349389402B6DDA.e.990/click - {}
RESULT: {}
COMMAND: POST /session/6ffaab40fa98d483ee9e695104b36872/execute/async - {"script":"<script> [1562 bytes]","args":[{"selector":{"id":"createOrganizationPop--binTypesCB-arrow","searchOpenDialogs":true},"wdio_ui5_key":"createOrganizationPopbinTypesCB-arrow"}]}
COMMAND: GET /session/6ffaab40fa98d483ee9e695104b36872/screenshot - {}
RESULT: {"script":"<script> [1562 bytes]","args":[{"selector":{"id":"createOrganizationPop--binTypesCB-arrow","searchOpenDialogs":true},"wdio_ui5_key":"createOrganizationPopbinTypesCB-arrow"}]}
RESULT: undefined
COMMAND: POST /session/6ffaab40fa98d483ee9e695104b36872/element - {"using":"xpath","value":"//*[@id=\"createOrganizationPop--binTypesCB-arrow\"]"}
RESULT: {}
RESULT: {"using":"xpath","value":"//*[@id=\"createOrganizationPop--binTypesCB-arrow\"]"}
COMMAND: POST /session/6ffaab40fa98d483ee9e695104b36872/element/f.CD9C86C2D64AD9F43056403335C8D92C.d.09FE4827AFC84D7C6C349389402B6DDA.e.1001/click - {}
RESULT: {}
COMMAND: POST /session/6ffaab40fa98d483ee9e695104b36872/execute/async - {"script":"<script> [1562 bytes]","args":[{"selector":{"controlType":"sap.m.StandardListItem","viewName":"etm.portal.ui.binstatusreport.view.MasterWareBins","viewId":"application-binstatusreport-display-component---warehousing","properties":{"title":"1 - General / No capacity check"},"searchOpenDialogs":true,"interaction":{"idSuffix":"content"}},"wdio_ui5_key":"etmportal.ui.binstatusreport.view.MasterWareBinssap.m.StandardListItem{\"title\":\"1 - General / No capacity check\"}"}]}
COMMAND: GET /session/6ffaab40fa98d483ee9e695104b36872/screenshot - {}
RESULT: {"script":"<script> [1562 bytes]","args":[{"selector":{"controlType":"sap.m.StandardListItem","viewName":"etm.portal.ui.binstatusreport.view.MasterWareBins","viewId":"application-binstatusreport-display-component---warehousing","properties":{"title":"1 - General / No capacity check"},"searchOpenDialogs":true,"interaction":{"idSuffix":"content"}},"wdio_ui5_key":"etmportal.ui.binstatusreport.view.MasterWareBinssap.m.StandardListItem{\"title\":\"1 - General / No capacity check\"}"}]}
RESULT: undefined
COMMAND: POST /session/6ffaab40fa98d483ee9e695104b36872/element - {"using":"xpath","value":"//*[@id=\"__item181\"]"}
RESULT: {}
RESULT: {"using":"xpath","value":"//*[@id=\"__item181\"]"}
COMMAND: POST /session/6ffaab40fa98d483ee9e695104b36872/element/f.CD9C86C2D64AD9F43056403335C8D92C.d.09FE4827AFC84D7C6C349389402B6DDA.e.1003/click - {}
RESULT: {}
COMMAND: POST /session/6ffaab40fa98d483ee9e695104b36872/execute/async - {"script":"<script> [1562 bytes]","args":[{"selector":{"id":"createOrganizationPop--finishBtn","searchOpenDialogs":true,"interaction":{"idSuffix":"BDI-content"}},"wdio_ui5_key":"createOrganizationPopfinishBtn"}]}
COMMAND: GET /session/6ffaab40fa98d483ee9e695104b36872/screenshot - {}
RESULT: {"script":"<script> [1562 bytes]","args":[{"selector":{"id":"createOrganizationPop--finishBtn","searchOpenDialogs":true,"interaction":{"idSuffix":"BDI-content"}},"wdio_ui5_key":"createOrganizationPopfinishBtn"}]}
RESULT: undefined
COMMAND: POST /session/6ffaab40fa98d483ee9e695104b36872/element - {"using":"xpath","value":"//*[@id=\"createOrganizationPop--finishBtn\"]"}
RESULT: {}
RESULT: {"using":"xpath","value":"//*[@id=\"createOrganizationPop--finishBtn\"]"}
COMMAND: POST /session/6ffaab40fa98d483ee9e695104b36872/element/f.CD9C86C2D64AD9F43056403335C8D92C.d.09FE4827AFC84D7C6C349389402B6DDA.e.1005/click - {}
RESULT: {}
COMMAND: GET /session/6ffaab40fa98d483ee9e695104b36872/screenshot - {}
RESULT: {}
COMMAND: POST /session/6ffaab40fa98d483ee9e695104b36872/element - {"using":"css selector","value":"#shell-header-logo"}
RESULT: {"using":"css selector","value":"#shell-header-logo"}
COMMAND: POST /session/6ffaab40fa98d483ee9e695104b36872/element/f.CD9C86C2D64AD9F43056403335C8D92C.d.09FE4827AFC84D7C6C349389402B6DDA.e.869/click - {}
RESULT: {}
COMMAND: GET /session/6ffaab40fa98d483ee9e695104b36872/screenshot - {}
RESULT: {}
]]></system-out>
    </testcase>
    <testcase classname="chrome.136_0_7103_93.windows.Warehouse_movements_inventory_test" name="Should Create new material for WHM yard" time="167.271">
      <system-out><![CDATA[
COMMAND: POST /session/6ffaab40fa98d483ee9e695104b36872/execute/async - {"script":"<script> [1562 bytes]","args":[{"selector":{"controlType":"sap.m.GenericTile","properties":{"header":"Manage Resources"}},"wdio_ui5_key":"sapm.GenericTile{\"header\":\"Manage Resources\"}"}]}
RESULT: {"script":"<script> [1562 bytes]","args":[{"selector":{"controlType":"sap.m.GenericTile","properties":{"header":"Manage Resources"}},"wdio_ui5_key":"sapm.GenericTile{\"header\":\"Manage Resources\"}"}]}
RESULT: undefined
COMMAND: POST /session/6ffaab40fa98d483ee9e695104b36872/element - {"using":"xpath","value":"//*[@id=\"__tile39\"]"}
RESULT: {"using":"xpath","value":"//*[@id=\"__tile39\"]"}
COMMAND: POST /session/6ffaab40fa98d483ee9e695104b36872/element/f.CD9C86C2D64AD9F43056403335C8D92C.d.09FE4827AFC84D7C6C349389402B6DDA.e.1013/click - {}
RESULT: {}
COMMAND: GET /session/6ffaab40fa98d483ee9e695104b36872/screenshot - {}
RESULT: {}
COMMAND: POST /session/6ffaab40fa98d483ee9e695104b36872/elements - {"using":"xpath","value":"//span[text()='Error']"}
RESULT: {"using":"xpath","value":"//span[text()='Error']"}
COMMAND: POST /session/6ffaab40fa98d483ee9e695104b36872/element - {"using":"xpath","value":"//button[@data-kt=\"addNewRUOverflowToolbarButton\"]"}
RESULT: {"using":"xpath","value":"//button[@data-kt=\"addNewRUOverflowToolbarButton\"]"}
COMMAND: POST /session/6ffaab40fa98d483ee9e695104b36872/execute/sync - {"script":"<script> [8489 bytes]","args":[{"element-6066-11e4-a52e-4f735466cecf":"f.CD9C86C2D64AD9F43056403335C8D92C.d.09FE4827AFC84D7C6C349389402B6DDA.e.1056","ELEMENT":"f.CD9C86C2D64AD9F43056403335C8D92C.d.09FE4827AFC84D7C6C349389402B6DDA.e.1056"}]}
RESULT: {"script":"<script> [8489 bytes]","args":[{"element-6066-11e4-a52e-4f735466cecf":"f.CD9C86C2D64AD9F43056403335C8D92C.d.09FE4827AFC84D7C6C349389402B6DDA.e.1056","ELEMENT":"f.CD9C86C2D64AD9F43056403335C8D92C.d.09FE4827AFC84D7C6C349389402B6DDA.e.1056"}]}
COMMAND: POST /session/6ffaab40fa98d483ee9e695104b36872/element/f.CD9C86C2D64AD9F43056403335C8D92C.d.09FE4827AFC84D7C6C349389402B6DDA.e.1056/click - {}
COMMAND: GET /session/6ffaab40fa98d483ee9e695104b36872/screenshot - {}
RESULT: {}
COMMAND: POST /session/6ffaab40fa98d483ee9e695104b36872/execute/async - {"script":"<script> [1562 bytes]","args":[{"selector":{"id":"application-manageresources-display-component---newResourceUnit--TYPE-arrow"},"wdio_ui5_key":"applicationmanageresources-display-component---newResourceUnit--TYPE-arrow"}]}
COMMAND: GET /session/6ffaab40fa98d483ee9e695104b36872/screenshot - {}
RESULT: {}
RESULT: {"script":"<script> [1562 bytes]","args":[{"selector":{"id":"application-manageresources-display-component---newResourceUnit--TYPE-arrow"},"wdio_ui5_key":"applicationmanageresources-display-component---newResourceUnit--TYPE-arrow"}]}
RESULT: undefined
COMMAND: POST /session/6ffaab40fa98d483ee9e695104b36872/element - {"using":"xpath","value":"//*[@id=\"application-manageresources-display-component---newResourceUnit--TYPE-arrow\"]"}
RESULT: {}
RESULT: {"using":"xpath","value":"//*[@id=\"application-manageresources-display-component---newResourceUnit--TYPE-arrow\"]"}
COMMAND: POST /session/6ffaab40fa98d483ee9e695104b36872/element/f.CD9C86C2D64AD9F43056403335C8D92C.d.09FE4827AFC84D7C6C349389402B6DDA.e.1372/click - {}
RESULT: {}
COMMAND: POST /session/6ffaab40fa98d483ee9e695104b36872/execute/async - {"script":"<script> [1562 bytes]","args":[{"selector":{"controlType":"sap.m.StandardListItem","viewName":"reusables.view.manageresources.NewResourceUnit","viewId":"application-manageresources-display-component---newResourceUnit","properties":{"title":"Material"},"searchOpenDialogs":true,"interaction":{"idSuffix":"titleText"}},"wdio_ui5_key":"reusablesview.manageresources.NewResourceUnitsap.m.StandardListItem{\"title\":\"Material\"}"}]}
COMMAND: GET /session/6ffaab40fa98d483ee9e695104b36872/screenshot - {}
RESULT: {"script":"<script> [1562 bytes]","args":[{"selector":{"controlType":"sap.m.StandardListItem","viewName":"reusables.view.manageresources.NewResourceUnit","viewId":"application-manageresources-display-component---newResourceUnit","properties":{"title":"Material"},"searchOpenDialogs":true,"interaction":{"idSuffix":"titleText"}},"wdio_ui5_key":"reusablesview.manageresources.NewResourceUnitsap.m.StandardListItem{\"title\":\"Material\"}"}]}
RESULT: undefined
COMMAND: POST /session/6ffaab40fa98d483ee9e695104b36872/element - {"using":"xpath","value":"//*[@id=\"__item315\"]"}
RESULT: {}
RESULT: {"using":"xpath","value":"//*[@id=\"__item315\"]"}
COMMAND: POST /session/6ffaab40fa98d483ee9e695104b36872/element/f.CD9C86C2D64AD9F43056403335C8D92C.d.09FE4827AFC84D7C6C349389402B6DDA.e.1375/click - {}
RESULT: {}
COMMAND: POST /session/6ffaab40fa98d483ee9e695104b36872/execute/async - {"script":"<script> [1562 bytes]","args":[{"selector":{"id":"application-manageresources-display-component---newResourceUnit--SHORT_TEXT","interaction":{"idSuffix":"inner"}},"wdio_ui5_key":"applicationmanageresources-display-component---newResourceUnit--SHORT_TEXT"}]}
COMMAND: GET /session/6ffaab40fa98d483ee9e695104b36872/screenshot - {}
RESULT: {"script":"<script> [1562 bytes]","args":[{"selector":{"id":"application-manageresources-display-component---newResourceUnit--SHORT_TEXT","interaction":{"idSuffix":"inner"}},"wdio_ui5_key":"applicationmanageresources-display-component---newResourceUnit--SHORT_TEXT"}]}
RESULT: undefined
COMMAND: POST /session/6ffaab40fa98d483ee9e695104b36872/execute/async - {"script":"<script> [776 bytes]","args":[{"enterText":"WebdriverMatTest5eybc","selector":{"id":"application-manageresources-display-component---newResourceUnit--SHORT_TEXT","interaction":{"idSuffix":"inner"}},"clearTextFirst":true,"interactionType":"ENTER_TEXT"}]}
RESULT: {}
RESULT: {"script":"<script> [776 bytes]","args":[{"enterText":"WebdriverMatTest5eybc","selector":{"id":"application-manageresources-display-component---newResourceUnit--SHORT_TEXT","interaction":{"idSuffix":"inner"}},"clearTextFirst":true,"interactionType":"ENTER_TEXT"}]}
COMMAND: POST /session/6ffaab40fa98d483ee9e695104b36872/execute/async - {"script":"<script> [1562 bytes]","args":[{"selector":{"id":"application-manageresources-display-component---newResourceUnit--BASE_UNIT_OF_MEASURE-arrow"},"wdio_ui5_key":"applicationmanageresources-display-component---newResourceUnit--BASE_UNIT_OF_MEASURE-arrow"}]}
RESULT: {"script":"<script> [1562 bytes]","args":[{"selector":{"id":"application-manageresources-display-component---newResourceUnit--BASE_UNIT_OF_MEASURE-arrow"},"wdio_ui5_key":"applicationmanageresources-display-component---newResourceUnit--BASE_UNIT_OF_MEASURE-arrow"}]}
RESULT: undefined
COMMAND: POST /session/6ffaab40fa98d483ee9e695104b36872/element - {"using":"xpath","value":"//*[@id=\"application-manageresources-display-component---newResourceUnit--BASE_UNIT_OF_MEASURE-arrow\"]"}
RESULT: {"using":"xpath","value":"//*[@id=\"application-manageresources-display-component---newResourceUnit--BASE_UNIT_OF_MEASURE-arrow\"]"}
COMMAND: POST /session/6ffaab40fa98d483ee9e695104b36872/element/f.CD9C86C2D64AD9F43056403335C8D92C.d.09FE4827AFC84D7C6C349389402B6DDA.e.1495/click - {}
RESULT: {}
COMMAND: POST /session/6ffaab40fa98d483ee9e695104b36872/execute/async - {"script":"<script> [1562 bytes]","args":[{"selector":{"controlType":"sap.m.StandardListItem","viewName":"reusables.view.manageresources.NewResourceUnit","viewId":"application-manageresources-display-component---newResourceUnit","properties":{"title":"Piece"},"searchOpenDialogs":true,"interaction":{"idSuffix":"titleText"}},"wdio_ui5_key":"reusablesview.manageresources.NewResourceUnitsap.m.StandardListItem{\"title\":\"Piece\"}"}]}
COMMAND: GET /session/6ffaab40fa98d483ee9e695104b36872/screenshot - {}
RESULT: {"script":"<script> [1562 bytes]","args":[{"selector":{"controlType":"sap.m.StandardListItem","viewName":"reusables.view.manageresources.NewResourceUnit","viewId":"application-manageresources-display-component---newResourceUnit","properties":{"title":"Piece"},"searchOpenDialogs":true,"interaction":{"idSuffix":"titleText"}},"wdio_ui5_key":"reusablesview.manageresources.NewResourceUnitsap.m.StandardListItem{\"title\":\"Piece\"}"}]}
RESULT: undefined
COMMAND: POST /session/6ffaab40fa98d483ee9e695104b36872/element - {"using":"xpath","value":"//*[@id=\"__item368\"]"}
RESULT: {}
RESULT: {"using":"xpath","value":"//*[@id=\"__item368\"]"}
COMMAND: POST /session/6ffaab40fa98d483ee9e695104b36872/element/f.CD9C86C2D64AD9F43056403335C8D92C.d.09FE4827AFC84D7C6C349389402B6DDA.e.1497/click - {}
RESULT: {}
COMMAND: POST /session/6ffaab40fa98d483ee9e695104b36872/element - {"using":"xpath","value":"//input[contains(@id ,\"application-manageresources-display-component---newResourceUnit--SHORT_TEXT-inner\")]"}
COMMAND: GET /session/6ffaab40fa98d483ee9e695104b36872/screenshot - {}
RESULT: {"using":"xpath","value":"//input[contains(@id ,\"application-manageresources-display-component---newResourceUnit--SHORT_TEXT-inner\")]"}
COMMAND: GET /session/6ffaab40fa98d483ee9e695104b36872/element/f.CD9C86C2D64AD9F43056403335C8D92C.d.09FE4827AFC84D7C6C349389402B6DDA.e.1392/property/value - {}
RESULT: {}
RESULT: {}
COMMAND: POST /session/6ffaab40fa98d483ee9e695104b36872/execute/async - {"script":"<script> [1562 bytes]","args":[{"selector":{"id":"application-manageresources-display-component---newResourceUnit--WEIGHT_UNIT-arrow"},"wdio_ui5_key":"applicationmanageresources-display-component---newResourceUnit--WEIGHT_UNIT-arrow"}]}
COMMAND: GET /session/6ffaab40fa98d483ee9e695104b36872/screenshot - {}
RESULT: {"script":"<script> [1562 bytes]","args":[{"selector":{"id":"application-manageresources-display-component---newResourceUnit--WEIGHT_UNIT-arrow"},"wdio_ui5_key":"applicationmanageresources-display-component---newResourceUnit--WEIGHT_UNIT-arrow"}]}
RESULT: undefined
COMMAND: POST /session/6ffaab40fa98d483ee9e695104b36872/element - {"using":"xpath","value":"//*[@id=\"application-manageresources-display-component---newResourceUnit--WEIGHT_UNIT-arrow\"]"}
RESULT: {}
RESULT: {"using":"xpath","value":"//*[@id=\"application-manageresources-display-component---newResourceUnit--WEIGHT_UNIT-arrow\"]"}
COMMAND: POST /session/6ffaab40fa98d483ee9e695104b36872/element/f.CD9C86C2D64AD9F43056403335C8D92C.d.09FE4827AFC84D7C6C349389402B6DDA.e.1498/click - {}
RESULT: {}
COMMAND: POST /session/6ffaab40fa98d483ee9e695104b36872/execute/async - {"script":"<script> [1562 bytes]","args":[{"selector":{"controlType":"sap.m.StandardListItem","viewName":"reusables.view.manageresources.NewResourceUnit","viewId":"application-manageresources-display-component---newResourceUnit","properties":{"title":"Gram"},"searchOpenDialogs":true,"interaction":{"idSuffix":"content"}},"wdio_ui5_key":"reusablesview.manageresources.NewResourceUnitsap.m.StandardListItem{\"title\":\"Gram\"}"}]}
COMMAND: GET /session/6ffaab40fa98d483ee9e695104b36872/screenshot - {}
RESULT: {"script":"<script> [1562 bytes]","args":[{"selector":{"controlType":"sap.m.StandardListItem","viewName":"reusables.view.manageresources.NewResourceUnit","viewId":"application-manageresources-display-component---newResourceUnit","properties":{"title":"Gram"},"searchOpenDialogs":true,"interaction":{"idSuffix":"content"}},"wdio_ui5_key":"reusablesview.manageresources.NewResourceUnitsap.m.StandardListItem{\"title\":\"Gram\"}"}]}
RESULT: undefined
COMMAND: POST /session/6ffaab40fa98d483ee9e695104b36872/element - {"using":"xpath","value":"//*[@id=\"__item433\"]"}
RESULT: {}
RESULT: {"using":"xpath","value":"//*[@id=\"__item433\"]"}
COMMAND: POST /session/6ffaab40fa98d483ee9e695104b36872/element/f.CD9C86C2D64AD9F43056403335C8D92C.d.09FE4827AFC84D7C6C349389402B6DDA.e.1500/click - {}
RESULT: {}
COMMAND: POST /session/6ffaab40fa98d483ee9e695104b36872/execute/async - {"script":"<script> [1562 bytes]","args":[{"selector":{"id":"application-manageresources-display-component---newResourceUnit--newRRUPage-OPHeaderContent-collapseBtn-img"},"wdio_ui5_key":"applicationmanageresources-display-component---newResourceUnit--newRRUPage-OPHeaderContent-collapseBtn-img"}]}
COMMAND: GET /session/6ffaab40fa98d483ee9e695104b36872/screenshot - {}
RESULT: {"script":"<script> [1562 bytes]","args":[{"selector":{"id":"application-manageresources-display-component---newResourceUnit--newRRUPage-OPHeaderContent-collapseBtn-img"},"wdio_ui5_key":"applicationmanageresources-display-component---newResourceUnit--newRRUPage-OPHeaderContent-collapseBtn-img"}]}
RESULT: undefined
COMMAND: POST /session/6ffaab40fa98d483ee9e695104b36872/element - {"using":"xpath","value":"//*[@id=\"application-manageresources-display-component---newResourceUnit--newRRUPage-OPHeaderContent-collapseBtn-img\"]"}
RESULT: {}
RESULT: {"using":"xpath","value":"//*[@id=\"application-manageresources-display-component---newResourceUnit--newRRUPage-OPHeaderContent-collapseBtn-img\"]"}
COMMAND: POST /session/6ffaab40fa98d483ee9e695104b36872/element/f.CD9C86C2D64AD9F43056403335C8D92C.d.09FE4827AFC84D7C6C349389402B6DDA.e.1382/click - {}
RESULT: {}
COMMAND: GET /session/6ffaab40fa98d483ee9e695104b36872/screenshot - {}
RESULT: {}
COMMAND: POST /session/6ffaab40fa98d483ee9e695104b36872/element - {"using":"xpath","value":"(//span[contains(@id ,\"application-manageresources-display-component---newResourceUnit--DIMENSION_UNIT-arrow\")])[1]"}
RESULT: {"using":"xpath","value":"(//span[contains(@id ,\"application-manageresources-display-component---newResourceUnit--DIMENSION_UNIT-arrow\")])[1]"}
COMMAND: POST /session/6ffaab40fa98d483ee9e695104b36872/element/f.CD9C86C2D64AD9F43056403335C8D92C.d.09FE4827AFC84D7C6C349389402B6DDA.e.1504/click - {}
RESULT: {}
COMMAND: GET /session/6ffaab40fa98d483ee9e695104b36872/screenshot - {}
RESULT: {}
COMMAND: POST /session/6ffaab40fa98d483ee9e695104b36872/execute/async - {"script":"<script> [1562 bytes]","args":[{"selector":{"controlType":"sap.m.StandardListItem","viewName":"reusables.view.manageresources.NewResourceUnit","viewId":"application-manageresources-display-component---newResourceUnit","properties":{"title":"Centimeter"},"searchOpenDialogs":true,"interaction":{"idSuffix":"titleText"}},"wdio_ui5_key":"reusablesview.manageresources.NewResourceUnitsap.m.StandardListItem{\"title\":\"Centimeter\"}"}]}
RESULT: {"script":"<script> [1562 bytes]","args":[{"selector":{"controlType":"sap.m.StandardListItem","viewName":"reusables.view.manageresources.NewResourceUnit","viewId":"application-manageresources-display-component---newResourceUnit","properties":{"title":"Centimeter"},"searchOpenDialogs":true,"interaction":{"idSuffix":"titleText"}},"wdio_ui5_key":"reusablesview.manageresources.NewResourceUnitsap.m.StandardListItem{\"title\":\"Centimeter\"}"}]}
RESULT: undefined
COMMAND: POST /session/6ffaab40fa98d483ee9e695104b36872/element - {"using":"xpath","value":"//*[@id=\"__item436\"]"}
RESULT: {"using":"xpath","value":"//*[@id=\"__item436\"]"}
COMMAND: POST /session/6ffaab40fa98d483ee9e695104b36872/element/f.CD9C86C2D64AD9F43056403335C8D92C.d.09FE4827AFC84D7C6C349389402B6DDA.e.1508/click - {}
RESULT: {}
COMMAND: POST /session/6ffaab40fa98d483ee9e695104b36872/execute/async - {"script":"<script> [1562 bytes]","args":[{"selector":{"id":"application-manageresources-display-component---newResourceUnit--newRRUPage-anchBar-application-manageresources-display-component---newResourceUnit--reference-anchor","interaction":{"idSuffix":"BDI-content"}},"wdio_ui5_key":"applicationmanageresources-display-component---newResourceUnit--newRRUPage-anchBar-application-manageresources-display-component---newResourceUnit--reference-anchor"}]}
COMMAND: GET /session/6ffaab40fa98d483ee9e695104b36872/screenshot - {}
RESULT: {"script":"<script> [1562 bytes]","args":[{"selector":{"id":"application-manageresources-display-component---newResourceUnit--newRRUPage-anchBar-application-manageresources-display-component---newResourceUnit--reference-anchor","interaction":{"idSuffix":"BDI-content"}},"wdio_ui5_key":"applicationmanageresources-display-component---newResourceUnit--newRRUPage-anchBar-application-manageresources-display-component---newResourceUnit--reference-anchor"}]}
RESULT: undefined
COMMAND: POST /session/6ffaab40fa98d483ee9e695104b36872/element - {"using":"xpath","value":"//*[@id=\"application-manageresources-display-component---newResourceUnit--newRRUPage-anchBar-application-manageresources-display-component---newResourceUnit--reference-anchor\"]"}
RESULT: {}
RESULT: {"using":"xpath","value":"//*[@id=\"application-manageresources-display-component---newResourceUnit--newRRUPage-anchBar-application-manageresources-display-component---newResourceUnit--reference-anchor\"]"}
COMMAND: POST /session/6ffaab40fa98d483ee9e695104b36872/element/f.CD9C86C2D64AD9F43056403335C8D92C.d.09FE4827AFC84D7C6C349389402B6DDA.e.1510/click - {}
RESULT: {}
COMMAND: POST /session/6ffaab40fa98d483ee9e695104b36872/execute/async - {"script":"<script> [1562 bytes]","args":[{"selector":{"id":"application-manageresources-display-component---newResourceUnit--PLANNING_GROUP-arrow"},"wdio_ui5_key":"applicationmanageresources-display-component---newResourceUnit--PLANNING_GROUP-arrow"}]}
COMMAND: GET /session/6ffaab40fa98d483ee9e695104b36872/screenshot - {}
RESULT: {"script":"<script> [1562 bytes]","args":[{"selector":{"id":"application-manageresources-display-component---newResourceUnit--PLANNING_GROUP-arrow"},"wdio_ui5_key":"applicationmanageresources-display-component---newResourceUnit--PLANNING_GROUP-arrow"}]}
RESULT: undefined
COMMAND: POST /session/6ffaab40fa98d483ee9e695104b36872/element - {"using":"xpath","value":"//*[@id=\"application-manageresources-display-component---newResourceUnit--PLANNING_GROUP-arrow\"]"}
RESULT: {}
RESULT: {"using":"xpath","value":"//*[@id=\"application-manageresources-display-component---newResourceUnit--PLANNING_GROUP-arrow\"]"}
COMMAND: POST /session/6ffaab40fa98d483ee9e695104b36872/element/f.CD9C86C2D64AD9F43056403335C8D92C.d.09FE4827AFC84D7C6C349389402B6DDA.e.1514/click - {}
RESULT: {}
COMMAND: POST /session/6ffaab40fa98d483ee9e695104b36872/execute/async - {"script":"<script> [1562 bytes]","args":[{"selector":{"controlType":"sap.m.StandardListItem","viewName":"reusables.view.manageresources.NewResourceUnit","viewId":"application-manageresources-display-component---newResourceUnit","properties":{"title":"Heavy Equi"},"searchOpenDialogs":true,"interaction":{"idSuffix":"content"}},"wdio_ui5_key":"reusablesview.manageresources.NewResourceUnitsap.m.StandardListItem{\"title\":\"Heavy Equi\"}"}]}
COMMAND: GET /session/6ffaab40fa98d483ee9e695104b36872/screenshot - {}
RESULT: {"script":"<script> [1562 bytes]","args":[{"selector":{"controlType":"sap.m.StandardListItem","viewName":"reusables.view.manageresources.NewResourceUnit","viewId":"application-manageresources-display-component---newResourceUnit","properties":{"title":"Heavy Equi"},"searchOpenDialogs":true,"interaction":{"idSuffix":"content"}},"wdio_ui5_key":"reusablesview.manageresources.NewResourceUnitsap.m.StandardListItem{\"title\":\"Heavy Equi\"}"}]}
RESULT: undefined
COMMAND: POST /session/6ffaab40fa98d483ee9e695104b36872/element - {"using":"xpath","value":"//*[@id=\"__item444\"]"}
RESULT: {}
RESULT: {"using":"xpath","value":"//*[@id=\"__item444\"]"}
COMMAND: POST /session/6ffaab40fa98d483ee9e695104b36872/element/f.CD9C86C2D64AD9F43056403335C8D92C.d.09FE4827AFC84D7C6C349389402B6DDA.e.1518/click - {}
RESULT: {}
COMMAND: GET /session/6ffaab40fa98d483ee9e695104b36872/screenshot - {}
RESULT: {}
COMMAND: POST /session/6ffaab40fa98d483ee9e695104b36872/execute/async - {"script":"<script> [1562 bytes]","args":[{"selector":{"id":"application-manageresources-display-component---newResourceUnit--PLANNING_INDICATOR-arrow"},"wdio_ui5_key":"applicationmanageresources-display-component---newResourceUnit--PLANNING_INDICATOR-arrow"}]}
RESULT: {"script":"<script> [1562 bytes]","args":[{"selector":{"id":"application-manageresources-display-component---newResourceUnit--PLANNING_INDICATOR-arrow"},"wdio_ui5_key":"applicationmanageresources-display-component---newResourceUnit--PLANNING_INDICATOR-arrow"}]}
RESULT: undefined
COMMAND: POST /session/6ffaab40fa98d483ee9e695104b36872/element - {"using":"xpath","value":"//*[@id=\"application-manageresources-display-component---newResourceUnit--PLANNING_INDICATOR-arrow\"]"}
RESULT: {"using":"xpath","value":"//*[@id=\"application-manageresources-display-component---newResourceUnit--PLANNING_INDICATOR-arrow\"]"}
COMMAND: POST /session/6ffaab40fa98d483ee9e695104b36872/element/f.CD9C86C2D64AD9F43056403335C8D92C.d.09FE4827AFC84D7C6C349389402B6DDA.e.1519/click - {}
RESULT: {}
COMMAND: POST /session/6ffaab40fa98d483ee9e695104b36872/execute/async - {"script":"<script> [1562 bytes]","args":[{"selector":{"controlType":"sap.m.StandardListItem","viewName":"reusables.view.manageresources.NewResourceUnit","viewId":"application-manageresources-display-component---newResourceUnit","properties":{"title":"10 - infinite"},"searchOpenDialogs":true,"interaction":{"idSuffix":"content"}},"wdio_ui5_key":"reusablesview.manageresources.NewResourceUnitsap.m.StandardListItem{\"title\":\"10 - infinite\"}"}]}
COMMAND: GET /session/6ffaab40fa98d483ee9e695104b36872/screenshot - {}
RESULT: {"script":"<script> [1562 bytes]","args":[{"selector":{"controlType":"sap.m.StandardListItem","viewName":"reusables.view.manageresources.NewResourceUnit","viewId":"application-manageresources-display-component---newResourceUnit","properties":{"title":"10 - infinite"},"searchOpenDialogs":true,"interaction":{"idSuffix":"content"}},"wdio_ui5_key":"reusablesview.manageresources.NewResourceUnitsap.m.StandardListItem{\"title\":\"10 - infinite\"}"}]}
RESULT: undefined
COMMAND: POST /session/6ffaab40fa98d483ee9e695104b36872/element - {"using":"xpath","value":"//*[@id=\"__item454\"]"}
RESULT: {}
RESULT: {"using":"xpath","value":"//*[@id=\"__item454\"]"}
COMMAND: POST /session/6ffaab40fa98d483ee9e695104b36872/element/f.CD9C86C2D64AD9F43056403335C8D92C.d.09FE4827AFC84D7C6C349389402B6DDA.e.1521/click - {}
RESULT: {}
COMMAND: GET /session/6ffaab40fa98d483ee9e695104b36872/screenshot - {}
RESULT: {}
COMMAND: POST /session/6ffaab40fa98d483ee9e695104b36872/element - {"using":"xpath","value":"//bdi[contains(text(), \"Time Segment\")]"}
RESULT: {"using":"xpath","value":"//bdi[contains(text(), \"Time Segment\")]"}
COMMAND: GET /session/6ffaab40fa98d483ee9e695104b36872/element/f.CD9C86C2D64AD9F43056403335C8D92C.d.09FE4827AFC84D7C6C349389402B6DDA.e.1522/rect - {}
RESULT: {}
COMMAND: GET /session/6ffaab40fa98d483ee9e695104b36872/window/rect - {}
RESULT: {}
COMMAND: POST /session/6ffaab40fa98d483ee9e695104b36872/execute/sync - {"script":"<script> [92 bytes]","args":[]}
RESULT: {"script":"<script> [92 bytes]","args":[]}
COMMAND: POST /session/6ffaab40fa98d483ee9e695104b36872/actions - {"actions":[{"id":"action5","type":"wheel","parameters":{},"actions":[{"type":"scroll","x":-1820,"y":-21,"deltaX":0,"deltaY":0,"duration":0,"origin":{"element-6066-11e4-a52e-4f735466cecf":"f.CD9C86C2D64AD9F43056403335C8D92C.d.09FE4827AFC84D7C6C349389402B6DDA.e.1522"}}]}]}
COMMAND: GET /session/6ffaab40fa98d483ee9e695104b36872/screenshot - {}
RESULT: {}
COMMAND: POST /session/6ffaab40fa98d483ee9e695104b36872/execute/sync - {"script":"<script> [79 bytes]","args":[{"element-6066-11e4-a52e-4f735466cecf":"f.CD9C86C2D64AD9F43056403335C8D92C.d.09FE4827AFC84D7C6C349389402B6DDA.e.1522","ELEMENT":"f.CD9C86C2D64AD9F43056403335C8D92C.d.09FE4827AFC84D7C6C349389402B6DDA.e.1522"},{"block":"start","inline":"nearest"}]}
RESULT: {"script":"<script> [79 bytes]","args":[{"element-6066-11e4-a52e-4f735466cecf":"f.CD9C86C2D64AD9F43056403335C8D92C.d.09FE4827AFC84D7C6C349389402B6DDA.e.1522","ELEMENT":"f.CD9C86C2D64AD9F43056403335C8D92C.d.09FE4827AFC84D7C6C349389402B6DDA.e.1522"},{"block":"start","inline":"nearest"}]}
COMMAND: GET /session/6ffaab40fa98d483ee9e695104b36872/screenshot - {}
RESULT: {}
COMMAND: POST /session/6ffaab40fa98d483ee9e695104b36872/element - {"using":"xpath","value":"//span[@id=\"application-manageresources-display-component---newResourceUnit--btnAddTimeSegment-img\"]"}
RESULT: {"using":"xpath","value":"//span[@id=\"application-manageresources-display-component---newResourceUnit--btnAddTimeSegment-img\"]"}
COMMAND: POST /session/6ffaab40fa98d483ee9e695104b36872/execute/sync - {"script":"<script> [8489 bytes]","args":[{"element-6066-11e4-a52e-4f735466cecf":"f.CD9C86C2D64AD9F43056403335C8D92C.d.09FE4827AFC84D7C6C349389402B6DDA.e.1525","ELEMENT":"f.CD9C86C2D64AD9F43056403335C8D92C.d.09FE4827AFC84D7C6C349389402B6DDA.e.1525"}]}
RESULT: {"script":"<script> [8489 bytes]","args":[{"element-6066-11e4-a52e-4f735466cecf":"f.CD9C86C2D64AD9F43056403335C8D92C.d.09FE4827AFC84D7C6C349389402B6DDA.e.1525","ELEMENT":"f.CD9C86C2D64AD9F43056403335C8D92C.d.09FE4827AFC84D7C6C349389402B6DDA.e.1525"}]}
COMMAND: POST /session/6ffaab40fa98d483ee9e695104b36872/element/f.CD9C86C2D64AD9F43056403335C8D92C.d.09FE4827AFC84D7C6C349389402B6DDA.e.1525/click - {}
COMMAND: GET /session/6ffaab40fa98d483ee9e695104b36872/screenshot - {}
RESULT: {}
COMMAND: GET /session/6ffaab40fa98d483ee9e695104b36872/screenshot - {}
COMMAND: POST /session/6ffaab40fa98d483ee9e695104b36872/element - {"using":"xpath","value":"//input[@id=\"application-manageresources-display-component---newResourceUnit--idRuTSAdmin-application-manageresources-display-component---newResourceUnit--RUTimeSegment-0-inner\"]"}
RESULT: {}
RESULT: {}
RESULT: {"using":"xpath","value":"//input[@id=\"application-manageresources-display-component---newResourceUnit--idRuTSAdmin-application-manageresources-display-component---newResourceUnit--RUTimeSegment-0-inner\"]"}
COMMAND: POST /session/6ffaab40fa98d483ee9e695104b36872/element/f.CD9C86C2D64AD9F43056403335C8D92C.d.09FE4827AFC84D7C6C349389402B6DDA.e.1528/clear - {}
RESULT: {}
COMMAND: POST /session/6ffaab40fa98d483ee9e695104b36872/element/f.CD9C86C2D64AD9F43056403335C8D92C.d.09FE4827AFC84D7C6C349389402B6DDA.e.1528/value - {"text":"WebdriverWHMYardgvnhx"}
COMMAND: GET /session/6ffaab40fa98d483ee9e695104b36872/screenshot - {}
RESULT: {"text":"WebdriverWHMYardgvnhx"}
COMMAND: GET /session/6ffaab40fa98d483ee9e695104b36872/screenshot - {}
RESULT: {}
RESULT: {}
COMMAND: POST /session/6ffaab40fa98d483ee9e695104b36872/actions - {"actions":[{"id":"action6","type":"key","parameters":{},"actions":[{"type":"keyDown","value":"î€‡"},{"type":"pause","duration":10},{"type":"keyUp","value":"î€‡"}]}]}
RESULT: {"actions":[{"id":"action6","type":"key","parameters":{},"actions":[{"type":"keyDown","value":"î€‡"},{"type":"pause","duration":10},{"type":"keyUp","value":"î€‡"}]}]}
COMMAND: GET /session/6ffaab40fa98d483ee9e695104b36872/screenshot - {}
RESULT: {}
COMMAND: POST /session/6ffaab40fa98d483ee9e695104b36872/execute/async - {"script":"<script> [1562 bytes]","args":[{"selector":{"controlType":"sap.m.Button","viewName":"reusables.view.manageresources.NewResourceUnit","viewId":"application-manageresources-display-component---newResourceUnit","i18NText":{"propertyName":"tooltip","key":"save"},"interaction":{"idSuffix":"BDI-content"}},"wdio_ui5_key":"reusablesview.manageresources.NewResourceUnitsap.m.Button{\"propertyName\":\"tooltip\",\"key\":\"save\"}"}]}
RESULT: {"script":"<script> [1562 bytes]","args":[{"selector":{"controlType":"sap.m.Button","viewName":"reusables.view.manageresources.NewResourceUnit","viewId":"application-manageresources-display-component---newResourceUnit","i18NText":{"propertyName":"tooltip","key":"save"},"interaction":{"idSuffix":"BDI-content"}},"wdio_ui5_key":"reusablesview.manageresources.NewResourceUnitsap.m.Button{\"propertyName\":\"tooltip\",\"key\":\"save\"}"}]}
RESULT: undefined
COMMAND: POST /session/6ffaab40fa98d483ee9e695104b36872/element - {"using":"xpath","value":"//*[@id=\"application-manageresources-display-component---newResourceUnit--createRuButton\"]"}
RESULT: {"using":"xpath","value":"//*[@id=\"application-manageresources-display-component---newResourceUnit--createRuButton\"]"}
COMMAND: POST /session/6ffaab40fa98d483ee9e695104b36872/element/f.CD9C86C2D64AD9F43056403335C8D92C.d.09FE4827AFC84D7C6C349389402B6DDA.e.1388/click - {}
RESULT: {}
COMMAND: GET /session/6ffaab40fa98d483ee9e695104b36872/screenshot - {}
RESULT: {}
COMMAND: POST /session/6ffaab40fa98d483ee9e695104b36872/execute/async - {"script":"<script> [1562 bytes]","args":[{"selector":{"controlType":"sap.m.Title","properties":{"text":"Success"},"searchOpenDialogs":true},"wdio_ui5_key":"sapm.Title{\"text\":\"Success\"}"}]}
RESULT: {"script":"<script> [1562 bytes]","args":[{"selector":{"controlType":"sap.m.Title","properties":{"text":"Success"},"searchOpenDialogs":true},"wdio_ui5_key":"sapm.Title{\"text\":\"Success\"}"}]}
RESULT: undefined
COMMAND: POST /session/6ffaab40fa98d483ee9e695104b36872/execute/async - {"script":"<script> [6424 bytes]","args":[{"element-6066-11e4-a52e-4f735466cecf":"f.CD9C86C2D64AD9F43056403335C8D92C.d.09FE4827AFC84D7C6C349389402B6DDA.e.1545"},"getText",[]]}
RESULT: {"script":"<script> [6424 bytes]","args":[{"element-6066-11e4-a52e-4f735466cecf":"f.CD9C86C2D64AD9F43056403335C8D92C.d.09FE4827AFC84D7C6C349389402B6DDA.e.1545"},"getText",[]]}
COMMAND: POST /session/6ffaab40fa98d483ee9e695104b36872/element - {"using":"xpath","value":"//*[contains(@id, '__text') and (contains(text(), 'successfully created') or contains(., 'successfully created'))]"}
RESULT: {"using":"xpath","value":"//*[contains(@id, '__text') and (contains(text(), 'successfully created') or contains(., 'successfully created'))]"}
COMMAND: GET /session/6ffaab40fa98d483ee9e695104b36872/element/f.CD9C86C2D64AD9F43056403335C8D92C.d.09FE4827AFC84D7C6C349389402B6DDA.e.1543/text - {}
RESULT: {}
COMMAND: POST /session/6ffaab40fa98d483ee9e695104b36872/execute/async - {"script":"<script> [1562 bytes]","args":[{"selector":{"controlType":"sap.m.Button","properties":{"text":"Close"},"searchOpenDialogs":true,"interaction":{"idSuffix":"BDI-content"}},"wdio_ui5_key":"sapm.Button{\"text\":\"Close\"}"}]}
RESULT: {"script":"<script> [1562 bytes]","args":[{"selector":{"controlType":"sap.m.Button","properties":{"text":"Close"},"searchOpenDialogs":true,"interaction":{"idSuffix":"BDI-content"}},"wdio_ui5_key":"sapm.Button{\"text\":\"Close\"}"}]}
RESULT: undefined
COMMAND: POST /session/6ffaab40fa98d483ee9e695104b36872/element - {"using":"xpath","value":"//*[@id=\"__mbox-btn-0\"]"}
RESULT: {"using":"xpath","value":"//*[@id=\"__mbox-btn-0\"]"}
COMMAND: POST /session/6ffaab40fa98d483ee9e695104b36872/element/f.CD9C86C2D64AD9F43056403335C8D92C.d.09FE4827AFC84D7C6C349389402B6DDA.e.1541/click - {}
RESULT: {}
COMMAND: GET /session/6ffaab40fa98d483ee9e695104b36872/screenshot - {}
RESULT: {}
COMMAND: POST /session/6ffaab40fa98d483ee9e695104b36872/execute/async - {"script":"<script> [1562 bytes]","args":[{"selector":{"controlType":"sap.ui.core.Icon","viewName":"etm.portal.ui.manageresources.view.Detail","viewId":"application-manageresources-display-component---detailRU","properties":{"src":{"regex":{"source":"overflow"}}}},"wdio_ui5_key":"etmportal.ui.manageresources.view.Detailsap.ui.core.Icon{\"src\":{\"regex\":{\"source\":\"overflow\"}}}"}]}
RESULT: {"script":"<script> [1562 bytes]","args":[{"selector":{"controlType":"sap.ui.core.Icon","viewName":"etm.portal.ui.manageresources.view.Detail","viewId":"application-manageresources-display-component---detailRU","properties":{"src":{"regex":{"source":"overflow"}}}},"wdio_ui5_key":"etmportal.ui.manageresources.view.Detailsap.ui.core.Icon{\"src\":{\"regex\":{\"source\":\"overflow\"}}}"}]}
RESULT: undefined
COMMAND: POST /session/6ffaab40fa98d483ee9e695104b36872/element - {"using":"xpath","value":"//*[@id=\"__title18-_actionsToolbar-overflowButton-img\"]"}
RESULT: {"using":"xpath","value":"//*[@id=\"__title18-_actionsToolbar-overflowButton-img\"]"}
COMMAND: POST /session/6ffaab40fa98d483ee9e695104b36872/element/f.CD9C86C2D64AD9F43056403335C8D92C.d.09FE4827AFC84D7C6C349389402B6DDA.e.1579/click - {}
RESULT: {}
COMMAND: POST /session/6ffaab40fa98d483ee9e695104b36872/execute/async - {"script":"<script> [1562 bytes]","args":[{"selector":{"controlType":"sap.m.Button","viewName":"etm.portal.ui.manageresources.view.Detail","viewId":"application-manageresources-display-component---detailRU","i18NText":{"propertyName":"tooltip","key":"closeColumn"},"searchOpenDialogs":true,"interaction":{"idSuffix":"inner"}},"wdio_ui5_key":"etmportal.ui.manageresources.view.Detailsap.m.Button{\"propertyName\":\"tooltip\",\"key\":\"closeColumn\"}"}]}
COMMAND: GET /session/6ffaab40fa98d483ee9e695104b36872/screenshot - {}
RESULT: {"script":"<script> [1562 bytes]","args":[{"selector":{"controlType":"sap.m.Button","viewName":"etm.portal.ui.manageresources.view.Detail","viewId":"application-manageresources-display-component---detailRU","i18NText":{"propertyName":"tooltip","key":"closeColumn"},"searchOpenDialogs":true,"interaction":{"idSuffix":"inner"}},"wdio_ui5_key":"etmportal.ui.manageresources.view.Detailsap.m.Button{\"propertyName\":\"tooltip\",\"key\":\"closeColumn\"}"}]}
RESULT: undefined
COMMAND: POST /session/6ffaab40fa98d483ee9e695104b36872/element - {"using":"xpath","value":"//*[@id=\"__button51\"]"}
RESULT: {}
RESULT: {"using":"xpath","value":"//*[@id=\"__button51\"]"}
COMMAND: POST /session/6ffaab40fa98d483ee9e695104b36872/element/f.CD9C86C2D64AD9F43056403335C8D92C.d.09FE4827AFC84D7C6C349389402B6DDA.e.1581/click - {}
RESULT: {}
COMMAND: GET /session/6ffaab40fa98d483ee9e695104b36872/screenshot - {}
RESULT: {}
COMMAND: POST /session/6ffaab40fa98d483ee9e695104b36872/refresh - {}
RESULT: {}
COMMAND: GET /session/6ffaab40fa98d483ee9e695104b36872/screenshot - {}
RESULT: {}
COMMAND: POST /session/6ffaab40fa98d483ee9e695104b36872/execute/async - {"script":"<script> [189 bytes]","args":[]}
RESULT: {"script":"<script> [189 bytes]","args":[]}
COMMAND: POST /session/6ffaab40fa98d483ee9e695104b36872/execute/async - {"script":"<script> [123 bytes]","args":[]}
RESULT: {"script":"<script> [123 bytes]","args":[]}
COMMAND: POST /session/6ffaab40fa98d483ee9e695104b36872/timeouts - {"script":"<number>"}
RESULT: {"script":"<number>"}
COMMAND: GET /session/6ffaab40fa98d483ee9e695104b36872/timeouts - {}
RESULT: {}
RESULT: undefined
COMMAND: POST /session/6ffaab40fa98d483ee9e695104b36872/execute/async - {"script":"<script> [2676 bytes]","args":[]}
RESULT: {"script":"<script> [2676 bytes]","args":[]}
COMMAND: POST /session/6ffaab40fa98d483ee9e695104b36872/execute/async - {"script":"<script> [2342 bytes]","args":[{"protocol":"http","hostname":"0.0.0.0","path":"/","capabilities":{"browserName":"chrome","goog:chromeOptions":{"binary":"C:\\Program Files\\Google\\Chrome\\Application\\chrome.exe","args":["--start-maximized"]}},"logLevel":"warn","connectionRetryTimeout":120000,"connectionRetryCount":3,"logLevels":{},"enableDirectConnect":true,"strictSSL":true,"_":"65 more keys: [\"cacheDir\",\"port\",\"requestedCapabilities\",\"automationProtocol\",\"baseUrl\",\"waitforInterval\",\"waitforTimeout\",\"onReload\",\"beforeCommand\",\"afterCommand\",\"rootDir\",\"specs\",\"suites\",\"exclude\",\"groupLogsByTestSpec\",\"excludeDriverLogs\",\"bail\",\"framework\",\"reporters\",\"services\",\"maxInstances\",\"maxInstancesPerCapability\",\"injectGlobals\",\"filesToWatch\",\"execArgv\",\"runnerEnv\",\"runner\",\"shard\",\"specFileRetries\",\"specFileRetriesDelay\",\"specFileRetriesDeferred\",\"reporterSyncInterval\",\"reporterSyncTimeout\",\"cucumberFeaturesWithLineNumbers\",\"autoCompileOpts\",\"mochaOpts\",\"jasmineOpts\",\"cucumberOpts\",\"onPrepare\",\"onWorkerStart\",\"onWorkerEnd\",\"before\",\"beforeSession\",\"beforeSuite\",\"beforeHook\",\"beforeTest\",\"afterTest\",\"afterHook\",\"afterSuite\",\"afterSession\",\"after\",\"onComplete\",\"beforeAssertion\",\"afterAssertion\",\"beforeFeature\",\"beforeScenario\",\"beforeStep\",\"afterStep\",\"afterScenario\",\"afterFeature\",\"_\",\"suite\",\"$0\",\"ignoredWorkerServices\",\"wdi5\"]"}]}
RESULT: {"script":"<script> [2342 bytes]","args":[{"protocol":"http","hostname":"0.0.0.0","path":"/","capabilities":{"browserName":"chrome","goog:chromeOptions":{"binary":"C:\\Program Files\\Google\\Chrome\\Application\\chrome.exe","args":["--start-maximized"]}},"logLevel":"warn","connectionRetryTimeout":120000,"connectionRetryCount":3,"logLevels":{},"enableDirectConnect":true,"strictSSL":true,"_":"65 more keys: [\"cacheDir\",\"port\",\"requestedCapabilities\",\"automationProtocol\",\"baseUrl\",\"waitforInterval\",\"waitforTimeout\",\"onReload\",\"beforeCommand\",\"afterCommand\",\"rootDir\",\"specs\",\"suites\",\"exclude\",\"groupLogsByTestSpec\",\"excludeDriverLogs\",\"bail\",\"framework\",\"reporters\",\"services\",\"maxInstances\",\"maxInstancesPerCapability\",\"injectGlobals\",\"filesToWatch\",\"execArgv\",\"runnerEnv\",\"runner\",\"shard\",\"specFileRetries\",\"specFileRetriesDelay\",\"specFileRetriesDeferred\",\"reporterSyncInterval\",\"reporterSyncTimeout\",\"cucumberFeaturesWithLineNumbers\",\"autoCompileOpts\",\"mochaOpts\",\"jasmineOpts\",\"cucumberOpts\",\"onPrepare\",\"onWorkerStart\",\"onWorkerEnd\",\"before\",\"beforeSession\",\"beforeSuite\",\"beforeHook\",\"beforeTest\",\"afterTest\",\"afterHook\",\"afterSuite\",\"afterSession\",\"after\",\"onComplete\",\"beforeAssertion\",\"afterAssertion\",\"beforeFeature\",\"beforeScenario\",\"beforeStep\",\"afterStep\",\"afterScenario\",\"afterFeature\",\"_\",\"suite\",\"$0\",\"ignoredWorkerServices\",\"wdi5\"]"}]}
COMMAND: POST /session/6ffaab40fa98d483ee9e695104b36872/execute/async - {"script":"<script> [21126 bytes]","args":[35000]}
RESULT: {"script":"<script> [21126 bytes]","args":[35000]}
COMMAND: POST /session/6ffaab40fa98d483ee9e695104b36872/element - {"using":"css selector","value":"#shell-header-logo"}
RESULT: {"using":"css selector","value":"#shell-header-logo"}
COMMAND: POST /session/6ffaab40fa98d483ee9e695104b36872/element/f.CD9C86C2D64AD9F43056403335C8D92C.d.A1F2AEE3721387334803C9AA555C28AD.e.1685/click - {}
RESULT: {}
COMMAND: GET /session/6ffaab40fa98d483ee9e695104b36872/screenshot - {}
RESULT: {}
COMMAND: POST /session/6ffaab40fa98d483ee9e695104b36872/element - {"using":"css selector","value":"#shell-header-logo"}
RESULT: {"using":"css selector","value":"#shell-header-logo"}
COMMAND: POST /session/6ffaab40fa98d483ee9e695104b36872/element/f.CD9C86C2D64AD9F43056403335C8D92C.d.A1F2AEE3721387334803C9AA555C28AD.e.1863/click - {}
RESULT: {}
COMMAND: GET /session/6ffaab40fa98d483ee9e695104b36872/screenshot - {}
RESULT: {}
]]></system-out>
    </testcase>
    <testcase classname="chrome.136_0_7103_93.windows.Warehouse_movements_inventory_test" name="Should do a stock increase handover" time="84.402">
      <system-out><![CDATA[
COMMAND: POST /session/6ffaab40fa98d483ee9e695104b36872/execute/async - {"script":"<script> [1562 bytes]","args":[{"selector":{"controlType":"sap.m.GenericTile","properties":{"header":"Manage Handovers"}},"wdio_ui5_key":"sapm.GenericTile{\"header\":\"Manage Handovers\"}"}]}
RESULT: {"script":"<script> [1562 bytes]","args":[{"selector":{"controlType":"sap.m.GenericTile","properties":{"header":"Manage Handovers"}},"wdio_ui5_key":"sapm.GenericTile{\"header\":\"Manage Handovers\"}"}]}
RESULT: undefined
COMMAND: POST /session/6ffaab40fa98d483ee9e695104b36872/element - {"using":"xpath","value":"//*[@id=\"__tile131\"]"}
RESULT: {"using":"xpath","value":"//*[@id=\"__tile131\"]"}
COMMAND: POST /session/6ffaab40fa98d483ee9e695104b36872/element/f.CD9C86C2D64AD9F43056403335C8D92C.d.A1F2AEE3721387334803C9AA555C28AD.e.1872/click - {}
RESULT: {}
COMMAND: GET /session/6ffaab40fa98d483ee9e695104b36872/screenshot - {}
RESULT: {}
COMMAND: POST /session/6ffaab40fa98d483ee9e695104b36872/elements - {"using":"xpath","value":"//span[text()='Error']"}
RESULT: {"using":"xpath","value":"//span[text()='Error']"}
COMMAND: POST /session/6ffaab40fa98d483ee9e695104b36872/element - {"using":"xpath","value":"//button[(@data-kt = 'masterHOAddButton')]"}
RESULT: {"using":"xpath","value":"//button[(@data-kt = 'masterHOAddButton')]"}
COMMAND: POST /session/6ffaab40fa98d483ee9e695104b36872/element/f.CD9C86C2D64AD9F43056403335C8D92C.d.A1F2AEE3721387334803C9AA555C28AD.e.1912/click - {}
RESULT: {}
COMMAND: GET /session/6ffaab40fa98d483ee9e695104b36872/screenshot - {}
RESULT: {}
COMMAND: POST /session/6ffaab40fa98d483ee9e695104b36872/element - {"using":"xpath","value":"//span[contains(@id ,\"AddNewHO--typeSelect-arrow\")]"}
RESULT: {"using":"xpath","value":"//span[contains(@id ,\"AddNewHO--typeSelect-arrow\")]"}
COMMAND: POST /session/6ffaab40fa98d483ee9e695104b36872/element/f.CD9C86C2D64AD9F43056403335C8D92C.d.A1F2AEE3721387334803C9AA555C28AD.e.2190/click - {}
RESULT: {}
COMMAND: POST /session/6ffaab40fa98d483ee9e695104b36872/element - {"using":"xpath","value":"(//li[contains(text(), \"stock increase yard\")])[1]"}
COMMAND: GET /session/6ffaab40fa98d483ee9e695104b36872/screenshot - {}
RESULT: {"using":"xpath","value":"(//li[contains(text(), \"stock increase yard\")])[1]"}
COMMAND: POST /session/6ffaab40fa98d483ee9e695104b36872/element/f.CD9C86C2D64AD9F43056403335C8D92C.d.A1F2AEE3721387334803C9AA555C28AD.e.2191/click - {}
RESULT: {}
RESULT: {}
COMMAND: GET /session/6ffaab40fa98d483ee9e695104b36872/screenshot - {}
RESULT: {}
COMMAND: POST /session/6ffaab40fa98d483ee9e695104b36872/execute/async - {"script":"<script> [1562 bytes]","args":[{"selector":{"id":"application-managehandovers-display-component---AddNewHO--dueDate","interaction":{"idSuffix":"inner"}},"wdio_ui5_key":"applicationmanagehandovers-display-component---AddNewHO--dueDate"}]}
RESULT: {"script":"<script> [1562 bytes]","args":[{"selector":{"id":"application-managehandovers-display-component---AddNewHO--dueDate","interaction":{"idSuffix":"inner"}},"wdio_ui5_key":"applicationmanagehandovers-display-component---AddNewHO--dueDate"}]}
RESULT: undefined
COMMAND: POST /session/6ffaab40fa98d483ee9e695104b36872/execute/async - {"script":"<script> [6424 bytes]","args":[{"element-6066-11e4-a52e-4f735466cecf":"f.CD9C86C2D64AD9F43056403335C8D92C.d.A1F2AEE3721387334803C9AA555C28AD.e.2195"},"setValue",["6/02/25"]]}
RESULT: {"script":"<script> [6424 bytes]","args":[{"element-6066-11e4-a52e-4f735466cecf":"f.CD9C86C2D64AD9F43056403335C8D92C.d.A1F2AEE3721387334803C9AA555C28AD.e.2195"},"setValue",["6/02/25"]]}
COMMAND: POST /session/6ffaab40fa98d483ee9e695104b36872/element - {"using":"xpath","value":"//input[@id=\"generalSectionFrg--receiveYard-inner\"]"}
RESULT: {"using":"xpath","value":"//input[@id=\"generalSectionFrg--receiveYard-inner\"]"}
COMMAND: POST /session/6ffaab40fa98d483ee9e695104b36872/element/f.CD9C86C2D64AD9F43056403335C8D92C.d.A1F2AEE3721387334803C9AA555C28AD.e.2201/clear - {}
RESULT: {}
COMMAND: POST /session/6ffaab40fa98d483ee9e695104b36872/element/f.CD9C86C2D64AD9F43056403335C8D92C.d.A1F2AEE3721387334803C9AA555C28AD.e.2201/value - {"text":"WebdriverWHMYardgvnhx"}
COMMAND: GET /session/6ffaab40fa98d483ee9e695104b36872/screenshot - {}
RESULT: {"text":"WebdriverWHMYardgvnhx"}
COMMAND: GET /session/6ffaab40fa98d483ee9e695104b36872/screenshot - {}
RESULT: {}
RESULT: {}
COMMAND: POST /session/6ffaab40fa98d483ee9e695104b36872/execute/async - {"script":"<script> [1562 bytes]","args":[{"selector":{"id":"application-managehandovers-display-component---AddNewHO--ObjectPageLayout-anchBar-application-managehandovers-display-component---AddNewHO--section4-anchor","interaction":{"idSuffix":"BDI-content"}},"wdio_ui5_key":"applicationmanagehandovers-display-component---AddNewHO--ObjectPageLayout-anchBar-application-managehandovers-display-component---AddNewHO--section4-anchor"}]}
RESULT: {"script":"<script> [1562 bytes]","args":[{"selector":{"id":"application-managehandovers-display-component---AddNewHO--ObjectPageLayout-anchBar-application-managehandovers-display-component---AddNewHO--section4-anchor","interaction":{"idSuffix":"BDI-content"}},"wdio_ui5_key":"applicationmanagehandovers-display-component---AddNewHO--ObjectPageLayout-anchBar-application-managehandovers-display-component---AddNewHO--section4-anchor"}]}
RESULT: undefined
COMMAND: POST /session/6ffaab40fa98d483ee9e695104b36872/element - {"using":"xpath","value":"//*[@id=\"application-managehandovers-display-component---AddNewHO--ObjectPageLayout-anchBar-application-managehandovers-display-component---AddNewHO--section4-anchor\"]"}
RESULT: {"using":"xpath","value":"//*[@id=\"application-managehandovers-display-component---AddNewHO--ObjectPageLayout-anchBar-application-managehandovers-display-component---AddNewHO--section4-anchor\"]"}
COMMAND: POST /session/6ffaab40fa98d483ee9e695104b36872/element/f.CD9C86C2D64AD9F43056403335C8D92C.d.A1F2AEE3721387334803C9AA555C28AD.e.2220/click - {}
RESULT: {}
COMMAND: GET /session/6ffaab40fa98d483ee9e695104b36872/screenshot - {}
RESULT: {}
COMMAND: POST /session/6ffaab40fa98d483ee9e695104b36872/element - {"using":"xpath","value":"//button[@aria-label=\"Add\"]"}
RESULT: {"using":"xpath","value":"//button[@aria-label=\"Add\"]"}
COMMAND: POST /session/6ffaab40fa98d483ee9e695104b36872/element/f.CD9C86C2D64AD9F43056403335C8D92C.d.A1F2AEE3721387334803C9AA555C28AD.e.2224/click - {}
RESULT: {}
COMMAND: GET /session/6ffaab40fa98d483ee9e695104b36872/screenshot - {}
RESULT: {}
COMMAND: POST /session/6ffaab40fa98d483ee9e695104b36872/execute/async - {"script":"<script> [1562 bytes]","args":[{"selector":{"id":"application-managehandovers-display-component---AddNewHO--smartFilterBar-btnBasicSearch","searchOpenDialogs":true,"interaction":{"idSuffix":"I"}},"wdio_ui5_key":"applicationmanagehandovers-display-component---AddNewHO--smartFilterBar-btnBasicSearch"}]}
RESULT: {"script":"<script> [1562 bytes]","args":[{"selector":{"id":"application-managehandovers-display-component---AddNewHO--smartFilterBar-btnBasicSearch","searchOpenDialogs":true,"interaction":{"idSuffix":"I"}},"wdio_ui5_key":"applicationmanagehandovers-display-component---AddNewHO--smartFilterBar-btnBasicSearch"}]}
RESULT: undefined
COMMAND: POST /session/6ffaab40fa98d483ee9e695104b36872/execute/async - {"script":"<script> [776 bytes]","args":[{"enterText":"WebdriverMatTest5eybc","selector":{"id":"application-managehandovers-display-component---AddNewHO--smartFilterBar-btnBasicSearch","searchOpenDialogs":true,"interaction":{"idSuffix":"I"}},"clearTextFirst":true,"interactionType":"ENTER_TEXT"}]}
RESULT: {"script":"<script> [776 bytes]","args":[{"enterText":"WebdriverMatTest5eybc","selector":{"id":"application-managehandovers-display-component---AddNewHO--smartFilterBar-btnBasicSearch","searchOpenDialogs":true,"interaction":{"idSuffix":"I"}},"clearTextFirst":true,"interactionType":"ENTER_TEXT"}]}
COMMAND: POST /session/6ffaab40fa98d483ee9e695104b36872/actions - {"actions":[{"id":"action7","type":"key","parameters":{},"actions":[{"type":"keyDown","value":"î€‡"},{"type":"pause","duration":10},{"type":"keyUp","value":"î€‡"}]}]}
RESULT: {"actions":[{"id":"action7","type":"key","parameters":{},"actions":[{"type":"keyDown","value":"î€‡"},{"type":"pause","duration":10},{"type":"keyUp","value":"î€‡"}]}]}
COMMAND: POST /session/6ffaab40fa98d483ee9e695104b36872/execute/async - {"script":"<script> [1562 bytes]","args":[{"selector":{"id":"application-managehandovers-display-component---AddNewHO--popup-sa","searchOpenDialogs":true,"interaction":{"idSuffix":"CbBg"}},"wdio_ui5_key":"applicationmanagehandovers-display-component---AddNewHO--popup-sa"}]}
COMMAND: GET /session/6ffaab40fa98d483ee9e695104b36872/screenshot - {}
RESULT: {"script":"<script> [1562 bytes]","args":[{"selector":{"id":"application-managehandovers-display-component---AddNewHO--popup-sa","searchOpenDialogs":true,"interaction":{"idSuffix":"CbBg"}},"wdio_ui5_key":"applicationmanagehandovers-display-component---AddNewHO--popup-sa"}]}
RESULT: undefined
COMMAND: POST /session/6ffaab40fa98d483ee9e695104b36872/element - {"using":"xpath","value":"//*[@id=\"application-managehandovers-display-component---AddNewHO--popup-sa\"]"}
RESULT: {}
RESULT: {"using":"xpath","value":"//*[@id=\"application-managehandovers-display-component---AddNewHO--popup-sa\"]"}
COMMAND: POST /session/6ffaab40fa98d483ee9e695104b36872/element/f.CD9C86C2D64AD9F43056403335C8D92C.d.A1F2AEE3721387334803C9AA555C28AD.e.2378/click - {}
RESULT: {}
COMMAND: GET /session/6ffaab40fa98d483ee9e695104b36872/screenshot - {}
RESULT: {}
COMMAND: POST /session/6ffaab40fa98d483ee9e695104b36872/element - {"using":"xpath","value":"//bdi[contains(text(), \"Select\")]"}
RESULT: {"using":"xpath","value":"//bdi[contains(text(), \"Select\")]"}
COMMAND: POST /session/6ffaab40fa98d483ee9e695104b36872/element/f.CD9C86C2D64AD9F43056403335C8D92C.d.A1F2AEE3721387334803C9AA555C28AD.e.2379/click - {}
RESULT: {}
COMMAND: GET /session/6ffaab40fa98d483ee9e695104b36872/screenshot - {}
RESULT: {}
COMMAND: POST /session/6ffaab40fa98d483ee9e695104b36872/element - {"using":"xpath","value":"//button[@data-kt=\"AddNewHOSaveButton\"]"}
RESULT: {"using":"xpath","value":"//button[@data-kt=\"AddNewHOSaveButton\"]"}
COMMAND: POST /session/6ffaab40fa98d483ee9e695104b36872/element/f.CD9C86C2D64AD9F43056403335C8D92C.d.A1F2AEE3721387334803C9AA555C28AD.e.2383/click - {}
RESULT: {}
COMMAND: GET /session/6ffaab40fa98d483ee9e695104b36872/screenshot - {}
RESULT: {}
COMMAND: POST /session/6ffaab40fa98d483ee9e695104b36872/execute/async - {"script":"<script> [1562 bytes]","args":[{"selector":{"id":"receiptDatePicker","viewName":"etm.portal.ui.managehandovers.view.DetailExecuteHO","interaction":{"idSuffix":"inner"}},"wdio_ui5_key":"receiptDatePickeretmportal.ui.managehandovers.view.DetailExecuteHO"}]}
RESULT: {"script":"<script> [1562 bytes]","args":[{"selector":{"id":"receiptDatePicker","viewName":"etm.portal.ui.managehandovers.view.DetailExecuteHO","interaction":{"idSuffix":"inner"}},"wdio_ui5_key":"receiptDatePickeretmportal.ui.managehandovers.view.DetailExecuteHO"}]}
RESULT: undefined
COMMAND: POST /session/6ffaab40fa98d483ee9e695104b36872/execute/async - {"script":"<script> [6424 bytes]","args":[{"element-6066-11e4-a52e-4f735466cecf":"f.CD9C86C2D64AD9F43056403335C8D92C.d.A1F2AEE3721387334803C9AA555C28AD.e.2410"},"setValue",["6/02/25"]]}
RESULT: {"script":"<script> [6424 bytes]","args":[{"element-6066-11e4-a52e-4f735466cecf":"f.CD9C86C2D64AD9F43056403335C8D92C.d.A1F2AEE3721387334803C9AA555C28AD.e.2410"},"setValue",["6/02/25"]]}
COMMAND: POST /session/6ffaab40fa98d483ee9e695104b36872/element - {"using":"xpath","value":"//button[@data-kt=\"ReceivingTableConfirmAllButton\"]"}
RESULT: {"using":"xpath","value":"//button[@data-kt=\"ReceivingTableConfirmAllButton\"]"}
COMMAND: POST /session/6ffaab40fa98d483ee9e695104b36872/element/f.CD9C86C2D64AD9F43056403335C8D92C.d.A1F2AEE3721387334803C9AA555C28AD.e.2428/click - {}
RESULT: {}
COMMAND: GET /session/6ffaab40fa98d483ee9e695104b36872/screenshot - {}
RESULT: {}
COMMAND: POST /session/6ffaab40fa98d483ee9e695104b36872/element - {"using":"xpath","value":"//bdi[contains(text(), \"OK\")]"}
RESULT: {"using":"xpath","value":"//bdi[contains(text(), \"OK\")]"}
COMMAND: POST /session/6ffaab40fa98d483ee9e695104b36872/element/f.CD9C86C2D64AD9F43056403335C8D92C.d.A1F2AEE3721387334803C9AA555C28AD.e.2431/click - {}
RESULT: {}
COMMAND: GET /session/6ffaab40fa98d483ee9e695104b36872/screenshot - {}
RESULT: {}
COMMAND: POST /session/6ffaab40fa98d483ee9e695104b36872/element - {"using":"xpath","value":"(//bdi[contains(text(), \"Receive\")])[2]"}
RESULT: {"using":"xpath","value":"(//bdi[contains(text(), \"Receive\")])[2]"}
COMMAND: POST /session/6ffaab40fa98d483ee9e695104b36872/element/f.CD9C86C2D64AD9F43056403335C8D92C.d.A1F2AEE3721387334803C9AA555C28AD.e.2432/click - {}
RESULT: {}
COMMAND: GET /session/6ffaab40fa98d483ee9e695104b36872/screenshot - {}
RESULT: {}
COMMAND: POST /session/6ffaab40fa98d483ee9e695104b36872/element - {"using":"css selector","value":"#shell-header-logo"}
RESULT: {"using":"css selector","value":"#shell-header-logo"}
COMMAND: POST /session/6ffaab40fa98d483ee9e695104b36872/element/f.CD9C86C2D64AD9F43056403335C8D92C.d.A1F2AEE3721387334803C9AA555C28AD.e.1863/click - {}
RESULT: {}
COMMAND: GET /session/6ffaab40fa98d483ee9e695104b36872/screenshot - {}
RESULT: {}
]]></system-out>
    </testcase>
    <testcase classname="chrome.136_0_7103_93.windows.Warehouse_movements_inventory_test" name="Verify the warehouse movement" time="56.137">
      <system-out><![CDATA[
COMMAND: POST /session/6ffaab40fa98d483ee9e695104b36872/execute/async - {"script":"<script> [1562 bytes]","args":[{"selector":{"controlType":"sap.m.GenericTile","properties":{"header":"Manage Warehouse Movements"}},"wdio_ui5_key":"sapm.GenericTile{\"header\":\"Manage Warehouse Movements\"}"}]}
RESULT: {"script":"<script> [1562 bytes]","args":[{"selector":{"controlType":"sap.m.GenericTile","properties":{"header":"Manage Warehouse Movements"}},"wdio_ui5_key":"sapm.GenericTile{\"header\":\"Manage Warehouse Movements\"}"}]}
RESULT: undefined
COMMAND: POST /session/6ffaab40fa98d483ee9e695104b36872/element - {"using":"xpath","value":"//*[@id=\"__tile105\"]"}
RESULT: {"using":"xpath","value":"//*[@id=\"__tile105\"]"}
COMMAND: POST /session/6ffaab40fa98d483ee9e695104b36872/element/f.CD9C86C2D64AD9F43056403335C8D92C.d.A1F2AEE3721387334803C9AA555C28AD.e.2580/click - {}
RESULT: {}
COMMAND: GET /session/6ffaab40fa98d483ee9e695104b36872/screenshot - {}
RESULT: {}
COMMAND: POST /session/6ffaab40fa98d483ee9e695104b36872/elements - {"using":"xpath","value":"//span[text()='Error']"}
RESULT: {"using":"xpath","value":"//span[text()='Error']"}
COMMAND: POST /session/6ffaab40fa98d483ee9e695104b36872/execute/async - {"script":"<script> [1562 bytes]","args":[{"selector":{"id":"application-warehousemovements-display-component---warehouseMovements--smartFilterBar-filterItemControl_BASIC-YARD-vhi"},"wdio_ui5_key":"applicationwarehousemovements-display-component---warehouseMovements--smartFilterBar-filterItemControl_BASIC-YARD-vhi"}]}
RESULT: {"script":"<script> [1562 bytes]","args":[{"selector":{"id":"application-warehousemovements-display-component---warehouseMovements--smartFilterBar-filterItemControl_BASIC-YARD-vhi"},"wdio_ui5_key":"applicationwarehousemovements-display-component---warehouseMovements--smartFilterBar-filterItemControl_BASIC-YARD-vhi"}]}
RESULT: undefined
COMMAND: POST /session/6ffaab40fa98d483ee9e695104b36872/element - {"using":"xpath","value":"//*[@id=\"application-warehousemovements-display-component---warehouseMovements--smartFilterBar-filterItemControl_BASIC-YARD-vhi\"]"}
RESULT: {"using":"xpath","value":"//*[@id=\"application-warehousemovements-display-component---warehouseMovements--smartFilterBar-filterItemControl_BASIC-YARD-vhi\"]"}
COMMAND: POST /session/6ffaab40fa98d483ee9e695104b36872/element/f.CD9C86C2D64AD9F43056403335C8D92C.d.A1F2AEE3721387334803C9AA555C28AD.e.2670/click - {}
RESULT: {}
COMMAND: GET /session/6ffaab40fa98d483ee9e695104b36872/screenshot - {}
RESULT: {}
COMMAND: POST /session/6ffaab40fa98d483ee9e695104b36872/execute/async - {"script":"<script> [1562 bytes]","args":[{"selector":{"id":"application-warehousemovements-display-component---warehouseMovements--smartFilterBar-filterItemControl_BASIC-YARD-valueHelpDialog-smartFilterBar-btnBasicSearch","searchOpenDialogs":true,"interaction":{"idSuffix":"I"}},"wdio_ui5_key":"applicationwarehousemovements-display-component---warehouseMovements--smartFilterBar-filterItemControl_BASIC-YARD-valueHelpDialog-smartFilterBar-btnBasicSearch"}]}
RESULT: {"script":"<script> [1562 bytes]","args":[{"selector":{"id":"application-warehousemovements-display-component---warehouseMovements--smartFilterBar-filterItemControl_BASIC-YARD-valueHelpDialog-smartFilterBar-btnBasicSearch","searchOpenDialogs":true,"interaction":{"idSuffix":"I"}},"wdio_ui5_key":"applicationwarehousemovements-display-component---warehouseMovements--smartFilterBar-filterItemControl_BASIC-YARD-valueHelpDialog-smartFilterBar-btnBasicSearch"}]}
RESULT: undefined
COMMAND: POST /session/6ffaab40fa98d483ee9e695104b36872/execute/async - {"script":"<script> [776 bytes]","args":[{"enterText":"WebdriverWHMYardgvnhx","selector":{"id":"application-warehousemovements-display-component---warehouseMovements--smartFilterBar-filterItemControl_BASIC-YARD-valueHelpDialog-smartFilterBar-btnBasicSearch","searchOpenDialogs":true,"interaction":{"idSuffix":"I"}},"clearTextFirst":true,"interactionType":"ENTER_TEXT"}]}
RESULT: {"script":"<script> [776 bytes]","args":[{"enterText":"WebdriverWHMYardgvnhx","selector":{"id":"application-warehousemovements-display-component---warehouseMovements--smartFilterBar-filterItemControl_BASIC-YARD-valueHelpDialog-smartFilterBar-btnBasicSearch","searchOpenDialogs":true,"interaction":{"idSuffix":"I"}},"clearTextFirst":true,"interactionType":"ENTER_TEXT"}]}
COMMAND: POST /session/6ffaab40fa98d483ee9e695104b36872/actions - {"actions":[{"id":"action8","type":"key","parameters":{},"actions":[{"type":"keyDown","value":"î€‡"},{"type":"pause","duration":10},{"type":"keyUp","value":"î€‡"}]}]}
RESULT: {"actions":[{"id":"action8","type":"key","parameters":{},"actions":[{"type":"keyDown","value":"î€‡"},{"type":"pause","duration":10},{"type":"keyUp","value":"î€‡"}]}]}
COMMAND: GET /session/6ffaab40fa98d483ee9e695104b36872/screenshot - {}
RESULT: {}
COMMAND: POST /session/6ffaab40fa98d483ee9e695104b36872/element - {"using":"xpath","value":"//div[@id='application-warehousemovements-display-component---warehouseMovements--smartFilterBar-filterItemControl_BASIC-YARD-valueHelpDialog-table-rowsel0']"}
RESULT: {"using":"xpath","value":"//div[@id='application-warehousemovements-display-component---warehouseMovements--smartFilterBar-filterItemControl_BASIC-YARD-valueHelpDialog-table-rowsel0']"}
COMMAND: POST /session/6ffaab40fa98d483ee9e695104b36872/element/f.CD9C86C2D64AD9F43056403335C8D92C.d.A1F2AEE3721387334803C9AA555C28AD.e.2680/click - {}
RESULT: {}
COMMAND: POST /session/6ffaab40fa98d483ee9e695104b36872/execute/async - {"script":"<script> [1562 bytes]","args":[{"selector":{"id":"application-warehousemovements-display-component---warehouseMovements--smartFilterBar-filterItemControl_BASIC-YARD-valueHelpDialog-ok","searchOpenDialogs":true,"interaction":{"idSuffix":"BDI-content"}},"wdio_ui5_key":"applicationwarehousemovements-display-component---warehouseMovements--smartFilterBar-filterItemControl_BASIC-YARD-valueHelpDialog-ok"}]}
COMMAND: GET /session/6ffaab40fa98d483ee9e695104b36872/screenshot - {}
RESULT: {"script":"<script> [1562 bytes]","args":[{"selector":{"id":"application-warehousemovements-display-component---warehouseMovements--smartFilterBar-filterItemControl_BASIC-YARD-valueHelpDialog-ok","searchOpenDialogs":true,"interaction":{"idSuffix":"BDI-content"}},"wdio_ui5_key":"applicationwarehousemovements-display-component---warehouseMovements--smartFilterBar-filterItemControl_BASIC-YARD-valueHelpDialog-ok"}]}
RESULT: undefined
COMMAND: POST /session/6ffaab40fa98d483ee9e695104b36872/element - {"using":"xpath","value":"//*[@id=\"application-warehousemovements-display-component---warehouseMovements--smartFilterBar-filterItemControl_BASIC-YARD-valueHelpDialog-ok\"]"}
RESULT: {}
RESULT: {"using":"xpath","value":"//*[@id=\"application-warehousemovements-display-component---warehouseMovements--smartFilterBar-filterItemControl_BASIC-YARD-valueHelpDialog-ok\"]"}
COMMAND: POST /session/6ffaab40fa98d483ee9e695104b36872/element/f.CD9C86C2D64AD9F43056403335C8D92C.d.A1F2AEE3721387334803C9AA555C28AD.e.2683/click - {}
RESULT: {}
COMMAND: POST /session/6ffaab40fa98d483ee9e695104b36872/execute/async - {"script":"<script> [1562 bytes]","args":[{"selector":{"controlType":"sap.ui.core.Icon","viewName":"etm.portal.ui.warehousemovements.view.MasterMovement","viewId":"application-warehousemovements-display-component---warehouseMovements","properties":{"src":{"regex":{"source":"add"}}}},"wdio_ui5_key":"etmportal.ui.warehousemovements.view.MasterMovementsap.ui.core.Icon{\"src\":{\"regex\":{\"source\":\"add\"}}}"}]}
COMMAND: GET /session/6ffaab40fa98d483ee9e695104b36872/screenshot - {}
RESULT: {"script":"<script> [1562 bytes]","args":[{"selector":{"controlType":"sap.ui.core.Icon","viewName":"etm.portal.ui.warehousemovements.view.MasterMovement","viewId":"application-warehousemovements-display-component---warehouseMovements","properties":{"src":{"regex":{"source":"add"}}}},"wdio_ui5_key":"etmportal.ui.warehousemovements.view.MasterMovementsap.ui.core.Icon{\"src\":{\"regex\":{\"source\":\"add\"}}}"}]}
RESULT: undefined
COMMAND: POST /session/6ffaab40fa98d483ee9e695104b36872/element - {"using":"xpath","value":"//*[@id=\"__button77-img\"]"}
RESULT: {}
RESULT: {"using":"xpath","value":"//*[@id=\"__button77-img\"]"}
COMMAND: POST /session/6ffaab40fa98d483ee9e695104b36872/element/f.CD9C86C2D64AD9F43056403335C8D92C.d.A1F2AEE3721387334803C9AA555C28AD.e.2618/click - {}
RESULT: {}
COMMAND: POST /session/6ffaab40fa98d483ee9e695104b36872/element - {"using":"xpath","value":"//input[contains(@id ,\"application-warehousemovements-display-component---addMovement--sectionsList-inner\")]"}
COMMAND: GET /session/6ffaab40fa98d483ee9e695104b36872/screenshot - {}
RESULT: {"using":"xpath","value":"//input[contains(@id ,\"application-warehousemovements-display-component---addMovement--sectionsList-inner\")]"}
COMMAND: POST /session/6ffaab40fa98d483ee9e695104b36872/elements - {"using":"xpath","value":"//input[contains(@id ,\"application-warehousemovements-display-component---addMovement--sectionsList-inner\")]"}
RESULT: {}
RESULT: {"using":"xpath","value":"//input[contains(@id ,\"application-warehousemovements-display-component---addMovement--sectionsList-inner\")]"}
COMMAND: POST /session/6ffaab40fa98d483ee9e695104b36872/element - {"using":"xpath","value":"//input[contains(@id ,\"application-warehousemovements-display-component---addMovement--sectionsList-inner\")]"}
RESULT: {"using":"xpath","value":"//input[contains(@id ,\"application-warehousemovements-display-component---addMovement--sectionsList-inner\")]"}
COMMAND: POST /session/6ffaab40fa98d483ee9e695104b36872/element/f.CD9C86C2D64AD9F43056403335C8D92C.d.A1F2AEE3721387334803C9AA555C28AD.e.2749/clear - {}
RESULT: {}
COMMAND: POST /session/6ffaab40fa98d483ee9e695104b36872/element/f.CD9C86C2D64AD9F43056403335C8D92C.d.A1F2AEE3721387334803C9AA555C28AD.e.2749/value - {"text":"Secu42t2"}
COMMAND: GET /session/6ffaab40fa98d483ee9e695104b36872/screenshot - {}
RESULT: {"text":"Secu42t2"}
COMMAND: GET /session/6ffaab40fa98d483ee9e695104b36872/screenshot - {}
RESULT: {}
RESULT: {}
COMMAND: POST /session/6ffaab40fa98d483ee9e695104b36872/actions - {"actions":[{"id":"action9","type":"key","parameters":{},"actions":[{"type":"keyDown","value":"î€‡"},{"type":"pause","duration":10},{"type":"keyUp","value":"î€‡"}]}]}
RESULT: {"actions":[{"id":"action9","type":"key","parameters":{},"actions":[{"type":"keyDown","value":"î€‡"},{"type":"pause","duration":10},{"type":"keyUp","value":"î€‡"}]}]}
COMMAND: GET /session/6ffaab40fa98d483ee9e695104b36872/screenshot - {}
RESULT: {}
COMMAND: POST /session/6ffaab40fa98d483ee9e695104b36872/execute/async - {"script":"<script> [1562 bytes]","args":[{"selector":{"id":"application-warehousemovements-display-component---addMovement--addItem-img"},"wdio_ui5_key":"applicationwarehousemovements-display-component---addMovement--addItem-img"}]}
RESULT: {"script":"<script> [1562 bytes]","args":[{"selector":{"id":"application-warehousemovements-display-component---addMovement--addItem-img"},"wdio_ui5_key":"applicationwarehousemovements-display-component---addMovement--addItem-img"}]}
RESULT: undefined
COMMAND: POST /session/6ffaab40fa98d483ee9e695104b36872/element - {"using":"xpath","value":"//*[@id=\"application-warehousemovements-display-component---addMovement--addItem-img\"]"}
RESULT: {"using":"xpath","value":"//*[@id=\"application-warehousemovements-display-component---addMovement--addItem-img\"]"}
COMMAND: POST /session/6ffaab40fa98d483ee9e695104b36872/element/f.CD9C86C2D64AD9F43056403335C8D92C.d.A1F2AEE3721387334803C9AA555C28AD.e.2731/click - {}
RESULT: {}
COMMAND: POST /session/6ffaab40fa98d483ee9e695104b36872/execute/async - {"script":"<script> [1562 bytes]","args":[{"selector":{"id":"movementItemsPopUp--invSearch","searchOpenDialogs":true,"interaction":{"idSuffix":"I"}},"wdio_ui5_key":"movementItemsPopUpinvSearch"}]}
COMMAND: GET /session/6ffaab40fa98d483ee9e695104b36872/screenshot - {}
RESULT: {"script":"<script> [1562 bytes]","args":[{"selector":{"id":"movementItemsPopUp--invSearch","searchOpenDialogs":true,"interaction":{"idSuffix":"I"}},"wdio_ui5_key":"movementItemsPopUpinvSearch"}]}
RESULT: undefined
COMMAND: POST /session/6ffaab40fa98d483ee9e695104b36872/execute/async - {"script":"<script> [776 bytes]","args":[{"enterText":"WebdriverMatTest5eybc","selector":{"id":"movementItemsPopUp--invSearch","searchOpenDialogs":true,"interaction":{"idSuffix":"I"}},"clearTextFirst":true,"interactionType":"ENTER_TEXT"}]}
RESULT: {}
RESULT: {"script":"<script> [776 bytes]","args":[{"enterText":"WebdriverMatTest5eybc","selector":{"id":"movementItemsPopUp--invSearch","searchOpenDialogs":true,"interaction":{"idSuffix":"I"}},"clearTextFirst":true,"interactionType":"ENTER_TEXT"}]}
COMMAND: POST /session/6ffaab40fa98d483ee9e695104b36872/execute/async - {"script":"<script> [1562 bytes]","args":[{"selector":{"id":"movementItemsPopUp--movementItemsTable-sa","searchOpenDialogs":true,"interaction":{"idSuffix":"CbBg"}},"wdio_ui5_key":"movementItemsPopUpmovementItemsTable-sa"}]}
RESULT: {"script":"<script> [1562 bytes]","args":[{"selector":{"id":"movementItemsPopUp--movementItemsTable-sa","searchOpenDialogs":true,"interaction":{"idSuffix":"CbBg"}},"wdio_ui5_key":"movementItemsPopUpmovementItemsTable-sa"}]}
RESULT: undefined
COMMAND: POST /session/6ffaab40fa98d483ee9e695104b36872/element - {"using":"xpath","value":"//*[@id=\"movementItemsPopUp--movementItemsTable-sa\"]"}
RESULT: {"using":"xpath","value":"//*[@id=\"movementItemsPopUp--movementItemsTable-sa\"]"}
COMMAND: POST /session/6ffaab40fa98d483ee9e695104b36872/element/f.CD9C86C2D64AD9F43056403335C8D92C.d.A1F2AEE3721387334803C9AA555C28AD.e.2831/click - {}
RESULT: {}
COMMAND: POST /session/6ffaab40fa98d483ee9e695104b36872/execute/async - {"script":"<script> [1562 bytes]","args":[{"selector":{"id":"movementItemsPopUp--createBtn","searchOpenDialogs":true,"interaction":{"idSuffix":"BDI-content"}},"wdio_ui5_key":"movementItemsPopUpcreateBtn"}]}
COMMAND: GET /session/6ffaab40fa98d483ee9e695104b36872/screenshot - {}
RESULT: {"script":"<script> [1562 bytes]","args":[{"selector":{"id":"movementItemsPopUp--createBtn","searchOpenDialogs":true,"interaction":{"idSuffix":"BDI-content"}},"wdio_ui5_key":"movementItemsPopUpcreateBtn"}]}
RESULT: undefined
COMMAND: POST /session/6ffaab40fa98d483ee9e695104b36872/element - {"using":"xpath","value":"//*[@id=\"movementItemsPopUp--createBtn\"]"}
RESULT: {}
RESULT: {"using":"xpath","value":"//*[@id=\"movementItemsPopUp--createBtn\"]"}
COMMAND: POST /session/6ffaab40fa98d483ee9e695104b36872/element/f.CD9C86C2D64AD9F43056403335C8D92C.d.A1F2AEE3721387334803C9AA555C28AD.e.2833/click - {}
RESULT: {}
COMMAND: GET /session/6ffaab40fa98d483ee9e695104b36872/screenshot - {}
RESULT: {}
COMMAND: POST /session/6ffaab40fa98d483ee9e695104b36872/element - {"using":"css selector","value":"#j_username"}
COMMAND: POST /session/6ffaab40fa98d483ee9e695104b36872/url - {"url":"https://qa-testing-00-live-etm-ui.cfapps.eu10-004.hana.ondemand.com/"}
RESULT: {"using":"css selector","value":"#j_username"}
COMMAND: POST /session/6ffaab40fa98d483ee9e695104b36872/element - {"using":"css selector","value":"#j_username"}
RESULT: {"url":"https://qa-testing-00-live-etm-ui.cfapps.eu10-004.hana.ondemand.com/"}
RESULT: undefined
COMMAND: GET /session/6ffaab40fa98d483ee9e695104b36872/screenshot - {}
RESULT: {"using":"css selector","value":"#j_username"}
COMMAND: POST /session/6ffaab40fa98d483ee9e695104b36872/element - {"using":"css selector","value":"#shell-header-logo"}
RESULT: {}
RESULT: {"using":"css selector","value":"#shell-header-logo"}
COMMAND: POST /session/6ffaab40fa98d483ee9e695104b36872/execute/sync - {"script":"<script> [8489 bytes]","args":[{"element-6066-11e4-a52e-4f735466cecf":"f.CD9C86C2D64AD9F43056403335C8D92C.d.29F78D252CE50A125F57093EF27CE942.e.2846","ELEMENT":"f.CD9C86C2D64AD9F43056403335C8D92C.d.29F78D252CE50A125F57093EF27CE942.e.2846"}]}
RESULT: {"script":"<script> [8489 bytes]","args":[{"element-6066-11e4-a52e-4f735466cecf":"f.CD9C86C2D64AD9F43056403335C8D92C.d.29F78D252CE50A125F57093EF27CE942.e.2846","ELEMENT":"f.CD9C86C2D64AD9F43056403335C8D92C.d.29F78D252CE50A125F57093EF27CE942.e.2846"}]}
COMMAND: POST /session/6ffaab40fa98d483ee9e695104b36872/element - {"using":"css selector","value":"#shell-header-logo"}
COMMAND: GET /session/6ffaab40fa98d483ee9e695104b36872/screenshot - {}
RESULT: {"using":"css selector","value":"#shell-header-logo"}
COMMAND: POST /session/6ffaab40fa98d483ee9e695104b36872/execute/sync - {"script":"<script> [8489 bytes]","args":[{"element-6066-11e4-a52e-4f735466cecf":"f.CD9C86C2D64AD9F43056403335C8D92C.d.29F78D252CE50A125F57093EF27CE942.e.2846","ELEMENT":"f.CD9C86C2D64AD9F43056403335C8D92C.d.29F78D252CE50A125F57093EF27CE942.e.2846"}]}
RESULT: {}
RESULT: {"script":"<script> [8489 bytes]","args":[{"element-6066-11e4-a52e-4f735466cecf":"f.CD9C86C2D64AD9F43056403335C8D92C.d.29F78D252CE50A125F57093EF27CE942.e.2846","ELEMENT":"f.CD9C86C2D64AD9F43056403335C8D92C.d.29F78D252CE50A125F57093EF27CE942.e.2846"}]}
COMMAND: POST /session/6ffaab40fa98d483ee9e695104b36872/execute/sync - {"script":"<script> [5351 bytes]","args":[{"element-6066-11e4-a52e-4f735466cecf":"f.CD9C86C2D64AD9F43056403335C8D92C.d.29F78D252CE50A125F57093EF27CE942.e.2846","ELEMENT":"f.CD9C86C2D64AD9F43056403335C8D92C.d.29F78D252CE50A125F57093EF27CE942.e.2846"}]}
COMMAND: GET /session/6ffaab40fa98d483ee9e695104b36872/screenshot - {}
RESULT: {"script":"<script> [5351 bytes]","args":[{"element-6066-11e4-a52e-4f735466cecf":"f.CD9C86C2D64AD9F43056403335C8D92C.d.29F78D252CE50A125F57093EF27CE942.e.2846","ELEMENT":"f.CD9C86C2D64AD9F43056403335C8D92C.d.29F78D252CE50A125F57093EF27CE942.e.2846"}]}
COMMAND: POST /session/6ffaab40fa98d483ee9e695104b36872/element - {"using":"css selector","value":"#shell-header-logo"}
COMMAND: GET /session/6ffaab40fa98d483ee9e695104b36872/screenshot - {}
RESULT: {}
RESULT: {"using":"css selector","value":"#shell-header-logo"}
COMMAND: POST /session/6ffaab40fa98d483ee9e695104b36872/element/f.CD9C86C2D64AD9F43056403335C8D92C.d.29F78D252CE50A125F57093EF27CE942.e.2846/click - {}
RESULT: {}
RESULT: {}
COMMAND: GET /session/6ffaab40fa98d483ee9e695104b36872/screenshot - {}
RESULT: {}
COMMAND: POST /session/6ffaab40fa98d483ee9e695104b36872/execute/async - {"script":"<script> [189 bytes]","args":[]}
RESULT: {"script":"<script> [189 bytes]","args":[]}
COMMAND: POST /session/6ffaab40fa98d483ee9e695104b36872/execute/async - {"script":"<script> [123 bytes]","args":[]}
RESULT: {"script":"<script> [123 bytes]","args":[]}
COMMAND: POST /session/6ffaab40fa98d483ee9e695104b36872/timeouts - {"script":"<number>"}
RESULT: {"script":"<number>"}
COMMAND: GET /session/6ffaab40fa98d483ee9e695104b36872/timeouts - {}
RESULT: {}
RESULT: undefined
COMMAND: POST /session/6ffaab40fa98d483ee9e695104b36872/execute/async - {"script":"<script> [2676 bytes]","args":[]}
RESULT: {"script":"<script> [2676 bytes]","args":[]}
COMMAND: POST /session/6ffaab40fa98d483ee9e695104b36872/execute/async - {"script":"<script> [2342 bytes]","args":[{"protocol":"http","hostname":"0.0.0.0","path":"/","capabilities":{"browserName":"chrome","goog:chromeOptions":{"binary":"C:\\Program Files\\Google\\Chrome\\Application\\chrome.exe","args":["--start-maximized"]}},"logLevel":"warn","connectionRetryTimeout":120000,"connectionRetryCount":3,"logLevels":{},"enableDirectConnect":true,"strictSSL":true,"_":"65 more keys: [\"cacheDir\",\"port\",\"requestedCapabilities\",\"automationProtocol\",\"baseUrl\",\"waitforInterval\",\"waitforTimeout\",\"onReload\",\"beforeCommand\",\"afterCommand\",\"rootDir\",\"specs\",\"suites\",\"exclude\",\"groupLogsByTestSpec\",\"excludeDriverLogs\",\"bail\",\"framework\",\"reporters\",\"services\",\"maxInstances\",\"maxInstancesPerCapability\",\"injectGlobals\",\"filesToWatch\",\"execArgv\",\"runnerEnv\",\"runner\",\"shard\",\"specFileRetries\",\"specFileRetriesDelay\",\"specFileRetriesDeferred\",\"reporterSyncInterval\",\"reporterSyncTimeout\",\"cucumberFeaturesWithLineNumbers\",\"autoCompileOpts\",\"mochaOpts\",\"jasmineOpts\",\"cucumberOpts\",\"onPrepare\",\"onWorkerStart\",\"onWorkerEnd\",\"before\",\"beforeSession\",\"beforeSuite\",\"beforeHook\",\"beforeTest\",\"afterTest\",\"afterHook\",\"afterSuite\",\"afterSession\",\"after\",\"onComplete\",\"beforeAssertion\",\"afterAssertion\",\"beforeFeature\",\"beforeScenario\",\"beforeStep\",\"afterStep\",\"afterScenario\",\"afterFeature\",\"_\",\"suite\",\"$0\",\"ignoredWorkerServices\",\"wdi5\"]"}]}
RESULT: {"script":"<script> [2342 bytes]","args":[{"protocol":"http","hostname":"0.0.0.0","path":"/","capabilities":{"browserName":"chrome","goog:chromeOptions":{"binary":"C:\\Program Files\\Google\\Chrome\\Application\\chrome.exe","args":["--start-maximized"]}},"logLevel":"warn","connectionRetryTimeout":120000,"connectionRetryCount":3,"logLevels":{},"enableDirectConnect":true,"strictSSL":true,"_":"65 more keys: [\"cacheDir\",\"port\",\"requestedCapabilities\",\"automationProtocol\",\"baseUrl\",\"waitforInterval\",\"waitforTimeout\",\"onReload\",\"beforeCommand\",\"afterCommand\",\"rootDir\",\"specs\",\"suites\",\"exclude\",\"groupLogsByTestSpec\",\"excludeDriverLogs\",\"bail\",\"framework\",\"reporters\",\"services\",\"maxInstances\",\"maxInstancesPerCapability\",\"injectGlobals\",\"filesToWatch\",\"execArgv\",\"runnerEnv\",\"runner\",\"shard\",\"specFileRetries\",\"specFileRetriesDelay\",\"specFileRetriesDeferred\",\"reporterSyncInterval\",\"reporterSyncTimeout\",\"cucumberFeaturesWithLineNumbers\",\"autoCompileOpts\",\"mochaOpts\",\"jasmineOpts\",\"cucumberOpts\",\"onPrepare\",\"onWorkerStart\",\"onWorkerEnd\",\"before\",\"beforeSession\",\"beforeSuite\",\"beforeHook\",\"beforeTest\",\"afterTest\",\"afterHook\",\"afterSuite\",\"afterSession\",\"after\",\"onComplete\",\"beforeAssertion\",\"afterAssertion\",\"beforeFeature\",\"beforeScenario\",\"beforeStep\",\"afterStep\",\"afterScenario\",\"afterFeature\",\"_\",\"suite\",\"$0\",\"ignoredWorkerServices\",\"wdi5\"]"}]}
COMMAND: POST /session/6ffaab40fa98d483ee9e695104b36872/execute/async - {"script":"<script> [21126 bytes]","args":[35000]}
RESULT: {"script":"<script> [21126 bytes]","args":[35000]}
COMMAND: POST /session/6ffaab40fa98d483ee9e695104b36872/window/maximize - {}
RESULT: {}
COMMAND: POST /session/6ffaab40fa98d483ee9e695104b36872/execute/async - {"script":"<script> [1562 bytes]","args":[{"selector":{"id":"shell-header","interaction":{"idSuffix":"icon"}},"wdio_ui5_key":"shellheader"}]}
COMMAND: GET /session/6ffaab40fa98d483ee9e695104b36872/screenshot - {}
RESULT: {"script":"<script> [1562 bytes]","args":[{"selector":{"id":"shell-header","interaction":{"idSuffix":"icon"}},"wdio_ui5_key":"shellheader"}]}
RESULT: undefined
COMMAND: POST /session/6ffaab40fa98d483ee9e695104b36872/refresh - {}
RESULT: {}
RESULT: {}
COMMAND: GET /session/6ffaab40fa98d483ee9e695104b36872/screenshot - {}
RESULT: {}
COMMAND: POST /session/6ffaab40fa98d483ee9e695104b36872/refresh - {}
RESULT: {}
COMMAND: GET /session/6ffaab40fa98d483ee9e695104b36872/screenshot - {}
RESULT: {}
COMMAND: POST /session/6ffaab40fa98d483ee9e695104b36872/window/fullscreen - {}
RESULT: {}
COMMAND: POST /session/6ffaab40fa98d483ee9e695104b36872/execute/async - {"script":"<script> [189 bytes]","args":[]}
RESULT: {"script":"<script> [189 bytes]","args":[]}
COMMAND: POST /session/6ffaab40fa98d483ee9e695104b36872/execute/async - {"script":"<script> [123 bytes]","args":[]}
RESULT: {"script":"<script> [123 bytes]","args":[]}
COMMAND: POST /session/6ffaab40fa98d483ee9e695104b36872/timeouts - {"script":"<number>"}
RESULT: {"script":"<number>"}
COMMAND: GET /session/6ffaab40fa98d483ee9e695104b36872/timeouts - {}
RESULT: {}
RESULT: undefined
COMMAND: POST /session/6ffaab40fa98d483ee9e695104b36872/execute/async - {"script":"<script> [2676 bytes]","args":[]}
RESULT: {"script":"<script> [2676 bytes]","args":[]}
COMMAND: POST /session/6ffaab40fa98d483ee9e695104b36872/execute/async - {"script":"<script> [2342 bytes]","args":[{"protocol":"http","hostname":"0.0.0.0","path":"/","capabilities":{"browserName":"chrome","goog:chromeOptions":{"binary":"C:\\Program Files\\Google\\Chrome\\Application\\chrome.exe","args":["--start-maximized"]}},"logLevel":"warn","connectionRetryTimeout":120000,"connectionRetryCount":3,"logLevels":{},"enableDirectConnect":true,"strictSSL":true,"_":"65 more keys: [\"cacheDir\",\"port\",\"requestedCapabilities\",\"automationProtocol\",\"baseUrl\",\"waitforInterval\",\"waitforTimeout\",\"onReload\",\"beforeCommand\",\"afterCommand\",\"rootDir\",\"specs\",\"suites\",\"exclude\",\"groupLogsByTestSpec\",\"excludeDriverLogs\",\"bail\",\"framework\",\"reporters\",\"services\",\"maxInstances\",\"maxInstancesPerCapability\",\"injectGlobals\",\"filesToWatch\",\"execArgv\",\"runnerEnv\",\"runner\",\"shard\",\"specFileRetries\",\"specFileRetriesDelay\",\"specFileRetriesDeferred\",\"reporterSyncInterval\",\"reporterSyncTimeout\",\"cucumberFeaturesWithLineNumbers\",\"autoCompileOpts\",\"mochaOpts\",\"jasmineOpts\",\"cucumberOpts\",\"onPrepare\",\"onWorkerStart\",\"onWorkerEnd\",\"before\",\"beforeSession\",\"beforeSuite\",\"beforeHook\",\"beforeTest\",\"afterTest\",\"afterHook\",\"afterSuite\",\"afterSession\",\"after\",\"onComplete\",\"beforeAssertion\",\"afterAssertion\",\"beforeFeature\",\"beforeScenario\",\"beforeStep\",\"afterStep\",\"afterScenario\",\"afterFeature\",\"_\",\"suite\",\"$0\",\"ignoredWorkerServices\",\"wdi5\"]"}]}
RESULT: {"script":"<script> [2342 bytes]","args":[{"protocol":"http","hostname":"0.0.0.0","path":"/","capabilities":{"browserName":"chrome","goog:chromeOptions":{"binary":"C:\\Program Files\\Google\\Chrome\\Application\\chrome.exe","args":["--start-maximized"]}},"logLevel":"warn","connectionRetryTimeout":120000,"connectionRetryCount":3,"logLevels":{},"enableDirectConnect":true,"strictSSL":true,"_":"65 more keys: [\"cacheDir\",\"port\",\"requestedCapabilities\",\"automationProtocol\",\"baseUrl\",\"waitforInterval\",\"waitforTimeout\",\"onReload\",\"beforeCommand\",\"afterCommand\",\"rootDir\",\"specs\",\"suites\",\"exclude\",\"groupLogsByTestSpec\",\"excludeDriverLogs\",\"bail\",\"framework\",\"reporters\",\"services\",\"maxInstances\",\"maxInstancesPerCapability\",\"injectGlobals\",\"filesToWatch\",\"execArgv\",\"runnerEnv\",\"runner\",\"shard\",\"specFileRetries\",\"specFileRetriesDelay\",\"specFileRetriesDeferred\",\"reporterSyncInterval\",\"reporterSyncTimeout\",\"cucumberFeaturesWithLineNumbers\",\"autoCompileOpts\",\"mochaOpts\",\"jasmineOpts\",\"cucumberOpts\",\"onPrepare\",\"onWorkerStart\",\"onWorkerEnd\",\"before\",\"beforeSession\",\"beforeSuite\",\"beforeHook\",\"beforeTest\",\"afterTest\",\"afterHook\",\"afterSuite\",\"afterSession\",\"after\",\"onComplete\",\"beforeAssertion\",\"afterAssertion\",\"beforeFeature\",\"beforeScenario\",\"beforeStep\",\"afterStep\",\"afterScenario\",\"afterFeature\",\"_\",\"suite\",\"$0\",\"ignoredWorkerServices\",\"wdi5\"]"}]}
COMMAND: POST /session/6ffaab40fa98d483ee9e695104b36872/execute/async - {"script":"<script> [21126 bytes]","args":[35000]}
RESULT: {"script":"<script> [21126 bytes]","args":[35000]}
]]></system-out>
    </testcase>
  </testsuite>
  <testsuite timestamp="2025-06-02T16:51:48" time="812.236" tests="7" failures="2" errors="2" skipped="0">
    <properties>
      <property name="specId" value="0" />
      <property name="suiteName" value="Create masterdata for Yard Overview - trigger provide US130988" />
      <property name="capabilities" value="chrome.136_0_7103_93.windows" />
      <property name="file" value="file:///D:/a/1/s/test/specs/HTR/yard-movement-putaways.spec.js" />
    </properties>
    <testcase classname="chrome.136_0_7103_93.windows.Create_masterdata_for_Yard_Overview_-_trigger_provide_US130988" name="Should create a new WHM yard" time="148.131">
      <system-out><![CDATA[
COMMAND: POST /session/6ffaab40fa98d483ee9e695104b36872/window/fullscreen - {}
RESULT: {}
COMMAND: POST /session/6ffaab40fa98d483ee9e695104b36872/execute/async - {"script":"<script> [1562 bytes]","args":[{"selector":{"controlType":"sap.m.GenericTile","properties":{"header":"Manage Yards"}},"wdio_ui5_key":"sapm.GenericTile{\"header\":\"Manage Yards\"}"}]}
RESULT: {"script":"<script> [1562 bytes]","args":[{"selector":{"controlType":"sap.m.GenericTile","properties":{"header":"Manage Yards"}},"wdio_ui5_key":"sapm.GenericTile{\"header\":\"Manage Yards\"}"}]}
RESULT: undefined
COMMAND: POST /session/6ffaab40fa98d483ee9e695104b36872/element - {"using":"xpath","value":"//*[@id=\"__tile41\"]"}
RESULT: {"using":"xpath","value":"//*[@id=\"__tile41\"]"}
COMMAND: POST /session/6ffaab40fa98d483ee9e695104b36872/element/f.CD9C86C2D64AD9F43056403335C8D92C.d.29BC720B365F850DE3910D8511BB50C6.e.2898/click - {}
RESULT: {}
COMMAND: GET /session/6ffaab40fa98d483ee9e695104b36872/screenshot - {}
RESULT: {}
COMMAND: POST /session/6ffaab40fa98d483ee9e695104b36872/elements - {"using":"xpath","value":"//span[text()='Error']"}
RESULT: {"using":"xpath","value":"//span[text()='Error']"}
COMMAND: POST /session/6ffaab40fa98d483ee9e695104b36872/element - {"using":"xpath","value":"//button[@data-kt=\"addNewYardOverflowToolbarButton\"]"}
RESULT: {"using":"xpath","value":"//button[@data-kt=\"addNewYardOverflowToolbarButton\"]"}
COMMAND: POST /session/6ffaab40fa98d483ee9e695104b36872/elements - {"using":"xpath","value":"//button[@data-kt=\"addNewYardOverflowToolbarButton\"]"}
RESULT: {"using":"xpath","value":"//button[@data-kt=\"addNewYardOverflowToolbarButton\"]"}
COMMAND: POST /session/6ffaab40fa98d483ee9e695104b36872/elements - {"using":"xpath","value":"//button[@data-kt=\"addNewYardOverflowToolbarButton\"]"}
RESULT: {"using":"xpath","value":"//button[@data-kt=\"addNewYardOverflowToolbarButton\"]"}
COMMAND: POST /session/6ffaab40fa98d483ee9e695104b36872/elements - {"using":"xpath","value":"//button[@data-kt=\"addNewYardOverflowToolbarButton\"]"}
RESULT: {"using":"xpath","value":"//button[@data-kt=\"addNewYardOverflowToolbarButton\"]"}
COMMAND: POST /session/6ffaab40fa98d483ee9e695104b36872/elements - {"using":"xpath","value":"//button[@data-kt=\"addNewYardOverflowToolbarButton\"]"}
RESULT: {"using":"xpath","value":"//button[@data-kt=\"addNewYardOverflowToolbarButton\"]"}
COMMAND: POST /session/6ffaab40fa98d483ee9e695104b36872/elements - {"using":"xpath","value":"//button[@data-kt=\"addNewYardOverflowToolbarButton\"]"}
RESULT: {"using":"xpath","value":"//button[@data-kt=\"addNewYardOverflowToolbarButton\"]"}
COMMAND: POST /session/6ffaab40fa98d483ee9e695104b36872/elements - {"using":"xpath","value":"//button[@data-kt=\"addNewYardOverflowToolbarButton\"]"}
RESULT: {"using":"xpath","value":"//button[@data-kt=\"addNewYardOverflowToolbarButton\"]"}
COMMAND: POST /session/6ffaab40fa98d483ee9e695104b36872/elements - {"using":"xpath","value":"//button[@data-kt=\"addNewYardOverflowToolbarButton\"]"}
RESULT: {"using":"xpath","value":"//button[@data-kt=\"addNewYardOverflowToolbarButton\"]"}
COMMAND: POST /session/6ffaab40fa98d483ee9e695104b36872/elements - {"using":"xpath","value":"//button[@data-kt=\"addNewYardOverflowToolbarButton\"]"}
RESULT: {"using":"xpath","value":"//button[@data-kt=\"addNewYardOverflowToolbarButton\"]"}
COMMAND: POST /session/6ffaab40fa98d483ee9e695104b36872/elements - {"using":"xpath","value":"//button[@data-kt=\"addNewYardOverflowToolbarButton\"]"}
RESULT: {"using":"xpath","value":"//button[@data-kt=\"addNewYardOverflowToolbarButton\"]"}
COMMAND: POST /session/6ffaab40fa98d483ee9e695104b36872/element - {"using":"xpath","value":"//button[@data-kt=\"addNewYardOverflowToolbarButton\"]"}
RESULT: {"using":"xpath","value":"//button[@data-kt=\"addNewYardOverflowToolbarButton\"]"}
COMMAND: POST /session/6ffaab40fa98d483ee9e695104b36872/execute/sync - {"script":"<script> [8489 bytes]","args":[{"element-6066-11e4-a52e-4f735466cecf":"f.CD9C86C2D64AD9F43056403335C8D92C.d.29BC720B365F850DE3910D8511BB50C6.e.3035","ELEMENT":"f.CD9C86C2D64AD9F43056403335C8D92C.d.29BC720B365F850DE3910D8511BB50C6.e.3035"}]}
RESULT: {"script":"<script> [8489 bytes]","args":[{"element-6066-11e4-a52e-4f735466cecf":"f.CD9C86C2D64AD9F43056403335C8D92C.d.29BC720B365F850DE3910D8511BB50C6.e.3035","ELEMENT":"f.CD9C86C2D64AD9F43056403335C8D92C.d.29BC720B365F850DE3910D8511BB50C6.e.3035"}]}
COMMAND: GET /session/6ffaab40fa98d483ee9e695104b36872/element/f.CD9C86C2D64AD9F43056403335C8D92C.d.29BC720B365F850DE3910D8511BB50C6.e.3035/enabled - {}
COMMAND: GET /session/6ffaab40fa98d483ee9e695104b36872/screenshot - {}
RESULT: {}
COMMAND: POST /session/6ffaab40fa98d483ee9e695104b36872/execute/sync - {"script":"<script> [8489 bytes]","args":[{"element-6066-11e4-a52e-4f735466cecf":"f.CD9C86C2D64AD9F43056403335C8D92C.d.29BC720B365F850DE3910D8511BB50C6.e.3035","ELEMENT":"f.CD9C86C2D64AD9F43056403335C8D92C.d.29BC720B365F850DE3910D8511BB50C6.e.3035"}]}
COMMAND: GET /session/6ffaab40fa98d483ee9e695104b36872/screenshot - {}
RESULT: {}
RESULT: {"script":"<script> [8489 bytes]","args":[{"element-6066-11e4-a52e-4f735466cecf":"f.CD9C86C2D64AD9F43056403335C8D92C.d.29BC720B365F850DE3910D8511BB50C6.e.3035","ELEMENT":"f.CD9C86C2D64AD9F43056403335C8D92C.d.29BC720B365F850DE3910D8511BB50C6.e.3035"}]}
COMMAND: POST /session/6ffaab40fa98d483ee9e695104b36872/execute/sync - {"script":"<script> [5351 bytes]","args":[{"element-6066-11e4-a52e-4f735466cecf":"f.CD9C86C2D64AD9F43056403335C8D92C.d.29BC720B365F850DE3910D8511BB50C6.e.3035","ELEMENT":"f.CD9C86C2D64AD9F43056403335C8D92C.d.29BC720B365F850DE3910D8511BB50C6.e.3035"}]}
COMMAND: GET /session/6ffaab40fa98d483ee9e695104b36872/screenshot - {}
RESULT: {}
RESULT: {"script":"<script> [5351 bytes]","args":[{"element-6066-11e4-a52e-4f735466cecf":"f.CD9C86C2D64AD9F43056403335C8D92C.d.29BC720B365F850DE3910D8511BB50C6.e.3035","ELEMENT":"f.CD9C86C2D64AD9F43056403335C8D92C.d.29BC720B365F850DE3910D8511BB50C6.e.3035"}]}
COMMAND: POST /session/6ffaab40fa98d483ee9e695104b36872/element/f.CD9C86C2D64AD9F43056403335C8D92C.d.29BC720B365F850DE3910D8511BB50C6.e.3035/click - {}
COMMAND: GET /session/6ffaab40fa98d483ee9e695104b36872/screenshot - {}
RESULT: {}
RESULT: {}
COMMAND: GET /session/6ffaab40fa98d483ee9e695104b36872/screenshot - {}
RESULT: {}
RESULT: {}
COMMAND: POST /session/6ffaab40fa98d483ee9e695104b36872/element - {"using":"xpath","value":"//input[@id=\"application-manageyards-display-component---NewYard--yardId-inner\"]"}
RESULT: {"using":"xpath","value":"//input[@id=\"application-manageyards-display-component---NewYard--yardId-inner\"]"}
COMMAND: POST /session/6ffaab40fa98d483ee9e695104b36872/element - {"using":"xpath","value":"//input[@id=\"application-manageyards-display-component---NewYard--yardId-inner\"]"}
RESULT: {"using":"xpath","value":"//input[@id=\"application-manageyards-display-component---NewYard--yardId-inner\"]"}
COMMAND: POST /session/6ffaab40fa98d483ee9e695104b36872/execute/async - {"script":"<script> [1562 bytes]","args":[{"selector":{"id":"application-manageyards-display-component---NewYard--addressDetailDetailsName1","interaction":{"idSuffix":"inner"}},"wdio_ui5_key":"applicationmanageyards-display-component---NewYard--addressDetailDetailsName1"}]}
RESULT: {"script":"<script> [1562 bytes]","args":[{"selector":{"id":"application-manageyards-display-component---NewYard--addressDetailDetailsName1","interaction":{"idSuffix":"inner"}},"wdio_ui5_key":"applicationmanageyards-display-component---NewYard--addressDetailDetailsName1"}]}
RESULT: undefined
COMMAND: POST /session/6ffaab40fa98d483ee9e695104b36872/execute/async - {"script":"<script> [776 bytes]","args":[{"enterText":"Warehouse Managed WDIO","selector":{"id":"application-manageyards-display-component---NewYard--addressDetailDetailsName1","interaction":{"idSuffix":"inner"}},"clearTextFirst":true,"interactionType":"ENTER_TEXT"}]}
RESULT: {"script":"<script> [776 bytes]","args":[{"enterText":"Warehouse Managed WDIO","selector":{"id":"application-manageyards-display-component---NewYard--addressDetailDetailsName1","interaction":{"idSuffix":"inner"}},"clearTextFirst":true,"interactionType":"ENTER_TEXT"}]}
COMMAND: POST /session/6ffaab40fa98d483ee9e695104b36872/execute/async - {"script":"<script> [1562 bytes]","args":[{"selector":{"id":"application-manageyards-display-component---NewYard--addressDetailDetailsLanguage-arrow"},"wdio_ui5_key":"applicationmanageyards-display-component---NewYard--addressDetailDetailsLanguage-arrow"}]}
RESULT: {"script":"<script> [1562 bytes]","args":[{"selector":{"id":"application-manageyards-display-component---NewYard--addressDetailDetailsLanguage-arrow"},"wdio_ui5_key":"applicationmanageyards-display-component---NewYard--addressDetailDetailsLanguage-arrow"}]}
RESULT: undefined
COMMAND: POST /session/6ffaab40fa98d483ee9e695104b36872/element - {"using":"xpath","value":"//*[@id=\"application-manageyards-display-component---NewYard--addressDetailDetailsLanguage-arrow\"]"}
RESULT: {"using":"xpath","value":"//*[@id=\"application-manageyards-display-component---NewYard--addressDetailDetailsLanguage-arrow\"]"}
COMMAND: POST /session/6ffaab40fa98d483ee9e695104b36872/element/f.CD9C86C2D64AD9F43056403335C8D92C.d.29BC720B365F850DE3910D8511BB50C6.e.3299/click - {}
RESULT: {}
COMMAND: POST /session/6ffaab40fa98d483ee9e695104b36872/element - {"using":"xpath","value":"//span[contains(text(), \"English\")]"}
COMMAND: GET /session/6ffaab40fa98d483ee9e695104b36872/screenshot - {}
RESULT: {"using":"xpath","value":"//span[contains(text(), \"English\")]"}
COMMAND: POST /session/6ffaab40fa98d483ee9e695104b36872/element/f.CD9C86C2D64AD9F43056403335C8D92C.d.29BC720B365F850DE3910D8511BB50C6.e.3300/click - {}
RESULT: {}
RESULT: {}
COMMAND: POST /session/6ffaab40fa98d483ee9e695104b36872/execute/async - {"script":"<script> [1562 bytes]","args":[{"selector":{"id":"application-manageyards-display-component---NewYard--addressDetailDetailsCity1","interaction":{"idSuffix":"inner"}},"wdio_ui5_key":"applicationmanageyards-display-component---NewYard--addressDetailDetailsCity1"}]}
COMMAND: GET /session/6ffaab40fa98d483ee9e695104b36872/screenshot - {}
RESULT: {"script":"<script> [1562 bytes]","args":[{"selector":{"id":"application-manageyards-display-component---NewYard--addressDetailDetailsCity1","interaction":{"idSuffix":"inner"}},"wdio_ui5_key":"applicationmanageyards-display-component---NewYard--addressDetailDetailsCity1"}]}
RESULT: undefined
COMMAND: POST /session/6ffaab40fa98d483ee9e695104b36872/execute/async - {"script":"<script> [776 bytes]","args":[{"enterText":"Rosario","selector":{"id":"application-manageyards-display-component---NewYard--addressDetailDetailsCity1","interaction":{"idSuffix":"inner"}},"clearTextFirst":true,"interactionType":"ENTER_TEXT"}]}
RESULT: {}
RESULT: {"script":"<script> [776 bytes]","args":[{"enterText":"Rosario","selector":{"id":"application-manageyards-display-component---NewYard--addressDetailDetailsCity1","interaction":{"idSuffix":"inner"}},"clearTextFirst":true,"interactionType":"ENTER_TEXT"}]}
COMMAND: POST /session/6ffaab40fa98d483ee9e695104b36872/execute/async - {"script":"<script> [1562 bytes]","args":[{"selector":{"id":"application-manageyards-display-component---NewYard--addressDetailDetailsCountry-arrow"},"wdio_ui5_key":"applicationmanageyards-display-component---NewYard--addressDetailDetailsCountry-arrow"}]}
RESULT: {"script":"<script> [1562 bytes]","args":[{"selector":{"id":"application-manageyards-display-component---NewYard--addressDetailDetailsCountry-arrow"},"wdio_ui5_key":"applicationmanageyards-display-component---NewYard--addressDetailDetailsCountry-arrow"}]}
RESULT: undefined
COMMAND: POST /session/6ffaab40fa98d483ee9e695104b36872/element - {"using":"xpath","value":"//*[@id=\"application-manageyards-display-component---NewYard--addressDetailDetailsCountry-arrow\"]"}
RESULT: {"using":"xpath","value":"//*[@id=\"application-manageyards-display-component---NewYard--addressDetailDetailsCountry-arrow\"]"}
COMMAND: POST /session/6ffaab40fa98d483ee9e695104b36872/element/f.CD9C86C2D64AD9F43056403335C8D92C.d.29BC720B365F850DE3910D8511BB50C6.e.3302/click - {}
RESULT: {}
COMMAND: POST /session/6ffaab40fa98d483ee9e695104b36872/element - {"using":"xpath","value":"//span[contains(text(), \"Argentina\")]"}
COMMAND: GET /session/6ffaab40fa98d483ee9e695104b36872/screenshot - {}
RESULT: {"using":"xpath","value":"//span[contains(text(), \"Argentina\")]"}
COMMAND: POST /session/6ffaab40fa98d483ee9e695104b36872/element/f.CD9C86C2D64AD9F43056403335C8D92C.d.29BC720B365F850DE3910D8511BB50C6.e.3303/click - {}
RESULT: {}
RESULT: {}
COMMAND: POST /session/6ffaab40fa98d483ee9e695104b36872/execute/async - {"script":"<script> [1562 bytes]","args":[{"selector":{"id":"application-manageyards-display-component---NewYard--addressEditDetailsCostObjectCstType-arrow"},"wdio_ui5_key":"applicationmanageyards-display-component---NewYard--addressEditDetailsCostObjectCstType-arrow"}]}
COMMAND: GET /session/6ffaab40fa98d483ee9e695104b36872/screenshot - {}
RESULT: {"script":"<script> [1562 bytes]","args":[{"selector":{"id":"application-manageyards-display-component---NewYard--addressEditDetailsCostObjectCstType-arrow"},"wdio_ui5_key":"applicationmanageyards-display-component---NewYard--addressEditDetailsCostObjectCstType-arrow"}]}
RESULT: undefined
COMMAND: POST /session/6ffaab40fa98d483ee9e695104b36872/element - {"using":"xpath","value":"//*[@id=\"application-manageyards-display-component---NewYard--addressEditDetailsCostObjectCstType-arrow\"]"}
RESULT: {}
RESULT: {"using":"xpath","value":"//*[@id=\"application-manageyards-display-component---NewYard--addressEditDetailsCostObjectCstType-arrow\"]"}
COMMAND: POST /session/6ffaab40fa98d483ee9e695104b36872/element/f.CD9C86C2D64AD9F43056403335C8D92C.d.29BC720B365F850DE3910D8511BB50C6.e.3305/click - {}
RESULT: {}
COMMAND: POST /session/6ffaab40fa98d483ee9e695104b36872/element - {"using":"xpath","value":"//span[contains(text(), \"Cost Center\")]"}
COMMAND: GET /session/6ffaab40fa98d483ee9e695104b36872/screenshot - {}
RESULT: {"using":"xpath","value":"//span[contains(text(), \"Cost Center\")]"}
COMMAND: POST /session/6ffaab40fa98d483ee9e695104b36872/element/f.CD9C86C2D64AD9F43056403335C8D92C.d.29BC720B365F850DE3910D8511BB50C6.e.3306/click - {}
RESULT: {}
RESULT: {}
COMMAND: GET /session/6ffaab40fa98d483ee9e695104b36872/screenshot - {}
RESULT: {}
COMMAND: POST /session/6ffaab40fa98d483ee9e695104b36872/element - {"using":"xpath","value":"//span[@id=\"application-manageyards-display-component---NewYard--addressNewCostObjectCstID-vhi\"]"}
RESULT: {"using":"xpath","value":"//span[@id=\"application-manageyards-display-component---NewYard--addressNewCostObjectCstID-vhi\"]"}
COMMAND: POST /session/6ffaab40fa98d483ee9e695104b36872/execute/sync - {"script":"<script> [8489 bytes]","args":[{"element-6066-11e4-a52e-4f735466cecf":"f.CD9C86C2D64AD9F43056403335C8D92C.d.29BC720B365F850DE3910D8511BB50C6.e.3310","ELEMENT":"f.CD9C86C2D64AD9F43056403335C8D92C.d.29BC720B365F850DE3910D8511BB50C6.e.3310"}]}
RESULT: {"script":"<script> [8489 bytes]","args":[{"element-6066-11e4-a52e-4f735466cecf":"f.CD9C86C2D64AD9F43056403335C8D92C.d.29BC720B365F850DE3910D8511BB50C6.e.3310","ELEMENT":"f.CD9C86C2D64AD9F43056403335C8D92C.d.29BC720B365F850DE3910D8511BB50C6.e.3310"}]}
COMMAND: POST /session/6ffaab40fa98d483ee9e695104b36872/execute/async - {"script":"<script> [1562 bytes]","args":[{"selector":{"id":"application-manageyards-display-component---NewYard--addressNewCostObjectCstID-vhi"},"wdio_ui5_key":"applicationmanageyards-display-component---NewYard--addressNewCostObjectCstID-vhi"}]}
COMMAND: GET /session/6ffaab40fa98d483ee9e695104b36872/screenshot - {}
RESULT: {"script":"<script> [1562 bytes]","args":[{"selector":{"id":"application-manageyards-display-component---NewYard--addressNewCostObjectCstID-vhi"},"wdio_ui5_key":"applicationmanageyards-display-component---NewYard--addressNewCostObjectCstID-vhi"}]}
RESULT: undefined
COMMAND: POST /session/6ffaab40fa98d483ee9e695104b36872/element - {"using":"xpath","value":"//*[@id=\"application-manageyards-display-component---NewYard--addressNewCostObjectCstID-vhi\"]"}
RESULT: {}
RESULT: {"using":"xpath","value":"//*[@id=\"application-manageyards-display-component---NewYard--addressNewCostObjectCstID-vhi\"]"}
COMMAND: POST /session/6ffaab40fa98d483ee9e695104b36872/element/f.CD9C86C2D64AD9F43056403335C8D92C.d.29BC720B365F850DE3910D8511BB50C6.e.3310/click - {}
RESULT: {}
COMMAND: GET /session/6ffaab40fa98d483ee9e695104b36872/screenshot - {}
RESULT: {}
COMMAND: POST /session/6ffaab40fa98d483ee9e695104b36872/execute/async - {"script":"<script> [1562 bytes]","args":[{"selector":{"controlType":"sap.m.SearchField","properties":{"placeholder":"Search"},"searchOpenDialogs":true,"interaction":{"idSuffix":"I"}},"wdio_ui5_key":"sapm.SearchField{\"placeholder\":\"Search\"}"}]}
RESULT: {"script":"<script> [1562 bytes]","args":[{"selector":{"controlType":"sap.m.SearchField","properties":{"placeholder":"Search"},"searchOpenDialogs":true,"interaction":{"idSuffix":"I"}},"wdio_ui5_key":"sapm.SearchField{\"placeholder\":\"Search\"}"}]}
RESULT: undefined
COMMAND: POST /session/6ffaab40fa98d483ee9e695104b36872/execute/async - {"script":"<script> [776 bytes]","args":[{"enterText":"bauh_b","selector":{"controlType":"sap.m.SearchField","properties":{"placeholder":"Search"},"searchOpenDialogs":true,"interaction":{"idSuffix":"I"}},"clearTextFirst":true,"interactionType":"ENTER_TEXT"}]}
RESULT: {"script":"<script> [776 bytes]","args":[{"enterText":"bauh_b","selector":{"controlType":"sap.m.SearchField","properties":{"placeholder":"Search"},"searchOpenDialogs":true,"interaction":{"idSuffix":"I"}},"clearTextFirst":true,"interactionType":"ENTER_TEXT"}]}
COMMAND: POST /session/6ffaab40fa98d483ee9e695104b36872/actions - {"actions":[{"id":"action10","type":"key","parameters":{},"actions":[{"type":"keyDown","value":"î€‡"},{"type":"pause","duration":10},{"type":"keyUp","value":"î€‡"}]}]}
RESULT: {"actions":[{"id":"action10","type":"key","parameters":{},"actions":[{"type":"keyDown","value":"î€‡"},{"type":"pause","duration":10},{"type":"keyUp","value":"î€‡"}]}]}
COMMAND: GET /session/6ffaab40fa98d483ee9e695104b36872/screenshot - {}
RESULT: {}
COMMAND: POST /session/6ffaab40fa98d483ee9e695104b36872/element - {"using":"xpath","value":"//span[contains(text(), \"Demo Yard\")]"}
RESULT: {"using":"xpath","value":"//span[contains(text(), \"Demo Yard\")]"}
COMMAND: POST /session/6ffaab40fa98d483ee9e695104b36872/element/f.CD9C86C2D64AD9F43056403335C8D92C.d.29BC720B365F850DE3910D8511BB50C6.e.3352/click - {}
RESULT: {}
COMMAND: GET /session/6ffaab40fa98d483ee9e695104b36872/screenshot - {}
RESULT: {}
COMMAND: POST /session/6ffaab40fa98d483ee9e695104b36872/element - {"using":"xpath","value":"//bdi[contains(text(), \"OK\")]"}
RESULT: {"using":"xpath","value":"//bdi[contains(text(), \"OK\")]"}
COMMAND: POST /session/6ffaab40fa98d483ee9e695104b36872/element/f.CD9C86C2D64AD9F43056403335C8D92C.d.29BC720B365F850DE3910D8511BB50C6.e.3353/click - {}
RESULT: {}
COMMAND: GET /session/6ffaab40fa98d483ee9e695104b36872/screenshot - {}
RESULT: {}
COMMAND: POST /session/6ffaab40fa98d483ee9e695104b36872/execute/async - {"script":"<script> [1562 bytes]","args":[{"selector":{"id":"application-manageyards-display-component---NewYard--addressEditDetailsCurrency-arrow"},"wdio_ui5_key":"applicationmanageyards-display-component---NewYard--addressEditDetailsCurrency-arrow"}]}
RESULT: {"script":"<script> [1562 bytes]","args":[{"selector":{"id":"application-manageyards-display-component---NewYard--addressEditDetailsCurrency-arrow"},"wdio_ui5_key":"applicationmanageyards-display-component---NewYard--addressEditDetailsCurrency-arrow"}]}
RESULT: undefined
COMMAND: POST /session/6ffaab40fa98d483ee9e695104b36872/element - {"using":"xpath","value":"//*[@id=\"application-manageyards-display-component---NewYard--addressEditDetailsCurrency-arrow\"]"}
RESULT: {"using":"xpath","value":"//*[@id=\"application-manageyards-display-component---NewYard--addressEditDetailsCurrency-arrow\"]"}
COMMAND: POST /session/6ffaab40fa98d483ee9e695104b36872/element/f.CD9C86C2D64AD9F43056403335C8D92C.d.29BC720B365F850DE3910D8511BB50C6.e.3356/click - {}
RESULT: {}
COMMAND: POST /session/6ffaab40fa98d483ee9e695104b36872/element - {"using":"xpath","value":"//span[contains(text(), \"Euro\")]"}
COMMAND: GET /session/6ffaab40fa98d483ee9e695104b36872/screenshot - {}
RESULT: {"using":"xpath","value":"//span[contains(text(), \"Euro\")]"}
COMMAND: POST /session/6ffaab40fa98d483ee9e695104b36872/element/f.CD9C86C2D64AD9F43056403335C8D92C.d.29BC720B365F850DE3910D8511BB50C6.e.3357/click - {}
RESULT: {}
RESULT: {}
COMMAND: POST /session/6ffaab40fa98d483ee9e695104b36872/execute/async - {"script":"<script> [1562 bytes]","args":[{"selector":{"controlType":"sap.m.Input","viewName":"etm.portal.ui.manageyards.view.New","viewId":"application-manageyards-display-component---NewYard","bindingPath":{"path":"","propertyPath":"/CONTROLLING_AREA","modelName":"NewYardModel"},"interaction":{"idSuffix":"inner"}},"wdio_ui5_key":"etmportal.ui.manageyards.view.Newsap.m.Input{\"path\":\"\",\"propertyPath\":\"/CONTROLLING_AREA\",\"modelName\":\"NewYardModel\"}"}]}
COMMAND: GET /session/6ffaab40fa98d483ee9e695104b36872/screenshot - {}
RESULT: {"script":"<script> [1562 bytes]","args":[{"selector":{"controlType":"sap.m.Input","viewName":"etm.portal.ui.manageyards.view.New","viewId":"application-manageyards-display-component---NewYard","bindingPath":{"path":"","propertyPath":"/CONTROLLING_AREA","modelName":"NewYardModel"},"interaction":{"idSuffix":"inner"}},"wdio_ui5_key":"etmportal.ui.manageyards.view.Newsap.m.Input{\"path\":\"\",\"propertyPath\":\"/CONTROLLING_AREA\",\"modelName\":\"NewYardModel\"}"}]}
RESULT: undefined
COMMAND: POST /session/6ffaab40fa98d483ee9e695104b36872/execute/async - {"script":"<script> [776 bytes]","args":[{"enterText":"Z001","selector":{"controlType":"sap.m.Input","viewName":"etm.portal.ui.manageyards.view.New","viewId":"application-manageyards-display-component---NewYard","bindingPath":{"path":"","propertyPath":"/CONTROLLING_AREA","modelName":"NewYardModel"},"interaction":{"idSuffix":"inner"}},"clearTextFirst":true,"interactionType":"ENTER_TEXT"}]}
RESULT: {}
RESULT: {"script":"<script> [776 bytes]","args":[{"enterText":"Z001","selector":{"controlType":"sap.m.Input","viewName":"etm.portal.ui.manageyards.view.New","viewId":"application-manageyards-display-component---NewYard","bindingPath":{"path":"","propertyPath":"/CONTROLLING_AREA","modelName":"NewYardModel"},"interaction":{"idSuffix":"inner"}},"clearTextFirst":true,"interactionType":"ENTER_TEXT"}]}
COMMAND: POST /session/6ffaab40fa98d483ee9e695104b36872/execute/async - {"script":"<script> [1562 bytes]","args":[{"selector":{"id":"application-manageyards-display-component---NewYard--companyCodeComboBox","interaction":{"idSuffix":"inner"}},"wdio_ui5_key":"applicationmanageyards-display-component---NewYard--companyCodeComboBox"}]}
RESULT: {"script":"<script> [1562 bytes]","args":[{"selector":{"id":"application-manageyards-display-component---NewYard--companyCodeComboBox","interaction":{"idSuffix":"inner"}},"wdio_ui5_key":"applicationmanageyards-display-component---NewYard--companyCodeComboBox"}]}
RESULT: undefined
COMMAND: POST /session/6ffaab40fa98d483ee9e695104b36872/execute/async - {"script":"<script> [776 bytes]","args":[{"enterText":"1000","selector":{"id":"application-manageyards-display-component---NewYard--companyCodeComboBox","interaction":{"idSuffix":"inner"}},"clearTextFirst":true,"interactionType":"ENTER_TEXT"}]}
RESULT: {"script":"<script> [776 bytes]","args":[{"enterText":"1000","selector":{"id":"application-manageyards-display-component---NewYard--companyCodeComboBox","interaction":{"idSuffix":"inner"}},"clearTextFirst":true,"interactionType":"ENTER_TEXT"}]}
COMMAND: POST /session/6ffaab40fa98d483ee9e695104b36872/execute/async - {"script":"<script> [1562 bytes]","args":[{"selector":{"controlType":"sap.m.Input","viewName":"etm.portal.ui.manageyards.view.New","viewId":"application-manageyards-display-component---NewYard","bindingPath":{"path":"","propertyPath":"/PLANT","modelName":"NewYardModel"},"interaction":{"idSuffix":"inner"}},"wdio_ui5_key":"etmportal.ui.manageyards.view.Newsap.m.Input{\"path\":\"\",\"propertyPath\":\"/PLANT\",\"modelName\":\"NewYardModel\"}"}]}
RESULT: {"script":"<script> [1562 bytes]","args":[{"selector":{"controlType":"sap.m.Input","viewName":"etm.portal.ui.manageyards.view.New","viewId":"application-manageyards-display-component---NewYard","bindingPath":{"path":"","propertyPath":"/PLANT","modelName":"NewYardModel"},"interaction":{"idSuffix":"inner"}},"wdio_ui5_key":"etmportal.ui.manageyards.view.Newsap.m.Input{\"path\":\"\",\"propertyPath\":\"/PLANT\",\"modelName\":\"NewYardModel\"}"}]}
RESULT: undefined
COMMAND: POST /session/6ffaab40fa98d483ee9e695104b36872/execute/async - {"script":"<script> [776 bytes]","args":[{"enterText":"1001","selector":{"controlType":"sap.m.Input","viewName":"etm.portal.ui.manageyards.view.New","viewId":"application-manageyards-display-component---NewYard","bindingPath":{"path":"","propertyPath":"/PLANT","modelName":"NewYardModel"},"interaction":{"idSuffix":"inner"}},"clearTextFirst":true,"interactionType":"ENTER_TEXT"}]}
RESULT: {"script":"<script> [776 bytes]","args":[{"enterText":"1001","selector":{"controlType":"sap.m.Input","viewName":"etm.portal.ui.manageyards.view.New","viewId":"application-manageyards-display-component---NewYard","bindingPath":{"path":"","propertyPath":"/PLANT","modelName":"NewYardModel"},"interaction":{"idSuffix":"inner"}},"clearTextFirst":true,"interactionType":"ENTER_TEXT"}]}
COMMAND: POST /session/6ffaab40fa98d483ee9e695104b36872/execute/async - {"script":"<script> [1562 bytes]","args":[{"selector":{"controlType":"sap.m.Input","viewName":"etm.portal.ui.manageyards.view.New","viewId":"application-manageyards-display-component---NewYard","bindingPath":{"path":"","propertyPath":"/SALES_AREA_VKORG","modelName":"NewYardModel"},"interaction":{"idSuffix":"inner"}},"wdio_ui5_key":"etmportal.ui.manageyards.view.Newsap.m.Input{\"path\":\"\",\"propertyPath\":\"/SALES_AREA_VKORG\",\"modelName\":\"NewYardModel\"}"}]}
RESULT: {"script":"<script> [1562 bytes]","args":[{"selector":{"controlType":"sap.m.Input","viewName":"etm.portal.ui.manageyards.view.New","viewId":"application-manageyards-display-component---NewYard","bindingPath":{"path":"","propertyPath":"/SALES_AREA_VKORG","modelName":"NewYardModel"},"interaction":{"idSuffix":"inner"}},"wdio_ui5_key":"etmportal.ui.manageyards.view.Newsap.m.Input{\"path\":\"\",\"propertyPath\":\"/SALES_AREA_VKORG\",\"modelName\":\"NewYardModel\"}"}]}
RESULT: undefined
COMMAND: POST /session/6ffaab40fa98d483ee9e695104b36872/execute/async - {"script":"<script> [776 bytes]","args":[{"enterText":"C002","selector":{"controlType":"sap.m.Input","viewName":"etm.portal.ui.manageyards.view.New","viewId":"application-manageyards-display-component---NewYard","bindingPath":{"path":"","propertyPath":"/SALES_AREA_VKORG","modelName":"NewYardModel"},"interaction":{"idSuffix":"inner"}},"clearTextFirst":true,"interactionType":"ENTER_TEXT"}]}
RESULT: {"script":"<script> [776 bytes]","args":[{"enterText":"C002","selector":{"controlType":"sap.m.Input","viewName":"etm.portal.ui.manageyards.view.New","viewId":"application-manageyards-display-component---NewYard","bindingPath":{"path":"","propertyPath":"/SALES_AREA_VKORG","modelName":"NewYardModel"},"interaction":{"idSuffix":"inner"}},"clearTextFirst":true,"interactionType":"ENTER_TEXT"}]}
COMMAND: POST /session/6ffaab40fa98d483ee9e695104b36872/execute/async - {"script":"<script> [1562 bytes]","args":[{"selector":{"controlType":"sap.m.Input","viewName":"etm.portal.ui.manageyards.view.New","viewId":"application-manageyards-display-component---NewYard","bindingPath":{"path":"","propertyPath":"/SALES_AREA_VTWEG","modelName":"NewYardModel"},"interaction":{"idSuffix":"inner"}},"wdio_ui5_key":"etmportal.ui.manageyards.view.Newsap.m.Input{\"path\":\"\",\"propertyPath\":\"/SALES_AREA_VTWEG\",\"modelName\":\"NewYardModel\"}"}]}
RESULT: {"script":"<script> [1562 bytes]","args":[{"selector":{"controlType":"sap.m.Input","viewName":"etm.portal.ui.manageyards.view.New","viewId":"application-manageyards-display-component---NewYard","bindingPath":{"path":"","propertyPath":"/SALES_AREA_VTWEG","modelName":"NewYardModel"},"interaction":{"idSuffix":"inner"}},"wdio_ui5_key":"etmportal.ui.manageyards.view.Newsap.m.Input{\"path\":\"\",\"propertyPath\":\"/SALES_AREA_VTWEG\",\"modelName\":\"NewYardModel\"}"}]}
RESULT: undefined
COMMAND: POST /session/6ffaab40fa98d483ee9e695104b36872/execute/async - {"script":"<script> [776 bytes]","args":[{"enterText":"C2","selector":{"controlType":"sap.m.Input","viewName":"etm.portal.ui.manageyards.view.New","viewId":"application-manageyards-display-component---NewYard","bindingPath":{"path":"","propertyPath":"/SALES_AREA_VTWEG","modelName":"NewYardModel"},"interaction":{"idSuffix":"inner"}},"clearTextFirst":true,"interactionType":"ENTER_TEXT"}]}
RESULT: {"script":"<script> [776 bytes]","args":[{"enterText":"C2","selector":{"controlType":"sap.m.Input","viewName":"etm.portal.ui.manageyards.view.New","viewId":"application-manageyards-display-component---NewYard","bindingPath":{"path":"","propertyPath":"/SALES_AREA_VTWEG","modelName":"NewYardModel"},"interaction":{"idSuffix":"inner"}},"clearTextFirst":true,"interactionType":"ENTER_TEXT"}]}
COMMAND: POST /session/6ffaab40fa98d483ee9e695104b36872/execute/async - {"script":"<script> [1562 bytes]","args":[{"selector":{"controlType":"sap.m.Input","viewName":"etm.portal.ui.manageyards.view.New","viewId":"application-manageyards-display-component---NewYard","bindingPath":{"path":"","propertyPath":"/SALES_AREA_SPART","modelName":"NewYardModel"},"interaction":{"idSuffix":"inner"}},"wdio_ui5_key":"etmportal.ui.manageyards.view.Newsap.m.Input{\"path\":\"\",\"propertyPath\":\"/SALES_AREA_SPART\",\"modelName\":\"NewYardModel\"}"}]}
RESULT: {"script":"<script> [1562 bytes]","args":[{"selector":{"controlType":"sap.m.Input","viewName":"etm.portal.ui.manageyards.view.New","viewId":"application-manageyards-display-component---NewYard","bindingPath":{"path":"","propertyPath":"/SALES_AREA_SPART","modelName":"NewYardModel"},"interaction":{"idSuffix":"inner"}},"wdio_ui5_key":"etmportal.ui.manageyards.view.Newsap.m.Input{\"path\":\"\",\"propertyPath\":\"/SALES_AREA_SPART\",\"modelName\":\"NewYardModel\"}"}]}
RESULT: undefined
COMMAND: POST /session/6ffaab40fa98d483ee9e695104b36872/execute/async - {"script":"<script> [776 bytes]","args":[{"enterText":"C2","selector":{"controlType":"sap.m.Input","viewName":"etm.portal.ui.manageyards.view.New","viewId":"application-manageyards-display-component---NewYard","bindingPath":{"path":"","propertyPath":"/SALES_AREA_SPART","modelName":"NewYardModel"},"interaction":{"idSuffix":"inner"}},"clearTextFirst":true,"interactionType":"ENTER_TEXT"}]}
RESULT: {"script":"<script> [776 bytes]","args":[{"enterText":"C2","selector":{"controlType":"sap.m.Input","viewName":"etm.portal.ui.manageyards.view.New","viewId":"application-manageyards-display-component---NewYard","bindingPath":{"path":"","propertyPath":"/SALES_AREA_SPART","modelName":"NewYardModel"},"interaction":{"idSuffix":"inner"}},"clearTextFirst":true,"interactionType":"ENTER_TEXT"}]}
COMMAND: POST /session/6ffaab40fa98d483ee9e695104b36872/execute/async - {"script":"<script> [1562 bytes]","args":[{"selector":{"controlType":"sap.m.Input","viewName":"etm.portal.ui.manageyards.view.New","viewId":"application-manageyards-display-component---NewYard","bindingPath":{"path":"","propertyPath":"/SHIP_POINT","modelName":"NewYardModel"},"interaction":{"idSuffix":"inner"}},"wdio_ui5_key":"etmportal.ui.manageyards.view.Newsap.m.Input{\"path\":\"\",\"propertyPath\":\"/SHIP_POINT\",\"modelName\":\"NewYardModel\"}"}]}
RESULT: {"script":"<script> [1562 bytes]","args":[{"selector":{"controlType":"sap.m.Input","viewName":"etm.portal.ui.manageyards.view.New","viewId":"application-manageyards-display-component---NewYard","bindingPath":{"path":"","propertyPath":"/SHIP_POINT","modelName":"NewYardModel"},"interaction":{"idSuffix":"inner"}},"wdio_ui5_key":"etmportal.ui.manageyards.view.Newsap.m.Input{\"path\":\"\",\"propertyPath\":\"/SHIP_POINT\",\"modelName\":\"NewYardModel\"}"}]}
RESULT: undefined
COMMAND: POST /session/6ffaab40fa98d483ee9e695104b36872/execute/async - {"script":"<script> [776 bytes]","args":[{"enterText":"1710","selector":{"controlType":"sap.m.Input","viewName":"etm.portal.ui.manageyards.view.New","viewId":"application-manageyards-display-component---NewYard","bindingPath":{"path":"","propertyPath":"/SHIP_POINT","modelName":"NewYardModel"},"interaction":{"idSuffix":"inner"}},"clearTextFirst":true,"interactionType":"ENTER_TEXT"}]}
RESULT: {"script":"<script> [776 bytes]","args":[{"enterText":"1710","selector":{"controlType":"sap.m.Input","viewName":"etm.portal.ui.manageyards.view.New","viewId":"application-manageyards-display-component---NewYard","bindingPath":{"path":"","propertyPath":"/SHIP_POINT","modelName":"NewYardModel"},"interaction":{"idSuffix":"inner"}},"clearTextFirst":true,"interactionType":"ENTER_TEXT"}]}
COMMAND: POST /session/6ffaab40fa98d483ee9e695104b36872/execute/async - {"script":"<script> [1562 bytes]","args":[{"selector":{"controlType":"sap.m.Input","viewName":"etm.portal.ui.manageyards.view.New","viewId":"application-manageyards-display-component---NewYard","bindingPath":{"path":"","propertyPath":"/DELIVERY_TYPE","modelName":"NewYardModel"},"interaction":{"idSuffix":"inner"}},"wdio_ui5_key":"etmportal.ui.manageyards.view.Newsap.m.Input{\"path\":\"\",\"propertyPath\":\"/DELIVERY_TYPE\",\"modelName\":\"NewYardModel\"}"}]}
RESULT: {"script":"<script> [1562 bytes]","args":[{"selector":{"controlType":"sap.m.Input","viewName":"etm.portal.ui.manageyards.view.New","viewId":"application-manageyards-display-component---NewYard","bindingPath":{"path":"","propertyPath":"/DELIVERY_TYPE","modelName":"NewYardModel"},"interaction":{"idSuffix":"inner"}},"wdio_ui5_key":"etmportal.ui.manageyards.view.Newsap.m.Input{\"path\":\"\",\"propertyPath\":\"/DELIVERY_TYPE\",\"modelName\":\"NewYardModel\"}"}]}
RESULT: undefined
COMMAND: POST /session/6ffaab40fa98d483ee9e695104b36872/execute/async - {"script":"<script> [776 bytes]","args":[{"enterText":"ZL01","selector":{"controlType":"sap.m.Input","viewName":"etm.portal.ui.manageyards.view.New","viewId":"application-manageyards-display-component---NewYard","bindingPath":{"path":"","propertyPath":"/DELIVERY_TYPE","modelName":"NewYardModel"},"interaction":{"idSuffix":"inner"}},"clearTextFirst":true,"interactionType":"ENTER_TEXT"}]}
RESULT: {"script":"<script> [776 bytes]","args":[{"enterText":"ZL01","selector":{"controlType":"sap.m.Input","viewName":"etm.portal.ui.manageyards.view.New","viewId":"application-manageyards-display-component---NewYard","bindingPath":{"path":"","propertyPath":"/DELIVERY_TYPE","modelName":"NewYardModel"},"interaction":{"idSuffix":"inner"}},"clearTextFirst":true,"interactionType":"ENTER_TEXT"}]}
COMMAND: POST /session/6ffaab40fa98d483ee9e695104b36872/execute/async - {"script":"<script> [1562 bytes]","args":[{"selector":{"controlType":"sap.m.Input","viewName":"etm.portal.ui.manageyards.view.New","viewId":"application-manageyards-display-component---NewYard","bindingPath":{"path":"","propertyPath":"/AUART","modelName":"NewYardModel"},"interaction":{"idSuffix":"inner"}},"wdio_ui5_key":"etmportal.ui.manageyards.view.Newsap.m.Input{\"path\":\"\",\"propertyPath\":\"/AUART\",\"modelName\":\"NewYardModel\"}"}]}
RESULT: {"script":"<script> [1562 bytes]","args":[{"selector":{"controlType":"sap.m.Input","viewName":"etm.portal.ui.manageyards.view.New","viewId":"application-manageyards-display-component---NewYard","bindingPath":{"path":"","propertyPath":"/AUART","modelName":"NewYardModel"},"interaction":{"idSuffix":"inner"}},"wdio_ui5_key":"etmportal.ui.manageyards.view.Newsap.m.Input{\"path\":\"\",\"propertyPath\":\"/AUART\",\"modelName\":\"NewYardModel\"}"}]}
RESULT: undefined
COMMAND: POST /session/6ffaab40fa98d483ee9e695104b36872/execute/async - {"script":"<script> [776 bytes]","args":[{"enterText":"TA","selector":{"controlType":"sap.m.Input","viewName":"etm.portal.ui.manageyards.view.New","viewId":"application-manageyards-display-component---NewYard","bindingPath":{"path":"","propertyPath":"/AUART","modelName":"NewYardModel"},"interaction":{"idSuffix":"inner"}},"clearTextFirst":true,"interactionType":"ENTER_TEXT"}]}
RESULT: {"script":"<script> [776 bytes]","args":[{"enterText":"TA","selector":{"controlType":"sap.m.Input","viewName":"etm.portal.ui.manageyards.view.New","viewId":"application-manageyards-display-component---NewYard","bindingPath":{"path":"","propertyPath":"/AUART","modelName":"NewYardModel"},"interaction":{"idSuffix":"inner"}},"clearTextFirst":true,"interactionType":"ENTER_TEXT"}]}
COMMAND: POST /session/6ffaab40fa98d483ee9e695104b36872/execute/async - {"script":"<script> [1562 bytes]","args":[{"selector":{"id":"application-manageyards-display-component---NewYard--whmCheckBox","interaction":{"idSuffix":"CbBg"}},"wdio_ui5_key":"applicationmanageyards-display-component---NewYard--whmCheckBox"}]}
RESULT: {"script":"<script> [1562 bytes]","args":[{"selector":{"id":"application-manageyards-display-component---NewYard--whmCheckBox","interaction":{"idSuffix":"CbBg"}},"wdio_ui5_key":"applicationmanageyards-display-component---NewYard--whmCheckBox"}]}
RESULT: undefined
COMMAND: POST /session/6ffaab40fa98d483ee9e695104b36872/element - {"using":"xpath","value":"//*[@id=\"application-manageyards-display-component---NewYard--whmCheckBox\"]"}
RESULT: {"using":"xpath","value":"//*[@id=\"application-manageyards-display-component---NewYard--whmCheckBox\"]"}
COMMAND: POST /session/6ffaab40fa98d483ee9e695104b36872/element/f.CD9C86C2D64AD9F43056403335C8D92C.d.29BC720B365F850DE3910D8511BB50C6.e.3377/click - {}
RESULT: {}
COMMAND: GET /session/6ffaab40fa98d483ee9e695104b36872/screenshot - {}
RESULT: {}
COMMAND: POST /session/6ffaab40fa98d483ee9e695104b36872/element - {"using":"xpath","value":"//button[@data-kt=\"newYardSaveButton\"]"}
RESULT: {"using":"xpath","value":"//button[@data-kt=\"newYardSaveButton\"]"}
COMMAND: POST /session/6ffaab40fa98d483ee9e695104b36872/element/f.CD9C86C2D64AD9F43056403335C8D92C.d.29BC720B365F850DE3910D8511BB50C6.e.3148/click - {}
RESULT: {}
COMMAND: GET /session/6ffaab40fa98d483ee9e695104b36872/screenshot - {}
RESULT: {}
COMMAND: POST /session/6ffaab40fa98d483ee9e695104b36872/element - {"using":"xpath","value":"//header[contains(@id, 'ObjectPageLayout-headerTitle')]/div[1]/div[2]/div[1]/span[1]"}
RESULT: {"using":"xpath","value":"//header[contains(@id, 'ObjectPageLayout-headerTitle')]/div[1]/div[2]/div[1]/span[1]"}
COMMAND: POST /session/6ffaab40fa98d483ee9e695104b36872/elements - {"using":"xpath","value":"//header[contains(@id, 'ObjectPageLayout-headerTitle')]/div[1]/div[2]/div[1]/span[1]"}
RESULT: {"using":"xpath","value":"//header[contains(@id, 'ObjectPageLayout-headerTitle')]/div[1]/div[2]/div[1]/span[1]"}
COMMAND: POST /session/6ffaab40fa98d483ee9e695104b36872/execute/sync - {"script":"<script> [56 bytes]","args":[{"element-6066-11e4-a52e-4f735466cecf":"f.CD9C86C2D64AD9F43056403335C8D92C.d.29BC720B365F850DE3910D8511BB50C6.e.3574","ELEMENT":"f.CD9C86C2D64AD9F43056403335C8D92C.d.29BC720B365F850DE3910D8511BB50C6.e.3574"}]}
RESULT: {"script":"<script> [56 bytes]","args":[{"element-6066-11e4-a52e-4f735466cecf":"f.CD9C86C2D64AD9F43056403335C8D92C.d.29BC720B365F850DE3910D8511BB50C6.e.3574","ELEMENT":"f.CD9C86C2D64AD9F43056403335C8D92C.d.29BC720B365F850DE3910D8511BB50C6.e.3574"}]}
COMMAND: GET /session/6ffaab40fa98d483ee9e695104b36872/screenshot - {}
RESULT: {}
COMMAND: POST /session/6ffaab40fa98d483ee9e695104b36872/element - {"using":"css selector","value":"#shell-header-logo"}
RESULT: {"using":"css selector","value":"#shell-header-logo"}
COMMAND: POST /session/6ffaab40fa98d483ee9e695104b36872/element/f.CD9C86C2D64AD9F43056403335C8D92C.d.29BC720B365F850DE3910D8511BB50C6.e.3004/click - {}
RESULT: {}
COMMAND: GET /session/6ffaab40fa98d483ee9e695104b36872/screenshot - {}
RESULT: {}
COMMAND: POST /session/6ffaab40fa98d483ee9e695104b36872/execute/sync - {"script":"<script> [299 bytes]","args":[["getModel","getResource"]]}
RESULT: {"script":"<script> [299 bytes]","args":[["getModel","getResource"]]}
COMMAND: GET /session/6ffaab40fa98d483ee9e695104b36872/screenshot - {}
]]></system-out>
    </testcase>
    <testcase classname="chrome.136_0_7103_93.windows.Create_masterdata_for_Yard_Overview_-_trigger_provide_US130988" name="Should create a new external partner" time="108.604">
      <system-out><![CDATA[
COMMAND: POST /session/6ffaab40fa98d483ee9e695104b36872/window/fullscreen - {}
RESULT: {}
RESULT: {}
COMMAND: POST /session/6ffaab40fa98d483ee9e695104b36872/execute/async - {"script":"<script> [1562 bytes]","args":[{"selector":{"controlType":"sap.m.GenericTile","properties":{"header":"Manage Partners"}},"wdio_ui5_key":"sapm.GenericTile{\"header\":\"Manage Partners\"}"}]}
RESULT: {"script":"<script> [1562 bytes]","args":[{"selector":{"controlType":"sap.m.GenericTile","properties":{"header":"Manage Partners"}},"wdio_ui5_key":"sapm.GenericTile{\"header\":\"Manage Partners\"}"}]}
RESULT: undefined
COMMAND: POST /session/6ffaab40fa98d483ee9e695104b36872/element - {"using":"xpath","value":"//*[@id=\"__tile38\"]"}
RESULT: {"using":"xpath","value":"//*[@id=\"__tile38\"]"}
COMMAND: POST /session/6ffaab40fa98d483ee9e695104b36872/element/f.CD9C86C2D64AD9F43056403335C8D92C.d.29BC720B365F850DE3910D8511BB50C6.e.2889/click - {}
RESULT: {}
COMMAND: GET /session/6ffaab40fa98d483ee9e695104b36872/screenshot - {}
RESULT: {}
COMMAND: POST /session/6ffaab40fa98d483ee9e695104b36872/elements - {"using":"xpath","value":"//span[text()='Error']"}
RESULT: {"using":"xpath","value":"//span[text()='Error']"}
COMMAND: POST /session/6ffaab40fa98d483ee9e695104b36872/element - {"using":"xpath","value":"//button[@data-kt=\"addButton\"]"}
RESULT: {"using":"xpath","value":"//button[@data-kt=\"addButton\"]"}
COMMAND: POST /session/6ffaab40fa98d483ee9e695104b36872/elements - {"using":"xpath","value":"//button[@data-kt=\"addButton\"]"}
RESULT: {"using":"xpath","value":"//button[@data-kt=\"addButton\"]"}
COMMAND: POST /session/6ffaab40fa98d483ee9e695104b36872/execute/sync - {"script":"<script> [8489 bytes]","args":[{"element-6066-11e4-a52e-4f735466cecf":"f.CD9C86C2D64AD9F43056403335C8D92C.d.29BC720B365F850DE3910D8511BB50C6.e.3723","ELEMENT":"f.CD9C86C2D64AD9F43056403335C8D92C.d.29BC720B365F850DE3910D8511BB50C6.e.3723"}]}
RESULT: {"script":"<script> [8489 bytes]","args":[{"element-6066-11e4-a52e-4f735466cecf":"f.CD9C86C2D64AD9F43056403335C8D92C.d.29BC720B365F850DE3910D8511BB50C6.e.3723","ELEMENT":"f.CD9C86C2D64AD9F43056403335C8D92C.d.29BC720B365F850DE3910D8511BB50C6.e.3723"}]}
COMMAND: GET /session/6ffaab40fa98d483ee9e695104b36872/element/f.CD9C86C2D64AD9F43056403335C8D92C.d.29BC720B365F850DE3910D8511BB50C6.e.3723/enabled - {}
COMMAND: GET /session/6ffaab40fa98d483ee9e695104b36872/screenshot - {}
RESULT: {}
COMMAND: POST /session/6ffaab40fa98d483ee9e695104b36872/execute/sync - {"script":"<script> [8489 bytes]","args":[{"element-6066-11e4-a52e-4f735466cecf":"f.CD9C86C2D64AD9F43056403335C8D92C.d.29BC720B365F850DE3910D8511BB50C6.e.3723","ELEMENT":"f.CD9C86C2D64AD9F43056403335C8D92C.d.29BC720B365F850DE3910D8511BB50C6.e.3723"}]}
COMMAND: GET /session/6ffaab40fa98d483ee9e695104b36872/screenshot - {}
RESULT: {}
RESULT: {"script":"<script> [8489 bytes]","args":[{"element-6066-11e4-a52e-4f735466cecf":"f.CD9C86C2D64AD9F43056403335C8D92C.d.29BC720B365F850DE3910D8511BB50C6.e.3723","ELEMENT":"f.CD9C86C2D64AD9F43056403335C8D92C.d.29BC720B365F850DE3910D8511BB50C6.e.3723"}]}
COMMAND: POST /session/6ffaab40fa98d483ee9e695104b36872/execute/sync - {"script":"<script> [5351 bytes]","args":[{"element-6066-11e4-a52e-4f735466cecf":"f.CD9C86C2D64AD9F43056403335C8D92C.d.29BC720B365F850DE3910D8511BB50C6.e.3723","ELEMENT":"f.CD9C86C2D64AD9F43056403335C8D92C.d.29BC720B365F850DE3910D8511BB50C6.e.3723"}]}
COMMAND: GET /session/6ffaab40fa98d483ee9e695104b36872/screenshot - {}
RESULT: {}
RESULT: {"script":"<script> [5351 bytes]","args":[{"element-6066-11e4-a52e-4f735466cecf":"f.CD9C86C2D64AD9F43056403335C8D92C.d.29BC720B365F850DE3910D8511BB50C6.e.3723","ELEMENT":"f.CD9C86C2D64AD9F43056403335C8D92C.d.29BC720B365F850DE3910D8511BB50C6.e.3723"}]}
COMMAND: POST /session/6ffaab40fa98d483ee9e695104b36872/element/f.CD9C86C2D64AD9F43056403335C8D92C.d.29BC720B365F850DE3910D8511BB50C6.e.3723/click - {}
RESULT: {}
COMMAND: GET /session/6ffaab40fa98d483ee9e695104b36872/screenshot - {}
RESULT: {}
COMMAND: GET /session/6ffaab40fa98d483ee9e695104b36872/screenshot - {}
RESULT: {}
RESULT: {}
COMMAND: POST /session/6ffaab40fa98d483ee9e695104b36872/execute/async - {"script":"<script> [1562 bytes]","args":[{"selector":{"id":"application-managepartners-display-component---NewPartner--addressDetailDetailsName1","interaction":{"idSuffix":"inner"}},"wdio_ui5_key":"applicationmanagepartners-display-component---NewPartner--addressDetailDetailsName1"}]}
RESULT: {"script":"<script> [1562 bytes]","args":[{"selector":{"id":"application-managepartners-display-component---NewPartner--addressDetailDetailsName1","interaction":{"idSuffix":"inner"}},"wdio_ui5_key":"applicationmanagepartners-display-component---NewPartner--addressDetailDetailsName1"}]}
RESULT: undefined
COMMAND: POST /session/6ffaab40fa98d483ee9e695104b36872/execute/async - {"script":"<script> [776 bytes]","args":[{"enterText":"External Partner WDIO","selector":{"id":"application-managepartners-display-component---NewPartner--addressDetailDetailsName1","interaction":{"idSuffix":"inner"}},"clearTextFirst":true,"interactionType":"ENTER_TEXT"}]}
RESULT: {"script":"<script> [776 bytes]","args":[{"enterText":"External Partner WDIO","selector":{"id":"application-managepartners-display-component---NewPartner--addressDetailDetailsName1","interaction":{"idSuffix":"inner"}},"clearTextFirst":true,"interactionType":"ENTER_TEXT"}]}
COMMAND: POST /session/6ffaab40fa98d483ee9e695104b36872/execute/async - {"script":"<script> [1562 bytes]","args":[{"selector":{"id":"application-managepartners-display-component---NewPartner--addressDetailDetailsLanguage-arrow"},"wdio_ui5_key":"applicationmanagepartners-display-component---NewPartner--addressDetailDetailsLanguage-arrow"}]}
RESULT: {"script":"<script> [1562 bytes]","args":[{"selector":{"id":"application-managepartners-display-component---NewPartner--addressDetailDetailsLanguage-arrow"},"wdio_ui5_key":"applicationmanagepartners-display-component---NewPartner--addressDetailDetailsLanguage-arrow"}]}
RESULT: undefined
COMMAND: POST /session/6ffaab40fa98d483ee9e695104b36872/element - {"using":"xpath","value":"//*[@id=\"application-managepartners-display-component---NewPartner--addressDetailDetailsLanguage-arrow\"]"}
RESULT: {"using":"xpath","value":"//*[@id=\"application-managepartners-display-component---NewPartner--addressDetailDetailsLanguage-arrow\"]"}
COMMAND: POST /session/6ffaab40fa98d483ee9e695104b36872/element/f.CD9C86C2D64AD9F43056403335C8D92C.d.29BC720B365F850DE3910D8511BB50C6.e.4042/click - {}
RESULT: {}
COMMAND: POST /session/6ffaab40fa98d483ee9e695104b36872/element - {"using":"xpath","value":"//span[contains(text(), \"English\")]"}
COMMAND: GET /session/6ffaab40fa98d483ee9e695104b36872/screenshot - {}
RESULT: {"using":"xpath","value":"//span[contains(text(), \"English\")]"}
COMMAND: POST /session/6ffaab40fa98d483ee9e695104b36872/element/f.CD9C86C2D64AD9F43056403335C8D92C.d.29BC720B365F850DE3910D8511BB50C6.e.4043/click - {}
RESULT: {}
RESULT: {}
COMMAND: GET /session/6ffaab40fa98d483ee9e695104b36872/screenshot - {}
RESULT: {}
COMMAND: POST /session/6ffaab40fa98d483ee9e695104b36872/execute/async - {"script":"<script> [1562 bytes]","args":[{"selector":{"id":"application-managepartners-display-component---NewPartner--addressDetailDetailsCity1","interaction":{"idSuffix":"inner"}},"wdio_ui5_key":"applicationmanagepartners-display-component---NewPartner--addressDetailDetailsCity1"}]}
RESULT: {"script":"<script> [1562 bytes]","args":[{"selector":{"id":"application-managepartners-display-component---NewPartner--addressDetailDetailsCity1","interaction":{"idSuffix":"inner"}},"wdio_ui5_key":"applicationmanagepartners-display-component---NewPartner--addressDetailDetailsCity1"}]}
RESULT: undefined
COMMAND: POST /session/6ffaab40fa98d483ee9e695104b36872/execute/async - {"script":"<script> [776 bytes]","args":[{"enterText":"Rosario","selector":{"id":"application-managepartners-display-component---NewPartner--addressDetailDetailsCity1","interaction":{"idSuffix":"inner"}},"clearTextFirst":true,"interactionType":"ENTER_TEXT"}]}
RESULT: {"script":"<script> [776 bytes]","args":[{"enterText":"Rosario","selector":{"id":"application-managepartners-display-component---NewPartner--addressDetailDetailsCity1","interaction":{"idSuffix":"inner"}},"clearTextFirst":true,"interactionType":"ENTER_TEXT"}]}
COMMAND: POST /session/6ffaab40fa98d483ee9e695104b36872/execute/async - {"script":"<script> [1562 bytes]","args":[{"selector":{"id":"application-managepartners-display-component---NewPartner--addressDetailDetailsCountry-arrow"},"wdio_ui5_key":"applicationmanagepartners-display-component---NewPartner--addressDetailDetailsCountry-arrow"}]}
RESULT: {"script":"<script> [1562 bytes]","args":[{"selector":{"id":"application-managepartners-display-component---NewPartner--addressDetailDetailsCountry-arrow"},"wdio_ui5_key":"applicationmanagepartners-display-component---NewPartner--addressDetailDetailsCountry-arrow"}]}
RESULT: undefined
COMMAND: POST /session/6ffaab40fa98d483ee9e695104b36872/element - {"using":"xpath","value":"//*[@id=\"application-managepartners-display-component---NewPartner--addressDetailDetailsCountry-arrow\"]"}
RESULT: {"using":"xpath","value":"//*[@id=\"application-managepartners-display-component---NewPartner--addressDetailDetailsCountry-arrow\"]"}
COMMAND: POST /session/6ffaab40fa98d483ee9e695104b36872/element/f.CD9C86C2D64AD9F43056403335C8D92C.d.29BC720B365F850DE3910D8511BB50C6.e.4028/click - {}
RESULT: {}
COMMAND: POST /session/6ffaab40fa98d483ee9e695104b36872/element - {"using":"xpath","value":"//span[contains(text(), \"Argentina\")]"}
COMMAND: GET /session/6ffaab40fa98d483ee9e695104b36872/screenshot - {}
RESULT: {"using":"xpath","value":"//span[contains(text(), \"Argentina\")]"}
COMMAND: POST /session/6ffaab40fa98d483ee9e695104b36872/element/f.CD9C86C2D64AD9F43056403335C8D92C.d.29BC720B365F850DE3910D8511BB50C6.e.4045/click - {}
RESULT: {}
RESULT: {}
COMMAND: GET /session/6ffaab40fa98d483ee9e695104b36872/screenshot - {}
RESULT: {}
COMMAND: POST /session/6ffaab40fa98d483ee9e695104b36872/element - {"using":"xpath","value":"//bdi[contains(text(), \"Commercial\")]"}
RESULT: {"using":"xpath","value":"//bdi[contains(text(), \"Commercial\")]"}
COMMAND: POST /session/6ffaab40fa98d483ee9e695104b36872/element/f.CD9C86C2D64AD9F43056403335C8D92C.d.29BC720B365F850DE3910D8511BB50C6.e.4046/click - {}
RESULT: {}
COMMAND: GET /session/6ffaab40fa98d483ee9e695104b36872/screenshot - {}
RESULT: {}
COMMAND: POST /session/6ffaab40fa98d483ee9e695104b36872/execute/async - {"script":"<script> [1562 bytes]","args":[{"selector":{"id":"application-managepartners-display-component---NewPartner--partnerDetailInternal-arrow"},"wdio_ui5_key":"applicationmanagepartners-display-component---NewPartner--partnerDetailInternal-arrow"}]}
RESULT: {"script":"<script> [1562 bytes]","args":[{"selector":{"id":"application-managepartners-display-component---NewPartner--partnerDetailInternal-arrow"},"wdio_ui5_key":"applicationmanagepartners-display-component---NewPartner--partnerDetailInternal-arrow"}]}
RESULT: undefined
COMMAND: POST /session/6ffaab40fa98d483ee9e695104b36872/element - {"using":"xpath","value":"//*[@id=\"application-managepartners-display-component---NewPartner--partnerDetailInternal-arrow\"]"}
RESULT: {"using":"xpath","value":"//*[@id=\"application-managepartners-display-component---NewPartner--partnerDetailInternal-arrow\"]"}
COMMAND: POST /session/6ffaab40fa98d483ee9e695104b36872/element/f.CD9C86C2D64AD9F43056403335C8D92C.d.29BC720B365F850DE3910D8511BB50C6.e.4052/click - {}
RESULT: {}
COMMAND: POST /session/6ffaab40fa98d483ee9e695104b36872/element - {"using":"xpath","value":"//span[contains(text(), \"External partner\")]"}
COMMAND: GET /session/6ffaab40fa98d483ee9e695104b36872/screenshot - {}
RESULT: {"using":"xpath","value":"//span[contains(text(), \"External partner\")]"}
COMMAND: POST /session/6ffaab40fa98d483ee9e695104b36872/element/f.CD9C86C2D64AD9F43056403335C8D92C.d.29BC720B365F850DE3910D8511BB50C6.e.4053/click - {}
RESULT: {}
RESULT: {}
COMMAND: POST /session/6ffaab40fa98d483ee9e695104b36872/execute/async - {"script":"<script> [1562 bytes]","args":[{"selector":{"id":"application-managepartners-display-component---NewPartner--partnerDetailsCurrency-arrow"},"wdio_ui5_key":"applicationmanagepartners-display-component---NewPartner--partnerDetailsCurrency-arrow"}]}
COMMAND: GET /session/6ffaab40fa98d483ee9e695104b36872/screenshot - {}
RESULT: {"script":"<script> [1562 bytes]","args":[{"selector":{"id":"application-managepartners-display-component---NewPartner--partnerDetailsCurrency-arrow"},"wdio_ui5_key":"applicationmanagepartners-display-component---NewPartner--partnerDetailsCurrency-arrow"}]}
RESULT: undefined
COMMAND: POST /session/6ffaab40fa98d483ee9e695104b36872/element - {"using":"xpath","value":"//*[@id=\"application-managepartners-display-component---NewPartner--partnerDetailsCurrency-arrow\"]"}
RESULT: {}
RESULT: {"using":"xpath","value":"//*[@id=\"application-managepartners-display-component---NewPartner--partnerDetailsCurrency-arrow\"]"}
COMMAND: POST /session/6ffaab40fa98d483ee9e695104b36872/element/f.CD9C86C2D64AD9F43056403335C8D92C.d.29BC720B365F850DE3910D8511BB50C6.e.4058/click - {}
RESULT: {}
COMMAND: POST /session/6ffaab40fa98d483ee9e695104b36872/element - {"using":"xpath","value":"//span[contains(text(), \"US Dollar\")]"}
COMMAND: GET /session/6ffaab40fa98d483ee9e695104b36872/screenshot - {}
RESULT: {"using":"xpath","value":"//span[contains(text(), \"US Dollar\")]"}
COMMAND: POST /session/6ffaab40fa98d483ee9e695104b36872/element/f.CD9C86C2D64AD9F43056403335C8D92C.d.29BC720B365F850DE3910D8511BB50C6.e.4059/click - {}
RESULT: {}
RESULT: {}
COMMAND: GET /session/6ffaab40fa98d483ee9e695104b36872/screenshot - {}
RESULT: {}
COMMAND: POST /session/6ffaab40fa98d483ee9e695104b36872/element - {"using":"xpath","value":"//input[@id=\"application-managepartners-display-component---NewPartner--companyCodeComboBox-inner\"]"}
RESULT: {"using":"xpath","value":"//input[@id=\"application-managepartners-display-component---NewPartner--companyCodeComboBox-inner\"]"}
COMMAND: POST /session/6ffaab40fa98d483ee9e695104b36872/element/f.CD9C86C2D64AD9F43056403335C8D92C.d.29BC720B365F850DE3910D8511BB50C6.e.3970/clear - {}
RESULT: {}
COMMAND: POST /session/6ffaab40fa98d483ee9e695104b36872/element/f.CD9C86C2D64AD9F43056403335C8D92C.d.29BC720B365F850DE3910D8511BB50C6.e.3970/value - {"text":"C002"}
COMMAND: GET /session/6ffaab40fa98d483ee9e695104b36872/screenshot - {}
RESULT: {"text":"C002"}
COMMAND: GET /session/6ffaab40fa98d483ee9e695104b36872/screenshot - {}
RESULT: {}
RESULT: {}
COMMAND: POST /session/6ffaab40fa98d483ee9e695104b36872/element - {"using":"xpath","value":"//li[.//span[text()= \"C002\"]]"}
RESULT: {"using":"xpath","value":"//li[.//span[text()= \"C002\"]]"}
COMMAND: POST /session/6ffaab40fa98d483ee9e695104b36872/element/f.CD9C86C2D64AD9F43056403335C8D92C.d.29BC720B365F850DE3910D8511BB50C6.e.4063/click - {}
RESULT: {}
COMMAND: GET /session/6ffaab40fa98d483ee9e695104b36872/screenshot - {}
RESULT: {}
COMMAND: POST /session/6ffaab40fa98d483ee9e695104b36872/execute/async - {"script":"<script> [1562 bytes]","args":[{"selector":{"controlType":"sap.ui.core.Icon","viewName":"etm.portal.ui.managepartners.view.NewPartner","viewId":"application-managepartners-display-component---NewPartner","properties":{"src":{"regex":{"source":"slim\\-arrow\\-down"}}},"ancestor":{"controlType":"sap.m.ComboBox","viewName":"etm.portal.ui.managepartners.view.NewPartner","viewId":"application-managepartners-display-component---NewPartner","bindingPath":{"path":"","propertyPath":"/CATALOG","modelName":"oNewPartnerModel"}}},"wdio_ui5_key":"etmportal.ui.managepartners.view.NewPartnersap.ui.core.Icon{\"src\":{\"regex\":{\"source\":\"slim\\\\-arrow\\\\-down\"}}}{\"controlType\":\"sap.m.ComboBox\",\"viewName\":\"etm.portal.ui.managepartners.view.NewPartner\",\"viewId\":\"application-managepartners-display-component---NewPartner\",\"bindingPath\":{\"path\":\"\",\"propertyPath\":\"/CATALOG\",\"modelName\":\"oNewPartnerModel\"}}"}]}
RESULT: {"script":"<script> [1562 bytes]","args":[{"selector":{"controlType":"sap.ui.core.Icon","viewName":"etm.portal.ui.managepartners.view.NewPartner","viewId":"application-managepartners-display-component---NewPartner","properties":{"src":{"regex":{"source":"slim\\-arrow\\-down"}}},"ancestor":{"controlType":"sap.m.ComboBox","viewName":"etm.portal.ui.managepartners.view.NewPartner","viewId":"application-managepartners-display-component---NewPartner","bindingPath":{"path":"","propertyPath":"/CATALOG","modelName":"oNewPartnerModel"}}},"wdio_ui5_key":"etmportal.ui.managepartners.view.NewPartnersap.ui.core.Icon{\"src\":{\"regex\":{\"source\":\"slim\\\\-arrow\\\\-down\"}}}{\"controlType\":\"sap.m.ComboBox\",\"viewName\":\"etm.portal.ui.managepartners.view.NewPartner\",\"viewId\":\"application-managepartners-display-component---NewPartner\",\"bindingPath\":{\"path\":\"\",\"propertyPath\":\"/CATALOG\",\"modelName\":\"oNewPartnerModel\"}}"}]}
RESULT: undefined
COMMAND: POST /session/6ffaab40fa98d483ee9e695104b36872/element - {"using":"xpath","value":"//*[@id=\"__box22-arrow\"]"}
RESULT: {"using":"xpath","value":"//*[@id=\"__box22-arrow\"]"}
COMMAND: POST /session/6ffaab40fa98d483ee9e695104b36872/element/f.CD9C86C2D64AD9F43056403335C8D92C.d.29BC720B365F850DE3910D8511BB50C6.e.4029/click - {}
RESULT: {}
COMMAND: GET /session/6ffaab40fa98d483ee9e695104b36872/screenshot - {}
RESULT: {}
COMMAND: POST /session/6ffaab40fa98d483ee9e695104b36872/element - {"using":"xpath","value":"//ul[contains(@id,\"popup-list-listUl\")]//li[.//span[text()= \"Webshop Catalog\"]]"}
RESULT: {"using":"xpath","value":"//ul[contains(@id,\"popup-list-listUl\")]//li[.//span[text()= \"Webshop Catalog\"]]"}
COMMAND: POST /session/6ffaab40fa98d483ee9e695104b36872/element/f.CD9C86C2D64AD9F43056403335C8D92C.d.29BC720B365F850DE3910D8511BB50C6.e.4065/click - {}
RESULT: {}
COMMAND: GET /session/6ffaab40fa98d483ee9e695104b36872/screenshot - {}
RESULT: {}
COMMAND: POST /session/6ffaab40fa98d483ee9e695104b36872/execute/async - {"script":"<script> [1562 bytes]","args":[{"selector":{"id":"application-managepartners-display-component---NewPartner--btnAddTableRow-img"},"wdio_ui5_key":"applicationmanagepartners-display-component---NewPartner--btnAddTableRow-img"}]}
RESULT: {"script":"<script> [1562 bytes]","args":[{"selector":{"id":"application-managepartners-display-component---NewPartner--btnAddTableRow-img"},"wdio_ui5_key":"applicationmanagepartners-display-component---NewPartner--btnAddTableRow-img"}]}
RESULT: undefined
COMMAND: POST /session/6ffaab40fa98d483ee9e695104b36872/element - {"using":"xpath","value":"//*[@id=\"application-managepartners-display-component---NewPartner--btnAddTableRow-img\"]"}
RESULT: {"using":"xpath","value":"//*[@id=\"application-managepartners-display-component---NewPartner--btnAddTableRow-img\"]"}
COMMAND: POST /session/6ffaab40fa98d483ee9e695104b36872/element/f.CD9C86C2D64AD9F43056403335C8D92C.d.29BC720B365F850DE3910D8511BB50C6.e.4066/click - {}
RESULT: {}
COMMAND: GET /session/6ffaab40fa98d483ee9e695104b36872/screenshot - {}
RESULT: {}
COMMAND: POST /session/6ffaab40fa98d483ee9e695104b36872/element - {"using":"xpath","value":"//input[@id=\"application-managepartners-display-component---NewPartner--assignmentYard-application-managepartners-display-component---NewPartner--assignmentsTable-0-inner\"]"}
RESULT: {"using":"xpath","value":"//input[@id=\"application-managepartners-display-component---NewPartner--assignmentYard-application-managepartners-display-component---NewPartner--assignmentsTable-0-inner\"]"}
COMMAND: POST /session/6ffaab40fa98d483ee9e695104b36872/element/f.CD9C86C2D64AD9F43056403335C8D92C.d.29BC720B365F850DE3910D8511BB50C6.e.4069/clear - {}
RESULT: {}
COMMAND: POST /session/6ffaab40fa98d483ee9e695104b36872/element/f.CD9C86C2D64AD9F43056403335C8D92C.d.29BC720B365F850DE3910D8511BB50C6.e.4069/value - {"text":"595"}
COMMAND: GET /session/6ffaab40fa98d483ee9e695104b36872/screenshot - {}
RESULT: {"text":"595"}
COMMAND: GET /session/6ffaab40fa98d483ee9e695104b36872/screenshot - {}
RESULT: {}
RESULT: {}
COMMAND: POST /session/6ffaab40fa98d483ee9e695104b36872/element - {"using":"xpath","value":"//li[.//span[text()='595']]"}
RESULT: {"using":"xpath","value":"//li[.//span[text()='595']]"}
COMMAND: POST /session/6ffaab40fa98d483ee9e695104b36872/element/f.CD9C86C2D64AD9F43056403335C8D92C.d.29BC720B365F850DE3910D8511BB50C6.e.4077/click - {}
RESULT: {}
COMMAND: GET /session/6ffaab40fa98d483ee9e695104b36872/screenshot - {}
RESULT: {}
COMMAND: POST /session/6ffaab40fa98d483ee9e695104b36872/actions - {"actions":[{"id":"action11","type":"key","parameters":{},"actions":[{"type":"keyDown","value":"î€‡"},{"type":"pause","duration":10},{"type":"keyUp","value":"î€‡"}]}]}
RESULT: {"actions":[{"id":"action11","type":"key","parameters":{},"actions":[{"type":"keyDown","value":"î€‡"},{"type":"pause","duration":10},{"type":"keyUp","value":"î€‡"}]}]}
COMMAND: POST /session/6ffaab40fa98d483ee9e695104b36872/element - {"using":"xpath","value":"//td[contains(@id, \"assignmentsTable-0-cell2\")]/div/div"}
COMMAND: GET /session/6ffaab40fa98d483ee9e695104b36872/screenshot - {}
RESULT: {"using":"xpath","value":"//td[contains(@id, \"assignmentsTable-0-cell2\")]/div/div"}
COMMAND: POST /session/6ffaab40fa98d483ee9e695104b36872/element/f.CD9C86C2D64AD9F43056403335C8D92C.d.29BC720B365F850DE3910D8511BB50C6.e.4080/click - {}
RESULT: {}
RESULT: {}
COMMAND: GET /session/6ffaab40fa98d483ee9e695104b36872/screenshot - {}
RESULT: {}
COMMAND: POST /session/6ffaab40fa98d483ee9e695104b36872/element - {"using":"xpath","value":"//button[@data-kt=\"saveButton\"]"}
RESULT: {"using":"xpath","value":"//button[@data-kt=\"saveButton\"]"}
COMMAND: POST /session/6ffaab40fa98d483ee9e695104b36872/element/f.CD9C86C2D64AD9F43056403335C8D92C.d.29BC720B365F850DE3910D8511BB50C6.e.4037/click - {}
RESULT: {}
COMMAND: GET /session/6ffaab40fa98d483ee9e695104b36872/screenshot - {}
RESULT: {}
COMMAND: POST /session/6ffaab40fa98d483ee9e695104b36872/element - {"using":"xpath","value":"//header[contains(@id, 'ObjectPageLayout-headerTitle')]/div[1]/div[2]/div[2]/span[1]"}
RESULT: {"using":"xpath","value":"//header[contains(@id, 'ObjectPageLayout-headerTitle')]/div[1]/div[2]/div[2]/span[1]"}
COMMAND: POST /session/6ffaab40fa98d483ee9e695104b36872/elements - {"using":"xpath","value":"//header[contains(@id, 'ObjectPageLayout-headerTitle')]/div[1]/div[2]/div[2]/span[1]"}
RESULT: {"using":"xpath","value":"//header[contains(@id, 'ObjectPageLayout-headerTitle')]/div[1]/div[2]/div[2]/span[1]"}
COMMAND: POST /session/6ffaab40fa98d483ee9e695104b36872/execute/sync - {"script":"<script> [56 bytes]","args":[{"element-6066-11e4-a52e-4f735466cecf":"f.CD9C86C2D64AD9F43056403335C8D92C.d.29BC720B365F850DE3910D8511BB50C6.e.4239","ELEMENT":"f.CD9C86C2D64AD9F43056403335C8D92C.d.29BC720B365F850DE3910D8511BB50C6.e.4239"}]}
RESULT: {"script":"<script> [56 bytes]","args":[{"element-6066-11e4-a52e-4f735466cecf":"f.CD9C86C2D64AD9F43056403335C8D92C.d.29BC720B365F850DE3910D8511BB50C6.e.4239","ELEMENT":"f.CD9C86C2D64AD9F43056403335C8D92C.d.29BC720B365F850DE3910D8511BB50C6.e.4239"}]}
COMMAND: POST /session/6ffaab40fa98d483ee9e695104b36872/element - {"using":"css selector","value":"#shell-header-logo"}
COMMAND: GET /session/6ffaab40fa98d483ee9e695104b36872/screenshot - {}
RESULT: {"using":"css selector","value":"#shell-header-logo"}
COMMAND: POST /session/6ffaab40fa98d483ee9e695104b36872/element/f.CD9C86C2D64AD9F43056403335C8D92C.d.29BC720B365F850DE3910D8511BB50C6.e.3580/click - {}
RESULT: {}
RESULT: {}
COMMAND: GET /session/6ffaab40fa98d483ee9e695104b36872/screenshot - {}
RESULT: {}
COMMAND: POST /session/6ffaab40fa98d483ee9e695104b36872/execute/sync - {"script":"<script> [299 bytes]","args":[["getModel","getResource"]]}
RESULT: {"script":"<script> [299 bytes]","args":[["getModel","getResource"]]}
]]></system-out>
    </testcase>
    <testcase classname="chrome.136_0_7103_93.windows.Create_masterdata_for_Yard_Overview_-_trigger_provide_US130988" name="Should create a new WHM site" time="112.22">
      <system-out><![CDATA[
COMMAND: GET /session/6ffaab40fa98d483ee9e695104b36872/screenshot - {}
COMMAND: POST /session/6ffaab40fa98d483ee9e695104b36872/execute/async - {"script":"<script> [1562 bytes]","args":[{"selector":{"controlType":"sap.m.GenericTile","properties":{"header":"Manage Sites"}},"wdio_ui5_key":"sapm.GenericTile{\"header\":\"Manage Sites\"}"}]}
RESULT: {"script":"<script> [1562 bytes]","args":[{"selector":{"controlType":"sap.m.GenericTile","properties":{"header":"Manage Sites"}},"wdio_ui5_key":"sapm.GenericTile{\"header\":\"Manage Sites\"}"}]}
RESULT: undefined
COMMAND: POST /session/6ffaab40fa98d483ee9e695104b36872/element - {"using":"xpath","value":"//*[@id=\"__tile40\"]"}
RESULT: {}
RESULT: {"using":"xpath","value":"//*[@id=\"__tile40\"]"}
COMMAND: POST /session/6ffaab40fa98d483ee9e695104b36872/element/f.CD9C86C2D64AD9F43056403335C8D92C.d.29BC720B365F850DE3910D8511BB50C6.e.2895/click - {}
RESULT: {}
COMMAND: GET /session/6ffaab40fa98d483ee9e695104b36872/screenshot - {}
RESULT: {}
COMMAND: POST /session/6ffaab40fa98d483ee9e695104b36872/elements - {"using":"xpath","value":"//span[text()='Error']"}
RESULT: {"using":"xpath","value":"//span[text()='Error']"}
COMMAND: POST /session/6ffaab40fa98d483ee9e695104b36872/element - {"using":"xpath","value":"//button[@data-kt=\"addOverflowToolbarButton\"]"}
RESULT: {"using":"xpath","value":"//button[@data-kt=\"addOverflowToolbarButton\"]"}
COMMAND: POST /session/6ffaab40fa98d483ee9e695104b36872/elements - {"using":"xpath","value":"//button[@data-kt=\"addOverflowToolbarButton\"]"}
RESULT: {"using":"xpath","value":"//button[@data-kt=\"addOverflowToolbarButton\"]"}
COMMAND: POST /session/6ffaab40fa98d483ee9e695104b36872/execute/sync - {"script":"<script> [8489 bytes]","args":[{"element-6066-11e4-a52e-4f735466cecf":"f.CD9C86C2D64AD9F43056403335C8D92C.d.29BC720B365F850DE3910D8511BB50C6.e.4287","ELEMENT":"f.CD9C86C2D64AD9F43056403335C8D92C.d.29BC720B365F850DE3910D8511BB50C6.e.4287"}]}
RESULT: {"script":"<script> [8489 bytes]","args":[{"element-6066-11e4-a52e-4f735466cecf":"f.CD9C86C2D64AD9F43056403335C8D92C.d.29BC720B365F850DE3910D8511BB50C6.e.4287","ELEMENT":"f.CD9C86C2D64AD9F43056403335C8D92C.d.29BC720B365F850DE3910D8511BB50C6.e.4287"}]}
COMMAND: GET /session/6ffaab40fa98d483ee9e695104b36872/element/f.CD9C86C2D64AD9F43056403335C8D92C.d.29BC720B365F850DE3910D8511BB50C6.e.4287/enabled - {}
COMMAND: GET /session/6ffaab40fa98d483ee9e695104b36872/screenshot - {}
RESULT: {}
COMMAND: POST /session/6ffaab40fa98d483ee9e695104b36872/execute/sync - {"script":"<script> [8489 bytes]","args":[{"element-6066-11e4-a52e-4f735466cecf":"f.CD9C86C2D64AD9F43056403335C8D92C.d.29BC720B365F850DE3910D8511BB50C6.e.4287","ELEMENT":"f.CD9C86C2D64AD9F43056403335C8D92C.d.29BC720B365F850DE3910D8511BB50C6.e.4287"}]}
COMMAND: GET /session/6ffaab40fa98d483ee9e695104b36872/screenshot - {}
RESULT: {}
RESULT: {"script":"<script> [8489 bytes]","args":[{"element-6066-11e4-a52e-4f735466cecf":"f.CD9C86C2D64AD9F43056403335C8D92C.d.29BC720B365F850DE3910D8511BB50C6.e.4287","ELEMENT":"f.CD9C86C2D64AD9F43056403335C8D92C.d.29BC720B365F850DE3910D8511BB50C6.e.4287"}]}
COMMAND: POST /session/6ffaab40fa98d483ee9e695104b36872/execute/sync - {"script":"<script> [5351 bytes]","args":[{"element-6066-11e4-a52e-4f735466cecf":"f.CD9C86C2D64AD9F43056403335C8D92C.d.29BC720B365F850DE3910D8511BB50C6.e.4287","ELEMENT":"f.CD9C86C2D64AD9F43056403335C8D92C.d.29BC720B365F850DE3910D8511BB50C6.e.4287"}]}
COMMAND: GET /session/6ffaab40fa98d483ee9e695104b36872/screenshot - {}
RESULT: {}
RESULT: {"script":"<script> [5351 bytes]","args":[{"element-6066-11e4-a52e-4f735466cecf":"f.CD9C86C2D64AD9F43056403335C8D92C.d.29BC720B365F850DE3910D8511BB50C6.e.4287","ELEMENT":"f.CD9C86C2D64AD9F43056403335C8D92C.d.29BC720B365F850DE3910D8511BB50C6.e.4287"}]}
COMMAND: POST /session/6ffaab40fa98d483ee9e695104b36872/element/f.CD9C86C2D64AD9F43056403335C8D92C.d.29BC720B365F850DE3910D8511BB50C6.e.4287/click - {}
COMMAND: GET /session/6ffaab40fa98d483ee9e695104b36872/screenshot - {}
RESULT: {}
RESULT: {}
COMMAND: GET /session/6ffaab40fa98d483ee9e695104b36872/screenshot - {}
RESULT: {}
RESULT: {}
COMMAND: POST /session/6ffaab40fa98d483ee9e695104b36872/element - {"using":"xpath","value":"//input[@id=\"application-managesites-display-component---NewSite--siteId-inner\"]"}
RESULT: {"using":"xpath","value":"//input[@id=\"application-managesites-display-component---NewSite--siteId-inner\"]"}
COMMAND: POST /session/6ffaab40fa98d483ee9e695104b36872/element - {"using":"xpath","value":"//input[@id=\"application-managesites-display-component---NewSite--siteId-inner\"]"}
RESULT: {"using":"xpath","value":"//input[@id=\"application-managesites-display-component---NewSite--siteId-inner\"]"}
COMMAND: POST /session/6ffaab40fa98d483ee9e695104b36872/execute/async - {"script":"<script> [1562 bytes]","args":[{"selector":{"id":"application-managesites-display-component---NewSite--addressDetailDetailsName1","interaction":{"idSuffix":"inner"}},"wdio_ui5_key":"applicationmanagesites-display-component---NewSite--addressDetailDetailsName1"}]}
RESULT: {"script":"<script> [1562 bytes]","args":[{"selector":{"id":"application-managesites-display-component---NewSite--addressDetailDetailsName1","interaction":{"idSuffix":"inner"}},"wdio_ui5_key":"applicationmanagesites-display-component---NewSite--addressDetailDetailsName1"}]}
RESULT: undefined
COMMAND: POST /session/6ffaab40fa98d483ee9e695104b36872/execute/async - {"script":"<script> [776 bytes]","args":[{"enterText":"Other Type Site WDIO","selector":{"id":"application-managesites-display-component---NewSite--addressDetailDetailsName1","interaction":{"idSuffix":"inner"}},"clearTextFirst":true,"interactionType":"ENTER_TEXT"}]}
RESULT: {"script":"<script> [776 bytes]","args":[{"enterText":"Other Type Site WDIO","selector":{"id":"application-managesites-display-component---NewSite--addressDetailDetailsName1","interaction":{"idSuffix":"inner"}},"clearTextFirst":true,"interactionType":"ENTER_TEXT"}]}
COMMAND: POST /session/6ffaab40fa98d483ee9e695104b36872/execute/async - {"script":"<script> [1562 bytes]","args":[{"selector":{"id":"application-managesites-display-component---NewSite--addressDetailDetailsLanguage-arrow"},"wdio_ui5_key":"applicationmanagesites-display-component---NewSite--addressDetailDetailsLanguage-arrow"}]}
RESULT: {"script":"<script> [1562 bytes]","args":[{"selector":{"id":"application-managesites-display-component---NewSite--addressDetailDetailsLanguage-arrow"},"wdio_ui5_key":"applicationmanagesites-display-component---NewSite--addressDetailDetailsLanguage-arrow"}]}
RESULT: undefined
COMMAND: POST /session/6ffaab40fa98d483ee9e695104b36872/element - {"using":"xpath","value":"//*[@id=\"application-managesites-display-component---NewSite--addressDetailDetailsLanguage-arrow\"]"}
RESULT: {"using":"xpath","value":"//*[@id=\"application-managesites-display-component---NewSite--addressDetailDetailsLanguage-arrow\"]"}
COMMAND: POST /session/6ffaab40fa98d483ee9e695104b36872/element/f.CD9C86C2D64AD9F43056403335C8D92C.d.29BC720B365F850DE3910D8511BB50C6.e.4693/click - {}
RESULT: {}
COMMAND: POST /session/6ffaab40fa98d483ee9e695104b36872/element - {"using":"xpath","value":"//span[contains(text(), \"English\")]"}
COMMAND: GET /session/6ffaab40fa98d483ee9e695104b36872/screenshot - {}
RESULT: {"using":"xpath","value":"//span[contains(text(), \"English\")]"}
COMMAND: POST /session/6ffaab40fa98d483ee9e695104b36872/element/f.CD9C86C2D64AD9F43056403335C8D92C.d.29BC720B365F850DE3910D8511BB50C6.e.4694/click - {}
RESULT: {}
RESULT: {}
COMMAND: POST /session/6ffaab40fa98d483ee9e695104b36872/execute/async - {"script":"<script> [1562 bytes]","args":[{"selector":{"id":"application-managesites-display-component---NewSite--addressDetailDetailsCity1","interaction":{"idSuffix":"inner"}},"wdio_ui5_key":"applicationmanagesites-display-component---NewSite--addressDetailDetailsCity1"}]}
COMMAND: GET /session/6ffaab40fa98d483ee9e695104b36872/screenshot - {}
RESULT: {"script":"<script> [1562 bytes]","args":[{"selector":{"id":"application-managesites-display-component---NewSite--addressDetailDetailsCity1","interaction":{"idSuffix":"inner"}},"wdio_ui5_key":"applicationmanagesites-display-component---NewSite--addressDetailDetailsCity1"}]}
RESULT: undefined
COMMAND: POST /session/6ffaab40fa98d483ee9e695104b36872/execute/async - {"script":"<script> [776 bytes]","args":[{"enterText":"Rosario","selector":{"id":"application-managesites-display-component---NewSite--addressDetailDetailsCity1","interaction":{"idSuffix":"inner"}},"clearTextFirst":true,"interactionType":"ENTER_TEXT"}]}
RESULT: {}
RESULT: {"script":"<script> [776 bytes]","args":[{"enterText":"Rosario","selector":{"id":"application-managesites-display-component---NewSite--addressDetailDetailsCity1","interaction":{"idSuffix":"inner"}},"clearTextFirst":true,"interactionType":"ENTER_TEXT"}]}
COMMAND: POST /session/6ffaab40fa98d483ee9e695104b36872/execute/async - {"script":"<script> [1562 bytes]","args":[{"selector":{"id":"application-managesites-display-component---NewSite--addressDetailDetailsCountry-arrow"},"wdio_ui5_key":"applicationmanagesites-display-component---NewSite--addressDetailDetailsCountry-arrow"}]}
RESULT: {"script":"<script> [1562 bytes]","args":[{"selector":{"id":"application-managesites-display-component---NewSite--addressDetailDetailsCountry-arrow"},"wdio_ui5_key":"applicationmanagesites-display-component---NewSite--addressDetailDetailsCountry-arrow"}]}
RESULT: undefined
COMMAND: POST /session/6ffaab40fa98d483ee9e695104b36872/element - {"using":"xpath","value":"//*[@id=\"application-managesites-display-component---NewSite--addressDetailDetailsCountry-arrow\"]"}
RESULT: {"using":"xpath","value":"//*[@id=\"application-managesites-display-component---NewSite--addressDetailDetailsCountry-arrow\"]"}
COMMAND: POST /session/6ffaab40fa98d483ee9e695104b36872/element/f.CD9C86C2D64AD9F43056403335C8D92C.d.29BC720B365F850DE3910D8511BB50C6.e.4696/click - {}
RESULT: {}
COMMAND: POST /session/6ffaab40fa98d483ee9e695104b36872/element - {"using":"xpath","value":"//span[contains(text(), \"Argentina\")]"}
COMMAND: GET /session/6ffaab40fa98d483ee9e695104b36872/screenshot - {}
RESULT: {"using":"xpath","value":"//span[contains(text(), \"Argentina\")]"}
COMMAND: POST /session/6ffaab40fa98d483ee9e695104b36872/element/f.CD9C86C2D64AD9F43056403335C8D92C.d.29BC720B365F850DE3910D8511BB50C6.e.4697/click - {}
RESULT: {}
RESULT: {}
COMMAND: GET /session/6ffaab40fa98d483ee9e695104b36872/screenshot - {}
RESULT: {}
COMMAND: POST /session/6ffaab40fa98d483ee9e695104b36872/execute/async - {"script":"<script> [1562 bytes]","args":[{"selector":{"id":"application-managesites-display-component---NewSite--addressEditDetailsCostObjectCstType-arrow"},"wdio_ui5_key":"applicationmanagesites-display-component---NewSite--addressEditDetailsCostObjectCstType-arrow"}]}
RESULT: {"script":"<script> [1562 bytes]","args":[{"selector":{"id":"application-managesites-display-component---NewSite--addressEditDetailsCostObjectCstType-arrow"},"wdio_ui5_key":"applicationmanagesites-display-component---NewSite--addressEditDetailsCostObjectCstType-arrow"}]}
RESULT: undefined
COMMAND: POST /session/6ffaab40fa98d483ee9e695104b36872/element - {"using":"xpath","value":"//*[@id=\"application-managesites-display-component---NewSite--addressEditDetailsCostObjectCstType-arrow\"]"}
RESULT: {"using":"xpath","value":"//*[@id=\"application-managesites-display-component---NewSite--addressEditDetailsCostObjectCstType-arrow\"]"}
COMMAND: POST /session/6ffaab40fa98d483ee9e695104b36872/element/f.CD9C86C2D64AD9F43056403335C8D92C.d.29BC720B365F850DE3910D8511BB50C6.e.4699/click - {}
RESULT: {}
COMMAND: POST /session/6ffaab40fa98d483ee9e695104b36872/element - {"using":"xpath","value":"//span[contains(text(), \"Cost Center\")]"}
COMMAND: GET /session/6ffaab40fa98d483ee9e695104b36872/screenshot - {}
RESULT: {"using":"xpath","value":"//span[contains(text(), \"Cost Center\")]"}
COMMAND: POST /session/6ffaab40fa98d483ee9e695104b36872/element/f.CD9C86C2D64AD9F43056403335C8D92C.d.29BC720B365F850DE3910D8511BB50C6.e.4701/click - {}
RESULT: {}
RESULT: {}
COMMAND: GET /session/6ffaab40fa98d483ee9e695104b36872/screenshot - {}
RESULT: {}
COMMAND: POST /session/6ffaab40fa98d483ee9e695104b36872/element - {"using":"xpath","value":"//span[@id=\"application-managesites-display-component---NewSite--addressNewCostObjectCstID-vhi\"]"}
RESULT: {"using":"xpath","value":"//span[@id=\"application-managesites-display-component---NewSite--addressNewCostObjectCstID-vhi\"]"}
COMMAND: POST /session/6ffaab40fa98d483ee9e695104b36872/execute/sync - {"script":"<script> [8489 bytes]","args":[{"element-6066-11e4-a52e-4f735466cecf":"f.CD9C86C2D64AD9F43056403335C8D92C.d.29BC720B365F850DE3910D8511BB50C6.e.4705","ELEMENT":"f.CD9C86C2D64AD9F43056403335C8D92C.d.29BC720B365F850DE3910D8511BB50C6.e.4705"}]}
RESULT: {"script":"<script> [8489 bytes]","args":[{"element-6066-11e4-a52e-4f735466cecf":"f.CD9C86C2D64AD9F43056403335C8D92C.d.29BC720B365F850DE3910D8511BB50C6.e.4705","ELEMENT":"f.CD9C86C2D64AD9F43056403335C8D92C.d.29BC720B365F850DE3910D8511BB50C6.e.4705"}]}
COMMAND: POST /session/6ffaab40fa98d483ee9e695104b36872/execute/async - {"script":"<script> [1562 bytes]","args":[{"selector":{"id":"application-managesites-display-component---NewSite--addressNewCostObjectCstID-vhi"},"wdio_ui5_key":"applicationmanagesites-display-component---NewSite--addressNewCostObjectCstID-vhi"}]}
COMMAND: GET /session/6ffaab40fa98d483ee9e695104b36872/screenshot - {}
RESULT: {"script":"<script> [1562 bytes]","args":[{"selector":{"id":"application-managesites-display-component---NewSite--addressNewCostObjectCstID-vhi"},"wdio_ui5_key":"applicationmanagesites-display-component---NewSite--addressNewCostObjectCstID-vhi"}]}
RESULT: undefined
COMMAND: POST /session/6ffaab40fa98d483ee9e695104b36872/element - {"using":"xpath","value":"//*[@id=\"application-managesites-display-component---NewSite--addressNewCostObjectCstID-vhi\"]"}
RESULT: {}
RESULT: {"using":"xpath","value":"//*[@id=\"application-managesites-display-component---NewSite--addressNewCostObjectCstID-vhi\"]"}
COMMAND: POST /session/6ffaab40fa98d483ee9e695104b36872/element/f.CD9C86C2D64AD9F43056403335C8D92C.d.29BC720B365F850DE3910D8511BB50C6.e.4705/click - {}
RESULT: {}
COMMAND: GET /session/6ffaab40fa98d483ee9e695104b36872/screenshot - {}
RESULT: {}
RESULT: undefined
COMMAND: POST /session/6ffaab40fa98d483ee9e695104b36872/execute/async - {"script":"<script> [776 bytes]","args":[{"enterText":"10001013","selector":{"controlType":"sap.m.SearchField","properties":{"placeholder":"Search"},"searchOpenDialogs":true,"interaction":{"idSuffix":"I"}},"clearTextFirst":true,"interactionType":"ENTER_TEXT"}]}
RESULT: {"script":"<script> [776 bytes]","args":[{"enterText":"10001013","selector":{"controlType":"sap.m.SearchField","properties":{"placeholder":"Search"},"searchOpenDialogs":true,"interaction":{"idSuffix":"I"}},"clearTextFirst":true,"interactionType":"ENTER_TEXT"}]}
COMMAND: POST /session/6ffaab40fa98d483ee9e695104b36872/actions - {"actions":[{"id":"action12","type":"key","parameters":{},"actions":[{"type":"keyDown","value":"î€‡"},{"type":"pause","duration":10},{"type":"keyUp","value":"î€‡"}]}]}
RESULT: {"actions":[{"id":"action12","type":"key","parameters":{},"actions":[{"type":"keyDown","value":"î€‡"},{"type":"pause","duration":10},{"type":"keyUp","value":"î€‡"}]}]}
COMMAND: GET /session/6ffaab40fa98d483ee9e695104b36872/screenshot - {}
RESULT: {}
COMMAND: POST /session/6ffaab40fa98d483ee9e695104b36872/element - {"using":"xpath","value":"//span[contains(text(), \"General Management\")]"}
RESULT: {"using":"xpath","value":"//span[contains(text(), \"General Management\")]"}
COMMAND: POST /session/6ffaab40fa98d483ee9e695104b36872/element/f.CD9C86C2D64AD9F43056403335C8D92C.d.29BC720B365F850DE3910D8511BB50C6.e.4743/click - {}
RESULT: {}
COMMAND: GET /session/6ffaab40fa98d483ee9e695104b36872/screenshot - {}
RESULT: {}
COMMAND: POST /session/6ffaab40fa98d483ee9e695104b36872/element - {"using":"xpath","value":"//bdi[contains(text(), \"OK\")]"}
RESULT: {"using":"xpath","value":"//bdi[contains(text(), \"OK\")]"}
COMMAND: POST /session/6ffaab40fa98d483ee9e695104b36872/element/f.CD9C86C2D64AD9F43056403335C8D92C.d.29BC720B365F850DE3910D8511BB50C6.e.4744/click - {}
RESULT: {}
COMMAND: GET /session/6ffaab40fa98d483ee9e695104b36872/screenshot - {}
RESULT: {}
COMMAND: POST /session/6ffaab40fa98d483ee9e695104b36872/element - {"using":"xpath","value":"//input[@id=\"application-managesites-display-component---NewSite--addressDetailDetailsCalendar-inner\"]"}
RESULT: {"using":"xpath","value":"//input[@id=\"application-managesites-display-component---NewSite--addressDetailDetailsCalendar-inner\"]"}
COMMAND: POST /session/6ffaab40fa98d483ee9e695104b36872/element/f.CD9C86C2D64AD9F43056403335C8D92C.d.29BC720B365F850DE3910D8511BB50C6.e.4489/clear - {}
RESULT: {}
COMMAND: POST /session/6ffaab40fa98d483ee9e695104b36872/element/f.CD9C86C2D64AD9F43056403335C8D92C.d.29BC720B365F850DE3910D8511BB50C6.e.4489/value - {"text":"Unit"}
COMMAND: GET /session/6ffaab40fa98d483ee9e695104b36872/screenshot - {}
RESULT: {"text":"Unit"}
COMMAND: GET /session/6ffaab40fa98d483ee9e695104b36872/screenshot - {}
RESULT: {}
RESULT: {}
COMMAND: POST /session/6ffaab40fa98d483ee9e695104b36872/actions - {"actions":[{"id":"action13","type":"key","parameters":{},"actions":[{"type":"keyDown","value":"î€‡"},{"type":"pause","duration":10},{"type":"keyUp","value":"î€‡"}]}]}
RESULT: {"actions":[{"id":"action13","type":"key","parameters":{},"actions":[{"type":"keyDown","value":"î€‡"},{"type":"pause","duration":10},{"type":"keyUp","value":"î€‡"}]}]}
COMMAND: POST /session/6ffaab40fa98d483ee9e695104b36872/element - {"using":"xpath","value":"//input[@id=\"application-managesites-display-component---NewSite--addressDetailDetailsYard-inner\"]"}
COMMAND: GET /session/6ffaab40fa98d483ee9e695104b36872/screenshot - {}
RESULT: {"using":"xpath","value":"//input[@id=\"application-managesites-display-component---NewSite--addressDetailDetailsYard-inner\"]"}
COMMAND: POST /session/6ffaab40fa98d483ee9e695104b36872/element/f.CD9C86C2D64AD9F43056403335C8D92C.d.29BC720B365F850DE3910D8511BB50C6.e.4490/clear - {}
RESULT: {}
RESULT: {}
COMMAND: POST /session/6ffaab40fa98d483ee9e695104b36872/element/f.CD9C86C2D64AD9F43056403335C8D92C.d.29BC720B365F850DE3910D8511BB50C6.e.4490/value - {"text":"595"}
COMMAND: GET /session/6ffaab40fa98d483ee9e695104b36872/screenshot - {}
RESULT: {"text":"595"}
COMMAND: GET /session/6ffaab40fa98d483ee9e695104b36872/screenshot - {}
RESULT: {}
RESULT: {}
COMMAND: POST /session/6ffaab40fa98d483ee9e695104b36872/element - {"using":"xpath","value":"//li[.//span[text()='595']]"}
RESULT: {"using":"xpath","value":"//li[.//span[text()='595']]"}
COMMAND: POST /session/6ffaab40fa98d483ee9e695104b36872/element/f.CD9C86C2D64AD9F43056403335C8D92C.d.29BC720B365F850DE3910D8511BB50C6.e.4752/click - {}
RESULT: {}
COMMAND: GET /session/6ffaab40fa98d483ee9e695104b36872/screenshot - {}
RESULT: {}
COMMAND: POST /session/6ffaab40fa98d483ee9e695104b36872/element - {"using":"xpath","value":"//input[@id=\"application-managesites-display-component---NewSite--addressDetailDetailsPartner-inner\"]"}
RESULT: {"using":"xpath","value":"//input[@id=\"application-managesites-display-component---NewSite--addressDetailDetailsPartner-inner\"]"}
COMMAND: POST /session/6ffaab40fa98d483ee9e695104b36872/element - {"using":"xpath","value":"//input[@id=\"application-managesites-display-component---NewSite--addressDetailDetailsPartner-inner\"]"}
RESULT: {"using":"xpath","value":"//input[@id=\"application-managesites-display-component---NewSite--addressDetailDetailsPartner-inner\"]"}
COMMAND: POST /session/6ffaab40fa98d483ee9e695104b36872/element - {"using":"xpath","value":"//button[@data-kt=\"saveButton\"]"}
RESULT: {"using":"xpath","value":"//button[@data-kt=\"saveButton\"]"}
COMMAND: POST /session/6ffaab40fa98d483ee9e695104b36872/element/f.CD9C86C2D64AD9F43056403335C8D92C.d.29BC720B365F850DE3910D8511BB50C6.e.4686/click - {}
RESULT: {}
COMMAND: GET /session/6ffaab40fa98d483ee9e695104b36872/screenshot - {}
COMMAND: POST /session/6ffaab40fa98d483ee9e695104b36872/element - {"using":"xpath","value":"//header[contains(@id, 'ObjectPageLayout-headerTitle')]/div[1]/div[2]/div[2]/span[1]"}
RESULT: {}
RESULT: {"using":"xpath","value":"//header[contains(@id, 'ObjectPageLayout-headerTitle')]/div[1]/div[2]/div[2]/span[1]"}
COMMAND: POST /session/6ffaab40fa98d483ee9e695104b36872/elements - {"using":"xpath","value":"//header[contains(@id, 'ObjectPageLayout-headerTitle')]/div[1]/div[2]/div[2]/span[1]"}
RESULT: {"using":"xpath","value":"//header[contains(@id, 'ObjectPageLayout-headerTitle')]/div[1]/div[2]/div[2]/span[1]"}
COMMAND: POST /session/6ffaab40fa98d483ee9e695104b36872/execute/sync - {"script":"<script> [56 bytes]","args":[{"element-6066-11e4-a52e-4f735466cecf":"f.CD9C86C2D64AD9F43056403335C8D92C.d.29BC720B365F850DE3910D8511BB50C6.e.4954","ELEMENT":"f.CD9C86C2D64AD9F43056403335C8D92C.d.29BC720B365F850DE3910D8511BB50C6.e.4954"}]}
RESULT: {"script":"<script> [56 bytes]","args":[{"element-6066-11e4-a52e-4f735466cecf":"f.CD9C86C2D64AD9F43056403335C8D92C.d.29BC720B365F850DE3910D8511BB50C6.e.4954","ELEMENT":"f.CD9C86C2D64AD9F43056403335C8D92C.d.29BC720B365F850DE3910D8511BB50C6.e.4954"}]}
COMMAND: POST /session/6ffaab40fa98d483ee9e695104b36872/element - {"using":"css selector","value":"#shell-header-logo"}
COMMAND: GET /session/6ffaab40fa98d483ee9e695104b36872/screenshot - {}
RESULT: {"using":"css selector","value":"#shell-header-logo"}
COMMAND: POST /session/6ffaab40fa98d483ee9e695104b36872/element/f.CD9C86C2D64AD9F43056403335C8D92C.d.29BC720B365F850DE3910D8511BB50C6.e.4244/click - {}
RESULT: {}
RESULT: {}
COMMAND: GET /session/6ffaab40fa98d483ee9e695104b36872/screenshot - {}
RESULT: {}
COMMAND: POST /session/6ffaab40fa98d483ee9e695104b36872/execute/sync - {"script":"<script> [299 bytes]","args":[["getModel","getResource"]]}
RESULT: {"script":"<script> [299 bytes]","args":[["getModel","getResource"]]}
]]></system-out>
    </testcase>
    <testcase classname="chrome.136_0_7103_93.windows.Create_masterdata_for_Yard_Overview_-_trigger_provide_US130988" name="Should create a new material" time="134.944">
      <system-out><![CDATA[
COMMAND: POST /session/6ffaab40fa98d483ee9e695104b36872/execute/async - {"script":"<script> [1562 bytes]","args":[{"selector":{"controlType":"sap.m.GenericTile","properties":{"header":"Manage Resources"}},"wdio_ui5_key":"sapm.GenericTile{\"header\":\"Manage Resources\"}"}]}
COMMAND: GET /session/6ffaab40fa98d483ee9e695104b36872/screenshot - {}
RESULT: {"script":"<script> [1562 bytes]","args":[{"selector":{"controlType":"sap.m.GenericTile","properties":{"header":"Manage Resources"}},"wdio_ui5_key":"sapm.GenericTile{\"header\":\"Manage Resources\"}"}]}
RESULT: undefined
COMMAND: POST /session/6ffaab40fa98d483ee9e695104b36872/element - {"using":"xpath","value":"//*[@id=\"__tile39\"]"}
RESULT: {}
RESULT: {"using":"xpath","value":"//*[@id=\"__tile39\"]"}
COMMAND: POST /session/6ffaab40fa98d483ee9e695104b36872/element/f.CD9C86C2D64AD9F43056403335C8D92C.d.29BC720B365F850DE3910D8511BB50C6.e.2892/click - {}
RESULT: {}
COMMAND: GET /session/6ffaab40fa98d483ee9e695104b36872/screenshot - {}
RESULT: {}
COMMAND: POST /session/6ffaab40fa98d483ee9e695104b36872/elements - {"using":"xpath","value":"//span[text()='Error']"}
RESULT: {"using":"xpath","value":"//span[text()='Error']"}
COMMAND: POST /session/6ffaab40fa98d483ee9e695104b36872/element - {"using":"xpath","value":"//button[@data-kt=\"addNewRUOverflowToolbarButton\"]"}
RESULT: {"using":"xpath","value":"//button[@data-kt=\"addNewRUOverflowToolbarButton\"]"}
COMMAND: POST /session/6ffaab40fa98d483ee9e695104b36872/elements - {"using":"xpath","value":"//button[@data-kt=\"addNewRUOverflowToolbarButton\"]"}
RESULT: {"using":"xpath","value":"//button[@data-kt=\"addNewRUOverflowToolbarButton\"]"}
COMMAND: POST /session/6ffaab40fa98d483ee9e695104b36872/elements - {"using":"xpath","value":"//button[@data-kt=\"addNewRUOverflowToolbarButton\"]"}
RESULT: {"using":"xpath","value":"//button[@data-kt=\"addNewRUOverflowToolbarButton\"]"}
COMMAND: POST /session/6ffaab40fa98d483ee9e695104b36872/element - {"using":"xpath","value":"//button[@data-kt=\"addNewRUOverflowToolbarButton\"]"}
RESULT: {"using":"xpath","value":"//button[@data-kt=\"addNewRUOverflowToolbarButton\"]"}
COMMAND: POST /session/6ffaab40fa98d483ee9e695104b36872/execute/sync - {"script":"<script> [8489 bytes]","args":[{"element-6066-11e4-a52e-4f735466cecf":"f.CD9C86C2D64AD9F43056403335C8D92C.d.29BC720B365F850DE3910D8511BB50C6.e.4985","ELEMENT":"f.CD9C86C2D64AD9F43056403335C8D92C.d.29BC720B365F850DE3910D8511BB50C6.e.4985"}]}
RESULT: {"script":"<script> [8489 bytes]","args":[{"element-6066-11e4-a52e-4f735466cecf":"f.CD9C86C2D64AD9F43056403335C8D92C.d.29BC720B365F850DE3910D8511BB50C6.e.4985","ELEMENT":"f.CD9C86C2D64AD9F43056403335C8D92C.d.29BC720B365F850DE3910D8511BB50C6.e.4985"}]}
COMMAND: GET /session/6ffaab40fa98d483ee9e695104b36872/element/f.CD9C86C2D64AD9F43056403335C8D92C.d.29BC720B365F850DE3910D8511BB50C6.e.4985/enabled - {}
COMMAND: GET /session/6ffaab40fa98d483ee9e695104b36872/screenshot - {}
RESULT: {}
COMMAND: POST /session/6ffaab40fa98d483ee9e695104b36872/execute/sync - {"script":"<script> [8489 bytes]","args":[{"element-6066-11e4-a52e-4f735466cecf":"f.CD9C86C2D64AD9F43056403335C8D92C.d.29BC720B365F850DE3910D8511BB50C6.e.4985","ELEMENT":"f.CD9C86C2D64AD9F43056403335C8D92C.d.29BC720B365F850DE3910D8511BB50C6.e.4985"}]}
COMMAND: GET /session/6ffaab40fa98d483ee9e695104b36872/screenshot - {}
RESULT: {}
RESULT: {"script":"<script> [8489 bytes]","args":[{"element-6066-11e4-a52e-4f735466cecf":"f.CD9C86C2D64AD9F43056403335C8D92C.d.29BC720B365F850DE3910D8511BB50C6.e.4985","ELEMENT":"f.CD9C86C2D64AD9F43056403335C8D92C.d.29BC720B365F850DE3910D8511BB50C6.e.4985"}]}
COMMAND: POST /session/6ffaab40fa98d483ee9e695104b36872/execute/sync - {"script":"<script> [5351 bytes]","args":[{"element-6066-11e4-a52e-4f735466cecf":"f.CD9C86C2D64AD9F43056403335C8D92C.d.29BC720B365F850DE3910D8511BB50C6.e.4985","ELEMENT":"f.CD9C86C2D64AD9F43056403335C8D92C.d.29BC720B365F850DE3910D8511BB50C6.e.4985"}]}
COMMAND: GET /session/6ffaab40fa98d483ee9e695104b36872/screenshot - {}
RESULT: {}
RESULT: {"script":"<script> [5351 bytes]","args":[{"element-6066-11e4-a52e-4f735466cecf":"f.CD9C86C2D64AD9F43056403335C8D92C.d.29BC720B365F850DE3910D8511BB50C6.e.4985","ELEMENT":"f.CD9C86C2D64AD9F43056403335C8D92C.d.29BC720B365F850DE3910D8511BB50C6.e.4985"}]}
COMMAND: POST /session/6ffaab40fa98d483ee9e695104b36872/element/f.CD9C86C2D64AD9F43056403335C8D92C.d.29BC720B365F850DE3910D8511BB50C6.e.4985/click - {}
COMMAND: GET /session/6ffaab40fa98d483ee9e695104b36872/screenshot - {}
RESULT: {}
RESULT: {}
COMMAND: GET /session/6ffaab40fa98d483ee9e695104b36872/screenshot - {}
RESULT: {}
RESULT: {}
COMMAND: POST /session/6ffaab40fa98d483ee9e695104b36872/execute/async - {"script":"<script> [1562 bytes]","args":[{"selector":{"id":"application-manageresources-display-component---newResourceUnit--TYPE-arrow"},"wdio_ui5_key":"applicationmanageresources-display-component---newResourceUnit--TYPE-arrow"}]}
RESULT: {"script":"<script> [1562 bytes]","args":[{"selector":{"id":"application-manageresources-display-component---newResourceUnit--TYPE-arrow"},"wdio_ui5_key":"applicationmanageresources-display-component---newResourceUnit--TYPE-arrow"}]}
RESULT: undefined
COMMAND: POST /session/6ffaab40fa98d483ee9e695104b36872/element - {"using":"xpath","value":"//*[@id=\"application-manageresources-display-component---newResourceUnit--TYPE-arrow\"]"}
RESULT: {"using":"xpath","value":"//*[@id=\"application-manageresources-display-component---newResourceUnit--TYPE-arrow\"]"}
COMMAND: POST /session/6ffaab40fa98d483ee9e695104b36872/element/f.CD9C86C2D64AD9F43056403335C8D92C.d.29BC720B365F850DE3910D8511BB50C6.e.5342/click - {}
RESULT: {}
COMMAND: POST /session/6ffaab40fa98d483ee9e695104b36872/element - {"using":"xpath","value":"//input[@id=\"application-manageresources-display-component---newResourceUnit--TYPE-inner\"]"}
COMMAND: GET /session/6ffaab40fa98d483ee9e695104b36872/screenshot - {}
RESULT: {"using":"xpath","value":"//input[@id=\"application-manageresources-display-component---newResourceUnit--TYPE-inner\"]"}
COMMAND: POST /session/6ffaab40fa98d483ee9e695104b36872/element/f.CD9C86C2D64AD9F43056403335C8D92C.d.29BC720B365F850DE3910D8511BB50C6.e.5337/clear - {}
RESULT: {}
RESULT: {}
COMMAND: POST /session/6ffaab40fa98d483ee9e695104b36872/element/f.CD9C86C2D64AD9F43056403335C8D92C.d.29BC720B365F850DE3910D8511BB50C6.e.5337/value - {"text":"Material"}
COMMAND: GET /session/6ffaab40fa98d483ee9e695104b36872/screenshot - {}
RESULT: {"text":"Material"}
COMMAND: GET /session/6ffaab40fa98d483ee9e695104b36872/screenshot - {}
RESULT: {}
RESULT: {}
COMMAND: POST /session/6ffaab40fa98d483ee9e695104b36872/actions - {"actions":[{"id":"action14","type":"key","parameters":{},"actions":[{"type":"keyDown","value":"î€‡"},{"type":"pause","duration":10},{"type":"keyUp","value":"î€‡"}]}]}
RESULT: {"actions":[{"id":"action14","type":"key","parameters":{},"actions":[{"type":"keyDown","value":"î€‡"},{"type":"pause","duration":10},{"type":"keyUp","value":"î€‡"}]}]}
COMMAND: POST /session/6ffaab40fa98d483ee9e695104b36872/execute/async - {"script":"<script> [1562 bytes]","args":[{"selector":{"id":"application-manageresources-display-component---newResourceUnit--SHORT_TEXT","interaction":{"idSuffix":"inner"}},"wdio_ui5_key":"applicationmanageresources-display-component---newResourceUnit--SHORT_TEXT"}]}
COMMAND: GET /session/6ffaab40fa98d483ee9e695104b36872/screenshot - {}
RESULT: {"script":"<script> [1562 bytes]","args":[{"selector":{"id":"application-manageresources-display-component---newResourceUnit--SHORT_TEXT","interaction":{"idSuffix":"inner"}},"wdio_ui5_key":"applicationmanageresources-display-component---newResourceUnit--SHORT_TEXT"}]}
RESULT: undefined
COMMAND: POST /session/6ffaab40fa98d483ee9e695104b36872/execute/async - {"script":"<script> [776 bytes]","args":[{"enterText":"Cement WDIO","selector":{"id":"application-manageresources-display-component---newResourceUnit--SHORT_TEXT","interaction":{"idSuffix":"inner"}},"clearTextFirst":true,"interactionType":"ENTER_TEXT"}]}
RESULT: {}
RESULT: {"script":"<script> [776 bytes]","args":[{"enterText":"Cement WDIO","selector":{"id":"application-manageresources-display-component---newResourceUnit--SHORT_TEXT","interaction":{"idSuffix":"inner"}},"clearTextFirst":true,"interactionType":"ENTER_TEXT"}]}
COMMAND: POST /session/6ffaab40fa98d483ee9e695104b36872/execute/async - {"script":"<script> [1562 bytes]","args":[{"selector":{"id":"application-manageresources-display-component---newResourceUnit--BASE_UNIT_OF_MEASURE","interaction":{"idSuffix":"inner"}},"wdio_ui5_key":"applicationmanageresources-display-component---newResourceUnit--BASE_UNIT_OF_MEASURE"}]}
RESULT: {"script":"<script> [1562 bytes]","args":[{"selector":{"id":"application-manageresources-display-component---newResourceUnit--BASE_UNIT_OF_MEASURE","interaction":{"idSuffix":"inner"}},"wdio_ui5_key":"applicationmanageresources-display-component---newResourceUnit--BASE_UNIT_OF_MEASURE"}]}
RESULT: undefined
COMMAND: POST /session/6ffaab40fa98d483ee9e695104b36872/execute/async - {"script":"<script> [776 bytes]","args":[{"enterText":"Piece","selector":{"id":"application-manageresources-display-component---newResourceUnit--BASE_UNIT_OF_MEASURE","interaction":{"idSuffix":"inner"}},"clearTextFirst":true,"interactionType":"ENTER_TEXT"}]}
RESULT: {"script":"<script> [776 bytes]","args":[{"enterText":"Piece","selector":{"id":"application-manageresources-display-component---newResourceUnit--BASE_UNIT_OF_MEASURE","interaction":{"idSuffix":"inner"}},"clearTextFirst":true,"interactionType":"ENTER_TEXT"}]}
COMMAND: POST /session/6ffaab40fa98d483ee9e695104b36872/execute/async - {"script":"<script> [1562 bytes]","args":[{"selector":{"id":"application-manageresources-display-component---newResourceUnit--WEIGHT_UNIT","interaction":{"idSuffix":"inner"}},"wdio_ui5_key":"applicationmanageresources-display-component---newResourceUnit--WEIGHT_UNIT"}]}
RESULT: {"script":"<script> [1562 bytes]","args":[{"selector":{"id":"application-manageresources-display-component---newResourceUnit--WEIGHT_UNIT","interaction":{"idSuffix":"inner"}},"wdio_ui5_key":"applicationmanageresources-display-component---newResourceUnit--WEIGHT_UNIT"}]}
RESULT: undefined
COMMAND: POST /session/6ffaab40fa98d483ee9e695104b36872/execute/async - {"script":"<script> [776 bytes]","args":[{"enterText":"Gram","selector":{"id":"application-manageresources-display-component---newResourceUnit--WEIGHT_UNIT","interaction":{"idSuffix":"inner"}},"clearTextFirst":true,"interactionType":"ENTER_TEXT"}]}
RESULT: {"script":"<script> [776 bytes]","args":[{"enterText":"Gram","selector":{"id":"application-manageresources-display-component---newResourceUnit--WEIGHT_UNIT","interaction":{"idSuffix":"inner"}},"clearTextFirst":true,"interactionType":"ENTER_TEXT"}]}
COMMAND: POST /session/6ffaab40fa98d483ee9e695104b36872/execute/async - {"script":"<script> [1562 bytes]","args":[{"selector":{"id":"application-manageresources-display-component---newResourceUnit--DIMENSION_UNIT","interaction":{"idSuffix":"inner"}},"wdio_ui5_key":"applicationmanageresources-display-component---newResourceUnit--DIMENSION_UNIT"}]}
RESULT: {"script":"<script> [1562 bytes]","args":[{"selector":{"id":"application-manageresources-display-component---newResourceUnit--DIMENSION_UNIT","interaction":{"idSuffix":"inner"}},"wdio_ui5_key":"applicationmanageresources-display-component---newResourceUnit--DIMENSION_UNIT"}]}
RESULT: undefined
COMMAND: POST /session/6ffaab40fa98d483ee9e695104b36872/execute/async - {"script":"<script> [776 bytes]","args":[{"enterText":"Meter","selector":{"id":"application-manageresources-display-component---newResourceUnit--DIMENSION_UNIT","interaction":{"idSuffix":"inner"}},"clearTextFirst":true,"interactionType":"ENTER_TEXT"}]}
RESULT: {"script":"<script> [776 bytes]","args":[{"enterText":"Meter","selector":{"id":"application-manageresources-display-component---newResourceUnit--DIMENSION_UNIT","interaction":{"idSuffix":"inner"}},"clearTextFirst":true,"interactionType":"ENTER_TEXT"}]}
COMMAND: POST /session/6ffaab40fa98d483ee9e695104b36872/execute/async - {"script":"<script> [1562 bytes]","args":[{"selector":{"id":"application-manageresources-display-component---newResourceUnit--newRRUPage-anchBar-application-manageresources-display-component---newResourceUnit--control-anchor","interaction":{"idSuffix":"BDI-content"}},"wdio_ui5_key":"applicationmanageresources-display-component---newResourceUnit--newRRUPage-anchBar-application-manageresources-display-component---newResourceUnit--control-anchor"}]}
RESULT: {"script":"<script> [1562 bytes]","args":[{"selector":{"id":"application-manageresources-display-component---newResourceUnit--newRRUPage-anchBar-application-manageresources-display-component---newResourceUnit--control-anchor","interaction":{"idSuffix":"BDI-content"}},"wdio_ui5_key":"applicationmanageresources-display-component---newResourceUnit--newRRUPage-anchBar-application-manageresources-display-component---newResourceUnit--control-anchor"}]}
RESULT: undefined
COMMAND: POST /session/6ffaab40fa98d483ee9e695104b36872/element - {"using":"xpath","value":"//*[@id=\"application-manageresources-display-component---newResourceUnit--newRRUPage-anchBar-application-manageresources-display-component---newResourceUnit--control-anchor\"]"}
RESULT: {"using":"xpath","value":"//*[@id=\"application-manageresources-display-component---newResourceUnit--newRRUPage-anchBar-application-manageresources-display-component---newResourceUnit--control-anchor\"]"}
COMMAND: POST /session/6ffaab40fa98d483ee9e695104b36872/element/f.CD9C86C2D64AD9F43056403335C8D92C.d.29BC720B365F850DE3910D8511BB50C6.e.5472/click - {}
RESULT: {}
COMMAND: POST /session/6ffaab40fa98d483ee9e695104b36872/execute/async - {"script":"<script> [1562 bytes]","args":[{"selector":{"id":"application-manageresources-display-component---newResourceUnit--PLANNING_GROUP","interaction":{"idSuffix":"inner"}},"wdio_ui5_key":"applicationmanageresources-display-component---newResourceUnit--PLANNING_GROUP"}]}
COMMAND: GET /session/6ffaab40fa98d483ee9e695104b36872/screenshot - {}
RESULT: {"script":"<script> [1562 bytes]","args":[{"selector":{"id":"application-manageresources-display-component---newResourceUnit--PLANNING_GROUP","interaction":{"idSuffix":"inner"}},"wdio_ui5_key":"applicationmanageresources-display-component---newResourceUnit--PLANNING_GROUP"}]}
RESULT: undefined
COMMAND: POST /session/6ffaab40fa98d483ee9e695104b36872/execute/async - {"script":"<script> [776 bytes]","args":[{"enterText":"Material","selector":{"id":"application-manageresources-display-component---newResourceUnit--PLANNING_GROUP","interaction":{"idSuffix":"inner"}},"clearTextFirst":true,"interactionType":"ENTER_TEXT"}]}
RESULT: {}
RESULT: {"script":"<script> [776 bytes]","args":[{"enterText":"Material","selector":{"id":"application-manageresources-display-component---newResourceUnit--PLANNING_GROUP","interaction":{"idSuffix":"inner"}},"clearTextFirst":true,"interactionType":"ENTER_TEXT"}]}
COMMAND: POST /session/6ffaab40fa98d483ee9e695104b36872/execute/async - {"script":"<script> [1562 bytes]","args":[{"selector":{"id":"application-manageresources-display-component---newResourceUnit--PLANNING_INDICATOR","interaction":{"idSuffix":"inner"}},"wdio_ui5_key":"applicationmanageresources-display-component---newResourceUnit--PLANNING_INDICATOR"}]}
RESULT: {"script":"<script> [1562 bytes]","args":[{"selector":{"id":"application-manageresources-display-component---newResourceUnit--PLANNING_INDICATOR","interaction":{"idSuffix":"inner"}},"wdio_ui5_key":"applicationmanageresources-display-component---newResourceUnit--PLANNING_INDICATOR"}]}
RESULT: undefined
COMMAND: POST /session/6ffaab40fa98d483ee9e695104b36872/execute/async - {"script":"<script> [776 bytes]","args":[{"enterText":"10 - infinite","selector":{"id":"application-manageresources-display-component---newResourceUnit--PLANNING_INDICATOR","interaction":{"idSuffix":"inner"}},"clearTextFirst":true,"interactionType":"ENTER_TEXT"}]}
RESULT: {"script":"<script> [776 bytes]","args":[{"enterText":"10 - infinite","selector":{"id":"application-manageresources-display-component---newResourceUnit--PLANNING_INDICATOR","interaction":{"idSuffix":"inner"}},"clearTextFirst":true,"interactionType":"ENTER_TEXT"}]}
COMMAND: POST /session/6ffaab40fa98d483ee9e695104b36872/element - {"using":"css selector","value":"#application-manageresources-display-component---newResourceUnit--btnAddTimeSegment"}
RESULT: {"using":"css selector","value":"#application-manageresources-display-component---newResourceUnit--btnAddTimeSegment"}
COMMAND: GET /session/6ffaab40fa98d483ee9e695104b36872/element/f.CD9C86C2D64AD9F43056403335C8D92C.d.29BC720B365F850DE3910D8511BB50C6.e.5480/rect - {}
RESULT: {}
COMMAND: GET /session/6ffaab40fa98d483ee9e695104b36872/window/rect - {}
RESULT: {}
COMMAND: POST /session/6ffaab40fa98d483ee9e695104b36872/execute/sync - {"script":"<script> [92 bytes]","args":[]}
RESULT: {"script":"<script> [92 bytes]","args":[]}
COMMAND: POST /session/6ffaab40fa98d483ee9e695104b36872/actions - {"actions":[{"id":"action15","type":"wheel","parameters":{},"actions":[{"type":"scroll","x":-1888,"y":-32,"deltaX":0,"deltaY":0,"duration":0,"origin":{"element-6066-11e4-a52e-4f735466cecf":"f.CD9C86C2D64AD9F43056403335C8D92C.d.29BC720B365F850DE3910D8511BB50C6.e.5480"}}]}]}
COMMAND: GET /session/6ffaab40fa98d483ee9e695104b36872/screenshot - {}
RESULT: {}
COMMAND: POST /session/6ffaab40fa98d483ee9e695104b36872/execute/sync - {"script":"<script> [79 bytes]","args":[{"element-6066-11e4-a52e-4f735466cecf":"f.CD9C86C2D64AD9F43056403335C8D92C.d.29BC720B365F850DE3910D8511BB50C6.e.5480","ELEMENT":"f.CD9C86C2D64AD9F43056403335C8D92C.d.29BC720B365F850DE3910D8511BB50C6.e.5480"},{"block":"start","inline":"nearest"}]}
RESULT: {"script":"<script> [79 bytes]","args":[{"element-6066-11e4-a52e-4f735466cecf":"f.CD9C86C2D64AD9F43056403335C8D92C.d.29BC720B365F850DE3910D8511BB50C6.e.5480","ELEMENT":"f.CD9C86C2D64AD9F43056403335C8D92C.d.29BC720B365F850DE3910D8511BB50C6.e.5480"},{"block":"start","inline":"nearest"}]}
COMMAND: POST /session/6ffaab40fa98d483ee9e695104b36872/execute/async - {"script":"<script> [1562 bytes]","args":[{"selector":{"id":"application-manageresources-display-component---newResourceUnit--btnAddTimeSegment","interaction":{"idSuffix":"inner"}},"wdio_ui5_key":"applicationmanageresources-display-component---newResourceUnit--btnAddTimeSegment"}]}
COMMAND: GET /session/6ffaab40fa98d483ee9e695104b36872/screenshot - {}
RESULT: {"script":"<script> [1562 bytes]","args":[{"selector":{"id":"application-manageresources-display-component---newResourceUnit--btnAddTimeSegment","interaction":{"idSuffix":"inner"}},"wdio_ui5_key":"applicationmanageresources-display-component---newResourceUnit--btnAddTimeSegment"}]}
RESULT: undefined
COMMAND: POST /session/6ffaab40fa98d483ee9e695104b36872/element - {"using":"xpath","value":"//*[@id=\"application-manageresources-display-component---newResourceUnit--btnAddTimeSegment\"]"}
RESULT: {}
RESULT: {"using":"xpath","value":"//*[@id=\"application-manageresources-display-component---newResourceUnit--btnAddTimeSegment\"]"}
COMMAND: POST /session/6ffaab40fa98d483ee9e695104b36872/element/f.CD9C86C2D64AD9F43056403335C8D92C.d.29BC720B365F850DE3910D8511BB50C6.e.5480/click - {}
RESULT: {}
COMMAND: GET /session/6ffaab40fa98d483ee9e695104b36872/screenshot - {}
RESULT: {}
COMMAND: POST /session/6ffaab40fa98d483ee9e695104b36872/element - {"using":"xpath","value":"//input[@id=\"application-manageresources-display-component---newResourceUnit--idRuTSAdmin-application-manageresources-display-component---newResourceUnit--RUTimeSegment-0-inner\"]"}
RESULT: {"using":"xpath","value":"//input[@id=\"application-manageresources-display-component---newResourceUnit--idRuTSAdmin-application-manageresources-display-component---newResourceUnit--RUTimeSegment-0-inner\"]"}
COMMAND: POST /session/6ffaab40fa98d483ee9e695104b36872/element/f.CD9C86C2D64AD9F43056403335C8D92C.d.29BC720B365F850DE3910D8511BB50C6.e.5485/clear - {}
RESULT: {}
COMMAND: POST /session/6ffaab40fa98d483ee9e695104b36872/element/f.CD9C86C2D64AD9F43056403335C8D92C.d.29BC720B365F850DE3910D8511BB50C6.e.5485/value - {"text":"595"}
COMMAND: GET /session/6ffaab40fa98d483ee9e695104b36872/screenshot - {}
RESULT: {"text":"595"}
COMMAND: GET /session/6ffaab40fa98d483ee9e695104b36872/screenshot - {}
RESULT: {}
RESULT: {}
COMMAND: POST /session/6ffaab40fa98d483ee9e695104b36872/element - {"using":"xpath","value":"//li[.//span[text()='595']]"}
RESULT: {"using":"xpath","value":"//li[.//span[text()='595']]"}
COMMAND: POST /session/6ffaab40fa98d483ee9e695104b36872/element/f.CD9C86C2D64AD9F43056403335C8D92C.d.29BC720B365F850DE3910D8511BB50C6.e.5496/click - {}
RESULT: {}
COMMAND: GET /session/6ffaab40fa98d483ee9e695104b36872/screenshot - {}
RESULT: {}
COMMAND: POST /session/6ffaab40fa98d483ee9e695104b36872/element - {"using":"xpath","value":"(//span[contains(@id, \"-application-manageresources-display-component---newResourceUnit--RUTimeSegment-0-arrow\")])[2]"}
RESULT: {"using":"xpath","value":"(//span[contains(@id, \"-application-manageresources-display-component---newResourceUnit--RUTimeSegment-0-arrow\")])[2]"}
COMMAND: POST /session/6ffaab40fa98d483ee9e695104b36872/element/f.CD9C86C2D64AD9F43056403335C8D92C.d.29BC720B365F850DE3910D8511BB50C6.e.5497/click - {}
RESULT: {}
COMMAND: POST /session/6ffaab40fa98d483ee9e695104b36872/element - {"using":"xpath","value":"//span[contains(text(), \"PM Order\")]"}
COMMAND: GET /session/6ffaab40fa98d483ee9e695104b36872/screenshot - {}
RESULT: {"using":"xpath","value":"//span[contains(text(), \"PM Order\")]"}
COMMAND: POST /session/6ffaab40fa98d483ee9e695104b36872/element/f.CD9C86C2D64AD9F43056403335C8D92C.d.29BC720B365F850DE3910D8511BB50C6.e.5498/click - {}
RESULT: {}
RESULT: {}
COMMAND: GET /session/6ffaab40fa98d483ee9e695104b36872/screenshot - {}
RESULT: {}
COMMAND: POST /session/6ffaab40fa98d483ee9e695104b36872/element - {"using":"xpath","value":"//td/div/div/div/span[contains(@id, \"newResourceUnit--RUTimeSegment-0-vhi\")][1]"}
RESULT: {"using":"xpath","value":"//td/div/div/div/span[contains(@id, \"newResourceUnit--RUTimeSegment-0-vhi\")][1]"}
COMMAND: GET /session/6ffaab40fa98d483ee9e695104b36872/element/f.CD9C86C2D64AD9F43056403335C8D92C.d.29BC720B365F850DE3910D8511BB50C6.e.5502/rect - {}
RESULT: {}
COMMAND: GET /session/6ffaab40fa98d483ee9e695104b36872/window/rect - {}
RESULT: {}
COMMAND: POST /session/6ffaab40fa98d483ee9e695104b36872/execute/sync - {"script":"<script> [92 bytes]","args":[]}
RESULT: {"script":"<script> [92 bytes]","args":[]}
COMMAND: POST /session/6ffaab40fa98d483ee9e695104b36872/actions - {"actions":[{"id":"action16","type":"wheel","parameters":{},"actions":[{"type":"scroll","x":-1888,"y":-24,"deltaX":0,"deltaY":0,"duration":0,"origin":{"element-6066-11e4-a52e-4f735466cecf":"f.CD9C86C2D64AD9F43056403335C8D92C.d.29BC720B365F850DE3910D8511BB50C6.e.5502"}}]}]}
COMMAND: GET /session/6ffaab40fa98d483ee9e695104b36872/screenshot - {}
RESULT: {}
COMMAND: POST /session/6ffaab40fa98d483ee9e695104b36872/execute/sync - {"script":"<script> [79 bytes]","args":[{"element-6066-11e4-a52e-4f735466cecf":"f.CD9C86C2D64AD9F43056403335C8D92C.d.29BC720B365F850DE3910D8511BB50C6.e.5502","ELEMENT":"f.CD9C86C2D64AD9F43056403335C8D92C.d.29BC720B365F850DE3910D8511BB50C6.e.5502"},{"block":"start","inline":"nearest"}]}
RESULT: {"script":"<script> [79 bytes]","args":[{"element-6066-11e4-a52e-4f735466cecf":"f.CD9C86C2D64AD9F43056403335C8D92C.d.29BC720B365F850DE3910D8511BB50C6.e.5502","ELEMENT":"f.CD9C86C2D64AD9F43056403335C8D92C.d.29BC720B365F850DE3910D8511BB50C6.e.5502"},{"block":"start","inline":"nearest"}]}
COMMAND: GET /session/6ffaab40fa98d483ee9e695104b36872/screenshot - {}
RESULT: {}
COMMAND: POST /session/6ffaab40fa98d483ee9e695104b36872/element/f.CD9C86C2D64AD9F43056403335C8D92C.d.29BC720B365F850DE3910D8511BB50C6.e.5502/click - {}
RESULT: {}
COMMAND: GET /session/6ffaab40fa98d483ee9e695104b36872/screenshot - {}
RESULT: {}
RESULT: undefined
COMMAND: POST /session/6ffaab40fa98d483ee9e695104b36872/execute/async - {"script":"<script> [776 bytes]","args":[{"enterText":"4000360","selector":{"controlType":"sap.m.SearchField","properties":{"placeholder":"Search"},"searchOpenDialogs":true,"interaction":{"idSuffix":"I"}},"clearTextFirst":true,"interactionType":"ENTER_TEXT"}]}
RESULT: {"script":"<script> [776 bytes]","args":[{"enterText":"4000360","selector":{"controlType":"sap.m.SearchField","properties":{"placeholder":"Search"},"searchOpenDialogs":true,"interaction":{"idSuffix":"I"}},"clearTextFirst":true,"interactionType":"ENTER_TEXT"}]}
COMMAND: POST /session/6ffaab40fa98d483ee9e695104b36872/actions - {"actions":[{"id":"action17","type":"key","parameters":{},"actions":[{"type":"keyDown","value":"î€‡"},{"type":"pause","duration":10},{"type":"keyUp","value":"î€‡"}]}]}
RESULT: {"actions":[{"id":"action17","type":"key","parameters":{},"actions":[{"type":"keyDown","value":"î€‡"},{"type":"pause","duration":10},{"type":"keyUp","value":"î€‡"}]}]}
COMMAND: GET /session/6ffaab40fa98d483ee9e695104b36872/screenshot - {}
RESULT: {}
COMMAND: POST /session/6ffaab40fa98d483ee9e695104b36872/element - {"using":"xpath","value":"//td/div/span[contains(text(), \"BGL Vehicles\")]"}
RESULT: {"using":"xpath","value":"//td/div/span[contains(text(), \"BGL Vehicles\")]"}
COMMAND: POST /session/6ffaab40fa98d483ee9e695104b36872/element/f.CD9C86C2D64AD9F43056403335C8D92C.d.29BC720B365F850DE3910D8511BB50C6.e.5521/click - {}
RESULT: {}
COMMAND: GET /session/6ffaab40fa98d483ee9e695104b36872/screenshot - {}
RESULT: {}
COMMAND: POST /session/6ffaab40fa98d483ee9e695104b36872/element - {"using":"xpath","value":"//bdi[contains(text(), \"OK\")]"}
RESULT: {"using":"xpath","value":"//bdi[contains(text(), \"OK\")]"}
COMMAND: POST /session/6ffaab40fa98d483ee9e695104b36872/element/f.CD9C86C2D64AD9F43056403335C8D92C.d.29BC720B365F850DE3910D8511BB50C6.e.5522/click - {}
RESULT: {}
COMMAND: GET /session/6ffaab40fa98d483ee9e695104b36872/screenshot - {}
RESULT: {}
COMMAND: POST /session/6ffaab40fa98d483ee9e695104b36872/element - {"using":"xpath","value":"//label[contains(@class, 'sapMLabelRequired') and .//bdi[contains(text(), 'Planned Retirement')]]"}
RESULT: {"using":"xpath","value":"//label[contains(@class, 'sapMLabelRequired') and .//bdi[contains(text(), 'Planned Retirement')]]"}
COMMAND: POST /session/6ffaab40fa98d483ee9e695104b36872/elements - {"using":"xpath","value":"//label[contains(@class, 'sapMLabelRequired') and .//bdi[contains(text(), 'Planned Retirement')]]"}
RESULT: {"using":"xpath","value":"//label[contains(@class, 'sapMLabelRequired') and .//bdi[contains(text(), 'Planned Retirement')]]"}
COMMAND: POST /session/6ffaab40fa98d483ee9e695104b36872/element - {"using":"xpath","value":"//button[@data-kt=\"resourceUnitSaveButton\"]"}
RESULT: {"using":"xpath","value":"//button[@data-kt=\"resourceUnitSaveButton\"]"}
COMMAND: POST /session/6ffaab40fa98d483ee9e695104b36872/element/f.CD9C86C2D64AD9F43056403335C8D92C.d.29BC720B365F850DE3910D8511BB50C6.e.5359/click - {}
RESULT: {}
COMMAND: GET /session/6ffaab40fa98d483ee9e695104b36872/screenshot - {}
RESULT: {}
COMMAND: POST /session/6ffaab40fa98d483ee9e695104b36872/element - {"using":"xpath","value":"//bdi[contains(text(), \"Close\")]"}
RESULT: {"using":"xpath","value":"//bdi[contains(text(), \"Close\")]"}
COMMAND: POST /session/6ffaab40fa98d483ee9e695104b36872/element/f.CD9C86C2D64AD9F43056403335C8D92C.d.29BC720B365F850DE3910D8511BB50C6.e.5528/click - {}
RESULT: {}
COMMAND: GET /session/6ffaab40fa98d483ee9e695104b36872/screenshot - {}
RESULT: {}
COMMAND: POST /session/6ffaab40fa98d483ee9e695104b36872/element - {"using":"xpath","value":"//header[contains(@id, 'detailRruPage-headerTitle')]/div[1]/div[2]/div[2]/span[1]"}
RESULT: {"using":"xpath","value":"//header[contains(@id, 'detailRruPage-headerTitle')]/div[1]/div[2]/div[2]/span[1]"}
COMMAND: POST /session/6ffaab40fa98d483ee9e695104b36872/elements - {"using":"xpath","value":"//header[contains(@id, 'detailRruPage-headerTitle')]/div[1]/div[2]/div[2]/span[1]"}
RESULT: {"using":"xpath","value":"//header[contains(@id, 'detailRruPage-headerTitle')]/div[1]/div[2]/div[2]/span[1]"}
COMMAND: POST /session/6ffaab40fa98d483ee9e695104b36872/execute/sync - {"script":"<script> [56 bytes]","args":[{"element-6066-11e4-a52e-4f735466cecf":"f.CD9C86C2D64AD9F43056403335C8D92C.d.29BC720B365F850DE3910D8511BB50C6.e.5564","ELEMENT":"f.CD9C86C2D64AD9F43056403335C8D92C.d.29BC720B365F850DE3910D8511BB50C6.e.5564"}]}
RESULT: {"script":"<script> [56 bytes]","args":[{"element-6066-11e4-a52e-4f735466cecf":"f.CD9C86C2D64AD9F43056403335C8D92C.d.29BC720B365F850DE3910D8511BB50C6.e.5564","ELEMENT":"f.CD9C86C2D64AD9F43056403335C8D92C.d.29BC720B365F850DE3910D8511BB50C6.e.5564"}]}
COMMAND: POST /session/6ffaab40fa98d483ee9e695104b36872/element - {"using":"css selector","value":"#shell-header-logo"}
COMMAND: GET /session/6ffaab40fa98d483ee9e695104b36872/screenshot - {}
RESULT: {"using":"css selector","value":"#shell-header-logo"}
COMMAND: POST /session/6ffaab40fa98d483ee9e695104b36872/element/f.CD9C86C2D64AD9F43056403335C8D92C.d.29BC720B365F850DE3910D8511BB50C6.e.4958/click - {}
RESULT: {}
RESULT: {}
COMMAND: GET /session/6ffaab40fa98d483ee9e695104b36872/screenshot - {}
RESULT: {}
]]></system-out>
    </testcase>
    <testcase classname="chrome.136_0_7103_93.windows.Create_masterdata_for_Yard_Overview_-_trigger_provide_US130988" name="Bin Status Report Should Create New Organization yard" time="97.177">
      <system-out><![CDATA[
COMMAND: POST /session/6ffaab40fa98d483ee9e695104b36872/execute/async - {"script":"<script> [1562 bytes]","args":[{"selector":{"controlType":"sap.m.GenericTile","properties":{"header":"Bin Status Report"}},"wdio_ui5_key":"sapm.GenericTile{\"header\":\"Bin Status Report\"}"}]}
RESULT: {"script":"<script> [1562 bytes]","args":[{"selector":{"controlType":"sap.m.GenericTile","properties":{"header":"Bin Status Report"}},"wdio_ui5_key":"sapm.GenericTile{\"header\":\"Bin Status Report\"}"}]}
RESULT: undefined
COMMAND: POST /session/6ffaab40fa98d483ee9e695104b36872/element - {"using":"xpath","value":"//*[@id=\"__tile104\"]"}
RESULT: {"using":"xpath","value":"//*[@id=\"__tile104\"]"}
COMMAND: POST /session/6ffaab40fa98d483ee9e695104b36872/element/f.CD9C86C2D64AD9F43056403335C8D92C.d.29BC720B365F850DE3910D8511BB50C6.e.5566/click - {}
RESULT: {}
COMMAND: GET /session/6ffaab40fa98d483ee9e695104b36872/screenshot - {}
COMMAND: POST /session/6ffaab40fa98d483ee9e695104b36872/elements - {"using":"xpath","value":"//span[text()='Error']"}
RESULT: {}
RESULT: {"using":"xpath","value":"//span[text()='Error']"}
COMMAND: POST /session/6ffaab40fa98d483ee9e695104b36872/element - {"using":"xpath","value":"//button[@id=\"application-binstatusreport-display-component---warehousing--createOrgBtn\"]"}
RESULT: {"using":"xpath","value":"//button[@id=\"application-binstatusreport-display-component---warehousing--createOrgBtn\"]"}
COMMAND: POST /session/6ffaab40fa98d483ee9e695104b36872/elements - {"using":"xpath","value":"//button[@id=\"application-binstatusreport-display-component---warehousing--createOrgBtn\"]"}
RESULT: {"using":"xpath","value":"//button[@id=\"application-binstatusreport-display-component---warehousing--createOrgBtn\"]"}
COMMAND: POST /session/6ffaab40fa98d483ee9e695104b36872/execute/sync - {"script":"<script> [8489 bytes]","args":[{"element-6066-11e4-a52e-4f735466cecf":"f.CD9C86C2D64AD9F43056403335C8D92C.d.29BC720B365F850DE3910D8511BB50C6.e.5608","ELEMENT":"f.CD9C86C2D64AD9F43056403335C8D92C.d.29BC720B365F850DE3910D8511BB50C6.e.5608"}]}
RESULT: {"script":"<script> [8489 bytes]","args":[{"element-6066-11e4-a52e-4f735466cecf":"f.CD9C86C2D64AD9F43056403335C8D92C.d.29BC720B365F850DE3910D8511BB50C6.e.5608","ELEMENT":"f.CD9C86C2D64AD9F43056403335C8D92C.d.29BC720B365F850DE3910D8511BB50C6.e.5608"}]}
COMMAND: GET /session/6ffaab40fa98d483ee9e695104b36872/element/f.CD9C86C2D64AD9F43056403335C8D92C.d.29BC720B365F850DE3910D8511BB50C6.e.5608/enabled - {}
COMMAND: GET /session/6ffaab40fa98d483ee9e695104b36872/screenshot - {}
RESULT: {}
COMMAND: POST /session/6ffaab40fa98d483ee9e695104b36872/execute/sync - {"script":"<script> [8489 bytes]","args":[{"element-6066-11e4-a52e-4f735466cecf":"f.CD9C86C2D64AD9F43056403335C8D92C.d.29BC720B365F850DE3910D8511BB50C6.e.5608","ELEMENT":"f.CD9C86C2D64AD9F43056403335C8D92C.d.29BC720B365F850DE3910D8511BB50C6.e.5608"}]}
COMMAND: GET /session/6ffaab40fa98d483ee9e695104b36872/screenshot - {}
RESULT: {}
RESULT: {"script":"<script> [8489 bytes]","args":[{"element-6066-11e4-a52e-4f735466cecf":"f.CD9C86C2D64AD9F43056403335C8D92C.d.29BC720B365F850DE3910D8511BB50C6.e.5608","ELEMENT":"f.CD9C86C2D64AD9F43056403335C8D92C.d.29BC720B365F850DE3910D8511BB50C6.e.5608"}]}
COMMAND: POST /session/6ffaab40fa98d483ee9e695104b36872/execute/sync - {"script":"<script> [5351 bytes]","args":[{"element-6066-11e4-a52e-4f735466cecf":"f.CD9C86C2D64AD9F43056403335C8D92C.d.29BC720B365F850DE3910D8511BB50C6.e.5608","ELEMENT":"f.CD9C86C2D64AD9F43056403335C8D92C.d.29BC720B365F850DE3910D8511BB50C6.e.5608"}]}
COMMAND: GET /session/6ffaab40fa98d483ee9e695104b36872/screenshot - {}
RESULT: {}
RESULT: {"script":"<script> [5351 bytes]","args":[{"element-6066-11e4-a52e-4f735466cecf":"f.CD9C86C2D64AD9F43056403335C8D92C.d.29BC720B365F850DE3910D8511BB50C6.e.5608","ELEMENT":"f.CD9C86C2D64AD9F43056403335C8D92C.d.29BC720B365F850DE3910D8511BB50C6.e.5608"}]}
COMMAND: GET /session/6ffaab40fa98d483ee9e695104b36872/screenshot - {}
RESULT: {}
RESULT: {}
COMMAND: POST /session/6ffaab40fa98d483ee9e695104b36872/element/f.CD9C86C2D64AD9F43056403335C8D92C.d.29BC720B365F850DE3910D8511BB50C6.e.5608/click - {}
RESULT: {}
COMMAND: GET /session/6ffaab40fa98d483ee9e695104b36872/screenshot - {}
RESULT: {}
COMMAND: POST /session/6ffaab40fa98d483ee9e695104b36872/execute/async - {"script":"<script> [1562 bytes]","args":[{"selector":{"id":"createOrganizationPop--sectionInput","searchOpenDialogs":true,"interaction":{"idSuffix":"inner"}},"wdio_ui5_key":"createOrganizationPopsectionInput"}]}
RESULT: {"script":"<script> [1562 bytes]","args":[{"selector":{"id":"createOrganizationPop--sectionInput","searchOpenDialogs":true,"interaction":{"idSuffix":"inner"}},"wdio_ui5_key":"createOrganizationPopsectionInput"}]}
RESULT: undefined
COMMAND: POST /session/6ffaab40fa98d483ee9e695104b36872/execute/async - {"script":"<script> [776 bytes]","args":[{"enterText":"WDIO-595","selector":{"id":"createOrganizationPop--sectionInput","searchOpenDialogs":true,"interaction":{"idSuffix":"inner"}},"clearTextFirst":true,"interactionType":"ENTER_TEXT"}]}
RESULT: {"script":"<script> [776 bytes]","args":[{"enterText":"WDIO-595","selector":{"id":"createOrganizationPop--sectionInput","searchOpenDialogs":true,"interaction":{"idSuffix":"inner"}},"clearTextFirst":true,"interactionType":"ENTER_TEXT"}]}
COMMAND: POST /session/6ffaab40fa98d483ee9e695104b36872/execute/async - {"script":"<script> [1562 bytes]","args":[{"selector":{"id":"createOrganizationPop--descriptionInput","searchOpenDialogs":true,"interaction":{"idSuffix":"inner"}},"wdio_ui5_key":"createOrganizationPopdescriptionInput"}]}
RESULT: {"script":"<script> [1562 bytes]","args":[{"selector":{"id":"createOrganizationPop--descriptionInput","searchOpenDialogs":true,"interaction":{"idSuffix":"inner"}},"wdio_ui5_key":"createOrganizationPopdescriptionInput"}]}
RESULT: undefined
COMMAND: POST /session/6ffaab40fa98d483ee9e695104b36872/execute/async - {"script":"<script> [776 bytes]","args":[{"enterText":"Shipping-595","selector":{"id":"createOrganizationPop--descriptionInput","searchOpenDialogs":true,"interaction":{"idSuffix":"inner"}},"clearTextFirst":true,"interactionType":"ENTER_TEXT"}]}
RESULT: {"script":"<script> [776 bytes]","args":[{"enterText":"Shipping-595","selector":{"id":"createOrganizationPop--descriptionInput","searchOpenDialogs":true,"interaction":{"idSuffix":"inner"}},"clearTextFirst":true,"interactionType":"ENTER_TEXT"}]}
COMMAND: POST /session/6ffaab40fa98d483ee9e695104b36872/element - {"using":"css selector","value":"#createOrganizationPop--yardOrg-inner"}
RESULT: {"using":"css selector","value":"#createOrganizationPop--yardOrg-inner"}
COMMAND: POST /session/6ffaab40fa98d483ee9e695104b36872/element/f.CD9C86C2D64AD9F43056403335C8D92C.d.29BC720B365F850DE3910D8511BB50C6.e.5654/clear - {}
RESULT: {}
COMMAND: POST /session/6ffaab40fa98d483ee9e695104b36872/element/f.CD9C86C2D64AD9F43056403335C8D92C.d.29BC720B365F850DE3910D8511BB50C6.e.5654/value - {"text":"595"}
COMMAND: GET /session/6ffaab40fa98d483ee9e695104b36872/screenshot - {}
RESULT: {"text":"595"}
COMMAND: GET /session/6ffaab40fa98d483ee9e695104b36872/screenshot - {}
RESULT: {}
RESULT: {}
COMMAND: POST /session/6ffaab40fa98d483ee9e695104b36872/actions - {"actions":[{"id":"action18","type":"key","parameters":{},"actions":[{"type":"keyDown","value":"î€‡"},{"type":"pause","duration":10},{"type":"keyUp","value":"î€‡"}]}]}
RESULT: {"actions":[{"id":"action18","type":"key","parameters":{},"actions":[{"type":"keyDown","value":"î€‡"},{"type":"pause","duration":10},{"type":"keyUp","value":"î€‡"}]}]}
COMMAND: POST /session/6ffaab40fa98d483ee9e695104b36872/execute/async - {"script":"<script> [1562 bytes]","args":[{"selector":{"id":"createOrganizationPop--grZone","searchOpenDialogs":true,"interaction":{"idSuffix":"CbBg"}},"wdio_ui5_key":"createOrganizationPopgrZone"}]}
COMMAND: GET /session/6ffaab40fa98d483ee9e695104b36872/screenshot - {}
RESULT: {"script":"<script> [1562 bytes]","args":[{"selector":{"id":"createOrganizationPop--grZone","searchOpenDialogs":true,"interaction":{"idSuffix":"CbBg"}},"wdio_ui5_key":"createOrganizationPopgrZone"}]}
RESULT: undefined
COMMAND: POST /session/6ffaab40fa98d483ee9e695104b36872/element - {"using":"xpath","value":"//*[@id=\"createOrganizationPop--grZone\"]"}
RESULT: {}
RESULT: {"using":"xpath","value":"//*[@id=\"createOrganizationPop--grZone\"]"}
COMMAND: POST /session/6ffaab40fa98d483ee9e695104b36872/element/f.CD9C86C2D64AD9F43056403335C8D92C.d.29BC720B365F850DE3910D8511BB50C6.e.5676/click - {}
RESULT: {}
COMMAND: GET /session/6ffaab40fa98d483ee9e695104b36872/screenshot - {}
RESULT: {}
COMMAND: POST /session/6ffaab40fa98d483ee9e695104b36872/execute/async - {"script":"<script> [1562 bytes]","args":[{"selector":{"id":"createOrganizationPop--giZone","searchOpenDialogs":true,"interaction":{"idSuffix":"CbBg"}},"wdio_ui5_key":"createOrganizationPopgiZone"}]}
RESULT: {"script":"<script> [1562 bytes]","args":[{"selector":{"id":"createOrganizationPop--giZone","searchOpenDialogs":true,"interaction":{"idSuffix":"CbBg"}},"wdio_ui5_key":"createOrganizationPopgiZone"}]}
RESULT: undefined
COMMAND: POST /session/6ffaab40fa98d483ee9e695104b36872/element - {"using":"xpath","value":"//*[@id=\"createOrganizationPop--giZone\"]"}
RESULT: {"using":"xpath","value":"//*[@id=\"createOrganizationPop--giZone\"]"}
COMMAND: POST /session/6ffaab40fa98d483ee9e695104b36872/element/f.CD9C86C2D64AD9F43056403335C8D92C.d.29BC720B365F850DE3910D8511BB50C6.e.5678/click - {}
RESULT: {}
COMMAND: GET /session/6ffaab40fa98d483ee9e695104b36872/screenshot - {}
RESULT: {}
COMMAND: POST /session/6ffaab40fa98d483ee9e695104b36872/execute/async - {"script":"<script> [1562 bytes]","args":[{"selector":{"id":"createOrganizationPop--binNoInput","searchOpenDialogs":true,"interaction":{"idSuffix":"inner"}},"wdio_ui5_key":"createOrganizationPopbinNoInput"}]}
RESULT: {"script":"<script> [1562 bytes]","args":[{"selector":{"id":"createOrganizationPop--binNoInput","searchOpenDialogs":true,"interaction":{"idSuffix":"inner"}},"wdio_ui5_key":"createOrganizationPopbinNoInput"}]}
RESULT: undefined
COMMAND: POST /session/6ffaab40fa98d483ee9e695104b36872/execute/async - {"script":"<script> [776 bytes]","args":[{"enterText":"Bin-Wd","selector":{"id":"createOrganizationPop--binNoInput","searchOpenDialogs":true,"interaction":{"idSuffix":"inner"}},"clearTextFirst":true,"interactionType":"ENTER_TEXT"}]}
RESULT: {"script":"<script> [776 bytes]","args":[{"enterText":"Bin-Wd","selector":{"id":"createOrganizationPop--binNoInput","searchOpenDialogs":true,"interaction":{"idSuffix":"inner"}},"clearTextFirst":true,"interactionType":"ENTER_TEXT"}]}
COMMAND: POST /session/6ffaab40fa98d483ee9e695104b36872/execute/async - {"script":"<script> [1562 bytes]","args":[{"selector":{"id":"createOrganizationPop--descriptionId","searchOpenDialogs":true,"interaction":{"idSuffix":"inner"}},"wdio_ui5_key":"createOrganizationPopdescriptionId"}]}
RESULT: {"script":"<script> [1562 bytes]","args":[{"selector":{"id":"createOrganizationPop--descriptionId","searchOpenDialogs":true,"interaction":{"idSuffix":"inner"}},"wdio_ui5_key":"createOrganizationPopdescriptionId"}]}
RESULT: undefined
COMMAND: POST /session/6ffaab40fa98d483ee9e695104b36872/execute/async - {"script":"<script> [776 bytes]","args":[{"enterText":"Shipping-Wd","selector":{"id":"createOrganizationPop--descriptionId","searchOpenDialogs":true,"interaction":{"idSuffix":"inner"}},"clearTextFirst":true,"interactionType":"ENTER_TEXT"}]}
RESULT: {"script":"<script> [776 bytes]","args":[{"enterText":"Shipping-Wd","selector":{"id":"createOrganizationPop--descriptionId","searchOpenDialogs":true,"interaction":{"idSuffix":"inner"}},"clearTextFirst":true,"interactionType":"ENTER_TEXT"}]}
COMMAND: POST /session/6ffaab40fa98d483ee9e695104b36872/execute/async - {"script":"<script> [1562 bytes]","args":[{"selector":{"controlType":"sap.m.CheckBox","viewName":"etm.portal.ui.binstatusreport.view.MasterWareBins","viewId":"application-binstatusreport-display-component---warehousing","bindingPath":{"path":"","propertyPath":"/ZONE","modelName":"newBin"},"searchOpenDialogs":true,"interaction":{"idSuffix":"CbBg"}},"wdio_ui5_key":"etmportal.ui.binstatusreport.view.MasterWareBinssap.m.CheckBox{\"path\":\"\",\"propertyPath\":\"/ZONE\",\"modelName\":\"newBin\"}"}]}
RESULT: {"script":"<script> [1562 bytes]","args":[{"selector":{"controlType":"sap.m.CheckBox","viewName":"etm.portal.ui.binstatusreport.view.MasterWareBins","viewId":"application-binstatusreport-display-component---warehousing","bindingPath":{"path":"","propertyPath":"/ZONE","modelName":"newBin"},"searchOpenDialogs":true,"interaction":{"idSuffix":"CbBg"}},"wdio_ui5_key":"etmportal.ui.binstatusreport.view.MasterWareBinssap.m.CheckBox{\"path\":\"\",\"propertyPath\":\"/ZONE\",\"modelName\":\"newBin\"}"}]}
RESULT: undefined
COMMAND: POST /session/6ffaab40fa98d483ee9e695104b36872/element - {"using":"xpath","value":"//*[@id=\"__box56\"]"}
RESULT: {"using":"xpath","value":"//*[@id=\"__box56\"]"}
COMMAND: POST /session/6ffaab40fa98d483ee9e695104b36872/element/f.CD9C86C2D64AD9F43056403335C8D92C.d.29BC720B365F850DE3910D8511BB50C6.e.5696/click - {}
RESULT: {}
COMMAND: GET /session/6ffaab40fa98d483ee9e695104b36872/screenshot - {}
RESULT: {}
COMMAND: POST /session/6ffaab40fa98d483ee9e695104b36872/execute/async - {"script":"<script> [1562 bytes]","args":[{"selector":{"id":"createOrganizationPop--binTypesCB","searchOpenDialogs":true,"interaction":{"idSuffix":"inner"}},"wdio_ui5_key":"createOrganizationPopbinTypesCB"}]}
RESULT: {"script":"<script> [1562 bytes]","args":[{"selector":{"id":"createOrganizationPop--binTypesCB","searchOpenDialogs":true,"interaction":{"idSuffix":"inner"}},"wdio_ui5_key":"createOrganizationPopbinTypesCB"}]}
RESULT: undefined
COMMAND: POST /session/6ffaab40fa98d483ee9e695104b36872/execute/async - {"script":"<script> [776 bytes]","args":[{"enterText":"1 - General / No capacity check","selector":{"id":"createOrganizationPop--binTypesCB","searchOpenDialogs":true,"interaction":{"idSuffix":"inner"}},"clearTextFirst":true,"interactionType":"ENTER_TEXT"}]}
RESULT: {"script":"<script> [776 bytes]","args":[{"enterText":"1 - General / No capacity check","selector":{"id":"createOrganizationPop--binTypesCB","searchOpenDialogs":true,"interaction":{"idSuffix":"inner"}},"clearTextFirst":true,"interactionType":"ENTER_TEXT"}]}
COMMAND: POST /session/6ffaab40fa98d483ee9e695104b36872/actions - {"actions":[{"id":"action19","type":"key","parameters":{},"actions":[{"type":"keyDown","value":"î€‡"},{"type":"pause","duration":10},{"type":"keyUp","value":"î€‡"}]}]}
RESULT: {"actions":[{"id":"action19","type":"key","parameters":{},"actions":[{"type":"keyDown","value":"î€‡"},{"type":"pause","duration":10},{"type":"keyUp","value":"î€‡"}]}]}
COMMAND: GET /session/6ffaab40fa98d483ee9e695104b36872/screenshot - {}
RESULT: {}
COMMAND: POST /session/6ffaab40fa98d483ee9e695104b36872/execute/async - {"script":"<script> [1562 bytes]","args":[{"selector":{"id":"createOrganizationPop--finishBtn","searchOpenDialogs":true,"interaction":{"idSuffix":"BDI-content"}},"wdio_ui5_key":"createOrganizationPopfinishBtn"}]}
RESULT: {"script":"<script> [1562 bytes]","args":[{"selector":{"id":"createOrganizationPop--finishBtn","searchOpenDialogs":true,"interaction":{"idSuffix":"BDI-content"}},"wdio_ui5_key":"createOrganizationPopfinishBtn"}]}
RESULT: undefined
COMMAND: POST /session/6ffaab40fa98d483ee9e695104b36872/element - {"using":"xpath","value":"//*[@id=\"createOrganizationPop--finishBtn\"]"}
RESULT: {"using":"xpath","value":"//*[@id=\"createOrganizationPop--finishBtn\"]"}
COMMAND: POST /session/6ffaab40fa98d483ee9e695104b36872/element/f.CD9C86C2D64AD9F43056403335C8D92C.d.29BC720B365F850DE3910D8511BB50C6.e.5712/click - {}
RESULT: {}
COMMAND: GET /session/6ffaab40fa98d483ee9e695104b36872/screenshot - {}
RESULT: {}
COMMAND: POST /session/6ffaab40fa98d483ee9e695104b36872/element - {"using":"css selector","value":"#shell-header-logo"}
RESULT: {"using":"css selector","value":"#shell-header-logo"}
COMMAND: POST /session/6ffaab40fa98d483ee9e695104b36872/element/f.CD9C86C2D64AD9F43056403335C8D92C.d.29BC720B365F850DE3910D8511BB50C6.e.5572/click - {}
RESULT: {}
COMMAND: GET /session/6ffaab40fa98d483ee9e695104b36872/screenshot - {}
RESULT: {}
]]></system-out>
    </testcase>
  </testsuite>
</testsuites>