<?xml version="1.0" encoding="UTF-8"?>
<testsuites tests="13" failures="1" errors="1" skipped="2">
  <testsuite timestamp="2025-04-30T05:34:41" time="1511.429" tests="13" failures="1" errors="1" skipped="2">
    <properties>
      <property name="specId" value="0" />
      <property name="suiteName" value="Partner specific tests US150819 US151080 US151654 US151176 US103444 US151078 US151079 US151109 US151174 US151175 US151189" />
      <property name="capabilities" value="chrome.135_0_7049_96.windows" />
      <property name="file" value="file:///D:/a/1/s/test/specs/BTS/manage-partners.spec.js" />
    </properties>
    <testcase classname="chrome.135_0_7049_96.windows.Partner_specific_tests_US150819_US151080_US151654_US151176_US103444_US151078_US151079_US151109_US151174_US151175_US151189" name="Should create a new yard prerequisite" time="114.953">
      <system-out><![CDATA[
COMMAND: POST /session/6aa7e649349f90b4840747c4ea403a74/window/fullscreen - {}
RESULT: {}
COMMAND: POST /session/6aa7e649349f90b4840747c4ea403a74/element - {"using":"xpath","value":"//li[.//span[text()=\"Manage Partners\"]]"}
RESULT: {"using":"xpath","value":"//li[.//span[text()=\"Manage Partners\"]]"}
COMMAND: POST /session/6aa7e649349f90b4840747c4ea403a74/element - {"using":"xpath","value":"//li[.//span[text()=\"Manage Partners\"]]"}
RESULT: {"using":"xpath","value":"//li[.//span[text()=\"Manage Partners\"]]"}
COMMAND: POST /session/6aa7e649349f90b4840747c4ea403a74/element - {"using":"css selector","value":"#shell-header-logo"}
RESULT: {"using":"css selector","value":"#shell-header-logo"}
COMMAND: POST /session/6aa7e649349f90b4840747c4ea403a74/element/f.B789F3E8D5EB6317E0B12CBF8AF7BC43.d.314FDF771B1FC056015E2D80EBE08F83.e.257/click - {}
COMMAND: POST /session/6aa7e649349f90b4840747c4ea403a74/execute/sync - {"script":"<script> [8489 bytes]","args":[{"element-6066-11e4-a52e-4f735466cecf":"f.B789F3E8D5EB6317E0B12CBF8AF7BC43.d.314FDF771B1FC056015E2D80EBE08F83.e.257","ELEMENT":"f.B789F3E8D5EB6317E0B12CBF8AF7BC43.d.314FDF771B1FC056015E2D80EBE08F83.e.257"}]}
RESULT: {"script":"<script> [8489 bytes]","args":[{"element-6066-11e4-a52e-4f735466cecf":"f.B789F3E8D5EB6317E0B12CBF8AF7BC43.d.314FDF771B1FC056015E2D80EBE08F83.e.257","ELEMENT":"f.B789F3E8D5EB6317E0B12CBF8AF7BC43.d.314FDF771B1FC056015E2D80EBE08F83.e.257"}]}
COMMAND: POST /session/6aa7e649349f90b4840747c4ea403a74/execute/sync - {"script":"<script> [5351 bytes]","args":[{"element-6066-11e4-a52e-4f735466cecf":"f.B789F3E8D5EB6317E0B12CBF8AF7BC43.d.314FDF771B1FC056015E2D80EBE08F83.e.257","ELEMENT":"f.B789F3E8D5EB6317E0B12CBF8AF7BC43.d.314FDF771B1FC056015E2D80EBE08F83.e.257"}]}
COMMAND: GET /session/6aa7e649349f90b4840747c4ea403a74/screenshot - {}
RESULT: {}
COMMAND: GET /session/6aa7e649349f90b4840747c4ea403a74/screenshot - {}
RESULT: {"script":"<script> [5351 bytes]","args":[{"element-6066-11e4-a52e-4f735466cecf":"f.B789F3E8D5EB6317E0B12CBF8AF7BC43.d.314FDF771B1FC056015E2D80EBE08F83.e.257","ELEMENT":"f.B789F3E8D5EB6317E0B12CBF8AF7BC43.d.314FDF771B1FC056015E2D80EBE08F83.e.257"}]}
COMMAND: GET /session/6aa7e649349f90b4840747c4ea403a74/screenshot - {}
RESULT: {}
RESULT: {}
RESULT: {}
COMMAND: POST /session/6aa7e649349f90b4840747c4ea403a74/execute/async - {"script":"<script> [1562 bytes]","args":[{"selector":{"controlType":"sap.m.GenericTile","properties":{"header":"Manage Yards"}},"wdio_ui5_key":"sapm.GenericTile{\"header\":\"Manage Yards\"}"}]}
RESULT: {"script":"<script> [1562 bytes]","args":[{"selector":{"controlType":"sap.m.GenericTile","properties":{"header":"Manage Yards"}},"wdio_ui5_key":"sapm.GenericTile{\"header\":\"Manage Yards\"}"}]}
RESULT: undefined
COMMAND: POST /session/6aa7e649349f90b4840747c4ea403a74/element - {"using":"xpath","value":"//*[@id=\"__tile41\"]"}
RESULT: {"using":"xpath","value":"//*[@id=\"__tile41\"]"}
COMMAND: POST /session/6aa7e649349f90b4840747c4ea403a74/element/f.B789F3E8D5EB6317E0B12CBF8AF7BC43.d.314FDF771B1FC056015E2D80EBE08F83.e.156/click - {}
RESULT: {}
COMMAND: POST /session/6aa7e649349f90b4840747c4ea403a74/element - {"using":"xpath","value":"//button[@data-kt=\"addNewYardOverflowToolbarButton\"]"}
COMMAND: GET /session/6aa7e649349f90b4840747c4ea403a74/screenshot - {}
RESULT: {"using":"xpath","value":"//button[@data-kt=\"addNewYardOverflowToolbarButton\"]"}
COMMAND: POST /session/6aa7e649349f90b4840747c4ea403a74/elements - {"using":"xpath","value":"//button[@data-kt=\"addNewYardOverflowToolbarButton\"]"}
RESULT: {}
RESULT: {"using":"xpath","value":"//button[@data-kt=\"addNewYardOverflowToolbarButton\"]"}
COMMAND: POST /session/6aa7e649349f90b4840747c4ea403a74/elements - {"using":"xpath","value":"//button[@data-kt=\"addNewYardOverflowToolbarButton\"]"}
RESULT: {"using":"xpath","value":"//button[@data-kt=\"addNewYardOverflowToolbarButton\"]"}
COMMAND: POST /session/6aa7e649349f90b4840747c4ea403a74/elements - {"using":"xpath","value":"//button[@data-kt=\"addNewYardOverflowToolbarButton\"]"}
RESULT: {"using":"xpath","value":"//button[@data-kt=\"addNewYardOverflowToolbarButton\"]"}
COMMAND: POST /session/6aa7e649349f90b4840747c4ea403a74/elements - {"using":"xpath","value":"//button[@data-kt=\"addNewYardOverflowToolbarButton\"]"}
RESULT: {"using":"xpath","value":"//button[@data-kt=\"addNewYardOverflowToolbarButton\"]"}
COMMAND: POST /session/6aa7e649349f90b4840747c4ea403a74/elements - {"using":"xpath","value":"//button[@data-kt=\"addNewYardOverflowToolbarButton\"]"}
RESULT: {"using":"xpath","value":"//button[@data-kt=\"addNewYardOverflowToolbarButton\"]"}
COMMAND: POST /session/6aa7e649349f90b4840747c4ea403a74/elements - {"using":"xpath","value":"//button[@data-kt=\"addNewYardOverflowToolbarButton\"]"}
RESULT: {"using":"xpath","value":"//button[@data-kt=\"addNewYardOverflowToolbarButton\"]"}
COMMAND: POST /session/6aa7e649349f90b4840747c4ea403a74/elements - {"using":"xpath","value":"//button[@data-kt=\"addNewYardOverflowToolbarButton\"]"}
RESULT: {"using":"xpath","value":"//button[@data-kt=\"addNewYardOverflowToolbarButton\"]"}
COMMAND: POST /session/6aa7e649349f90b4840747c4ea403a74/elements - {"using":"xpath","value":"//button[@data-kt=\"addNewYardOverflowToolbarButton\"]"}
RESULT: {"using":"xpath","value":"//button[@data-kt=\"addNewYardOverflowToolbarButton\"]"}
COMMAND: POST /session/6aa7e649349f90b4840747c4ea403a74/elements - {"using":"xpath","value":"//button[@data-kt=\"addNewYardOverflowToolbarButton\"]"}
RESULT: {"using":"xpath","value":"//button[@data-kt=\"addNewYardOverflowToolbarButton\"]"}
COMMAND: POST /session/6aa7e649349f90b4840747c4ea403a74/elements - {"using":"xpath","value":"//button[@data-kt=\"addNewYardOverflowToolbarButton\"]"}
RESULT: {"using":"xpath","value":"//button[@data-kt=\"addNewYardOverflowToolbarButton\"]"}
COMMAND: POST /session/6aa7e649349f90b4840747c4ea403a74/elements - {"using":"xpath","value":"//button[@data-kt=\"addNewYardOverflowToolbarButton\"]"}
RESULT: {"using":"xpath","value":"//button[@data-kt=\"addNewYardOverflowToolbarButton\"]"}
COMMAND: POST /session/6aa7e649349f90b4840747c4ea403a74/elements - {"using":"xpath","value":"//button[@data-kt=\"addNewYardOverflowToolbarButton\"]"}
RESULT: {"using":"xpath","value":"//button[@data-kt=\"addNewYardOverflowToolbarButton\"]"}
COMMAND: POST /session/6aa7e649349f90b4840747c4ea403a74/elements - {"using":"xpath","value":"//button[@data-kt=\"addNewYardOverflowToolbarButton\"]"}
RESULT: {"using":"xpath","value":"//button[@data-kt=\"addNewYardOverflowToolbarButton\"]"}
COMMAND: POST /session/6aa7e649349f90b4840747c4ea403a74/elements - {"using":"xpath","value":"//button[@data-kt=\"addNewYardOverflowToolbarButton\"]"}
RESULT: {"using":"xpath","value":"//button[@data-kt=\"addNewYardOverflowToolbarButton\"]"}
COMMAND: POST /session/6aa7e649349f90b4840747c4ea403a74/elements - {"using":"xpath","value":"//button[@data-kt=\"addNewYardOverflowToolbarButton\"]"}
RESULT: {"using":"xpath","value":"//button[@data-kt=\"addNewYardOverflowToolbarButton\"]"}
COMMAND: POST /session/6aa7e649349f90b4840747c4ea403a74/elements - {"using":"xpath","value":"//button[@data-kt=\"addNewYardOverflowToolbarButton\"]"}
RESULT: {"using":"xpath","value":"//button[@data-kt=\"addNewYardOverflowToolbarButton\"]"}
COMMAND: POST /session/6aa7e649349f90b4840747c4ea403a74/elements - {"using":"xpath","value":"//button[@data-kt=\"addNewYardOverflowToolbarButton\"]"}
RESULT: {"using":"xpath","value":"//button[@data-kt=\"addNewYardOverflowToolbarButton\"]"}
COMMAND: POST /session/6aa7e649349f90b4840747c4ea403a74/elements - {"using":"xpath","value":"//button[@data-kt=\"addNewYardOverflowToolbarButton\"]"}
RESULT: {"using":"xpath","value":"//button[@data-kt=\"addNewYardOverflowToolbarButton\"]"}
COMMAND: POST /session/6aa7e649349f90b4840747c4ea403a74/elements - {"using":"xpath","value":"//button[@data-kt=\"addNewYardOverflowToolbarButton\"]"}
RESULT: {"using":"xpath","value":"//button[@data-kt=\"addNewYardOverflowToolbarButton\"]"}
COMMAND: POST /session/6aa7e649349f90b4840747c4ea403a74/elements - {"using":"xpath","value":"//button[@data-kt=\"addNewYardOverflowToolbarButton\"]"}
RESULT: {"using":"xpath","value":"//button[@data-kt=\"addNewYardOverflowToolbarButton\"]"}
COMMAND: POST /session/6aa7e649349f90b4840747c4ea403a74/elements - {"using":"xpath","value":"//button[@data-kt=\"addNewYardOverflowToolbarButton\"]"}
RESULT: {"using":"xpath","value":"//button[@data-kt=\"addNewYardOverflowToolbarButton\"]"}
COMMAND: POST /session/6aa7e649349f90b4840747c4ea403a74/elements - {"using":"xpath","value":"//button[@data-kt=\"addNewYardOverflowToolbarButton\"]"}
RESULT: {"using":"xpath","value":"//button[@data-kt=\"addNewYardOverflowToolbarButton\"]"}
COMMAND: POST /session/6aa7e649349f90b4840747c4ea403a74/elements - {"using":"xpath","value":"//button[@data-kt=\"addNewYardOverflowToolbarButton\"]"}
RESULT: {"using":"xpath","value":"//button[@data-kt=\"addNewYardOverflowToolbarButton\"]"}
COMMAND: POST /session/6aa7e649349f90b4840747c4ea403a74/elements - {"using":"xpath","value":"//button[@data-kt=\"addNewYardOverflowToolbarButton\"]"}
RESULT: {"using":"xpath","value":"//button[@data-kt=\"addNewYardOverflowToolbarButton\"]"}
COMMAND: POST /session/6aa7e649349f90b4840747c4ea403a74/elements - {"using":"xpath","value":"//button[@data-kt=\"addNewYardOverflowToolbarButton\"]"}
RESULT: {"using":"xpath","value":"//button[@data-kt=\"addNewYardOverflowToolbarButton\"]"}
COMMAND: POST /session/6aa7e649349f90b4840747c4ea403a74/elements - {"using":"xpath","value":"//button[@data-kt=\"addNewYardOverflowToolbarButton\"]"}
RESULT: {"using":"xpath","value":"//button[@data-kt=\"addNewYardOverflowToolbarButton\"]"}
COMMAND: POST /session/6aa7e649349f90b4840747c4ea403a74/element - {"using":"xpath","value":"//button[@data-kt=\"addNewYardOverflowToolbarButton\"]"}
RESULT: {"using":"xpath","value":"//button[@data-kt=\"addNewYardOverflowToolbarButton\"]"}
COMMAND: POST /session/6aa7e649349f90b4840747c4ea403a74/execute/sync - {"script":"<script> [8489 bytes]","args":[{"element-6066-11e4-a52e-4f735466cecf":"f.B789F3E8D5EB6317E0B12CBF8AF7BC43.d.314FDF771B1FC056015E2D80EBE08F83.e.291","ELEMENT":"f.B789F3E8D5EB6317E0B12CBF8AF7BC43.d.314FDF771B1FC056015E2D80EBE08F83.e.291"}]}
RESULT: {"script":"<script> [8489 bytes]","args":[{"element-6066-11e4-a52e-4f735466cecf":"f.B789F3E8D5EB6317E0B12CBF8AF7BC43.d.314FDF771B1FC056015E2D80EBE08F83.e.291","ELEMENT":"f.B789F3E8D5EB6317E0B12CBF8AF7BC43.d.314FDF771B1FC056015E2D80EBE08F83.e.291"}]}
COMMAND: GET /session/6aa7e649349f90b4840747c4ea403a74/element/f.B789F3E8D5EB6317E0B12CBF8AF7BC43.d.314FDF771B1FC056015E2D80EBE08F83.e.291/enabled - {}
COMMAND: GET /session/6aa7e649349f90b4840747c4ea403a74/screenshot - {}
RESULT: {}
RESULT: {}
COMMAND: POST /session/6aa7e649349f90b4840747c4ea403a74/execute/sync - {"script":"<script> [8489 bytes]","args":[{"element-6066-11e4-a52e-4f735466cecf":"f.B789F3E8D5EB6317E0B12CBF8AF7BC43.d.314FDF771B1FC056015E2D80EBE08F83.e.291","ELEMENT":"f.B789F3E8D5EB6317E0B12CBF8AF7BC43.d.314FDF771B1FC056015E2D80EBE08F83.e.291"}]}
COMMAND: GET /session/6aa7e649349f90b4840747c4ea403a74/screenshot - {}
RESULT: {"script":"<script> [8489 bytes]","args":[{"element-6066-11e4-a52e-4f735466cecf":"f.B789F3E8D5EB6317E0B12CBF8AF7BC43.d.314FDF771B1FC056015E2D80EBE08F83.e.291","ELEMENT":"f.B789F3E8D5EB6317E0B12CBF8AF7BC43.d.314FDF771B1FC056015E2D80EBE08F83.e.291"}]}
COMMAND: POST /session/6aa7e649349f90b4840747c4ea403a74/execute/sync - {"script":"<script> [5351 bytes]","args":[{"element-6066-11e4-a52e-4f735466cecf":"f.B789F3E8D5EB6317E0B12CBF8AF7BC43.d.314FDF771B1FC056015E2D80EBE08F83.e.291","ELEMENT":"f.B789F3E8D5EB6317E0B12CBF8AF7BC43.d.314FDF771B1FC056015E2D80EBE08F83.e.291"}]}
COMMAND: GET /session/6aa7e649349f90b4840747c4ea403a74/screenshot - {}
RESULT: {}
RESULT: {"script":"<script> [5351 bytes]","args":[{"element-6066-11e4-a52e-4f735466cecf":"f.B789F3E8D5EB6317E0B12CBF8AF7BC43.d.314FDF771B1FC056015E2D80EBE08F83.e.291","ELEMENT":"f.B789F3E8D5EB6317E0B12CBF8AF7BC43.d.314FDF771B1FC056015E2D80EBE08F83.e.291"}]}
COMMAND: POST /session/6aa7e649349f90b4840747c4ea403a74/element/f.B789F3E8D5EB6317E0B12CBF8AF7BC43.d.314FDF771B1FC056015E2D80EBE08F83.e.291/click - {}
COMMAND: GET /session/6aa7e649349f90b4840747c4ea403a74/screenshot - {}
RESULT: {}
RESULT: {}
COMMAND: GET /session/6aa7e649349f90b4840747c4ea403a74/screenshot - {}
COMMAND: POST /session/6aa7e649349f90b4840747c4ea403a74/element - {"using":"xpath","value":"//input[@id=\"application-manageyards-display-component---NewYard--yardId-inner\"]"}
RESULT: {}
RESULT: {}
RESULT: {"using":"xpath","value":"//input[@id=\"application-manageyards-display-component---NewYard--yardId-inner\"]"}
COMMAND: POST /session/6aa7e649349f90b4840747c4ea403a74/element - {"using":"xpath","value":"//input[@id=\"application-manageyards-display-component---NewYard--yardId-inner\"]"}
RESULT: {"using":"xpath","value":"//input[@id=\"application-manageyards-display-component---NewYard--yardId-inner\"]"}
COMMAND: POST /session/6aa7e649349f90b4840747c4ea403a74/execute/async - {"script":"<script> [1562 bytes]","args":[{"selector":{"id":"application-manageyards-display-component---NewYard--addressDetailDetailsName1","interaction":{"idSuffix":"inner"}},"wdio_ui5_key":"applicationmanageyards-display-component---NewYard--addressDetailDetailsName1"}]}
RESULT: {"script":"<script> [1562 bytes]","args":[{"selector":{"id":"application-manageyards-display-component---NewYard--addressDetailDetailsName1","interaction":{"idSuffix":"inner"}},"wdio_ui5_key":"applicationmanageyards-display-component---NewYard--addressDetailDetailsName1"}]}
RESULT: undefined
COMMAND: POST /session/6aa7e649349f90b4840747c4ea403a74/execute/async - {"script":"<script> [776 bytes]","args":[{"enterText":"Intracompany Yard wdIO","selector":{"id":"application-manageyards-display-component---NewYard--addressDetailDetailsName1","interaction":{"idSuffix":"inner"}},"clearTextFirst":true,"interactionType":"ENTER_TEXT"}]}
RESULT: {"script":"<script> [776 bytes]","args":[{"enterText":"Intracompany Yard wdIO","selector":{"id":"application-manageyards-display-component---NewYard--addressDetailDetailsName1","interaction":{"idSuffix":"inner"}},"clearTextFirst":true,"interactionType":"ENTER_TEXT"}]}
COMMAND: POST /session/6aa7e649349f90b4840747c4ea403a74/execute/async - {"script":"<script> [1562 bytes]","args":[{"selector":{"id":"application-manageyards-display-component---NewYard--addressDetailDetailsLanguage-arrow"},"wdio_ui5_key":"applicationmanageyards-display-component---NewYard--addressDetailDetailsLanguage-arrow"}]}
RESULT: {"script":"<script> [1562 bytes]","args":[{"selector":{"id":"application-manageyards-display-component---NewYard--addressDetailDetailsLanguage-arrow"},"wdio_ui5_key":"applicationmanageyards-display-component---NewYard--addressDetailDetailsLanguage-arrow"}]}
RESULT: undefined
COMMAND: POST /session/6aa7e649349f90b4840747c4ea403a74/element - {"using":"xpath","value":"//*[@id=\"application-manageyards-display-component---NewYard--addressDetailDetailsLanguage-arrow\"]"}
RESULT: {"using":"xpath","value":"//*[@id=\"application-manageyards-display-component---NewYard--addressDetailDetailsLanguage-arrow\"]"}
COMMAND: POST /session/6aa7e649349f90b4840747c4ea403a74/element/f.B789F3E8D5EB6317E0B12CBF8AF7BC43.d.314FDF771B1FC056015E2D80EBE08F83.e.724/click - {}
RESULT: {}
COMMAND: POST /session/6aa7e649349f90b4840747c4ea403a74/element - {"using":"xpath","value":"//span[contains(text(), \"English\")]"}
COMMAND: GET /session/6aa7e649349f90b4840747c4ea403a74/screenshot - {}
RESULT: {"using":"xpath","value":"//span[contains(text(), \"English\")]"}
COMMAND: POST /session/6aa7e649349f90b4840747c4ea403a74/element/f.B789F3E8D5EB6317E0B12CBF8AF7BC43.d.314FDF771B1FC056015E2D80EBE08F83.e.725/click - {}
RESULT: {}
RESULT: {}
COMMAND: POST /session/6aa7e649349f90b4840747c4ea403a74/execute/async - {"script":"<script> [1562 bytes]","args":[{"selector":{"id":"application-manageyards-display-component---NewYard--addressDetailDetailsCity1","interaction":{"idSuffix":"inner"}},"wdio_ui5_key":"applicationmanageyards-display-component---NewYard--addressDetailDetailsCity1"}]}
COMMAND: GET /session/6aa7e649349f90b4840747c4ea403a74/screenshot - {}
RESULT: {}
RESULT: {"script":"<script> [1562 bytes]","args":[{"selector":{"id":"application-manageyards-display-component---NewYard--addressDetailDetailsCity1","interaction":{"idSuffix":"inner"}},"wdio_ui5_key":"applicationmanageyards-display-component---NewYard--addressDetailDetailsCity1"}]}
RESULT: undefined
COMMAND: POST /session/6aa7e649349f90b4840747c4ea403a74/execute/async - {"script":"<script> [776 bytes]","args":[{"enterText":"Rosario","selector":{"id":"application-manageyards-display-component---NewYard--addressDetailDetailsCity1","interaction":{"idSuffix":"inner"}},"clearTextFirst":true,"interactionType":"ENTER_TEXT"}]}
RESULT: {"script":"<script> [776 bytes]","args":[{"enterText":"Rosario","selector":{"id":"application-manageyards-display-component---NewYard--addressDetailDetailsCity1","interaction":{"idSuffix":"inner"}},"clearTextFirst":true,"interactionType":"ENTER_TEXT"}]}
COMMAND: POST /session/6aa7e649349f90b4840747c4ea403a74/execute/async - {"script":"<script> [1562 bytes]","args":[{"selector":{"id":"application-manageyards-display-component---NewYard--addressDetailDetailsCountry-arrow"},"wdio_ui5_key":"applicationmanageyards-display-component---NewYard--addressDetailDetailsCountry-arrow"}]}
RESULT: {"script":"<script> [1562 bytes]","args":[{"selector":{"id":"application-manageyards-display-component---NewYard--addressDetailDetailsCountry-arrow"},"wdio_ui5_key":"applicationmanageyards-display-component---NewYard--addressDetailDetailsCountry-arrow"}]}
RESULT: undefined
COMMAND: POST /session/6aa7e649349f90b4840747c4ea403a74/element - {"using":"xpath","value":"//*[@id=\"application-manageyards-display-component---NewYard--addressDetailDetailsCountry-arrow\"]"}
RESULT: {"using":"xpath","value":"//*[@id=\"application-manageyards-display-component---NewYard--addressDetailDetailsCountry-arrow\"]"}
COMMAND: POST /session/6aa7e649349f90b4840747c4ea403a74/element/f.B789F3E8D5EB6317E0B12CBF8AF7BC43.d.314FDF771B1FC056015E2D80EBE08F83.e.727/click - {}
RESULT: {}
COMMAND: POST /session/6aa7e649349f90b4840747c4ea403a74/element - {"using":"xpath","value":"//span[contains(text(), \"Argentina\")]"}
COMMAND: GET /session/6aa7e649349f90b4840747c4ea403a74/screenshot - {}
RESULT: {"using":"xpath","value":"//span[contains(text(), \"Argentina\")]"}
COMMAND: POST /session/6aa7e649349f90b4840747c4ea403a74/element/f.B789F3E8D5EB6317E0B12CBF8AF7BC43.d.314FDF771B1FC056015E2D80EBE08F83.e.728/click - {}
RESULT: {}
RESULT: {}
COMMAND: POST /session/6aa7e649349f90b4840747c4ea403a74/execute/async - {"script":"<script> [1562 bytes]","args":[{"selector":{"id":"application-manageyards-display-component---NewYard--addressEditDetailsCostObjectCstType-arrow"},"wdio_ui5_key":"applicationmanageyards-display-component---NewYard--addressEditDetailsCostObjectCstType-arrow"}]}
COMMAND: GET /session/6aa7e649349f90b4840747c4ea403a74/screenshot - {}
RESULT: {"script":"<script> [1562 bytes]","args":[{"selector":{"id":"application-manageyards-display-component---NewYard--addressEditDetailsCostObjectCstType-arrow"},"wdio_ui5_key":"applicationmanageyards-display-component---NewYard--addressEditDetailsCostObjectCstType-arrow"}]}
RESULT: undefined
COMMAND: POST /session/6aa7e649349f90b4840747c4ea403a74/element - {"using":"xpath","value":"//*[@id=\"application-manageyards-display-component---NewYard--addressEditDetailsCostObjectCstType-arrow\"]"}
RESULT: {}
RESULT: {"using":"xpath","value":"//*[@id=\"application-manageyards-display-component---NewYard--addressEditDetailsCostObjectCstType-arrow\"]"}
COMMAND: POST /session/6aa7e649349f90b4840747c4ea403a74/element/f.B789F3E8D5EB6317E0B12CBF8AF7BC43.d.314FDF771B1FC056015E2D80EBE08F83.e.730/click - {}
RESULT: {}
COMMAND: POST /session/6aa7e649349f90b4840747c4ea403a74/element - {"using":"xpath","value":"//span[contains(text(), \"Cost Center\")]"}
COMMAND: GET /session/6aa7e649349f90b4840747c4ea403a74/screenshot - {}
RESULT: {"using":"xpath","value":"//span[contains(text(), \"Cost Center\")]"}
COMMAND: POST /session/6aa7e649349f90b4840747c4ea403a74/element/f.B789F3E8D5EB6317E0B12CBF8AF7BC43.d.314FDF771B1FC056015E2D80EBE08F83.e.731/click - {}
RESULT: {}
RESULT: {}
COMMAND: GET /session/6aa7e649349f90b4840747c4ea403a74/screenshot - {}
RESULT: {}
COMMAND: POST /session/6aa7e649349f90b4840747c4ea403a74/element - {"using":"xpath","value":"//span[@id=\"application-manageyards-display-component---NewYard--addressNewCostObjectCstID-vhi\"]"}
RESULT: {"using":"xpath","value":"//span[@id=\"application-manageyards-display-component---NewYard--addressNewCostObjectCstID-vhi\"]"}
COMMAND: POST /session/6aa7e649349f90b4840747c4ea403a74/execute/sync - {"script":"<script> [8489 bytes]","args":[{"element-6066-11e4-a52e-4f735466cecf":"f.B789F3E8D5EB6317E0B12CBF8AF7BC43.d.314FDF771B1FC056015E2D80EBE08F83.e.735","ELEMENT":"f.B789F3E8D5EB6317E0B12CBF8AF7BC43.d.314FDF771B1FC056015E2D80EBE08F83.e.735"}]}
RESULT: {"script":"<script> [8489 bytes]","args":[{"element-6066-11e4-a52e-4f735466cecf":"f.B789F3E8D5EB6317E0B12CBF8AF7BC43.d.314FDF771B1FC056015E2D80EBE08F83.e.735","ELEMENT":"f.B789F3E8D5EB6317E0B12CBF8AF7BC43.d.314FDF771B1FC056015E2D80EBE08F83.e.735"}]}
COMMAND: POST /session/6aa7e649349f90b4840747c4ea403a74/execute/async - {"script":"<script> [1562 bytes]","args":[{"selector":{"id":"application-manageyards-display-component---NewYard--addressNewCostObjectCstID-vhi"},"wdio_ui5_key":"applicationmanageyards-display-component---NewYard--addressNewCostObjectCstID-vhi"}]}
COMMAND: GET /session/6aa7e649349f90b4840747c4ea403a74/screenshot - {}
RESULT: {"script":"<script> [1562 bytes]","args":[{"selector":{"id":"application-manageyards-display-component---NewYard--addressNewCostObjectCstID-vhi"},"wdio_ui5_key":"applicationmanageyards-display-component---NewYard--addressNewCostObjectCstID-vhi"}]}
RESULT: undefined
COMMAND: POST /session/6aa7e649349f90b4840747c4ea403a74/element - {"using":"xpath","value":"//*[@id=\"application-manageyards-display-component---NewYard--addressNewCostObjectCstID-vhi\"]"}
RESULT: {}
RESULT: {"using":"xpath","value":"//*[@id=\"application-manageyards-display-component---NewYard--addressNewCostObjectCstID-vhi\"]"}
COMMAND: POST /session/6aa7e649349f90b4840747c4ea403a74/element/f.B789F3E8D5EB6317E0B12CBF8AF7BC43.d.314FDF771B1FC056015E2D80EBE08F83.e.735/click - {}
RESULT: {}
COMMAND: GET /session/6aa7e649349f90b4840747c4ea403a74/screenshot - {}
RESULT: {}
COMMAND: POST /session/6aa7e649349f90b4840747c4ea403a74/execute/async - {"script":"<script> [1562 bytes]","args":[{"selector":{"controlType":"sap.m.SearchField","properties":{"placeholder":"Search"},"searchOpenDialogs":true,"interaction":{"idSuffix":"I"}},"wdio_ui5_key":"sapm.SearchField{\"placeholder\":\"Search\"}"}]}
RESULT: {"script":"<script> [1562 bytes]","args":[{"selector":{"controlType":"sap.m.SearchField","properties":{"placeholder":"Search"},"searchOpenDialogs":true,"interaction":{"idSuffix":"I"}},"wdio_ui5_key":"sapm.SearchField{\"placeholder\":\"Search\"}"}]}
RESULT: undefined
COMMAND: POST /session/6aa7e649349f90b4840747c4ea403a74/execute/async - {"script":"<script> [776 bytes]","args":[{"enterText":"10001013","selector":{"controlType":"sap.m.SearchField","properties":{"placeholder":"Search"},"searchOpenDialogs":true,"interaction":{"idSuffix":"I"}},"clearTextFirst":true,"interactionType":"ENTER_TEXT"}]}
RESULT: {"script":"<script> [776 bytes]","args":[{"enterText":"10001013","selector":{"controlType":"sap.m.SearchField","properties":{"placeholder":"Search"},"searchOpenDialogs":true,"interaction":{"idSuffix":"I"}},"clearTextFirst":true,"interactionType":"ENTER_TEXT"}]}
COMMAND: POST /session/6aa7e649349f90b4840747c4ea403a74/actions - {"actions":[{"id":"action1","type":"key","parameters":{},"actions":[{"type":"keyDown","value":"î€‡"},{"type":"pause","duration":10},{"type":"keyUp","value":"î€‡"}]}]}
RESULT: {"actions":[{"id":"action1","type":"key","parameters":{},"actions":[{"type":"keyDown","value":"î€‡"},{"type":"pause","duration":10},{"type":"keyUp","value":"î€‡"}]}]}
COMMAND: GET /session/6aa7e649349f90b4840747c4ea403a74/screenshot - {}
RESULT: {}
COMMAND: POST /session/6aa7e649349f90b4840747c4ea403a74/element - {"using":"xpath","value":"//span[contains(text(), \"General Management\")]"}
RESULT: {"using":"xpath","value":"//span[contains(text(), \"General Management\")]"}
COMMAND: POST /session/6aa7e649349f90b4840747c4ea403a74/element/f.B789F3E8D5EB6317E0B12CBF8AF7BC43.d.314FDF771B1FC056015E2D80EBE08F83.e.776/click - {}
RESULT: {}
COMMAND: GET /session/6aa7e649349f90b4840747c4ea403a74/screenshot - {}
RESULT: {}
COMMAND: POST /session/6aa7e649349f90b4840747c4ea403a74/element - {"using":"xpath","value":"//bdi[contains(text(), \"OK\")]"}
RESULT: {"using":"xpath","value":"//bdi[contains(text(), \"OK\")]"}
COMMAND: POST /session/6aa7e649349f90b4840747c4ea403a74/element/f.B789F3E8D5EB6317E0B12CBF8AF7BC43.d.314FDF771B1FC056015E2D80EBE08F83.e.777/click - {}
RESULT: {}
COMMAND: GET /session/6aa7e649349f90b4840747c4ea403a74/screenshot - {}
RESULT: {}
COMMAND: POST /session/6aa7e649349f90b4840747c4ea403a74/execute/async - {"script":"<script> [1562 bytes]","args":[{"selector":{"id":"application-manageyards-display-component---NewYard--addressEditDetailsCurrency-arrow"},"wdio_ui5_key":"applicationmanageyards-display-component---NewYard--addressEditDetailsCurrency-arrow"}]}
RESULT: {"script":"<script> [1562 bytes]","args":[{"selector":{"id":"application-manageyards-display-component---NewYard--addressEditDetailsCurrency-arrow"},"wdio_ui5_key":"applicationmanageyards-display-component---NewYard--addressEditDetailsCurrency-arrow"}]}
RESULT: undefined
COMMAND: POST /session/6aa7e649349f90b4840747c4ea403a74/element - {"using":"xpath","value":"//*[@id=\"application-manageyards-display-component---NewYard--addressEditDetailsCurrency-arrow\"]"}
RESULT: {"using":"xpath","value":"//*[@id=\"application-manageyards-display-component---NewYard--addressEditDetailsCurrency-arrow\"]"}
COMMAND: POST /session/6aa7e649349f90b4840747c4ea403a74/element/f.B789F3E8D5EB6317E0B12CBF8AF7BC43.d.314FDF771B1FC056015E2D80EBE08F83.e.780/click - {}
RESULT: {}
COMMAND: POST /session/6aa7e649349f90b4840747c4ea403a74/element - {"using":"xpath","value":"//span[contains(text(), \"Euro\")]"}
COMMAND: GET /session/6aa7e649349f90b4840747c4ea403a74/screenshot - {}
RESULT: {"using":"xpath","value":"//span[contains(text(), \"Euro\")]"}
COMMAND: POST /session/6aa7e649349f90b4840747c4ea403a74/element/f.B789F3E8D5EB6317E0B12CBF8AF7BC43.d.314FDF771B1FC056015E2D80EBE08F83.e.781/click - {}
RESULT: {}
RESULT: {}
COMMAND: POST /session/6aa7e649349f90b4840747c4ea403a74/execute/async - {"script":"<script> [1562 bytes]","args":[{"selector":{"controlType":"sap.m.Input","viewName":"etm.portal.ui.manageyards.view.New","viewId":"application-manageyards-display-component---NewYard","bindingPath":{"path":"","propertyPath":"/CONTROLLING_AREA","modelName":"NewYardModel"},"interaction":{"idSuffix":"inner"}},"wdio_ui5_key":"etmportal.ui.manageyards.view.Newsap.m.Input{\"path\":\"\",\"propertyPath\":\"/CONTROLLING_AREA\",\"modelName\":\"NewYardModel\"}"}]}
COMMAND: GET /session/6aa7e649349f90b4840747c4ea403a74/screenshot - {}
RESULT: {"script":"<script> [1562 bytes]","args":[{"selector":{"controlType":"sap.m.Input","viewName":"etm.portal.ui.manageyards.view.New","viewId":"application-manageyards-display-component---NewYard","bindingPath":{"path":"","propertyPath":"/CONTROLLING_AREA","modelName":"NewYardModel"},"interaction":{"idSuffix":"inner"}},"wdio_ui5_key":"etmportal.ui.manageyards.view.Newsap.m.Input{\"path\":\"\",\"propertyPath\":\"/CONTROLLING_AREA\",\"modelName\":\"NewYardModel\"}"}]}
RESULT: undefined
COMMAND: POST /session/6aa7e649349f90b4840747c4ea403a74/execute/async - {"script":"<script> [776 bytes]","args":[{"enterText":"Z001","selector":{"controlType":"sap.m.Input","viewName":"etm.portal.ui.manageyards.view.New","viewId":"application-manageyards-display-component---NewYard","bindingPath":{"path":"","propertyPath":"/CONTROLLING_AREA","modelName":"NewYardModel"},"interaction":{"idSuffix":"inner"}},"clearTextFirst":true,"interactionType":"ENTER_TEXT"}]}
RESULT: {}
RESULT: {"script":"<script> [776 bytes]","args":[{"enterText":"Z001","selector":{"controlType":"sap.m.Input","viewName":"etm.portal.ui.manageyards.view.New","viewId":"application-manageyards-display-component---NewYard","bindingPath":{"path":"","propertyPath":"/CONTROLLING_AREA","modelName":"NewYardModel"},"interaction":{"idSuffix":"inner"}},"clearTextFirst":true,"interactionType":"ENTER_TEXT"}]}
COMMAND: POST /session/6aa7e649349f90b4840747c4ea403a74/execute/async - {"script":"<script> [1562 bytes]","args":[{"selector":{"id":"application-manageyards-display-component---NewYard--companyCodeComboBox","interaction":{"idSuffix":"inner"}},"wdio_ui5_key":"applicationmanageyards-display-component---NewYard--companyCodeComboBox"}]}
RESULT: {"script":"<script> [1562 bytes]","args":[{"selector":{"id":"application-manageyards-display-component---NewYard--companyCodeComboBox","interaction":{"idSuffix":"inner"}},"wdio_ui5_key":"applicationmanageyards-display-component---NewYard--companyCodeComboBox"}]}
RESULT: undefined
COMMAND: POST /session/6aa7e649349f90b4840747c4ea403a74/execute/async - {"script":"<script> [776 bytes]","args":[{"enterText":"1000","selector":{"id":"application-manageyards-display-component---NewYard--companyCodeComboBox","interaction":{"idSuffix":"inner"}},"clearTextFirst":true,"interactionType":"ENTER_TEXT"}]}
RESULT: {"script":"<script> [776 bytes]","args":[{"enterText":"1000","selector":{"id":"application-manageyards-display-component---NewYard--companyCodeComboBox","interaction":{"idSuffix":"inner"}},"clearTextFirst":true,"interactionType":"ENTER_TEXT"}]}
COMMAND: POST /session/6aa7e649349f90b4840747c4ea403a74/execute/async - {"script":"<script> [1562 bytes]","args":[{"selector":{"controlType":"sap.m.Input","viewName":"etm.portal.ui.manageyards.view.New","viewId":"application-manageyards-display-component---NewYard","bindingPath":{"path":"","propertyPath":"/PLANT","modelName":"NewYardModel"},"interaction":{"idSuffix":"inner"}},"wdio_ui5_key":"etmportal.ui.manageyards.view.Newsap.m.Input{\"path\":\"\",\"propertyPath\":\"/PLANT\",\"modelName\":\"NewYardModel\"}"}]}
RESULT: {"script":"<script> [1562 bytes]","args":[{"selector":{"controlType":"sap.m.Input","viewName":"etm.portal.ui.manageyards.view.New","viewId":"application-manageyards-display-component---NewYard","bindingPath":{"path":"","propertyPath":"/PLANT","modelName":"NewYardModel"},"interaction":{"idSuffix":"inner"}},"wdio_ui5_key":"etmportal.ui.manageyards.view.Newsap.m.Input{\"path\":\"\",\"propertyPath\":\"/PLANT\",\"modelName\":\"NewYardModel\"}"}]}
RESULT: undefined
COMMAND: POST /session/6aa7e649349f90b4840747c4ea403a74/execute/async - {"script":"<script> [776 bytes]","args":[{"enterText":"1001","selector":{"controlType":"sap.m.Input","viewName":"etm.portal.ui.manageyards.view.New","viewId":"application-manageyards-display-component---NewYard","bindingPath":{"path":"","propertyPath":"/PLANT","modelName":"NewYardModel"},"interaction":{"idSuffix":"inner"}},"clearTextFirst":true,"interactionType":"ENTER_TEXT"}]}
RESULT: {"script":"<script> [776 bytes]","args":[{"enterText":"1001","selector":{"controlType":"sap.m.Input","viewName":"etm.portal.ui.manageyards.view.New","viewId":"application-manageyards-display-component---NewYard","bindingPath":{"path":"","propertyPath":"/PLANT","modelName":"NewYardModel"},"interaction":{"idSuffix":"inner"}},"clearTextFirst":true,"interactionType":"ENTER_TEXT"}]}
COMMAND: POST /session/6aa7e649349f90b4840747c4ea403a74/execute/async - {"script":"<script> [1562 bytes]","args":[{"selector":{"controlType":"sap.m.Input","viewName":"etm.portal.ui.manageyards.view.New","viewId":"application-manageyards-display-component---NewYard","bindingPath":{"path":"","propertyPath":"/SALES_AREA_VKORG","modelName":"NewYardModel"},"interaction":{"idSuffix":"inner"}},"wdio_ui5_key":"etmportal.ui.manageyards.view.Newsap.m.Input{\"path\":\"\",\"propertyPath\":\"/SALES_AREA_VKORG\",\"modelName\":\"NewYardModel\"}"}]}
RESULT: {"script":"<script> [1562 bytes]","args":[{"selector":{"controlType":"sap.m.Input","viewName":"etm.portal.ui.manageyards.view.New","viewId":"application-manageyards-display-component---NewYard","bindingPath":{"path":"","propertyPath":"/SALES_AREA_VKORG","modelName":"NewYardModel"},"interaction":{"idSuffix":"inner"}},"wdio_ui5_key":"etmportal.ui.manageyards.view.Newsap.m.Input{\"path\":\"\",\"propertyPath\":\"/SALES_AREA_VKORG\",\"modelName\":\"NewYardModel\"}"}]}
RESULT: undefined
COMMAND: POST /session/6aa7e649349f90b4840747c4ea403a74/execute/async - {"script":"<script> [776 bytes]","args":[{"enterText":"C002","selector":{"controlType":"sap.m.Input","viewName":"etm.portal.ui.manageyards.view.New","viewId":"application-manageyards-display-component---NewYard","bindingPath":{"path":"","propertyPath":"/SALES_AREA_VKORG","modelName":"NewYardModel"},"interaction":{"idSuffix":"inner"}},"clearTextFirst":true,"interactionType":"ENTER_TEXT"}]}
RESULT: {"script":"<script> [776 bytes]","args":[{"enterText":"C002","selector":{"controlType":"sap.m.Input","viewName":"etm.portal.ui.manageyards.view.New","viewId":"application-manageyards-display-component---NewYard","bindingPath":{"path":"","propertyPath":"/SALES_AREA_VKORG","modelName":"NewYardModel"},"interaction":{"idSuffix":"inner"}},"clearTextFirst":true,"interactionType":"ENTER_TEXT"}]}
COMMAND: POST /session/6aa7e649349f90b4840747c4ea403a74/execute/async - {"script":"<script> [1562 bytes]","args":[{"selector":{"controlType":"sap.m.Input","viewName":"etm.portal.ui.manageyards.view.New","viewId":"application-manageyards-display-component---NewYard","bindingPath":{"path":"","propertyPath":"/SALES_AREA_VTWEG","modelName":"NewYardModel"},"interaction":{"idSuffix":"inner"}},"wdio_ui5_key":"etmportal.ui.manageyards.view.Newsap.m.Input{\"path\":\"\",\"propertyPath\":\"/SALES_AREA_VTWEG\",\"modelName\":\"NewYardModel\"}"}]}
RESULT: {"script":"<script> [1562 bytes]","args":[{"selector":{"controlType":"sap.m.Input","viewName":"etm.portal.ui.manageyards.view.New","viewId":"application-manageyards-display-component---NewYard","bindingPath":{"path":"","propertyPath":"/SALES_AREA_VTWEG","modelName":"NewYardModel"},"interaction":{"idSuffix":"inner"}},"wdio_ui5_key":"etmportal.ui.manageyards.view.Newsap.m.Input{\"path\":\"\",\"propertyPath\":\"/SALES_AREA_VTWEG\",\"modelName\":\"NewYardModel\"}"}]}
RESULT: undefined
COMMAND: POST /session/6aa7e649349f90b4840747c4ea403a74/execute/async - {"script":"<script> [776 bytes]","args":[{"enterText":"C2","selector":{"controlType":"sap.m.Input","viewName":"etm.portal.ui.manageyards.view.New","viewId":"application-manageyards-display-component---NewYard","bindingPath":{"path":"","propertyPath":"/SALES_AREA_VTWEG","modelName":"NewYardModel"},"interaction":{"idSuffix":"inner"}},"clearTextFirst":true,"interactionType":"ENTER_TEXT"}]}
RESULT: {"script":"<script> [776 bytes]","args":[{"enterText":"C2","selector":{"controlType":"sap.m.Input","viewName":"etm.portal.ui.manageyards.view.New","viewId":"application-manageyards-display-component---NewYard","bindingPath":{"path":"","propertyPath":"/SALES_AREA_VTWEG","modelName":"NewYardModel"},"interaction":{"idSuffix":"inner"}},"clearTextFirst":true,"interactionType":"ENTER_TEXT"}]}
COMMAND: POST /session/6aa7e649349f90b4840747c4ea403a74/execute/async - {"script":"<script> [1562 bytes]","args":[{"selector":{"controlType":"sap.m.Input","viewName":"etm.portal.ui.manageyards.view.New","viewId":"application-manageyards-display-component---NewYard","bindingPath":{"path":"","propertyPath":"/SALES_AREA_SPART","modelName":"NewYardModel"},"interaction":{"idSuffix":"inner"}},"wdio_ui5_key":"etmportal.ui.manageyards.view.Newsap.m.Input{\"path\":\"\",\"propertyPath\":\"/SALES_AREA_SPART\",\"modelName\":\"NewYardModel\"}"}]}
RESULT: {"script":"<script> [1562 bytes]","args":[{"selector":{"controlType":"sap.m.Input","viewName":"etm.portal.ui.manageyards.view.New","viewId":"application-manageyards-display-component---NewYard","bindingPath":{"path":"","propertyPath":"/SALES_AREA_SPART","modelName":"NewYardModel"},"interaction":{"idSuffix":"inner"}},"wdio_ui5_key":"etmportal.ui.manageyards.view.Newsap.m.Input{\"path\":\"\",\"propertyPath\":\"/SALES_AREA_SPART\",\"modelName\":\"NewYardModel\"}"}]}
RESULT: undefined
COMMAND: POST /session/6aa7e649349f90b4840747c4ea403a74/execute/async - {"script":"<script> [776 bytes]","args":[{"enterText":"C2","selector":{"controlType":"sap.m.Input","viewName":"etm.portal.ui.manageyards.view.New","viewId":"application-manageyards-display-component---NewYard","bindingPath":{"path":"","propertyPath":"/SALES_AREA_SPART","modelName":"NewYardModel"},"interaction":{"idSuffix":"inner"}},"clearTextFirst":true,"interactionType":"ENTER_TEXT"}]}
RESULT: {"script":"<script> [776 bytes]","args":[{"enterText":"C2","selector":{"controlType":"sap.m.Input","viewName":"etm.portal.ui.manageyards.view.New","viewId":"application-manageyards-display-component---NewYard","bindingPath":{"path":"","propertyPath":"/SALES_AREA_SPART","modelName":"NewYardModel"},"interaction":{"idSuffix":"inner"}},"clearTextFirst":true,"interactionType":"ENTER_TEXT"}]}
COMMAND: POST /session/6aa7e649349f90b4840747c4ea403a74/execute/async - {"script":"<script> [1562 bytes]","args":[{"selector":{"controlType":"sap.m.Input","viewName":"etm.portal.ui.manageyards.view.New","viewId":"application-manageyards-display-component---NewYard","bindingPath":{"path":"","propertyPath":"/SHIP_POINT","modelName":"NewYardModel"},"interaction":{"idSuffix":"inner"}},"wdio_ui5_key":"etmportal.ui.manageyards.view.Newsap.m.Input{\"path\":\"\",\"propertyPath\":\"/SHIP_POINT\",\"modelName\":\"NewYardModel\"}"}]}
RESULT: {"script":"<script> [1562 bytes]","args":[{"selector":{"controlType":"sap.m.Input","viewName":"etm.portal.ui.manageyards.view.New","viewId":"application-manageyards-display-component---NewYard","bindingPath":{"path":"","propertyPath":"/SHIP_POINT","modelName":"NewYardModel"},"interaction":{"idSuffix":"inner"}},"wdio_ui5_key":"etmportal.ui.manageyards.view.Newsap.m.Input{\"path\":\"\",\"propertyPath\":\"/SHIP_POINT\",\"modelName\":\"NewYardModel\"}"}]}
RESULT: undefined
COMMAND: POST /session/6aa7e649349f90b4840747c4ea403a74/execute/async - {"script":"<script> [776 bytes]","args":[{"enterText":"1710","selector":{"controlType":"sap.m.Input","viewName":"etm.portal.ui.manageyards.view.New","viewId":"application-manageyards-display-component---NewYard","bindingPath":{"path":"","propertyPath":"/SHIP_POINT","modelName":"NewYardModel"},"interaction":{"idSuffix":"inner"}},"clearTextFirst":true,"interactionType":"ENTER_TEXT"}]}
RESULT: {"script":"<script> [776 bytes]","args":[{"enterText":"1710","selector":{"controlType":"sap.m.Input","viewName":"etm.portal.ui.manageyards.view.New","viewId":"application-manageyards-display-component---NewYard","bindingPath":{"path":"","propertyPath":"/SHIP_POINT","modelName":"NewYardModel"},"interaction":{"idSuffix":"inner"}},"clearTextFirst":true,"interactionType":"ENTER_TEXT"}]}
COMMAND: POST /session/6aa7e649349f90b4840747c4ea403a74/execute/async - {"script":"<script> [1562 bytes]","args":[{"selector":{"controlType":"sap.m.Input","viewName":"etm.portal.ui.manageyards.view.New","viewId":"application-manageyards-display-component---NewYard","bindingPath":{"path":"","propertyPath":"/DELIVERY_TYPE","modelName":"NewYardModel"},"interaction":{"idSuffix":"inner"}},"wdio_ui5_key":"etmportal.ui.manageyards.view.Newsap.m.Input{\"path\":\"\",\"propertyPath\":\"/DELIVERY_TYPE\",\"modelName\":\"NewYardModel\"}"}]}
RESULT: {"script":"<script> [1562 bytes]","args":[{"selector":{"controlType":"sap.m.Input","viewName":"etm.portal.ui.manageyards.view.New","viewId":"application-manageyards-display-component---NewYard","bindingPath":{"path":"","propertyPath":"/DELIVERY_TYPE","modelName":"NewYardModel"},"interaction":{"idSuffix":"inner"}},"wdio_ui5_key":"etmportal.ui.manageyards.view.Newsap.m.Input{\"path\":\"\",\"propertyPath\":\"/DELIVERY_TYPE\",\"modelName\":\"NewYardModel\"}"}]}
RESULT: undefined
COMMAND: POST /session/6aa7e649349f90b4840747c4ea403a74/execute/async - {"script":"<script> [776 bytes]","args":[{"enterText":"ZL01","selector":{"controlType":"sap.m.Input","viewName":"etm.portal.ui.manageyards.view.New","viewId":"application-manageyards-display-component---NewYard","bindingPath":{"path":"","propertyPath":"/DELIVERY_TYPE","modelName":"NewYardModel"},"interaction":{"idSuffix":"inner"}},"clearTextFirst":true,"interactionType":"ENTER_TEXT"}]}
RESULT: {"script":"<script> [776 bytes]","args":[{"enterText":"ZL01","selector":{"controlType":"sap.m.Input","viewName":"etm.portal.ui.manageyards.view.New","viewId":"application-manageyards-display-component---NewYard","bindingPath":{"path":"","propertyPath":"/DELIVERY_TYPE","modelName":"NewYardModel"},"interaction":{"idSuffix":"inner"}},"clearTextFirst":true,"interactionType":"ENTER_TEXT"}]}
COMMAND: POST /session/6aa7e649349f90b4840747c4ea403a74/execute/async - {"script":"<script> [1562 bytes]","args":[{"selector":{"controlType":"sap.m.Input","viewName":"etm.portal.ui.manageyards.view.New","viewId":"application-manageyards-display-component---NewYard","bindingPath":{"path":"","propertyPath":"/AUART","modelName":"NewYardModel"},"interaction":{"idSuffix":"inner"}},"wdio_ui5_key":"etmportal.ui.manageyards.view.Newsap.m.Input{\"path\":\"\",\"propertyPath\":\"/AUART\",\"modelName\":\"NewYardModel\"}"}]}
RESULT: {"script":"<script> [1562 bytes]","args":[{"selector":{"controlType":"sap.m.Input","viewName":"etm.portal.ui.manageyards.view.New","viewId":"application-manageyards-display-component---NewYard","bindingPath":{"path":"","propertyPath":"/AUART","modelName":"NewYardModel"},"interaction":{"idSuffix":"inner"}},"wdio_ui5_key":"etmportal.ui.manageyards.view.Newsap.m.Input{\"path\":\"\",\"propertyPath\":\"/AUART\",\"modelName\":\"NewYardModel\"}"}]}
RESULT: undefined
COMMAND: POST /session/6aa7e649349f90b4840747c4ea403a74/execute/async - {"script":"<script> [776 bytes]","args":[{"enterText":"TA","selector":{"controlType":"sap.m.Input","viewName":"etm.portal.ui.manageyards.view.New","viewId":"application-manageyards-display-component---NewYard","bindingPath":{"path":"","propertyPath":"/AUART","modelName":"NewYardModel"},"interaction":{"idSuffix":"inner"}},"clearTextFirst":true,"interactionType":"ENTER_TEXT"}]}
RESULT: {"script":"<script> [776 bytes]","args":[{"enterText":"TA","selector":{"controlType":"sap.m.Input","viewName":"etm.portal.ui.manageyards.view.New","viewId":"application-manageyards-display-component---NewYard","bindingPath":{"path":"","propertyPath":"/AUART","modelName":"NewYardModel"},"interaction":{"idSuffix":"inner"}},"clearTextFirst":true,"interactionType":"ENTER_TEXT"}]}
COMMAND: POST /session/6aa7e649349f90b4840747c4ea403a74/element - {"using":"xpath","value":"//button[@data-kt=\"newYardSaveButton\"]"}
RESULT: {"using":"xpath","value":"//button[@data-kt=\"newYardSaveButton\"]"}
COMMAND: POST /session/6aa7e649349f90b4840747c4ea403a74/element/f.B789F3E8D5EB6317E0B12CBF8AF7BC43.d.314FDF771B1FC056015E2D80EBE08F83.e.709/click - {}
RESULT: {}
COMMAND: GET /session/6aa7e649349f90b4840747c4ea403a74/screenshot - {}
RESULT: {}
COMMAND: POST /session/6aa7e649349f90b4840747c4ea403a74/element - {"using":"xpath","value":"//header[contains(@id, 'ObjectPageLayout-headerTitle')]/div[1]/div[2]/div[1]/span[1]"}
RESULT: {"using":"xpath","value":"//header[contains(@id, 'ObjectPageLayout-headerTitle')]/div[1]/div[2]/div[1]/span[1]"}
COMMAND: POST /session/6aa7e649349f90b4840747c4ea403a74/elements - {"using":"xpath","value":"//header[contains(@id, 'ObjectPageLayout-headerTitle')]/div[1]/div[2]/div[1]/span[1]"}
RESULT: {"using":"xpath","value":"//header[contains(@id, 'ObjectPageLayout-headerTitle')]/div[1]/div[2]/div[1]/span[1]"}
COMMAND: POST /session/6aa7e649349f90b4840747c4ea403a74/execute/sync - {"script":"<script> [56 bytes]","args":[{"element-6066-11e4-a52e-4f735466cecf":"f.B789F3E8D5EB6317E0B12CBF8AF7BC43.d.314FDF771B1FC056015E2D80EBE08F83.e.1005","ELEMENT":"f.B789F3E8D5EB6317E0B12CBF8AF7BC43.d.314FDF771B1FC056015E2D80EBE08F83.e.1005"}]}
RESULT: {"script":"<script> [56 bytes]","args":[{"element-6066-11e4-a52e-4f735466cecf":"f.B789F3E8D5EB6317E0B12CBF8AF7BC43.d.314FDF771B1FC056015E2D80EBE08F83.e.1005","ELEMENT":"f.B789F3E8D5EB6317E0B12CBF8AF7BC43.d.314FDF771B1FC056015E2D80EBE08F83.e.1005"}]}
COMMAND: GET /session/6aa7e649349f90b4840747c4ea403a74/screenshot - {}
RESULT: {}
COMMAND: POST /session/6aa7e649349f90b4840747c4ea403a74/element - {"using":"css selector","value":"#shell-header-logo"}
RESULT: {"using":"css selector","value":"#shell-header-logo"}
COMMAND: POST /session/6aa7e649349f90b4840747c4ea403a74/element/f.B789F3E8D5EB6317E0B12CBF8AF7BC43.d.314FDF771B1FC056015E2D80EBE08F83.e.257/click - {}
RESULT: {}
COMMAND: GET /session/6aa7e649349f90b4840747c4ea403a74/screenshot - {}
RESULT: {}
COMMAND: POST /session/6aa7e649349f90b4840747c4ea403a74/execute/sync - {"script":"<script> [299 bytes]","args":[["getModel","getResource"]]}
RESULT: {"script":"<script> [299 bytes]","args":[["getModel","getResource"]]}
]]></system-out>
    </testcase>
    <testcase classname="chrome.135_0_7049_96.windows.Partner_specific_tests_US150819_US151080_US151654_US151176_US103444_US151078_US151079_US151109_US151174_US151175_US151189" name="Should create new external partner US150819" time="91.433">
      <system-out><![CDATA[
COMMAND: GET /session/6aa7e649349f90b4840747c4ea403a74/screenshot - {}
COMMAND: POST /session/6aa7e649349f90b4840747c4ea403a74/element - {"using":"xpath","value":"//li[.//span[text()=\"Manage Partners\"]]"}
RESULT: {}
RESULT: {"using":"xpath","value":"//li[.//span[text()=\"Manage Partners\"]]"}
COMMAND: POST /session/6aa7e649349f90b4840747c4ea403a74/element - {"using":"xpath","value":"//li[.//span[text()=\"Manage Partners\"]]"}
RESULT: {"using":"xpath","value":"//li[.//span[text()=\"Manage Partners\"]]"}
COMMAND: POST /session/6aa7e649349f90b4840747c4ea403a74/element - {"using":"css selector","value":"#shell-header-logo"}
RESULT: {"using":"css selector","value":"#shell-header-logo"}
COMMAND: POST /session/6aa7e649349f90b4840747c4ea403a74/element/f.B789F3E8D5EB6317E0B12CBF8AF7BC43.d.314FDF771B1FC056015E2D80EBE08F83.e.1008/click - {}
COMMAND: POST /session/6aa7e649349f90b4840747c4ea403a74/execute/sync - {"script":"<script> [8489 bytes]","args":[{"element-6066-11e4-a52e-4f735466cecf":"f.B789F3E8D5EB6317E0B12CBF8AF7BC43.d.314FDF771B1FC056015E2D80EBE08F83.e.1008","ELEMENT":"f.B789F3E8D5EB6317E0B12CBF8AF7BC43.d.314FDF771B1FC056015E2D80EBE08F83.e.1008"}]}
RESULT: {}
COMMAND: GET /session/6aa7e649349f90b4840747c4ea403a74/screenshot - {}
RESULT: {"script":"<script> [8489 bytes]","args":[{"element-6066-11e4-a52e-4f735466cecf":"f.B789F3E8D5EB6317E0B12CBF8AF7BC43.d.314FDF771B1FC056015E2D80EBE08F83.e.1008","ELEMENT":"f.B789F3E8D5EB6317E0B12CBF8AF7BC43.d.314FDF771B1FC056015E2D80EBE08F83.e.1008"}]}
COMMAND: POST /session/6aa7e649349f90b4840747c4ea403a74/execute/sync - {"script":"<script> [5351 bytes]","args":[{"element-6066-11e4-a52e-4f735466cecf":"f.B789F3E8D5EB6317E0B12CBF8AF7BC43.d.314FDF771B1FC056015E2D80EBE08F83.e.1008","ELEMENT":"f.B789F3E8D5EB6317E0B12CBF8AF7BC43.d.314FDF771B1FC056015E2D80EBE08F83.e.1008"}]}
COMMAND: GET /session/6aa7e649349f90b4840747c4ea403a74/screenshot - {}
RESULT: {}
RESULT: {"script":"<script> [5351 bytes]","args":[{"element-6066-11e4-a52e-4f735466cecf":"f.B789F3E8D5EB6317E0B12CBF8AF7BC43.d.314FDF771B1FC056015E2D80EBE08F83.e.1008","ELEMENT":"f.B789F3E8D5EB6317E0B12CBF8AF7BC43.d.314FDF771B1FC056015E2D80EBE08F83.e.1008"}]}
COMMAND: GET /session/6aa7e649349f90b4840747c4ea403a74/screenshot - {}
RESULT: {}
RESULT: {}
COMMAND: POST /session/6aa7e649349f90b4840747c4ea403a74/window/fullscreen - {}
RESULT: {}
COMMAND: POST /session/6aa7e649349f90b4840747c4ea403a74/execute/async - {"script":"<script> [1562 bytes]","args":[{"selector":{"controlType":"sap.m.GenericTile","properties":{"header":"Manage Partners"}},"wdio_ui5_key":"sapm.GenericTile{\"header\":\"Manage Partners\"}"}]}
RESULT: {"script":"<script> [1562 bytes]","args":[{"selector":{"controlType":"sap.m.GenericTile","properties":{"header":"Manage Partners"}},"wdio_ui5_key":"sapm.GenericTile{\"header\":\"Manage Partners\"}"}]}
RESULT: undefined
COMMAND: POST /session/6aa7e649349f90b4840747c4ea403a74/element - {"using":"xpath","value":"//*[@id=\"__tile38\"]"}
RESULT: {"using":"xpath","value":"//*[@id=\"__tile38\"]"}
COMMAND: POST /session/6aa7e649349f90b4840747c4ea403a74/element/f.B789F3E8D5EB6317E0B12CBF8AF7BC43.d.314FDF771B1FC056015E2D80EBE08F83.e.147/click - {}
RESULT: {}
COMMAND: POST /session/6aa7e649349f90b4840747c4ea403a74/element - {"using":"xpath","value":"//button[@data-kt=\"addButton\"]"}
COMMAND: GET /session/6aa7e649349f90b4840747c4ea403a74/screenshot - {}
RESULT: {"using":"xpath","value":"//button[@data-kt=\"addButton\"]"}
COMMAND: POST /session/6aa7e649349f90b4840747c4ea403a74/elements - {"using":"xpath","value":"//button[@data-kt=\"addButton\"]"}
RESULT: {}
RESULT: {"using":"xpath","value":"//button[@data-kt=\"addButton\"]"}
COMMAND: POST /session/6aa7e649349f90b4840747c4ea403a74/elements - {"using":"xpath","value":"//button[@data-kt=\"addButton\"]"}
RESULT: {"using":"xpath","value":"//button[@data-kt=\"addButton\"]"}
COMMAND: POST /session/6aa7e649349f90b4840747c4ea403a74/elements - {"using":"xpath","value":"//button[@data-kt=\"addButton\"]"}
RESULT: {"using":"xpath","value":"//button[@data-kt=\"addButton\"]"}
COMMAND: POST /session/6aa7e649349f90b4840747c4ea403a74/elements - {"using":"xpath","value":"//button[@data-kt=\"addButton\"]"}
RESULT: {"using":"xpath","value":"//button[@data-kt=\"addButton\"]"}
COMMAND: POST /session/6aa7e649349f90b4840747c4ea403a74/elements - {"using":"xpath","value":"//button[@data-kt=\"addButton\"]"}
RESULT: {"using":"xpath","value":"//button[@data-kt=\"addButton\"]"}
COMMAND: POST /session/6aa7e649349f90b4840747c4ea403a74/elements - {"using":"xpath","value":"//button[@data-kt=\"addButton\"]"}
RESULT: {"using":"xpath","value":"//button[@data-kt=\"addButton\"]"}
COMMAND: POST /session/6aa7e649349f90b4840747c4ea403a74/elements - {"using":"xpath","value":"//button[@data-kt=\"addButton\"]"}
RESULT: {"using":"xpath","value":"//button[@data-kt=\"addButton\"]"}
COMMAND: POST /session/6aa7e649349f90b4840747c4ea403a74/elements - {"using":"xpath","value":"//button[@data-kt=\"addButton\"]"}
RESULT: {"using":"xpath","value":"//button[@data-kt=\"addButton\"]"}
COMMAND: POST /session/6aa7e649349f90b4840747c4ea403a74/elements - {"using":"xpath","value":"//button[@data-kt=\"addButton\"]"}
RESULT: {"using":"xpath","value":"//button[@data-kt=\"addButton\"]"}
COMMAND: POST /session/6aa7e649349f90b4840747c4ea403a74/elements - {"using":"xpath","value":"//button[@data-kt=\"addButton\"]"}
RESULT: {"using":"xpath","value":"//button[@data-kt=\"addButton\"]"}
COMMAND: POST /session/6aa7e649349f90b4840747c4ea403a74/elements - {"using":"xpath","value":"//button[@data-kt=\"addButton\"]"}
RESULT: {"using":"xpath","value":"//button[@data-kt=\"addButton\"]"}
COMMAND: POST /session/6aa7e649349f90b4840747c4ea403a74/elements - {"using":"xpath","value":"//button[@data-kt=\"addButton\"]"}
RESULT: {"using":"xpath","value":"//button[@data-kt=\"addButton\"]"}
COMMAND: POST /session/6aa7e649349f90b4840747c4ea403a74/elements - {"using":"xpath","value":"//button[@data-kt=\"addButton\"]"}
RESULT: {"using":"xpath","value":"//button[@data-kt=\"addButton\"]"}
COMMAND: POST /session/6aa7e649349f90b4840747c4ea403a74/elements - {"using":"xpath","value":"//button[@data-kt=\"addButton\"]"}
RESULT: {"using":"xpath","value":"//button[@data-kt=\"addButton\"]"}
COMMAND: POST /session/6aa7e649349f90b4840747c4ea403a74/elements - {"using":"xpath","value":"//button[@data-kt=\"addButton\"]"}
RESULT: {"using":"xpath","value":"//button[@data-kt=\"addButton\"]"}
COMMAND: POST /session/6aa7e649349f90b4840747c4ea403a74/elements - {"using":"xpath","value":"//button[@data-kt=\"addButton\"]"}
RESULT: {"using":"xpath","value":"//button[@data-kt=\"addButton\"]"}
COMMAND: POST /session/6aa7e649349f90b4840747c4ea403a74/elements - {"using":"xpath","value":"//button[@data-kt=\"addButton\"]"}
RESULT: {"using":"xpath","value":"//button[@data-kt=\"addButton\"]"}
COMMAND: POST /session/6aa7e649349f90b4840747c4ea403a74/elements - {"using":"xpath","value":"//button[@data-kt=\"addButton\"]"}
RESULT: {"using":"xpath","value":"//button[@data-kt=\"addButton\"]"}
COMMAND: POST /session/6aa7e649349f90b4840747c4ea403a74/elements - {"using":"xpath","value":"//button[@data-kt=\"addButton\"]"}
RESULT: {"using":"xpath","value":"//button[@data-kt=\"addButton\"]"}
COMMAND: POST /session/6aa7e649349f90b4840747c4ea403a74/elements - {"using":"xpath","value":"//button[@data-kt=\"addButton\"]"}
RESULT: {"using":"xpath","value":"//button[@data-kt=\"addButton\"]"}
COMMAND: POST /session/6aa7e649349f90b4840747c4ea403a74/elements - {"using":"xpath","value":"//button[@data-kt=\"addButton\"]"}
RESULT: {"using":"xpath","value":"//button[@data-kt=\"addButton\"]"}
COMMAND: POST /session/6aa7e649349f90b4840747c4ea403a74/elements - {"using":"xpath","value":"//button[@data-kt=\"addButton\"]"}
RESULT: {"using":"xpath","value":"//button[@data-kt=\"addButton\"]"}
COMMAND: POST /session/6aa7e649349f90b4840747c4ea403a74/element - {"using":"xpath","value":"//button[@data-kt=\"addButton\"]"}
RESULT: {"using":"xpath","value":"//button[@data-kt=\"addButton\"]"}
COMMAND: POST /session/6aa7e649349f90b4840747c4ea403a74/execute/sync - {"script":"<script> [8489 bytes]","args":[{"element-6066-11e4-a52e-4f735466cecf":"f.B789F3E8D5EB6317E0B12CBF8AF7BC43.d.314FDF771B1FC056015E2D80EBE08F83.e.1055","ELEMENT":"f.B789F3E8D5EB6317E0B12CBF8AF7BC43.d.314FDF771B1FC056015E2D80EBE08F83.e.1055"}]}
RESULT: {"script":"<script> [8489 bytes]","args":[{"element-6066-11e4-a52e-4f735466cecf":"f.B789F3E8D5EB6317E0B12CBF8AF7BC43.d.314FDF771B1FC056015E2D80EBE08F83.e.1055","ELEMENT":"f.B789F3E8D5EB6317E0B12CBF8AF7BC43.d.314FDF771B1FC056015E2D80EBE08F83.e.1055"}]}
COMMAND: GET /session/6aa7e649349f90b4840747c4ea403a74/element/f.B789F3E8D5EB6317E0B12CBF8AF7BC43.d.314FDF771B1FC056015E2D80EBE08F83.e.1055/enabled - {}
COMMAND: GET /session/6aa7e649349f90b4840747c4ea403a74/screenshot - {}
RESULT: {}
COMMAND: POST /session/6aa7e649349f90b4840747c4ea403a74/execute/sync - {"script":"<script> [8489 bytes]","args":[{"element-6066-11e4-a52e-4f735466cecf":"f.B789F3E8D5EB6317E0B12CBF8AF7BC43.d.314FDF771B1FC056015E2D80EBE08F83.e.1055","ELEMENT":"f.B789F3E8D5EB6317E0B12CBF8AF7BC43.d.314FDF771B1FC056015E2D80EBE08F83.e.1055"}]}
COMMAND: GET /session/6aa7e649349f90b4840747c4ea403a74/screenshot - {}
RESULT: {}
RESULT: {"script":"<script> [8489 bytes]","args":[{"element-6066-11e4-a52e-4f735466cecf":"f.B789F3E8D5EB6317E0B12CBF8AF7BC43.d.314FDF771B1FC056015E2D80EBE08F83.e.1055","ELEMENT":"f.B789F3E8D5EB6317E0B12CBF8AF7BC43.d.314FDF771B1FC056015E2D80EBE08F83.e.1055"}]}
COMMAND: POST /session/6aa7e649349f90b4840747c4ea403a74/execute/sync - {"script":"<script> [5351 bytes]","args":[{"element-6066-11e4-a52e-4f735466cecf":"f.B789F3E8D5EB6317E0B12CBF8AF7BC43.d.314FDF771B1FC056015E2D80EBE08F83.e.1055","ELEMENT":"f.B789F3E8D5EB6317E0B12CBF8AF7BC43.d.314FDF771B1FC056015E2D80EBE08F83.e.1055"}]}
COMMAND: GET /session/6aa7e649349f90b4840747c4ea403a74/screenshot - {}
RESULT: {}
RESULT: {"script":"<script> [5351 bytes]","args":[{"element-6066-11e4-a52e-4f735466cecf":"f.B789F3E8D5EB6317E0B12CBF8AF7BC43.d.314FDF771B1FC056015E2D80EBE08F83.e.1055","ELEMENT":"f.B789F3E8D5EB6317E0B12CBF8AF7BC43.d.314FDF771B1FC056015E2D80EBE08F83.e.1055"}]}
COMMAND: POST /session/6aa7e649349f90b4840747c4ea403a74/element/f.B789F3E8D5EB6317E0B12CBF8AF7BC43.d.314FDF771B1FC056015E2D80EBE08F83.e.1055/click - {}
COMMAND: GET /session/6aa7e649349f90b4840747c4ea403a74/screenshot - {}
RESULT: {}
RESULT: {}
COMMAND: GET /session/6aa7e649349f90b4840747c4ea403a74/screenshot - {}
COMMAND: POST /session/6aa7e649349f90b4840747c4ea403a74/execute/async - {"script":"<script> [1562 bytes]","args":[{"selector":{"id":"application-managepartners-display-component---NewPartner--addressDetailDetailsName1","interaction":{"idSuffix":"inner"}},"wdio_ui5_key":"applicationmanagepartners-display-component---NewPartner--addressDetailDetailsName1"}]}
RESULT: {}
RESULT: {}
RESULT: {"script":"<script> [1562 bytes]","args":[{"selector":{"id":"application-managepartners-display-component---NewPartner--addressDetailDetailsName1","interaction":{"idSuffix":"inner"}},"wdio_ui5_key":"applicationmanagepartners-display-component---NewPartner--addressDetailDetailsName1"}]}
RESULT: undefined
COMMAND: POST /session/6aa7e649349f90b4840747c4ea403a74/execute/async - {"script":"<script> [776 bytes]","args":[{"enterText":"External Partner WDIO","selector":{"id":"application-managepartners-display-component---NewPartner--addressDetailDetailsName1","interaction":{"idSuffix":"inner"}},"clearTextFirst":true,"interactionType":"ENTER_TEXT"}]}
RESULT: {"script":"<script> [776 bytes]","args":[{"enterText":"External Partner WDIO","selector":{"id":"application-managepartners-display-component---NewPartner--addressDetailDetailsName1","interaction":{"idSuffix":"inner"}},"clearTextFirst":true,"interactionType":"ENTER_TEXT"}]}
COMMAND: POST /session/6aa7e649349f90b4840747c4ea403a74/execute/async - {"script":"<script> [1562 bytes]","args":[{"selector":{"id":"application-managepartners-display-component---NewPartner--addressDetailDetailsLanguage-arrow"},"wdio_ui5_key":"applicationmanagepartners-display-component---NewPartner--addressDetailDetailsLanguage-arrow"}]}
RESULT: {"script":"<script> [1562 bytes]","args":[{"selector":{"id":"application-managepartners-display-component---NewPartner--addressDetailDetailsLanguage-arrow"},"wdio_ui5_key":"applicationmanagepartners-display-component---NewPartner--addressDetailDetailsLanguage-arrow"}]}
RESULT: undefined
COMMAND: POST /session/6aa7e649349f90b4840747c4ea403a74/element - {"using":"xpath","value":"//*[@id=\"application-managepartners-display-component---NewPartner--addressDetailDetailsLanguage-arrow\"]"}
RESULT: {"using":"xpath","value":"//*[@id=\"application-managepartners-display-component---NewPartner--addressDetailDetailsLanguage-arrow\"]"}
COMMAND: POST /session/6aa7e649349f90b4840747c4ea403a74/element/f.B789F3E8D5EB6317E0B12CBF8AF7BC43.d.314FDF771B1FC056015E2D80EBE08F83.e.1503/click - {}
RESULT: {}
COMMAND: POST /session/6aa7e649349f90b4840747c4ea403a74/element - {"using":"xpath","value":"//span[contains(text(), \"English\")]"}
COMMAND: GET /session/6aa7e649349f90b4840747c4ea403a74/screenshot - {}
RESULT: {"using":"xpath","value":"//span[contains(text(), \"English\")]"}
COMMAND: POST /session/6aa7e649349f90b4840747c4ea403a74/element/f.B789F3E8D5EB6317E0B12CBF8AF7BC43.d.314FDF771B1FC056015E2D80EBE08F83.e.1504/click - {}
RESULT: {}
RESULT: {}
COMMAND: GET /session/6aa7e649349f90b4840747c4ea403a74/screenshot - {}
RESULT: {}
COMMAND: POST /session/6aa7e649349f90b4840747c4ea403a74/execute/async - {"script":"<script> [1562 bytes]","args":[{"selector":{"id":"application-managepartners-display-component---NewPartner--addressDetailDetailsCity1","interaction":{"idSuffix":"inner"}},"wdio_ui5_key":"applicationmanagepartners-display-component---NewPartner--addressDetailDetailsCity1"}]}
RESULT: {"script":"<script> [1562 bytes]","args":[{"selector":{"id":"application-managepartners-display-component---NewPartner--addressDetailDetailsCity1","interaction":{"idSuffix":"inner"}},"wdio_ui5_key":"applicationmanagepartners-display-component---NewPartner--addressDetailDetailsCity1"}]}
RESULT: undefined
COMMAND: POST /session/6aa7e649349f90b4840747c4ea403a74/execute/async - {"script":"<script> [776 bytes]","args":[{"enterText":"Rosario","selector":{"id":"application-managepartners-display-component---NewPartner--addressDetailDetailsCity1","interaction":{"idSuffix":"inner"}},"clearTextFirst":true,"interactionType":"ENTER_TEXT"}]}
RESULT: {"script":"<script> [776 bytes]","args":[{"enterText":"Rosario","selector":{"id":"application-managepartners-display-component---NewPartner--addressDetailDetailsCity1","interaction":{"idSuffix":"inner"}},"clearTextFirst":true,"interactionType":"ENTER_TEXT"}]}
COMMAND: POST /session/6aa7e649349f90b4840747c4ea403a74/execute/async - {"script":"<script> [1562 bytes]","args":[{"selector":{"id":"application-managepartners-display-component---NewPartner--addressDetailDetailsCountry-arrow"},"wdio_ui5_key":"applicationmanagepartners-display-component---NewPartner--addressDetailDetailsCountry-arrow"}]}
RESULT: {"script":"<script> [1562 bytes]","args":[{"selector":{"id":"application-managepartners-display-component---NewPartner--addressDetailDetailsCountry-arrow"},"wdio_ui5_key":"applicationmanagepartners-display-component---NewPartner--addressDetailDetailsCountry-arrow"}]}
RESULT: undefined
COMMAND: POST /session/6aa7e649349f90b4840747c4ea403a74/element - {"using":"xpath","value":"//*[@id=\"application-managepartners-display-component---NewPartner--addressDetailDetailsCountry-arrow\"]"}
RESULT: {"using":"xpath","value":"//*[@id=\"application-managepartners-display-component---NewPartner--addressDetailDetailsCountry-arrow\"]"}
COMMAND: POST /session/6aa7e649349f90b4840747c4ea403a74/element/f.B789F3E8D5EB6317E0B12CBF8AF7BC43.d.314FDF771B1FC056015E2D80EBE08F83.e.1485/click - {}
RESULT: {}
COMMAND: POST /session/6aa7e649349f90b4840747c4ea403a74/element - {"using":"xpath","value":"//span[contains(text(), \"Argentina\")]"}
COMMAND: GET /session/6aa7e649349f90b4840747c4ea403a74/screenshot - {}
RESULT: {"using":"xpath","value":"//span[contains(text(), \"Argentina\")]"}
COMMAND: POST /session/6aa7e649349f90b4840747c4ea403a74/element/f.B789F3E8D5EB6317E0B12CBF8AF7BC43.d.314FDF771B1FC056015E2D80EBE08F83.e.1506/click - {}
RESULT: {}
RESULT: {}
COMMAND: GET /session/6aa7e649349f90b4840747c4ea403a74/screenshot - {}
RESULT: {}
COMMAND: POST /session/6aa7e649349f90b4840747c4ea403a74/element - {"using":"xpath","value":"//bdi[contains(text(), \"Commercial\")]"}
RESULT: {"using":"xpath","value":"//bdi[contains(text(), \"Commercial\")]"}
COMMAND: POST /session/6aa7e649349f90b4840747c4ea403a74/element/f.B789F3E8D5EB6317E0B12CBF8AF7BC43.d.314FDF771B1FC056015E2D80EBE08F83.e.1507/click - {}
RESULT: {}
COMMAND: GET /session/6aa7e649349f90b4840747c4ea403a74/screenshot - {}
RESULT: {}
COMMAND: POST /session/6aa7e649349f90b4840747c4ea403a74/execute/async - {"script":"<script> [1562 bytes]","args":[{"selector":{"id":"application-managepartners-display-component---NewPartner--partnerDetailInternal-arrow"},"wdio_ui5_key":"applicationmanagepartners-display-component---NewPartner--partnerDetailInternal-arrow"}]}
RESULT: {"script":"<script> [1562 bytes]","args":[{"selector":{"id":"application-managepartners-display-component---NewPartner--partnerDetailInternal-arrow"},"wdio_ui5_key":"applicationmanagepartners-display-component---NewPartner--partnerDetailInternal-arrow"}]}
RESULT: undefined
COMMAND: POST /session/6aa7e649349f90b4840747c4ea403a74/element - {"using":"xpath","value":"//*[@id=\"application-managepartners-display-component---NewPartner--partnerDetailInternal-arrow\"]"}
RESULT: {"using":"xpath","value":"//*[@id=\"application-managepartners-display-component---NewPartner--partnerDetailInternal-arrow\"]"}
COMMAND: POST /session/6aa7e649349f90b4840747c4ea403a74/element/f.B789F3E8D5EB6317E0B12CBF8AF7BC43.d.314FDF771B1FC056015E2D80EBE08F83.e.1513/click - {}
RESULT: {}
COMMAND: POST /session/6aa7e649349f90b4840747c4ea403a74/element - {"using":"xpath","value":"//span[contains(text(), \"External partner\")]"}
COMMAND: GET /session/6aa7e649349f90b4840747c4ea403a74/screenshot - {}
RESULT: {"using":"xpath","value":"//span[contains(text(), \"External partner\")]"}
COMMAND: POST /session/6aa7e649349f90b4840747c4ea403a74/element/f.B789F3E8D5EB6317E0B12CBF8AF7BC43.d.314FDF771B1FC056015E2D80EBE08F83.e.1516/click - {}
RESULT: {}
RESULT: {}
COMMAND: POST /session/6aa7e649349f90b4840747c4ea403a74/execute/async - {"script":"<script> [1562 bytes]","args":[{"selector":{"id":"application-managepartners-display-component---NewPartner--partnerDetailsCurrency-arrow"},"wdio_ui5_key":"applicationmanagepartners-display-component---NewPartner--partnerDetailsCurrency-arrow"}]}
COMMAND: GET /session/6aa7e649349f90b4840747c4ea403a74/screenshot - {}
RESULT: {"script":"<script> [1562 bytes]","args":[{"selector":{"id":"application-managepartners-display-component---NewPartner--partnerDetailsCurrency-arrow"},"wdio_ui5_key":"applicationmanagepartners-display-component---NewPartner--partnerDetailsCurrency-arrow"}]}
RESULT: undefined
COMMAND: POST /session/6aa7e649349f90b4840747c4ea403a74/element - {"using":"xpath","value":"//*[@id=\"application-managepartners-display-component---NewPartner--partnerDetailsCurrency-arrow\"]"}
RESULT: {}
RESULT: {"using":"xpath","value":"//*[@id=\"application-managepartners-display-component---NewPartner--partnerDetailsCurrency-arrow\"]"}
COMMAND: POST /session/6aa7e649349f90b4840747c4ea403a74/element/f.B789F3E8D5EB6317E0B12CBF8AF7BC43.d.314FDF771B1FC056015E2D80EBE08F83.e.1521/click - {}
RESULT: {}
COMMAND: POST /session/6aa7e649349f90b4840747c4ea403a74/element - {"using":"xpath","value":"//span[contains(text(), \"US Dollar\")]"}
COMMAND: GET /session/6aa7e649349f90b4840747c4ea403a74/screenshot - {}
RESULT: {"using":"xpath","value":"//span[contains(text(), \"US Dollar\")]"}
COMMAND: POST /session/6aa7e649349f90b4840747c4ea403a74/element/f.B789F3E8D5EB6317E0B12CBF8AF7BC43.d.314FDF771B1FC056015E2D80EBE08F83.e.1522/click - {}
RESULT: {}
RESULT: {}
COMMAND: GET /session/6aa7e649349f90b4840747c4ea403a74/screenshot - {}
RESULT: {}
COMMAND: POST /session/6aa7e649349f90b4840747c4ea403a74/element - {"using":"xpath","value":"//input[@id=\"application-managepartners-display-component---NewPartner--companyCodeComboBox-inner\"]"}
RESULT: {"using":"xpath","value":"//input[@id=\"application-managepartners-display-component---NewPartner--companyCodeComboBox-inner\"]"}
COMMAND: POST /session/6aa7e649349f90b4840747c4ea403a74/element/f.B789F3E8D5EB6317E0B12CBF8AF7BC43.d.314FDF771B1FC056015E2D80EBE08F83.e.1363/clear - {}
RESULT: {}
COMMAND: POST /session/6aa7e649349f90b4840747c4ea403a74/element/f.B789F3E8D5EB6317E0B12CBF8AF7BC43.d.314FDF771B1FC056015E2D80EBE08F83.e.1363/value - {"text":"C002"}
COMMAND: GET /session/6aa7e649349f90b4840747c4ea403a74/screenshot - {}
RESULT: {"text":"C002"}
COMMAND: GET /session/6aa7e649349f90b4840747c4ea403a74/screenshot - {}
RESULT: {}
RESULT: {}
COMMAND: POST /session/6aa7e649349f90b4840747c4ea403a74/element - {"using":"xpath","value":"//span[contains(text(), \"C002\")]"}
RESULT: {"using":"xpath","value":"//span[contains(text(), \"C002\")]"}
COMMAND: POST /session/6aa7e649349f90b4840747c4ea403a74/element/f.B789F3E8D5EB6317E0B12CBF8AF7BC43.d.314FDF771B1FC056015E2D80EBE08F83.e.1526/click - {}
RESULT: {}
COMMAND: GET /session/6aa7e649349f90b4840747c4ea403a74/screenshot - {}
RESULT: {}
COMMAND: POST /session/6aa7e649349f90b4840747c4ea403a74/execute/async - {"script":"<script> [1562 bytes]","args":[{"selector":{"id":"application-managepartners-display-component---NewPartner--btnAddTableRow-img"},"wdio_ui5_key":"applicationmanagepartners-display-component---NewPartner--btnAddTableRow-img"}]}
RESULT: {"script":"<script> [1562 bytes]","args":[{"selector":{"id":"application-managepartners-display-component---NewPartner--btnAddTableRow-img"},"wdio_ui5_key":"applicationmanagepartners-display-component---NewPartner--btnAddTableRow-img"}]}
RESULT: undefined
COMMAND: POST /session/6aa7e649349f90b4840747c4ea403a74/element - {"using":"xpath","value":"//*[@id=\"application-managepartners-display-component---NewPartner--btnAddTableRow-img\"]"}
RESULT: {"using":"xpath","value":"//*[@id=\"application-managepartners-display-component---NewPartner--btnAddTableRow-img\"]"}
COMMAND: POST /session/6aa7e649349f90b4840747c4ea403a74/element/f.B789F3E8D5EB6317E0B12CBF8AF7BC43.d.314FDF771B1FC056015E2D80EBE08F83.e.1527/click - {}
RESULT: {}
COMMAND: GET /session/6aa7e649349f90b4840747c4ea403a74/screenshot - {}
RESULT: {}
COMMAND: POST /session/6aa7e649349f90b4840747c4ea403a74/element - {"using":"xpath","value":"//input[@id=\"application-managepartners-display-component---NewPartner--assignmentYard-application-managepartners-display-component---NewPartner--assignmentsTable-0-inner\"]"}
RESULT: {"using":"xpath","value":"//input[@id=\"application-managepartners-display-component---NewPartner--assignmentYard-application-managepartners-display-component---NewPartner--assignmentsTable-0-inner\"]"}
COMMAND: POST /session/6aa7e649349f90b4840747c4ea403a74/element/f.B789F3E8D5EB6317E0B12CBF8AF7BC43.d.314FDF771B1FC056015E2D80EBE08F83.e.1530/clear - {}
RESULT: {}
COMMAND: POST /session/6aa7e649349f90b4840747c4ea403a74/element/f.B789F3E8D5EB6317E0B12CBF8AF7BC43.d.314FDF771B1FC056015E2D80EBE08F83.e.1530/value - {"text":"428"}
COMMAND: GET /session/6aa7e649349f90b4840747c4ea403a74/screenshot - {}
RESULT: {"text":"428"}
COMMAND: GET /session/6aa7e649349f90b4840747c4ea403a74/screenshot - {}
RESULT: {}
RESULT: {}
COMMAND: POST /session/6aa7e649349f90b4840747c4ea403a74/element - {"using":"xpath","value":"//li[.//span[text()='428']]"}
RESULT: {"using":"xpath","value":"//li[.//span[text()='428']]"}
COMMAND: POST /session/6aa7e649349f90b4840747c4ea403a74/element/f.B789F3E8D5EB6317E0B12CBF8AF7BC43.d.314FDF771B1FC056015E2D80EBE08F83.e.1538/click - {}
RESULT: {}
COMMAND: GET /session/6aa7e649349f90b4840747c4ea403a74/screenshot - {}
RESULT: {}
COMMAND: POST /session/6aa7e649349f90b4840747c4ea403a74/actions - {"actions":[{"id":"action2","type":"key","parameters":{},"actions":[{"type":"keyDown","value":"î€‡"},{"type":"pause","duration":10},{"type":"keyUp","value":"î€‡"}]}]}
RESULT: {"actions":[{"id":"action2","type":"key","parameters":{},"actions":[{"type":"keyDown","value":"î€‡"},{"type":"pause","duration":10},{"type":"keyUp","value":"î€‡"}]}]}
COMMAND: POST /session/6aa7e649349f90b4840747c4ea403a74/element - {"using":"xpath","value":"//td[contains(@id, \"assignmentsTable-0-cell2\")]/div/div"}
COMMAND: GET /session/6aa7e649349f90b4840747c4ea403a74/screenshot - {}
RESULT: {"using":"xpath","value":"//td[contains(@id, \"assignmentsTable-0-cell2\")]/div/div"}
COMMAND: POST /session/6aa7e649349f90b4840747c4ea403a74/element/f.B789F3E8D5EB6317E0B12CBF8AF7BC43.d.314FDF771B1FC056015E2D80EBE08F83.e.1541/click - {}
RESULT: {}
RESULT: {}
COMMAND: GET /session/6aa7e649349f90b4840747c4ea403a74/screenshot - {}
RESULT: {}
COMMAND: POST /session/6aa7e649349f90b4840747c4ea403a74/element - {"using":"xpath","value":"//button[@data-kt=\"saveButton\"]"}
RESULT: {"using":"xpath","value":"//button[@data-kt=\"saveButton\"]"}
COMMAND: POST /session/6aa7e649349f90b4840747c4ea403a74/element/f.B789F3E8D5EB6317E0B12CBF8AF7BC43.d.314FDF771B1FC056015E2D80EBE08F83.e.1487/click - {}
RESULT: {}
COMMAND: GET /session/6aa7e649349f90b4840747c4ea403a74/screenshot - {}
RESULT: {}
COMMAND: POST /session/6aa7e649349f90b4840747c4ea403a74/element - {"using":"xpath","value":"//header[contains(@id, 'ObjectPageLayout-headerTitle')]/div[1]/div[2]/div[2]/span[1]"}
RESULT: {"using":"xpath","value":"//header[contains(@id, 'ObjectPageLayout-headerTitle')]/div[1]/div[2]/div[2]/span[1]"}
COMMAND: POST /session/6aa7e649349f90b4840747c4ea403a74/elements - {"using":"xpath","value":"//header[contains(@id, 'ObjectPageLayout-headerTitle')]/div[1]/div[2]/div[2]/span[1]"}
RESULT: {"using":"xpath","value":"//header[contains(@id, 'ObjectPageLayout-headerTitle')]/div[1]/div[2]/div[2]/span[1]"}
COMMAND: POST /session/6aa7e649349f90b4840747c4ea403a74/execute/sync - {"script":"<script> [56 bytes]","args":[{"element-6066-11e4-a52e-4f735466cecf":"f.B789F3E8D5EB6317E0B12CBF8AF7BC43.d.314FDF771B1FC056015E2D80EBE08F83.e.1702","ELEMENT":"f.B789F3E8D5EB6317E0B12CBF8AF7BC43.d.314FDF771B1FC056015E2D80EBE08F83.e.1702"}]}
RESULT: {"script":"<script> [56 bytes]","args":[{"element-6066-11e4-a52e-4f735466cecf":"f.B789F3E8D5EB6317E0B12CBF8AF7BC43.d.314FDF771B1FC056015E2D80EBE08F83.e.1702","ELEMENT":"f.B789F3E8D5EB6317E0B12CBF8AF7BC43.d.314FDF771B1FC056015E2D80EBE08F83.e.1702"}]}
COMMAND: POST /session/6aa7e649349f90b4840747c4ea403a74/element - {"using":"css selector","value":"#shell-header-logo"}
COMMAND: GET /session/6aa7e649349f90b4840747c4ea403a74/screenshot - {}
RESULT: {"using":"css selector","value":"#shell-header-logo"}
COMMAND: POST /session/6aa7e649349f90b4840747c4ea403a74/element/f.B789F3E8D5EB6317E0B12CBF8AF7BC43.d.314FDF771B1FC056015E2D80EBE08F83.e.1008/click - {}
RESULT: {}
RESULT: {}
COMMAND: GET /session/6aa7e649349f90b4840747c4ea403a74/screenshot - {}
RESULT: {}
COMMAND: POST /session/6aa7e649349f90b4840747c4ea403a74/execute/sync - {"script":"<script> [299 bytes]","args":[["getModel","getResource"]]}
RESULT: {"script":"<script> [299 bytes]","args":[["getModel","getResource"]]}
]]></system-out>
    </testcase>
    <testcase classname="chrome.135_0_7049_96.windows.Partner_specific_tests_US150819_US151080_US151654_US151176_US103444_US151078_US151079_US151109_US151174_US151175_US151189" name="Should filter and search partners US151080" time="91.505">
      <system-out><![CDATA[
COMMAND: GET /session/6aa7e649349f90b4840747c4ea403a74/screenshot - {}
COMMAND: POST /session/6aa7e649349f90b4840747c4ea403a74/element - {"using":"xpath","value":"//li[.//span[text()=\"Manage Partners\"]]"}
RESULT: {}
RESULT: {"using":"xpath","value":"//li[.//span[text()=\"Manage Partners\"]]"}
COMMAND: POST /session/6aa7e649349f90b4840747c4ea403a74/element - {"using":"xpath","value":"//li[.//span[text()=\"Manage Partners\"]]"}
RESULT: {"using":"xpath","value":"//li[.//span[text()=\"Manage Partners\"]]"}
COMMAND: POST /session/6aa7e649349f90b4840747c4ea403a74/element - {"using":"css selector","value":"#shell-header-logo"}
RESULT: {"using":"css selector","value":"#shell-header-logo"}
COMMAND: POST /session/6aa7e649349f90b4840747c4ea403a74/element/f.B789F3E8D5EB6317E0B12CBF8AF7BC43.d.314FDF771B1FC056015E2D80EBE08F83.e.1704/click - {}
COMMAND: POST /session/6aa7e649349f90b4840747c4ea403a74/execute/sync - {"script":"<script> [8489 bytes]","args":[{"element-6066-11e4-a52e-4f735466cecf":"f.B789F3E8D5EB6317E0B12CBF8AF7BC43.d.314FDF771B1FC056015E2D80EBE08F83.e.1704","ELEMENT":"f.B789F3E8D5EB6317E0B12CBF8AF7BC43.d.314FDF771B1FC056015E2D80EBE08F83.e.1704"}]}
RESULT: {}
COMMAND: GET /session/6aa7e649349f90b4840747c4ea403a74/screenshot - {}
RESULT: {"script":"<script> [8489 bytes]","args":[{"element-6066-11e4-a52e-4f735466cecf":"f.B789F3E8D5EB6317E0B12CBF8AF7BC43.d.314FDF771B1FC056015E2D80EBE08F83.e.1704","ELEMENT":"f.B789F3E8D5EB6317E0B12CBF8AF7BC43.d.314FDF771B1FC056015E2D80EBE08F83.e.1704"}]}
COMMAND: POST /session/6aa7e649349f90b4840747c4ea403a74/execute/sync - {"script":"<script> [5351 bytes]","args":[{"element-6066-11e4-a52e-4f735466cecf":"f.B789F3E8D5EB6317E0B12CBF8AF7BC43.d.314FDF771B1FC056015E2D80EBE08F83.e.1704","ELEMENT":"f.B789F3E8D5EB6317E0B12CBF8AF7BC43.d.314FDF771B1FC056015E2D80EBE08F83.e.1704"}]}
COMMAND: GET /session/6aa7e649349f90b4840747c4ea403a74/screenshot - {}
RESULT: {}
RESULT: {"script":"<script> [5351 bytes]","args":[{"element-6066-11e4-a52e-4f735466cecf":"f.B789F3E8D5EB6317E0B12CBF8AF7BC43.d.314FDF771B1FC056015E2D80EBE08F83.e.1704","ELEMENT":"f.B789F3E8D5EB6317E0B12CBF8AF7BC43.d.314FDF771B1FC056015E2D80EBE08F83.e.1704"}]}
COMMAND: GET /session/6aa7e649349f90b4840747c4ea403a74/screenshot - {}
RESULT: {}
RESULT: {}
RESULT: undefined
COMMAND: POST /session/6aa7e649349f90b4840747c4ea403a74/element - {"using":"xpath","value":"//*[@id=\"__tile38\"]"}
RESULT: {"using":"xpath","value":"//*[@id=\"__tile38\"]"}
COMMAND: POST /session/6aa7e649349f90b4840747c4ea403a74/element/f.B789F3E8D5EB6317E0B12CBF8AF7BC43.d.314FDF771B1FC056015E2D80EBE08F83.e.147/click - {}
RESULT: {}
COMMAND: POST /session/6aa7e649349f90b4840747c4ea403a74/element - {"using":"xpath","value":"//button[@data-kt=\"addButton\"]"}
COMMAND: GET /session/6aa7e649349f90b4840747c4ea403a74/screenshot - {}
RESULT: {"using":"xpath","value":"//button[@data-kt=\"addButton\"]"}
COMMAND: POST /session/6aa7e649349f90b4840747c4ea403a74/elements - {"using":"xpath","value":"//button[@data-kt=\"addButton\"]"}
RESULT: {}
RESULT: {"using":"xpath","value":"//button[@data-kt=\"addButton\"]"}
COMMAND: POST /session/6aa7e649349f90b4840747c4ea403a74/elements - {"using":"xpath","value":"//button[@data-kt=\"addButton\"]"}
RESULT: {"using":"xpath","value":"//button[@data-kt=\"addButton\"]"}
COMMAND: POST /session/6aa7e649349f90b4840747c4ea403a74/elements - {"using":"xpath","value":"//button[@data-kt=\"addButton\"]"}
RESULT: {"using":"xpath","value":"//button[@data-kt=\"addButton\"]"}
COMMAND: POST /session/6aa7e649349f90b4840747c4ea403a74/elements - {"using":"xpath","value":"//button[@data-kt=\"addButton\"]"}
RESULT: {"using":"xpath","value":"//button[@data-kt=\"addButton\"]"}
COMMAND: POST /session/6aa7e649349f90b4840747c4ea403a74/elements - {"using":"xpath","value":"//button[@data-kt=\"addButton\"]"}
RESULT: {"using":"xpath","value":"//button[@data-kt=\"addButton\"]"}
COMMAND: POST /session/6aa7e649349f90b4840747c4ea403a74/elements - {"using":"xpath","value":"//button[@data-kt=\"addButton\"]"}
RESULT: {"using":"xpath","value":"//button[@data-kt=\"addButton\"]"}
COMMAND: POST /session/6aa7e649349f90b4840747c4ea403a74/elements - {"using":"xpath","value":"//button[@data-kt=\"addButton\"]"}
RESULT: {"using":"xpath","value":"//button[@data-kt=\"addButton\"]"}
COMMAND: POST /session/6aa7e649349f90b4840747c4ea403a74/elements - {"using":"xpath","value":"//button[@data-kt=\"addButton\"]"}
RESULT: {"using":"xpath","value":"//button[@data-kt=\"addButton\"]"}
COMMAND: POST /session/6aa7e649349f90b4840747c4ea403a74/elements - {"using":"xpath","value":"//button[@data-kt=\"addButton\"]"}
RESULT: {"using":"xpath","value":"//button[@data-kt=\"addButton\"]"}
COMMAND: POST /session/6aa7e649349f90b4840747c4ea403a74/elements - {"using":"xpath","value":"//button[@data-kt=\"addButton\"]"}
RESULT: {"using":"xpath","value":"//button[@data-kt=\"addButton\"]"}
COMMAND: POST /session/6aa7e649349f90b4840747c4ea403a74/elements - {"using":"xpath","value":"//button[@data-kt=\"addButton\"]"}
RESULT: {"using":"xpath","value":"//button[@data-kt=\"addButton\"]"}
COMMAND: POST /session/6aa7e649349f90b4840747c4ea403a74/elements - {"using":"xpath","value":"//button[@data-kt=\"addButton\"]"}
RESULT: {"using":"xpath","value":"//button[@data-kt=\"addButton\"]"}
COMMAND: POST /session/6aa7e649349f90b4840747c4ea403a74/elements - {"using":"xpath","value":"//button[@data-kt=\"addButton\"]"}
RESULT: {"using":"xpath","value":"//button[@data-kt=\"addButton\"]"}
COMMAND: POST /session/6aa7e649349f90b4840747c4ea403a74/elements - {"using":"xpath","value":"//button[@data-kt=\"addButton\"]"}
RESULT: {"using":"xpath","value":"//button[@data-kt=\"addButton\"]"}
COMMAND: POST /session/6aa7e649349f90b4840747c4ea403a74/elements - {"using":"xpath","value":"//button[@data-kt=\"addButton\"]"}
RESULT: {"using":"xpath","value":"//button[@data-kt=\"addButton\"]"}
COMMAND: POST /session/6aa7e649349f90b4840747c4ea403a74/elements - {"using":"xpath","value":"//button[@data-kt=\"addButton\"]"}
RESULT: {"using":"xpath","value":"//button[@data-kt=\"addButton\"]"}
COMMAND: POST /session/6aa7e649349f90b4840747c4ea403a74/elements - {"using":"xpath","value":"//button[@data-kt=\"addButton\"]"}
RESULT: {"using":"xpath","value":"//button[@data-kt=\"addButton\"]"}
COMMAND: POST /session/6aa7e649349f90b4840747c4ea403a74/elements - {"using":"xpath","value":"//button[@data-kt=\"addButton\"]"}
RESULT: {"using":"xpath","value":"//button[@data-kt=\"addButton\"]"}
COMMAND: POST /session/6aa7e649349f90b4840747c4ea403a74/element - {"using":"xpath","value":"//button[@data-kt=\"addButton\"]"}
RESULT: {"using":"xpath","value":"//button[@data-kt=\"addButton\"]"}
COMMAND: POST /session/6aa7e649349f90b4840747c4ea403a74/execute/sync - {"script":"<script> [8489 bytes]","args":[{"element-6066-11e4-a52e-4f735466cecf":"f.B789F3E8D5EB6317E0B12CBF8AF7BC43.d.314FDF771B1FC056015E2D80EBE08F83.e.1750","ELEMENT":"f.B789F3E8D5EB6317E0B12CBF8AF7BC43.d.314FDF771B1FC056015E2D80EBE08F83.e.1750"}]}
RESULT: {"script":"<script> [8489 bytes]","args":[{"element-6066-11e4-a52e-4f735466cecf":"f.B789F3E8D5EB6317E0B12CBF8AF7BC43.d.314FDF771B1FC056015E2D80EBE08F83.e.1750","ELEMENT":"f.B789F3E8D5EB6317E0B12CBF8AF7BC43.d.314FDF771B1FC056015E2D80EBE08F83.e.1750"}]}
COMMAND: GET /session/6aa7e649349f90b4840747c4ea403a74/element/f.B789F3E8D5EB6317E0B12CBF8AF7BC43.d.314FDF771B1FC056015E2D80EBE08F83.e.1750/enabled - {}
COMMAND: GET /session/6aa7e649349f90b4840747c4ea403a74/screenshot - {}
RESULT: {}
COMMAND: POST /session/6aa7e649349f90b4840747c4ea403a74/execute/sync - {"script":"<script> [8489 bytes]","args":[{"element-6066-11e4-a52e-4f735466cecf":"f.B789F3E8D5EB6317E0B12CBF8AF7BC43.d.314FDF771B1FC056015E2D80EBE08F83.e.1750","ELEMENT":"f.B789F3E8D5EB6317E0B12CBF8AF7BC43.d.314FDF771B1FC056015E2D80EBE08F83.e.1750"}]}
COMMAND: GET /session/6aa7e649349f90b4840747c4ea403a74/screenshot - {}
RESULT: {}
RESULT: {"script":"<script> [8489 bytes]","args":[{"element-6066-11e4-a52e-4f735466cecf":"f.B789F3E8D5EB6317E0B12CBF8AF7BC43.d.314FDF771B1FC056015E2D80EBE08F83.e.1750","ELEMENT":"f.B789F3E8D5EB6317E0B12CBF8AF7BC43.d.314FDF771B1FC056015E2D80EBE08F83.e.1750"}]}
COMMAND: POST /session/6aa7e649349f90b4840747c4ea403a74/execute/sync - {"script":"<script> [5351 bytes]","args":[{"element-6066-11e4-a52e-4f735466cecf":"f.B789F3E8D5EB6317E0B12CBF8AF7BC43.d.314FDF771B1FC056015E2D80EBE08F83.e.1750","ELEMENT":"f.B789F3E8D5EB6317E0B12CBF8AF7BC43.d.314FDF771B1FC056015E2D80EBE08F83.e.1750"}]}
COMMAND: GET /session/6aa7e649349f90b4840747c4ea403a74/screenshot - {}
RESULT: {}
RESULT: {"script":"<script> [5351 bytes]","args":[{"element-6066-11e4-a52e-4f735466cecf":"f.B789F3E8D5EB6317E0B12CBF8AF7BC43.d.314FDF771B1FC056015E2D80EBE08F83.e.1750","ELEMENT":"f.B789F3E8D5EB6317E0B12CBF8AF7BC43.d.314FDF771B1FC056015E2D80EBE08F83.e.1750"}]}
COMMAND: GET /session/6aa7e649349f90b4840747c4ea403a74/screenshot - {}
RESULT: {}
RESULT: {}
COMMAND: POST /session/6aa7e649349f90b4840747c4ea403a74/execute/async - {"script":"<script> [1562 bytes]","args":[{"selector":{"id":"application-managepartners-display-component---masterPtm--smartTable-btnPersonalisation-img"},"wdio_ui5_key":"applicationmanagepartners-display-component---masterPtm--smartTable-btnPersonalisation-img"}]}
RESULT: {"script":"<script> [1562 bytes]","args":[{"selector":{"id":"application-managepartners-display-component---masterPtm--smartTable-btnPersonalisation-img"},"wdio_ui5_key":"applicationmanagepartners-display-component---masterPtm--smartTable-btnPersonalisation-img"}]}
RESULT: undefined
COMMAND: POST /session/6aa7e649349f90b4840747c4ea403a74/element - {"using":"xpath","value":"//*[@id=\"application-managepartners-display-component---masterPtm--smartTable-btnPersonalisation-img\"]"}
RESULT: {"using":"xpath","value":"//*[@id=\"application-managepartners-display-component---masterPtm--smartTable-btnPersonalisation-img\"]"}
COMMAND: POST /session/6aa7e649349f90b4840747c4ea403a74/element/f.B789F3E8D5EB6317E0B12CBF8AF7BC43.d.314FDF771B1FC056015E2D80EBE08F83.e.1755/click - {}
RESULT: {}
COMMAND: GET /session/6aa7e649349f90b4840747c4ea403a74/screenshot - {}
RESULT: {}
COMMAND: POST /session/6aa7e649349f90b4840747c4ea403a74/execute/async - {"script":"<script> [1562 bytes]","args":[{"selector":{"controlType":"sap.m.IconTabFilter","viewName":"etm.portal.ui.managepartners.view.Master","viewId":"application-managepartners-display-component---masterPtm","properties":{"text":"Sort"},"searchOpenDialogs":true,"interaction":{"idSuffix":"text"}},"wdio_ui5_key":"etmportal.ui.managepartners.view.Mastersap.m.IconTabFilter{\"text\":\"Sort\"}"}]}
RESULT: {"script":"<script> [1562 bytes]","args":[{"selector":{"controlType":"sap.m.IconTabFilter","viewName":"etm.portal.ui.managepartners.view.Master","viewId":"application-managepartners-display-component---masterPtm","properties":{"text":"Sort"},"searchOpenDialogs":true,"interaction":{"idSuffix":"text"}},"wdio_ui5_key":"etmportal.ui.managepartners.view.Mastersap.m.IconTabFilter{\"text\":\"Sort\"}"}]}
RESULT: undefined
COMMAND: POST /session/6aa7e649349f90b4840747c4ea403a74/element - {"using":"xpath","value":"//*[@id=\"__filter1\"]"}
RESULT: {"using":"xpath","value":"//*[@id=\"__filter1\"]"}
COMMAND: POST /session/6aa7e649349f90b4840747c4ea403a74/element/f.B789F3E8D5EB6317E0B12CBF8AF7BC43.d.314FDF771B1FC056015E2D80EBE08F83.e.1896/click - {}
RESULT: {}
COMMAND: GET /session/6aa7e649349f90b4840747c4ea403a74/screenshot - {}
RESULT: {}
COMMAND: POST /session/6aa7e649349f90b4840747c4ea403a74/element - {"using":"xpath","value":"//input[@placeholder=\"Sort by\"]/following-sibling::div//span"}
RESULT: {"using":"xpath","value":"//input[@placeholder=\"Sort by\"]/following-sibling::div//span"}
COMMAND: POST /session/6aa7e649349f90b4840747c4ea403a74/element/f.B789F3E8D5EB6317E0B12CBF8AF7BC43.d.314FDF771B1FC056015E2D80EBE08F83.e.1898/click - {}
RESULT: {}
COMMAND: GET /session/6aa7e649349f90b4840747c4ea403a74/screenshot - {}
RESULT: {}
COMMAND: POST /session/6aa7e649349f90b4840747c4ea403a74/element - {"using":"xpath","value":"//li[.//span[text()=\"Language\"]]"}
RESULT: {"using":"xpath","value":"//li[.//span[text()=\"Language\"]]"}
COMMAND: POST /session/6aa7e649349f90b4840747c4ea403a74/element/f.B789F3E8D5EB6317E0B12CBF8AF7BC43.d.314FDF771B1FC056015E2D80EBE08F83.e.1899/click - {}
RESULT: {}
COMMAND: GET /session/6aa7e649349f90b4840747c4ea403a74/screenshot - {}
RESULT: {}
COMMAND: POST /session/6aa7e649349f90b4840747c4ea403a74/element - {"using":"xpath","value":"//bdi[contains(text(), \"OK\")]"}
RESULT: {"using":"xpath","value":"//bdi[contains(text(), \"OK\")]"}
COMMAND: POST /session/6aa7e649349f90b4840747c4ea403a74/element/f.B789F3E8D5EB6317E0B12CBF8AF7BC43.d.314FDF771B1FC056015E2D80EBE08F83.e.1903/click - {}
RESULT: {}
COMMAND: GET /session/6aa7e649349f90b4840747c4ea403a74/screenshot - {}
RESULT: {}
COMMAND: POST /session/6aa7e649349f90b4840747c4ea403a74/element - {"using":"xpath","value":"//table[contains(@id, \"customPartnersTable\")]//tbody/tr[1]/td[3]/span"}
RESULT: {"using":"xpath","value":"//table[contains(@id, \"customPartnersTable\")]//tbody/tr[1]/td[3]/span"}
COMMAND: POST /session/6aa7e649349f90b4840747c4ea403a74/execute/sync - {"script":"<script> [56 bytes]","args":[{"element-6066-11e4-a52e-4f735466cecf":"f.B789F3E8D5EB6317E0B12CBF8AF7BC43.d.314FDF771B1FC056015E2D80EBE08F83.e.2028","ELEMENT":"f.B789F3E8D5EB6317E0B12CBF8AF7BC43.d.314FDF771B1FC056015E2D80EBE08F83.e.2028"}]}
RESULT: {"script":"<script> [56 bytes]","args":[{"element-6066-11e4-a52e-4f735466cecf":"f.B789F3E8D5EB6317E0B12CBF8AF7BC43.d.314FDF771B1FC056015E2D80EBE08F83.e.2028","ELEMENT":"f.B789F3E8D5EB6317E0B12CBF8AF7BC43.d.314FDF771B1FC056015E2D80EBE08F83.e.2028"}]}
RESULT: undefined
COMMAND: POST /session/6aa7e649349f90b4840747c4ea403a74/element - {"using":"xpath","value":"//*[@id=\"application-managepartners-display-component---masterPtm--smartTable-btnPersonalisation-img\"]"}
COMMAND: GET /session/6aa7e649349f90b4840747c4ea403a74/screenshot - {}
RESULT: {"using":"xpath","value":"//*[@id=\"application-managepartners-display-component---masterPtm--smartTable-btnPersonalisation-img\"]"}
COMMAND: POST /session/6aa7e649349f90b4840747c4ea403a74/element/f.B789F3E8D5EB6317E0B12CBF8AF7BC43.d.314FDF771B1FC056015E2D80EBE08F83.e.1755/click - {}
RESULT: {}
RESULT: {}
COMMAND: GET /session/6aa7e649349f90b4840747c4ea403a74/screenshot - {}
RESULT: {}
COMMAND: POST /session/6aa7e649349f90b4840747c4ea403a74/element - {"using":"xpath","value":"//bdi[contains(text(), \"Reset\")]"}
RESULT: {"using":"xpath","value":"//bdi[contains(text(), \"Reset\")]"}
COMMAND: POST /session/6aa7e649349f90b4840747c4ea403a74/element/f.B789F3E8D5EB6317E0B12CBF8AF7BC43.d.314FDF771B1FC056015E2D80EBE08F83.e.2035/click - {}
RESULT: {}
COMMAND: GET /session/6aa7e649349f90b4840747c4ea403a74/screenshot - {}
RESULT: {}
COMMAND: POST /session/6aa7e649349f90b4840747c4ea403a74/element - {"using":"xpath","value":"(//bdi[contains(text(), \"OK\")])[2]"}
RESULT: {"using":"xpath","value":"(//bdi[contains(text(), \"OK\")])[2]"}
COMMAND: POST /session/6aa7e649349f90b4840747c4ea403a74/element/f.B789F3E8D5EB6317E0B12CBF8AF7BC43.d.314FDF771B1FC056015E2D80EBE08F83.e.2037/click - {}
RESULT: {}
COMMAND: GET /session/6aa7e649349f90b4840747c4ea403a74/screenshot - {}
RESULT: {}
COMMAND: POST /session/6aa7e649349f90b4840747c4ea403a74/element - {"using":"xpath","value":"//bdi[contains(text(), \"OK\")]"}
RESULT: {"using":"xpath","value":"//bdi[contains(text(), \"OK\")]"}
COMMAND: POST /session/6aa7e649349f90b4840747c4ea403a74/element/f.B789F3E8D5EB6317E0B12CBF8AF7BC43.d.314FDF771B1FC056015E2D80EBE08F83.e.2089/click - {}
RESULT: {}
COMMAND: GET /session/6aa7e649349f90b4840747c4ea403a74/screenshot - {}
RESULT: {}
COMMAND: POST /session/6aa7e649349f90b4840747c4ea403a74/element - {"using":"xpath","value":"//table[contains(@id, \"customPartnersTable\")]//tbody/tr[1]/td[3]/span"}
RESULT: {"using":"xpath","value":"//table[contains(@id, \"customPartnersTable\")]//tbody/tr[1]/td[3]/span"}
COMMAND: POST /session/6aa7e649349f90b4840747c4ea403a74/execute/sync - {"script":"<script> [56 bytes]","args":[{"element-6066-11e4-a52e-4f735466cecf":"f.B789F3E8D5EB6317E0B12CBF8AF7BC43.d.314FDF771B1FC056015E2D80EBE08F83.e.2091","ELEMENT":"f.B789F3E8D5EB6317E0B12CBF8AF7BC43.d.314FDF771B1FC056015E2D80EBE08F83.e.2091"}]}
RESULT: {"script":"<script> [56 bytes]","args":[{"element-6066-11e4-a52e-4f735466cecf":"f.B789F3E8D5EB6317E0B12CBF8AF7BC43.d.314FDF771B1FC056015E2D80EBE08F83.e.2091","ELEMENT":"f.B789F3E8D5EB6317E0B12CBF8AF7BC43.d.314FDF771B1FC056015E2D80EBE08F83.e.2091"}]}
RESULT: undefined
COMMAND: POST /session/6aa7e649349f90b4840747c4ea403a74/element - {"using":"xpath","value":"//*[@id=\"application-managepartners-display-component---masterPtm--smartTable-btnPersonalisation-img\"]"}
COMMAND: GET /session/6aa7e649349f90b4840747c4ea403a74/screenshot - {}
RESULT: {"using":"xpath","value":"//*[@id=\"application-managepartners-display-component---masterPtm--smartTable-btnPersonalisation-img\"]"}
COMMAND: POST /session/6aa7e649349f90b4840747c4ea403a74/element/f.B789F3E8D5EB6317E0B12CBF8AF7BC43.d.314FDF771B1FC056015E2D80EBE08F83.e.1755/click - {}
RESULT: {}
RESULT: {}
COMMAND: GET /session/6aa7e649349f90b4840747c4ea403a74/screenshot - {}
RESULT: {}
COMMAND: POST /session/6aa7e649349f90b4840747c4ea403a74/execute/async - {"script":"<script> [1562 bytes]","args":[{"selector":{"controlType":"sap.m.IconTabFilter","viewName":"etm.portal.ui.managepartners.view.Master","viewId":"application-managepartners-display-component---masterPtm","properties":{"text":"Filter"},"searchOpenDialogs":true,"interaction":{"idSuffix":"text"}},"wdio_ui5_key":"etmportal.ui.managepartners.view.Mastersap.m.IconTabFilter{\"text\":\"Filter\"}"}]}
RESULT: {"script":"<script> [1562 bytes]","args":[{"selector":{"controlType":"sap.m.IconTabFilter","viewName":"etm.portal.ui.managepartners.view.Master","viewId":"application-managepartners-display-component---masterPtm","properties":{"text":"Filter"},"searchOpenDialogs":true,"interaction":{"idSuffix":"text"}},"wdio_ui5_key":"etmportal.ui.managepartners.view.Mastersap.m.IconTabFilter{\"text\":\"Filter\"}"}]}
RESULT: undefined
COMMAND: POST /session/6aa7e649349f90b4840747c4ea403a74/element - {"using":"xpath","value":"//*[@id=\"__filter10\"]"}
RESULT: {"using":"xpath","value":"//*[@id=\"__filter10\"]"}
COMMAND: POST /session/6aa7e649349f90b4840747c4ea403a74/element/f.B789F3E8D5EB6317E0B12CBF8AF7BC43.d.314FDF771B1FC056015E2D80EBE08F83.e.2096/click - {}
RESULT: {}
COMMAND: GET /session/6aa7e649349f90b4840747c4ea403a74/screenshot - {}
RESULT: {}
COMMAND: POST /session/6aa7e649349f90b4840747c4ea403a74/element - {"using":"xpath","value":"//input[@placeholder=\"Filter by\"]/following-sibling::div//span"}
RESULT: {"using":"xpath","value":"//input[@placeholder=\"Filter by\"]/following-sibling::div//span"}
COMMAND: POST /session/6aa7e649349f90b4840747c4ea403a74/element/f.B789F3E8D5EB6317E0B12CBF8AF7BC43.d.314FDF771B1FC056015E2D80EBE08F83.e.2098/click - {}
RESULT: {}
COMMAND: GET /session/6aa7e649349f90b4840747c4ea403a74/screenshot - {}
RESULT: {}
COMMAND: POST /session/6aa7e649349f90b4840747c4ea403a74/element - {"using":"xpath","value":"//li[.//span[text()=\"Preferred Yard\"]]"}
RESULT: {"using":"xpath","value":"//li[.//span[text()=\"Preferred Yard\"]]"}
COMMAND: POST /session/6aa7e649349f90b4840747c4ea403a74/element/f.B789F3E8D5EB6317E0B12CBF8AF7BC43.d.314FDF771B1FC056015E2D80EBE08F83.e.2099/click - {}
RESULT: {}
COMMAND: GET /session/6aa7e649349f90b4840747c4ea403a74/screenshot - {}
RESULT: {}
COMMAND: POST /session/6aa7e649349f90b4840747c4ea403a74/execute/async - {"script":"<script> [1562 bytes]","args":[{"selector":{"id":"FilterPanel-filterItemControl_BASIC-application-managepartners-display-component---masterPtm--smartTable-YARDYARD-vhi","searchOpenDialogs":true},"wdio_ui5_key":"FilterPanelfilterItemControl_BASIC-application-managepartners-display-component---masterPtm--smartTable-YARDYARD-vhi"}]}
RESULT: {"script":"<script> [1562 bytes]","args":[{"selector":{"id":"FilterPanel-filterItemControl_BASIC-application-managepartners-display-component---masterPtm--smartTable-YARDYARD-vhi","searchOpenDialogs":true},"wdio_ui5_key":"FilterPanelfilterItemControl_BASIC-application-managepartners-display-component---masterPtm--smartTable-YARDYARD-vhi"}]}
RESULT: undefined
COMMAND: POST /session/6aa7e649349f90b4840747c4ea403a74/element - {"using":"xpath","value":"//*[@id=\"FilterPanel-filterItemControl_BASIC-application-managepartners-display-component---masterPtm--smartTable-YARDYARD-vhi\"]"}
RESULT: {"using":"xpath","value":"//*[@id=\"FilterPanel-filterItemControl_BASIC-application-managepartners-display-component---masterPtm--smartTable-YARDYARD-vhi\"]"}
COMMAND: POST /session/6aa7e649349f90b4840747c4ea403a74/element/f.B789F3E8D5EB6317E0B12CBF8AF7BC43.d.314FDF771B1FC056015E2D80EBE08F83.e.2102/click - {}
RESULT: {}
COMMAND: GET /session/6aa7e649349f90b4840747c4ea403a74/screenshot - {}
RESULT: {}
COMMAND: POST /session/6aa7e649349f90b4840747c4ea403a74/execute/async - {"script":"<script> [1562 bytes]","args":[{"selector":{"id":"FilterPanel-filterItemControl_BASIC-application-managepartners-display-component---masterPtm--smartTable-YARDYARD-valueHelpDialog-smartFilterBar-btnBasicSearch","searchOpenDialogs":true,"interaction":{"idSuffix":"I"}},"wdio_ui5_key":"FilterPanelfilterItemControl_BASIC-application-managepartners-display-component---masterPtm--smartTable-YARDYARD-valueHelpDialog-smartFilterBar-btnBasicSearch"}]}
RESULT: {"script":"<script> [1562 bytes]","args":[{"selector":{"id":"FilterPanel-filterItemControl_BASIC-application-managepartners-display-component---masterPtm--smartTable-YARDYARD-valueHelpDialog-smartFilterBar-btnBasicSearch","searchOpenDialogs":true,"interaction":{"idSuffix":"I"}},"wdio_ui5_key":"FilterPanelfilterItemControl_BASIC-application-managepartners-display-component---masterPtm--smartTable-YARDYARD-valueHelpDialog-smartFilterBar-btnBasicSearch"}]}
RESULT: undefined
COMMAND: POST /session/6aa7e649349f90b4840747c4ea403a74/execute/async - {"script":"<script> [776 bytes]","args":[{"enterText":"428","selector":{"id":"FilterPanel-filterItemControl_BASIC-application-managepartners-display-component---masterPtm--smartTable-YARDYARD-valueHelpDialog-smartFilterBar-btnBasicSearch","searchOpenDialogs":true,"interaction":{"idSuffix":"I"}},"clearTextFirst":true,"interactionType":"ENTER_TEXT"}]}
RESULT: {"script":"<script> [776 bytes]","args":[{"enterText":"428","selector":{"id":"FilterPanel-filterItemControl_BASIC-application-managepartners-display-component---masterPtm--smartTable-YARDYARD-valueHelpDialog-smartFilterBar-btnBasicSearch","searchOpenDialogs":true,"interaction":{"idSuffix":"I"}},"clearTextFirst":true,"interactionType":"ENTER_TEXT"}]}
COMMAND: POST /session/6aa7e649349f90b4840747c4ea403a74/actions - {"actions":[{"id":"action3","type":"key","parameters":{},"actions":[{"type":"keyDown","value":"î€‡"},{"type":"pause","duration":10},{"type":"keyUp","value":"î€‡"}]}]}
RESULT: {"actions":[{"id":"action3","type":"key","parameters":{},"actions":[{"type":"keyDown","value":"î€‡"},{"type":"pause","duration":10},{"type":"keyUp","value":"î€‡"}]}]}
COMMAND: GET /session/6aa7e649349f90b4840747c4ea403a74/screenshot - {}
RESULT: {}
COMMAND: POST /session/6aa7e649349f90b4840747c4ea403a74/elements - {"using":"xpath","value":"//table[contains(@id, \"smartTable-YARDYARD-valueHelpDialog-table-table\")]/tbody/tr"}
RESULT: {"using":"xpath","value":"//table[contains(@id, \"smartTable-YARDYARD-valueHelpDialog-table-table\")]/tbody/tr"}
COMMAND: POST /session/6aa7e649349f90b4840747c4ea403a74/element - {"using":"xpath","value":"//table[contains(@id, \"smartTable-YARDYARD-valueHelpDialog-table-table\")]/tbody/tr[1]/td[1]/div/span"}
RESULT: {"using":"xpath","value":"//table[contains(@id, \"smartTable-YARDYARD-valueHelpDialog-table-table\")]/tbody/tr[1]/td[1]/div/span"}
COMMAND: POST /session/6aa7e649349f90b4840747c4ea403a74/elements - {"using":"xpath","value":"//table[contains(@id, \"smartTable-YARDYARD-valueHelpDialog-table-table\")]/tbody/tr[1]/td[1]/div/span"}
RESULT: {"using":"xpath","value":"//table[contains(@id, \"smartTable-YARDYARD-valueHelpDialog-table-table\")]/tbody/tr[1]/td[1]/div/span"}
COMMAND: POST /session/6aa7e649349f90b4840747c4ea403a74/execute/sync - {"script":"<script> [56 bytes]","args":[{"element-6066-11e4-a52e-4f735466cecf":"f.B789F3E8D5EB6317E0B12CBF8AF7BC43.d.314FDF771B1FC056015E2D80EBE08F83.e.2121","ELEMENT":"f.B789F3E8D5EB6317E0B12CBF8AF7BC43.d.314FDF771B1FC056015E2D80EBE08F83.e.2121"}]}
RESULT: {"script":"<script> [56 bytes]","args":[{"element-6066-11e4-a52e-4f735466cecf":"f.B789F3E8D5EB6317E0B12CBF8AF7BC43.d.314FDF771B1FC056015E2D80EBE08F83.e.2121","ELEMENT":"f.B789F3E8D5EB6317E0B12CBF8AF7BC43.d.314FDF771B1FC056015E2D80EBE08F83.e.2121"}]}
COMMAND: POST /session/6aa7e649349f90b4840747c4ea403a74/element - {"using":"xpath","value":"//div[contains(@id, \"YARDYARD-valueHelpDialog-table-rowsel0\")]"}
COMMAND: GET /session/6aa7e649349f90b4840747c4ea403a74/screenshot - {}
RESULT: {"using":"xpath","value":"//div[contains(@id, \"YARDYARD-valueHelpDialog-table-rowsel0\")]"}
COMMAND: POST /session/6aa7e649349f90b4840747c4ea403a74/element/f.B789F3E8D5EB6317E0B12CBF8AF7BC43.d.314FDF771B1FC056015E2D80EBE08F83.e.2122/click - {}
RESULT: {}
RESULT: {}
COMMAND: GET /session/6aa7e649349f90b4840747c4ea403a74/screenshot - {}
RESULT: {}
COMMAND: POST /session/6aa7e649349f90b4840747c4ea403a74/element - {"using":"xpath","value":"(//bdi[contains(text(), \"OK\")])[2]"}
RESULT: {"using":"xpath","value":"(//bdi[contains(text(), \"OK\")])[2]"}
COMMAND: POST /session/6aa7e649349f90b4840747c4ea403a74/element/f.B789F3E8D5EB6317E0B12CBF8AF7BC43.d.314FDF771B1FC056015E2D80EBE08F83.e.2124/click - {}
RESULT: {}
COMMAND: GET /session/6aa7e649349f90b4840747c4ea403a74/screenshot - {}
RESULT: {}
COMMAND: POST /session/6aa7e649349f90b4840747c4ea403a74/element - {"using":"xpath","value":"//bdi[contains(text(), \"OK\")]"}
RESULT: {"using":"xpath","value":"//bdi[contains(text(), \"OK\")]"}
COMMAND: POST /session/6aa7e649349f90b4840747c4ea403a74/element/f.B789F3E8D5EB6317E0B12CBF8AF7BC43.d.314FDF771B1FC056015E2D80EBE08F83.e.2127/click - {}
RESULT: {}
COMMAND: GET /session/6aa7e649349f90b4840747c4ea403a74/screenshot - {}
RESULT: {}
COMMAND: POST /session/6aa7e649349f90b4840747c4ea403a74/element - {"using":"xpath","value":"//table[contains(@id, \"customPartnersTable\")]//tbody/tr[1]/td[3]/span"}
RESULT: {"using":"xpath","value":"//table[contains(@id, \"customPartnersTable\")]//tbody/tr[1]/td[3]/span"}
COMMAND: POST /session/6aa7e649349f90b4840747c4ea403a74/execute/sync - {"script":"<script> [56 bytes]","args":[{"element-6066-11e4-a52e-4f735466cecf":"f.B789F3E8D5EB6317E0B12CBF8AF7BC43.d.314FDF771B1FC056015E2D80EBE08F83.e.2091","ELEMENT":"f.B789F3E8D5EB6317E0B12CBF8AF7BC43.d.314FDF771B1FC056015E2D80EBE08F83.e.2091"}]}
RESULT: {"script":"<script> [56 bytes]","args":[{"element-6066-11e4-a52e-4f735466cecf":"f.B789F3E8D5EB6317E0B12CBF8AF7BC43.d.314FDF771B1FC056015E2D80EBE08F83.e.2091","ELEMENT":"f.B789F3E8D5EB6317E0B12CBF8AF7BC43.d.314FDF771B1FC056015E2D80EBE08F83.e.2091"}]}
COMMAND: POST /session/6aa7e649349f90b4840747c4ea403a74/element - {"using":"css selector","value":"#shell-header-logo"}
COMMAND: GET /session/6aa7e649349f90b4840747c4ea403a74/screenshot - {}
RESULT: {"using":"css selector","value":"#shell-header-logo"}
COMMAND: POST /session/6aa7e649349f90b4840747c4ea403a74/element/f.B789F3E8D5EB6317E0B12CBF8AF7BC43.d.314FDF771B1FC056015E2D80EBE08F83.e.1704/click - {}
RESULT: {}
RESULT: {}
COMMAND: GET /session/6aa7e649349f90b4840747c4ea403a74/screenshot - {}
RESULT: {}
]]></system-out>
    </testcase>
    <testcase classname="chrome.135_0_7049_96.windows.Partner_specific_tests_US150819_US151080_US151654_US151176_US103444_US151078_US151079_US151109_US151174_US151175_US151189" name="Should deactivate the created partner in earlier step US151654" time="54.021">
      <system-out><![CDATA[
COMMAND: POST /session/6aa7e649349f90b4840747c4ea403a74/element - {"using":"xpath","value":"//li[.//span[text()=\"Manage Partners\"]]"}
RESULT: {"using":"xpath","value":"//li[.//span[text()=\"Manage Partners\"]]"}
COMMAND: POST /session/6aa7e649349f90b4840747c4ea403a74/element - {"using":"xpath","value":"//li[.//span[text()=\"Manage Partners\"]]"}
RESULT: {"using":"xpath","value":"//li[.//span[text()=\"Manage Partners\"]]"}
COMMAND: POST /session/6aa7e649349f90b4840747c4ea403a74/element - {"using":"css selector","value":"#shell-header-logo"}
RESULT: {"using":"css selector","value":"#shell-header-logo"}
COMMAND: POST /session/6aa7e649349f90b4840747c4ea403a74/element/f.B789F3E8D5EB6317E0B12CBF8AF7BC43.d.314FDF771B1FC056015E2D80EBE08F83.e.2175/click - {}
COMMAND: POST /session/6aa7e649349f90b4840747c4ea403a74/execute/sync - {"script":"<script> [8489 bytes]","args":[{"element-6066-11e4-a52e-4f735466cecf":"f.B789F3E8D5EB6317E0B12CBF8AF7BC43.d.314FDF771B1FC056015E2D80EBE08F83.e.2175","ELEMENT":"f.B789F3E8D5EB6317E0B12CBF8AF7BC43.d.314FDF771B1FC056015E2D80EBE08F83.e.2175"}]}
RESULT: {}
COMMAND: GET /session/6aa7e649349f90b4840747c4ea403a74/screenshot - {}
RESULT: {"script":"<script> [8489 bytes]","args":[{"element-6066-11e4-a52e-4f735466cecf":"f.B789F3E8D5EB6317E0B12CBF8AF7BC43.d.314FDF771B1FC056015E2D80EBE08F83.e.2175","ELEMENT":"f.B789F3E8D5EB6317E0B12CBF8AF7BC43.d.314FDF771B1FC056015E2D80EBE08F83.e.2175"}]}
COMMAND: POST /session/6aa7e649349f90b4840747c4ea403a74/execute/sync - {"script":"<script> [5351 bytes]","args":[{"element-6066-11e4-a52e-4f735466cecf":"f.B789F3E8D5EB6317E0B12CBF8AF7BC43.d.314FDF771B1FC056015E2D80EBE08F83.e.2175","ELEMENT":"f.B789F3E8D5EB6317E0B12CBF8AF7BC43.d.314FDF771B1FC056015E2D80EBE08F83.e.2175"}]}
COMMAND: GET /session/6aa7e649349f90b4840747c4ea403a74/screenshot - {}
RESULT: {}
RESULT: {"script":"<script> [5351 bytes]","args":[{"element-6066-11e4-a52e-4f735466cecf":"f.B789F3E8D5EB6317E0B12CBF8AF7BC43.d.314FDF771B1FC056015E2D80EBE08F83.e.2175","ELEMENT":"f.B789F3E8D5EB6317E0B12CBF8AF7BC43.d.314FDF771B1FC056015E2D80EBE08F83.e.2175"}]}
COMMAND: GET /session/6aa7e649349f90b4840747c4ea403a74/screenshot - {}
RESULT: {}
RESULT: {}
RESULT: undefined
COMMAND: POST /session/6aa7e649349f90b4840747c4ea403a74/element - {"using":"xpath","value":"//*[@id=\"__tile38\"]"}
RESULT: {"using":"xpath","value":"//*[@id=\"__tile38\"]"}
COMMAND: POST /session/6aa7e649349f90b4840747c4ea403a74/element/f.B789F3E8D5EB6317E0B12CBF8AF7BC43.d.314FDF771B1FC056015E2D80EBE08F83.e.147/click - {}
RESULT: {}
COMMAND: POST /session/6aa7e649349f90b4840747c4ea403a74/element - {"using":"xpath","value":"//button[@data-kt=\"addButton\"]"}
COMMAND: GET /session/6aa7e649349f90b4840747c4ea403a74/screenshot - {}
RESULT: {"using":"xpath","value":"//button[@data-kt=\"addButton\"]"}
COMMAND: POST /session/6aa7e649349f90b4840747c4ea403a74/elements - {"using":"xpath","value":"//button[@data-kt=\"addButton\"]"}
RESULT: {}
RESULT: {"using":"xpath","value":"//button[@data-kt=\"addButton\"]"}
COMMAND: POST /session/6aa7e649349f90b4840747c4ea403a74/elements - {"using":"xpath","value":"//button[@data-kt=\"addButton\"]"}
RESULT: {"using":"xpath","value":"//button[@data-kt=\"addButton\"]"}
COMMAND: POST /session/6aa7e649349f90b4840747c4ea403a74/elements - {"using":"xpath","value":"//button[@data-kt=\"addButton\"]"}
RESULT: {"using":"xpath","value":"//button[@data-kt=\"addButton\"]"}
COMMAND: POST /session/6aa7e649349f90b4840747c4ea403a74/element - {"using":"xpath","value":"//button[@data-kt=\"addButton\"]"}
RESULT: {"using":"xpath","value":"//button[@data-kt=\"addButton\"]"}
COMMAND: POST /session/6aa7e649349f90b4840747c4ea403a74/execute/sync - {"script":"<script> [8489 bytes]","args":[{"element-6066-11e4-a52e-4f735466cecf":"f.B789F3E8D5EB6317E0B12CBF8AF7BC43.d.314FDF771B1FC056015E2D80EBE08F83.e.2209","ELEMENT":"f.B789F3E8D5EB6317E0B12CBF8AF7BC43.d.314FDF771B1FC056015E2D80EBE08F83.e.2209"}]}
RESULT: {"script":"<script> [8489 bytes]","args":[{"element-6066-11e4-a52e-4f735466cecf":"f.B789F3E8D5EB6317E0B12CBF8AF7BC43.d.314FDF771B1FC056015E2D80EBE08F83.e.2209","ELEMENT":"f.B789F3E8D5EB6317E0B12CBF8AF7BC43.d.314FDF771B1FC056015E2D80EBE08F83.e.2209"}]}
COMMAND: GET /session/6aa7e649349f90b4840747c4ea403a74/element/f.B789F3E8D5EB6317E0B12CBF8AF7BC43.d.314FDF771B1FC056015E2D80EBE08F83.e.2209/enabled - {}
COMMAND: GET /session/6aa7e649349f90b4840747c4ea403a74/screenshot - {}
RESULT: {}
COMMAND: POST /session/6aa7e649349f90b4840747c4ea403a74/execute/sync - {"script":"<script> [8489 bytes]","args":[{"element-6066-11e4-a52e-4f735466cecf":"f.B789F3E8D5EB6317E0B12CBF8AF7BC43.d.314FDF771B1FC056015E2D80EBE08F83.e.2209","ELEMENT":"f.B789F3E8D5EB6317E0B12CBF8AF7BC43.d.314FDF771B1FC056015E2D80EBE08F83.e.2209"}]}
COMMAND: GET /session/6aa7e649349f90b4840747c4ea403a74/screenshot - {}
RESULT: {}
RESULT: {"script":"<script> [8489 bytes]","args":[{"element-6066-11e4-a52e-4f735466cecf":"f.B789F3E8D5EB6317E0B12CBF8AF7BC43.d.314FDF771B1FC056015E2D80EBE08F83.e.2209","ELEMENT":"f.B789F3E8D5EB6317E0B12CBF8AF7BC43.d.314FDF771B1FC056015E2D80EBE08F83.e.2209"}]}
COMMAND: POST /session/6aa7e649349f90b4840747c4ea403a74/execute/sync - {"script":"<script> [5351 bytes]","args":[{"element-6066-11e4-a52e-4f735466cecf":"f.B789F3E8D5EB6317E0B12CBF8AF7BC43.d.314FDF771B1FC056015E2D80EBE08F83.e.2209","ELEMENT":"f.B789F3E8D5EB6317E0B12CBF8AF7BC43.d.314FDF771B1FC056015E2D80EBE08F83.e.2209"}]}
COMMAND: GET /session/6aa7e649349f90b4840747c4ea403a74/screenshot - {}
RESULT: {}
RESULT: {"script":"<script> [5351 bytes]","args":[{"element-6066-11e4-a52e-4f735466cecf":"f.B789F3E8D5EB6317E0B12CBF8AF7BC43.d.314FDF771B1FC056015E2D80EBE08F83.e.2209","ELEMENT":"f.B789F3E8D5EB6317E0B12CBF8AF7BC43.d.314FDF771B1FC056015E2D80EBE08F83.e.2209"}]}
COMMAND: GET /session/6aa7e649349f90b4840747c4ea403a74/screenshot - {}
RESULT: {}
RESULT: {}
COMMAND: POST /session/6aa7e649349f90b4840747c4ea403a74/execute/async - {"script":"<script> [1562 bytes]","args":[{"selector":{"id":"application-managepartners-display-component---masterPtm--smartFilterBar-btnBasicSearch","interaction":{"idSuffix":"I"}},"wdio_ui5_key":"applicationmanagepartners-display-component---masterPtm--smartFilterBar-btnBasicSearch"}]}
RESULT: {"script":"<script> [1562 bytes]","args":[{"selector":{"id":"application-managepartners-display-component---masterPtm--smartFilterBar-btnBasicSearch","interaction":{"idSuffix":"I"}},"wdio_ui5_key":"applicationmanagepartners-display-component---masterPtm--smartFilterBar-btnBasicSearch"}]}
RESULT: undefined
COMMAND: POST /session/6aa7e649349f90b4840747c4ea403a74/execute/async - {"script":"<script> [776 bytes]","args":[{"enterText":"1297","selector":{"id":"application-managepartners-display-component---masterPtm--smartFilterBar-btnBasicSearch","interaction":{"idSuffix":"I"}},"clearTextFirst":true,"interactionType":"ENTER_TEXT"}]}
RESULT: {"script":"<script> [776 bytes]","args":[{"enterText":"1297","selector":{"id":"application-managepartners-display-component---masterPtm--smartFilterBar-btnBasicSearch","interaction":{"idSuffix":"I"}},"clearTextFirst":true,"interactionType":"ENTER_TEXT"}]}
COMMAND: POST /session/6aa7e649349f90b4840747c4ea403a74/actions - {"actions":[{"id":"action4","type":"key","parameters":{},"actions":[{"type":"keyDown","value":"î€‡"},{"type":"pause","duration":10},{"type":"keyUp","value":"î€‡"}]}]}
RESULT: {"actions":[{"id":"action4","type":"key","parameters":{},"actions":[{"type":"keyDown","value":"î€‡"},{"type":"pause","duration":10},{"type":"keyUp","value":"î€‡"}]}]}
COMMAND: GET /session/6aa7e649349f90b4840747c4ea403a74/screenshot - {}
RESULT: {}
COMMAND: POST /session/6aa7e649349f90b4840747c4ea403a74/elements - {"using":"xpath","value":"//table[contains(@id, \"customPartnersTable-listUl\")]/tbody/tr"}
RESULT: {"using":"xpath","value":"//table[contains(@id, \"customPartnersTable-listUl\")]/tbody/tr"}
COMMAND: POST /session/6aa7e649349f90b4840747c4ea403a74/element - {"using":"xpath","value":"//table[contains(@id, \"customPartnersTable-listUl\")]/tbody/tr[1]/td[3]/span"}
RESULT: {"using":"xpath","value":"//table[contains(@id, \"customPartnersTable-listUl\")]/tbody/tr[1]/td[3]/span"}
COMMAND: POST /session/6aa7e649349f90b4840747c4ea403a74/elements - {"using":"xpath","value":"//table[contains(@id, \"customPartnersTable-listUl\")]/tbody/tr[1]/td[3]/span"}
RESULT: {"using":"xpath","value":"//table[contains(@id, \"customPartnersTable-listUl\")]/tbody/tr[1]/td[3]/span"}
COMMAND: POST /session/6aa7e649349f90b4840747c4ea403a74/execute/sync - {"script":"<script> [56 bytes]","args":[{"element-6066-11e4-a52e-4f735466cecf":"f.B789F3E8D5EB6317E0B12CBF8AF7BC43.d.314FDF771B1FC056015E2D80EBE08F83.e.2358","ELEMENT":"f.B789F3E8D5EB6317E0B12CBF8AF7BC43.d.314FDF771B1FC056015E2D80EBE08F83.e.2358"}]}
RESULT: {"script":"<script> [56 bytes]","args":[{"element-6066-11e4-a52e-4f735466cecf":"f.B789F3E8D5EB6317E0B12CBF8AF7BC43.d.314FDF771B1FC056015E2D80EBE08F83.e.2358","ELEMENT":"f.B789F3E8D5EB6317E0B12CBF8AF7BC43.d.314FDF771B1FC056015E2D80EBE08F83.e.2358"}]}
COMMAND: POST /session/6aa7e649349f90b4840747c4ea403a74/element - {"using":"xpath","value":"//table[contains(@id, \"customPartnersTable-listUl\")]/tbody/tr[1]/td[7]/div/span"}
COMMAND: GET /session/6aa7e649349f90b4840747c4ea403a74/screenshot - {}
RESULT: {"using":"xpath","value":"//table[contains(@id, \"customPartnersTable-listUl\")]/tbody/tr[1]/td[7]/div/span"}
COMMAND: POST /session/6aa7e649349f90b4840747c4ea403a74/execute/sync - {"script":"<script> [56 bytes]","args":[{"element-6066-11e4-a52e-4f735466cecf":"f.B789F3E8D5EB6317E0B12CBF8AF7BC43.d.314FDF771B1FC056015E2D80EBE08F83.e.2359","ELEMENT":"f.B789F3E8D5EB6317E0B12CBF8AF7BC43.d.314FDF771B1FC056015E2D80EBE08F83.e.2359"}]}
RESULT: {}
RESULT: {"script":"<script> [56 bytes]","args":[{"element-6066-11e4-a52e-4f735466cecf":"f.B789F3E8D5EB6317E0B12CBF8AF7BC43.d.314FDF771B1FC056015E2D80EBE08F83.e.2359","ELEMENT":"f.B789F3E8D5EB6317E0B12CBF8AF7BC43.d.314FDF771B1FC056015E2D80EBE08F83.e.2359"}]}
COMMAND: POST /session/6aa7e649349f90b4840747c4ea403a74/element - {"using":"xpath","value":"//table[contains(@id, \"customPartnersTable-listUl\")]/tbody/tr[1]/td[2]/div/div"}
COMMAND: GET /session/6aa7e649349f90b4840747c4ea403a74/screenshot - {}
RESULT: {"using":"xpath","value":"//table[contains(@id, \"customPartnersTable-listUl\")]/tbody/tr[1]/td[2]/div/div"}
COMMAND: POST /session/6aa7e649349f90b4840747c4ea403a74/element/f.B789F3E8D5EB6317E0B12CBF8AF7BC43.d.314FDF771B1FC056015E2D80EBE08F83.e.2360/click - {}
RESULT: {}
RESULT: {}
COMMAND: GET /session/6aa7e649349f90b4840747c4ea403a74/screenshot - {}
RESULT: {}
COMMAND: POST /session/6aa7e649349f90b4840747c4ea403a74/element - {"using":"xpath","value":"//bdi[contains(text(), \"Deactivate\")]"}
RESULT: {"using":"xpath","value":"//bdi[contains(text(), \"Deactivate\")]"}
COMMAND: POST /session/6aa7e649349f90b4840747c4ea403a74/element/f.B789F3E8D5EB6317E0B12CBF8AF7BC43.d.314FDF771B1FC056015E2D80EBE08F83.e.2361/click - {}
RESULT: {}
COMMAND: GET /session/6aa7e649349f90b4840747c4ea403a74/screenshot - {}
RESULT: {}
COMMAND: POST /session/6aa7e649349f90b4840747c4ea403a74/element - {"using":"xpath","value":"//bdi[contains(text(), \"Yes\")]"}
RESULT: {"using":"xpath","value":"//bdi[contains(text(), \"Yes\")]"}
COMMAND: POST /session/6aa7e649349f90b4840747c4ea403a74/element/f.B789F3E8D5EB6317E0B12CBF8AF7BC43.d.314FDF771B1FC056015E2D80EBE08F83.e.2363/click - {}
RESULT: {}
COMMAND: GET /session/6aa7e649349f90b4840747c4ea403a74/screenshot - {}
RESULT: {}
COMMAND: POST /session/6aa7e649349f90b4840747c4ea403a74/element - {"using":"xpath","value":"//table[contains(@id, \"customPartnersTable-listUl\")]/tbody/tr[1]/td[7]/div/span"}
RESULT: {"using":"xpath","value":"//table[contains(@id, \"customPartnersTable-listUl\")]/tbody/tr[1]/td[7]/div/span"}
COMMAND: POST /session/6aa7e649349f90b4840747c4ea403a74/execute/sync - {"script":"<script> [56 bytes]","args":[{"element-6066-11e4-a52e-4f735466cecf":"f.B789F3E8D5EB6317E0B12CBF8AF7BC43.d.314FDF771B1FC056015E2D80EBE08F83.e.2359","ELEMENT":"f.B789F3E8D5EB6317E0B12CBF8AF7BC43.d.314FDF771B1FC056015E2D80EBE08F83.e.2359"}]}
RESULT: {"script":"<script> [56 bytes]","args":[{"element-6066-11e4-a52e-4f735466cecf":"f.B789F3E8D5EB6317E0B12CBF8AF7BC43.d.314FDF771B1FC056015E2D80EBE08F83.e.2359","ELEMENT":"f.B789F3E8D5EB6317E0B12CBF8AF7BC43.d.314FDF771B1FC056015E2D80EBE08F83.e.2359"}]}
COMMAND: GET /session/6aa7e649349f90b4840747c4ea403a74/screenshot - {}
RESULT: {}
COMMAND: POST /session/6aa7e649349f90b4840747c4ea403a74/element - {"using":"css selector","value":"#shell-header-logo"}
RESULT: {"using":"css selector","value":"#shell-header-logo"}
COMMAND: POST /session/6aa7e649349f90b4840747c4ea403a74/element/f.B789F3E8D5EB6317E0B12CBF8AF7BC43.d.314FDF771B1FC056015E2D80EBE08F83.e.2175/click - {}
RESULT: {}
COMMAND: GET /session/6aa7e649349f90b4840747c4ea403a74/screenshot - {}
RESULT: {}
]]></system-out>
    </testcase>
    <testcase classname="chrome.135_0_7049_96.windows.Partner_specific_tests_US150819_US151080_US151654_US151176_US103444_US151078_US151079_US151109_US151174_US151175_US151189" name="Should activate the created partner again US151176" time="53.111">
      <system-out><![CDATA[
COMMAND: POST /session/6aa7e649349f90b4840747c4ea403a74/element - {"using":"xpath","value":"//li[.//span[text()=\"Manage Partners\"]]"}
RESULT: {"using":"xpath","value":"//li[.//span[text()=\"Manage Partners\"]]"}
COMMAND: POST /session/6aa7e649349f90b4840747c4ea403a74/element - {"using":"xpath","value":"//li[.//span[text()=\"Manage Partners\"]]"}
RESULT: {"using":"xpath","value":"//li[.//span[text()=\"Manage Partners\"]]"}
COMMAND: POST /session/6aa7e649349f90b4840747c4ea403a74/element - {"using":"css selector","value":"#shell-header-logo"}
RESULT: {"using":"css selector","value":"#shell-header-logo"}
COMMAND: POST /session/6aa7e649349f90b4840747c4ea403a74/element/f.B789F3E8D5EB6317E0B12CBF8AF7BC43.d.314FDF771B1FC056015E2D80EBE08F83.e.2367/click - {}
COMMAND: POST /session/6aa7e649349f90b4840747c4ea403a74/execute/sync - {"script":"<script> [8489 bytes]","args":[{"element-6066-11e4-a52e-4f735466cecf":"f.B789F3E8D5EB6317E0B12CBF8AF7BC43.d.314FDF771B1FC056015E2D80EBE08F83.e.2367","ELEMENT":"f.B789F3E8D5EB6317E0B12CBF8AF7BC43.d.314FDF771B1FC056015E2D80EBE08F83.e.2367"}]}
RESULT: {"script":"<script> [8489 bytes]","args":[{"element-6066-11e4-a52e-4f735466cecf":"f.B789F3E8D5EB6317E0B12CBF8AF7BC43.d.314FDF771B1FC056015E2D80EBE08F83.e.2367","ELEMENT":"f.B789F3E8D5EB6317E0B12CBF8AF7BC43.d.314FDF771B1FC056015E2D80EBE08F83.e.2367"}]}
COMMAND: POST /session/6aa7e649349f90b4840747c4ea403a74/execute/sync - {"script":"<script> [5351 bytes]","args":[{"element-6066-11e4-a52e-4f735466cecf":"f.B789F3E8D5EB6317E0B12CBF8AF7BC43.d.314FDF771B1FC056015E2D80EBE08F83.e.2367","ELEMENT":"f.B789F3E8D5EB6317E0B12CBF8AF7BC43.d.314FDF771B1FC056015E2D80EBE08F83.e.2367"}]}
COMMAND: GET /session/6aa7e649349f90b4840747c4ea403a74/screenshot - {}
RESULT: {}
COMMAND: GET /session/6aa7e649349f90b4840747c4ea403a74/screenshot - {}
RESULT: {"script":"<script> [5351 bytes]","args":[{"element-6066-11e4-a52e-4f735466cecf":"f.B789F3E8D5EB6317E0B12CBF8AF7BC43.d.314FDF771B1FC056015E2D80EBE08F83.e.2367","ELEMENT":"f.B789F3E8D5EB6317E0B12CBF8AF7BC43.d.314FDF771B1FC056015E2D80EBE08F83.e.2367"}]}
COMMAND: GET /session/6aa7e649349f90b4840747c4ea403a74/screenshot - {}
RESULT: {}
RESULT: {}
RESULT: {}
RESULT: undefined
COMMAND: POST /session/6aa7e649349f90b4840747c4ea403a74/element - {"using":"xpath","value":"//*[@id=\"__tile38\"]"}
RESULT: {"using":"xpath","value":"//*[@id=\"__tile38\"]"}
COMMAND: POST /session/6aa7e649349f90b4840747c4ea403a74/element/f.B789F3E8D5EB6317E0B12CBF8AF7BC43.d.314FDF771B1FC056015E2D80EBE08F83.e.147/click - {}
RESULT: {}
COMMAND: POST /session/6aa7e649349f90b4840747c4ea403a74/element - {"using":"xpath","value":"//button[@data-kt=\"addButton\"]"}
COMMAND: GET /session/6aa7e649349f90b4840747c4ea403a74/screenshot - {}
RESULT: {"using":"xpath","value":"//button[@data-kt=\"addButton\"]"}
COMMAND: POST /session/6aa7e649349f90b4840747c4ea403a74/elements - {"using":"xpath","value":"//button[@data-kt=\"addButton\"]"}
RESULT: {}
RESULT: {"using":"xpath","value":"//button[@data-kt=\"addButton\"]"}
COMMAND: POST /session/6aa7e649349f90b4840747c4ea403a74/elements - {"using":"xpath","value":"//button[@data-kt=\"addButton\"]"}
RESULT: {"using":"xpath","value":"//button[@data-kt=\"addButton\"]"}
COMMAND: POST /session/6aa7e649349f90b4840747c4ea403a74/elements - {"using":"xpath","value":"//button[@data-kt=\"addButton\"]"}
RESULT: {"using":"xpath","value":"//button[@data-kt=\"addButton\"]"}
COMMAND: POST /session/6aa7e649349f90b4840747c4ea403a74/elements - {"using":"xpath","value":"//button[@data-kt=\"addButton\"]"}
RESULT: {"using":"xpath","value":"//button[@data-kt=\"addButton\"]"}
COMMAND: POST /session/6aa7e649349f90b4840747c4ea403a74/elements - {"using":"xpath","value":"//button[@data-kt=\"addButton\"]"}
RESULT: {"using":"xpath","value":"//button[@data-kt=\"addButton\"]"}
COMMAND: POST /session/6aa7e649349f90b4840747c4ea403a74/elements - {"using":"xpath","value":"//button[@data-kt=\"addButton\"]"}
RESULT: {"using":"xpath","value":"//button[@data-kt=\"addButton\"]"}
COMMAND: POST /session/6aa7e649349f90b4840747c4ea403a74/elements - {"using":"xpath","value":"//button[@data-kt=\"addButton\"]"}
RESULT: {"using":"xpath","value":"//button[@data-kt=\"addButton\"]"}
COMMAND: POST /session/6aa7e649349f90b4840747c4ea403a74/elements - {"using":"xpath","value":"//button[@data-kt=\"addButton\"]"}
RESULT: {"using":"xpath","value":"//button[@data-kt=\"addButton\"]"}
COMMAND: POST /session/6aa7e649349f90b4840747c4ea403a74/elements - {"using":"xpath","value":"//button[@data-kt=\"addButton\"]"}
RESULT: {"using":"xpath","value":"//button[@data-kt=\"addButton\"]"}
COMMAND: POST /session/6aa7e649349f90b4840747c4ea403a74/element - {"using":"xpath","value":"//button[@data-kt=\"addButton\"]"}
RESULT: {"using":"xpath","value":"//button[@data-kt=\"addButton\"]"}
COMMAND: POST /session/6aa7e649349f90b4840747c4ea403a74/execute/sync - {"script":"<script> [8489 bytes]","args":[{"element-6066-11e4-a52e-4f735466cecf":"f.B789F3E8D5EB6317E0B12CBF8AF7BC43.d.314FDF771B1FC056015E2D80EBE08F83.e.2401","ELEMENT":"f.B789F3E8D5EB6317E0B12CBF8AF7BC43.d.314FDF771B1FC056015E2D80EBE08F83.e.2401"}]}
RESULT: {"script":"<script> [8489 bytes]","args":[{"element-6066-11e4-a52e-4f735466cecf":"f.B789F3E8D5EB6317E0B12CBF8AF7BC43.d.314FDF771B1FC056015E2D80EBE08F83.e.2401","ELEMENT":"f.B789F3E8D5EB6317E0B12CBF8AF7BC43.d.314FDF771B1FC056015E2D80EBE08F83.e.2401"}]}
COMMAND: GET /session/6aa7e649349f90b4840747c4ea403a74/element/f.B789F3E8D5EB6317E0B12CBF8AF7BC43.d.314FDF771B1FC056015E2D80EBE08F83.e.2401/enabled - {}
COMMAND: GET /session/6aa7e649349f90b4840747c4ea403a74/screenshot - {}
RESULT: {}
RESULT: {}
COMMAND: POST /session/6aa7e649349f90b4840747c4ea403a74/execute/sync - {"script":"<script> [8489 bytes]","args":[{"element-6066-11e4-a52e-4f735466cecf":"f.B789F3E8D5EB6317E0B12CBF8AF7BC43.d.314FDF771B1FC056015E2D80EBE08F83.e.2401","ELEMENT":"f.B789F3E8D5EB6317E0B12CBF8AF7BC43.d.314FDF771B1FC056015E2D80EBE08F83.e.2401"}]}
COMMAND: GET /session/6aa7e649349f90b4840747c4ea403a74/screenshot - {}
RESULT: {"script":"<script> [8489 bytes]","args":[{"element-6066-11e4-a52e-4f735466cecf":"f.B789F3E8D5EB6317E0B12CBF8AF7BC43.d.314FDF771B1FC056015E2D80EBE08F83.e.2401","ELEMENT":"f.B789F3E8D5EB6317E0B12CBF8AF7BC43.d.314FDF771B1FC056015E2D80EBE08F83.e.2401"}]}
COMMAND: POST /session/6aa7e649349f90b4840747c4ea403a74/execute/sync - {"script":"<script> [5351 bytes]","args":[{"element-6066-11e4-a52e-4f735466cecf":"f.B789F3E8D5EB6317E0B12CBF8AF7BC43.d.314FDF771B1FC056015E2D80EBE08F83.e.2401","ELEMENT":"f.B789F3E8D5EB6317E0B12CBF8AF7BC43.d.314FDF771B1FC056015E2D80EBE08F83.e.2401"}]}
COMMAND: GET /session/6aa7e649349f90b4840747c4ea403a74/screenshot - {}
RESULT: {}
RESULT: {"script":"<script> [5351 bytes]","args":[{"element-6066-11e4-a52e-4f735466cecf":"f.B789F3E8D5EB6317E0B12CBF8AF7BC43.d.314FDF771B1FC056015E2D80EBE08F83.e.2401","ELEMENT":"f.B789F3E8D5EB6317E0B12CBF8AF7BC43.d.314FDF771B1FC056015E2D80EBE08F83.e.2401"}]}
COMMAND: GET /session/6aa7e649349f90b4840747c4ea403a74/screenshot - {}
RESULT: {}
RESULT: {}
RESULT: undefined
COMMAND: POST /session/6aa7e649349f90b4840747c4ea403a74/execute/async - {"script":"<script> [776 bytes]","args":[{"enterText":"1297","selector":{"id":"application-managepartners-display-component---masterPtm--smartFilterBar-btnBasicSearch","interaction":{"idSuffix":"I"}},"clearTextFirst":true,"interactionType":"ENTER_TEXT"}]}
RESULT: {"script":"<script> [776 bytes]","args":[{"enterText":"1297","selector":{"id":"application-managepartners-display-component---masterPtm--smartFilterBar-btnBasicSearch","interaction":{"idSuffix":"I"}},"clearTextFirst":true,"interactionType":"ENTER_TEXT"}]}
COMMAND: POST /session/6aa7e649349f90b4840747c4ea403a74/actions - {"actions":[{"id":"action5","type":"key","parameters":{},"actions":[{"type":"keyDown","value":"î€‡"},{"type":"pause","duration":10},{"type":"keyUp","value":"î€‡"}]}]}
RESULT: {"actions":[{"id":"action5","type":"key","parameters":{},"actions":[{"type":"keyDown","value":"î€‡"},{"type":"pause","duration":10},{"type":"keyUp","value":"î€‡"}]}]}
COMMAND: GET /session/6aa7e649349f90b4840747c4ea403a74/screenshot - {}
RESULT: {}
COMMAND: POST /session/6aa7e649349f90b4840747c4ea403a74/elements - {"using":"xpath","value":"//table[contains(@id, \"customPartnersTable-listUl\")]/tbody/tr"}
RESULT: {"using":"xpath","value":"//table[contains(@id, \"customPartnersTable-listUl\")]/tbody/tr"}
COMMAND: POST /session/6aa7e649349f90b4840747c4ea403a74/element - {"using":"xpath","value":"//table[contains(@id, \"customPartnersTable-listUl\")]/tbody/tr[1]/td[3]/span"}
RESULT: {"using":"xpath","value":"//table[contains(@id, \"customPartnersTable-listUl\")]/tbody/tr[1]/td[3]/span"}
COMMAND: POST /session/6aa7e649349f90b4840747c4ea403a74/elements - {"using":"xpath","value":"//table[contains(@id, \"customPartnersTable-listUl\")]/tbody/tr[1]/td[3]/span"}
RESULT: {"using":"xpath","value":"//table[contains(@id, \"customPartnersTable-listUl\")]/tbody/tr[1]/td[3]/span"}
COMMAND: POST /session/6aa7e649349f90b4840747c4ea403a74/execute/sync - {"script":"<script> [56 bytes]","args":[{"element-6066-11e4-a52e-4f735466cecf":"f.B789F3E8D5EB6317E0B12CBF8AF7BC43.d.314FDF771B1FC056015E2D80EBE08F83.e.2547","ELEMENT":"f.B789F3E8D5EB6317E0B12CBF8AF7BC43.d.314FDF771B1FC056015E2D80EBE08F83.e.2547"}]}
RESULT: {"script":"<script> [56 bytes]","args":[{"element-6066-11e4-a52e-4f735466cecf":"f.B789F3E8D5EB6317E0B12CBF8AF7BC43.d.314FDF771B1FC056015E2D80EBE08F83.e.2547","ELEMENT":"f.B789F3E8D5EB6317E0B12CBF8AF7BC43.d.314FDF771B1FC056015E2D80EBE08F83.e.2547"}]}
COMMAND: POST /session/6aa7e649349f90b4840747c4ea403a74/element - {"using":"xpath","value":"//table[contains(@id, \"customPartnersTable-listUl\")]/tbody/tr[1]/td[7]/div/span"}
COMMAND: GET /session/6aa7e649349f90b4840747c4ea403a74/screenshot - {}
RESULT: {"using":"xpath","value":"//table[contains(@id, \"customPartnersTable-listUl\")]/tbody/tr[1]/td[7]/div/span"}
COMMAND: POST /session/6aa7e649349f90b4840747c4ea403a74/execute/sync - {"script":"<script> [56 bytes]","args":[{"element-6066-11e4-a52e-4f735466cecf":"f.B789F3E8D5EB6317E0B12CBF8AF7BC43.d.314FDF771B1FC056015E2D80EBE08F83.e.2548","ELEMENT":"f.B789F3E8D5EB6317E0B12CBF8AF7BC43.d.314FDF771B1FC056015E2D80EBE08F83.e.2548"}]}
RESULT: {}
RESULT: {"script":"<script> [56 bytes]","args":[{"element-6066-11e4-a52e-4f735466cecf":"f.B789F3E8D5EB6317E0B12CBF8AF7BC43.d.314FDF771B1FC056015E2D80EBE08F83.e.2548","ELEMENT":"f.B789F3E8D5EB6317E0B12CBF8AF7BC43.d.314FDF771B1FC056015E2D80EBE08F83.e.2548"}]}
COMMAND: POST /session/6aa7e649349f90b4840747c4ea403a74/element - {"using":"xpath","value":"//table[contains(@id, \"customPartnersTable-listUl\")]/tbody/tr[1]/td[2]/div/div"}
COMMAND: GET /session/6aa7e649349f90b4840747c4ea403a74/screenshot - {}
RESULT: {"using":"xpath","value":"//table[contains(@id, \"customPartnersTable-listUl\")]/tbody/tr[1]/td[2]/div/div"}
COMMAND: POST /session/6aa7e649349f90b4840747c4ea403a74/element/f.B789F3E8D5EB6317E0B12CBF8AF7BC43.d.314FDF771B1FC056015E2D80EBE08F83.e.2549/click - {}
RESULT: {}
RESULT: {}
COMMAND: GET /session/6aa7e649349f90b4840747c4ea403a74/screenshot - {}
RESULT: {}
COMMAND: POST /session/6aa7e649349f90b4840747c4ea403a74/element - {"using":"xpath","value":"//bdi[contains(text(), \"Activate\")]"}
RESULT: {"using":"xpath","value":"//bdi[contains(text(), \"Activate\")]"}
COMMAND: POST /session/6aa7e649349f90b4840747c4ea403a74/element/f.B789F3E8D5EB6317E0B12CBF8AF7BC43.d.314FDF771B1FC056015E2D80EBE08F83.e.2550/click - {}
RESULT: {}
COMMAND: GET /session/6aa7e649349f90b4840747c4ea403a74/screenshot - {}
RESULT: {}
COMMAND: POST /session/6aa7e649349f90b4840747c4ea403a74/element - {"using":"xpath","value":"//bdi[contains(text(), \"Yes\")]"}
RESULT: {"using":"xpath","value":"//bdi[contains(text(), \"Yes\")]"}
COMMAND: POST /session/6aa7e649349f90b4840747c4ea403a74/element/f.B789F3E8D5EB6317E0B12CBF8AF7BC43.d.314FDF771B1FC056015E2D80EBE08F83.e.2552/click - {}
RESULT: {}
COMMAND: GET /session/6aa7e649349f90b4840747c4ea403a74/screenshot - {}
RESULT: {}
COMMAND: POST /session/6aa7e649349f90b4840747c4ea403a74/element - {"using":"xpath","value":"//table[contains(@id, \"customPartnersTable-listUl\")]/tbody/tr[1]/td[7]/div/span"}
RESULT: {"using":"xpath","value":"//table[contains(@id, \"customPartnersTable-listUl\")]/tbody/tr[1]/td[7]/div/span"}
COMMAND: POST /session/6aa7e649349f90b4840747c4ea403a74/execute/sync - {"script":"<script> [56 bytes]","args":[{"element-6066-11e4-a52e-4f735466cecf":"f.B789F3E8D5EB6317E0B12CBF8AF7BC43.d.314FDF771B1FC056015E2D80EBE08F83.e.2548","ELEMENT":"f.B789F3E8D5EB6317E0B12CBF8AF7BC43.d.314FDF771B1FC056015E2D80EBE08F83.e.2548"}]}
RESULT: {"script":"<script> [56 bytes]","args":[{"element-6066-11e4-a52e-4f735466cecf":"f.B789F3E8D5EB6317E0B12CBF8AF7BC43.d.314FDF771B1FC056015E2D80EBE08F83.e.2548","ELEMENT":"f.B789F3E8D5EB6317E0B12CBF8AF7BC43.d.314FDF771B1FC056015E2D80EBE08F83.e.2548"}]}
COMMAND: GET /session/6aa7e649349f90b4840747c4ea403a74/screenshot - {}
RESULT: {}
COMMAND: POST /session/6aa7e649349f90b4840747c4ea403a74/element - {"using":"css selector","value":"#shell-header-logo"}
RESULT: {"using":"css selector","value":"#shell-header-logo"}
COMMAND: POST /session/6aa7e649349f90b4840747c4ea403a74/element/f.B789F3E8D5EB6317E0B12CBF8AF7BC43.d.314FDF771B1FC056015E2D80EBE08F83.e.2367/click - {}
RESULT: {}
COMMAND: GET /session/6aa7e649349f90b4840747c4ea403a74/screenshot - {}
RESULT: {}
]]></system-out>
    </testcase>
    <testcase classname="chrome.135_0_7049_96.windows.Partner_specific_tests_US150819_US151080_US151654_US151176_US103444_US151078_US151079_US151109_US151174_US151175_US151189" name="Should edit the created external partner and save it and check its content US103444" time="65.01">
      <system-out><![CDATA[
COMMAND: POST /session/6aa7e649349f90b4840747c4ea403a74/element - {"using":"xpath","value":"//li[.//span[text()=\"Manage Partners\"]]"}
RESULT: {"using":"xpath","value":"//li[.//span[text()=\"Manage Partners\"]]"}
COMMAND: POST /session/6aa7e649349f90b4840747c4ea403a74/element - {"using":"xpath","value":"//li[.//span[text()=\"Manage Partners\"]]"}
RESULT: {"using":"xpath","value":"//li[.//span[text()=\"Manage Partners\"]]"}
COMMAND: POST /session/6aa7e649349f90b4840747c4ea403a74/element - {"using":"css selector","value":"#shell-header-logo"}
RESULT: {"using":"css selector","value":"#shell-header-logo"}
COMMAND: POST /session/6aa7e649349f90b4840747c4ea403a74/element/f.B789F3E8D5EB6317E0B12CBF8AF7BC43.d.314FDF771B1FC056015E2D80EBE08F83.e.2556/click - {}
COMMAND: POST /session/6aa7e649349f90b4840747c4ea403a74/execute/sync - {"script":"<script> [8489 bytes]","args":[{"element-6066-11e4-a52e-4f735466cecf":"f.B789F3E8D5EB6317E0B12CBF8AF7BC43.d.314FDF771B1FC056015E2D80EBE08F83.e.2556","ELEMENT":"f.B789F3E8D5EB6317E0B12CBF8AF7BC43.d.314FDF771B1FC056015E2D80EBE08F83.e.2556"}]}
RESULT: {"script":"<script> [8489 bytes]","args":[{"element-6066-11e4-a52e-4f735466cecf":"f.B789F3E8D5EB6317E0B12CBF8AF7BC43.d.314FDF771B1FC056015E2D80EBE08F83.e.2556","ELEMENT":"f.B789F3E8D5EB6317E0B12CBF8AF7BC43.d.314FDF771B1FC056015E2D80EBE08F83.e.2556"}]}
COMMAND: POST /session/6aa7e649349f90b4840747c4ea403a74/execute/sync - {"script":"<script> [5351 bytes]","args":[{"element-6066-11e4-a52e-4f735466cecf":"f.B789F3E8D5EB6317E0B12CBF8AF7BC43.d.314FDF771B1FC056015E2D80EBE08F83.e.2556","ELEMENT":"f.B789F3E8D5EB6317E0B12CBF8AF7BC43.d.314FDF771B1FC056015E2D80EBE08F83.e.2556"}]}
COMMAND: GET /session/6aa7e649349f90b4840747c4ea403a74/screenshot - {}
RESULT: {}
COMMAND: GET /session/6aa7e649349f90b4840747c4ea403a74/screenshot - {}
RESULT: {"script":"<script> [5351 bytes]","args":[{"element-6066-11e4-a52e-4f735466cecf":"f.B789F3E8D5EB6317E0B12CBF8AF7BC43.d.314FDF771B1FC056015E2D80EBE08F83.e.2556","ELEMENT":"f.B789F3E8D5EB6317E0B12CBF8AF7BC43.d.314FDF771B1FC056015E2D80EBE08F83.e.2556"}]}
COMMAND: GET /session/6aa7e649349f90b4840747c4ea403a74/screenshot - {}
RESULT: {}
RESULT: {}
RESULT: {}
RESULT: undefined
COMMAND: POST /session/6aa7e649349f90b4840747c4ea403a74/element - {"using":"xpath","value":"//*[@id=\"__tile38\"]"}
RESULT: {"using":"xpath","value":"//*[@id=\"__tile38\"]"}
COMMAND: POST /session/6aa7e649349f90b4840747c4ea403a74/element/f.B789F3E8D5EB6317E0B12CBF8AF7BC43.d.314FDF771B1FC056015E2D80EBE08F83.e.147/click - {}
RESULT: {}
COMMAND: POST /session/6aa7e649349f90b4840747c4ea403a74/element - {"using":"xpath","value":"//button[@data-kt=\"addButton\"]"}
COMMAND: GET /session/6aa7e649349f90b4840747c4ea403a74/screenshot - {}
RESULT: {"using":"xpath","value":"//button[@data-kt=\"addButton\"]"}
COMMAND: POST /session/6aa7e649349f90b4840747c4ea403a74/elements - {"using":"xpath","value":"//button[@data-kt=\"addButton\"]"}
RESULT: {}
RESULT: {"using":"xpath","value":"//button[@data-kt=\"addButton\"]"}
COMMAND: POST /session/6aa7e649349f90b4840747c4ea403a74/elements - {"using":"xpath","value":"//button[@data-kt=\"addButton\"]"}
RESULT: {"using":"xpath","value":"//button[@data-kt=\"addButton\"]"}
COMMAND: POST /session/6aa7e649349f90b4840747c4ea403a74/elements - {"using":"xpath","value":"//button[@data-kt=\"addButton\"]"}
RESULT: {"using":"xpath","value":"//button[@data-kt=\"addButton\"]"}
COMMAND: POST /session/6aa7e649349f90b4840747c4ea403a74/elements - {"using":"xpath","value":"//button[@data-kt=\"addButton\"]"}
RESULT: {"using":"xpath","value":"//button[@data-kt=\"addButton\"]"}
COMMAND: POST /session/6aa7e649349f90b4840747c4ea403a74/elements - {"using":"xpath","value":"//button[@data-kt=\"addButton\"]"}
RESULT: {"using":"xpath","value":"//button[@data-kt=\"addButton\"]"}
COMMAND: POST /session/6aa7e649349f90b4840747c4ea403a74/elements - {"using":"xpath","value":"//button[@data-kt=\"addButton\"]"}
RESULT: {"using":"xpath","value":"//button[@data-kt=\"addButton\"]"}
COMMAND: POST /session/6aa7e649349f90b4840747c4ea403a74/elements - {"using":"xpath","value":"//button[@data-kt=\"addButton\"]"}
RESULT: {"using":"xpath","value":"//button[@data-kt=\"addButton\"]"}
COMMAND: POST /session/6aa7e649349f90b4840747c4ea403a74/elements - {"using":"xpath","value":"//button[@data-kt=\"addButton\"]"}
RESULT: {"using":"xpath","value":"//button[@data-kt=\"addButton\"]"}
COMMAND: POST /session/6aa7e649349f90b4840747c4ea403a74/elements - {"using":"xpath","value":"//button[@data-kt=\"addButton\"]"}
RESULT: {"using":"xpath","value":"//button[@data-kt=\"addButton\"]"}
COMMAND: POST /session/6aa7e649349f90b4840747c4ea403a74/elements - {"using":"xpath","value":"//button[@data-kt=\"addButton\"]"}
RESULT: {"using":"xpath","value":"//button[@data-kt=\"addButton\"]"}
COMMAND: POST /session/6aa7e649349f90b4840747c4ea403a74/elements - {"using":"xpath","value":"//button[@data-kt=\"addButton\"]"}
RESULT: {"using":"xpath","value":"//button[@data-kt=\"addButton\"]"}
COMMAND: POST /session/6aa7e649349f90b4840747c4ea403a74/elements - {"using":"xpath","value":"//button[@data-kt=\"addButton\"]"}
RESULT: {"using":"xpath","value":"//button[@data-kt=\"addButton\"]"}
COMMAND: POST /session/6aa7e649349f90b4840747c4ea403a74/elements - {"using":"xpath","value":"//button[@data-kt=\"addButton\"]"}
RESULT: {"using":"xpath","value":"//button[@data-kt=\"addButton\"]"}
COMMAND: POST /session/6aa7e649349f90b4840747c4ea403a74/elements - {"using":"xpath","value":"//button[@data-kt=\"addButton\"]"}
RESULT: {"using":"xpath","value":"//button[@data-kt=\"addButton\"]"}
COMMAND: POST /session/6aa7e649349f90b4840747c4ea403a74/elements - {"using":"xpath","value":"//button[@data-kt=\"addButton\"]"}
RESULT: {"using":"xpath","value":"//button[@data-kt=\"addButton\"]"}
COMMAND: POST /session/6aa7e649349f90b4840747c4ea403a74/elements - {"using":"xpath","value":"//button[@data-kt=\"addButton\"]"}
RESULT: {"using":"xpath","value":"//button[@data-kt=\"addButton\"]"}
COMMAND: POST /session/6aa7e649349f90b4840747c4ea403a74/elements - {"using":"xpath","value":"//button[@data-kt=\"addButton\"]"}
RESULT: {"using":"xpath","value":"//button[@data-kt=\"addButton\"]"}
COMMAND: POST /session/6aa7e649349f90b4840747c4ea403a74/elements - {"using":"xpath","value":"//button[@data-kt=\"addButton\"]"}
RESULT: {"using":"xpath","value":"//button[@data-kt=\"addButton\"]"}
COMMAND: POST /session/6aa7e649349f90b4840747c4ea403a74/elements - {"using":"xpath","value":"//button[@data-kt=\"addButton\"]"}
RESULT: {"using":"xpath","value":"//button[@data-kt=\"addButton\"]"}
COMMAND: POST /session/6aa7e649349f90b4840747c4ea403a74/elements - {"using":"xpath","value":"//button[@data-kt=\"addButton\"]"}
RESULT: {"using":"xpath","value":"//button[@data-kt=\"addButton\"]"}
COMMAND: POST /session/6aa7e649349f90b4840747c4ea403a74/elements - {"using":"xpath","value":"//button[@data-kt=\"addButton\"]"}
RESULT: {"using":"xpath","value":"//button[@data-kt=\"addButton\"]"}
COMMAND: POST /session/6aa7e649349f90b4840747c4ea403a74/elements - {"using":"xpath","value":"//button[@data-kt=\"addButton\"]"}
RESULT: {"using":"xpath","value":"//button[@data-kt=\"addButton\"]"}
COMMAND: POST /session/6aa7e649349f90b4840747c4ea403a74/elements - {"using":"xpath","value":"//button[@data-kt=\"addButton\"]"}
RESULT: {"using":"xpath","value":"//button[@data-kt=\"addButton\"]"}
COMMAND: POST /session/6aa7e649349f90b4840747c4ea403a74/elements - {"using":"xpath","value":"//button[@data-kt=\"addButton\"]"}
RESULT: {"using":"xpath","value":"//button[@data-kt=\"addButton\"]"}
COMMAND: POST /session/6aa7e649349f90b4840747c4ea403a74/elements - {"using":"xpath","value":"//button[@data-kt=\"addButton\"]"}
RESULT: {"using":"xpath","value":"//button[@data-kt=\"addButton\"]"}
COMMAND: POST /session/6aa7e649349f90b4840747c4ea403a74/element - {"using":"xpath","value":"//button[@data-kt=\"addButton\"]"}
RESULT: {"using":"xpath","value":"//button[@data-kt=\"addButton\"]"}
COMMAND: POST /session/6aa7e649349f90b4840747c4ea403a74/execute/sync - {"script":"<script> [8489 bytes]","args":[{"element-6066-11e4-a52e-4f735466cecf":"f.B789F3E8D5EB6317E0B12CBF8AF7BC43.d.314FDF771B1FC056015E2D80EBE08F83.e.2591","ELEMENT":"f.B789F3E8D5EB6317E0B12CBF8AF7BC43.d.314FDF771B1FC056015E2D80EBE08F83.e.2591"}]}
RESULT: {"script":"<script> [8489 bytes]","args":[{"element-6066-11e4-a52e-4f735466cecf":"f.B789F3E8D5EB6317E0B12CBF8AF7BC43.d.314FDF771B1FC056015E2D80EBE08F83.e.2591","ELEMENT":"f.B789F3E8D5EB6317E0B12CBF8AF7BC43.d.314FDF771B1FC056015E2D80EBE08F83.e.2591"}]}
COMMAND: GET /session/6aa7e649349f90b4840747c4ea403a74/element/f.B789F3E8D5EB6317E0B12CBF8AF7BC43.d.314FDF771B1FC056015E2D80EBE08F83.e.2591/enabled - {}
COMMAND: GET /session/6aa7e649349f90b4840747c4ea403a74/screenshot - {}
RESULT: {}
COMMAND: POST /session/6aa7e649349f90b4840747c4ea403a74/execute/sync - {"script":"<script> [8489 bytes]","args":[{"element-6066-11e4-a52e-4f735466cecf":"f.B789F3E8D5EB6317E0B12CBF8AF7BC43.d.314FDF771B1FC056015E2D80EBE08F83.e.2591","ELEMENT":"f.B789F3E8D5EB6317E0B12CBF8AF7BC43.d.314FDF771B1FC056015E2D80EBE08F83.e.2591"}]}
COMMAND: GET /session/6aa7e649349f90b4840747c4ea403a74/screenshot - {}
RESULT: {}
RESULT: {"script":"<script> [8489 bytes]","args":[{"element-6066-11e4-a52e-4f735466cecf":"f.B789F3E8D5EB6317E0B12CBF8AF7BC43.d.314FDF771B1FC056015E2D80EBE08F83.e.2591","ELEMENT":"f.B789F3E8D5EB6317E0B12CBF8AF7BC43.d.314FDF771B1FC056015E2D80EBE08F83.e.2591"}]}
COMMAND: POST /session/6aa7e649349f90b4840747c4ea403a74/execute/sync - {"script":"<script> [5351 bytes]","args":[{"element-6066-11e4-a52e-4f735466cecf":"f.B789F3E8D5EB6317E0B12CBF8AF7BC43.d.314FDF771B1FC056015E2D80EBE08F83.e.2591","ELEMENT":"f.B789F3E8D5EB6317E0B12CBF8AF7BC43.d.314FDF771B1FC056015E2D80EBE08F83.e.2591"}]}
COMMAND: GET /session/6aa7e649349f90b4840747c4ea403a74/screenshot - {}
RESULT: {}
RESULT: {"script":"<script> [5351 bytes]","args":[{"element-6066-11e4-a52e-4f735466cecf":"f.B789F3E8D5EB6317E0B12CBF8AF7BC43.d.314FDF771B1FC056015E2D80EBE08F83.e.2591","ELEMENT":"f.B789F3E8D5EB6317E0B12CBF8AF7BC43.d.314FDF771B1FC056015E2D80EBE08F83.e.2591"}]}
COMMAND: GET /session/6aa7e649349f90b4840747c4ea403a74/screenshot - {}
RESULT: {}
RESULT: {}
RESULT: undefined
COMMAND: POST /session/6aa7e649349f90b4840747c4ea403a74/execute/async - {"script":"<script> [776 bytes]","args":[{"enterText":"1297","selector":{"id":"application-managepartners-display-component---masterPtm--smartFilterBar-btnBasicSearch","interaction":{"idSuffix":"I"}},"clearTextFirst":true,"interactionType":"ENTER_TEXT"}]}
RESULT: {"script":"<script> [776 bytes]","args":[{"enterText":"1297","selector":{"id":"application-managepartners-display-component---masterPtm--smartFilterBar-btnBasicSearch","interaction":{"idSuffix":"I"}},"clearTextFirst":true,"interactionType":"ENTER_TEXT"}]}
COMMAND: POST /session/6aa7e649349f90b4840747c4ea403a74/actions - {"actions":[{"id":"action6","type":"key","parameters":{},"actions":[{"type":"keyDown","value":"î€‡"},{"type":"pause","duration":10},{"type":"keyUp","value":"î€‡"}]}]}
RESULT: {"actions":[{"id":"action6","type":"key","parameters":{},"actions":[{"type":"keyDown","value":"î€‡"},{"type":"pause","duration":10},{"type":"keyUp","value":"î€‡"}]}]}
COMMAND: GET /session/6aa7e649349f90b4840747c4ea403a74/screenshot - {}
RESULT: {}
COMMAND: POST /session/6aa7e649349f90b4840747c4ea403a74/elements - {"using":"xpath","value":"//table[contains(@id, \"customPartnersTable-listUl\")]/tbody/tr"}
RESULT: {"using":"xpath","value":"//table[contains(@id, \"customPartnersTable-listUl\")]/tbody/tr"}
COMMAND: POST /session/6aa7e649349f90b4840747c4ea403a74/element - {"using":"xpath","value":"//table[contains(@id, \"customPartnersTable-listUl\")]/tbody/tr[1]/td[3]/span"}
RESULT: {"using":"xpath","value":"//table[contains(@id, \"customPartnersTable-listUl\")]/tbody/tr[1]/td[3]/span"}
COMMAND: POST /session/6aa7e649349f90b4840747c4ea403a74/elements - {"using":"xpath","value":"//table[contains(@id, \"customPartnersTable-listUl\")]/tbody/tr[1]/td[3]/span"}
RESULT: {"using":"xpath","value":"//table[contains(@id, \"customPartnersTable-listUl\")]/tbody/tr[1]/td[3]/span"}
COMMAND: POST /session/6aa7e649349f90b4840747c4ea403a74/execute/sync - {"script":"<script> [56 bytes]","args":[{"element-6066-11e4-a52e-4f735466cecf":"f.B789F3E8D5EB6317E0B12CBF8AF7BC43.d.314FDF771B1FC056015E2D80EBE08F83.e.2735","ELEMENT":"f.B789F3E8D5EB6317E0B12CBF8AF7BC43.d.314FDF771B1FC056015E2D80EBE08F83.e.2735"}]}
RESULT: {"script":"<script> [56 bytes]","args":[{"element-6066-11e4-a52e-4f735466cecf":"f.B789F3E8D5EB6317E0B12CBF8AF7BC43.d.314FDF771B1FC056015E2D80EBE08F83.e.2735","ELEMENT":"f.B789F3E8D5EB6317E0B12CBF8AF7BC43.d.314FDF771B1FC056015E2D80EBE08F83.e.2735"}]}
COMMAND: POST /session/6aa7e649349f90b4840747c4ea403a74/element - {"using":"xpath","value":"(//span[contains(@id, \"imgNav\")])[1]"}
COMMAND: GET /session/6aa7e649349f90b4840747c4ea403a74/screenshot - {}
RESULT: {"using":"xpath","value":"(//span[contains(@id, \"imgNav\")])[1]"}
COMMAND: POST /session/6aa7e649349f90b4840747c4ea403a74/element/f.B789F3E8D5EB6317E0B12CBF8AF7BC43.d.314FDF771B1FC056015E2D80EBE08F83.e.2733/click - {}
RESULT: {}
RESULT: {}
COMMAND: GET /session/6aa7e649349f90b4840747c4ea403a74/screenshot - {}
RESULT: {}
COMMAND: POST /session/6aa7e649349f90b4840747c4ea403a74/element - {"using":"xpath","value":"//bdi[contains(text(), \"Edit\")]"}
RESULT: {"using":"xpath","value":"//bdi[contains(text(), \"Edit\")]"}
COMMAND: POST /session/6aa7e649349f90b4840747c4ea403a74/element/f.B789F3E8D5EB6317E0B12CBF8AF7BC43.d.314FDF771B1FC056015E2D80EBE08F83.e.2867/click - {}
RESULT: {}
COMMAND: GET /session/6aa7e649349f90b4840747c4ea403a74/screenshot - {}
RESULT: {}
COMMAND: POST /session/6aa7e649349f90b4840747c4ea403a74/execute/async - {"script":"<script> [1562 bytes]","args":[{"selector":{"controlType":"sap.m.Input","viewName":"etm.portal.ui.managepartners.view.EditDetail","labelFor":{"text":"Name"},"interaction":{"idSuffix":"inner"}},"wdio_ui5_key":"etmportal.ui.managepartners.view.EditDetailsap.m.Input{\"text\":\"Name\"}"}]}
RESULT: {"script":"<script> [1562 bytes]","args":[{"selector":{"controlType":"sap.m.Input","viewName":"etm.portal.ui.managepartners.view.EditDetail","labelFor":{"text":"Name"},"interaction":{"idSuffix":"inner"}},"wdio_ui5_key":"etmportal.ui.managepartners.view.EditDetailsap.m.Input{\"text\":\"Name\"}"}]}
RESULT: undefined
COMMAND: POST /session/6aa7e649349f90b4840747c4ea403a74/execute/async - {"script":"<script> [776 bytes]","args":[{"enterText":"External EDIT","selector":{"controlType":"sap.m.Input","viewName":"etm.portal.ui.managepartners.view.EditDetail","labelFor":{"text":"Name"},"interaction":{"idSuffix":"inner"}},"clearTextFirst":true,"interactionType":"ENTER_TEXT"}]}
RESULT: {"script":"<script> [776 bytes]","args":[{"enterText":"External EDIT","selector":{"controlType":"sap.m.Input","viewName":"etm.portal.ui.managepartners.view.EditDetail","labelFor":{"text":"Name"},"interaction":{"idSuffix":"inner"}},"clearTextFirst":true,"interactionType":"ENTER_TEXT"}]}
COMMAND: POST /session/6aa7e649349f90b4840747c4ea403a74/element - {"using":"xpath","value":"(//span[contains(@id,\"addressDetailDetailsLanguage-arrow\")])[1]"}
RESULT: {"using":"xpath","value":"(//span[contains(@id,\"addressDetailDetailsLanguage-arrow\")])[1]"}
COMMAND: POST /session/6aa7e649349f90b4840747c4ea403a74/element/f.B789F3E8D5EB6317E0B12CBF8AF7BC43.d.314FDF771B1FC056015E2D80EBE08F83.e.2945/click - {}
RESULT: {}
COMMAND: POST /session/6aa7e649349f90b4840747c4ea403a74/element - {"using":"xpath","value":"//span[contains(text(), \"Chinese\")]"}
COMMAND: GET /session/6aa7e649349f90b4840747c4ea403a74/screenshot - {}
RESULT: {"using":"xpath","value":"//span[contains(text(), \"Chinese\")]"}
COMMAND: POST /session/6aa7e649349f90b4840747c4ea403a74/element/f.B789F3E8D5EB6317E0B12CBF8AF7BC43.d.314FDF771B1FC056015E2D80EBE08F83.e.2946/click - {}
RESULT: {}
RESULT: {}
COMMAND: GET /session/6aa7e649349f90b4840747c4ea403a74/screenshot - {}
RESULT: {}
COMMAND: POST /session/6aa7e649349f90b4840747c4ea403a74/execute/async - {"script":"<script> [1562 bytes]","args":[{"selector":{"controlType":"sap.m.Input","viewName":"etm.portal.ui.managepartners.view.EditDetail","labelFor":{"text":"City"},"interaction":{"idSuffix":"inner"}},"wdio_ui5_key":"etmportal.ui.managepartners.view.EditDetailsap.m.Input{\"text\":\"City\"}"}]}
RESULT: {"script":"<script> [1562 bytes]","args":[{"selector":{"controlType":"sap.m.Input","viewName":"etm.portal.ui.managepartners.view.EditDetail","labelFor":{"text":"City"},"interaction":{"idSuffix":"inner"}},"wdio_ui5_key":"etmportal.ui.managepartners.view.EditDetailsap.m.Input{\"text\":\"City\"}"}]}
RESULT: undefined
COMMAND: POST /session/6aa7e649349f90b4840747c4ea403a74/execute/async - {"script":"<script> [776 bytes]","args":[{"enterText":"Clooj-Napoca","selector":{"controlType":"sap.m.Input","viewName":"etm.portal.ui.managepartners.view.EditDetail","labelFor":{"text":"City"},"interaction":{"idSuffix":"inner"}},"clearTextFirst":true,"interactionType":"ENTER_TEXT"}]}
RESULT: {"script":"<script> [776 bytes]","args":[{"enterText":"Clooj-Napoca","selector":{"controlType":"sap.m.Input","viewName":"etm.portal.ui.managepartners.view.EditDetail","labelFor":{"text":"City"},"interaction":{"idSuffix":"inner"}},"clearTextFirst":true,"interactionType":"ENTER_TEXT"}]}
COMMAND: POST /session/6aa7e649349f90b4840747c4ea403a74/element - {"using":"xpath","value":"//button[@data-kt=\"saveButton\"]"}
RESULT: {"using":"xpath","value":"//button[@data-kt=\"saveButton\"]"}
COMMAND: POST /session/6aa7e649349f90b4840747c4ea403a74/element/f.B789F3E8D5EB6317E0B12CBF8AF7BC43.d.314FDF771B1FC056015E2D80EBE08F83.e.2930/click - {}
RESULT: {}
COMMAND: GET /session/6aa7e649349f90b4840747c4ea403a74/screenshot - {}
RESULT: {}
COMMAND: POST /session/6aa7e649349f90b4840747c4ea403a74/execute/async - {"script":"<script> [1562 bytes]","args":[{"selector":{"id":"application-managepartners-display-component---detailPtm--addressDetailDetailsName1"},"wdio_ui5_key":"applicationmanagepartners-display-component---detailPtm--addressDetailDetailsName1"}]}
RESULT: {"script":"<script> [1562 bytes]","args":[{"selector":{"id":"application-managepartners-display-component---detailPtm--addressDetailDetailsName1"},"wdio_ui5_key":"applicationmanagepartners-display-component---detailPtm--addressDetailDetailsName1"}]}
RESULT: undefined
COMMAND: POST /session/6aa7e649349f90b4840747c4ea403a74/execute/async - {"script":"<script> [6424 bytes]","args":[{"element-6066-11e4-a52e-4f735466cecf":"f.B789F3E8D5EB6317E0B12CBF8AF7BC43.d.314FDF771B1FC056015E2D80EBE08F83.e.2977"},"getValue",[]]}
RESULT: {"script":"<script> [6424 bytes]","args":[{"element-6066-11e4-a52e-4f735466cecf":"f.B789F3E8D5EB6317E0B12CBF8AF7BC43.d.314FDF771B1FC056015E2D80EBE08F83.e.2977"},"getValue",[]]}
COMMAND: POST /session/6aa7e649349f90b4840747c4ea403a74/element - {"using":"xpath","value":"//input[@id = \"application-managepartners-display-component---detailPtm--addressDetailDetailsLanguage-inner\"]"}
RESULT: {"using":"xpath","value":"//input[@id = \"application-managepartners-display-component---detailPtm--addressDetailDetailsLanguage-inner\"]"}
COMMAND: GET /session/6aa7e649349f90b4840747c4ea403a74/element/f.B789F3E8D5EB6317E0B12CBF8AF7BC43.d.314FDF771B1FC056015E2D80EBE08F83.e.2978/property/value - {}
RESULT: {}
COMMAND: POST /session/6aa7e649349f90b4840747c4ea403a74/execute/async - {"script":"<script> [1562 bytes]","args":[{"selector":{"id":"application-managepartners-display-component---detailPtm--addressDetailDetailsCity1"},"wdio_ui5_key":"applicationmanagepartners-display-component---detailPtm--addressDetailDetailsCity1"}]}
COMMAND: GET /session/6aa7e649349f90b4840747c4ea403a74/screenshot - {}
RESULT: {"script":"<script> [1562 bytes]","args":[{"selector":{"id":"application-managepartners-display-component---detailPtm--addressDetailDetailsCity1"},"wdio_ui5_key":"applicationmanagepartners-display-component---detailPtm--addressDetailDetailsCity1"}]}
RESULT: undefined
COMMAND: POST /session/6aa7e649349f90b4840747c4ea403a74/execute/async - {"script":"<script> [6424 bytes]","args":[{"element-6066-11e4-a52e-4f735466cecf":"f.B789F3E8D5EB6317E0B12CBF8AF7BC43.d.314FDF771B1FC056015E2D80EBE08F83.e.2979"},"getValue",[]]}
RESULT: {}
RESULT: {"script":"<script> [6424 bytes]","args":[{"element-6066-11e4-a52e-4f735466cecf":"f.B789F3E8D5EB6317E0B12CBF8AF7BC43.d.314FDF771B1FC056015E2D80EBE08F83.e.2979"},"getValue",[]]}
COMMAND: POST /session/6aa7e649349f90b4840747c4ea403a74/element - {"using":"css selector","value":"#shell-header-logo"}
RESULT: {"using":"css selector","value":"#shell-header-logo"}
COMMAND: POST /session/6aa7e649349f90b4840747c4ea403a74/element/f.B789F3E8D5EB6317E0B12CBF8AF7BC43.d.314FDF771B1FC056015E2D80EBE08F83.e.2556/click - {}
RESULT: {}
COMMAND: GET /session/6aa7e649349f90b4840747c4ea403a74/screenshot - {}
RESULT: {}
]]></system-out>
    </testcase>
    <testcase classname="chrome.135_0_7049_96.windows.Partner_specific_tests_US150819_US151080_US151654_US151176_US103444_US151078_US151079_US151109_US151174_US151175_US151189" name="Should create a new intercompany partner edit some of its fields US151078" time="217.626">
      <system-out><![CDATA[
COMMAND: POST /session/6aa7e649349f90b4840747c4ea403a74/element - {"using":"xpath","value":"//li[.//span[text()=\"Manage Partners\"]]"}
RESULT: {"using":"xpath","value":"//li[.//span[text()=\"Manage Partners\"]]"}
COMMAND: POST /session/6aa7e649349f90b4840747c4ea403a74/element - {"using":"xpath","value":"//li[.//span[text()=\"Manage Partners\"]]"}
RESULT: {"using":"xpath","value":"//li[.//span[text()=\"Manage Partners\"]]"}
COMMAND: POST /session/6aa7e649349f90b4840747c4ea403a74/element - {"using":"css selector","value":"#shell-header-logo"}
RESULT: {"using":"css selector","value":"#shell-header-logo"}
COMMAND: POST /session/6aa7e649349f90b4840747c4ea403a74/element/f.B789F3E8D5EB6317E0B12CBF8AF7BC43.d.314FDF771B1FC056015E2D80EBE08F83.e.3009/click - {}
COMMAND: POST /session/6aa7e649349f90b4840747c4ea403a74/execute/sync - {"script":"<script> [8489 bytes]","args":[{"element-6066-11e4-a52e-4f735466cecf":"f.B789F3E8D5EB6317E0B12CBF8AF7BC43.d.314FDF771B1FC056015E2D80EBE08F83.e.3009","ELEMENT":"f.B789F3E8D5EB6317E0B12CBF8AF7BC43.d.314FDF771B1FC056015E2D80EBE08F83.e.3009"}]}
RESULT: {}
COMMAND: GET /session/6aa7e649349f90b4840747c4ea403a74/screenshot - {}
RESULT: {"script":"<script> [8489 bytes]","args":[{"element-6066-11e4-a52e-4f735466cecf":"f.B789F3E8D5EB6317E0B12CBF8AF7BC43.d.314FDF771B1FC056015E2D80EBE08F83.e.3009","ELEMENT":"f.B789F3E8D5EB6317E0B12CBF8AF7BC43.d.314FDF771B1FC056015E2D80EBE08F83.e.3009"}]}
COMMAND: POST /session/6aa7e649349f90b4840747c4ea403a74/execute/sync - {"script":"<script> [5351 bytes]","args":[{"element-6066-11e4-a52e-4f735466cecf":"f.B789F3E8D5EB6317E0B12CBF8AF7BC43.d.314FDF771B1FC056015E2D80EBE08F83.e.3009","ELEMENT":"f.B789F3E8D5EB6317E0B12CBF8AF7BC43.d.314FDF771B1FC056015E2D80EBE08F83.e.3009"}]}
COMMAND: GET /session/6aa7e649349f90b4840747c4ea403a74/screenshot - {}
RESULT: {}
RESULT: {"script":"<script> [5351 bytes]","args":[{"element-6066-11e4-a52e-4f735466cecf":"f.B789F3E8D5EB6317E0B12CBF8AF7BC43.d.314FDF771B1FC056015E2D80EBE08F83.e.3009","ELEMENT":"f.B789F3E8D5EB6317E0B12CBF8AF7BC43.d.314FDF771B1FC056015E2D80EBE08F83.e.3009"}]}
COMMAND: GET /session/6aa7e649349f90b4840747c4ea403a74/screenshot - {}
RESULT: {}
RESULT: {}
COMMAND: POST /session/6aa7e649349f90b4840747c4ea403a74/refresh - {}
RESULT: {}
COMMAND: GET /session/6aa7e649349f90b4840747c4ea403a74/screenshot - {}
RESULT: {}
COMMAND: POST /session/6aa7e649349f90b4840747c4ea403a74/refresh - {}
RESULT: {}
COMMAND: GET /session/6aa7e649349f90b4840747c4ea403a74/screenshot - {}
RESULT: {}
COMMAND: POST /session/6aa7e649349f90b4840747c4ea403a74/window/fullscreen - {}
RESULT: {}
COMMAND: POST /session/6aa7e649349f90b4840747c4ea403a74/execute/async - {"script":"<script> [189 bytes]","args":[]}
RESULT: {"script":"<script> [189 bytes]","args":[]}
COMMAND: POST /session/6aa7e649349f90b4840747c4ea403a74/execute/async - {"script":"<script> [123 bytes]","args":[]}
RESULT: {"script":"<script> [123 bytes]","args":[]}
COMMAND: POST /session/6aa7e649349f90b4840747c4ea403a74/timeouts - {"script":"<number>"}
RESULT: {"script":"<number>"}
COMMAND: GET /session/6aa7e649349f90b4840747c4ea403a74/timeouts - {}
RESULT: {}
RESULT: undefined
COMMAND: POST /session/6aa7e649349f90b4840747c4ea403a74/execute/async - {"script":"<script> [2676 bytes]","args":[]}
RESULT: {"script":"<script> [2676 bytes]","args":[]}
COMMAND: POST /session/6aa7e649349f90b4840747c4ea403a74/execute/async - {"script":"<script> [2342 bytes]","args":[{"protocol":"http","hostname":"0.0.0.0","path":"/","capabilities":{"browserName":"chrome","goog:chromeOptions":{"binary":"C:\\Program Files\\Google\\Chrome\\Application\\chrome.exe","args":["--start-maximized"]}},"logLevel":"warn","connectionRetryTimeout":120000,"connectionRetryCount":3,"logLevels":{},"enableDirectConnect":true,"strictSSL":true,"_":"65 more keys: [\"cacheDir\",\"port\",\"requestedCapabilities\",\"automationProtocol\",\"baseUrl\",\"waitforInterval\",\"waitforTimeout\",\"onReload\",\"beforeCommand\",\"afterCommand\",\"rootDir\",\"specs\",\"suites\",\"exclude\",\"groupLogsByTestSpec\",\"excludeDriverLogs\",\"bail\",\"framework\",\"reporters\",\"services\",\"maxInstances\",\"maxInstancesPerCapability\",\"injectGlobals\",\"filesToWatch\",\"execArgv\",\"runnerEnv\",\"runner\",\"shard\",\"specFileRetries\",\"specFileRetriesDelay\",\"specFileRetriesDeferred\",\"reporterSyncInterval\",\"reporterSyncTimeout\",\"cucumberFeaturesWithLineNumbers\",\"autoCompileOpts\",\"mochaOpts\",\"jasmineOpts\",\"cucumberOpts\",\"onPrepare\",\"onWorkerStart\",\"onWorkerEnd\",\"before\",\"beforeSession\",\"beforeSuite\",\"beforeHook\",\"beforeTest\",\"afterTest\",\"afterHook\",\"afterSuite\",\"afterSession\",\"after\",\"onComplete\",\"beforeAssertion\",\"afterAssertion\",\"beforeFeature\",\"beforeScenario\",\"beforeStep\",\"afterStep\",\"afterScenario\",\"afterFeature\",\"_\",\"suite\",\"$0\",\"ignoredWorkerServices\",\"wdi5\"]"}]}
RESULT: {"script":"<script> [2342 bytes]","args":[{"protocol":"http","hostname":"0.0.0.0","path":"/","capabilities":{"browserName":"chrome","goog:chromeOptions":{"binary":"C:\\Program Files\\Google\\Chrome\\Application\\chrome.exe","args":["--start-maximized"]}},"logLevel":"warn","connectionRetryTimeout":120000,"connectionRetryCount":3,"logLevels":{},"enableDirectConnect":true,"strictSSL":true,"_":"65 more keys: [\"cacheDir\",\"port\",\"requestedCapabilities\",\"automationProtocol\",\"baseUrl\",\"waitforInterval\",\"waitforTimeout\",\"onReload\",\"beforeCommand\",\"afterCommand\",\"rootDir\",\"specs\",\"suites\",\"exclude\",\"groupLogsByTestSpec\",\"excludeDriverLogs\",\"bail\",\"framework\",\"reporters\",\"services\",\"maxInstances\",\"maxInstancesPerCapability\",\"injectGlobals\",\"filesToWatch\",\"execArgv\",\"runnerEnv\",\"runner\",\"shard\",\"specFileRetries\",\"specFileRetriesDelay\",\"specFileRetriesDeferred\",\"reporterSyncInterval\",\"reporterSyncTimeout\",\"cucumberFeaturesWithLineNumbers\",\"autoCompileOpts\",\"mochaOpts\",\"jasmineOpts\",\"cucumberOpts\",\"onPrepare\",\"onWorkerStart\",\"onWorkerEnd\",\"before\",\"beforeSession\",\"beforeSuite\",\"beforeHook\",\"beforeTest\",\"afterTest\",\"afterHook\",\"afterSuite\",\"afterSession\",\"after\",\"onComplete\",\"beforeAssertion\",\"afterAssertion\",\"beforeFeature\",\"beforeScenario\",\"beforeStep\",\"afterStep\",\"afterScenario\",\"afterFeature\",\"_\",\"suite\",\"$0\",\"ignoredWorkerServices\",\"wdi5\"]"}]}
COMMAND: POST /session/6aa7e649349f90b4840747c4ea403a74/execute/async - {"script":"<script> [21126 bytes]","args":[35000]}
RESULT: {"script":"<script> [21126 bytes]","args":[35000]}
COMMAND: POST /session/6aa7e649349f90b4840747c4ea403a74/window/fullscreen - {}
RESULT: {}
COMMAND: POST /session/6aa7e649349f90b4840747c4ea403a74/window/fullscreen - {}
RESULT: {}
COMMAND: POST /session/6aa7e649349f90b4840747c4ea403a74/execute/async - {"script":"<script> [1562 bytes]","args":[{"selector":{"controlType":"sap.m.GenericTile","properties":{"header":"Manage Partners"}},"wdio_ui5_key":"sapm.GenericTile{\"header\":\"Manage Partners\"}"}]}
RESULT: {"script":"<script> [1562 bytes]","args":[{"selector":{"controlType":"sap.m.GenericTile","properties":{"header":"Manage Partners"}},"wdio_ui5_key":"sapm.GenericTile{\"header\":\"Manage Partners\"}"}]}
RESULT: undefined
COMMAND: POST /session/6aa7e649349f90b4840747c4ea403a74/element - {"using":"xpath","value":"//*[@id=\"__tile30\"]"}
RESULT: {"using":"xpath","value":"//*[@id=\"__tile30\"]"}
COMMAND: POST /session/6aa7e649349f90b4840747c4ea403a74/element/f.B789F3E8D5EB6317E0B12CBF8AF7BC43.d.585426915E717BB1CB8B383CFABDB31F.e.3077/click - {}
RESULT: {}
COMMAND: POST /session/6aa7e649349f90b4840747c4ea403a74/element - {"using":"xpath","value":"//button[@data-kt=\"addButton\"]"}
COMMAND: GET /session/6aa7e649349f90b4840747c4ea403a74/screenshot - {}
RESULT: {"using":"xpath","value":"//button[@data-kt=\"addButton\"]"}
COMMAND: POST /session/6aa7e649349f90b4840747c4ea403a74/elements - {"using":"xpath","value":"//button[@data-kt=\"addButton\"]"}
RESULT: {}
RESULT: {"using":"xpath","value":"//button[@data-kt=\"addButton\"]"}
COMMAND: POST /session/6aa7e649349f90b4840747c4ea403a74/elements - {"using":"xpath","value":"//button[@data-kt=\"addButton\"]"}
RESULT: {"using":"xpath","value":"//button[@data-kt=\"addButton\"]"}
COMMAND: POST /session/6aa7e649349f90b4840747c4ea403a74/elements - {"using":"xpath","value":"//button[@data-kt=\"addButton\"]"}
RESULT: {"using":"xpath","value":"//button[@data-kt=\"addButton\"]"}
COMMAND: POST /session/6aa7e649349f90b4840747c4ea403a74/elements - {"using":"xpath","value":"//button[@data-kt=\"addButton\"]"}
RESULT: {"using":"xpath","value":"//button[@data-kt=\"addButton\"]"}
COMMAND: POST /session/6aa7e649349f90b4840747c4ea403a74/elements - {"using":"xpath","value":"//button[@data-kt=\"addButton\"]"}
RESULT: {"using":"xpath","value":"//button[@data-kt=\"addButton\"]"}
COMMAND: POST /session/6aa7e649349f90b4840747c4ea403a74/elements - {"using":"xpath","value":"//button[@data-kt=\"addButton\"]"}
RESULT: {"using":"xpath","value":"//button[@data-kt=\"addButton\"]"}
COMMAND: POST /session/6aa7e649349f90b4840747c4ea403a74/elements - {"using":"xpath","value":"//button[@data-kt=\"addButton\"]"}
RESULT: {"using":"xpath","value":"//button[@data-kt=\"addButton\"]"}
COMMAND: POST /session/6aa7e649349f90b4840747c4ea403a74/elements - {"using":"xpath","value":"//button[@data-kt=\"addButton\"]"}
RESULT: {"using":"xpath","value":"//button[@data-kt=\"addButton\"]"}
COMMAND: POST /session/6aa7e649349f90b4840747c4ea403a74/elements - {"using":"xpath","value":"//button[@data-kt=\"addButton\"]"}
RESULT: {"using":"xpath","value":"//button[@data-kt=\"addButton\"]"}
COMMAND: POST /session/6aa7e649349f90b4840747c4ea403a74/elements - {"using":"xpath","value":"//button[@data-kt=\"addButton\"]"}
RESULT: {"using":"xpath","value":"//button[@data-kt=\"addButton\"]"}
COMMAND: POST /session/6aa7e649349f90b4840747c4ea403a74/elements - {"using":"xpath","value":"//button[@data-kt=\"addButton\"]"}
RESULT: {"using":"xpath","value":"//button[@data-kt=\"addButton\"]"}
COMMAND: POST /session/6aa7e649349f90b4840747c4ea403a74/elements - {"using":"xpath","value":"//button[@data-kt=\"addButton\"]"}
RESULT: {"using":"xpath","value":"//button[@data-kt=\"addButton\"]"}
COMMAND: POST /session/6aa7e649349f90b4840747c4ea403a74/elements - {"using":"xpath","value":"//button[@data-kt=\"addButton\"]"}
RESULT: {"using":"xpath","value":"//button[@data-kt=\"addButton\"]"}
COMMAND: POST /session/6aa7e649349f90b4840747c4ea403a74/elements - {"using":"xpath","value":"//button[@data-kt=\"addButton\"]"}
RESULT: {"using":"xpath","value":"//button[@data-kt=\"addButton\"]"}
COMMAND: POST /session/6aa7e649349f90b4840747c4ea403a74/elements - {"using":"xpath","value":"//button[@data-kt=\"addButton\"]"}
RESULT: {"using":"xpath","value":"//button[@data-kt=\"addButton\"]"}
COMMAND: POST /session/6aa7e649349f90b4840747c4ea403a74/elements - {"using":"xpath","value":"//button[@data-kt=\"addButton\"]"}
RESULT: {"using":"xpath","value":"//button[@data-kt=\"addButton\"]"}
COMMAND: POST /session/6aa7e649349f90b4840747c4ea403a74/elements - {"using":"xpath","value":"//button[@data-kt=\"addButton\"]"}
RESULT: {"using":"xpath","value":"//button[@data-kt=\"addButton\"]"}
COMMAND: POST /session/6aa7e649349f90b4840747c4ea403a74/elements - {"using":"xpath","value":"//button[@data-kt=\"addButton\"]"}
RESULT: {"using":"xpath","value":"//button[@data-kt=\"addButton\"]"}
COMMAND: POST /session/6aa7e649349f90b4840747c4ea403a74/elements - {"using":"xpath","value":"//button[@data-kt=\"addButton\"]"}
RESULT: {"using":"xpath","value":"//button[@data-kt=\"addButton\"]"}
COMMAND: POST /session/6aa7e649349f90b4840747c4ea403a74/elements - {"using":"xpath","value":"//button[@data-kt=\"addButton\"]"}
RESULT: {"using":"xpath","value":"//button[@data-kt=\"addButton\"]"}
COMMAND: POST /session/6aa7e649349f90b4840747c4ea403a74/elements - {"using":"xpath","value":"//button[@data-kt=\"addButton\"]"}
RESULT: {"using":"xpath","value":"//button[@data-kt=\"addButton\"]"}
COMMAND: POST /session/6aa7e649349f90b4840747c4ea403a74/elements - {"using":"xpath","value":"//button[@data-kt=\"addButton\"]"}
RESULT: {"using":"xpath","value":"//button[@data-kt=\"addButton\"]"}
COMMAND: POST /session/6aa7e649349f90b4840747c4ea403a74/elements - {"using":"xpath","value":"//button[@data-kt=\"addButton\"]"}
RESULT: {"using":"xpath","value":"//button[@data-kt=\"addButton\"]"}
COMMAND: POST /session/6aa7e649349f90b4840747c4ea403a74/elements - {"using":"xpath","value":"//button[@data-kt=\"addButton\"]"}
RESULT: {"using":"xpath","value":"//button[@data-kt=\"addButton\"]"}
COMMAND: POST /session/6aa7e649349f90b4840747c4ea403a74/elements - {"using":"xpath","value":"//button[@data-kt=\"addButton\"]"}
RESULT: {"using":"xpath","value":"//button[@data-kt=\"addButton\"]"}
COMMAND: POST /session/6aa7e649349f90b4840747c4ea403a74/elements - {"using":"xpath","value":"//button[@data-kt=\"addButton\"]"}
RESULT: {"using":"xpath","value":"//button[@data-kt=\"addButton\"]"}
COMMAND: POST /session/6aa7e649349f90b4840747c4ea403a74/elements - {"using":"xpath","value":"//button[@data-kt=\"addButton\"]"}
RESULT: {"using":"xpath","value":"//button[@data-kt=\"addButton\"]"}
COMMAND: POST /session/6aa7e649349f90b4840747c4ea403a74/elements - {"using":"xpath","value":"//button[@data-kt=\"addButton\"]"}
RESULT: {"using":"xpath","value":"//button[@data-kt=\"addButton\"]"}
COMMAND: POST /session/6aa7e649349f90b4840747c4ea403a74/elements - {"using":"xpath","value":"//button[@data-kt=\"addButton\"]"}
RESULT: {"using":"xpath","value":"//button[@data-kt=\"addButton\"]"}
COMMAND: POST /session/6aa7e649349f90b4840747c4ea403a74/element - {"using":"xpath","value":"//button[@data-kt=\"addButton\"]"}
RESULT: {"using":"xpath","value":"//button[@data-kt=\"addButton\"]"}
COMMAND: POST /session/6aa7e649349f90b4840747c4ea403a74/execute/sync - {"script":"<script> [8489 bytes]","args":[{"element-6066-11e4-a52e-4f735466cecf":"f.B789F3E8D5EB6317E0B12CBF8AF7BC43.d.585426915E717BB1CB8B383CFABDB31F.e.3192","ELEMENT":"f.B789F3E8D5EB6317E0B12CBF8AF7BC43.d.585426915E717BB1CB8B383CFABDB31F.e.3192"}]}
RESULT: {"script":"<script> [8489 bytes]","args":[{"element-6066-11e4-a52e-4f735466cecf":"f.B789F3E8D5EB6317E0B12CBF8AF7BC43.d.585426915E717BB1CB8B383CFABDB31F.e.3192","ELEMENT":"f.B789F3E8D5EB6317E0B12CBF8AF7BC43.d.585426915E717BB1CB8B383CFABDB31F.e.3192"}]}
COMMAND: GET /session/6aa7e649349f90b4840747c4ea403a74/element/f.B789F3E8D5EB6317E0B12CBF8AF7BC43.d.585426915E717BB1CB8B383CFABDB31F.e.3192/enabled - {}
COMMAND: GET /session/6aa7e649349f90b4840747c4ea403a74/screenshot - {}
RESULT: {}
COMMAND: POST /session/6aa7e649349f90b4840747c4ea403a74/execute/sync - {"script":"<script> [8489 bytes]","args":[{"element-6066-11e4-a52e-4f735466cecf":"f.B789F3E8D5EB6317E0B12CBF8AF7BC43.d.585426915E717BB1CB8B383CFABDB31F.e.3192","ELEMENT":"f.B789F3E8D5EB6317E0B12CBF8AF7BC43.d.585426915E717BB1CB8B383CFABDB31F.e.3192"}]}
COMMAND: GET /session/6aa7e649349f90b4840747c4ea403a74/screenshot - {}
RESULT: {}
RESULT: {"script":"<script> [8489 bytes]","args":[{"element-6066-11e4-a52e-4f735466cecf":"f.B789F3E8D5EB6317E0B12CBF8AF7BC43.d.585426915E717BB1CB8B383CFABDB31F.e.3192","ELEMENT":"f.B789F3E8D5EB6317E0B12CBF8AF7BC43.d.585426915E717BB1CB8B383CFABDB31F.e.3192"}]}
COMMAND: POST /session/6aa7e649349f90b4840747c4ea403a74/execute/sync - {"script":"<script> [5351 bytes]","args":[{"element-6066-11e4-a52e-4f735466cecf":"f.B789F3E8D5EB6317E0B12CBF8AF7BC43.d.585426915E717BB1CB8B383CFABDB31F.e.3192","ELEMENT":"f.B789F3E8D5EB6317E0B12CBF8AF7BC43.d.585426915E717BB1CB8B383CFABDB31F.e.3192"}]}
COMMAND: GET /session/6aa7e649349f90b4840747c4ea403a74/screenshot - {}
RESULT: {}
RESULT: {"script":"<script> [5351 bytes]","args":[{"element-6066-11e4-a52e-4f735466cecf":"f.B789F3E8D5EB6317E0B12CBF8AF7BC43.d.585426915E717BB1CB8B383CFABDB31F.e.3192","ELEMENT":"f.B789F3E8D5EB6317E0B12CBF8AF7BC43.d.585426915E717BB1CB8B383CFABDB31F.e.3192"}]}
COMMAND: POST /session/6aa7e649349f90b4840747c4ea403a74/element/f.B789F3E8D5EB6317E0B12CBF8AF7BC43.d.585426915E717BB1CB8B383CFABDB31F.e.3192/click - {}
COMMAND: GET /session/6aa7e649349f90b4840747c4ea403a74/screenshot - {}
RESULT: {}
RESULT: {}
COMMAND: GET /session/6aa7e649349f90b4840747c4ea403a74/screenshot - {}
COMMAND: POST /session/6aa7e649349f90b4840747c4ea403a74/execute/async - {"script":"<script> [1562 bytes]","args":[{"selector":{"id":"application-managepartners-display-component---NewPartner--addressDetailDetailsName1","interaction":{"idSuffix":"inner"}},"wdio_ui5_key":"applicationmanagepartners-display-component---NewPartner--addressDetailDetailsName1"}]}
RESULT: {}
RESULT: {}
RESULT: {"script":"<script> [1562 bytes]","args":[{"selector":{"id":"application-managepartners-display-component---NewPartner--addressDetailDetailsName1","interaction":{"idSuffix":"inner"}},"wdio_ui5_key":"applicationmanagepartners-display-component---NewPartner--addressDetailDetailsName1"}]}
RESULT: undefined
COMMAND: POST /session/6aa7e649349f90b4840747c4ea403a74/execute/async - {"script":"<script> [776 bytes]","args":[{"enterText":"Intercompany Partner WDIO","selector":{"id":"application-managepartners-display-component---NewPartner--addressDetailDetailsName1","interaction":{"idSuffix":"inner"}},"clearTextFirst":true,"interactionType":"ENTER_TEXT"}]}
RESULT: {"script":"<script> [776 bytes]","args":[{"enterText":"Intercompany Partner WDIO","selector":{"id":"application-managepartners-display-component---NewPartner--addressDetailDetailsName1","interaction":{"idSuffix":"inner"}},"clearTextFirst":true,"interactionType":"ENTER_TEXT"}]}
COMMAND: POST /session/6aa7e649349f90b4840747c4ea403a74/execute/async - {"script":"<script> [1562 bytes]","args":[{"selector":{"id":"application-managepartners-display-component---NewPartner--addressDetailDetailsLanguage-arrow"},"wdio_ui5_key":"applicationmanagepartners-display-component---NewPartner--addressDetailDetailsLanguage-arrow"}]}
RESULT: {"script":"<script> [1562 bytes]","args":[{"selector":{"id":"application-managepartners-display-component---NewPartner--addressDetailDetailsLanguage-arrow"},"wdio_ui5_key":"applicationmanagepartners-display-component---NewPartner--addressDetailDetailsLanguage-arrow"}]}
RESULT: undefined
COMMAND: POST /session/6aa7e649349f90b4840747c4ea403a74/element - {"using":"xpath","value":"//*[@id=\"application-managepartners-display-component---NewPartner--addressDetailDetailsLanguage-arrow\"]"}
RESULT: {"using":"xpath","value":"//*[@id=\"application-managepartners-display-component---NewPartner--addressDetailDetailsLanguage-arrow\"]"}
COMMAND: POST /session/6aa7e649349f90b4840747c4ea403a74/element/f.B789F3E8D5EB6317E0B12CBF8AF7BC43.d.585426915E717BB1CB8B383CFABDB31F.e.3645/click - {}
RESULT: {}
COMMAND: POST /session/6aa7e649349f90b4840747c4ea403a74/element - {"using":"xpath","value":"//span[contains(text(), \"English\")]"}
COMMAND: GET /session/6aa7e649349f90b4840747c4ea403a74/screenshot - {}
RESULT: {"using":"xpath","value":"//span[contains(text(), \"English\")]"}
COMMAND: POST /session/6aa7e649349f90b4840747c4ea403a74/element/f.B789F3E8D5EB6317E0B12CBF8AF7BC43.d.585426915E717BB1CB8B383CFABDB31F.e.3646/click - {}
RESULT: {}
RESULT: {}
COMMAND: GET /session/6aa7e649349f90b4840747c4ea403a74/screenshot - {}
RESULT: {}
COMMAND: POST /session/6aa7e649349f90b4840747c4ea403a74/execute/async - {"script":"<script> [1562 bytes]","args":[{"selector":{"id":"application-managepartners-display-component---NewPartner--addressDetailDetailsCity1","interaction":{"idSuffix":"inner"}},"wdio_ui5_key":"applicationmanagepartners-display-component---NewPartner--addressDetailDetailsCity1"}]}
RESULT: {"script":"<script> [1562 bytes]","args":[{"selector":{"id":"application-managepartners-display-component---NewPartner--addressDetailDetailsCity1","interaction":{"idSuffix":"inner"}},"wdio_ui5_key":"applicationmanagepartners-display-component---NewPartner--addressDetailDetailsCity1"}]}
RESULT: undefined
COMMAND: POST /session/6aa7e649349f90b4840747c4ea403a74/execute/async - {"script":"<script> [776 bytes]","args":[{"enterText":"Rosario","selector":{"id":"application-managepartners-display-component---NewPartner--addressDetailDetailsCity1","interaction":{"idSuffix":"inner"}},"clearTextFirst":true,"interactionType":"ENTER_TEXT"}]}
RESULT: {"script":"<script> [776 bytes]","args":[{"enterText":"Rosario","selector":{"id":"application-managepartners-display-component---NewPartner--addressDetailDetailsCity1","interaction":{"idSuffix":"inner"}},"clearTextFirst":true,"interactionType":"ENTER_TEXT"}]}
COMMAND: POST /session/6aa7e649349f90b4840747c4ea403a74/execute/async - {"script":"<script> [1562 bytes]","args":[{"selector":{"id":"application-managepartners-display-component---NewPartner--addressDetailDetailsCountry-arrow"},"wdio_ui5_key":"applicationmanagepartners-display-component---NewPartner--addressDetailDetailsCountry-arrow"}]}
RESULT: {"script":"<script> [1562 bytes]","args":[{"selector":{"id":"application-managepartners-display-component---NewPartner--addressDetailDetailsCountry-arrow"},"wdio_ui5_key":"applicationmanagepartners-display-component---NewPartner--addressDetailDetailsCountry-arrow"}]}
RESULT: undefined
COMMAND: POST /session/6aa7e649349f90b4840747c4ea403a74/element - {"using":"xpath","value":"//*[@id=\"application-managepartners-display-component---NewPartner--addressDetailDetailsCountry-arrow\"]"}
RESULT: {"using":"xpath","value":"//*[@id=\"application-managepartners-display-component---NewPartner--addressDetailDetailsCountry-arrow\"]"}
COMMAND: POST /session/6aa7e649349f90b4840747c4ea403a74/element/f.B789F3E8D5EB6317E0B12CBF8AF7BC43.d.585426915E717BB1CB8B383CFABDB31F.e.3627/click - {}
RESULT: {}
COMMAND: POST /session/6aa7e649349f90b4840747c4ea403a74/element - {"using":"xpath","value":"//span[contains(text(), \"Argentina\")]"}
COMMAND: GET /session/6aa7e649349f90b4840747c4ea403a74/screenshot - {}
RESULT: {"using":"xpath","value":"//span[contains(text(), \"Argentina\")]"}
COMMAND: POST /session/6aa7e649349f90b4840747c4ea403a74/element/f.B789F3E8D5EB6317E0B12CBF8AF7BC43.d.585426915E717BB1CB8B383CFABDB31F.e.3648/click - {}
RESULT: {}
RESULT: {}
COMMAND: GET /session/6aa7e649349f90b4840747c4ea403a74/screenshot - {}
RESULT: {}
COMMAND: POST /session/6aa7e649349f90b4840747c4ea403a74/element - {"using":"xpath","value":"//bdi[contains(text(), \"Commercial\")]"}
RESULT: {"using":"xpath","value":"//bdi[contains(text(), \"Commercial\")]"}
COMMAND: POST /session/6aa7e649349f90b4840747c4ea403a74/element/f.B789F3E8D5EB6317E0B12CBF8AF7BC43.d.585426915E717BB1CB8B383CFABDB31F.e.3649/click - {}
RESULT: {}
COMMAND: GET /session/6aa7e649349f90b4840747c4ea403a74/screenshot - {}
RESULT: {}
COMMAND: POST /session/6aa7e649349f90b4840747c4ea403a74/execute/async - {"script":"<script> [1562 bytes]","args":[{"selector":{"id":"application-managepartners-display-component---NewPartner--partnerDetailInternal-arrow"},"wdio_ui5_key":"applicationmanagepartners-display-component---NewPartner--partnerDetailInternal-arrow"}]}
RESULT: {"script":"<script> [1562 bytes]","args":[{"selector":{"id":"application-managepartners-display-component---NewPartner--partnerDetailInternal-arrow"},"wdio_ui5_key":"applicationmanagepartners-display-component---NewPartner--partnerDetailInternal-arrow"}]}
RESULT: undefined
COMMAND: POST /session/6aa7e649349f90b4840747c4ea403a74/element - {"using":"xpath","value":"//*[@id=\"application-managepartners-display-component---NewPartner--partnerDetailInternal-arrow\"]"}
RESULT: {"using":"xpath","value":"//*[@id=\"application-managepartners-display-component---NewPartner--partnerDetailInternal-arrow\"]"}
COMMAND: POST /session/6aa7e649349f90b4840747c4ea403a74/element/f.B789F3E8D5EB6317E0B12CBF8AF7BC43.d.585426915E717BB1CB8B383CFABDB31F.e.3655/click - {}
RESULT: {}
COMMAND: POST /session/6aa7e649349f90b4840747c4ea403a74/element - {"using":"xpath","value":"//span[contains(text(), \"Affiliated company\")]"}
COMMAND: GET /session/6aa7e649349f90b4840747c4ea403a74/screenshot - {}
RESULT: {"using":"xpath","value":"//span[contains(text(), \"Affiliated company\")]"}
COMMAND: POST /session/6aa7e649349f90b4840747c4ea403a74/element/f.B789F3E8D5EB6317E0B12CBF8AF7BC43.d.585426915E717BB1CB8B383CFABDB31F.e.3658/click - {}
RESULT: {}
RESULT: {}
COMMAND: POST /session/6aa7e649349f90b4840747c4ea403a74/execute/async - {"script":"<script> [1562 bytes]","args":[{"selector":{"id":"application-managepartners-display-component---NewPartner--partnerDetailsCurrency-arrow"},"wdio_ui5_key":"applicationmanagepartners-display-component---NewPartner--partnerDetailsCurrency-arrow"}]}
COMMAND: GET /session/6aa7e649349f90b4840747c4ea403a74/screenshot - {}
RESULT: {"script":"<script> [1562 bytes]","args":[{"selector":{"id":"application-managepartners-display-component---NewPartner--partnerDetailsCurrency-arrow"},"wdio_ui5_key":"applicationmanagepartners-display-component---NewPartner--partnerDetailsCurrency-arrow"}]}
RESULT: undefined
COMMAND: POST /session/6aa7e649349f90b4840747c4ea403a74/element - {"using":"xpath","value":"//*[@id=\"application-managepartners-display-component---NewPartner--partnerDetailsCurrency-arrow\"]"}
RESULT: {}
RESULT: {"using":"xpath","value":"//*[@id=\"application-managepartners-display-component---NewPartner--partnerDetailsCurrency-arrow\"]"}
COMMAND: POST /session/6aa7e649349f90b4840747c4ea403a74/element/f.B789F3E8D5EB6317E0B12CBF8AF7BC43.d.585426915E717BB1CB8B383CFABDB31F.e.3665/click - {}
RESULT: {}
COMMAND: POST /session/6aa7e649349f90b4840747c4ea403a74/element - {"using":"xpath","value":"//span[contains(text(), \"Euro\")]"}
COMMAND: GET /session/6aa7e649349f90b4840747c4ea403a74/screenshot - {}
RESULT: {"using":"xpath","value":"//span[contains(text(), \"Euro\")]"}
COMMAND: POST /session/6aa7e649349f90b4840747c4ea403a74/element/f.B789F3E8D5EB6317E0B12CBF8AF7BC43.d.585426915E717BB1CB8B383CFABDB31F.e.3666/click - {}
RESULT: {}
RESULT: {}
COMMAND: POST /session/6aa7e649349f90b4840747c4ea403a74/execute/async - {"script":"<script> [1562 bytes]","args":[{"selector":{"id":"application-managepartners-display-component---NewPartner--addressEditDetailsCostObjectCstType-arrow"},"wdio_ui5_key":"applicationmanagepartners-display-component---NewPartner--addressEditDetailsCostObjectCstType-arrow"}]}
COMMAND: GET /session/6aa7e649349f90b4840747c4ea403a74/screenshot - {}
RESULT: {"script":"<script> [1562 bytes]","args":[{"selector":{"id":"application-managepartners-display-component---NewPartner--addressEditDetailsCostObjectCstType-arrow"},"wdio_ui5_key":"applicationmanagepartners-display-component---NewPartner--addressEditDetailsCostObjectCstType-arrow"}]}
RESULT: undefined
COMMAND: POST /session/6aa7e649349f90b4840747c4ea403a74/element - {"using":"xpath","value":"//*[@id=\"application-managepartners-display-component---NewPartner--addressEditDetailsCostObjectCstType-arrow\"]"}
RESULT: {}
RESULT: {"using":"xpath","value":"//*[@id=\"application-managepartners-display-component---NewPartner--addressEditDetailsCostObjectCstType-arrow\"]"}
COMMAND: POST /session/6aa7e649349f90b4840747c4ea403a74/element/f.B789F3E8D5EB6317E0B12CBF8AF7BC43.d.585426915E717BB1CB8B383CFABDB31F.e.3667/click - {}
RESULT: {}
COMMAND: POST /session/6aa7e649349f90b4840747c4ea403a74/element - {"using":"xpath","value":"//span[contains(text(), \"Cost Center\")]"}
COMMAND: GET /session/6aa7e649349f90b4840747c4ea403a74/screenshot - {}
RESULT: {"using":"xpath","value":"//span[contains(text(), \"Cost Center\")]"}
COMMAND: POST /session/6aa7e649349f90b4840747c4ea403a74/element/f.B789F3E8D5EB6317E0B12CBF8AF7BC43.d.585426915E717BB1CB8B383CFABDB31F.e.3668/click - {}
RESULT: {}
RESULT: {}
COMMAND: GET /session/6aa7e649349f90b4840747c4ea403a74/screenshot - {}
RESULT: {}
COMMAND: POST /session/6aa7e649349f90b4840747c4ea403a74/element - {"using":"xpath","value":"//span[@id=\"application-managepartners-display-component---NewPartner--addressNewCostObjectCstID-vhi\"]"}
RESULT: {"using":"xpath","value":"//span[@id=\"application-managepartners-display-component---NewPartner--addressNewCostObjectCstID-vhi\"]"}
COMMAND: POST /session/6aa7e649349f90b4840747c4ea403a74/execute/sync - {"script":"<script> [8489 bytes]","args":[{"element-6066-11e4-a52e-4f735466cecf":"f.B789F3E8D5EB6317E0B12CBF8AF7BC43.d.585426915E717BB1CB8B383CFABDB31F.e.3672","ELEMENT":"f.B789F3E8D5EB6317E0B12CBF8AF7BC43.d.585426915E717BB1CB8B383CFABDB31F.e.3672"}]}
RESULT: {"script":"<script> [8489 bytes]","args":[{"element-6066-11e4-a52e-4f735466cecf":"f.B789F3E8D5EB6317E0B12CBF8AF7BC43.d.585426915E717BB1CB8B383CFABDB31F.e.3672","ELEMENT":"f.B789F3E8D5EB6317E0B12CBF8AF7BC43.d.585426915E717BB1CB8B383CFABDB31F.e.3672"}]}
COMMAND: POST /session/6aa7e649349f90b4840747c4ea403a74/execute/async - {"script":"<script> [1562 bytes]","args":[{"selector":{"id":"application-managepartners-display-component---NewPartner--addressNewCostObjectCstID-vhi"},"wdio_ui5_key":"applicationmanagepartners-display-component---NewPartner--addressNewCostObjectCstID-vhi"}]}
COMMAND: GET /session/6aa7e649349f90b4840747c4ea403a74/screenshot - {}
RESULT: {"script":"<script> [1562 bytes]","args":[{"selector":{"id":"application-managepartners-display-component---NewPartner--addressNewCostObjectCstID-vhi"},"wdio_ui5_key":"applicationmanagepartners-display-component---NewPartner--addressNewCostObjectCstID-vhi"}]}
RESULT: undefined
COMMAND: POST /session/6aa7e649349f90b4840747c4ea403a74/element - {"using":"xpath","value":"//*[@id=\"application-managepartners-display-component---NewPartner--addressNewCostObjectCstID-vhi\"]"}
RESULT: {}
RESULT: {"using":"xpath","value":"//*[@id=\"application-managepartners-display-component---NewPartner--addressNewCostObjectCstID-vhi\"]"}
COMMAND: POST /session/6aa7e649349f90b4840747c4ea403a74/element/f.B789F3E8D5EB6317E0B12CBF8AF7BC43.d.585426915E717BB1CB8B383CFABDB31F.e.3672/click - {}
RESULT: {}
COMMAND: GET /session/6aa7e649349f90b4840747c4ea403a74/screenshot - {}
RESULT: {}
COMMAND: POST /session/6aa7e649349f90b4840747c4ea403a74/execute/async - {"script":"<script> [1562 bytes]","args":[{"selector":{"controlType":"sap.m.SearchField","properties":{"placeholder":"Search"},"searchOpenDialogs":true,"interaction":{"idSuffix":"I"}},"wdio_ui5_key":"sapm.SearchField{\"placeholder\":\"Search\"}"}]}
RESULT: {"script":"<script> [1562 bytes]","args":[{"selector":{"controlType":"sap.m.SearchField","properties":{"placeholder":"Search"},"searchOpenDialogs":true,"interaction":{"idSuffix":"I"}},"wdio_ui5_key":"sapm.SearchField{\"placeholder\":\"Search\"}"}]}
RESULT: undefined
COMMAND: POST /session/6aa7e649349f90b4840747c4ea403a74/execute/async - {"script":"<script> [776 bytes]","args":[{"enterText":"10001013","selector":{"controlType":"sap.m.SearchField","properties":{"placeholder":"Search"},"searchOpenDialogs":true,"interaction":{"idSuffix":"I"}},"clearTextFirst":true,"interactionType":"ENTER_TEXT"}]}
RESULT: {"script":"<script> [776 bytes]","args":[{"enterText":"10001013","selector":{"controlType":"sap.m.SearchField","properties":{"placeholder":"Search"},"searchOpenDialogs":true,"interaction":{"idSuffix":"I"}},"clearTextFirst":true,"interactionType":"ENTER_TEXT"}]}
COMMAND: POST /session/6aa7e649349f90b4840747c4ea403a74/actions - {"actions":[{"id":"action7","type":"key","parameters":{},"actions":[{"type":"keyDown","value":"î€‡"},{"type":"pause","duration":10},{"type":"keyUp","value":"î€‡"}]}]}
RESULT: {"actions":[{"id":"action7","type":"key","parameters":{},"actions":[{"type":"keyDown","value":"î€‡"},{"type":"pause","duration":10},{"type":"keyUp","value":"î€‡"}]}]}
COMMAND: GET /session/6aa7e649349f90b4840747c4ea403a74/screenshot - {}
RESULT: {}
COMMAND: POST /session/6aa7e649349f90b4840747c4ea403a74/element - {"using":"xpath","value":"//span[contains(text(), \"General Management\")]"}
RESULT: {"using":"xpath","value":"//span[contains(text(), \"General Management\")]"}
COMMAND: POST /session/6aa7e649349f90b4840747c4ea403a74/element/f.B789F3E8D5EB6317E0B12CBF8AF7BC43.d.585426915E717BB1CB8B383CFABDB31F.e.3714/click - {}
RESULT: {}
COMMAND: GET /session/6aa7e649349f90b4840747c4ea403a74/screenshot - {}
RESULT: {}
COMMAND: POST /session/6aa7e649349f90b4840747c4ea403a74/element - {"using":"xpath","value":"//bdi[contains(text(), \"OK\")]"}
RESULT: {"using":"xpath","value":"//bdi[contains(text(), \"OK\")]"}
COMMAND: POST /session/6aa7e649349f90b4840747c4ea403a74/element/f.B789F3E8D5EB6317E0B12CBF8AF7BC43.d.585426915E717BB1CB8B383CFABDB31F.e.3715/click - {}
RESULT: {}
COMMAND: GET /session/6aa7e649349f90b4840747c4ea403a74/screenshot - {}
RESULT: {}
COMMAND: POST /session/6aa7e649349f90b4840747c4ea403a74/element - {"using":"xpath","value":"//input[@id=\"application-managepartners-display-component---NewPartner--companyCodeComboBox-inner\"]"}
RESULT: {"using":"xpath","value":"//input[@id=\"application-managepartners-display-component---NewPartner--companyCodeComboBox-inner\"]"}
COMMAND: POST /session/6aa7e649349f90b4840747c4ea403a74/element/f.B789F3E8D5EB6317E0B12CBF8AF7BC43.d.585426915E717BB1CB8B383CFABDB31F.e.3505/clear - {}
RESULT: {}
COMMAND: POST /session/6aa7e649349f90b4840747c4ea403a74/element/f.B789F3E8D5EB6317E0B12CBF8AF7BC43.d.585426915E717BB1CB8B383CFABDB31F.e.3505/value - {"text":"C002"}
COMMAND: GET /session/6aa7e649349f90b4840747c4ea403a74/screenshot - {}
RESULT: {"text":"C002"}
COMMAND: GET /session/6aa7e649349f90b4840747c4ea403a74/screenshot - {}
RESULT: {}
RESULT: {}
COMMAND: POST /session/6aa7e649349f90b4840747c4ea403a74/element - {"using":"xpath","value":"//span[contains(text(), \"C002\")]"}
RESULT: {"using":"xpath","value":"//span[contains(text(), \"C002\")]"}
COMMAND: POST /session/6aa7e649349f90b4840747c4ea403a74/element/f.B789F3E8D5EB6317E0B12CBF8AF7BC43.d.585426915E717BB1CB8B383CFABDB31F.e.3721/click - {}
RESULT: {}
COMMAND: GET /session/6aa7e649349f90b4840747c4ea403a74/screenshot - {}
RESULT: {}
COMMAND: POST /session/6aa7e649349f90b4840747c4ea403a74/execute/async - {"script":"<script> [1562 bytes]","args":[{"selector":{"id":"application-managepartners-display-component---NewPartner--btnAddTableRow-img"},"wdio_ui5_key":"applicationmanagepartners-display-component---NewPartner--btnAddTableRow-img"}]}
RESULT: {"script":"<script> [1562 bytes]","args":[{"selector":{"id":"application-managepartners-display-component---NewPartner--btnAddTableRow-img"},"wdio_ui5_key":"applicationmanagepartners-display-component---NewPartner--btnAddTableRow-img"}]}
RESULT: undefined
COMMAND: POST /session/6aa7e649349f90b4840747c4ea403a74/element - {"using":"xpath","value":"//*[@id=\"application-managepartners-display-component---NewPartner--btnAddTableRow-img\"]"}
RESULT: {"using":"xpath","value":"//*[@id=\"application-managepartners-display-component---NewPartner--btnAddTableRow-img\"]"}
COMMAND: POST /session/6aa7e649349f90b4840747c4ea403a74/element/f.B789F3E8D5EB6317E0B12CBF8AF7BC43.d.585426915E717BB1CB8B383CFABDB31F.e.3722/click - {}
RESULT: {}
COMMAND: GET /session/6aa7e649349f90b4840747c4ea403a74/screenshot - {}
RESULT: {}
COMMAND: POST /session/6aa7e649349f90b4840747c4ea403a74/element - {"using":"xpath","value":"//input[@id=\"application-managepartners-display-component---NewPartner--assignmentYard-application-managepartners-display-component---NewPartner--assignmentsTable-0-inner\"]"}
RESULT: {"using":"xpath","value":"//input[@id=\"application-managepartners-display-component---NewPartner--assignmentYard-application-managepartners-display-component---NewPartner--assignmentsTable-0-inner\"]"}
COMMAND: POST /session/6aa7e649349f90b4840747c4ea403a74/element/f.B789F3E8D5EB6317E0B12CBF8AF7BC43.d.585426915E717BB1CB8B383CFABDB31F.e.3725/clear - {}
RESULT: {}
COMMAND: POST /session/6aa7e649349f90b4840747c4ea403a74/element/f.B789F3E8D5EB6317E0B12CBF8AF7BC43.d.585426915E717BB1CB8B383CFABDB31F.e.3725/value - {"text":"428"}
COMMAND: GET /session/6aa7e649349f90b4840747c4ea403a74/screenshot - {}
RESULT: {"text":"428"}
COMMAND: GET /session/6aa7e649349f90b4840747c4ea403a74/screenshot - {}
RESULT: {}
RESULT: {}
COMMAND: POST /session/6aa7e649349f90b4840747c4ea403a74/element - {"using":"xpath","value":"//li[.//span[text()='428']]"}
RESULT: {"using":"xpath","value":"//li[.//span[text()='428']]"}
COMMAND: POST /session/6aa7e649349f90b4840747c4ea403a74/element/f.B789F3E8D5EB6317E0B12CBF8AF7BC43.d.585426915E717BB1CB8B383CFABDB31F.e.3734/click - {}
RESULT: {}
COMMAND: GET /session/6aa7e649349f90b4840747c4ea403a74/screenshot - {}
RESULT: {}
COMMAND: POST /session/6aa7e649349f90b4840747c4ea403a74/actions - {"actions":[{"id":"action8","type":"key","parameters":{},"actions":[{"type":"keyDown","value":"î€‡"},{"type":"pause","duration":10},{"type":"keyUp","value":"î€‡"}]}]}
RESULT: {"actions":[{"id":"action8","type":"key","parameters":{},"actions":[{"type":"keyDown","value":"î€‡"},{"type":"pause","duration":10},{"type":"keyUp","value":"î€‡"}]}]}
COMMAND: POST /session/6aa7e649349f90b4840747c4ea403a74/execute/async - {"script":"<script> [1562 bytes]","args":[{"selector":{"id":"application-managepartners-display-component---NewPartner--externalCustomerComboBox-application-managepartners-display-component---NewPartner--assignmentsTable-0-vhi"},"wdio_ui5_key":"applicationmanagepartners-display-component---NewPartner--externalCustomerComboBox-application-managepartners-display-component---NewPartner--assignmentsTable-0-vhi"}]}
COMMAND: GET /session/6aa7e649349f90b4840747c4ea403a74/screenshot - {}
RESULT: {"script":"<script> [1562 bytes]","args":[{"selector":{"id":"application-managepartners-display-component---NewPartner--externalCustomerComboBox-application-managepartners-display-component---NewPartner--assignmentsTable-0-vhi"},"wdio_ui5_key":"applicationmanagepartners-display-component---NewPartner--externalCustomerComboBox-application-managepartners-display-component---NewPartner--assignmentsTable-0-vhi"}]}
RESULT: undefined
COMMAND: POST /session/6aa7e649349f90b4840747c4ea403a74/element - {"using":"xpath","value":"//*[@id=\"application-managepartners-display-component---NewPartner--externalCustomerComboBox-application-managepartners-display-component---NewPartner--assignmentsTable-0-vhi\"]"}
RESULT: {}
RESULT: {"using":"xpath","value":"//*[@id=\"application-managepartners-display-component---NewPartner--externalCustomerComboBox-application-managepartners-display-component---NewPartner--assignmentsTable-0-vhi\"]"}
COMMAND: POST /session/6aa7e649349f90b4840747c4ea403a74/element/f.B789F3E8D5EB6317E0B12CBF8AF7BC43.d.585426915E717BB1CB8B383CFABDB31F.e.3738/click - {}
RESULT: {}
RESULT: undefined
COMMAND: POST /session/6aa7e649349f90b4840747c4ea403a74/execute/async - {"script":"<script> [776 bytes]","args":[{"enterText":"300003","selector":{"controlType":"sap.m.SearchField","properties":{"placeholder":"Search"},"searchOpenDialogs":true,"interaction":{"idSuffix":"I"}},"clearTextFirst":true,"interactionType":"ENTER_TEXT"}]}
COMMAND: GET /session/6aa7e649349f90b4840747c4ea403a74/screenshot - {}
RESULT: {"script":"<script> [776 bytes]","args":[{"enterText":"300003","selector":{"controlType":"sap.m.SearchField","properties":{"placeholder":"Search"},"searchOpenDialogs":true,"interaction":{"idSuffix":"I"}},"clearTextFirst":true,"interactionType":"ENTER_TEXT"}]}
COMMAND: POST /session/6aa7e649349f90b4840747c4ea403a74/actions - {"actions":[{"id":"action9","type":"key","parameters":{},"actions":[{"type":"keyDown","value":"î€‡"},{"type":"pause","duration":10},{"type":"keyUp","value":"î€‡"}]}]}
RESULT: {}
RESULT: {"actions":[{"id":"action9","type":"key","parameters":{},"actions":[{"type":"keyDown","value":"î€‡"},{"type":"pause","duration":10},{"type":"keyUp","value":"î€‡"}]}]}
COMMAND: GET /session/6aa7e649349f90b4840747c4ea403a74/screenshot - {}
RESULT: {}
COMMAND: POST /session/6aa7e649349f90b4840747c4ea403a74/element - {"using":"xpath","value":"//span[contains(text(), \"300003\")]"}
RESULT: {"using":"xpath","value":"//span[contains(text(), \"300003\")]"}
COMMAND: POST /session/6aa7e649349f90b4840747c4ea403a74/element/f.B789F3E8D5EB6317E0B12CBF8AF7BC43.d.585426915E717BB1CB8B383CFABDB31F.e.3756/click - {}
RESULT: {}
COMMAND: GET /session/6aa7e649349f90b4840747c4ea403a74/screenshot - {}
RESULT: {}
COMMAND: POST /session/6aa7e649349f90b4840747c4ea403a74/element - {"using":"xpath","value":"//bdi[contains(text(), \"OK\")]"}
RESULT: {"using":"xpath","value":"//bdi[contains(text(), \"OK\")]"}
COMMAND: POST /session/6aa7e649349f90b4840747c4ea403a74/element/f.B789F3E8D5EB6317E0B12CBF8AF7BC43.d.585426915E717BB1CB8B383CFABDB31F.e.3758/click - {}
RESULT: {}
COMMAND: GET /session/6aa7e649349f90b4840747c4ea403a74/screenshot - {}
RESULT: {}
COMMAND: POST /session/6aa7e649349f90b4840747c4ea403a74/execute/async - {"script":"<script> [1562 bytes]","args":[{"selector":{"id":"application-managepartners-display-component---NewPartner--intercompVendorComboBox-application-managepartners-display-component---NewPartner--assignmentsTable-0-vhi"},"wdio_ui5_key":"applicationmanagepartners-display-component---NewPartner--intercompVendorComboBox-application-managepartners-display-component---NewPartner--assignmentsTable-0-vhi"}]}
RESULT: {"script":"<script> [1562 bytes]","args":[{"selector":{"id":"application-managepartners-display-component---NewPartner--intercompVendorComboBox-application-managepartners-display-component---NewPartner--assignmentsTable-0-vhi"},"wdio_ui5_key":"applicationmanagepartners-display-component---NewPartner--intercompVendorComboBox-application-managepartners-display-component---NewPartner--assignmentsTable-0-vhi"}]}
RESULT: undefined
COMMAND: POST /session/6aa7e649349f90b4840747c4ea403a74/element - {"using":"xpath","value":"//*[@id=\"application-managepartners-display-component---NewPartner--intercompVendorComboBox-application-managepartners-display-component---NewPartner--assignmentsTable-0-vhi\"]"}
RESULT: {"using":"xpath","value":"//*[@id=\"application-managepartners-display-component---NewPartner--intercompVendorComboBox-application-managepartners-display-component---NewPartner--assignmentsTable-0-vhi\"]"}
COMMAND: POST /session/6aa7e649349f90b4840747c4ea403a74/element/f.B789F3E8D5EB6317E0B12CBF8AF7BC43.d.585426915E717BB1CB8B383CFABDB31F.e.3761/click - {}
RESULT: {}
RESULT: undefined
COMMAND: POST /session/6aa7e649349f90b4840747c4ea403a74/execute/async - {"script":"<script> [776 bytes]","args":[{"enterText":"100005","selector":{"controlType":"sap.m.SearchField","properties":{"placeholder":"Search"},"searchOpenDialogs":true,"interaction":{"idSuffix":"I"}},"clearTextFirst":true,"interactionType":"ENTER_TEXT"}]}
COMMAND: GET /session/6aa7e649349f90b4840747c4ea403a74/screenshot - {}
RESULT: {}
RESULT: {"script":"<script> [776 bytes]","args":[{"enterText":"100005","selector":{"controlType":"sap.m.SearchField","properties":{"placeholder":"Search"},"searchOpenDialogs":true,"interaction":{"idSuffix":"I"}},"clearTextFirst":true,"interactionType":"ENTER_TEXT"}]}
COMMAND: POST /session/6aa7e649349f90b4840747c4ea403a74/actions - {"actions":[{"id":"action10","type":"key","parameters":{},"actions":[{"type":"keyDown","value":"î€‡"},{"type":"pause","duration":10},{"type":"keyUp","value":"î€‡"}]}]}
RESULT: {"actions":[{"id":"action10","type":"key","parameters":{},"actions":[{"type":"keyDown","value":"î€‡"},{"type":"pause","duration":10},{"type":"keyUp","value":"î€‡"}]}]}
COMMAND: GET /session/6aa7e649349f90b4840747c4ea403a74/screenshot - {}
RESULT: {}
COMMAND: POST /session/6aa7e649349f90b4840747c4ea403a74/element - {"using":"xpath","value":"//span[contains(text(), \"Penguins - Field/12345 Berlin\")]"}
RESULT: {"using":"xpath","value":"//span[contains(text(), \"Penguins - Field/12345 Berlin\")]"}
COMMAND: POST /session/6aa7e649349f90b4840747c4ea403a74/element/f.B789F3E8D5EB6317E0B12CBF8AF7BC43.d.585426915E717BB1CB8B383CFABDB31F.e.3778/click - {}
RESULT: {}
COMMAND: GET /session/6aa7e649349f90b4840747c4ea403a74/screenshot - {}
RESULT: {}
COMMAND: POST /session/6aa7e649349f90b4840747c4ea403a74/element - {"using":"xpath","value":"//bdi[contains(text(), \"OK\")]"}
RESULT: {"using":"xpath","value":"//bdi[contains(text(), \"OK\")]"}
COMMAND: POST /session/6aa7e649349f90b4840747c4ea403a74/element/f.B789F3E8D5EB6317E0B12CBF8AF7BC43.d.585426915E717BB1CB8B383CFABDB31F.e.3779/click - {}
RESULT: {}
COMMAND: GET /session/6aa7e649349f90b4840747c4ea403a74/screenshot - {}
RESULT: {}
COMMAND: POST /session/6aa7e649349f90b4840747c4ea403a74/element - {"using":"xpath","value":"//button[@data-kt=\"saveButton\"]"}
RESULT: {"using":"xpath","value":"//button[@data-kt=\"saveButton\"]"}
COMMAND: POST /session/6aa7e649349f90b4840747c4ea403a74/element/f.B789F3E8D5EB6317E0B12CBF8AF7BC43.d.585426915E717BB1CB8B383CFABDB31F.e.3629/click - {}
RESULT: {}
COMMAND: GET /session/6aa7e649349f90b4840747c4ea403a74/screenshot - {}
RESULT: {}
COMMAND: POST /session/6aa7e649349f90b4840747c4ea403a74/element - {"using":"xpath","value":"//header[contains(@id, 'ObjectPageLayout-headerTitle')]/div[1]/div[2]/div[2]/span[1]"}
RESULT: {"using":"xpath","value":"//header[contains(@id, 'ObjectPageLayout-headerTitle')]/div[1]/div[2]/div[2]/span[1]"}
COMMAND: POST /session/6aa7e649349f90b4840747c4ea403a74/elements - {"using":"xpath","value":"//header[contains(@id, 'ObjectPageLayout-headerTitle')]/div[1]/div[2]/div[2]/span[1]"}
RESULT: {"using":"xpath","value":"//header[contains(@id, 'ObjectPageLayout-headerTitle')]/div[1]/div[2]/div[2]/span[1]"}
COMMAND: POST /session/6aa7e649349f90b4840747c4ea403a74/execute/sync - {"script":"<script> [56 bytes]","args":[{"element-6066-11e4-a52e-4f735466cecf":"f.B789F3E8D5EB6317E0B12CBF8AF7BC43.d.585426915E717BB1CB8B383CFABDB31F.e.3945","ELEMENT":"f.B789F3E8D5EB6317E0B12CBF8AF7BC43.d.585426915E717BB1CB8B383CFABDB31F.e.3945"}]}
RESULT: {"script":"<script> [56 bytes]","args":[{"element-6066-11e4-a52e-4f735466cecf":"f.B789F3E8D5EB6317E0B12CBF8AF7BC43.d.585426915E717BB1CB8B383CFABDB31F.e.3945","ELEMENT":"f.B789F3E8D5EB6317E0B12CBF8AF7BC43.d.585426915E717BB1CB8B383CFABDB31F.e.3945"}]}
COMMAND: POST /session/6aa7e649349f90b4840747c4ea403a74/element - {"using":"css selector","value":"#shell-header-logo"}
COMMAND: GET /session/6aa7e649349f90b4840747c4ea403a74/screenshot - {}
RESULT: {"using":"css selector","value":"#shell-header-logo"}
COMMAND: POST /session/6aa7e649349f90b4840747c4ea403a74/element/f.B789F3E8D5EB6317E0B12CBF8AF7BC43.d.585426915E717BB1CB8B383CFABDB31F.e.3157/click - {}
RESULT: {}
RESULT: {}
COMMAND: GET /session/6aa7e649349f90b4840747c4ea403a74/screenshot - {}
RESULT: {}
COMMAND: POST /session/6aa7e649349f90b4840747c4ea403a74/execute/sync - {"script":"<script> [299 bytes]","args":[["getModel","getResource"]]}
RESULT: {"script":"<script> [299 bytes]","args":[["getModel","getResource"]]}
RESULT: undefined
COMMAND: POST /session/6aa7e649349f90b4840747c4ea403a74/element - {"using":"xpath","value":"//*[@id=\"__tile30\"]"}
COMMAND: GET /session/6aa7e649349f90b4840747c4ea403a74/screenshot - {}
RESULT: {"using":"xpath","value":"//*[@id=\"__tile30\"]"}
COMMAND: POST /session/6aa7e649349f90b4840747c4ea403a74/element/f.B789F3E8D5EB6317E0B12CBF8AF7BC43.d.585426915E717BB1CB8B383CFABDB31F.e.3077/click - {}
RESULT: {}
RESULT: {}
COMMAND: POST /session/6aa7e649349f90b4840747c4ea403a74/element - {"using":"xpath","value":"//button[@data-kt=\"addButton\"]"}
COMMAND: GET /session/6aa7e649349f90b4840747c4ea403a74/screenshot - {}
RESULT: {"using":"xpath","value":"//button[@data-kt=\"addButton\"]"}
COMMAND: POST /session/6aa7e649349f90b4840747c4ea403a74/elements - {"using":"xpath","value":"//button[@data-kt=\"addButton\"]"}
RESULT: {}
RESULT: {"using":"xpath","value":"//button[@data-kt=\"addButton\"]"}
COMMAND: POST /session/6aa7e649349f90b4840747c4ea403a74/elements - {"using":"xpath","value":"//button[@data-kt=\"addButton\"]"}
RESULT: {"using":"xpath","value":"//button[@data-kt=\"addButton\"]"}
COMMAND: POST /session/6aa7e649349f90b4840747c4ea403a74/elements - {"using":"xpath","value":"//button[@data-kt=\"addButton\"]"}
RESULT: {"using":"xpath","value":"//button[@data-kt=\"addButton\"]"}
COMMAND: POST /session/6aa7e649349f90b4840747c4ea403a74/elements - {"using":"xpath","value":"//button[@data-kt=\"addButton\"]"}
RESULT: {"using":"xpath","value":"//button[@data-kt=\"addButton\"]"}
COMMAND: POST /session/6aa7e649349f90b4840747c4ea403a74/elements - {"using":"xpath","value":"//button[@data-kt=\"addButton\"]"}
RESULT: {"using":"xpath","value":"//button[@data-kt=\"addButton\"]"}
COMMAND: POST /session/6aa7e649349f90b4840747c4ea403a74/elements - {"using":"xpath","value":"//button[@data-kt=\"addButton\"]"}
RESULT: {"using":"xpath","value":"//button[@data-kt=\"addButton\"]"}
COMMAND: POST /session/6aa7e649349f90b4840747c4ea403a74/elements - {"using":"xpath","value":"//button[@data-kt=\"addButton\"]"}
RESULT: {"using":"xpath","value":"//button[@data-kt=\"addButton\"]"}
COMMAND: POST /session/6aa7e649349f90b4840747c4ea403a74/elements - {"using":"xpath","value":"//button[@data-kt=\"addButton\"]"}
RESULT: {"using":"xpath","value":"//button[@data-kt=\"addButton\"]"}
COMMAND: POST /session/6aa7e649349f90b4840747c4ea403a74/elements - {"using":"xpath","value":"//button[@data-kt=\"addButton\"]"}
RESULT: {"using":"xpath","value":"//button[@data-kt=\"addButton\"]"}
COMMAND: POST /session/6aa7e649349f90b4840747c4ea403a74/elements - {"using":"xpath","value":"//button[@data-kt=\"addButton\"]"}
RESULT: {"using":"xpath","value":"//button[@data-kt=\"addButton\"]"}
COMMAND: POST /session/6aa7e649349f90b4840747c4ea403a74/elements - {"using":"xpath","value":"//button[@data-kt=\"addButton\"]"}
RESULT: {"using":"xpath","value":"//button[@data-kt=\"addButton\"]"}
COMMAND: POST /session/6aa7e649349f90b4840747c4ea403a74/elements - {"using":"xpath","value":"//button[@data-kt=\"addButton\"]"}
RESULT: {"using":"xpath","value":"//button[@data-kt=\"addButton\"]"}
COMMAND: POST /session/6aa7e649349f90b4840747c4ea403a74/elements - {"using":"xpath","value":"//button[@data-kt=\"addButton\"]"}
RESULT: {"using":"xpath","value":"//button[@data-kt=\"addButton\"]"}
COMMAND: POST /session/6aa7e649349f90b4840747c4ea403a74/elements - {"using":"xpath","value":"//button[@data-kt=\"addButton\"]"}
RESULT: {"using":"xpath","value":"//button[@data-kt=\"addButton\"]"}
COMMAND: POST /session/6aa7e649349f90b4840747c4ea403a74/element - {"using":"xpath","value":"//button[@data-kt=\"addButton\"]"}
RESULT: {"using":"xpath","value":"//button[@data-kt=\"addButton\"]"}
COMMAND: POST /session/6aa7e649349f90b4840747c4ea403a74/execute/sync - {"script":"<script> [8489 bytes]","args":[{"element-6066-11e4-a52e-4f735466cecf":"f.B789F3E8D5EB6317E0B12CBF8AF7BC43.d.585426915E717BB1CB8B383CFABDB31F.e.3982","ELEMENT":"f.B789F3E8D5EB6317E0B12CBF8AF7BC43.d.585426915E717BB1CB8B383CFABDB31F.e.3982"}]}
RESULT: {"script":"<script> [8489 bytes]","args":[{"element-6066-11e4-a52e-4f735466cecf":"f.B789F3E8D5EB6317E0B12CBF8AF7BC43.d.585426915E717BB1CB8B383CFABDB31F.e.3982","ELEMENT":"f.B789F3E8D5EB6317E0B12CBF8AF7BC43.d.585426915E717BB1CB8B383CFABDB31F.e.3982"}]}
COMMAND: GET /session/6aa7e649349f90b4840747c4ea403a74/element/f.B789F3E8D5EB6317E0B12CBF8AF7BC43.d.585426915E717BB1CB8B383CFABDB31F.e.3982/enabled - {}
COMMAND: GET /session/6aa7e649349f90b4840747c4ea403a74/screenshot - {}
RESULT: {}
COMMAND: POST /session/6aa7e649349f90b4840747c4ea403a74/execute/sync - {"script":"<script> [8489 bytes]","args":[{"element-6066-11e4-a52e-4f735466cecf":"f.B789F3E8D5EB6317E0B12CBF8AF7BC43.d.585426915E717BB1CB8B383CFABDB31F.e.3982","ELEMENT":"f.B789F3E8D5EB6317E0B12CBF8AF7BC43.d.585426915E717BB1CB8B383CFABDB31F.e.3982"}]}
COMMAND: GET /session/6aa7e649349f90b4840747c4ea403a74/screenshot - {}
RESULT: {}
RESULT: {"script":"<script> [8489 bytes]","args":[{"element-6066-11e4-a52e-4f735466cecf":"f.B789F3E8D5EB6317E0B12CBF8AF7BC43.d.585426915E717BB1CB8B383CFABDB31F.e.3982","ELEMENT":"f.B789F3E8D5EB6317E0B12CBF8AF7BC43.d.585426915E717BB1CB8B383CFABDB31F.e.3982"}]}
COMMAND: POST /session/6aa7e649349f90b4840747c4ea403a74/execute/sync - {"script":"<script> [5351 bytes]","args":[{"element-6066-11e4-a52e-4f735466cecf":"f.B789F3E8D5EB6317E0B12CBF8AF7BC43.d.585426915E717BB1CB8B383CFABDB31F.e.3982","ELEMENT":"f.B789F3E8D5EB6317E0B12CBF8AF7BC43.d.585426915E717BB1CB8B383CFABDB31F.e.3982"}]}
COMMAND: GET /session/6aa7e649349f90b4840747c4ea403a74/screenshot - {}
RESULT: {}
RESULT: {"script":"<script> [5351 bytes]","args":[{"element-6066-11e4-a52e-4f735466cecf":"f.B789F3E8D5EB6317E0B12CBF8AF7BC43.d.585426915E717BB1CB8B383CFABDB31F.e.3982","ELEMENT":"f.B789F3E8D5EB6317E0B12CBF8AF7BC43.d.585426915E717BB1CB8B383CFABDB31F.e.3982"}]}
COMMAND: GET /session/6aa7e649349f90b4840747c4ea403a74/screenshot - {}
RESULT: {}
RESULT: {}
COMMAND: POST /session/6aa7e649349f90b4840747c4ea403a74/execute/async - {"script":"<script> [1562 bytes]","args":[{"selector":{"id":"application-managepartners-display-component---masterPtm--smartFilterBar-btnBasicSearch","interaction":{"idSuffix":"I"}},"wdio_ui5_key":"applicationmanagepartners-display-component---masterPtm--smartFilterBar-btnBasicSearch"}]}
RESULT: {"script":"<script> [1562 bytes]","args":[{"selector":{"id":"application-managepartners-display-component---masterPtm--smartFilterBar-btnBasicSearch","interaction":{"idSuffix":"I"}},"wdio_ui5_key":"applicationmanagepartners-display-component---masterPtm--smartFilterBar-btnBasicSearch"}]}
RESULT: undefined
COMMAND: POST /session/6aa7e649349f90b4840747c4ea403a74/execute/async - {"script":"<script> [776 bytes]","args":[{"enterText":"1302","selector":{"id":"application-managepartners-display-component---masterPtm--smartFilterBar-btnBasicSearch","interaction":{"idSuffix":"I"}},"clearTextFirst":true,"interactionType":"ENTER_TEXT"}]}
RESULT: {"script":"<script> [776 bytes]","args":[{"enterText":"1302","selector":{"id":"application-managepartners-display-component---masterPtm--smartFilterBar-btnBasicSearch","interaction":{"idSuffix":"I"}},"clearTextFirst":true,"interactionType":"ENTER_TEXT"}]}
COMMAND: POST /session/6aa7e649349f90b4840747c4ea403a74/actions - {"actions":[{"id":"action11","type":"key","parameters":{},"actions":[{"type":"keyDown","value":"î€‡"},{"type":"pause","duration":10},{"type":"keyUp","value":"î€‡"}]}]}
RESULT: {"actions":[{"id":"action11","type":"key","parameters":{},"actions":[{"type":"keyDown","value":"î€‡"},{"type":"pause","duration":10},{"type":"keyUp","value":"î€‡"}]}]}
COMMAND: GET /session/6aa7e649349f90b4840747c4ea403a74/screenshot - {}
RESULT: {}
COMMAND: POST /session/6aa7e649349f90b4840747c4ea403a74/elements - {"using":"xpath","value":"//table[contains(@id, \"customPartnersTable-listUl\")]/tbody/tr"}
RESULT: {"using":"xpath","value":"//table[contains(@id, \"customPartnersTable-listUl\")]/tbody/tr"}
COMMAND: POST /session/6aa7e649349f90b4840747c4ea403a74/element - {"using":"xpath","value":"//table[contains(@id, \"customPartnersTable-listUl\")]/tbody/tr[1]/td[3]/span"}
RESULT: {"using":"xpath","value":"//table[contains(@id, \"customPartnersTable-listUl\")]/tbody/tr[1]/td[3]/span"}
COMMAND: POST /session/6aa7e649349f90b4840747c4ea403a74/elements - {"using":"xpath","value":"//table[contains(@id, \"customPartnersTable-listUl\")]/tbody/tr[1]/td[3]/span"}
RESULT: {"using":"xpath","value":"//table[contains(@id, \"customPartnersTable-listUl\")]/tbody/tr[1]/td[3]/span"}
COMMAND: POST /session/6aa7e649349f90b4840747c4ea403a74/execute/sync - {"script":"<script> [56 bytes]","args":[{"element-6066-11e4-a52e-4f735466cecf":"f.B789F3E8D5EB6317E0B12CBF8AF7BC43.d.585426915E717BB1CB8B383CFABDB31F.e.4128","ELEMENT":"f.B789F3E8D5EB6317E0B12CBF8AF7BC43.d.585426915E717BB1CB8B383CFABDB31F.e.4128"}]}
RESULT: {"script":"<script> [56 bytes]","args":[{"element-6066-11e4-a52e-4f735466cecf":"f.B789F3E8D5EB6317E0B12CBF8AF7BC43.d.585426915E717BB1CB8B383CFABDB31F.e.4128","ELEMENT":"f.B789F3E8D5EB6317E0B12CBF8AF7BC43.d.585426915E717BB1CB8B383CFABDB31F.e.4128"}]}
COMMAND: POST /session/6aa7e649349f90b4840747c4ea403a74/element - {"using":"xpath","value":"(//span[contains(@id, \"imgNav\")])[1]"}
COMMAND: GET /session/6aa7e649349f90b4840747c4ea403a74/screenshot - {}
RESULT: {"using":"xpath","value":"(//span[contains(@id, \"imgNav\")])[1]"}
COMMAND: POST /session/6aa7e649349f90b4840747c4ea403a74/element/f.B789F3E8D5EB6317E0B12CBF8AF7BC43.d.585426915E717BB1CB8B383CFABDB31F.e.4126/click - {}
RESULT: {}
RESULT: {}
COMMAND: GET /session/6aa7e649349f90b4840747c4ea403a74/screenshot - {}
RESULT: {}
COMMAND: POST /session/6aa7e649349f90b4840747c4ea403a74/element - {"using":"xpath","value":"//bdi[contains(text(), \"Edit\")]"}
RESULT: {"using":"xpath","value":"//bdi[contains(text(), \"Edit\")]"}
COMMAND: POST /session/6aa7e649349f90b4840747c4ea403a74/element/f.B789F3E8D5EB6317E0B12CBF8AF7BC43.d.585426915E717BB1CB8B383CFABDB31F.e.4273/click - {}
RESULT: {}
COMMAND: GET /session/6aa7e649349f90b4840747c4ea403a74/screenshot - {}
RESULT: {}
COMMAND: POST /session/6aa7e649349f90b4840747c4ea403a74/execute/async - {"script":"<script> [1562 bytes]","args":[{"selector":{"controlType":"sap.m.Input","viewName":"etm.portal.ui.managepartners.view.EditDetail","labelFor":{"text":"Name"},"interaction":{"idSuffix":"inner"}},"wdio_ui5_key":"etmportal.ui.managepartners.view.EditDetailsap.m.Input{\"text\":\"Name\"}"}]}
RESULT: {"script":"<script> [1562 bytes]","args":[{"selector":{"controlType":"sap.m.Input","viewName":"etm.portal.ui.managepartners.view.EditDetail","labelFor":{"text":"Name"},"interaction":{"idSuffix":"inner"}},"wdio_ui5_key":"etmportal.ui.managepartners.view.EditDetailsap.m.Input{\"text\":\"Name\"}"}]}
RESULT: undefined
COMMAND: POST /session/6aa7e649349f90b4840747c4ea403a74/execute/async - {"script":"<script> [776 bytes]","args":[{"enterText":"Intercompany EDIT","selector":{"controlType":"sap.m.Input","viewName":"etm.portal.ui.managepartners.view.EditDetail","labelFor":{"text":"Name"},"interaction":{"idSuffix":"inner"}},"clearTextFirst":true,"interactionType":"ENTER_TEXT"}]}
RESULT: {"script":"<script> [776 bytes]","args":[{"enterText":"Intercompany EDIT","selector":{"controlType":"sap.m.Input","viewName":"etm.portal.ui.managepartners.view.EditDetail","labelFor":{"text":"Name"},"interaction":{"idSuffix":"inner"}},"clearTextFirst":true,"interactionType":"ENTER_TEXT"}]}
COMMAND: POST /session/6aa7e649349f90b4840747c4ea403a74/element - {"using":"xpath","value":"(//span[contains(@id,\"addressDetailDetailsLanguage-arrow\")])[1]"}
RESULT: {"using":"xpath","value":"(//span[contains(@id,\"addressDetailDetailsLanguage-arrow\")])[1]"}
COMMAND: POST /session/6aa7e649349f90b4840747c4ea403a74/element/f.B789F3E8D5EB6317E0B12CBF8AF7BC43.d.585426915E717BB1CB8B383CFABDB31F.e.4358/click - {}
RESULT: {}
COMMAND: POST /session/6aa7e649349f90b4840747c4ea403a74/element - {"using":"xpath","value":"//span[contains(text(), \"Chinese\")]"}
COMMAND: GET /session/6aa7e649349f90b4840747c4ea403a74/screenshot - {}
RESULT: {"using":"xpath","value":"//span[contains(text(), \"Chinese\")]"}
COMMAND: POST /session/6aa7e649349f90b4840747c4ea403a74/element/f.B789F3E8D5EB6317E0B12CBF8AF7BC43.d.585426915E717BB1CB8B383CFABDB31F.e.4359/click - {}
RESULT: {}
RESULT: {}
COMMAND: GET /session/6aa7e649349f90b4840747c4ea403a74/screenshot - {}
RESULT: {}
COMMAND: POST /session/6aa7e649349f90b4840747c4ea403a74/execute/async - {"script":"<script> [1562 bytes]","args":[{"selector":{"controlType":"sap.m.Input","viewName":"etm.portal.ui.managepartners.view.EditDetail","labelFor":{"text":"City"},"interaction":{"idSuffix":"inner"}},"wdio_ui5_key":"etmportal.ui.managepartners.view.EditDetailsap.m.Input{\"text\":\"City\"}"}]}
RESULT: {"script":"<script> [1562 bytes]","args":[{"selector":{"controlType":"sap.m.Input","viewName":"etm.portal.ui.managepartners.view.EditDetail","labelFor":{"text":"City"},"interaction":{"idSuffix":"inner"}},"wdio_ui5_key":"etmportal.ui.managepartners.view.EditDetailsap.m.Input{\"text\":\"City\"}"}]}
RESULT: undefined
COMMAND: POST /session/6aa7e649349f90b4840747c4ea403a74/execute/async - {"script":"<script> [776 bytes]","args":[{"enterText":"Clooj-Napoca","selector":{"controlType":"sap.m.Input","viewName":"etm.portal.ui.managepartners.view.EditDetail","labelFor":{"text":"City"},"interaction":{"idSuffix":"inner"}},"clearTextFirst":true,"interactionType":"ENTER_TEXT"}]}
RESULT: {"script":"<script> [776 bytes]","args":[{"enterText":"Clooj-Napoca","selector":{"controlType":"sap.m.Input","viewName":"etm.portal.ui.managepartners.view.EditDetail","labelFor":{"text":"City"},"interaction":{"idSuffix":"inner"}},"clearTextFirst":true,"interactionType":"ENTER_TEXT"}]}
COMMAND: POST /session/6aa7e649349f90b4840747c4ea403a74/element - {"using":"xpath","value":"//button[@data-kt=\"saveButton\"]"}
RESULT: {"using":"xpath","value":"//button[@data-kt=\"saveButton\"]"}
COMMAND: POST /session/6aa7e649349f90b4840747c4ea403a74/element/f.B789F3E8D5EB6317E0B12CBF8AF7BC43.d.585426915E717BB1CB8B383CFABDB31F.e.4335/click - {}
RESULT: {}
COMMAND: GET /session/6aa7e649349f90b4840747c4ea403a74/screenshot - {}
RESULT: {}
COMMAND: POST /session/6aa7e649349f90b4840747c4ea403a74/execute/async - {"script":"<script> [1562 bytes]","args":[{"selector":{"id":"application-managepartners-display-component---detailPtm--addressDetailDetailsName1"},"wdio_ui5_key":"applicationmanagepartners-display-component---detailPtm--addressDetailDetailsName1"}]}
RESULT: {"script":"<script> [1562 bytes]","args":[{"selector":{"id":"application-managepartners-display-component---detailPtm--addressDetailDetailsName1"},"wdio_ui5_key":"applicationmanagepartners-display-component---detailPtm--addressDetailDetailsName1"}]}
RESULT: undefined
COMMAND: POST /session/6aa7e649349f90b4840747c4ea403a74/execute/async - {"script":"<script> [6424 bytes]","args":[{"element-6066-11e4-a52e-4f735466cecf":"f.B789F3E8D5EB6317E0B12CBF8AF7BC43.d.585426915E717BB1CB8B383CFABDB31F.e.4390"},"getValue",[]]}
RESULT: {"script":"<script> [6424 bytes]","args":[{"element-6066-11e4-a52e-4f735466cecf":"f.B789F3E8D5EB6317E0B12CBF8AF7BC43.d.585426915E717BB1CB8B383CFABDB31F.e.4390"},"getValue",[]]}
COMMAND: POST /session/6aa7e649349f90b4840747c4ea403a74/element - {"using":"xpath","value":"//input[@id = \"application-managepartners-display-component---detailPtm--addressDetailDetailsLanguage-inner\"]"}
RESULT: {"using":"xpath","value":"//input[@id = \"application-managepartners-display-component---detailPtm--addressDetailDetailsLanguage-inner\"]"}
COMMAND: GET /session/6aa7e649349f90b4840747c4ea403a74/element/f.B789F3E8D5EB6317E0B12CBF8AF7BC43.d.585426915E717BB1CB8B383CFABDB31F.e.4391/property/value - {}
RESULT: {}
COMMAND: POST /session/6aa7e649349f90b4840747c4ea403a74/execute/async - {"script":"<script> [1562 bytes]","args":[{"selector":{"id":"application-managepartners-display-component---detailPtm--addressDetailDetailsCity1"},"wdio_ui5_key":"applicationmanagepartners-display-component---detailPtm--addressDetailDetailsCity1"}]}
COMMAND: GET /session/6aa7e649349f90b4840747c4ea403a74/screenshot - {}
RESULT: {"script":"<script> [1562 bytes]","args":[{"selector":{"id":"application-managepartners-display-component---detailPtm--addressDetailDetailsCity1"},"wdio_ui5_key":"applicationmanagepartners-display-component---detailPtm--addressDetailDetailsCity1"}]}
RESULT: undefined
COMMAND: POST /session/6aa7e649349f90b4840747c4ea403a74/execute/async - {"script":"<script> [6424 bytes]","args":[{"element-6066-11e4-a52e-4f735466cecf":"f.B789F3E8D5EB6317E0B12CBF8AF7BC43.d.585426915E717BB1CB8B383CFABDB31F.e.4392"},"getValue",[]]}
RESULT: {}
RESULT: {"script":"<script> [6424 bytes]","args":[{"element-6066-11e4-a52e-4f735466cecf":"f.B789F3E8D5EB6317E0B12CBF8AF7BC43.d.585426915E717BB1CB8B383CFABDB31F.e.4392"},"getValue",[]]}
COMMAND: POST /session/6aa7e649349f90b4840747c4ea403a74/element - {"using":"css selector","value":"#shell-header-logo"}
RESULT: {"using":"css selector","value":"#shell-header-logo"}
COMMAND: POST /session/6aa7e649349f90b4840747c4ea403a74/element/f.B789F3E8D5EB6317E0B12CBF8AF7BC43.d.585426915E717BB1CB8B383CFABDB31F.e.3948/click - {}
RESULT: {}
COMMAND: GET /session/6aa7e649349f90b4840747c4ea403a74/screenshot - {}
RESULT: {}
]]></system-out>
    </testcase>
    <testcase classname="chrome.135_0_7049_96.windows.Partner_specific_tests_US150819_US151080_US151654_US151176_US103444_US151078_US151079_US151109_US151174_US151175_US151189" name="Should create a new intracompany partner edit some of its fields US151079" time="226.042">
      <system-out><![CDATA[
COMMAND: POST /session/6aa7e649349f90b4840747c4ea403a74/element - {"using":"xpath","value":"//li[.//span[text()=\"Manage Partners\"]]"}
RESULT: {"using":"xpath","value":"//li[.//span[text()=\"Manage Partners\"]]"}
COMMAND: POST /session/6aa7e649349f90b4840747c4ea403a74/element - {"using":"xpath","value":"//li[.//span[text()=\"Manage Partners\"]]"}
RESULT: {"using":"xpath","value":"//li[.//span[text()=\"Manage Partners\"]]"}
COMMAND: POST /session/6aa7e649349f90b4840747c4ea403a74/element - {"using":"css selector","value":"#shell-header-logo"}
RESULT: {"using":"css selector","value":"#shell-header-logo"}
COMMAND: POST /session/6aa7e649349f90b4840747c4ea403a74/element/f.B789F3E8D5EB6317E0B12CBF8AF7BC43.d.585426915E717BB1CB8B383CFABDB31F.e.4422/click - {}
COMMAND: POST /session/6aa7e649349f90b4840747c4ea403a74/execute/sync - {"script":"<script> [8489 bytes]","args":[{"element-6066-11e4-a52e-4f735466cecf":"f.B789F3E8D5EB6317E0B12CBF8AF7BC43.d.585426915E717BB1CB8B383CFABDB31F.e.4422","ELEMENT":"f.B789F3E8D5EB6317E0B12CBF8AF7BC43.d.585426915E717BB1CB8B383CFABDB31F.e.4422"}]}
RESULT: {"script":"<script> [8489 bytes]","args":[{"element-6066-11e4-a52e-4f735466cecf":"f.B789F3E8D5EB6317E0B12CBF8AF7BC43.d.585426915E717BB1CB8B383CFABDB31F.e.4422","ELEMENT":"f.B789F3E8D5EB6317E0B12CBF8AF7BC43.d.585426915E717BB1CB8B383CFABDB31F.e.4422"}]}
COMMAND: POST /session/6aa7e649349f90b4840747c4ea403a74/execute/sync - {"script":"<script> [5351 bytes]","args":[{"element-6066-11e4-a52e-4f735466cecf":"f.B789F3E8D5EB6317E0B12CBF8AF7BC43.d.585426915E717BB1CB8B383CFABDB31F.e.4422","ELEMENT":"f.B789F3E8D5EB6317E0B12CBF8AF7BC43.d.585426915E717BB1CB8B383CFABDB31F.e.4422"}]}
COMMAND: GET /session/6aa7e649349f90b4840747c4ea403a74/screenshot - {}
RESULT: {}
COMMAND: GET /session/6aa7e649349f90b4840747c4ea403a74/screenshot - {}
RESULT: {"script":"<script> [5351 bytes]","args":[{"element-6066-11e4-a52e-4f735466cecf":"f.B789F3E8D5EB6317E0B12CBF8AF7BC43.d.585426915E717BB1CB8B383CFABDB31F.e.4422","ELEMENT":"f.B789F3E8D5EB6317E0B12CBF8AF7BC43.d.585426915E717BB1CB8B383CFABDB31F.e.4422"}]}
COMMAND: GET /session/6aa7e649349f90b4840747c4ea403a74/screenshot - {}
RESULT: {}
RESULT: {}
RESULT: {}
COMMAND: POST /session/6aa7e649349f90b4840747c4ea403a74/refresh - {}
RESULT: {}
COMMAND: GET /session/6aa7e649349f90b4840747c4ea403a74/screenshot - {}
RESULT: {}
COMMAND: POST /session/6aa7e649349f90b4840747c4ea403a74/refresh - {}
RESULT: {}
COMMAND: GET /session/6aa7e649349f90b4840747c4ea403a74/screenshot - {}
RESULT: {}
COMMAND: POST /session/6aa7e649349f90b4840747c4ea403a74/window/fullscreen - {}
RESULT: {}
COMMAND: POST /session/6aa7e649349f90b4840747c4ea403a74/execute/async - {"script":"<script> [189 bytes]","args":[]}
RESULT: {"script":"<script> [189 bytes]","args":[]}
COMMAND: POST /session/6aa7e649349f90b4840747c4ea403a74/execute/async - {"script":"<script> [123 bytes]","args":[]}
RESULT: {"script":"<script> [123 bytes]","args":[]}
COMMAND: POST /session/6aa7e649349f90b4840747c4ea403a74/timeouts - {"script":"<number>"}
RESULT: {"script":"<number>"}
COMMAND: GET /session/6aa7e649349f90b4840747c4ea403a74/timeouts - {}
RESULT: {}
RESULT: undefined
COMMAND: POST /session/6aa7e649349f90b4840747c4ea403a74/execute/async - {"script":"<script> [2676 bytes]","args":[]}
RESULT: {"script":"<script> [2676 bytes]","args":[]}
COMMAND: POST /session/6aa7e649349f90b4840747c4ea403a74/execute/async - {"script":"<script> [2342 bytes]","args":[{"protocol":"http","hostname":"0.0.0.0","path":"/","capabilities":{"browserName":"chrome","goog:chromeOptions":{"binary":"C:\\Program Files\\Google\\Chrome\\Application\\chrome.exe","args":["--start-maximized"]}},"logLevel":"warn","connectionRetryTimeout":120000,"connectionRetryCount":3,"logLevels":{},"enableDirectConnect":true,"strictSSL":true,"_":"65 more keys: [\"cacheDir\",\"port\",\"requestedCapabilities\",\"automationProtocol\",\"baseUrl\",\"waitforInterval\",\"waitforTimeout\",\"onReload\",\"beforeCommand\",\"afterCommand\",\"rootDir\",\"specs\",\"suites\",\"exclude\",\"groupLogsByTestSpec\",\"excludeDriverLogs\",\"bail\",\"framework\",\"reporters\",\"services\",\"maxInstances\",\"maxInstancesPerCapability\",\"injectGlobals\",\"filesToWatch\",\"execArgv\",\"runnerEnv\",\"runner\",\"shard\",\"specFileRetries\",\"specFileRetriesDelay\",\"specFileRetriesDeferred\",\"reporterSyncInterval\",\"reporterSyncTimeout\",\"cucumberFeaturesWithLineNumbers\",\"autoCompileOpts\",\"mochaOpts\",\"jasmineOpts\",\"cucumberOpts\",\"onPrepare\",\"onWorkerStart\",\"onWorkerEnd\",\"before\",\"beforeSession\",\"beforeSuite\",\"beforeHook\",\"beforeTest\",\"afterTest\",\"afterHook\",\"afterSuite\",\"afterSession\",\"after\",\"onComplete\",\"beforeAssertion\",\"afterAssertion\",\"beforeFeature\",\"beforeScenario\",\"beforeStep\",\"afterStep\",\"afterScenario\",\"afterFeature\",\"_\",\"suite\",\"$0\",\"ignoredWorkerServices\",\"wdi5\"]"}]}
RESULT: {"script":"<script> [2342 bytes]","args":[{"protocol":"http","hostname":"0.0.0.0","path":"/","capabilities":{"browserName":"chrome","goog:chromeOptions":{"binary":"C:\\Program Files\\Google\\Chrome\\Application\\chrome.exe","args":["--start-maximized"]}},"logLevel":"warn","connectionRetryTimeout":120000,"connectionRetryCount":3,"logLevels":{},"enableDirectConnect":true,"strictSSL":true,"_":"65 more keys: [\"cacheDir\",\"port\",\"requestedCapabilities\",\"automationProtocol\",\"baseUrl\",\"waitforInterval\",\"waitforTimeout\",\"onReload\",\"beforeCommand\",\"afterCommand\",\"rootDir\",\"specs\",\"suites\",\"exclude\",\"groupLogsByTestSpec\",\"excludeDriverLogs\",\"bail\",\"framework\",\"reporters\",\"services\",\"maxInstances\",\"maxInstancesPerCapability\",\"injectGlobals\",\"filesToWatch\",\"execArgv\",\"runnerEnv\",\"runner\",\"shard\",\"specFileRetries\",\"specFileRetriesDelay\",\"specFileRetriesDeferred\",\"reporterSyncInterval\",\"reporterSyncTimeout\",\"cucumberFeaturesWithLineNumbers\",\"autoCompileOpts\",\"mochaOpts\",\"jasmineOpts\",\"cucumberOpts\",\"onPrepare\",\"onWorkerStart\",\"onWorkerEnd\",\"before\",\"beforeSession\",\"beforeSuite\",\"beforeHook\",\"beforeTest\",\"afterTest\",\"afterHook\",\"afterSuite\",\"afterSession\",\"after\",\"onComplete\",\"beforeAssertion\",\"afterAssertion\",\"beforeFeature\",\"beforeScenario\",\"beforeStep\",\"afterStep\",\"afterScenario\",\"afterFeature\",\"_\",\"suite\",\"$0\",\"ignoredWorkerServices\",\"wdi5\"]"}]}
COMMAND: POST /session/6aa7e649349f90b4840747c4ea403a74/execute/async - {"script":"<script> [21126 bytes]","args":[35000]}
RESULT: {"script":"<script> [21126 bytes]","args":[35000]}
COMMAND: POST /session/6aa7e649349f90b4840747c4ea403a74/window/fullscreen - {}
RESULT: {}
COMMAND: POST /session/6aa7e649349f90b4840747c4ea403a74/window/fullscreen - {}
RESULT: {}
COMMAND: POST /session/6aa7e649349f90b4840747c4ea403a74/execute/async - {"script":"<script> [1562 bytes]","args":[{"selector":{"controlType":"sap.m.GenericTile","properties":{"header":"Manage Partners"}},"wdio_ui5_key":"sapm.GenericTile{\"header\":\"Manage Partners\"}"}]}
RESULT: {"script":"<script> [1562 bytes]","args":[{"selector":{"controlType":"sap.m.GenericTile","properties":{"header":"Manage Partners"}},"wdio_ui5_key":"sapm.GenericTile{\"header\":\"Manage Partners\"}"}]}
RESULT: undefined
COMMAND: POST /session/6aa7e649349f90b4840747c4ea403a74/element - {"using":"xpath","value":"//*[@id=\"__tile30\"]"}
RESULT: {"using":"xpath","value":"//*[@id=\"__tile30\"]"}
COMMAND: POST /session/6aa7e649349f90b4840747c4ea403a74/element/f.B789F3E8D5EB6317E0B12CBF8AF7BC43.d.AF83F016DCDA2212795412319645AC13.e.4492/click - {}
RESULT: {}
COMMAND: POST /session/6aa7e649349f90b4840747c4ea403a74/element - {"using":"xpath","value":"//button[@data-kt=\"addButton\"]"}
COMMAND: GET /session/6aa7e649349f90b4840747c4ea403a74/screenshot - {}
RESULT: {"using":"xpath","value":"//button[@data-kt=\"addButton\"]"}
COMMAND: POST /session/6aa7e649349f90b4840747c4ea403a74/elements - {"using":"xpath","value":"//button[@data-kt=\"addButton\"]"}
RESULT: {}
RESULT: {"using":"xpath","value":"//button[@data-kt=\"addButton\"]"}
COMMAND: POST /session/6aa7e649349f90b4840747c4ea403a74/elements - {"using":"xpath","value":"//button[@data-kt=\"addButton\"]"}
RESULT: {"using":"xpath","value":"//button[@data-kt=\"addButton\"]"}
COMMAND: POST /session/6aa7e649349f90b4840747c4ea403a74/elements - {"using":"xpath","value":"//button[@data-kt=\"addButton\"]"}
RESULT: {"using":"xpath","value":"//button[@data-kt=\"addButton\"]"}
COMMAND: POST /session/6aa7e649349f90b4840747c4ea403a74/elements - {"using":"xpath","value":"//button[@data-kt=\"addButton\"]"}
RESULT: {"using":"xpath","value":"//button[@data-kt=\"addButton\"]"}
COMMAND: POST /session/6aa7e649349f90b4840747c4ea403a74/elements - {"using":"xpath","value":"//button[@data-kt=\"addButton\"]"}
RESULT: {"using":"xpath","value":"//button[@data-kt=\"addButton\"]"}
COMMAND: POST /session/6aa7e649349f90b4840747c4ea403a74/elements - {"using":"xpath","value":"//button[@data-kt=\"addButton\"]"}
RESULT: {"using":"xpath","value":"//button[@data-kt=\"addButton\"]"}
COMMAND: POST /session/6aa7e649349f90b4840747c4ea403a74/elements - {"using":"xpath","value":"//button[@data-kt=\"addButton\"]"}
RESULT: {"using":"xpath","value":"//button[@data-kt=\"addButton\"]"}
COMMAND: POST /session/6aa7e649349f90b4840747c4ea403a74/elements - {"using":"xpath","value":"//button[@data-kt=\"addButton\"]"}
RESULT: {"using":"xpath","value":"//button[@data-kt=\"addButton\"]"}
COMMAND: POST /session/6aa7e649349f90b4840747c4ea403a74/elements - {"using":"xpath","value":"//button[@data-kt=\"addButton\"]"}
RESULT: {"using":"xpath","value":"//button[@data-kt=\"addButton\"]"}
COMMAND: POST /session/6aa7e649349f90b4840747c4ea403a74/elements - {"using":"xpath","value":"//button[@data-kt=\"addButton\"]"}
RESULT: {"using":"xpath","value":"//button[@data-kt=\"addButton\"]"}
COMMAND: POST /session/6aa7e649349f90b4840747c4ea403a74/elements - {"using":"xpath","value":"//button[@data-kt=\"addButton\"]"}
RESULT: {"using":"xpath","value":"//button[@data-kt=\"addButton\"]"}
COMMAND: POST /session/6aa7e649349f90b4840747c4ea403a74/elements - {"using":"xpath","value":"//button[@data-kt=\"addButton\"]"}
RESULT: {"using":"xpath","value":"//button[@data-kt=\"addButton\"]"}
COMMAND: POST /session/6aa7e649349f90b4840747c4ea403a74/elements - {"using":"xpath","value":"//button[@data-kt=\"addButton\"]"}
RESULT: {"using":"xpath","value":"//button[@data-kt=\"addButton\"]"}
COMMAND: POST /session/6aa7e649349f90b4840747c4ea403a74/elements - {"using":"xpath","value":"//button[@data-kt=\"addButton\"]"}
RESULT: {"using":"xpath","value":"//button[@data-kt=\"addButton\"]"}
COMMAND: POST /session/6aa7e649349f90b4840747c4ea403a74/elements - {"using":"xpath","value":"//button[@data-kt=\"addButton\"]"}
RESULT: {"using":"xpath","value":"//button[@data-kt=\"addButton\"]"}
COMMAND: POST /session/6aa7e649349f90b4840747c4ea403a74/elements - {"using":"xpath","value":"//button[@data-kt=\"addButton\"]"}
RESULT: {"using":"xpath","value":"//button[@data-kt=\"addButton\"]"}
COMMAND: POST /session/6aa7e649349f90b4840747c4ea403a74/elements - {"using":"xpath","value":"//button[@data-kt=\"addButton\"]"}
RESULT: {"using":"xpath","value":"//button[@data-kt=\"addButton\"]"}
COMMAND: POST /session/6aa7e649349f90b4840747c4ea403a74/elements - {"using":"xpath","value":"//button[@data-kt=\"addButton\"]"}
RESULT: {"using":"xpath","value":"//button[@data-kt=\"addButton\"]"}
COMMAND: POST /session/6aa7e649349f90b4840747c4ea403a74/elements - {"using":"xpath","value":"//button[@data-kt=\"addButton\"]"}
RESULT: {"using":"xpath","value":"//button[@data-kt=\"addButton\"]"}
COMMAND: POST /session/6aa7e649349f90b4840747c4ea403a74/elements - {"using":"xpath","value":"//button[@data-kt=\"addButton\"]"}
RESULT: {"using":"xpath","value":"//button[@data-kt=\"addButton\"]"}
COMMAND: POST /session/6aa7e649349f90b4840747c4ea403a74/elements - {"using":"xpath","value":"//button[@data-kt=\"addButton\"]"}
RESULT: {"using":"xpath","value":"//button[@data-kt=\"addButton\"]"}
COMMAND: POST /session/6aa7e649349f90b4840747c4ea403a74/elements - {"using":"xpath","value":"//button[@data-kt=\"addButton\"]"}
RESULT: {"using":"xpath","value":"//button[@data-kt=\"addButton\"]"}
COMMAND: POST /session/6aa7e649349f90b4840747c4ea403a74/elements - {"using":"xpath","value":"//button[@data-kt=\"addButton\"]"}
RESULT: {"using":"xpath","value":"//button[@data-kt=\"addButton\"]"}
COMMAND: POST /session/6aa7e649349f90b4840747c4ea403a74/elements - {"using":"xpath","value":"//button[@data-kt=\"addButton\"]"}
RESULT: {"using":"xpath","value":"//button[@data-kt=\"addButton\"]"}
COMMAND: POST /session/6aa7e649349f90b4840747c4ea403a74/elements - {"using":"xpath","value":"//button[@data-kt=\"addButton\"]"}
RESULT: {"using":"xpath","value":"//button[@data-kt=\"addButton\"]"}
COMMAND: POST /session/6aa7e649349f90b4840747c4ea403a74/elements - {"using":"xpath","value":"//button[@data-kt=\"addButton\"]"}
RESULT: {"using":"xpath","value":"//button[@data-kt=\"addButton\"]"}
COMMAND: POST /session/6aa7e649349f90b4840747c4ea403a74/element - {"using":"xpath","value":"//button[@data-kt=\"addButton\"]"}
RESULT: {"using":"xpath","value":"//button[@data-kt=\"addButton\"]"}
COMMAND: POST /session/6aa7e649349f90b4840747c4ea403a74/execute/sync - {"script":"<script> [8489 bytes]","args":[{"element-6066-11e4-a52e-4f735466cecf":"f.B789F3E8D5EB6317E0B12CBF8AF7BC43.d.AF83F016DCDA2212795412319645AC13.e.4618","ELEMENT":"f.B789F3E8D5EB6317E0B12CBF8AF7BC43.d.AF83F016DCDA2212795412319645AC13.e.4618"}]}
RESULT: {"script":"<script> [8489 bytes]","args":[{"element-6066-11e4-a52e-4f735466cecf":"f.B789F3E8D5EB6317E0B12CBF8AF7BC43.d.AF83F016DCDA2212795412319645AC13.e.4618","ELEMENT":"f.B789F3E8D5EB6317E0B12CBF8AF7BC43.d.AF83F016DCDA2212795412319645AC13.e.4618"}]}
COMMAND: GET /session/6aa7e649349f90b4840747c4ea403a74/element/f.B789F3E8D5EB6317E0B12CBF8AF7BC43.d.AF83F016DCDA2212795412319645AC13.e.4618/enabled - {}
COMMAND: GET /session/6aa7e649349f90b4840747c4ea403a74/screenshot - {}
RESULT: {}
COMMAND: POST /session/6aa7e649349f90b4840747c4ea403a74/execute/sync - {"script":"<script> [8489 bytes]","args":[{"element-6066-11e4-a52e-4f735466cecf":"f.B789F3E8D5EB6317E0B12CBF8AF7BC43.d.AF83F016DCDA2212795412319645AC13.e.4618","ELEMENT":"f.B789F3E8D5EB6317E0B12CBF8AF7BC43.d.AF83F016DCDA2212795412319645AC13.e.4618"}]}
COMMAND: GET /session/6aa7e649349f90b4840747c4ea403a74/screenshot - {}
RESULT: {}
RESULT: {"script":"<script> [8489 bytes]","args":[{"element-6066-11e4-a52e-4f735466cecf":"f.B789F3E8D5EB6317E0B12CBF8AF7BC43.d.AF83F016DCDA2212795412319645AC13.e.4618","ELEMENT":"f.B789F3E8D5EB6317E0B12CBF8AF7BC43.d.AF83F016DCDA2212795412319645AC13.e.4618"}]}
COMMAND: POST /session/6aa7e649349f90b4840747c4ea403a74/execute/sync - {"script":"<script> [5351 bytes]","args":[{"element-6066-11e4-a52e-4f735466cecf":"f.B789F3E8D5EB6317E0B12CBF8AF7BC43.d.AF83F016DCDA2212795412319645AC13.e.4618","ELEMENT":"f.B789F3E8D5EB6317E0B12CBF8AF7BC43.d.AF83F016DCDA2212795412319645AC13.e.4618"}]}
COMMAND: GET /session/6aa7e649349f90b4840747c4ea403a74/screenshot - {}
RESULT: {}
RESULT: {"script":"<script> [5351 bytes]","args":[{"element-6066-11e4-a52e-4f735466cecf":"f.B789F3E8D5EB6317E0B12CBF8AF7BC43.d.AF83F016DCDA2212795412319645AC13.e.4618","ELEMENT":"f.B789F3E8D5EB6317E0B12CBF8AF7BC43.d.AF83F016DCDA2212795412319645AC13.e.4618"}]}
COMMAND: POST /session/6aa7e649349f90b4840747c4ea403a74/element/f.B789F3E8D5EB6317E0B12CBF8AF7BC43.d.AF83F016DCDA2212795412319645AC13.e.4618/click - {}
COMMAND: GET /session/6aa7e649349f90b4840747c4ea403a74/screenshot - {}
RESULT: {}
RESULT: {}
COMMAND: GET /session/6aa7e649349f90b4840747c4ea403a74/screenshot - {}
RESULT: {}
COMMAND: POST /session/6aa7e649349f90b4840747c4ea403a74/execute/async - {"script":"<script> [1562 bytes]","args":[{"selector":{"id":"application-managepartners-display-component---NewPartner--addressDetailDetailsName1","interaction":{"idSuffix":"inner"}},"wdio_ui5_key":"applicationmanagepartners-display-component---NewPartner--addressDetailDetailsName1"}]}
RESULT: {}
RESULT: {"script":"<script> [1562 bytes]","args":[{"selector":{"id":"application-managepartners-display-component---NewPartner--addressDetailDetailsName1","interaction":{"idSuffix":"inner"}},"wdio_ui5_key":"applicationmanagepartners-display-component---NewPartner--addressDetailDetailsName1"}]}
RESULT: undefined
COMMAND: POST /session/6aa7e649349f90b4840747c4ea403a74/execute/async - {"script":"<script> [776 bytes]","args":[{"enterText":"Intracompany Partner WDIO","selector":{"id":"application-managepartners-display-component---NewPartner--addressDetailDetailsName1","interaction":{"idSuffix":"inner"}},"clearTextFirst":true,"interactionType":"ENTER_TEXT"}]}
RESULT: {"script":"<script> [776 bytes]","args":[{"enterText":"Intracompany Partner WDIO","selector":{"id":"application-managepartners-display-component---NewPartner--addressDetailDetailsName1","interaction":{"idSuffix":"inner"}},"clearTextFirst":true,"interactionType":"ENTER_TEXT"}]}
COMMAND: POST /session/6aa7e649349f90b4840747c4ea403a74/execute/async - {"script":"<script> [1562 bytes]","args":[{"selector":{"id":"application-managepartners-display-component---NewPartner--addressDetailDetailsLanguage-arrow"},"wdio_ui5_key":"applicationmanagepartners-display-component---NewPartner--addressDetailDetailsLanguage-arrow"}]}
RESULT: {"script":"<script> [1562 bytes]","args":[{"selector":{"id":"application-managepartners-display-component---NewPartner--addressDetailDetailsLanguage-arrow"},"wdio_ui5_key":"applicationmanagepartners-display-component---NewPartner--addressDetailDetailsLanguage-arrow"}]}
RESULT: undefined
COMMAND: POST /session/6aa7e649349f90b4840747c4ea403a74/element - {"using":"xpath","value":"//*[@id=\"application-managepartners-display-component---NewPartner--addressDetailDetailsLanguage-arrow\"]"}
RESULT: {"using":"xpath","value":"//*[@id=\"application-managepartners-display-component---NewPartner--addressDetailDetailsLanguage-arrow\"]"}
COMMAND: POST /session/6aa7e649349f90b4840747c4ea403a74/element/f.B789F3E8D5EB6317E0B12CBF8AF7BC43.d.AF83F016DCDA2212795412319645AC13.e.5056/click - {}
RESULT: {}
COMMAND: POST /session/6aa7e649349f90b4840747c4ea403a74/element - {"using":"xpath","value":"//span[contains(text(), \"English\")]"}
COMMAND: GET /session/6aa7e649349f90b4840747c4ea403a74/screenshot - {}
RESULT: {"using":"xpath","value":"//span[contains(text(), \"English\")]"}
COMMAND: POST /session/6aa7e649349f90b4840747c4ea403a74/element/f.B789F3E8D5EB6317E0B12CBF8AF7BC43.d.AF83F016DCDA2212795412319645AC13.e.5057/click - {}
RESULT: {}
RESULT: {}
COMMAND: GET /session/6aa7e649349f90b4840747c4ea403a74/screenshot - {}
RESULT: {}
COMMAND: POST /session/6aa7e649349f90b4840747c4ea403a74/execute/async - {"script":"<script> [1562 bytes]","args":[{"selector":{"id":"application-managepartners-display-component---NewPartner--addressDetailDetailsCity1","interaction":{"idSuffix":"inner"}},"wdio_ui5_key":"applicationmanagepartners-display-component---NewPartner--addressDetailDetailsCity1"}]}
RESULT: {"script":"<script> [1562 bytes]","args":[{"selector":{"id":"application-managepartners-display-component---NewPartner--addressDetailDetailsCity1","interaction":{"idSuffix":"inner"}},"wdio_ui5_key":"applicationmanagepartners-display-component---NewPartner--addressDetailDetailsCity1"}]}
RESULT: undefined
COMMAND: POST /session/6aa7e649349f90b4840747c4ea403a74/execute/async - {"script":"<script> [776 bytes]","args":[{"enterText":"Rosario","selector":{"id":"application-managepartners-display-component---NewPartner--addressDetailDetailsCity1","interaction":{"idSuffix":"inner"}},"clearTextFirst":true,"interactionType":"ENTER_TEXT"}]}
RESULT: {"script":"<script> [776 bytes]","args":[{"enterText":"Rosario","selector":{"id":"application-managepartners-display-component---NewPartner--addressDetailDetailsCity1","interaction":{"idSuffix":"inner"}},"clearTextFirst":true,"interactionType":"ENTER_TEXT"}]}
COMMAND: POST /session/6aa7e649349f90b4840747c4ea403a74/execute/async - {"script":"<script> [1562 bytes]","args":[{"selector":{"id":"application-managepartners-display-component---NewPartner--addressDetailDetailsCountry-arrow"},"wdio_ui5_key":"applicationmanagepartners-display-component---NewPartner--addressDetailDetailsCountry-arrow"}]}
RESULT: {"script":"<script> [1562 bytes]","args":[{"selector":{"id":"application-managepartners-display-component---NewPartner--addressDetailDetailsCountry-arrow"},"wdio_ui5_key":"applicationmanagepartners-display-component---NewPartner--addressDetailDetailsCountry-arrow"}]}
RESULT: undefined
COMMAND: POST /session/6aa7e649349f90b4840747c4ea403a74/element - {"using":"xpath","value":"//*[@id=\"application-managepartners-display-component---NewPartner--addressDetailDetailsCountry-arrow\"]"}
RESULT: {"using":"xpath","value":"//*[@id=\"application-managepartners-display-component---NewPartner--addressDetailDetailsCountry-arrow\"]"}
COMMAND: POST /session/6aa7e649349f90b4840747c4ea403a74/element/f.B789F3E8D5EB6317E0B12CBF8AF7BC43.d.AF83F016DCDA2212795412319645AC13.e.5050/click - {}
RESULT: {}
COMMAND: POST /session/6aa7e649349f90b4840747c4ea403a74/element - {"using":"xpath","value":"//span[contains(text(), \"Argentina\")]"}
COMMAND: GET /session/6aa7e649349f90b4840747c4ea403a74/screenshot - {}
RESULT: {"using":"xpath","value":"//span[contains(text(), \"Argentina\")]"}
COMMAND: POST /session/6aa7e649349f90b4840747c4ea403a74/element/f.B789F3E8D5EB6317E0B12CBF8AF7BC43.d.AF83F016DCDA2212795412319645AC13.e.5059/click - {}
RESULT: {}
RESULT: {}
COMMAND: GET /session/6aa7e649349f90b4840747c4ea403a74/screenshot - {}
RESULT: {}
COMMAND: POST /session/6aa7e649349f90b4840747c4ea403a74/element - {"using":"xpath","value":"//bdi[contains(text(), \"Commercial\")]"}
RESULT: {"using":"xpath","value":"//bdi[contains(text(), \"Commercial\")]"}
COMMAND: POST /session/6aa7e649349f90b4840747c4ea403a74/element/f.B789F3E8D5EB6317E0B12CBF8AF7BC43.d.AF83F016DCDA2212795412319645AC13.e.5060/click - {}
RESULT: {}
COMMAND: GET /session/6aa7e649349f90b4840747c4ea403a74/screenshot - {}
RESULT: {}
COMMAND: POST /session/6aa7e649349f90b4840747c4ea403a74/execute/async - {"script":"<script> [1562 bytes]","args":[{"selector":{"id":"application-managepartners-display-component---NewPartner--partnerDetailInternal-arrow"},"wdio_ui5_key":"applicationmanagepartners-display-component---NewPartner--partnerDetailInternal-arrow"}]}
RESULT: {"script":"<script> [1562 bytes]","args":[{"selector":{"id":"application-managepartners-display-component---NewPartner--partnerDetailInternal-arrow"},"wdio_ui5_key":"applicationmanagepartners-display-component---NewPartner--partnerDetailInternal-arrow"}]}
RESULT: undefined
COMMAND: POST /session/6aa7e649349f90b4840747c4ea403a74/element - {"using":"xpath","value":"//*[@id=\"application-managepartners-display-component---NewPartner--partnerDetailInternal-arrow\"]"}
RESULT: {"using":"xpath","value":"//*[@id=\"application-managepartners-display-component---NewPartner--partnerDetailInternal-arrow\"]"}
COMMAND: POST /session/6aa7e649349f90b4840747c4ea403a74/element/f.B789F3E8D5EB6317E0B12CBF8AF7BC43.d.AF83F016DCDA2212795412319645AC13.e.5066/click - {}
RESULT: {}
COMMAND: POST /session/6aa7e649349f90b4840747c4ea403a74/element - {"using":"xpath","value":"//span[contains(text(), \"Affiliated company\")]"}
COMMAND: GET /session/6aa7e649349f90b4840747c4ea403a74/screenshot - {}
RESULT: {"using":"xpath","value":"//span[contains(text(), \"Affiliated company\")]"}
COMMAND: POST /session/6aa7e649349f90b4840747c4ea403a74/element/f.B789F3E8D5EB6317E0B12CBF8AF7BC43.d.AF83F016DCDA2212795412319645AC13.e.5069/click - {}
RESULT: {}
RESULT: {}
COMMAND: POST /session/6aa7e649349f90b4840747c4ea403a74/execute/async - {"script":"<script> [1562 bytes]","args":[{"selector":{"id":"application-managepartners-display-component---NewPartner--partnerDetailsCurrency-arrow"},"wdio_ui5_key":"applicationmanagepartners-display-component---NewPartner--partnerDetailsCurrency-arrow"}]}
COMMAND: GET /session/6aa7e649349f90b4840747c4ea403a74/screenshot - {}
RESULT: {"script":"<script> [1562 bytes]","args":[{"selector":{"id":"application-managepartners-display-component---NewPartner--partnerDetailsCurrency-arrow"},"wdio_ui5_key":"applicationmanagepartners-display-component---NewPartner--partnerDetailsCurrency-arrow"}]}
RESULT: undefined
COMMAND: POST /session/6aa7e649349f90b4840747c4ea403a74/element - {"using":"xpath","value":"//*[@id=\"application-managepartners-display-component---NewPartner--partnerDetailsCurrency-arrow\"]"}
RESULT: {}
RESULT: {"using":"xpath","value":"//*[@id=\"application-managepartners-display-component---NewPartner--partnerDetailsCurrency-arrow\"]"}
COMMAND: POST /session/6aa7e649349f90b4840747c4ea403a74/element/f.B789F3E8D5EB6317E0B12CBF8AF7BC43.d.AF83F016DCDA2212795412319645AC13.e.5076/click - {}
RESULT: {}
COMMAND: POST /session/6aa7e649349f90b4840747c4ea403a74/element - {"using":"xpath","value":"//span[contains(text(), \"Euro\")]"}
COMMAND: GET /session/6aa7e649349f90b4840747c4ea403a74/screenshot - {}
RESULT: {"using":"xpath","value":"//span[contains(text(), \"Euro\")]"}
COMMAND: POST /session/6aa7e649349f90b4840747c4ea403a74/element/f.B789F3E8D5EB6317E0B12CBF8AF7BC43.d.AF83F016DCDA2212795412319645AC13.e.5077/click - {}
RESULT: {}
RESULT: {}
COMMAND: POST /session/6aa7e649349f90b4840747c4ea403a74/execute/async - {"script":"<script> [1562 bytes]","args":[{"selector":{"id":"application-managepartners-display-component---NewPartner--addressEditDetailsCostObjectCstType-arrow"},"wdio_ui5_key":"applicationmanagepartners-display-component---NewPartner--addressEditDetailsCostObjectCstType-arrow"}]}
COMMAND: GET /session/6aa7e649349f90b4840747c4ea403a74/screenshot - {}
RESULT: {"script":"<script> [1562 bytes]","args":[{"selector":{"id":"application-managepartners-display-component---NewPartner--addressEditDetailsCostObjectCstType-arrow"},"wdio_ui5_key":"applicationmanagepartners-display-component---NewPartner--addressEditDetailsCostObjectCstType-arrow"}]}
RESULT: undefined
COMMAND: POST /session/6aa7e649349f90b4840747c4ea403a74/element - {"using":"xpath","value":"//*[@id=\"application-managepartners-display-component---NewPartner--addressEditDetailsCostObjectCstType-arrow\"]"}
RESULT: {}
RESULT: {"using":"xpath","value":"//*[@id=\"application-managepartners-display-component---NewPartner--addressEditDetailsCostObjectCstType-arrow\"]"}
COMMAND: POST /session/6aa7e649349f90b4840747c4ea403a74/element/f.B789F3E8D5EB6317E0B12CBF8AF7BC43.d.AF83F016DCDA2212795412319645AC13.e.5078/click - {}
RESULT: {}
COMMAND: POST /session/6aa7e649349f90b4840747c4ea403a74/element - {"using":"xpath","value":"//span[contains(text(), \"Cost Center\")]"}
COMMAND: GET /session/6aa7e649349f90b4840747c4ea403a74/screenshot - {}
RESULT: {"using":"xpath","value":"//span[contains(text(), \"Cost Center\")]"}
COMMAND: POST /session/6aa7e649349f90b4840747c4ea403a74/element/f.B789F3E8D5EB6317E0B12CBF8AF7BC43.d.AF83F016DCDA2212795412319645AC13.e.5079/click - {}
RESULT: {}
RESULT: {}
COMMAND: GET /session/6aa7e649349f90b4840747c4ea403a74/screenshot - {}
RESULT: {}
COMMAND: POST /session/6aa7e649349f90b4840747c4ea403a74/element - {"using":"xpath","value":"//span[@id=\"application-managepartners-display-component---NewPartner--addressNewCostObjectCstID-vhi\"]"}
RESULT: {"using":"xpath","value":"//span[@id=\"application-managepartners-display-component---NewPartner--addressNewCostObjectCstID-vhi\"]"}
COMMAND: POST /session/6aa7e649349f90b4840747c4ea403a74/execute/sync - {"script":"<script> [8489 bytes]","args":[{"element-6066-11e4-a52e-4f735466cecf":"f.B789F3E8D5EB6317E0B12CBF8AF7BC43.d.AF83F016DCDA2212795412319645AC13.e.5083","ELEMENT":"f.B789F3E8D5EB6317E0B12CBF8AF7BC43.d.AF83F016DCDA2212795412319645AC13.e.5083"}]}
RESULT: {"script":"<script> [8489 bytes]","args":[{"element-6066-11e4-a52e-4f735466cecf":"f.B789F3E8D5EB6317E0B12CBF8AF7BC43.d.AF83F016DCDA2212795412319645AC13.e.5083","ELEMENT":"f.B789F3E8D5EB6317E0B12CBF8AF7BC43.d.AF83F016DCDA2212795412319645AC13.e.5083"}]}
COMMAND: POST /session/6aa7e649349f90b4840747c4ea403a74/execute/async - {"script":"<script> [1562 bytes]","args":[{"selector":{"id":"application-managepartners-display-component---NewPartner--addressNewCostObjectCstID-vhi"},"wdio_ui5_key":"applicationmanagepartners-display-component---NewPartner--addressNewCostObjectCstID-vhi"}]}
COMMAND: GET /session/6aa7e649349f90b4840747c4ea403a74/screenshot - {}
RESULT: {"script":"<script> [1562 bytes]","args":[{"selector":{"id":"application-managepartners-display-component---NewPartner--addressNewCostObjectCstID-vhi"},"wdio_ui5_key":"applicationmanagepartners-display-component---NewPartner--addressNewCostObjectCstID-vhi"}]}
RESULT: undefined
COMMAND: POST /session/6aa7e649349f90b4840747c4ea403a74/element - {"using":"xpath","value":"//*[@id=\"application-managepartners-display-component---NewPartner--addressNewCostObjectCstID-vhi\"]"}
RESULT: {}
RESULT: {"using":"xpath","value":"//*[@id=\"application-managepartners-display-component---NewPartner--addressNewCostObjectCstID-vhi\"]"}
COMMAND: POST /session/6aa7e649349f90b4840747c4ea403a74/element/f.B789F3E8D5EB6317E0B12CBF8AF7BC43.d.AF83F016DCDA2212795412319645AC13.e.5083/click - {}
RESULT: {}
COMMAND: GET /session/6aa7e649349f90b4840747c4ea403a74/screenshot - {}
RESULT: {}
COMMAND: POST /session/6aa7e649349f90b4840747c4ea403a74/execute/async - {"script":"<script> [1562 bytes]","args":[{"selector":{"controlType":"sap.m.SearchField","properties":{"placeholder":"Search"},"searchOpenDialogs":true,"interaction":{"idSuffix":"I"}},"wdio_ui5_key":"sapm.SearchField{\"placeholder\":\"Search\"}"}]}
RESULT: {"script":"<script> [1562 bytes]","args":[{"selector":{"controlType":"sap.m.SearchField","properties":{"placeholder":"Search"},"searchOpenDialogs":true,"interaction":{"idSuffix":"I"}},"wdio_ui5_key":"sapm.SearchField{\"placeholder\":\"Search\"}"}]}
RESULT: undefined
COMMAND: POST /session/6aa7e649349f90b4840747c4ea403a74/execute/async - {"script":"<script> [776 bytes]","args":[{"enterText":"10001013","selector":{"controlType":"sap.m.SearchField","properties":{"placeholder":"Search"},"searchOpenDialogs":true,"interaction":{"idSuffix":"I"}},"clearTextFirst":true,"interactionType":"ENTER_TEXT"}]}
RESULT: {"script":"<script> [776 bytes]","args":[{"enterText":"10001013","selector":{"controlType":"sap.m.SearchField","properties":{"placeholder":"Search"},"searchOpenDialogs":true,"interaction":{"idSuffix":"I"}},"clearTextFirst":true,"interactionType":"ENTER_TEXT"}]}
COMMAND: POST /session/6aa7e649349f90b4840747c4ea403a74/actions - {"actions":[{"id":"action12","type":"key","parameters":{},"actions":[{"type":"keyDown","value":"î€‡"},{"type":"pause","duration":10},{"type":"keyUp","value":"î€‡"}]}]}
RESULT: {"actions":[{"id":"action12","type":"key","parameters":{},"actions":[{"type":"keyDown","value":"î€‡"},{"type":"pause","duration":10},{"type":"keyUp","value":"î€‡"}]}]}
COMMAND: GET /session/6aa7e649349f90b4840747c4ea403a74/screenshot - {}
RESULT: {}
COMMAND: POST /session/6aa7e649349f90b4840747c4ea403a74/element - {"using":"xpath","value":"//span[contains(text(), \"General Management\")]"}
RESULT: {"using":"xpath","value":"//span[contains(text(), \"General Management\")]"}
COMMAND: POST /session/6aa7e649349f90b4840747c4ea403a74/element/f.B789F3E8D5EB6317E0B12CBF8AF7BC43.d.AF83F016DCDA2212795412319645AC13.e.5124/click - {}
RESULT: {}
COMMAND: GET /session/6aa7e649349f90b4840747c4ea403a74/screenshot - {}
RESULT: {}
COMMAND: POST /session/6aa7e649349f90b4840747c4ea403a74/element - {"using":"xpath","value":"//bdi[contains(text(), \"OK\")]"}
RESULT: {"using":"xpath","value":"//bdi[contains(text(), \"OK\")]"}
COMMAND: POST /session/6aa7e649349f90b4840747c4ea403a74/element/f.B789F3E8D5EB6317E0B12CBF8AF7BC43.d.AF83F016DCDA2212795412319645AC13.e.5125/click - {}
RESULT: {}
COMMAND: GET /session/6aa7e649349f90b4840747c4ea403a74/screenshot - {}
RESULT: {}
COMMAND: POST /session/6aa7e649349f90b4840747c4ea403a74/element - {"using":"xpath","value":"//input[@id=\"application-managepartners-display-component---NewPartner--companyCodeComboBox-inner\"]"}
RESULT: {"using":"xpath","value":"//input[@id=\"application-managepartners-display-component---NewPartner--companyCodeComboBox-inner\"]"}
COMMAND: POST /session/6aa7e649349f90b4840747c4ea403a74/element/f.B789F3E8D5EB6317E0B12CBF8AF7BC43.d.AF83F016DCDA2212795412319645AC13.e.4919/clear - {}
RESULT: {}
COMMAND: POST /session/6aa7e649349f90b4840747c4ea403a74/element/f.B789F3E8D5EB6317E0B12CBF8AF7BC43.d.AF83F016DCDA2212795412319645AC13.e.4919/value - {"text":"1000"}
COMMAND: GET /session/6aa7e649349f90b4840747c4ea403a74/screenshot - {}
RESULT: {"text":"1000"}
COMMAND: GET /session/6aa7e649349f90b4840747c4ea403a74/screenshot - {}
RESULT: {}
RESULT: {}
COMMAND: POST /session/6aa7e649349f90b4840747c4ea403a74/element - {"using":"xpath","value":"//span[contains(text(), \"1000\")]"}
RESULT: {"using":"xpath","value":"//span[contains(text(), \"1000\")]"}
COMMAND: POST /session/6aa7e649349f90b4840747c4ea403a74/element/f.B789F3E8D5EB6317E0B12CBF8AF7BC43.d.AF83F016DCDA2212795412319645AC13.e.5131/click - {}
RESULT: {}
COMMAND: GET /session/6aa7e649349f90b4840747c4ea403a74/screenshot - {}
RESULT: {}
COMMAND: POST /session/6aa7e649349f90b4840747c4ea403a74/execute/async - {"script":"<script> [1562 bytes]","args":[{"selector":{"id":"application-managepartners-display-component---NewPartner--btnAddTableRow-img"},"wdio_ui5_key":"applicationmanagepartners-display-component---NewPartner--btnAddTableRow-img"}]}
RESULT: {"script":"<script> [1562 bytes]","args":[{"selector":{"id":"application-managepartners-display-component---NewPartner--btnAddTableRow-img"},"wdio_ui5_key":"applicationmanagepartners-display-component---NewPartner--btnAddTableRow-img"}]}
RESULT: undefined
COMMAND: POST /session/6aa7e649349f90b4840747c4ea403a74/element - {"using":"xpath","value":"//*[@id=\"application-managepartners-display-component---NewPartner--btnAddTableRow-img\"]"}
RESULT: {"using":"xpath","value":"//*[@id=\"application-managepartners-display-component---NewPartner--btnAddTableRow-img\"]"}
COMMAND: POST /session/6aa7e649349f90b4840747c4ea403a74/element/f.B789F3E8D5EB6317E0B12CBF8AF7BC43.d.AF83F016DCDA2212795412319645AC13.e.5132/click - {}
RESULT: {}
COMMAND: GET /session/6aa7e649349f90b4840747c4ea403a74/screenshot - {}
RESULT: {}
COMMAND: POST /session/6aa7e649349f90b4840747c4ea403a74/element - {"using":"xpath","value":"//input[@id=\"application-managepartners-display-component---NewPartner--assignmentYard-application-managepartners-display-component---NewPartner--assignmentsTable-0-inner\"]"}
RESULT: {"using":"xpath","value":"//input[@id=\"application-managepartners-display-component---NewPartner--assignmentYard-application-managepartners-display-component---NewPartner--assignmentsTable-0-inner\"]"}
COMMAND: POST /session/6aa7e649349f90b4840747c4ea403a74/element/f.B789F3E8D5EB6317E0B12CBF8AF7BC43.d.AF83F016DCDA2212795412319645AC13.e.5135/clear - {}
RESULT: {}
COMMAND: POST /session/6aa7e649349f90b4840747c4ea403a74/element/f.B789F3E8D5EB6317E0B12CBF8AF7BC43.d.AF83F016DCDA2212795412319645AC13.e.5135/value - {"text":"428"}
COMMAND: GET /session/6aa7e649349f90b4840747c4ea403a74/screenshot - {}
RESULT: {"text":"428"}
COMMAND: GET /session/6aa7e649349f90b4840747c4ea403a74/screenshot - {}
RESULT: {}
RESULT: {}
COMMAND: POST /session/6aa7e649349f90b4840747c4ea403a74/element - {"using":"xpath","value":"//li[.//span[text()='428']]"}
RESULT: {"using":"xpath","value":"//li[.//span[text()='428']]"}
COMMAND: POST /session/6aa7e649349f90b4840747c4ea403a74/element/f.B789F3E8D5EB6317E0B12CBF8AF7BC43.d.AF83F016DCDA2212795412319645AC13.e.5144/click - {}
RESULT: {}
COMMAND: GET /session/6aa7e649349f90b4840747c4ea403a74/screenshot - {}
RESULT: {}
COMMAND: POST /session/6aa7e649349f90b4840747c4ea403a74/actions - {"actions":[{"id":"action13","type":"key","parameters":{},"actions":[{"type":"keyDown","value":"î€‡"},{"type":"pause","duration":10},{"type":"keyUp","value":"î€‡"}]}]}
RESULT: {"actions":[{"id":"action13","type":"key","parameters":{},"actions":[{"type":"keyDown","value":"î€‡"},{"type":"pause","duration":10},{"type":"keyUp","value":"î€‡"}]}]}
COMMAND: POST /session/6aa7e649349f90b4840747c4ea403a74/execute/async - {"script":"<script> [1562 bytes]","args":[{"selector":{"id":"application-managepartners-display-component---NewPartner--externalCustomerComboBox-application-managepartners-display-component---NewPartner--assignmentsTable-0-vhi"},"wdio_ui5_key":"applicationmanagepartners-display-component---NewPartner--externalCustomerComboBox-application-managepartners-display-component---NewPartner--assignmentsTable-0-vhi"}]}
COMMAND: GET /session/6aa7e649349f90b4840747c4ea403a74/screenshot - {}
RESULT: {"script":"<script> [1562 bytes]","args":[{"selector":{"id":"application-managepartners-display-component---NewPartner--externalCustomerComboBox-application-managepartners-display-component---NewPartner--assignmentsTable-0-vhi"},"wdio_ui5_key":"applicationmanagepartners-display-component---NewPartner--externalCustomerComboBox-application-managepartners-display-component---NewPartner--assignmentsTable-0-vhi"}]}
RESULT: undefined
COMMAND: POST /session/6aa7e649349f90b4840747c4ea403a74/element - {"using":"xpath","value":"//*[@id=\"application-managepartners-display-component---NewPartner--externalCustomerComboBox-application-managepartners-display-component---NewPartner--assignmentsTable-0-vhi\"]"}
RESULT: {}
RESULT: {"using":"xpath","value":"//*[@id=\"application-managepartners-display-component---NewPartner--externalCustomerComboBox-application-managepartners-display-component---NewPartner--assignmentsTable-0-vhi\"]"}
COMMAND: POST /session/6aa7e649349f90b4840747c4ea403a74/element/f.B789F3E8D5EB6317E0B12CBF8AF7BC43.d.AF83F016DCDA2212795412319645AC13.e.5148/click - {}
RESULT: {}
RESULT: undefined
COMMAND: POST /session/6aa7e649349f90b4840747c4ea403a74/execute/async - {"script":"<script> [776 bytes]","args":[{"enterText":"300003","selector":{"controlType":"sap.m.SearchField","properties":{"placeholder":"Search"},"searchOpenDialogs":true,"interaction":{"idSuffix":"I"}},"clearTextFirst":true,"interactionType":"ENTER_TEXT"}]}
COMMAND: GET /session/6aa7e649349f90b4840747c4ea403a74/screenshot - {}
RESULT: {"script":"<script> [776 bytes]","args":[{"enterText":"300003","selector":{"controlType":"sap.m.SearchField","properties":{"placeholder":"Search"},"searchOpenDialogs":true,"interaction":{"idSuffix":"I"}},"clearTextFirst":true,"interactionType":"ENTER_TEXT"}]}
COMMAND: POST /session/6aa7e649349f90b4840747c4ea403a74/actions - {"actions":[{"id":"action14","type":"key","parameters":{},"actions":[{"type":"keyDown","value":"î€‡"},{"type":"pause","duration":10},{"type":"keyUp","value":"î€‡"}]}]}
RESULT: {}
RESULT: {"actions":[{"id":"action14","type":"key","parameters":{},"actions":[{"type":"keyDown","value":"î€‡"},{"type":"pause","duration":10},{"type":"keyUp","value":"î€‡"}]}]}
COMMAND: GET /session/6aa7e649349f90b4840747c4ea403a74/screenshot - {}
RESULT: {}
COMMAND: POST /session/6aa7e649349f90b4840747c4ea403a74/element - {"using":"xpath","value":"//span[contains(text(), \"300003\")]"}
RESULT: {"using":"xpath","value":"//span[contains(text(), \"300003\")]"}
COMMAND: POST /session/6aa7e649349f90b4840747c4ea403a74/element/f.B789F3E8D5EB6317E0B12CBF8AF7BC43.d.AF83F016DCDA2212795412319645AC13.e.5166/click - {}
RESULT: {}
COMMAND: GET /session/6aa7e649349f90b4840747c4ea403a74/screenshot - {}
RESULT: {}
COMMAND: POST /session/6aa7e649349f90b4840747c4ea403a74/element - {"using":"xpath","value":"//bdi[contains(text(), \"OK\")]"}
RESULT: {"using":"xpath","value":"//bdi[contains(text(), \"OK\")]"}
COMMAND: POST /session/6aa7e649349f90b4840747c4ea403a74/element/f.B789F3E8D5EB6317E0B12CBF8AF7BC43.d.AF83F016DCDA2212795412319645AC13.e.5168/click - {}
RESULT: {}
COMMAND: GET /session/6aa7e649349f90b4840747c4ea403a74/screenshot - {}
RESULT: {}
COMMAND: POST /session/6aa7e649349f90b4840747c4ea403a74/execute/async - {"script":"<script> [1562 bytes]","args":[{"selector":{"id":"application-managepartners-display-component---NewPartner--intercompVendorComboBox-application-managepartners-display-component---NewPartner--assignmentsTable-0-vhi"},"wdio_ui5_key":"applicationmanagepartners-display-component---NewPartner--intercompVendorComboBox-application-managepartners-display-component---NewPartner--assignmentsTable-0-vhi"}]}
RESULT: {"script":"<script> [1562 bytes]","args":[{"selector":{"id":"application-managepartners-display-component---NewPartner--intercompVendorComboBox-application-managepartners-display-component---NewPartner--assignmentsTable-0-vhi"},"wdio_ui5_key":"applicationmanagepartners-display-component---NewPartner--intercompVendorComboBox-application-managepartners-display-component---NewPartner--assignmentsTable-0-vhi"}]}
RESULT: undefined
COMMAND: POST /session/6aa7e649349f90b4840747c4ea403a74/element - {"using":"xpath","value":"//*[@id=\"application-managepartners-display-component---NewPartner--intercompVendorComboBox-application-managepartners-display-component---NewPartner--assignmentsTable-0-vhi\"]"}
RESULT: {"using":"xpath","value":"//*[@id=\"application-managepartners-display-component---NewPartner--intercompVendorComboBox-application-managepartners-display-component---NewPartner--assignmentsTable-0-vhi\"]"}
COMMAND: POST /session/6aa7e649349f90b4840747c4ea403a74/element/f.B789F3E8D5EB6317E0B12CBF8AF7BC43.d.AF83F016DCDA2212795412319645AC13.e.5171/click - {}
RESULT: {}
RESULT: undefined
COMMAND: POST /session/6aa7e649349f90b4840747c4ea403a74/execute/async - {"script":"<script> [776 bytes]","args":[{"enterText":"100005","selector":{"controlType":"sap.m.SearchField","properties":{"placeholder":"Search"},"searchOpenDialogs":true,"interaction":{"idSuffix":"I"}},"clearTextFirst":true,"interactionType":"ENTER_TEXT"}]}
COMMAND: GET /session/6aa7e649349f90b4840747c4ea403a74/screenshot - {}
RESULT: {"script":"<script> [776 bytes]","args":[{"enterText":"100005","selector":{"controlType":"sap.m.SearchField","properties":{"placeholder":"Search"},"searchOpenDialogs":true,"interaction":{"idSuffix":"I"}},"clearTextFirst":true,"interactionType":"ENTER_TEXT"}]}
COMMAND: POST /session/6aa7e649349f90b4840747c4ea403a74/actions - {"actions":[{"id":"action15","type":"key","parameters":{},"actions":[{"type":"keyDown","value":"î€‡"},{"type":"pause","duration":10},{"type":"keyUp","value":"î€‡"}]}]}
RESULT: {}
RESULT: {"actions":[{"id":"action15","type":"key","parameters":{},"actions":[{"type":"keyDown","value":"î€‡"},{"type":"pause","duration":10},{"type":"keyUp","value":"î€‡"}]}]}
COMMAND: GET /session/6aa7e649349f90b4840747c4ea403a74/screenshot - {}
RESULT: {}
COMMAND: POST /session/6aa7e649349f90b4840747c4ea403a74/element - {"using":"xpath","value":"//span[contains(text(), \"Penguins - Field/12345 Berlin\")]"}
RESULT: {"using":"xpath","value":"//span[contains(text(), \"Penguins - Field/12345 Berlin\")]"}
COMMAND: POST /session/6aa7e649349f90b4840747c4ea403a74/element/f.B789F3E8D5EB6317E0B12CBF8AF7BC43.d.AF83F016DCDA2212795412319645AC13.e.5190/click - {}
RESULT: {}
COMMAND: GET /session/6aa7e649349f90b4840747c4ea403a74/screenshot - {}
RESULT: {}
COMMAND: POST /session/6aa7e649349f90b4840747c4ea403a74/element - {"using":"xpath","value":"//bdi[contains(text(), \"OK\")]"}
RESULT: {"using":"xpath","value":"//bdi[contains(text(), \"OK\")]"}
COMMAND: POST /session/6aa7e649349f90b4840747c4ea403a74/element/f.B789F3E8D5EB6317E0B12CBF8AF7BC43.d.AF83F016DCDA2212795412319645AC13.e.5191/click - {}
RESULT: {}
COMMAND: GET /session/6aa7e649349f90b4840747c4ea403a74/screenshot - {}
RESULT: {}
COMMAND: POST /session/6aa7e649349f90b4840747c4ea403a74/element - {"using":"xpath","value":"//button[@data-kt=\"saveButton\"]"}
RESULT: {"using":"xpath","value":"//button[@data-kt=\"saveButton\"]"}
COMMAND: POST /session/6aa7e649349f90b4840747c4ea403a74/element/f.B789F3E8D5EB6317E0B12CBF8AF7BC43.d.AF83F016DCDA2212795412319645AC13.e.4973/click - {}
RESULT: {}
COMMAND: GET /session/6aa7e649349f90b4840747c4ea403a74/screenshot - {}
RESULT: {}
COMMAND: POST /session/6aa7e649349f90b4840747c4ea403a74/element - {"using":"xpath","value":"//header[contains(@id, 'ObjectPageLayout-headerTitle')]/div[1]/div[2]/div[2]/span[1]"}
RESULT: {"using":"xpath","value":"//header[contains(@id, 'ObjectPageLayout-headerTitle')]/div[1]/div[2]/div[2]/span[1]"}
COMMAND: POST /session/6aa7e649349f90b4840747c4ea403a74/elements - {"using":"xpath","value":"//header[contains(@id, 'ObjectPageLayout-headerTitle')]/div[1]/div[2]/div[2]/span[1]"}
RESULT: {"using":"xpath","value":"//header[contains(@id, 'ObjectPageLayout-headerTitle')]/div[1]/div[2]/div[2]/span[1]"}
COMMAND: POST /session/6aa7e649349f90b4840747c4ea403a74/execute/sync - {"script":"<script> [56 bytes]","args":[{"element-6066-11e4-a52e-4f735466cecf":"f.B789F3E8D5EB6317E0B12CBF8AF7BC43.d.AF83F016DCDA2212795412319645AC13.e.5355","ELEMENT":"f.B789F3E8D5EB6317E0B12CBF8AF7BC43.d.AF83F016DCDA2212795412319645AC13.e.5355"}]}
RESULT: {"script":"<script> [56 bytes]","args":[{"element-6066-11e4-a52e-4f735466cecf":"f.B789F3E8D5EB6317E0B12CBF8AF7BC43.d.AF83F016DCDA2212795412319645AC13.e.5355","ELEMENT":"f.B789F3E8D5EB6317E0B12CBF8AF7BC43.d.AF83F016DCDA2212795412319645AC13.e.5355"}]}
COMMAND: POST /session/6aa7e649349f90b4840747c4ea403a74/element - {"using":"css selector","value":"#shell-header-logo"}
COMMAND: GET /session/6aa7e649349f90b4840747c4ea403a74/screenshot - {}
RESULT: {"using":"css selector","value":"#shell-header-logo"}
COMMAND: POST /session/6aa7e649349f90b4840747c4ea403a74/element/f.B789F3E8D5EB6317E0B12CBF8AF7BC43.d.AF83F016DCDA2212795412319645AC13.e.4572/click - {}
RESULT: {}
RESULT: {}
COMMAND: GET /session/6aa7e649349f90b4840747c4ea403a74/screenshot - {}
RESULT: {}
COMMAND: POST /session/6aa7e649349f90b4840747c4ea403a74/execute/sync - {"script":"<script> [299 bytes]","args":[["getModel","getResource"]]}
RESULT: {"script":"<script> [299 bytes]","args":[["getModel","getResource"]]}
RESULT: undefined
COMMAND: POST /session/6aa7e649349f90b4840747c4ea403a74/element - {"using":"xpath","value":"//*[@id=\"__tile30\"]"}
COMMAND: GET /session/6aa7e649349f90b4840747c4ea403a74/screenshot - {}
RESULT: {"using":"xpath","value":"//*[@id=\"__tile30\"]"}
COMMAND: POST /session/6aa7e649349f90b4840747c4ea403a74/element/f.B789F3E8D5EB6317E0B12CBF8AF7BC43.d.AF83F016DCDA2212795412319645AC13.e.4492/click - {}
RESULT: {}
RESULT: {}
COMMAND: POST /session/6aa7e649349f90b4840747c4ea403a74/element - {"using":"xpath","value":"//button[@data-kt=\"addButton\"]"}
COMMAND: GET /session/6aa7e649349f90b4840747c4ea403a74/screenshot - {}
RESULT: {"using":"xpath","value":"//button[@data-kt=\"addButton\"]"}
COMMAND: POST /session/6aa7e649349f90b4840747c4ea403a74/elements - {"using":"xpath","value":"//button[@data-kt=\"addButton\"]"}
RESULT: {}
RESULT: {"using":"xpath","value":"//button[@data-kt=\"addButton\"]"}
COMMAND: POST /session/6aa7e649349f90b4840747c4ea403a74/execute/sync - {"script":"<script> [8489 bytes]","args":[{"element-6066-11e4-a52e-4f735466cecf":"f.B789F3E8D5EB6317E0B12CBF8AF7BC43.d.AF83F016DCDA2212795412319645AC13.e.5402","ELEMENT":"f.B789F3E8D5EB6317E0B12CBF8AF7BC43.d.AF83F016DCDA2212795412319645AC13.e.5402"}]}
RESULT: {"script":"<script> [8489 bytes]","args":[{"element-6066-11e4-a52e-4f735466cecf":"f.B789F3E8D5EB6317E0B12CBF8AF7BC43.d.AF83F016DCDA2212795412319645AC13.e.5402","ELEMENT":"f.B789F3E8D5EB6317E0B12CBF8AF7BC43.d.AF83F016DCDA2212795412319645AC13.e.5402"}]}
COMMAND: GET /session/6aa7e649349f90b4840747c4ea403a74/element/f.B789F3E8D5EB6317E0B12CBF8AF7BC43.d.AF83F016DCDA2212795412319645AC13.e.5402/enabled - {}
COMMAND: GET /session/6aa7e649349f90b4840747c4ea403a74/screenshot - {}
RESULT: {}
COMMAND: POST /session/6aa7e649349f90b4840747c4ea403a74/execute/sync - {"script":"<script> [8489 bytes]","args":[{"element-6066-11e4-a52e-4f735466cecf":"f.B789F3E8D5EB6317E0B12CBF8AF7BC43.d.AF83F016DCDA2212795412319645AC13.e.5402","ELEMENT":"f.B789F3E8D5EB6317E0B12CBF8AF7BC43.d.AF83F016DCDA2212795412319645AC13.e.5402"}]}
COMMAND: GET /session/6aa7e649349f90b4840747c4ea403a74/screenshot - {}
RESULT: {}
RESULT: {"script":"<script> [8489 bytes]","args":[{"element-6066-11e4-a52e-4f735466cecf":"f.B789F3E8D5EB6317E0B12CBF8AF7BC43.d.AF83F016DCDA2212795412319645AC13.e.5402","ELEMENT":"f.B789F3E8D5EB6317E0B12CBF8AF7BC43.d.AF83F016DCDA2212795412319645AC13.e.5402"}]}
COMMAND: POST /session/6aa7e649349f90b4840747c4ea403a74/execute/sync - {"script":"<script> [5351 bytes]","args":[{"element-6066-11e4-a52e-4f735466cecf":"f.B789F3E8D5EB6317E0B12CBF8AF7BC43.d.AF83F016DCDA2212795412319645AC13.e.5402","ELEMENT":"f.B789F3E8D5EB6317E0B12CBF8AF7BC43.d.AF83F016DCDA2212795412319645AC13.e.5402"}]}
COMMAND: GET /session/6aa7e649349f90b4840747c4ea403a74/screenshot - {}
RESULT: {}
RESULT: {"script":"<script> [5351 bytes]","args":[{"element-6066-11e4-a52e-4f735466cecf":"f.B789F3E8D5EB6317E0B12CBF8AF7BC43.d.AF83F016DCDA2212795412319645AC13.e.5402","ELEMENT":"f.B789F3E8D5EB6317E0B12CBF8AF7BC43.d.AF83F016DCDA2212795412319645AC13.e.5402"}]}
COMMAND: GET /session/6aa7e649349f90b4840747c4ea403a74/screenshot - {}
RESULT: {}
RESULT: {}
COMMAND: POST /session/6aa7e649349f90b4840747c4ea403a74/execute/async - {"script":"<script> [1562 bytes]","args":[{"selector":{"id":"application-managepartners-display-component---masterPtm--smartFilterBar-btnBasicSearch","interaction":{"idSuffix":"I"}},"wdio_ui5_key":"applicationmanagepartners-display-component---masterPtm--smartFilterBar-btnBasicSearch"}]}
RESULT: {"script":"<script> [1562 bytes]","args":[{"selector":{"id":"application-managepartners-display-component---masterPtm--smartFilterBar-btnBasicSearch","interaction":{"idSuffix":"I"}},"wdio_ui5_key":"applicationmanagepartners-display-component---masterPtm--smartFilterBar-btnBasicSearch"}]}
RESULT: undefined
COMMAND: POST /session/6aa7e649349f90b4840747c4ea403a74/execute/async - {"script":"<script> [776 bytes]","args":[{"enterText":"1303","selector":{"id":"application-managepartners-display-component---masterPtm--smartFilterBar-btnBasicSearch","interaction":{"idSuffix":"I"}},"clearTextFirst":true,"interactionType":"ENTER_TEXT"}]}
RESULT: {"script":"<script> [776 bytes]","args":[{"enterText":"1303","selector":{"id":"application-managepartners-display-component---masterPtm--smartFilterBar-btnBasicSearch","interaction":{"idSuffix":"I"}},"clearTextFirst":true,"interactionType":"ENTER_TEXT"}]}
COMMAND: POST /session/6aa7e649349f90b4840747c4ea403a74/actions - {"actions":[{"id":"action16","type":"key","parameters":{},"actions":[{"type":"keyDown","value":"î€‡"},{"type":"pause","duration":10},{"type":"keyUp","value":"î€‡"}]}]}
RESULT: {"actions":[{"id":"action16","type":"key","parameters":{},"actions":[{"type":"keyDown","value":"î€‡"},{"type":"pause","duration":10},{"type":"keyUp","value":"î€‡"}]}]}
COMMAND: GET /session/6aa7e649349f90b4840747c4ea403a74/screenshot - {}
RESULT: {}
COMMAND: POST /session/6aa7e649349f90b4840747c4ea403a74/elements - {"using":"xpath","value":"//table[contains(@id, \"customPartnersTable-listUl\")]/tbody/tr"}
RESULT: {"using":"xpath","value":"//table[contains(@id, \"customPartnersTable-listUl\")]/tbody/tr"}
COMMAND: POST /session/6aa7e649349f90b4840747c4ea403a74/element - {"using":"xpath","value":"//table[contains(@id, \"customPartnersTable-listUl\")]/tbody/tr[1]/td[3]/span"}
RESULT: {"using":"xpath","value":"//table[contains(@id, \"customPartnersTable-listUl\")]/tbody/tr[1]/td[3]/span"}
COMMAND: POST /session/6aa7e649349f90b4840747c4ea403a74/elements - {"using":"xpath","value":"//table[contains(@id, \"customPartnersTable-listUl\")]/tbody/tr[1]/td[3]/span"}
RESULT: {"using":"xpath","value":"//table[contains(@id, \"customPartnersTable-listUl\")]/tbody/tr[1]/td[3]/span"}
COMMAND: POST /session/6aa7e649349f90b4840747c4ea403a74/execute/sync - {"script":"<script> [56 bytes]","args":[{"element-6066-11e4-a52e-4f735466cecf":"f.B789F3E8D5EB6317E0B12CBF8AF7BC43.d.AF83F016DCDA2212795412319645AC13.e.5537","ELEMENT":"f.B789F3E8D5EB6317E0B12CBF8AF7BC43.d.AF83F016DCDA2212795412319645AC13.e.5537"}]}
RESULT: {"script":"<script> [56 bytes]","args":[{"element-6066-11e4-a52e-4f735466cecf":"f.B789F3E8D5EB6317E0B12CBF8AF7BC43.d.AF83F016DCDA2212795412319645AC13.e.5537","ELEMENT":"f.B789F3E8D5EB6317E0B12CBF8AF7BC43.d.AF83F016DCDA2212795412319645AC13.e.5537"}]}
COMMAND: POST /session/6aa7e649349f90b4840747c4ea403a74/element - {"using":"xpath","value":"(//span[contains(@id, \"imgNav\")])[1]"}
COMMAND: GET /session/6aa7e649349f90b4840747c4ea403a74/screenshot - {}
RESULT: {"using":"xpath","value":"(//span[contains(@id, \"imgNav\")])[1]"}
COMMAND: POST /session/6aa7e649349f90b4840747c4ea403a74/element/f.B789F3E8D5EB6317E0B12CBF8AF7BC43.d.AF83F016DCDA2212795412319645AC13.e.5534/click - {}
RESULT: {}
RESULT: {}
COMMAND: GET /session/6aa7e649349f90b4840747c4ea403a74/screenshot - {}
RESULT: {}
COMMAND: POST /session/6aa7e649349f90b4840747c4ea403a74/element - {"using":"xpath","value":"//bdi[contains(text(), \"Edit\")]"}
RESULT: {"using":"xpath","value":"//bdi[contains(text(), \"Edit\")]"}
COMMAND: POST /session/6aa7e649349f90b4840747c4ea403a74/element/f.B789F3E8D5EB6317E0B12CBF8AF7BC43.d.AF83F016DCDA2212795412319645AC13.e.5683/click - {}
RESULT: {}
COMMAND: GET /session/6aa7e649349f90b4840747c4ea403a74/screenshot - {}
RESULT: {}
COMMAND: POST /session/6aa7e649349f90b4840747c4ea403a74/execute/async - {"script":"<script> [1562 bytes]","args":[{"selector":{"controlType":"sap.m.Input","viewName":"etm.portal.ui.managepartners.view.EditDetail","labelFor":{"text":"Name"},"interaction":{"idSuffix":"inner"}},"wdio_ui5_key":"etmportal.ui.managepartners.view.EditDetailsap.m.Input{\"text\":\"Name\"}"}]}
RESULT: {"script":"<script> [1562 bytes]","args":[{"selector":{"controlType":"sap.m.Input","viewName":"etm.portal.ui.managepartners.view.EditDetail","labelFor":{"text":"Name"},"interaction":{"idSuffix":"inner"}},"wdio_ui5_key":"etmportal.ui.managepartners.view.EditDetailsap.m.Input{\"text\":\"Name\"}"}]}
RESULT: undefined
COMMAND: POST /session/6aa7e649349f90b4840747c4ea403a74/execute/async - {"script":"<script> [776 bytes]","args":[{"enterText":"Intracompany EDIT","selector":{"controlType":"sap.m.Input","viewName":"etm.portal.ui.managepartners.view.EditDetail","labelFor":{"text":"Name"},"interaction":{"idSuffix":"inner"}},"clearTextFirst":true,"interactionType":"ENTER_TEXT"}]}
RESULT: {"script":"<script> [776 bytes]","args":[{"enterText":"Intracompany EDIT","selector":{"controlType":"sap.m.Input","viewName":"etm.portal.ui.managepartners.view.EditDetail","labelFor":{"text":"Name"},"interaction":{"idSuffix":"inner"}},"clearTextFirst":true,"interactionType":"ENTER_TEXT"}]}
COMMAND: POST /session/6aa7e649349f90b4840747c4ea403a74/element - {"using":"xpath","value":"(//span[contains(@id,\"addressDetailDetailsLanguage-arrow\")])[1]"}
RESULT: {"using":"xpath","value":"(//span[contains(@id,\"addressDetailDetailsLanguage-arrow\")])[1]"}
COMMAND: POST /session/6aa7e649349f90b4840747c4ea403a74/element/f.B789F3E8D5EB6317E0B12CBF8AF7BC43.d.AF83F016DCDA2212795412319645AC13.e.5768/click - {}
RESULT: {}
COMMAND: POST /session/6aa7e649349f90b4840747c4ea403a74/element - {"using":"xpath","value":"//span[contains(text(), \"Chinese\")]"}
COMMAND: GET /session/6aa7e649349f90b4840747c4ea403a74/screenshot - {}
RESULT: {"using":"xpath","value":"//span[contains(text(), \"Chinese\")]"}
COMMAND: POST /session/6aa7e649349f90b4840747c4ea403a74/element/f.B789F3E8D5EB6317E0B12CBF8AF7BC43.d.AF83F016DCDA2212795412319645AC13.e.5769/click - {}
RESULT: {}
RESULT: {}
COMMAND: GET /session/6aa7e649349f90b4840747c4ea403a74/screenshot - {}
RESULT: {}
COMMAND: POST /session/6aa7e649349f90b4840747c4ea403a74/execute/async - {"script":"<script> [1562 bytes]","args":[{"selector":{"controlType":"sap.m.Input","viewName":"etm.portal.ui.managepartners.view.EditDetail","labelFor":{"text":"City"},"interaction":{"idSuffix":"inner"}},"wdio_ui5_key":"etmportal.ui.managepartners.view.EditDetailsap.m.Input{\"text\":\"City\"}"}]}
RESULT: {"script":"<script> [1562 bytes]","args":[{"selector":{"controlType":"sap.m.Input","viewName":"etm.portal.ui.managepartners.view.EditDetail","labelFor":{"text":"City"},"interaction":{"idSuffix":"inner"}},"wdio_ui5_key":"etmportal.ui.managepartners.view.EditDetailsap.m.Input{\"text\":\"City\"}"}]}
RESULT: undefined
COMMAND: POST /session/6aa7e649349f90b4840747c4ea403a74/execute/async - {"script":"<script> [776 bytes]","args":[{"enterText":"Clooj-Napoca","selector":{"controlType":"sap.m.Input","viewName":"etm.portal.ui.managepartners.view.EditDetail","labelFor":{"text":"City"},"interaction":{"idSuffix":"inner"}},"clearTextFirst":true,"interactionType":"ENTER_TEXT"}]}
RESULT: {"script":"<script> [776 bytes]","args":[{"enterText":"Clooj-Napoca","selector":{"controlType":"sap.m.Input","viewName":"etm.portal.ui.managepartners.view.EditDetail","labelFor":{"text":"City"},"interaction":{"idSuffix":"inner"}},"clearTextFirst":true,"interactionType":"ENTER_TEXT"}]}
COMMAND: POST /session/6aa7e649349f90b4840747c4ea403a74/element - {"using":"xpath","value":"//button[@data-kt=\"saveButton\"]"}
RESULT: {"using":"xpath","value":"//button[@data-kt=\"saveButton\"]"}
COMMAND: POST /session/6aa7e649349f90b4840747c4ea403a74/element/f.B789F3E8D5EB6317E0B12CBF8AF7BC43.d.AF83F016DCDA2212795412319645AC13.e.5745/click - {}
RESULT: {}
COMMAND: GET /session/6aa7e649349f90b4840747c4ea403a74/screenshot - {}
RESULT: {}
COMMAND: POST /session/6aa7e649349f90b4840747c4ea403a74/execute/async - {"script":"<script> [1562 bytes]","args":[{"selector":{"id":"application-managepartners-display-component---detailPtm--addressDetailDetailsName1"},"wdio_ui5_key":"applicationmanagepartners-display-component---detailPtm--addressDetailDetailsName1"}]}
RESULT: {"script":"<script> [1562 bytes]","args":[{"selector":{"id":"application-managepartners-display-component---detailPtm--addressDetailDetailsName1"},"wdio_ui5_key":"applicationmanagepartners-display-component---detailPtm--addressDetailDetailsName1"}]}
RESULT: undefined
COMMAND: POST /session/6aa7e649349f90b4840747c4ea403a74/execute/async - {"script":"<script> [6424 bytes]","args":[{"element-6066-11e4-a52e-4f735466cecf":"f.B789F3E8D5EB6317E0B12CBF8AF7BC43.d.AF83F016DCDA2212795412319645AC13.e.5800"},"getValue",[]]}
RESULT: {"script":"<script> [6424 bytes]","args":[{"element-6066-11e4-a52e-4f735466cecf":"f.B789F3E8D5EB6317E0B12CBF8AF7BC43.d.AF83F016DCDA2212795412319645AC13.e.5800"},"getValue",[]]}
COMMAND: POST /session/6aa7e649349f90b4840747c4ea403a74/element - {"using":"xpath","value":"//input[@id = \"application-managepartners-display-component---detailPtm--addressDetailDetailsLanguage-inner\"]"}
RESULT: {"using":"xpath","value":"//input[@id = \"application-managepartners-display-component---detailPtm--addressDetailDetailsLanguage-inner\"]"}
COMMAND: GET /session/6aa7e649349f90b4840747c4ea403a74/element/f.B789F3E8D5EB6317E0B12CBF8AF7BC43.d.AF83F016DCDA2212795412319645AC13.e.5801/property/value - {}
RESULT: {}
COMMAND: POST /session/6aa7e649349f90b4840747c4ea403a74/execute/async - {"script":"<script> [1562 bytes]","args":[{"selector":{"id":"application-managepartners-display-component---detailPtm--addressDetailDetailsCity1"},"wdio_ui5_key":"applicationmanagepartners-display-component---detailPtm--addressDetailDetailsCity1"}]}
COMMAND: GET /session/6aa7e649349f90b4840747c4ea403a74/screenshot - {}
RESULT: {"script":"<script> [1562 bytes]","args":[{"selector":{"id":"application-managepartners-display-component---detailPtm--addressDetailDetailsCity1"},"wdio_ui5_key":"applicationmanagepartners-display-component---detailPtm--addressDetailDetailsCity1"}]}
RESULT: undefined
COMMAND: POST /session/6aa7e649349f90b4840747c4ea403a74/execute/async - {"script":"<script> [6424 bytes]","args":[{"element-6066-11e4-a52e-4f735466cecf":"f.B789F3E8D5EB6317E0B12CBF8AF7BC43.d.AF83F016DCDA2212795412319645AC13.e.5802"},"getValue",[]]}
RESULT: {}
RESULT: {"script":"<script> [6424 bytes]","args":[{"element-6066-11e4-a52e-4f735466cecf":"f.B789F3E8D5EB6317E0B12CBF8AF7BC43.d.AF83F016DCDA2212795412319645AC13.e.5802"},"getValue",[]]}
COMMAND: POST /session/6aa7e649349f90b4840747c4ea403a74/element - {"using":"css selector","value":"#shell-header-logo"}
RESULT: {"using":"css selector","value":"#shell-header-logo"}
COMMAND: POST /session/6aa7e649349f90b4840747c4ea403a74/element/f.B789F3E8D5EB6317E0B12CBF8AF7BC43.d.AF83F016DCDA2212795412319645AC13.e.5358/click - {}
RESULT: {}
COMMAND: GET /session/6aa7e649349f90b4840747c4ea403a74/screenshot - {}
RESULT: {}
]]></system-out>
    </testcase>
    <testcase classname="chrome.135_0_7049_96.windows.Partner_specific_tests_US150819_US151080_US151654_US151176_US103444_US151078_US151079_US151109_US151174_US151175_US151189" name="Should do filtering and navigation tests US151109" time="157.672">
      <system-out><![CDATA[
COMMAND: POST /session/6aa7e649349f90b4840747c4ea403a74/element - {"using":"xpath","value":"//li[.//span[text()=\"Manage Partners\"]]"}
RESULT: {"using":"xpath","value":"//li[.//span[text()=\"Manage Partners\"]]"}
COMMAND: POST /session/6aa7e649349f90b4840747c4ea403a74/element - {"using":"xpath","value":"//li[.//span[text()=\"Manage Partners\"]]"}
RESULT: {"using":"xpath","value":"//li[.//span[text()=\"Manage Partners\"]]"}
COMMAND: POST /session/6aa7e649349f90b4840747c4ea403a74/element - {"using":"css selector","value":"#shell-header-logo"}
RESULT: {"using":"css selector","value":"#shell-header-logo"}
COMMAND: POST /session/6aa7e649349f90b4840747c4ea403a74/element/f.B789F3E8D5EB6317E0B12CBF8AF7BC43.d.AF83F016DCDA2212795412319645AC13.e.5832/click - {}
COMMAND: POST /session/6aa7e649349f90b4840747c4ea403a74/execute/sync - {"script":"<script> [8489 bytes]","args":[{"element-6066-11e4-a52e-4f735466cecf":"f.B789F3E8D5EB6317E0B12CBF8AF7BC43.d.AF83F016DCDA2212795412319645AC13.e.5832","ELEMENT":"f.B789F3E8D5EB6317E0B12CBF8AF7BC43.d.AF83F016DCDA2212795412319645AC13.e.5832"}]}
RESULT: {}
COMMAND: GET /session/6aa7e649349f90b4840747c4ea403a74/screenshot - {}
RESULT: {"script":"<script> [8489 bytes]","args":[{"element-6066-11e4-a52e-4f735466cecf":"f.B789F3E8D5EB6317E0B12CBF8AF7BC43.d.AF83F016DCDA2212795412319645AC13.e.5832","ELEMENT":"f.B789F3E8D5EB6317E0B12CBF8AF7BC43.d.AF83F016DCDA2212795412319645AC13.e.5832"}]}
COMMAND: POST /session/6aa7e649349f90b4840747c4ea403a74/execute/sync - {"script":"<script> [5351 bytes]","args":[{"element-6066-11e4-a52e-4f735466cecf":"f.B789F3E8D5EB6317E0B12CBF8AF7BC43.d.AF83F016DCDA2212795412319645AC13.e.5832","ELEMENT":"f.B789F3E8D5EB6317E0B12CBF8AF7BC43.d.AF83F016DCDA2212795412319645AC13.e.5832"}]}
COMMAND: GET /session/6aa7e649349f90b4840747c4ea403a74/screenshot - {}
RESULT: {}
RESULT: {"script":"<script> [5351 bytes]","args":[{"element-6066-11e4-a52e-4f735466cecf":"f.B789F3E8D5EB6317E0B12CBF8AF7BC43.d.AF83F016DCDA2212795412319645AC13.e.5832","ELEMENT":"f.B789F3E8D5EB6317E0B12CBF8AF7BC43.d.AF83F016DCDA2212795412319645AC13.e.5832"}]}
COMMAND: GET /session/6aa7e649349f90b4840747c4ea403a74/screenshot - {}
RESULT: {}
RESULT: {}
RESULT: undefined
COMMAND: POST /session/6aa7e649349f90b4840747c4ea403a74/element - {"using":"xpath","value":"//*[@id=\"__tile30\"]"}
RESULT: {"using":"xpath","value":"//*[@id=\"__tile30\"]"}
COMMAND: POST /session/6aa7e649349f90b4840747c4ea403a74/element/f.B789F3E8D5EB6317E0B12CBF8AF7BC43.d.AF83F016DCDA2212795412319645AC13.e.4492/click - {}
RESULT: {}
COMMAND: POST /session/6aa7e649349f90b4840747c4ea403a74/element - {"using":"xpath","value":"//button[@data-kt=\"addButton\"]"}
COMMAND: GET /session/6aa7e649349f90b4840747c4ea403a74/screenshot - {}
RESULT: {"using":"xpath","value":"//button[@data-kt=\"addButton\"]"}
COMMAND: POST /session/6aa7e649349f90b4840747c4ea403a74/elements - {"using":"xpath","value":"//button[@data-kt=\"addButton\"]"}
RESULT: {}
RESULT: {"using":"xpath","value":"//button[@data-kt=\"addButton\"]"}
COMMAND: POST /session/6aa7e649349f90b4840747c4ea403a74/execute/sync - {"script":"<script> [8489 bytes]","args":[{"element-6066-11e4-a52e-4f735466cecf":"f.B789F3E8D5EB6317E0B12CBF8AF7BC43.d.AF83F016DCDA2212795412319645AC13.e.5877","ELEMENT":"f.B789F3E8D5EB6317E0B12CBF8AF7BC43.d.AF83F016DCDA2212795412319645AC13.e.5877"}]}
RESULT: {"script":"<script> [8489 bytes]","args":[{"element-6066-11e4-a52e-4f735466cecf":"f.B789F3E8D5EB6317E0B12CBF8AF7BC43.d.AF83F016DCDA2212795412319645AC13.e.5877","ELEMENT":"f.B789F3E8D5EB6317E0B12CBF8AF7BC43.d.AF83F016DCDA2212795412319645AC13.e.5877"}]}
COMMAND: GET /session/6aa7e649349f90b4840747c4ea403a74/element/f.B789F3E8D5EB6317E0B12CBF8AF7BC43.d.AF83F016DCDA2212795412319645AC13.e.5877/enabled - {}
COMMAND: GET /session/6aa7e649349f90b4840747c4ea403a74/screenshot - {}
RESULT: {}
COMMAND: POST /session/6aa7e649349f90b4840747c4ea403a74/execute/sync - {"script":"<script> [8489 bytes]","args":[{"element-6066-11e4-a52e-4f735466cecf":"f.B789F3E8D5EB6317E0B12CBF8AF7BC43.d.AF83F016DCDA2212795412319645AC13.e.5877","ELEMENT":"f.B789F3E8D5EB6317E0B12CBF8AF7BC43.d.AF83F016DCDA2212795412319645AC13.e.5877"}]}
COMMAND: GET /session/6aa7e649349f90b4840747c4ea403a74/screenshot - {}
RESULT: {}
RESULT: {"script":"<script> [8489 bytes]","args":[{"element-6066-11e4-a52e-4f735466cecf":"f.B789F3E8D5EB6317E0B12CBF8AF7BC43.d.AF83F016DCDA2212795412319645AC13.e.5877","ELEMENT":"f.B789F3E8D5EB6317E0B12CBF8AF7BC43.d.AF83F016DCDA2212795412319645AC13.e.5877"}]}
COMMAND: POST /session/6aa7e649349f90b4840747c4ea403a74/execute/sync - {"script":"<script> [5351 bytes]","args":[{"element-6066-11e4-a52e-4f735466cecf":"f.B789F3E8D5EB6317E0B12CBF8AF7BC43.d.AF83F016DCDA2212795412319645AC13.e.5877","ELEMENT":"f.B789F3E8D5EB6317E0B12CBF8AF7BC43.d.AF83F016DCDA2212795412319645AC13.e.5877"}]}
COMMAND: GET /session/6aa7e649349f90b4840747c4ea403a74/screenshot - {}
RESULT: {}
RESULT: {"script":"<script> [5351 bytes]","args":[{"element-6066-11e4-a52e-4f735466cecf":"f.B789F3E8D5EB6317E0B12CBF8AF7BC43.d.AF83F016DCDA2212795412319645AC13.e.5877","ELEMENT":"f.B789F3E8D5EB6317E0B12CBF8AF7BC43.d.AF83F016DCDA2212795412319645AC13.e.5877"}]}
COMMAND: GET /session/6aa7e649349f90b4840747c4ea403a74/screenshot - {}
RESULT: {}
RESULT: {}
COMMAND: POST /session/6aa7e649349f90b4840747c4ea403a74/element - {"using":"xpath","value":"//span[@id=\"application-managepartners-display-component---masterPtm--smartTable-header-inner\"]"}
RESULT: {"using":"xpath","value":"//span[@id=\"application-managepartners-display-component---masterPtm--smartTable-header-inner\"]"}
COMMAND: POST /session/6aa7e649349f90b4840747c4ea403a74/elements - {"using":"xpath","value":"//span[@id=\"application-managepartners-display-component---masterPtm--smartTable-header-inner\"]"}
RESULT: {"using":"xpath","value":"//span[@id=\"application-managepartners-display-component---masterPtm--smartTable-header-inner\"]"}
COMMAND: POST /session/6aa7e649349f90b4840747c4ea403a74/execute/sync - {"script":"<script> [56 bytes]","args":[{"element-6066-11e4-a52e-4f735466cecf":"f.B789F3E8D5EB6317E0B12CBF8AF7BC43.d.AF83F016DCDA2212795412319645AC13.e.6003","ELEMENT":"f.B789F3E8D5EB6317E0B12CBF8AF7BC43.d.AF83F016DCDA2212795412319645AC13.e.6003"}]}
RESULT: {"script":"<script> [56 bytes]","args":[{"element-6066-11e4-a52e-4f735466cecf":"f.B789F3E8D5EB6317E0B12CBF8AF7BC43.d.AF83F016DCDA2212795412319645AC13.e.6003","ELEMENT":"f.B789F3E8D5EB6317E0B12CBF8AF7BC43.d.AF83F016DCDA2212795412319645AC13.e.6003"}]}
RESULT: undefined
COMMAND: POST /session/6aa7e649349f90b4840747c4ea403a74/execute/async - {"script":"<script> [776 bytes]","args":[{"enterText":"External Partner WDIO","selector":{"id":"application-managepartners-display-component---masterPtm--smartFilterBar-btnBasicSearch","interaction":{"idSuffix":"I"}},"clearTextFirst":true,"interactionType":"ENTER_TEXT"}]}
COMMAND: GET /session/6aa7e649349f90b4840747c4ea403a74/screenshot - {}
RESULT: {"script":"<script> [776 bytes]","args":[{"enterText":"External Partner WDIO","selector":{"id":"application-managepartners-display-component---masterPtm--smartFilterBar-btnBasicSearch","interaction":{"idSuffix":"I"}},"clearTextFirst":true,"interactionType":"ENTER_TEXT"}]}
RESULT: {}
COMMAND: POST /session/6aa7e649349f90b4840747c4ea403a74/actions - {"actions":[{"id":"action17","type":"key","parameters":{},"actions":[{"type":"keyDown","value":"î€‡"},{"type":"pause","duration":10},{"type":"keyUp","value":"î€‡"}]}]}
RESULT: {"actions":[{"id":"action17","type":"key","parameters":{},"actions":[{"type":"keyDown","value":"î€‡"},{"type":"pause","duration":10},{"type":"keyUp","value":"î€‡"}]}]}
COMMAND: GET /session/6aa7e649349f90b4840747c4ea403a74/screenshot - {}
RESULT: {}
COMMAND: POST /session/6aa7e649349f90b4840747c4ea403a74/element - {"using":"xpath","value":"//span[@id=\"application-managepartners-display-component---masterPtm--smartTable-header-inner\"]"}
RESULT: {"using":"xpath","value":"//span[@id=\"application-managepartners-display-component---masterPtm--smartTable-header-inner\"]"}
COMMAND: POST /session/6aa7e649349f90b4840747c4ea403a74/elements - {"using":"xpath","value":"//span[@id=\"application-managepartners-display-component---masterPtm--smartTable-header-inner\"]"}
RESULT: {"using":"xpath","value":"//span[@id=\"application-managepartners-display-component---masterPtm--smartTable-header-inner\"]"}
COMMAND: POST /session/6aa7e649349f90b4840747c4ea403a74/execute/sync - {"script":"<script> [56 bytes]","args":[{"element-6066-11e4-a52e-4f735466cecf":"f.B789F3E8D5EB6317E0B12CBF8AF7BC43.d.AF83F016DCDA2212795412319645AC13.e.6003","ELEMENT":"f.B789F3E8D5EB6317E0B12CBF8AF7BC43.d.AF83F016DCDA2212795412319645AC13.e.6003"}]}
RESULT: {"script":"<script> [56 bytes]","args":[{"element-6066-11e4-a52e-4f735466cecf":"f.B789F3E8D5EB6317E0B12CBF8AF7BC43.d.AF83F016DCDA2212795412319645AC13.e.6003","ELEMENT":"f.B789F3E8D5EB6317E0B12CBF8AF7BC43.d.AF83F016DCDA2212795412319645AC13.e.6003"}]}
COMMAND: POST /session/6aa7e649349f90b4840747c4ea403a74/element - {"using":"xpath","value":"//div[contains(@id, \"managepartners-display-component---masterPtm--smartFilterBar-btnBasicSearch-reset\")]"}
COMMAND: GET /session/6aa7e649349f90b4840747c4ea403a74/screenshot - {}
RESULT: {"using":"xpath","value":"//div[contains(@id, \"managepartners-display-component---masterPtm--smartFilterBar-btnBasicSearch-reset\")]"}
COMMAND: POST /session/6aa7e649349f90b4840747c4ea403a74/element/f.B789F3E8D5EB6317E0B12CBF8AF7BC43.d.AF83F016DCDA2212795412319645AC13.e.6070/click - {}
RESULT: {}
RESULT: {}
COMMAND: GET /session/6aa7e649349f90b4840747c4ea403a74/screenshot - {}
RESULT: {}
COMMAND: POST /session/6aa7e649349f90b4840747c4ea403a74/execute/async - {"script":"<script> [1562 bytes]","args":[{"selector":{"id":"application-managepartners-display-component---masterPtm--smartFilterBar-filterItemControl_BASIC-MAIN_ADDRESS-vhi"},"wdio_ui5_key":"applicationmanagepartners-display-component---masterPtm--smartFilterBar-filterItemControl_BASIC-MAIN_ADDRESS-vhi"}]}
RESULT: {"script":"<script> [1562 bytes]","args":[{"selector":{"id":"application-managepartners-display-component---masterPtm--smartFilterBar-filterItemControl_BASIC-MAIN_ADDRESS-vhi"},"wdio_ui5_key":"applicationmanagepartners-display-component---masterPtm--smartFilterBar-filterItemControl_BASIC-MAIN_ADDRESS-vhi"}]}
RESULT: undefined
COMMAND: POST /session/6aa7e649349f90b4840747c4ea403a74/element - {"using":"xpath","value":"//*[@id=\"application-managepartners-display-component---masterPtm--smartFilterBar-filterItemControl_BASIC-MAIN_ADDRESS-vhi\"]"}
RESULT: {"using":"xpath","value":"//*[@id=\"application-managepartners-display-component---masterPtm--smartFilterBar-filterItemControl_BASIC-MAIN_ADDRESS-vhi\"]"}
COMMAND: POST /session/6aa7e649349f90b4840747c4ea403a74/element/f.B789F3E8D5EB6317E0B12CBF8AF7BC43.d.AF83F016DCDA2212795412319645AC13.e.6167/click - {}
RESULT: {}
COMMAND: GET /session/6aa7e649349f90b4840747c4ea403a74/screenshot - {}
RESULT: {}
COMMAND: POST /session/6aa7e649349f90b4840747c4ea403a74/execute/async - {"script":"<script> [1562 bytes]","args":[{"selector":{"id":"application-managepartners-display-component---masterPtm--smartFilterBar-filterItemControl_BASIC-MAIN_ADDRESS-valueHelpDialog-smartFilterBar-btnBasicSearch","searchOpenDialogs":true,"interaction":{"idSuffix":"I"}},"wdio_ui5_key":"applicationmanagepartners-display-component---masterPtm--smartFilterBar-filterItemControl_BASIC-MAIN_ADDRESS-valueHelpDialog-smartFilterBar-btnBasicSearch"}]}
RESULT: {"script":"<script> [1562 bytes]","args":[{"selector":{"id":"application-managepartners-display-component---masterPtm--smartFilterBar-filterItemControl_BASIC-MAIN_ADDRESS-valueHelpDialog-smartFilterBar-btnBasicSearch","searchOpenDialogs":true,"interaction":{"idSuffix":"I"}},"wdio_ui5_key":"applicationmanagepartners-display-component---masterPtm--smartFilterBar-filterItemControl_BASIC-MAIN_ADDRESS-valueHelpDialog-smartFilterBar-btnBasicSearch"}]}
RESULT: undefined
COMMAND: POST /session/6aa7e649349f90b4840747c4ea403a74/execute/async - {"script":"<script> [776 bytes]","args":[{"enterText":"Romania","selector":{"id":"application-managepartners-display-component---masterPtm--smartFilterBar-filterItemControl_BASIC-MAIN_ADDRESS-valueHelpDialog-smartFilterBar-btnBasicSearch","searchOpenDialogs":true,"interaction":{"idSuffix":"I"}},"clearTextFirst":true,"interactionType":"ENTER_TEXT"}]}
RESULT: {"script":"<script> [776 bytes]","args":[{"enterText":"Romania","selector":{"id":"application-managepartners-display-component---masterPtm--smartFilterBar-filterItemControl_BASIC-MAIN_ADDRESS-valueHelpDialog-smartFilterBar-btnBasicSearch","searchOpenDialogs":true,"interaction":{"idSuffix":"I"}},"clearTextFirst":true,"interactionType":"ENTER_TEXT"}]}
COMMAND: POST /session/6aa7e649349f90b4840747c4ea403a74/actions - {"actions":[{"id":"action18","type":"key","parameters":{},"actions":[{"type":"keyDown","value":"î€‡"},{"type":"pause","duration":10},{"type":"keyUp","value":"î€‡"}]}]}
RESULT: {"actions":[{"id":"action18","type":"key","parameters":{},"actions":[{"type":"keyDown","value":"î€‡"},{"type":"pause","duration":10},{"type":"keyUp","value":"î€‡"}]}]}
COMMAND: POST /session/6aa7e649349f90b4840747c4ea403a74/elements - {"using":"xpath","value":"//table[contains(@id, \"smartFilterBar-filterItemControl_BASIC-MAIN_ADDRESS-valueHelpDialog-table-table\")]/tbody/tr"}
COMMAND: GET /session/6aa7e649349f90b4840747c4ea403a74/screenshot - {}
RESULT: {"using":"xpath","value":"//table[contains(@id, \"smartFilterBar-filterItemControl_BASIC-MAIN_ADDRESS-valueHelpDialog-table-table\")]/tbody/tr"}
COMMAND: POST /session/6aa7e649349f90b4840747c4ea403a74/element - {"using":"xpath","value":"//table[contains(@id, \"smartFilterBar-filterItemControl_BASIC-MAIN_ADDRESS-valueHelpDialog-table-table\")]/tbody/tr[1]/td[1]/div/span"}
RESULT: {}
RESULT: {"using":"xpath","value":"//table[contains(@id, \"smartFilterBar-filterItemControl_BASIC-MAIN_ADDRESS-valueHelpDialog-table-table\")]/tbody/tr[1]/td[1]/div/span"}
COMMAND: POST /session/6aa7e649349f90b4840747c4ea403a74/elements - {"using":"xpath","value":"//table[contains(@id, \"smartFilterBar-filterItemControl_BASIC-MAIN_ADDRESS-valueHelpDialog-table-table\")]/tbody/tr[1]/td[1]/div/span"}
RESULT: {"using":"xpath","value":"//table[contains(@id, \"smartFilterBar-filterItemControl_BASIC-MAIN_ADDRESS-valueHelpDialog-table-table\")]/tbody/tr[1]/td[1]/div/span"}
COMMAND: POST /session/6aa7e649349f90b4840747c4ea403a74/execute/sync - {"script":"<script> [56 bytes]","args":[{"element-6066-11e4-a52e-4f735466cecf":"f.B789F3E8D5EB6317E0B12CBF8AF7BC43.d.AF83F016DCDA2212795412319645AC13.e.6188","ELEMENT":"f.B789F3E8D5EB6317E0B12CBF8AF7BC43.d.AF83F016DCDA2212795412319645AC13.e.6188"}]}
RESULT: {"script":"<script> [56 bytes]","args":[{"element-6066-11e4-a52e-4f735466cecf":"f.B789F3E8D5EB6317E0B12CBF8AF7BC43.d.AF83F016DCDA2212795412319645AC13.e.6188","ELEMENT":"f.B789F3E8D5EB6317E0B12CBF8AF7BC43.d.AF83F016DCDA2212795412319645AC13.e.6188"}]}
COMMAND: POST /session/6aa7e649349f90b4840747c4ea403a74/element - {"using":"xpath","value":"//div[contains(@id, \"filterItemControl_BASIC-MAIN_ADDRESS-valueHelpDialog-table-rowsel0\")]"}
COMMAND: GET /session/6aa7e649349f90b4840747c4ea403a74/screenshot - {}
RESULT: {"using":"xpath","value":"//div[contains(@id, \"filterItemControl_BASIC-MAIN_ADDRESS-valueHelpDialog-table-rowsel0\")]"}
COMMAND: POST /session/6aa7e649349f90b4840747c4ea403a74/element/f.B789F3E8D5EB6317E0B12CBF8AF7BC43.d.AF83F016DCDA2212795412319645AC13.e.6189/click - {}
RESULT: {}
RESULT: {}
COMMAND: GET /session/6aa7e649349f90b4840747c4ea403a74/screenshot - {}
RESULT: {}
COMMAND: POST /session/6aa7e649349f90b4840747c4ea403a74/element - {"using":"xpath","value":"(//bdi[contains(text(), \"OK\")])[1]"}
RESULT: {"using":"xpath","value":"(//bdi[contains(text(), \"OK\")])[1]"}
COMMAND: POST /session/6aa7e649349f90b4840747c4ea403a74/element/f.B789F3E8D5EB6317E0B12CBF8AF7BC43.d.AF83F016DCDA2212795412319645AC13.e.6191/click - {}
RESULT: {}
COMMAND: GET /session/6aa7e649349f90b4840747c4ea403a74/screenshot - {}
RESULT: {}
COMMAND: POST /session/6aa7e649349f90b4840747c4ea403a74/element - {"using":"xpath","value":"//span[@id=\"application-managepartners-display-component---masterPtm--smartTable-header-inner\"]"}
RESULT: {"using":"xpath","value":"//span[@id=\"application-managepartners-display-component---masterPtm--smartTable-header-inner\"]"}
COMMAND: POST /session/6aa7e649349f90b4840747c4ea403a74/elements - {"using":"xpath","value":"//span[@id=\"application-managepartners-display-component---masterPtm--smartTable-header-inner\"]"}
RESULT: {"using":"xpath","value":"//span[@id=\"application-managepartners-display-component---masterPtm--smartTable-header-inner\"]"}
COMMAND: POST /session/6aa7e649349f90b4840747c4ea403a74/execute/sync - {"script":"<script> [56 bytes]","args":[{"element-6066-11e4-a52e-4f735466cecf":"f.B789F3E8D5EB6317E0B12CBF8AF7BC43.d.AF83F016DCDA2212795412319645AC13.e.6003","ELEMENT":"f.B789F3E8D5EB6317E0B12CBF8AF7BC43.d.AF83F016DCDA2212795412319645AC13.e.6003"}]}
RESULT: {"script":"<script> [56 bytes]","args":[{"element-6066-11e4-a52e-4f735466cecf":"f.B789F3E8D5EB6317E0B12CBF8AF7BC43.d.AF83F016DCDA2212795412319645AC13.e.6003","ELEMENT":"f.B789F3E8D5EB6317E0B12CBF8AF7BC43.d.AF83F016DCDA2212795412319645AC13.e.6003"}]}
COMMAND: POST /session/6aa7e649349f90b4840747c4ea403a74/element - {"using":"xpath","value":"//span[contains(@title, \"Remove\")]"}
COMMAND: GET /session/6aa7e649349f90b4840747c4ea403a74/screenshot - {}
RESULT: {"using":"xpath","value":"//span[contains(@title, \"Remove\")]"}
COMMAND: POST /session/6aa7e649349f90b4840747c4ea403a74/element/f.B789F3E8D5EB6317E0B12CBF8AF7BC43.d.AF83F016DCDA2212795412319645AC13.e.6204/click - {}
RESULT: {}
RESULT: {}
COMMAND: GET /session/6aa7e649349f90b4840747c4ea403a74/screenshot - {}
RESULT: {}
COMMAND: POST /session/6aa7e649349f90b4840747c4ea403a74/element - {"using":"xpath","value":"//span[@id=\"application-managepartners-display-component---masterPtm--smartTable-header-inner\"]"}
RESULT: {"using":"xpath","value":"//span[@id=\"application-managepartners-display-component---masterPtm--smartTable-header-inner\"]"}
COMMAND: POST /session/6aa7e649349f90b4840747c4ea403a74/elements - {"using":"xpath","value":"//span[@id=\"application-managepartners-display-component---masterPtm--smartTable-header-inner\"]"}
RESULT: {"using":"xpath","value":"//span[@id=\"application-managepartners-display-component---masterPtm--smartTable-header-inner\"]"}
COMMAND: POST /session/6aa7e649349f90b4840747c4ea403a74/execute/sync - {"script":"<script> [56 bytes]","args":[{"element-6066-11e4-a52e-4f735466cecf":"f.B789F3E8D5EB6317E0B12CBF8AF7BC43.d.AF83F016DCDA2212795412319645AC13.e.6003","ELEMENT":"f.B789F3E8D5EB6317E0B12CBF8AF7BC43.d.AF83F016DCDA2212795412319645AC13.e.6003"}]}
RESULT: {"script":"<script> [56 bytes]","args":[{"element-6066-11e4-a52e-4f735466cecf":"f.B789F3E8D5EB6317E0B12CBF8AF7BC43.d.AF83F016DCDA2212795412319645AC13.e.6003","ELEMENT":"f.B789F3E8D5EB6317E0B12CBF8AF7BC43.d.AF83F016DCDA2212795412319645AC13.e.6003"}]}
COMMAND: POST /session/6aa7e649349f90b4840747c4ea403a74/execute/async - {"script":"<script> [1562 bytes]","args":[{"selector":{"id":"application-managepartners-display-component---masterPtm--smartFilterBar-filterItemControl_BASIC-YARD-vhi"},"wdio_ui5_key":"applicationmanagepartners-display-component---masterPtm--smartFilterBar-filterItemControl_BASIC-YARD-vhi"}]}
COMMAND: GET /session/6aa7e649349f90b4840747c4ea403a74/screenshot - {}
RESULT: {"script":"<script> [1562 bytes]","args":[{"selector":{"id":"application-managepartners-display-component---masterPtm--smartFilterBar-filterItemControl_BASIC-YARD-vhi"},"wdio_ui5_key":"applicationmanagepartners-display-component---masterPtm--smartFilterBar-filterItemControl_BASIC-YARD-vhi"}]}
RESULT: undefined
COMMAND: POST /session/6aa7e649349f90b4840747c4ea403a74/element - {"using":"xpath","value":"//*[@id=\"application-managepartners-display-component---masterPtm--smartFilterBar-filterItemControl_BASIC-YARD-vhi\"]"}
RESULT: {}
RESULT: {"using":"xpath","value":"//*[@id=\"application-managepartners-display-component---masterPtm--smartFilterBar-filterItemControl_BASIC-YARD-vhi\"]"}
COMMAND: POST /session/6aa7e649349f90b4840747c4ea403a74/element/f.B789F3E8D5EB6317E0B12CBF8AF7BC43.d.AF83F016DCDA2212795412319645AC13.e.6307/click - {}
RESULT: {}
COMMAND: GET /session/6aa7e649349f90b4840747c4ea403a74/screenshot - {}
RESULT: {}
COMMAND: POST /session/6aa7e649349f90b4840747c4ea403a74/execute/async - {"script":"<script> [1562 bytes]","args":[{"selector":{"id":"application-managepartners-display-component---masterPtm--smartFilterBar-filterItemControl_BASIC-YARD-valueHelpDialog-smartFilterBar-btnBasicSearch","searchOpenDialogs":true,"interaction":{"idSuffix":"I"}},"wdio_ui5_key":"applicationmanagepartners-display-component---masterPtm--smartFilterBar-filterItemControl_BASIC-YARD-valueHelpDialog-smartFilterBar-btnBasicSearch"}]}
RESULT: {"script":"<script> [1562 bytes]","args":[{"selector":{"id":"application-managepartners-display-component---masterPtm--smartFilterBar-filterItemControl_BASIC-YARD-valueHelpDialog-smartFilterBar-btnBasicSearch","searchOpenDialogs":true,"interaction":{"idSuffix":"I"}},"wdio_ui5_key":"applicationmanagepartners-display-component---masterPtm--smartFilterBar-filterItemControl_BASIC-YARD-valueHelpDialog-smartFilterBar-btnBasicSearch"}]}
RESULT: undefined
COMMAND: POST /session/6aa7e649349f90b4840747c4ea403a74/execute/async - {"script":"<script> [776 bytes]","args":[{"enterText":"Test","selector":{"id":"application-managepartners-display-component---masterPtm--smartFilterBar-filterItemControl_BASIC-YARD-valueHelpDialog-smartFilterBar-btnBasicSearch","searchOpenDialogs":true,"interaction":{"idSuffix":"I"}},"clearTextFirst":true,"interactionType":"ENTER_TEXT"}]}
RESULT: {"script":"<script> [776 bytes]","args":[{"enterText":"Test","selector":{"id":"application-managepartners-display-component---masterPtm--smartFilterBar-filterItemControl_BASIC-YARD-valueHelpDialog-smartFilterBar-btnBasicSearch","searchOpenDialogs":true,"interaction":{"idSuffix":"I"}},"clearTextFirst":true,"interactionType":"ENTER_TEXT"}]}
COMMAND: POST /session/6aa7e649349f90b4840747c4ea403a74/actions - {"actions":[{"id":"action19","type":"key","parameters":{},"actions":[{"type":"keyDown","value":"î€‡"},{"type":"pause","duration":10},{"type":"keyUp","value":"î€‡"}]}]}
RESULT: {"actions":[{"id":"action19","type":"key","parameters":{},"actions":[{"type":"keyDown","value":"î€‡"},{"type":"pause","duration":10},{"type":"keyUp","value":"î€‡"}]}]}
COMMAND: POST /session/6aa7e649349f90b4840747c4ea403a74/elements - {"using":"xpath","value":"//table[contains(@id, \"smartFilterBar-filterItemControl_BASIC-YARD-valueHelpDialog-table-table\")]/tbody/tr"}
COMMAND: GET /session/6aa7e649349f90b4840747c4ea403a74/screenshot - {}
RESULT: {"using":"xpath","value":"//table[contains(@id, \"smartFilterBar-filterItemControl_BASIC-YARD-valueHelpDialog-table-table\")]/tbody/tr"}
COMMAND: POST /session/6aa7e649349f90b4840747c4ea403a74/element - {"using":"xpath","value":"//table[contains(@id, \"smartFilterBar-filterItemControl_BASIC-YARD-valueHelpDialog-table-table\")]/tbody/tr[1]/td[1]/div/span"}
RESULT: {}
RESULT: {"using":"xpath","value":"//table[contains(@id, \"smartFilterBar-filterItemControl_BASIC-YARD-valueHelpDialog-table-table\")]/tbody/tr[1]/td[1]/div/span"}
COMMAND: POST /session/6aa7e649349f90b4840747c4ea403a74/elements - {"using":"xpath","value":"//table[contains(@id, \"smartFilterBar-filterItemControl_BASIC-YARD-valueHelpDialog-table-table\")]/tbody/tr[1]/td[1]/div/span"}
RESULT: {"using":"xpath","value":"//table[contains(@id, \"smartFilterBar-filterItemControl_BASIC-YARD-valueHelpDialog-table-table\")]/tbody/tr[1]/td[1]/div/span"}
COMMAND: POST /session/6aa7e649349f90b4840747c4ea403a74/execute/sync - {"script":"<script> [56 bytes]","args":[{"element-6066-11e4-a52e-4f735466cecf":"f.B789F3E8D5EB6317E0B12CBF8AF7BC43.d.AF83F016DCDA2212795412319645AC13.e.6329","ELEMENT":"f.B789F3E8D5EB6317E0B12CBF8AF7BC43.d.AF83F016DCDA2212795412319645AC13.e.6329"}]}
RESULT: {"script":"<script> [56 bytes]","args":[{"element-6066-11e4-a52e-4f735466cecf":"f.B789F3E8D5EB6317E0B12CBF8AF7BC43.d.AF83F016DCDA2212795412319645AC13.e.6329","ELEMENT":"f.B789F3E8D5EB6317E0B12CBF8AF7BC43.d.AF83F016DCDA2212795412319645AC13.e.6329"}]}
COMMAND: POST /session/6aa7e649349f90b4840747c4ea403a74/element - {"using":"xpath","value":"//table[contains(@id, \"smartFilterBar-filterItemControl_BASIC-YARD-valueHelpDialog-table-table\")]/tbody/tr[2]/td[1]/div/span"}
COMMAND: GET /session/6aa7e649349f90b4840747c4ea403a74/screenshot - {}
RESULT: {"using":"xpath","value":"//table[contains(@id, \"smartFilterBar-filterItemControl_BASIC-YARD-valueHelpDialog-table-table\")]/tbody/tr[2]/td[1]/div/span"}
COMMAND: POST /session/6aa7e649349f90b4840747c4ea403a74/elements - {"using":"xpath","value":"//table[contains(@id, \"smartFilterBar-filterItemControl_BASIC-YARD-valueHelpDialog-table-table\")]/tbody/tr[2]/td[1]/div/span"}
RESULT: {}
RESULT: {"using":"xpath","value":"//table[contains(@id, \"smartFilterBar-filterItemControl_BASIC-YARD-valueHelpDialog-table-table\")]/tbody/tr[2]/td[1]/div/span"}
COMMAND: POST /session/6aa7e649349f90b4840747c4ea403a74/execute/sync - {"script":"<script> [56 bytes]","args":[{"element-6066-11e4-a52e-4f735466cecf":"f.B789F3E8D5EB6317E0B12CBF8AF7BC43.d.AF83F016DCDA2212795412319645AC13.e.6330","ELEMENT":"f.B789F3E8D5EB6317E0B12CBF8AF7BC43.d.AF83F016DCDA2212795412319645AC13.e.6330"}]}
RESULT: {"script":"<script> [56 bytes]","args":[{"element-6066-11e4-a52e-4f735466cecf":"f.B789F3E8D5EB6317E0B12CBF8AF7BC43.d.AF83F016DCDA2212795412319645AC13.e.6330","ELEMENT":"f.B789F3E8D5EB6317E0B12CBF8AF7BC43.d.AF83F016DCDA2212795412319645AC13.e.6330"}]}
COMMAND: POST /session/6aa7e649349f90b4840747c4ea403a74/element - {"using":"xpath","value":"//table[contains(@id, \"smartFilterBar-filterItemControl_BASIC-YARD-valueHelpDialog-table-table\")]/tbody/tr[3]/td[1]/div/span"}
COMMAND: GET /session/6aa7e649349f90b4840747c4ea403a74/screenshot - {}
RESULT: {"using":"xpath","value":"//table[contains(@id, \"smartFilterBar-filterItemControl_BASIC-YARD-valueHelpDialog-table-table\")]/tbody/tr[3]/td[1]/div/span"}
COMMAND: POST /session/6aa7e649349f90b4840747c4ea403a74/elements - {"using":"xpath","value":"//table[contains(@id, \"smartFilterBar-filterItemControl_BASIC-YARD-valueHelpDialog-table-table\")]/tbody/tr[3]/td[1]/div/span"}
RESULT: {}
RESULT: {"using":"xpath","value":"//table[contains(@id, \"smartFilterBar-filterItemControl_BASIC-YARD-valueHelpDialog-table-table\")]/tbody/tr[3]/td[1]/div/span"}
COMMAND: POST /session/6aa7e649349f90b4840747c4ea403a74/execute/sync - {"script":"<script> [56 bytes]","args":[{"element-6066-11e4-a52e-4f735466cecf":"f.B789F3E8D5EB6317E0B12CBF8AF7BC43.d.AF83F016DCDA2212795412319645AC13.e.6331","ELEMENT":"f.B789F3E8D5EB6317E0B12CBF8AF7BC43.d.AF83F016DCDA2212795412319645AC13.e.6331"}]}
RESULT: {"script":"<script> [56 bytes]","args":[{"element-6066-11e4-a52e-4f735466cecf":"f.B789F3E8D5EB6317E0B12CBF8AF7BC43.d.AF83F016DCDA2212795412319645AC13.e.6331","ELEMENT":"f.B789F3E8D5EB6317E0B12CBF8AF7BC43.d.AF83F016DCDA2212795412319645AC13.e.6331"}]}
COMMAND: POST /session/6aa7e649349f90b4840747c4ea403a74/element - {"using":"xpath","value":"//div[contains(@id, \"filterItemControl_BASIC-YARD-valueHelpDialog-table-rowsel2\")]"}
COMMAND: GET /session/6aa7e649349f90b4840747c4ea403a74/screenshot - {}
RESULT: {"using":"xpath","value":"//div[contains(@id, \"filterItemControl_BASIC-YARD-valueHelpDialog-table-rowsel2\")]"}
COMMAND: POST /session/6aa7e649349f90b4840747c4ea403a74/element/f.B789F3E8D5EB6317E0B12CBF8AF7BC43.d.AF83F016DCDA2212795412319645AC13.e.6332/click - {}
RESULT: {}
RESULT: {}
COMMAND: GET /session/6aa7e649349f90b4840747c4ea403a74/screenshot - {}
RESULT: {}
COMMAND: POST /session/6aa7e649349f90b4840747c4ea403a74/element - {"using":"xpath","value":"(//bdi[contains(text(), \"OK\")])[1]"}
RESULT: {"using":"xpath","value":"(//bdi[contains(text(), \"OK\")])[1]"}
COMMAND: POST /session/6aa7e649349f90b4840747c4ea403a74/element/f.B789F3E8D5EB6317E0B12CBF8AF7BC43.d.AF83F016DCDA2212795412319645AC13.e.6334/click - {}
RESULT: {}
COMMAND: GET /session/6aa7e649349f90b4840747c4ea403a74/screenshot - {}
RESULT: {}
COMMAND: POST /session/6aa7e649349f90b4840747c4ea403a74/element - {"using":"xpath","value":"//span[@id=\"application-managepartners-display-component---masterPtm--smartTable-header-inner\"]"}
RESULT: {"using":"xpath","value":"//span[@id=\"application-managepartners-display-component---masterPtm--smartTable-header-inner\"]"}
COMMAND: POST /session/6aa7e649349f90b4840747c4ea403a74/elements - {"using":"xpath","value":"//span[@id=\"application-managepartners-display-component---masterPtm--smartTable-header-inner\"]"}
RESULT: {"using":"xpath","value":"//span[@id=\"application-managepartners-display-component---masterPtm--smartTable-header-inner\"]"}
COMMAND: POST /session/6aa7e649349f90b4840747c4ea403a74/execute/sync - {"script":"<script> [56 bytes]","args":[{"element-6066-11e4-a52e-4f735466cecf":"f.B789F3E8D5EB6317E0B12CBF8AF7BC43.d.AF83F016DCDA2212795412319645AC13.e.6003","ELEMENT":"f.B789F3E8D5EB6317E0B12CBF8AF7BC43.d.AF83F016DCDA2212795412319645AC13.e.6003"}]}
RESULT: {"script":"<script> [56 bytes]","args":[{"element-6066-11e4-a52e-4f735466cecf":"f.B789F3E8D5EB6317E0B12CBF8AF7BC43.d.AF83F016DCDA2212795412319645AC13.e.6003","ELEMENT":"f.B789F3E8D5EB6317E0B12CBF8AF7BC43.d.AF83F016DCDA2212795412319645AC13.e.6003"}]}
COMMAND: POST /session/6aa7e649349f90b4840747c4ea403a74/element - {"using":"xpath","value":"//span[contains(@title, \"Remove\")]"}
COMMAND: GET /session/6aa7e649349f90b4840747c4ea403a74/screenshot - {}
RESULT: {"using":"xpath","value":"//span[contains(@title, \"Remove\")]"}
COMMAND: POST /session/6aa7e649349f90b4840747c4ea403a74/element/f.B789F3E8D5EB6317E0B12CBF8AF7BC43.d.AF83F016DCDA2212795412319645AC13.e.6347/click - {}
RESULT: {}
RESULT: {}
COMMAND: GET /session/6aa7e649349f90b4840747c4ea403a74/screenshot - {}
RESULT: {}
COMMAND: POST /session/6aa7e649349f90b4840747c4ea403a74/element - {"using":"xpath","value":"//span[@id=\"application-managepartners-display-component---masterPtm--smartTable-header-inner\"]"}
RESULT: {"using":"xpath","value":"//span[@id=\"application-managepartners-display-component---masterPtm--smartTable-header-inner\"]"}
COMMAND: POST /session/6aa7e649349f90b4840747c4ea403a74/elements - {"using":"xpath","value":"//span[@id=\"application-managepartners-display-component---masterPtm--smartTable-header-inner\"]"}
RESULT: {"using":"xpath","value":"//span[@id=\"application-managepartners-display-component---masterPtm--smartTable-header-inner\"]"}
COMMAND: POST /session/6aa7e649349f90b4840747c4ea403a74/execute/sync - {"script":"<script> [56 bytes]","args":[{"element-6066-11e4-a52e-4f735466cecf":"f.B789F3E8D5EB6317E0B12CBF8AF7BC43.d.AF83F016DCDA2212795412319645AC13.e.6003","ELEMENT":"f.B789F3E8D5EB6317E0B12CBF8AF7BC43.d.AF83F016DCDA2212795412319645AC13.e.6003"}]}
RESULT: {"script":"<script> [56 bytes]","args":[{"element-6066-11e4-a52e-4f735466cecf":"f.B789F3E8D5EB6317E0B12CBF8AF7BC43.d.AF83F016DCDA2212795412319645AC13.e.6003","ELEMENT":"f.B789F3E8D5EB6317E0B12CBF8AF7BC43.d.AF83F016DCDA2212795412319645AC13.e.6003"}]}
COMMAND: POST /session/6aa7e649349f90b4840747c4ea403a74/execute/async - {"script":"<script> [1562 bytes]","args":[{"selector":{"id":"application-managepartners-display-component---masterPtm--smartFilterBar-filterItemControl_BASIC-ALL_TAGS-vhi"},"wdio_ui5_key":"applicationmanagepartners-display-component---masterPtm--smartFilterBar-filterItemControl_BASIC-ALL_TAGS-vhi"}]}
COMMAND: GET /session/6aa7e649349f90b4840747c4ea403a74/screenshot - {}
RESULT: {"script":"<script> [1562 bytes]","args":[{"selector":{"id":"application-managepartners-display-component---masterPtm--smartFilterBar-filterItemControl_BASIC-ALL_TAGS-vhi"},"wdio_ui5_key":"applicationmanagepartners-display-component---masterPtm--smartFilterBar-filterItemControl_BASIC-ALL_TAGS-vhi"}]}
RESULT: undefined
COMMAND: POST /session/6aa7e649349f90b4840747c4ea403a74/element - {"using":"xpath","value":"//*[@id=\"application-managepartners-display-component---masterPtm--smartFilterBar-filterItemControl_BASIC-ALL_TAGS-vhi\"]"}
RESULT: {}
RESULT: {"using":"xpath","value":"//*[@id=\"application-managepartners-display-component---masterPtm--smartFilterBar-filterItemControl_BASIC-ALL_TAGS-vhi\"]"}
COMMAND: POST /session/6aa7e649349f90b4840747c4ea403a74/element/f.B789F3E8D5EB6317E0B12CBF8AF7BC43.d.AF83F016DCDA2212795412319645AC13.e.6451/click - {}
RESULT: {}
COMMAND: GET /session/6aa7e649349f90b4840747c4ea403a74/screenshot - {}
RESULT: {}
COMMAND: POST /session/6aa7e649349f90b4840747c4ea403a74/execute/async - {"script":"<script> [1562 bytes]","args":[{"selector":{"id":"application-managepartners-display-component---masterPtm--smartFilterBar-filterItemControl_BASIC-ALL_TAGS-valueHelpDialog-smartFilterBar-btnBasicSearch","searchOpenDialogs":true,"interaction":{"idSuffix":"I"}},"wdio_ui5_key":"applicationmanagepartners-display-component---masterPtm--smartFilterBar-filterItemControl_BASIC-ALL_TAGS-valueHelpDialog-smartFilterBar-btnBasicSearch"}]}
RESULT: {"script":"<script> [1562 bytes]","args":[{"selector":{"id":"application-managepartners-display-component---masterPtm--smartFilterBar-filterItemControl_BASIC-ALL_TAGS-valueHelpDialog-smartFilterBar-btnBasicSearch","searchOpenDialogs":true,"interaction":{"idSuffix":"I"}},"wdio_ui5_key":"applicationmanagepartners-display-component---masterPtm--smartFilterBar-filterItemControl_BASIC-ALL_TAGS-valueHelpDialog-smartFilterBar-btnBasicSearch"}]}
RESULT: undefined
COMMAND: POST /session/6aa7e649349f90b4840747c4ea403a74/execute/async - {"script":"<script> [776 bytes]","args":[{"enterText":"test-tag-1","selector":{"id":"application-managepartners-display-component---masterPtm--smartFilterBar-filterItemControl_BASIC-ALL_TAGS-valueHelpDialog-smartFilterBar-btnBasicSearch","searchOpenDialogs":true,"interaction":{"idSuffix":"I"}},"clearTextFirst":true,"interactionType":"ENTER_TEXT"}]}
RESULT: {"script":"<script> [776 bytes]","args":[{"enterText":"test-tag-1","selector":{"id":"application-managepartners-display-component---masterPtm--smartFilterBar-filterItemControl_BASIC-ALL_TAGS-valueHelpDialog-smartFilterBar-btnBasicSearch","searchOpenDialogs":true,"interaction":{"idSuffix":"I"}},"clearTextFirst":true,"interactionType":"ENTER_TEXT"}]}
COMMAND: POST /session/6aa7e649349f90b4840747c4ea403a74/actions - {"actions":[{"id":"action20","type":"key","parameters":{},"actions":[{"type":"keyDown","value":"î€‡"},{"type":"pause","duration":10},{"type":"keyUp","value":"î€‡"}]}]}
RESULT: {"actions":[{"id":"action20","type":"key","parameters":{},"actions":[{"type":"keyDown","value":"î€‡"},{"type":"pause","duration":10},{"type":"keyUp","value":"î€‡"}]}]}
COMMAND: POST /session/6aa7e649349f90b4840747c4ea403a74/elements - {"using":"xpath","value":"//table[contains(@id, \"smartFilterBar-filterItemControl_BASIC-ALL_TAGS-valueHelpDialog-table-table\")]/tbody/tr"}
COMMAND: GET /session/6aa7e649349f90b4840747c4ea403a74/screenshot - {}
RESULT: {"using":"xpath","value":"//table[contains(@id, \"smartFilterBar-filterItemControl_BASIC-ALL_TAGS-valueHelpDialog-table-table\")]/tbody/tr"}
COMMAND: POST /session/6aa7e649349f90b4840747c4ea403a74/element - {"using":"xpath","value":"//table[contains(@id, \"smartFilterBar-filterItemControl_BASIC-ALL_TAGS-valueHelpDialog-table-table\")]/tbody/tr[1]/td[1]/div/span"}
RESULT: {}
RESULT: {"using":"xpath","value":"//table[contains(@id, \"smartFilterBar-filterItemControl_BASIC-ALL_TAGS-valueHelpDialog-table-table\")]/tbody/tr[1]/td[1]/div/span"}
COMMAND: POST /session/6aa7e649349f90b4840747c4ea403a74/elements - {"using":"xpath","value":"//table[contains(@id, \"smartFilterBar-filterItemControl_BASIC-ALL_TAGS-valueHelpDialog-table-table\")]/tbody/tr[1]/td[1]/div/span"}
RESULT: {"using":"xpath","value":"//table[contains(@id, \"smartFilterBar-filterItemControl_BASIC-ALL_TAGS-valueHelpDialog-table-table\")]/tbody/tr[1]/td[1]/div/span"}
COMMAND: POST /session/6aa7e649349f90b4840747c4ea403a74/execute/sync - {"script":"<script> [56 bytes]","args":[{"element-6066-11e4-a52e-4f735466cecf":"f.B789F3E8D5EB6317E0B12CBF8AF7BC43.d.AF83F016DCDA2212795412319645AC13.e.6471","ELEMENT":"f.B789F3E8D5EB6317E0B12CBF8AF7BC43.d.AF83F016DCDA2212795412319645AC13.e.6471"}]}
RESULT: {"script":"<script> [56 bytes]","args":[{"element-6066-11e4-a52e-4f735466cecf":"f.B789F3E8D5EB6317E0B12CBF8AF7BC43.d.AF83F016DCDA2212795412319645AC13.e.6471","ELEMENT":"f.B789F3E8D5EB6317E0B12CBF8AF7BC43.d.AF83F016DCDA2212795412319645AC13.e.6471"}]}
COMMAND: POST /session/6aa7e649349f90b4840747c4ea403a74/element - {"using":"xpath","value":"//div[contains(@id, \"filterItemControl_BASIC-ALL_TAGS-valueHelpDialog-table-rowsel0\")]"}
COMMAND: GET /session/6aa7e649349f90b4840747c4ea403a74/screenshot - {}
RESULT: {"using":"xpath","value":"//div[contains(@id, \"filterItemControl_BASIC-ALL_TAGS-valueHelpDialog-table-rowsel0\")]"}
COMMAND: POST /session/6aa7e649349f90b4840747c4ea403a74/element/f.B789F3E8D5EB6317E0B12CBF8AF7BC43.d.AF83F016DCDA2212795412319645AC13.e.6472/click - {}
RESULT: {}
RESULT: {}
COMMAND: GET /session/6aa7e649349f90b4840747c4ea403a74/screenshot - {}
RESULT: {}
COMMAND: POST /session/6aa7e649349f90b4840747c4ea403a74/element - {"using":"xpath","value":"(//bdi[contains(text(), \"OK\")])[1]"}
RESULT: {"using":"xpath","value":"(//bdi[contains(text(), \"OK\")])[1]"}
COMMAND: POST /session/6aa7e649349f90b4840747c4ea403a74/element/f.B789F3E8D5EB6317E0B12CBF8AF7BC43.d.AF83F016DCDA2212795412319645AC13.e.6474/click - {}
RESULT: {}
COMMAND: GET /session/6aa7e649349f90b4840747c4ea403a74/screenshot - {}
RESULT: {}
COMMAND: POST /session/6aa7e649349f90b4840747c4ea403a74/element - {"using":"xpath","value":"//span[@id=\"application-managepartners-display-component---masterPtm--smartTable-header-inner\"]"}
RESULT: {"using":"xpath","value":"//span[@id=\"application-managepartners-display-component---masterPtm--smartTable-header-inner\"]"}
COMMAND: POST /session/6aa7e649349f90b4840747c4ea403a74/elements - {"using":"xpath","value":"//span[@id=\"application-managepartners-display-component---masterPtm--smartTable-header-inner\"]"}
RESULT: {"using":"xpath","value":"//span[@id=\"application-managepartners-display-component---masterPtm--smartTable-header-inner\"]"}
COMMAND: POST /session/6aa7e649349f90b4840747c4ea403a74/execute/sync - {"script":"<script> [56 bytes]","args":[{"element-6066-11e4-a52e-4f735466cecf":"f.B789F3E8D5EB6317E0B12CBF8AF7BC43.d.AF83F016DCDA2212795412319645AC13.e.6003","ELEMENT":"f.B789F3E8D5EB6317E0B12CBF8AF7BC43.d.AF83F016DCDA2212795412319645AC13.e.6003"}]}
RESULT: {"script":"<script> [56 bytes]","args":[{"element-6066-11e4-a52e-4f735466cecf":"f.B789F3E8D5EB6317E0B12CBF8AF7BC43.d.AF83F016DCDA2212795412319645AC13.e.6003","ELEMENT":"f.B789F3E8D5EB6317E0B12CBF8AF7BC43.d.AF83F016DCDA2212795412319645AC13.e.6003"}]}
COMMAND: POST /session/6aa7e649349f90b4840747c4ea403a74/element - {"using":"xpath","value":"//span[contains(@title, \"Remove\")]"}
COMMAND: GET /session/6aa7e649349f90b4840747c4ea403a74/screenshot - {}
RESULT: {"using":"xpath","value":"//span[contains(@title, \"Remove\")]"}
COMMAND: POST /session/6aa7e649349f90b4840747c4ea403a74/element/f.B789F3E8D5EB6317E0B12CBF8AF7BC43.d.AF83F016DCDA2212795412319645AC13.e.6496/click - {}
RESULT: {}
RESULT: {}
COMMAND: GET /session/6aa7e649349f90b4840747c4ea403a74/screenshot - {}
RESULT: {}
COMMAND: POST /session/6aa7e649349f90b4840747c4ea403a74/execute/async - {"script":"<script> [1562 bytes]","args":[{"selector":{"id":"application-managepartners-display-component---masterPtm--partnerTypes-arrow"},"wdio_ui5_key":"applicationmanagepartners-display-component---masterPtm--partnerTypes-arrow"}]}
RESULT: {"script":"<script> [1562 bytes]","args":[{"selector":{"id":"application-managepartners-display-component---masterPtm--partnerTypes-arrow"},"wdio_ui5_key":"applicationmanagepartners-display-component---masterPtm--partnerTypes-arrow"}]}
RESULT: undefined
COMMAND: POST /session/6aa7e649349f90b4840747c4ea403a74/element - {"using":"xpath","value":"//*[@id=\"application-managepartners-display-component---masterPtm--partnerTypes-arrow\"]"}
RESULT: {"using":"xpath","value":"//*[@id=\"application-managepartners-display-component---masterPtm--partnerTypes-arrow\"]"}
COMMAND: POST /session/6aa7e649349f90b4840747c4ea403a74/element/f.B789F3E8D5EB6317E0B12CBF8AF7BC43.d.AF83F016DCDA2212795412319645AC13.e.6600/click - {}
RESULT: {}
COMMAND: GET /session/6aa7e649349f90b4840747c4ea403a74/screenshot - {}
RESULT: {}
COMMAND: POST /session/6aa7e649349f90b4840747c4ea403a74/element - {"using":"xpath","value":"//li[.//span[text()=\"External partner\"]]//div[contains(@class,\"sapMCbBg\")]"}
RESULT: {"using":"xpath","value":"//li[.//span[text()=\"External partner\"]]//div[contains(@class,\"sapMCbBg\")]"}
COMMAND: POST /session/6aa7e649349f90b4840747c4ea403a74/element/f.B789F3E8D5EB6317E0B12CBF8AF7BC43.d.AF83F016DCDA2212795412319645AC13.e.6603/click - {}
RESULT: {}
COMMAND: GET /session/6aa7e649349f90b4840747c4ea403a74/screenshot - {}
RESULT: {}
COMMAND: POST /session/6aa7e649349f90b4840747c4ea403a74/element - {"using":"xpath","value":"//span[@id=\"application-managepartners-display-component---masterPtm--smartTable-header-inner\"]"}
RESULT: {"using":"xpath","value":"//span[@id=\"application-managepartners-display-component---masterPtm--smartTable-header-inner\"]"}
COMMAND: POST /session/6aa7e649349f90b4840747c4ea403a74/elements - {"using":"xpath","value":"//span[@id=\"application-managepartners-display-component---masterPtm--smartTable-header-inner\"]"}
RESULT: {"using":"xpath","value":"//span[@id=\"application-managepartners-display-component---masterPtm--smartTable-header-inner\"]"}
COMMAND: POST /session/6aa7e649349f90b4840747c4ea403a74/execute/sync - {"script":"<script> [56 bytes]","args":[{"element-6066-11e4-a52e-4f735466cecf":"f.B789F3E8D5EB6317E0B12CBF8AF7BC43.d.AF83F016DCDA2212795412319645AC13.e.6003","ELEMENT":"f.B789F3E8D5EB6317E0B12CBF8AF7BC43.d.AF83F016DCDA2212795412319645AC13.e.6003"}]}
RESULT: {"script":"<script> [56 bytes]","args":[{"element-6066-11e4-a52e-4f735466cecf":"f.B789F3E8D5EB6317E0B12CBF8AF7BC43.d.AF83F016DCDA2212795412319645AC13.e.6003","ELEMENT":"f.B789F3E8D5EB6317E0B12CBF8AF7BC43.d.AF83F016DCDA2212795412319645AC13.e.6003"}]}
COMMAND: POST /session/6aa7e649349f90b4840747c4ea403a74/element - {"using":"xpath","value":"//span[contains(@title, \"Remove\")]"}
COMMAND: GET /session/6aa7e649349f90b4840747c4ea403a74/screenshot - {}
RESULT: {"using":"xpath","value":"//span[contains(@title, \"Remove\")]"}
COMMAND: POST /session/6aa7e649349f90b4840747c4ea403a74/element/f.B789F3E8D5EB6317E0B12CBF8AF7BC43.d.AF83F016DCDA2212795412319645AC13.e.6689/click - {}
RESULT: {}
RESULT: {}
COMMAND: GET /session/6aa7e649349f90b4840747c4ea403a74/screenshot - {}
RESULT: {}
COMMAND: POST /session/6aa7e649349f90b4840747c4ea403a74/execute/async - {"script":"<script> [1562 bytes]","args":[{"selector":{"id":"application-managepartners-display-component---masterPtm--smartFilterBar-btnFilters","interaction":{"idSuffix":"BDI-content"}},"wdio_ui5_key":"applicationmanagepartners-display-component---masterPtm--smartFilterBar-btnFilters"}]}
RESULT: {"script":"<script> [1562 bytes]","args":[{"selector":{"id":"application-managepartners-display-component---masterPtm--smartFilterBar-btnFilters","interaction":{"idSuffix":"BDI-content"}},"wdio_ui5_key":"applicationmanagepartners-display-component---masterPtm--smartFilterBar-btnFilters"}]}
RESULT: undefined
COMMAND: POST /session/6aa7e649349f90b4840747c4ea403a74/element - {"using":"xpath","value":"//*[@id=\"application-managepartners-display-component---masterPtm--smartFilterBar-btnFilters\"]"}
RESULT: {"using":"xpath","value":"//*[@id=\"application-managepartners-display-component---masterPtm--smartFilterBar-btnFilters\"]"}
COMMAND: POST /session/6aa7e649349f90b4840747c4ea403a74/element/f.B789F3E8D5EB6317E0B12CBF8AF7BC43.d.AF83F016DCDA2212795412319645AC13.e.5854/click - {}
RESULT: {}
COMMAND: GET /session/6aa7e649349f90b4840747c4ea403a74/screenshot - {}
RESULT: {}
COMMAND: POST /session/6aa7e649349f90b4840747c4ea403a74/elements - {"using":"xpath","value":"//table[contains(@id, \"listView-innerSelectionPanelTable-listUl\")]/tbody/tr"}
RESULT: {"using":"xpath","value":"//table[contains(@id, \"listView-innerSelectionPanelTable-listUl\")]/tbody/tr"}
COMMAND: POST /session/6aa7e649349f90b4840747c4ea403a74/element - {"using":"xpath","value":"//table[contains(@id, \"listView-innerSelectionPanelTable-listUl\")]/tbody/tr[2]/td[2]/div/div"}
RESULT: {"using":"xpath","value":"//table[contains(@id, \"listView-innerSelectionPanelTable-listUl\")]/tbody/tr[2]/td[2]/div/div"}
COMMAND: POST /session/6aa7e649349f90b4840747c4ea403a74/element - {"using":"xpath","value":"//table[contains(@id, \"listView-innerSelectionPanelTable-listUl\")]/tbody/tr[2]/td[2]/div"}
RESULT: {"using":"xpath","value":"//table[contains(@id, \"listView-innerSelectionPanelTable-listUl\")]/tbody/tr[2]/td[2]/div"}
COMMAND: POST /session/6aa7e649349f90b4840747c4ea403a74/element - {"using":"xpath","value":"//table[contains(@id, \"listView-innerSelectionPanelTable-listUl\")]/tbody/tr[2]/td[3]/div/div/span/span[1]/bdi"}
RESULT: {"using":"xpath","value":"//table[contains(@id, \"listView-innerSelectionPanelTable-listUl\")]/tbody/tr[2]/td[3]/div/div/span/span[1]/bdi"}
COMMAND: POST /session/6aa7e649349f90b4840747c4ea403a74/execute/sync - {"script":"<script> [56 bytes]","args":[{"element-6066-11e4-a52e-4f735466cecf":"f.B789F3E8D5EB6317E0B12CBF8AF7BC43.d.AF83F016DCDA2212795412319645AC13.e.6805","ELEMENT":"f.B789F3E8D5EB6317E0B12CBF8AF7BC43.d.AF83F016DCDA2212795412319645AC13.e.6805"}]}
RESULT: {"script":"<script> [56 bytes]","args":[{"element-6066-11e4-a52e-4f735466cecf":"f.B789F3E8D5EB6317E0B12CBF8AF7BC43.d.AF83F016DCDA2212795412319645AC13.e.6805","ELEMENT":"f.B789F3E8D5EB6317E0B12CBF8AF7BC43.d.AF83F016DCDA2212795412319645AC13.e.6805"}]}
COMMAND: GET /session/6aa7e649349f90b4840747c4ea403a74/element/f.B789F3E8D5EB6317E0B12CBF8AF7BC43.d.AF83F016DCDA2212795412319645AC13.e.6804/attribute/aria-checked - {}
COMMAND: GET /session/6aa7e649349f90b4840747c4ea403a74/screenshot - {}
RESULT: {}
COMMAND: POST /session/6aa7e649349f90b4840747c4ea403a74/element - {"using":"xpath","value":"//table[contains(@id, \"listView-innerSelectionPanelTable-listUl\")]/tbody/tr[3]/td[2]/div/div"}
RESULT: {}
RESULT: {"using":"xpath","value":"//table[contains(@id, \"listView-innerSelectionPanelTable-listUl\")]/tbody/tr[3]/td[2]/div/div"}
COMMAND: POST /session/6aa7e649349f90b4840747c4ea403a74/element - {"using":"xpath","value":"//table[contains(@id, \"listView-innerSelectionPanelTable-listUl\")]/tbody/tr[3]/td[2]/div"}
RESULT: {"using":"xpath","value":"//table[contains(@id, \"listView-innerSelectionPanelTable-listUl\")]/tbody/tr[3]/td[2]/div"}
COMMAND: POST /session/6aa7e649349f90b4840747c4ea403a74/element - {"using":"xpath","value":"//table[contains(@id, \"listView-innerSelectionPanelTable-listUl\")]/tbody/tr[3]/td[3]/div/div/span/span[1]/bdi"}
RESULT: {"using":"xpath","value":"//table[contains(@id, \"listView-innerSelectionPanelTable-listUl\")]/tbody/tr[3]/td[3]/div/div/span/span[1]/bdi"}
COMMAND: POST /session/6aa7e649349f90b4840747c4ea403a74/execute/sync - {"script":"<script> [56 bytes]","args":[{"element-6066-11e4-a52e-4f735466cecf":"f.B789F3E8D5EB6317E0B12CBF8AF7BC43.d.AF83F016DCDA2212795412319645AC13.e.6808","ELEMENT":"f.B789F3E8D5EB6317E0B12CBF8AF7BC43.d.AF83F016DCDA2212795412319645AC13.e.6808"}]}
RESULT: {"script":"<script> [56 bytes]","args":[{"element-6066-11e4-a52e-4f735466cecf":"f.B789F3E8D5EB6317E0B12CBF8AF7BC43.d.AF83F016DCDA2212795412319645AC13.e.6808","ELEMENT":"f.B789F3E8D5EB6317E0B12CBF8AF7BC43.d.AF83F016DCDA2212795412319645AC13.e.6808"}]}
COMMAND: GET /session/6aa7e649349f90b4840747c4ea403a74/element/f.B789F3E8D5EB6317E0B12CBF8AF7BC43.d.AF83F016DCDA2212795412319645AC13.e.6807/attribute/aria-checked - {}
COMMAND: GET /session/6aa7e649349f90b4840747c4ea403a74/screenshot - {}
RESULT: {}
COMMAND: POST /session/6aa7e649349f90b4840747c4ea403a74/element - {"using":"xpath","value":"//table[contains(@id, \"listView-innerSelectionPanelTable-listUl\")]/tbody/tr[4]/td[2]/div/div"}
RESULT: {}
RESULT: {"using":"xpath","value":"//table[contains(@id, \"listView-innerSelectionPanelTable-listUl\")]/tbody/tr[4]/td[2]/div/div"}
COMMAND: POST /session/6aa7e649349f90b4840747c4ea403a74/element - {"using":"xpath","value":"//table[contains(@id, \"listView-innerSelectionPanelTable-listUl\")]/tbody/tr[4]/td[2]/div"}
RESULT: {"using":"xpath","value":"//table[contains(@id, \"listView-innerSelectionPanelTable-listUl\")]/tbody/tr[4]/td[2]/div"}
COMMAND: POST /session/6aa7e649349f90b4840747c4ea403a74/element - {"using":"xpath","value":"//table[contains(@id, \"listView-innerSelectionPanelTable-listUl\")]/tbody/tr[4]/td[3]/div/div/span/span[1]/bdi"}
RESULT: {"using":"xpath","value":"//table[contains(@id, \"listView-innerSelectionPanelTable-listUl\")]/tbody/tr[4]/td[3]/div/div/span/span[1]/bdi"}
COMMAND: POST /session/6aa7e649349f90b4840747c4ea403a74/execute/sync - {"script":"<script> [56 bytes]","args":[{"element-6066-11e4-a52e-4f735466cecf":"f.B789F3E8D5EB6317E0B12CBF8AF7BC43.d.AF83F016DCDA2212795412319645AC13.e.6811","ELEMENT":"f.B789F3E8D5EB6317E0B12CBF8AF7BC43.d.AF83F016DCDA2212795412319645AC13.e.6811"}]}
RESULT: {"script":"<script> [56 bytes]","args":[{"element-6066-11e4-a52e-4f735466cecf":"f.B789F3E8D5EB6317E0B12CBF8AF7BC43.d.AF83F016DCDA2212795412319645AC13.e.6811","ELEMENT":"f.B789F3E8D5EB6317E0B12CBF8AF7BC43.d.AF83F016DCDA2212795412319645AC13.e.6811"}]}
COMMAND: GET /session/6aa7e649349f90b4840747c4ea403a74/element/f.B789F3E8D5EB6317E0B12CBF8AF7BC43.d.AF83F016DCDA2212795412319645AC13.e.6810/attribute/aria-checked - {}
COMMAND: GET /session/6aa7e649349f90b4840747c4ea403a74/screenshot - {}
RESULT: {}
COMMAND: POST /session/6aa7e649349f90b4840747c4ea403a74/element - {"using":"xpath","value":"//table[contains(@id, \"listView-innerSelectionPanelTable-listUl\")]/tbody/tr[5]/td[2]/div/div"}
RESULT: {}
RESULT: {"using":"xpath","value":"//table[contains(@id, \"listView-innerSelectionPanelTable-listUl\")]/tbody/tr[5]/td[2]/div/div"}
COMMAND: POST /session/6aa7e649349f90b4840747c4ea403a74/element - {"using":"xpath","value":"//table[contains(@id, \"listView-innerSelectionPanelTable-listUl\")]/tbody/tr[5]/td[2]/div"}
RESULT: {"using":"xpath","value":"//table[contains(@id, \"listView-innerSelectionPanelTable-listUl\")]/tbody/tr[5]/td[2]/div"}
COMMAND: POST /session/6aa7e649349f90b4840747c4ea403a74/element - {"using":"xpath","value":"//table[contains(@id, \"listView-innerSelectionPanelTable-listUl\")]/tbody/tr[5]/td[3]/div/div/span/span[1]/bdi"}
RESULT: {"using":"xpath","value":"//table[contains(@id, \"listView-innerSelectionPanelTable-listUl\")]/tbody/tr[5]/td[3]/div/div/span/span[1]/bdi"}
COMMAND: POST /session/6aa7e649349f90b4840747c4ea403a74/execute/sync - {"script":"<script> [56 bytes]","args":[{"element-6066-11e4-a52e-4f735466cecf":"f.B789F3E8D5EB6317E0B12CBF8AF7BC43.d.AF83F016DCDA2212795412319645AC13.e.6814","ELEMENT":"f.B789F3E8D5EB6317E0B12CBF8AF7BC43.d.AF83F016DCDA2212795412319645AC13.e.6814"}]}
RESULT: {"script":"<script> [56 bytes]","args":[{"element-6066-11e4-a52e-4f735466cecf":"f.B789F3E8D5EB6317E0B12CBF8AF7BC43.d.AF83F016DCDA2212795412319645AC13.e.6814","ELEMENT":"f.B789F3E8D5EB6317E0B12CBF8AF7BC43.d.AF83F016DCDA2212795412319645AC13.e.6814"}]}
COMMAND: GET /session/6aa7e649349f90b4840747c4ea403a74/element/f.B789F3E8D5EB6317E0B12CBF8AF7BC43.d.AF83F016DCDA2212795412319645AC13.e.6813/attribute/aria-checked - {}
COMMAND: GET /session/6aa7e649349f90b4840747c4ea403a74/screenshot - {}
RESULT: {}
COMMAND: POST /session/6aa7e649349f90b4840747c4ea403a74/element - {"using":"xpath","value":"//table[contains(@id, \"listView-innerSelectionPanelTable-listUl\")]/tbody/tr[6]/td[2]/div/div"}
RESULT: {}
RESULT: {"using":"xpath","value":"//table[contains(@id, \"listView-innerSelectionPanelTable-listUl\")]/tbody/tr[6]/td[2]/div/div"}
COMMAND: POST /session/6aa7e649349f90b4840747c4ea403a74/element - {"using":"xpath","value":"//table[contains(@id, \"listView-innerSelectionPanelTable-listUl\")]/tbody/tr[6]/td[2]/div"}
RESULT: {"using":"xpath","value":"//table[contains(@id, \"listView-innerSelectionPanelTable-listUl\")]/tbody/tr[6]/td[2]/div"}
COMMAND: POST /session/6aa7e649349f90b4840747c4ea403a74/element - {"using":"xpath","value":"//table[contains(@id, \"listView-innerSelectionPanelTable-listUl\")]/tbody/tr[6]/td[3]/div/div/span/span[1]/bdi"}
RESULT: {"using":"xpath","value":"//table[contains(@id, \"listView-innerSelectionPanelTable-listUl\")]/tbody/tr[6]/td[3]/div/div/span/span[1]/bdi"}
COMMAND: POST /session/6aa7e649349f90b4840747c4ea403a74/execute/sync - {"script":"<script> [56 bytes]","args":[{"element-6066-11e4-a52e-4f735466cecf":"f.B789F3E8D5EB6317E0B12CBF8AF7BC43.d.AF83F016DCDA2212795412319645AC13.e.6817","ELEMENT":"f.B789F3E8D5EB6317E0B12CBF8AF7BC43.d.AF83F016DCDA2212795412319645AC13.e.6817"}]}
RESULT: {"script":"<script> [56 bytes]","args":[{"element-6066-11e4-a52e-4f735466cecf":"f.B789F3E8D5EB6317E0B12CBF8AF7BC43.d.AF83F016DCDA2212795412319645AC13.e.6817","ELEMENT":"f.B789F3E8D5EB6317E0B12CBF8AF7BC43.d.AF83F016DCDA2212795412319645AC13.e.6817"}]}
COMMAND: GET /session/6aa7e649349f90b4840747c4ea403a74/element/f.B789F3E8D5EB6317E0B12CBF8AF7BC43.d.AF83F016DCDA2212795412319645AC13.e.6816/attribute/aria-checked - {}
COMMAND: GET /session/6aa7e649349f90b4840747c4ea403a74/screenshot - {}
RESULT: {}
COMMAND: POST /session/6aa7e649349f90b4840747c4ea403a74/element - {"using":"xpath","value":"//table[contains(@id, \"listView-innerSelectionPanelTable-listUl\")]/tbody/tr[7]/td[2]/div/div"}
RESULT: {}
RESULT: {"using":"xpath","value":"//table[contains(@id, \"listView-innerSelectionPanelTable-listUl\")]/tbody/tr[7]/td[2]/div/div"}
COMMAND: POST /session/6aa7e649349f90b4840747c4ea403a74/element - {"using":"xpath","value":"//table[contains(@id, \"listView-innerSelectionPanelTable-listUl\")]/tbody/tr[7]/td[2]/div"}
RESULT: {"using":"xpath","value":"//table[contains(@id, \"listView-innerSelectionPanelTable-listUl\")]/tbody/tr[7]/td[2]/div"}
COMMAND: POST /session/6aa7e649349f90b4840747c4ea403a74/element - {"using":"xpath","value":"//table[contains(@id, \"listView-innerSelectionPanelTable-listUl\")]/tbody/tr[7]/td[3]/div/div/span/span[1]/bdi"}
RESULT: {"using":"xpath","value":"//table[contains(@id, \"listView-innerSelectionPanelTable-listUl\")]/tbody/tr[7]/td[3]/div/div/span/span[1]/bdi"}
COMMAND: POST /session/6aa7e649349f90b4840747c4ea403a74/execute/sync - {"script":"<script> [56 bytes]","args":[{"element-6066-11e4-a52e-4f735466cecf":"f.B789F3E8D5EB6317E0B12CBF8AF7BC43.d.AF83F016DCDA2212795412319645AC13.e.6820","ELEMENT":"f.B789F3E8D5EB6317E0B12CBF8AF7BC43.d.AF83F016DCDA2212795412319645AC13.e.6820"}]}
RESULT: {"script":"<script> [56 bytes]","args":[{"element-6066-11e4-a52e-4f735466cecf":"f.B789F3E8D5EB6317E0B12CBF8AF7BC43.d.AF83F016DCDA2212795412319645AC13.e.6820","ELEMENT":"f.B789F3E8D5EB6317E0B12CBF8AF7BC43.d.AF83F016DCDA2212795412319645AC13.e.6820"}]}
COMMAND: GET /session/6aa7e649349f90b4840747c4ea403a74/element/f.B789F3E8D5EB6317E0B12CBF8AF7BC43.d.AF83F016DCDA2212795412319645AC13.e.6819/attribute/aria-checked - {}
COMMAND: GET /session/6aa7e649349f90b4840747c4ea403a74/screenshot - {}
RESULT: {}
COMMAND: POST /session/6aa7e649349f90b4840747c4ea403a74/element - {"using":"xpath","value":"//table[contains(@id, \"listView-innerSelectionPanelTable-listUl\")]/tbody/tr[8]/td[2]/div/div"}
RESULT: {}
RESULT: {"using":"xpath","value":"//table[contains(@id, \"listView-innerSelectionPanelTable-listUl\")]/tbody/tr[8]/td[2]/div/div"}
COMMAND: POST /session/6aa7e649349f90b4840747c4ea403a74/element - {"using":"xpath","value":"//table[contains(@id, \"listView-innerSelectionPanelTable-listUl\")]/tbody/tr[8]/td[2]/div"}
RESULT: {"using":"xpath","value":"//table[contains(@id, \"listView-innerSelectionPanelTable-listUl\")]/tbody/tr[8]/td[2]/div"}
COMMAND: POST /session/6aa7e649349f90b4840747c4ea403a74/element - {"using":"xpath","value":"//table[contains(@id, \"listView-innerSelectionPanelTable-listUl\")]/tbody/tr[8]/td[3]/div/div/span/span[1]/bdi"}
RESULT: {"using":"xpath","value":"//table[contains(@id, \"listView-innerSelectionPanelTable-listUl\")]/tbody/tr[8]/td[3]/div/div/span/span[1]/bdi"}
COMMAND: POST /session/6aa7e649349f90b4840747c4ea403a74/execute/sync - {"script":"<script> [56 bytes]","args":[{"element-6066-11e4-a52e-4f735466cecf":"f.B789F3E8D5EB6317E0B12CBF8AF7BC43.d.AF83F016DCDA2212795412319645AC13.e.6823","ELEMENT":"f.B789F3E8D5EB6317E0B12CBF8AF7BC43.d.AF83F016DCDA2212795412319645AC13.e.6823"}]}
RESULT: {"script":"<script> [56 bytes]","args":[{"element-6066-11e4-a52e-4f735466cecf":"f.B789F3E8D5EB6317E0B12CBF8AF7BC43.d.AF83F016DCDA2212795412319645AC13.e.6823","ELEMENT":"f.B789F3E8D5EB6317E0B12CBF8AF7BC43.d.AF83F016DCDA2212795412319645AC13.e.6823"}]}
COMMAND: GET /session/6aa7e649349f90b4840747c4ea403a74/element/f.B789F3E8D5EB6317E0B12CBF8AF7BC43.d.AF83F016DCDA2212795412319645AC13.e.6822/attribute/aria-checked - {}
COMMAND: GET /session/6aa7e649349f90b4840747c4ea403a74/screenshot - {}
RESULT: {}
COMMAND: POST /session/6aa7e649349f90b4840747c4ea403a74/element - {"using":"xpath","value":"//table[contains(@id, \"listView-innerSelectionPanelTable-listUl\")]/tbody/tr[9]/td[2]/div/div"}
RESULT: {}
RESULT: {"using":"xpath","value":"//table[contains(@id, \"listView-innerSelectionPanelTable-listUl\")]/tbody/tr[9]/td[2]/div/div"}
COMMAND: POST /session/6aa7e649349f90b4840747c4ea403a74/element - {"using":"xpath","value":"//table[contains(@id, \"listView-innerSelectionPanelTable-listUl\")]/tbody/tr[9]/td[2]/div"}
RESULT: {"using":"xpath","value":"//table[contains(@id, \"listView-innerSelectionPanelTable-listUl\")]/tbody/tr[9]/td[2]/div"}
COMMAND: POST /session/6aa7e649349f90b4840747c4ea403a74/element - {"using":"xpath","value":"//table[contains(@id, \"listView-innerSelectionPanelTable-listUl\")]/tbody/tr[9]/td[3]/div/div/span/span[1]/bdi"}
RESULT: {"using":"xpath","value":"//table[contains(@id, \"listView-innerSelectionPanelTable-listUl\")]/tbody/tr[9]/td[3]/div/div/span/span[1]/bdi"}
COMMAND: POST /session/6aa7e649349f90b4840747c4ea403a74/execute/sync - {"script":"<script> [56 bytes]","args":[{"element-6066-11e4-a52e-4f735466cecf":"f.B789F3E8D5EB6317E0B12CBF8AF7BC43.d.AF83F016DCDA2212795412319645AC13.e.6826","ELEMENT":"f.B789F3E8D5EB6317E0B12CBF8AF7BC43.d.AF83F016DCDA2212795412319645AC13.e.6826"}]}
RESULT: {"script":"<script> [56 bytes]","args":[{"element-6066-11e4-a52e-4f735466cecf":"f.B789F3E8D5EB6317E0B12CBF8AF7BC43.d.AF83F016DCDA2212795412319645AC13.e.6826","ELEMENT":"f.B789F3E8D5EB6317E0B12CBF8AF7BC43.d.AF83F016DCDA2212795412319645AC13.e.6826"}]}
COMMAND: GET /session/6aa7e649349f90b4840747c4ea403a74/element/f.B789F3E8D5EB6317E0B12CBF8AF7BC43.d.AF83F016DCDA2212795412319645AC13.e.6825/attribute/aria-checked - {}
COMMAND: GET /session/6aa7e649349f90b4840747c4ea403a74/screenshot - {}
RESULT: {}
COMMAND: POST /session/6aa7e649349f90b4840747c4ea403a74/element - {"using":"xpath","value":"//table[contains(@id, \"listView-innerSelectionPanelTable-listUl\")]/tbody/tr[10]/td[2]/div/div"}
RESULT: {}
RESULT: {"using":"xpath","value":"//table[contains(@id, \"listView-innerSelectionPanelTable-listUl\")]/tbody/tr[10]/td[2]/div/div"}
COMMAND: POST /session/6aa7e649349f90b4840747c4ea403a74/element - {"using":"xpath","value":"//table[contains(@id, \"listView-innerSelectionPanelTable-listUl\")]/tbody/tr[10]/td[2]/div"}
RESULT: {"using":"xpath","value":"//table[contains(@id, \"listView-innerSelectionPanelTable-listUl\")]/tbody/tr[10]/td[2]/div"}
COMMAND: POST /session/6aa7e649349f90b4840747c4ea403a74/element - {"using":"xpath","value":"//table[contains(@id, \"listView-innerSelectionPanelTable-listUl\")]/tbody/tr[10]/td[3]/div/div/span/span[1]/bdi"}
RESULT: {"using":"xpath","value":"//table[contains(@id, \"listView-innerSelectionPanelTable-listUl\")]/tbody/tr[10]/td[3]/div/div/span/span[1]/bdi"}
COMMAND: POST /session/6aa7e649349f90b4840747c4ea403a74/execute/sync - {"script":"<script> [56 bytes]","args":[{"element-6066-11e4-a52e-4f735466cecf":"f.B789F3E8D5EB6317E0B12CBF8AF7BC43.d.AF83F016DCDA2212795412319645AC13.e.6829","ELEMENT":"f.B789F3E8D5EB6317E0B12CBF8AF7BC43.d.AF83F016DCDA2212795412319645AC13.e.6829"}]}
RESULT: {"script":"<script> [56 bytes]","args":[{"element-6066-11e4-a52e-4f735466cecf":"f.B789F3E8D5EB6317E0B12CBF8AF7BC43.d.AF83F016DCDA2212795412319645AC13.e.6829","ELEMENT":"f.B789F3E8D5EB6317E0B12CBF8AF7BC43.d.AF83F016DCDA2212795412319645AC13.e.6829"}]}
COMMAND: GET /session/6aa7e649349f90b4840747c4ea403a74/element/f.B789F3E8D5EB6317E0B12CBF8AF7BC43.d.AF83F016DCDA2212795412319645AC13.e.6828/attribute/aria-checked - {}
COMMAND: GET /session/6aa7e649349f90b4840747c4ea403a74/screenshot - {}
RESULT: {}
COMMAND: POST /session/6aa7e649349f90b4840747c4ea403a74/element - {"using":"xpath","value":"//table[contains(@id, \"listView-innerSelectionPanelTable-listUl\")]/tbody/tr[11]/td[2]/div/div"}
RESULT: {}
RESULT: {"using":"xpath","value":"//table[contains(@id, \"listView-innerSelectionPanelTable-listUl\")]/tbody/tr[11]/td[2]/div/div"}
COMMAND: POST /session/6aa7e649349f90b4840747c4ea403a74/element - {"using":"xpath","value":"//table[contains(@id, \"listView-innerSelectionPanelTable-listUl\")]/tbody/tr[11]/td[2]/div"}
RESULT: {"using":"xpath","value":"//table[contains(@id, \"listView-innerSelectionPanelTable-listUl\")]/tbody/tr[11]/td[2]/div"}
COMMAND: POST /session/6aa7e649349f90b4840747c4ea403a74/element - {"using":"xpath","value":"//table[contains(@id, \"listView-innerSelectionPanelTable-listUl\")]/tbody/tr[11]/td[3]/div/div/span/span[1]/bdi"}
RESULT: {"using":"xpath","value":"//table[contains(@id, \"listView-innerSelectionPanelTable-listUl\")]/tbody/tr[11]/td[3]/div/div/span/span[1]/bdi"}
COMMAND: POST /session/6aa7e649349f90b4840747c4ea403a74/execute/sync - {"script":"<script> [56 bytes]","args":[{"element-6066-11e4-a52e-4f735466cecf":"f.B789F3E8D5EB6317E0B12CBF8AF7BC43.d.AF83F016DCDA2212795412319645AC13.e.6832","ELEMENT":"f.B789F3E8D5EB6317E0B12CBF8AF7BC43.d.AF83F016DCDA2212795412319645AC13.e.6832"}]}
RESULT: {"script":"<script> [56 bytes]","args":[{"element-6066-11e4-a52e-4f735466cecf":"f.B789F3E8D5EB6317E0B12CBF8AF7BC43.d.AF83F016DCDA2212795412319645AC13.e.6832","ELEMENT":"f.B789F3E8D5EB6317E0B12CBF8AF7BC43.d.AF83F016DCDA2212795412319645AC13.e.6832"}]}
COMMAND: GET /session/6aa7e649349f90b4840747c4ea403a74/element/f.B789F3E8D5EB6317E0B12CBF8AF7BC43.d.AF83F016DCDA2212795412319645AC13.e.6831/attribute/aria-checked - {}
COMMAND: GET /session/6aa7e649349f90b4840747c4ea403a74/screenshot - {}
RESULT: {}
COMMAND: POST /session/6aa7e649349f90b4840747c4ea403a74/element - {"using":"xpath","value":"//table[contains(@id, \"listView-innerSelectionPanelTable-listUl\")]/tbody/tr[12]/td[2]/div/div"}
RESULT: {}
RESULT: {"using":"xpath","value":"//table[contains(@id, \"listView-innerSelectionPanelTable-listUl\")]/tbody/tr[12]/td[2]/div/div"}
COMMAND: POST /session/6aa7e649349f90b4840747c4ea403a74/element - {"using":"xpath","value":"//table[contains(@id, \"listView-innerSelectionPanelTable-listUl\")]/tbody/tr[12]/td[2]/div"}
RESULT: {"using":"xpath","value":"//table[contains(@id, \"listView-innerSelectionPanelTable-listUl\")]/tbody/tr[12]/td[2]/div"}
COMMAND: POST /session/6aa7e649349f90b4840747c4ea403a74/element - {"using":"xpath","value":"//table[contains(@id, \"listView-innerSelectionPanelTable-listUl\")]/tbody/tr[12]/td[3]/div/div/span/span[1]/bdi"}
RESULT: {"using":"xpath","value":"//table[contains(@id, \"listView-innerSelectionPanelTable-listUl\")]/tbody/tr[12]/td[3]/div/div/span/span[1]/bdi"}
COMMAND: POST /session/6aa7e649349f90b4840747c4ea403a74/execute/sync - {"script":"<script> [56 bytes]","args":[{"element-6066-11e4-a52e-4f735466cecf":"f.B789F3E8D5EB6317E0B12CBF8AF7BC43.d.AF83F016DCDA2212795412319645AC13.e.6835","ELEMENT":"f.B789F3E8D5EB6317E0B12CBF8AF7BC43.d.AF83F016DCDA2212795412319645AC13.e.6835"}]}
RESULT: {"script":"<script> [56 bytes]","args":[{"element-6066-11e4-a52e-4f735466cecf":"f.B789F3E8D5EB6317E0B12CBF8AF7BC43.d.AF83F016DCDA2212795412319645AC13.e.6835","ELEMENT":"f.B789F3E8D5EB6317E0B12CBF8AF7BC43.d.AF83F016DCDA2212795412319645AC13.e.6835"}]}
COMMAND: GET /session/6aa7e649349f90b4840747c4ea403a74/element/f.B789F3E8D5EB6317E0B12CBF8AF7BC43.d.AF83F016DCDA2212795412319645AC13.e.6834/attribute/aria-checked - {}
COMMAND: GET /session/6aa7e649349f90b4840747c4ea403a74/screenshot - {}
RESULT: {}
COMMAND: POST /session/6aa7e649349f90b4840747c4ea403a74/element - {"using":"xpath","value":"//table[contains(@id, \"listView-innerSelectionPanelTable-listUl\")]/tbody/tr[13]/td[2]/div/div"}
RESULT: {}
RESULT: {"using":"xpath","value":"//table[contains(@id, \"listView-innerSelectionPanelTable-listUl\")]/tbody/tr[13]/td[2]/div/div"}
COMMAND: POST /session/6aa7e649349f90b4840747c4ea403a74/element - {"using":"xpath","value":"//table[contains(@id, \"listView-innerSelectionPanelTable-listUl\")]/tbody/tr[13]/td[2]/div"}
RESULT: {"using":"xpath","value":"//table[contains(@id, \"listView-innerSelectionPanelTable-listUl\")]/tbody/tr[13]/td[2]/div"}
COMMAND: POST /session/6aa7e649349f90b4840747c4ea403a74/element - {"using":"xpath","value":"//table[contains(@id, \"listView-innerSelectionPanelTable-listUl\")]/tbody/tr[13]/td[3]/div/div/span/span[1]/bdi"}
RESULT: {"using":"xpath","value":"//table[contains(@id, \"listView-innerSelectionPanelTable-listUl\")]/tbody/tr[13]/td[3]/div/div/span/span[1]/bdi"}
COMMAND: POST /session/6aa7e649349f90b4840747c4ea403a74/execute/sync - {"script":"<script> [56 bytes]","args":[{"element-6066-11e4-a52e-4f735466cecf":"f.B789F3E8D5EB6317E0B12CBF8AF7BC43.d.AF83F016DCDA2212795412319645AC13.e.6838","ELEMENT":"f.B789F3E8D5EB6317E0B12CBF8AF7BC43.d.AF83F016DCDA2212795412319645AC13.e.6838"}]}
RESULT: {"script":"<script> [56 bytes]","args":[{"element-6066-11e4-a52e-4f735466cecf":"f.B789F3E8D5EB6317E0B12CBF8AF7BC43.d.AF83F016DCDA2212795412319645AC13.e.6838","ELEMENT":"f.B789F3E8D5EB6317E0B12CBF8AF7BC43.d.AF83F016DCDA2212795412319645AC13.e.6838"}]}
COMMAND: GET /session/6aa7e649349f90b4840747c4ea403a74/element/f.B789F3E8D5EB6317E0B12CBF8AF7BC43.d.AF83F016DCDA2212795412319645AC13.e.6837/attribute/aria-checked - {}
COMMAND: GET /session/6aa7e649349f90b4840747c4ea403a74/screenshot - {}
RESULT: {}
COMMAND: POST /session/6aa7e649349f90b4840747c4ea403a74/element - {"using":"xpath","value":"//table[contains(@id, \"listView-innerSelectionPanelTable-listUl\")]/tbody/tr[14]/td[2]/div/div"}
COMMAND: POST /session/6aa7e649349f90b4840747c4ea403a74/element/f.B789F3E8D5EB6317E0B12CBF8AF7BC43.d.AF83F016DCDA2212795412319645AC13.e.6836/click - {}
RESULT: {}
RESULT: {}
COMMAND: GET /session/6aa7e649349f90b4840747c4ea403a74/screenshot - {}
RESULT: {"using":"xpath","value":"//table[contains(@id, \"listView-innerSelectionPanelTable-listUl\")]/tbody/tr[14]/td[2]/div/div"}
COMMAND: POST /session/6aa7e649349f90b4840747c4ea403a74/element - {"using":"xpath","value":"//table[contains(@id, \"listView-innerSelectionPanelTable-listUl\")]/tbody/tr[14]/td[2]/div"}
RESULT: {}
RESULT: {"using":"xpath","value":"//table[contains(@id, \"listView-innerSelectionPanelTable-listUl\")]/tbody/tr[14]/td[2]/div"}
COMMAND: POST /session/6aa7e649349f90b4840747c4ea403a74/element - {"using":"xpath","value":"//table[contains(@id, \"listView-innerSelectionPanelTable-listUl\")]/tbody/tr[14]/td[3]/div/div/span/span[1]/bdi"}
RESULT: {"using":"xpath","value":"//table[contains(@id, \"listView-innerSelectionPanelTable-listUl\")]/tbody/tr[14]/td[3]/div/div/span/span[1]/bdi"}
COMMAND: POST /session/6aa7e649349f90b4840747c4ea403a74/execute/sync - {"script":"<script> [56 bytes]","args":[{"element-6066-11e4-a52e-4f735466cecf":"f.B789F3E8D5EB6317E0B12CBF8AF7BC43.d.AF83F016DCDA2212795412319645AC13.e.6842","ELEMENT":"f.B789F3E8D5EB6317E0B12CBF8AF7BC43.d.AF83F016DCDA2212795412319645AC13.e.6842"}]}
RESULT: {"script":"<script> [56 bytes]","args":[{"element-6066-11e4-a52e-4f735466cecf":"f.B789F3E8D5EB6317E0B12CBF8AF7BC43.d.AF83F016DCDA2212795412319645AC13.e.6842","ELEMENT":"f.B789F3E8D5EB6317E0B12CBF8AF7BC43.d.AF83F016DCDA2212795412319645AC13.e.6842"}]}
COMMAND: GET /session/6aa7e649349f90b4840747c4ea403a74/element/f.B789F3E8D5EB6317E0B12CBF8AF7BC43.d.AF83F016DCDA2212795412319645AC13.e.6841/attribute/aria-checked - {}
COMMAND: GET /session/6aa7e649349f90b4840747c4ea403a74/screenshot - {}
RESULT: {}
COMMAND: POST /session/6aa7e649349f90b4840747c4ea403a74/element - {"using":"xpath","value":"//table[contains(@id, \"listView-innerSelectionPanelTable-listUl\")]/tbody/tr[15]/td[2]/div/div"}
RESULT: {}
RESULT: {"using":"xpath","value":"//table[contains(@id, \"listView-innerSelectionPanelTable-listUl\")]/tbody/tr[15]/td[2]/div/div"}
COMMAND: POST /session/6aa7e649349f90b4840747c4ea403a74/element - {"using":"xpath","value":"//table[contains(@id, \"listView-innerSelectionPanelTable-listUl\")]/tbody/tr[15]/td[2]/div"}
RESULT: {"using":"xpath","value":"//table[contains(@id, \"listView-innerSelectionPanelTable-listUl\")]/tbody/tr[15]/td[2]/div"}
COMMAND: POST /session/6aa7e649349f90b4840747c4ea403a74/element - {"using":"xpath","value":"//table[contains(@id, \"listView-innerSelectionPanelTable-listUl\")]/tbody/tr[15]/td[3]/div/div/span/span[1]/bdi"}
RESULT: {"using":"xpath","value":"//table[contains(@id, \"listView-innerSelectionPanelTable-listUl\")]/tbody/tr[15]/td[3]/div/div/span/span[1]/bdi"}
COMMAND: POST /session/6aa7e649349f90b4840747c4ea403a74/execute/sync - {"script":"<script> [56 bytes]","args":[{"element-6066-11e4-a52e-4f735466cecf":"f.B789F3E8D5EB6317E0B12CBF8AF7BC43.d.AF83F016DCDA2212795412319645AC13.e.6845","ELEMENT":"f.B789F3E8D5EB6317E0B12CBF8AF7BC43.d.AF83F016DCDA2212795412319645AC13.e.6845"}]}
RESULT: {"script":"<script> [56 bytes]","args":[{"element-6066-11e4-a52e-4f735466cecf":"f.B789F3E8D5EB6317E0B12CBF8AF7BC43.d.AF83F016DCDA2212795412319645AC13.e.6845","ELEMENT":"f.B789F3E8D5EB6317E0B12CBF8AF7BC43.d.AF83F016DCDA2212795412319645AC13.e.6845"}]}
COMMAND: GET /session/6aa7e649349f90b4840747c4ea403a74/element/f.B789F3E8D5EB6317E0B12CBF8AF7BC43.d.AF83F016DCDA2212795412319645AC13.e.6844/attribute/aria-checked - {}
COMMAND: GET /session/6aa7e649349f90b4840747c4ea403a74/screenshot - {}
RESULT: {}
COMMAND: POST /session/6aa7e649349f90b4840747c4ea403a74/element - {"using":"xpath","value":"//table[contains(@id, \"listView-innerSelectionPanelTable-listUl\")]/tbody/tr[16]/td[2]/div/div"}
RESULT: {}
RESULT: {"using":"xpath","value":"//table[contains(@id, \"listView-innerSelectionPanelTable-listUl\")]/tbody/tr[16]/td[2]/div/div"}
COMMAND: POST /session/6aa7e649349f90b4840747c4ea403a74/element - {"using":"xpath","value":"//table[contains(@id, \"listView-innerSelectionPanelTable-listUl\")]/tbody/tr[16]/td[2]/div"}
RESULT: {"using":"xpath","value":"//table[contains(@id, \"listView-innerSelectionPanelTable-listUl\")]/tbody/tr[16]/td[2]/div"}
COMMAND: POST /session/6aa7e649349f90b4840747c4ea403a74/element - {"using":"xpath","value":"//table[contains(@id, \"listView-innerSelectionPanelTable-listUl\")]/tbody/tr[16]/td[3]/div/div/span/span[1]/bdi"}
RESULT: {"using":"xpath","value":"//table[contains(@id, \"listView-innerSelectionPanelTable-listUl\")]/tbody/tr[16]/td[3]/div/div/span/span[1]/bdi"}
COMMAND: POST /session/6aa7e649349f90b4840747c4ea403a74/execute/sync - {"script":"<script> [56 bytes]","args":[{"element-6066-11e4-a52e-4f735466cecf":"f.B789F3E8D5EB6317E0B12CBF8AF7BC43.d.AF83F016DCDA2212795412319645AC13.e.6848","ELEMENT":"f.B789F3E8D5EB6317E0B12CBF8AF7BC43.d.AF83F016DCDA2212795412319645AC13.e.6848"}]}
RESULT: {"script":"<script> [56 bytes]","args":[{"element-6066-11e4-a52e-4f735466cecf":"f.B789F3E8D5EB6317E0B12CBF8AF7BC43.d.AF83F016DCDA2212795412319645AC13.e.6848","ELEMENT":"f.B789F3E8D5EB6317E0B12CBF8AF7BC43.d.AF83F016DCDA2212795412319645AC13.e.6848"}]}
COMMAND: GET /session/6aa7e649349f90b4840747c4ea403a74/element/f.B789F3E8D5EB6317E0B12CBF8AF7BC43.d.AF83F016DCDA2212795412319645AC13.e.6847/attribute/aria-checked - {}
COMMAND: GET /session/6aa7e649349f90b4840747c4ea403a74/screenshot - {}
RESULT: {}
COMMAND: POST /session/6aa7e649349f90b4840747c4ea403a74/element - {"using":"xpath","value":"//table[contains(@id, \"listView-innerSelectionPanelTable-listUl\")]/tbody/tr[17]/td[2]/div/div"}
RESULT: {}
RESULT: {"using":"xpath","value":"//table[contains(@id, \"listView-innerSelectionPanelTable-listUl\")]/tbody/tr[17]/td[2]/div/div"}
COMMAND: POST /session/6aa7e649349f90b4840747c4ea403a74/element - {"using":"xpath","value":"//table[contains(@id, \"listView-innerSelectionPanelTable-listUl\")]/tbody/tr[17]/td[2]/div"}
RESULT: {"using":"xpath","value":"//table[contains(@id, \"listView-innerSelectionPanelTable-listUl\")]/tbody/tr[17]/td[2]/div"}
COMMAND: POST /session/6aa7e649349f90b4840747c4ea403a74/element - {"using":"xpath","value":"//table[contains(@id, \"listView-innerSelectionPanelTable-listUl\")]/tbody/tr[17]/td[3]/div/div/span/span[1]/bdi"}
RESULT: {"using":"xpath","value":"//table[contains(@id, \"listView-innerSelectionPanelTable-listUl\")]/tbody/tr[17]/td[3]/div/div/span/span[1]/bdi"}
COMMAND: POST /session/6aa7e649349f90b4840747c4ea403a74/execute/sync - {"script":"<script> [56 bytes]","args":[{"element-6066-11e4-a52e-4f735466cecf":"f.B789F3E8D5EB6317E0B12CBF8AF7BC43.d.AF83F016DCDA2212795412319645AC13.e.6851","ELEMENT":"f.B789F3E8D5EB6317E0B12CBF8AF7BC43.d.AF83F016DCDA2212795412319645AC13.e.6851"}]}
RESULT: {"script":"<script> [56 bytes]","args":[{"element-6066-11e4-a52e-4f735466cecf":"f.B789F3E8D5EB6317E0B12CBF8AF7BC43.d.AF83F016DCDA2212795412319645AC13.e.6851","ELEMENT":"f.B789F3E8D5EB6317E0B12CBF8AF7BC43.d.AF83F016DCDA2212795412319645AC13.e.6851"}]}
COMMAND: GET /session/6aa7e649349f90b4840747c4ea403a74/element/f.B789F3E8D5EB6317E0B12CBF8AF7BC43.d.AF83F016DCDA2212795412319645AC13.e.6850/attribute/aria-checked - {}
COMMAND: GET /session/6aa7e649349f90b4840747c4ea403a74/screenshot - {}
RESULT: {}
COMMAND: POST /session/6aa7e649349f90b4840747c4ea403a74/element - {"using":"xpath","value":"//table[contains(@id, \"listView-innerSelectionPanelTable-listUl\")]/tbody/tr[18]/td[2]/div/div"}
RESULT: {}
RESULT: {"using":"xpath","value":"//table[contains(@id, \"listView-innerSelectionPanelTable-listUl\")]/tbody/tr[18]/td[2]/div/div"}
COMMAND: POST /session/6aa7e649349f90b4840747c4ea403a74/element - {"using":"xpath","value":"//table[contains(@id, \"listView-innerSelectionPanelTable-listUl\")]/tbody/tr[18]/td[2]/div"}
RESULT: {"using":"xpath","value":"//table[contains(@id, \"listView-innerSelectionPanelTable-listUl\")]/tbody/tr[18]/td[2]/div"}
COMMAND: POST /session/6aa7e649349f90b4840747c4ea403a74/element - {"using":"xpath","value":"//table[contains(@id, \"listView-innerSelectionPanelTable-listUl\")]/tbody/tr[18]/td[3]/div/div/span/span[1]/bdi"}
RESULT: {"using":"xpath","value":"//table[contains(@id, \"listView-innerSelectionPanelTable-listUl\")]/tbody/tr[18]/td[3]/div/div/span/span[1]/bdi"}
COMMAND: POST /session/6aa7e649349f90b4840747c4ea403a74/execute/sync - {"script":"<script> [56 bytes]","args":[{"element-6066-11e4-a52e-4f735466cecf":"f.B789F3E8D5EB6317E0B12CBF8AF7BC43.d.AF83F016DCDA2212795412319645AC13.e.6854","ELEMENT":"f.B789F3E8D5EB6317E0B12CBF8AF7BC43.d.AF83F016DCDA2212795412319645AC13.e.6854"}]}
RESULT: {"script":"<script> [56 bytes]","args":[{"element-6066-11e4-a52e-4f735466cecf":"f.B789F3E8D5EB6317E0B12CBF8AF7BC43.d.AF83F016DCDA2212795412319645AC13.e.6854","ELEMENT":"f.B789F3E8D5EB6317E0B12CBF8AF7BC43.d.AF83F016DCDA2212795412319645AC13.e.6854"}]}
COMMAND: GET /session/6aa7e649349f90b4840747c4ea403a74/element/f.B789F3E8D5EB6317E0B12CBF8AF7BC43.d.AF83F016DCDA2212795412319645AC13.e.6853/attribute/aria-checked - {}
COMMAND: GET /session/6aa7e649349f90b4840747c4ea403a74/screenshot - {}
RESULT: {}
COMMAND: POST /session/6aa7e649349f90b4840747c4ea403a74/element - {"using":"xpath","value":"//table[contains(@id, \"listView-innerSelectionPanelTable-listUl\")]/tbody/tr[19]/td[2]/div/div"}
RESULT: {}
RESULT: {"using":"xpath","value":"//table[contains(@id, \"listView-innerSelectionPanelTable-listUl\")]/tbody/tr[19]/td[2]/div/div"}
COMMAND: POST /session/6aa7e649349f90b4840747c4ea403a74/element - {"using":"xpath","value":"//table[contains(@id, \"listView-innerSelectionPanelTable-listUl\")]/tbody/tr[19]/td[2]/div"}
RESULT: {"using":"xpath","value":"//table[contains(@id, \"listView-innerSelectionPanelTable-listUl\")]/tbody/tr[19]/td[2]/div"}
COMMAND: POST /session/6aa7e649349f90b4840747c4ea403a74/element - {"using":"xpath","value":"//table[contains(@id, \"listView-innerSelectionPanelTable-listUl\")]/tbody/tr[19]/td[3]/div/div/span/span[1]/bdi"}
RESULT: {"using":"xpath","value":"//table[contains(@id, \"listView-innerSelectionPanelTable-listUl\")]/tbody/tr[19]/td[3]/div/div/span/span[1]/bdi"}
COMMAND: POST /session/6aa7e649349f90b4840747c4ea403a74/execute/sync - {"script":"<script> [56 bytes]","args":[{"element-6066-11e4-a52e-4f735466cecf":"f.B789F3E8D5EB6317E0B12CBF8AF7BC43.d.AF83F016DCDA2212795412319645AC13.e.6857","ELEMENT":"f.B789F3E8D5EB6317E0B12CBF8AF7BC43.d.AF83F016DCDA2212795412319645AC13.e.6857"}]}
RESULT: {"script":"<script> [56 bytes]","args":[{"element-6066-11e4-a52e-4f735466cecf":"f.B789F3E8D5EB6317E0B12CBF8AF7BC43.d.AF83F016DCDA2212795412319645AC13.e.6857","ELEMENT":"f.B789F3E8D5EB6317E0B12CBF8AF7BC43.d.AF83F016DCDA2212795412319645AC13.e.6857"}]}
COMMAND: GET /session/6aa7e649349f90b4840747c4ea403a74/element/f.B789F3E8D5EB6317E0B12CBF8AF7BC43.d.AF83F016DCDA2212795412319645AC13.e.6856/attribute/aria-checked - {}
COMMAND: GET /session/6aa7e649349f90b4840747c4ea403a74/screenshot - {}
RESULT: {}
COMMAND: POST /session/6aa7e649349f90b4840747c4ea403a74/element - {"using":"xpath","value":"//table[contains(@id, \"listView-innerSelectionPanelTable-listUl\")]/tbody/tr[20]/td[2]/div/div"}
RESULT: {}
RESULT: {"using":"xpath","value":"//table[contains(@id, \"listView-innerSelectionPanelTable-listUl\")]/tbody/tr[20]/td[2]/div/div"}
COMMAND: POST /session/6aa7e649349f90b4840747c4ea403a74/element - {"using":"xpath","value":"//table[contains(@id, \"listView-innerSelectionPanelTable-listUl\")]/tbody/tr[20]/td[2]/div"}
RESULT: {"using":"xpath","value":"//table[contains(@id, \"listView-innerSelectionPanelTable-listUl\")]/tbody/tr[20]/td[2]/div"}
COMMAND: POST /session/6aa7e649349f90b4840747c4ea403a74/element - {"using":"xpath","value":"//table[contains(@id, \"listView-innerSelectionPanelTable-listUl\")]/tbody/tr[20]/td[3]/div/div/span/span[1]/bdi"}
RESULT: {"using":"xpath","value":"//table[contains(@id, \"listView-innerSelectionPanelTable-listUl\")]/tbody/tr[20]/td[3]/div/div/span/span[1]/bdi"}
COMMAND: POST /session/6aa7e649349f90b4840747c4ea403a74/execute/sync - {"script":"<script> [56 bytes]","args":[{"element-6066-11e4-a52e-4f735466cecf":"f.B789F3E8D5EB6317E0B12CBF8AF7BC43.d.AF83F016DCDA2212795412319645AC13.e.6860","ELEMENT":"f.B789F3E8D5EB6317E0B12CBF8AF7BC43.d.AF83F016DCDA2212795412319645AC13.e.6860"}]}
RESULT: {"script":"<script> [56 bytes]","args":[{"element-6066-11e4-a52e-4f735466cecf":"f.B789F3E8D5EB6317E0B12CBF8AF7BC43.d.AF83F016DCDA2212795412319645AC13.e.6860","ELEMENT":"f.B789F3E8D5EB6317E0B12CBF8AF7BC43.d.AF83F016DCDA2212795412319645AC13.e.6860"}]}
COMMAND: GET /session/6aa7e649349f90b4840747c4ea403a74/element/f.B789F3E8D5EB6317E0B12CBF8AF7BC43.d.AF83F016DCDA2212795412319645AC13.e.6859/attribute/aria-checked - {}
COMMAND: GET /session/6aa7e649349f90b4840747c4ea403a74/screenshot - {}
RESULT: {}
COMMAND: POST /session/6aa7e649349f90b4840747c4ea403a74/element - {"using":"xpath","value":"//table[contains(@id, \"listView-innerSelectionPanelTable-listUl\")]/tbody/tr[21]/td[2]/div/div"}
RESULT: {}
RESULT: {"using":"xpath","value":"//table[contains(@id, \"listView-innerSelectionPanelTable-listUl\")]/tbody/tr[21]/td[2]/div/div"}
COMMAND: POST /session/6aa7e649349f90b4840747c4ea403a74/element - {"using":"xpath","value":"//table[contains(@id, \"listView-innerSelectionPanelTable-listUl\")]/tbody/tr[21]/td[2]/div"}
RESULT: {"using":"xpath","value":"//table[contains(@id, \"listView-innerSelectionPanelTable-listUl\")]/tbody/tr[21]/td[2]/div"}
COMMAND: POST /session/6aa7e649349f90b4840747c4ea403a74/element - {"using":"xpath","value":"//table[contains(@id, \"listView-innerSelectionPanelTable-listUl\")]/tbody/tr[21]/td[3]/div/div/span/span[1]/bdi"}
RESULT: {"using":"xpath","value":"//table[contains(@id, \"listView-innerSelectionPanelTable-listUl\")]/tbody/tr[21]/td[3]/div/div/span/span[1]/bdi"}
COMMAND: POST /session/6aa7e649349f90b4840747c4ea403a74/execute/sync - {"script":"<script> [56 bytes]","args":[{"element-6066-11e4-a52e-4f735466cecf":"f.B789F3E8D5EB6317E0B12CBF8AF7BC43.d.AF83F016DCDA2212795412319645AC13.e.6863","ELEMENT":"f.B789F3E8D5EB6317E0B12CBF8AF7BC43.d.AF83F016DCDA2212795412319645AC13.e.6863"}]}
RESULT: {"script":"<script> [56 bytes]","args":[{"element-6066-11e4-a52e-4f735466cecf":"f.B789F3E8D5EB6317E0B12CBF8AF7BC43.d.AF83F016DCDA2212795412319645AC13.e.6863","ELEMENT":"f.B789F3E8D5EB6317E0B12CBF8AF7BC43.d.AF83F016DCDA2212795412319645AC13.e.6863"}]}
COMMAND: GET /session/6aa7e649349f90b4840747c4ea403a74/element/f.B789F3E8D5EB6317E0B12CBF8AF7BC43.d.AF83F016DCDA2212795412319645AC13.e.6862/attribute/aria-checked - {}
COMMAND: GET /session/6aa7e649349f90b4840747c4ea403a74/screenshot - {}
RESULT: {}
COMMAND: POST /session/6aa7e649349f90b4840747c4ea403a74/element - {"using":"xpath","value":"//table[contains(@id, \"listView-innerSelectionPanelTable-listUl\")]/tbody/tr[22]/td[2]/div/div"}
RESULT: {}
RESULT: {"using":"xpath","value":"//table[contains(@id, \"listView-innerSelectionPanelTable-listUl\")]/tbody/tr[22]/td[2]/div/div"}
COMMAND: POST /session/6aa7e649349f90b4840747c4ea403a74/element - {"using":"xpath","value":"//table[contains(@id, \"listView-innerSelectionPanelTable-listUl\")]/tbody/tr[22]/td[2]/div"}
RESULT: {"using":"xpath","value":"//table[contains(@id, \"listView-innerSelectionPanelTable-listUl\")]/tbody/tr[22]/td[2]/div"}
COMMAND: POST /session/6aa7e649349f90b4840747c4ea403a74/element - {"using":"xpath","value":"//table[contains(@id, \"listView-innerSelectionPanelTable-listUl\")]/tbody/tr[22]/td[3]/div/div/span/span[1]/bdi"}
RESULT: {"using":"xpath","value":"//table[contains(@id, \"listView-innerSelectionPanelTable-listUl\")]/tbody/tr[22]/td[3]/div/div/span/span[1]/bdi"}
COMMAND: POST /session/6aa7e649349f90b4840747c4ea403a74/execute/sync - {"script":"<script> [56 bytes]","args":[{"element-6066-11e4-a52e-4f735466cecf":"f.B789F3E8D5EB6317E0B12CBF8AF7BC43.d.AF83F016DCDA2212795412319645AC13.e.6866","ELEMENT":"f.B789F3E8D5EB6317E0B12CBF8AF7BC43.d.AF83F016DCDA2212795412319645AC13.e.6866"}]}
RESULT: {"script":"<script> [56 bytes]","args":[{"element-6066-11e4-a52e-4f735466cecf":"f.B789F3E8D5EB6317E0B12CBF8AF7BC43.d.AF83F016DCDA2212795412319645AC13.e.6866","ELEMENT":"f.B789F3E8D5EB6317E0B12CBF8AF7BC43.d.AF83F016DCDA2212795412319645AC13.e.6866"}]}
COMMAND: GET /session/6aa7e649349f90b4840747c4ea403a74/element/f.B789F3E8D5EB6317E0B12CBF8AF7BC43.d.AF83F016DCDA2212795412319645AC13.e.6865/attribute/aria-checked - {}
COMMAND: GET /session/6aa7e649349f90b4840747c4ea403a74/screenshot - {}
RESULT: {}
COMMAND: POST /session/6aa7e649349f90b4840747c4ea403a74/element - {"using":"xpath","value":"//table[contains(@id, \"listView-innerSelectionPanelTable-listUl\")]/tbody/tr[23]/td[2]/div/div"}
RESULT: {}
RESULT: {"using":"xpath","value":"//table[contains(@id, \"listView-innerSelectionPanelTable-listUl\")]/tbody/tr[23]/td[2]/div/div"}
COMMAND: POST /session/6aa7e649349f90b4840747c4ea403a74/element - {"using":"xpath","value":"//table[contains(@id, \"listView-innerSelectionPanelTable-listUl\")]/tbody/tr[23]/td[2]/div"}
RESULT: {"using":"xpath","value":"//table[contains(@id, \"listView-innerSelectionPanelTable-listUl\")]/tbody/tr[23]/td[2]/div"}
COMMAND: POST /session/6aa7e649349f90b4840747c4ea403a74/element - {"using":"xpath","value":"//table[contains(@id, \"listView-innerSelectionPanelTable-listUl\")]/tbody/tr[23]/td[3]/div/div/span/span[1]/bdi"}
RESULT: {"using":"xpath","value":"//table[contains(@id, \"listView-innerSelectionPanelTable-listUl\")]/tbody/tr[23]/td[3]/div/div/span/span[1]/bdi"}
COMMAND: POST /session/6aa7e649349f90b4840747c4ea403a74/execute/sync - {"script":"<script> [56 bytes]","args":[{"element-6066-11e4-a52e-4f735466cecf":"f.B789F3E8D5EB6317E0B12CBF8AF7BC43.d.AF83F016DCDA2212795412319645AC13.e.6869","ELEMENT":"f.B789F3E8D5EB6317E0B12CBF8AF7BC43.d.AF83F016DCDA2212795412319645AC13.e.6869"}]}
RESULT: {"script":"<script> [56 bytes]","args":[{"element-6066-11e4-a52e-4f735466cecf":"f.B789F3E8D5EB6317E0B12CBF8AF7BC43.d.AF83F016DCDA2212795412319645AC13.e.6869","ELEMENT":"f.B789F3E8D5EB6317E0B12CBF8AF7BC43.d.AF83F016DCDA2212795412319645AC13.e.6869"}]}
COMMAND: GET /session/6aa7e649349f90b4840747c4ea403a74/element/f.B789F3E8D5EB6317E0B12CBF8AF7BC43.d.AF83F016DCDA2212795412319645AC13.e.6868/attribute/aria-checked - {}
COMMAND: GET /session/6aa7e649349f90b4840747c4ea403a74/screenshot - {}
RESULT: {}
COMMAND: POST /session/6aa7e649349f90b4840747c4ea403a74/element - {"using":"xpath","value":"//table[contains(@id, \"listView-innerSelectionPanelTable-listUl\")]/tbody/tr[24]/td[2]/div/div"}
RESULT: {}
RESULT: {"using":"xpath","value":"//table[contains(@id, \"listView-innerSelectionPanelTable-listUl\")]/tbody/tr[24]/td[2]/div/div"}
COMMAND: POST /session/6aa7e649349f90b4840747c4ea403a74/element - {"using":"xpath","value":"//table[contains(@id, \"listView-innerSelectionPanelTable-listUl\")]/tbody/tr[24]/td[2]/div"}
RESULT: {"using":"xpath","value":"//table[contains(@id, \"listView-innerSelectionPanelTable-listUl\")]/tbody/tr[24]/td[2]/div"}
COMMAND: POST /session/6aa7e649349f90b4840747c4ea403a74/element - {"using":"xpath","value":"//table[contains(@id, \"listView-innerSelectionPanelTable-listUl\")]/tbody/tr[24]/td[3]/div/div/span/span[1]/bdi"}
RESULT: {"using":"xpath","value":"//table[contains(@id, \"listView-innerSelectionPanelTable-listUl\")]/tbody/tr[24]/td[3]/div/div/span/span[1]/bdi"}
COMMAND: POST /session/6aa7e649349f90b4840747c4ea403a74/execute/sync - {"script":"<script> [56 bytes]","args":[{"element-6066-11e4-a52e-4f735466cecf":"f.B789F3E8D5EB6317E0B12CBF8AF7BC43.d.AF83F016DCDA2212795412319645AC13.e.6872","ELEMENT":"f.B789F3E8D5EB6317E0B12CBF8AF7BC43.d.AF83F016DCDA2212795412319645AC13.e.6872"}]}
RESULT: {"script":"<script> [56 bytes]","args":[{"element-6066-11e4-a52e-4f735466cecf":"f.B789F3E8D5EB6317E0B12CBF8AF7BC43.d.AF83F016DCDA2212795412319645AC13.e.6872","ELEMENT":"f.B789F3E8D5EB6317E0B12CBF8AF7BC43.d.AF83F016DCDA2212795412319645AC13.e.6872"}]}
COMMAND: GET /session/6aa7e649349f90b4840747c4ea403a74/element/f.B789F3E8D5EB6317E0B12CBF8AF7BC43.d.AF83F016DCDA2212795412319645AC13.e.6871/attribute/aria-checked - {}
COMMAND: GET /session/6aa7e649349f90b4840747c4ea403a74/screenshot - {}
RESULT: {}
COMMAND: POST /session/6aa7e649349f90b4840747c4ea403a74/element - {"using":"xpath","value":"//table[contains(@id, \"listView-innerSelectionPanelTable-listUl\")]/tbody/tr[25]/td[2]/div/div"}
RESULT: {}
RESULT: {"using":"xpath","value":"//table[contains(@id, \"listView-innerSelectionPanelTable-listUl\")]/tbody/tr[25]/td[2]/div/div"}
COMMAND: POST /session/6aa7e649349f90b4840747c4ea403a74/element - {"using":"xpath","value":"//table[contains(@id, \"listView-innerSelectionPanelTable-listUl\")]/tbody/tr[25]/td[2]/div"}
RESULT: {"using":"xpath","value":"//table[contains(@id, \"listView-innerSelectionPanelTable-listUl\")]/tbody/tr[25]/td[2]/div"}
COMMAND: POST /session/6aa7e649349f90b4840747c4ea403a74/element - {"using":"xpath","value":"//table[contains(@id, \"listView-innerSelectionPanelTable-listUl\")]/tbody/tr[25]/td[3]/div/div/span/span[1]/bdi"}
RESULT: {"using":"xpath","value":"//table[contains(@id, \"listView-innerSelectionPanelTable-listUl\")]/tbody/tr[25]/td[3]/div/div/span/span[1]/bdi"}
COMMAND: POST /session/6aa7e649349f90b4840747c4ea403a74/execute/sync - {"script":"<script> [56 bytes]","args":[{"element-6066-11e4-a52e-4f735466cecf":"f.B789F3E8D5EB6317E0B12CBF8AF7BC43.d.AF83F016DCDA2212795412319645AC13.e.6875","ELEMENT":"f.B789F3E8D5EB6317E0B12CBF8AF7BC43.d.AF83F016DCDA2212795412319645AC13.e.6875"}]}
RESULT: {"script":"<script> [56 bytes]","args":[{"element-6066-11e4-a52e-4f735466cecf":"f.B789F3E8D5EB6317E0B12CBF8AF7BC43.d.AF83F016DCDA2212795412319645AC13.e.6875","ELEMENT":"f.B789F3E8D5EB6317E0B12CBF8AF7BC43.d.AF83F016DCDA2212795412319645AC13.e.6875"}]}
COMMAND: GET /session/6aa7e649349f90b4840747c4ea403a74/element/f.B789F3E8D5EB6317E0B12CBF8AF7BC43.d.AF83F016DCDA2212795412319645AC13.e.6874/attribute/aria-checked - {}
COMMAND: GET /session/6aa7e649349f90b4840747c4ea403a74/screenshot - {}
RESULT: {}
COMMAND: POST /session/6aa7e649349f90b4840747c4ea403a74/element - {"using":"xpath","value":"//bdi[contains(text(), \"OK\")]"}
RESULT: {}
RESULT: {"using":"xpath","value":"//bdi[contains(text(), \"OK\")]"}
COMMAND: POST /session/6aa7e649349f90b4840747c4ea403a74/element/f.B789F3E8D5EB6317E0B12CBF8AF7BC43.d.AF83F016DCDA2212795412319645AC13.e.6876/click - {}
RESULT: {}
COMMAND: GET /session/6aa7e649349f90b4840747c4ea403a74/screenshot - {}
RESULT: {}
COMMAND: POST /session/6aa7e649349f90b4840747c4ea403a74/execute/async - {"script":"<script> [1562 bytes]","args":[{"selector":{"id":"application-managepartners-display-component---masterPtm--smartFilterBar-filterItemControlA_-LINK_TO_ADDRESSES_MAIN.CITY1-vhi"},"wdio_ui5_key":"applicationmanagepartners-display-component---masterPtm--smartFilterBar-filterItemControlA_-LINK_TO_ADDRESSES_MAIN.CITY1-vhi"}]}
RESULT: {"script":"<script> [1562 bytes]","args":[{"selector":{"id":"application-managepartners-display-component---masterPtm--smartFilterBar-filterItemControlA_-LINK_TO_ADDRESSES_MAIN.CITY1-vhi"},"wdio_ui5_key":"applicationmanagepartners-display-component---masterPtm--smartFilterBar-filterItemControlA_-LINK_TO_ADDRESSES_MAIN.CITY1-vhi"}]}
RESULT: undefined
COMMAND: POST /session/6aa7e649349f90b4840747c4ea403a74/element - {"using":"xpath","value":"//*[@id=\"application-managepartners-display-component---masterPtm--smartFilterBar-filterItemControlA_-LINK_TO_ADDRESSES_MAIN.CITY1-vhi\"]"}
RESULT: {"using":"xpath","value":"//*[@id=\"application-managepartners-display-component---masterPtm--smartFilterBar-filterItemControlA_-LINK_TO_ADDRESSES_MAIN.CITY1-vhi\"]"}
COMMAND: POST /session/6aa7e649349f90b4840747c4ea403a74/element/f.B789F3E8D5EB6317E0B12CBF8AF7BC43.d.AF83F016DCDA2212795412319645AC13.e.6890/click - {}
RESULT: {}
COMMAND: GET /session/6aa7e649349f90b4840747c4ea403a74/screenshot - {}
RESULT: {}
COMMAND: POST /session/6aa7e649349f90b4840747c4ea403a74/execute/async - {"script":"<script> [1562 bytes]","args":[{"selector":{"controlType":"sap.m.Input","viewName":"etm.portal.ui.managepartners.view.Master","viewId":"application-managepartners-display-component---masterPtm","properties":{"valueState":"None"},"searchOpenDialogs":true,"interaction":{"idSuffix":"inner"}},"wdio_ui5_key":"etmportal.ui.managepartners.view.Mastersap.m.Input{\"valueState\":\"None\"}"}]}
RESULT: {"script":"<script> [1562 bytes]","args":[{"selector":{"controlType":"sap.m.Input","viewName":"etm.portal.ui.managepartners.view.Master","viewId":"application-managepartners-display-component---masterPtm","properties":{"valueState":"None"},"searchOpenDialogs":true,"interaction":{"idSuffix":"inner"}},"wdio_ui5_key":"etmportal.ui.managepartners.view.Mastersap.m.Input{\"valueState\":\"None\"}"}]}
RESULT: undefined
COMMAND: POST /session/6aa7e649349f90b4840747c4ea403a74/execute/async - {"script":"<script> [776 bytes]","args":[{"enterText":"Bangalore","selector":{"controlType":"sap.m.Input","viewName":"etm.portal.ui.managepartners.view.Master","viewId":"application-managepartners-display-component---masterPtm","properties":{"valueState":"None"},"searchOpenDialogs":true,"interaction":{"idSuffix":"inner"}},"clearTextFirst":true,"interactionType":"ENTER_TEXT"}]}
RESULT: {"script":"<script> [776 bytes]","args":[{"enterText":"Bangalore","selector":{"controlType":"sap.m.Input","viewName":"etm.portal.ui.managepartners.view.Master","viewId":"application-managepartners-display-component---masterPtm","properties":{"valueState":"None"},"searchOpenDialogs":true,"interaction":{"idSuffix":"inner"}},"clearTextFirst":true,"interactionType":"ENTER_TEXT"}]}
COMMAND: POST /session/6aa7e649349f90b4840747c4ea403a74/actions - {"actions":[{"id":"action21","type":"key","parameters":{},"actions":[{"type":"keyDown","value":"î€‡"},{"type":"pause","duration":10},{"type":"keyUp","value":"î€‡"}]}]}
RESULT: {"actions":[{"id":"action21","type":"key","parameters":{},"actions":[{"type":"keyDown","value":"î€‡"},{"type":"pause","duration":10},{"type":"keyUp","value":"î€‡"}]}]}
COMMAND: GET /session/6aa7e649349f90b4840747c4ea403a74/screenshot - {}
RESULT: {}
COMMAND: POST /session/6aa7e649349f90b4840747c4ea403a74/element - {"using":"xpath","value":"(//bdi[contains(text(), \"OK\")])[1]"}
RESULT: {"using":"xpath","value":"(//bdi[contains(text(), \"OK\")])[1]"}
COMMAND: POST /session/6aa7e649349f90b4840747c4ea403a74/element/f.B789F3E8D5EB6317E0B12CBF8AF7BC43.d.AF83F016DCDA2212795412319645AC13.e.6896/click - {}
RESULT: {}
COMMAND: GET /session/6aa7e649349f90b4840747c4ea403a74/screenshot - {}
RESULT: {}
COMMAND: POST /session/6aa7e649349f90b4840747c4ea403a74/element - {"using":"xpath","value":"//span[@id=\"application-managepartners-display-component---masterPtm--smartTable-header-inner\"]"}
RESULT: {"using":"xpath","value":"//span[@id=\"application-managepartners-display-component---masterPtm--smartTable-header-inner\"]"}
COMMAND: POST /session/6aa7e649349f90b4840747c4ea403a74/elements - {"using":"xpath","value":"//span[@id=\"application-managepartners-display-component---masterPtm--smartTable-header-inner\"]"}
RESULT: {"using":"xpath","value":"//span[@id=\"application-managepartners-display-component---masterPtm--smartTable-header-inner\"]"}
COMMAND: POST /session/6aa7e649349f90b4840747c4ea403a74/execute/sync - {"script":"<script> [56 bytes]","args":[{"element-6066-11e4-a52e-4f735466cecf":"f.B789F3E8D5EB6317E0B12CBF8AF7BC43.d.AF83F016DCDA2212795412319645AC13.e.6003","ELEMENT":"f.B789F3E8D5EB6317E0B12CBF8AF7BC43.d.AF83F016DCDA2212795412319645AC13.e.6003"}]}
RESULT: {"script":"<script> [56 bytes]","args":[{"element-6066-11e4-a52e-4f735466cecf":"f.B789F3E8D5EB6317E0B12CBF8AF7BC43.d.AF83F016DCDA2212795412319645AC13.e.6003","ELEMENT":"f.B789F3E8D5EB6317E0B12CBF8AF7BC43.d.AF83F016DCDA2212795412319645AC13.e.6003"}]}
COMMAND: POST /session/6aa7e649349f90b4840747c4ea403a74/element - {"using":"xpath","value":"//span[contains(@title, \"Remove\")]"}
COMMAND: GET /session/6aa7e649349f90b4840747c4ea403a74/screenshot - {}
RESULT: {"using":"xpath","value":"//span[contains(@title, \"Remove\")]"}
COMMAND: POST /session/6aa7e649349f90b4840747c4ea403a74/element/f.B789F3E8D5EB6317E0B12CBF8AF7BC43.d.AF83F016DCDA2212795412319645AC13.e.6961/click - {}
RESULT: {}
RESULT: {}
COMMAND: GET /session/6aa7e649349f90b4840747c4ea403a74/screenshot - {}
RESULT: {}
COMMAND: POST /session/6aa7e649349f90b4840747c4ea403a74/element - {"using":"xpath","value":"//span[@id=\"application-managepartners-display-component---masterPtm--smartTable-header-inner\"]"}
RESULT: {"using":"xpath","value":"//span[@id=\"application-managepartners-display-component---masterPtm--smartTable-header-inner\"]"}
COMMAND: POST /session/6aa7e649349f90b4840747c4ea403a74/elements - {"using":"xpath","value":"//span[@id=\"application-managepartners-display-component---masterPtm--smartTable-header-inner\"]"}
RESULT: {"using":"xpath","value":"//span[@id=\"application-managepartners-display-component---masterPtm--smartTable-header-inner\"]"}
COMMAND: POST /session/6aa7e649349f90b4840747c4ea403a74/execute/sync - {"script":"<script> [56 bytes]","args":[{"element-6066-11e4-a52e-4f735466cecf":"f.B789F3E8D5EB6317E0B12CBF8AF7BC43.d.AF83F016DCDA2212795412319645AC13.e.6003","ELEMENT":"f.B789F3E8D5EB6317E0B12CBF8AF7BC43.d.AF83F016DCDA2212795412319645AC13.e.6003"}]}
RESULT: {"script":"<script> [56 bytes]","args":[{"element-6066-11e4-a52e-4f735466cecf":"f.B789F3E8D5EB6317E0B12CBF8AF7BC43.d.AF83F016DCDA2212795412319645AC13.e.6003","ELEMENT":"f.B789F3E8D5EB6317E0B12CBF8AF7BC43.d.AF83F016DCDA2212795412319645AC13.e.6003"}]}
COMMAND: POST /session/6aa7e649349f90b4840747c4ea403a74/element - {"using":"css selector","value":"#shell-header-logo"}
COMMAND: GET /session/6aa7e649349f90b4840747c4ea403a74/screenshot - {}
RESULT: {"using":"css selector","value":"#shell-header-logo"}
COMMAND: POST /session/6aa7e649349f90b4840747c4ea403a74/element/f.B789F3E8D5EB6317E0B12CBF8AF7BC43.d.AF83F016DCDA2212795412319645AC13.e.5832/click - {}
RESULT: {}
RESULT: {}
COMMAND: GET /session/6aa7e649349f90b4840747c4ea403a74/screenshot - {}
RESULT: {}
]]></system-out>
    </testcase>
    <testcase classname="chrome.135_0_7049_96.windows.Partner_specific_tests_US150819_US151080_US151654_US151176_US103444_US151078_US151079_US151109_US151174_US151175_US151189" name="Should try to save empty partner US151174" time="47.818">
      <system-out><![CDATA[
COMMAND: POST /session/6aa7e649349f90b4840747c4ea403a74/element - {"using":"xpath","value":"//li[.//span[text()=\"Manage Partners\"]]"}
RESULT: {"using":"xpath","value":"//li[.//span[text()=\"Manage Partners\"]]"}
COMMAND: POST /session/6aa7e649349f90b4840747c4ea403a74/element - {"using":"xpath","value":"//li[.//span[text()=\"Manage Partners\"]]"}
RESULT: {"using":"xpath","value":"//li[.//span[text()=\"Manage Partners\"]]"}
COMMAND: POST /session/6aa7e649349f90b4840747c4ea403a74/element - {"using":"css selector","value":"#shell-header-logo"}
RESULT: {"using":"css selector","value":"#shell-header-logo"}
COMMAND: POST /session/6aa7e649349f90b4840747c4ea403a74/element/f.B789F3E8D5EB6317E0B12CBF8AF7BC43.d.AF83F016DCDA2212795412319645AC13.e.7056/click - {}
COMMAND: POST /session/6aa7e649349f90b4840747c4ea403a74/execute/sync - {"script":"<script> [8489 bytes]","args":[{"element-6066-11e4-a52e-4f735466cecf":"f.B789F3E8D5EB6317E0B12CBF8AF7BC43.d.AF83F016DCDA2212795412319645AC13.e.7056","ELEMENT":"f.B789F3E8D5EB6317E0B12CBF8AF7BC43.d.AF83F016DCDA2212795412319645AC13.e.7056"}]}
RESULT: {}
COMMAND: GET /session/6aa7e649349f90b4840747c4ea403a74/screenshot - {}
RESULT: {"script":"<script> [8489 bytes]","args":[{"element-6066-11e4-a52e-4f735466cecf":"f.B789F3E8D5EB6317E0B12CBF8AF7BC43.d.AF83F016DCDA2212795412319645AC13.e.7056","ELEMENT":"f.B789F3E8D5EB6317E0B12CBF8AF7BC43.d.AF83F016DCDA2212795412319645AC13.e.7056"}]}
COMMAND: POST /session/6aa7e649349f90b4840747c4ea403a74/execute/sync - {"script":"<script> [5351 bytes]","args":[{"element-6066-11e4-a52e-4f735466cecf":"f.B789F3E8D5EB6317E0B12CBF8AF7BC43.d.AF83F016DCDA2212795412319645AC13.e.7056","ELEMENT":"f.B789F3E8D5EB6317E0B12CBF8AF7BC43.d.AF83F016DCDA2212795412319645AC13.e.7056"}]}
COMMAND: GET /session/6aa7e649349f90b4840747c4ea403a74/screenshot - {}
RESULT: {}
RESULT: {"script":"<script> [5351 bytes]","args":[{"element-6066-11e4-a52e-4f735466cecf":"f.B789F3E8D5EB6317E0B12CBF8AF7BC43.d.AF83F016DCDA2212795412319645AC13.e.7056","ELEMENT":"f.B789F3E8D5EB6317E0B12CBF8AF7BC43.d.AF83F016DCDA2212795412319645AC13.e.7056"}]}
COMMAND: GET /session/6aa7e649349f90b4840747c4ea403a74/screenshot - {}
RESULT: {}
RESULT: {}
RESULT: undefined
COMMAND: POST /session/6aa7e649349f90b4840747c4ea403a74/element - {"using":"xpath","value":"//*[@id=\"__tile30\"]"}
RESULT: {"using":"xpath","value":"//*[@id=\"__tile30\"]"}
COMMAND: POST /session/6aa7e649349f90b4840747c4ea403a74/element/f.B789F3E8D5EB6317E0B12CBF8AF7BC43.d.AF83F016DCDA2212795412319645AC13.e.4492/click - {}
RESULT: {}
COMMAND: POST /session/6aa7e649349f90b4840747c4ea403a74/element - {"using":"xpath","value":"//button[@data-kt=\"addButton\"]"}
COMMAND: GET /session/6aa7e649349f90b4840747c4ea403a74/screenshot - {}
RESULT: {"using":"xpath","value":"//button[@data-kt=\"addButton\"]"}
COMMAND: POST /session/6aa7e649349f90b4840747c4ea403a74/elements - {"using":"xpath","value":"//button[@data-kt=\"addButton\"]"}
RESULT: {}
RESULT: {"using":"xpath","value":"//button[@data-kt=\"addButton\"]"}
COMMAND: POST /session/6aa7e649349f90b4840747c4ea403a74/elements - {"using":"xpath","value":"//button[@data-kt=\"addButton\"]"}
RESULT: {"using":"xpath","value":"//button[@data-kt=\"addButton\"]"}
COMMAND: POST /session/6aa7e649349f90b4840747c4ea403a74/elements - {"using":"xpath","value":"//button[@data-kt=\"addButton\"]"}
RESULT: {"using":"xpath","value":"//button[@data-kt=\"addButton\"]"}
COMMAND: POST /session/6aa7e649349f90b4840747c4ea403a74/elements - {"using":"xpath","value":"//button[@data-kt=\"addButton\"]"}
RESULT: {"using":"xpath","value":"//button[@data-kt=\"addButton\"]"}
COMMAND: POST /session/6aa7e649349f90b4840747c4ea403a74/elements - {"using":"xpath","value":"//button[@data-kt=\"addButton\"]"}
RESULT: {"using":"xpath","value":"//button[@data-kt=\"addButton\"]"}
COMMAND: POST /session/6aa7e649349f90b4840747c4ea403a74/element - {"using":"xpath","value":"//button[@data-kt=\"addButton\"]"}
RESULT: {"using":"xpath","value":"//button[@data-kt=\"addButton\"]"}
COMMAND: POST /session/6aa7e649349f90b4840747c4ea403a74/execute/sync - {"script":"<script> [8489 bytes]","args":[{"element-6066-11e4-a52e-4f735466cecf":"f.B789F3E8D5EB6317E0B12CBF8AF7BC43.d.AF83F016DCDA2212795412319645AC13.e.7102","ELEMENT":"f.B789F3E8D5EB6317E0B12CBF8AF7BC43.d.AF83F016DCDA2212795412319645AC13.e.7102"}]}
RESULT: {"script":"<script> [8489 bytes]","args":[{"element-6066-11e4-a52e-4f735466cecf":"f.B789F3E8D5EB6317E0B12CBF8AF7BC43.d.AF83F016DCDA2212795412319645AC13.e.7102","ELEMENT":"f.B789F3E8D5EB6317E0B12CBF8AF7BC43.d.AF83F016DCDA2212795412319645AC13.e.7102"}]}
COMMAND: GET /session/6aa7e649349f90b4840747c4ea403a74/element/f.B789F3E8D5EB6317E0B12CBF8AF7BC43.d.AF83F016DCDA2212795412319645AC13.e.7102/enabled - {}
COMMAND: GET /session/6aa7e649349f90b4840747c4ea403a74/screenshot - {}
RESULT: {}
COMMAND: POST /session/6aa7e649349f90b4840747c4ea403a74/execute/sync - {"script":"<script> [8489 bytes]","args":[{"element-6066-11e4-a52e-4f735466cecf":"f.B789F3E8D5EB6317E0B12CBF8AF7BC43.d.AF83F016DCDA2212795412319645AC13.e.7102","ELEMENT":"f.B789F3E8D5EB6317E0B12CBF8AF7BC43.d.AF83F016DCDA2212795412319645AC13.e.7102"}]}
COMMAND: GET /session/6aa7e649349f90b4840747c4ea403a74/screenshot - {}
RESULT: {}
RESULT: {"script":"<script> [8489 bytes]","args":[{"element-6066-11e4-a52e-4f735466cecf":"f.B789F3E8D5EB6317E0B12CBF8AF7BC43.d.AF83F016DCDA2212795412319645AC13.e.7102","ELEMENT":"f.B789F3E8D5EB6317E0B12CBF8AF7BC43.d.AF83F016DCDA2212795412319645AC13.e.7102"}]}
COMMAND: POST /session/6aa7e649349f90b4840747c4ea403a74/execute/sync - {"script":"<script> [5351 bytes]","args":[{"element-6066-11e4-a52e-4f735466cecf":"f.B789F3E8D5EB6317E0B12CBF8AF7BC43.d.AF83F016DCDA2212795412319645AC13.e.7102","ELEMENT":"f.B789F3E8D5EB6317E0B12CBF8AF7BC43.d.AF83F016DCDA2212795412319645AC13.e.7102"}]}
COMMAND: GET /session/6aa7e649349f90b4840747c4ea403a74/screenshot - {}
RESULT: {}
RESULT: {"script":"<script> [5351 bytes]","args":[{"element-6066-11e4-a52e-4f735466cecf":"f.B789F3E8D5EB6317E0B12CBF8AF7BC43.d.AF83F016DCDA2212795412319645AC13.e.7102","ELEMENT":"f.B789F3E8D5EB6317E0B12CBF8AF7BC43.d.AF83F016DCDA2212795412319645AC13.e.7102"}]}
COMMAND: POST /session/6aa7e649349f90b4840747c4ea403a74/element/f.B789F3E8D5EB6317E0B12CBF8AF7BC43.d.AF83F016DCDA2212795412319645AC13.e.7102/click - {}
COMMAND: GET /session/6aa7e649349f90b4840747c4ea403a74/screenshot - {}
RESULT: {}
RESULT: {}
COMMAND: GET /session/6aa7e649349f90b4840747c4ea403a74/screenshot - {}
RESULT: {}
COMMAND: POST /session/6aa7e649349f90b4840747c4ea403a74/element - {"using":"xpath","value":"//button[@data-kt=\"saveButton\"]"}
RESULT: {}
RESULT: {"using":"xpath","value":"//button[@data-kt=\"saveButton\"]"}
COMMAND: POST /session/6aa7e649349f90b4840747c4ea403a74/element/f.B789F3E8D5EB6317E0B12CBF8AF7BC43.d.AF83F016DCDA2212795412319645AC13.e.7484/click - {}
RESULT: {}
COMMAND: GET /session/6aa7e649349f90b4840747c4ea403a74/screenshot - {}
RESULT: {}
COMMAND: POST /session/6aa7e649349f90b4840747c4ea403a74/element - {"using":"xpath","value":"//span[contains(@class, \"sapMMsgBoxText\")]"}
RESULT: {"using":"xpath","value":"//span[contains(@class, \"sapMMsgBoxText\")]"}
COMMAND: POST /session/6aa7e649349f90b4840747c4ea403a74/execute/sync - {"script":"<script> [56 bytes]","args":[{"element-6066-11e4-a52e-4f735466cecf":"f.B789F3E8D5EB6317E0B12CBF8AF7BC43.d.AF83F016DCDA2212795412319645AC13.e.7547","ELEMENT":"f.B789F3E8D5EB6317E0B12CBF8AF7BC43.d.AF83F016DCDA2212795412319645AC13.e.7547"}]}
RESULT: {"script":"<script> [56 bytes]","args":[{"element-6066-11e4-a52e-4f735466cecf":"f.B789F3E8D5EB6317E0B12CBF8AF7BC43.d.AF83F016DCDA2212795412319645AC13.e.7547","ELEMENT":"f.B789F3E8D5EB6317E0B12CBF8AF7BC43.d.AF83F016DCDA2212795412319645AC13.e.7547"}]}
COMMAND: POST /session/6aa7e649349f90b4840747c4ea403a74/element - {"using":"xpath","value":"(//bdi[contains(text(), \"Close\")])[1]"}
COMMAND: POST /session/6aa7e649349f90b4840747c4ea403a74/elements - {"using":"xpath","value":"//span[contains(@class, \"sapMMsgBoxText\")]"}
COMMAND: GET /session/6aa7e649349f90b4840747c4ea403a74/screenshot - {}
RESULT: {}
RESULT: {"using":"xpath","value":"//span[contains(@class, \"sapMMsgBoxText\")]"}
RESULT: {"using":"xpath","value":"(//bdi[contains(text(), \"Close\")])[1]"}
COMMAND: POST /session/6aa7e649349f90b4840747c4ea403a74/element/f.B789F3E8D5EB6317E0B12CBF8AF7BC43.d.AF83F016DCDA2212795412319645AC13.e.7548/click - {}
RESULT: {}
COMMAND: GET /session/6aa7e649349f90b4840747c4ea403a74/screenshot - {}
RESULT: {}
COMMAND: POST /session/6aa7e649349f90b4840747c4ea403a74/element - {"using":"css selector","value":"#shell-header-logo"}
RESULT: {"using":"css selector","value":"#shell-header-logo"}
COMMAND: POST /session/6aa7e649349f90b4840747c4ea403a74/element/f.B789F3E8D5EB6317E0B12CBF8AF7BC43.d.AF83F016DCDA2212795412319645AC13.e.7056/click - {}
RESULT: {}
COMMAND: GET /session/6aa7e649349f90b4840747c4ea403a74/screenshot - {}
RESULT: {}
]]></system-out>
    </testcase>
    <testcase classname="chrome.135_0_7049_96.windows.Partner_specific_tests_US150819_US151080_US151654_US151176_US103444_US151078_US151079_US151109_US151174_US151175_US151189" name="Should do various searches US151175" time="114.558">
      <skipped />
      <system-out><![CDATA[
COMMAND: POST /session/6aa7e649349f90b4840747c4ea403a74/element - {"using":"xpath","value":"//li[.//span[text()=\"Manage Partners\"]]"}
RESULT: {"using":"xpath","value":"//li[.//span[text()=\"Manage Partners\"]]"}
COMMAND: POST /session/6aa7e649349f90b4840747c4ea403a74/element - {"using":"xpath","value":"//li[.//span[text()=\"Manage Partners\"]]"}
RESULT: {"using":"xpath","value":"//li[.//span[text()=\"Manage Partners\"]]"}
COMMAND: POST /session/6aa7e649349f90b4840747c4ea403a74/element - {"using":"css selector","value":"#shell-header-logo"}
RESULT: {"using":"css selector","value":"#shell-header-logo"}
COMMAND: POST /session/6aa7e649349f90b4840747c4ea403a74/element/f.B789F3E8D5EB6317E0B12CBF8AF7BC43.d.AF83F016DCDA2212795412319645AC13.e.7550/click - {}
COMMAND: POST /session/6aa7e649349f90b4840747c4ea403a74/execute/sync - {"script":"<script> [8489 bytes]","args":[{"element-6066-11e4-a52e-4f735466cecf":"f.B789F3E8D5EB6317E0B12CBF8AF7BC43.d.AF83F016DCDA2212795412319645AC13.e.7550","ELEMENT":"f.B789F3E8D5EB6317E0B12CBF8AF7BC43.d.AF83F016DCDA2212795412319645AC13.e.7550"}]}
RESULT: {}
COMMAND: GET /session/6aa7e649349f90b4840747c4ea403a74/screenshot - {}
RESULT: {"script":"<script> [8489 bytes]","args":[{"element-6066-11e4-a52e-4f735466cecf":"f.B789F3E8D5EB6317E0B12CBF8AF7BC43.d.AF83F016DCDA2212795412319645AC13.e.7550","ELEMENT":"f.B789F3E8D5EB6317E0B12CBF8AF7BC43.d.AF83F016DCDA2212795412319645AC13.e.7550"}]}
COMMAND: POST /session/6aa7e649349f90b4840747c4ea403a74/execute/sync - {"script":"<script> [5351 bytes]","args":[{"element-6066-11e4-a52e-4f735466cecf":"f.B789F3E8D5EB6317E0B12CBF8AF7BC43.d.AF83F016DCDA2212795412319645AC13.e.7550","ELEMENT":"f.B789F3E8D5EB6317E0B12CBF8AF7BC43.d.AF83F016DCDA2212795412319645AC13.e.7550"}]}
COMMAND: GET /session/6aa7e649349f90b4840747c4ea403a74/screenshot - {}
RESULT: {}
RESULT: {"script":"<script> [5351 bytes]","args":[{"element-6066-11e4-a52e-4f735466cecf":"f.B789F3E8D5EB6317E0B12CBF8AF7BC43.d.AF83F016DCDA2212795412319645AC13.e.7550","ELEMENT":"f.B789F3E8D5EB6317E0B12CBF8AF7BC43.d.AF83F016DCDA2212795412319645AC13.e.7550"}]}
COMMAND: GET /session/6aa7e649349f90b4840747c4ea403a74/screenshot - {}
RESULT: {}
RESULT: {}
RESULT: undefined
COMMAND: POST /session/6aa7e649349f90b4840747c4ea403a74/element - {"using":"xpath","value":"//*[@id=\"__tile30\"]"}
RESULT: {"using":"xpath","value":"//*[@id=\"__tile30\"]"}
COMMAND: POST /session/6aa7e649349f90b4840747c4ea403a74/element/f.B789F3E8D5EB6317E0B12CBF8AF7BC43.d.AF83F016DCDA2212795412319645AC13.e.4492/click - {}
RESULT: {}
COMMAND: POST /session/6aa7e649349f90b4840747c4ea403a74/element - {"using":"xpath","value":"//button[@data-kt=\"addButton\"]"}
COMMAND: GET /session/6aa7e649349f90b4840747c4ea403a74/screenshot - {}
RESULT: {"using":"xpath","value":"//button[@data-kt=\"addButton\"]"}
COMMAND: POST /session/6aa7e649349f90b4840747c4ea403a74/elements - {"using":"xpath","value":"//button[@data-kt=\"addButton\"]"}
RESULT: {}
RESULT: {"using":"xpath","value":"//button[@data-kt=\"addButton\"]"}
COMMAND: POST /session/6aa7e649349f90b4840747c4ea403a74/element - {"using":"xpath","value":"//button[@data-kt=\"addButton\"]"}
RESULT: {"using":"xpath","value":"//button[@data-kt=\"addButton\"]"}
COMMAND: POST /session/6aa7e649349f90b4840747c4ea403a74/execute/sync - {"script":"<script> [8489 bytes]","args":[{"element-6066-11e4-a52e-4f735466cecf":"f.B789F3E8D5EB6317E0B12CBF8AF7BC43.d.AF83F016DCDA2212795412319645AC13.e.7595","ELEMENT":"f.B789F3E8D5EB6317E0B12CBF8AF7BC43.d.AF83F016DCDA2212795412319645AC13.e.7595"}]}
RESULT: {"script":"<script> [8489 bytes]","args":[{"element-6066-11e4-a52e-4f735466cecf":"f.B789F3E8D5EB6317E0B12CBF8AF7BC43.d.AF83F016DCDA2212795412319645AC13.e.7595","ELEMENT":"f.B789F3E8D5EB6317E0B12CBF8AF7BC43.d.AF83F016DCDA2212795412319645AC13.e.7595"}]}
COMMAND: GET /session/6aa7e649349f90b4840747c4ea403a74/element/f.B789F3E8D5EB6317E0B12CBF8AF7BC43.d.AF83F016DCDA2212795412319645AC13.e.7595/enabled - {}
COMMAND: GET /session/6aa7e649349f90b4840747c4ea403a74/screenshot - {}
RESULT: {}
COMMAND: POST /session/6aa7e649349f90b4840747c4ea403a74/execute/sync - {"script":"<script> [8489 bytes]","args":[{"element-6066-11e4-a52e-4f735466cecf":"f.B789F3E8D5EB6317E0B12CBF8AF7BC43.d.AF83F016DCDA2212795412319645AC13.e.7595","ELEMENT":"f.B789F3E8D5EB6317E0B12CBF8AF7BC43.d.AF83F016DCDA2212795412319645AC13.e.7595"}]}
COMMAND: GET /session/6aa7e649349f90b4840747c4ea403a74/screenshot - {}
RESULT: {}
RESULT: {"script":"<script> [8489 bytes]","args":[{"element-6066-11e4-a52e-4f735466cecf":"f.B789F3E8D5EB6317E0B12CBF8AF7BC43.d.AF83F016DCDA2212795412319645AC13.e.7595","ELEMENT":"f.B789F3E8D5EB6317E0B12CBF8AF7BC43.d.AF83F016DCDA2212795412319645AC13.e.7595"}]}
COMMAND: POST /session/6aa7e649349f90b4840747c4ea403a74/execute/sync - {"script":"<script> [5351 bytes]","args":[{"element-6066-11e4-a52e-4f735466cecf":"f.B789F3E8D5EB6317E0B12CBF8AF7BC43.d.AF83F016DCDA2212795412319645AC13.e.7595","ELEMENT":"f.B789F3E8D5EB6317E0B12CBF8AF7BC43.d.AF83F016DCDA2212795412319645AC13.e.7595"}]}
COMMAND: GET /session/6aa7e649349f90b4840747c4ea403a74/screenshot - {}
RESULT: {}
RESULT: {"script":"<script> [5351 bytes]","args":[{"element-6066-11e4-a52e-4f735466cecf":"f.B789F3E8D5EB6317E0B12CBF8AF7BC43.d.AF83F016DCDA2212795412319645AC13.e.7595","ELEMENT":"f.B789F3E8D5EB6317E0B12CBF8AF7BC43.d.AF83F016DCDA2212795412319645AC13.e.7595"}]}
COMMAND: GET /session/6aa7e649349f90b4840747c4ea403a74/screenshot - {}
RESULT: {}
RESULT: {}
COMMAND: POST /session/6aa7e649349f90b4840747c4ea403a74/element - {"using":"xpath","value":"//span[@id=\"application-managepartners-display-component---masterPtm--smartTable-header-inner\"]"}
RESULT: {"using":"xpath","value":"//span[@id=\"application-managepartners-display-component---masterPtm--smartTable-header-inner\"]"}
COMMAND: POST /session/6aa7e649349f90b4840747c4ea403a74/elements - {"using":"xpath","value":"//span[@id=\"application-managepartners-display-component---masterPtm--smartTable-header-inner\"]"}
RESULT: {"using":"xpath","value":"//span[@id=\"application-managepartners-display-component---masterPtm--smartTable-header-inner\"]"}
COMMAND: POST /session/6aa7e649349f90b4840747c4ea403a74/execute/sync - {"script":"<script> [56 bytes]","args":[{"element-6066-11e4-a52e-4f735466cecf":"f.B789F3E8D5EB6317E0B12CBF8AF7BC43.d.AF83F016DCDA2212795412319645AC13.e.7719","ELEMENT":"f.B789F3E8D5EB6317E0B12CBF8AF7BC43.d.AF83F016DCDA2212795412319645AC13.e.7719"}]}
RESULT: {"script":"<script> [56 bytes]","args":[{"element-6066-11e4-a52e-4f735466cecf":"f.B789F3E8D5EB6317E0B12CBF8AF7BC43.d.AF83F016DCDA2212795412319645AC13.e.7719","ELEMENT":"f.B789F3E8D5EB6317E0B12CBF8AF7BC43.d.AF83F016DCDA2212795412319645AC13.e.7719"}]}
RESULT: undefined
COMMAND: POST /session/6aa7e649349f90b4840747c4ea403a74/element - {"using":"xpath","value":"//*[@id=\"application-managepartners-display-component---masterPtm--smartFilterBar-btnFilters\"]"}
COMMAND: GET /session/6aa7e649349f90b4840747c4ea403a74/screenshot - {}
RESULT: {"using":"xpath","value":"//*[@id=\"application-managepartners-display-component---masterPtm--smartFilterBar-btnFilters\"]"}
COMMAND: POST /session/6aa7e649349f90b4840747c4ea403a74/element/f.B789F3E8D5EB6317E0B12CBF8AF7BC43.d.AF83F016DCDA2212795412319645AC13.e.7572/click - {}
RESULT: {}
RESULT: {}
COMMAND: GET /session/6aa7e649349f90b4840747c4ea403a74/screenshot - {}
RESULT: {}
COMMAND: POST /session/6aa7e649349f90b4840747c4ea403a74/elements - {"using":"xpath","value":"//table[contains(@id, \"listView-innerSelectionPanelTable-listUl\")]/tbody/tr"}
RESULT: {"using":"xpath","value":"//table[contains(@id, \"listView-innerSelectionPanelTable-listUl\")]/tbody/tr"}
COMMAND: POST /session/6aa7e649349f90b4840747c4ea403a74/element - {"using":"xpath","value":"//table[contains(@id, \"listView-innerSelectionPanelTable-listUl\")]/tbody/tr[2]/td[2]/div/div"}
RESULT: {"using":"xpath","value":"//table[contains(@id, \"listView-innerSelectionPanelTable-listUl\")]/tbody/tr[2]/td[2]/div/div"}
COMMAND: POST /session/6aa7e649349f90b4840747c4ea403a74/element - {"using":"xpath","value":"//table[contains(@id, \"listView-innerSelectionPanelTable-listUl\")]/tbody/tr[2]/td[2]/div"}
RESULT: {"using":"xpath","value":"//table[contains(@id, \"listView-innerSelectionPanelTable-listUl\")]/tbody/tr[2]/td[2]/div"}
COMMAND: POST /session/6aa7e649349f90b4840747c4ea403a74/element - {"using":"xpath","value":"//table[contains(@id, \"listView-innerSelectionPanelTable-listUl\")]/tbody/tr[2]/td[3]/div/div/span/span[1]/bdi"}
RESULT: {"using":"xpath","value":"//table[contains(@id, \"listView-innerSelectionPanelTable-listUl\")]/tbody/tr[2]/td[3]/div/div/span/span[1]/bdi"}
COMMAND: POST /session/6aa7e649349f90b4840747c4ea403a74/execute/sync - {"script":"<script> [56 bytes]","args":[{"element-6066-11e4-a52e-4f735466cecf":"f.B789F3E8D5EB6317E0B12CBF8AF7BC43.d.AF83F016DCDA2212795412319645AC13.e.7787","ELEMENT":"f.B789F3E8D5EB6317E0B12CBF8AF7BC43.d.AF83F016DCDA2212795412319645AC13.e.7787"}]}
RESULT: {"script":"<script> [56 bytes]","args":[{"element-6066-11e4-a52e-4f735466cecf":"f.B789F3E8D5EB6317E0B12CBF8AF7BC43.d.AF83F016DCDA2212795412319645AC13.e.7787","ELEMENT":"f.B789F3E8D5EB6317E0B12CBF8AF7BC43.d.AF83F016DCDA2212795412319645AC13.e.7787"}]}
COMMAND: GET /session/6aa7e649349f90b4840747c4ea403a74/element/f.B789F3E8D5EB6317E0B12CBF8AF7BC43.d.AF83F016DCDA2212795412319645AC13.e.7786/attribute/aria-checked - {}
COMMAND: GET /session/6aa7e649349f90b4840747c4ea403a74/screenshot - {}
RESULT: {}
COMMAND: POST /session/6aa7e649349f90b4840747c4ea403a74/element - {"using":"xpath","value":"//table[contains(@id, \"listView-innerSelectionPanelTable-listUl\")]/tbody/tr[3]/td[2]/div/div"}
RESULT: {}
RESULT: {"using":"xpath","value":"//table[contains(@id, \"listView-innerSelectionPanelTable-listUl\")]/tbody/tr[3]/td[2]/div/div"}
COMMAND: POST /session/6aa7e649349f90b4840747c4ea403a74/element - {"using":"xpath","value":"//table[contains(@id, \"listView-innerSelectionPanelTable-listUl\")]/tbody/tr[3]/td[2]/div"}
RESULT: {"using":"xpath","value":"//table[contains(@id, \"listView-innerSelectionPanelTable-listUl\")]/tbody/tr[3]/td[2]/div"}
COMMAND: POST /session/6aa7e649349f90b4840747c4ea403a74/element - {"using":"xpath","value":"//table[contains(@id, \"listView-innerSelectionPanelTable-listUl\")]/tbody/tr[3]/td[3]/div/div/span/span[1]/bdi"}
RESULT: {"using":"xpath","value":"//table[contains(@id, \"listView-innerSelectionPanelTable-listUl\")]/tbody/tr[3]/td[3]/div/div/span/span[1]/bdi"}
COMMAND: POST /session/6aa7e649349f90b4840747c4ea403a74/execute/sync - {"script":"<script> [56 bytes]","args":[{"element-6066-11e4-a52e-4f735466cecf":"f.B789F3E8D5EB6317E0B12CBF8AF7BC43.d.AF83F016DCDA2212795412319645AC13.e.7790","ELEMENT":"f.B789F3E8D5EB6317E0B12CBF8AF7BC43.d.AF83F016DCDA2212795412319645AC13.e.7790"}]}
RESULT: {"script":"<script> [56 bytes]","args":[{"element-6066-11e4-a52e-4f735466cecf":"f.B789F3E8D5EB6317E0B12CBF8AF7BC43.d.AF83F016DCDA2212795412319645AC13.e.7790","ELEMENT":"f.B789F3E8D5EB6317E0B12CBF8AF7BC43.d.AF83F016DCDA2212795412319645AC13.e.7790"}]}
COMMAND: GET /session/6aa7e649349f90b4840747c4ea403a74/element/f.B789F3E8D5EB6317E0B12CBF8AF7BC43.d.AF83F016DCDA2212795412319645AC13.e.7789/attribute/aria-checked - {}
COMMAND: GET /session/6aa7e649349f90b4840747c4ea403a74/screenshot - {}
RESULT: {}
COMMAND: POST /session/6aa7e649349f90b4840747c4ea403a74/element - {"using":"xpath","value":"//table[contains(@id, \"listView-innerSelectionPanelTable-listUl\")]/tbody/tr[4]/td[2]/div/div"}
RESULT: {}
RESULT: {"using":"xpath","value":"//table[contains(@id, \"listView-innerSelectionPanelTable-listUl\")]/tbody/tr[4]/td[2]/div/div"}
COMMAND: POST /session/6aa7e649349f90b4840747c4ea403a74/element - {"using":"xpath","value":"//table[contains(@id, \"listView-innerSelectionPanelTable-listUl\")]/tbody/tr[4]/td[2]/div"}
RESULT: {"using":"xpath","value":"//table[contains(@id, \"listView-innerSelectionPanelTable-listUl\")]/tbody/tr[4]/td[2]/div"}
COMMAND: POST /session/6aa7e649349f90b4840747c4ea403a74/element - {"using":"xpath","value":"//table[contains(@id, \"listView-innerSelectionPanelTable-listUl\")]/tbody/tr[4]/td[3]/div/div/span/span[1]/bdi"}
RESULT: {"using":"xpath","value":"//table[contains(@id, \"listView-innerSelectionPanelTable-listUl\")]/tbody/tr[4]/td[3]/div/div/span/span[1]/bdi"}
COMMAND: POST /session/6aa7e649349f90b4840747c4ea403a74/execute/sync - {"script":"<script> [56 bytes]","args":[{"element-6066-11e4-a52e-4f735466cecf":"f.B789F3E8D5EB6317E0B12CBF8AF7BC43.d.AF83F016DCDA2212795412319645AC13.e.7793","ELEMENT":"f.B789F3E8D5EB6317E0B12CBF8AF7BC43.d.AF83F016DCDA2212795412319645AC13.e.7793"}]}
RESULT: {"script":"<script> [56 bytes]","args":[{"element-6066-11e4-a52e-4f735466cecf":"f.B789F3E8D5EB6317E0B12CBF8AF7BC43.d.AF83F016DCDA2212795412319645AC13.e.7793","ELEMENT":"f.B789F3E8D5EB6317E0B12CBF8AF7BC43.d.AF83F016DCDA2212795412319645AC13.e.7793"}]}
COMMAND: GET /session/6aa7e649349f90b4840747c4ea403a74/element/f.B789F3E8D5EB6317E0B12CBF8AF7BC43.d.AF83F016DCDA2212795412319645AC13.e.7792/attribute/aria-checked - {}
COMMAND: GET /session/6aa7e649349f90b4840747c4ea403a74/screenshot - {}
RESULT: {}
COMMAND: POST /session/6aa7e649349f90b4840747c4ea403a74/element - {"using":"xpath","value":"//table[contains(@id, \"listView-innerSelectionPanelTable-listUl\")]/tbody/tr[5]/td[2]/div/div"}
RESULT: {}
RESULT: {"using":"xpath","value":"//table[contains(@id, \"listView-innerSelectionPanelTable-listUl\")]/tbody/tr[5]/td[2]/div/div"}
COMMAND: POST /session/6aa7e649349f90b4840747c4ea403a74/element - {"using":"xpath","value":"//table[contains(@id, \"listView-innerSelectionPanelTable-listUl\")]/tbody/tr[5]/td[2]/div"}
RESULT: {"using":"xpath","value":"//table[contains(@id, \"listView-innerSelectionPanelTable-listUl\")]/tbody/tr[5]/td[2]/div"}
COMMAND: POST /session/6aa7e649349f90b4840747c4ea403a74/element - {"using":"xpath","value":"//table[contains(@id, \"listView-innerSelectionPanelTable-listUl\")]/tbody/tr[5]/td[3]/div/div/span/span[1]/bdi"}
RESULT: {"using":"xpath","value":"//table[contains(@id, \"listView-innerSelectionPanelTable-listUl\")]/tbody/tr[5]/td[3]/div/div/span/span[1]/bdi"}
COMMAND: POST /session/6aa7e649349f90b4840747c4ea403a74/execute/sync - {"script":"<script> [56 bytes]","args":[{"element-6066-11e4-a52e-4f735466cecf":"f.B789F3E8D5EB6317E0B12CBF8AF7BC43.d.AF83F016DCDA2212795412319645AC13.e.7796","ELEMENT":"f.B789F3E8D5EB6317E0B12CBF8AF7BC43.d.AF83F016DCDA2212795412319645AC13.e.7796"}]}
RESULT: {"script":"<script> [56 bytes]","args":[{"element-6066-11e4-a52e-4f735466cecf":"f.B789F3E8D5EB6317E0B12CBF8AF7BC43.d.AF83F016DCDA2212795412319645AC13.e.7796","ELEMENT":"f.B789F3E8D5EB6317E0B12CBF8AF7BC43.d.AF83F016DCDA2212795412319645AC13.e.7796"}]}
COMMAND: GET /session/6aa7e649349f90b4840747c4ea403a74/element/f.B789F3E8D5EB6317E0B12CBF8AF7BC43.d.AF83F016DCDA2212795412319645AC13.e.7795/attribute/aria-checked - {}
COMMAND: GET /session/6aa7e649349f90b4840747c4ea403a74/screenshot - {}
RESULT: {}
COMMAND: POST /session/6aa7e649349f90b4840747c4ea403a74/element - {"using":"xpath","value":"//table[contains(@id, \"listView-innerSelectionPanelTable-listUl\")]/tbody/tr[6]/td[2]/div/div"}
RESULT: {}
RESULT: {"using":"xpath","value":"//table[contains(@id, \"listView-innerSelectionPanelTable-listUl\")]/tbody/tr[6]/td[2]/div/div"}
COMMAND: POST /session/6aa7e649349f90b4840747c4ea403a74/element - {"using":"xpath","value":"//table[contains(@id, \"listView-innerSelectionPanelTable-listUl\")]/tbody/tr[6]/td[2]/div"}
RESULT: {"using":"xpath","value":"//table[contains(@id, \"listView-innerSelectionPanelTable-listUl\")]/tbody/tr[6]/td[2]/div"}
COMMAND: POST /session/6aa7e649349f90b4840747c4ea403a74/element - {"using":"xpath","value":"//table[contains(@id, \"listView-innerSelectionPanelTable-listUl\")]/tbody/tr[6]/td[3]/div/div/span/span[1]/bdi"}
RESULT: {"using":"xpath","value":"//table[contains(@id, \"listView-innerSelectionPanelTable-listUl\")]/tbody/tr[6]/td[3]/div/div/span/span[1]/bdi"}
COMMAND: POST /session/6aa7e649349f90b4840747c4ea403a74/execute/sync - {"script":"<script> [56 bytes]","args":[{"element-6066-11e4-a52e-4f735466cecf":"f.B789F3E8D5EB6317E0B12CBF8AF7BC43.d.AF83F016DCDA2212795412319645AC13.e.7799","ELEMENT":"f.B789F3E8D5EB6317E0B12CBF8AF7BC43.d.AF83F016DCDA2212795412319645AC13.e.7799"}]}
RESULT: {"script":"<script> [56 bytes]","args":[{"element-6066-11e4-a52e-4f735466cecf":"f.B789F3E8D5EB6317E0B12CBF8AF7BC43.d.AF83F016DCDA2212795412319645AC13.e.7799","ELEMENT":"f.B789F3E8D5EB6317E0B12CBF8AF7BC43.d.AF83F016DCDA2212795412319645AC13.e.7799"}]}
COMMAND: GET /session/6aa7e649349f90b4840747c4ea403a74/element/f.B789F3E8D5EB6317E0B12CBF8AF7BC43.d.AF83F016DCDA2212795412319645AC13.e.7798/attribute/aria-checked - {}
COMMAND: GET /session/6aa7e649349f90b4840747c4ea403a74/screenshot - {}
RESULT: {}
COMMAND: POST /session/6aa7e649349f90b4840747c4ea403a74/element - {"using":"xpath","value":"//table[contains(@id, \"listView-innerSelectionPanelTable-listUl\")]/tbody/tr[7]/td[2]/div/div"}
RESULT: {}
RESULT: {"using":"xpath","value":"//table[contains(@id, \"listView-innerSelectionPanelTable-listUl\")]/tbody/tr[7]/td[2]/div/div"}
COMMAND: POST /session/6aa7e649349f90b4840747c4ea403a74/element - {"using":"xpath","value":"//table[contains(@id, \"listView-innerSelectionPanelTable-listUl\")]/tbody/tr[7]/td[2]/div"}
RESULT: {"using":"xpath","value":"//table[contains(@id, \"listView-innerSelectionPanelTable-listUl\")]/tbody/tr[7]/td[2]/div"}
COMMAND: POST /session/6aa7e649349f90b4840747c4ea403a74/element - {"using":"xpath","value":"//table[contains(@id, \"listView-innerSelectionPanelTable-listUl\")]/tbody/tr[7]/td[3]/div/div/span/span[1]/bdi"}
RESULT: {"using":"xpath","value":"//table[contains(@id, \"listView-innerSelectionPanelTable-listUl\")]/tbody/tr[7]/td[3]/div/div/span/span[1]/bdi"}
COMMAND: POST /session/6aa7e649349f90b4840747c4ea403a74/execute/sync - {"script":"<script> [56 bytes]","args":[{"element-6066-11e4-a52e-4f735466cecf":"f.B789F3E8D5EB6317E0B12CBF8AF7BC43.d.AF83F016DCDA2212795412319645AC13.e.7802","ELEMENT":"f.B789F3E8D5EB6317E0B12CBF8AF7BC43.d.AF83F016DCDA2212795412319645AC13.e.7802"}]}
RESULT: {"script":"<script> [56 bytes]","args":[{"element-6066-11e4-a52e-4f735466cecf":"f.B789F3E8D5EB6317E0B12CBF8AF7BC43.d.AF83F016DCDA2212795412319645AC13.e.7802","ELEMENT":"f.B789F3E8D5EB6317E0B12CBF8AF7BC43.d.AF83F016DCDA2212795412319645AC13.e.7802"}]}
COMMAND: GET /session/6aa7e649349f90b4840747c4ea403a74/element/f.B789F3E8D5EB6317E0B12CBF8AF7BC43.d.AF83F016DCDA2212795412319645AC13.e.7801/attribute/aria-checked - {}
COMMAND: GET /session/6aa7e649349f90b4840747c4ea403a74/screenshot - {}
RESULT: {}
COMMAND: POST /session/6aa7e649349f90b4840747c4ea403a74/element - {"using":"xpath","value":"//table[contains(@id, \"listView-innerSelectionPanelTable-listUl\")]/tbody/tr[8]/td[2]/div/div"}
RESULT: {}
RESULT: {"using":"xpath","value":"//table[contains(@id, \"listView-innerSelectionPanelTable-listUl\")]/tbody/tr[8]/td[2]/div/div"}
COMMAND: POST /session/6aa7e649349f90b4840747c4ea403a74/element - {"using":"xpath","value":"//table[contains(@id, \"listView-innerSelectionPanelTable-listUl\")]/tbody/tr[8]/td[2]/div"}
RESULT: {"using":"xpath","value":"//table[contains(@id, \"listView-innerSelectionPanelTable-listUl\")]/tbody/tr[8]/td[2]/div"}
COMMAND: POST /session/6aa7e649349f90b4840747c4ea403a74/element - {"using":"xpath","value":"//table[contains(@id, \"listView-innerSelectionPanelTable-listUl\")]/tbody/tr[8]/td[3]/div/div/span/span[1]/bdi"}
RESULT: {"using":"xpath","value":"//table[contains(@id, \"listView-innerSelectionPanelTable-listUl\")]/tbody/tr[8]/td[3]/div/div/span/span[1]/bdi"}
COMMAND: POST /session/6aa7e649349f90b4840747c4ea403a74/execute/sync - {"script":"<script> [56 bytes]","args":[{"element-6066-11e4-a52e-4f735466cecf":"f.B789F3E8D5EB6317E0B12CBF8AF7BC43.d.AF83F016DCDA2212795412319645AC13.e.7805","ELEMENT":"f.B789F3E8D5EB6317E0B12CBF8AF7BC43.d.AF83F016DCDA2212795412319645AC13.e.7805"}]}
RESULT: {"script":"<script> [56 bytes]","args":[{"element-6066-11e4-a52e-4f735466cecf":"f.B789F3E8D5EB6317E0B12CBF8AF7BC43.d.AF83F016DCDA2212795412319645AC13.e.7805","ELEMENT":"f.B789F3E8D5EB6317E0B12CBF8AF7BC43.d.AF83F016DCDA2212795412319645AC13.e.7805"}]}
COMMAND: GET /session/6aa7e649349f90b4840747c4ea403a74/element/f.B789F3E8D5EB6317E0B12CBF8AF7BC43.d.AF83F016DCDA2212795412319645AC13.e.7804/attribute/aria-checked - {}
COMMAND: GET /session/6aa7e649349f90b4840747c4ea403a74/screenshot - {}
RESULT: {}
COMMAND: POST /session/6aa7e649349f90b4840747c4ea403a74/element - {"using":"xpath","value":"//table[contains(@id, \"listView-innerSelectionPanelTable-listUl\")]/tbody/tr[9]/td[2]/div/div"}
RESULT: {}
RESULT: {"using":"xpath","value":"//table[contains(@id, \"listView-innerSelectionPanelTable-listUl\")]/tbody/tr[9]/td[2]/div/div"}
COMMAND: POST /session/6aa7e649349f90b4840747c4ea403a74/element - {"using":"xpath","value":"//table[contains(@id, \"listView-innerSelectionPanelTable-listUl\")]/tbody/tr[9]/td[2]/div"}
RESULT: {"using":"xpath","value":"//table[contains(@id, \"listView-innerSelectionPanelTable-listUl\")]/tbody/tr[9]/td[2]/div"}
COMMAND: POST /session/6aa7e649349f90b4840747c4ea403a74/element - {"using":"xpath","value":"//table[contains(@id, \"listView-innerSelectionPanelTable-listUl\")]/tbody/tr[9]/td[3]/div/div/span/span[1]/bdi"}
RESULT: {"using":"xpath","value":"//table[contains(@id, \"listView-innerSelectionPanelTable-listUl\")]/tbody/tr[9]/td[3]/div/div/span/span[1]/bdi"}
COMMAND: POST /session/6aa7e649349f90b4840747c4ea403a74/execute/sync - {"script":"<script> [56 bytes]","args":[{"element-6066-11e4-a52e-4f735466cecf":"f.B789F3E8D5EB6317E0B12CBF8AF7BC43.d.AF83F016DCDA2212795412319645AC13.e.7808","ELEMENT":"f.B789F3E8D5EB6317E0B12CBF8AF7BC43.d.AF83F016DCDA2212795412319645AC13.e.7808"}]}
RESULT: {"script":"<script> [56 bytes]","args":[{"element-6066-11e4-a52e-4f735466cecf":"f.B789F3E8D5EB6317E0B12CBF8AF7BC43.d.AF83F016DCDA2212795412319645AC13.e.7808","ELEMENT":"f.B789F3E8D5EB6317E0B12CBF8AF7BC43.d.AF83F016DCDA2212795412319645AC13.e.7808"}]}
COMMAND: GET /session/6aa7e649349f90b4840747c4ea403a74/element/f.B789F3E8D5EB6317E0B12CBF8AF7BC43.d.AF83F016DCDA2212795412319645AC13.e.7807/attribute/aria-checked - {}
COMMAND: GET /session/6aa7e649349f90b4840747c4ea403a74/screenshot - {}
RESULT: {}
COMMAND: POST /session/6aa7e649349f90b4840747c4ea403a74/element - {"using":"xpath","value":"//table[contains(@id, \"listView-innerSelectionPanelTable-listUl\")]/tbody/tr[10]/td[2]/div/div"}
RESULT: {}
RESULT: {"using":"xpath","value":"//table[contains(@id, \"listView-innerSelectionPanelTable-listUl\")]/tbody/tr[10]/td[2]/div/div"}
COMMAND: POST /session/6aa7e649349f90b4840747c4ea403a74/element - {"using":"xpath","value":"//table[contains(@id, \"listView-innerSelectionPanelTable-listUl\")]/tbody/tr[10]/td[2]/div"}
RESULT: {"using":"xpath","value":"//table[contains(@id, \"listView-innerSelectionPanelTable-listUl\")]/tbody/tr[10]/td[2]/div"}
COMMAND: POST /session/6aa7e649349f90b4840747c4ea403a74/element - {"using":"xpath","value":"//table[contains(@id, \"listView-innerSelectionPanelTable-listUl\")]/tbody/tr[10]/td[3]/div/div/span/span[1]/bdi"}
RESULT: {"using":"xpath","value":"//table[contains(@id, \"listView-innerSelectionPanelTable-listUl\")]/tbody/tr[10]/td[3]/div/div/span/span[1]/bdi"}
COMMAND: POST /session/6aa7e649349f90b4840747c4ea403a74/execute/sync - {"script":"<script> [56 bytes]","args":[{"element-6066-11e4-a52e-4f735466cecf":"f.B789F3E8D5EB6317E0B12CBF8AF7BC43.d.AF83F016DCDA2212795412319645AC13.e.7811","ELEMENT":"f.B789F3E8D5EB6317E0B12CBF8AF7BC43.d.AF83F016DCDA2212795412319645AC13.e.7811"}]}
RESULT: {"script":"<script> [56 bytes]","args":[{"element-6066-11e4-a52e-4f735466cecf":"f.B789F3E8D5EB6317E0B12CBF8AF7BC43.d.AF83F016DCDA2212795412319645AC13.e.7811","ELEMENT":"f.B789F3E8D5EB6317E0B12CBF8AF7BC43.d.AF83F016DCDA2212795412319645AC13.e.7811"}]}
COMMAND: GET /session/6aa7e649349f90b4840747c4ea403a74/element/f.B789F3E8D5EB6317E0B12CBF8AF7BC43.d.AF83F016DCDA2212795412319645AC13.e.7810/attribute/aria-checked - {}
COMMAND: GET /session/6aa7e649349f90b4840747c4ea403a74/screenshot - {}
RESULT: {}
COMMAND: POST /session/6aa7e649349f90b4840747c4ea403a74/element - {"using":"xpath","value":"//table[contains(@id, \"listView-innerSelectionPanelTable-listUl\")]/tbody/tr[11]/td[2]/div/div"}
RESULT: {}
RESULT: {"using":"xpath","value":"//table[contains(@id, \"listView-innerSelectionPanelTable-listUl\")]/tbody/tr[11]/td[2]/div/div"}
COMMAND: POST /session/6aa7e649349f90b4840747c4ea403a74/element - {"using":"xpath","value":"//table[contains(@id, \"listView-innerSelectionPanelTable-listUl\")]/tbody/tr[11]/td[2]/div"}
RESULT: {"using":"xpath","value":"//table[contains(@id, \"listView-innerSelectionPanelTable-listUl\")]/tbody/tr[11]/td[2]/div"}
COMMAND: POST /session/6aa7e649349f90b4840747c4ea403a74/element - {"using":"xpath","value":"//table[contains(@id, \"listView-innerSelectionPanelTable-listUl\")]/tbody/tr[11]/td[3]/div/div/span/span[1]/bdi"}
RESULT: {"using":"xpath","value":"//table[contains(@id, \"listView-innerSelectionPanelTable-listUl\")]/tbody/tr[11]/td[3]/div/div/span/span[1]/bdi"}
COMMAND: POST /session/6aa7e649349f90b4840747c4ea403a74/execute/sync - {"script":"<script> [56 bytes]","args":[{"element-6066-11e4-a52e-4f735466cecf":"f.B789F3E8D5EB6317E0B12CBF8AF7BC43.d.AF83F016DCDA2212795412319645AC13.e.7814","ELEMENT":"f.B789F3E8D5EB6317E0B12CBF8AF7BC43.d.AF83F016DCDA2212795412319645AC13.e.7814"}]}
RESULT: {"script":"<script> [56 bytes]","args":[{"element-6066-11e4-a52e-4f735466cecf":"f.B789F3E8D5EB6317E0B12CBF8AF7BC43.d.AF83F016DCDA2212795412319645AC13.e.7814","ELEMENT":"f.B789F3E8D5EB6317E0B12CBF8AF7BC43.d.AF83F016DCDA2212795412319645AC13.e.7814"}]}
COMMAND: GET /session/6aa7e649349f90b4840747c4ea403a74/element/f.B789F3E8D5EB6317E0B12CBF8AF7BC43.d.AF83F016DCDA2212795412319645AC13.e.7813/attribute/aria-checked - {}
COMMAND: GET /session/6aa7e649349f90b4840747c4ea403a74/screenshot - {}
RESULT: {}
COMMAND: POST /session/6aa7e649349f90b4840747c4ea403a74/element - {"using":"xpath","value":"//table[contains(@id, \"listView-innerSelectionPanelTable-listUl\")]/tbody/tr[12]/td[2]/div/div"}
RESULT: {}
RESULT: {"using":"xpath","value":"//table[contains(@id, \"listView-innerSelectionPanelTable-listUl\")]/tbody/tr[12]/td[2]/div/div"}
COMMAND: POST /session/6aa7e649349f90b4840747c4ea403a74/element - {"using":"xpath","value":"//table[contains(@id, \"listView-innerSelectionPanelTable-listUl\")]/tbody/tr[12]/td[2]/div"}
RESULT: {"using":"xpath","value":"//table[contains(@id, \"listView-innerSelectionPanelTable-listUl\")]/tbody/tr[12]/td[2]/div"}
COMMAND: POST /session/6aa7e649349f90b4840747c4ea403a74/element - {"using":"xpath","value":"//table[contains(@id, \"listView-innerSelectionPanelTable-listUl\")]/tbody/tr[12]/td[3]/div/div/span/span[1]/bdi"}
RESULT: {"using":"xpath","value":"//table[contains(@id, \"listView-innerSelectionPanelTable-listUl\")]/tbody/tr[12]/td[3]/div/div/span/span[1]/bdi"}
COMMAND: POST /session/6aa7e649349f90b4840747c4ea403a74/execute/sync - {"script":"<script> [56 bytes]","args":[{"element-6066-11e4-a52e-4f735466cecf":"f.B789F3E8D5EB6317E0B12CBF8AF7BC43.d.AF83F016DCDA2212795412319645AC13.e.7817","ELEMENT":"f.B789F3E8D5EB6317E0B12CBF8AF7BC43.d.AF83F016DCDA2212795412319645AC13.e.7817"}]}
RESULT: {"script":"<script> [56 bytes]","args":[{"element-6066-11e4-a52e-4f735466cecf":"f.B789F3E8D5EB6317E0B12CBF8AF7BC43.d.AF83F016DCDA2212795412319645AC13.e.7817","ELEMENT":"f.B789F3E8D5EB6317E0B12CBF8AF7BC43.d.AF83F016DCDA2212795412319645AC13.e.7817"}]}
COMMAND: GET /session/6aa7e649349f90b4840747c4ea403a74/element/f.B789F3E8D5EB6317E0B12CBF8AF7BC43.d.AF83F016DCDA2212795412319645AC13.e.7816/attribute/aria-checked - {}
COMMAND: GET /session/6aa7e649349f90b4840747c4ea403a74/screenshot - {}
RESULT: {}
COMMAND: POST /session/6aa7e649349f90b4840747c4ea403a74/element - {"using":"xpath","value":"//table[contains(@id, \"listView-innerSelectionPanelTable-listUl\")]/tbody/tr[13]/td[2]/div/div"}
RESULT: {}
RESULT: {"using":"xpath","value":"//table[contains(@id, \"listView-innerSelectionPanelTable-listUl\")]/tbody/tr[13]/td[2]/div/div"}
COMMAND: POST /session/6aa7e649349f90b4840747c4ea403a74/element - {"using":"xpath","value":"//table[contains(@id, \"listView-innerSelectionPanelTable-listUl\")]/tbody/tr[13]/td[2]/div"}
RESULT: {"using":"xpath","value":"//table[contains(@id, \"listView-innerSelectionPanelTable-listUl\")]/tbody/tr[13]/td[2]/div"}
COMMAND: POST /session/6aa7e649349f90b4840747c4ea403a74/element - {"using":"xpath","value":"//table[contains(@id, \"listView-innerSelectionPanelTable-listUl\")]/tbody/tr[13]/td[3]/div/div/span/span[1]/bdi"}
RESULT: {"using":"xpath","value":"//table[contains(@id, \"listView-innerSelectionPanelTable-listUl\")]/tbody/tr[13]/td[3]/div/div/span/span[1]/bdi"}
COMMAND: POST /session/6aa7e649349f90b4840747c4ea403a74/execute/sync - {"script":"<script> [56 bytes]","args":[{"element-6066-11e4-a52e-4f735466cecf":"f.B789F3E8D5EB6317E0B12CBF8AF7BC43.d.AF83F016DCDA2212795412319645AC13.e.7820","ELEMENT":"f.B789F3E8D5EB6317E0B12CBF8AF7BC43.d.AF83F016DCDA2212795412319645AC13.e.7820"}]}
RESULT: {"script":"<script> [56 bytes]","args":[{"element-6066-11e4-a52e-4f735466cecf":"f.B789F3E8D5EB6317E0B12CBF8AF7BC43.d.AF83F016DCDA2212795412319645AC13.e.7820","ELEMENT":"f.B789F3E8D5EB6317E0B12CBF8AF7BC43.d.AF83F016DCDA2212795412319645AC13.e.7820"}]}
COMMAND: GET /session/6aa7e649349f90b4840747c4ea403a74/element/f.B789F3E8D5EB6317E0B12CBF8AF7BC43.d.AF83F016DCDA2212795412319645AC13.e.7819/attribute/aria-checked - {}
COMMAND: GET /session/6aa7e649349f90b4840747c4ea403a74/screenshot - {}
RESULT: {}
COMMAND: POST /session/6aa7e649349f90b4840747c4ea403a74/element - {"using":"xpath","value":"//table[contains(@id, \"listView-innerSelectionPanelTable-listUl\")]/tbody/tr[14]/td[2]/div/div"}
RESULT: {}
RESULT: {"using":"xpath","value":"//table[contains(@id, \"listView-innerSelectionPanelTable-listUl\")]/tbody/tr[14]/td[2]/div/div"}
COMMAND: POST /session/6aa7e649349f90b4840747c4ea403a74/element - {"using":"xpath","value":"//table[contains(@id, \"listView-innerSelectionPanelTable-listUl\")]/tbody/tr[14]/td[2]/div"}
RESULT: {"using":"xpath","value":"//table[contains(@id, \"listView-innerSelectionPanelTable-listUl\")]/tbody/tr[14]/td[2]/div"}
COMMAND: POST /session/6aa7e649349f90b4840747c4ea403a74/element - {"using":"xpath","value":"//table[contains(@id, \"listView-innerSelectionPanelTable-listUl\")]/tbody/tr[14]/td[3]/div/div/span/span[1]/bdi"}
RESULT: {"using":"xpath","value":"//table[contains(@id, \"listView-innerSelectionPanelTable-listUl\")]/tbody/tr[14]/td[3]/div/div/span/span[1]/bdi"}
COMMAND: POST /session/6aa7e649349f90b4840747c4ea403a74/execute/sync - {"script":"<script> [56 bytes]","args":[{"element-6066-11e4-a52e-4f735466cecf":"f.B789F3E8D5EB6317E0B12CBF8AF7BC43.d.AF83F016DCDA2212795412319645AC13.e.7823","ELEMENT":"f.B789F3E8D5EB6317E0B12CBF8AF7BC43.d.AF83F016DCDA2212795412319645AC13.e.7823"}]}
RESULT: {"script":"<script> [56 bytes]","args":[{"element-6066-11e4-a52e-4f735466cecf":"f.B789F3E8D5EB6317E0B12CBF8AF7BC43.d.AF83F016DCDA2212795412319645AC13.e.7823","ELEMENT":"f.B789F3E8D5EB6317E0B12CBF8AF7BC43.d.AF83F016DCDA2212795412319645AC13.e.7823"}]}
COMMAND: GET /session/6aa7e649349f90b4840747c4ea403a74/element/f.B789F3E8D5EB6317E0B12CBF8AF7BC43.d.AF83F016DCDA2212795412319645AC13.e.7822/attribute/aria-checked - {}
COMMAND: GET /session/6aa7e649349f90b4840747c4ea403a74/screenshot - {}
RESULT: {}
COMMAND: POST /session/6aa7e649349f90b4840747c4ea403a74/element - {"using":"xpath","value":"//table[contains(@id, \"listView-innerSelectionPanelTable-listUl\")]/tbody/tr[15]/td[2]/div/div"}
RESULT: {}
RESULT: {"using":"xpath","value":"//table[contains(@id, \"listView-innerSelectionPanelTable-listUl\")]/tbody/tr[15]/td[2]/div/div"}
COMMAND: POST /session/6aa7e649349f90b4840747c4ea403a74/element - {"using":"xpath","value":"//table[contains(@id, \"listView-innerSelectionPanelTable-listUl\")]/tbody/tr[15]/td[2]/div"}
RESULT: {"using":"xpath","value":"//table[contains(@id, \"listView-innerSelectionPanelTable-listUl\")]/tbody/tr[15]/td[2]/div"}
COMMAND: POST /session/6aa7e649349f90b4840747c4ea403a74/element - {"using":"xpath","value":"//table[contains(@id, \"listView-innerSelectionPanelTable-listUl\")]/tbody/tr[15]/td[3]/div/div/span/span[1]/bdi"}
RESULT: {"using":"xpath","value":"//table[contains(@id, \"listView-innerSelectionPanelTable-listUl\")]/tbody/tr[15]/td[3]/div/div/span/span[1]/bdi"}
COMMAND: POST /session/6aa7e649349f90b4840747c4ea403a74/execute/sync - {"script":"<script> [56 bytes]","args":[{"element-6066-11e4-a52e-4f735466cecf":"f.B789F3E8D5EB6317E0B12CBF8AF7BC43.d.AF83F016DCDA2212795412319645AC13.e.7826","ELEMENT":"f.B789F3E8D5EB6317E0B12CBF8AF7BC43.d.AF83F016DCDA2212795412319645AC13.e.7826"}]}
RESULT: {"script":"<script> [56 bytes]","args":[{"element-6066-11e4-a52e-4f735466cecf":"f.B789F3E8D5EB6317E0B12CBF8AF7BC43.d.AF83F016DCDA2212795412319645AC13.e.7826","ELEMENT":"f.B789F3E8D5EB6317E0B12CBF8AF7BC43.d.AF83F016DCDA2212795412319645AC13.e.7826"}]}
COMMAND: GET /session/6aa7e649349f90b4840747c4ea403a74/element/f.B789F3E8D5EB6317E0B12CBF8AF7BC43.d.AF83F016DCDA2212795412319645AC13.e.7825/attribute/aria-checked - {}
COMMAND: GET /session/6aa7e649349f90b4840747c4ea403a74/screenshot - {}
RESULT: {}
COMMAND: POST /session/6aa7e649349f90b4840747c4ea403a74/element - {"using":"xpath","value":"//table[contains(@id, \"listView-innerSelectionPanelTable-listUl\")]/tbody/tr[16]/td[2]/div/div"}
RESULT: {}
RESULT: {"using":"xpath","value":"//table[contains(@id, \"listView-innerSelectionPanelTable-listUl\")]/tbody/tr[16]/td[2]/div/div"}
COMMAND: POST /session/6aa7e649349f90b4840747c4ea403a74/element - {"using":"xpath","value":"//table[contains(@id, \"listView-innerSelectionPanelTable-listUl\")]/tbody/tr[16]/td[2]/div"}
RESULT: {"using":"xpath","value":"//table[contains(@id, \"listView-innerSelectionPanelTable-listUl\")]/tbody/tr[16]/td[2]/div"}
COMMAND: POST /session/6aa7e649349f90b4840747c4ea403a74/element - {"using":"xpath","value":"//table[contains(@id, \"listView-innerSelectionPanelTable-listUl\")]/tbody/tr[16]/td[3]/div/div/span/span[1]/bdi"}
RESULT: {"using":"xpath","value":"//table[contains(@id, \"listView-innerSelectionPanelTable-listUl\")]/tbody/tr[16]/td[3]/div/div/span/span[1]/bdi"}
COMMAND: POST /session/6aa7e649349f90b4840747c4ea403a74/execute/sync - {"script":"<script> [56 bytes]","args":[{"element-6066-11e4-a52e-4f735466cecf":"f.B789F3E8D5EB6317E0B12CBF8AF7BC43.d.AF83F016DCDA2212795412319645AC13.e.7829","ELEMENT":"f.B789F3E8D5EB6317E0B12CBF8AF7BC43.d.AF83F016DCDA2212795412319645AC13.e.7829"}]}
RESULT: {"script":"<script> [56 bytes]","args":[{"element-6066-11e4-a52e-4f735466cecf":"f.B789F3E8D5EB6317E0B12CBF8AF7BC43.d.AF83F016DCDA2212795412319645AC13.e.7829","ELEMENT":"f.B789F3E8D5EB6317E0B12CBF8AF7BC43.d.AF83F016DCDA2212795412319645AC13.e.7829"}]}
COMMAND: GET /session/6aa7e649349f90b4840747c4ea403a74/element/f.B789F3E8D5EB6317E0B12CBF8AF7BC43.d.AF83F016DCDA2212795412319645AC13.e.7828/attribute/aria-checked - {}
COMMAND: GET /session/6aa7e649349f90b4840747c4ea403a74/screenshot - {}
RESULT: {}
COMMAND: POST /session/6aa7e649349f90b4840747c4ea403a74/element - {"using":"xpath","value":"//table[contains(@id, \"listView-innerSelectionPanelTable-listUl\")]/tbody/tr[17]/td[2]/div/div"}
RESULT: {}
RESULT: {"using":"xpath","value":"//table[contains(@id, \"listView-innerSelectionPanelTable-listUl\")]/tbody/tr[17]/td[2]/div/div"}
COMMAND: POST /session/6aa7e649349f90b4840747c4ea403a74/element - {"using":"xpath","value":"//table[contains(@id, \"listView-innerSelectionPanelTable-listUl\")]/tbody/tr[17]/td[2]/div"}
RESULT: {"using":"xpath","value":"//table[contains(@id, \"listView-innerSelectionPanelTable-listUl\")]/tbody/tr[17]/td[2]/div"}
COMMAND: POST /session/6aa7e649349f90b4840747c4ea403a74/element - {"using":"xpath","value":"//table[contains(@id, \"listView-innerSelectionPanelTable-listUl\")]/tbody/tr[17]/td[3]/div/div/span/span[1]/bdi"}
RESULT: {"using":"xpath","value":"//table[contains(@id, \"listView-innerSelectionPanelTable-listUl\")]/tbody/tr[17]/td[3]/div/div/span/span[1]/bdi"}
COMMAND: POST /session/6aa7e649349f90b4840747c4ea403a74/execute/sync - {"script":"<script> [56 bytes]","args":[{"element-6066-11e4-a52e-4f735466cecf":"f.B789F3E8D5EB6317E0B12CBF8AF7BC43.d.AF83F016DCDA2212795412319645AC13.e.7832","ELEMENT":"f.B789F3E8D5EB6317E0B12CBF8AF7BC43.d.AF83F016DCDA2212795412319645AC13.e.7832"}]}
RESULT: {"script":"<script> [56 bytes]","args":[{"element-6066-11e4-a52e-4f735466cecf":"f.B789F3E8D5EB6317E0B12CBF8AF7BC43.d.AF83F016DCDA2212795412319645AC13.e.7832","ELEMENT":"f.B789F3E8D5EB6317E0B12CBF8AF7BC43.d.AF83F016DCDA2212795412319645AC13.e.7832"}]}
COMMAND: GET /session/6aa7e649349f90b4840747c4ea403a74/element/f.B789F3E8D5EB6317E0B12CBF8AF7BC43.d.AF83F016DCDA2212795412319645AC13.e.7831/attribute/aria-checked - {}
COMMAND: GET /session/6aa7e649349f90b4840747c4ea403a74/screenshot - {}
RESULT: {}
COMMAND: POST /session/6aa7e649349f90b4840747c4ea403a74/element - {"using":"xpath","value":"//table[contains(@id, \"listView-innerSelectionPanelTable-listUl\")]/tbody/tr[18]/td[2]/div/div"}
RESULT: {}
RESULT: {"using":"xpath","value":"//table[contains(@id, \"listView-innerSelectionPanelTable-listUl\")]/tbody/tr[18]/td[2]/div/div"}
COMMAND: POST /session/6aa7e649349f90b4840747c4ea403a74/element - {"using":"xpath","value":"//table[contains(@id, \"listView-innerSelectionPanelTable-listUl\")]/tbody/tr[18]/td[2]/div"}
RESULT: {"using":"xpath","value":"//table[contains(@id, \"listView-innerSelectionPanelTable-listUl\")]/tbody/tr[18]/td[2]/div"}
COMMAND: POST /session/6aa7e649349f90b4840747c4ea403a74/element - {"using":"xpath","value":"//table[contains(@id, \"listView-innerSelectionPanelTable-listUl\")]/tbody/tr[18]/td[3]/div/div/span/span[1]/bdi"}
RESULT: {"using":"xpath","value":"//table[contains(@id, \"listView-innerSelectionPanelTable-listUl\")]/tbody/tr[18]/td[3]/div/div/span/span[1]/bdi"}
COMMAND: POST /session/6aa7e649349f90b4840747c4ea403a74/execute/sync - {"script":"<script> [56 bytes]","args":[{"element-6066-11e4-a52e-4f735466cecf":"f.B789F3E8D5EB6317E0B12CBF8AF7BC43.d.AF83F016DCDA2212795412319645AC13.e.7835","ELEMENT":"f.B789F3E8D5EB6317E0B12CBF8AF7BC43.d.AF83F016DCDA2212795412319645AC13.e.7835"}]}
RESULT: {"script":"<script> [56 bytes]","args":[{"element-6066-11e4-a52e-4f735466cecf":"f.B789F3E8D5EB6317E0B12CBF8AF7BC43.d.AF83F016DCDA2212795412319645AC13.e.7835","ELEMENT":"f.B789F3E8D5EB6317E0B12CBF8AF7BC43.d.AF83F016DCDA2212795412319645AC13.e.7835"}]}
COMMAND: GET /session/6aa7e649349f90b4840747c4ea403a74/element/f.B789F3E8D5EB6317E0B12CBF8AF7BC43.d.AF83F016DCDA2212795412319645AC13.e.7834/attribute/aria-checked - {}
COMMAND: GET /session/6aa7e649349f90b4840747c4ea403a74/screenshot - {}
RESULT: {}
COMMAND: POST /session/6aa7e649349f90b4840747c4ea403a74/element - {"using":"xpath","value":"//table[contains(@id, \"listView-innerSelectionPanelTable-listUl\")]/tbody/tr[19]/td[2]/div/div"}
RESULT: {}
RESULT: {"using":"xpath","value":"//table[contains(@id, \"listView-innerSelectionPanelTable-listUl\")]/tbody/tr[19]/td[2]/div/div"}
COMMAND: POST /session/6aa7e649349f90b4840747c4ea403a74/element - {"using":"xpath","value":"//table[contains(@id, \"listView-innerSelectionPanelTable-listUl\")]/tbody/tr[19]/td[2]/div"}
RESULT: {"using":"xpath","value":"//table[contains(@id, \"listView-innerSelectionPanelTable-listUl\")]/tbody/tr[19]/td[2]/div"}
COMMAND: POST /session/6aa7e649349f90b4840747c4ea403a74/element - {"using":"xpath","value":"//table[contains(@id, \"listView-innerSelectionPanelTable-listUl\")]/tbody/tr[19]/td[3]/div/div/span/span[1]/bdi"}
RESULT: {"using":"xpath","value":"//table[contains(@id, \"listView-innerSelectionPanelTable-listUl\")]/tbody/tr[19]/td[3]/div/div/span/span[1]/bdi"}
COMMAND: POST /session/6aa7e649349f90b4840747c4ea403a74/execute/sync - {"script":"<script> [56 bytes]","args":[{"element-6066-11e4-a52e-4f735466cecf":"f.B789F3E8D5EB6317E0B12CBF8AF7BC43.d.AF83F016DCDA2212795412319645AC13.e.7838","ELEMENT":"f.B789F3E8D5EB6317E0B12CBF8AF7BC43.d.AF83F016DCDA2212795412319645AC13.e.7838"}]}
RESULT: {"script":"<script> [56 bytes]","args":[{"element-6066-11e4-a52e-4f735466cecf":"f.B789F3E8D5EB6317E0B12CBF8AF7BC43.d.AF83F016DCDA2212795412319645AC13.e.7838","ELEMENT":"f.B789F3E8D5EB6317E0B12CBF8AF7BC43.d.AF83F016DCDA2212795412319645AC13.e.7838"}]}
COMMAND: GET /session/6aa7e649349f90b4840747c4ea403a74/element/f.B789F3E8D5EB6317E0B12CBF8AF7BC43.d.AF83F016DCDA2212795412319645AC13.e.7837/attribute/aria-checked - {}
COMMAND: GET /session/6aa7e649349f90b4840747c4ea403a74/screenshot - {}
RESULT: {}
COMMAND: POST /session/6aa7e649349f90b4840747c4ea403a74/element - {"using":"xpath","value":"//table[contains(@id, \"listView-innerSelectionPanelTable-listUl\")]/tbody/tr[20]/td[2]/div/div"}
RESULT: {}
RESULT: {"using":"xpath","value":"//table[contains(@id, \"listView-innerSelectionPanelTable-listUl\")]/tbody/tr[20]/td[2]/div/div"}
COMMAND: POST /session/6aa7e649349f90b4840747c4ea403a74/element - {"using":"xpath","value":"//table[contains(@id, \"listView-innerSelectionPanelTable-listUl\")]/tbody/tr[20]/td[2]/div"}
RESULT: {"using":"xpath","value":"//table[contains(@id, \"listView-innerSelectionPanelTable-listUl\")]/tbody/tr[20]/td[2]/div"}
COMMAND: POST /session/6aa7e649349f90b4840747c4ea403a74/element - {"using":"xpath","value":"//table[contains(@id, \"listView-innerSelectionPanelTable-listUl\")]/tbody/tr[20]/td[3]/div/div/span/span[1]/bdi"}
RESULT: {"using":"xpath","value":"//table[contains(@id, \"listView-innerSelectionPanelTable-listUl\")]/tbody/tr[20]/td[3]/div/div/span/span[1]/bdi"}
COMMAND: POST /session/6aa7e649349f90b4840747c4ea403a74/execute/sync - {"script":"<script> [56 bytes]","args":[{"element-6066-11e4-a52e-4f735466cecf":"f.B789F3E8D5EB6317E0B12CBF8AF7BC43.d.AF83F016DCDA2212795412319645AC13.e.7841","ELEMENT":"f.B789F3E8D5EB6317E0B12CBF8AF7BC43.d.AF83F016DCDA2212795412319645AC13.e.7841"}]}
RESULT: {"script":"<script> [56 bytes]","args":[{"element-6066-11e4-a52e-4f735466cecf":"f.B789F3E8D5EB6317E0B12CBF8AF7BC43.d.AF83F016DCDA2212795412319645AC13.e.7841","ELEMENT":"f.B789F3E8D5EB6317E0B12CBF8AF7BC43.d.AF83F016DCDA2212795412319645AC13.e.7841"}]}
COMMAND: GET /session/6aa7e649349f90b4840747c4ea403a74/element/f.B789F3E8D5EB6317E0B12CBF8AF7BC43.d.AF83F016DCDA2212795412319645AC13.e.7840/attribute/aria-checked - {}
COMMAND: GET /session/6aa7e649349f90b4840747c4ea403a74/screenshot - {}
RESULT: {}
COMMAND: POST /session/6aa7e649349f90b4840747c4ea403a74/element - {"using":"xpath","value":"//table[contains(@id, \"listView-innerSelectionPanelTable-listUl\")]/tbody/tr[21]/td[2]/div/div"}
COMMAND: POST /session/6aa7e649349f90b4840747c4ea403a74/element/f.B789F3E8D5EB6317E0B12CBF8AF7BC43.d.AF83F016DCDA2212795412319645AC13.e.7839/click - {}
RESULT: {}
RESULT: {"using":"xpath","value":"//table[contains(@id, \"listView-innerSelectionPanelTable-listUl\")]/tbody/tr[21]/td[2]/div/div"}
COMMAND: POST /session/6aa7e649349f90b4840747c4ea403a74/element - {"using":"xpath","value":"//table[contains(@id, \"listView-innerSelectionPanelTable-listUl\")]/tbody/tr[21]/td[2]/div"}
RESULT: {}
COMMAND: GET /session/6aa7e649349f90b4840747c4ea403a74/screenshot - {}
RESULT: {"using":"xpath","value":"//table[contains(@id, \"listView-innerSelectionPanelTable-listUl\")]/tbody/tr[21]/td[2]/div"}
COMMAND: POST /session/6aa7e649349f90b4840747c4ea403a74/element - {"using":"xpath","value":"//table[contains(@id, \"listView-innerSelectionPanelTable-listUl\")]/tbody/tr[21]/td[3]/div/div/span/span[1]/bdi"}
RESULT: {}
RESULT: {"using":"xpath","value":"//table[contains(@id, \"listView-innerSelectionPanelTable-listUl\")]/tbody/tr[21]/td[3]/div/div/span/span[1]/bdi"}
COMMAND: POST /session/6aa7e649349f90b4840747c4ea403a74/execute/sync - {"script":"<script> [56 bytes]","args":[{"element-6066-11e4-a52e-4f735466cecf":"f.B789F3E8D5EB6317E0B12CBF8AF7BC43.d.AF83F016DCDA2212795412319645AC13.e.7847","ELEMENT":"f.B789F3E8D5EB6317E0B12CBF8AF7BC43.d.AF83F016DCDA2212795412319645AC13.e.7847"}]}
RESULT: {"script":"<script> [56 bytes]","args":[{"element-6066-11e4-a52e-4f735466cecf":"f.B789F3E8D5EB6317E0B12CBF8AF7BC43.d.AF83F016DCDA2212795412319645AC13.e.7847","ELEMENT":"f.B789F3E8D5EB6317E0B12CBF8AF7BC43.d.AF83F016DCDA2212795412319645AC13.e.7847"}]}
COMMAND: GET /session/6aa7e649349f90b4840747c4ea403a74/element/f.B789F3E8D5EB6317E0B12CBF8AF7BC43.d.AF83F016DCDA2212795412319645AC13.e.7846/attribute/aria-checked - {}
COMMAND: GET /session/6aa7e649349f90b4840747c4ea403a74/screenshot - {}
RESULT: {}
COMMAND: POST /session/6aa7e649349f90b4840747c4ea403a74/element - {"using":"xpath","value":"//table[contains(@id, \"listView-innerSelectionPanelTable-listUl\")]/tbody/tr[22]/td[2]/div/div"}
COMMAND: POST /session/6aa7e649349f90b4840747c4ea403a74/element/f.B789F3E8D5EB6317E0B12CBF8AF7BC43.d.AF83F016DCDA2212795412319645AC13.e.7842/click - {}
RESULT: {}
RESULT: {"using":"xpath","value":"//table[contains(@id, \"listView-innerSelectionPanelTable-listUl\")]/tbody/tr[22]/td[2]/div/div"}
COMMAND: POST /session/6aa7e649349f90b4840747c4ea403a74/element - {"using":"xpath","value":"//table[contains(@id, \"listView-innerSelectionPanelTable-listUl\")]/tbody/tr[22]/td[2]/div"}
RESULT: {}
COMMAND: GET /session/6aa7e649349f90b4840747c4ea403a74/screenshot - {}
RESULT: {"using":"xpath","value":"//table[contains(@id, \"listView-innerSelectionPanelTable-listUl\")]/tbody/tr[22]/td[2]/div"}
COMMAND: POST /session/6aa7e649349f90b4840747c4ea403a74/element - {"using":"xpath","value":"//table[contains(@id, \"listView-innerSelectionPanelTable-listUl\")]/tbody/tr[22]/td[3]/div/div/span/span[1]/bdi"}
RESULT: {}
RESULT: {"using":"xpath","value":"//table[contains(@id, \"listView-innerSelectionPanelTable-listUl\")]/tbody/tr[22]/td[3]/div/div/span/span[1]/bdi"}
COMMAND: POST /session/6aa7e649349f90b4840747c4ea403a74/execute/sync - {"script":"<script> [56 bytes]","args":[{"element-6066-11e4-a52e-4f735466cecf":"f.B789F3E8D5EB6317E0B12CBF8AF7BC43.d.AF83F016DCDA2212795412319645AC13.e.7851","ELEMENT":"f.B789F3E8D5EB6317E0B12CBF8AF7BC43.d.AF83F016DCDA2212795412319645AC13.e.7851"}]}
RESULT: {"script":"<script> [56 bytes]","args":[{"element-6066-11e4-a52e-4f735466cecf":"f.B789F3E8D5EB6317E0B12CBF8AF7BC43.d.AF83F016DCDA2212795412319645AC13.e.7851","ELEMENT":"f.B789F3E8D5EB6317E0B12CBF8AF7BC43.d.AF83F016DCDA2212795412319645AC13.e.7851"}]}
COMMAND: GET /session/6aa7e649349f90b4840747c4ea403a74/element/f.B789F3E8D5EB6317E0B12CBF8AF7BC43.d.AF83F016DCDA2212795412319645AC13.e.7850/attribute/aria-checked - {}
COMMAND: GET /session/6aa7e649349f90b4840747c4ea403a74/screenshot - {}
RESULT: {}
COMMAND: POST /session/6aa7e649349f90b4840747c4ea403a74/element - {"using":"xpath","value":"//table[contains(@id, \"listView-innerSelectionPanelTable-listUl\")]/tbody/tr[23]/td[2]/div/div"}
RESULT: {}
RESULT: {"using":"xpath","value":"//table[contains(@id, \"listView-innerSelectionPanelTable-listUl\")]/tbody/tr[23]/td[2]/div/div"}
COMMAND: POST /session/6aa7e649349f90b4840747c4ea403a74/element - {"using":"xpath","value":"//table[contains(@id, \"listView-innerSelectionPanelTable-listUl\")]/tbody/tr[23]/td[2]/div"}
RESULT: {"using":"xpath","value":"//table[contains(@id, \"listView-innerSelectionPanelTable-listUl\")]/tbody/tr[23]/td[2]/div"}
COMMAND: POST /session/6aa7e649349f90b4840747c4ea403a74/element - {"using":"xpath","value":"//table[contains(@id, \"listView-innerSelectionPanelTable-listUl\")]/tbody/tr[23]/td[3]/div/div/span/span[1]/bdi"}
RESULT: {"using":"xpath","value":"//table[contains(@id, \"listView-innerSelectionPanelTable-listUl\")]/tbody/tr[23]/td[3]/div/div/span/span[1]/bdi"}
COMMAND: POST /session/6aa7e649349f90b4840747c4ea403a74/execute/sync - {"script":"<script> [56 bytes]","args":[{"element-6066-11e4-a52e-4f735466cecf":"f.B789F3E8D5EB6317E0B12CBF8AF7BC43.d.AF83F016DCDA2212795412319645AC13.e.7854","ELEMENT":"f.B789F3E8D5EB6317E0B12CBF8AF7BC43.d.AF83F016DCDA2212795412319645AC13.e.7854"}]}
RESULT: {"script":"<script> [56 bytes]","args":[{"element-6066-11e4-a52e-4f735466cecf":"f.B789F3E8D5EB6317E0B12CBF8AF7BC43.d.AF83F016DCDA2212795412319645AC13.e.7854","ELEMENT":"f.B789F3E8D5EB6317E0B12CBF8AF7BC43.d.AF83F016DCDA2212795412319645AC13.e.7854"}]}
COMMAND: GET /session/6aa7e649349f90b4840747c4ea403a74/element/f.B789F3E8D5EB6317E0B12CBF8AF7BC43.d.AF83F016DCDA2212795412319645AC13.e.7853/attribute/aria-checked - {}
COMMAND: GET /session/6aa7e649349f90b4840747c4ea403a74/screenshot - {}
RESULT: {}
COMMAND: POST /session/6aa7e649349f90b4840747c4ea403a74/element - {"using":"xpath","value":"//table[contains(@id, \"listView-innerSelectionPanelTable-listUl\")]/tbody/tr[24]/td[2]/div/div"}
RESULT: {}
RESULT: {"using":"xpath","value":"//table[contains(@id, \"listView-innerSelectionPanelTable-listUl\")]/tbody/tr[24]/td[2]/div/div"}
COMMAND: POST /session/6aa7e649349f90b4840747c4ea403a74/element - {"using":"xpath","value":"//table[contains(@id, \"listView-innerSelectionPanelTable-listUl\")]/tbody/tr[24]/td[2]/div"}
RESULT: {"using":"xpath","value":"//table[contains(@id, \"listView-innerSelectionPanelTable-listUl\")]/tbody/tr[24]/td[2]/div"}
COMMAND: POST /session/6aa7e649349f90b4840747c4ea403a74/element - {"using":"xpath","value":"//table[contains(@id, \"listView-innerSelectionPanelTable-listUl\")]/tbody/tr[24]/td[3]/div/div/span/span[1]/bdi"}
RESULT: {"using":"xpath","value":"//table[contains(@id, \"listView-innerSelectionPanelTable-listUl\")]/tbody/tr[24]/td[3]/div/div/span/span[1]/bdi"}
COMMAND: POST /session/6aa7e649349f90b4840747c4ea403a74/execute/sync - {"script":"<script> [56 bytes]","args":[{"element-6066-11e4-a52e-4f735466cecf":"f.B789F3E8D5EB6317E0B12CBF8AF7BC43.d.AF83F016DCDA2212795412319645AC13.e.7857","ELEMENT":"f.B789F3E8D5EB6317E0B12CBF8AF7BC43.d.AF83F016DCDA2212795412319645AC13.e.7857"}]}
RESULT: {"script":"<script> [56 bytes]","args":[{"element-6066-11e4-a52e-4f735466cecf":"f.B789F3E8D5EB6317E0B12CBF8AF7BC43.d.AF83F016DCDA2212795412319645AC13.e.7857","ELEMENT":"f.B789F3E8D5EB6317E0B12CBF8AF7BC43.d.AF83F016DCDA2212795412319645AC13.e.7857"}]}
COMMAND: GET /session/6aa7e649349f90b4840747c4ea403a74/element/f.B789F3E8D5EB6317E0B12CBF8AF7BC43.d.AF83F016DCDA2212795412319645AC13.e.7856/attribute/aria-checked - {}
COMMAND: GET /session/6aa7e649349f90b4840747c4ea403a74/screenshot - {}
RESULT: {}
COMMAND: POST /session/6aa7e649349f90b4840747c4ea403a74/element - {"using":"xpath","value":"//table[contains(@id, \"listView-innerSelectionPanelTable-listUl\")]/tbody/tr[25]/td[2]/div/div"}
RESULT: {}
RESULT: {"using":"xpath","value":"//table[contains(@id, \"listView-innerSelectionPanelTable-listUl\")]/tbody/tr[25]/td[2]/div/div"}
COMMAND: POST /session/6aa7e649349f90b4840747c4ea403a74/element - {"using":"xpath","value":"//table[contains(@id, \"listView-innerSelectionPanelTable-listUl\")]/tbody/tr[25]/td[2]/div"}
RESULT: {"using":"xpath","value":"//table[contains(@id, \"listView-innerSelectionPanelTable-listUl\")]/tbody/tr[25]/td[2]/div"}
COMMAND: POST /session/6aa7e649349f90b4840747c4ea403a74/element - {"using":"xpath","value":"//table[contains(@id, \"listView-innerSelectionPanelTable-listUl\")]/tbody/tr[25]/td[3]/div/div/span/span[1]/bdi"}
RESULT: {"using":"xpath","value":"//table[contains(@id, \"listView-innerSelectionPanelTable-listUl\")]/tbody/tr[25]/td[3]/div/div/span/span[1]/bdi"}
COMMAND: POST /session/6aa7e649349f90b4840747c4ea403a74/execute/sync - {"script":"<script> [56 bytes]","args":[{"element-6066-11e4-a52e-4f735466cecf":"f.B789F3E8D5EB6317E0B12CBF8AF7BC43.d.AF83F016DCDA2212795412319645AC13.e.7860","ELEMENT":"f.B789F3E8D5EB6317E0B12CBF8AF7BC43.d.AF83F016DCDA2212795412319645AC13.e.7860"}]}
RESULT: {"script":"<script> [56 bytes]","args":[{"element-6066-11e4-a52e-4f735466cecf":"f.B789F3E8D5EB6317E0B12CBF8AF7BC43.d.AF83F016DCDA2212795412319645AC13.e.7860","ELEMENT":"f.B789F3E8D5EB6317E0B12CBF8AF7BC43.d.AF83F016DCDA2212795412319645AC13.e.7860"}]}
COMMAND: GET /session/6aa7e649349f90b4840747c4ea403a74/element/f.B789F3E8D5EB6317E0B12CBF8AF7BC43.d.AF83F016DCDA2212795412319645AC13.e.7859/attribute/aria-checked - {}
COMMAND: GET /session/6aa7e649349f90b4840747c4ea403a74/screenshot - {}
RESULT: {}
COMMAND: POST /session/6aa7e649349f90b4840747c4ea403a74/element - {"using":"xpath","value":"//bdi[contains(text(), \"OK\")]"}
RESULT: {}
RESULT: {"using":"xpath","value":"//bdi[contains(text(), \"OK\")]"}
COMMAND: POST /session/6aa7e649349f90b4840747c4ea403a74/element/f.B789F3E8D5EB6317E0B12CBF8AF7BC43.d.AF83F016DCDA2212795412319645AC13.e.7861/click - {}
RESULT: {}
COMMAND: GET /session/6aa7e649349f90b4840747c4ea403a74/screenshot - {}
RESULT: {}
COMMAND: POST /session/6aa7e649349f90b4840747c4ea403a74/execute/async - {"script":"<script> [1562 bytes]","args":[{"selector":{"id":"application-managepartners-display-component---masterPtm--smartFilterBar-filterItemControlA_-LINK_TO_ADDRESSES_MAIN.ID-vhi"},"wdio_ui5_key":"applicationmanagepartners-display-component---masterPtm--smartFilterBar-filterItemControlA_-LINK_TO_ADDRESSES_MAIN.ID-vhi"}]}
RESULT: {"script":"<script> [1562 bytes]","args":[{"selector":{"id":"application-managepartners-display-component---masterPtm--smartFilterBar-filterItemControlA_-LINK_TO_ADDRESSES_MAIN.ID-vhi"},"wdio_ui5_key":"applicationmanagepartners-display-component---masterPtm--smartFilterBar-filterItemControlA_-LINK_TO_ADDRESSES_MAIN.ID-vhi"}]}
RESULT: undefined
COMMAND: POST /session/6aa7e649349f90b4840747c4ea403a74/element - {"using":"xpath","value":"//*[@id=\"application-managepartners-display-component---masterPtm--smartFilterBar-filterItemControlA_-LINK_TO_ADDRESSES_MAIN.ID-vhi\"]"}
RESULT: {"using":"xpath","value":"//*[@id=\"application-managepartners-display-component---masterPtm--smartFilterBar-filterItemControlA_-LINK_TO_ADDRESSES_MAIN.ID-vhi\"]"}
COMMAND: POST /session/6aa7e649349f90b4840747c4ea403a74/element/f.B789F3E8D5EB6317E0B12CBF8AF7BC43.d.AF83F016DCDA2212795412319645AC13.e.7874/click - {}
RESULT: {}
COMMAND: GET /session/6aa7e649349f90b4840747c4ea403a74/screenshot - {}
RESULT: {}
COMMAND: POST /session/6aa7e649349f90b4840747c4ea403a74/execute/async - {"script":"<script> [1562 bytes]","args":[{"selector":{"controlType":"sap.ui.core.Icon","viewName":"etm.portal.ui.managepartners.view.Master","viewId":"application-managepartners-display-component---masterPtm","properties":{"src":{"regex":{"source":"slim\\-arrow\\-down"}}},"searchOpenDialogs":true},"wdio_ui5_key":"etmportal.ui.managepartners.view.Mastersap.ui.core.Icon{\"src\":{\"regex\":{\"source\":\"slim\\\\-arrow\\\\-down\"}}}"}]}
RESULT: {"script":"<script> [1562 bytes]","args":[{"selector":{"controlType":"sap.ui.core.Icon","viewName":"etm.portal.ui.managepartners.view.Master","viewId":"application-managepartners-display-component---masterPtm","properties":{"src":{"regex":{"source":"slim\\-arrow\\-down"}}},"searchOpenDialogs":true},"wdio_ui5_key":"etmportal.ui.managepartners.view.Mastersap.ui.core.Icon{\"src\":{\"regex\":{\"source\":\"slim\\\\-arrow\\\\-down\"}}}"}]}
RESULT: undefined
COMMAND: POST /session/6aa7e649349f90b4840747c4ea403a74/element - {"using":"xpath","value":"//*[@id=\"__box77-arrow\"]"}
RESULT: {"using":"xpath","value":"//*[@id=\"__box77-arrow\"]"}
COMMAND: POST /session/6aa7e649349f90b4840747c4ea403a74/element/f.B789F3E8D5EB6317E0B12CBF8AF7BC43.d.AF83F016DCDA2212795412319645AC13.e.7879/click - {}
RESULT: {}
COMMAND: GET /session/6aa7e649349f90b4840747c4ea403a74/screenshot - {}
RESULT: {}
COMMAND: POST /session/6aa7e649349f90b4840747c4ea403a74/element - {"using":"xpath","value":"//li[.//span[text()='equal to']]"}
RESULT: {"using":"xpath","value":"//li[.//span[text()='equal to']]"}
COMMAND: POST /session/6aa7e649349f90b4840747c4ea403a74/element/f.B789F3E8D5EB6317E0B12CBF8AF7BC43.d.AF83F016DCDA2212795412319645AC13.e.7880/click - {}
RESULT: {}
COMMAND: GET /session/6aa7e649349f90b4840747c4ea403a74/screenshot - {}
RESULT: {}
RESULT: undefined
COMMAND: POST /session/6aa7e649349f90b4840747c4ea403a74/execute/async - {"script":"<script> [776 bytes]","args":[{"enterText":"1006","selector":{"controlType":"sap.m.Input","viewName":"etm.portal.ui.managepartners.view.Master","viewId":"application-managepartners-display-component---masterPtm","properties":{"valueState":"None"},"searchOpenDialogs":true,"interaction":{"idSuffix":"inner"}},"clearTextFirst":true,"interactionType":"ENTER_TEXT"}]}
RESULT: {"script":"<script> [776 bytes]","args":[{"enterText":"1006","selector":{"controlType":"sap.m.Input","viewName":"etm.portal.ui.managepartners.view.Master","viewId":"application-managepartners-display-component---masterPtm","properties":{"valueState":"None"},"searchOpenDialogs":true,"interaction":{"idSuffix":"inner"}},"clearTextFirst":true,"interactionType":"ENTER_TEXT"}]}
COMMAND: POST /session/6aa7e649349f90b4840747c4ea403a74/actions - {"actions":[{"id":"action22","type":"key","parameters":{},"actions":[{"type":"keyDown","value":"î€‡"},{"type":"pause","duration":10},{"type":"keyUp","value":"î€‡"}]}]}
RESULT: {"actions":[{"id":"action22","type":"key","parameters":{},"actions":[{"type":"keyDown","value":"î€‡"},{"type":"pause","duration":10},{"type":"keyUp","value":"î€‡"}]}]}
COMMAND: GET /session/6aa7e649349f90b4840747c4ea403a74/screenshot - {}
RESULT: {}
COMMAND: POST /session/6aa7e649349f90b4840747c4ea403a74/element - {"using":"xpath","value":"(//bdi[contains(text(), \"OK\")])[1]"}
RESULT: {"using":"xpath","value":"(//bdi[contains(text(), \"OK\")])[1]"}
COMMAND: POST /session/6aa7e649349f90b4840747c4ea403a74/element/f.B789F3E8D5EB6317E0B12CBF8AF7BC43.d.AF83F016DCDA2212795412319645AC13.e.7881/click - {}
RESULT: {}
COMMAND: GET /session/6aa7e649349f90b4840747c4ea403a74/screenshot - {}
RESULT: {}
COMMAND: POST /session/6aa7e649349f90b4840747c4ea403a74/element - {"using":"xpath","value":"//span[@id=\"application-managepartners-display-component---masterPtm--smartTable-header-inner\"]"}
RESULT: {"using":"xpath","value":"//span[@id=\"application-managepartners-display-component---masterPtm--smartTable-header-inner\"]"}
COMMAND: POST /session/6aa7e649349f90b4840747c4ea403a74/elements - {"using":"xpath","value":"//span[@id=\"application-managepartners-display-component---masterPtm--smartTable-header-inner\"]"}
RESULT: {"using":"xpath","value":"//span[@id=\"application-managepartners-display-component---masterPtm--smartTable-header-inner\"]"}
COMMAND: POST /session/6aa7e649349f90b4840747c4ea403a74/execute/sync - {"script":"<script> [56 bytes]","args":[{"element-6066-11e4-a52e-4f735466cecf":"f.B789F3E8D5EB6317E0B12CBF8AF7BC43.d.AF83F016DCDA2212795412319645AC13.e.7719","ELEMENT":"f.B789F3E8D5EB6317E0B12CBF8AF7BC43.d.AF83F016DCDA2212795412319645AC13.e.7719"}]}
RESULT: {"script":"<script> [56 bytes]","args":[{"element-6066-11e4-a52e-4f735466cecf":"f.B789F3E8D5EB6317E0B12CBF8AF7BC43.d.AF83F016DCDA2212795412319645AC13.e.7719","ELEMENT":"f.B789F3E8D5EB6317E0B12CBF8AF7BC43.d.AF83F016DCDA2212795412319645AC13.e.7719"}]}
COMMAND: POST /session/6aa7e649349f90b4840747c4ea403a74/element - {"using":"xpath","value":"//span[contains(@title, \"Remove\")]"}
COMMAND: GET /session/6aa7e649349f90b4840747c4ea403a74/screenshot - {}
RESULT: {"using":"xpath","value":"//span[contains(@title, \"Remove\")]"}
COMMAND: POST /session/6aa7e649349f90b4840747c4ea403a74/element/f.B789F3E8D5EB6317E0B12CBF8AF7BC43.d.AF83F016DCDA2212795412319645AC13.e.7885/click - {}
RESULT: {}
RESULT: {}
COMMAND: GET /session/6aa7e649349f90b4840747c4ea403a74/screenshot - {}
RESULT: {}
RESULT: undefined
COMMAND: POST /session/6aa7e649349f90b4840747c4ea403a74/element - {"using":"xpath","value":"//*[@id=\"application-managepartners-display-component---masterPtm--smartFilterBar-filterItemControl_BASIC-YARD-vhi\"]"}
RESULT: {"using":"xpath","value":"//*[@id=\"application-managepartners-display-component---masterPtm--smartFilterBar-filterItemControl_BASIC-YARD-vhi\"]"}
COMMAND: POST /session/6aa7e649349f90b4840747c4ea403a74/element/f.B789F3E8D5EB6317E0B12CBF8AF7BC43.d.AF83F016DCDA2212795412319645AC13.e.7990/click - {}
RESULT: {}
COMMAND: GET /session/6aa7e649349f90b4840747c4ea403a74/screenshot - {}
RESULT: {}
RESULT: undefined
COMMAND: POST /session/6aa7e649349f90b4840747c4ea403a74/execute/async - {"script":"<script> [776 bytes]","args":[{"enterText":"Test","selector":{"id":"application-managepartners-display-component---masterPtm--smartFilterBar-filterItemControl_BASIC-YARD-valueHelpDialog-smartFilterBar-btnBasicSearch","searchOpenDialogs":true,"interaction":{"idSuffix":"I"}},"clearTextFirst":true,"interactionType":"ENTER_TEXT"}]}
RESULT: {"script":"<script> [776 bytes]","args":[{"enterText":"Test","selector":{"id":"application-managepartners-display-component---masterPtm--smartFilterBar-filterItemControl_BASIC-YARD-valueHelpDialog-smartFilterBar-btnBasicSearch","searchOpenDialogs":true,"interaction":{"idSuffix":"I"}},"clearTextFirst":true,"interactionType":"ENTER_TEXT"}]}
COMMAND: POST /session/6aa7e649349f90b4840747c4ea403a74/actions - {"actions":[{"id":"action23","type":"key","parameters":{},"actions":[{"type":"keyDown","value":"î€‡"},{"type":"pause","duration":10},{"type":"keyUp","value":"î€‡"}]}]}
RESULT: {"actions":[{"id":"action23","type":"key","parameters":{},"actions":[{"type":"keyDown","value":"î€‡"},{"type":"pause","duration":10},{"type":"keyUp","value":"î€‡"}]}]}
COMMAND: POST /session/6aa7e649349f90b4840747c4ea403a74/elements - {"using":"xpath","value":"//table[contains(@id, \"smartFilterBar-filterItemControl_BASIC-YARD-valueHelpDialog-table-table\")]/tbody/tr"}
COMMAND: GET /session/6aa7e649349f90b4840747c4ea403a74/screenshot - {}
RESULT: {"using":"xpath","value":"//table[contains(@id, \"smartFilterBar-filterItemControl_BASIC-YARD-valueHelpDialog-table-table\")]/tbody/tr"}
COMMAND: POST /session/6aa7e649349f90b4840747c4ea403a74/element - {"using":"xpath","value":"//table[contains(@id, \"smartFilterBar-filterItemControl_BASIC-YARD-valueHelpDialog-table-table\")]/tbody/tr[1]/td[1]/div/span"}
RESULT: {}
RESULT: {"using":"xpath","value":"//table[contains(@id, \"smartFilterBar-filterItemControl_BASIC-YARD-valueHelpDialog-table-table\")]/tbody/tr[1]/td[1]/div/span"}
COMMAND: POST /session/6aa7e649349f90b4840747c4ea403a74/elements - {"using":"xpath","value":"//table[contains(@id, \"smartFilterBar-filterItemControl_BASIC-YARD-valueHelpDialog-table-table\")]/tbody/tr[1]/td[1]/div/span"}
RESULT: {"using":"xpath","value":"//table[contains(@id, \"smartFilterBar-filterItemControl_BASIC-YARD-valueHelpDialog-table-table\")]/tbody/tr[1]/td[1]/div/span"}
COMMAND: POST /session/6aa7e649349f90b4840747c4ea403a74/execute/sync - {"script":"<script> [56 bytes]","args":[{"element-6066-11e4-a52e-4f735466cecf":"f.B789F3E8D5EB6317E0B12CBF8AF7BC43.d.AF83F016DCDA2212795412319645AC13.e.8010","ELEMENT":"f.B789F3E8D5EB6317E0B12CBF8AF7BC43.d.AF83F016DCDA2212795412319645AC13.e.8010"}]}
RESULT: {"script":"<script> [56 bytes]","args":[{"element-6066-11e4-a52e-4f735466cecf":"f.B789F3E8D5EB6317E0B12CBF8AF7BC43.d.AF83F016DCDA2212795412319645AC13.e.8010","ELEMENT":"f.B789F3E8D5EB6317E0B12CBF8AF7BC43.d.AF83F016DCDA2212795412319645AC13.e.8010"}]}
COMMAND: POST /session/6aa7e649349f90b4840747c4ea403a74/element - {"using":"xpath","value":"//table[contains(@id, \"smartFilterBar-filterItemControl_BASIC-YARD-valueHelpDialog-table-table\")]/tbody/tr[2]/td[1]/div/span"}
COMMAND: GET /session/6aa7e649349f90b4840747c4ea403a74/screenshot - {}
RESULT: {"using":"xpath","value":"//table[contains(@id, \"smartFilterBar-filterItemControl_BASIC-YARD-valueHelpDialog-table-table\")]/tbody/tr[2]/td[1]/div/span"}
COMMAND: POST /session/6aa7e649349f90b4840747c4ea403a74/elements - {"using":"xpath","value":"//table[contains(@id, \"smartFilterBar-filterItemControl_BASIC-YARD-valueHelpDialog-table-table\")]/tbody/tr[2]/td[1]/div/span"}
RESULT: {}
RESULT: {"using":"xpath","value":"//table[contains(@id, \"smartFilterBar-filterItemControl_BASIC-YARD-valueHelpDialog-table-table\")]/tbody/tr[2]/td[1]/div/span"}
COMMAND: POST /session/6aa7e649349f90b4840747c4ea403a74/execute/sync - {"script":"<script> [56 bytes]","args":[{"element-6066-11e4-a52e-4f735466cecf":"f.B789F3E8D5EB6317E0B12CBF8AF7BC43.d.AF83F016DCDA2212795412319645AC13.e.8011","ELEMENT":"f.B789F3E8D5EB6317E0B12CBF8AF7BC43.d.AF83F016DCDA2212795412319645AC13.e.8011"}]}
RESULT: {"script":"<script> [56 bytes]","args":[{"element-6066-11e4-a52e-4f735466cecf":"f.B789F3E8D5EB6317E0B12CBF8AF7BC43.d.AF83F016DCDA2212795412319645AC13.e.8011","ELEMENT":"f.B789F3E8D5EB6317E0B12CBF8AF7BC43.d.AF83F016DCDA2212795412319645AC13.e.8011"}]}
COMMAND: POST /session/6aa7e649349f90b4840747c4ea403a74/element - {"using":"xpath","value":"//table[contains(@id, \"smartFilterBar-filterItemControl_BASIC-YARD-valueHelpDialog-table-table\")]/tbody/tr[3]/td[1]/div/span"}
COMMAND: GET /session/6aa7e649349f90b4840747c4ea403a74/screenshot - {}
RESULT: {"using":"xpath","value":"//table[contains(@id, \"smartFilterBar-filterItemControl_BASIC-YARD-valueHelpDialog-table-table\")]/tbody/tr[3]/td[1]/div/span"}
COMMAND: POST /session/6aa7e649349f90b4840747c4ea403a74/elements - {"using":"xpath","value":"//table[contains(@id, \"smartFilterBar-filterItemControl_BASIC-YARD-valueHelpDialog-table-table\")]/tbody/tr[3]/td[1]/div/span"}
RESULT: {}
RESULT: {"using":"xpath","value":"//table[contains(@id, \"smartFilterBar-filterItemControl_BASIC-YARD-valueHelpDialog-table-table\")]/tbody/tr[3]/td[1]/div/span"}
COMMAND: POST /session/6aa7e649349f90b4840747c4ea403a74/execute/sync - {"script":"<script> [56 bytes]","args":[{"element-6066-11e4-a52e-4f735466cecf":"f.B789F3E8D5EB6317E0B12CBF8AF7BC43.d.AF83F016DCDA2212795412319645AC13.e.8012","ELEMENT":"f.B789F3E8D5EB6317E0B12CBF8AF7BC43.d.AF83F016DCDA2212795412319645AC13.e.8012"}]}
RESULT: {"script":"<script> [56 bytes]","args":[{"element-6066-11e4-a52e-4f735466cecf":"f.B789F3E8D5EB6317E0B12CBF8AF7BC43.d.AF83F016DCDA2212795412319645AC13.e.8012","ELEMENT":"f.B789F3E8D5EB6317E0B12CBF8AF7BC43.d.AF83F016DCDA2212795412319645AC13.e.8012"}]}
COMMAND: POST /session/6aa7e649349f90b4840747c4ea403a74/element - {"using":"xpath","value":"//div[contains(@id, \"filterItemControl_BASIC-YARD-valueHelpDialog-table-rowsel2\")]"}
COMMAND: GET /session/6aa7e649349f90b4840747c4ea403a74/screenshot - {}
RESULT: {"using":"xpath","value":"//div[contains(@id, \"filterItemControl_BASIC-YARD-valueHelpDialog-table-rowsel2\")]"}
COMMAND: POST /session/6aa7e649349f90b4840747c4ea403a74/element/f.B789F3E8D5EB6317E0B12CBF8AF7BC43.d.AF83F016DCDA2212795412319645AC13.e.8013/click - {}
RESULT: {}
RESULT: {}
COMMAND: GET /session/6aa7e649349f90b4840747c4ea403a74/screenshot - {}
RESULT: {}
COMMAND: POST /session/6aa7e649349f90b4840747c4ea403a74/element - {"using":"xpath","value":"(//bdi[contains(text(), \"OK\")])[1]"}
RESULT: {"using":"xpath","value":"(//bdi[contains(text(), \"OK\")])[1]"}
COMMAND: POST /session/6aa7e649349f90b4840747c4ea403a74/element/f.B789F3E8D5EB6317E0B12CBF8AF7BC43.d.AF83F016DCDA2212795412319645AC13.e.8015/click - {}
RESULT: {}
COMMAND: GET /session/6aa7e649349f90b4840747c4ea403a74/screenshot - {}
RESULT: {}
COMMAND: POST /session/6aa7e649349f90b4840747c4ea403a74/element - {"using":"xpath","value":"//span[@id=\"application-managepartners-display-component---masterPtm--smartTable-header-inner\"]"}
RESULT: {"using":"xpath","value":"//span[@id=\"application-managepartners-display-component---masterPtm--smartTable-header-inner\"]"}
COMMAND: POST /session/6aa7e649349f90b4840747c4ea403a74/elements - {"using":"xpath","value":"//span[@id=\"application-managepartners-display-component---masterPtm--smartTable-header-inner\"]"}
RESULT: {"using":"xpath","value":"//span[@id=\"application-managepartners-display-component---masterPtm--smartTable-header-inner\"]"}
COMMAND: POST /session/6aa7e649349f90b4840747c4ea403a74/execute/sync - {"script":"<script> [56 bytes]","args":[{"element-6066-11e4-a52e-4f735466cecf":"f.B789F3E8D5EB6317E0B12CBF8AF7BC43.d.AF83F016DCDA2212795412319645AC13.e.7719","ELEMENT":"f.B789F3E8D5EB6317E0B12CBF8AF7BC43.d.AF83F016DCDA2212795412319645AC13.e.7719"}]}
RESULT: {"script":"<script> [56 bytes]","args":[{"element-6066-11e4-a52e-4f735466cecf":"f.B789F3E8D5EB6317E0B12CBF8AF7BC43.d.AF83F016DCDA2212795412319645AC13.e.7719","ELEMENT":"f.B789F3E8D5EB6317E0B12CBF8AF7BC43.d.AF83F016DCDA2212795412319645AC13.e.7719"}]}
COMMAND: POST /session/6aa7e649349f90b4840747c4ea403a74/element - {"using":"xpath","value":"//span[contains(@title, \"Remove\")]"}
COMMAND: GET /session/6aa7e649349f90b4840747c4ea403a74/screenshot - {}
RESULT: {"using":"xpath","value":"//span[contains(@title, \"Remove\")]"}
COMMAND: POST /session/6aa7e649349f90b4840747c4ea403a74/element/f.B789F3E8D5EB6317E0B12CBF8AF7BC43.d.AF83F016DCDA2212795412319645AC13.e.8028/click - {}
RESULT: {}
RESULT: {}
COMMAND: GET /session/6aa7e649349f90b4840747c4ea403a74/screenshot - {}
RESULT: {}
RESULT: undefined
COMMAND: POST /session/6aa7e649349f90b4840747c4ea403a74/element - {"using":"xpath","value":"//*[@id=\"application-managepartners-display-component---masterPtm--smartFilterBar-filterItemControl_BASIC-MAIN_ADDRESS-vhi\"]"}
RESULT: {"using":"xpath","value":"//*[@id=\"application-managepartners-display-component---masterPtm--smartFilterBar-filterItemControl_BASIC-MAIN_ADDRESS-vhi\"]"}
COMMAND: POST /session/6aa7e649349f90b4840747c4ea403a74/element/f.B789F3E8D5EB6317E0B12CBF8AF7BC43.d.AF83F016DCDA2212795412319645AC13.e.8134/click - {}
RESULT: {}
COMMAND: GET /session/6aa7e649349f90b4840747c4ea403a74/screenshot - {}
RESULT: {}
RESULT: undefined
COMMAND: POST /session/6aa7e649349f90b4840747c4ea403a74/execute/async - {"script":"<script> [776 bytes]","args":[{"enterText":"Romania","selector":{"id":"application-managepartners-display-component---masterPtm--smartFilterBar-filterItemControl_BASIC-MAIN_ADDRESS-valueHelpDialog-smartFilterBar-btnBasicSearch","searchOpenDialogs":true,"interaction":{"idSuffix":"I"}},"clearTextFirst":true,"interactionType":"ENTER_TEXT"}]}
RESULT: {"script":"<script> [776 bytes]","args":[{"enterText":"Romania","selector":{"id":"application-managepartners-display-component---masterPtm--smartFilterBar-filterItemControl_BASIC-MAIN_ADDRESS-valueHelpDialog-smartFilterBar-btnBasicSearch","searchOpenDialogs":true,"interaction":{"idSuffix":"I"}},"clearTextFirst":true,"interactionType":"ENTER_TEXT"}]}
COMMAND: POST /session/6aa7e649349f90b4840747c4ea403a74/actions - {"actions":[{"id":"action24","type":"key","parameters":{},"actions":[{"type":"keyDown","value":"î€‡"},{"type":"pause","duration":10},{"type":"keyUp","value":"î€‡"}]}]}
RESULT: {"actions":[{"id":"action24","type":"key","parameters":{},"actions":[{"type":"keyDown","value":"î€‡"},{"type":"pause","duration":10},{"type":"keyUp","value":"î€‡"}]}]}
COMMAND: POST /session/6aa7e649349f90b4840747c4ea403a74/elements - {"using":"xpath","value":"//table[contains(@id, \"smartFilterBar-filterItemControl_BASIC-MAIN_ADDRESS-valueHelpDialog-table-table\")]/tbody/tr"}
COMMAND: GET /session/6aa7e649349f90b4840747c4ea403a74/screenshot - {}
RESULT: {"using":"xpath","value":"//table[contains(@id, \"smartFilterBar-filterItemControl_BASIC-MAIN_ADDRESS-valueHelpDialog-table-table\")]/tbody/tr"}
COMMAND: POST /session/6aa7e649349f90b4840747c4ea403a74/element - {"using":"xpath","value":"//table[contains(@id, \"smartFilterBar-filterItemControl_BASIC-MAIN_ADDRESS-valueHelpDialog-table-table\")]/tbody/tr[1]/td[1]/div/span"}
RESULT: {}
RESULT: {"using":"xpath","value":"//table[contains(@id, \"smartFilterBar-filterItemControl_BASIC-MAIN_ADDRESS-valueHelpDialog-table-table\")]/tbody/tr[1]/td[1]/div/span"}
COMMAND: POST /session/6aa7e649349f90b4840747c4ea403a74/elements - {"using":"xpath","value":"//table[contains(@id, \"smartFilterBar-filterItemControl_BASIC-MAIN_ADDRESS-valueHelpDialog-table-table\")]/tbody/tr[1]/td[1]/div/span"}
RESULT: {"using":"xpath","value":"//table[contains(@id, \"smartFilterBar-filterItemControl_BASIC-MAIN_ADDRESS-valueHelpDialog-table-table\")]/tbody/tr[1]/td[1]/div/span"}
COMMAND: POST /session/6aa7e649349f90b4840747c4ea403a74/execute/sync - {"script":"<script> [56 bytes]","args":[{"element-6066-11e4-a52e-4f735466cecf":"f.B789F3E8D5EB6317E0B12CBF8AF7BC43.d.AF83F016DCDA2212795412319645AC13.e.8155","ELEMENT":"f.B789F3E8D5EB6317E0B12CBF8AF7BC43.d.AF83F016DCDA2212795412319645AC13.e.8155"}]}
RESULT: {"script":"<script> [56 bytes]","args":[{"element-6066-11e4-a52e-4f735466cecf":"f.B789F3E8D5EB6317E0B12CBF8AF7BC43.d.AF83F016DCDA2212795412319645AC13.e.8155","ELEMENT":"f.B789F3E8D5EB6317E0B12CBF8AF7BC43.d.AF83F016DCDA2212795412319645AC13.e.8155"}]}
COMMAND: POST /session/6aa7e649349f90b4840747c4ea403a74/element - {"using":"xpath","value":"//div[contains(@id, \"filterItemControl_BASIC-MAIN_ADDRESS-valueHelpDialog-table-rowsel0\")]"}
COMMAND: GET /session/6aa7e649349f90b4840747c4ea403a74/screenshot - {}
RESULT: {"using":"xpath","value":"//div[contains(@id, \"filterItemControl_BASIC-MAIN_ADDRESS-valueHelpDialog-table-rowsel0\")]"}
COMMAND: POST /session/6aa7e649349f90b4840747c4ea403a74/element/f.B789F3E8D5EB6317E0B12CBF8AF7BC43.d.AF83F016DCDA2212795412319645AC13.e.8156/click - {}
RESULT: {}
RESULT: {}
COMMAND: GET /session/6aa7e649349f90b4840747c4ea403a74/screenshot - {}
RESULT: {}
COMMAND: POST /session/6aa7e649349f90b4840747c4ea403a74/element - {"using":"xpath","value":"(//bdi[contains(text(), \"OK\")])[1]"}
RESULT: {"using":"xpath","value":"(//bdi[contains(text(), \"OK\")])[1]"}
COMMAND: POST /session/6aa7e649349f90b4840747c4ea403a74/element/f.B789F3E8D5EB6317E0B12CBF8AF7BC43.d.AF83F016DCDA2212795412319645AC13.e.8158/click - {}
RESULT: {}
COMMAND: GET /session/6aa7e649349f90b4840747c4ea403a74/screenshot - {}
RESULT: {}
COMMAND: POST /session/6aa7e649349f90b4840747c4ea403a74/element - {"using":"xpath","value":"//span[@id=\"application-managepartners-display-component---masterPtm--smartTable-header-inner\"]"}
RESULT: {"using":"xpath","value":"//span[@id=\"application-managepartners-display-component---masterPtm--smartTable-header-inner\"]"}
COMMAND: POST /session/6aa7e649349f90b4840747c4ea403a74/elements - {"using":"xpath","value":"//span[@id=\"application-managepartners-display-component---masterPtm--smartTable-header-inner\"]"}
RESULT: {"using":"xpath","value":"//span[@id=\"application-managepartners-display-component---masterPtm--smartTable-header-inner\"]"}
COMMAND: POST /session/6aa7e649349f90b4840747c4ea403a74/execute/sync - {"script":"<script> [56 bytes]","args":[{"element-6066-11e4-a52e-4f735466cecf":"f.B789F3E8D5EB6317E0B12CBF8AF7BC43.d.AF83F016DCDA2212795412319645AC13.e.7719","ELEMENT":"f.B789F3E8D5EB6317E0B12CBF8AF7BC43.d.AF83F016DCDA2212795412319645AC13.e.7719"}]}
RESULT: {"script":"<script> [56 bytes]","args":[{"element-6066-11e4-a52e-4f735466cecf":"f.B789F3E8D5EB6317E0B12CBF8AF7BC43.d.AF83F016DCDA2212795412319645AC13.e.7719","ELEMENT":"f.B789F3E8D5EB6317E0B12CBF8AF7BC43.d.AF83F016DCDA2212795412319645AC13.e.7719"}]}
COMMAND: POST /session/6aa7e649349f90b4840747c4ea403a74/element - {"using":"xpath","value":"//span[contains(@title, \"Remove\")]"}
COMMAND: GET /session/6aa7e649349f90b4840747c4ea403a74/screenshot - {}
RESULT: {"using":"xpath","value":"//span[contains(@title, \"Remove\")]"}
COMMAND: POST /session/6aa7e649349f90b4840747c4ea403a74/element/f.B789F3E8D5EB6317E0B12CBF8AF7BC43.d.AF83F016DCDA2212795412319645AC13.e.8171/click - {}
RESULT: {}
RESULT: {}
COMMAND: GET /session/6aa7e649349f90b4840747c4ea403a74/screenshot - {}
RESULT: {}
COMMAND: POST /session/6aa7e649349f90b4840747c4ea403a74/execute/async - {"script":"<script> [1562 bytes]","args":[{"selector":{"id":"application-managepartners-display-component---masterPtm--catalogs-arrow"},"wdio_ui5_key":"applicationmanagepartners-display-component---masterPtm--catalogs-arrow"}]}
RESULT: {"script":"<script> [1562 bytes]","args":[{"selector":{"id":"application-managepartners-display-component---masterPtm--catalogs-arrow"},"wdio_ui5_key":"applicationmanagepartners-display-component---masterPtm--catalogs-arrow"}]}
RESULT: undefined
COMMAND: POST /session/6aa7e649349f90b4840747c4ea403a74/element - {"using":"xpath","value":"//*[@id=\"application-managepartners-display-component---masterPtm--catalogs-arrow\"]"}
RESULT: {"using":"xpath","value":"//*[@id=\"application-managepartners-display-component---masterPtm--catalogs-arrow\"]"}
COMMAND: POST /session/6aa7e649349f90b4840747c4ea403a74/element/f.B789F3E8D5EB6317E0B12CBF8AF7BC43.d.AF83F016DCDA2212795412319645AC13.e.8276/click - {}
RESULT: {}
COMMAND: GET /session/6aa7e649349f90b4840747c4ea403a74/screenshot - {}
RESULT: {}
COMMAND: POST /session/6aa7e649349f90b4840747c4ea403a74/element - {"using":"xpath","value":"//li[.//span[text()=\"Webshop Catalog\"]]//div[contains(@class,\"sapMCbBg\")]"}
RESULT: {"using":"xpath","value":"//li[.//span[text()=\"Webshop Catalog\"]]//div[contains(@class,\"sapMCbBg\")]"}
COMMAND: POST /session/6aa7e649349f90b4840747c4ea403a74/element/f.B789F3E8D5EB6317E0B12CBF8AF7BC43.d.AF83F016DCDA2212795412319645AC13.e.8288/click - {}
RESULT: {}
COMMAND: GET /session/6aa7e649349f90b4840747c4ea403a74/screenshot - {}
RESULT: {}
RESULT: undefined
COMMAND: POST /session/6aa7e649349f90b4840747c4ea403a74/element - {"using":"xpath","value":"//*[@id=\"application-managepartners-display-component---masterPtm--catalogs-arrow\"]"}
RESULT: {"using":"xpath","value":"//*[@id=\"application-managepartners-display-component---masterPtm--catalogs-arrow\"]"}
COMMAND: POST /session/6aa7e649349f90b4840747c4ea403a74/element/f.B789F3E8D5EB6317E0B12CBF8AF7BC43.d.AF83F016DCDA2212795412319645AC13.e.8276/click - {}
RESULT: {}
COMMAND: POST /session/6aa7e649349f90b4840747c4ea403a74/element - {"using":"xpath","value":"//span[@id=\"application-managepartners-display-component---masterPtm--smartTable-header-inner\"]"}
COMMAND: GET /session/6aa7e649349f90b4840747c4ea403a74/screenshot - {}
RESULT: {"using":"xpath","value":"//span[@id=\"application-managepartners-display-component---masterPtm--smartTable-header-inner\"]"}
COMMAND: POST /session/6aa7e649349f90b4840747c4ea403a74/elements - {"using":"xpath","value":"//span[@id=\"application-managepartners-display-component---masterPtm--smartTable-header-inner\"]"}
RESULT: {}
RESULT: {"using":"xpath","value":"//span[@id=\"application-managepartners-display-component---masterPtm--smartTable-header-inner\"]"}
COMMAND: POST /session/6aa7e649349f90b4840747c4ea403a74/execute/sync - {"script":"<script> [56 bytes]","args":[{"element-6066-11e4-a52e-4f735466cecf":"f.B789F3E8D5EB6317E0B12CBF8AF7BC43.d.AF83F016DCDA2212795412319645AC13.e.7719","ELEMENT":"f.B789F3E8D5EB6317E0B12CBF8AF7BC43.d.AF83F016DCDA2212795412319645AC13.e.7719"}]}
RESULT: {"script":"<script> [56 bytes]","args":[{"element-6066-11e4-a52e-4f735466cecf":"f.B789F3E8D5EB6317E0B12CBF8AF7BC43.d.AF83F016DCDA2212795412319645AC13.e.7719","ELEMENT":"f.B789F3E8D5EB6317E0B12CBF8AF7BC43.d.AF83F016DCDA2212795412319645AC13.e.7719"}]}
COMMAND: GET /session/6aa7e649349f90b4840747c4ea403a74/screenshot - {}
COMMAND: GET /session/6aa7e649349f90b4840747c4ea403a74/screenshot - {}
RESULT: {}
]]></system-out>
      <system-err><![CDATA[
TypeError: Cannot read properties of null (reading '0')
    at Context.<anonymous> (D:\a\1\s\test\specs\BTS\manage-partners.spec.js:976:97)
]]></system-err>
    </testcase>
    <testcase classname="chrome.135_0_7049_96.windows.Partner_specific_tests_US150819_US151080_US151654_US151176_US103444_US151078_US151079_US151109_US151174_US151175_US151189" name="Should do various searches US151175" time="173.565">
      <skipped />
      <system-out><![CDATA[
COMMAND: POST /session/6aa7e649349f90b4840747c4ea403a74/element - {"using":"xpath","value":"//li[.//span[text()=\"Manage Partners\"]]"}
RESULT: {}
RESULT: {"using":"xpath","value":"//li[.//span[text()=\"Manage Partners\"]]"}
COMMAND: POST /session/6aa7e649349f90b4840747c4ea403a74/element - {"using":"xpath","value":"//li[.//span[text()=\"Manage Partners\"]]"}
RESULT: {"using":"xpath","value":"//li[.//span[text()=\"Manage Partners\"]]"}
COMMAND: POST /session/6aa7e649349f90b4840747c4ea403a74/element - {"using":"css selector","value":"#shell-header-logo"}
RESULT: {"using":"css selector","value":"#shell-header-logo"}
COMMAND: POST /session/6aa7e649349f90b4840747c4ea403a74/element/f.B789F3E8D5EB6317E0B12CBF8AF7BC43.d.AF83F016DCDA2212795412319645AC13.e.7550/click - {}
COMMAND: POST /session/6aa7e649349f90b4840747c4ea403a74/execute/sync - {"script":"<script> [8489 bytes]","args":[{"element-6066-11e4-a52e-4f735466cecf":"f.B789F3E8D5EB6317E0B12CBF8AF7BC43.d.AF83F016DCDA2212795412319645AC13.e.7550","ELEMENT":"f.B789F3E8D5EB6317E0B12CBF8AF7BC43.d.AF83F016DCDA2212795412319645AC13.e.7550"}]}
RESULT: {"script":"<script> [8489 bytes]","args":[{"element-6066-11e4-a52e-4f735466cecf":"f.B789F3E8D5EB6317E0B12CBF8AF7BC43.d.AF83F016DCDA2212795412319645AC13.e.7550","ELEMENT":"f.B789F3E8D5EB6317E0B12CBF8AF7BC43.d.AF83F016DCDA2212795412319645AC13.e.7550"}]}
COMMAND: POST /session/6aa7e649349f90b4840747c4ea403a74/execute/sync - {"script":"<script> [5351 bytes]","args":[{"element-6066-11e4-a52e-4f735466cecf":"f.B789F3E8D5EB6317E0B12CBF8AF7BC43.d.AF83F016DCDA2212795412319645AC13.e.7550","ELEMENT":"f.B789F3E8D5EB6317E0B12CBF8AF7BC43.d.AF83F016DCDA2212795412319645AC13.e.7550"}]}
COMMAND: GET /session/6aa7e649349f90b4840747c4ea403a74/screenshot - {}
RESULT: {}
COMMAND: GET /session/6aa7e649349f90b4840747c4ea403a74/screenshot - {}
COMMAND: POST /session/6aa7e649349f90b4840747c4ea403a74/element - {"using":"css selector","value":"#shell-header-logo"}
RESULT: {}
RESULT: {}
RESULT: {"using":"css selector","value":"#shell-header-logo"}
COMMAND: POST /session/6aa7e649349f90b4840747c4ea403a74/execute/sync - {"script":"<script> [8489 bytes]","args":[{"element-6066-11e4-a52e-4f735466cecf":"f.B789F3E8D5EB6317E0B12CBF8AF7BC43.d.AF83F016DCDA2212795412319645AC13.e.8303","ELEMENT":"f.B789F3E8D5EB6317E0B12CBF8AF7BC43.d.AF83F016DCDA2212795412319645AC13.e.8303"}]}
RESULT: {"script":"<script> [8489 bytes]","args":[{"element-6066-11e4-a52e-4f735466cecf":"f.B789F3E8D5EB6317E0B12CBF8AF7BC43.d.AF83F016DCDA2212795412319645AC13.e.8303","ELEMENT":"f.B789F3E8D5EB6317E0B12CBF8AF7BC43.d.AF83F016DCDA2212795412319645AC13.e.8303"}]}
COMMAND: POST /session/6aa7e649349f90b4840747c4ea403a74/execute/sync - {"script":"<script> [5351 bytes]","args":[{"element-6066-11e4-a52e-4f735466cecf":"f.B789F3E8D5EB6317E0B12CBF8AF7BC43.d.AF83F016DCDA2212795412319645AC13.e.8303","ELEMENT":"f.B789F3E8D5EB6317E0B12CBF8AF7BC43.d.AF83F016DCDA2212795412319645AC13.e.8303"}]}
COMMAND: GET /session/6aa7e649349f90b4840747c4ea403a74/screenshot - {}
RESULT: {"script":"<script> [5351 bytes]","args":[{"element-6066-11e4-a52e-4f735466cecf":"f.B789F3E8D5EB6317E0B12CBF8AF7BC43.d.AF83F016DCDA2212795412319645AC13.e.8303","ELEMENT":"f.B789F3E8D5EB6317E0B12CBF8AF7BC43.d.AF83F016DCDA2212795412319645AC13.e.8303"}]}
COMMAND: GET /session/6aa7e649349f90b4840747c4ea403a74/screenshot - {}
RESULT: {}
RESULT: {}
RESULT: undefined
COMMAND: POST /session/6aa7e649349f90b4840747c4ea403a74/element - {"using":"xpath","value":"//*[@id=\"__tile30\"]"}
RESULT: {"using":"xpath","value":"//*[@id=\"__tile30\"]"}
COMMAND: POST /session/6aa7e649349f90b4840747c4ea403a74/element/f.B789F3E8D5EB6317E0B12CBF8AF7BC43.d.AF83F016DCDA2212795412319645AC13.e.4492/click - {}
RESULT: {}
COMMAND: POST /session/6aa7e649349f90b4840747c4ea403a74/element - {"using":"xpath","value":"//button[@data-kt=\"addButton\"]"}
COMMAND: GET /session/6aa7e649349f90b4840747c4ea403a74/screenshot - {}
RESULT: {"using":"xpath","value":"//button[@data-kt=\"addButton\"]"}
COMMAND: POST /session/6aa7e649349f90b4840747c4ea403a74/elements - {"using":"xpath","value":"//button[@data-kt=\"addButton\"]"}
RESULT: {}
RESULT: {"using":"xpath","value":"//button[@data-kt=\"addButton\"]"}
COMMAND: POST /session/6aa7e649349f90b4840747c4ea403a74/elements - {"using":"xpath","value":"//button[@data-kt=\"addButton\"]"}
RESULT: {"using":"xpath","value":"//button[@data-kt=\"addButton\"]"}
COMMAND: POST /session/6aa7e649349f90b4840747c4ea403a74/element - {"using":"xpath","value":"//button[@data-kt=\"addButton\"]"}
RESULT: {"using":"xpath","value":"//button[@data-kt=\"addButton\"]"}
COMMAND: POST /session/6aa7e649349f90b4840747c4ea403a74/execute/sync - {"script":"<script> [8489 bytes]","args":[{"element-6066-11e4-a52e-4f735466cecf":"f.B789F3E8D5EB6317E0B12CBF8AF7BC43.d.AF83F016DCDA2212795412319645AC13.e.8348","ELEMENT":"f.B789F3E8D5EB6317E0B12CBF8AF7BC43.d.AF83F016DCDA2212795412319645AC13.e.8348"}]}
RESULT: {"script":"<script> [8489 bytes]","args":[{"element-6066-11e4-a52e-4f735466cecf":"f.B789F3E8D5EB6317E0B12CBF8AF7BC43.d.AF83F016DCDA2212795412319645AC13.e.8348","ELEMENT":"f.B789F3E8D5EB6317E0B12CBF8AF7BC43.d.AF83F016DCDA2212795412319645AC13.e.8348"}]}
COMMAND: GET /session/6aa7e649349f90b4840747c4ea403a74/element/f.B789F3E8D5EB6317E0B12CBF8AF7BC43.d.AF83F016DCDA2212795412319645AC13.e.8348/enabled - {}
COMMAND: GET /session/6aa7e649349f90b4840747c4ea403a74/screenshot - {}
RESULT: {}
COMMAND: POST /session/6aa7e649349f90b4840747c4ea403a74/execute/sync - {"script":"<script> [8489 bytes]","args":[{"element-6066-11e4-a52e-4f735466cecf":"f.B789F3E8D5EB6317E0B12CBF8AF7BC43.d.AF83F016DCDA2212795412319645AC13.e.8348","ELEMENT":"f.B789F3E8D5EB6317E0B12CBF8AF7BC43.d.AF83F016DCDA2212795412319645AC13.e.8348"}]}
COMMAND: GET /session/6aa7e649349f90b4840747c4ea403a74/screenshot - {}
RESULT: {}
RESULT: {"script":"<script> [8489 bytes]","args":[{"element-6066-11e4-a52e-4f735466cecf":"f.B789F3E8D5EB6317E0B12CBF8AF7BC43.d.AF83F016DCDA2212795412319645AC13.e.8348","ELEMENT":"f.B789F3E8D5EB6317E0B12CBF8AF7BC43.d.AF83F016DCDA2212795412319645AC13.e.8348"}]}
COMMAND: POST /session/6aa7e649349f90b4840747c4ea403a74/execute/sync - {"script":"<script> [5351 bytes]","args":[{"element-6066-11e4-a52e-4f735466cecf":"f.B789F3E8D5EB6317E0B12CBF8AF7BC43.d.AF83F016DCDA2212795412319645AC13.e.8348","ELEMENT":"f.B789F3E8D5EB6317E0B12CBF8AF7BC43.d.AF83F016DCDA2212795412319645AC13.e.8348"}]}
COMMAND: GET /session/6aa7e649349f90b4840747c4ea403a74/screenshot - {}
RESULT: {}
RESULT: {"script":"<script> [5351 bytes]","args":[{"element-6066-11e4-a52e-4f735466cecf":"f.B789F3E8D5EB6317E0B12CBF8AF7BC43.d.AF83F016DCDA2212795412319645AC13.e.8348","ELEMENT":"f.B789F3E8D5EB6317E0B12CBF8AF7BC43.d.AF83F016DCDA2212795412319645AC13.e.8348"}]}
COMMAND: GET /session/6aa7e649349f90b4840747c4ea403a74/screenshot - {}
RESULT: {}
RESULT: {}
COMMAND: POST /session/6aa7e649349f90b4840747c4ea403a74/element - {"using":"xpath","value":"//span[@id=\"application-managepartners-display-component---masterPtm--smartTable-header-inner\"]"}
RESULT: {"using":"xpath","value":"//span[@id=\"application-managepartners-display-component---masterPtm--smartTable-header-inner\"]"}
COMMAND: POST /session/6aa7e649349f90b4840747c4ea403a74/elements - {"using":"xpath","value":"//span[@id=\"application-managepartners-display-component---masterPtm--smartTable-header-inner\"]"}
RESULT: {"using":"xpath","value":"//span[@id=\"application-managepartners-display-component---masterPtm--smartTable-header-inner\"]"}
COMMAND: POST /session/6aa7e649349f90b4840747c4ea403a74/execute/sync - {"script":"<script> [56 bytes]","args":[{"element-6066-11e4-a52e-4f735466cecf":"f.B789F3E8D5EB6317E0B12CBF8AF7BC43.d.AF83F016DCDA2212795412319645AC13.e.8473","ELEMENT":"f.B789F3E8D5EB6317E0B12CBF8AF7BC43.d.AF83F016DCDA2212795412319645AC13.e.8473"}]}
RESULT: {"script":"<script> [56 bytes]","args":[{"element-6066-11e4-a52e-4f735466cecf":"f.B789F3E8D5EB6317E0B12CBF8AF7BC43.d.AF83F016DCDA2212795412319645AC13.e.8473","ELEMENT":"f.B789F3E8D5EB6317E0B12CBF8AF7BC43.d.AF83F016DCDA2212795412319645AC13.e.8473"}]}
RESULT: undefined
COMMAND: POST /session/6aa7e649349f90b4840747c4ea403a74/element - {"using":"xpath","value":"//*[@id=\"application-managepartners-display-component---masterPtm--smartFilterBar-btnFilters\"]"}
COMMAND: GET /session/6aa7e649349f90b4840747c4ea403a74/screenshot - {}
RESULT: {"using":"xpath","value":"//*[@id=\"application-managepartners-display-component---masterPtm--smartFilterBar-btnFilters\"]"}
COMMAND: POST /session/6aa7e649349f90b4840747c4ea403a74/element/f.B789F3E8D5EB6317E0B12CBF8AF7BC43.d.AF83F016DCDA2212795412319645AC13.e.8313/click - {}
RESULT: {}
RESULT: {}
COMMAND: GET /session/6aa7e649349f90b4840747c4ea403a74/screenshot - {}
RESULT: {}
COMMAND: POST /session/6aa7e649349f90b4840747c4ea403a74/elements - {"using":"xpath","value":"//table[contains(@id, \"listView-innerSelectionPanelTable-listUl\")]/tbody/tr"}
RESULT: {"using":"xpath","value":"//table[contains(@id, \"listView-innerSelectionPanelTable-listUl\")]/tbody/tr"}
COMMAND: POST /session/6aa7e649349f90b4840747c4ea403a74/element - {"using":"xpath","value":"//table[contains(@id, \"listView-innerSelectionPanelTable-listUl\")]/tbody/tr[2]/td[2]/div/div"}
RESULT: {"using":"xpath","value":"//table[contains(@id, \"listView-innerSelectionPanelTable-listUl\")]/tbody/tr[2]/td[2]/div/div"}
COMMAND: POST /session/6aa7e649349f90b4840747c4ea403a74/element - {"using":"xpath","value":"//table[contains(@id, \"listView-innerSelectionPanelTable-listUl\")]/tbody/tr[2]/td[2]/div"}
RESULT: {"using":"xpath","value":"//table[contains(@id, \"listView-innerSelectionPanelTable-listUl\")]/tbody/tr[2]/td[2]/div"}
COMMAND: POST /session/6aa7e649349f90b4840747c4ea403a74/element - {"using":"xpath","value":"//table[contains(@id, \"listView-innerSelectionPanelTable-listUl\")]/tbody/tr[2]/td[3]/div/div/span/span[1]/bdi"}
RESULT: {"using":"xpath","value":"//table[contains(@id, \"listView-innerSelectionPanelTable-listUl\")]/tbody/tr[2]/td[3]/div/div/span/span[1]/bdi"}
COMMAND: POST /session/6aa7e649349f90b4840747c4ea403a74/execute/sync - {"script":"<script> [56 bytes]","args":[{"element-6066-11e4-a52e-4f735466cecf":"f.B789F3E8D5EB6317E0B12CBF8AF7BC43.d.AF83F016DCDA2212795412319645AC13.e.8541","ELEMENT":"f.B789F3E8D5EB6317E0B12CBF8AF7BC43.d.AF83F016DCDA2212795412319645AC13.e.8541"}]}
RESULT: {"script":"<script> [56 bytes]","args":[{"element-6066-11e4-a52e-4f735466cecf":"f.B789F3E8D5EB6317E0B12CBF8AF7BC43.d.AF83F016DCDA2212795412319645AC13.e.8541","ELEMENT":"f.B789F3E8D5EB6317E0B12CBF8AF7BC43.d.AF83F016DCDA2212795412319645AC13.e.8541"}]}
COMMAND: GET /session/6aa7e649349f90b4840747c4ea403a74/element/f.B789F3E8D5EB6317E0B12CBF8AF7BC43.d.AF83F016DCDA2212795412319645AC13.e.8540/attribute/aria-checked - {}
COMMAND: GET /session/6aa7e649349f90b4840747c4ea403a74/screenshot - {}
RESULT: {}
COMMAND: POST /session/6aa7e649349f90b4840747c4ea403a74/element - {"using":"xpath","value":"//table[contains(@id, \"listView-innerSelectionPanelTable-listUl\")]/tbody/tr[3]/td[2]/div/div"}
RESULT: {}
RESULT: {"using":"xpath","value":"//table[contains(@id, \"listView-innerSelectionPanelTable-listUl\")]/tbody/tr[3]/td[2]/div/div"}
COMMAND: POST /session/6aa7e649349f90b4840747c4ea403a74/element - {"using":"xpath","value":"//table[contains(@id, \"listView-innerSelectionPanelTable-listUl\")]/tbody/tr[3]/td[2]/div"}
RESULT: {"using":"xpath","value":"//table[contains(@id, \"listView-innerSelectionPanelTable-listUl\")]/tbody/tr[3]/td[2]/div"}
COMMAND: POST /session/6aa7e649349f90b4840747c4ea403a74/element - {"using":"xpath","value":"//table[contains(@id, \"listView-innerSelectionPanelTable-listUl\")]/tbody/tr[3]/td[3]/div/div/span/span[1]/bdi"}
RESULT: {"using":"xpath","value":"//table[contains(@id, \"listView-innerSelectionPanelTable-listUl\")]/tbody/tr[3]/td[3]/div/div/span/span[1]/bdi"}
COMMAND: POST /session/6aa7e649349f90b4840747c4ea403a74/execute/sync - {"script":"<script> [56 bytes]","args":[{"element-6066-11e4-a52e-4f735466cecf":"f.B789F3E8D5EB6317E0B12CBF8AF7BC43.d.AF83F016DCDA2212795412319645AC13.e.8544","ELEMENT":"f.B789F3E8D5EB6317E0B12CBF8AF7BC43.d.AF83F016DCDA2212795412319645AC13.e.8544"}]}
RESULT: {"script":"<script> [56 bytes]","args":[{"element-6066-11e4-a52e-4f735466cecf":"f.B789F3E8D5EB6317E0B12CBF8AF7BC43.d.AF83F016DCDA2212795412319645AC13.e.8544","ELEMENT":"f.B789F3E8D5EB6317E0B12CBF8AF7BC43.d.AF83F016DCDA2212795412319645AC13.e.8544"}]}
COMMAND: GET /session/6aa7e649349f90b4840747c4ea403a74/element/f.B789F3E8D5EB6317E0B12CBF8AF7BC43.d.AF83F016DCDA2212795412319645AC13.e.8543/attribute/aria-checked - {}
COMMAND: GET /session/6aa7e649349f90b4840747c4ea403a74/screenshot - {}
RESULT: {}
COMMAND: POST /session/6aa7e649349f90b4840747c4ea403a74/element - {"using":"xpath","value":"//table[contains(@id, \"listView-innerSelectionPanelTable-listUl\")]/tbody/tr[4]/td[2]/div/div"}
RESULT: {}
RESULT: {"using":"xpath","value":"//table[contains(@id, \"listView-innerSelectionPanelTable-listUl\")]/tbody/tr[4]/td[2]/div/div"}
COMMAND: POST /session/6aa7e649349f90b4840747c4ea403a74/element - {"using":"xpath","value":"//table[contains(@id, \"listView-innerSelectionPanelTable-listUl\")]/tbody/tr[4]/td[2]/div"}
RESULT: {"using":"xpath","value":"//table[contains(@id, \"listView-innerSelectionPanelTable-listUl\")]/tbody/tr[4]/td[2]/div"}
COMMAND: POST /session/6aa7e649349f90b4840747c4ea403a74/element - {"using":"xpath","value":"//table[contains(@id, \"listView-innerSelectionPanelTable-listUl\")]/tbody/tr[4]/td[3]/div/div/span/span[1]/bdi"}
RESULT: {"using":"xpath","value":"//table[contains(@id, \"listView-innerSelectionPanelTable-listUl\")]/tbody/tr[4]/td[3]/div/div/span/span[1]/bdi"}
COMMAND: POST /session/6aa7e649349f90b4840747c4ea403a74/execute/sync - {"script":"<script> [56 bytes]","args":[{"element-6066-11e4-a52e-4f735466cecf":"f.B789F3E8D5EB6317E0B12CBF8AF7BC43.d.AF83F016DCDA2212795412319645AC13.e.8547","ELEMENT":"f.B789F3E8D5EB6317E0B12CBF8AF7BC43.d.AF83F016DCDA2212795412319645AC13.e.8547"}]}
RESULT: {"script":"<script> [56 bytes]","args":[{"element-6066-11e4-a52e-4f735466cecf":"f.B789F3E8D5EB6317E0B12CBF8AF7BC43.d.AF83F016DCDA2212795412319645AC13.e.8547","ELEMENT":"f.B789F3E8D5EB6317E0B12CBF8AF7BC43.d.AF83F016DCDA2212795412319645AC13.e.8547"}]}
COMMAND: GET /session/6aa7e649349f90b4840747c4ea403a74/element/f.B789F3E8D5EB6317E0B12CBF8AF7BC43.d.AF83F016DCDA2212795412319645AC13.e.8546/attribute/aria-checked - {}
COMMAND: GET /session/6aa7e649349f90b4840747c4ea403a74/screenshot - {}
RESULT: {}
COMMAND: POST /session/6aa7e649349f90b4840747c4ea403a74/element - {"using":"xpath","value":"//table[contains(@id, \"listView-innerSelectionPanelTable-listUl\")]/tbody/tr[5]/td[2]/div/div"}
RESULT: {}
RESULT: {"using":"xpath","value":"//table[contains(@id, \"listView-innerSelectionPanelTable-listUl\")]/tbody/tr[5]/td[2]/div/div"}
COMMAND: POST /session/6aa7e649349f90b4840747c4ea403a74/element - {"using":"xpath","value":"//table[contains(@id, \"listView-innerSelectionPanelTable-listUl\")]/tbody/tr[5]/td[2]/div"}
RESULT: {"using":"xpath","value":"//table[contains(@id, \"listView-innerSelectionPanelTable-listUl\")]/tbody/tr[5]/td[2]/div"}
COMMAND: POST /session/6aa7e649349f90b4840747c4ea403a74/element - {"using":"xpath","value":"//table[contains(@id, \"listView-innerSelectionPanelTable-listUl\")]/tbody/tr[5]/td[3]/div/div/span/span[1]/bdi"}
RESULT: {"using":"xpath","value":"//table[contains(@id, \"listView-innerSelectionPanelTable-listUl\")]/tbody/tr[5]/td[3]/div/div/span/span[1]/bdi"}
COMMAND: POST /session/6aa7e649349f90b4840747c4ea403a74/execute/sync - {"script":"<script> [56 bytes]","args":[{"element-6066-11e4-a52e-4f735466cecf":"f.B789F3E8D5EB6317E0B12CBF8AF7BC43.d.AF83F016DCDA2212795412319645AC13.e.8550","ELEMENT":"f.B789F3E8D5EB6317E0B12CBF8AF7BC43.d.AF83F016DCDA2212795412319645AC13.e.8550"}]}
RESULT: {"script":"<script> [56 bytes]","args":[{"element-6066-11e4-a52e-4f735466cecf":"f.B789F3E8D5EB6317E0B12CBF8AF7BC43.d.AF83F016DCDA2212795412319645AC13.e.8550","ELEMENT":"f.B789F3E8D5EB6317E0B12CBF8AF7BC43.d.AF83F016DCDA2212795412319645AC13.e.8550"}]}
COMMAND: GET /session/6aa7e649349f90b4840747c4ea403a74/element/f.B789F3E8D5EB6317E0B12CBF8AF7BC43.d.AF83F016DCDA2212795412319645AC13.e.8549/attribute/aria-checked - {}
COMMAND: GET /session/6aa7e649349f90b4840747c4ea403a74/screenshot - {}
RESULT: {}
COMMAND: POST /session/6aa7e649349f90b4840747c4ea403a74/element - {"using":"xpath","value":"//table[contains(@id, \"listView-innerSelectionPanelTable-listUl\")]/tbody/tr[6]/td[2]/div/div"}
RESULT: {}
RESULT: {"using":"xpath","value":"//table[contains(@id, \"listView-innerSelectionPanelTable-listUl\")]/tbody/tr[6]/td[2]/div/div"}
COMMAND: POST /session/6aa7e649349f90b4840747c4ea403a74/element - {"using":"xpath","value":"//table[contains(@id, \"listView-innerSelectionPanelTable-listUl\")]/tbody/tr[6]/td[2]/div"}
RESULT: {"using":"xpath","value":"//table[contains(@id, \"listView-innerSelectionPanelTable-listUl\")]/tbody/tr[6]/td[2]/div"}
COMMAND: POST /session/6aa7e649349f90b4840747c4ea403a74/element - {"using":"xpath","value":"//table[contains(@id, \"listView-innerSelectionPanelTable-listUl\")]/tbody/tr[6]/td[3]/div/div/span/span[1]/bdi"}
RESULT: {"using":"xpath","value":"//table[contains(@id, \"listView-innerSelectionPanelTable-listUl\")]/tbody/tr[6]/td[3]/div/div/span/span[1]/bdi"}
COMMAND: POST /session/6aa7e649349f90b4840747c4ea403a74/execute/sync - {"script":"<script> [56 bytes]","args":[{"element-6066-11e4-a52e-4f735466cecf":"f.B789F3E8D5EB6317E0B12CBF8AF7BC43.d.AF83F016DCDA2212795412319645AC13.e.8553","ELEMENT":"f.B789F3E8D5EB6317E0B12CBF8AF7BC43.d.AF83F016DCDA2212795412319645AC13.e.8553"}]}
RESULT: {"script":"<script> [56 bytes]","args":[{"element-6066-11e4-a52e-4f735466cecf":"f.B789F3E8D5EB6317E0B12CBF8AF7BC43.d.AF83F016DCDA2212795412319645AC13.e.8553","ELEMENT":"f.B789F3E8D5EB6317E0B12CBF8AF7BC43.d.AF83F016DCDA2212795412319645AC13.e.8553"}]}
COMMAND: GET /session/6aa7e649349f90b4840747c4ea403a74/element/f.B789F3E8D5EB6317E0B12CBF8AF7BC43.d.AF83F016DCDA2212795412319645AC13.e.8552/attribute/aria-checked - {}
COMMAND: GET /session/6aa7e649349f90b4840747c4ea403a74/screenshot - {}
RESULT: {}
COMMAND: POST /session/6aa7e649349f90b4840747c4ea403a74/element - {"using":"xpath","value":"//table[contains(@id, \"listView-innerSelectionPanelTable-listUl\")]/tbody/tr[7]/td[2]/div/div"}
RESULT: {}
RESULT: {"using":"xpath","value":"//table[contains(@id, \"listView-innerSelectionPanelTable-listUl\")]/tbody/tr[7]/td[2]/div/div"}
COMMAND: POST /session/6aa7e649349f90b4840747c4ea403a74/element - {"using":"xpath","value":"//table[contains(@id, \"listView-innerSelectionPanelTable-listUl\")]/tbody/tr[7]/td[2]/div"}
RESULT: {"using":"xpath","value":"//table[contains(@id, \"listView-innerSelectionPanelTable-listUl\")]/tbody/tr[7]/td[2]/div"}
COMMAND: POST /session/6aa7e649349f90b4840747c4ea403a74/element - {"using":"xpath","value":"//table[contains(@id, \"listView-innerSelectionPanelTable-listUl\")]/tbody/tr[7]/td[3]/div/div/span/span[1]/bdi"}
RESULT: {"using":"xpath","value":"//table[contains(@id, \"listView-innerSelectionPanelTable-listUl\")]/tbody/tr[7]/td[3]/div/div/span/span[1]/bdi"}
COMMAND: POST /session/6aa7e649349f90b4840747c4ea403a74/execute/sync - {"script":"<script> [56 bytes]","args":[{"element-6066-11e4-a52e-4f735466cecf":"f.B789F3E8D5EB6317E0B12CBF8AF7BC43.d.AF83F016DCDA2212795412319645AC13.e.8556","ELEMENT":"f.B789F3E8D5EB6317E0B12CBF8AF7BC43.d.AF83F016DCDA2212795412319645AC13.e.8556"}]}
RESULT: {"script":"<script> [56 bytes]","args":[{"element-6066-11e4-a52e-4f735466cecf":"f.B789F3E8D5EB6317E0B12CBF8AF7BC43.d.AF83F016DCDA2212795412319645AC13.e.8556","ELEMENT":"f.B789F3E8D5EB6317E0B12CBF8AF7BC43.d.AF83F016DCDA2212795412319645AC13.e.8556"}]}
COMMAND: GET /session/6aa7e649349f90b4840747c4ea403a74/element/f.B789F3E8D5EB6317E0B12CBF8AF7BC43.d.AF83F016DCDA2212795412319645AC13.e.8555/attribute/aria-checked - {}
COMMAND: GET /session/6aa7e649349f90b4840747c4ea403a74/screenshot - {}
RESULT: {}
COMMAND: POST /session/6aa7e649349f90b4840747c4ea403a74/element - {"using":"xpath","value":"//table[contains(@id, \"listView-innerSelectionPanelTable-listUl\")]/tbody/tr[8]/td[2]/div/div"}
RESULT: {}
RESULT: {"using":"xpath","value":"//table[contains(@id, \"listView-innerSelectionPanelTable-listUl\")]/tbody/tr[8]/td[2]/div/div"}
COMMAND: POST /session/6aa7e649349f90b4840747c4ea403a74/element - {"using":"xpath","value":"//table[contains(@id, \"listView-innerSelectionPanelTable-listUl\")]/tbody/tr[8]/td[2]/div"}
RESULT: {"using":"xpath","value":"//table[contains(@id, \"listView-innerSelectionPanelTable-listUl\")]/tbody/tr[8]/td[2]/div"}
COMMAND: POST /session/6aa7e649349f90b4840747c4ea403a74/element - {"using":"xpath","value":"//table[contains(@id, \"listView-innerSelectionPanelTable-listUl\")]/tbody/tr[8]/td[3]/div/div/span/span[1]/bdi"}
RESULT: {"using":"xpath","value":"//table[contains(@id, \"listView-innerSelectionPanelTable-listUl\")]/tbody/tr[8]/td[3]/div/div/span/span[1]/bdi"}
COMMAND: POST /session/6aa7e649349f90b4840747c4ea403a74/execute/sync - {"script":"<script> [56 bytes]","args":[{"element-6066-11e4-a52e-4f735466cecf":"f.B789F3E8D5EB6317E0B12CBF8AF7BC43.d.AF83F016DCDA2212795412319645AC13.e.8559","ELEMENT":"f.B789F3E8D5EB6317E0B12CBF8AF7BC43.d.AF83F016DCDA2212795412319645AC13.e.8559"}]}
RESULT: {"script":"<script> [56 bytes]","args":[{"element-6066-11e4-a52e-4f735466cecf":"f.B789F3E8D5EB6317E0B12CBF8AF7BC43.d.AF83F016DCDA2212795412319645AC13.e.8559","ELEMENT":"f.B789F3E8D5EB6317E0B12CBF8AF7BC43.d.AF83F016DCDA2212795412319645AC13.e.8559"}]}
COMMAND: GET /session/6aa7e649349f90b4840747c4ea403a74/element/f.B789F3E8D5EB6317E0B12CBF8AF7BC43.d.AF83F016DCDA2212795412319645AC13.e.8558/attribute/aria-checked - {}
COMMAND: GET /session/6aa7e649349f90b4840747c4ea403a74/screenshot - {}
RESULT: {}
COMMAND: POST /session/6aa7e649349f90b4840747c4ea403a74/element - {"using":"xpath","value":"//table[contains(@id, \"listView-innerSelectionPanelTable-listUl\")]/tbody/tr[9]/td[2]/div/div"}
RESULT: {}
RESULT: {"using":"xpath","value":"//table[contains(@id, \"listView-innerSelectionPanelTable-listUl\")]/tbody/tr[9]/td[2]/div/div"}
COMMAND: POST /session/6aa7e649349f90b4840747c4ea403a74/element - {"using":"xpath","value":"//table[contains(@id, \"listView-innerSelectionPanelTable-listUl\")]/tbody/tr[9]/td[2]/div"}
RESULT: {"using":"xpath","value":"//table[contains(@id, \"listView-innerSelectionPanelTable-listUl\")]/tbody/tr[9]/td[2]/div"}
COMMAND: POST /session/6aa7e649349f90b4840747c4ea403a74/element - {"using":"xpath","value":"//table[contains(@id, \"listView-innerSelectionPanelTable-listUl\")]/tbody/tr[9]/td[3]/div/div/span/span[1]/bdi"}
RESULT: {"using":"xpath","value":"//table[contains(@id, \"listView-innerSelectionPanelTable-listUl\")]/tbody/tr[9]/td[3]/div/div/span/span[1]/bdi"}
COMMAND: POST /session/6aa7e649349f90b4840747c4ea403a74/execute/sync - {"script":"<script> [56 bytes]","args":[{"element-6066-11e4-a52e-4f735466cecf":"f.B789F3E8D5EB6317E0B12CBF8AF7BC43.d.AF83F016DCDA2212795412319645AC13.e.8562","ELEMENT":"f.B789F3E8D5EB6317E0B12CBF8AF7BC43.d.AF83F016DCDA2212795412319645AC13.e.8562"}]}
RESULT: {"script":"<script> [56 bytes]","args":[{"element-6066-11e4-a52e-4f735466cecf":"f.B789F3E8D5EB6317E0B12CBF8AF7BC43.d.AF83F016DCDA2212795412319645AC13.e.8562","ELEMENT":"f.B789F3E8D5EB6317E0B12CBF8AF7BC43.d.AF83F016DCDA2212795412319645AC13.e.8562"}]}
COMMAND: GET /session/6aa7e649349f90b4840747c4ea403a74/element/f.B789F3E8D5EB6317E0B12CBF8AF7BC43.d.AF83F016DCDA2212795412319645AC13.e.8561/attribute/aria-checked - {}
COMMAND: GET /session/6aa7e649349f90b4840747c4ea403a74/screenshot - {}
RESULT: {}
COMMAND: POST /session/6aa7e649349f90b4840747c4ea403a74/element - {"using":"xpath","value":"//table[contains(@id, \"listView-innerSelectionPanelTable-listUl\")]/tbody/tr[10]/td[2]/div/div"}
RESULT: {}
RESULT: {"using":"xpath","value":"//table[contains(@id, \"listView-innerSelectionPanelTable-listUl\")]/tbody/tr[10]/td[2]/div/div"}
COMMAND: POST /session/6aa7e649349f90b4840747c4ea403a74/element - {"using":"xpath","value":"//table[contains(@id, \"listView-innerSelectionPanelTable-listUl\")]/tbody/tr[10]/td[2]/div"}
RESULT: {"using":"xpath","value":"//table[contains(@id, \"listView-innerSelectionPanelTable-listUl\")]/tbody/tr[10]/td[2]/div"}
COMMAND: POST /session/6aa7e649349f90b4840747c4ea403a74/element - {"using":"xpath","value":"//table[contains(@id, \"listView-innerSelectionPanelTable-listUl\")]/tbody/tr[10]/td[3]/div/div/span/span[1]/bdi"}
RESULT: {"using":"xpath","value":"//table[contains(@id, \"listView-innerSelectionPanelTable-listUl\")]/tbody/tr[10]/td[3]/div/div/span/span[1]/bdi"}
COMMAND: POST /session/6aa7e649349f90b4840747c4ea403a74/execute/sync - {"script":"<script> [56 bytes]","args":[{"element-6066-11e4-a52e-4f735466cecf":"f.B789F3E8D5EB6317E0B12CBF8AF7BC43.d.AF83F016DCDA2212795412319645AC13.e.8565","ELEMENT":"f.B789F3E8D5EB6317E0B12CBF8AF7BC43.d.AF83F016DCDA2212795412319645AC13.e.8565"}]}
RESULT: {"script":"<script> [56 bytes]","args":[{"element-6066-11e4-a52e-4f735466cecf":"f.B789F3E8D5EB6317E0B12CBF8AF7BC43.d.AF83F016DCDA2212795412319645AC13.e.8565","ELEMENT":"f.B789F3E8D5EB6317E0B12CBF8AF7BC43.d.AF83F016DCDA2212795412319645AC13.e.8565"}]}
COMMAND: GET /session/6aa7e649349f90b4840747c4ea403a74/element/f.B789F3E8D5EB6317E0B12CBF8AF7BC43.d.AF83F016DCDA2212795412319645AC13.e.8564/attribute/aria-checked - {}
COMMAND: GET /session/6aa7e649349f90b4840747c4ea403a74/screenshot - {}
RESULT: {}
COMMAND: POST /session/6aa7e649349f90b4840747c4ea403a74/element - {"using":"xpath","value":"//table[contains(@id, \"listView-innerSelectionPanelTable-listUl\")]/tbody/tr[11]/td[2]/div/div"}
RESULT: {}
RESULT: {"using":"xpath","value":"//table[contains(@id, \"listView-innerSelectionPanelTable-listUl\")]/tbody/tr[11]/td[2]/div/div"}
COMMAND: POST /session/6aa7e649349f90b4840747c4ea403a74/element - {"using":"xpath","value":"//table[contains(@id, \"listView-innerSelectionPanelTable-listUl\")]/tbody/tr[11]/td[2]/div"}
RESULT: {"using":"xpath","value":"//table[contains(@id, \"listView-innerSelectionPanelTable-listUl\")]/tbody/tr[11]/td[2]/div"}
COMMAND: POST /session/6aa7e649349f90b4840747c4ea403a74/element - {"using":"xpath","value":"//table[contains(@id, \"listView-innerSelectionPanelTable-listUl\")]/tbody/tr[11]/td[3]/div/div/span/span[1]/bdi"}
RESULT: {"using":"xpath","value":"//table[contains(@id, \"listView-innerSelectionPanelTable-listUl\")]/tbody/tr[11]/td[3]/div/div/span/span[1]/bdi"}
COMMAND: POST /session/6aa7e649349f90b4840747c4ea403a74/execute/sync - {"script":"<script> [56 bytes]","args":[{"element-6066-11e4-a52e-4f735466cecf":"f.B789F3E8D5EB6317E0B12CBF8AF7BC43.d.AF83F016DCDA2212795412319645AC13.e.8568","ELEMENT":"f.B789F3E8D5EB6317E0B12CBF8AF7BC43.d.AF83F016DCDA2212795412319645AC13.e.8568"}]}
RESULT: {"script":"<script> [56 bytes]","args":[{"element-6066-11e4-a52e-4f735466cecf":"f.B789F3E8D5EB6317E0B12CBF8AF7BC43.d.AF83F016DCDA2212795412319645AC13.e.8568","ELEMENT":"f.B789F3E8D5EB6317E0B12CBF8AF7BC43.d.AF83F016DCDA2212795412319645AC13.e.8568"}]}
COMMAND: GET /session/6aa7e649349f90b4840747c4ea403a74/element/f.B789F3E8D5EB6317E0B12CBF8AF7BC43.d.AF83F016DCDA2212795412319645AC13.e.8567/attribute/aria-checked - {}
COMMAND: GET /session/6aa7e649349f90b4840747c4ea403a74/screenshot - {}
RESULT: {}
COMMAND: POST /session/6aa7e649349f90b4840747c4ea403a74/element - {"using":"xpath","value":"//table[contains(@id, \"listView-innerSelectionPanelTable-listUl\")]/tbody/tr[12]/td[2]/div/div"}
RESULT: {}
RESULT: {"using":"xpath","value":"//table[contains(@id, \"listView-innerSelectionPanelTable-listUl\")]/tbody/tr[12]/td[2]/div/div"}
COMMAND: POST /session/6aa7e649349f90b4840747c4ea403a74/element - {"using":"xpath","value":"//table[contains(@id, \"listView-innerSelectionPanelTable-listUl\")]/tbody/tr[12]/td[2]/div"}
RESULT: {"using":"xpath","value":"//table[contains(@id, \"listView-innerSelectionPanelTable-listUl\")]/tbody/tr[12]/td[2]/div"}
COMMAND: POST /session/6aa7e649349f90b4840747c4ea403a74/element - {"using":"xpath","value":"//table[contains(@id, \"listView-innerSelectionPanelTable-listUl\")]/tbody/tr[12]/td[3]/div/div/span/span[1]/bdi"}
RESULT: {"using":"xpath","value":"//table[contains(@id, \"listView-innerSelectionPanelTable-listUl\")]/tbody/tr[12]/td[3]/div/div/span/span[1]/bdi"}
COMMAND: POST /session/6aa7e649349f90b4840747c4ea403a74/execute/sync - {"script":"<script> [56 bytes]","args":[{"element-6066-11e4-a52e-4f735466cecf":"f.B789F3E8D5EB6317E0B12CBF8AF7BC43.d.AF83F016DCDA2212795412319645AC13.e.8571","ELEMENT":"f.B789F3E8D5EB6317E0B12CBF8AF7BC43.d.AF83F016DCDA2212795412319645AC13.e.8571"}]}
RESULT: {"script":"<script> [56 bytes]","args":[{"element-6066-11e4-a52e-4f735466cecf":"f.B789F3E8D5EB6317E0B12CBF8AF7BC43.d.AF83F016DCDA2212795412319645AC13.e.8571","ELEMENT":"f.B789F3E8D5EB6317E0B12CBF8AF7BC43.d.AF83F016DCDA2212795412319645AC13.e.8571"}]}
COMMAND: GET /session/6aa7e649349f90b4840747c4ea403a74/element/f.B789F3E8D5EB6317E0B12CBF8AF7BC43.d.AF83F016DCDA2212795412319645AC13.e.8570/attribute/aria-checked - {}
COMMAND: GET /session/6aa7e649349f90b4840747c4ea403a74/screenshot - {}
RESULT: {}
COMMAND: POST /session/6aa7e649349f90b4840747c4ea403a74/element - {"using":"xpath","value":"//table[contains(@id, \"listView-innerSelectionPanelTable-listUl\")]/tbody/tr[13]/td[2]/div/div"}
RESULT: {}
RESULT: {"using":"xpath","value":"//table[contains(@id, \"listView-innerSelectionPanelTable-listUl\")]/tbody/tr[13]/td[2]/div/div"}
COMMAND: POST /session/6aa7e649349f90b4840747c4ea403a74/element - {"using":"xpath","value":"//table[contains(@id, \"listView-innerSelectionPanelTable-listUl\")]/tbody/tr[13]/td[2]/div"}
RESULT: {"using":"xpath","value":"//table[contains(@id, \"listView-innerSelectionPanelTable-listUl\")]/tbody/tr[13]/td[2]/div"}
COMMAND: POST /session/6aa7e649349f90b4840747c4ea403a74/element - {"using":"xpath","value":"//table[contains(@id, \"listView-innerSelectionPanelTable-listUl\")]/tbody/tr[13]/td[3]/div/div/span/span[1]/bdi"}
RESULT: {"using":"xpath","value":"//table[contains(@id, \"listView-innerSelectionPanelTable-listUl\")]/tbody/tr[13]/td[3]/div/div/span/span[1]/bdi"}
COMMAND: POST /session/6aa7e649349f90b4840747c4ea403a74/execute/sync - {"script":"<script> [56 bytes]","args":[{"element-6066-11e4-a52e-4f735466cecf":"f.B789F3E8D5EB6317E0B12CBF8AF7BC43.d.AF83F016DCDA2212795412319645AC13.e.8574","ELEMENT":"f.B789F3E8D5EB6317E0B12CBF8AF7BC43.d.AF83F016DCDA2212795412319645AC13.e.8574"}]}
RESULT: {"script":"<script> [56 bytes]","args":[{"element-6066-11e4-a52e-4f735466cecf":"f.B789F3E8D5EB6317E0B12CBF8AF7BC43.d.AF83F016DCDA2212795412319645AC13.e.8574","ELEMENT":"f.B789F3E8D5EB6317E0B12CBF8AF7BC43.d.AF83F016DCDA2212795412319645AC13.e.8574"}]}
COMMAND: GET /session/6aa7e649349f90b4840747c4ea403a74/element/f.B789F3E8D5EB6317E0B12CBF8AF7BC43.d.AF83F016DCDA2212795412319645AC13.e.8573/attribute/aria-checked - {}
COMMAND: GET /session/6aa7e649349f90b4840747c4ea403a74/screenshot - {}
RESULT: {}
COMMAND: POST /session/6aa7e649349f90b4840747c4ea403a74/element - {"using":"xpath","value":"//table[contains(@id, \"listView-innerSelectionPanelTable-listUl\")]/tbody/tr[14]/td[2]/div/div"}
RESULT: {}
RESULT: {"using":"xpath","value":"//table[contains(@id, \"listView-innerSelectionPanelTable-listUl\")]/tbody/tr[14]/td[2]/div/div"}
COMMAND: POST /session/6aa7e649349f90b4840747c4ea403a74/element - {"using":"xpath","value":"//table[contains(@id, \"listView-innerSelectionPanelTable-listUl\")]/tbody/tr[14]/td[2]/div"}
RESULT: {"using":"xpath","value":"//table[contains(@id, \"listView-innerSelectionPanelTable-listUl\")]/tbody/tr[14]/td[2]/div"}
COMMAND: POST /session/6aa7e649349f90b4840747c4ea403a74/element - {"using":"xpath","value":"//table[contains(@id, \"listView-innerSelectionPanelTable-listUl\")]/tbody/tr[14]/td[3]/div/div/span/span[1]/bdi"}
RESULT: {"using":"xpath","value":"//table[contains(@id, \"listView-innerSelectionPanelTable-listUl\")]/tbody/tr[14]/td[3]/div/div/span/span[1]/bdi"}
COMMAND: POST /session/6aa7e649349f90b4840747c4ea403a74/execute/sync - {"script":"<script> [56 bytes]","args":[{"element-6066-11e4-a52e-4f735466cecf":"f.B789F3E8D5EB6317E0B12CBF8AF7BC43.d.AF83F016DCDA2212795412319645AC13.e.8577","ELEMENT":"f.B789F3E8D5EB6317E0B12CBF8AF7BC43.d.AF83F016DCDA2212795412319645AC13.e.8577"}]}
RESULT: {"script":"<script> [56 bytes]","args":[{"element-6066-11e4-a52e-4f735466cecf":"f.B789F3E8D5EB6317E0B12CBF8AF7BC43.d.AF83F016DCDA2212795412319645AC13.e.8577","ELEMENT":"f.B789F3E8D5EB6317E0B12CBF8AF7BC43.d.AF83F016DCDA2212795412319645AC13.e.8577"}]}
COMMAND: GET /session/6aa7e649349f90b4840747c4ea403a74/element/f.B789F3E8D5EB6317E0B12CBF8AF7BC43.d.AF83F016DCDA2212795412319645AC13.e.8576/attribute/aria-checked - {}
COMMAND: GET /session/6aa7e649349f90b4840747c4ea403a74/screenshot - {}
RESULT: {}
COMMAND: POST /session/6aa7e649349f90b4840747c4ea403a74/element - {"using":"xpath","value":"//table[contains(@id, \"listView-innerSelectionPanelTable-listUl\")]/tbody/tr[15]/td[2]/div/div"}
RESULT: {}
RESULT: {"using":"xpath","value":"//table[contains(@id, \"listView-innerSelectionPanelTable-listUl\")]/tbody/tr[15]/td[2]/div/div"}
COMMAND: POST /session/6aa7e649349f90b4840747c4ea403a74/element - {"using":"xpath","value":"//table[contains(@id, \"listView-innerSelectionPanelTable-listUl\")]/tbody/tr[15]/td[2]/div"}
RESULT: {"using":"xpath","value":"//table[contains(@id, \"listView-innerSelectionPanelTable-listUl\")]/tbody/tr[15]/td[2]/div"}
COMMAND: POST /session/6aa7e649349f90b4840747c4ea403a74/element - {"using":"xpath","value":"//table[contains(@id, \"listView-innerSelectionPanelTable-listUl\")]/tbody/tr[15]/td[3]/div/div/span/span[1]/bdi"}
RESULT: {"using":"xpath","value":"//table[contains(@id, \"listView-innerSelectionPanelTable-listUl\")]/tbody/tr[15]/td[3]/div/div/span/span[1]/bdi"}
COMMAND: POST /session/6aa7e649349f90b4840747c4ea403a74/execute/sync - {"script":"<script> [56 bytes]","args":[{"element-6066-11e4-a52e-4f735466cecf":"f.B789F3E8D5EB6317E0B12CBF8AF7BC43.d.AF83F016DCDA2212795412319645AC13.e.8580","ELEMENT":"f.B789F3E8D5EB6317E0B12CBF8AF7BC43.d.AF83F016DCDA2212795412319645AC13.e.8580"}]}
RESULT: {"script":"<script> [56 bytes]","args":[{"element-6066-11e4-a52e-4f735466cecf":"f.B789F3E8D5EB6317E0B12CBF8AF7BC43.d.AF83F016DCDA2212795412319645AC13.e.8580","ELEMENT":"f.B789F3E8D5EB6317E0B12CBF8AF7BC43.d.AF83F016DCDA2212795412319645AC13.e.8580"}]}
COMMAND: GET /session/6aa7e649349f90b4840747c4ea403a74/element/f.B789F3E8D5EB6317E0B12CBF8AF7BC43.d.AF83F016DCDA2212795412319645AC13.e.8579/attribute/aria-checked - {}
COMMAND: GET /session/6aa7e649349f90b4840747c4ea403a74/screenshot - {}
RESULT: {}
COMMAND: POST /session/6aa7e649349f90b4840747c4ea403a74/element - {"using":"xpath","value":"//table[contains(@id, \"listView-innerSelectionPanelTable-listUl\")]/tbody/tr[16]/td[2]/div/div"}
RESULT: {}
RESULT: {"using":"xpath","value":"//table[contains(@id, \"listView-innerSelectionPanelTable-listUl\")]/tbody/tr[16]/td[2]/div/div"}
COMMAND: POST /session/6aa7e649349f90b4840747c4ea403a74/element - {"using":"xpath","value":"//table[contains(@id, \"listView-innerSelectionPanelTable-listUl\")]/tbody/tr[16]/td[2]/div"}
RESULT: {"using":"xpath","value":"//table[contains(@id, \"listView-innerSelectionPanelTable-listUl\")]/tbody/tr[16]/td[2]/div"}
COMMAND: POST /session/6aa7e649349f90b4840747c4ea403a74/element - {"using":"xpath","value":"//table[contains(@id, \"listView-innerSelectionPanelTable-listUl\")]/tbody/tr[16]/td[3]/div/div/span/span[1]/bdi"}
RESULT: {"using":"xpath","value":"//table[contains(@id, \"listView-innerSelectionPanelTable-listUl\")]/tbody/tr[16]/td[3]/div/div/span/span[1]/bdi"}
COMMAND: POST /session/6aa7e649349f90b4840747c4ea403a74/execute/sync - {"script":"<script> [56 bytes]","args":[{"element-6066-11e4-a52e-4f735466cecf":"f.B789F3E8D5EB6317E0B12CBF8AF7BC43.d.AF83F016DCDA2212795412319645AC13.e.8583","ELEMENT":"f.B789F3E8D5EB6317E0B12CBF8AF7BC43.d.AF83F016DCDA2212795412319645AC13.e.8583"}]}
RESULT: {"script":"<script> [56 bytes]","args":[{"element-6066-11e4-a52e-4f735466cecf":"f.B789F3E8D5EB6317E0B12CBF8AF7BC43.d.AF83F016DCDA2212795412319645AC13.e.8583","ELEMENT":"f.B789F3E8D5EB6317E0B12CBF8AF7BC43.d.AF83F016DCDA2212795412319645AC13.e.8583"}]}
COMMAND: GET /session/6aa7e649349f90b4840747c4ea403a74/element/f.B789F3E8D5EB6317E0B12CBF8AF7BC43.d.AF83F016DCDA2212795412319645AC13.e.8582/attribute/aria-checked - {}
COMMAND: GET /session/6aa7e649349f90b4840747c4ea403a74/screenshot - {}
RESULT: {}
COMMAND: POST /session/6aa7e649349f90b4840747c4ea403a74/element - {"using":"xpath","value":"//table[contains(@id, \"listView-innerSelectionPanelTable-listUl\")]/tbody/tr[17]/td[2]/div/div"}
RESULT: {}
RESULT: {"using":"xpath","value":"//table[contains(@id, \"listView-innerSelectionPanelTable-listUl\")]/tbody/tr[17]/td[2]/div/div"}
COMMAND: POST /session/6aa7e649349f90b4840747c4ea403a74/element - {"using":"xpath","value":"//table[contains(@id, \"listView-innerSelectionPanelTable-listUl\")]/tbody/tr[17]/td[2]/div"}
RESULT: {"using":"xpath","value":"//table[contains(@id, \"listView-innerSelectionPanelTable-listUl\")]/tbody/tr[17]/td[2]/div"}
COMMAND: POST /session/6aa7e649349f90b4840747c4ea403a74/element - {"using":"xpath","value":"//table[contains(@id, \"listView-innerSelectionPanelTable-listUl\")]/tbody/tr[17]/td[3]/div/div/span/span[1]/bdi"}
RESULT: {"using":"xpath","value":"//table[contains(@id, \"listView-innerSelectionPanelTable-listUl\")]/tbody/tr[17]/td[3]/div/div/span/span[1]/bdi"}
COMMAND: POST /session/6aa7e649349f90b4840747c4ea403a74/execute/sync - {"script":"<script> [56 bytes]","args":[{"element-6066-11e4-a52e-4f735466cecf":"f.B789F3E8D5EB6317E0B12CBF8AF7BC43.d.AF83F016DCDA2212795412319645AC13.e.8586","ELEMENT":"f.B789F3E8D5EB6317E0B12CBF8AF7BC43.d.AF83F016DCDA2212795412319645AC13.e.8586"}]}
RESULT: {"script":"<script> [56 bytes]","args":[{"element-6066-11e4-a52e-4f735466cecf":"f.B789F3E8D5EB6317E0B12CBF8AF7BC43.d.AF83F016DCDA2212795412319645AC13.e.8586","ELEMENT":"f.B789F3E8D5EB6317E0B12CBF8AF7BC43.d.AF83F016DCDA2212795412319645AC13.e.8586"}]}
COMMAND: GET /session/6aa7e649349f90b4840747c4ea403a74/element/f.B789F3E8D5EB6317E0B12CBF8AF7BC43.d.AF83F016DCDA2212795412319645AC13.e.8585/attribute/aria-checked - {}
COMMAND: GET /session/6aa7e649349f90b4840747c4ea403a74/screenshot - {}
RESULT: {}
COMMAND: POST /session/6aa7e649349f90b4840747c4ea403a74/element - {"using":"xpath","value":"//table[contains(@id, \"listView-innerSelectionPanelTable-listUl\")]/tbody/tr[18]/td[2]/div/div"}
RESULT: {}
RESULT: {"using":"xpath","value":"//table[contains(@id, \"listView-innerSelectionPanelTable-listUl\")]/tbody/tr[18]/td[2]/div/div"}
COMMAND: POST /session/6aa7e649349f90b4840747c4ea403a74/element - {"using":"xpath","value":"//table[contains(@id, \"listView-innerSelectionPanelTable-listUl\")]/tbody/tr[18]/td[2]/div"}
RESULT: {"using":"xpath","value":"//table[contains(@id, \"listView-innerSelectionPanelTable-listUl\")]/tbody/tr[18]/td[2]/div"}
COMMAND: POST /session/6aa7e649349f90b4840747c4ea403a74/element - {"using":"xpath","value":"//table[contains(@id, \"listView-innerSelectionPanelTable-listUl\")]/tbody/tr[18]/td[3]/div/div/span/span[1]/bdi"}
RESULT: {"using":"xpath","value":"//table[contains(@id, \"listView-innerSelectionPanelTable-listUl\")]/tbody/tr[18]/td[3]/div/div/span/span[1]/bdi"}
COMMAND: POST /session/6aa7e649349f90b4840747c4ea403a74/execute/sync - {"script":"<script> [56 bytes]","args":[{"element-6066-11e4-a52e-4f735466cecf":"f.B789F3E8D5EB6317E0B12CBF8AF7BC43.d.AF83F016DCDA2212795412319645AC13.e.8589","ELEMENT":"f.B789F3E8D5EB6317E0B12CBF8AF7BC43.d.AF83F016DCDA2212795412319645AC13.e.8589"}]}
RESULT: {"script":"<script> [56 bytes]","args":[{"element-6066-11e4-a52e-4f735466cecf":"f.B789F3E8D5EB6317E0B12CBF8AF7BC43.d.AF83F016DCDA2212795412319645AC13.e.8589","ELEMENT":"f.B789F3E8D5EB6317E0B12CBF8AF7BC43.d.AF83F016DCDA2212795412319645AC13.e.8589"}]}
COMMAND: GET /session/6aa7e649349f90b4840747c4ea403a74/element/f.B789F3E8D5EB6317E0B12CBF8AF7BC43.d.AF83F016DCDA2212795412319645AC13.e.8588/attribute/aria-checked - {}
COMMAND: GET /session/6aa7e649349f90b4840747c4ea403a74/screenshot - {}
RESULT: {}
COMMAND: POST /session/6aa7e649349f90b4840747c4ea403a74/element - {"using":"xpath","value":"//table[contains(@id, \"listView-innerSelectionPanelTable-listUl\")]/tbody/tr[19]/td[2]/div/div"}
RESULT: {}
RESULT: {"using":"xpath","value":"//table[contains(@id, \"listView-innerSelectionPanelTable-listUl\")]/tbody/tr[19]/td[2]/div/div"}
COMMAND: POST /session/6aa7e649349f90b4840747c4ea403a74/element - {"using":"xpath","value":"//table[contains(@id, \"listView-innerSelectionPanelTable-listUl\")]/tbody/tr[19]/td[2]/div"}
RESULT: {"using":"xpath","value":"//table[contains(@id, \"listView-innerSelectionPanelTable-listUl\")]/tbody/tr[19]/td[2]/div"}
COMMAND: POST /session/6aa7e649349f90b4840747c4ea403a74/element - {"using":"xpath","value":"//table[contains(@id, \"listView-innerSelectionPanelTable-listUl\")]/tbody/tr[19]/td[3]/div/div/span/span[1]/bdi"}
RESULT: {"using":"xpath","value":"//table[contains(@id, \"listView-innerSelectionPanelTable-listUl\")]/tbody/tr[19]/td[3]/div/div/span/span[1]/bdi"}
COMMAND: POST /session/6aa7e649349f90b4840747c4ea403a74/execute/sync - {"script":"<script> [56 bytes]","args":[{"element-6066-11e4-a52e-4f735466cecf":"f.B789F3E8D5EB6317E0B12CBF8AF7BC43.d.AF83F016DCDA2212795412319645AC13.e.8592","ELEMENT":"f.B789F3E8D5EB6317E0B12CBF8AF7BC43.d.AF83F016DCDA2212795412319645AC13.e.8592"}]}
RESULT: {"script":"<script> [56 bytes]","args":[{"element-6066-11e4-a52e-4f735466cecf":"f.B789F3E8D5EB6317E0B12CBF8AF7BC43.d.AF83F016DCDA2212795412319645AC13.e.8592","ELEMENT":"f.B789F3E8D5EB6317E0B12CBF8AF7BC43.d.AF83F016DCDA2212795412319645AC13.e.8592"}]}
COMMAND: GET /session/6aa7e649349f90b4840747c4ea403a74/element/f.B789F3E8D5EB6317E0B12CBF8AF7BC43.d.AF83F016DCDA2212795412319645AC13.e.8591/attribute/aria-checked - {}
COMMAND: GET /session/6aa7e649349f90b4840747c4ea403a74/screenshot - {}
RESULT: {}
COMMAND: POST /session/6aa7e649349f90b4840747c4ea403a74/element - {"using":"xpath","value":"//table[contains(@id, \"listView-innerSelectionPanelTable-listUl\")]/tbody/tr[20]/td[2]/div/div"}
RESULT: {}
RESULT: {"using":"xpath","value":"//table[contains(@id, \"listView-innerSelectionPanelTable-listUl\")]/tbody/tr[20]/td[2]/div/div"}
COMMAND: POST /session/6aa7e649349f90b4840747c4ea403a74/element - {"using":"xpath","value":"//table[contains(@id, \"listView-innerSelectionPanelTable-listUl\")]/tbody/tr[20]/td[2]/div"}
RESULT: {"using":"xpath","value":"//table[contains(@id, \"listView-innerSelectionPanelTable-listUl\")]/tbody/tr[20]/td[2]/div"}
COMMAND: POST /session/6aa7e649349f90b4840747c4ea403a74/element - {"using":"xpath","value":"//table[contains(@id, \"listView-innerSelectionPanelTable-listUl\")]/tbody/tr[20]/td[3]/div/div/span/span[1]/bdi"}
RESULT: {"using":"xpath","value":"//table[contains(@id, \"listView-innerSelectionPanelTable-listUl\")]/tbody/tr[20]/td[3]/div/div/span/span[1]/bdi"}
COMMAND: POST /session/6aa7e649349f90b4840747c4ea403a74/execute/sync - {"script":"<script> [56 bytes]","args":[{"element-6066-11e4-a52e-4f735466cecf":"f.B789F3E8D5EB6317E0B12CBF8AF7BC43.d.AF83F016DCDA2212795412319645AC13.e.8595","ELEMENT":"f.B789F3E8D5EB6317E0B12CBF8AF7BC43.d.AF83F016DCDA2212795412319645AC13.e.8595"}]}
RESULT: {"script":"<script> [56 bytes]","args":[{"element-6066-11e4-a52e-4f735466cecf":"f.B789F3E8D5EB6317E0B12CBF8AF7BC43.d.AF83F016DCDA2212795412319645AC13.e.8595","ELEMENT":"f.B789F3E8D5EB6317E0B12CBF8AF7BC43.d.AF83F016DCDA2212795412319645AC13.e.8595"}]}
COMMAND: GET /session/6aa7e649349f90b4840747c4ea403a74/element/f.B789F3E8D5EB6317E0B12CBF8AF7BC43.d.AF83F016DCDA2212795412319645AC13.e.8594/attribute/aria-checked - {}
COMMAND: GET /session/6aa7e649349f90b4840747c4ea403a74/screenshot - {}
RESULT: {}
COMMAND: POST /session/6aa7e649349f90b4840747c4ea403a74/element - {"using":"xpath","value":"//table[contains(@id, \"listView-innerSelectionPanelTable-listUl\")]/tbody/tr[21]/td[2]/div/div"}
COMMAND: POST /session/6aa7e649349f90b4840747c4ea403a74/element/f.B789F3E8D5EB6317E0B12CBF8AF7BC43.d.AF83F016DCDA2212795412319645AC13.e.8593/click - {}
RESULT: {}
RESULT: {"using":"xpath","value":"//table[contains(@id, \"listView-innerSelectionPanelTable-listUl\")]/tbody/tr[21]/td[2]/div/div"}
COMMAND: POST /session/6aa7e649349f90b4840747c4ea403a74/element - {"using":"xpath","value":"//table[contains(@id, \"listView-innerSelectionPanelTable-listUl\")]/tbody/tr[21]/td[2]/div"}
RESULT: {}
COMMAND: GET /session/6aa7e649349f90b4840747c4ea403a74/screenshot - {}
RESULT: {"using":"xpath","value":"//table[contains(@id, \"listView-innerSelectionPanelTable-listUl\")]/tbody/tr[21]/td[2]/div"}
COMMAND: POST /session/6aa7e649349f90b4840747c4ea403a74/element - {"using":"xpath","value":"//table[contains(@id, \"listView-innerSelectionPanelTable-listUl\")]/tbody/tr[21]/td[3]/div/div/span/span[1]/bdi"}
RESULT: {}
RESULT: {"using":"xpath","value":"//table[contains(@id, \"listView-innerSelectionPanelTable-listUl\")]/tbody/tr[21]/td[3]/div/div/span/span[1]/bdi"}
COMMAND: POST /session/6aa7e649349f90b4840747c4ea403a74/execute/sync - {"script":"<script> [56 bytes]","args":[{"element-6066-11e4-a52e-4f735466cecf":"f.B789F3E8D5EB6317E0B12CBF8AF7BC43.d.AF83F016DCDA2212795412319645AC13.e.8601","ELEMENT":"f.B789F3E8D5EB6317E0B12CBF8AF7BC43.d.AF83F016DCDA2212795412319645AC13.e.8601"}]}
RESULT: {"script":"<script> [56 bytes]","args":[{"element-6066-11e4-a52e-4f735466cecf":"f.B789F3E8D5EB6317E0B12CBF8AF7BC43.d.AF83F016DCDA2212795412319645AC13.e.8601","ELEMENT":"f.B789F3E8D5EB6317E0B12CBF8AF7BC43.d.AF83F016DCDA2212795412319645AC13.e.8601"}]}
COMMAND: GET /session/6aa7e649349f90b4840747c4ea403a74/element/f.B789F3E8D5EB6317E0B12CBF8AF7BC43.d.AF83F016DCDA2212795412319645AC13.e.8600/attribute/aria-checked - {}
COMMAND: GET /session/6aa7e649349f90b4840747c4ea403a74/screenshot - {}
RESULT: {}
COMMAND: POST /session/6aa7e649349f90b4840747c4ea403a74/element - {"using":"xpath","value":"//table[contains(@id, \"listView-innerSelectionPanelTable-listUl\")]/tbody/tr[22]/td[2]/div/div"}
COMMAND: POST /session/6aa7e649349f90b4840747c4ea403a74/element/f.B789F3E8D5EB6317E0B12CBF8AF7BC43.d.AF83F016DCDA2212795412319645AC13.e.8596/click - {}
RESULT: {}
RESULT: {}
COMMAND: GET /session/6aa7e649349f90b4840747c4ea403a74/screenshot - {}
RESULT: {"using":"xpath","value":"//table[contains(@id, \"listView-innerSelectionPanelTable-listUl\")]/tbody/tr[22]/td[2]/div/div"}
COMMAND: POST /session/6aa7e649349f90b4840747c4ea403a74/element - {"using":"xpath","value":"//table[contains(@id, \"listView-innerSelectionPanelTable-listUl\")]/tbody/tr[22]/td[2]/div"}
RESULT: {}
RESULT: {"using":"xpath","value":"//table[contains(@id, \"listView-innerSelectionPanelTable-listUl\")]/tbody/tr[22]/td[2]/div"}
COMMAND: POST /session/6aa7e649349f90b4840747c4ea403a74/element - {"using":"xpath","value":"//table[contains(@id, \"listView-innerSelectionPanelTable-listUl\")]/tbody/tr[22]/td[3]/div/div/span/span[1]/bdi"}
RESULT: {"using":"xpath","value":"//table[contains(@id, \"listView-innerSelectionPanelTable-listUl\")]/tbody/tr[22]/td[3]/div/div/span/span[1]/bdi"}
COMMAND: POST /session/6aa7e649349f90b4840747c4ea403a74/execute/sync - {"script":"<script> [56 bytes]","args":[{"element-6066-11e4-a52e-4f735466cecf":"f.B789F3E8D5EB6317E0B12CBF8AF7BC43.d.AF83F016DCDA2212795412319645AC13.e.8605","ELEMENT":"f.B789F3E8D5EB6317E0B12CBF8AF7BC43.d.AF83F016DCDA2212795412319645AC13.e.8605"}]}
RESULT: {"script":"<script> [56 bytes]","args":[{"element-6066-11e4-a52e-4f735466cecf":"f.B789F3E8D5EB6317E0B12CBF8AF7BC43.d.AF83F016DCDA2212795412319645AC13.e.8605","ELEMENT":"f.B789F3E8D5EB6317E0B12CBF8AF7BC43.d.AF83F016DCDA2212795412319645AC13.e.8605"}]}
COMMAND: GET /session/6aa7e649349f90b4840747c4ea403a74/element/f.B789F3E8D5EB6317E0B12CBF8AF7BC43.d.AF83F016DCDA2212795412319645AC13.e.8604/attribute/aria-checked - {}
COMMAND: GET /session/6aa7e649349f90b4840747c4ea403a74/screenshot - {}
RESULT: {}
COMMAND: POST /session/6aa7e649349f90b4840747c4ea403a74/element - {"using":"xpath","value":"//table[contains(@id, \"listView-innerSelectionPanelTable-listUl\")]/tbody/tr[23]/td[2]/div/div"}
RESULT: {}
RESULT: {"using":"xpath","value":"//table[contains(@id, \"listView-innerSelectionPanelTable-listUl\")]/tbody/tr[23]/td[2]/div/div"}
COMMAND: POST /session/6aa7e649349f90b4840747c4ea403a74/element - {"using":"xpath","value":"//table[contains(@id, \"listView-innerSelectionPanelTable-listUl\")]/tbody/tr[23]/td[2]/div"}
RESULT: {"using":"xpath","value":"//table[contains(@id, \"listView-innerSelectionPanelTable-listUl\")]/tbody/tr[23]/td[2]/div"}
COMMAND: POST /session/6aa7e649349f90b4840747c4ea403a74/element - {"using":"xpath","value":"//table[contains(@id, \"listView-innerSelectionPanelTable-listUl\")]/tbody/tr[23]/td[3]/div/div/span/span[1]/bdi"}
RESULT: {"using":"xpath","value":"//table[contains(@id, \"listView-innerSelectionPanelTable-listUl\")]/tbody/tr[23]/td[3]/div/div/span/span[1]/bdi"}
COMMAND: POST /session/6aa7e649349f90b4840747c4ea403a74/execute/sync - {"script":"<script> [56 bytes]","args":[{"element-6066-11e4-a52e-4f735466cecf":"f.B789F3E8D5EB6317E0B12CBF8AF7BC43.d.AF83F016DCDA2212795412319645AC13.e.8608","ELEMENT":"f.B789F3E8D5EB6317E0B12CBF8AF7BC43.d.AF83F016DCDA2212795412319645AC13.e.8608"}]}
RESULT: {"script":"<script> [56 bytes]","args":[{"element-6066-11e4-a52e-4f735466cecf":"f.B789F3E8D5EB6317E0B12CBF8AF7BC43.d.AF83F016DCDA2212795412319645AC13.e.8608","ELEMENT":"f.B789F3E8D5EB6317E0B12CBF8AF7BC43.d.AF83F016DCDA2212795412319645AC13.e.8608"}]}
COMMAND: GET /session/6aa7e649349f90b4840747c4ea403a74/element/f.B789F3E8D5EB6317E0B12CBF8AF7BC43.d.AF83F016DCDA2212795412319645AC13.e.8607/attribute/aria-checked - {}
COMMAND: GET /session/6aa7e649349f90b4840747c4ea403a74/screenshot - {}
RESULT: {}
COMMAND: POST /session/6aa7e649349f90b4840747c4ea403a74/element - {"using":"xpath","value":"//table[contains(@id, \"listView-innerSelectionPanelTable-listUl\")]/tbody/tr[24]/td[2]/div/div"}
RESULT: {}
RESULT: {"using":"xpath","value":"//table[contains(@id, \"listView-innerSelectionPanelTable-listUl\")]/tbody/tr[24]/td[2]/div/div"}
COMMAND: POST /session/6aa7e649349f90b4840747c4ea403a74/element - {"using":"xpath","value":"//table[contains(@id, \"listView-innerSelectionPanelTable-listUl\")]/tbody/tr[24]/td[2]/div"}
RESULT: {"using":"xpath","value":"//table[contains(@id, \"listView-innerSelectionPanelTable-listUl\")]/tbody/tr[24]/td[2]/div"}
COMMAND: POST /session/6aa7e649349f90b4840747c4ea403a74/element - {"using":"xpath","value":"//table[contains(@id, \"listView-innerSelectionPanelTable-listUl\")]/tbody/tr[24]/td[3]/div/div/span/span[1]/bdi"}
RESULT: {"using":"xpath","value":"//table[contains(@id, \"listView-innerSelectionPanelTable-listUl\")]/tbody/tr[24]/td[3]/div/div/span/span[1]/bdi"}
COMMAND: POST /session/6aa7e649349f90b4840747c4ea403a74/execute/sync - {"script":"<script> [56 bytes]","args":[{"element-6066-11e4-a52e-4f735466cecf":"f.B789F3E8D5EB6317E0B12CBF8AF7BC43.d.AF83F016DCDA2212795412319645AC13.e.8611","ELEMENT":"f.B789F3E8D5EB6317E0B12CBF8AF7BC43.d.AF83F016DCDA2212795412319645AC13.e.8611"}]}
RESULT: {"script":"<script> [56 bytes]","args":[{"element-6066-11e4-a52e-4f735466cecf":"f.B789F3E8D5EB6317E0B12CBF8AF7BC43.d.AF83F016DCDA2212795412319645AC13.e.8611","ELEMENT":"f.B789F3E8D5EB6317E0B12CBF8AF7BC43.d.AF83F016DCDA2212795412319645AC13.e.8611"}]}
COMMAND: GET /session/6aa7e649349f90b4840747c4ea403a74/element/f.B789F3E8D5EB6317E0B12CBF8AF7BC43.d.AF83F016DCDA2212795412319645AC13.e.8610/attribute/aria-checked - {}
COMMAND: GET /session/6aa7e649349f90b4840747c4ea403a74/screenshot - {}
RESULT: {}
COMMAND: POST /session/6aa7e649349f90b4840747c4ea403a74/element - {"using":"xpath","value":"//table[contains(@id, \"listView-innerSelectionPanelTable-listUl\")]/tbody/tr[25]/td[2]/div/div"}
RESULT: {}
RESULT: {"using":"xpath","value":"//table[contains(@id, \"listView-innerSelectionPanelTable-listUl\")]/tbody/tr[25]/td[2]/div/div"}
COMMAND: POST /session/6aa7e649349f90b4840747c4ea403a74/element - {"using":"xpath","value":"//table[contains(@id, \"listView-innerSelectionPanelTable-listUl\")]/tbody/tr[25]/td[2]/div"}
RESULT: {"using":"xpath","value":"//table[contains(@id, \"listView-innerSelectionPanelTable-listUl\")]/tbody/tr[25]/td[2]/div"}
COMMAND: POST /session/6aa7e649349f90b4840747c4ea403a74/element - {"using":"xpath","value":"//table[contains(@id, \"listView-innerSelectionPanelTable-listUl\")]/tbody/tr[25]/td[3]/div/div/span/span[1]/bdi"}
RESULT: {"using":"xpath","value":"//table[contains(@id, \"listView-innerSelectionPanelTable-listUl\")]/tbody/tr[25]/td[3]/div/div/span/span[1]/bdi"}
COMMAND: POST /session/6aa7e649349f90b4840747c4ea403a74/execute/sync - {"script":"<script> [56 bytes]","args":[{"element-6066-11e4-a52e-4f735466cecf":"f.B789F3E8D5EB6317E0B12CBF8AF7BC43.d.AF83F016DCDA2212795412319645AC13.e.8614","ELEMENT":"f.B789F3E8D5EB6317E0B12CBF8AF7BC43.d.AF83F016DCDA2212795412319645AC13.e.8614"}]}
RESULT: {"script":"<script> [56 bytes]","args":[{"element-6066-11e4-a52e-4f735466cecf":"f.B789F3E8D5EB6317E0B12CBF8AF7BC43.d.AF83F016DCDA2212795412319645AC13.e.8614","ELEMENT":"f.B789F3E8D5EB6317E0B12CBF8AF7BC43.d.AF83F016DCDA2212795412319645AC13.e.8614"}]}
COMMAND: GET /session/6aa7e649349f90b4840747c4ea403a74/element/f.B789F3E8D5EB6317E0B12CBF8AF7BC43.d.AF83F016DCDA2212795412319645AC13.e.8613/attribute/aria-checked - {}
COMMAND: GET /session/6aa7e649349f90b4840747c4ea403a74/screenshot - {}
RESULT: {}
COMMAND: POST /session/6aa7e649349f90b4840747c4ea403a74/element - {"using":"xpath","value":"//bdi[contains(text(), \"OK\")]"}
RESULT: {}
RESULT: {"using":"xpath","value":"//bdi[contains(text(), \"OK\")]"}
COMMAND: POST /session/6aa7e649349f90b4840747c4ea403a74/element/f.B789F3E8D5EB6317E0B12CBF8AF7BC43.d.AF83F016DCDA2212795412319645AC13.e.8615/click - {}
RESULT: {}
COMMAND: GET /session/6aa7e649349f90b4840747c4ea403a74/screenshot - {}
RESULT: {}
RESULT: undefined
COMMAND: POST /session/6aa7e649349f90b4840747c4ea403a74/element - {"using":"xpath","value":"//*[@id=\"application-managepartners-display-component---masterPtm--smartFilterBar-filterItemControlA_-LINK_TO_ADDRESSES_MAIN.ID-vhi\"]"}
RESULT: {"using":"xpath","value":"//*[@id=\"application-managepartners-display-component---masterPtm--smartFilterBar-filterItemControlA_-LINK_TO_ADDRESSES_MAIN.ID-vhi\"]"}
COMMAND: POST /session/6aa7e649349f90b4840747c4ea403a74/element/f.B789F3E8D5EB6317E0B12CBF8AF7BC43.d.AF83F016DCDA2212795412319645AC13.e.8628/click - {}
RESULT: {}
COMMAND: GET /session/6aa7e649349f90b4840747c4ea403a74/screenshot - {}
RESULT: {}
RESULT: undefined
COMMAND: POST /session/6aa7e649349f90b4840747c4ea403a74/element - {"using":"xpath","value":"//*[@id=\"__box77-arrow\"]"}
RESULT: {"using":"xpath","value":"//*[@id=\"__box77-arrow\"]"}
COMMAND: POST /session/6aa7e649349f90b4840747c4ea403a74/elements - {"using":"xpath","value":"//*[@id=\"__box77-arrow\"]"}
RESULT: {"using":"xpath","value":"//*[@id=\"__box77-arrow\"]"}
COMMAND: POST /session/6aa7e649349f90b4840747c4ea403a74/elements - {"using":"xpath","value":"//*[@id=\"__box77-arrow\"]"}
RESULT: {"using":"xpath","value":"//*[@id=\"__box77-arrow\"]"}
COMMAND: POST /session/6aa7e649349f90b4840747c4ea403a74/elements - {"using":"xpath","value":"//*[@id=\"__box77-arrow\"]"}
RESULT: {"using":"xpath","value":"//*[@id=\"__box77-arrow\"]"}
COMMAND: POST /session/6aa7e649349f90b4840747c4ea403a74/elements - {"using":"xpath","value":"//*[@id=\"__box77-arrow\"]"}
RESULT: {"using":"xpath","value":"//*[@id=\"__box77-arrow\"]"}
COMMAND: POST /session/6aa7e649349f90b4840747c4ea403a74/elements - {"using":"xpath","value":"//*[@id=\"__box77-arrow\"]"}
RESULT: {"using":"xpath","value":"//*[@id=\"__box77-arrow\"]"}
COMMAND: POST /session/6aa7e649349f90b4840747c4ea403a74/elements - {"using":"xpath","value":"//*[@id=\"__box77-arrow\"]"}
RESULT: {"using":"xpath","value":"//*[@id=\"__box77-arrow\"]"}
COMMAND: POST /session/6aa7e649349f90b4840747c4ea403a74/elements - {"using":"xpath","value":"//*[@id=\"__box77-arrow\"]"}
RESULT: {"using":"xpath","value":"//*[@id=\"__box77-arrow\"]"}
COMMAND: POST /session/6aa7e649349f90b4840747c4ea403a74/elements - {"using":"xpath","value":"//*[@id=\"__box77-arrow\"]"}
RESULT: {"using":"xpath","value":"//*[@id=\"__box77-arrow\"]"}
COMMAND: POST /session/6aa7e649349f90b4840747c4ea403a74/elements - {"using":"xpath","value":"//*[@id=\"__box77-arrow\"]"}
RESULT: {"using":"xpath","value":"//*[@id=\"__box77-arrow\"]"}
COMMAND: POST /session/6aa7e649349f90b4840747c4ea403a74/elements - {"using":"xpath","value":"//*[@id=\"__box77-arrow\"]"}
RESULT: {"using":"xpath","value":"//*[@id=\"__box77-arrow\"]"}
COMMAND: POST /session/6aa7e649349f90b4840747c4ea403a74/elements - {"using":"xpath","value":"//*[@id=\"__box77-arrow\"]"}
RESULT: {"using":"xpath","value":"//*[@id=\"__box77-arrow\"]"}
COMMAND: POST /session/6aa7e649349f90b4840747c4ea403a74/elements - {"using":"xpath","value":"//*[@id=\"__box77-arrow\"]"}
RESULT: {"using":"xpath","value":"//*[@id=\"__box77-arrow\"]"}
COMMAND: POST /session/6aa7e649349f90b4840747c4ea403a74/elements - {"using":"xpath","value":"//*[@id=\"__box77-arrow\"]"}
RESULT: {"using":"xpath","value":"//*[@id=\"__box77-arrow\"]"}
COMMAND: POST /session/6aa7e649349f90b4840747c4ea403a74/elements - {"using":"xpath","value":"//*[@id=\"__box77-arrow\"]"}
RESULT: {"using":"xpath","value":"//*[@id=\"__box77-arrow\"]"}
COMMAND: POST /session/6aa7e649349f90b4840747c4ea403a74/elements - {"using":"xpath","value":"//*[@id=\"__box77-arrow\"]"}
RESULT: {"using":"xpath","value":"//*[@id=\"__box77-arrow\"]"}
COMMAND: POST /session/6aa7e649349f90b4840747c4ea403a74/elements - {"using":"xpath","value":"//*[@id=\"__box77-arrow\"]"}
RESULT: {"using":"xpath","value":"//*[@id=\"__box77-arrow\"]"}
COMMAND: POST /session/6aa7e649349f90b4840747c4ea403a74/elements - {"using":"xpath","value":"//*[@id=\"__box77-arrow\"]"}
RESULT: {"using":"xpath","value":"//*[@id=\"__box77-arrow\"]"}
COMMAND: POST /session/6aa7e649349f90b4840747c4ea403a74/elements - {"using":"xpath","value":"//*[@id=\"__box77-arrow\"]"}
RESULT: {"using":"xpath","value":"//*[@id=\"__box77-arrow\"]"}
COMMAND: POST /session/6aa7e649349f90b4840747c4ea403a74/elements - {"using":"xpath","value":"//*[@id=\"__box77-arrow\"]"}
RESULT: {"using":"xpath","value":"//*[@id=\"__box77-arrow\"]"}
COMMAND: POST /session/6aa7e649349f90b4840747c4ea403a74/elements - {"using":"xpath","value":"//*[@id=\"__box77-arrow\"]"}
RESULT: {"using":"xpath","value":"//*[@id=\"__box77-arrow\"]"}
COMMAND: POST /session/6aa7e649349f90b4840747c4ea403a74/elements - {"using":"xpath","value":"//*[@id=\"__box77-arrow\"]"}
RESULT: {"using":"xpath","value":"//*[@id=\"__box77-arrow\"]"}
COMMAND: POST /session/6aa7e649349f90b4840747c4ea403a74/elements - {"using":"xpath","value":"//*[@id=\"__box77-arrow\"]"}
RESULT: {"using":"xpath","value":"//*[@id=\"__box77-arrow\"]"}
COMMAND: POST /session/6aa7e649349f90b4840747c4ea403a74/elements - {"using":"xpath","value":"//*[@id=\"__box77-arrow\"]"}
RESULT: {"using":"xpath","value":"//*[@id=\"__box77-arrow\"]"}
COMMAND: POST /session/6aa7e649349f90b4840747c4ea403a74/elements - {"using":"xpath","value":"//*[@id=\"__box77-arrow\"]"}
RESULT: {"using":"xpath","value":"//*[@id=\"__box77-arrow\"]"}
COMMAND: POST /session/6aa7e649349f90b4840747c4ea403a74/elements - {"using":"xpath","value":"//*[@id=\"__box77-arrow\"]"}
RESULT: {"using":"xpath","value":"//*[@id=\"__box77-arrow\"]"}
COMMAND: POST /session/6aa7e649349f90b4840747c4ea403a74/elements - {"using":"xpath","value":"//*[@id=\"__box77-arrow\"]"}
RESULT: {"using":"xpath","value":"//*[@id=\"__box77-arrow\"]"}
COMMAND: POST /session/6aa7e649349f90b4840747c4ea403a74/elements - {"using":"xpath","value":"//*[@id=\"__box77-arrow\"]"}
RESULT: {"using":"xpath","value":"//*[@id=\"__box77-arrow\"]"}
COMMAND: POST /session/6aa7e649349f90b4840747c4ea403a74/elements - {"using":"xpath","value":"//*[@id=\"__box77-arrow\"]"}
RESULT: {"using":"xpath","value":"//*[@id=\"__box77-arrow\"]"}
COMMAND: POST /session/6aa7e649349f90b4840747c4ea403a74/elements - {"using":"xpath","value":"//*[@id=\"__box77-arrow\"]"}
RESULT: {"using":"xpath","value":"//*[@id=\"__box77-arrow\"]"}
COMMAND: POST /session/6aa7e649349f90b4840747c4ea403a74/elements - {"using":"xpath","value":"//*[@id=\"__box77-arrow\"]"}
RESULT: {"using":"xpath","value":"//*[@id=\"__box77-arrow\"]"}
COMMAND: POST /session/6aa7e649349f90b4840747c4ea403a74/elements - {"using":"xpath","value":"//*[@id=\"__box77-arrow\"]"}
RESULT: {"using":"xpath","value":"//*[@id=\"__box77-arrow\"]"}
COMMAND: POST /session/6aa7e649349f90b4840747c4ea403a74/elements - {"using":"xpath","value":"//*[@id=\"__box77-arrow\"]"}
RESULT: {"using":"xpath","value":"//*[@id=\"__box77-arrow\"]"}
COMMAND: POST /session/6aa7e649349f90b4840747c4ea403a74/elements - {"using":"xpath","value":"//*[@id=\"__box77-arrow\"]"}
RESULT: {"using":"xpath","value":"//*[@id=\"__box77-arrow\"]"}
COMMAND: POST /session/6aa7e649349f90b4840747c4ea403a74/elements - {"using":"xpath","value":"//*[@id=\"__box77-arrow\"]"}
RESULT: {"using":"xpath","value":"//*[@id=\"__box77-arrow\"]"}
COMMAND: POST /session/6aa7e649349f90b4840747c4ea403a74/elements - {"using":"xpath","value":"//*[@id=\"__box77-arrow\"]"}
RESULT: {"using":"xpath","value":"//*[@id=\"__box77-arrow\"]"}
COMMAND: POST /session/6aa7e649349f90b4840747c4ea403a74/elements - {"using":"xpath","value":"//*[@id=\"__box77-arrow\"]"}
RESULT: {"using":"xpath","value":"//*[@id=\"__box77-arrow\"]"}
COMMAND: POST /session/6aa7e649349f90b4840747c4ea403a74/elements - {"using":"xpath","value":"//*[@id=\"__box77-arrow\"]"}
RESULT: {"using":"xpath","value":"//*[@id=\"__box77-arrow\"]"}
COMMAND: POST /session/6aa7e649349f90b4840747c4ea403a74/elements - {"using":"xpath","value":"//*[@id=\"__box77-arrow\"]"}
RESULT: {"using":"xpath","value":"//*[@id=\"__box77-arrow\"]"}
COMMAND: POST /session/6aa7e649349f90b4840747c4ea403a74/elements - {"using":"xpath","value":"//*[@id=\"__box77-arrow\"]"}
RESULT: {"using":"xpath","value":"//*[@id=\"__box77-arrow\"]"}
COMMAND: POST /session/6aa7e649349f90b4840747c4ea403a74/elements - {"using":"xpath","value":"//*[@id=\"__box77-arrow\"]"}
RESULT: {"using":"xpath","value":"//*[@id=\"__box77-arrow\"]"}
COMMAND: POST /session/6aa7e649349f90b4840747c4ea403a74/elements - {"using":"xpath","value":"//*[@id=\"__box77-arrow\"]"}
RESULT: {"using":"xpath","value":"//*[@id=\"__box77-arrow\"]"}
COMMAND: POST /session/6aa7e649349f90b4840747c4ea403a74/elements - {"using":"xpath","value":"//*[@id=\"__box77-arrow\"]"}
RESULT: {"using":"xpath","value":"//*[@id=\"__box77-arrow\"]"}
COMMAND: POST /session/6aa7e649349f90b4840747c4ea403a74/elements - {"using":"xpath","value":"//*[@id=\"__box77-arrow\"]"}
RESULT: {"using":"xpath","value":"//*[@id=\"__box77-arrow\"]"}
COMMAND: POST /session/6aa7e649349f90b4840747c4ea403a74/elements - {"using":"xpath","value":"//*[@id=\"__box77-arrow\"]"}
RESULT: {"using":"xpath","value":"//*[@id=\"__box77-arrow\"]"}
COMMAND: POST /session/6aa7e649349f90b4840747c4ea403a74/elements - {"using":"xpath","value":"//*[@id=\"__box77-arrow\"]"}
RESULT: {"using":"xpath","value":"//*[@id=\"__box77-arrow\"]"}
COMMAND: POST /session/6aa7e649349f90b4840747c4ea403a74/elements - {"using":"xpath","value":"//*[@id=\"__box77-arrow\"]"}
RESULT: {"using":"xpath","value":"//*[@id=\"__box77-arrow\"]"}
COMMAND: POST /session/6aa7e649349f90b4840747c4ea403a74/elements - {"using":"xpath","value":"//*[@id=\"__box77-arrow\"]"}
RESULT: {"using":"xpath","value":"//*[@id=\"__box77-arrow\"]"}
COMMAND: POST /session/6aa7e649349f90b4840747c4ea403a74/elements - {"using":"xpath","value":"//*[@id=\"__box77-arrow\"]"}
RESULT: {"using":"xpath","value":"//*[@id=\"__box77-arrow\"]"}
COMMAND: POST /session/6aa7e649349f90b4840747c4ea403a74/elements - {"using":"xpath","value":"//*[@id=\"__box77-arrow\"]"}
RESULT: {"using":"xpath","value":"//*[@id=\"__box77-arrow\"]"}
COMMAND: POST /session/6aa7e649349f90b4840747c4ea403a74/elements - {"using":"xpath","value":"//*[@id=\"__box77-arrow\"]"}
RESULT: {"using":"xpath","value":"//*[@id=\"__box77-arrow\"]"}
COMMAND: POST /session/6aa7e649349f90b4840747c4ea403a74/elements - {"using":"xpath","value":"//*[@id=\"__box77-arrow\"]"}
RESULT: {"using":"xpath","value":"//*[@id=\"__box77-arrow\"]"}
COMMAND: POST /session/6aa7e649349f90b4840747c4ea403a74/elements - {"using":"xpath","value":"//*[@id=\"__box77-arrow\"]"}
RESULT: {"using":"xpath","value":"//*[@id=\"__box77-arrow\"]"}
COMMAND: POST /session/6aa7e649349f90b4840747c4ea403a74/elements - {"using":"xpath","value":"//*[@id=\"__box77-arrow\"]"}
RESULT: {"using":"xpath","value":"//*[@id=\"__box77-arrow\"]"}
COMMAND: POST /session/6aa7e649349f90b4840747c4ea403a74/elements - {"using":"xpath","value":"//*[@id=\"__box77-arrow\"]"}
RESULT: {"using":"xpath","value":"//*[@id=\"__box77-arrow\"]"}
COMMAND: POST /session/6aa7e649349f90b4840747c4ea403a74/elements - {"using":"xpath","value":"//*[@id=\"__box77-arrow\"]"}
RESULT: {"using":"xpath","value":"//*[@id=\"__box77-arrow\"]"}
COMMAND: POST /session/6aa7e649349f90b4840747c4ea403a74/elements - {"using":"xpath","value":"//*[@id=\"__box77-arrow\"]"}
RESULT: {"using":"xpath","value":"//*[@id=\"__box77-arrow\"]"}
COMMAND: POST /session/6aa7e649349f90b4840747c4ea403a74/elements - {"using":"xpath","value":"//*[@id=\"__box77-arrow\"]"}
RESULT: {"using":"xpath","value":"//*[@id=\"__box77-arrow\"]"}
COMMAND: POST /session/6aa7e649349f90b4840747c4ea403a74/elements - {"using":"xpath","value":"//*[@id=\"__box77-arrow\"]"}
RESULT: {"using":"xpath","value":"//*[@id=\"__box77-arrow\"]"}
COMMAND: POST /session/6aa7e649349f90b4840747c4ea403a74/elements - {"using":"xpath","value":"//*[@id=\"__box77-arrow\"]"}
RESULT: {"using":"xpath","value":"//*[@id=\"__box77-arrow\"]"}
COMMAND: POST /session/6aa7e649349f90b4840747c4ea403a74/elements - {"using":"xpath","value":"//*[@id=\"__box77-arrow\"]"}
RESULT: {"using":"xpath","value":"//*[@id=\"__box77-arrow\"]"}
COMMAND: POST /session/6aa7e649349f90b4840747c4ea403a74/elements - {"using":"xpath","value":"//*[@id=\"__box77-arrow\"]"}
RESULT: {"using":"xpath","value":"//*[@id=\"__box77-arrow\"]"}
COMMAND: POST /session/6aa7e649349f90b4840747c4ea403a74/elements - {"using":"xpath","value":"//*[@id=\"__box77-arrow\"]"}
RESULT: {"using":"xpath","value":"//*[@id=\"__box77-arrow\"]"}
COMMAND: POST /session/6aa7e649349f90b4840747c4ea403a74/elements - {"using":"xpath","value":"//*[@id=\"__box77-arrow\"]"}
RESULT: {"using":"xpath","value":"//*[@id=\"__box77-arrow\"]"}
COMMAND: POST /session/6aa7e649349f90b4840747c4ea403a74/elements - {"using":"xpath","value":"//*[@id=\"__box77-arrow\"]"}
RESULT: {"using":"xpath","value":"//*[@id=\"__box77-arrow\"]"}
COMMAND: POST /session/6aa7e649349f90b4840747c4ea403a74/elements - {"using":"xpath","value":"//*[@id=\"__box77-arrow\"]"}
RESULT: {"using":"xpath","value":"//*[@id=\"__box77-arrow\"]"}
COMMAND: POST /session/6aa7e649349f90b4840747c4ea403a74/elements - {"using":"xpath","value":"//*[@id=\"__box77-arrow\"]"}
RESULT: {"using":"xpath","value":"//*[@id=\"__box77-arrow\"]"}
COMMAND: POST /session/6aa7e649349f90b4840747c4ea403a74/elements - {"using":"xpath","value":"//*[@id=\"__box77-arrow\"]"}
RESULT: {"using":"xpath","value":"//*[@id=\"__box77-arrow\"]"}
COMMAND: POST /session/6aa7e649349f90b4840747c4ea403a74/elements - {"using":"xpath","value":"//*[@id=\"__box77-arrow\"]"}
RESULT: {"using":"xpath","value":"//*[@id=\"__box77-arrow\"]"}
COMMAND: POST /session/6aa7e649349f90b4840747c4ea403a74/elements - {"using":"xpath","value":"//*[@id=\"__box77-arrow\"]"}
RESULT: {"using":"xpath","value":"//*[@id=\"__box77-arrow\"]"}
COMMAND: POST /session/6aa7e649349f90b4840747c4ea403a74/elements - {"using":"xpath","value":"//*[@id=\"__box77-arrow\"]"}
RESULT: {"using":"xpath","value":"//*[@id=\"__box77-arrow\"]"}
COMMAND: POST /session/6aa7e649349f90b4840747c4ea403a74/elements - {"using":"xpath","value":"//*[@id=\"__box77-arrow\"]"}
RESULT: {"using":"xpath","value":"//*[@id=\"__box77-arrow\"]"}
COMMAND: POST /session/6aa7e649349f90b4840747c4ea403a74/elements - {"using":"xpath","value":"//*[@id=\"__box77-arrow\"]"}
RESULT: {"using":"xpath","value":"//*[@id=\"__box77-arrow\"]"}
COMMAND: POST /session/6aa7e649349f90b4840747c4ea403a74/elements - {"using":"xpath","value":"//*[@id=\"__box77-arrow\"]"}
RESULT: {"using":"xpath","value":"//*[@id=\"__box77-arrow\"]"}
COMMAND: POST /session/6aa7e649349f90b4840747c4ea403a74/elements - {"using":"xpath","value":"//*[@id=\"__box77-arrow\"]"}
RESULT: {"using":"xpath","value":"//*[@id=\"__box77-arrow\"]"}
COMMAND: POST /session/6aa7e649349f90b4840747c4ea403a74/elements - {"using":"xpath","value":"//*[@id=\"__box77-arrow\"]"}
RESULT: {"using":"xpath","value":"//*[@id=\"__box77-arrow\"]"}
COMMAND: POST /session/6aa7e649349f90b4840747c4ea403a74/elements - {"using":"xpath","value":"//*[@id=\"__box77-arrow\"]"}
RESULT: {"using":"xpath","value":"//*[@id=\"__box77-arrow\"]"}
COMMAND: POST /session/6aa7e649349f90b4840747c4ea403a74/elements - {"using":"xpath","value":"//*[@id=\"__box77-arrow\"]"}
RESULT: {"using":"xpath","value":"//*[@id=\"__box77-arrow\"]"}
COMMAND: POST /session/6aa7e649349f90b4840747c4ea403a74/elements - {"using":"xpath","value":"//*[@id=\"__box77-arrow\"]"}
RESULT: {"using":"xpath","value":"//*[@id=\"__box77-arrow\"]"}
COMMAND: POST /session/6aa7e649349f90b4840747c4ea403a74/elements - {"using":"xpath","value":"//*[@id=\"__box77-arrow\"]"}
RESULT: {"using":"xpath","value":"//*[@id=\"__box77-arrow\"]"}
COMMAND: POST /session/6aa7e649349f90b4840747c4ea403a74/elements - {"using":"xpath","value":"//*[@id=\"__box77-arrow\"]"}
RESULT: {"using":"xpath","value":"//*[@id=\"__box77-arrow\"]"}
COMMAND: POST /session/6aa7e649349f90b4840747c4ea403a74/elements - {"using":"xpath","value":"//*[@id=\"__box77-arrow\"]"}
RESULT: {"using":"xpath","value":"//*[@id=\"__box77-arrow\"]"}
COMMAND: POST /session/6aa7e649349f90b4840747c4ea403a74/elements - {"using":"xpath","value":"//*[@id=\"__box77-arrow\"]"}
RESULT: {"using":"xpath","value":"//*[@id=\"__box77-arrow\"]"}
COMMAND: POST /session/6aa7e649349f90b4840747c4ea403a74/elements - {"using":"xpath","value":"//*[@id=\"__box77-arrow\"]"}
RESULT: {"using":"xpath","value":"//*[@id=\"__box77-arrow\"]"}
COMMAND: POST /session/6aa7e649349f90b4840747c4ea403a74/elements - {"using":"xpath","value":"//*[@id=\"__box77-arrow\"]"}
RESULT: {"using":"xpath","value":"//*[@id=\"__box77-arrow\"]"}
COMMAND: POST /session/6aa7e649349f90b4840747c4ea403a74/elements - {"using":"xpath","value":"//*[@id=\"__box77-arrow\"]"}
RESULT: {"using":"xpath","value":"//*[@id=\"__box77-arrow\"]"}
COMMAND: POST /session/6aa7e649349f90b4840747c4ea403a74/elements - {"using":"xpath","value":"//*[@id=\"__box77-arrow\"]"}
RESULT: {"using":"xpath","value":"//*[@id=\"__box77-arrow\"]"}
COMMAND: POST /session/6aa7e649349f90b4840747c4ea403a74/elements - {"using":"xpath","value":"//*[@id=\"__box77-arrow\"]"}
RESULT: {"using":"xpath","value":"//*[@id=\"__box77-arrow\"]"}
COMMAND: POST /session/6aa7e649349f90b4840747c4ea403a74/elements - {"using":"xpath","value":"//*[@id=\"__box77-arrow\"]"}
RESULT: {"using":"xpath","value":"//*[@id=\"__box77-arrow\"]"}
COMMAND: POST /session/6aa7e649349f90b4840747c4ea403a74/elements - {"using":"xpath","value":"//*[@id=\"__box77-arrow\"]"}
RESULT: {"using":"xpath","value":"//*[@id=\"__box77-arrow\"]"}
COMMAND: POST /session/6aa7e649349f90b4840747c4ea403a74/elements - {"using":"xpath","value":"//*[@id=\"__box77-arrow\"]"}
RESULT: {"using":"xpath","value":"//*[@id=\"__box77-arrow\"]"}
COMMAND: POST /session/6aa7e649349f90b4840747c4ea403a74/elements - {"using":"xpath","value":"//*[@id=\"__box77-arrow\"]"}
RESULT: {"using":"xpath","value":"//*[@id=\"__box77-arrow\"]"}
COMMAND: POST /session/6aa7e649349f90b4840747c4ea403a74/elements - {"using":"xpath","value":"//*[@id=\"__box77-arrow\"]"}
RESULT: {"using":"xpath","value":"//*[@id=\"__box77-arrow\"]"}
COMMAND: POST /session/6aa7e649349f90b4840747c4ea403a74/elements - {"using":"xpath","value":"//*[@id=\"__box77-arrow\"]"}
RESULT: {"using":"xpath","value":"//*[@id=\"__box77-arrow\"]"}
COMMAND: POST /session/6aa7e649349f90b4840747c4ea403a74/elements - {"using":"xpath","value":"//*[@id=\"__box77-arrow\"]"}
RESULT: {"using":"xpath","value":"//*[@id=\"__box77-arrow\"]"}
COMMAND: POST /session/6aa7e649349f90b4840747c4ea403a74/elements - {"using":"xpath","value":"//*[@id=\"__box77-arrow\"]"}
RESULT: {"using":"xpath","value":"//*[@id=\"__box77-arrow\"]"}
COMMAND: POST /session/6aa7e649349f90b4840747c4ea403a74/elements - {"using":"xpath","value":"//*[@id=\"__box77-arrow\"]"}
RESULT: {"using":"xpath","value":"//*[@id=\"__box77-arrow\"]"}
COMMAND: POST /session/6aa7e649349f90b4840747c4ea403a74/elements - {"using":"xpath","value":"//*[@id=\"__box77-arrow\"]"}
RESULT: {"using":"xpath","value":"//*[@id=\"__box77-arrow\"]"}
COMMAND: POST /session/6aa7e649349f90b4840747c4ea403a74/elements - {"using":"xpath","value":"//*[@id=\"__box77-arrow\"]"}
RESULT: {"using":"xpath","value":"//*[@id=\"__box77-arrow\"]"}
COMMAND: POST /session/6aa7e649349f90b4840747c4ea403a74/elements - {"using":"xpath","value":"//*[@id=\"__box77-arrow\"]"}
RESULT: {"using":"xpath","value":"//*[@id=\"__box77-arrow\"]"}
COMMAND: POST /session/6aa7e649349f90b4840747c4ea403a74/elements - {"using":"xpath","value":"//*[@id=\"__box77-arrow\"]"}
RESULT: {"using":"xpath","value":"//*[@id=\"__box77-arrow\"]"}
COMMAND: POST /session/6aa7e649349f90b4840747c4ea403a74/elements - {"using":"xpath","value":"//*[@id=\"__box77-arrow\"]"}
RESULT: {"using":"xpath","value":"//*[@id=\"__box77-arrow\"]"}
COMMAND: POST /session/6aa7e649349f90b4840747c4ea403a74/elements - {"using":"xpath","value":"//*[@id=\"__box77-arrow\"]"}
RESULT: {"using":"xpath","value":"//*[@id=\"__box77-arrow\"]"}
COMMAND: POST /session/6aa7e649349f90b4840747c4ea403a74/elements - {"using":"xpath","value":"//*[@id=\"__box77-arrow\"]"}
RESULT: {"using":"xpath","value":"//*[@id=\"__box77-arrow\"]"}
COMMAND: POST /session/6aa7e649349f90b4840747c4ea403a74/elements - {"using":"xpath","value":"//*[@id=\"__box77-arrow\"]"}
RESULT: {"using":"xpath","value":"//*[@id=\"__box77-arrow\"]"}
COMMAND: POST /session/6aa7e649349f90b4840747c4ea403a74/elements - {"using":"xpath","value":"//*[@id=\"__box77-arrow\"]"}
RESULT: {"using":"xpath","value":"//*[@id=\"__box77-arrow\"]"}
COMMAND: POST /session/6aa7e649349f90b4840747c4ea403a74/elements - {"using":"xpath","value":"//*[@id=\"__box77-arrow\"]"}
RESULT: {"using":"xpath","value":"//*[@id=\"__box77-arrow\"]"}
COMMAND: POST /session/6aa7e649349f90b4840747c4ea403a74/elements - {"using":"xpath","value":"//*[@id=\"__box77-arrow\"]"}
RESULT: {"using":"xpath","value":"//*[@id=\"__box77-arrow\"]"}
COMMAND: POST /session/6aa7e649349f90b4840747c4ea403a74/elements - {"using":"xpath","value":"//*[@id=\"__box77-arrow\"]"}
RESULT: {"using":"xpath","value":"//*[@id=\"__box77-arrow\"]"}
COMMAND: POST /session/6aa7e649349f90b4840747c4ea403a74/elements - {"using":"xpath","value":"//*[@id=\"__box77-arrow\"]"}
RESULT: {"using":"xpath","value":"//*[@id=\"__box77-arrow\"]"}
COMMAND: POST /session/6aa7e649349f90b4840747c4ea403a74/elements - {"using":"xpath","value":"//*[@id=\"__box77-arrow\"]"}
RESULT: {"using":"xpath","value":"//*[@id=\"__box77-arrow\"]"}
COMMAND: POST /session/6aa7e649349f90b4840747c4ea403a74/elements - {"using":"xpath","value":"//*[@id=\"__box77-arrow\"]"}
RESULT: {"using":"xpath","value":"//*[@id=\"__box77-arrow\"]"}
COMMAND: POST /session/6aa7e649349f90b4840747c4ea403a74/elements - {"using":"xpath","value":"//*[@id=\"__box77-arrow\"]"}
RESULT: {"using":"xpath","value":"//*[@id=\"__box77-arrow\"]"}
COMMAND: POST /session/6aa7e649349f90b4840747c4ea403a74/elements - {"using":"xpath","value":"//*[@id=\"__box77-arrow\"]"}
RESULT: {"using":"xpath","value":"//*[@id=\"__box77-arrow\"]"}
COMMAND: POST /session/6aa7e649349f90b4840747c4ea403a74/elements - {"using":"xpath","value":"//*[@id=\"__box77-arrow\"]"}
RESULT: {"using":"xpath","value":"//*[@id=\"__box77-arrow\"]"}
COMMAND: POST /session/6aa7e649349f90b4840747c4ea403a74/elements - {"using":"xpath","value":"//*[@id=\"__box77-arrow\"]"}
RESULT: {"using":"xpath","value":"//*[@id=\"__box77-arrow\"]"}
COMMAND: POST /session/6aa7e649349f90b4840747c4ea403a74/elements - {"using":"xpath","value":"//*[@id=\"__box77-arrow\"]"}
RESULT: {"using":"xpath","value":"//*[@id=\"__box77-arrow\"]"}
COMMAND: POST /session/6aa7e649349f90b4840747c4ea403a74/elements - {"using":"xpath","value":"//*[@id=\"__box77-arrow\"]"}
RESULT: {"using":"xpath","value":"//*[@id=\"__box77-arrow\"]"}
COMMAND: POST /session/6aa7e649349f90b4840747c4ea403a74/elements - {"using":"xpath","value":"//*[@id=\"__box77-arrow\"]"}
RESULT: {"using":"xpath","value":"//*[@id=\"__box77-arrow\"]"}
COMMAND: POST /session/6aa7e649349f90b4840747c4ea403a74/elements - {"using":"xpath","value":"//*[@id=\"__box77-arrow\"]"}
RESULT: {"using":"xpath","value":"//*[@id=\"__box77-arrow\"]"}
COMMAND: POST /session/6aa7e649349f90b4840747c4ea403a74/elements - {"using":"xpath","value":"//*[@id=\"__box77-arrow\"]"}
RESULT: {"using":"xpath","value":"//*[@id=\"__box77-arrow\"]"}
COMMAND: POST /session/6aa7e649349f90b4840747c4ea403a74/elements - {"using":"xpath","value":"//*[@id=\"__box77-arrow\"]"}
RESULT: {"using":"xpath","value":"//*[@id=\"__box77-arrow\"]"}
COMMAND: POST /session/6aa7e649349f90b4840747c4ea403a74/element - {"using":"xpath","value":"//li[.//span[text()='equal to']]"}
RESULT: {"using":"xpath","value":"//li[.//span[text()='equal to']]"}
COMMAND: POST /session/6aa7e649349f90b4840747c4ea403a74/elements - {"using":"xpath","value":"//li[.//span[text()='equal to']]"}
RESULT: {"using":"xpath","value":"//li[.//span[text()='equal to']]"}
COMMAND: POST /session/6aa7e649349f90b4840747c4ea403a74/elements - {"using":"xpath","value":"//li[.//span[text()='equal to']]"}
RESULT: {"using":"xpath","value":"//li[.//span[text()='equal to']]"}
COMMAND: POST /session/6aa7e649349f90b4840747c4ea403a74/elements - {"using":"xpath","value":"//li[.//span[text()='equal to']]"}
RESULT: {"using":"xpath","value":"//li[.//span[text()='equal to']]"}
COMMAND: POST /session/6aa7e649349f90b4840747c4ea403a74/elements - {"using":"xpath","value":"//li[.//span[text()='equal to']]"}
RESULT: {"using":"xpath","value":"//li[.//span[text()='equal to']]"}
COMMAND: POST /session/6aa7e649349f90b4840747c4ea403a74/elements - {"using":"xpath","value":"//li[.//span[text()='equal to']]"}
RESULT: {"using":"xpath","value":"//li[.//span[text()='equal to']]"}
COMMAND: POST /session/6aa7e649349f90b4840747c4ea403a74/elements - {"using":"xpath","value":"//li[.//span[text()='equal to']]"}
RESULT: {"using":"xpath","value":"//li[.//span[text()='equal to']]"}
COMMAND: POST /session/6aa7e649349f90b4840747c4ea403a74/elements - {"using":"xpath","value":"//li[.//span[text()='equal to']]"}
RESULT: {"using":"xpath","value":"//li[.//span[text()='equal to']]"}
COMMAND: POST /session/6aa7e649349f90b4840747c4ea403a74/elements - {"using":"xpath","value":"//li[.//span[text()='equal to']]"}
RESULT: {"using":"xpath","value":"//li[.//span[text()='equal to']]"}
COMMAND: POST /session/6aa7e649349f90b4840747c4ea403a74/elements - {"using":"xpath","value":"//li[.//span[text()='equal to']]"}
RESULT: {"using":"xpath","value":"//li[.//span[text()='equal to']]"}
COMMAND: POST /session/6aa7e649349f90b4840747c4ea403a74/elements - {"using":"xpath","value":"//li[.//span[text()='equal to']]"}
RESULT: {"using":"xpath","value":"//li[.//span[text()='equal to']]"}
COMMAND: POST /session/6aa7e649349f90b4840747c4ea403a74/elements - {"using":"xpath","value":"//li[.//span[text()='equal to']]"}
RESULT: {"using":"xpath","value":"//li[.//span[text()='equal to']]"}
COMMAND: POST /session/6aa7e649349f90b4840747c4ea403a74/elements - {"using":"xpath","value":"//li[.//span[text()='equal to']]"}
RESULT: {"using":"xpath","value":"//li[.//span[text()='equal to']]"}
COMMAND: POST /session/6aa7e649349f90b4840747c4ea403a74/elements - {"using":"xpath","value":"//li[.//span[text()='equal to']]"}
RESULT: {"using":"xpath","value":"//li[.//span[text()='equal to']]"}
COMMAND: POST /session/6aa7e649349f90b4840747c4ea403a74/elements - {"using":"xpath","value":"//li[.//span[text()='equal to']]"}
RESULT: {"using":"xpath","value":"//li[.//span[text()='equal to']]"}
COMMAND: POST /session/6aa7e649349f90b4840747c4ea403a74/elements - {"using":"xpath","value":"//li[.//span[text()='equal to']]"}
RESULT: {"using":"xpath","value":"//li[.//span[text()='equal to']]"}
COMMAND: POST /session/6aa7e649349f90b4840747c4ea403a74/elements - {"using":"xpath","value":"//li[.//span[text()='equal to']]"}
RESULT: {"using":"xpath","value":"//li[.//span[text()='equal to']]"}
COMMAND: POST /session/6aa7e649349f90b4840747c4ea403a74/elements - {"using":"xpath","value":"//li[.//span[text()='equal to']]"}
RESULT: {"using":"xpath","value":"//li[.//span[text()='equal to']]"}
COMMAND: POST /session/6aa7e649349f90b4840747c4ea403a74/elements - {"using":"xpath","value":"//li[.//span[text()='equal to']]"}
RESULT: {"using":"xpath","value":"//li[.//span[text()='equal to']]"}
COMMAND: POST /session/6aa7e649349f90b4840747c4ea403a74/elements - {"using":"xpath","value":"//li[.//span[text()='equal to']]"}
RESULT: {"using":"xpath","value":"//li[.//span[text()='equal to']]"}
COMMAND: POST /session/6aa7e649349f90b4840747c4ea403a74/elements - {"using":"xpath","value":"//li[.//span[text()='equal to']]"}
RESULT: {"using":"xpath","value":"//li[.//span[text()='equal to']]"}
COMMAND: POST /session/6aa7e649349f90b4840747c4ea403a74/elements - {"using":"xpath","value":"//li[.//span[text()='equal to']]"}
RESULT: {"using":"xpath","value":"//li[.//span[text()='equal to']]"}
COMMAND: POST /session/6aa7e649349f90b4840747c4ea403a74/elements - {"using":"xpath","value":"//li[.//span[text()='equal to']]"}
RESULT: {"using":"xpath","value":"//li[.//span[text()='equal to']]"}
COMMAND: POST /session/6aa7e649349f90b4840747c4ea403a74/elements - {"using":"xpath","value":"//li[.//span[text()='equal to']]"}
RESULT: {"using":"xpath","value":"//li[.//span[text()='equal to']]"}
COMMAND: POST /session/6aa7e649349f90b4840747c4ea403a74/elements - {"using":"xpath","value":"//li[.//span[text()='equal to']]"}
RESULT: {"using":"xpath","value":"//li[.//span[text()='equal to']]"}
COMMAND: POST /session/6aa7e649349f90b4840747c4ea403a74/elements - {"using":"xpath","value":"//li[.//span[text()='equal to']]"}
RESULT: {"using":"xpath","value":"//li[.//span[text()='equal to']]"}
COMMAND: POST /session/6aa7e649349f90b4840747c4ea403a74/elements - {"using":"xpath","value":"//li[.//span[text()='equal to']]"}
RESULT: {"using":"xpath","value":"//li[.//span[text()='equal to']]"}
COMMAND: POST /session/6aa7e649349f90b4840747c4ea403a74/elements - {"using":"xpath","value":"//li[.//span[text()='equal to']]"}
RESULT: {"using":"xpath","value":"//li[.//span[text()='equal to']]"}
COMMAND: POST /session/6aa7e649349f90b4840747c4ea403a74/elements - {"using":"xpath","value":"//li[.//span[text()='equal to']]"}
RESULT: {"using":"xpath","value":"//li[.//span[text()='equal to']]"}
COMMAND: POST /session/6aa7e649349f90b4840747c4ea403a74/elements - {"using":"xpath","value":"//li[.//span[text()='equal to']]"}
RESULT: {"using":"xpath","value":"//li[.//span[text()='equal to']]"}
COMMAND: POST /session/6aa7e649349f90b4840747c4ea403a74/elements - {"using":"xpath","value":"//li[.//span[text()='equal to']]"}
RESULT: {"using":"xpath","value":"//li[.//span[text()='equal to']]"}
COMMAND: POST /session/6aa7e649349f90b4840747c4ea403a74/elements - {"using":"xpath","value":"//li[.//span[text()='equal to']]"}
RESULT: {"using":"xpath","value":"//li[.//span[text()='equal to']]"}
COMMAND: POST /session/6aa7e649349f90b4840747c4ea403a74/elements - {"using":"xpath","value":"//li[.//span[text()='equal to']]"}
RESULT: {"using":"xpath","value":"//li[.//span[text()='equal to']]"}
COMMAND: POST /session/6aa7e649349f90b4840747c4ea403a74/elements - {"using":"xpath","value":"//li[.//span[text()='equal to']]"}
RESULT: {"using":"xpath","value":"//li[.//span[text()='equal to']]"}
COMMAND: POST /session/6aa7e649349f90b4840747c4ea403a74/elements - {"using":"xpath","value":"//li[.//span[text()='equal to']]"}
RESULT: {"using":"xpath","value":"//li[.//span[text()='equal to']]"}
COMMAND: POST /session/6aa7e649349f90b4840747c4ea403a74/elements - {"using":"xpath","value":"//li[.//span[text()='equal to']]"}
RESULT: {"using":"xpath","value":"//li[.//span[text()='equal to']]"}
COMMAND: POST /session/6aa7e649349f90b4840747c4ea403a74/elements - {"using":"xpath","value":"//li[.//span[text()='equal to']]"}
RESULT: {"using":"xpath","value":"//li[.//span[text()='equal to']]"}
COMMAND: POST /session/6aa7e649349f90b4840747c4ea403a74/elements - {"using":"xpath","value":"//li[.//span[text()='equal to']]"}
RESULT: {"using":"xpath","value":"//li[.//span[text()='equal to']]"}
COMMAND: POST /session/6aa7e649349f90b4840747c4ea403a74/elements - {"using":"xpath","value":"//li[.//span[text()='equal to']]"}
RESULT: {"using":"xpath","value":"//li[.//span[text()='equal to']]"}
COMMAND: POST /session/6aa7e649349f90b4840747c4ea403a74/elements - {"using":"xpath","value":"//li[.//span[text()='equal to']]"}
RESULT: {"using":"xpath","value":"//li[.//span[text()='equal to']]"}
COMMAND: POST /session/6aa7e649349f90b4840747c4ea403a74/elements - {"using":"xpath","value":"//li[.//span[text()='equal to']]"}
RESULT: {"using":"xpath","value":"//li[.//span[text()='equal to']]"}
COMMAND: POST /session/6aa7e649349f90b4840747c4ea403a74/elements - {"using":"xpath","value":"//li[.//span[text()='equal to']]"}
RESULT: {"using":"xpath","value":"//li[.//span[text()='equal to']]"}
COMMAND: POST /session/6aa7e649349f90b4840747c4ea403a74/elements - {"using":"xpath","value":"//li[.//span[text()='equal to']]"}
RESULT: {"using":"xpath","value":"//li[.//span[text()='equal to']]"}
COMMAND: POST /session/6aa7e649349f90b4840747c4ea403a74/elements - {"using":"xpath","value":"//li[.//span[text()='equal to']]"}
RESULT: {"using":"xpath","value":"//li[.//span[text()='equal to']]"}
COMMAND: POST /session/6aa7e649349f90b4840747c4ea403a74/elements - {"using":"xpath","value":"//li[.//span[text()='equal to']]"}
RESULT: {"using":"xpath","value":"//li[.//span[text()='equal to']]"}
COMMAND: POST /session/6aa7e649349f90b4840747c4ea403a74/elements - {"using":"xpath","value":"//li[.//span[text()='equal to']]"}
RESULT: {"using":"xpath","value":"//li[.//span[text()='equal to']]"}
COMMAND: POST /session/6aa7e649349f90b4840747c4ea403a74/elements - {"using":"xpath","value":"//li[.//span[text()='equal to']]"}
RESULT: {"using":"xpath","value":"//li[.//span[text()='equal to']]"}
COMMAND: POST /session/6aa7e649349f90b4840747c4ea403a74/elements - {"using":"xpath","value":"//li[.//span[text()='equal to']]"}
RESULT: {"using":"xpath","value":"//li[.//span[text()='equal to']]"}
COMMAND: POST /session/6aa7e649349f90b4840747c4ea403a74/elements - {"using":"xpath","value":"//li[.//span[text()='equal to']]"}
RESULT: {"using":"xpath","value":"//li[.//span[text()='equal to']]"}
COMMAND: POST /session/6aa7e649349f90b4840747c4ea403a74/elements - {"using":"xpath","value":"//li[.//span[text()='equal to']]"}
RESULT: {"using":"xpath","value":"//li[.//span[text()='equal to']]"}
COMMAND: POST /session/6aa7e649349f90b4840747c4ea403a74/elements - {"using":"xpath","value":"//li[.//span[text()='equal to']]"}
RESULT: {"using":"xpath","value":"//li[.//span[text()='equal to']]"}
COMMAND: POST /session/6aa7e649349f90b4840747c4ea403a74/elements - {"using":"xpath","value":"//li[.//span[text()='equal to']]"}
RESULT: {"using":"xpath","value":"//li[.//span[text()='equal to']]"}
COMMAND: POST /session/6aa7e649349f90b4840747c4ea403a74/elements - {"using":"xpath","value":"//li[.//span[text()='equal to']]"}
RESULT: {"using":"xpath","value":"//li[.//span[text()='equal to']]"}
COMMAND: POST /session/6aa7e649349f90b4840747c4ea403a74/elements - {"using":"xpath","value":"//li[.//span[text()='equal to']]"}
RESULT: {"using":"xpath","value":"//li[.//span[text()='equal to']]"}
COMMAND: POST /session/6aa7e649349f90b4840747c4ea403a74/elements - {"using":"xpath","value":"//li[.//span[text()='equal to']]"}
RESULT: {"using":"xpath","value":"//li[.//span[text()='equal to']]"}
COMMAND: POST /session/6aa7e649349f90b4840747c4ea403a74/elements - {"using":"xpath","value":"//li[.//span[text()='equal to']]"}
RESULT: {"using":"xpath","value":"//li[.//span[text()='equal to']]"}
COMMAND: POST /session/6aa7e649349f90b4840747c4ea403a74/elements - {"using":"xpath","value":"//li[.//span[text()='equal to']]"}
RESULT: {"using":"xpath","value":"//li[.//span[text()='equal to']]"}
COMMAND: POST /session/6aa7e649349f90b4840747c4ea403a74/elements - {"using":"xpath","value":"//li[.//span[text()='equal to']]"}
RESULT: {"using":"xpath","value":"//li[.//span[text()='equal to']]"}
COMMAND: POST /session/6aa7e649349f90b4840747c4ea403a74/elements - {"using":"xpath","value":"//li[.//span[text()='equal to']]"}
RESULT: {"using":"xpath","value":"//li[.//span[text()='equal to']]"}
COMMAND: POST /session/6aa7e649349f90b4840747c4ea403a74/elements - {"using":"xpath","value":"//li[.//span[text()='equal to']]"}
RESULT: {"using":"xpath","value":"//li[.//span[text()='equal to']]"}
COMMAND: POST /session/6aa7e649349f90b4840747c4ea403a74/elements - {"using":"xpath","value":"//li[.//span[text()='equal to']]"}
RESULT: {"using":"xpath","value":"//li[.//span[text()='equal to']]"}
COMMAND: POST /session/6aa7e649349f90b4840747c4ea403a74/elements - {"using":"xpath","value":"//li[.//span[text()='equal to']]"}
RESULT: {"using":"xpath","value":"//li[.//span[text()='equal to']]"}
COMMAND: POST /session/6aa7e649349f90b4840747c4ea403a74/elements - {"using":"xpath","value":"//li[.//span[text()='equal to']]"}
RESULT: {"using":"xpath","value":"//li[.//span[text()='equal to']]"}
COMMAND: POST /session/6aa7e649349f90b4840747c4ea403a74/elements - {"using":"xpath","value":"//li[.//span[text()='equal to']]"}
RESULT: {"using":"xpath","value":"//li[.//span[text()='equal to']]"}
COMMAND: POST /session/6aa7e649349f90b4840747c4ea403a74/elements - {"using":"xpath","value":"//li[.//span[text()='equal to']]"}
RESULT: {"using":"xpath","value":"//li[.//span[text()='equal to']]"}
COMMAND: POST /session/6aa7e649349f90b4840747c4ea403a74/elements - {"using":"xpath","value":"//li[.//span[text()='equal to']]"}
RESULT: {"using":"xpath","value":"//li[.//span[text()='equal to']]"}
COMMAND: POST /session/6aa7e649349f90b4840747c4ea403a74/elements - {"using":"xpath","value":"//li[.//span[text()='equal to']]"}
RESULT: {"using":"xpath","value":"//li[.//span[text()='equal to']]"}
COMMAND: POST /session/6aa7e649349f90b4840747c4ea403a74/elements - {"using":"xpath","value":"//li[.//span[text()='equal to']]"}
RESULT: {"using":"xpath","value":"//li[.//span[text()='equal to']]"}
COMMAND: POST /session/6aa7e649349f90b4840747c4ea403a74/elements - {"using":"xpath","value":"//li[.//span[text()='equal to']]"}
RESULT: {"using":"xpath","value":"//li[.//span[text()='equal to']]"}
COMMAND: POST /session/6aa7e649349f90b4840747c4ea403a74/elements - {"using":"xpath","value":"//li[.//span[text()='equal to']]"}
RESULT: {"using":"xpath","value":"//li[.//span[text()='equal to']]"}
COMMAND: POST /session/6aa7e649349f90b4840747c4ea403a74/elements - {"using":"xpath","value":"//li[.//span[text()='equal to']]"}
RESULT: {"using":"xpath","value":"//li[.//span[text()='equal to']]"}
COMMAND: POST /session/6aa7e649349f90b4840747c4ea403a74/elements - {"using":"xpath","value":"//li[.//span[text()='equal to']]"}
RESULT: {"using":"xpath","value":"//li[.//span[text()='equal to']]"}
COMMAND: POST /session/6aa7e649349f90b4840747c4ea403a74/elements - {"using":"xpath","value":"//li[.//span[text()='equal to']]"}
RESULT: {"using":"xpath","value":"//li[.//span[text()='equal to']]"}
COMMAND: POST /session/6aa7e649349f90b4840747c4ea403a74/elements - {"using":"xpath","value":"//li[.//span[text()='equal to']]"}
RESULT: {"using":"xpath","value":"//li[.//span[text()='equal to']]"}
COMMAND: POST /session/6aa7e649349f90b4840747c4ea403a74/elements - {"using":"xpath","value":"//li[.//span[text()='equal to']]"}
RESULT: {"using":"xpath","value":"//li[.//span[text()='equal to']]"}
COMMAND: POST /session/6aa7e649349f90b4840747c4ea403a74/elements - {"using":"xpath","value":"//li[.//span[text()='equal to']]"}
RESULT: {"using":"xpath","value":"//li[.//span[text()='equal to']]"}
COMMAND: POST /session/6aa7e649349f90b4840747c4ea403a74/elements - {"using":"xpath","value":"//li[.//span[text()='equal to']]"}
RESULT: {"using":"xpath","value":"//li[.//span[text()='equal to']]"}
COMMAND: POST /session/6aa7e649349f90b4840747c4ea403a74/elements - {"using":"xpath","value":"//li[.//span[text()='equal to']]"}
RESULT: {"using":"xpath","value":"//li[.//span[text()='equal to']]"}
COMMAND: POST /session/6aa7e649349f90b4840747c4ea403a74/elements - {"using":"xpath","value":"//li[.//span[text()='equal to']]"}
RESULT: {"using":"xpath","value":"//li[.//span[text()='equal to']]"}
COMMAND: POST /session/6aa7e649349f90b4840747c4ea403a74/elements - {"using":"xpath","value":"//li[.//span[text()='equal to']]"}
RESULT: {"using":"xpath","value":"//li[.//span[text()='equal to']]"}
COMMAND: POST /session/6aa7e649349f90b4840747c4ea403a74/elements - {"using":"xpath","value":"//li[.//span[text()='equal to']]"}
RESULT: {"using":"xpath","value":"//li[.//span[text()='equal to']]"}
COMMAND: POST /session/6aa7e649349f90b4840747c4ea403a74/elements - {"using":"xpath","value":"//li[.//span[text()='equal to']]"}
RESULT: {"using":"xpath","value":"//li[.//span[text()='equal to']]"}
COMMAND: POST /session/6aa7e649349f90b4840747c4ea403a74/elements - {"using":"xpath","value":"//li[.//span[text()='equal to']]"}
RESULT: {"using":"xpath","value":"//li[.//span[text()='equal to']]"}
COMMAND: POST /session/6aa7e649349f90b4840747c4ea403a74/elements - {"using":"xpath","value":"//li[.//span[text()='equal to']]"}
RESULT: {"using":"xpath","value":"//li[.//span[text()='equal to']]"}
COMMAND: POST /session/6aa7e649349f90b4840747c4ea403a74/elements - {"using":"xpath","value":"//li[.//span[text()='equal to']]"}
RESULT: {"using":"xpath","value":"//li[.//span[text()='equal to']]"}
COMMAND: POST /session/6aa7e649349f90b4840747c4ea403a74/elements - {"using":"xpath","value":"//li[.//span[text()='equal to']]"}
RESULT: {"using":"xpath","value":"//li[.//span[text()='equal to']]"}
COMMAND: POST /session/6aa7e649349f90b4840747c4ea403a74/elements - {"using":"xpath","value":"//li[.//span[text()='equal to']]"}
RESULT: {"using":"xpath","value":"//li[.//span[text()='equal to']]"}
COMMAND: POST /session/6aa7e649349f90b4840747c4ea403a74/elements - {"using":"xpath","value":"//li[.//span[text()='equal to']]"}
RESULT: {"using":"xpath","value":"//li[.//span[text()='equal to']]"}
COMMAND: POST /session/6aa7e649349f90b4840747c4ea403a74/elements - {"using":"xpath","value":"//li[.//span[text()='equal to']]"}
RESULT: {"using":"xpath","value":"//li[.//span[text()='equal to']]"}
COMMAND: POST /session/6aa7e649349f90b4840747c4ea403a74/elements - {"using":"xpath","value":"//li[.//span[text()='equal to']]"}
RESULT: {"using":"xpath","value":"//li[.//span[text()='equal to']]"}
COMMAND: POST /session/6aa7e649349f90b4840747c4ea403a74/elements - {"using":"xpath","value":"//li[.//span[text()='equal to']]"}
RESULT: {"using":"xpath","value":"//li[.//span[text()='equal to']]"}
COMMAND: POST /session/6aa7e649349f90b4840747c4ea403a74/elements - {"using":"xpath","value":"//li[.//span[text()='equal to']]"}
RESULT: {"using":"xpath","value":"//li[.//span[text()='equal to']]"}
COMMAND: POST /session/6aa7e649349f90b4840747c4ea403a74/elements - {"using":"xpath","value":"//li[.//span[text()='equal to']]"}
RESULT: {"using":"xpath","value":"//li[.//span[text()='equal to']]"}
COMMAND: POST /session/6aa7e649349f90b4840747c4ea403a74/elements - {"using":"xpath","value":"//li[.//span[text()='equal to']]"}
RESULT: {"using":"xpath","value":"//li[.//span[text()='equal to']]"}
COMMAND: POST /session/6aa7e649349f90b4840747c4ea403a74/elements - {"using":"xpath","value":"//li[.//span[text()='equal to']]"}
RESULT: {"using":"xpath","value":"//li[.//span[text()='equal to']]"}
COMMAND: POST /session/6aa7e649349f90b4840747c4ea403a74/elements - {"using":"xpath","value":"//li[.//span[text()='equal to']]"}
RESULT: {"using":"xpath","value":"//li[.//span[text()='equal to']]"}
COMMAND: POST /session/6aa7e649349f90b4840747c4ea403a74/elements - {"using":"xpath","value":"//li[.//span[text()='equal to']]"}
RESULT: {"using":"xpath","value":"//li[.//span[text()='equal to']]"}
COMMAND: POST /session/6aa7e649349f90b4840747c4ea403a74/elements - {"using":"xpath","value":"//li[.//span[text()='equal to']]"}
RESULT: {"using":"xpath","value":"//li[.//span[text()='equal to']]"}
COMMAND: POST /session/6aa7e649349f90b4840747c4ea403a74/elements - {"using":"xpath","value":"//li[.//span[text()='equal to']]"}
RESULT: {"using":"xpath","value":"//li[.//span[text()='equal to']]"}
COMMAND: POST /session/6aa7e649349f90b4840747c4ea403a74/elements - {"using":"xpath","value":"//li[.//span[text()='equal to']]"}
RESULT: {"using":"xpath","value":"//li[.//span[text()='equal to']]"}
COMMAND: POST /session/6aa7e649349f90b4840747c4ea403a74/elements - {"using":"xpath","value":"//li[.//span[text()='equal to']]"}
RESULT: {"using":"xpath","value":"//li[.//span[text()='equal to']]"}
COMMAND: POST /session/6aa7e649349f90b4840747c4ea403a74/elements - {"using":"xpath","value":"//li[.//span[text()='equal to']]"}
RESULT: {"using":"xpath","value":"//li[.//span[text()='equal to']]"}
COMMAND: POST /session/6aa7e649349f90b4840747c4ea403a74/elements - {"using":"xpath","value":"//li[.//span[text()='equal to']]"}
RESULT: {"using":"xpath","value":"//li[.//span[text()='equal to']]"}
COMMAND: POST /session/6aa7e649349f90b4840747c4ea403a74/elements - {"using":"xpath","value":"//li[.//span[text()='equal to']]"}
RESULT: {"using":"xpath","value":"//li[.//span[text()='equal to']]"}
COMMAND: POST /session/6aa7e649349f90b4840747c4ea403a74/elements - {"using":"xpath","value":"//li[.//span[text()='equal to']]"}
RESULT: {"using":"xpath","value":"//li[.//span[text()='equal to']]"}
COMMAND: POST /session/6aa7e649349f90b4840747c4ea403a74/elements - {"using":"xpath","value":"//li[.//span[text()='equal to']]"}
RESULT: {"using":"xpath","value":"//li[.//span[text()='equal to']]"}
COMMAND: POST /session/6aa7e649349f90b4840747c4ea403a74/elements - {"using":"xpath","value":"//li[.//span[text()='equal to']]"}
RESULT: {"using":"xpath","value":"//li[.//span[text()='equal to']]"}
COMMAND: POST /session/6aa7e649349f90b4840747c4ea403a74/elements - {"using":"xpath","value":"//li[.//span[text()='equal to']]"}
RESULT: {"using":"xpath","value":"//li[.//span[text()='equal to']]"}
COMMAND: POST /session/6aa7e649349f90b4840747c4ea403a74/elements - {"using":"xpath","value":"//li[.//span[text()='equal to']]"}
RESULT: {"using":"xpath","value":"//li[.//span[text()='equal to']]"}
COMMAND: POST /session/6aa7e649349f90b4840747c4ea403a74/elements - {"using":"xpath","value":"//li[.//span[text()='equal to']]"}
RESULT: {"using":"xpath","value":"//li[.//span[text()='equal to']]"}
COMMAND: POST /session/6aa7e649349f90b4840747c4ea403a74/elements - {"using":"xpath","value":"//li[.//span[text()='equal to']]"}
RESULT: {"using":"xpath","value":"//li[.//span[text()='equal to']]"}
COMMAND: POST /session/6aa7e649349f90b4840747c4ea403a74/elements - {"using":"xpath","value":"//li[.//span[text()='equal to']]"}
RESULT: {"using":"xpath","value":"//li[.//span[text()='equal to']]"}
COMMAND: POST /session/6aa7e649349f90b4840747c4ea403a74/elements - {"using":"xpath","value":"//li[.//span[text()='equal to']]"}
RESULT: {"using":"xpath","value":"//li[.//span[text()='equal to']]"}
COMMAND: POST /session/6aa7e649349f90b4840747c4ea403a74/elements - {"using":"xpath","value":"//li[.//span[text()='equal to']]"}
RESULT: {"using":"xpath","value":"//li[.//span[text()='equal to']]"}
COMMAND: POST /session/6aa7e649349f90b4840747c4ea403a74/elements - {"using":"xpath","value":"//li[.//span[text()='equal to']]"}
RESULT: {"using":"xpath","value":"//li[.//span[text()='equal to']]"}
COMMAND: POST /session/6aa7e649349f90b4840747c4ea403a74/elements - {"using":"xpath","value":"//li[.//span[text()='equal to']]"}
RESULT: {"using":"xpath","value":"//li[.//span[text()='equal to']]"}
COMMAND: POST /session/6aa7e649349f90b4840747c4ea403a74/elements - {"using":"xpath","value":"//li[.//span[text()='equal to']]"}
RESULT: {"using":"xpath","value":"//li[.//span[text()='equal to']]"}
COMMAND: POST /session/6aa7e649349f90b4840747c4ea403a74/elements - {"using":"xpath","value":"//li[.//span[text()='equal to']]"}
RESULT: {"using":"xpath","value":"//li[.//span[text()='equal to']]"}
COMMAND: POST /session/6aa7e649349f90b4840747c4ea403a74/elements - {"using":"xpath","value":"//li[.//span[text()='equal to']]"}
RESULT: {"using":"xpath","value":"//li[.//span[text()='equal to']]"}
COMMAND: POST /session/6aa7e649349f90b4840747c4ea403a74/elements - {"using":"xpath","value":"//li[.//span[text()='equal to']]"}
RESULT: {"using":"xpath","value":"//li[.//span[text()='equal to']]"}
COMMAND: POST /session/6aa7e649349f90b4840747c4ea403a74/elements - {"using":"xpath","value":"//li[.//span[text()='equal to']]"}
RESULT: {"using":"xpath","value":"//li[.//span[text()='equal to']]"}
COMMAND: POST /session/6aa7e649349f90b4840747c4ea403a74/elements - {"using":"xpath","value":"//li[.//span[text()='equal to']]"}
COMMAND: GET /session/6aa7e649349f90b4840747c4ea403a74/screenshot - {}
RESULT: {"using":"xpath","value":"//li[.//span[text()='equal to']]"}
RESULT: {}
]]></system-out>
      <system-err><![CDATA[
Error: Can't call click on element with selector "//li[.//span[text()='equal to']]" because element wasn't found
    at async Context.<anonymous> (D:\a\1\s\test\specs\BTS\manage-partners.spec.js:805:9)
]]></system-err>
    </testcase>
  </testsuite>
</testsuites>