<?xml version="1.0" encoding="UTF-8"?>
<testsuites tests="80" failures="0" errors="0" skipped="0">
  <testsuite timestamp="2025-06-13T16:17:54" time="781.849" tests="8" failures="0" errors="0" skipped="0">
    <properties>
      <property name="specId" value="0"/>
      <property name="suiteName" value="Stock increase - with WHM US125587"/>
      <property name="capabilities" value="chrome.137_0_7151_69.windows"/>
      <property name="file" value="file:///D:/a/1/s/test/specs/HTR/stock-increase.spec.js"/>
    </properties>
    <testcase classname="chrome.137_0_7151_69.windows.Stock_increase_-_with_WHM_US125587" name="Should create a new WHM yard" time="130.099">
      <system-out><![CDATA[
COMMAND: POST /session/8b9d24fb39cbfc9e79ab89721a1c9e7d/window/fullscreen - {}
RESULT: {}
COMMAND: POST /session/8b9d24fb39cbfc9e79ab89721a1c9e7d/execute/async - {"script":"<script> [1562 bytes]","args":[{"selector":{"controlType":"sap.m.GenericTile","properties":{"header":"Manage Yards"}},"wdio_ui5_key":"sapm.GenericTile{\"header\":\"Manage Yards\"}"}]}
RESULT: {"script":"<script> [1562 bytes]","args":[{"selector":{"controlType":"sap.m.GenericTile","properties":{"header":"Manage Yards"}},"wdio_ui5_key":"sapm.GenericTile{\"header\":\"Manage Yards\"}"}]}
RESULT: undefined
COMMAND: POST /session/8b9d24fb39cbfc9e79ab89721a1c9e7d/element - {"using":"xpath","value":"//*[@id=\"__tile42\"]"}
RESULT: {"using":"xpath","value":"//*[@id=\"__tile42\"]"}
COMMAND: POST /session/8b9d24fb39cbfc9e79ab89721a1c9e7d/element/f.7652131D378371FA98FE7F43E0E28151.d.B5B8820AEF470B48A36FB219B6FE3243.e.142/click - {}
RESULT: {}
COMMAND: GET /session/8b9d24fb39cbfc9e79ab89721a1c9e7d/screenshot - {}
RESULT: {}
COMMAND: POST /session/8b9d24fb39cbfc9e79ab89721a1c9e7d/elements - {"using":"xpath","value":"//span[text()='Error']"}
RESULT: {"using":"xpath","value":"//span[text()='Error']"}
COMMAND: POST /session/8b9d24fb39cbfc9e79ab89721a1c9e7d/element - {"using":"xpath","value":"//button[@data-kt=\"addNewYardOverflowToolbarButton\"]"}
RESULT: {"using":"xpath","value":"//button[@data-kt=\"addNewYardOverflowToolbarButton\"]"}
COMMAND: POST /session/8b9d24fb39cbfc9e79ab89721a1c9e7d/elements - {"using":"xpath","value":"//button[@data-kt=\"addNewYardOverflowToolbarButton\"]"}
RESULT: {"using":"xpath","value":"//button[@data-kt=\"addNewYardOverflowToolbarButton\"]"}
COMMAND: POST /session/8b9d24fb39cbfc9e79ab89721a1c9e7d/elements - {"using":"xpath","value":"//button[@data-kt=\"addNewYardOverflowToolbarButton\"]"}
RESULT: {"using":"xpath","value":"//button[@data-kt=\"addNewYardOverflowToolbarButton\"]"}
COMMAND: POST /session/8b9d24fb39cbfc9e79ab89721a1c9e7d/elements - {"using":"xpath","value":"//button[@data-kt=\"addNewYardOverflowToolbarButton\"]"}
RESULT: {"using":"xpath","value":"//button[@data-kt=\"addNewYardOverflowToolbarButton\"]"}
COMMAND: POST /session/8b9d24fb39cbfc9e79ab89721a1c9e7d/elements - {"using":"xpath","value":"//button[@data-kt=\"addNewYardOverflowToolbarButton\"]"}
RESULT: {"using":"xpath","value":"//button[@data-kt=\"addNewYardOverflowToolbarButton\"]"}
COMMAND: POST /session/8b9d24fb39cbfc9e79ab89721a1c9e7d/elements - {"using":"xpath","value":"//button[@data-kt=\"addNewYardOverflowToolbarButton\"]"}
RESULT: {"using":"xpath","value":"//button[@data-kt=\"addNewYardOverflowToolbarButton\"]"}
COMMAND: POST /session/8b9d24fb39cbfc9e79ab89721a1c9e7d/elements - {"using":"xpath","value":"//button[@data-kt=\"addNewYardOverflowToolbarButton\"]"}
RESULT: {"using":"xpath","value":"//button[@data-kt=\"addNewYardOverflowToolbarButton\"]"}
COMMAND: POST /session/8b9d24fb39cbfc9e79ab89721a1c9e7d/elements - {"using":"xpath","value":"//button[@data-kt=\"addNewYardOverflowToolbarButton\"]"}
RESULT: {"using":"xpath","value":"//button[@data-kt=\"addNewYardOverflowToolbarButton\"]"}
COMMAND: POST /session/8b9d24fb39cbfc9e79ab89721a1c9e7d/elements - {"using":"xpath","value":"//button[@data-kt=\"addNewYardOverflowToolbarButton\"]"}
RESULT: {"using":"xpath","value":"//button[@data-kt=\"addNewYardOverflowToolbarButton\"]"}
COMMAND: POST /session/8b9d24fb39cbfc9e79ab89721a1c9e7d/element - {"using":"xpath","value":"//button[@data-kt=\"addNewYardOverflowToolbarButton\"]"}
RESULT: {"using":"xpath","value":"//button[@data-kt=\"addNewYardOverflowToolbarButton\"]"}
COMMAND: POST /session/8b9d24fb39cbfc9e79ab89721a1c9e7d/execute/sync - {"script":"<script> [8489 bytes]","args":[{"element-6066-11e4-a52e-4f735466cecf":"f.7652131D378371FA98FE7F43E0E28151.d.B5B8820AEF470B48A36FB219B6FE3243.e.281","ELEMENT":"f.7652131D378371FA98FE7F43E0E28151.d.B5B8820AEF470B48A36FB219B6FE3243.e.281"}]}
RESULT: {"script":"<script> [8489 bytes]","args":[{"element-6066-11e4-a52e-4f735466cecf":"f.7652131D378371FA98FE7F43E0E28151.d.B5B8820AEF470B48A36FB219B6FE3243.e.281","ELEMENT":"f.7652131D378371FA98FE7F43E0E28151.d.B5B8820AEF470B48A36FB219B6FE3243.e.281"}]}
COMMAND: GET /session/8b9d24fb39cbfc9e79ab89721a1c9e7d/element/f.7652131D378371FA98FE7F43E0E28151.d.B5B8820AEF470B48A36FB219B6FE3243.e.281/enabled - {}
COMMAND: GET /session/8b9d24fb39cbfc9e79ab89721a1c9e7d/screenshot - {}
RESULT: {}
COMMAND: POST /session/8b9d24fb39cbfc9e79ab89721a1c9e7d/execute/sync - {"script":"<script> [8489 bytes]","args":[{"element-6066-11e4-a52e-4f735466cecf":"f.7652131D378371FA98FE7F43E0E28151.d.B5B8820AEF470B48A36FB219B6FE3243.e.281","ELEMENT":"f.7652131D378371FA98FE7F43E0E28151.d.B5B8820AEF470B48A36FB219B6FE3243.e.281"}]}
COMMAND: GET /session/8b9d24fb39cbfc9e79ab89721a1c9e7d/screenshot - {}
RESULT: {}
RESULT: {"script":"<script> [8489 bytes]","args":[{"element-6066-11e4-a52e-4f735466cecf":"f.7652131D378371FA98FE7F43E0E28151.d.B5B8820AEF470B48A36FB219B6FE3243.e.281","ELEMENT":"f.7652131D378371FA98FE7F43E0E28151.d.B5B8820AEF470B48A36FB219B6FE3243.e.281"}]}
COMMAND: POST /session/8b9d24fb39cbfc9e79ab89721a1c9e7d/execute/sync - {"script":"<script> [5351 bytes]","args":[{"element-6066-11e4-a52e-4f735466cecf":"f.7652131D378371FA98FE7F43E0E28151.d.B5B8820AEF470B48A36FB219B6FE3243.e.281","ELEMENT":"f.7652131D378371FA98FE7F43E0E28151.d.B5B8820AEF470B48A36FB219B6FE3243.e.281"}]}
COMMAND: GET /session/8b9d24fb39cbfc9e79ab89721a1c9e7d/screenshot - {}
RESULT: {}
RESULT: {"script":"<script> [5351 bytes]","args":[{"element-6066-11e4-a52e-4f735466cecf":"f.7652131D378371FA98FE7F43E0E28151.d.B5B8820AEF470B48A36FB219B6FE3243.e.281","ELEMENT":"f.7652131D378371FA98FE7F43E0E28151.d.B5B8820AEF470B48A36FB219B6FE3243.e.281"}]}
COMMAND: POST /session/8b9d24fb39cbfc9e79ab89721a1c9e7d/element/f.7652131D378371FA98FE7F43E0E28151.d.B5B8820AEF470B48A36FB219B6FE3243.e.281/click - {}
COMMAND: GET /session/8b9d24fb39cbfc9e79ab89721a1c9e7d/screenshot - {}
RESULT: {}
RESULT: {}
COMMAND: GET /session/8b9d24fb39cbfc9e79ab89721a1c9e7d/screenshot - {}
COMMAND: POST /session/8b9d24fb39cbfc9e79ab89721a1c9e7d/element - {"using":"xpath","value":"//input[@id=\"application-manageyards-display-component---NewYard--yardId-inner\"]"}
RESULT: {}
RESULT: {}
RESULT: {"using":"xpath","value":"//input[@id=\"application-manageyards-display-component---NewYard--yardId-inner\"]"}
COMMAND: POST /session/8b9d24fb39cbfc9e79ab89721a1c9e7d/element - {"using":"xpath","value":"//input[@id=\"application-manageyards-display-component---NewYard--yardId-inner\"]"}
RESULT: {"using":"xpath","value":"//input[@id=\"application-manageyards-display-component---NewYard--yardId-inner\"]"}
COMMAND: POST /session/8b9d24fb39cbfc9e79ab89721a1c9e7d/execute/async - {"script":"<script> [1562 bytes]","args":[{"selector":{"id":"application-manageyards-display-component---NewYard--addressDetailDetailsName1","interaction":{"idSuffix":"inner"}},"wdio_ui5_key":"applicationmanageyards-display-component---NewYard--addressDetailDetailsName1"}]}
RESULT: {"script":"<script> [1562 bytes]","args":[{"selector":{"id":"application-manageyards-display-component---NewYard--addressDetailDetailsName1","interaction":{"idSuffix":"inner"}},"wdio_ui5_key":"applicationmanageyards-display-component---NewYard--addressDetailDetailsName1"}]}
RESULT: undefined
COMMAND: POST /session/8b9d24fb39cbfc9e79ab89721a1c9e7d/execute/async - {"script":"<script> [776 bytes]","args":[{"enterText":"Warehouse Managed WDIO","selector":{"id":"application-manageyards-display-component---NewYard--addressDetailDetailsName1","interaction":{"idSuffix":"inner"}},"clearTextFirst":true,"interactionType":"ENTER_TEXT"}]}
RESULT: {"script":"<script> [776 bytes]","args":[{"enterText":"Warehouse Managed WDIO","selector":{"id":"application-manageyards-display-component---NewYard--addressDetailDetailsName1","interaction":{"idSuffix":"inner"}},"clearTextFirst":true,"interactionType":"ENTER_TEXT"}]}
COMMAND: POST /session/8b9d24fb39cbfc9e79ab89721a1c9e7d/execute/async - {"script":"<script> [1562 bytes]","args":[{"selector":{"id":"application-manageyards-display-component---NewYard--addressDetailDetailsLanguage-arrow"},"wdio_ui5_key":"applicationmanageyards-display-component---NewYard--addressDetailDetailsLanguage-arrow"}]}
RESULT: {"script":"<script> [1562 bytes]","args":[{"selector":{"id":"application-manageyards-display-component---NewYard--addressDetailDetailsLanguage-arrow"},"wdio_ui5_key":"applicationmanageyards-display-component---NewYard--addressDetailDetailsLanguage-arrow"}]}
RESULT: undefined
COMMAND: POST /session/8b9d24fb39cbfc9e79ab89721a1c9e7d/element - {"using":"xpath","value":"//*[@id=\"application-manageyards-display-component---NewYard--addressDetailDetailsLanguage-arrow\"]"}
RESULT: {"using":"xpath","value":"//*[@id=\"application-manageyards-display-component---NewYard--addressDetailDetailsLanguage-arrow\"]"}
COMMAND: POST /session/8b9d24fb39cbfc9e79ab89721a1c9e7d/element/f.7652131D378371FA98FE7F43E0E28151.d.B5B8820AEF470B48A36FB219B6FE3243.e.703/click - {}
RESULT: {}
COMMAND: POST /session/8b9d24fb39cbfc9e79ab89721a1c9e7d/element - {"using":"xpath","value":"//span[contains(text(), \"English\")]"}
COMMAND: GET /session/8b9d24fb39cbfc9e79ab89721a1c9e7d/screenshot - {}
RESULT: {"using":"xpath","value":"//span[contains(text(), \"English\")]"}
COMMAND: POST /session/8b9d24fb39cbfc9e79ab89721a1c9e7d/element/f.7652131D378371FA98FE7F43E0E28151.d.B5B8820AEF470B48A36FB219B6FE3243.e.704/click - {}
RESULT: {}
RESULT: {}
COMMAND: POST /session/8b9d24fb39cbfc9e79ab89721a1c9e7d/execute/async - {"script":"<script> [1562 bytes]","args":[{"selector":{"id":"application-manageyards-display-component---NewYard--addressDetailDetailsCity1","interaction":{"idSuffix":"inner"}},"wdio_ui5_key":"applicationmanageyards-display-component---NewYard--addressDetailDetailsCity1"}]}
COMMAND: GET /session/8b9d24fb39cbfc9e79ab89721a1c9e7d/screenshot - {}
RESULT: {"script":"<script> [1562 bytes]","args":[{"selector":{"id":"application-manageyards-display-component---NewYard--addressDetailDetailsCity1","interaction":{"idSuffix":"inner"}},"wdio_ui5_key":"applicationmanageyards-display-component---NewYard--addressDetailDetailsCity1"}]}
RESULT: undefined
COMMAND: POST /session/8b9d24fb39cbfc9e79ab89721a1c9e7d/execute/async - {"script":"<script> [776 bytes]","args":[{"enterText":"Rosario","selector":{"id":"application-manageyards-display-component---NewYard--addressDetailDetailsCity1","interaction":{"idSuffix":"inner"}},"clearTextFirst":true,"interactionType":"ENTER_TEXT"}]}
RESULT: {}
RESULT: {"script":"<script> [776 bytes]","args":[{"enterText":"Rosario","selector":{"id":"application-manageyards-display-component---NewYard--addressDetailDetailsCity1","interaction":{"idSuffix":"inner"}},"clearTextFirst":true,"interactionType":"ENTER_TEXT"}]}
COMMAND: POST /session/8b9d24fb39cbfc9e79ab89721a1c9e7d/execute/async - {"script":"<script> [1562 bytes]","args":[{"selector":{"id":"application-manageyards-display-component---NewYard--addressDetailDetailsCountry-arrow"},"wdio_ui5_key":"applicationmanageyards-display-component---NewYard--addressDetailDetailsCountry-arrow"}]}
RESULT: {"script":"<script> [1562 bytes]","args":[{"selector":{"id":"application-manageyards-display-component---NewYard--addressDetailDetailsCountry-arrow"},"wdio_ui5_key":"applicationmanageyards-display-component---NewYard--addressDetailDetailsCountry-arrow"}]}
RESULT: undefined
COMMAND: POST /session/8b9d24fb39cbfc9e79ab89721a1c9e7d/element - {"using":"xpath","value":"//*[@id=\"application-manageyards-display-component---NewYard--addressDetailDetailsCountry-arrow\"]"}
RESULT: {"using":"xpath","value":"//*[@id=\"application-manageyards-display-component---NewYard--addressDetailDetailsCountry-arrow\"]"}
COMMAND: POST /session/8b9d24fb39cbfc9e79ab89721a1c9e7d/element/f.7652131D378371FA98FE7F43E0E28151.d.B5B8820AEF470B48A36FB219B6FE3243.e.706/click - {}
RESULT: {}
COMMAND: POST /session/8b9d24fb39cbfc9e79ab89721a1c9e7d/element - {"using":"xpath","value":"//span[contains(text(), \"Argentina\")]"}
COMMAND: GET /session/8b9d24fb39cbfc9e79ab89721a1c9e7d/screenshot - {}
RESULT: {"using":"xpath","value":"//span[contains(text(), \"Argentina\")]"}
COMMAND: POST /session/8b9d24fb39cbfc9e79ab89721a1c9e7d/element/f.7652131D378371FA98FE7F43E0E28151.d.B5B8820AEF470B48A36FB219B6FE3243.e.707/click - {}
RESULT: {}
RESULT: {}
COMMAND: POST /session/8b9d24fb39cbfc9e79ab89721a1c9e7d/execute/async - {"script":"<script> [1562 bytes]","args":[{"selector":{"id":"application-manageyards-display-component---NewYard--addressEditDetailsCostObjectCstType-arrow"},"wdio_ui5_key":"applicationmanageyards-display-component---NewYard--addressEditDetailsCostObjectCstType-arrow"}]}
COMMAND: GET /session/8b9d24fb39cbfc9e79ab89721a1c9e7d/screenshot - {}
RESULT: {"script":"<script> [1562 bytes]","args":[{"selector":{"id":"application-manageyards-display-component---NewYard--addressEditDetailsCostObjectCstType-arrow"},"wdio_ui5_key":"applicationmanageyards-display-component---NewYard--addressEditDetailsCostObjectCstType-arrow"}]}
RESULT: undefined
COMMAND: POST /session/8b9d24fb39cbfc9e79ab89721a1c9e7d/element - {"using":"xpath","value":"//*[@id=\"application-manageyards-display-component---NewYard--addressEditDetailsCostObjectCstType-arrow\"]"}
RESULT: {}
RESULT: {"using":"xpath","value":"//*[@id=\"application-manageyards-display-component---NewYard--addressEditDetailsCostObjectCstType-arrow\"]"}
COMMAND: POST /session/8b9d24fb39cbfc9e79ab89721a1c9e7d/element/f.7652131D378371FA98FE7F43E0E28151.d.B5B8820AEF470B48A36FB219B6FE3243.e.709/click - {}
RESULT: {}
COMMAND: POST /session/8b9d24fb39cbfc9e79ab89721a1c9e7d/element - {"using":"xpath","value":"//span[contains(text(), \"Cost Center\")]"}
COMMAND: GET /session/8b9d24fb39cbfc9e79ab89721a1c9e7d/screenshot - {}
RESULT: {"using":"xpath","value":"//span[contains(text(), \"Cost Center\")]"}
COMMAND: POST /session/8b9d24fb39cbfc9e79ab89721a1c9e7d/element/f.7652131D378371FA98FE7F43E0E28151.d.B5B8820AEF470B48A36FB219B6FE3243.e.710/click - {}
RESULT: {}
RESULT: {}
COMMAND: GET /session/8b9d24fb39cbfc9e79ab89721a1c9e7d/screenshot - {}
RESULT: {}
COMMAND: POST /session/8b9d24fb39cbfc9e79ab89721a1c9e7d/element - {"using":"xpath","value":"//span[@id=\"application-manageyards-display-component---NewYard--addressNewCostObjectCstID-vhi\"]"}
RESULT: {"using":"xpath","value":"//span[@id=\"application-manageyards-display-component---NewYard--addressNewCostObjectCstID-vhi\"]"}
COMMAND: POST /session/8b9d24fb39cbfc9e79ab89721a1c9e7d/execute/sync - {"script":"<script> [8489 bytes]","args":[{"element-6066-11e4-a52e-4f735466cecf":"f.7652131D378371FA98FE7F43E0E28151.d.B5B8820AEF470B48A36FB219B6FE3243.e.714","ELEMENT":"f.7652131D378371FA98FE7F43E0E28151.d.B5B8820AEF470B48A36FB219B6FE3243.e.714"}]}
RESULT: {"script":"<script> [8489 bytes]","args":[{"element-6066-11e4-a52e-4f735466cecf":"f.7652131D378371FA98FE7F43E0E28151.d.B5B8820AEF470B48A36FB219B6FE3243.e.714","ELEMENT":"f.7652131D378371FA98FE7F43E0E28151.d.B5B8820AEF470B48A36FB219B6FE3243.e.714"}]}
COMMAND: POST /session/8b9d24fb39cbfc9e79ab89721a1c9e7d/execute/async - {"script":"<script> [1562 bytes]","args":[{"selector":{"id":"application-manageyards-display-component---NewYard--addressNewCostObjectCstID-vhi"},"wdio_ui5_key":"applicationmanageyards-display-component---NewYard--addressNewCostObjectCstID-vhi"}]}
COMMAND: GET /session/8b9d24fb39cbfc9e79ab89721a1c9e7d/screenshot - {}
RESULT: {"script":"<script> [1562 bytes]","args":[{"selector":{"id":"application-manageyards-display-component---NewYard--addressNewCostObjectCstID-vhi"},"wdio_ui5_key":"applicationmanageyards-display-component---NewYard--addressNewCostObjectCstID-vhi"}]}
RESULT: undefined
COMMAND: POST /session/8b9d24fb39cbfc9e79ab89721a1c9e7d/element - {"using":"xpath","value":"//*[@id=\"application-manageyards-display-component---NewYard--addressNewCostObjectCstID-vhi\"]"}
RESULT: {}
RESULT: {"using":"xpath","value":"//*[@id=\"application-manageyards-display-component---NewYard--addressNewCostObjectCstID-vhi\"]"}
COMMAND: POST /session/8b9d24fb39cbfc9e79ab89721a1c9e7d/element/f.7652131D378371FA98FE7F43E0E28151.d.B5B8820AEF470B48A36FB219B6FE3243.e.714/click - {}
RESULT: {}
COMMAND: GET /session/8b9d24fb39cbfc9e79ab89721a1c9e7d/screenshot - {}
RESULT: {}
COMMAND: POST /session/8b9d24fb39cbfc9e79ab89721a1c9e7d/execute/async - {"script":"<script> [1562 bytes]","args":[{"selector":{"controlType":"sap.m.SearchField","properties":{"placeholder":"Search"},"searchOpenDialogs":true,"interaction":{"idSuffix":"I"}},"wdio_ui5_key":"sapm.SearchField{\"placeholder\":\"Search\"}"}]}
RESULT: {"script":"<script> [1562 bytes]","args":[{"selector":{"controlType":"sap.m.SearchField","properties":{"placeholder":"Search"},"searchOpenDialogs":true,"interaction":{"idSuffix":"I"}},"wdio_ui5_key":"sapm.SearchField{\"placeholder\":\"Search\"}"}]}
RESULT: undefined
COMMAND: POST /session/8b9d24fb39cbfc9e79ab89721a1c9e7d/execute/async - {"script":"<script> [776 bytes]","args":[{"enterText":"bauh_b","selector":{"controlType":"sap.m.SearchField","properties":{"placeholder":"Search"},"searchOpenDialogs":true,"interaction":{"idSuffix":"I"}},"clearTextFirst":true,"interactionType":"ENTER_TEXT"}]}
RESULT: {"script":"<script> [776 bytes]","args":[{"enterText":"bauh_b","selector":{"controlType":"sap.m.SearchField","properties":{"placeholder":"Search"},"searchOpenDialogs":true,"interaction":{"idSuffix":"I"}},"clearTextFirst":true,"interactionType":"ENTER_TEXT"}]}
COMMAND: POST /session/8b9d24fb39cbfc9e79ab89721a1c9e7d/actions - {"actions":[{"id":"action1","type":"key","parameters":{},"actions":[{"type":"keyDown","value":""},{"type":"pause","duration":10},{"type":"keyUp","value":""}]}]}
RESULT: {"actions":[{"id":"action1","type":"key","parameters":{},"actions":[{"type":"keyDown","value":""},{"type":"pause","duration":10},{"type":"keyUp","value":""}]}]}
COMMAND: GET /session/8b9d24fb39cbfc9e79ab89721a1c9e7d/screenshot - {}
RESULT: {}
COMMAND: POST /session/8b9d24fb39cbfc9e79ab89721a1c9e7d/element - {"using":"xpath","value":"//span[contains(text(), \"Demo Yard\")]"}
RESULT: {"using":"xpath","value":"//span[contains(text(), \"Demo Yard\")]"}
COMMAND: POST /session/8b9d24fb39cbfc9e79ab89721a1c9e7d/element/f.7652131D378371FA98FE7F43E0E28151.d.B5B8820AEF470B48A36FB219B6FE3243.e.756/click - {}
RESULT: {}
COMMAND: GET /session/8b9d24fb39cbfc9e79ab89721a1c9e7d/screenshot - {}
RESULT: {}
COMMAND: POST /session/8b9d24fb39cbfc9e79ab89721a1c9e7d/element - {"using":"xpath","value":"//bdi[contains(text(), \"OK\")]"}
RESULT: {"using":"xpath","value":"//bdi[contains(text(), \"OK\")]"}
COMMAND: POST /session/8b9d24fb39cbfc9e79ab89721a1c9e7d/element/f.7652131D378371FA98FE7F43E0E28151.d.B5B8820AEF470B48A36FB219B6FE3243.e.757/click - {}
RESULT: {}
COMMAND: GET /session/8b9d24fb39cbfc9e79ab89721a1c9e7d/screenshot - {}
RESULT: {}
COMMAND: POST /session/8b9d24fb39cbfc9e79ab89721a1c9e7d/execute/async - {"script":"<script> [1562 bytes]","args":[{"selector":{"id":"application-manageyards-display-component---NewYard--addressEditDetailsCurrency-arrow"},"wdio_ui5_key":"applicationmanageyards-display-component---NewYard--addressEditDetailsCurrency-arrow"}]}
RESULT: {"script":"<script> [1562 bytes]","args":[{"selector":{"id":"application-manageyards-display-component---NewYard--addressEditDetailsCurrency-arrow"},"wdio_ui5_key":"applicationmanageyards-display-component---NewYard--addressEditDetailsCurrency-arrow"}]}
RESULT: undefined
COMMAND: POST /session/8b9d24fb39cbfc9e79ab89721a1c9e7d/element - {"using":"xpath","value":"//*[@id=\"application-manageyards-display-component---NewYard--addressEditDetailsCurrency-arrow\"]"}
RESULT: {"using":"xpath","value":"//*[@id=\"application-manageyards-display-component---NewYard--addressEditDetailsCurrency-arrow\"]"}
COMMAND: POST /session/8b9d24fb39cbfc9e79ab89721a1c9e7d/element/f.7652131D378371FA98FE7F43E0E28151.d.B5B8820AEF470B48A36FB219B6FE3243.e.760/click - {}
RESULT: {}
COMMAND: POST /session/8b9d24fb39cbfc9e79ab89721a1c9e7d/element - {"using":"xpath","value":"//span[contains(text(), \"Euro\")]"}
COMMAND: GET /session/8b9d24fb39cbfc9e79ab89721a1c9e7d/screenshot - {}
RESULT: {"using":"xpath","value":"//span[contains(text(), \"Euro\")]"}
COMMAND: POST /session/8b9d24fb39cbfc9e79ab89721a1c9e7d/element/f.7652131D378371FA98FE7F43E0E28151.d.B5B8820AEF470B48A36FB219B6FE3243.e.761/click - {}
RESULT: {}
RESULT: {}
COMMAND: POST /session/8b9d24fb39cbfc9e79ab89721a1c9e7d/execute/async - {"script":"<script> [1562 bytes]","args":[{"selector":{"controlType":"sap.m.Input","viewName":"etm.portal.ui.manageyards.view.New","viewId":"application-manageyards-display-component---NewYard","bindingPath":{"path":"","propertyPath":"/CONTROLLING_AREA","modelName":"NewYardModel"},"interaction":{"idSuffix":"inner"}},"wdio_ui5_key":"etmportal.ui.manageyards.view.Newsap.m.Input{\"path\":\"\",\"propertyPath\":\"/CONTROLLING_AREA\",\"modelName\":\"NewYardModel\"}"}]}
COMMAND: GET /session/8b9d24fb39cbfc9e79ab89721a1c9e7d/screenshot - {}
RESULT: {"script":"<script> [1562 bytes]","args":[{"selector":{"controlType":"sap.m.Input","viewName":"etm.portal.ui.manageyards.view.New","viewId":"application-manageyards-display-component---NewYard","bindingPath":{"path":"","propertyPath":"/CONTROLLING_AREA","modelName":"NewYardModel"},"interaction":{"idSuffix":"inner"}},"wdio_ui5_key":"etmportal.ui.manageyards.view.Newsap.m.Input{\"path\":\"\",\"propertyPath\":\"/CONTROLLING_AREA\",\"modelName\":\"NewYardModel\"}"}]}
RESULT: undefined
COMMAND: POST /session/8b9d24fb39cbfc9e79ab89721a1c9e7d/execute/async - {"script":"<script> [776 bytes]","args":[{"enterText":"Z001","selector":{"controlType":"sap.m.Input","viewName":"etm.portal.ui.manageyards.view.New","viewId":"application-manageyards-display-component---NewYard","bindingPath":{"path":"","propertyPath":"/CONTROLLING_AREA","modelName":"NewYardModel"},"interaction":{"idSuffix":"inner"}},"clearTextFirst":true,"interactionType":"ENTER_TEXT"}]}
RESULT: {}
RESULT: {"script":"<script> [776 bytes]","args":[{"enterText":"Z001","selector":{"controlType":"sap.m.Input","viewName":"etm.portal.ui.manageyards.view.New","viewId":"application-manageyards-display-component---NewYard","bindingPath":{"path":"","propertyPath":"/CONTROLLING_AREA","modelName":"NewYardModel"},"interaction":{"idSuffix":"inner"}},"clearTextFirst":true,"interactionType":"ENTER_TEXT"}]}
COMMAND: POST /session/8b9d24fb39cbfc9e79ab89721a1c9e7d/execute/async - {"script":"<script> [1562 bytes]","args":[{"selector":{"id":"application-manageyards-display-component---NewYard--companyCodeComboBox","interaction":{"idSuffix":"inner"}},"wdio_ui5_key":"applicationmanageyards-display-component---NewYard--companyCodeComboBox"}]}
RESULT: {"script":"<script> [1562 bytes]","args":[{"selector":{"id":"application-manageyards-display-component---NewYard--companyCodeComboBox","interaction":{"idSuffix":"inner"}},"wdio_ui5_key":"applicationmanageyards-display-component---NewYard--companyCodeComboBox"}]}
RESULT: undefined
COMMAND: POST /session/8b9d24fb39cbfc9e79ab89721a1c9e7d/execute/async - {"script":"<script> [776 bytes]","args":[{"enterText":"1000","selector":{"id":"application-manageyards-display-component---NewYard--companyCodeComboBox","interaction":{"idSuffix":"inner"}},"clearTextFirst":true,"interactionType":"ENTER_TEXT"}]}
RESULT: {"script":"<script> [776 bytes]","args":[{"enterText":"1000","selector":{"id":"application-manageyards-display-component---NewYard--companyCodeComboBox","interaction":{"idSuffix":"inner"}},"clearTextFirst":true,"interactionType":"ENTER_TEXT"}]}
COMMAND: POST /session/8b9d24fb39cbfc9e79ab89721a1c9e7d/execute/async - {"script":"<script> [1562 bytes]","args":[{"selector":{"controlType":"sap.m.Input","viewName":"etm.portal.ui.manageyards.view.New","viewId":"application-manageyards-display-component---NewYard","bindingPath":{"path":"","propertyPath":"/PLANT","modelName":"NewYardModel"},"interaction":{"idSuffix":"inner"}},"wdio_ui5_key":"etmportal.ui.manageyards.view.Newsap.m.Input{\"path\":\"\",\"propertyPath\":\"/PLANT\",\"modelName\":\"NewYardModel\"}"}]}
RESULT: {"script":"<script> [1562 bytes]","args":[{"selector":{"controlType":"sap.m.Input","viewName":"etm.portal.ui.manageyards.view.New","viewId":"application-manageyards-display-component---NewYard","bindingPath":{"path":"","propertyPath":"/PLANT","modelName":"NewYardModel"},"interaction":{"idSuffix":"inner"}},"wdio_ui5_key":"etmportal.ui.manageyards.view.Newsap.m.Input{\"path\":\"\",\"propertyPath\":\"/PLANT\",\"modelName\":\"NewYardModel\"}"}]}
RESULT: undefined
COMMAND: POST /session/8b9d24fb39cbfc9e79ab89721a1c9e7d/execute/async - {"script":"<script> [776 bytes]","args":[{"enterText":"1001","selector":{"controlType":"sap.m.Input","viewName":"etm.portal.ui.manageyards.view.New","viewId":"application-manageyards-display-component---NewYard","bindingPath":{"path":"","propertyPath":"/PLANT","modelName":"NewYardModel"},"interaction":{"idSuffix":"inner"}},"clearTextFirst":true,"interactionType":"ENTER_TEXT"}]}
RESULT: {"script":"<script> [776 bytes]","args":[{"enterText":"1001","selector":{"controlType":"sap.m.Input","viewName":"etm.portal.ui.manageyards.view.New","viewId":"application-manageyards-display-component---NewYard","bindingPath":{"path":"","propertyPath":"/PLANT","modelName":"NewYardModel"},"interaction":{"idSuffix":"inner"}},"clearTextFirst":true,"interactionType":"ENTER_TEXT"}]}
COMMAND: POST /session/8b9d24fb39cbfc9e79ab89721a1c9e7d/execute/async - {"script":"<script> [1562 bytes]","args":[{"selector":{"controlType":"sap.m.Input","viewName":"etm.portal.ui.manageyards.view.New","viewId":"application-manageyards-display-component---NewYard","bindingPath":{"path":"","propertyPath":"/SALES_AREA_VKORG","modelName":"NewYardModel"},"interaction":{"idSuffix":"inner"}},"wdio_ui5_key":"etmportal.ui.manageyards.view.Newsap.m.Input{\"path\":\"\",\"propertyPath\":\"/SALES_AREA_VKORG\",\"modelName\":\"NewYardModel\"}"}]}
RESULT: {"script":"<script> [1562 bytes]","args":[{"selector":{"controlType":"sap.m.Input","viewName":"etm.portal.ui.manageyards.view.New","viewId":"application-manageyards-display-component---NewYard","bindingPath":{"path":"","propertyPath":"/SALES_AREA_VKORG","modelName":"NewYardModel"},"interaction":{"idSuffix":"inner"}},"wdio_ui5_key":"etmportal.ui.manageyards.view.Newsap.m.Input{\"path\":\"\",\"propertyPath\":\"/SALES_AREA_VKORG\",\"modelName\":\"NewYardModel\"}"}]}
RESULT: undefined
COMMAND: POST /session/8b9d24fb39cbfc9e79ab89721a1c9e7d/execute/async - {"script":"<script> [776 bytes]","args":[{"enterText":"C002","selector":{"controlType":"sap.m.Input","viewName":"etm.portal.ui.manageyards.view.New","viewId":"application-manageyards-display-component---NewYard","bindingPath":{"path":"","propertyPath":"/SALES_AREA_VKORG","modelName":"NewYardModel"},"interaction":{"idSuffix":"inner"}},"clearTextFirst":true,"interactionType":"ENTER_TEXT"}]}
RESULT: {"script":"<script> [776 bytes]","args":[{"enterText":"C002","selector":{"controlType":"sap.m.Input","viewName":"etm.portal.ui.manageyards.view.New","viewId":"application-manageyards-display-component---NewYard","bindingPath":{"path":"","propertyPath":"/SALES_AREA_VKORG","modelName":"NewYardModel"},"interaction":{"idSuffix":"inner"}},"clearTextFirst":true,"interactionType":"ENTER_TEXT"}]}
COMMAND: POST /session/8b9d24fb39cbfc9e79ab89721a1c9e7d/execute/async - {"script":"<script> [1562 bytes]","args":[{"selector":{"controlType":"sap.m.Input","viewName":"etm.portal.ui.manageyards.view.New","viewId":"application-manageyards-display-component---NewYard","bindingPath":{"path":"","propertyPath":"/SALES_AREA_VTWEG","modelName":"NewYardModel"},"interaction":{"idSuffix":"inner"}},"wdio_ui5_key":"etmportal.ui.manageyards.view.Newsap.m.Input{\"path\":\"\",\"propertyPath\":\"/SALES_AREA_VTWEG\",\"modelName\":\"NewYardModel\"}"}]}
RESULT: {"script":"<script> [1562 bytes]","args":[{"selector":{"controlType":"sap.m.Input","viewName":"etm.portal.ui.manageyards.view.New","viewId":"application-manageyards-display-component---NewYard","bindingPath":{"path":"","propertyPath":"/SALES_AREA_VTWEG","modelName":"NewYardModel"},"interaction":{"idSuffix":"inner"}},"wdio_ui5_key":"etmportal.ui.manageyards.view.Newsap.m.Input{\"path\":\"\",\"propertyPath\":\"/SALES_AREA_VTWEG\",\"modelName\":\"NewYardModel\"}"}]}
RESULT: undefined
COMMAND: POST /session/8b9d24fb39cbfc9e79ab89721a1c9e7d/execute/async - {"script":"<script> [776 bytes]","args":[{"enterText":"C2","selector":{"controlType":"sap.m.Input","viewName":"etm.portal.ui.manageyards.view.New","viewId":"application-manageyards-display-component---NewYard","bindingPath":{"path":"","propertyPath":"/SALES_AREA_VTWEG","modelName":"NewYardModel"},"interaction":{"idSuffix":"inner"}},"clearTextFirst":true,"interactionType":"ENTER_TEXT"}]}
RESULT: {"script":"<script> [776 bytes]","args":[{"enterText":"C2","selector":{"controlType":"sap.m.Input","viewName":"etm.portal.ui.manageyards.view.New","viewId":"application-manageyards-display-component---NewYard","bindingPath":{"path":"","propertyPath":"/SALES_AREA_VTWEG","modelName":"NewYardModel"},"interaction":{"idSuffix":"inner"}},"clearTextFirst":true,"interactionType":"ENTER_TEXT"}]}
COMMAND: POST /session/8b9d24fb39cbfc9e79ab89721a1c9e7d/execute/async - {"script":"<script> [1562 bytes]","args":[{"selector":{"controlType":"sap.m.Input","viewName":"etm.portal.ui.manageyards.view.New","viewId":"application-manageyards-display-component---NewYard","bindingPath":{"path":"","propertyPath":"/SALES_AREA_SPART","modelName":"NewYardModel"},"interaction":{"idSuffix":"inner"}},"wdio_ui5_key":"etmportal.ui.manageyards.view.Newsap.m.Input{\"path\":\"\",\"propertyPath\":\"/SALES_AREA_SPART\",\"modelName\":\"NewYardModel\"}"}]}
RESULT: {"script":"<script> [1562 bytes]","args":[{"selector":{"controlType":"sap.m.Input","viewName":"etm.portal.ui.manageyards.view.New","viewId":"application-manageyards-display-component---NewYard","bindingPath":{"path":"","propertyPath":"/SALES_AREA_SPART","modelName":"NewYardModel"},"interaction":{"idSuffix":"inner"}},"wdio_ui5_key":"etmportal.ui.manageyards.view.Newsap.m.Input{\"path\":\"\",\"propertyPath\":\"/SALES_AREA_SPART\",\"modelName\":\"NewYardModel\"}"}]}
RESULT: undefined
COMMAND: POST /session/8b9d24fb39cbfc9e79ab89721a1c9e7d/execute/async - {"script":"<script> [776 bytes]","args":[{"enterText":"C2","selector":{"controlType":"sap.m.Input","viewName":"etm.portal.ui.manageyards.view.New","viewId":"application-manageyards-display-component---NewYard","bindingPath":{"path":"","propertyPath":"/SALES_AREA_SPART","modelName":"NewYardModel"},"interaction":{"idSuffix":"inner"}},"clearTextFirst":true,"interactionType":"ENTER_TEXT"}]}
RESULT: {"script":"<script> [776 bytes]","args":[{"enterText":"C2","selector":{"controlType":"sap.m.Input","viewName":"etm.portal.ui.manageyards.view.New","viewId":"application-manageyards-display-component---NewYard","bindingPath":{"path":"","propertyPath":"/SALES_AREA_SPART","modelName":"NewYardModel"},"interaction":{"idSuffix":"inner"}},"clearTextFirst":true,"interactionType":"ENTER_TEXT"}]}
COMMAND: POST /session/8b9d24fb39cbfc9e79ab89721a1c9e7d/execute/async - {"script":"<script> [1562 bytes]","args":[{"selector":{"controlType":"sap.m.Input","viewName":"etm.portal.ui.manageyards.view.New","viewId":"application-manageyards-display-component---NewYard","bindingPath":{"path":"","propertyPath":"/SHIP_POINT","modelName":"NewYardModel"},"interaction":{"idSuffix":"inner"}},"wdio_ui5_key":"etmportal.ui.manageyards.view.Newsap.m.Input{\"path\":\"\",\"propertyPath\":\"/SHIP_POINT\",\"modelName\":\"NewYardModel\"}"}]}
RESULT: {"script":"<script> [1562 bytes]","args":[{"selector":{"controlType":"sap.m.Input","viewName":"etm.portal.ui.manageyards.view.New","viewId":"application-manageyards-display-component---NewYard","bindingPath":{"path":"","propertyPath":"/SHIP_POINT","modelName":"NewYardModel"},"interaction":{"idSuffix":"inner"}},"wdio_ui5_key":"etmportal.ui.manageyards.view.Newsap.m.Input{\"path\":\"\",\"propertyPath\":\"/SHIP_POINT\",\"modelName\":\"NewYardModel\"}"}]}
RESULT: undefined
COMMAND: POST /session/8b9d24fb39cbfc9e79ab89721a1c9e7d/execute/async - {"script":"<script> [776 bytes]","args":[{"enterText":"1710","selector":{"controlType":"sap.m.Input","viewName":"etm.portal.ui.manageyards.view.New","viewId":"application-manageyards-display-component---NewYard","bindingPath":{"path":"","propertyPath":"/SHIP_POINT","modelName":"NewYardModel"},"interaction":{"idSuffix":"inner"}},"clearTextFirst":true,"interactionType":"ENTER_TEXT"}]}
RESULT: {"script":"<script> [776 bytes]","args":[{"enterText":"1710","selector":{"controlType":"sap.m.Input","viewName":"etm.portal.ui.manageyards.view.New","viewId":"application-manageyards-display-component---NewYard","bindingPath":{"path":"","propertyPath":"/SHIP_POINT","modelName":"NewYardModel"},"interaction":{"idSuffix":"inner"}},"clearTextFirst":true,"interactionType":"ENTER_TEXT"}]}
COMMAND: POST /session/8b9d24fb39cbfc9e79ab89721a1c9e7d/execute/async - {"script":"<script> [1562 bytes]","args":[{"selector":{"controlType":"sap.m.Input","viewName":"etm.portal.ui.manageyards.view.New","viewId":"application-manageyards-display-component---NewYard","bindingPath":{"path":"","propertyPath":"/DELIVERY_TYPE","modelName":"NewYardModel"},"interaction":{"idSuffix":"inner"}},"wdio_ui5_key":"etmportal.ui.manageyards.view.Newsap.m.Input{\"path\":\"\",\"propertyPath\":\"/DELIVERY_TYPE\",\"modelName\":\"NewYardModel\"}"}]}
RESULT: {"script":"<script> [1562 bytes]","args":[{"selector":{"controlType":"sap.m.Input","viewName":"etm.portal.ui.manageyards.view.New","viewId":"application-manageyards-display-component---NewYard","bindingPath":{"path":"","propertyPath":"/DELIVERY_TYPE","modelName":"NewYardModel"},"interaction":{"idSuffix":"inner"}},"wdio_ui5_key":"etmportal.ui.manageyards.view.Newsap.m.Input{\"path\":\"\",\"propertyPath\":\"/DELIVERY_TYPE\",\"modelName\":\"NewYardModel\"}"}]}
RESULT: undefined
COMMAND: POST /session/8b9d24fb39cbfc9e79ab89721a1c9e7d/execute/async - {"script":"<script> [776 bytes]","args":[{"enterText":"ZL01","selector":{"controlType":"sap.m.Input","viewName":"etm.portal.ui.manageyards.view.New","viewId":"application-manageyards-display-component---NewYard","bindingPath":{"path":"","propertyPath":"/DELIVERY_TYPE","modelName":"NewYardModel"},"interaction":{"idSuffix":"inner"}},"clearTextFirst":true,"interactionType":"ENTER_TEXT"}]}
RESULT: {"script":"<script> [776 bytes]","args":[{"enterText":"ZL01","selector":{"controlType":"sap.m.Input","viewName":"etm.portal.ui.manageyards.view.New","viewId":"application-manageyards-display-component---NewYard","bindingPath":{"path":"","propertyPath":"/DELIVERY_TYPE","modelName":"NewYardModel"},"interaction":{"idSuffix":"inner"}},"clearTextFirst":true,"interactionType":"ENTER_TEXT"}]}
COMMAND: POST /session/8b9d24fb39cbfc9e79ab89721a1c9e7d/execute/async - {"script":"<script> [1562 bytes]","args":[{"selector":{"controlType":"sap.m.Input","viewName":"etm.portal.ui.manageyards.view.New","viewId":"application-manageyards-display-component---NewYard","bindingPath":{"path":"","propertyPath":"/AUART","modelName":"NewYardModel"},"interaction":{"idSuffix":"inner"}},"wdio_ui5_key":"etmportal.ui.manageyards.view.Newsap.m.Input{\"path\":\"\",\"propertyPath\":\"/AUART\",\"modelName\":\"NewYardModel\"}"}]}
RESULT: {"script":"<script> [1562 bytes]","args":[{"selector":{"controlType":"sap.m.Input","viewName":"etm.portal.ui.manageyards.view.New","viewId":"application-manageyards-display-component---NewYard","bindingPath":{"path":"","propertyPath":"/AUART","modelName":"NewYardModel"},"interaction":{"idSuffix":"inner"}},"wdio_ui5_key":"etmportal.ui.manageyards.view.Newsap.m.Input{\"path\":\"\",\"propertyPath\":\"/AUART\",\"modelName\":\"NewYardModel\"}"}]}
RESULT: undefined
COMMAND: POST /session/8b9d24fb39cbfc9e79ab89721a1c9e7d/execute/async - {"script":"<script> [776 bytes]","args":[{"enterText":"TA","selector":{"controlType":"sap.m.Input","viewName":"etm.portal.ui.manageyards.view.New","viewId":"application-manageyards-display-component---NewYard","bindingPath":{"path":"","propertyPath":"/AUART","modelName":"NewYardModel"},"interaction":{"idSuffix":"inner"}},"clearTextFirst":true,"interactionType":"ENTER_TEXT"}]}
RESULT: {"script":"<script> [776 bytes]","args":[{"enterText":"TA","selector":{"controlType":"sap.m.Input","viewName":"etm.portal.ui.manageyards.view.New","viewId":"application-manageyards-display-component---NewYard","bindingPath":{"path":"","propertyPath":"/AUART","modelName":"NewYardModel"},"interaction":{"idSuffix":"inner"}},"clearTextFirst":true,"interactionType":"ENTER_TEXT"}]}
COMMAND: POST /session/8b9d24fb39cbfc9e79ab89721a1c9e7d/execute/async - {"script":"<script> [1562 bytes]","args":[{"selector":{"id":"application-manageyards-display-component---NewYard--whmCheckBox","interaction":{"idSuffix":"CbBg"}},"wdio_ui5_key":"applicationmanageyards-display-component---NewYard--whmCheckBox"}]}
RESULT: {"script":"<script> [1562 bytes]","args":[{"selector":{"id":"application-manageyards-display-component---NewYard--whmCheckBox","interaction":{"idSuffix":"CbBg"}},"wdio_ui5_key":"applicationmanageyards-display-component---NewYard--whmCheckBox"}]}
RESULT: undefined
COMMAND: POST /session/8b9d24fb39cbfc9e79ab89721a1c9e7d/element - {"using":"xpath","value":"//*[@id=\"application-manageyards-display-component---NewYard--whmCheckBox\"]"}
RESULT: {"using":"xpath","value":"//*[@id=\"application-manageyards-display-component---NewYard--whmCheckBox\"]"}
COMMAND: POST /session/8b9d24fb39cbfc9e79ab89721a1c9e7d/element/f.7652131D378371FA98FE7F43E0E28151.d.B5B8820AEF470B48A36FB219B6FE3243.e.781/click - {}
RESULT: {}
COMMAND: GET /session/8b9d24fb39cbfc9e79ab89721a1c9e7d/screenshot - {}
RESULT: {}
COMMAND: POST /session/8b9d24fb39cbfc9e79ab89721a1c9e7d/element - {"using":"xpath","value":"//button[@data-kt=\"newYardSaveButton\"]"}
RESULT: {"using":"xpath","value":"//button[@data-kt=\"newYardSaveButton\"]"}
COMMAND: POST /session/8b9d24fb39cbfc9e79ab89721a1c9e7d/element/f.7652131D378371FA98FE7F43E0E28151.d.B5B8820AEF470B48A36FB219B6FE3243.e.687/click - {}
RESULT: {}
COMMAND: GET /session/8b9d24fb39cbfc9e79ab89721a1c9e7d/screenshot - {}
RESULT: {}
COMMAND: POST /session/8b9d24fb39cbfc9e79ab89721a1c9e7d/element - {"using":"xpath","value":"//header[contains(@id, 'ObjectPageLayout-headerTitle')]/div[1]/div[2]/div[1]/span[1]"}
RESULT: {"using":"xpath","value":"//header[contains(@id, 'ObjectPageLayout-headerTitle')]/div[1]/div[2]/div[1]/span[1]"}
COMMAND: POST /session/8b9d24fb39cbfc9e79ab89721a1c9e7d/elements - {"using":"xpath","value":"//header[contains(@id, 'ObjectPageLayout-headerTitle')]/div[1]/div[2]/div[1]/span[1]"}
RESULT: {"using":"xpath","value":"//header[contains(@id, 'ObjectPageLayout-headerTitle')]/div[1]/div[2]/div[1]/span[1]"}
COMMAND: POST /session/8b9d24fb39cbfc9e79ab89721a1c9e7d/execute/sync - {"script":"<script> [56 bytes]","args":[{"element-6066-11e4-a52e-4f735466cecf":"f.7652131D378371FA98FE7F43E0E28151.d.B5B8820AEF470B48A36FB219B6FE3243.e.989","ELEMENT":"f.7652131D378371FA98FE7F43E0E28151.d.B5B8820AEF470B48A36FB219B6FE3243.e.989"}]}
RESULT: {"script":"<script> [56 bytes]","args":[{"element-6066-11e4-a52e-4f735466cecf":"f.7652131D378371FA98FE7F43E0E28151.d.B5B8820AEF470B48A36FB219B6FE3243.e.989","ELEMENT":"f.7652131D378371FA98FE7F43E0E28151.d.B5B8820AEF470B48A36FB219B6FE3243.e.989"}]}
COMMAND: GET /session/8b9d24fb39cbfc9e79ab89721a1c9e7d/screenshot - {}
RESULT: {}
COMMAND: POST /session/8b9d24fb39cbfc9e79ab89721a1c9e7d/element - {"using":"css selector","value":"#shell-header-logo"}
RESULT: {"using":"css selector","value":"#shell-header-logo"}
COMMAND: POST /session/8b9d24fb39cbfc9e79ab89721a1c9e7d/element/f.7652131D378371FA98FE7F43E0E28151.d.B5B8820AEF470B48A36FB219B6FE3243.e.250/click - {}
RESULT: {}
COMMAND: GET /session/8b9d24fb39cbfc9e79ab89721a1c9e7d/screenshot - {}
RESULT: {}
COMMAND: POST /session/8b9d24fb39cbfc9e79ab89721a1c9e7d/execute/sync - {"script":"<script> [299 bytes]","args":[["getModel","getResource"]]}
RESULT: {"script":"<script> [299 bytes]","args":[["getModel","getResource"]]}
COMMAND: GET /session/8b9d24fb39cbfc9e79ab89721a1c9e7d/screenshot - {}
]]></system-out>
    </testcase>
    <testcase classname="chrome.137_0_7151_69.windows.Stock_increase_-_with_WHM_US125587" name="Should create a new external WHM partner" time="108.628">
      <system-out><![CDATA[
COMMAND: POST /session/8b9d24fb39cbfc9e79ab89721a1c9e7d/window/fullscreen - {}
RESULT: {}
RESULT: {}
COMMAND: POST /session/8b9d24fb39cbfc9e79ab89721a1c9e7d/execute/async - {"script":"<script> [1562 bytes]","args":[{"selector":{"controlType":"sap.m.GenericTile","properties":{"header":"Manage Partners"}},"wdio_ui5_key":"sapm.GenericTile{\"header\":\"Manage Partners\"}"}]}
RESULT: {"script":"<script> [1562 bytes]","args":[{"selector":{"controlType":"sap.m.GenericTile","properties":{"header":"Manage Partners"}},"wdio_ui5_key":"sapm.GenericTile{\"header\":\"Manage Partners\"}"}]}
RESULT: undefined
COMMAND: POST /session/8b9d24fb39cbfc9e79ab89721a1c9e7d/element - {"using":"xpath","value":"//*[@id=\"__tile39\"]"}
RESULT: {"using":"xpath","value":"//*[@id=\"__tile39\"]"}
COMMAND: POST /session/8b9d24fb39cbfc9e79ab89721a1c9e7d/element/f.7652131D378371FA98FE7F43E0E28151.d.B5B8820AEF470B48A36FB219B6FE3243.e.133/click - {}
RESULT: {}
COMMAND: GET /session/8b9d24fb39cbfc9e79ab89721a1c9e7d/screenshot - {}
RESULT: {}
COMMAND: POST /session/8b9d24fb39cbfc9e79ab89721a1c9e7d/elements - {"using":"xpath","value":"//span[text()='Error']"}
RESULT: {"using":"xpath","value":"//span[text()='Error']"}
COMMAND: POST /session/8b9d24fb39cbfc9e79ab89721a1c9e7d/element - {"using":"xpath","value":"//button[@data-kt=\"addButton\"]"}
RESULT: {"using":"xpath","value":"//button[@data-kt=\"addButton\"]"}
COMMAND: POST /session/8b9d24fb39cbfc9e79ab89721a1c9e7d/elements - {"using":"xpath","value":"//button[@data-kt=\"addButton\"]"}
RESULT: {"using":"xpath","value":"//button[@data-kt=\"addButton\"]"}
COMMAND: POST /session/8b9d24fb39cbfc9e79ab89721a1c9e7d/elements - {"using":"xpath","value":"//button[@data-kt=\"addButton\"]"}
RESULT: {"using":"xpath","value":"//button[@data-kt=\"addButton\"]"}
COMMAND: POST /session/8b9d24fb39cbfc9e79ab89721a1c9e7d/element - {"using":"xpath","value":"//button[@data-kt=\"addButton\"]"}
RESULT: {"using":"xpath","value":"//button[@data-kt=\"addButton\"]"}
COMMAND: POST /session/8b9d24fb39cbfc9e79ab89721a1c9e7d/execute/sync - {"script":"<script> [8489 bytes]","args":[{"element-6066-11e4-a52e-4f735466cecf":"f.7652131D378371FA98FE7F43E0E28151.d.B5B8820AEF470B48A36FB219B6FE3243.e.1038","ELEMENT":"f.7652131D378371FA98FE7F43E0E28151.d.B5B8820AEF470B48A36FB219B6FE3243.e.1038"}]}
RESULT: {"script":"<script> [8489 bytes]","args":[{"element-6066-11e4-a52e-4f735466cecf":"f.7652131D378371FA98FE7F43E0E28151.d.B5B8820AEF470B48A36FB219B6FE3243.e.1038","ELEMENT":"f.7652131D378371FA98FE7F43E0E28151.d.B5B8820AEF470B48A36FB219B6FE3243.e.1038"}]}
COMMAND: GET /session/8b9d24fb39cbfc9e79ab89721a1c9e7d/element/f.7652131D378371FA98FE7F43E0E28151.d.B5B8820AEF470B48A36FB219B6FE3243.e.1038/enabled - {}
COMMAND: GET /session/8b9d24fb39cbfc9e79ab89721a1c9e7d/screenshot - {}
RESULT: {}
COMMAND: POST /session/8b9d24fb39cbfc9e79ab89721a1c9e7d/execute/sync - {"script":"<script> [8489 bytes]","args":[{"element-6066-11e4-a52e-4f735466cecf":"f.7652131D378371FA98FE7F43E0E28151.d.B5B8820AEF470B48A36FB219B6FE3243.e.1038","ELEMENT":"f.7652131D378371FA98FE7F43E0E28151.d.B5B8820AEF470B48A36FB219B6FE3243.e.1038"}]}
COMMAND: GET /session/8b9d24fb39cbfc9e79ab89721a1c9e7d/screenshot - {}
RESULT: {}
RESULT: {"script":"<script> [8489 bytes]","args":[{"element-6066-11e4-a52e-4f735466cecf":"f.7652131D378371FA98FE7F43E0E28151.d.B5B8820AEF470B48A36FB219B6FE3243.e.1038","ELEMENT":"f.7652131D378371FA98FE7F43E0E28151.d.B5B8820AEF470B48A36FB219B6FE3243.e.1038"}]}
COMMAND: POST /session/8b9d24fb39cbfc9e79ab89721a1c9e7d/execute/sync - {"script":"<script> [5351 bytes]","args":[{"element-6066-11e4-a52e-4f735466cecf":"f.7652131D378371FA98FE7F43E0E28151.d.B5B8820AEF470B48A36FB219B6FE3243.e.1038","ELEMENT":"f.7652131D378371FA98FE7F43E0E28151.d.B5B8820AEF470B48A36FB219B6FE3243.e.1038"}]}
COMMAND: GET /session/8b9d24fb39cbfc9e79ab89721a1c9e7d/screenshot - {}
RESULT: {}
RESULT: {"script":"<script> [5351 bytes]","args":[{"element-6066-11e4-a52e-4f735466cecf":"f.7652131D378371FA98FE7F43E0E28151.d.B5B8820AEF470B48A36FB219B6FE3243.e.1038","ELEMENT":"f.7652131D378371FA98FE7F43E0E28151.d.B5B8820AEF470B48A36FB219B6FE3243.e.1038"}]}
COMMAND: POST /session/8b9d24fb39cbfc9e79ab89721a1c9e7d/element/f.7652131D378371FA98FE7F43E0E28151.d.B5B8820AEF470B48A36FB219B6FE3243.e.1038/click - {}
COMMAND: GET /session/8b9d24fb39cbfc9e79ab89721a1c9e7d/screenshot - {}
RESULT: {}
RESULT: {}
COMMAND: GET /session/8b9d24fb39cbfc9e79ab89721a1c9e7d/screenshot - {}
RESULT: {}
RESULT: {}
COMMAND: POST /session/8b9d24fb39cbfc9e79ab89721a1c9e7d/execute/async - {"script":"<script> [1562 bytes]","args":[{"selector":{"id":"application-managepartners-display-component---NewPartner--addressDetailDetailsName1","interaction":{"idSuffix":"inner"}},"wdio_ui5_key":"applicationmanagepartners-display-component---NewPartner--addressDetailDetailsName1"}]}
RESULT: {"script":"<script> [1562 bytes]","args":[{"selector":{"id":"application-managepartners-display-component---NewPartner--addressDetailDetailsName1","interaction":{"idSuffix":"inner"}},"wdio_ui5_key":"applicationmanagepartners-display-component---NewPartner--addressDetailDetailsName1"}]}
RESULT: undefined
COMMAND: POST /session/8b9d24fb39cbfc9e79ab89721a1c9e7d/execute/async - {"script":"<script> [776 bytes]","args":[{"enterText":"External Partner WDIO","selector":{"id":"application-managepartners-display-component---NewPartner--addressDetailDetailsName1","interaction":{"idSuffix":"inner"}},"clearTextFirst":true,"interactionType":"ENTER_TEXT"}]}
RESULT: {"script":"<script> [776 bytes]","args":[{"enterText":"External Partner WDIO","selector":{"id":"application-managepartners-display-component---NewPartner--addressDetailDetailsName1","interaction":{"idSuffix":"inner"}},"clearTextFirst":true,"interactionType":"ENTER_TEXT"}]}
COMMAND: POST /session/8b9d24fb39cbfc9e79ab89721a1c9e7d/execute/async - {"script":"<script> [1562 bytes]","args":[{"selector":{"id":"application-managepartners-display-component---NewPartner--addressDetailDetailsLanguage-arrow"},"wdio_ui5_key":"applicationmanagepartners-display-component---NewPartner--addressDetailDetailsLanguage-arrow"}]}
RESULT: {"script":"<script> [1562 bytes]","args":[{"selector":{"id":"application-managepartners-display-component---NewPartner--addressDetailDetailsLanguage-arrow"},"wdio_ui5_key":"applicationmanagepartners-display-component---NewPartner--addressDetailDetailsLanguage-arrow"}]}
RESULT: undefined
COMMAND: POST /session/8b9d24fb39cbfc9e79ab89721a1c9e7d/element - {"using":"xpath","value":"//*[@id=\"application-managepartners-display-component---NewPartner--addressDetailDetailsLanguage-arrow\"]"}
RESULT: {"using":"xpath","value":"//*[@id=\"application-managepartners-display-component---NewPartner--addressDetailDetailsLanguage-arrow\"]"}
COMMAND: POST /session/8b9d24fb39cbfc9e79ab89721a1c9e7d/element/f.7652131D378371FA98FE7F43E0E28151.d.B5B8820AEF470B48A36FB219B6FE3243.e.1446/click - {}
RESULT: {}
COMMAND: POST /session/8b9d24fb39cbfc9e79ab89721a1c9e7d/element - {"using":"xpath","value":"//span[contains(text(), \"English\")]"}
COMMAND: GET /session/8b9d24fb39cbfc9e79ab89721a1c9e7d/screenshot - {}
RESULT: {"using":"xpath","value":"//span[contains(text(), \"English\")]"}
COMMAND: POST /session/8b9d24fb39cbfc9e79ab89721a1c9e7d/element/f.7652131D378371FA98FE7F43E0E28151.d.B5B8820AEF470B48A36FB219B6FE3243.e.1447/click - {}
RESULT: {}
RESULT: {}
COMMAND: GET /session/8b9d24fb39cbfc9e79ab89721a1c9e7d/screenshot - {}
RESULT: {}
COMMAND: POST /session/8b9d24fb39cbfc9e79ab89721a1c9e7d/execute/async - {"script":"<script> [1562 bytes]","args":[{"selector":{"id":"application-managepartners-display-component---NewPartner--addressDetailDetailsCity1","interaction":{"idSuffix":"inner"}},"wdio_ui5_key":"applicationmanagepartners-display-component---NewPartner--addressDetailDetailsCity1"}]}
RESULT: {"script":"<script> [1562 bytes]","args":[{"selector":{"id":"application-managepartners-display-component---NewPartner--addressDetailDetailsCity1","interaction":{"idSuffix":"inner"}},"wdio_ui5_key":"applicationmanagepartners-display-component---NewPartner--addressDetailDetailsCity1"}]}
RESULT: undefined
COMMAND: POST /session/8b9d24fb39cbfc9e79ab89721a1c9e7d/execute/async - {"script":"<script> [776 bytes]","args":[{"enterText":"Rosario","selector":{"id":"application-managepartners-display-component---NewPartner--addressDetailDetailsCity1","interaction":{"idSuffix":"inner"}},"clearTextFirst":true,"interactionType":"ENTER_TEXT"}]}
RESULT: {"script":"<script> [776 bytes]","args":[{"enterText":"Rosario","selector":{"id":"application-managepartners-display-component---NewPartner--addressDetailDetailsCity1","interaction":{"idSuffix":"inner"}},"clearTextFirst":true,"interactionType":"ENTER_TEXT"}]}
COMMAND: POST /session/8b9d24fb39cbfc9e79ab89721a1c9e7d/execute/async - {"script":"<script> [1562 bytes]","args":[{"selector":{"id":"application-managepartners-display-component---NewPartner--addressDetailDetailsCountry-arrow"},"wdio_ui5_key":"applicationmanagepartners-display-component---NewPartner--addressDetailDetailsCountry-arrow"}]}
RESULT: {"script":"<script> [1562 bytes]","args":[{"selector":{"id":"application-managepartners-display-component---NewPartner--addressDetailDetailsCountry-arrow"},"wdio_ui5_key":"applicationmanagepartners-display-component---NewPartner--addressDetailDetailsCountry-arrow"}]}
RESULT: undefined
COMMAND: POST /session/8b9d24fb39cbfc9e79ab89721a1c9e7d/element - {"using":"xpath","value":"//*[@id=\"application-managepartners-display-component---NewPartner--addressDetailDetailsCountry-arrow\"]"}
RESULT: {"using":"xpath","value":"//*[@id=\"application-managepartners-display-component---NewPartner--addressDetailDetailsCountry-arrow\"]"}
COMMAND: POST /session/8b9d24fb39cbfc9e79ab89721a1c9e7d/element/f.7652131D378371FA98FE7F43E0E28151.d.B5B8820AEF470B48A36FB219B6FE3243.e.1433/click - {}
RESULT: {}
COMMAND: POST /session/8b9d24fb39cbfc9e79ab89721a1c9e7d/element - {"using":"xpath","value":"//span[contains(text(), \"Argentina\")]"}
COMMAND: GET /session/8b9d24fb39cbfc9e79ab89721a1c9e7d/screenshot - {}
RESULT: {"using":"xpath","value":"//span[contains(text(), \"Argentina\")]"}
COMMAND: POST /session/8b9d24fb39cbfc9e79ab89721a1c9e7d/element/f.7652131D378371FA98FE7F43E0E28151.d.B5B8820AEF470B48A36FB219B6FE3243.e.1449/click - {}
RESULT: {}
RESULT: {}
COMMAND: GET /session/8b9d24fb39cbfc9e79ab89721a1c9e7d/screenshot - {}
RESULT: {}
COMMAND: POST /session/8b9d24fb39cbfc9e79ab89721a1c9e7d/element - {"using":"xpath","value":"//bdi[contains(text(), \"Commercial\")]"}
RESULT: {"using":"xpath","value":"//bdi[contains(text(), \"Commercial\")]"}
COMMAND: POST /session/8b9d24fb39cbfc9e79ab89721a1c9e7d/element/f.7652131D378371FA98FE7F43E0E28151.d.B5B8820AEF470B48A36FB219B6FE3243.e.1450/click - {}
RESULT: {}
COMMAND: GET /session/8b9d24fb39cbfc9e79ab89721a1c9e7d/screenshot - {}
RESULT: {}
COMMAND: POST /session/8b9d24fb39cbfc9e79ab89721a1c9e7d/execute/async - {"script":"<script> [1562 bytes]","args":[{"selector":{"id":"application-managepartners-display-component---NewPartner--partnerDetailInternal-arrow"},"wdio_ui5_key":"applicationmanagepartners-display-component---NewPartner--partnerDetailInternal-arrow"}]}
RESULT: {"script":"<script> [1562 bytes]","args":[{"selector":{"id":"application-managepartners-display-component---NewPartner--partnerDetailInternal-arrow"},"wdio_ui5_key":"applicationmanagepartners-display-component---NewPartner--partnerDetailInternal-arrow"}]}
RESULT: undefined
COMMAND: POST /session/8b9d24fb39cbfc9e79ab89721a1c9e7d/element - {"using":"xpath","value":"//*[@id=\"application-managepartners-display-component---NewPartner--partnerDetailInternal-arrow\"]"}
RESULT: {"using":"xpath","value":"//*[@id=\"application-managepartners-display-component---NewPartner--partnerDetailInternal-arrow\"]"}
COMMAND: POST /session/8b9d24fb39cbfc9e79ab89721a1c9e7d/element/f.7652131D378371FA98FE7F43E0E28151.d.B5B8820AEF470B48A36FB219B6FE3243.e.1456/click - {}
RESULT: {}
COMMAND: POST /session/8b9d24fb39cbfc9e79ab89721a1c9e7d/element - {"using":"xpath","value":"//span[contains(text(), \"External partner\")]"}
COMMAND: GET /session/8b9d24fb39cbfc9e79ab89721a1c9e7d/screenshot - {}
RESULT: {"using":"xpath","value":"//span[contains(text(), \"External partner\")]"}
COMMAND: POST /session/8b9d24fb39cbfc9e79ab89721a1c9e7d/element/f.7652131D378371FA98FE7F43E0E28151.d.B5B8820AEF470B48A36FB219B6FE3243.e.1457/click - {}
RESULT: {}
RESULT: {}
COMMAND: POST /session/8b9d24fb39cbfc9e79ab89721a1c9e7d/execute/async - {"script":"<script> [1562 bytes]","args":[{"selector":{"id":"application-managepartners-display-component---NewPartner--partnerDetailsCurrency-arrow"},"wdio_ui5_key":"applicationmanagepartners-display-component---NewPartner--partnerDetailsCurrency-arrow"}]}
COMMAND: GET /session/8b9d24fb39cbfc9e79ab89721a1c9e7d/screenshot - {}
RESULT: {"script":"<script> [1562 bytes]","args":[{"selector":{"id":"application-managepartners-display-component---NewPartner--partnerDetailsCurrency-arrow"},"wdio_ui5_key":"applicationmanagepartners-display-component---NewPartner--partnerDetailsCurrency-arrow"}]}
RESULT: undefined
COMMAND: POST /session/8b9d24fb39cbfc9e79ab89721a1c9e7d/element - {"using":"xpath","value":"//*[@id=\"application-managepartners-display-component---NewPartner--partnerDetailsCurrency-arrow\"]"}
RESULT: {}
RESULT: {"using":"xpath","value":"//*[@id=\"application-managepartners-display-component---NewPartner--partnerDetailsCurrency-arrow\"]"}
COMMAND: POST /session/8b9d24fb39cbfc9e79ab89721a1c9e7d/element/f.7652131D378371FA98FE7F43E0E28151.d.B5B8820AEF470B48A36FB219B6FE3243.e.1462/click - {}
RESULT: {}
COMMAND: POST /session/8b9d24fb39cbfc9e79ab89721a1c9e7d/element - {"using":"xpath","value":"//span[contains(text(), \"US Dollar\")]"}
COMMAND: GET /session/8b9d24fb39cbfc9e79ab89721a1c9e7d/screenshot - {}
RESULT: {"using":"xpath","value":"//span[contains(text(), \"US Dollar\")]"}
COMMAND: POST /session/8b9d24fb39cbfc9e79ab89721a1c9e7d/element/f.7652131D378371FA98FE7F43E0E28151.d.B5B8820AEF470B48A36FB219B6FE3243.e.1463/click - {}
RESULT: {}
RESULT: {}
COMMAND: GET /session/8b9d24fb39cbfc9e79ab89721a1c9e7d/screenshot - {}
RESULT: {}
COMMAND: POST /session/8b9d24fb39cbfc9e79ab89721a1c9e7d/element - {"using":"xpath","value":"//input[@id=\"application-managepartners-display-component---NewPartner--companyCodeComboBox-inner\"]"}
RESULT: {"using":"xpath","value":"//input[@id=\"application-managepartners-display-component---NewPartner--companyCodeComboBox-inner\"]"}
COMMAND: POST /session/8b9d24fb39cbfc9e79ab89721a1c9e7d/element/f.7652131D378371FA98FE7F43E0E28151.d.B5B8820AEF470B48A36FB219B6FE3243.e.1312/clear - {}
RESULT: {}
COMMAND: POST /session/8b9d24fb39cbfc9e79ab89721a1c9e7d/element/f.7652131D378371FA98FE7F43E0E28151.d.B5B8820AEF470B48A36FB219B6FE3243.e.1312/value - {"text":"C002"}
COMMAND: GET /session/8b9d24fb39cbfc9e79ab89721a1c9e7d/screenshot - {}
RESULT: {"text":"C002"}
COMMAND: GET /session/8b9d24fb39cbfc9e79ab89721a1c9e7d/screenshot - {}
RESULT: {}
RESULT: {}
COMMAND: POST /session/8b9d24fb39cbfc9e79ab89721a1c9e7d/element - {"using":"xpath","value":"//li[.//span[text()= \"C002\"]]"}
RESULT: {"using":"xpath","value":"//li[.//span[text()= \"C002\"]]"}
COMMAND: POST /session/8b9d24fb39cbfc9e79ab89721a1c9e7d/element/f.7652131D378371FA98FE7F43E0E28151.d.B5B8820AEF470B48A36FB219B6FE3243.e.1467/click - {}
RESULT: {}
COMMAND: GET /session/8b9d24fb39cbfc9e79ab89721a1c9e7d/screenshot - {}
RESULT: {}
COMMAND: POST /session/8b9d24fb39cbfc9e79ab89721a1c9e7d/execute/async - {"script":"<script> [1562 bytes]","args":[{"selector":{"controlType":"sap.ui.core.Icon","viewName":"etm.portal.ui.managepartners.view.NewPartner","viewId":"application-managepartners-display-component---NewPartner","properties":{"src":{"regex":{"source":"slim\\-arrow\\-down"}}},"ancestor":{"controlType":"sap.m.ComboBox","viewName":"etm.portal.ui.managepartners.view.NewPartner","viewId":"application-managepartners-display-component---NewPartner","bindingPath":{"path":"","propertyPath":"/CATALOG","modelName":"oNewPartnerModel"}}},"wdio_ui5_key":"etmportal.ui.managepartners.view.NewPartnersap.ui.core.Icon{\"src\":{\"regex\":{\"source\":\"slim\\\\-arrow\\\\-down\"}}}{\"controlType\":\"sap.m.ComboBox\",\"viewName\":\"etm.portal.ui.managepartners.view.NewPartner\",\"viewId\":\"application-managepartners-display-component---NewPartner\",\"bindingPath\":{\"path\":\"\",\"propertyPath\":\"/CATALOG\",\"modelName\":\"oNewPartnerModel\"}}"}]}
RESULT: {"script":"<script> [1562 bytes]","args":[{"selector":{"controlType":"sap.ui.core.Icon","viewName":"etm.portal.ui.managepartners.view.NewPartner","viewId":"application-managepartners-display-component---NewPartner","properties":{"src":{"regex":{"source":"slim\\-arrow\\-down"}}},"ancestor":{"controlType":"sap.m.ComboBox","viewName":"etm.portal.ui.managepartners.view.NewPartner","viewId":"application-managepartners-display-component---NewPartner","bindingPath":{"path":"","propertyPath":"/CATALOG","modelName":"oNewPartnerModel"}}},"wdio_ui5_key":"etmportal.ui.managepartners.view.NewPartnersap.ui.core.Icon{\"src\":{\"regex\":{\"source\":\"slim\\\\-arrow\\\\-down\"}}}{\"controlType\":\"sap.m.ComboBox\",\"viewName\":\"etm.portal.ui.managepartners.view.NewPartner\",\"viewId\":\"application-managepartners-display-component---NewPartner\",\"bindingPath\":{\"path\":\"\",\"propertyPath\":\"/CATALOG\",\"modelName\":\"oNewPartnerModel\"}}"}]}
RESULT: undefined
COMMAND: POST /session/8b9d24fb39cbfc9e79ab89721a1c9e7d/element - {"using":"xpath","value":"//*[@id=\"__box22-arrow\"]"}
RESULT: {"using":"xpath","value":"//*[@id=\"__box22-arrow\"]"}
COMMAND: POST /session/8b9d24fb39cbfc9e79ab89721a1c9e7d/element/f.7652131D378371FA98FE7F43E0E28151.d.B5B8820AEF470B48A36FB219B6FE3243.e.1434/click - {}
RESULT: {}
COMMAND: GET /session/8b9d24fb39cbfc9e79ab89721a1c9e7d/screenshot - {}
RESULT: {}
COMMAND: POST /session/8b9d24fb39cbfc9e79ab89721a1c9e7d/element - {"using":"xpath","value":"//ul[contains(@id,\"popup-list-listUl\")]//li[.//span[text()= \"Webshop Catalog\"]]"}
RESULT: {"using":"xpath","value":"//ul[contains(@id,\"popup-list-listUl\")]//li[.//span[text()= \"Webshop Catalog\"]]"}
COMMAND: POST /session/8b9d24fb39cbfc9e79ab89721a1c9e7d/element/f.7652131D378371FA98FE7F43E0E28151.d.B5B8820AEF470B48A36FB219B6FE3243.e.1469/click - {}
RESULT: {}
COMMAND: GET /session/8b9d24fb39cbfc9e79ab89721a1c9e7d/screenshot - {}
RESULT: {}
COMMAND: POST /session/8b9d24fb39cbfc9e79ab89721a1c9e7d/execute/async - {"script":"<script> [1562 bytes]","args":[{"selector":{"id":"application-managepartners-display-component---NewPartner--btnAddTableRow-img"},"wdio_ui5_key":"applicationmanagepartners-display-component---NewPartner--btnAddTableRow-img"}]}
RESULT: {"script":"<script> [1562 bytes]","args":[{"selector":{"id":"application-managepartners-display-component---NewPartner--btnAddTableRow-img"},"wdio_ui5_key":"applicationmanagepartners-display-component---NewPartner--btnAddTableRow-img"}]}
RESULT: undefined
COMMAND: POST /session/8b9d24fb39cbfc9e79ab89721a1c9e7d/element - {"using":"xpath","value":"//*[@id=\"application-managepartners-display-component---NewPartner--btnAddTableRow-img\"]"}
RESULT: {"using":"xpath","value":"//*[@id=\"application-managepartners-display-component---NewPartner--btnAddTableRow-img\"]"}
COMMAND: POST /session/8b9d24fb39cbfc9e79ab89721a1c9e7d/element/f.7652131D378371FA98FE7F43E0E28151.d.B5B8820AEF470B48A36FB219B6FE3243.e.1470/click - {}
RESULT: {}
COMMAND: GET /session/8b9d24fb39cbfc9e79ab89721a1c9e7d/screenshot - {}
RESULT: {}
COMMAND: POST /session/8b9d24fb39cbfc9e79ab89721a1c9e7d/element - {"using":"xpath","value":"//input[@id=\"application-managepartners-display-component---NewPartner--assignmentYard-application-managepartners-display-component---NewPartner--assignmentsTable-0-inner\"]"}
RESULT: {"using":"xpath","value":"//input[@id=\"application-managepartners-display-component---NewPartner--assignmentYard-application-managepartners-display-component---NewPartner--assignmentsTable-0-inner\"]"}
COMMAND: POST /session/8b9d24fb39cbfc9e79ab89721a1c9e7d/element/f.7652131D378371FA98FE7F43E0E28151.d.B5B8820AEF470B48A36FB219B6FE3243.e.1473/clear - {}
RESULT: {}
COMMAND: POST /session/8b9d24fb39cbfc9e79ab89721a1c9e7d/element/f.7652131D378371FA98FE7F43E0E28151.d.B5B8820AEF470B48A36FB219B6FE3243.e.1473/value - {"text":"237"}
COMMAND: GET /session/8b9d24fb39cbfc9e79ab89721a1c9e7d/screenshot - {}
RESULT: {"text":"237"}
COMMAND: GET /session/8b9d24fb39cbfc9e79ab89721a1c9e7d/screenshot - {}
RESULT: {}
RESULT: {}
COMMAND: POST /session/8b9d24fb39cbfc9e79ab89721a1c9e7d/element - {"using":"xpath","value":"//ul[contains(@id,\"NewPartner--assignmentsTable-0-popup-list-listUl\")]//li[.//span[text()='237']]"}
RESULT: {"using":"xpath","value":"//ul[contains(@id,\"NewPartner--assignmentsTable-0-popup-list-listUl\")]//li[.//span[text()='237']]"}
COMMAND: POST /session/8b9d24fb39cbfc9e79ab89721a1c9e7d/element/f.7652131D378371FA98FE7F43E0E28151.d.B5B8820AEF470B48A36FB219B6FE3243.e.1481/click - {}
RESULT: {}
COMMAND: GET /session/8b9d24fb39cbfc9e79ab89721a1c9e7d/screenshot - {}
RESULT: {}
COMMAND: POST /session/8b9d24fb39cbfc9e79ab89721a1c9e7d/actions - {"actions":[{"id":"action2","type":"key","parameters":{},"actions":[{"type":"keyDown","value":""},{"type":"pause","duration":10},{"type":"keyUp","value":""}]}]}
RESULT: {"actions":[{"id":"action2","type":"key","parameters":{},"actions":[{"type":"keyDown","value":""},{"type":"pause","duration":10},{"type":"keyUp","value":""}]}]}
COMMAND: POST /session/8b9d24fb39cbfc9e79ab89721a1c9e7d/element - {"using":"xpath","value":"//td[contains(@id, \"assignmentsTable-0-cell2\")]/div/div"}
COMMAND: GET /session/8b9d24fb39cbfc9e79ab89721a1c9e7d/screenshot - {}
RESULT: {"using":"xpath","value":"//td[contains(@id, \"assignmentsTable-0-cell2\")]/div/div"}
COMMAND: POST /session/8b9d24fb39cbfc9e79ab89721a1c9e7d/element/f.7652131D378371FA98FE7F43E0E28151.d.B5B8820AEF470B48A36FB219B6FE3243.e.1484/click - {}
RESULT: {}
RESULT: {}
COMMAND: GET /session/8b9d24fb39cbfc9e79ab89721a1c9e7d/screenshot - {}
RESULT: {}
COMMAND: POST /session/8b9d24fb39cbfc9e79ab89721a1c9e7d/element - {"using":"xpath","value":"//button[@data-kt=\"saveButton\"]"}
RESULT: {"using":"xpath","value":"//button[@data-kt=\"saveButton\"]"}
COMMAND: POST /session/8b9d24fb39cbfc9e79ab89721a1c9e7d/element/f.7652131D378371FA98FE7F43E0E28151.d.B5B8820AEF470B48A36FB219B6FE3243.e.1383/click - {}
RESULT: {}
COMMAND: GET /session/8b9d24fb39cbfc9e79ab89721a1c9e7d/screenshot - {}
RESULT: {}
COMMAND: POST /session/8b9d24fb39cbfc9e79ab89721a1c9e7d/element - {"using":"xpath","value":"//header[contains(@id, 'ObjectPageLayout-headerTitle')]/div[1]/div[2]/div[2]/span[1]"}
RESULT: {"using":"xpath","value":"//header[contains(@id, 'ObjectPageLayout-headerTitle')]/div[1]/div[2]/div[2]/span[1]"}
COMMAND: POST /session/8b9d24fb39cbfc9e79ab89721a1c9e7d/elements - {"using":"xpath","value":"//header[contains(@id, 'ObjectPageLayout-headerTitle')]/div[1]/div[2]/div[2]/span[1]"}
RESULT: {"using":"xpath","value":"//header[contains(@id, 'ObjectPageLayout-headerTitle')]/div[1]/div[2]/div[2]/span[1]"}
COMMAND: POST /session/8b9d24fb39cbfc9e79ab89721a1c9e7d/execute/sync - {"script":"<script> [56 bytes]","args":[{"element-6066-11e4-a52e-4f735466cecf":"f.7652131D378371FA98FE7F43E0E28151.d.B5B8820AEF470B48A36FB219B6FE3243.e.1633","ELEMENT":"f.7652131D378371FA98FE7F43E0E28151.d.B5B8820AEF470B48A36FB219B6FE3243.e.1633"}]}
RESULT: {"script":"<script> [56 bytes]","args":[{"element-6066-11e4-a52e-4f735466cecf":"f.7652131D378371FA98FE7F43E0E28151.d.B5B8820AEF470B48A36FB219B6FE3243.e.1633","ELEMENT":"f.7652131D378371FA98FE7F43E0E28151.d.B5B8820AEF470B48A36FB219B6FE3243.e.1633"}]}
COMMAND: POST /session/8b9d24fb39cbfc9e79ab89721a1c9e7d/element - {"using":"css selector","value":"#shell-header-logo"}
COMMAND: GET /session/8b9d24fb39cbfc9e79ab89721a1c9e7d/screenshot - {}
RESULT: {"using":"css selector","value":"#shell-header-logo"}
COMMAND: POST /session/8b9d24fb39cbfc9e79ab89721a1c9e7d/element/f.7652131D378371FA98FE7F43E0E28151.d.B5B8820AEF470B48A36FB219B6FE3243.e.993/click - {}
RESULT: {}
RESULT: {}
COMMAND: GET /session/8b9d24fb39cbfc9e79ab89721a1c9e7d/screenshot - {}
RESULT: {}
COMMAND: POST /session/8b9d24fb39cbfc9e79ab89721a1c9e7d/execute/sync - {"script":"<script> [299 bytes]","args":[["getModel","getResource"]]}
RESULT: {"script":"<script> [299 bytes]","args":[["getModel","getResource"]]}
COMMAND: GET /session/8b9d24fb39cbfc9e79ab89721a1c9e7d/screenshot - {}
]]></system-out>
    </testcase>
    <testcase classname="chrome.137_0_7151_69.windows.Stock_increase_-_with_WHM_US125587" name="Should create a new WHM site" time="97.85">
      <system-out><![CDATA[
COMMAND: POST /session/8b9d24fb39cbfc9e79ab89721a1c9e7d/execute/async - {"script":"<script> [1562 bytes]","args":[{"selector":{"controlType":"sap.m.GenericTile","properties":{"header":"Manage Sites"}},"wdio_ui5_key":"sapm.GenericTile{\"header\":\"Manage Sites\"}"}]}
RESULT: {}
RESULT: {"script":"<script> [1562 bytes]","args":[{"selector":{"controlType":"sap.m.GenericTile","properties":{"header":"Manage Sites"}},"wdio_ui5_key":"sapm.GenericTile{\"header\":\"Manage Sites\"}"}]}
RESULT: undefined
COMMAND: POST /session/8b9d24fb39cbfc9e79ab89721a1c9e7d/element - {"using":"xpath","value":"//*[@id=\"__tile41\"]"}
RESULT: {"using":"xpath","value":"//*[@id=\"__tile41\"]"}
COMMAND: POST /session/8b9d24fb39cbfc9e79ab89721a1c9e7d/element/f.7652131D378371FA98FE7F43E0E28151.d.B5B8820AEF470B48A36FB219B6FE3243.e.139/click - {}
RESULT: {}
COMMAND: GET /session/8b9d24fb39cbfc9e79ab89721a1c9e7d/screenshot - {}
RESULT: {}
COMMAND: POST /session/8b9d24fb39cbfc9e79ab89721a1c9e7d/elements - {"using":"xpath","value":"//span[text()='Error']"}
RESULT: {"using":"xpath","value":"//span[text()='Error']"}
COMMAND: POST /session/8b9d24fb39cbfc9e79ab89721a1c9e7d/element - {"using":"xpath","value":"//button[@data-kt=\"addOverflowToolbarButton\"]"}
RESULT: {"using":"xpath","value":"//button[@data-kt=\"addOverflowToolbarButton\"]"}
COMMAND: POST /session/8b9d24fb39cbfc9e79ab89721a1c9e7d/elements - {"using":"xpath","value":"//button[@data-kt=\"addOverflowToolbarButton\"]"}
RESULT: {"using":"xpath","value":"//button[@data-kt=\"addOverflowToolbarButton\"]"}
COMMAND: POST /session/8b9d24fb39cbfc9e79ab89721a1c9e7d/execute/sync - {"script":"<script> [8489 bytes]","args":[{"element-6066-11e4-a52e-4f735466cecf":"f.7652131D378371FA98FE7F43E0E28151.d.B5B8820AEF470B48A36FB219B6FE3243.e.1681","ELEMENT":"f.7652131D378371FA98FE7F43E0E28151.d.B5B8820AEF470B48A36FB219B6FE3243.e.1681"}]}
RESULT: {"script":"<script> [8489 bytes]","args":[{"element-6066-11e4-a52e-4f735466cecf":"f.7652131D378371FA98FE7F43E0E28151.d.B5B8820AEF470B48A36FB219B6FE3243.e.1681","ELEMENT":"f.7652131D378371FA98FE7F43E0E28151.d.B5B8820AEF470B48A36FB219B6FE3243.e.1681"}]}
COMMAND: GET /session/8b9d24fb39cbfc9e79ab89721a1c9e7d/element/f.7652131D378371FA98FE7F43E0E28151.d.B5B8820AEF470B48A36FB219B6FE3243.e.1681/enabled - {}
COMMAND: GET /session/8b9d24fb39cbfc9e79ab89721a1c9e7d/screenshot - {}
RESULT: {}
COMMAND: POST /session/8b9d24fb39cbfc9e79ab89721a1c9e7d/execute/sync - {"script":"<script> [8489 bytes]","args":[{"element-6066-11e4-a52e-4f735466cecf":"f.7652131D378371FA98FE7F43E0E28151.d.B5B8820AEF470B48A36FB219B6FE3243.e.1681","ELEMENT":"f.7652131D378371FA98FE7F43E0E28151.d.B5B8820AEF470B48A36FB219B6FE3243.e.1681"}]}
COMMAND: GET /session/8b9d24fb39cbfc9e79ab89721a1c9e7d/screenshot - {}
RESULT: {}
RESULT: {"script":"<script> [8489 bytes]","args":[{"element-6066-11e4-a52e-4f735466cecf":"f.7652131D378371FA98FE7F43E0E28151.d.B5B8820AEF470B48A36FB219B6FE3243.e.1681","ELEMENT":"f.7652131D378371FA98FE7F43E0E28151.d.B5B8820AEF470B48A36FB219B6FE3243.e.1681"}]}
COMMAND: POST /session/8b9d24fb39cbfc9e79ab89721a1c9e7d/execute/sync - {"script":"<script> [5351 bytes]","args":[{"element-6066-11e4-a52e-4f735466cecf":"f.7652131D378371FA98FE7F43E0E28151.d.B5B8820AEF470B48A36FB219B6FE3243.e.1681","ELEMENT":"f.7652131D378371FA98FE7F43E0E28151.d.B5B8820AEF470B48A36FB219B6FE3243.e.1681"}]}
COMMAND: GET /session/8b9d24fb39cbfc9e79ab89721a1c9e7d/screenshot - {}
RESULT: {}
RESULT: {"script":"<script> [5351 bytes]","args":[{"element-6066-11e4-a52e-4f735466cecf":"f.7652131D378371FA98FE7F43E0E28151.d.B5B8820AEF470B48A36FB219B6FE3243.e.1681","ELEMENT":"f.7652131D378371FA98FE7F43E0E28151.d.B5B8820AEF470B48A36FB219B6FE3243.e.1681"}]}
COMMAND: POST /session/8b9d24fb39cbfc9e79ab89721a1c9e7d/element/f.7652131D378371FA98FE7F43E0E28151.d.B5B8820AEF470B48A36FB219B6FE3243.e.1681/click - {}
COMMAND: GET /session/8b9d24fb39cbfc9e79ab89721a1c9e7d/screenshot - {}
RESULT: {}
RESULT: {}
COMMAND: GET /session/8b9d24fb39cbfc9e79ab89721a1c9e7d/screenshot - {}
RESULT: {}
RESULT: {}
COMMAND: POST /session/8b9d24fb39cbfc9e79ab89721a1c9e7d/element - {"using":"xpath","value":"//input[@id=\"application-managesites-display-component---NewSite--siteId-inner\"]"}
RESULT: {"using":"xpath","value":"//input[@id=\"application-managesites-display-component---NewSite--siteId-inner\"]"}
COMMAND: POST /session/8b9d24fb39cbfc9e79ab89721a1c9e7d/element - {"using":"xpath","value":"//input[@id=\"application-managesites-display-component---NewSite--siteId-inner\"]"}
RESULT: {"using":"xpath","value":"//input[@id=\"application-managesites-display-component---NewSite--siteId-inner\"]"}
COMMAND: POST /session/8b9d24fb39cbfc9e79ab89721a1c9e7d/execute/async - {"script":"<script> [1562 bytes]","args":[{"selector":{"id":"application-managesites-display-component---NewSite--addressDetailDetailsName1","interaction":{"idSuffix":"inner"}},"wdio_ui5_key":"applicationmanagesites-display-component---NewSite--addressDetailDetailsName1"}]}
RESULT: {"script":"<script> [1562 bytes]","args":[{"selector":{"id":"application-managesites-display-component---NewSite--addressDetailDetailsName1","interaction":{"idSuffix":"inner"}},"wdio_ui5_key":"applicationmanagesites-display-component---NewSite--addressDetailDetailsName1"}]}
RESULT: undefined
COMMAND: POST /session/8b9d24fb39cbfc9e79ab89721a1c9e7d/execute/async - {"script":"<script> [776 bytes]","args":[{"enterText":"Warehouse Managed Site WDIO","selector":{"id":"application-managesites-display-component---NewSite--addressDetailDetailsName1","interaction":{"idSuffix":"inner"}},"clearTextFirst":true,"interactionType":"ENTER_TEXT"}]}
RESULT: {"script":"<script> [776 bytes]","args":[{"enterText":"Warehouse Managed Site WDIO","selector":{"id":"application-managesites-display-component---NewSite--addressDetailDetailsName1","interaction":{"idSuffix":"inner"}},"clearTextFirst":true,"interactionType":"ENTER_TEXT"}]}
COMMAND: POST /session/8b9d24fb39cbfc9e79ab89721a1c9e7d/execute/async - {"script":"<script> [1562 bytes]","args":[{"selector":{"id":"application-managesites-display-component---NewSite--addressDetailDetailsLanguage-arrow"},"wdio_ui5_key":"applicationmanagesites-display-component---NewSite--addressDetailDetailsLanguage-arrow"}]}
RESULT: {"script":"<script> [1562 bytes]","args":[{"selector":{"id":"application-managesites-display-component---NewSite--addressDetailDetailsLanguage-arrow"},"wdio_ui5_key":"applicationmanagesites-display-component---NewSite--addressDetailDetailsLanguage-arrow"}]}
RESULT: undefined
COMMAND: POST /session/8b9d24fb39cbfc9e79ab89721a1c9e7d/element - {"using":"xpath","value":"//*[@id=\"application-managesites-display-component---NewSite--addressDetailDetailsLanguage-arrow\"]"}
RESULT: {"using":"xpath","value":"//*[@id=\"application-managesites-display-component---NewSite--addressDetailDetailsLanguage-arrow\"]"}
COMMAND: POST /session/8b9d24fb39cbfc9e79ab89721a1c9e7d/element/f.7652131D378371FA98FE7F43E0E28151.d.B5B8820AEF470B48A36FB219B6FE3243.e.2291/click - {}
RESULT: {}
COMMAND: POST /session/8b9d24fb39cbfc9e79ab89721a1c9e7d/element - {"using":"xpath","value":"//span[contains(text(), \"English\")]"}
COMMAND: GET /session/8b9d24fb39cbfc9e79ab89721a1c9e7d/screenshot - {}
RESULT: {"using":"xpath","value":"//span[contains(text(), \"English\")]"}
COMMAND: POST /session/8b9d24fb39cbfc9e79ab89721a1c9e7d/element/f.7652131D378371FA98FE7F43E0E28151.d.B5B8820AEF470B48A36FB219B6FE3243.e.2292/click - {}
RESULT: {}
RESULT: {}
COMMAND: POST /session/8b9d24fb39cbfc9e79ab89721a1c9e7d/execute/async - {"script":"<script> [1562 bytes]","args":[{"selector":{"id":"application-managesites-display-component---NewSite--addressDetailDetailsCity1","interaction":{"idSuffix":"inner"}},"wdio_ui5_key":"applicationmanagesites-display-component---NewSite--addressDetailDetailsCity1"}]}
COMMAND: GET /session/8b9d24fb39cbfc9e79ab89721a1c9e7d/screenshot - {}
RESULT: {"script":"<script> [1562 bytes]","args":[{"selector":{"id":"application-managesites-display-component---NewSite--addressDetailDetailsCity1","interaction":{"idSuffix":"inner"}},"wdio_ui5_key":"applicationmanagesites-display-component---NewSite--addressDetailDetailsCity1"}]}
RESULT: undefined
COMMAND: POST /session/8b9d24fb39cbfc9e79ab89721a1c9e7d/execute/async - {"script":"<script> [776 bytes]","args":[{"enterText":"Rosario","selector":{"id":"application-managesites-display-component---NewSite--addressDetailDetailsCity1","interaction":{"idSuffix":"inner"}},"clearTextFirst":true,"interactionType":"ENTER_TEXT"}]}
RESULT: {}
RESULT: {"script":"<script> [776 bytes]","args":[{"enterText":"Rosario","selector":{"id":"application-managesites-display-component---NewSite--addressDetailDetailsCity1","interaction":{"idSuffix":"inner"}},"clearTextFirst":true,"interactionType":"ENTER_TEXT"}]}
COMMAND: POST /session/8b9d24fb39cbfc9e79ab89721a1c9e7d/execute/async - {"script":"<script> [1562 bytes]","args":[{"selector":{"id":"application-managesites-display-component---NewSite--addressDetailDetailsCountry-arrow"},"wdio_ui5_key":"applicationmanagesites-display-component---NewSite--addressDetailDetailsCountry-arrow"}]}
RESULT: {"script":"<script> [1562 bytes]","args":[{"selector":{"id":"application-managesites-display-component---NewSite--addressDetailDetailsCountry-arrow"},"wdio_ui5_key":"applicationmanagesites-display-component---NewSite--addressDetailDetailsCountry-arrow"}]}
RESULT: undefined
COMMAND: POST /session/8b9d24fb39cbfc9e79ab89721a1c9e7d/element - {"using":"xpath","value":"//*[@id=\"application-managesites-display-component---NewSite--addressDetailDetailsCountry-arrow\"]"}
RESULT: {"using":"xpath","value":"//*[@id=\"application-managesites-display-component---NewSite--addressDetailDetailsCountry-arrow\"]"}
COMMAND: POST /session/8b9d24fb39cbfc9e79ab89721a1c9e7d/element/f.7652131D378371FA98FE7F43E0E28151.d.B5B8820AEF470B48A36FB219B6FE3243.e.2294/click - {}
RESULT: {}
COMMAND: POST /session/8b9d24fb39cbfc9e79ab89721a1c9e7d/element - {"using":"xpath","value":"//span[contains(text(), \"Argentina\")]"}
COMMAND: GET /session/8b9d24fb39cbfc9e79ab89721a1c9e7d/screenshot - {}
RESULT: {"using":"xpath","value":"//span[contains(text(), \"Argentina\")]"}
COMMAND: POST /session/8b9d24fb39cbfc9e79ab89721a1c9e7d/element/f.7652131D378371FA98FE7F43E0E28151.d.B5B8820AEF470B48A36FB219B6FE3243.e.2295/click - {}
RESULT: {}
RESULT: {}
COMMAND: GET /session/8b9d24fb39cbfc9e79ab89721a1c9e7d/screenshot - {}
RESULT: {}
COMMAND: POST /session/8b9d24fb39cbfc9e79ab89721a1c9e7d/execute/async - {"script":"<script> [1562 bytes]","args":[{"selector":{"id":"application-managesites-display-component---NewSite--addressEditDetailsCostObjectCstType-arrow"},"wdio_ui5_key":"applicationmanagesites-display-component---NewSite--addressEditDetailsCostObjectCstType-arrow"}]}
RESULT: {"script":"<script> [1562 bytes]","args":[{"selector":{"id":"application-managesites-display-component---NewSite--addressEditDetailsCostObjectCstType-arrow"},"wdio_ui5_key":"applicationmanagesites-display-component---NewSite--addressEditDetailsCostObjectCstType-arrow"}]}
RESULT: undefined
COMMAND: POST /session/8b9d24fb39cbfc9e79ab89721a1c9e7d/element - {"using":"xpath","value":"//*[@id=\"application-managesites-display-component---NewSite--addressEditDetailsCostObjectCstType-arrow\"]"}
RESULT: {"using":"xpath","value":"//*[@id=\"application-managesites-display-component---NewSite--addressEditDetailsCostObjectCstType-arrow\"]"}
COMMAND: POST /session/8b9d24fb39cbfc9e79ab89721a1c9e7d/element/f.7652131D378371FA98FE7F43E0E28151.d.B5B8820AEF470B48A36FB219B6FE3243.e.2297/click - {}
RESULT: {}
COMMAND: POST /session/8b9d24fb39cbfc9e79ab89721a1c9e7d/element - {"using":"xpath","value":"//span[contains(text(), \"Cost Center\")]"}
COMMAND: GET /session/8b9d24fb39cbfc9e79ab89721a1c9e7d/screenshot - {}
RESULT: {"using":"xpath","value":"//span[contains(text(), \"Cost Center\")]"}
COMMAND: POST /session/8b9d24fb39cbfc9e79ab89721a1c9e7d/element/f.7652131D378371FA98FE7F43E0E28151.d.B5B8820AEF470B48A36FB219B6FE3243.e.2298/click - {}
RESULT: {}
RESULT: {}
COMMAND: GET /session/8b9d24fb39cbfc9e79ab89721a1c9e7d/screenshot - {}
RESULT: {}
COMMAND: POST /session/8b9d24fb39cbfc9e79ab89721a1c9e7d/element - {"using":"xpath","value":"//span[@id=\"application-managesites-display-component---NewSite--addressNewCostObjectCstID-vhi\"]"}
RESULT: {"using":"xpath","value":"//span[@id=\"application-managesites-display-component---NewSite--addressNewCostObjectCstID-vhi\"]"}
COMMAND: POST /session/8b9d24fb39cbfc9e79ab89721a1c9e7d/execute/sync - {"script":"<script> [8489 bytes]","args":[{"element-6066-11e4-a52e-4f735466cecf":"f.7652131D378371FA98FE7F43E0E28151.d.B5B8820AEF470B48A36FB219B6FE3243.e.2303","ELEMENT":"f.7652131D378371FA98FE7F43E0E28151.d.B5B8820AEF470B48A36FB219B6FE3243.e.2303"}]}
RESULT: {"script":"<script> [8489 bytes]","args":[{"element-6066-11e4-a52e-4f735466cecf":"f.7652131D378371FA98FE7F43E0E28151.d.B5B8820AEF470B48A36FB219B6FE3243.e.2303","ELEMENT":"f.7652131D378371FA98FE7F43E0E28151.d.B5B8820AEF470B48A36FB219B6FE3243.e.2303"}]}
COMMAND: POST /session/8b9d24fb39cbfc9e79ab89721a1c9e7d/execute/async - {"script":"<script> [1562 bytes]","args":[{"selector":{"id":"application-managesites-display-component---NewSite--addressNewCostObjectCstID-vhi"},"wdio_ui5_key":"applicationmanagesites-display-component---NewSite--addressNewCostObjectCstID-vhi"}]}
COMMAND: GET /session/8b9d24fb39cbfc9e79ab89721a1c9e7d/screenshot - {}
RESULT: {"script":"<script> [1562 bytes]","args":[{"selector":{"id":"application-managesites-display-component---NewSite--addressNewCostObjectCstID-vhi"},"wdio_ui5_key":"applicationmanagesites-display-component---NewSite--addressNewCostObjectCstID-vhi"}]}
RESULT: undefined
COMMAND: POST /session/8b9d24fb39cbfc9e79ab89721a1c9e7d/element - {"using":"xpath","value":"//*[@id=\"application-managesites-display-component---NewSite--addressNewCostObjectCstID-vhi\"]"}
RESULT: {}
RESULT: {"using":"xpath","value":"//*[@id=\"application-managesites-display-component---NewSite--addressNewCostObjectCstID-vhi\"]"}
COMMAND: POST /session/8b9d24fb39cbfc9e79ab89721a1c9e7d/element/f.7652131D378371FA98FE7F43E0E28151.d.B5B8820AEF470B48A36FB219B6FE3243.e.2303/click - {}
RESULT: {}
COMMAND: GET /session/8b9d24fb39cbfc9e79ab89721a1c9e7d/screenshot - {}
RESULT: {}
RESULT: undefined
COMMAND: POST /session/8b9d24fb39cbfc9e79ab89721a1c9e7d/execute/async - {"script":"<script> [776 bytes]","args":[{"enterText":"10001013","selector":{"controlType":"sap.m.SearchField","properties":{"placeholder":"Search"},"searchOpenDialogs":true,"interaction":{"idSuffix":"I"}},"clearTextFirst":true,"interactionType":"ENTER_TEXT"}]}
RESULT: {"script":"<script> [776 bytes]","args":[{"enterText":"10001013","selector":{"controlType":"sap.m.SearchField","properties":{"placeholder":"Search"},"searchOpenDialogs":true,"interaction":{"idSuffix":"I"}},"clearTextFirst":true,"interactionType":"ENTER_TEXT"}]}
COMMAND: POST /session/8b9d24fb39cbfc9e79ab89721a1c9e7d/actions - {"actions":[{"id":"action3","type":"key","parameters":{},"actions":[{"type":"keyDown","value":""},{"type":"pause","duration":10},{"type":"keyUp","value":""}]}]}
RESULT: {"actions":[{"id":"action3","type":"key","parameters":{},"actions":[{"type":"keyDown","value":""},{"type":"pause","duration":10},{"type":"keyUp","value":""}]}]}
COMMAND: GET /session/8b9d24fb39cbfc9e79ab89721a1c9e7d/screenshot - {}
RESULT: {}
COMMAND: POST /session/8b9d24fb39cbfc9e79ab89721a1c9e7d/element - {"using":"xpath","value":"//span[contains(text(), \"General Management\")]"}
RESULT: {"using":"xpath","value":"//span[contains(text(), \"General Management\")]"}
COMMAND: POST /session/8b9d24fb39cbfc9e79ab89721a1c9e7d/element/f.7652131D378371FA98FE7F43E0E28151.d.B5B8820AEF470B48A36FB219B6FE3243.e.2342/click - {}
RESULT: {}
COMMAND: GET /session/8b9d24fb39cbfc9e79ab89721a1c9e7d/screenshot - {}
RESULT: {}
COMMAND: POST /session/8b9d24fb39cbfc9e79ab89721a1c9e7d/element - {"using":"xpath","value":"//bdi[contains(text(), \"OK\")]"}
RESULT: {"using":"xpath","value":"//bdi[contains(text(), \"OK\")]"}
COMMAND: POST /session/8b9d24fb39cbfc9e79ab89721a1c9e7d/element/f.7652131D378371FA98FE7F43E0E28151.d.B5B8820AEF470B48A36FB219B6FE3243.e.2343/click - {}
RESULT: {}
COMMAND: GET /session/8b9d24fb39cbfc9e79ab89721a1c9e7d/screenshot - {}
RESULT: {}
COMMAND: POST /session/8b9d24fb39cbfc9e79ab89721a1c9e7d/element - {"using":"xpath","value":"//input[@id=\"application-managesites-display-component---NewSite--addressDetailDetailsCalendar-inner\"]"}
RESULT: {"using":"xpath","value":"//input[@id=\"application-managesites-display-component---NewSite--addressDetailDetailsCalendar-inner\"]"}
COMMAND: POST /session/8b9d24fb39cbfc9e79ab89721a1c9e7d/element/f.7652131D378371FA98FE7F43E0E28151.d.B5B8820AEF470B48A36FB219B6FE3243.e.2097/clear - {}
RESULT: {}
COMMAND: POST /session/8b9d24fb39cbfc9e79ab89721a1c9e7d/element/f.7652131D378371FA98FE7F43E0E28151.d.B5B8820AEF470B48A36FB219B6FE3243.e.2097/value - {"text":"Unit"}
COMMAND: GET /session/8b9d24fb39cbfc9e79ab89721a1c9e7d/screenshot - {}
RESULT: {"text":"Unit"}
COMMAND: GET /session/8b9d24fb39cbfc9e79ab89721a1c9e7d/screenshot - {}
RESULT: {}
RESULT: {}
COMMAND: POST /session/8b9d24fb39cbfc9e79ab89721a1c9e7d/actions - {"actions":[{"id":"action4","type":"key","parameters":{},"actions":[{"type":"keyDown","value":""},{"type":"pause","duration":10},{"type":"keyUp","value":""}]}]}
RESULT: {"actions":[{"id":"action4","type":"key","parameters":{},"actions":[{"type":"keyDown","value":""},{"type":"pause","duration":10},{"type":"keyUp","value":""}]}]}
COMMAND: POST /session/8b9d24fb39cbfc9e79ab89721a1c9e7d/element - {"using":"xpath","value":"//input[@id=\"application-managesites-display-component---NewSite--addressDetailDetailsYard-inner\"]"}
COMMAND: GET /session/8b9d24fb39cbfc9e79ab89721a1c9e7d/screenshot - {}
RESULT: {"using":"xpath","value":"//input[@id=\"application-managesites-display-component---NewSite--addressDetailDetailsYard-inner\"]"}
COMMAND: POST /session/8b9d24fb39cbfc9e79ab89721a1c9e7d/element/f.7652131D378371FA98FE7F43E0E28151.d.B5B8820AEF470B48A36FB219B6FE3243.e.2098/clear - {}
RESULT: {}
RESULT: {}
COMMAND: POST /session/8b9d24fb39cbfc9e79ab89721a1c9e7d/element/f.7652131D378371FA98FE7F43E0E28151.d.B5B8820AEF470B48A36FB219B6FE3243.e.2098/value - {"text":"237"}
COMMAND: GET /session/8b9d24fb39cbfc9e79ab89721a1c9e7d/screenshot - {}
RESULT: {"text":"237"}
COMMAND: GET /session/8b9d24fb39cbfc9e79ab89721a1c9e7d/screenshot - {}
RESULT: {}
RESULT: {}
COMMAND: POST /session/8b9d24fb39cbfc9e79ab89721a1c9e7d/element - {"using":"xpath","value":"//li[.//span[text()='237']]"}
RESULT: {"using":"xpath","value":"//li[.//span[text()='237']]"}
COMMAND: POST /session/8b9d24fb39cbfc9e79ab89721a1c9e7d/element/f.7652131D378371FA98FE7F43E0E28151.d.B5B8820AEF470B48A36FB219B6FE3243.e.2351/click - {}
RESULT: {}
COMMAND: GET /session/8b9d24fb39cbfc9e79ab89721a1c9e7d/screenshot - {}
RESULT: {}
COMMAND: POST /session/8b9d24fb39cbfc9e79ab89721a1c9e7d/element - {"using":"xpath","value":"//input[@id=\"application-managesites-display-component---NewSite--addressDetailDetailsPartner-inner\"]"}
RESULT: {"using":"xpath","value":"//input[@id=\"application-managesites-display-component---NewSite--addressDetailDetailsPartner-inner\"]"}
COMMAND: POST /session/8b9d24fb39cbfc9e79ab89721a1c9e7d/element - {"using":"xpath","value":"//input[@id=\"application-managesites-display-component---NewSite--addressDetailDetailsPartner-inner\"]"}
RESULT: {"using":"xpath","value":"//input[@id=\"application-managesites-display-component---NewSite--addressDetailDetailsPartner-inner\"]"}
COMMAND: POST /session/8b9d24fb39cbfc9e79ab89721a1c9e7d/execute/async - {"script":"<script> [1562 bytes]","args":[{"selector":{"id":"application-managesites-display-component---NewSite--siteWhmCheckBox-label","interaction":{"idSuffix":"bdi"}},"wdio_ui5_key":"applicationmanagesites-display-component---NewSite--siteWhmCheckBox-label"}]}
RESULT: {"script":"<script> [1562 bytes]","args":[{"selector":{"id":"application-managesites-display-component---NewSite--siteWhmCheckBox-label","interaction":{"idSuffix":"bdi"}},"wdio_ui5_key":"applicationmanagesites-display-component---NewSite--siteWhmCheckBox-label"}]}
RESULT: undefined
COMMAND: POST /session/8b9d24fb39cbfc9e79ab89721a1c9e7d/element - {"using":"xpath","value":"//*[@id=\"application-managesites-display-component---NewSite--siteWhmCheckBox-label\"]"}
RESULT: {"using":"xpath","value":"//*[@id=\"application-managesites-display-component---NewSite--siteWhmCheckBox-label\"]"}
COMMAND: POST /session/8b9d24fb39cbfc9e79ab89721a1c9e7d/element/f.7652131D378371FA98FE7F43E0E28151.d.B5B8820AEF470B48A36FB219B6FE3243.e.2353/click - {}
RESULT: {}
COMMAND: GET /session/8b9d24fb39cbfc9e79ab89721a1c9e7d/screenshot - {}
RESULT: {}
COMMAND: POST /session/8b9d24fb39cbfc9e79ab89721a1c9e7d/element - {"using":"xpath","value":"//button[@data-kt=\"saveButton\"]"}
RESULT: {"using":"xpath","value":"//button[@data-kt=\"saveButton\"]"}
COMMAND: POST /session/8b9d24fb39cbfc9e79ab89721a1c9e7d/element/f.7652131D378371FA98FE7F43E0E28151.d.B5B8820AEF470B48A36FB219B6FE3243.e.2276/click - {}
RESULT: {}
COMMAND: GET /session/8b9d24fb39cbfc9e79ab89721a1c9e7d/screenshot - {}
RESULT: {}
COMMAND: POST /session/8b9d24fb39cbfc9e79ab89721a1c9e7d/element - {"using":"xpath","value":"//header[contains(@id, 'ObjectPageLayout-headerTitle')]/div[1]/div[2]/div[2]/span[1]"}
RESULT: {"using":"xpath","value":"//header[contains(@id, 'ObjectPageLayout-headerTitle')]/div[1]/div[2]/div[2]/span[1]"}
COMMAND: POST /session/8b9d24fb39cbfc9e79ab89721a1c9e7d/elements - {"using":"xpath","value":"//header[contains(@id, 'ObjectPageLayout-headerTitle')]/div[1]/div[2]/div[2]/span[1]"}
RESULT: {"using":"xpath","value":"//header[contains(@id, 'ObjectPageLayout-headerTitle')]/div[1]/div[2]/div[2]/span[1]"}
COMMAND: POST /session/8b9d24fb39cbfc9e79ab89721a1c9e7d/execute/sync - {"script":"<script> [56 bytes]","args":[{"element-6066-11e4-a52e-4f735466cecf":"f.7652131D378371FA98FE7F43E0E28151.d.B5B8820AEF470B48A36FB219B6FE3243.e.2546","ELEMENT":"f.7652131D378371FA98FE7F43E0E28151.d.B5B8820AEF470B48A36FB219B6FE3243.e.2546"}]}
RESULT: {"script":"<script> [56 bytes]","args":[{"element-6066-11e4-a52e-4f735466cecf":"f.7652131D378371FA98FE7F43E0E28151.d.B5B8820AEF470B48A36FB219B6FE3243.e.2546","ELEMENT":"f.7652131D378371FA98FE7F43E0E28151.d.B5B8820AEF470B48A36FB219B6FE3243.e.2546"}]}
COMMAND: POST /session/8b9d24fb39cbfc9e79ab89721a1c9e7d/element - {"using":"css selector","value":"#shell-header-logo"}
COMMAND: GET /session/8b9d24fb39cbfc9e79ab89721a1c9e7d/screenshot - {}
RESULT: {"using":"css selector","value":"#shell-header-logo"}
COMMAND: POST /session/8b9d24fb39cbfc9e79ab89721a1c9e7d/element/f.7652131D378371FA98FE7F43E0E28151.d.B5B8820AEF470B48A36FB219B6FE3243.e.1637/click - {}
RESULT: {}
RESULT: {}
COMMAND: GET /session/8b9d24fb39cbfc9e79ab89721a1c9e7d/screenshot - {}
RESULT: {}
COMMAND: POST /session/8b9d24fb39cbfc9e79ab89721a1c9e7d/execute/sync - {"script":"<script> [299 bytes]","args":[["getModel","getResource"]]}
RESULT: {"script":"<script> [299 bytes]","args":[["getModel","getResource"]]}
]]></system-out>
    </testcase>
    <testcase classname="chrome.137_0_7151_69.windows.Stock_increase_-_with_WHM_US125587" name="Should create a new material" time="125.047">
      <system-out><![CDATA[
COMMAND: POST /session/8b9d24fb39cbfc9e79ab89721a1c9e7d/execute/async - {"script":"<script> [1562 bytes]","args":[{"selector":{"controlType":"sap.m.GenericTile","properties":{"header":"Manage Resources"}},"wdio_ui5_key":"sapm.GenericTile{\"header\":\"Manage Resources\"}"}]}
COMMAND: GET /session/8b9d24fb39cbfc9e79ab89721a1c9e7d/screenshot - {}
RESULT: {"script":"<script> [1562 bytes]","args":[{"selector":{"controlType":"sap.m.GenericTile","properties":{"header":"Manage Resources"}},"wdio_ui5_key":"sapm.GenericTile{\"header\":\"Manage Resources\"}"}]}
RESULT: undefined
COMMAND: POST /session/8b9d24fb39cbfc9e79ab89721a1c9e7d/element - {"using":"xpath","value":"//*[@id=\"__tile40\"]"}
RESULT: {}
RESULT: {"using":"xpath","value":"//*[@id=\"__tile40\"]"}
COMMAND: POST /session/8b9d24fb39cbfc9e79ab89721a1c9e7d/element/f.7652131D378371FA98FE7F43E0E28151.d.B5B8820AEF470B48A36FB219B6FE3243.e.136/click - {}
RESULT: {}
COMMAND: GET /session/8b9d24fb39cbfc9e79ab89721a1c9e7d/screenshot - {}
RESULT: {}
COMMAND: POST /session/8b9d24fb39cbfc9e79ab89721a1c9e7d/elements - {"using":"xpath","value":"//span[text()='Error']"}
RESULT: {"using":"xpath","value":"//span[text()='Error']"}
COMMAND: POST /session/8b9d24fb39cbfc9e79ab89721a1c9e7d/element - {"using":"xpath","value":"//button[@data-kt=\"addNewRUOverflowToolbarButton\"]"}
RESULT: {"using":"xpath","value":"//button[@data-kt=\"addNewRUOverflowToolbarButton\"]"}
COMMAND: POST /session/8b9d24fb39cbfc9e79ab89721a1c9e7d/elements - {"using":"xpath","value":"//button[@data-kt=\"addNewRUOverflowToolbarButton\"]"}
RESULT: {"using":"xpath","value":"//button[@data-kt=\"addNewRUOverflowToolbarButton\"]"}
COMMAND: POST /session/8b9d24fb39cbfc9e79ab89721a1c9e7d/elements - {"using":"xpath","value":"//button[@data-kt=\"addNewRUOverflowToolbarButton\"]"}
RESULT: {"using":"xpath","value":"//button[@data-kt=\"addNewRUOverflowToolbarButton\"]"}
COMMAND: POST /session/8b9d24fb39cbfc9e79ab89721a1c9e7d/elements - {"using":"xpath","value":"//button[@data-kt=\"addNewRUOverflowToolbarButton\"]"}
RESULT: {"using":"xpath","value":"//button[@data-kt=\"addNewRUOverflowToolbarButton\"]"}
COMMAND: POST /session/8b9d24fb39cbfc9e79ab89721a1c9e7d/elements - {"using":"xpath","value":"//button[@data-kt=\"addNewRUOverflowToolbarButton\"]"}
RESULT: {"using":"xpath","value":"//button[@data-kt=\"addNewRUOverflowToolbarButton\"]"}
COMMAND: POST /session/8b9d24fb39cbfc9e79ab89721a1c9e7d/element - {"using":"xpath","value":"//button[@data-kt=\"addNewRUOverflowToolbarButton\"]"}
RESULT: {"using":"xpath","value":"//button[@data-kt=\"addNewRUOverflowToolbarButton\"]"}
COMMAND: POST /session/8b9d24fb39cbfc9e79ab89721a1c9e7d/execute/sync - {"script":"<script> [8489 bytes]","args":[{"element-6066-11e4-a52e-4f735466cecf":"f.7652131D378371FA98FE7F43E0E28151.d.B5B8820AEF470B48A36FB219B6FE3243.e.2578","ELEMENT":"f.7652131D378371FA98FE7F43E0E28151.d.B5B8820AEF470B48A36FB219B6FE3243.e.2578"}]}
RESULT: {"script":"<script> [8489 bytes]","args":[{"element-6066-11e4-a52e-4f735466cecf":"f.7652131D378371FA98FE7F43E0E28151.d.B5B8820AEF470B48A36FB219B6FE3243.e.2578","ELEMENT":"f.7652131D378371FA98FE7F43E0E28151.d.B5B8820AEF470B48A36FB219B6FE3243.e.2578"}]}
COMMAND: GET /session/8b9d24fb39cbfc9e79ab89721a1c9e7d/element/f.7652131D378371FA98FE7F43E0E28151.d.B5B8820AEF470B48A36FB219B6FE3243.e.2578/enabled - {}
COMMAND: GET /session/8b9d24fb39cbfc9e79ab89721a1c9e7d/screenshot - {}
RESULT: {}
COMMAND: POST /session/8b9d24fb39cbfc9e79ab89721a1c9e7d/execute/sync - {"script":"<script> [8489 bytes]","args":[{"element-6066-11e4-a52e-4f735466cecf":"f.7652131D378371FA98FE7F43E0E28151.d.B5B8820AEF470B48A36FB219B6FE3243.e.2578","ELEMENT":"f.7652131D378371FA98FE7F43E0E28151.d.B5B8820AEF470B48A36FB219B6FE3243.e.2578"}]}
COMMAND: GET /session/8b9d24fb39cbfc9e79ab89721a1c9e7d/screenshot - {}
RESULT: {}
RESULT: {"script":"<script> [8489 bytes]","args":[{"element-6066-11e4-a52e-4f735466cecf":"f.7652131D378371FA98FE7F43E0E28151.d.B5B8820AEF470B48A36FB219B6FE3243.e.2578","ELEMENT":"f.7652131D378371FA98FE7F43E0E28151.d.B5B8820AEF470B48A36FB219B6FE3243.e.2578"}]}
COMMAND: POST /session/8b9d24fb39cbfc9e79ab89721a1c9e7d/execute/sync - {"script":"<script> [5351 bytes]","args":[{"element-6066-11e4-a52e-4f735466cecf":"f.7652131D378371FA98FE7F43E0E28151.d.B5B8820AEF470B48A36FB219B6FE3243.e.2578","ELEMENT":"f.7652131D378371FA98FE7F43E0E28151.d.B5B8820AEF470B48A36FB219B6FE3243.e.2578"}]}
COMMAND: GET /session/8b9d24fb39cbfc9e79ab89721a1c9e7d/screenshot - {}
RESULT: {}
RESULT: {"script":"<script> [5351 bytes]","args":[{"element-6066-11e4-a52e-4f735466cecf":"f.7652131D378371FA98FE7F43E0E28151.d.B5B8820AEF470B48A36FB219B6FE3243.e.2578","ELEMENT":"f.7652131D378371FA98FE7F43E0E28151.d.B5B8820AEF470B48A36FB219B6FE3243.e.2578"}]}
COMMAND: POST /session/8b9d24fb39cbfc9e79ab89721a1c9e7d/element/f.7652131D378371FA98FE7F43E0E28151.d.B5B8820AEF470B48A36FB219B6FE3243.e.2578/click - {}
COMMAND: GET /session/8b9d24fb39cbfc9e79ab89721a1c9e7d/screenshot - {}
RESULT: {}
RESULT: {}
COMMAND: GET /session/8b9d24fb39cbfc9e79ab89721a1c9e7d/screenshot - {}
RESULT: {}
RESULT: {}
COMMAND: POST /session/8b9d24fb39cbfc9e79ab89721a1c9e7d/execute/async - {"script":"<script> [1562 bytes]","args":[{"selector":{"id":"application-manageresources-display-component---newResourceUnit--TYPE-arrow"},"wdio_ui5_key":"applicationmanageresources-display-component---newResourceUnit--TYPE-arrow"}]}
RESULT: {"script":"<script> [1562 bytes]","args":[{"selector":{"id":"application-manageresources-display-component---newResourceUnit--TYPE-arrow"},"wdio_ui5_key":"applicationmanageresources-display-component---newResourceUnit--TYPE-arrow"}]}
RESULT: undefined
COMMAND: POST /session/8b9d24fb39cbfc9e79ab89721a1c9e7d/element - {"using":"xpath","value":"//*[@id=\"application-manageresources-display-component---newResourceUnit--TYPE-arrow\"]"}
RESULT: {"using":"xpath","value":"//*[@id=\"application-manageresources-display-component---newResourceUnit--TYPE-arrow\"]"}
COMMAND: POST /session/8b9d24fb39cbfc9e79ab89721a1c9e7d/element/f.7652131D378371FA98FE7F43E0E28151.d.B5B8820AEF470B48A36FB219B6FE3243.e.2945/click - {}
RESULT: {}
COMMAND: POST /session/8b9d24fb39cbfc9e79ab89721a1c9e7d/element - {"using":"xpath","value":"//input[@id=\"application-manageresources-display-component---newResourceUnit--TYPE-inner\"]"}
COMMAND: GET /session/8b9d24fb39cbfc9e79ab89721a1c9e7d/screenshot - {}
RESULT: {"using":"xpath","value":"//input[@id=\"application-manageresources-display-component---newResourceUnit--TYPE-inner\"]"}
COMMAND: POST /session/8b9d24fb39cbfc9e79ab89721a1c9e7d/element/f.7652131D378371FA98FE7F43E0E28151.d.B5B8820AEF470B48A36FB219B6FE3243.e.2932/clear - {}
RESULT: {}
RESULT: {}
COMMAND: POST /session/8b9d24fb39cbfc9e79ab89721a1c9e7d/element/f.7652131D378371FA98FE7F43E0E28151.d.B5B8820AEF470B48A36FB219B6FE3243.e.2932/value - {"text":"Material"}
COMMAND: GET /session/8b9d24fb39cbfc9e79ab89721a1c9e7d/screenshot - {}
RESULT: {"text":"Material"}
COMMAND: GET /session/8b9d24fb39cbfc9e79ab89721a1c9e7d/screenshot - {}
RESULT: {}
RESULT: {}
COMMAND: POST /session/8b9d24fb39cbfc9e79ab89721a1c9e7d/actions - {"actions":[{"id":"action5","type":"key","parameters":{},"actions":[{"type":"keyDown","value":""},{"type":"pause","duration":10},{"type":"keyUp","value":""}]}]}
RESULT: undefined
RESULT: undefined
RESULT: {"actions":[{"id":"action5","type":"key","parameters":{},"actions":[{"type":"keyDown","value":""},{"type":"pause","duration":10},{"type":"keyUp","value":""}]}]}
COMMAND: POST /session/8b9d24fb39cbfc9e79ab89721a1c9e7d/execute/async - {"script":"<script> [1562 bytes]","args":[{"selector":{"id":"application-manageresources-display-component---newResourceUnit--SHORT_TEXT","interaction":{"idSuffix":"inner"}},"wdio_ui5_key":"applicationmanageresources-display-component---newResourceUnit--SHORT_TEXT"}]}
COMMAND: GET /session/8b9d24fb39cbfc9e79ab89721a1c9e7d/screenshot - {}
RESULT: {"script":"<script> [1562 bytes]","args":[{"selector":{"id":"application-manageresources-display-component---newResourceUnit--SHORT_TEXT","interaction":{"idSuffix":"inner"}},"wdio_ui5_key":"applicationmanageresources-display-component---newResourceUnit--SHORT_TEXT"}]}
RESULT: undefined
COMMAND: POST /session/8b9d24fb39cbfc9e79ab89721a1c9e7d/execute/async - {"script":"<script> [776 bytes]","args":[{"enterText":"Cement WDIO","selector":{"id":"application-manageresources-display-component---newResourceUnit--SHORT_TEXT","interaction":{"idSuffix":"inner"}},"clearTextFirst":true,"interactionType":"ENTER_TEXT"}]}
RESULT: {}
RESULT: {"script":"<script> [776 bytes]","args":[{"enterText":"Cement WDIO","selector":{"id":"application-manageresources-display-component---newResourceUnit--SHORT_TEXT","interaction":{"idSuffix":"inner"}},"clearTextFirst":true,"interactionType":"ENTER_TEXT"}]}
COMMAND: POST /session/8b9d24fb39cbfc9e79ab89721a1c9e7d/execute/async - {"script":"<script> [1562 bytes]","args":[{"selector":{"id":"application-manageresources-display-component---newResourceUnit--BASE_UNIT_OF_MEASURE","interaction":{"idSuffix":"inner"}},"wdio_ui5_key":"applicationmanageresources-display-component---newResourceUnit--BASE_UNIT_OF_MEASURE"}]}
RESULT: {"script":"<script> [1562 bytes]","args":[{"selector":{"id":"application-manageresources-display-component---newResourceUnit--BASE_UNIT_OF_MEASURE","interaction":{"idSuffix":"inner"}},"wdio_ui5_key":"applicationmanageresources-display-component---newResourceUnit--BASE_UNIT_OF_MEASURE"}]}
RESULT: undefined
COMMAND: POST /session/8b9d24fb39cbfc9e79ab89721a1c9e7d/execute/async - {"script":"<script> [776 bytes]","args":[{"enterText":"Piece","selector":{"id":"application-manageresources-display-component---newResourceUnit--BASE_UNIT_OF_MEASURE","interaction":{"idSuffix":"inner"}},"clearTextFirst":true,"interactionType":"ENTER_TEXT"}]}
RESULT: {"script":"<script> [776 bytes]","args":[{"enterText":"Piece","selector":{"id":"application-manageresources-display-component---newResourceUnit--BASE_UNIT_OF_MEASURE","interaction":{"idSuffix":"inner"}},"clearTextFirst":true,"interactionType":"ENTER_TEXT"}]}
COMMAND: POST /session/8b9d24fb39cbfc9e79ab89721a1c9e7d/execute/async - {"script":"<script> [1562 bytes]","args":[{"selector":{"id":"application-manageresources-display-component---newResourceUnit--WEIGHT_UNIT","interaction":{"idSuffix":"inner"}},"wdio_ui5_key":"applicationmanageresources-display-component---newResourceUnit--WEIGHT_UNIT"}]}
RESULT: {"script":"<script> [1562 bytes]","args":[{"selector":{"id":"application-manageresources-display-component---newResourceUnit--WEIGHT_UNIT","interaction":{"idSuffix":"inner"}},"wdio_ui5_key":"applicationmanageresources-display-component---newResourceUnit--WEIGHT_UNIT"}]}
RESULT: undefined
COMMAND: POST /session/8b9d24fb39cbfc9e79ab89721a1c9e7d/execute/async - {"script":"<script> [776 bytes]","args":[{"enterText":"Gram","selector":{"id":"application-manageresources-display-component---newResourceUnit--WEIGHT_UNIT","interaction":{"idSuffix":"inner"}},"clearTextFirst":true,"interactionType":"ENTER_TEXT"}]}
RESULT: {"script":"<script> [776 bytes]","args":[{"enterText":"Gram","selector":{"id":"application-manageresources-display-component---newResourceUnit--WEIGHT_UNIT","interaction":{"idSuffix":"inner"}},"clearTextFirst":true,"interactionType":"ENTER_TEXT"}]}
COMMAND: POST /session/8b9d24fb39cbfc9e79ab89721a1c9e7d/execute/async - {"script":"<script> [1562 bytes]","args":[{"selector":{"id":"application-manageresources-display-component---newResourceUnit--DIMENSION_UNIT","interaction":{"idSuffix":"inner"}},"wdio_ui5_key":"applicationmanageresources-display-component---newResourceUnit--DIMENSION_UNIT"}]}
RESULT: {"script":"<script> [1562 bytes]","args":[{"selector":{"id":"application-manageresources-display-component---newResourceUnit--DIMENSION_UNIT","interaction":{"idSuffix":"inner"}},"wdio_ui5_key":"applicationmanageresources-display-component---newResourceUnit--DIMENSION_UNIT"}]}
RESULT: undefined
COMMAND: POST /session/8b9d24fb39cbfc9e79ab89721a1c9e7d/execute/async - {"script":"<script> [776 bytes]","args":[{"enterText":"Meter","selector":{"id":"application-manageresources-display-component---newResourceUnit--DIMENSION_UNIT","interaction":{"idSuffix":"inner"}},"clearTextFirst":true,"interactionType":"ENTER_TEXT"}]}
RESULT: {"script":"<script> [776 bytes]","args":[{"enterText":"Meter","selector":{"id":"application-manageresources-display-component---newResourceUnit--DIMENSION_UNIT","interaction":{"idSuffix":"inner"}},"clearTextFirst":true,"interactionType":"ENTER_TEXT"}]}
COMMAND: POST /session/8b9d24fb39cbfc9e79ab89721a1c9e7d/execute/async - {"script":"<script> [1562 bytes]","args":[{"selector":{"id":"application-manageresources-display-component---newResourceUnit--newRRUPage-anchBar-application-manageresources-display-component---newResourceUnit--control-anchor","interaction":{"idSuffix":"BDI-content"}},"wdio_ui5_key":"applicationmanageresources-display-component---newResourceUnit--newRRUPage-anchBar-application-manageresources-display-component---newResourceUnit--control-anchor"}]}
RESULT: {"script":"<script> [1562 bytes]","args":[{"selector":{"id":"application-manageresources-display-component---newResourceUnit--newRRUPage-anchBar-application-manageresources-display-component---newResourceUnit--control-anchor","interaction":{"idSuffix":"BDI-content"}},"wdio_ui5_key":"applicationmanageresources-display-component---newResourceUnit--newRRUPage-anchBar-application-manageresources-display-component---newResourceUnit--control-anchor"}]}
RESULT: undefined
COMMAND: POST /session/8b9d24fb39cbfc9e79ab89721a1c9e7d/element - {"using":"xpath","value":"//*[@id=\"application-manageresources-display-component---newResourceUnit--newRRUPage-anchBar-application-manageresources-display-component---newResourceUnit--control-anchor\"]"}
RESULT: {"using":"xpath","value":"//*[@id=\"application-manageresources-display-component---newResourceUnit--newRRUPage-anchBar-application-manageresources-display-component---newResourceUnit--control-anchor\"]"}
COMMAND: POST /session/8b9d24fb39cbfc9e79ab89721a1c9e7d/element/f.7652131D378371FA98FE7F43E0E28151.d.B5B8820AEF470B48A36FB219B6FE3243.e.3078/click - {}
RESULT: {}
COMMAND: POST /session/8b9d24fb39cbfc9e79ab89721a1c9e7d/execute/async - {"script":"<script> [1562 bytes]","args":[{"selector":{"id":"application-manageresources-display-component---newResourceUnit--PLANNING_GROUP","interaction":{"idSuffix":"inner"}},"wdio_ui5_key":"applicationmanageresources-display-component---newResourceUnit--PLANNING_GROUP"}]}
COMMAND: GET /session/8b9d24fb39cbfc9e79ab89721a1c9e7d/screenshot - {}
RESULT: {"script":"<script> [1562 bytes]","args":[{"selector":{"id":"application-manageresources-display-component---newResourceUnit--PLANNING_GROUP","interaction":{"idSuffix":"inner"}},"wdio_ui5_key":"applicationmanageresources-display-component---newResourceUnit--PLANNING_GROUP"}]}
RESULT: undefined
COMMAND: POST /session/8b9d24fb39cbfc9e79ab89721a1c9e7d/execute/async - {"script":"<script> [776 bytes]","args":[{"enterText":"Material","selector":{"id":"application-manageresources-display-component---newResourceUnit--PLANNING_GROUP","interaction":{"idSuffix":"inner"}},"clearTextFirst":true,"interactionType":"ENTER_TEXT"}]}
RESULT: {}
RESULT: {"script":"<script> [776 bytes]","args":[{"enterText":"Material","selector":{"id":"application-manageresources-display-component---newResourceUnit--PLANNING_GROUP","interaction":{"idSuffix":"inner"}},"clearTextFirst":true,"interactionType":"ENTER_TEXT"}]}
COMMAND: POST /session/8b9d24fb39cbfc9e79ab89721a1c9e7d/execute/async - {"script":"<script> [1562 bytes]","args":[{"selector":{"id":"application-manageresources-display-component---newResourceUnit--PLANNING_INDICATOR","interaction":{"idSuffix":"inner"}},"wdio_ui5_key":"applicationmanageresources-display-component---newResourceUnit--PLANNING_INDICATOR"}]}
RESULT: {"script":"<script> [1562 bytes]","args":[{"selector":{"id":"application-manageresources-display-component---newResourceUnit--PLANNING_INDICATOR","interaction":{"idSuffix":"inner"}},"wdio_ui5_key":"applicationmanageresources-display-component---newResourceUnit--PLANNING_INDICATOR"}]}
RESULT: undefined
COMMAND: POST /session/8b9d24fb39cbfc9e79ab89721a1c9e7d/execute/async - {"script":"<script> [776 bytes]","args":[{"enterText":"10 - infinite","selector":{"id":"application-manageresources-display-component---newResourceUnit--PLANNING_INDICATOR","interaction":{"idSuffix":"inner"}},"clearTextFirst":true,"interactionType":"ENTER_TEXT"}]}
RESULT: {"script":"<script> [776 bytes]","args":[{"enterText":"10 - infinite","selector":{"id":"application-manageresources-display-component---newResourceUnit--PLANNING_INDICATOR","interaction":{"idSuffix":"inner"}},"clearTextFirst":true,"interactionType":"ENTER_TEXT"}]}
COMMAND: POST /session/8b9d24fb39cbfc9e79ab89721a1c9e7d/element - {"using":"css selector","value":"#application-manageresources-display-component---newResourceUnit--btnAddTimeSegment"}
RESULT: {"using":"css selector","value":"#application-manageresources-display-component---newResourceUnit--btnAddTimeSegment"}
COMMAND: GET /session/8b9d24fb39cbfc9e79ab89721a1c9e7d/element/f.7652131D378371FA98FE7F43E0E28151.d.B5B8820AEF470B48A36FB219B6FE3243.e.3088/rect - {}
RESULT: {}
COMMAND: GET /session/8b9d24fb39cbfc9e79ab89721a1c9e7d/window/rect - {}
RESULT: {}
COMMAND: POST /session/8b9d24fb39cbfc9e79ab89721a1c9e7d/execute/sync - {"script":"<script> [92 bytes]","args":[]}
RESULT: {"script":"<script> [92 bytes]","args":[]}
COMMAND: POST /session/8b9d24fb39cbfc9e79ab89721a1c9e7d/actions - {"actions":[{"id":"action6","type":"wheel","parameters":{},"actions":[{"type":"scroll","x":-1888,"y":-32,"deltaX":0,"deltaY":0,"duration":0,"origin":{"element-6066-11e4-a52e-4f735466cecf":"f.7652131D378371FA98FE7F43E0E28151.d.B5B8820AEF470B48A36FB219B6FE3243.e.3088"}}]}]}
COMMAND: GET /session/8b9d24fb39cbfc9e79ab89721a1c9e7d/screenshot - {}
RESULT: {}
COMMAND: POST /session/8b9d24fb39cbfc9e79ab89721a1c9e7d/execute/sync - {"script":"<script> [79 bytes]","args":[{"element-6066-11e4-a52e-4f735466cecf":"f.7652131D378371FA98FE7F43E0E28151.d.B5B8820AEF470B48A36FB219B6FE3243.e.3088","ELEMENT":"f.7652131D378371FA98FE7F43E0E28151.d.B5B8820AEF470B48A36FB219B6FE3243.e.3088"},{"block":"start","inline":"nearest"}]}
RESULT: {"script":"<script> [79 bytes]","args":[{"element-6066-11e4-a52e-4f735466cecf":"f.7652131D378371FA98FE7F43E0E28151.d.B5B8820AEF470B48A36FB219B6FE3243.e.3088","ELEMENT":"f.7652131D378371FA98FE7F43E0E28151.d.B5B8820AEF470B48A36FB219B6FE3243.e.3088"},{"block":"start","inline":"nearest"}]}
COMMAND: POST /session/8b9d24fb39cbfc9e79ab89721a1c9e7d/execute/async - {"script":"<script> [1562 bytes]","args":[{"selector":{"id":"application-manageresources-display-component---newResourceUnit--btnAddTimeSegment","interaction":{"idSuffix":"inner"}},"wdio_ui5_key":"applicationmanageresources-display-component---newResourceUnit--btnAddTimeSegment"}]}
COMMAND: GET /session/8b9d24fb39cbfc9e79ab89721a1c9e7d/screenshot - {}
RESULT: {"script":"<script> [1562 bytes]","args":[{"selector":{"id":"application-manageresources-display-component---newResourceUnit--btnAddTimeSegment","interaction":{"idSuffix":"inner"}},"wdio_ui5_key":"applicationmanageresources-display-component---newResourceUnit--btnAddTimeSegment"}]}
RESULT: undefined
COMMAND: POST /session/8b9d24fb39cbfc9e79ab89721a1c9e7d/element - {"using":"xpath","value":"//*[@id=\"application-manageresources-display-component---newResourceUnit--btnAddTimeSegment\"]"}
RESULT: {}
RESULT: {"using":"xpath","value":"//*[@id=\"application-manageresources-display-component---newResourceUnit--btnAddTimeSegment\"]"}
COMMAND: POST /session/8b9d24fb39cbfc9e79ab89721a1c9e7d/element/f.7652131D378371FA98FE7F43E0E28151.d.B5B8820AEF470B48A36FB219B6FE3243.e.3088/click - {}
RESULT: {}
COMMAND: GET /session/8b9d24fb39cbfc9e79ab89721a1c9e7d/screenshot - {}
RESULT: {}
COMMAND: POST /session/8b9d24fb39cbfc9e79ab89721a1c9e7d/element - {"using":"xpath","value":"//input[@id=\"application-manageresources-display-component---newResourceUnit--idRuTSAdmin-application-manageresources-display-component---newResourceUnit--RUTimeSegment-0-inner\"]"}
RESULT: {"using":"xpath","value":"//input[@id=\"application-manageresources-display-component---newResourceUnit--idRuTSAdmin-application-manageresources-display-component---newResourceUnit--RUTimeSegment-0-inner\"]"}
COMMAND: POST /session/8b9d24fb39cbfc9e79ab89721a1c9e7d/element/f.7652131D378371FA98FE7F43E0E28151.d.B5B8820AEF470B48A36FB219B6FE3243.e.3093/clear - {}
RESULT: {}
COMMAND: POST /session/8b9d24fb39cbfc9e79ab89721a1c9e7d/element/f.7652131D378371FA98FE7F43E0E28151.d.B5B8820AEF470B48A36FB219B6FE3243.e.3093/value - {"text":"237"}
COMMAND: GET /session/8b9d24fb39cbfc9e79ab89721a1c9e7d/screenshot - {}
RESULT: {"text":"237"}
COMMAND: GET /session/8b9d24fb39cbfc9e79ab89721a1c9e7d/screenshot - {}
RESULT: {}
RESULT: {}
COMMAND: POST /session/8b9d24fb39cbfc9e79ab89721a1c9e7d/element - {"using":"xpath","value":"//li[.//span[text()='237']]"}
RESULT: {"using":"xpath","value":"//li[.//span[text()='237']]"}
COMMAND: POST /session/8b9d24fb39cbfc9e79ab89721a1c9e7d/element/f.7652131D378371FA98FE7F43E0E28151.d.B5B8820AEF470B48A36FB219B6FE3243.e.3102/click - {}
RESULT: {}
COMMAND: GET /session/8b9d24fb39cbfc9e79ab89721a1c9e7d/screenshot - {}
RESULT: {}
COMMAND: POST /session/8b9d24fb39cbfc9e79ab89721a1c9e7d/element - {"using":"xpath","value":"(//span[contains(@id, \"-application-manageresources-display-component---newResourceUnit--RUTimeSegment-0-arrow\")])[2]"}
RESULT: {"using":"xpath","value":"(//span[contains(@id, \"-application-manageresources-display-component---newResourceUnit--RUTimeSegment-0-arrow\")])[2]"}
COMMAND: POST /session/8b9d24fb39cbfc9e79ab89721a1c9e7d/element/f.7652131D378371FA98FE7F43E0E28151.d.B5B8820AEF470B48A36FB219B6FE3243.e.3103/click - {}
RESULT: {}
COMMAND: POST /session/8b9d24fb39cbfc9e79ab89721a1c9e7d/element - {"using":"xpath","value":"//span[contains(text(), \"PM Order\")]"}
COMMAND: GET /session/8b9d24fb39cbfc9e79ab89721a1c9e7d/screenshot - {}
RESULT: {"using":"xpath","value":"//span[contains(text(), \"PM Order\")]"}
COMMAND: POST /session/8b9d24fb39cbfc9e79ab89721a1c9e7d/element/f.7652131D378371FA98FE7F43E0E28151.d.B5B8820AEF470B48A36FB219B6FE3243.e.3104/click - {}
RESULT: {}
RESULT: {}
COMMAND: GET /session/8b9d24fb39cbfc9e79ab89721a1c9e7d/screenshot - {}
RESULT: {}
COMMAND: POST /session/8b9d24fb39cbfc9e79ab89721a1c9e7d/element - {"using":"xpath","value":"//td/div/div/div/span[contains(@id, \"newResourceUnit--RUTimeSegment-0-vhi\")][1]"}
RESULT: {"using":"xpath","value":"//td/div/div/div/span[contains(@id, \"newResourceUnit--RUTimeSegment-0-vhi\")][1]"}
COMMAND: GET /session/8b9d24fb39cbfc9e79ab89721a1c9e7d/element/f.7652131D378371FA98FE7F43E0E28151.d.B5B8820AEF470B48A36FB219B6FE3243.e.3108/rect - {}
RESULT: {}
COMMAND: GET /session/8b9d24fb39cbfc9e79ab89721a1c9e7d/window/rect - {}
RESULT: {}
COMMAND: POST /session/8b9d24fb39cbfc9e79ab89721a1c9e7d/execute/sync - {"script":"<script> [92 bytes]","args":[]}
RESULT: {"script":"<script> [92 bytes]","args":[]}
COMMAND: POST /session/8b9d24fb39cbfc9e79ab89721a1c9e7d/actions - {"actions":[{"id":"action7","type":"wheel","parameters":{},"actions":[{"type":"scroll","x":-1888,"y":-24,"deltaX":0,"deltaY":0,"duration":0,"origin":{"element-6066-11e4-a52e-4f735466cecf":"f.7652131D378371FA98FE7F43E0E28151.d.B5B8820AEF470B48A36FB219B6FE3243.e.3108"}}]}]}
COMMAND: GET /session/8b9d24fb39cbfc9e79ab89721a1c9e7d/screenshot - {}
RESULT: {}
COMMAND: POST /session/8b9d24fb39cbfc9e79ab89721a1c9e7d/execute/sync - {"script":"<script> [79 bytes]","args":[{"element-6066-11e4-a52e-4f735466cecf":"f.7652131D378371FA98FE7F43E0E28151.d.B5B8820AEF470B48A36FB219B6FE3243.e.3108","ELEMENT":"f.7652131D378371FA98FE7F43E0E28151.d.B5B8820AEF470B48A36FB219B6FE3243.e.3108"},{"block":"start","inline":"nearest"}]}
RESULT: {"script":"<script> [79 bytes]","args":[{"element-6066-11e4-a52e-4f735466cecf":"f.7652131D378371FA98FE7F43E0E28151.d.B5B8820AEF470B48A36FB219B6FE3243.e.3108","ELEMENT":"f.7652131D378371FA98FE7F43E0E28151.d.B5B8820AEF470B48A36FB219B6FE3243.e.3108"},{"block":"start","inline":"nearest"}]}
COMMAND: GET /session/8b9d24fb39cbfc9e79ab89721a1c9e7d/screenshot - {}
RESULT: {}
COMMAND: POST /session/8b9d24fb39cbfc9e79ab89721a1c9e7d/element/f.7652131D378371FA98FE7F43E0E28151.d.B5B8820AEF470B48A36FB219B6FE3243.e.3108/click - {}
RESULT: {}
COMMAND: GET /session/8b9d24fb39cbfc9e79ab89721a1c9e7d/screenshot - {}
RESULT: {}
RESULT: undefined
COMMAND: POST /session/8b9d24fb39cbfc9e79ab89721a1c9e7d/execute/async - {"script":"<script> [776 bytes]","args":[{"enterText":"4000360","selector":{"controlType":"sap.m.SearchField","properties":{"placeholder":"Search"},"searchOpenDialogs":true,"interaction":{"idSuffix":"I"}},"clearTextFirst":true,"interactionType":"ENTER_TEXT"}]}
RESULT: {"script":"<script> [776 bytes]","args":[{"enterText":"4000360","selector":{"controlType":"sap.m.SearchField","properties":{"placeholder":"Search"},"searchOpenDialogs":true,"interaction":{"idSuffix":"I"}},"clearTextFirst":true,"interactionType":"ENTER_TEXT"}]}
COMMAND: POST /session/8b9d24fb39cbfc9e79ab89721a1c9e7d/actions - {"actions":[{"id":"action8","type":"key","parameters":{},"actions":[{"type":"keyDown","value":""},{"type":"pause","duration":10},{"type":"keyUp","value":""}]}]}
RESULT: {"actions":[{"id":"action8","type":"key","parameters":{},"actions":[{"type":"keyDown","value":""},{"type":"pause","duration":10},{"type":"keyUp","value":""}]}]}
COMMAND: GET /session/8b9d24fb39cbfc9e79ab89721a1c9e7d/screenshot - {}
RESULT: {}
COMMAND: POST /session/8b9d24fb39cbfc9e79ab89721a1c9e7d/element - {"using":"xpath","value":"//td/div/span[contains(text(), \"BGL Vehicles\")]"}
RESULT: {"using":"xpath","value":"//td/div/span[contains(text(), \"BGL Vehicles\")]"}
COMMAND: POST /session/8b9d24fb39cbfc9e79ab89721a1c9e7d/element/f.7652131D378371FA98FE7F43E0E28151.d.B5B8820AEF470B48A36FB219B6FE3243.e.3128/click - {}
RESULT: {}
COMMAND: GET /session/8b9d24fb39cbfc9e79ab89721a1c9e7d/screenshot - {}
RESULT: {}
COMMAND: POST /session/8b9d24fb39cbfc9e79ab89721a1c9e7d/element - {"using":"xpath","value":"//bdi[contains(text(), \"OK\")]"}
RESULT: {"using":"xpath","value":"//bdi[contains(text(), \"OK\")]"}
COMMAND: POST /session/8b9d24fb39cbfc9e79ab89721a1c9e7d/element/f.7652131D378371FA98FE7F43E0E28151.d.B5B8820AEF470B48A36FB219B6FE3243.e.3129/click - {}
RESULT: {}
COMMAND: GET /session/8b9d24fb39cbfc9e79ab89721a1c9e7d/screenshot - {}
RESULT: {}
COMMAND: POST /session/8b9d24fb39cbfc9e79ab89721a1c9e7d/element - {"using":"xpath","value":"//label[contains(@class, 'sapMLabelRequired') and .//bdi[contains(text(), 'Planned Retirement')]]"}
RESULT: {"using":"xpath","value":"//label[contains(@class, 'sapMLabelRequired') and .//bdi[contains(text(), 'Planned Retirement')]]"}
COMMAND: POST /session/8b9d24fb39cbfc9e79ab89721a1c9e7d/elements - {"using":"xpath","value":"//label[contains(@class, 'sapMLabelRequired') and .//bdi[contains(text(), 'Planned Retirement')]]"}
RESULT: {"using":"xpath","value":"//label[contains(@class, 'sapMLabelRequired') and .//bdi[contains(text(), 'Planned Retirement')]]"}
COMMAND: POST /session/8b9d24fb39cbfc9e79ab89721a1c9e7d/element - {"using":"xpath","value":"//button[@data-kt=\"resourceUnitSaveButton\"]"}
RESULT: {"using":"xpath","value":"//button[@data-kt=\"resourceUnitSaveButton\"]"}
COMMAND: POST /session/8b9d24fb39cbfc9e79ab89721a1c9e7d/element/f.7652131D378371FA98FE7F43E0E28151.d.B5B8820AEF470B48A36FB219B6FE3243.e.2963/click - {}
RESULT: {}
COMMAND: GET /session/8b9d24fb39cbfc9e79ab89721a1c9e7d/screenshot - {}
RESULT: {}
COMMAND: POST /session/8b9d24fb39cbfc9e79ab89721a1c9e7d/element - {"using":"xpath","value":"//bdi[contains(text(), \"Close\")]"}
RESULT: {"using":"xpath","value":"//bdi[contains(text(), \"Close\")]"}
COMMAND: POST /session/8b9d24fb39cbfc9e79ab89721a1c9e7d/element/f.7652131D378371FA98FE7F43E0E28151.d.B5B8820AEF470B48A36FB219B6FE3243.e.3136/click - {}
RESULT: {}
COMMAND: GET /session/8b9d24fb39cbfc9e79ab89721a1c9e7d/screenshot - {}
RESULT: {}
COMMAND: POST /session/8b9d24fb39cbfc9e79ab89721a1c9e7d/element - {"using":"xpath","value":"//header[contains(@id, 'detailRruPage-headerTitle')]/div[1]/div[2]/div[2]/span[1]"}
RESULT: {"using":"xpath","value":"//header[contains(@id, 'detailRruPage-headerTitle')]/div[1]/div[2]/div[2]/span[1]"}
COMMAND: POST /session/8b9d24fb39cbfc9e79ab89721a1c9e7d/elements - {"using":"xpath","value":"//header[contains(@id, 'detailRruPage-headerTitle')]/div[1]/div[2]/div[2]/span[1]"}
RESULT: {"using":"xpath","value":"//header[contains(@id, 'detailRruPage-headerTitle')]/div[1]/div[2]/div[2]/span[1]"}
COMMAND: POST /session/8b9d24fb39cbfc9e79ab89721a1c9e7d/execute/sync - {"script":"<script> [56 bytes]","args":[{"element-6066-11e4-a52e-4f735466cecf":"f.7652131D378371FA98FE7F43E0E28151.d.B5B8820AEF470B48A36FB219B6FE3243.e.3166","ELEMENT":"f.7652131D378371FA98FE7F43E0E28151.d.B5B8820AEF470B48A36FB219B6FE3243.e.3166"}]}
RESULT: {"script":"<script> [56 bytes]","args":[{"element-6066-11e4-a52e-4f735466cecf":"f.7652131D378371FA98FE7F43E0E28151.d.B5B8820AEF470B48A36FB219B6FE3243.e.3166","ELEMENT":"f.7652131D378371FA98FE7F43E0E28151.d.B5B8820AEF470B48A36FB219B6FE3243.e.3166"}]}
COMMAND: POST /session/8b9d24fb39cbfc9e79ab89721a1c9e7d/element - {"using":"css selector","value":"#shell-header-logo"}
COMMAND: GET /session/8b9d24fb39cbfc9e79ab89721a1c9e7d/screenshot - {}
RESULT: {"using":"css selector","value":"#shell-header-logo"}
COMMAND: POST /session/8b9d24fb39cbfc9e79ab89721a1c9e7d/element/f.7652131D378371FA98FE7F43E0E28151.d.B5B8820AEF470B48A36FB219B6FE3243.e.2550/click - {}
RESULT: {}
RESULT: {}
COMMAND: GET /session/8b9d24fb39cbfc9e79ab89721a1c9e7d/screenshot - {}
RESULT: {}
]]></system-out>
    </testcase>
    <testcase classname="chrome.137_0_7151_69.windows.Stock_increase_-_with_WHM_US125587" name="Bin Status Report Should Create New Organization yard" time="84.908">
      <system-out><![CDATA[
COMMAND: POST /session/8b9d24fb39cbfc9e79ab89721a1c9e7d/execute/async - {"script":"<script> [1562 bytes]","args":[{"selector":{"controlType":"sap.m.GenericTile","properties":{"header":"Bin Status Report"}},"wdio_ui5_key":"sapm.GenericTile{\"header\":\"Bin Status Report\"}"}]}
RESULT: {"script":"<script> [1562 bytes]","args":[{"selector":{"controlType":"sap.m.GenericTile","properties":{"header":"Bin Status Report"}},"wdio_ui5_key":"sapm.GenericTile{\"header\":\"Bin Status Report\"}"}]}
RESULT: undefined
COMMAND: POST /session/8b9d24fb39cbfc9e79ab89721a1c9e7d/element - {"using":"xpath","value":"//*[@id=\"__tile106\"]"}
RESULT: {"using":"xpath","value":"//*[@id=\"__tile106\"]"}
COMMAND: POST /session/8b9d24fb39cbfc9e79ab89721a1c9e7d/element/f.7652131D378371FA98FE7F43E0E28151.d.B5B8820AEF470B48A36FB219B6FE3243.e.3168/click - {}
RESULT: {}
COMMAND: GET /session/8b9d24fb39cbfc9e79ab89721a1c9e7d/screenshot - {}
RESULT: {}
COMMAND: POST /session/8b9d24fb39cbfc9e79ab89721a1c9e7d/elements - {"using":"xpath","value":"//span[text()='Error']"}
RESULT: {"using":"xpath","value":"//span[text()='Error']"}
COMMAND: POST /session/8b9d24fb39cbfc9e79ab89721a1c9e7d/element - {"using":"xpath","value":"//button[@id=\"application-binstatusreport-display-component---warehousing--createOrgBtn\"]"}
RESULT: {"using":"xpath","value":"//button[@id=\"application-binstatusreport-display-component---warehousing--createOrgBtn\"]"}
COMMAND: POST /session/8b9d24fb39cbfc9e79ab89721a1c9e7d/elements - {"using":"xpath","value":"//button[@id=\"application-binstatusreport-display-component---warehousing--createOrgBtn\"]"}
RESULT: {"using":"xpath","value":"//button[@id=\"application-binstatusreport-display-component---warehousing--createOrgBtn\"]"}
COMMAND: POST /session/8b9d24fb39cbfc9e79ab89721a1c9e7d/execute/sync - {"script":"<script> [8489 bytes]","args":[{"element-6066-11e4-a52e-4f735466cecf":"f.7652131D378371FA98FE7F43E0E28151.d.B5B8820AEF470B48A36FB219B6FE3243.e.3228","ELEMENT":"f.7652131D378371FA98FE7F43E0E28151.d.B5B8820AEF470B48A36FB219B6FE3243.e.3228"}]}
RESULT: {"script":"<script> [8489 bytes]","args":[{"element-6066-11e4-a52e-4f735466cecf":"f.7652131D378371FA98FE7F43E0E28151.d.B5B8820AEF470B48A36FB219B6FE3243.e.3228","ELEMENT":"f.7652131D378371FA98FE7F43E0E28151.d.B5B8820AEF470B48A36FB219B6FE3243.e.3228"}]}
COMMAND: GET /session/8b9d24fb39cbfc9e79ab89721a1c9e7d/element/f.7652131D378371FA98FE7F43E0E28151.d.B5B8820AEF470B48A36FB219B6FE3243.e.3228/enabled - {}
COMMAND: GET /session/8b9d24fb39cbfc9e79ab89721a1c9e7d/screenshot - {}
RESULT: {}
COMMAND: POST /session/8b9d24fb39cbfc9e79ab89721a1c9e7d/execute/sync - {"script":"<script> [8489 bytes]","args":[{"element-6066-11e4-a52e-4f735466cecf":"f.7652131D378371FA98FE7F43E0E28151.d.B5B8820AEF470B48A36FB219B6FE3243.e.3228","ELEMENT":"f.7652131D378371FA98FE7F43E0E28151.d.B5B8820AEF470B48A36FB219B6FE3243.e.3228"}]}
COMMAND: GET /session/8b9d24fb39cbfc9e79ab89721a1c9e7d/screenshot - {}
RESULT: {}
RESULT: {"script":"<script> [8489 bytes]","args":[{"element-6066-11e4-a52e-4f735466cecf":"f.7652131D378371FA98FE7F43E0E28151.d.B5B8820AEF470B48A36FB219B6FE3243.e.3228","ELEMENT":"f.7652131D378371FA98FE7F43E0E28151.d.B5B8820AEF470B48A36FB219B6FE3243.e.3228"}]}
COMMAND: POST /session/8b9d24fb39cbfc9e79ab89721a1c9e7d/execute/sync - {"script":"<script> [5351 bytes]","args":[{"element-6066-11e4-a52e-4f735466cecf":"f.7652131D378371FA98FE7F43E0E28151.d.B5B8820AEF470B48A36FB219B6FE3243.e.3228","ELEMENT":"f.7652131D378371FA98FE7F43E0E28151.d.B5B8820AEF470B48A36FB219B6FE3243.e.3228"}]}
COMMAND: GET /session/8b9d24fb39cbfc9e79ab89721a1c9e7d/screenshot - {}
RESULT: {}
RESULT: {}
RESULT: {"script":"<script> [5351 bytes]","args":[{"element-6066-11e4-a52e-4f735466cecf":"f.7652131D378371FA98FE7F43E0E28151.d.B5B8820AEF470B48A36FB219B6FE3243.e.3228","ELEMENT":"f.7652131D378371FA98FE7F43E0E28151.d.B5B8820AEF470B48A36FB219B6FE3243.e.3228"}]}
COMMAND: GET /session/8b9d24fb39cbfc9e79ab89721a1c9e7d/screenshot - {}
RESULT: {}
COMMAND: POST /session/8b9d24fb39cbfc9e79ab89721a1c9e7d/element/f.7652131D378371FA98FE7F43E0E28151.d.B5B8820AEF470B48A36FB219B6FE3243.e.3228/click - {}
RESULT: {}
COMMAND: GET /session/8b9d24fb39cbfc9e79ab89721a1c9e7d/screenshot - {}
RESULT: {}
COMMAND: POST /session/8b9d24fb39cbfc9e79ab89721a1c9e7d/execute/async - {"script":"<script> [1562 bytes]","args":[{"selector":{"id":"createOrganizationPop--sectionInput","searchOpenDialogs":true,"interaction":{"idSuffix":"inner"}},"wdio_ui5_key":"createOrganizationPopsectionInput"}]}
RESULT: {"script":"<script> [1562 bytes]","args":[{"selector":{"id":"createOrganizationPop--sectionInput","searchOpenDialogs":true,"interaction":{"idSuffix":"inner"}},"wdio_ui5_key":"createOrganizationPopsectionInput"}]}
RESULT: undefined
COMMAND: POST /session/8b9d24fb39cbfc9e79ab89721a1c9e7d/execute/async - {"script":"<script> [776 bytes]","args":[{"enterText":"WDIO-237","selector":{"id":"createOrganizationPop--sectionInput","searchOpenDialogs":true,"interaction":{"idSuffix":"inner"}},"clearTextFirst":true,"interactionType":"ENTER_TEXT"}]}
RESULT: {"script":"<script> [776 bytes]","args":[{"enterText":"WDIO-237","selector":{"id":"createOrganizationPop--sectionInput","searchOpenDialogs":true,"interaction":{"idSuffix":"inner"}},"clearTextFirst":true,"interactionType":"ENTER_TEXT"}]}
COMMAND: POST /session/8b9d24fb39cbfc9e79ab89721a1c9e7d/execute/async - {"script":"<script> [1562 bytes]","args":[{"selector":{"id":"createOrganizationPop--descriptionInput","searchOpenDialogs":true,"interaction":{"idSuffix":"inner"}},"wdio_ui5_key":"createOrganizationPopdescriptionInput"}]}
RESULT: {"script":"<script> [1562 bytes]","args":[{"selector":{"id":"createOrganizationPop--descriptionInput","searchOpenDialogs":true,"interaction":{"idSuffix":"inner"}},"wdio_ui5_key":"createOrganizationPopdescriptionInput"}]}
RESULT: undefined
COMMAND: POST /session/8b9d24fb39cbfc9e79ab89721a1c9e7d/execute/async - {"script":"<script> [776 bytes]","args":[{"enterText":"Shipping-237","selector":{"id":"createOrganizationPop--descriptionInput","searchOpenDialogs":true,"interaction":{"idSuffix":"inner"}},"clearTextFirst":true,"interactionType":"ENTER_TEXT"}]}
RESULT: {"script":"<script> [776 bytes]","args":[{"enterText":"Shipping-237","selector":{"id":"createOrganizationPop--descriptionInput","searchOpenDialogs":true,"interaction":{"idSuffix":"inner"}},"clearTextFirst":true,"interactionType":"ENTER_TEXT"}]}
COMMAND: POST /session/8b9d24fb39cbfc9e79ab89721a1c9e7d/element - {"using":"css selector","value":"#createOrganizationPop--yardOrg-inner"}
RESULT: {"using":"css selector","value":"#createOrganizationPop--yardOrg-inner"}
COMMAND: POST /session/8b9d24fb39cbfc9e79ab89721a1c9e7d/element/f.7652131D378371FA98FE7F43E0E28151.d.B5B8820AEF470B48A36FB219B6FE3243.e.3538/clear - {}
RESULT: {}
COMMAND: POST /session/8b9d24fb39cbfc9e79ab89721a1c9e7d/element/f.7652131D378371FA98FE7F43E0E28151.d.B5B8820AEF470B48A36FB219B6FE3243.e.3538/value - {"text":"237"}
COMMAND: GET /session/8b9d24fb39cbfc9e79ab89721a1c9e7d/screenshot - {}
RESULT: {"text":"237"}
COMMAND: GET /session/8b9d24fb39cbfc9e79ab89721a1c9e7d/screenshot - {}
RESULT: {}
RESULT: {}
COMMAND: POST /session/8b9d24fb39cbfc9e79ab89721a1c9e7d/actions - {"actions":[{"id":"action9","type":"key","parameters":{},"actions":[{"type":"keyDown","value":""},{"type":"pause","duration":10},{"type":"keyUp","value":""}]}]}
RESULT: {"actions":[{"id":"action9","type":"key","parameters":{},"actions":[{"type":"keyDown","value":""},{"type":"pause","duration":10},{"type":"keyUp","value":""}]}]}
COMMAND: POST /session/8b9d24fb39cbfc9e79ab89721a1c9e7d/execute/async - {"script":"<script> [1562 bytes]","args":[{"selector":{"id":"createOrganizationPop--grZone","searchOpenDialogs":true,"interaction":{"idSuffix":"CbBg"}},"wdio_ui5_key":"createOrganizationPopgrZone"}]}
COMMAND: GET /session/8b9d24fb39cbfc9e79ab89721a1c9e7d/screenshot - {}
RESULT: {"script":"<script> [1562 bytes]","args":[{"selector":{"id":"createOrganizationPop--grZone","searchOpenDialogs":true,"interaction":{"idSuffix":"CbBg"}},"wdio_ui5_key":"createOrganizationPopgrZone"}]}
RESULT: undefined
COMMAND: POST /session/8b9d24fb39cbfc9e79ab89721a1c9e7d/element - {"using":"xpath","value":"//*[@id=\"createOrganizationPop--grZone\"]"}
RESULT: {}
RESULT: {"using":"xpath","value":"//*[@id=\"createOrganizationPop--grZone\"]"}
COMMAND: POST /session/8b9d24fb39cbfc9e79ab89721a1c9e7d/element/f.7652131D378371FA98FE7F43E0E28151.d.B5B8820AEF470B48A36FB219B6FE3243.e.3560/click - {}
RESULT: {}
COMMAND: GET /session/8b9d24fb39cbfc9e79ab89721a1c9e7d/screenshot - {}
RESULT: {}
COMMAND: POST /session/8b9d24fb39cbfc9e79ab89721a1c9e7d/execute/async - {"script":"<script> [1562 bytes]","args":[{"selector":{"id":"createOrganizationPop--giZone","searchOpenDialogs":true,"interaction":{"idSuffix":"CbBg"}},"wdio_ui5_key":"createOrganizationPopgiZone"}]}
RESULT: {"script":"<script> [1562 bytes]","args":[{"selector":{"id":"createOrganizationPop--giZone","searchOpenDialogs":true,"interaction":{"idSuffix":"CbBg"}},"wdio_ui5_key":"createOrganizationPopgiZone"}]}
RESULT: undefined
COMMAND: POST /session/8b9d24fb39cbfc9e79ab89721a1c9e7d/element - {"using":"xpath","value":"//*[@id=\"createOrganizationPop--giZone\"]"}
RESULT: {"using":"xpath","value":"//*[@id=\"createOrganizationPop--giZone\"]"}
COMMAND: POST /session/8b9d24fb39cbfc9e79ab89721a1c9e7d/element/f.7652131D378371FA98FE7F43E0E28151.d.B5B8820AEF470B48A36FB219B6FE3243.e.3562/click - {}
RESULT: {}
COMMAND: GET /session/8b9d24fb39cbfc9e79ab89721a1c9e7d/screenshot - {}
RESULT: {}
COMMAND: POST /session/8b9d24fb39cbfc9e79ab89721a1c9e7d/execute/async - {"script":"<script> [1562 bytes]","args":[{"selector":{"id":"createOrganizationPop--binNoInput","searchOpenDialogs":true,"interaction":{"idSuffix":"inner"}},"wdio_ui5_key":"createOrganizationPopbinNoInput"}]}
RESULT: {"script":"<script> [1562 bytes]","args":[{"selector":{"id":"createOrganizationPop--binNoInput","searchOpenDialogs":true,"interaction":{"idSuffix":"inner"}},"wdio_ui5_key":"createOrganizationPopbinNoInput"}]}
RESULT: undefined
COMMAND: POST /session/8b9d24fb39cbfc9e79ab89721a1c9e7d/execute/async - {"script":"<script> [776 bytes]","args":[{"enterText":"Bin-Wd","selector":{"id":"createOrganizationPop--binNoInput","searchOpenDialogs":true,"interaction":{"idSuffix":"inner"}},"clearTextFirst":true,"interactionType":"ENTER_TEXT"}]}
RESULT: {"script":"<script> [776 bytes]","args":[{"enterText":"Bin-Wd","selector":{"id":"createOrganizationPop--binNoInput","searchOpenDialogs":true,"interaction":{"idSuffix":"inner"}},"clearTextFirst":true,"interactionType":"ENTER_TEXT"}]}
COMMAND: POST /session/8b9d24fb39cbfc9e79ab89721a1c9e7d/execute/async - {"script":"<script> [1562 bytes]","args":[{"selector":{"id":"createOrganizationPop--descriptionId","searchOpenDialogs":true,"interaction":{"idSuffix":"inner"}},"wdio_ui5_key":"createOrganizationPopdescriptionId"}]}
RESULT: {"script":"<script> [1562 bytes]","args":[{"selector":{"id":"createOrganizationPop--descriptionId","searchOpenDialogs":true,"interaction":{"idSuffix":"inner"}},"wdio_ui5_key":"createOrganizationPopdescriptionId"}]}
RESULT: undefined
COMMAND: POST /session/8b9d24fb39cbfc9e79ab89721a1c9e7d/execute/async - {"script":"<script> [776 bytes]","args":[{"enterText":"Shipping-Wd","selector":{"id":"createOrganizationPop--descriptionId","searchOpenDialogs":true,"interaction":{"idSuffix":"inner"}},"clearTextFirst":true,"interactionType":"ENTER_TEXT"}]}
RESULT: {"script":"<script> [776 bytes]","args":[{"enterText":"Shipping-Wd","selector":{"id":"createOrganizationPop--descriptionId","searchOpenDialogs":true,"interaction":{"idSuffix":"inner"}},"clearTextFirst":true,"interactionType":"ENTER_TEXT"}]}
COMMAND: POST /session/8b9d24fb39cbfc9e79ab89721a1c9e7d/execute/async - {"script":"<script> [1562 bytes]","args":[{"selector":{"controlType":"sap.m.CheckBox","viewName":"etm.portal.ui.binstatusreport.view.MasterWareBins","viewId":"application-binstatusreport-display-component---warehousing","bindingPath":{"path":"","propertyPath":"/ZONE","modelName":"newBin"},"searchOpenDialogs":true,"interaction":{"idSuffix":"CbBg"}},"wdio_ui5_key":"etmportal.ui.binstatusreport.view.MasterWareBinssap.m.CheckBox{\"path\":\"\",\"propertyPath\":\"/ZONE\",\"modelName\":\"newBin\"}"}]}
RESULT: {"script":"<script> [1562 bytes]","args":[{"selector":{"controlType":"sap.m.CheckBox","viewName":"etm.portal.ui.binstatusreport.view.MasterWareBins","viewId":"application-binstatusreport-display-component---warehousing","bindingPath":{"path":"","propertyPath":"/ZONE","modelName":"newBin"},"searchOpenDialogs":true,"interaction":{"idSuffix":"CbBg"}},"wdio_ui5_key":"etmportal.ui.binstatusreport.view.MasterWareBinssap.m.CheckBox{\"path\":\"\",\"propertyPath\":\"/ZONE\",\"modelName\":\"newBin\"}"}]}
RESULT: undefined
COMMAND: POST /session/8b9d24fb39cbfc9e79ab89721a1c9e7d/element - {"using":"xpath","value":"//*[@id=\"__box56\"]"}
RESULT: {"using":"xpath","value":"//*[@id=\"__box56\"]"}
COMMAND: POST /session/8b9d24fb39cbfc9e79ab89721a1c9e7d/element/f.7652131D378371FA98FE7F43E0E28151.d.B5B8820AEF470B48A36FB219B6FE3243.e.3585/click - {}
RESULT: {}
COMMAND: GET /session/8b9d24fb39cbfc9e79ab89721a1c9e7d/screenshot - {}
RESULT: {}
COMMAND: POST /session/8b9d24fb39cbfc9e79ab89721a1c9e7d/execute/async - {"script":"<script> [1562 bytes]","args":[{"selector":{"id":"createOrganizationPop--binTypesCB","searchOpenDialogs":true,"interaction":{"idSuffix":"inner"}},"wdio_ui5_key":"createOrganizationPopbinTypesCB"}]}
RESULT: {"script":"<script> [1562 bytes]","args":[{"selector":{"id":"createOrganizationPop--binTypesCB","searchOpenDialogs":true,"interaction":{"idSuffix":"inner"}},"wdio_ui5_key":"createOrganizationPopbinTypesCB"}]}
RESULT: undefined
COMMAND: POST /session/8b9d24fb39cbfc9e79ab89721a1c9e7d/execute/async - {"script":"<script> [776 bytes]","args":[{"enterText":"1 - General / No capacity check","selector":{"id":"createOrganizationPop--binTypesCB","searchOpenDialogs":true,"interaction":{"idSuffix":"inner"}},"clearTextFirst":true,"interactionType":"ENTER_TEXT"}]}
RESULT: {"script":"<script> [776 bytes]","args":[{"enterText":"1 - General / No capacity check","selector":{"id":"createOrganizationPop--binTypesCB","searchOpenDialogs":true,"interaction":{"idSuffix":"inner"}},"clearTextFirst":true,"interactionType":"ENTER_TEXT"}]}
COMMAND: POST /session/8b9d24fb39cbfc9e79ab89721a1c9e7d/actions - {"actions":[{"id":"action10","type":"key","parameters":{},"actions":[{"type":"keyDown","value":""},{"type":"pause","duration":10},{"type":"keyUp","value":""}]}]}
RESULT: {"actions":[{"id":"action10","type":"key","parameters":{},"actions":[{"type":"keyDown","value":""},{"type":"pause","duration":10},{"type":"keyUp","value":""}]}]}
COMMAND: GET /session/8b9d24fb39cbfc9e79ab89721a1c9e7d/screenshot - {}
RESULT: {}
COMMAND: POST /session/8b9d24fb39cbfc9e79ab89721a1c9e7d/execute/async - {"script":"<script> [1562 bytes]","args":[{"selector":{"id":"createOrganizationPop--finishBtn","searchOpenDialogs":true,"interaction":{"idSuffix":"BDI-content"}},"wdio_ui5_key":"createOrganizationPopfinishBtn"}]}
RESULT: {"script":"<script> [1562 bytes]","args":[{"selector":{"id":"createOrganizationPop--finishBtn","searchOpenDialogs":true,"interaction":{"idSuffix":"BDI-content"}},"wdio_ui5_key":"createOrganizationPopfinishBtn"}]}
RESULT: undefined
COMMAND: POST /session/8b9d24fb39cbfc9e79ab89721a1c9e7d/element - {"using":"xpath","value":"//*[@id=\"createOrganizationPop--finishBtn\"]"}
RESULT: {"using":"xpath","value":"//*[@id=\"createOrganizationPop--finishBtn\"]"}
COMMAND: POST /session/8b9d24fb39cbfc9e79ab89721a1c9e7d/element/f.7652131D378371FA98FE7F43E0E28151.d.B5B8820AEF470B48A36FB219B6FE3243.e.3596/click - {}
RESULT: {}
COMMAND: GET /session/8b9d24fb39cbfc9e79ab89721a1c9e7d/screenshot - {}
RESULT: {}
COMMAND: POST /session/8b9d24fb39cbfc9e79ab89721a1c9e7d/element - {"using":"css selector","value":"#shell-header-logo"}
RESULT: {"using":"css selector","value":"#shell-header-logo"}
COMMAND: POST /session/8b9d24fb39cbfc9e79ab89721a1c9e7d/element/f.7652131D378371FA98FE7F43E0E28151.d.B5B8820AEF470B48A36FB219B6FE3243.e.3175/click - {}
RESULT: {}
COMMAND: GET /session/8b9d24fb39cbfc9e79ab89721a1c9e7d/screenshot - {}
RESULT: {}
]]></system-out>
    </testcase>
    <testcase classname="chrome.137_0_7151_69.windows.Stock_increase_-_with_WHM_US125587" name="Bin Status Report Should Create New Organization for Site" time="67.658">
      <system-out><![CDATA[
RESULT: undefined
COMMAND: POST /session/8b9d24fb39cbfc9e79ab89721a1c9e7d/element - {"using":"xpath","value":"//*[@id=\"__tile106\"]"}
RESULT: {"using":"xpath","value":"//*[@id=\"__tile106\"]"}
COMMAND: POST /session/8b9d24fb39cbfc9e79ab89721a1c9e7d/element/f.7652131D378371FA98FE7F43E0E28151.d.B5B8820AEF470B48A36FB219B6FE3243.e.3168/click - {}
RESULT: {}
COMMAND: GET /session/8b9d24fb39cbfc9e79ab89721a1c9e7d/screenshot - {}
RESULT: {}
COMMAND: POST /session/8b9d24fb39cbfc9e79ab89721a1c9e7d/elements - {"using":"xpath","value":"//span[text()='Error']"}
RESULT: {"using":"xpath","value":"//span[text()='Error']"}
COMMAND: POST /session/8b9d24fb39cbfc9e79ab89721a1c9e7d/element - {"using":"xpath","value":"//button[@id=\"application-binstatusreport-display-component---warehousing--createOrgBtn\"]"}
RESULT: {"using":"xpath","value":"//button[@id=\"application-binstatusreport-display-component---warehousing--createOrgBtn\"]"}
COMMAND: POST /session/8b9d24fb39cbfc9e79ab89721a1c9e7d/elements - {"using":"xpath","value":"//button[@id=\"application-binstatusreport-display-component---warehousing--createOrgBtn\"]"}
RESULT: {"using":"xpath","value":"//button[@id=\"application-binstatusreport-display-component---warehousing--createOrgBtn\"]"}
COMMAND: POST /session/8b9d24fb39cbfc9e79ab89721a1c9e7d/execute/sync - {"script":"<script> [8489 bytes]","args":[{"element-6066-11e4-a52e-4f735466cecf":"f.7652131D378371FA98FE7F43E0E28151.d.B5B8820AEF470B48A36FB219B6FE3243.e.3657","ELEMENT":"f.7652131D378371FA98FE7F43E0E28151.d.B5B8820AEF470B48A36FB219B6FE3243.e.3657"}]}
RESULT: {"script":"<script> [8489 bytes]","args":[{"element-6066-11e4-a52e-4f735466cecf":"f.7652131D378371FA98FE7F43E0E28151.d.B5B8820AEF470B48A36FB219B6FE3243.e.3657","ELEMENT":"f.7652131D378371FA98FE7F43E0E28151.d.B5B8820AEF470B48A36FB219B6FE3243.e.3657"}]}
COMMAND: GET /session/8b9d24fb39cbfc9e79ab89721a1c9e7d/element/f.7652131D378371FA98FE7F43E0E28151.d.B5B8820AEF470B48A36FB219B6FE3243.e.3657/enabled - {}
COMMAND: GET /session/8b9d24fb39cbfc9e79ab89721a1c9e7d/screenshot - {}
RESULT: {}
COMMAND: POST /session/8b9d24fb39cbfc9e79ab89721a1c9e7d/execute/sync - {"script":"<script> [8489 bytes]","args":[{"element-6066-11e4-a52e-4f735466cecf":"f.7652131D378371FA98FE7F43E0E28151.d.B5B8820AEF470B48A36FB219B6FE3243.e.3657","ELEMENT":"f.7652131D378371FA98FE7F43E0E28151.d.B5B8820AEF470B48A36FB219B6FE3243.e.3657"}]}
COMMAND: GET /session/8b9d24fb39cbfc9e79ab89721a1c9e7d/screenshot - {}
RESULT: {}
RESULT: {"script":"<script> [8489 bytes]","args":[{"element-6066-11e4-a52e-4f735466cecf":"f.7652131D378371FA98FE7F43E0E28151.d.B5B8820AEF470B48A36FB219B6FE3243.e.3657","ELEMENT":"f.7652131D378371FA98FE7F43E0E28151.d.B5B8820AEF470B48A36FB219B6FE3243.e.3657"}]}
COMMAND: POST /session/8b9d24fb39cbfc9e79ab89721a1c9e7d/execute/sync - {"script":"<script> [5351 bytes]","args":[{"element-6066-11e4-a52e-4f735466cecf":"f.7652131D378371FA98FE7F43E0E28151.d.B5B8820AEF470B48A36FB219B6FE3243.e.3657","ELEMENT":"f.7652131D378371FA98FE7F43E0E28151.d.B5B8820AEF470B48A36FB219B6FE3243.e.3657"}]}
COMMAND: GET /session/8b9d24fb39cbfc9e79ab89721a1c9e7d/screenshot - {}
RESULT: {}
RESULT: {"script":"<script> [5351 bytes]","args":[{"element-6066-11e4-a52e-4f735466cecf":"f.7652131D378371FA98FE7F43E0E28151.d.B5B8820AEF470B48A36FB219B6FE3243.e.3657","ELEMENT":"f.7652131D378371FA98FE7F43E0E28151.d.B5B8820AEF470B48A36FB219B6FE3243.e.3657"}]}
COMMAND: GET /session/8b9d24fb39cbfc9e79ab89721a1c9e7d/screenshot - {}
RESULT: {}
RESULT: {}
COMMAND: POST /session/8b9d24fb39cbfc9e79ab89721a1c9e7d/element/f.7652131D378371FA98FE7F43E0E28151.d.B5B8820AEF470B48A36FB219B6FE3243.e.3657/click - {}
RESULT: {}
COMMAND: GET /session/8b9d24fb39cbfc9e79ab89721a1c9e7d/screenshot - {}
RESULT: {}
RESULT: undefined
COMMAND: POST /session/8b9d24fb39cbfc9e79ab89721a1c9e7d/execute/async - {"script":"<script> [776 bytes]","args":[{"enterText":"2085","selector":{"id":"createOrganizationPop--sectionInput","searchOpenDialogs":true,"interaction":{"idSuffix":"inner"}},"clearTextFirst":true,"interactionType":"ENTER_TEXT"}]}
RESULT: {"script":"<script> [776 bytes]","args":[{"enterText":"2085","selector":{"id":"createOrganizationPop--sectionInput","searchOpenDialogs":true,"interaction":{"idSuffix":"inner"}},"clearTextFirst":true,"interactionType":"ENTER_TEXT"}]}
RESULT: undefined
COMMAND: POST /session/8b9d24fb39cbfc9e79ab89721a1c9e7d/execute/async - {"script":"<script> [776 bytes]","args":[{"enterText":"WDIO-2085","selector":{"id":"createOrganizationPop--descriptionInput","searchOpenDialogs":true,"interaction":{"idSuffix":"inner"}},"clearTextFirst":true,"interactionType":"ENTER_TEXT"}]}
RESULT: {"script":"<script> [776 bytes]","args":[{"enterText":"WDIO-2085","selector":{"id":"createOrganizationPop--descriptionInput","searchOpenDialogs":true,"interaction":{"idSuffix":"inner"}},"clearTextFirst":true,"interactionType":"ENTER_TEXT"}]}
COMMAND: POST /session/8b9d24fb39cbfc9e79ab89721a1c9e7d/element - {"using":"css selector","value":"#createOrganizationPop--siteOrg-inner"}
RESULT: {"using":"css selector","value":"#createOrganizationPop--siteOrg-inner"}
COMMAND: POST /session/8b9d24fb39cbfc9e79ab89721a1c9e7d/element/f.7652131D378371FA98FE7F43E0E28151.d.B5B8820AEF470B48A36FB219B6FE3243.e.3673/clear - {}
RESULT: {}
COMMAND: POST /session/8b9d24fb39cbfc9e79ab89721a1c9e7d/element/f.7652131D378371FA98FE7F43E0E28151.d.B5B8820AEF470B48A36FB219B6FE3243.e.3673/value - {"text":"2085"}
COMMAND: GET /session/8b9d24fb39cbfc9e79ab89721a1c9e7d/screenshot - {}
RESULT: {"text":"2085"}
COMMAND: GET /session/8b9d24fb39cbfc9e79ab89721a1c9e7d/screenshot - {}
RESULT: {}
RESULT: {}
COMMAND: POST /session/8b9d24fb39cbfc9e79ab89721a1c9e7d/actions - {"actions":[{"id":"action11","type":"key","parameters":{},"actions":[{"type":"keyDown","value":""},{"type":"pause","duration":10},{"type":"keyUp","value":""}]}]}
RESULT: {"actions":[{"id":"action11","type":"key","parameters":{},"actions":[{"type":"keyDown","value":""},{"type":"pause","duration":10},{"type":"keyUp","value":""}]}]}
RESULT: undefined
COMMAND: POST /session/8b9d24fb39cbfc9e79ab89721a1c9e7d/element - {"using":"xpath","value":"//*[@id=\"createOrganizationPop--giZone\"]"}
COMMAND: GET /session/8b9d24fb39cbfc9e79ab89721a1c9e7d/screenshot - {}
RESULT: {"using":"xpath","value":"//*[@id=\"createOrganizationPop--giZone\"]"}
COMMAND: POST /session/8b9d24fb39cbfc9e79ab89721a1c9e7d/element/f.7652131D378371FA98FE7F43E0E28151.d.B5B8820AEF470B48A36FB219B6FE3243.e.3711/click - {}
RESULT: {}
RESULT: {}
COMMAND: GET /session/8b9d24fb39cbfc9e79ab89721a1c9e7d/screenshot - {}
RESULT: {}
RESULT: undefined
COMMAND: POST /session/8b9d24fb39cbfc9e79ab89721a1c9e7d/execute/async - {"script":"<script> [776 bytes]","args":[{"enterText":"WD-BIN","selector":{"id":"createOrganizationPop--binNoInput","searchOpenDialogs":true,"interaction":{"idSuffix":"inner"}},"clearTextFirst":true,"interactionType":"ENTER_TEXT"}]}
RESULT: {"script":"<script> [776 bytes]","args":[{"enterText":"WD-BIN","selector":{"id":"createOrganizationPop--binNoInput","searchOpenDialogs":true,"interaction":{"idSuffix":"inner"}},"clearTextFirst":true,"interactionType":"ENTER_TEXT"}]}
RESULT: undefined
COMMAND: POST /session/8b9d24fb39cbfc9e79ab89721a1c9e7d/execute/async - {"script":"<script> [776 bytes]","args":[{"enterText":"WD-BIN","selector":{"id":"createOrganizationPop--descriptionId","searchOpenDialogs":true,"interaction":{"idSuffix":"inner"}},"clearTextFirst":true,"interactionType":"ENTER_TEXT"}]}
RESULT: {"script":"<script> [776 bytes]","args":[{"enterText":"WD-BIN","selector":{"id":"createOrganizationPop--descriptionId","searchOpenDialogs":true,"interaction":{"idSuffix":"inner"}},"clearTextFirst":true,"interactionType":"ENTER_TEXT"}]}
COMMAND: POST /session/8b9d24fb39cbfc9e79ab89721a1c9e7d/execute/async - {"script":"<script> [1562 bytes]","args":[{"selector":{"controlType":"sap.m.CheckBox","viewName":"etm.portal.ui.binstatusreport.view.MasterWareBins","viewId":"application-binstatusreport-display-component---warehousing","bindingPath":{"propertyPath":"/ZONE","modelName":"newBin"},"searchOpenDialogs":true,"interaction":{"idSuffix":"CbBg"}},"wdio_ui5_key":"etmportal.ui.binstatusreport.view.MasterWareBinssap.m.CheckBox{\"propertyPath\":\"/ZONE\",\"modelName\":\"newBin\"}"}]}
RESULT: {"script":"<script> [1562 bytes]","args":[{"selector":{"controlType":"sap.m.CheckBox","viewName":"etm.portal.ui.binstatusreport.view.MasterWareBins","viewId":"application-binstatusreport-display-component---warehousing","bindingPath":{"propertyPath":"/ZONE","modelName":"newBin"},"searchOpenDialogs":true,"interaction":{"idSuffix":"CbBg"}},"wdio_ui5_key":"etmportal.ui.binstatusreport.view.MasterWareBinssap.m.CheckBox{\"propertyPath\":\"/ZONE\",\"modelName\":\"newBin\"}"}]}
RESULT: undefined
COMMAND: POST /session/8b9d24fb39cbfc9e79ab89721a1c9e7d/element - {"using":"xpath","value":"//*[@id=\"__box68\"]"}
RESULT: {"using":"xpath","value":"//*[@id=\"__box68\"]"}
COMMAND: POST /session/8b9d24fb39cbfc9e79ab89721a1c9e7d/element/f.7652131D378371FA98FE7F43E0E28151.d.B5B8820AEF470B48A36FB219B6FE3243.e.3733/click - {}
RESULT: {}
COMMAND: GET /session/8b9d24fb39cbfc9e79ab89721a1c9e7d/screenshot - {}
RESULT: {}
RESULT: undefined
COMMAND: POST /session/8b9d24fb39cbfc9e79ab89721a1c9e7d/execute/async - {"script":"<script> [776 bytes]","args":[{"enterText":"1 - General / No capacity check","selector":{"id":"createOrganizationPop--binTypesCB","searchOpenDialogs":true,"interaction":{"idSuffix":"inner"}},"clearTextFirst":true,"interactionType":"ENTER_TEXT"}]}
RESULT: {"script":"<script> [776 bytes]","args":[{"enterText":"1 - General / No capacity check","selector":{"id":"createOrganizationPop--binTypesCB","searchOpenDialogs":true,"interaction":{"idSuffix":"inner"}},"clearTextFirst":true,"interactionType":"ENTER_TEXT"}]}
COMMAND: POST /session/8b9d24fb39cbfc9e79ab89721a1c9e7d/execute/async - {"script":"<script> [1562 bytes]","args":[{"selector":{"id":"createOrganizationPop--capacityId","searchOpenDialogs":true,"interaction":{"idSuffix":"inner"}},"wdio_ui5_key":"createOrganizationPopcapacityId"}]}
RESULT: {"script":"<script> [1562 bytes]","args":[{"selector":{"id":"createOrganizationPop--capacityId","searchOpenDialogs":true,"interaction":{"idSuffix":"inner"}},"wdio_ui5_key":"createOrganizationPopcapacityId"}]}
RESULT: undefined
COMMAND: POST /session/8b9d24fb39cbfc9e79ab89721a1c9e7d/actions - {"actions":[{"id":"action12","type":"key","parameters":{},"actions":[{"type":"keyDown","value":""},{"type":"pause","duration":10},{"type":"keyUp","value":""}]}]}
RESULT: {"actions":[{"id":"action12","type":"key","parameters":{},"actions":[{"type":"keyDown","value":""},{"type":"pause","duration":10},{"type":"keyUp","value":""}]}]}
COMMAND: GET /session/8b9d24fb39cbfc9e79ab89721a1c9e7d/screenshot - {}
RESULT: {}
RESULT: undefined
COMMAND: POST /session/8b9d24fb39cbfc9e79ab89721a1c9e7d/element - {"using":"xpath","value":"//*[@id=\"createOrganizationPop--finishBtn\"]"}
RESULT: {"using":"xpath","value":"//*[@id=\"createOrganizationPop--finishBtn\"]"}
COMMAND: POST /session/8b9d24fb39cbfc9e79ab89721a1c9e7d/element/f.7652131D378371FA98FE7F43E0E28151.d.B5B8820AEF470B48A36FB219B6FE3243.e.3747/click - {}
RESULT: {}
COMMAND: GET /session/8b9d24fb39cbfc9e79ab89721a1c9e7d/screenshot - {}
RESULT: {}
COMMAND: POST /session/8b9d24fb39cbfc9e79ab89721a1c9e7d/element - {"using":"css selector","value":"#shell-header-logo"}
RESULT: {"using":"css selector","value":"#shell-header-logo"}
COMMAND: POST /session/8b9d24fb39cbfc9e79ab89721a1c9e7d/element/f.7652131D378371FA98FE7F43E0E28151.d.B5B8820AEF470B48A36FB219B6FE3243.e.3605/click - {}
RESULT: {}
COMMAND: GET /session/8b9d24fb39cbfc9e79ab89721a1c9e7d/screenshot - {}
RESULT: {}
]]></system-out>
    </testcase>
    <testcase classname="chrome.137_0_7151_69.windows.Stock_increase_-_with_WHM_US125587" name="Create a Warehouse Movement for created yard" time="48.407">
      <system-out><![CDATA[
COMMAND: POST /session/8b9d24fb39cbfc9e79ab89721a1c9e7d/execute/async - {"script":"<script> [1562 bytes]","args":[{"selector":{"controlType":"sap.m.GenericTile","properties":{"header":"Manage Warehouse Movements"}},"wdio_ui5_key":"sapm.GenericTile{\"header\":\"Manage Warehouse Movements\"}"}]}
RESULT: {"script":"<script> [1562 bytes]","args":[{"selector":{"controlType":"sap.m.GenericTile","properties":{"header":"Manage Warehouse Movements"}},"wdio_ui5_key":"sapm.GenericTile{\"header\":\"Manage Warehouse Movements\"}"}]}
RESULT: undefined
COMMAND: POST /session/8b9d24fb39cbfc9e79ab89721a1c9e7d/element - {"using":"xpath","value":"//*[@id=\"__tile107\"]"}
RESULT: {"using":"xpath","value":"//*[@id=\"__tile107\"]"}
COMMAND: POST /session/8b9d24fb39cbfc9e79ab89721a1c9e7d/element/f.7652131D378371FA98FE7F43E0E28151.d.B5B8820AEF470B48A36FB219B6FE3243.e.3780/click - {}
RESULT: {}
COMMAND: GET /session/8b9d24fb39cbfc9e79ab89721a1c9e7d/screenshot - {}
RESULT: {}
COMMAND: POST /session/8b9d24fb39cbfc9e79ab89721a1c9e7d/elements - {"using":"xpath","value":"//span[text()='Error']"}
RESULT: {"using":"xpath","value":"//span[text()='Error']"}
COMMAND: POST /session/8b9d24fb39cbfc9e79ab89721a1c9e7d/element - {"using":"xpath","value":"//input[@id='application-warehousemovements-display-component---warehouseMovements--smartFilterBar-filterItemControl_BASIC-YARD-inner']"}
RESULT: {"using":"xpath","value":"//input[@id='application-warehousemovements-display-component---warehouseMovements--smartFilterBar-filterItemControl_BASIC-YARD-inner']"}
COMMAND: POST /session/8b9d24fb39cbfc9e79ab89721a1c9e7d/elements - {"using":"xpath","value":"//input[@id='application-warehousemovements-display-component---warehouseMovements--smartFilterBar-filterItemControl_BASIC-YARD-inner']"}
RESULT: {"using":"xpath","value":"//input[@id='application-warehousemovements-display-component---warehouseMovements--smartFilterBar-filterItemControl_BASIC-YARD-inner']"}
COMMAND: POST /session/8b9d24fb39cbfc9e79ab89721a1c9e7d/execute/sync - {"script":"<script> [8489 bytes]","args":[{"element-6066-11e4-a52e-4f735466cecf":"f.7652131D378371FA98FE7F43E0E28151.d.B5B8820AEF470B48A36FB219B6FE3243.e.3803","ELEMENT":"f.7652131D378371FA98FE7F43E0E28151.d.B5B8820AEF470B48A36FB219B6FE3243.e.3803"}]}
RESULT: {"script":"<script> [8489 bytes]","args":[{"element-6066-11e4-a52e-4f735466cecf":"f.7652131D378371FA98FE7F43E0E28151.d.B5B8820AEF470B48A36FB219B6FE3243.e.3803","ELEMENT":"f.7652131D378371FA98FE7F43E0E28151.d.B5B8820AEF470B48A36FB219B6FE3243.e.3803"}]}
COMMAND: GET /session/8b9d24fb39cbfc9e79ab89721a1c9e7d/element/f.7652131D378371FA98FE7F43E0E28151.d.B5B8820AEF470B48A36FB219B6FE3243.e.3803/enabled - {}
COMMAND: GET /session/8b9d24fb39cbfc9e79ab89721a1c9e7d/screenshot - {}
RESULT: {}
COMMAND: POST /session/8b9d24fb39cbfc9e79ab89721a1c9e7d/execute/sync - {"script":"<script> [8489 bytes]","args":[{"element-6066-11e4-a52e-4f735466cecf":"f.7652131D378371FA98FE7F43E0E28151.d.B5B8820AEF470B48A36FB219B6FE3243.e.3803","ELEMENT":"f.7652131D378371FA98FE7F43E0E28151.d.B5B8820AEF470B48A36FB219B6FE3243.e.3803"}]}
COMMAND: GET /session/8b9d24fb39cbfc9e79ab89721a1c9e7d/screenshot - {}
RESULT: {}
RESULT: {"script":"<script> [8489 bytes]","args":[{"element-6066-11e4-a52e-4f735466cecf":"f.7652131D378371FA98FE7F43E0E28151.d.B5B8820AEF470B48A36FB219B6FE3243.e.3803","ELEMENT":"f.7652131D378371FA98FE7F43E0E28151.d.B5B8820AEF470B48A36FB219B6FE3243.e.3803"}]}
COMMAND: POST /session/8b9d24fb39cbfc9e79ab89721a1c9e7d/execute/sync - {"script":"<script> [5351 bytes]","args":[{"element-6066-11e4-a52e-4f735466cecf":"f.7652131D378371FA98FE7F43E0E28151.d.B5B8820AEF470B48A36FB219B6FE3243.e.3803","ELEMENT":"f.7652131D378371FA98FE7F43E0E28151.d.B5B8820AEF470B48A36FB219B6FE3243.e.3803"}]}
COMMAND: GET /session/8b9d24fb39cbfc9e79ab89721a1c9e7d/screenshot - {}
RESULT: {}
RESULT: {}
RESULT: {"script":"<script> [5351 bytes]","args":[{"element-6066-11e4-a52e-4f735466cecf":"f.7652131D378371FA98FE7F43E0E28151.d.B5B8820AEF470B48A36FB219B6FE3243.e.3803","ELEMENT":"f.7652131D378371FA98FE7F43E0E28151.d.B5B8820AEF470B48A36FB219B6FE3243.e.3803"}]}
COMMAND: GET /session/8b9d24fb39cbfc9e79ab89721a1c9e7d/screenshot - {}
RESULT: {}
COMMAND: POST /session/8b9d24fb39cbfc9e79ab89721a1c9e7d/element/f.7652131D378371FA98FE7F43E0E28151.d.B5B8820AEF470B48A36FB219B6FE3243.e.3803/clear - {}
RESULT: {}
COMMAND: POST /session/8b9d24fb39cbfc9e79ab89721a1c9e7d/element/f.7652131D378371FA98FE7F43E0E28151.d.B5B8820AEF470B48A36FB219B6FE3243.e.3803/value - {"text":"237"}
COMMAND: GET /session/8b9d24fb39cbfc9e79ab89721a1c9e7d/screenshot - {}
RESULT: {"text":"237"}
COMMAND: POST /session/8b9d24fb39cbfc9e79ab89721a1c9e7d/actions - {"actions":[{"id":"action13","type":"key","parameters":{},"actions":[{"type":"keyDown","value":""},{"type":"pause","duration":10},{"type":"keyUp","value":""}]}]}
COMMAND: GET /session/8b9d24fb39cbfc9e79ab89721a1c9e7d/screenshot - {}
RESULT: {}
RESULT: {"actions":[{"id":"action13","type":"key","parameters":{},"actions":[{"type":"keyDown","value":""},{"type":"pause","duration":10},{"type":"keyUp","value":""}]}]}
COMMAND: GET /session/8b9d24fb39cbfc9e79ab89721a1c9e7d/screenshot - {}
RESULT: {}
RESULT: {}
COMMAND: POST /session/8b9d24fb39cbfc9e79ab89721a1c9e7d/element - {"using":"xpath","value":"//button[contains(@data-kt, \"MasterMovementAddOverflowToolbarButton\")]"}
RESULT: {"using":"xpath","value":"//button[contains(@data-kt, \"MasterMovementAddOverflowToolbarButton\")]"}
COMMAND: POST /session/8b9d24fb39cbfc9e79ab89721a1c9e7d/element/f.7652131D378371FA98FE7F43E0E28151.d.B5B8820AEF470B48A36FB219B6FE3243.e.3827/click - {}
RESULT: {}
COMMAND: GET /session/8b9d24fb39cbfc9e79ab89721a1c9e7d/screenshot - {}
RESULT: {}
COMMAND: POST /session/8b9d24fb39cbfc9e79ab89721a1c9e7d/element - {"using":"xpath","value":"//*[@id=\"application-warehousemovements-display-component---addMovement--sectionsList-arrow\"]"}
RESULT: {"using":"xpath","value":"//*[@id=\"application-warehousemovements-display-component---addMovement--sectionsList-arrow\"]"}
COMMAND: POST /session/8b9d24fb39cbfc9e79ab89721a1c9e7d/element/f.7652131D378371FA98FE7F43E0E28151.d.B5B8820AEF470B48A36FB219B6FE3243.e.4124/click - {}
RESULT: {}
COMMAND: POST /session/8b9d24fb39cbfc9e79ab89721a1c9e7d/actions - {"actions":[{"id":"action14","type":"key","parameters":{},"actions":[{"type":"keyDown","value":""},{"type":"pause","duration":10},{"type":"keyUp","value":""}]}]}
COMMAND: GET /session/8b9d24fb39cbfc9e79ab89721a1c9e7d/screenshot - {}
RESULT: {"actions":[{"id":"action14","type":"key","parameters":{},"actions":[{"type":"keyDown","value":""},{"type":"pause","duration":10},{"type":"keyUp","value":""}]}]}
COMMAND: GET /session/8b9d24fb39cbfc9e79ab89721a1c9e7d/screenshot - {}
RESULT: {}
RESULT: {}
COMMAND: POST /session/8b9d24fb39cbfc9e79ab89721a1c9e7d/actions - {"actions":[{"id":"action15","type":"key","parameters":{},"actions":[{"type":"keyDown","value":""},{"type":"pause","duration":10},{"type":"keyUp","value":""}]}]}
RESULT: {"actions":[{"id":"action15","type":"key","parameters":{},"actions":[{"type":"keyDown","value":""},{"type":"pause","duration":10},{"type":"keyUp","value":""}]}]}
COMMAND: GET /session/8b9d24fb39cbfc9e79ab89721a1c9e7d/screenshot - {}
RESULT: {}
COMMAND: POST /session/8b9d24fb39cbfc9e79ab89721a1c9e7d/element - {"using":"xpath","value":"//*[@id=\"application-warehousemovements-display-component---addMovement--saveMovementBtn-BDI-content\" and text()=\"Save\"]"}
RESULT: {"using":"xpath","value":"//*[@id=\"application-warehousemovements-display-component---addMovement--saveMovementBtn-BDI-content\" and text()=\"Save\"]"}
COMMAND: POST /session/8b9d24fb39cbfc9e79ab89721a1c9e7d/element/f.7652131D378371FA98FE7F43E0E28151.d.B5B8820AEF470B48A36FB219B6FE3243.e.4125/click - {}
RESULT: {}
COMMAND: GET /session/8b9d24fb39cbfc9e79ab89721a1c9e7d/screenshot - {}
RESULT: {}
COMMAND: POST /session/8b9d24fb39cbfc9e79ab89721a1c9e7d/element - {"using":"css selector","value":"#shell-header-logo"}
RESULT: {"using":"css selector","value":"#shell-header-logo"}
COMMAND: POST /session/8b9d24fb39cbfc9e79ab89721a1c9e7d/element/f.7652131D378371FA98FE7F43E0E28151.d.B5B8820AEF470B48A36FB219B6FE3243.e.3783/click - {}
RESULT: {}
COMMAND: GET /session/8b9d24fb39cbfc9e79ab89721a1c9e7d/screenshot - {}
RESULT: {}
]]></system-out>
    </testcase>
    <testcase classname="chrome.137_0_7151_69.windows.Stock_increase_-_with_WHM_US125587" name="Should do a stock increase handover" time="98.307">
      <system-out><![CDATA[
COMMAND: POST /session/8b9d24fb39cbfc9e79ab89721a1c9e7d/execute/async - {"script":"<script> [1562 bytes]","args":[{"selector":{"controlType":"sap.m.GenericTile","properties":{"header":"Manage Handovers"}},"wdio_ui5_key":"sapm.GenericTile{\"header\":\"Manage Handovers\"}"}]}
RESULT: {"script":"<script> [1562 bytes]","args":[{"selector":{"controlType":"sap.m.GenericTile","properties":{"header":"Manage Handovers"}},"wdio_ui5_key":"sapm.GenericTile{\"header\":\"Manage Handovers\"}"}]}
RESULT: undefined
COMMAND: POST /session/8b9d24fb39cbfc9e79ab89721a1c9e7d/element - {"using":"xpath","value":"//*[@id=\"__tile134\"]"}
RESULT: {"using":"xpath","value":"//*[@id=\"__tile134\"]"}
COMMAND: POST /session/8b9d24fb39cbfc9e79ab89721a1c9e7d/element/f.7652131D378371FA98FE7F43E0E28151.d.B5B8820AEF470B48A36FB219B6FE3243.e.224/click - {}
RESULT: {}
COMMAND: GET /session/8b9d24fb39cbfc9e79ab89721a1c9e7d/screenshot - {}
RESULT: {}
COMMAND: POST /session/8b9d24fb39cbfc9e79ab89721a1c9e7d/elements - {"using":"xpath","value":"//span[text()='Error']"}
RESULT: {"using":"xpath","value":"//span[text()='Error']"}
COMMAND: POST /session/8b9d24fb39cbfc9e79ab89721a1c9e7d/element - {"using":"xpath","value":"//button[@data-kt=\"masterHOAddButton\"]"}
RESULT: {"using":"xpath","value":"//button[@data-kt=\"masterHOAddButton\"]"}
COMMAND: POST /session/8b9d24fb39cbfc9e79ab89721a1c9e7d/elements - {"using":"xpath","value":"//button[@data-kt=\"masterHOAddButton\"]"}
RESULT: {"using":"xpath","value":"//button[@data-kt=\"masterHOAddButton\"]"}
COMMAND: POST /session/8b9d24fb39cbfc9e79ab89721a1c9e7d/elements - {"using":"xpath","value":"//button[@data-kt=\"masterHOAddButton\"]"}
RESULT: {"using":"xpath","value":"//button[@data-kt=\"masterHOAddButton\"]"}
COMMAND: POST /session/8b9d24fb39cbfc9e79ab89721a1c9e7d/element - {"using":"xpath","value":"//button[@data-kt=\"masterHOAddButton\"]"}
RESULT: {"using":"xpath","value":"//button[@data-kt=\"masterHOAddButton\"]"}
COMMAND: POST /session/8b9d24fb39cbfc9e79ab89721a1c9e7d/execute/sync - {"script":"<script> [8489 bytes]","args":[{"element-6066-11e4-a52e-4f735466cecf":"f.7652131D378371FA98FE7F43E0E28151.d.B5B8820AEF470B48A36FB219B6FE3243.e.4159","ELEMENT":"f.7652131D378371FA98FE7F43E0E28151.d.B5B8820AEF470B48A36FB219B6FE3243.e.4159"}]}
RESULT: {"script":"<script> [8489 bytes]","args":[{"element-6066-11e4-a52e-4f735466cecf":"f.7652131D378371FA98FE7F43E0E28151.d.B5B8820AEF470B48A36FB219B6FE3243.e.4159","ELEMENT":"f.7652131D378371FA98FE7F43E0E28151.d.B5B8820AEF470B48A36FB219B6FE3243.e.4159"}]}
COMMAND: GET /session/8b9d24fb39cbfc9e79ab89721a1c9e7d/element/f.7652131D378371FA98FE7F43E0E28151.d.B5B8820AEF470B48A36FB219B6FE3243.e.4159/enabled - {}
COMMAND: GET /session/8b9d24fb39cbfc9e79ab89721a1c9e7d/screenshot - {}
RESULT: {}
COMMAND: POST /session/8b9d24fb39cbfc9e79ab89721a1c9e7d/execute/sync - {"script":"<script> [8489 bytes]","args":[{"element-6066-11e4-a52e-4f735466cecf":"f.7652131D378371FA98FE7F43E0E28151.d.B5B8820AEF470B48A36FB219B6FE3243.e.4159","ELEMENT":"f.7652131D378371FA98FE7F43E0E28151.d.B5B8820AEF470B48A36FB219B6FE3243.e.4159"}]}
COMMAND: GET /session/8b9d24fb39cbfc9e79ab89721a1c9e7d/screenshot - {}
RESULT: {}
RESULT: {"script":"<script> [8489 bytes]","args":[{"element-6066-11e4-a52e-4f735466cecf":"f.7652131D378371FA98FE7F43E0E28151.d.B5B8820AEF470B48A36FB219B6FE3243.e.4159","ELEMENT":"f.7652131D378371FA98FE7F43E0E28151.d.B5B8820AEF470B48A36FB219B6FE3243.e.4159"}]}
COMMAND: POST /session/8b9d24fb39cbfc9e79ab89721a1c9e7d/execute/sync - {"script":"<script> [5351 bytes]","args":[{"element-6066-11e4-a52e-4f735466cecf":"f.7652131D378371FA98FE7F43E0E28151.d.B5B8820AEF470B48A36FB219B6FE3243.e.4159","ELEMENT":"f.7652131D378371FA98FE7F43E0E28151.d.B5B8820AEF470B48A36FB219B6FE3243.e.4159"}]}
COMMAND: GET /session/8b9d24fb39cbfc9e79ab89721a1c9e7d/screenshot - {}
RESULT: {}
RESULT: {"script":"<script> [5351 bytes]","args":[{"element-6066-11e4-a52e-4f735466cecf":"f.7652131D378371FA98FE7F43E0E28151.d.B5B8820AEF470B48A36FB219B6FE3243.e.4159","ELEMENT":"f.7652131D378371FA98FE7F43E0E28151.d.B5B8820AEF470B48A36FB219B6FE3243.e.4159"}]}
COMMAND: POST /session/8b9d24fb39cbfc9e79ab89721a1c9e7d/element/f.7652131D378371FA98FE7F43E0E28151.d.B5B8820AEF470B48A36FB219B6FE3243.e.4159/click - {}
COMMAND: GET /session/8b9d24fb39cbfc9e79ab89721a1c9e7d/screenshot - {}
RESULT: {}
RESULT: {}
COMMAND: GET /session/8b9d24fb39cbfc9e79ab89721a1c9e7d/screenshot - {}
RESULT: {}
RESULT: {}
COMMAND: POST /session/8b9d24fb39cbfc9e79ab89721a1c9e7d/element - {"using":"xpath","value":"//span[contains(@id ,\"AddNewHO--typeSelect-arrow\")]"}
RESULT: {"using":"xpath","value":"//span[contains(@id ,\"AddNewHO--typeSelect-arrow\")]"}
COMMAND: POST /session/8b9d24fb39cbfc9e79ab89721a1c9e7d/element/f.7652131D378371FA98FE7F43E0E28151.d.B5B8820AEF470B48A36FB219B6FE3243.e.4508/click - {}
RESULT: {}
COMMAND: GET /session/8b9d24fb39cbfc9e79ab89721a1c9e7d/screenshot - {}
RESULT: {}
COMMAND: POST /session/8b9d24fb39cbfc9e79ab89721a1c9e7d/element - {"using":"xpath","value":"(//li[contains(text(), \"stock increase yard\")])[1]"}
RESULT: {"using":"xpath","value":"(//li[contains(text(), \"stock increase yard\")])[1]"}
COMMAND: POST /session/8b9d24fb39cbfc9e79ab89721a1c9e7d/element/f.7652131D378371FA98FE7F43E0E28151.d.B5B8820AEF470B48A36FB219B6FE3243.e.4509/click - {}
RESULT: {}
COMMAND: GET /session/8b9d24fb39cbfc9e79ab89721a1c9e7d/screenshot - {}
RESULT: {}
COMMAND: POST /session/8b9d24fb39cbfc9e79ab89721a1c9e7d/execute/async - {"script":"<script> [1562 bytes]","args":[{"selector":{"id":"application-managehandovers-display-component---AddNewHO--dueDate","interaction":{"idSuffix":"inner"}},"wdio_ui5_key":"applicationmanagehandovers-display-component---AddNewHO--dueDate"}]}
RESULT: {"script":"<script> [1562 bytes]","args":[{"selector":{"id":"application-managehandovers-display-component---AddNewHO--dueDate","interaction":{"idSuffix":"inner"}},"wdio_ui5_key":"applicationmanagehandovers-display-component---AddNewHO--dueDate"}]}
RESULT: undefined
COMMAND: POST /session/8b9d24fb39cbfc9e79ab89721a1c9e7d/execute/async - {"script":"<script> [6424 bytes]","args":[{"element-6066-11e4-a52e-4f735466cecf":"f.7652131D378371FA98FE7F43E0E28151.d.B5B8820AEF470B48A36FB219B6FE3243.e.4513"},"setValue",["6/13/25"]]}
RESULT: {"script":"<script> [6424 bytes]","args":[{"element-6066-11e4-a52e-4f735466cecf":"f.7652131D378371FA98FE7F43E0E28151.d.B5B8820AEF470B48A36FB219B6FE3243.e.4513"},"setValue",["6/13/25"]]}
COMMAND: POST /session/8b9d24fb39cbfc9e79ab89721a1c9e7d/element - {"using":"xpath","value":"//input[@id=\"generalSectionFrg--receiveYard-inner\"]"}
RESULT: {"using":"xpath","value":"//input[@id=\"generalSectionFrg--receiveYard-inner\"]"}
COMMAND: POST /session/8b9d24fb39cbfc9e79ab89721a1c9e7d/element/f.7652131D378371FA98FE7F43E0E28151.d.B5B8820AEF470B48A36FB219B6FE3243.e.4519/clear - {}
RESULT: {}
COMMAND: POST /session/8b9d24fb39cbfc9e79ab89721a1c9e7d/element/f.7652131D378371FA98FE7F43E0E28151.d.B5B8820AEF470B48A36FB219B6FE3243.e.4519/value - {"text":"237"}
COMMAND: GET /session/8b9d24fb39cbfc9e79ab89721a1c9e7d/screenshot - {}
RESULT: {"text":"237"}
COMMAND: GET /session/8b9d24fb39cbfc9e79ab89721a1c9e7d/screenshot - {}
RESULT: {}
RESULT: {}
COMMAND: POST /session/8b9d24fb39cbfc9e79ab89721a1c9e7d/element - {"using":"xpath","value":"//li[.//span[contains(normalize-space(.), '237 -')]]"}
RESULT: {"using":"xpath","value":"//li[.//span[contains(normalize-space(.), '237 -')]]"}
COMMAND: POST /session/8b9d24fb39cbfc9e79ab89721a1c9e7d/element/f.7652131D378371FA98FE7F43E0E28151.d.B5B8820AEF470B48A36FB219B6FE3243.e.4535/click - {}
RESULT: {}
COMMAND: GET /session/8b9d24fb39cbfc9e79ab89721a1c9e7d/screenshot - {}
RESULT: {}
COMMAND: POST /session/8b9d24fb39cbfc9e79ab89721a1c9e7d/execute/async - {"script":"<script> [1562 bytes]","args":[{"selector":{"id":"application-managehandovers-display-component---AddNewHO--ObjectPageLayout-anchBar-application-managehandovers-display-component---AddNewHO--section4-anchor","interaction":{"idSuffix":"BDI-content"}},"wdio_ui5_key":"applicationmanagehandovers-display-component---AddNewHO--ObjectPageLayout-anchBar-application-managehandovers-display-component---AddNewHO--section4-anchor"}]}
RESULT: {"script":"<script> [1562 bytes]","args":[{"selector":{"id":"application-managehandovers-display-component---AddNewHO--ObjectPageLayout-anchBar-application-managehandovers-display-component---AddNewHO--section4-anchor","interaction":{"idSuffix":"BDI-content"}},"wdio_ui5_key":"applicationmanagehandovers-display-component---AddNewHO--ObjectPageLayout-anchBar-application-managehandovers-display-component---AddNewHO--section4-anchor"}]}
RESULT: undefined
COMMAND: POST /session/8b9d24fb39cbfc9e79ab89721a1c9e7d/element - {"using":"xpath","value":"//*[@id=\"application-managehandovers-display-component---AddNewHO--ObjectPageLayout-anchBar-application-managehandovers-display-component---AddNewHO--section4-anchor\"]"}
RESULT: {"using":"xpath","value":"//*[@id=\"application-managehandovers-display-component---AddNewHO--ObjectPageLayout-anchBar-application-managehandovers-display-component---AddNewHO--section4-anchor\"]"}
COMMAND: POST /session/8b9d24fb39cbfc9e79ab89721a1c9e7d/element/f.7652131D378371FA98FE7F43E0E28151.d.B5B8820AEF470B48A36FB219B6FE3243.e.4537/click - {}
RESULT: {}
COMMAND: GET /session/8b9d24fb39cbfc9e79ab89721a1c9e7d/screenshot - {}
RESULT: {}
COMMAND: POST /session/8b9d24fb39cbfc9e79ab89721a1c9e7d/element - {"using":"xpath","value":"//button[@aria-label=\"Add\"]"}
RESULT: {"using":"xpath","value":"//button[@aria-label=\"Add\"]"}
COMMAND: POST /session/8b9d24fb39cbfc9e79ab89721a1c9e7d/element/f.7652131D378371FA98FE7F43E0E28151.d.B5B8820AEF470B48A36FB219B6FE3243.e.4541/click - {}
RESULT: {}
COMMAND: GET /session/8b9d24fb39cbfc9e79ab89721a1c9e7d/screenshot - {}
RESULT: {}
COMMAND: POST /session/8b9d24fb39cbfc9e79ab89721a1c9e7d/execute/async - {"script":"<script> [1562 bytes]","args":[{"selector":{"id":"application-managehandovers-display-component---AddNewHO--smartFilterBar-btnBasicSearch","searchOpenDialogs":true,"interaction":{"idSuffix":"I"}},"wdio_ui5_key":"applicationmanagehandovers-display-component---AddNewHO--smartFilterBar-btnBasicSearch"}]}
RESULT: {"script":"<script> [1562 bytes]","args":[{"selector":{"id":"application-managehandovers-display-component---AddNewHO--smartFilterBar-btnBasicSearch","searchOpenDialogs":true,"interaction":{"idSuffix":"I"}},"wdio_ui5_key":"applicationmanagehandovers-display-component---AddNewHO--smartFilterBar-btnBasicSearch"}]}
RESULT: undefined
COMMAND: POST /session/8b9d24fb39cbfc9e79ab89721a1c9e7d/execute/async - {"script":"<script> [776 bytes]","args":[{"enterText":"200113","selector":{"id":"application-managehandovers-display-component---AddNewHO--smartFilterBar-btnBasicSearch","searchOpenDialogs":true,"interaction":{"idSuffix":"I"}},"clearTextFirst":true,"interactionType":"ENTER_TEXT"}]}
RESULT: {"script":"<script> [776 bytes]","args":[{"enterText":"200113","selector":{"id":"application-managehandovers-display-component---AddNewHO--smartFilterBar-btnBasicSearch","searchOpenDialogs":true,"interaction":{"idSuffix":"I"}},"clearTextFirst":true,"interactionType":"ENTER_TEXT"}]}
COMMAND: POST /session/8b9d24fb39cbfc9e79ab89721a1c9e7d/actions - {"actions":[{"id":"action16","type":"key","parameters":{},"actions":[{"type":"keyDown","value":""},{"type":"pause","duration":10},{"type":"keyUp","value":""}]}]}
RESULT: {"actions":[{"id":"action16","type":"key","parameters":{},"actions":[{"type":"keyDown","value":""},{"type":"pause","duration":10},{"type":"keyUp","value":""}]}]}
COMMAND: GET /session/8b9d24fb39cbfc9e79ab89721a1c9e7d/screenshot - {}
RESULT: {}
COMMAND: POST /session/8b9d24fb39cbfc9e79ab89721a1c9e7d/execute/async - {"script":"<script> [1562 bytes]","args":[{"selector":{"id":"application-managehandovers-display-component---AddNewHO--popup-sa","searchOpenDialogs":true,"interaction":{"idSuffix":"CbBg"}},"wdio_ui5_key":"applicationmanagehandovers-display-component---AddNewHO--popup-sa"}]}
RESULT: {"script":"<script> [1562 bytes]","args":[{"selector":{"id":"application-managehandovers-display-component---AddNewHO--popup-sa","searchOpenDialogs":true,"interaction":{"idSuffix":"CbBg"}},"wdio_ui5_key":"applicationmanagehandovers-display-component---AddNewHO--popup-sa"}]}
RESULT: undefined
COMMAND: POST /session/8b9d24fb39cbfc9e79ab89721a1c9e7d/element - {"using":"xpath","value":"//*[@id=\"application-managehandovers-display-component---AddNewHO--popup-sa\"]"}
RESULT: {"using":"xpath","value":"//*[@id=\"application-managehandovers-display-component---AddNewHO--popup-sa\"]"}
COMMAND: POST /session/8b9d24fb39cbfc9e79ab89721a1c9e7d/element/f.7652131D378371FA98FE7F43E0E28151.d.B5B8820AEF470B48A36FB219B6FE3243.e.4693/click - {}
RESULT: {}
COMMAND: GET /session/8b9d24fb39cbfc9e79ab89721a1c9e7d/screenshot - {}
RESULT: {}
COMMAND: POST /session/8b9d24fb39cbfc9e79ab89721a1c9e7d/element - {"using":"xpath","value":"//bdi[contains(text(), \"Select\")]"}
RESULT: {"using":"xpath","value":"//bdi[contains(text(), \"Select\")]"}
COMMAND: POST /session/8b9d24fb39cbfc9e79ab89721a1c9e7d/element/f.7652131D378371FA98FE7F43E0E28151.d.B5B8820AEF470B48A36FB219B6FE3243.e.4694/click - {}
RESULT: {}
COMMAND: GET /session/8b9d24fb39cbfc9e79ab89721a1c9e7d/screenshot - {}
RESULT: {}
COMMAND: POST /session/8b9d24fb39cbfc9e79ab89721a1c9e7d/element - {"using":"xpath","value":"//button[@data-kt=\"AddNewHOSaveButton\"]"}
RESULT: {"using":"xpath","value":"//button[@data-kt=\"AddNewHOSaveButton\"]"}
COMMAND: POST /session/8b9d24fb39cbfc9e79ab89721a1c9e7d/element/f.7652131D378371FA98FE7F43E0E28151.d.B5B8820AEF470B48A36FB219B6FE3243.e.4698/click - {}
RESULT: {}
COMMAND: GET /session/8b9d24fb39cbfc9e79ab89721a1c9e7d/screenshot - {}
RESULT: {}
COMMAND: POST /session/8b9d24fb39cbfc9e79ab89721a1c9e7d/execute/async - {"script":"<script> [1562 bytes]","args":[{"selector":{"id":"receiptDatePicker","viewName":"etm.portal.ui.managehandovers.view.DetailExecuteHO","interaction":{"idSuffix":"inner"}},"wdio_ui5_key":"receiptDatePickeretmportal.ui.managehandovers.view.DetailExecuteHO"}]}
RESULT: {"script":"<script> [1562 bytes]","args":[{"selector":{"id":"receiptDatePicker","viewName":"etm.portal.ui.managehandovers.view.DetailExecuteHO","interaction":{"idSuffix":"inner"}},"wdio_ui5_key":"receiptDatePickeretmportal.ui.managehandovers.view.DetailExecuteHO"}]}
RESULT: undefined
COMMAND: POST /session/8b9d24fb39cbfc9e79ab89721a1c9e7d/execute/async - {"script":"<script> [6424 bytes]","args":[{"element-6066-11e4-a52e-4f735466cecf":"f.7652131D378371FA98FE7F43E0E28151.d.B5B8820AEF470B48A36FB219B6FE3243.e.4729"},"setValue",["6/13/25"]]}
RESULT: {"script":"<script> [6424 bytes]","args":[{"element-6066-11e4-a52e-4f735466cecf":"f.7652131D378371FA98FE7F43E0E28151.d.B5B8820AEF470B48A36FB219B6FE3243.e.4729"},"setValue",["6/13/25"]]}
COMMAND: POST /session/8b9d24fb39cbfc9e79ab89721a1c9e7d/element - {"using":"xpath","value":"//button[@data-kt=\"ReceivingTableConfirmAllButton\"]"}
RESULT: {"using":"xpath","value":"//button[@data-kt=\"ReceivingTableConfirmAllButton\"]"}
COMMAND: POST /session/8b9d24fb39cbfc9e79ab89721a1c9e7d/element/f.7652131D378371FA98FE7F43E0E28151.d.B5B8820AEF470B48A36FB219B6FE3243.e.4745/click - {}
RESULT: {}
COMMAND: GET /session/8b9d24fb39cbfc9e79ab89721a1c9e7d/screenshot - {}
RESULT: {}
COMMAND: POST /session/8b9d24fb39cbfc9e79ab89721a1c9e7d/element - {"using":"xpath","value":"//bdi[contains(text(), \"OK\")]"}
RESULT: {"using":"xpath","value":"//bdi[contains(text(), \"OK\")]"}
COMMAND: POST /session/8b9d24fb39cbfc9e79ab89721a1c9e7d/element/f.7652131D378371FA98FE7F43E0E28151.d.B5B8820AEF470B48A36FB219B6FE3243.e.4747/click - {}
RESULT: {}
COMMAND: GET /session/8b9d24fb39cbfc9e79ab89721a1c9e7d/screenshot - {}
RESULT: {}
COMMAND: POST /session/8b9d24fb39cbfc9e79ab89721a1c9e7d/element - {"using":"xpath","value":"(//bdi[contains(text(), \"Receive\")])[2]"}
RESULT: {"using":"xpath","value":"(//bdi[contains(text(), \"Receive\")])[2]"}
COMMAND: POST /session/8b9d24fb39cbfc9e79ab89721a1c9e7d/element/f.7652131D378371FA98FE7F43E0E28151.d.B5B8820AEF470B48A36FB219B6FE3243.e.4749/click - {}
RESULT: {}
COMMAND: GET /session/8b9d24fb39cbfc9e79ab89721a1c9e7d/screenshot - {}
RESULT: {}
COMMAND: POST /session/8b9d24fb39cbfc9e79ab89721a1c9e7d/element - {"using":"css selector","value":"#shell-header-logo"}
RESULT: {"using":"css selector","value":"#shell-header-logo"}
COMMAND: POST /session/8b9d24fb39cbfc9e79ab89721a1c9e7d/element/f.7652131D378371FA98FE7F43E0E28151.d.B5B8820AEF470B48A36FB219B6FE3243.e.4131/click - {}
RESULT: {}
COMMAND: GET /session/8b9d24fb39cbfc9e79ab89721a1c9e7d/screenshot - {}
RESULT: {}
COMMAND: POST /session/8b9d24fb39cbfc9e79ab89721a1c9e7d/element - {"using":"css selector","value":"#j_username"}
COMMAND: POST /session/8b9d24fb39cbfc9e79ab89721a1c9e7d/url - {"url":"https://qa-testing-00-live-etm-ui.cfapps.eu10-004.hana.ondemand.com/"}
RESULT: {"using":"css selector","value":"#j_username"}
COMMAND: POST /session/8b9d24fb39cbfc9e79ab89721a1c9e7d/element - {"using":"css selector","value":"#j_username"}
RESULT: {"url":"https://qa-testing-00-live-etm-ui.cfapps.eu10-004.hana.ondemand.com/"}
RESULT: undefined
COMMAND: GET /session/8b9d24fb39cbfc9e79ab89721a1c9e7d/screenshot - {}
RESULT: {"using":"css selector","value":"#j_username"}
COMMAND: POST /session/8b9d24fb39cbfc9e79ab89721a1c9e7d/element - {"using":"css selector","value":"#shell-header-logo"}
RESULT: {}
RESULT: {"using":"css selector","value":"#shell-header-logo"}
COMMAND: POST /session/8b9d24fb39cbfc9e79ab89721a1c9e7d/execute/sync - {"script":"<script> [8489 bytes]","args":[{"element-6066-11e4-a52e-4f735466cecf":"f.7652131D378371FA98FE7F43E0E28151.d.4E0DD322FEAC04F6AF7C491023FD6A66.e.4928","ELEMENT":"f.7652131D378371FA98FE7F43E0E28151.d.4E0DD322FEAC04F6AF7C491023FD6A66.e.4928"}]}
RESULT: {"script":"<script> [8489 bytes]","args":[{"element-6066-11e4-a52e-4f735466cecf":"f.7652131D378371FA98FE7F43E0E28151.d.4E0DD322FEAC04F6AF7C491023FD6A66.e.4928","ELEMENT":"f.7652131D378371FA98FE7F43E0E28151.d.4E0DD322FEAC04F6AF7C491023FD6A66.e.4928"}]}
COMMAND: POST /session/8b9d24fb39cbfc9e79ab89721a1c9e7d/element - {"using":"css selector","value":"#shell-header-logo"}
COMMAND: GET /session/8b9d24fb39cbfc9e79ab89721a1c9e7d/screenshot - {}
RESULT: {"using":"css selector","value":"#shell-header-logo"}
COMMAND: POST /session/8b9d24fb39cbfc9e79ab89721a1c9e7d/execute/sync - {"script":"<script> [8489 bytes]","args":[{"element-6066-11e4-a52e-4f735466cecf":"f.7652131D378371FA98FE7F43E0E28151.d.4E0DD322FEAC04F6AF7C491023FD6A66.e.4928","ELEMENT":"f.7652131D378371FA98FE7F43E0E28151.d.4E0DD322FEAC04F6AF7C491023FD6A66.e.4928"}]}
RESULT: {}
RESULT: {"script":"<script> [8489 bytes]","args":[{"element-6066-11e4-a52e-4f735466cecf":"f.7652131D378371FA98FE7F43E0E28151.d.4E0DD322FEAC04F6AF7C491023FD6A66.e.4928","ELEMENT":"f.7652131D378371FA98FE7F43E0E28151.d.4E0DD322FEAC04F6AF7C491023FD6A66.e.4928"}]}
COMMAND: POST /session/8b9d24fb39cbfc9e79ab89721a1c9e7d/execute/sync - {"script":"<script> [5351 bytes]","args":[{"element-6066-11e4-a52e-4f735466cecf":"f.7652131D378371FA98FE7F43E0E28151.d.4E0DD322FEAC04F6AF7C491023FD6A66.e.4928","ELEMENT":"f.7652131D378371FA98FE7F43E0E28151.d.4E0DD322FEAC04F6AF7C491023FD6A66.e.4928"}]}
COMMAND: GET /session/8b9d24fb39cbfc9e79ab89721a1c9e7d/screenshot - {}
RESULT: {"script":"<script> [5351 bytes]","args":[{"element-6066-11e4-a52e-4f735466cecf":"f.7652131D378371FA98FE7F43E0E28151.d.4E0DD322FEAC04F6AF7C491023FD6A66.e.4928","ELEMENT":"f.7652131D378371FA98FE7F43E0E28151.d.4E0DD322FEAC04F6AF7C491023FD6A66.e.4928"}]}
COMMAND: POST /session/8b9d24fb39cbfc9e79ab89721a1c9e7d/element - {"using":"css selector","value":"#shell-header-logo"}
COMMAND: GET /session/8b9d24fb39cbfc9e79ab89721a1c9e7d/screenshot - {}
RESULT: {}
RESULT: {"using":"css selector","value":"#shell-header-logo"}
COMMAND: POST /session/8b9d24fb39cbfc9e79ab89721a1c9e7d/element/f.7652131D378371FA98FE7F43E0E28151.d.4E0DD322FEAC04F6AF7C491023FD6A66.e.4928/click - {}
RESULT: {}
RESULT: {}
COMMAND: GET /session/8b9d24fb39cbfc9e79ab89721a1c9e7d/screenshot - {}
RESULT: {}
COMMAND: POST /session/8b9d24fb39cbfc9e79ab89721a1c9e7d/execute/async - {"script":"<script> [189 bytes]","args":[]}
RESULT: {"script":"<script> [189 bytes]","args":[]}
COMMAND: POST /session/8b9d24fb39cbfc9e79ab89721a1c9e7d/execute/async - {"script":"<script> [123 bytes]","args":[]}
RESULT: {"script":"<script> [123 bytes]","args":[]}
COMMAND: POST /session/8b9d24fb39cbfc9e79ab89721a1c9e7d/timeouts - {"script":"<number>"}
RESULT: {"script":"<number>"}
COMMAND: GET /session/8b9d24fb39cbfc9e79ab89721a1c9e7d/timeouts - {}
RESULT: {}
RESULT: undefined
COMMAND: POST /session/8b9d24fb39cbfc9e79ab89721a1c9e7d/execute/async - {"script":"<script> [2676 bytes]","args":[]}
RESULT: {"script":"<script> [2676 bytes]","args":[]}
COMMAND: POST /session/8b9d24fb39cbfc9e79ab89721a1c9e7d/execute/async - {"script":"<script> [2342 bytes]","args":[{"protocol":"http","hostname":"0.0.0.0","path":"/","capabilities":{"browserName":"chrome","goog:chromeOptions":{"binary":"C:\\Program Files\\Google\\Chrome\\Application\\chrome.exe","args":["--start-maximized"]}},"logLevel":"warn","connectionRetryTimeout":120000,"connectionRetryCount":3,"logLevels":{},"enableDirectConnect":true,"strictSSL":true,"_":"65 more keys: [\"cacheDir\",\"port\",\"requestedCapabilities\",\"automationProtocol\",\"baseUrl\",\"waitforInterval\",\"waitforTimeout\",\"onReload\",\"beforeCommand\",\"afterCommand\",\"rootDir\",\"specs\",\"suites\",\"exclude\",\"groupLogsByTestSpec\",\"excludeDriverLogs\",\"bail\",\"framework\",\"reporters\",\"services\",\"maxInstances\",\"maxInstancesPerCapability\",\"injectGlobals\",\"filesToWatch\",\"execArgv\",\"runnerEnv\",\"runner\",\"shard\",\"specFileRetries\",\"specFileRetriesDelay\",\"specFileRetriesDeferred\",\"reporterSyncInterval\",\"reporterSyncTimeout\",\"cucumberFeaturesWithLineNumbers\",\"autoCompileOpts\",\"mochaOpts\",\"jasmineOpts\",\"cucumberOpts\",\"onPrepare\",\"onWorkerStart\",\"onWorkerEnd\",\"before\",\"beforeSession\",\"beforeSuite\",\"beforeHook\",\"beforeTest\",\"afterTest\",\"afterHook\",\"afterSuite\",\"afterSession\",\"after\",\"onComplete\",\"beforeAssertion\",\"afterAssertion\",\"beforeFeature\",\"beforeScenario\",\"beforeStep\",\"afterStep\",\"afterScenario\",\"afterFeature\",\"_\",\"suite\",\"$0\",\"ignoredWorkerServices\",\"wdi5\"]"}]}
RESULT: {"script":"<script> [2342 bytes]","args":[{"protocol":"http","hostname":"0.0.0.0","path":"/","capabilities":{"browserName":"chrome","goog:chromeOptions":{"binary":"C:\\Program Files\\Google\\Chrome\\Application\\chrome.exe","args":["--start-maximized"]}},"logLevel":"warn","connectionRetryTimeout":120000,"connectionRetryCount":3,"logLevels":{},"enableDirectConnect":true,"strictSSL":true,"_":"65 more keys: [\"cacheDir\",\"port\",\"requestedCapabilities\",\"automationProtocol\",\"baseUrl\",\"waitforInterval\",\"waitforTimeout\",\"onReload\",\"beforeCommand\",\"afterCommand\",\"rootDir\",\"specs\",\"suites\",\"exclude\",\"groupLogsByTestSpec\",\"excludeDriverLogs\",\"bail\",\"framework\",\"reporters\",\"services\",\"maxInstances\",\"maxInstancesPerCapability\",\"injectGlobals\",\"filesToWatch\",\"execArgv\",\"runnerEnv\",\"runner\",\"shard\",\"specFileRetries\",\"specFileRetriesDelay\",\"specFileRetriesDeferred\",\"reporterSyncInterval\",\"reporterSyncTimeout\",\"cucumberFeaturesWithLineNumbers\",\"autoCompileOpts\",\"mochaOpts\",\"jasmineOpts\",\"cucumberOpts\",\"onPrepare\",\"onWorkerStart\",\"onWorkerEnd\",\"before\",\"beforeSession\",\"beforeSuite\",\"beforeHook\",\"beforeTest\",\"afterTest\",\"afterHook\",\"afterSuite\",\"afterSession\",\"after\",\"onComplete\",\"beforeAssertion\",\"afterAssertion\",\"beforeFeature\",\"beforeScenario\",\"beforeStep\",\"afterStep\",\"afterScenario\",\"afterFeature\",\"_\",\"suite\",\"$0\",\"ignoredWorkerServices\",\"wdi5\"]"}]}
COMMAND: POST /session/8b9d24fb39cbfc9e79ab89721a1c9e7d/execute/async - {"script":"<script> [21126 bytes]","args":[35000]}
RESULT: {"script":"<script> [21126 bytes]","args":[35000]}
COMMAND: POST /session/8b9d24fb39cbfc9e79ab89721a1c9e7d/window/maximize - {}
RESULT: {}
COMMAND: POST /session/8b9d24fb39cbfc9e79ab89721a1c9e7d/execute/async - {"script":"<script> [1562 bytes]","args":[{"selector":{"id":"shell-header","interaction":{"idSuffix":"icon"}},"wdio_ui5_key":"shellheader"}]}
COMMAND: GET /session/8b9d24fb39cbfc9e79ab89721a1c9e7d/screenshot - {}
RESULT: undefined
RESULT: {"script":"<script> [1562 bytes]","args":[{"selector":{"id":"shell-header","interaction":{"idSuffix":"icon"}},"wdio_ui5_key":"shellheader"}]}
RESULT: undefined
COMMAND: POST /session/8b9d24fb39cbfc9e79ab89721a1c9e7d/window/fullscreen - {}
RESULT: {}
RESULT: {}
]]></system-out>
    </testcase>
  </testsuite>
  <testsuite timestamp="2025-06-13T16:30:56" time="142.449" tests="6" failures="0" errors="0" skipped="0">
    <properties>
      <property name="specId" value="0"/>
      <property name="suiteName" value="Provide to Site w/ warehouse management w/ clarification US115878"/>
      <property name="capabilities" value="chrome.137_0_7151_69.windows"/>
      <property name="file" value="file:///D:/a/1/s/test/specs/HTR/provide-to-site-w-warehouse-w-clarification.spec.js"/>
    </properties>
    <testcase classname="chrome.137_0_7151_69.windows.Provide_to_Site_w/_warehouse_management_w/_clarification_US115878" name="Should create a new WHM yard" time="0.061">
      <system-out><![CDATA[
COMMAND: POST /session/8b9d24fb39cbfc9e79ab89721a1c9e7d/window/fullscreen - {}
RESULT: {}
]]></system-out>
    </testcase>
    <testcase classname="chrome.137_0_7151_69.windows.Provide_to_Site_w/_warehouse_management_w/_clarification_US115878" name="Should create a new external WHM partner" time="0.003"/>
    <testcase classname="chrome.137_0_7151_69.windows.Provide_to_Site_w/_warehouse_management_w/_clarification_US115878" name="Should create a new WHM site" time="0.004"/>
    <testcase classname="chrome.137_0_7151_69.windows.Provide_to_Site_w/_warehouse_management_w/_clarification_US115878" name="Should create a new material" time="127.906">
      <system-out><![CDATA[
COMMAND: POST /session/8b9d24fb39cbfc9e79ab89721a1c9e7d/execute/async - {"script":"<script> [1562 bytes]","args":[{"selector":{"controlType":"sap.m.GenericTile","properties":{"header":"Manage Resources"}},"wdio_ui5_key":"sapm.GenericTile{\"header\":\"Manage Resources\"}"}]}
RESULT: {"script":"<script> [1562 bytes]","args":[{"selector":{"controlType":"sap.m.GenericTile","properties":{"header":"Manage Resources"}},"wdio_ui5_key":"sapm.GenericTile{\"header\":\"Manage Resources\"}"}]}
RESULT: undefined
COMMAND: POST /session/8b9d24fb39cbfc9e79ab89721a1c9e7d/element - {"using":"xpath","value":"//*[@id=\"__tile32\"]"}
RESULT: {"using":"xpath","value":"//*[@id=\"__tile32\"]"}
COMMAND: POST /session/8b9d24fb39cbfc9e79ab89721a1c9e7d/element/f.7652131D378371FA98FE7F43E0E28151.d.4E0DD322FEAC04F6AF7C491023FD6A66.e.4950/click - {}
RESULT: {}
COMMAND: GET /session/8b9d24fb39cbfc9e79ab89721a1c9e7d/screenshot - {}
RESULT: {}
COMMAND: POST /session/8b9d24fb39cbfc9e79ab89721a1c9e7d/elements - {"using":"xpath","value":"//span[text()='Error']"}
RESULT: {"using":"xpath","value":"//span[text()='Error']"}
COMMAND: POST /session/8b9d24fb39cbfc9e79ab89721a1c9e7d/element - {"using":"xpath","value":"//button[@data-kt=\"addNewRUOverflowToolbarButton\"]"}
RESULT: {"using":"xpath","value":"//button[@data-kt=\"addNewRUOverflowToolbarButton\"]"}
COMMAND: POST /session/8b9d24fb39cbfc9e79ab89721a1c9e7d/elements - {"using":"xpath","value":"//button[@data-kt=\"addNewRUOverflowToolbarButton\"]"}
RESULT: {"using":"xpath","value":"//button[@data-kt=\"addNewRUOverflowToolbarButton\"]"}
COMMAND: POST /session/8b9d24fb39cbfc9e79ab89721a1c9e7d/execute/sync - {"script":"<script> [8489 bytes]","args":[{"element-6066-11e4-a52e-4f735466cecf":"f.7652131D378371FA98FE7F43E0E28151.d.4E0DD322FEAC04F6AF7C491023FD6A66.e.5083","ELEMENT":"f.7652131D378371FA98FE7F43E0E28151.d.4E0DD322FEAC04F6AF7C491023FD6A66.e.5083"}]}
RESULT: {"script":"<script> [8489 bytes]","args":[{"element-6066-11e4-a52e-4f735466cecf":"f.7652131D378371FA98FE7F43E0E28151.d.4E0DD322FEAC04F6AF7C491023FD6A66.e.5083","ELEMENT":"f.7652131D378371FA98FE7F43E0E28151.d.4E0DD322FEAC04F6AF7C491023FD6A66.e.5083"}]}
COMMAND: GET /session/8b9d24fb39cbfc9e79ab89721a1c9e7d/element/f.7652131D378371FA98FE7F43E0E28151.d.4E0DD322FEAC04F6AF7C491023FD6A66.e.5083/enabled - {}
COMMAND: GET /session/8b9d24fb39cbfc9e79ab89721a1c9e7d/screenshot - {}
RESULT: {}
COMMAND: POST /session/8b9d24fb39cbfc9e79ab89721a1c9e7d/execute/sync - {"script":"<script> [8489 bytes]","args":[{"element-6066-11e4-a52e-4f735466cecf":"f.7652131D378371FA98FE7F43E0E28151.d.4E0DD322FEAC04F6AF7C491023FD6A66.e.5083","ELEMENT":"f.7652131D378371FA98FE7F43E0E28151.d.4E0DD322FEAC04F6AF7C491023FD6A66.e.5083"}]}
COMMAND: GET /session/8b9d24fb39cbfc9e79ab89721a1c9e7d/screenshot - {}
RESULT: {}
RESULT: {"script":"<script> [8489 bytes]","args":[{"element-6066-11e4-a52e-4f735466cecf":"f.7652131D378371FA98FE7F43E0E28151.d.4E0DD322FEAC04F6AF7C491023FD6A66.e.5083","ELEMENT":"f.7652131D378371FA98FE7F43E0E28151.d.4E0DD322FEAC04F6AF7C491023FD6A66.e.5083"}]}
COMMAND: POST /session/8b9d24fb39cbfc9e79ab89721a1c9e7d/execute/sync - {"script":"<script> [5351 bytes]","args":[{"element-6066-11e4-a52e-4f735466cecf":"f.7652131D378371FA98FE7F43E0E28151.d.4E0DD322FEAC04F6AF7C491023FD6A66.e.5083","ELEMENT":"f.7652131D378371FA98FE7F43E0E28151.d.4E0DD322FEAC04F6AF7C491023FD6A66.e.5083"}]}
RESULT: {}
COMMAND: GET /session/8b9d24fb39cbfc9e79ab89721a1c9e7d/screenshot - {}
RESULT: {"script":"<script> [5351 bytes]","args":[{"element-6066-11e4-a52e-4f735466cecf":"f.7652131D378371FA98FE7F43E0E28151.d.4E0DD322FEAC04F6AF7C491023FD6A66.e.5083","ELEMENT":"f.7652131D378371FA98FE7F43E0E28151.d.4E0DD322FEAC04F6AF7C491023FD6A66.e.5083"}]}
COMMAND: POST /session/8b9d24fb39cbfc9e79ab89721a1c9e7d/element/f.7652131D378371FA98FE7F43E0E28151.d.4E0DD322FEAC04F6AF7C491023FD6A66.e.5083/click - {}
COMMAND: GET /session/8b9d24fb39cbfc9e79ab89721a1c9e7d/screenshot - {}
RESULT: {}
RESULT: {}
COMMAND: GET /session/8b9d24fb39cbfc9e79ab89721a1c9e7d/screenshot - {}
RESULT: {}
COMMAND: POST /session/8b9d24fb39cbfc9e79ab89721a1c9e7d/execute/async - {"script":"<script> [1562 bytes]","args":[{"selector":{"id":"application-manageresources-display-component---newResourceUnit--TYPE-arrow"},"wdio_ui5_key":"applicationmanageresources-display-component---newResourceUnit--TYPE-arrow"}]}
RESULT: {}
RESULT: {"script":"<script> [1562 bytes]","args":[{"selector":{"id":"application-manageresources-display-component---newResourceUnit--TYPE-arrow"},"wdio_ui5_key":"applicationmanageresources-display-component---newResourceUnit--TYPE-arrow"}]}
RESULT: undefined
COMMAND: POST /session/8b9d24fb39cbfc9e79ab89721a1c9e7d/element - {"using":"xpath","value":"//*[@id=\"application-manageresources-display-component---newResourceUnit--TYPE-arrow\"]"}
RESULT: {"using":"xpath","value":"//*[@id=\"application-manageresources-display-component---newResourceUnit--TYPE-arrow\"]"}
COMMAND: POST /session/8b9d24fb39cbfc9e79ab89721a1c9e7d/element/f.7652131D378371FA98FE7F43E0E28151.d.4E0DD322FEAC04F6AF7C491023FD6A66.e.5441/click - {}
RESULT: {}
COMMAND: POST /session/8b9d24fb39cbfc9e79ab89721a1c9e7d/element - {"using":"xpath","value":"//input[@id=\"application-manageresources-display-component---newResourceUnit--TYPE-inner\"]"}
COMMAND: GET /session/8b9d24fb39cbfc9e79ab89721a1c9e7d/screenshot - {}
RESULT: {"using":"xpath","value":"//input[@id=\"application-manageresources-display-component---newResourceUnit--TYPE-inner\"]"}
COMMAND: POST /session/8b9d24fb39cbfc9e79ab89721a1c9e7d/element/f.7652131D378371FA98FE7F43E0E28151.d.4E0DD322FEAC04F6AF7C491023FD6A66.e.5437/clear - {}
RESULT: {}
RESULT: {}
COMMAND: POST /session/8b9d24fb39cbfc9e79ab89721a1c9e7d/element/f.7652131D378371FA98FE7F43E0E28151.d.4E0DD322FEAC04F6AF7C491023FD6A66.e.5437/value - {"text":"Material"}
COMMAND: GET /session/8b9d24fb39cbfc9e79ab89721a1c9e7d/screenshot - {}
RESULT: {"text":"Material"}
COMMAND: GET /session/8b9d24fb39cbfc9e79ab89721a1c9e7d/screenshot - {}
RESULT: {}
RESULT: {}
COMMAND: POST /session/8b9d24fb39cbfc9e79ab89721a1c9e7d/actions - {"actions":[{"id":"action17","type":"key","parameters":{},"actions":[{"type":"keyDown","value":""},{"type":"pause","duration":10},{"type":"keyUp","value":""}]}]}
RESULT: {"actions":[{"id":"action17","type":"key","parameters":{},"actions":[{"type":"keyDown","value":""},{"type":"pause","duration":10},{"type":"keyUp","value":""}]}]}
COMMAND: POST /session/8b9d24fb39cbfc9e79ab89721a1c9e7d/execute/async - {"script":"<script> [1562 bytes]","args":[{"selector":{"id":"application-manageresources-display-component---newResourceUnit--SHORT_TEXT","interaction":{"idSuffix":"inner"}},"wdio_ui5_key":"applicationmanageresources-display-component---newResourceUnit--SHORT_TEXT"}]}
COMMAND: GET /session/8b9d24fb39cbfc9e79ab89721a1c9e7d/screenshot - {}
RESULT: undefined
RESULT: undefined
RESULT: {"script":"<script> [1562 bytes]","args":[{"selector":{"id":"application-manageresources-display-component---newResourceUnit--SHORT_TEXT","interaction":{"idSuffix":"inner"}},"wdio_ui5_key":"applicationmanageresources-display-component---newResourceUnit--SHORT_TEXT"}]}
RESULT: undefined
COMMAND: POST /session/8b9d24fb39cbfc9e79ab89721a1c9e7d/execute/async - {"script":"<script> [776 bytes]","args":[{"enterText":"Cement WDIO","selector":{"id":"application-manageresources-display-component---newResourceUnit--SHORT_TEXT","interaction":{"idSuffix":"inner"}},"clearTextFirst":true,"interactionType":"ENTER_TEXT"}]}
RESULT: {}
RESULT: {"script":"<script> [776 bytes]","args":[{"enterText":"Cement WDIO","selector":{"id":"application-manageresources-display-component---newResourceUnit--SHORT_TEXT","interaction":{"idSuffix":"inner"}},"clearTextFirst":true,"interactionType":"ENTER_TEXT"}]}
COMMAND: POST /session/8b9d24fb39cbfc9e79ab89721a1c9e7d/execute/async - {"script":"<script> [1562 bytes]","args":[{"selector":{"id":"application-manageresources-display-component---newResourceUnit--BASE_UNIT_OF_MEASURE","interaction":{"idSuffix":"inner"}},"wdio_ui5_key":"applicationmanageresources-display-component---newResourceUnit--BASE_UNIT_OF_MEASURE"}]}
RESULT: {"script":"<script> [1562 bytes]","args":[{"selector":{"id":"application-manageresources-display-component---newResourceUnit--BASE_UNIT_OF_MEASURE","interaction":{"idSuffix":"inner"}},"wdio_ui5_key":"applicationmanageresources-display-component---newResourceUnit--BASE_UNIT_OF_MEASURE"}]}
RESULT: undefined
COMMAND: POST /session/8b9d24fb39cbfc9e79ab89721a1c9e7d/execute/async - {"script":"<script> [776 bytes]","args":[{"enterText":"Piece","selector":{"id":"application-manageresources-display-component---newResourceUnit--BASE_UNIT_OF_MEASURE","interaction":{"idSuffix":"inner"}},"clearTextFirst":true,"interactionType":"ENTER_TEXT"}]}
RESULT: {"script":"<script> [776 bytes]","args":[{"enterText":"Piece","selector":{"id":"application-manageresources-display-component---newResourceUnit--BASE_UNIT_OF_MEASURE","interaction":{"idSuffix":"inner"}},"clearTextFirst":true,"interactionType":"ENTER_TEXT"}]}
COMMAND: POST /session/8b9d24fb39cbfc9e79ab89721a1c9e7d/execute/async - {"script":"<script> [1562 bytes]","args":[{"selector":{"id":"application-manageresources-display-component---newResourceUnit--WEIGHT_UNIT","interaction":{"idSuffix":"inner"}},"wdio_ui5_key":"applicationmanageresources-display-component---newResourceUnit--WEIGHT_UNIT"}]}
RESULT: {"script":"<script> [1562 bytes]","args":[{"selector":{"id":"application-manageresources-display-component---newResourceUnit--WEIGHT_UNIT","interaction":{"idSuffix":"inner"}},"wdio_ui5_key":"applicationmanageresources-display-component---newResourceUnit--WEIGHT_UNIT"}]}
RESULT: undefined
COMMAND: POST /session/8b9d24fb39cbfc9e79ab89721a1c9e7d/execute/async - {"script":"<script> [776 bytes]","args":[{"enterText":"Gram","selector":{"id":"application-manageresources-display-component---newResourceUnit--WEIGHT_UNIT","interaction":{"idSuffix":"inner"}},"clearTextFirst":true,"interactionType":"ENTER_TEXT"}]}
RESULT: {"script":"<script> [776 bytes]","args":[{"enterText":"Gram","selector":{"id":"application-manageresources-display-component---newResourceUnit--WEIGHT_UNIT","interaction":{"idSuffix":"inner"}},"clearTextFirst":true,"interactionType":"ENTER_TEXT"}]}
COMMAND: POST /session/8b9d24fb39cbfc9e79ab89721a1c9e7d/execute/async - {"script":"<script> [1562 bytes]","args":[{"selector":{"id":"application-manageresources-display-component---newResourceUnit--DIMENSION_UNIT","interaction":{"idSuffix":"inner"}},"wdio_ui5_key":"applicationmanageresources-display-component---newResourceUnit--DIMENSION_UNIT"}]}
RESULT: {"script":"<script> [1562 bytes]","args":[{"selector":{"id":"application-manageresources-display-component---newResourceUnit--DIMENSION_UNIT","interaction":{"idSuffix":"inner"}},"wdio_ui5_key":"applicationmanageresources-display-component---newResourceUnit--DIMENSION_UNIT"}]}
RESULT: undefined
COMMAND: POST /session/8b9d24fb39cbfc9e79ab89721a1c9e7d/execute/async - {"script":"<script> [776 bytes]","args":[{"enterText":"Meter","selector":{"id":"application-manageresources-display-component---newResourceUnit--DIMENSION_UNIT","interaction":{"idSuffix":"inner"}},"clearTextFirst":true,"interactionType":"ENTER_TEXT"}]}
RESULT: {"script":"<script> [776 bytes]","args":[{"enterText":"Meter","selector":{"id":"application-manageresources-display-component---newResourceUnit--DIMENSION_UNIT","interaction":{"idSuffix":"inner"}},"clearTextFirst":true,"interactionType":"ENTER_TEXT"}]}
COMMAND: POST /session/8b9d24fb39cbfc9e79ab89721a1c9e7d/execute/async - {"script":"<script> [1562 bytes]","args":[{"selector":{"id":"application-manageresources-display-component---newResourceUnit--newRRUPage-anchBar-application-manageresources-display-component---newResourceUnit--control-anchor","interaction":{"idSuffix":"BDI-content"}},"wdio_ui5_key":"applicationmanageresources-display-component---newResourceUnit--newRRUPage-anchBar-application-manageresources-display-component---newResourceUnit--control-anchor"}]}
RESULT: {"script":"<script> [1562 bytes]","args":[{"selector":{"id":"application-manageresources-display-component---newResourceUnit--newRRUPage-anchBar-application-manageresources-display-component---newResourceUnit--control-anchor","interaction":{"idSuffix":"BDI-content"}},"wdio_ui5_key":"applicationmanageresources-display-component---newResourceUnit--newRRUPage-anchBar-application-manageresources-display-component---newResourceUnit--control-anchor"}]}
RESULT: undefined
COMMAND: POST /session/8b9d24fb39cbfc9e79ab89721a1c9e7d/element - {"using":"xpath","value":"//*[@id=\"application-manageresources-display-component---newResourceUnit--newRRUPage-anchBar-application-manageresources-display-component---newResourceUnit--control-anchor\"]"}
RESULT: {"using":"xpath","value":"//*[@id=\"application-manageresources-display-component---newResourceUnit--newRRUPage-anchBar-application-manageresources-display-component---newResourceUnit--control-anchor\"]"}
COMMAND: POST /session/8b9d24fb39cbfc9e79ab89721a1c9e7d/element/f.7652131D378371FA98FE7F43E0E28151.d.4E0DD322FEAC04F6AF7C491023FD6A66.e.5575/click - {}
RESULT: {}
COMMAND: POST /session/8b9d24fb39cbfc9e79ab89721a1c9e7d/execute/async - {"script":"<script> [1562 bytes]","args":[{"selector":{"id":"application-manageresources-display-component---newResourceUnit--PLANNING_GROUP","interaction":{"idSuffix":"inner"}},"wdio_ui5_key":"applicationmanageresources-display-component---newResourceUnit--PLANNING_GROUP"}]}
COMMAND: GET /session/8b9d24fb39cbfc9e79ab89721a1c9e7d/screenshot - {}
RESULT: {"script":"<script> [1562 bytes]","args":[{"selector":{"id":"application-manageresources-display-component---newResourceUnit--PLANNING_GROUP","interaction":{"idSuffix":"inner"}},"wdio_ui5_key":"applicationmanageresources-display-component---newResourceUnit--PLANNING_GROUP"}]}
RESULT: undefined
COMMAND: POST /session/8b9d24fb39cbfc9e79ab89721a1c9e7d/execute/async - {"script":"<script> [776 bytes]","args":[{"enterText":"Material","selector":{"id":"application-manageresources-display-component---newResourceUnit--PLANNING_GROUP","interaction":{"idSuffix":"inner"}},"clearTextFirst":true,"interactionType":"ENTER_TEXT"}]}
RESULT: {}
RESULT: {"script":"<script> [776 bytes]","args":[{"enterText":"Material","selector":{"id":"application-manageresources-display-component---newResourceUnit--PLANNING_GROUP","interaction":{"idSuffix":"inner"}},"clearTextFirst":true,"interactionType":"ENTER_TEXT"}]}
COMMAND: POST /session/8b9d24fb39cbfc9e79ab89721a1c9e7d/execute/async - {"script":"<script> [1562 bytes]","args":[{"selector":{"id":"application-manageresources-display-component---newResourceUnit--PLANNING_INDICATOR","interaction":{"idSuffix":"inner"}},"wdio_ui5_key":"applicationmanageresources-display-component---newResourceUnit--PLANNING_INDICATOR"}]}
RESULT: {"script":"<script> [1562 bytes]","args":[{"selector":{"id":"application-manageresources-display-component---newResourceUnit--PLANNING_INDICATOR","interaction":{"idSuffix":"inner"}},"wdio_ui5_key":"applicationmanageresources-display-component---newResourceUnit--PLANNING_INDICATOR"}]}
RESULT: undefined
COMMAND: POST /session/8b9d24fb39cbfc9e79ab89721a1c9e7d/execute/async - {"script":"<script> [776 bytes]","args":[{"enterText":"10 - infinite","selector":{"id":"application-manageresources-display-component---newResourceUnit--PLANNING_INDICATOR","interaction":{"idSuffix":"inner"}},"clearTextFirst":true,"interactionType":"ENTER_TEXT"}]}
RESULT: {"script":"<script> [776 bytes]","args":[{"enterText":"10 - infinite","selector":{"id":"application-manageresources-display-component---newResourceUnit--PLANNING_INDICATOR","interaction":{"idSuffix":"inner"}},"clearTextFirst":true,"interactionType":"ENTER_TEXT"}]}
COMMAND: POST /session/8b9d24fb39cbfc9e79ab89721a1c9e7d/element - {"using":"css selector","value":"#application-manageresources-display-component---newResourceUnit--btnAddTimeSegment"}
RESULT: {"using":"css selector","value":"#application-manageresources-display-component---newResourceUnit--btnAddTimeSegment"}
COMMAND: GET /session/8b9d24fb39cbfc9e79ab89721a1c9e7d/element/f.7652131D378371FA98FE7F43E0E28151.d.4E0DD322FEAC04F6AF7C491023FD6A66.e.5585/rect - {}
RESULT: {}
COMMAND: GET /session/8b9d24fb39cbfc9e79ab89721a1c9e7d/window/rect - {}
RESULT: {}
COMMAND: POST /session/8b9d24fb39cbfc9e79ab89721a1c9e7d/execute/sync - {"script":"<script> [92 bytes]","args":[]}
RESULT: {"script":"<script> [92 bytes]","args":[]}
COMMAND: POST /session/8b9d24fb39cbfc9e79ab89721a1c9e7d/actions - {"actions":[{"id":"action18","type":"wheel","parameters":{},"actions":[{"type":"scroll","x":-1888,"y":-32,"deltaX":0,"deltaY":0,"duration":0,"origin":{"element-6066-11e4-a52e-4f735466cecf":"f.7652131D378371FA98FE7F43E0E28151.d.4E0DD322FEAC04F6AF7C491023FD6A66.e.5585"}}]}]}
COMMAND: GET /session/8b9d24fb39cbfc9e79ab89721a1c9e7d/screenshot - {}
RESULT: {}
COMMAND: POST /session/8b9d24fb39cbfc9e79ab89721a1c9e7d/execute/sync - {"script":"<script> [79 bytes]","args":[{"element-6066-11e4-a52e-4f735466cecf":"f.7652131D378371FA98FE7F43E0E28151.d.4E0DD322FEAC04F6AF7C491023FD6A66.e.5585","ELEMENT":"f.7652131D378371FA98FE7F43E0E28151.d.4E0DD322FEAC04F6AF7C491023FD6A66.e.5585"},{"block":"start","inline":"nearest"}]}
RESULT: {"script":"<script> [79 bytes]","args":[{"element-6066-11e4-a52e-4f735466cecf":"f.7652131D378371FA98FE7F43E0E28151.d.4E0DD322FEAC04F6AF7C491023FD6A66.e.5585","ELEMENT":"f.7652131D378371FA98FE7F43E0E28151.d.4E0DD322FEAC04F6AF7C491023FD6A66.e.5585"},{"block":"start","inline":"nearest"}]}
COMMAND: POST /session/8b9d24fb39cbfc9e79ab89721a1c9e7d/execute/async - {"script":"<script> [1562 bytes]","args":[{"selector":{"id":"application-manageresources-display-component---newResourceUnit--btnAddTimeSegment","interaction":{"idSuffix":"inner"}},"wdio_ui5_key":"applicationmanageresources-display-component---newResourceUnit--btnAddTimeSegment"}]}
COMMAND: GET /session/8b9d24fb39cbfc9e79ab89721a1c9e7d/screenshot - {}
RESULT: {"script":"<script> [1562 bytes]","args":[{"selector":{"id":"application-manageresources-display-component---newResourceUnit--btnAddTimeSegment","interaction":{"idSuffix":"inner"}},"wdio_ui5_key":"applicationmanageresources-display-component---newResourceUnit--btnAddTimeSegment"}]}
RESULT: undefined
COMMAND: POST /session/8b9d24fb39cbfc9e79ab89721a1c9e7d/element - {"using":"xpath","value":"//*[@id=\"application-manageresources-display-component---newResourceUnit--btnAddTimeSegment\"]"}
RESULT: {}
RESULT: {"using":"xpath","value":"//*[@id=\"application-manageresources-display-component---newResourceUnit--btnAddTimeSegment\"]"}
COMMAND: POST /session/8b9d24fb39cbfc9e79ab89721a1c9e7d/element/f.7652131D378371FA98FE7F43E0E28151.d.4E0DD322FEAC04F6AF7C491023FD6A66.e.5585/click - {}
RESULT: {}
COMMAND: GET /session/8b9d24fb39cbfc9e79ab89721a1c9e7d/screenshot - {}
RESULT: {}
COMMAND: POST /session/8b9d24fb39cbfc9e79ab89721a1c9e7d/element - {"using":"xpath","value":"//input[@id=\"application-manageresources-display-component---newResourceUnit--idRuTSAdmin-application-manageresources-display-component---newResourceUnit--RUTimeSegment-0-inner\"]"}
RESULT: {"using":"xpath","value":"//input[@id=\"application-manageresources-display-component---newResourceUnit--idRuTSAdmin-application-manageresources-display-component---newResourceUnit--RUTimeSegment-0-inner\"]"}
COMMAND: POST /session/8b9d24fb39cbfc9e79ab89721a1c9e7d/element/f.7652131D378371FA98FE7F43E0E28151.d.4E0DD322FEAC04F6AF7C491023FD6A66.e.5590/clear - {}
RESULT: {}
COMMAND: POST /session/8b9d24fb39cbfc9e79ab89721a1c9e7d/element/f.7652131D378371FA98FE7F43E0E28151.d.4E0DD322FEAC04F6AF7C491023FD6A66.e.5590/value - {"text":"237"}
COMMAND: GET /session/8b9d24fb39cbfc9e79ab89721a1c9e7d/screenshot - {}
RESULT: {"text":"237"}
COMMAND: GET /session/8b9d24fb39cbfc9e79ab89721a1c9e7d/screenshot - {}
RESULT: {}
RESULT: {}
COMMAND: POST /session/8b9d24fb39cbfc9e79ab89721a1c9e7d/element - {"using":"xpath","value":"//li[.//span[text()='237']]"}
RESULT: {"using":"xpath","value":"//li[.//span[text()='237']]"}
COMMAND: POST /session/8b9d24fb39cbfc9e79ab89721a1c9e7d/element/f.7652131D378371FA98FE7F43E0E28151.d.4E0DD322FEAC04F6AF7C491023FD6A66.e.5599/click - {}
RESULT: {}
COMMAND: GET /session/8b9d24fb39cbfc9e79ab89721a1c9e7d/screenshot - {}
RESULT: {}
COMMAND: POST /session/8b9d24fb39cbfc9e79ab89721a1c9e7d/element - {"using":"xpath","value":"(//span[contains(@id, \"-application-manageresources-display-component---newResourceUnit--RUTimeSegment-0-arrow\")])[2]"}
RESULT: {"using":"xpath","value":"(//span[contains(@id, \"-application-manageresources-display-component---newResourceUnit--RUTimeSegment-0-arrow\")])[2]"}
COMMAND: POST /session/8b9d24fb39cbfc9e79ab89721a1c9e7d/element/f.7652131D378371FA98FE7F43E0E28151.d.4E0DD322FEAC04F6AF7C491023FD6A66.e.5600/click - {}
RESULT: {}
COMMAND: POST /session/8b9d24fb39cbfc9e79ab89721a1c9e7d/element - {"using":"xpath","value":"//span[contains(text(), \"PM Order\")]"}
COMMAND: GET /session/8b9d24fb39cbfc9e79ab89721a1c9e7d/screenshot - {}
RESULT: {"using":"xpath","value":"//span[contains(text(), \"PM Order\")]"}
COMMAND: POST /session/8b9d24fb39cbfc9e79ab89721a1c9e7d/element/f.7652131D378371FA98FE7F43E0E28151.d.4E0DD322FEAC04F6AF7C491023FD6A66.e.5601/click - {}
RESULT: {}
RESULT: {}
COMMAND: GET /session/8b9d24fb39cbfc9e79ab89721a1c9e7d/screenshot - {}
RESULT: {}
COMMAND: POST /session/8b9d24fb39cbfc9e79ab89721a1c9e7d/element - {"using":"xpath","value":"//td/div/div/div/span[contains(@id, \"newResourceUnit--RUTimeSegment-0-vhi\")][1]"}
RESULT: {"using":"xpath","value":"//td/div/div/div/span[contains(@id, \"newResourceUnit--RUTimeSegment-0-vhi\")][1]"}
COMMAND: GET /session/8b9d24fb39cbfc9e79ab89721a1c9e7d/element/f.7652131D378371FA98FE7F43E0E28151.d.4E0DD322FEAC04F6AF7C491023FD6A66.e.5605/rect - {}
RESULT: {}
COMMAND: GET /session/8b9d24fb39cbfc9e79ab89721a1c9e7d/window/rect - {}
RESULT: {}
COMMAND: POST /session/8b9d24fb39cbfc9e79ab89721a1c9e7d/execute/sync - {"script":"<script> [92 bytes]","args":[]}
RESULT: {"script":"<script> [92 bytes]","args":[]}
COMMAND: POST /session/8b9d24fb39cbfc9e79ab89721a1c9e7d/actions - {"actions":[{"id":"action19","type":"wheel","parameters":{},"actions":[{"type":"scroll","x":-1888,"y":-24,"deltaX":0,"deltaY":0,"duration":0,"origin":{"element-6066-11e4-a52e-4f735466cecf":"f.7652131D378371FA98FE7F43E0E28151.d.4E0DD322FEAC04F6AF7C491023FD6A66.e.5605"}}]}]}
COMMAND: GET /session/8b9d24fb39cbfc9e79ab89721a1c9e7d/screenshot - {}
RESULT: {}
COMMAND: POST /session/8b9d24fb39cbfc9e79ab89721a1c9e7d/execute/sync - {"script":"<script> [79 bytes]","args":[{"element-6066-11e4-a52e-4f735466cecf":"f.7652131D378371FA98FE7F43E0E28151.d.4E0DD322FEAC04F6AF7C491023FD6A66.e.5605","ELEMENT":"f.7652131D378371FA98FE7F43E0E28151.d.4E0DD322FEAC04F6AF7C491023FD6A66.e.5605"},{"block":"start","inline":"nearest"}]}
RESULT: {"script":"<script> [79 bytes]","args":[{"element-6066-11e4-a52e-4f735466cecf":"f.7652131D378371FA98FE7F43E0E28151.d.4E0DD322FEAC04F6AF7C491023FD6A66.e.5605","ELEMENT":"f.7652131D378371FA98FE7F43E0E28151.d.4E0DD322FEAC04F6AF7C491023FD6A66.e.5605"},{"block":"start","inline":"nearest"}]}
COMMAND: GET /session/8b9d24fb39cbfc9e79ab89721a1c9e7d/screenshot - {}
RESULT: {}
COMMAND: POST /session/8b9d24fb39cbfc9e79ab89721a1c9e7d/element/f.7652131D378371FA98FE7F43E0E28151.d.4E0DD322FEAC04F6AF7C491023FD6A66.e.5605/click - {}
RESULT: {}
COMMAND: GET /session/8b9d24fb39cbfc9e79ab89721a1c9e7d/screenshot - {}
RESULT: {}
COMMAND: POST /session/8b9d24fb39cbfc9e79ab89721a1c9e7d/execute/async - {"script":"<script> [1562 bytes]","args":[{"selector":{"controlType":"sap.m.SearchField","properties":{"placeholder":"Search"},"searchOpenDialogs":true,"interaction":{"idSuffix":"I"}},"wdio_ui5_key":"sapm.SearchField{\"placeholder\":\"Search\"}"}]}
RESULT: {"script":"<script> [1562 bytes]","args":[{"selector":{"controlType":"sap.m.SearchField","properties":{"placeholder":"Search"},"searchOpenDialogs":true,"interaction":{"idSuffix":"I"}},"wdio_ui5_key":"sapm.SearchField{\"placeholder\":\"Search\"}"}]}
RESULT: undefined
COMMAND: POST /session/8b9d24fb39cbfc9e79ab89721a1c9e7d/execute/async - {"script":"<script> [776 bytes]","args":[{"enterText":"4000360","selector":{"controlType":"sap.m.SearchField","properties":{"placeholder":"Search"},"searchOpenDialogs":true,"interaction":{"idSuffix":"I"}},"clearTextFirst":true,"interactionType":"ENTER_TEXT"}]}
RESULT: {"script":"<script> [776 bytes]","args":[{"enterText":"4000360","selector":{"controlType":"sap.m.SearchField","properties":{"placeholder":"Search"},"searchOpenDialogs":true,"interaction":{"idSuffix":"I"}},"clearTextFirst":true,"interactionType":"ENTER_TEXT"}]}
COMMAND: POST /session/8b9d24fb39cbfc9e79ab89721a1c9e7d/actions - {"actions":[{"id":"action20","type":"key","parameters":{},"actions":[{"type":"keyDown","value":""},{"type":"pause","duration":10},{"type":"keyUp","value":""}]}]}
RESULT: {"actions":[{"id":"action20","type":"key","parameters":{},"actions":[{"type":"keyDown","value":""},{"type":"pause","duration":10},{"type":"keyUp","value":""}]}]}
COMMAND: GET /session/8b9d24fb39cbfc9e79ab89721a1c9e7d/screenshot - {}
RESULT: {}
COMMAND: POST /session/8b9d24fb39cbfc9e79ab89721a1c9e7d/element - {"using":"xpath","value":"//td/div/span[contains(text(), \"BGL Vehicles\")]"}
RESULT: {"using":"xpath","value":"//td/div/span[contains(text(), \"BGL Vehicles\")]"}
COMMAND: POST /session/8b9d24fb39cbfc9e79ab89721a1c9e7d/element/f.7652131D378371FA98FE7F43E0E28151.d.4E0DD322FEAC04F6AF7C491023FD6A66.e.5628/click - {}
RESULT: {}
COMMAND: GET /session/8b9d24fb39cbfc9e79ab89721a1c9e7d/screenshot - {}
RESULT: {}
COMMAND: POST /session/8b9d24fb39cbfc9e79ab89721a1c9e7d/element - {"using":"xpath","value":"//bdi[contains(text(), \"OK\")]"}
RESULT: {"using":"xpath","value":"//bdi[contains(text(), \"OK\")]"}
COMMAND: POST /session/8b9d24fb39cbfc9e79ab89721a1c9e7d/element/f.7652131D378371FA98FE7F43E0E28151.d.4E0DD322FEAC04F6AF7C491023FD6A66.e.5629/click - {}
RESULT: {}
COMMAND: GET /session/8b9d24fb39cbfc9e79ab89721a1c9e7d/screenshot - {}
RESULT: {}
COMMAND: POST /session/8b9d24fb39cbfc9e79ab89721a1c9e7d/element - {"using":"xpath","value":"//label[contains(@class, 'sapMLabelRequired') and .//bdi[contains(text(), 'Planned Retirement')]]"}
RESULT: {"using":"xpath","value":"//label[contains(@class, 'sapMLabelRequired') and .//bdi[contains(text(), 'Planned Retirement')]]"}
COMMAND: POST /session/8b9d24fb39cbfc9e79ab89721a1c9e7d/elements - {"using":"xpath","value":"//label[contains(@class, 'sapMLabelRequired') and .//bdi[contains(text(), 'Planned Retirement')]]"}
RESULT: {"using":"xpath","value":"//label[contains(@class, 'sapMLabelRequired') and .//bdi[contains(text(), 'Planned Retirement')]]"}
COMMAND: POST /session/8b9d24fb39cbfc9e79ab89721a1c9e7d/element - {"using":"xpath","value":"//button[@data-kt=\"resourceUnitSaveButton\"]"}
RESULT: {"using":"xpath","value":"//button[@data-kt=\"resourceUnitSaveButton\"]"}
COMMAND: POST /session/8b9d24fb39cbfc9e79ab89721a1c9e7d/element/f.7652131D378371FA98FE7F43E0E28151.d.4E0DD322FEAC04F6AF7C491023FD6A66.e.5459/click - {}
RESULT: {}
COMMAND: GET /session/8b9d24fb39cbfc9e79ab89721a1c9e7d/screenshot - {}
RESULT: {}
COMMAND: POST /session/8b9d24fb39cbfc9e79ab89721a1c9e7d/element - {"using":"xpath","value":"//bdi[contains(text(), \"Close\")]"}
RESULT: {"using":"xpath","value":"//bdi[contains(text(), \"Close\")]"}
COMMAND: POST /session/8b9d24fb39cbfc9e79ab89721a1c9e7d/element/f.7652131D378371FA98FE7F43E0E28151.d.4E0DD322FEAC04F6AF7C491023FD6A66.e.5636/click - {}
RESULT: {}
COMMAND: GET /session/8b9d24fb39cbfc9e79ab89721a1c9e7d/screenshot - {}
RESULT: {}
COMMAND: POST /session/8b9d24fb39cbfc9e79ab89721a1c9e7d/element - {"using":"xpath","value":"//header[contains(@id, 'detailRruPage-headerTitle')]/div[1]/div[2]/div[2]/span[1]"}
RESULT: {"using":"xpath","value":"//header[contains(@id, 'detailRruPage-headerTitle')]/div[1]/div[2]/div[2]/span[1]"}
COMMAND: POST /session/8b9d24fb39cbfc9e79ab89721a1c9e7d/elements - {"using":"xpath","value":"//header[contains(@id, 'detailRruPage-headerTitle')]/div[1]/div[2]/div[2]/span[1]"}
RESULT: {"using":"xpath","value":"//header[contains(@id, 'detailRruPage-headerTitle')]/div[1]/div[2]/div[2]/span[1]"}
COMMAND: POST /session/8b9d24fb39cbfc9e79ab89721a1c9e7d/execute/sync - {"script":"<script> [56 bytes]","args":[{"element-6066-11e4-a52e-4f735466cecf":"f.7652131D378371FA98FE7F43E0E28151.d.4E0DD322FEAC04F6AF7C491023FD6A66.e.5669","ELEMENT":"f.7652131D378371FA98FE7F43E0E28151.d.4E0DD322FEAC04F6AF7C491023FD6A66.e.5669"}]}
RESULT: {"script":"<script> [56 bytes]","args":[{"element-6066-11e4-a52e-4f735466cecf":"f.7652131D378371FA98FE7F43E0E28151.d.4E0DD322FEAC04F6AF7C491023FD6A66.e.5669","ELEMENT":"f.7652131D378371FA98FE7F43E0E28151.d.4E0DD322FEAC04F6AF7C491023FD6A66.e.5669"}]}
COMMAND: POST /session/8b9d24fb39cbfc9e79ab89721a1c9e7d/element - {"using":"css selector","value":"#shell-header-logo"}
COMMAND: GET /session/8b9d24fb39cbfc9e79ab89721a1c9e7d/screenshot - {}
RESULT: {"using":"css selector","value":"#shell-header-logo"}
COMMAND: POST /session/8b9d24fb39cbfc9e79ab89721a1c9e7d/element/f.7652131D378371FA98FE7F43E0E28151.d.4E0DD322FEAC04F6AF7C491023FD6A66.e.4928/click - {}
RESULT: {}
RESULT: {}
COMMAND: GET /session/8b9d24fb39cbfc9e79ab89721a1c9e7d/screenshot - {}
RESULT: {}
]]></system-out>
    </testcase>
    <testcase classname="chrome.137_0_7151_69.windows.Provide_to_Site_w/_warehouse_management_w/_clarification_US115878" name="Bin Status Report Should Create New Organization yard" time="0.003"/>
    <testcase classname="chrome.137_0_7151_69.windows.Provide_to_Site_w/_warehouse_management_w/_clarification_US115878" name="Bin Status Report Should Create New Organization for Site" time="0.001"/>
  </testsuite>
  <testsuite timestamp="2025-06-13T16:33:18" time="479.358" tests="6" failures="0" errors="0" skipped="0">
    <properties>
      <property name="specId" value="0"/>
      <property name="suiteName" value="Provide to Site w/ warehouse management w clarification"/>
      <property name="capabilities" value="chrome.137_0_7151_69.windows"/>
      <property name="file" value="file:///D:/a/1/s/test/specs/HTR/provide-to-site-w-warehouse-w-clarification.spec.js"/>
    </properties>
    <testcase classname="chrome.137_0_7151_69.windows.Provide_to_Site_w/_warehouse_management_w_clarification" name="Should do a stock increase handover" time="91.256">
      <system-out><![CDATA[
COMMAND: POST /session/8b9d24fb39cbfc9e79ab89721a1c9e7d/execute/async - {"script":"<script> [1562 bytes]","args":[{"selector":{"controlType":"sap.m.GenericTile","properties":{"header":"Manage Handovers"}},"wdio_ui5_key":"sapm.GenericTile{\"header\":\"Manage Handovers\"}"}]}
RESULT: {"script":"<script> [1562 bytes]","args":[{"selector":{"controlType":"sap.m.GenericTile","properties":{"header":"Manage Handovers"}},"wdio_ui5_key":"sapm.GenericTile{\"header\":\"Manage Handovers\"}"}]}
RESULT: undefined
COMMAND: POST /session/8b9d24fb39cbfc9e79ab89721a1c9e7d/element - {"using":"xpath","value":"//*[@id=\"__tile132\"]"}
RESULT: {"using":"xpath","value":"//*[@id=\"__tile132\"]"}
COMMAND: POST /session/8b9d24fb39cbfc9e79ab89721a1c9e7d/element/f.7652131D378371FA98FE7F43E0E28151.d.4E0DD322FEAC04F6AF7C491023FD6A66.e.4977/click - {}
RESULT: {}
COMMAND: GET /session/8b9d24fb39cbfc9e79ab89721a1c9e7d/screenshot - {}
RESULT: {}
COMMAND: POST /session/8b9d24fb39cbfc9e79ab89721a1c9e7d/elements - {"using":"xpath","value":"//span[text()='Error']"}
RESULT: {"using":"xpath","value":"//span[text()='Error']"}
COMMAND: POST /session/8b9d24fb39cbfc9e79ab89721a1c9e7d/element - {"using":"xpath","value":"//button[@data-kt=\"masterHOAddButton\"]"}
RESULT: {"using":"xpath","value":"//button[@data-kt=\"masterHOAddButton\"]"}
COMMAND: POST /session/8b9d24fb39cbfc9e79ab89721a1c9e7d/elements - {"using":"xpath","value":"//button[@data-kt=\"masterHOAddButton\"]"}
RESULT: {"using":"xpath","value":"//button[@data-kt=\"masterHOAddButton\"]"}
COMMAND: POST /session/8b9d24fb39cbfc9e79ab89721a1c9e7d/execute/sync - {"script":"<script> [8489 bytes]","args":[{"element-6066-11e4-a52e-4f735466cecf":"f.7652131D378371FA98FE7F43E0E28151.d.4E0DD322FEAC04F6AF7C491023FD6A66.e.5713","ELEMENT":"f.7652131D378371FA98FE7F43E0E28151.d.4E0DD322FEAC04F6AF7C491023FD6A66.e.5713"}]}
RESULT: {"script":"<script> [8489 bytes]","args":[{"element-6066-11e4-a52e-4f735466cecf":"f.7652131D378371FA98FE7F43E0E28151.d.4E0DD322FEAC04F6AF7C491023FD6A66.e.5713","ELEMENT":"f.7652131D378371FA98FE7F43E0E28151.d.4E0DD322FEAC04F6AF7C491023FD6A66.e.5713"}]}
COMMAND: GET /session/8b9d24fb39cbfc9e79ab89721a1c9e7d/element/f.7652131D378371FA98FE7F43E0E28151.d.4E0DD322FEAC04F6AF7C491023FD6A66.e.5713/enabled - {}
COMMAND: GET /session/8b9d24fb39cbfc9e79ab89721a1c9e7d/screenshot - {}
RESULT: {}
COMMAND: POST /session/8b9d24fb39cbfc9e79ab89721a1c9e7d/execute/sync - {"script":"<script> [8489 bytes]","args":[{"element-6066-11e4-a52e-4f735466cecf":"f.7652131D378371FA98FE7F43E0E28151.d.4E0DD322FEAC04F6AF7C491023FD6A66.e.5713","ELEMENT":"f.7652131D378371FA98FE7F43E0E28151.d.4E0DD322FEAC04F6AF7C491023FD6A66.e.5713"}]}
COMMAND: GET /session/8b9d24fb39cbfc9e79ab89721a1c9e7d/screenshot - {}
RESULT: {}
RESULT: {"script":"<script> [8489 bytes]","args":[{"element-6066-11e4-a52e-4f735466cecf":"f.7652131D378371FA98FE7F43E0E28151.d.4E0DD322FEAC04F6AF7C491023FD6A66.e.5713","ELEMENT":"f.7652131D378371FA98FE7F43E0E28151.d.4E0DD322FEAC04F6AF7C491023FD6A66.e.5713"}]}
COMMAND: POST /session/8b9d24fb39cbfc9e79ab89721a1c9e7d/execute/sync - {"script":"<script> [5351 bytes]","args":[{"element-6066-11e4-a52e-4f735466cecf":"f.7652131D378371FA98FE7F43E0E28151.d.4E0DD322FEAC04F6AF7C491023FD6A66.e.5713","ELEMENT":"f.7652131D378371FA98FE7F43E0E28151.d.4E0DD322FEAC04F6AF7C491023FD6A66.e.5713"}]}
COMMAND: GET /session/8b9d24fb39cbfc9e79ab89721a1c9e7d/screenshot - {}
RESULT: {}
RESULT: {"script":"<script> [5351 bytes]","args":[{"element-6066-11e4-a52e-4f735466cecf":"f.7652131D378371FA98FE7F43E0E28151.d.4E0DD322FEAC04F6AF7C491023FD6A66.e.5713","ELEMENT":"f.7652131D378371FA98FE7F43E0E28151.d.4E0DD322FEAC04F6AF7C491023FD6A66.e.5713"}]}
COMMAND: POST /session/8b9d24fb39cbfc9e79ab89721a1c9e7d/element/f.7652131D378371FA98FE7F43E0E28151.d.4E0DD322FEAC04F6AF7C491023FD6A66.e.5713/click - {}
COMMAND: GET /session/8b9d24fb39cbfc9e79ab89721a1c9e7d/screenshot - {}
RESULT: {}
RESULT: {}
COMMAND: GET /session/8b9d24fb39cbfc9e79ab89721a1c9e7d/screenshot - {}
COMMAND: POST /session/8b9d24fb39cbfc9e79ab89721a1c9e7d/element - {"using":"xpath","value":"//span[contains(@id ,\"AddNewHO--typeSelect-arrow\")]"}
RESULT: {}
RESULT: {}
RESULT: {"using":"xpath","value":"//span[contains(@id ,\"AddNewHO--typeSelect-arrow\")]"}
COMMAND: POST /session/8b9d24fb39cbfc9e79ab89721a1c9e7d/element/f.7652131D378371FA98FE7F43E0E28151.d.4E0DD322FEAC04F6AF7C491023FD6A66.e.6065/click - {}
RESULT: {}
COMMAND: GET /session/8b9d24fb39cbfc9e79ab89721a1c9e7d/screenshot - {}
RESULT: {}
COMMAND: POST /session/8b9d24fb39cbfc9e79ab89721a1c9e7d/element - {"using":"xpath","value":"(//li[contains(text(), \"stock increase yard\")])[1]"}
RESULT: {"using":"xpath","value":"(//li[contains(text(), \"stock increase yard\")])[1]"}
COMMAND: POST /session/8b9d24fb39cbfc9e79ab89721a1c9e7d/element/f.7652131D378371FA98FE7F43E0E28151.d.4E0DD322FEAC04F6AF7C491023FD6A66.e.6066/click - {}
RESULT: {}
COMMAND: GET /session/8b9d24fb39cbfc9e79ab89721a1c9e7d/screenshot - {}
RESULT: {}
COMMAND: POST /session/8b9d24fb39cbfc9e79ab89721a1c9e7d/execute/async - {"script":"<script> [1562 bytes]","args":[{"selector":{"id":"application-managehandovers-display-component---AddNewHO--dueDate","interaction":{"idSuffix":"inner"}},"wdio_ui5_key":"applicationmanagehandovers-display-component---AddNewHO--dueDate"}]}
RESULT: {"script":"<script> [1562 bytes]","args":[{"selector":{"id":"application-managehandovers-display-component---AddNewHO--dueDate","interaction":{"idSuffix":"inner"}},"wdio_ui5_key":"applicationmanagehandovers-display-component---AddNewHO--dueDate"}]}
RESULT: undefined
COMMAND: POST /session/8b9d24fb39cbfc9e79ab89721a1c9e7d/execute/async - {"script":"<script> [6424 bytes]","args":[{"element-6066-11e4-a52e-4f735466cecf":"f.7652131D378371FA98FE7F43E0E28151.d.4E0DD322FEAC04F6AF7C491023FD6A66.e.6068"},"setValue",["6/13/25"]]}
RESULT: {"script":"<script> [6424 bytes]","args":[{"element-6066-11e4-a52e-4f735466cecf":"f.7652131D378371FA98FE7F43E0E28151.d.4E0DD322FEAC04F6AF7C491023FD6A66.e.6068"},"setValue",["6/13/25"]]}
COMMAND: POST /session/8b9d24fb39cbfc9e79ab89721a1c9e7d/element - {"using":"xpath","value":"//input[@id=\"generalSectionFrg--receiveYard-inner\"]"}
RESULT: {"using":"xpath","value":"//input[@id=\"generalSectionFrg--receiveYard-inner\"]"}
COMMAND: POST /session/8b9d24fb39cbfc9e79ab89721a1c9e7d/element/f.7652131D378371FA98FE7F43E0E28151.d.4E0DD322FEAC04F6AF7C491023FD6A66.e.6074/clear - {}
RESULT: {}
COMMAND: POST /session/8b9d24fb39cbfc9e79ab89721a1c9e7d/element/f.7652131D378371FA98FE7F43E0E28151.d.4E0DD322FEAC04F6AF7C491023FD6A66.e.6074/value - {"text":"237"}
COMMAND: GET /session/8b9d24fb39cbfc9e79ab89721a1c9e7d/screenshot - {}
RESULT: {"text":"237"}
COMMAND: GET /session/8b9d24fb39cbfc9e79ab89721a1c9e7d/screenshot - {}
RESULT: {}
RESULT: {}
COMMAND: POST /session/8b9d24fb39cbfc9e79ab89721a1c9e7d/element - {"using":"xpath","value":"//li[.//span[contains(normalize-space(.), '237 -')]]"}
RESULT: {"using":"xpath","value":"//li[.//span[contains(normalize-space(.), '237 -')]]"}
COMMAND: POST /session/8b9d24fb39cbfc9e79ab89721a1c9e7d/element/f.7652131D378371FA98FE7F43E0E28151.d.4E0DD322FEAC04F6AF7C491023FD6A66.e.6091/click - {}
RESULT: {}
COMMAND: GET /session/8b9d24fb39cbfc9e79ab89721a1c9e7d/screenshot - {}
RESULT: {}
COMMAND: POST /session/8b9d24fb39cbfc9e79ab89721a1c9e7d/execute/async - {"script":"<script> [1562 bytes]","args":[{"selector":{"id":"application-managehandovers-display-component---AddNewHO--ObjectPageLayout-anchBar-application-managehandovers-display-component---AddNewHO--section4-anchor","interaction":{"idSuffix":"BDI-content"}},"wdio_ui5_key":"applicationmanagehandovers-display-component---AddNewHO--ObjectPageLayout-anchBar-application-managehandovers-display-component---AddNewHO--section4-anchor"}]}
RESULT: {"script":"<script> [1562 bytes]","args":[{"selector":{"id":"application-managehandovers-display-component---AddNewHO--ObjectPageLayout-anchBar-application-managehandovers-display-component---AddNewHO--section4-anchor","interaction":{"idSuffix":"BDI-content"}},"wdio_ui5_key":"applicationmanagehandovers-display-component---AddNewHO--ObjectPageLayout-anchBar-application-managehandovers-display-component---AddNewHO--section4-anchor"}]}
RESULT: undefined
COMMAND: POST /session/8b9d24fb39cbfc9e79ab89721a1c9e7d/element - {"using":"xpath","value":"//*[@id=\"application-managehandovers-display-component---AddNewHO--ObjectPageLayout-anchBar-application-managehandovers-display-component---AddNewHO--section4-anchor\"]"}
RESULT: {"using":"xpath","value":"//*[@id=\"application-managehandovers-display-component---AddNewHO--ObjectPageLayout-anchBar-application-managehandovers-display-component---AddNewHO--section4-anchor\"]"}
COMMAND: POST /session/8b9d24fb39cbfc9e79ab89721a1c9e7d/element/f.7652131D378371FA98FE7F43E0E28151.d.4E0DD322FEAC04F6AF7C491023FD6A66.e.6093/click - {}
RESULT: {}
COMMAND: GET /session/8b9d24fb39cbfc9e79ab89721a1c9e7d/screenshot - {}
RESULT: {}
COMMAND: POST /session/8b9d24fb39cbfc9e79ab89721a1c9e7d/element - {"using":"xpath","value":"//button[@aria-label=\"Add\"]"}
RESULT: {"using":"xpath","value":"//button[@aria-label=\"Add\"]"}
COMMAND: POST /session/8b9d24fb39cbfc9e79ab89721a1c9e7d/element/f.7652131D378371FA98FE7F43E0E28151.d.4E0DD322FEAC04F6AF7C491023FD6A66.e.6096/click - {}
RESULT: {}
COMMAND: GET /session/8b9d24fb39cbfc9e79ab89721a1c9e7d/screenshot - {}
COMMAND: POST /session/8b9d24fb39cbfc9e79ab89721a1c9e7d/execute/async - {"script":"<script> [1562 bytes]","args":[{"selector":{"id":"application-managehandovers-display-component---AddNewHO--smartFilterBar-btnBasicSearch","searchOpenDialogs":true,"interaction":{"idSuffix":"I"}},"wdio_ui5_key":"applicationmanagehandovers-display-component---AddNewHO--smartFilterBar-btnBasicSearch"}]}
RESULT: {}
RESULT: {"script":"<script> [1562 bytes]","args":[{"selector":{"id":"application-managehandovers-display-component---AddNewHO--smartFilterBar-btnBasicSearch","searchOpenDialogs":true,"interaction":{"idSuffix":"I"}},"wdio_ui5_key":"applicationmanagehandovers-display-component---AddNewHO--smartFilterBar-btnBasicSearch"}]}
RESULT: undefined
COMMAND: POST /session/8b9d24fb39cbfc9e79ab89721a1c9e7d/execute/async - {"script":"<script> [776 bytes]","args":[{"enterText":"200114","selector":{"id":"application-managehandovers-display-component---AddNewHO--smartFilterBar-btnBasicSearch","searchOpenDialogs":true,"interaction":{"idSuffix":"I"}},"clearTextFirst":true,"interactionType":"ENTER_TEXT"}]}
RESULT: {"script":"<script> [776 bytes]","args":[{"enterText":"200114","selector":{"id":"application-managehandovers-display-component---AddNewHO--smartFilterBar-btnBasicSearch","searchOpenDialogs":true,"interaction":{"idSuffix":"I"}},"clearTextFirst":true,"interactionType":"ENTER_TEXT"}]}
COMMAND: POST /session/8b9d24fb39cbfc9e79ab89721a1c9e7d/actions - {"actions":[{"id":"action21","type":"key","parameters":{},"actions":[{"type":"keyDown","value":""},{"type":"pause","duration":10},{"type":"keyUp","value":""}]}]}
RESULT: {"actions":[{"id":"action21","type":"key","parameters":{},"actions":[{"type":"keyDown","value":""},{"type":"pause","duration":10},{"type":"keyUp","value":""}]}]}
COMMAND: GET /session/8b9d24fb39cbfc9e79ab89721a1c9e7d/screenshot - {}
RESULT: {}
COMMAND: POST /session/8b9d24fb39cbfc9e79ab89721a1c9e7d/execute/async - {"script":"<script> [1562 bytes]","args":[{"selector":{"id":"application-managehandovers-display-component---AddNewHO--popup-sa","searchOpenDialogs":true,"interaction":{"idSuffix":"CbBg"}},"wdio_ui5_key":"applicationmanagehandovers-display-component---AddNewHO--popup-sa"}]}
RESULT: {"script":"<script> [1562 bytes]","args":[{"selector":{"id":"application-managehandovers-display-component---AddNewHO--popup-sa","searchOpenDialogs":true,"interaction":{"idSuffix":"CbBg"}},"wdio_ui5_key":"applicationmanagehandovers-display-component---AddNewHO--popup-sa"}]}
RESULT: undefined
COMMAND: POST /session/8b9d24fb39cbfc9e79ab89721a1c9e7d/element - {"using":"xpath","value":"//*[@id=\"application-managehandovers-display-component---AddNewHO--popup-sa\"]"}
RESULT: {"using":"xpath","value":"//*[@id=\"application-managehandovers-display-component---AddNewHO--popup-sa\"]"}
COMMAND: POST /session/8b9d24fb39cbfc9e79ab89721a1c9e7d/element/f.7652131D378371FA98FE7F43E0E28151.d.4E0DD322FEAC04F6AF7C491023FD6A66.e.6247/click - {}
RESULT: {}
COMMAND: GET /session/8b9d24fb39cbfc9e79ab89721a1c9e7d/screenshot - {}
RESULT: {}
COMMAND: POST /session/8b9d24fb39cbfc9e79ab89721a1c9e7d/element - {"using":"xpath","value":"//bdi[contains(text(), \"Select\")]"}
RESULT: {"using":"xpath","value":"//bdi[contains(text(), \"Select\")]"}
COMMAND: POST /session/8b9d24fb39cbfc9e79ab89721a1c9e7d/element/f.7652131D378371FA98FE7F43E0E28151.d.4E0DD322FEAC04F6AF7C491023FD6A66.e.6248/click - {}
RESULT: {}
COMMAND: GET /session/8b9d24fb39cbfc9e79ab89721a1c9e7d/screenshot - {}
RESULT: {}
COMMAND: POST /session/8b9d24fb39cbfc9e79ab89721a1c9e7d/element - {"using":"xpath","value":"//button[@data-kt=\"AddNewHOSaveButton\"]"}
RESULT: {"using":"xpath","value":"//button[@data-kt=\"AddNewHOSaveButton\"]"}
COMMAND: POST /session/8b9d24fb39cbfc9e79ab89721a1c9e7d/element/f.7652131D378371FA98FE7F43E0E28151.d.4E0DD322FEAC04F6AF7C491023FD6A66.e.6252/click - {}
RESULT: {}
COMMAND: GET /session/8b9d24fb39cbfc9e79ab89721a1c9e7d/screenshot - {}
RESULT: {}
COMMAND: POST /session/8b9d24fb39cbfc9e79ab89721a1c9e7d/execute/async - {"script":"<script> [1562 bytes]","args":[{"selector":{"id":"receiptDatePicker","viewName":"etm.portal.ui.managehandovers.view.DetailExecuteHO","interaction":{"idSuffix":"inner"}},"wdio_ui5_key":"receiptDatePickeretmportal.ui.managehandovers.view.DetailExecuteHO"}]}
RESULT: {"script":"<script> [1562 bytes]","args":[{"selector":{"id":"receiptDatePicker","viewName":"etm.portal.ui.managehandovers.view.DetailExecuteHO","interaction":{"idSuffix":"inner"}},"wdio_ui5_key":"receiptDatePickeretmportal.ui.managehandovers.view.DetailExecuteHO"}]}
RESULT: undefined
COMMAND: POST /session/8b9d24fb39cbfc9e79ab89721a1c9e7d/execute/async - {"script":"<script> [6424 bytes]","args":[{"element-6066-11e4-a52e-4f735466cecf":"f.7652131D378371FA98FE7F43E0E28151.d.4E0DD322FEAC04F6AF7C491023FD6A66.e.6298"},"setValue",["6/13/25"]]}
RESULT: {"script":"<script> [6424 bytes]","args":[{"element-6066-11e4-a52e-4f735466cecf":"f.7652131D378371FA98FE7F43E0E28151.d.4E0DD322FEAC04F6AF7C491023FD6A66.e.6298"},"setValue",["6/13/25"]]}
COMMAND: POST /session/8b9d24fb39cbfc9e79ab89721a1c9e7d/element - {"using":"xpath","value":"//button[@data-kt=\"ReceivingTableConfirmAllButton\"]"}
RESULT: {"using":"xpath","value":"//button[@data-kt=\"ReceivingTableConfirmAllButton\"]"}
COMMAND: POST /session/8b9d24fb39cbfc9e79ab89721a1c9e7d/element/f.7652131D378371FA98FE7F43E0E28151.d.4E0DD322FEAC04F6AF7C491023FD6A66.e.6313/click - {}
RESULT: {}
COMMAND: GET /session/8b9d24fb39cbfc9e79ab89721a1c9e7d/screenshot - {}
RESULT: {}
COMMAND: POST /session/8b9d24fb39cbfc9e79ab89721a1c9e7d/element - {"using":"xpath","value":"//bdi[contains(text(), \"OK\")]"}
RESULT: {"using":"xpath","value":"//bdi[contains(text(), \"OK\")]"}
COMMAND: POST /session/8b9d24fb39cbfc9e79ab89721a1c9e7d/element/f.7652131D378371FA98FE7F43E0E28151.d.4E0DD322FEAC04F6AF7C491023FD6A66.e.6315/click - {}
RESULT: {}
COMMAND: GET /session/8b9d24fb39cbfc9e79ab89721a1c9e7d/screenshot - {}
RESULT: {}
COMMAND: POST /session/8b9d24fb39cbfc9e79ab89721a1c9e7d/element - {"using":"xpath","value":"(//bdi[contains(text(), \"Receive\")])[2]"}
RESULT: {"using":"xpath","value":"(//bdi[contains(text(), \"Receive\")])[2]"}
COMMAND: POST /session/8b9d24fb39cbfc9e79ab89721a1c9e7d/element/f.7652131D378371FA98FE7F43E0E28151.d.4E0DD322FEAC04F6AF7C491023FD6A66.e.6317/click - {}
RESULT: {}
COMMAND: GET /session/8b9d24fb39cbfc9e79ab89721a1c9e7d/screenshot - {}
RESULT: {}
COMMAND: POST /session/8b9d24fb39cbfc9e79ab89721a1c9e7d/element - {"using":"css selector","value":"#shell-header-logo"}
RESULT: {"using":"css selector","value":"#shell-header-logo"}
COMMAND: POST /session/8b9d24fb39cbfc9e79ab89721a1c9e7d/element/f.7652131D378371FA98FE7F43E0E28151.d.4E0DD322FEAC04F6AF7C491023FD6A66.e.5674/click - {}
RESULT: {}
COMMAND: GET /session/8b9d24fb39cbfc9e79ab89721a1c9e7d/screenshot - {}
RESULT: {}
]]></system-out>
    </testcase>
    <testcase classname="chrome.137_0_7151_69.windows.Provide_to_Site_w/_warehouse_management_w_clarification" name="Should create a new contract" time="63.051">
      <system-out><![CDATA[
COMMAND: POST /session/8b9d24fb39cbfc9e79ab89721a1c9e7d/execute/async - {"script":"<script> [1562 bytes]","args":[{"selector":{"controlType":"sap.m.GenericTile","properties":{"header":"Manage Contracts"}},"wdio_ui5_key":"sapm.GenericTile{\"header\":\"Manage Contracts\"}"}]}
RESULT: {"script":"<script> [1562 bytes]","args":[{"selector":{"controlType":"sap.m.GenericTile","properties":{"header":"Manage Contracts"}},"wdio_ui5_key":"sapm.GenericTile{\"header\":\"Manage Contracts\"}"}]}
RESULT: undefined
COMMAND: POST /session/8b9d24fb39cbfc9e79ab89721a1c9e7d/element - {"using":"xpath","value":"//*[@id=\"__tile133\"]"}
RESULT: {"using":"xpath","value":"//*[@id=\"__tile133\"]"}
COMMAND: POST /session/8b9d24fb39cbfc9e79ab89721a1c9e7d/element/f.7652131D378371FA98FE7F43E0E28151.d.4E0DD322FEAC04F6AF7C491023FD6A66.e.4966/click - {}
RESULT: {}
COMMAND: GET /session/8b9d24fb39cbfc9e79ab89721a1c9e7d/screenshot - {}
RESULT: {}
COMMAND: POST /session/8b9d24fb39cbfc9e79ab89721a1c9e7d/elements - {"using":"xpath","value":"//span[text()='Error']"}
RESULT: {"using":"xpath","value":"//span[text()='Error']"}
COMMAND: POST /session/8b9d24fb39cbfc9e79ab89721a1c9e7d/element - {"using":"xpath","value":"//button[@data-kt=\"addButton\"]"}
RESULT: {"using":"xpath","value":"//button[@data-kt=\"addButton\"]"}
COMMAND: POST /session/8b9d24fb39cbfc9e79ab89721a1c9e7d/elements - {"using":"xpath","value":"//button[@data-kt=\"addButton\"]"}
RESULT: {"using":"xpath","value":"//button[@data-kt=\"addButton\"]"}
COMMAND: POST /session/8b9d24fb39cbfc9e79ab89721a1c9e7d/execute/sync - {"script":"<script> [8489 bytes]","args":[{"element-6066-11e4-a52e-4f735466cecf":"f.7652131D378371FA98FE7F43E0E28151.d.4E0DD322FEAC04F6AF7C491023FD6A66.e.6536","ELEMENT":"f.7652131D378371FA98FE7F43E0E28151.d.4E0DD322FEAC04F6AF7C491023FD6A66.e.6536"}]}
RESULT: {"script":"<script> [8489 bytes]","args":[{"element-6066-11e4-a52e-4f735466cecf":"f.7652131D378371FA98FE7F43E0E28151.d.4E0DD322FEAC04F6AF7C491023FD6A66.e.6536","ELEMENT":"f.7652131D378371FA98FE7F43E0E28151.d.4E0DD322FEAC04F6AF7C491023FD6A66.e.6536"}]}
COMMAND: GET /session/8b9d24fb39cbfc9e79ab89721a1c9e7d/element/f.7652131D378371FA98FE7F43E0E28151.d.4E0DD322FEAC04F6AF7C491023FD6A66.e.6536/enabled - {}
COMMAND: GET /session/8b9d24fb39cbfc9e79ab89721a1c9e7d/screenshot - {}
RESULT: {}
COMMAND: POST /session/8b9d24fb39cbfc9e79ab89721a1c9e7d/execute/sync - {"script":"<script> [8489 bytes]","args":[{"element-6066-11e4-a52e-4f735466cecf":"f.7652131D378371FA98FE7F43E0E28151.d.4E0DD322FEAC04F6AF7C491023FD6A66.e.6536","ELEMENT":"f.7652131D378371FA98FE7F43E0E28151.d.4E0DD322FEAC04F6AF7C491023FD6A66.e.6536"}]}
COMMAND: GET /session/8b9d24fb39cbfc9e79ab89721a1c9e7d/screenshot - {}
RESULT: {}
RESULT: {"script":"<script> [8489 bytes]","args":[{"element-6066-11e4-a52e-4f735466cecf":"f.7652131D378371FA98FE7F43E0E28151.d.4E0DD322FEAC04F6AF7C491023FD6A66.e.6536","ELEMENT":"f.7652131D378371FA98FE7F43E0E28151.d.4E0DD322FEAC04F6AF7C491023FD6A66.e.6536"}]}
COMMAND: POST /session/8b9d24fb39cbfc9e79ab89721a1c9e7d/execute/sync - {"script":"<script> [5351 bytes]","args":[{"element-6066-11e4-a52e-4f735466cecf":"f.7652131D378371FA98FE7F43E0E28151.d.4E0DD322FEAC04F6AF7C491023FD6A66.e.6536","ELEMENT":"f.7652131D378371FA98FE7F43E0E28151.d.4E0DD322FEAC04F6AF7C491023FD6A66.e.6536"}]}
COMMAND: GET /session/8b9d24fb39cbfc9e79ab89721a1c9e7d/screenshot - {}
RESULT: {}
RESULT: {"script":"<script> [5351 bytes]","args":[{"element-6066-11e4-a52e-4f735466cecf":"f.7652131D378371FA98FE7F43E0E28151.d.4E0DD322FEAC04F6AF7C491023FD6A66.e.6536","ELEMENT":"f.7652131D378371FA98FE7F43E0E28151.d.4E0DD322FEAC04F6AF7C491023FD6A66.e.6536"}]}
COMMAND: GET /session/8b9d24fb39cbfc9e79ab89721a1c9e7d/screenshot - {}
RESULT: {}
RESULT: {}
COMMAND: POST /session/8b9d24fb39cbfc9e79ab89721a1c9e7d/element/f.7652131D378371FA98FE7F43E0E28151.d.4E0DD322FEAC04F6AF7C491023FD6A66.e.6536/click - {}
RESULT: {}
COMMAND: GET /session/8b9d24fb39cbfc9e79ab89721a1c9e7d/screenshot - {}
COMMAND: POST /session/8b9d24fb39cbfc9e79ab89721a1c9e7d/execute/async - {"script":"<script> [1562 bytes]","args":[{"selector":{"id":"application-managecontracts-display-component---AddNewContract--projectDescription","interaction":{"idSuffix":"inner"}},"wdio_ui5_key":"applicationmanagecontracts-display-component---AddNewContract--projectDescription"}]}
RESULT: {}
RESULT: {"script":"<script> [1562 bytes]","args":[{"selector":{"id":"application-managecontracts-display-component---AddNewContract--projectDescription","interaction":{"idSuffix":"inner"}},"wdio_ui5_key":"applicationmanagecontracts-display-component---AddNewContract--projectDescription"}]}
RESULT: undefined
COMMAND: POST /session/8b9d24fb39cbfc9e79ab89721a1c9e7d/execute/async - {"script":"<script> [776 bytes]","args":[{"enterText":"Contract WDIO","selector":{"id":"application-managecontracts-display-component---AddNewContract--projectDescription","interaction":{"idSuffix":"inner"}},"clearTextFirst":true,"interactionType":"ENTER_TEXT"}]}
RESULT: {"script":"<script> [776 bytes]","args":[{"enterText":"Contract WDIO","selector":{"id":"application-managecontracts-display-component---AddNewContract--projectDescription","interaction":{"idSuffix":"inner"}},"clearTextFirst":true,"interactionType":"ENTER_TEXT"}]}
COMMAND: POST /session/8b9d24fb39cbfc9e79ab89721a1c9e7d/element - {"using":"xpath","value":"//input[@id=\"application-managecontracts-display-component---AddNewContract--site-inner\"]"}
RESULT: {"using":"xpath","value":"//input[@id=\"application-managecontracts-display-component---AddNewContract--site-inner\"]"}
COMMAND: POST /session/8b9d24fb39cbfc9e79ab89721a1c9e7d/element/f.7652131D378371FA98FE7F43E0E28151.d.4E0DD322FEAC04F6AF7C491023FD6A66.e.6856/clear - {}
RESULT: {}
COMMAND: POST /session/8b9d24fb39cbfc9e79ab89721a1c9e7d/element/f.7652131D378371FA98FE7F43E0E28151.d.4E0DD322FEAC04F6AF7C491023FD6A66.e.6856/value - {"text":"2085"}
COMMAND: GET /session/8b9d24fb39cbfc9e79ab89721a1c9e7d/screenshot - {}
RESULT: {"text":"2085"}
COMMAND: GET /session/8b9d24fb39cbfc9e79ab89721a1c9e7d/screenshot - {}
RESULT: {}
RESULT: {}
COMMAND: POST /session/8b9d24fb39cbfc9e79ab89721a1c9e7d/element - {"using":"xpath","value":"//li[.//span[text()='2085']]"}
RESULT: {"using":"xpath","value":"//li[.//span[text()='2085']]"}
COMMAND: POST /session/8b9d24fb39cbfc9e79ab89721a1c9e7d/element/f.7652131D378371FA98FE7F43E0E28151.d.4E0DD322FEAC04F6AF7C491023FD6A66.e.6939/click - {}
RESULT: {}
COMMAND: GET /session/8b9d24fb39cbfc9e79ab89721a1c9e7d/screenshot - {}
RESULT: {}
COMMAND: POST /session/8b9d24fb39cbfc9e79ab89721a1c9e7d/element - {"using":"xpath","value":"//input[@id=\"application-managecontracts-display-component---AddNewContract--yardId-inner\"]"}
RESULT: {"using":"xpath","value":"//input[@id=\"application-managecontracts-display-component---AddNewContract--yardId-inner\"]"}
COMMAND: GET /session/8b9d24fb39cbfc9e79ab89721a1c9e7d/element/f.7652131D378371FA98FE7F43E0E28151.d.4E0DD322FEAC04F6AF7C491023FD6A66.e.6857/property/value - {}
RESULT: {}
COMMAND: POST /session/8b9d24fb39cbfc9e79ab89721a1c9e7d/element - {"using":"xpath","value":"//input[@id=\"application-managecontracts-display-component---AddNewContract--customerSelect-inner\"]"}
COMMAND: GET /session/8b9d24fb39cbfc9e79ab89721a1c9e7d/screenshot - {}
RESULT: {"using":"xpath","value":"//input[@id=\"application-managecontracts-display-component---AddNewContract--customerSelect-inner\"]"}
COMMAND: POST /session/8b9d24fb39cbfc9e79ab89721a1c9e7d/element/f.7652131D378371FA98FE7F43E0E28151.d.4E0DD322FEAC04F6AF7C491023FD6A66.e.6855/clear - {}
RESULT: {}
RESULT: {}
COMMAND: POST /session/8b9d24fb39cbfc9e79ab89721a1c9e7d/element/f.7652131D378371FA98FE7F43E0E28151.d.4E0DD322FEAC04F6AF7C491023FD6A66.e.6855/value - {"text":"1091"}
COMMAND: GET /session/8b9d24fb39cbfc9e79ab89721a1c9e7d/screenshot - {}
RESULT: {"text":"1091"}
COMMAND: GET /session/8b9d24fb39cbfc9e79ab89721a1c9e7d/screenshot - {}
RESULT: {}
RESULT: {}
COMMAND: POST /session/8b9d24fb39cbfc9e79ab89721a1c9e7d/element - {"using":"xpath","value":"//li[.//span[text()='1091']]"}
RESULT: {"using":"xpath","value":"//li[.//span[text()='1091']]"}
COMMAND: POST /session/8b9d24fb39cbfc9e79ab89721a1c9e7d/element/f.7652131D378371FA98FE7F43E0E28151.d.4E0DD322FEAC04F6AF7C491023FD6A66.e.6942/click - {}
RESULT: {}
COMMAND: GET /session/8b9d24fb39cbfc9e79ab89721a1c9e7d/screenshot - {}
RESULT: {}
COMMAND: POST /session/8b9d24fb39cbfc9e79ab89721a1c9e7d/element - {"using":"xpath","value":"//button[@data-kt=\"saveButton\"]"}
RESULT: {"using":"xpath","value":"//button[@data-kt=\"saveButton\"]"}
COMMAND: POST /session/8b9d24fb39cbfc9e79ab89721a1c9e7d/element/f.7652131D378371FA98FE7F43E0E28151.d.4E0DD322FEAC04F6AF7C491023FD6A66.e.6932/click - {}
RESULT: {}
COMMAND: GET /session/8b9d24fb39cbfc9e79ab89721a1c9e7d/screenshot - {}
RESULT: {}
COMMAND: POST /session/8b9d24fb39cbfc9e79ab89721a1c9e7d/element - {"using":"xpath","value":"//span[contains(@id ,\"contractDetailTitleNoExpanded\")]"}
RESULT: {"using":"xpath","value":"//span[contains(@id ,\"contractDetailTitleNoExpanded\")]"}
COMMAND: POST /session/8b9d24fb39cbfc9e79ab89721a1c9e7d/elements - {"using":"xpath","value":"//span[contains(@id ,\"contractDetailTitleNoExpanded\")]"}
RESULT: {"using":"xpath","value":"//span[contains(@id ,\"contractDetailTitleNoExpanded\")]"}
COMMAND: POST /session/8b9d24fb39cbfc9e79ab89721a1c9e7d/execute/sync - {"script":"<script> [56 bytes]","args":[{"element-6066-11e4-a52e-4f735466cecf":"f.7652131D378371FA98FE7F43E0E28151.d.4E0DD322FEAC04F6AF7C491023FD6A66.e.7010","ELEMENT":"f.7652131D378371FA98FE7F43E0E28151.d.4E0DD322FEAC04F6AF7C491023FD6A66.e.7010"}]}
RESULT: {"script":"<script> [56 bytes]","args":[{"element-6066-11e4-a52e-4f735466cecf":"f.7652131D378371FA98FE7F43E0E28151.d.4E0DD322FEAC04F6AF7C491023FD6A66.e.7010","ELEMENT":"f.7652131D378371FA98FE7F43E0E28151.d.4E0DD322FEAC04F6AF7C491023FD6A66.e.7010"}]}
COMMAND: GET /session/8b9d24fb39cbfc9e79ab89721a1c9e7d/screenshot - {}
RESULT: {}
]]></system-out>
    </testcase>
    <testcase classname="chrome.137_0_7151_69.windows.Provide_to_Site_w/_warehouse_management_w_clarification" name="Should add equipment to the contract" time="58.633">
      <system-out><![CDATA[
COMMAND: POST /session/8b9d24fb39cbfc9e79ab89721a1c9e7d/element - {"using":"xpath","value":"//button[@data-kt=\"contractDetailEditBtnButton\"]"}
RESULT: {"using":"xpath","value":"//button[@data-kt=\"contractDetailEditBtnButton\"]"}
COMMAND: POST /session/8b9d24fb39cbfc9e79ab89721a1c9e7d/element/f.7652131D378371FA98FE7F43E0E28151.d.4E0DD322FEAC04F6AF7C491023FD6A66.e.7013/click - {}
RESULT: {}
COMMAND: GET /session/8b9d24fb39cbfc9e79ab89721a1c9e7d/screenshot - {}
RESULT: {}
COMMAND: POST /session/8b9d24fb39cbfc9e79ab89721a1c9e7d/element - {"using":"xpath","value":"(//span[contains(text(), \"Additional Addresses\")])[2]"}
RESULT: {"using":"xpath","value":"(//span[contains(text(), \"Additional Addresses\")])[2]"}
COMMAND: POST /session/8b9d24fb39cbfc9e79ab89721a1c9e7d/element/f.7652131D378371FA98FE7F43E0E28151.d.4E0DD322FEAC04F6AF7C491023FD6A66.e.7067/click - {}
RESULT: {}
COMMAND: GET /session/8b9d24fb39cbfc9e79ab89721a1c9e7d/screenshot - {}
RESULT: {}
COMMAND: POST /session/8b9d24fb39cbfc9e79ab89721a1c9e7d/element - {"using":"xpath","value":"//button[@data-kt=\"btnAddTableRowOverflowToolbarButton\"]"}
RESULT: {"using":"xpath","value":"//button[@data-kt=\"btnAddTableRowOverflowToolbarButton\"]"}
COMMAND: POST /session/8b9d24fb39cbfc9e79ab89721a1c9e7d/element/f.7652131D378371FA98FE7F43E0E28151.d.4E0DD322FEAC04F6AF7C491023FD6A66.e.7071/click - {}
RESULT: {}
COMMAND: GET /session/8b9d24fb39cbfc9e79ab89721a1c9e7d/screenshot - {}
RESULT: {}
COMMAND: POST /session/8b9d24fb39cbfc9e79ab89721a1c9e7d/element - {"using":"xpath","value":"//div[(text() = 'Standard Entry' or . = 'Standard Entry')]"}
RESULT: {"using":"xpath","value":"//div[(text() = 'Standard Entry' or . = 'Standard Entry')]"}
COMMAND: POST /session/8b9d24fb39cbfc9e79ab89721a1c9e7d/element/f.7652131D378371FA98FE7F43E0E28151.d.4E0DD322FEAC04F6AF7C491023FD6A66.e.7073/click - {}
RESULT: {}
COMMAND: GET /session/8b9d24fb39cbfc9e79ab89721a1c9e7d/screenshot - {}
RESULT: {}
COMMAND: POST /session/8b9d24fb39cbfc9e79ab89721a1c9e7d/element - {"using":"xpath","value":"//td[6]/div/div/div/span"}
RESULT: {"using":"xpath","value":"//td[6]/div/div/div/span"}
COMMAND: POST /session/8b9d24fb39cbfc9e79ab89721a1c9e7d/element/f.7652131D378371FA98FE7F43E0E28151.d.4E0DD322FEAC04F6AF7C491023FD6A66.e.7085/click - {}
RESULT: {}
COMMAND: GET /session/8b9d24fb39cbfc9e79ab89721a1c9e7d/screenshot - {}
RESULT: {}
COMMAND: POST /session/8b9d24fb39cbfc9e79ab89721a1c9e7d/element - {"using":"xpath","value":"(//span[contains(text(), \"Material\")])"}
RESULT: {"using":"xpath","value":"(//span[contains(text(), \"Material\")])"}
COMMAND: POST /session/8b9d24fb39cbfc9e79ab89721a1c9e7d/element/f.7652131D378371FA98FE7F43E0E28151.d.4E0DD322FEAC04F6AF7C491023FD6A66.e.7086/click - {}
RESULT: {}
COMMAND: GET /session/8b9d24fb39cbfc9e79ab89721a1c9e7d/screenshot - {}
RESULT: {}
COMMAND: POST /session/8b9d24fb39cbfc9e79ab89721a1c9e7d/element - {"using":"xpath","value":"//td[7]/div/div/input"}
RESULT: {"using":"xpath","value":"//td[7]/div/div/input"}
COMMAND: POST /session/8b9d24fb39cbfc9e79ab89721a1c9e7d/element/f.7652131D378371FA98FE7F43E0E28151.d.4E0DD322FEAC04F6AF7C491023FD6A66.e.7090/clear - {}
RESULT: {}
COMMAND: POST /session/8b9d24fb39cbfc9e79ab89721a1c9e7d/element/f.7652131D378371FA98FE7F43E0E28151.d.4E0DD322FEAC04F6AF7C491023FD6A66.e.7090/value - {"text":"200114"}
COMMAND: GET /session/8b9d24fb39cbfc9e79ab89721a1c9e7d/screenshot - {}
RESULT: {"text":"200114"}
COMMAND: GET /session/8b9d24fb39cbfc9e79ab89721a1c9e7d/screenshot - {}
RESULT: {}
RESULT: {}
COMMAND: POST /session/8b9d24fb39cbfc9e79ab89721a1c9e7d/actions - {"actions":[{"id":"action22","type":"key","parameters":{},"actions":[{"type":"keyDown","value":""},{"type":"pause","duration":10},{"type":"keyUp","value":""}]}]}
RESULT: {"actions":[{"id":"action22","type":"key","parameters":{},"actions":[{"type":"keyDown","value":""},{"type":"pause","duration":10},{"type":"keyUp","value":""}]}]}
COMMAND: GET /session/8b9d24fb39cbfc9e79ab89721a1c9e7d/screenshot - {}
RESULT: {}
COMMAND: POST /session/8b9d24fb39cbfc9e79ab89721a1c9e7d/execute/sync - {"script":"<script> [276 bytes]","args":["No pricing information was found"]}
RESULT: {"script":"<script> [276 bytes]","args":["No pricing information was found"]}
COMMAND: POST /session/8b9d24fb39cbfc9e79ab89721a1c9e7d/element - {"using":"xpath","value":"//bdi[contains(text(), \"OK\")]"}
COMMAND: GET /session/8b9d24fb39cbfc9e79ab89721a1c9e7d/screenshot - {}
RESULT: {"using":"xpath","value":"//bdi[contains(text(), \"OK\")]"}
COMMAND: POST /session/8b9d24fb39cbfc9e79ab89721a1c9e7d/element/f.7652131D378371FA98FE7F43E0E28151.d.4E0DD322FEAC04F6AF7C491023FD6A66.e.7116/click - {}
RESULT: {}
RESULT: {}
COMMAND: GET /session/8b9d24fb39cbfc9e79ab89721a1c9e7d/screenshot - {}
RESULT: {}
COMMAND: POST /session/8b9d24fb39cbfc9e79ab89721a1c9e7d/element - {"using":"xpath","value":"(//button[@data-kt=\"saveButton\"])[2]"}
RESULT: {"using":"xpath","value":"(//button[@data-kt=\"saveButton\"])[2]"}
COMMAND: POST /session/8b9d24fb39cbfc9e79ab89721a1c9e7d/element/f.7652131D378371FA98FE7F43E0E28151.d.4E0DD322FEAC04F6AF7C491023FD6A66.e.7117/click - {}
RESULT: {}
COMMAND: GET /session/8b9d24fb39cbfc9e79ab89721a1c9e7d/screenshot - {}
RESULT: {}
COMMAND: POST /session/8b9d24fb39cbfc9e79ab89721a1c9e7d/execute/sync - {"script":"<script> [276 bytes]","args":["Some contract items are having rental validity exceeding header rental validity"]}
RESULT: {"script":"<script> [276 bytes]","args":["Some contract items are having rental validity exceeding header rental validity"]}
COMMAND: GET /session/8b9d24fb39cbfc9e79ab89721a1c9e7d/screenshot - {}
RESULT: {}
COMMAND: POST /session/8b9d24fb39cbfc9e79ab89721a1c9e7d/element - {"using":"xpath","value":"//span[contains(@id ,\"contractItemsSmartTable-header-inner\")]"}
RESULT: {"using":"xpath","value":"//span[contains(@id ,\"contractItemsSmartTable-header-inner\")]"}
COMMAND: POST /session/8b9d24fb39cbfc9e79ab89721a1c9e7d/elements - {"using":"xpath","value":"//span[contains(@id ,\"contractItemsSmartTable-header-inner\")]"}
RESULT: {"using":"xpath","value":"//span[contains(@id ,\"contractItemsSmartTable-header-inner\")]"}
COMMAND: POST /session/8b9d24fb39cbfc9e79ab89721a1c9e7d/execute/sync - {"script":"<script> [56 bytes]","args":[{"element-6066-11e4-a52e-4f735466cecf":"f.7652131D378371FA98FE7F43E0E28151.d.4E0DD322FEAC04F6AF7C491023FD6A66.e.7121","ELEMENT":"f.7652131D378371FA98FE7F43E0E28151.d.4E0DD322FEAC04F6AF7C491023FD6A66.e.7121"}]}
RESULT: {"script":"<script> [56 bytes]","args":[{"element-6066-11e4-a52e-4f735466cecf":"f.7652131D378371FA98FE7F43E0E28151.d.4E0DD322FEAC04F6AF7C491023FD6A66.e.7121","ELEMENT":"f.7652131D378371FA98FE7F43E0E28151.d.4E0DD322FEAC04F6AF7C491023FD6A66.e.7121"}]}
]]></system-out>
    </testcase>
    <testcase classname="chrome.137_0_7151_69.windows.Provide_to_Site_w/_warehouse_management_w_clarification" name="Should provide to site" time="40.861">
      <system-out><![CDATA[
COMMAND: POST /session/8b9d24fb39cbfc9e79ab89721a1c9e7d/element - {"using":"xpath","value":"//button[@data-kt=\"provideButton\"]"}
COMMAND: GET /session/8b9d24fb39cbfc9e79ab89721a1c9e7d/screenshot - {}
RESULT: {"using":"xpath","value":"//button[@data-kt=\"provideButton\"]"}
COMMAND: POST /session/8b9d24fb39cbfc9e79ab89721a1c9e7d/element/f.7652131D378371FA98FE7F43E0E28151.d.4E0DD322FEAC04F6AF7C491023FD6A66.e.7122/click - {}
RESULT: {}
RESULT: {}
COMMAND: GET /session/8b9d24fb39cbfc9e79ab89721a1c9e7d/screenshot - {}
RESULT: undefined
COMMAND: POST /session/8b9d24fb39cbfc9e79ab89721a1c9e7d/execute/async - {"script":"<script> [6424 bytes]","args":[{"element-6066-11e4-a52e-4f735466cecf":"f.7652131D378371FA98FE7F43E0E28151.d.4E0DD322FEAC04F6AF7C491023FD6A66.e.6068"},"setValue",["06/13/25"]]}
RESULT: {}
COMMAND: POST /session/8b9d24fb39cbfc9e79ab89721a1c9e7d/execute/async - {"script":"<script> [1562 bytes]","args":[{"selector":{"id":"application-managehandovers-display-component---AddNewHO--dueDate","interaction":{"idSuffix":"inner"}},"wdio_ui5_key":"applicationmanagehandovers-display-component---AddNewHO--dueDate"}]}
RESULT: {"script":"<script> [1562 bytes]","args":[{"selector":{"id":"application-managehandovers-display-component---AddNewHO--dueDate","interaction":{"idSuffix":"inner"}},"wdio_ui5_key":"applicationmanagehandovers-display-component---AddNewHO--dueDate"}]}
COMMAND: POST /session/8b9d24fb39cbfc9e79ab89721a1c9e7d/execute/async - {"script":"<script> [6424 bytes]","args":[{"element-6066-11e4-a52e-4f735466cecf":"f.7652131D378371FA98FE7F43E0E28151.d.4E0DD322FEAC04F6AF7C491023FD6A66.e.7198"},"setValue",["06/13/25"]]}
RESULT: {"script":"<script> [6424 bytes]","args":[{"element-6066-11e4-a52e-4f735466cecf":"f.7652131D378371FA98FE7F43E0E28151.d.4E0DD322FEAC04F6AF7C491023FD6A66.e.7198"},"setValue",["06/13/25"]]}
COMMAND: POST /session/8b9d24fb39cbfc9e79ab89721a1c9e7d/element - {"using":"xpath","value":"//bdi[contains(text(), \"Instructions\")]"}
RESULT: {"using":"xpath","value":"//bdi[contains(text(), \"Instructions\")]"}
COMMAND: POST /session/8b9d24fb39cbfc9e79ab89721a1c9e7d/element/f.7652131D378371FA98FE7F43E0E28151.d.4E0DD322FEAC04F6AF7C491023FD6A66.e.7461/click - {}
RESULT: {}
COMMAND: GET /session/8b9d24fb39cbfc9e79ab89721a1c9e7d/screenshot - {}
RESULT: {}
COMMAND: POST /session/8b9d24fb39cbfc9e79ab89721a1c9e7d/element - {"using":"xpath","value":"//button[@data-kt=\"AddNewHOProvideAddItemsButton\"]"}
RESULT: {"using":"xpath","value":"//button[@data-kt=\"AddNewHOProvideAddItemsButton\"]"}
COMMAND: POST /session/8b9d24fb39cbfc9e79ab89721a1c9e7d/element/f.7652131D378371FA98FE7F43E0E28151.d.4E0DD322FEAC04F6AF7C491023FD6A66.e.7465/click - {}
RESULT: {}
COMMAND: GET /session/8b9d24fb39cbfc9e79ab89721a1c9e7d/screenshot - {}
RESULT: {}
RESULT: undefined
COMMAND: POST /session/8b9d24fb39cbfc9e79ab89721a1c9e7d/element - {"using":"xpath","value":"//*[@id=\"application-managehandovers-display-component---AddNewHO--popup-sa\"]"}
RESULT: {"using":"xpath","value":"//*[@id=\"application-managehandovers-display-component---AddNewHO--popup-sa\"]"}
COMMAND: POST /session/8b9d24fb39cbfc9e79ab89721a1c9e7d/element/f.7652131D378371FA98FE7F43E0E28151.d.4E0DD322FEAC04F6AF7C491023FD6A66.e.7469/click - {}
RESULT: {}
COMMAND: GET /session/8b9d24fb39cbfc9e79ab89721a1c9e7d/screenshot - {}
RESULT: {}
COMMAND: POST /session/8b9d24fb39cbfc9e79ab89721a1c9e7d/element - {"using":"xpath","value":"//*[contains(@id ,\"BDI-content\")][contains(text(), \"Select\")]"}
RESULT: {"using":"xpath","value":"//*[contains(@id ,\"BDI-content\")][contains(text(), \"Select\")]"}
COMMAND: POST /session/8b9d24fb39cbfc9e79ab89721a1c9e7d/element/f.7652131D378371FA98FE7F43E0E28151.d.4E0DD322FEAC04F6AF7C491023FD6A66.e.7471/click - {}
RESULT: {}
COMMAND: GET /session/8b9d24fb39cbfc9e79ab89721a1c9e7d/screenshot - {}
RESULT: {}
COMMAND: POST /session/8b9d24fb39cbfc9e79ab89721a1c9e7d/element - {"using":"xpath","value":"//bdi[(text() = 'Save' or . = 'Save')]"}
RESULT: {"using":"xpath","value":"//bdi[(text() = 'Save' or . = 'Save')]"}
COMMAND: POST /session/8b9d24fb39cbfc9e79ab89721a1c9e7d/element/f.7652131D378371FA98FE7F43E0E28151.d.4E0DD322FEAC04F6AF7C491023FD6A66.e.7479/click - {}
RESULT: {}
COMMAND: GET /session/8b9d24fb39cbfc9e79ab89721a1c9e7d/screenshot - {}
RESULT: {}
]]></system-out>
    </testcase>
    <testcase classname="chrome.137_0_7151_69.windows.Provide_to_Site_w/_warehouse_management_w_clarification" name="Should test for Handover Execution" time="160.514">
      <system-out><![CDATA[
COMMAND: POST /session/8b9d24fb39cbfc9e79ab89721a1c9e7d/execute/async - {"script":"<script> [1562 bytes]","args":[{"selector":{"controlType":"sap.m.Link","viewName":"etm.portal.ui.managehandovers.view.DetailExecuteHO","bindingPath":{"path":"","propertyPath":"/wmDoc","modelName":"warehouseMovModel"}},"wdio_ui5_key":"etmportal.ui.managehandovers.view.DetailExecuteHOsap.m.Link{\"path\":\"\",\"propertyPath\":\"/wmDoc\",\"modelName\":\"warehouseMovModel\"}"}]}
RESULT: {"script":"<script> [1562 bytes]","args":[{"selector":{"controlType":"sap.m.Link","viewName":"etm.portal.ui.managehandovers.view.DetailExecuteHO","bindingPath":{"path":"","propertyPath":"/wmDoc","modelName":"warehouseMovModel"}},"wdio_ui5_key":"etmportal.ui.managehandovers.view.DetailExecuteHOsap.m.Link{\"path\":\"\",\"propertyPath\":\"/wmDoc\",\"modelName\":\"warehouseMovModel\"}"}]}
RESULT: undefined
COMMAND: POST /session/8b9d24fb39cbfc9e79ab89721a1c9e7d/element - {"using":"xpath","value":"//*[@id=\"__link82\"]"}
RESULT: {"using":"xpath","value":"//*[@id=\"__link82\"]"}
COMMAND: POST /session/8b9d24fb39cbfc9e79ab89721a1c9e7d/element/f.7652131D378371FA98FE7F43E0E28151.d.4E0DD322FEAC04F6AF7C491023FD6A66.e.7536/click - {}
RESULT: {}
COMMAND: GET /session/8b9d24fb39cbfc9e79ab89721a1c9e7d/screenshot - {}
RESULT: {}
COMMAND: POST /session/8b9d24fb39cbfc9e79ab89721a1c9e7d/execute/async - {"script":"<script> [1562 bytes]","args":[{"selector":{"controlType":"sap.m.Link","viewName":"etm.portal.ui.managehandovers.view.DetailExecuteHO","properties":{"text":"Warehouse Overview"},"searchOpenDialogs":true},"wdio_ui5_key":"etmportal.ui.managehandovers.view.DetailExecuteHOsap.m.Link{\"text\":\"Warehouse Overview\"}"}]}
RESULT: {"script":"<script> [1562 bytes]","args":[{"selector":{"controlType":"sap.m.Link","viewName":"etm.portal.ui.managehandovers.view.DetailExecuteHO","properties":{"text":"Warehouse Overview"},"searchOpenDialogs":true},"wdio_ui5_key":"etmportal.ui.managehandovers.view.DetailExecuteHOsap.m.Link{\"text\":\"Warehouse Overview\"}"}]}
RESULT: undefined
COMMAND: POST /session/8b9d24fb39cbfc9e79ab89721a1c9e7d/element - {"using":"xpath","value":"//*[@id=\"__link98\"]"}
RESULT: {"using":"xpath","value":"//*[@id=\"__link98\"]"}
COMMAND: POST /session/8b9d24fb39cbfc9e79ab89721a1c9e7d/element/f.7652131D378371FA98FE7F43E0E28151.d.4E0DD322FEAC04F6AF7C491023FD6A66.e.7540/click - {}
RESULT: {}
COMMAND: GET /session/8b9d24fb39cbfc9e79ab89721a1c9e7d/screenshot - {}
COMMAND: POST /session/8b9d24fb39cbfc9e79ab89721a1c9e7d/execute/async - {"script":"<script> [1562 bytes]","args":[{"selector":{"controlType":"sap.m.Button","viewName":"etm.portal.ui.warehousemovements.view.DisplayMovement","viewId":"application-warehousemovements-display-component---displayMovement","i18NText":{"propertyName":"text","key":"execution"},"interaction":{"idSuffix":"BDI-content"}},"wdio_ui5_key":"etmportal.ui.warehousemovements.view.DisplayMovementsap.m.Button{\"propertyName\":\"text\",\"key\":\"execution\"}"}]}
RESULT: {}
RESULT: {"script":"<script> [1562 bytes]","args":[{"selector":{"controlType":"sap.m.Button","viewName":"etm.portal.ui.warehousemovements.view.DisplayMovement","viewId":"application-warehousemovements-display-component---displayMovement","i18NText":{"propertyName":"text","key":"execution"},"interaction":{"idSuffix":"BDI-content"}},"wdio_ui5_key":"etmportal.ui.warehousemovements.view.DisplayMovementsap.m.Button{\"propertyName\":\"text\",\"key\":\"execution\"}"}]}
RESULT: undefined
COMMAND: POST /session/8b9d24fb39cbfc9e79ab89721a1c9e7d/element - {"using":"xpath","value":"//*[@id=\"__button247\"]"}
RESULT: {"using":"xpath","value":"//*[@id=\"__button247\"]"}
COMMAND: POST /session/8b9d24fb39cbfc9e79ab89721a1c9e7d/element/f.7652131D378371FA98FE7F43E0E28151.d.4E0DD322FEAC04F6AF7C491023FD6A66.e.7661/click - {}
RESULT: {}
COMMAND: GET /session/8b9d24fb39cbfc9e79ab89721a1c9e7d/screenshot - {}
RESULT: {}
COMMAND: POST /session/8b9d24fb39cbfc9e79ab89721a1c9e7d/execute/async - {"script":"<script> [1562 bytes]","args":[{"selector":{"controlType":"sap.m.Button","viewName":"etm.portal.ui.warehousemovements.view.ExecuteMovement","viewId":"application-warehousemovements-display-component---executeMovement","properties":{"text":"Items"},"interaction":{"idSuffix":"BDI-content"}},"wdio_ui5_key":"etmportal.ui.warehousemovements.view.ExecuteMovementsap.m.Button{\"text\":\"Items\"}"}]}
RESULT: {"script":"<script> [1562 bytes]","args":[{"selector":{"controlType":"sap.m.Button","viewName":"etm.portal.ui.warehousemovements.view.ExecuteMovement","viewId":"application-warehousemovements-display-component---executeMovement","properties":{"text":"Items"},"interaction":{"idSuffix":"BDI-content"}},"wdio_ui5_key":"etmportal.ui.warehousemovements.view.ExecuteMovementsap.m.Button{\"text\":\"Items\"}"}]}
RESULT: undefined
COMMAND: POST /session/8b9d24fb39cbfc9e79ab89721a1c9e7d/element - {"using":"xpath","value":"//*[@id=\"__layout381-anchBar-application-warehousemovements-display-component---executeMovement--itemsSection-anchor\"]"}
RESULT: {"using":"xpath","value":"//*[@id=\"__layout381-anchBar-application-warehousemovements-display-component---executeMovement--itemsSection-anchor\"]"}
COMMAND: POST /session/8b9d24fb39cbfc9e79ab89721a1c9e7d/element/f.7652131D378371FA98FE7F43E0E28151.d.4E0DD322FEAC04F6AF7C491023FD6A66.e.7758/click - {}
RESULT: {}
COMMAND: GET /session/8b9d24fb39cbfc9e79ab89721a1c9e7d/screenshot - {}
RESULT: {}
COMMAND: POST /session/8b9d24fb39cbfc9e79ab89721a1c9e7d/execute/async - {"script":"<script> [1562 bytes]","args":[{"selector":{"controlType":"sap.m.ToggleButton","viewName":"etm.portal.ui.warehousemovements.view.ExecuteMovement","viewId":"application-warehousemovements-display-component---executeMovement","bindingPath":{"propertyPath":"STATUS","modelName":"catalogModel"},"interaction":{"idSuffix":"BDI-content"}},"wdio_ui5_key":"etmportal.ui.warehousemovements.view.ExecuteMovementsap.m.ToggleButton{\"propertyPath\":\"STATUS\",\"modelName\":\"catalogModel\"}"}]}
RESULT: {"script":"<script> [1562 bytes]","args":[{"selector":{"controlType":"sap.m.ToggleButton","viewName":"etm.portal.ui.warehousemovements.view.ExecuteMovement","viewId":"application-warehousemovements-display-component---executeMovement","bindingPath":{"propertyPath":"STATUS","modelName":"catalogModel"},"interaction":{"idSuffix":"BDI-content"}},"wdio_ui5_key":"etmportal.ui.warehousemovements.view.ExecuteMovementsap.m.ToggleButton{\"propertyPath\":\"STATUS\",\"modelName\":\"catalogModel\"}"}]}
RESULT: undefined
COMMAND: POST /session/8b9d24fb39cbfc9e79ab89721a1c9e7d/element - {"using":"xpath","value":"//*[@id=\"__button272-__clone2232\"]"}
RESULT: {"using":"xpath","value":"//*[@id=\"__button272-__clone2232\"]"}
COMMAND: POST /session/8b9d24fb39cbfc9e79ab89721a1c9e7d/element/f.7652131D378371FA98FE7F43E0E28151.d.4E0DD322FEAC04F6AF7C491023FD6A66.e.7736/click - {}
RESULT: {}
RESULT: undefined
COMMAND: POST /session/8b9d24fb39cbfc9e79ab89721a1c9e7d/element - {"using":"xpath","value":"//*[@id=\"__button272-__clone2232\"]"}
COMMAND: GET /session/8b9d24fb39cbfc9e79ab89721a1c9e7d/screenshot - {}
RESULT: {"using":"xpath","value":"//*[@id=\"__button272-__clone2232\"]"}
COMMAND: POST /session/8b9d24fb39cbfc9e79ab89721a1c9e7d/element/f.7652131D378371FA98FE7F43E0E28151.d.4E0DD322FEAC04F6AF7C491023FD6A66.e.7736/click - {}
RESULT: {}
RESULT: {}
COMMAND: GET /session/8b9d24fb39cbfc9e79ab89721a1c9e7d/screenshot - {}
RESULT: {}
COMMAND: POST /session/8b9d24fb39cbfc9e79ab89721a1c9e7d/element - {"using":"xpath","value":"//section[contains(@id,\"FC-NoHead\")]/div[1]/div[5]/div[2]/span"}
RESULT: {"using":"xpath","value":"//section[contains(@id,\"FC-NoHead\")]/div[1]/div[5]/div[2]/span"}
COMMAND: POST /session/8b9d24fb39cbfc9e79ab89721a1c9e7d/elements - {"using":"xpath","value":"//section[contains(@id,\"FC-NoHead\")]/div[1]/div[5]/div[2]/span"}
RESULT: {"using":"xpath","value":"//section[contains(@id,\"FC-NoHead\")]/div[1]/div[5]/div[2]/span"}
COMMAND: POST /session/8b9d24fb39cbfc9e79ab89721a1c9e7d/execute/sync - {"script":"<script> [56 bytes]","args":[{"element-6066-11e4-a52e-4f735466cecf":"f.7652131D378371FA98FE7F43E0E28151.d.4E0DD322FEAC04F6AF7C491023FD6A66.e.7765","ELEMENT":"f.7652131D378371FA98FE7F43E0E28151.d.4E0DD322FEAC04F6AF7C491023FD6A66.e.7765"}]}
RESULT: {"script":"<script> [56 bytes]","args":[{"element-6066-11e4-a52e-4f735466cecf":"f.7652131D378371FA98FE7F43E0E28151.d.4E0DD322FEAC04F6AF7C491023FD6A66.e.7765","ELEMENT":"f.7652131D378371FA98FE7F43E0E28151.d.4E0DD322FEAC04F6AF7C491023FD6A66.e.7765"}]}
COMMAND: POST /session/8b9d24fb39cbfc9e79ab89721a1c9e7d/actions - {"actions":[{"id":"action23","type":"key","parameters":{},"actions":[{"type":"keyDown","value":""},{"type":"pause","duration":10},{"type":"keyUp","value":""}]}]}
COMMAND: GET /session/8b9d24fb39cbfc9e79ab89721a1c9e7d/screenshot - {}
RESULT: {"actions":[{"id":"action23","type":"key","parameters":{},"actions":[{"type":"keyDown","value":""},{"type":"pause","duration":10},{"type":"keyUp","value":""}]}]}
COMMAND: POST /session/8b9d24fb39cbfc9e79ab89721a1c9e7d/execute/async - {"script":"<script> [1562 bytes]","args":[{"selector":{"id":"application-warehousemovements-display-component---executeMovement--executeId","interaction":{"idSuffix":"BDI-content"}},"wdio_ui5_key":"applicationwarehousemovements-display-component---executeMovement--executeId"}]}
COMMAND: GET /session/8b9d24fb39cbfc9e79ab89721a1c9e7d/screenshot - {}
RESULT: {}
RESULT: {"script":"<script> [1562 bytes]","args":[{"selector":{"id":"application-warehousemovements-display-component---executeMovement--executeId","interaction":{"idSuffix":"BDI-content"}},"wdio_ui5_key":"applicationwarehousemovements-display-component---executeMovement--executeId"}]}
RESULT: undefined
COMMAND: POST /session/8b9d24fb39cbfc9e79ab89721a1c9e7d/element - {"using":"xpath","value":"//*[@id=\"application-warehousemovements-display-component---executeMovement--executeId\"]"}
RESULT: {}
RESULT: {"using":"xpath","value":"//*[@id=\"application-warehousemovements-display-component---executeMovement--executeId\"]"}
COMMAND: POST /session/8b9d24fb39cbfc9e79ab89721a1c9e7d/element/f.7652131D378371FA98FE7F43E0E28151.d.4E0DD322FEAC04F6AF7C491023FD6A66.e.7730/click - {}
RESULT: {}
COMMAND: GET /session/8b9d24fb39cbfc9e79ab89721a1c9e7d/screenshot - {}
RESULT: {}
COMMAND: POST /session/8b9d24fb39cbfc9e79ab89721a1c9e7d/element - {"using":"css selector","value":"#shell-header-logo"}
RESULT: {"using":"css selector","value":"#shell-header-logo"}
COMMAND: POST /session/8b9d24fb39cbfc9e79ab89721a1c9e7d/element/f.7652131D378371FA98FE7F43E0E28151.d.4E0DD322FEAC04F6AF7C491023FD6A66.e.6491/click - {}
RESULT: {}
COMMAND: GET /session/8b9d24fb39cbfc9e79ab89721a1c9e7d/screenshot - {}
RESULT: {}
RESULT: undefined
COMMAND: POST /session/8b9d24fb39cbfc9e79ab89721a1c9e7d/element - {"using":"xpath","value":"//*[@id=\"__tile132\"]"}
RESULT: {"using":"xpath","value":"//*[@id=\"__tile132\"]"}
COMMAND: POST /session/8b9d24fb39cbfc9e79ab89721a1c9e7d/element/f.7652131D378371FA98FE7F43E0E28151.d.4E0DD322FEAC04F6AF7C491023FD6A66.e.4977/click - {}
RESULT: {}
COMMAND: GET /session/8b9d24fb39cbfc9e79ab89721a1c9e7d/screenshot - {}
RESULT: {}
COMMAND: POST /session/8b9d24fb39cbfc9e79ab89721a1c9e7d/elements - {"using":"xpath","value":"//span[text()='Error']"}
RESULT: {"using":"xpath","value":"//span[text()='Error']"}
COMMAND: POST /session/8b9d24fb39cbfc9e79ab89721a1c9e7d/execute/async - {"script":"<script> [1562 bytes]","args":[{"selector":{"controlType":"sap.m.SearchField","viewName":"etm.portal.ui.managehandovers.view.MasterHO","bindingPath":{"propertyPath":"/_BASIC_SEARCH_FIELD","modelName":"fi1t3rM0d31"},"interaction":{"idSuffix":"I"}},"wdio_ui5_key":"etmportal.ui.managehandovers.view.MasterHOsap.m.SearchField{\"propertyPath\":\"/_BASIC_SEARCH_FIELD\",\"modelName\":\"fi1t3rM0d31\"}"}]}
RESULT: {"script":"<script> [1562 bytes]","args":[{"selector":{"controlType":"sap.m.SearchField","viewName":"etm.portal.ui.managehandovers.view.MasterHO","bindingPath":{"propertyPath":"/_BASIC_SEARCH_FIELD","modelName":"fi1t3rM0d31"},"interaction":{"idSuffix":"I"}},"wdio_ui5_key":"etmportal.ui.managehandovers.view.MasterHOsap.m.SearchField{\"propertyPath\":\"/_BASIC_SEARCH_FIELD\",\"modelName\":\"fi1t3rM0d31\"}"}]}
RESULT: undefined
COMMAND: POST /session/8b9d24fb39cbfc9e79ab89721a1c9e7d/execute/async - {"script":"<script> [776 bytes]","args":[{"enterText":"30366","selector":{"controlType":"sap.m.SearchField","viewName":"etm.portal.ui.managehandovers.view.MasterHO","bindingPath":{"propertyPath":"/_BASIC_SEARCH_FIELD","modelName":"fi1t3rM0d31"},"interaction":{"idSuffix":"I"}},"clearTextFirst":true,"interactionType":"ENTER_TEXT"}]}
RESULT: {"script":"<script> [776 bytes]","args":[{"enterText":"30366","selector":{"controlType":"sap.m.SearchField","viewName":"etm.portal.ui.managehandovers.view.MasterHO","bindingPath":{"propertyPath":"/_BASIC_SEARCH_FIELD","modelName":"fi1t3rM0d31"},"interaction":{"idSuffix":"I"}},"clearTextFirst":true,"interactionType":"ENTER_TEXT"}]}
COMMAND: POST /session/8b9d24fb39cbfc9e79ab89721a1c9e7d/actions - {"actions":[{"id":"action24","type":"key","parameters":{},"actions":[{"type":"keyDown","value":""},{"type":"pause","duration":10},{"type":"keyUp","value":""}]}]}
RESULT: {"actions":[{"id":"action24","type":"key","parameters":{},"actions":[{"type":"keyDown","value":""},{"type":"pause","duration":10},{"type":"keyUp","value":""}]}]}
COMMAND: GET /session/8b9d24fb39cbfc9e79ab89721a1c9e7d/screenshot - {}
RESULT: {}
COMMAND: POST /session/8b9d24fb39cbfc9e79ab89721a1c9e7d/execute/async - {"script":"<script> [1562 bytes]","args":[{"selector":{"controlType":"sap.ui.core.Icon","viewName":"etm.portal.ui.managehandovers.view.MasterHO","properties":{"src":{"regex":{"source":"slim\\-arrow\\-right"}}}},"wdio_ui5_key":"etmportal.ui.managehandovers.view.MasterHOsap.ui.core.Icon{\"src\":{\"regex\":{\"source\":\"slim\\\\-arrow\\\\-right\"}}}"}]}
RESULT: {"script":"<script> [1562 bytes]","args":[{"selector":{"controlType":"sap.ui.core.Icon","viewName":"etm.portal.ui.managehandovers.view.MasterHO","properties":{"src":{"regex":{"source":"slim\\-arrow\\-right"}}}},"wdio_ui5_key":"etmportal.ui.managehandovers.view.MasterHOsap.ui.core.Icon{\"src\":{\"regex\":{\"source\":\"slim\\\\-arrow\\\\-right\"}}}"}]}
RESULT: undefined
COMMAND: POST /session/8b9d24fb39cbfc9e79ab89721a1c9e7d/element - {"using":"xpath","value":"//*[@id=\"__item1154-__clone2311-imgNav\"]"}
RESULT: {"using":"xpath","value":"//*[@id=\"__item1154-__clone2311-imgNav\"]"}
COMMAND: POST /session/8b9d24fb39cbfc9e79ab89721a1c9e7d/element/f.7652131D378371FA98FE7F43E0E28151.d.4E0DD322FEAC04F6AF7C491023FD6A66.e.7931/click - {}
RESULT: {}
COMMAND: GET /session/8b9d24fb39cbfc9e79ab89721a1c9e7d/screenshot - {}
RESULT: {}
COMMAND: POST /session/8b9d24fb39cbfc9e79ab89721a1c9e7d/element - {"using":"xpath","value":"//button[@data-kt=\"IssuingTableConfirmAllButton\"]"}
RESULT: {"using":"xpath","value":"//button[@data-kt=\"IssuingTableConfirmAllButton\"]"}
COMMAND: POST /session/8b9d24fb39cbfc9e79ab89721a1c9e7d/element/f.7652131D378371FA98FE7F43E0E28151.d.4E0DD322FEAC04F6AF7C491023FD6A66.e.8031/click - {}
RESULT: {}
COMMAND: GET /session/8b9d24fb39cbfc9e79ab89721a1c9e7d/screenshot - {}
RESULT: {}
COMMAND: POST /session/8b9d24fb39cbfc9e79ab89721a1c9e7d/element - {"using":"xpath","value":"//bdi[contains(text(), \"OK\")]"}
RESULT: {"using":"xpath","value":"//bdi[contains(text(), \"OK\")]"}
COMMAND: POST /session/8b9d24fb39cbfc9e79ab89721a1c9e7d/element/f.7652131D378371FA98FE7F43E0E28151.d.4E0DD322FEAC04F6AF7C491023FD6A66.e.8034/click - {}
RESULT: {}
COMMAND: GET /session/8b9d24fb39cbfc9e79ab89721a1c9e7d/screenshot - {}
RESULT: {}
COMMAND: POST /session/8b9d24fb39cbfc9e79ab89721a1c9e7d/element - {"using":"xpath","value":"//button[@data-kt=\"execHoIssueButton\"]"}
RESULT: {"using":"xpath","value":"//button[@data-kt=\"execHoIssueButton\"]"}
COMMAND: POST /session/8b9d24fb39cbfc9e79ab89721a1c9e7d/element/f.7652131D378371FA98FE7F43E0E28151.d.4E0DD322FEAC04F6AF7C491023FD6A66.e.8036/click - {}
RESULT: {}
COMMAND: GET /session/8b9d24fb39cbfc9e79ab89721a1c9e7d/screenshot - {}
RESULT: {}
RESULT: undefined
COMMAND: POST /session/8b9d24fb39cbfc9e79ab89721a1c9e7d/execute/async - {"script":"<script> [776 bytes]","args":[{"enterText":"30366","selector":{"controlType":"sap.m.SearchField","viewName":"etm.portal.ui.managehandovers.view.MasterHO","bindingPath":{"propertyPath":"/_BASIC_SEARCH_FIELD","modelName":"fi1t3rM0d31"},"interaction":{"idSuffix":"I"}},"clearTextFirst":true,"interactionType":"ENTER_TEXT"}]}
RESULT: {"script":"<script> [776 bytes]","args":[{"enterText":"30366","selector":{"controlType":"sap.m.SearchField","viewName":"etm.portal.ui.managehandovers.view.MasterHO","bindingPath":{"propertyPath":"/_BASIC_SEARCH_FIELD","modelName":"fi1t3rM0d31"},"interaction":{"idSuffix":"I"}},"clearTextFirst":true,"interactionType":"ENTER_TEXT"}]}
COMMAND: POST /session/8b9d24fb39cbfc9e79ab89721a1c9e7d/actions - {"actions":[{"id":"action25","type":"key","parameters":{},"actions":[{"type":"keyDown","value":""},{"type":"pause","duration":10},{"type":"keyUp","value":""}]}]}
RESULT: {"actions":[{"id":"action25","type":"key","parameters":{},"actions":[{"type":"keyDown","value":""},{"type":"pause","duration":10},{"type":"keyUp","value":""}]}]}
COMMAND: GET /session/8b9d24fb39cbfc9e79ab89721a1c9e7d/screenshot - {}
RESULT: {}
COMMAND: POST /session/8b9d24fb39cbfc9e79ab89721a1c9e7d/element - {"using":"xpath","value":"//span[(text() = '30366' or . = '30366')]"}
RESULT: {"using":"xpath","value":"//span[(text() = '30366' or . = '30366')]"}
COMMAND: POST /session/8b9d24fb39cbfc9e79ab89721a1c9e7d/element/f.7652131D378371FA98FE7F43E0E28151.d.4E0DD322FEAC04F6AF7C491023FD6A66.e.8080/click - {}
RESULT: {}
COMMAND: GET /session/8b9d24fb39cbfc9e79ab89721a1c9e7d/screenshot - {}
COMMAND: POST /session/8b9d24fb39cbfc9e79ab89721a1c9e7d/element - {"using":"xpath","value":"//span[contains(text(), \"Instructions\")]"}
RESULT: {}
RESULT: {"using":"xpath","value":"//span[contains(text(), \"Instructions\")]"}
COMMAND: POST /session/8b9d24fb39cbfc9e79ab89721a1c9e7d/element/f.7652131D378371FA98FE7F43E0E28151.d.4E0DD322FEAC04F6AF7C491023FD6A66.e.8116/click - {}
RESULT: {}
COMMAND: GET /session/8b9d24fb39cbfc9e79ab89721a1c9e7d/screenshot - {}
RESULT: {}
COMMAND: POST /session/8b9d24fb39cbfc9e79ab89721a1c9e7d/element - {"using":"xpath","value":"//span[contains(text(), \"Instructions\")]"}
RESULT: {"using":"xpath","value":"//span[contains(text(), \"Instructions\")]"}
COMMAND: POST /session/8b9d24fb39cbfc9e79ab89721a1c9e7d/element/f.7652131D378371FA98FE7F43E0E28151.d.4E0DD322FEAC04F6AF7C491023FD6A66.e.8116/click - {}
RESULT: {}
COMMAND: GET /session/8b9d24fb39cbfc9e79ab89721a1c9e7d/screenshot - {}
RESULT: {}
COMMAND: POST /session/8b9d24fb39cbfc9e79ab89721a1c9e7d/execute/async - {"script":"<script> [1562 bytes]","args":[{"selector":{"controlType":"sap.m.ComboBox","viewName":"etm.portal.ui.managehandovers.view.DetailExecuteHO","bindingPath":{"propertyPath":"RECEIVING_SECTION","modelName":"catalogModel"},"interaction":{"idSuffix":"inner"}},"wdio_ui5_key":"etmportal.ui.managehandovers.view.DetailExecuteHOsap.m.ComboBox{\"propertyPath\":\"RECEIVING_SECTION\",\"modelName\":\"catalogModel\"}"}]}
RESULT: {"script":"<script> [1562 bytes]","args":[{"selector":{"controlType":"sap.m.ComboBox","viewName":"etm.portal.ui.managehandovers.view.DetailExecuteHO","bindingPath":{"propertyPath":"RECEIVING_SECTION","modelName":"catalogModel"},"interaction":{"idSuffix":"inner"}},"wdio_ui5_key":"etmportal.ui.managehandovers.view.DetailExecuteHOsap.m.ComboBox{\"propertyPath\":\"RECEIVING_SECTION\",\"modelName\":\"catalogModel\"}"}]}
RESULT: undefined
COMMAND: POST /session/8b9d24fb39cbfc9e79ab89721a1c9e7d/execute/async - {"script":"<script> [776 bytes]","args":[{"enterText":"WDIO-2085","selector":{"controlType":"sap.m.ComboBox","viewName":"etm.portal.ui.managehandovers.view.DetailExecuteHO","bindingPath":{"propertyPath":"RECEIVING_SECTION","modelName":"catalogModel"},"interaction":{"idSuffix":"inner"}},"clearTextFirst":true,"interactionType":"ENTER_TEXT"}]}
RESULT: {"script":"<script> [776 bytes]","args":[{"enterText":"WDIO-2085","selector":{"controlType":"sap.m.ComboBox","viewName":"etm.portal.ui.managehandovers.view.DetailExecuteHO","bindingPath":{"propertyPath":"RECEIVING_SECTION","modelName":"catalogModel"},"interaction":{"idSuffix":"inner"}},"clearTextFirst":true,"interactionType":"ENTER_TEXT"}]}
COMMAND: POST /session/8b9d24fb39cbfc9e79ab89721a1c9e7d/actions - {"actions":[{"id":"action26","type":"key","parameters":{},"actions":[{"type":"keyDown","value":""},{"type":"pause","duration":10},{"type":"keyUp","value":""}]}]}
RESULT: {"actions":[{"id":"action26","type":"key","parameters":{},"actions":[{"type":"keyDown","value":""},{"type":"pause","duration":10},{"type":"keyUp","value":""}]}]}
COMMAND: GET /session/8b9d24fb39cbfc9e79ab89721a1c9e7d/screenshot - {}
RESULT: {}
COMMAND: POST /session/8b9d24fb39cbfc9e79ab89721a1c9e7d/element - {"using":"xpath","value":"//button[@data-kt= \"execHoReceiveButton\"]"}
RESULT: {"using":"xpath","value":"//button[@data-kt= \"execHoReceiveButton\"]"}
COMMAND: POST /session/8b9d24fb39cbfc9e79ab89721a1c9e7d/element/f.7652131D378371FA98FE7F43E0E28151.d.4E0DD322FEAC04F6AF7C491023FD6A66.e.8130/click - {}
RESULT: {}
COMMAND: GET /session/8b9d24fb39cbfc9e79ab89721a1c9e7d/screenshot - {}
RESULT: {}
COMMAND: POST /session/8b9d24fb39cbfc9e79ab89721a1c9e7d/execute/async - {"script":"<script> [1562 bytes]","args":[{"selector":{"controlType":"sap.m.Button","properties":{"text":"Continue"},"searchOpenDialogs":true,"interaction":{"idSuffix":"content"}},"wdio_ui5_key":"sapm.Button{\"text\":\"Continue\"}"}]}
RESULT: {"script":"<script> [1562 bytes]","args":[{"selector":{"controlType":"sap.m.Button","properties":{"text":"Continue"},"searchOpenDialogs":true,"interaction":{"idSuffix":"content"}},"wdio_ui5_key":"sapm.Button{\"text\":\"Continue\"}"}]}
RESULT: undefined
COMMAND: POST /session/8b9d24fb39cbfc9e79ab89721a1c9e7d/element - {"using":"xpath","value":"//*[@id=\"__mbox-btn-6\"]"}
RESULT: {"using":"xpath","value":"//*[@id=\"__mbox-btn-6\"]"}
COMMAND: POST /session/8b9d24fb39cbfc9e79ab89721a1c9e7d/element/f.7652131D378371FA98FE7F43E0E28151.d.4E0DD322FEAC04F6AF7C491023FD6A66.e.8131/click - {}
RESULT: {}
COMMAND: GET /session/8b9d24fb39cbfc9e79ab89721a1c9e7d/screenshot - {}
RESULT: {}
COMMAND: POST /session/8b9d24fb39cbfc9e79ab89721a1c9e7d/element - {"using":"css selector","value":"#shell-header-logo"}
RESULT: {"using":"css selector","value":"#shell-header-logo"}
COMMAND: POST /session/8b9d24fb39cbfc9e79ab89721a1c9e7d/element/f.7652131D378371FA98FE7F43E0E28151.d.4E0DD322FEAC04F6AF7C491023FD6A66.e.7831/click - {}
RESULT: {}
COMMAND: GET /session/8b9d24fb39cbfc9e79ab89721a1c9e7d/screenshot - {}
RESULT: {}
]]></system-out>
    </testcase>
    <testcase classname="chrome.137_0_7151_69.windows.Provide_to_Site_w/_warehouse_management_w_clarification" name="Should test for Clarification" time="65.034">
      <system-out><![CDATA[
RESULT: undefined
COMMAND: POST /session/8b9d24fb39cbfc9e79ab89721a1c9e7d/element - {"using":"xpath","value":"//*[@id=\"__tile132\"]"}
RESULT: {"using":"xpath","value":"//*[@id=\"__tile132\"]"}
COMMAND: POST /session/8b9d24fb39cbfc9e79ab89721a1c9e7d/element/f.7652131D378371FA98FE7F43E0E28151.d.4E0DD322FEAC04F6AF7C491023FD6A66.e.4977/click - {}
RESULT: {}
COMMAND: GET /session/8b9d24fb39cbfc9e79ab89721a1c9e7d/screenshot - {}
RESULT: {}
COMMAND: POST /session/8b9d24fb39cbfc9e79ab89721a1c9e7d/elements - {"using":"xpath","value":"//span[text()='Error']"}
RESULT: {"using":"xpath","value":"//span[text()='Error']"}
RESULT: undefined
COMMAND: POST /session/8b9d24fb39cbfc9e79ab89721a1c9e7d/execute/async - {"script":"<script> [776 bytes]","args":[{"enterText":"30366","selector":{"controlType":"sap.m.SearchField","viewName":"etm.portal.ui.managehandovers.view.MasterHO","bindingPath":{"propertyPath":"/_BASIC_SEARCH_FIELD","modelName":"fi1t3rM0d31"},"interaction":{"idSuffix":"I"}},"clearTextFirst":true,"interactionType":"ENTER_TEXT"}]}
RESULT: {"script":"<script> [776 bytes]","args":[{"enterText":"30366","selector":{"controlType":"sap.m.SearchField","viewName":"etm.portal.ui.managehandovers.view.MasterHO","bindingPath":{"propertyPath":"/_BASIC_SEARCH_FIELD","modelName":"fi1t3rM0d31"},"interaction":{"idSuffix":"I"}},"clearTextFirst":true,"interactionType":"ENTER_TEXT"}]}
COMMAND: POST /session/8b9d24fb39cbfc9e79ab89721a1c9e7d/actions - {"actions":[{"id":"action27","type":"key","parameters":{},"actions":[{"type":"keyDown","value":""},{"type":"pause","duration":10},{"type":"keyUp","value":""}]}]}
RESULT: {"actions":[{"id":"action27","type":"key","parameters":{},"actions":[{"type":"keyDown","value":""},{"type":"pause","duration":10},{"type":"keyUp","value":""}]}]}
COMMAND: GET /session/8b9d24fb39cbfc9e79ab89721a1c9e7d/screenshot - {}
RESULT: {}
COMMAND: POST /session/8b9d24fb39cbfc9e79ab89721a1c9e7d/element - {"using":"xpath","value":"//span[(text() = '30366' or . = '30366')]"}
RESULT: {"using":"xpath","value":"//span[(text() = '30366' or . = '30366')]"}
COMMAND: POST /session/8b9d24fb39cbfc9e79ab89721a1c9e7d/element/f.7652131D378371FA98FE7F43E0E28151.d.4E0DD322FEAC04F6AF7C491023FD6A66.e.8287/click - {}
RESULT: {}
COMMAND: GET /session/8b9d24fb39cbfc9e79ab89721a1c9e7d/screenshot - {}
RESULT: {}
COMMAND: POST /session/8b9d24fb39cbfc9e79ab89721a1c9e7d/element - {"using":"xpath","value":"//span[contains(text(), \"Instructions\")]"}
RESULT: {"using":"xpath","value":"//span[contains(text(), \"Instructions\")]"}
COMMAND: POST /session/8b9d24fb39cbfc9e79ab89721a1c9e7d/element/f.7652131D378371FA98FE7F43E0E28151.d.4E0DD322FEAC04F6AF7C491023FD6A66.e.8382/click - {}
RESULT: {}
COMMAND: GET /session/8b9d24fb39cbfc9e79ab89721a1c9e7d/screenshot - {}
RESULT: {}
COMMAND: POST /session/8b9d24fb39cbfc9e79ab89721a1c9e7d/element - {"using":"xpath","value":"//span[contains(text(), \"Instructions\")]"}
RESULT: {"using":"xpath","value":"//span[contains(text(), \"Instructions\")]"}
COMMAND: POST /session/8b9d24fb39cbfc9e79ab89721a1c9e7d/element/f.7652131D378371FA98FE7F43E0E28151.d.4E0DD322FEAC04F6AF7C491023FD6A66.e.8382/click - {}
RESULT: {}
COMMAND: GET /session/8b9d24fb39cbfc9e79ab89721a1c9e7d/screenshot - {}
RESULT: {}
COMMAND: POST /session/8b9d24fb39cbfc9e79ab89721a1c9e7d/element - {"using":"xpath","value":"//button[.//bdi[text() = \"Refuse\"]]"}
RESULT: {"using":"xpath","value":"//button[.//bdi[text() = \"Refuse\"]]"}
COMMAND: POST /session/8b9d24fb39cbfc9e79ab89721a1c9e7d/element/f.7652131D378371FA98FE7F43E0E28151.d.4E0DD322FEAC04F6AF7C491023FD6A66.e.8388/click - {}
RESULT: {}
COMMAND: GET /session/8b9d24fb39cbfc9e79ab89721a1c9e7d/screenshot - {}
RESULT: {}
COMMAND: POST /session/8b9d24fb39cbfc9e79ab89721a1c9e7d/element - {"using":"xpath","value":"//button[@data-kt= \"execHoReceiveRefuseButton\"]"}
RESULT: {"using":"xpath","value":"//button[@data-kt= \"execHoReceiveRefuseButton\"]"}
COMMAND: POST /session/8b9d24fb39cbfc9e79ab89721a1c9e7d/element/f.7652131D378371FA98FE7F43E0E28151.d.4E0DD322FEAC04F6AF7C491023FD6A66.e.8390/click - {}
RESULT: {}
COMMAND: GET /session/8b9d24fb39cbfc9e79ab89721a1c9e7d/screenshot - {}
RESULT: {}
COMMAND: POST /session/8b9d24fb39cbfc9e79ab89721a1c9e7d/element - {"using":"css selector","value":"#shell-header-logo"}
RESULT: {"using":"css selector","value":"#shell-header-logo"}
COMMAND: POST /session/8b9d24fb39cbfc9e79ab89721a1c9e7d/element/f.7652131D378371FA98FE7F43E0E28151.d.4E0DD322FEAC04F6AF7C491023FD6A66.e.8173/click - {}
RESULT: {}
COMMAND: GET /session/8b9d24fb39cbfc9e79ab89721a1c9e7d/screenshot - {}
RESULT: {}
COMMAND: POST /session/8b9d24fb39cbfc9e79ab89721a1c9e7d/element - {"using":"css selector","value":"#j_username"}
COMMAND: POST /session/8b9d24fb39cbfc9e79ab89721a1c9e7d/url - {"url":"https://qa-testing-00-live-etm-ui.cfapps.eu10-004.hana.ondemand.com/"}
RESULT: {"using":"css selector","value":"#j_username"}
COMMAND: POST /session/8b9d24fb39cbfc9e79ab89721a1c9e7d/element - {"using":"css selector","value":"#j_username"}
RESULT: {"url":"https://qa-testing-00-live-etm-ui.cfapps.eu10-004.hana.ondemand.com/"}
RESULT: undefined
COMMAND: GET /session/8b9d24fb39cbfc9e79ab89721a1c9e7d/screenshot - {}
RESULT: {"using":"css selector","value":"#j_username"}
COMMAND: POST /session/8b9d24fb39cbfc9e79ab89721a1c9e7d/element - {"using":"css selector","value":"#shell-header-logo"}
RESULT: {}
RESULT: {"using":"css selector","value":"#shell-header-logo"}
COMMAND: POST /session/8b9d24fb39cbfc9e79ab89721a1c9e7d/execute/sync - {"script":"<script> [8489 bytes]","args":[{"element-6066-11e4-a52e-4f735466cecf":"f.7652131D378371FA98FE7F43E0E28151.d.70AF146E7290B5D917574688E85A1FFF.e.8439","ELEMENT":"f.7652131D378371FA98FE7F43E0E28151.d.70AF146E7290B5D917574688E85A1FFF.e.8439"}]}
RESULT: {"script":"<script> [8489 bytes]","args":[{"element-6066-11e4-a52e-4f735466cecf":"f.7652131D378371FA98FE7F43E0E28151.d.70AF146E7290B5D917574688E85A1FFF.e.8439","ELEMENT":"f.7652131D378371FA98FE7F43E0E28151.d.70AF146E7290B5D917574688E85A1FFF.e.8439"}]}
COMMAND: POST /session/8b9d24fb39cbfc9e79ab89721a1c9e7d/element - {"using":"css selector","value":"#shell-header-logo"}
COMMAND: GET /session/8b9d24fb39cbfc9e79ab89721a1c9e7d/screenshot - {}
RESULT: {"using":"css selector","value":"#shell-header-logo"}
COMMAND: POST /session/8b9d24fb39cbfc9e79ab89721a1c9e7d/execute/sync - {"script":"<script> [8489 bytes]","args":[{"element-6066-11e4-a52e-4f735466cecf":"f.7652131D378371FA98FE7F43E0E28151.d.70AF146E7290B5D917574688E85A1FFF.e.8439","ELEMENT":"f.7652131D378371FA98FE7F43E0E28151.d.70AF146E7290B5D917574688E85A1FFF.e.8439"}]}
RESULT: {}
RESULT: {"script":"<script> [8489 bytes]","args":[{"element-6066-11e4-a52e-4f735466cecf":"f.7652131D378371FA98FE7F43E0E28151.d.70AF146E7290B5D917574688E85A1FFF.e.8439","ELEMENT":"f.7652131D378371FA98FE7F43E0E28151.d.70AF146E7290B5D917574688E85A1FFF.e.8439"}]}
COMMAND: POST /session/8b9d24fb39cbfc9e79ab89721a1c9e7d/execute/sync - {"script":"<script> [5351 bytes]","args":[{"element-6066-11e4-a52e-4f735466cecf":"f.7652131D378371FA98FE7F43E0E28151.d.70AF146E7290B5D917574688E85A1FFF.e.8439","ELEMENT":"f.7652131D378371FA98FE7F43E0E28151.d.70AF146E7290B5D917574688E85A1FFF.e.8439"}]}
COMMAND: GET /session/8b9d24fb39cbfc9e79ab89721a1c9e7d/screenshot - {}
RESULT: {"script":"<script> [5351 bytes]","args":[{"element-6066-11e4-a52e-4f735466cecf":"f.7652131D378371FA98FE7F43E0E28151.d.70AF146E7290B5D917574688E85A1FFF.e.8439","ELEMENT":"f.7652131D378371FA98FE7F43E0E28151.d.70AF146E7290B5D917574688E85A1FFF.e.8439"}]}
COMMAND: POST /session/8b9d24fb39cbfc9e79ab89721a1c9e7d/element - {"using":"css selector","value":"#shell-header-logo"}
COMMAND: GET /session/8b9d24fb39cbfc9e79ab89721a1c9e7d/screenshot - {}
RESULT: {}
RESULT: {"using":"css selector","value":"#shell-header-logo"}
COMMAND: POST /session/8b9d24fb39cbfc9e79ab89721a1c9e7d/element/f.7652131D378371FA98FE7F43E0E28151.d.70AF146E7290B5D917574688E85A1FFF.e.8439/click - {}
RESULT: {}
RESULT: {}
COMMAND: GET /session/8b9d24fb39cbfc9e79ab89721a1c9e7d/screenshot - {}
RESULT: {}
COMMAND: POST /session/8b9d24fb39cbfc9e79ab89721a1c9e7d/execute/async - {"script":"<script> [189 bytes]","args":[]}
RESULT: {"script":"<script> [189 bytes]","args":[]}
COMMAND: POST /session/8b9d24fb39cbfc9e79ab89721a1c9e7d/execute/async - {"script":"<script> [123 bytes]","args":[]}
RESULT: {"script":"<script> [123 bytes]","args":[]}
COMMAND: POST /session/8b9d24fb39cbfc9e79ab89721a1c9e7d/timeouts - {"script":"<number>"}
RESULT: {"script":"<number>"}
COMMAND: GET /session/8b9d24fb39cbfc9e79ab89721a1c9e7d/timeouts - {}
RESULT: {}
RESULT: undefined
COMMAND: POST /session/8b9d24fb39cbfc9e79ab89721a1c9e7d/execute/async - {"script":"<script> [2676 bytes]","args":[]}
RESULT: {"script":"<script> [2676 bytes]","args":[]}
COMMAND: POST /session/8b9d24fb39cbfc9e79ab89721a1c9e7d/execute/async - {"script":"<script> [2342 bytes]","args":[{"protocol":"http","hostname":"0.0.0.0","path":"/","capabilities":{"browserName":"chrome","goog:chromeOptions":{"binary":"C:\\Program Files\\Google\\Chrome\\Application\\chrome.exe","args":["--start-maximized"]}},"logLevel":"warn","connectionRetryTimeout":120000,"connectionRetryCount":3,"logLevels":{},"enableDirectConnect":true,"strictSSL":true,"_":"65 more keys: [\"cacheDir\",\"port\",\"requestedCapabilities\",\"automationProtocol\",\"baseUrl\",\"waitforInterval\",\"waitforTimeout\",\"onReload\",\"beforeCommand\",\"afterCommand\",\"rootDir\",\"specs\",\"suites\",\"exclude\",\"groupLogsByTestSpec\",\"excludeDriverLogs\",\"bail\",\"framework\",\"reporters\",\"services\",\"maxInstances\",\"maxInstancesPerCapability\",\"injectGlobals\",\"filesToWatch\",\"execArgv\",\"runnerEnv\",\"runner\",\"shard\",\"specFileRetries\",\"specFileRetriesDelay\",\"specFileRetriesDeferred\",\"reporterSyncInterval\",\"reporterSyncTimeout\",\"cucumberFeaturesWithLineNumbers\",\"autoCompileOpts\",\"mochaOpts\",\"jasmineOpts\",\"cucumberOpts\",\"onPrepare\",\"onWorkerStart\",\"onWorkerEnd\",\"before\",\"beforeSession\",\"beforeSuite\",\"beforeHook\",\"beforeTest\",\"afterTest\",\"afterHook\",\"afterSuite\",\"afterSession\",\"after\",\"onComplete\",\"beforeAssertion\",\"afterAssertion\",\"beforeFeature\",\"beforeScenario\",\"beforeStep\",\"afterStep\",\"afterScenario\",\"afterFeature\",\"_\",\"suite\",\"$0\",\"ignoredWorkerServices\",\"wdi5\"]"}]}
RESULT: {"script":"<script> [2342 bytes]","args":[{"protocol":"http","hostname":"0.0.0.0","path":"/","capabilities":{"browserName":"chrome","goog:chromeOptions":{"binary":"C:\\Program Files\\Google\\Chrome\\Application\\chrome.exe","args":["--start-maximized"]}},"logLevel":"warn","connectionRetryTimeout":120000,"connectionRetryCount":3,"logLevels":{},"enableDirectConnect":true,"strictSSL":true,"_":"65 more keys: [\"cacheDir\",\"port\",\"requestedCapabilities\",\"automationProtocol\",\"baseUrl\",\"waitforInterval\",\"waitforTimeout\",\"onReload\",\"beforeCommand\",\"afterCommand\",\"rootDir\",\"specs\",\"suites\",\"exclude\",\"groupLogsByTestSpec\",\"excludeDriverLogs\",\"bail\",\"framework\",\"reporters\",\"services\",\"maxInstances\",\"maxInstancesPerCapability\",\"injectGlobals\",\"filesToWatch\",\"execArgv\",\"runnerEnv\",\"runner\",\"shard\",\"specFileRetries\",\"specFileRetriesDelay\",\"specFileRetriesDeferred\",\"reporterSyncInterval\",\"reporterSyncTimeout\",\"cucumberFeaturesWithLineNumbers\",\"autoCompileOpts\",\"mochaOpts\",\"jasmineOpts\",\"cucumberOpts\",\"onPrepare\",\"onWorkerStart\",\"onWorkerEnd\",\"before\",\"beforeSession\",\"beforeSuite\",\"beforeHook\",\"beforeTest\",\"afterTest\",\"afterHook\",\"afterSuite\",\"afterSession\",\"after\",\"onComplete\",\"beforeAssertion\",\"afterAssertion\",\"beforeFeature\",\"beforeScenario\",\"beforeStep\",\"afterStep\",\"afterScenario\",\"afterFeature\",\"_\",\"suite\",\"$0\",\"ignoredWorkerServices\",\"wdi5\"]"}]}
COMMAND: POST /session/8b9d24fb39cbfc9e79ab89721a1c9e7d/execute/async - {"script":"<script> [21126 bytes]","args":[35000]}
RESULT: {"script":"<script> [21126 bytes]","args":[35000]}
COMMAND: POST /session/8b9d24fb39cbfc9e79ab89721a1c9e7d/window/maximize - {}
RESULT: {}
COMMAND: POST /session/8b9d24fb39cbfc9e79ab89721a1c9e7d/execute/async - {"script":"<script> [1562 bytes]","args":[{"selector":{"id":"shell-header","interaction":{"idSuffix":"icon"}},"wdio_ui5_key":"shellheader"}]}
COMMAND: GET /session/8b9d24fb39cbfc9e79ab89721a1c9e7d/screenshot - {}
RESULT: {"script":"<script> [1562 bytes]","args":[{"selector":{"id":"shell-header","interaction":{"idSuffix":"icon"}},"wdio_ui5_key":"shellheader"}]}
RESULT: undefined
COMMAND: POST /session/8b9d24fb39cbfc9e79ab89721a1c9e7d/window/fullscreen - {}
RESULT: {}
RESULT: {}
]]></system-out>
    </testcase>
  </testsuite>
  <testsuite timestamp="2025-06-13T16:41:17" time="139.267" tests="6" failures="0" errors="0" skipped="0">
    <properties>
      <property name="specId" value="0"/>
      <property name="suiteName" value="Provide to Site w/ warehouse management w/o clarification US113782 "/>
      <property name="capabilities" value="chrome.137_0_7151_69.windows"/>
      <property name="file" value="file:///D:/a/1/s/test/specs/HTR/provide-to-site-w-warehouse-wo-clarification.spec.js"/>
    </properties>
    <testcase classname="chrome.137_0_7151_69.windows.Provide_to_Site_w/_warehouse_management_w/o_clarification_US113782_" name="Should create a new WHM yard" time="0.014">
      <system-out><![CDATA[
COMMAND: POST /session/8b9d24fb39cbfc9e79ab89721a1c9e7d/window/fullscreen - {}
RESULT: {}
]]></system-out>
    </testcase>
    <testcase classname="chrome.137_0_7151_69.windows.Provide_to_Site_w/_warehouse_management_w/o_clarification_US113782_" name="Should create a new external WHM partner" time="0.002"/>
    <testcase classname="chrome.137_0_7151_69.windows.Provide_to_Site_w/_warehouse_management_w/o_clarification_US113782_" name="Should create a new WHM site" time="0.001"/>
    <testcase classname="chrome.137_0_7151_69.windows.Provide_to_Site_w/_warehouse_management_w/o_clarification_US113782_" name="Should create a new material" time="125.152">
      <system-out><![CDATA[
COMMAND: POST /session/8b9d24fb39cbfc9e79ab89721a1c9e7d/execute/async - {"script":"<script> [1562 bytes]","args":[{"selector":{"controlType":"sap.m.GenericTile","properties":{"header":"Manage Resources"}},"wdio_ui5_key":"sapm.GenericTile{\"header\":\"Manage Resources\"}"}]}
RESULT: {"script":"<script> [1562 bytes]","args":[{"selector":{"controlType":"sap.m.GenericTile","properties":{"header":"Manage Resources"}},"wdio_ui5_key":"sapm.GenericTile{\"header\":\"Manage Resources\"}"}]}
RESULT: undefined
COMMAND: POST /session/8b9d24fb39cbfc9e79ab89721a1c9e7d/element - {"using":"xpath","value":"//*[@id=\"__tile32\"]"}
RESULT: {"using":"xpath","value":"//*[@id=\"__tile32\"]"}
COMMAND: POST /session/8b9d24fb39cbfc9e79ab89721a1c9e7d/element/f.7652131D378371FA98FE7F43E0E28151.d.70AF146E7290B5D917574688E85A1FFF.e.8467/click - {}
RESULT: {}
COMMAND: GET /session/8b9d24fb39cbfc9e79ab89721a1c9e7d/screenshot - {}
RESULT: {}
COMMAND: POST /session/8b9d24fb39cbfc9e79ab89721a1c9e7d/elements - {"using":"xpath","value":"//span[text()='Error']"}
RESULT: {"using":"xpath","value":"//span[text()='Error']"}
COMMAND: POST /session/8b9d24fb39cbfc9e79ab89721a1c9e7d/element - {"using":"xpath","value":"//button[@data-kt=\"addNewRUOverflowToolbarButton\"]"}
RESULT: {"using":"xpath","value":"//button[@data-kt=\"addNewRUOverflowToolbarButton\"]"}
COMMAND: POST /session/8b9d24fb39cbfc9e79ab89721a1c9e7d/elements - {"using":"xpath","value":"//button[@data-kt=\"addNewRUOverflowToolbarButton\"]"}
RESULT: {"using":"xpath","value":"//button[@data-kt=\"addNewRUOverflowToolbarButton\"]"}
COMMAND: POST /session/8b9d24fb39cbfc9e79ab89721a1c9e7d/execute/sync - {"script":"<script> [8489 bytes]","args":[{"element-6066-11e4-a52e-4f735466cecf":"f.7652131D378371FA98FE7F43E0E28151.d.70AF146E7290B5D917574688E85A1FFF.e.8610","ELEMENT":"f.7652131D378371FA98FE7F43E0E28151.d.70AF146E7290B5D917574688E85A1FFF.e.8610"}]}
RESULT: {"script":"<script> [8489 bytes]","args":[{"element-6066-11e4-a52e-4f735466cecf":"f.7652131D378371FA98FE7F43E0E28151.d.70AF146E7290B5D917574688E85A1FFF.e.8610","ELEMENT":"f.7652131D378371FA98FE7F43E0E28151.d.70AF146E7290B5D917574688E85A1FFF.e.8610"}]}
COMMAND: GET /session/8b9d24fb39cbfc9e79ab89721a1c9e7d/element/f.7652131D378371FA98FE7F43E0E28151.d.70AF146E7290B5D917574688E85A1FFF.e.8610/enabled - {}
COMMAND: GET /session/8b9d24fb39cbfc9e79ab89721a1c9e7d/screenshot - {}
RESULT: {}
COMMAND: POST /session/8b9d24fb39cbfc9e79ab89721a1c9e7d/execute/sync - {"script":"<script> [8489 bytes]","args":[{"element-6066-11e4-a52e-4f735466cecf":"f.7652131D378371FA98FE7F43E0E28151.d.70AF146E7290B5D917574688E85A1FFF.e.8610","ELEMENT":"f.7652131D378371FA98FE7F43E0E28151.d.70AF146E7290B5D917574688E85A1FFF.e.8610"}]}
COMMAND: GET /session/8b9d24fb39cbfc9e79ab89721a1c9e7d/screenshot - {}
RESULT: {}
RESULT: {"script":"<script> [8489 bytes]","args":[{"element-6066-11e4-a52e-4f735466cecf":"f.7652131D378371FA98FE7F43E0E28151.d.70AF146E7290B5D917574688E85A1FFF.e.8610","ELEMENT":"f.7652131D378371FA98FE7F43E0E28151.d.70AF146E7290B5D917574688E85A1FFF.e.8610"}]}
COMMAND: POST /session/8b9d24fb39cbfc9e79ab89721a1c9e7d/execute/sync - {"script":"<script> [5351 bytes]","args":[{"element-6066-11e4-a52e-4f735466cecf":"f.7652131D378371FA98FE7F43E0E28151.d.70AF146E7290B5D917574688E85A1FFF.e.8610","ELEMENT":"f.7652131D378371FA98FE7F43E0E28151.d.70AF146E7290B5D917574688E85A1FFF.e.8610"}]}
COMMAND: GET /session/8b9d24fb39cbfc9e79ab89721a1c9e7d/screenshot - {}
RESULT: {}
RESULT: {"script":"<script> [5351 bytes]","args":[{"element-6066-11e4-a52e-4f735466cecf":"f.7652131D378371FA98FE7F43E0E28151.d.70AF146E7290B5D917574688E85A1FFF.e.8610","ELEMENT":"f.7652131D378371FA98FE7F43E0E28151.d.70AF146E7290B5D917574688E85A1FFF.e.8610"}]}
COMMAND: POST /session/8b9d24fb39cbfc9e79ab89721a1c9e7d/element/f.7652131D378371FA98FE7F43E0E28151.d.70AF146E7290B5D917574688E85A1FFF.e.8610/click - {}
COMMAND: GET /session/8b9d24fb39cbfc9e79ab89721a1c9e7d/screenshot - {}
RESULT: {}
RESULT: {}
COMMAND: GET /session/8b9d24fb39cbfc9e79ab89721a1c9e7d/screenshot - {}
COMMAND: POST /session/8b9d24fb39cbfc9e79ab89721a1c9e7d/execute/async - {"script":"<script> [1562 bytes]","args":[{"selector":{"id":"application-manageresources-display-component---newResourceUnit--TYPE-arrow"},"wdio_ui5_key":"applicationmanageresources-display-component---newResourceUnit--TYPE-arrow"}]}
RESULT: {}
RESULT: {}
RESULT: {"script":"<script> [1562 bytes]","args":[{"selector":{"id":"application-manageresources-display-component---newResourceUnit--TYPE-arrow"},"wdio_ui5_key":"applicationmanageresources-display-component---newResourceUnit--TYPE-arrow"}]}
RESULT: undefined
COMMAND: POST /session/8b9d24fb39cbfc9e79ab89721a1c9e7d/element - {"using":"xpath","value":"//*[@id=\"application-manageresources-display-component---newResourceUnit--TYPE-arrow\"]"}
RESULT: {"using":"xpath","value":"//*[@id=\"application-manageresources-display-component---newResourceUnit--TYPE-arrow\"]"}
COMMAND: POST /session/8b9d24fb39cbfc9e79ab89721a1c9e7d/element/f.7652131D378371FA98FE7F43E0E28151.d.70AF146E7290B5D917574688E85A1FFF.e.8961/click - {}
RESULT: {}
COMMAND: POST /session/8b9d24fb39cbfc9e79ab89721a1c9e7d/element - {"using":"xpath","value":"//input[@id=\"application-manageresources-display-component---newResourceUnit--TYPE-inner\"]"}
COMMAND: GET /session/8b9d24fb39cbfc9e79ab89721a1c9e7d/screenshot - {}
RESULT: {"using":"xpath","value":"//input[@id=\"application-manageresources-display-component---newResourceUnit--TYPE-inner\"]"}
COMMAND: POST /session/8b9d24fb39cbfc9e79ab89721a1c9e7d/element/f.7652131D378371FA98FE7F43E0E28151.d.70AF146E7290B5D917574688E85A1FFF.e.8954/clear - {}
RESULT: {}
RESULT: {}
COMMAND: POST /session/8b9d24fb39cbfc9e79ab89721a1c9e7d/element/f.7652131D378371FA98FE7F43E0E28151.d.70AF146E7290B5D917574688E85A1FFF.e.8954/value - {"text":"Material"}
COMMAND: GET /session/8b9d24fb39cbfc9e79ab89721a1c9e7d/screenshot - {}
RESULT: {"text":"Material"}
COMMAND: GET /session/8b9d24fb39cbfc9e79ab89721a1c9e7d/screenshot - {}
RESULT: {}
RESULT: {}
COMMAND: POST /session/8b9d24fb39cbfc9e79ab89721a1c9e7d/actions - {"actions":[{"id":"action28","type":"key","parameters":{},"actions":[{"type":"keyDown","value":""},{"type":"pause","duration":10},{"type":"keyUp","value":""}]}]}
RESULT: {"actions":[{"id":"action28","type":"key","parameters":{},"actions":[{"type":"keyDown","value":""},{"type":"pause","duration":10},{"type":"keyUp","value":""}]}]}
COMMAND: POST /session/8b9d24fb39cbfc9e79ab89721a1c9e7d/execute/async - {"script":"<script> [1562 bytes]","args":[{"selector":{"id":"application-manageresources-display-component---newResourceUnit--SHORT_TEXT","interaction":{"idSuffix":"inner"}},"wdio_ui5_key":"applicationmanageresources-display-component---newResourceUnit--SHORT_TEXT"}]}
COMMAND: GET /session/8b9d24fb39cbfc9e79ab89721a1c9e7d/screenshot - {}
RESULT: undefined
RESULT: undefined
RESULT: {"script":"<script> [1562 bytes]","args":[{"selector":{"id":"application-manageresources-display-component---newResourceUnit--SHORT_TEXT","interaction":{"idSuffix":"inner"}},"wdio_ui5_key":"applicationmanageresources-display-component---newResourceUnit--SHORT_TEXT"}]}
RESULT: undefined
COMMAND: POST /session/8b9d24fb39cbfc9e79ab89721a1c9e7d/execute/async - {"script":"<script> [776 bytes]","args":[{"enterText":"Cement WDIO","selector":{"id":"application-manageresources-display-component---newResourceUnit--SHORT_TEXT","interaction":{"idSuffix":"inner"}},"clearTextFirst":true,"interactionType":"ENTER_TEXT"}]}
RESULT: {}
RESULT: {"script":"<script> [776 bytes]","args":[{"enterText":"Cement WDIO","selector":{"id":"application-manageresources-display-component---newResourceUnit--SHORT_TEXT","interaction":{"idSuffix":"inner"}},"clearTextFirst":true,"interactionType":"ENTER_TEXT"}]}
COMMAND: POST /session/8b9d24fb39cbfc9e79ab89721a1c9e7d/execute/async - {"script":"<script> [1562 bytes]","args":[{"selector":{"id":"application-manageresources-display-component---newResourceUnit--BASE_UNIT_OF_MEASURE","interaction":{"idSuffix":"inner"}},"wdio_ui5_key":"applicationmanageresources-display-component---newResourceUnit--BASE_UNIT_OF_MEASURE"}]}
RESULT: {"script":"<script> [1562 bytes]","args":[{"selector":{"id":"application-manageresources-display-component---newResourceUnit--BASE_UNIT_OF_MEASURE","interaction":{"idSuffix":"inner"}},"wdio_ui5_key":"applicationmanageresources-display-component---newResourceUnit--BASE_UNIT_OF_MEASURE"}]}
RESULT: undefined
COMMAND: POST /session/8b9d24fb39cbfc9e79ab89721a1c9e7d/execute/async - {"script":"<script> [776 bytes]","args":[{"enterText":"Piece","selector":{"id":"application-manageresources-display-component---newResourceUnit--BASE_UNIT_OF_MEASURE","interaction":{"idSuffix":"inner"}},"clearTextFirst":true,"interactionType":"ENTER_TEXT"}]}
RESULT: {"script":"<script> [776 bytes]","args":[{"enterText":"Piece","selector":{"id":"application-manageresources-display-component---newResourceUnit--BASE_UNIT_OF_MEASURE","interaction":{"idSuffix":"inner"}},"clearTextFirst":true,"interactionType":"ENTER_TEXT"}]}
COMMAND: POST /session/8b9d24fb39cbfc9e79ab89721a1c9e7d/execute/async - {"script":"<script> [1562 bytes]","args":[{"selector":{"id":"application-manageresources-display-component---newResourceUnit--WEIGHT_UNIT","interaction":{"idSuffix":"inner"}},"wdio_ui5_key":"applicationmanageresources-display-component---newResourceUnit--WEIGHT_UNIT"}]}
RESULT: {"script":"<script> [1562 bytes]","args":[{"selector":{"id":"application-manageresources-display-component---newResourceUnit--WEIGHT_UNIT","interaction":{"idSuffix":"inner"}},"wdio_ui5_key":"applicationmanageresources-display-component---newResourceUnit--WEIGHT_UNIT"}]}
RESULT: undefined
COMMAND: POST /session/8b9d24fb39cbfc9e79ab89721a1c9e7d/execute/async - {"script":"<script> [776 bytes]","args":[{"enterText":"Gram","selector":{"id":"application-manageresources-display-component---newResourceUnit--WEIGHT_UNIT","interaction":{"idSuffix":"inner"}},"clearTextFirst":true,"interactionType":"ENTER_TEXT"}]}
RESULT: {"script":"<script> [776 bytes]","args":[{"enterText":"Gram","selector":{"id":"application-manageresources-display-component---newResourceUnit--WEIGHT_UNIT","interaction":{"idSuffix":"inner"}},"clearTextFirst":true,"interactionType":"ENTER_TEXT"}]}
COMMAND: POST /session/8b9d24fb39cbfc9e79ab89721a1c9e7d/execute/async - {"script":"<script> [1562 bytes]","args":[{"selector":{"id":"application-manageresources-display-component---newResourceUnit--DIMENSION_UNIT","interaction":{"idSuffix":"inner"}},"wdio_ui5_key":"applicationmanageresources-display-component---newResourceUnit--DIMENSION_UNIT"}]}
RESULT: {"script":"<script> [1562 bytes]","args":[{"selector":{"id":"application-manageresources-display-component---newResourceUnit--DIMENSION_UNIT","interaction":{"idSuffix":"inner"}},"wdio_ui5_key":"applicationmanageresources-display-component---newResourceUnit--DIMENSION_UNIT"}]}
RESULT: undefined
COMMAND: POST /session/8b9d24fb39cbfc9e79ab89721a1c9e7d/execute/async - {"script":"<script> [776 bytes]","args":[{"enterText":"Meter","selector":{"id":"application-manageresources-display-component---newResourceUnit--DIMENSION_UNIT","interaction":{"idSuffix":"inner"}},"clearTextFirst":true,"interactionType":"ENTER_TEXT"}]}
RESULT: {"script":"<script> [776 bytes]","args":[{"enterText":"Meter","selector":{"id":"application-manageresources-display-component---newResourceUnit--DIMENSION_UNIT","interaction":{"idSuffix":"inner"}},"clearTextFirst":true,"interactionType":"ENTER_TEXT"}]}
COMMAND: POST /session/8b9d24fb39cbfc9e79ab89721a1c9e7d/execute/async - {"script":"<script> [1562 bytes]","args":[{"selector":{"id":"application-manageresources-display-component---newResourceUnit--newRRUPage-anchBar-application-manageresources-display-component---newResourceUnit--control-anchor","interaction":{"idSuffix":"BDI-content"}},"wdio_ui5_key":"applicationmanageresources-display-component---newResourceUnit--newRRUPage-anchBar-application-manageresources-display-component---newResourceUnit--control-anchor"}]}
RESULT: {"script":"<script> [1562 bytes]","args":[{"selector":{"id":"application-manageresources-display-component---newResourceUnit--newRRUPage-anchBar-application-manageresources-display-component---newResourceUnit--control-anchor","interaction":{"idSuffix":"BDI-content"}},"wdio_ui5_key":"applicationmanageresources-display-component---newResourceUnit--newRRUPage-anchBar-application-manageresources-display-component---newResourceUnit--control-anchor"}]}
RESULT: undefined
COMMAND: POST /session/8b9d24fb39cbfc9e79ab89721a1c9e7d/element - {"using":"xpath","value":"//*[@id=\"application-manageresources-display-component---newResourceUnit--newRRUPage-anchBar-application-manageresources-display-component---newResourceUnit--control-anchor\"]"}
RESULT: {"using":"xpath","value":"//*[@id=\"application-manageresources-display-component---newResourceUnit--newRRUPage-anchBar-application-manageresources-display-component---newResourceUnit--control-anchor\"]"}
COMMAND: POST /session/8b9d24fb39cbfc9e79ab89721a1c9e7d/element/f.7652131D378371FA98FE7F43E0E28151.d.70AF146E7290B5D917574688E85A1FFF.e.9094/click - {}
RESULT: {}
COMMAND: POST /session/8b9d24fb39cbfc9e79ab89721a1c9e7d/execute/async - {"script":"<script> [1562 bytes]","args":[{"selector":{"id":"application-manageresources-display-component---newResourceUnit--PLANNING_GROUP","interaction":{"idSuffix":"inner"}},"wdio_ui5_key":"applicationmanageresources-display-component---newResourceUnit--PLANNING_GROUP"}]}
COMMAND: GET /session/8b9d24fb39cbfc9e79ab89721a1c9e7d/screenshot - {}
RESULT: {"script":"<script> [1562 bytes]","args":[{"selector":{"id":"application-manageresources-display-component---newResourceUnit--PLANNING_GROUP","interaction":{"idSuffix":"inner"}},"wdio_ui5_key":"applicationmanageresources-display-component---newResourceUnit--PLANNING_GROUP"}]}
RESULT: undefined
COMMAND: POST /session/8b9d24fb39cbfc9e79ab89721a1c9e7d/execute/async - {"script":"<script> [776 bytes]","args":[{"enterText":"Material","selector":{"id":"application-manageresources-display-component---newResourceUnit--PLANNING_GROUP","interaction":{"idSuffix":"inner"}},"clearTextFirst":true,"interactionType":"ENTER_TEXT"}]}
RESULT: {}
RESULT: {"script":"<script> [776 bytes]","args":[{"enterText":"Material","selector":{"id":"application-manageresources-display-component---newResourceUnit--PLANNING_GROUP","interaction":{"idSuffix":"inner"}},"clearTextFirst":true,"interactionType":"ENTER_TEXT"}]}
COMMAND: POST /session/8b9d24fb39cbfc9e79ab89721a1c9e7d/execute/async - {"script":"<script> [1562 bytes]","args":[{"selector":{"id":"application-manageresources-display-component---newResourceUnit--PLANNING_INDICATOR","interaction":{"idSuffix":"inner"}},"wdio_ui5_key":"applicationmanageresources-display-component---newResourceUnit--PLANNING_INDICATOR"}]}
RESULT: {"script":"<script> [1562 bytes]","args":[{"selector":{"id":"application-manageresources-display-component---newResourceUnit--PLANNING_INDICATOR","interaction":{"idSuffix":"inner"}},"wdio_ui5_key":"applicationmanageresources-display-component---newResourceUnit--PLANNING_INDICATOR"}]}
RESULT: undefined
COMMAND: POST /session/8b9d24fb39cbfc9e79ab89721a1c9e7d/execute/async - {"script":"<script> [776 bytes]","args":[{"enterText":"10 - infinite","selector":{"id":"application-manageresources-display-component---newResourceUnit--PLANNING_INDICATOR","interaction":{"idSuffix":"inner"}},"clearTextFirst":true,"interactionType":"ENTER_TEXT"}]}
RESULT: {"script":"<script> [776 bytes]","args":[{"enterText":"10 - infinite","selector":{"id":"application-manageresources-display-component---newResourceUnit--PLANNING_INDICATOR","interaction":{"idSuffix":"inner"}},"clearTextFirst":true,"interactionType":"ENTER_TEXT"}]}
COMMAND: POST /session/8b9d24fb39cbfc9e79ab89721a1c9e7d/element - {"using":"css selector","value":"#application-manageresources-display-component---newResourceUnit--btnAddTimeSegment"}
RESULT: {"using":"css selector","value":"#application-manageresources-display-component---newResourceUnit--btnAddTimeSegment"}
COMMAND: GET /session/8b9d24fb39cbfc9e79ab89721a1c9e7d/element/f.7652131D378371FA98FE7F43E0E28151.d.70AF146E7290B5D917574688E85A1FFF.e.9102/rect - {}
RESULT: {}
COMMAND: GET /session/8b9d24fb39cbfc9e79ab89721a1c9e7d/window/rect - {}
RESULT: {}
COMMAND: POST /session/8b9d24fb39cbfc9e79ab89721a1c9e7d/execute/sync - {"script":"<script> [92 bytes]","args":[]}
RESULT: {"script":"<script> [92 bytes]","args":[]}
COMMAND: POST /session/8b9d24fb39cbfc9e79ab89721a1c9e7d/actions - {"actions":[{"id":"action29","type":"wheel","parameters":{},"actions":[{"type":"scroll","x":-1888,"y":-32,"deltaX":0,"deltaY":0,"duration":0,"origin":{"element-6066-11e4-a52e-4f735466cecf":"f.7652131D378371FA98FE7F43E0E28151.d.70AF146E7290B5D917574688E85A1FFF.e.9102"}}]}]}
COMMAND: GET /session/8b9d24fb39cbfc9e79ab89721a1c9e7d/screenshot - {}
RESULT: {}
COMMAND: POST /session/8b9d24fb39cbfc9e79ab89721a1c9e7d/execute/sync - {"script":"<script> [79 bytes]","args":[{"element-6066-11e4-a52e-4f735466cecf":"f.7652131D378371FA98FE7F43E0E28151.d.70AF146E7290B5D917574688E85A1FFF.e.9102","ELEMENT":"f.7652131D378371FA98FE7F43E0E28151.d.70AF146E7290B5D917574688E85A1FFF.e.9102"},{"block":"start","inline":"nearest"}]}
RESULT: {"script":"<script> [79 bytes]","args":[{"element-6066-11e4-a52e-4f735466cecf":"f.7652131D378371FA98FE7F43E0E28151.d.70AF146E7290B5D917574688E85A1FFF.e.9102","ELEMENT":"f.7652131D378371FA98FE7F43E0E28151.d.70AF146E7290B5D917574688E85A1FFF.e.9102"},{"block":"start","inline":"nearest"}]}
COMMAND: POST /session/8b9d24fb39cbfc9e79ab89721a1c9e7d/execute/async - {"script":"<script> [1562 bytes]","args":[{"selector":{"id":"application-manageresources-display-component---newResourceUnit--btnAddTimeSegment","interaction":{"idSuffix":"inner"}},"wdio_ui5_key":"applicationmanageresources-display-component---newResourceUnit--btnAddTimeSegment"}]}
COMMAND: GET /session/8b9d24fb39cbfc9e79ab89721a1c9e7d/screenshot - {}
RESULT: {"script":"<script> [1562 bytes]","args":[{"selector":{"id":"application-manageresources-display-component---newResourceUnit--btnAddTimeSegment","interaction":{"idSuffix":"inner"}},"wdio_ui5_key":"applicationmanageresources-display-component---newResourceUnit--btnAddTimeSegment"}]}
RESULT: undefined
COMMAND: POST /session/8b9d24fb39cbfc9e79ab89721a1c9e7d/element - {"using":"xpath","value":"//*[@id=\"application-manageresources-display-component---newResourceUnit--btnAddTimeSegment\"]"}
RESULT: {}
RESULT: {"using":"xpath","value":"//*[@id=\"application-manageresources-display-component---newResourceUnit--btnAddTimeSegment\"]"}
COMMAND: POST /session/8b9d24fb39cbfc9e79ab89721a1c9e7d/element/f.7652131D378371FA98FE7F43E0E28151.d.70AF146E7290B5D917574688E85A1FFF.e.9102/click - {}
RESULT: {}
COMMAND: GET /session/8b9d24fb39cbfc9e79ab89721a1c9e7d/screenshot - {}
RESULT: {}
COMMAND: POST /session/8b9d24fb39cbfc9e79ab89721a1c9e7d/element - {"using":"xpath","value":"//input[@id=\"application-manageresources-display-component---newResourceUnit--idRuTSAdmin-application-manageresources-display-component---newResourceUnit--RUTimeSegment-0-inner\"]"}
RESULT: {"using":"xpath","value":"//input[@id=\"application-manageresources-display-component---newResourceUnit--idRuTSAdmin-application-manageresources-display-component---newResourceUnit--RUTimeSegment-0-inner\"]"}
COMMAND: POST /session/8b9d24fb39cbfc9e79ab89721a1c9e7d/element/f.7652131D378371FA98FE7F43E0E28151.d.70AF146E7290B5D917574688E85A1FFF.e.9107/clear - {}
RESULT: {}
COMMAND: POST /session/8b9d24fb39cbfc9e79ab89721a1c9e7d/element/f.7652131D378371FA98FE7F43E0E28151.d.70AF146E7290B5D917574688E85A1FFF.e.9107/value - {"text":"237"}
COMMAND: GET /session/8b9d24fb39cbfc9e79ab89721a1c9e7d/screenshot - {}
RESULT: {"text":"237"}
COMMAND: GET /session/8b9d24fb39cbfc9e79ab89721a1c9e7d/screenshot - {}
RESULT: {}
RESULT: {}
COMMAND: POST /session/8b9d24fb39cbfc9e79ab89721a1c9e7d/element - {"using":"xpath","value":"//li[.//span[text()='237']]"}
RESULT: {"using":"xpath","value":"//li[.//span[text()='237']]"}
COMMAND: POST /session/8b9d24fb39cbfc9e79ab89721a1c9e7d/element/f.7652131D378371FA98FE7F43E0E28151.d.70AF146E7290B5D917574688E85A1FFF.e.9115/click - {}
RESULT: {}
COMMAND: GET /session/8b9d24fb39cbfc9e79ab89721a1c9e7d/screenshot - {}
RESULT: {}
COMMAND: POST /session/8b9d24fb39cbfc9e79ab89721a1c9e7d/element - {"using":"xpath","value":"(//span[contains(@id, \"-application-manageresources-display-component---newResourceUnit--RUTimeSegment-0-arrow\")])[2]"}
RESULT: {"using":"xpath","value":"(//span[contains(@id, \"-application-manageresources-display-component---newResourceUnit--RUTimeSegment-0-arrow\")])[2]"}
COMMAND: POST /session/8b9d24fb39cbfc9e79ab89721a1c9e7d/element/f.7652131D378371FA98FE7F43E0E28151.d.70AF146E7290B5D917574688E85A1FFF.e.9116/click - {}
RESULT: {}
COMMAND: POST /session/8b9d24fb39cbfc9e79ab89721a1c9e7d/element - {"using":"xpath","value":"//span[contains(text(), \"PM Order\")]"}
COMMAND: GET /session/8b9d24fb39cbfc9e79ab89721a1c9e7d/screenshot - {}
RESULT: {"using":"xpath","value":"//span[contains(text(), \"PM Order\")]"}
COMMAND: POST /session/8b9d24fb39cbfc9e79ab89721a1c9e7d/element/f.7652131D378371FA98FE7F43E0E28151.d.70AF146E7290B5D917574688E85A1FFF.e.9117/click - {}
RESULT: {}
RESULT: {}
COMMAND: GET /session/8b9d24fb39cbfc9e79ab89721a1c9e7d/screenshot - {}
RESULT: {}
COMMAND: POST /session/8b9d24fb39cbfc9e79ab89721a1c9e7d/element - {"using":"xpath","value":"//td/div/div/div/span[contains(@id, \"newResourceUnit--RUTimeSegment-0-vhi\")][1]"}
RESULT: {"using":"xpath","value":"//td/div/div/div/span[contains(@id, \"newResourceUnit--RUTimeSegment-0-vhi\")][1]"}
COMMAND: GET /session/8b9d24fb39cbfc9e79ab89721a1c9e7d/element/f.7652131D378371FA98FE7F43E0E28151.d.70AF146E7290B5D917574688E85A1FFF.e.9121/rect - {}
RESULT: {}
COMMAND: GET /session/8b9d24fb39cbfc9e79ab89721a1c9e7d/window/rect - {}
RESULT: {}
COMMAND: POST /session/8b9d24fb39cbfc9e79ab89721a1c9e7d/execute/sync - {"script":"<script> [92 bytes]","args":[]}
RESULT: {"script":"<script> [92 bytes]","args":[]}
COMMAND: POST /session/8b9d24fb39cbfc9e79ab89721a1c9e7d/actions - {"actions":[{"id":"action30","type":"wheel","parameters":{},"actions":[{"type":"scroll","x":-1888,"y":-24,"deltaX":0,"deltaY":0,"duration":0,"origin":{"element-6066-11e4-a52e-4f735466cecf":"f.7652131D378371FA98FE7F43E0E28151.d.70AF146E7290B5D917574688E85A1FFF.e.9121"}}]}]}
COMMAND: GET /session/8b9d24fb39cbfc9e79ab89721a1c9e7d/screenshot - {}
RESULT: {}
COMMAND: POST /session/8b9d24fb39cbfc9e79ab89721a1c9e7d/execute/sync - {"script":"<script> [79 bytes]","args":[{"element-6066-11e4-a52e-4f735466cecf":"f.7652131D378371FA98FE7F43E0E28151.d.70AF146E7290B5D917574688E85A1FFF.e.9121","ELEMENT":"f.7652131D378371FA98FE7F43E0E28151.d.70AF146E7290B5D917574688E85A1FFF.e.9121"},{"block":"start","inline":"nearest"}]}
RESULT: {"script":"<script> [79 bytes]","args":[{"element-6066-11e4-a52e-4f735466cecf":"f.7652131D378371FA98FE7F43E0E28151.d.70AF146E7290B5D917574688E85A1FFF.e.9121","ELEMENT":"f.7652131D378371FA98FE7F43E0E28151.d.70AF146E7290B5D917574688E85A1FFF.e.9121"},{"block":"start","inline":"nearest"}]}
COMMAND: GET /session/8b9d24fb39cbfc9e79ab89721a1c9e7d/screenshot - {}
RESULT: {}
COMMAND: POST /session/8b9d24fb39cbfc9e79ab89721a1c9e7d/element/f.7652131D378371FA98FE7F43E0E28151.d.70AF146E7290B5D917574688E85A1FFF.e.9121/click - {}
RESULT: {}
COMMAND: GET /session/8b9d24fb39cbfc9e79ab89721a1c9e7d/screenshot - {}
RESULT: {}
COMMAND: POST /session/8b9d24fb39cbfc9e79ab89721a1c9e7d/execute/async - {"script":"<script> [1562 bytes]","args":[{"selector":{"controlType":"sap.m.SearchField","properties":{"placeholder":"Search"},"searchOpenDialogs":true,"interaction":{"idSuffix":"I"}},"wdio_ui5_key":"sapm.SearchField{\"placeholder\":\"Search\"}"}]}
RESULT: {"script":"<script> [1562 bytes]","args":[{"selector":{"controlType":"sap.m.SearchField","properties":{"placeholder":"Search"},"searchOpenDialogs":true,"interaction":{"idSuffix":"I"}},"wdio_ui5_key":"sapm.SearchField{\"placeholder\":\"Search\"}"}]}
RESULT: undefined
COMMAND: POST /session/8b9d24fb39cbfc9e79ab89721a1c9e7d/execute/async - {"script":"<script> [776 bytes]","args":[{"enterText":"4000360","selector":{"controlType":"sap.m.SearchField","properties":{"placeholder":"Search"},"searchOpenDialogs":true,"interaction":{"idSuffix":"I"}},"clearTextFirst":true,"interactionType":"ENTER_TEXT"}]}
RESULT: {"script":"<script> [776 bytes]","args":[{"enterText":"4000360","selector":{"controlType":"sap.m.SearchField","properties":{"placeholder":"Search"},"searchOpenDialogs":true,"interaction":{"idSuffix":"I"}},"clearTextFirst":true,"interactionType":"ENTER_TEXT"}]}
COMMAND: POST /session/8b9d24fb39cbfc9e79ab89721a1c9e7d/actions - {"actions":[{"id":"action31","type":"key","parameters":{},"actions":[{"type":"keyDown","value":""},{"type":"pause","duration":10},{"type":"keyUp","value":""}]}]}
RESULT: {"actions":[{"id":"action31","type":"key","parameters":{},"actions":[{"type":"keyDown","value":""},{"type":"pause","duration":10},{"type":"keyUp","value":""}]}]}
COMMAND: GET /session/8b9d24fb39cbfc9e79ab89721a1c9e7d/screenshot - {}
RESULT: {}
COMMAND: POST /session/8b9d24fb39cbfc9e79ab89721a1c9e7d/element - {"using":"xpath","value":"//td/div/span[contains(text(), \"BGL Vehicles\")]"}
RESULT: {"using":"xpath","value":"//td/div/span[contains(text(), \"BGL Vehicles\")]"}
COMMAND: POST /session/8b9d24fb39cbfc9e79ab89721a1c9e7d/element/f.7652131D378371FA98FE7F43E0E28151.d.70AF146E7290B5D917574688E85A1FFF.e.9144/click - {}
RESULT: {}
COMMAND: GET /session/8b9d24fb39cbfc9e79ab89721a1c9e7d/screenshot - {}
RESULT: {}
COMMAND: POST /session/8b9d24fb39cbfc9e79ab89721a1c9e7d/element - {"using":"xpath","value":"//bdi[contains(text(), \"OK\")]"}
RESULT: {"using":"xpath","value":"//bdi[contains(text(), \"OK\")]"}
COMMAND: POST /session/8b9d24fb39cbfc9e79ab89721a1c9e7d/element/f.7652131D378371FA98FE7F43E0E28151.d.70AF146E7290B5D917574688E85A1FFF.e.9145/click - {}
RESULT: {}
COMMAND: GET /session/8b9d24fb39cbfc9e79ab89721a1c9e7d/screenshot - {}
RESULT: {}
COMMAND: POST /session/8b9d24fb39cbfc9e79ab89721a1c9e7d/element - {"using":"xpath","value":"//label[contains(@class, 'sapMLabelRequired') and .//bdi[contains(text(), 'Planned Retirement')]]"}
RESULT: {"using":"xpath","value":"//label[contains(@class, 'sapMLabelRequired') and .//bdi[contains(text(), 'Planned Retirement')]]"}
COMMAND: POST /session/8b9d24fb39cbfc9e79ab89721a1c9e7d/elements - {"using":"xpath","value":"//label[contains(@class, 'sapMLabelRequired') and .//bdi[contains(text(), 'Planned Retirement')]]"}
RESULT: {"using":"xpath","value":"//label[contains(@class, 'sapMLabelRequired') and .//bdi[contains(text(), 'Planned Retirement')]]"}
COMMAND: POST /session/8b9d24fb39cbfc9e79ab89721a1c9e7d/element - {"using":"xpath","value":"//button[@data-kt=\"resourceUnitSaveButton\"]"}
RESULT: {"using":"xpath","value":"//button[@data-kt=\"resourceUnitSaveButton\"]"}
COMMAND: POST /session/8b9d24fb39cbfc9e79ab89721a1c9e7d/element/f.7652131D378371FA98FE7F43E0E28151.d.70AF146E7290B5D917574688E85A1FFF.e.8978/click - {}
RESULT: {}
COMMAND: GET /session/8b9d24fb39cbfc9e79ab89721a1c9e7d/screenshot - {}
RESULT: {}
COMMAND: POST /session/8b9d24fb39cbfc9e79ab89721a1c9e7d/element - {"using":"xpath","value":"//bdi[contains(text(), \"Close\")]"}
RESULT: {"using":"xpath","value":"//bdi[contains(text(), \"Close\")]"}
COMMAND: POST /session/8b9d24fb39cbfc9e79ab89721a1c9e7d/element/f.7652131D378371FA98FE7F43E0E28151.d.70AF146E7290B5D917574688E85A1FFF.e.9151/click - {}
RESULT: {}
COMMAND: GET /session/8b9d24fb39cbfc9e79ab89721a1c9e7d/screenshot - {}
RESULT: {}
COMMAND: POST /session/8b9d24fb39cbfc9e79ab89721a1c9e7d/element - {"using":"xpath","value":"//header[contains(@id, 'detailRruPage-headerTitle')]/div[1]/div[2]/div[2]/span[1]"}
RESULT: {"using":"xpath","value":"//header[contains(@id, 'detailRruPage-headerTitle')]/div[1]/div[2]/div[2]/span[1]"}
COMMAND: POST /session/8b9d24fb39cbfc9e79ab89721a1c9e7d/elements - {"using":"xpath","value":"//header[contains(@id, 'detailRruPage-headerTitle')]/div[1]/div[2]/div[2]/span[1]"}
RESULT: {"using":"xpath","value":"//header[contains(@id, 'detailRruPage-headerTitle')]/div[1]/div[2]/div[2]/span[1]"}
COMMAND: POST /session/8b9d24fb39cbfc9e79ab89721a1c9e7d/execute/sync - {"script":"<script> [56 bytes]","args":[{"element-6066-11e4-a52e-4f735466cecf":"f.7652131D378371FA98FE7F43E0E28151.d.70AF146E7290B5D917574688E85A1FFF.e.9187","ELEMENT":"f.7652131D378371FA98FE7F43E0E28151.d.70AF146E7290B5D917574688E85A1FFF.e.9187"}]}
RESULT: {"script":"<script> [56 bytes]","args":[{"element-6066-11e4-a52e-4f735466cecf":"f.7652131D378371FA98FE7F43E0E28151.d.70AF146E7290B5D917574688E85A1FFF.e.9187","ELEMENT":"f.7652131D378371FA98FE7F43E0E28151.d.70AF146E7290B5D917574688E85A1FFF.e.9187"}]}
COMMAND: POST /session/8b9d24fb39cbfc9e79ab89721a1c9e7d/element - {"using":"css selector","value":"#shell-header-logo"}
COMMAND: GET /session/8b9d24fb39cbfc9e79ab89721a1c9e7d/screenshot - {}
RESULT: {"using":"css selector","value":"#shell-header-logo"}
COMMAND: POST /session/8b9d24fb39cbfc9e79ab89721a1c9e7d/element/f.7652131D378371FA98FE7F43E0E28151.d.70AF146E7290B5D917574688E85A1FFF.e.8439/click - {}
RESULT: {}
RESULT: {}
COMMAND: GET /session/8b9d24fb39cbfc9e79ab89721a1c9e7d/screenshot - {}
RESULT: {}
]]></system-out>
    </testcase>
    <testcase classname="chrome.137_0_7151_69.windows.Provide_to_Site_w/_warehouse_management_w/o_clarification_US113782_" name="Bin Status Report Should Create New Organization yard" time="0.006"/>
    <testcase classname="chrome.137_0_7151_69.windows.Provide_to_Site_w/_warehouse_management_w/o_clarification_US113782_" name="Bin Status Report Should Create New Organization for Site" time="0.003"/>
  </testsuite>
  <testsuite timestamp="2025-06-13T16:43:37" time="415.356" tests="5" failures="0" errors="0" skipped="0">
    <properties>
      <property name="specId" value="0"/>
      <property name="suiteName" value="Provide to Site w/ warehouse management wo clarification"/>
      <property name="capabilities" value="chrome.137_0_7151_69.windows"/>
      <property name="file" value="file:///D:/a/1/s/test/specs/HTR/provide-to-site-w-warehouse-wo-clarification.spec.js"/>
    </properties>
    <testcase classname="chrome.137_0_7151_69.windows.Provide_to_Site_w/_warehouse_management_wo_clarification" name="Should do a stock increase handover" time="99.22">
      <system-out><![CDATA[
COMMAND: POST /session/8b9d24fb39cbfc9e79ab89721a1c9e7d/execute/async - {"script":"<script> [1562 bytes]","args":[{"selector":{"controlType":"sap.m.GenericTile","properties":{"header":"Manage Handovers"}},"wdio_ui5_key":"sapm.GenericTile{\"header\":\"Manage Handovers\"}"}]}
RESULT: {"script":"<script> [1562 bytes]","args":[{"selector":{"controlType":"sap.m.GenericTile","properties":{"header":"Manage Handovers"}},"wdio_ui5_key":"sapm.GenericTile{\"header\":\"Manage Handovers\"}"}]}
RESULT: undefined
COMMAND: POST /session/8b9d24fb39cbfc9e79ab89721a1c9e7d/element - {"using":"xpath","value":"//*[@id=\"__tile135\"]"}
RESULT: {"using":"xpath","value":"//*[@id=\"__tile135\"]"}
COMMAND: POST /session/8b9d24fb39cbfc9e79ab89721a1c9e7d/element/f.7652131D378371FA98FE7F43E0E28151.d.70AF146E7290B5D917574688E85A1FFF.e.8494/click - {}
RESULT: {}
COMMAND: GET /session/8b9d24fb39cbfc9e79ab89721a1c9e7d/screenshot - {}
RESULT: {}
COMMAND: POST /session/8b9d24fb39cbfc9e79ab89721a1c9e7d/elements - {"using":"xpath","value":"//span[text()='Error']"}
RESULT: {"using":"xpath","value":"//span[text()='Error']"}
COMMAND: POST /session/8b9d24fb39cbfc9e79ab89721a1c9e7d/element - {"using":"xpath","value":"//button[@data-kt=\"masterHOAddButton\"]"}
RESULT: {"using":"xpath","value":"//button[@data-kt=\"masterHOAddButton\"]"}
COMMAND: POST /session/8b9d24fb39cbfc9e79ab89721a1c9e7d/elements - {"using":"xpath","value":"//button[@data-kt=\"masterHOAddButton\"]"}
RESULT: {"using":"xpath","value":"//button[@data-kt=\"masterHOAddButton\"]"}
COMMAND: POST /session/8b9d24fb39cbfc9e79ab89721a1c9e7d/elements - {"using":"xpath","value":"//button[@data-kt=\"masterHOAddButton\"]"}
RESULT: {"using":"xpath","value":"//button[@data-kt=\"masterHOAddButton\"]"}
COMMAND: POST /session/8b9d24fb39cbfc9e79ab89721a1c9e7d/element - {"using":"xpath","value":"//button[@data-kt=\"masterHOAddButton\"]"}
RESULT: {"using":"xpath","value":"//button[@data-kt=\"masterHOAddButton\"]"}
COMMAND: POST /session/8b9d24fb39cbfc9e79ab89721a1c9e7d/execute/sync - {"script":"<script> [8489 bytes]","args":[{"element-6066-11e4-a52e-4f735466cecf":"f.7652131D378371FA98FE7F43E0E28151.d.70AF146E7290B5D917574688E85A1FFF.e.9227","ELEMENT":"f.7652131D378371FA98FE7F43E0E28151.d.70AF146E7290B5D917574688E85A1FFF.e.9227"}]}
RESULT: {"script":"<script> [8489 bytes]","args":[{"element-6066-11e4-a52e-4f735466cecf":"f.7652131D378371FA98FE7F43E0E28151.d.70AF146E7290B5D917574688E85A1FFF.e.9227","ELEMENT":"f.7652131D378371FA98FE7F43E0E28151.d.70AF146E7290B5D917574688E85A1FFF.e.9227"}]}
COMMAND: GET /session/8b9d24fb39cbfc9e79ab89721a1c9e7d/element/f.7652131D378371FA98FE7F43E0E28151.d.70AF146E7290B5D917574688E85A1FFF.e.9227/enabled - {}
COMMAND: GET /session/8b9d24fb39cbfc9e79ab89721a1c9e7d/screenshot - {}
RESULT: {}
COMMAND: POST /session/8b9d24fb39cbfc9e79ab89721a1c9e7d/execute/sync - {"script":"<script> [8489 bytes]","args":[{"element-6066-11e4-a52e-4f735466cecf":"f.7652131D378371FA98FE7F43E0E28151.d.70AF146E7290B5D917574688E85A1FFF.e.9227","ELEMENT":"f.7652131D378371FA98FE7F43E0E28151.d.70AF146E7290B5D917574688E85A1FFF.e.9227"}]}
COMMAND: GET /session/8b9d24fb39cbfc9e79ab89721a1c9e7d/screenshot - {}
RESULT: {}
RESULT: {"script":"<script> [8489 bytes]","args":[{"element-6066-11e4-a52e-4f735466cecf":"f.7652131D378371FA98FE7F43E0E28151.d.70AF146E7290B5D917574688E85A1FFF.e.9227","ELEMENT":"f.7652131D378371FA98FE7F43E0E28151.d.70AF146E7290B5D917574688E85A1FFF.e.9227"}]}
COMMAND: POST /session/8b9d24fb39cbfc9e79ab89721a1c9e7d/execute/sync - {"script":"<script> [5351 bytes]","args":[{"element-6066-11e4-a52e-4f735466cecf":"f.7652131D378371FA98FE7F43E0E28151.d.70AF146E7290B5D917574688E85A1FFF.e.9227","ELEMENT":"f.7652131D378371FA98FE7F43E0E28151.d.70AF146E7290B5D917574688E85A1FFF.e.9227"}]}
COMMAND: GET /session/8b9d24fb39cbfc9e79ab89721a1c9e7d/screenshot - {}
RESULT: {}
RESULT: {"script":"<script> [5351 bytes]","args":[{"element-6066-11e4-a52e-4f735466cecf":"f.7652131D378371FA98FE7F43E0E28151.d.70AF146E7290B5D917574688E85A1FFF.e.9227","ELEMENT":"f.7652131D378371FA98FE7F43E0E28151.d.70AF146E7290B5D917574688E85A1FFF.e.9227"}]}
COMMAND: POST /session/8b9d24fb39cbfc9e79ab89721a1c9e7d/element/f.7652131D378371FA98FE7F43E0E28151.d.70AF146E7290B5D917574688E85A1FFF.e.9227/click - {}
COMMAND: GET /session/8b9d24fb39cbfc9e79ab89721a1c9e7d/screenshot - {}
RESULT: {}
RESULT: {}
COMMAND: GET /session/8b9d24fb39cbfc9e79ab89721a1c9e7d/screenshot - {}
RESULT: {}
COMMAND: POST /session/8b9d24fb39cbfc9e79ab89721a1c9e7d/element - {"using":"xpath","value":"//span[contains(@id ,\"AddNewHO--typeSelect-arrow\")]"}
RESULT: {}
RESULT: {"using":"xpath","value":"//span[contains(@id ,\"AddNewHO--typeSelect-arrow\")]"}
COMMAND: POST /session/8b9d24fb39cbfc9e79ab89721a1c9e7d/element/f.7652131D378371FA98FE7F43E0E28151.d.70AF146E7290B5D917574688E85A1FFF.e.9568/click - {}
RESULT: {}
COMMAND: GET /session/8b9d24fb39cbfc9e79ab89721a1c9e7d/screenshot - {}
RESULT: {}
COMMAND: POST /session/8b9d24fb39cbfc9e79ab89721a1c9e7d/element - {"using":"xpath","value":"(//li[contains(text(), \"stock increase yard\")])[1]"}
RESULT: {"using":"xpath","value":"(//li[contains(text(), \"stock increase yard\")])[1]"}
COMMAND: POST /session/8b9d24fb39cbfc9e79ab89721a1c9e7d/element/f.7652131D378371FA98FE7F43E0E28151.d.70AF146E7290B5D917574688E85A1FFF.e.9569/click - {}
RESULT: {}
COMMAND: GET /session/8b9d24fb39cbfc9e79ab89721a1c9e7d/screenshot - {}
RESULT: {}
COMMAND: POST /session/8b9d24fb39cbfc9e79ab89721a1c9e7d/execute/async - {"script":"<script> [1562 bytes]","args":[{"selector":{"id":"application-managehandovers-display-component---AddNewHO--dueDate","interaction":{"idSuffix":"inner"}},"wdio_ui5_key":"applicationmanagehandovers-display-component---AddNewHO--dueDate"}]}
RESULT: {"script":"<script> [1562 bytes]","args":[{"selector":{"id":"application-managehandovers-display-component---AddNewHO--dueDate","interaction":{"idSuffix":"inner"}},"wdio_ui5_key":"applicationmanagehandovers-display-component---AddNewHO--dueDate"}]}
RESULT: undefined
COMMAND: POST /session/8b9d24fb39cbfc9e79ab89721a1c9e7d/execute/async - {"script":"<script> [6424 bytes]","args":[{"element-6066-11e4-a52e-4f735466cecf":"f.7652131D378371FA98FE7F43E0E28151.d.70AF146E7290B5D917574688E85A1FFF.e.9571"},"setValue",["6/13/25"]]}
RESULT: {"script":"<script> [6424 bytes]","args":[{"element-6066-11e4-a52e-4f735466cecf":"f.7652131D378371FA98FE7F43E0E28151.d.70AF146E7290B5D917574688E85A1FFF.e.9571"},"setValue",["6/13/25"]]}
COMMAND: POST /session/8b9d24fb39cbfc9e79ab89721a1c9e7d/element - {"using":"xpath","value":"//input[@id=\"generalSectionFrg--receiveYard-inner\"]"}
RESULT: {"using":"xpath","value":"//input[@id=\"generalSectionFrg--receiveYard-inner\"]"}
COMMAND: POST /session/8b9d24fb39cbfc9e79ab89721a1c9e7d/element/f.7652131D378371FA98FE7F43E0E28151.d.70AF146E7290B5D917574688E85A1FFF.e.9577/clear - {}
RESULT: {}
COMMAND: POST /session/8b9d24fb39cbfc9e79ab89721a1c9e7d/element/f.7652131D378371FA98FE7F43E0E28151.d.70AF146E7290B5D917574688E85A1FFF.e.9577/value - {"text":"237"}
COMMAND: GET /session/8b9d24fb39cbfc9e79ab89721a1c9e7d/screenshot - {}
RESULT: {"text":"237"}
COMMAND: GET /session/8b9d24fb39cbfc9e79ab89721a1c9e7d/screenshot - {}
RESULT: {}
RESULT: {}
COMMAND: POST /session/8b9d24fb39cbfc9e79ab89721a1c9e7d/element - {"using":"xpath","value":"//li[.//span[contains(normalize-space(.), '237 -')]]"}
RESULT: {"using":"xpath","value":"//li[.//span[contains(normalize-space(.), '237 -')]]"}
COMMAND: POST /session/8b9d24fb39cbfc9e79ab89721a1c9e7d/element/f.7652131D378371FA98FE7F43E0E28151.d.70AF146E7290B5D917574688E85A1FFF.e.9593/click - {}
RESULT: {}
COMMAND: GET /session/8b9d24fb39cbfc9e79ab89721a1c9e7d/screenshot - {}
RESULT: {}
COMMAND: POST /session/8b9d24fb39cbfc9e79ab89721a1c9e7d/execute/async - {"script":"<script> [1562 bytes]","args":[{"selector":{"id":"application-managehandovers-display-component---AddNewHO--ObjectPageLayout-anchBar-application-managehandovers-display-component---AddNewHO--section4-anchor","interaction":{"idSuffix":"BDI-content"}},"wdio_ui5_key":"applicationmanagehandovers-display-component---AddNewHO--ObjectPageLayout-anchBar-application-managehandovers-display-component---AddNewHO--section4-anchor"}]}
RESULT: {"script":"<script> [1562 bytes]","args":[{"selector":{"id":"application-managehandovers-display-component---AddNewHO--ObjectPageLayout-anchBar-application-managehandovers-display-component---AddNewHO--section4-anchor","interaction":{"idSuffix":"BDI-content"}},"wdio_ui5_key":"applicationmanagehandovers-display-component---AddNewHO--ObjectPageLayout-anchBar-application-managehandovers-display-component---AddNewHO--section4-anchor"}]}
RESULT: undefined
COMMAND: POST /session/8b9d24fb39cbfc9e79ab89721a1c9e7d/element - {"using":"xpath","value":"//*[@id=\"application-managehandovers-display-component---AddNewHO--ObjectPageLayout-anchBar-application-managehandovers-display-component---AddNewHO--section4-anchor\"]"}
RESULT: {"using":"xpath","value":"//*[@id=\"application-managehandovers-display-component---AddNewHO--ObjectPageLayout-anchBar-application-managehandovers-display-component---AddNewHO--section4-anchor\"]"}
COMMAND: POST /session/8b9d24fb39cbfc9e79ab89721a1c9e7d/element/f.7652131D378371FA98FE7F43E0E28151.d.70AF146E7290B5D917574688E85A1FFF.e.9595/click - {}
RESULT: {}
COMMAND: GET /session/8b9d24fb39cbfc9e79ab89721a1c9e7d/screenshot - {}
RESULT: {}
COMMAND: POST /session/8b9d24fb39cbfc9e79ab89721a1c9e7d/element - {"using":"xpath","value":"//button[@aria-label=\"Add\"]"}
RESULT: {"using":"xpath","value":"//button[@aria-label=\"Add\"]"}
COMMAND: POST /session/8b9d24fb39cbfc9e79ab89721a1c9e7d/element/f.7652131D378371FA98FE7F43E0E28151.d.70AF146E7290B5D917574688E85A1FFF.e.9599/click - {}
RESULT: {}
COMMAND: GET /session/8b9d24fb39cbfc9e79ab89721a1c9e7d/screenshot - {}
RESULT: {}
COMMAND: POST /session/8b9d24fb39cbfc9e79ab89721a1c9e7d/execute/async - {"script":"<script> [1562 bytes]","args":[{"selector":{"id":"application-managehandovers-display-component---AddNewHO--smartFilterBar-btnBasicSearch","searchOpenDialogs":true,"interaction":{"idSuffix":"I"}},"wdio_ui5_key":"applicationmanagehandovers-display-component---AddNewHO--smartFilterBar-btnBasicSearch"}]}
RESULT: {"script":"<script> [1562 bytes]","args":[{"selector":{"id":"application-managehandovers-display-component---AddNewHO--smartFilterBar-btnBasicSearch","searchOpenDialogs":true,"interaction":{"idSuffix":"I"}},"wdio_ui5_key":"applicationmanagehandovers-display-component---AddNewHO--smartFilterBar-btnBasicSearch"}]}
RESULT: undefined
COMMAND: POST /session/8b9d24fb39cbfc9e79ab89721a1c9e7d/execute/async - {"script":"<script> [776 bytes]","args":[{"enterText":"200117","selector":{"id":"application-managehandovers-display-component---AddNewHO--smartFilterBar-btnBasicSearch","searchOpenDialogs":true,"interaction":{"idSuffix":"I"}},"clearTextFirst":true,"interactionType":"ENTER_TEXT"}]}
RESULT: {"script":"<script> [776 bytes]","args":[{"enterText":"200117","selector":{"id":"application-managehandovers-display-component---AddNewHO--smartFilterBar-btnBasicSearch","searchOpenDialogs":true,"interaction":{"idSuffix":"I"}},"clearTextFirst":true,"interactionType":"ENTER_TEXT"}]}
COMMAND: POST /session/8b9d24fb39cbfc9e79ab89721a1c9e7d/actions - {"actions":[{"id":"action32","type":"key","parameters":{},"actions":[{"type":"keyDown","value":""},{"type":"pause","duration":10},{"type":"keyUp","value":""}]}]}
RESULT: {"actions":[{"id":"action32","type":"key","parameters":{},"actions":[{"type":"keyDown","value":""},{"type":"pause","duration":10},{"type":"keyUp","value":""}]}]}
COMMAND: GET /session/8b9d24fb39cbfc9e79ab89721a1c9e7d/screenshot - {}
RESULT: {}
COMMAND: POST /session/8b9d24fb39cbfc9e79ab89721a1c9e7d/execute/async - {"script":"<script> [1562 bytes]","args":[{"selector":{"id":"application-managehandovers-display-component---AddNewHO--popup-sa","searchOpenDialogs":true,"interaction":{"idSuffix":"CbBg"}},"wdio_ui5_key":"applicationmanagehandovers-display-component---AddNewHO--popup-sa"}]}
RESULT: {"script":"<script> [1562 bytes]","args":[{"selector":{"id":"application-managehandovers-display-component---AddNewHO--popup-sa","searchOpenDialogs":true,"interaction":{"idSuffix":"CbBg"}},"wdio_ui5_key":"applicationmanagehandovers-display-component---AddNewHO--popup-sa"}]}
RESULT: undefined
COMMAND: POST /session/8b9d24fb39cbfc9e79ab89721a1c9e7d/element - {"using":"xpath","value":"//*[@id=\"application-managehandovers-display-component---AddNewHO--popup-sa\"]"}
RESULT: {"using":"xpath","value":"//*[@id=\"application-managehandovers-display-component---AddNewHO--popup-sa\"]"}
COMMAND: POST /session/8b9d24fb39cbfc9e79ab89721a1c9e7d/element/f.7652131D378371FA98FE7F43E0E28151.d.70AF146E7290B5D917574688E85A1FFF.e.9752/click - {}
RESULT: {}
COMMAND: GET /session/8b9d24fb39cbfc9e79ab89721a1c9e7d/screenshot - {}
RESULT: {}
COMMAND: POST /session/8b9d24fb39cbfc9e79ab89721a1c9e7d/element - {"using":"xpath","value":"//bdi[contains(text(), \"Select\")]"}
RESULT: {"using":"xpath","value":"//bdi[contains(text(), \"Select\")]"}
COMMAND: POST /session/8b9d24fb39cbfc9e79ab89721a1c9e7d/element/f.7652131D378371FA98FE7F43E0E28151.d.70AF146E7290B5D917574688E85A1FFF.e.9753/click - {}
RESULT: {}
COMMAND: GET /session/8b9d24fb39cbfc9e79ab89721a1c9e7d/screenshot - {}
RESULT: {}
COMMAND: POST /session/8b9d24fb39cbfc9e79ab89721a1c9e7d/element - {"using":"xpath","value":"//button[@data-kt=\"AddNewHOSaveButton\"]"}
RESULT: {"using":"xpath","value":"//button[@data-kt=\"AddNewHOSaveButton\"]"}
COMMAND: POST /session/8b9d24fb39cbfc9e79ab89721a1c9e7d/element/f.7652131D378371FA98FE7F43E0E28151.d.70AF146E7290B5D917574688E85A1FFF.e.9757/click - {}
RESULT: {}
COMMAND: GET /session/8b9d24fb39cbfc9e79ab89721a1c9e7d/screenshot - {}
RESULT: {}
COMMAND: POST /session/8b9d24fb39cbfc9e79ab89721a1c9e7d/execute/async - {"script":"<script> [1562 bytes]","args":[{"selector":{"id":"receiptDatePicker","viewName":"etm.portal.ui.managehandovers.view.DetailExecuteHO","interaction":{"idSuffix":"inner"}},"wdio_ui5_key":"receiptDatePickeretmportal.ui.managehandovers.view.DetailExecuteHO"}]}
RESULT: {"script":"<script> [1562 bytes]","args":[{"selector":{"id":"receiptDatePicker","viewName":"etm.portal.ui.managehandovers.view.DetailExecuteHO","interaction":{"idSuffix":"inner"}},"wdio_ui5_key":"receiptDatePickeretmportal.ui.managehandovers.view.DetailExecuteHO"}]}
RESULT: undefined
COMMAND: POST /session/8b9d24fb39cbfc9e79ab89721a1c9e7d/execute/async - {"script":"<script> [6424 bytes]","args":[{"element-6066-11e4-a52e-4f735466cecf":"f.7652131D378371FA98FE7F43E0E28151.d.70AF146E7290B5D917574688E85A1FFF.e.9784"},"setValue",["6/13/25"]]}
RESULT: {"script":"<script> [6424 bytes]","args":[{"element-6066-11e4-a52e-4f735466cecf":"f.7652131D378371FA98FE7F43E0E28151.d.70AF146E7290B5D917574688E85A1FFF.e.9784"},"setValue",["6/13/25"]]}
COMMAND: POST /session/8b9d24fb39cbfc9e79ab89721a1c9e7d/element - {"using":"xpath","value":"//button[@data-kt=\"ReceivingTableConfirmAllButton\"]"}
RESULT: {"using":"xpath","value":"//button[@data-kt=\"ReceivingTableConfirmAllButton\"]"}
COMMAND: POST /session/8b9d24fb39cbfc9e79ab89721a1c9e7d/element/f.7652131D378371FA98FE7F43E0E28151.d.70AF146E7290B5D917574688E85A1FFF.e.9802/click - {}
RESULT: {}
COMMAND: GET /session/8b9d24fb39cbfc9e79ab89721a1c9e7d/screenshot - {}
RESULT: {}
COMMAND: POST /session/8b9d24fb39cbfc9e79ab89721a1c9e7d/element - {"using":"xpath","value":"//bdi[contains(text(), \"OK\")]"}
RESULT: {"using":"xpath","value":"//bdi[contains(text(), \"OK\")]"}
COMMAND: POST /session/8b9d24fb39cbfc9e79ab89721a1c9e7d/element/f.7652131D378371FA98FE7F43E0E28151.d.70AF146E7290B5D917574688E85A1FFF.e.9804/click - {}
RESULT: {}
COMMAND: GET /session/8b9d24fb39cbfc9e79ab89721a1c9e7d/screenshot - {}
RESULT: {}
COMMAND: POST /session/8b9d24fb39cbfc9e79ab89721a1c9e7d/element - {"using":"xpath","value":"(//bdi[contains(text(), \"Receive\")])[2]"}
RESULT: {"using":"xpath","value":"(//bdi[contains(text(), \"Receive\")])[2]"}
COMMAND: POST /session/8b9d24fb39cbfc9e79ab89721a1c9e7d/element/f.7652131D378371FA98FE7F43E0E28151.d.70AF146E7290B5D917574688E85A1FFF.e.9806/click - {}
RESULT: {}
COMMAND: GET /session/8b9d24fb39cbfc9e79ab89721a1c9e7d/screenshot - {}
RESULT: {}
COMMAND: POST /session/8b9d24fb39cbfc9e79ab89721a1c9e7d/element - {"using":"css selector","value":"#shell-header-logo"}
RESULT: {"using":"css selector","value":"#shell-header-logo"}
COMMAND: POST /session/8b9d24fb39cbfc9e79ab89721a1c9e7d/element/f.7652131D378371FA98FE7F43E0E28151.d.70AF146E7290B5D917574688E85A1FFF.e.9190/click - {}
RESULT: {}
COMMAND: GET /session/8b9d24fb39cbfc9e79ab89721a1c9e7d/screenshot - {}
RESULT: {}
]]></system-out>
    </testcase>
    <testcase classname="chrome.137_0_7151_69.windows.Provide_to_Site_w/_warehouse_management_wo_clarification" name="Should create a new contract" time="59.557">
      <system-out><![CDATA[
COMMAND: POST /session/8b9d24fb39cbfc9e79ab89721a1c9e7d/execute/async - {"script":"<script> [1562 bytes]","args":[{"selector":{"controlType":"sap.m.GenericTile","properties":{"header":"Manage Contracts"}},"wdio_ui5_key":"sapm.GenericTile{\"header\":\"Manage Contracts\"}"}]}
RESULT: {"script":"<script> [1562 bytes]","args":[{"selector":{"controlType":"sap.m.GenericTile","properties":{"header":"Manage Contracts"}},"wdio_ui5_key":"sapm.GenericTile{\"header\":\"Manage Contracts\"}"}]}
RESULT: undefined
COMMAND: POST /session/8b9d24fb39cbfc9e79ab89721a1c9e7d/element - {"using":"xpath","value":"//*[@id=\"__tile132\"]"}
RESULT: {"using":"xpath","value":"//*[@id=\"__tile132\"]"}
COMMAND: POST /session/8b9d24fb39cbfc9e79ab89721a1c9e7d/element/f.7652131D378371FA98FE7F43E0E28151.d.70AF146E7290B5D917574688E85A1FFF.e.8483/click - {}
RESULT: {}
COMMAND: GET /session/8b9d24fb39cbfc9e79ab89721a1c9e7d/screenshot - {}
RESULT: {}
COMMAND: POST /session/8b9d24fb39cbfc9e79ab89721a1c9e7d/elements - {"using":"xpath","value":"//span[text()='Error']"}
RESULT: {"using":"xpath","value":"//span[text()='Error']"}
COMMAND: POST /session/8b9d24fb39cbfc9e79ab89721a1c9e7d/element - {"using":"xpath","value":"//button[@data-kt=\"addButton\"]"}
RESULT: {"using":"xpath","value":"//button[@data-kt=\"addButton\"]"}
COMMAND: POST /session/8b9d24fb39cbfc9e79ab89721a1c9e7d/elements - {"using":"xpath","value":"//button[@data-kt=\"addButton\"]"}
RESULT: {"using":"xpath","value":"//button[@data-kt=\"addButton\"]"}
COMMAND: POST /session/8b9d24fb39cbfc9e79ab89721a1c9e7d/execute/sync - {"script":"<script> [8489 bytes]","args":[{"element-6066-11e4-a52e-4f735466cecf":"f.7652131D378371FA98FE7F43E0E28151.d.70AF146E7290B5D917574688E85A1FFF.e.10140","ELEMENT":"f.7652131D378371FA98FE7F43E0E28151.d.70AF146E7290B5D917574688E85A1FFF.e.10140"}]}
RESULT: {"script":"<script> [8489 bytes]","args":[{"element-6066-11e4-a52e-4f735466cecf":"f.7652131D378371FA98FE7F43E0E28151.d.70AF146E7290B5D917574688E85A1FFF.e.10140","ELEMENT":"f.7652131D378371FA98FE7F43E0E28151.d.70AF146E7290B5D917574688E85A1FFF.e.10140"}]}
COMMAND: GET /session/8b9d24fb39cbfc9e79ab89721a1c9e7d/element/f.7652131D378371FA98FE7F43E0E28151.d.70AF146E7290B5D917574688E85A1FFF.e.10140/enabled - {}
COMMAND: GET /session/8b9d24fb39cbfc9e79ab89721a1c9e7d/screenshot - {}
RESULT: {}
COMMAND: POST /session/8b9d24fb39cbfc9e79ab89721a1c9e7d/execute/sync - {"script":"<script> [8489 bytes]","args":[{"element-6066-11e4-a52e-4f735466cecf":"f.7652131D378371FA98FE7F43E0E28151.d.70AF146E7290B5D917574688E85A1FFF.e.10140","ELEMENT":"f.7652131D378371FA98FE7F43E0E28151.d.70AF146E7290B5D917574688E85A1FFF.e.10140"}]}
COMMAND: GET /session/8b9d24fb39cbfc9e79ab89721a1c9e7d/screenshot - {}
RESULT: {}
RESULT: {"script":"<script> [8489 bytes]","args":[{"element-6066-11e4-a52e-4f735466cecf":"f.7652131D378371FA98FE7F43E0E28151.d.70AF146E7290B5D917574688E85A1FFF.e.10140","ELEMENT":"f.7652131D378371FA98FE7F43E0E28151.d.70AF146E7290B5D917574688E85A1FFF.e.10140"}]}
COMMAND: POST /session/8b9d24fb39cbfc9e79ab89721a1c9e7d/execute/sync - {"script":"<script> [5351 bytes]","args":[{"element-6066-11e4-a52e-4f735466cecf":"f.7652131D378371FA98FE7F43E0E28151.d.70AF146E7290B5D917574688E85A1FFF.e.10140","ELEMENT":"f.7652131D378371FA98FE7F43E0E28151.d.70AF146E7290B5D917574688E85A1FFF.e.10140"}]}
COMMAND: GET /session/8b9d24fb39cbfc9e79ab89721a1c9e7d/screenshot - {}
RESULT: {}
RESULT: {"script":"<script> [5351 bytes]","args":[{"element-6066-11e4-a52e-4f735466cecf":"f.7652131D378371FA98FE7F43E0E28151.d.70AF146E7290B5D917574688E85A1FFF.e.10140","ELEMENT":"f.7652131D378371FA98FE7F43E0E28151.d.70AF146E7290B5D917574688E85A1FFF.e.10140"}]}
COMMAND: GET /session/8b9d24fb39cbfc9e79ab89721a1c9e7d/screenshot - {}
RESULT: {}
RESULT: {}
COMMAND: POST /session/8b9d24fb39cbfc9e79ab89721a1c9e7d/element/f.7652131D378371FA98FE7F43E0E28151.d.70AF146E7290B5D917574688E85A1FFF.e.10140/click - {}
RESULT: {}
COMMAND: GET /session/8b9d24fb39cbfc9e79ab89721a1c9e7d/screenshot - {}
COMMAND: POST /session/8b9d24fb39cbfc9e79ab89721a1c9e7d/execute/async - {"script":"<script> [1562 bytes]","args":[{"selector":{"id":"application-managecontracts-display-component---AddNewContract--projectDescription","interaction":{"idSuffix":"inner"}},"wdio_ui5_key":"applicationmanagecontracts-display-component---AddNewContract--projectDescription"}]}
RESULT: {}
RESULT: {"script":"<script> [1562 bytes]","args":[{"selector":{"id":"application-managecontracts-display-component---AddNewContract--projectDescription","interaction":{"idSuffix":"inner"}},"wdio_ui5_key":"applicationmanagecontracts-display-component---AddNewContract--projectDescription"}]}
RESULT: undefined
COMMAND: POST /session/8b9d24fb39cbfc9e79ab89721a1c9e7d/execute/async - {"script":"<script> [776 bytes]","args":[{"enterText":"Contract WDIO","selector":{"id":"application-managecontracts-display-component---AddNewContract--projectDescription","interaction":{"idSuffix":"inner"}},"clearTextFirst":true,"interactionType":"ENTER_TEXT"}]}
RESULT: {"script":"<script> [776 bytes]","args":[{"enterText":"Contract WDIO","selector":{"id":"application-managecontracts-display-component---AddNewContract--projectDescription","interaction":{"idSuffix":"inner"}},"clearTextFirst":true,"interactionType":"ENTER_TEXT"}]}
COMMAND: POST /session/8b9d24fb39cbfc9e79ab89721a1c9e7d/element - {"using":"xpath","value":"//input[@id=\"application-managecontracts-display-component---AddNewContract--site-inner\"]"}
RESULT: {"using":"xpath","value":"//input[@id=\"application-managecontracts-display-component---AddNewContract--site-inner\"]"}
COMMAND: POST /session/8b9d24fb39cbfc9e79ab89721a1c9e7d/element/f.7652131D378371FA98FE7F43E0E28151.d.70AF146E7290B5D917574688E85A1FFF.e.10458/clear - {}
RESULT: {}
COMMAND: POST /session/8b9d24fb39cbfc9e79ab89721a1c9e7d/element/f.7652131D378371FA98FE7F43E0E28151.d.70AF146E7290B5D917574688E85A1FFF.e.10458/value - {"text":"2085"}
COMMAND: GET /session/8b9d24fb39cbfc9e79ab89721a1c9e7d/screenshot - {}
RESULT: {"text":"2085"}
COMMAND: GET /session/8b9d24fb39cbfc9e79ab89721a1c9e7d/screenshot - {}
RESULT: {}
RESULT: {}
COMMAND: POST /session/8b9d24fb39cbfc9e79ab89721a1c9e7d/element - {"using":"xpath","value":"//li[.//span[text()='2085']]"}
RESULT: {"using":"xpath","value":"//li[.//span[text()='2085']]"}
COMMAND: POST /session/8b9d24fb39cbfc9e79ab89721a1c9e7d/element/f.7652131D378371FA98FE7F43E0E28151.d.70AF146E7290B5D917574688E85A1FFF.e.10541/click - {}
RESULT: {}
COMMAND: GET /session/8b9d24fb39cbfc9e79ab89721a1c9e7d/screenshot - {}
RESULT: {}
COMMAND: POST /session/8b9d24fb39cbfc9e79ab89721a1c9e7d/element - {"using":"xpath","value":"//input[@id=\"application-managecontracts-display-component---AddNewContract--yardId-inner\"]"}
RESULT: {"using":"xpath","value":"//input[@id=\"application-managecontracts-display-component---AddNewContract--yardId-inner\"]"}
COMMAND: GET /session/8b9d24fb39cbfc9e79ab89721a1c9e7d/element/f.7652131D378371FA98FE7F43E0E28151.d.70AF146E7290B5D917574688E85A1FFF.e.10459/property/value - {}
RESULT: {}
COMMAND: POST /session/8b9d24fb39cbfc9e79ab89721a1c9e7d/element - {"using":"xpath","value":"//input[@id=\"application-managecontracts-display-component---AddNewContract--customerSelect-inner\"]"}
COMMAND: GET /session/8b9d24fb39cbfc9e79ab89721a1c9e7d/screenshot - {}
RESULT: {"using":"xpath","value":"//input[@id=\"application-managecontracts-display-component---AddNewContract--customerSelect-inner\"]"}
COMMAND: POST /session/8b9d24fb39cbfc9e79ab89721a1c9e7d/element/f.7652131D378371FA98FE7F43E0E28151.d.70AF146E7290B5D917574688E85A1FFF.e.10457/clear - {}
RESULT: {}
RESULT: {}
COMMAND: POST /session/8b9d24fb39cbfc9e79ab89721a1c9e7d/element/f.7652131D378371FA98FE7F43E0E28151.d.70AF146E7290B5D917574688E85A1FFF.e.10457/value - {"text":"1091"}
COMMAND: GET /session/8b9d24fb39cbfc9e79ab89721a1c9e7d/screenshot - {}
RESULT: {"text":"1091"}
COMMAND: GET /session/8b9d24fb39cbfc9e79ab89721a1c9e7d/screenshot - {}
RESULT: {}
RESULT: {}
COMMAND: POST /session/8b9d24fb39cbfc9e79ab89721a1c9e7d/element - {"using":"xpath","value":"//li[.//span[text()='1091']]"}
RESULT: {"using":"xpath","value":"//li[.//span[text()='1091']]"}
COMMAND: POST /session/8b9d24fb39cbfc9e79ab89721a1c9e7d/element/f.7652131D378371FA98FE7F43E0E28151.d.70AF146E7290B5D917574688E85A1FFF.e.10544/click - {}
RESULT: {}
COMMAND: GET /session/8b9d24fb39cbfc9e79ab89721a1c9e7d/screenshot - {}
RESULT: {}
COMMAND: POST /session/8b9d24fb39cbfc9e79ab89721a1c9e7d/element - {"using":"xpath","value":"//button[@data-kt=\"saveButton\"]"}
RESULT: {"using":"xpath","value":"//button[@data-kt=\"saveButton\"]"}
COMMAND: POST /session/8b9d24fb39cbfc9e79ab89721a1c9e7d/element/f.7652131D378371FA98FE7F43E0E28151.d.70AF146E7290B5D917574688E85A1FFF.e.10534/click - {}
RESULT: {}
COMMAND: GET /session/8b9d24fb39cbfc9e79ab89721a1c9e7d/screenshot - {}
RESULT: {}
COMMAND: POST /session/8b9d24fb39cbfc9e79ab89721a1c9e7d/element - {"using":"xpath","value":"//span[contains(@id ,\"contractDetailTitleNoExpanded\")]"}
RESULT: {"using":"xpath","value":"//span[contains(@id ,\"contractDetailTitleNoExpanded\")]"}
COMMAND: POST /session/8b9d24fb39cbfc9e79ab89721a1c9e7d/elements - {"using":"xpath","value":"//span[contains(@id ,\"contractDetailTitleNoExpanded\")]"}
RESULT: {"using":"xpath","value":"//span[contains(@id ,\"contractDetailTitleNoExpanded\")]"}
COMMAND: POST /session/8b9d24fb39cbfc9e79ab89721a1c9e7d/execute/sync - {"script":"<script> [56 bytes]","args":[{"element-6066-11e4-a52e-4f735466cecf":"f.7652131D378371FA98FE7F43E0E28151.d.70AF146E7290B5D917574688E85A1FFF.e.10616","ELEMENT":"f.7652131D378371FA98FE7F43E0E28151.d.70AF146E7290B5D917574688E85A1FFF.e.10616"}]}
RESULT: {"script":"<script> [56 bytes]","args":[{"element-6066-11e4-a52e-4f735466cecf":"f.7652131D378371FA98FE7F43E0E28151.d.70AF146E7290B5D917574688E85A1FFF.e.10616","ELEMENT":"f.7652131D378371FA98FE7F43E0E28151.d.70AF146E7290B5D917574688E85A1FFF.e.10616"}]}
COMMAND: GET /session/8b9d24fb39cbfc9e79ab89721a1c9e7d/screenshot - {}
RESULT: {}
]]></system-out>
    </testcase>
    <testcase classname="chrome.137_0_7151_69.windows.Provide_to_Site_w/_warehouse_management_wo_clarification" name="Should add equipment to the contract" time="58.29">
      <system-out><![CDATA[
COMMAND: POST /session/8b9d24fb39cbfc9e79ab89721a1c9e7d/element - {"using":"xpath","value":"//button[@data-kt=\"contractDetailEditBtnButton\"]"}
RESULT: {"using":"xpath","value":"//button[@data-kt=\"contractDetailEditBtnButton\"]"}
COMMAND: POST /session/8b9d24fb39cbfc9e79ab89721a1c9e7d/element/f.7652131D378371FA98FE7F43E0E28151.d.70AF146E7290B5D917574688E85A1FFF.e.10618/click - {}
RESULT: {}
COMMAND: GET /session/8b9d24fb39cbfc9e79ab89721a1c9e7d/screenshot - {}
RESULT: {}
COMMAND: POST /session/8b9d24fb39cbfc9e79ab89721a1c9e7d/element - {"using":"xpath","value":"(//span[contains(text(), \"Additional Addresses\")])[2]"}
RESULT: {"using":"xpath","value":"(//span[contains(text(), \"Additional Addresses\")])[2]"}
COMMAND: POST /session/8b9d24fb39cbfc9e79ab89721a1c9e7d/element/f.7652131D378371FA98FE7F43E0E28151.d.70AF146E7290B5D917574688E85A1FFF.e.10673/click - {}
RESULT: {}
COMMAND: GET /session/8b9d24fb39cbfc9e79ab89721a1c9e7d/screenshot - {}
RESULT: {}
COMMAND: POST /session/8b9d24fb39cbfc9e79ab89721a1c9e7d/element - {"using":"xpath","value":"//button[@data-kt=\"btnAddTableRowOverflowToolbarButton\"]"}
RESULT: {"using":"xpath","value":"//button[@data-kt=\"btnAddTableRowOverflowToolbarButton\"]"}
COMMAND: POST /session/8b9d24fb39cbfc9e79ab89721a1c9e7d/element/f.7652131D378371FA98FE7F43E0E28151.d.70AF146E7290B5D917574688E85A1FFF.e.10676/click - {}
RESULT: {}
COMMAND: GET /session/8b9d24fb39cbfc9e79ab89721a1c9e7d/screenshot - {}
RESULT: {}
COMMAND: POST /session/8b9d24fb39cbfc9e79ab89721a1c9e7d/element - {"using":"xpath","value":"//div[(text() = 'Standard Entry' or . = 'Standard Entry')]"}
RESULT: {"using":"xpath","value":"//div[(text() = 'Standard Entry' or . = 'Standard Entry')]"}
COMMAND: POST /session/8b9d24fb39cbfc9e79ab89721a1c9e7d/element/f.7652131D378371FA98FE7F43E0E28151.d.70AF146E7290B5D917574688E85A1FFF.e.10678/click - {}
RESULT: {}
COMMAND: GET /session/8b9d24fb39cbfc9e79ab89721a1c9e7d/screenshot - {}
RESULT: {}
COMMAND: POST /session/8b9d24fb39cbfc9e79ab89721a1c9e7d/element - {"using":"xpath","value":"//td[6]/div/div/div/span"}
RESULT: {"using":"xpath","value":"//td[6]/div/div/div/span"}
COMMAND: POST /session/8b9d24fb39cbfc9e79ab89721a1c9e7d/element/f.7652131D378371FA98FE7F43E0E28151.d.70AF146E7290B5D917574688E85A1FFF.e.10690/click - {}
RESULT: {}
COMMAND: GET /session/8b9d24fb39cbfc9e79ab89721a1c9e7d/screenshot - {}
RESULT: {}
COMMAND: POST /session/8b9d24fb39cbfc9e79ab89721a1c9e7d/element - {"using":"xpath","value":"(//span[contains(text(), \"Material\")])"}
RESULT: {"using":"xpath","value":"(//span[contains(text(), \"Material\")])"}
COMMAND: POST /session/8b9d24fb39cbfc9e79ab89721a1c9e7d/element/f.7652131D378371FA98FE7F43E0E28151.d.70AF146E7290B5D917574688E85A1FFF.e.10691/click - {}
RESULT: {}
COMMAND: GET /session/8b9d24fb39cbfc9e79ab89721a1c9e7d/screenshot - {}
RESULT: {}
COMMAND: POST /session/8b9d24fb39cbfc9e79ab89721a1c9e7d/element - {"using":"xpath","value":"//td[7]/div/div/input"}
RESULT: {"using":"xpath","value":"//td[7]/div/div/input"}
COMMAND: POST /session/8b9d24fb39cbfc9e79ab89721a1c9e7d/element/f.7652131D378371FA98FE7F43E0E28151.d.70AF146E7290B5D917574688E85A1FFF.e.10695/clear - {}
RESULT: {}
COMMAND: POST /session/8b9d24fb39cbfc9e79ab89721a1c9e7d/element/f.7652131D378371FA98FE7F43E0E28151.d.70AF146E7290B5D917574688E85A1FFF.e.10695/value - {"text":"200117"}
COMMAND: GET /session/8b9d24fb39cbfc9e79ab89721a1c9e7d/screenshot - {}
RESULT: {"text":"200117"}
COMMAND: GET /session/8b9d24fb39cbfc9e79ab89721a1c9e7d/screenshot - {}
RESULT: {}
RESULT: {}
COMMAND: POST /session/8b9d24fb39cbfc9e79ab89721a1c9e7d/actions - {"actions":[{"id":"action33","type":"key","parameters":{},"actions":[{"type":"keyDown","value":""},{"type":"pause","duration":10},{"type":"keyUp","value":""}]}]}
RESULT: {"actions":[{"id":"action33","type":"key","parameters":{},"actions":[{"type":"keyDown","value":""},{"type":"pause","duration":10},{"type":"keyUp","value":""}]}]}
COMMAND: GET /session/8b9d24fb39cbfc9e79ab89721a1c9e7d/screenshot - {}
RESULT: {}
COMMAND: POST /session/8b9d24fb39cbfc9e79ab89721a1c9e7d/execute/sync - {"script":"<script> [276 bytes]","args":["No pricing information was found"]}
RESULT: {"script":"<script> [276 bytes]","args":["No pricing information was found"]}
COMMAND: POST /session/8b9d24fb39cbfc9e79ab89721a1c9e7d/element - {"using":"xpath","value":"//bdi[contains(text(), \"OK\")]"}
COMMAND: GET /session/8b9d24fb39cbfc9e79ab89721a1c9e7d/screenshot - {}
RESULT: {"using":"xpath","value":"//bdi[contains(text(), \"OK\")]"}
COMMAND: POST /session/8b9d24fb39cbfc9e79ab89721a1c9e7d/element/f.7652131D378371FA98FE7F43E0E28151.d.70AF146E7290B5D917574688E85A1FFF.e.10721/click - {}
RESULT: {}
RESULT: {}
COMMAND: GET /session/8b9d24fb39cbfc9e79ab89721a1c9e7d/screenshot - {}
RESULT: {}
COMMAND: POST /session/8b9d24fb39cbfc9e79ab89721a1c9e7d/element - {"using":"xpath","value":"(//button[@data-kt=\"saveButton\"])[2]"}
RESULT: {"using":"xpath","value":"(//button[@data-kt=\"saveButton\"])[2]"}
COMMAND: POST /session/8b9d24fb39cbfc9e79ab89721a1c9e7d/element/f.7652131D378371FA98FE7F43E0E28151.d.70AF146E7290B5D917574688E85A1FFF.e.10722/click - {}
RESULT: {}
COMMAND: GET /session/8b9d24fb39cbfc9e79ab89721a1c9e7d/screenshot - {}
RESULT: {}
COMMAND: POST /session/8b9d24fb39cbfc9e79ab89721a1c9e7d/execute/sync - {"script":"<script> [276 bytes]","args":["Some contract items are having rental validity exceeding header rental validity"]}
RESULT: {"script":"<script> [276 bytes]","args":["Some contract items are having rental validity exceeding header rental validity"]}
COMMAND: GET /session/8b9d24fb39cbfc9e79ab89721a1c9e7d/screenshot - {}
RESULT: {}
COMMAND: POST /session/8b9d24fb39cbfc9e79ab89721a1c9e7d/element - {"using":"xpath","value":"//span[contains(@id ,\"contractItemsSmartTable-header-inner\")]"}
RESULT: {"using":"xpath","value":"//span[contains(@id ,\"contractItemsSmartTable-header-inner\")]"}
COMMAND: POST /session/8b9d24fb39cbfc9e79ab89721a1c9e7d/elements - {"using":"xpath","value":"//span[contains(@id ,\"contractItemsSmartTable-header-inner\")]"}
RESULT: {"using":"xpath","value":"//span[contains(@id ,\"contractItemsSmartTable-header-inner\")]"}
COMMAND: POST /session/8b9d24fb39cbfc9e79ab89721a1c9e7d/execute/sync - {"script":"<script> [56 bytes]","args":[{"element-6066-11e4-a52e-4f735466cecf":"f.7652131D378371FA98FE7F43E0E28151.d.70AF146E7290B5D917574688E85A1FFF.e.10726","ELEMENT":"f.7652131D378371FA98FE7F43E0E28151.d.70AF146E7290B5D917574688E85A1FFF.e.10726"}]}
RESULT: {"script":"<script> [56 bytes]","args":[{"element-6066-11e4-a52e-4f735466cecf":"f.7652131D378371FA98FE7F43E0E28151.d.70AF146E7290B5D917574688E85A1FFF.e.10726","ELEMENT":"f.7652131D378371FA98FE7F43E0E28151.d.70AF146E7290B5D917574688E85A1FFF.e.10726"}]}
]]></system-out>
    </testcase>
    <testcase classname="chrome.137_0_7151_69.windows.Provide_to_Site_w/_warehouse_management_wo_clarification" name="Should provide to site" time="44.542">
      <system-out><![CDATA[
COMMAND: GET /session/8b9d24fb39cbfc9e79ab89721a1c9e7d/screenshot - {}
COMMAND: POST /session/8b9d24fb39cbfc9e79ab89721a1c9e7d/element - {"using":"xpath","value":"//button[@data-kt=\"provideButton\"]"}
RESULT: {}
RESULT: {"using":"xpath","value":"//button[@data-kt=\"provideButton\"]"}
COMMAND: POST /session/8b9d24fb39cbfc9e79ab89721a1c9e7d/element/f.7652131D378371FA98FE7F43E0E28151.d.70AF146E7290B5D917574688E85A1FFF.e.10727/click - {}
RESULT: {}
COMMAND: GET /session/8b9d24fb39cbfc9e79ab89721a1c9e7d/screenshot - {}
RESULT: {}
RESULT: undefined
COMMAND: POST /session/8b9d24fb39cbfc9e79ab89721a1c9e7d/execute/async - {"script":"<script> [6424 bytes]","args":[{"element-6066-11e4-a52e-4f735466cecf":"f.7652131D378371FA98FE7F43E0E28151.d.70AF146E7290B5D917574688E85A1FFF.e.9571"},"setValue",["06/13/25"]]}
COMMAND: POST /session/8b9d24fb39cbfc9e79ab89721a1c9e7d/execute/async - {"script":"<script> [1562 bytes]","args":[{"selector":{"id":"application-managehandovers-display-component---AddNewHO--dueDate","interaction":{"idSuffix":"inner"}},"wdio_ui5_key":"applicationmanagehandovers-display-component---AddNewHO--dueDate"}]}
RESULT: {"script":"<script> [1562 bytes]","args":[{"selector":{"id":"application-managehandovers-display-component---AddNewHO--dueDate","interaction":{"idSuffix":"inner"}},"wdio_ui5_key":"applicationmanagehandovers-display-component---AddNewHO--dueDate"}]}
COMMAND: POST /session/8b9d24fb39cbfc9e79ab89721a1c9e7d/execute/async - {"script":"<script> [6424 bytes]","args":[{"element-6066-11e4-a52e-4f735466cecf":"f.7652131D378371FA98FE7F43E0E28151.d.70AF146E7290B5D917574688E85A1FFF.e.10817"},"setValue",["06/13/25"]]}
RESULT: {"script":"<script> [6424 bytes]","args":[{"element-6066-11e4-a52e-4f735466cecf":"f.7652131D378371FA98FE7F43E0E28151.d.70AF146E7290B5D917574688E85A1FFF.e.10817"},"setValue",["06/13/25"]]}
COMMAND: POST /session/8b9d24fb39cbfc9e79ab89721a1c9e7d/element - {"using":"xpath","value":"//bdi[contains(text(), \"Instructions\")]"}
RESULT: {"using":"xpath","value":"//bdi[contains(text(), \"Instructions\")]"}
COMMAND: POST /session/8b9d24fb39cbfc9e79ab89721a1c9e7d/element/f.7652131D378371FA98FE7F43E0E28151.d.70AF146E7290B5D917574688E85A1FFF.e.11043/click - {}
RESULT: {}
COMMAND: GET /session/8b9d24fb39cbfc9e79ab89721a1c9e7d/screenshot - {}
RESULT: {}
COMMAND: POST /session/8b9d24fb39cbfc9e79ab89721a1c9e7d/element - {"using":"xpath","value":"//button[@data-kt=\"AddNewHOProvideAddItemsButton\"]"}
RESULT: {"using":"xpath","value":"//button[@data-kt=\"AddNewHOProvideAddItemsButton\"]"}
COMMAND: POST /session/8b9d24fb39cbfc9e79ab89721a1c9e7d/element/f.7652131D378371FA98FE7F43E0E28151.d.70AF146E7290B5D917574688E85A1FFF.e.11047/click - {}
RESULT: {}
COMMAND: GET /session/8b9d24fb39cbfc9e79ab89721a1c9e7d/screenshot - {}
RESULT: {}
RESULT: undefined
COMMAND: POST /session/8b9d24fb39cbfc9e79ab89721a1c9e7d/element - {"using":"xpath","value":"//*[@id=\"application-managehandovers-display-component---AddNewHO--popup-sa\"]"}
RESULT: {"using":"xpath","value":"//*[@id=\"application-managehandovers-display-component---AddNewHO--popup-sa\"]"}
COMMAND: POST /session/8b9d24fb39cbfc9e79ab89721a1c9e7d/element/f.7652131D378371FA98FE7F43E0E28151.d.70AF146E7290B5D917574688E85A1FFF.e.11051/click - {}
RESULT: {}
COMMAND: GET /session/8b9d24fb39cbfc9e79ab89721a1c9e7d/screenshot - {}
RESULT: {}
COMMAND: POST /session/8b9d24fb39cbfc9e79ab89721a1c9e7d/element - {"using":"xpath","value":"//*[contains(@id ,\"BDI-content\")][contains(text(), \"Select\")]"}
RESULT: {"using":"xpath","value":"//*[contains(@id ,\"BDI-content\")][contains(text(), \"Select\")]"}
COMMAND: POST /session/8b9d24fb39cbfc9e79ab89721a1c9e7d/element/f.7652131D378371FA98FE7F43E0E28151.d.70AF146E7290B5D917574688E85A1FFF.e.11053/click - {}
RESULT: {}
COMMAND: GET /session/8b9d24fb39cbfc9e79ab89721a1c9e7d/screenshot - {}
RESULT: {}
COMMAND: POST /session/8b9d24fb39cbfc9e79ab89721a1c9e7d/element - {"using":"xpath","value":"//bdi[(text() = 'Save' or . = 'Save')]"}
RESULT: {"using":"xpath","value":"//bdi[(text() = 'Save' or . = 'Save')]"}
COMMAND: POST /session/8b9d24fb39cbfc9e79ab89721a1c9e7d/element/f.7652131D378371FA98FE7F43E0E28151.d.70AF146E7290B5D917574688E85A1FFF.e.11061/click - {}
RESULT: {}
COMMAND: GET /session/8b9d24fb39cbfc9e79ab89721a1c9e7d/screenshot - {}
RESULT: {}
]]></system-out>
    </testcase>
    <testcase classname="chrome.137_0_7151_69.windows.Provide_to_Site_w/_warehouse_management_wo_clarification" name="Should Test for Handover Execution" time="153.739">
      <system-out><![CDATA[
COMMAND: POST /session/8b9d24fb39cbfc9e79ab89721a1c9e7d/execute/async - {"script":"<script> [1562 bytes]","args":[{"selector":{"controlType":"sap.m.Link","viewName":"etm.portal.ui.managehandovers.view.DetailExecuteHO","bindingPath":{"path":"","propertyPath":"/wmDoc","modelName":"warehouseMovModel"}},"wdio_ui5_key":"etmportal.ui.managehandovers.view.DetailExecuteHOsap.m.Link{\"path\":\"\",\"propertyPath\":\"/wmDoc\",\"modelName\":\"warehouseMovModel\"}"}]}
RESULT: {"script":"<script> [1562 bytes]","args":[{"selector":{"controlType":"sap.m.Link","viewName":"etm.portal.ui.managehandovers.view.DetailExecuteHO","bindingPath":{"path":"","propertyPath":"/wmDoc","modelName":"warehouseMovModel"}},"wdio_ui5_key":"etmportal.ui.managehandovers.view.DetailExecuteHOsap.m.Link{\"path\":\"\",\"propertyPath\":\"/wmDoc\",\"modelName\":\"warehouseMovModel\"}"}]}
RESULT: undefined
COMMAND: POST /session/8b9d24fb39cbfc9e79ab89721a1c9e7d/element - {"using":"xpath","value":"//*[@id=\"__link82\"]"}
RESULT: {"using":"xpath","value":"//*[@id=\"__link82\"]"}
COMMAND: POST /session/8b9d24fb39cbfc9e79ab89721a1c9e7d/element/f.7652131D378371FA98FE7F43E0E28151.d.70AF146E7290B5D917574688E85A1FFF.e.11095/click - {}
RESULT: {}
COMMAND: GET /session/8b9d24fb39cbfc9e79ab89721a1c9e7d/screenshot - {}
RESULT: {}
COMMAND: POST /session/8b9d24fb39cbfc9e79ab89721a1c9e7d/execute/async - {"script":"<script> [1562 bytes]","args":[{"selector":{"controlType":"sap.m.Link","viewName":"etm.portal.ui.managehandovers.view.DetailExecuteHO","properties":{"text":"Warehouse Overview"},"searchOpenDialogs":true},"wdio_ui5_key":"etmportal.ui.managehandovers.view.DetailExecuteHOsap.m.Link{\"text\":\"Warehouse Overview\"}"}]}
RESULT: {"script":"<script> [1562 bytes]","args":[{"selector":{"controlType":"sap.m.Link","viewName":"etm.portal.ui.managehandovers.view.DetailExecuteHO","properties":{"text":"Warehouse Overview"},"searchOpenDialogs":true},"wdio_ui5_key":"etmportal.ui.managehandovers.view.DetailExecuteHOsap.m.Link{\"text\":\"Warehouse Overview\"}"}]}
RESULT: undefined
COMMAND: POST /session/8b9d24fb39cbfc9e79ab89721a1c9e7d/element - {"using":"xpath","value":"//*[@id=\"__link98\"]"}
RESULT: {"using":"xpath","value":"//*[@id=\"__link98\"]"}
COMMAND: POST /session/8b9d24fb39cbfc9e79ab89721a1c9e7d/element/f.7652131D378371FA98FE7F43E0E28151.d.70AF146E7290B5D917574688E85A1FFF.e.11097/click - {}
RESULT: {}
COMMAND: GET /session/8b9d24fb39cbfc9e79ab89721a1c9e7d/screenshot - {}
COMMAND: POST /session/8b9d24fb39cbfc9e79ab89721a1c9e7d/execute/async - {"script":"<script> [1562 bytes]","args":[{"selector":{"controlType":"sap.m.Button","viewName":"etm.portal.ui.warehousemovements.view.DisplayMovement","viewId":"application-warehousemovements-display-component---displayMovement","i18NText":{"propertyName":"text","key":"execution"},"interaction":{"idSuffix":"BDI-content"}},"wdio_ui5_key":"etmportal.ui.warehousemovements.view.DisplayMovementsap.m.Button{\"propertyName\":\"text\",\"key\":\"execution\"}"}]}
RESULT: {}
RESULT: {"script":"<script> [1562 bytes]","args":[{"selector":{"controlType":"sap.m.Button","viewName":"etm.portal.ui.warehousemovements.view.DisplayMovement","viewId":"application-warehousemovements-display-component---displayMovement","i18NText":{"propertyName":"text","key":"execution"},"interaction":{"idSuffix":"BDI-content"}},"wdio_ui5_key":"etmportal.ui.warehousemovements.view.DisplayMovementsap.m.Button{\"propertyName\":\"text\",\"key\":\"execution\"}"}]}
RESULT: undefined
COMMAND: POST /session/8b9d24fb39cbfc9e79ab89721a1c9e7d/element - {"using":"xpath","value":"//*[@id=\"__button247\"]"}
RESULT: {"using":"xpath","value":"//*[@id=\"__button247\"]"}
COMMAND: POST /session/8b9d24fb39cbfc9e79ab89721a1c9e7d/element/f.7652131D378371FA98FE7F43E0E28151.d.70AF146E7290B5D917574688E85A1FFF.e.11218/click - {}
RESULT: {}
COMMAND: GET /session/8b9d24fb39cbfc9e79ab89721a1c9e7d/screenshot - {}
RESULT: {}
COMMAND: POST /session/8b9d24fb39cbfc9e79ab89721a1c9e7d/execute/async - {"script":"<script> [1562 bytes]","args":[{"selector":{"controlType":"sap.m.Button","viewName":"etm.portal.ui.warehousemovements.view.ExecuteMovement","viewId":"application-warehousemovements-display-component---executeMovement","properties":{"text":"Items"},"interaction":{"idSuffix":"BDI-content"}},"wdio_ui5_key":"etmportal.ui.warehousemovements.view.ExecuteMovementsap.m.Button{\"text\":\"Items\"}"}]}
RESULT: {"script":"<script> [1562 bytes]","args":[{"selector":{"controlType":"sap.m.Button","viewName":"etm.portal.ui.warehousemovements.view.ExecuteMovement","viewId":"application-warehousemovements-display-component---executeMovement","properties":{"text":"Items"},"interaction":{"idSuffix":"BDI-content"}},"wdio_ui5_key":"etmportal.ui.warehousemovements.view.ExecuteMovementsap.m.Button{\"text\":\"Items\"}"}]}
RESULT: undefined
COMMAND: POST /session/8b9d24fb39cbfc9e79ab89721a1c9e7d/element - {"using":"xpath","value":"//*[@id=\"__layout381-anchBar-application-warehousemovements-display-component---executeMovement--itemsSection-anchor\"]"}
RESULT: {"using":"xpath","value":"//*[@id=\"__layout381-anchBar-application-warehousemovements-display-component---executeMovement--itemsSection-anchor\"]"}
COMMAND: POST /session/8b9d24fb39cbfc9e79ab89721a1c9e7d/element/f.7652131D378371FA98FE7F43E0E28151.d.70AF146E7290B5D917574688E85A1FFF.e.11314/click - {}
RESULT: {}
COMMAND: GET /session/8b9d24fb39cbfc9e79ab89721a1c9e7d/screenshot - {}
RESULT: {}
COMMAND: POST /session/8b9d24fb39cbfc9e79ab89721a1c9e7d/execute/async - {"script":"<script> [1562 bytes]","args":[{"selector":{"controlType":"sap.m.ToggleButton","viewName":"etm.portal.ui.warehousemovements.view.ExecuteMovement","viewId":"application-warehousemovements-display-component---executeMovement","bindingPath":{"propertyPath":"STATUS","modelName":"catalogModel"},"interaction":{"idSuffix":"BDI-content"}},"wdio_ui5_key":"etmportal.ui.warehousemovements.view.ExecuteMovementsap.m.ToggleButton{\"propertyPath\":\"STATUS\",\"modelName\":\"catalogModel\"}"}]}
RESULT: {"script":"<script> [1562 bytes]","args":[{"selector":{"controlType":"sap.m.ToggleButton","viewName":"etm.portal.ui.warehousemovements.view.ExecuteMovement","viewId":"application-warehousemovements-display-component---executeMovement","bindingPath":{"propertyPath":"STATUS","modelName":"catalogModel"},"interaction":{"idSuffix":"BDI-content"}},"wdio_ui5_key":"etmportal.ui.warehousemovements.view.ExecuteMovementsap.m.ToggleButton{\"propertyPath\":\"STATUS\",\"modelName\":\"catalogModel\"}"}]}
RESULT: undefined
COMMAND: POST /session/8b9d24fb39cbfc9e79ab89721a1c9e7d/element - {"using":"xpath","value":"//*[@id=\"__button272-__clone2240\"]"}
RESULT: {"using":"xpath","value":"//*[@id=\"__button272-__clone2240\"]"}
COMMAND: POST /session/8b9d24fb39cbfc9e79ab89721a1c9e7d/element/f.7652131D378371FA98FE7F43E0E28151.d.70AF146E7290B5D917574688E85A1FFF.e.11292/click - {}
RESULT: {}
RESULT: undefined
COMMAND: POST /session/8b9d24fb39cbfc9e79ab89721a1c9e7d/element - {"using":"xpath","value":"//*[@id=\"__button272-__clone2240\"]"}
COMMAND: GET /session/8b9d24fb39cbfc9e79ab89721a1c9e7d/screenshot - {}
RESULT: {"using":"xpath","value":"//*[@id=\"__button272-__clone2240\"]"}
COMMAND: POST /session/8b9d24fb39cbfc9e79ab89721a1c9e7d/element/f.7652131D378371FA98FE7F43E0E28151.d.70AF146E7290B5D917574688E85A1FFF.e.11292/click - {}
RESULT: {}
RESULT: {}
COMMAND: GET /session/8b9d24fb39cbfc9e79ab89721a1c9e7d/screenshot - {}
RESULT: {}
RESULT: undefined
COMMAND: POST /session/8b9d24fb39cbfc9e79ab89721a1c9e7d/execute/async - {"script":"<script> [6424 bytes]","args":[{"element-6066-11e4-a52e-4f735466cecf":"f.7652131D378371FA98FE7F43E0E28151.d.70AF146E7290B5D917574688E85A1FFF.e.11319"},"getText",[]]}
RESULT: {"script":"<script> [6424 bytes]","args":[{"element-6066-11e4-a52e-4f735466cecf":"f.7652131D378371FA98FE7F43E0E28151.d.70AF146E7290B5D917574688E85A1FFF.e.11319"},"getText",[]]}
COMMAND: POST /session/8b9d24fb39cbfc9e79ab89721a1c9e7d/element - {"using":"xpath","value":"//section[contains(@id,\"FC-NoHead\")]/div[1]/div[5]/div[2]/span"}
RESULT: {"using":"xpath","value":"//section[contains(@id,\"FC-NoHead\")]/div[1]/div[5]/div[2]/span"}
COMMAND: POST /session/8b9d24fb39cbfc9e79ab89721a1c9e7d/elements - {"using":"xpath","value":"//section[contains(@id,\"FC-NoHead\")]/div[1]/div[5]/div[2]/span"}
RESULT: {"using":"xpath","value":"//section[contains(@id,\"FC-NoHead\")]/div[1]/div[5]/div[2]/span"}
COMMAND: POST /session/8b9d24fb39cbfc9e79ab89721a1c9e7d/execute/sync - {"script":"<script> [56 bytes]","args":[{"element-6066-11e4-a52e-4f735466cecf":"f.7652131D378371FA98FE7F43E0E28151.d.70AF146E7290B5D917574688E85A1FFF.e.11321","ELEMENT":"f.7652131D378371FA98FE7F43E0E28151.d.70AF146E7290B5D917574688E85A1FFF.e.11321"}]}
RESULT: {"script":"<script> [56 bytes]","args":[{"element-6066-11e4-a52e-4f735466cecf":"f.7652131D378371FA98FE7F43E0E28151.d.70AF146E7290B5D917574688E85A1FFF.e.11321","ELEMENT":"f.7652131D378371FA98FE7F43E0E28151.d.70AF146E7290B5D917574688E85A1FFF.e.11321"}]}
COMMAND: POST /session/8b9d24fb39cbfc9e79ab89721a1c9e7d/actions - {"actions":[{"id":"action34","type":"key","parameters":{},"actions":[{"type":"keyDown","value":""},{"type":"pause","duration":10},{"type":"keyUp","value":""}]}]}
COMMAND: GET /session/8b9d24fb39cbfc9e79ab89721a1c9e7d/screenshot - {}
RESULT: {"actions":[{"id":"action34","type":"key","parameters":{},"actions":[{"type":"keyDown","value":""},{"type":"pause","duration":10},{"type":"keyUp","value":""}]}]}
COMMAND: POST /session/8b9d24fb39cbfc9e79ab89721a1c9e7d/execute/async - {"script":"<script> [1562 bytes]","args":[{"selector":{"id":"application-warehousemovements-display-component---executeMovement--executeId","interaction":{"idSuffix":"BDI-content"}},"wdio_ui5_key":"applicationwarehousemovements-display-component---executeMovement--executeId"}]}
COMMAND: GET /session/8b9d24fb39cbfc9e79ab89721a1c9e7d/screenshot - {}
RESULT: {}
RESULT: {"script":"<script> [1562 bytes]","args":[{"selector":{"id":"application-warehousemovements-display-component---executeMovement--executeId","interaction":{"idSuffix":"BDI-content"}},"wdio_ui5_key":"applicationwarehousemovements-display-component---executeMovement--executeId"}]}
RESULT: undefined
COMMAND: POST /session/8b9d24fb39cbfc9e79ab89721a1c9e7d/element - {"using":"xpath","value":"//*[@id=\"application-warehousemovements-display-component---executeMovement--executeId\"]"}
RESULT: {}
RESULT: {"using":"xpath","value":"//*[@id=\"application-warehousemovements-display-component---executeMovement--executeId\"]"}
COMMAND: POST /session/8b9d24fb39cbfc9e79ab89721a1c9e7d/element/f.7652131D378371FA98FE7F43E0E28151.d.70AF146E7290B5D917574688E85A1FFF.e.11286/click - {}
RESULT: {}
COMMAND: GET /session/8b9d24fb39cbfc9e79ab89721a1c9e7d/screenshot - {}
RESULT: {}
COMMAND: POST /session/8b9d24fb39cbfc9e79ab89721a1c9e7d/element - {"using":"css selector","value":"#shell-header-logo"}
RESULT: {"using":"css selector","value":"#shell-header-logo"}
COMMAND: POST /session/8b9d24fb39cbfc9e79ab89721a1c9e7d/element/f.7652131D378371FA98FE7F43E0E28151.d.70AF146E7290B5D917574688E85A1FFF.e.10091/click - {}
RESULT: {}
COMMAND: GET /session/8b9d24fb39cbfc9e79ab89721a1c9e7d/screenshot - {}
RESULT: {}
RESULT: undefined
COMMAND: POST /session/8b9d24fb39cbfc9e79ab89721a1c9e7d/element - {"using":"xpath","value":"//*[@id=\"__tile135\"]"}
RESULT: {"using":"xpath","value":"//*[@id=\"__tile135\"]"}
COMMAND: POST /session/8b9d24fb39cbfc9e79ab89721a1c9e7d/element/f.7652131D378371FA98FE7F43E0E28151.d.70AF146E7290B5D917574688E85A1FFF.e.8494/click - {}
RESULT: {}
COMMAND: GET /session/8b9d24fb39cbfc9e79ab89721a1c9e7d/screenshot - {}
RESULT: {}
COMMAND: POST /session/8b9d24fb39cbfc9e79ab89721a1c9e7d/elements - {"using":"xpath","value":"//span[text()='Error']"}
RESULT: {"using":"xpath","value":"//span[text()='Error']"}
COMMAND: POST /session/8b9d24fb39cbfc9e79ab89721a1c9e7d/execute/async - {"script":"<script> [1562 bytes]","args":[{"selector":{"controlType":"sap.m.SearchField","viewName":"etm.portal.ui.managehandovers.view.MasterHO","bindingPath":{"propertyPath":"/_BASIC_SEARCH_FIELD","modelName":"fi1t3rM0d31"},"interaction":{"idSuffix":"I"}},"wdio_ui5_key":"etmportal.ui.managehandovers.view.MasterHOsap.m.SearchField{\"propertyPath\":\"/_BASIC_SEARCH_FIELD\",\"modelName\":\"fi1t3rM0d31\"}"}]}
RESULT: {"script":"<script> [1562 bytes]","args":[{"selector":{"controlType":"sap.m.SearchField","viewName":"etm.portal.ui.managehandovers.view.MasterHO","bindingPath":{"propertyPath":"/_BASIC_SEARCH_FIELD","modelName":"fi1t3rM0d31"},"interaction":{"idSuffix":"I"}},"wdio_ui5_key":"etmportal.ui.managehandovers.view.MasterHOsap.m.SearchField{\"propertyPath\":\"/_BASIC_SEARCH_FIELD\",\"modelName\":\"fi1t3rM0d31\"}"}]}
RESULT: undefined
COMMAND: POST /session/8b9d24fb39cbfc9e79ab89721a1c9e7d/execute/async - {"script":"<script> [776 bytes]","args":[{"enterText":"30371","selector":{"controlType":"sap.m.SearchField","viewName":"etm.portal.ui.managehandovers.view.MasterHO","bindingPath":{"propertyPath":"/_BASIC_SEARCH_FIELD","modelName":"fi1t3rM0d31"},"interaction":{"idSuffix":"I"}},"clearTextFirst":true,"interactionType":"ENTER_TEXT"}]}
RESULT: {"script":"<script> [776 bytes]","args":[{"enterText":"30371","selector":{"controlType":"sap.m.SearchField","viewName":"etm.portal.ui.managehandovers.view.MasterHO","bindingPath":{"propertyPath":"/_BASIC_SEARCH_FIELD","modelName":"fi1t3rM0d31"},"interaction":{"idSuffix":"I"}},"clearTextFirst":true,"interactionType":"ENTER_TEXT"}]}
COMMAND: POST /session/8b9d24fb39cbfc9e79ab89721a1c9e7d/actions - {"actions":[{"id":"action35","type":"key","parameters":{},"actions":[{"type":"keyDown","value":""},{"type":"pause","duration":10},{"type":"keyUp","value":""}]}]}
RESULT: {"actions":[{"id":"action35","type":"key","parameters":{},"actions":[{"type":"keyDown","value":""},{"type":"pause","duration":10},{"type":"keyUp","value":""}]}]}
COMMAND: GET /session/8b9d24fb39cbfc9e79ab89721a1c9e7d/screenshot - {}
RESULT: {}
COMMAND: POST /session/8b9d24fb39cbfc9e79ab89721a1c9e7d/execute/async - {"script":"<script> [1562 bytes]","args":[{"selector":{"controlType":"sap.ui.core.Icon","viewName":"etm.portal.ui.managehandovers.view.MasterHO","properties":{"src":{"regex":{"source":"slim\\-arrow\\-right"}}}},"wdio_ui5_key":"etmportal.ui.managehandovers.view.MasterHOsap.ui.core.Icon{\"src\":{\"regex\":{\"source\":\"slim\\\\-arrow\\\\-right\"}}}"}]}
RESULT: {"script":"<script> [1562 bytes]","args":[{"selector":{"controlType":"sap.ui.core.Icon","viewName":"etm.portal.ui.managehandovers.view.MasterHO","properties":{"src":{"regex":{"source":"slim\\-arrow\\-right"}}}},"wdio_ui5_key":"etmportal.ui.managehandovers.view.MasterHOsap.ui.core.Icon{\"src\":{\"regex\":{\"source\":\"slim\\\\-arrow\\\\-right\"}}}"}]}
RESULT: undefined
COMMAND: POST /session/8b9d24fb39cbfc9e79ab89721a1c9e7d/element - {"using":"xpath","value":"//*[@id=\"__item1163-__clone2319-imgNav\"]"}
RESULT: {"using":"xpath","value":"//*[@id=\"__item1163-__clone2319-imgNav\"]"}
COMMAND: POST /session/8b9d24fb39cbfc9e79ab89721a1c9e7d/element/f.7652131D378371FA98FE7F43E0E28151.d.70AF146E7290B5D917574688E85A1FFF.e.11651/click - {}
RESULT: {}
COMMAND: GET /session/8b9d24fb39cbfc9e79ab89721a1c9e7d/screenshot - {}
RESULT: {}
COMMAND: POST /session/8b9d24fb39cbfc9e79ab89721a1c9e7d/execute/async - {"script":"<script> [1562 bytes]","args":[{"selector":{"controlType":"sap.m.Button","viewName":"etm.portal.ui.managehandovers.view.DetailExecuteHO","i18NText":{"propertyName":"text","key":"confirmAll"},"interaction":{"idSuffix":"BDI-content"}},"wdio_ui5_key":"etmportal.ui.managehandovers.view.DetailExecuteHOsap.m.Button{\"propertyName\":\"text\",\"key\":\"confirmAll\"}"}]}
RESULT: {"script":"<script> [1562 bytes]","args":[{"selector":{"controlType":"sap.m.Button","viewName":"etm.portal.ui.managehandovers.view.DetailExecuteHO","i18NText":{"propertyName":"text","key":"confirmAll"},"interaction":{"idSuffix":"BDI-content"}},"wdio_ui5_key":"etmportal.ui.managehandovers.view.DetailExecuteHOsap.m.Button{\"propertyName\":\"text\",\"key\":\"confirmAll\"}"}]}
RESULT: undefined
COMMAND: POST /session/8b9d24fb39cbfc9e79ab89721a1c9e7d/element - {"using":"xpath","value":"//*[@id=\"__button313\"]"}
RESULT: {"using":"xpath","value":"//*[@id=\"__button313\"]"}
COMMAND: POST /session/8b9d24fb39cbfc9e79ab89721a1c9e7d/element/f.7652131D378371FA98FE7F43E0E28151.d.70AF146E7290B5D917574688E85A1FFF.e.11737/click - {}
RESULT: {}
COMMAND: GET /session/8b9d24fb39cbfc9e79ab89721a1c9e7d/screenshot - {}
RESULT: {}
COMMAND: POST /session/8b9d24fb39cbfc9e79ab89721a1c9e7d/actions - {"actions":[{"id":"action36","type":"key","parameters":{},"actions":[{"type":"keyDown","value":""},{"type":"pause","duration":10},{"type":"keyUp","value":""}]}]}
RESULT: {"actions":[{"id":"action36","type":"key","parameters":{},"actions":[{"type":"keyDown","value":""},{"type":"pause","duration":10},{"type":"keyUp","value":""}]}]}
COMMAND: GET /session/8b9d24fb39cbfc9e79ab89721a1c9e7d/screenshot - {}
RESULT: {}
COMMAND: POST /session/8b9d24fb39cbfc9e79ab89721a1c9e7d/element - {"using":"xpath","value":"//button[@data-kt=\"execHoIssueButton\"]"}
RESULT: {"using":"xpath","value":"//button[@data-kt=\"execHoIssueButton\"]"}
COMMAND: POST /session/8b9d24fb39cbfc9e79ab89721a1c9e7d/element/f.7652131D378371FA98FE7F43E0E28151.d.70AF146E7290B5D917574688E85A1FFF.e.11746/click - {}
RESULT: {}
COMMAND: GET /session/8b9d24fb39cbfc9e79ab89721a1c9e7d/screenshot - {}
RESULT: {}
RESULT: undefined
COMMAND: POST /session/8b9d24fb39cbfc9e79ab89721a1c9e7d/execute/async - {"script":"<script> [776 bytes]","args":[{"enterText":"30371","selector":{"controlType":"sap.m.SearchField","viewName":"etm.portal.ui.managehandovers.view.MasterHO","bindingPath":{"propertyPath":"/_BASIC_SEARCH_FIELD","modelName":"fi1t3rM0d31"},"interaction":{"idSuffix":"I"}},"clearTextFirst":true,"interactionType":"ENTER_TEXT"}]}
RESULT: {"script":"<script> [776 bytes]","args":[{"enterText":"30371","selector":{"controlType":"sap.m.SearchField","viewName":"etm.portal.ui.managehandovers.view.MasterHO","bindingPath":{"propertyPath":"/_BASIC_SEARCH_FIELD","modelName":"fi1t3rM0d31"},"interaction":{"idSuffix":"I"}},"clearTextFirst":true,"interactionType":"ENTER_TEXT"}]}
COMMAND: POST /session/8b9d24fb39cbfc9e79ab89721a1c9e7d/actions - {"actions":[{"id":"action37","type":"key","parameters":{},"actions":[{"type":"keyDown","value":""},{"type":"pause","duration":10},{"type":"keyUp","value":""}]}]}
RESULT: {"actions":[{"id":"action37","type":"key","parameters":{},"actions":[{"type":"keyDown","value":""},{"type":"pause","duration":10},{"type":"keyUp","value":""}]}]}
COMMAND: GET /session/8b9d24fb39cbfc9e79ab89721a1c9e7d/screenshot - {}
RESULT: {}
COMMAND: POST /session/8b9d24fb39cbfc9e79ab89721a1c9e7d/element - {"using":"xpath","value":"//span[(text() = '30371' or . = '30371')]"}
RESULT: {"using":"xpath","value":"//span[(text() = '30371' or . = '30371')]"}
COMMAND: POST /session/8b9d24fb39cbfc9e79ab89721a1c9e7d/element/f.7652131D378371FA98FE7F43E0E28151.d.70AF146E7290B5D917574688E85A1FFF.e.11790/click - {}
RESULT: {}
COMMAND: GET /session/8b9d24fb39cbfc9e79ab89721a1c9e7d/screenshot - {}
RESULT: {}
COMMAND: POST /session/8b9d24fb39cbfc9e79ab89721a1c9e7d/element - {"using":"xpath","value":"//span[contains(text(), \"Instructions\")]"}
RESULT: {"using":"xpath","value":"//span[contains(text(), \"Instructions\")]"}
COMMAND: POST /session/8b9d24fb39cbfc9e79ab89721a1c9e7d/element/f.7652131D378371FA98FE7F43E0E28151.d.70AF146E7290B5D917574688E85A1FFF.e.11832/click - {}
RESULT: {}
COMMAND: GET /session/8b9d24fb39cbfc9e79ab89721a1c9e7d/screenshot - {}
RESULT: {}
COMMAND: POST /session/8b9d24fb39cbfc9e79ab89721a1c9e7d/element - {"using":"xpath","value":"//span[contains(text(), \"Instructions\")]"}
RESULT: {"using":"xpath","value":"//span[contains(text(), \"Instructions\")]"}
COMMAND: POST /session/8b9d24fb39cbfc9e79ab89721a1c9e7d/element/f.7652131D378371FA98FE7F43E0E28151.d.70AF146E7290B5D917574688E85A1FFF.e.11832/click - {}
RESULT: {}
COMMAND: GET /session/8b9d24fb39cbfc9e79ab89721a1c9e7d/screenshot - {}
RESULT: {}
COMMAND: POST /session/8b9d24fb39cbfc9e79ab89721a1c9e7d/execute/async - {"script":"<script> [1562 bytes]","args":[{"selector":{"controlType":"sap.m.ComboBox","viewName":"etm.portal.ui.managehandovers.view.DetailExecuteHO","bindingPath":{"propertyPath":"RECEIVING_SECTION","modelName":"catalogModel"},"interaction":{"idSuffix":"inner"}},"wdio_ui5_key":"etmportal.ui.managehandovers.view.DetailExecuteHOsap.m.ComboBox{\"propertyPath\":\"RECEIVING_SECTION\",\"modelName\":\"catalogModel\"}"}]}
RESULT: {"script":"<script> [1562 bytes]","args":[{"selector":{"controlType":"sap.m.ComboBox","viewName":"etm.portal.ui.managehandovers.view.DetailExecuteHO","bindingPath":{"propertyPath":"RECEIVING_SECTION","modelName":"catalogModel"},"interaction":{"idSuffix":"inner"}},"wdio_ui5_key":"etmportal.ui.managehandovers.view.DetailExecuteHOsap.m.ComboBox{\"propertyPath\":\"RECEIVING_SECTION\",\"modelName\":\"catalogModel\"}"}]}
RESULT: undefined
COMMAND: POST /session/8b9d24fb39cbfc9e79ab89721a1c9e7d/execute/async - {"script":"<script> [776 bytes]","args":[{"enterText":"WDIO-2085","selector":{"controlType":"sap.m.ComboBox","viewName":"etm.portal.ui.managehandovers.view.DetailExecuteHO","bindingPath":{"propertyPath":"RECEIVING_SECTION","modelName":"catalogModel"},"interaction":{"idSuffix":"inner"}},"clearTextFirst":true,"interactionType":"ENTER_TEXT"}]}
RESULT: {"script":"<script> [776 bytes]","args":[{"enterText":"WDIO-2085","selector":{"controlType":"sap.m.ComboBox","viewName":"etm.portal.ui.managehandovers.view.DetailExecuteHO","bindingPath":{"propertyPath":"RECEIVING_SECTION","modelName":"catalogModel"},"interaction":{"idSuffix":"inner"}},"clearTextFirst":true,"interactionType":"ENTER_TEXT"}]}
COMMAND: POST /session/8b9d24fb39cbfc9e79ab89721a1c9e7d/actions - {"actions":[{"id":"action38","type":"key","parameters":{},"actions":[{"type":"keyDown","value":""},{"type":"pause","duration":10},{"type":"keyUp","value":""}]}]}
RESULT: {"actions":[{"id":"action38","type":"key","parameters":{},"actions":[{"type":"keyDown","value":""},{"type":"pause","duration":10},{"type":"keyUp","value":""}]}]}
COMMAND: GET /session/8b9d24fb39cbfc9e79ab89721a1c9e7d/screenshot - {}
RESULT: {}
COMMAND: POST /session/8b9d24fb39cbfc9e79ab89721a1c9e7d/element - {"using":"xpath","value":"//button[@data-kt= \"execHoReceiveButton\"]"}
RESULT: {"using":"xpath","value":"//button[@data-kt= \"execHoReceiveButton\"]"}
COMMAND: POST /session/8b9d24fb39cbfc9e79ab89721a1c9e7d/element/f.7652131D378371FA98FE7F43E0E28151.d.70AF146E7290B5D917574688E85A1FFF.e.11839/click - {}
RESULT: {}
COMMAND: GET /session/8b9d24fb39cbfc9e79ab89721a1c9e7d/screenshot - {}
RESULT: {}
COMMAND: POST /session/8b9d24fb39cbfc9e79ab89721a1c9e7d/execute/async - {"script":"<script> [1562 bytes]","args":[{"selector":{"controlType":"sap.m.Button","properties":{"text":"Continue"},"searchOpenDialogs":true,"interaction":{"idSuffix":"content"}},"wdio_ui5_key":"sapm.Button{\"text\":\"Continue\"}"}]}
RESULT: {"script":"<script> [1562 bytes]","args":[{"selector":{"controlType":"sap.m.Button","properties":{"text":"Continue"},"searchOpenDialogs":true,"interaction":{"idSuffix":"content"}},"wdio_ui5_key":"sapm.Button{\"text\":\"Continue\"}"}]}
RESULT: undefined
COMMAND: POST /session/8b9d24fb39cbfc9e79ab89721a1c9e7d/element - {"using":"xpath","value":"//*[@id=\"__mbox-btn-6\"]"}
RESULT: {"using":"xpath","value":"//*[@id=\"__mbox-btn-6\"]"}
COMMAND: POST /session/8b9d24fb39cbfc9e79ab89721a1c9e7d/element/f.7652131D378371FA98FE7F43E0E28151.d.70AF146E7290B5D917574688E85A1FFF.e.11840/click - {}
RESULT: {}
COMMAND: GET /session/8b9d24fb39cbfc9e79ab89721a1c9e7d/screenshot - {}
RESULT: {}
COMMAND: POST /session/8b9d24fb39cbfc9e79ab89721a1c9e7d/element - {"using":"css selector","value":"#shell-header-logo"}
RESULT: {"using":"css selector","value":"#shell-header-logo"}
COMMAND: POST /session/8b9d24fb39cbfc9e79ab89721a1c9e7d/element/f.7652131D378371FA98FE7F43E0E28151.d.70AF146E7290B5D917574688E85A1FFF.e.11372/click - {}
RESULT: {}
COMMAND: GET /session/8b9d24fb39cbfc9e79ab89721a1c9e7d/screenshot - {}
RESULT: {}
COMMAND: POST /session/8b9d24fb39cbfc9e79ab89721a1c9e7d/element - {"using":"css selector","value":"#j_username"}
COMMAND: POST /session/8b9d24fb39cbfc9e79ab89721a1c9e7d/url - {"url":"https://qa-testing-00-live-etm-ui.cfapps.eu10-004.hana.ondemand.com/"}
RESULT: {"using":"css selector","value":"#j_username"}
COMMAND: POST /session/8b9d24fb39cbfc9e79ab89721a1c9e7d/element - {"using":"css selector","value":"#j_username"}
RESULT: {"url":"https://qa-testing-00-live-etm-ui.cfapps.eu10-004.hana.ondemand.com/"}
RESULT: undefined
COMMAND: GET /session/8b9d24fb39cbfc9e79ab89721a1c9e7d/screenshot - {}
RESULT: {"using":"css selector","value":"#j_username"}
COMMAND: POST /session/8b9d24fb39cbfc9e79ab89721a1c9e7d/element - {"using":"css selector","value":"#shell-header-logo"}
RESULT: {}
RESULT: {"using":"css selector","value":"#shell-header-logo"}
COMMAND: POST /session/8b9d24fb39cbfc9e79ab89721a1c9e7d/execute/sync - {"script":"<script> [8489 bytes]","args":[{"element-6066-11e4-a52e-4f735466cecf":"f.7652131D378371FA98FE7F43E0E28151.d.CEC866BC41D485CD844FF1B138EB7D07.e.11895","ELEMENT":"f.7652131D378371FA98FE7F43E0E28151.d.CEC866BC41D485CD844FF1B138EB7D07.e.11895"}]}
RESULT: {"script":"<script> [8489 bytes]","args":[{"element-6066-11e4-a52e-4f735466cecf":"f.7652131D378371FA98FE7F43E0E28151.d.CEC866BC41D485CD844FF1B138EB7D07.e.11895","ELEMENT":"f.7652131D378371FA98FE7F43E0E28151.d.CEC866BC41D485CD844FF1B138EB7D07.e.11895"}]}
COMMAND: POST /session/8b9d24fb39cbfc9e79ab89721a1c9e7d/element - {"using":"css selector","value":"#shell-header-logo"}
COMMAND: GET /session/8b9d24fb39cbfc9e79ab89721a1c9e7d/screenshot - {}
RESULT: {"using":"css selector","value":"#shell-header-logo"}
COMMAND: POST /session/8b9d24fb39cbfc9e79ab89721a1c9e7d/execute/sync - {"script":"<script> [8489 bytes]","args":[{"element-6066-11e4-a52e-4f735466cecf":"f.7652131D378371FA98FE7F43E0E28151.d.CEC866BC41D485CD844FF1B138EB7D07.e.11895","ELEMENT":"f.7652131D378371FA98FE7F43E0E28151.d.CEC866BC41D485CD844FF1B138EB7D07.e.11895"}]}
RESULT: {}
RESULT: {"script":"<script> [8489 bytes]","args":[{"element-6066-11e4-a52e-4f735466cecf":"f.7652131D378371FA98FE7F43E0E28151.d.CEC866BC41D485CD844FF1B138EB7D07.e.11895","ELEMENT":"f.7652131D378371FA98FE7F43E0E28151.d.CEC866BC41D485CD844FF1B138EB7D07.e.11895"}]}
COMMAND: POST /session/8b9d24fb39cbfc9e79ab89721a1c9e7d/execute/sync - {"script":"<script> [5351 bytes]","args":[{"element-6066-11e4-a52e-4f735466cecf":"f.7652131D378371FA98FE7F43E0E28151.d.CEC866BC41D485CD844FF1B138EB7D07.e.11895","ELEMENT":"f.7652131D378371FA98FE7F43E0E28151.d.CEC866BC41D485CD844FF1B138EB7D07.e.11895"}]}
COMMAND: GET /session/8b9d24fb39cbfc9e79ab89721a1c9e7d/screenshot - {}
RESULT: {"script":"<script> [5351 bytes]","args":[{"element-6066-11e4-a52e-4f735466cecf":"f.7652131D378371FA98FE7F43E0E28151.d.CEC866BC41D485CD844FF1B138EB7D07.e.11895","ELEMENT":"f.7652131D378371FA98FE7F43E0E28151.d.CEC866BC41D485CD844FF1B138EB7D07.e.11895"}]}
COMMAND: POST /session/8b9d24fb39cbfc9e79ab89721a1c9e7d/element - {"using":"css selector","value":"#shell-header-logo"}
COMMAND: GET /session/8b9d24fb39cbfc9e79ab89721a1c9e7d/screenshot - {}
RESULT: {}
RESULT: {"using":"css selector","value":"#shell-header-logo"}
COMMAND: POST /session/8b9d24fb39cbfc9e79ab89721a1c9e7d/element/f.7652131D378371FA98FE7F43E0E28151.d.CEC866BC41D485CD844FF1B138EB7D07.e.11895/click - {}
RESULT: {}
RESULT: {}
COMMAND: GET /session/8b9d24fb39cbfc9e79ab89721a1c9e7d/screenshot - {}
RESULT: {}
COMMAND: POST /session/8b9d24fb39cbfc9e79ab89721a1c9e7d/execute/async - {"script":"<script> [189 bytes]","args":[]}
RESULT: {"script":"<script> [189 bytes]","args":[]}
COMMAND: POST /session/8b9d24fb39cbfc9e79ab89721a1c9e7d/execute/async - {"script":"<script> [123 bytes]","args":[]}
RESULT: {"script":"<script> [123 bytes]","args":[]}
COMMAND: POST /session/8b9d24fb39cbfc9e79ab89721a1c9e7d/timeouts - {"script":"<number>"}
RESULT: {"script":"<number>"}
COMMAND: GET /session/8b9d24fb39cbfc9e79ab89721a1c9e7d/timeouts - {}
RESULT: {}
RESULT: undefined
COMMAND: POST /session/8b9d24fb39cbfc9e79ab89721a1c9e7d/execute/async - {"script":"<script> [2676 bytes]","args":[]}
RESULT: {"script":"<script> [2676 bytes]","args":[]}
COMMAND: POST /session/8b9d24fb39cbfc9e79ab89721a1c9e7d/execute/async - {"script":"<script> [2342 bytes]","args":[{"protocol":"http","hostname":"0.0.0.0","path":"/","capabilities":{"browserName":"chrome","goog:chromeOptions":{"binary":"C:\\Program Files\\Google\\Chrome\\Application\\chrome.exe","args":["--start-maximized"]}},"logLevel":"warn","connectionRetryTimeout":120000,"connectionRetryCount":3,"logLevels":{},"enableDirectConnect":true,"strictSSL":true,"_":"65 more keys: [\"cacheDir\",\"port\",\"requestedCapabilities\",\"automationProtocol\",\"baseUrl\",\"waitforInterval\",\"waitforTimeout\",\"onReload\",\"beforeCommand\",\"afterCommand\",\"rootDir\",\"specs\",\"suites\",\"exclude\",\"groupLogsByTestSpec\",\"excludeDriverLogs\",\"bail\",\"framework\",\"reporters\",\"services\",\"maxInstances\",\"maxInstancesPerCapability\",\"injectGlobals\",\"filesToWatch\",\"execArgv\",\"runnerEnv\",\"runner\",\"shard\",\"specFileRetries\",\"specFileRetriesDelay\",\"specFileRetriesDeferred\",\"reporterSyncInterval\",\"reporterSyncTimeout\",\"cucumberFeaturesWithLineNumbers\",\"autoCompileOpts\",\"mochaOpts\",\"jasmineOpts\",\"cucumberOpts\",\"onPrepare\",\"onWorkerStart\",\"onWorkerEnd\",\"before\",\"beforeSession\",\"beforeSuite\",\"beforeHook\",\"beforeTest\",\"afterTest\",\"afterHook\",\"afterSuite\",\"afterSession\",\"after\",\"onComplete\",\"beforeAssertion\",\"afterAssertion\",\"beforeFeature\",\"beforeScenario\",\"beforeStep\",\"afterStep\",\"afterScenario\",\"afterFeature\",\"_\",\"suite\",\"$0\",\"ignoredWorkerServices\",\"wdi5\"]"}]}
RESULT: {"script":"<script> [2342 bytes]","args":[{"protocol":"http","hostname":"0.0.0.0","path":"/","capabilities":{"browserName":"chrome","goog:chromeOptions":{"binary":"C:\\Program Files\\Google\\Chrome\\Application\\chrome.exe","args":["--start-maximized"]}},"logLevel":"warn","connectionRetryTimeout":120000,"connectionRetryCount":3,"logLevels":{},"enableDirectConnect":true,"strictSSL":true,"_":"65 more keys: [\"cacheDir\",\"port\",\"requestedCapabilities\",\"automationProtocol\",\"baseUrl\",\"waitforInterval\",\"waitforTimeout\",\"onReload\",\"beforeCommand\",\"afterCommand\",\"rootDir\",\"specs\",\"suites\",\"exclude\",\"groupLogsByTestSpec\",\"excludeDriverLogs\",\"bail\",\"framework\",\"reporters\",\"services\",\"maxInstances\",\"maxInstancesPerCapability\",\"injectGlobals\",\"filesToWatch\",\"execArgv\",\"runnerEnv\",\"runner\",\"shard\",\"specFileRetries\",\"specFileRetriesDelay\",\"specFileRetriesDeferred\",\"reporterSyncInterval\",\"reporterSyncTimeout\",\"cucumberFeaturesWithLineNumbers\",\"autoCompileOpts\",\"mochaOpts\",\"jasmineOpts\",\"cucumberOpts\",\"onPrepare\",\"onWorkerStart\",\"onWorkerEnd\",\"before\",\"beforeSession\",\"beforeSuite\",\"beforeHook\",\"beforeTest\",\"afterTest\",\"afterHook\",\"afterSuite\",\"afterSession\",\"after\",\"onComplete\",\"beforeAssertion\",\"afterAssertion\",\"beforeFeature\",\"beforeScenario\",\"beforeStep\",\"afterStep\",\"afterScenario\",\"afterFeature\",\"_\",\"suite\",\"$0\",\"ignoredWorkerServices\",\"wdi5\"]"}]}
COMMAND: POST /session/8b9d24fb39cbfc9e79ab89721a1c9e7d/execute/async - {"script":"<script> [21126 bytes]","args":[35000]}
RESULT: {"script":"<script> [21126 bytes]","args":[35000]}
COMMAND: POST /session/8b9d24fb39cbfc9e79ab89721a1c9e7d/window/maximize - {}
RESULT: {}
COMMAND: POST /session/8b9d24fb39cbfc9e79ab89721a1c9e7d/execute/async - {"script":"<script> [1562 bytes]","args":[{"selector":{"id":"shell-header","interaction":{"idSuffix":"icon"}},"wdio_ui5_key":"shellheader"}]}
COMMAND: GET /session/8b9d24fb39cbfc9e79ab89721a1c9e7d/screenshot - {}
RESULT: undefined
RESULT: {"script":"<script> [1562 bytes]","args":[{"selector":{"id":"shell-header","interaction":{"idSuffix":"icon"}},"wdio_ui5_key":"shellheader"}]}
RESULT: undefined
COMMAND: POST /session/8b9d24fb39cbfc9e79ab89721a1c9e7d/window/fullscreen - {}
RESULT: {}
RESULT: {}
]]></system-out>
    </testcase>
  </testsuite>
  <testsuite timestamp="2025-06-13T16:50:32" time="461.69" tests="4" failures="0" errors="0" skipped="0">
    <properties>
      <property name="specId" value="0"/>
      <property name="suiteName" value="Provide to Site w/o warehouse management w/ clarification US116605"/>
      <property name="capabilities" value="chrome.137_0_7151_69.windows"/>
      <property name="file" value="file:///D:/a/1/s/test/specs/HTR/provide-to-site-wo-warehouse-w-clarification.spec.js"/>
    </properties>
    <testcase classname="chrome.137_0_7151_69.windows.Provide_to_Site_w/o_warehouse_management_w/_clarification_US116605" name="Should create a new yard" time="123.262">
      <system-out><![CDATA[
COMMAND: POST /session/8b9d24fb39cbfc9e79ab89721a1c9e7d/window/fullscreen - {}
RESULT: {}
COMMAND: POST /session/8b9d24fb39cbfc9e79ab89721a1c9e7d/execute/async - {"script":"<script> [1562 bytes]","args":[{"selector":{"controlType":"sap.m.GenericTile","properties":{"header":"Manage Yards"}},"wdio_ui5_key":"sapm.GenericTile{\"header\":\"Manage Yards\"}"}]}
RESULT: {"script":"<script> [1562 bytes]","args":[{"selector":{"controlType":"sap.m.GenericTile","properties":{"header":"Manage Yards"}},"wdio_ui5_key":"sapm.GenericTile{\"header\":\"Manage Yards\"}"}]}
RESULT: undefined
COMMAND: POST /session/8b9d24fb39cbfc9e79ab89721a1c9e7d/element - {"using":"xpath","value":"//*[@id=\"__tile34\"]"}
RESULT: {"using":"xpath","value":"//*[@id=\"__tile34\"]"}
COMMAND: POST /session/8b9d24fb39cbfc9e79ab89721a1c9e7d/element/f.7652131D378371FA98FE7F43E0E28151.d.CEC866BC41D485CD844FF1B138EB7D07.e.11917/click - {}
RESULT: {}
COMMAND: GET /session/8b9d24fb39cbfc9e79ab89721a1c9e7d/screenshot - {}
RESULT: {}
COMMAND: POST /session/8b9d24fb39cbfc9e79ab89721a1c9e7d/elements - {"using":"xpath","value":"//span[text()='Error']"}
RESULT: {"using":"xpath","value":"//span[text()='Error']"}
COMMAND: POST /session/8b9d24fb39cbfc9e79ab89721a1c9e7d/element - {"using":"xpath","value":"//button[@data-kt=\"addNewYardOverflowToolbarButton\"]"}
RESULT: {"using":"xpath","value":"//button[@data-kt=\"addNewYardOverflowToolbarButton\"]"}
COMMAND: POST /session/8b9d24fb39cbfc9e79ab89721a1c9e7d/elements - {"using":"xpath","value":"//button[@data-kt=\"addNewYardOverflowToolbarButton\"]"}
RESULT: {"using":"xpath","value":"//button[@data-kt=\"addNewYardOverflowToolbarButton\"]"}
COMMAND: POST /session/8b9d24fb39cbfc9e79ab89721a1c9e7d/elements - {"using":"xpath","value":"//button[@data-kt=\"addNewYardOverflowToolbarButton\"]"}
RESULT: {"using":"xpath","value":"//button[@data-kt=\"addNewYardOverflowToolbarButton\"]"}
COMMAND: POST /session/8b9d24fb39cbfc9e79ab89721a1c9e7d/element - {"using":"xpath","value":"//button[@data-kt=\"addNewYardOverflowToolbarButton\"]"}
RESULT: {"using":"xpath","value":"//button[@data-kt=\"addNewYardOverflowToolbarButton\"]"}
COMMAND: POST /session/8b9d24fb39cbfc9e79ab89721a1c9e7d/execute/sync - {"script":"<script> [8489 bytes]","args":[{"element-6066-11e4-a52e-4f735466cecf":"f.7652131D378371FA98FE7F43E0E28151.d.CEC866BC41D485CD844FF1B138EB7D07.e.12056","ELEMENT":"f.7652131D378371FA98FE7F43E0E28151.d.CEC866BC41D485CD844FF1B138EB7D07.e.12056"}]}
RESULT: {"script":"<script> [8489 bytes]","args":[{"element-6066-11e4-a52e-4f735466cecf":"f.7652131D378371FA98FE7F43E0E28151.d.CEC866BC41D485CD844FF1B138EB7D07.e.12056","ELEMENT":"f.7652131D378371FA98FE7F43E0E28151.d.CEC866BC41D485CD844FF1B138EB7D07.e.12056"}]}
COMMAND: GET /session/8b9d24fb39cbfc9e79ab89721a1c9e7d/element/f.7652131D378371FA98FE7F43E0E28151.d.CEC866BC41D485CD844FF1B138EB7D07.e.12056/enabled - {}
COMMAND: GET /session/8b9d24fb39cbfc9e79ab89721a1c9e7d/screenshot - {}
RESULT: {}
COMMAND: POST /session/8b9d24fb39cbfc9e79ab89721a1c9e7d/execute/sync - {"script":"<script> [8489 bytes]","args":[{"element-6066-11e4-a52e-4f735466cecf":"f.7652131D378371FA98FE7F43E0E28151.d.CEC866BC41D485CD844FF1B138EB7D07.e.12056","ELEMENT":"f.7652131D378371FA98FE7F43E0E28151.d.CEC866BC41D485CD844FF1B138EB7D07.e.12056"}]}
COMMAND: GET /session/8b9d24fb39cbfc9e79ab89721a1c9e7d/screenshot - {}
RESULT: {}
RESULT: {"script":"<script> [8489 bytes]","args":[{"element-6066-11e4-a52e-4f735466cecf":"f.7652131D378371FA98FE7F43E0E28151.d.CEC866BC41D485CD844FF1B138EB7D07.e.12056","ELEMENT":"f.7652131D378371FA98FE7F43E0E28151.d.CEC866BC41D485CD844FF1B138EB7D07.e.12056"}]}
COMMAND: POST /session/8b9d24fb39cbfc9e79ab89721a1c9e7d/execute/sync - {"script":"<script> [5351 bytes]","args":[{"element-6066-11e4-a52e-4f735466cecf":"f.7652131D378371FA98FE7F43E0E28151.d.CEC866BC41D485CD844FF1B138EB7D07.e.12056","ELEMENT":"f.7652131D378371FA98FE7F43E0E28151.d.CEC866BC41D485CD844FF1B138EB7D07.e.12056"}]}
COMMAND: GET /session/8b9d24fb39cbfc9e79ab89721a1c9e7d/screenshot - {}
RESULT: {}
RESULT: {"script":"<script> [5351 bytes]","args":[{"element-6066-11e4-a52e-4f735466cecf":"f.7652131D378371FA98FE7F43E0E28151.d.CEC866BC41D485CD844FF1B138EB7D07.e.12056","ELEMENT":"f.7652131D378371FA98FE7F43E0E28151.d.CEC866BC41D485CD844FF1B138EB7D07.e.12056"}]}
COMMAND: POST /session/8b9d24fb39cbfc9e79ab89721a1c9e7d/element/f.7652131D378371FA98FE7F43E0E28151.d.CEC866BC41D485CD844FF1B138EB7D07.e.12056/click - {}
COMMAND: GET /session/8b9d24fb39cbfc9e79ab89721a1c9e7d/screenshot - {}
RESULT: {}
RESULT: {}
COMMAND: GET /session/8b9d24fb39cbfc9e79ab89721a1c9e7d/screenshot - {}
COMMAND: POST /session/8b9d24fb39cbfc9e79ab89721a1c9e7d/element - {"using":"xpath","value":"//input[@id=\"application-manageyards-display-component---NewYard--yardId-inner\"]"}
RESULT: {}
RESULT: {}
RESULT: {"using":"xpath","value":"//input[@id=\"application-manageyards-display-component---NewYard--yardId-inner\"]"}
COMMAND: POST /session/8b9d24fb39cbfc9e79ab89721a1c9e7d/element - {"using":"xpath","value":"//input[@id=\"application-manageyards-display-component---NewYard--yardId-inner\"]"}
RESULT: {"using":"xpath","value":"//input[@id=\"application-manageyards-display-component---NewYard--yardId-inner\"]"}
COMMAND: POST /session/8b9d24fb39cbfc9e79ab89721a1c9e7d/execute/async - {"script":"<script> [1562 bytes]","args":[{"selector":{"id":"application-manageyards-display-component---NewYard--addressDetailDetailsName1","interaction":{"idSuffix":"inner"}},"wdio_ui5_key":"applicationmanageyards-display-component---NewYard--addressDetailDetailsName1"}]}
RESULT: {"script":"<script> [1562 bytes]","args":[{"selector":{"id":"application-manageyards-display-component---NewYard--addressDetailDetailsName1","interaction":{"idSuffix":"inner"}},"wdio_ui5_key":"applicationmanageyards-display-component---NewYard--addressDetailDetailsName1"}]}
RESULT: undefined
COMMAND: POST /session/8b9d24fb39cbfc9e79ab89721a1c9e7d/execute/async - {"script":"<script> [776 bytes]","args":[{"enterText":"Other Yard WDIO","selector":{"id":"application-manageyards-display-component---NewYard--addressDetailDetailsName1","interaction":{"idSuffix":"inner"}},"clearTextFirst":true,"interactionType":"ENTER_TEXT"}]}
RESULT: {"script":"<script> [776 bytes]","args":[{"enterText":"Other Yard WDIO","selector":{"id":"application-manageyards-display-component---NewYard--addressDetailDetailsName1","interaction":{"idSuffix":"inner"}},"clearTextFirst":true,"interactionType":"ENTER_TEXT"}]}
COMMAND: POST /session/8b9d24fb39cbfc9e79ab89721a1c9e7d/execute/async - {"script":"<script> [1562 bytes]","args":[{"selector":{"id":"application-manageyards-display-component---NewYard--addressDetailDetailsLanguage-arrow"},"wdio_ui5_key":"applicationmanageyards-display-component---NewYard--addressDetailDetailsLanguage-arrow"}]}
RESULT: {"script":"<script> [1562 bytes]","args":[{"selector":{"id":"application-manageyards-display-component---NewYard--addressDetailDetailsLanguage-arrow"},"wdio_ui5_key":"applicationmanageyards-display-component---NewYard--addressDetailDetailsLanguage-arrow"}]}
RESULT: undefined
COMMAND: POST /session/8b9d24fb39cbfc9e79ab89721a1c9e7d/element - {"using":"xpath","value":"//*[@id=\"application-manageyards-display-component---NewYard--addressDetailDetailsLanguage-arrow\"]"}
RESULT: {"using":"xpath","value":"//*[@id=\"application-manageyards-display-component---NewYard--addressDetailDetailsLanguage-arrow\"]"}
COMMAND: POST /session/8b9d24fb39cbfc9e79ab89721a1c9e7d/element/f.7652131D378371FA98FE7F43E0E28151.d.CEC866BC41D485CD844FF1B138EB7D07.e.12477/click - {}
RESULT: {}
COMMAND: POST /session/8b9d24fb39cbfc9e79ab89721a1c9e7d/element - {"using":"xpath","value":"//span[contains(text(), \"English\")]"}
COMMAND: GET /session/8b9d24fb39cbfc9e79ab89721a1c9e7d/screenshot - {}
RESULT: {"using":"xpath","value":"//span[contains(text(), \"English\")]"}
COMMAND: POST /session/8b9d24fb39cbfc9e79ab89721a1c9e7d/element/f.7652131D378371FA98FE7F43E0E28151.d.CEC866BC41D485CD844FF1B138EB7D07.e.12478/click - {}
RESULT: {}
RESULT: {}
COMMAND: POST /session/8b9d24fb39cbfc9e79ab89721a1c9e7d/execute/async - {"script":"<script> [1562 bytes]","args":[{"selector":{"id":"application-manageyards-display-component---NewYard--addressDetailDetailsCity1","interaction":{"idSuffix":"inner"}},"wdio_ui5_key":"applicationmanageyards-display-component---NewYard--addressDetailDetailsCity1"}]}
COMMAND: GET /session/8b9d24fb39cbfc9e79ab89721a1c9e7d/screenshot - {}
RESULT: {"script":"<script> [1562 bytes]","args":[{"selector":{"id":"application-manageyards-display-component---NewYard--addressDetailDetailsCity1","interaction":{"idSuffix":"inner"}},"wdio_ui5_key":"applicationmanageyards-display-component---NewYard--addressDetailDetailsCity1"}]}
RESULT: undefined
COMMAND: POST /session/8b9d24fb39cbfc9e79ab89721a1c9e7d/execute/async - {"script":"<script> [776 bytes]","args":[{"enterText":"Rosario","selector":{"id":"application-manageyards-display-component---NewYard--addressDetailDetailsCity1","interaction":{"idSuffix":"inner"}},"clearTextFirst":true,"interactionType":"ENTER_TEXT"}]}
RESULT: {}
RESULT: {"script":"<script> [776 bytes]","args":[{"enterText":"Rosario","selector":{"id":"application-manageyards-display-component---NewYard--addressDetailDetailsCity1","interaction":{"idSuffix":"inner"}},"clearTextFirst":true,"interactionType":"ENTER_TEXT"}]}
COMMAND: POST /session/8b9d24fb39cbfc9e79ab89721a1c9e7d/execute/async - {"script":"<script> [1562 bytes]","args":[{"selector":{"id":"application-manageyards-display-component---NewYard--addressDetailDetailsCountry-arrow"},"wdio_ui5_key":"applicationmanageyards-display-component---NewYard--addressDetailDetailsCountry-arrow"}]}
RESULT: {"script":"<script> [1562 bytes]","args":[{"selector":{"id":"application-manageyards-display-component---NewYard--addressDetailDetailsCountry-arrow"},"wdio_ui5_key":"applicationmanageyards-display-component---NewYard--addressDetailDetailsCountry-arrow"}]}
RESULT: undefined
COMMAND: POST /session/8b9d24fb39cbfc9e79ab89721a1c9e7d/element - {"using":"xpath","value":"//*[@id=\"application-manageyards-display-component---NewYard--addressDetailDetailsCountry-arrow\"]"}
RESULT: {"using":"xpath","value":"//*[@id=\"application-manageyards-display-component---NewYard--addressDetailDetailsCountry-arrow\"]"}
COMMAND: POST /session/8b9d24fb39cbfc9e79ab89721a1c9e7d/element/f.7652131D378371FA98FE7F43E0E28151.d.CEC866BC41D485CD844FF1B138EB7D07.e.12480/click - {}
RESULT: {}
COMMAND: POST /session/8b9d24fb39cbfc9e79ab89721a1c9e7d/element - {"using":"xpath","value":"//span[contains(text(), \"Argentina\")]"}
COMMAND: GET /session/8b9d24fb39cbfc9e79ab89721a1c9e7d/screenshot - {}
RESULT: {"using":"xpath","value":"//span[contains(text(), \"Argentina\")]"}
COMMAND: POST /session/8b9d24fb39cbfc9e79ab89721a1c9e7d/element/f.7652131D378371FA98FE7F43E0E28151.d.CEC866BC41D485CD844FF1B138EB7D07.e.12482/click - {}
RESULT: {}
RESULT: {}
COMMAND: POST /session/8b9d24fb39cbfc9e79ab89721a1c9e7d/execute/async - {"script":"<script> [1562 bytes]","args":[{"selector":{"id":"application-manageyards-display-component---NewYard--addressEditDetailsCostObjectCstType-arrow"},"wdio_ui5_key":"applicationmanageyards-display-component---NewYard--addressEditDetailsCostObjectCstType-arrow"}]}
COMMAND: GET /session/8b9d24fb39cbfc9e79ab89721a1c9e7d/screenshot - {}
RESULT: {"script":"<script> [1562 bytes]","args":[{"selector":{"id":"application-manageyards-display-component---NewYard--addressEditDetailsCostObjectCstType-arrow"},"wdio_ui5_key":"applicationmanageyards-display-component---NewYard--addressEditDetailsCostObjectCstType-arrow"}]}
RESULT: undefined
COMMAND: POST /session/8b9d24fb39cbfc9e79ab89721a1c9e7d/element - {"using":"xpath","value":"//*[@id=\"application-manageyards-display-component---NewYard--addressEditDetailsCostObjectCstType-arrow\"]"}
RESULT: {}
RESULT: {"using":"xpath","value":"//*[@id=\"application-manageyards-display-component---NewYard--addressEditDetailsCostObjectCstType-arrow\"]"}
COMMAND: POST /session/8b9d24fb39cbfc9e79ab89721a1c9e7d/element/f.7652131D378371FA98FE7F43E0E28151.d.CEC866BC41D485CD844FF1B138EB7D07.e.12483/click - {}
RESULT: {}
COMMAND: POST /session/8b9d24fb39cbfc9e79ab89721a1c9e7d/element - {"using":"xpath","value":"//span[contains(text(), \"Cost Center\")]"}
COMMAND: GET /session/8b9d24fb39cbfc9e79ab89721a1c9e7d/screenshot - {}
RESULT: {"using":"xpath","value":"//span[contains(text(), \"Cost Center\")]"}
COMMAND: POST /session/8b9d24fb39cbfc9e79ab89721a1c9e7d/element/f.7652131D378371FA98FE7F43E0E28151.d.CEC866BC41D485CD844FF1B138EB7D07.e.12484/click - {}
RESULT: {}
RESULT: {}
COMMAND: GET /session/8b9d24fb39cbfc9e79ab89721a1c9e7d/screenshot - {}
RESULT: {}
COMMAND: POST /session/8b9d24fb39cbfc9e79ab89721a1c9e7d/element - {"using":"xpath","value":"//span[@id=\"application-manageyards-display-component---NewYard--addressNewCostObjectCstID-vhi\"]"}
RESULT: {"using":"xpath","value":"//span[@id=\"application-manageyards-display-component---NewYard--addressNewCostObjectCstID-vhi\"]"}
COMMAND: POST /session/8b9d24fb39cbfc9e79ab89721a1c9e7d/execute/sync - {"script":"<script> [8489 bytes]","args":[{"element-6066-11e4-a52e-4f735466cecf":"f.7652131D378371FA98FE7F43E0E28151.d.CEC866BC41D485CD844FF1B138EB7D07.e.12488","ELEMENT":"f.7652131D378371FA98FE7F43E0E28151.d.CEC866BC41D485CD844FF1B138EB7D07.e.12488"}]}
RESULT: {"script":"<script> [8489 bytes]","args":[{"element-6066-11e4-a52e-4f735466cecf":"f.7652131D378371FA98FE7F43E0E28151.d.CEC866BC41D485CD844FF1B138EB7D07.e.12488","ELEMENT":"f.7652131D378371FA98FE7F43E0E28151.d.CEC866BC41D485CD844FF1B138EB7D07.e.12488"}]}
COMMAND: POST /session/8b9d24fb39cbfc9e79ab89721a1c9e7d/execute/async - {"script":"<script> [1562 bytes]","args":[{"selector":{"id":"application-manageyards-display-component---NewYard--addressNewCostObjectCstID-vhi"},"wdio_ui5_key":"applicationmanageyards-display-component---NewYard--addressNewCostObjectCstID-vhi"}]}
COMMAND: GET /session/8b9d24fb39cbfc9e79ab89721a1c9e7d/screenshot - {}
RESULT: {"script":"<script> [1562 bytes]","args":[{"selector":{"id":"application-manageyards-display-component---NewYard--addressNewCostObjectCstID-vhi"},"wdio_ui5_key":"applicationmanageyards-display-component---NewYard--addressNewCostObjectCstID-vhi"}]}
RESULT: undefined
COMMAND: POST /session/8b9d24fb39cbfc9e79ab89721a1c9e7d/element - {"using":"xpath","value":"//*[@id=\"application-manageyards-display-component---NewYard--addressNewCostObjectCstID-vhi\"]"}
RESULT: {}
RESULT: {"using":"xpath","value":"//*[@id=\"application-manageyards-display-component---NewYard--addressNewCostObjectCstID-vhi\"]"}
COMMAND: POST /session/8b9d24fb39cbfc9e79ab89721a1c9e7d/element/f.7652131D378371FA98FE7F43E0E28151.d.CEC866BC41D485CD844FF1B138EB7D07.e.12488/click - {}
RESULT: {}
COMMAND: GET /session/8b9d24fb39cbfc9e79ab89721a1c9e7d/screenshot - {}
RESULT: {}
COMMAND: POST /session/8b9d24fb39cbfc9e79ab89721a1c9e7d/execute/async - {"script":"<script> [1562 bytes]","args":[{"selector":{"controlType":"sap.m.SearchField","properties":{"placeholder":"Search"},"searchOpenDialogs":true,"interaction":{"idSuffix":"I"}},"wdio_ui5_key":"sapm.SearchField{\"placeholder\":\"Search\"}"}]}
RESULT: {"script":"<script> [1562 bytes]","args":[{"selector":{"controlType":"sap.m.SearchField","properties":{"placeholder":"Search"},"searchOpenDialogs":true,"interaction":{"idSuffix":"I"}},"wdio_ui5_key":"sapm.SearchField{\"placeholder\":\"Search\"}"}]}
RESULT: undefined
COMMAND: POST /session/8b9d24fb39cbfc9e79ab89721a1c9e7d/execute/async - {"script":"<script> [776 bytes]","args":[{"enterText":"bauh_b","selector":{"controlType":"sap.m.SearchField","properties":{"placeholder":"Search"},"searchOpenDialogs":true,"interaction":{"idSuffix":"I"}},"clearTextFirst":true,"interactionType":"ENTER_TEXT"}]}
RESULT: {"script":"<script> [776 bytes]","args":[{"enterText":"bauh_b","selector":{"controlType":"sap.m.SearchField","properties":{"placeholder":"Search"},"searchOpenDialogs":true,"interaction":{"idSuffix":"I"}},"clearTextFirst":true,"interactionType":"ENTER_TEXT"}]}
COMMAND: POST /session/8b9d24fb39cbfc9e79ab89721a1c9e7d/actions - {"actions":[{"id":"action39","type":"key","parameters":{},"actions":[{"type":"keyDown","value":""},{"type":"pause","duration":10},{"type":"keyUp","value":""}]}]}
RESULT: {"actions":[{"id":"action39","type":"key","parameters":{},"actions":[{"type":"keyDown","value":""},{"type":"pause","duration":10},{"type":"keyUp","value":""}]}]}
COMMAND: GET /session/8b9d24fb39cbfc9e79ab89721a1c9e7d/screenshot - {}
RESULT: {}
COMMAND: POST /session/8b9d24fb39cbfc9e79ab89721a1c9e7d/element - {"using":"xpath","value":"//span[contains(text(), \"Demo Yard\")]"}
RESULT: {"using":"xpath","value":"//span[contains(text(), \"Demo Yard\")]"}
COMMAND: POST /session/8b9d24fb39cbfc9e79ab89721a1c9e7d/element/f.7652131D378371FA98FE7F43E0E28151.d.CEC866BC41D485CD844FF1B138EB7D07.e.12529/click - {}
RESULT: {}
COMMAND: GET /session/8b9d24fb39cbfc9e79ab89721a1c9e7d/screenshot - {}
RESULT: {}
COMMAND: POST /session/8b9d24fb39cbfc9e79ab89721a1c9e7d/element - {"using":"xpath","value":"//bdi[contains(text(), \"OK\")]"}
RESULT: {"using":"xpath","value":"//bdi[contains(text(), \"OK\")]"}
COMMAND: POST /session/8b9d24fb39cbfc9e79ab89721a1c9e7d/element/f.7652131D378371FA98FE7F43E0E28151.d.CEC866BC41D485CD844FF1B138EB7D07.e.12530/click - {}
RESULT: {}
COMMAND: GET /session/8b9d24fb39cbfc9e79ab89721a1c9e7d/screenshot - {}
RESULT: {}
COMMAND: POST /session/8b9d24fb39cbfc9e79ab89721a1c9e7d/execute/async - {"script":"<script> [1562 bytes]","args":[{"selector":{"id":"application-manageyards-display-component---NewYard--addressEditDetailsCurrency-arrow"},"wdio_ui5_key":"applicationmanageyards-display-component---NewYard--addressEditDetailsCurrency-arrow"}]}
RESULT: {"script":"<script> [1562 bytes]","args":[{"selector":{"id":"application-manageyards-display-component---NewYard--addressEditDetailsCurrency-arrow"},"wdio_ui5_key":"applicationmanageyards-display-component---NewYard--addressEditDetailsCurrency-arrow"}]}
RESULT: undefined
COMMAND: POST /session/8b9d24fb39cbfc9e79ab89721a1c9e7d/element - {"using":"xpath","value":"//*[@id=\"application-manageyards-display-component---NewYard--addressEditDetailsCurrency-arrow\"]"}
RESULT: {"using":"xpath","value":"//*[@id=\"application-manageyards-display-component---NewYard--addressEditDetailsCurrency-arrow\"]"}
COMMAND: POST /session/8b9d24fb39cbfc9e79ab89721a1c9e7d/element/f.7652131D378371FA98FE7F43E0E28151.d.CEC866BC41D485CD844FF1B138EB7D07.e.12533/click - {}
RESULT: {}
COMMAND: POST /session/8b9d24fb39cbfc9e79ab89721a1c9e7d/element - {"using":"xpath","value":"//span[contains(text(), \"Euro\")]"}
COMMAND: GET /session/8b9d24fb39cbfc9e79ab89721a1c9e7d/screenshot - {}
RESULT: {"using":"xpath","value":"//span[contains(text(), \"Euro\")]"}
COMMAND: POST /session/8b9d24fb39cbfc9e79ab89721a1c9e7d/element/f.7652131D378371FA98FE7F43E0E28151.d.CEC866BC41D485CD844FF1B138EB7D07.e.12534/click - {}
RESULT: {}
RESULT: {}
COMMAND: POST /session/8b9d24fb39cbfc9e79ab89721a1c9e7d/execute/async - {"script":"<script> [1562 bytes]","args":[{"selector":{"controlType":"sap.m.Input","viewName":"etm.portal.ui.manageyards.view.New","viewId":"application-manageyards-display-component---NewYard","bindingPath":{"path":"","propertyPath":"/CONTROLLING_AREA","modelName":"NewYardModel"},"interaction":{"idSuffix":"inner"}},"wdio_ui5_key":"etmportal.ui.manageyards.view.Newsap.m.Input{\"path\":\"\",\"propertyPath\":\"/CONTROLLING_AREA\",\"modelName\":\"NewYardModel\"}"}]}
COMMAND: GET /session/8b9d24fb39cbfc9e79ab89721a1c9e7d/screenshot - {}
RESULT: {"script":"<script> [1562 bytes]","args":[{"selector":{"controlType":"sap.m.Input","viewName":"etm.portal.ui.manageyards.view.New","viewId":"application-manageyards-display-component---NewYard","bindingPath":{"path":"","propertyPath":"/CONTROLLING_AREA","modelName":"NewYardModel"},"interaction":{"idSuffix":"inner"}},"wdio_ui5_key":"etmportal.ui.manageyards.view.Newsap.m.Input{\"path\":\"\",\"propertyPath\":\"/CONTROLLING_AREA\",\"modelName\":\"NewYardModel\"}"}]}
RESULT: undefined
COMMAND: POST /session/8b9d24fb39cbfc9e79ab89721a1c9e7d/execute/async - {"script":"<script> [776 bytes]","args":[{"enterText":"Z001","selector":{"controlType":"sap.m.Input","viewName":"etm.portal.ui.manageyards.view.New","viewId":"application-manageyards-display-component---NewYard","bindingPath":{"path":"","propertyPath":"/CONTROLLING_AREA","modelName":"NewYardModel"},"interaction":{"idSuffix":"inner"}},"clearTextFirst":true,"interactionType":"ENTER_TEXT"}]}
RESULT: {}
RESULT: {"script":"<script> [776 bytes]","args":[{"enterText":"Z001","selector":{"controlType":"sap.m.Input","viewName":"etm.portal.ui.manageyards.view.New","viewId":"application-manageyards-display-component---NewYard","bindingPath":{"path":"","propertyPath":"/CONTROLLING_AREA","modelName":"NewYardModel"},"interaction":{"idSuffix":"inner"}},"clearTextFirst":true,"interactionType":"ENTER_TEXT"}]}
COMMAND: POST /session/8b9d24fb39cbfc9e79ab89721a1c9e7d/execute/async - {"script":"<script> [1562 bytes]","args":[{"selector":{"id":"application-manageyards-display-component---NewYard--companyCodeComboBox","interaction":{"idSuffix":"inner"}},"wdio_ui5_key":"applicationmanageyards-display-component---NewYard--companyCodeComboBox"}]}
RESULT: {"script":"<script> [1562 bytes]","args":[{"selector":{"id":"application-manageyards-display-component---NewYard--companyCodeComboBox","interaction":{"idSuffix":"inner"}},"wdio_ui5_key":"applicationmanageyards-display-component---NewYard--companyCodeComboBox"}]}
RESULT: undefined
COMMAND: POST /session/8b9d24fb39cbfc9e79ab89721a1c9e7d/execute/async - {"script":"<script> [776 bytes]","args":[{"enterText":"1000","selector":{"id":"application-manageyards-display-component---NewYard--companyCodeComboBox","interaction":{"idSuffix":"inner"}},"clearTextFirst":true,"interactionType":"ENTER_TEXT"}]}
RESULT: {"script":"<script> [776 bytes]","args":[{"enterText":"1000","selector":{"id":"application-manageyards-display-component---NewYard--companyCodeComboBox","interaction":{"idSuffix":"inner"}},"clearTextFirst":true,"interactionType":"ENTER_TEXT"}]}
COMMAND: POST /session/8b9d24fb39cbfc9e79ab89721a1c9e7d/execute/async - {"script":"<script> [1562 bytes]","args":[{"selector":{"controlType":"sap.m.Input","viewName":"etm.portal.ui.manageyards.view.New","viewId":"application-manageyards-display-component---NewYard","bindingPath":{"path":"","propertyPath":"/PLANT","modelName":"NewYardModel"},"interaction":{"idSuffix":"inner"}},"wdio_ui5_key":"etmportal.ui.manageyards.view.Newsap.m.Input{\"path\":\"\",\"propertyPath\":\"/PLANT\",\"modelName\":\"NewYardModel\"}"}]}
RESULT: {"script":"<script> [1562 bytes]","args":[{"selector":{"controlType":"sap.m.Input","viewName":"etm.portal.ui.manageyards.view.New","viewId":"application-manageyards-display-component---NewYard","bindingPath":{"path":"","propertyPath":"/PLANT","modelName":"NewYardModel"},"interaction":{"idSuffix":"inner"}},"wdio_ui5_key":"etmportal.ui.manageyards.view.Newsap.m.Input{\"path\":\"\",\"propertyPath\":\"/PLANT\",\"modelName\":\"NewYardModel\"}"}]}
RESULT: undefined
COMMAND: POST /session/8b9d24fb39cbfc9e79ab89721a1c9e7d/execute/async - {"script":"<script> [776 bytes]","args":[{"enterText":"1001","selector":{"controlType":"sap.m.Input","viewName":"etm.portal.ui.manageyards.view.New","viewId":"application-manageyards-display-component---NewYard","bindingPath":{"path":"","propertyPath":"/PLANT","modelName":"NewYardModel"},"interaction":{"idSuffix":"inner"}},"clearTextFirst":true,"interactionType":"ENTER_TEXT"}]}
RESULT: {"script":"<script> [776 bytes]","args":[{"enterText":"1001","selector":{"controlType":"sap.m.Input","viewName":"etm.portal.ui.manageyards.view.New","viewId":"application-manageyards-display-component---NewYard","bindingPath":{"path":"","propertyPath":"/PLANT","modelName":"NewYardModel"},"interaction":{"idSuffix":"inner"}},"clearTextFirst":true,"interactionType":"ENTER_TEXT"}]}
COMMAND: POST /session/8b9d24fb39cbfc9e79ab89721a1c9e7d/execute/async - {"script":"<script> [1562 bytes]","args":[{"selector":{"controlType":"sap.m.Input","viewName":"etm.portal.ui.manageyards.view.New","viewId":"application-manageyards-display-component---NewYard","bindingPath":{"path":"","propertyPath":"/SALES_AREA_VKORG","modelName":"NewYardModel"},"interaction":{"idSuffix":"inner"}},"wdio_ui5_key":"etmportal.ui.manageyards.view.Newsap.m.Input{\"path\":\"\",\"propertyPath\":\"/SALES_AREA_VKORG\",\"modelName\":\"NewYardModel\"}"}]}
RESULT: {"script":"<script> [1562 bytes]","args":[{"selector":{"controlType":"sap.m.Input","viewName":"etm.portal.ui.manageyards.view.New","viewId":"application-manageyards-display-component---NewYard","bindingPath":{"path":"","propertyPath":"/SALES_AREA_VKORG","modelName":"NewYardModel"},"interaction":{"idSuffix":"inner"}},"wdio_ui5_key":"etmportal.ui.manageyards.view.Newsap.m.Input{\"path\":\"\",\"propertyPath\":\"/SALES_AREA_VKORG\",\"modelName\":\"NewYardModel\"}"}]}
RESULT: undefined
COMMAND: POST /session/8b9d24fb39cbfc9e79ab89721a1c9e7d/execute/async - {"script":"<script> [776 bytes]","args":[{"enterText":"C002","selector":{"controlType":"sap.m.Input","viewName":"etm.portal.ui.manageyards.view.New","viewId":"application-manageyards-display-component---NewYard","bindingPath":{"path":"","propertyPath":"/SALES_AREA_VKORG","modelName":"NewYardModel"},"interaction":{"idSuffix":"inner"}},"clearTextFirst":true,"interactionType":"ENTER_TEXT"}]}
RESULT: {"script":"<script> [776 bytes]","args":[{"enterText":"C002","selector":{"controlType":"sap.m.Input","viewName":"etm.portal.ui.manageyards.view.New","viewId":"application-manageyards-display-component---NewYard","bindingPath":{"path":"","propertyPath":"/SALES_AREA_VKORG","modelName":"NewYardModel"},"interaction":{"idSuffix":"inner"}},"clearTextFirst":true,"interactionType":"ENTER_TEXT"}]}
COMMAND: POST /session/8b9d24fb39cbfc9e79ab89721a1c9e7d/execute/async - {"script":"<script> [1562 bytes]","args":[{"selector":{"controlType":"sap.m.Input","viewName":"etm.portal.ui.manageyards.view.New","viewId":"application-manageyards-display-component---NewYard","bindingPath":{"path":"","propertyPath":"/SALES_AREA_VTWEG","modelName":"NewYardModel"},"interaction":{"idSuffix":"inner"}},"wdio_ui5_key":"etmportal.ui.manageyards.view.Newsap.m.Input{\"path\":\"\",\"propertyPath\":\"/SALES_AREA_VTWEG\",\"modelName\":\"NewYardModel\"}"}]}
RESULT: {"script":"<script> [1562 bytes]","args":[{"selector":{"controlType":"sap.m.Input","viewName":"etm.portal.ui.manageyards.view.New","viewId":"application-manageyards-display-component---NewYard","bindingPath":{"path":"","propertyPath":"/SALES_AREA_VTWEG","modelName":"NewYardModel"},"interaction":{"idSuffix":"inner"}},"wdio_ui5_key":"etmportal.ui.manageyards.view.Newsap.m.Input{\"path\":\"\",\"propertyPath\":\"/SALES_AREA_VTWEG\",\"modelName\":\"NewYardModel\"}"}]}
RESULT: undefined
COMMAND: POST /session/8b9d24fb39cbfc9e79ab89721a1c9e7d/execute/async - {"script":"<script> [776 bytes]","args":[{"enterText":"C2","selector":{"controlType":"sap.m.Input","viewName":"etm.portal.ui.manageyards.view.New","viewId":"application-manageyards-display-component---NewYard","bindingPath":{"path":"","propertyPath":"/SALES_AREA_VTWEG","modelName":"NewYardModel"},"interaction":{"idSuffix":"inner"}},"clearTextFirst":true,"interactionType":"ENTER_TEXT"}]}
RESULT: {"script":"<script> [776 bytes]","args":[{"enterText":"C2","selector":{"controlType":"sap.m.Input","viewName":"etm.portal.ui.manageyards.view.New","viewId":"application-manageyards-display-component---NewYard","bindingPath":{"path":"","propertyPath":"/SALES_AREA_VTWEG","modelName":"NewYardModel"},"interaction":{"idSuffix":"inner"}},"clearTextFirst":true,"interactionType":"ENTER_TEXT"}]}
COMMAND: POST /session/8b9d24fb39cbfc9e79ab89721a1c9e7d/execute/async - {"script":"<script> [1562 bytes]","args":[{"selector":{"controlType":"sap.m.Input","viewName":"etm.portal.ui.manageyards.view.New","viewId":"application-manageyards-display-component---NewYard","bindingPath":{"path":"","propertyPath":"/SALES_AREA_SPART","modelName":"NewYardModel"},"interaction":{"idSuffix":"inner"}},"wdio_ui5_key":"etmportal.ui.manageyards.view.Newsap.m.Input{\"path\":\"\",\"propertyPath\":\"/SALES_AREA_SPART\",\"modelName\":\"NewYardModel\"}"}]}
RESULT: {"script":"<script> [1562 bytes]","args":[{"selector":{"controlType":"sap.m.Input","viewName":"etm.portal.ui.manageyards.view.New","viewId":"application-manageyards-display-component---NewYard","bindingPath":{"path":"","propertyPath":"/SALES_AREA_SPART","modelName":"NewYardModel"},"interaction":{"idSuffix":"inner"}},"wdio_ui5_key":"etmportal.ui.manageyards.view.Newsap.m.Input{\"path\":\"\",\"propertyPath\":\"/SALES_AREA_SPART\",\"modelName\":\"NewYardModel\"}"}]}
RESULT: undefined
COMMAND: POST /session/8b9d24fb39cbfc9e79ab89721a1c9e7d/execute/async - {"script":"<script> [776 bytes]","args":[{"enterText":"C2","selector":{"controlType":"sap.m.Input","viewName":"etm.portal.ui.manageyards.view.New","viewId":"application-manageyards-display-component---NewYard","bindingPath":{"path":"","propertyPath":"/SALES_AREA_SPART","modelName":"NewYardModel"},"interaction":{"idSuffix":"inner"}},"clearTextFirst":true,"interactionType":"ENTER_TEXT"}]}
RESULT: {"script":"<script> [776 bytes]","args":[{"enterText":"C2","selector":{"controlType":"sap.m.Input","viewName":"etm.portal.ui.manageyards.view.New","viewId":"application-manageyards-display-component---NewYard","bindingPath":{"path":"","propertyPath":"/SALES_AREA_SPART","modelName":"NewYardModel"},"interaction":{"idSuffix":"inner"}},"clearTextFirst":true,"interactionType":"ENTER_TEXT"}]}
COMMAND: POST /session/8b9d24fb39cbfc9e79ab89721a1c9e7d/execute/async - {"script":"<script> [1562 bytes]","args":[{"selector":{"controlType":"sap.m.Input","viewName":"etm.portal.ui.manageyards.view.New","viewId":"application-manageyards-display-component---NewYard","bindingPath":{"path":"","propertyPath":"/SHIP_POINT","modelName":"NewYardModel"},"interaction":{"idSuffix":"inner"}},"wdio_ui5_key":"etmportal.ui.manageyards.view.Newsap.m.Input{\"path\":\"\",\"propertyPath\":\"/SHIP_POINT\",\"modelName\":\"NewYardModel\"}"}]}
RESULT: {"script":"<script> [1562 bytes]","args":[{"selector":{"controlType":"sap.m.Input","viewName":"etm.portal.ui.manageyards.view.New","viewId":"application-manageyards-display-component---NewYard","bindingPath":{"path":"","propertyPath":"/SHIP_POINT","modelName":"NewYardModel"},"interaction":{"idSuffix":"inner"}},"wdio_ui5_key":"etmportal.ui.manageyards.view.Newsap.m.Input{\"path\":\"\",\"propertyPath\":\"/SHIP_POINT\",\"modelName\":\"NewYardModel\"}"}]}
RESULT: undefined
COMMAND: POST /session/8b9d24fb39cbfc9e79ab89721a1c9e7d/execute/async - {"script":"<script> [776 bytes]","args":[{"enterText":"1710","selector":{"controlType":"sap.m.Input","viewName":"etm.portal.ui.manageyards.view.New","viewId":"application-manageyards-display-component---NewYard","bindingPath":{"path":"","propertyPath":"/SHIP_POINT","modelName":"NewYardModel"},"interaction":{"idSuffix":"inner"}},"clearTextFirst":true,"interactionType":"ENTER_TEXT"}]}
RESULT: {"script":"<script> [776 bytes]","args":[{"enterText":"1710","selector":{"controlType":"sap.m.Input","viewName":"etm.portal.ui.manageyards.view.New","viewId":"application-manageyards-display-component---NewYard","bindingPath":{"path":"","propertyPath":"/SHIP_POINT","modelName":"NewYardModel"},"interaction":{"idSuffix":"inner"}},"clearTextFirst":true,"interactionType":"ENTER_TEXT"}]}
COMMAND: POST /session/8b9d24fb39cbfc9e79ab89721a1c9e7d/execute/async - {"script":"<script> [1562 bytes]","args":[{"selector":{"controlType":"sap.m.Input","viewName":"etm.portal.ui.manageyards.view.New","viewId":"application-manageyards-display-component---NewYard","bindingPath":{"path":"","propertyPath":"/DELIVERY_TYPE","modelName":"NewYardModel"},"interaction":{"idSuffix":"inner"}},"wdio_ui5_key":"etmportal.ui.manageyards.view.Newsap.m.Input{\"path\":\"\",\"propertyPath\":\"/DELIVERY_TYPE\",\"modelName\":\"NewYardModel\"}"}]}
RESULT: {"script":"<script> [1562 bytes]","args":[{"selector":{"controlType":"sap.m.Input","viewName":"etm.portal.ui.manageyards.view.New","viewId":"application-manageyards-display-component---NewYard","bindingPath":{"path":"","propertyPath":"/DELIVERY_TYPE","modelName":"NewYardModel"},"interaction":{"idSuffix":"inner"}},"wdio_ui5_key":"etmportal.ui.manageyards.view.Newsap.m.Input{\"path\":\"\",\"propertyPath\":\"/DELIVERY_TYPE\",\"modelName\":\"NewYardModel\"}"}]}
RESULT: undefined
COMMAND: POST /session/8b9d24fb39cbfc9e79ab89721a1c9e7d/execute/async - {"script":"<script> [776 bytes]","args":[{"enterText":"ZL01","selector":{"controlType":"sap.m.Input","viewName":"etm.portal.ui.manageyards.view.New","viewId":"application-manageyards-display-component---NewYard","bindingPath":{"path":"","propertyPath":"/DELIVERY_TYPE","modelName":"NewYardModel"},"interaction":{"idSuffix":"inner"}},"clearTextFirst":true,"interactionType":"ENTER_TEXT"}]}
RESULT: {"script":"<script> [776 bytes]","args":[{"enterText":"ZL01","selector":{"controlType":"sap.m.Input","viewName":"etm.portal.ui.manageyards.view.New","viewId":"application-manageyards-display-component---NewYard","bindingPath":{"path":"","propertyPath":"/DELIVERY_TYPE","modelName":"NewYardModel"},"interaction":{"idSuffix":"inner"}},"clearTextFirst":true,"interactionType":"ENTER_TEXT"}]}
COMMAND: POST /session/8b9d24fb39cbfc9e79ab89721a1c9e7d/execute/async - {"script":"<script> [1562 bytes]","args":[{"selector":{"controlType":"sap.m.Input","viewName":"etm.portal.ui.manageyards.view.New","viewId":"application-manageyards-display-component---NewYard","bindingPath":{"path":"","propertyPath":"/AUART","modelName":"NewYardModel"},"interaction":{"idSuffix":"inner"}},"wdio_ui5_key":"etmportal.ui.manageyards.view.Newsap.m.Input{\"path\":\"\",\"propertyPath\":\"/AUART\",\"modelName\":\"NewYardModel\"}"}]}
RESULT: {"script":"<script> [1562 bytes]","args":[{"selector":{"controlType":"sap.m.Input","viewName":"etm.portal.ui.manageyards.view.New","viewId":"application-manageyards-display-component---NewYard","bindingPath":{"path":"","propertyPath":"/AUART","modelName":"NewYardModel"},"interaction":{"idSuffix":"inner"}},"wdio_ui5_key":"etmportal.ui.manageyards.view.Newsap.m.Input{\"path\":\"\",\"propertyPath\":\"/AUART\",\"modelName\":\"NewYardModel\"}"}]}
RESULT: undefined
COMMAND: POST /session/8b9d24fb39cbfc9e79ab89721a1c9e7d/execute/async - {"script":"<script> [776 bytes]","args":[{"enterText":"TA","selector":{"controlType":"sap.m.Input","viewName":"etm.portal.ui.manageyards.view.New","viewId":"application-manageyards-display-component---NewYard","bindingPath":{"path":"","propertyPath":"/AUART","modelName":"NewYardModel"},"interaction":{"idSuffix":"inner"}},"clearTextFirst":true,"interactionType":"ENTER_TEXT"}]}
RESULT: {"script":"<script> [776 bytes]","args":[{"enterText":"TA","selector":{"controlType":"sap.m.Input","viewName":"etm.portal.ui.manageyards.view.New","viewId":"application-manageyards-display-component---NewYard","bindingPath":{"path":"","propertyPath":"/AUART","modelName":"NewYardModel"},"interaction":{"idSuffix":"inner"}},"clearTextFirst":true,"interactionType":"ENTER_TEXT"}]}
COMMAND: POST /session/8b9d24fb39cbfc9e79ab89721a1c9e7d/element - {"using":"xpath","value":"//button[@data-kt=\"newYardSaveButton\"]"}
RESULT: {"using":"xpath","value":"//button[@data-kt=\"newYardSaveButton\"]"}
COMMAND: POST /session/8b9d24fb39cbfc9e79ab89721a1c9e7d/element/f.7652131D378371FA98FE7F43E0E28151.d.CEC866BC41D485CD844FF1B138EB7D07.e.12462/click - {}
RESULT: {}
COMMAND: GET /session/8b9d24fb39cbfc9e79ab89721a1c9e7d/screenshot - {}
RESULT: {}
COMMAND: POST /session/8b9d24fb39cbfc9e79ab89721a1c9e7d/element - {"using":"xpath","value":"//header[contains(@id, 'ObjectPageLayout-headerTitle')]/div[1]/div[2]/div[1]/span[1]"}
RESULT: {"using":"xpath","value":"//header[contains(@id, 'ObjectPageLayout-headerTitle')]/div[1]/div[2]/div[1]/span[1]"}
COMMAND: POST /session/8b9d24fb39cbfc9e79ab89721a1c9e7d/elements - {"using":"xpath","value":"//header[contains(@id, 'ObjectPageLayout-headerTitle')]/div[1]/div[2]/div[1]/span[1]"}
RESULT: {"using":"xpath","value":"//header[contains(@id, 'ObjectPageLayout-headerTitle')]/div[1]/div[2]/div[1]/span[1]"}
COMMAND: POST /session/8b9d24fb39cbfc9e79ab89721a1c9e7d/execute/sync - {"script":"<script> [56 bytes]","args":[{"element-6066-11e4-a52e-4f735466cecf":"f.7652131D378371FA98FE7F43E0E28151.d.CEC866BC41D485CD844FF1B138EB7D07.e.12761","ELEMENT":"f.7652131D378371FA98FE7F43E0E28151.d.CEC866BC41D485CD844FF1B138EB7D07.e.12761"}]}
RESULT: {"script":"<script> [56 bytes]","args":[{"element-6066-11e4-a52e-4f735466cecf":"f.7652131D378371FA98FE7F43E0E28151.d.CEC866BC41D485CD844FF1B138EB7D07.e.12761","ELEMENT":"f.7652131D378371FA98FE7F43E0E28151.d.CEC866BC41D485CD844FF1B138EB7D07.e.12761"}]}
COMMAND: GET /session/8b9d24fb39cbfc9e79ab89721a1c9e7d/screenshot - {}
RESULT: {}
COMMAND: POST /session/8b9d24fb39cbfc9e79ab89721a1c9e7d/element - {"using":"css selector","value":"#shell-header-logo"}
RESULT: {"using":"css selector","value":"#shell-header-logo"}
COMMAND: POST /session/8b9d24fb39cbfc9e79ab89721a1c9e7d/element/f.7652131D378371FA98FE7F43E0E28151.d.CEC866BC41D485CD844FF1B138EB7D07.e.11895/click - {}
RESULT: {}
COMMAND: GET /session/8b9d24fb39cbfc9e79ab89721a1c9e7d/screenshot - {}
RESULT: {}
COMMAND: POST /session/8b9d24fb39cbfc9e79ab89721a1c9e7d/execute/sync - {"script":"<script> [299 bytes]","args":[["getModel","getResource"]]}
RESULT: {"script":"<script> [299 bytes]","args":[["getModel","getResource"]]}
]]></system-out>
    </testcase>
    <testcase classname="chrome.137_0_7151_69.windows.Provide_to_Site_w/o_warehouse_management_w/_clarification_US116605" name="Should create a new external partner" time="101.27">
      <system-out><![CDATA[
COMMAND: GET /session/8b9d24fb39cbfc9e79ab89721a1c9e7d/screenshot - {}
COMMAND: POST /session/8b9d24fb39cbfc9e79ab89721a1c9e7d/window/fullscreen - {}
RESULT: {}
RESULT: {}
COMMAND: POST /session/8b9d24fb39cbfc9e79ab89721a1c9e7d/execute/async - {"script":"<script> [1562 bytes]","args":[{"selector":{"controlType":"sap.m.GenericTile","properties":{"header":"Manage Partners"}},"wdio_ui5_key":"sapm.GenericTile{\"header\":\"Manage Partners\"}"}]}
RESULT: {"script":"<script> [1562 bytes]","args":[{"selector":{"controlType":"sap.m.GenericTile","properties":{"header":"Manage Partners"}},"wdio_ui5_key":"sapm.GenericTile{\"header\":\"Manage Partners\"}"}]}
RESULT: undefined
COMMAND: POST /session/8b9d24fb39cbfc9e79ab89721a1c9e7d/element - {"using":"xpath","value":"//*[@id=\"__tile31\"]"}
RESULT: {"using":"xpath","value":"//*[@id=\"__tile31\"]"}
COMMAND: POST /session/8b9d24fb39cbfc9e79ab89721a1c9e7d/element/f.7652131D378371FA98FE7F43E0E28151.d.CEC866BC41D485CD844FF1B138EB7D07.e.11908/click - {}
RESULT: {}
COMMAND: GET /session/8b9d24fb39cbfc9e79ab89721a1c9e7d/screenshot - {}
RESULT: {}
COMMAND: POST /session/8b9d24fb39cbfc9e79ab89721a1c9e7d/elements - {"using":"xpath","value":"//span[text()='Error']"}
RESULT: {"using":"xpath","value":"//span[text()='Error']"}
COMMAND: POST /session/8b9d24fb39cbfc9e79ab89721a1c9e7d/element - {"using":"xpath","value":"//button[@data-kt=\"addButton\"]"}
RESULT: {"using":"xpath","value":"//button[@data-kt=\"addButton\"]"}
COMMAND: POST /session/8b9d24fb39cbfc9e79ab89721a1c9e7d/elements - {"using":"xpath","value":"//button[@data-kt=\"addButton\"]"}
RESULT: {"using":"xpath","value":"//button[@data-kt=\"addButton\"]"}
COMMAND: POST /session/8b9d24fb39cbfc9e79ab89721a1c9e7d/execute/sync - {"script":"<script> [8489 bytes]","args":[{"element-6066-11e4-a52e-4f735466cecf":"f.7652131D378371FA98FE7F43E0E28151.d.CEC866BC41D485CD844FF1B138EB7D07.e.12810","ELEMENT":"f.7652131D378371FA98FE7F43E0E28151.d.CEC866BC41D485CD844FF1B138EB7D07.e.12810"}]}
RESULT: {"script":"<script> [8489 bytes]","args":[{"element-6066-11e4-a52e-4f735466cecf":"f.7652131D378371FA98FE7F43E0E28151.d.CEC866BC41D485CD844FF1B138EB7D07.e.12810","ELEMENT":"f.7652131D378371FA98FE7F43E0E28151.d.CEC866BC41D485CD844FF1B138EB7D07.e.12810"}]}
COMMAND: GET /session/8b9d24fb39cbfc9e79ab89721a1c9e7d/element/f.7652131D378371FA98FE7F43E0E28151.d.CEC866BC41D485CD844FF1B138EB7D07.e.12810/enabled - {}
COMMAND: GET /session/8b9d24fb39cbfc9e79ab89721a1c9e7d/screenshot - {}
RESULT: {}
COMMAND: POST /session/8b9d24fb39cbfc9e79ab89721a1c9e7d/execute/sync - {"script":"<script> [8489 bytes]","args":[{"element-6066-11e4-a52e-4f735466cecf":"f.7652131D378371FA98FE7F43E0E28151.d.CEC866BC41D485CD844FF1B138EB7D07.e.12810","ELEMENT":"f.7652131D378371FA98FE7F43E0E28151.d.CEC866BC41D485CD844FF1B138EB7D07.e.12810"}]}
COMMAND: GET /session/8b9d24fb39cbfc9e79ab89721a1c9e7d/screenshot - {}
RESULT: {}
RESULT: {"script":"<script> [8489 bytes]","args":[{"element-6066-11e4-a52e-4f735466cecf":"f.7652131D378371FA98FE7F43E0E28151.d.CEC866BC41D485CD844FF1B138EB7D07.e.12810","ELEMENT":"f.7652131D378371FA98FE7F43E0E28151.d.CEC866BC41D485CD844FF1B138EB7D07.e.12810"}]}
COMMAND: POST /session/8b9d24fb39cbfc9e79ab89721a1c9e7d/execute/sync - {"script":"<script> [5351 bytes]","args":[{"element-6066-11e4-a52e-4f735466cecf":"f.7652131D378371FA98FE7F43E0E28151.d.CEC866BC41D485CD844FF1B138EB7D07.e.12810","ELEMENT":"f.7652131D378371FA98FE7F43E0E28151.d.CEC866BC41D485CD844FF1B138EB7D07.e.12810"}]}
COMMAND: GET /session/8b9d24fb39cbfc9e79ab89721a1c9e7d/screenshot - {}
RESULT: {}
RESULT: {"script":"<script> [5351 bytes]","args":[{"element-6066-11e4-a52e-4f735466cecf":"f.7652131D378371FA98FE7F43E0E28151.d.CEC866BC41D485CD844FF1B138EB7D07.e.12810","ELEMENT":"f.7652131D378371FA98FE7F43E0E28151.d.CEC866BC41D485CD844FF1B138EB7D07.e.12810"}]}
COMMAND: POST /session/8b9d24fb39cbfc9e79ab89721a1c9e7d/element/f.7652131D378371FA98FE7F43E0E28151.d.CEC866BC41D485CD844FF1B138EB7D07.e.12810/click - {}
COMMAND: GET /session/8b9d24fb39cbfc9e79ab89721a1c9e7d/screenshot - {}
RESULT: {}
RESULT: {}
COMMAND: GET /session/8b9d24fb39cbfc9e79ab89721a1c9e7d/screenshot - {}
COMMAND: POST /session/8b9d24fb39cbfc9e79ab89721a1c9e7d/execute/async - {"script":"<script> [1562 bytes]","args":[{"selector":{"id":"application-managepartners-display-component---NewPartner--addressDetailDetailsName1","interaction":{"idSuffix":"inner"}},"wdio_ui5_key":"applicationmanagepartners-display-component---NewPartner--addressDetailDetailsName1"}]}
RESULT: {}
RESULT: {}
RESULT: {"script":"<script> [1562 bytes]","args":[{"selector":{"id":"application-managepartners-display-component---NewPartner--addressDetailDetailsName1","interaction":{"idSuffix":"inner"}},"wdio_ui5_key":"applicationmanagepartners-display-component---NewPartner--addressDetailDetailsName1"}]}
RESULT: undefined
COMMAND: POST /session/8b9d24fb39cbfc9e79ab89721a1c9e7d/execute/async - {"script":"<script> [776 bytes]","args":[{"enterText":"External Partner WDIO","selector":{"id":"application-managepartners-display-component---NewPartner--addressDetailDetailsName1","interaction":{"idSuffix":"inner"}},"clearTextFirst":true,"interactionType":"ENTER_TEXT"}]}
RESULT: {"script":"<script> [776 bytes]","args":[{"enterText":"External Partner WDIO","selector":{"id":"application-managepartners-display-component---NewPartner--addressDetailDetailsName1","interaction":{"idSuffix":"inner"}},"clearTextFirst":true,"interactionType":"ENTER_TEXT"}]}
COMMAND: POST /session/8b9d24fb39cbfc9e79ab89721a1c9e7d/execute/async - {"script":"<script> [1562 bytes]","args":[{"selector":{"id":"application-managepartners-display-component---NewPartner--addressDetailDetailsLanguage-arrow"},"wdio_ui5_key":"applicationmanagepartners-display-component---NewPartner--addressDetailDetailsLanguage-arrow"}]}
RESULT: {"script":"<script> [1562 bytes]","args":[{"selector":{"id":"application-managepartners-display-component---NewPartner--addressDetailDetailsLanguage-arrow"},"wdio_ui5_key":"applicationmanagepartners-display-component---NewPartner--addressDetailDetailsLanguage-arrow"}]}
RESULT: undefined
COMMAND: POST /session/8b9d24fb39cbfc9e79ab89721a1c9e7d/element - {"using":"xpath","value":"//*[@id=\"application-managepartners-display-component---NewPartner--addressDetailDetailsLanguage-arrow\"]"}
RESULT: {"using":"xpath","value":"//*[@id=\"application-managepartners-display-component---NewPartner--addressDetailDetailsLanguage-arrow\"]"}
COMMAND: POST /session/8b9d24fb39cbfc9e79ab89721a1c9e7d/element/f.7652131D378371FA98FE7F43E0E28151.d.CEC866BC41D485CD844FF1B138EB7D07.e.13233/click - {}
RESULT: {}
COMMAND: POST /session/8b9d24fb39cbfc9e79ab89721a1c9e7d/element - {"using":"xpath","value":"//span[contains(text(), \"English\")]"}
COMMAND: GET /session/8b9d24fb39cbfc9e79ab89721a1c9e7d/screenshot - {}
RESULT: {"using":"xpath","value":"//span[contains(text(), \"English\")]"}
COMMAND: POST /session/8b9d24fb39cbfc9e79ab89721a1c9e7d/element/f.7652131D378371FA98FE7F43E0E28151.d.CEC866BC41D485CD844FF1B138EB7D07.e.13234/click - {}
RESULT: {}
RESULT: {}
COMMAND: GET /session/8b9d24fb39cbfc9e79ab89721a1c9e7d/screenshot - {}
RESULT: {}
COMMAND: POST /session/8b9d24fb39cbfc9e79ab89721a1c9e7d/execute/async - {"script":"<script> [1562 bytes]","args":[{"selector":{"id":"application-managepartners-display-component---NewPartner--addressDetailDetailsCity1","interaction":{"idSuffix":"inner"}},"wdio_ui5_key":"applicationmanagepartners-display-component---NewPartner--addressDetailDetailsCity1"}]}
RESULT: {"script":"<script> [1562 bytes]","args":[{"selector":{"id":"application-managepartners-display-component---NewPartner--addressDetailDetailsCity1","interaction":{"idSuffix":"inner"}},"wdio_ui5_key":"applicationmanagepartners-display-component---NewPartner--addressDetailDetailsCity1"}]}
RESULT: undefined
COMMAND: POST /session/8b9d24fb39cbfc9e79ab89721a1c9e7d/execute/async - {"script":"<script> [776 bytes]","args":[{"enterText":"Rosario","selector":{"id":"application-managepartners-display-component---NewPartner--addressDetailDetailsCity1","interaction":{"idSuffix":"inner"}},"clearTextFirst":true,"interactionType":"ENTER_TEXT"}]}
RESULT: {"script":"<script> [776 bytes]","args":[{"enterText":"Rosario","selector":{"id":"application-managepartners-display-component---NewPartner--addressDetailDetailsCity1","interaction":{"idSuffix":"inner"}},"clearTextFirst":true,"interactionType":"ENTER_TEXT"}]}
COMMAND: POST /session/8b9d24fb39cbfc9e79ab89721a1c9e7d/execute/async - {"script":"<script> [1562 bytes]","args":[{"selector":{"id":"application-managepartners-display-component---NewPartner--addressDetailDetailsCountry-arrow"},"wdio_ui5_key":"applicationmanagepartners-display-component---NewPartner--addressDetailDetailsCountry-arrow"}]}
RESULT: {"script":"<script> [1562 bytes]","args":[{"selector":{"id":"application-managepartners-display-component---NewPartner--addressDetailDetailsCountry-arrow"},"wdio_ui5_key":"applicationmanagepartners-display-component---NewPartner--addressDetailDetailsCountry-arrow"}]}
RESULT: undefined
COMMAND: POST /session/8b9d24fb39cbfc9e79ab89721a1c9e7d/element - {"using":"xpath","value":"//*[@id=\"application-managepartners-display-component---NewPartner--addressDetailDetailsCountry-arrow\"]"}
RESULT: {"using":"xpath","value":"//*[@id=\"application-managepartners-display-component---NewPartner--addressDetailDetailsCountry-arrow\"]"}
COMMAND: POST /session/8b9d24fb39cbfc9e79ab89721a1c9e7d/element/f.7652131D378371FA98FE7F43E0E28151.d.CEC866BC41D485CD844FF1B138EB7D07.e.13201/click - {}
RESULT: {}
COMMAND: POST /session/8b9d24fb39cbfc9e79ab89721a1c9e7d/element - {"using":"xpath","value":"//span[contains(text(), \"Argentina\")]"}
COMMAND: GET /session/8b9d24fb39cbfc9e79ab89721a1c9e7d/screenshot - {}
RESULT: {"using":"xpath","value":"//span[contains(text(), \"Argentina\")]"}
COMMAND: POST /session/8b9d24fb39cbfc9e79ab89721a1c9e7d/element/f.7652131D378371FA98FE7F43E0E28151.d.CEC866BC41D485CD844FF1B138EB7D07.e.13236/click - {}
RESULT: {}
RESULT: {}
COMMAND: GET /session/8b9d24fb39cbfc9e79ab89721a1c9e7d/screenshot - {}
RESULT: {}
COMMAND: POST /session/8b9d24fb39cbfc9e79ab89721a1c9e7d/element - {"using":"xpath","value":"//bdi[contains(text(), \"Commercial\")]"}
RESULT: {"using":"xpath","value":"//bdi[contains(text(), \"Commercial\")]"}
COMMAND: POST /session/8b9d24fb39cbfc9e79ab89721a1c9e7d/element/f.7652131D378371FA98FE7F43E0E28151.d.CEC866BC41D485CD844FF1B138EB7D07.e.13237/click - {}
RESULT: {}
COMMAND: GET /session/8b9d24fb39cbfc9e79ab89721a1c9e7d/screenshot - {}
RESULT: {}
COMMAND: POST /session/8b9d24fb39cbfc9e79ab89721a1c9e7d/execute/async - {"script":"<script> [1562 bytes]","args":[{"selector":{"id":"application-managepartners-display-component---NewPartner--partnerDetailInternal-arrow"},"wdio_ui5_key":"applicationmanagepartners-display-component---NewPartner--partnerDetailInternal-arrow"}]}
RESULT: {"script":"<script> [1562 bytes]","args":[{"selector":{"id":"application-managepartners-display-component---NewPartner--partnerDetailInternal-arrow"},"wdio_ui5_key":"applicationmanagepartners-display-component---NewPartner--partnerDetailInternal-arrow"}]}
RESULT: undefined
COMMAND: POST /session/8b9d24fb39cbfc9e79ab89721a1c9e7d/element - {"using":"xpath","value":"//*[@id=\"application-managepartners-display-component---NewPartner--partnerDetailInternal-arrow\"]"}
RESULT: {"using":"xpath","value":"//*[@id=\"application-managepartners-display-component---NewPartner--partnerDetailInternal-arrow\"]"}
COMMAND: POST /session/8b9d24fb39cbfc9e79ab89721a1c9e7d/element/f.7652131D378371FA98FE7F43E0E28151.d.CEC866BC41D485CD844FF1B138EB7D07.e.13243/click - {}
RESULT: {}
COMMAND: POST /session/8b9d24fb39cbfc9e79ab89721a1c9e7d/element - {"using":"xpath","value":"//span[contains(text(), \"External partner\")]"}
COMMAND: GET /session/8b9d24fb39cbfc9e79ab89721a1c9e7d/screenshot - {}
RESULT: {"using":"xpath","value":"//span[contains(text(), \"External partner\")]"}
COMMAND: POST /session/8b9d24fb39cbfc9e79ab89721a1c9e7d/element/f.7652131D378371FA98FE7F43E0E28151.d.CEC866BC41D485CD844FF1B138EB7D07.e.13244/click - {}
RESULT: {}
RESULT: {}
COMMAND: POST /session/8b9d24fb39cbfc9e79ab89721a1c9e7d/execute/async - {"script":"<script> [1562 bytes]","args":[{"selector":{"id":"application-managepartners-display-component---NewPartner--partnerDetailsCurrency-arrow"},"wdio_ui5_key":"applicationmanagepartners-display-component---NewPartner--partnerDetailsCurrency-arrow"}]}
COMMAND: GET /session/8b9d24fb39cbfc9e79ab89721a1c9e7d/screenshot - {}
RESULT: {"script":"<script> [1562 bytes]","args":[{"selector":{"id":"application-managepartners-display-component---NewPartner--partnerDetailsCurrency-arrow"},"wdio_ui5_key":"applicationmanagepartners-display-component---NewPartner--partnerDetailsCurrency-arrow"}]}
RESULT: undefined
COMMAND: POST /session/8b9d24fb39cbfc9e79ab89721a1c9e7d/element - {"using":"xpath","value":"//*[@id=\"application-managepartners-display-component---NewPartner--partnerDetailsCurrency-arrow\"]"}
RESULT: {}
RESULT: {"using":"xpath","value":"//*[@id=\"application-managepartners-display-component---NewPartner--partnerDetailsCurrency-arrow\"]"}
COMMAND: POST /session/8b9d24fb39cbfc9e79ab89721a1c9e7d/element/f.7652131D378371FA98FE7F43E0E28151.d.CEC866BC41D485CD844FF1B138EB7D07.e.13249/click - {}
RESULT: {}
COMMAND: POST /session/8b9d24fb39cbfc9e79ab89721a1c9e7d/element - {"using":"xpath","value":"//span[contains(text(), \"US Dollar\")]"}
COMMAND: GET /session/8b9d24fb39cbfc9e79ab89721a1c9e7d/screenshot - {}
RESULT: {"using":"xpath","value":"//span[contains(text(), \"US Dollar\")]"}
COMMAND: POST /session/8b9d24fb39cbfc9e79ab89721a1c9e7d/element/f.7652131D378371FA98FE7F43E0E28151.d.CEC866BC41D485CD844FF1B138EB7D07.e.13250/click - {}
RESULT: {}
RESULT: {}
COMMAND: GET /session/8b9d24fb39cbfc9e79ab89721a1c9e7d/screenshot - {}
RESULT: {}
COMMAND: POST /session/8b9d24fb39cbfc9e79ab89721a1c9e7d/element - {"using":"xpath","value":"//input[@id=\"application-managepartners-display-component---NewPartner--companyCodeComboBox-inner\"]"}
RESULT: {"using":"xpath","value":"//input[@id=\"application-managepartners-display-component---NewPartner--companyCodeComboBox-inner\"]"}
COMMAND: POST /session/8b9d24fb39cbfc9e79ab89721a1c9e7d/element/f.7652131D378371FA98FE7F43E0E28151.d.CEC866BC41D485CD844FF1B138EB7D07.e.13088/clear - {}
RESULT: {}
COMMAND: POST /session/8b9d24fb39cbfc9e79ab89721a1c9e7d/element/f.7652131D378371FA98FE7F43E0E28151.d.CEC866BC41D485CD844FF1B138EB7D07.e.13088/value - {"text":"C002"}
COMMAND: GET /session/8b9d24fb39cbfc9e79ab89721a1c9e7d/screenshot - {}
RESULT: {"text":"C002"}
COMMAND: GET /session/8b9d24fb39cbfc9e79ab89721a1c9e7d/screenshot - {}
RESULT: {}
RESULT: {}
COMMAND: POST /session/8b9d24fb39cbfc9e79ab89721a1c9e7d/element - {"using":"xpath","value":"//li[.//span[text()= \"C002\"]]"}
RESULT: {"using":"xpath","value":"//li[.//span[text()= \"C002\"]]"}
COMMAND: POST /session/8b9d24fb39cbfc9e79ab89721a1c9e7d/element/f.7652131D378371FA98FE7F43E0E28151.d.CEC866BC41D485CD844FF1B138EB7D07.e.13254/click - {}
RESULT: {}
COMMAND: GET /session/8b9d24fb39cbfc9e79ab89721a1c9e7d/screenshot - {}
RESULT: {}
COMMAND: POST /session/8b9d24fb39cbfc9e79ab89721a1c9e7d/execute/async - {"script":"<script> [1562 bytes]","args":[{"selector":{"controlType":"sap.ui.core.Icon","viewName":"etm.portal.ui.managepartners.view.NewPartner","viewId":"application-managepartners-display-component---NewPartner","properties":{"src":{"regex":{"source":"slim\\-arrow\\-down"}}},"ancestor":{"controlType":"sap.m.ComboBox","viewName":"etm.portal.ui.managepartners.view.NewPartner","viewId":"application-managepartners-display-component---NewPartner","bindingPath":{"path":"","propertyPath":"/CATALOG","modelName":"oNewPartnerModel"}}},"wdio_ui5_key":"etmportal.ui.managepartners.view.NewPartnersap.ui.core.Icon{\"src\":{\"regex\":{\"source\":\"slim\\\\-arrow\\\\-down\"}}}{\"controlType\":\"sap.m.ComboBox\",\"viewName\":\"etm.portal.ui.managepartners.view.NewPartner\",\"viewId\":\"application-managepartners-display-component---NewPartner\",\"bindingPath\":{\"path\":\"\",\"propertyPath\":\"/CATALOG\",\"modelName\":\"oNewPartnerModel\"}}"}]}
RESULT: {"script":"<script> [1562 bytes]","args":[{"selector":{"controlType":"sap.ui.core.Icon","viewName":"etm.portal.ui.managepartners.view.NewPartner","viewId":"application-managepartners-display-component---NewPartner","properties":{"src":{"regex":{"source":"slim\\-arrow\\-down"}}},"ancestor":{"controlType":"sap.m.ComboBox","viewName":"etm.portal.ui.managepartners.view.NewPartner","viewId":"application-managepartners-display-component---NewPartner","bindingPath":{"path":"","propertyPath":"/CATALOG","modelName":"oNewPartnerModel"}}},"wdio_ui5_key":"etmportal.ui.managepartners.view.NewPartnersap.ui.core.Icon{\"src\":{\"regex\":{\"source\":\"slim\\\\-arrow\\\\-down\"}}}{\"controlType\":\"sap.m.ComboBox\",\"viewName\":\"etm.portal.ui.managepartners.view.NewPartner\",\"viewId\":\"application-managepartners-display-component---NewPartner\",\"bindingPath\":{\"path\":\"\",\"propertyPath\":\"/CATALOG\",\"modelName\":\"oNewPartnerModel\"}}"}]}
RESULT: undefined
COMMAND: POST /session/8b9d24fb39cbfc9e79ab89721a1c9e7d/element - {"using":"xpath","value":"//*[@id=\"__box21-arrow\"]"}
RESULT: {"using":"xpath","value":"//*[@id=\"__box21-arrow\"]"}
COMMAND: POST /session/8b9d24fb39cbfc9e79ab89721a1c9e7d/element/f.7652131D378371FA98FE7F43E0E28151.d.CEC866BC41D485CD844FF1B138EB7D07.e.13202/click - {}
RESULT: {}
COMMAND: GET /session/8b9d24fb39cbfc9e79ab89721a1c9e7d/screenshot - {}
RESULT: {}
COMMAND: POST /session/8b9d24fb39cbfc9e79ab89721a1c9e7d/element - {"using":"xpath","value":"//ul[contains(@id,\"popup-list-listUl\")]//li[.//span[text()= \"Webshop Catalog\"]]"}
RESULT: {"using":"xpath","value":"//ul[contains(@id,\"popup-list-listUl\")]//li[.//span[text()= \"Webshop Catalog\"]]"}
COMMAND: POST /session/8b9d24fb39cbfc9e79ab89721a1c9e7d/element/f.7652131D378371FA98FE7F43E0E28151.d.CEC866BC41D485CD844FF1B138EB7D07.e.13256/click - {}
RESULT: {}
COMMAND: GET /session/8b9d24fb39cbfc9e79ab89721a1c9e7d/screenshot - {}
RESULT: {}
COMMAND: POST /session/8b9d24fb39cbfc9e79ab89721a1c9e7d/execute/async - {"script":"<script> [1562 bytes]","args":[{"selector":{"id":"application-managepartners-display-component---NewPartner--btnAddTableRow-img"},"wdio_ui5_key":"applicationmanagepartners-display-component---NewPartner--btnAddTableRow-img"}]}
RESULT: {"script":"<script> [1562 bytes]","args":[{"selector":{"id":"application-managepartners-display-component---NewPartner--btnAddTableRow-img"},"wdio_ui5_key":"applicationmanagepartners-display-component---NewPartner--btnAddTableRow-img"}]}
RESULT: undefined
COMMAND: POST /session/8b9d24fb39cbfc9e79ab89721a1c9e7d/element - {"using":"xpath","value":"//*[@id=\"application-managepartners-display-component---NewPartner--btnAddTableRow-img\"]"}
RESULT: {"using":"xpath","value":"//*[@id=\"application-managepartners-display-component---NewPartner--btnAddTableRow-img\"]"}
COMMAND: POST /session/8b9d24fb39cbfc9e79ab89721a1c9e7d/element/f.7652131D378371FA98FE7F43E0E28151.d.CEC866BC41D485CD844FF1B138EB7D07.e.13257/click - {}
RESULT: {}
COMMAND: GET /session/8b9d24fb39cbfc9e79ab89721a1c9e7d/screenshot - {}
RESULT: {}
COMMAND: POST /session/8b9d24fb39cbfc9e79ab89721a1c9e7d/element - {"using":"xpath","value":"//input[@id=\"application-managepartners-display-component---NewPartner--assignmentYard-application-managepartners-display-component---NewPartner--assignmentsTable-0-inner\"]"}
RESULT: {"using":"xpath","value":"//input[@id=\"application-managepartners-display-component---NewPartner--assignmentYard-application-managepartners-display-component---NewPartner--assignmentsTable-0-inner\"]"}
COMMAND: POST /session/8b9d24fb39cbfc9e79ab89721a1c9e7d/element/f.7652131D378371FA98FE7F43E0E28151.d.CEC866BC41D485CD844FF1B138EB7D07.e.13260/clear - {}
RESULT: {}
COMMAND: POST /session/8b9d24fb39cbfc9e79ab89721a1c9e7d/element/f.7652131D378371FA98FE7F43E0E28151.d.CEC866BC41D485CD844FF1B138EB7D07.e.13260/value - {"text":"242"}
COMMAND: GET /session/8b9d24fb39cbfc9e79ab89721a1c9e7d/screenshot - {}
RESULT: {"text":"242"}
COMMAND: GET /session/8b9d24fb39cbfc9e79ab89721a1c9e7d/screenshot - {}
RESULT: {}
RESULT: {}
COMMAND: POST /session/8b9d24fb39cbfc9e79ab89721a1c9e7d/element - {"using":"xpath","value":"//ul[contains(@id,\"NewPartner--assignmentsTable-0-popup-list-listUl\")]//li[.//span[text()='242']]"}
RESULT: {"using":"xpath","value":"//ul[contains(@id,\"NewPartner--assignmentsTable-0-popup-list-listUl\")]//li[.//span[text()='242']]"}
COMMAND: POST /session/8b9d24fb39cbfc9e79ab89721a1c9e7d/element/f.7652131D378371FA98FE7F43E0E28151.d.CEC866BC41D485CD844FF1B138EB7D07.e.13268/click - {}
RESULT: {}
COMMAND: GET /session/8b9d24fb39cbfc9e79ab89721a1c9e7d/screenshot - {}
RESULT: {}
COMMAND: POST /session/8b9d24fb39cbfc9e79ab89721a1c9e7d/actions - {"actions":[{"id":"action40","type":"key","parameters":{},"actions":[{"type":"keyDown","value":""},{"type":"pause","duration":10},{"type":"keyUp","value":""}]}]}
RESULT: {"actions":[{"id":"action40","type":"key","parameters":{},"actions":[{"type":"keyDown","value":""},{"type":"pause","duration":10},{"type":"keyUp","value":""}]}]}
COMMAND: POST /session/8b9d24fb39cbfc9e79ab89721a1c9e7d/element - {"using":"xpath","value":"//td[contains(@id, \"assignmentsTable-0-cell2\")]/div/div"}
COMMAND: GET /session/8b9d24fb39cbfc9e79ab89721a1c9e7d/screenshot - {}
RESULT: {"using":"xpath","value":"//td[contains(@id, \"assignmentsTable-0-cell2\")]/div/div"}
COMMAND: POST /session/8b9d24fb39cbfc9e79ab89721a1c9e7d/element/f.7652131D378371FA98FE7F43E0E28151.d.CEC866BC41D485CD844FF1B138EB7D07.e.13271/click - {}
RESULT: {}
RESULT: {}
COMMAND: GET /session/8b9d24fb39cbfc9e79ab89721a1c9e7d/screenshot - {}
RESULT: {}
COMMAND: POST /session/8b9d24fb39cbfc9e79ab89721a1c9e7d/element - {"using":"xpath","value":"//button[@data-kt=\"saveButton\"]"}
RESULT: {"using":"xpath","value":"//button[@data-kt=\"saveButton\"]"}
COMMAND: POST /session/8b9d24fb39cbfc9e79ab89721a1c9e7d/element/f.7652131D378371FA98FE7F43E0E28151.d.CEC866BC41D485CD844FF1B138EB7D07.e.13170/click - {}
RESULT: {}
COMMAND: GET /session/8b9d24fb39cbfc9e79ab89721a1c9e7d/screenshot - {}
RESULT: {}
COMMAND: POST /session/8b9d24fb39cbfc9e79ab89721a1c9e7d/element - {"using":"xpath","value":"//header[contains(@id, 'ObjectPageLayout-headerTitle')]/div[1]/div[2]/div[2]/span[1]"}
RESULT: {"using":"xpath","value":"//header[contains(@id, 'ObjectPageLayout-headerTitle')]/div[1]/div[2]/div[2]/span[1]"}
COMMAND: POST /session/8b9d24fb39cbfc9e79ab89721a1c9e7d/elements - {"using":"xpath","value":"//header[contains(@id, 'ObjectPageLayout-headerTitle')]/div[1]/div[2]/div[2]/span[1]"}
RESULT: {"using":"xpath","value":"//header[contains(@id, 'ObjectPageLayout-headerTitle')]/div[1]/div[2]/div[2]/span[1]"}
COMMAND: POST /session/8b9d24fb39cbfc9e79ab89721a1c9e7d/execute/sync - {"script":"<script> [56 bytes]","args":[{"element-6066-11e4-a52e-4f735466cecf":"f.7652131D378371FA98FE7F43E0E28151.d.CEC866BC41D485CD844FF1B138EB7D07.e.13422","ELEMENT":"f.7652131D378371FA98FE7F43E0E28151.d.CEC866BC41D485CD844FF1B138EB7D07.e.13422"}]}
RESULT: {"script":"<script> [56 bytes]","args":[{"element-6066-11e4-a52e-4f735466cecf":"f.7652131D378371FA98FE7F43E0E28151.d.CEC866BC41D485CD844FF1B138EB7D07.e.13422","ELEMENT":"f.7652131D378371FA98FE7F43E0E28151.d.CEC866BC41D485CD844FF1B138EB7D07.e.13422"}]}
COMMAND: POST /session/8b9d24fb39cbfc9e79ab89721a1c9e7d/element - {"using":"css selector","value":"#shell-header-logo"}
COMMAND: GET /session/8b9d24fb39cbfc9e79ab89721a1c9e7d/screenshot - {}
RESULT: {"using":"css selector","value":"#shell-header-logo"}
COMMAND: POST /session/8b9d24fb39cbfc9e79ab89721a1c9e7d/element/f.7652131D378371FA98FE7F43E0E28151.d.CEC866BC41D485CD844FF1B138EB7D07.e.12765/click - {}
RESULT: {}
RESULT: {}
COMMAND: GET /session/8b9d24fb39cbfc9e79ab89721a1c9e7d/screenshot - {}
RESULT: {}
COMMAND: POST /session/8b9d24fb39cbfc9e79ab89721a1c9e7d/execute/sync - {"script":"<script> [299 bytes]","args":[["getModel","getResource"]]}
RESULT: {"script":"<script> [299 bytes]","args":[["getModel","getResource"]]}
]]></system-out>
    </testcase>
    <testcase classname="chrome.137_0_7151_69.windows.Provide_to_Site_w/o_warehouse_management_w/_clarification_US116605" name="Should create a new site" time="98.316">
      <system-out><![CDATA[
COMMAND: GET /session/8b9d24fb39cbfc9e79ab89721a1c9e7d/screenshot - {}
COMMAND: POST /session/8b9d24fb39cbfc9e79ab89721a1c9e7d/execute/async - {"script":"<script> [1562 bytes]","args":[{"selector":{"controlType":"sap.m.GenericTile","properties":{"header":"Manage Sites"}},"wdio_ui5_key":"sapm.GenericTile{\"header\":\"Manage Sites\"}"}]}
RESULT: {}
RESULT: {"script":"<script> [1562 bytes]","args":[{"selector":{"controlType":"sap.m.GenericTile","properties":{"header":"Manage Sites"}},"wdio_ui5_key":"sapm.GenericTile{\"header\":\"Manage Sites\"}"}]}
RESULT: undefined
COMMAND: POST /session/8b9d24fb39cbfc9e79ab89721a1c9e7d/element - {"using":"xpath","value":"//*[@id=\"__tile33\"]"}
RESULT: {"using":"xpath","value":"//*[@id=\"__tile33\"]"}
COMMAND: POST /session/8b9d24fb39cbfc9e79ab89721a1c9e7d/element/f.7652131D378371FA98FE7F43E0E28151.d.CEC866BC41D485CD844FF1B138EB7D07.e.11914/click - {}
RESULT: {}
COMMAND: GET /session/8b9d24fb39cbfc9e79ab89721a1c9e7d/screenshot - {}
RESULT: {}
COMMAND: POST /session/8b9d24fb39cbfc9e79ab89721a1c9e7d/elements - {"using":"xpath","value":"//span[text()='Error']"}
RESULT: {"using":"xpath","value":"//span[text()='Error']"}
COMMAND: POST /session/8b9d24fb39cbfc9e79ab89721a1c9e7d/element - {"using":"xpath","value":"//button[@data-kt=\"addOverflowToolbarButton\"]"}
RESULT: {"using":"xpath","value":"//button[@data-kt=\"addOverflowToolbarButton\"]"}
COMMAND: POST /session/8b9d24fb39cbfc9e79ab89721a1c9e7d/elements - {"using":"xpath","value":"//button[@data-kt=\"addOverflowToolbarButton\"]"}
RESULT: {"using":"xpath","value":"//button[@data-kt=\"addOverflowToolbarButton\"]"}
COMMAND: POST /session/8b9d24fb39cbfc9e79ab89721a1c9e7d/execute/sync - {"script":"<script> [8489 bytes]","args":[{"element-6066-11e4-a52e-4f735466cecf":"f.7652131D378371FA98FE7F43E0E28151.d.CEC866BC41D485CD844FF1B138EB7D07.e.13470","ELEMENT":"f.7652131D378371FA98FE7F43E0E28151.d.CEC866BC41D485CD844FF1B138EB7D07.e.13470"}]}
RESULT: {"script":"<script> [8489 bytes]","args":[{"element-6066-11e4-a52e-4f735466cecf":"f.7652131D378371FA98FE7F43E0E28151.d.CEC866BC41D485CD844FF1B138EB7D07.e.13470","ELEMENT":"f.7652131D378371FA98FE7F43E0E28151.d.CEC866BC41D485CD844FF1B138EB7D07.e.13470"}]}
COMMAND: GET /session/8b9d24fb39cbfc9e79ab89721a1c9e7d/element/f.7652131D378371FA98FE7F43E0E28151.d.CEC866BC41D485CD844FF1B138EB7D07.e.13470/enabled - {}
COMMAND: GET /session/8b9d24fb39cbfc9e79ab89721a1c9e7d/screenshot - {}
RESULT: {}
COMMAND: POST /session/8b9d24fb39cbfc9e79ab89721a1c9e7d/execute/sync - {"script":"<script> [8489 bytes]","args":[{"element-6066-11e4-a52e-4f735466cecf":"f.7652131D378371FA98FE7F43E0E28151.d.CEC866BC41D485CD844FF1B138EB7D07.e.13470","ELEMENT":"f.7652131D378371FA98FE7F43E0E28151.d.CEC866BC41D485CD844FF1B138EB7D07.e.13470"}]}
COMMAND: GET /session/8b9d24fb39cbfc9e79ab89721a1c9e7d/screenshot - {}
RESULT: {}
RESULT: {"script":"<script> [8489 bytes]","args":[{"element-6066-11e4-a52e-4f735466cecf":"f.7652131D378371FA98FE7F43E0E28151.d.CEC866BC41D485CD844FF1B138EB7D07.e.13470","ELEMENT":"f.7652131D378371FA98FE7F43E0E28151.d.CEC866BC41D485CD844FF1B138EB7D07.e.13470"}]}
COMMAND: POST /session/8b9d24fb39cbfc9e79ab89721a1c9e7d/execute/sync - {"script":"<script> [5351 bytes]","args":[{"element-6066-11e4-a52e-4f735466cecf":"f.7652131D378371FA98FE7F43E0E28151.d.CEC866BC41D485CD844FF1B138EB7D07.e.13470","ELEMENT":"f.7652131D378371FA98FE7F43E0E28151.d.CEC866BC41D485CD844FF1B138EB7D07.e.13470"}]}
COMMAND: GET /session/8b9d24fb39cbfc9e79ab89721a1c9e7d/screenshot - {}
RESULT: {}
RESULT: {"script":"<script> [5351 bytes]","args":[{"element-6066-11e4-a52e-4f735466cecf":"f.7652131D378371FA98FE7F43E0E28151.d.CEC866BC41D485CD844FF1B138EB7D07.e.13470","ELEMENT":"f.7652131D378371FA98FE7F43E0E28151.d.CEC866BC41D485CD844FF1B138EB7D07.e.13470"}]}
COMMAND: POST /session/8b9d24fb39cbfc9e79ab89721a1c9e7d/element/f.7652131D378371FA98FE7F43E0E28151.d.CEC866BC41D485CD844FF1B138EB7D07.e.13470/click - {}
COMMAND: GET /session/8b9d24fb39cbfc9e79ab89721a1c9e7d/screenshot - {}
RESULT: {}
RESULT: {}
COMMAND: GET /session/8b9d24fb39cbfc9e79ab89721a1c9e7d/screenshot - {}
RESULT: {}
RESULT: {}
COMMAND: POST /session/8b9d24fb39cbfc9e79ab89721a1c9e7d/element - {"using":"xpath","value":"//input[@id=\"application-managesites-display-component---NewSite--siteId-inner\"]"}
RESULT: {"using":"xpath","value":"//input[@id=\"application-managesites-display-component---NewSite--siteId-inner\"]"}
COMMAND: POST /session/8b9d24fb39cbfc9e79ab89721a1c9e7d/element - {"using":"xpath","value":"//input[@id=\"application-managesites-display-component---NewSite--siteId-inner\"]"}
RESULT: {"using":"xpath","value":"//input[@id=\"application-managesites-display-component---NewSite--siteId-inner\"]"}
COMMAND: POST /session/8b9d24fb39cbfc9e79ab89721a1c9e7d/execute/async - {"script":"<script> [1562 bytes]","args":[{"selector":{"id":"application-managesites-display-component---NewSite--addressDetailDetailsName1","interaction":{"idSuffix":"inner"}},"wdio_ui5_key":"applicationmanagesites-display-component---NewSite--addressDetailDetailsName1"}]}
RESULT: {"script":"<script> [1562 bytes]","args":[{"selector":{"id":"application-managesites-display-component---NewSite--addressDetailDetailsName1","interaction":{"idSuffix":"inner"}},"wdio_ui5_key":"applicationmanagesites-display-component---NewSite--addressDetailDetailsName1"}]}
RESULT: undefined
COMMAND: POST /session/8b9d24fb39cbfc9e79ab89721a1c9e7d/execute/async - {"script":"<script> [776 bytes]","args":[{"enterText":"Other Type Site WDIO","selector":{"id":"application-managesites-display-component---NewSite--addressDetailDetailsName1","interaction":{"idSuffix":"inner"}},"clearTextFirst":true,"interactionType":"ENTER_TEXT"}]}
RESULT: {"script":"<script> [776 bytes]","args":[{"enterText":"Other Type Site WDIO","selector":{"id":"application-managesites-display-component---NewSite--addressDetailDetailsName1","interaction":{"idSuffix":"inner"}},"clearTextFirst":true,"interactionType":"ENTER_TEXT"}]}
COMMAND: POST /session/8b9d24fb39cbfc9e79ab89721a1c9e7d/execute/async - {"script":"<script> [1562 bytes]","args":[{"selector":{"id":"application-managesites-display-component---NewSite--addressDetailDetailsLanguage-arrow"},"wdio_ui5_key":"applicationmanagesites-display-component---NewSite--addressDetailDetailsLanguage-arrow"}]}
RESULT: {"script":"<script> [1562 bytes]","args":[{"selector":{"id":"application-managesites-display-component---NewSite--addressDetailDetailsLanguage-arrow"},"wdio_ui5_key":"applicationmanagesites-display-component---NewSite--addressDetailDetailsLanguage-arrow"}]}
RESULT: undefined
COMMAND: POST /session/8b9d24fb39cbfc9e79ab89721a1c9e7d/element - {"using":"xpath","value":"//*[@id=\"application-managesites-display-component---NewSite--addressDetailDetailsLanguage-arrow\"]"}
RESULT: {"using":"xpath","value":"//*[@id=\"application-managesites-display-component---NewSite--addressDetailDetailsLanguage-arrow\"]"}
COMMAND: POST /session/8b9d24fb39cbfc9e79ab89721a1c9e7d/element/f.7652131D378371FA98FE7F43E0E28151.d.CEC866BC41D485CD844FF1B138EB7D07.e.13847/click - {}
RESULT: {}
COMMAND: POST /session/8b9d24fb39cbfc9e79ab89721a1c9e7d/element - {"using":"xpath","value":"//span[contains(text(), \"English\")]"}
COMMAND: GET /session/8b9d24fb39cbfc9e79ab89721a1c9e7d/screenshot - {}
RESULT: {"using":"xpath","value":"//span[contains(text(), \"English\")]"}
COMMAND: POST /session/8b9d24fb39cbfc9e79ab89721a1c9e7d/element/f.7652131D378371FA98FE7F43E0E28151.d.CEC866BC41D485CD844FF1B138EB7D07.e.13848/click - {}
RESULT: {}
RESULT: {}
COMMAND: POST /session/8b9d24fb39cbfc9e79ab89721a1c9e7d/execute/async - {"script":"<script> [1562 bytes]","args":[{"selector":{"id":"application-managesites-display-component---NewSite--addressDetailDetailsCity1","interaction":{"idSuffix":"inner"}},"wdio_ui5_key":"applicationmanagesites-display-component---NewSite--addressDetailDetailsCity1"}]}
COMMAND: GET /session/8b9d24fb39cbfc9e79ab89721a1c9e7d/screenshot - {}
RESULT: {"script":"<script> [1562 bytes]","args":[{"selector":{"id":"application-managesites-display-component---NewSite--addressDetailDetailsCity1","interaction":{"idSuffix":"inner"}},"wdio_ui5_key":"applicationmanagesites-display-component---NewSite--addressDetailDetailsCity1"}]}
RESULT: undefined
COMMAND: POST /session/8b9d24fb39cbfc9e79ab89721a1c9e7d/execute/async - {"script":"<script> [776 bytes]","args":[{"enterText":"Rosario","selector":{"id":"application-managesites-display-component---NewSite--addressDetailDetailsCity1","interaction":{"idSuffix":"inner"}},"clearTextFirst":true,"interactionType":"ENTER_TEXT"}]}
RESULT: {}
RESULT: {"script":"<script> [776 bytes]","args":[{"enterText":"Rosario","selector":{"id":"application-managesites-display-component---NewSite--addressDetailDetailsCity1","interaction":{"idSuffix":"inner"}},"clearTextFirst":true,"interactionType":"ENTER_TEXT"}]}
COMMAND: POST /session/8b9d24fb39cbfc9e79ab89721a1c9e7d/execute/async - {"script":"<script> [1562 bytes]","args":[{"selector":{"id":"application-managesites-display-component---NewSite--addressDetailDetailsCountry-arrow"},"wdio_ui5_key":"applicationmanagesites-display-component---NewSite--addressDetailDetailsCountry-arrow"}]}
RESULT: {"script":"<script> [1562 bytes]","args":[{"selector":{"id":"application-managesites-display-component---NewSite--addressDetailDetailsCountry-arrow"},"wdio_ui5_key":"applicationmanagesites-display-component---NewSite--addressDetailDetailsCountry-arrow"}]}
RESULT: undefined
COMMAND: POST /session/8b9d24fb39cbfc9e79ab89721a1c9e7d/element - {"using":"xpath","value":"//*[@id=\"application-managesites-display-component---NewSite--addressDetailDetailsCountry-arrow\"]"}
RESULT: {"using":"xpath","value":"//*[@id=\"application-managesites-display-component---NewSite--addressDetailDetailsCountry-arrow\"]"}
COMMAND: POST /session/8b9d24fb39cbfc9e79ab89721a1c9e7d/element/f.7652131D378371FA98FE7F43E0E28151.d.CEC866BC41D485CD844FF1B138EB7D07.e.13850/click - {}
RESULT: {}
COMMAND: POST /session/8b9d24fb39cbfc9e79ab89721a1c9e7d/element - {"using":"xpath","value":"//span[contains(text(), \"Argentina\")]"}
COMMAND: GET /session/8b9d24fb39cbfc9e79ab89721a1c9e7d/screenshot - {}
RESULT: {"using":"xpath","value":"//span[contains(text(), \"Argentina\")]"}
COMMAND: POST /session/8b9d24fb39cbfc9e79ab89721a1c9e7d/element/f.7652131D378371FA98FE7F43E0E28151.d.CEC866BC41D485CD844FF1B138EB7D07.e.13851/click - {}
RESULT: {}
RESULT: {}
COMMAND: GET /session/8b9d24fb39cbfc9e79ab89721a1c9e7d/screenshot - {}
RESULT: {}
COMMAND: POST /session/8b9d24fb39cbfc9e79ab89721a1c9e7d/execute/async - {"script":"<script> [1562 bytes]","args":[{"selector":{"id":"application-managesites-display-component---NewSite--addressEditDetailsCostObjectCstType-arrow"},"wdio_ui5_key":"applicationmanagesites-display-component---NewSite--addressEditDetailsCostObjectCstType-arrow"}]}
RESULT: {"script":"<script> [1562 bytes]","args":[{"selector":{"id":"application-managesites-display-component---NewSite--addressEditDetailsCostObjectCstType-arrow"},"wdio_ui5_key":"applicationmanagesites-display-component---NewSite--addressEditDetailsCostObjectCstType-arrow"}]}
RESULT: undefined
COMMAND: POST /session/8b9d24fb39cbfc9e79ab89721a1c9e7d/element - {"using":"xpath","value":"//*[@id=\"application-managesites-display-component---NewSite--addressEditDetailsCostObjectCstType-arrow\"]"}
RESULT: {"using":"xpath","value":"//*[@id=\"application-managesites-display-component---NewSite--addressEditDetailsCostObjectCstType-arrow\"]"}
COMMAND: POST /session/8b9d24fb39cbfc9e79ab89721a1c9e7d/element/f.7652131D378371FA98FE7F43E0E28151.d.CEC866BC41D485CD844FF1B138EB7D07.e.13853/click - {}
RESULT: {}
COMMAND: POST /session/8b9d24fb39cbfc9e79ab89721a1c9e7d/element - {"using":"xpath","value":"//span[contains(text(), \"Cost Center\")]"}
COMMAND: GET /session/8b9d24fb39cbfc9e79ab89721a1c9e7d/screenshot - {}
RESULT: {"using":"xpath","value":"//span[contains(text(), \"Cost Center\")]"}
COMMAND: POST /session/8b9d24fb39cbfc9e79ab89721a1c9e7d/element/f.7652131D378371FA98FE7F43E0E28151.d.CEC866BC41D485CD844FF1B138EB7D07.e.13855/click - {}
RESULT: {}
RESULT: {}
COMMAND: GET /session/8b9d24fb39cbfc9e79ab89721a1c9e7d/screenshot - {}
RESULT: {}
COMMAND: POST /session/8b9d24fb39cbfc9e79ab89721a1c9e7d/element - {"using":"xpath","value":"//span[@id=\"application-managesites-display-component---NewSite--addressNewCostObjectCstID-vhi\"]"}
RESULT: {"using":"xpath","value":"//span[@id=\"application-managesites-display-component---NewSite--addressNewCostObjectCstID-vhi\"]"}
COMMAND: POST /session/8b9d24fb39cbfc9e79ab89721a1c9e7d/execute/sync - {"script":"<script> [8489 bytes]","args":[{"element-6066-11e4-a52e-4f735466cecf":"f.7652131D378371FA98FE7F43E0E28151.d.CEC866BC41D485CD844FF1B138EB7D07.e.13859","ELEMENT":"f.7652131D378371FA98FE7F43E0E28151.d.CEC866BC41D485CD844FF1B138EB7D07.e.13859"}]}
RESULT: {"script":"<script> [8489 bytes]","args":[{"element-6066-11e4-a52e-4f735466cecf":"f.7652131D378371FA98FE7F43E0E28151.d.CEC866BC41D485CD844FF1B138EB7D07.e.13859","ELEMENT":"f.7652131D378371FA98FE7F43E0E28151.d.CEC866BC41D485CD844FF1B138EB7D07.e.13859"}]}
COMMAND: POST /session/8b9d24fb39cbfc9e79ab89721a1c9e7d/execute/async - {"script":"<script> [1562 bytes]","args":[{"selector":{"id":"application-managesites-display-component---NewSite--addressNewCostObjectCstID-vhi"},"wdio_ui5_key":"applicationmanagesites-display-component---NewSite--addressNewCostObjectCstID-vhi"}]}
COMMAND: GET /session/8b9d24fb39cbfc9e79ab89721a1c9e7d/screenshot - {}
RESULT: {"script":"<script> [1562 bytes]","args":[{"selector":{"id":"application-managesites-display-component---NewSite--addressNewCostObjectCstID-vhi"},"wdio_ui5_key":"applicationmanagesites-display-component---NewSite--addressNewCostObjectCstID-vhi"}]}
RESULT: undefined
COMMAND: POST /session/8b9d24fb39cbfc9e79ab89721a1c9e7d/element - {"using":"xpath","value":"//*[@id=\"application-managesites-display-component---NewSite--addressNewCostObjectCstID-vhi\"]"}
RESULT: {}
RESULT: {"using":"xpath","value":"//*[@id=\"application-managesites-display-component---NewSite--addressNewCostObjectCstID-vhi\"]"}
COMMAND: POST /session/8b9d24fb39cbfc9e79ab89721a1c9e7d/element/f.7652131D378371FA98FE7F43E0E28151.d.CEC866BC41D485CD844FF1B138EB7D07.e.13859/click - {}
RESULT: {}
COMMAND: GET /session/8b9d24fb39cbfc9e79ab89721a1c9e7d/screenshot - {}
RESULT: {}
RESULT: undefined
COMMAND: POST /session/8b9d24fb39cbfc9e79ab89721a1c9e7d/execute/async - {"script":"<script> [776 bytes]","args":[{"enterText":"10001013","selector":{"controlType":"sap.m.SearchField","properties":{"placeholder":"Search"},"searchOpenDialogs":true,"interaction":{"idSuffix":"I"}},"clearTextFirst":true,"interactionType":"ENTER_TEXT"}]}
RESULT: {"script":"<script> [776 bytes]","args":[{"enterText":"10001013","selector":{"controlType":"sap.m.SearchField","properties":{"placeholder":"Search"},"searchOpenDialogs":true,"interaction":{"idSuffix":"I"}},"clearTextFirst":true,"interactionType":"ENTER_TEXT"}]}
COMMAND: POST /session/8b9d24fb39cbfc9e79ab89721a1c9e7d/actions - {"actions":[{"id":"action41","type":"key","parameters":{},"actions":[{"type":"keyDown","value":""},{"type":"pause","duration":10},{"type":"keyUp","value":""}]}]}
RESULT: {"actions":[{"id":"action41","type":"key","parameters":{},"actions":[{"type":"keyDown","value":""},{"type":"pause","duration":10},{"type":"keyUp","value":""}]}]}
COMMAND: GET /session/8b9d24fb39cbfc9e79ab89721a1c9e7d/screenshot - {}
RESULT: {}
COMMAND: POST /session/8b9d24fb39cbfc9e79ab89721a1c9e7d/element - {"using":"xpath","value":"//span[contains(text(), \"General Management\")]"}
RESULT: {"using":"xpath","value":"//span[contains(text(), \"General Management\")]"}
COMMAND: POST /session/8b9d24fb39cbfc9e79ab89721a1c9e7d/element/f.7652131D378371FA98FE7F43E0E28151.d.CEC866BC41D485CD844FF1B138EB7D07.e.13899/click - {}
RESULT: {}
COMMAND: GET /session/8b9d24fb39cbfc9e79ab89721a1c9e7d/screenshot - {}
RESULT: {}
COMMAND: POST /session/8b9d24fb39cbfc9e79ab89721a1c9e7d/element - {"using":"xpath","value":"//bdi[contains(text(), \"OK\")]"}
RESULT: {"using":"xpath","value":"//bdi[contains(text(), \"OK\")]"}
COMMAND: POST /session/8b9d24fb39cbfc9e79ab89721a1c9e7d/element/f.7652131D378371FA98FE7F43E0E28151.d.CEC866BC41D485CD844FF1B138EB7D07.e.13900/click - {}
RESULT: {}
COMMAND: GET /session/8b9d24fb39cbfc9e79ab89721a1c9e7d/screenshot - {}
RESULT: {}
COMMAND: POST /session/8b9d24fb39cbfc9e79ab89721a1c9e7d/element - {"using":"xpath","value":"//input[@id=\"application-managesites-display-component---NewSite--addressDetailDetailsCalendar-inner\"]"}
RESULT: {"using":"xpath","value":"//input[@id=\"application-managesites-display-component---NewSite--addressDetailDetailsCalendar-inner\"]"}
COMMAND: POST /session/8b9d24fb39cbfc9e79ab89721a1c9e7d/element/f.7652131D378371FA98FE7F43E0E28151.d.CEC866BC41D485CD844FF1B138EB7D07.e.13651/clear - {}
RESULT: {}
COMMAND: POST /session/8b9d24fb39cbfc9e79ab89721a1c9e7d/element/f.7652131D378371FA98FE7F43E0E28151.d.CEC866BC41D485CD844FF1B138EB7D07.e.13651/value - {"text":"Unit"}
COMMAND: GET /session/8b9d24fb39cbfc9e79ab89721a1c9e7d/screenshot - {}
RESULT: {"text":"Unit"}
COMMAND: GET /session/8b9d24fb39cbfc9e79ab89721a1c9e7d/screenshot - {}
RESULT: {}
RESULT: {}
COMMAND: POST /session/8b9d24fb39cbfc9e79ab89721a1c9e7d/actions - {"actions":[{"id":"action42","type":"key","parameters":{},"actions":[{"type":"keyDown","value":""},{"type":"pause","duration":10},{"type":"keyUp","value":""}]}]}
RESULT: {"actions":[{"id":"action42","type":"key","parameters":{},"actions":[{"type":"keyDown","value":""},{"type":"pause","duration":10},{"type":"keyUp","value":""}]}]}
COMMAND: POST /session/8b9d24fb39cbfc9e79ab89721a1c9e7d/element - {"using":"xpath","value":"//input[@id=\"application-managesites-display-component---NewSite--addressDetailDetailsYard-inner\"]"}
COMMAND: GET /session/8b9d24fb39cbfc9e79ab89721a1c9e7d/screenshot - {}
RESULT: {"using":"xpath","value":"//input[@id=\"application-managesites-display-component---NewSite--addressDetailDetailsYard-inner\"]"}
COMMAND: POST /session/8b9d24fb39cbfc9e79ab89721a1c9e7d/element/f.7652131D378371FA98FE7F43E0E28151.d.CEC866BC41D485CD844FF1B138EB7D07.e.13652/clear - {}
RESULT: {}
RESULT: {}
COMMAND: POST /session/8b9d24fb39cbfc9e79ab89721a1c9e7d/element/f.7652131D378371FA98FE7F43E0E28151.d.CEC866BC41D485CD844FF1B138EB7D07.e.13652/value - {"text":"242"}
COMMAND: GET /session/8b9d24fb39cbfc9e79ab89721a1c9e7d/screenshot - {}
RESULT: {"text":"242"}
COMMAND: GET /session/8b9d24fb39cbfc9e79ab89721a1c9e7d/screenshot - {}
RESULT: {}
RESULT: {}
COMMAND: POST /session/8b9d24fb39cbfc9e79ab89721a1c9e7d/element - {"using":"xpath","value":"//li[.//span[text()='242']]"}
RESULT: {"using":"xpath","value":"//li[.//span[text()='242']]"}
COMMAND: POST /session/8b9d24fb39cbfc9e79ab89721a1c9e7d/element/f.7652131D378371FA98FE7F43E0E28151.d.CEC866BC41D485CD844FF1B138EB7D07.e.13908/click - {}
RESULT: {}
COMMAND: GET /session/8b9d24fb39cbfc9e79ab89721a1c9e7d/screenshot - {}
RESULT: {}
COMMAND: POST /session/8b9d24fb39cbfc9e79ab89721a1c9e7d/element - {"using":"xpath","value":"//input[@id=\"application-managesites-display-component---NewSite--addressDetailDetailsPartner-inner\"]"}
RESULT: {"using":"xpath","value":"//input[@id=\"application-managesites-display-component---NewSite--addressDetailDetailsPartner-inner\"]"}
COMMAND: POST /session/8b9d24fb39cbfc9e79ab89721a1c9e7d/element - {"using":"xpath","value":"//input[@id=\"application-managesites-display-component---NewSite--addressDetailDetailsPartner-inner\"]"}
RESULT: {"using":"xpath","value":"//input[@id=\"application-managesites-display-component---NewSite--addressDetailDetailsPartner-inner\"]"}
COMMAND: POST /session/8b9d24fb39cbfc9e79ab89721a1c9e7d/element - {"using":"xpath","value":"//button[@data-kt=\"saveButton\"]"}
RESULT: {"using":"xpath","value":"//button[@data-kt=\"saveButton\"]"}
COMMAND: POST /session/8b9d24fb39cbfc9e79ab89721a1c9e7d/element/f.7652131D378371FA98FE7F43E0E28151.d.CEC866BC41D485CD844FF1B138EB7D07.e.13827/click - {}
RESULT: {}
COMMAND: GET /session/8b9d24fb39cbfc9e79ab89721a1c9e7d/screenshot - {}
COMMAND: POST /session/8b9d24fb39cbfc9e79ab89721a1c9e7d/element - {"using":"xpath","value":"//header[contains(@id, 'ObjectPageLayout-headerTitle')]/div[1]/div[2]/div[2]/span[1]"}
RESULT: {}
RESULT: {"using":"xpath","value":"//header[contains(@id, 'ObjectPageLayout-headerTitle')]/div[1]/div[2]/div[2]/span[1]"}
COMMAND: POST /session/8b9d24fb39cbfc9e79ab89721a1c9e7d/elements - {"using":"xpath","value":"//header[contains(@id, 'ObjectPageLayout-headerTitle')]/div[1]/div[2]/div[2]/span[1]"}
RESULT: {"using":"xpath","value":"//header[contains(@id, 'ObjectPageLayout-headerTitle')]/div[1]/div[2]/div[2]/span[1]"}
COMMAND: POST /session/8b9d24fb39cbfc9e79ab89721a1c9e7d/execute/sync - {"script":"<script> [56 bytes]","args":[{"element-6066-11e4-a52e-4f735466cecf":"f.7652131D378371FA98FE7F43E0E28151.d.CEC866BC41D485CD844FF1B138EB7D07.e.14103","ELEMENT":"f.7652131D378371FA98FE7F43E0E28151.d.CEC866BC41D485CD844FF1B138EB7D07.e.14103"}]}
RESULT: {"script":"<script> [56 bytes]","args":[{"element-6066-11e4-a52e-4f735466cecf":"f.7652131D378371FA98FE7F43E0E28151.d.CEC866BC41D485CD844FF1B138EB7D07.e.14103","ELEMENT":"f.7652131D378371FA98FE7F43E0E28151.d.CEC866BC41D485CD844FF1B138EB7D07.e.14103"}]}
COMMAND: POST /session/8b9d24fb39cbfc9e79ab89721a1c9e7d/element - {"using":"css selector","value":"#shell-header-logo"}
COMMAND: GET /session/8b9d24fb39cbfc9e79ab89721a1c9e7d/screenshot - {}
RESULT: {"using":"css selector","value":"#shell-header-logo"}
COMMAND: POST /session/8b9d24fb39cbfc9e79ab89721a1c9e7d/element/f.7652131D378371FA98FE7F43E0E28151.d.CEC866BC41D485CD844FF1B138EB7D07.e.13435/click - {}
RESULT: {}
RESULT: {}
COMMAND: GET /session/8b9d24fb39cbfc9e79ab89721a1c9e7d/screenshot - {}
RESULT: {}
COMMAND: POST /session/8b9d24fb39cbfc9e79ab89721a1c9e7d/execute/sync - {"script":"<script> [299 bytes]","args":[["getModel","getResource"]]}
RESULT: {"script":"<script> [299 bytes]","args":[["getModel","getResource"]]}
]]></system-out>
    </testcase>
    <testcase classname="chrome.137_0_7151_69.windows.Provide_to_Site_w/o_warehouse_management_w/_clarification_US116605" name="Should create a new material" time="121.946">
      <system-out><![CDATA[
COMMAND: POST /session/8b9d24fb39cbfc9e79ab89721a1c9e7d/execute/async - {"script":"<script> [1562 bytes]","args":[{"selector":{"controlType":"sap.m.GenericTile","properties":{"header":"Manage Resources"}},"wdio_ui5_key":"sapm.GenericTile{\"header\":\"Manage Resources\"}"}]}
COMMAND: GET /session/8b9d24fb39cbfc9e79ab89721a1c9e7d/screenshot - {}
RESULT: {"script":"<script> [1562 bytes]","args":[{"selector":{"controlType":"sap.m.GenericTile","properties":{"header":"Manage Resources"}},"wdio_ui5_key":"sapm.GenericTile{\"header\":\"Manage Resources\"}"}]}
RESULT: undefined
COMMAND: POST /session/8b9d24fb39cbfc9e79ab89721a1c9e7d/element - {"using":"xpath","value":"//*[@id=\"__tile32\"]"}
RESULT: {}
RESULT: {"using":"xpath","value":"//*[@id=\"__tile32\"]"}
COMMAND: POST /session/8b9d24fb39cbfc9e79ab89721a1c9e7d/element/f.7652131D378371FA98FE7F43E0E28151.d.CEC866BC41D485CD844FF1B138EB7D07.e.11911/click - {}
RESULT: {}
COMMAND: GET /session/8b9d24fb39cbfc9e79ab89721a1c9e7d/screenshot - {}
RESULT: {}
COMMAND: POST /session/8b9d24fb39cbfc9e79ab89721a1c9e7d/elements - {"using":"xpath","value":"//span[text()='Error']"}
RESULT: {"using":"xpath","value":"//span[text()='Error']"}
COMMAND: POST /session/8b9d24fb39cbfc9e79ab89721a1c9e7d/element - {"using":"xpath","value":"//button[@data-kt=\"addNewRUOverflowToolbarButton\"]"}
RESULT: {"using":"xpath","value":"//button[@data-kt=\"addNewRUOverflowToolbarButton\"]"}
COMMAND: POST /session/8b9d24fb39cbfc9e79ab89721a1c9e7d/elements - {"using":"xpath","value":"//button[@data-kt=\"addNewRUOverflowToolbarButton\"]"}
RESULT: {"using":"xpath","value":"//button[@data-kt=\"addNewRUOverflowToolbarButton\"]"}
COMMAND: POST /session/8b9d24fb39cbfc9e79ab89721a1c9e7d/execute/sync - {"script":"<script> [8489 bytes]","args":[{"element-6066-11e4-a52e-4f735466cecf":"f.7652131D378371FA98FE7F43E0E28151.d.CEC866BC41D485CD844FF1B138EB7D07.e.14144","ELEMENT":"f.7652131D378371FA98FE7F43E0E28151.d.CEC866BC41D485CD844FF1B138EB7D07.e.14144"}]}
RESULT: {"script":"<script> [8489 bytes]","args":[{"element-6066-11e4-a52e-4f735466cecf":"f.7652131D378371FA98FE7F43E0E28151.d.CEC866BC41D485CD844FF1B138EB7D07.e.14144","ELEMENT":"f.7652131D378371FA98FE7F43E0E28151.d.CEC866BC41D485CD844FF1B138EB7D07.e.14144"}]}
COMMAND: GET /session/8b9d24fb39cbfc9e79ab89721a1c9e7d/element/f.7652131D378371FA98FE7F43E0E28151.d.CEC866BC41D485CD844FF1B138EB7D07.e.14144/enabled - {}
COMMAND: GET /session/8b9d24fb39cbfc9e79ab89721a1c9e7d/screenshot - {}
RESULT: {}
COMMAND: POST /session/8b9d24fb39cbfc9e79ab89721a1c9e7d/execute/sync - {"script":"<script> [8489 bytes]","args":[{"element-6066-11e4-a52e-4f735466cecf":"f.7652131D378371FA98FE7F43E0E28151.d.CEC866BC41D485CD844FF1B138EB7D07.e.14144","ELEMENT":"f.7652131D378371FA98FE7F43E0E28151.d.CEC866BC41D485CD844FF1B138EB7D07.e.14144"}]}
COMMAND: GET /session/8b9d24fb39cbfc9e79ab89721a1c9e7d/screenshot - {}
RESULT: {}
RESULT: {"script":"<script> [8489 bytes]","args":[{"element-6066-11e4-a52e-4f735466cecf":"f.7652131D378371FA98FE7F43E0E28151.d.CEC866BC41D485CD844FF1B138EB7D07.e.14144","ELEMENT":"f.7652131D378371FA98FE7F43E0E28151.d.CEC866BC41D485CD844FF1B138EB7D07.e.14144"}]}
COMMAND: POST /session/8b9d24fb39cbfc9e79ab89721a1c9e7d/execute/sync - {"script":"<script> [5351 bytes]","args":[{"element-6066-11e4-a52e-4f735466cecf":"f.7652131D378371FA98FE7F43E0E28151.d.CEC866BC41D485CD844FF1B138EB7D07.e.14144","ELEMENT":"f.7652131D378371FA98FE7F43E0E28151.d.CEC866BC41D485CD844FF1B138EB7D07.e.14144"}]}
COMMAND: GET /session/8b9d24fb39cbfc9e79ab89721a1c9e7d/screenshot - {}
RESULT: {}
RESULT: {"script":"<script> [5351 bytes]","args":[{"element-6066-11e4-a52e-4f735466cecf":"f.7652131D378371FA98FE7F43E0E28151.d.CEC866BC41D485CD844FF1B138EB7D07.e.14144","ELEMENT":"f.7652131D378371FA98FE7F43E0E28151.d.CEC866BC41D485CD844FF1B138EB7D07.e.14144"}]}
COMMAND: POST /session/8b9d24fb39cbfc9e79ab89721a1c9e7d/element/f.7652131D378371FA98FE7F43E0E28151.d.CEC866BC41D485CD844FF1B138EB7D07.e.14144/click - {}
COMMAND: GET /session/8b9d24fb39cbfc9e79ab89721a1c9e7d/screenshot - {}
RESULT: {}
RESULT: {}
COMMAND: GET /session/8b9d24fb39cbfc9e79ab89721a1c9e7d/screenshot - {}
COMMAND: POST /session/8b9d24fb39cbfc9e79ab89721a1c9e7d/execute/async - {"script":"<script> [1562 bytes]","args":[{"selector":{"id":"application-manageresources-display-component---newResourceUnit--TYPE-arrow"},"wdio_ui5_key":"applicationmanageresources-display-component---newResourceUnit--TYPE-arrow"}]}
RESULT: {}
RESULT: {}
RESULT: {"script":"<script> [1562 bytes]","args":[{"selector":{"id":"application-manageresources-display-component---newResourceUnit--TYPE-arrow"},"wdio_ui5_key":"applicationmanageresources-display-component---newResourceUnit--TYPE-arrow"}]}
RESULT: undefined
COMMAND: POST /session/8b9d24fb39cbfc9e79ab89721a1c9e7d/element - {"using":"xpath","value":"//*[@id=\"application-manageresources-display-component---newResourceUnit--TYPE-arrow\"]"}
RESULT: {"using":"xpath","value":"//*[@id=\"application-manageresources-display-component---newResourceUnit--TYPE-arrow\"]"}
COMMAND: POST /session/8b9d24fb39cbfc9e79ab89721a1c9e7d/element/f.7652131D378371FA98FE7F43E0E28151.d.CEC866BC41D485CD844FF1B138EB7D07.e.14495/click - {}
RESULT: {}
COMMAND: POST /session/8b9d24fb39cbfc9e79ab89721a1c9e7d/element - {"using":"xpath","value":"//input[@id=\"application-manageresources-display-component---newResourceUnit--TYPE-inner\"]"}
COMMAND: GET /session/8b9d24fb39cbfc9e79ab89721a1c9e7d/screenshot - {}
RESULT: {"using":"xpath","value":"//input[@id=\"application-manageresources-display-component---newResourceUnit--TYPE-inner\"]"}
COMMAND: POST /session/8b9d24fb39cbfc9e79ab89721a1c9e7d/element/f.7652131D378371FA98FE7F43E0E28151.d.CEC866BC41D485CD844FF1B138EB7D07.e.14488/clear - {}
RESULT: {}
RESULT: {}
COMMAND: POST /session/8b9d24fb39cbfc9e79ab89721a1c9e7d/element/f.7652131D378371FA98FE7F43E0E28151.d.CEC866BC41D485CD844FF1B138EB7D07.e.14488/value - {"text":"Material"}
COMMAND: GET /session/8b9d24fb39cbfc9e79ab89721a1c9e7d/screenshot - {}
RESULT: {"text":"Material"}
COMMAND: GET /session/8b9d24fb39cbfc9e79ab89721a1c9e7d/screenshot - {}
RESULT: {}
RESULT: {}
COMMAND: POST /session/8b9d24fb39cbfc9e79ab89721a1c9e7d/actions - {"actions":[{"id":"action43","type":"key","parameters":{},"actions":[{"type":"keyDown","value":""},{"type":"pause","duration":10},{"type":"keyUp","value":""}]}]}
RESULT: undefined
RESULT: {"actions":[{"id":"action43","type":"key","parameters":{},"actions":[{"type":"keyDown","value":""},{"type":"pause","duration":10},{"type":"keyUp","value":""}]}]}
COMMAND: POST /session/8b9d24fb39cbfc9e79ab89721a1c9e7d/execute/async - {"script":"<script> [1562 bytes]","args":[{"selector":{"id":"application-manageresources-display-component---newResourceUnit--SHORT_TEXT","interaction":{"idSuffix":"inner"}},"wdio_ui5_key":"applicationmanageresources-display-component---newResourceUnit--SHORT_TEXT"}]}
COMMAND: GET /session/8b9d24fb39cbfc9e79ab89721a1c9e7d/screenshot - {}
RESULT: {"script":"<script> [1562 bytes]","args":[{"selector":{"id":"application-manageresources-display-component---newResourceUnit--SHORT_TEXT","interaction":{"idSuffix":"inner"}},"wdio_ui5_key":"applicationmanageresources-display-component---newResourceUnit--SHORT_TEXT"}]}
RESULT: undefined
COMMAND: POST /session/8b9d24fb39cbfc9e79ab89721a1c9e7d/execute/async - {"script":"<script> [776 bytes]","args":[{"enterText":"Cement WDIO","selector":{"id":"application-manageresources-display-component---newResourceUnit--SHORT_TEXT","interaction":{"idSuffix":"inner"}},"clearTextFirst":true,"interactionType":"ENTER_TEXT"}]}
RESULT: {}
RESULT: {"script":"<script> [776 bytes]","args":[{"enterText":"Cement WDIO","selector":{"id":"application-manageresources-display-component---newResourceUnit--SHORT_TEXT","interaction":{"idSuffix":"inner"}},"clearTextFirst":true,"interactionType":"ENTER_TEXT"}]}
COMMAND: POST /session/8b9d24fb39cbfc9e79ab89721a1c9e7d/execute/async - {"script":"<script> [1562 bytes]","args":[{"selector":{"id":"application-manageresources-display-component---newResourceUnit--BASE_UNIT_OF_MEASURE","interaction":{"idSuffix":"inner"}},"wdio_ui5_key":"applicationmanageresources-display-component---newResourceUnit--BASE_UNIT_OF_MEASURE"}]}
RESULT: {"script":"<script> [1562 bytes]","args":[{"selector":{"id":"application-manageresources-display-component---newResourceUnit--BASE_UNIT_OF_MEASURE","interaction":{"idSuffix":"inner"}},"wdio_ui5_key":"applicationmanageresources-display-component---newResourceUnit--BASE_UNIT_OF_MEASURE"}]}
RESULT: undefined
COMMAND: POST /session/8b9d24fb39cbfc9e79ab89721a1c9e7d/execute/async - {"script":"<script> [776 bytes]","args":[{"enterText":"Piece","selector":{"id":"application-manageresources-display-component---newResourceUnit--BASE_UNIT_OF_MEASURE","interaction":{"idSuffix":"inner"}},"clearTextFirst":true,"interactionType":"ENTER_TEXT"}]}
RESULT: {"script":"<script> [776 bytes]","args":[{"enterText":"Piece","selector":{"id":"application-manageresources-display-component---newResourceUnit--BASE_UNIT_OF_MEASURE","interaction":{"idSuffix":"inner"}},"clearTextFirst":true,"interactionType":"ENTER_TEXT"}]}
COMMAND: POST /session/8b9d24fb39cbfc9e79ab89721a1c9e7d/execute/async - {"script":"<script> [1562 bytes]","args":[{"selector":{"id":"application-manageresources-display-component---newResourceUnit--WEIGHT_UNIT","interaction":{"idSuffix":"inner"}},"wdio_ui5_key":"applicationmanageresources-display-component---newResourceUnit--WEIGHT_UNIT"}]}
RESULT: {"script":"<script> [1562 bytes]","args":[{"selector":{"id":"application-manageresources-display-component---newResourceUnit--WEIGHT_UNIT","interaction":{"idSuffix":"inner"}},"wdio_ui5_key":"applicationmanageresources-display-component---newResourceUnit--WEIGHT_UNIT"}]}
RESULT: undefined
COMMAND: POST /session/8b9d24fb39cbfc9e79ab89721a1c9e7d/execute/async - {"script":"<script> [776 bytes]","args":[{"enterText":"Gram","selector":{"id":"application-manageresources-display-component---newResourceUnit--WEIGHT_UNIT","interaction":{"idSuffix":"inner"}},"clearTextFirst":true,"interactionType":"ENTER_TEXT"}]}
RESULT: {"script":"<script> [776 bytes]","args":[{"enterText":"Gram","selector":{"id":"application-manageresources-display-component---newResourceUnit--WEIGHT_UNIT","interaction":{"idSuffix":"inner"}},"clearTextFirst":true,"interactionType":"ENTER_TEXT"}]}
COMMAND: POST /session/8b9d24fb39cbfc9e79ab89721a1c9e7d/execute/async - {"script":"<script> [1562 bytes]","args":[{"selector":{"id":"application-manageresources-display-component---newResourceUnit--DIMENSION_UNIT","interaction":{"idSuffix":"inner"}},"wdio_ui5_key":"applicationmanageresources-display-component---newResourceUnit--DIMENSION_UNIT"}]}
RESULT: {"script":"<script> [1562 bytes]","args":[{"selector":{"id":"application-manageresources-display-component---newResourceUnit--DIMENSION_UNIT","interaction":{"idSuffix":"inner"}},"wdio_ui5_key":"applicationmanageresources-display-component---newResourceUnit--DIMENSION_UNIT"}]}
RESULT: undefined
COMMAND: POST /session/8b9d24fb39cbfc9e79ab89721a1c9e7d/execute/async - {"script":"<script> [776 bytes]","args":[{"enterText":"Meter","selector":{"id":"application-manageresources-display-component---newResourceUnit--DIMENSION_UNIT","interaction":{"idSuffix":"inner"}},"clearTextFirst":true,"interactionType":"ENTER_TEXT"}]}
RESULT: {"script":"<script> [776 bytes]","args":[{"enterText":"Meter","selector":{"id":"application-manageresources-display-component---newResourceUnit--DIMENSION_UNIT","interaction":{"idSuffix":"inner"}},"clearTextFirst":true,"interactionType":"ENTER_TEXT"}]}
COMMAND: POST /session/8b9d24fb39cbfc9e79ab89721a1c9e7d/execute/async - {"script":"<script> [1562 bytes]","args":[{"selector":{"id":"application-manageresources-display-component---newResourceUnit--newRRUPage-anchBar-application-manageresources-display-component---newResourceUnit--control-anchor","interaction":{"idSuffix":"BDI-content"}},"wdio_ui5_key":"applicationmanageresources-display-component---newResourceUnit--newRRUPage-anchBar-application-manageresources-display-component---newResourceUnit--control-anchor"}]}
RESULT: {"script":"<script> [1562 bytes]","args":[{"selector":{"id":"application-manageresources-display-component---newResourceUnit--newRRUPage-anchBar-application-manageresources-display-component---newResourceUnit--control-anchor","interaction":{"idSuffix":"BDI-content"}},"wdio_ui5_key":"applicationmanageresources-display-component---newResourceUnit--newRRUPage-anchBar-application-manageresources-display-component---newResourceUnit--control-anchor"}]}
RESULT: undefined
COMMAND: POST /session/8b9d24fb39cbfc9e79ab89721a1c9e7d/element - {"using":"xpath","value":"//*[@id=\"application-manageresources-display-component---newResourceUnit--newRRUPage-anchBar-application-manageresources-display-component---newResourceUnit--control-anchor\"]"}
RESULT: {"using":"xpath","value":"//*[@id=\"application-manageresources-display-component---newResourceUnit--newRRUPage-anchBar-application-manageresources-display-component---newResourceUnit--control-anchor\"]"}
COMMAND: POST /session/8b9d24fb39cbfc9e79ab89721a1c9e7d/element/f.7652131D378371FA98FE7F43E0E28151.d.CEC866BC41D485CD844FF1B138EB7D07.e.14627/click - {}
RESULT: {}
COMMAND: POST /session/8b9d24fb39cbfc9e79ab89721a1c9e7d/execute/async - {"script":"<script> [1562 bytes]","args":[{"selector":{"id":"application-manageresources-display-component---newResourceUnit--PLANNING_GROUP","interaction":{"idSuffix":"inner"}},"wdio_ui5_key":"applicationmanageresources-display-component---newResourceUnit--PLANNING_GROUP"}]}
COMMAND: GET /session/8b9d24fb39cbfc9e79ab89721a1c9e7d/screenshot - {}
RESULT: {"script":"<script> [1562 bytes]","args":[{"selector":{"id":"application-manageresources-display-component---newResourceUnit--PLANNING_GROUP","interaction":{"idSuffix":"inner"}},"wdio_ui5_key":"applicationmanageresources-display-component---newResourceUnit--PLANNING_GROUP"}]}
RESULT: undefined
COMMAND: POST /session/8b9d24fb39cbfc9e79ab89721a1c9e7d/execute/async - {"script":"<script> [776 bytes]","args":[{"enterText":"Material","selector":{"id":"application-manageresources-display-component---newResourceUnit--PLANNING_GROUP","interaction":{"idSuffix":"inner"}},"clearTextFirst":true,"interactionType":"ENTER_TEXT"}]}
RESULT: {}
RESULT: {"script":"<script> [776 bytes]","args":[{"enterText":"Material","selector":{"id":"application-manageresources-display-component---newResourceUnit--PLANNING_GROUP","interaction":{"idSuffix":"inner"}},"clearTextFirst":true,"interactionType":"ENTER_TEXT"}]}
COMMAND: POST /session/8b9d24fb39cbfc9e79ab89721a1c9e7d/execute/async - {"script":"<script> [1562 bytes]","args":[{"selector":{"id":"application-manageresources-display-component---newResourceUnit--PLANNING_INDICATOR","interaction":{"idSuffix":"inner"}},"wdio_ui5_key":"applicationmanageresources-display-component---newResourceUnit--PLANNING_INDICATOR"}]}
RESULT: {"script":"<script> [1562 bytes]","args":[{"selector":{"id":"application-manageresources-display-component---newResourceUnit--PLANNING_INDICATOR","interaction":{"idSuffix":"inner"}},"wdio_ui5_key":"applicationmanageresources-display-component---newResourceUnit--PLANNING_INDICATOR"}]}
RESULT: undefined
COMMAND: POST /session/8b9d24fb39cbfc9e79ab89721a1c9e7d/execute/async - {"script":"<script> [776 bytes]","args":[{"enterText":"10 - infinite","selector":{"id":"application-manageresources-display-component---newResourceUnit--PLANNING_INDICATOR","interaction":{"idSuffix":"inner"}},"clearTextFirst":true,"interactionType":"ENTER_TEXT"}]}
RESULT: {"script":"<script> [776 bytes]","args":[{"enterText":"10 - infinite","selector":{"id":"application-manageresources-display-component---newResourceUnit--PLANNING_INDICATOR","interaction":{"idSuffix":"inner"}},"clearTextFirst":true,"interactionType":"ENTER_TEXT"}]}
COMMAND: POST /session/8b9d24fb39cbfc9e79ab89721a1c9e7d/element - {"using":"css selector","value":"#application-manageresources-display-component---newResourceUnit--btnAddTimeSegment"}
RESULT: {"using":"css selector","value":"#application-manageresources-display-component---newResourceUnit--btnAddTimeSegment"}
COMMAND: GET /session/8b9d24fb39cbfc9e79ab89721a1c9e7d/element/f.7652131D378371FA98FE7F43E0E28151.d.CEC866BC41D485CD844FF1B138EB7D07.e.14637/rect - {}
RESULT: {}
COMMAND: GET /session/8b9d24fb39cbfc9e79ab89721a1c9e7d/window/rect - {}
RESULT: {}
COMMAND: POST /session/8b9d24fb39cbfc9e79ab89721a1c9e7d/execute/sync - {"script":"<script> [92 bytes]","args":[]}
RESULT: {"script":"<script> [92 bytes]","args":[]}
COMMAND: POST /session/8b9d24fb39cbfc9e79ab89721a1c9e7d/actions - {"actions":[{"id":"action44","type":"wheel","parameters":{},"actions":[{"type":"scroll","x":-1888,"y":-32,"deltaX":0,"deltaY":0,"duration":0,"origin":{"element-6066-11e4-a52e-4f735466cecf":"f.7652131D378371FA98FE7F43E0E28151.d.CEC866BC41D485CD844FF1B138EB7D07.e.14637"}}]}]}
COMMAND: GET /session/8b9d24fb39cbfc9e79ab89721a1c9e7d/screenshot - {}
RESULT: {}
COMMAND: POST /session/8b9d24fb39cbfc9e79ab89721a1c9e7d/execute/sync - {"script":"<script> [79 bytes]","args":[{"element-6066-11e4-a52e-4f735466cecf":"f.7652131D378371FA98FE7F43E0E28151.d.CEC866BC41D485CD844FF1B138EB7D07.e.14637","ELEMENT":"f.7652131D378371FA98FE7F43E0E28151.d.CEC866BC41D485CD844FF1B138EB7D07.e.14637"},{"block":"start","inline":"nearest"}]}
RESULT: {"script":"<script> [79 bytes]","args":[{"element-6066-11e4-a52e-4f735466cecf":"f.7652131D378371FA98FE7F43E0E28151.d.CEC866BC41D485CD844FF1B138EB7D07.e.14637","ELEMENT":"f.7652131D378371FA98FE7F43E0E28151.d.CEC866BC41D485CD844FF1B138EB7D07.e.14637"},{"block":"start","inline":"nearest"}]}
COMMAND: POST /session/8b9d24fb39cbfc9e79ab89721a1c9e7d/execute/async - {"script":"<script> [1562 bytes]","args":[{"selector":{"id":"application-manageresources-display-component---newResourceUnit--btnAddTimeSegment","interaction":{"idSuffix":"inner"}},"wdio_ui5_key":"applicationmanageresources-display-component---newResourceUnit--btnAddTimeSegment"}]}
COMMAND: GET /session/8b9d24fb39cbfc9e79ab89721a1c9e7d/screenshot - {}
RESULT: {"script":"<script> [1562 bytes]","args":[{"selector":{"id":"application-manageresources-display-component---newResourceUnit--btnAddTimeSegment","interaction":{"idSuffix":"inner"}},"wdio_ui5_key":"applicationmanageresources-display-component---newResourceUnit--btnAddTimeSegment"}]}
RESULT: undefined
COMMAND: POST /session/8b9d24fb39cbfc9e79ab89721a1c9e7d/element - {"using":"xpath","value":"//*[@id=\"application-manageresources-display-component---newResourceUnit--btnAddTimeSegment\"]"}
RESULT: {}
RESULT: {"using":"xpath","value":"//*[@id=\"application-manageresources-display-component---newResourceUnit--btnAddTimeSegment\"]"}
COMMAND: POST /session/8b9d24fb39cbfc9e79ab89721a1c9e7d/element/f.7652131D378371FA98FE7F43E0E28151.d.CEC866BC41D485CD844FF1B138EB7D07.e.14637/click - {}
RESULT: {}
COMMAND: GET /session/8b9d24fb39cbfc9e79ab89721a1c9e7d/screenshot - {}
RESULT: {}
COMMAND: POST /session/8b9d24fb39cbfc9e79ab89721a1c9e7d/element - {"using":"xpath","value":"//input[@id=\"application-manageresources-display-component---newResourceUnit--idRuTSAdmin-application-manageresources-display-component---newResourceUnit--RUTimeSegment-0-inner\"]"}
RESULT: {"using":"xpath","value":"//input[@id=\"application-manageresources-display-component---newResourceUnit--idRuTSAdmin-application-manageresources-display-component---newResourceUnit--RUTimeSegment-0-inner\"]"}
COMMAND: POST /session/8b9d24fb39cbfc9e79ab89721a1c9e7d/element/f.7652131D378371FA98FE7F43E0E28151.d.CEC866BC41D485CD844FF1B138EB7D07.e.14642/clear - {}
RESULT: {}
COMMAND: POST /session/8b9d24fb39cbfc9e79ab89721a1c9e7d/element/f.7652131D378371FA98FE7F43E0E28151.d.CEC866BC41D485CD844FF1B138EB7D07.e.14642/value - {"text":"242"}
COMMAND: GET /session/8b9d24fb39cbfc9e79ab89721a1c9e7d/screenshot - {}
RESULT: {"text":"242"}
COMMAND: GET /session/8b9d24fb39cbfc9e79ab89721a1c9e7d/screenshot - {}
RESULT: {}
RESULT: {}
COMMAND: POST /session/8b9d24fb39cbfc9e79ab89721a1c9e7d/element - {"using":"xpath","value":"//li[.//span[text()='242']]"}
RESULT: {"using":"xpath","value":"//li[.//span[text()='242']]"}
COMMAND: POST /session/8b9d24fb39cbfc9e79ab89721a1c9e7d/element/f.7652131D378371FA98FE7F43E0E28151.d.CEC866BC41D485CD844FF1B138EB7D07.e.14651/click - {}
RESULT: {}
COMMAND: GET /session/8b9d24fb39cbfc9e79ab89721a1c9e7d/screenshot - {}
RESULT: {}
COMMAND: POST /session/8b9d24fb39cbfc9e79ab89721a1c9e7d/element - {"using":"xpath","value":"(//span[contains(@id, \"-application-manageresources-display-component---newResourceUnit--RUTimeSegment-0-arrow\")])[2]"}
RESULT: {"using":"xpath","value":"(//span[contains(@id, \"-application-manageresources-display-component---newResourceUnit--RUTimeSegment-0-arrow\")])[2]"}
COMMAND: POST /session/8b9d24fb39cbfc9e79ab89721a1c9e7d/element/f.7652131D378371FA98FE7F43E0E28151.d.CEC866BC41D485CD844FF1B138EB7D07.e.14652/click - {}
RESULT: {}
COMMAND: POST /session/8b9d24fb39cbfc9e79ab89721a1c9e7d/element - {"using":"xpath","value":"//span[contains(text(), \"PM Order\")]"}
COMMAND: GET /session/8b9d24fb39cbfc9e79ab89721a1c9e7d/screenshot - {}
RESULT: {"using":"xpath","value":"//span[contains(text(), \"PM Order\")]"}
COMMAND: POST /session/8b9d24fb39cbfc9e79ab89721a1c9e7d/element/f.7652131D378371FA98FE7F43E0E28151.d.CEC866BC41D485CD844FF1B138EB7D07.e.14653/click - {}
RESULT: {}
RESULT: {}
COMMAND: GET /session/8b9d24fb39cbfc9e79ab89721a1c9e7d/screenshot - {}
RESULT: {}
COMMAND: POST /session/8b9d24fb39cbfc9e79ab89721a1c9e7d/element - {"using":"xpath","value":"//td/div/div/div/span[contains(@id, \"newResourceUnit--RUTimeSegment-0-vhi\")][1]"}
RESULT: {"using":"xpath","value":"//td/div/div/div/span[contains(@id, \"newResourceUnit--RUTimeSegment-0-vhi\")][1]"}
COMMAND: GET /session/8b9d24fb39cbfc9e79ab89721a1c9e7d/element/f.7652131D378371FA98FE7F43E0E28151.d.CEC866BC41D485CD844FF1B138EB7D07.e.14657/rect - {}
RESULT: {}
COMMAND: GET /session/8b9d24fb39cbfc9e79ab89721a1c9e7d/window/rect - {}
RESULT: {}
COMMAND: POST /session/8b9d24fb39cbfc9e79ab89721a1c9e7d/execute/sync - {"script":"<script> [92 bytes]","args":[]}
RESULT: {"script":"<script> [92 bytes]","args":[]}
COMMAND: POST /session/8b9d24fb39cbfc9e79ab89721a1c9e7d/actions - {"actions":[{"id":"action45","type":"wheel","parameters":{},"actions":[{"type":"scroll","x":-1888,"y":-24,"deltaX":0,"deltaY":0,"duration":0,"origin":{"element-6066-11e4-a52e-4f735466cecf":"f.7652131D378371FA98FE7F43E0E28151.d.CEC866BC41D485CD844FF1B138EB7D07.e.14657"}}]}]}
COMMAND: GET /session/8b9d24fb39cbfc9e79ab89721a1c9e7d/screenshot - {}
RESULT: {}
COMMAND: POST /session/8b9d24fb39cbfc9e79ab89721a1c9e7d/execute/sync - {"script":"<script> [79 bytes]","args":[{"element-6066-11e4-a52e-4f735466cecf":"f.7652131D378371FA98FE7F43E0E28151.d.CEC866BC41D485CD844FF1B138EB7D07.e.14657","ELEMENT":"f.7652131D378371FA98FE7F43E0E28151.d.CEC866BC41D485CD844FF1B138EB7D07.e.14657"},{"block":"start","inline":"nearest"}]}
RESULT: {"script":"<script> [79 bytes]","args":[{"element-6066-11e4-a52e-4f735466cecf":"f.7652131D378371FA98FE7F43E0E28151.d.CEC866BC41D485CD844FF1B138EB7D07.e.14657","ELEMENT":"f.7652131D378371FA98FE7F43E0E28151.d.CEC866BC41D485CD844FF1B138EB7D07.e.14657"},{"block":"start","inline":"nearest"}]}
COMMAND: GET /session/8b9d24fb39cbfc9e79ab89721a1c9e7d/screenshot - {}
RESULT: {}
COMMAND: POST /session/8b9d24fb39cbfc9e79ab89721a1c9e7d/element/f.7652131D378371FA98FE7F43E0E28151.d.CEC866BC41D485CD844FF1B138EB7D07.e.14657/click - {}
RESULT: {}
COMMAND: GET /session/8b9d24fb39cbfc9e79ab89721a1c9e7d/screenshot - {}
RESULT: {}
RESULT: undefined
COMMAND: POST /session/8b9d24fb39cbfc9e79ab89721a1c9e7d/execute/async - {"script":"<script> [776 bytes]","args":[{"enterText":"4000360","selector":{"controlType":"sap.m.SearchField","properties":{"placeholder":"Search"},"searchOpenDialogs":true,"interaction":{"idSuffix":"I"}},"clearTextFirst":true,"interactionType":"ENTER_TEXT"}]}
RESULT: {"script":"<script> [776 bytes]","args":[{"enterText":"4000360","selector":{"controlType":"sap.m.SearchField","properties":{"placeholder":"Search"},"searchOpenDialogs":true,"interaction":{"idSuffix":"I"}},"clearTextFirst":true,"interactionType":"ENTER_TEXT"}]}
COMMAND: POST /session/8b9d24fb39cbfc9e79ab89721a1c9e7d/actions - {"actions":[{"id":"action46","type":"key","parameters":{},"actions":[{"type":"keyDown","value":""},{"type":"pause","duration":10},{"type":"keyUp","value":""}]}]}
RESULT: {"actions":[{"id":"action46","type":"key","parameters":{},"actions":[{"type":"keyDown","value":""},{"type":"pause","duration":10},{"type":"keyUp","value":""}]}]}
COMMAND: GET /session/8b9d24fb39cbfc9e79ab89721a1c9e7d/screenshot - {}
RESULT: {}
COMMAND: POST /session/8b9d24fb39cbfc9e79ab89721a1c9e7d/element - {"using":"xpath","value":"//td/div/span[contains(text(), \"BGL Vehicles\")]"}
RESULT: {"using":"xpath","value":"//td/div/span[contains(text(), \"BGL Vehicles\")]"}
COMMAND: POST /session/8b9d24fb39cbfc9e79ab89721a1c9e7d/element/f.7652131D378371FA98FE7F43E0E28151.d.CEC866BC41D485CD844FF1B138EB7D07.e.14677/click - {}
RESULT: {}
COMMAND: GET /session/8b9d24fb39cbfc9e79ab89721a1c9e7d/screenshot - {}
RESULT: {}
COMMAND: POST /session/8b9d24fb39cbfc9e79ab89721a1c9e7d/element - {"using":"xpath","value":"//bdi[contains(text(), \"OK\")]"}
RESULT: {"using":"xpath","value":"//bdi[contains(text(), \"OK\")]"}
COMMAND: POST /session/8b9d24fb39cbfc9e79ab89721a1c9e7d/element/f.7652131D378371FA98FE7F43E0E28151.d.CEC866BC41D485CD844FF1B138EB7D07.e.14678/click - {}
RESULT: {}
COMMAND: GET /session/8b9d24fb39cbfc9e79ab89721a1c9e7d/screenshot - {}
RESULT: {}
COMMAND: POST /session/8b9d24fb39cbfc9e79ab89721a1c9e7d/element - {"using":"xpath","value":"//label[contains(@class, 'sapMLabelRequired') and .//bdi[contains(text(), 'Planned Retirement')]]"}
RESULT: {"using":"xpath","value":"//label[contains(@class, 'sapMLabelRequired') and .//bdi[contains(text(), 'Planned Retirement')]]"}
COMMAND: POST /session/8b9d24fb39cbfc9e79ab89721a1c9e7d/elements - {"using":"xpath","value":"//label[contains(@class, 'sapMLabelRequired') and .//bdi[contains(text(), 'Planned Retirement')]]"}
RESULT: {"using":"xpath","value":"//label[contains(@class, 'sapMLabelRequired') and .//bdi[contains(text(), 'Planned Retirement')]]"}
COMMAND: POST /session/8b9d24fb39cbfc9e79ab89721a1c9e7d/element - {"using":"xpath","value":"//button[@data-kt=\"resourceUnitSaveButton\"]"}
RESULT: {"using":"xpath","value":"//button[@data-kt=\"resourceUnitSaveButton\"]"}
COMMAND: POST /session/8b9d24fb39cbfc9e79ab89721a1c9e7d/element/f.7652131D378371FA98FE7F43E0E28151.d.CEC866BC41D485CD844FF1B138EB7D07.e.14512/click - {}
RESULT: {}
COMMAND: GET /session/8b9d24fb39cbfc9e79ab89721a1c9e7d/screenshot - {}
RESULT: {}
COMMAND: POST /session/8b9d24fb39cbfc9e79ab89721a1c9e7d/element - {"using":"xpath","value":"//bdi[contains(text(), \"Close\")]"}
RESULT: {"using":"xpath","value":"//bdi[contains(text(), \"Close\")]"}
COMMAND: POST /session/8b9d24fb39cbfc9e79ab89721a1c9e7d/element/f.7652131D378371FA98FE7F43E0E28151.d.CEC866BC41D485CD844FF1B138EB7D07.e.14685/click - {}
RESULT: {}
COMMAND: GET /session/8b9d24fb39cbfc9e79ab89721a1c9e7d/screenshot - {}
RESULT: {}
COMMAND: POST /session/8b9d24fb39cbfc9e79ab89721a1c9e7d/element - {"using":"xpath","value":"//header[contains(@id, 'detailRruPage-headerTitle')]/div[1]/div[2]/div[2]/span[1]"}
RESULT: {"using":"xpath","value":"//header[contains(@id, 'detailRruPage-headerTitle')]/div[1]/div[2]/div[2]/span[1]"}
COMMAND: POST /session/8b9d24fb39cbfc9e79ab89721a1c9e7d/elements - {"using":"xpath","value":"//header[contains(@id, 'detailRruPage-headerTitle')]/div[1]/div[2]/div[2]/span[1]"}
RESULT: {"using":"xpath","value":"//header[contains(@id, 'detailRruPage-headerTitle')]/div[1]/div[2]/div[2]/span[1]"}
COMMAND: POST /session/8b9d24fb39cbfc9e79ab89721a1c9e7d/execute/sync - {"script":"<script> [56 bytes]","args":[{"element-6066-11e4-a52e-4f735466cecf":"f.7652131D378371FA98FE7F43E0E28151.d.CEC866BC41D485CD844FF1B138EB7D07.e.14714","ELEMENT":"f.7652131D378371FA98FE7F43E0E28151.d.CEC866BC41D485CD844FF1B138EB7D07.e.14714"}]}
RESULT: {"script":"<script> [56 bytes]","args":[{"element-6066-11e4-a52e-4f735466cecf":"f.7652131D378371FA98FE7F43E0E28151.d.CEC866BC41D485CD844FF1B138EB7D07.e.14714","ELEMENT":"f.7652131D378371FA98FE7F43E0E28151.d.CEC866BC41D485CD844FF1B138EB7D07.e.14714"}]}
COMMAND: POST /session/8b9d24fb39cbfc9e79ab89721a1c9e7d/element - {"using":"css selector","value":"#shell-header-logo"}
COMMAND: GET /session/8b9d24fb39cbfc9e79ab89721a1c9e7d/screenshot - {}
RESULT: {"using":"css selector","value":"#shell-header-logo"}
COMMAND: POST /session/8b9d24fb39cbfc9e79ab89721a1c9e7d/element/f.7652131D378371FA98FE7F43E0E28151.d.CEC866BC41D485CD844FF1B138EB7D07.e.14106/click - {}
RESULT: {}
RESULT: {}
COMMAND: GET /session/8b9d24fb39cbfc9e79ab89721a1c9e7d/screenshot - {}
RESULT: {}
]]></system-out>
    </testcase>
  </testsuite>
  <testsuite timestamp="2025-06-13T16:58:14" time="366.996" tests="6" failures="0" errors="0" skipped="0">
    <properties>
      <property name="specId" value="0"/>
      <property name="suiteName" value="Provide to Site w/o warehouse management w clarification"/>
      <property name="capabilities" value="chrome.137_0_7151_69.windows"/>
      <property name="file" value="file:///D:/a/1/s/test/specs/HTR/provide-to-site-wo-warehouse-w-clarification.spec.js"/>
    </properties>
    <testcase classname="chrome.137_0_7151_69.windows.Provide_to_Site_w/o_warehouse_management_w_clarification" name="Should do a stock increase handover" time="85.24">
      <system-out><![CDATA[
COMMAND: POST /session/8b9d24fb39cbfc9e79ab89721a1c9e7d/execute/async - {"script":"<script> [1562 bytes]","args":[{"selector":{"controlType":"sap.m.GenericTile","properties":{"header":"Manage Handovers"}},"wdio_ui5_key":"sapm.GenericTile{\"header\":\"Manage Handovers\"}"}]}
RESULT: {"script":"<script> [1562 bytes]","args":[{"selector":{"controlType":"sap.m.GenericTile","properties":{"header":"Manage Handovers"}},"wdio_ui5_key":"sapm.GenericTile{\"header\":\"Manage Handovers\"}"}]}
RESULT: undefined
COMMAND: POST /session/8b9d24fb39cbfc9e79ab89721a1c9e7d/element - {"using":"xpath","value":"//*[@id=\"__tile133\"]"}
RESULT: {"using":"xpath","value":"//*[@id=\"__tile133\"]"}
COMMAND: POST /session/8b9d24fb39cbfc9e79ab89721a1c9e7d/element/f.7652131D378371FA98FE7F43E0E28151.d.CEC866BC41D485CD844FF1B138EB7D07.e.11938/click - {}
RESULT: {}
COMMAND: GET /session/8b9d24fb39cbfc9e79ab89721a1c9e7d/screenshot - {}
RESULT: {}
COMMAND: POST /session/8b9d24fb39cbfc9e79ab89721a1c9e7d/elements - {"using":"xpath","value":"//span[text()='Error']"}
RESULT: {"using":"xpath","value":"//span[text()='Error']"}
COMMAND: POST /session/8b9d24fb39cbfc9e79ab89721a1c9e7d/element - {"using":"xpath","value":"//button[@data-kt=\"masterHOAddButton\"]"}
RESULT: {"using":"xpath","value":"//button[@data-kt=\"masterHOAddButton\"]"}
COMMAND: POST /session/8b9d24fb39cbfc9e79ab89721a1c9e7d/elements - {"using":"xpath","value":"//button[@data-kt=\"masterHOAddButton\"]"}
RESULT: {"using":"xpath","value":"//button[@data-kt=\"masterHOAddButton\"]"}
COMMAND: POST /session/8b9d24fb39cbfc9e79ab89721a1c9e7d/execute/sync - {"script":"<script> [8489 bytes]","args":[{"element-6066-11e4-a52e-4f735466cecf":"f.7652131D378371FA98FE7F43E0E28151.d.CEC866BC41D485CD844FF1B138EB7D07.e.14755","ELEMENT":"f.7652131D378371FA98FE7F43E0E28151.d.CEC866BC41D485CD844FF1B138EB7D07.e.14755"}]}
RESULT: {"script":"<script> [8489 bytes]","args":[{"element-6066-11e4-a52e-4f735466cecf":"f.7652131D378371FA98FE7F43E0E28151.d.CEC866BC41D485CD844FF1B138EB7D07.e.14755","ELEMENT":"f.7652131D378371FA98FE7F43E0E28151.d.CEC866BC41D485CD844FF1B138EB7D07.e.14755"}]}
COMMAND: GET /session/8b9d24fb39cbfc9e79ab89721a1c9e7d/element/f.7652131D378371FA98FE7F43E0E28151.d.CEC866BC41D485CD844FF1B138EB7D07.e.14755/enabled - {}
COMMAND: GET /session/8b9d24fb39cbfc9e79ab89721a1c9e7d/screenshot - {}
RESULT: {}
COMMAND: POST /session/8b9d24fb39cbfc9e79ab89721a1c9e7d/execute/sync - {"script":"<script> [8489 bytes]","args":[{"element-6066-11e4-a52e-4f735466cecf":"f.7652131D378371FA98FE7F43E0E28151.d.CEC866BC41D485CD844FF1B138EB7D07.e.14755","ELEMENT":"f.7652131D378371FA98FE7F43E0E28151.d.CEC866BC41D485CD844FF1B138EB7D07.e.14755"}]}
COMMAND: GET /session/8b9d24fb39cbfc9e79ab89721a1c9e7d/screenshot - {}
RESULT: {}
RESULT: {"script":"<script> [8489 bytes]","args":[{"element-6066-11e4-a52e-4f735466cecf":"f.7652131D378371FA98FE7F43E0E28151.d.CEC866BC41D485CD844FF1B138EB7D07.e.14755","ELEMENT":"f.7652131D378371FA98FE7F43E0E28151.d.CEC866BC41D485CD844FF1B138EB7D07.e.14755"}]}
COMMAND: POST /session/8b9d24fb39cbfc9e79ab89721a1c9e7d/execute/sync - {"script":"<script> [5351 bytes]","args":[{"element-6066-11e4-a52e-4f735466cecf":"f.7652131D378371FA98FE7F43E0E28151.d.CEC866BC41D485CD844FF1B138EB7D07.e.14755","ELEMENT":"f.7652131D378371FA98FE7F43E0E28151.d.CEC866BC41D485CD844FF1B138EB7D07.e.14755"}]}
COMMAND: GET /session/8b9d24fb39cbfc9e79ab89721a1c9e7d/screenshot - {}
RESULT: {}
RESULT: {"script":"<script> [5351 bytes]","args":[{"element-6066-11e4-a52e-4f735466cecf":"f.7652131D378371FA98FE7F43E0E28151.d.CEC866BC41D485CD844FF1B138EB7D07.e.14755","ELEMENT":"f.7652131D378371FA98FE7F43E0E28151.d.CEC866BC41D485CD844FF1B138EB7D07.e.14755"}]}
COMMAND: POST /session/8b9d24fb39cbfc9e79ab89721a1c9e7d/element/f.7652131D378371FA98FE7F43E0E28151.d.CEC866BC41D485CD844FF1B138EB7D07.e.14755/click - {}
COMMAND: GET /session/8b9d24fb39cbfc9e79ab89721a1c9e7d/screenshot - {}
RESULT: {}
RESULT: {}
COMMAND: GET /session/8b9d24fb39cbfc9e79ab89721a1c9e7d/screenshot - {}
RESULT: {}
RESULT: {}
COMMAND: POST /session/8b9d24fb39cbfc9e79ab89721a1c9e7d/element - {"using":"xpath","value":"//span[contains(@id ,\"AddNewHO--typeSelect-arrow\")]"}
RESULT: {"using":"xpath","value":"//span[contains(@id ,\"AddNewHO--typeSelect-arrow\")]"}
COMMAND: POST /session/8b9d24fb39cbfc9e79ab89721a1c9e7d/element/f.7652131D378371FA98FE7F43E0E28151.d.CEC866BC41D485CD844FF1B138EB7D07.e.15094/click - {}
RESULT: {}
COMMAND: GET /session/8b9d24fb39cbfc9e79ab89721a1c9e7d/screenshot - {}
RESULT: {}
COMMAND: POST /session/8b9d24fb39cbfc9e79ab89721a1c9e7d/element - {"using":"xpath","value":"(//li[contains(text(), \"stock increase yard\")])[1]"}
RESULT: {"using":"xpath","value":"(//li[contains(text(), \"stock increase yard\")])[1]"}
COMMAND: POST /session/8b9d24fb39cbfc9e79ab89721a1c9e7d/element/f.7652131D378371FA98FE7F43E0E28151.d.CEC866BC41D485CD844FF1B138EB7D07.e.15095/click - {}
RESULT: {}
COMMAND: GET /session/8b9d24fb39cbfc9e79ab89721a1c9e7d/screenshot - {}
RESULT: {}
COMMAND: POST /session/8b9d24fb39cbfc9e79ab89721a1c9e7d/execute/async - {"script":"<script> [1562 bytes]","args":[{"selector":{"id":"application-managehandovers-display-component---AddNewHO--dueDate","interaction":{"idSuffix":"inner"}},"wdio_ui5_key":"applicationmanagehandovers-display-component---AddNewHO--dueDate"}]}
RESULT: {"script":"<script> [1562 bytes]","args":[{"selector":{"id":"application-managehandovers-display-component---AddNewHO--dueDate","interaction":{"idSuffix":"inner"}},"wdio_ui5_key":"applicationmanagehandovers-display-component---AddNewHO--dueDate"}]}
RESULT: undefined
COMMAND: POST /session/8b9d24fb39cbfc9e79ab89721a1c9e7d/execute/async - {"script":"<script> [6424 bytes]","args":[{"element-6066-11e4-a52e-4f735466cecf":"f.7652131D378371FA98FE7F43E0E28151.d.CEC866BC41D485CD844FF1B138EB7D07.e.15099"},"setValue",["6/13/25"]]}
RESULT: {"script":"<script> [6424 bytes]","args":[{"element-6066-11e4-a52e-4f735466cecf":"f.7652131D378371FA98FE7F43E0E28151.d.CEC866BC41D485CD844FF1B138EB7D07.e.15099"},"setValue",["6/13/25"]]}
COMMAND: POST /session/8b9d24fb39cbfc9e79ab89721a1c9e7d/element - {"using":"xpath","value":"//input[@id=\"generalSectionFrg--receiveYard-inner\"]"}
RESULT: {"using":"xpath","value":"//input[@id=\"generalSectionFrg--receiveYard-inner\"]"}
COMMAND: POST /session/8b9d24fb39cbfc9e79ab89721a1c9e7d/element/f.7652131D378371FA98FE7F43E0E28151.d.CEC866BC41D485CD844FF1B138EB7D07.e.15105/clear - {}
RESULT: {}
COMMAND: POST /session/8b9d24fb39cbfc9e79ab89721a1c9e7d/element/f.7652131D378371FA98FE7F43E0E28151.d.CEC866BC41D485CD844FF1B138EB7D07.e.15105/value - {"text":"242"}
COMMAND: GET /session/8b9d24fb39cbfc9e79ab89721a1c9e7d/screenshot - {}
RESULT: {"text":"242"}
COMMAND: GET /session/8b9d24fb39cbfc9e79ab89721a1c9e7d/screenshot - {}
RESULT: {}
RESULT: {}
COMMAND: POST /session/8b9d24fb39cbfc9e79ab89721a1c9e7d/element - {"using":"xpath","value":"//li[.//span[contains(normalize-space(.), '242 -')]]"}
RESULT: {"using":"xpath","value":"//li[.//span[contains(normalize-space(.), '242 -')]]"}
COMMAND: POST /session/8b9d24fb39cbfc9e79ab89721a1c9e7d/element/f.7652131D378371FA98FE7F43E0E28151.d.CEC866BC41D485CD844FF1B138EB7D07.e.15119/click - {}
RESULT: {}
COMMAND: GET /session/8b9d24fb39cbfc9e79ab89721a1c9e7d/screenshot - {}
RESULT: {}
COMMAND: POST /session/8b9d24fb39cbfc9e79ab89721a1c9e7d/execute/async - {"script":"<script> [1562 bytes]","args":[{"selector":{"id":"application-managehandovers-display-component---AddNewHO--ObjectPageLayout-anchBar-application-managehandovers-display-component---AddNewHO--section4-anchor","interaction":{"idSuffix":"BDI-content"}},"wdio_ui5_key":"applicationmanagehandovers-display-component---AddNewHO--ObjectPageLayout-anchBar-application-managehandovers-display-component---AddNewHO--section4-anchor"}]}
RESULT: {"script":"<script> [1562 bytes]","args":[{"selector":{"id":"application-managehandovers-display-component---AddNewHO--ObjectPageLayout-anchBar-application-managehandovers-display-component---AddNewHO--section4-anchor","interaction":{"idSuffix":"BDI-content"}},"wdio_ui5_key":"applicationmanagehandovers-display-component---AddNewHO--ObjectPageLayout-anchBar-application-managehandovers-display-component---AddNewHO--section4-anchor"}]}
RESULT: undefined
COMMAND: POST /session/8b9d24fb39cbfc9e79ab89721a1c9e7d/element - {"using":"xpath","value":"//*[@id=\"application-managehandovers-display-component---AddNewHO--ObjectPageLayout-anchBar-application-managehandovers-display-component---AddNewHO--section4-anchor\"]"}
RESULT: {"using":"xpath","value":"//*[@id=\"application-managehandovers-display-component---AddNewHO--ObjectPageLayout-anchBar-application-managehandovers-display-component---AddNewHO--section4-anchor\"]"}
COMMAND: POST /session/8b9d24fb39cbfc9e79ab89721a1c9e7d/element/f.7652131D378371FA98FE7F43E0E28151.d.CEC866BC41D485CD844FF1B138EB7D07.e.15121/click - {}
RESULT: {}
COMMAND: GET /session/8b9d24fb39cbfc9e79ab89721a1c9e7d/screenshot - {}
RESULT: {}
COMMAND: POST /session/8b9d24fb39cbfc9e79ab89721a1c9e7d/element - {"using":"xpath","value":"//button[@aria-label=\"Add\"]"}
RESULT: {"using":"xpath","value":"//button[@aria-label=\"Add\"]"}
COMMAND: POST /session/8b9d24fb39cbfc9e79ab89721a1c9e7d/element/f.7652131D378371FA98FE7F43E0E28151.d.CEC866BC41D485CD844FF1B138EB7D07.e.15125/click - {}
RESULT: {}
COMMAND: GET /session/8b9d24fb39cbfc9e79ab89721a1c9e7d/screenshot - {}
RESULT: {}
COMMAND: POST /session/8b9d24fb39cbfc9e79ab89721a1c9e7d/execute/async - {"script":"<script> [1562 bytes]","args":[{"selector":{"id":"application-managehandovers-display-component---AddNewHO--smartFilterBar-btnBasicSearch","searchOpenDialogs":true,"interaction":{"idSuffix":"I"}},"wdio_ui5_key":"applicationmanagehandovers-display-component---AddNewHO--smartFilterBar-btnBasicSearch"}]}
RESULT: {"script":"<script> [1562 bytes]","args":[{"selector":{"id":"application-managehandovers-display-component---AddNewHO--smartFilterBar-btnBasicSearch","searchOpenDialogs":true,"interaction":{"idSuffix":"I"}},"wdio_ui5_key":"applicationmanagehandovers-display-component---AddNewHO--smartFilterBar-btnBasicSearch"}]}
RESULT: undefined
COMMAND: POST /session/8b9d24fb39cbfc9e79ab89721a1c9e7d/execute/async - {"script":"<script> [776 bytes]","args":[{"enterText":"200121","selector":{"id":"application-managehandovers-display-component---AddNewHO--smartFilterBar-btnBasicSearch","searchOpenDialogs":true,"interaction":{"idSuffix":"I"}},"clearTextFirst":true,"interactionType":"ENTER_TEXT"}]}
RESULT: {"script":"<script> [776 bytes]","args":[{"enterText":"200121","selector":{"id":"application-managehandovers-display-component---AddNewHO--smartFilterBar-btnBasicSearch","searchOpenDialogs":true,"interaction":{"idSuffix":"I"}},"clearTextFirst":true,"interactionType":"ENTER_TEXT"}]}
COMMAND: POST /session/8b9d24fb39cbfc9e79ab89721a1c9e7d/actions - {"actions":[{"id":"action47","type":"key","parameters":{},"actions":[{"type":"keyDown","value":""},{"type":"pause","duration":10},{"type":"keyUp","value":""}]}]}
RESULT: {"actions":[{"id":"action47","type":"key","parameters":{},"actions":[{"type":"keyDown","value":""},{"type":"pause","duration":10},{"type":"keyUp","value":""}]}]}
COMMAND: GET /session/8b9d24fb39cbfc9e79ab89721a1c9e7d/screenshot - {}
RESULT: {}
COMMAND: POST /session/8b9d24fb39cbfc9e79ab89721a1c9e7d/execute/async - {"script":"<script> [1562 bytes]","args":[{"selector":{"id":"application-managehandovers-display-component---AddNewHO--popup-sa","searchOpenDialogs":true,"interaction":{"idSuffix":"CbBg"}},"wdio_ui5_key":"applicationmanagehandovers-display-component---AddNewHO--popup-sa"}]}
RESULT: {"script":"<script> [1562 bytes]","args":[{"selector":{"id":"application-managehandovers-display-component---AddNewHO--popup-sa","searchOpenDialogs":true,"interaction":{"idSuffix":"CbBg"}},"wdio_ui5_key":"applicationmanagehandovers-display-component---AddNewHO--popup-sa"}]}
RESULT: undefined
COMMAND: POST /session/8b9d24fb39cbfc9e79ab89721a1c9e7d/element - {"using":"xpath","value":"//*[@id=\"application-managehandovers-display-component---AddNewHO--popup-sa\"]"}
RESULT: {"using":"xpath","value":"//*[@id=\"application-managehandovers-display-component---AddNewHO--popup-sa\"]"}
COMMAND: POST /session/8b9d24fb39cbfc9e79ab89721a1c9e7d/element/f.7652131D378371FA98FE7F43E0E28151.d.CEC866BC41D485CD844FF1B138EB7D07.e.15279/click - {}
RESULT: {}
COMMAND: GET /session/8b9d24fb39cbfc9e79ab89721a1c9e7d/screenshot - {}
RESULT: {}
COMMAND: POST /session/8b9d24fb39cbfc9e79ab89721a1c9e7d/element - {"using":"xpath","value":"//bdi[contains(text(), \"Select\")]"}
RESULT: {"using":"xpath","value":"//bdi[contains(text(), \"Select\")]"}
COMMAND: POST /session/8b9d24fb39cbfc9e79ab89721a1c9e7d/element/f.7652131D378371FA98FE7F43E0E28151.d.CEC866BC41D485CD844FF1B138EB7D07.e.15280/click - {}
RESULT: {}
COMMAND: GET /session/8b9d24fb39cbfc9e79ab89721a1c9e7d/screenshot - {}
RESULT: {}
COMMAND: POST /session/8b9d24fb39cbfc9e79ab89721a1c9e7d/element - {"using":"xpath","value":"//button[@data-kt=\"AddNewHOSaveButton\"]"}
RESULT: {"using":"xpath","value":"//button[@data-kt=\"AddNewHOSaveButton\"]"}
COMMAND: POST /session/8b9d24fb39cbfc9e79ab89721a1c9e7d/element/f.7652131D378371FA98FE7F43E0E28151.d.CEC866BC41D485CD844FF1B138EB7D07.e.15284/click - {}
RESULT: {}
COMMAND: GET /session/8b9d24fb39cbfc9e79ab89721a1c9e7d/screenshot - {}
COMMAND: POST /session/8b9d24fb39cbfc9e79ab89721a1c9e7d/execute/async - {"script":"<script> [1562 bytes]","args":[{"selector":{"id":"receiptDatePicker","viewName":"etm.portal.ui.managehandovers.view.DetailExecuteHO","interaction":{"idSuffix":"inner"}},"wdio_ui5_key":"receiptDatePickeretmportal.ui.managehandovers.view.DetailExecuteHO"}]}
RESULT: {}
RESULT: {"script":"<script> [1562 bytes]","args":[{"selector":{"id":"receiptDatePicker","viewName":"etm.portal.ui.managehandovers.view.DetailExecuteHO","interaction":{"idSuffix":"inner"}},"wdio_ui5_key":"receiptDatePickeretmportal.ui.managehandovers.view.DetailExecuteHO"}]}
RESULT: undefined
COMMAND: POST /session/8b9d24fb39cbfc9e79ab89721a1c9e7d/execute/async - {"script":"<script> [6424 bytes]","args":[{"element-6066-11e4-a52e-4f735466cecf":"f.7652131D378371FA98FE7F43E0E28151.d.CEC866BC41D485CD844FF1B138EB7D07.e.15308"},"setValue",["6/13/25"]]}
RESULT: {"script":"<script> [6424 bytes]","args":[{"element-6066-11e4-a52e-4f735466cecf":"f.7652131D378371FA98FE7F43E0E28151.d.CEC866BC41D485CD844FF1B138EB7D07.e.15308"},"setValue",["6/13/25"]]}
COMMAND: POST /session/8b9d24fb39cbfc9e79ab89721a1c9e7d/element - {"using":"xpath","value":"//button[@data-kt=\"ReceivingTableConfirmAllButton\"]"}
RESULT: {"using":"xpath","value":"//button[@data-kt=\"ReceivingTableConfirmAllButton\"]"}
COMMAND: POST /session/8b9d24fb39cbfc9e79ab89721a1c9e7d/element/f.7652131D378371FA98FE7F43E0E28151.d.CEC866BC41D485CD844FF1B138EB7D07.e.15321/click - {}
RESULT: {}
COMMAND: GET /session/8b9d24fb39cbfc9e79ab89721a1c9e7d/screenshot - {}
RESULT: {}
COMMAND: POST /session/8b9d24fb39cbfc9e79ab89721a1c9e7d/element - {"using":"xpath","value":"//bdi[contains(text(), \"OK\")]"}
RESULT: {"using":"xpath","value":"//bdi[contains(text(), \"OK\")]"}
COMMAND: POST /session/8b9d24fb39cbfc9e79ab89721a1c9e7d/element/f.7652131D378371FA98FE7F43E0E28151.d.CEC866BC41D485CD844FF1B138EB7D07.e.15323/click - {}
RESULT: {}
COMMAND: GET /session/8b9d24fb39cbfc9e79ab89721a1c9e7d/screenshot - {}
RESULT: {}
COMMAND: POST /session/8b9d24fb39cbfc9e79ab89721a1c9e7d/element - {"using":"xpath","value":"(//bdi[contains(text(), \"Receive\")])[2]"}
RESULT: {"using":"xpath","value":"(//bdi[contains(text(), \"Receive\")])[2]"}
COMMAND: POST /session/8b9d24fb39cbfc9e79ab89721a1c9e7d/element/f.7652131D378371FA98FE7F43E0E28151.d.CEC866BC41D485CD844FF1B138EB7D07.e.15325/click - {}
RESULT: {}
COMMAND: GET /session/8b9d24fb39cbfc9e79ab89721a1c9e7d/screenshot - {}
RESULT: {}
COMMAND: POST /session/8b9d24fb39cbfc9e79ab89721a1c9e7d/element - {"using":"css selector","value":"#shell-header-logo"}
RESULT: {"using":"css selector","value":"#shell-header-logo"}
COMMAND: POST /session/8b9d24fb39cbfc9e79ab89721a1c9e7d/element/f.7652131D378371FA98FE7F43E0E28151.d.CEC866BC41D485CD844FF1B138EB7D07.e.14718/click - {}
RESULT: {}
COMMAND: GET /session/8b9d24fb39cbfc9e79ab89721a1c9e7d/screenshot - {}
RESULT: {}
]]></system-out>
    </testcase>
    <testcase classname="chrome.137_0_7151_69.windows.Provide_to_Site_w/o_warehouse_management_w_clarification" name="Should create a new contract" time="70.352">
      <system-out><![CDATA[
COMMAND: POST /session/8b9d24fb39cbfc9e79ab89721a1c9e7d/execute/async - {"script":"<script> [1562 bytes]","args":[{"selector":{"controlType":"sap.m.GenericTile","properties":{"header":"Manage Contracts"}},"wdio_ui5_key":"sapm.GenericTile{\"header\":\"Manage Contracts\"}"}]}
RESULT: {"script":"<script> [1562 bytes]","args":[{"selector":{"controlType":"sap.m.GenericTile","properties":{"header":"Manage Contracts"}},"wdio_ui5_key":"sapm.GenericTile{\"header\":\"Manage Contracts\"}"}]}
RESULT: undefined
COMMAND: POST /session/8b9d24fb39cbfc9e79ab89721a1c9e7d/element - {"using":"xpath","value":"//*[@id=\"__tile132\"]"}
RESULT: {"using":"xpath","value":"//*[@id=\"__tile132\"]"}
COMMAND: POST /session/8b9d24fb39cbfc9e79ab89721a1c9e7d/element/f.7652131D378371FA98FE7F43E0E28151.d.CEC866BC41D485CD844FF1B138EB7D07.e.11927/click - {}
RESULT: {}
COMMAND: GET /session/8b9d24fb39cbfc9e79ab89721a1c9e7d/screenshot - {}
RESULT: {}
COMMAND: POST /session/8b9d24fb39cbfc9e79ab89721a1c9e7d/elements - {"using":"xpath","value":"//span[text()='Error']"}
RESULT: {"using":"xpath","value":"//span[text()='Error']"}
COMMAND: POST /session/8b9d24fb39cbfc9e79ab89721a1c9e7d/element - {"using":"xpath","value":"//button[@data-kt=\"addButton\"]"}
RESULT: {"using":"xpath","value":"//button[@data-kt=\"addButton\"]"}
COMMAND: POST /session/8b9d24fb39cbfc9e79ab89721a1c9e7d/elements - {"using":"xpath","value":"//button[@data-kt=\"addButton\"]"}
RESULT: {"using":"xpath","value":"//button[@data-kt=\"addButton\"]"}
COMMAND: POST /session/8b9d24fb39cbfc9e79ab89721a1c9e7d/execute/sync - {"script":"<script> [8489 bytes]","args":[{"element-6066-11e4-a52e-4f735466cecf":"f.7652131D378371FA98FE7F43E0E28151.d.CEC866BC41D485CD844FF1B138EB7D07.e.15653","ELEMENT":"f.7652131D378371FA98FE7F43E0E28151.d.CEC866BC41D485CD844FF1B138EB7D07.e.15653"}]}
RESULT: {"script":"<script> [8489 bytes]","args":[{"element-6066-11e4-a52e-4f735466cecf":"f.7652131D378371FA98FE7F43E0E28151.d.CEC866BC41D485CD844FF1B138EB7D07.e.15653","ELEMENT":"f.7652131D378371FA98FE7F43E0E28151.d.CEC866BC41D485CD844FF1B138EB7D07.e.15653"}]}
COMMAND: GET /session/8b9d24fb39cbfc9e79ab89721a1c9e7d/element/f.7652131D378371FA98FE7F43E0E28151.d.CEC866BC41D485CD844FF1B138EB7D07.e.15653/enabled - {}
COMMAND: GET /session/8b9d24fb39cbfc9e79ab89721a1c9e7d/screenshot - {}
RESULT: {}
COMMAND: POST /session/8b9d24fb39cbfc9e79ab89721a1c9e7d/execute/sync - {"script":"<script> [8489 bytes]","args":[{"element-6066-11e4-a52e-4f735466cecf":"f.7652131D378371FA98FE7F43E0E28151.d.CEC866BC41D485CD844FF1B138EB7D07.e.15653","ELEMENT":"f.7652131D378371FA98FE7F43E0E28151.d.CEC866BC41D485CD844FF1B138EB7D07.e.15653"}]}
COMMAND: GET /session/8b9d24fb39cbfc9e79ab89721a1c9e7d/screenshot - {}
RESULT: {}
RESULT: {"script":"<script> [8489 bytes]","args":[{"element-6066-11e4-a52e-4f735466cecf":"f.7652131D378371FA98FE7F43E0E28151.d.CEC866BC41D485CD844FF1B138EB7D07.e.15653","ELEMENT":"f.7652131D378371FA98FE7F43E0E28151.d.CEC866BC41D485CD844FF1B138EB7D07.e.15653"}]}
COMMAND: POST /session/8b9d24fb39cbfc9e79ab89721a1c9e7d/execute/sync - {"script":"<script> [5351 bytes]","args":[{"element-6066-11e4-a52e-4f735466cecf":"f.7652131D378371FA98FE7F43E0E28151.d.CEC866BC41D485CD844FF1B138EB7D07.e.15653","ELEMENT":"f.7652131D378371FA98FE7F43E0E28151.d.CEC866BC41D485CD844FF1B138EB7D07.e.15653"}]}
COMMAND: GET /session/8b9d24fb39cbfc9e79ab89721a1c9e7d/screenshot - {}
RESULT: {}
RESULT: {"script":"<script> [5351 bytes]","args":[{"element-6066-11e4-a52e-4f735466cecf":"f.7652131D378371FA98FE7F43E0E28151.d.CEC866BC41D485CD844FF1B138EB7D07.e.15653","ELEMENT":"f.7652131D378371FA98FE7F43E0E28151.d.CEC866BC41D485CD844FF1B138EB7D07.e.15653"}]}
COMMAND: GET /session/8b9d24fb39cbfc9e79ab89721a1c9e7d/screenshot - {}
RESULT: {}
RESULT: {}
COMMAND: POST /session/8b9d24fb39cbfc9e79ab89721a1c9e7d/element/f.7652131D378371FA98FE7F43E0E28151.d.CEC866BC41D485CD844FF1B138EB7D07.e.15653/click - {}
RESULT: {}
COMMAND: GET /session/8b9d24fb39cbfc9e79ab89721a1c9e7d/screenshot - {}
COMMAND: POST /session/8b9d24fb39cbfc9e79ab89721a1c9e7d/execute/async - {"script":"<script> [1562 bytes]","args":[{"selector":{"id":"application-managecontracts-display-component---AddNewContract--projectDescription","interaction":{"idSuffix":"inner"}},"wdio_ui5_key":"applicationmanagecontracts-display-component---AddNewContract--projectDescription"}]}
RESULT: {}
RESULT: {"script":"<script> [1562 bytes]","args":[{"selector":{"id":"application-managecontracts-display-component---AddNewContract--projectDescription","interaction":{"idSuffix":"inner"}},"wdio_ui5_key":"applicationmanagecontracts-display-component---AddNewContract--projectDescription"}]}
RESULT: undefined
COMMAND: POST /session/8b9d24fb39cbfc9e79ab89721a1c9e7d/execute/async - {"script":"<script> [776 bytes]","args":[{"enterText":"Contract WDIO","selector":{"id":"application-managecontracts-display-component---AddNewContract--projectDescription","interaction":{"idSuffix":"inner"}},"clearTextFirst":true,"interactionType":"ENTER_TEXT"}]}
RESULT: {"script":"<script> [776 bytes]","args":[{"enterText":"Contract WDIO","selector":{"id":"application-managecontracts-display-component---AddNewContract--projectDescription","interaction":{"idSuffix":"inner"}},"clearTextFirst":true,"interactionType":"ENTER_TEXT"}]}
COMMAND: POST /session/8b9d24fb39cbfc9e79ab89721a1c9e7d/element - {"using":"xpath","value":"//input[@id=\"application-managecontracts-display-component---AddNewContract--site-inner\"]"}
RESULT: {"using":"xpath","value":"//input[@id=\"application-managecontracts-display-component---AddNewContract--site-inner\"]"}
COMMAND: POST /session/8b9d24fb39cbfc9e79ab89721a1c9e7d/element/f.7652131D378371FA98FE7F43E0E28151.d.CEC866BC41D485CD844FF1B138EB7D07.e.16007/clear - {}
RESULT: {}
COMMAND: POST /session/8b9d24fb39cbfc9e79ab89721a1c9e7d/element/f.7652131D378371FA98FE7F43E0E28151.d.CEC866BC41D485CD844FF1B138EB7D07.e.16007/value - {"text":"2088"}
COMMAND: GET /session/8b9d24fb39cbfc9e79ab89721a1c9e7d/screenshot - {}
RESULT: {"text":"2088"}
COMMAND: GET /session/8b9d24fb39cbfc9e79ab89721a1c9e7d/screenshot - {}
RESULT: {}
RESULT: {}
COMMAND: POST /session/8b9d24fb39cbfc9e79ab89721a1c9e7d/element - {"using":"xpath","value":"//li[.//span[text()='2088']]"}
RESULT: {"using":"xpath","value":"//li[.//span[text()='2088']]"}
COMMAND: POST /session/8b9d24fb39cbfc9e79ab89721a1c9e7d/element/f.7652131D378371FA98FE7F43E0E28151.d.CEC866BC41D485CD844FF1B138EB7D07.e.16089/click - {}
RESULT: {}
COMMAND: GET /session/8b9d24fb39cbfc9e79ab89721a1c9e7d/screenshot - {}
RESULT: {}
COMMAND: POST /session/8b9d24fb39cbfc9e79ab89721a1c9e7d/element - {"using":"xpath","value":"//input[@id=\"application-managecontracts-display-component---AddNewContract--yardId-inner\"]"}
RESULT: {"using":"xpath","value":"//input[@id=\"application-managecontracts-display-component---AddNewContract--yardId-inner\"]"}
COMMAND: GET /session/8b9d24fb39cbfc9e79ab89721a1c9e7d/element/f.7652131D378371FA98FE7F43E0E28151.d.CEC866BC41D485CD844FF1B138EB7D07.e.16008/property/value - {}
RESULT: {}
COMMAND: POST /session/8b9d24fb39cbfc9e79ab89721a1c9e7d/element - {"using":"xpath","value":"//input[@id=\"application-managecontracts-display-component---AddNewContract--customerSelect-inner\"]"}
COMMAND: GET /session/8b9d24fb39cbfc9e79ab89721a1c9e7d/screenshot - {}
RESULT: {"using":"xpath","value":"//input[@id=\"application-managecontracts-display-component---AddNewContract--customerSelect-inner\"]"}
COMMAND: POST /session/8b9d24fb39cbfc9e79ab89721a1c9e7d/element/f.7652131D378371FA98FE7F43E0E28151.d.CEC866BC41D485CD844FF1B138EB7D07.e.16006/clear - {}
RESULT: {}
RESULT: {}
COMMAND: POST /session/8b9d24fb39cbfc9e79ab89721a1c9e7d/element/f.7652131D378371FA98FE7F43E0E28151.d.CEC866BC41D485CD844FF1B138EB7D07.e.16006/value - {"text":"1094"}
COMMAND: GET /session/8b9d24fb39cbfc9e79ab89721a1c9e7d/screenshot - {}
RESULT: {"text":"1094"}
COMMAND: GET /session/8b9d24fb39cbfc9e79ab89721a1c9e7d/screenshot - {}
RESULT: {}
RESULT: {}
COMMAND: POST /session/8b9d24fb39cbfc9e79ab89721a1c9e7d/element - {"using":"xpath","value":"//li[.//span[text()='1094']]"}
RESULT: {"using":"xpath","value":"//li[.//span[text()='1094']]"}
COMMAND: POST /session/8b9d24fb39cbfc9e79ab89721a1c9e7d/element/f.7652131D378371FA98FE7F43E0E28151.d.CEC866BC41D485CD844FF1B138EB7D07.e.16092/click - {}
RESULT: {}
COMMAND: GET /session/8b9d24fb39cbfc9e79ab89721a1c9e7d/screenshot - {}
RESULT: {}
COMMAND: POST /session/8b9d24fb39cbfc9e79ab89721a1c9e7d/element - {"using":"xpath","value":"//button[@data-kt=\"saveButton\"]"}
RESULT: {"using":"xpath","value":"//button[@data-kt=\"saveButton\"]"}
COMMAND: POST /session/8b9d24fb39cbfc9e79ab89721a1c9e7d/element/f.7652131D378371FA98FE7F43E0E28151.d.CEC866BC41D485CD844FF1B138EB7D07.e.16082/click - {}
RESULT: {}
COMMAND: GET /session/8b9d24fb39cbfc9e79ab89721a1c9e7d/screenshot - {}
RESULT: {}
COMMAND: POST /session/8b9d24fb39cbfc9e79ab89721a1c9e7d/element - {"using":"xpath","value":"//span[contains(@id ,\"contractDetailTitleNoExpanded\")]"}
RESULT: {"using":"xpath","value":"//span[contains(@id ,\"contractDetailTitleNoExpanded\")]"}
COMMAND: POST /session/8b9d24fb39cbfc9e79ab89721a1c9e7d/elements - {"using":"xpath","value":"//span[contains(@id ,\"contractDetailTitleNoExpanded\")]"}
RESULT: {"using":"xpath","value":"//span[contains(@id ,\"contractDetailTitleNoExpanded\")]"}
COMMAND: POST /session/8b9d24fb39cbfc9e79ab89721a1c9e7d/execute/sync - {"script":"<script> [56 bytes]","args":[{"element-6066-11e4-a52e-4f735466cecf":"f.7652131D378371FA98FE7F43E0E28151.d.CEC866BC41D485CD844FF1B138EB7D07.e.16103","ELEMENT":"f.7652131D378371FA98FE7F43E0E28151.d.CEC866BC41D485CD844FF1B138EB7D07.e.16103"}]}
RESULT: {"script":"<script> [56 bytes]","args":[{"element-6066-11e4-a52e-4f735466cecf":"f.7652131D378371FA98FE7F43E0E28151.d.CEC866BC41D485CD844FF1B138EB7D07.e.16103","ELEMENT":"f.7652131D378371FA98FE7F43E0E28151.d.CEC866BC41D485CD844FF1B138EB7D07.e.16103"}]}
COMMAND: GET /session/8b9d24fb39cbfc9e79ab89721a1c9e7d/screenshot - {}
RESULT: {}
]]></system-out>
    </testcase>
    <testcase classname="chrome.137_0_7151_69.windows.Provide_to_Site_w/o_warehouse_management_w_clarification" name="Should add equipment to the contract" time="59.143">
      <system-out><![CDATA[
COMMAND: POST /session/8b9d24fb39cbfc9e79ab89721a1c9e7d/element - {"using":"xpath","value":"//button[@data-kt=\"contractDetailEditBtnButton\"]"}
RESULT: {"using":"xpath","value":"//button[@data-kt=\"contractDetailEditBtnButton\"]"}
COMMAND: POST /session/8b9d24fb39cbfc9e79ab89721a1c9e7d/element/f.7652131D378371FA98FE7F43E0E28151.d.CEC866BC41D485CD844FF1B138EB7D07.e.16104/click - {}
RESULT: {}
COMMAND: GET /session/8b9d24fb39cbfc9e79ab89721a1c9e7d/screenshot - {}
RESULT: {}
COMMAND: POST /session/8b9d24fb39cbfc9e79ab89721a1c9e7d/element - {"using":"xpath","value":"(//span[contains(text(), \"Additional Addresses\")])[2]"}
RESULT: {"using":"xpath","value":"(//span[contains(text(), \"Additional Addresses\")])[2]"}
COMMAND: POST /session/8b9d24fb39cbfc9e79ab89721a1c9e7d/element/f.7652131D378371FA98FE7F43E0E28151.d.CEC866BC41D485CD844FF1B138EB7D07.e.16159/click - {}
RESULT: {}
COMMAND: GET /session/8b9d24fb39cbfc9e79ab89721a1c9e7d/screenshot - {}
RESULT: {}
COMMAND: POST /session/8b9d24fb39cbfc9e79ab89721a1c9e7d/element - {"using":"xpath","value":"//button[@data-kt=\"btnAddTableRowOverflowToolbarButton\"]"}
RESULT: {"using":"xpath","value":"//button[@data-kt=\"btnAddTableRowOverflowToolbarButton\"]"}
COMMAND: POST /session/8b9d24fb39cbfc9e79ab89721a1c9e7d/element/f.7652131D378371FA98FE7F43E0E28151.d.CEC866BC41D485CD844FF1B138EB7D07.e.16163/click - {}
RESULT: {}
COMMAND: GET /session/8b9d24fb39cbfc9e79ab89721a1c9e7d/screenshot - {}
RESULT: {}
COMMAND: POST /session/8b9d24fb39cbfc9e79ab89721a1c9e7d/element - {"using":"xpath","value":"//div[(text() = 'Standard Entry' or . = 'Standard Entry')]"}
RESULT: {"using":"xpath","value":"//div[(text() = 'Standard Entry' or . = 'Standard Entry')]"}
COMMAND: POST /session/8b9d24fb39cbfc9e79ab89721a1c9e7d/element/f.7652131D378371FA98FE7F43E0E28151.d.CEC866BC41D485CD844FF1B138EB7D07.e.16165/click - {}
RESULT: {}
COMMAND: GET /session/8b9d24fb39cbfc9e79ab89721a1c9e7d/screenshot - {}
RESULT: {}
COMMAND: POST /session/8b9d24fb39cbfc9e79ab89721a1c9e7d/element - {"using":"xpath","value":"//td[6]/div/div/div/span"}
RESULT: {"using":"xpath","value":"//td[6]/div/div/div/span"}
COMMAND: POST /session/8b9d24fb39cbfc9e79ab89721a1c9e7d/element/f.7652131D378371FA98FE7F43E0E28151.d.CEC866BC41D485CD844FF1B138EB7D07.e.16177/click - {}
RESULT: {}
COMMAND: GET /session/8b9d24fb39cbfc9e79ab89721a1c9e7d/screenshot - {}
RESULT: {}
COMMAND: POST /session/8b9d24fb39cbfc9e79ab89721a1c9e7d/element - {"using":"xpath","value":"(//span[contains(text(), \"Material\")])"}
RESULT: {"using":"xpath","value":"(//span[contains(text(), \"Material\")])"}
COMMAND: POST /session/8b9d24fb39cbfc9e79ab89721a1c9e7d/element/f.7652131D378371FA98FE7F43E0E28151.d.CEC866BC41D485CD844FF1B138EB7D07.e.16178/click - {}
RESULT: {}
COMMAND: GET /session/8b9d24fb39cbfc9e79ab89721a1c9e7d/screenshot - {}
RESULT: {}
COMMAND: POST /session/8b9d24fb39cbfc9e79ab89721a1c9e7d/element - {"using":"xpath","value":"//td[7]/div/div/input"}
RESULT: {"using":"xpath","value":"//td[7]/div/div/input"}
COMMAND: POST /session/8b9d24fb39cbfc9e79ab89721a1c9e7d/element/f.7652131D378371FA98FE7F43E0E28151.d.CEC866BC41D485CD844FF1B138EB7D07.e.16182/clear - {}
RESULT: {}
COMMAND: POST /session/8b9d24fb39cbfc9e79ab89721a1c9e7d/element/f.7652131D378371FA98FE7F43E0E28151.d.CEC866BC41D485CD844FF1B138EB7D07.e.16182/value - {"text":"200121"}
COMMAND: GET /session/8b9d24fb39cbfc9e79ab89721a1c9e7d/screenshot - {}
RESULT: {"text":"200121"}
COMMAND: GET /session/8b9d24fb39cbfc9e79ab89721a1c9e7d/screenshot - {}
RESULT: {}
RESULT: {}
COMMAND: POST /session/8b9d24fb39cbfc9e79ab89721a1c9e7d/actions - {"actions":[{"id":"action48","type":"key","parameters":{},"actions":[{"type":"keyDown","value":""},{"type":"pause","duration":10},{"type":"keyUp","value":""}]}]}
RESULT: {"actions":[{"id":"action48","type":"key","parameters":{},"actions":[{"type":"keyDown","value":""},{"type":"pause","duration":10},{"type":"keyUp","value":""}]}]}
COMMAND: GET /session/8b9d24fb39cbfc9e79ab89721a1c9e7d/screenshot - {}
RESULT: {}
COMMAND: POST /session/8b9d24fb39cbfc9e79ab89721a1c9e7d/execute/sync - {"script":"<script> [276 bytes]","args":["No pricing information was found"]}
RESULT: {"script":"<script> [276 bytes]","args":["No pricing information was found"]}
COMMAND: POST /session/8b9d24fb39cbfc9e79ab89721a1c9e7d/element - {"using":"xpath","value":"//bdi[contains(text(), \"OK\")]"}
COMMAND: GET /session/8b9d24fb39cbfc9e79ab89721a1c9e7d/screenshot - {}
RESULT: {"using":"xpath","value":"//bdi[contains(text(), \"OK\")]"}
COMMAND: POST /session/8b9d24fb39cbfc9e79ab89721a1c9e7d/element/f.7652131D378371FA98FE7F43E0E28151.d.CEC866BC41D485CD844FF1B138EB7D07.e.16208/click - {}
RESULT: {}
RESULT: {}
COMMAND: GET /session/8b9d24fb39cbfc9e79ab89721a1c9e7d/screenshot - {}
RESULT: {}
COMMAND: POST /session/8b9d24fb39cbfc9e79ab89721a1c9e7d/element - {"using":"xpath","value":"(//button[@data-kt=\"saveButton\"])[2]"}
RESULT: {"using":"xpath","value":"(//button[@data-kt=\"saveButton\"])[2]"}
COMMAND: POST /session/8b9d24fb39cbfc9e79ab89721a1c9e7d/element/f.7652131D378371FA98FE7F43E0E28151.d.CEC866BC41D485CD844FF1B138EB7D07.e.16209/click - {}
RESULT: {}
COMMAND: GET /session/8b9d24fb39cbfc9e79ab89721a1c9e7d/screenshot - {}
RESULT: {}
COMMAND: POST /session/8b9d24fb39cbfc9e79ab89721a1c9e7d/execute/sync - {"script":"<script> [276 bytes]","args":["Some contract items are having rental validity exceeding header rental validity"]}
RESULT: {"script":"<script> [276 bytes]","args":["Some contract items are having rental validity exceeding header rental validity"]}
COMMAND: GET /session/8b9d24fb39cbfc9e79ab89721a1c9e7d/screenshot - {}
RESULT: {}
COMMAND: POST /session/8b9d24fb39cbfc9e79ab89721a1c9e7d/element - {"using":"xpath","value":"//span[contains(@id ,\"contractItemsSmartTable-header-inner\")]"}
RESULT: {"using":"xpath","value":"//span[contains(@id ,\"contractItemsSmartTable-header-inner\")]"}
COMMAND: POST /session/8b9d24fb39cbfc9e79ab89721a1c9e7d/elements - {"using":"xpath","value":"//span[contains(@id ,\"contractItemsSmartTable-header-inner\")]"}
RESULT: {"using":"xpath","value":"//span[contains(@id ,\"contractItemsSmartTable-header-inner\")]"}
COMMAND: POST /session/8b9d24fb39cbfc9e79ab89721a1c9e7d/execute/sync - {"script":"<script> [56 bytes]","args":[{"element-6066-11e4-a52e-4f735466cecf":"f.7652131D378371FA98FE7F43E0E28151.d.CEC866BC41D485CD844FF1B138EB7D07.e.16214","ELEMENT":"f.7652131D378371FA98FE7F43E0E28151.d.CEC866BC41D485CD844FF1B138EB7D07.e.16214"}]}
RESULT: {"script":"<script> [56 bytes]","args":[{"element-6066-11e4-a52e-4f735466cecf":"f.7652131D378371FA98FE7F43E0E28151.d.CEC866BC41D485CD844FF1B138EB7D07.e.16214","ELEMENT":"f.7652131D378371FA98FE7F43E0E28151.d.CEC866BC41D485CD844FF1B138EB7D07.e.16214"}]}
]]></system-out>
    </testcase>
    <testcase classname="chrome.137_0_7151_69.windows.Provide_to_Site_w/o_warehouse_management_w_clarification" name="Should do provide to site" time="139.219">
      <system-out><![CDATA[
COMMAND: GET /session/8b9d24fb39cbfc9e79ab89721a1c9e7d/screenshot - {}
COMMAND: POST /session/8b9d24fb39cbfc9e79ab89721a1c9e7d/element - {"using":"xpath","value":"//button[@data-kt=\"provideButton\"]"}
RESULT: {}
RESULT: {"using":"xpath","value":"//button[@data-kt=\"provideButton\"]"}
COMMAND: POST /session/8b9d24fb39cbfc9e79ab89721a1c9e7d/element/f.7652131D378371FA98FE7F43E0E28151.d.CEC866BC41D485CD844FF1B138EB7D07.e.16215/click - {}
RESULT: {}
COMMAND: GET /session/8b9d24fb39cbfc9e79ab89721a1c9e7d/screenshot - {}
RESULT: {}
COMMAND: POST /session/8b9d24fb39cbfc9e79ab89721a1c9e7d/element - {"using":"xpath","value":"(//div[contains(@id, \"application-managehandovers-display-component---AddNewHO--oneStep-CbBg\")])"}
RESULT: {"using":"xpath","value":"(//div[contains(@id, \"application-managehandovers-display-component---AddNewHO--oneStep-CbBg\")])"}
COMMAND: POST /session/8b9d24fb39cbfc9e79ab89721a1c9e7d/element - {"using":"xpath","value":"(//div[contains(@id, \"application-managehandovers-display-component---AddNewHO--oneStep-CbBg\")])/input"}
RESULT: {"using":"xpath","value":"(//div[contains(@id, \"application-managehandovers-display-component---AddNewHO--oneStep-CbBg\")])/input"}
COMMAND: GET /session/8b9d24fb39cbfc9e79ab89721a1c9e7d/element/f.7652131D378371FA98FE7F43E0E28151.d.CEC866BC41D485CD844FF1B138EB7D07.e.16309/attribute/checked - {}
RESULT: {}
RESULT: undefined
COMMAND: POST /session/8b9d24fb39cbfc9e79ab89721a1c9e7d/execute/async - {"script":"<script> [6424 bytes]","args":[{"element-6066-11e4-a52e-4f735466cecf":"f.7652131D378371FA98FE7F43E0E28151.d.CEC866BC41D485CD844FF1B138EB7D07.e.15099"},"setValue",["06/13/25"]]}
COMMAND: POST /session/8b9d24fb39cbfc9e79ab89721a1c9e7d/element/f.7652131D378371FA98FE7F43E0E28151.d.CEC866BC41D485CD844FF1B138EB7D07.e.16528/click - {}
RESULT: {}
COMMAND: POST /session/8b9d24fb39cbfc9e79ab89721a1c9e7d/execute/async - {"script":"<script> [1562 bytes]","args":[{"selector":{"id":"application-managehandovers-display-component---AddNewHO--dueDate","interaction":{"idSuffix":"inner"}},"wdio_ui5_key":"applicationmanagehandovers-display-component---AddNewHO--dueDate"}]}
COMMAND: GET /session/8b9d24fb39cbfc9e79ab89721a1c9e7d/screenshot - {}
RESULT: {"script":"<script> [1562 bytes]","args":[{"selector":{"id":"application-managehandovers-display-component---AddNewHO--dueDate","interaction":{"idSuffix":"inner"}},"wdio_ui5_key":"applicationmanagehandovers-display-component---AddNewHO--dueDate"}]}
COMMAND: POST /session/8b9d24fb39cbfc9e79ab89721a1c9e7d/execute/async - {"script":"<script> [6424 bytes]","args":[{"element-6066-11e4-a52e-4f735466cecf":"f.7652131D378371FA98FE7F43E0E28151.d.CEC866BC41D485CD844FF1B138EB7D07.e.16305"},"setValue",["06/13/25"]]}
RESULT: {}
RESULT: {"script":"<script> [6424 bytes]","args":[{"element-6066-11e4-a52e-4f735466cecf":"f.7652131D378371FA98FE7F43E0E28151.d.CEC866BC41D485CD844FF1B138EB7D07.e.16305"},"setValue",["06/13/25"]]}
COMMAND: POST /session/8b9d24fb39cbfc9e79ab89721a1c9e7d/element - {"using":"xpath","value":"//bdi[contains(text(), \"Instructions\")]"}
RESULT: {"using":"xpath","value":"//bdi[contains(text(), \"Instructions\")]"}
COMMAND: POST /session/8b9d24fb39cbfc9e79ab89721a1c9e7d/element/f.7652131D378371FA98FE7F43E0E28151.d.CEC866BC41D485CD844FF1B138EB7D07.e.16530/click - {}
RESULT: {}
COMMAND: GET /session/8b9d24fb39cbfc9e79ab89721a1c9e7d/screenshot - {}
RESULT: {}
COMMAND: POST /session/8b9d24fb39cbfc9e79ab89721a1c9e7d/element - {"using":"xpath","value":"//button[@data-kt=\"AddNewHOProvideAddItemsButton\"]"}
RESULT: {"using":"xpath","value":"//button[@data-kt=\"AddNewHOProvideAddItemsButton\"]"}
COMMAND: POST /session/8b9d24fb39cbfc9e79ab89721a1c9e7d/element/f.7652131D378371FA98FE7F43E0E28151.d.CEC866BC41D485CD844FF1B138EB7D07.e.16534/click - {}
RESULT: {}
COMMAND: GET /session/8b9d24fb39cbfc9e79ab89721a1c9e7d/screenshot - {}
RESULT: {}
RESULT: undefined
COMMAND: POST /session/8b9d24fb39cbfc9e79ab89721a1c9e7d/element - {"using":"xpath","value":"//*[@id=\"application-managehandovers-display-component---AddNewHO--popup-sa\"]"}
RESULT: {"using":"xpath","value":"//*[@id=\"application-managehandovers-display-component---AddNewHO--popup-sa\"]"}
COMMAND: POST /session/8b9d24fb39cbfc9e79ab89721a1c9e7d/element/f.7652131D378371FA98FE7F43E0E28151.d.CEC866BC41D485CD844FF1B138EB7D07.e.16543/click - {}
RESULT: {}
COMMAND: GET /session/8b9d24fb39cbfc9e79ab89721a1c9e7d/screenshot - {}
RESULT: {}
COMMAND: POST /session/8b9d24fb39cbfc9e79ab89721a1c9e7d/element - {"using":"xpath","value":"//*[contains(@id ,\"BDI-content\")][contains(text(), \"Select\")]"}
RESULT: {"using":"xpath","value":"//*[contains(@id ,\"BDI-content\")][contains(text(), \"Select\")]"}
COMMAND: POST /session/8b9d24fb39cbfc9e79ab89721a1c9e7d/element/f.7652131D378371FA98FE7F43E0E28151.d.CEC866BC41D485CD844FF1B138EB7D07.e.16545/click - {}
RESULT: {}
COMMAND: GET /session/8b9d24fb39cbfc9e79ab89721a1c9e7d/screenshot - {}
RESULT: {}
COMMAND: POST /session/8b9d24fb39cbfc9e79ab89721a1c9e7d/execute/async - {"script":"<script> [1562 bytes]","args":[{"selector":{"id":"application-managehandovers-display-component---AddNewHO--confirmCreationButton","interaction":{"idSuffix":"BDI-content"}},"wdio_ui5_key":"applicationmanagehandovers-display-component---AddNewHO--confirmCreationButton"}]}
RESULT: {"script":"<script> [1562 bytes]","args":[{"selector":{"id":"application-managehandovers-display-component---AddNewHO--confirmCreationButton","interaction":{"idSuffix":"BDI-content"}},"wdio_ui5_key":"applicationmanagehandovers-display-component---AddNewHO--confirmCreationButton"}]}
RESULT: undefined
COMMAND: POST /session/8b9d24fb39cbfc9e79ab89721a1c9e7d/element - {"using":"xpath","value":"//*[@id=\"application-managehandovers-display-component---AddNewHO--confirmCreationButton\"]"}
RESULT: {"using":"xpath","value":"//*[@id=\"application-managehandovers-display-component---AddNewHO--confirmCreationButton\"]"}
COMMAND: POST /session/8b9d24fb39cbfc9e79ab89721a1c9e7d/element/f.7652131D378371FA98FE7F43E0E28151.d.CEC866BC41D485CD844FF1B138EB7D07.e.16352/click - {}
RESULT: {}
COMMAND: GET /session/8b9d24fb39cbfc9e79ab89721a1c9e7d/screenshot - {}
RESULT: {}
COMMAND: POST /session/8b9d24fb39cbfc9e79ab89721a1c9e7d/execute/async - {"script":"<script> [1562 bytes]","args":[{"selector":{"id":"issueDatePicker","viewName":"etm.portal.ui.managehandovers.view.DetailExecuteHO","interaction":{"idSuffix":"inner"}},"wdio_ui5_key":"issueDatePickeretmportal.ui.managehandovers.view.DetailExecuteHO"}]}
RESULT: {"script":"<script> [1562 bytes]","args":[{"selector":{"id":"issueDatePicker","viewName":"etm.portal.ui.managehandovers.view.DetailExecuteHO","interaction":{"idSuffix":"inner"}},"wdio_ui5_key":"issueDatePickeretmportal.ui.managehandovers.view.DetailExecuteHO"}]}
RESULT: undefined
COMMAND: POST /session/8b9d24fb39cbfc9e79ab89721a1c9e7d/execute/async - {"script":"<script> [776 bytes]","args":[{"enterText":"6/13/25","selector":{"id":"issueDatePicker","viewName":"etm.portal.ui.managehandovers.view.DetailExecuteHO","interaction":{"idSuffix":"inner"}},"clearTextFirst":true,"interactionType":"ENTER_TEXT"}]}
RESULT: {"script":"<script> [776 bytes]","args":[{"enterText":"6/13/25","selector":{"id":"issueDatePicker","viewName":"etm.portal.ui.managehandovers.view.DetailExecuteHO","interaction":{"idSuffix":"inner"}},"clearTextFirst":true,"interactionType":"ENTER_TEXT"}]}
COMMAND: POST /session/8b9d24fb39cbfc9e79ab89721a1c9e7d/element - {"using":"xpath","value":"//button[@data-kt=\"PickingTableConfirmAllButton\"]"}
RESULT: {"using":"xpath","value":"//button[@data-kt=\"PickingTableConfirmAllButton\"]"}
COMMAND: POST /session/8b9d24fb39cbfc9e79ab89721a1c9e7d/element/f.7652131D378371FA98FE7F43E0E28151.d.CEC866BC41D485CD844FF1B138EB7D07.e.16601/click - {}
RESULT: {}
COMMAND: GET /session/8b9d24fb39cbfc9e79ab89721a1c9e7d/screenshot - {}
RESULT: {}
COMMAND: POST /session/8b9d24fb39cbfc9e79ab89721a1c9e7d/element - {"using":"xpath","value":"//bdi[contains(text(), \"OK\")]"}
RESULT: {"using":"xpath","value":"//bdi[contains(text(), \"OK\")]"}
COMMAND: POST /session/8b9d24fb39cbfc9e79ab89721a1c9e7d/element/f.7652131D378371FA98FE7F43E0E28151.d.CEC866BC41D485CD844FF1B138EB7D07.e.16604/click - {}
RESULT: {}
COMMAND: GET /session/8b9d24fb39cbfc9e79ab89721a1c9e7d/screenshot - {}
RESULT: {}
COMMAND: POST /session/8b9d24fb39cbfc9e79ab89721a1c9e7d/element - {"using":"xpath","value":"//button[@data-kt=\"execHoPickButton\"]"}
RESULT: {"using":"xpath","value":"//button[@data-kt=\"execHoPickButton\"]"}
COMMAND: POST /session/8b9d24fb39cbfc9e79ab89721a1c9e7d/element/f.7652131D378371FA98FE7F43E0E28151.d.CEC866BC41D485CD844FF1B138EB7D07.e.16606/click - {}
RESULT: {}
COMMAND: GET /session/8b9d24fb39cbfc9e79ab89721a1c9e7d/screenshot - {}
RESULT: {}
COMMAND: POST /session/8b9d24fb39cbfc9e79ab89721a1c9e7d/element - {"using":"xpath","value":"//span[contains(@id ,\"filterItemControl_BASIC-RECEIVE_CONTRACT-vhi\")]"}
RESULT: {"using":"xpath","value":"//span[contains(@id ,\"filterItemControl_BASIC-RECEIVE_CONTRACT-vhi\")]"}
COMMAND: POST /session/8b9d24fb39cbfc9e79ab89721a1c9e7d/element/f.7652131D378371FA98FE7F43E0E28151.d.CEC866BC41D485CD844FF1B138EB7D07.e.16890/click - {}
RESULT: {}
COMMAND: GET /session/8b9d24fb39cbfc9e79ab89721a1c9e7d/screenshot - {}
RESULT: {}
COMMAND: POST /session/8b9d24fb39cbfc9e79ab89721a1c9e7d/execute/async - {"script":"<script> [1562 bytes]","args":[{"selector":{"controlType":"sap.m.SearchField","viewName":"etm.portal.ui.managehandovers.view.MasterHO","bindingPath":{"path":"","propertyPath":"/_BASIC_SEARCH_FIELD","modelName":"fi1t3rM0d31"},"searchOpenDialogs":true,"interaction":{"idSuffix":"I"}},"wdio_ui5_key":"etmportal.ui.managehandovers.view.MasterHOsap.m.SearchField{\"path\":\"\",\"propertyPath\":\"/_BASIC_SEARCH_FIELD\",\"modelName\":\"fi1t3rM0d31\"}"}]}
RESULT: {"script":"<script> [1562 bytes]","args":[{"selector":{"controlType":"sap.m.SearchField","viewName":"etm.portal.ui.managehandovers.view.MasterHO","bindingPath":{"path":"","propertyPath":"/_BASIC_SEARCH_FIELD","modelName":"fi1t3rM0d31"},"searchOpenDialogs":true,"interaction":{"idSuffix":"I"}},"wdio_ui5_key":"etmportal.ui.managehandovers.view.MasterHOsap.m.SearchField{\"path\":\"\",\"propertyPath\":\"/_BASIC_SEARCH_FIELD\",\"modelName\":\"fi1t3rM0d31\"}"}]}
RESULT: undefined
COMMAND: POST /session/8b9d24fb39cbfc9e79ab89721a1c9e7d/execute/async - {"script":"<script> [776 bytes]","args":[{"enterText":"10172","selector":{"controlType":"sap.m.SearchField","viewName":"etm.portal.ui.managehandovers.view.MasterHO","bindingPath":{"path":"","propertyPath":"/_BASIC_SEARCH_FIELD","modelName":"fi1t3rM0d31"},"searchOpenDialogs":true,"interaction":{"idSuffix":"I"}},"clearTextFirst":true,"interactionType":"ENTER_TEXT"}]}
RESULT: {"script":"<script> [776 bytes]","args":[{"enterText":"10172","selector":{"controlType":"sap.m.SearchField","viewName":"etm.portal.ui.managehandovers.view.MasterHO","bindingPath":{"path":"","propertyPath":"/_BASIC_SEARCH_FIELD","modelName":"fi1t3rM0d31"},"searchOpenDialogs":true,"interaction":{"idSuffix":"I"}},"clearTextFirst":true,"interactionType":"ENTER_TEXT"}]}
COMMAND: POST /session/8b9d24fb39cbfc9e79ab89721a1c9e7d/actions - {"actions":[{"id":"action49","type":"key","parameters":{},"actions":[{"type":"keyDown","value":""},{"type":"pause","duration":10},{"type":"keyUp","value":""}]}]}
RESULT: {"actions":[{"id":"action49","type":"key","parameters":{},"actions":[{"type":"keyDown","value":""},{"type":"pause","duration":10},{"type":"keyUp","value":""}]}]}
COMMAND: GET /session/8b9d24fb39cbfc9e79ab89721a1c9e7d/screenshot - {}
RESULT: {}
COMMAND: POST /session/8b9d24fb39cbfc9e79ab89721a1c9e7d/element - {"using":"xpath","value":"//div[contains(@id, 'filterItemControl_BASIC-RECEIVE_CONTRACT-valueHelpDialog-table-rowsel0')]"}
RESULT: {"using":"xpath","value":"//div[contains(@id, 'filterItemControl_BASIC-RECEIVE_CONTRACT-valueHelpDialog-table-rowsel0')]"}
COMMAND: POST /session/8b9d24fb39cbfc9e79ab89721a1c9e7d/element/f.7652131D378371FA98FE7F43E0E28151.d.CEC866BC41D485CD844FF1B138EB7D07.e.16899/click - {}
RESULT: {}
COMMAND: GET /session/8b9d24fb39cbfc9e79ab89721a1c9e7d/screenshot - {}
RESULT: {}
COMMAND: POST /session/8b9d24fb39cbfc9e79ab89721a1c9e7d/element - {"using":"xpath","value":"//bdi[contains(text(), \"OK\")]"}
RESULT: {"using":"xpath","value":"//bdi[contains(text(), \"OK\")]"}
COMMAND: POST /session/8b9d24fb39cbfc9e79ab89721a1c9e7d/element/f.7652131D378371FA98FE7F43E0E28151.d.CEC866BC41D485CD844FF1B138EB7D07.e.16901/click - {}
RESULT: {}
COMMAND: GET /session/8b9d24fb39cbfc9e79ab89721a1c9e7d/screenshot - {}
RESULT: {}
COMMAND: POST /session/8b9d24fb39cbfc9e79ab89721a1c9e7d/element - {"using":"xpath","value":"//span[contains(@id, \"smartTable-header-inner\")]"}
RESULT: {"using":"xpath","value":"//span[contains(@id, \"smartTable-header-inner\")]"}
COMMAND: POST /session/8b9d24fb39cbfc9e79ab89721a1c9e7d/elements - {"using":"xpath","value":"//span[contains(@id, \"smartTable-header-inner\")]"}
RESULT: {"using":"xpath","value":"//span[contains(@id, \"smartTable-header-inner\")]"}
COMMAND: POST /session/8b9d24fb39cbfc9e79ab89721a1c9e7d/execute/sync - {"script":"<script> [56 bytes]","args":[{"element-6066-11e4-a52e-4f735466cecf":"f.7652131D378371FA98FE7F43E0E28151.d.CEC866BC41D485CD844FF1B138EB7D07.e.16929","ELEMENT":"f.7652131D378371FA98FE7F43E0E28151.d.CEC866BC41D485CD844FF1B138EB7D07.e.16929"}]}
RESULT: {"script":"<script> [56 bytes]","args":[{"element-6066-11e4-a52e-4f735466cecf":"f.7652131D378371FA98FE7F43E0E28151.d.CEC866BC41D485CD844FF1B138EB7D07.e.16929","ELEMENT":"f.7652131D378371FA98FE7F43E0E28151.d.CEC866BC41D485CD844FF1B138EB7D07.e.16929"}]}
COMMAND: POST /session/8b9d24fb39cbfc9e79ab89721a1c9e7d/element - {"using":"xpath","value":"//table[contains(@id, \"customHandovers\")]//tbody/tr[1]/td[2]/span"}
COMMAND: GET /session/8b9d24fb39cbfc9e79ab89721a1c9e7d/screenshot - {}
RESULT: {"using":"xpath","value":"//table[contains(@id, \"customHandovers\")]//tbody/tr[1]/td[2]/span"}
COMMAND: POST /session/8b9d24fb39cbfc9e79ab89721a1c9e7d/execute/sync - {"script":"<script> [56 bytes]","args":[{"element-6066-11e4-a52e-4f735466cecf":"f.7652131D378371FA98FE7F43E0E28151.d.CEC866BC41D485CD844FF1B138EB7D07.e.16930","ELEMENT":"f.7652131D378371FA98FE7F43E0E28151.d.CEC866BC41D485CD844FF1B138EB7D07.e.16930"}]}
RESULT: {}
RESULT: {"script":"<script> [56 bytes]","args":[{"element-6066-11e4-a52e-4f735466cecf":"f.7652131D378371FA98FE7F43E0E28151.d.CEC866BC41D485CD844FF1B138EB7D07.e.16930","ELEMENT":"f.7652131D378371FA98FE7F43E0E28151.d.CEC866BC41D485CD844FF1B138EB7D07.e.16930"}]}
COMMAND: POST /session/8b9d24fb39cbfc9e79ab89721a1c9e7d/element - {"using":"xpath","value":"(//span[contains(@id, \"imgNav\")])[1]"}
COMMAND: GET /session/8b9d24fb39cbfc9e79ab89721a1c9e7d/screenshot - {}
RESULT: {"using":"xpath","value":"(//span[contains(@id, \"imgNav\")])[1]"}
COMMAND: POST /session/8b9d24fb39cbfc9e79ab89721a1c9e7d/element/f.7652131D378371FA98FE7F43E0E28151.d.CEC866BC41D485CD844FF1B138EB7D07.e.16927/click - {}
RESULT: {}
RESULT: {}
COMMAND: GET /session/8b9d24fb39cbfc9e79ab89721a1c9e7d/screenshot - {}
RESULT: {}
RESULT: undefined
COMMAND: POST /session/8b9d24fb39cbfc9e79ab89721a1c9e7d/execute/async - {"script":"<script> [776 bytes]","args":[{"enterText":"6/13/25","selector":{"id":"issueDatePicker","viewName":"etm.portal.ui.managehandovers.view.DetailExecuteHO","interaction":{"idSuffix":"inner"}},"clearTextFirst":true,"interactionType":"ENTER_TEXT"}]}
RESULT: {"script":"<script> [776 bytes]","args":[{"enterText":"6/13/25","selector":{"id":"issueDatePicker","viewName":"etm.portal.ui.managehandovers.view.DetailExecuteHO","interaction":{"idSuffix":"inner"}},"clearTextFirst":true,"interactionType":"ENTER_TEXT"}]}
COMMAND: POST /session/8b9d24fb39cbfc9e79ab89721a1c9e7d/element - {"using":"xpath","value":"//button[@data-kt=\"IssuingTableConfirmAllButton\"]"}
RESULT: {"using":"xpath","value":"//button[@data-kt=\"IssuingTableConfirmAllButton\"]"}
COMMAND: POST /session/8b9d24fb39cbfc9e79ab89721a1c9e7d/element/f.7652131D378371FA98FE7F43E0E28151.d.CEC866BC41D485CD844FF1B138EB7D07.e.16971/click - {}
RESULT: {}
COMMAND: GET /session/8b9d24fb39cbfc9e79ab89721a1c9e7d/screenshot - {}
RESULT: {}
COMMAND: POST /session/8b9d24fb39cbfc9e79ab89721a1c9e7d/element - {"using":"xpath","value":"//bdi[contains(text(), \"OK\")]"}
RESULT: {"using":"xpath","value":"//bdi[contains(text(), \"OK\")]"}
COMMAND: POST /session/8b9d24fb39cbfc9e79ab89721a1c9e7d/element/f.7652131D378371FA98FE7F43E0E28151.d.CEC866BC41D485CD844FF1B138EB7D07.e.16986/click - {}
RESULT: {}
COMMAND: GET /session/8b9d24fb39cbfc9e79ab89721a1c9e7d/screenshot - {}
RESULT: {}
COMMAND: POST /session/8b9d24fb39cbfc9e79ab89721a1c9e7d/element - {"using":"xpath","value":"//button[@data-kt=\"execHoIssueButton\"]"}
RESULT: {"using":"xpath","value":"//button[@data-kt=\"execHoIssueButton\"]"}
COMMAND: POST /session/8b9d24fb39cbfc9e79ab89721a1c9e7d/element/f.7652131D378371FA98FE7F43E0E28151.d.CEC866BC41D485CD844FF1B138EB7D07.e.16988/click - {}
RESULT: {}
COMMAND: GET /session/8b9d24fb39cbfc9e79ab89721a1c9e7d/screenshot - {}
RESULT: {}
COMMAND: POST /session/8b9d24fb39cbfc9e79ab89721a1c9e7d/element - {"using":"xpath","value":"//input[contains(@id ,\"smartFilterBar-btnBasicSearch-I\")]"}
RESULT: {"using":"xpath","value":"//input[contains(@id ,\"smartFilterBar-btnBasicSearch-I\")]"}
COMMAND: POST /session/8b9d24fb39cbfc9e79ab89721a1c9e7d/elements - {"using":"xpath","value":"//input[contains(@id ,\"smartFilterBar-btnBasicSearch-I\")]"}
RESULT: {"using":"xpath","value":"//input[contains(@id ,\"smartFilterBar-btnBasicSearch-I\")]"}
COMMAND: POST /session/8b9d24fb39cbfc9e79ab89721a1c9e7d/execute/sync - {"script":"<script> [8489 bytes]","args":[{"element-6066-11e4-a52e-4f735466cecf":"f.7652131D378371FA98FE7F43E0E28151.d.CEC866BC41D485CD844FF1B138EB7D07.e.16304","ELEMENT":"f.7652131D378371FA98FE7F43E0E28151.d.CEC866BC41D485CD844FF1B138EB7D07.e.16304"}]}
RESULT: {"script":"<script> [8489 bytes]","args":[{"element-6066-11e4-a52e-4f735466cecf":"f.7652131D378371FA98FE7F43E0E28151.d.CEC866BC41D485CD844FF1B138EB7D07.e.16304","ELEMENT":"f.7652131D378371FA98FE7F43E0E28151.d.CEC866BC41D485CD844FF1B138EB7D07.e.16304"}]}
COMMAND: GET /session/8b9d24fb39cbfc9e79ab89721a1c9e7d/element/f.7652131D378371FA98FE7F43E0E28151.d.CEC866BC41D485CD844FF1B138EB7D07.e.16304/enabled - {}
COMMAND: GET /session/8b9d24fb39cbfc9e79ab89721a1c9e7d/screenshot - {}
RESULT: {}
COMMAND: POST /session/8b9d24fb39cbfc9e79ab89721a1c9e7d/element/f.7652131D378371FA98FE7F43E0E28151.d.CEC866BC41D485CD844FF1B138EB7D07.e.16304/clear - {}
COMMAND: GET /session/8b9d24fb39cbfc9e79ab89721a1c9e7d/screenshot - {}
RESULT: {}
RESULT: {}
COMMAND: POST /session/8b9d24fb39cbfc9e79ab89721a1c9e7d/element/f.7652131D378371FA98FE7F43E0E28151.d.CEC866BC41D485CD844FF1B138EB7D07.e.16304/value - {"text":"30378"}
COMMAND: GET /session/8b9d24fb39cbfc9e79ab89721a1c9e7d/screenshot - {}
RESULT: {}
RESULT: {"text":"30378"}
COMMAND: GET /session/8b9d24fb39cbfc9e79ab89721a1c9e7d/screenshot - {}
RESULT: {}
RESULT: {}
COMMAND: POST /session/8b9d24fb39cbfc9e79ab89721a1c9e7d/actions - {"actions":[{"id":"action50","type":"key","parameters":{},"actions":[{"type":"keyDown","value":""},{"type":"pause","duration":10},{"type":"keyUp","value":""}]}]}
RESULT: {"actions":[{"id":"action50","type":"key","parameters":{},"actions":[{"type":"keyDown","value":""},{"type":"pause","duration":10},{"type":"keyUp","value":""}]}]}
COMMAND: GET /session/8b9d24fb39cbfc9e79ab89721a1c9e7d/screenshot - {}
RESULT: {}
COMMAND: POST /session/8b9d24fb39cbfc9e79ab89721a1c9e7d/element - {"using":"xpath","value":"//span[contains(@id, \"smartTable-header-inner\")]"}
RESULT: {"using":"xpath","value":"//span[contains(@id, \"smartTable-header-inner\")]"}
COMMAND: POST /session/8b9d24fb39cbfc9e79ab89721a1c9e7d/elements - {"using":"xpath","value":"//span[contains(@id, \"smartTable-header-inner\")]"}
RESULT: {"using":"xpath","value":"//span[contains(@id, \"smartTable-header-inner\")]"}
COMMAND: POST /session/8b9d24fb39cbfc9e79ab89721a1c9e7d/execute/sync - {"script":"<script> [56 bytes]","args":[{"element-6066-11e4-a52e-4f735466cecf":"f.7652131D378371FA98FE7F43E0E28151.d.CEC866BC41D485CD844FF1B138EB7D07.e.16929","ELEMENT":"f.7652131D378371FA98FE7F43E0E28151.d.CEC866BC41D485CD844FF1B138EB7D07.e.16929"}]}
RESULT: {"script":"<script> [56 bytes]","args":[{"element-6066-11e4-a52e-4f735466cecf":"f.7652131D378371FA98FE7F43E0E28151.d.CEC866BC41D485CD844FF1B138EB7D07.e.16929","ELEMENT":"f.7652131D378371FA98FE7F43E0E28151.d.CEC866BC41D485CD844FF1B138EB7D07.e.16929"}]}
COMMAND: POST /session/8b9d24fb39cbfc9e79ab89721a1c9e7d/elements - {"using":"xpath","value":"//thead[contains(@class, \"sapMTableTH\")]/tr/th"}
COMMAND: GET /session/8b9d24fb39cbfc9e79ab89721a1c9e7d/screenshot - {}
RESULT: {"using":"xpath","value":"//thead[contains(@class, \"sapMTableTH\")]/tr/th"}
COMMAND: GET /session/8b9d24fb39cbfc9e79ab89721a1c9e7d/element/f.7652131D378371FA98FE7F43E0E28151.d.CEC866BC41D485CD844FF1B138EB7D07.e.17032/text - {}
RESULT: {}
RESULT: {}
COMMAND: GET /session/8b9d24fb39cbfc9e79ab89721a1c9e7d/element/f.7652131D378371FA98FE7F43E0E28151.d.CEC866BC41D485CD844FF1B138EB7D07.e.17033/text - {}
RESULT: {}
COMMAND: GET /session/8b9d24fb39cbfc9e79ab89721a1c9e7d/element/f.7652131D378371FA98FE7F43E0E28151.d.CEC866BC41D485CD844FF1B138EB7D07.e.16298/text - {}
RESULT: {}
COMMAND: GET /session/8b9d24fb39cbfc9e79ab89721a1c9e7d/element/f.7652131D378371FA98FE7F43E0E28151.d.CEC866BC41D485CD844FF1B138EB7D07.e.16300/text - {}
RESULT: {}
COMMAND: GET /session/8b9d24fb39cbfc9e79ab89721a1c9e7d/element/f.7652131D378371FA98FE7F43E0E28151.d.CEC866BC41D485CD844FF1B138EB7D07.e.16992/text - {}
RESULT: {}
COMMAND: GET /session/8b9d24fb39cbfc9e79ab89721a1c9e7d/element/f.7652131D378371FA98FE7F43E0E28151.d.CEC866BC41D485CD844FF1B138EB7D07.e.16993/text - {}
RESULT: {}
COMMAND: GET /session/8b9d24fb39cbfc9e79ab89721a1c9e7d/element/f.7652131D378371FA98FE7F43E0E28151.d.CEC866BC41D485CD844FF1B138EB7D07.e.16994/text - {}
RESULT: {}
COMMAND: GET /session/8b9d24fb39cbfc9e79ab89721a1c9e7d/element/f.7652131D378371FA98FE7F43E0E28151.d.CEC866BC41D485CD844FF1B138EB7D07.e.16995/text - {}
RESULT: {}
COMMAND: GET /session/8b9d24fb39cbfc9e79ab89721a1c9e7d/element/f.7652131D378371FA98FE7F43E0E28151.d.CEC866BC41D485CD844FF1B138EB7D07.e.16996/text - {}
RESULT: {}
COMMAND: GET /session/8b9d24fb39cbfc9e79ab89721a1c9e7d/element/f.7652131D378371FA98FE7F43E0E28151.d.CEC866BC41D485CD844FF1B138EB7D07.e.16997/text - {}
RESULT: {}
COMMAND: GET /session/8b9d24fb39cbfc9e79ab89721a1c9e7d/element/f.7652131D378371FA98FE7F43E0E28151.d.CEC866BC41D485CD844FF1B138EB7D07.e.16998/text - {}
RESULT: {}
COMMAND: GET /session/8b9d24fb39cbfc9e79ab89721a1c9e7d/element/f.7652131D378371FA98FE7F43E0E28151.d.CEC866BC41D485CD844FF1B138EB7D07.e.16999/text - {}
RESULT: {}
COMMAND: GET /session/8b9d24fb39cbfc9e79ab89721a1c9e7d/element/f.7652131D378371FA98FE7F43E0E28151.d.CEC866BC41D485CD844FF1B138EB7D07.e.17000/text - {}
RESULT: {}
COMMAND: GET /session/8b9d24fb39cbfc9e79ab89721a1c9e7d/element/f.7652131D378371FA98FE7F43E0E28151.d.CEC866BC41D485CD844FF1B138EB7D07.e.16301/text - {}
RESULT: {}
COMMAND: POST /session/8b9d24fb39cbfc9e79ab89721a1c9e7d/element - {"using":"xpath","value":"//tbody[contains(@id, \"customHandoversTable-tblBody\")]/tr[1]/td[14]/div/span"}
RESULT: {"using":"xpath","value":"//tbody[contains(@id, \"customHandoversTable-tblBody\")]/tr[1]/td[14]/div/span"}
COMMAND: POST /session/8b9d24fb39cbfc9e79ab89721a1c9e7d/execute/sync - {"script":"<script> [56 bytes]","args":[{"element-6066-11e4-a52e-4f735466cecf":"f.7652131D378371FA98FE7F43E0E28151.d.CEC866BC41D485CD844FF1B138EB7D07.e.17082","ELEMENT":"f.7652131D378371FA98FE7F43E0E28151.d.CEC866BC41D485CD844FF1B138EB7D07.e.17082"}]}
RESULT: {"script":"<script> [56 bytes]","args":[{"element-6066-11e4-a52e-4f735466cecf":"f.7652131D378371FA98FE7F43E0E28151.d.CEC866BC41D485CD844FF1B138EB7D07.e.17082","ELEMENT":"f.7652131D378371FA98FE7F43E0E28151.d.CEC866BC41D485CD844FF1B138EB7D07.e.17082"}]}
COMMAND: POST /session/8b9d24fb39cbfc9e79ab89721a1c9e7d/element - {"using":"xpath","value":"(//span[contains(@id, \"imgNav\")])[1]"}
COMMAND: GET /session/8b9d24fb39cbfc9e79ab89721a1c9e7d/screenshot - {}
RESULT: {"using":"xpath","value":"(//span[contains(@id, \"imgNav\")])[1]"}
COMMAND: POST /session/8b9d24fb39cbfc9e79ab89721a1c9e7d/element/f.7652131D378371FA98FE7F43E0E28151.d.CEC866BC41D485CD844FF1B138EB7D07.e.17028/click - {}
RESULT: {}
RESULT: {}
COMMAND: GET /session/8b9d24fb39cbfc9e79ab89721a1c9e7d/screenshot - {}
RESULT: {}
RESULT: undefined
COMMAND: POST /session/8b9d24fb39cbfc9e79ab89721a1c9e7d/execute/async - {"script":"<script> [776 bytes]","args":[{"enterText":"06/13/25","selector":{"id":"receiptDatePicker","viewName":"etm.portal.ui.managehandovers.view.DetailExecuteHO","interaction":{"idSuffix":"inner"}},"clearTextFirst":true,"interactionType":"ENTER_TEXT"}]}
RESULT: {"script":"<script> [776 bytes]","args":[{"enterText":"06/13/25","selector":{"id":"receiptDatePicker","viewName":"etm.portal.ui.managehandovers.view.DetailExecuteHO","interaction":{"idSuffix":"inner"}},"clearTextFirst":true,"interactionType":"ENTER_TEXT"}]}
COMMAND: POST /session/8b9d24fb39cbfc9e79ab89721a1c9e7d/element - {"using":"xpath","value":"//bdi[contains(text(), \"OK\")]"}
RESULT: {"using":"xpath","value":"//bdi[contains(text(), \"OK\")]"}
COMMAND: POST /session/8b9d24fb39cbfc9e79ab89721a1c9e7d/element/f.7652131D378371FA98FE7F43E0E28151.d.CEC866BC41D485CD844FF1B138EB7D07.e.17106/click - {}
RESULT: {}
COMMAND: GET /session/8b9d24fb39cbfc9e79ab89721a1c9e7d/screenshot - {}
RESULT: {}
COMMAND: POST /session/8b9d24fb39cbfc9e79ab89721a1c9e7d/element - {"using":"xpath","value":"//button[@data-kt=\"ReceivingTableConfirmAllButton\"]"}
RESULT: {"using":"xpath","value":"//button[@data-kt=\"ReceivingTableConfirmAllButton\"]"}
COMMAND: POST /session/8b9d24fb39cbfc9e79ab89721a1c9e7d/element/f.7652131D378371FA98FE7F43E0E28151.d.CEC866BC41D485CD844FF1B138EB7D07.e.17091/click - {}
RESULT: {}
COMMAND: GET /session/8b9d24fb39cbfc9e79ab89721a1c9e7d/screenshot - {}
RESULT: {}
COMMAND: POST /session/8b9d24fb39cbfc9e79ab89721a1c9e7d/element - {"using":"xpath","value":"//bdi[contains(text(), \"OK\")]"}
RESULT: {"using":"xpath","value":"//bdi[contains(text(), \"OK\")]"}
COMMAND: POST /session/8b9d24fb39cbfc9e79ab89721a1c9e7d/element/f.7652131D378371FA98FE7F43E0E28151.d.CEC866BC41D485CD844FF1B138EB7D07.e.17117/click - {}
RESULT: {}
COMMAND: GET /session/8b9d24fb39cbfc9e79ab89721a1c9e7d/screenshot - {}
RESULT: {}
COMMAND: POST /session/8b9d24fb39cbfc9e79ab89721a1c9e7d/element - {"using":"xpath","value":"//button[@data-kt= \"execHoReceiveButton\"]"}
RESULT: {"using":"xpath","value":"//button[@data-kt= \"execHoReceiveButton\"]"}
COMMAND: POST /session/8b9d24fb39cbfc9e79ab89721a1c9e7d/element/f.7652131D378371FA98FE7F43E0E28151.d.CEC866BC41D485CD844FF1B138EB7D07.e.17119/click - {}
RESULT: {}
COMMAND: GET /session/8b9d24fb39cbfc9e79ab89721a1c9e7d/screenshot - {}
RESULT: {}
COMMAND: POST /session/8b9d24fb39cbfc9e79ab89721a1c9e7d/element - {"using":"xpath","value":"//input[contains(@id ,\"smartFilterBar-btnBasicSearch-I\")]"}
RESULT: {"using":"xpath","value":"//input[contains(@id ,\"smartFilterBar-btnBasicSearch-I\")]"}
COMMAND: POST /session/8b9d24fb39cbfc9e79ab89721a1c9e7d/elements - {"using":"xpath","value":"//input[contains(@id ,\"smartFilterBar-btnBasicSearch-I\")]"}
RESULT: {"using":"xpath","value":"//input[contains(@id ,\"smartFilterBar-btnBasicSearch-I\")]"}
COMMAND: POST /session/8b9d24fb39cbfc9e79ab89721a1c9e7d/execute/sync - {"script":"<script> [8489 bytes]","args":[{"element-6066-11e4-a52e-4f735466cecf":"f.7652131D378371FA98FE7F43E0E28151.d.CEC866BC41D485CD844FF1B138EB7D07.e.16304","ELEMENT":"f.7652131D378371FA98FE7F43E0E28151.d.CEC866BC41D485CD844FF1B138EB7D07.e.16304"}]}
RESULT: {"script":"<script> [8489 bytes]","args":[{"element-6066-11e4-a52e-4f735466cecf":"f.7652131D378371FA98FE7F43E0E28151.d.CEC866BC41D485CD844FF1B138EB7D07.e.16304","ELEMENT":"f.7652131D378371FA98FE7F43E0E28151.d.CEC866BC41D485CD844FF1B138EB7D07.e.16304"}]}
COMMAND: GET /session/8b9d24fb39cbfc9e79ab89721a1c9e7d/element/f.7652131D378371FA98FE7F43E0E28151.d.CEC866BC41D485CD844FF1B138EB7D07.e.16304/enabled - {}
COMMAND: GET /session/8b9d24fb39cbfc9e79ab89721a1c9e7d/screenshot - {}
RESULT: {}
COMMAND: POST /session/8b9d24fb39cbfc9e79ab89721a1c9e7d/element/f.7652131D378371FA98FE7F43E0E28151.d.CEC866BC41D485CD844FF1B138EB7D07.e.16304/clear - {}
COMMAND: GET /session/8b9d24fb39cbfc9e79ab89721a1c9e7d/screenshot - {}
RESULT: {}
RESULT: {}
COMMAND: POST /session/8b9d24fb39cbfc9e79ab89721a1c9e7d/element/f.7652131D378371FA98FE7F43E0E28151.d.CEC866BC41D485CD844FF1B138EB7D07.e.16304/value - {"text":"30378"}
COMMAND: GET /session/8b9d24fb39cbfc9e79ab89721a1c9e7d/screenshot - {}
RESULT: {}
RESULT: {"text":"30378"}
COMMAND: GET /session/8b9d24fb39cbfc9e79ab89721a1c9e7d/screenshot - {}
RESULT: {}
RESULT: {}
COMMAND: POST /session/8b9d24fb39cbfc9e79ab89721a1c9e7d/actions - {"actions":[{"id":"action51","type":"key","parameters":{},"actions":[{"type":"keyDown","value":""},{"type":"pause","duration":10},{"type":"keyUp","value":""}]}]}
RESULT: {"actions":[{"id":"action51","type":"key","parameters":{},"actions":[{"type":"keyDown","value":""},{"type":"pause","duration":10},{"type":"keyUp","value":""}]}]}
COMMAND: GET /session/8b9d24fb39cbfc9e79ab89721a1c9e7d/screenshot - {}
RESULT: {}
COMMAND: POST /session/8b9d24fb39cbfc9e79ab89721a1c9e7d/element - {"using":"xpath","value":"//span[contains(@id, \"smartTable-header-inner\")]"}
RESULT: {"using":"xpath","value":"//span[contains(@id, \"smartTable-header-inner\")]"}
COMMAND: POST /session/8b9d24fb39cbfc9e79ab89721a1c9e7d/elements - {"using":"xpath","value":"//span[contains(@id, \"smartTable-header-inner\")]"}
RESULT: {"using":"xpath","value":"//span[contains(@id, \"smartTable-header-inner\")]"}
COMMAND: POST /session/8b9d24fb39cbfc9e79ab89721a1c9e7d/execute/sync - {"script":"<script> [56 bytes]","args":[{"element-6066-11e4-a52e-4f735466cecf":"f.7652131D378371FA98FE7F43E0E28151.d.CEC866BC41D485CD844FF1B138EB7D07.e.16929","ELEMENT":"f.7652131D378371FA98FE7F43E0E28151.d.CEC866BC41D485CD844FF1B138EB7D07.e.16929"}]}
RESULT: {"script":"<script> [56 bytes]","args":[{"element-6066-11e4-a52e-4f735466cecf":"f.7652131D378371FA98FE7F43E0E28151.d.CEC866BC41D485CD844FF1B138EB7D07.e.16929","ELEMENT":"f.7652131D378371FA98FE7F43E0E28151.d.CEC866BC41D485CD844FF1B138EB7D07.e.16929"}]}
COMMAND: POST /session/8b9d24fb39cbfc9e79ab89721a1c9e7d/elements - {"using":"xpath","value":"//thead[contains(@class, \"sapMTableTH\")]/tr/th"}
COMMAND: GET /session/8b9d24fb39cbfc9e79ab89721a1c9e7d/screenshot - {}
RESULT: {"using":"xpath","value":"//thead[contains(@class, \"sapMTableTH\")]/tr/th"}
COMMAND: GET /session/8b9d24fb39cbfc9e79ab89721a1c9e7d/element/f.7652131D378371FA98FE7F43E0E28151.d.CEC866BC41D485CD844FF1B138EB7D07.e.17032/text - {}
RESULT: {}
RESULT: {}
COMMAND: GET /session/8b9d24fb39cbfc9e79ab89721a1c9e7d/element/f.7652131D378371FA98FE7F43E0E28151.d.CEC866BC41D485CD844FF1B138EB7D07.e.17033/text - {}
RESULT: {}
COMMAND: GET /session/8b9d24fb39cbfc9e79ab89721a1c9e7d/element/f.7652131D378371FA98FE7F43E0E28151.d.CEC866BC41D485CD844FF1B138EB7D07.e.16298/text - {}
RESULT: {}
COMMAND: GET /session/8b9d24fb39cbfc9e79ab89721a1c9e7d/element/f.7652131D378371FA98FE7F43E0E28151.d.CEC866BC41D485CD844FF1B138EB7D07.e.16300/text - {}
RESULT: {}
COMMAND: GET /session/8b9d24fb39cbfc9e79ab89721a1c9e7d/element/f.7652131D378371FA98FE7F43E0E28151.d.CEC866BC41D485CD844FF1B138EB7D07.e.17123/text - {}
RESULT: {}
COMMAND: GET /session/8b9d24fb39cbfc9e79ab89721a1c9e7d/element/f.7652131D378371FA98FE7F43E0E28151.d.CEC866BC41D485CD844FF1B138EB7D07.e.17124/text - {}
RESULT: {}
COMMAND: GET /session/8b9d24fb39cbfc9e79ab89721a1c9e7d/element/f.7652131D378371FA98FE7F43E0E28151.d.CEC866BC41D485CD844FF1B138EB7D07.e.17125/text - {}
RESULT: {}
COMMAND: GET /session/8b9d24fb39cbfc9e79ab89721a1c9e7d/element/f.7652131D378371FA98FE7F43E0E28151.d.CEC866BC41D485CD844FF1B138EB7D07.e.17126/text - {}
RESULT: {}
COMMAND: GET /session/8b9d24fb39cbfc9e79ab89721a1c9e7d/element/f.7652131D378371FA98FE7F43E0E28151.d.CEC866BC41D485CD844FF1B138EB7D07.e.17127/text - {}
RESULT: {}
COMMAND: GET /session/8b9d24fb39cbfc9e79ab89721a1c9e7d/element/f.7652131D378371FA98FE7F43E0E28151.d.CEC866BC41D485CD844FF1B138EB7D07.e.17128/text - {}
RESULT: {}
COMMAND: GET /session/8b9d24fb39cbfc9e79ab89721a1c9e7d/element/f.7652131D378371FA98FE7F43E0E28151.d.CEC866BC41D485CD844FF1B138EB7D07.e.17129/text - {}
RESULT: {}
COMMAND: GET /session/8b9d24fb39cbfc9e79ab89721a1c9e7d/element/f.7652131D378371FA98FE7F43E0E28151.d.CEC866BC41D485CD844FF1B138EB7D07.e.17130/text - {}
RESULT: {}
COMMAND: GET /session/8b9d24fb39cbfc9e79ab89721a1c9e7d/element/f.7652131D378371FA98FE7F43E0E28151.d.CEC866BC41D485CD844FF1B138EB7D07.e.17131/text - {}
RESULT: {}
COMMAND: GET /session/8b9d24fb39cbfc9e79ab89721a1c9e7d/element/f.7652131D378371FA98FE7F43E0E28151.d.CEC866BC41D485CD844FF1B138EB7D07.e.16301/text - {}
RESULT: {}
COMMAND: POST /session/8b9d24fb39cbfc9e79ab89721a1c9e7d/element - {"using":"xpath","value":"//tbody[contains(@id, \"customHandoversTable-tblBody\")]/tr[1]/td[14]/div/span"}
RESULT: {"using":"xpath","value":"//tbody[contains(@id, \"customHandoversTable-tblBody\")]/tr[1]/td[14]/div/span"}
COMMAND: POST /session/8b9d24fb39cbfc9e79ab89721a1c9e7d/execute/sync - {"script":"<script> [56 bytes]","args":[{"element-6066-11e4-a52e-4f735466cecf":"f.7652131D378371FA98FE7F43E0E28151.d.CEC866BC41D485CD844FF1B138EB7D07.e.17176","ELEMENT":"f.7652131D378371FA98FE7F43E0E28151.d.CEC866BC41D485CD844FF1B138EB7D07.e.17176"}]}
RESULT: {"script":"<script> [56 bytes]","args":[{"element-6066-11e4-a52e-4f735466cecf":"f.7652131D378371FA98FE7F43E0E28151.d.CEC866BC41D485CD844FF1B138EB7D07.e.17176","ELEMENT":"f.7652131D378371FA98FE7F43E0E28151.d.CEC866BC41D485CD844FF1B138EB7D07.e.17176"}]}
]]></system-out>
    </testcase>
    <testcase classname="chrome.137_0_7151_69.windows.Provide_to_Site_w/o_warehouse_management_w_clarification" name="Should Test for Handover Execution" time="13.029">
      <system-out><![CDATA[
COMMAND: GET /session/8b9d24fb39cbfc9e79ab89721a1c9e7d/screenshot - {}
COMMAND: POST /session/8b9d24fb39cbfc9e79ab89721a1c9e7d/element - {"using":"xpath","value":"(//span[contains(@id, \"imgNav\")])[1]"}
RESULT: {"using":"xpath","value":"(//span[contains(@id, \"imgNav\")])[1]"}
COMMAND: POST /session/8b9d24fb39cbfc9e79ab89721a1c9e7d/element/f.7652131D378371FA98FE7F43E0E28151.d.CEC866BC41D485CD844FF1B138EB7D07.e.17177/click - {}
RESULT: {}
RESULT: {}
COMMAND: GET /session/8b9d24fb39cbfc9e79ab89721a1c9e7d/screenshot - {}
RESULT: {}
COMMAND: POST /session/8b9d24fb39cbfc9e79ab89721a1c9e7d/element - {"using":"css selector","value":"#shell-header-logo"}
RESULT: {"using":"css selector","value":"#shell-header-logo"}
COMMAND: POST /session/8b9d24fb39cbfc9e79ab89721a1c9e7d/element/f.7652131D378371FA98FE7F43E0E28151.d.CEC866BC41D485CD844FF1B138EB7D07.e.15607/click - {}
RESULT: {}
COMMAND: GET /session/8b9d24fb39cbfc9e79ab89721a1c9e7d/screenshot - {}
RESULT: {}
]]></system-out>
    </testcase>
    <testcase classname="chrome.137_0_7151_69.windows.Provide_to_Site_w/o_warehouse_management_w_clarification" name="Should test for Clarification" time="0.003">
      <system-out><![CDATA[
COMMAND: POST /session/8b9d24fb39cbfc9e79ab89721a1c9e7d/element - {"using":"css selector","value":"#j_username"}
COMMAND: POST /session/8b9d24fb39cbfc9e79ab89721a1c9e7d/url - {"url":"https://qa-testing-00-live-etm-ui.cfapps.eu10-004.hana.ondemand.com/"}
RESULT: {"using":"css selector","value":"#j_username"}
COMMAND: POST /session/8b9d24fb39cbfc9e79ab89721a1c9e7d/element - {"using":"css selector","value":"#j_username"}
RESULT: {"url":"https://qa-testing-00-live-etm-ui.cfapps.eu10-004.hana.ondemand.com/"}
RESULT: undefined
COMMAND: GET /session/8b9d24fb39cbfc9e79ab89721a1c9e7d/screenshot - {}
RESULT: {"using":"css selector","value":"#j_username"}
COMMAND: POST /session/8b9d24fb39cbfc9e79ab89721a1c9e7d/element - {"using":"css selector","value":"#shell-header-logo"}
RESULT: {}
RESULT: {"using":"css selector","value":"#shell-header-logo"}
COMMAND: POST /session/8b9d24fb39cbfc9e79ab89721a1c9e7d/execute/sync - {"script":"<script> [8489 bytes]","args":[{"element-6066-11e4-a52e-4f735466cecf":"f.7652131D378371FA98FE7F43E0E28151.d.8489637866C79CE09C59A49FE3BC2143.e.17224","ELEMENT":"f.7652131D378371FA98FE7F43E0E28151.d.8489637866C79CE09C59A49FE3BC2143.e.17224"}]}
RESULT: {"script":"<script> [8489 bytes]","args":[{"element-6066-11e4-a52e-4f735466cecf":"f.7652131D378371FA98FE7F43E0E28151.d.8489637866C79CE09C59A49FE3BC2143.e.17224","ELEMENT":"f.7652131D378371FA98FE7F43E0E28151.d.8489637866C79CE09C59A49FE3BC2143.e.17224"}]}
COMMAND: POST /session/8b9d24fb39cbfc9e79ab89721a1c9e7d/element - {"using":"css selector","value":"#shell-header-logo"}
COMMAND: GET /session/8b9d24fb39cbfc9e79ab89721a1c9e7d/screenshot - {}
RESULT: {"using":"css selector","value":"#shell-header-logo"}
COMMAND: POST /session/8b9d24fb39cbfc9e79ab89721a1c9e7d/execute/sync - {"script":"<script> [8489 bytes]","args":[{"element-6066-11e4-a52e-4f735466cecf":"f.7652131D378371FA98FE7F43E0E28151.d.8489637866C79CE09C59A49FE3BC2143.e.17224","ELEMENT":"f.7652131D378371FA98FE7F43E0E28151.d.8489637866C79CE09C59A49FE3BC2143.e.17224"}]}
RESULT: {}
RESULT: {"script":"<script> [8489 bytes]","args":[{"element-6066-11e4-a52e-4f735466cecf":"f.7652131D378371FA98FE7F43E0E28151.d.8489637866C79CE09C59A49FE3BC2143.e.17224","ELEMENT":"f.7652131D378371FA98FE7F43E0E28151.d.8489637866C79CE09C59A49FE3BC2143.e.17224"}]}
COMMAND: POST /session/8b9d24fb39cbfc9e79ab89721a1c9e7d/execute/sync - {"script":"<script> [5351 bytes]","args":[{"element-6066-11e4-a52e-4f735466cecf":"f.7652131D378371FA98FE7F43E0E28151.d.8489637866C79CE09C59A49FE3BC2143.e.17224","ELEMENT":"f.7652131D378371FA98FE7F43E0E28151.d.8489637866C79CE09C59A49FE3BC2143.e.17224"}]}
COMMAND: GET /session/8b9d24fb39cbfc9e79ab89721a1c9e7d/screenshot - {}
RESULT: {"script":"<script> [5351 bytes]","args":[{"element-6066-11e4-a52e-4f735466cecf":"f.7652131D378371FA98FE7F43E0E28151.d.8489637866C79CE09C59A49FE3BC2143.e.17224","ELEMENT":"f.7652131D378371FA98FE7F43E0E28151.d.8489637866C79CE09C59A49FE3BC2143.e.17224"}]}
COMMAND: POST /session/8b9d24fb39cbfc9e79ab89721a1c9e7d/element - {"using":"css selector","value":"#shell-header-logo"}
COMMAND: GET /session/8b9d24fb39cbfc9e79ab89721a1c9e7d/screenshot - {}
RESULT: {}
RESULT: {"using":"css selector","value":"#shell-header-logo"}
COMMAND: POST /session/8b9d24fb39cbfc9e79ab89721a1c9e7d/element/f.7652131D378371FA98FE7F43E0E28151.d.8489637866C79CE09C59A49FE3BC2143.e.17224/click - {}
RESULT: {}
RESULT: {}
COMMAND: GET /session/8b9d24fb39cbfc9e79ab89721a1c9e7d/screenshot - {}
RESULT: {}
COMMAND: POST /session/8b9d24fb39cbfc9e79ab89721a1c9e7d/execute/async - {"script":"<script> [189 bytes]","args":[]}
RESULT: {"script":"<script> [189 bytes]","args":[]}
COMMAND: POST /session/8b9d24fb39cbfc9e79ab89721a1c9e7d/execute/async - {"script":"<script> [123 bytes]","args":[]}
RESULT: {"script":"<script> [123 bytes]","args":[]}
COMMAND: POST /session/8b9d24fb39cbfc9e79ab89721a1c9e7d/timeouts - {"script":"<number>"}
RESULT: {"script":"<number>"}
COMMAND: GET /session/8b9d24fb39cbfc9e79ab89721a1c9e7d/timeouts - {}
RESULT: {}
RESULT: undefined
COMMAND: POST /session/8b9d24fb39cbfc9e79ab89721a1c9e7d/execute/async - {"script":"<script> [2676 bytes]","args":[]}
RESULT: {"script":"<script> [2676 bytes]","args":[]}
COMMAND: POST /session/8b9d24fb39cbfc9e79ab89721a1c9e7d/execute/async - {"script":"<script> [2342 bytes]","args":[{"protocol":"http","hostname":"0.0.0.0","path":"/","capabilities":{"browserName":"chrome","goog:chromeOptions":{"binary":"C:\\Program Files\\Google\\Chrome\\Application\\chrome.exe","args":["--start-maximized"]}},"logLevel":"warn","connectionRetryTimeout":120000,"connectionRetryCount":3,"logLevels":{},"enableDirectConnect":true,"strictSSL":true,"_":"65 more keys: [\"cacheDir\",\"port\",\"requestedCapabilities\",\"automationProtocol\",\"baseUrl\",\"waitforInterval\",\"waitforTimeout\",\"onReload\",\"beforeCommand\",\"afterCommand\",\"rootDir\",\"specs\",\"suites\",\"exclude\",\"groupLogsByTestSpec\",\"excludeDriverLogs\",\"bail\",\"framework\",\"reporters\",\"services\",\"maxInstances\",\"maxInstancesPerCapability\",\"injectGlobals\",\"filesToWatch\",\"execArgv\",\"runnerEnv\",\"runner\",\"shard\",\"specFileRetries\",\"specFileRetriesDelay\",\"specFileRetriesDeferred\",\"reporterSyncInterval\",\"reporterSyncTimeout\",\"cucumberFeaturesWithLineNumbers\",\"autoCompileOpts\",\"mochaOpts\",\"jasmineOpts\",\"cucumberOpts\",\"onPrepare\",\"onWorkerStart\",\"onWorkerEnd\",\"before\",\"beforeSession\",\"beforeSuite\",\"beforeHook\",\"beforeTest\",\"afterTest\",\"afterHook\",\"afterSuite\",\"afterSession\",\"after\",\"onComplete\",\"beforeAssertion\",\"afterAssertion\",\"beforeFeature\",\"beforeScenario\",\"beforeStep\",\"afterStep\",\"afterScenario\",\"afterFeature\",\"_\",\"suite\",\"$0\",\"ignoredWorkerServices\",\"wdi5\"]"}]}
RESULT: {"script":"<script> [2342 bytes]","args":[{"protocol":"http","hostname":"0.0.0.0","path":"/","capabilities":{"browserName":"chrome","goog:chromeOptions":{"binary":"C:\\Program Files\\Google\\Chrome\\Application\\chrome.exe","args":["--start-maximized"]}},"logLevel":"warn","connectionRetryTimeout":120000,"connectionRetryCount":3,"logLevels":{},"enableDirectConnect":true,"strictSSL":true,"_":"65 more keys: [\"cacheDir\",\"port\",\"requestedCapabilities\",\"automationProtocol\",\"baseUrl\",\"waitforInterval\",\"waitforTimeout\",\"onReload\",\"beforeCommand\",\"afterCommand\",\"rootDir\",\"specs\",\"suites\",\"exclude\",\"groupLogsByTestSpec\",\"excludeDriverLogs\",\"bail\",\"framework\",\"reporters\",\"services\",\"maxInstances\",\"maxInstancesPerCapability\",\"injectGlobals\",\"filesToWatch\",\"execArgv\",\"runnerEnv\",\"runner\",\"shard\",\"specFileRetries\",\"specFileRetriesDelay\",\"specFileRetriesDeferred\",\"reporterSyncInterval\",\"reporterSyncTimeout\",\"cucumberFeaturesWithLineNumbers\",\"autoCompileOpts\",\"mochaOpts\",\"jasmineOpts\",\"cucumberOpts\",\"onPrepare\",\"onWorkerStart\",\"onWorkerEnd\",\"before\",\"beforeSession\",\"beforeSuite\",\"beforeHook\",\"beforeTest\",\"afterTest\",\"afterHook\",\"afterSuite\",\"afterSession\",\"after\",\"onComplete\",\"beforeAssertion\",\"afterAssertion\",\"beforeFeature\",\"beforeScenario\",\"beforeStep\",\"afterStep\",\"afterScenario\",\"afterFeature\",\"_\",\"suite\",\"$0\",\"ignoredWorkerServices\",\"wdi5\"]"}]}
COMMAND: POST /session/8b9d24fb39cbfc9e79ab89721a1c9e7d/execute/async - {"script":"<script> [21126 bytes]","args":[35000]}
RESULT: {"script":"<script> [21126 bytes]","args":[35000]}
COMMAND: POST /session/8b9d24fb39cbfc9e79ab89721a1c9e7d/window/maximize - {}
RESULT: {}
COMMAND: POST /session/8b9d24fb39cbfc9e79ab89721a1c9e7d/execute/async - {"script":"<script> [1562 bytes]","args":[{"selector":{"id":"shell-header","interaction":{"idSuffix":"icon"}},"wdio_ui5_key":"shellheader"}]}
COMMAND: GET /session/8b9d24fb39cbfc9e79ab89721a1c9e7d/screenshot - {}
RESULT: {"script":"<script> [1562 bytes]","args":[{"selector":{"id":"shell-header","interaction":{"idSuffix":"icon"}},"wdio_ui5_key":"shellheader"}]}
RESULT: undefined
COMMAND: POST /session/8b9d24fb39cbfc9e79ab89721a1c9e7d/window/fullscreen - {}
RESULT: {}
RESULT: {}
]]></system-out>
    </testcase>
  </testsuite>
  <testsuite timestamp="2025-06-13T17:04:21" time="145.068" tests="4" failures="0" errors="0" skipped="0">
    <properties>
      <property name="specId" value="0"/>
      <property name="suiteName" value="Provide to Site w/o warehouse management w/o clarification US116612"/>
      <property name="capabilities" value="chrome.137_0_7151_69.windows"/>
      <property name="file" value="file:///D:/a/1/s/test/specs/HTR/provide-to-site-wo-warehouse-wo-clarification.spec.js"/>
    </properties>
    <testcase classname="chrome.137_0_7151_69.windows.Provide_to_Site_w/o_warehouse_management_w/o_clarification_US116612" name="Should create a new yard" time="0.012">
      <system-out><![CDATA[
COMMAND: POST /session/8b9d24fb39cbfc9e79ab89721a1c9e7d/window/fullscreen - {}
RESULT: {}
]]></system-out>
    </testcase>
    <testcase classname="chrome.137_0_7151_69.windows.Provide_to_Site_w/o_warehouse_management_w/o_clarification_US116612" name="Should create a new external partner" time="0.006"/>
    <testcase classname="chrome.137_0_7151_69.windows.Provide_to_Site_w/o_warehouse_management_w/o_clarification_US116612" name="Should create a new site" time="0.002"/>
    <testcase classname="chrome.137_0_7151_69.windows.Provide_to_Site_w/o_warehouse_management_w/o_clarification_US116612" name="Should create a new material" time="127.222">
      <system-out><![CDATA[
COMMAND: POST /session/8b9d24fb39cbfc9e79ab89721a1c9e7d/execute/async - {"script":"<script> [1562 bytes]","args":[{"selector":{"controlType":"sap.m.GenericTile","properties":{"header":"Manage Resources"}},"wdio_ui5_key":"sapm.GenericTile{\"header\":\"Manage Resources\"}"}]}
RESULT: {"script":"<script> [1562 bytes]","args":[{"selector":{"controlType":"sap.m.GenericTile","properties":{"header":"Manage Resources"}},"wdio_ui5_key":"sapm.GenericTile{\"header\":\"Manage Resources\"}"}]}
RESULT: undefined
COMMAND: POST /session/8b9d24fb39cbfc9e79ab89721a1c9e7d/element - {"using":"xpath","value":"//*[@id=\"__tile32\"]"}
RESULT: {"using":"xpath","value":"//*[@id=\"__tile32\"]"}
COMMAND: POST /session/8b9d24fb39cbfc9e79ab89721a1c9e7d/element/f.7652131D378371FA98FE7F43E0E28151.d.8489637866C79CE09C59A49FE3BC2143.e.17243/click - {}
RESULT: {}
COMMAND: GET /session/8b9d24fb39cbfc9e79ab89721a1c9e7d/screenshot - {}
RESULT: {}
COMMAND: POST /session/8b9d24fb39cbfc9e79ab89721a1c9e7d/elements - {"using":"xpath","value":"//span[text()='Error']"}
RESULT: {"using":"xpath","value":"//span[text()='Error']"}
COMMAND: POST /session/8b9d24fb39cbfc9e79ab89721a1c9e7d/element - {"using":"xpath","value":"//button[@data-kt=\"addNewRUOverflowToolbarButton\"]"}
RESULT: {"using":"xpath","value":"//button[@data-kt=\"addNewRUOverflowToolbarButton\"]"}
COMMAND: POST /session/8b9d24fb39cbfc9e79ab89721a1c9e7d/elements - {"using":"xpath","value":"//button[@data-kt=\"addNewRUOverflowToolbarButton\"]"}
RESULT: {"using":"xpath","value":"//button[@data-kt=\"addNewRUOverflowToolbarButton\"]"}
COMMAND: POST /session/8b9d24fb39cbfc9e79ab89721a1c9e7d/execute/sync - {"script":"<script> [8489 bytes]","args":[{"element-6066-11e4-a52e-4f735466cecf":"f.7652131D378371FA98FE7F43E0E28151.d.8489637866C79CE09C59A49FE3BC2143.e.17386","ELEMENT":"f.7652131D378371FA98FE7F43E0E28151.d.8489637866C79CE09C59A49FE3BC2143.e.17386"}]}
RESULT: {"script":"<script> [8489 bytes]","args":[{"element-6066-11e4-a52e-4f735466cecf":"f.7652131D378371FA98FE7F43E0E28151.d.8489637866C79CE09C59A49FE3BC2143.e.17386","ELEMENT":"f.7652131D378371FA98FE7F43E0E28151.d.8489637866C79CE09C59A49FE3BC2143.e.17386"}]}
COMMAND: GET /session/8b9d24fb39cbfc9e79ab89721a1c9e7d/element/f.7652131D378371FA98FE7F43E0E28151.d.8489637866C79CE09C59A49FE3BC2143.e.17386/enabled - {}
COMMAND: GET /session/8b9d24fb39cbfc9e79ab89721a1c9e7d/screenshot - {}
RESULT: {}
COMMAND: POST /session/8b9d24fb39cbfc9e79ab89721a1c9e7d/execute/sync - {"script":"<script> [8489 bytes]","args":[{"element-6066-11e4-a52e-4f735466cecf":"f.7652131D378371FA98FE7F43E0E28151.d.8489637866C79CE09C59A49FE3BC2143.e.17386","ELEMENT":"f.7652131D378371FA98FE7F43E0E28151.d.8489637866C79CE09C59A49FE3BC2143.e.17386"}]}
COMMAND: GET /session/8b9d24fb39cbfc9e79ab89721a1c9e7d/screenshot - {}
RESULT: {}
RESULT: {"script":"<script> [8489 bytes]","args":[{"element-6066-11e4-a52e-4f735466cecf":"f.7652131D378371FA98FE7F43E0E28151.d.8489637866C79CE09C59A49FE3BC2143.e.17386","ELEMENT":"f.7652131D378371FA98FE7F43E0E28151.d.8489637866C79CE09C59A49FE3BC2143.e.17386"}]}
COMMAND: POST /session/8b9d24fb39cbfc9e79ab89721a1c9e7d/execute/sync - {"script":"<script> [5351 bytes]","args":[{"element-6066-11e4-a52e-4f735466cecf":"f.7652131D378371FA98FE7F43E0E28151.d.8489637866C79CE09C59A49FE3BC2143.e.17386","ELEMENT":"f.7652131D378371FA98FE7F43E0E28151.d.8489637866C79CE09C59A49FE3BC2143.e.17386"}]}
COMMAND: GET /session/8b9d24fb39cbfc9e79ab89721a1c9e7d/screenshot - {}
RESULT: {}
RESULT: {"script":"<script> [5351 bytes]","args":[{"element-6066-11e4-a52e-4f735466cecf":"f.7652131D378371FA98FE7F43E0E28151.d.8489637866C79CE09C59A49FE3BC2143.e.17386","ELEMENT":"f.7652131D378371FA98FE7F43E0E28151.d.8489637866C79CE09C59A49FE3BC2143.e.17386"}]}
COMMAND: POST /session/8b9d24fb39cbfc9e79ab89721a1c9e7d/element/f.7652131D378371FA98FE7F43E0E28151.d.8489637866C79CE09C59A49FE3BC2143.e.17386/click - {}
COMMAND: GET /session/8b9d24fb39cbfc9e79ab89721a1c9e7d/screenshot - {}
RESULT: {}
RESULT: {}
COMMAND: GET /session/8b9d24fb39cbfc9e79ab89721a1c9e7d/screenshot - {}
COMMAND: POST /session/8b9d24fb39cbfc9e79ab89721a1c9e7d/execute/async - {"script":"<script> [1562 bytes]","args":[{"selector":{"id":"application-manageresources-display-component---newResourceUnit--TYPE-arrow"},"wdio_ui5_key":"applicationmanageresources-display-component---newResourceUnit--TYPE-arrow"}]}
RESULT: {}
RESULT: {}
RESULT: {"script":"<script> [1562 bytes]","args":[{"selector":{"id":"application-manageresources-display-component---newResourceUnit--TYPE-arrow"},"wdio_ui5_key":"applicationmanageresources-display-component---newResourceUnit--TYPE-arrow"}]}
RESULT: undefined
COMMAND: POST /session/8b9d24fb39cbfc9e79ab89721a1c9e7d/element - {"using":"xpath","value":"//*[@id=\"application-manageresources-display-component---newResourceUnit--TYPE-arrow\"]"}
RESULT: {"using":"xpath","value":"//*[@id=\"application-manageresources-display-component---newResourceUnit--TYPE-arrow\"]"}
COMMAND: POST /session/8b9d24fb39cbfc9e79ab89721a1c9e7d/element/f.7652131D378371FA98FE7F43E0E28151.d.8489637866C79CE09C59A49FE3BC2143.e.17731/click - {}
RESULT: {}
COMMAND: POST /session/8b9d24fb39cbfc9e79ab89721a1c9e7d/element - {"using":"xpath","value":"//input[@id=\"application-manageresources-display-component---newResourceUnit--TYPE-inner\"]"}
COMMAND: GET /session/8b9d24fb39cbfc9e79ab89721a1c9e7d/screenshot - {}
RESULT: {"using":"xpath","value":"//input[@id=\"application-manageresources-display-component---newResourceUnit--TYPE-inner\"]"}
COMMAND: POST /session/8b9d24fb39cbfc9e79ab89721a1c9e7d/element/f.7652131D378371FA98FE7F43E0E28151.d.8489637866C79CE09C59A49FE3BC2143.e.17727/clear - {}
RESULT: {}
RESULT: {}
COMMAND: POST /session/8b9d24fb39cbfc9e79ab89721a1c9e7d/element/f.7652131D378371FA98FE7F43E0E28151.d.8489637866C79CE09C59A49FE3BC2143.e.17727/value - {"text":"Material"}
COMMAND: GET /session/8b9d24fb39cbfc9e79ab89721a1c9e7d/screenshot - {}
RESULT: {"text":"Material"}
COMMAND: GET /session/8b9d24fb39cbfc9e79ab89721a1c9e7d/screenshot - {}
RESULT: {}
RESULT: {}
COMMAND: POST /session/8b9d24fb39cbfc9e79ab89721a1c9e7d/actions - {"actions":[{"id":"action52","type":"key","parameters":{},"actions":[{"type":"keyDown","value":""},{"type":"pause","duration":10},{"type":"keyUp","value":""}]}]}
RESULT: undefined
RESULT: {"actions":[{"id":"action52","type":"key","parameters":{},"actions":[{"type":"keyDown","value":""},{"type":"pause","duration":10},{"type":"keyUp","value":""}]}]}
COMMAND: POST /session/8b9d24fb39cbfc9e79ab89721a1c9e7d/execute/async - {"script":"<script> [1562 bytes]","args":[{"selector":{"id":"application-manageresources-display-component---newResourceUnit--SHORT_TEXT","interaction":{"idSuffix":"inner"}},"wdio_ui5_key":"applicationmanageresources-display-component---newResourceUnit--SHORT_TEXT"}]}
COMMAND: GET /session/8b9d24fb39cbfc9e79ab89721a1c9e7d/screenshot - {}
RESULT: {"script":"<script> [1562 bytes]","args":[{"selector":{"id":"application-manageresources-display-component---newResourceUnit--SHORT_TEXT","interaction":{"idSuffix":"inner"}},"wdio_ui5_key":"applicationmanageresources-display-component---newResourceUnit--SHORT_TEXT"}]}
RESULT: undefined
COMMAND: POST /session/8b9d24fb39cbfc9e79ab89721a1c9e7d/execute/async - {"script":"<script> [776 bytes]","args":[{"enterText":"Cement WDIO","selector":{"id":"application-manageresources-display-component---newResourceUnit--SHORT_TEXT","interaction":{"idSuffix":"inner"}},"clearTextFirst":true,"interactionType":"ENTER_TEXT"}]}
RESULT: {}
RESULT: {"script":"<script> [776 bytes]","args":[{"enterText":"Cement WDIO","selector":{"id":"application-manageresources-display-component---newResourceUnit--SHORT_TEXT","interaction":{"idSuffix":"inner"}},"clearTextFirst":true,"interactionType":"ENTER_TEXT"}]}
COMMAND: POST /session/8b9d24fb39cbfc9e79ab89721a1c9e7d/execute/async - {"script":"<script> [1562 bytes]","args":[{"selector":{"id":"application-manageresources-display-component---newResourceUnit--BASE_UNIT_OF_MEASURE","interaction":{"idSuffix":"inner"}},"wdio_ui5_key":"applicationmanageresources-display-component---newResourceUnit--BASE_UNIT_OF_MEASURE"}]}
RESULT: {"script":"<script> [1562 bytes]","args":[{"selector":{"id":"application-manageresources-display-component---newResourceUnit--BASE_UNIT_OF_MEASURE","interaction":{"idSuffix":"inner"}},"wdio_ui5_key":"applicationmanageresources-display-component---newResourceUnit--BASE_UNIT_OF_MEASURE"}]}
RESULT: undefined
COMMAND: POST /session/8b9d24fb39cbfc9e79ab89721a1c9e7d/execute/async - {"script":"<script> [776 bytes]","args":[{"enterText":"Piece","selector":{"id":"application-manageresources-display-component---newResourceUnit--BASE_UNIT_OF_MEASURE","interaction":{"idSuffix":"inner"}},"clearTextFirst":true,"interactionType":"ENTER_TEXT"}]}
RESULT: {"script":"<script> [776 bytes]","args":[{"enterText":"Piece","selector":{"id":"application-manageresources-display-component---newResourceUnit--BASE_UNIT_OF_MEASURE","interaction":{"idSuffix":"inner"}},"clearTextFirst":true,"interactionType":"ENTER_TEXT"}]}
COMMAND: POST /session/8b9d24fb39cbfc9e79ab89721a1c9e7d/execute/async - {"script":"<script> [1562 bytes]","args":[{"selector":{"id":"application-manageresources-display-component---newResourceUnit--WEIGHT_UNIT","interaction":{"idSuffix":"inner"}},"wdio_ui5_key":"applicationmanageresources-display-component---newResourceUnit--WEIGHT_UNIT"}]}
RESULT: {"script":"<script> [1562 bytes]","args":[{"selector":{"id":"application-manageresources-display-component---newResourceUnit--WEIGHT_UNIT","interaction":{"idSuffix":"inner"}},"wdio_ui5_key":"applicationmanageresources-display-component---newResourceUnit--WEIGHT_UNIT"}]}
RESULT: undefined
COMMAND: POST /session/8b9d24fb39cbfc9e79ab89721a1c9e7d/execute/async - {"script":"<script> [776 bytes]","args":[{"enterText":"Gram","selector":{"id":"application-manageresources-display-component---newResourceUnit--WEIGHT_UNIT","interaction":{"idSuffix":"inner"}},"clearTextFirst":true,"interactionType":"ENTER_TEXT"}]}
RESULT: {"script":"<script> [776 bytes]","args":[{"enterText":"Gram","selector":{"id":"application-manageresources-display-component---newResourceUnit--WEIGHT_UNIT","interaction":{"idSuffix":"inner"}},"clearTextFirst":true,"interactionType":"ENTER_TEXT"}]}
COMMAND: POST /session/8b9d24fb39cbfc9e79ab89721a1c9e7d/execute/async - {"script":"<script> [1562 bytes]","args":[{"selector":{"id":"application-manageresources-display-component---newResourceUnit--DIMENSION_UNIT","interaction":{"idSuffix":"inner"}},"wdio_ui5_key":"applicationmanageresources-display-component---newResourceUnit--DIMENSION_UNIT"}]}
RESULT: {"script":"<script> [1562 bytes]","args":[{"selector":{"id":"application-manageresources-display-component---newResourceUnit--DIMENSION_UNIT","interaction":{"idSuffix":"inner"}},"wdio_ui5_key":"applicationmanageresources-display-component---newResourceUnit--DIMENSION_UNIT"}]}
RESULT: undefined
COMMAND: POST /session/8b9d24fb39cbfc9e79ab89721a1c9e7d/execute/async - {"script":"<script> [776 bytes]","args":[{"enterText":"Meter","selector":{"id":"application-manageresources-display-component---newResourceUnit--DIMENSION_UNIT","interaction":{"idSuffix":"inner"}},"clearTextFirst":true,"interactionType":"ENTER_TEXT"}]}
RESULT: {"script":"<script> [776 bytes]","args":[{"enterText":"Meter","selector":{"id":"application-manageresources-display-component---newResourceUnit--DIMENSION_UNIT","interaction":{"idSuffix":"inner"}},"clearTextFirst":true,"interactionType":"ENTER_TEXT"}]}
COMMAND: POST /session/8b9d24fb39cbfc9e79ab89721a1c9e7d/execute/async - {"script":"<script> [1562 bytes]","args":[{"selector":{"id":"application-manageresources-display-component---newResourceUnit--newRRUPage-anchBar-application-manageresources-display-component---newResourceUnit--control-anchor","interaction":{"idSuffix":"BDI-content"}},"wdio_ui5_key":"applicationmanageresources-display-component---newResourceUnit--newRRUPage-anchBar-application-manageresources-display-component---newResourceUnit--control-anchor"}]}
RESULT: {"script":"<script> [1562 bytes]","args":[{"selector":{"id":"application-manageresources-display-component---newResourceUnit--newRRUPage-anchBar-application-manageresources-display-component---newResourceUnit--control-anchor","interaction":{"idSuffix":"BDI-content"}},"wdio_ui5_key":"applicationmanageresources-display-component---newResourceUnit--newRRUPage-anchBar-application-manageresources-display-component---newResourceUnit--control-anchor"}]}
RESULT: undefined
COMMAND: POST /session/8b9d24fb39cbfc9e79ab89721a1c9e7d/element - {"using":"xpath","value":"//*[@id=\"application-manageresources-display-component---newResourceUnit--newRRUPage-anchBar-application-manageresources-display-component---newResourceUnit--control-anchor\"]"}
RESULT: {"using":"xpath","value":"//*[@id=\"application-manageresources-display-component---newResourceUnit--newRRUPage-anchBar-application-manageresources-display-component---newResourceUnit--control-anchor\"]"}
COMMAND: POST /session/8b9d24fb39cbfc9e79ab89721a1c9e7d/element/f.7652131D378371FA98FE7F43E0E28151.d.8489637866C79CE09C59A49FE3BC2143.e.17865/click - {}
RESULT: {}
COMMAND: POST /session/8b9d24fb39cbfc9e79ab89721a1c9e7d/execute/async - {"script":"<script> [1562 bytes]","args":[{"selector":{"id":"application-manageresources-display-component---newResourceUnit--PLANNING_GROUP","interaction":{"idSuffix":"inner"}},"wdio_ui5_key":"applicationmanageresources-display-component---newResourceUnit--PLANNING_GROUP"}]}
COMMAND: GET /session/8b9d24fb39cbfc9e79ab89721a1c9e7d/screenshot - {}
RESULT: {"script":"<script> [1562 bytes]","args":[{"selector":{"id":"application-manageresources-display-component---newResourceUnit--PLANNING_GROUP","interaction":{"idSuffix":"inner"}},"wdio_ui5_key":"applicationmanageresources-display-component---newResourceUnit--PLANNING_GROUP"}]}
RESULT: undefined
COMMAND: POST /session/8b9d24fb39cbfc9e79ab89721a1c9e7d/execute/async - {"script":"<script> [776 bytes]","args":[{"enterText":"Material","selector":{"id":"application-manageresources-display-component---newResourceUnit--PLANNING_GROUP","interaction":{"idSuffix":"inner"}},"clearTextFirst":true,"interactionType":"ENTER_TEXT"}]}
RESULT: {}
RESULT: {"script":"<script> [776 bytes]","args":[{"enterText":"Material","selector":{"id":"application-manageresources-display-component---newResourceUnit--PLANNING_GROUP","interaction":{"idSuffix":"inner"}},"clearTextFirst":true,"interactionType":"ENTER_TEXT"}]}
COMMAND: POST /session/8b9d24fb39cbfc9e79ab89721a1c9e7d/execute/async - {"script":"<script> [1562 bytes]","args":[{"selector":{"id":"application-manageresources-display-component---newResourceUnit--PLANNING_INDICATOR","interaction":{"idSuffix":"inner"}},"wdio_ui5_key":"applicationmanageresources-display-component---newResourceUnit--PLANNING_INDICATOR"}]}
RESULT: {"script":"<script> [1562 bytes]","args":[{"selector":{"id":"application-manageresources-display-component---newResourceUnit--PLANNING_INDICATOR","interaction":{"idSuffix":"inner"}},"wdio_ui5_key":"applicationmanageresources-display-component---newResourceUnit--PLANNING_INDICATOR"}]}
RESULT: undefined
COMMAND: POST /session/8b9d24fb39cbfc9e79ab89721a1c9e7d/execute/async - {"script":"<script> [776 bytes]","args":[{"enterText":"10 - infinite","selector":{"id":"application-manageresources-display-component---newResourceUnit--PLANNING_INDICATOR","interaction":{"idSuffix":"inner"}},"clearTextFirst":true,"interactionType":"ENTER_TEXT"}]}
RESULT: {"script":"<script> [776 bytes]","args":[{"enterText":"10 - infinite","selector":{"id":"application-manageresources-display-component---newResourceUnit--PLANNING_INDICATOR","interaction":{"idSuffix":"inner"}},"clearTextFirst":true,"interactionType":"ENTER_TEXT"}]}
COMMAND: POST /session/8b9d24fb39cbfc9e79ab89721a1c9e7d/element - {"using":"css selector","value":"#application-manageresources-display-component---newResourceUnit--btnAddTimeSegment"}
RESULT: {"using":"css selector","value":"#application-manageresources-display-component---newResourceUnit--btnAddTimeSegment"}
COMMAND: GET /session/8b9d24fb39cbfc9e79ab89721a1c9e7d/element/f.7652131D378371FA98FE7F43E0E28151.d.8489637866C79CE09C59A49FE3BC2143.e.17875/rect - {}
RESULT: {}
COMMAND: GET /session/8b9d24fb39cbfc9e79ab89721a1c9e7d/window/rect - {}
RESULT: {}
COMMAND: POST /session/8b9d24fb39cbfc9e79ab89721a1c9e7d/execute/sync - {"script":"<script> [92 bytes]","args":[]}
RESULT: {"script":"<script> [92 bytes]","args":[]}
COMMAND: POST /session/8b9d24fb39cbfc9e79ab89721a1c9e7d/actions - {"actions":[{"id":"action53","type":"wheel","parameters":{},"actions":[{"type":"scroll","x":-1888,"y":-32,"deltaX":0,"deltaY":0,"duration":0,"origin":{"element-6066-11e4-a52e-4f735466cecf":"f.7652131D378371FA98FE7F43E0E28151.d.8489637866C79CE09C59A49FE3BC2143.e.17875"}}]}]}
COMMAND: GET /session/8b9d24fb39cbfc9e79ab89721a1c9e7d/screenshot - {}
RESULT: {}
COMMAND: POST /session/8b9d24fb39cbfc9e79ab89721a1c9e7d/execute/sync - {"script":"<script> [79 bytes]","args":[{"element-6066-11e4-a52e-4f735466cecf":"f.7652131D378371FA98FE7F43E0E28151.d.8489637866C79CE09C59A49FE3BC2143.e.17875","ELEMENT":"f.7652131D378371FA98FE7F43E0E28151.d.8489637866C79CE09C59A49FE3BC2143.e.17875"},{"block":"start","inline":"nearest"}]}
RESULT: {"script":"<script> [79 bytes]","args":[{"element-6066-11e4-a52e-4f735466cecf":"f.7652131D378371FA98FE7F43E0E28151.d.8489637866C79CE09C59A49FE3BC2143.e.17875","ELEMENT":"f.7652131D378371FA98FE7F43E0E28151.d.8489637866C79CE09C59A49FE3BC2143.e.17875"},{"block":"start","inline":"nearest"}]}
COMMAND: POST /session/8b9d24fb39cbfc9e79ab89721a1c9e7d/execute/async - {"script":"<script> [1562 bytes]","args":[{"selector":{"id":"application-manageresources-display-component---newResourceUnit--btnAddTimeSegment","interaction":{"idSuffix":"inner"}},"wdio_ui5_key":"applicationmanageresources-display-component---newResourceUnit--btnAddTimeSegment"}]}
COMMAND: GET /session/8b9d24fb39cbfc9e79ab89721a1c9e7d/screenshot - {}
RESULT: {"script":"<script> [1562 bytes]","args":[{"selector":{"id":"application-manageresources-display-component---newResourceUnit--btnAddTimeSegment","interaction":{"idSuffix":"inner"}},"wdio_ui5_key":"applicationmanageresources-display-component---newResourceUnit--btnAddTimeSegment"}]}
RESULT: undefined
COMMAND: POST /session/8b9d24fb39cbfc9e79ab89721a1c9e7d/element - {"using":"xpath","value":"//*[@id=\"application-manageresources-display-component---newResourceUnit--btnAddTimeSegment\"]"}
RESULT: {}
RESULT: {"using":"xpath","value":"//*[@id=\"application-manageresources-display-component---newResourceUnit--btnAddTimeSegment\"]"}
COMMAND: POST /session/8b9d24fb39cbfc9e79ab89721a1c9e7d/element/f.7652131D378371FA98FE7F43E0E28151.d.8489637866C79CE09C59A49FE3BC2143.e.17875/click - {}
RESULT: {}
COMMAND: GET /session/8b9d24fb39cbfc9e79ab89721a1c9e7d/screenshot - {}
RESULT: {}
COMMAND: POST /session/8b9d24fb39cbfc9e79ab89721a1c9e7d/element - {"using":"xpath","value":"//input[@id=\"application-manageresources-display-component---newResourceUnit--idRuTSAdmin-application-manageresources-display-component---newResourceUnit--RUTimeSegment-0-inner\"]"}
RESULT: {"using":"xpath","value":"//input[@id=\"application-manageresources-display-component---newResourceUnit--idRuTSAdmin-application-manageresources-display-component---newResourceUnit--RUTimeSegment-0-inner\"]"}
COMMAND: POST /session/8b9d24fb39cbfc9e79ab89721a1c9e7d/element/f.7652131D378371FA98FE7F43E0E28151.d.8489637866C79CE09C59A49FE3BC2143.e.17880/clear - {}
RESULT: {}
COMMAND: POST /session/8b9d24fb39cbfc9e79ab89721a1c9e7d/element/f.7652131D378371FA98FE7F43E0E28151.d.8489637866C79CE09C59A49FE3BC2143.e.17880/value - {"text":"242"}
COMMAND: GET /session/8b9d24fb39cbfc9e79ab89721a1c9e7d/screenshot - {}
RESULT: {"text":"242"}
COMMAND: GET /session/8b9d24fb39cbfc9e79ab89721a1c9e7d/screenshot - {}
RESULT: {}
RESULT: {}
COMMAND: POST /session/8b9d24fb39cbfc9e79ab89721a1c9e7d/element - {"using":"xpath","value":"//li[.//span[text()='242']]"}
RESULT: {"using":"xpath","value":"//li[.//span[text()='242']]"}
COMMAND: POST /session/8b9d24fb39cbfc9e79ab89721a1c9e7d/element/f.7652131D378371FA98FE7F43E0E28151.d.8489637866C79CE09C59A49FE3BC2143.e.17889/click - {}
RESULT: {}
COMMAND: GET /session/8b9d24fb39cbfc9e79ab89721a1c9e7d/screenshot - {}
RESULT: {}
COMMAND: POST /session/8b9d24fb39cbfc9e79ab89721a1c9e7d/element - {"using":"xpath","value":"(//span[contains(@id, \"-application-manageresources-display-component---newResourceUnit--RUTimeSegment-0-arrow\")])[2]"}
RESULT: {"using":"xpath","value":"(//span[contains(@id, \"-application-manageresources-display-component---newResourceUnit--RUTimeSegment-0-arrow\")])[2]"}
COMMAND: POST /session/8b9d24fb39cbfc9e79ab89721a1c9e7d/element/f.7652131D378371FA98FE7F43E0E28151.d.8489637866C79CE09C59A49FE3BC2143.e.17890/click - {}
RESULT: {}
COMMAND: POST /session/8b9d24fb39cbfc9e79ab89721a1c9e7d/element - {"using":"xpath","value":"//span[contains(text(), \"PM Order\")]"}
COMMAND: GET /session/8b9d24fb39cbfc9e79ab89721a1c9e7d/screenshot - {}
RESULT: {"using":"xpath","value":"//span[contains(text(), \"PM Order\")]"}
COMMAND: POST /session/8b9d24fb39cbfc9e79ab89721a1c9e7d/element/f.7652131D378371FA98FE7F43E0E28151.d.8489637866C79CE09C59A49FE3BC2143.e.17891/click - {}
RESULT: {}
RESULT: {}
COMMAND: GET /session/8b9d24fb39cbfc9e79ab89721a1c9e7d/screenshot - {}
RESULT: {}
COMMAND: POST /session/8b9d24fb39cbfc9e79ab89721a1c9e7d/element - {"using":"xpath","value":"//td/div/div/div/span[contains(@id, \"newResourceUnit--RUTimeSegment-0-vhi\")][1]"}
RESULT: {"using":"xpath","value":"//td/div/div/div/span[contains(@id, \"newResourceUnit--RUTimeSegment-0-vhi\")][1]"}
COMMAND: GET /session/8b9d24fb39cbfc9e79ab89721a1c9e7d/element/f.7652131D378371FA98FE7F43E0E28151.d.8489637866C79CE09C59A49FE3BC2143.e.17895/rect - {}
RESULT: {}
COMMAND: GET /session/8b9d24fb39cbfc9e79ab89721a1c9e7d/window/rect - {}
RESULT: {}
COMMAND: POST /session/8b9d24fb39cbfc9e79ab89721a1c9e7d/execute/sync - {"script":"<script> [92 bytes]","args":[]}
RESULT: {"script":"<script> [92 bytes]","args":[]}
COMMAND: POST /session/8b9d24fb39cbfc9e79ab89721a1c9e7d/actions - {"actions":[{"id":"action54","type":"wheel","parameters":{},"actions":[{"type":"scroll","x":-1888,"y":-24,"deltaX":0,"deltaY":0,"duration":0,"origin":{"element-6066-11e4-a52e-4f735466cecf":"f.7652131D378371FA98FE7F43E0E28151.d.8489637866C79CE09C59A49FE3BC2143.e.17895"}}]}]}
COMMAND: GET /session/8b9d24fb39cbfc9e79ab89721a1c9e7d/screenshot - {}
RESULT: {}
COMMAND: POST /session/8b9d24fb39cbfc9e79ab89721a1c9e7d/execute/sync - {"script":"<script> [79 bytes]","args":[{"element-6066-11e4-a52e-4f735466cecf":"f.7652131D378371FA98FE7F43E0E28151.d.8489637866C79CE09C59A49FE3BC2143.e.17895","ELEMENT":"f.7652131D378371FA98FE7F43E0E28151.d.8489637866C79CE09C59A49FE3BC2143.e.17895"},{"block":"start","inline":"nearest"}]}
RESULT: {"script":"<script> [79 bytes]","args":[{"element-6066-11e4-a52e-4f735466cecf":"f.7652131D378371FA98FE7F43E0E28151.d.8489637866C79CE09C59A49FE3BC2143.e.17895","ELEMENT":"f.7652131D378371FA98FE7F43E0E28151.d.8489637866C79CE09C59A49FE3BC2143.e.17895"},{"block":"start","inline":"nearest"}]}
COMMAND: GET /session/8b9d24fb39cbfc9e79ab89721a1c9e7d/screenshot - {}
RESULT: {}
COMMAND: POST /session/8b9d24fb39cbfc9e79ab89721a1c9e7d/element/f.7652131D378371FA98FE7F43E0E28151.d.8489637866C79CE09C59A49FE3BC2143.e.17895/click - {}
RESULT: {}
COMMAND: GET /session/8b9d24fb39cbfc9e79ab89721a1c9e7d/screenshot - {}
RESULT: {}
COMMAND: POST /session/8b9d24fb39cbfc9e79ab89721a1c9e7d/execute/async - {"script":"<script> [1562 bytes]","args":[{"selector":{"controlType":"sap.m.SearchField","properties":{"placeholder":"Search"},"searchOpenDialogs":true,"interaction":{"idSuffix":"I"}},"wdio_ui5_key":"sapm.SearchField{\"placeholder\":\"Search\"}"}]}
RESULT: {"script":"<script> [1562 bytes]","args":[{"selector":{"controlType":"sap.m.SearchField","properties":{"placeholder":"Search"},"searchOpenDialogs":true,"interaction":{"idSuffix":"I"}},"wdio_ui5_key":"sapm.SearchField{\"placeholder\":\"Search\"}"}]}
RESULT: undefined
COMMAND: POST /session/8b9d24fb39cbfc9e79ab89721a1c9e7d/execute/async - {"script":"<script> [776 bytes]","args":[{"enterText":"4000360","selector":{"controlType":"sap.m.SearchField","properties":{"placeholder":"Search"},"searchOpenDialogs":true,"interaction":{"idSuffix":"I"}},"clearTextFirst":true,"interactionType":"ENTER_TEXT"}]}
RESULT: {"script":"<script> [776 bytes]","args":[{"enterText":"4000360","selector":{"controlType":"sap.m.SearchField","properties":{"placeholder":"Search"},"searchOpenDialogs":true,"interaction":{"idSuffix":"I"}},"clearTextFirst":true,"interactionType":"ENTER_TEXT"}]}
COMMAND: POST /session/8b9d24fb39cbfc9e79ab89721a1c9e7d/actions - {"actions":[{"id":"action55","type":"key","parameters":{},"actions":[{"type":"keyDown","value":""},{"type":"pause","duration":10},{"type":"keyUp","value":""}]}]}
RESULT: {"actions":[{"id":"action55","type":"key","parameters":{},"actions":[{"type":"keyDown","value":""},{"type":"pause","duration":10},{"type":"keyUp","value":""}]}]}
COMMAND: GET /session/8b9d24fb39cbfc9e79ab89721a1c9e7d/screenshot - {}
RESULT: {}
COMMAND: POST /session/8b9d24fb39cbfc9e79ab89721a1c9e7d/element - {"using":"xpath","value":"//td/div/span[contains(text(), \"BGL Vehicles\")]"}
RESULT: {"using":"xpath","value":"//td/div/span[contains(text(), \"BGL Vehicles\")]"}
COMMAND: POST /session/8b9d24fb39cbfc9e79ab89721a1c9e7d/element/f.7652131D378371FA98FE7F43E0E28151.d.8489637866C79CE09C59A49FE3BC2143.e.17916/click - {}
RESULT: {}
COMMAND: GET /session/8b9d24fb39cbfc9e79ab89721a1c9e7d/screenshot - {}
RESULT: {}
COMMAND: POST /session/8b9d24fb39cbfc9e79ab89721a1c9e7d/element - {"using":"xpath","value":"//bdi[contains(text(), \"OK\")]"}
RESULT: {"using":"xpath","value":"//bdi[contains(text(), \"OK\")]"}
COMMAND: POST /session/8b9d24fb39cbfc9e79ab89721a1c9e7d/element/f.7652131D378371FA98FE7F43E0E28151.d.8489637866C79CE09C59A49FE3BC2143.e.17917/click - {}
RESULT: {}
COMMAND: GET /session/8b9d24fb39cbfc9e79ab89721a1c9e7d/screenshot - {}
RESULT: {}
COMMAND: POST /session/8b9d24fb39cbfc9e79ab89721a1c9e7d/element - {"using":"xpath","value":"//label[contains(@class, 'sapMLabelRequired') and .//bdi[contains(text(), 'Planned Retirement')]]"}
RESULT: {"using":"xpath","value":"//label[contains(@class, 'sapMLabelRequired') and .//bdi[contains(text(), 'Planned Retirement')]]"}
COMMAND: POST /session/8b9d24fb39cbfc9e79ab89721a1c9e7d/elements - {"using":"xpath","value":"//label[contains(@class, 'sapMLabelRequired') and .//bdi[contains(text(), 'Planned Retirement')]]"}
RESULT: {"using":"xpath","value":"//label[contains(@class, 'sapMLabelRequired') and .//bdi[contains(text(), 'Planned Retirement')]]"}
COMMAND: POST /session/8b9d24fb39cbfc9e79ab89721a1c9e7d/element - {"using":"xpath","value":"//button[@data-kt=\"resourceUnitSaveButton\"]"}
RESULT: {"using":"xpath","value":"//button[@data-kt=\"resourceUnitSaveButton\"]"}
COMMAND: POST /session/8b9d24fb39cbfc9e79ab89721a1c9e7d/element/f.7652131D378371FA98FE7F43E0E28151.d.8489637866C79CE09C59A49FE3BC2143.e.17749/click - {}
RESULT: {}
COMMAND: GET /session/8b9d24fb39cbfc9e79ab89721a1c9e7d/screenshot - {}
RESULT: {}
COMMAND: POST /session/8b9d24fb39cbfc9e79ab89721a1c9e7d/element - {"using":"xpath","value":"//bdi[contains(text(), \"Close\")]"}
RESULT: {"using":"xpath","value":"//bdi[contains(text(), \"Close\")]"}
COMMAND: POST /session/8b9d24fb39cbfc9e79ab89721a1c9e7d/element/f.7652131D378371FA98FE7F43E0E28151.d.8489637866C79CE09C59A49FE3BC2143.e.17923/click - {}
RESULT: {}
COMMAND: GET /session/8b9d24fb39cbfc9e79ab89721a1c9e7d/screenshot - {}
RESULT: {}
COMMAND: POST /session/8b9d24fb39cbfc9e79ab89721a1c9e7d/element - {"using":"xpath","value":"//header[contains(@id, 'detailRruPage-headerTitle')]/div[1]/div[2]/div[2]/span[1]"}
RESULT: {"using":"xpath","value":"//header[contains(@id, 'detailRruPage-headerTitle')]/div[1]/div[2]/div[2]/span[1]"}
COMMAND: POST /session/8b9d24fb39cbfc9e79ab89721a1c9e7d/elements - {"using":"xpath","value":"//header[contains(@id, 'detailRruPage-headerTitle')]/div[1]/div[2]/div[2]/span[1]"}
RESULT: {"using":"xpath","value":"//header[contains(@id, 'detailRruPage-headerTitle')]/div[1]/div[2]/div[2]/span[1]"}
COMMAND: POST /session/8b9d24fb39cbfc9e79ab89721a1c9e7d/execute/sync - {"script":"<script> [56 bytes]","args":[{"element-6066-11e4-a52e-4f735466cecf":"f.7652131D378371FA98FE7F43E0E28151.d.8489637866C79CE09C59A49FE3BC2143.e.17953","ELEMENT":"f.7652131D378371FA98FE7F43E0E28151.d.8489637866C79CE09C59A49FE3BC2143.e.17953"}]}
RESULT: {"script":"<script> [56 bytes]","args":[{"element-6066-11e4-a52e-4f735466cecf":"f.7652131D378371FA98FE7F43E0E28151.d.8489637866C79CE09C59A49FE3BC2143.e.17953","ELEMENT":"f.7652131D378371FA98FE7F43E0E28151.d.8489637866C79CE09C59A49FE3BC2143.e.17953"}]}
COMMAND: POST /session/8b9d24fb39cbfc9e79ab89721a1c9e7d/element - {"using":"css selector","value":"#shell-header-logo"}
COMMAND: GET /session/8b9d24fb39cbfc9e79ab89721a1c9e7d/screenshot - {}
RESULT: {"using":"css selector","value":"#shell-header-logo"}
COMMAND: POST /session/8b9d24fb39cbfc9e79ab89721a1c9e7d/element/f.7652131D378371FA98FE7F43E0E28151.d.8489637866C79CE09C59A49FE3BC2143.e.17224/click - {}
RESULT: {}
RESULT: {}
COMMAND: GET /session/8b9d24fb39cbfc9e79ab89721a1c9e7d/screenshot - {}
RESULT: {}
]]></system-out>
    </testcase>
  </testsuite>
  <testsuite timestamp="2025-06-13T17:06:46" time="364.448" tests="6" failures="0" errors="0" skipped="0">
    <properties>
      <property name="specId" value="0"/>
      <property name="suiteName" value="Provide to Site w/o warehouse management w/o clarification"/>
      <property name="capabilities" value="chrome.137_0_7151_69.windows"/>
      <property name="file" value="file:///D:/a/1/s/test/specs/HTR/provide-to-site-wo-warehouse-wo-clarification.spec.js"/>
    </properties>
    <testcase classname="chrome.137_0_7151_69.windows.Provide_to_Site_w/o_warehouse_management_w/o_clarification" name="Should do a stock increase handover" time="93.135">
      <system-out><![CDATA[
COMMAND: POST /session/8b9d24fb39cbfc9e79ab89721a1c9e7d/execute/async - {"script":"<script> [1562 bytes]","args":[{"selector":{"controlType":"sap.m.GenericTile","properties":{"header":"Manage Handovers"}},"wdio_ui5_key":"sapm.GenericTile{\"header\":\"Manage Handovers\"}"}]}
RESULT: {"script":"<script> [1562 bytes]","args":[{"selector":{"controlType":"sap.m.GenericTile","properties":{"header":"Manage Handovers"}},"wdio_ui5_key":"sapm.GenericTile{\"header\":\"Manage Handovers\"}"}]}
RESULT: undefined
COMMAND: POST /session/8b9d24fb39cbfc9e79ab89721a1c9e7d/element - {"using":"xpath","value":"//*[@id=\"__tile132\"]"}
RESULT: {"using":"xpath","value":"//*[@id=\"__tile132\"]"}
COMMAND: POST /session/8b9d24fb39cbfc9e79ab89721a1c9e7d/element/f.7652131D378371FA98FE7F43E0E28151.d.8489637866C79CE09C59A49FE3BC2143.e.17270/click - {}
RESULT: {}
COMMAND: GET /session/8b9d24fb39cbfc9e79ab89721a1c9e7d/screenshot - {}
RESULT: {}
COMMAND: POST /session/8b9d24fb39cbfc9e79ab89721a1c9e7d/elements - {"using":"xpath","value":"//span[text()='Error']"}
RESULT: {"using":"xpath","value":"//span[text()='Error']"}
COMMAND: POST /session/8b9d24fb39cbfc9e79ab89721a1c9e7d/element - {"using":"xpath","value":"//button[@data-kt=\"masterHOAddButton\"]"}
RESULT: {"using":"xpath","value":"//button[@data-kt=\"masterHOAddButton\"]"}
COMMAND: POST /session/8b9d24fb39cbfc9e79ab89721a1c9e7d/elements - {"using":"xpath","value":"//button[@data-kt=\"masterHOAddButton\"]"}
RESULT: {"using":"xpath","value":"//button[@data-kt=\"masterHOAddButton\"]"}
COMMAND: POST /session/8b9d24fb39cbfc9e79ab89721a1c9e7d/execute/sync - {"script":"<script> [8489 bytes]","args":[{"element-6066-11e4-a52e-4f735466cecf":"f.7652131D378371FA98FE7F43E0E28151.d.8489637866C79CE09C59A49FE3BC2143.e.17997","ELEMENT":"f.7652131D378371FA98FE7F43E0E28151.d.8489637866C79CE09C59A49FE3BC2143.e.17997"}]}
RESULT: {"script":"<script> [8489 bytes]","args":[{"element-6066-11e4-a52e-4f735466cecf":"f.7652131D378371FA98FE7F43E0E28151.d.8489637866C79CE09C59A49FE3BC2143.e.17997","ELEMENT":"f.7652131D378371FA98FE7F43E0E28151.d.8489637866C79CE09C59A49FE3BC2143.e.17997"}]}
COMMAND: GET /session/8b9d24fb39cbfc9e79ab89721a1c9e7d/element/f.7652131D378371FA98FE7F43E0E28151.d.8489637866C79CE09C59A49FE3BC2143.e.17997/enabled - {}
COMMAND: GET /session/8b9d24fb39cbfc9e79ab89721a1c9e7d/screenshot - {}
RESULT: {}
COMMAND: POST /session/8b9d24fb39cbfc9e79ab89721a1c9e7d/execute/sync - {"script":"<script> [8489 bytes]","args":[{"element-6066-11e4-a52e-4f735466cecf":"f.7652131D378371FA98FE7F43E0E28151.d.8489637866C79CE09C59A49FE3BC2143.e.17997","ELEMENT":"f.7652131D378371FA98FE7F43E0E28151.d.8489637866C79CE09C59A49FE3BC2143.e.17997"}]}
COMMAND: GET /session/8b9d24fb39cbfc9e79ab89721a1c9e7d/screenshot - {}
RESULT: {}
RESULT: {"script":"<script> [8489 bytes]","args":[{"element-6066-11e4-a52e-4f735466cecf":"f.7652131D378371FA98FE7F43E0E28151.d.8489637866C79CE09C59A49FE3BC2143.e.17997","ELEMENT":"f.7652131D378371FA98FE7F43E0E28151.d.8489637866C79CE09C59A49FE3BC2143.e.17997"}]}
COMMAND: POST /session/8b9d24fb39cbfc9e79ab89721a1c9e7d/execute/sync - {"script":"<script> [5351 bytes]","args":[{"element-6066-11e4-a52e-4f735466cecf":"f.7652131D378371FA98FE7F43E0E28151.d.8489637866C79CE09C59A49FE3BC2143.e.17997","ELEMENT":"f.7652131D378371FA98FE7F43E0E28151.d.8489637866C79CE09C59A49FE3BC2143.e.17997"}]}
COMMAND: GET /session/8b9d24fb39cbfc9e79ab89721a1c9e7d/screenshot - {}
RESULT: {}
RESULT: {"script":"<script> [5351 bytes]","args":[{"element-6066-11e4-a52e-4f735466cecf":"f.7652131D378371FA98FE7F43E0E28151.d.8489637866C79CE09C59A49FE3BC2143.e.17997","ELEMENT":"f.7652131D378371FA98FE7F43E0E28151.d.8489637866C79CE09C59A49FE3BC2143.e.17997"}]}
COMMAND: POST /session/8b9d24fb39cbfc9e79ab89721a1c9e7d/element/f.7652131D378371FA98FE7F43E0E28151.d.8489637866C79CE09C59A49FE3BC2143.e.17997/click - {}
COMMAND: GET /session/8b9d24fb39cbfc9e79ab89721a1c9e7d/screenshot - {}
RESULT: {}
RESULT: {}
COMMAND: GET /session/8b9d24fb39cbfc9e79ab89721a1c9e7d/screenshot - {}
COMMAND: POST /session/8b9d24fb39cbfc9e79ab89721a1c9e7d/element - {"using":"xpath","value":"//span[contains(@id ,\"AddNewHO--typeSelect-arrow\")]"}
RESULT: {}
RESULT: {}
RESULT: {"using":"xpath","value":"//span[contains(@id ,\"AddNewHO--typeSelect-arrow\")]"}
COMMAND: POST /session/8b9d24fb39cbfc9e79ab89721a1c9e7d/element/f.7652131D378371FA98FE7F43E0E28151.d.8489637866C79CE09C59A49FE3BC2143.e.18332/click - {}
RESULT: {}
COMMAND: GET /session/8b9d24fb39cbfc9e79ab89721a1c9e7d/screenshot - {}
RESULT: {}
COMMAND: POST /session/8b9d24fb39cbfc9e79ab89721a1c9e7d/element - {"using":"xpath","value":"(//li[contains(text(), \"stock increase yard\")])[1]"}
RESULT: {"using":"xpath","value":"(//li[contains(text(), \"stock increase yard\")])[1]"}
COMMAND: POST /session/8b9d24fb39cbfc9e79ab89721a1c9e7d/element/f.7652131D378371FA98FE7F43E0E28151.d.8489637866C79CE09C59A49FE3BC2143.e.18333/click - {}
RESULT: {}
COMMAND: GET /session/8b9d24fb39cbfc9e79ab89721a1c9e7d/screenshot - {}
RESULT: {}
COMMAND: POST /session/8b9d24fb39cbfc9e79ab89721a1c9e7d/execute/async - {"script":"<script> [1562 bytes]","args":[{"selector":{"id":"application-managehandovers-display-component---AddNewHO--dueDate","interaction":{"idSuffix":"inner"}},"wdio_ui5_key":"applicationmanagehandovers-display-component---AddNewHO--dueDate"}]}
RESULT: {"script":"<script> [1562 bytes]","args":[{"selector":{"id":"application-managehandovers-display-component---AddNewHO--dueDate","interaction":{"idSuffix":"inner"}},"wdio_ui5_key":"applicationmanagehandovers-display-component---AddNewHO--dueDate"}]}
RESULT: undefined
COMMAND: POST /session/8b9d24fb39cbfc9e79ab89721a1c9e7d/execute/async - {"script":"<script> [6424 bytes]","args":[{"element-6066-11e4-a52e-4f735466cecf":"f.7652131D378371FA98FE7F43E0E28151.d.8489637866C79CE09C59A49FE3BC2143.e.18337"},"setValue",["6/13/25"]]}
RESULT: {"script":"<script> [6424 bytes]","args":[{"element-6066-11e4-a52e-4f735466cecf":"f.7652131D378371FA98FE7F43E0E28151.d.8489637866C79CE09C59A49FE3BC2143.e.18337"},"setValue",["6/13/25"]]}
COMMAND: POST /session/8b9d24fb39cbfc9e79ab89721a1c9e7d/element - {"using":"xpath","value":"//input[@id=\"generalSectionFrg--receiveYard-inner\"]"}
RESULT: {"using":"xpath","value":"//input[@id=\"generalSectionFrg--receiveYard-inner\"]"}
COMMAND: POST /session/8b9d24fb39cbfc9e79ab89721a1c9e7d/element/f.7652131D378371FA98FE7F43E0E28151.d.8489637866C79CE09C59A49FE3BC2143.e.18343/clear - {}
RESULT: {}
COMMAND: POST /session/8b9d24fb39cbfc9e79ab89721a1c9e7d/element/f.7652131D378371FA98FE7F43E0E28151.d.8489637866C79CE09C59A49FE3BC2143.e.18343/value - {"text":"242"}
COMMAND: GET /session/8b9d24fb39cbfc9e79ab89721a1c9e7d/screenshot - {}
RESULT: {"text":"242"}
COMMAND: GET /session/8b9d24fb39cbfc9e79ab89721a1c9e7d/screenshot - {}
RESULT: {}
RESULT: {}
COMMAND: POST /session/8b9d24fb39cbfc9e79ab89721a1c9e7d/element - {"using":"xpath","value":"//li[.//span[contains(normalize-space(.), '242 -')]]"}
RESULT: {"using":"xpath","value":"//li[.//span[contains(normalize-space(.), '242 -')]]"}
COMMAND: POST /session/8b9d24fb39cbfc9e79ab89721a1c9e7d/element/f.7652131D378371FA98FE7F43E0E28151.d.8489637866C79CE09C59A49FE3BC2143.e.18359/click - {}
RESULT: {}
COMMAND: GET /session/8b9d24fb39cbfc9e79ab89721a1c9e7d/screenshot - {}
RESULT: {}
COMMAND: POST /session/8b9d24fb39cbfc9e79ab89721a1c9e7d/execute/async - {"script":"<script> [1562 bytes]","args":[{"selector":{"id":"application-managehandovers-display-component---AddNewHO--ObjectPageLayout-anchBar-application-managehandovers-display-component---AddNewHO--section4-anchor","interaction":{"idSuffix":"BDI-content"}},"wdio_ui5_key":"applicationmanagehandovers-display-component---AddNewHO--ObjectPageLayout-anchBar-application-managehandovers-display-component---AddNewHO--section4-anchor"}]}
RESULT: {"script":"<script> [1562 bytes]","args":[{"selector":{"id":"application-managehandovers-display-component---AddNewHO--ObjectPageLayout-anchBar-application-managehandovers-display-component---AddNewHO--section4-anchor","interaction":{"idSuffix":"BDI-content"}},"wdio_ui5_key":"applicationmanagehandovers-display-component---AddNewHO--ObjectPageLayout-anchBar-application-managehandovers-display-component---AddNewHO--section4-anchor"}]}
RESULT: undefined
COMMAND: POST /session/8b9d24fb39cbfc9e79ab89721a1c9e7d/element - {"using":"xpath","value":"//*[@id=\"application-managehandovers-display-component---AddNewHO--ObjectPageLayout-anchBar-application-managehandovers-display-component---AddNewHO--section4-anchor\"]"}
RESULT: {"using":"xpath","value":"//*[@id=\"application-managehandovers-display-component---AddNewHO--ObjectPageLayout-anchBar-application-managehandovers-display-component---AddNewHO--section4-anchor\"]"}
COMMAND: POST /session/8b9d24fb39cbfc9e79ab89721a1c9e7d/element/f.7652131D378371FA98FE7F43E0E28151.d.8489637866C79CE09C59A49FE3BC2143.e.18361/click - {}
RESULT: {}
COMMAND: GET /session/8b9d24fb39cbfc9e79ab89721a1c9e7d/screenshot - {}
RESULT: {}
COMMAND: POST /session/8b9d24fb39cbfc9e79ab89721a1c9e7d/element - {"using":"xpath","value":"//button[@aria-label=\"Add\"]"}
RESULT: {"using":"xpath","value":"//button[@aria-label=\"Add\"]"}
COMMAND: POST /session/8b9d24fb39cbfc9e79ab89721a1c9e7d/element/f.7652131D378371FA98FE7F43E0E28151.d.8489637866C79CE09C59A49FE3BC2143.e.18365/click - {}
RESULT: {}
COMMAND: GET /session/8b9d24fb39cbfc9e79ab89721a1c9e7d/screenshot - {}
RESULT: {}
COMMAND: POST /session/8b9d24fb39cbfc9e79ab89721a1c9e7d/execute/async - {"script":"<script> [1562 bytes]","args":[{"selector":{"id":"application-managehandovers-display-component---AddNewHO--smartFilterBar-btnBasicSearch","searchOpenDialogs":true,"interaction":{"idSuffix":"I"}},"wdio_ui5_key":"applicationmanagehandovers-display-component---AddNewHO--smartFilterBar-btnBasicSearch"}]}
RESULT: {"script":"<script> [1562 bytes]","args":[{"selector":{"id":"application-managehandovers-display-component---AddNewHO--smartFilterBar-btnBasicSearch","searchOpenDialogs":true,"interaction":{"idSuffix":"I"}},"wdio_ui5_key":"applicationmanagehandovers-display-component---AddNewHO--smartFilterBar-btnBasicSearch"}]}
RESULT: undefined
COMMAND: POST /session/8b9d24fb39cbfc9e79ab89721a1c9e7d/execute/async - {"script":"<script> [776 bytes]","args":[{"enterText":"200122","selector":{"id":"application-managehandovers-display-component---AddNewHO--smartFilterBar-btnBasicSearch","searchOpenDialogs":true,"interaction":{"idSuffix":"I"}},"clearTextFirst":true,"interactionType":"ENTER_TEXT"}]}
RESULT: {"script":"<script> [776 bytes]","args":[{"enterText":"200122","selector":{"id":"application-managehandovers-display-component---AddNewHO--smartFilterBar-btnBasicSearch","searchOpenDialogs":true,"interaction":{"idSuffix":"I"}},"clearTextFirst":true,"interactionType":"ENTER_TEXT"}]}
COMMAND: POST /session/8b9d24fb39cbfc9e79ab89721a1c9e7d/actions - {"actions":[{"id":"action56","type":"key","parameters":{},"actions":[{"type":"keyDown","value":""},{"type":"pause","duration":10},{"type":"keyUp","value":""}]}]}
RESULT: {"actions":[{"id":"action56","type":"key","parameters":{},"actions":[{"type":"keyDown","value":""},{"type":"pause","duration":10},{"type":"keyUp","value":""}]}]}
COMMAND: GET /session/8b9d24fb39cbfc9e79ab89721a1c9e7d/screenshot - {}
RESULT: {}
COMMAND: POST /session/8b9d24fb39cbfc9e79ab89721a1c9e7d/execute/async - {"script":"<script> [1562 bytes]","args":[{"selector":{"id":"application-managehandovers-display-component---AddNewHO--popup-sa","searchOpenDialogs":true,"interaction":{"idSuffix":"CbBg"}},"wdio_ui5_key":"applicationmanagehandovers-display-component---AddNewHO--popup-sa"}]}
RESULT: {"script":"<script> [1562 bytes]","args":[{"selector":{"id":"application-managehandovers-display-component---AddNewHO--popup-sa","searchOpenDialogs":true,"interaction":{"idSuffix":"CbBg"}},"wdio_ui5_key":"applicationmanagehandovers-display-component---AddNewHO--popup-sa"}]}
RESULT: undefined
COMMAND: POST /session/8b9d24fb39cbfc9e79ab89721a1c9e7d/element - {"using":"xpath","value":"//*[@id=\"application-managehandovers-display-component---AddNewHO--popup-sa\"]"}
RESULT: {"using":"xpath","value":"//*[@id=\"application-managehandovers-display-component---AddNewHO--popup-sa\"]"}
COMMAND: POST /session/8b9d24fb39cbfc9e79ab89721a1c9e7d/element/f.7652131D378371FA98FE7F43E0E28151.d.8489637866C79CE09C59A49FE3BC2143.e.18518/click - {}
RESULT: {}
COMMAND: GET /session/8b9d24fb39cbfc9e79ab89721a1c9e7d/screenshot - {}
RESULT: {}
COMMAND: POST /session/8b9d24fb39cbfc9e79ab89721a1c9e7d/element - {"using":"xpath","value":"//bdi[contains(text(), \"Select\")]"}
RESULT: {"using":"xpath","value":"//bdi[contains(text(), \"Select\")]"}
COMMAND: POST /session/8b9d24fb39cbfc9e79ab89721a1c9e7d/element/f.7652131D378371FA98FE7F43E0E28151.d.8489637866C79CE09C59A49FE3BC2143.e.18519/click - {}
RESULT: {}
COMMAND: GET /session/8b9d24fb39cbfc9e79ab89721a1c9e7d/screenshot - {}
RESULT: {}
COMMAND: POST /session/8b9d24fb39cbfc9e79ab89721a1c9e7d/element - {"using":"xpath","value":"//button[@data-kt=\"AddNewHOSaveButton\"]"}
RESULT: {"using":"xpath","value":"//button[@data-kt=\"AddNewHOSaveButton\"]"}
COMMAND: POST /session/8b9d24fb39cbfc9e79ab89721a1c9e7d/element/f.7652131D378371FA98FE7F43E0E28151.d.8489637866C79CE09C59A49FE3BC2143.e.18523/click - {}
RESULT: {}
COMMAND: GET /session/8b9d24fb39cbfc9e79ab89721a1c9e7d/screenshot - {}
RESULT: {}
COMMAND: POST /session/8b9d24fb39cbfc9e79ab89721a1c9e7d/execute/async - {"script":"<script> [1562 bytes]","args":[{"selector":{"id":"receiptDatePicker","viewName":"etm.portal.ui.managehandovers.view.DetailExecuteHO","interaction":{"idSuffix":"inner"}},"wdio_ui5_key":"receiptDatePickeretmportal.ui.managehandovers.view.DetailExecuteHO"}]}
RESULT: {"script":"<script> [1562 bytes]","args":[{"selector":{"id":"receiptDatePicker","viewName":"etm.portal.ui.managehandovers.view.DetailExecuteHO","interaction":{"idSuffix":"inner"}},"wdio_ui5_key":"receiptDatePickeretmportal.ui.managehandovers.view.DetailExecuteHO"}]}
RESULT: undefined
COMMAND: POST /session/8b9d24fb39cbfc9e79ab89721a1c9e7d/execute/async - {"script":"<script> [6424 bytes]","args":[{"element-6066-11e4-a52e-4f735466cecf":"f.7652131D378371FA98FE7F43E0E28151.d.8489637866C79CE09C59A49FE3BC2143.e.18550"},"setValue",["6/13/25"]]}
RESULT: {"script":"<script> [6424 bytes]","args":[{"element-6066-11e4-a52e-4f735466cecf":"f.7652131D378371FA98FE7F43E0E28151.d.8489637866C79CE09C59A49FE3BC2143.e.18550"},"setValue",["6/13/25"]]}
COMMAND: POST /session/8b9d24fb39cbfc9e79ab89721a1c9e7d/element - {"using":"xpath","value":"//button[@data-kt=\"ReceivingTableConfirmAllButton\"]"}
RESULT: {"using":"xpath","value":"//button[@data-kt=\"ReceivingTableConfirmAllButton\"]"}
COMMAND: POST /session/8b9d24fb39cbfc9e79ab89721a1c9e7d/element/f.7652131D378371FA98FE7F43E0E28151.d.8489637866C79CE09C59A49FE3BC2143.e.18563/click - {}
RESULT: {}
COMMAND: GET /session/8b9d24fb39cbfc9e79ab89721a1c9e7d/screenshot - {}
RESULT: {}
COMMAND: POST /session/8b9d24fb39cbfc9e79ab89721a1c9e7d/element - {"using":"xpath","value":"//bdi[contains(text(), \"OK\")]"}
RESULT: {"using":"xpath","value":"//bdi[contains(text(), \"OK\")]"}
COMMAND: POST /session/8b9d24fb39cbfc9e79ab89721a1c9e7d/element/f.7652131D378371FA98FE7F43E0E28151.d.8489637866C79CE09C59A49FE3BC2143.e.18565/click - {}
RESULT: {}
COMMAND: GET /session/8b9d24fb39cbfc9e79ab89721a1c9e7d/screenshot - {}
RESULT: {}
COMMAND: POST /session/8b9d24fb39cbfc9e79ab89721a1c9e7d/element - {"using":"xpath","value":"(//bdi[contains(text(), \"Receive\")])[2]"}
RESULT: {"using":"xpath","value":"(//bdi[contains(text(), \"Receive\")])[2]"}
COMMAND: POST /session/8b9d24fb39cbfc9e79ab89721a1c9e7d/element/f.7652131D378371FA98FE7F43E0E28151.d.8489637866C79CE09C59A49FE3BC2143.e.18567/click - {}
RESULT: {}
COMMAND: GET /session/8b9d24fb39cbfc9e79ab89721a1c9e7d/screenshot - {}
RESULT: {}
COMMAND: POST /session/8b9d24fb39cbfc9e79ab89721a1c9e7d/element - {"using":"css selector","value":"#shell-header-logo"}
RESULT: {"using":"css selector","value":"#shell-header-logo"}
COMMAND: POST /session/8b9d24fb39cbfc9e79ab89721a1c9e7d/element/f.7652131D378371FA98FE7F43E0E28151.d.8489637866C79CE09C59A49FE3BC2143.e.17958/click - {}
RESULT: {}
COMMAND: GET /session/8b9d24fb39cbfc9e79ab89721a1c9e7d/screenshot - {}
RESULT: {}
]]></system-out>
    </testcase>
    <testcase classname="chrome.137_0_7151_69.windows.Provide_to_Site_w/o_warehouse_management_w/o_clarification" name="Should create a new contract" time="64.094">
      <system-out><![CDATA[
COMMAND: POST /session/8b9d24fb39cbfc9e79ab89721a1c9e7d/execute/async - {"script":"<script> [1562 bytes]","args":[{"selector":{"controlType":"sap.m.GenericTile","properties":{"header":"Manage Contracts"}},"wdio_ui5_key":"sapm.GenericTile{\"header\":\"Manage Contracts\"}"}]}
RESULT: {"script":"<script> [1562 bytes]","args":[{"selector":{"controlType":"sap.m.GenericTile","properties":{"header":"Manage Contracts"}},"wdio_ui5_key":"sapm.GenericTile{\"header\":\"Manage Contracts\"}"}]}
RESULT: undefined
COMMAND: POST /session/8b9d24fb39cbfc9e79ab89721a1c9e7d/element - {"using":"xpath","value":"//*[@id=\"__tile135\"]"}
RESULT: {"using":"xpath","value":"//*[@id=\"__tile135\"]"}
COMMAND: POST /session/8b9d24fb39cbfc9e79ab89721a1c9e7d/element/f.7652131D378371FA98FE7F43E0E28151.d.8489637866C79CE09C59A49FE3BC2143.e.17259/click - {}
RESULT: {}
COMMAND: GET /session/8b9d24fb39cbfc9e79ab89721a1c9e7d/screenshot - {}
RESULT: {}
COMMAND: POST /session/8b9d24fb39cbfc9e79ab89721a1c9e7d/elements - {"using":"xpath","value":"//span[text()='Error']"}
RESULT: {"using":"xpath","value":"//span[text()='Error']"}
COMMAND: POST /session/8b9d24fb39cbfc9e79ab89721a1c9e7d/element - {"using":"xpath","value":"//button[@data-kt=\"addButton\"]"}
RESULT: {"using":"xpath","value":"//button[@data-kt=\"addButton\"]"}
COMMAND: POST /session/8b9d24fb39cbfc9e79ab89721a1c9e7d/elements - {"using":"xpath","value":"//button[@data-kt=\"addButton\"]"}
RESULT: {"using":"xpath","value":"//button[@data-kt=\"addButton\"]"}
COMMAND: POST /session/8b9d24fb39cbfc9e79ab89721a1c9e7d/execute/sync - {"script":"<script> [8489 bytes]","args":[{"element-6066-11e4-a52e-4f735466cecf":"f.7652131D378371FA98FE7F43E0E28151.d.8489637866C79CE09C59A49FE3BC2143.e.18790","ELEMENT":"f.7652131D378371FA98FE7F43E0E28151.d.8489637866C79CE09C59A49FE3BC2143.e.18790"}]}
RESULT: {"script":"<script> [8489 bytes]","args":[{"element-6066-11e4-a52e-4f735466cecf":"f.7652131D378371FA98FE7F43E0E28151.d.8489637866C79CE09C59A49FE3BC2143.e.18790","ELEMENT":"f.7652131D378371FA98FE7F43E0E28151.d.8489637866C79CE09C59A49FE3BC2143.e.18790"}]}
COMMAND: GET /session/8b9d24fb39cbfc9e79ab89721a1c9e7d/element/f.7652131D378371FA98FE7F43E0E28151.d.8489637866C79CE09C59A49FE3BC2143.e.18790/enabled - {}
COMMAND: GET /session/8b9d24fb39cbfc9e79ab89721a1c9e7d/screenshot - {}
RESULT: {}
COMMAND: POST /session/8b9d24fb39cbfc9e79ab89721a1c9e7d/execute/sync - {"script":"<script> [8489 bytes]","args":[{"element-6066-11e4-a52e-4f735466cecf":"f.7652131D378371FA98FE7F43E0E28151.d.8489637866C79CE09C59A49FE3BC2143.e.18790","ELEMENT":"f.7652131D378371FA98FE7F43E0E28151.d.8489637866C79CE09C59A49FE3BC2143.e.18790"}]}
COMMAND: GET /session/8b9d24fb39cbfc9e79ab89721a1c9e7d/screenshot - {}
RESULT: {}
RESULT: {"script":"<script> [8489 bytes]","args":[{"element-6066-11e4-a52e-4f735466cecf":"f.7652131D378371FA98FE7F43E0E28151.d.8489637866C79CE09C59A49FE3BC2143.e.18790","ELEMENT":"f.7652131D378371FA98FE7F43E0E28151.d.8489637866C79CE09C59A49FE3BC2143.e.18790"}]}
COMMAND: POST /session/8b9d24fb39cbfc9e79ab89721a1c9e7d/execute/sync - {"script":"<script> [5351 bytes]","args":[{"element-6066-11e4-a52e-4f735466cecf":"f.7652131D378371FA98FE7F43E0E28151.d.8489637866C79CE09C59A49FE3BC2143.e.18790","ELEMENT":"f.7652131D378371FA98FE7F43E0E28151.d.8489637866C79CE09C59A49FE3BC2143.e.18790"}]}
COMMAND: GET /session/8b9d24fb39cbfc9e79ab89721a1c9e7d/screenshot - {}
RESULT: {}
RESULT: {"script":"<script> [5351 bytes]","args":[{"element-6066-11e4-a52e-4f735466cecf":"f.7652131D378371FA98FE7F43E0E28151.d.8489637866C79CE09C59A49FE3BC2143.e.18790","ELEMENT":"f.7652131D378371FA98FE7F43E0E28151.d.8489637866C79CE09C59A49FE3BC2143.e.18790"}]}
COMMAND: GET /session/8b9d24fb39cbfc9e79ab89721a1c9e7d/screenshot - {}
RESULT: {}
RESULT: {}
COMMAND: POST /session/8b9d24fb39cbfc9e79ab89721a1c9e7d/element/f.7652131D378371FA98FE7F43E0E28151.d.8489637866C79CE09C59A49FE3BC2143.e.18790/click - {}
RESULT: {}
COMMAND: GET /session/8b9d24fb39cbfc9e79ab89721a1c9e7d/screenshot - {}
RESULT: {}
COMMAND: POST /session/8b9d24fb39cbfc9e79ab89721a1c9e7d/execute/async - {"script":"<script> [1562 bytes]","args":[{"selector":{"id":"application-managecontracts-display-component---AddNewContract--projectDescription","interaction":{"idSuffix":"inner"}},"wdio_ui5_key":"applicationmanagecontracts-display-component---AddNewContract--projectDescription"}]}
RESULT: {"script":"<script> [1562 bytes]","args":[{"selector":{"id":"application-managecontracts-display-component---AddNewContract--projectDescription","interaction":{"idSuffix":"inner"}},"wdio_ui5_key":"applicationmanagecontracts-display-component---AddNewContract--projectDescription"}]}
RESULT: undefined
COMMAND: POST /session/8b9d24fb39cbfc9e79ab89721a1c9e7d/execute/async - {"script":"<script> [776 bytes]","args":[{"enterText":"Contract WDIO","selector":{"id":"application-managecontracts-display-component---AddNewContract--projectDescription","interaction":{"idSuffix":"inner"}},"clearTextFirst":true,"interactionType":"ENTER_TEXT"}]}
RESULT: {"script":"<script> [776 bytes]","args":[{"enterText":"Contract WDIO","selector":{"id":"application-managecontracts-display-component---AddNewContract--projectDescription","interaction":{"idSuffix":"inner"}},"clearTextFirst":true,"interactionType":"ENTER_TEXT"}]}
COMMAND: POST /session/8b9d24fb39cbfc9e79ab89721a1c9e7d/element - {"using":"xpath","value":"//input[@id=\"application-managecontracts-display-component---AddNewContract--site-inner\"]"}
RESULT: {"using":"xpath","value":"//input[@id=\"application-managecontracts-display-component---AddNewContract--site-inner\"]"}
COMMAND: POST /session/8b9d24fb39cbfc9e79ab89721a1c9e7d/element/f.7652131D378371FA98FE7F43E0E28151.d.8489637866C79CE09C59A49FE3BC2143.e.19109/clear - {}
RESULT: {}
COMMAND: POST /session/8b9d24fb39cbfc9e79ab89721a1c9e7d/element/f.7652131D378371FA98FE7F43E0E28151.d.8489637866C79CE09C59A49FE3BC2143.e.19109/value - {"text":"2088"}
COMMAND: GET /session/8b9d24fb39cbfc9e79ab89721a1c9e7d/screenshot - {}
RESULT: {"text":"2088"}
COMMAND: GET /session/8b9d24fb39cbfc9e79ab89721a1c9e7d/screenshot - {}
RESULT: {}
RESULT: {}
COMMAND: POST /session/8b9d24fb39cbfc9e79ab89721a1c9e7d/element - {"using":"xpath","value":"//li[.//span[text()='2088']]"}
RESULT: {"using":"xpath","value":"//li[.//span[text()='2088']]"}
COMMAND: POST /session/8b9d24fb39cbfc9e79ab89721a1c9e7d/element/f.7652131D378371FA98FE7F43E0E28151.d.8489637866C79CE09C59A49FE3BC2143.e.19192/click - {}
RESULT: {}
COMMAND: GET /session/8b9d24fb39cbfc9e79ab89721a1c9e7d/screenshot - {}
RESULT: {}
COMMAND: POST /session/8b9d24fb39cbfc9e79ab89721a1c9e7d/element - {"using":"xpath","value":"//input[@id=\"application-managecontracts-display-component---AddNewContract--yardId-inner\"]"}
RESULT: {"using":"xpath","value":"//input[@id=\"application-managecontracts-display-component---AddNewContract--yardId-inner\"]"}
COMMAND: GET /session/8b9d24fb39cbfc9e79ab89721a1c9e7d/element/f.7652131D378371FA98FE7F43E0E28151.d.8489637866C79CE09C59A49FE3BC2143.e.19110/property/value - {}
RESULT: {}
COMMAND: POST /session/8b9d24fb39cbfc9e79ab89721a1c9e7d/element - {"using":"xpath","value":"//input[@id=\"application-managecontracts-display-component---AddNewContract--customerSelect-inner\"]"}
COMMAND: GET /session/8b9d24fb39cbfc9e79ab89721a1c9e7d/screenshot - {}
RESULT: {"using":"xpath","value":"//input[@id=\"application-managecontracts-display-component---AddNewContract--customerSelect-inner\"]"}
COMMAND: POST /session/8b9d24fb39cbfc9e79ab89721a1c9e7d/element/f.7652131D378371FA98FE7F43E0E28151.d.8489637866C79CE09C59A49FE3BC2143.e.19108/clear - {}
RESULT: {}
RESULT: {}
COMMAND: POST /session/8b9d24fb39cbfc9e79ab89721a1c9e7d/element/f.7652131D378371FA98FE7F43E0E28151.d.8489637866C79CE09C59A49FE3BC2143.e.19108/value - {"text":"1094"}
COMMAND: GET /session/8b9d24fb39cbfc9e79ab89721a1c9e7d/screenshot - {}
RESULT: {"text":"1094"}
COMMAND: GET /session/8b9d24fb39cbfc9e79ab89721a1c9e7d/screenshot - {}
RESULT: {}
RESULT: {}
COMMAND: POST /session/8b9d24fb39cbfc9e79ab89721a1c9e7d/element - {"using":"xpath","value":"//li[.//span[text()='1094']]"}
RESULT: {"using":"xpath","value":"//li[.//span[text()='1094']]"}
COMMAND: POST /session/8b9d24fb39cbfc9e79ab89721a1c9e7d/element/f.7652131D378371FA98FE7F43E0E28151.d.8489637866C79CE09C59A49FE3BC2143.e.19195/click - {}
RESULT: {}
COMMAND: GET /session/8b9d24fb39cbfc9e79ab89721a1c9e7d/screenshot - {}
RESULT: {}
COMMAND: POST /session/8b9d24fb39cbfc9e79ab89721a1c9e7d/element - {"using":"xpath","value":"//button[@data-kt=\"saveButton\"]"}
RESULT: {"using":"xpath","value":"//button[@data-kt=\"saveButton\"]"}
COMMAND: POST /session/8b9d24fb39cbfc9e79ab89721a1c9e7d/element/f.7652131D378371FA98FE7F43E0E28151.d.8489637866C79CE09C59A49FE3BC2143.e.19185/click - {}
RESULT: {}
COMMAND: GET /session/8b9d24fb39cbfc9e79ab89721a1c9e7d/screenshot - {}
RESULT: {}
COMMAND: POST /session/8b9d24fb39cbfc9e79ab89721a1c9e7d/element - {"using":"xpath","value":"//span[contains(@id ,\"contractDetailTitleNoExpanded\")]"}
RESULT: {"using":"xpath","value":"//span[contains(@id ,\"contractDetailTitleNoExpanded\")]"}
COMMAND: POST /session/8b9d24fb39cbfc9e79ab89721a1c9e7d/elements - {"using":"xpath","value":"//span[contains(@id ,\"contractDetailTitleNoExpanded\")]"}
RESULT: {"using":"xpath","value":"//span[contains(@id ,\"contractDetailTitleNoExpanded\")]"}
COMMAND: POST /session/8b9d24fb39cbfc9e79ab89721a1c9e7d/execute/sync - {"script":"<script> [56 bytes]","args":[{"element-6066-11e4-a52e-4f735466cecf":"f.7652131D378371FA98FE7F43E0E28151.d.8489637866C79CE09C59A49FE3BC2143.e.19266","ELEMENT":"f.7652131D378371FA98FE7F43E0E28151.d.8489637866C79CE09C59A49FE3BC2143.e.19266"}]}
RESULT: {"script":"<script> [56 bytes]","args":[{"element-6066-11e4-a52e-4f735466cecf":"f.7652131D378371FA98FE7F43E0E28151.d.8489637866C79CE09C59A49FE3BC2143.e.19266","ELEMENT":"f.7652131D378371FA98FE7F43E0E28151.d.8489637866C79CE09C59A49FE3BC2143.e.19266"}]}
COMMAND: GET /session/8b9d24fb39cbfc9e79ab89721a1c9e7d/screenshot - {}
RESULT: {}
]]></system-out>
    </testcase>
    <testcase classname="chrome.137_0_7151_69.windows.Provide_to_Site_w/o_warehouse_management_w/o_clarification" name="Should add equipment to the contract" time="59.001">
      <system-out><![CDATA[
COMMAND: POST /session/8b9d24fb39cbfc9e79ab89721a1c9e7d/element - {"using":"xpath","value":"//button[@data-kt=\"contractDetailEditBtnButton\"]"}
RESULT: {"using":"xpath","value":"//button[@data-kt=\"contractDetailEditBtnButton\"]"}
COMMAND: POST /session/8b9d24fb39cbfc9e79ab89721a1c9e7d/element/f.7652131D378371FA98FE7F43E0E28151.d.8489637866C79CE09C59A49FE3BC2143.e.19268/click - {}
RESULT: {}
COMMAND: GET /session/8b9d24fb39cbfc9e79ab89721a1c9e7d/screenshot - {}
RESULT: {}
COMMAND: POST /session/8b9d24fb39cbfc9e79ab89721a1c9e7d/element - {"using":"xpath","value":"(//span[contains(text(), \"Additional Addresses\")])[2]"}
RESULT: {"using":"xpath","value":"(//span[contains(text(), \"Additional Addresses\")])[2]"}
COMMAND: POST /session/8b9d24fb39cbfc9e79ab89721a1c9e7d/element/f.7652131D378371FA98FE7F43E0E28151.d.8489637866C79CE09C59A49FE3BC2143.e.19324/click - {}
RESULT: {}
COMMAND: GET /session/8b9d24fb39cbfc9e79ab89721a1c9e7d/screenshot - {}
RESULT: {}
COMMAND: POST /session/8b9d24fb39cbfc9e79ab89721a1c9e7d/element - {"using":"xpath","value":"//button[@data-kt=\"btnAddTableRowOverflowToolbarButton\"]"}
RESULT: {"using":"xpath","value":"//button[@data-kt=\"btnAddTableRowOverflowToolbarButton\"]"}
COMMAND: POST /session/8b9d24fb39cbfc9e79ab89721a1c9e7d/element/f.7652131D378371FA98FE7F43E0E28151.d.8489637866C79CE09C59A49FE3BC2143.e.19326/click - {}
RESULT: {}
COMMAND: GET /session/8b9d24fb39cbfc9e79ab89721a1c9e7d/screenshot - {}
RESULT: {}
COMMAND: POST /session/8b9d24fb39cbfc9e79ab89721a1c9e7d/element - {"using":"xpath","value":"//div[(text() = 'Standard Entry' or . = 'Standard Entry')]"}
RESULT: {"using":"xpath","value":"//div[(text() = 'Standard Entry' or . = 'Standard Entry')]"}
COMMAND: POST /session/8b9d24fb39cbfc9e79ab89721a1c9e7d/element/f.7652131D378371FA98FE7F43E0E28151.d.8489637866C79CE09C59A49FE3BC2143.e.19328/click - {}
RESULT: {}
COMMAND: GET /session/8b9d24fb39cbfc9e79ab89721a1c9e7d/screenshot - {}
RESULT: {}
COMMAND: POST /session/8b9d24fb39cbfc9e79ab89721a1c9e7d/element - {"using":"xpath","value":"//td[6]/div/div/div/span"}
RESULT: {"using":"xpath","value":"//td[6]/div/div/div/span"}
COMMAND: POST /session/8b9d24fb39cbfc9e79ab89721a1c9e7d/element/f.7652131D378371FA98FE7F43E0E28151.d.8489637866C79CE09C59A49FE3BC2143.e.19340/click - {}
RESULT: {}
COMMAND: GET /session/8b9d24fb39cbfc9e79ab89721a1c9e7d/screenshot - {}
RESULT: {}
COMMAND: POST /session/8b9d24fb39cbfc9e79ab89721a1c9e7d/element - {"using":"xpath","value":"(//span[contains(text(), \"Material\")])"}
RESULT: {"using":"xpath","value":"(//span[contains(text(), \"Material\")])"}
COMMAND: POST /session/8b9d24fb39cbfc9e79ab89721a1c9e7d/element/f.7652131D378371FA98FE7F43E0E28151.d.8489637866C79CE09C59A49FE3BC2143.e.19341/click - {}
RESULT: {}
COMMAND: GET /session/8b9d24fb39cbfc9e79ab89721a1c9e7d/screenshot - {}
RESULT: {}
COMMAND: POST /session/8b9d24fb39cbfc9e79ab89721a1c9e7d/element - {"using":"xpath","value":"//td[7]/div/div/input"}
RESULT: {"using":"xpath","value":"//td[7]/div/div/input"}
COMMAND: POST /session/8b9d24fb39cbfc9e79ab89721a1c9e7d/element/f.7652131D378371FA98FE7F43E0E28151.d.8489637866C79CE09C59A49FE3BC2143.e.19344/clear - {}
RESULT: {}
COMMAND: POST /session/8b9d24fb39cbfc9e79ab89721a1c9e7d/element/f.7652131D378371FA98FE7F43E0E28151.d.8489637866C79CE09C59A49FE3BC2143.e.19344/value - {"text":"200122"}
COMMAND: GET /session/8b9d24fb39cbfc9e79ab89721a1c9e7d/screenshot - {}
RESULT: {"text":"200122"}
COMMAND: GET /session/8b9d24fb39cbfc9e79ab89721a1c9e7d/screenshot - {}
RESULT: {}
RESULT: {}
COMMAND: POST /session/8b9d24fb39cbfc9e79ab89721a1c9e7d/actions - {"actions":[{"id":"action57","type":"key","parameters":{},"actions":[{"type":"keyDown","value":""},{"type":"pause","duration":10},{"type":"keyUp","value":""}]}]}
RESULT: {"actions":[{"id":"action57","type":"key","parameters":{},"actions":[{"type":"keyDown","value":""},{"type":"pause","duration":10},{"type":"keyUp","value":""}]}]}
COMMAND: GET /session/8b9d24fb39cbfc9e79ab89721a1c9e7d/screenshot - {}
RESULT: {}
COMMAND: POST /session/8b9d24fb39cbfc9e79ab89721a1c9e7d/execute/sync - {"script":"<script> [276 bytes]","args":["No pricing information was found"]}
RESULT: {"script":"<script> [276 bytes]","args":["No pricing information was found"]}
COMMAND: POST /session/8b9d24fb39cbfc9e79ab89721a1c9e7d/element - {"using":"xpath","value":"//bdi[contains(text(), \"OK\")]"}
COMMAND: GET /session/8b9d24fb39cbfc9e79ab89721a1c9e7d/screenshot - {}
RESULT: {"using":"xpath","value":"//bdi[contains(text(), \"OK\")]"}
COMMAND: POST /session/8b9d24fb39cbfc9e79ab89721a1c9e7d/element/f.7652131D378371FA98FE7F43E0E28151.d.8489637866C79CE09C59A49FE3BC2143.e.19370/click - {}
RESULT: {}
RESULT: {}
COMMAND: GET /session/8b9d24fb39cbfc9e79ab89721a1c9e7d/screenshot - {}
RESULT: {}
COMMAND: POST /session/8b9d24fb39cbfc9e79ab89721a1c9e7d/element - {"using":"xpath","value":"(//button[@data-kt=\"saveButton\"])[2]"}
RESULT: {"using":"xpath","value":"(//button[@data-kt=\"saveButton\"])[2]"}
COMMAND: POST /session/8b9d24fb39cbfc9e79ab89721a1c9e7d/element/f.7652131D378371FA98FE7F43E0E28151.d.8489637866C79CE09C59A49FE3BC2143.e.19371/click - {}
RESULT: {}
COMMAND: GET /session/8b9d24fb39cbfc9e79ab89721a1c9e7d/screenshot - {}
RESULT: {}
COMMAND: POST /session/8b9d24fb39cbfc9e79ab89721a1c9e7d/execute/sync - {"script":"<script> [276 bytes]","args":["Some contract items are having rental validity exceeding header rental validity"]}
RESULT: {"script":"<script> [276 bytes]","args":["Some contract items are having rental validity exceeding header rental validity"]}
COMMAND: GET /session/8b9d24fb39cbfc9e79ab89721a1c9e7d/screenshot - {}
RESULT: {}
COMMAND: POST /session/8b9d24fb39cbfc9e79ab89721a1c9e7d/element - {"using":"xpath","value":"//span[contains(@id ,\"contractItemsSmartTable-header-inner\")]"}
RESULT: {"using":"xpath","value":"//span[contains(@id ,\"contractItemsSmartTable-header-inner\")]"}
COMMAND: POST /session/8b9d24fb39cbfc9e79ab89721a1c9e7d/elements - {"using":"xpath","value":"//span[contains(@id ,\"contractItemsSmartTable-header-inner\")]"}
RESULT: {"using":"xpath","value":"//span[contains(@id ,\"contractItemsSmartTable-header-inner\")]"}
COMMAND: POST /session/8b9d24fb39cbfc9e79ab89721a1c9e7d/execute/sync - {"script":"<script> [56 bytes]","args":[{"element-6066-11e4-a52e-4f735466cecf":"f.7652131D378371FA98FE7F43E0E28151.d.8489637866C79CE09C59A49FE3BC2143.e.19375","ELEMENT":"f.7652131D378371FA98FE7F43E0E28151.d.8489637866C79CE09C59A49FE3BC2143.e.19375"}]}
RESULT: {"script":"<script> [56 bytes]","args":[{"element-6066-11e4-a52e-4f735466cecf":"f.7652131D378371FA98FE7F43E0E28151.d.8489637866C79CE09C59A49FE3BC2143.e.19375","ELEMENT":"f.7652131D378371FA98FE7F43E0E28151.d.8489637866C79CE09C59A49FE3BC2143.e.19375"}]}
COMMAND: GET /session/8b9d24fb39cbfc9e79ab89721a1c9e7d/screenshot - {}
]]></system-out>
    </testcase>
    <testcase classname="chrome.137_0_7151_69.windows.Provide_to_Site_w/o_warehouse_management_w/o_clarification" name="Should do provide to site" time="135.212">
      <system-out><![CDATA[
COMMAND: POST /session/8b9d24fb39cbfc9e79ab89721a1c9e7d/element - {"using":"xpath","value":"//button[@data-kt=\"provideButton\"]"}
RESULT: {}
RESULT: {"using":"xpath","value":"//button[@data-kt=\"provideButton\"]"}
COMMAND: POST /session/8b9d24fb39cbfc9e79ab89721a1c9e7d/element/f.7652131D378371FA98FE7F43E0E28151.d.8489637866C79CE09C59A49FE3BC2143.e.19376/click - {}
RESULT: {}
COMMAND: GET /session/8b9d24fb39cbfc9e79ab89721a1c9e7d/screenshot - {}
COMMAND: POST /session/8b9d24fb39cbfc9e79ab89721a1c9e7d/element - {"using":"xpath","value":"(//div[contains(@id, \"application-managehandovers-display-component---AddNewHO--oneStep-CbBg\")])"}
RESULT: {}
RESULT: {"using":"xpath","value":"(//div[contains(@id, \"application-managehandovers-display-component---AddNewHO--oneStep-CbBg\")])"}
COMMAND: POST /session/8b9d24fb39cbfc9e79ab89721a1c9e7d/element - {"using":"xpath","value":"(//div[contains(@id, \"application-managehandovers-display-component---AddNewHO--oneStep-CbBg\")])/input"}
RESULT: {"using":"xpath","value":"(//div[contains(@id, \"application-managehandovers-display-component---AddNewHO--oneStep-CbBg\")])/input"}
COMMAND: GET /session/8b9d24fb39cbfc9e79ab89721a1c9e7d/element/f.7652131D378371FA98FE7F43E0E28151.d.8489637866C79CE09C59A49FE3BC2143.e.19456/attribute/checked - {}
RESULT: {}
RESULT: undefined
COMMAND: POST /session/8b9d24fb39cbfc9e79ab89721a1c9e7d/execute/async - {"script":"<script> [6424 bytes]","args":[{"element-6066-11e4-a52e-4f735466cecf":"f.7652131D378371FA98FE7F43E0E28151.d.8489637866C79CE09C59A49FE3BC2143.e.18337"},"setValue",["06/13/25"]]}
COMMAND: POST /session/8b9d24fb39cbfc9e79ab89721a1c9e7d/element/f.7652131D378371FA98FE7F43E0E28151.d.8489637866C79CE09C59A49FE3BC2143.e.19685/click - {}
RESULT: {}
COMMAND: GET /session/8b9d24fb39cbfc9e79ab89721a1c9e7d/screenshot - {}
COMMAND: POST /session/8b9d24fb39cbfc9e79ab89721a1c9e7d/execute/async - {"script":"<script> [1562 bytes]","args":[{"selector":{"id":"application-managehandovers-display-component---AddNewHO--dueDate","interaction":{"idSuffix":"inner"}},"wdio_ui5_key":"applicationmanagehandovers-display-component---AddNewHO--dueDate"}]}
RESULT: {}
RESULT: {"script":"<script> [1562 bytes]","args":[{"selector":{"id":"application-managehandovers-display-component---AddNewHO--dueDate","interaction":{"idSuffix":"inner"}},"wdio_ui5_key":"applicationmanagehandovers-display-component---AddNewHO--dueDate"}]}
COMMAND: POST /session/8b9d24fb39cbfc9e79ab89721a1c9e7d/execute/async - {"script":"<script> [6424 bytes]","args":[{"element-6066-11e4-a52e-4f735466cecf":"f.7652131D378371FA98FE7F43E0E28151.d.8489637866C79CE09C59A49FE3BC2143.e.19452"},"setValue",["06/13/25"]]}
RESULT: {"script":"<script> [6424 bytes]","args":[{"element-6066-11e4-a52e-4f735466cecf":"f.7652131D378371FA98FE7F43E0E28151.d.8489637866C79CE09C59A49FE3BC2143.e.19452"},"setValue",["06/13/25"]]}
COMMAND: POST /session/8b9d24fb39cbfc9e79ab89721a1c9e7d/element - {"using":"xpath","value":"//bdi[contains(text(), \"Instructions\")]"}
RESULT: {"using":"xpath","value":"//bdi[contains(text(), \"Instructions\")]"}
COMMAND: POST /session/8b9d24fb39cbfc9e79ab89721a1c9e7d/element/f.7652131D378371FA98FE7F43E0E28151.d.8489637866C79CE09C59A49FE3BC2143.e.19695/click - {}
RESULT: {}
COMMAND: GET /session/8b9d24fb39cbfc9e79ab89721a1c9e7d/screenshot - {}
RESULT: {}
COMMAND: POST /session/8b9d24fb39cbfc9e79ab89721a1c9e7d/element - {"using":"xpath","value":"//button[@data-kt=\"AddNewHOProvideAddItemsButton\"]"}
RESULT: {"using":"xpath","value":"//button[@data-kt=\"AddNewHOProvideAddItemsButton\"]"}
COMMAND: POST /session/8b9d24fb39cbfc9e79ab89721a1c9e7d/element/f.7652131D378371FA98FE7F43E0E28151.d.8489637866C79CE09C59A49FE3BC2143.e.19699/click - {}
RESULT: {}
COMMAND: GET /session/8b9d24fb39cbfc9e79ab89721a1c9e7d/screenshot - {}
RESULT: {}
RESULT: undefined
COMMAND: POST /session/8b9d24fb39cbfc9e79ab89721a1c9e7d/element - {"using":"xpath","value":"//*[@id=\"application-managehandovers-display-component---AddNewHO--popup-sa\"]"}
RESULT: {"using":"xpath","value":"//*[@id=\"application-managehandovers-display-component---AddNewHO--popup-sa\"]"}
COMMAND: POST /session/8b9d24fb39cbfc9e79ab89721a1c9e7d/element/f.7652131D378371FA98FE7F43E0E28151.d.8489637866C79CE09C59A49FE3BC2143.e.19714/click - {}
RESULT: {}
COMMAND: GET /session/8b9d24fb39cbfc9e79ab89721a1c9e7d/screenshot - {}
RESULT: {}
COMMAND: POST /session/8b9d24fb39cbfc9e79ab89721a1c9e7d/element - {"using":"xpath","value":"//*[contains(@id ,\"BDI-content\")][contains(text(), \"Select\")]"}
RESULT: {"using":"xpath","value":"//*[contains(@id ,\"BDI-content\")][contains(text(), \"Select\")]"}
COMMAND: POST /session/8b9d24fb39cbfc9e79ab89721a1c9e7d/element/f.7652131D378371FA98FE7F43E0E28151.d.8489637866C79CE09C59A49FE3BC2143.e.19715/click - {}
RESULT: {}
COMMAND: GET /session/8b9d24fb39cbfc9e79ab89721a1c9e7d/screenshot - {}
RESULT: {}
COMMAND: POST /session/8b9d24fb39cbfc9e79ab89721a1c9e7d/execute/async - {"script":"<script> [1562 bytes]","args":[{"selector":{"id":"application-managehandovers-display-component---AddNewHO--confirmCreationButton","interaction":{"idSuffix":"BDI-content"}},"wdio_ui5_key":"applicationmanagehandovers-display-component---AddNewHO--confirmCreationButton"}]}
RESULT: {"script":"<script> [1562 bytes]","args":[{"selector":{"id":"application-managehandovers-display-component---AddNewHO--confirmCreationButton","interaction":{"idSuffix":"BDI-content"}},"wdio_ui5_key":"applicationmanagehandovers-display-component---AddNewHO--confirmCreationButton"}]}
RESULT: undefined
COMMAND: POST /session/8b9d24fb39cbfc9e79ab89721a1c9e7d/element - {"using":"xpath","value":"//*[@id=\"application-managehandovers-display-component---AddNewHO--confirmCreationButton\"]"}
RESULT: {"using":"xpath","value":"//*[@id=\"application-managehandovers-display-component---AddNewHO--confirmCreationButton\"]"}
COMMAND: POST /session/8b9d24fb39cbfc9e79ab89721a1c9e7d/element/f.7652131D378371FA98FE7F43E0E28151.d.8489637866C79CE09C59A49FE3BC2143.e.19499/click - {}
RESULT: {}
COMMAND: GET /session/8b9d24fb39cbfc9e79ab89721a1c9e7d/screenshot - {}
RESULT: {}
COMMAND: POST /session/8b9d24fb39cbfc9e79ab89721a1c9e7d/execute/async - {"script":"<script> [1562 bytes]","args":[{"selector":{"id":"issueDatePicker","viewName":"etm.portal.ui.managehandovers.view.DetailExecuteHO","interaction":{"idSuffix":"inner"}},"wdio_ui5_key":"issueDatePickeretmportal.ui.managehandovers.view.DetailExecuteHO"}]}
RESULT: {"script":"<script> [1562 bytes]","args":[{"selector":{"id":"issueDatePicker","viewName":"etm.portal.ui.managehandovers.view.DetailExecuteHO","interaction":{"idSuffix":"inner"}},"wdio_ui5_key":"issueDatePickeretmportal.ui.managehandovers.view.DetailExecuteHO"}]}
RESULT: undefined
COMMAND: POST /session/8b9d24fb39cbfc9e79ab89721a1c9e7d/execute/async - {"script":"<script> [776 bytes]","args":[{"enterText":"6/13/25","selector":{"id":"issueDatePicker","viewName":"etm.portal.ui.managehandovers.view.DetailExecuteHO","interaction":{"idSuffix":"inner"}},"clearTextFirst":true,"interactionType":"ENTER_TEXT"}]}
RESULT: {"script":"<script> [776 bytes]","args":[{"enterText":"6/13/25","selector":{"id":"issueDatePicker","viewName":"etm.portal.ui.managehandovers.view.DetailExecuteHO","interaction":{"idSuffix":"inner"}},"clearTextFirst":true,"interactionType":"ENTER_TEXT"}]}
COMMAND: POST /session/8b9d24fb39cbfc9e79ab89721a1c9e7d/element - {"using":"xpath","value":"//button[@data-kt=\"PickingTableConfirmAllButton\"]"}
RESULT: {"using":"xpath","value":"//button[@data-kt=\"PickingTableConfirmAllButton\"]"}
COMMAND: POST /session/8b9d24fb39cbfc9e79ab89721a1c9e7d/element/f.7652131D378371FA98FE7F43E0E28151.d.8489637866C79CE09C59A49FE3BC2143.e.19772/click - {}
RESULT: {}
COMMAND: GET /session/8b9d24fb39cbfc9e79ab89721a1c9e7d/screenshot - {}
RESULT: {}
COMMAND: POST /session/8b9d24fb39cbfc9e79ab89721a1c9e7d/element - {"using":"xpath","value":"//bdi[contains(text(), \"OK\")]"}
RESULT: {"using":"xpath","value":"//bdi[contains(text(), \"OK\")]"}
COMMAND: POST /session/8b9d24fb39cbfc9e79ab89721a1c9e7d/element/f.7652131D378371FA98FE7F43E0E28151.d.8489637866C79CE09C59A49FE3BC2143.e.19775/click - {}
RESULT: {}
COMMAND: GET /session/8b9d24fb39cbfc9e79ab89721a1c9e7d/screenshot - {}
RESULT: {}
COMMAND: POST /session/8b9d24fb39cbfc9e79ab89721a1c9e7d/element - {"using":"xpath","value":"//button[@data-kt=\"execHoPickButton\"]"}
RESULT: {"using":"xpath","value":"//button[@data-kt=\"execHoPickButton\"]"}
COMMAND: POST /session/8b9d24fb39cbfc9e79ab89721a1c9e7d/element/f.7652131D378371FA98FE7F43E0E28151.d.8489637866C79CE09C59A49FE3BC2143.e.19779/click - {}
RESULT: {}
COMMAND: GET /session/8b9d24fb39cbfc9e79ab89721a1c9e7d/screenshot - {}
RESULT: {}
COMMAND: POST /session/8b9d24fb39cbfc9e79ab89721a1c9e7d/element - {"using":"xpath","value":"//span[contains(@id ,\"filterItemControl_BASIC-RECEIVE_CONTRACT-vhi\")]"}
RESULT: {"using":"xpath","value":"//span[contains(@id ,\"filterItemControl_BASIC-RECEIVE_CONTRACT-vhi\")]"}
COMMAND: POST /session/8b9d24fb39cbfc9e79ab89721a1c9e7d/element/f.7652131D378371FA98FE7F43E0E28151.d.8489637866C79CE09C59A49FE3BC2143.e.19957/click - {}
RESULT: {}
COMMAND: GET /session/8b9d24fb39cbfc9e79ab89721a1c9e7d/screenshot - {}
RESULT: {}
COMMAND: POST /session/8b9d24fb39cbfc9e79ab89721a1c9e7d/execute/async - {"script":"<script> [1562 bytes]","args":[{"selector":{"controlType":"sap.m.SearchField","viewName":"etm.portal.ui.managehandovers.view.MasterHO","bindingPath":{"path":"","propertyPath":"/_BASIC_SEARCH_FIELD","modelName":"fi1t3rM0d31"},"searchOpenDialogs":true,"interaction":{"idSuffix":"I"}},"wdio_ui5_key":"etmportal.ui.managehandovers.view.MasterHOsap.m.SearchField{\"path\":\"\",\"propertyPath\":\"/_BASIC_SEARCH_FIELD\",\"modelName\":\"fi1t3rM0d31\"}"}]}
RESULT: {"script":"<script> [1562 bytes]","args":[{"selector":{"controlType":"sap.m.SearchField","viewName":"etm.portal.ui.managehandovers.view.MasterHO","bindingPath":{"path":"","propertyPath":"/_BASIC_SEARCH_FIELD","modelName":"fi1t3rM0d31"},"searchOpenDialogs":true,"interaction":{"idSuffix":"I"}},"wdio_ui5_key":"etmportal.ui.managehandovers.view.MasterHOsap.m.SearchField{\"path\":\"\",\"propertyPath\":\"/_BASIC_SEARCH_FIELD\",\"modelName\":\"fi1t3rM0d31\"}"}]}
RESULT: undefined
COMMAND: POST /session/8b9d24fb39cbfc9e79ab89721a1c9e7d/execute/async - {"script":"<script> [776 bytes]","args":[{"enterText":"10173","selector":{"controlType":"sap.m.SearchField","viewName":"etm.portal.ui.managehandovers.view.MasterHO","bindingPath":{"path":"","propertyPath":"/_BASIC_SEARCH_FIELD","modelName":"fi1t3rM0d31"},"searchOpenDialogs":true,"interaction":{"idSuffix":"I"}},"clearTextFirst":true,"interactionType":"ENTER_TEXT"}]}
RESULT: {"script":"<script> [776 bytes]","args":[{"enterText":"10173","selector":{"controlType":"sap.m.SearchField","viewName":"etm.portal.ui.managehandovers.view.MasterHO","bindingPath":{"path":"","propertyPath":"/_BASIC_SEARCH_FIELD","modelName":"fi1t3rM0d31"},"searchOpenDialogs":true,"interaction":{"idSuffix":"I"}},"clearTextFirst":true,"interactionType":"ENTER_TEXT"}]}
COMMAND: POST /session/8b9d24fb39cbfc9e79ab89721a1c9e7d/actions - {"actions":[{"id":"action58","type":"key","parameters":{},"actions":[{"type":"keyDown","value":""},{"type":"pause","duration":10},{"type":"keyUp","value":""}]}]}
RESULT: {"actions":[{"id":"action58","type":"key","parameters":{},"actions":[{"type":"keyDown","value":""},{"type":"pause","duration":10},{"type":"keyUp","value":""}]}]}
COMMAND: GET /session/8b9d24fb39cbfc9e79ab89721a1c9e7d/screenshot - {}
RESULT: {}
COMMAND: POST /session/8b9d24fb39cbfc9e79ab89721a1c9e7d/element - {"using":"xpath","value":"//div[contains(@id, 'filterItemControl_BASIC-RECEIVE_CONTRACT-valueHelpDialog-table-rowsel0')]"}
RESULT: {"using":"xpath","value":"//div[contains(@id, 'filterItemControl_BASIC-RECEIVE_CONTRACT-valueHelpDialog-table-rowsel0')]"}
COMMAND: POST /session/8b9d24fb39cbfc9e79ab89721a1c9e7d/element/f.7652131D378371FA98FE7F43E0E28151.d.8489637866C79CE09C59A49FE3BC2143.e.19966/click - {}
RESULT: {}
COMMAND: GET /session/8b9d24fb39cbfc9e79ab89721a1c9e7d/screenshot - {}
RESULT: {}
COMMAND: POST /session/8b9d24fb39cbfc9e79ab89721a1c9e7d/element - {"using":"xpath","value":"//bdi[contains(text(), \"OK\")]"}
RESULT: {"using":"xpath","value":"//bdi[contains(text(), \"OK\")]"}
COMMAND: POST /session/8b9d24fb39cbfc9e79ab89721a1c9e7d/element/f.7652131D378371FA98FE7F43E0E28151.d.8489637866C79CE09C59A49FE3BC2143.e.19968/click - {}
RESULT: {}
COMMAND: GET /session/8b9d24fb39cbfc9e79ab89721a1c9e7d/screenshot - {}
RESULT: {}
COMMAND: POST /session/8b9d24fb39cbfc9e79ab89721a1c9e7d/element - {"using":"xpath","value":"//span[contains(@id, \"smartTable-header-inner\")]"}
RESULT: {"using":"xpath","value":"//span[contains(@id, \"smartTable-header-inner\")]"}
COMMAND: POST /session/8b9d24fb39cbfc9e79ab89721a1c9e7d/elements - {"using":"xpath","value":"//span[contains(@id, \"smartTable-header-inner\")]"}
RESULT: {"using":"xpath","value":"//span[contains(@id, \"smartTable-header-inner\")]"}
COMMAND: POST /session/8b9d24fb39cbfc9e79ab89721a1c9e7d/execute/sync - {"script":"<script> [56 bytes]","args":[{"element-6066-11e4-a52e-4f735466cecf":"f.7652131D378371FA98FE7F43E0E28151.d.8489637866C79CE09C59A49FE3BC2143.e.19997","ELEMENT":"f.7652131D378371FA98FE7F43E0E28151.d.8489637866C79CE09C59A49FE3BC2143.e.19997"}]}
RESULT: {"script":"<script> [56 bytes]","args":[{"element-6066-11e4-a52e-4f735466cecf":"f.7652131D378371FA98FE7F43E0E28151.d.8489637866C79CE09C59A49FE3BC2143.e.19997","ELEMENT":"f.7652131D378371FA98FE7F43E0E28151.d.8489637866C79CE09C59A49FE3BC2143.e.19997"}]}
COMMAND: POST /session/8b9d24fb39cbfc9e79ab89721a1c9e7d/element - {"using":"xpath","value":"//table[contains(@id, \"customHandovers\")]//tbody/tr[1]/td[2]/span"}
COMMAND: GET /session/8b9d24fb39cbfc9e79ab89721a1c9e7d/screenshot - {}
RESULT: {"using":"xpath","value":"//table[contains(@id, \"customHandovers\")]//tbody/tr[1]/td[2]/span"}
COMMAND: POST /session/8b9d24fb39cbfc9e79ab89721a1c9e7d/execute/sync - {"script":"<script> [56 bytes]","args":[{"element-6066-11e4-a52e-4f735466cecf":"f.7652131D378371FA98FE7F43E0E28151.d.8489637866C79CE09C59A49FE3BC2143.e.19998","ELEMENT":"f.7652131D378371FA98FE7F43E0E28151.d.8489637866C79CE09C59A49FE3BC2143.e.19998"}]}
RESULT: {}
RESULT: {"script":"<script> [56 bytes]","args":[{"element-6066-11e4-a52e-4f735466cecf":"f.7652131D378371FA98FE7F43E0E28151.d.8489637866C79CE09C59A49FE3BC2143.e.19998","ELEMENT":"f.7652131D378371FA98FE7F43E0E28151.d.8489637866C79CE09C59A49FE3BC2143.e.19998"}]}
COMMAND: POST /session/8b9d24fb39cbfc9e79ab89721a1c9e7d/element - {"using":"xpath","value":"(//span[contains(@id, \"imgNav\")])[1]"}
COMMAND: GET /session/8b9d24fb39cbfc9e79ab89721a1c9e7d/screenshot - {}
RESULT: {"using":"xpath","value":"(//span[contains(@id, \"imgNav\")])[1]"}
COMMAND: POST /session/8b9d24fb39cbfc9e79ab89721a1c9e7d/element/f.7652131D378371FA98FE7F43E0E28151.d.8489637866C79CE09C59A49FE3BC2143.e.19994/click - {}
RESULT: {}
RESULT: {}
COMMAND: GET /session/8b9d24fb39cbfc9e79ab89721a1c9e7d/screenshot - {}
RESULT: {}
RESULT: undefined
COMMAND: POST /session/8b9d24fb39cbfc9e79ab89721a1c9e7d/execute/async - {"script":"<script> [776 bytes]","args":[{"enterText":"6/13/25","selector":{"id":"issueDatePicker","viewName":"etm.portal.ui.managehandovers.view.DetailExecuteHO","interaction":{"idSuffix":"inner"}},"clearTextFirst":true,"interactionType":"ENTER_TEXT"}]}
RESULT: {"script":"<script> [776 bytes]","args":[{"enterText":"6/13/25","selector":{"id":"issueDatePicker","viewName":"etm.portal.ui.managehandovers.view.DetailExecuteHO","interaction":{"idSuffix":"inner"}},"clearTextFirst":true,"interactionType":"ENTER_TEXT"}]}
COMMAND: POST /session/8b9d24fb39cbfc9e79ab89721a1c9e7d/element - {"using":"xpath","value":"//button[@data-kt=\"IssuingTableConfirmAllButton\"]"}
RESULT: {"using":"xpath","value":"//button[@data-kt=\"IssuingTableConfirmAllButton\"]"}
COMMAND: POST /session/8b9d24fb39cbfc9e79ab89721a1c9e7d/element/f.7652131D378371FA98FE7F43E0E28151.d.8489637866C79CE09C59A49FE3BC2143.e.20039/click - {}
RESULT: {}
COMMAND: GET /session/8b9d24fb39cbfc9e79ab89721a1c9e7d/screenshot - {}
RESULT: {}
COMMAND: POST /session/8b9d24fb39cbfc9e79ab89721a1c9e7d/element - {"using":"xpath","value":"//bdi[contains(text(), \"OK\")]"}
RESULT: {"using":"xpath","value":"//bdi[contains(text(), \"OK\")]"}
COMMAND: POST /session/8b9d24fb39cbfc9e79ab89721a1c9e7d/element/f.7652131D378371FA98FE7F43E0E28151.d.8489637866C79CE09C59A49FE3BC2143.e.20055/click - {}
RESULT: {}
COMMAND: GET /session/8b9d24fb39cbfc9e79ab89721a1c9e7d/screenshot - {}
RESULT: {}
COMMAND: POST /session/8b9d24fb39cbfc9e79ab89721a1c9e7d/element - {"using":"xpath","value":"//button[@data-kt=\"execHoIssueButton\"]"}
RESULT: {"using":"xpath","value":"//button[@data-kt=\"execHoIssueButton\"]"}
COMMAND: POST /session/8b9d24fb39cbfc9e79ab89721a1c9e7d/element/f.7652131D378371FA98FE7F43E0E28151.d.8489637866C79CE09C59A49FE3BC2143.e.20057/click - {}
RESULT: {}
COMMAND: GET /session/8b9d24fb39cbfc9e79ab89721a1c9e7d/screenshot - {}
RESULT: {}
COMMAND: POST /session/8b9d24fb39cbfc9e79ab89721a1c9e7d/element - {"using":"xpath","value":"//input[contains(@id ,\"smartFilterBar-btnBasicSearch-I\")]"}
RESULT: {"using":"xpath","value":"//input[contains(@id ,\"smartFilterBar-btnBasicSearch-I\")]"}
COMMAND: POST /session/8b9d24fb39cbfc9e79ab89721a1c9e7d/elements - {"using":"xpath","value":"//input[contains(@id ,\"smartFilterBar-btnBasicSearch-I\")]"}
RESULT: {"using":"xpath","value":"//input[contains(@id ,\"smartFilterBar-btnBasicSearch-I\")]"}
COMMAND: POST /session/8b9d24fb39cbfc9e79ab89721a1c9e7d/execute/sync - {"script":"<script> [8489 bytes]","args":[{"element-6066-11e4-a52e-4f735466cecf":"f.7652131D378371FA98FE7F43E0E28151.d.8489637866C79CE09C59A49FE3BC2143.e.19451","ELEMENT":"f.7652131D378371FA98FE7F43E0E28151.d.8489637866C79CE09C59A49FE3BC2143.e.19451"}]}
RESULT: {"script":"<script> [8489 bytes]","args":[{"element-6066-11e4-a52e-4f735466cecf":"f.7652131D378371FA98FE7F43E0E28151.d.8489637866C79CE09C59A49FE3BC2143.e.19451","ELEMENT":"f.7652131D378371FA98FE7F43E0E28151.d.8489637866C79CE09C59A49FE3BC2143.e.19451"}]}
COMMAND: GET /session/8b9d24fb39cbfc9e79ab89721a1c9e7d/element/f.7652131D378371FA98FE7F43E0E28151.d.8489637866C79CE09C59A49FE3BC2143.e.19451/enabled - {}
COMMAND: GET /session/8b9d24fb39cbfc9e79ab89721a1c9e7d/screenshot - {}
RESULT: {}
COMMAND: POST /session/8b9d24fb39cbfc9e79ab89721a1c9e7d/element/f.7652131D378371FA98FE7F43E0E28151.d.8489637866C79CE09C59A49FE3BC2143.e.19451/clear - {}
COMMAND: GET /session/8b9d24fb39cbfc9e79ab89721a1c9e7d/screenshot - {}
RESULT: {}
RESULT: {}
COMMAND: POST /session/8b9d24fb39cbfc9e79ab89721a1c9e7d/element/f.7652131D378371FA98FE7F43E0E28151.d.8489637866C79CE09C59A49FE3BC2143.e.19451/value - {"text":"30380"}
COMMAND: GET /session/8b9d24fb39cbfc9e79ab89721a1c9e7d/screenshot - {}
RESULT: {}
RESULT: {"text":"30380"}
COMMAND: GET /session/8b9d24fb39cbfc9e79ab89721a1c9e7d/screenshot - {}
RESULT: {}
RESULT: {}
COMMAND: POST /session/8b9d24fb39cbfc9e79ab89721a1c9e7d/actions - {"actions":[{"id":"action59","type":"key","parameters":{},"actions":[{"type":"keyDown","value":""},{"type":"pause","duration":10},{"type":"keyUp","value":""}]}]}
RESULT: {"actions":[{"id":"action59","type":"key","parameters":{},"actions":[{"type":"keyDown","value":""},{"type":"pause","duration":10},{"type":"keyUp","value":""}]}]}
COMMAND: GET /session/8b9d24fb39cbfc9e79ab89721a1c9e7d/screenshot - {}
RESULT: {}
COMMAND: POST /session/8b9d24fb39cbfc9e79ab89721a1c9e7d/element - {"using":"xpath","value":"//span[contains(@id, \"smartTable-header-inner\")]"}
RESULT: {"using":"xpath","value":"//span[contains(@id, \"smartTable-header-inner\")]"}
COMMAND: POST /session/8b9d24fb39cbfc9e79ab89721a1c9e7d/elements - {"using":"xpath","value":"//span[contains(@id, \"smartTable-header-inner\")]"}
RESULT: {"using":"xpath","value":"//span[contains(@id, \"smartTable-header-inner\")]"}
COMMAND: POST /session/8b9d24fb39cbfc9e79ab89721a1c9e7d/execute/sync - {"script":"<script> [56 bytes]","args":[{"element-6066-11e4-a52e-4f735466cecf":"f.7652131D378371FA98FE7F43E0E28151.d.8489637866C79CE09C59A49FE3BC2143.e.19997","ELEMENT":"f.7652131D378371FA98FE7F43E0E28151.d.8489637866C79CE09C59A49FE3BC2143.e.19997"}]}
RESULT: {"script":"<script> [56 bytes]","args":[{"element-6066-11e4-a52e-4f735466cecf":"f.7652131D378371FA98FE7F43E0E28151.d.8489637866C79CE09C59A49FE3BC2143.e.19997","ELEMENT":"f.7652131D378371FA98FE7F43E0E28151.d.8489637866C79CE09C59A49FE3BC2143.e.19997"}]}
COMMAND: POST /session/8b9d24fb39cbfc9e79ab89721a1c9e7d/elements - {"using":"xpath","value":"//thead[contains(@class, \"sapMTableTH\")]/tr/th"}
COMMAND: GET /session/8b9d24fb39cbfc9e79ab89721a1c9e7d/screenshot - {}
RESULT: {"using":"xpath","value":"//thead[contains(@class, \"sapMTableTH\")]/tr/th"}
COMMAND: GET /session/8b9d24fb39cbfc9e79ab89721a1c9e7d/element/f.7652131D378371FA98FE7F43E0E28151.d.8489637866C79CE09C59A49FE3BC2143.e.20093/text - {}
RESULT: {}
RESULT: {}
COMMAND: GET /session/8b9d24fb39cbfc9e79ab89721a1c9e7d/element/f.7652131D378371FA98FE7F43E0E28151.d.8489637866C79CE09C59A49FE3BC2143.e.20094/text - {}
RESULT: {}
COMMAND: GET /session/8b9d24fb39cbfc9e79ab89721a1c9e7d/element/f.7652131D378371FA98FE7F43E0E28151.d.8489637866C79CE09C59A49FE3BC2143.e.19445/text - {}
RESULT: {}
COMMAND: GET /session/8b9d24fb39cbfc9e79ab89721a1c9e7d/element/f.7652131D378371FA98FE7F43E0E28151.d.8489637866C79CE09C59A49FE3BC2143.e.19447/text - {}
RESULT: {}
COMMAND: GET /session/8b9d24fb39cbfc9e79ab89721a1c9e7d/element/f.7652131D378371FA98FE7F43E0E28151.d.8489637866C79CE09C59A49FE3BC2143.e.20074/text - {}
RESULT: {}
COMMAND: GET /session/8b9d24fb39cbfc9e79ab89721a1c9e7d/element/f.7652131D378371FA98FE7F43E0E28151.d.8489637866C79CE09C59A49FE3BC2143.e.20075/text - {}
RESULT: {}
COMMAND: GET /session/8b9d24fb39cbfc9e79ab89721a1c9e7d/element/f.7652131D378371FA98FE7F43E0E28151.d.8489637866C79CE09C59A49FE3BC2143.e.20076/text - {}
RESULT: {}
COMMAND: GET /session/8b9d24fb39cbfc9e79ab89721a1c9e7d/element/f.7652131D378371FA98FE7F43E0E28151.d.8489637866C79CE09C59A49FE3BC2143.e.20077/text - {}
RESULT: {}
COMMAND: GET /session/8b9d24fb39cbfc9e79ab89721a1c9e7d/element/f.7652131D378371FA98FE7F43E0E28151.d.8489637866C79CE09C59A49FE3BC2143.e.20078/text - {}
RESULT: {}
COMMAND: GET /session/8b9d24fb39cbfc9e79ab89721a1c9e7d/element/f.7652131D378371FA98FE7F43E0E28151.d.8489637866C79CE09C59A49FE3BC2143.e.20079/text - {}
RESULT: {}
COMMAND: GET /session/8b9d24fb39cbfc9e79ab89721a1c9e7d/element/f.7652131D378371FA98FE7F43E0E28151.d.8489637866C79CE09C59A49FE3BC2143.e.20080/text - {}
RESULT: {}
COMMAND: GET /session/8b9d24fb39cbfc9e79ab89721a1c9e7d/element/f.7652131D378371FA98FE7F43E0E28151.d.8489637866C79CE09C59A49FE3BC2143.e.20081/text - {}
RESULT: {}
COMMAND: GET /session/8b9d24fb39cbfc9e79ab89721a1c9e7d/element/f.7652131D378371FA98FE7F43E0E28151.d.8489637866C79CE09C59A49FE3BC2143.e.20082/text - {}
RESULT: {}
COMMAND: GET /session/8b9d24fb39cbfc9e79ab89721a1c9e7d/element/f.7652131D378371FA98FE7F43E0E28151.d.8489637866C79CE09C59A49FE3BC2143.e.19448/text - {}
RESULT: {}
COMMAND: POST /session/8b9d24fb39cbfc9e79ab89721a1c9e7d/element - {"using":"xpath","value":"//tbody[contains(@id, \"customHandoversTable-tblBody\")]/tr[1]/td[14]/div/span"}
RESULT: {"using":"xpath","value":"//tbody[contains(@id, \"customHandoversTable-tblBody\")]/tr[1]/td[14]/div/span"}
COMMAND: POST /session/8b9d24fb39cbfc9e79ab89721a1c9e7d/execute/sync - {"script":"<script> [56 bytes]","args":[{"element-6066-11e4-a52e-4f735466cecf":"f.7652131D378371FA98FE7F43E0E28151.d.8489637866C79CE09C59A49FE3BC2143.e.20143","ELEMENT":"f.7652131D378371FA98FE7F43E0E28151.d.8489637866C79CE09C59A49FE3BC2143.e.20143"}]}
RESULT: {"script":"<script> [56 bytes]","args":[{"element-6066-11e4-a52e-4f735466cecf":"f.7652131D378371FA98FE7F43E0E28151.d.8489637866C79CE09C59A49FE3BC2143.e.20143","ELEMENT":"f.7652131D378371FA98FE7F43E0E28151.d.8489637866C79CE09C59A49FE3BC2143.e.20143"}]}
COMMAND: POST /session/8b9d24fb39cbfc9e79ab89721a1c9e7d/element - {"using":"xpath","value":"(//span[contains(@id, \"imgNav\")])[1]"}
COMMAND: GET /session/8b9d24fb39cbfc9e79ab89721a1c9e7d/screenshot - {}
RESULT: {"using":"xpath","value":"(//span[contains(@id, \"imgNav\")])[1]"}
COMMAND: POST /session/8b9d24fb39cbfc9e79ab89721a1c9e7d/element/f.7652131D378371FA98FE7F43E0E28151.d.8489637866C79CE09C59A49FE3BC2143.e.20144/click - {}
RESULT: {}
RESULT: {}
COMMAND: GET /session/8b9d24fb39cbfc9e79ab89721a1c9e7d/screenshot - {}
RESULT: {}
RESULT: undefined
COMMAND: POST /session/8b9d24fb39cbfc9e79ab89721a1c9e7d/execute/async - {"script":"<script> [776 bytes]","args":[{"enterText":"06/13/25","selector":{"id":"receiptDatePicker","viewName":"etm.portal.ui.managehandovers.view.DetailExecuteHO","interaction":{"idSuffix":"inner"}},"clearTextFirst":true,"interactionType":"ENTER_TEXT"}]}
RESULT: {"script":"<script> [776 bytes]","args":[{"enterText":"06/13/25","selector":{"id":"receiptDatePicker","viewName":"etm.portal.ui.managehandovers.view.DetailExecuteHO","interaction":{"idSuffix":"inner"}},"clearTextFirst":true,"interactionType":"ENTER_TEXT"}]}
COMMAND: POST /session/8b9d24fb39cbfc9e79ab89721a1c9e7d/element - {"using":"xpath","value":"//bdi[contains(text(), \"OK\")]"}
RESULT: {"using":"xpath","value":"//bdi[contains(text(), \"OK\")]"}
COMMAND: POST /session/8b9d24fb39cbfc9e79ab89721a1c9e7d/element/f.7652131D378371FA98FE7F43E0E28151.d.8489637866C79CE09C59A49FE3BC2143.e.20178/click - {}
RESULT: {}
COMMAND: GET /session/8b9d24fb39cbfc9e79ab89721a1c9e7d/screenshot - {}
RESULT: {}
COMMAND: POST /session/8b9d24fb39cbfc9e79ab89721a1c9e7d/element - {"using":"xpath","value":"//button[@data-kt=\"ReceivingTableConfirmAllButton\"]"}
RESULT: {"using":"xpath","value":"//button[@data-kt=\"ReceivingTableConfirmAllButton\"]"}
COMMAND: POST /session/8b9d24fb39cbfc9e79ab89721a1c9e7d/element/f.7652131D378371FA98FE7F43E0E28151.d.8489637866C79CE09C59A49FE3BC2143.e.20163/click - {}
RESULT: {}
COMMAND: GET /session/8b9d24fb39cbfc9e79ab89721a1c9e7d/screenshot - {}
RESULT: {}
COMMAND: POST /session/8b9d24fb39cbfc9e79ab89721a1c9e7d/element - {"using":"xpath","value":"//bdi[contains(text(), \"OK\")]"}
RESULT: {"using":"xpath","value":"//bdi[contains(text(), \"OK\")]"}
COMMAND: POST /session/8b9d24fb39cbfc9e79ab89721a1c9e7d/element/f.7652131D378371FA98FE7F43E0E28151.d.8489637866C79CE09C59A49FE3BC2143.e.20190/click - {}
RESULT: {}
COMMAND: GET /session/8b9d24fb39cbfc9e79ab89721a1c9e7d/screenshot - {}
RESULT: {}
COMMAND: POST /session/8b9d24fb39cbfc9e79ab89721a1c9e7d/element - {"using":"xpath","value":"//button[@data-kt= \"execHoReceiveButton\"]"}
RESULT: {"using":"xpath","value":"//button[@data-kt= \"execHoReceiveButton\"]"}
COMMAND: POST /session/8b9d24fb39cbfc9e79ab89721a1c9e7d/element/f.7652131D378371FA98FE7F43E0E28151.d.8489637866C79CE09C59A49FE3BC2143.e.20192/click - {}
RESULT: {}
COMMAND: GET /session/8b9d24fb39cbfc9e79ab89721a1c9e7d/screenshot - {}
RESULT: {}
COMMAND: POST /session/8b9d24fb39cbfc9e79ab89721a1c9e7d/element - {"using":"xpath","value":"//input[contains(@id ,\"smartFilterBar-btnBasicSearch-I\")]"}
RESULT: {"using":"xpath","value":"//input[contains(@id ,\"smartFilterBar-btnBasicSearch-I\")]"}
COMMAND: POST /session/8b9d24fb39cbfc9e79ab89721a1c9e7d/elements - {"using":"xpath","value":"//input[contains(@id ,\"smartFilterBar-btnBasicSearch-I\")]"}
RESULT: {"using":"xpath","value":"//input[contains(@id ,\"smartFilterBar-btnBasicSearch-I\")]"}
COMMAND: POST /session/8b9d24fb39cbfc9e79ab89721a1c9e7d/execute/sync - {"script":"<script> [8489 bytes]","args":[{"element-6066-11e4-a52e-4f735466cecf":"f.7652131D378371FA98FE7F43E0E28151.d.8489637866C79CE09C59A49FE3BC2143.e.19451","ELEMENT":"f.7652131D378371FA98FE7F43E0E28151.d.8489637866C79CE09C59A49FE3BC2143.e.19451"}]}
RESULT: {"script":"<script> [8489 bytes]","args":[{"element-6066-11e4-a52e-4f735466cecf":"f.7652131D378371FA98FE7F43E0E28151.d.8489637866C79CE09C59A49FE3BC2143.e.19451","ELEMENT":"f.7652131D378371FA98FE7F43E0E28151.d.8489637866C79CE09C59A49FE3BC2143.e.19451"}]}
COMMAND: GET /session/8b9d24fb39cbfc9e79ab89721a1c9e7d/element/f.7652131D378371FA98FE7F43E0E28151.d.8489637866C79CE09C59A49FE3BC2143.e.19451/enabled - {}
COMMAND: GET /session/8b9d24fb39cbfc9e79ab89721a1c9e7d/screenshot - {}
RESULT: {}
COMMAND: POST /session/8b9d24fb39cbfc9e79ab89721a1c9e7d/element/f.7652131D378371FA98FE7F43E0E28151.d.8489637866C79CE09C59A49FE3BC2143.e.19451/clear - {}
COMMAND: GET /session/8b9d24fb39cbfc9e79ab89721a1c9e7d/screenshot - {}
RESULT: {}
RESULT: {}
COMMAND: POST /session/8b9d24fb39cbfc9e79ab89721a1c9e7d/element/f.7652131D378371FA98FE7F43E0E28151.d.8489637866C79CE09C59A49FE3BC2143.e.19451/value - {"text":"30380"}
COMMAND: GET /session/8b9d24fb39cbfc9e79ab89721a1c9e7d/screenshot - {}
RESULT: {}
RESULT: {"text":"30380"}
COMMAND: GET /session/8b9d24fb39cbfc9e79ab89721a1c9e7d/screenshot - {}
RESULT: {}
RESULT: {}
COMMAND: POST /session/8b9d24fb39cbfc9e79ab89721a1c9e7d/actions - {"actions":[{"id":"action60","type":"key","parameters":{},"actions":[{"type":"keyDown","value":""},{"type":"pause","duration":10},{"type":"keyUp","value":""}]}]}
RESULT: {"actions":[{"id":"action60","type":"key","parameters":{},"actions":[{"type":"keyDown","value":""},{"type":"pause","duration":10},{"type":"keyUp","value":""}]}]}
COMMAND: GET /session/8b9d24fb39cbfc9e79ab89721a1c9e7d/screenshot - {}
RESULT: {}
COMMAND: POST /session/8b9d24fb39cbfc9e79ab89721a1c9e7d/element - {"using":"xpath","value":"//span[contains(@id, \"smartTable-header-inner\")]"}
RESULT: {"using":"xpath","value":"//span[contains(@id, \"smartTable-header-inner\")]"}
COMMAND: POST /session/8b9d24fb39cbfc9e79ab89721a1c9e7d/elements - {"using":"xpath","value":"//span[contains(@id, \"smartTable-header-inner\")]"}
RESULT: {"using":"xpath","value":"//span[contains(@id, \"smartTable-header-inner\")]"}
COMMAND: POST /session/8b9d24fb39cbfc9e79ab89721a1c9e7d/execute/sync - {"script":"<script> [56 bytes]","args":[{"element-6066-11e4-a52e-4f735466cecf":"f.7652131D378371FA98FE7F43E0E28151.d.8489637866C79CE09C59A49FE3BC2143.e.19997","ELEMENT":"f.7652131D378371FA98FE7F43E0E28151.d.8489637866C79CE09C59A49FE3BC2143.e.19997"}]}
RESULT: {"script":"<script> [56 bytes]","args":[{"element-6066-11e4-a52e-4f735466cecf":"f.7652131D378371FA98FE7F43E0E28151.d.8489637866C79CE09C59A49FE3BC2143.e.19997","ELEMENT":"f.7652131D378371FA98FE7F43E0E28151.d.8489637866C79CE09C59A49FE3BC2143.e.19997"}]}
COMMAND: POST /session/8b9d24fb39cbfc9e79ab89721a1c9e7d/elements - {"using":"xpath","value":"//thead[contains(@class, \"sapMTableTH\")]/tr/th"}
COMMAND: GET /session/8b9d24fb39cbfc9e79ab89721a1c9e7d/screenshot - {}
RESULT: {"using":"xpath","value":"//thead[contains(@class, \"sapMTableTH\")]/tr/th"}
COMMAND: GET /session/8b9d24fb39cbfc9e79ab89721a1c9e7d/element/f.7652131D378371FA98FE7F43E0E28151.d.8489637866C79CE09C59A49FE3BC2143.e.20093/text - {}
RESULT: {}
RESULT: {}
COMMAND: GET /session/8b9d24fb39cbfc9e79ab89721a1c9e7d/element/f.7652131D378371FA98FE7F43E0E28151.d.8489637866C79CE09C59A49FE3BC2143.e.20094/text - {}
RESULT: {}
COMMAND: GET /session/8b9d24fb39cbfc9e79ab89721a1c9e7d/element/f.7652131D378371FA98FE7F43E0E28151.d.8489637866C79CE09C59A49FE3BC2143.e.19445/text - {}
RESULT: {}
COMMAND: GET /session/8b9d24fb39cbfc9e79ab89721a1c9e7d/element/f.7652131D378371FA98FE7F43E0E28151.d.8489637866C79CE09C59A49FE3BC2143.e.19447/text - {}
RESULT: {}
COMMAND: GET /session/8b9d24fb39cbfc9e79ab89721a1c9e7d/element/f.7652131D378371FA98FE7F43E0E28151.d.8489637866C79CE09C59A49FE3BC2143.e.20210/text - {}
RESULT: {}
COMMAND: GET /session/8b9d24fb39cbfc9e79ab89721a1c9e7d/element/f.7652131D378371FA98FE7F43E0E28151.d.8489637866C79CE09C59A49FE3BC2143.e.20211/text - {}
RESULT: {}
COMMAND: GET /session/8b9d24fb39cbfc9e79ab89721a1c9e7d/element/f.7652131D378371FA98FE7F43E0E28151.d.8489637866C79CE09C59A49FE3BC2143.e.20212/text - {}
RESULT: {}
COMMAND: GET /session/8b9d24fb39cbfc9e79ab89721a1c9e7d/element/f.7652131D378371FA98FE7F43E0E28151.d.8489637866C79CE09C59A49FE3BC2143.e.20213/text - {}
RESULT: {}
COMMAND: GET /session/8b9d24fb39cbfc9e79ab89721a1c9e7d/element/f.7652131D378371FA98FE7F43E0E28151.d.8489637866C79CE09C59A49FE3BC2143.e.20214/text - {}
RESULT: {}
COMMAND: GET /session/8b9d24fb39cbfc9e79ab89721a1c9e7d/element/f.7652131D378371FA98FE7F43E0E28151.d.8489637866C79CE09C59A49FE3BC2143.e.20215/text - {}
RESULT: {}
COMMAND: GET /session/8b9d24fb39cbfc9e79ab89721a1c9e7d/element/f.7652131D378371FA98FE7F43E0E28151.d.8489637866C79CE09C59A49FE3BC2143.e.20216/text - {}
RESULT: {}
COMMAND: GET /session/8b9d24fb39cbfc9e79ab89721a1c9e7d/element/f.7652131D378371FA98FE7F43E0E28151.d.8489637866C79CE09C59A49FE3BC2143.e.20217/text - {}
RESULT: {}
COMMAND: GET /session/8b9d24fb39cbfc9e79ab89721a1c9e7d/element/f.7652131D378371FA98FE7F43E0E28151.d.8489637866C79CE09C59A49FE3BC2143.e.20218/text - {}
RESULT: {}
COMMAND: GET /session/8b9d24fb39cbfc9e79ab89721a1c9e7d/element/f.7652131D378371FA98FE7F43E0E28151.d.8489637866C79CE09C59A49FE3BC2143.e.19448/text - {}
RESULT: {}
COMMAND: POST /session/8b9d24fb39cbfc9e79ab89721a1c9e7d/element - {"using":"xpath","value":"//tbody[contains(@id, \"customHandoversTable-tblBody\")]/tr[1]/td[14]/div/span"}
RESULT: {"using":"xpath","value":"//tbody[contains(@id, \"customHandoversTable-tblBody\")]/tr[1]/td[14]/div/span"}
COMMAND: POST /session/8b9d24fb39cbfc9e79ab89721a1c9e7d/execute/sync - {"script":"<script> [56 bytes]","args":[{"element-6066-11e4-a52e-4f735466cecf":"f.7652131D378371FA98FE7F43E0E28151.d.8489637866C79CE09C59A49FE3BC2143.e.20246","ELEMENT":"f.7652131D378371FA98FE7F43E0E28151.d.8489637866C79CE09C59A49FE3BC2143.e.20246"}]}
RESULT: {"script":"<script> [56 bytes]","args":[{"element-6066-11e4-a52e-4f735466cecf":"f.7652131D378371FA98FE7F43E0E28151.d.8489637866C79CE09C59A49FE3BC2143.e.20246","ELEMENT":"f.7652131D378371FA98FE7F43E0E28151.d.8489637866C79CE09C59A49FE3BC2143.e.20246"}]}
]]></system-out>
    </testcase>
    <testcase classname="chrome.137_0_7151_69.windows.Provide_to_Site_w/o_warehouse_management_w/o_clarification" name="Should Test for Handover Execution" time="12.997">
      <system-out><![CDATA[
COMMAND: POST /session/8b9d24fb39cbfc9e79ab89721a1c9e7d/element - {"using":"xpath","value":"(//span[contains(@id, \"imgNav\")])[1]"}
COMMAND: GET /session/8b9d24fb39cbfc9e79ab89721a1c9e7d/screenshot - {}
RESULT: {"using":"xpath","value":"(//span[contains(@id, \"imgNav\")])[1]"}
COMMAND: POST /session/8b9d24fb39cbfc9e79ab89721a1c9e7d/element/f.7652131D378371FA98FE7F43E0E28151.d.8489637866C79CE09C59A49FE3BC2143.e.20247/click - {}
RESULT: {}
RESULT: {}
COMMAND: GET /session/8b9d24fb39cbfc9e79ab89721a1c9e7d/screenshot - {}
RESULT: {}
COMMAND: POST /session/8b9d24fb39cbfc9e79ab89721a1c9e7d/element - {"using":"css selector","value":"#shell-header-logo"}
RESULT: {"using":"css selector","value":"#shell-header-logo"}
COMMAND: POST /session/8b9d24fb39cbfc9e79ab89721a1c9e7d/element/f.7652131D378371FA98FE7F43E0E28151.d.8489637866C79CE09C59A49FE3BC2143.e.18744/click - {}
RESULT: {}
COMMAND: GET /session/8b9d24fb39cbfc9e79ab89721a1c9e7d/screenshot - {}
RESULT: {}
]]></system-out>
    </testcase>
    <testcase classname="chrome.137_0_7151_69.windows.Provide_to_Site_w/o_warehouse_management_w/o_clarification" name="Should test for Clarification" time="0.003">
      <system-out><![CDATA[
COMMAND: POST /session/8b9d24fb39cbfc9e79ab89721a1c9e7d/element - {"using":"css selector","value":"#j_username"}
COMMAND: POST /session/8b9d24fb39cbfc9e79ab89721a1c9e7d/url - {"url":"https://qa-testing-00-live-etm-ui.cfapps.eu10-004.hana.ondemand.com/"}
RESULT: {"using":"css selector","value":"#j_username"}
COMMAND: POST /session/8b9d24fb39cbfc9e79ab89721a1c9e7d/element - {"using":"css selector","value":"#j_username"}
RESULT: {"url":"https://qa-testing-00-live-etm-ui.cfapps.eu10-004.hana.ondemand.com/"}
RESULT: undefined
COMMAND: GET /session/8b9d24fb39cbfc9e79ab89721a1c9e7d/screenshot - {}
RESULT: {"using":"css selector","value":"#j_username"}
COMMAND: POST /session/8b9d24fb39cbfc9e79ab89721a1c9e7d/element - {"using":"css selector","value":"#shell-header-logo"}
RESULT: {}
RESULT: {"using":"css selector","value":"#shell-header-logo"}
COMMAND: POST /session/8b9d24fb39cbfc9e79ab89721a1c9e7d/execute/sync - {"script":"<script> [8489 bytes]","args":[{"element-6066-11e4-a52e-4f735466cecf":"f.7652131D378371FA98FE7F43E0E28151.d.F1C06FF18A7392A5CFA94750F650B33A.e.20299","ELEMENT":"f.7652131D378371FA98FE7F43E0E28151.d.F1C06FF18A7392A5CFA94750F650B33A.e.20299"}]}
RESULT: {"script":"<script> [8489 bytes]","args":[{"element-6066-11e4-a52e-4f735466cecf":"f.7652131D378371FA98FE7F43E0E28151.d.F1C06FF18A7392A5CFA94750F650B33A.e.20299","ELEMENT":"f.7652131D378371FA98FE7F43E0E28151.d.F1C06FF18A7392A5CFA94750F650B33A.e.20299"}]}
COMMAND: POST /session/8b9d24fb39cbfc9e79ab89721a1c9e7d/element - {"using":"css selector","value":"#shell-header-logo"}
COMMAND: GET /session/8b9d24fb39cbfc9e79ab89721a1c9e7d/screenshot - {}
RESULT: {"using":"css selector","value":"#shell-header-logo"}
COMMAND: POST /session/8b9d24fb39cbfc9e79ab89721a1c9e7d/execute/sync - {"script":"<script> [8489 bytes]","args":[{"element-6066-11e4-a52e-4f735466cecf":"f.7652131D378371FA98FE7F43E0E28151.d.F1C06FF18A7392A5CFA94750F650B33A.e.20299","ELEMENT":"f.7652131D378371FA98FE7F43E0E28151.d.F1C06FF18A7392A5CFA94750F650B33A.e.20299"}]}
RESULT: {}
RESULT: {"script":"<script> [8489 bytes]","args":[{"element-6066-11e4-a52e-4f735466cecf":"f.7652131D378371FA98FE7F43E0E28151.d.F1C06FF18A7392A5CFA94750F650B33A.e.20299","ELEMENT":"f.7652131D378371FA98FE7F43E0E28151.d.F1C06FF18A7392A5CFA94750F650B33A.e.20299"}]}
COMMAND: POST /session/8b9d24fb39cbfc9e79ab89721a1c9e7d/execute/sync - {"script":"<script> [5351 bytes]","args":[{"element-6066-11e4-a52e-4f735466cecf":"f.7652131D378371FA98FE7F43E0E28151.d.F1C06FF18A7392A5CFA94750F650B33A.e.20299","ELEMENT":"f.7652131D378371FA98FE7F43E0E28151.d.F1C06FF18A7392A5CFA94750F650B33A.e.20299"}]}
COMMAND: GET /session/8b9d24fb39cbfc9e79ab89721a1c9e7d/screenshot - {}
RESULT: {"script":"<script> [5351 bytes]","args":[{"element-6066-11e4-a52e-4f735466cecf":"f.7652131D378371FA98FE7F43E0E28151.d.F1C06FF18A7392A5CFA94750F650B33A.e.20299","ELEMENT":"f.7652131D378371FA98FE7F43E0E28151.d.F1C06FF18A7392A5CFA94750F650B33A.e.20299"}]}
COMMAND: POST /session/8b9d24fb39cbfc9e79ab89721a1c9e7d/element - {"using":"css selector","value":"#shell-header-logo"}
COMMAND: GET /session/8b9d24fb39cbfc9e79ab89721a1c9e7d/screenshot - {}
RESULT: {}
RESULT: {"using":"css selector","value":"#shell-header-logo"}
COMMAND: POST /session/8b9d24fb39cbfc9e79ab89721a1c9e7d/element/f.7652131D378371FA98FE7F43E0E28151.d.F1C06FF18A7392A5CFA94750F650B33A.e.20299/click - {}
RESULT: {}
RESULT: {}
COMMAND: GET /session/8b9d24fb39cbfc9e79ab89721a1c9e7d/screenshot - {}
RESULT: {}
COMMAND: POST /session/8b9d24fb39cbfc9e79ab89721a1c9e7d/execute/async - {"script":"<script> [189 bytes]","args":[]}
RESULT: {"script":"<script> [189 bytes]","args":[]}
COMMAND: POST /session/8b9d24fb39cbfc9e79ab89721a1c9e7d/execute/async - {"script":"<script> [123 bytes]","args":[]}
RESULT: {"script":"<script> [123 bytes]","args":[]}
COMMAND: POST /session/8b9d24fb39cbfc9e79ab89721a1c9e7d/timeouts - {"script":"<number>"}
RESULT: {"script":"<number>"}
COMMAND: GET /session/8b9d24fb39cbfc9e79ab89721a1c9e7d/timeouts - {}
RESULT: {}
RESULT: undefined
COMMAND: POST /session/8b9d24fb39cbfc9e79ab89721a1c9e7d/execute/async - {"script":"<script> [2676 bytes]","args":[]}
RESULT: {"script":"<script> [2676 bytes]","args":[]}
COMMAND: POST /session/8b9d24fb39cbfc9e79ab89721a1c9e7d/execute/async - {"script":"<script> [2342 bytes]","args":[{"protocol":"http","hostname":"0.0.0.0","path":"/","capabilities":{"browserName":"chrome","goog:chromeOptions":{"binary":"C:\\Program Files\\Google\\Chrome\\Application\\chrome.exe","args":["--start-maximized"]}},"logLevel":"warn","connectionRetryTimeout":120000,"connectionRetryCount":3,"logLevels":{},"enableDirectConnect":true,"strictSSL":true,"_":"65 more keys: [\"cacheDir\",\"port\",\"requestedCapabilities\",\"automationProtocol\",\"baseUrl\",\"waitforInterval\",\"waitforTimeout\",\"onReload\",\"beforeCommand\",\"afterCommand\",\"rootDir\",\"specs\",\"suites\",\"exclude\",\"groupLogsByTestSpec\",\"excludeDriverLogs\",\"bail\",\"framework\",\"reporters\",\"services\",\"maxInstances\",\"maxInstancesPerCapability\",\"injectGlobals\",\"filesToWatch\",\"execArgv\",\"runnerEnv\",\"runner\",\"shard\",\"specFileRetries\",\"specFileRetriesDelay\",\"specFileRetriesDeferred\",\"reporterSyncInterval\",\"reporterSyncTimeout\",\"cucumberFeaturesWithLineNumbers\",\"autoCompileOpts\",\"mochaOpts\",\"jasmineOpts\",\"cucumberOpts\",\"onPrepare\",\"onWorkerStart\",\"onWorkerEnd\",\"before\",\"beforeSession\",\"beforeSuite\",\"beforeHook\",\"beforeTest\",\"afterTest\",\"afterHook\",\"afterSuite\",\"afterSession\",\"after\",\"onComplete\",\"beforeAssertion\",\"afterAssertion\",\"beforeFeature\",\"beforeScenario\",\"beforeStep\",\"afterStep\",\"afterScenario\",\"afterFeature\",\"_\",\"suite\",\"$0\",\"ignoredWorkerServices\",\"wdi5\"]"}]}
RESULT: {"script":"<script> [2342 bytes]","args":[{"protocol":"http","hostname":"0.0.0.0","path":"/","capabilities":{"browserName":"chrome","goog:chromeOptions":{"binary":"C:\\Program Files\\Google\\Chrome\\Application\\chrome.exe","args":["--start-maximized"]}},"logLevel":"warn","connectionRetryTimeout":120000,"connectionRetryCount":3,"logLevels":{},"enableDirectConnect":true,"strictSSL":true,"_":"65 more keys: [\"cacheDir\",\"port\",\"requestedCapabilities\",\"automationProtocol\",\"baseUrl\",\"waitforInterval\",\"waitforTimeout\",\"onReload\",\"beforeCommand\",\"afterCommand\",\"rootDir\",\"specs\",\"suites\",\"exclude\",\"groupLogsByTestSpec\",\"excludeDriverLogs\",\"bail\",\"framework\",\"reporters\",\"services\",\"maxInstances\",\"maxInstancesPerCapability\",\"injectGlobals\",\"filesToWatch\",\"execArgv\",\"runnerEnv\",\"runner\",\"shard\",\"specFileRetries\",\"specFileRetriesDelay\",\"specFileRetriesDeferred\",\"reporterSyncInterval\",\"reporterSyncTimeout\",\"cucumberFeaturesWithLineNumbers\",\"autoCompileOpts\",\"mochaOpts\",\"jasmineOpts\",\"cucumberOpts\",\"onPrepare\",\"onWorkerStart\",\"onWorkerEnd\",\"before\",\"beforeSession\",\"beforeSuite\",\"beforeHook\",\"beforeTest\",\"afterTest\",\"afterHook\",\"afterSuite\",\"afterSession\",\"after\",\"onComplete\",\"beforeAssertion\",\"afterAssertion\",\"beforeFeature\",\"beforeScenario\",\"beforeStep\",\"afterStep\",\"afterScenario\",\"afterFeature\",\"_\",\"suite\",\"$0\",\"ignoredWorkerServices\",\"wdi5\"]"}]}
COMMAND: POST /session/8b9d24fb39cbfc9e79ab89721a1c9e7d/execute/async - {"script":"<script> [21126 bytes]","args":[35000]}
RESULT: {"script":"<script> [21126 bytes]","args":[35000]}
COMMAND: POST /session/8b9d24fb39cbfc9e79ab89721a1c9e7d/window/maximize - {}
RESULT: {}
COMMAND: POST /session/8b9d24fb39cbfc9e79ab89721a1c9e7d/execute/async - {"script":"<script> [1562 bytes]","args":[{"selector":{"id":"shell-header","interaction":{"idSuffix":"icon"}},"wdio_ui5_key":"shellheader"}]}
COMMAND: GET /session/8b9d24fb39cbfc9e79ab89721a1c9e7d/screenshot - {}
RESULT: undefined
RESULT: {"script":"<script> [1562 bytes]","args":[{"selector":{"id":"shell-header","interaction":{"idSuffix":"icon"}},"wdio_ui5_key":"shellheader"}]}
RESULT: undefined
COMMAND: POST /session/8b9d24fb39cbfc9e79ab89721a1c9e7d/refresh - {}
RESULT: {}
RESULT: {}
COMMAND: GET /session/8b9d24fb39cbfc9e79ab89721a1c9e7d/screenshot - {}
RESULT: {}
COMMAND: POST /session/8b9d24fb39cbfc9e79ab89721a1c9e7d/refresh - {}
RESULT: {}
COMMAND: GET /session/8b9d24fb39cbfc9e79ab89721a1c9e7d/screenshot - {}
RESULT: {}
COMMAND: POST /session/8b9d24fb39cbfc9e79ab89721a1c9e7d/window/fullscreen - {}
RESULT: {}
COMMAND: POST /session/8b9d24fb39cbfc9e79ab89721a1c9e7d/execute/async - {"script":"<script> [189 bytes]","args":[]}
RESULT: {"script":"<script> [189 bytes]","args":[]}
COMMAND: POST /session/8b9d24fb39cbfc9e79ab89721a1c9e7d/execute/async - {"script":"<script> [123 bytes]","args":[]}
RESULT: {"script":"<script> [123 bytes]","args":[]}
COMMAND: POST /session/8b9d24fb39cbfc9e79ab89721a1c9e7d/timeouts - {"script":"<number>"}
RESULT: {"script":"<number>"}
COMMAND: GET /session/8b9d24fb39cbfc9e79ab89721a1c9e7d/timeouts - {}
RESULT: {}
RESULT: undefined
COMMAND: POST /session/8b9d24fb39cbfc9e79ab89721a1c9e7d/execute/async - {"script":"<script> [2676 bytes]","args":[]}
RESULT: {"script":"<script> [2676 bytes]","args":[]}
COMMAND: POST /session/8b9d24fb39cbfc9e79ab89721a1c9e7d/execute/async - {"script":"<script> [2342 bytes]","args":[{"protocol":"http","hostname":"0.0.0.0","path":"/","capabilities":{"browserName":"chrome","goog:chromeOptions":{"binary":"C:\\Program Files\\Google\\Chrome\\Application\\chrome.exe","args":["--start-maximized"]}},"logLevel":"warn","connectionRetryTimeout":120000,"connectionRetryCount":3,"logLevels":{},"enableDirectConnect":true,"strictSSL":true,"_":"65 more keys: [\"cacheDir\",\"port\",\"requestedCapabilities\",\"automationProtocol\",\"baseUrl\",\"waitforInterval\",\"waitforTimeout\",\"onReload\",\"beforeCommand\",\"afterCommand\",\"rootDir\",\"specs\",\"suites\",\"exclude\",\"groupLogsByTestSpec\",\"excludeDriverLogs\",\"bail\",\"framework\",\"reporters\",\"services\",\"maxInstances\",\"maxInstancesPerCapability\",\"injectGlobals\",\"filesToWatch\",\"execArgv\",\"runnerEnv\",\"runner\",\"shard\",\"specFileRetries\",\"specFileRetriesDelay\",\"specFileRetriesDeferred\",\"reporterSyncInterval\",\"reporterSyncTimeout\",\"cucumberFeaturesWithLineNumbers\",\"autoCompileOpts\",\"mochaOpts\",\"jasmineOpts\",\"cucumberOpts\",\"onPrepare\",\"onWorkerStart\",\"onWorkerEnd\",\"before\",\"beforeSession\",\"beforeSuite\",\"beforeHook\",\"beforeTest\",\"afterTest\",\"afterHook\",\"afterSuite\",\"afterSession\",\"after\",\"onComplete\",\"beforeAssertion\",\"afterAssertion\",\"beforeFeature\",\"beforeScenario\",\"beforeStep\",\"afterStep\",\"afterScenario\",\"afterFeature\",\"_\",\"suite\",\"$0\",\"ignoredWorkerServices\",\"wdi5\"]"}]}
RESULT: {"script":"<script> [2342 bytes]","args":[{"protocol":"http","hostname":"0.0.0.0","path":"/","capabilities":{"browserName":"chrome","goog:chromeOptions":{"binary":"C:\\Program Files\\Google\\Chrome\\Application\\chrome.exe","args":["--start-maximized"]}},"logLevel":"warn","connectionRetryTimeout":120000,"connectionRetryCount":3,"logLevels":{},"enableDirectConnect":true,"strictSSL":true,"_":"65 more keys: [\"cacheDir\",\"port\",\"requestedCapabilities\",\"automationProtocol\",\"baseUrl\",\"waitforInterval\",\"waitforTimeout\",\"onReload\",\"beforeCommand\",\"afterCommand\",\"rootDir\",\"specs\",\"suites\",\"exclude\",\"groupLogsByTestSpec\",\"excludeDriverLogs\",\"bail\",\"framework\",\"reporters\",\"services\",\"maxInstances\",\"maxInstancesPerCapability\",\"injectGlobals\",\"filesToWatch\",\"execArgv\",\"runnerEnv\",\"runner\",\"shard\",\"specFileRetries\",\"specFileRetriesDelay\",\"specFileRetriesDeferred\",\"reporterSyncInterval\",\"reporterSyncTimeout\",\"cucumberFeaturesWithLineNumbers\",\"autoCompileOpts\",\"mochaOpts\",\"jasmineOpts\",\"cucumberOpts\",\"onPrepare\",\"onWorkerStart\",\"onWorkerEnd\",\"before\",\"beforeSession\",\"beforeSuite\",\"beforeHook\",\"beforeTest\",\"afterTest\",\"afterHook\",\"afterSuite\",\"afterSession\",\"after\",\"onComplete\",\"beforeAssertion\",\"afterAssertion\",\"beforeFeature\",\"beforeScenario\",\"beforeStep\",\"afterStep\",\"afterScenario\",\"afterFeature\",\"_\",\"suite\",\"$0\",\"ignoredWorkerServices\",\"wdi5\"]"}]}
COMMAND: POST /session/8b9d24fb39cbfc9e79ab89721a1c9e7d/execute/async - {"script":"<script> [21126 bytes]","args":[35000]}
RESULT: {"script":"<script> [21126 bytes]","args":[35000]}
]]></system-out>
    </testcase>
  </testsuite>
  <testsuite timestamp="2025-06-13T17:12:50" time="175.427" tests="6" failures="0" errors="0" skipped="0">
    <properties>
      <property name="specId" value="0"/>
      <property name="suiteName" value="Return from Site w/ warehouse management w/ clarification US125588"/>
      <property name="capabilities" value="chrome.137_0_7151_69.windows"/>
      <property name="file" value="file:///D:/a/1/s/test/specs/HTR/return-from-site-w-warehouse-management-w-clarification.spec.js"/>
    </properties>
    <testcase classname="chrome.137_0_7151_69.windows.Return_from_Site_w/_warehouse_management_w/_clarification_US125588" name="Should create a new WHM yard" time="0.023">
      <system-out><![CDATA[
COMMAND: POST /session/8b9d24fb39cbfc9e79ab89721a1c9e7d/window/fullscreen - {}
RESULT: {}
]]></system-out>
    </testcase>
    <testcase classname="chrome.137_0_7151_69.windows.Return_from_Site_w/_warehouse_management_w/_clarification_US125588" name="Should create a new external WHM partner" time="0.003"/>
    <testcase classname="chrome.137_0_7151_69.windows.Return_from_Site_w/_warehouse_management_w/_clarification_US125588" name="Should create a new WHM site" time="0.002"/>
    <testcase classname="chrome.137_0_7151_69.windows.Return_from_Site_w/_warehouse_management_w/_clarification_US125588" name="Should create a new material" time="121.578">
      <system-out><![CDATA[
COMMAND: POST /session/8b9d24fb39cbfc9e79ab89721a1c9e7d/execute/async - {"script":"<script> [1562 bytes]","args":[{"selector":{"controlType":"sap.m.GenericTile","properties":{"header":"Manage Resources"}},"wdio_ui5_key":"sapm.GenericTile{\"header\":\"Manage Resources\"}"}]}
RESULT: {"script":"<script> [1562 bytes]","args":[{"selector":{"controlType":"sap.m.GenericTile","properties":{"header":"Manage Resources"}},"wdio_ui5_key":"sapm.GenericTile{\"header\":\"Manage Resources\"}"}]}
RESULT: undefined
COMMAND: POST /session/8b9d24fb39cbfc9e79ab89721a1c9e7d/element - {"using":"xpath","value":"//*[@id=\"__tile40\"]"}
RESULT: {"using":"xpath","value":"//*[@id=\"__tile40\"]"}
COMMAND: POST /session/8b9d24fb39cbfc9e79ab89721a1c9e7d/element/f.7652131D378371FA98FE7F43E0E28151.d.0E4188A470A0A0D43A66AD56C16CC17D.e.20462/click - {}
RESULT: {}
COMMAND: GET /session/8b9d24fb39cbfc9e79ab89721a1c9e7d/screenshot - {}
RESULT: {}
COMMAND: POST /session/8b9d24fb39cbfc9e79ab89721a1c9e7d/elements - {"using":"xpath","value":"//span[text()='Error']"}
RESULT: {"using":"xpath","value":"//span[text()='Error']"}
COMMAND: POST /session/8b9d24fb39cbfc9e79ab89721a1c9e7d/element - {"using":"xpath","value":"//button[@data-kt=\"addNewRUOverflowToolbarButton\"]"}
RESULT: {"using":"xpath","value":"//button[@data-kt=\"addNewRUOverflowToolbarButton\"]"}
COMMAND: POST /session/8b9d24fb39cbfc9e79ab89721a1c9e7d/elements - {"using":"xpath","value":"//button[@data-kt=\"addNewRUOverflowToolbarButton\"]"}
RESULT: {"using":"xpath","value":"//button[@data-kt=\"addNewRUOverflowToolbarButton\"]"}
COMMAND: POST /session/8b9d24fb39cbfc9e79ab89721a1c9e7d/execute/sync - {"script":"<script> [8489 bytes]","args":[{"element-6066-11e4-a52e-4f735466cecf":"f.7652131D378371FA98FE7F43E0E28151.d.0E4188A470A0A0D43A66AD56C16CC17D.e.20617","ELEMENT":"f.7652131D378371FA98FE7F43E0E28151.d.0E4188A470A0A0D43A66AD56C16CC17D.e.20617"}]}
RESULT: {"script":"<script> [8489 bytes]","args":[{"element-6066-11e4-a52e-4f735466cecf":"f.7652131D378371FA98FE7F43E0E28151.d.0E4188A470A0A0D43A66AD56C16CC17D.e.20617","ELEMENT":"f.7652131D378371FA98FE7F43E0E28151.d.0E4188A470A0A0D43A66AD56C16CC17D.e.20617"}]}
COMMAND: GET /session/8b9d24fb39cbfc9e79ab89721a1c9e7d/element/f.7652131D378371FA98FE7F43E0E28151.d.0E4188A470A0A0D43A66AD56C16CC17D.e.20617/enabled - {}
COMMAND: GET /session/8b9d24fb39cbfc9e79ab89721a1c9e7d/screenshot - {}
RESULT: {}
COMMAND: POST /session/8b9d24fb39cbfc9e79ab89721a1c9e7d/execute/sync - {"script":"<script> [8489 bytes]","args":[{"element-6066-11e4-a52e-4f735466cecf":"f.7652131D378371FA98FE7F43E0E28151.d.0E4188A470A0A0D43A66AD56C16CC17D.e.20617","ELEMENT":"f.7652131D378371FA98FE7F43E0E28151.d.0E4188A470A0A0D43A66AD56C16CC17D.e.20617"}]}
COMMAND: GET /session/8b9d24fb39cbfc9e79ab89721a1c9e7d/screenshot - {}
RESULT: {}
RESULT: {"script":"<script> [8489 bytes]","args":[{"element-6066-11e4-a52e-4f735466cecf":"f.7652131D378371FA98FE7F43E0E28151.d.0E4188A470A0A0D43A66AD56C16CC17D.e.20617","ELEMENT":"f.7652131D378371FA98FE7F43E0E28151.d.0E4188A470A0A0D43A66AD56C16CC17D.e.20617"}]}
COMMAND: POST /session/8b9d24fb39cbfc9e79ab89721a1c9e7d/execute/sync - {"script":"<script> [5351 bytes]","args":[{"element-6066-11e4-a52e-4f735466cecf":"f.7652131D378371FA98FE7F43E0E28151.d.0E4188A470A0A0D43A66AD56C16CC17D.e.20617","ELEMENT":"f.7652131D378371FA98FE7F43E0E28151.d.0E4188A470A0A0D43A66AD56C16CC17D.e.20617"}]}
COMMAND: GET /session/8b9d24fb39cbfc9e79ab89721a1c9e7d/screenshot - {}
RESULT: {}
RESULT: {"script":"<script> [5351 bytes]","args":[{"element-6066-11e4-a52e-4f735466cecf":"f.7652131D378371FA98FE7F43E0E28151.d.0E4188A470A0A0D43A66AD56C16CC17D.e.20617","ELEMENT":"f.7652131D378371FA98FE7F43E0E28151.d.0E4188A470A0A0D43A66AD56C16CC17D.e.20617"}]}
COMMAND: POST /session/8b9d24fb39cbfc9e79ab89721a1c9e7d/element/f.7652131D378371FA98FE7F43E0E28151.d.0E4188A470A0A0D43A66AD56C16CC17D.e.20617/click - {}
COMMAND: GET /session/8b9d24fb39cbfc9e79ab89721a1c9e7d/screenshot - {}
RESULT: {}
RESULT: {}
COMMAND: GET /session/8b9d24fb39cbfc9e79ab89721a1c9e7d/screenshot - {}
RESULT: {}
RESULT: {}
COMMAND: POST /session/8b9d24fb39cbfc9e79ab89721a1c9e7d/execute/async - {"script":"<script> [1562 bytes]","args":[{"selector":{"id":"application-manageresources-display-component---newResourceUnit--TYPE-arrow"},"wdio_ui5_key":"applicationmanageresources-display-component---newResourceUnit--TYPE-arrow"}]}
RESULT: {"script":"<script> [1562 bytes]","args":[{"selector":{"id":"application-manageresources-display-component---newResourceUnit--TYPE-arrow"},"wdio_ui5_key":"applicationmanageresources-display-component---newResourceUnit--TYPE-arrow"}]}
RESULT: undefined
COMMAND: POST /session/8b9d24fb39cbfc9e79ab89721a1c9e7d/element - {"using":"xpath","value":"//*[@id=\"application-manageresources-display-component---newResourceUnit--TYPE-arrow\"]"}
RESULT: {"using":"xpath","value":"//*[@id=\"application-manageresources-display-component---newResourceUnit--TYPE-arrow\"]"}
COMMAND: POST /session/8b9d24fb39cbfc9e79ab89721a1c9e7d/element/f.7652131D378371FA98FE7F43E0E28151.d.0E4188A470A0A0D43A66AD56C16CC17D.e.20967/click - {}
RESULT: {}
COMMAND: POST /session/8b9d24fb39cbfc9e79ab89721a1c9e7d/element - {"using":"xpath","value":"//input[@id=\"application-manageresources-display-component---newResourceUnit--TYPE-inner\"]"}
COMMAND: GET /session/8b9d24fb39cbfc9e79ab89721a1c9e7d/screenshot - {}
RESULT: {"using":"xpath","value":"//input[@id=\"application-manageresources-display-component---newResourceUnit--TYPE-inner\"]"}
COMMAND: POST /session/8b9d24fb39cbfc9e79ab89721a1c9e7d/element/f.7652131D378371FA98FE7F43E0E28151.d.0E4188A470A0A0D43A66AD56C16CC17D.e.20960/clear - {}
RESULT: {}
RESULT: {}
COMMAND: POST /session/8b9d24fb39cbfc9e79ab89721a1c9e7d/element/f.7652131D378371FA98FE7F43E0E28151.d.0E4188A470A0A0D43A66AD56C16CC17D.e.20960/value - {"text":"Material"}
COMMAND: GET /session/8b9d24fb39cbfc9e79ab89721a1c9e7d/screenshot - {}
RESULT: {"text":"Material"}
COMMAND: GET /session/8b9d24fb39cbfc9e79ab89721a1c9e7d/screenshot - {}
RESULT: {}
RESULT: {}
COMMAND: POST /session/8b9d24fb39cbfc9e79ab89721a1c9e7d/actions - {"actions":[{"id":"action61","type":"key","parameters":{},"actions":[{"type":"keyDown","value":""},{"type":"pause","duration":10},{"type":"keyUp","value":""}]}]}
RESULT: {"actions":[{"id":"action61","type":"key","parameters":{},"actions":[{"type":"keyDown","value":""},{"type":"pause","duration":10},{"type":"keyUp","value":""}]}]}
COMMAND: POST /session/8b9d24fb39cbfc9e79ab89721a1c9e7d/execute/async - {"script":"<script> [1562 bytes]","args":[{"selector":{"id":"application-manageresources-display-component---newResourceUnit--SHORT_TEXT","interaction":{"idSuffix":"inner"}},"wdio_ui5_key":"applicationmanageresources-display-component---newResourceUnit--SHORT_TEXT"}]}
COMMAND: GET /session/8b9d24fb39cbfc9e79ab89721a1c9e7d/screenshot - {}
RESULT: undefined
RESULT: undefined
RESULT: {"script":"<script> [1562 bytes]","args":[{"selector":{"id":"application-manageresources-display-component---newResourceUnit--SHORT_TEXT","interaction":{"idSuffix":"inner"}},"wdio_ui5_key":"applicationmanageresources-display-component---newResourceUnit--SHORT_TEXT"}]}
RESULT: undefined
COMMAND: POST /session/8b9d24fb39cbfc9e79ab89721a1c9e7d/execute/async - {"script":"<script> [776 bytes]","args":[{"enterText":"Cement WDIO","selector":{"id":"application-manageresources-display-component---newResourceUnit--SHORT_TEXT","interaction":{"idSuffix":"inner"}},"clearTextFirst":true,"interactionType":"ENTER_TEXT"}]}
RESULT: {}
RESULT: {"script":"<script> [776 bytes]","args":[{"enterText":"Cement WDIO","selector":{"id":"application-manageresources-display-component---newResourceUnit--SHORT_TEXT","interaction":{"idSuffix":"inner"}},"clearTextFirst":true,"interactionType":"ENTER_TEXT"}]}
COMMAND: POST /session/8b9d24fb39cbfc9e79ab89721a1c9e7d/execute/async - {"script":"<script> [1562 bytes]","args":[{"selector":{"id":"application-manageresources-display-component---newResourceUnit--BASE_UNIT_OF_MEASURE","interaction":{"idSuffix":"inner"}},"wdio_ui5_key":"applicationmanageresources-display-component---newResourceUnit--BASE_UNIT_OF_MEASURE"}]}
RESULT: {"script":"<script> [1562 bytes]","args":[{"selector":{"id":"application-manageresources-display-component---newResourceUnit--BASE_UNIT_OF_MEASURE","interaction":{"idSuffix":"inner"}},"wdio_ui5_key":"applicationmanageresources-display-component---newResourceUnit--BASE_UNIT_OF_MEASURE"}]}
RESULT: undefined
COMMAND: POST /session/8b9d24fb39cbfc9e79ab89721a1c9e7d/execute/async - {"script":"<script> [776 bytes]","args":[{"enterText":"Piece","selector":{"id":"application-manageresources-display-component---newResourceUnit--BASE_UNIT_OF_MEASURE","interaction":{"idSuffix":"inner"}},"clearTextFirst":true,"interactionType":"ENTER_TEXT"}]}
RESULT: {"script":"<script> [776 bytes]","args":[{"enterText":"Piece","selector":{"id":"application-manageresources-display-component---newResourceUnit--BASE_UNIT_OF_MEASURE","interaction":{"idSuffix":"inner"}},"clearTextFirst":true,"interactionType":"ENTER_TEXT"}]}
COMMAND: POST /session/8b9d24fb39cbfc9e79ab89721a1c9e7d/execute/async - {"script":"<script> [1562 bytes]","args":[{"selector":{"id":"application-manageresources-display-component---newResourceUnit--WEIGHT_UNIT","interaction":{"idSuffix":"inner"}},"wdio_ui5_key":"applicationmanageresources-display-component---newResourceUnit--WEIGHT_UNIT"}]}
RESULT: {"script":"<script> [1562 bytes]","args":[{"selector":{"id":"application-manageresources-display-component---newResourceUnit--WEIGHT_UNIT","interaction":{"idSuffix":"inner"}},"wdio_ui5_key":"applicationmanageresources-display-component---newResourceUnit--WEIGHT_UNIT"}]}
RESULT: undefined
COMMAND: POST /session/8b9d24fb39cbfc9e79ab89721a1c9e7d/execute/async - {"script":"<script> [776 bytes]","args":[{"enterText":"Gram","selector":{"id":"application-manageresources-display-component---newResourceUnit--WEIGHT_UNIT","interaction":{"idSuffix":"inner"}},"clearTextFirst":true,"interactionType":"ENTER_TEXT"}]}
RESULT: {"script":"<script> [776 bytes]","args":[{"enterText":"Gram","selector":{"id":"application-manageresources-display-component---newResourceUnit--WEIGHT_UNIT","interaction":{"idSuffix":"inner"}},"clearTextFirst":true,"interactionType":"ENTER_TEXT"}]}
COMMAND: POST /session/8b9d24fb39cbfc9e79ab89721a1c9e7d/execute/async - {"script":"<script> [1562 bytes]","args":[{"selector":{"id":"application-manageresources-display-component---newResourceUnit--DIMENSION_UNIT","interaction":{"idSuffix":"inner"}},"wdio_ui5_key":"applicationmanageresources-display-component---newResourceUnit--DIMENSION_UNIT"}]}
RESULT: {"script":"<script> [1562 bytes]","args":[{"selector":{"id":"application-manageresources-display-component---newResourceUnit--DIMENSION_UNIT","interaction":{"idSuffix":"inner"}},"wdio_ui5_key":"applicationmanageresources-display-component---newResourceUnit--DIMENSION_UNIT"}]}
RESULT: undefined
COMMAND: POST /session/8b9d24fb39cbfc9e79ab89721a1c9e7d/execute/async - {"script":"<script> [776 bytes]","args":[{"enterText":"Meter","selector":{"id":"application-manageresources-display-component---newResourceUnit--DIMENSION_UNIT","interaction":{"idSuffix":"inner"}},"clearTextFirst":true,"interactionType":"ENTER_TEXT"}]}
RESULT: {"script":"<script> [776 bytes]","args":[{"enterText":"Meter","selector":{"id":"application-manageresources-display-component---newResourceUnit--DIMENSION_UNIT","interaction":{"idSuffix":"inner"}},"clearTextFirst":true,"interactionType":"ENTER_TEXT"}]}
COMMAND: POST /session/8b9d24fb39cbfc9e79ab89721a1c9e7d/execute/async - {"script":"<script> [1562 bytes]","args":[{"selector":{"id":"application-manageresources-display-component---newResourceUnit--newRRUPage-anchBar-application-manageresources-display-component---newResourceUnit--control-anchor","interaction":{"idSuffix":"BDI-content"}},"wdio_ui5_key":"applicationmanageresources-display-component---newResourceUnit--newRRUPage-anchBar-application-manageresources-display-component---newResourceUnit--control-anchor"}]}
RESULT: {"script":"<script> [1562 bytes]","args":[{"selector":{"id":"application-manageresources-display-component---newResourceUnit--newRRUPage-anchBar-application-manageresources-display-component---newResourceUnit--control-anchor","interaction":{"idSuffix":"BDI-content"}},"wdio_ui5_key":"applicationmanageresources-display-component---newResourceUnit--newRRUPage-anchBar-application-manageresources-display-component---newResourceUnit--control-anchor"}]}
RESULT: undefined
COMMAND: POST /session/8b9d24fb39cbfc9e79ab89721a1c9e7d/element - {"using":"xpath","value":"//*[@id=\"application-manageresources-display-component---newResourceUnit--newRRUPage-anchBar-application-manageresources-display-component---newResourceUnit--control-anchor\"]"}
RESULT: {"using":"xpath","value":"//*[@id=\"application-manageresources-display-component---newResourceUnit--newRRUPage-anchBar-application-manageresources-display-component---newResourceUnit--control-anchor\"]"}
COMMAND: POST /session/8b9d24fb39cbfc9e79ab89721a1c9e7d/element/f.7652131D378371FA98FE7F43E0E28151.d.0E4188A470A0A0D43A66AD56C16CC17D.e.21101/click - {}
RESULT: {}
COMMAND: POST /session/8b9d24fb39cbfc9e79ab89721a1c9e7d/execute/async - {"script":"<script> [1562 bytes]","args":[{"selector":{"id":"application-manageresources-display-component---newResourceUnit--PLANNING_GROUP","interaction":{"idSuffix":"inner"}},"wdio_ui5_key":"applicationmanageresources-display-component---newResourceUnit--PLANNING_GROUP"}]}
COMMAND: GET /session/8b9d24fb39cbfc9e79ab89721a1c9e7d/screenshot - {}
RESULT: {"script":"<script> [1562 bytes]","args":[{"selector":{"id":"application-manageresources-display-component---newResourceUnit--PLANNING_GROUP","interaction":{"idSuffix":"inner"}},"wdio_ui5_key":"applicationmanageresources-display-component---newResourceUnit--PLANNING_GROUP"}]}
RESULT: undefined
COMMAND: POST /session/8b9d24fb39cbfc9e79ab89721a1c9e7d/execute/async - {"script":"<script> [776 bytes]","args":[{"enterText":"Material","selector":{"id":"application-manageresources-display-component---newResourceUnit--PLANNING_GROUP","interaction":{"idSuffix":"inner"}},"clearTextFirst":true,"interactionType":"ENTER_TEXT"}]}
RESULT: {}
RESULT: {"script":"<script> [776 bytes]","args":[{"enterText":"Material","selector":{"id":"application-manageresources-display-component---newResourceUnit--PLANNING_GROUP","interaction":{"idSuffix":"inner"}},"clearTextFirst":true,"interactionType":"ENTER_TEXT"}]}
COMMAND: POST /session/8b9d24fb39cbfc9e79ab89721a1c9e7d/execute/async - {"script":"<script> [1562 bytes]","args":[{"selector":{"id":"application-manageresources-display-component---newResourceUnit--PLANNING_INDICATOR","interaction":{"idSuffix":"inner"}},"wdio_ui5_key":"applicationmanageresources-display-component---newResourceUnit--PLANNING_INDICATOR"}]}
RESULT: {"script":"<script> [1562 bytes]","args":[{"selector":{"id":"application-manageresources-display-component---newResourceUnit--PLANNING_INDICATOR","interaction":{"idSuffix":"inner"}},"wdio_ui5_key":"applicationmanageresources-display-component---newResourceUnit--PLANNING_INDICATOR"}]}
RESULT: undefined
COMMAND: POST /session/8b9d24fb39cbfc9e79ab89721a1c9e7d/execute/async - {"script":"<script> [776 bytes]","args":[{"enterText":"10 - infinite","selector":{"id":"application-manageresources-display-component---newResourceUnit--PLANNING_INDICATOR","interaction":{"idSuffix":"inner"}},"clearTextFirst":true,"interactionType":"ENTER_TEXT"}]}
RESULT: {"script":"<script> [776 bytes]","args":[{"enterText":"10 - infinite","selector":{"id":"application-manageresources-display-component---newResourceUnit--PLANNING_INDICATOR","interaction":{"idSuffix":"inner"}},"clearTextFirst":true,"interactionType":"ENTER_TEXT"}]}
COMMAND: POST /session/8b9d24fb39cbfc9e79ab89721a1c9e7d/element - {"using":"css selector","value":"#application-manageresources-display-component---newResourceUnit--btnAddTimeSegment"}
RESULT: {"using":"css selector","value":"#application-manageresources-display-component---newResourceUnit--btnAddTimeSegment"}
COMMAND: GET /session/8b9d24fb39cbfc9e79ab89721a1c9e7d/element/f.7652131D378371FA98FE7F43E0E28151.d.0E4188A470A0A0D43A66AD56C16CC17D.e.21111/rect - {}
RESULT: {}
COMMAND: GET /session/8b9d24fb39cbfc9e79ab89721a1c9e7d/window/rect - {}
RESULT: {}
COMMAND: POST /session/8b9d24fb39cbfc9e79ab89721a1c9e7d/execute/sync - {"script":"<script> [92 bytes]","args":[]}
RESULT: {"script":"<script> [92 bytes]","args":[]}
COMMAND: POST /session/8b9d24fb39cbfc9e79ab89721a1c9e7d/actions - {"actions":[{"id":"action62","type":"wheel","parameters":{},"actions":[{"type":"scroll","x":-1888,"y":-32,"deltaX":0,"deltaY":0,"duration":0,"origin":{"element-6066-11e4-a52e-4f735466cecf":"f.7652131D378371FA98FE7F43E0E28151.d.0E4188A470A0A0D43A66AD56C16CC17D.e.21111"}}]}]}
COMMAND: GET /session/8b9d24fb39cbfc9e79ab89721a1c9e7d/screenshot - {}
RESULT: {}
COMMAND: POST /session/8b9d24fb39cbfc9e79ab89721a1c9e7d/execute/sync - {"script":"<script> [79 bytes]","args":[{"element-6066-11e4-a52e-4f735466cecf":"f.7652131D378371FA98FE7F43E0E28151.d.0E4188A470A0A0D43A66AD56C16CC17D.e.21111","ELEMENT":"f.7652131D378371FA98FE7F43E0E28151.d.0E4188A470A0A0D43A66AD56C16CC17D.e.21111"},{"block":"start","inline":"nearest"}]}
RESULT: {"script":"<script> [79 bytes]","args":[{"element-6066-11e4-a52e-4f735466cecf":"f.7652131D378371FA98FE7F43E0E28151.d.0E4188A470A0A0D43A66AD56C16CC17D.e.21111","ELEMENT":"f.7652131D378371FA98FE7F43E0E28151.d.0E4188A470A0A0D43A66AD56C16CC17D.e.21111"},{"block":"start","inline":"nearest"}]}
COMMAND: POST /session/8b9d24fb39cbfc9e79ab89721a1c9e7d/execute/async - {"script":"<script> [1562 bytes]","args":[{"selector":{"id":"application-manageresources-display-component---newResourceUnit--btnAddTimeSegment","interaction":{"idSuffix":"inner"}},"wdio_ui5_key":"applicationmanageresources-display-component---newResourceUnit--btnAddTimeSegment"}]}
COMMAND: GET /session/8b9d24fb39cbfc9e79ab89721a1c9e7d/screenshot - {}
RESULT: {"script":"<script> [1562 bytes]","args":[{"selector":{"id":"application-manageresources-display-component---newResourceUnit--btnAddTimeSegment","interaction":{"idSuffix":"inner"}},"wdio_ui5_key":"applicationmanageresources-display-component---newResourceUnit--btnAddTimeSegment"}]}
RESULT: undefined
COMMAND: POST /session/8b9d24fb39cbfc9e79ab89721a1c9e7d/element - {"using":"xpath","value":"//*[@id=\"application-manageresources-display-component---newResourceUnit--btnAddTimeSegment\"]"}
RESULT: {}
RESULT: {"using":"xpath","value":"//*[@id=\"application-manageresources-display-component---newResourceUnit--btnAddTimeSegment\"]"}
COMMAND: POST /session/8b9d24fb39cbfc9e79ab89721a1c9e7d/element/f.7652131D378371FA98FE7F43E0E28151.d.0E4188A470A0A0D43A66AD56C16CC17D.e.21111/click - {}
RESULT: {}
COMMAND: GET /session/8b9d24fb39cbfc9e79ab89721a1c9e7d/screenshot - {}
RESULT: {}
COMMAND: POST /session/8b9d24fb39cbfc9e79ab89721a1c9e7d/element - {"using":"xpath","value":"//input[@id=\"application-manageresources-display-component---newResourceUnit--idRuTSAdmin-application-manageresources-display-component---newResourceUnit--RUTimeSegment-0-inner\"]"}
RESULT: {"using":"xpath","value":"//input[@id=\"application-manageresources-display-component---newResourceUnit--idRuTSAdmin-application-manageresources-display-component---newResourceUnit--RUTimeSegment-0-inner\"]"}
COMMAND: POST /session/8b9d24fb39cbfc9e79ab89721a1c9e7d/element/f.7652131D378371FA98FE7F43E0E28151.d.0E4188A470A0A0D43A66AD56C16CC17D.e.21116/clear - {}
RESULT: {}
COMMAND: POST /session/8b9d24fb39cbfc9e79ab89721a1c9e7d/element/f.7652131D378371FA98FE7F43E0E28151.d.0E4188A470A0A0D43A66AD56C16CC17D.e.21116/value - {"text":"237"}
COMMAND: GET /session/8b9d24fb39cbfc9e79ab89721a1c9e7d/screenshot - {}
RESULT: {"text":"237"}
COMMAND: GET /session/8b9d24fb39cbfc9e79ab89721a1c9e7d/screenshot - {}
RESULT: {}
RESULT: {}
COMMAND: POST /session/8b9d24fb39cbfc9e79ab89721a1c9e7d/element - {"using":"xpath","value":"//li[.//span[text()='237']]"}
RESULT: {"using":"xpath","value":"//li[.//span[text()='237']]"}
COMMAND: POST /session/8b9d24fb39cbfc9e79ab89721a1c9e7d/element/f.7652131D378371FA98FE7F43E0E28151.d.0E4188A470A0A0D43A66AD56C16CC17D.e.21124/click - {}
RESULT: {}
COMMAND: GET /session/8b9d24fb39cbfc9e79ab89721a1c9e7d/screenshot - {}
RESULT: {}
COMMAND: POST /session/8b9d24fb39cbfc9e79ab89721a1c9e7d/element - {"using":"xpath","value":"(//span[contains(@id, \"-application-manageresources-display-component---newResourceUnit--RUTimeSegment-0-arrow\")])[2]"}
RESULT: {"using":"xpath","value":"(//span[contains(@id, \"-application-manageresources-display-component---newResourceUnit--RUTimeSegment-0-arrow\")])[2]"}
COMMAND: POST /session/8b9d24fb39cbfc9e79ab89721a1c9e7d/element/f.7652131D378371FA98FE7F43E0E28151.d.0E4188A470A0A0D43A66AD56C16CC17D.e.21125/click - {}
RESULT: {}
COMMAND: POST /session/8b9d24fb39cbfc9e79ab89721a1c9e7d/element - {"using":"xpath","value":"//span[contains(text(), \"PM Order\")]"}
COMMAND: GET /session/8b9d24fb39cbfc9e79ab89721a1c9e7d/screenshot - {}
RESULT: {"using":"xpath","value":"//span[contains(text(), \"PM Order\")]"}
COMMAND: POST /session/8b9d24fb39cbfc9e79ab89721a1c9e7d/element/f.7652131D378371FA98FE7F43E0E28151.d.0E4188A470A0A0D43A66AD56C16CC17D.e.21126/click - {}
RESULT: {}
RESULT: {}
COMMAND: GET /session/8b9d24fb39cbfc9e79ab89721a1c9e7d/screenshot - {}
RESULT: {}
COMMAND: POST /session/8b9d24fb39cbfc9e79ab89721a1c9e7d/element - {"using":"xpath","value":"//td/div/div/div/span[contains(@id, \"newResourceUnit--RUTimeSegment-0-vhi\")][1]"}
RESULT: {"using":"xpath","value":"//td/div/div/div/span[contains(@id, \"newResourceUnit--RUTimeSegment-0-vhi\")][1]"}
COMMAND: GET /session/8b9d24fb39cbfc9e79ab89721a1c9e7d/element/f.7652131D378371FA98FE7F43E0E28151.d.0E4188A470A0A0D43A66AD56C16CC17D.e.21130/rect - {}
RESULT: {}
COMMAND: GET /session/8b9d24fb39cbfc9e79ab89721a1c9e7d/window/rect - {}
RESULT: {}
COMMAND: POST /session/8b9d24fb39cbfc9e79ab89721a1c9e7d/execute/sync - {"script":"<script> [92 bytes]","args":[]}
RESULT: {"script":"<script> [92 bytes]","args":[]}
COMMAND: POST /session/8b9d24fb39cbfc9e79ab89721a1c9e7d/actions - {"actions":[{"id":"action63","type":"wheel","parameters":{},"actions":[{"type":"scroll","x":-1888,"y":-24,"deltaX":0,"deltaY":0,"duration":0,"origin":{"element-6066-11e4-a52e-4f735466cecf":"f.7652131D378371FA98FE7F43E0E28151.d.0E4188A470A0A0D43A66AD56C16CC17D.e.21130"}}]}]}
COMMAND: GET /session/8b9d24fb39cbfc9e79ab89721a1c9e7d/screenshot - {}
RESULT: {}
COMMAND: POST /session/8b9d24fb39cbfc9e79ab89721a1c9e7d/execute/sync - {"script":"<script> [79 bytes]","args":[{"element-6066-11e4-a52e-4f735466cecf":"f.7652131D378371FA98FE7F43E0E28151.d.0E4188A470A0A0D43A66AD56C16CC17D.e.21130","ELEMENT":"f.7652131D378371FA98FE7F43E0E28151.d.0E4188A470A0A0D43A66AD56C16CC17D.e.21130"},{"block":"start","inline":"nearest"}]}
RESULT: {"script":"<script> [79 bytes]","args":[{"element-6066-11e4-a52e-4f735466cecf":"f.7652131D378371FA98FE7F43E0E28151.d.0E4188A470A0A0D43A66AD56C16CC17D.e.21130","ELEMENT":"f.7652131D378371FA98FE7F43E0E28151.d.0E4188A470A0A0D43A66AD56C16CC17D.e.21130"},{"block":"start","inline":"nearest"}]}
COMMAND: GET /session/8b9d24fb39cbfc9e79ab89721a1c9e7d/screenshot - {}
RESULT: {}
COMMAND: POST /session/8b9d24fb39cbfc9e79ab89721a1c9e7d/element/f.7652131D378371FA98FE7F43E0E28151.d.0E4188A470A0A0D43A66AD56C16CC17D.e.21130/click - {}
RESULT: {}
COMMAND: GET /session/8b9d24fb39cbfc9e79ab89721a1c9e7d/screenshot - {}
RESULT: {}
COMMAND: POST /session/8b9d24fb39cbfc9e79ab89721a1c9e7d/execute/async - {"script":"<script> [1562 bytes]","args":[{"selector":{"controlType":"sap.m.SearchField","properties":{"placeholder":"Search"},"searchOpenDialogs":true,"interaction":{"idSuffix":"I"}},"wdio_ui5_key":"sapm.SearchField{\"placeholder\":\"Search\"}"}]}
RESULT: {"script":"<script> [1562 bytes]","args":[{"selector":{"controlType":"sap.m.SearchField","properties":{"placeholder":"Search"},"searchOpenDialogs":true,"interaction":{"idSuffix":"I"}},"wdio_ui5_key":"sapm.SearchField{\"placeholder\":\"Search\"}"}]}
RESULT: undefined
COMMAND: POST /session/8b9d24fb39cbfc9e79ab89721a1c9e7d/execute/async - {"script":"<script> [776 bytes]","args":[{"enterText":"4000360","selector":{"controlType":"sap.m.SearchField","properties":{"placeholder":"Search"},"searchOpenDialogs":true,"interaction":{"idSuffix":"I"}},"clearTextFirst":true,"interactionType":"ENTER_TEXT"}]}
RESULT: {"script":"<script> [776 bytes]","args":[{"enterText":"4000360","selector":{"controlType":"sap.m.SearchField","properties":{"placeholder":"Search"},"searchOpenDialogs":true,"interaction":{"idSuffix":"I"}},"clearTextFirst":true,"interactionType":"ENTER_TEXT"}]}
COMMAND: POST /session/8b9d24fb39cbfc9e79ab89721a1c9e7d/actions - {"actions":[{"id":"action64","type":"key","parameters":{},"actions":[{"type":"keyDown","value":""},{"type":"pause","duration":10},{"type":"keyUp","value":""}]}]}
RESULT: {"actions":[{"id":"action64","type":"key","parameters":{},"actions":[{"type":"keyDown","value":""},{"type":"pause","duration":10},{"type":"keyUp","value":""}]}]}
COMMAND: GET /session/8b9d24fb39cbfc9e79ab89721a1c9e7d/screenshot - {}
RESULT: {}
COMMAND: POST /session/8b9d24fb39cbfc9e79ab89721a1c9e7d/element - {"using":"xpath","value":"//td/div/span[contains(text(), \"BGL Vehicles\")]"}
RESULT: {"using":"xpath","value":"//td/div/span[contains(text(), \"BGL Vehicles\")]"}
COMMAND: POST /session/8b9d24fb39cbfc9e79ab89721a1c9e7d/element/f.7652131D378371FA98FE7F43E0E28151.d.0E4188A470A0A0D43A66AD56C16CC17D.e.21153/click - {}
RESULT: {}
COMMAND: GET /session/8b9d24fb39cbfc9e79ab89721a1c9e7d/screenshot - {}
RESULT: {}
COMMAND: POST /session/8b9d24fb39cbfc9e79ab89721a1c9e7d/element - {"using":"xpath","value":"//bdi[contains(text(), \"OK\")]"}
RESULT: {"using":"xpath","value":"//bdi[contains(text(), \"OK\")]"}
COMMAND: POST /session/8b9d24fb39cbfc9e79ab89721a1c9e7d/element/f.7652131D378371FA98FE7F43E0E28151.d.0E4188A470A0A0D43A66AD56C16CC17D.e.21154/click - {}
RESULT: {}
COMMAND: GET /session/8b9d24fb39cbfc9e79ab89721a1c9e7d/screenshot - {}
RESULT: {}
COMMAND: POST /session/8b9d24fb39cbfc9e79ab89721a1c9e7d/element - {"using":"xpath","value":"//label[contains(@class, 'sapMLabelRequired') and .//bdi[contains(text(), 'Planned Retirement')]]"}
RESULT: {"using":"xpath","value":"//label[contains(@class, 'sapMLabelRequired') and .//bdi[contains(text(), 'Planned Retirement')]]"}
COMMAND: POST /session/8b9d24fb39cbfc9e79ab89721a1c9e7d/elements - {"using":"xpath","value":"//label[contains(@class, 'sapMLabelRequired') and .//bdi[contains(text(), 'Planned Retirement')]]"}
RESULT: {"using":"xpath","value":"//label[contains(@class, 'sapMLabelRequired') and .//bdi[contains(text(), 'Planned Retirement')]]"}
COMMAND: POST /session/8b9d24fb39cbfc9e79ab89721a1c9e7d/element - {"using":"xpath","value":"//button[@data-kt=\"resourceUnitSaveButton\"]"}
RESULT: {"using":"xpath","value":"//button[@data-kt=\"resourceUnitSaveButton\"]"}
COMMAND: POST /session/8b9d24fb39cbfc9e79ab89721a1c9e7d/element/f.7652131D378371FA98FE7F43E0E28151.d.0E4188A470A0A0D43A66AD56C16CC17D.e.20985/click - {}
RESULT: {}
COMMAND: GET /session/8b9d24fb39cbfc9e79ab89721a1c9e7d/screenshot - {}
RESULT: {}
COMMAND: POST /session/8b9d24fb39cbfc9e79ab89721a1c9e7d/element - {"using":"xpath","value":"//bdi[contains(text(), \"Close\")]"}
RESULT: {"using":"xpath","value":"//bdi[contains(text(), \"Close\")]"}
COMMAND: POST /session/8b9d24fb39cbfc9e79ab89721a1c9e7d/element/f.7652131D378371FA98FE7F43E0E28151.d.0E4188A470A0A0D43A66AD56C16CC17D.e.21160/click - {}
RESULT: {}
COMMAND: GET /session/8b9d24fb39cbfc9e79ab89721a1c9e7d/screenshot - {}
RESULT: {}
COMMAND: POST /session/8b9d24fb39cbfc9e79ab89721a1c9e7d/element - {"using":"xpath","value":"//header[contains(@id, 'detailRruPage-headerTitle')]/div[1]/div[2]/div[2]/span[1]"}
RESULT: {"using":"xpath","value":"//header[contains(@id, 'detailRruPage-headerTitle')]/div[1]/div[2]/div[2]/span[1]"}
COMMAND: POST /session/8b9d24fb39cbfc9e79ab89721a1c9e7d/elements - {"using":"xpath","value":"//header[contains(@id, 'detailRruPage-headerTitle')]/div[1]/div[2]/div[2]/span[1]"}
RESULT: {"using":"xpath","value":"//header[contains(@id, 'detailRruPage-headerTitle')]/div[1]/div[2]/div[2]/span[1]"}
COMMAND: POST /session/8b9d24fb39cbfc9e79ab89721a1c9e7d/execute/sync - {"script":"<script> [56 bytes]","args":[{"element-6066-11e4-a52e-4f735466cecf":"f.7652131D378371FA98FE7F43E0E28151.d.0E4188A470A0A0D43A66AD56C16CC17D.e.21190","ELEMENT":"f.7652131D378371FA98FE7F43E0E28151.d.0E4188A470A0A0D43A66AD56C16CC17D.e.21190"}]}
RESULT: {"script":"<script> [56 bytes]","args":[{"element-6066-11e4-a52e-4f735466cecf":"f.7652131D378371FA98FE7F43E0E28151.d.0E4188A470A0A0D43A66AD56C16CC17D.e.21190","ELEMENT":"f.7652131D378371FA98FE7F43E0E28151.d.0E4188A470A0A0D43A66AD56C16CC17D.e.21190"}]}
COMMAND: POST /session/8b9d24fb39cbfc9e79ab89721a1c9e7d/element - {"using":"css selector","value":"#shell-header-logo"}
COMMAND: GET /session/8b9d24fb39cbfc9e79ab89721a1c9e7d/screenshot - {}
RESULT: {"using":"css selector","value":"#shell-header-logo"}
COMMAND: POST /session/8b9d24fb39cbfc9e79ab89721a1c9e7d/element/f.7652131D378371FA98FE7F43E0E28151.d.0E4188A470A0A0D43A66AD56C16CC17D.e.20575/click - {}
RESULT: {}
RESULT: {}
COMMAND: GET /session/8b9d24fb39cbfc9e79ab89721a1c9e7d/screenshot - {}
RESULT: {}
]]></system-out>
    </testcase>
    <testcase classname="chrome.137_0_7151_69.windows.Return_from_Site_w/_warehouse_management_w/_clarification_US125588" name="Bin Status Report Should Create New Organization yard" time="0.002"/>
    <testcase classname="chrome.137_0_7151_69.windows.Return_from_Site_w/_warehouse_management_w/_clarification_US125588" name="Bin Status Report Should Create New Organization for Site" time="0.002"/>
  </testsuite>
  <testsuite timestamp="2025-06-13T17:15:46" time="712.258" tests="7" failures="0" errors="0" skipped="0">
    <properties>
      <property name="specId" value="0"/>
      <property name="suiteName" value="Return from Site w/ warehouse management w clarification"/>
      <property name="capabilities" value="chrome.137_0_7151_69.windows"/>
      <property name="file" value="file:///D:/a/1/s/test/specs/HTR/return-from-site-w-warehouse-management-w-clarification.spec.js"/>
    </properties>
    <testcase classname="chrome.137_0_7151_69.windows.Return_from_Site_w/_warehouse_management_w_clarification" name="Should do a stock increase handover" time="87.377">
      <system-out><![CDATA[
COMMAND: POST /session/8b9d24fb39cbfc9e79ab89721a1c9e7d/execute/async - {"script":"<script> [1562 bytes]","args":[{"selector":{"controlType":"sap.m.GenericTile","properties":{"header":"Manage Handovers"}},"wdio_ui5_key":"sapm.GenericTile{\"header\":\"Manage Handovers\"}"}]}
RESULT: {"script":"<script> [1562 bytes]","args":[{"selector":{"controlType":"sap.m.GenericTile","properties":{"header":"Manage Handovers"}},"wdio_ui5_key":"sapm.GenericTile{\"header\":\"Manage Handovers\"}"}]}
RESULT: undefined
COMMAND: POST /session/8b9d24fb39cbfc9e79ab89721a1c9e7d/element - {"using":"xpath","value":"//*[@id=\"__tile135\"]"}
RESULT: {"using":"xpath","value":"//*[@id=\"__tile135\"]"}
COMMAND: POST /session/8b9d24fb39cbfc9e79ab89721a1c9e7d/element/f.7652131D378371FA98FE7F43E0E28151.d.0E4188A470A0A0D43A66AD56C16CC17D.e.20550/click - {}
RESULT: {}
COMMAND: GET /session/8b9d24fb39cbfc9e79ab89721a1c9e7d/screenshot - {}
RESULT: {}
COMMAND: POST /session/8b9d24fb39cbfc9e79ab89721a1c9e7d/elements - {"using":"xpath","value":"//span[text()='Error']"}
RESULT: {"using":"xpath","value":"//span[text()='Error']"}
COMMAND: POST /session/8b9d24fb39cbfc9e79ab89721a1c9e7d/element - {"using":"xpath","value":"//button[@data-kt=\"masterHOAddButton\"]"}
RESULT: {"using":"xpath","value":"//button[@data-kt=\"masterHOAddButton\"]"}
COMMAND: POST /session/8b9d24fb39cbfc9e79ab89721a1c9e7d/elements - {"using":"xpath","value":"//button[@data-kt=\"masterHOAddButton\"]"}
RESULT: {"using":"xpath","value":"//button[@data-kt=\"masterHOAddButton\"]"}
COMMAND: POST /session/8b9d24fb39cbfc9e79ab89721a1c9e7d/execute/sync - {"script":"<script> [8489 bytes]","args":[{"element-6066-11e4-a52e-4f735466cecf":"f.7652131D378371FA98FE7F43E0E28151.d.0E4188A470A0A0D43A66AD56C16CC17D.e.21230","ELEMENT":"f.7652131D378371FA98FE7F43E0E28151.d.0E4188A470A0A0D43A66AD56C16CC17D.e.21230"}]}
RESULT: {"script":"<script> [8489 bytes]","args":[{"element-6066-11e4-a52e-4f735466cecf":"f.7652131D378371FA98FE7F43E0E28151.d.0E4188A470A0A0D43A66AD56C16CC17D.e.21230","ELEMENT":"f.7652131D378371FA98FE7F43E0E28151.d.0E4188A470A0A0D43A66AD56C16CC17D.e.21230"}]}
COMMAND: GET /session/8b9d24fb39cbfc9e79ab89721a1c9e7d/element/f.7652131D378371FA98FE7F43E0E28151.d.0E4188A470A0A0D43A66AD56C16CC17D.e.21230/enabled - {}
COMMAND: GET /session/8b9d24fb39cbfc9e79ab89721a1c9e7d/screenshot - {}
RESULT: {}
COMMAND: POST /session/8b9d24fb39cbfc9e79ab89721a1c9e7d/execute/sync - {"script":"<script> [8489 bytes]","args":[{"element-6066-11e4-a52e-4f735466cecf":"f.7652131D378371FA98FE7F43E0E28151.d.0E4188A470A0A0D43A66AD56C16CC17D.e.21230","ELEMENT":"f.7652131D378371FA98FE7F43E0E28151.d.0E4188A470A0A0D43A66AD56C16CC17D.e.21230"}]}
COMMAND: GET /session/8b9d24fb39cbfc9e79ab89721a1c9e7d/screenshot - {}
RESULT: {}
RESULT: {"script":"<script> [8489 bytes]","args":[{"element-6066-11e4-a52e-4f735466cecf":"f.7652131D378371FA98FE7F43E0E28151.d.0E4188A470A0A0D43A66AD56C16CC17D.e.21230","ELEMENT":"f.7652131D378371FA98FE7F43E0E28151.d.0E4188A470A0A0D43A66AD56C16CC17D.e.21230"}]}
COMMAND: POST /session/8b9d24fb39cbfc9e79ab89721a1c9e7d/execute/sync - {"script":"<script> [5351 bytes]","args":[{"element-6066-11e4-a52e-4f735466cecf":"f.7652131D378371FA98FE7F43E0E28151.d.0E4188A470A0A0D43A66AD56C16CC17D.e.21230","ELEMENT":"f.7652131D378371FA98FE7F43E0E28151.d.0E4188A470A0A0D43A66AD56C16CC17D.e.21230"}]}
COMMAND: GET /session/8b9d24fb39cbfc9e79ab89721a1c9e7d/screenshot - {}
RESULT: {}
RESULT: {"script":"<script> [5351 bytes]","args":[{"element-6066-11e4-a52e-4f735466cecf":"f.7652131D378371FA98FE7F43E0E28151.d.0E4188A470A0A0D43A66AD56C16CC17D.e.21230","ELEMENT":"f.7652131D378371FA98FE7F43E0E28151.d.0E4188A470A0A0D43A66AD56C16CC17D.e.21230"}]}
COMMAND: POST /session/8b9d24fb39cbfc9e79ab89721a1c9e7d/element/f.7652131D378371FA98FE7F43E0E28151.d.0E4188A470A0A0D43A66AD56C16CC17D.e.21230/click - {}
COMMAND: GET /session/8b9d24fb39cbfc9e79ab89721a1c9e7d/screenshot - {}
RESULT: {}
RESULT: {}
COMMAND: GET /session/8b9d24fb39cbfc9e79ab89721a1c9e7d/screenshot - {}
RESULT: {}
RESULT: {}
COMMAND: POST /session/8b9d24fb39cbfc9e79ab89721a1c9e7d/element - {"using":"xpath","value":"//span[contains(@id ,\"AddNewHO--typeSelect-arrow\")]"}
RESULT: {"using":"xpath","value":"//span[contains(@id ,\"AddNewHO--typeSelect-arrow\")]"}
COMMAND: POST /session/8b9d24fb39cbfc9e79ab89721a1c9e7d/element/f.7652131D378371FA98FE7F43E0E28151.d.0E4188A470A0A0D43A66AD56C16CC17D.e.21567/click - {}
RESULT: {}
COMMAND: GET /session/8b9d24fb39cbfc9e79ab89721a1c9e7d/screenshot - {}
RESULT: {}
COMMAND: POST /session/8b9d24fb39cbfc9e79ab89721a1c9e7d/element - {"using":"xpath","value":"(//li[contains(text(), \"stock increase yard\")])[1]"}
RESULT: {"using":"xpath","value":"(//li[contains(text(), \"stock increase yard\")])[1]"}
COMMAND: POST /session/8b9d24fb39cbfc9e79ab89721a1c9e7d/element/f.7652131D378371FA98FE7F43E0E28151.d.0E4188A470A0A0D43A66AD56C16CC17D.e.21568/click - {}
RESULT: {}
COMMAND: GET /session/8b9d24fb39cbfc9e79ab89721a1c9e7d/screenshot - {}
RESULT: {}
COMMAND: POST /session/8b9d24fb39cbfc9e79ab89721a1c9e7d/execute/async - {"script":"<script> [1562 bytes]","args":[{"selector":{"id":"application-managehandovers-display-component---AddNewHO--dueDate","interaction":{"idSuffix":"inner"}},"wdio_ui5_key":"applicationmanagehandovers-display-component---AddNewHO--dueDate"}]}
RESULT: {"script":"<script> [1562 bytes]","args":[{"selector":{"id":"application-managehandovers-display-component---AddNewHO--dueDate","interaction":{"idSuffix":"inner"}},"wdio_ui5_key":"applicationmanagehandovers-display-component---AddNewHO--dueDate"}]}
RESULT: undefined
COMMAND: POST /session/8b9d24fb39cbfc9e79ab89721a1c9e7d/execute/async - {"script":"<script> [6424 bytes]","args":[{"element-6066-11e4-a52e-4f735466cecf":"f.7652131D378371FA98FE7F43E0E28151.d.0E4188A470A0A0D43A66AD56C16CC17D.e.21570"},"setValue",["6/13/25"]]}
RESULT: {"script":"<script> [6424 bytes]","args":[{"element-6066-11e4-a52e-4f735466cecf":"f.7652131D378371FA98FE7F43E0E28151.d.0E4188A470A0A0D43A66AD56C16CC17D.e.21570"},"setValue",["6/13/25"]]}
COMMAND: POST /session/8b9d24fb39cbfc9e79ab89721a1c9e7d/element - {"using":"xpath","value":"//input[@id=\"generalSectionFrg--receiveYard-inner\"]"}
RESULT: {"using":"xpath","value":"//input[@id=\"generalSectionFrg--receiveYard-inner\"]"}
COMMAND: POST /session/8b9d24fb39cbfc9e79ab89721a1c9e7d/element/f.7652131D378371FA98FE7F43E0E28151.d.0E4188A470A0A0D43A66AD56C16CC17D.e.21576/clear - {}
RESULT: {}
COMMAND: POST /session/8b9d24fb39cbfc9e79ab89721a1c9e7d/element/f.7652131D378371FA98FE7F43E0E28151.d.0E4188A470A0A0D43A66AD56C16CC17D.e.21576/value - {"text":"237"}
COMMAND: GET /session/8b9d24fb39cbfc9e79ab89721a1c9e7d/screenshot - {}
RESULT: {"text":"237"}
COMMAND: GET /session/8b9d24fb39cbfc9e79ab89721a1c9e7d/screenshot - {}
RESULT: {}
RESULT: {}
COMMAND: POST /session/8b9d24fb39cbfc9e79ab89721a1c9e7d/element - {"using":"xpath","value":"//li[.//span[contains(normalize-space(.), '237 -')]]"}
RESULT: {"using":"xpath","value":"//li[.//span[contains(normalize-space(.), '237 -')]]"}
COMMAND: POST /session/8b9d24fb39cbfc9e79ab89721a1c9e7d/element/f.7652131D378371FA98FE7F43E0E28151.d.0E4188A470A0A0D43A66AD56C16CC17D.e.21592/click - {}
RESULT: {}
COMMAND: GET /session/8b9d24fb39cbfc9e79ab89721a1c9e7d/screenshot - {}
RESULT: {}
COMMAND: POST /session/8b9d24fb39cbfc9e79ab89721a1c9e7d/execute/async - {"script":"<script> [1562 bytes]","args":[{"selector":{"id":"application-managehandovers-display-component---AddNewHO--ObjectPageLayout-anchBar-application-managehandovers-display-component---AddNewHO--section4-anchor","interaction":{"idSuffix":"BDI-content"}},"wdio_ui5_key":"applicationmanagehandovers-display-component---AddNewHO--ObjectPageLayout-anchBar-application-managehandovers-display-component---AddNewHO--section4-anchor"}]}
RESULT: {"script":"<script> [1562 bytes]","args":[{"selector":{"id":"application-managehandovers-display-component---AddNewHO--ObjectPageLayout-anchBar-application-managehandovers-display-component---AddNewHO--section4-anchor","interaction":{"idSuffix":"BDI-content"}},"wdio_ui5_key":"applicationmanagehandovers-display-component---AddNewHO--ObjectPageLayout-anchBar-application-managehandovers-display-component---AddNewHO--section4-anchor"}]}
RESULT: undefined
COMMAND: POST /session/8b9d24fb39cbfc9e79ab89721a1c9e7d/element - {"using":"xpath","value":"//*[@id=\"application-managehandovers-display-component---AddNewHO--ObjectPageLayout-anchBar-application-managehandovers-display-component---AddNewHO--section4-anchor\"]"}
RESULT: {"using":"xpath","value":"//*[@id=\"application-managehandovers-display-component---AddNewHO--ObjectPageLayout-anchBar-application-managehandovers-display-component---AddNewHO--section4-anchor\"]"}
COMMAND: POST /session/8b9d24fb39cbfc9e79ab89721a1c9e7d/element/f.7652131D378371FA98FE7F43E0E28151.d.0E4188A470A0A0D43A66AD56C16CC17D.e.21594/click - {}
RESULT: {}
COMMAND: GET /session/8b9d24fb39cbfc9e79ab89721a1c9e7d/screenshot - {}
RESULT: {}
COMMAND: POST /session/8b9d24fb39cbfc9e79ab89721a1c9e7d/element - {"using":"xpath","value":"//button[@aria-label=\"Add\"]"}
RESULT: {"using":"xpath","value":"//button[@aria-label=\"Add\"]"}
COMMAND: POST /session/8b9d24fb39cbfc9e79ab89721a1c9e7d/element/f.7652131D378371FA98FE7F43E0E28151.d.0E4188A470A0A0D43A66AD56C16CC17D.e.21598/click - {}
RESULT: {}
COMMAND: GET /session/8b9d24fb39cbfc9e79ab89721a1c9e7d/screenshot - {}
RESULT: {}
COMMAND: POST /session/8b9d24fb39cbfc9e79ab89721a1c9e7d/execute/async - {"script":"<script> [1562 bytes]","args":[{"selector":{"id":"application-managehandovers-display-component---AddNewHO--smartFilterBar-btnBasicSearch","searchOpenDialogs":true,"interaction":{"idSuffix":"I"}},"wdio_ui5_key":"applicationmanagehandovers-display-component---AddNewHO--smartFilterBar-btnBasicSearch"}]}
RESULT: {"script":"<script> [1562 bytes]","args":[{"selector":{"id":"application-managehandovers-display-component---AddNewHO--smartFilterBar-btnBasicSearch","searchOpenDialogs":true,"interaction":{"idSuffix":"I"}},"wdio_ui5_key":"applicationmanagehandovers-display-component---AddNewHO--smartFilterBar-btnBasicSearch"}]}
RESULT: undefined
COMMAND: POST /session/8b9d24fb39cbfc9e79ab89721a1c9e7d/execute/async - {"script":"<script> [776 bytes]","args":[{"enterText":"200123","selector":{"id":"application-managehandovers-display-component---AddNewHO--smartFilterBar-btnBasicSearch","searchOpenDialogs":true,"interaction":{"idSuffix":"I"}},"clearTextFirst":true,"interactionType":"ENTER_TEXT"}]}
RESULT: {"script":"<script> [776 bytes]","args":[{"enterText":"200123","selector":{"id":"application-managehandovers-display-component---AddNewHO--smartFilterBar-btnBasicSearch","searchOpenDialogs":true,"interaction":{"idSuffix":"I"}},"clearTextFirst":true,"interactionType":"ENTER_TEXT"}]}
COMMAND: POST /session/8b9d24fb39cbfc9e79ab89721a1c9e7d/actions - {"actions":[{"id":"action65","type":"key","parameters":{},"actions":[{"type":"keyDown","value":""},{"type":"pause","duration":10},{"type":"keyUp","value":""}]}]}
RESULT: {"actions":[{"id":"action65","type":"key","parameters":{},"actions":[{"type":"keyDown","value":""},{"type":"pause","duration":10},{"type":"keyUp","value":""}]}]}
COMMAND: GET /session/8b9d24fb39cbfc9e79ab89721a1c9e7d/screenshot - {}
RESULT: {}
COMMAND: POST /session/8b9d24fb39cbfc9e79ab89721a1c9e7d/execute/async - {"script":"<script> [1562 bytes]","args":[{"selector":{"id":"application-managehandovers-display-component---AddNewHO--popup-sa","searchOpenDialogs":true,"interaction":{"idSuffix":"CbBg"}},"wdio_ui5_key":"applicationmanagehandovers-display-component---AddNewHO--popup-sa"}]}
RESULT: {"script":"<script> [1562 bytes]","args":[{"selector":{"id":"application-managehandovers-display-component---AddNewHO--popup-sa","searchOpenDialogs":true,"interaction":{"idSuffix":"CbBg"}},"wdio_ui5_key":"applicationmanagehandovers-display-component---AddNewHO--popup-sa"}]}
RESULT: undefined
COMMAND: POST /session/8b9d24fb39cbfc9e79ab89721a1c9e7d/element - {"using":"xpath","value":"//*[@id=\"application-managehandovers-display-component---AddNewHO--popup-sa\"]"}
RESULT: {"using":"xpath","value":"//*[@id=\"application-managehandovers-display-component---AddNewHO--popup-sa\"]"}
COMMAND: POST /session/8b9d24fb39cbfc9e79ab89721a1c9e7d/element/f.7652131D378371FA98FE7F43E0E28151.d.0E4188A470A0A0D43A66AD56C16CC17D.e.21750/click - {}
RESULT: {}
COMMAND: GET /session/8b9d24fb39cbfc9e79ab89721a1c9e7d/screenshot - {}
RESULT: {}
COMMAND: POST /session/8b9d24fb39cbfc9e79ab89721a1c9e7d/element - {"using":"xpath","value":"//bdi[contains(text(), \"Select\")]"}
RESULT: {"using":"xpath","value":"//bdi[contains(text(), \"Select\")]"}
COMMAND: POST /session/8b9d24fb39cbfc9e79ab89721a1c9e7d/element/f.7652131D378371FA98FE7F43E0E28151.d.0E4188A470A0A0D43A66AD56C16CC17D.e.21751/click - {}
RESULT: {}
COMMAND: GET /session/8b9d24fb39cbfc9e79ab89721a1c9e7d/screenshot - {}
RESULT: {}
COMMAND: POST /session/8b9d24fb39cbfc9e79ab89721a1c9e7d/element - {"using":"xpath","value":"//button[@data-kt=\"AddNewHOSaveButton\"]"}
RESULT: {"using":"xpath","value":"//button[@data-kt=\"AddNewHOSaveButton\"]"}
COMMAND: POST /session/8b9d24fb39cbfc9e79ab89721a1c9e7d/element/f.7652131D378371FA98FE7F43E0E28151.d.0E4188A470A0A0D43A66AD56C16CC17D.e.21755/click - {}
RESULT: {}
COMMAND: GET /session/8b9d24fb39cbfc9e79ab89721a1c9e7d/screenshot - {}
RESULT: {}
COMMAND: POST /session/8b9d24fb39cbfc9e79ab89721a1c9e7d/execute/async - {"script":"<script> [1562 bytes]","args":[{"selector":{"id":"receiptDatePicker","viewName":"etm.portal.ui.managehandovers.view.DetailExecuteHO","interaction":{"idSuffix":"inner"}},"wdio_ui5_key":"receiptDatePickeretmportal.ui.managehandovers.view.DetailExecuteHO"}]}
RESULT: {"script":"<script> [1562 bytes]","args":[{"selector":{"id":"receiptDatePicker","viewName":"etm.portal.ui.managehandovers.view.DetailExecuteHO","interaction":{"idSuffix":"inner"}},"wdio_ui5_key":"receiptDatePickeretmportal.ui.managehandovers.view.DetailExecuteHO"}]}
RESULT: undefined
COMMAND: POST /session/8b9d24fb39cbfc9e79ab89721a1c9e7d/execute/async - {"script":"<script> [6424 bytes]","args":[{"element-6066-11e4-a52e-4f735466cecf":"f.7652131D378371FA98FE7F43E0E28151.d.0E4188A470A0A0D43A66AD56C16CC17D.e.21786"},"setValue",["6/13/25"]]}
RESULT: {"script":"<script> [6424 bytes]","args":[{"element-6066-11e4-a52e-4f735466cecf":"f.7652131D378371FA98FE7F43E0E28151.d.0E4188A470A0A0D43A66AD56C16CC17D.e.21786"},"setValue",["6/13/25"]]}
COMMAND: POST /session/8b9d24fb39cbfc9e79ab89721a1c9e7d/element - {"using":"xpath","value":"//button[@data-kt=\"ReceivingTableConfirmAllButton\"]"}
RESULT: {"using":"xpath","value":"//button[@data-kt=\"ReceivingTableConfirmAllButton\"]"}
COMMAND: POST /session/8b9d24fb39cbfc9e79ab89721a1c9e7d/element/f.7652131D378371FA98FE7F43E0E28151.d.0E4188A470A0A0D43A66AD56C16CC17D.e.21802/click - {}
RESULT: {}
COMMAND: GET /session/8b9d24fb39cbfc9e79ab89721a1c9e7d/screenshot - {}
RESULT: {}
COMMAND: POST /session/8b9d24fb39cbfc9e79ab89721a1c9e7d/element - {"using":"xpath","value":"//bdi[contains(text(), \"OK\")]"}
RESULT: {"using":"xpath","value":"//bdi[contains(text(), \"OK\")]"}
COMMAND: POST /session/8b9d24fb39cbfc9e79ab89721a1c9e7d/element/f.7652131D378371FA98FE7F43E0E28151.d.0E4188A470A0A0D43A66AD56C16CC17D.e.21804/click - {}
RESULT: {}
COMMAND: GET /session/8b9d24fb39cbfc9e79ab89721a1c9e7d/screenshot - {}
RESULT: {}
COMMAND: POST /session/8b9d24fb39cbfc9e79ab89721a1c9e7d/element - {"using":"xpath","value":"(//bdi[contains(text(), \"Receive\")])[2]"}
RESULT: {"using":"xpath","value":"(//bdi[contains(text(), \"Receive\")])[2]"}
COMMAND: POST /session/8b9d24fb39cbfc9e79ab89721a1c9e7d/element/f.7652131D378371FA98FE7F43E0E28151.d.0E4188A470A0A0D43A66AD56C16CC17D.e.21806/click - {}
RESULT: {}
COMMAND: GET /session/8b9d24fb39cbfc9e79ab89721a1c9e7d/screenshot - {}
RESULT: {}
COMMAND: POST /session/8b9d24fb39cbfc9e79ab89721a1c9e7d/element - {"using":"css selector","value":"#shell-header-logo"}
RESULT: {"using":"css selector","value":"#shell-header-logo"}
COMMAND: POST /session/8b9d24fb39cbfc9e79ab89721a1c9e7d/element/f.7652131D378371FA98FE7F43E0E28151.d.0E4188A470A0A0D43A66AD56C16CC17D.e.21193/click - {}
RESULT: {}
COMMAND: GET /session/8b9d24fb39cbfc9e79ab89721a1c9e7d/screenshot - {}
RESULT: {}
]]></system-out>
    </testcase>
    <testcase classname="chrome.137_0_7151_69.windows.Return_from_Site_w/_warehouse_management_w_clarification" name="Should create a new contract" time="61.265">
      <system-out><![CDATA[
COMMAND: POST /session/8b9d24fb39cbfc9e79ab89721a1c9e7d/execute/async - {"script":"<script> [1562 bytes]","args":[{"selector":{"controlType":"sap.m.GenericTile","properties":{"header":"Manage Contracts"}},"wdio_ui5_key":"sapm.GenericTile{\"header\":\"Manage Contracts\"}"}]}
RESULT: {"script":"<script> [1562 bytes]","args":[{"selector":{"controlType":"sap.m.GenericTile","properties":{"header":"Manage Contracts"}},"wdio_ui5_key":"sapm.GenericTile{\"header\":\"Manage Contracts\"}"}]}
RESULT: undefined
COMMAND: POST /session/8b9d24fb39cbfc9e79ab89721a1c9e7d/element - {"using":"xpath","value":"//*[@id=\"__tile132\"]"}
RESULT: {"using":"xpath","value":"//*[@id=\"__tile132\"]"}
COMMAND: POST /session/8b9d24fb39cbfc9e79ab89721a1c9e7d/element/f.7652131D378371FA98FE7F43E0E28151.d.0E4188A470A0A0D43A66AD56C16CC17D.e.20478/click - {}
RESULT: {}
COMMAND: GET /session/8b9d24fb39cbfc9e79ab89721a1c9e7d/screenshot - {}
RESULT: {}
COMMAND: POST /session/8b9d24fb39cbfc9e79ab89721a1c9e7d/elements - {"using":"xpath","value":"//span[text()='Error']"}
RESULT: {"using":"xpath","value":"//span[text()='Error']"}
COMMAND: POST /session/8b9d24fb39cbfc9e79ab89721a1c9e7d/element - {"using":"xpath","value":"//button[@data-kt=\"addButton\"]"}
RESULT: {"using":"xpath","value":"//button[@data-kt=\"addButton\"]"}
COMMAND: POST /session/8b9d24fb39cbfc9e79ab89721a1c9e7d/elements - {"using":"xpath","value":"//button[@data-kt=\"addButton\"]"}
RESULT: {"using":"xpath","value":"//button[@data-kt=\"addButton\"]"}
COMMAND: POST /session/8b9d24fb39cbfc9e79ab89721a1c9e7d/execute/sync - {"script":"<script> [8489 bytes]","args":[{"element-6066-11e4-a52e-4f735466cecf":"f.7652131D378371FA98FE7F43E0E28151.d.0E4188A470A0A0D43A66AD56C16CC17D.e.22024","ELEMENT":"f.7652131D378371FA98FE7F43E0E28151.d.0E4188A470A0A0D43A66AD56C16CC17D.e.22024"}]}
RESULT: {"script":"<script> [8489 bytes]","args":[{"element-6066-11e4-a52e-4f735466cecf":"f.7652131D378371FA98FE7F43E0E28151.d.0E4188A470A0A0D43A66AD56C16CC17D.e.22024","ELEMENT":"f.7652131D378371FA98FE7F43E0E28151.d.0E4188A470A0A0D43A66AD56C16CC17D.e.22024"}]}
COMMAND: GET /session/8b9d24fb39cbfc9e79ab89721a1c9e7d/element/f.7652131D378371FA98FE7F43E0E28151.d.0E4188A470A0A0D43A66AD56C16CC17D.e.22024/enabled - {}
COMMAND: GET /session/8b9d24fb39cbfc9e79ab89721a1c9e7d/screenshot - {}
RESULT: {}
COMMAND: POST /session/8b9d24fb39cbfc9e79ab89721a1c9e7d/execute/sync - {"script":"<script> [8489 bytes]","args":[{"element-6066-11e4-a52e-4f735466cecf":"f.7652131D378371FA98FE7F43E0E28151.d.0E4188A470A0A0D43A66AD56C16CC17D.e.22024","ELEMENT":"f.7652131D378371FA98FE7F43E0E28151.d.0E4188A470A0A0D43A66AD56C16CC17D.e.22024"}]}
COMMAND: GET /session/8b9d24fb39cbfc9e79ab89721a1c9e7d/screenshot - {}
RESULT: {}
RESULT: {"script":"<script> [8489 bytes]","args":[{"element-6066-11e4-a52e-4f735466cecf":"f.7652131D378371FA98FE7F43E0E28151.d.0E4188A470A0A0D43A66AD56C16CC17D.e.22024","ELEMENT":"f.7652131D378371FA98FE7F43E0E28151.d.0E4188A470A0A0D43A66AD56C16CC17D.e.22024"}]}
COMMAND: POST /session/8b9d24fb39cbfc9e79ab89721a1c9e7d/execute/sync - {"script":"<script> [5351 bytes]","args":[{"element-6066-11e4-a52e-4f735466cecf":"f.7652131D378371FA98FE7F43E0E28151.d.0E4188A470A0A0D43A66AD56C16CC17D.e.22024","ELEMENT":"f.7652131D378371FA98FE7F43E0E28151.d.0E4188A470A0A0D43A66AD56C16CC17D.e.22024"}]}
COMMAND: GET /session/8b9d24fb39cbfc9e79ab89721a1c9e7d/screenshot - {}
RESULT: {}
RESULT: {"script":"<script> [5351 bytes]","args":[{"element-6066-11e4-a52e-4f735466cecf":"f.7652131D378371FA98FE7F43E0E28151.d.0E4188A470A0A0D43A66AD56C16CC17D.e.22024","ELEMENT":"f.7652131D378371FA98FE7F43E0E28151.d.0E4188A470A0A0D43A66AD56C16CC17D.e.22024"}]}
COMMAND: GET /session/8b9d24fb39cbfc9e79ab89721a1c9e7d/screenshot - {}
RESULT: {}
RESULT: {}
COMMAND: POST /session/8b9d24fb39cbfc9e79ab89721a1c9e7d/element/f.7652131D378371FA98FE7F43E0E28151.d.0E4188A470A0A0D43A66AD56C16CC17D.e.22024/click - {}
RESULT: {}
COMMAND: GET /session/8b9d24fb39cbfc9e79ab89721a1c9e7d/screenshot - {}
COMMAND: POST /session/8b9d24fb39cbfc9e79ab89721a1c9e7d/execute/async - {"script":"<script> [1562 bytes]","args":[{"selector":{"id":"application-managecontracts-display-component---AddNewContract--projectDescription","interaction":{"idSuffix":"inner"}},"wdio_ui5_key":"applicationmanagecontracts-display-component---AddNewContract--projectDescription"}]}
RESULT: {}
RESULT: {"script":"<script> [1562 bytes]","args":[{"selector":{"id":"application-managecontracts-display-component---AddNewContract--projectDescription","interaction":{"idSuffix":"inner"}},"wdio_ui5_key":"applicationmanagecontracts-display-component---AddNewContract--projectDescription"}]}
RESULT: undefined
COMMAND: POST /session/8b9d24fb39cbfc9e79ab89721a1c9e7d/execute/async - {"script":"<script> [776 bytes]","args":[{"enterText":"Contract WDIO","selector":{"id":"application-managecontracts-display-component---AddNewContract--projectDescription","interaction":{"idSuffix":"inner"}},"clearTextFirst":true,"interactionType":"ENTER_TEXT"}]}
RESULT: {"script":"<script> [776 bytes]","args":[{"enterText":"Contract WDIO","selector":{"id":"application-managecontracts-display-component---AddNewContract--projectDescription","interaction":{"idSuffix":"inner"}},"clearTextFirst":true,"interactionType":"ENTER_TEXT"}]}
COMMAND: POST /session/8b9d24fb39cbfc9e79ab89721a1c9e7d/element - {"using":"xpath","value":"//input[@id=\"application-managecontracts-display-component---AddNewContract--site-inner\"]"}
RESULT: {"using":"xpath","value":"//input[@id=\"application-managecontracts-display-component---AddNewContract--site-inner\"]"}
COMMAND: POST /session/8b9d24fb39cbfc9e79ab89721a1c9e7d/element/f.7652131D378371FA98FE7F43E0E28151.d.0E4188A470A0A0D43A66AD56C16CC17D.e.22343/clear - {}
RESULT: {}
COMMAND: POST /session/8b9d24fb39cbfc9e79ab89721a1c9e7d/element/f.7652131D378371FA98FE7F43E0E28151.d.0E4188A470A0A0D43A66AD56C16CC17D.e.22343/value - {"text":"2085"}
COMMAND: GET /session/8b9d24fb39cbfc9e79ab89721a1c9e7d/screenshot - {}
RESULT: {"text":"2085"}
COMMAND: GET /session/8b9d24fb39cbfc9e79ab89721a1c9e7d/screenshot - {}
RESULT: {}
RESULT: {}
COMMAND: POST /session/8b9d24fb39cbfc9e79ab89721a1c9e7d/element - {"using":"xpath","value":"//li[.//span[text()='2085']]"}
RESULT: {"using":"xpath","value":"//li[.//span[text()='2085']]"}
COMMAND: POST /session/8b9d24fb39cbfc9e79ab89721a1c9e7d/element/f.7652131D378371FA98FE7F43E0E28151.d.0E4188A470A0A0D43A66AD56C16CC17D.e.22426/click - {}
RESULT: {}
COMMAND: GET /session/8b9d24fb39cbfc9e79ab89721a1c9e7d/screenshot - {}
RESULT: {}
COMMAND: POST /session/8b9d24fb39cbfc9e79ab89721a1c9e7d/element - {"using":"xpath","value":"//input[@id=\"application-managecontracts-display-component---AddNewContract--yardId-inner\"]"}
RESULT: {"using":"xpath","value":"//input[@id=\"application-managecontracts-display-component---AddNewContract--yardId-inner\"]"}
COMMAND: GET /session/8b9d24fb39cbfc9e79ab89721a1c9e7d/element/f.7652131D378371FA98FE7F43E0E28151.d.0E4188A470A0A0D43A66AD56C16CC17D.e.22344/property/value - {}
RESULT: {}
COMMAND: POST /session/8b9d24fb39cbfc9e79ab89721a1c9e7d/element - {"using":"xpath","value":"//input[@id=\"application-managecontracts-display-component---AddNewContract--customerSelect-inner\"]"}
COMMAND: GET /session/8b9d24fb39cbfc9e79ab89721a1c9e7d/screenshot - {}
RESULT: {"using":"xpath","value":"//input[@id=\"application-managecontracts-display-component---AddNewContract--customerSelect-inner\"]"}
COMMAND: POST /session/8b9d24fb39cbfc9e79ab89721a1c9e7d/element/f.7652131D378371FA98FE7F43E0E28151.d.0E4188A470A0A0D43A66AD56C16CC17D.e.22342/clear - {}
RESULT: {}
RESULT: {}
COMMAND: POST /session/8b9d24fb39cbfc9e79ab89721a1c9e7d/element/f.7652131D378371FA98FE7F43E0E28151.d.0E4188A470A0A0D43A66AD56C16CC17D.e.22342/value - {"text":"1091"}
COMMAND: GET /session/8b9d24fb39cbfc9e79ab89721a1c9e7d/screenshot - {}
RESULT: {"text":"1091"}
COMMAND: GET /session/8b9d24fb39cbfc9e79ab89721a1c9e7d/screenshot - {}
RESULT: {}
RESULT: {}
COMMAND: POST /session/8b9d24fb39cbfc9e79ab89721a1c9e7d/element - {"using":"xpath","value":"//li[.//span[text()='1091']]"}
RESULT: {"using":"xpath","value":"//li[.//span[text()='1091']]"}
COMMAND: POST /session/8b9d24fb39cbfc9e79ab89721a1c9e7d/element/f.7652131D378371FA98FE7F43E0E28151.d.0E4188A470A0A0D43A66AD56C16CC17D.e.22429/click - {}
RESULT: {}
COMMAND: GET /session/8b9d24fb39cbfc9e79ab89721a1c9e7d/screenshot - {}
RESULT: {}
COMMAND: POST /session/8b9d24fb39cbfc9e79ab89721a1c9e7d/element - {"using":"xpath","value":"//button[@data-kt=\"saveButton\"]"}
RESULT: {"using":"xpath","value":"//button[@data-kt=\"saveButton\"]"}
COMMAND: POST /session/8b9d24fb39cbfc9e79ab89721a1c9e7d/element/f.7652131D378371FA98FE7F43E0E28151.d.0E4188A470A0A0D43A66AD56C16CC17D.e.22419/click - {}
RESULT: {}
COMMAND: GET /session/8b9d24fb39cbfc9e79ab89721a1c9e7d/screenshot - {}
RESULT: {}
COMMAND: POST /session/8b9d24fb39cbfc9e79ab89721a1c9e7d/element - {"using":"xpath","value":"//span[contains(@id ,\"contractDetailTitleNoExpanded\")]"}
RESULT: {"using":"xpath","value":"//span[contains(@id ,\"contractDetailTitleNoExpanded\")]"}
COMMAND: POST /session/8b9d24fb39cbfc9e79ab89721a1c9e7d/elements - {"using":"xpath","value":"//span[contains(@id ,\"contractDetailTitleNoExpanded\")]"}
RESULT: {"using":"xpath","value":"//span[contains(@id ,\"contractDetailTitleNoExpanded\")]"}
COMMAND: POST /session/8b9d24fb39cbfc9e79ab89721a1c9e7d/execute/sync - {"script":"<script> [56 bytes]","args":[{"element-6066-11e4-a52e-4f735466cecf":"f.7652131D378371FA98FE7F43E0E28151.d.0E4188A470A0A0D43A66AD56C16CC17D.e.22438","ELEMENT":"f.7652131D378371FA98FE7F43E0E28151.d.0E4188A470A0A0D43A66AD56C16CC17D.e.22438"}]}
RESULT: {"script":"<script> [56 bytes]","args":[{"element-6066-11e4-a52e-4f735466cecf":"f.7652131D378371FA98FE7F43E0E28151.d.0E4188A470A0A0D43A66AD56C16CC17D.e.22438","ELEMENT":"f.7652131D378371FA98FE7F43E0E28151.d.0E4188A470A0A0D43A66AD56C16CC17D.e.22438"}]}
COMMAND: GET /session/8b9d24fb39cbfc9e79ab89721a1c9e7d/screenshot - {}
RESULT: {}
]]></system-out>
    </testcase>
    <testcase classname="chrome.137_0_7151_69.windows.Return_from_Site_w/_warehouse_management_w_clarification" name="Should add equipment to the contract" time="56.666">
      <system-out><![CDATA[
COMMAND: POST /session/8b9d24fb39cbfc9e79ab89721a1c9e7d/element - {"using":"xpath","value":"//button[@data-kt=\"contractDetailEditBtnButton\"]"}
RESULT: {"using":"xpath","value":"//button[@data-kt=\"contractDetailEditBtnButton\"]"}
COMMAND: POST /session/8b9d24fb39cbfc9e79ab89721a1c9e7d/element/f.7652131D378371FA98FE7F43E0E28151.d.0E4188A470A0A0D43A66AD56C16CC17D.e.22441/click - {}
RESULT: {}
COMMAND: GET /session/8b9d24fb39cbfc9e79ab89721a1c9e7d/screenshot - {}
RESULT: {}
COMMAND: POST /session/8b9d24fb39cbfc9e79ab89721a1c9e7d/element - {"using":"xpath","value":"(//span[contains(text(), \"Additional Addresses\")])[2]"}
RESULT: {"using":"xpath","value":"(//span[contains(text(), \"Additional Addresses\")])[2]"}
COMMAND: POST /session/8b9d24fb39cbfc9e79ab89721a1c9e7d/element/f.7652131D378371FA98FE7F43E0E28151.d.0E4188A470A0A0D43A66AD56C16CC17D.e.22496/click - {}
RESULT: {}
COMMAND: GET /session/8b9d24fb39cbfc9e79ab89721a1c9e7d/screenshot - {}
RESULT: {}
COMMAND: POST /session/8b9d24fb39cbfc9e79ab89721a1c9e7d/element - {"using":"xpath","value":"//button[@data-kt=\"btnAddTableRowOverflowToolbarButton\"]"}
RESULT: {"using":"xpath","value":"//button[@data-kt=\"btnAddTableRowOverflowToolbarButton\"]"}
COMMAND: POST /session/8b9d24fb39cbfc9e79ab89721a1c9e7d/element/f.7652131D378371FA98FE7F43E0E28151.d.0E4188A470A0A0D43A66AD56C16CC17D.e.22499/click - {}
RESULT: {}
COMMAND: GET /session/8b9d24fb39cbfc9e79ab89721a1c9e7d/screenshot - {}
RESULT: {}
COMMAND: POST /session/8b9d24fb39cbfc9e79ab89721a1c9e7d/element - {"using":"xpath","value":"//div[(text() = 'Standard Entry' or . = 'Standard Entry')]"}
RESULT: {"using":"xpath","value":"//div[(text() = 'Standard Entry' or . = 'Standard Entry')]"}
COMMAND: POST /session/8b9d24fb39cbfc9e79ab89721a1c9e7d/element/f.7652131D378371FA98FE7F43E0E28151.d.0E4188A470A0A0D43A66AD56C16CC17D.e.22501/click - {}
RESULT: {}
COMMAND: GET /session/8b9d24fb39cbfc9e79ab89721a1c9e7d/screenshot - {}
RESULT: {}
COMMAND: POST /session/8b9d24fb39cbfc9e79ab89721a1c9e7d/element - {"using":"xpath","value":"//td[6]/div/div/div/span"}
RESULT: {"using":"xpath","value":"//td[6]/div/div/div/span"}
COMMAND: POST /session/8b9d24fb39cbfc9e79ab89721a1c9e7d/element/f.7652131D378371FA98FE7F43E0E28151.d.0E4188A470A0A0D43A66AD56C16CC17D.e.22513/click - {}
RESULT: {}
COMMAND: GET /session/8b9d24fb39cbfc9e79ab89721a1c9e7d/screenshot - {}
RESULT: {}
COMMAND: POST /session/8b9d24fb39cbfc9e79ab89721a1c9e7d/element - {"using":"xpath","value":"(//span[contains(text(), \"Material\")])"}
RESULT: {"using":"xpath","value":"(//span[contains(text(), \"Material\")])"}
COMMAND: POST /session/8b9d24fb39cbfc9e79ab89721a1c9e7d/element/f.7652131D378371FA98FE7F43E0E28151.d.0E4188A470A0A0D43A66AD56C16CC17D.e.22514/click - {}
RESULT: {}
COMMAND: GET /session/8b9d24fb39cbfc9e79ab89721a1c9e7d/screenshot - {}
RESULT: {}
COMMAND: POST /session/8b9d24fb39cbfc9e79ab89721a1c9e7d/element - {"using":"xpath","value":"//td[7]/div/div/input"}
RESULT: {"using":"xpath","value":"//td[7]/div/div/input"}
COMMAND: POST /session/8b9d24fb39cbfc9e79ab89721a1c9e7d/element/f.7652131D378371FA98FE7F43E0E28151.d.0E4188A470A0A0D43A66AD56C16CC17D.e.22518/clear - {}
RESULT: {}
COMMAND: POST /session/8b9d24fb39cbfc9e79ab89721a1c9e7d/element/f.7652131D378371FA98FE7F43E0E28151.d.0E4188A470A0A0D43A66AD56C16CC17D.e.22518/value - {"text":"200123"}
COMMAND: GET /session/8b9d24fb39cbfc9e79ab89721a1c9e7d/screenshot - {}
RESULT: {"text":"200123"}
COMMAND: GET /session/8b9d24fb39cbfc9e79ab89721a1c9e7d/screenshot - {}
RESULT: {}
RESULT: {}
COMMAND: POST /session/8b9d24fb39cbfc9e79ab89721a1c9e7d/actions - {"actions":[{"id":"action66","type":"key","parameters":{},"actions":[{"type":"keyDown","value":""},{"type":"pause","duration":10},{"type":"keyUp","value":""}]}]}
RESULT: {"actions":[{"id":"action66","type":"key","parameters":{},"actions":[{"type":"keyDown","value":""},{"type":"pause","duration":10},{"type":"keyUp","value":""}]}]}
COMMAND: GET /session/8b9d24fb39cbfc9e79ab89721a1c9e7d/screenshot - {}
RESULT: {}
COMMAND: POST /session/8b9d24fb39cbfc9e79ab89721a1c9e7d/execute/sync - {"script":"<script> [276 bytes]","args":["No pricing information was found"]}
RESULT: {"script":"<script> [276 bytes]","args":["No pricing information was found"]}
COMMAND: POST /session/8b9d24fb39cbfc9e79ab89721a1c9e7d/element - {"using":"xpath","value":"//bdi[contains(text(), \"OK\")]"}
COMMAND: GET /session/8b9d24fb39cbfc9e79ab89721a1c9e7d/screenshot - {}
RESULT: {"using":"xpath","value":"//bdi[contains(text(), \"OK\")]"}
COMMAND: POST /session/8b9d24fb39cbfc9e79ab89721a1c9e7d/element/f.7652131D378371FA98FE7F43E0E28151.d.0E4188A470A0A0D43A66AD56C16CC17D.e.22544/click - {}
RESULT: {}
RESULT: {}
COMMAND: GET /session/8b9d24fb39cbfc9e79ab89721a1c9e7d/screenshot - {}
RESULT: {}
COMMAND: POST /session/8b9d24fb39cbfc9e79ab89721a1c9e7d/element - {"using":"xpath","value":"(//button[@data-kt=\"saveButton\"])[2]"}
RESULT: {"using":"xpath","value":"(//button[@data-kt=\"saveButton\"])[2]"}
COMMAND: POST /session/8b9d24fb39cbfc9e79ab89721a1c9e7d/element/f.7652131D378371FA98FE7F43E0E28151.d.0E4188A470A0A0D43A66AD56C16CC17D.e.22545/click - {}
RESULT: {}
COMMAND: GET /session/8b9d24fb39cbfc9e79ab89721a1c9e7d/screenshot - {}
RESULT: {}
COMMAND: POST /session/8b9d24fb39cbfc9e79ab89721a1c9e7d/execute/sync - {"script":"<script> [276 bytes]","args":["Some contract items are having rental validity exceeding header rental validity"]}
RESULT: {"script":"<script> [276 bytes]","args":["Some contract items are having rental validity exceeding header rental validity"]}
COMMAND: GET /session/8b9d24fb39cbfc9e79ab89721a1c9e7d/screenshot - {}
RESULT: {}
COMMAND: POST /session/8b9d24fb39cbfc9e79ab89721a1c9e7d/element - {"using":"xpath","value":"//span[contains(@id ,\"contractItemsSmartTable-header-inner\")]"}
RESULT: {"using":"xpath","value":"//span[contains(@id ,\"contractItemsSmartTable-header-inner\")]"}
COMMAND: POST /session/8b9d24fb39cbfc9e79ab89721a1c9e7d/elements - {"using":"xpath","value":"//span[contains(@id ,\"contractItemsSmartTable-header-inner\")]"}
RESULT: {"using":"xpath","value":"//span[contains(@id ,\"contractItemsSmartTable-header-inner\")]"}
COMMAND: POST /session/8b9d24fb39cbfc9e79ab89721a1c9e7d/execute/sync - {"script":"<script> [56 bytes]","args":[{"element-6066-11e4-a52e-4f735466cecf":"f.7652131D378371FA98FE7F43E0E28151.d.0E4188A470A0A0D43A66AD56C16CC17D.e.22549","ELEMENT":"f.7652131D378371FA98FE7F43E0E28151.d.0E4188A470A0A0D43A66AD56C16CC17D.e.22549"}]}
RESULT: {"script":"<script> [56 bytes]","args":[{"element-6066-11e4-a52e-4f735466cecf":"f.7652131D378371FA98FE7F43E0E28151.d.0E4188A470A0A0D43A66AD56C16CC17D.e.22549","ELEMENT":"f.7652131D378371FA98FE7F43E0E28151.d.0E4188A470A0A0D43A66AD56C16CC17D.e.22549"}]}
]]></system-out>
    </testcase>
    <testcase classname="chrome.137_0_7151_69.windows.Return_from_Site_w/_warehouse_management_w_clarification" name="Should provide to site" time="42.303">
      <system-out><![CDATA[
COMMAND: POST /session/8b9d24fb39cbfc9e79ab89721a1c9e7d/element - {"using":"xpath","value":"//button[@data-kt=\"provideButton\"]"}
COMMAND: GET /session/8b9d24fb39cbfc9e79ab89721a1c9e7d/screenshot - {}
RESULT: {"using":"xpath","value":"//button[@data-kt=\"provideButton\"]"}
COMMAND: POST /session/8b9d24fb39cbfc9e79ab89721a1c9e7d/element/f.7652131D378371FA98FE7F43E0E28151.d.0E4188A470A0A0D43A66AD56C16CC17D.e.22550/click - {}
RESULT: {}
RESULT: {}
COMMAND: GET /session/8b9d24fb39cbfc9e79ab89721a1c9e7d/screenshot - {}
RESULT: {}
RESULT: undefined
COMMAND: POST /session/8b9d24fb39cbfc9e79ab89721a1c9e7d/execute/async - {"script":"<script> [6424 bytes]","args":[{"element-6066-11e4-a52e-4f735466cecf":"f.7652131D378371FA98FE7F43E0E28151.d.0E4188A470A0A0D43A66AD56C16CC17D.e.21570"},"setValue",["06/13/25"]]}
COMMAND: POST /session/8b9d24fb39cbfc9e79ab89721a1c9e7d/execute/async - {"script":"<script> [1562 bytes]","args":[{"selector":{"id":"application-managehandovers-display-component---AddNewHO--dueDate","interaction":{"idSuffix":"inner"}},"wdio_ui5_key":"applicationmanagehandovers-display-component---AddNewHO--dueDate"}]}
RESULT: {"script":"<script> [1562 bytes]","args":[{"selector":{"id":"application-managehandovers-display-component---AddNewHO--dueDate","interaction":{"idSuffix":"inner"}},"wdio_ui5_key":"applicationmanagehandovers-display-component---AddNewHO--dueDate"}]}
COMMAND: POST /session/8b9d24fb39cbfc9e79ab89721a1c9e7d/execute/async - {"script":"<script> [6424 bytes]","args":[{"element-6066-11e4-a52e-4f735466cecf":"f.7652131D378371FA98FE7F43E0E28151.d.0E4188A470A0A0D43A66AD56C16CC17D.e.22626"},"setValue",["06/13/25"]]}
RESULT: {"script":"<script> [6424 bytes]","args":[{"element-6066-11e4-a52e-4f735466cecf":"f.7652131D378371FA98FE7F43E0E28151.d.0E4188A470A0A0D43A66AD56C16CC17D.e.22626"},"setValue",["06/13/25"]]}
COMMAND: POST /session/8b9d24fb39cbfc9e79ab89721a1c9e7d/element - {"using":"xpath","value":"//bdi[contains(text(), \"Instructions\")]"}
RESULT: {"using":"xpath","value":"//bdi[contains(text(), \"Instructions\")]"}
COMMAND: POST /session/8b9d24fb39cbfc9e79ab89721a1c9e7d/element/f.7652131D378371FA98FE7F43E0E28151.d.0E4188A470A0A0D43A66AD56C16CC17D.e.22871/click - {}
RESULT: {}
COMMAND: GET /session/8b9d24fb39cbfc9e79ab89721a1c9e7d/screenshot - {}
RESULT: {}
COMMAND: POST /session/8b9d24fb39cbfc9e79ab89721a1c9e7d/element - {"using":"xpath","value":"//button[@data-kt=\"AddNewHOProvideAddItemsButton\"]"}
RESULT: {"using":"xpath","value":"//button[@data-kt=\"AddNewHOProvideAddItemsButton\"]"}
COMMAND: POST /session/8b9d24fb39cbfc9e79ab89721a1c9e7d/element/f.7652131D378371FA98FE7F43E0E28151.d.0E4188A470A0A0D43A66AD56C16CC17D.e.22875/click - {}
RESULT: {}
COMMAND: GET /session/8b9d24fb39cbfc9e79ab89721a1c9e7d/screenshot - {}
RESULT: {}
RESULT: undefined
COMMAND: POST /session/8b9d24fb39cbfc9e79ab89721a1c9e7d/element - {"using":"xpath","value":"//*[@id=\"application-managehandovers-display-component---AddNewHO--popup-sa\"]"}
RESULT: {"using":"xpath","value":"//*[@id=\"application-managehandovers-display-component---AddNewHO--popup-sa\"]"}
COMMAND: POST /session/8b9d24fb39cbfc9e79ab89721a1c9e7d/element/f.7652131D378371FA98FE7F43E0E28151.d.0E4188A470A0A0D43A66AD56C16CC17D.e.22884/click - {}
RESULT: {}
COMMAND: GET /session/8b9d24fb39cbfc9e79ab89721a1c9e7d/screenshot - {}
RESULT: {}
COMMAND: POST /session/8b9d24fb39cbfc9e79ab89721a1c9e7d/element - {"using":"xpath","value":"//*[contains(@id ,\"BDI-content\")][contains(text(), \"Select\")]"}
RESULT: {"using":"xpath","value":"//*[contains(@id ,\"BDI-content\")][contains(text(), \"Select\")]"}
COMMAND: POST /session/8b9d24fb39cbfc9e79ab89721a1c9e7d/element/f.7652131D378371FA98FE7F43E0E28151.d.0E4188A470A0A0D43A66AD56C16CC17D.e.22886/click - {}
RESULT: {}
COMMAND: GET /session/8b9d24fb39cbfc9e79ab89721a1c9e7d/screenshot - {}
RESULT: {}
COMMAND: POST /session/8b9d24fb39cbfc9e79ab89721a1c9e7d/element - {"using":"xpath","value":"//bdi[(text() = 'Save' or . = 'Save')]"}
RESULT: {"using":"xpath","value":"//bdi[(text() = 'Save' or . = 'Save')]"}
COMMAND: POST /session/8b9d24fb39cbfc9e79ab89721a1c9e7d/element/f.7652131D378371FA98FE7F43E0E28151.d.0E4188A470A0A0D43A66AD56C16CC17D.e.22894/click - {}
RESULT: {}
COMMAND: GET /session/8b9d24fb39cbfc9e79ab89721a1c9e7d/screenshot - {}
RESULT: {}
]]></system-out>
    </testcase>
    <testcase classname="chrome.137_0_7151_69.windows.Return_from_Site_w/_warehouse_management_w_clarification" name="Should test for Handover Execution" time="162.851">
      <system-out><![CDATA[
COMMAND: POST /session/8b9d24fb39cbfc9e79ab89721a1c9e7d/execute/async - {"script":"<script> [1562 bytes]","args":[{"selector":{"controlType":"sap.m.Link","viewName":"etm.portal.ui.managehandovers.view.DetailExecuteHO","bindingPath":{"path":"","propertyPath":"/wmDoc","modelName":"warehouseMovModel"}},"wdio_ui5_key":"etmportal.ui.managehandovers.view.DetailExecuteHOsap.m.Link{\"path\":\"\",\"propertyPath\":\"/wmDoc\",\"modelName\":\"warehouseMovModel\"}"}]}
RESULT: {"script":"<script> [1562 bytes]","args":[{"selector":{"controlType":"sap.m.Link","viewName":"etm.portal.ui.managehandovers.view.DetailExecuteHO","bindingPath":{"path":"","propertyPath":"/wmDoc","modelName":"warehouseMovModel"}},"wdio_ui5_key":"etmportal.ui.managehandovers.view.DetailExecuteHOsap.m.Link{\"path\":\"\",\"propertyPath\":\"/wmDoc\",\"modelName\":\"warehouseMovModel\"}"}]}
RESULT: undefined
COMMAND: POST /session/8b9d24fb39cbfc9e79ab89721a1c9e7d/element - {"using":"xpath","value":"//*[@id=\"__link82\"]"}
RESULT: {"using":"xpath","value":"//*[@id=\"__link82\"]"}
COMMAND: POST /session/8b9d24fb39cbfc9e79ab89721a1c9e7d/element/f.7652131D378371FA98FE7F43E0E28151.d.0E4188A470A0A0D43A66AD56C16CC17D.e.22936/click - {}
RESULT: {}
COMMAND: GET /session/8b9d24fb39cbfc9e79ab89721a1c9e7d/screenshot - {}
RESULT: {}
COMMAND: POST /session/8b9d24fb39cbfc9e79ab89721a1c9e7d/execute/async - {"script":"<script> [1562 bytes]","args":[{"selector":{"controlType":"sap.m.Link","viewName":"etm.portal.ui.managehandovers.view.DetailExecuteHO","properties":{"text":"Warehouse Overview"},"searchOpenDialogs":true},"wdio_ui5_key":"etmportal.ui.managehandovers.view.DetailExecuteHOsap.m.Link{\"text\":\"Warehouse Overview\"}"}]}
RESULT: {"script":"<script> [1562 bytes]","args":[{"selector":{"controlType":"sap.m.Link","viewName":"etm.portal.ui.managehandovers.view.DetailExecuteHO","properties":{"text":"Warehouse Overview"},"searchOpenDialogs":true},"wdio_ui5_key":"etmportal.ui.managehandovers.view.DetailExecuteHOsap.m.Link{\"text\":\"Warehouse Overview\"}"}]}
RESULT: undefined
COMMAND: POST /session/8b9d24fb39cbfc9e79ab89721a1c9e7d/element - {"using":"xpath","value":"//*[@id=\"__link98\"]"}
RESULT: {"using":"xpath","value":"//*[@id=\"__link98\"]"}
COMMAND: POST /session/8b9d24fb39cbfc9e79ab89721a1c9e7d/element/f.7652131D378371FA98FE7F43E0E28151.d.0E4188A470A0A0D43A66AD56C16CC17D.e.22939/click - {}
RESULT: {}
COMMAND: GET /session/8b9d24fb39cbfc9e79ab89721a1c9e7d/screenshot - {}
COMMAND: POST /session/8b9d24fb39cbfc9e79ab89721a1c9e7d/execute/async - {"script":"<script> [1562 bytes]","args":[{"selector":{"controlType":"sap.m.Button","viewName":"etm.portal.ui.warehousemovements.view.DisplayMovement","viewId":"application-warehousemovements-display-component---displayMovement","i18NText":{"propertyName":"text","key":"execution"},"interaction":{"idSuffix":"BDI-content"}},"wdio_ui5_key":"etmportal.ui.warehousemovements.view.DisplayMovementsap.m.Button{\"propertyName\":\"text\",\"key\":\"execution\"}"}]}
RESULT: {}
RESULT: {"script":"<script> [1562 bytes]","args":[{"selector":{"controlType":"sap.m.Button","viewName":"etm.portal.ui.warehousemovements.view.DisplayMovement","viewId":"application-warehousemovements-display-component---displayMovement","i18NText":{"propertyName":"text","key":"execution"},"interaction":{"idSuffix":"BDI-content"}},"wdio_ui5_key":"etmportal.ui.warehousemovements.view.DisplayMovementsap.m.Button{\"propertyName\":\"text\",\"key\":\"execution\"}"}]}
RESULT: undefined
COMMAND: POST /session/8b9d24fb39cbfc9e79ab89721a1c9e7d/element - {"using":"xpath","value":"//*[@id=\"__button247\"]"}
RESULT: {"using":"xpath","value":"//*[@id=\"__button247\"]"}
COMMAND: POST /session/8b9d24fb39cbfc9e79ab89721a1c9e7d/element/f.7652131D378371FA98FE7F43E0E28151.d.0E4188A470A0A0D43A66AD56C16CC17D.e.23053/click - {}
RESULT: {}
COMMAND: GET /session/8b9d24fb39cbfc9e79ab89721a1c9e7d/screenshot - {}
RESULT: {}
COMMAND: POST /session/8b9d24fb39cbfc9e79ab89721a1c9e7d/execute/async - {"script":"<script> [1562 bytes]","args":[{"selector":{"controlType":"sap.m.Button","viewName":"etm.portal.ui.warehousemovements.view.ExecuteMovement","viewId":"application-warehousemovements-display-component---executeMovement","properties":{"text":"Items"},"interaction":{"idSuffix":"BDI-content"}},"wdio_ui5_key":"etmportal.ui.warehousemovements.view.ExecuteMovementsap.m.Button{\"text\":\"Items\"}"}]}
RESULT: {"script":"<script> [1562 bytes]","args":[{"selector":{"controlType":"sap.m.Button","viewName":"etm.portal.ui.warehousemovements.view.ExecuteMovement","viewId":"application-warehousemovements-display-component---executeMovement","properties":{"text":"Items"},"interaction":{"idSuffix":"BDI-content"}},"wdio_ui5_key":"etmportal.ui.warehousemovements.view.ExecuteMovementsap.m.Button{\"text\":\"Items\"}"}]}
RESULT: undefined
COMMAND: POST /session/8b9d24fb39cbfc9e79ab89721a1c9e7d/element - {"using":"xpath","value":"//*[@id=\"__layout381-anchBar-application-warehousemovements-display-component---executeMovement--itemsSection-anchor\"]"}
RESULT: {"using":"xpath","value":"//*[@id=\"__layout381-anchBar-application-warehousemovements-display-component---executeMovement--itemsSection-anchor\"]"}
COMMAND: POST /session/8b9d24fb39cbfc9e79ab89721a1c9e7d/element/f.7652131D378371FA98FE7F43E0E28151.d.0E4188A470A0A0D43A66AD56C16CC17D.e.23157/click - {}
RESULT: {}
COMMAND: GET /session/8b9d24fb39cbfc9e79ab89721a1c9e7d/screenshot - {}
RESULT: {}
COMMAND: POST /session/8b9d24fb39cbfc9e79ab89721a1c9e7d/execute/async - {"script":"<script> [1562 bytes]","args":[{"selector":{"controlType":"sap.m.ToggleButton","viewName":"etm.portal.ui.warehousemovements.view.ExecuteMovement","viewId":"application-warehousemovements-display-component---executeMovement","bindingPath":{"propertyPath":"STATUS","modelName":"catalogModel"},"interaction":{"idSuffix":"BDI-content"}},"wdio_ui5_key":"etmportal.ui.warehousemovements.view.ExecuteMovementsap.m.ToggleButton{\"propertyPath\":\"STATUS\",\"modelName\":\"catalogModel\"}"}]}
RESULT: {"script":"<script> [1562 bytes]","args":[{"selector":{"controlType":"sap.m.ToggleButton","viewName":"etm.portal.ui.warehousemovements.view.ExecuteMovement","viewId":"application-warehousemovements-display-component---executeMovement","bindingPath":{"propertyPath":"STATUS","modelName":"catalogModel"},"interaction":{"idSuffix":"BDI-content"}},"wdio_ui5_key":"etmportal.ui.warehousemovements.view.ExecuteMovementsap.m.ToggleButton{\"propertyPath\":\"STATUS\",\"modelName\":\"catalogModel\"}"}]}
RESULT: undefined
COMMAND: POST /session/8b9d24fb39cbfc9e79ab89721a1c9e7d/element - {"using":"xpath","value":"//*[@id=\"__button272-__clone2260\"]"}
RESULT: {"using":"xpath","value":"//*[@id=\"__button272-__clone2260\"]"}
COMMAND: POST /session/8b9d24fb39cbfc9e79ab89721a1c9e7d/element/f.7652131D378371FA98FE7F43E0E28151.d.0E4188A470A0A0D43A66AD56C16CC17D.e.23134/click - {}
RESULT: {}
RESULT: undefined
COMMAND: POST /session/8b9d24fb39cbfc9e79ab89721a1c9e7d/element - {"using":"xpath","value":"//*[@id=\"__button272-__clone2260\"]"}
COMMAND: GET /session/8b9d24fb39cbfc9e79ab89721a1c9e7d/screenshot - {}
RESULT: {"using":"xpath","value":"//*[@id=\"__button272-__clone2260\"]"}
COMMAND: POST /session/8b9d24fb39cbfc9e79ab89721a1c9e7d/element/f.7652131D378371FA98FE7F43E0E28151.d.0E4188A470A0A0D43A66AD56C16CC17D.e.23134/click - {}
RESULT: {}
RESULT: {}
COMMAND: GET /session/8b9d24fb39cbfc9e79ab89721a1c9e7d/screenshot - {}
RESULT: {}
COMMAND: POST /session/8b9d24fb39cbfc9e79ab89721a1c9e7d/element - {"using":"xpath","value":"//section[contains(@id,\"FC-NoHead\")]/div[1]/div[5]/div[2]/span"}
RESULT: {"using":"xpath","value":"//section[contains(@id,\"FC-NoHead\")]/div[1]/div[5]/div[2]/span"}
COMMAND: POST /session/8b9d24fb39cbfc9e79ab89721a1c9e7d/elements - {"using":"xpath","value":"//section[contains(@id,\"FC-NoHead\")]/div[1]/div[5]/div[2]/span"}
RESULT: {"using":"xpath","value":"//section[contains(@id,\"FC-NoHead\")]/div[1]/div[5]/div[2]/span"}
COMMAND: POST /session/8b9d24fb39cbfc9e79ab89721a1c9e7d/execute/sync - {"script":"<script> [56 bytes]","args":[{"element-6066-11e4-a52e-4f735466cecf":"f.7652131D378371FA98FE7F43E0E28151.d.0E4188A470A0A0D43A66AD56C16CC17D.e.23163","ELEMENT":"f.7652131D378371FA98FE7F43E0E28151.d.0E4188A470A0A0D43A66AD56C16CC17D.e.23163"}]}
RESULT: {"script":"<script> [56 bytes]","args":[{"element-6066-11e4-a52e-4f735466cecf":"f.7652131D378371FA98FE7F43E0E28151.d.0E4188A470A0A0D43A66AD56C16CC17D.e.23163","ELEMENT":"f.7652131D378371FA98FE7F43E0E28151.d.0E4188A470A0A0D43A66AD56C16CC17D.e.23163"}]}
COMMAND: POST /session/8b9d24fb39cbfc9e79ab89721a1c9e7d/actions - {"actions":[{"id":"action67","type":"key","parameters":{},"actions":[{"type":"keyDown","value":""},{"type":"pause","duration":10},{"type":"keyUp","value":""}]}]}
COMMAND: GET /session/8b9d24fb39cbfc9e79ab89721a1c9e7d/screenshot - {}
RESULT: {"actions":[{"id":"action67","type":"key","parameters":{},"actions":[{"type":"keyDown","value":""},{"type":"pause","duration":10},{"type":"keyUp","value":""}]}]}
COMMAND: POST /session/8b9d24fb39cbfc9e79ab89721a1c9e7d/execute/async - {"script":"<script> [1562 bytes]","args":[{"selector":{"id":"application-warehousemovements-display-component---executeMovement--executeId","interaction":{"idSuffix":"BDI-content"}},"wdio_ui5_key":"applicationwarehousemovements-display-component---executeMovement--executeId"}]}
COMMAND: GET /session/8b9d24fb39cbfc9e79ab89721a1c9e7d/screenshot - {}
RESULT: {}
RESULT: {"script":"<script> [1562 bytes]","args":[{"selector":{"id":"application-warehousemovements-display-component---executeMovement--executeId","interaction":{"idSuffix":"BDI-content"}},"wdio_ui5_key":"applicationwarehousemovements-display-component---executeMovement--executeId"}]}
RESULT: undefined
COMMAND: POST /session/8b9d24fb39cbfc9e79ab89721a1c9e7d/element - {"using":"xpath","value":"//*[@id=\"application-warehousemovements-display-component---executeMovement--executeId\"]"}
RESULT: {}
RESULT: {"using":"xpath","value":"//*[@id=\"application-warehousemovements-display-component---executeMovement--executeId\"]"}
COMMAND: POST /session/8b9d24fb39cbfc9e79ab89721a1c9e7d/element/f.7652131D378371FA98FE7F43E0E28151.d.0E4188A470A0A0D43A66AD56C16CC17D.e.23128/click - {}
RESULT: {}
COMMAND: GET /session/8b9d24fb39cbfc9e79ab89721a1c9e7d/screenshot - {}
RESULT: {}
COMMAND: POST /session/8b9d24fb39cbfc9e79ab89721a1c9e7d/element - {"using":"css selector","value":"#shell-header-logo"}
RESULT: {"using":"css selector","value":"#shell-header-logo"}
COMMAND: POST /session/8b9d24fb39cbfc9e79ab89721a1c9e7d/element/f.7652131D378371FA98FE7F43E0E28151.d.0E4188A470A0A0D43A66AD56C16CC17D.e.21979/click - {}
RESULT: {}
COMMAND: GET /session/8b9d24fb39cbfc9e79ab89721a1c9e7d/screenshot - {}
RESULT: {}
RESULT: undefined
COMMAND: POST /session/8b9d24fb39cbfc9e79ab89721a1c9e7d/element - {"using":"xpath","value":"//*[@id=\"__tile135\"]"}
RESULT: {"using":"xpath","value":"//*[@id=\"__tile135\"]"}
COMMAND: POST /session/8b9d24fb39cbfc9e79ab89721a1c9e7d/element/f.7652131D378371FA98FE7F43E0E28151.d.0E4188A470A0A0D43A66AD56C16CC17D.e.20550/click - {}
RESULT: {}
COMMAND: GET /session/8b9d24fb39cbfc9e79ab89721a1c9e7d/screenshot - {}
RESULT: {}
COMMAND: POST /session/8b9d24fb39cbfc9e79ab89721a1c9e7d/elements - {"using":"xpath","value":"//span[text()='Error']"}
RESULT: {"using":"xpath","value":"//span[text()='Error']"}
COMMAND: POST /session/8b9d24fb39cbfc9e79ab89721a1c9e7d/execute/async - {"script":"<script> [1562 bytes]","args":[{"selector":{"controlType":"sap.m.SearchField","viewName":"etm.portal.ui.managehandovers.view.MasterHO","bindingPath":{"propertyPath":"/_BASIC_SEARCH_FIELD","modelName":"fi1t3rM0d31"},"interaction":{"idSuffix":"I"}},"wdio_ui5_key":"etmportal.ui.managehandovers.view.MasterHOsap.m.SearchField{\"propertyPath\":\"/_BASIC_SEARCH_FIELD\",\"modelName\":\"fi1t3rM0d31\"}"}]}
RESULT: {"script":"<script> [1562 bytes]","args":[{"selector":{"controlType":"sap.m.SearchField","viewName":"etm.portal.ui.managehandovers.view.MasterHO","bindingPath":{"propertyPath":"/_BASIC_SEARCH_FIELD","modelName":"fi1t3rM0d31"},"interaction":{"idSuffix":"I"}},"wdio_ui5_key":"etmportal.ui.managehandovers.view.MasterHOsap.m.SearchField{\"propertyPath\":\"/_BASIC_SEARCH_FIELD\",\"modelName\":\"fi1t3rM0d31\"}"}]}
RESULT: undefined
COMMAND: POST /session/8b9d24fb39cbfc9e79ab89721a1c9e7d/execute/async - {"script":"<script> [776 bytes]","args":[{"enterText":"30382","selector":{"controlType":"sap.m.SearchField","viewName":"etm.portal.ui.managehandovers.view.MasterHO","bindingPath":{"propertyPath":"/_BASIC_SEARCH_FIELD","modelName":"fi1t3rM0d31"},"interaction":{"idSuffix":"I"}},"clearTextFirst":true,"interactionType":"ENTER_TEXT"}]}
RESULT: {"script":"<script> [776 bytes]","args":[{"enterText":"30382","selector":{"controlType":"sap.m.SearchField","viewName":"etm.portal.ui.managehandovers.view.MasterHO","bindingPath":{"propertyPath":"/_BASIC_SEARCH_FIELD","modelName":"fi1t3rM0d31"},"interaction":{"idSuffix":"I"}},"clearTextFirst":true,"interactionType":"ENTER_TEXT"}]}
COMMAND: POST /session/8b9d24fb39cbfc9e79ab89721a1c9e7d/actions - {"actions":[{"id":"action68","type":"key","parameters":{},"actions":[{"type":"keyDown","value":""},{"type":"pause","duration":10},{"type":"keyUp","value":""}]}]}
RESULT: {"actions":[{"id":"action68","type":"key","parameters":{},"actions":[{"type":"keyDown","value":""},{"type":"pause","duration":10},{"type":"keyUp","value":""}]}]}
COMMAND: GET /session/8b9d24fb39cbfc9e79ab89721a1c9e7d/screenshot - {}
RESULT: {}
COMMAND: POST /session/8b9d24fb39cbfc9e79ab89721a1c9e7d/execute/async - {"script":"<script> [1562 bytes]","args":[{"selector":{"controlType":"sap.ui.core.Icon","viewName":"etm.portal.ui.managehandovers.view.MasterHO","properties":{"src":{"regex":{"source":"slim\\-arrow\\-right"}}}},"wdio_ui5_key":"etmportal.ui.managehandovers.view.MasterHOsap.ui.core.Icon{\"src\":{\"regex\":{\"source\":\"slim\\\\-arrow\\\\-right\"}}}"}]}
RESULT: {"script":"<script> [1562 bytes]","args":[{"selector":{"controlType":"sap.ui.core.Icon","viewName":"etm.portal.ui.managehandovers.view.MasterHO","properties":{"src":{"regex":{"source":"slim\\-arrow\\-right"}}}},"wdio_ui5_key":"etmportal.ui.managehandovers.view.MasterHOsap.ui.core.Icon{\"src\":{\"regex\":{\"source\":\"slim\\\\-arrow\\\\-right\"}}}"}]}
RESULT: undefined
COMMAND: POST /session/8b9d24fb39cbfc9e79ab89721a1c9e7d/element - {"using":"xpath","value":"//*[@id=\"__item1163-__clone2339-imgNav\"]"}
RESULT: {"using":"xpath","value":"//*[@id=\"__item1163-__clone2339-imgNav\"]"}
COMMAND: POST /session/8b9d24fb39cbfc9e79ab89721a1c9e7d/element/f.7652131D378371FA98FE7F43E0E28151.d.0E4188A470A0A0D43A66AD56C16CC17D.e.23342/click - {}
RESULT: {}
COMMAND: GET /session/8b9d24fb39cbfc9e79ab89721a1c9e7d/screenshot - {}
RESULT: {}
COMMAND: POST /session/8b9d24fb39cbfc9e79ab89721a1c9e7d/element - {"using":"xpath","value":"//button[@data-kt=\"IssuingTableConfirmAllButton\"]"}
RESULT: {"using":"xpath","value":"//button[@data-kt=\"IssuingTableConfirmAllButton\"]"}
COMMAND: POST /session/8b9d24fb39cbfc9e79ab89721a1c9e7d/element/f.7652131D378371FA98FE7F43E0E28151.d.0E4188A470A0A0D43A66AD56C16CC17D.e.23435/click - {}
RESULT: {}
COMMAND: GET /session/8b9d24fb39cbfc9e79ab89721a1c9e7d/screenshot - {}
RESULT: {}
COMMAND: POST /session/8b9d24fb39cbfc9e79ab89721a1c9e7d/element - {"using":"xpath","value":"//bdi[contains(text(), \"OK\")]"}
RESULT: {"using":"xpath","value":"//bdi[contains(text(), \"OK\")]"}
COMMAND: POST /session/8b9d24fb39cbfc9e79ab89721a1c9e7d/element/f.7652131D378371FA98FE7F43E0E28151.d.0E4188A470A0A0D43A66AD56C16CC17D.e.23442/click - {}
RESULT: {}
COMMAND: GET /session/8b9d24fb39cbfc9e79ab89721a1c9e7d/screenshot - {}
RESULT: {}
COMMAND: POST /session/8b9d24fb39cbfc9e79ab89721a1c9e7d/element - {"using":"xpath","value":"//button[@data-kt=\"execHoIssueButton\"]"}
RESULT: {"using":"xpath","value":"//button[@data-kt=\"execHoIssueButton\"]"}
COMMAND: POST /session/8b9d24fb39cbfc9e79ab89721a1c9e7d/element/f.7652131D378371FA98FE7F43E0E28151.d.0E4188A470A0A0D43A66AD56C16CC17D.e.23444/click - {}
RESULT: {}
COMMAND: GET /session/8b9d24fb39cbfc9e79ab89721a1c9e7d/screenshot - {}
RESULT: {}
RESULT: undefined
COMMAND: POST /session/8b9d24fb39cbfc9e79ab89721a1c9e7d/execute/async - {"script":"<script> [776 bytes]","args":[{"enterText":"30382","selector":{"controlType":"sap.m.SearchField","viewName":"etm.portal.ui.managehandovers.view.MasterHO","bindingPath":{"propertyPath":"/_BASIC_SEARCH_FIELD","modelName":"fi1t3rM0d31"},"interaction":{"idSuffix":"I"}},"clearTextFirst":true,"interactionType":"ENTER_TEXT"}]}
RESULT: {"script":"<script> [776 bytes]","args":[{"enterText":"30382","selector":{"controlType":"sap.m.SearchField","viewName":"etm.portal.ui.managehandovers.view.MasterHO","bindingPath":{"propertyPath":"/_BASIC_SEARCH_FIELD","modelName":"fi1t3rM0d31"},"interaction":{"idSuffix":"I"}},"clearTextFirst":true,"interactionType":"ENTER_TEXT"}]}
COMMAND: POST /session/8b9d24fb39cbfc9e79ab89721a1c9e7d/actions - {"actions":[{"id":"action69","type":"key","parameters":{},"actions":[{"type":"keyDown","value":""},{"type":"pause","duration":10},{"type":"keyUp","value":""}]}]}
RESULT: {"actions":[{"id":"action69","type":"key","parameters":{},"actions":[{"type":"keyDown","value":""},{"type":"pause","duration":10},{"type":"keyUp","value":""}]}]}
COMMAND: GET /session/8b9d24fb39cbfc9e79ab89721a1c9e7d/screenshot - {}
RESULT: {}
COMMAND: POST /session/8b9d24fb39cbfc9e79ab89721a1c9e7d/element - {"using":"xpath","value":"//span[(text() = '30382' or . = '30382')]"}
RESULT: {"using":"xpath","value":"//span[(text() = '30382' or . = '30382')]"}
COMMAND: POST /session/8b9d24fb39cbfc9e79ab89721a1c9e7d/element/f.7652131D378371FA98FE7F43E0E28151.d.0E4188A470A0A0D43A66AD56C16CC17D.e.23489/click - {}
RESULT: {}
COMMAND: GET /session/8b9d24fb39cbfc9e79ab89721a1c9e7d/screenshot - {}
RESULT: {}
COMMAND: POST /session/8b9d24fb39cbfc9e79ab89721a1c9e7d/element - {"using":"xpath","value":"//span[contains(text(), \"Instructions\")]"}
RESULT: {"using":"xpath","value":"//span[contains(text(), \"Instructions\")]"}
COMMAND: POST /session/8b9d24fb39cbfc9e79ab89721a1c9e7d/element/f.7652131D378371FA98FE7F43E0E28151.d.0E4188A470A0A0D43A66AD56C16CC17D.e.23534/click - {}
RESULT: {}
COMMAND: GET /session/8b9d24fb39cbfc9e79ab89721a1c9e7d/screenshot - {}
RESULT: {}
COMMAND: POST /session/8b9d24fb39cbfc9e79ab89721a1c9e7d/element - {"using":"xpath","value":"//span[contains(text(), \"Instructions\")]"}
RESULT: {"using":"xpath","value":"//span[contains(text(), \"Instructions\")]"}
COMMAND: POST /session/8b9d24fb39cbfc9e79ab89721a1c9e7d/element/f.7652131D378371FA98FE7F43E0E28151.d.0E4188A470A0A0D43A66AD56C16CC17D.e.23534/click - {}
RESULT: {}
COMMAND: GET /session/8b9d24fb39cbfc9e79ab89721a1c9e7d/screenshot - {}
RESULT: {}
COMMAND: POST /session/8b9d24fb39cbfc9e79ab89721a1c9e7d/execute/async - {"script":"<script> [1562 bytes]","args":[{"selector":{"controlType":"sap.m.ComboBox","viewName":"etm.portal.ui.managehandovers.view.DetailExecuteHO","bindingPath":{"propertyPath":"RECEIVING_SECTION","modelName":"catalogModel"},"interaction":{"idSuffix":"inner"}},"wdio_ui5_key":"etmportal.ui.managehandovers.view.DetailExecuteHOsap.m.ComboBox{\"propertyPath\":\"RECEIVING_SECTION\",\"modelName\":\"catalogModel\"}"}]}
RESULT: {"script":"<script> [1562 bytes]","args":[{"selector":{"controlType":"sap.m.ComboBox","viewName":"etm.portal.ui.managehandovers.view.DetailExecuteHO","bindingPath":{"propertyPath":"RECEIVING_SECTION","modelName":"catalogModel"},"interaction":{"idSuffix":"inner"}},"wdio_ui5_key":"etmportal.ui.managehandovers.view.DetailExecuteHOsap.m.ComboBox{\"propertyPath\":\"RECEIVING_SECTION\",\"modelName\":\"catalogModel\"}"}]}
RESULT: undefined
COMMAND: POST /session/8b9d24fb39cbfc9e79ab89721a1c9e7d/execute/async - {"script":"<script> [776 bytes]","args":[{"enterText":"WDIO-2085","selector":{"controlType":"sap.m.ComboBox","viewName":"etm.portal.ui.managehandovers.view.DetailExecuteHO","bindingPath":{"propertyPath":"RECEIVING_SECTION","modelName":"catalogModel"},"interaction":{"idSuffix":"inner"}},"clearTextFirst":true,"interactionType":"ENTER_TEXT"}]}
RESULT: {"script":"<script> [776 bytes]","args":[{"enterText":"WDIO-2085","selector":{"controlType":"sap.m.ComboBox","viewName":"etm.portal.ui.managehandovers.view.DetailExecuteHO","bindingPath":{"propertyPath":"RECEIVING_SECTION","modelName":"catalogModel"},"interaction":{"idSuffix":"inner"}},"clearTextFirst":true,"interactionType":"ENTER_TEXT"}]}
COMMAND: POST /session/8b9d24fb39cbfc9e79ab89721a1c9e7d/actions - {"actions":[{"id":"action70","type":"key","parameters":{},"actions":[{"type":"keyDown","value":""},{"type":"pause","duration":10},{"type":"keyUp","value":""}]}]}
RESULT: {"actions":[{"id":"action70","type":"key","parameters":{},"actions":[{"type":"keyDown","value":""},{"type":"pause","duration":10},{"type":"keyUp","value":""}]}]}
COMMAND: GET /session/8b9d24fb39cbfc9e79ab89721a1c9e7d/screenshot - {}
RESULT: {}
COMMAND: POST /session/8b9d24fb39cbfc9e79ab89721a1c9e7d/element - {"using":"xpath","value":"//button[@data-kt= \"execHoReceiveButton\"]"}
RESULT: {"using":"xpath","value":"//button[@data-kt= \"execHoReceiveButton\"]"}
COMMAND: POST /session/8b9d24fb39cbfc9e79ab89721a1c9e7d/element/f.7652131D378371FA98FE7F43E0E28151.d.0E4188A470A0A0D43A66AD56C16CC17D.e.23541/click - {}
RESULT: {}
COMMAND: GET /session/8b9d24fb39cbfc9e79ab89721a1c9e7d/screenshot - {}
RESULT: {}
COMMAND: POST /session/8b9d24fb39cbfc9e79ab89721a1c9e7d/execute/async - {"script":"<script> [1562 bytes]","args":[{"selector":{"controlType":"sap.m.Button","properties":{"text":"Continue"},"searchOpenDialogs":true,"interaction":{"idSuffix":"content"}},"wdio_ui5_key":"sapm.Button{\"text\":\"Continue\"}"}]}
RESULT: {"script":"<script> [1562 bytes]","args":[{"selector":{"controlType":"sap.m.Button","properties":{"text":"Continue"},"searchOpenDialogs":true,"interaction":{"idSuffix":"content"}},"wdio_ui5_key":"sapm.Button{\"text\":\"Continue\"}"}]}
RESULT: undefined
COMMAND: POST /session/8b9d24fb39cbfc9e79ab89721a1c9e7d/element - {"using":"xpath","value":"//*[@id=\"__mbox-btn-6\"]"}
RESULT: {"using":"xpath","value":"//*[@id=\"__mbox-btn-6\"]"}
COMMAND: POST /session/8b9d24fb39cbfc9e79ab89721a1c9e7d/element/f.7652131D378371FA98FE7F43E0E28151.d.0E4188A470A0A0D43A66AD56C16CC17D.e.23542/click - {}
RESULT: {}
COMMAND: GET /session/8b9d24fb39cbfc9e79ab89721a1c9e7d/screenshot - {}
RESULT: {}
COMMAND: POST /session/8b9d24fb39cbfc9e79ab89721a1c9e7d/element - {"using":"css selector","value":"#shell-header-logo"}
RESULT: {"using":"css selector","value":"#shell-header-logo"}
COMMAND: POST /session/8b9d24fb39cbfc9e79ab89721a1c9e7d/element/f.7652131D378371FA98FE7F43E0E28151.d.0E4188A470A0A0D43A66AD56C16CC17D.e.23229/click - {}
RESULT: {}
COMMAND: GET /session/8b9d24fb39cbfc9e79ab89721a1c9e7d/screenshot - {}
RESULT: {}
]]></system-out>
    </testcase>
    <testcase classname="chrome.137_0_7151_69.windows.Return_from_Site_w/_warehouse_management_w_clarification" name="Should test for Clarification" time="74.353">
      <system-out><![CDATA[
RESULT: undefined
COMMAND: POST /session/8b9d24fb39cbfc9e79ab89721a1c9e7d/element - {"using":"xpath","value":"//*[@id=\"__tile135\"]"}
RESULT: {"using":"xpath","value":"//*[@id=\"__tile135\"]"}
COMMAND: POST /session/8b9d24fb39cbfc9e79ab89721a1c9e7d/element/f.7652131D378371FA98FE7F43E0E28151.d.0E4188A470A0A0D43A66AD56C16CC17D.e.20550/click - {}
RESULT: {}
COMMAND: GET /session/8b9d24fb39cbfc9e79ab89721a1c9e7d/screenshot - {}
RESULT: {}
COMMAND: POST /session/8b9d24fb39cbfc9e79ab89721a1c9e7d/elements - {"using":"xpath","value":"//span[text()='Error']"}
RESULT: {"using":"xpath","value":"//span[text()='Error']"}
RESULT: undefined
COMMAND: POST /session/8b9d24fb39cbfc9e79ab89721a1c9e7d/execute/async - {"script":"<script> [776 bytes]","args":[{"enterText":"30382","selector":{"controlType":"sap.m.SearchField","viewName":"etm.portal.ui.managehandovers.view.MasterHO","bindingPath":{"propertyPath":"/_BASIC_SEARCH_FIELD","modelName":"fi1t3rM0d31"},"interaction":{"idSuffix":"I"}},"clearTextFirst":true,"interactionType":"ENTER_TEXT"}]}
RESULT: {"script":"<script> [776 bytes]","args":[{"enterText":"30382","selector":{"controlType":"sap.m.SearchField","viewName":"etm.portal.ui.managehandovers.view.MasterHO","bindingPath":{"propertyPath":"/_BASIC_SEARCH_FIELD","modelName":"fi1t3rM0d31"},"interaction":{"idSuffix":"I"}},"clearTextFirst":true,"interactionType":"ENTER_TEXT"}]}
COMMAND: POST /session/8b9d24fb39cbfc9e79ab89721a1c9e7d/actions - {"actions":[{"id":"action71","type":"key","parameters":{},"actions":[{"type":"keyDown","value":""},{"type":"pause","duration":10},{"type":"keyUp","value":""}]}]}
RESULT: {"actions":[{"id":"action71","type":"key","parameters":{},"actions":[{"type":"keyDown","value":""},{"type":"pause","duration":10},{"type":"keyUp","value":""}]}]}
COMMAND: GET /session/8b9d24fb39cbfc9e79ab89721a1c9e7d/screenshot - {}
RESULT: {}
COMMAND: POST /session/8b9d24fb39cbfc9e79ab89721a1c9e7d/element - {"using":"xpath","value":"//span[(text() = '30382' or . = '30382')]"}
RESULT: {"using":"xpath","value":"//span[(text() = '30382' or . = '30382')]"}
COMMAND: POST /session/8b9d24fb39cbfc9e79ab89721a1c9e7d/element/f.7652131D378371FA98FE7F43E0E28151.d.0E4188A470A0A0D43A66AD56C16CC17D.e.23832/click - {}
RESULT: {}
COMMAND: GET /session/8b9d24fb39cbfc9e79ab89721a1c9e7d/screenshot - {}
RESULT: {}
COMMAND: POST /session/8b9d24fb39cbfc9e79ab89721a1c9e7d/element - {"using":"xpath","value":"//span[contains(text(), \"Instructions\")]"}
RESULT: {"using":"xpath","value":"//span[contains(text(), \"Instructions\")]"}
COMMAND: POST /session/8b9d24fb39cbfc9e79ab89721a1c9e7d/element/f.7652131D378371FA98FE7F43E0E28151.d.0E4188A470A0A0D43A66AD56C16CC17D.e.23925/click - {}
RESULT: {}
COMMAND: GET /session/8b9d24fb39cbfc9e79ab89721a1c9e7d/screenshot - {}
RESULT: {}
COMMAND: POST /session/8b9d24fb39cbfc9e79ab89721a1c9e7d/element - {"using":"xpath","value":"//span[contains(text(), \"Instructions\")]"}
RESULT: {"using":"xpath","value":"//span[contains(text(), \"Instructions\")]"}
COMMAND: POST /session/8b9d24fb39cbfc9e79ab89721a1c9e7d/element/f.7652131D378371FA98FE7F43E0E28151.d.0E4188A470A0A0D43A66AD56C16CC17D.e.23925/click - {}
RESULT: {}
COMMAND: GET /session/8b9d24fb39cbfc9e79ab89721a1c9e7d/screenshot - {}
RESULT: {}
COMMAND: POST /session/8b9d24fb39cbfc9e79ab89721a1c9e7d/element - {"using":"xpath","value":"//button[.//bdi[text() = \"Receive\"]]"}
RESULT: {"using":"xpath","value":"//button[.//bdi[text() = \"Receive\"]]"}
COMMAND: POST /session/8b9d24fb39cbfc9e79ab89721a1c9e7d/element/f.7652131D378371FA98FE7F43E0E28151.d.0E4188A470A0A0D43A66AD56C16CC17D.e.23931/click - {}
RESULT: {}
COMMAND: GET /session/8b9d24fb39cbfc9e79ab89721a1c9e7d/screenshot - {}
RESULT: {}
COMMAND: POST /session/8b9d24fb39cbfc9e79ab89721a1c9e7d/element - {"using":"xpath","value":"//button[@data-kt= \"execHoReceiveRefuseButton\"]"}
RESULT: {"using":"xpath","value":"//button[@data-kt= \"execHoReceiveRefuseButton\"]"}
COMMAND: POST /session/8b9d24fb39cbfc9e79ab89721a1c9e7d/element/f.7652131D378371FA98FE7F43E0E28151.d.0E4188A470A0A0D43A66AD56C16CC17D.e.23934/click - {}
RESULT: {}
COMMAND: GET /session/8b9d24fb39cbfc9e79ab89721a1c9e7d/screenshot - {}
RESULT: {}
COMMAND: POST /session/8b9d24fb39cbfc9e79ab89721a1c9e7d/element - {"using":"css selector","value":"#shell-header-logo"}
RESULT: {"using":"css selector","value":"#shell-header-logo"}
COMMAND: POST /session/8b9d24fb39cbfc9e79ab89721a1c9e7d/element/f.7652131D378371FA98FE7F43E0E28151.d.0E4188A470A0A0D43A66AD56C16CC17D.e.23584/click - {}
RESULT: {}
COMMAND: GET /session/8b9d24fb39cbfc9e79ab89721a1c9e7d/screenshot - {}
RESULT: {}
]]></system-out>
    </testcase>
    <testcase classname="chrome.137_0_7151_69.windows.Return_from_Site_w/_warehouse_management_w_clarification" name="Should do a return to site from the contracts screen in one step" time="227.437">
      <system-out><![CDATA[
RESULT: undefined
COMMAND: POST /session/8b9d24fb39cbfc9e79ab89721a1c9e7d/element - {"using":"xpath","value":"//*[@id=\"__tile132\"]"}
RESULT: {"using":"xpath","value":"//*[@id=\"__tile132\"]"}
COMMAND: POST /session/8b9d24fb39cbfc9e79ab89721a1c9e7d/element/f.7652131D378371FA98FE7F43E0E28151.d.0E4188A470A0A0D43A66AD56C16CC17D.e.20478/click - {}
RESULT: {}
COMMAND: GET /session/8b9d24fb39cbfc9e79ab89721a1c9e7d/screenshot - {}
RESULT: {}
COMMAND: POST /session/8b9d24fb39cbfc9e79ab89721a1c9e7d/elements - {"using":"xpath","value":"//span[text()='Error']"}
RESULT: {"using":"xpath","value":"//span[text()='Error']"}
COMMAND: POST /session/8b9d24fb39cbfc9e79ab89721a1c9e7d/element - {"using":"xpath","value":"//button[@data-kt=\"addButton\"]"}
RESULT: {"using":"xpath","value":"//button[@data-kt=\"addButton\"]"}
COMMAND: POST /session/8b9d24fb39cbfc9e79ab89721a1c9e7d/elements - {"using":"xpath","value":"//button[@data-kt=\"addButton\"]"}
RESULT: {"using":"xpath","value":"//button[@data-kt=\"addButton\"]"}
COMMAND: POST /session/8b9d24fb39cbfc9e79ab89721a1c9e7d/execute/sync - {"script":"<script> [8489 bytes]","args":[{"element-6066-11e4-a52e-4f735466cecf":"f.7652131D378371FA98FE7F43E0E28151.d.0E4188A470A0A0D43A66AD56C16CC17D.e.24024","ELEMENT":"f.7652131D378371FA98FE7F43E0E28151.d.0E4188A470A0A0D43A66AD56C16CC17D.e.24024"}]}
RESULT: {"script":"<script> [8489 bytes]","args":[{"element-6066-11e4-a52e-4f735466cecf":"f.7652131D378371FA98FE7F43E0E28151.d.0E4188A470A0A0D43A66AD56C16CC17D.e.24024","ELEMENT":"f.7652131D378371FA98FE7F43E0E28151.d.0E4188A470A0A0D43A66AD56C16CC17D.e.24024"}]}
COMMAND: GET /session/8b9d24fb39cbfc9e79ab89721a1c9e7d/element/f.7652131D378371FA98FE7F43E0E28151.d.0E4188A470A0A0D43A66AD56C16CC17D.e.24024/enabled - {}
COMMAND: GET /session/8b9d24fb39cbfc9e79ab89721a1c9e7d/screenshot - {}
RESULT: {}
COMMAND: POST /session/8b9d24fb39cbfc9e79ab89721a1c9e7d/execute/sync - {"script":"<script> [8489 bytes]","args":[{"element-6066-11e4-a52e-4f735466cecf":"f.7652131D378371FA98FE7F43E0E28151.d.0E4188A470A0A0D43A66AD56C16CC17D.e.24024","ELEMENT":"f.7652131D378371FA98FE7F43E0E28151.d.0E4188A470A0A0D43A66AD56C16CC17D.e.24024"}]}
COMMAND: GET /session/8b9d24fb39cbfc9e79ab89721a1c9e7d/screenshot - {}
RESULT: {}
RESULT: {"script":"<script> [8489 bytes]","args":[{"element-6066-11e4-a52e-4f735466cecf":"f.7652131D378371FA98FE7F43E0E28151.d.0E4188A470A0A0D43A66AD56C16CC17D.e.24024","ELEMENT":"f.7652131D378371FA98FE7F43E0E28151.d.0E4188A470A0A0D43A66AD56C16CC17D.e.24024"}]}
COMMAND: POST /session/8b9d24fb39cbfc9e79ab89721a1c9e7d/execute/sync - {"script":"<script> [5351 bytes]","args":[{"element-6066-11e4-a52e-4f735466cecf":"f.7652131D378371FA98FE7F43E0E28151.d.0E4188A470A0A0D43A66AD56C16CC17D.e.24024","ELEMENT":"f.7652131D378371FA98FE7F43E0E28151.d.0E4188A470A0A0D43A66AD56C16CC17D.e.24024"}]}
COMMAND: GET /session/8b9d24fb39cbfc9e79ab89721a1c9e7d/screenshot - {}
RESULT: {}
RESULT: {"script":"<script> [5351 bytes]","args":[{"element-6066-11e4-a52e-4f735466cecf":"f.7652131D378371FA98FE7F43E0E28151.d.0E4188A470A0A0D43A66AD56C16CC17D.e.24024","ELEMENT":"f.7652131D378371FA98FE7F43E0E28151.d.0E4188A470A0A0D43A66AD56C16CC17D.e.24024"}]}
COMMAND: GET /session/8b9d24fb39cbfc9e79ab89721a1c9e7d/screenshot - {}
RESULT: {}
RESULT: {}
COMMAND: POST /session/8b9d24fb39cbfc9e79ab89721a1c9e7d/element - {"using":"xpath","value":"//input[contains(@id ,\"smartContractFilterBar-btnBasicSearch-I\")]"}
RESULT: {"using":"xpath","value":"//input[contains(@id ,\"smartContractFilterBar-btnBasicSearch-I\")]"}
COMMAND: POST /session/8b9d24fb39cbfc9e79ab89721a1c9e7d/elements - {"using":"xpath","value":"//input[contains(@id ,\"smartContractFilterBar-btnBasicSearch-I\")]"}
RESULT: {"using":"xpath","value":"//input[contains(@id ,\"smartContractFilterBar-btnBasicSearch-I\")]"}
COMMAND: POST /session/8b9d24fb39cbfc9e79ab89721a1c9e7d/execute/sync - {"script":"<script> [8489 bytes]","args":[{"element-6066-11e4-a52e-4f735466cecf":"f.7652131D378371FA98FE7F43E0E28151.d.0E4188A470A0A0D43A66AD56C16CC17D.e.23987","ELEMENT":"f.7652131D378371FA98FE7F43E0E28151.d.0E4188A470A0A0D43A66AD56C16CC17D.e.23987"}]}
RESULT: {"script":"<script> [8489 bytes]","args":[{"element-6066-11e4-a52e-4f735466cecf":"f.7652131D378371FA98FE7F43E0E28151.d.0E4188A470A0A0D43A66AD56C16CC17D.e.23987","ELEMENT":"f.7652131D378371FA98FE7F43E0E28151.d.0E4188A470A0A0D43A66AD56C16CC17D.e.23987"}]}
COMMAND: GET /session/8b9d24fb39cbfc9e79ab89721a1c9e7d/element/f.7652131D378371FA98FE7F43E0E28151.d.0E4188A470A0A0D43A66AD56C16CC17D.e.23987/enabled - {}
COMMAND: GET /session/8b9d24fb39cbfc9e79ab89721a1c9e7d/screenshot - {}
RESULT: {}
COMMAND: POST /session/8b9d24fb39cbfc9e79ab89721a1c9e7d/element/f.7652131D378371FA98FE7F43E0E28151.d.0E4188A470A0A0D43A66AD56C16CC17D.e.23987/clear - {}
COMMAND: GET /session/8b9d24fb39cbfc9e79ab89721a1c9e7d/screenshot - {}
RESULT: {}
RESULT: {}
COMMAND: POST /session/8b9d24fb39cbfc9e79ab89721a1c9e7d/element/f.7652131D378371FA98FE7F43E0E28151.d.0E4188A470A0A0D43A66AD56C16CC17D.e.23987/value - {"text":"10174"}
COMMAND: GET /session/8b9d24fb39cbfc9e79ab89721a1c9e7d/screenshot - {}
RESULT: {}
RESULT: {"text":"10174"}
COMMAND: GET /session/8b9d24fb39cbfc9e79ab89721a1c9e7d/screenshot - {}
RESULT: {}
RESULT: {}
COMMAND: POST /session/8b9d24fb39cbfc9e79ab89721a1c9e7d/actions - {"actions":[{"id":"action72","type":"key","parameters":{},"actions":[{"type":"keyDown","value":""},{"type":"pause","duration":10},{"type":"keyUp","value":""}]}]}
RESULT: {"actions":[{"id":"action72","type":"key","parameters":{},"actions":[{"type":"keyDown","value":""},{"type":"pause","duration":10},{"type":"keyUp","value":""}]}]}
COMMAND: GET /session/8b9d24fb39cbfc9e79ab89721a1c9e7d/screenshot - {}
RESULT: {}
COMMAND: POST /session/8b9d24fb39cbfc9e79ab89721a1c9e7d/element - {"using":"xpath","value":"//span[contains(@id, \"masterListContractsSmartTable-header-inner\")]"}
RESULT: {"using":"xpath","value":"//span[contains(@id, \"masterListContractsSmartTable-header-inner\")]"}
COMMAND: POST /session/8b9d24fb39cbfc9e79ab89721a1c9e7d/elements - {"using":"xpath","value":"//span[contains(@id, \"masterListContractsSmartTable-header-inner\")]"}
RESULT: {"using":"xpath","value":"//span[contains(@id, \"masterListContractsSmartTable-header-inner\")]"}
COMMAND: POST /session/8b9d24fb39cbfc9e79ab89721a1c9e7d/execute/sync - {"script":"<script> [56 bytes]","args":[{"element-6066-11e4-a52e-4f735466cecf":"f.7652131D378371FA98FE7F43E0E28151.d.0E4188A470A0A0D43A66AD56C16CC17D.e.24090","ELEMENT":"f.7652131D378371FA98FE7F43E0E28151.d.0E4188A470A0A0D43A66AD56C16CC17D.e.24090"}]}
RESULT: {"script":"<script> [56 bytes]","args":[{"element-6066-11e4-a52e-4f735466cecf":"f.7652131D378371FA98FE7F43E0E28151.d.0E4188A470A0A0D43A66AD56C16CC17D.e.24090","ELEMENT":"f.7652131D378371FA98FE7F43E0E28151.d.0E4188A470A0A0D43A66AD56C16CC17D.e.24090"}]}
COMMAND: POST /session/8b9d24fb39cbfc9e79ab89721a1c9e7d/element - {"using":"xpath","value":"(//span[contains(@id, \"imgNav\")])[1]"}
COMMAND: GET /session/8b9d24fb39cbfc9e79ab89721a1c9e7d/screenshot - {}
RESULT: {"using":"xpath","value":"(//span[contains(@id, \"imgNav\")])[1]"}
COMMAND: POST /session/8b9d24fb39cbfc9e79ab89721a1c9e7d/element/f.7652131D378371FA98FE7F43E0E28151.d.0E4188A470A0A0D43A66AD56C16CC17D.e.24089/click - {}
RESULT: {}
RESULT: {}
COMMAND: GET /session/8b9d24fb39cbfc9e79ab89721a1c9e7d/screenshot - {}
RESULT: {}
COMMAND: POST /session/8b9d24fb39cbfc9e79ab89721a1c9e7d/element - {"using":"xpath","value":"//button[contains(@id, \"contractDetailReturnButton\")]"}
RESULT: {"using":"xpath","value":"//button[contains(@id, \"contractDetailReturnButton\")]"}
COMMAND: POST /session/8b9d24fb39cbfc9e79ab89721a1c9e7d/element/f.7652131D378371FA98FE7F43E0E28151.d.0E4188A470A0A0D43A66AD56C16CC17D.e.24216/click - {}
RESULT: {}
COMMAND: GET /session/8b9d24fb39cbfc9e79ab89721a1c9e7d/screenshot - {}
RESULT: undefined
COMMAND: POST /session/8b9d24fb39cbfc9e79ab89721a1c9e7d/execute/async - {"script":"<script> [6424 bytes]","args":[{"element-6066-11e4-a52e-4f735466cecf":"f.7652131D378371FA98FE7F43E0E28151.d.0E4188A470A0A0D43A66AD56C16CC17D.e.21570"},"setValue",["06/13/25"]]}
RESULT: {}
COMMAND: POST /session/8b9d24fb39cbfc9e79ab89721a1c9e7d/execute/async - {"script":"<script> [1562 bytes]","args":[{"selector":{"id":"application-managehandovers-display-component---AddNewHO--dueDate","interaction":{"idSuffix":"inner"}},"wdio_ui5_key":"applicationmanagehandovers-display-component---AddNewHO--dueDate"}]}
RESULT: {"script":"<script> [1562 bytes]","args":[{"selector":{"id":"application-managehandovers-display-component---AddNewHO--dueDate","interaction":{"idSuffix":"inner"}},"wdio_ui5_key":"applicationmanagehandovers-display-component---AddNewHO--dueDate"}]}
COMMAND: POST /session/8b9d24fb39cbfc9e79ab89721a1c9e7d/execute/async - {"script":"<script> [6424 bytes]","args":[{"element-6066-11e4-a52e-4f735466cecf":"f.7652131D378371FA98FE7F43E0E28151.d.0E4188A470A0A0D43A66AD56C16CC17D.e.24279"},"setValue",["06/13/25"]]}
RESULT: {"script":"<script> [6424 bytes]","args":[{"element-6066-11e4-a52e-4f735466cecf":"f.7652131D378371FA98FE7F43E0E28151.d.0E4188A470A0A0D43A66AD56C16CC17D.e.24279"},"setValue",["06/13/25"]]}
COMMAND: POST /session/8b9d24fb39cbfc9e79ab89721a1c9e7d/element - {"using":"xpath","value":"//bdi[contains(text(), \"Instructions\")]"}
RESULT: {"using":"xpath","value":"//bdi[contains(text(), \"Instructions\")]"}
COMMAND: POST /session/8b9d24fb39cbfc9e79ab89721a1c9e7d/element/f.7652131D378371FA98FE7F43E0E28151.d.0E4188A470A0A0D43A66AD56C16CC17D.e.24400/click - {}
RESULT: {}
COMMAND: GET /session/8b9d24fb39cbfc9e79ab89721a1c9e7d/screenshot - {}
RESULT: {}
COMMAND: POST /session/8b9d24fb39cbfc9e79ab89721a1c9e7d/element - {"using":"xpath","value":"//button[@data-kt=\"AddNewHOProvideAddItemsButton\"]"}
RESULT: {"using":"xpath","value":"//button[@data-kt=\"AddNewHOProvideAddItemsButton\"]"}
COMMAND: POST /session/8b9d24fb39cbfc9e79ab89721a1c9e7d/element/f.7652131D378371FA98FE7F43E0E28151.d.0E4188A470A0A0D43A66AD56C16CC17D.e.24404/click - {}
RESULT: {}
COMMAND: GET /session/8b9d24fb39cbfc9e79ab89721a1c9e7d/screenshot - {}
RESULT: {}
RESULT: undefined
COMMAND: POST /session/8b9d24fb39cbfc9e79ab89721a1c9e7d/element - {"using":"xpath","value":"//*[@id=\"application-managehandovers-display-component---AddNewHO--popup-sa\"]"}
RESULT: {"using":"xpath","value":"//*[@id=\"application-managehandovers-display-component---AddNewHO--popup-sa\"]"}
COMMAND: POST /session/8b9d24fb39cbfc9e79ab89721a1c9e7d/element/f.7652131D378371FA98FE7F43E0E28151.d.0E4188A470A0A0D43A66AD56C16CC17D.e.24419/click - {}
RESULT: {}
COMMAND: GET /session/8b9d24fb39cbfc9e79ab89721a1c9e7d/screenshot - {}
RESULT: {}
COMMAND: POST /session/8b9d24fb39cbfc9e79ab89721a1c9e7d/element - {"using":"xpath","value":"//*[contains(@id ,\"BDI-content\")][contains(text(), \"Select\")]"}
RESULT: {"using":"xpath","value":"//*[contains(@id ,\"BDI-content\")][contains(text(), \"Select\")]"}
COMMAND: POST /session/8b9d24fb39cbfc9e79ab89721a1c9e7d/element/f.7652131D378371FA98FE7F43E0E28151.d.0E4188A470A0A0D43A66AD56C16CC17D.e.24421/click - {}
RESULT: {}
COMMAND: GET /session/8b9d24fb39cbfc9e79ab89721a1c9e7d/screenshot - {}
RESULT: {}
COMMAND: POST /session/8b9d24fb39cbfc9e79ab89721a1c9e7d/element - {"using":"xpath","value":"//bdi[(text() = 'Save' or . = 'Save')]"}
RESULT: {"using":"xpath","value":"//bdi[(text() = 'Save' or . = 'Save')]"}
COMMAND: POST /session/8b9d24fb39cbfc9e79ab89721a1c9e7d/element/f.7652131D378371FA98FE7F43E0E28151.d.0E4188A470A0A0D43A66AD56C16CC17D.e.24429/click - {}
RESULT: {}
COMMAND: GET /session/8b9d24fb39cbfc9e79ab89721a1c9e7d/screenshot - {}
RESULT: {}
COMMAND: POST /session/8b9d24fb39cbfc9e79ab89721a1c9e7d/element - {"using":"xpath","value":"//a[@data-kt=\"execHoWhMovementLink\"]"}
RESULT: {"using":"xpath","value":"//a[@data-kt=\"execHoWhMovementLink\"]"}
COMMAND: POST /session/8b9d24fb39cbfc9e79ab89721a1c9e7d/element/f.7652131D378371FA98FE7F43E0E28151.d.0E4188A470A0A0D43A66AD56C16CC17D.e.24469/click - {}
RESULT: {}
COMMAND: GET /session/8b9d24fb39cbfc9e79ab89721a1c9e7d/screenshot - {}
RESULT: {}
COMMAND: POST /session/8b9d24fb39cbfc9e79ab89721a1c9e7d/element - {"using":"xpath","value":"(//div[contains(@class, \"sapMPopover\") and .//div[contains(@style, \"display: block\")]])[last()]//a"}
RESULT: {"using":"xpath","value":"(//div[contains(@class, \"sapMPopover\") and .//div[contains(@style, \"display: block\")]])[last()]//a"}
COMMAND: POST /session/8b9d24fb39cbfc9e79ab89721a1c9e7d/element/f.7652131D378371FA98FE7F43E0E28151.d.0E4188A470A0A0D43A66AD56C16CC17D.e.24471/click - {}
RESULT: {}
COMMAND: GET /session/8b9d24fb39cbfc9e79ab89721a1c9e7d/screenshot - {}
COMMAND: POST /session/8b9d24fb39cbfc9e79ab89721a1c9e7d/element - {"using":"xpath","value":"//button[@data-kt=\"executionButton\"]"}
RESULT: {}
RESULT: {"using":"xpath","value":"//button[@data-kt=\"executionButton\"]"}
COMMAND: POST /session/8b9d24fb39cbfc9e79ab89721a1c9e7d/elements - {"using":"xpath","value":"//button[@data-kt=\"executionButton\"]"}
RESULT: {"using":"xpath","value":"//button[@data-kt=\"executionButton\"]"}
COMMAND: POST /session/8b9d24fb39cbfc9e79ab89721a1c9e7d/elements - {"using":"xpath","value":"//button[@data-kt=\"executionButton\"]"}
RESULT: {"using":"xpath","value":"//button[@data-kt=\"executionButton\"]"}
COMMAND: POST /session/8b9d24fb39cbfc9e79ab89721a1c9e7d/elements - {"using":"xpath","value":"//button[@data-kt=\"executionButton\"]"}
RESULT: {"using":"xpath","value":"//button[@data-kt=\"executionButton\"]"}
COMMAND: POST /session/8b9d24fb39cbfc9e79ab89721a1c9e7d/elements - {"using":"xpath","value":"//button[@data-kt=\"executionButton\"]"}
RESULT: {"using":"xpath","value":"//button[@data-kt=\"executionButton\"]"}
COMMAND: POST /session/8b9d24fb39cbfc9e79ab89721a1c9e7d/element - {"using":"xpath","value":"//button[@data-kt=\"executionButton\"]"}
RESULT: {"using":"xpath","value":"//button[@data-kt=\"executionButton\"]"}
COMMAND: POST /session/8b9d24fb39cbfc9e79ab89721a1c9e7d/element/f.7652131D378371FA98FE7F43E0E28151.d.0E4188A470A0A0D43A66AD56C16CC17D.e.24637/click - {}
RESULT: {}
COMMAND: GET /session/8b9d24fb39cbfc9e79ab89721a1c9e7d/screenshot - {}
RESULT: {}
COMMAND: POST /session/8b9d24fb39cbfc9e79ab89721a1c9e7d/element - {"using":"xpath","value":"//button[contains(@id,\"executeMovement--itemsSection-anchor\")]"}
RESULT: {"using":"xpath","value":"//button[contains(@id,\"executeMovement--itemsSection-anchor\")]"}
COMMAND: POST /session/8b9d24fb39cbfc9e79ab89721a1c9e7d/element/f.7652131D378371FA98FE7F43E0E28151.d.0E4188A470A0A0D43A66AD56C16CC17D.e.24728/click - {}
RESULT: {}
COMMAND: GET /session/8b9d24fb39cbfc9e79ab89721a1c9e7d/screenshot - {}
RESULT: {}
COMMAND: POST /session/8b9d24fb39cbfc9e79ab89721a1c9e7d/element - {"using":"xpath","value":"//table[contains(@id,\"executeMovement--movementItemsTbl-listUl\")]/tbody/tr[1]/td[2]/button"}
RESULT: {"using":"xpath","value":"//table[contains(@id,\"executeMovement--movementItemsTbl-listUl\")]/tbody/tr[1]/td[2]/button"}
COMMAND: POST /session/8b9d24fb39cbfc9e79ab89721a1c9e7d/element/f.7652131D378371FA98FE7F43E0E28151.d.0E4188A470A0A0D43A66AD56C16CC17D.e.24734/click - {}
RESULT: {}
COMMAND: GET /session/8b9d24fb39cbfc9e79ab89721a1c9e7d/screenshot - {}
RESULT: {}
COMMAND: POST /session/8b9d24fb39cbfc9e79ab89721a1c9e7d/element - {"using":"xpath","value":"//table[contains(@id,\"executeMovement--movementItemsTbl-listUl\")]/tbody/tr[1]/td[2]/button"}
RESULT: {"using":"xpath","value":"//table[contains(@id,\"executeMovement--movementItemsTbl-listUl\")]/tbody/tr[1]/td[2]/button"}
COMMAND: POST /session/8b9d24fb39cbfc9e79ab89721a1c9e7d/element/f.7652131D378371FA98FE7F43E0E28151.d.0E4188A470A0A0D43A66AD56C16CC17D.e.24734/click - {}
RESULT: {}
COMMAND: GET /session/8b9d24fb39cbfc9e79ab89721a1c9e7d/screenshot - {}
RESULT: {}
COMMAND: POST /session/8b9d24fb39cbfc9e79ab89721a1c9e7d/element - {"using":"xpath","value":"//section[contains(@id,\"FC-NoHead\")]/div[1]/div[5]/div[2]/span"}
RESULT: {"using":"xpath","value":"//section[contains(@id,\"FC-NoHead\")]/div[1]/div[5]/div[2]/span"}
COMMAND: POST /session/8b9d24fb39cbfc9e79ab89721a1c9e7d/elements - {"using":"xpath","value":"//section[contains(@id,\"FC-NoHead\")]/div[1]/div[5]/div[2]/span"}
RESULT: {"using":"xpath","value":"//section[contains(@id,\"FC-NoHead\")]/div[1]/div[5]/div[2]/span"}
COMMAND: POST /session/8b9d24fb39cbfc9e79ab89721a1c9e7d/execute/sync - {"script":"<script> [56 bytes]","args":[{"element-6066-11e4-a52e-4f735466cecf":"f.7652131D378371FA98FE7F43E0E28151.d.0E4188A470A0A0D43A66AD56C16CC17D.e.24736","ELEMENT":"f.7652131D378371FA98FE7F43E0E28151.d.0E4188A470A0A0D43A66AD56C16CC17D.e.24736"}]}
RESULT: {"script":"<script> [56 bytes]","args":[{"element-6066-11e4-a52e-4f735466cecf":"f.7652131D378371FA98FE7F43E0E28151.d.0E4188A470A0A0D43A66AD56C16CC17D.e.24736","ELEMENT":"f.7652131D378371FA98FE7F43E0E28151.d.0E4188A470A0A0D43A66AD56C16CC17D.e.24736"}]}
COMMAND: POST /session/8b9d24fb39cbfc9e79ab89721a1c9e7d/actions - {"actions":[{"id":"action73","type":"key","parameters":{},"actions":[{"type":"keyDown","value":""},{"type":"pause","duration":10},{"type":"keyUp","value":""}]}]}
COMMAND: GET /session/8b9d24fb39cbfc9e79ab89721a1c9e7d/screenshot - {}
RESULT: {"actions":[{"id":"action73","type":"key","parameters":{},"actions":[{"type":"keyDown","value":""},{"type":"pause","duration":10},{"type":"keyUp","value":""}]}]}
COMMAND: POST /session/8b9d24fb39cbfc9e79ab89721a1c9e7d/element - {"using":"xpath","value":"//button[contains(@id,\"executeMovement--executeId\")]"}
COMMAND: GET /session/8b9d24fb39cbfc9e79ab89721a1c9e7d/screenshot - {}
RESULT: {}
RESULT: {}
RESULT: {"using":"xpath","value":"//button[contains(@id,\"executeMovement--executeId\")]"}
COMMAND: POST /session/8b9d24fb39cbfc9e79ab89721a1c9e7d/element/f.7652131D378371FA98FE7F43E0E28151.d.0E4188A470A0A0D43A66AD56C16CC17D.e.24717/click - {}
RESULT: {}
COMMAND: GET /session/8b9d24fb39cbfc9e79ab89721a1c9e7d/screenshot - {}
RESULT: {}
COMMAND: POST /session/8b9d24fb39cbfc9e79ab89721a1c9e7d/element - {"using":"css selector","value":"#shell-header-logo"}
RESULT: {"using":"css selector","value":"#shell-header-logo"}
COMMAND: POST /session/8b9d24fb39cbfc9e79ab89721a1c9e7d/element/f.7652131D378371FA98FE7F43E0E28151.d.0E4188A470A0A0D43A66AD56C16CC17D.e.23978/click - {}
RESULT: {}
COMMAND: GET /session/8b9d24fb39cbfc9e79ab89721a1c9e7d/screenshot - {}
RESULT: {}
RESULT: undefined
COMMAND: POST /session/8b9d24fb39cbfc9e79ab89721a1c9e7d/element - {"using":"xpath","value":"//*[@id=\"__tile135\"]"}
RESULT: {"using":"xpath","value":"//*[@id=\"__tile135\"]"}
COMMAND: POST /session/8b9d24fb39cbfc9e79ab89721a1c9e7d/element/f.7652131D378371FA98FE7F43E0E28151.d.0E4188A470A0A0D43A66AD56C16CC17D.e.20550/click - {}
RESULT: {}
COMMAND: GET /session/8b9d24fb39cbfc9e79ab89721a1c9e7d/screenshot - {}
RESULT: {}
COMMAND: POST /session/8b9d24fb39cbfc9e79ab89721a1c9e7d/elements - {"using":"xpath","value":"//span[text()='Error']"}
RESULT: {"using":"xpath","value":"//span[text()='Error']"}
RESULT: undefined
COMMAND: POST /session/8b9d24fb39cbfc9e79ab89721a1c9e7d/execute/async - {"script":"<script> [776 bytes]","args":[{"enterText":"30384","selector":{"controlType":"sap.m.SearchField","viewName":"etm.portal.ui.managehandovers.view.MasterHO","bindingPath":{"propertyPath":"/_BASIC_SEARCH_FIELD","modelName":"fi1t3rM0d31"},"interaction":{"idSuffix":"I"}},"clearTextFirst":true,"interactionType":"ENTER_TEXT"}]}
RESULT: {"script":"<script> [776 bytes]","args":[{"enterText":"30384","selector":{"controlType":"sap.m.SearchField","viewName":"etm.portal.ui.managehandovers.view.MasterHO","bindingPath":{"propertyPath":"/_BASIC_SEARCH_FIELD","modelName":"fi1t3rM0d31"},"interaction":{"idSuffix":"I"}},"clearTextFirst":true,"interactionType":"ENTER_TEXT"}]}
COMMAND: POST /session/8b9d24fb39cbfc9e79ab89721a1c9e7d/actions - {"actions":[{"id":"action74","type":"key","parameters":{},"actions":[{"type":"keyDown","value":""},{"type":"pause","duration":10},{"type":"keyUp","value":""}]}]}
RESULT: {"actions":[{"id":"action74","type":"key","parameters":{},"actions":[{"type":"keyDown","value":""},{"type":"pause","duration":10},{"type":"keyUp","value":""}]}]}
COMMAND: GET /session/8b9d24fb39cbfc9e79ab89721a1c9e7d/screenshot - {}
RESULT: {}
COMMAND: POST /session/8b9d24fb39cbfc9e79ab89721a1c9e7d/element - {"using":"xpath","value":"(//span[contains(@id, \"imgNav\")])[1]"}
RESULT: {"using":"xpath","value":"(//span[contains(@id, \"imgNav\")])[1]"}
COMMAND: POST /session/8b9d24fb39cbfc9e79ab89721a1c9e7d/element/f.7652131D378371FA98FE7F43E0E28151.d.0E4188A470A0A0D43A66AD56C16CC17D.e.25067/click - {}
RESULT: {}
COMMAND: GET /session/8b9d24fb39cbfc9e79ab89721a1c9e7d/screenshot - {}
RESULT: {}
COMMAND: POST /session/8b9d24fb39cbfc9e79ab89721a1c9e7d/element - {"using":"xpath","value":"//button[@data-kt=\"IssuingTableConfirmAllButton\"]"}
RESULT: {"using":"xpath","value":"//button[@data-kt=\"IssuingTableConfirmAllButton\"]"}
COMMAND: POST /session/8b9d24fb39cbfc9e79ab89721a1c9e7d/element/f.7652131D378371FA98FE7F43E0E28151.d.0E4188A470A0A0D43A66AD56C16CC17D.e.25166/click - {}
RESULT: {}
COMMAND: GET /session/8b9d24fb39cbfc9e79ab89721a1c9e7d/screenshot - {}
RESULT: {}
COMMAND: POST /session/8b9d24fb39cbfc9e79ab89721a1c9e7d/element - {"using":"xpath","value":"//bdi[contains(text(), \"OK\")]"}
RESULT: {"using":"xpath","value":"//bdi[contains(text(), \"OK\")]"}
COMMAND: POST /session/8b9d24fb39cbfc9e79ab89721a1c9e7d/element/f.7652131D378371FA98FE7F43E0E28151.d.0E4188A470A0A0D43A66AD56C16CC17D.e.25174/click - {}
RESULT: {}
COMMAND: GET /session/8b9d24fb39cbfc9e79ab89721a1c9e7d/screenshot - {}
RESULT: {}
COMMAND: POST /session/8b9d24fb39cbfc9e79ab89721a1c9e7d/element - {"using":"xpath","value":"//button[@data-kt=\"execHoIssueButton\"]"}
RESULT: {"using":"xpath","value":"//button[@data-kt=\"execHoIssueButton\"]"}
COMMAND: POST /session/8b9d24fb39cbfc9e79ab89721a1c9e7d/element/f.7652131D378371FA98FE7F43E0E28151.d.0E4188A470A0A0D43A66AD56C16CC17D.e.25176/click - {}
RESULT: {}
COMMAND: GET /session/8b9d24fb39cbfc9e79ab89721a1c9e7d/screenshot - {}
RESULT: {}
RESULT: undefined
COMMAND: POST /session/8b9d24fb39cbfc9e79ab89721a1c9e7d/execute/async - {"script":"<script> [776 bytes]","args":[{"enterText":"30384","selector":{"controlType":"sap.m.SearchField","viewName":"etm.portal.ui.managehandovers.view.MasterHO","bindingPath":{"propertyPath":"/_BASIC_SEARCH_FIELD","modelName":"fi1t3rM0d31"},"interaction":{"idSuffix":"I"}},"clearTextFirst":true,"interactionType":"ENTER_TEXT"}]}
RESULT: {"script":"<script> [776 bytes]","args":[{"enterText":"30384","selector":{"controlType":"sap.m.SearchField","viewName":"etm.portal.ui.managehandovers.view.MasterHO","bindingPath":{"propertyPath":"/_BASIC_SEARCH_FIELD","modelName":"fi1t3rM0d31"},"interaction":{"idSuffix":"I"}},"clearTextFirst":true,"interactionType":"ENTER_TEXT"}]}
COMMAND: POST /session/8b9d24fb39cbfc9e79ab89721a1c9e7d/actions - {"actions":[{"id":"action75","type":"key","parameters":{},"actions":[{"type":"keyDown","value":""},{"type":"pause","duration":10},{"type":"keyUp","value":""}]}]}
RESULT: {"actions":[{"id":"action75","type":"key","parameters":{},"actions":[{"type":"keyDown","value":""},{"type":"pause","duration":10},{"type":"keyUp","value":""}]}]}
COMMAND: GET /session/8b9d24fb39cbfc9e79ab89721a1c9e7d/screenshot - {}
RESULT: {}
COMMAND: POST /session/8b9d24fb39cbfc9e79ab89721a1c9e7d/element - {"using":"xpath","value":"(//span[contains(@id, \"imgNav\")])[1]"}
RESULT: {"using":"xpath","value":"(//span[contains(@id, \"imgNav\")])[1]"}
COMMAND: POST /session/8b9d24fb39cbfc9e79ab89721a1c9e7d/element/f.7652131D378371FA98FE7F43E0E28151.d.0E4188A470A0A0D43A66AD56C16CC17D.e.25219/click - {}
RESULT: {}
COMMAND: GET /session/8b9d24fb39cbfc9e79ab89721a1c9e7d/screenshot - {}
RESULT: {}
COMMAND: POST /session/8b9d24fb39cbfc9e79ab89721a1c9e7d/execute/async - {"script":"<script> [1562 bytes]","args":[{"selector":{"id":"application-managehandovers-display-component---detailManageHO--completedItemsTableTitle"},"wdio_ui5_key":"applicationmanagehandovers-display-component---detailManageHO--completedItemsTableTitle"}]}
RESULT: {"script":"<script> [1562 bytes]","args":[{"selector":{"id":"application-managehandovers-display-component---detailManageHO--completedItemsTableTitle"},"wdio_ui5_key":"applicationmanagehandovers-display-component---detailManageHO--completedItemsTableTitle"}]}
RESULT: undefined
COMMAND: POST /session/8b9d24fb39cbfc9e79ab89721a1c9e7d/execute/async - {"script":"<script> [6424 bytes]","args":[{"element-6066-11e4-a52e-4f735466cecf":"f.7652131D378371FA98FE7F43E0E28151.d.0E4188A470A0A0D43A66AD56C16CC17D.e.25254"},"getText",[]]}
RESULT: {"script":"<script> [6424 bytes]","args":[{"element-6066-11e4-a52e-4f735466cecf":"f.7652131D378371FA98FE7F43E0E28151.d.0E4188A470A0A0D43A66AD56C16CC17D.e.25254"},"getText",[]]}
COMMAND: POST /session/8b9d24fb39cbfc9e79ab89721a1c9e7d/element - {"using":"xpath","value":"//div[contains(@id, \"detailManageHO--headerContentForm--FC-NoHead-content\")]/div[4]/div[2]/div/span"}
RESULT: {"using":"xpath","value":"//div[contains(@id, \"detailManageHO--headerContentForm--FC-NoHead-content\")]/div[4]/div[2]/div/span"}
COMMAND: POST /session/8b9d24fb39cbfc9e79ab89721a1c9e7d/execute/sync - {"script":"<script> [56 bytes]","args":[{"element-6066-11e4-a52e-4f735466cecf":"f.7652131D378371FA98FE7F43E0E28151.d.0E4188A470A0A0D43A66AD56C16CC17D.e.25255","ELEMENT":"f.7652131D378371FA98FE7F43E0E28151.d.0E4188A470A0A0D43A66AD56C16CC17D.e.25255"}]}
RESULT: {"script":"<script> [56 bytes]","args":[{"element-6066-11e4-a52e-4f735466cecf":"f.7652131D378371FA98FE7F43E0E28151.d.0E4188A470A0A0D43A66AD56C16CC17D.e.25255","ELEMENT":"f.7652131D378371FA98FE7F43E0E28151.d.0E4188A470A0A0D43A66AD56C16CC17D.e.25255"}]}
COMMAND: GET /session/8b9d24fb39cbfc9e79ab89721a1c9e7d/screenshot - {}
RESULT: {}
COMMAND: POST /session/8b9d24fb39cbfc9e79ab89721a1c9e7d/element - {"using":"css selector","value":"#shell-header-logo"}
RESULT: {"using":"css selector","value":"#shell-header-logo"}
COMMAND: POST /session/8b9d24fb39cbfc9e79ab89721a1c9e7d/element/f.7652131D378371FA98FE7F43E0E28151.d.0E4188A470A0A0D43A66AD56C16CC17D.e.24801/click - {}
RESULT: {}
COMMAND: GET /session/8b9d24fb39cbfc9e79ab89721a1c9e7d/screenshot - {}
RESULT: {}
COMMAND: POST /session/8b9d24fb39cbfc9e79ab89721a1c9e7d/element - {"using":"css selector","value":"#j_username"}
COMMAND: POST /session/8b9d24fb39cbfc9e79ab89721a1c9e7d/url - {"url":"https://qa-testing-00-live-etm-ui.cfapps.eu10-004.hana.ondemand.com/"}
RESULT: {"using":"css selector","value":"#j_username"}
COMMAND: POST /session/8b9d24fb39cbfc9e79ab89721a1c9e7d/element - {"using":"css selector","value":"#j_username"}
RESULT: {"url":"https://qa-testing-00-live-etm-ui.cfapps.eu10-004.hana.ondemand.com/"}
RESULT: undefined
COMMAND: GET /session/8b9d24fb39cbfc9e79ab89721a1c9e7d/screenshot - {}
RESULT: {"using":"css selector","value":"#j_username"}
COMMAND: POST /session/8b9d24fb39cbfc9e79ab89721a1c9e7d/element - {"using":"css selector","value":"#shell-header-logo"}
RESULT: {}
RESULT: {"using":"css selector","value":"#shell-header-logo"}
COMMAND: POST /session/8b9d24fb39cbfc9e79ab89721a1c9e7d/execute/sync - {"script":"<script> [8489 bytes]","args":[{"element-6066-11e4-a52e-4f735466cecf":"f.7652131D378371FA98FE7F43E0E28151.d.15B051D5142515129CB348BCD9B006E6.e.25273","ELEMENT":"f.7652131D378371FA98FE7F43E0E28151.d.15B051D5142515129CB348BCD9B006E6.e.25273"}]}
RESULT: {"script":"<script> [8489 bytes]","args":[{"element-6066-11e4-a52e-4f735466cecf":"f.7652131D378371FA98FE7F43E0E28151.d.15B051D5142515129CB348BCD9B006E6.e.25273","ELEMENT":"f.7652131D378371FA98FE7F43E0E28151.d.15B051D5142515129CB348BCD9B006E6.e.25273"}]}
COMMAND: POST /session/8b9d24fb39cbfc9e79ab89721a1c9e7d/element - {"using":"css selector","value":"#shell-header-logo"}
COMMAND: GET /session/8b9d24fb39cbfc9e79ab89721a1c9e7d/screenshot - {}
RESULT: {"using":"css selector","value":"#shell-header-logo"}
COMMAND: POST /session/8b9d24fb39cbfc9e79ab89721a1c9e7d/execute/sync - {"script":"<script> [8489 bytes]","args":[{"element-6066-11e4-a52e-4f735466cecf":"f.7652131D378371FA98FE7F43E0E28151.d.15B051D5142515129CB348BCD9B006E6.e.25273","ELEMENT":"f.7652131D378371FA98FE7F43E0E28151.d.15B051D5142515129CB348BCD9B006E6.e.25273"}]}
RESULT: {}
RESULT: {"script":"<script> [8489 bytes]","args":[{"element-6066-11e4-a52e-4f735466cecf":"f.7652131D378371FA98FE7F43E0E28151.d.15B051D5142515129CB348BCD9B006E6.e.25273","ELEMENT":"f.7652131D378371FA98FE7F43E0E28151.d.15B051D5142515129CB348BCD9B006E6.e.25273"}]}
COMMAND: POST /session/8b9d24fb39cbfc9e79ab89721a1c9e7d/execute/sync - {"script":"<script> [5351 bytes]","args":[{"element-6066-11e4-a52e-4f735466cecf":"f.7652131D378371FA98FE7F43E0E28151.d.15B051D5142515129CB348BCD9B006E6.e.25273","ELEMENT":"f.7652131D378371FA98FE7F43E0E28151.d.15B051D5142515129CB348BCD9B006E6.e.25273"}]}
COMMAND: GET /session/8b9d24fb39cbfc9e79ab89721a1c9e7d/screenshot - {}
RESULT: {"script":"<script> [5351 bytes]","args":[{"element-6066-11e4-a52e-4f735466cecf":"f.7652131D378371FA98FE7F43E0E28151.d.15B051D5142515129CB348BCD9B006E6.e.25273","ELEMENT":"f.7652131D378371FA98FE7F43E0E28151.d.15B051D5142515129CB348BCD9B006E6.e.25273"}]}
COMMAND: POST /session/8b9d24fb39cbfc9e79ab89721a1c9e7d/element - {"using":"css selector","value":"#shell-header-logo"}
COMMAND: GET /session/8b9d24fb39cbfc9e79ab89721a1c9e7d/screenshot - {}
RESULT: {}
RESULT: {"using":"css selector","value":"#shell-header-logo"}
COMMAND: POST /session/8b9d24fb39cbfc9e79ab89721a1c9e7d/element/f.7652131D378371FA98FE7F43E0E28151.d.15B051D5142515129CB348BCD9B006E6.e.25273/click - {}
RESULT: {}
RESULT: {}
COMMAND: GET /session/8b9d24fb39cbfc9e79ab89721a1c9e7d/screenshot - {}
RESULT: {}
COMMAND: POST /session/8b9d24fb39cbfc9e79ab89721a1c9e7d/execute/async - {"script":"<script> [189 bytes]","args":[]}
RESULT: {"script":"<script> [189 bytes]","args":[]}
COMMAND: POST /session/8b9d24fb39cbfc9e79ab89721a1c9e7d/execute/async - {"script":"<script> [123 bytes]","args":[]}
RESULT: {"script":"<script> [123 bytes]","args":[]}
COMMAND: POST /session/8b9d24fb39cbfc9e79ab89721a1c9e7d/timeouts - {"script":"<number>"}
RESULT: {"script":"<number>"}
COMMAND: GET /session/8b9d24fb39cbfc9e79ab89721a1c9e7d/timeouts - {}
RESULT: {}
RESULT: undefined
COMMAND: POST /session/8b9d24fb39cbfc9e79ab89721a1c9e7d/execute/async - {"script":"<script> [2676 bytes]","args":[]}
RESULT: {"script":"<script> [2676 bytes]","args":[]}
COMMAND: POST /session/8b9d24fb39cbfc9e79ab89721a1c9e7d/execute/async - {"script":"<script> [2342 bytes]","args":[{"protocol":"http","hostname":"0.0.0.0","path":"/","capabilities":{"browserName":"chrome","goog:chromeOptions":{"binary":"C:\\Program Files\\Google\\Chrome\\Application\\chrome.exe","args":["--start-maximized"]}},"logLevel":"warn","connectionRetryTimeout":120000,"connectionRetryCount":3,"logLevels":{},"enableDirectConnect":true,"strictSSL":true,"_":"65 more keys: [\"cacheDir\",\"port\",\"requestedCapabilities\",\"automationProtocol\",\"baseUrl\",\"waitforInterval\",\"waitforTimeout\",\"onReload\",\"beforeCommand\",\"afterCommand\",\"rootDir\",\"specs\",\"suites\",\"exclude\",\"groupLogsByTestSpec\",\"excludeDriverLogs\",\"bail\",\"framework\",\"reporters\",\"services\",\"maxInstances\",\"maxInstancesPerCapability\",\"injectGlobals\",\"filesToWatch\",\"execArgv\",\"runnerEnv\",\"runner\",\"shard\",\"specFileRetries\",\"specFileRetriesDelay\",\"specFileRetriesDeferred\",\"reporterSyncInterval\",\"reporterSyncTimeout\",\"cucumberFeaturesWithLineNumbers\",\"autoCompileOpts\",\"mochaOpts\",\"jasmineOpts\",\"cucumberOpts\",\"onPrepare\",\"onWorkerStart\",\"onWorkerEnd\",\"before\",\"beforeSession\",\"beforeSuite\",\"beforeHook\",\"beforeTest\",\"afterTest\",\"afterHook\",\"afterSuite\",\"afterSession\",\"after\",\"onComplete\",\"beforeAssertion\",\"afterAssertion\",\"beforeFeature\",\"beforeScenario\",\"beforeStep\",\"afterStep\",\"afterScenario\",\"afterFeature\",\"_\",\"suite\",\"$0\",\"ignoredWorkerServices\",\"wdi5\"]"}]}
RESULT: {"script":"<script> [2342 bytes]","args":[{"protocol":"http","hostname":"0.0.0.0","path":"/","capabilities":{"browserName":"chrome","goog:chromeOptions":{"binary":"C:\\Program Files\\Google\\Chrome\\Application\\chrome.exe","args":["--start-maximized"]}},"logLevel":"warn","connectionRetryTimeout":120000,"connectionRetryCount":3,"logLevels":{},"enableDirectConnect":true,"strictSSL":true,"_":"65 more keys: [\"cacheDir\",\"port\",\"requestedCapabilities\",\"automationProtocol\",\"baseUrl\",\"waitforInterval\",\"waitforTimeout\",\"onReload\",\"beforeCommand\",\"afterCommand\",\"rootDir\",\"specs\",\"suites\",\"exclude\",\"groupLogsByTestSpec\",\"excludeDriverLogs\",\"bail\",\"framework\",\"reporters\",\"services\",\"maxInstances\",\"maxInstancesPerCapability\",\"injectGlobals\",\"filesToWatch\",\"execArgv\",\"runnerEnv\",\"runner\",\"shard\",\"specFileRetries\",\"specFileRetriesDelay\",\"specFileRetriesDeferred\",\"reporterSyncInterval\",\"reporterSyncTimeout\",\"cucumberFeaturesWithLineNumbers\",\"autoCompileOpts\",\"mochaOpts\",\"jasmineOpts\",\"cucumberOpts\",\"onPrepare\",\"onWorkerStart\",\"onWorkerEnd\",\"before\",\"beforeSession\",\"beforeSuite\",\"beforeHook\",\"beforeTest\",\"afterTest\",\"afterHook\",\"afterSuite\",\"afterSession\",\"after\",\"onComplete\",\"beforeAssertion\",\"afterAssertion\",\"beforeFeature\",\"beforeScenario\",\"beforeStep\",\"afterStep\",\"afterScenario\",\"afterFeature\",\"_\",\"suite\",\"$0\",\"ignoredWorkerServices\",\"wdi5\"]"}]}
COMMAND: POST /session/8b9d24fb39cbfc9e79ab89721a1c9e7d/execute/async - {"script":"<script> [21126 bytes]","args":[35000]}
RESULT: {"script":"<script> [21126 bytes]","args":[35000]}
COMMAND: POST /session/8b9d24fb39cbfc9e79ab89721a1c9e7d/window/maximize - {}
RESULT: {}
COMMAND: POST /session/8b9d24fb39cbfc9e79ab89721a1c9e7d/execute/async - {"script":"<script> [1562 bytes]","args":[{"selector":{"id":"shell-header","interaction":{"idSuffix":"icon"}},"wdio_ui5_key":"shellheader"}]}
COMMAND: GET /session/8b9d24fb39cbfc9e79ab89721a1c9e7d/screenshot - {}
RESULT: undefined
RESULT: {"script":"<script> [1562 bytes]","args":[{"selector":{"id":"shell-header","interaction":{"idSuffix":"icon"}},"wdio_ui5_key":"shellheader"}]}
RESULT: undefined
COMMAND: POST /session/8b9d24fb39cbfc9e79ab89721a1c9e7d/window/fullscreen - {}
RESULT: {}
RESULT: {}
]]></system-out>
    </testcase>
  </testsuite>
  <testsuite timestamp="2025-06-13T17:27:38" time="462.198" tests="9" failures="0" errors="0" skipped="0">
    <properties>
      <property name="specId" value="0"/>
      <property name="suiteName" value="Create masterdata for Yard Overview - trigger provide US130988"/>
      <property name="capabilities" value="chrome.137_0_7151_69.windows"/>
      <property name="file" value="file:///D:/a/1/s/test/specs/HTR/stock-decrease.spec.js"/>
    </properties>
    <testcase classname="chrome.137_0_7151_69.windows.Create_masterdata_for_Yard_Overview_-_trigger_provide_US130988" name="Should create a new WHM yard" time="0.021">
      <system-out><![CDATA[
COMMAND: POST /session/8b9d24fb39cbfc9e79ab89721a1c9e7d/window/fullscreen - {}
RESULT: {}
]]></system-out>
    </testcase>
    <testcase classname="chrome.137_0_7151_69.windows.Create_masterdata_for_Yard_Overview_-_trigger_provide_US130988" name="Should create a new partner" time="0.002"/>
    <testcase classname="chrome.137_0_7151_69.windows.Create_masterdata_for_Yard_Overview_-_trigger_provide_US130988" name="Should create a new site" time="0.003"/>
    <testcase classname="chrome.137_0_7151_69.windows.Create_masterdata_for_Yard_Overview_-_trigger_provide_US130988" name="Should create a new material" time="129.467">
      <system-out><![CDATA[
COMMAND: POST /session/8b9d24fb39cbfc9e79ab89721a1c9e7d/execute/async - {"script":"<script> [1562 bytes]","args":[{"selector":{"controlType":"sap.m.GenericTile","properties":{"header":"Manage Resources"}},"wdio_ui5_key":"sapm.GenericTile{\"header\":\"Manage Resources\"}"}]}
RESULT: {"script":"<script> [1562 bytes]","args":[{"selector":{"controlType":"sap.m.GenericTile","properties":{"header":"Manage Resources"}},"wdio_ui5_key":"sapm.GenericTile{\"header\":\"Manage Resources\"}"}]}
RESULT: undefined
COMMAND: POST /session/8b9d24fb39cbfc9e79ab89721a1c9e7d/element - {"using":"xpath","value":"//*[@id=\"__tile32\"]"}
RESULT: {"using":"xpath","value":"//*[@id=\"__tile32\"]"}
COMMAND: POST /session/8b9d24fb39cbfc9e79ab89721a1c9e7d/element/f.7652131D378371FA98FE7F43E0E28151.d.15B051D5142515129CB348BCD9B006E6.e.25290/click - {}
RESULT: {}
COMMAND: GET /session/8b9d24fb39cbfc9e79ab89721a1c9e7d/screenshot - {}
RESULT: {}
COMMAND: POST /session/8b9d24fb39cbfc9e79ab89721a1c9e7d/elements - {"using":"xpath","value":"//span[text()='Error']"}
RESULT: {"using":"xpath","value":"//span[text()='Error']"}
COMMAND: POST /session/8b9d24fb39cbfc9e79ab89721a1c9e7d/element - {"using":"xpath","value":"//button[@data-kt=\"addNewRUOverflowToolbarButton\"]"}
RESULT: {"using":"xpath","value":"//button[@data-kt=\"addNewRUOverflowToolbarButton\"]"}
COMMAND: POST /session/8b9d24fb39cbfc9e79ab89721a1c9e7d/elements - {"using":"xpath","value":"//button[@data-kt=\"addNewRUOverflowToolbarButton\"]"}
RESULT: {"using":"xpath","value":"//button[@data-kt=\"addNewRUOverflowToolbarButton\"]"}
COMMAND: POST /session/8b9d24fb39cbfc9e79ab89721a1c9e7d/elements - {"using":"xpath","value":"//button[@data-kt=\"addNewRUOverflowToolbarButton\"]"}
RESULT: {"using":"xpath","value":"//button[@data-kt=\"addNewRUOverflowToolbarButton\"]"}
COMMAND: POST /session/8b9d24fb39cbfc9e79ab89721a1c9e7d/element - {"using":"xpath","value":"//button[@data-kt=\"addNewRUOverflowToolbarButton\"]"}
RESULT: {"using":"xpath","value":"//button[@data-kt=\"addNewRUOverflowToolbarButton\"]"}
COMMAND: POST /session/8b9d24fb39cbfc9e79ab89721a1c9e7d/execute/sync - {"script":"<script> [8489 bytes]","args":[{"element-6066-11e4-a52e-4f735466cecf":"f.7652131D378371FA98FE7F43E0E28151.d.15B051D5142515129CB348BCD9B006E6.e.25422","ELEMENT":"f.7652131D378371FA98FE7F43E0E28151.d.15B051D5142515129CB348BCD9B006E6.e.25422"}]}
RESULT: {"script":"<script> [8489 bytes]","args":[{"element-6066-11e4-a52e-4f735466cecf":"f.7652131D378371FA98FE7F43E0E28151.d.15B051D5142515129CB348BCD9B006E6.e.25422","ELEMENT":"f.7652131D378371FA98FE7F43E0E28151.d.15B051D5142515129CB348BCD9B006E6.e.25422"}]}
COMMAND: GET /session/8b9d24fb39cbfc9e79ab89721a1c9e7d/element/f.7652131D378371FA98FE7F43E0E28151.d.15B051D5142515129CB348BCD9B006E6.e.25422/enabled - {}
COMMAND: GET /session/8b9d24fb39cbfc9e79ab89721a1c9e7d/screenshot - {}
RESULT: {}
COMMAND: POST /session/8b9d24fb39cbfc9e79ab89721a1c9e7d/execute/sync - {"script":"<script> [8489 bytes]","args":[{"element-6066-11e4-a52e-4f735466cecf":"f.7652131D378371FA98FE7F43E0E28151.d.15B051D5142515129CB348BCD9B006E6.e.25422","ELEMENT":"f.7652131D378371FA98FE7F43E0E28151.d.15B051D5142515129CB348BCD9B006E6.e.25422"}]}
COMMAND: GET /session/8b9d24fb39cbfc9e79ab89721a1c9e7d/screenshot - {}
RESULT: {}
RESULT: {}
RESULT: {"script":"<script> [8489 bytes]","args":[{"element-6066-11e4-a52e-4f735466cecf":"f.7652131D378371FA98FE7F43E0E28151.d.15B051D5142515129CB348BCD9B006E6.e.25422","ELEMENT":"f.7652131D378371FA98FE7F43E0E28151.d.15B051D5142515129CB348BCD9B006E6.e.25422"}]}
COMMAND: POST /session/8b9d24fb39cbfc9e79ab89721a1c9e7d/execute/sync - {"script":"<script> [5351 bytes]","args":[{"element-6066-11e4-a52e-4f735466cecf":"f.7652131D378371FA98FE7F43E0E28151.d.15B051D5142515129CB348BCD9B006E6.e.25422","ELEMENT":"f.7652131D378371FA98FE7F43E0E28151.d.15B051D5142515129CB348BCD9B006E6.e.25422"}]}
COMMAND: GET /session/8b9d24fb39cbfc9e79ab89721a1c9e7d/screenshot - {}
RESULT: {"script":"<script> [5351 bytes]","args":[{"element-6066-11e4-a52e-4f735466cecf":"f.7652131D378371FA98FE7F43E0E28151.d.15B051D5142515129CB348BCD9B006E6.e.25422","ELEMENT":"f.7652131D378371FA98FE7F43E0E28151.d.15B051D5142515129CB348BCD9B006E6.e.25422"}]}
COMMAND: POST /session/8b9d24fb39cbfc9e79ab89721a1c9e7d/element/f.7652131D378371FA98FE7F43E0E28151.d.15B051D5142515129CB348BCD9B006E6.e.25422/click - {}
COMMAND: GET /session/8b9d24fb39cbfc9e79ab89721a1c9e7d/screenshot - {}
RESULT: {}
RESULT: {}
COMMAND: GET /session/8b9d24fb39cbfc9e79ab89721a1c9e7d/screenshot - {}
RESULT: {}
RESULT: {}
COMMAND: POST /session/8b9d24fb39cbfc9e79ab89721a1c9e7d/execute/async - {"script":"<script> [1562 bytes]","args":[{"selector":{"id":"application-manageresources-display-component---newResourceUnit--TYPE-arrow"},"wdio_ui5_key":"applicationmanageresources-display-component---newResourceUnit--TYPE-arrow"}]}
RESULT: {"script":"<script> [1562 bytes]","args":[{"selector":{"id":"application-manageresources-display-component---newResourceUnit--TYPE-arrow"},"wdio_ui5_key":"applicationmanageresources-display-component---newResourceUnit--TYPE-arrow"}]}
RESULT: undefined
COMMAND: POST /session/8b9d24fb39cbfc9e79ab89721a1c9e7d/element - {"using":"xpath","value":"//*[@id=\"application-manageresources-display-component---newResourceUnit--TYPE-arrow\"]"}
RESULT: {"using":"xpath","value":"//*[@id=\"application-manageresources-display-component---newResourceUnit--TYPE-arrow\"]"}
COMMAND: POST /session/8b9d24fb39cbfc9e79ab89721a1c9e7d/element/f.7652131D378371FA98FE7F43E0E28151.d.15B051D5142515129CB348BCD9B006E6.e.25591/click - {}
RESULT: {}
COMMAND: POST /session/8b9d24fb39cbfc9e79ab89721a1c9e7d/element - {"using":"xpath","value":"//input[@id=\"application-manageresources-display-component---newResourceUnit--TYPE-inner\"]"}
COMMAND: GET /session/8b9d24fb39cbfc9e79ab89721a1c9e7d/screenshot - {}
RESULT: {"using":"xpath","value":"//input[@id=\"application-manageresources-display-component---newResourceUnit--TYPE-inner\"]"}
COMMAND: POST /session/8b9d24fb39cbfc9e79ab89721a1c9e7d/element/f.7652131D378371FA98FE7F43E0E28151.d.15B051D5142515129CB348BCD9B006E6.e.25460/clear - {}
RESULT: {}
RESULT: {}
COMMAND: POST /session/8b9d24fb39cbfc9e79ab89721a1c9e7d/element/f.7652131D378371FA98FE7F43E0E28151.d.15B051D5142515129CB348BCD9B006E6.e.25460/value - {"text":"Material"}
COMMAND: GET /session/8b9d24fb39cbfc9e79ab89721a1c9e7d/screenshot - {}
RESULT: {"text":"Material"}
COMMAND: GET /session/8b9d24fb39cbfc9e79ab89721a1c9e7d/screenshot - {}
RESULT: {}
RESULT: {}
COMMAND: POST /session/8b9d24fb39cbfc9e79ab89721a1c9e7d/actions - {"actions":[{"id":"action76","type":"key","parameters":{},"actions":[{"type":"keyDown","value":""},{"type":"pause","duration":10},{"type":"keyUp","value":""}]}]}
RESULT: undefined
RESULT: undefined
RESULT: {"actions":[{"id":"action76","type":"key","parameters":{},"actions":[{"type":"keyDown","value":""},{"type":"pause","duration":10},{"type":"keyUp","value":""}]}]}
COMMAND: POST /session/8b9d24fb39cbfc9e79ab89721a1c9e7d/execute/async - {"script":"<script> [1562 bytes]","args":[{"selector":{"id":"application-manageresources-display-component---newResourceUnit--SHORT_TEXT","interaction":{"idSuffix":"inner"}},"wdio_ui5_key":"applicationmanageresources-display-component---newResourceUnit--SHORT_TEXT"}]}
COMMAND: GET /session/8b9d24fb39cbfc9e79ab89721a1c9e7d/screenshot - {}
RESULT: {"script":"<script> [1562 bytes]","args":[{"selector":{"id":"application-manageresources-display-component---newResourceUnit--SHORT_TEXT","interaction":{"idSuffix":"inner"}},"wdio_ui5_key":"applicationmanageresources-display-component---newResourceUnit--SHORT_TEXT"}]}
RESULT: undefined
COMMAND: POST /session/8b9d24fb39cbfc9e79ab89721a1c9e7d/execute/async - {"script":"<script> [776 bytes]","args":[{"enterText":"Cement WDIO","selector":{"id":"application-manageresources-display-component---newResourceUnit--SHORT_TEXT","interaction":{"idSuffix":"inner"}},"clearTextFirst":true,"interactionType":"ENTER_TEXT"}]}
RESULT: {}
RESULT: {"script":"<script> [776 bytes]","args":[{"enterText":"Cement WDIO","selector":{"id":"application-manageresources-display-component---newResourceUnit--SHORT_TEXT","interaction":{"idSuffix":"inner"}},"clearTextFirst":true,"interactionType":"ENTER_TEXT"}]}
COMMAND: POST /session/8b9d24fb39cbfc9e79ab89721a1c9e7d/execute/async - {"script":"<script> [1562 bytes]","args":[{"selector":{"id":"application-manageresources-display-component---newResourceUnit--BASE_UNIT_OF_MEASURE","interaction":{"idSuffix":"inner"}},"wdio_ui5_key":"applicationmanageresources-display-component---newResourceUnit--BASE_UNIT_OF_MEASURE"}]}
RESULT: {"script":"<script> [1562 bytes]","args":[{"selector":{"id":"application-manageresources-display-component---newResourceUnit--BASE_UNIT_OF_MEASURE","interaction":{"idSuffix":"inner"}},"wdio_ui5_key":"applicationmanageresources-display-component---newResourceUnit--BASE_UNIT_OF_MEASURE"}]}
RESULT: undefined
COMMAND: POST /session/8b9d24fb39cbfc9e79ab89721a1c9e7d/execute/async - {"script":"<script> [776 bytes]","args":[{"enterText":"Piece","selector":{"id":"application-manageresources-display-component---newResourceUnit--BASE_UNIT_OF_MEASURE","interaction":{"idSuffix":"inner"}},"clearTextFirst":true,"interactionType":"ENTER_TEXT"}]}
RESULT: {"script":"<script> [776 bytes]","args":[{"enterText":"Piece","selector":{"id":"application-manageresources-display-component---newResourceUnit--BASE_UNIT_OF_MEASURE","interaction":{"idSuffix":"inner"}},"clearTextFirst":true,"interactionType":"ENTER_TEXT"}]}
COMMAND: POST /session/8b9d24fb39cbfc9e79ab89721a1c9e7d/execute/async - {"script":"<script> [1562 bytes]","args":[{"selector":{"id":"application-manageresources-display-component---newResourceUnit--WEIGHT_UNIT","interaction":{"idSuffix":"inner"}},"wdio_ui5_key":"applicationmanageresources-display-component---newResourceUnit--WEIGHT_UNIT"}]}
RESULT: {"script":"<script> [1562 bytes]","args":[{"selector":{"id":"application-manageresources-display-component---newResourceUnit--WEIGHT_UNIT","interaction":{"idSuffix":"inner"}},"wdio_ui5_key":"applicationmanageresources-display-component---newResourceUnit--WEIGHT_UNIT"}]}
RESULT: undefined
COMMAND: POST /session/8b9d24fb39cbfc9e79ab89721a1c9e7d/execute/async - {"script":"<script> [776 bytes]","args":[{"enterText":"Gram","selector":{"id":"application-manageresources-display-component---newResourceUnit--WEIGHT_UNIT","interaction":{"idSuffix":"inner"}},"clearTextFirst":true,"interactionType":"ENTER_TEXT"}]}
RESULT: {"script":"<script> [776 bytes]","args":[{"enterText":"Gram","selector":{"id":"application-manageresources-display-component---newResourceUnit--WEIGHT_UNIT","interaction":{"idSuffix":"inner"}},"clearTextFirst":true,"interactionType":"ENTER_TEXT"}]}
COMMAND: POST /session/8b9d24fb39cbfc9e79ab89721a1c9e7d/execute/async - {"script":"<script> [1562 bytes]","args":[{"selector":{"id":"application-manageresources-display-component---newResourceUnit--DIMENSION_UNIT","interaction":{"idSuffix":"inner"}},"wdio_ui5_key":"applicationmanageresources-display-component---newResourceUnit--DIMENSION_UNIT"}]}
RESULT: {"script":"<script> [1562 bytes]","args":[{"selector":{"id":"application-manageresources-display-component---newResourceUnit--DIMENSION_UNIT","interaction":{"idSuffix":"inner"}},"wdio_ui5_key":"applicationmanageresources-display-component---newResourceUnit--DIMENSION_UNIT"}]}
RESULT: undefined
COMMAND: POST /session/8b9d24fb39cbfc9e79ab89721a1c9e7d/execute/async - {"script":"<script> [776 bytes]","args":[{"enterText":"Meter","selector":{"id":"application-manageresources-display-component---newResourceUnit--DIMENSION_UNIT","interaction":{"idSuffix":"inner"}},"clearTextFirst":true,"interactionType":"ENTER_TEXT"}]}
RESULT: {"script":"<script> [776 bytes]","args":[{"enterText":"Meter","selector":{"id":"application-manageresources-display-component---newResourceUnit--DIMENSION_UNIT","interaction":{"idSuffix":"inner"}},"clearTextFirst":true,"interactionType":"ENTER_TEXT"}]}
COMMAND: POST /session/8b9d24fb39cbfc9e79ab89721a1c9e7d/execute/async - {"script":"<script> [1562 bytes]","args":[{"selector":{"id":"application-manageresources-display-component---newResourceUnit--newRRUPage-anchBar-application-manageresources-display-component---newResourceUnit--control-anchor","interaction":{"idSuffix":"BDI-content"}},"wdio_ui5_key":"applicationmanageresources-display-component---newResourceUnit--newRRUPage-anchBar-application-manageresources-display-component---newResourceUnit--control-anchor"}]}
RESULT: {"script":"<script> [1562 bytes]","args":[{"selector":{"id":"application-manageresources-display-component---newResourceUnit--newRRUPage-anchBar-application-manageresources-display-component---newResourceUnit--control-anchor","interaction":{"idSuffix":"BDI-content"}},"wdio_ui5_key":"applicationmanageresources-display-component---newResourceUnit--newRRUPage-anchBar-application-manageresources-display-component---newResourceUnit--control-anchor"}]}
RESULT: undefined
COMMAND: POST /session/8b9d24fb39cbfc9e79ab89721a1c9e7d/element - {"using":"xpath","value":"//*[@id=\"application-manageresources-display-component---newResourceUnit--newRRUPage-anchBar-application-manageresources-display-component---newResourceUnit--control-anchor\"]"}
RESULT: {"using":"xpath","value":"//*[@id=\"application-manageresources-display-component---newResourceUnit--newRRUPage-anchBar-application-manageresources-display-component---newResourceUnit--control-anchor\"]"}
COMMAND: POST /session/8b9d24fb39cbfc9e79ab89721a1c9e7d/element/f.7652131D378371FA98FE7F43E0E28151.d.15B051D5142515129CB348BCD9B006E6.e.25726/click - {}
RESULT: {}
COMMAND: POST /session/8b9d24fb39cbfc9e79ab89721a1c9e7d/execute/async - {"script":"<script> [1562 bytes]","args":[{"selector":{"id":"application-manageresources-display-component---newResourceUnit--PLANNING_GROUP","interaction":{"idSuffix":"inner"}},"wdio_ui5_key":"applicationmanageresources-display-component---newResourceUnit--PLANNING_GROUP"}]}
COMMAND: GET /session/8b9d24fb39cbfc9e79ab89721a1c9e7d/screenshot - {}
RESULT: {"script":"<script> [1562 bytes]","args":[{"selector":{"id":"application-manageresources-display-component---newResourceUnit--PLANNING_GROUP","interaction":{"idSuffix":"inner"}},"wdio_ui5_key":"applicationmanageresources-display-component---newResourceUnit--PLANNING_GROUP"}]}
RESULT: undefined
COMMAND: POST /session/8b9d24fb39cbfc9e79ab89721a1c9e7d/execute/async - {"script":"<script> [776 bytes]","args":[{"enterText":"Material","selector":{"id":"application-manageresources-display-component---newResourceUnit--PLANNING_GROUP","interaction":{"idSuffix":"inner"}},"clearTextFirst":true,"interactionType":"ENTER_TEXT"}]}
RESULT: {}
RESULT: {"script":"<script> [776 bytes]","args":[{"enterText":"Material","selector":{"id":"application-manageresources-display-component---newResourceUnit--PLANNING_GROUP","interaction":{"idSuffix":"inner"}},"clearTextFirst":true,"interactionType":"ENTER_TEXT"}]}
COMMAND: POST /session/8b9d24fb39cbfc9e79ab89721a1c9e7d/execute/async - {"script":"<script> [1562 bytes]","args":[{"selector":{"id":"application-manageresources-display-component---newResourceUnit--PLANNING_INDICATOR","interaction":{"idSuffix":"inner"}},"wdio_ui5_key":"applicationmanageresources-display-component---newResourceUnit--PLANNING_INDICATOR"}]}
RESULT: {"script":"<script> [1562 bytes]","args":[{"selector":{"id":"application-manageresources-display-component---newResourceUnit--PLANNING_INDICATOR","interaction":{"idSuffix":"inner"}},"wdio_ui5_key":"applicationmanageresources-display-component---newResourceUnit--PLANNING_INDICATOR"}]}
RESULT: undefined
COMMAND: POST /session/8b9d24fb39cbfc9e79ab89721a1c9e7d/execute/async - {"script":"<script> [776 bytes]","args":[{"enterText":"10 - infinite","selector":{"id":"application-manageresources-display-component---newResourceUnit--PLANNING_INDICATOR","interaction":{"idSuffix":"inner"}},"clearTextFirst":true,"interactionType":"ENTER_TEXT"}]}
RESULT: {"script":"<script> [776 bytes]","args":[{"enterText":"10 - infinite","selector":{"id":"application-manageresources-display-component---newResourceUnit--PLANNING_INDICATOR","interaction":{"idSuffix":"inner"}},"clearTextFirst":true,"interactionType":"ENTER_TEXT"}]}
COMMAND: POST /session/8b9d24fb39cbfc9e79ab89721a1c9e7d/element - {"using":"css selector","value":"#application-manageresources-display-component---newResourceUnit--btnAddTimeSegment"}
RESULT: {"using":"css selector","value":"#application-manageresources-display-component---newResourceUnit--btnAddTimeSegment"}
COMMAND: GET /session/8b9d24fb39cbfc9e79ab89721a1c9e7d/element/f.7652131D378371FA98FE7F43E0E28151.d.15B051D5142515129CB348BCD9B006E6.e.25734/rect - {}
RESULT: {}
COMMAND: GET /session/8b9d24fb39cbfc9e79ab89721a1c9e7d/window/rect - {}
RESULT: {}
COMMAND: POST /session/8b9d24fb39cbfc9e79ab89721a1c9e7d/execute/sync - {"script":"<script> [92 bytes]","args":[]}
RESULT: {"script":"<script> [92 bytes]","args":[]}
COMMAND: POST /session/8b9d24fb39cbfc9e79ab89721a1c9e7d/actions - {"actions":[{"id":"action77","type":"wheel","parameters":{},"actions":[{"type":"scroll","x":-1888,"y":-32,"deltaX":0,"deltaY":0,"duration":0,"origin":{"element-6066-11e4-a52e-4f735466cecf":"f.7652131D378371FA98FE7F43E0E28151.d.15B051D5142515129CB348BCD9B006E6.e.25734"}}]}]}
COMMAND: GET /session/8b9d24fb39cbfc9e79ab89721a1c9e7d/screenshot - {}
RESULT: {}
COMMAND: POST /session/8b9d24fb39cbfc9e79ab89721a1c9e7d/execute/sync - {"script":"<script> [79 bytes]","args":[{"element-6066-11e4-a52e-4f735466cecf":"f.7652131D378371FA98FE7F43E0E28151.d.15B051D5142515129CB348BCD9B006E6.e.25734","ELEMENT":"f.7652131D378371FA98FE7F43E0E28151.d.15B051D5142515129CB348BCD9B006E6.e.25734"},{"block":"start","inline":"nearest"}]}
RESULT: {"script":"<script> [79 bytes]","args":[{"element-6066-11e4-a52e-4f735466cecf":"f.7652131D378371FA98FE7F43E0E28151.d.15B051D5142515129CB348BCD9B006E6.e.25734","ELEMENT":"f.7652131D378371FA98FE7F43E0E28151.d.15B051D5142515129CB348BCD9B006E6.e.25734"},{"block":"start","inline":"nearest"}]}
COMMAND: POST /session/8b9d24fb39cbfc9e79ab89721a1c9e7d/execute/async - {"script":"<script> [1562 bytes]","args":[{"selector":{"id":"application-manageresources-display-component---newResourceUnit--btnAddTimeSegment","interaction":{"idSuffix":"inner"}},"wdio_ui5_key":"applicationmanageresources-display-component---newResourceUnit--btnAddTimeSegment"}]}
COMMAND: GET /session/8b9d24fb39cbfc9e79ab89721a1c9e7d/screenshot - {}
RESULT: {"script":"<script> [1562 bytes]","args":[{"selector":{"id":"application-manageresources-display-component---newResourceUnit--btnAddTimeSegment","interaction":{"idSuffix":"inner"}},"wdio_ui5_key":"applicationmanageresources-display-component---newResourceUnit--btnAddTimeSegment"}]}
RESULT: undefined
COMMAND: POST /session/8b9d24fb39cbfc9e79ab89721a1c9e7d/element - {"using":"xpath","value":"//*[@id=\"application-manageresources-display-component---newResourceUnit--btnAddTimeSegment\"]"}
RESULT: {}
RESULT: {"using":"xpath","value":"//*[@id=\"application-manageresources-display-component---newResourceUnit--btnAddTimeSegment\"]"}
COMMAND: POST /session/8b9d24fb39cbfc9e79ab89721a1c9e7d/element/f.7652131D378371FA98FE7F43E0E28151.d.15B051D5142515129CB348BCD9B006E6.e.25734/click - {}
RESULT: {}
COMMAND: GET /session/8b9d24fb39cbfc9e79ab89721a1c9e7d/screenshot - {}
RESULT: {}
COMMAND: POST /session/8b9d24fb39cbfc9e79ab89721a1c9e7d/element - {"using":"xpath","value":"//input[@id=\"application-manageresources-display-component---newResourceUnit--idRuTSAdmin-application-manageresources-display-component---newResourceUnit--RUTimeSegment-0-inner\"]"}
RESULT: {"using":"xpath","value":"//input[@id=\"application-manageresources-display-component---newResourceUnit--idRuTSAdmin-application-manageresources-display-component---newResourceUnit--RUTimeSegment-0-inner\"]"}
COMMAND: POST /session/8b9d24fb39cbfc9e79ab89721a1c9e7d/element/f.7652131D378371FA98FE7F43E0E28151.d.15B051D5142515129CB348BCD9B006E6.e.25739/clear - {}
RESULT: {}
COMMAND: POST /session/8b9d24fb39cbfc9e79ab89721a1c9e7d/element/f.7652131D378371FA98FE7F43E0E28151.d.15B051D5142515129CB348BCD9B006E6.e.25739/value - {"text":"237"}
COMMAND: GET /session/8b9d24fb39cbfc9e79ab89721a1c9e7d/screenshot - {}
RESULT: {"text":"237"}
COMMAND: GET /session/8b9d24fb39cbfc9e79ab89721a1c9e7d/screenshot - {}
RESULT: {}
RESULT: {}
COMMAND: POST /session/8b9d24fb39cbfc9e79ab89721a1c9e7d/element - {"using":"xpath","value":"//li[.//span[text()='237']]"}
RESULT: {"using":"xpath","value":"//li[.//span[text()='237']]"}
COMMAND: POST /session/8b9d24fb39cbfc9e79ab89721a1c9e7d/element/f.7652131D378371FA98FE7F43E0E28151.d.15B051D5142515129CB348BCD9B006E6.e.25748/click - {}
RESULT: {}
COMMAND: GET /session/8b9d24fb39cbfc9e79ab89721a1c9e7d/screenshot - {}
RESULT: {}
COMMAND: POST /session/8b9d24fb39cbfc9e79ab89721a1c9e7d/element - {"using":"xpath","value":"(//span[contains(@id, \"-application-manageresources-display-component---newResourceUnit--RUTimeSegment-0-arrow\")])[2]"}
RESULT: {"using":"xpath","value":"(//span[contains(@id, \"-application-manageresources-display-component---newResourceUnit--RUTimeSegment-0-arrow\")])[2]"}
COMMAND: POST /session/8b9d24fb39cbfc9e79ab89721a1c9e7d/element/f.7652131D378371FA98FE7F43E0E28151.d.15B051D5142515129CB348BCD9B006E6.e.25749/click - {}
RESULT: {}
COMMAND: POST /session/8b9d24fb39cbfc9e79ab89721a1c9e7d/element - {"using":"xpath","value":"//span[contains(text(), \"PM Order\")]"}
COMMAND: GET /session/8b9d24fb39cbfc9e79ab89721a1c9e7d/screenshot - {}
RESULT: {"using":"xpath","value":"//span[contains(text(), \"PM Order\")]"}
COMMAND: POST /session/8b9d24fb39cbfc9e79ab89721a1c9e7d/element/f.7652131D378371FA98FE7F43E0E28151.d.15B051D5142515129CB348BCD9B006E6.e.25750/click - {}
RESULT: {}
RESULT: {}
COMMAND: GET /session/8b9d24fb39cbfc9e79ab89721a1c9e7d/screenshot - {}
RESULT: {}
COMMAND: POST /session/8b9d24fb39cbfc9e79ab89721a1c9e7d/element - {"using":"xpath","value":"//td/div/div/div/span[contains(@id, \"newResourceUnit--RUTimeSegment-0-vhi\")][1]"}
RESULT: {"using":"xpath","value":"//td/div/div/div/span[contains(@id, \"newResourceUnit--RUTimeSegment-0-vhi\")][1]"}
COMMAND: GET /session/8b9d24fb39cbfc9e79ab89721a1c9e7d/element/f.7652131D378371FA98FE7F43E0E28151.d.15B051D5142515129CB348BCD9B006E6.e.25754/rect - {}
RESULT: {}
COMMAND: GET /session/8b9d24fb39cbfc9e79ab89721a1c9e7d/window/rect - {}
RESULT: {}
COMMAND: POST /session/8b9d24fb39cbfc9e79ab89721a1c9e7d/execute/sync - {"script":"<script> [92 bytes]","args":[]}
RESULT: {"script":"<script> [92 bytes]","args":[]}
COMMAND: POST /session/8b9d24fb39cbfc9e79ab89721a1c9e7d/actions - {"actions":[{"id":"action78","type":"wheel","parameters":{},"actions":[{"type":"scroll","x":-1888,"y":-24,"deltaX":0,"deltaY":0,"duration":0,"origin":{"element-6066-11e4-a52e-4f735466cecf":"f.7652131D378371FA98FE7F43E0E28151.d.15B051D5142515129CB348BCD9B006E6.e.25754"}}]}]}
COMMAND: GET /session/8b9d24fb39cbfc9e79ab89721a1c9e7d/screenshot - {}
RESULT: {}
COMMAND: POST /session/8b9d24fb39cbfc9e79ab89721a1c9e7d/execute/sync - {"script":"<script> [79 bytes]","args":[{"element-6066-11e4-a52e-4f735466cecf":"f.7652131D378371FA98FE7F43E0E28151.d.15B051D5142515129CB348BCD9B006E6.e.25754","ELEMENT":"f.7652131D378371FA98FE7F43E0E28151.d.15B051D5142515129CB348BCD9B006E6.e.25754"},{"block":"start","inline":"nearest"}]}
RESULT: {"script":"<script> [79 bytes]","args":[{"element-6066-11e4-a52e-4f735466cecf":"f.7652131D378371FA98FE7F43E0E28151.d.15B051D5142515129CB348BCD9B006E6.e.25754","ELEMENT":"f.7652131D378371FA98FE7F43E0E28151.d.15B051D5142515129CB348BCD9B006E6.e.25754"},{"block":"start","inline":"nearest"}]}
COMMAND: GET /session/8b9d24fb39cbfc9e79ab89721a1c9e7d/screenshot - {}
RESULT: {}
COMMAND: POST /session/8b9d24fb39cbfc9e79ab89721a1c9e7d/element/f.7652131D378371FA98FE7F43E0E28151.d.15B051D5142515129CB348BCD9B006E6.e.25754/click - {}
RESULT: {}
COMMAND: GET /session/8b9d24fb39cbfc9e79ab89721a1c9e7d/screenshot - {}
RESULT: {}
COMMAND: POST /session/8b9d24fb39cbfc9e79ab89721a1c9e7d/execute/async - {"script":"<script> [1562 bytes]","args":[{"selector":{"controlType":"sap.m.SearchField","properties":{"placeholder":"Search"},"searchOpenDialogs":true,"interaction":{"idSuffix":"I"}},"wdio_ui5_key":"sapm.SearchField{\"placeholder\":\"Search\"}"}]}
RESULT: {"script":"<script> [1562 bytes]","args":[{"selector":{"controlType":"sap.m.SearchField","properties":{"placeholder":"Search"},"searchOpenDialogs":true,"interaction":{"idSuffix":"I"}},"wdio_ui5_key":"sapm.SearchField{\"placeholder\":\"Search\"}"}]}
RESULT: undefined
COMMAND: POST /session/8b9d24fb39cbfc9e79ab89721a1c9e7d/execute/async - {"script":"<script> [776 bytes]","args":[{"enterText":"4000360","selector":{"controlType":"sap.m.SearchField","properties":{"placeholder":"Search"},"searchOpenDialogs":true,"interaction":{"idSuffix":"I"}},"clearTextFirst":true,"interactionType":"ENTER_TEXT"}]}
RESULT: {"script":"<script> [776 bytes]","args":[{"enterText":"4000360","selector":{"controlType":"sap.m.SearchField","properties":{"placeholder":"Search"},"searchOpenDialogs":true,"interaction":{"idSuffix":"I"}},"clearTextFirst":true,"interactionType":"ENTER_TEXT"}]}
COMMAND: POST /session/8b9d24fb39cbfc9e79ab89721a1c9e7d/actions - {"actions":[{"id":"action79","type":"key","parameters":{},"actions":[{"type":"keyDown","value":""},{"type":"pause","duration":10},{"type":"keyUp","value":""}]}]}
RESULT: {"actions":[{"id":"action79","type":"key","parameters":{},"actions":[{"type":"keyDown","value":""},{"type":"pause","duration":10},{"type":"keyUp","value":""}]}]}
COMMAND: GET /session/8b9d24fb39cbfc9e79ab89721a1c9e7d/screenshot - {}
RESULT: {}
COMMAND: POST /session/8b9d24fb39cbfc9e79ab89721a1c9e7d/element - {"using":"xpath","value":"//td/div/span[contains(text(), \"BGL Vehicles\")]"}
RESULT: {"using":"xpath","value":"//td/div/span[contains(text(), \"BGL Vehicles\")]"}
COMMAND: POST /session/8b9d24fb39cbfc9e79ab89721a1c9e7d/element/f.7652131D378371FA98FE7F43E0E28151.d.15B051D5142515129CB348BCD9B006E6.e.25776/click - {}
RESULT: {}
COMMAND: GET /session/8b9d24fb39cbfc9e79ab89721a1c9e7d/screenshot - {}
RESULT: {}
COMMAND: POST /session/8b9d24fb39cbfc9e79ab89721a1c9e7d/element - {"using":"xpath","value":"//bdi[contains(text(), \"OK\")]"}
RESULT: {"using":"xpath","value":"//bdi[contains(text(), \"OK\")]"}
COMMAND: POST /session/8b9d24fb39cbfc9e79ab89721a1c9e7d/element/f.7652131D378371FA98FE7F43E0E28151.d.15B051D5142515129CB348BCD9B006E6.e.25777/click - {}
RESULT: {}
COMMAND: GET /session/8b9d24fb39cbfc9e79ab89721a1c9e7d/screenshot - {}
RESULT: {}
COMMAND: POST /session/8b9d24fb39cbfc9e79ab89721a1c9e7d/element - {"using":"xpath","value":"//label[contains(@class, 'sapMLabelRequired') and .//bdi[contains(text(), 'Planned Retirement')]]"}
RESULT: {"using":"xpath","value":"//label[contains(@class, 'sapMLabelRequired') and .//bdi[contains(text(), 'Planned Retirement')]]"}
COMMAND: POST /session/8b9d24fb39cbfc9e79ab89721a1c9e7d/elements - {"using":"xpath","value":"//label[contains(@class, 'sapMLabelRequired') and .//bdi[contains(text(), 'Planned Retirement')]]"}
RESULT: {"using":"xpath","value":"//label[contains(@class, 'sapMLabelRequired') and .//bdi[contains(text(), 'Planned Retirement')]]"}
COMMAND: POST /session/8b9d24fb39cbfc9e79ab89721a1c9e7d/element - {"using":"xpath","value":"//button[@data-kt=\"resourceUnitSaveButton\"]"}
RESULT: {"using":"xpath","value":"//button[@data-kt=\"resourceUnitSaveButton\"]"}
COMMAND: POST /session/8b9d24fb39cbfc9e79ab89721a1c9e7d/element/f.7652131D378371FA98FE7F43E0E28151.d.15B051D5142515129CB348BCD9B006E6.e.25610/click - {}
RESULT: {}
COMMAND: GET /session/8b9d24fb39cbfc9e79ab89721a1c9e7d/screenshot - {}
RESULT: {}
COMMAND: POST /session/8b9d24fb39cbfc9e79ab89721a1c9e7d/element - {"using":"xpath","value":"//bdi[contains(text(), \"Close\")]"}
RESULT: {"using":"xpath","value":"//bdi[contains(text(), \"Close\")]"}
COMMAND: POST /session/8b9d24fb39cbfc9e79ab89721a1c9e7d/element/f.7652131D378371FA98FE7F43E0E28151.d.15B051D5142515129CB348BCD9B006E6.e.25783/click - {}
RESULT: {}
COMMAND: GET /session/8b9d24fb39cbfc9e79ab89721a1c9e7d/screenshot - {}
RESULT: {}
COMMAND: POST /session/8b9d24fb39cbfc9e79ab89721a1c9e7d/element - {"using":"xpath","value":"//header[contains(@id, 'detailRruPage-headerTitle')]/div[1]/div[2]/div[2]/span[1]"}
RESULT: {"using":"xpath","value":"//header[contains(@id, 'detailRruPage-headerTitle')]/div[1]/div[2]/div[2]/span[1]"}
COMMAND: POST /session/8b9d24fb39cbfc9e79ab89721a1c9e7d/elements - {"using":"xpath","value":"//header[contains(@id, 'detailRruPage-headerTitle')]/div[1]/div[2]/div[2]/span[1]"}
RESULT: {"using":"xpath","value":"//header[contains(@id, 'detailRruPage-headerTitle')]/div[1]/div[2]/div[2]/span[1]"}
COMMAND: POST /session/8b9d24fb39cbfc9e79ab89721a1c9e7d/execute/sync - {"script":"<script> [56 bytes]","args":[{"element-6066-11e4-a52e-4f735466cecf":"f.7652131D378371FA98FE7F43E0E28151.d.15B051D5142515129CB348BCD9B006E6.e.25811","ELEMENT":"f.7652131D378371FA98FE7F43E0E28151.d.15B051D5142515129CB348BCD9B006E6.e.25811"}]}
RESULT: {"script":"<script> [56 bytes]","args":[{"element-6066-11e4-a52e-4f735466cecf":"f.7652131D378371FA98FE7F43E0E28151.d.15B051D5142515129CB348BCD9B006E6.e.25811","ELEMENT":"f.7652131D378371FA98FE7F43E0E28151.d.15B051D5142515129CB348BCD9B006E6.e.25811"}]}
COMMAND: POST /session/8b9d24fb39cbfc9e79ab89721a1c9e7d/element - {"using":"css selector","value":"#shell-header-logo"}
COMMAND: GET /session/8b9d24fb39cbfc9e79ab89721a1c9e7d/screenshot - {}
RESULT: {"using":"css selector","value":"#shell-header-logo"}
COMMAND: POST /session/8b9d24fb39cbfc9e79ab89721a1c9e7d/element/f.7652131D378371FA98FE7F43E0E28151.d.15B051D5142515129CB348BCD9B006E6.e.25273/click - {}
RESULT: {}
RESULT: {}
COMMAND: GET /session/8b9d24fb39cbfc9e79ab89721a1c9e7d/screenshot - {}
RESULT: {}
]]></system-out>
    </testcase>
    <testcase classname="chrome.137_0_7151_69.windows.Create_masterdata_for_Yard_Overview_-_trigger_provide_US130988" name="Bin Status Report Should Create New Organization yard" time="0.003"/>
    <testcase classname="chrome.137_0_7151_69.windows.Create_masterdata_for_Yard_Overview_-_trigger_provide_US130988" name="Create a Warehouse Movement for created yard" time="45.141">
      <system-out><![CDATA[
COMMAND: POST /session/8b9d24fb39cbfc9e79ab89721a1c9e7d/execute/async - {"script":"<script> [1562 bytes]","args":[{"selector":{"controlType":"sap.m.GenericTile","properties":{"header":"Manage Warehouse Movements"}},"wdio_ui5_key":"sapm.GenericTile{\"header\":\"Manage Warehouse Movements\"}"}]}
RESULT: {"script":"<script> [1562 bytes]","args":[{"selector":{"controlType":"sap.m.GenericTile","properties":{"header":"Manage Warehouse Movements"}},"wdio_ui5_key":"sapm.GenericTile{\"header\":\"Manage Warehouse Movements\"}"}]}
RESULT: undefined
COMMAND: POST /session/8b9d24fb39cbfc9e79ab89721a1c9e7d/element - {"using":"xpath","value":"//*[@id=\"__tile107\"]"}
RESULT: {"using":"xpath","value":"//*[@id=\"__tile107\"]"}
COMMAND: POST /session/8b9d24fb39cbfc9e79ab89721a1c9e7d/element/f.7652131D378371FA98FE7F43E0E28151.d.15B051D5142515129CB348BCD9B006E6.e.25813/click - {}
RESULT: {}
COMMAND: POST /session/8b9d24fb39cbfc9e79ab89721a1c9e7d/element - {"using":"xpath","value":"//input[@id='application-warehousemovements-display-component---warehouseMovements--smartFilterBar-filterItemControl_BASIC-YARD-inner']"}
COMMAND: GET /session/8b9d24fb39cbfc9e79ab89721a1c9e7d/screenshot - {}
RESULT: {"using":"xpath","value":"//input[@id='application-warehousemovements-display-component---warehouseMovements--smartFilterBar-filterItemControl_BASIC-YARD-inner']"}
COMMAND: POST /session/8b9d24fb39cbfc9e79ab89721a1c9e7d/elements - {"using":"xpath","value":"//input[@id='application-warehousemovements-display-component---warehouseMovements--smartFilterBar-filterItemControl_BASIC-YARD-inner']"}
RESULT: {}
RESULT: {"using":"xpath","value":"//input[@id='application-warehousemovements-display-component---warehouseMovements--smartFilterBar-filterItemControl_BASIC-YARD-inner']"}
COMMAND: POST /session/8b9d24fb39cbfc9e79ab89721a1c9e7d/elements - {"using":"xpath","value":"//input[@id='application-warehousemovements-display-component---warehouseMovements--smartFilterBar-filterItemControl_BASIC-YARD-inner']"}
RESULT: {"using":"xpath","value":"//input[@id='application-warehousemovements-display-component---warehouseMovements--smartFilterBar-filterItemControl_BASIC-YARD-inner']"}
COMMAND: POST /session/8b9d24fb39cbfc9e79ab89721a1c9e7d/elements - {"using":"xpath","value":"//input[@id='application-warehousemovements-display-component---warehouseMovements--smartFilterBar-filterItemControl_BASIC-YARD-inner']"}
RESULT: {"using":"xpath","value":"//input[@id='application-warehousemovements-display-component---warehouseMovements--smartFilterBar-filterItemControl_BASIC-YARD-inner']"}
COMMAND: POST /session/8b9d24fb39cbfc9e79ab89721a1c9e7d/elements - {"using":"xpath","value":"//input[@id='application-warehousemovements-display-component---warehouseMovements--smartFilterBar-filterItemControl_BASIC-YARD-inner']"}
RESULT: {"using":"xpath","value":"//input[@id='application-warehousemovements-display-component---warehouseMovements--smartFilterBar-filterItemControl_BASIC-YARD-inner']"}
COMMAND: POST /session/8b9d24fb39cbfc9e79ab89721a1c9e7d/elements - {"using":"xpath","value":"//input[@id='application-warehousemovements-display-component---warehouseMovements--smartFilterBar-filterItemControl_BASIC-YARD-inner']"}
RESULT: {"using":"xpath","value":"//input[@id='application-warehousemovements-display-component---warehouseMovements--smartFilterBar-filterItemControl_BASIC-YARD-inner']"}
COMMAND: POST /session/8b9d24fb39cbfc9e79ab89721a1c9e7d/elements - {"using":"xpath","value":"//input[@id='application-warehousemovements-display-component---warehouseMovements--smartFilterBar-filterItemControl_BASIC-YARD-inner']"}
RESULT: {"using":"xpath","value":"//input[@id='application-warehousemovements-display-component---warehouseMovements--smartFilterBar-filterItemControl_BASIC-YARD-inner']"}
COMMAND: POST /session/8b9d24fb39cbfc9e79ab89721a1c9e7d/elements - {"using":"xpath","value":"//input[@id='application-warehousemovements-display-component---warehouseMovements--smartFilterBar-filterItemControl_BASIC-YARD-inner']"}
RESULT: {"using":"xpath","value":"//input[@id='application-warehousemovements-display-component---warehouseMovements--smartFilterBar-filterItemControl_BASIC-YARD-inner']"}
COMMAND: POST /session/8b9d24fb39cbfc9e79ab89721a1c9e7d/element - {"using":"xpath","value":"//input[@id='application-warehousemovements-display-component---warehouseMovements--smartFilterBar-filterItemControl_BASIC-YARD-inner']"}
RESULT: {"using":"xpath","value":"//input[@id='application-warehousemovements-display-component---warehouseMovements--smartFilterBar-filterItemControl_BASIC-YARD-inner']"}
COMMAND: POST /session/8b9d24fb39cbfc9e79ab89721a1c9e7d/execute/sync - {"script":"<script> [8489 bytes]","args":[{"element-6066-11e4-a52e-4f735466cecf":"f.7652131D378371FA98FE7F43E0E28151.d.15B051D5142515129CB348BCD9B006E6.e.25823","ELEMENT":"f.7652131D378371FA98FE7F43E0E28151.d.15B051D5142515129CB348BCD9B006E6.e.25823"}]}
RESULT: {"script":"<script> [8489 bytes]","args":[{"element-6066-11e4-a52e-4f735466cecf":"f.7652131D378371FA98FE7F43E0E28151.d.15B051D5142515129CB348BCD9B006E6.e.25823","ELEMENT":"f.7652131D378371FA98FE7F43E0E28151.d.15B051D5142515129CB348BCD9B006E6.e.25823"}]}
COMMAND: GET /session/8b9d24fb39cbfc9e79ab89721a1c9e7d/element/f.7652131D378371FA98FE7F43E0E28151.d.15B051D5142515129CB348BCD9B006E6.e.25823/enabled - {}
COMMAND: GET /session/8b9d24fb39cbfc9e79ab89721a1c9e7d/screenshot - {}
RESULT: {}
COMMAND: POST /session/8b9d24fb39cbfc9e79ab89721a1c9e7d/execute/sync - {"script":"<script> [8489 bytes]","args":[{"element-6066-11e4-a52e-4f735466cecf":"f.7652131D378371FA98FE7F43E0E28151.d.15B051D5142515129CB348BCD9B006E6.e.25823","ELEMENT":"f.7652131D378371FA98FE7F43E0E28151.d.15B051D5142515129CB348BCD9B006E6.e.25823"}]}
COMMAND: GET /session/8b9d24fb39cbfc9e79ab89721a1c9e7d/screenshot - {}
RESULT: {}
RESULT: {"script":"<script> [8489 bytes]","args":[{"element-6066-11e4-a52e-4f735466cecf":"f.7652131D378371FA98FE7F43E0E28151.d.15B051D5142515129CB348BCD9B006E6.e.25823","ELEMENT":"f.7652131D378371FA98FE7F43E0E28151.d.15B051D5142515129CB348BCD9B006E6.e.25823"}]}
COMMAND: POST /session/8b9d24fb39cbfc9e79ab89721a1c9e7d/execute/sync - {"script":"<script> [5351 bytes]","args":[{"element-6066-11e4-a52e-4f735466cecf":"f.7652131D378371FA98FE7F43E0E28151.d.15B051D5142515129CB348BCD9B006E6.e.25823","ELEMENT":"f.7652131D378371FA98FE7F43E0E28151.d.15B051D5142515129CB348BCD9B006E6.e.25823"}]}
COMMAND: GET /session/8b9d24fb39cbfc9e79ab89721a1c9e7d/screenshot - {}
RESULT: {}
RESULT: {"script":"<script> [5351 bytes]","args":[{"element-6066-11e4-a52e-4f735466cecf":"f.7652131D378371FA98FE7F43E0E28151.d.15B051D5142515129CB348BCD9B006E6.e.25823","ELEMENT":"f.7652131D378371FA98FE7F43E0E28151.d.15B051D5142515129CB348BCD9B006E6.e.25823"}]}
COMMAND: GET /session/8b9d24fb39cbfc9e79ab89721a1c9e7d/screenshot - {}
RESULT: {}
RESULT: {}
COMMAND: POST /session/8b9d24fb39cbfc9e79ab89721a1c9e7d/element/f.7652131D378371FA98FE7F43E0E28151.d.15B051D5142515129CB348BCD9B006E6.e.25823/clear - {}
RESULT: {}
COMMAND: POST /session/8b9d24fb39cbfc9e79ab89721a1c9e7d/element/f.7652131D378371FA98FE7F43E0E28151.d.15B051D5142515129CB348BCD9B006E6.e.25823/value - {"text":"237"}
COMMAND: GET /session/8b9d24fb39cbfc9e79ab89721a1c9e7d/screenshot - {}
RESULT: {}
RESULT: {"text":"237"}
COMMAND: POST /session/8b9d24fb39cbfc9e79ab89721a1c9e7d/actions - {"actions":[{"id":"action80","type":"key","parameters":{},"actions":[{"type":"keyDown","value":""},{"type":"pause","duration":10},{"type":"keyUp","value":""}]}]}
COMMAND: GET /session/8b9d24fb39cbfc9e79ab89721a1c9e7d/screenshot - {}
RESULT: {"actions":[{"id":"action80","type":"key","parameters":{},"actions":[{"type":"keyDown","value":""},{"type":"pause","duration":10},{"type":"keyUp","value":""}]}]}
COMMAND: GET /session/8b9d24fb39cbfc9e79ab89721a1c9e7d/screenshot - {}
RESULT: {}
RESULT: {}
COMMAND: POST /session/8b9d24fb39cbfc9e79ab89721a1c9e7d/element - {"using":"xpath","value":"//button[contains(@data-kt, \"MasterMovementAddOverflowToolbarButton\")]"}
RESULT: {"using":"xpath","value":"//button[contains(@data-kt, \"MasterMovementAddOverflowToolbarButton\")]"}
COMMAND: POST /session/8b9d24fb39cbfc9e79ab89721a1c9e7d/element/f.7652131D378371FA98FE7F43E0E28151.d.15B051D5142515129CB348BCD9B006E6.e.25861/click - {}
RESULT: {}
COMMAND: GET /session/8b9d24fb39cbfc9e79ab89721a1c9e7d/screenshot - {}
RESULT: {}
COMMAND: POST /session/8b9d24fb39cbfc9e79ab89721a1c9e7d/element - {"using":"xpath","value":"//*[@id=\"application-warehousemovements-display-component---addMovement--sectionsList-arrow\"]"}
RESULT: {"using":"xpath","value":"//*[@id=\"application-warehousemovements-display-component---addMovement--sectionsList-arrow\"]"}
COMMAND: POST /session/8b9d24fb39cbfc9e79ab89721a1c9e7d/element/f.7652131D378371FA98FE7F43E0E28151.d.15B051D5142515129CB348BCD9B006E6.e.26063/click - {}
RESULT: {}
COMMAND: POST /session/8b9d24fb39cbfc9e79ab89721a1c9e7d/actions - {"actions":[{"id":"action81","type":"key","parameters":{},"actions":[{"type":"keyDown","value":""},{"type":"pause","duration":10},{"type":"keyUp","value":""}]}]}
COMMAND: GET /session/8b9d24fb39cbfc9e79ab89721a1c9e7d/screenshot - {}
RESULT: {"actions":[{"id":"action81","type":"key","parameters":{},"actions":[{"type":"keyDown","value":""},{"type":"pause","duration":10},{"type":"keyUp","value":""}]}]}
COMMAND: GET /session/8b9d24fb39cbfc9e79ab89721a1c9e7d/screenshot - {}
RESULT: {}
RESULT: {}
COMMAND: POST /session/8b9d24fb39cbfc9e79ab89721a1c9e7d/actions - {"actions":[{"id":"action82","type":"key","parameters":{},"actions":[{"type":"keyDown","value":""},{"type":"pause","duration":10},{"type":"keyUp","value":""}]}]}
RESULT: {"actions":[{"id":"action82","type":"key","parameters":{},"actions":[{"type":"keyDown","value":""},{"type":"pause","duration":10},{"type":"keyUp","value":""}]}]}
COMMAND: GET /session/8b9d24fb39cbfc9e79ab89721a1c9e7d/screenshot - {}
RESULT: {}
COMMAND: POST /session/8b9d24fb39cbfc9e79ab89721a1c9e7d/element - {"using":"xpath","value":"//*[@id=\"application-warehousemovements-display-component---addMovement--saveMovementBtn-BDI-content\" and text()=\"Save\"]"}
RESULT: {"using":"xpath","value":"//*[@id=\"application-warehousemovements-display-component---addMovement--saveMovementBtn-BDI-content\" and text()=\"Save\"]"}
COMMAND: POST /session/8b9d24fb39cbfc9e79ab89721a1c9e7d/element/f.7652131D378371FA98FE7F43E0E28151.d.15B051D5142515129CB348BCD9B006E6.e.26064/click - {}
RESULT: {}
COMMAND: GET /session/8b9d24fb39cbfc9e79ab89721a1c9e7d/screenshot - {}
RESULT: {}
COMMAND: POST /session/8b9d24fb39cbfc9e79ab89721a1c9e7d/element - {"using":"css selector","value":"#shell-header-logo"}
RESULT: {"using":"css selector","value":"#shell-header-logo"}
COMMAND: POST /session/8b9d24fb39cbfc9e79ab89721a1c9e7d/element/f.7652131D378371FA98FE7F43E0E28151.d.15B051D5142515129CB348BCD9B006E6.e.25817/click - {}
RESULT: {}
COMMAND: GET /session/8b9d24fb39cbfc9e79ab89721a1c9e7d/screenshot - {}
RESULT: {}
]]></system-out>
    </testcase>
    <testcase classname="chrome.137_0_7151_69.windows.Create_masterdata_for_Yard_Overview_-_trigger_provide_US130988" name="Should do a stock increase handover for equipment" time="103.591">
      <system-out><![CDATA[
COMMAND: POST /session/8b9d24fb39cbfc9e79ab89721a1c9e7d/execute/async - {"script":"<script> [1562 bytes]","args":[{"selector":{"controlType":"sap.m.GenericTile","properties":{"header":"Manage Handovers"}},"wdio_ui5_key":"sapm.GenericTile{\"header\":\"Manage Handovers\"}"}]}
RESULT: {"script":"<script> [1562 bytes]","args":[{"selector":{"controlType":"sap.m.GenericTile","properties":{"header":"Manage Handovers"}},"wdio_ui5_key":"sapm.GenericTile{\"header\":\"Manage Handovers\"}"}]}
RESULT: undefined
COMMAND: POST /session/8b9d24fb39cbfc9e79ab89721a1c9e7d/element - {"using":"xpath","value":"//*[@id=\"__tile134\"]"}
RESULT: {"using":"xpath","value":"//*[@id=\"__tile134\"]"}
COMMAND: POST /session/8b9d24fb39cbfc9e79ab89721a1c9e7d/element/f.7652131D378371FA98FE7F43E0E28151.d.15B051D5142515129CB348BCD9B006E6.e.25317/click - {}
RESULT: {}
COMMAND: GET /session/8b9d24fb39cbfc9e79ab89721a1c9e7d/screenshot - {}
RESULT: {}
COMMAND: POST /session/8b9d24fb39cbfc9e79ab89721a1c9e7d/elements - {"using":"xpath","value":"//span[text()='Error']"}
RESULT: {"using":"xpath","value":"//span[text()='Error']"}
COMMAND: POST /session/8b9d24fb39cbfc9e79ab89721a1c9e7d/element - {"using":"xpath","value":"//button[@data-kt=\"masterHOAddButton\"]"}
RESULT: {"using":"xpath","value":"//button[@data-kt=\"masterHOAddButton\"]"}
COMMAND: POST /session/8b9d24fb39cbfc9e79ab89721a1c9e7d/elements - {"using":"xpath","value":"//button[@data-kt=\"masterHOAddButton\"]"}
RESULT: {"using":"xpath","value":"//button[@data-kt=\"masterHOAddButton\"]"}
COMMAND: POST /session/8b9d24fb39cbfc9e79ab89721a1c9e7d/elements - {"using":"xpath","value":"//button[@data-kt=\"masterHOAddButton\"]"}
RESULT: {"using":"xpath","value":"//button[@data-kt=\"masterHOAddButton\"]"}
COMMAND: POST /session/8b9d24fb39cbfc9e79ab89721a1c9e7d/elements - {"using":"xpath","value":"//button[@data-kt=\"masterHOAddButton\"]"}
RESULT: {"using":"xpath","value":"//button[@data-kt=\"masterHOAddButton\"]"}
COMMAND: POST /session/8b9d24fb39cbfc9e79ab89721a1c9e7d/elements - {"using":"xpath","value":"//button[@data-kt=\"masterHOAddButton\"]"}
RESULT: {"using":"xpath","value":"//button[@data-kt=\"masterHOAddButton\"]"}
COMMAND: POST /session/8b9d24fb39cbfc9e79ab89721a1c9e7d/element - {"using":"xpath","value":"//button[@data-kt=\"masterHOAddButton\"]"}
RESULT: {"using":"xpath","value":"//button[@data-kt=\"masterHOAddButton\"]"}
COMMAND: POST /session/8b9d24fb39cbfc9e79ab89721a1c9e7d/execute/sync - {"script":"<script> [8489 bytes]","args":[{"element-6066-11e4-a52e-4f735466cecf":"f.7652131D378371FA98FE7F43E0E28151.d.15B051D5142515129CB348BCD9B006E6.e.26111","ELEMENT":"f.7652131D378371FA98FE7F43E0E28151.d.15B051D5142515129CB348BCD9B006E6.e.26111"}]}
RESULT: {"script":"<script> [8489 bytes]","args":[{"element-6066-11e4-a52e-4f735466cecf":"f.7652131D378371FA98FE7F43E0E28151.d.15B051D5142515129CB348BCD9B006E6.e.26111","ELEMENT":"f.7652131D378371FA98FE7F43E0E28151.d.15B051D5142515129CB348BCD9B006E6.e.26111"}]}
COMMAND: GET /session/8b9d24fb39cbfc9e79ab89721a1c9e7d/element/f.7652131D378371FA98FE7F43E0E28151.d.15B051D5142515129CB348BCD9B006E6.e.26111/enabled - {}
COMMAND: GET /session/8b9d24fb39cbfc9e79ab89721a1c9e7d/screenshot - {}
RESULT: {}
COMMAND: POST /session/8b9d24fb39cbfc9e79ab89721a1c9e7d/execute/sync - {"script":"<script> [8489 bytes]","args":[{"element-6066-11e4-a52e-4f735466cecf":"f.7652131D378371FA98FE7F43E0E28151.d.15B051D5142515129CB348BCD9B006E6.e.26111","ELEMENT":"f.7652131D378371FA98FE7F43E0E28151.d.15B051D5142515129CB348BCD9B006E6.e.26111"}]}
COMMAND: GET /session/8b9d24fb39cbfc9e79ab89721a1c9e7d/screenshot - {}
RESULT: {}
RESULT: {"script":"<script> [8489 bytes]","args":[{"element-6066-11e4-a52e-4f735466cecf":"f.7652131D378371FA98FE7F43E0E28151.d.15B051D5142515129CB348BCD9B006E6.e.26111","ELEMENT":"f.7652131D378371FA98FE7F43E0E28151.d.15B051D5142515129CB348BCD9B006E6.e.26111"}]}
COMMAND: POST /session/8b9d24fb39cbfc9e79ab89721a1c9e7d/execute/sync - {"script":"<script> [5351 bytes]","args":[{"element-6066-11e4-a52e-4f735466cecf":"f.7652131D378371FA98FE7F43E0E28151.d.15B051D5142515129CB348BCD9B006E6.e.26111","ELEMENT":"f.7652131D378371FA98FE7F43E0E28151.d.15B051D5142515129CB348BCD9B006E6.e.26111"}]}
COMMAND: GET /session/8b9d24fb39cbfc9e79ab89721a1c9e7d/screenshot - {}
RESULT: {}
RESULT: {"script":"<script> [5351 bytes]","args":[{"element-6066-11e4-a52e-4f735466cecf":"f.7652131D378371FA98FE7F43E0E28151.d.15B051D5142515129CB348BCD9B006E6.e.26111","ELEMENT":"f.7652131D378371FA98FE7F43E0E28151.d.15B051D5142515129CB348BCD9B006E6.e.26111"}]}
COMMAND: POST /session/8b9d24fb39cbfc9e79ab89721a1c9e7d/element/f.7652131D378371FA98FE7F43E0E28151.d.15B051D5142515129CB348BCD9B006E6.e.26111/click - {}
COMMAND: GET /session/8b9d24fb39cbfc9e79ab89721a1c9e7d/screenshot - {}
RESULT: {}
RESULT: {}
COMMAND: GET /session/8b9d24fb39cbfc9e79ab89721a1c9e7d/screenshot - {}
COMMAND: POST /session/8b9d24fb39cbfc9e79ab89721a1c9e7d/element - {"using":"xpath","value":"//span[contains(@id ,\"AddNewHO--typeSelect-arrow\")]"}
RESULT: {}
RESULT: {}
RESULT: {"using":"xpath","value":"//span[contains(@id ,\"AddNewHO--typeSelect-arrow\")]"}
COMMAND: POST /session/8b9d24fb39cbfc9e79ab89721a1c9e7d/element/f.7652131D378371FA98FE7F43E0E28151.d.15B051D5142515129CB348BCD9B006E6.e.26446/click - {}
RESULT: {}
COMMAND: GET /session/8b9d24fb39cbfc9e79ab89721a1c9e7d/screenshot - {}
RESULT: {}
COMMAND: POST /session/8b9d24fb39cbfc9e79ab89721a1c9e7d/element - {"using":"xpath","value":"(//li[contains(text(), \"stock increase yard\")])[1]"}
RESULT: {"using":"xpath","value":"(//li[contains(text(), \"stock increase yard\")])[1]"}
COMMAND: POST /session/8b9d24fb39cbfc9e79ab89721a1c9e7d/element/f.7652131D378371FA98FE7F43E0E28151.d.15B051D5142515129CB348BCD9B006E6.e.26447/click - {}
RESULT: {}
COMMAND: GET /session/8b9d24fb39cbfc9e79ab89721a1c9e7d/screenshot - {}
RESULT: {}
COMMAND: POST /session/8b9d24fb39cbfc9e79ab89721a1c9e7d/execute/async - {"script":"<script> [1562 bytes]","args":[{"selector":{"id":"application-managehandovers-display-component---AddNewHO--dueDate","interaction":{"idSuffix":"inner"}},"wdio_ui5_key":"applicationmanagehandovers-display-component---AddNewHO--dueDate"}]}
RESULT: {"script":"<script> [1562 bytes]","args":[{"selector":{"id":"application-managehandovers-display-component---AddNewHO--dueDate","interaction":{"idSuffix":"inner"}},"wdio_ui5_key":"applicationmanagehandovers-display-component---AddNewHO--dueDate"}]}
RESULT: undefined
COMMAND: POST /session/8b9d24fb39cbfc9e79ab89721a1c9e7d/execute/async - {"script":"<script> [6424 bytes]","args":[{"element-6066-11e4-a52e-4f735466cecf":"f.7652131D378371FA98FE7F43E0E28151.d.15B051D5142515129CB348BCD9B006E6.e.26451"},"setValue",["6/13/25"]]}
RESULT: {"script":"<script> [6424 bytes]","args":[{"element-6066-11e4-a52e-4f735466cecf":"f.7652131D378371FA98FE7F43E0E28151.d.15B051D5142515129CB348BCD9B006E6.e.26451"},"setValue",["6/13/25"]]}
COMMAND: POST /session/8b9d24fb39cbfc9e79ab89721a1c9e7d/element - {"using":"xpath","value":"//input[@id=\"generalSectionFrg--receiveYard-inner\"]"}
RESULT: {"using":"xpath","value":"//input[@id=\"generalSectionFrg--receiveYard-inner\"]"}
COMMAND: POST /session/8b9d24fb39cbfc9e79ab89721a1c9e7d/element/f.7652131D378371FA98FE7F43E0E28151.d.15B051D5142515129CB348BCD9B006E6.e.26457/clear - {}
RESULT: {}
COMMAND: POST /session/8b9d24fb39cbfc9e79ab89721a1c9e7d/element/f.7652131D378371FA98FE7F43E0E28151.d.15B051D5142515129CB348BCD9B006E6.e.26457/value - {"text":"237"}
COMMAND: GET /session/8b9d24fb39cbfc9e79ab89721a1c9e7d/screenshot - {}
RESULT: {"text":"237"}
COMMAND: GET /session/8b9d24fb39cbfc9e79ab89721a1c9e7d/screenshot - {}
RESULT: {}
RESULT: {}
COMMAND: POST /session/8b9d24fb39cbfc9e79ab89721a1c9e7d/element - {"using":"xpath","value":"//li[.//span[contains(normalize-space(.), '237 -')]]"}
RESULT: {"using":"xpath","value":"//li[.//span[contains(normalize-space(.), '237 -')]]"}
COMMAND: POST /session/8b9d24fb39cbfc9e79ab89721a1c9e7d/element/f.7652131D378371FA98FE7F43E0E28151.d.15B051D5142515129CB348BCD9B006E6.e.26473/click - {}
RESULT: {}
COMMAND: GET /session/8b9d24fb39cbfc9e79ab89721a1c9e7d/screenshot - {}
RESULT: {}
COMMAND: POST /session/8b9d24fb39cbfc9e79ab89721a1c9e7d/execute/async - {"script":"<script> [1562 bytes]","args":[{"selector":{"id":"application-managehandovers-display-component---AddNewHO--ObjectPageLayout-anchBar-application-managehandovers-display-component---AddNewHO--section4-anchor","interaction":{"idSuffix":"BDI-content"}},"wdio_ui5_key":"applicationmanagehandovers-display-component---AddNewHO--ObjectPageLayout-anchBar-application-managehandovers-display-component---AddNewHO--section4-anchor"}]}
RESULT: {"script":"<script> [1562 bytes]","args":[{"selector":{"id":"application-managehandovers-display-component---AddNewHO--ObjectPageLayout-anchBar-application-managehandovers-display-component---AddNewHO--section4-anchor","interaction":{"idSuffix":"BDI-content"}},"wdio_ui5_key":"applicationmanagehandovers-display-component---AddNewHO--ObjectPageLayout-anchBar-application-managehandovers-display-component---AddNewHO--section4-anchor"}]}
RESULT: undefined
COMMAND: POST /session/8b9d24fb39cbfc9e79ab89721a1c9e7d/element - {"using":"xpath","value":"//*[@id=\"application-managehandovers-display-component---AddNewHO--ObjectPageLayout-anchBar-application-managehandovers-display-component---AddNewHO--section4-anchor\"]"}
RESULT: {"using":"xpath","value":"//*[@id=\"application-managehandovers-display-component---AddNewHO--ObjectPageLayout-anchBar-application-managehandovers-display-component---AddNewHO--section4-anchor\"]"}
COMMAND: POST /session/8b9d24fb39cbfc9e79ab89721a1c9e7d/element/f.7652131D378371FA98FE7F43E0E28151.d.15B051D5142515129CB348BCD9B006E6.e.26475/click - {}
RESULT: {}
COMMAND: GET /session/8b9d24fb39cbfc9e79ab89721a1c9e7d/screenshot - {}
RESULT: {}
COMMAND: POST /session/8b9d24fb39cbfc9e79ab89721a1c9e7d/element - {"using":"xpath","value":"//button[@aria-label=\"Add\"]"}
RESULT: {"using":"xpath","value":"//button[@aria-label=\"Add\"]"}
COMMAND: POST /session/8b9d24fb39cbfc9e79ab89721a1c9e7d/element/f.7652131D378371FA98FE7F43E0E28151.d.15B051D5142515129CB348BCD9B006E6.e.26479/click - {}
RESULT: {}
COMMAND: GET /session/8b9d24fb39cbfc9e79ab89721a1c9e7d/screenshot - {}
RESULT: {}
COMMAND: POST /session/8b9d24fb39cbfc9e79ab89721a1c9e7d/execute/async - {"script":"<script> [1562 bytes]","args":[{"selector":{"id":"application-managehandovers-display-component---AddNewHO--smartFilterBar-btnBasicSearch","searchOpenDialogs":true,"interaction":{"idSuffix":"I"}},"wdio_ui5_key":"applicationmanagehandovers-display-component---AddNewHO--smartFilterBar-btnBasicSearch"}]}
RESULT: {"script":"<script> [1562 bytes]","args":[{"selector":{"id":"application-managehandovers-display-component---AddNewHO--smartFilterBar-btnBasicSearch","searchOpenDialogs":true,"interaction":{"idSuffix":"I"}},"wdio_ui5_key":"applicationmanagehandovers-display-component---AddNewHO--smartFilterBar-btnBasicSearch"}]}
RESULT: undefined
COMMAND: POST /session/8b9d24fb39cbfc9e79ab89721a1c9e7d/execute/async - {"script":"<script> [776 bytes]","args":[{"enterText":"200125","selector":{"id":"application-managehandovers-display-component---AddNewHO--smartFilterBar-btnBasicSearch","searchOpenDialogs":true,"interaction":{"idSuffix":"I"}},"clearTextFirst":true,"interactionType":"ENTER_TEXT"}]}
RESULT: {"script":"<script> [776 bytes]","args":[{"enterText":"200125","selector":{"id":"application-managehandovers-display-component---AddNewHO--smartFilterBar-btnBasicSearch","searchOpenDialogs":true,"interaction":{"idSuffix":"I"}},"clearTextFirst":true,"interactionType":"ENTER_TEXT"}]}
COMMAND: POST /session/8b9d24fb39cbfc9e79ab89721a1c9e7d/actions - {"actions":[{"id":"action83","type":"key","parameters":{},"actions":[{"type":"keyDown","value":""},{"type":"pause","duration":10},{"type":"keyUp","value":""}]}]}
RESULT: {"actions":[{"id":"action83","type":"key","parameters":{},"actions":[{"type":"keyDown","value":""},{"type":"pause","duration":10},{"type":"keyUp","value":""}]}]}
COMMAND: GET /session/8b9d24fb39cbfc9e79ab89721a1c9e7d/screenshot - {}
RESULT: {}
COMMAND: POST /session/8b9d24fb39cbfc9e79ab89721a1c9e7d/execute/async - {"script":"<script> [1562 bytes]","args":[{"selector":{"id":"application-managehandovers-display-component---AddNewHO--popup-sa","searchOpenDialogs":true,"interaction":{"idSuffix":"CbBg"}},"wdio_ui5_key":"applicationmanagehandovers-display-component---AddNewHO--popup-sa"}]}
RESULT: {"script":"<script> [1562 bytes]","args":[{"selector":{"id":"application-managehandovers-display-component---AddNewHO--popup-sa","searchOpenDialogs":true,"interaction":{"idSuffix":"CbBg"}},"wdio_ui5_key":"applicationmanagehandovers-display-component---AddNewHO--popup-sa"}]}
RESULT: undefined
COMMAND: POST /session/8b9d24fb39cbfc9e79ab89721a1c9e7d/element - {"using":"xpath","value":"//*[@id=\"application-managehandovers-display-component---AddNewHO--popup-sa\"]"}
RESULT: {"using":"xpath","value":"//*[@id=\"application-managehandovers-display-component---AddNewHO--popup-sa\"]"}
COMMAND: POST /session/8b9d24fb39cbfc9e79ab89721a1c9e7d/element/f.7652131D378371FA98FE7F43E0E28151.d.15B051D5142515129CB348BCD9B006E6.e.26632/click - {}
RESULT: {}
COMMAND: GET /session/8b9d24fb39cbfc9e79ab89721a1c9e7d/screenshot - {}
RESULT: {}
COMMAND: POST /session/8b9d24fb39cbfc9e79ab89721a1c9e7d/element - {"using":"xpath","value":"//bdi[contains(text(), \"Select\")]"}
RESULT: {"using":"xpath","value":"//bdi[contains(text(), \"Select\")]"}
COMMAND: POST /session/8b9d24fb39cbfc9e79ab89721a1c9e7d/element/f.7652131D378371FA98FE7F43E0E28151.d.15B051D5142515129CB348BCD9B006E6.e.26633/click - {}
RESULT: {}
COMMAND: GET /session/8b9d24fb39cbfc9e79ab89721a1c9e7d/screenshot - {}
RESULT: {}
COMMAND: POST /session/8b9d24fb39cbfc9e79ab89721a1c9e7d/element - {"using":"xpath","value":"//button[@data-kt=\"AddNewHOSaveButton\"]"}
RESULT: {"using":"xpath","value":"//button[@data-kt=\"AddNewHOSaveButton\"]"}
COMMAND: POST /session/8b9d24fb39cbfc9e79ab89721a1c9e7d/element/f.7652131D378371FA98FE7F43E0E28151.d.15B051D5142515129CB348BCD9B006E6.e.26637/click - {}
RESULT: {}
COMMAND: GET /session/8b9d24fb39cbfc9e79ab89721a1c9e7d/screenshot - {}
RESULT: {}
COMMAND: POST /session/8b9d24fb39cbfc9e79ab89721a1c9e7d/execute/async - {"script":"<script> [1562 bytes]","args":[{"selector":{"id":"receiptDatePicker","viewName":"etm.portal.ui.managehandovers.view.DetailExecuteHO","interaction":{"idSuffix":"inner"}},"wdio_ui5_key":"receiptDatePickeretmportal.ui.managehandovers.view.DetailExecuteHO"}]}
RESULT: {"script":"<script> [1562 bytes]","args":[{"selector":{"id":"receiptDatePicker","viewName":"etm.portal.ui.managehandovers.view.DetailExecuteHO","interaction":{"idSuffix":"inner"}},"wdio_ui5_key":"receiptDatePickeretmportal.ui.managehandovers.view.DetailExecuteHO"}]}
RESULT: undefined
COMMAND: POST /session/8b9d24fb39cbfc9e79ab89721a1c9e7d/execute/async - {"script":"<script> [6424 bytes]","args":[{"element-6066-11e4-a52e-4f735466cecf":"f.7652131D378371FA98FE7F43E0E28151.d.15B051D5142515129CB348BCD9B006E6.e.26667"},"setValue",["6/13/25"]]}
RESULT: {"script":"<script> [6424 bytes]","args":[{"element-6066-11e4-a52e-4f735466cecf":"f.7652131D378371FA98FE7F43E0E28151.d.15B051D5142515129CB348BCD9B006E6.e.26667"},"setValue",["6/13/25"]]}
COMMAND: POST /session/8b9d24fb39cbfc9e79ab89721a1c9e7d/element - {"using":"xpath","value":"//button[@data-kt=\"ReceivingTableConfirmAllButton\"]"}
RESULT: {"using":"xpath","value":"//button[@data-kt=\"ReceivingTableConfirmAllButton\"]"}
COMMAND: POST /session/8b9d24fb39cbfc9e79ab89721a1c9e7d/element/f.7652131D378371FA98FE7F43E0E28151.d.15B051D5142515129CB348BCD9B006E6.e.26683/click - {}
RESULT: {}
COMMAND: GET /session/8b9d24fb39cbfc9e79ab89721a1c9e7d/screenshot - {}
RESULT: {}
COMMAND: POST /session/8b9d24fb39cbfc9e79ab89721a1c9e7d/element - {"using":"xpath","value":"//bdi[contains(text(), \"OK\")]"}
RESULT: {"using":"xpath","value":"//bdi[contains(text(), \"OK\")]"}
COMMAND: POST /session/8b9d24fb39cbfc9e79ab89721a1c9e7d/element/f.7652131D378371FA98FE7F43E0E28151.d.15B051D5142515129CB348BCD9B006E6.e.26685/click - {}
RESULT: {}
COMMAND: GET /session/8b9d24fb39cbfc9e79ab89721a1c9e7d/screenshot - {}
RESULT: {}
COMMAND: POST /session/8b9d24fb39cbfc9e79ab89721a1c9e7d/element - {"using":"xpath","value":"(//bdi[contains(text(), \"Receive\")])[2]"}
RESULT: {"using":"xpath","value":"(//bdi[contains(text(), \"Receive\")])[2]"}
COMMAND: POST /session/8b9d24fb39cbfc9e79ab89721a1c9e7d/element/f.7652131D378371FA98FE7F43E0E28151.d.15B051D5142515129CB348BCD9B006E6.e.26687/click - {}
RESULT: {}
COMMAND: GET /session/8b9d24fb39cbfc9e79ab89721a1c9e7d/screenshot - {}
RESULT: {}
COMMAND: POST /session/8b9d24fb39cbfc9e79ab89721a1c9e7d/element - {"using":"css selector","value":"#shell-header-logo"}
RESULT: {"using":"css selector","value":"#shell-header-logo"}
COMMAND: POST /session/8b9d24fb39cbfc9e79ab89721a1c9e7d/element/f.7652131D378371FA98FE7F43E0E28151.d.15B051D5142515129CB348BCD9B006E6.e.26071/click - {}
RESULT: {}
COMMAND: GET /session/8b9d24fb39cbfc9e79ab89721a1c9e7d/screenshot - {}
RESULT: {}
]]></system-out>
    </testcase>
    <testcase classname="chrome.137_0_7151_69.windows.Create_masterdata_for_Yard_Overview_-_trigger_provide_US130988" name="Set status to defect" time="58.966">
      <system-out><![CDATA[
COMMAND: POST /session/8b9d24fb39cbfc9e79ab89721a1c9e7d/execute/async - {"script":"<script> [1562 bytes]","args":[{"selector":{"controlType":"sap.m.GenericTile","properties":{"header":"Manage States & Performance"}},"wdio_ui5_key":"sapm.GenericTile{\"header\":\"Manage States & Performance\"}"}]}
RESULT: {"script":"<script> [1562 bytes]","args":[{"selector":{"controlType":"sap.m.GenericTile","properties":{"header":"Manage States & Performance"}},"wdio_ui5_key":"sapm.GenericTile{\"header\":\"Manage States & Performance\"}"}]}
RESULT: undefined
COMMAND: POST /session/8b9d24fb39cbfc9e79ab89721a1c9e7d/element - {"using":"xpath","value":"//*[@id=\"__tile98\"]"}
RESULT: {"using":"xpath","value":"//*[@id=\"__tile98\"]"}
COMMAND: POST /session/8b9d24fb39cbfc9e79ab89721a1c9e7d/element/f.7652131D378371FA98FE7F43E0E28151.d.15B051D5142515129CB348BCD9B006E6.e.25365/click - {}
RESULT: {}
COMMAND: GET /session/8b9d24fb39cbfc9e79ab89721a1c9e7d/screenshot - {}
RESULT: {}
COMMAND: POST /session/8b9d24fb39cbfc9e79ab89721a1c9e7d/elements - {"using":"xpath","value":"//span[text()='Error']"}
RESULT: {"using":"xpath","value":"//span[text()='Error']"}
COMMAND: POST /session/8b9d24fb39cbfc9e79ab89721a1c9e7d/execute/async - {"script":"<script> [1562 bytes]","args":[{"selector":{"controlType":"sap.ui.core.Icon","viewName":"etm.portal.ui.managestatesandperformance.view.Master","viewId":"application-managestatesandperformance-display-component---stateAndPerform","properties":{"src":{"regex":{"source":"inventory"}}}},"wdio_ui5_key":"etmportal.ui.managestatesandperformance.view.Mastersap.ui.core.Icon{\"src\":{\"regex\":{\"source\":\"inventory\"}}}"}]}
RESULT: {"script":"<script> [1562 bytes]","args":[{"selector":{"controlType":"sap.ui.core.Icon","viewName":"etm.portal.ui.managestatesandperformance.view.Master","viewId":"application-managestatesandperformance-display-component---stateAndPerform","properties":{"src":{"regex":{"source":"inventory"}}}},"wdio_ui5_key":"etmportal.ui.managestatesandperformance.view.Mastersap.ui.core.Icon{\"src\":{\"regex\":{\"source\":\"inventory\"}}}"}]}
RESULT: undefined
COMMAND: POST /session/8b9d24fb39cbfc9e79ab89721a1c9e7d/element - {"using":"xpath","value":"//*[@id=\"__filter43-icon\"]"}
RESULT: {"using":"xpath","value":"//*[@id=\"__filter43-icon\"]"}
COMMAND: POST /session/8b9d24fb39cbfc9e79ab89721a1c9e7d/element/f.7652131D378371FA98FE7F43E0E28151.d.15B051D5142515129CB348BCD9B006E6.e.26962/click - {}
RESULT: {}
COMMAND: POST /session/8b9d24fb39cbfc9e79ab89721a1c9e7d/execute/async - {"script":"<script> [1562 bytes]","args":[{"selector":{"id":"application-managestatesandperformance-display-component---stateAndPerform--smartFilterBarYard-btnBasicSearch","interaction":{"idSuffix":"I"}},"wdio_ui5_key":"applicationmanagestatesandperformance-display-component---stateAndPerform--smartFilterBarYard-btnBasicSearch"}]}
COMMAND: GET /session/8b9d24fb39cbfc9e79ab89721a1c9e7d/screenshot - {}
RESULT: {"script":"<script> [1562 bytes]","args":[{"selector":{"id":"application-managestatesandperformance-display-component---stateAndPerform--smartFilterBarYard-btnBasicSearch","interaction":{"idSuffix":"I"}},"wdio_ui5_key":"applicationmanagestatesandperformance-display-component---stateAndPerform--smartFilterBarYard-btnBasicSearch"}]}
RESULT: undefined
COMMAND: POST /session/8b9d24fb39cbfc9e79ab89721a1c9e7d/execute/async - {"script":"<script> [776 bytes]","args":[{"enterText":"200125","selector":{"id":"application-managestatesandperformance-display-component---stateAndPerform--smartFilterBarYard-btnBasicSearch","interaction":{"idSuffix":"I"}},"clearTextFirst":true,"interactionType":"ENTER_TEXT"}]}
RESULT: {}
RESULT: {"script":"<script> [776 bytes]","args":[{"enterText":"200125","selector":{"id":"application-managestatesandperformance-display-component---stateAndPerform--smartFilterBarYard-btnBasicSearch","interaction":{"idSuffix":"I"}},"clearTextFirst":true,"interactionType":"ENTER_TEXT"}]}
COMMAND: POST /session/8b9d24fb39cbfc9e79ab89721a1c9e7d/actions - {"actions":[{"id":"action84","type":"key","parameters":{},"actions":[{"type":"keyDown","value":""},{"type":"pause","duration":10},{"type":"keyUp","value":""}]}]}
RESULT: {"actions":[{"id":"action84","type":"key","parameters":{},"actions":[{"type":"keyDown","value":""},{"type":"pause","duration":10},{"type":"keyUp","value":""}]}]}
COMMAND: GET /session/8b9d24fb39cbfc9e79ab89721a1c9e7d/screenshot - {}
RESULT: {}
COMMAND: POST /session/8b9d24fb39cbfc9e79ab89721a1c9e7d/element - {"using":"xpath","value":"(//span[contains(@id, \"imgNav\")])[1]"}
RESULT: {"using":"xpath","value":"(//span[contains(@id, \"imgNav\")])[1]"}
COMMAND: POST /session/8b9d24fb39cbfc9e79ab89721a1c9e7d/element/f.7652131D378371FA98FE7F43E0E28151.d.15B051D5142515129CB348BCD9B006E6.e.27041/click - {}
RESULT: {}
COMMAND: GET /session/8b9d24fb39cbfc9e79ab89721a1c9e7d/screenshot - {}
RESULT: {}
COMMAND: POST /session/8b9d24fb39cbfc9e79ab89721a1c9e7d/execute/async - {"script":"<script> [1562 bytes]","args":[{"selector":{"controlType":"sap.m.Button","viewName":"etm.portal.ui.managestatesandperformance.view.Detail","viewId":"application-managestatesandperformance-display-component---detailStateAndPerform","i18NText":{"propertyName":"text","key":"createStateChange"},"interaction":{"idSuffix":"content"}},"wdio_ui5_key":"etmportal.ui.managestatesandperformance.view.Detailsap.m.Button{\"propertyName\":\"text\",\"key\":\"createStateChange\"}"}]}
RESULT: {"script":"<script> [1562 bytes]","args":[{"selector":{"controlType":"sap.m.Button","viewName":"etm.portal.ui.managestatesandperformance.view.Detail","viewId":"application-managestatesandperformance-display-component---detailStateAndPerform","i18NText":{"propertyName":"text","key":"createStateChange"},"interaction":{"idSuffix":"content"}},"wdio_ui5_key":"etmportal.ui.managestatesandperformance.view.Detailsap.m.Button{\"propertyName\":\"text\",\"key\":\"createStateChange\"}"}]}
RESULT: undefined
COMMAND: POST /session/8b9d24fb39cbfc9e79ab89721a1c9e7d/element - {"using":"xpath","value":"//*[@id=\"__button166\"]"}
RESULT: {"using":"xpath","value":"//*[@id=\"__button166\"]"}
COMMAND: POST /session/8b9d24fb39cbfc9e79ab89721a1c9e7d/element/f.7652131D378371FA98FE7F43E0E28151.d.15B051D5142515129CB348BCD9B006E6.e.27084/click - {}
RESULT: {}
COMMAND: GET /session/8b9d24fb39cbfc9e79ab89721a1c9e7d/screenshot - {}
RESULT: {}
COMMAND: POST /session/8b9d24fb39cbfc9e79ab89721a1c9e7d/execute/async - {"script":"<script> [1562 bytes]","args":[{"selector":{"id":"addStateDialog--stateSelect","searchOpenDialogs":true,"interaction":{"idSuffix":"arrow"}},"wdio_ui5_key":"addStateDialogstateSelect"}]}
RESULT: {"script":"<script> [1562 bytes]","args":[{"selector":{"id":"addStateDialog--stateSelect","searchOpenDialogs":true,"interaction":{"idSuffix":"arrow"}},"wdio_ui5_key":"addStateDialogstateSelect"}]}
RESULT: undefined
COMMAND: POST /session/8b9d24fb39cbfc9e79ab89721a1c9e7d/element - {"using":"xpath","value":"//*[@id=\"addStateDialog--stateSelect\"]"}
RESULT: {"using":"xpath","value":"//*[@id=\"addStateDialog--stateSelect\"]"}
COMMAND: POST /session/8b9d24fb39cbfc9e79ab89721a1c9e7d/element/f.7652131D378371FA98FE7F43E0E28151.d.15B051D5142515129CB348BCD9B006E6.e.27108/click - {}
RESULT: {}
COMMAND: GET /session/8b9d24fb39cbfc9e79ab89721a1c9e7d/screenshot - {}
RESULT: {}
COMMAND: POST /session/8b9d24fb39cbfc9e79ab89721a1c9e7d/element - {"using":"xpath","value":"//li[text()=\"defect\"]"}
RESULT: {"using":"xpath","value":"//li[text()=\"defect\"]"}
COMMAND: POST /session/8b9d24fb39cbfc9e79ab89721a1c9e7d/element/f.7652131D378371FA98FE7F43E0E28151.d.15B051D5142515129CB348BCD9B006E6.e.27110/click - {}
RESULT: {}
COMMAND: GET /session/8b9d24fb39cbfc9e79ab89721a1c9e7d/screenshot - {}
RESULT: {}
COMMAND: POST /session/8b9d24fb39cbfc9e79ab89721a1c9e7d/element - {"using":"xpath","value":"//span[contains(@id,\"incrementBtn\")]"}
RESULT: {"using":"xpath","value":"//span[contains(@id,\"incrementBtn\")]"}
COMMAND: POST /session/8b9d24fb39cbfc9e79ab89721a1c9e7d/element/f.7652131D378371FA98FE7F43E0E28151.d.15B051D5142515129CB348BCD9B006E6.e.27112/click - {}
RESULT: {}
COMMAND: GET /session/8b9d24fb39cbfc9e79ab89721a1c9e7d/screenshot - {}
RESULT: {}
COMMAND: POST /session/8b9d24fb39cbfc9e79ab89721a1c9e7d/element - {"using":"xpath","value":"//button[@data-kt=\"confirmAddStateButton\"]"}
RESULT: {"using":"xpath","value":"//button[@data-kt=\"confirmAddStateButton\"]"}
COMMAND: POST /session/8b9d24fb39cbfc9e79ab89721a1c9e7d/element/f.7652131D378371FA98FE7F43E0E28151.d.15B051D5142515129CB348BCD9B006E6.e.27113/click - {}
RESULT: {}
COMMAND: GET /session/8b9d24fb39cbfc9e79ab89721a1c9e7d/screenshot - {}
RESULT: {}
COMMAND: POST /session/8b9d24fb39cbfc9e79ab89721a1c9e7d/element - {"using":"css selector","value":"#shell-header-logo"}
RESULT: {"using":"css selector","value":"#shell-header-logo"}
COMMAND: POST /session/8b9d24fb39cbfc9e79ab89721a1c9e7d/element/f.7652131D378371FA98FE7F43E0E28151.d.15B051D5142515129CB348BCD9B006E6.e.26866/click - {}
RESULT: {}
COMMAND: GET /session/8b9d24fb39cbfc9e79ab89721a1c9e7d/screenshot - {}
RESULT: {}
]]></system-out>
    </testcase>
    <testcase classname="chrome.137_0_7151_69.windows.Create_masterdata_for_Yard_Overview_-_trigger_provide_US130988" name="Should do a Stock Decrease" time="107.582">
      <system-out><![CDATA[
RESULT: undefined
COMMAND: POST /session/8b9d24fb39cbfc9e79ab89721a1c9e7d/element - {"using":"xpath","value":"//*[@id=\"__tile134\"]"}
RESULT: {"using":"xpath","value":"//*[@id=\"__tile134\"]"}
COMMAND: POST /session/8b9d24fb39cbfc9e79ab89721a1c9e7d/element/f.7652131D378371FA98FE7F43E0E28151.d.15B051D5142515129CB348BCD9B006E6.e.25317/click - {}
RESULT: {}
COMMAND: GET /session/8b9d24fb39cbfc9e79ab89721a1c9e7d/screenshot - {}
COMMAND: POST /session/8b9d24fb39cbfc9e79ab89721a1c9e7d/elements - {"using":"xpath","value":"//span[text()='Error']"}
RESULT: {}
RESULT: {"using":"xpath","value":"//span[text()='Error']"}
COMMAND: POST /session/8b9d24fb39cbfc9e79ab89721a1c9e7d/element - {"using":"xpath","value":"//button[@data-kt=\"masterHOAddButton\"]"}
RESULT: {"using":"xpath","value":"//button[@data-kt=\"masterHOAddButton\"]"}
COMMAND: POST /session/8b9d24fb39cbfc9e79ab89721a1c9e7d/elements - {"using":"xpath","value":"//button[@data-kt=\"masterHOAddButton\"]"}
RESULT: {"using":"xpath","value":"//button[@data-kt=\"masterHOAddButton\"]"}
COMMAND: POST /session/8b9d24fb39cbfc9e79ab89721a1c9e7d/execute/sync - {"script":"<script> [8489 bytes]","args":[{"element-6066-11e4-a52e-4f735466cecf":"f.7652131D378371FA98FE7F43E0E28151.d.15B051D5142515129CB348BCD9B006E6.e.27169","ELEMENT":"f.7652131D378371FA98FE7F43E0E28151.d.15B051D5142515129CB348BCD9B006E6.e.27169"}]}
RESULT: {"script":"<script> [8489 bytes]","args":[{"element-6066-11e4-a52e-4f735466cecf":"f.7652131D378371FA98FE7F43E0E28151.d.15B051D5142515129CB348BCD9B006E6.e.27169","ELEMENT":"f.7652131D378371FA98FE7F43E0E28151.d.15B051D5142515129CB348BCD9B006E6.e.27169"}]}
COMMAND: GET /session/8b9d24fb39cbfc9e79ab89721a1c9e7d/element/f.7652131D378371FA98FE7F43E0E28151.d.15B051D5142515129CB348BCD9B006E6.e.27169/enabled - {}
COMMAND: GET /session/8b9d24fb39cbfc9e79ab89721a1c9e7d/screenshot - {}
RESULT: {}
COMMAND: POST /session/8b9d24fb39cbfc9e79ab89721a1c9e7d/execute/sync - {"script":"<script> [8489 bytes]","args":[{"element-6066-11e4-a52e-4f735466cecf":"f.7652131D378371FA98FE7F43E0E28151.d.15B051D5142515129CB348BCD9B006E6.e.27169","ELEMENT":"f.7652131D378371FA98FE7F43E0E28151.d.15B051D5142515129CB348BCD9B006E6.e.27169"}]}
COMMAND: GET /session/8b9d24fb39cbfc9e79ab89721a1c9e7d/screenshot - {}
RESULT: {}
RESULT: {"script":"<script> [8489 bytes]","args":[{"element-6066-11e4-a52e-4f735466cecf":"f.7652131D378371FA98FE7F43E0E28151.d.15B051D5142515129CB348BCD9B006E6.e.27169","ELEMENT":"f.7652131D378371FA98FE7F43E0E28151.d.15B051D5142515129CB348BCD9B006E6.e.27169"}]}
COMMAND: POST /session/8b9d24fb39cbfc9e79ab89721a1c9e7d/execute/sync - {"script":"<script> [5351 bytes]","args":[{"element-6066-11e4-a52e-4f735466cecf":"f.7652131D378371FA98FE7F43E0E28151.d.15B051D5142515129CB348BCD9B006E6.e.27169","ELEMENT":"f.7652131D378371FA98FE7F43E0E28151.d.15B051D5142515129CB348BCD9B006E6.e.27169"}]}
COMMAND: GET /session/8b9d24fb39cbfc9e79ab89721a1c9e7d/screenshot - {}
RESULT: {}
RESULT: {"script":"<script> [5351 bytes]","args":[{"element-6066-11e4-a52e-4f735466cecf":"f.7652131D378371FA98FE7F43E0E28151.d.15B051D5142515129CB348BCD9B006E6.e.27169","ELEMENT":"f.7652131D378371FA98FE7F43E0E28151.d.15B051D5142515129CB348BCD9B006E6.e.27169"}]}
COMMAND: POST /session/8b9d24fb39cbfc9e79ab89721a1c9e7d/element/f.7652131D378371FA98FE7F43E0E28151.d.15B051D5142515129CB348BCD9B006E6.e.27169/click - {}
COMMAND: GET /session/8b9d24fb39cbfc9e79ab89721a1c9e7d/screenshot - {}
RESULT: {}
RESULT: {}
COMMAND: GET /session/8b9d24fb39cbfc9e79ab89721a1c9e7d/screenshot - {}
RESULT: {}
COMMAND: POST /session/8b9d24fb39cbfc9e79ab89721a1c9e7d/element - {"using":"xpath","value":"//span[contains(@id ,\"AddNewHO--typeSelect-arrow\")]"}
RESULT: {}
RESULT: {"using":"xpath","value":"//span[contains(@id ,\"AddNewHO--typeSelect-arrow\")]"}
COMMAND: POST /session/8b9d24fb39cbfc9e79ab89721a1c9e7d/element/f.7652131D378371FA98FE7F43E0E28151.d.15B051D5142515129CB348BCD9B006E6.e.27585/click - {}
RESULT: {}
COMMAND: GET /session/8b9d24fb39cbfc9e79ab89721a1c9e7d/screenshot - {}
RESULT: {}
COMMAND: POST /session/8b9d24fb39cbfc9e79ab89721a1c9e7d/element - {"using":"xpath","value":"(//li[contains(text(), \"stock decrease yard\")])[1]"}
RESULT: {"using":"xpath","value":"(//li[contains(text(), \"stock decrease yard\")])[1]"}
COMMAND: POST /session/8b9d24fb39cbfc9e79ab89721a1c9e7d/element/f.7652131D378371FA98FE7F43E0E28151.d.15B051D5142515129CB348BCD9B006E6.e.27586/click - {}
RESULT: {}
COMMAND: GET /session/8b9d24fb39cbfc9e79ab89721a1c9e7d/screenshot - {}
RESULT: {}
RESULT: undefined
COMMAND: POST /session/8b9d24fb39cbfc9e79ab89721a1c9e7d/execute/async - {"script":"<script> [6424 bytes]","args":[{"element-6066-11e4-a52e-4f735466cecf":"f.7652131D378371FA98FE7F43E0E28151.d.15B051D5142515129CB348BCD9B006E6.e.26451"},"setValue",["6/13/25"]]}
COMMAND: POST /session/8b9d24fb39cbfc9e79ab89721a1c9e7d/execute/async - {"script":"<script> [1562 bytes]","args":[{"selector":{"id":"application-managehandovers-display-component---AddNewHO--dueDate","interaction":{"idSuffix":"inner"}},"wdio_ui5_key":"applicationmanagehandovers-display-component---AddNewHO--dueDate"}]}
RESULT: {"script":"<script> [1562 bytes]","args":[{"selector":{"id":"application-managehandovers-display-component---AddNewHO--dueDate","interaction":{"idSuffix":"inner"}},"wdio_ui5_key":"applicationmanagehandovers-display-component---AddNewHO--dueDate"}]}
COMMAND: POST /session/8b9d24fb39cbfc9e79ab89721a1c9e7d/execute/async - {"script":"<script> [6424 bytes]","args":[{"element-6066-11e4-a52e-4f735466cecf":"f.7652131D378371FA98FE7F43E0E28151.d.15B051D5142515129CB348BCD9B006E6.e.27600"},"setValue",["6/13/25"]]}
RESULT: {"script":"<script> [6424 bytes]","args":[{"element-6066-11e4-a52e-4f735466cecf":"f.7652131D378371FA98FE7F43E0E28151.d.15B051D5142515129CB348BCD9B006E6.e.27600"},"setValue",["6/13/25"]]}
COMMAND: POST /session/8b9d24fb39cbfc9e79ab89721a1c9e7d/element - {"using":"xpath","value":"//input[@id=\"generalSectionFrg--sendYard-inner\"]"}
RESULT: {"using":"xpath","value":"//input[@id=\"generalSectionFrg--sendYard-inner\"]"}
COMMAND: POST /session/8b9d24fb39cbfc9e79ab89721a1c9e7d/element/f.7652131D378371FA98FE7F43E0E28151.d.15B051D5142515129CB348BCD9B006E6.e.27606/clear - {}
RESULT: {}
COMMAND: POST /session/8b9d24fb39cbfc9e79ab89721a1c9e7d/element/f.7652131D378371FA98FE7F43E0E28151.d.15B051D5142515129CB348BCD9B006E6.e.27606/value - {"text":"237"}
COMMAND: GET /session/8b9d24fb39cbfc9e79ab89721a1c9e7d/screenshot - {}
RESULT: {"text":"237"}
COMMAND: GET /session/8b9d24fb39cbfc9e79ab89721a1c9e7d/screenshot - {}
RESULT: {}
RESULT: {}
COMMAND: POST /session/8b9d24fb39cbfc9e79ab89721a1c9e7d/element - {"using":"xpath","value":"//li[.//span[text()='237']]"}
RESULT: {"using":"xpath","value":"//li[.//span[text()='237']]"}
COMMAND: POST /session/8b9d24fb39cbfc9e79ab89721a1c9e7d/element/f.7652131D378371FA98FE7F43E0E28151.d.15B051D5142515129CB348BCD9B006E6.e.27624/click - {}
RESULT: {}
COMMAND: GET /session/8b9d24fb39cbfc9e79ab89721a1c9e7d/screenshot - {}
RESULT: {}
COMMAND: POST /session/8b9d24fb39cbfc9e79ab89721a1c9e7d/execute/async - {"script":"<script> [1562 bytes]","args":[{"selector":{"controlType":"sap.ui.core.Icon","viewName":"etm.portal.ui.managehandovers.view.AddNewHO","viewId":"application-managehandovers-display-component---AddNewHO","properties":{"src":{"regex":{"source":"slim\\-arrow\\-down"}}},"ancestor":{"controlType":"etm.portal.ui.reusables.customControls.LiveSearchComboBox","viewName":"etm.portal.ui.managehandovers.view.AddNewHO","viewId":"application-managehandovers-display-component---AddNewHO","bindingPath":{"path":"","propertyPath":"/FORWARDER","modelName":"hoItemsModel"}}},"wdio_ui5_key":"etmportal.ui.managehandovers.view.AddNewHOsap.ui.core.Icon{\"src\":{\"regex\":{\"source\":\"slim\\\\-arrow\\\\-down\"}}}{\"controlType\":\"etm.portal.ui.reusables.customControls.LiveSearchComboBox\",\"viewName\":\"etm.portal.ui.managehandovers.view.AddNewHO\",\"viewId\":\"application-managehandovers-display-component---AddNewHO\",\"bindingPath\":{\"path\":\"\",\"propertyPath\":\"/FORWARDER\",\"modelName\":\"hoItemsModel\"}}"}]}
RESULT: {"script":"<script> [1562 bytes]","args":[{"selector":{"controlType":"sap.ui.core.Icon","viewName":"etm.portal.ui.managehandovers.view.AddNewHO","viewId":"application-managehandovers-display-component---AddNewHO","properties":{"src":{"regex":{"source":"slim\\-arrow\\-down"}}},"ancestor":{"controlType":"etm.portal.ui.reusables.customControls.LiveSearchComboBox","viewName":"etm.portal.ui.managehandovers.view.AddNewHO","viewId":"application-managehandovers-display-component---AddNewHO","bindingPath":{"path":"","propertyPath":"/FORWARDER","modelName":"hoItemsModel"}}},"wdio_ui5_key":"etmportal.ui.managehandovers.view.AddNewHOsap.ui.core.Icon{\"src\":{\"regex\":{\"source\":\"slim\\\\-arrow\\\\-down\"}}}{\"controlType\":\"etm.portal.ui.reusables.customControls.LiveSearchComboBox\",\"viewName\":\"etm.portal.ui.managehandovers.view.AddNewHO\",\"viewId\":\"application-managehandovers-display-component---AddNewHO\",\"bindingPath\":{\"path\":\"\",\"propertyPath\":\"/FORWARDER\",\"modelName\":\"hoItemsModel\"}}"}]}
RESULT: undefined
COMMAND: POST /session/8b9d24fb39cbfc9e79ab89721a1c9e7d/element - {"using":"xpath","value":"//*[@id=\"__box41-arrow\"]"}
RESULT: {"using":"xpath","value":"//*[@id=\"__box41-arrow\"]"}
COMMAND: POST /session/8b9d24fb39cbfc9e79ab89721a1c9e7d/element/f.7652131D378371FA98FE7F43E0E28151.d.15B051D5142515129CB348BCD9B006E6.e.27625/click - {}
RESULT: {}
COMMAND: GET /session/8b9d24fb39cbfc9e79ab89721a1c9e7d/screenshot - {}
RESULT: {}
COMMAND: POST /session/8b9d24fb39cbfc9e79ab89721a1c9e7d/execute/async - {"script":"<script> [1562 bytes]","args":[{"selector":{"controlType":"sap.m.StandardListItem","viewName":"etm.portal.ui.managehandovers.view.AddNewHO","viewId":"application-managehandovers-display-component---AddNewHO","properties":{"title":"1002 - Test "},"searchOpenDialogs":true,"interaction":{"idSuffix":"content"}},"wdio_ui5_key":"etmportal.ui.managehandovers.view.AddNewHOsap.m.StandardListItem{\"title\":\"1002 - Test \"}"}]}
RESULT: {"script":"<script> [1562 bytes]","args":[{"selector":{"controlType":"sap.m.StandardListItem","viewName":"etm.portal.ui.managehandovers.view.AddNewHO","viewId":"application-managehandovers-display-component---AddNewHO","properties":{"title":"1002 - Test "},"searchOpenDialogs":true,"interaction":{"idSuffix":"content"}},"wdio_ui5_key":"etmportal.ui.managehandovers.view.AddNewHOsap.m.StandardListItem{\"title\":\"1002 - Test \"}"}]}
RESULT: undefined
COMMAND: POST /session/8b9d24fb39cbfc9e79ab89721a1c9e7d/element - {"using":"xpath","value":"//*[@id=\"__item937\"]"}
RESULT: {"using":"xpath","value":"//*[@id=\"__item937\"]"}
COMMAND: POST /session/8b9d24fb39cbfc9e79ab89721a1c9e7d/element/f.7652131D378371FA98FE7F43E0E28151.d.15B051D5142515129CB348BCD9B006E6.e.27628/click - {}
RESULT: {}
COMMAND: GET /session/8b9d24fb39cbfc9e79ab89721a1c9e7d/screenshot - {}
RESULT: {}
COMMAND: POST /session/8b9d24fb39cbfc9e79ab89721a1c9e7d/execute/async - {"script":"<script> [1562 bytes]","args":[{"selector":{"controlType":"sap.m.Input","viewName":"etm.portal.ui.managehandovers.view.AddNewHO","viewId":"application-managehandovers-display-component---AddNewHO","bindingPath":{"path":"","propertyPath":"/DRIVER","modelName":"hoItemsModel"},"interaction":{"idSuffix":"inner"}},"wdio_ui5_key":"etmportal.ui.managehandovers.view.AddNewHOsap.m.Input{\"path\":\"\",\"propertyPath\":\"/DRIVER\",\"modelName\":\"hoItemsModel\"}"}]}
RESULT: {"script":"<script> [1562 bytes]","args":[{"selector":{"controlType":"sap.m.Input","viewName":"etm.portal.ui.managehandovers.view.AddNewHO","viewId":"application-managehandovers-display-component---AddNewHO","bindingPath":{"path":"","propertyPath":"/DRIVER","modelName":"hoItemsModel"},"interaction":{"idSuffix":"inner"}},"wdio_ui5_key":"etmportal.ui.managehandovers.view.AddNewHOsap.m.Input{\"path\":\"\",\"propertyPath\":\"/DRIVER\",\"modelName\":\"hoItemsModel\"}"}]}
RESULT: undefined
COMMAND: POST /session/8b9d24fb39cbfc9e79ab89721a1c9e7d/execute/async - {"script":"<script> [776 bytes]","args":[{"enterText":"StockDecrease Driver","selector":{"controlType":"sap.m.Input","viewName":"etm.portal.ui.managehandovers.view.AddNewHO","viewId":"application-managehandovers-display-component---AddNewHO","bindingPath":{"path":"","propertyPath":"/DRIVER","modelName":"hoItemsModel"},"interaction":{"idSuffix":"inner"}},"clearTextFirst":true,"interactionType":"ENTER_TEXT"}]}
RESULT: {"script":"<script> [776 bytes]","args":[{"enterText":"StockDecrease Driver","selector":{"controlType":"sap.m.Input","viewName":"etm.portal.ui.managehandovers.view.AddNewHO","viewId":"application-managehandovers-display-component---AddNewHO","bindingPath":{"path":"","propertyPath":"/DRIVER","modelName":"hoItemsModel"},"interaction":{"idSuffix":"inner"}},"clearTextFirst":true,"interactionType":"ENTER_TEXT"}]}
COMMAND: POST /session/8b9d24fb39cbfc9e79ab89721a1c9e7d/execute/async - {"script":"<script> [1562 bytes]","args":[{"selector":{"id":"application-managehandovers-display-component---AddNewHO--responsibleCB-arrow"},"wdio_ui5_key":"applicationmanagehandovers-display-component---AddNewHO--responsibleCB-arrow"}]}
RESULT: {"script":"<script> [1562 bytes]","args":[{"selector":{"id":"application-managehandovers-display-component---AddNewHO--responsibleCB-arrow"},"wdio_ui5_key":"applicationmanagehandovers-display-component---AddNewHO--responsibleCB-arrow"}]}
RESULT: undefined
COMMAND: POST /session/8b9d24fb39cbfc9e79ab89721a1c9e7d/element - {"using":"xpath","value":"//*[@id=\"application-managehandovers-display-component---AddNewHO--responsibleCB-arrow\"]"}
RESULT: {"using":"xpath","value":"//*[@id=\"application-managehandovers-display-component---AddNewHO--responsibleCB-arrow\"]"}
COMMAND: POST /session/8b9d24fb39cbfc9e79ab89721a1c9e7d/element/f.7652131D378371FA98FE7F43E0E28151.d.15B051D5142515129CB348BCD9B006E6.e.27630/click - {}
RESULT: {}
COMMAND: GET /session/8b9d24fb39cbfc9e79ab89721a1c9e7d/screenshot - {}
RESULT: {}
COMMAND: POST /session/8b9d24fb39cbfc9e79ab89721a1c9e7d/execute/async - {"script":"<script> [1562 bytes]","args":[{"selector":{"controlType":"sap.m.StandardListItem","viewName":"etm.portal.ui.managehandovers.view.AddNewHO","viewId":"application-managehandovers-display-component---AddNewHO","properties":{"title":"1 - Test unit Update "},"searchOpenDialogs":true},"wdio_ui5_key":"etmportal.ui.managehandovers.view.AddNewHOsap.m.StandardListItem{\"title\":\"1 - Test unit Update \"}"}]}
RESULT: {"script":"<script> [1562 bytes]","args":[{"selector":{"controlType":"sap.m.StandardListItem","viewName":"etm.portal.ui.managehandovers.view.AddNewHO","viewId":"application-managehandovers-display-component---AddNewHO","properties":{"title":"1 - Test unit Update "},"searchOpenDialogs":true},"wdio_ui5_key":"etmportal.ui.managehandovers.view.AddNewHOsap.m.StandardListItem{\"title\":\"1 - Test unit Update \"}"}]}
RESULT: undefined
COMMAND: POST /session/8b9d24fb39cbfc9e79ab89721a1c9e7d/element - {"using":"xpath","value":"//*[@id=\"__item1036\"]"}
RESULT: {"using":"xpath","value":"//*[@id=\"__item1036\"]"}
COMMAND: POST /session/8b9d24fb39cbfc9e79ab89721a1c9e7d/element/f.7652131D378371FA98FE7F43E0E28151.d.15B051D5142515129CB348BCD9B006E6.e.27631/click - {}
RESULT: {}
COMMAND: GET /session/8b9d24fb39cbfc9e79ab89721a1c9e7d/screenshot - {}
RESULT: {}
RESULT: undefined
COMMAND: POST /session/8b9d24fb39cbfc9e79ab89721a1c9e7d/element - {"using":"xpath","value":"//*[@id=\"application-managehandovers-display-component---AddNewHO--ObjectPageLayout-anchBar-application-managehandovers-display-component---AddNewHO--section4-anchor\"]"}
RESULT: {"using":"xpath","value":"//*[@id=\"application-managehandovers-display-component---AddNewHO--ObjectPageLayout-anchBar-application-managehandovers-display-component---AddNewHO--section4-anchor\"]"}
COMMAND: POST /session/8b9d24fb39cbfc9e79ab89721a1c9e7d/element/f.7652131D378371FA98FE7F43E0E28151.d.15B051D5142515129CB348BCD9B006E6.e.27632/click - {}
RESULT: {}
COMMAND: GET /session/8b9d24fb39cbfc9e79ab89721a1c9e7d/screenshot - {}
RESULT: {}
COMMAND: POST /session/8b9d24fb39cbfc9e79ab89721a1c9e7d/execute/async - {"script":"<script> [1562 bytes]","args":[{"selector":{"controlType":"sap.ui.core.Icon","viewName":"etm.portal.ui.managehandovers.view.AddNewHO","viewId":"application-managehandovers-display-component---AddNewHO","properties":{"src":{"regex":{"source":"add"}}}},"wdio_ui5_key":"etmportal.ui.managehandovers.view.AddNewHOsap.ui.core.Icon{\"src\":{\"regex\":{\"source\":\"add\"}}}"}]}
RESULT: {"script":"<script> [1562 bytes]","args":[{"selector":{"controlType":"sap.ui.core.Icon","viewName":"etm.portal.ui.managehandovers.view.AddNewHO","viewId":"application-managehandovers-display-component---AddNewHO","properties":{"src":{"regex":{"source":"add"}}}},"wdio_ui5_key":"etmportal.ui.managehandovers.view.AddNewHOsap.ui.core.Icon{\"src\":{\"regex\":{\"source\":\"add\"}}}"}]}
RESULT: undefined
COMMAND: POST /session/8b9d24fb39cbfc9e79ab89721a1c9e7d/element - {"using":"xpath","value":"//*[@id=\"__button200-img\"]"}
RESULT: {"using":"xpath","value":"//*[@id=\"__button200-img\"]"}
COMMAND: POST /session/8b9d24fb39cbfc9e79ab89721a1c9e7d/element/f.7652131D378371FA98FE7F43E0E28151.d.15B051D5142515129CB348BCD9B006E6.e.27636/click - {}
RESULT: {}
RESULT: undefined
COMMAND: POST /session/8b9d24fb39cbfc9e79ab89721a1c9e7d/execute/async - {"script":"<script> [776 bytes]","args":[{"enterText":"200125","selector":{"id":"application-managehandovers-display-component---AddNewHO--smartFilterBar-btnBasicSearch","searchOpenDialogs":true,"interaction":{"idSuffix":"I"}},"clearTextFirst":true,"interactionType":"ENTER_TEXT"}]}
COMMAND: GET /session/8b9d24fb39cbfc9e79ab89721a1c9e7d/screenshot - {}
RESULT: {"script":"<script> [776 bytes]","args":[{"enterText":"200125","selector":{"id":"application-managehandovers-display-component---AddNewHO--smartFilterBar-btnBasicSearch","searchOpenDialogs":true,"interaction":{"idSuffix":"I"}},"clearTextFirst":true,"interactionType":"ENTER_TEXT"}]}
RESULT: {}
RESULT: undefined
COMMAND: POST /session/8b9d24fb39cbfc9e79ab89721a1c9e7d/element - {"using":"xpath","value":"//*[@id=\"application-managehandovers-display-component---AddNewHO--popup-sa\"]"}
RESULT: {"using":"xpath","value":"//*[@id=\"application-managehandovers-display-component---AddNewHO--popup-sa\"]"}
COMMAND: POST /session/8b9d24fb39cbfc9e79ab89721a1c9e7d/element/f.7652131D378371FA98FE7F43E0E28151.d.15B051D5142515129CB348BCD9B006E6.e.27666/click - {}
RESULT: {}
COMMAND: GET /session/8b9d24fb39cbfc9e79ab89721a1c9e7d/screenshot - {}
RESULT: {}
COMMAND: POST /session/8b9d24fb39cbfc9e79ab89721a1c9e7d/element - {"using":"xpath","value":"//*[contains(@id ,\"BDI-content\")][contains(text(), \"Select\")]"}
RESULT: {"using":"xpath","value":"//*[contains(@id ,\"BDI-content\")][contains(text(), \"Select\")]"}
COMMAND: POST /session/8b9d24fb39cbfc9e79ab89721a1c9e7d/element/f.7652131D378371FA98FE7F43E0E28151.d.15B051D5142515129CB348BCD9B006E6.e.27667/click - {}
RESULT: {}
COMMAND: POST /session/8b9d24fb39cbfc9e79ab89721a1c9e7d/execute/async - {"script":"<script> [1562 bytes]","args":[{"selector":{"controlType":"sap.m.Button","viewName":"etm.portal.ui.managehandovers.view.AddNewHO","viewId":"application-managehandovers-display-component---AddNewHO","bindingPath":{"path":"/items/0","propertyPath":"QUANTITY","modelName":"hoItemsModel"},"interaction":{"idSuffix":"inner"}},"wdio_ui5_key":"etmportal.ui.managehandovers.view.AddNewHOsap.m.Button{\"path\":\"/items/0\",\"propertyPath\":\"QUANTITY\",\"modelName\":\"hoItemsModel\"}"}]}
COMMAND: GET /session/8b9d24fb39cbfc9e79ab89721a1c9e7d/screenshot - {}
RESULT: {"script":"<script> [1562 bytes]","args":[{"selector":{"controlType":"sap.m.Button","viewName":"etm.portal.ui.managehandovers.view.AddNewHO","viewId":"application-managehandovers-display-component---AddNewHO","bindingPath":{"path":"/items/0","propertyPath":"QUANTITY","modelName":"hoItemsModel"},"interaction":{"idSuffix":"inner"}},"wdio_ui5_key":"etmportal.ui.managehandovers.view.AddNewHOsap.m.Button{\"path\":\"/items/0\",\"propertyPath\":\"QUANTITY\",\"modelName\":\"hoItemsModel\"}"}]}
RESULT: undefined
COMMAND: POST /session/8b9d24fb39cbfc9e79ab89721a1c9e7d/element - {"using":"xpath","value":"//*[@id=\"__button201-__clone1841\"]"}
RESULT: {}
RESULT: {"using":"xpath","value":"//*[@id=\"__button201-__clone1841\"]"}
COMMAND: POST /session/8b9d24fb39cbfc9e79ab89721a1c9e7d/element/f.7652131D378371FA98FE7F43E0E28151.d.15B051D5142515129CB348BCD9B006E6.e.27671/click - {}
RESULT: {}
COMMAND: GET /session/8b9d24fb39cbfc9e79ab89721a1c9e7d/screenshot - {}
RESULT: {}
COMMAND: POST /session/8b9d24fb39cbfc9e79ab89721a1c9e7d/element - {"using":"xpath","value":"//span[contains(@id,\"incrementBtn\")]"}
RESULT: {"using":"xpath","value":"//span[contains(@id,\"incrementBtn\")]"}
COMMAND: POST /session/8b9d24fb39cbfc9e79ab89721a1c9e7d/element/f.7652131D378371FA98FE7F43E0E28151.d.15B051D5142515129CB348BCD9B006E6.e.27680/click - {}
RESULT: {}
COMMAND: GET /session/8b9d24fb39cbfc9e79ab89721a1c9e7d/screenshot - {}
RESULT: {}
COMMAND: POST /session/8b9d24fb39cbfc9e79ab89721a1c9e7d/execute/async - {"script":"<script> [1562 bytes]","args":[{"selector":{"controlType":"sap.m.Button","viewName":"etm.portal.ui.managehandovers.view.AddNewHO","viewId":"application-managehandovers-display-component---AddNewHO","i18NText":{"propertyName":"text","key":"confirm"},"searchOpenDialogs":true,"interaction":{"idSuffix":"BDI-content"}},"wdio_ui5_key":"etmportal.ui.managehandovers.view.AddNewHOsap.m.Button{\"propertyName\":\"text\",\"key\":\"confirm\"}"}]}
RESULT: {"script":"<script> [1562 bytes]","args":[{"selector":{"controlType":"sap.m.Button","viewName":"etm.portal.ui.managehandovers.view.AddNewHO","viewId":"application-managehandovers-display-component---AddNewHO","i18NText":{"propertyName":"text","key":"confirm"},"searchOpenDialogs":true,"interaction":{"idSuffix":"BDI-content"}},"wdio_ui5_key":"etmportal.ui.managehandovers.view.AddNewHOsap.m.Button{\"propertyName\":\"text\",\"key\":\"confirm\"}"}]}
RESULT: undefined
COMMAND: POST /session/8b9d24fb39cbfc9e79ab89721a1c9e7d/element - {"using":"xpath","value":"//*[@id=\"__button204\"]"}
RESULT: {"using":"xpath","value":"//*[@id=\"__button204\"]"}
COMMAND: POST /session/8b9d24fb39cbfc9e79ab89721a1c9e7d/element/f.7652131D378371FA98FE7F43E0E28151.d.15B051D5142515129CB348BCD9B006E6.e.27672/click - {}
RESULT: {}
COMMAND: GET /session/8b9d24fb39cbfc9e79ab89721a1c9e7d/screenshot - {}
RESULT: {}
COMMAND: POST /session/8b9d24fb39cbfc9e79ab89721a1c9e7d/execute/async - {"script":"<script> [1562 bytes]","args":[{"selector":{"id":"application-managehandovers-display-component---AddNewHO--confirmCreationButton","interaction":{"idSuffix":"inner"}},"wdio_ui5_key":"applicationmanagehandovers-display-component---AddNewHO--confirmCreationButton"}]}
RESULT: {"script":"<script> [1562 bytes]","args":[{"selector":{"id":"application-managehandovers-display-component---AddNewHO--confirmCreationButton","interaction":{"idSuffix":"inner"}},"wdio_ui5_key":"applicationmanagehandovers-display-component---AddNewHO--confirmCreationButton"}]}
RESULT: undefined
COMMAND: POST /session/8b9d24fb39cbfc9e79ab89721a1c9e7d/element - {"using":"xpath","value":"//*[@id=\"application-managehandovers-display-component---AddNewHO--confirmCreationButton\"]"}
RESULT: {"using":"xpath","value":"//*[@id=\"application-managehandovers-display-component---AddNewHO--confirmCreationButton\"]"}
COMMAND: POST /session/8b9d24fb39cbfc9e79ab89721a1c9e7d/element/f.7652131D378371FA98FE7F43E0E28151.d.15B051D5142515129CB348BCD9B006E6.e.27683/click - {}
RESULT: {}
COMMAND: GET /session/8b9d24fb39cbfc9e79ab89721a1c9e7d/screenshot - {}
RESULT: {}
RESULT: undefined
COMMAND: POST /session/8b9d24fb39cbfc9e79ab89721a1c9e7d/execute/async - {"script":"<script> [776 bytes]","args":[{"enterText":"6/13/25","selector":{"id":"receiptDatePicker","viewName":"etm.portal.ui.managehandovers.view.DetailExecuteHO","interaction":{"idSuffix":"inner"}},"clearTextFirst":true,"interactionType":"ENTER_TEXT"}]}
RESULT: {"script":"<script> [776 bytes]","args":[{"enterText":"6/13/25","selector":{"id":"receiptDatePicker","viewName":"etm.portal.ui.managehandovers.view.DetailExecuteHO","interaction":{"idSuffix":"inner"}},"clearTextFirst":true,"interactionType":"ENTER_TEXT"}]}
COMMAND: POST /session/8b9d24fb39cbfc9e79ab89721a1c9e7d/element - {"using":"xpath","value":"//button[@data-kt=\"IssuingTableConfirmAllButton\"]"}
RESULT: {"using":"xpath","value":"//button[@data-kt=\"IssuingTableConfirmAllButton\"]"}
COMMAND: POST /session/8b9d24fb39cbfc9e79ab89721a1c9e7d/element/f.7652131D378371FA98FE7F43E0E28151.d.15B051D5142515129CB348BCD9B006E6.e.27726/click - {}
RESULT: {}
COMMAND: GET /session/8b9d24fb39cbfc9e79ab89721a1c9e7d/screenshot - {}
RESULT: {}
COMMAND: POST /session/8b9d24fb39cbfc9e79ab89721a1c9e7d/element - {"using":"xpath","value":"//bdi[contains(text(), \"OK\")]"}
RESULT: {"using":"xpath","value":"//bdi[contains(text(), \"OK\")]"}
COMMAND: POST /session/8b9d24fb39cbfc9e79ab89721a1c9e7d/element/f.7652131D378371FA98FE7F43E0E28151.d.15B051D5142515129CB348BCD9B006E6.e.27729/click - {}
RESULT: {}
COMMAND: GET /session/8b9d24fb39cbfc9e79ab89721a1c9e7d/screenshot - {}
RESULT: {}
COMMAND: POST /session/8b9d24fb39cbfc9e79ab89721a1c9e7d/element - {"using":"xpath","value":"//bdi[contains(text(), \"Issue\")]"}
RESULT: {"using":"xpath","value":"//bdi[contains(text(), \"Issue\")]"}
COMMAND: POST /session/8b9d24fb39cbfc9e79ab89721a1c9e7d/element/f.7652131D378371FA98FE7F43E0E28151.d.15B051D5142515129CB348BCD9B006E6.e.27731/click - {}
RESULT: {}
COMMAND: GET /session/8b9d24fb39cbfc9e79ab89721a1c9e7d/screenshot - {}
RESULT: {}
COMMAND: POST /session/8b9d24fb39cbfc9e79ab89721a1c9e7d/element - {"using":"css selector","value":"#shell-header-logo"}
RESULT: {"using":"css selector","value":"#shell-header-logo"}
COMMAND: POST /session/8b9d24fb39cbfc9e79ab89721a1c9e7d/element/f.7652131D378371FA98FE7F43E0E28151.d.15B051D5142515129CB348BCD9B006E6.e.27119/click - {}
RESULT: {}
COMMAND: GET /session/8b9d24fb39cbfc9e79ab89721a1c9e7d/screenshot - {}
RESULT: {}
COMMAND: POST /session/8b9d24fb39cbfc9e79ab89721a1c9e7d/element - {"using":"css selector","value":"#j_username"}
COMMAND: POST /session/8b9d24fb39cbfc9e79ab89721a1c9e7d/url - {"url":"https://qa-testing-00-live-etm-ui.cfapps.eu10-004.hana.ondemand.com/"}
RESULT: {"using":"css selector","value":"#j_username"}
COMMAND: POST /session/8b9d24fb39cbfc9e79ab89721a1c9e7d/element - {"using":"css selector","value":"#j_username"}
RESULT: {"url":"https://qa-testing-00-live-etm-ui.cfapps.eu10-004.hana.ondemand.com/"}
RESULT: undefined
COMMAND: GET /session/8b9d24fb39cbfc9e79ab89721a1c9e7d/screenshot - {}
RESULT: {"using":"css selector","value":"#j_username"}
COMMAND: POST /session/8b9d24fb39cbfc9e79ab89721a1c9e7d/element - {"using":"css selector","value":"#shell-header-logo"}
RESULT: {}
RESULT: {"using":"css selector","value":"#shell-header-logo"}
COMMAND: POST /session/8b9d24fb39cbfc9e79ab89721a1c9e7d/execute/sync - {"script":"<script> [8489 bytes]","args":[{"element-6066-11e4-a52e-4f735466cecf":"f.7652131D378371FA98FE7F43E0E28151.d.B50CEF52A156886C851D3BF46B31C4C1.e.27912","ELEMENT":"f.7652131D378371FA98FE7F43E0E28151.d.B50CEF52A156886C851D3BF46B31C4C1.e.27912"}]}
RESULT: {"script":"<script> [8489 bytes]","args":[{"element-6066-11e4-a52e-4f735466cecf":"f.7652131D378371FA98FE7F43E0E28151.d.B50CEF52A156886C851D3BF46B31C4C1.e.27912","ELEMENT":"f.7652131D378371FA98FE7F43E0E28151.d.B50CEF52A156886C851D3BF46B31C4C1.e.27912"}]}
COMMAND: POST /session/8b9d24fb39cbfc9e79ab89721a1c9e7d/element - {"using":"css selector","value":"#shell-header-logo"}
COMMAND: GET /session/8b9d24fb39cbfc9e79ab89721a1c9e7d/screenshot - {}
RESULT: {"using":"css selector","value":"#shell-header-logo"}
COMMAND: POST /session/8b9d24fb39cbfc9e79ab89721a1c9e7d/execute/sync - {"script":"<script> [8489 bytes]","args":[{"element-6066-11e4-a52e-4f735466cecf":"f.7652131D378371FA98FE7F43E0E28151.d.B50CEF52A156886C851D3BF46B31C4C1.e.27912","ELEMENT":"f.7652131D378371FA98FE7F43E0E28151.d.B50CEF52A156886C851D3BF46B31C4C1.e.27912"}]}
RESULT: {}
RESULT: {"script":"<script> [8489 bytes]","args":[{"element-6066-11e4-a52e-4f735466cecf":"f.7652131D378371FA98FE7F43E0E28151.d.B50CEF52A156886C851D3BF46B31C4C1.e.27912","ELEMENT":"f.7652131D378371FA98FE7F43E0E28151.d.B50CEF52A156886C851D3BF46B31C4C1.e.27912"}]}
COMMAND: POST /session/8b9d24fb39cbfc9e79ab89721a1c9e7d/execute/sync - {"script":"<script> [5351 bytes]","args":[{"element-6066-11e4-a52e-4f735466cecf":"f.7652131D378371FA98FE7F43E0E28151.d.B50CEF52A156886C851D3BF46B31C4C1.e.27912","ELEMENT":"f.7652131D378371FA98FE7F43E0E28151.d.B50CEF52A156886C851D3BF46B31C4C1.e.27912"}]}
COMMAND: GET /session/8b9d24fb39cbfc9e79ab89721a1c9e7d/screenshot - {}
RESULT: {"script":"<script> [5351 bytes]","args":[{"element-6066-11e4-a52e-4f735466cecf":"f.7652131D378371FA98FE7F43E0E28151.d.B50CEF52A156886C851D3BF46B31C4C1.e.27912","ELEMENT":"f.7652131D378371FA98FE7F43E0E28151.d.B50CEF52A156886C851D3BF46B31C4C1.e.27912"}]}
COMMAND: POST /session/8b9d24fb39cbfc9e79ab89721a1c9e7d/element - {"using":"css selector","value":"#shell-header-logo"}
COMMAND: GET /session/8b9d24fb39cbfc9e79ab89721a1c9e7d/screenshot - {}
RESULT: {}
RESULT: {"using":"css selector","value":"#shell-header-logo"}
COMMAND: POST /session/8b9d24fb39cbfc9e79ab89721a1c9e7d/element/f.7652131D378371FA98FE7F43E0E28151.d.B50CEF52A156886C851D3BF46B31C4C1.e.27912/click - {}
RESULT: {}
RESULT: {}
COMMAND: GET /session/8b9d24fb39cbfc9e79ab89721a1c9e7d/screenshot - {}
RESULT: {}
COMMAND: POST /session/8b9d24fb39cbfc9e79ab89721a1c9e7d/execute/async - {"script":"<script> [189 bytes]","args":[]}
RESULT: {"script":"<script> [189 bytes]","args":[]}
COMMAND: POST /session/8b9d24fb39cbfc9e79ab89721a1c9e7d/execute/async - {"script":"<script> [123 bytes]","args":[]}
RESULT: {"script":"<script> [123 bytes]","args":[]}
COMMAND: POST /session/8b9d24fb39cbfc9e79ab89721a1c9e7d/timeouts - {"script":"<number>"}
RESULT: {"script":"<number>"}
COMMAND: GET /session/8b9d24fb39cbfc9e79ab89721a1c9e7d/timeouts - {}
RESULT: {}
RESULT: undefined
COMMAND: POST /session/8b9d24fb39cbfc9e79ab89721a1c9e7d/execute/async - {"script":"<script> [2676 bytes]","args":[]}
RESULT: {"script":"<script> [2676 bytes]","args":[]}
COMMAND: POST /session/8b9d24fb39cbfc9e79ab89721a1c9e7d/execute/async - {"script":"<script> [2342 bytes]","args":[{"protocol":"http","hostname":"0.0.0.0","path":"/","capabilities":{"browserName":"chrome","goog:chromeOptions":{"binary":"C:\\Program Files\\Google\\Chrome\\Application\\chrome.exe","args":["--start-maximized"]}},"logLevel":"warn","connectionRetryTimeout":120000,"connectionRetryCount":3,"logLevels":{},"enableDirectConnect":true,"strictSSL":true,"_":"65 more keys: [\"cacheDir\",\"port\",\"requestedCapabilities\",\"automationProtocol\",\"baseUrl\",\"waitforInterval\",\"waitforTimeout\",\"onReload\",\"beforeCommand\",\"afterCommand\",\"rootDir\",\"specs\",\"suites\",\"exclude\",\"groupLogsByTestSpec\",\"excludeDriverLogs\",\"bail\",\"framework\",\"reporters\",\"services\",\"maxInstances\",\"maxInstancesPerCapability\",\"injectGlobals\",\"filesToWatch\",\"execArgv\",\"runnerEnv\",\"runner\",\"shard\",\"specFileRetries\",\"specFileRetriesDelay\",\"specFileRetriesDeferred\",\"reporterSyncInterval\",\"reporterSyncTimeout\",\"cucumberFeaturesWithLineNumbers\",\"autoCompileOpts\",\"mochaOpts\",\"jasmineOpts\",\"cucumberOpts\",\"onPrepare\",\"onWorkerStart\",\"onWorkerEnd\",\"before\",\"beforeSession\",\"beforeSuite\",\"beforeHook\",\"beforeTest\",\"afterTest\",\"afterHook\",\"afterSuite\",\"afterSession\",\"after\",\"onComplete\",\"beforeAssertion\",\"afterAssertion\",\"beforeFeature\",\"beforeScenario\",\"beforeStep\",\"afterStep\",\"afterScenario\",\"afterFeature\",\"_\",\"suite\",\"$0\",\"ignoredWorkerServices\",\"wdi5\"]"}]}
RESULT: {"script":"<script> [2342 bytes]","args":[{"protocol":"http","hostname":"0.0.0.0","path":"/","capabilities":{"browserName":"chrome","goog:chromeOptions":{"binary":"C:\\Program Files\\Google\\Chrome\\Application\\chrome.exe","args":["--start-maximized"]}},"logLevel":"warn","connectionRetryTimeout":120000,"connectionRetryCount":3,"logLevels":{},"enableDirectConnect":true,"strictSSL":true,"_":"65 more keys: [\"cacheDir\",\"port\",\"requestedCapabilities\",\"automationProtocol\",\"baseUrl\",\"waitforInterval\",\"waitforTimeout\",\"onReload\",\"beforeCommand\",\"afterCommand\",\"rootDir\",\"specs\",\"suites\",\"exclude\",\"groupLogsByTestSpec\",\"excludeDriverLogs\",\"bail\",\"framework\",\"reporters\",\"services\",\"maxInstances\",\"maxInstancesPerCapability\",\"injectGlobals\",\"filesToWatch\",\"execArgv\",\"runnerEnv\",\"runner\",\"shard\",\"specFileRetries\",\"specFileRetriesDelay\",\"specFileRetriesDeferred\",\"reporterSyncInterval\",\"reporterSyncTimeout\",\"cucumberFeaturesWithLineNumbers\",\"autoCompileOpts\",\"mochaOpts\",\"jasmineOpts\",\"cucumberOpts\",\"onPrepare\",\"onWorkerStart\",\"onWorkerEnd\",\"before\",\"beforeSession\",\"beforeSuite\",\"beforeHook\",\"beforeTest\",\"afterTest\",\"afterHook\",\"afterSuite\",\"afterSession\",\"after\",\"onComplete\",\"beforeAssertion\",\"afterAssertion\",\"beforeFeature\",\"beforeScenario\",\"beforeStep\",\"afterStep\",\"afterScenario\",\"afterFeature\",\"_\",\"suite\",\"$0\",\"ignoredWorkerServices\",\"wdi5\"]"}]}
COMMAND: POST /session/8b9d24fb39cbfc9e79ab89721a1c9e7d/execute/async - {"script":"<script> [21126 bytes]","args":[35000]}
RESULT: {"script":"<script> [21126 bytes]","args":[35000]}
COMMAND: POST /session/8b9d24fb39cbfc9e79ab89721a1c9e7d/window/maximize - {}
RESULT: {}
COMMAND: POST /session/8b9d24fb39cbfc9e79ab89721a1c9e7d/execute/async - {"script":"<script> [1562 bytes]","args":[{"selector":{"id":"shell-header","interaction":{"idSuffix":"icon"}},"wdio_ui5_key":"shellheader"}]}
COMMAND: GET /session/8b9d24fb39cbfc9e79ab89721a1c9e7d/screenshot - {}
RESULT: {"script":"<script> [1562 bytes]","args":[{"selector":{"id":"shell-header","interaction":{"idSuffix":"icon"}},"wdio_ui5_key":"shellheader"}]}
RESULT: undefined
COMMAND: POST /session/8b9d24fb39cbfc9e79ab89721a1c9e7d/window/fullscreen - {}
RESULT: {}
RESULT: {}
]]></system-out>
    </testcase>
  </testsuite>
  <testsuite timestamp="2025-06-13T17:35:20" time="770.593" tests="7" failures="0" errors="0" skipped="0">
    <properties>
      <property name="specId" value="0"/>
      <property name="suiteName" value="Transfer Yard to Yard US131076"/>
      <property name="capabilities" value="chrome.137_0_7151_69.windows"/>
      <property name="file" value="file:///D:/a/1/s/test/specs/HTR/transfer-yard-to-yard.spec.js"/>
    </properties>
    <testcase classname="chrome.137_0_7151_69.windows.Transfer_Yard_to_Yard_US131076" name="Should create a new yard" time="0.03">
      <system-out><![CDATA[
COMMAND: POST /session/8b9d24fb39cbfc9e79ab89721a1c9e7d/window/fullscreen - {}
RESULT: {}
]]></system-out>
    </testcase>
    <testcase classname="chrome.137_0_7151_69.windows.Transfer_Yard_to_Yard_US131076" name="Should create a new 2nd yard" time="123.701">
      <system-out><![CDATA[
COMMAND: POST /session/8b9d24fb39cbfc9e79ab89721a1c9e7d/window/fullscreen - {}
RESULT: {}
COMMAND: POST /session/8b9d24fb39cbfc9e79ab89721a1c9e7d/execute/async - {"script":"<script> [1562 bytes]","args":[{"selector":{"controlType":"sap.m.GenericTile","properties":{"header":"Manage Yards"}},"wdio_ui5_key":"sapm.GenericTile{\"header\":\"Manage Yards\"}"}]}
RESULT: {"script":"<script> [1562 bytes]","args":[{"selector":{"controlType":"sap.m.GenericTile","properties":{"header":"Manage Yards"}},"wdio_ui5_key":"sapm.GenericTile{\"header\":\"Manage Yards\"}"}]}
RESULT: undefined
COMMAND: POST /session/8b9d24fb39cbfc9e79ab89721a1c9e7d/element - {"using":"xpath","value":"//*[@id=\"__tile34\"]"}
RESULT: {"using":"xpath","value":"//*[@id=\"__tile34\"]"}
COMMAND: POST /session/8b9d24fb39cbfc9e79ab89721a1c9e7d/element/f.7652131D378371FA98FE7F43E0E28151.d.B50CEF52A156886C851D3BF46B31C4C1.e.27939/click - {}
RESULT: {}
COMMAND: GET /session/8b9d24fb39cbfc9e79ab89721a1c9e7d/screenshot - {}
RESULT: {}
COMMAND: POST /session/8b9d24fb39cbfc9e79ab89721a1c9e7d/elements - {"using":"xpath","value":"//span[text()='Error']"}
RESULT: {"using":"xpath","value":"//span[text()='Error']"}
COMMAND: POST /session/8b9d24fb39cbfc9e79ab89721a1c9e7d/element - {"using":"xpath","value":"//button[@data-kt=\"addNewYardOverflowToolbarButton\"]"}
RESULT: {"using":"xpath","value":"//button[@data-kt=\"addNewYardOverflowToolbarButton\"]"}
COMMAND: POST /session/8b9d24fb39cbfc9e79ab89721a1c9e7d/elements - {"using":"xpath","value":"//button[@data-kt=\"addNewYardOverflowToolbarButton\"]"}
RESULT: {"using":"xpath","value":"//button[@data-kt=\"addNewYardOverflowToolbarButton\"]"}
COMMAND: POST /session/8b9d24fb39cbfc9e79ab89721a1c9e7d/elements - {"using":"xpath","value":"//button[@data-kt=\"addNewYardOverflowToolbarButton\"]"}
RESULT: {"using":"xpath","value":"//button[@data-kt=\"addNewYardOverflowToolbarButton\"]"}
COMMAND: POST /session/8b9d24fb39cbfc9e79ab89721a1c9e7d/elements - {"using":"xpath","value":"//button[@data-kt=\"addNewYardOverflowToolbarButton\"]"}
RESULT: {"using":"xpath","value":"//button[@data-kt=\"addNewYardOverflowToolbarButton\"]"}
COMMAND: POST /session/8b9d24fb39cbfc9e79ab89721a1c9e7d/element - {"using":"xpath","value":"//button[@data-kt=\"addNewYardOverflowToolbarButton\"]"}
RESULT: {"using":"xpath","value":"//button[@data-kt=\"addNewYardOverflowToolbarButton\"]"}
COMMAND: POST /session/8b9d24fb39cbfc9e79ab89721a1c9e7d/execute/sync - {"script":"<script> [8489 bytes]","args":[{"element-6066-11e4-a52e-4f735466cecf":"f.7652131D378371FA98FE7F43E0E28151.d.B50CEF52A156886C851D3BF46B31C4C1.e.28066","ELEMENT":"f.7652131D378371FA98FE7F43E0E28151.d.B50CEF52A156886C851D3BF46B31C4C1.e.28066"}]}
RESULT: {"script":"<script> [8489 bytes]","args":[{"element-6066-11e4-a52e-4f735466cecf":"f.7652131D378371FA98FE7F43E0E28151.d.B50CEF52A156886C851D3BF46B31C4C1.e.28066","ELEMENT":"f.7652131D378371FA98FE7F43E0E28151.d.B50CEF52A156886C851D3BF46B31C4C1.e.28066"}]}
COMMAND: GET /session/8b9d24fb39cbfc9e79ab89721a1c9e7d/element/f.7652131D378371FA98FE7F43E0E28151.d.B50CEF52A156886C851D3BF46B31C4C1.e.28066/enabled - {}
COMMAND: GET /session/8b9d24fb39cbfc9e79ab89721a1c9e7d/screenshot - {}
RESULT: {}
COMMAND: POST /session/8b9d24fb39cbfc9e79ab89721a1c9e7d/execute/sync - {"script":"<script> [8489 bytes]","args":[{"element-6066-11e4-a52e-4f735466cecf":"f.7652131D378371FA98FE7F43E0E28151.d.B50CEF52A156886C851D3BF46B31C4C1.e.28066","ELEMENT":"f.7652131D378371FA98FE7F43E0E28151.d.B50CEF52A156886C851D3BF46B31C4C1.e.28066"}]}
COMMAND: GET /session/8b9d24fb39cbfc9e79ab89721a1c9e7d/screenshot - {}
RESULT: {}
RESULT: {"script":"<script> [8489 bytes]","args":[{"element-6066-11e4-a52e-4f735466cecf":"f.7652131D378371FA98FE7F43E0E28151.d.B50CEF52A156886C851D3BF46B31C4C1.e.28066","ELEMENT":"f.7652131D378371FA98FE7F43E0E28151.d.B50CEF52A156886C851D3BF46B31C4C1.e.28066"}]}
COMMAND: POST /session/8b9d24fb39cbfc9e79ab89721a1c9e7d/execute/sync - {"script":"<script> [5351 bytes]","args":[{"element-6066-11e4-a52e-4f735466cecf":"f.7652131D378371FA98FE7F43E0E28151.d.B50CEF52A156886C851D3BF46B31C4C1.e.28066","ELEMENT":"f.7652131D378371FA98FE7F43E0E28151.d.B50CEF52A156886C851D3BF46B31C4C1.e.28066"}]}
COMMAND: GET /session/8b9d24fb39cbfc9e79ab89721a1c9e7d/screenshot - {}
RESULT: {}
RESULT: {"script":"<script> [5351 bytes]","args":[{"element-6066-11e4-a52e-4f735466cecf":"f.7652131D378371FA98FE7F43E0E28151.d.B50CEF52A156886C851D3BF46B31C4C1.e.28066","ELEMENT":"f.7652131D378371FA98FE7F43E0E28151.d.B50CEF52A156886C851D3BF46B31C4C1.e.28066"}]}
COMMAND: POST /session/8b9d24fb39cbfc9e79ab89721a1c9e7d/element/f.7652131D378371FA98FE7F43E0E28151.d.B50CEF52A156886C851D3BF46B31C4C1.e.28066/click - {}
COMMAND: GET /session/8b9d24fb39cbfc9e79ab89721a1c9e7d/screenshot - {}
RESULT: {}
RESULT: {}
COMMAND: GET /session/8b9d24fb39cbfc9e79ab89721a1c9e7d/screenshot - {}
RESULT: {}
COMMAND: POST /session/8b9d24fb39cbfc9e79ab89721a1c9e7d/element - {"using":"xpath","value":"//input[@id=\"application-manageyards-display-component---NewYard--yardId-inner\"]"}
RESULT: {}
RESULT: {"using":"xpath","value":"//input[@id=\"application-manageyards-display-component---NewYard--yardId-inner\"]"}
COMMAND: POST /session/8b9d24fb39cbfc9e79ab89721a1c9e7d/element - {"using":"xpath","value":"//input[@id=\"application-manageyards-display-component---NewYard--yardId-inner\"]"}
RESULT: {"using":"xpath","value":"//input[@id=\"application-manageyards-display-component---NewYard--yardId-inner\"]"}
COMMAND: POST /session/8b9d24fb39cbfc9e79ab89721a1c9e7d/execute/async - {"script":"<script> [1562 bytes]","args":[{"selector":{"id":"application-manageyards-display-component---NewYard--addressDetailDetailsName1","interaction":{"idSuffix":"inner"}},"wdio_ui5_key":"applicationmanageyards-display-component---NewYard--addressDetailDetailsName1"}]}
RESULT: {"script":"<script> [1562 bytes]","args":[{"selector":{"id":"application-manageyards-display-component---NewYard--addressDetailDetailsName1","interaction":{"idSuffix":"inner"}},"wdio_ui5_key":"applicationmanageyards-display-component---NewYard--addressDetailDetailsName1"}]}
RESULT: undefined
COMMAND: POST /session/8b9d24fb39cbfc9e79ab89721a1c9e7d/execute/async - {"script":"<script> [776 bytes]","args":[{"enterText":"Intracompany Yard wdIO","selector":{"id":"application-manageyards-display-component---NewYard--addressDetailDetailsName1","interaction":{"idSuffix":"inner"}},"clearTextFirst":true,"interactionType":"ENTER_TEXT"}]}
RESULT: {"script":"<script> [776 bytes]","args":[{"enterText":"Intracompany Yard wdIO","selector":{"id":"application-manageyards-display-component---NewYard--addressDetailDetailsName1","interaction":{"idSuffix":"inner"}},"clearTextFirst":true,"interactionType":"ENTER_TEXT"}]}
COMMAND: POST /session/8b9d24fb39cbfc9e79ab89721a1c9e7d/execute/async - {"script":"<script> [1562 bytes]","args":[{"selector":{"id":"application-manageyards-display-component---NewYard--addressDetailDetailsLanguage-arrow"},"wdio_ui5_key":"applicationmanageyards-display-component---NewYard--addressDetailDetailsLanguage-arrow"}]}
RESULT: {"script":"<script> [1562 bytes]","args":[{"selector":{"id":"application-manageyards-display-component---NewYard--addressDetailDetailsLanguage-arrow"},"wdio_ui5_key":"applicationmanageyards-display-component---NewYard--addressDetailDetailsLanguage-arrow"}]}
RESULT: undefined
COMMAND: POST /session/8b9d24fb39cbfc9e79ab89721a1c9e7d/element - {"using":"xpath","value":"//*[@id=\"application-manageyards-display-component---NewYard--addressDetailDetailsLanguage-arrow\"]"}
RESULT: {"using":"xpath","value":"//*[@id=\"application-manageyards-display-component---NewYard--addressDetailDetailsLanguage-arrow\"]"}
COMMAND: POST /session/8b9d24fb39cbfc9e79ab89721a1c9e7d/element/f.7652131D378371FA98FE7F43E0E28151.d.B50CEF52A156886C851D3BF46B31C4C1.e.28499/click - {}
RESULT: {}
COMMAND: POST /session/8b9d24fb39cbfc9e79ab89721a1c9e7d/element - {"using":"xpath","value":"//span[contains(text(), \"English\")]"}
COMMAND: GET /session/8b9d24fb39cbfc9e79ab89721a1c9e7d/screenshot - {}
RESULT: {"using":"xpath","value":"//span[contains(text(), \"English\")]"}
COMMAND: POST /session/8b9d24fb39cbfc9e79ab89721a1c9e7d/element/f.7652131D378371FA98FE7F43E0E28151.d.B50CEF52A156886C851D3BF46B31C4C1.e.28500/click - {}
RESULT: {}
RESULT: {}
COMMAND: POST /session/8b9d24fb39cbfc9e79ab89721a1c9e7d/execute/async - {"script":"<script> [1562 bytes]","args":[{"selector":{"id":"application-manageyards-display-component---NewYard--addressDetailDetailsCity1","interaction":{"idSuffix":"inner"}},"wdio_ui5_key":"applicationmanageyards-display-component---NewYard--addressDetailDetailsCity1"}]}
COMMAND: GET /session/8b9d24fb39cbfc9e79ab89721a1c9e7d/screenshot - {}
RESULT: {"script":"<script> [1562 bytes]","args":[{"selector":{"id":"application-manageyards-display-component---NewYard--addressDetailDetailsCity1","interaction":{"idSuffix":"inner"}},"wdio_ui5_key":"applicationmanageyards-display-component---NewYard--addressDetailDetailsCity1"}]}
RESULT: undefined
COMMAND: POST /session/8b9d24fb39cbfc9e79ab89721a1c9e7d/execute/async - {"script":"<script> [776 bytes]","args":[{"enterText":"Rosario","selector":{"id":"application-manageyards-display-component---NewYard--addressDetailDetailsCity1","interaction":{"idSuffix":"inner"}},"clearTextFirst":true,"interactionType":"ENTER_TEXT"}]}
RESULT: {}
RESULT: {"script":"<script> [776 bytes]","args":[{"enterText":"Rosario","selector":{"id":"application-manageyards-display-component---NewYard--addressDetailDetailsCity1","interaction":{"idSuffix":"inner"}},"clearTextFirst":true,"interactionType":"ENTER_TEXT"}]}
COMMAND: POST /session/8b9d24fb39cbfc9e79ab89721a1c9e7d/execute/async - {"script":"<script> [1562 bytes]","args":[{"selector":{"id":"application-manageyards-display-component---NewYard--addressDetailDetailsCountry-arrow"},"wdio_ui5_key":"applicationmanageyards-display-component---NewYard--addressDetailDetailsCountry-arrow"}]}
RESULT: {"script":"<script> [1562 bytes]","args":[{"selector":{"id":"application-manageyards-display-component---NewYard--addressDetailDetailsCountry-arrow"},"wdio_ui5_key":"applicationmanageyards-display-component---NewYard--addressDetailDetailsCountry-arrow"}]}
RESULT: undefined
COMMAND: POST /session/8b9d24fb39cbfc9e79ab89721a1c9e7d/element - {"using":"xpath","value":"//*[@id=\"application-manageyards-display-component---NewYard--addressDetailDetailsCountry-arrow\"]"}
RESULT: {"using":"xpath","value":"//*[@id=\"application-manageyards-display-component---NewYard--addressDetailDetailsCountry-arrow\"]"}
COMMAND: POST /session/8b9d24fb39cbfc9e79ab89721a1c9e7d/element/f.7652131D378371FA98FE7F43E0E28151.d.B50CEF52A156886C851D3BF46B31C4C1.e.28502/click - {}
RESULT: {}
COMMAND: POST /session/8b9d24fb39cbfc9e79ab89721a1c9e7d/element - {"using":"xpath","value":"//span[contains(text(), \"Argentina\")]"}
COMMAND: GET /session/8b9d24fb39cbfc9e79ab89721a1c9e7d/screenshot - {}
RESULT: {"using":"xpath","value":"//span[contains(text(), \"Argentina\")]"}
COMMAND: POST /session/8b9d24fb39cbfc9e79ab89721a1c9e7d/element/f.7652131D378371FA98FE7F43E0E28151.d.B50CEF52A156886C851D3BF46B31C4C1.e.28504/click - {}
RESULT: {}
RESULT: {}
COMMAND: POST /session/8b9d24fb39cbfc9e79ab89721a1c9e7d/execute/async - {"script":"<script> [1562 bytes]","args":[{"selector":{"id":"application-manageyards-display-component---NewYard--addressEditDetailsCostObjectCstType-arrow"},"wdio_ui5_key":"applicationmanageyards-display-component---NewYard--addressEditDetailsCostObjectCstType-arrow"}]}
COMMAND: GET /session/8b9d24fb39cbfc9e79ab89721a1c9e7d/screenshot - {}
RESULT: {"script":"<script> [1562 bytes]","args":[{"selector":{"id":"application-manageyards-display-component---NewYard--addressEditDetailsCostObjectCstType-arrow"},"wdio_ui5_key":"applicationmanageyards-display-component---NewYard--addressEditDetailsCostObjectCstType-arrow"}]}
RESULT: undefined
COMMAND: POST /session/8b9d24fb39cbfc9e79ab89721a1c9e7d/element - {"using":"xpath","value":"//*[@id=\"application-manageyards-display-component---NewYard--addressEditDetailsCostObjectCstType-arrow\"]"}
RESULT: {}
RESULT: {"using":"xpath","value":"//*[@id=\"application-manageyards-display-component---NewYard--addressEditDetailsCostObjectCstType-arrow\"]"}
COMMAND: POST /session/8b9d24fb39cbfc9e79ab89721a1c9e7d/element/f.7652131D378371FA98FE7F43E0E28151.d.B50CEF52A156886C851D3BF46B31C4C1.e.28505/click - {}
RESULT: {}
COMMAND: POST /session/8b9d24fb39cbfc9e79ab89721a1c9e7d/element - {"using":"xpath","value":"//span[contains(text(), \"Cost Center\")]"}
COMMAND: GET /session/8b9d24fb39cbfc9e79ab89721a1c9e7d/screenshot - {}
RESULT: {"using":"xpath","value":"//span[contains(text(), \"Cost Center\")]"}
COMMAND: POST /session/8b9d24fb39cbfc9e79ab89721a1c9e7d/element/f.7652131D378371FA98FE7F43E0E28151.d.B50CEF52A156886C851D3BF46B31C4C1.e.28506/click - {}
RESULT: {}
RESULT: {}
COMMAND: GET /session/8b9d24fb39cbfc9e79ab89721a1c9e7d/screenshot - {}
RESULT: {}
COMMAND: POST /session/8b9d24fb39cbfc9e79ab89721a1c9e7d/element - {"using":"xpath","value":"//span[@id=\"application-manageyards-display-component---NewYard--addressNewCostObjectCstID-vhi\"]"}
RESULT: {"using":"xpath","value":"//span[@id=\"application-manageyards-display-component---NewYard--addressNewCostObjectCstID-vhi\"]"}
COMMAND: POST /session/8b9d24fb39cbfc9e79ab89721a1c9e7d/execute/sync - {"script":"<script> [8489 bytes]","args":[{"element-6066-11e4-a52e-4f735466cecf":"f.7652131D378371FA98FE7F43E0E28151.d.B50CEF52A156886C851D3BF46B31C4C1.e.28510","ELEMENT":"f.7652131D378371FA98FE7F43E0E28151.d.B50CEF52A156886C851D3BF46B31C4C1.e.28510"}]}
RESULT: {"script":"<script> [8489 bytes]","args":[{"element-6066-11e4-a52e-4f735466cecf":"f.7652131D378371FA98FE7F43E0E28151.d.B50CEF52A156886C851D3BF46B31C4C1.e.28510","ELEMENT":"f.7652131D378371FA98FE7F43E0E28151.d.B50CEF52A156886C851D3BF46B31C4C1.e.28510"}]}
COMMAND: POST /session/8b9d24fb39cbfc9e79ab89721a1c9e7d/execute/async - {"script":"<script> [1562 bytes]","args":[{"selector":{"id":"application-manageyards-display-component---NewYard--addressNewCostObjectCstID-vhi"},"wdio_ui5_key":"applicationmanageyards-display-component---NewYard--addressNewCostObjectCstID-vhi"}]}
COMMAND: GET /session/8b9d24fb39cbfc9e79ab89721a1c9e7d/screenshot - {}
RESULT: {"script":"<script> [1562 bytes]","args":[{"selector":{"id":"application-manageyards-display-component---NewYard--addressNewCostObjectCstID-vhi"},"wdio_ui5_key":"applicationmanageyards-display-component---NewYard--addressNewCostObjectCstID-vhi"}]}
RESULT: undefined
COMMAND: POST /session/8b9d24fb39cbfc9e79ab89721a1c9e7d/element - {"using":"xpath","value":"//*[@id=\"application-manageyards-display-component---NewYard--addressNewCostObjectCstID-vhi\"]"}
RESULT: {}
RESULT: {"using":"xpath","value":"//*[@id=\"application-manageyards-display-component---NewYard--addressNewCostObjectCstID-vhi\"]"}
COMMAND: POST /session/8b9d24fb39cbfc9e79ab89721a1c9e7d/element/f.7652131D378371FA98FE7F43E0E28151.d.B50CEF52A156886C851D3BF46B31C4C1.e.28510/click - {}
RESULT: {}
COMMAND: GET /session/8b9d24fb39cbfc9e79ab89721a1c9e7d/screenshot - {}
RESULT: {}
COMMAND: POST /session/8b9d24fb39cbfc9e79ab89721a1c9e7d/execute/async - {"script":"<script> [1562 bytes]","args":[{"selector":{"controlType":"sap.m.SearchField","properties":{"placeholder":"Search"},"searchOpenDialogs":true,"interaction":{"idSuffix":"I"}},"wdio_ui5_key":"sapm.SearchField{\"placeholder\":\"Search\"}"}]}
RESULT: {"script":"<script> [1562 bytes]","args":[{"selector":{"controlType":"sap.m.SearchField","properties":{"placeholder":"Search"},"searchOpenDialogs":true,"interaction":{"idSuffix":"I"}},"wdio_ui5_key":"sapm.SearchField{\"placeholder\":\"Search\"}"}]}
RESULT: undefined
COMMAND: POST /session/8b9d24fb39cbfc9e79ab89721a1c9e7d/execute/async - {"script":"<script> [776 bytes]","args":[{"enterText":"bauh_b","selector":{"controlType":"sap.m.SearchField","properties":{"placeholder":"Search"},"searchOpenDialogs":true,"interaction":{"idSuffix":"I"}},"clearTextFirst":true,"interactionType":"ENTER_TEXT"}]}
RESULT: {"script":"<script> [776 bytes]","args":[{"enterText":"bauh_b","selector":{"controlType":"sap.m.SearchField","properties":{"placeholder":"Search"},"searchOpenDialogs":true,"interaction":{"idSuffix":"I"}},"clearTextFirst":true,"interactionType":"ENTER_TEXT"}]}
COMMAND: POST /session/8b9d24fb39cbfc9e79ab89721a1c9e7d/actions - {"actions":[{"id":"action85","type":"key","parameters":{},"actions":[{"type":"keyDown","value":""},{"type":"pause","duration":10},{"type":"keyUp","value":""}]}]}
RESULT: {"actions":[{"id":"action85","type":"key","parameters":{},"actions":[{"type":"keyDown","value":""},{"type":"pause","duration":10},{"type":"keyUp","value":""}]}]}
COMMAND: GET /session/8b9d24fb39cbfc9e79ab89721a1c9e7d/screenshot - {}
RESULT: {}
COMMAND: POST /session/8b9d24fb39cbfc9e79ab89721a1c9e7d/element - {"using":"xpath","value":"//span[contains(text(), \"Demo Yard\")]"}
RESULT: {"using":"xpath","value":"//span[contains(text(), \"Demo Yard\")]"}
COMMAND: POST /session/8b9d24fb39cbfc9e79ab89721a1c9e7d/element/f.7652131D378371FA98FE7F43E0E28151.d.B50CEF52A156886C851D3BF46B31C4C1.e.28551/click - {}
RESULT: {}
COMMAND: GET /session/8b9d24fb39cbfc9e79ab89721a1c9e7d/screenshot - {}
RESULT: {}
COMMAND: POST /session/8b9d24fb39cbfc9e79ab89721a1c9e7d/element - {"using":"xpath","value":"//bdi[contains(text(), \"OK\")]"}
RESULT: {"using":"xpath","value":"//bdi[contains(text(), \"OK\")]"}
COMMAND: POST /session/8b9d24fb39cbfc9e79ab89721a1c9e7d/element/f.7652131D378371FA98FE7F43E0E28151.d.B50CEF52A156886C851D3BF46B31C4C1.e.28552/click - {}
RESULT: {}
COMMAND: GET /session/8b9d24fb39cbfc9e79ab89721a1c9e7d/screenshot - {}
RESULT: {}
COMMAND: POST /session/8b9d24fb39cbfc9e79ab89721a1c9e7d/execute/async - {"script":"<script> [1562 bytes]","args":[{"selector":{"id":"application-manageyards-display-component---NewYard--addressEditDetailsCurrency-arrow"},"wdio_ui5_key":"applicationmanageyards-display-component---NewYard--addressEditDetailsCurrency-arrow"}]}
RESULT: {"script":"<script> [1562 bytes]","args":[{"selector":{"id":"application-manageyards-display-component---NewYard--addressEditDetailsCurrency-arrow"},"wdio_ui5_key":"applicationmanageyards-display-component---NewYard--addressEditDetailsCurrency-arrow"}]}
RESULT: undefined
COMMAND: POST /session/8b9d24fb39cbfc9e79ab89721a1c9e7d/element - {"using":"xpath","value":"//*[@id=\"application-manageyards-display-component---NewYard--addressEditDetailsCurrency-arrow\"]"}
RESULT: {"using":"xpath","value":"//*[@id=\"application-manageyards-display-component---NewYard--addressEditDetailsCurrency-arrow\"]"}
COMMAND: POST /session/8b9d24fb39cbfc9e79ab89721a1c9e7d/element/f.7652131D378371FA98FE7F43E0E28151.d.B50CEF52A156886C851D3BF46B31C4C1.e.28555/click - {}
RESULT: {}
COMMAND: POST /session/8b9d24fb39cbfc9e79ab89721a1c9e7d/element - {"using":"xpath","value":"//span[contains(text(), \"Euro\")]"}
COMMAND: GET /session/8b9d24fb39cbfc9e79ab89721a1c9e7d/screenshot - {}
RESULT: {"using":"xpath","value":"//span[contains(text(), \"Euro\")]"}
COMMAND: POST /session/8b9d24fb39cbfc9e79ab89721a1c9e7d/element/f.7652131D378371FA98FE7F43E0E28151.d.B50CEF52A156886C851D3BF46B31C4C1.e.28556/click - {}
RESULT: {}
RESULT: {}
COMMAND: POST /session/8b9d24fb39cbfc9e79ab89721a1c9e7d/execute/async - {"script":"<script> [1562 bytes]","args":[{"selector":{"controlType":"sap.m.Input","viewName":"etm.portal.ui.manageyards.view.New","viewId":"application-manageyards-display-component---NewYard","bindingPath":{"path":"","propertyPath":"/CONTROLLING_AREA","modelName":"NewYardModel"},"interaction":{"idSuffix":"inner"}},"wdio_ui5_key":"etmportal.ui.manageyards.view.Newsap.m.Input{\"path\":\"\",\"propertyPath\":\"/CONTROLLING_AREA\",\"modelName\":\"NewYardModel\"}"}]}
COMMAND: GET /session/8b9d24fb39cbfc9e79ab89721a1c9e7d/screenshot - {}
RESULT: {"script":"<script> [1562 bytes]","args":[{"selector":{"controlType":"sap.m.Input","viewName":"etm.portal.ui.manageyards.view.New","viewId":"application-manageyards-display-component---NewYard","bindingPath":{"path":"","propertyPath":"/CONTROLLING_AREA","modelName":"NewYardModel"},"interaction":{"idSuffix":"inner"}},"wdio_ui5_key":"etmportal.ui.manageyards.view.Newsap.m.Input{\"path\":\"\",\"propertyPath\":\"/CONTROLLING_AREA\",\"modelName\":\"NewYardModel\"}"}]}
RESULT: undefined
COMMAND: POST /session/8b9d24fb39cbfc9e79ab89721a1c9e7d/execute/async - {"script":"<script> [776 bytes]","args":[{"enterText":"Z001","selector":{"controlType":"sap.m.Input","viewName":"etm.portal.ui.manageyards.view.New","viewId":"application-manageyards-display-component---NewYard","bindingPath":{"path":"","propertyPath":"/CONTROLLING_AREA","modelName":"NewYardModel"},"interaction":{"idSuffix":"inner"}},"clearTextFirst":true,"interactionType":"ENTER_TEXT"}]}
RESULT: {}
RESULT: {"script":"<script> [776 bytes]","args":[{"enterText":"Z001","selector":{"controlType":"sap.m.Input","viewName":"etm.portal.ui.manageyards.view.New","viewId":"application-manageyards-display-component---NewYard","bindingPath":{"path":"","propertyPath":"/CONTROLLING_AREA","modelName":"NewYardModel"},"interaction":{"idSuffix":"inner"}},"clearTextFirst":true,"interactionType":"ENTER_TEXT"}]}
COMMAND: POST /session/8b9d24fb39cbfc9e79ab89721a1c9e7d/execute/async - {"script":"<script> [1562 bytes]","args":[{"selector":{"id":"application-manageyards-display-component---NewYard--companyCodeComboBox","interaction":{"idSuffix":"inner"}},"wdio_ui5_key":"applicationmanageyards-display-component---NewYard--companyCodeComboBox"}]}
RESULT: {"script":"<script> [1562 bytes]","args":[{"selector":{"id":"application-manageyards-display-component---NewYard--companyCodeComboBox","interaction":{"idSuffix":"inner"}},"wdio_ui5_key":"applicationmanageyards-display-component---NewYard--companyCodeComboBox"}]}
RESULT: undefined
COMMAND: POST /session/8b9d24fb39cbfc9e79ab89721a1c9e7d/execute/async - {"script":"<script> [776 bytes]","args":[{"enterText":"1000","selector":{"id":"application-manageyards-display-component---NewYard--companyCodeComboBox","interaction":{"idSuffix":"inner"}},"clearTextFirst":true,"interactionType":"ENTER_TEXT"}]}
RESULT: {"script":"<script> [776 bytes]","args":[{"enterText":"1000","selector":{"id":"application-manageyards-display-component---NewYard--companyCodeComboBox","interaction":{"idSuffix":"inner"}},"clearTextFirst":true,"interactionType":"ENTER_TEXT"}]}
COMMAND: POST /session/8b9d24fb39cbfc9e79ab89721a1c9e7d/execute/async - {"script":"<script> [1562 bytes]","args":[{"selector":{"controlType":"sap.m.Input","viewName":"etm.portal.ui.manageyards.view.New","viewId":"application-manageyards-display-component---NewYard","bindingPath":{"path":"","propertyPath":"/PLANT","modelName":"NewYardModel"},"interaction":{"idSuffix":"inner"}},"wdio_ui5_key":"etmportal.ui.manageyards.view.Newsap.m.Input{\"path\":\"\",\"propertyPath\":\"/PLANT\",\"modelName\":\"NewYardModel\"}"}]}
RESULT: {"script":"<script> [1562 bytes]","args":[{"selector":{"controlType":"sap.m.Input","viewName":"etm.portal.ui.manageyards.view.New","viewId":"application-manageyards-display-component---NewYard","bindingPath":{"path":"","propertyPath":"/PLANT","modelName":"NewYardModel"},"interaction":{"idSuffix":"inner"}},"wdio_ui5_key":"etmportal.ui.manageyards.view.Newsap.m.Input{\"path\":\"\",\"propertyPath\":\"/PLANT\",\"modelName\":\"NewYardModel\"}"}]}
RESULT: undefined
COMMAND: POST /session/8b9d24fb39cbfc9e79ab89721a1c9e7d/execute/async - {"script":"<script> [776 bytes]","args":[{"enterText":"1001","selector":{"controlType":"sap.m.Input","viewName":"etm.portal.ui.manageyards.view.New","viewId":"application-manageyards-display-component---NewYard","bindingPath":{"path":"","propertyPath":"/PLANT","modelName":"NewYardModel"},"interaction":{"idSuffix":"inner"}},"clearTextFirst":true,"interactionType":"ENTER_TEXT"}]}
RESULT: {"script":"<script> [776 bytes]","args":[{"enterText":"1001","selector":{"controlType":"sap.m.Input","viewName":"etm.portal.ui.manageyards.view.New","viewId":"application-manageyards-display-component---NewYard","bindingPath":{"path":"","propertyPath":"/PLANT","modelName":"NewYardModel"},"interaction":{"idSuffix":"inner"}},"clearTextFirst":true,"interactionType":"ENTER_TEXT"}]}
COMMAND: POST /session/8b9d24fb39cbfc9e79ab89721a1c9e7d/execute/async - {"script":"<script> [1562 bytes]","args":[{"selector":{"controlType":"sap.m.Input","viewName":"etm.portal.ui.manageyards.view.New","viewId":"application-manageyards-display-component---NewYard","bindingPath":{"path":"","propertyPath":"/SALES_AREA_VKORG","modelName":"NewYardModel"},"interaction":{"idSuffix":"inner"}},"wdio_ui5_key":"etmportal.ui.manageyards.view.Newsap.m.Input{\"path\":\"\",\"propertyPath\":\"/SALES_AREA_VKORG\",\"modelName\":\"NewYardModel\"}"}]}
RESULT: {"script":"<script> [1562 bytes]","args":[{"selector":{"controlType":"sap.m.Input","viewName":"etm.portal.ui.manageyards.view.New","viewId":"application-manageyards-display-component---NewYard","bindingPath":{"path":"","propertyPath":"/SALES_AREA_VKORG","modelName":"NewYardModel"},"interaction":{"idSuffix":"inner"}},"wdio_ui5_key":"etmportal.ui.manageyards.view.Newsap.m.Input{\"path\":\"\",\"propertyPath\":\"/SALES_AREA_VKORG\",\"modelName\":\"NewYardModel\"}"}]}
RESULT: undefined
COMMAND: POST /session/8b9d24fb39cbfc9e79ab89721a1c9e7d/execute/async - {"script":"<script> [776 bytes]","args":[{"enterText":"C002","selector":{"controlType":"sap.m.Input","viewName":"etm.portal.ui.manageyards.view.New","viewId":"application-manageyards-display-component---NewYard","bindingPath":{"path":"","propertyPath":"/SALES_AREA_VKORG","modelName":"NewYardModel"},"interaction":{"idSuffix":"inner"}},"clearTextFirst":true,"interactionType":"ENTER_TEXT"}]}
RESULT: {"script":"<script> [776 bytes]","args":[{"enterText":"C002","selector":{"controlType":"sap.m.Input","viewName":"etm.portal.ui.manageyards.view.New","viewId":"application-manageyards-display-component---NewYard","bindingPath":{"path":"","propertyPath":"/SALES_AREA_VKORG","modelName":"NewYardModel"},"interaction":{"idSuffix":"inner"}},"clearTextFirst":true,"interactionType":"ENTER_TEXT"}]}
COMMAND: POST /session/8b9d24fb39cbfc9e79ab89721a1c9e7d/execute/async - {"script":"<script> [1562 bytes]","args":[{"selector":{"controlType":"sap.m.Input","viewName":"etm.portal.ui.manageyards.view.New","viewId":"application-manageyards-display-component---NewYard","bindingPath":{"path":"","propertyPath":"/SALES_AREA_VTWEG","modelName":"NewYardModel"},"interaction":{"idSuffix":"inner"}},"wdio_ui5_key":"etmportal.ui.manageyards.view.Newsap.m.Input{\"path\":\"\",\"propertyPath\":\"/SALES_AREA_VTWEG\",\"modelName\":\"NewYardModel\"}"}]}
RESULT: {"script":"<script> [1562 bytes]","args":[{"selector":{"controlType":"sap.m.Input","viewName":"etm.portal.ui.manageyards.view.New","viewId":"application-manageyards-display-component---NewYard","bindingPath":{"path":"","propertyPath":"/SALES_AREA_VTWEG","modelName":"NewYardModel"},"interaction":{"idSuffix":"inner"}},"wdio_ui5_key":"etmportal.ui.manageyards.view.Newsap.m.Input{\"path\":\"\",\"propertyPath\":\"/SALES_AREA_VTWEG\",\"modelName\":\"NewYardModel\"}"}]}
RESULT: undefined
COMMAND: POST /session/8b9d24fb39cbfc9e79ab89721a1c9e7d/execute/async - {"script":"<script> [776 bytes]","args":[{"enterText":"C2","selector":{"controlType":"sap.m.Input","viewName":"etm.portal.ui.manageyards.view.New","viewId":"application-manageyards-display-component---NewYard","bindingPath":{"path":"","propertyPath":"/SALES_AREA_VTWEG","modelName":"NewYardModel"},"interaction":{"idSuffix":"inner"}},"clearTextFirst":true,"interactionType":"ENTER_TEXT"}]}
RESULT: {"script":"<script> [776 bytes]","args":[{"enterText":"C2","selector":{"controlType":"sap.m.Input","viewName":"etm.portal.ui.manageyards.view.New","viewId":"application-manageyards-display-component---NewYard","bindingPath":{"path":"","propertyPath":"/SALES_AREA_VTWEG","modelName":"NewYardModel"},"interaction":{"idSuffix":"inner"}},"clearTextFirst":true,"interactionType":"ENTER_TEXT"}]}
COMMAND: POST /session/8b9d24fb39cbfc9e79ab89721a1c9e7d/execute/async - {"script":"<script> [1562 bytes]","args":[{"selector":{"controlType":"sap.m.Input","viewName":"etm.portal.ui.manageyards.view.New","viewId":"application-manageyards-display-component---NewYard","bindingPath":{"path":"","propertyPath":"/SALES_AREA_SPART","modelName":"NewYardModel"},"interaction":{"idSuffix":"inner"}},"wdio_ui5_key":"etmportal.ui.manageyards.view.Newsap.m.Input{\"path\":\"\",\"propertyPath\":\"/SALES_AREA_SPART\",\"modelName\":\"NewYardModel\"}"}]}
RESULT: {"script":"<script> [1562 bytes]","args":[{"selector":{"controlType":"sap.m.Input","viewName":"etm.portal.ui.manageyards.view.New","viewId":"application-manageyards-display-component---NewYard","bindingPath":{"path":"","propertyPath":"/SALES_AREA_SPART","modelName":"NewYardModel"},"interaction":{"idSuffix":"inner"}},"wdio_ui5_key":"etmportal.ui.manageyards.view.Newsap.m.Input{\"path\":\"\",\"propertyPath\":\"/SALES_AREA_SPART\",\"modelName\":\"NewYardModel\"}"}]}
RESULT: undefined
COMMAND: POST /session/8b9d24fb39cbfc9e79ab89721a1c9e7d/execute/async - {"script":"<script> [776 bytes]","args":[{"enterText":"C2","selector":{"controlType":"sap.m.Input","viewName":"etm.portal.ui.manageyards.view.New","viewId":"application-manageyards-display-component---NewYard","bindingPath":{"path":"","propertyPath":"/SALES_AREA_SPART","modelName":"NewYardModel"},"interaction":{"idSuffix":"inner"}},"clearTextFirst":true,"interactionType":"ENTER_TEXT"}]}
RESULT: {"script":"<script> [776 bytes]","args":[{"enterText":"C2","selector":{"controlType":"sap.m.Input","viewName":"etm.portal.ui.manageyards.view.New","viewId":"application-manageyards-display-component---NewYard","bindingPath":{"path":"","propertyPath":"/SALES_AREA_SPART","modelName":"NewYardModel"},"interaction":{"idSuffix":"inner"}},"clearTextFirst":true,"interactionType":"ENTER_TEXT"}]}
COMMAND: POST /session/8b9d24fb39cbfc9e79ab89721a1c9e7d/execute/async - {"script":"<script> [1562 bytes]","args":[{"selector":{"controlType":"sap.m.Input","viewName":"etm.portal.ui.manageyards.view.New","viewId":"application-manageyards-display-component---NewYard","bindingPath":{"path":"","propertyPath":"/SHIP_POINT","modelName":"NewYardModel"},"interaction":{"idSuffix":"inner"}},"wdio_ui5_key":"etmportal.ui.manageyards.view.Newsap.m.Input{\"path\":\"\",\"propertyPath\":\"/SHIP_POINT\",\"modelName\":\"NewYardModel\"}"}]}
RESULT: {"script":"<script> [1562 bytes]","args":[{"selector":{"controlType":"sap.m.Input","viewName":"etm.portal.ui.manageyards.view.New","viewId":"application-manageyards-display-component---NewYard","bindingPath":{"path":"","propertyPath":"/SHIP_POINT","modelName":"NewYardModel"},"interaction":{"idSuffix":"inner"}},"wdio_ui5_key":"etmportal.ui.manageyards.view.Newsap.m.Input{\"path\":\"\",\"propertyPath\":\"/SHIP_POINT\",\"modelName\":\"NewYardModel\"}"}]}
RESULT: undefined
COMMAND: POST /session/8b9d24fb39cbfc9e79ab89721a1c9e7d/execute/async - {"script":"<script> [776 bytes]","args":[{"enterText":"1710","selector":{"controlType":"sap.m.Input","viewName":"etm.portal.ui.manageyards.view.New","viewId":"application-manageyards-display-component---NewYard","bindingPath":{"path":"","propertyPath":"/SHIP_POINT","modelName":"NewYardModel"},"interaction":{"idSuffix":"inner"}},"clearTextFirst":true,"interactionType":"ENTER_TEXT"}]}
RESULT: {"script":"<script> [776 bytes]","args":[{"enterText":"1710","selector":{"controlType":"sap.m.Input","viewName":"etm.portal.ui.manageyards.view.New","viewId":"application-manageyards-display-component---NewYard","bindingPath":{"path":"","propertyPath":"/SHIP_POINT","modelName":"NewYardModel"},"interaction":{"idSuffix":"inner"}},"clearTextFirst":true,"interactionType":"ENTER_TEXT"}]}
COMMAND: POST /session/8b9d24fb39cbfc9e79ab89721a1c9e7d/execute/async - {"script":"<script> [1562 bytes]","args":[{"selector":{"controlType":"sap.m.Input","viewName":"etm.portal.ui.manageyards.view.New","viewId":"application-manageyards-display-component---NewYard","bindingPath":{"path":"","propertyPath":"/DELIVERY_TYPE","modelName":"NewYardModel"},"interaction":{"idSuffix":"inner"}},"wdio_ui5_key":"etmportal.ui.manageyards.view.Newsap.m.Input{\"path\":\"\",\"propertyPath\":\"/DELIVERY_TYPE\",\"modelName\":\"NewYardModel\"}"}]}
RESULT: {"script":"<script> [1562 bytes]","args":[{"selector":{"controlType":"sap.m.Input","viewName":"etm.portal.ui.manageyards.view.New","viewId":"application-manageyards-display-component---NewYard","bindingPath":{"path":"","propertyPath":"/DELIVERY_TYPE","modelName":"NewYardModel"},"interaction":{"idSuffix":"inner"}},"wdio_ui5_key":"etmportal.ui.manageyards.view.Newsap.m.Input{\"path\":\"\",\"propertyPath\":\"/DELIVERY_TYPE\",\"modelName\":\"NewYardModel\"}"}]}
RESULT: undefined
COMMAND: POST /session/8b9d24fb39cbfc9e79ab89721a1c9e7d/execute/async - {"script":"<script> [776 bytes]","args":[{"enterText":"ZL01","selector":{"controlType":"sap.m.Input","viewName":"etm.portal.ui.manageyards.view.New","viewId":"application-manageyards-display-component---NewYard","bindingPath":{"path":"","propertyPath":"/DELIVERY_TYPE","modelName":"NewYardModel"},"interaction":{"idSuffix":"inner"}},"clearTextFirst":true,"interactionType":"ENTER_TEXT"}]}
RESULT: {"script":"<script> [776 bytes]","args":[{"enterText":"ZL01","selector":{"controlType":"sap.m.Input","viewName":"etm.portal.ui.manageyards.view.New","viewId":"application-manageyards-display-component---NewYard","bindingPath":{"path":"","propertyPath":"/DELIVERY_TYPE","modelName":"NewYardModel"},"interaction":{"idSuffix":"inner"}},"clearTextFirst":true,"interactionType":"ENTER_TEXT"}]}
COMMAND: POST /session/8b9d24fb39cbfc9e79ab89721a1c9e7d/execute/async - {"script":"<script> [1562 bytes]","args":[{"selector":{"controlType":"sap.m.Input","viewName":"etm.portal.ui.manageyards.view.New","viewId":"application-manageyards-display-component---NewYard","bindingPath":{"path":"","propertyPath":"/AUART","modelName":"NewYardModel"},"interaction":{"idSuffix":"inner"}},"wdio_ui5_key":"etmportal.ui.manageyards.view.Newsap.m.Input{\"path\":\"\",\"propertyPath\":\"/AUART\",\"modelName\":\"NewYardModel\"}"}]}
RESULT: {"script":"<script> [1562 bytes]","args":[{"selector":{"controlType":"sap.m.Input","viewName":"etm.portal.ui.manageyards.view.New","viewId":"application-manageyards-display-component---NewYard","bindingPath":{"path":"","propertyPath":"/AUART","modelName":"NewYardModel"},"interaction":{"idSuffix":"inner"}},"wdio_ui5_key":"etmportal.ui.manageyards.view.Newsap.m.Input{\"path\":\"\",\"propertyPath\":\"/AUART\",\"modelName\":\"NewYardModel\"}"}]}
RESULT: undefined
COMMAND: POST /session/8b9d24fb39cbfc9e79ab89721a1c9e7d/execute/async - {"script":"<script> [776 bytes]","args":[{"enterText":"TA","selector":{"controlType":"sap.m.Input","viewName":"etm.portal.ui.manageyards.view.New","viewId":"application-manageyards-display-component---NewYard","bindingPath":{"path":"","propertyPath":"/AUART","modelName":"NewYardModel"},"interaction":{"idSuffix":"inner"}},"clearTextFirst":true,"interactionType":"ENTER_TEXT"}]}
RESULT: {"script":"<script> [776 bytes]","args":[{"enterText":"TA","selector":{"controlType":"sap.m.Input","viewName":"etm.portal.ui.manageyards.view.New","viewId":"application-manageyards-display-component---NewYard","bindingPath":{"path":"","propertyPath":"/AUART","modelName":"NewYardModel"},"interaction":{"idSuffix":"inner"}},"clearTextFirst":true,"interactionType":"ENTER_TEXT"}]}
COMMAND: POST /session/8b9d24fb39cbfc9e79ab89721a1c9e7d/element - {"using":"xpath","value":"//button[@data-kt=\"newYardSaveButton\"]"}
RESULT: {"using":"xpath","value":"//button[@data-kt=\"newYardSaveButton\"]"}
COMMAND: POST /session/8b9d24fb39cbfc9e79ab89721a1c9e7d/element/f.7652131D378371FA98FE7F43E0E28151.d.B50CEF52A156886C851D3BF46B31C4C1.e.28484/click - {}
RESULT: {}
COMMAND: GET /session/8b9d24fb39cbfc9e79ab89721a1c9e7d/screenshot - {}
RESULT: {}
COMMAND: POST /session/8b9d24fb39cbfc9e79ab89721a1c9e7d/element - {"using":"xpath","value":"//header[contains(@id, 'ObjectPageLayout-headerTitle')]/div[1]/div[2]/div[1]/span[1]"}
RESULT: {"using":"xpath","value":"//header[contains(@id, 'ObjectPageLayout-headerTitle')]/div[1]/div[2]/div[1]/span[1]"}
COMMAND: POST /session/8b9d24fb39cbfc9e79ab89721a1c9e7d/elements - {"using":"xpath","value":"//header[contains(@id, 'ObjectPageLayout-headerTitle')]/div[1]/div[2]/div[1]/span[1]"}
RESULT: {"using":"xpath","value":"//header[contains(@id, 'ObjectPageLayout-headerTitle')]/div[1]/div[2]/div[1]/span[1]"}
COMMAND: POST /session/8b9d24fb39cbfc9e79ab89721a1c9e7d/execute/sync - {"script":"<script> [56 bytes]","args":[{"element-6066-11e4-a52e-4f735466cecf":"f.7652131D378371FA98FE7F43E0E28151.d.B50CEF52A156886C851D3BF46B31C4C1.e.28781","ELEMENT":"f.7652131D378371FA98FE7F43E0E28151.d.B50CEF52A156886C851D3BF46B31C4C1.e.28781"}]}
RESULT: {"script":"<script> [56 bytes]","args":[{"element-6066-11e4-a52e-4f735466cecf":"f.7652131D378371FA98FE7F43E0E28151.d.B50CEF52A156886C851D3BF46B31C4C1.e.28781","ELEMENT":"f.7652131D378371FA98FE7F43E0E28151.d.B50CEF52A156886C851D3BF46B31C4C1.e.28781"}]}
COMMAND: GET /session/8b9d24fb39cbfc9e79ab89721a1c9e7d/screenshot - {}
RESULT: {}
COMMAND: POST /session/8b9d24fb39cbfc9e79ab89721a1c9e7d/element - {"using":"css selector","value":"#shell-header-logo"}
RESULT: {"using":"css selector","value":"#shell-header-logo"}
COMMAND: POST /session/8b9d24fb39cbfc9e79ab89721a1c9e7d/element/f.7652131D378371FA98FE7F43E0E28151.d.B50CEF52A156886C851D3BF46B31C4C1.e.27912/click - {}
RESULT: {}
COMMAND: GET /session/8b9d24fb39cbfc9e79ab89721a1c9e7d/screenshot - {}
RESULT: {}
COMMAND: POST /session/8b9d24fb39cbfc9e79ab89721a1c9e7d/execute/sync - {"script":"<script> [299 bytes]","args":[["getModel","getResource"]]}
RESULT: {"script":"<script> [299 bytes]","args":[["getModel","getResource"]]}
]]></system-out>
    </testcase>
    <testcase classname="chrome.137_0_7151_69.windows.Transfer_Yard_to_Yard_US131076" name="Should create an equipment" time="153.667">
      <system-out><![CDATA[
COMMAND: POST /session/8b9d24fb39cbfc9e79ab89721a1c9e7d/execute/async - {"script":"<script> [1562 bytes]","args":[{"selector":{"controlType":"sap.m.GenericTile","properties":{"header":"Manage Resources"}},"wdio_ui5_key":"sapm.GenericTile{\"header\":\"Manage Resources\"}"}]}
COMMAND: GET /session/8b9d24fb39cbfc9e79ab89721a1c9e7d/screenshot - {}
RESULT: {"script":"<script> [1562 bytes]","args":[{"selector":{"controlType":"sap.m.GenericTile","properties":{"header":"Manage Resources"}},"wdio_ui5_key":"sapm.GenericTile{\"header\":\"Manage Resources\"}"}]}
RESULT: undefined
COMMAND: POST /session/8b9d24fb39cbfc9e79ab89721a1c9e7d/element - {"using":"xpath","value":"//*[@id=\"__tile32\"]"}
RESULT: {}
RESULT: {"using":"xpath","value":"//*[@id=\"__tile32\"]"}
COMMAND: POST /session/8b9d24fb39cbfc9e79ab89721a1c9e7d/element/f.7652131D378371FA98FE7F43E0E28151.d.B50CEF52A156886C851D3BF46B31C4C1.e.27933/click - {}
RESULT: {}
COMMAND: GET /session/8b9d24fb39cbfc9e79ab89721a1c9e7d/screenshot - {}
RESULT: {}
COMMAND: POST /session/8b9d24fb39cbfc9e79ab89721a1c9e7d/elements - {"using":"xpath","value":"//span[text()='Error']"}
RESULT: {"using":"xpath","value":"//span[text()='Error']"}
COMMAND: POST /session/8b9d24fb39cbfc9e79ab89721a1c9e7d/element - {"using":"xpath","value":"//button[@data-kt=\"addNewRUOverflowToolbarButton\"]"}
RESULT: {"using":"xpath","value":"//button[@data-kt=\"addNewRUOverflowToolbarButton\"]"}
COMMAND: POST /session/8b9d24fb39cbfc9e79ab89721a1c9e7d/elements - {"using":"xpath","value":"//button[@data-kt=\"addNewRUOverflowToolbarButton\"]"}
RESULT: {"using":"xpath","value":"//button[@data-kt=\"addNewRUOverflowToolbarButton\"]"}
COMMAND: POST /session/8b9d24fb39cbfc9e79ab89721a1c9e7d/element - {"using":"xpath","value":"//button[@data-kt=\"addNewRUOverflowToolbarButton\"]"}
RESULT: {"using":"xpath","value":"//button[@data-kt=\"addNewRUOverflowToolbarButton\"]"}
COMMAND: POST /session/8b9d24fb39cbfc9e79ab89721a1c9e7d/execute/sync - {"script":"<script> [8489 bytes]","args":[{"element-6066-11e4-a52e-4f735466cecf":"f.7652131D378371FA98FE7F43E0E28151.d.B50CEF52A156886C851D3BF46B31C4C1.e.28811","ELEMENT":"f.7652131D378371FA98FE7F43E0E28151.d.B50CEF52A156886C851D3BF46B31C4C1.e.28811"}]}
RESULT: {"script":"<script> [8489 bytes]","args":[{"element-6066-11e4-a52e-4f735466cecf":"f.7652131D378371FA98FE7F43E0E28151.d.B50CEF52A156886C851D3BF46B31C4C1.e.28811","ELEMENT":"f.7652131D378371FA98FE7F43E0E28151.d.B50CEF52A156886C851D3BF46B31C4C1.e.28811"}]}
COMMAND: GET /session/8b9d24fb39cbfc9e79ab89721a1c9e7d/element/f.7652131D378371FA98FE7F43E0E28151.d.B50CEF52A156886C851D3BF46B31C4C1.e.28811/enabled - {}
COMMAND: GET /session/8b9d24fb39cbfc9e79ab89721a1c9e7d/screenshot - {}
RESULT: {}
COMMAND: POST /session/8b9d24fb39cbfc9e79ab89721a1c9e7d/execute/sync - {"script":"<script> [8489 bytes]","args":[{"element-6066-11e4-a52e-4f735466cecf":"f.7652131D378371FA98FE7F43E0E28151.d.B50CEF52A156886C851D3BF46B31C4C1.e.28811","ELEMENT":"f.7652131D378371FA98FE7F43E0E28151.d.B50CEF52A156886C851D3BF46B31C4C1.e.28811"}]}
COMMAND: GET /session/8b9d24fb39cbfc9e79ab89721a1c9e7d/screenshot - {}
RESULT: {}
RESULT: {"script":"<script> [8489 bytes]","args":[{"element-6066-11e4-a52e-4f735466cecf":"f.7652131D378371FA98FE7F43E0E28151.d.B50CEF52A156886C851D3BF46B31C4C1.e.28811","ELEMENT":"f.7652131D378371FA98FE7F43E0E28151.d.B50CEF52A156886C851D3BF46B31C4C1.e.28811"}]}
COMMAND: POST /session/8b9d24fb39cbfc9e79ab89721a1c9e7d/execute/sync - {"script":"<script> [5351 bytes]","args":[{"element-6066-11e4-a52e-4f735466cecf":"f.7652131D378371FA98FE7F43E0E28151.d.B50CEF52A156886C851D3BF46B31C4C1.e.28811","ELEMENT":"f.7652131D378371FA98FE7F43E0E28151.d.B50CEF52A156886C851D3BF46B31C4C1.e.28811"}]}
COMMAND: GET /session/8b9d24fb39cbfc9e79ab89721a1c9e7d/screenshot - {}
RESULT: {}
RESULT: {"script":"<script> [5351 bytes]","args":[{"element-6066-11e4-a52e-4f735466cecf":"f.7652131D378371FA98FE7F43E0E28151.d.B50CEF52A156886C851D3BF46B31C4C1.e.28811","ELEMENT":"f.7652131D378371FA98FE7F43E0E28151.d.B50CEF52A156886C851D3BF46B31C4C1.e.28811"}]}
COMMAND: POST /session/8b9d24fb39cbfc9e79ab89721a1c9e7d/element/f.7652131D378371FA98FE7F43E0E28151.d.B50CEF52A156886C851D3BF46B31C4C1.e.28811/click - {}
COMMAND: GET /session/8b9d24fb39cbfc9e79ab89721a1c9e7d/screenshot - {}
RESULT: {}
RESULT: {}
COMMAND: GET /session/8b9d24fb39cbfc9e79ab89721a1c9e7d/screenshot - {}
COMMAND: POST /session/8b9d24fb39cbfc9e79ab89721a1c9e7d/execute/async - {"script":"<script> [1562 bytes]","args":[{"selector":{"id":"application-manageresources-display-component---newResourceUnit--TYPE-arrow"},"wdio_ui5_key":"applicationmanageresources-display-component---newResourceUnit--TYPE-arrow"}]}
RESULT: {}
RESULT: {}
RESULT: {"script":"<script> [1562 bytes]","args":[{"selector":{"id":"application-manageresources-display-component---newResourceUnit--TYPE-arrow"},"wdio_ui5_key":"applicationmanageresources-display-component---newResourceUnit--TYPE-arrow"}]}
RESULT: undefined
COMMAND: POST /session/8b9d24fb39cbfc9e79ab89721a1c9e7d/element - {"using":"xpath","value":"//*[@id=\"application-manageresources-display-component---newResourceUnit--TYPE-arrow\"]"}
RESULT: {"using":"xpath","value":"//*[@id=\"application-manageresources-display-component---newResourceUnit--TYPE-arrow\"]"}
COMMAND: POST /session/8b9d24fb39cbfc9e79ab89721a1c9e7d/element/f.7652131D378371FA98FE7F43E0E28151.d.B50CEF52A156886C851D3BF46B31C4C1.e.29170/click - {}
RESULT: {}
COMMAND: POST /session/8b9d24fb39cbfc9e79ab89721a1c9e7d/element - {"using":"xpath","value":"//input[@id=\"application-manageresources-display-component---newResourceUnit--TYPE-inner\"]"}
COMMAND: GET /session/8b9d24fb39cbfc9e79ab89721a1c9e7d/screenshot - {}
RESULT: {"using":"xpath","value":"//input[@id=\"application-manageresources-display-component---newResourceUnit--TYPE-inner\"]"}
COMMAND: POST /session/8b9d24fb39cbfc9e79ab89721a1c9e7d/element/f.7652131D378371FA98FE7F43E0E28151.d.B50CEF52A156886C851D3BF46B31C4C1.e.29163/clear - {}
RESULT: {}
RESULT: {}
COMMAND: POST /session/8b9d24fb39cbfc9e79ab89721a1c9e7d/element/f.7652131D378371FA98FE7F43E0E28151.d.B50CEF52A156886C851D3BF46B31C4C1.e.29163/value - {"text":"Equipment"}
COMMAND: GET /session/8b9d24fb39cbfc9e79ab89721a1c9e7d/screenshot - {}
RESULT: {"text":"Equipment"}
COMMAND: GET /session/8b9d24fb39cbfc9e79ab89721a1c9e7d/screenshot - {}
RESULT: {}
RESULT: {}
COMMAND: POST /session/8b9d24fb39cbfc9e79ab89721a1c9e7d/actions - {"actions":[{"id":"action86","type":"key","parameters":{},"actions":[{"type":"keyDown","value":""},{"type":"pause","duration":10},{"type":"keyUp","value":""}]}]}
RESULT: {"actions":[{"id":"action86","type":"key","parameters":{},"actions":[{"type":"keyDown","value":""},{"type":"pause","duration":10},{"type":"keyUp","value":""}]}]}
COMMAND: POST /session/8b9d24fb39cbfc9e79ab89721a1c9e7d/execute/async - {"script":"<script> [1562 bytes]","args":[{"selector":{"id":"application-manageresources-display-component---newResourceUnit--resourceId","interaction":{"idSuffix":"inner"}},"wdio_ui5_key":"applicationmanageresources-display-component---newResourceUnit--resourceId"}]}
COMMAND: GET /session/8b9d24fb39cbfc9e79ab89721a1c9e7d/screenshot - {}
RESULT: {"script":"<script> [1562 bytes]","args":[{"selector":{"id":"application-manageresources-display-component---newResourceUnit--resourceId","interaction":{"idSuffix":"inner"}},"wdio_ui5_key":"applicationmanageresources-display-component---newResourceUnit--resourceId"}]}
RESULT: undefined
COMMAND: POST /session/8b9d24fb39cbfc9e79ab89721a1c9e7d/execute/async - {"script":"<script> [776 bytes]","args":[{"enterText":"NodHMPEP7I","selector":{"id":"application-manageresources-display-component---newResourceUnit--resourceId","interaction":{"idSuffix":"inner"}},"clearTextFirst":true,"interactionType":"ENTER_TEXT"}]}
RESULT: {}
RESULT: {"script":"<script> [776 bytes]","args":[{"enterText":"NodHMPEP7I","selector":{"id":"application-manageresources-display-component---newResourceUnit--resourceId","interaction":{"idSuffix":"inner"}},"clearTextFirst":true,"interactionType":"ENTER_TEXT"}]}
COMMAND: POST /session/8b9d24fb39cbfc9e79ab89721a1c9e7d/execute/async - {"script":"<script> [1562 bytes]","args":[{"selector":{"id":"application-manageresources-display-component---newResourceUnit--SHORT_TEXT","interaction":{"idSuffix":"inner"}},"wdio_ui5_key":"applicationmanageresources-display-component---newResourceUnit--SHORT_TEXT"}]}
RESULT: {"script":"<script> [1562 bytes]","args":[{"selector":{"id":"application-manageresources-display-component---newResourceUnit--SHORT_TEXT","interaction":{"idSuffix":"inner"}},"wdio_ui5_key":"applicationmanageresources-display-component---newResourceUnit--SHORT_TEXT"}]}
RESULT: undefined
COMMAND: POST /session/8b9d24fb39cbfc9e79ab89721a1c9e7d/execute/async - {"script":"<script> [776 bytes]","args":[{"enterText":"Intercompany Equipment WDIO","selector":{"id":"application-manageresources-display-component---newResourceUnit--SHORT_TEXT","interaction":{"idSuffix":"inner"}},"clearTextFirst":true,"interactionType":"ENTER_TEXT"}]}
RESULT: {"script":"<script> [776 bytes]","args":[{"enterText":"Intercompany Equipment WDIO","selector":{"id":"application-manageresources-display-component---newResourceUnit--SHORT_TEXT","interaction":{"idSuffix":"inner"}},"clearTextFirst":true,"interactionType":"ENTER_TEXT"}]}
COMMAND: POST /session/8b9d24fb39cbfc9e79ab89721a1c9e7d/execute/async - {"script":"<script> [1562 bytes]","args":[{"selector":{"id":"application-manageresources-display-component---newResourceUnit--BASE_UNIT_OF_MEASURE","interaction":{"idSuffix":"inner"}},"wdio_ui5_key":"applicationmanageresources-display-component---newResourceUnit--BASE_UNIT_OF_MEASURE"}]}
RESULT: {"script":"<script> [1562 bytes]","args":[{"selector":{"id":"application-manageresources-display-component---newResourceUnit--BASE_UNIT_OF_MEASURE","interaction":{"idSuffix":"inner"}},"wdio_ui5_key":"applicationmanageresources-display-component---newResourceUnit--BASE_UNIT_OF_MEASURE"}]}
RESULT: undefined
COMMAND: POST /session/8b9d24fb39cbfc9e79ab89721a1c9e7d/execute/async - {"script":"<script> [776 bytes]","args":[{"enterText":"Piece","selector":{"id":"application-manageresources-display-component---newResourceUnit--BASE_UNIT_OF_MEASURE","interaction":{"idSuffix":"inner"}},"clearTextFirst":true,"interactionType":"ENTER_TEXT"}]}
RESULT: {"script":"<script> [776 bytes]","args":[{"enterText":"Piece","selector":{"id":"application-manageresources-display-component---newResourceUnit--BASE_UNIT_OF_MEASURE","interaction":{"idSuffix":"inner"}},"clearTextFirst":true,"interactionType":"ENTER_TEXT"}]}
COMMAND: POST /session/8b9d24fb39cbfc9e79ab89721a1c9e7d/execute/async - {"script":"<script> [1562 bytes]","args":[{"selector":{"id":"application-manageresources-display-component---newResourceUnit--WEIGHT_UNIT","interaction":{"idSuffix":"inner"}},"wdio_ui5_key":"applicationmanageresources-display-component---newResourceUnit--WEIGHT_UNIT"}]}
RESULT: {"script":"<script> [1562 bytes]","args":[{"selector":{"id":"application-manageresources-display-component---newResourceUnit--WEIGHT_UNIT","interaction":{"idSuffix":"inner"}},"wdio_ui5_key":"applicationmanageresources-display-component---newResourceUnit--WEIGHT_UNIT"}]}
RESULT: undefined
COMMAND: POST /session/8b9d24fb39cbfc9e79ab89721a1c9e7d/execute/async - {"script":"<script> [776 bytes]","args":[{"enterText":"Gram","selector":{"id":"application-manageresources-display-component---newResourceUnit--WEIGHT_UNIT","interaction":{"idSuffix":"inner"}},"clearTextFirst":true,"interactionType":"ENTER_TEXT"}]}
RESULT: {"script":"<script> [776 bytes]","args":[{"enterText":"Gram","selector":{"id":"application-manageresources-display-component---newResourceUnit--WEIGHT_UNIT","interaction":{"idSuffix":"inner"}},"clearTextFirst":true,"interactionType":"ENTER_TEXT"}]}
COMMAND: POST /session/8b9d24fb39cbfc9e79ab89721a1c9e7d/execute/async - {"script":"<script> [1562 bytes]","args":[{"selector":{"id":"application-manageresources-display-component---newResourceUnit--DIMENSION_UNIT","interaction":{"idSuffix":"inner"}},"wdio_ui5_key":"applicationmanageresources-display-component---newResourceUnit--DIMENSION_UNIT"}]}
RESULT: {"script":"<script> [1562 bytes]","args":[{"selector":{"id":"application-manageresources-display-component---newResourceUnit--DIMENSION_UNIT","interaction":{"idSuffix":"inner"}},"wdio_ui5_key":"applicationmanageresources-display-component---newResourceUnit--DIMENSION_UNIT"}]}
RESULT: undefined
COMMAND: POST /session/8b9d24fb39cbfc9e79ab89721a1c9e7d/execute/async - {"script":"<script> [776 bytes]","args":[{"enterText":"Meter","selector":{"id":"application-manageresources-display-component---newResourceUnit--DIMENSION_UNIT","interaction":{"idSuffix":"inner"}},"clearTextFirst":true,"interactionType":"ENTER_TEXT"}]}
RESULT: {"script":"<script> [776 bytes]","args":[{"enterText":"Meter","selector":{"id":"application-manageresources-display-component---newResourceUnit--DIMENSION_UNIT","interaction":{"idSuffix":"inner"}},"clearTextFirst":true,"interactionType":"ENTER_TEXT"}]}
COMMAND: POST /session/8b9d24fb39cbfc9e79ab89721a1c9e7d/execute/async - {"script":"<script> [1562 bytes]","args":[{"selector":{"id":"application-manageresources-display-component---newResourceUnit--newRRUPage-anchBar-application-manageresources-display-component---newResourceUnit--control-anchor","interaction":{"idSuffix":"BDI-content"}},"wdio_ui5_key":"applicationmanageresources-display-component---newResourceUnit--newRRUPage-anchBar-application-manageresources-display-component---newResourceUnit--control-anchor"}]}
RESULT: {"script":"<script> [1562 bytes]","args":[{"selector":{"id":"application-manageresources-display-component---newResourceUnit--newRRUPage-anchBar-application-manageresources-display-component---newResourceUnit--control-anchor","interaction":{"idSuffix":"BDI-content"}},"wdio_ui5_key":"applicationmanageresources-display-component---newResourceUnit--newRRUPage-anchBar-application-manageresources-display-component---newResourceUnit--control-anchor"}]}
RESULT: undefined
COMMAND: POST /session/8b9d24fb39cbfc9e79ab89721a1c9e7d/element - {"using":"xpath","value":"//*[@id=\"application-manageresources-display-component---newResourceUnit--newRRUPage-anchBar-application-manageresources-display-component---newResourceUnit--control-anchor\"]"}
RESULT: {"using":"xpath","value":"//*[@id=\"application-manageresources-display-component---newResourceUnit--newRRUPage-anchBar-application-manageresources-display-component---newResourceUnit--control-anchor\"]"}
COMMAND: POST /session/8b9d24fb39cbfc9e79ab89721a1c9e7d/element/f.7652131D378371FA98FE7F43E0E28151.d.B50CEF52A156886C851D3BF46B31C4C1.e.29328/click - {}
RESULT: {}
COMMAND: POST /session/8b9d24fb39cbfc9e79ab89721a1c9e7d/execute/async - {"script":"<script> [1562 bytes]","args":[{"selector":{"id":"application-manageresources-display-component---newResourceUnit--PLANNING_GROUP","interaction":{"idSuffix":"inner"}},"wdio_ui5_key":"applicationmanageresources-display-component---newResourceUnit--PLANNING_GROUP"}]}
COMMAND: GET /session/8b9d24fb39cbfc9e79ab89721a1c9e7d/screenshot - {}
RESULT: {"script":"<script> [1562 bytes]","args":[{"selector":{"id":"application-manageresources-display-component---newResourceUnit--PLANNING_GROUP","interaction":{"idSuffix":"inner"}},"wdio_ui5_key":"applicationmanageresources-display-component---newResourceUnit--PLANNING_GROUP"}]}
RESULT: undefined
COMMAND: POST /session/8b9d24fb39cbfc9e79ab89721a1c9e7d/execute/async - {"script":"<script> [776 bytes]","args":[{"enterText":"Heavy Equi","selector":{"id":"application-manageresources-display-component---newResourceUnit--PLANNING_GROUP","interaction":{"idSuffix":"inner"}},"clearTextFirst":true,"interactionType":"ENTER_TEXT"}]}
RESULT: {}
RESULT: {"script":"<script> [776 bytes]","args":[{"enterText":"Heavy Equi","selector":{"id":"application-manageresources-display-component---newResourceUnit--PLANNING_GROUP","interaction":{"idSuffix":"inner"}},"clearTextFirst":true,"interactionType":"ENTER_TEXT"}]}
COMMAND: POST /session/8b9d24fb39cbfc9e79ab89721a1c9e7d/execute/async - {"script":"<script> [1562 bytes]","args":[{"selector":{"id":"application-manageresources-display-component---newResourceUnit--ITEM_TYPE-arrow"},"wdio_ui5_key":"applicationmanageresources-display-component---newResourceUnit--ITEM_TYPE-arrow"}]}
RESULT: {"script":"<script> [1562 bytes]","args":[{"selector":{"id":"application-manageresources-display-component---newResourceUnit--ITEM_TYPE-arrow"},"wdio_ui5_key":"applicationmanageresources-display-component---newResourceUnit--ITEM_TYPE-arrow"}]}
RESULT: undefined
COMMAND: POST /session/8b9d24fb39cbfc9e79ab89721a1c9e7d/element - {"using":"xpath","value":"//*[@id=\"application-manageresources-display-component---newResourceUnit--ITEM_TYPE-arrow\"]"}
RESULT: {"using":"xpath","value":"//*[@id=\"application-manageresources-display-component---newResourceUnit--ITEM_TYPE-arrow\"]"}
COMMAND: POST /session/8b9d24fb39cbfc9e79ab89721a1c9e7d/element/f.7652131D378371FA98FE7F43E0E28151.d.B50CEF52A156886C851D3BF46B31C4C1.e.29337/click - {}
RESULT: {}
COMMAND: POST /session/8b9d24fb39cbfc9e79ab89721a1c9e7d/element - {"using":"xpath","value":"//ul[contains(@id,\"ITEM_TYPE-popup-list-listUl\")]//li[.//span[contains(text(),\"Resource Unit\")]]"}
COMMAND: GET /session/8b9d24fb39cbfc9e79ab89721a1c9e7d/screenshot - {}
RESULT: {"using":"xpath","value":"//ul[contains(@id,\"ITEM_TYPE-popup-list-listUl\")]//li[.//span[contains(text(),\"Resource Unit\")]]"}
COMMAND: POST /session/8b9d24fb39cbfc9e79ab89721a1c9e7d/element/f.7652131D378371FA98FE7F43E0E28151.d.B50CEF52A156886C851D3BF46B31C4C1.e.29338/click - {}
RESULT: {}
RESULT: {}
COMMAND: GET /session/8b9d24fb39cbfc9e79ab89721a1c9e7d/screenshot - {}
RESULT: {}
COMMAND: POST /session/8b9d24fb39cbfc9e79ab89721a1c9e7d/element - {"using":"css selector","value":"#application-manageresources-display-component---newResourceUnit--btnAddTimeSegment"}
RESULT: {"using":"css selector","value":"#application-manageresources-display-component---newResourceUnit--btnAddTimeSegment"}
COMMAND: GET /session/8b9d24fb39cbfc9e79ab89721a1c9e7d/element/f.7652131D378371FA98FE7F43E0E28151.d.B50CEF52A156886C851D3BF46B31C4C1.e.29347/rect - {}
RESULT: {}
COMMAND: GET /session/8b9d24fb39cbfc9e79ab89721a1c9e7d/window/rect - {}
RESULT: {}
COMMAND: POST /session/8b9d24fb39cbfc9e79ab89721a1c9e7d/execute/sync - {"script":"<script> [92 bytes]","args":[]}
RESULT: {"script":"<script> [92 bytes]","args":[]}
COMMAND: POST /session/8b9d24fb39cbfc9e79ab89721a1c9e7d/actions - {"actions":[{"id":"action87","type":"wheel","parameters":{},"actions":[{"type":"scroll","x":-1888,"y":-32,"deltaX":0,"deltaY":0,"duration":0,"origin":{"element-6066-11e4-a52e-4f735466cecf":"f.7652131D378371FA98FE7F43E0E28151.d.B50CEF52A156886C851D3BF46B31C4C1.e.29347"}}]}]}
COMMAND: GET /session/8b9d24fb39cbfc9e79ab89721a1c9e7d/screenshot - {}
RESULT: {}
COMMAND: POST /session/8b9d24fb39cbfc9e79ab89721a1c9e7d/execute/sync - {"script":"<script> [79 bytes]","args":[{"element-6066-11e4-a52e-4f735466cecf":"f.7652131D378371FA98FE7F43E0E28151.d.B50CEF52A156886C851D3BF46B31C4C1.e.29347","ELEMENT":"f.7652131D378371FA98FE7F43E0E28151.d.B50CEF52A156886C851D3BF46B31C4C1.e.29347"},{"block":"start","inline":"nearest"}]}
RESULT: {"script":"<script> [79 bytes]","args":[{"element-6066-11e4-a52e-4f735466cecf":"f.7652131D378371FA98FE7F43E0E28151.d.B50CEF52A156886C851D3BF46B31C4C1.e.29347","ELEMENT":"f.7652131D378371FA98FE7F43E0E28151.d.B50CEF52A156886C851D3BF46B31C4C1.e.29347"},{"block":"start","inline":"nearest"}]}
COMMAND: POST /session/8b9d24fb39cbfc9e79ab89721a1c9e7d/execute/async - {"script":"<script> [1562 bytes]","args":[{"selector":{"id":"application-manageresources-display-component---newResourceUnit--btnAddTimeSegment","interaction":{"idSuffix":"inner"}},"wdio_ui5_key":"applicationmanageresources-display-component---newResourceUnit--btnAddTimeSegment"}]}
COMMAND: GET /session/8b9d24fb39cbfc9e79ab89721a1c9e7d/screenshot - {}
RESULT: {"script":"<script> [1562 bytes]","args":[{"selector":{"id":"application-manageresources-display-component---newResourceUnit--btnAddTimeSegment","interaction":{"idSuffix":"inner"}},"wdio_ui5_key":"applicationmanageresources-display-component---newResourceUnit--btnAddTimeSegment"}]}
RESULT: undefined
COMMAND: POST /session/8b9d24fb39cbfc9e79ab89721a1c9e7d/element - {"using":"xpath","value":"//*[@id=\"application-manageresources-display-component---newResourceUnit--btnAddTimeSegment\"]"}
RESULT: {}
RESULT: {"using":"xpath","value":"//*[@id=\"application-manageresources-display-component---newResourceUnit--btnAddTimeSegment\"]"}
COMMAND: POST /session/8b9d24fb39cbfc9e79ab89721a1c9e7d/element/f.7652131D378371FA98FE7F43E0E28151.d.B50CEF52A156886C851D3BF46B31C4C1.e.29347/click - {}
RESULT: {}
COMMAND: GET /session/8b9d24fb39cbfc9e79ab89721a1c9e7d/screenshot - {}
RESULT: {}
COMMAND: POST /session/8b9d24fb39cbfc9e79ab89721a1c9e7d/element - {"using":"xpath","value":"//input[@id=\"application-manageresources-display-component---newResourceUnit--idRuTSAdmin-application-manageresources-display-component---newResourceUnit--RUTimeSegment-0-inner\"]"}
RESULT: {"using":"xpath","value":"//input[@id=\"application-manageresources-display-component---newResourceUnit--idRuTSAdmin-application-manageresources-display-component---newResourceUnit--RUTimeSegment-0-inner\"]"}
COMMAND: POST /session/8b9d24fb39cbfc9e79ab89721a1c9e7d/element/f.7652131D378371FA98FE7F43E0E28151.d.B50CEF52A156886C851D3BF46B31C4C1.e.29353/clear - {}
RESULT: {}
COMMAND: POST /session/8b9d24fb39cbfc9e79ab89721a1c9e7d/element/f.7652131D378371FA98FE7F43E0E28151.d.B50CEF52A156886C851D3BF46B31C4C1.e.29353/value - {"text":"242"}
COMMAND: GET /session/8b9d24fb39cbfc9e79ab89721a1c9e7d/screenshot - {}
RESULT: {"text":"242"}
COMMAND: GET /session/8b9d24fb39cbfc9e79ab89721a1c9e7d/screenshot - {}
RESULT: {}
RESULT: {}
COMMAND: POST /session/8b9d24fb39cbfc9e79ab89721a1c9e7d/element - {"using":"xpath","value":"//li[.//span[text()='242']]"}
RESULT: {"using":"xpath","value":"//li[.//span[text()='242']]"}
COMMAND: POST /session/8b9d24fb39cbfc9e79ab89721a1c9e7d/element/f.7652131D378371FA98FE7F43E0E28151.d.B50CEF52A156886C851D3BF46B31C4C1.e.29365/click - {}
RESULT: {}
COMMAND: GET /session/8b9d24fb39cbfc9e79ab89721a1c9e7d/screenshot - {}
RESULT: {}
COMMAND: POST /session/8b9d24fb39cbfc9e79ab89721a1c9e7d/element - {"using":"xpath","value":"(//span[contains(@id, \"-application-manageresources-display-component---newResourceUnit--RUTimeSegment-0-arrow\")])[6]"}
RESULT: {"using":"xpath","value":"(//span[contains(@id, \"-application-manageresources-display-component---newResourceUnit--RUTimeSegment-0-arrow\")])[6]"}
COMMAND: POST /session/8b9d24fb39cbfc9e79ab89721a1c9e7d/element/f.7652131D378371FA98FE7F43E0E28151.d.B50CEF52A156886C851D3BF46B31C4C1.e.29366/click - {}
RESULT: {}
COMMAND: GET /session/8b9d24fb39cbfc9e79ab89721a1c9e7d/screenshot - {}
RESULT: {}
COMMAND: POST /session/8b9d24fb39cbfc9e79ab89721a1c9e7d/element - {"using":"xpath","value":"//span[contains(text(), \"PM Order\")]"}
RESULT: {"using":"xpath","value":"//span[contains(text(), \"PM Order\")]"}
COMMAND: POST /session/8b9d24fb39cbfc9e79ab89721a1c9e7d/element/f.7652131D378371FA98FE7F43E0E28151.d.B50CEF52A156886C851D3BF46B31C4C1.e.29369/click - {}
RESULT: {}
COMMAND: GET /session/8b9d24fb39cbfc9e79ab89721a1c9e7d/screenshot - {}
RESULT: {}
COMMAND: POST /session/8b9d24fb39cbfc9e79ab89721a1c9e7d/element - {"using":"xpath","value":"(//span[contains(@id ,\"manageresources-display-component---newResourceUnit--RUTimeSegment-0-vhi\")])[1]"}
RESULT: {"using":"xpath","value":"(//span[contains(@id ,\"manageresources-display-component---newResourceUnit--RUTimeSegment-0-vhi\")])[1]"}
COMMAND: GET /session/8b9d24fb39cbfc9e79ab89721a1c9e7d/element/f.7652131D378371FA98FE7F43E0E28151.d.B50CEF52A156886C851D3BF46B31C4C1.e.29373/rect - {}
RESULT: {}
COMMAND: GET /session/8b9d24fb39cbfc9e79ab89721a1c9e7d/window/rect - {}
RESULT: {}
COMMAND: POST /session/8b9d24fb39cbfc9e79ab89721a1c9e7d/execute/sync - {"script":"<script> [92 bytes]","args":[]}
RESULT: {"script":"<script> [92 bytes]","args":[]}
COMMAND: POST /session/8b9d24fb39cbfc9e79ab89721a1c9e7d/actions - {"actions":[{"id":"action88","type":"wheel","parameters":{},"actions":[{"type":"scroll","x":-869,"y":-24,"deltaX":0,"deltaY":0,"duration":0,"origin":{"element-6066-11e4-a52e-4f735466cecf":"f.7652131D378371FA98FE7F43E0E28151.d.B50CEF52A156886C851D3BF46B31C4C1.e.29373"}}]}]}
COMMAND: GET /session/8b9d24fb39cbfc9e79ab89721a1c9e7d/screenshot - {}
RESULT: {"actions":[{"id":"action88","type":"wheel","parameters":{},"actions":[{"type":"scroll","x":-869,"y":-24,"deltaX":0,"deltaY":0,"duration":0,"origin":{"element-6066-11e4-a52e-4f735466cecf":"f.7652131D378371FA98FE7F43E0E28151.d.B50CEF52A156886C851D3BF46B31C4C1.e.29373"}}]}]}
COMMAND: DELETE /session/8b9d24fb39cbfc9e79ab89721a1c9e7d/actions - {}
COMMAND: GET /session/8b9d24fb39cbfc9e79ab89721a1c9e7d/screenshot - {}
RESULT: {}
RESULT: {}
COMMAND: GET /session/8b9d24fb39cbfc9e79ab89721a1c9e7d/screenshot - {}
RESULT: {}
RESULT: {}
COMMAND: POST /session/8b9d24fb39cbfc9e79ab89721a1c9e7d/element/f.7652131D378371FA98FE7F43E0E28151.d.B50CEF52A156886C851D3BF46B31C4C1.e.29373/click - {}
RESULT: {}
COMMAND: GET /session/8b9d24fb39cbfc9e79ab89721a1c9e7d/screenshot - {}
RESULT: {}
RESULT: undefined
COMMAND: POST /session/8b9d24fb39cbfc9e79ab89721a1c9e7d/execute/async - {"script":"<script> [776 bytes]","args":[{"enterText":"4000360","selector":{"controlType":"sap.m.SearchField","properties":{"placeholder":"Search"},"searchOpenDialogs":true,"interaction":{"idSuffix":"I"}},"clearTextFirst":true,"interactionType":"ENTER_TEXT"}]}
RESULT: {"script":"<script> [776 bytes]","args":[{"enterText":"4000360","selector":{"controlType":"sap.m.SearchField","properties":{"placeholder":"Search"},"searchOpenDialogs":true,"interaction":{"idSuffix":"I"}},"clearTextFirst":true,"interactionType":"ENTER_TEXT"}]}
COMMAND: POST /session/8b9d24fb39cbfc9e79ab89721a1c9e7d/actions - {"actions":[{"id":"action89","type":"key","parameters":{},"actions":[{"type":"keyDown","value":""},{"type":"pause","duration":10},{"type":"keyUp","value":""}]}]}
RESULT: {"actions":[{"id":"action89","type":"key","parameters":{},"actions":[{"type":"keyDown","value":""},{"type":"pause","duration":10},{"type":"keyUp","value":""}]}]}
COMMAND: GET /session/8b9d24fb39cbfc9e79ab89721a1c9e7d/screenshot - {}
RESULT: {}
COMMAND: POST /session/8b9d24fb39cbfc9e79ab89721a1c9e7d/element - {"using":"xpath","value":"//td/div/span[contains(text(), \"BGL Vehicles\")]"}
RESULT: {"using":"xpath","value":"//td/div/span[contains(text(), \"BGL Vehicles\")]"}
COMMAND: POST /session/8b9d24fb39cbfc9e79ab89721a1c9e7d/element/f.7652131D378371FA98FE7F43E0E28151.d.B50CEF52A156886C851D3BF46B31C4C1.e.29394/click - {}
RESULT: {}
COMMAND: GET /session/8b9d24fb39cbfc9e79ab89721a1c9e7d/screenshot - {}
RESULT: {}
COMMAND: POST /session/8b9d24fb39cbfc9e79ab89721a1c9e7d/element - {"using":"xpath","value":"//bdi[contains(text(), \"OK\")]"}
RESULT: {"using":"xpath","value":"//bdi[contains(text(), \"OK\")]"}
COMMAND: POST /session/8b9d24fb39cbfc9e79ab89721a1c9e7d/element/f.7652131D378371FA98FE7F43E0E28151.d.B50CEF52A156886C851D3BF46B31C4C1.e.29395/click - {}
RESULT: {}
COMMAND: GET /session/8b9d24fb39cbfc9e79ab89721a1c9e7d/screenshot - {}
RESULT: {}
COMMAND: POST /session/8b9d24fb39cbfc9e79ab89721a1c9e7d/execute/async - {"script":"<script> [1562 bytes]","args":[{"selector":{"id":"application-manageresources-display-component---newResourceUnit--newRRUPage-anchBar-application-manageresources-display-component---newResourceUnit--resource-anchor","interaction":{"idSuffix":"BDI-content"}},"wdio_ui5_key":"applicationmanageresources-display-component---newResourceUnit--newRRUPage-anchBar-application-manageresources-display-component---newResourceUnit--resource-anchor"}]}
RESULT: {"script":"<script> [1562 bytes]","args":[{"selector":{"id":"application-manageresources-display-component---newResourceUnit--newRRUPage-anchBar-application-manageresources-display-component---newResourceUnit--resource-anchor","interaction":{"idSuffix":"BDI-content"}},"wdio_ui5_key":"applicationmanageresources-display-component---newResourceUnit--newRRUPage-anchBar-application-manageresources-display-component---newResourceUnit--resource-anchor"}]}
RESULT: undefined
COMMAND: POST /session/8b9d24fb39cbfc9e79ab89721a1c9e7d/element - {"using":"xpath","value":"//*[@id=\"application-manageresources-display-component---newResourceUnit--newRRUPage-anchBar-application-manageresources-display-component---newResourceUnit--resource-anchor\"]"}
RESULT: {"using":"xpath","value":"//*[@id=\"application-manageresources-display-component---newResourceUnit--newRRUPage-anchBar-application-manageresources-display-component---newResourceUnit--resource-anchor\"]"}
COMMAND: POST /session/8b9d24fb39cbfc9e79ab89721a1c9e7d/element/f.7652131D378371FA98FE7F43E0E28151.d.B50CEF52A156886C851D3BF46B31C4C1.e.29399/click - {}
RESULT: {}
COMMAND: POST /session/8b9d24fb39cbfc9e79ab89721a1c9e7d/execute/async - {"script":"<script> [1562 bytes]","args":[{"selector":{"id":"application-manageresources-display-component---newResourceUnit--PLANNED_DELIVERY_DATE","interaction":{"idSuffix":"inner"}},"wdio_ui5_key":"applicationmanageresources-display-component---newResourceUnit--PLANNED_DELIVERY_DATE"}]}
COMMAND: GET /session/8b9d24fb39cbfc9e79ab89721a1c9e7d/screenshot - {}
RESULT: {}
RESULT: {"script":"<script> [1562 bytes]","args":[{"selector":{"id":"application-manageresources-display-component---newResourceUnit--PLANNED_DELIVERY_DATE","interaction":{"idSuffix":"inner"}},"wdio_ui5_key":"applicationmanageresources-display-component---newResourceUnit--PLANNED_DELIVERY_DATE"}]}
RESULT: undefined
COMMAND: POST /session/8b9d24fb39cbfc9e79ab89721a1c9e7d/execute/async - {"script":"<script> [6424 bytes]","args":[{"element-6066-11e4-a52e-4f735466cecf":"f.7652131D378371FA98FE7F43E0E28151.d.B50CEF52A156886C851D3BF46B31C4C1.e.29227"},"setValue",["6/13/25"]]}
RESULT: {"script":"<script> [6424 bytes]","args":[{"element-6066-11e4-a52e-4f735466cecf":"f.7652131D378371FA98FE7F43E0E28151.d.B50CEF52A156886C851D3BF46B31C4C1.e.29227"},"setValue",["6/13/25"]]}
COMMAND: POST /session/8b9d24fb39cbfc9e79ab89721a1c9e7d/element - {"using":"xpath","value":"//label[contains(@class, 'sapMLabelRequired') and .//bdi[contains(text(), 'Planned Retirement')]]"}
RESULT: {"using":"xpath","value":"//label[contains(@class, 'sapMLabelRequired') and .//bdi[contains(text(), 'Planned Retirement')]]"}
COMMAND: POST /session/8b9d24fb39cbfc9e79ab89721a1c9e7d/elements - {"using":"xpath","value":"//label[contains(@class, 'sapMLabelRequired') and .//bdi[contains(text(), 'Planned Retirement')]]"}
RESULT: {"using":"xpath","value":"//label[contains(@class, 'sapMLabelRequired') and .//bdi[contains(text(), 'Planned Retirement')]]"}
COMMAND: POST /session/8b9d24fb39cbfc9e79ab89721a1c9e7d/element - {"using":"xpath","value":"//button[@data-kt=\"resourceUnitSaveButton\"]"}
RESULT: {"using":"xpath","value":"//button[@data-kt=\"resourceUnitSaveButton\"]"}
COMMAND: POST /session/8b9d24fb39cbfc9e79ab89721a1c9e7d/element/f.7652131D378371FA98FE7F43E0E28151.d.B50CEF52A156886C851D3BF46B31C4C1.e.29187/click - {}
RESULT: {}
COMMAND: GET /session/8b9d24fb39cbfc9e79ab89721a1c9e7d/screenshot - {}
RESULT: {}
COMMAND: POST /session/8b9d24fb39cbfc9e79ab89721a1c9e7d/element - {"using":"xpath","value":"//bdi[contains(text(), \"Close\")]"}
RESULT: {"using":"xpath","value":"//bdi[contains(text(), \"Close\")]"}
COMMAND: POST /session/8b9d24fb39cbfc9e79ab89721a1c9e7d/element/f.7652131D378371FA98FE7F43E0E28151.d.B50CEF52A156886C851D3BF46B31C4C1.e.29409/click - {}
RESULT: {}
COMMAND: GET /session/8b9d24fb39cbfc9e79ab89721a1c9e7d/screenshot - {}
RESULT: {}
COMMAND: POST /session/8b9d24fb39cbfc9e79ab89721a1c9e7d/element - {"using":"xpath","value":"(//button[contains(@id ,\"actionsToolbar-overflowButton\")])[1]"}
RESULT: {"using":"xpath","value":"(//button[contains(@id ,\"actionsToolbar-overflowButton\")])[1]"}
COMMAND: POST /session/8b9d24fb39cbfc9e79ab89721a1c9e7d/element/f.7652131D378371FA98FE7F43E0E28151.d.B50CEF52A156886C851D3BF46B31C4C1.e.29467/click - {}
RESULT: {}
COMMAND: GET /session/8b9d24fb39cbfc9e79ab89721a1c9e7d/screenshot - {}
RESULT: {}
COMMAND: POST /session/8b9d24fb39cbfc9e79ab89721a1c9e7d/element - {"using":"xpath","value":"//button[@data-kt=\"priceInfoButton\"]"}
RESULT: {"using":"xpath","value":"//button[@data-kt=\"priceInfoButton\"]"}
COMMAND: POST /session/8b9d24fb39cbfc9e79ab89721a1c9e7d/element/f.7652131D378371FA98FE7F43E0E28151.d.B50CEF52A156886C851D3BF46B31C4C1.e.29469/click - {}
RESULT: {}
COMMAND: GET /session/8b9d24fb39cbfc9e79ab89721a1c9e7d/screenshot - {}
RESULT: {}
COMMAND: POST /session/8b9d24fb39cbfc9e79ab89721a1c9e7d/element - {"using":"css selector","value":"#shell-header-logo"}
RESULT: {"using":"css selector","value":"#shell-header-logo"}
COMMAND: POST /session/8b9d24fb39cbfc9e79ab89721a1c9e7d/element/f.7652131D378371FA98FE7F43E0E28151.d.B50CEF52A156886C851D3BF46B31C4C1.e.28784/click - {}
RESULT: {}
COMMAND: GET /session/8b9d24fb39cbfc9e79ab89721a1c9e7d/screenshot - {}
RESULT: {}
]]></system-out>
    </testcase>
    <testcase classname="chrome.137_0_7151_69.windows.Transfer_Yard_to_Yard_US131076" name="Prereq Should create a new equipment multipart" time="134.708">
      <system-out><![CDATA[
RESULT: undefined
COMMAND: POST /session/8b9d24fb39cbfc9e79ab89721a1c9e7d/element - {"using":"xpath","value":"//*[@id=\"__tile32\"]"}
RESULT: {"using":"xpath","value":"//*[@id=\"__tile32\"]"}
COMMAND: POST /session/8b9d24fb39cbfc9e79ab89721a1c9e7d/element/f.7652131D378371FA98FE7F43E0E28151.d.B50CEF52A156886C851D3BF46B31C4C1.e.27933/click - {}
RESULT: {}
COMMAND: GET /session/8b9d24fb39cbfc9e79ab89721a1c9e7d/screenshot - {}
RESULT: {}
COMMAND: POST /session/8b9d24fb39cbfc9e79ab89721a1c9e7d/elements - {"using":"xpath","value":"//span[text()='Error']"}
RESULT: {"using":"xpath","value":"//span[text()='Error']"}
COMMAND: POST /session/8b9d24fb39cbfc9e79ab89721a1c9e7d/element - {"using":"xpath","value":"//button[@data-kt=\"addNewRUOverflowToolbarButton\"]"}
RESULT: {"using":"xpath","value":"//button[@data-kt=\"addNewRUOverflowToolbarButton\"]"}
COMMAND: POST /session/8b9d24fb39cbfc9e79ab89721a1c9e7d/elements - {"using":"xpath","value":"//button[@data-kt=\"addNewRUOverflowToolbarButton\"]"}
RESULT: {"using":"xpath","value":"//button[@data-kt=\"addNewRUOverflowToolbarButton\"]"}
COMMAND: POST /session/8b9d24fb39cbfc9e79ab89721a1c9e7d/execute/sync - {"script":"<script> [8489 bytes]","args":[{"element-6066-11e4-a52e-4f735466cecf":"f.7652131D378371FA98FE7F43E0E28151.d.B50CEF52A156886C851D3BF46B31C4C1.e.29557","ELEMENT":"f.7652131D378371FA98FE7F43E0E28151.d.B50CEF52A156886C851D3BF46B31C4C1.e.29557"}]}
RESULT: {"script":"<script> [8489 bytes]","args":[{"element-6066-11e4-a52e-4f735466cecf":"f.7652131D378371FA98FE7F43E0E28151.d.B50CEF52A156886C851D3BF46B31C4C1.e.29557","ELEMENT":"f.7652131D378371FA98FE7F43E0E28151.d.B50CEF52A156886C851D3BF46B31C4C1.e.29557"}]}
COMMAND: GET /session/8b9d24fb39cbfc9e79ab89721a1c9e7d/element/f.7652131D378371FA98FE7F43E0E28151.d.B50CEF52A156886C851D3BF46B31C4C1.e.29557/enabled - {}
COMMAND: GET /session/8b9d24fb39cbfc9e79ab89721a1c9e7d/screenshot - {}
RESULT: {}
COMMAND: POST /session/8b9d24fb39cbfc9e79ab89721a1c9e7d/execute/sync - {"script":"<script> [8489 bytes]","args":[{"element-6066-11e4-a52e-4f735466cecf":"f.7652131D378371FA98FE7F43E0E28151.d.B50CEF52A156886C851D3BF46B31C4C1.e.29557","ELEMENT":"f.7652131D378371FA98FE7F43E0E28151.d.B50CEF52A156886C851D3BF46B31C4C1.e.29557"}]}
COMMAND: GET /session/8b9d24fb39cbfc9e79ab89721a1c9e7d/screenshot - {}
RESULT: {}
RESULT: {}
RESULT: {"script":"<script> [8489 bytes]","args":[{"element-6066-11e4-a52e-4f735466cecf":"f.7652131D378371FA98FE7F43E0E28151.d.B50CEF52A156886C851D3BF46B31C4C1.e.29557","ELEMENT":"f.7652131D378371FA98FE7F43E0E28151.d.B50CEF52A156886C851D3BF46B31C4C1.e.29557"}]}
COMMAND: POST /session/8b9d24fb39cbfc9e79ab89721a1c9e7d/execute/sync - {"script":"<script> [5351 bytes]","args":[{"element-6066-11e4-a52e-4f735466cecf":"f.7652131D378371FA98FE7F43E0E28151.d.B50CEF52A156886C851D3BF46B31C4C1.e.29557","ELEMENT":"f.7652131D378371FA98FE7F43E0E28151.d.B50CEF52A156886C851D3BF46B31C4C1.e.29557"}]}
COMMAND: GET /session/8b9d24fb39cbfc9e79ab89721a1c9e7d/screenshot - {}
RESULT: {"script":"<script> [5351 bytes]","args":[{"element-6066-11e4-a52e-4f735466cecf":"f.7652131D378371FA98FE7F43E0E28151.d.B50CEF52A156886C851D3BF46B31C4C1.e.29557","ELEMENT":"f.7652131D378371FA98FE7F43E0E28151.d.B50CEF52A156886C851D3BF46B31C4C1.e.29557"}]}
COMMAND: POST /session/8b9d24fb39cbfc9e79ab89721a1c9e7d/element/f.7652131D378371FA98FE7F43E0E28151.d.B50CEF52A156886C851D3BF46B31C4C1.e.29557/click - {}
COMMAND: GET /session/8b9d24fb39cbfc9e79ab89721a1c9e7d/screenshot - {}
RESULT: {}
RESULT: {}
COMMAND: GET /session/8b9d24fb39cbfc9e79ab89721a1c9e7d/screenshot - {}
RESULT: undefined
COMMAND: POST /session/8b9d24fb39cbfc9e79ab89721a1c9e7d/element - {"using":"xpath","value":"//*[@id=\"application-manageresources-display-component---newResourceUnit--TYPE-arrow\"]"}
RESULT: {}
RESULT: {}
RESULT: {"using":"xpath","value":"//*[@id=\"application-manageresources-display-component---newResourceUnit--TYPE-arrow\"]"}
COMMAND: POST /session/8b9d24fb39cbfc9e79ab89721a1c9e7d/element/f.7652131D378371FA98FE7F43E0E28151.d.B50CEF52A156886C851D3BF46B31C4C1.e.29905/click - {}
RESULT: {}
COMMAND: POST /session/8b9d24fb39cbfc9e79ab89721a1c9e7d/element - {"using":"xpath","value":"//input[@id=\"application-manageresources-display-component---newResourceUnit--TYPE-inner\"]"}
COMMAND: GET /session/8b9d24fb39cbfc9e79ab89721a1c9e7d/screenshot - {}
RESULT: {"using":"xpath","value":"//input[@id=\"application-manageresources-display-component---newResourceUnit--TYPE-inner\"]"}
COMMAND: POST /session/8b9d24fb39cbfc9e79ab89721a1c9e7d/element/f.7652131D378371FA98FE7F43E0E28151.d.B50CEF52A156886C851D3BF46B31C4C1.e.29899/clear - {}
RESULT: {}
RESULT: {}
COMMAND: POST /session/8b9d24fb39cbfc9e79ab89721a1c9e7d/element/f.7652131D378371FA98FE7F43E0E28151.d.B50CEF52A156886C851D3BF46B31C4C1.e.29899/value - {"text":"Equi Multipart"}
COMMAND: GET /session/8b9d24fb39cbfc9e79ab89721a1c9e7d/screenshot - {}
RESULT: {"text":"Equi Multipart"}
COMMAND: GET /session/8b9d24fb39cbfc9e79ab89721a1c9e7d/screenshot - {}
RESULT: {}
RESULT: {}
COMMAND: POST /session/8b9d24fb39cbfc9e79ab89721a1c9e7d/actions - {"actions":[{"id":"action90","type":"key","parameters":{},"actions":[{"type":"keyDown","value":""},{"type":"pause","duration":10},{"type":"keyUp","value":""}]}]}
RESULT: {"actions":[{"id":"action90","type":"key","parameters":{},"actions":[{"type":"keyDown","value":""},{"type":"pause","duration":10},{"type":"keyUp","value":""}]}]}
RESULT: undefined
COMMAND: POST /session/8b9d24fb39cbfc9e79ab89721a1c9e7d/execute/async - {"script":"<script> [776 bytes]","args":[{"enterText":"Equipment Multipart WDIO","selector":{"id":"application-manageresources-display-component---newResourceUnit--SHORT_TEXT","interaction":{"idSuffix":"inner"}},"clearTextFirst":true,"interactionType":"ENTER_TEXT"}]}
COMMAND: GET /session/8b9d24fb39cbfc9e79ab89721a1c9e7d/screenshot - {}
RESULT: {"script":"<script> [776 bytes]","args":[{"enterText":"Equipment Multipart WDIO","selector":{"id":"application-manageresources-display-component---newResourceUnit--SHORT_TEXT","interaction":{"idSuffix":"inner"}},"clearTextFirst":true,"interactionType":"ENTER_TEXT"}]}
RESULT: undefined
COMMAND: POST /session/8b9d24fb39cbfc9e79ab89721a1c9e7d/execute/async - {"script":"<script> [776 bytes]","args":[{"enterText":"Piece","selector":{"id":"application-manageresources-display-component---newResourceUnit--BASE_UNIT_OF_MEASURE","interaction":{"idSuffix":"inner"}},"clearTextFirst":true,"interactionType":"ENTER_TEXT"}]}
RESULT: {}
RESULT: {"script":"<script> [776 bytes]","args":[{"enterText":"Piece","selector":{"id":"application-manageresources-display-component---newResourceUnit--BASE_UNIT_OF_MEASURE","interaction":{"idSuffix":"inner"}},"clearTextFirst":true,"interactionType":"ENTER_TEXT"}]}
RESULT: undefined
COMMAND: POST /session/8b9d24fb39cbfc9e79ab89721a1c9e7d/execute/async - {"script":"<script> [776 bytes]","args":[{"enterText":"Gram","selector":{"id":"application-manageresources-display-component---newResourceUnit--WEIGHT_UNIT","interaction":{"idSuffix":"inner"}},"clearTextFirst":true,"interactionType":"ENTER_TEXT"}]}
RESULT: {"script":"<script> [776 bytes]","args":[{"enterText":"Gram","selector":{"id":"application-manageresources-display-component---newResourceUnit--WEIGHT_UNIT","interaction":{"idSuffix":"inner"}},"clearTextFirst":true,"interactionType":"ENTER_TEXT"}]}
RESULT: undefined
COMMAND: POST /session/8b9d24fb39cbfc9e79ab89721a1c9e7d/execute/async - {"script":"<script> [776 bytes]","args":[{"enterText":"Meter","selector":{"id":"application-manageresources-display-component---newResourceUnit--DIMENSION_UNIT","interaction":{"idSuffix":"inner"}},"clearTextFirst":true,"interactionType":"ENTER_TEXT"}]}
RESULT: {"script":"<script> [776 bytes]","args":[{"enterText":"Meter","selector":{"id":"application-manageresources-display-component---newResourceUnit--DIMENSION_UNIT","interaction":{"idSuffix":"inner"}},"clearTextFirst":true,"interactionType":"ENTER_TEXT"}]}
RESULT: undefined
COMMAND: POST /session/8b9d24fb39cbfc9e79ab89721a1c9e7d/element - {"using":"xpath","value":"//*[@id=\"application-manageresources-display-component---newResourceUnit--newRRUPage-anchBar-application-manageresources-display-component---newResourceUnit--control-anchor\"]"}
RESULT: {"using":"xpath","value":"//*[@id=\"application-manageresources-display-component---newResourceUnit--newRRUPage-anchBar-application-manageresources-display-component---newResourceUnit--control-anchor\"]"}
COMMAND: POST /session/8b9d24fb39cbfc9e79ab89721a1c9e7d/element/f.7652131D378371FA98FE7F43E0E28151.d.B50CEF52A156886C851D3BF46B31C4C1.e.30036/click - {}
RESULT: {}
RESULT: undefined
COMMAND: POST /session/8b9d24fb39cbfc9e79ab89721a1c9e7d/execute/async - {"script":"<script> [776 bytes]","args":[{"enterText":"Heavy Equi","selector":{"id":"application-manageresources-display-component---newResourceUnit--PLANNING_GROUP","interaction":{"idSuffix":"inner"}},"clearTextFirst":true,"interactionType":"ENTER_TEXT"}]}
COMMAND: GET /session/8b9d24fb39cbfc9e79ab89721a1c9e7d/screenshot - {}
RESULT: {"script":"<script> [776 bytes]","args":[{"enterText":"Heavy Equi","selector":{"id":"application-manageresources-display-component---newResourceUnit--PLANNING_GROUP","interaction":{"idSuffix":"inner"}},"clearTextFirst":true,"interactionType":"ENTER_TEXT"}]}
RESULT: {}
COMMAND: POST /session/8b9d24fb39cbfc9e79ab89721a1c9e7d/execute/async - {"script":"<script> [1562 bytes]","args":[{"selector":{"id":"application-manageresources-display-component---newResourceUnit--PLANNING_INDICATOR","interaction":{"idSuffix":"inner"}},"wdio_ui5_key":"applicationmanageresources-display-component---newResourceUnit--PLANNING_INDICATOR"}]}
RESULT: {"script":"<script> [1562 bytes]","args":[{"selector":{"id":"application-manageresources-display-component---newResourceUnit--PLANNING_INDICATOR","interaction":{"idSuffix":"inner"}},"wdio_ui5_key":"applicationmanageresources-display-component---newResourceUnit--PLANNING_INDICATOR"}]}
RESULT: undefined
COMMAND: POST /session/8b9d24fb39cbfc9e79ab89721a1c9e7d/execute/async - {"script":"<script> [776 bytes]","args":[{"enterText":"10 - infinite","selector":{"id":"application-manageresources-display-component---newResourceUnit--PLANNING_INDICATOR","interaction":{"idSuffix":"inner"}},"clearTextFirst":true,"interactionType":"ENTER_TEXT"}]}
RESULT: {"script":"<script> [776 bytes]","args":[{"enterText":"10 - infinite","selector":{"id":"application-manageresources-display-component---newResourceUnit--PLANNING_INDICATOR","interaction":{"idSuffix":"inner"}},"clearTextFirst":true,"interactionType":"ENTER_TEXT"}]}
RESULT: undefined
COMMAND: POST /session/8b9d24fb39cbfc9e79ab89721a1c9e7d/element - {"using":"xpath","value":"//*[@id=\"application-manageresources-display-component---newResourceUnit--ITEM_TYPE-arrow\"]"}
RESULT: {"using":"xpath","value":"//*[@id=\"application-manageresources-display-component---newResourceUnit--ITEM_TYPE-arrow\"]"}
COMMAND: POST /session/8b9d24fb39cbfc9e79ab89721a1c9e7d/element/f.7652131D378371FA98FE7F43E0E28151.d.B50CEF52A156886C851D3BF46B31C4C1.e.30045/click - {}
RESULT: {}
COMMAND: GET /session/8b9d24fb39cbfc9e79ab89721a1c9e7d/screenshot - {}
RESULT: {}
COMMAND: POST /session/8b9d24fb39cbfc9e79ab89721a1c9e7d/execute/async - {"script":"<script> [1562 bytes]","args":[{"selector":{"controlType":"sap.m.StandardListItem","viewName":"reusables.view.manageresources.NewResourceUnit","viewId":"application-manageresources-display-component---newResourceUnit","properties":{"title":"Pool Equipment"},"searchOpenDialogs":true,"interaction":{"idSuffix":"content"}},"wdio_ui5_key":"reusablesview.manageresources.NewResourceUnitsap.m.StandardListItem{\"title\":\"Pool Equipment\"}"}]}
RESULT: {"script":"<script> [1562 bytes]","args":[{"selector":{"controlType":"sap.m.StandardListItem","viewName":"reusables.view.manageresources.NewResourceUnit","viewId":"application-manageresources-display-component---newResourceUnit","properties":{"title":"Pool Equipment"},"searchOpenDialogs":true,"interaction":{"idSuffix":"content"}},"wdio_ui5_key":"reusablesview.manageresources.NewResourceUnitsap.m.StandardListItem{\"title\":\"Pool Equipment\"}"}]}
RESULT: undefined
COMMAND: POST /session/8b9d24fb39cbfc9e79ab89721a1c9e7d/element - {"using":"xpath","value":"//*[@id=\"__item1122\"]"}
RESULT: {"using":"xpath","value":"//*[@id=\"__item1122\"]"}
COMMAND: POST /session/8b9d24fb39cbfc9e79ab89721a1c9e7d/element/f.7652131D378371FA98FE7F43E0E28151.d.B50CEF52A156886C851D3BF46B31C4C1.e.30047/click - {}
RESULT: {}
COMMAND: GET /session/8b9d24fb39cbfc9e79ab89721a1c9e7d/screenshot - {}
RESULT: {}
COMMAND: POST /session/8b9d24fb39cbfc9e79ab89721a1c9e7d/element - {"using":"css selector","value":"#application-manageresources-display-component---newResourceUnit--btnAddTimeSegment"}
RESULT: {"using":"css selector","value":"#application-manageresources-display-component---newResourceUnit--btnAddTimeSegment"}
COMMAND: GET /session/8b9d24fb39cbfc9e79ab89721a1c9e7d/element/f.7652131D378371FA98FE7F43E0E28151.d.B50CEF52A156886C851D3BF46B31C4C1.e.30109/rect - {}
RESULT: {}
COMMAND: GET /session/8b9d24fb39cbfc9e79ab89721a1c9e7d/window/rect - {}
RESULT: {}
COMMAND: POST /session/8b9d24fb39cbfc9e79ab89721a1c9e7d/execute/sync - {"script":"<script> [92 bytes]","args":[]}
RESULT: {"script":"<script> [92 bytes]","args":[]}
COMMAND: POST /session/8b9d24fb39cbfc9e79ab89721a1c9e7d/actions - {"actions":[{"id":"action91","type":"wheel","parameters":{},"actions":[{"type":"scroll","x":-1888,"y":-32,"deltaX":0,"deltaY":0,"duration":0,"origin":{"element-6066-11e4-a52e-4f735466cecf":"f.7652131D378371FA98FE7F43E0E28151.d.B50CEF52A156886C851D3BF46B31C4C1.e.30109"}}]}]}
COMMAND: GET /session/8b9d24fb39cbfc9e79ab89721a1c9e7d/screenshot - {}
RESULT: {}
COMMAND: POST /session/8b9d24fb39cbfc9e79ab89721a1c9e7d/execute/sync - {"script":"<script> [79 bytes]","args":[{"element-6066-11e4-a52e-4f735466cecf":"f.7652131D378371FA98FE7F43E0E28151.d.B50CEF52A156886C851D3BF46B31C4C1.e.30109","ELEMENT":"f.7652131D378371FA98FE7F43E0E28151.d.B50CEF52A156886C851D3BF46B31C4C1.e.30109"},{"block":"start","inline":"nearest"}]}
RESULT: {"script":"<script> [79 bytes]","args":[{"element-6066-11e4-a52e-4f735466cecf":"f.7652131D378371FA98FE7F43E0E28151.d.B50CEF52A156886C851D3BF46B31C4C1.e.30109","ELEMENT":"f.7652131D378371FA98FE7F43E0E28151.d.B50CEF52A156886C851D3BF46B31C4C1.e.30109"},{"block":"start","inline":"nearest"}]}
RESULT: undefined
COMMAND: POST /session/8b9d24fb39cbfc9e79ab89721a1c9e7d/element - {"using":"xpath","value":"//*[@id=\"application-manageresources-display-component---newResourceUnit--btnAddTimeSegment\"]"}
COMMAND: GET /session/8b9d24fb39cbfc9e79ab89721a1c9e7d/screenshot - {}
RESULT: {"using":"xpath","value":"//*[@id=\"application-manageresources-display-component---newResourceUnit--btnAddTimeSegment\"]"}
COMMAND: POST /session/8b9d24fb39cbfc9e79ab89721a1c9e7d/element/f.7652131D378371FA98FE7F43E0E28151.d.B50CEF52A156886C851D3BF46B31C4C1.e.30109/click - {}
RESULT: {}
RESULT: {}
COMMAND: GET /session/8b9d24fb39cbfc9e79ab89721a1c9e7d/screenshot - {}
RESULT: {}
COMMAND: POST /session/8b9d24fb39cbfc9e79ab89721a1c9e7d/element - {"using":"xpath","value":"//input[@id=\"application-manageresources-display-component---newResourceUnit--idRuTSAdmin-application-manageresources-display-component---newResourceUnit--RUTimeSegment-0-inner\"]"}
RESULT: {"using":"xpath","value":"//input[@id=\"application-manageresources-display-component---newResourceUnit--idRuTSAdmin-application-manageresources-display-component---newResourceUnit--RUTimeSegment-0-inner\"]"}
COMMAND: POST /session/8b9d24fb39cbfc9e79ab89721a1c9e7d/element/f.7652131D378371FA98FE7F43E0E28151.d.B50CEF52A156886C851D3BF46B31C4C1.e.30114/clear - {}
RESULT: {}
COMMAND: POST /session/8b9d24fb39cbfc9e79ab89721a1c9e7d/element/f.7652131D378371FA98FE7F43E0E28151.d.B50CEF52A156886C851D3BF46B31C4C1.e.30114/value - {"text":"242"}
COMMAND: GET /session/8b9d24fb39cbfc9e79ab89721a1c9e7d/screenshot - {}
RESULT: {"text":"242"}
COMMAND: GET /session/8b9d24fb39cbfc9e79ab89721a1c9e7d/screenshot - {}
RESULT: {}
RESULT: {}
COMMAND: POST /session/8b9d24fb39cbfc9e79ab89721a1c9e7d/element - {"using":"xpath","value":"//li[.//span[text()='242']]"}
RESULT: {"using":"xpath","value":"//li[.//span[text()='242']]"}
COMMAND: POST /session/8b9d24fb39cbfc9e79ab89721a1c9e7d/element/f.7652131D378371FA98FE7F43E0E28151.d.B50CEF52A156886C851D3BF46B31C4C1.e.30127/click - {}
RESULT: {}
COMMAND: GET /session/8b9d24fb39cbfc9e79ab89721a1c9e7d/screenshot - {}
RESULT: {}
COMMAND: POST /session/8b9d24fb39cbfc9e79ab89721a1c9e7d/element - {"using":"xpath","value":"(//span[contains(@id, \"-application-manageresources-display-component---newResourceUnit--RUTimeSegment-0-arrow\")])[5]"}
RESULT: {"using":"xpath","value":"(//span[contains(@id, \"-application-manageresources-display-component---newResourceUnit--RUTimeSegment-0-arrow\")])[5]"}
COMMAND: POST /session/8b9d24fb39cbfc9e79ab89721a1c9e7d/element/f.7652131D378371FA98FE7F43E0E28151.d.B50CEF52A156886C851D3BF46B31C4C1.e.30128/click - {}
RESULT: {}
COMMAND: GET /session/8b9d24fb39cbfc9e79ab89721a1c9e7d/screenshot - {}
RESULT: {}
COMMAND: POST /session/8b9d24fb39cbfc9e79ab89721a1c9e7d/element - {"using":"xpath","value":"//span[contains(text(), \"PM Order\")]"}
RESULT: {"using":"xpath","value":"//span[contains(text(), \"PM Order\")]"}
COMMAND: POST /session/8b9d24fb39cbfc9e79ab89721a1c9e7d/element/f.7652131D378371FA98FE7F43E0E28151.d.B50CEF52A156886C851D3BF46B31C4C1.e.30129/click - {}
RESULT: {}
COMMAND: GET /session/8b9d24fb39cbfc9e79ab89721a1c9e7d/screenshot - {}
RESULT: {}
COMMAND: POST /session/8b9d24fb39cbfc9e79ab89721a1c9e7d/element - {"using":"xpath","value":"(//span[contains(@id ,\"manageresources-display-component---newResourceUnit--RUTimeSegment-0-vhi\")])[1]"}
RESULT: {"using":"xpath","value":"(//span[contains(@id ,\"manageresources-display-component---newResourceUnit--RUTimeSegment-0-vhi\")])[1]"}
COMMAND: GET /session/8b9d24fb39cbfc9e79ab89721a1c9e7d/element/f.7652131D378371FA98FE7F43E0E28151.d.B50CEF52A156886C851D3BF46B31C4C1.e.30133/rect - {}
RESULT: {}
COMMAND: GET /session/8b9d24fb39cbfc9e79ab89721a1c9e7d/window/rect - {}
RESULT: {}
COMMAND: POST /session/8b9d24fb39cbfc9e79ab89721a1c9e7d/execute/sync - {"script":"<script> [92 bytes]","args":[]}
RESULT: {"script":"<script> [92 bytes]","args":[]}
COMMAND: POST /session/8b9d24fb39cbfc9e79ab89721a1c9e7d/actions - {"actions":[{"id":"action92","type":"wheel","parameters":{},"actions":[{"type":"scroll","x":-1888,"y":-24,"deltaX":0,"deltaY":0,"duration":0,"origin":{"element-6066-11e4-a52e-4f735466cecf":"f.7652131D378371FA98FE7F43E0E28151.d.B50CEF52A156886C851D3BF46B31C4C1.e.30133"}}]}]}
COMMAND: GET /session/8b9d24fb39cbfc9e79ab89721a1c9e7d/screenshot - {}
RESULT: {}
COMMAND: POST /session/8b9d24fb39cbfc9e79ab89721a1c9e7d/execute/sync - {"script":"<script> [79 bytes]","args":[{"element-6066-11e4-a52e-4f735466cecf":"f.7652131D378371FA98FE7F43E0E28151.d.B50CEF52A156886C851D3BF46B31C4C1.e.30133","ELEMENT":"f.7652131D378371FA98FE7F43E0E28151.d.B50CEF52A156886C851D3BF46B31C4C1.e.30133"},{"block":"start","inline":"nearest"}]}
RESULT: {"script":"<script> [79 bytes]","args":[{"element-6066-11e4-a52e-4f735466cecf":"f.7652131D378371FA98FE7F43E0E28151.d.B50CEF52A156886C851D3BF46B31C4C1.e.30133","ELEMENT":"f.7652131D378371FA98FE7F43E0E28151.d.B50CEF52A156886C851D3BF46B31C4C1.e.30133"},{"block":"start","inline":"nearest"}]}
COMMAND: GET /session/8b9d24fb39cbfc9e79ab89721a1c9e7d/screenshot - {}
RESULT: {}
COMMAND: POST /session/8b9d24fb39cbfc9e79ab89721a1c9e7d/element/f.7652131D378371FA98FE7F43E0E28151.d.B50CEF52A156886C851D3BF46B31C4C1.e.30133/click - {}
RESULT: {}
COMMAND: GET /session/8b9d24fb39cbfc9e79ab89721a1c9e7d/screenshot - {}
RESULT: {}
RESULT: undefined
COMMAND: POST /session/8b9d24fb39cbfc9e79ab89721a1c9e7d/execute/async - {"script":"<script> [776 bytes]","args":[{"enterText":"4000360","selector":{"controlType":"sap.m.SearchField","properties":{"placeholder":"Search"},"searchOpenDialogs":true,"interaction":{"idSuffix":"I"}},"clearTextFirst":true,"interactionType":"ENTER_TEXT"}]}
RESULT: {"script":"<script> [776 bytes]","args":[{"enterText":"4000360","selector":{"controlType":"sap.m.SearchField","properties":{"placeholder":"Search"},"searchOpenDialogs":true,"interaction":{"idSuffix":"I"}},"clearTextFirst":true,"interactionType":"ENTER_TEXT"}]}
COMMAND: POST /session/8b9d24fb39cbfc9e79ab89721a1c9e7d/actions - {"actions":[{"id":"action93","type":"key","parameters":{},"actions":[{"type":"keyDown","value":""},{"type":"pause","duration":10},{"type":"keyUp","value":""}]}]}
RESULT: {"actions":[{"id":"action93","type":"key","parameters":{},"actions":[{"type":"keyDown","value":""},{"type":"pause","duration":10},{"type":"keyUp","value":""}]}]}
COMMAND: GET /session/8b9d24fb39cbfc9e79ab89721a1c9e7d/screenshot - {}
RESULT: {}
COMMAND: POST /session/8b9d24fb39cbfc9e79ab89721a1c9e7d/element - {"using":"xpath","value":"//td/div/span[contains(text(), \"BGL Vehicles\")]"}
RESULT: {"using":"xpath","value":"//td/div/span[contains(text(), \"BGL Vehicles\")]"}
COMMAND: POST /session/8b9d24fb39cbfc9e79ab89721a1c9e7d/element/f.7652131D378371FA98FE7F43E0E28151.d.B50CEF52A156886C851D3BF46B31C4C1.e.30153/click - {}
RESULT: {}
COMMAND: GET /session/8b9d24fb39cbfc9e79ab89721a1c9e7d/screenshot - {}
RESULT: {}
COMMAND: POST /session/8b9d24fb39cbfc9e79ab89721a1c9e7d/element - {"using":"xpath","value":"//bdi[contains(text(), \"OK\")]"}
RESULT: {"using":"xpath","value":"//bdi[contains(text(), \"OK\")]"}
COMMAND: POST /session/8b9d24fb39cbfc9e79ab89721a1c9e7d/element/f.7652131D378371FA98FE7F43E0E28151.d.B50CEF52A156886C851D3BF46B31C4C1.e.30154/click - {}
RESULT: {}
COMMAND: GET /session/8b9d24fb39cbfc9e79ab89721a1c9e7d/screenshot - {}
RESULT: {}
COMMAND: POST /session/8b9d24fb39cbfc9e79ab89721a1c9e7d/element - {"using":"xpath","value":"//label[contains(@class, 'sapMLabelRequired') and .//bdi[contains(text(), 'Planned Retirement')]]"}
RESULT: {"using":"xpath","value":"//label[contains(@class, 'sapMLabelRequired') and .//bdi[contains(text(), 'Planned Retirement')]]"}
COMMAND: POST /session/8b9d24fb39cbfc9e79ab89721a1c9e7d/elements - {"using":"xpath","value":"//label[contains(@class, 'sapMLabelRequired') and .//bdi[contains(text(), 'Planned Retirement')]]"}
RESULT: {"using":"xpath","value":"//label[contains(@class, 'sapMLabelRequired') and .//bdi[contains(text(), 'Planned Retirement')]]"}
COMMAND: POST /session/8b9d24fb39cbfc9e79ab89721a1c9e7d/element - {"using":"xpath","value":"//button[@data-kt=\"resourceUnitSaveButton\"]"}
RESULT: {"using":"xpath","value":"//button[@data-kt=\"resourceUnitSaveButton\"]"}
COMMAND: POST /session/8b9d24fb39cbfc9e79ab89721a1c9e7d/element/f.7652131D378371FA98FE7F43E0E28151.d.B50CEF52A156886C851D3BF46B31C4C1.e.29924/click - {}
RESULT: {}
COMMAND: GET /session/8b9d24fb39cbfc9e79ab89721a1c9e7d/screenshot - {}
RESULT: {}
COMMAND: POST /session/8b9d24fb39cbfc9e79ab89721a1c9e7d/element - {"using":"xpath","value":"//bdi[contains(text(), \"Close\")]"}
RESULT: {"using":"xpath","value":"//bdi[contains(text(), \"Close\")]"}
COMMAND: POST /session/8b9d24fb39cbfc9e79ab89721a1c9e7d/element/f.7652131D378371FA98FE7F43E0E28151.d.B50CEF52A156886C851D3BF46B31C4C1.e.30160/click - {}
RESULT: {}
COMMAND: GET /session/8b9d24fb39cbfc9e79ab89721a1c9e7d/screenshot - {}
RESULT: {}
COMMAND: POST /session/8b9d24fb39cbfc9e79ab89721a1c9e7d/element - {"using":"xpath","value":"//header[contains(@id, 'detailRruPage-headerTitle')]/div[1]/div[2]/div[2]/span[1]"}
RESULT: {"using":"xpath","value":"//header[contains(@id, 'detailRruPage-headerTitle')]/div[1]/div[2]/div[2]/span[1]"}
COMMAND: POST /session/8b9d24fb39cbfc9e79ab89721a1c9e7d/elements - {"using":"xpath","value":"//header[contains(@id, 'detailRruPage-headerTitle')]/div[1]/div[2]/div[2]/span[1]"}
RESULT: {"using":"xpath","value":"//header[contains(@id, 'detailRruPage-headerTitle')]/div[1]/div[2]/div[2]/span[1]"}
COMMAND: POST /session/8b9d24fb39cbfc9e79ab89721a1c9e7d/execute/sync - {"script":"<script> [56 bytes]","args":[{"element-6066-11e4-a52e-4f735466cecf":"f.7652131D378371FA98FE7F43E0E28151.d.B50CEF52A156886C851D3BF46B31C4C1.e.30190","ELEMENT":"f.7652131D378371FA98FE7F43E0E28151.d.B50CEF52A156886C851D3BF46B31C4C1.e.30190"}]}
RESULT: {"script":"<script> [56 bytes]","args":[{"element-6066-11e4-a52e-4f735466cecf":"f.7652131D378371FA98FE7F43E0E28151.d.B50CEF52A156886C851D3BF46B31C4C1.e.30190","ELEMENT":"f.7652131D378371FA98FE7F43E0E28151.d.B50CEF52A156886C851D3BF46B31C4C1.e.30190"}]}
COMMAND: POST /session/8b9d24fb39cbfc9e79ab89721a1c9e7d/element - {"using":"css selector","value":"#shell-header-logo"}
COMMAND: GET /session/8b9d24fb39cbfc9e79ab89721a1c9e7d/screenshot - {}
RESULT: {"using":"css selector","value":"#shell-header-logo"}
COMMAND: POST /session/8b9d24fb39cbfc9e79ab89721a1c9e7d/element/f.7652131D378371FA98FE7F43E0E28151.d.B50CEF52A156886C851D3BF46B31C4C1.e.29519/click - {}
RESULT: {}
RESULT: {}
COMMAND: GET /session/8b9d24fb39cbfc9e79ab89721a1c9e7d/screenshot - {}
RESULT: {}
]]></system-out>
    </testcase>
    <testcase classname="chrome.137_0_7151_69.windows.Transfer_Yard_to_Yard_US131076" name="Should do a stock increase handover for equipment" time="104.311">
      <system-out><![CDATA[
COMMAND: POST /session/8b9d24fb39cbfc9e79ab89721a1c9e7d/execute/async - {"script":"<script> [1562 bytes]","args":[{"selector":{"controlType":"sap.m.GenericTile","properties":{"header":"Manage Handovers"}},"wdio_ui5_key":"sapm.GenericTile{\"header\":\"Manage Handovers\"}"}]}
RESULT: {"script":"<script> [1562 bytes]","args":[{"selector":{"controlType":"sap.m.GenericTile","properties":{"header":"Manage Handovers"}},"wdio_ui5_key":"sapm.GenericTile{\"header\":\"Manage Handovers\"}"}]}
RESULT: undefined
COMMAND: POST /session/8b9d24fb39cbfc9e79ab89721a1c9e7d/element - {"using":"xpath","value":"//*[@id=\"__tile132\"]"}
RESULT: {"using":"xpath","value":"//*[@id=\"__tile132\"]"}
COMMAND: POST /session/8b9d24fb39cbfc9e79ab89721a1c9e7d/element/f.7652131D378371FA98FE7F43E0E28151.d.B50CEF52A156886C851D3BF46B31C4C1.e.27960/click - {}
RESULT: {}
COMMAND: GET /session/8b9d24fb39cbfc9e79ab89721a1c9e7d/screenshot - {}
RESULT: {}
COMMAND: POST /session/8b9d24fb39cbfc9e79ab89721a1c9e7d/elements - {"using":"xpath","value":"//span[text()='Error']"}
RESULT: {"using":"xpath","value":"//span[text()='Error']"}
COMMAND: POST /session/8b9d24fb39cbfc9e79ab89721a1c9e7d/element - {"using":"xpath","value":"//button[@data-kt=\"masterHOAddButton\"]"}
RESULT: {"using":"xpath","value":"//button[@data-kt=\"masterHOAddButton\"]"}
COMMAND: POST /session/8b9d24fb39cbfc9e79ab89721a1c9e7d/elements - {"using":"xpath","value":"//button[@data-kt=\"masterHOAddButton\"]"}
RESULT: {"using":"xpath","value":"//button[@data-kt=\"masterHOAddButton\"]"}
COMMAND: POST /session/8b9d24fb39cbfc9e79ab89721a1c9e7d/execute/sync - {"script":"<script> [8489 bytes]","args":[{"element-6066-11e4-a52e-4f735466cecf":"f.7652131D378371FA98FE7F43E0E28151.d.B50CEF52A156886C851D3BF46B31C4C1.e.30221","ELEMENT":"f.7652131D378371FA98FE7F43E0E28151.d.B50CEF52A156886C851D3BF46B31C4C1.e.30221"}]}
RESULT: {"script":"<script> [8489 bytes]","args":[{"element-6066-11e4-a52e-4f735466cecf":"f.7652131D378371FA98FE7F43E0E28151.d.B50CEF52A156886C851D3BF46B31C4C1.e.30221","ELEMENT":"f.7652131D378371FA98FE7F43E0E28151.d.B50CEF52A156886C851D3BF46B31C4C1.e.30221"}]}
COMMAND: GET /session/8b9d24fb39cbfc9e79ab89721a1c9e7d/element/f.7652131D378371FA98FE7F43E0E28151.d.B50CEF52A156886C851D3BF46B31C4C1.e.30221/enabled - {}
COMMAND: GET /session/8b9d24fb39cbfc9e79ab89721a1c9e7d/screenshot - {}
RESULT: {}
COMMAND: POST /session/8b9d24fb39cbfc9e79ab89721a1c9e7d/execute/sync - {"script":"<script> [8489 bytes]","args":[{"element-6066-11e4-a52e-4f735466cecf":"f.7652131D378371FA98FE7F43E0E28151.d.B50CEF52A156886C851D3BF46B31C4C1.e.30221","ELEMENT":"f.7652131D378371FA98FE7F43E0E28151.d.B50CEF52A156886C851D3BF46B31C4C1.e.30221"}]}
COMMAND: GET /session/8b9d24fb39cbfc9e79ab89721a1c9e7d/screenshot - {}
RESULT: {}
RESULT: {"script":"<script> [8489 bytes]","args":[{"element-6066-11e4-a52e-4f735466cecf":"f.7652131D378371FA98FE7F43E0E28151.d.B50CEF52A156886C851D3BF46B31C4C1.e.30221","ELEMENT":"f.7652131D378371FA98FE7F43E0E28151.d.B50CEF52A156886C851D3BF46B31C4C1.e.30221"}]}
COMMAND: POST /session/8b9d24fb39cbfc9e79ab89721a1c9e7d/execute/sync - {"script":"<script> [5351 bytes]","args":[{"element-6066-11e4-a52e-4f735466cecf":"f.7652131D378371FA98FE7F43E0E28151.d.B50CEF52A156886C851D3BF46B31C4C1.e.30221","ELEMENT":"f.7652131D378371FA98FE7F43E0E28151.d.B50CEF52A156886C851D3BF46B31C4C1.e.30221"}]}
COMMAND: GET /session/8b9d24fb39cbfc9e79ab89721a1c9e7d/screenshot - {}
RESULT: {}
RESULT: {"script":"<script> [5351 bytes]","args":[{"element-6066-11e4-a52e-4f735466cecf":"f.7652131D378371FA98FE7F43E0E28151.d.B50CEF52A156886C851D3BF46B31C4C1.e.30221","ELEMENT":"f.7652131D378371FA98FE7F43E0E28151.d.B50CEF52A156886C851D3BF46B31C4C1.e.30221"}]}
COMMAND: POST /session/8b9d24fb39cbfc9e79ab89721a1c9e7d/element/f.7652131D378371FA98FE7F43E0E28151.d.B50CEF52A156886C851D3BF46B31C4C1.e.30221/click - {}
COMMAND: GET /session/8b9d24fb39cbfc9e79ab89721a1c9e7d/screenshot - {}
RESULT: {}
RESULT: {}
COMMAND: GET /session/8b9d24fb39cbfc9e79ab89721a1c9e7d/screenshot - {}
RESULT: {}
RESULT: {}
COMMAND: POST /session/8b9d24fb39cbfc9e79ab89721a1c9e7d/element - {"using":"xpath","value":"//span[contains(@id ,\"AddNewHO--typeSelect-arrow\")]"}
RESULT: {"using":"xpath","value":"//span[contains(@id ,\"AddNewHO--typeSelect-arrow\")]"}
COMMAND: POST /session/8b9d24fb39cbfc9e79ab89721a1c9e7d/element/f.7652131D378371FA98FE7F43E0E28151.d.B50CEF52A156886C851D3BF46B31C4C1.e.30556/click - {}
RESULT: {}
COMMAND: GET /session/8b9d24fb39cbfc9e79ab89721a1c9e7d/screenshot - {}
RESULT: {}
COMMAND: POST /session/8b9d24fb39cbfc9e79ab89721a1c9e7d/element - {"using":"xpath","value":"(//li[contains(text(), \"stock increase yard\")])[1]"}
RESULT: {"using":"xpath","value":"(//li[contains(text(), \"stock increase yard\")])[1]"}
COMMAND: POST /session/8b9d24fb39cbfc9e79ab89721a1c9e7d/element/f.7652131D378371FA98FE7F43E0E28151.d.B50CEF52A156886C851D3BF46B31C4C1.e.30557/click - {}
RESULT: {}
COMMAND: GET /session/8b9d24fb39cbfc9e79ab89721a1c9e7d/screenshot - {}
RESULT: {}
COMMAND: POST /session/8b9d24fb39cbfc9e79ab89721a1c9e7d/execute/async - {"script":"<script> [1562 bytes]","args":[{"selector":{"id":"application-managehandovers-display-component---AddNewHO--dueDate","interaction":{"idSuffix":"inner"}},"wdio_ui5_key":"applicationmanagehandovers-display-component---AddNewHO--dueDate"}]}
RESULT: {"script":"<script> [1562 bytes]","args":[{"selector":{"id":"application-managehandovers-display-component---AddNewHO--dueDate","interaction":{"idSuffix":"inner"}},"wdio_ui5_key":"applicationmanagehandovers-display-component---AddNewHO--dueDate"}]}
RESULT: undefined
COMMAND: POST /session/8b9d24fb39cbfc9e79ab89721a1c9e7d/execute/async - {"script":"<script> [6424 bytes]","args":[{"element-6066-11e4-a52e-4f735466cecf":"f.7652131D378371FA98FE7F43E0E28151.d.B50CEF52A156886C851D3BF46B31C4C1.e.30561"},"setValue",["6/13/25"]]}
RESULT: {"script":"<script> [6424 bytes]","args":[{"element-6066-11e4-a52e-4f735466cecf":"f.7652131D378371FA98FE7F43E0E28151.d.B50CEF52A156886C851D3BF46B31C4C1.e.30561"},"setValue",["6/13/25"]]}
COMMAND: POST /session/8b9d24fb39cbfc9e79ab89721a1c9e7d/element - {"using":"xpath","value":"//input[@id=\"generalSectionFrg--receiveYard-inner\"]"}
RESULT: {"using":"xpath","value":"//input[@id=\"generalSectionFrg--receiveYard-inner\"]"}
COMMAND: POST /session/8b9d24fb39cbfc9e79ab89721a1c9e7d/element/f.7652131D378371FA98FE7F43E0E28151.d.B50CEF52A156886C851D3BF46B31C4C1.e.30567/clear - {}
RESULT: {}
COMMAND: POST /session/8b9d24fb39cbfc9e79ab89721a1c9e7d/element/f.7652131D378371FA98FE7F43E0E28151.d.B50CEF52A156886C851D3BF46B31C4C1.e.30567/value - {"text":"242"}
COMMAND: GET /session/8b9d24fb39cbfc9e79ab89721a1c9e7d/screenshot - {}
RESULT: {"text":"242"}
COMMAND: GET /session/8b9d24fb39cbfc9e79ab89721a1c9e7d/screenshot - {}
RESULT: {}
RESULT: {}
COMMAND: POST /session/8b9d24fb39cbfc9e79ab89721a1c9e7d/element - {"using":"xpath","value":"//li[.//span[contains(normalize-space(.), '242 -')]]"}
RESULT: {"using":"xpath","value":"//li[.//span[contains(normalize-space(.), '242 -')]]"}
COMMAND: POST /session/8b9d24fb39cbfc9e79ab89721a1c9e7d/element/f.7652131D378371FA98FE7F43E0E28151.d.B50CEF52A156886C851D3BF46B31C4C1.e.30583/click - {}
RESULT: {}
COMMAND: GET /session/8b9d24fb39cbfc9e79ab89721a1c9e7d/screenshot - {}
RESULT: {}
COMMAND: POST /session/8b9d24fb39cbfc9e79ab89721a1c9e7d/execute/async - {"script":"<script> [1562 bytes]","args":[{"selector":{"id":"application-managehandovers-display-component---AddNewHO--ObjectPageLayout-anchBar-application-managehandovers-display-component---AddNewHO--section4-anchor","interaction":{"idSuffix":"BDI-content"}},"wdio_ui5_key":"applicationmanagehandovers-display-component---AddNewHO--ObjectPageLayout-anchBar-application-managehandovers-display-component---AddNewHO--section4-anchor"}]}
RESULT: {"script":"<script> [1562 bytes]","args":[{"selector":{"id":"application-managehandovers-display-component---AddNewHO--ObjectPageLayout-anchBar-application-managehandovers-display-component---AddNewHO--section4-anchor","interaction":{"idSuffix":"BDI-content"}},"wdio_ui5_key":"applicationmanagehandovers-display-component---AddNewHO--ObjectPageLayout-anchBar-application-managehandovers-display-component---AddNewHO--section4-anchor"}]}
RESULT: undefined
COMMAND: POST /session/8b9d24fb39cbfc9e79ab89721a1c9e7d/element - {"using":"xpath","value":"//*[@id=\"application-managehandovers-display-component---AddNewHO--ObjectPageLayout-anchBar-application-managehandovers-display-component---AddNewHO--section4-anchor\"]"}
RESULT: {"using":"xpath","value":"//*[@id=\"application-managehandovers-display-component---AddNewHO--ObjectPageLayout-anchBar-application-managehandovers-display-component---AddNewHO--section4-anchor\"]"}
COMMAND: POST /session/8b9d24fb39cbfc9e79ab89721a1c9e7d/element/f.7652131D378371FA98FE7F43E0E28151.d.B50CEF52A156886C851D3BF46B31C4C1.e.30585/click - {}
RESULT: {}
COMMAND: GET /session/8b9d24fb39cbfc9e79ab89721a1c9e7d/screenshot - {}
RESULT: {}
COMMAND: POST /session/8b9d24fb39cbfc9e79ab89721a1c9e7d/element - {"using":"xpath","value":"//button[@aria-label=\"Add\"]"}
RESULT: {"using":"xpath","value":"//button[@aria-label=\"Add\"]"}
COMMAND: POST /session/8b9d24fb39cbfc9e79ab89721a1c9e7d/element/f.7652131D378371FA98FE7F43E0E28151.d.B50CEF52A156886C851D3BF46B31C4C1.e.30589/click - {}
RESULT: {}
COMMAND: GET /session/8b9d24fb39cbfc9e79ab89721a1c9e7d/screenshot - {}
RESULT: {}
COMMAND: POST /session/8b9d24fb39cbfc9e79ab89721a1c9e7d/execute/async - {"script":"<script> [1562 bytes]","args":[{"selector":{"id":"application-managehandovers-display-component---AddNewHO--smartFilterBar-btnBasicSearch","searchOpenDialogs":true,"interaction":{"idSuffix":"I"}},"wdio_ui5_key":"applicationmanagehandovers-display-component---AddNewHO--smartFilterBar-btnBasicSearch"}]}
RESULT: {"script":"<script> [1562 bytes]","args":[{"selector":{"id":"application-managehandovers-display-component---AddNewHO--smartFilterBar-btnBasicSearch","searchOpenDialogs":true,"interaction":{"idSuffix":"I"}},"wdio_ui5_key":"applicationmanagehandovers-display-component---AddNewHO--smartFilterBar-btnBasicSearch"}]}
RESULT: undefined
COMMAND: POST /session/8b9d24fb39cbfc9e79ab89721a1c9e7d/execute/async - {"script":"<script> [776 bytes]","args":[{"enterText":"NodHMPEP7I","selector":{"id":"application-managehandovers-display-component---AddNewHO--smartFilterBar-btnBasicSearch","searchOpenDialogs":true,"interaction":{"idSuffix":"I"}},"clearTextFirst":true,"interactionType":"ENTER_TEXT"}]}
RESULT: {"script":"<script> [776 bytes]","args":[{"enterText":"NodHMPEP7I","selector":{"id":"application-managehandovers-display-component---AddNewHO--smartFilterBar-btnBasicSearch","searchOpenDialogs":true,"interaction":{"idSuffix":"I"}},"clearTextFirst":true,"interactionType":"ENTER_TEXT"}]}
COMMAND: POST /session/8b9d24fb39cbfc9e79ab89721a1c9e7d/actions - {"actions":[{"id":"action94","type":"key","parameters":{},"actions":[{"type":"keyDown","value":""},{"type":"pause","duration":10},{"type":"keyUp","value":""}]}]}
RESULT: {"actions":[{"id":"action94","type":"key","parameters":{},"actions":[{"type":"keyDown","value":""},{"type":"pause","duration":10},{"type":"keyUp","value":""}]}]}
COMMAND: GET /session/8b9d24fb39cbfc9e79ab89721a1c9e7d/screenshot - {}
RESULT: {}
COMMAND: POST /session/8b9d24fb39cbfc9e79ab89721a1c9e7d/execute/async - {"script":"<script> [1562 bytes]","args":[{"selector":{"id":"application-managehandovers-display-component---AddNewHO--popup-sa","searchOpenDialogs":true,"interaction":{"idSuffix":"CbBg"}},"wdio_ui5_key":"applicationmanagehandovers-display-component---AddNewHO--popup-sa"}]}
RESULT: {"script":"<script> [1562 bytes]","args":[{"selector":{"id":"application-managehandovers-display-component---AddNewHO--popup-sa","searchOpenDialogs":true,"interaction":{"idSuffix":"CbBg"}},"wdio_ui5_key":"applicationmanagehandovers-display-component---AddNewHO--popup-sa"}]}
RESULT: undefined
COMMAND: POST /session/8b9d24fb39cbfc9e79ab89721a1c9e7d/element - {"using":"xpath","value":"//*[@id=\"application-managehandovers-display-component---AddNewHO--popup-sa\"]"}
RESULT: {"using":"xpath","value":"//*[@id=\"application-managehandovers-display-component---AddNewHO--popup-sa\"]"}
COMMAND: POST /session/8b9d24fb39cbfc9e79ab89721a1c9e7d/element/f.7652131D378371FA98FE7F43E0E28151.d.B50CEF52A156886C851D3BF46B31C4C1.e.30742/click - {}
RESULT: {}
COMMAND: GET /session/8b9d24fb39cbfc9e79ab89721a1c9e7d/screenshot - {}
RESULT: {}
COMMAND: POST /session/8b9d24fb39cbfc9e79ab89721a1c9e7d/element - {"using":"xpath","value":"//bdi[contains(text(), \"Select\")]"}
RESULT: {"using":"xpath","value":"//bdi[contains(text(), \"Select\")]"}
COMMAND: POST /session/8b9d24fb39cbfc9e79ab89721a1c9e7d/element/f.7652131D378371FA98FE7F43E0E28151.d.B50CEF52A156886C851D3BF46B31C4C1.e.30743/click - {}
RESULT: {}
COMMAND: GET /session/8b9d24fb39cbfc9e79ab89721a1c9e7d/screenshot - {}
RESULT: {}
COMMAND: POST /session/8b9d24fb39cbfc9e79ab89721a1c9e7d/element - {"using":"xpath","value":"//button[@data-kt=\"AddNewHOSaveButton\"]"}
RESULT: {"using":"xpath","value":"//button[@data-kt=\"AddNewHOSaveButton\"]"}
COMMAND: POST /session/8b9d24fb39cbfc9e79ab89721a1c9e7d/element/f.7652131D378371FA98FE7F43E0E28151.d.B50CEF52A156886C851D3BF46B31C4C1.e.30747/click - {}
RESULT: {}
COMMAND: GET /session/8b9d24fb39cbfc9e79ab89721a1c9e7d/screenshot - {}
RESULT: {}
COMMAND: POST /session/8b9d24fb39cbfc9e79ab89721a1c9e7d/execute/async - {"script":"<script> [1562 bytes]","args":[{"selector":{"id":"receiptDatePicker","viewName":"etm.portal.ui.managehandovers.view.DetailExecuteHO","interaction":{"idSuffix":"inner"}},"wdio_ui5_key":"receiptDatePickeretmportal.ui.managehandovers.view.DetailExecuteHO"}]}
RESULT: {"script":"<script> [1562 bytes]","args":[{"selector":{"id":"receiptDatePicker","viewName":"etm.portal.ui.managehandovers.view.DetailExecuteHO","interaction":{"idSuffix":"inner"}},"wdio_ui5_key":"receiptDatePickeretmportal.ui.managehandovers.view.DetailExecuteHO"}]}
RESULT: undefined
COMMAND: POST /session/8b9d24fb39cbfc9e79ab89721a1c9e7d/execute/async - {"script":"<script> [6424 bytes]","args":[{"element-6066-11e4-a52e-4f735466cecf":"f.7652131D378371FA98FE7F43E0E28151.d.B50CEF52A156886C851D3BF46B31C4C1.e.30774"},"setValue",["6/13/25"]]}
RESULT: {"script":"<script> [6424 bytes]","args":[{"element-6066-11e4-a52e-4f735466cecf":"f.7652131D378371FA98FE7F43E0E28151.d.B50CEF52A156886C851D3BF46B31C4C1.e.30774"},"setValue",["6/13/25"]]}
COMMAND: POST /session/8b9d24fb39cbfc9e79ab89721a1c9e7d/element - {"using":"xpath","value":"//button[@data-kt=\"ReceivingTableConfirmAllButton\"]"}
RESULT: {"using":"xpath","value":"//button[@data-kt=\"ReceivingTableConfirmAllButton\"]"}
COMMAND: POST /session/8b9d24fb39cbfc9e79ab89721a1c9e7d/element/f.7652131D378371FA98FE7F43E0E28151.d.B50CEF52A156886C851D3BF46B31C4C1.e.30788/click - {}
RESULT: {}
COMMAND: GET /session/8b9d24fb39cbfc9e79ab89721a1c9e7d/screenshot - {}
RESULT: {}
COMMAND: POST /session/8b9d24fb39cbfc9e79ab89721a1c9e7d/element - {"using":"xpath","value":"//bdi[contains(text(), \"OK\")]"}
RESULT: {"using":"xpath","value":"//bdi[contains(text(), \"OK\")]"}
COMMAND: POST /session/8b9d24fb39cbfc9e79ab89721a1c9e7d/element/f.7652131D378371FA98FE7F43E0E28151.d.B50CEF52A156886C851D3BF46B31C4C1.e.30790/click - {}
RESULT: {}
COMMAND: GET /session/8b9d24fb39cbfc9e79ab89721a1c9e7d/screenshot - {}
RESULT: {}
COMMAND: POST /session/8b9d24fb39cbfc9e79ab89721a1c9e7d/element - {"using":"xpath","value":"(//bdi[contains(text(), \"Receive\")])[2]"}
RESULT: {"using":"xpath","value":"(//bdi[contains(text(), \"Receive\")])[2]"}
COMMAND: POST /session/8b9d24fb39cbfc9e79ab89721a1c9e7d/element/f.7652131D378371FA98FE7F43E0E28151.d.B50CEF52A156886C851D3BF46B31C4C1.e.30792/click - {}
RESULT: {}
COMMAND: GET /session/8b9d24fb39cbfc9e79ab89721a1c9e7d/screenshot - {}
RESULT: {}
COMMAND: POST /session/8b9d24fb39cbfc9e79ab89721a1c9e7d/element - {"using":"css selector","value":"#shell-header-logo"}
RESULT: {"using":"css selector","value":"#shell-header-logo"}
COMMAND: POST /session/8b9d24fb39cbfc9e79ab89721a1c9e7d/element/f.7652131D378371FA98FE7F43E0E28151.d.B50CEF52A156886C851D3BF46B31C4C1.e.30193/click - {}
RESULT: {}
COMMAND: GET /session/8b9d24fb39cbfc9e79ab89721a1c9e7d/screenshot - {}
RESULT: {}
]]></system-out>
    </testcase>
    <testcase classname="chrome.137_0_7151_69.windows.Transfer_Yard_to_Yard_US131076" name="Should do a stock increase handover for equipment multipart" time="104.868">
      <system-out><![CDATA[
RESULT: undefined
COMMAND: POST /session/8b9d24fb39cbfc9e79ab89721a1c9e7d/element - {"using":"xpath","value":"//*[@id=\"__tile132\"]"}
RESULT: {"using":"xpath","value":"//*[@id=\"__tile132\"]"}
COMMAND: POST /session/8b9d24fb39cbfc9e79ab89721a1c9e7d/element/f.7652131D378371FA98FE7F43E0E28151.d.B50CEF52A156886C851D3BF46B31C4C1.e.27960/click - {}
RESULT: {}
COMMAND: GET /session/8b9d24fb39cbfc9e79ab89721a1c9e7d/screenshot - {}
RESULT: {}
COMMAND: POST /session/8b9d24fb39cbfc9e79ab89721a1c9e7d/elements - {"using":"xpath","value":"//span[text()='Error']"}
RESULT: {"using":"xpath","value":"//span[text()='Error']"}
COMMAND: POST /session/8b9d24fb39cbfc9e79ab89721a1c9e7d/element - {"using":"xpath","value":"//button[@data-kt=\"masterHOAddButton\"]"}
RESULT: {"using":"xpath","value":"//button[@data-kt=\"masterHOAddButton\"]"}
COMMAND: POST /session/8b9d24fb39cbfc9e79ab89721a1c9e7d/elements - {"using":"xpath","value":"//button[@data-kt=\"masterHOAddButton\"]"}
RESULT: {"using":"xpath","value":"//button[@data-kt=\"masterHOAddButton\"]"}
COMMAND: POST /session/8b9d24fb39cbfc9e79ab89721a1c9e7d/execute/sync - {"script":"<script> [8489 bytes]","args":[{"element-6066-11e4-a52e-4f735466cecf":"f.7652131D378371FA98FE7F43E0E28151.d.B50CEF52A156886C851D3BF46B31C4C1.e.31018","ELEMENT":"f.7652131D378371FA98FE7F43E0E28151.d.B50CEF52A156886C851D3BF46B31C4C1.e.31018"}]}
RESULT: {"script":"<script> [8489 bytes]","args":[{"element-6066-11e4-a52e-4f735466cecf":"f.7652131D378371FA98FE7F43E0E28151.d.B50CEF52A156886C851D3BF46B31C4C1.e.31018","ELEMENT":"f.7652131D378371FA98FE7F43E0E28151.d.B50CEF52A156886C851D3BF46B31C4C1.e.31018"}]}
COMMAND: GET /session/8b9d24fb39cbfc9e79ab89721a1c9e7d/element/f.7652131D378371FA98FE7F43E0E28151.d.B50CEF52A156886C851D3BF46B31C4C1.e.31018/enabled - {}
COMMAND: GET /session/8b9d24fb39cbfc9e79ab89721a1c9e7d/screenshot - {}
RESULT: {}
COMMAND: POST /session/8b9d24fb39cbfc9e79ab89721a1c9e7d/execute/sync - {"script":"<script> [8489 bytes]","args":[{"element-6066-11e4-a52e-4f735466cecf":"f.7652131D378371FA98FE7F43E0E28151.d.B50CEF52A156886C851D3BF46B31C4C1.e.31018","ELEMENT":"f.7652131D378371FA98FE7F43E0E28151.d.B50CEF52A156886C851D3BF46B31C4C1.e.31018"}]}
COMMAND: GET /session/8b9d24fb39cbfc9e79ab89721a1c9e7d/screenshot - {}
RESULT: {}
RESULT: {"script":"<script> [8489 bytes]","args":[{"element-6066-11e4-a52e-4f735466cecf":"f.7652131D378371FA98FE7F43E0E28151.d.B50CEF52A156886C851D3BF46B31C4C1.e.31018","ELEMENT":"f.7652131D378371FA98FE7F43E0E28151.d.B50CEF52A156886C851D3BF46B31C4C1.e.31018"}]}
COMMAND: POST /session/8b9d24fb39cbfc9e79ab89721a1c9e7d/execute/sync - {"script":"<script> [5351 bytes]","args":[{"element-6066-11e4-a52e-4f735466cecf":"f.7652131D378371FA98FE7F43E0E28151.d.B50CEF52A156886C851D3BF46B31C4C1.e.31018","ELEMENT":"f.7652131D378371FA98FE7F43E0E28151.d.B50CEF52A156886C851D3BF46B31C4C1.e.31018"}]}
COMMAND: GET /session/8b9d24fb39cbfc9e79ab89721a1c9e7d/screenshot - {}
RESULT: {}
RESULT: {"script":"<script> [5351 bytes]","args":[{"element-6066-11e4-a52e-4f735466cecf":"f.7652131D378371FA98FE7F43E0E28151.d.B50CEF52A156886C851D3BF46B31C4C1.e.31018","ELEMENT":"f.7652131D378371FA98FE7F43E0E28151.d.B50CEF52A156886C851D3BF46B31C4C1.e.31018"}]}
COMMAND: POST /session/8b9d24fb39cbfc9e79ab89721a1c9e7d/element/f.7652131D378371FA98FE7F43E0E28151.d.B50CEF52A156886C851D3BF46B31C4C1.e.31018/click - {}
COMMAND: GET /session/8b9d24fb39cbfc9e79ab89721a1c9e7d/screenshot - {}
RESULT: {}
RESULT: {}
COMMAND: GET /session/8b9d24fb39cbfc9e79ab89721a1c9e7d/screenshot - {}
RESULT: {}
COMMAND: POST /session/8b9d24fb39cbfc9e79ab89721a1c9e7d/element - {"using":"xpath","value":"//span[contains(@id ,\"AddNewHO--typeSelect-arrow\")]"}
RESULT: {}
RESULT: {"using":"xpath","value":"//span[contains(@id ,\"AddNewHO--typeSelect-arrow\")]"}
COMMAND: POST /session/8b9d24fb39cbfc9e79ab89721a1c9e7d/element/f.7652131D378371FA98FE7F43E0E28151.d.B50CEF52A156886C851D3BF46B31C4C1.e.31425/click - {}
RESULT: {}
COMMAND: GET /session/8b9d24fb39cbfc9e79ab89721a1c9e7d/screenshot - {}
RESULT: {}
COMMAND: POST /session/8b9d24fb39cbfc9e79ab89721a1c9e7d/element - {"using":"xpath","value":"(//li[contains(text(), \"stock increase yard\")])[1]"}
RESULT: {"using":"xpath","value":"(//li[contains(text(), \"stock increase yard\")])[1]"}
COMMAND: POST /session/8b9d24fb39cbfc9e79ab89721a1c9e7d/element/f.7652131D378371FA98FE7F43E0E28151.d.B50CEF52A156886C851D3BF46B31C4C1.e.31426/click - {}
RESULT: {}
COMMAND: GET /session/8b9d24fb39cbfc9e79ab89721a1c9e7d/screenshot - {}
RESULT: {}
RESULT: undefined
COMMAND: POST /session/8b9d24fb39cbfc9e79ab89721a1c9e7d/execute/async - {"script":"<script> [6424 bytes]","args":[{"element-6066-11e4-a52e-4f735466cecf":"f.7652131D378371FA98FE7F43E0E28151.d.B50CEF52A156886C851D3BF46B31C4C1.e.30561"},"setValue",["6/13/25"]]}
COMMAND: POST /session/8b9d24fb39cbfc9e79ab89721a1c9e7d/execute/async - {"script":"<script> [1562 bytes]","args":[{"selector":{"id":"application-managehandovers-display-component---AddNewHO--dueDate","interaction":{"idSuffix":"inner"}},"wdio_ui5_key":"applicationmanagehandovers-display-component---AddNewHO--dueDate"}]}
RESULT: {"script":"<script> [1562 bytes]","args":[{"selector":{"id":"application-managehandovers-display-component---AddNewHO--dueDate","interaction":{"idSuffix":"inner"}},"wdio_ui5_key":"applicationmanagehandovers-display-component---AddNewHO--dueDate"}]}
COMMAND: POST /session/8b9d24fb39cbfc9e79ab89721a1c9e7d/execute/async - {"script":"<script> [6424 bytes]","args":[{"element-6066-11e4-a52e-4f735466cecf":"f.7652131D378371FA98FE7F43E0E28151.d.B50CEF52A156886C851D3BF46B31C4C1.e.31428"},"setValue",["6/13/25"]]}
RESULT: {"script":"<script> [6424 bytes]","args":[{"element-6066-11e4-a52e-4f735466cecf":"f.7652131D378371FA98FE7F43E0E28151.d.B50CEF52A156886C851D3BF46B31C4C1.e.31428"},"setValue",["6/13/25"]]}
COMMAND: POST /session/8b9d24fb39cbfc9e79ab89721a1c9e7d/element - {"using":"xpath","value":"//input[@id=\"generalSectionFrg--receiveYard-inner\"]"}
RESULT: {"using":"xpath","value":"//input[@id=\"generalSectionFrg--receiveYard-inner\"]"}
COMMAND: POST /session/8b9d24fb39cbfc9e79ab89721a1c9e7d/element/f.7652131D378371FA98FE7F43E0E28151.d.B50CEF52A156886C851D3BF46B31C4C1.e.31434/clear - {}
RESULT: {}
COMMAND: POST /session/8b9d24fb39cbfc9e79ab89721a1c9e7d/element/f.7652131D378371FA98FE7F43E0E28151.d.B50CEF52A156886C851D3BF46B31C4C1.e.31434/value - {"text":"242"}
COMMAND: GET /session/8b9d24fb39cbfc9e79ab89721a1c9e7d/screenshot - {}
RESULT: {"text":"242"}
COMMAND: GET /session/8b9d24fb39cbfc9e79ab89721a1c9e7d/screenshot - {}
RESULT: {}
RESULT: {}
COMMAND: POST /session/8b9d24fb39cbfc9e79ab89721a1c9e7d/element - {"using":"xpath","value":"//li[.//span[contains(normalize-space(.), '242 -')]]"}
RESULT: {"using":"xpath","value":"//li[.//span[contains(normalize-space(.), '242 -')]]"}
COMMAND: POST /session/8b9d24fb39cbfc9e79ab89721a1c9e7d/element/f.7652131D378371FA98FE7F43E0E28151.d.B50CEF52A156886C851D3BF46B31C4C1.e.31450/click - {}
RESULT: {}
COMMAND: GET /session/8b9d24fb39cbfc9e79ab89721a1c9e7d/screenshot - {}
RESULT: {}
RESULT: undefined
COMMAND: POST /session/8b9d24fb39cbfc9e79ab89721a1c9e7d/element - {"using":"xpath","value":"//*[@id=\"application-managehandovers-display-component---AddNewHO--ObjectPageLayout-anchBar-application-managehandovers-display-component---AddNewHO--section4-anchor\"]"}
RESULT: {"using":"xpath","value":"//*[@id=\"application-managehandovers-display-component---AddNewHO--ObjectPageLayout-anchBar-application-managehandovers-display-component---AddNewHO--section4-anchor\"]"}
COMMAND: POST /session/8b9d24fb39cbfc9e79ab89721a1c9e7d/element/f.7652131D378371FA98FE7F43E0E28151.d.B50CEF52A156886C851D3BF46B31C4C1.e.31451/click - {}
RESULT: {}
COMMAND: GET /session/8b9d24fb39cbfc9e79ab89721a1c9e7d/screenshot - {}
RESULT: {}
COMMAND: POST /session/8b9d24fb39cbfc9e79ab89721a1c9e7d/element - {"using":"xpath","value":"//button[@aria-label=\"Add\"]"}
RESULT: {"using":"xpath","value":"//button[@aria-label=\"Add\"]"}
COMMAND: POST /session/8b9d24fb39cbfc9e79ab89721a1c9e7d/element/f.7652131D378371FA98FE7F43E0E28151.d.B50CEF52A156886C851D3BF46B31C4C1.e.31455/click - {}
RESULT: {}
COMMAND: GET /session/8b9d24fb39cbfc9e79ab89721a1c9e7d/screenshot - {}
RESULT: {}
RESULT: undefined
COMMAND: POST /session/8b9d24fb39cbfc9e79ab89721a1c9e7d/execute/async - {"script":"<script> [776 bytes]","args":[{"enterText":"400013","selector":{"id":"application-managehandovers-display-component---AddNewHO--smartFilterBar-btnBasicSearch","searchOpenDialogs":true,"interaction":{"idSuffix":"I"}},"clearTextFirst":true,"interactionType":"ENTER_TEXT"}]}
RESULT: {"script":"<script> [776 bytes]","args":[{"enterText":"400013","selector":{"id":"application-managehandovers-display-component---AddNewHO--smartFilterBar-btnBasicSearch","searchOpenDialogs":true,"interaction":{"idSuffix":"I"}},"clearTextFirst":true,"interactionType":"ENTER_TEXT"}]}
COMMAND: POST /session/8b9d24fb39cbfc9e79ab89721a1c9e7d/actions - {"actions":[{"id":"action95","type":"key","parameters":{},"actions":[{"type":"keyDown","value":""},{"type":"pause","duration":10},{"type":"keyUp","value":""}]}]}
RESULT: {"actions":[{"id":"action95","type":"key","parameters":{},"actions":[{"type":"keyDown","value":""},{"type":"pause","duration":10},{"type":"keyUp","value":""}]}]}
COMMAND: GET /session/8b9d24fb39cbfc9e79ab89721a1c9e7d/screenshot - {}
RESULT: {}
RESULT: undefined
COMMAND: POST /session/8b9d24fb39cbfc9e79ab89721a1c9e7d/element - {"using":"xpath","value":"//*[@id=\"application-managehandovers-display-component---AddNewHO--popup-sa\"]"}
RESULT: {"using":"xpath","value":"//*[@id=\"application-managehandovers-display-component---AddNewHO--popup-sa\"]"}
COMMAND: POST /session/8b9d24fb39cbfc9e79ab89721a1c9e7d/element/f.7652131D378371FA98FE7F43E0E28151.d.B50CEF52A156886C851D3BF46B31C4C1.e.31603/click - {}
RESULT: {}
COMMAND: GET /session/8b9d24fb39cbfc9e79ab89721a1c9e7d/screenshot - {}
RESULT: {}
COMMAND: POST /session/8b9d24fb39cbfc9e79ab89721a1c9e7d/element - {"using":"xpath","value":"//bdi[contains(text(), \"Select\")]"}
RESULT: {"using":"xpath","value":"//bdi[contains(text(), \"Select\")]"}
COMMAND: POST /session/8b9d24fb39cbfc9e79ab89721a1c9e7d/element/f.7652131D378371FA98FE7F43E0E28151.d.B50CEF52A156886C851D3BF46B31C4C1.e.31604/click - {}
RESULT: {}
COMMAND: GET /session/8b9d24fb39cbfc9e79ab89721a1c9e7d/screenshot - {}
RESULT: {}
COMMAND: POST /session/8b9d24fb39cbfc9e79ab89721a1c9e7d/element - {"using":"xpath","value":"//button[@data-kt=\"AddNewHOSaveButton\"]"}
RESULT: {"using":"xpath","value":"//button[@data-kt=\"AddNewHOSaveButton\"]"}
COMMAND: POST /session/8b9d24fb39cbfc9e79ab89721a1c9e7d/element/f.7652131D378371FA98FE7F43E0E28151.d.B50CEF52A156886C851D3BF46B31C4C1.e.31608/click - {}
RESULT: {}
COMMAND: GET /session/8b9d24fb39cbfc9e79ab89721a1c9e7d/screenshot - {}
RESULT: {}
RESULT: undefined
COMMAND: POST /session/8b9d24fb39cbfc9e79ab89721a1c9e7d/execute/async - {"script":"<script> [6424 bytes]","args":[{"element-6066-11e4-a52e-4f735466cecf":"f.7652131D378371FA98FE7F43E0E28151.d.B50CEF52A156886C851D3BF46B31C4C1.e.30774"},"setValue",["6/13/25"]]}
COMMAND: POST /session/8b9d24fb39cbfc9e79ab89721a1c9e7d/execute/async - {"script":"<script> [1562 bytes]","args":[{"selector":{"id":"receiptDatePicker","viewName":"etm.portal.ui.managehandovers.view.DetailExecuteHO","interaction":{"idSuffix":"inner"}},"wdio_ui5_key":"receiptDatePickeretmportal.ui.managehandovers.view.DetailExecuteHO"}]}
RESULT: {"script":"<script> [1562 bytes]","args":[{"selector":{"id":"receiptDatePicker","viewName":"etm.portal.ui.managehandovers.view.DetailExecuteHO","interaction":{"idSuffix":"inner"}},"wdio_ui5_key":"receiptDatePickeretmportal.ui.managehandovers.view.DetailExecuteHO"}]}
COMMAND: POST /session/8b9d24fb39cbfc9e79ab89721a1c9e7d/execute/async - {"script":"<script> [6424 bytes]","args":[{"element-6066-11e4-a52e-4f735466cecf":"f.7652131D378371FA98FE7F43E0E28151.d.B50CEF52A156886C851D3BF46B31C4C1.e.31637"},"setValue",["6/13/25"]]}
RESULT: {"script":"<script> [6424 bytes]","args":[{"element-6066-11e4-a52e-4f735466cecf":"f.7652131D378371FA98FE7F43E0E28151.d.B50CEF52A156886C851D3BF46B31C4C1.e.31637"},"setValue",["6/13/25"]]}
COMMAND: POST /session/8b9d24fb39cbfc9e79ab89721a1c9e7d/element - {"using":"xpath","value":"//button[@data-kt=\"ReceivingTableConfirmAllButton\"]"}
RESULT: {"using":"xpath","value":"//button[@data-kt=\"ReceivingTableConfirmAllButton\"]"}
COMMAND: POST /session/8b9d24fb39cbfc9e79ab89721a1c9e7d/element/f.7652131D378371FA98FE7F43E0E28151.d.B50CEF52A156886C851D3BF46B31C4C1.e.31650/click - {}
RESULT: {}
COMMAND: GET /session/8b9d24fb39cbfc9e79ab89721a1c9e7d/screenshot - {}
RESULT: {}
COMMAND: POST /session/8b9d24fb39cbfc9e79ab89721a1c9e7d/element - {"using":"xpath","value":"//bdi[contains(text(), \"OK\")]"}
RESULT: {"using":"xpath","value":"//bdi[contains(text(), \"OK\")]"}
COMMAND: POST /session/8b9d24fb39cbfc9e79ab89721a1c9e7d/element/f.7652131D378371FA98FE7F43E0E28151.d.B50CEF52A156886C851D3BF46B31C4C1.e.31653/click - {}
RESULT: {}
COMMAND: GET /session/8b9d24fb39cbfc9e79ab89721a1c9e7d/screenshot - {}
RESULT: {}
COMMAND: POST /session/8b9d24fb39cbfc9e79ab89721a1c9e7d/element - {"using":"xpath","value":"(//bdi[contains(text(), \"Receive\")])[2]"}
RESULT: {"using":"xpath","value":"(//bdi[contains(text(), \"Receive\")])[2]"}
COMMAND: POST /session/8b9d24fb39cbfc9e79ab89721a1c9e7d/element/f.7652131D378371FA98FE7F43E0E28151.d.B50CEF52A156886C851D3BF46B31C4C1.e.31654/click - {}
RESULT: {}
COMMAND: GET /session/8b9d24fb39cbfc9e79ab89721a1c9e7d/screenshot - {}
RESULT: {}
COMMAND: POST /session/8b9d24fb39cbfc9e79ab89721a1c9e7d/element - {"using":"css selector","value":"#shell-header-logo"}
RESULT: {"using":"css selector","value":"#shell-header-logo"}
COMMAND: POST /session/8b9d24fb39cbfc9e79ab89721a1c9e7d/element/f.7652131D378371FA98FE7F43E0E28151.d.B50CEF52A156886C851D3BF46B31C4C1.e.30968/click - {}
RESULT: {}
COMMAND: GET /session/8b9d24fb39cbfc9e79ab89721a1c9e7d/screenshot - {}
RESULT: {}
]]></system-out>
    </testcase>
    <testcase classname="chrome.137_0_7151_69.windows.Transfer_Yard_to_Yard_US131076" name="Should create a yard to yard transfer handover" time="131.352">
      <system-out><![CDATA[
RESULT: undefined
COMMAND: POST /session/8b9d24fb39cbfc9e79ab89721a1c9e7d/element - {"using":"xpath","value":"//*[@id=\"__tile132\"]"}
RESULT: {"using":"xpath","value":"//*[@id=\"__tile132\"]"}
COMMAND: POST /session/8b9d24fb39cbfc9e79ab89721a1c9e7d/element/f.7652131D378371FA98FE7F43E0E28151.d.B50CEF52A156886C851D3BF46B31C4C1.e.27960/click - {}
RESULT: {}
COMMAND: GET /session/8b9d24fb39cbfc9e79ab89721a1c9e7d/screenshot - {}
RESULT: {}
COMMAND: POST /session/8b9d24fb39cbfc9e79ab89721a1c9e7d/elements - {"using":"xpath","value":"//span[text()='Error']"}
RESULT: {"using":"xpath","value":"//span[text()='Error']"}
COMMAND: POST /session/8b9d24fb39cbfc9e79ab89721a1c9e7d/element - {"using":"xpath","value":"//button[@data-kt=\"masterHOAddButton\"]"}
RESULT: {"using":"xpath","value":"//button[@data-kt=\"masterHOAddButton\"]"}
COMMAND: POST /session/8b9d24fb39cbfc9e79ab89721a1c9e7d/elements - {"using":"xpath","value":"//button[@data-kt=\"masterHOAddButton\"]"}
RESULT: {"using":"xpath","value":"//button[@data-kt=\"masterHOAddButton\"]"}
COMMAND: POST /session/8b9d24fb39cbfc9e79ab89721a1c9e7d/execute/sync - {"script":"<script> [8489 bytes]","args":[{"element-6066-11e4-a52e-4f735466cecf":"f.7652131D378371FA98FE7F43E0E28151.d.B50CEF52A156886C851D3BF46B31C4C1.e.31979","ELEMENT":"f.7652131D378371FA98FE7F43E0E28151.d.B50CEF52A156886C851D3BF46B31C4C1.e.31979"}]}
RESULT: {"script":"<script> [8489 bytes]","args":[{"element-6066-11e4-a52e-4f735466cecf":"f.7652131D378371FA98FE7F43E0E28151.d.B50CEF52A156886C851D3BF46B31C4C1.e.31979","ELEMENT":"f.7652131D378371FA98FE7F43E0E28151.d.B50CEF52A156886C851D3BF46B31C4C1.e.31979"}]}
COMMAND: GET /session/8b9d24fb39cbfc9e79ab89721a1c9e7d/element/f.7652131D378371FA98FE7F43E0E28151.d.B50CEF52A156886C851D3BF46B31C4C1.e.31979/enabled - {}
COMMAND: GET /session/8b9d24fb39cbfc9e79ab89721a1c9e7d/screenshot - {}
RESULT: {}
COMMAND: POST /session/8b9d24fb39cbfc9e79ab89721a1c9e7d/execute/sync - {"script":"<script> [8489 bytes]","args":[{"element-6066-11e4-a52e-4f735466cecf":"f.7652131D378371FA98FE7F43E0E28151.d.B50CEF52A156886C851D3BF46B31C4C1.e.31979","ELEMENT":"f.7652131D378371FA98FE7F43E0E28151.d.B50CEF52A156886C851D3BF46B31C4C1.e.31979"}]}
COMMAND: GET /session/8b9d24fb39cbfc9e79ab89721a1c9e7d/screenshot - {}
RESULT: {}
RESULT: {"script":"<script> [8489 bytes]","args":[{"element-6066-11e4-a52e-4f735466cecf":"f.7652131D378371FA98FE7F43E0E28151.d.B50CEF52A156886C851D3BF46B31C4C1.e.31979","ELEMENT":"f.7652131D378371FA98FE7F43E0E28151.d.B50CEF52A156886C851D3BF46B31C4C1.e.31979"}]}
COMMAND: POST /session/8b9d24fb39cbfc9e79ab89721a1c9e7d/execute/sync - {"script":"<script> [5351 bytes]","args":[{"element-6066-11e4-a52e-4f735466cecf":"f.7652131D378371FA98FE7F43E0E28151.d.B50CEF52A156886C851D3BF46B31C4C1.e.31979","ELEMENT":"f.7652131D378371FA98FE7F43E0E28151.d.B50CEF52A156886C851D3BF46B31C4C1.e.31979"}]}
COMMAND: GET /session/8b9d24fb39cbfc9e79ab89721a1c9e7d/screenshot - {}
RESULT: {}
RESULT: {"script":"<script> [5351 bytes]","args":[{"element-6066-11e4-a52e-4f735466cecf":"f.7652131D378371FA98FE7F43E0E28151.d.B50CEF52A156886C851D3BF46B31C4C1.e.31979","ELEMENT":"f.7652131D378371FA98FE7F43E0E28151.d.B50CEF52A156886C851D3BF46B31C4C1.e.31979"}]}
COMMAND: POST /session/8b9d24fb39cbfc9e79ab89721a1c9e7d/element/f.7652131D378371FA98FE7F43E0E28151.d.B50CEF52A156886C851D3BF46B31C4C1.e.31979/click - {}
COMMAND: GET /session/8b9d24fb39cbfc9e79ab89721a1c9e7d/screenshot - {}
RESULT: {}
RESULT: {}
COMMAND: GET /session/8b9d24fb39cbfc9e79ab89721a1c9e7d/screenshot - {}
RESULT: {}
COMMAND: POST /session/8b9d24fb39cbfc9e79ab89721a1c9e7d/element - {"using":"xpath","value":"//span[contains(@id ,\"AddNewHO--typeSelect-arrow\")]"}
RESULT: {}
RESULT: {"using":"xpath","value":"//span[contains(@id ,\"AddNewHO--typeSelect-arrow\")]"}
COMMAND: POST /session/8b9d24fb39cbfc9e79ab89721a1c9e7d/element/f.7652131D378371FA98FE7F43E0E28151.d.B50CEF52A156886C851D3BF46B31C4C1.e.32386/click - {}
RESULT: {}
COMMAND: GET /session/8b9d24fb39cbfc9e79ab89721a1c9e7d/screenshot - {}
RESULT: {}
COMMAND: POST /session/8b9d24fb39cbfc9e79ab89721a1c9e7d/element - {"using":"xpath","value":"(//li[contains(text(), \"transfer\")])[1]"}
RESULT: {"using":"xpath","value":"(//li[contains(text(), \"transfer\")])[1]"}
COMMAND: POST /session/8b9d24fb39cbfc9e79ab89721a1c9e7d/element/f.7652131D378371FA98FE7F43E0E28151.d.B50CEF52A156886C851D3BF46B31C4C1.e.32387/click - {}
RESULT: {}
COMMAND: GET /session/8b9d24fb39cbfc9e79ab89721a1c9e7d/screenshot - {}
RESULT: {}
RESULT: undefined
COMMAND: POST /session/8b9d24fb39cbfc9e79ab89721a1c9e7d/execute/async - {"script":"<script> [6424 bytes]","args":[{"element-6066-11e4-a52e-4f735466cecf":"f.7652131D378371FA98FE7F43E0E28151.d.B50CEF52A156886C851D3BF46B31C4C1.e.30561"},"setValue",["06/13/25"]]}
COMMAND: POST /session/8b9d24fb39cbfc9e79ab89721a1c9e7d/execute/async - {"script":"<script> [1562 bytes]","args":[{"selector":{"id":"application-managehandovers-display-component---AddNewHO--dueDate","interaction":{"idSuffix":"inner"}},"wdio_ui5_key":"applicationmanagehandovers-display-component---AddNewHO--dueDate"}]}
RESULT: {"script":"<script> [1562 bytes]","args":[{"selector":{"id":"application-managehandovers-display-component---AddNewHO--dueDate","interaction":{"idSuffix":"inner"}},"wdio_ui5_key":"applicationmanagehandovers-display-component---AddNewHO--dueDate"}]}
COMMAND: POST /session/8b9d24fb39cbfc9e79ab89721a1c9e7d/execute/async - {"script":"<script> [6424 bytes]","args":[{"element-6066-11e4-a52e-4f735466cecf":"f.7652131D378371FA98FE7F43E0E28151.d.B50CEF52A156886C851D3BF46B31C4C1.e.32391"},"setValue",["06/13/25"]]}
RESULT: {"script":"<script> [6424 bytes]","args":[{"element-6066-11e4-a52e-4f735466cecf":"f.7652131D378371FA98FE7F43E0E28151.d.B50CEF52A156886C851D3BF46B31C4C1.e.32391"},"setValue",["06/13/25"]]}
COMMAND: POST /session/8b9d24fb39cbfc9e79ab89721a1c9e7d/element - {"using":"xpath","value":"//input[@id=\"generalSectionFrg--sendYard-inner\"]"}
RESULT: {"using":"xpath","value":"//input[@id=\"generalSectionFrg--sendYard-inner\"]"}
COMMAND: POST /session/8b9d24fb39cbfc9e79ab89721a1c9e7d/element/f.7652131D378371FA98FE7F43E0E28151.d.B50CEF52A156886C851D3BF46B31C4C1.e.32397/clear - {}
RESULT: {}
COMMAND: POST /session/8b9d24fb39cbfc9e79ab89721a1c9e7d/element/f.7652131D378371FA98FE7F43E0E28151.d.B50CEF52A156886C851D3BF46B31C4C1.e.32397/value - {"text":"242"}
COMMAND: GET /session/8b9d24fb39cbfc9e79ab89721a1c9e7d/screenshot - {}
RESULT: {"text":"242"}
COMMAND: GET /session/8b9d24fb39cbfc9e79ab89721a1c9e7d/screenshot - {}
RESULT: {}
RESULT: {}
COMMAND: POST /session/8b9d24fb39cbfc9e79ab89721a1c9e7d/element - {"using":"xpath","value":"//li[.//span[text()='242']]"}
RESULT: {"using":"xpath","value":"//li[.//span[text()='242']]"}
COMMAND: POST /session/8b9d24fb39cbfc9e79ab89721a1c9e7d/element/f.7652131D378371FA98FE7F43E0E28151.d.B50CEF52A156886C851D3BF46B31C4C1.e.32413/click - {}
RESULT: {}
COMMAND: GET /session/8b9d24fb39cbfc9e79ab89721a1c9e7d/screenshot - {}
RESULT: {}
COMMAND: POST /session/8b9d24fb39cbfc9e79ab89721a1c9e7d/element - {"using":"xpath","value":"//input[@id=\"generalSectionFrg--receiveYard-inner\"]"}
RESULT: {"using":"xpath","value":"//input[@id=\"generalSectionFrg--receiveYard-inner\"]"}
COMMAND: POST /session/8b9d24fb39cbfc9e79ab89721a1c9e7d/element/f.7652131D378371FA98FE7F43E0E28151.d.B50CEF52A156886C851D3BF46B31C4C1.e.32398/clear - {}
RESULT: {}
COMMAND: POST /session/8b9d24fb39cbfc9e79ab89721a1c9e7d/element/f.7652131D378371FA98FE7F43E0E28151.d.B50CEF52A156886C851D3BF46B31C4C1.e.32398/value - {"text":"248"}
COMMAND: GET /session/8b9d24fb39cbfc9e79ab89721a1c9e7d/screenshot - {}
RESULT: {"text":"248"}
COMMAND: GET /session/8b9d24fb39cbfc9e79ab89721a1c9e7d/screenshot - {}
RESULT: {}
RESULT: {}
COMMAND: POST /session/8b9d24fb39cbfc9e79ab89721a1c9e7d/element - {"using":"xpath","value":"//li[.//span[text()='248']]"}
RESULT: {"using":"xpath","value":"//li[.//span[text()='248']]"}
COMMAND: POST /session/8b9d24fb39cbfc9e79ab89721a1c9e7d/element/f.7652131D378371FA98FE7F43E0E28151.d.B50CEF52A156886C851D3BF46B31C4C1.e.32415/click - {}
RESULT: {}
COMMAND: GET /session/8b9d24fb39cbfc9e79ab89721a1c9e7d/screenshot - {}
RESULT: {}
RESULT: undefined
COMMAND: POST /session/8b9d24fb39cbfc9e79ab89721a1c9e7d/element - {"using":"xpath","value":"//*[@id=\"application-managehandovers-display-component---AddNewHO--ObjectPageLayout-anchBar-application-managehandovers-display-component---AddNewHO--section4-anchor\"]"}
RESULT: {"using":"xpath","value":"//*[@id=\"application-managehandovers-display-component---AddNewHO--ObjectPageLayout-anchBar-application-managehandovers-display-component---AddNewHO--section4-anchor\"]"}
COMMAND: POST /session/8b9d24fb39cbfc9e79ab89721a1c9e7d/element/f.7652131D378371FA98FE7F43E0E28151.d.B50CEF52A156886C851D3BF46B31C4C1.e.32416/click - {}
RESULT: {}
COMMAND: GET /session/8b9d24fb39cbfc9e79ab89721a1c9e7d/screenshot - {}
RESULT: {}
COMMAND: POST /session/8b9d24fb39cbfc9e79ab89721a1c9e7d/element - {"using":"xpath","value":"//button[@data-kt=\"AddNewHOProvideAddItemsButton\"]"}
RESULT: {"using":"xpath","value":"//button[@data-kt=\"AddNewHOProvideAddItemsButton\"]"}
COMMAND: POST /session/8b9d24fb39cbfc9e79ab89721a1c9e7d/element/f.7652131D378371FA98FE7F43E0E28151.d.B50CEF52A156886C851D3BF46B31C4C1.e.32420/click - {}
RESULT: {}
COMMAND: GET /session/8b9d24fb39cbfc9e79ab89721a1c9e7d/screenshot - {}
RESULT: {}
COMMAND: POST /session/8b9d24fb39cbfc9e79ab89721a1c9e7d/element - {"using":"xpath","value":"//div[contains(@id,\"AddNewHO--TransferHOTypesRuDialogTable-sa-CbBg\")]"}
RESULT: {"using":"xpath","value":"//div[contains(@id,\"AddNewHO--TransferHOTypesRuDialogTable-sa-CbBg\")]"}
COMMAND: POST /session/8b9d24fb39cbfc9e79ab89721a1c9e7d/element/f.7652131D378371FA98FE7F43E0E28151.d.B50CEF52A156886C851D3BF46B31C4C1.e.32445/click - {}
RESULT: {}
COMMAND: GET /session/8b9d24fb39cbfc9e79ab89721a1c9e7d/screenshot - {}
RESULT: {}
COMMAND: POST /session/8b9d24fb39cbfc9e79ab89721a1c9e7d/element - {"using":"xpath","value":"//table[contains(@id,\"AddNewHO--TransferHOTypesRuDialogTable-listUl\")]/tbody/tr[1]/td[6]/div/div/input"}
RESULT: {"using":"xpath","value":"//table[contains(@id,\"AddNewHO--TransferHOTypesRuDialogTable-listUl\")]/tbody/tr[1]/td[6]/div/div/input"}
COMMAND: POST /session/8b9d24fb39cbfc9e79ab89721a1c9e7d/elements - {"using":"xpath","value":"//table[contains(@id,\"AddNewHO--TransferHOTypesRuDialogTable-listUl\")]/tbody/tr[1]/td[6]/div/div/input"}
RESULT: {"using":"xpath","value":"//table[contains(@id,\"AddNewHO--TransferHOTypesRuDialogTable-listUl\")]/tbody/tr[1]/td[6]/div/div/input"}
COMMAND: GET /session/8b9d24fb39cbfc9e79ab89721a1c9e7d/element/f.7652131D378371FA98FE7F43E0E28151.d.B50CEF52A156886C851D3BF46B31C4C1.e.32442/attribute/readonly - {}
RESULT: {}
COMMAND: POST /session/8b9d24fb39cbfc9e79ab89721a1c9e7d/element - {"using":"xpath","value":"//table[contains(@id,\"AddNewHO--TransferHOTypesRuDialogTable-listUl\")]/tbody/tr[1]/td[6]/div/div/input"}
RESULT: {"using":"xpath","value":"//table[contains(@id,\"AddNewHO--TransferHOTypesRuDialogTable-listUl\")]/tbody/tr[1]/td[6]/div/div/input"}
COMMAND: POST /session/8b9d24fb39cbfc9e79ab89721a1c9e7d/element/f.7652131D378371FA98FE7F43E0E28151.d.B50CEF52A156886C851D3BF46B31C4C1.e.32442/clear - {}
RESULT: {}
COMMAND: POST /session/8b9d24fb39cbfc9e79ab89721a1c9e7d/element/f.7652131D378371FA98FE7F43E0E28151.d.B50CEF52A156886C851D3BF46B31C4C1.e.32442/value - {"text":"1"}
COMMAND: GET /session/8b9d24fb39cbfc9e79ab89721a1c9e7d/screenshot - {}
RESULT: {"text":"1"}
COMMAND: GET /session/8b9d24fb39cbfc9e79ab89721a1c9e7d/screenshot - {}
RESULT: {}
RESULT: {}
COMMAND: POST /session/8b9d24fb39cbfc9e79ab89721a1c9e7d/element - {"using":"xpath","value":"//bdi[contains(text(), \"OK\")]"}
RESULT: {"using":"xpath","value":"//bdi[contains(text(), \"OK\")]"}
COMMAND: POST /session/8b9d24fb39cbfc9e79ab89721a1c9e7d/element/f.7652131D378371FA98FE7F43E0E28151.d.B50CEF52A156886C851D3BF46B31C4C1.e.32449/click - {}
RESULT: {}
COMMAND: GET /session/8b9d24fb39cbfc9e79ab89721a1c9e7d/screenshot - {}
RESULT: {}
COMMAND: POST /session/8b9d24fb39cbfc9e79ab89721a1c9e7d/execute/async - {"script":"<script> [1562 bytes]","args":[{"selector":{"id":"application-managehandovers-display-component---AddNewHO--confirmCreationButton","interaction":{"idSuffix":"BDI-content"}},"wdio_ui5_key":"applicationmanagehandovers-display-component---AddNewHO--confirmCreationButton"}]}
RESULT: {"script":"<script> [1562 bytes]","args":[{"selector":{"id":"application-managehandovers-display-component---AddNewHO--confirmCreationButton","interaction":{"idSuffix":"BDI-content"}},"wdio_ui5_key":"applicationmanagehandovers-display-component---AddNewHO--confirmCreationButton"}]}
RESULT: undefined
COMMAND: POST /session/8b9d24fb39cbfc9e79ab89721a1c9e7d/element - {"using":"xpath","value":"//*[@id=\"application-managehandovers-display-component---AddNewHO--confirmCreationButton\"]"}
RESULT: {"using":"xpath","value":"//*[@id=\"application-managehandovers-display-component---AddNewHO--confirmCreationButton\"]"}
COMMAND: POST /session/8b9d24fb39cbfc9e79ab89721a1c9e7d/element/f.7652131D378371FA98FE7F43E0E28151.d.B50CEF52A156886C851D3BF46B31C4C1.e.32465/click - {}
RESULT: {}
COMMAND: GET /session/8b9d24fb39cbfc9e79ab89721a1c9e7d/screenshot - {}
RESULT: {}
COMMAND: POST /session/8b9d24fb39cbfc9e79ab89721a1c9e7d/element - {"using":"xpath","value":"(//section[contains(@id,\"headerContentForm--FC-NoHead\")])[2]/div[1]/div[5]/div[2]/div/span"}
RESULT: {"using":"xpath","value":"(//section[contains(@id,\"headerContentForm--FC-NoHead\")])[2]/div[1]/div[5]/div[2]/div/span"}
COMMAND: POST /session/8b9d24fb39cbfc9e79ab89721a1c9e7d/execute/sync - {"script":"<script> [56 bytes]","args":[{"element-6066-11e4-a52e-4f735466cecf":"f.7652131D378371FA98FE7F43E0E28151.d.B50CEF52A156886C851D3BF46B31C4C1.e.32531","ELEMENT":"f.7652131D378371FA98FE7F43E0E28151.d.B50CEF52A156886C851D3BF46B31C4C1.e.32531"}]}
RESULT: {"script":"<script> [56 bytes]","args":[{"element-6066-11e4-a52e-4f735466cecf":"f.7652131D378371FA98FE7F43E0E28151.d.B50CEF52A156886C851D3BF46B31C4C1.e.32531","ELEMENT":"f.7652131D378371FA98FE7F43E0E28151.d.B50CEF52A156886C851D3BF46B31C4C1.e.32531"}]}
COMMAND: POST /session/8b9d24fb39cbfc9e79ab89721a1c9e7d/execute/async - {"script":"<script> [1562 bytes]","args":[{"selector":{"id":"issueDatePicker","viewName":"etm.portal.ui.managehandovers.view.DetailExecuteHO","interaction":{"idSuffix":"inner"}},"wdio_ui5_key":"issueDatePickeretmportal.ui.managehandovers.view.DetailExecuteHO"}]}
COMMAND: GET /session/8b9d24fb39cbfc9e79ab89721a1c9e7d/screenshot - {}
RESULT: {"script":"<script> [1562 bytes]","args":[{"selector":{"id":"issueDatePicker","viewName":"etm.portal.ui.managehandovers.view.DetailExecuteHO","interaction":{"idSuffix":"inner"}},"wdio_ui5_key":"issueDatePickeretmportal.ui.managehandovers.view.DetailExecuteHO"}]}
RESULT: undefined
COMMAND: POST /session/8b9d24fb39cbfc9e79ab89721a1c9e7d/execute/async - {"script":"<script> [776 bytes]","args":[{"enterText":"6/14/25","selector":{"id":"issueDatePicker","viewName":"etm.portal.ui.managehandovers.view.DetailExecuteHO","interaction":{"idSuffix":"inner"}},"clearTextFirst":true,"interactionType":"ENTER_TEXT"}]}
RESULT: {}
RESULT: {"script":"<script> [776 bytes]","args":[{"enterText":"6/14/25","selector":{"id":"issueDatePicker","viewName":"etm.portal.ui.managehandovers.view.DetailExecuteHO","interaction":{"idSuffix":"inner"}},"clearTextFirst":true,"interactionType":"ENTER_TEXT"}]}
COMMAND: POST /session/8b9d24fb39cbfc9e79ab89721a1c9e7d/element - {"using":"xpath","value":"//bdi[contains(text(), \"OK\")]"}
RESULT: {"using":"xpath","value":"//bdi[contains(text(), \"OK\")]"}
COMMAND: POST /session/8b9d24fb39cbfc9e79ab89721a1c9e7d/element/f.7652131D378371FA98FE7F43E0E28151.d.B50CEF52A156886C851D3BF46B31C4C1.e.32536/click - {}
RESULT: {}
COMMAND: GET /session/8b9d24fb39cbfc9e79ab89721a1c9e7d/screenshot - {}
RESULT: {}
COMMAND: POST /session/8b9d24fb39cbfc9e79ab89721a1c9e7d/execute/async - {"script":"<script> [1562 bytes]","args":[{"selector":{"controlType":"sap.m.Button","viewName":"etm.portal.ui.managehandovers.view.DetailExecuteHO","i18NText":{"propertyName":"text","key":"pickQty"},"interaction":{"idSuffix":"content"}},"wdio_ui5_key":"etmportal.ui.managehandovers.view.DetailExecuteHOsap.m.Button{\"propertyName\":\"text\",\"key\":\"pickQty\"}"}]}
RESULT: {"script":"<script> [1562 bytes]","args":[{"selector":{"controlType":"sap.m.Button","viewName":"etm.portal.ui.managehandovers.view.DetailExecuteHO","i18NText":{"propertyName":"text","key":"pickQty"},"interaction":{"idSuffix":"content"}},"wdio_ui5_key":"etmportal.ui.managehandovers.view.DetailExecuteHOsap.m.Button{\"propertyName\":\"text\",\"key\":\"pickQty\"}"}]}
RESULT: undefined
COMMAND: POST /session/8b9d24fb39cbfc9e79ab89721a1c9e7d/element - {"using":"xpath","value":"//*[@id=\"__button437\"]"}
RESULT: {"using":"xpath","value":"//*[@id=\"__button437\"]"}
COMMAND: POST /session/8b9d24fb39cbfc9e79ab89721a1c9e7d/element/f.7652131D378371FA98FE7F43E0E28151.d.B50CEF52A156886C851D3BF46B31C4C1.e.32543/click - {}
RESULT: {}
COMMAND: GET /session/8b9d24fb39cbfc9e79ab89721a1c9e7d/screenshot - {}
RESULT: {}
COMMAND: POST /session/8b9d24fb39cbfc9e79ab89721a1c9e7d/execute/async - {"script":"<script> [1562 bytes]","args":[{"selector":{"controlType":"sap.m.NumericInput","viewName":"etm.portal.ui.managehandovers.view.DetailExecuteHO","properties":{"value":"0"},"searchOpenDialogs":true,"interaction":{"idSuffix":"inner"}},"wdio_ui5_key":"etmportal.ui.managehandovers.view.DetailExecuteHOsap.m.NumericInput{\"value\":\"0\"}"}]}
RESULT: {"script":"<script> [1562 bytes]","args":[{"selector":{"controlType":"sap.m.NumericInput","viewName":"etm.portal.ui.managehandovers.view.DetailExecuteHO","properties":{"value":"0"},"searchOpenDialogs":true,"interaction":{"idSuffix":"inner"}},"wdio_ui5_key":"etmportal.ui.managehandovers.view.DetailExecuteHOsap.m.NumericInput{\"value\":\"0\"}"}]}
RESULT: undefined
COMMAND: POST /session/8b9d24fb39cbfc9e79ab89721a1c9e7d/execute/async - {"script":"<script> [1562 bytes]","args":[{"selector":{"id":"statesDialog--okBttnStatesDialog","searchOpenDialogs":true,"interaction":{"idSuffix":"BDI-content"}},"wdio_ui5_key":"statesDialogokBttnStatesDialog"}]}
RESULT: {"script":"<script> [1562 bytes]","args":[{"selector":{"id":"statesDialog--okBttnStatesDialog","searchOpenDialogs":true,"interaction":{"idSuffix":"BDI-content"}},"wdio_ui5_key":"statesDialogokBttnStatesDialog"}]}
RESULT: undefined
COMMAND: POST /session/8b9d24fb39cbfc9e79ab89721a1c9e7d/element - {"using":"xpath","value":"//*[@id=\"statesDialog--okBttnStatesDialog\"]"}
RESULT: {"using":"xpath","value":"//*[@id=\"statesDialog--okBttnStatesDialog\"]"}
COMMAND: POST /session/8b9d24fb39cbfc9e79ab89721a1c9e7d/element/f.7652131D378371FA98FE7F43E0E28151.d.B50CEF52A156886C851D3BF46B31C4C1.e.32550/click - {}
RESULT: {}
COMMAND: GET /session/8b9d24fb39cbfc9e79ab89721a1c9e7d/screenshot - {}
RESULT: {}
COMMAND: POST /session/8b9d24fb39cbfc9e79ab89721a1c9e7d/element - {"using":"xpath","value":"//button[@data-kt=\"PickingTableConfirmAllButton\"]"}
RESULT: {"using":"xpath","value":"//button[@data-kt=\"PickingTableConfirmAllButton\"]"}
COMMAND: POST /session/8b9d24fb39cbfc9e79ab89721a1c9e7d/element/f.7652131D378371FA98FE7F43E0E28151.d.B50CEF52A156886C851D3BF46B31C4C1.e.32556/click - {}
RESULT: {}
COMMAND: GET /session/8b9d24fb39cbfc9e79ab89721a1c9e7d/screenshot - {}
RESULT: {}
COMMAND: POST /session/8b9d24fb39cbfc9e79ab89721a1c9e7d/element - {"using":"xpath","value":"//bdi[contains(text(), \"OK\")]"}
RESULT: {"using":"xpath","value":"//bdi[contains(text(), \"OK\")]"}
COMMAND: POST /session/8b9d24fb39cbfc9e79ab89721a1c9e7d/element/f.7652131D378371FA98FE7F43E0E28151.d.B50CEF52A156886C851D3BF46B31C4C1.e.32559/click - {}
RESULT: {}
COMMAND: GET /session/8b9d24fb39cbfc9e79ab89721a1c9e7d/screenshot - {}
RESULT: {}
COMMAND: POST /session/8b9d24fb39cbfc9e79ab89721a1c9e7d/element - {"using":"xpath","value":"//header[contains(@id,\"headerTitle\") and @aria-roledescription=\"Object page header\"]/div[1]/div[2]/div[1]/span"}
RESULT: {"using":"xpath","value":"//header[contains(@id,\"headerTitle\") and @aria-roledescription=\"Object page header\"]/div[1]/div[2]/div[1]/span"}
COMMAND: POST /session/8b9d24fb39cbfc9e79ab89721a1c9e7d/elements - {"using":"xpath","value":"//header[contains(@id,\"headerTitle\") and @aria-roledescription=\"Object page header\"]/div[1]/div[2]/div[1]/span"}
RESULT: {"using":"xpath","value":"//header[contains(@id,\"headerTitle\") and @aria-roledescription=\"Object page header\"]/div[1]/div[2]/div[1]/span"}
COMMAND: POST /session/8b9d24fb39cbfc9e79ab89721a1c9e7d/execute/sync - {"script":"<script> [56 bytes]","args":[{"element-6066-11e4-a52e-4f735466cecf":"f.7652131D378371FA98FE7F43E0E28151.d.B50CEF52A156886C851D3BF46B31C4C1.e.32563","ELEMENT":"f.7652131D378371FA98FE7F43E0E28151.d.B50CEF52A156886C851D3BF46B31C4C1.e.32563"}]}
RESULT: {"script":"<script> [56 bytes]","args":[{"element-6066-11e4-a52e-4f735466cecf":"f.7652131D378371FA98FE7F43E0E28151.d.B50CEF52A156886C851D3BF46B31C4C1.e.32563","ELEMENT":"f.7652131D378371FA98FE7F43E0E28151.d.B50CEF52A156886C851D3BF46B31C4C1.e.32563"}]}
COMMAND: POST /session/8b9d24fb39cbfc9e79ab89721a1c9e7d/element - {"using":"xpath","value":"//bdi[contains(text(), \"Issue\")]"}
COMMAND: GET /session/8b9d24fb39cbfc9e79ab89721a1c9e7d/screenshot - {}
RESULT: {"using":"xpath","value":"//bdi[contains(text(), \"Issue\")]"}
COMMAND: POST /session/8b9d24fb39cbfc9e79ab89721a1c9e7d/element/f.7652131D378371FA98FE7F43E0E28151.d.B50CEF52A156886C851D3BF46B31C4C1.e.32564/click - {}
RESULT: {}
RESULT: {}
COMMAND: GET /session/8b9d24fb39cbfc9e79ab89721a1c9e7d/screenshot - {}
RESULT: {}
COMMAND: POST /session/8b9d24fb39cbfc9e79ab89721a1c9e7d/element - {"using":"xpath","value":"//input[contains(@id ,\"smartFilterBar-btnBasicSearch-I\")]"}
RESULT: {"using":"xpath","value":"//input[contains(@id ,\"smartFilterBar-btnBasicSearch-I\")]"}
COMMAND: POST /session/8b9d24fb39cbfc9e79ab89721a1c9e7d/elements - {"using":"xpath","value":"//input[contains(@id ,\"smartFilterBar-btnBasicSearch-I\")]"}
RESULT: {"using":"xpath","value":"//input[contains(@id ,\"smartFilterBar-btnBasicSearch-I\")]"}
COMMAND: POST /session/8b9d24fb39cbfc9e79ab89721a1c9e7d/execute/sync - {"script":"<script> [8489 bytes]","args":[{"element-6066-11e4-a52e-4f735466cecf":"f.7652131D378371FA98FE7F43E0E28151.d.B50CEF52A156886C851D3BF46B31C4C1.e.31928","ELEMENT":"f.7652131D378371FA98FE7F43E0E28151.d.B50CEF52A156886C851D3BF46B31C4C1.e.31928"}]}
RESULT: {"script":"<script> [8489 bytes]","args":[{"element-6066-11e4-a52e-4f735466cecf":"f.7652131D378371FA98FE7F43E0E28151.d.B50CEF52A156886C851D3BF46B31C4C1.e.31928","ELEMENT":"f.7652131D378371FA98FE7F43E0E28151.d.B50CEF52A156886C851D3BF46B31C4C1.e.31928"}]}
COMMAND: GET /session/8b9d24fb39cbfc9e79ab89721a1c9e7d/element/f.7652131D378371FA98FE7F43E0E28151.d.B50CEF52A156886C851D3BF46B31C4C1.e.31928/enabled - {}
COMMAND: GET /session/8b9d24fb39cbfc9e79ab89721a1c9e7d/screenshot - {}
RESULT: {}
COMMAND: POST /session/8b9d24fb39cbfc9e79ab89721a1c9e7d/element/f.7652131D378371FA98FE7F43E0E28151.d.B50CEF52A156886C851D3BF46B31C4C1.e.31928/clear - {}
COMMAND: GET /session/8b9d24fb39cbfc9e79ab89721a1c9e7d/screenshot - {}
RESULT: {}
RESULT: {}
COMMAND: POST /session/8b9d24fb39cbfc9e79ab89721a1c9e7d/element/f.7652131D378371FA98FE7F43E0E28151.d.B50CEF52A156886C851D3BF46B31C4C1.e.31928/value - {"text":"30394"}
COMMAND: GET /session/8b9d24fb39cbfc9e79ab89721a1c9e7d/screenshot - {}
RESULT: {}
RESULT: {"text":"30394"}
COMMAND: GET /session/8b9d24fb39cbfc9e79ab89721a1c9e7d/screenshot - {}
RESULT: {}
RESULT: {}
COMMAND: POST /session/8b9d24fb39cbfc9e79ab89721a1c9e7d/actions - {"actions":[{"id":"action96","type":"key","parameters":{},"actions":[{"type":"keyDown","value":""},{"type":"pause","duration":10},{"type":"keyUp","value":""}]}]}
RESULT: {"actions":[{"id":"action96","type":"key","parameters":{},"actions":[{"type":"keyDown","value":""},{"type":"pause","duration":10},{"type":"keyUp","value":""}]}]}
COMMAND: GET /session/8b9d24fb39cbfc9e79ab89721a1c9e7d/screenshot - {}
RESULT: {}
COMMAND: POST /session/8b9d24fb39cbfc9e79ab89721a1c9e7d/element - {"using":"xpath","value":"//span[contains(@id, \"smartTable-header-inner\")]"}
RESULT: {"using":"xpath","value":"//span[contains(@id, \"smartTable-header-inner\")]"}
COMMAND: POST /session/8b9d24fb39cbfc9e79ab89721a1c9e7d/elements - {"using":"xpath","value":"//span[contains(@id, \"smartTable-header-inner\")]"}
RESULT: {"using":"xpath","value":"//span[contains(@id, \"smartTable-header-inner\")]"}
COMMAND: POST /session/8b9d24fb39cbfc9e79ab89721a1c9e7d/execute/sync - {"script":"<script> [56 bytes]","args":[{"element-6066-11e4-a52e-4f735466cecf":"f.7652131D378371FA98FE7F43E0E28151.d.B50CEF52A156886C851D3BF46B31C4C1.e.32755","ELEMENT":"f.7652131D378371FA98FE7F43E0E28151.d.B50CEF52A156886C851D3BF46B31C4C1.e.32755"}]}
RESULT: {"script":"<script> [56 bytes]","args":[{"element-6066-11e4-a52e-4f735466cecf":"f.7652131D378371FA98FE7F43E0E28151.d.B50CEF52A156886C851D3BF46B31C4C1.e.32755","ELEMENT":"f.7652131D378371FA98FE7F43E0E28151.d.B50CEF52A156886C851D3BF46B31C4C1.e.32755"}]}
COMMAND: POST /session/8b9d24fb39cbfc9e79ab89721a1c9e7d/element - {"using":"xpath","value":"(//span[contains(@id, \"imgNav\")])[1]"}
COMMAND: GET /session/8b9d24fb39cbfc9e79ab89721a1c9e7d/screenshot - {}
RESULT: {"using":"xpath","value":"(//span[contains(@id, \"imgNav\")])[1]"}
COMMAND: POST /session/8b9d24fb39cbfc9e79ab89721a1c9e7d/element/f.7652131D378371FA98FE7F43E0E28151.d.B50CEF52A156886C851D3BF46B31C4C1.e.32752/click - {}
RESULT: {}
RESULT: {}
COMMAND: GET /session/8b9d24fb39cbfc9e79ab89721a1c9e7d/screenshot - {}
RESULT: {}
COMMAND: POST /session/8b9d24fb39cbfc9e79ab89721a1c9e7d/execute/async - {"script":"<script> [1562 bytes]","args":[{"selector":{"controlType":"sap.m.ObjectStatus","viewName":"etm.portal.ui.managehandovers.view.DetailManageHO","viewId":"application-managehandovers-display-component---detailManageHO","bindingPath":{"propertyPath":"LINK_TO_STATUS/DESCRIPTION","modelName":"catalogModel"}},"wdio_ui5_key":"etmportal.ui.managehandovers.view.DetailManageHOsap.m.ObjectStatus{\"propertyPath\":\"LINK_TO_STATUS/DESCRIPTION\",\"modelName\":\"catalogModel\"}"}]}
RESULT: {"script":"<script> [1562 bytes]","args":[{"selector":{"controlType":"sap.m.ObjectStatus","viewName":"etm.portal.ui.managehandovers.view.DetailManageHO","viewId":"application-managehandovers-display-component---detailManageHO","bindingPath":{"propertyPath":"LINK_TO_STATUS/DESCRIPTION","modelName":"catalogModel"}},"wdio_ui5_key":"etmportal.ui.managehandovers.view.DetailManageHOsap.m.ObjectStatus{\"propertyPath\":\"LINK_TO_STATUS/DESCRIPTION\",\"modelName\":\"catalogModel\"}"}]}
RESULT: undefined
COMMAND: POST /session/8b9d24fb39cbfc9e79ab89721a1c9e7d/execute/async - {"script":"<script> [6424 bytes]","args":[{"element-6066-11e4-a52e-4f735466cecf":"f.7652131D378371FA98FE7F43E0E28151.d.B50CEF52A156886C851D3BF46B31C4C1.e.32813"},"getText",[]]}
RESULT: {"script":"<script> [6424 bytes]","args":[{"element-6066-11e4-a52e-4f735466cecf":"f.7652131D378371FA98FE7F43E0E28151.d.B50CEF52A156886C851D3BF46B31C4C1.e.32813"},"getText",[]]}
COMMAND: POST /session/8b9d24fb39cbfc9e79ab89721a1c9e7d/element - {"using":"xpath","value":"//header[contains(@id ,\"detailManageHO--ObjectPageLayout-headerTitle\")]/div[1]/div[2]/div[1]/div[1]/div[1]/div[2]/div/span"}
RESULT: {"using":"xpath","value":"//header[contains(@id ,\"detailManageHO--ObjectPageLayout-headerTitle\")]/div[1]/div[2]/div[1]/div[1]/div[1]/div[2]/div/span"}
COMMAND: POST /session/8b9d24fb39cbfc9e79ab89721a1c9e7d/execute/sync - {"script":"<script> [56 bytes]","args":[{"element-6066-11e4-a52e-4f735466cecf":"f.7652131D378371FA98FE7F43E0E28151.d.B50CEF52A156886C851D3BF46B31C4C1.e.32814","ELEMENT":"f.7652131D378371FA98FE7F43E0E28151.d.B50CEF52A156886C851D3BF46B31C4C1.e.32814"}]}
RESULT: {"script":"<script> [56 bytes]","args":[{"element-6066-11e4-a52e-4f735466cecf":"f.7652131D378371FA98FE7F43E0E28151.d.B50CEF52A156886C851D3BF46B31C4C1.e.32814","ELEMENT":"f.7652131D378371FA98FE7F43E0E28151.d.B50CEF52A156886C851D3BF46B31C4C1.e.32814"}]}
COMMAND: GET /session/8b9d24fb39cbfc9e79ab89721a1c9e7d/screenshot - {}
RESULT: {}
COMMAND: DELETE /session/8b9d24fb39cbfc9e79ab89721a1c9e7d - {}
RESULT: {}
]]></system-out>
    </testcase>
  </testsuite>
</testsuites>