<?xml version="1.0" encoding="UTF-8"?>
<testsuites tests="7" failures="3" errors="3" skipped="0">
  <testsuite timestamp="2025-06-01T15:23:05" time="755.678" tests="7" failures="3" errors="3" skipped="0">
    <properties>
      <property name="specId" value="0"/>
      <property name="suiteName" value="Related resources for groups US139107"/>
      <property name="capabilities" value="chrome.136_0_7103_93.windows"/>
      <property name="file" value="file:///D:/a/1/s/test/specs/R2C/related-resources-area-rpg.spec.js"/>
    </properties>
    <testcase classname="chrome.136_0_7103_93.windows.Related_resources_for_groups_US139107" name="Should create a new yard" time="134.241">
      <system-out><![CDATA[
COMMAND: POST /session/7668c2c3023bec11a4154fc7238a1576/execute/async - {"script":"<script> [1562 bytes]","args":[{"selector":{"controlType":"sap.m.GenericTile","properties":{"header":"Manage Yards"}},"wdio_ui5_key":"sapm.GenericTile{\"header\":\"Manage Yards\"}"}]}
RESULT: {"script":"<script> [1562 bytes]","args":[{"selector":{"controlType":"sap.m.GenericTile","properties":{"header":"Manage Yards"}},"wdio_ui5_key":"sapm.GenericTile{\"header\":\"Manage Yards\"}"}]}
RESULT: undefined
COMMAND: POST /session/7668c2c3023bec11a4154fc7238a1576/element - {"using":"xpath","value":"//*[@id=\"__tile41\"]"}
RESULT: {"using":"xpath","value":"//*[@id=\"__tile41\"]"}
COMMAND: POST /session/7668c2c3023bec11a4154fc7238a1576/element/f.37D6AA7C4787DF83AABC3389E6961F13.d.A17EFF9CCFAF361A4914B4F60CB7DA1C.e.128/click - {}
RESULT: {}
COMMAND: GET /session/7668c2c3023bec11a4154fc7238a1576/screenshot - {}
RESULT: {}
COMMAND: POST /session/7668c2c3023bec11a4154fc7238a1576/elements - {"using":"xpath","value":"//span[text()='Error']"}
RESULT: {"using":"xpath","value":"//span[text()='Error']"}
COMMAND: POST /session/7668c2c3023bec11a4154fc7238a1576/execute/async - {"script":"<script> [1562 bytes]","args":[{"selector":{"controlType":"sap.ui.core.Icon","viewName":"etm.portal.ui.manageyards.view.Master","viewId":"application-manageyards-display-component---masterYard","properties":{"src":{"regex":{"source":"add"}}}},"wdio_ui5_key":"etmportal.ui.manageyards.view.Mastersap.ui.core.Icon{\"src\":{\"regex\":{\"source\":\"add\"}}}"}]}
RESULT: {"script":"<script> [1562 bytes]","args":[{"selector":{"controlType":"sap.ui.core.Icon","viewName":"etm.portal.ui.manageyards.view.Master","viewId":"application-manageyards-display-component---masterYard","properties":{"src":{"regex":{"source":"add"}}}},"wdio_ui5_key":"etmportal.ui.manageyards.view.Mastersap.ui.core.Icon{\"src\":{\"regex\":{\"source\":\"add\"}}}"}]}
RESULT: undefined
COMMAND: POST /session/7668c2c3023bec11a4154fc7238a1576/element - {"using":"xpath","value":"//*[@id=\"__button4-img\"]"}
RESULT: {"using":"xpath","value":"//*[@id=\"__button4-img\"]"}
COMMAND: POST /session/7668c2c3023bec11a4154fc7238a1576/element/f.37D6AA7C4787DF83AABC3389E6961F13.d.A17EFF9CCFAF361A4914B4F60CB7DA1C.e.176/click - {}
RESULT: {}
COMMAND: GET /session/7668c2c3023bec11a4154fc7238a1576/screenshot - {}
RESULT: {}
COMMAND: POST /session/7668c2c3023bec11a4154fc7238a1576/execute/async - {"script":"<script> [1562 bytes]","args":[{"selector":{"id":"application-manageyards-display-component---NewYard--yardId","interaction":{"idSuffix":"inner"}},"wdio_ui5_key":"applicationmanageyards-display-component---NewYard--yardId"}]}
RESULT: {"script":"<script> [1562 bytes]","args":[{"selector":{"id":"application-manageyards-display-component---NewYard--yardId","interaction":{"idSuffix":"inner"}},"wdio_ui5_key":"applicationmanageyards-display-component---NewYard--yardId"}]}
RESULT: undefined
COMMAND: POST /session/7668c2c3023bec11a4154fc7238a1576/element - {"using":"xpath","value":"//*[@id=\"application-manageyards-display-component---NewYard--addressDetailDetailsName1-inner\"]"}
RESULT: {"using":"xpath","value":"//*[@id=\"application-manageyards-display-component---NewYard--addressDetailDetailsName1-inner\"]"}
COMMAND: POST /session/7668c2c3023bec11a4154fc7238a1576/element/f.37D6AA7C4787DF83AABC3389E6961F13.d.A17EFF9CCFAF361A4914B4F60CB7DA1C.e.388/clear - {}
RESULT: {}
COMMAND: POST /session/7668c2c3023bec11a4154fc7238a1576/element/f.37D6AA7C4787DF83AABC3389E6961F13.d.A17EFF9CCFAF361A4914B4F60CB7DA1C.e.388/value - {"text":"WebdriverYardpuswy"}
COMMAND: GET /session/7668c2c3023bec11a4154fc7238a1576/screenshot - {}
RESULT: {"text":"WebdriverYardpuswy"}
COMMAND: POST /session/7668c2c3023bec11a4154fc7238a1576/element - {"using":"xpath","value":"//*[@id=\"application-manageyards-display-component---NewYard--addressDetailDetailsLanguage-inner\"]"}
COMMAND: GET /session/7668c2c3023bec11a4154fc7238a1576/screenshot - {}
RESULT: {}
RESULT: {"using":"xpath","value":"//*[@id=\"application-manageyards-display-component---NewYard--addressDetailDetailsLanguage-inner\"]"}
COMMAND: POST /session/7668c2c3023bec11a4154fc7238a1576/element/f.37D6AA7C4787DF83AABC3389E6961F13.d.A17EFF9CCFAF361A4914B4F60CB7DA1C.e.389/clear - {}
RESULT: {}
RESULT: {}
COMMAND: POST /session/7668c2c3023bec11a4154fc7238a1576/element/f.37D6AA7C4787DF83AABC3389E6961F13.d.A17EFF9CCFAF361A4914B4F60CB7DA1C.e.389/value - {"text":"Romanian"}
COMMAND: GET /session/7668c2c3023bec11a4154fc7238a1576/screenshot - {}
RESULT: {"text":"Romanian"}
COMMAND: POST /session/7668c2c3023bec11a4154fc7238a1576/element - {"using":"xpath","value":"//input[contains(@id ,\"application-manageyards-display-component---NewYard--addressDetailDetailsName1-inner\")]"}
COMMAND: GET /session/7668c2c3023bec11a4154fc7238a1576/screenshot - {}
RESULT: {}
RESULT: {"using":"xpath","value":"//input[contains(@id ,\"application-manageyards-display-component---NewYard--addressDetailDetailsName1-inner\")]"}
COMMAND: GET /session/7668c2c3023bec11a4154fc7238a1576/element/f.37D6AA7C4787DF83AABC3389E6961F13.d.A17EFF9CCFAF361A4914B4F60CB7DA1C.e.388/property/value - {}
RESULT: {}
RESULT: {}
COMMAND: GET /session/7668c2c3023bec11a4154fc7238a1576/screenshot - {}
RESULT: {}
COMMAND: POST /session/7668c2c3023bec11a4154fc7238a1576/element - {"using":"xpath","value":"//*[@id=\"application-manageyards-display-component---NewYard--addressDetailDetailsCity1-inner\"]"}
RESULT: {"using":"xpath","value":"//*[@id=\"application-manageyards-display-component---NewYard--addressDetailDetailsCity1-inner\"]"}
COMMAND: POST /session/7668c2c3023bec11a4154fc7238a1576/element/f.37D6AA7C4787DF83AABC3389E6961F13.d.A17EFF9CCFAF361A4914B4F60CB7DA1C.e.391/clear - {}
RESULT: {}
COMMAND: POST /session/7668c2c3023bec11a4154fc7238a1576/element/f.37D6AA7C4787DF83AABC3389E6961F13.d.A17EFF9CCFAF361A4914B4F60CB7DA1C.e.391/value - {"text":"Bucuresti"}
COMMAND: GET /session/7668c2c3023bec11a4154fc7238a1576/screenshot - {}
RESULT: {"text":"Bucuresti"}
COMMAND: GET /session/7668c2c3023bec11a4154fc7238a1576/screenshot - {}
RESULT: {}
RESULT: {}
COMMAND: POST /session/7668c2c3023bec11a4154fc7238a1576/element - {"using":"xpath","value":"//*[@id=\"application-manageyards-display-component---NewYard--addressDetailDetailsCountry-inner\"]"}
RESULT: {"using":"xpath","value":"//*[@id=\"application-manageyards-display-component---NewYard--addressDetailDetailsCountry-inner\"]"}
COMMAND: POST /session/7668c2c3023bec11a4154fc7238a1576/element/f.37D6AA7C4787DF83AABC3389E6961F13.d.A17EFF9CCFAF361A4914B4F60CB7DA1C.e.395/clear - {}
RESULT: {}
COMMAND: POST /session/7668c2c3023bec11a4154fc7238a1576/element/f.37D6AA7C4787DF83AABC3389E6961F13.d.A17EFF9CCFAF361A4914B4F60CB7DA1C.e.395/value - {"text":"Romania"}
COMMAND: GET /session/7668c2c3023bec11a4154fc7238a1576/screenshot - {}
RESULT: {"text":"Romania"}
COMMAND: GET /session/7668c2c3023bec11a4154fc7238a1576/screenshot - {}
RESULT: {}
RESULT: {}
COMMAND: POST /session/7668c2c3023bec11a4154fc7238a1576/element - {"using":"xpath","value":"//div[contains(text(), \"Commercial\")]"}
RESULT: {"using":"xpath","value":"//div[contains(text(), \"Commercial\")]"}
COMMAND: GET /session/7668c2c3023bec11a4154fc7238a1576/element/f.37D6AA7C4787DF83AABC3389E6961F13.d.A17EFF9CCFAF361A4914B4F60CB7DA1C.e.582/rect - {}
RESULT: {}
COMMAND: GET /session/7668c2c3023bec11a4154fc7238a1576/window/rect - {}
RESULT: {}
COMMAND: POST /session/7668c2c3023bec11a4154fc7238a1576/execute/sync - {"script":"<script> [92 bytes]","args":[]}
RESULT: {"script":"<script> [92 bytes]","args":[]}
COMMAND: POST /session/7668c2c3023bec11a4154fc7238a1576/actions - {"actions":[{"id":"action1","type":"wheel","parameters":{},"actions":[{"type":"scroll","x":-1841,"y":-44,"deltaX":0,"deltaY":0,"duration":0,"origin":{"element-6066-11e4-a52e-4f735466cecf":"f.37D6AA7C4787DF83AABC3389E6961F13.d.A17EFF9CCFAF361A4914B4F60CB7DA1C.e.582"}}]}]}
COMMAND: GET /session/7668c2c3023bec11a4154fc7238a1576/screenshot - {}
RESULT: {}
COMMAND: POST /session/7668c2c3023bec11a4154fc7238a1576/execute/sync - {"script":"<script> [79 bytes]","args":[{"element-6066-11e4-a52e-4f735466cecf":"f.37D6AA7C4787DF83AABC3389E6961F13.d.A17EFF9CCFAF361A4914B4F60CB7DA1C.e.582","ELEMENT":"f.37D6AA7C4787DF83AABC3389E6961F13.d.A17EFF9CCFAF361A4914B4F60CB7DA1C.e.582"},{"block":"start","inline":"nearest"}]}
RESULT: {"script":"<script> [79 bytes]","args":[{"element-6066-11e4-a52e-4f735466cecf":"f.37D6AA7C4787DF83AABC3389E6961F13.d.A17EFF9CCFAF361A4914B4F60CB7DA1C.e.582","ELEMENT":"f.37D6AA7C4787DF83AABC3389E6961F13.d.A17EFF9CCFAF361A4914B4F60CB7DA1C.e.582"},{"block":"start","inline":"nearest"}]}
COMMAND: GET /session/7668c2c3023bec11a4154fc7238a1576/screenshot - {}
RESULT: {}
COMMAND: POST /session/7668c2c3023bec11a4154fc7238a1576/execute/async - {"script":"<script> [1562 bytes]","args":[{"selector":{"id":"application-manageyards-display-component---NewYard--addressEditDetailsCostObjectCstType-arrow"},"wdio_ui5_key":"applicationmanageyards-display-component---NewYard--addressEditDetailsCostObjectCstType-arrow"}]}
RESULT: {"script":"<script> [1562 bytes]","args":[{"selector":{"id":"application-manageyards-display-component---NewYard--addressEditDetailsCostObjectCstType-arrow"},"wdio_ui5_key":"applicationmanageyards-display-component---NewYard--addressEditDetailsCostObjectCstType-arrow"}]}
RESULT: undefined
COMMAND: POST /session/7668c2c3023bec11a4154fc7238a1576/element - {"using":"xpath","value":"//*[@id=\"application-manageyards-display-component---NewYard--addressEditDetailsCostObjectCstType-arrow\"]"}
RESULT: {"using":"xpath","value":"//*[@id=\"application-manageyards-display-component---NewYard--addressEditDetailsCostObjectCstType-arrow\"]"}
COMMAND: POST /session/7668c2c3023bec11a4154fc7238a1576/element/f.37D6AA7C4787DF83AABC3389E6961F13.d.A17EFF9CCFAF361A4914B4F60CB7DA1C.e.590/click - {}
RESULT: {}
COMMAND: POST /session/7668c2c3023bec11a4154fc7238a1576/element - {"using":"xpath","value":"//span[contains(text(), \"Cost Center\")]"}
COMMAND: GET /session/7668c2c3023bec11a4154fc7238a1576/screenshot - {}
RESULT: {"using":"xpath","value":"//span[contains(text(), \"Cost Center\")]"}
COMMAND: POST /session/7668c2c3023bec11a4154fc7238a1576/element/f.37D6AA7C4787DF83AABC3389E6961F13.d.A17EFF9CCFAF361A4914B4F60CB7DA1C.e.591/click - {}
RESULT: {}
RESULT: {}
COMMAND: GET /session/7668c2c3023bec11a4154fc7238a1576/screenshot - {}
RESULT: {}
COMMAND: POST /session/7668c2c3023bec11a4154fc7238a1576/execute/async - {"script":"<script> [1562 bytes]","args":[{"selector":{"id":"application-manageyards-display-component---NewYard--addressNewCostObjectCstID-vhi"},"wdio_ui5_key":"applicationmanageyards-display-component---NewYard--addressNewCostObjectCstID-vhi"}]}
RESULT: {"script":"<script> [1562 bytes]","args":[{"selector":{"id":"application-manageyards-display-component---NewYard--addressNewCostObjectCstID-vhi"},"wdio_ui5_key":"applicationmanageyards-display-component---NewYard--addressNewCostObjectCstID-vhi"}]}
RESULT: undefined
COMMAND: POST /session/7668c2c3023bec11a4154fc7238a1576/element - {"using":"xpath","value":"//*[@id=\"application-manageyards-display-component---NewYard--addressNewCostObjectCstID-vhi\"]"}
RESULT: {"using":"xpath","value":"//*[@id=\"application-manageyards-display-component---NewYard--addressNewCostObjectCstID-vhi\"]"}
COMMAND: POST /session/7668c2c3023bec11a4154fc7238a1576/element/f.37D6AA7C4787DF83AABC3389E6961F13.d.A17EFF9CCFAF361A4914B4F60CB7DA1C.e.595/click - {}
RESULT: {}
COMMAND: GET /session/7668c2c3023bec11a4154fc7238a1576/screenshot - {}
RESULT: {}
COMMAND: POST /session/7668c2c3023bec11a4154fc7238a1576/execute/async - {"script":"<script> [1562 bytes]","args":[{"selector":{"controlType":"sap.m.SearchField","properties":{"placeholder":"Search"},"searchOpenDialogs":true,"interaction":{"idSuffix":"I"}},"wdio_ui5_key":"sapm.SearchField{\"placeholder\":\"Search\"}"}]}
RESULT: {"script":"<script> [1562 bytes]","args":[{"selector":{"controlType":"sap.m.SearchField","properties":{"placeholder":"Search"},"searchOpenDialogs":true,"interaction":{"idSuffix":"I"}},"wdio_ui5_key":"sapm.SearchField{\"placeholder\":\"Search\"}"}]}
RESULT: undefined
COMMAND: POST /session/7668c2c3023bec11a4154fc7238a1576/execute/async - {"script":"<script> [776 bytes]","args":[{"enterText":"10001013","selector":{"controlType":"sap.m.SearchField","properties":{"placeholder":"Search"},"searchOpenDialogs":true,"interaction":{"idSuffix":"I"}},"clearTextFirst":true,"interactionType":"ENTER_TEXT"}]}
RESULT: {"script":"<script> [776 bytes]","args":[{"enterText":"10001013","selector":{"controlType":"sap.m.SearchField","properties":{"placeholder":"Search"},"searchOpenDialogs":true,"interaction":{"idSuffix":"I"}},"clearTextFirst":true,"interactionType":"ENTER_TEXT"}]}
COMMAND: POST /session/7668c2c3023bec11a4154fc7238a1576/actions - {"actions":[{"id":"action2","type":"key","parameters":{},"actions":[{"type":"keyDown","value":""},{"type":"pause","duration":10},{"type":"keyUp","value":""}]}]}
RESULT: {"actions":[{"id":"action2","type":"key","parameters":{},"actions":[{"type":"keyDown","value":""},{"type":"pause","duration":10},{"type":"keyUp","value":""}]}]}
COMMAND: GET /session/7668c2c3023bec11a4154fc7238a1576/screenshot - {}
RESULT: {}
COMMAND: POST /session/7668c2c3023bec11a4154fc7238a1576/element - {"using":"xpath","value":"//span[contains(text(), \"General Management\")]"}
RESULT: {"using":"xpath","value":"//span[contains(text(), \"General Management\")]"}
COMMAND: POST /session/7668c2c3023bec11a4154fc7238a1576/element/f.37D6AA7C4787DF83AABC3389E6961F13.d.A17EFF9CCFAF361A4914B4F60CB7DA1C.e.633/click - {}
RESULT: {}
COMMAND: GET /session/7668c2c3023bec11a4154fc7238a1576/screenshot - {}
RESULT: {}
COMMAND: POST /session/7668c2c3023bec11a4154fc7238a1576/element - {"using":"xpath","value":"//bdi[contains(text(), \"OK\")]"}
RESULT: {"using":"xpath","value":"//bdi[contains(text(), \"OK\")]"}
COMMAND: POST /session/7668c2c3023bec11a4154fc7238a1576/element/f.37D6AA7C4787DF83AABC3389E6961F13.d.A17EFF9CCFAF361A4914B4F60CB7DA1C.e.634/click - {}
RESULT: {}
COMMAND: GET /session/7668c2c3023bec11a4154fc7238a1576/screenshot - {}
RESULT: {}
COMMAND: POST /session/7668c2c3023bec11a4154fc7238a1576/execute/async - {"script":"<script> [1562 bytes]","args":[{"selector":{"controlType":"sap.m.Button","viewName":"etm.portal.ui.manageyards.view.New","viewId":"application-manageyards-display-component---NewYard","i18NText":{"propertyName":"text","key":"save"},"interaction":{"idSuffix":"inner"}},"wdio_ui5_key":"etmportal.ui.manageyards.view.Newsap.m.Button{\"propertyName\":\"text\",\"key\":\"save\"}"}]}
RESULT: {"script":"<script> [1562 bytes]","args":[{"selector":{"controlType":"sap.m.Button","viewName":"etm.portal.ui.manageyards.view.New","viewId":"application-manageyards-display-component---NewYard","i18NText":{"propertyName":"text","key":"save"},"interaction":{"idSuffix":"inner"}},"wdio_ui5_key":"etmportal.ui.manageyards.view.Newsap.m.Button{\"propertyName\":\"text\",\"key\":\"save\"}"}]}
RESULT: undefined
COMMAND: POST /session/7668c2c3023bec11a4154fc7238a1576/element - {"using":"xpath","value":"//*[@id=\"__button18\"]"}
RESULT: {"using":"xpath","value":"//*[@id=\"__button18\"]"}
COMMAND: POST /session/7668c2c3023bec11a4154fc7238a1576/element/f.37D6AA7C4787DF83AABC3389E6961F13.d.A17EFF9CCFAF361A4914B4F60CB7DA1C.e.562/click - {}
RESULT: {}
COMMAND: GET /session/7668c2c3023bec11a4154fc7238a1576/screenshot - {}
RESULT: {}
COMMAND: POST /session/7668c2c3023bec11a4154fc7238a1576/element - {"using":"xpath","value":"//header/div/div[2]/div[2]/span"}
RESULT: {"using":"xpath","value":"//header/div/div[2]/div[2]/span"}
COMMAND: GET /session/7668c2c3023bec11a4154fc7238a1576/element/f.37D6AA7C4787DF83AABC3389E6961F13.d.A17EFF9CCFAF361A4914B4F60CB7DA1C.e.828/text - {}
RESULT: {}
COMMAND: POST /session/7668c2c3023bec11a4154fc7238a1576/execute/async - {"script":"<script> [1562 bytes]","args":[{"selector":{"controlType":"sap.m.OverflowToolbarButton","viewName":"etm.portal.ui.manageyards.view.Detail","viewId":"application-manageyards-display-component---detailYard","i18NText":{"propertyName":"tooltip","key":"closeColumn"},"interaction":{"idSuffix":"inner"}},"wdio_ui5_key":"etmportal.ui.manageyards.view.Detailsap.m.OverflowToolbarButton{\"propertyName\":\"tooltip\",\"key\":\"closeColumn\"}"}]}
RESULT: {"script":"<script> [1562 bytes]","args":[{"selector":{"controlType":"sap.m.OverflowToolbarButton","viewName":"etm.portal.ui.manageyards.view.Detail","viewId":"application-manageyards-display-component---detailYard","i18NText":{"propertyName":"tooltip","key":"closeColumn"},"interaction":{"idSuffix":"inner"}},"wdio_ui5_key":"etmportal.ui.manageyards.view.Detailsap.m.OverflowToolbarButton{\"propertyName\":\"tooltip\",\"key\":\"closeColumn\"}"}]}
RESULT: undefined
COMMAND: POST /session/7668c2c3023bec11a4154fc7238a1576/element - {"using":"xpath","value":"//*[@id=\"__button42\"]"}
RESULT: {"using":"xpath","value":"//*[@id=\"__button42\"]"}
COMMAND: POST /session/7668c2c3023bec11a4154fc7238a1576/element/f.37D6AA7C4787DF83AABC3389E6961F13.d.A17EFF9CCFAF361A4914B4F60CB7DA1C.e.830/click - {}
RESULT: {}
COMMAND: GET /session/7668c2c3023bec11a4154fc7238a1576/screenshot - {}
RESULT: {}
COMMAND: POST /session/7668c2c3023bec11a4154fc7238a1576/element - {"using":"css selector","value":"#shell-header-logo"}
RESULT: {"using":"css selector","value":"#shell-header-logo"}
COMMAND: POST /session/7668c2c3023bec11a4154fc7238a1576/element/f.37D6AA7C4787DF83AABC3389E6961F13.d.A17EFF9CCFAF361A4914B4F60CB7DA1C.e.131/click - {}
RESULT: {}
COMMAND: GET /session/7668c2c3023bec11a4154fc7238a1576/screenshot - {}
RESULT: {}
COMMAND: POST /session/7668c2c3023bec11a4154fc7238a1576/refresh - {}
RESULT: {}
COMMAND: GET /session/7668c2c3023bec11a4154fc7238a1576/screenshot - {}
RESULT: {}
COMMAND: POST /session/7668c2c3023bec11a4154fc7238a1576/execute/async - {"script":"<script> [189 bytes]","args":[]}
RESULT: {"script":"<script> [189 bytes]","args":[]}
COMMAND: POST /session/7668c2c3023bec11a4154fc7238a1576/execute/async - {"script":"<script> [123 bytes]","args":[]}
RESULT: {"script":"<script> [123 bytes]","args":[]}
COMMAND: POST /session/7668c2c3023bec11a4154fc7238a1576/timeouts - {"script":"<number>"}
RESULT: {"script":"<number>"}
COMMAND: GET /session/7668c2c3023bec11a4154fc7238a1576/timeouts - {}
RESULT: {}
RESULT: undefined
COMMAND: POST /session/7668c2c3023bec11a4154fc7238a1576/execute/async - {"script":"<script> [2676 bytes]","args":[]}
RESULT: {"script":"<script> [2676 bytes]","args":[]}
COMMAND: POST /session/7668c2c3023bec11a4154fc7238a1576/execute/async - {"script":"<script> [2342 bytes]","args":[{"protocol":"http","hostname":"0.0.0.0","path":"/","capabilities":{"browserName":"chrome","goog:chromeOptions":{"binary":"C:\\Program Files\\Google\\Chrome\\Application\\chrome.exe","args":["--start-maximized"]}},"logLevel":"warn","connectionRetryTimeout":120000,"connectionRetryCount":3,"logLevels":{},"enableDirectConnect":true,"strictSSL":true,"_":"65 more keys: [\"cacheDir\",\"port\",\"requestedCapabilities\",\"automationProtocol\",\"baseUrl\",\"waitforInterval\",\"waitforTimeout\",\"onReload\",\"beforeCommand\",\"afterCommand\",\"rootDir\",\"specs\",\"suites\",\"exclude\",\"groupLogsByTestSpec\",\"excludeDriverLogs\",\"bail\",\"framework\",\"reporters\",\"services\",\"maxInstances\",\"maxInstancesPerCapability\",\"injectGlobals\",\"filesToWatch\",\"execArgv\",\"runnerEnv\",\"runner\",\"shard\",\"specFileRetries\",\"specFileRetriesDelay\",\"specFileRetriesDeferred\",\"reporterSyncInterval\",\"reporterSyncTimeout\",\"cucumberFeaturesWithLineNumbers\",\"autoCompileOpts\",\"mochaOpts\",\"jasmineOpts\",\"cucumberOpts\",\"onPrepare\",\"onWorkerStart\",\"onWorkerEnd\",\"before\",\"beforeSession\",\"beforeSuite\",\"beforeHook\",\"beforeTest\",\"afterTest\",\"afterHook\",\"afterSuite\",\"afterSession\",\"after\",\"onComplete\",\"beforeAssertion\",\"afterAssertion\",\"beforeFeature\",\"beforeScenario\",\"beforeStep\",\"afterStep\",\"afterScenario\",\"afterFeature\",\"_\",\"suite\",\"$0\",\"ignoredWorkerServices\",\"wdi5\"]"}]}
RESULT: {"script":"<script> [2342 bytes]","args":[{"protocol":"http","hostname":"0.0.0.0","path":"/","capabilities":{"browserName":"chrome","goog:chromeOptions":{"binary":"C:\\Program Files\\Google\\Chrome\\Application\\chrome.exe","args":["--start-maximized"]}},"logLevel":"warn","connectionRetryTimeout":120000,"connectionRetryCount":3,"logLevels":{},"enableDirectConnect":true,"strictSSL":true,"_":"65 more keys: [\"cacheDir\",\"port\",\"requestedCapabilities\",\"automationProtocol\",\"baseUrl\",\"waitforInterval\",\"waitforTimeout\",\"onReload\",\"beforeCommand\",\"afterCommand\",\"rootDir\",\"specs\",\"suites\",\"exclude\",\"groupLogsByTestSpec\",\"excludeDriverLogs\",\"bail\",\"framework\",\"reporters\",\"services\",\"maxInstances\",\"maxInstancesPerCapability\",\"injectGlobals\",\"filesToWatch\",\"execArgv\",\"runnerEnv\",\"runner\",\"shard\",\"specFileRetries\",\"specFileRetriesDelay\",\"specFileRetriesDeferred\",\"reporterSyncInterval\",\"reporterSyncTimeout\",\"cucumberFeaturesWithLineNumbers\",\"autoCompileOpts\",\"mochaOpts\",\"jasmineOpts\",\"cucumberOpts\",\"onPrepare\",\"onWorkerStart\",\"onWorkerEnd\",\"before\",\"beforeSession\",\"beforeSuite\",\"beforeHook\",\"beforeTest\",\"afterTest\",\"afterHook\",\"afterSuite\",\"afterSession\",\"after\",\"onComplete\",\"beforeAssertion\",\"afterAssertion\",\"beforeFeature\",\"beforeScenario\",\"beforeStep\",\"afterStep\",\"afterScenario\",\"afterFeature\",\"_\",\"suite\",\"$0\",\"ignoredWorkerServices\",\"wdi5\"]"}]}
COMMAND: POST /session/7668c2c3023bec11a4154fc7238a1576/execute/async - {"script":"<script> [21126 bytes]","args":[35000]}
RESULT: {"script":"<script> [21126 bytes]","args":[35000]}
]]></system-out>
    </testcase>
    <testcase classname="chrome.136_0_7103_93.windows.Related_resources_for_groups_US139107" name="Should create a resource of type group" time="108.578">
      <system-out><![CDATA[
COMMAND: POST /session/7668c2c3023bec11a4154fc7238a1576/execute/async - {"script":"<script> [1562 bytes]","args":[{"selector":{"controlType":"sap.m.GenericTile","properties":{"header":"Manage Resources"}},"wdio_ui5_key":"sapm.GenericTile{\"header\":\"Manage Resources\"}"}]}
RESULT: {"script":"<script> [1562 bytes]","args":[{"selector":{"controlType":"sap.m.GenericTile","properties":{"header":"Manage Resources"}},"wdio_ui5_key":"sapm.GenericTile{\"header\":\"Manage Resources\"}"}]}
RESULT: undefined
COMMAND: POST /session/7668c2c3023bec11a4154fc7238a1576/element - {"using":"xpath","value":"//*[@id=\"__tile39\"]"}
RESULT: {"using":"xpath","value":"//*[@id=\"__tile39\"]"}
COMMAND: POST /session/7668c2c3023bec11a4154fc7238a1576/element/f.37D6AA7C4787DF83AABC3389E6961F13.d.40D767A57DFB70FCF84518E86503C373.e.1186/click - {}
RESULT: {}
COMMAND: GET /session/7668c2c3023bec11a4154fc7238a1576/screenshot - {}
RESULT: {}
COMMAND: POST /session/7668c2c3023bec11a4154fc7238a1576/elements - {"using":"xpath","value":"//span[text()='Error']"}
RESULT: {"using":"xpath","value":"//span[text()='Error']"}
COMMAND: POST /session/7668c2c3023bec11a4154fc7238a1576/element - {"using":"xpath","value":"//button[@data-kt=\"addNewRUOverflowToolbarButton\"]"}
RESULT: {"using":"xpath","value":"//button[@data-kt=\"addNewRUOverflowToolbarButton\"]"}
COMMAND: POST /session/7668c2c3023bec11a4154fc7238a1576/execute/sync - {"script":"<script> [8489 bytes]","args":[{"element-6066-11e4-a52e-4f735466cecf":"f.37D6AA7C4787DF83AABC3389E6961F13.d.40D767A57DFB70FCF84518E86503C373.e.1231","ELEMENT":"f.37D6AA7C4787DF83AABC3389E6961F13.d.40D767A57DFB70FCF84518E86503C373.e.1231"}]}
RESULT: {"script":"<script> [8489 bytes]","args":[{"element-6066-11e4-a52e-4f735466cecf":"f.37D6AA7C4787DF83AABC3389E6961F13.d.40D767A57DFB70FCF84518E86503C373.e.1231","ELEMENT":"f.37D6AA7C4787DF83AABC3389E6961F13.d.40D767A57DFB70FCF84518E86503C373.e.1231"}]}
COMMAND: POST /session/7668c2c3023bec11a4154fc7238a1576/element/f.37D6AA7C4787DF83AABC3389E6961F13.d.40D767A57DFB70FCF84518E86503C373.e.1231/click - {}
COMMAND: GET /session/7668c2c3023bec11a4154fc7238a1576/screenshot - {}
RESULT: {}
COMMAND: GET /session/7668c2c3023bec11a4154fc7238a1576/screenshot - {}
RESULT: {}
COMMAND: POST /session/7668c2c3023bec11a4154fc7238a1576/execute/async - {"script":"<script> [1562 bytes]","args":[{"selector":{"id":"application-manageresources-display-component---newResourceUnit--TYPE-arrow"},"wdio_ui5_key":"applicationmanageresources-display-component---newResourceUnit--TYPE-arrow"}]}
RESULT: {}
RESULT: {"script":"<script> [1562 bytes]","args":[{"selector":{"id":"application-manageresources-display-component---newResourceUnit--TYPE-arrow"},"wdio_ui5_key":"applicationmanageresources-display-component---newResourceUnit--TYPE-arrow"}]}
RESULT: undefined
COMMAND: POST /session/7668c2c3023bec11a4154fc7238a1576/element - {"using":"xpath","value":"//*[@id=\"application-manageresources-display-component---newResourceUnit--TYPE-arrow\"]"}
RESULT: {"using":"xpath","value":"//*[@id=\"application-manageresources-display-component---newResourceUnit--TYPE-arrow\"]"}
COMMAND: POST /session/7668c2c3023bec11a4154fc7238a1576/element/f.37D6AA7C4787DF83AABC3389E6961F13.d.40D767A57DFB70FCF84518E86503C373.e.1545/click - {}
RESULT: {}
COMMAND: POST /session/7668c2c3023bec11a4154fc7238a1576/execute/async - {"script":"<script> [1562 bytes]","args":[{"selector":{"controlType":"sap.m.StandardListItem","viewName":"reusables.view.manageresources.NewResourceUnit","viewId":"application-manageresources-display-component---newResourceUnit","properties":{"title":"Group"},"searchOpenDialogs":true,"interaction":{"idSuffix":"content"}},"wdio_ui5_key":"reusablesview.manageresources.NewResourceUnitsap.m.StandardListItem{\"title\":\"Group\"}"}]}
COMMAND: GET /session/7668c2c3023bec11a4154fc7238a1576/screenshot - {}
RESULT: {"script":"<script> [1562 bytes]","args":[{"selector":{"controlType":"sap.m.StandardListItem","viewName":"reusables.view.manageresources.NewResourceUnit","viewId":"application-manageresources-display-component---newResourceUnit","properties":{"title":"Group"},"searchOpenDialogs":true,"interaction":{"idSuffix":"content"}},"wdio_ui5_key":"reusablesview.manageresources.NewResourceUnitsap.m.StandardListItem{\"title\":\"Group\"}"}]}
RESULT: undefined
COMMAND: POST /session/7668c2c3023bec11a4154fc7238a1576/element - {"using":"xpath","value":"//*[@id=\"__item154\"]"}
RESULT: {}
RESULT: {"using":"xpath","value":"//*[@id=\"__item154\"]"}
COMMAND: POST /session/7668c2c3023bec11a4154fc7238a1576/element/f.37D6AA7C4787DF83AABC3389E6961F13.d.40D767A57DFB70FCF84518E86503C373.e.1548/click - {}
RESULT: {}
COMMAND: GET /session/7668c2c3023bec11a4154fc7238a1576/screenshot - {}
RESULT: {}
COMMAND: POST /session/7668c2c3023bec11a4154fc7238a1576/execute/async - {"script":"<script> [1562 bytes]","args":[{"selector":{"id":"application-manageresources-display-component---newResourceUnit--SHORT_TEXT","interaction":{"idSuffix":"inner"}},"wdio_ui5_key":"applicationmanageresources-display-component---newResourceUnit--SHORT_TEXT"}]}
RESULT: {"script":"<script> [1562 bytes]","args":[{"selector":{"id":"application-manageresources-display-component---newResourceUnit--SHORT_TEXT","interaction":{"idSuffix":"inner"}},"wdio_ui5_key":"applicationmanageresources-display-component---newResourceUnit--SHORT_TEXT"}]}
RESULT: undefined
COMMAND: POST /session/7668c2c3023bec11a4154fc7238a1576/execute/async - {"script":"<script> [776 bytes]","args":[{"enterText":"WdIORUGroupnjase","selector":{"id":"application-manageresources-display-component---newResourceUnit--SHORT_TEXT","interaction":{"idSuffix":"inner"}},"clearTextFirst":true,"interactionType":"ENTER_TEXT"}]}
RESULT: {"script":"<script> [776 bytes]","args":[{"enterText":"WdIORUGroupnjase","selector":{"id":"application-manageresources-display-component---newResourceUnit--SHORT_TEXT","interaction":{"idSuffix":"inner"}},"clearTextFirst":true,"interactionType":"ENTER_TEXT"}]}
COMMAND: POST /session/7668c2c3023bec11a4154fc7238a1576/execute/async - {"script":"<script> [1562 bytes]","args":[{"selector":{"id":"application-manageresources-display-component---newResourceUnit--BASE_UNIT_OF_MEASURE","interaction":{"idSuffix":"inner"}},"wdio_ui5_key":"applicationmanageresources-display-component---newResourceUnit--BASE_UNIT_OF_MEASURE"}]}
RESULT: {"script":"<script> [1562 bytes]","args":[{"selector":{"id":"application-manageresources-display-component---newResourceUnit--BASE_UNIT_OF_MEASURE","interaction":{"idSuffix":"inner"}},"wdio_ui5_key":"applicationmanageresources-display-component---newResourceUnit--BASE_UNIT_OF_MEASURE"}]}
RESULT: undefined
COMMAND: POST /session/7668c2c3023bec11a4154fc7238a1576/execute/async - {"script":"<script> [776 bytes]","args":[{"enterText":"Piece","selector":{"id":"application-manageresources-display-component---newResourceUnit--BASE_UNIT_OF_MEASURE","interaction":{"idSuffix":"inner"}},"clearTextFirst":true,"interactionType":"ENTER_TEXT"}]}
RESULT: {"script":"<script> [776 bytes]","args":[{"enterText":"Piece","selector":{"id":"application-manageresources-display-component---newResourceUnit--BASE_UNIT_OF_MEASURE","interaction":{"idSuffix":"inner"}},"clearTextFirst":true,"interactionType":"ENTER_TEXT"}]}
COMMAND: POST /session/7668c2c3023bec11a4154fc7238a1576/execute/async - {"script":"<script> [1562 bytes]","args":[{"selector":{"id":"application-manageresources-display-component---newResourceUnit--newRRUPage-OPHeaderContent-collapseBtn-img"},"wdio_ui5_key":"applicationmanageresources-display-component---newResourceUnit--newRRUPage-OPHeaderContent-collapseBtn-img"}]}
RESULT: {"script":"<script> [1562 bytes]","args":[{"selector":{"id":"application-manageresources-display-component---newResourceUnit--newRRUPage-OPHeaderContent-collapseBtn-img"},"wdio_ui5_key":"applicationmanageresources-display-component---newResourceUnit--newRRUPage-OPHeaderContent-collapseBtn-img"}]}
RESULT: undefined
COMMAND: POST /session/7668c2c3023bec11a4154fc7238a1576/element - {"using":"xpath","value":"//*[@id=\"application-manageresources-display-component---newResourceUnit--newRRUPage-OPHeaderContent-collapseBtn-img\"]"}
RESULT: {"using":"xpath","value":"//*[@id=\"application-manageresources-display-component---newResourceUnit--newRRUPage-OPHeaderContent-collapseBtn-img\"]"}
COMMAND: POST /session/7668c2c3023bec11a4154fc7238a1576/element/f.37D6AA7C4787DF83AABC3389E6961F13.d.40D767A57DFB70FCF84518E86503C373.e.1556/click - {}
RESULT: {}
COMMAND: GET /session/7668c2c3023bec11a4154fc7238a1576/screenshot - {}
RESULT: {}
COMMAND: POST /session/7668c2c3023bec11a4154fc7238a1576/execute/async - {"script":"<script> [1562 bytes]","args":[{"selector":{"id":"application-manageresources-display-component---newResourceUnit--newRRUPage-anchBar-application-manageresources-display-component---newResourceUnit--control-anchor","interaction":{"idSuffix":"BDI-content"}},"wdio_ui5_key":"applicationmanageresources-display-component---newResourceUnit--newRRUPage-anchBar-application-manageresources-display-component---newResourceUnit--control-anchor"}]}
RESULT: {"script":"<script> [1562 bytes]","args":[{"selector":{"id":"application-manageresources-display-component---newResourceUnit--newRRUPage-anchBar-application-manageresources-display-component---newResourceUnit--control-anchor","interaction":{"idSuffix":"BDI-content"}},"wdio_ui5_key":"applicationmanageresources-display-component---newResourceUnit--newRRUPage-anchBar-application-manageresources-display-component---newResourceUnit--control-anchor"}]}
RESULT: undefined
COMMAND: POST /session/7668c2c3023bec11a4154fc7238a1576/element - {"using":"xpath","value":"//*[@id=\"application-manageresources-display-component---newResourceUnit--newRRUPage-anchBar-application-manageresources-display-component---newResourceUnit--control-anchor\"]"}
RESULT: {"using":"xpath","value":"//*[@id=\"application-manageresources-display-component---newResourceUnit--newRRUPage-anchBar-application-manageresources-display-component---newResourceUnit--control-anchor\"]"}
COMMAND: POST /session/7668c2c3023bec11a4154fc7238a1576/element/f.37D6AA7C4787DF83AABC3389E6961F13.d.40D767A57DFB70FCF84518E86503C373.e.1667/click - {}
RESULT: {}
COMMAND: POST /session/7668c2c3023bec11a4154fc7238a1576/execute/async - {"script":"<script> [1562 bytes]","args":[{"selector":{"id":"application-manageresources-display-component---newResourceUnit--PLANNING_GROUP","interaction":{"idSuffix":"inner"}},"wdio_ui5_key":"applicationmanageresources-display-component---newResourceUnit--PLANNING_GROUP"}]}
COMMAND: GET /session/7668c2c3023bec11a4154fc7238a1576/screenshot - {}
RESULT: {"script":"<script> [1562 bytes]","args":[{"selector":{"id":"application-manageresources-display-component---newResourceUnit--PLANNING_GROUP","interaction":{"idSuffix":"inner"}},"wdio_ui5_key":"applicationmanageresources-display-component---newResourceUnit--PLANNING_GROUP"}]}
RESULT: undefined
COMMAND: POST /session/7668c2c3023bec11a4154fc7238a1576/execute/async - {"script":"<script> [776 bytes]","args":[{"enterText":"Heavy Equi","selector":{"id":"application-manageresources-display-component---newResourceUnit--PLANNING_GROUP","interaction":{"idSuffix":"inner"}},"clearTextFirst":true,"interactionType":"ENTER_TEXT"}]}
RESULT: {}
RESULT: {"script":"<script> [776 bytes]","args":[{"enterText":"Heavy Equi","selector":{"id":"application-manageresources-display-component---newResourceUnit--PLANNING_GROUP","interaction":{"idSuffix":"inner"}},"clearTextFirst":true,"interactionType":"ENTER_TEXT"}]}
COMMAND: POST /session/7668c2c3023bec11a4154fc7238a1576/element - {"using":"xpath","value":"//bdi[contains(text(), \"Time Segment\")]"}
RESULT: {"using":"xpath","value":"//bdi[contains(text(), \"Time Segment\")]"}
COMMAND: GET /session/7668c2c3023bec11a4154fc7238a1576/element/f.37D6AA7C4787DF83AABC3389E6961F13.d.40D767A57DFB70FCF84518E86503C373.e.1674/rect - {}
RESULT: {}
COMMAND: GET /session/7668c2c3023bec11a4154fc7238a1576/window/rect - {}
RESULT: {}
COMMAND: POST /session/7668c2c3023bec11a4154fc7238a1576/execute/sync - {"script":"<script> [92 bytes]","args":[]}
RESULT: {"script":"<script> [92 bytes]","args":[]}
COMMAND: POST /session/7668c2c3023bec11a4154fc7238a1576/actions - {"actions":[{"id":"action3","type":"wheel","parameters":{},"actions":[{"type":"scroll","x":-1820,"y":-21,"deltaX":0,"deltaY":0,"duration":0,"origin":{"element-6066-11e4-a52e-4f735466cecf":"f.37D6AA7C4787DF83AABC3389E6961F13.d.40D767A57DFB70FCF84518E86503C373.e.1674"}}]}]}
COMMAND: GET /session/7668c2c3023bec11a4154fc7238a1576/screenshot - {}
RESULT: {}
COMMAND: POST /session/7668c2c3023bec11a4154fc7238a1576/execute/sync - {"script":"<script> [79 bytes]","args":[{"element-6066-11e4-a52e-4f735466cecf":"f.37D6AA7C4787DF83AABC3389E6961F13.d.40D767A57DFB70FCF84518E86503C373.e.1674","ELEMENT":"f.37D6AA7C4787DF83AABC3389E6961F13.d.40D767A57DFB70FCF84518E86503C373.e.1674"},{"block":"start","inline":"nearest"}]}
RESULT: {"script":"<script> [79 bytes]","args":[{"element-6066-11e4-a52e-4f735466cecf":"f.37D6AA7C4787DF83AABC3389E6961F13.d.40D767A57DFB70FCF84518E86503C373.e.1674","ELEMENT":"f.37D6AA7C4787DF83AABC3389E6961F13.d.40D767A57DFB70FCF84518E86503C373.e.1674"},{"block":"start","inline":"nearest"}]}
COMMAND: GET /session/7668c2c3023bec11a4154fc7238a1576/screenshot - {}
RESULT: {}
COMMAND: POST /session/7668c2c3023bec11a4154fc7238a1576/execute/async - {"script":"<script> [1562 bytes]","args":[{"selector":{"id":"application-manageresources-display-component---newResourceUnit--btnAddTimeSegment-img"},"wdio_ui5_key":"applicationmanageresources-display-component---newResourceUnit--btnAddTimeSegment-img"}]}
RESULT: {"script":"<script> [1562 bytes]","args":[{"selector":{"id":"application-manageresources-display-component---newResourceUnit--btnAddTimeSegment-img"},"wdio_ui5_key":"applicationmanageresources-display-component---newResourceUnit--btnAddTimeSegment-img"}]}
RESULT: undefined
COMMAND: POST /session/7668c2c3023bec11a4154fc7238a1576/element - {"using":"xpath","value":"//*[@id=\"application-manageresources-display-component---newResourceUnit--btnAddTimeSegment-img\"]"}
RESULT: {"using":"xpath","value":"//*[@id=\"application-manageresources-display-component---newResourceUnit--btnAddTimeSegment-img\"]"}
COMMAND: POST /session/7668c2c3023bec11a4154fc7238a1576/element/f.37D6AA7C4787DF83AABC3389E6961F13.d.40D767A57DFB70FCF84518E86503C373.e.1677/click - {}
RESULT: {}
COMMAND: GET /session/7668c2c3023bec11a4154fc7238a1576/screenshot - {}
RESULT: {}
COMMAND: POST /session/7668c2c3023bec11a4154fc7238a1576/element - {"using":"xpath","value":"//input[@id=\"application-manageresources-display-component---newResourceUnit--idRuTSAdmin-application-manageresources-display-component---newResourceUnit--RUTimeSegment-0-inner\"]"}
RESULT: {"using":"xpath","value":"//input[@id=\"application-manageresources-display-component---newResourceUnit--idRuTSAdmin-application-manageresources-display-component---newResourceUnit--RUTimeSegment-0-inner\"]"}
COMMAND: POST /session/7668c2c3023bec11a4154fc7238a1576/element/f.37D6AA7C4787DF83AABC3389E6961F13.d.40D767A57DFB70FCF84518E86503C373.e.1680/clear - {}
RESULT: {}
COMMAND: POST /session/7668c2c3023bec11a4154fc7238a1576/element/f.37D6AA7C4787DF83AABC3389E6961F13.d.40D767A57DFB70FCF84518E86503C373.e.1680/value - {"text":"WebdriverYardpuswy"}
COMMAND: GET /session/7668c2c3023bec11a4154fc7238a1576/screenshot - {}
RESULT: {"text":"WebdriverYardpuswy"}
COMMAND: GET /session/7668c2c3023bec11a4154fc7238a1576/screenshot - {}
RESULT: {}
RESULT: {}
COMMAND: POST /session/7668c2c3023bec11a4154fc7238a1576/actions - {"actions":[{"id":"action4","type":"key","parameters":{},"actions":[{"type":"keyDown","value":""},{"type":"pause","duration":10},{"type":"keyUp","value":""}]}]}
RESULT: {"actions":[{"id":"action4","type":"key","parameters":{},"actions":[{"type":"keyDown","value":""},{"type":"pause","duration":10},{"type":"keyUp","value":""}]}]}
COMMAND: GET /session/7668c2c3023bec11a4154fc7238a1576/screenshot - {}
RESULT: {}
COMMAND: POST /session/7668c2c3023bec11a4154fc7238a1576/execute/async - {"script":"<script> [1562 bytes]","args":[{"selector":{"controlType":"sap.m.Button","viewName":"reusables.view.manageresources.NewResourceUnit","viewId":"application-manageresources-display-component---newResourceUnit","i18NText":{"propertyName":"tooltip","key":"save"},"interaction":{"idSuffix":"BDI-content"}},"wdio_ui5_key":"reusablesview.manageresources.NewResourceUnitsap.m.Button{\"propertyName\":\"tooltip\",\"key\":\"save\"}"}]}
RESULT: {"script":"<script> [1562 bytes]","args":[{"selector":{"controlType":"sap.m.Button","viewName":"reusables.view.manageresources.NewResourceUnit","viewId":"application-manageresources-display-component---newResourceUnit","i18NText":{"propertyName":"tooltip","key":"save"},"interaction":{"idSuffix":"BDI-content"}},"wdio_ui5_key":"reusablesview.manageresources.NewResourceUnitsap.m.Button{\"propertyName\":\"tooltip\",\"key\":\"save\"}"}]}
RESULT: undefined
COMMAND: POST /session/7668c2c3023bec11a4154fc7238a1576/element - {"using":"xpath","value":"//*[@id=\"application-manageresources-display-component---newResourceUnit--createRuButton\"]"}
RESULT: {"using":"xpath","value":"//*[@id=\"application-manageresources-display-component---newResourceUnit--createRuButton\"]"}
COMMAND: POST /session/7668c2c3023bec11a4154fc7238a1576/element/f.37D6AA7C4787DF83AABC3389E6961F13.d.40D767A57DFB70FCF84518E86503C373.e.1562/click - {}
RESULT: {}
COMMAND: GET /session/7668c2c3023bec11a4154fc7238a1576/screenshot - {}
RESULT: {}
COMMAND: POST /session/7668c2c3023bec11a4154fc7238a1576/execute/async - {"script":"<script> [1562 bytes]","args":[{"selector":{"controlType":"sap.m.Button","properties":{"text":"Close"},"searchOpenDialogs":true,"interaction":{"idSuffix":"inner"}},"wdio_ui5_key":"sapm.Button{\"text\":\"Close\"}"}]}
RESULT: {"script":"<script> [1562 bytes]","args":[{"selector":{"controlType":"sap.m.Button","properties":{"text":"Close"},"searchOpenDialogs":true,"interaction":{"idSuffix":"inner"}},"wdio_ui5_key":"sapm.Button{\"text\":\"Close\"}"}]}
RESULT: undefined
COMMAND: POST /session/7668c2c3023bec11a4154fc7238a1576/element - {"using":"xpath","value":"//*[@id=\"__mbox-btn-0\"]"}
RESULT: {"using":"xpath","value":"//*[@id=\"__mbox-btn-0\"]"}
COMMAND: POST /session/7668c2c3023bec11a4154fc7238a1576/element/f.37D6AA7C4787DF83AABC3389E6961F13.d.40D767A57DFB70FCF84518E86503C373.e.1688/click - {}
RESULT: {}
COMMAND: GET /session/7668c2c3023bec11a4154fc7238a1576/screenshot - {}
RESULT: {}
COMMAND: POST /session/7668c2c3023bec11a4154fc7238a1576/element - {"using":"css selector","value":"#shell-header-logo"}
RESULT: {"using":"css selector","value":"#shell-header-logo"}
COMMAND: POST /session/7668c2c3023bec11a4154fc7238a1576/element/f.37D6AA7C4787DF83AABC3389E6961F13.d.40D767A57DFB70FCF84518E86503C373.e.1189/click - {}
RESULT: {}
COMMAND: GET /session/7668c2c3023bec11a4154fc7238a1576/screenshot - {}
RESULT: {}
]]></system-out>
    </testcase>
    <testcase classname="chrome.136_0_7103_93.windows.Related_resources_for_groups_US139107" name="Should create first equipment and add it to the group" time="130.188">
      <system-out><![CDATA[
RESULT: undefined
COMMAND: POST /session/7668c2c3023bec11a4154fc7238a1576/element - {"using":"xpath","value":"//*[@id=\"__tile39\"]"}
RESULT: {"using":"xpath","value":"//*[@id=\"__tile39\"]"}
COMMAND: POST /session/7668c2c3023bec11a4154fc7238a1576/element/f.37D6AA7C4787DF83AABC3389E6961F13.d.40D767A57DFB70FCF84518E86503C373.e.1186/click - {}
RESULT: {}
COMMAND: GET /session/7668c2c3023bec11a4154fc7238a1576/screenshot - {}
RESULT: {}
COMMAND: POST /session/7668c2c3023bec11a4154fc7238a1576/elements - {"using":"xpath","value":"//span[text()='Error']"}
RESULT: {"using":"xpath","value":"//span[text()='Error']"}
COMMAND: POST /session/7668c2c3023bec11a4154fc7238a1576/element - {"using":"xpath","value":"//button[@data-kt=\"addNewRUOverflowToolbarButton\"]"}
RESULT: {"using":"xpath","value":"//button[@data-kt=\"addNewRUOverflowToolbarButton\"]"}
COMMAND: POST /session/7668c2c3023bec11a4154fc7238a1576/execute/sync - {"script":"<script> [8489 bytes]","args":[{"element-6066-11e4-a52e-4f735466cecf":"f.37D6AA7C4787DF83AABC3389E6961F13.d.40D767A57DFB70FCF84518E86503C373.e.1770","ELEMENT":"f.37D6AA7C4787DF83AABC3389E6961F13.d.40D767A57DFB70FCF84518E86503C373.e.1770"}]}
RESULT: {"script":"<script> [8489 bytes]","args":[{"element-6066-11e4-a52e-4f735466cecf":"f.37D6AA7C4787DF83AABC3389E6961F13.d.40D767A57DFB70FCF84518E86503C373.e.1770","ELEMENT":"f.37D6AA7C4787DF83AABC3389E6961F13.d.40D767A57DFB70FCF84518E86503C373.e.1770"}]}
COMMAND: POST /session/7668c2c3023bec11a4154fc7238a1576/element/f.37D6AA7C4787DF83AABC3389E6961F13.d.40D767A57DFB70FCF84518E86503C373.e.1770/click - {}
COMMAND: GET /session/7668c2c3023bec11a4154fc7238a1576/screenshot - {}
RESULT: {}
COMMAND: GET /session/7668c2c3023bec11a4154fc7238a1576/screenshot - {}
RESULT: {}
RESULT: undefined
COMMAND: POST /session/7668c2c3023bec11a4154fc7238a1576/element - {"using":"xpath","value":"//*[@id=\"application-manageresources-display-component---newResourceUnit--TYPE-arrow\"]"}
RESULT: {}
RESULT: {"using":"xpath","value":"//*[@id=\"application-manageresources-display-component---newResourceUnit--TYPE-arrow\"]"}
COMMAND: POST /session/7668c2c3023bec11a4154fc7238a1576/element/f.37D6AA7C4787DF83AABC3389E6961F13.d.40D767A57DFB70FCF84518E86503C373.e.2081/click - {}
RESULT: {}
COMMAND: POST /session/7668c2c3023bec11a4154fc7238a1576/execute/async - {"script":"<script> [1562 bytes]","args":[{"selector":{"controlType":"sap.m.StandardListItem","viewName":"reusables.view.manageresources.NewResourceUnit","viewId":"application-manageresources-display-component---newResourceUnit","properties":{"title":"Equipment"},"searchOpenDialogs":true,"interaction":{"idSuffix":"content"}},"wdio_ui5_key":"reusablesview.manageresources.NewResourceUnitsap.m.StandardListItem{\"title\":\"Equipment\"}"}]}
COMMAND: GET /session/7668c2c3023bec11a4154fc7238a1576/screenshot - {}
RESULT: {"script":"<script> [1562 bytes]","args":[{"selector":{"controlType":"sap.m.StandardListItem","viewName":"reusables.view.manageresources.NewResourceUnit","viewId":"application-manageresources-display-component---newResourceUnit","properties":{"title":"Equipment"},"searchOpenDialogs":true,"interaction":{"idSuffix":"content"}},"wdio_ui5_key":"reusablesview.manageresources.NewResourceUnitsap.m.StandardListItem{\"title\":\"Equipment\"}"}]}
RESULT: undefined
COMMAND: POST /session/7668c2c3023bec11a4154fc7238a1576/element - {"using":"xpath","value":"//*[@id=\"__item829\"]"}
RESULT: {}
RESULT: {"using":"xpath","value":"//*[@id=\"__item829\"]"}
COMMAND: POST /session/7668c2c3023bec11a4154fc7238a1576/element/f.37D6AA7C4787DF83AABC3389E6961F13.d.40D767A57DFB70FCF84518E86503C373.e.2084/click - {}
RESULT: {}
COMMAND: GET /session/7668c2c3023bec11a4154fc7238a1576/screenshot - {}
RESULT: {}
COMMAND: POST /session/7668c2c3023bec11a4154fc7238a1576/execute/async - {"script":"<script> [1562 bytes]","args":[{"selector":{"id":"application-manageresources-display-component---newResourceUnit--resourceId","interaction":{"idSuffix":"inner"}},"wdio_ui5_key":"applicationmanageresources-display-component---newResourceUnit--resourceId"}]}
RESULT: {"script":"<script> [1562 bytes]","args":[{"selector":{"id":"application-manageresources-display-component---newResourceUnit--resourceId","interaction":{"idSuffix":"inner"}},"wdio_ui5_key":"applicationmanageresources-display-component---newResourceUnit--resourceId"}]}
RESULT: undefined
COMMAND: POST /session/7668c2c3023bec11a4154fc7238a1576/execute/async - {"script":"<script> [776 bytes]","args":[{"enterText":"WdIORUEquip1rur4r","selector":{"id":"application-manageresources-display-component---newResourceUnit--resourceId","interaction":{"idSuffix":"inner"}},"clearTextFirst":true,"interactionType":"ENTER_TEXT"}]}
RESULT: {"script":"<script> [776 bytes]","args":[{"enterText":"WdIORUEquip1rur4r","selector":{"id":"application-manageresources-display-component---newResourceUnit--resourceId","interaction":{"idSuffix":"inner"}},"clearTextFirst":true,"interactionType":"ENTER_TEXT"}]}
RESULT: undefined
COMMAND: POST /session/7668c2c3023bec11a4154fc7238a1576/execute/async - {"script":"<script> [776 bytes]","args":[{"enterText":"WdIORUEquip1rur4r","selector":{"id":"application-manageresources-display-component---newResourceUnit--SHORT_TEXT","interaction":{"idSuffix":"inner"}},"clearTextFirst":true,"interactionType":"ENTER_TEXT"}]}
RESULT: {"script":"<script> [776 bytes]","args":[{"enterText":"WdIORUEquip1rur4r","selector":{"id":"application-manageresources-display-component---newResourceUnit--SHORT_TEXT","interaction":{"idSuffix":"inner"}},"clearTextFirst":true,"interactionType":"ENTER_TEXT"}]}
RESULT: undefined
COMMAND: POST /session/7668c2c3023bec11a4154fc7238a1576/execute/async - {"script":"<script> [776 bytes]","args":[{"enterText":"Piece","selector":{"id":"application-manageresources-display-component---newResourceUnit--BASE_UNIT_OF_MEASURE","interaction":{"idSuffix":"inner"}},"clearTextFirst":true,"interactionType":"ENTER_TEXT"}]}
RESULT: {"script":"<script> [776 bytes]","args":[{"enterText":"Piece","selector":{"id":"application-manageresources-display-component---newResourceUnit--BASE_UNIT_OF_MEASURE","interaction":{"idSuffix":"inner"}},"clearTextFirst":true,"interactionType":"ENTER_TEXT"}]}
COMMAND: POST /session/7668c2c3023bec11a4154fc7238a1576/element - {"using":"xpath","value":"//input[contains(@id ,\"application-manageresources-display-component---newResourceUnit--HIGHER_LEVEL_RESOURCE-inner\")]"}
RESULT: {"using":"xpath","value":"//input[contains(@id ,\"application-manageresources-display-component---newResourceUnit--HIGHER_LEVEL_RESOURCE-inner\")]"}
COMMAND: POST /session/7668c2c3023bec11a4154fc7238a1576/element/f.37D6AA7C4787DF83AABC3389E6961F13.d.40D767A57DFB70FCF84518E86503C373.e.2106/value - {"text":"WdIORUGroupnjase"}
RESULT: {"text":"WdIORUGroupnjase"}
COMMAND: GET /session/7668c2c3023bec11a4154fc7238a1576/screenshot - {}
RESULT: {}
COMMAND: POST /session/7668c2c3023bec11a4154fc7238a1576/actions - {"actions":[{"id":"action5","type":"key","parameters":{},"actions":[{"type":"keyDown","value":""},{"type":"pause","duration":10},{"type":"keyUp","value":""}]}]}
RESULT: {"actions":[{"id":"action5","type":"key","parameters":{},"actions":[{"type":"keyDown","value":""},{"type":"pause","duration":10},{"type":"keyUp","value":""}]}]}
COMMAND: POST /session/7668c2c3023bec11a4154fc7238a1576/execute/async - {"script":"<script> [1562 bytes]","args":[{"selector":{"id":"application-manageresources-display-component---newResourceUnit--WEIGHT_UNIT","interaction":{"idSuffix":"inner"}},"wdio_ui5_key":"applicationmanageresources-display-component---newResourceUnit--WEIGHT_UNIT"}]}
COMMAND: GET /session/7668c2c3023bec11a4154fc7238a1576/screenshot - {}
RESULT: {"script":"<script> [1562 bytes]","args":[{"selector":{"id":"application-manageresources-display-component---newResourceUnit--WEIGHT_UNIT","interaction":{"idSuffix":"inner"}},"wdio_ui5_key":"applicationmanageresources-display-component---newResourceUnit--WEIGHT_UNIT"}]}
RESULT: undefined
COMMAND: POST /session/7668c2c3023bec11a4154fc7238a1576/execute/async - {"script":"<script> [776 bytes]","args":[{"enterText":"Gram","selector":{"id":"application-manageresources-display-component---newResourceUnit--WEIGHT_UNIT","interaction":{"idSuffix":"inner"}},"clearTextFirst":true,"interactionType":"ENTER_TEXT"}]}
RESULT: {}
RESULT: {"script":"<script> [776 bytes]","args":[{"enterText":"Gram","selector":{"id":"application-manageresources-display-component---newResourceUnit--WEIGHT_UNIT","interaction":{"idSuffix":"inner"}},"clearTextFirst":true,"interactionType":"ENTER_TEXT"}]}
RESULT: undefined
COMMAND: POST /session/7668c2c3023bec11a4154fc7238a1576/element - {"using":"xpath","value":"//*[@id=\"application-manageresources-display-component---newResourceUnit--newRRUPage-OPHeaderContent-collapseBtn-img\"]"}
RESULT: {"using":"xpath","value":"//*[@id=\"application-manageresources-display-component---newResourceUnit--newRRUPage-OPHeaderContent-collapseBtn-img\"]"}
COMMAND: POST /session/7668c2c3023bec11a4154fc7238a1576/element/f.37D6AA7C4787DF83AABC3389E6961F13.d.40D767A57DFB70FCF84518E86503C373.e.2091/click - {}
RESULT: {}
COMMAND: GET /session/7668c2c3023bec11a4154fc7238a1576/screenshot - {}
RESULT: {}
COMMAND: POST /session/7668c2c3023bec11a4154fc7238a1576/element - {"using":"xpath","value":"(//span[contains(@id ,\"application-manageresources-display-component---newResourceUnit--DIMENSION_UNIT-arrow\")])[1]"}
RESULT: {"using":"xpath","value":"(//span[contains(@id ,\"application-manageresources-display-component---newResourceUnit--DIMENSION_UNIT-arrow\")])[1]"}
COMMAND: POST /session/7668c2c3023bec11a4154fc7238a1576/element/f.37D6AA7C4787DF83AABC3389E6961F13.d.40D767A57DFB70FCF84518E86503C373.e.2239/click - {}
RESULT: {}
COMMAND: GET /session/7668c2c3023bec11a4154fc7238a1576/screenshot - {}
RESULT: {}
COMMAND: POST /session/7668c2c3023bec11a4154fc7238a1576/execute/async - {"script":"<script> [1562 bytes]","args":[{"selector":{"controlType":"sap.m.StandardListItem","viewName":"reusables.view.manageresources.NewResourceUnit","viewId":"application-manageresources-display-component---newResourceUnit","properties":{"title":"Centimeter"},"searchOpenDialogs":true,"interaction":{"idSuffix":"titleText"}},"wdio_ui5_key":"reusablesview.manageresources.NewResourceUnitsap.m.StandardListItem{\"title\":\"Centimeter\"}"}]}
RESULT: {"script":"<script> [1562 bytes]","args":[{"selector":{"controlType":"sap.m.StandardListItem","viewName":"reusables.view.manageresources.NewResourceUnit","viewId":"application-manageresources-display-component---newResourceUnit","properties":{"title":"Centimeter"},"searchOpenDialogs":true,"interaction":{"idSuffix":"titleText"}},"wdio_ui5_key":"reusablesview.manageresources.NewResourceUnitsap.m.StandardListItem{\"title\":\"Centimeter\"}"}]}
RESULT: undefined
COMMAND: POST /session/7668c2c3023bec11a4154fc7238a1576/element - {"using":"xpath","value":"//*[@id=\"__item920\"]"}
RESULT: {"using":"xpath","value":"//*[@id=\"__item920\"]"}
COMMAND: POST /session/7668c2c3023bec11a4154fc7238a1576/element/f.37D6AA7C4787DF83AABC3389E6961F13.d.40D767A57DFB70FCF84518E86503C373.e.2243/click - {}
RESULT: {}
COMMAND: GET /session/7668c2c3023bec11a4154fc7238a1576/screenshot - {}
RESULT: {}
RESULT: undefined
COMMAND: POST /session/7668c2c3023bec11a4154fc7238a1576/element - {"using":"xpath","value":"//*[@id=\"application-manageresources-display-component---newResourceUnit--newRRUPage-anchBar-application-manageresources-display-component---newResourceUnit--control-anchor\"]"}
RESULT: {"using":"xpath","value":"//*[@id=\"application-manageresources-display-component---newResourceUnit--newRRUPage-anchBar-application-manageresources-display-component---newResourceUnit--control-anchor\"]"}
COMMAND: POST /session/7668c2c3023bec11a4154fc7238a1576/element/f.37D6AA7C4787DF83AABC3389E6961F13.d.40D767A57DFB70FCF84518E86503C373.e.2244/click - {}
RESULT: {}
RESULT: undefined
COMMAND: POST /session/7668c2c3023bec11a4154fc7238a1576/execute/async - {"script":"<script> [776 bytes]","args":[{"enterText":"Heavy Equi","selector":{"id":"application-manageresources-display-component---newResourceUnit--PLANNING_GROUP","interaction":{"idSuffix":"inner"}},"clearTextFirst":true,"interactionType":"ENTER_TEXT"}]}
COMMAND: GET /session/7668c2c3023bec11a4154fc7238a1576/screenshot - {}
RESULT: {"script":"<script> [776 bytes]","args":[{"enterText":"Heavy Equi","selector":{"id":"application-manageresources-display-component---newResourceUnit--PLANNING_GROUP","interaction":{"idSuffix":"inner"}},"clearTextFirst":true,"interactionType":"ENTER_TEXT"}]}
RESULT: {}
COMMAND: POST /session/7668c2c3023bec11a4154fc7238a1576/execute/async - {"script":"<script> [1562 bytes]","args":[{"selector":{"id":"application-manageresources-display-component---newResourceUnit--ITEM_TYPE-arrow"},"wdio_ui5_key":"applicationmanageresources-display-component---newResourceUnit--ITEM_TYPE-arrow"}]}
RESULT: {"script":"<script> [1562 bytes]","args":[{"selector":{"id":"application-manageresources-display-component---newResourceUnit--ITEM_TYPE-arrow"},"wdio_ui5_key":"applicationmanageresources-display-component---newResourceUnit--ITEM_TYPE-arrow"}]}
RESULT: undefined
COMMAND: POST /session/7668c2c3023bec11a4154fc7238a1576/element - {"using":"xpath","value":"//*[@id=\"application-manageresources-display-component---newResourceUnit--ITEM_TYPE-arrow\"]"}
RESULT: {"using":"xpath","value":"//*[@id=\"application-manageresources-display-component---newResourceUnit--ITEM_TYPE-arrow\"]"}
COMMAND: POST /session/7668c2c3023bec11a4154fc7238a1576/element/f.37D6AA7C4787DF83AABC3389E6961F13.d.40D767A57DFB70FCF84518E86503C373.e.2250/click - {}
RESULT: {}
COMMAND: POST /session/7668c2c3023bec11a4154fc7238a1576/execute/async - {"script":"<script> [1562 bytes]","args":[{"selector":{"controlType":"sap.m.StandardListItem","viewName":"reusables.view.manageresources.NewResourceUnit","viewId":"application-manageresources-display-component---newResourceUnit","properties":{"title":"Resource Unit"},"searchOpenDialogs":true,"interaction":{"idSuffix":"titleText"}},"wdio_ui5_key":"reusablesview.manageresources.NewResourceUnitsap.m.StandardListItem{\"title\":\"Resource Unit\"}"}]}
COMMAND: GET /session/7668c2c3023bec11a4154fc7238a1576/screenshot - {}
RESULT: {"script":"<script> [1562 bytes]","args":[{"selector":{"controlType":"sap.m.StandardListItem","viewName":"reusables.view.manageresources.NewResourceUnit","viewId":"application-manageresources-display-component---newResourceUnit","properties":{"title":"Resource Unit"},"searchOpenDialogs":true,"interaction":{"idSuffix":"titleText"}},"wdio_ui5_key":"reusablesview.manageresources.NewResourceUnitsap.m.StandardListItem{\"title\":\"Resource Unit\"}"}]}
RESULT: undefined
COMMAND: POST /session/7668c2c3023bec11a4154fc7238a1576/element - {"using":"xpath","value":"//*[@id=\"__item942\"]"}
RESULT: {}
RESULT: {"using":"xpath","value":"//*[@id=\"__item942\"]"}
COMMAND: POST /session/7668c2c3023bec11a4154fc7238a1576/element/f.37D6AA7C4787DF83AABC3389E6961F13.d.40D767A57DFB70FCF84518E86503C373.e.2252/click - {}
RESULT: {}
COMMAND: POST /session/7668c2c3023bec11a4154fc7238a1576/element - {"using":"xpath","value":"//bdi[contains(text(), \"Time Segment\")]"}
COMMAND: GET /session/7668c2c3023bec11a4154fc7238a1576/screenshot - {}
RESULT: {"using":"xpath","value":"//bdi[contains(text(), \"Time Segment\")]"}
COMMAND: GET /session/7668c2c3023bec11a4154fc7238a1576/element/f.37D6AA7C4787DF83AABC3389E6961F13.d.40D767A57DFB70FCF84518E86503C373.e.2259/rect - {}
RESULT: {}
RESULT: {}
COMMAND: GET /session/7668c2c3023bec11a4154fc7238a1576/window/rect - {}
RESULT: {}
COMMAND: POST /session/7668c2c3023bec11a4154fc7238a1576/execute/sync - {"script":"<script> [92 bytes]","args":[]}
RESULT: {"script":"<script> [92 bytes]","args":[]}
COMMAND: POST /session/7668c2c3023bec11a4154fc7238a1576/actions - {"actions":[{"id":"action6","type":"wheel","parameters":{},"actions":[{"type":"scroll","x":-1820,"y":-21,"deltaX":0,"deltaY":0,"duration":0,"origin":{"element-6066-11e4-a52e-4f735466cecf":"f.37D6AA7C4787DF83AABC3389E6961F13.d.40D767A57DFB70FCF84518E86503C373.e.2259"}}]}]}
COMMAND: GET /session/7668c2c3023bec11a4154fc7238a1576/screenshot - {}
RESULT: {}
COMMAND: POST /session/7668c2c3023bec11a4154fc7238a1576/execute/sync - {"script":"<script> [79 bytes]","args":[{"element-6066-11e4-a52e-4f735466cecf":"f.37D6AA7C4787DF83AABC3389E6961F13.d.40D767A57DFB70FCF84518E86503C373.e.2259","ELEMENT":"f.37D6AA7C4787DF83AABC3389E6961F13.d.40D767A57DFB70FCF84518E86503C373.e.2259"},{"block":"start","inline":"nearest"}]}
RESULT: {"script":"<script> [79 bytes]","args":[{"element-6066-11e4-a52e-4f735466cecf":"f.37D6AA7C4787DF83AABC3389E6961F13.d.40D767A57DFB70FCF84518E86503C373.e.2259","ELEMENT":"f.37D6AA7C4787DF83AABC3389E6961F13.d.40D767A57DFB70FCF84518E86503C373.e.2259"},{"block":"start","inline":"nearest"}]}
RESULT: undefined
COMMAND: POST /session/7668c2c3023bec11a4154fc7238a1576/element - {"using":"xpath","value":"//*[@id=\"application-manageresources-display-component---newResourceUnit--btnAddTimeSegment-img\"]"}
COMMAND: GET /session/7668c2c3023bec11a4154fc7238a1576/screenshot - {}
RESULT: {"using":"xpath","value":"//*[@id=\"application-manageresources-display-component---newResourceUnit--btnAddTimeSegment-img\"]"}
COMMAND: POST /session/7668c2c3023bec11a4154fc7238a1576/element/f.37D6AA7C4787DF83AABC3389E6961F13.d.40D767A57DFB70FCF84518E86503C373.e.2262/click - {}
RESULT: {}
RESULT: {}
COMMAND: GET /session/7668c2c3023bec11a4154fc7238a1576/screenshot - {}
COMMAND: POST /session/7668c2c3023bec11a4154fc7238a1576/element - {"using":"xpath","value":"//input[@id=\"application-manageresources-display-component---newResourceUnit--idRuTSAdmin-application-manageresources-display-component---newResourceUnit--RUTimeSegment-0-inner\"]"}
RESULT: {}
RESULT: {"using":"xpath","value":"//input[@id=\"application-manageresources-display-component---newResourceUnit--idRuTSAdmin-application-manageresources-display-component---newResourceUnit--RUTimeSegment-0-inner\"]"}
COMMAND: POST /session/7668c2c3023bec11a4154fc7238a1576/element/f.37D6AA7C4787DF83AABC3389E6961F13.d.40D767A57DFB70FCF84518E86503C373.e.2266/clear - {}
RESULT: {}
COMMAND: POST /session/7668c2c3023bec11a4154fc7238a1576/element/f.37D6AA7C4787DF83AABC3389E6961F13.d.40D767A57DFB70FCF84518E86503C373.e.2266/value - {"text":"WebdriverYardpuswy"}
COMMAND: GET /session/7668c2c3023bec11a4154fc7238a1576/screenshot - {}
RESULT: {"text":"WebdriverYardpuswy"}
COMMAND: GET /session/7668c2c3023bec11a4154fc7238a1576/screenshot - {}
RESULT: {}
RESULT: {}
COMMAND: POST /session/7668c2c3023bec11a4154fc7238a1576/actions - {"actions":[{"id":"action7","type":"key","parameters":{},"actions":[{"type":"keyDown","value":""},{"type":"pause","duration":10},{"type":"keyUp","value":""}]}]}
RESULT: {"actions":[{"id":"action7","type":"key","parameters":{},"actions":[{"type":"keyDown","value":""},{"type":"pause","duration":10},{"type":"keyUp","value":""}]}]}
COMMAND: POST /session/7668c2c3023bec11a4154fc7238a1576/execute/async - {"script":"<script> [1562 bytes]","args":[{"selector":{"controlType":"sap.ui.core.Icon","viewName":"reusables.view.manageresources.NewResourceUnit","viewId":"application-manageresources-display-component---newResourceUnit","properties":{"src":{"regex":{"source":"slim\\-arrow\\-down"}}},"ancestor":{"controlType":"sap.m.ComboBox","viewName":"reusables.view.manageresources.NewResourceUnit","viewId":"application-manageresources-display-component---newResourceUnit","bindingPath":{"path":"/RESOURCE_UNIT_TIME_SEQUENCES/0","propertyPath":"COST_OBJECT_ADMIN_CST_TYPE","modelName":"oNewRruModel"}}},"wdio_ui5_key":"reusablesview.manageresources.NewResourceUnitsap.ui.core.Icon{\"src\":{\"regex\":{\"source\":\"slim\\\\-arrow\\\\-down\"}}}{\"controlType\":\"sap.m.ComboBox\",\"viewName\":\"reusables.view.manageresources.NewResourceUnit\",\"viewId\":\"application-manageresources-display-component---newResourceUnit\",\"bindingPath\":{\"path\":\"/RESOURCE_UNIT_TIME_SEQUENCES/0\",\"propertyPath\":\"COST_OBJECT_ADMIN_CST_TYPE\",\"modelName\":\"oNewRruModel\"}}"}]}
COMMAND: GET /session/7668c2c3023bec11a4154fc7238a1576/screenshot - {}
RESULT: {"script":"<script> [1562 bytes]","args":[{"selector":{"controlType":"sap.ui.core.Icon","viewName":"reusables.view.manageresources.NewResourceUnit","viewId":"application-manageresources-display-component---newResourceUnit","properties":{"src":{"regex":{"source":"slim\\-arrow\\-down"}}},"ancestor":{"controlType":"sap.m.ComboBox","viewName":"reusables.view.manageresources.NewResourceUnit","viewId":"application-manageresources-display-component---newResourceUnit","bindingPath":{"path":"/RESOURCE_UNIT_TIME_SEQUENCES/0","propertyPath":"COST_OBJECT_ADMIN_CST_TYPE","modelName":"oNewRruModel"}}},"wdio_ui5_key":"reusablesview.manageresources.NewResourceUnitsap.ui.core.Icon{\"src\":{\"regex\":{\"source\":\"slim\\\\-arrow\\\\-down\"}}}{\"controlType\":\"sap.m.ComboBox\",\"viewName\":\"reusables.view.manageresources.NewResourceUnit\",\"viewId\":\"application-manageresources-display-component---newResourceUnit\",\"bindingPath\":{\"path\":\"/RESOURCE_UNIT_TIME_SEQUENCES/0\",\"propertyPath\":\"COST_OBJECT_ADMIN_CST_TYPE\",\"modelName\":\"oNewRruModel\"}}"}]}
RESULT: undefined
COMMAND: POST /session/7668c2c3023bec11a4154fc7238a1576/element - {"using":"xpath","value":"//*[@id=\"__box10-application-manageresources-display-component---newResourceUnit--RUTimeSegment-0-arrow\"]"}
RESULT: {}
RESULT: {"using":"xpath","value":"//*[@id=\"__box10-application-manageresources-display-component---newResourceUnit--RUTimeSegment-0-arrow\"]"}
COMMAND: POST /session/7668c2c3023bec11a4154fc7238a1576/element/f.37D6AA7C4787DF83AABC3389E6961F13.d.40D767A57DFB70FCF84518E86503C373.e.2284/click - {}
RESULT: {}
COMMAND: POST /session/7668c2c3023bec11a4154fc7238a1576/execute/async - {"script":"<script> [1562 bytes]","args":[{"selector":{"controlType":"sap.m.StandardListItem","viewName":"reusables.view.manageresources.NewResourceUnit","viewId":"application-manageresources-display-component---newResourceUnit","properties":{"title":"PM Order"},"searchOpenDialogs":true,"interaction":{"idSuffix":"titleText"}},"wdio_ui5_key":"reusablesview.manageresources.NewResourceUnitsap.m.StandardListItem{\"title\":\"PM Order\"}"}]}
COMMAND: GET /session/7668c2c3023bec11a4154fc7238a1576/screenshot - {}
RESULT: {"script":"<script> [1562 bytes]","args":[{"selector":{"controlType":"sap.m.StandardListItem","viewName":"reusables.view.manageresources.NewResourceUnit","viewId":"application-manageresources-display-component---newResourceUnit","properties":{"title":"PM Order"},"searchOpenDialogs":true,"interaction":{"idSuffix":"titleText"}},"wdio_ui5_key":"reusablesview.manageresources.NewResourceUnitsap.m.StandardListItem{\"title\":\"PM Order\"}"}]}
RESULT: undefined
COMMAND: POST /session/7668c2c3023bec11a4154fc7238a1576/element - {"using":"xpath","value":"//*[@id=\"__item1946\"]"}
RESULT: {}
RESULT: {"using":"xpath","value":"//*[@id=\"__item1946\"]"}
COMMAND: POST /session/7668c2c3023bec11a4154fc7238a1576/element/f.37D6AA7C4787DF83AABC3389E6961F13.d.40D767A57DFB70FCF84518E86503C373.e.2288/click - {}
RESULT: {}
COMMAND: GET /session/7668c2c3023bec11a4154fc7238a1576/screenshot - {}
RESULT: {}
COMMAND: POST /session/7668c2c3023bec11a4154fc7238a1576/element - {"using":"xpath","value":"(//input[contains(@id ,\"-application-manageresources-display-component---newResourceUnit--RUTimeSegment-0-inner\")])[8]"}
RESULT: {"using":"xpath","value":"(//input[contains(@id ,\"-application-manageresources-display-component---newResourceUnit--RUTimeSegment-0-inner\")])[8]"}
COMMAND: POST /session/7668c2c3023bec11a4154fc7238a1576/element/f.37D6AA7C4787DF83AABC3389E6961F13.d.40D767A57DFB70FCF84518E86503C373.e.2291/clear - {}
RESULT: {}
COMMAND: POST /session/7668c2c3023bec11a4154fc7238a1576/element/f.37D6AA7C4787DF83AABC3389E6961F13.d.40D767A57DFB70FCF84518E86503C373.e.2291/value - {"text":"4000360"}
COMMAND: GET /session/7668c2c3023bec11a4154fc7238a1576/screenshot - {}
RESULT: {}
RESULT: {"text":"4000360"}
COMMAND: GET /session/7668c2c3023bec11a4154fc7238a1576/screenshot - {}
RESULT: {}
COMMAND: POST /session/7668c2c3023bec11a4154fc7238a1576/actions - {"actions":[{"id":"action8","type":"key","parameters":{},"actions":[{"type":"keyDown","value":""},{"type":"pause","duration":10},{"type":"keyUp","value":""}]}]}
RESULT: {"actions":[{"id":"action8","type":"key","parameters":{},"actions":[{"type":"keyDown","value":""},{"type":"pause","duration":10},{"type":"keyUp","value":""}]}]}
COMMAND: GET /session/7668c2c3023bec11a4154fc7238a1576/screenshot - {}
RESULT: {}
COMMAND: POST /session/7668c2c3023bec11a4154fc7238a1576/element - {"using":"xpath","value":"//input[contains(@id ,\"application-manageresources-display-component---newResourceUnit--newTimeSegmentFromDatePicker-application-manageresources-display-component---newResourceUnit--RUTimeSegment-0-inner\")]"}
RESULT: {"using":"xpath","value":"//input[contains(@id ,\"application-manageresources-display-component---newResourceUnit--newTimeSegmentFromDatePicker-application-manageresources-display-component---newResourceUnit--RUTimeSegment-0-inner\")]"}
COMMAND: POST /session/7668c2c3023bec11a4154fc7238a1576/element/f.37D6AA7C4787DF83AABC3389E6961F13.d.40D767A57DFB70FCF84518E86503C373.e.2273/clear - {}
RESULT: {}
COMMAND: POST /session/7668c2c3023bec11a4154fc7238a1576/element/f.37D6AA7C4787DF83AABC3389E6961F13.d.40D767A57DFB70FCF84518E86503C373.e.2273/clear - {}
COMMAND: GET /session/7668c2c3023bec11a4154fc7238a1576/screenshot - {}
RESULT: {}
COMMAND: POST /session/7668c2c3023bec11a4154fc7238a1576/element/f.37D6AA7C4787DF83AABC3389E6961F13.d.40D767A57DFB70FCF84518E86503C373.e.2273/value - {"text":"07/01/24"}
COMMAND: GET /session/7668c2c3023bec11a4154fc7238a1576/screenshot - {}
RESULT: {}
RESULT: {"text":"07/01/24"}
COMMAND: POST /session/7668c2c3023bec11a4154fc7238a1576/execute/async - {"script":"<script> [1562 bytes]","args":[{"selector":{"id":"application-manageresources-display-component---newResourceUnit--newRRUPage-anchBar-application-manageresources-display-component---newResourceUnit--resource-anchor","interaction":{"idSuffix":"BDI-content"}},"wdio_ui5_key":"applicationmanageresources-display-component---newResourceUnit--newRRUPage-anchBar-application-manageresources-display-component---newResourceUnit--resource-anchor"}]}
COMMAND: GET /session/7668c2c3023bec11a4154fc7238a1576/screenshot - {}
RESULT: {}
RESULT: {"script":"<script> [1562 bytes]","args":[{"selector":{"id":"application-manageresources-display-component---newResourceUnit--newRRUPage-anchBar-application-manageresources-display-component---newResourceUnit--resource-anchor","interaction":{"idSuffix":"BDI-content"}},"wdio_ui5_key":"applicationmanageresources-display-component---newResourceUnit--newRRUPage-anchBar-application-manageresources-display-component---newResourceUnit--resource-anchor"}]}
RESULT: undefined
COMMAND: POST /session/7668c2c3023bec11a4154fc7238a1576/element - {"using":"xpath","value":"//*[@id=\"application-manageresources-display-component---newResourceUnit--newRRUPage-anchBar-application-manageresources-display-component---newResourceUnit--resource-anchor\"]"}
RESULT: {}
RESULT: {"using":"xpath","value":"//*[@id=\"application-manageresources-display-component---newResourceUnit--newRRUPage-anchBar-application-manageresources-display-component---newResourceUnit--resource-anchor\"]"}
COMMAND: POST /session/7668c2c3023bec11a4154fc7238a1576/element/f.37D6AA7C4787DF83AABC3389E6961F13.d.40D767A57DFB70FCF84518E86503C373.e.2312/click - {}
RESULT: {}
COMMAND: POST /session/7668c2c3023bec11a4154fc7238a1576/execute/async - {"script":"<script> [1562 bytes]","args":[{"selector":{"id":"application-manageresources-display-component---newResourceUnit--PLANNED_DELIVERY_DATE","interaction":{"idSuffix":"inner"}},"wdio_ui5_key":"applicationmanageresources-display-component---newResourceUnit--PLANNED_DELIVERY_DATE"}]}
COMMAND: GET /session/7668c2c3023bec11a4154fc7238a1576/screenshot - {}
RESULT: {"script":"<script> [1562 bytes]","args":[{"selector":{"id":"application-manageresources-display-component---newResourceUnit--PLANNED_DELIVERY_DATE","interaction":{"idSuffix":"inner"}},"wdio_ui5_key":"applicationmanageresources-display-component---newResourceUnit--PLANNED_DELIVERY_DATE"}]}
RESULT: undefined
COMMAND: POST /session/7668c2c3023bec11a4154fc7238a1576/execute/async - {"script":"<script> [6424 bytes]","args":[{"element-6066-11e4-a52e-4f735466cecf":"f.37D6AA7C4787DF83AABC3389E6961F13.d.40D767A57DFB70FCF84518E86503C373.e.2137"},"setValue",["07/01/24"]]}
RESULT: {}
RESULT: {"script":"<script> [6424 bytes]","args":[{"element-6066-11e4-a52e-4f735466cecf":"f.37D6AA7C4787DF83AABC3389E6961F13.d.40D767A57DFB70FCF84518E86503C373.e.2137"},"setValue",["07/01/24"]]}
COMMAND: POST /session/7668c2c3023bec11a4154fc7238a1576/execute/async - {"script":"<script> [1562 bytes]","args":[{"selector":{"id":"application-manageresources-display-component---newResourceUnit--RETIRE_PLANNED_DATE","interaction":{"idSuffix":"inner"}},"wdio_ui5_key":"applicationmanageresources-display-component---newResourceUnit--RETIRE_PLANNED_DATE"}]}
RESULT: {"script":"<script> [1562 bytes]","args":[{"selector":{"id":"application-manageresources-display-component---newResourceUnit--RETIRE_PLANNED_DATE","interaction":{"idSuffix":"inner"}},"wdio_ui5_key":"applicationmanageresources-display-component---newResourceUnit--RETIRE_PLANNED_DATE"}]}
RESULT: undefined
COMMAND: POST /session/7668c2c3023bec11a4154fc7238a1576/execute/async - {"script":"<script> [776 bytes]","args":[{"enterText":"3/14/29","selector":{"id":"application-manageresources-display-component---newResourceUnit--RETIRE_PLANNED_DATE","interaction":{"idSuffix":"inner"}},"clearTextFirst":true,"interactionType":"ENTER_TEXT"}]}
RESULT: {"script":"<script> [776 bytes]","args":[{"enterText":"3/14/29","selector":{"id":"application-manageresources-display-component---newResourceUnit--RETIRE_PLANNED_DATE","interaction":{"idSuffix":"inner"}},"clearTextFirst":true,"interactionType":"ENTER_TEXT"}]}
RESULT: undefined
COMMAND: POST /session/7668c2c3023bec11a4154fc7238a1576/element - {"using":"xpath","value":"//*[@id=\"application-manageresources-display-component---newResourceUnit--createRuButton\"]"}
RESULT: {"using":"xpath","value":"//*[@id=\"application-manageresources-display-component---newResourceUnit--createRuButton\"]"}
COMMAND: POST /session/7668c2c3023bec11a4154fc7238a1576/element/f.37D6AA7C4787DF83AABC3389E6961F13.d.40D767A57DFB70FCF84518E86503C373.e.2097/click - {}
RESULT: {}
COMMAND: GET /session/7668c2c3023bec11a4154fc7238a1576/screenshot - {}
RESULT: {}
COMMAND: POST /session/7668c2c3023bec11a4154fc7238a1576/element - {"using":"xpath","value":"(//bdi[contains(text(), \"Close\")])[1]"}
RESULT: {"using":"xpath","value":"(//bdi[contains(text(), \"Close\")])[1]"}
COMMAND: POST /session/7668c2c3023bec11a4154fc7238a1576/element/f.37D6AA7C4787DF83AABC3389E6961F13.d.40D767A57DFB70FCF84518E86503C373.e.2324/click - {}
RESULT: {}
COMMAND: GET /session/7668c2c3023bec11a4154fc7238a1576/screenshot - {}
]]></system-out>
    </testcase>
    <testcase classname="chrome.136_0_7103_93.windows.Related_resources_for_groups_US139107" name="Should create one more equipment using copy function and add it to the group" time="37.705">
      <failure/>
      <error message="element not interactable&#xA;  (Session info: chrome=136.0.7103.93)"/>
      <system-out><![CDATA[
COMMAND: POST /session/7668c2c3023bec11a4154fc7238a1576/element - {"using":"xpath","value":"//span[contains(@id ,\"actionsToolbar-overflowButton-img\")]"}
RESULT: {}
RESULT: {"using":"xpath","value":"//span[contains(@id ,\"actionsToolbar-overflowButton-img\")]"}
COMMAND: POST /session/7668c2c3023bec11a4154fc7238a1576/execute/sync - {"script":"<script> [8489 bytes]","args":[{"element-6066-11e4-a52e-4f735466cecf":"f.37D6AA7C4787DF83AABC3389E6961F13.d.40D767A57DFB70FCF84518E86503C373.e.2356","ELEMENT":"f.37D6AA7C4787DF83AABC3389E6961F13.d.40D767A57DFB70FCF84518E86503C373.e.2356"}]}
RESULT: {"script":"<script> [8489 bytes]","args":[{"element-6066-11e4-a52e-4f735466cecf":"f.37D6AA7C4787DF83AABC3389E6961F13.d.40D767A57DFB70FCF84518E86503C373.e.2356","ELEMENT":"f.37D6AA7C4787DF83AABC3389E6961F13.d.40D767A57DFB70FCF84518E86503C373.e.2356"}]}
COMMAND: POST /session/7668c2c3023bec11a4154fc7238a1576/execute/sync - {"script":"<script> [5351 bytes]","args":[{"element-6066-11e4-a52e-4f735466cecf":"f.37D6AA7C4787DF83AABC3389E6961F13.d.40D767A57DFB70FCF84518E86503C373.e.2356","ELEMENT":"f.37D6AA7C4787DF83AABC3389E6961F13.d.40D767A57DFB70FCF84518E86503C373.e.2356"}]}
COMMAND: GET /session/7668c2c3023bec11a4154fc7238a1576/screenshot - {}
RESULT: {"script":"<script> [5351 bytes]","args":[{"element-6066-11e4-a52e-4f735466cecf":"f.37D6AA7C4787DF83AABC3389E6961F13.d.40D767A57DFB70FCF84518E86503C373.e.2356","ELEMENT":"f.37D6AA7C4787DF83AABC3389E6961F13.d.40D767A57DFB70FCF84518E86503C373.e.2356"}]}
COMMAND: GET /session/7668c2c3023bec11a4154fc7238a1576/screenshot - {}
COMMAND: POST /session/7668c2c3023bec11a4154fc7238a1576/execute/sync - {"script":"<script> [8489 bytes]","args":[{"element-6066-11e4-a52e-4f735466cecf":"f.37D6AA7C4787DF83AABC3389E6961F13.d.40D767A57DFB70FCF84518E86503C373.e.2356","ELEMENT":"f.37D6AA7C4787DF83AABC3389E6961F13.d.40D767A57DFB70FCF84518E86503C373.e.2356"}]}
RESULT: {}
RESULT: {}
RESULT: {"script":"<script> [8489 bytes]","args":[{"element-6066-11e4-a52e-4f735466cecf":"f.37D6AA7C4787DF83AABC3389E6961F13.d.40D767A57DFB70FCF84518E86503C373.e.2356","ELEMENT":"f.37D6AA7C4787DF83AABC3389E6961F13.d.40D767A57DFB70FCF84518E86503C373.e.2356"}]}
COMMAND: POST /session/7668c2c3023bec11a4154fc7238a1576/execute/sync - {"script":"<script> [5351 bytes]","args":[{"element-6066-11e4-a52e-4f735466cecf":"f.37D6AA7C4787DF83AABC3389E6961F13.d.40D767A57DFB70FCF84518E86503C373.e.2356","ELEMENT":"f.37D6AA7C4787DF83AABC3389E6961F13.d.40D767A57DFB70FCF84518E86503C373.e.2356"}]}
COMMAND: GET /session/7668c2c3023bec11a4154fc7238a1576/screenshot - {}
RESULT: {"script":"<script> [5351 bytes]","args":[{"element-6066-11e4-a52e-4f735466cecf":"f.37D6AA7C4787DF83AABC3389E6961F13.d.40D767A57DFB70FCF84518E86503C373.e.2356","ELEMENT":"f.37D6AA7C4787DF83AABC3389E6961F13.d.40D767A57DFB70FCF84518E86503C373.e.2356"}]}
COMMAND: POST /session/7668c2c3023bec11a4154fc7238a1576/element/f.37D6AA7C4787DF83AABC3389E6961F13.d.40D767A57DFB70FCF84518E86503C373.e.2356/click - {}
COMMAND: GET /session/7668c2c3023bec11a4154fc7238a1576/screenshot - {}
RESULT: {}
RESULT: {}
COMMAND: GET /session/7668c2c3023bec11a4154fc7238a1576/screenshot - {}
RESULT: {}
RESULT: {}
COMMAND: POST /session/7668c2c3023bec11a4154fc7238a1576/execute/async - {"script":"<script> [1562 bytes]","args":[{"selector":{"controlType":"sap.m.Button","viewName":"etm.portal.ui.manageresources.view.Detail","viewId":"application-manageresources-display-component---detailRU","i18NText":{"propertyName":"text","key":"copy"},"interaction":{"idSuffix":"BDI-content"}},"wdio_ui5_key":"etmportal.ui.manageresources.view.Detailsap.m.Button{\"propertyName\":\"text\",\"key\":\"copy\"}"}]}
RESULT: {"script":"<script> [1562 bytes]","args":[{"selector":{"controlType":"sap.m.Button","viewName":"etm.portal.ui.manageresources.view.Detail","viewId":"application-manageresources-display-component---detailRU","i18NText":{"propertyName":"text","key":"copy"},"interaction":{"idSuffix":"BDI-content"}},"wdio_ui5_key":"etmportal.ui.manageresources.view.Detailsap.m.Button{\"propertyName\":\"text\",\"key\":\"copy\"}"}]}
RESULT: undefined
COMMAND: POST /session/7668c2c3023bec11a4154fc7238a1576/element - {"using":"xpath","value":"//*[@id=\"__button117\"]"}
RESULT: {"using":"xpath","value":"//*[@id=\"__button117\"]"}
COMMAND: POST /session/7668c2c3023bec11a4154fc7238a1576/element/f.37D6AA7C4787DF83AABC3389E6961F13.d.40D767A57DFB70FCF84518E86503C373.e.2360/click - {}
RESULT: {}
COMMAND: GET /session/7668c2c3023bec11a4154fc7238a1576/screenshot - {}
RESULT: {}
COMMAND: POST /session/7668c2c3023bec11a4154fc7238a1576/execute/async - {"script":"<script> [1562 bytes]","args":[{"selector":{"controlType":"sap.m.Button","viewName":"etm.portal.ui.manageresources.view.Detail","viewId":"application-manageresources-display-component---detailRU","i18NText":{"propertyName":"text","key":"selectAll"},"searchOpenDialogs":true,"interaction":{"idSuffix":"BDI-content"}},"wdio_ui5_key":"etmportal.ui.manageresources.view.Detailsap.m.Button{\"propertyName\":\"text\",\"key\":\"selectAll\"}"}]}
RESULT: {"script":"<script> [1562 bytes]","args":[{"selector":{"controlType":"sap.m.Button","viewName":"etm.portal.ui.manageresources.view.Detail","viewId":"application-manageresources-display-component---detailRU","i18NText":{"propertyName":"text","key":"selectAll"},"searchOpenDialogs":true,"interaction":{"idSuffix":"BDI-content"}},"wdio_ui5_key":"etmportal.ui.manageresources.view.Detailsap.m.Button{\"propertyName\":\"text\",\"key\":\"selectAll\"}"}]}
RESULT: undefined
COMMAND: POST /session/7668c2c3023bec11a4154fc7238a1576/element - {"using":"xpath","value":"//*[@id=\"__button168\"]"}
RESULT: {"using":"xpath","value":"//*[@id=\"__button168\"]"}
COMMAND: POST /session/7668c2c3023bec11a4154fc7238a1576/element/f.37D6AA7C4787DF83AABC3389E6961F13.d.40D767A57DFB70FCF84518E86503C373.e.2361/click - {}
RESULT: {}
COMMAND: GET /session/7668c2c3023bec11a4154fc7238a1576/screenshot - {}
RESULT: {}
COMMAND: POST /session/7668c2c3023bec11a4154fc7238a1576/execute/async - {"script":"<script> [1562 bytes]","args":[{"selector":{"controlType":"sap.m.Button","viewName":"etm.portal.ui.manageresources.view.Detail","viewId":"application-manageresources-display-component---detailRU","i18NText":{"propertyName":"text","key":"confirm"},"searchOpenDialogs":true,"interaction":{"idSuffix":"content"}},"wdio_ui5_key":"etmportal.ui.manageresources.view.Detailsap.m.Button{\"propertyName\":\"text\",\"key\":\"confirm\"}"}]}
RESULT: {"script":"<script> [1562 bytes]","args":[{"selector":{"controlType":"sap.m.Button","viewName":"etm.portal.ui.manageresources.view.Detail","viewId":"application-manageresources-display-component---detailRU","i18NText":{"propertyName":"text","key":"confirm"},"searchOpenDialogs":true,"interaction":{"idSuffix":"content"}},"wdio_ui5_key":"etmportal.ui.manageresources.view.Detailsap.m.Button{\"propertyName\":\"text\",\"key\":\"confirm\"}"}]}
RESULT: undefined
COMMAND: POST /session/7668c2c3023bec11a4154fc7238a1576/element - {"using":"xpath","value":"//*[@id=\"__button169\"]"}
RESULT: {"using":"xpath","value":"//*[@id=\"__button169\"]"}
COMMAND: POST /session/7668c2c3023bec11a4154fc7238a1576/element/f.37D6AA7C4787DF83AABC3389E6961F13.d.40D767A57DFB70FCF84518E86503C373.e.2385/click - {}
RESULT: {}
COMMAND: GET /session/7668c2c3023bec11a4154fc7238a1576/screenshot - {}
RESULT: {}
COMMAND: POST /session/7668c2c3023bec11a4154fc7238a1576/element - {"using":"xpath","value":"(//span[contains(@id ,\"expandBtn-inner\")])[2]"}
RESULT: {"using":"xpath","value":"(//span[contains(@id ,\"expandBtn-inner\")])[2]"}
COMMAND: POST /session/7668c2c3023bec11a4154fc7238a1576/element/f.37D6AA7C4787DF83AABC3389E6961F13.d.40D767A57DFB70FCF84518E86503C373.e.2394/click - {}
RESULT: {}
COMMAND: GET /session/7668c2c3023bec11a4154fc7238a1576/screenshot - {}
RESULT: {}
COMMAND: POST /session/7668c2c3023bec11a4154fc7238a1576/element - {"using":"xpath","value":"//input[contains(@id ,\"application-manageresources-display-component---newResourceUnit--resourceId-inner\")]"}
RESULT: {"using":"xpath","value":"//input[contains(@id ,\"application-manageresources-display-component---newResourceUnit--resourceId-inner\")]"}
COMMAND: POST /session/7668c2c3023bec11a4154fc7238a1576/element/f.37D6AA7C4787DF83AABC3389E6961F13.d.40D767A57DFB70FCF84518E86503C373.e.2101/clear - {}
COMMAND: GET /session/7668c2c3023bec11a4154fc7238a1576/screenshot - {}
RESULT: {}
]]></system-out>
      <system-err><![CDATA[
element not interactable: element not interactable
  (Session info: chrome=136.0.7103.93)
    at async Context.<anonymous> (D:\a\1\s\test\specs\R2C\related-resources-area-rpg.spec.js:643:9)
]]></system-err>
    </testcase>
    <testcase classname="chrome.136_0_7103_93.windows.Related_resources_for_groups_US139107" name="Should verify the Yard Overview hyperlinks in related resource" time="29.795">
      <failure/>
      <error message="expect(received).toEqual(expected) // deep equality&#xA;&#xA;Expected: &quot;Records (2)&quot;&#xA;Received: &quot;Records (1)&quot;"/>
      <system-out><![CDATA[
COMMAND: POST /session/7668c2c3023bec11a4154fc7238a1576/execute/async - {"script":"<script> [1562 bytes]","args":[{"selector":{"controlType":"sap.ui.core.Icon","viewName":"etm.portal.ui.manageresources.view.Detail","viewId":"application-manageresources-display-component---detailRU","properties":{"src":{"regex":{"source":"decline"}}}},"wdio_ui5_key":"etmportal.ui.manageresources.view.Detailsap.ui.core.Icon{\"src\":{\"regex\":{\"source\":\"decline\"}}}"}]}
COMMAND: GET /session/7668c2c3023bec11a4154fc7238a1576/screenshot - {}
RESULT: {"script":"<script> [1562 bytes]","args":[{"selector":{"controlType":"sap.ui.core.Icon","viewName":"etm.portal.ui.manageresources.view.Detail","viewId":"application-manageresources-display-component---detailRU","properties":{"src":{"regex":{"source":"decline"}}}},"wdio_ui5_key":"etmportal.ui.manageresources.view.Detailsap.ui.core.Icon{\"src\":{\"regex\":{\"source\":\"decline\"}}}"}]}
RESULT: undefined
RESULT: {}
COMMAND: POST /session/7668c2c3023bec11a4154fc7238a1576/element - {"using":"xpath","value":"//input[contains(@id ,\"application-manageresources-display-component---masterRU--smartFilterBar-btnBasicSearch-I\")]"}
RESULT: {"using":"xpath","value":"//input[contains(@id ,\"application-manageresources-display-component---masterRU--smartFilterBar-btnBasicSearch-I\")]"}
COMMAND: POST /session/7668c2c3023bec11a4154fc7238a1576/element/f.37D6AA7C4787DF83AABC3389E6961F13.d.40D767A57DFB70FCF84518E86503C373.e.1745/value - {"text":"WdIORUGroupnjase"}
RESULT: {"text":"WdIORUGroupnjase"}
COMMAND: GET /session/7668c2c3023bec11a4154fc7238a1576/screenshot - {}
RESULT: {}
COMMAND: POST /session/7668c2c3023bec11a4154fc7238a1576/actions - {"actions":[{"id":"action9","type":"key","parameters":{},"actions":[{"type":"keyDown","value":""},{"type":"pause","duration":10},{"type":"keyUp","value":""}]}]}
RESULT: {"actions":[{"id":"action9","type":"key","parameters":{},"actions":[{"type":"keyDown","value":""},{"type":"pause","duration":10},{"type":"keyUp","value":""}]}]}
COMMAND: GET /session/7668c2c3023bec11a4154fc7238a1576/screenshot - {}
RESULT: {}
COMMAND: POST /session/7668c2c3023bec11a4154fc7238a1576/execute/async - {"script":"<script> [1562 bytes]","args":[{"selector":{"controlType":"sap.ui.core.Icon","viewName":"etm.portal.ui.manageresources.view.Master","viewId":"application-manageresources-display-component---masterRU","properties":{"src":{"regex":{"source":"slim\\-arrow\\-right"}}}},"wdio_ui5_key":"etmportal.ui.manageresources.view.Mastersap.ui.core.Icon{\"src\":{\"regex\":{\"source\":\"slim\\\\-arrow\\\\-right\"}}}"}]}
RESULT: {"script":"<script> [1562 bytes]","args":[{"selector":{"controlType":"sap.ui.core.Icon","viewName":"etm.portal.ui.manageresources.view.Master","viewId":"application-manageresources-display-component---masterRU","properties":{"src":{"regex":{"source":"slim\\-arrow\\-right"}}}},"wdio_ui5_key":"etmportal.ui.manageresources.view.Mastersap.ui.core.Icon{\"src\":{\"regex\":{\"source\":\"slim\\\\-arrow\\\\-right\"}}}"}]}
RESULT: undefined
COMMAND: POST /session/7668c2c3023bec11a4154fc7238a1576/element - {"using":"xpath","value":"//*[@id=\"__item719-__clone1872-imgNav\"]"}
RESULT: {"using":"xpath","value":"//*[@id=\"__item719-__clone1872-imgNav\"]"}
COMMAND: POST /session/7668c2c3023bec11a4154fc7238a1576/element/f.37D6AA7C4787DF83AABC3389E6961F13.d.40D767A57DFB70FCF84518E86503C373.e.1915/click - {}
RESULT: {}
COMMAND: GET /session/7668c2c3023bec11a4154fc7238a1576/screenshot - {}
RESULT: {}
COMMAND: POST /session/7668c2c3023bec11a4154fc7238a1576/element - {"using":"xpath","value":"//bdi[contains(@id ,\"application-manageresources-display-component---detailRU--openRelatedRus-BDI-content\")]"}
RESULT: {"using":"xpath","value":"//bdi[contains(@id ,\"application-manageresources-display-component---detailRU--openRelatedRus-BDI-content\")]"}
COMMAND: POST /session/7668c2c3023bec11a4154fc7238a1576/element - {"using":"xpath","value":"//bdi[contains(@id ,\"application-manageresources-display-component---detailRU--openRelatedRus-BDI-content\")]"}
RESULT: {"using":"xpath","value":"//bdi[contains(@id ,\"application-manageresources-display-component---detailRU--openRelatedRus-BDI-content\")]"}
COMMAND: POST /session/7668c2c3023bec11a4154fc7238a1576/element - {"using":"xpath","value":"//bdi[contains(@id ,\"application-manageresources-display-component---detailRU--openRelatedRus-BDI-content\")]"}
RESULT: {"using":"xpath","value":"//bdi[contains(@id ,\"application-manageresources-display-component---detailRU--openRelatedRus-BDI-content\")]"}
COMMAND: POST /session/7668c2c3023bec11a4154fc7238a1576/element - {"using":"xpath","value":"//bdi[contains(@id ,\"application-manageresources-display-component---detailRU--openRelatedRus-BDI-content\")]"}
RESULT: {"using":"xpath","value":"//bdi[contains(@id ,\"application-manageresources-display-component---detailRU--openRelatedRus-BDI-content\")]"}
COMMAND: POST /session/7668c2c3023bec11a4154fc7238a1576/execute/sync - {"script":"<script> [8489 bytes]","args":[{"element-6066-11e4-a52e-4f735466cecf":"f.37D6AA7C4787DF83AABC3389E6961F13.d.40D767A57DFB70FCF84518E86503C373.e.2563","ELEMENT":"f.37D6AA7C4787DF83AABC3389E6961F13.d.40D767A57DFB70FCF84518E86503C373.e.2563"}]}
RESULT: {"script":"<script> [8489 bytes]","args":[{"element-6066-11e4-a52e-4f735466cecf":"f.37D6AA7C4787DF83AABC3389E6961F13.d.40D767A57DFB70FCF84518E86503C373.e.2563","ELEMENT":"f.37D6AA7C4787DF83AABC3389E6961F13.d.40D767A57DFB70FCF84518E86503C373.e.2563"}]}
COMMAND: POST /session/7668c2c3023bec11a4154fc7238a1576/execute/sync - {"script":"<script> [5351 bytes]","args":[{"element-6066-11e4-a52e-4f735466cecf":"f.37D6AA7C4787DF83AABC3389E6961F13.d.40D767A57DFB70FCF84518E86503C373.e.2563","ELEMENT":"f.37D6AA7C4787DF83AABC3389E6961F13.d.40D767A57DFB70FCF84518E86503C373.e.2563"}]}
COMMAND: GET /session/7668c2c3023bec11a4154fc7238a1576/screenshot - {}
RESULT: {"script":"<script> [5351 bytes]","args":[{"element-6066-11e4-a52e-4f735466cecf":"f.37D6AA7C4787DF83AABC3389E6961F13.d.40D767A57DFB70FCF84518E86503C373.e.2563","ELEMENT":"f.37D6AA7C4787DF83AABC3389E6961F13.d.40D767A57DFB70FCF84518E86503C373.e.2563"}]}
COMMAND: POST /session/7668c2c3023bec11a4154fc7238a1576/element/f.37D6AA7C4787DF83AABC3389E6961F13.d.40D767A57DFB70FCF84518E86503C373.e.2563/click - {}
COMMAND: GET /session/7668c2c3023bec11a4154fc7238a1576/screenshot - {}
RESULT: {}
RESULT: {}
COMMAND: GET /session/7668c2c3023bec11a4154fc7238a1576/screenshot - {}
RESULT: {}
RESULT: {}
COMMAND: POST /session/7668c2c3023bec11a4154fc7238a1576/element - {"using":"xpath","value":"//*[contains(@data-kt ,\"openRUIdMenuLink\")]"}
RESULT: {"using":"xpath","value":"//*[contains(@data-kt ,\"openRUIdMenuLink\")]"}
COMMAND: POST /session/7668c2c3023bec11a4154fc7238a1576/execute/sync - {"script":"<script> [8489 bytes]","args":[{"element-6066-11e4-a52e-4f735466cecf":"f.37D6AA7C4787DF83AABC3389E6961F13.d.40D767A57DFB70FCF84518E86503C373.e.2631","ELEMENT":"f.37D6AA7C4787DF83AABC3389E6961F13.d.40D767A57DFB70FCF84518E86503C373.e.2631"}]}
RESULT: {"script":"<script> [8489 bytes]","args":[{"element-6066-11e4-a52e-4f735466cecf":"f.37D6AA7C4787DF83AABC3389E6961F13.d.40D767A57DFB70FCF84518E86503C373.e.2631","ELEMENT":"f.37D6AA7C4787DF83AABC3389E6961F13.d.40D767A57DFB70FCF84518E86503C373.e.2631"}]}
COMMAND: POST /session/7668c2c3023bec11a4154fc7238a1576/execute/sync - {"script":"<script> [5351 bytes]","args":[{"element-6066-11e4-a52e-4f735466cecf":"f.37D6AA7C4787DF83AABC3389E6961F13.d.40D767A57DFB70FCF84518E86503C373.e.2631","ELEMENT":"f.37D6AA7C4787DF83AABC3389E6961F13.d.40D767A57DFB70FCF84518E86503C373.e.2631"}]}
COMMAND: GET /session/7668c2c3023bec11a4154fc7238a1576/screenshot - {}
RESULT: {"script":"<script> [5351 bytes]","args":[{"element-6066-11e4-a52e-4f735466cecf":"f.37D6AA7C4787DF83AABC3389E6961F13.d.40D767A57DFB70FCF84518E86503C373.e.2631","ELEMENT":"f.37D6AA7C4787DF83AABC3389E6961F13.d.40D767A57DFB70FCF84518E86503C373.e.2631"}]}
COMMAND: POST /session/7668c2c3023bec11a4154fc7238a1576/execute/async - {"script":"<script> [1562 bytes]","args":[{"selector":{"id":"RelatedRUsFragmentID--smartTableRUs-header","searchOpenDialogs":true},"wdio_ui5_key":"RelatedRUsFragmentIDsmartTableRUs-header"}]}
COMMAND: GET /session/7668c2c3023bec11a4154fc7238a1576/screenshot - {}
RESULT: {}
RESULT: {"script":"<script> [1562 bytes]","args":[{"selector":{"id":"RelatedRUsFragmentID--smartTableRUs-header","searchOpenDialogs":true},"wdio_ui5_key":"RelatedRUsFragmentIDsmartTableRUs-header"}]}
RESULT: undefined
COMMAND: POST /session/7668c2c3023bec11a4154fc7238a1576/execute/async - {"script":"<script> [6424 bytes]","args":[{"element-6066-11e4-a52e-4f735466cecf":"f.37D6AA7C4787DF83AABC3389E6961F13.d.40D767A57DFB70FCF84518E86503C373.e.2632"},"getText",[]]}
RESULT: {}
RESULT: {"script":"<script> [6424 bytes]","args":[{"element-6066-11e4-a52e-4f735466cecf":"f.37D6AA7C4787DF83AABC3389E6961F13.d.40D767A57DFB70FCF84518E86503C373.e.2632"},"getText",[]]}
COMMAND: GET /session/7668c2c3023bec11a4154fc7238a1576/screenshot - {}
RESULT: {}
]]></system-out>
      <system-err><![CDATA[
Error: expect(received).toEqual(expected) // deep equality

Expected: "Records (2)"
Received: "Records (1)"
    at Context.<anonymous> (D:\a\1\s\test\specs\R2C\related-resources-area-rpg.spec.js:808:31)
]]></system-err>
    </testcase>
    <testcase classname="chrome.136_0_7103_93.windows.Related_resources_for_groups_US139107" name="Should verify the current location hyperlinks in related resources" time="198.401">
      <system-out><![CDATA[
COMMAND: POST /session/7668c2c3023bec11a4154fc7238a1576/element - {"using":"xpath","value":"//*[contains(@data-kt ,\"openLocationActionMenuLink\")]"}
COMMAND: GET /session/7668c2c3023bec11a4154fc7238a1576/screenshot - {}
RESULT: {"using":"xpath","value":"//*[contains(@data-kt ,\"openLocationActionMenuLink\")]"}
COMMAND: POST /session/7668c2c3023bec11a4154fc7238a1576/execute/sync - {"script":"<script> [8489 bytes]","args":[{"element-6066-11e4-a52e-4f735466cecf":"f.37D6AA7C4787DF83AABC3389E6961F13.d.40D767A57DFB70FCF84518E86503C373.e.2633","ELEMENT":"f.37D6AA7C4787DF83AABC3389E6961F13.d.40D767A57DFB70FCF84518E86503C373.e.2633"}]}
RESULT: {}
RESULT: {"script":"<script> [8489 bytes]","args":[{"element-6066-11e4-a52e-4f735466cecf":"f.37D6AA7C4787DF83AABC3389E6961F13.d.40D767A57DFB70FCF84518E86503C373.e.2633","ELEMENT":"f.37D6AA7C4787DF83AABC3389E6961F13.d.40D767A57DFB70FCF84518E86503C373.e.2633"}]}
COMMAND: POST /session/7668c2c3023bec11a4154fc7238a1576/execute/sync - {"script":"<script> [5351 bytes]","args":[{"element-6066-11e4-a52e-4f735466cecf":"f.37D6AA7C4787DF83AABC3389E6961F13.d.40D767A57DFB70FCF84518E86503C373.e.2633","ELEMENT":"f.37D6AA7C4787DF83AABC3389E6961F13.d.40D767A57DFB70FCF84518E86503C373.e.2633"}]}
COMMAND: GET /session/7668c2c3023bec11a4154fc7238a1576/screenshot - {}
RESULT: {"script":"<script> [5351 bytes]","args":[{"element-6066-11e4-a52e-4f735466cecf":"f.37D6AA7C4787DF83AABC3389E6961F13.d.40D767A57DFB70FCF84518E86503C373.e.2633","ELEMENT":"f.37D6AA7C4787DF83AABC3389E6961F13.d.40D767A57DFB70FCF84518E86503C373.e.2633"}]}
COMMAND: POST /session/7668c2c3023bec11a4154fc7238a1576/element/f.37D6AA7C4787DF83AABC3389E6961F13.d.40D767A57DFB70FCF84518E86503C373.e.2633/click - {}
COMMAND: GET /session/7668c2c3023bec11a4154fc7238a1576/screenshot - {}
RESULT: {}
RESULT: {}
COMMAND: GET /session/7668c2c3023bec11a4154fc7238a1576/screenshot - {}
RESULT: {}
RESULT: {}
COMMAND: POST /session/7668c2c3023bec11a4154fc7238a1576/element - {"using":"xpath","value":"//a[contains(@class ,\"sapMLnk sapMLnkMaxWidth sapUiTinyMarginTop\")][contains(text(), \"Yard Overview\")]"}
RESULT: {"using":"xpath","value":"//a[contains(@class ,\"sapMLnk sapMLnkMaxWidth sapUiTinyMarginTop\")][contains(text(), \"Yard Overview\")]"}
COMMAND: POST /session/7668c2c3023bec11a4154fc7238a1576/execute/sync - {"script":"<script> [8489 bytes]","args":[{"element-6066-11e4-a52e-4f735466cecf":"f.37D6AA7C4787DF83AABC3389E6961F13.d.40D767A57DFB70FCF84518E86503C373.e.2635","ELEMENT":"f.37D6AA7C4787DF83AABC3389E6961F13.d.40D767A57DFB70FCF84518E86503C373.e.2635"}]}
COMMAND: POST /session/7668c2c3023bec11a4154fc7238a1576/element - {"using":"xpath","value":"//a[contains(@class ,\"sapMLnk sapMLnkMaxWidth sapUiTinyMarginTop\")][contains(text(), \"Yard Address\")]"}
RESULT: {"using":"xpath","value":"//a[contains(@class ,\"sapMLnk sapMLnkMaxWidth sapUiTinyMarginTop\")][contains(text(), \"Yard Address\")]"}
COMMAND: POST /session/7668c2c3023bec11a4154fc7238a1576/execute/sync - {"script":"<script> [8489 bytes]","args":[{"element-6066-11e4-a52e-4f735466cecf":"f.37D6AA7C4787DF83AABC3389E6961F13.d.40D767A57DFB70FCF84518E86503C373.e.2636","ELEMENT":"f.37D6AA7C4787DF83AABC3389E6961F13.d.40D767A57DFB70FCF84518E86503C373.e.2636"}]}
COMMAND: POST /session/7668c2c3023bec11a4154fc7238a1576/element/f.37D6AA7C4787DF83AABC3389E6961F13.d.40D767A57DFB70FCF84518E86503C373.e.2635/click - {}
RESULT: {"script":"<script> [8489 bytes]","args":[{"element-6066-11e4-a52e-4f735466cecf":"f.37D6AA7C4787DF83AABC3389E6961F13.d.40D767A57DFB70FCF84518E86503C373.e.2635","ELEMENT":"f.37D6AA7C4787DF83AABC3389E6961F13.d.40D767A57DFB70FCF84518E86503C373.e.2635"}]}
COMMAND: GET /session/7668c2c3023bec11a4154fc7238a1576/screenshot - {}
RESULT: {"script":"<script> [8489 bytes]","args":[{"element-6066-11e4-a52e-4f735466cecf":"f.37D6AA7C4787DF83AABC3389E6961F13.d.40D767A57DFB70FCF84518E86503C373.e.2636","ELEMENT":"f.37D6AA7C4787DF83AABC3389E6961F13.d.40D767A57DFB70FCF84518E86503C373.e.2636"}]}
COMMAND: GET /session/7668c2c3023bec11a4154fc7238a1576/screenshot - {}
RESULT: {}
COMMAND: GET /session/7668c2c3023bec11a4154fc7238a1576/screenshot - {}
RESULT: {}
RESULT: {}
RESULT: {}
COMMAND: POST /session/7668c2c3023bec11a4154fc7238a1576/execute/async - {"script":"<script> [1562 bytes]","args":[{"selector":{"id":"shellAppTitle"},"wdio_ui5_key":"shellAppTitle"}]}
RESULT: {"script":"<script> [1562 bytes]","args":[{"selector":{"id":"shellAppTitle"},"wdio_ui5_key":"shellAppTitle"}]}
RESULT: undefined
COMMAND: POST /session/7668c2c3023bec11a4154fc7238a1576/execute/async - {"script":"<script> [6424 bytes]","args":[{"element-6066-11e4-a52e-4f735466cecf":"f.37D6AA7C4787DF83AABC3389E6961F13.d.40D767A57DFB70FCF84518E86503C373.e.2741"},"getTitle",[]]}
RESULT: {"script":"<script> [6424 bytes]","args":[{"element-6066-11e4-a52e-4f735466cecf":"f.37D6AA7C4787DF83AABC3389E6961F13.d.40D767A57DFB70FCF84518E86503C373.e.2741"},"getTitle",[]]}
COMMAND: POST /session/7668c2c3023bec11a4154fc7238a1576/element - {"using":"xpath","value":"(//span[contains(text(), \"WebdriverYardpuswy\")])[2]"}
RESULT: {"using":"xpath","value":"(//span[contains(text(), \"WebdriverYardpuswy\")])[2]"}
COMMAND: POST /session/7668c2c3023bec11a4154fc7238a1576/execute/sync - {"script":"<script> [8489 bytes]","args":[{"element-6066-11e4-a52e-4f735466cecf":"f.37D6AA7C4787DF83AABC3389E6961F13.d.40D767A57DFB70FCF84518E86503C373.e.2742","ELEMENT":"f.37D6AA7C4787DF83AABC3389E6961F13.d.40D767A57DFB70FCF84518E86503C373.e.2742"}]}
COMMAND: POST /session/7668c2c3023bec11a4154fc7238a1576/execute/async - {"script":"<script> [1562 bytes]","args":[{"selector":{"id":"backBtn"},"wdio_ui5_key":"backBtn"}]}
RESULT: {"script":"<script> [1562 bytes]","args":[{"selector":{"id":"backBtn"},"wdio_ui5_key":"backBtn"}]}
RESULT: undefined
COMMAND: POST /session/7668c2c3023bec11a4154fc7238a1576/element - {"using":"xpath","value":"//*[@id=\"backBtn\"]"}
RESULT: {"script":"<script> [8489 bytes]","args":[{"element-6066-11e4-a52e-4f735466cecf":"f.37D6AA7C4787DF83AABC3389E6961F13.d.40D767A57DFB70FCF84518E86503C373.e.2742","ELEMENT":"f.37D6AA7C4787DF83AABC3389E6961F13.d.40D767A57DFB70FCF84518E86503C373.e.2742"}]}
COMMAND: GET /session/7668c2c3023bec11a4154fc7238a1576/screenshot - {}
RESULT: {"using":"xpath","value":"//*[@id=\"backBtn\"]"}
COMMAND: POST /session/7668c2c3023bec11a4154fc7238a1576/element/f.37D6AA7C4787DF83AABC3389E6961F13.d.40D767A57DFB70FCF84518E86503C373.e.2743/click - {}
RESULT: {}
RESULT: {}
COMMAND: GET /session/7668c2c3023bec11a4154fc7238a1576/screenshot - {}
COMMAND: POST /session/7668c2c3023bec11a4154fc7238a1576/execute/sync - {"script":"<script> [8489 bytes]","args":[{"element-6066-11e4-a52e-4f735466cecf":"f.37D6AA7C4787DF83AABC3389E6961F13.d.40D767A57DFB70FCF84518E86503C373.e.2742","ELEMENT":"f.37D6AA7C4787DF83AABC3389E6961F13.d.40D767A57DFB70FCF84518E86503C373.e.2742"}]}
RESULT: {}
COMMAND: POST /session/7668c2c3023bec11a4154fc7238a1576/element - {"using":"xpath","value":"(//span[contains(text(), \"WebdriverYardpuswy\")])[2]"}
RESULT: {"using":"xpath","value":"(//span[contains(text(), \"WebdriverYardpuswy\")])[2]"}
COMMAND: POST /session/7668c2c3023bec11a4154fc7238a1576/element - {"using":"xpath","value":"(//span[contains(text(), \"WebdriverYardpuswy\")])[2]"}
RESULT: {"using":"xpath","value":"(//span[contains(text(), \"WebdriverYardpuswy\")])[2]"}
COMMAND: POST /session/7668c2c3023bec11a4154fc7238a1576/element - {"using":"xpath","value":"(//span[contains(text(), \"WebdriverYardpuswy\")])[2]"}
RESULT: {"using":"xpath","value":"(//span[contains(text(), \"WebdriverYardpuswy\")])[2]"}
COMMAND: POST /session/7668c2c3023bec11a4154fc7238a1576/element - {"using":"xpath","value":"(//span[contains(text(), \"WebdriverYardpuswy\")])[2]"}
RESULT: {"using":"xpath","value":"(//span[contains(text(), \"WebdriverYardpuswy\")])[2]"}
COMMAND: POST /session/7668c2c3023bec11a4154fc7238a1576/element - {"using":"xpath","value":"(//span[contains(text(), \"WebdriverYardpuswy\")])[2]"}
RESULT: {"using":"xpath","value":"(//span[contains(text(), \"WebdriverYardpuswy\")])[2]"}
COMMAND: POST /session/7668c2c3023bec11a4154fc7238a1576/element - {"using":"xpath","value":"(//span[contains(text(), \"WebdriverYardpuswy\")])[2]"}
RESULT: {"using":"xpath","value":"(//span[contains(text(), \"WebdriverYardpuswy\")])[2]"}
COMMAND: POST /session/7668c2c3023bec11a4154fc7238a1576/element - {"using":"xpath","value":"(//span[contains(text(), \"WebdriverYardpuswy\")])[2]"}
RESULT: {"using":"xpath","value":"(//span[contains(text(), \"WebdriverYardpuswy\")])[2]"}
COMMAND: POST /session/7668c2c3023bec11a4154fc7238a1576/element - {"using":"xpath","value":"(//span[contains(text(), \"WebdriverYardpuswy\")])[2]"}
COMMAND: POST /session/7668c2c3023bec11a4154fc7238a1576/element - {"using":"xpath","value":"//bdi[contains(@id ,\"application-manageresources-display-component---detailRU--openRelatedRus-BDI-content\")]"}
RESULT: {"using":"xpath","value":"(//span[contains(text(), \"WebdriverYardpuswy\")])[2]"}
RESULT: {"using":"xpath","value":"//bdi[contains(@id ,\"application-manageresources-display-component---detailRU--openRelatedRus-BDI-content\")]"}
COMMAND: POST /session/7668c2c3023bec11a4154fc7238a1576/execute/sync - {"script":"<script> [8489 bytes]","args":[{"element-6066-11e4-a52e-4f735466cecf":"f.37D6AA7C4787DF83AABC3389E6961F13.d.40D767A57DFB70FCF84518E86503C373.e.2961","ELEMENT":"f.37D6AA7C4787DF83AABC3389E6961F13.d.40D767A57DFB70FCF84518E86503C373.e.2961"}]}
COMMAND: POST /session/7668c2c3023bec11a4154fc7238a1576/element - {"using":"xpath","value":"(//span[contains(text(), \"WebdriverYardpuswy\")])[2]"}
RESULT: {"script":"<script> [8489 bytes]","args":[{"element-6066-11e4-a52e-4f735466cecf":"f.37D6AA7C4787DF83AABC3389E6961F13.d.40D767A57DFB70FCF84518E86503C373.e.2961","ELEMENT":"f.37D6AA7C4787DF83AABC3389E6961F13.d.40D767A57DFB70FCF84518E86503C373.e.2961"}]}
COMMAND: POST /session/7668c2c3023bec11a4154fc7238a1576/execute/sync - {"script":"<script> [5351 bytes]","args":[{"element-6066-11e4-a52e-4f735466cecf":"f.37D6AA7C4787DF83AABC3389E6961F13.d.40D767A57DFB70FCF84518E86503C373.e.2961","ELEMENT":"f.37D6AA7C4787DF83AABC3389E6961F13.d.40D767A57DFB70FCF84518E86503C373.e.2961"}]}
COMMAND: GET /session/7668c2c3023bec11a4154fc7238a1576/screenshot - {}
RESULT: {"using":"xpath","value":"(//span[contains(text(), \"WebdriverYardpuswy\")])[2]"}
RESULT: {"script":"<script> [5351 bytes]","args":[{"element-6066-11e4-a52e-4f735466cecf":"f.37D6AA7C4787DF83AABC3389E6961F13.d.40D767A57DFB70FCF84518E86503C373.e.2961","ELEMENT":"f.37D6AA7C4787DF83AABC3389E6961F13.d.40D767A57DFB70FCF84518E86503C373.e.2961"}]}
COMMAND: POST /session/7668c2c3023bec11a4154fc7238a1576/element/f.37D6AA7C4787DF83AABC3389E6961F13.d.40D767A57DFB70FCF84518E86503C373.e.2961/click - {}
COMMAND: GET /session/7668c2c3023bec11a4154fc7238a1576/screenshot - {}
RESULT: {}
COMMAND: POST /session/7668c2c3023bec11a4154fc7238a1576/element - {"using":"xpath","value":"(//span[contains(text(), \"WebdriverYardpuswy\")])[2]"}
RESULT: {}
COMMAND: GET /session/7668c2c3023bec11a4154fc7238a1576/screenshot - {}
RESULT: {}
RESULT: {"using":"xpath","value":"(//span[contains(text(), \"WebdriverYardpuswy\")])[2]"}
COMMAND: POST /session/7668c2c3023bec11a4154fc7238a1576/element - {"using":"xpath","value":"(//span[contains(text(), \"WebdriverYardpuswy\")])[2]"}
RESULT: {}
RESULT: {"using":"xpath","value":"(//span[contains(text(), \"WebdriverYardpuswy\")])[2]"}
COMMAND: POST /session/7668c2c3023bec11a4154fc7238a1576/element - {"using":"xpath","value":"(//span[contains(text(), \"WebdriverYardpuswy\")])[2]"}
COMMAND: POST /session/7668c2c3023bec11a4154fc7238a1576/element/f.37D6AA7C4787DF83AABC3389E6961F13.d.40D767A57DFB70FCF84518E86503C373.e.2633/click - {}
COMMAND: POST /session/7668c2c3023bec11a4154fc7238a1576/element - {"using":"xpath","value":"//*[contains(@data-kt ,\"openLocationActionMenuLink\")]"}
RESULT: {"using":"xpath","value":"(//span[contains(text(), \"WebdriverYardpuswy\")])[2]"}
COMMAND: POST /session/7668c2c3023bec11a4154fc7238a1576/execute/sync - {"script":"<script> [8489 bytes]","args":[{"element-6066-11e4-a52e-4f735466cecf":"f.37D6AA7C4787DF83AABC3389E6961F13.d.40D767A57DFB70FCF84518E86503C373.e.3026","ELEMENT":"f.37D6AA7C4787DF83AABC3389E6961F13.d.40D767A57DFB70FCF84518E86503C373.e.3026"}]}
RESULT: {"using":"xpath","value":"//*[contains(@data-kt ,\"openLocationActionMenuLink\")]"}
COMMAND: POST /session/7668c2c3023bec11a4154fc7238a1576/elements - {"using":"xpath","value":"//*[contains(@data-kt ,\"openLocationActionMenuLink\")]"}
RESULT: {"script":"<script> [8489 bytes]","args":[{"element-6066-11e4-a52e-4f735466cecf":"f.37D6AA7C4787DF83AABC3389E6961F13.d.40D767A57DFB70FCF84518E86503C373.e.3026","ELEMENT":"f.37D6AA7C4787DF83AABC3389E6961F13.d.40D767A57DFB70FCF84518E86503C373.e.3026"}]}
COMMAND: GET /session/7668c2c3023bec11a4154fc7238a1576/screenshot - {}
RESULT: {"using":"xpath","value":"//*[contains(@data-kt ,\"openLocationActionMenuLink\")]"}
COMMAND: POST /session/7668c2c3023bec11a4154fc7238a1576/elements - {"using":"xpath","value":"//*[contains(@data-kt ,\"openLocationActionMenuLink\")]"}
RESULT: {}
RESULT: {"using":"xpath","value":"//*[contains(@data-kt ,\"openLocationActionMenuLink\")]"}
COMMAND: POST /session/7668c2c3023bec11a4154fc7238a1576/element - {"using":"xpath","value":"//*[contains(@data-kt ,\"openLocationActionMenuLink\")]"}
RESULT: {"using":"xpath","value":"//*[contains(@data-kt ,\"openLocationActionMenuLink\")]"}
COMMAND: POST /session/7668c2c3023bec11a4154fc7238a1576/element/f.37D6AA7C4787DF83AABC3389E6961F13.d.40D767A57DFB70FCF84518E86503C373.e.2633/click - {}
COMMAND: POST /session/7668c2c3023bec11a4154fc7238a1576/element - {"using":"xpath","value":"//*[contains(@data-kt ,\"openLocationActionMenuLink\")]"}
RESULT: {"using":"xpath","value":"//*[contains(@data-kt ,\"openLocationActionMenuLink\")]"}
COMMAND: POST /session/7668c2c3023bec11a4154fc7238a1576/element/f.37D6AA7C4787DF83AABC3389E6961F13.d.40D767A57DFB70FCF84518E86503C373.e.3028/click - {}
RESULT: {}
COMMAND: GET /session/7668c2c3023bec11a4154fc7238a1576/screenshot - {}
RESULT: {}
COMMAND: POST /session/7668c2c3023bec11a4154fc7238a1576/element/f.37D6AA7C4787DF83AABC3389E6961F13.d.40D767A57DFB70FCF84518E86503C373.e.2636/click - {}
COMMAND: POST /session/7668c2c3023bec11a4154fc7238a1576/element - {"using":"xpath","value":"//a[contains(@class ,\"sapMLnk sapMLnkMaxWidth sapUiTinyMarginTop\")][contains(text(), \"Yard Address\")]"}
RESULT: {"using":"xpath","value":"//a[contains(@class ,\"sapMLnk sapMLnkMaxWidth sapUiTinyMarginTop\")][contains(text(), \"Yard Address\")]"}
COMMAND: POST /session/7668c2c3023bec11a4154fc7238a1576/element/f.37D6AA7C4787DF83AABC3389E6961F13.d.40D767A57DFB70FCF84518E86503C373.e.2636/click - {}
COMMAND: POST /session/7668c2c3023bec11a4154fc7238a1576/element - {"using":"xpath","value":"//a[contains(@class ,\"sapMLnk sapMLnkMaxWidth sapUiTinyMarginTop\")][contains(text(), \"Yard Address\")]"}
RESULT: {"using":"xpath","value":"//a[contains(@class ,\"sapMLnk sapMLnkMaxWidth sapUiTinyMarginTop\")][contains(text(), \"Yard Address\")]"}
COMMAND: POST /session/7668c2c3023bec11a4154fc7238a1576/element/f.37D6AA7C4787DF83AABC3389E6961F13.d.40D767A57DFB70FCF84518E86503C373.e.3030/click - {}
RESULT: {}
COMMAND: GET /session/7668c2c3023bec11a4154fc7238a1576/screenshot - {}
RESULT: {}
RESULT: undefined
COMMAND: POST /session/7668c2c3023bec11a4154fc7238a1576/execute/async - {"script":"<script> [6424 bytes]","args":[{"element-6066-11e4-a52e-4f735466cecf":"f.37D6AA7C4787DF83AABC3389E6961F13.d.40D767A57DFB70FCF84518E86503C373.e.2741"},"getTitle",[]]}
COMMAND: POST /session/7668c2c3023bec11a4154fc7238a1576/execute/async - {"script":"<script> [1562 bytes]","args":[{"selector":{"id":"shellAppTitle"},"wdio_ui5_key":"shellAppTitle"}]}
RESULT: {"script":"<script> [1562 bytes]","args":[{"selector":{"id":"shellAppTitle"},"wdio_ui5_key":"shellAppTitle"}]}
COMMAND: POST /session/7668c2c3023bec11a4154fc7238a1576/execute/async - {"script":"<script> [6424 bytes]","args":[{"element-6066-11e4-a52e-4f735466cecf":"f.37D6AA7C4787DF83AABC3389E6961F13.d.40D767A57DFB70FCF84518E86503C373.e.3295"},"getTitle",[]]}
RESULT: {"script":"<script> [6424 bytes]","args":[{"element-6066-11e4-a52e-4f735466cecf":"f.37D6AA7C4787DF83AABC3389E6961F13.d.40D767A57DFB70FCF84518E86503C373.e.3295"},"getTitle",[]]}
COMMAND: POST /session/7668c2c3023bec11a4154fc7238a1576/element - {"using":"xpath","value":"//span[contains(@id ,\"application-addressmanagement-display-component---detailAdm--addressDetailDetailsName1\")][contains(text(), \"WebdriverYardpuswy\")]"}
RESULT: {"using":"xpath","value":"//span[contains(@id ,\"application-addressmanagement-display-component---detailAdm--addressDetailDetailsName1\")][contains(text(), \"WebdriverYardpuswy\")]"}
COMMAND: POST /session/7668c2c3023bec11a4154fc7238a1576/execute/sync - {"script":"<script> [8489 bytes]","args":[{"element-6066-11e4-a52e-4f735466cecf":"f.37D6AA7C4787DF83AABC3389E6961F13.d.40D767A57DFB70FCF84518E86503C373.e.3296","ELEMENT":"f.37D6AA7C4787DF83AABC3389E6961F13.d.40D767A57DFB70FCF84518E86503C373.e.3296"}]}
RESULT: undefined
COMMAND: POST /session/7668c2c3023bec11a4154fc7238a1576/element - {"using":"xpath","value":"//*[@id=\"backBtn\"]"}
RESULT: {"script":"<script> [8489 bytes]","args":[{"element-6066-11e4-a52e-4f735466cecf":"f.37D6AA7C4787DF83AABC3389E6961F13.d.40D767A57DFB70FCF84518E86503C373.e.3296","ELEMENT":"f.37D6AA7C4787DF83AABC3389E6961F13.d.40D767A57DFB70FCF84518E86503C373.e.3296"}]}
COMMAND: GET /session/7668c2c3023bec11a4154fc7238a1576/screenshot - {}
RESULT: {"using":"xpath","value":"//*[@id=\"backBtn\"]"}
COMMAND: POST /session/7668c2c3023bec11a4154fc7238a1576/element/f.37D6AA7C4787DF83AABC3389E6961F13.d.40D767A57DFB70FCF84518E86503C373.e.2743/click - {}
RESULT: {}
RESULT: {}
COMMAND: GET /session/7668c2c3023bec11a4154fc7238a1576/screenshot - {}
RESULT: {}
COMMAND: POST /session/7668c2c3023bec11a4154fc7238a1576/execute/sync - {"script":"<script> [8489 bytes]","args":[{"element-6066-11e4-a52e-4f735466cecf":"f.37D6AA7C4787DF83AABC3389E6961F13.d.40D767A57DFB70FCF84518E86503C373.e.2961","ELEMENT":"f.37D6AA7C4787DF83AABC3389E6961F13.d.40D767A57DFB70FCF84518E86503C373.e.2961"}]}
COMMAND: POST /session/7668c2c3023bec11a4154fc7238a1576/element - {"using":"xpath","value":"//bdi[contains(@id ,\"application-manageresources-display-component---detailRU--openRelatedRus-BDI-content\")]"}
RESULT: {"using":"xpath","value":"//bdi[contains(@id ,\"application-manageresources-display-component---detailRU--openRelatedRus-BDI-content\")]"}
COMMAND: POST /session/7668c2c3023bec11a4154fc7238a1576/execute/sync - {"script":"<script> [8489 bytes]","args":[{"element-6066-11e4-a52e-4f735466cecf":"f.37D6AA7C4787DF83AABC3389E6961F13.d.40D767A57DFB70FCF84518E86503C373.e.3699","ELEMENT":"f.37D6AA7C4787DF83AABC3389E6961F13.d.40D767A57DFB70FCF84518E86503C373.e.3699"}]}
RESULT: {"script":"<script> [8489 bytes]","args":[{"element-6066-11e4-a52e-4f735466cecf":"f.37D6AA7C4787DF83AABC3389E6961F13.d.40D767A57DFB70FCF84518E86503C373.e.3699","ELEMENT":"f.37D6AA7C4787DF83AABC3389E6961F13.d.40D767A57DFB70FCF84518E86503C373.e.3699"}]}
COMMAND: POST /session/7668c2c3023bec11a4154fc7238a1576/execute/sync - {"script":"<script> [5351 bytes]","args":[{"element-6066-11e4-a52e-4f735466cecf":"f.37D6AA7C4787DF83AABC3389E6961F13.d.40D767A57DFB70FCF84518E86503C373.e.3699","ELEMENT":"f.37D6AA7C4787DF83AABC3389E6961F13.d.40D767A57DFB70FCF84518E86503C373.e.3699"}]}
COMMAND: GET /session/7668c2c3023bec11a4154fc7238a1576/screenshot - {}
RESULT: {"script":"<script> [5351 bytes]","args":[{"element-6066-11e4-a52e-4f735466cecf":"f.37D6AA7C4787DF83AABC3389E6961F13.d.40D767A57DFB70FCF84518E86503C373.e.3699","ELEMENT":"f.37D6AA7C4787DF83AABC3389E6961F13.d.40D767A57DFB70FCF84518E86503C373.e.3699"}]}
COMMAND: POST /session/7668c2c3023bec11a4154fc7238a1576/element/f.37D6AA7C4787DF83AABC3389E6961F13.d.40D767A57DFB70FCF84518E86503C373.e.3699/click - {}
COMMAND: GET /session/7668c2c3023bec11a4154fc7238a1576/screenshot - {}
RESULT: {}
RESULT: {}
COMMAND: GET /session/7668c2c3023bec11a4154fc7238a1576/screenshot - {}
RESULT: {}
RESULT: {}
COMMAND: POST /session/7668c2c3023bec11a4154fc7238a1576/element/f.37D6AA7C4787DF83AABC3389E6961F13.d.40D767A57DFB70FCF84518E86503C373.e.3028/click - {}
COMMAND: POST /session/7668c2c3023bec11a4154fc7238a1576/element - {"using":"xpath","value":"//*[contains(@data-kt ,\"openLocationActionMenuLink\")]"}
RESULT: {"using":"xpath","value":"//*[contains(@data-kt ,\"openLocationActionMenuLink\")]"}
COMMAND: POST /session/7668c2c3023bec11a4154fc7238a1576/element/f.37D6AA7C4787DF83AABC3389E6961F13.d.40D767A57DFB70FCF84518E86503C373.e.3028/click - {}
COMMAND: POST /session/7668c2c3023bec11a4154fc7238a1576/element - {"using":"xpath","value":"//*[contains(@data-kt ,\"openLocationActionMenuLink\")]"}
RESULT: {"using":"xpath","value":"//*[contains(@data-kt ,\"openLocationActionMenuLink\")]"}
COMMAND: POST /session/7668c2c3023bec11a4154fc7238a1576/element/f.37D6AA7C4787DF83AABC3389E6961F13.d.40D767A57DFB70FCF84518E86503C373.e.3703/click - {}
RESULT: {}
COMMAND: GET /session/7668c2c3023bec11a4154fc7238a1576/screenshot - {}
RESULT: {}
COMMAND: POST /session/7668c2c3023bec11a4154fc7238a1576/element - {"using":"xpath","value":"(//button[contains(@title ,\"Open in new tab\")])[1]"}
RESULT: {"using":"xpath","value":"(//button[contains(@title ,\"Open in new tab\")])[1]"}
COMMAND: POST /session/7668c2c3023bec11a4154fc7238a1576/element/f.37D6AA7C4787DF83AABC3389E6961F13.d.40D767A57DFB70FCF84518E86503C373.e.3704/click - {}
RESULT: {}
COMMAND: GET /session/7668c2c3023bec11a4154fc7238a1576/screenshot - {}
RESULT: {}
COMMAND: GET /session/7668c2c3023bec11a4154fc7238a1576/window/handles - {}
RESULT: {}
COMMAND: POST /session/7668c2c3023bec11a4154fc7238a1576/window - {"handle":"F0F4223604BC109E687B861CC4C5F527"}
RESULT: {"handle":"F0F4223604BC109E687B861CC4C5F527"}
COMMAND: GET /session/7668c2c3023bec11a4154fc7238a1576/url - {}
RESULT: {}
COMMAND: GET /session/7668c2c3023bec11a4154fc7238a1576/screenshot - {}
RESULT: {}
COMMAND: POST /session/7668c2c3023bec11a4154fc7238a1576/execute/sync - {"script":"<script> [8489 bytes]","args":[{"element-6066-11e4-a52e-4f735466cecf":"f.37D6AA7C4787DF83AABC3389E6961F13.d.40D767A57DFB70FCF84518E86503C373.e.3026","ELEMENT":"f.37D6AA7C4787DF83AABC3389E6961F13.d.40D767A57DFB70FCF84518E86503C373.e.3026"}]}
COMMAND: DELETE /session/7668c2c3023bec11a4154fc7238a1576/window - {}
RESULT: {}
COMMAND: POST /session/7668c2c3023bec11a4154fc7238a1576/window - {"handle":"37D6AA7C4787DF83AABC3389E6961F13"}
RESULT: {"handle":"37D6AA7C4787DF83AABC3389E6961F13"}
COMMAND: GET /session/7668c2c3023bec11a4154fc7238a1576/url - {}
COMMAND: POST /session/7668c2c3023bec11a4154fc7238a1576/element - {"using":"xpath","value":"(//span[contains(text(), \"WebdriverYardpuswy\")])[2]"}
RESULT: {}
COMMAND: GET /session/7668c2c3023bec11a4154fc7238a1576/screenshot - {}
RESULT: {"using":"xpath","value":"(//span[contains(text(), \"WebdriverYardpuswy\")])[2]"}
COMMAND: POST /session/7668c2c3023bec11a4154fc7238a1576/execute/sync - {"script":"<script> [8489 bytes]","args":[{"element-6066-11e4-a52e-4f735466cecf":"f.37D6AA7C4787DF83AABC3389E6961F13.d.40D767A57DFB70FCF84518E86503C373.e.3709","ELEMENT":"f.37D6AA7C4787DF83AABC3389E6961F13.d.40D767A57DFB70FCF84518E86503C373.e.3709"}]}
RESULT: {}
RESULT: {"script":"<script> [8489 bytes]","args":[{"element-6066-11e4-a52e-4f735466cecf":"f.37D6AA7C4787DF83AABC3389E6961F13.d.40D767A57DFB70FCF84518E86503C373.e.3709","ELEMENT":"f.37D6AA7C4787DF83AABC3389E6961F13.d.40D767A57DFB70FCF84518E86503C373.e.3709"}]}
COMMAND: GET /session/7668c2c3023bec11a4154fc7238a1576/screenshot - {}
RESULT: {}
COMMAND: POST /session/7668c2c3023bec11a4154fc7238a1576/element - {"using":"xpath","value":"(//button[contains(@title ,\"Open in new tab\")])[2]"}
RESULT: {"using":"xpath","value":"(//button[contains(@title ,\"Open in new tab\")])[2]"}
COMMAND: POST /session/7668c2c3023bec11a4154fc7238a1576/element/f.37D6AA7C4787DF83AABC3389E6961F13.d.40D767A57DFB70FCF84518E86503C373.e.3710/click - {}
RESULT: {}
COMMAND: GET /session/7668c2c3023bec11a4154fc7238a1576/screenshot - {}
RESULT: {}
COMMAND: GET /session/7668c2c3023bec11a4154fc7238a1576/window/handles - {}
RESULT: {}
COMMAND: POST /session/7668c2c3023bec11a4154fc7238a1576/window - {"handle":"68832176F757F86B05FD996BC9D7393B"}
RESULT: {"handle":"68832176F757F86B05FD996BC9D7393B"}
COMMAND: GET /session/7668c2c3023bec11a4154fc7238a1576/url - {}
RESULT: {}
COMMAND: GET /session/7668c2c3023bec11a4154fc7238a1576/screenshot - {}
RESULT: {}
COMMAND: POST /session/7668c2c3023bec11a4154fc7238a1576/execute/sync - {"script":"<script> [8489 bytes]","args":[{"element-6066-11e4-a52e-4f735466cecf":"f.37D6AA7C4787DF83AABC3389E6961F13.d.40D767A57DFB70FCF84518E86503C373.e.3296","ELEMENT":"f.37D6AA7C4787DF83AABC3389E6961F13.d.40D767A57DFB70FCF84518E86503C373.e.3296"}]}
COMMAND: DELETE /session/7668c2c3023bec11a4154fc7238a1576/window - {}
RESULT: {}
COMMAND: POST /session/7668c2c3023bec11a4154fc7238a1576/window - {"handle":"37D6AA7C4787DF83AABC3389E6961F13"}
RESULT: {"handle":"37D6AA7C4787DF83AABC3389E6961F13"}
COMMAND: GET /session/7668c2c3023bec11a4154fc7238a1576/url - {}
COMMAND: POST /session/7668c2c3023bec11a4154fc7238a1576/element - {"using":"xpath","value":"//span[contains(@id ,\"application-addressmanagement-display-component---detailAdm--addressDetailDetailsName1\")][contains(text(), \"WebdriverYardpuswy\")]"}
RESULT: {}
COMMAND: GET /session/7668c2c3023bec11a4154fc7238a1576/screenshot - {}
RESULT: {"using":"xpath","value":"//span[contains(@id ,\"application-addressmanagement-display-component---detailAdm--addressDetailDetailsName1\")][contains(text(), \"WebdriverYardpuswy\")]"}
COMMAND: POST /session/7668c2c3023bec11a4154fc7238a1576/element - {"using":"xpath","value":"//span[contains(@id ,\"application-addressmanagement-display-component---detailAdm--addressDetailDetailsName1\")][contains(text(), \"WebdriverYardpuswy\")]"}
RESULT: {}
RESULT: {"using":"xpath","value":"//span[contains(@id ,\"application-addressmanagement-display-component---detailAdm--addressDetailDetailsName1\")][contains(text(), \"WebdriverYardpuswy\")]"}
COMMAND: POST /session/7668c2c3023bec11a4154fc7238a1576/element - {"using":"xpath","value":"//span[contains(@id ,\"application-addressmanagement-display-component---detailAdm--addressDetailDetailsName1\")][contains(text(), \"WebdriverYardpuswy\")]"}
RESULT: {"using":"xpath","value":"//span[contains(@id ,\"application-addressmanagement-display-component---detailAdm--addressDetailDetailsName1\")][contains(text(), \"WebdriverYardpuswy\")]"}
COMMAND: POST /session/7668c2c3023bec11a4154fc7238a1576/element - {"using":"xpath","value":"//span[contains(@id ,\"application-addressmanagement-display-component---detailAdm--addressDetailDetailsName1\")][contains(text(), \"WebdriverYardpuswy\")]"}
RESULT: {"using":"xpath","value":"//span[contains(@id ,\"application-addressmanagement-display-component---detailAdm--addressDetailDetailsName1\")][contains(text(), \"WebdriverYardpuswy\")]"}
COMMAND: POST /session/7668c2c3023bec11a4154fc7238a1576/element - {"using":"xpath","value":"//span[contains(@id ,\"application-addressmanagement-display-component---detailAdm--addressDetailDetailsName1\")][contains(text(), \"WebdriverYardpuswy\")]"}
RESULT: {"using":"xpath","value":"//span[contains(@id ,\"application-addressmanagement-display-component---detailAdm--addressDetailDetailsName1\")][contains(text(), \"WebdriverYardpuswy\")]"}
COMMAND: POST /session/7668c2c3023bec11a4154fc7238a1576/element - {"using":"xpath","value":"//span[contains(@id ,\"application-addressmanagement-display-component---detailAdm--addressDetailDetailsName1\")][contains(text(), \"WebdriverYardpuswy\")]"}
RESULT: {"using":"xpath","value":"//span[contains(@id ,\"application-addressmanagement-display-component---detailAdm--addressDetailDetailsName1\")][contains(text(), \"WebdriverYardpuswy\")]"}
]]></system-out>
    </testcase>
    <testcase classname="chrome.136_0_7103_93.windows.Related_resources_for_groups_US139107" name="Should set one equipment to inactive and verify that it does not show in the releated resources" time="74.469">
      <failure/>
      <error message="expect(received).toEqual(expected) // deep equality&#xA;&#xA;Expected: &quot;Records (1)&quot;&#xA;Received: &quot;Records&quot;"/>
      <system-out><![CDATA[
COMMAND: POST /session/7668c2c3023bec11a4154fc7238a1576/element - {"using":"xpath","value":"//*[contains(@data-kt ,\"openRUIdMenuLink\")]"}
RESULT: {"using":"xpath","value":"//*[contains(@data-kt ,\"openRUIdMenuLink\")]"}
COMMAND: POST /session/7668c2c3023bec11a4154fc7238a1576/execute/sync - {"script":"<script> [8489 bytes]","args":[{"element-6066-11e4-a52e-4f735466cecf":"f.37D6AA7C4787DF83AABC3389E6961F13.d.40D767A57DFB70FCF84518E86503C373.e.3927","ELEMENT":"f.37D6AA7C4787DF83AABC3389E6961F13.d.40D767A57DFB70FCF84518E86503C373.e.3927"}]}
RESULT: {"script":"<script> [8489 bytes]","args":[{"element-6066-11e4-a52e-4f735466cecf":"f.37D6AA7C4787DF83AABC3389E6961F13.d.40D767A57DFB70FCF84518E86503C373.e.3927","ELEMENT":"f.37D6AA7C4787DF83AABC3389E6961F13.d.40D767A57DFB70FCF84518E86503C373.e.3927"}]}
COMMAND: POST /session/7668c2c3023bec11a4154fc7238a1576/execute/sync - {"script":"<script> [5351 bytes]","args":[{"element-6066-11e4-a52e-4f735466cecf":"f.37D6AA7C4787DF83AABC3389E6961F13.d.40D767A57DFB70FCF84518E86503C373.e.3927","ELEMENT":"f.37D6AA7C4787DF83AABC3389E6961F13.d.40D767A57DFB70FCF84518E86503C373.e.3927"}]}
RESULT: {"script":"<script> [5351 bytes]","args":[{"element-6066-11e4-a52e-4f735466cecf":"f.37D6AA7C4787DF83AABC3389E6961F13.d.40D767A57DFB70FCF84518E86503C373.e.3927","ELEMENT":"f.37D6AA7C4787DF83AABC3389E6961F13.d.40D767A57DFB70FCF84518E86503C373.e.3927"}]}
COMMAND: POST /session/7668c2c3023bec11a4154fc7238a1576/element/f.37D6AA7C4787DF83AABC3389E6961F13.d.40D767A57DFB70FCF84518E86503C373.e.3927/click - {}
COMMAND: GET /session/7668c2c3023bec11a4154fc7238a1576/screenshot - {}
COMMAND: GET /session/7668c2c3023bec11a4154fc7238a1576/screenshot - {}
COMMAND: POST /session/7668c2c3023bec11a4154fc7238a1576/element - {"using":"xpath","value":"//span[contains(@id ,\"application-addressmanagement-display-component---detailAdm--addressDetailDetailsName1\")][contains(text(), \"WebdriverYardpuswy\")]"}
RESULT: {}
RESULT: {}
COMMAND: GET /session/7668c2c3023bec11a4154fc7238a1576/screenshot - {}
RESULT: {}
RESULT: {"using":"xpath","value":"//span[contains(@id ,\"application-addressmanagement-display-component---detailAdm--addressDetailDetailsName1\")][contains(text(), \"WebdriverYardpuswy\")]"}
RESULT: {}
COMMAND: POST /session/7668c2c3023bec11a4154fc7238a1576/element - {"using":"xpath","value":"//span[contains(@id ,\"application-addressmanagement-display-component---detailAdm--addressDetailDetailsName1\")][contains(text(), \"WebdriverYardpuswy\")]"}
RESULT: {"using":"xpath","value":"//span[contains(@id ,\"application-addressmanagement-display-component---detailAdm--addressDetailDetailsName1\")][contains(text(), \"WebdriverYardpuswy\")]"}
COMMAND: POST /session/7668c2c3023bec11a4154fc7238a1576/element - {"using":"xpath","value":"//span[contains(@id ,\"application-addressmanagement-display-component---detailAdm--addressDetailDetailsName1\")][contains(text(), \"WebdriverYardpuswy\")]"}
RESULT: {"using":"xpath","value":"//span[contains(@id ,\"application-addressmanagement-display-component---detailAdm--addressDetailDetailsName1\")][contains(text(), \"WebdriverYardpuswy\")]"}
COMMAND: POST /session/7668c2c3023bec11a4154fc7238a1576/element - {"using":"xpath","value":"//*[contains(@data-kt ,\"ContextMenuId2Link\")][contains(text(), \"RU Overview\")]"}
RESULT: {"using":"xpath","value":"//*[contains(@data-kt ,\"ContextMenuId2Link\")][contains(text(), \"RU Overview\")]"}
COMMAND: POST /session/7668c2c3023bec11a4154fc7238a1576/execute/sync - {"script":"<script> [8489 bytes]","args":[{"element-6066-11e4-a52e-4f735466cecf":"f.37D6AA7C4787DF83AABC3389E6961F13.d.40D767A57DFB70FCF84518E86503C373.e.3929","ELEMENT":"f.37D6AA7C4787DF83AABC3389E6961F13.d.40D767A57DFB70FCF84518E86503C373.e.3929"}]}
COMMAND: POST /session/7668c2c3023bec11a4154fc7238a1576/element/f.37D6AA7C4787DF83AABC3389E6961F13.d.40D767A57DFB70FCF84518E86503C373.e.3929/click - {}
RESULT: {"script":"<script> [8489 bytes]","args":[{"element-6066-11e4-a52e-4f735466cecf":"f.37D6AA7C4787DF83AABC3389E6961F13.d.40D767A57DFB70FCF84518E86503C373.e.3929","ELEMENT":"f.37D6AA7C4787DF83AABC3389E6961F13.d.40D767A57DFB70FCF84518E86503C373.e.3929"}]}
COMMAND: GET /session/7668c2c3023bec11a4154fc7238a1576/screenshot - {}
COMMAND: POST /session/7668c2c3023bec11a4154fc7238a1576/element - {"using":"xpath","value":"//span[contains(@id ,\"application-addressmanagement-display-component---detailAdm--addressDetailDetailsName1\")][contains(text(), \"WebdriverYardpuswy\")]"}
RESULT: {}
COMMAND: GET /session/7668c2c3023bec11a4154fc7238a1576/screenshot - {}
RESULT: {}
RESULT: {"using":"xpath","value":"//span[contains(@id ,\"application-addressmanagement-display-component---detailAdm--addressDetailDetailsName1\")][contains(text(), \"WebdriverYardpuswy\")]"}
RESULT: {}
COMMAND: POST /session/7668c2c3023bec11a4154fc7238a1576/element - {"using":"xpath","value":"//span[contains(@id ,\"application-addressmanagement-display-component---detailAdm--addressDetailDetailsName1\")][contains(text(), \"WebdriverYardpuswy\")]"}
RESULT: {"using":"xpath","value":"//span[contains(@id ,\"application-addressmanagement-display-component---detailAdm--addressDetailDetailsName1\")][contains(text(), \"WebdriverYardpuswy\")]"}
COMMAND: POST /session/7668c2c3023bec11a4154fc7238a1576/element - {"using":"xpath","value":"//span[contains(@id ,\"application-addressmanagement-display-component---detailAdm--addressDetailDetailsName1\")][contains(text(), \"WebdriverYardpuswy\")]"}
RESULT: {"using":"xpath","value":"//span[contains(@id ,\"application-addressmanagement-display-component---detailAdm--addressDetailDetailsName1\")][contains(text(), \"WebdriverYardpuswy\")]"}
COMMAND: POST /session/7668c2c3023bec11a4154fc7238a1576/element - {"using":"xpath","value":"//span[contains(@id ,\"application-addressmanagement-display-component---detailAdm--addressDetailDetailsName1\")][contains(text(), \"WebdriverYardpuswy\")]"}
RESULT: {"using":"xpath","value":"//span[contains(@id ,\"application-addressmanagement-display-component---detailAdm--addressDetailDetailsName1\")][contains(text(), \"WebdriverYardpuswy\")]"}
COMMAND: POST /session/7668c2c3023bec11a4154fc7238a1576/element - {"using":"xpath","value":"//span[contains(@id ,\"application-addressmanagement-display-component---detailAdm--addressDetailDetailsName1\")][contains(text(), \"WebdriverYardpuswy\")]"}
RESULT: {"using":"xpath","value":"//span[contains(@id ,\"application-addressmanagement-display-component---detailAdm--addressDetailDetailsName1\")][contains(text(), \"WebdriverYardpuswy\")]"}
COMMAND: POST /session/7668c2c3023bec11a4154fc7238a1576/element - {"using":"xpath","value":"//span[contains(@id ,\"application-addressmanagement-display-component---detailAdm--addressDetailDetailsName1\")][contains(text(), \"WebdriverYardpuswy\")]"}
RESULT: {"using":"xpath","value":"//span[contains(@id ,\"application-addressmanagement-display-component---detailAdm--addressDetailDetailsName1\")][contains(text(), \"WebdriverYardpuswy\")]"}
COMMAND: POST /session/7668c2c3023bec11a4154fc7238a1576/element - {"using":"xpath","value":"//span[contains(@id ,\"application-addressmanagement-display-component---detailAdm--addressDetailDetailsName1\")][contains(text(), \"WebdriverYardpuswy\")]"}
COMMAND: POST /session/7668c2c3023bec11a4154fc7238a1576/element - {"using":"xpath","value":"//span[contains(@id ,\"actionsToolbar-overflowButton-img\")]"}
RESULT: {"using":"xpath","value":"//span[contains(@id ,\"application-addressmanagement-display-component---detailAdm--addressDetailDetailsName1\")][contains(text(), \"WebdriverYardpuswy\")]"}
RESULT: {"using":"xpath","value":"//span[contains(@id ,\"actionsToolbar-overflowButton-img\")]"}
COMMAND: POST /session/7668c2c3023bec11a4154fc7238a1576/execute/sync - {"script":"<script> [8489 bytes]","args":[{"element-6066-11e4-a52e-4f735466cecf":"f.37D6AA7C4787DF83AABC3389E6961F13.d.40D767A57DFB70FCF84518E86503C373.e.4184","ELEMENT":"f.37D6AA7C4787DF83AABC3389E6961F13.d.40D767A57DFB70FCF84518E86503C373.e.4184"}]}
RESULT: {"script":"<script> [8489 bytes]","args":[{"element-6066-11e4-a52e-4f735466cecf":"f.37D6AA7C4787DF83AABC3389E6961F13.d.40D767A57DFB70FCF84518E86503C373.e.4184","ELEMENT":"f.37D6AA7C4787DF83AABC3389E6961F13.d.40D767A57DFB70FCF84518E86503C373.e.4184"}]}
COMMAND: POST /session/7668c2c3023bec11a4154fc7238a1576/execute/sync - {"script":"<script> [5351 bytes]","args":[{"element-6066-11e4-a52e-4f735466cecf":"f.37D6AA7C4787DF83AABC3389E6961F13.d.40D767A57DFB70FCF84518E86503C373.e.4184","ELEMENT":"f.37D6AA7C4787DF83AABC3389E6961F13.d.40D767A57DFB70FCF84518E86503C373.e.4184"}]}
COMMAND: GET /session/7668c2c3023bec11a4154fc7238a1576/screenshot - {}
RESULT: {"script":"<script> [5351 bytes]","args":[{"element-6066-11e4-a52e-4f735466cecf":"f.37D6AA7C4787DF83AABC3389E6961F13.d.40D767A57DFB70FCF84518E86503C373.e.4184","ELEMENT":"f.37D6AA7C4787DF83AABC3389E6961F13.d.40D767A57DFB70FCF84518E86503C373.e.4184"}]}
COMMAND: GET /session/7668c2c3023bec11a4154fc7238a1576/screenshot - {}
COMMAND: POST /session/7668c2c3023bec11a4154fc7238a1576/element - {"using":"xpath","value":"//span[contains(@id ,\"application-addressmanagement-display-component---detailAdm--addressDetailDetailsName1\")][contains(text(), \"WebdriverYardpuswy\")]"}
RESULT: {}
COMMAND: POST /session/7668c2c3023bec11a4154fc7238a1576/execute/sync - {"script":"<script> [8489 bytes]","args":[{"element-6066-11e4-a52e-4f735466cecf":"f.37D6AA7C4787DF83AABC3389E6961F13.d.40D767A57DFB70FCF84518E86503C373.e.4184","ELEMENT":"f.37D6AA7C4787DF83AABC3389E6961F13.d.40D767A57DFB70FCF84518E86503C373.e.4184"}]}
RESULT: {}
RESULT: {"using":"xpath","value":"//span[contains(@id ,\"application-addressmanagement-display-component---detailAdm--addressDetailDetailsName1\")][contains(text(), \"WebdriverYardpuswy\")]"}
RESULT: {"script":"<script> [8489 bytes]","args":[{"element-6066-11e4-a52e-4f735466cecf":"f.37D6AA7C4787DF83AABC3389E6961F13.d.40D767A57DFB70FCF84518E86503C373.e.4184","ELEMENT":"f.37D6AA7C4787DF83AABC3389E6961F13.d.40D767A57DFB70FCF84518E86503C373.e.4184"}]}
COMMAND: POST /session/7668c2c3023bec11a4154fc7238a1576/execute/sync - {"script":"<script> [5351 bytes]","args":[{"element-6066-11e4-a52e-4f735466cecf":"f.37D6AA7C4787DF83AABC3389E6961F13.d.40D767A57DFB70FCF84518E86503C373.e.4184","ELEMENT":"f.37D6AA7C4787DF83AABC3389E6961F13.d.40D767A57DFB70FCF84518E86503C373.e.4184"}]}
COMMAND: GET /session/7668c2c3023bec11a4154fc7238a1576/screenshot - {}
RESULT: {"script":"<script> [5351 bytes]","args":[{"element-6066-11e4-a52e-4f735466cecf":"f.37D6AA7C4787DF83AABC3389E6961F13.d.40D767A57DFB70FCF84518E86503C373.e.4184","ELEMENT":"f.37D6AA7C4787DF83AABC3389E6961F13.d.40D767A57DFB70FCF84518E86503C373.e.4184"}]}
COMMAND: GET /session/7668c2c3023bec11a4154fc7238a1576/screenshot - {}
COMMAND: POST /session/7668c2c3023bec11a4154fc7238a1576/execute/sync - {"script":"<script> [8489 bytes]","args":[{"element-6066-11e4-a52e-4f735466cecf":"f.37D6AA7C4787DF83AABC3389E6961F13.d.40D767A57DFB70FCF84518E86503C373.e.4184","ELEMENT":"f.37D6AA7C4787DF83AABC3389E6961F13.d.40D767A57DFB70FCF84518E86503C373.e.4184"}]}
RESULT: {}
RESULT: {}
RESULT: {"script":"<script> [8489 bytes]","args":[{"element-6066-11e4-a52e-4f735466cecf":"f.37D6AA7C4787DF83AABC3389E6961F13.d.40D767A57DFB70FCF84518E86503C373.e.4184","ELEMENT":"f.37D6AA7C4787DF83AABC3389E6961F13.d.40D767A57DFB70FCF84518E86503C373.e.4184"}]}
COMMAND: POST /session/7668c2c3023bec11a4154fc7238a1576/execute/sync - {"script":"<script> [5351 bytes]","args":[{"element-6066-11e4-a52e-4f735466cecf":"f.37D6AA7C4787DF83AABC3389E6961F13.d.40D767A57DFB70FCF84518E86503C373.e.4184","ELEMENT":"f.37D6AA7C4787DF83AABC3389E6961F13.d.40D767A57DFB70FCF84518E86503C373.e.4184"}]}
RESULT: {"script":"<script> [5351 bytes]","args":[{"element-6066-11e4-a52e-4f735466cecf":"f.37D6AA7C4787DF83AABC3389E6961F13.d.40D767A57DFB70FCF84518E86503C373.e.4184","ELEMENT":"f.37D6AA7C4787DF83AABC3389E6961F13.d.40D767A57DFB70FCF84518E86503C373.e.4184"}]}
COMMAND: POST /session/7668c2c3023bec11a4154fc7238a1576/element - {"using":"xpath","value":"//span[contains(@id ,\"application-addressmanagement-display-component---detailAdm--addressDetailDetailsName1\")][contains(text(), \"WebdriverYardpuswy\")]"}
COMMAND: POST /session/7668c2c3023bec11a4154fc7238a1576/execute/sync - {"script":"<script> [8489 bytes]","args":[{"element-6066-11e4-a52e-4f735466cecf":"f.37D6AA7C4787DF83AABC3389E6961F13.d.40D767A57DFB70FCF84518E86503C373.e.4184","ELEMENT":"f.37D6AA7C4787DF83AABC3389E6961F13.d.40D767A57DFB70FCF84518E86503C373.e.4184"}]}
COMMAND: GET /session/7668c2c3023bec11a4154fc7238a1576/screenshot - {}
COMMAND: GET /session/7668c2c3023bec11a4154fc7238a1576/screenshot - {}
RESULT: {"using":"xpath","value":"//span[contains(@id ,\"application-addressmanagement-display-component---detailAdm--addressDetailDetailsName1\")][contains(text(), \"WebdriverYardpuswy\")]"}
RESULT: {"script":"<script> [8489 bytes]","args":[{"element-6066-11e4-a52e-4f735466cecf":"f.37D6AA7C4787DF83AABC3389E6961F13.d.40D767A57DFB70FCF84518E86503C373.e.4184","ELEMENT":"f.37D6AA7C4787DF83AABC3389E6961F13.d.40D767A57DFB70FCF84518E86503C373.e.4184"}]}
COMMAND: POST /session/7668c2c3023bec11a4154fc7238a1576/execute/sync - {"script":"<script> [5351 bytes]","args":[{"element-6066-11e4-a52e-4f735466cecf":"f.37D6AA7C4787DF83AABC3389E6961F13.d.40D767A57DFB70FCF84518E86503C373.e.4184","ELEMENT":"f.37D6AA7C4787DF83AABC3389E6961F13.d.40D767A57DFB70FCF84518E86503C373.e.4184"}]}
COMMAND: GET /session/7668c2c3023bec11a4154fc7238a1576/screenshot - {}
RESULT: {}
RESULT: {}
RESULT: {"script":"<script> [5351 bytes]","args":[{"element-6066-11e4-a52e-4f735466cecf":"f.37D6AA7C4787DF83AABC3389E6961F13.d.40D767A57DFB70FCF84518E86503C373.e.4184","ELEMENT":"f.37D6AA7C4787DF83AABC3389E6961F13.d.40D767A57DFB70FCF84518E86503C373.e.4184"}]}
COMMAND: POST /session/7668c2c3023bec11a4154fc7238a1576/execute/sync - {"script":"<script> [8489 bytes]","args":[{"element-6066-11e4-a52e-4f735466cecf":"f.37D6AA7C4787DF83AABC3389E6961F13.d.40D767A57DFB70FCF84518E86503C373.e.4184","ELEMENT":"f.37D6AA7C4787DF83AABC3389E6961F13.d.40D767A57DFB70FCF84518E86503C373.e.4184"}]}
COMMAND: GET /session/7668c2c3023bec11a4154fc7238a1576/screenshot - {}
COMMAND: POST /session/7668c2c3023bec11a4154fc7238a1576/element - {"using":"xpath","value":"//span[contains(@id ,\"application-addressmanagement-display-component---detailAdm--addressDetailDetailsName1\")][contains(text(), \"WebdriverYardpuswy\")]"}
RESULT: {}
RESULT: {"script":"<script> [8489 bytes]","args":[{"element-6066-11e4-a52e-4f735466cecf":"f.37D6AA7C4787DF83AABC3389E6961F13.d.40D767A57DFB70FCF84518E86503C373.e.4184","ELEMENT":"f.37D6AA7C4787DF83AABC3389E6961F13.d.40D767A57DFB70FCF84518E86503C373.e.4184"}]}
COMMAND: POST /session/7668c2c3023bec11a4154fc7238a1576/execute/sync - {"script":"<script> [5351 bytes]","args":[{"element-6066-11e4-a52e-4f735466cecf":"f.37D6AA7C4787DF83AABC3389E6961F13.d.40D767A57DFB70FCF84518E86503C373.e.4184","ELEMENT":"f.37D6AA7C4787DF83AABC3389E6961F13.d.40D767A57DFB70FCF84518E86503C373.e.4184"}]}
COMMAND: GET /session/7668c2c3023bec11a4154fc7238a1576/screenshot - {}
RESULT: {}
RESULT: {"using":"xpath","value":"//span[contains(@id ,\"application-addressmanagement-display-component---detailAdm--addressDetailDetailsName1\")][contains(text(), \"WebdriverYardpuswy\")]"}
RESULT: {"script":"<script> [5351 bytes]","args":[{"element-6066-11e4-a52e-4f735466cecf":"f.37D6AA7C4787DF83AABC3389E6961F13.d.40D767A57DFB70FCF84518E86503C373.e.4184","ELEMENT":"f.37D6AA7C4787DF83AABC3389E6961F13.d.40D767A57DFB70FCF84518E86503C373.e.4184"}]}
COMMAND: POST /session/7668c2c3023bec11a4154fc7238a1576/execute/sync - {"script":"<script> [8489 bytes]","args":[{"element-6066-11e4-a52e-4f735466cecf":"f.37D6AA7C4787DF83AABC3389E6961F13.d.40D767A57DFB70FCF84518E86503C373.e.4184","ELEMENT":"f.37D6AA7C4787DF83AABC3389E6961F13.d.40D767A57DFB70FCF84518E86503C373.e.4184"}]}
COMMAND: GET /session/7668c2c3023bec11a4154fc7238a1576/screenshot - {}
RESULT: {}
RESULT: {"script":"<script> [8489 bytes]","args":[{"element-6066-11e4-a52e-4f735466cecf":"f.37D6AA7C4787DF83AABC3389E6961F13.d.40D767A57DFB70FCF84518E86503C373.e.4184","ELEMENT":"f.37D6AA7C4787DF83AABC3389E6961F13.d.40D767A57DFB70FCF84518E86503C373.e.4184"}]}
COMMAND: POST /session/7668c2c3023bec11a4154fc7238a1576/execute/sync - {"script":"<script> [5351 bytes]","args":[{"element-6066-11e4-a52e-4f735466cecf":"f.37D6AA7C4787DF83AABC3389E6961F13.d.40D767A57DFB70FCF84518E86503C373.e.4184","ELEMENT":"f.37D6AA7C4787DF83AABC3389E6961F13.d.40D767A57DFB70FCF84518E86503C373.e.4184"}]}
COMMAND: GET /session/7668c2c3023bec11a4154fc7238a1576/screenshot - {}
COMMAND: POST /session/7668c2c3023bec11a4154fc7238a1576/element - {"using":"xpath","value":"//span[contains(@id ,\"application-addressmanagement-display-component---detailAdm--addressDetailDetailsName1\")][contains(text(), \"WebdriverYardpuswy\")]"}
RESULT: {}
RESULT: {"script":"<script> [5351 bytes]","args":[{"element-6066-11e4-a52e-4f735466cecf":"f.37D6AA7C4787DF83AABC3389E6961F13.d.40D767A57DFB70FCF84518E86503C373.e.4184","ELEMENT":"f.37D6AA7C4787DF83AABC3389E6961F13.d.40D767A57DFB70FCF84518E86503C373.e.4184"}]}
COMMAND: POST /session/7668c2c3023bec11a4154fc7238a1576/execute/sync - {"script":"<script> [8489 bytes]","args":[{"element-6066-11e4-a52e-4f735466cecf":"f.37D6AA7C4787DF83AABC3389E6961F13.d.40D767A57DFB70FCF84518E86503C373.e.4184","ELEMENT":"f.37D6AA7C4787DF83AABC3389E6961F13.d.40D767A57DFB70FCF84518E86503C373.e.4184"}]}
COMMAND: GET /session/7668c2c3023bec11a4154fc7238a1576/screenshot - {}
RESULT: {}
RESULT: {"using":"xpath","value":"//span[contains(@id ,\"application-addressmanagement-display-component---detailAdm--addressDetailDetailsName1\")][contains(text(), \"WebdriverYardpuswy\")]"}
RESULT: {"script":"<script> [8489 bytes]","args":[{"element-6066-11e4-a52e-4f735466cecf":"f.37D6AA7C4787DF83AABC3389E6961F13.d.40D767A57DFB70FCF84518E86503C373.e.4184","ELEMENT":"f.37D6AA7C4787DF83AABC3389E6961F13.d.40D767A57DFB70FCF84518E86503C373.e.4184"}]}
COMMAND: POST /session/7668c2c3023bec11a4154fc7238a1576/execute/sync - {"script":"<script> [5351 bytes]","args":[{"element-6066-11e4-a52e-4f735466cecf":"f.37D6AA7C4787DF83AABC3389E6961F13.d.40D767A57DFB70FCF84518E86503C373.e.4184","ELEMENT":"f.37D6AA7C4787DF83AABC3389E6961F13.d.40D767A57DFB70FCF84518E86503C373.e.4184"}]}
COMMAND: GET /session/7668c2c3023bec11a4154fc7238a1576/screenshot - {}
RESULT: {}
RESULT: {"script":"<script> [5351 bytes]","args":[{"element-6066-11e4-a52e-4f735466cecf":"f.37D6AA7C4787DF83AABC3389E6961F13.d.40D767A57DFB70FCF84518E86503C373.e.4184","ELEMENT":"f.37D6AA7C4787DF83AABC3389E6961F13.d.40D767A57DFB70FCF84518E86503C373.e.4184"}]}
COMMAND: GET /session/7668c2c3023bec11a4154fc7238a1576/screenshot - {}
COMMAND: POST /session/7668c2c3023bec11a4154fc7238a1576/execute/sync - {"script":"<script> [8489 bytes]","args":[{"element-6066-11e4-a52e-4f735466cecf":"f.37D6AA7C4787DF83AABC3389E6961F13.d.40D767A57DFB70FCF84518E86503C373.e.4184","ELEMENT":"f.37D6AA7C4787DF83AABC3389E6961F13.d.40D767A57DFB70FCF84518E86503C373.e.4184"}]}
COMMAND: POST /session/7668c2c3023bec11a4154fc7238a1576/element - {"using":"xpath","value":"//span[contains(@id ,\"application-addressmanagement-display-component---detailAdm--addressDetailDetailsName1\")][contains(text(), \"WebdriverYardpuswy\")]"}
RESULT: {}
RESULT: {"script":"<script> [8489 bytes]","args":[{"element-6066-11e4-a52e-4f735466cecf":"f.37D6AA7C4787DF83AABC3389E6961F13.d.40D767A57DFB70FCF84518E86503C373.e.4184","ELEMENT":"f.37D6AA7C4787DF83AABC3389E6961F13.d.40D767A57DFB70FCF84518E86503C373.e.4184"}]}
COMMAND: POST /session/7668c2c3023bec11a4154fc7238a1576/execute/sync - {"script":"<script> [5351 bytes]","args":[{"element-6066-11e4-a52e-4f735466cecf":"f.37D6AA7C4787DF83AABC3389E6961F13.d.40D767A57DFB70FCF84518E86503C373.e.4184","ELEMENT":"f.37D6AA7C4787DF83AABC3389E6961F13.d.40D767A57DFB70FCF84518E86503C373.e.4184"}]}
COMMAND: GET /session/7668c2c3023bec11a4154fc7238a1576/screenshot - {}
RESULT: {}
RESULT: {"using":"xpath","value":"//span[contains(@id ,\"application-addressmanagement-display-component---detailAdm--addressDetailDetailsName1\")][contains(text(), \"WebdriverYardpuswy\")]"}
RESULT: {"script":"<script> [5351 bytes]","args":[{"element-6066-11e4-a52e-4f735466cecf":"f.37D6AA7C4787DF83AABC3389E6961F13.d.40D767A57DFB70FCF84518E86503C373.e.4184","ELEMENT":"f.37D6AA7C4787DF83AABC3389E6961F13.d.40D767A57DFB70FCF84518E86503C373.e.4184"}]}
COMMAND: POST /session/7668c2c3023bec11a4154fc7238a1576/execute/sync - {"script":"<script> [8489 bytes]","args":[{"element-6066-11e4-a52e-4f735466cecf":"f.37D6AA7C4787DF83AABC3389E6961F13.d.40D767A57DFB70FCF84518E86503C373.e.4184","ELEMENT":"f.37D6AA7C4787DF83AABC3389E6961F13.d.40D767A57DFB70FCF84518E86503C373.e.4184"}]}
COMMAND: GET /session/7668c2c3023bec11a4154fc7238a1576/screenshot - {}
COMMAND: POST /session/7668c2c3023bec11a4154fc7238a1576/element - {"using":"xpath","value":"//span[contains(@id ,\"application-addressmanagement-display-component---detailAdm--addressDetailDetailsName1\")][contains(text(), \"WebdriverYardpuswy\")]"}
RESULT: {}
RESULT: {"script":"<script> [8489 bytes]","args":[{"element-6066-11e4-a52e-4f735466cecf":"f.37D6AA7C4787DF83AABC3389E6961F13.d.40D767A57DFB70FCF84518E86503C373.e.4184","ELEMENT":"f.37D6AA7C4787DF83AABC3389E6961F13.d.40D767A57DFB70FCF84518E86503C373.e.4184"}]}
COMMAND: POST /session/7668c2c3023bec11a4154fc7238a1576/execute/sync - {"script":"<script> [5351 bytes]","args":[{"element-6066-11e4-a52e-4f735466cecf":"f.37D6AA7C4787DF83AABC3389E6961F13.d.40D767A57DFB70FCF84518E86503C373.e.4184","ELEMENT":"f.37D6AA7C4787DF83AABC3389E6961F13.d.40D767A57DFB70FCF84518E86503C373.e.4184"}]}
RESULT: {}
RESULT: {"using":"xpath","value":"//span[contains(@id ,\"application-addressmanagement-display-component---detailAdm--addressDetailDetailsName1\")][contains(text(), \"WebdriverYardpuswy\")]"}
COMMAND: GET /session/7668c2c3023bec11a4154fc7238a1576/screenshot - {}
RESULT: {"script":"<script> [5351 bytes]","args":[{"element-6066-11e4-a52e-4f735466cecf":"f.37D6AA7C4787DF83AABC3389E6961F13.d.40D767A57DFB70FCF84518E86503C373.e.4184","ELEMENT":"f.37D6AA7C4787DF83AABC3389E6961F13.d.40D767A57DFB70FCF84518E86503C373.e.4184"}]}
COMMAND: GET /session/7668c2c3023bec11a4154fc7238a1576/screenshot - {}
COMMAND: POST /session/7668c2c3023bec11a4154fc7238a1576/execute/sync - {"script":"<script> [8489 bytes]","args":[{"element-6066-11e4-a52e-4f735466cecf":"f.37D6AA7C4787DF83AABC3389E6961F13.d.40D767A57DFB70FCF84518E86503C373.e.4184","ELEMENT":"f.37D6AA7C4787DF83AABC3389E6961F13.d.40D767A57DFB70FCF84518E86503C373.e.4184"}]}
RESULT: {}
COMMAND: POST /session/7668c2c3023bec11a4154fc7238a1576/element - {"using":"xpath","value":"//span[contains(@id ,\"application-addressmanagement-display-component---detailAdm--addressDetailDetailsName1\")][contains(text(), \"WebdriverYardpuswy\")]"}
RESULT: {}
RESULT: {"script":"<script> [8489 bytes]","args":[{"element-6066-11e4-a52e-4f735466cecf":"f.37D6AA7C4787DF83AABC3389E6961F13.d.40D767A57DFB70FCF84518E86503C373.e.4184","ELEMENT":"f.37D6AA7C4787DF83AABC3389E6961F13.d.40D767A57DFB70FCF84518E86503C373.e.4184"}]}
COMMAND: POST /session/7668c2c3023bec11a4154fc7238a1576/execute/sync - {"script":"<script> [5351 bytes]","args":[{"element-6066-11e4-a52e-4f735466cecf":"f.37D6AA7C4787DF83AABC3389E6961F13.d.40D767A57DFB70FCF84518E86503C373.e.4184","ELEMENT":"f.37D6AA7C4787DF83AABC3389E6961F13.d.40D767A57DFB70FCF84518E86503C373.e.4184"}]}
COMMAND: GET /session/7668c2c3023bec11a4154fc7238a1576/screenshot - {}
RESULT: {"using":"xpath","value":"//span[contains(@id ,\"application-addressmanagement-display-component---detailAdm--addressDetailDetailsName1\")][contains(text(), \"WebdriverYardpuswy\")]"}
RESULT: {"script":"<script> [5351 bytes]","args":[{"element-6066-11e4-a52e-4f735466cecf":"f.37D6AA7C4787DF83AABC3389E6961F13.d.40D767A57DFB70FCF84518E86503C373.e.4184","ELEMENT":"f.37D6AA7C4787DF83AABC3389E6961F13.d.40D767A57DFB70FCF84518E86503C373.e.4184"}]}
COMMAND: POST /session/7668c2c3023bec11a4154fc7238a1576/execute/sync - {"script":"<script> [8489 bytes]","args":[{"element-6066-11e4-a52e-4f735466cecf":"f.37D6AA7C4787DF83AABC3389E6961F13.d.40D767A57DFB70FCF84518E86503C373.e.4184","ELEMENT":"f.37D6AA7C4787DF83AABC3389E6961F13.d.40D767A57DFB70FCF84518E86503C373.e.4184"}]}
COMMAND: GET /session/7668c2c3023bec11a4154fc7238a1576/screenshot - {}
RESULT: {}
COMMAND: POST /session/7668c2c3023bec11a4154fc7238a1576/element - {"using":"xpath","value":"//span[contains(@id ,\"application-addressmanagement-display-component---detailAdm--addressDetailDetailsName1\")][contains(text(), \"WebdriverYardpuswy\")]"}
RESULT: {"script":"<script> [8489 bytes]","args":[{"element-6066-11e4-a52e-4f735466cecf":"f.37D6AA7C4787DF83AABC3389E6961F13.d.40D767A57DFB70FCF84518E86503C373.e.4184","ELEMENT":"f.37D6AA7C4787DF83AABC3389E6961F13.d.40D767A57DFB70FCF84518E86503C373.e.4184"}]}
COMMAND: POST /session/7668c2c3023bec11a4154fc7238a1576/execute/sync - {"script":"<script> [5351 bytes]","args":[{"element-6066-11e4-a52e-4f735466cecf":"f.37D6AA7C4787DF83AABC3389E6961F13.d.40D767A57DFB70FCF84518E86503C373.e.4184","ELEMENT":"f.37D6AA7C4787DF83AABC3389E6961F13.d.40D767A57DFB70FCF84518E86503C373.e.4184"}]}
COMMAND: GET /session/7668c2c3023bec11a4154fc7238a1576/screenshot - {}
RESULT: {}
RESULT: {"using":"xpath","value":"//span[contains(@id ,\"application-addressmanagement-display-component---detailAdm--addressDetailDetailsName1\")][contains(text(), \"WebdriverYardpuswy\")]"}
RESULT: {"script":"<script> [5351 bytes]","args":[{"element-6066-11e4-a52e-4f735466cecf":"f.37D6AA7C4787DF83AABC3389E6961F13.d.40D767A57DFB70FCF84518E86503C373.e.4184","ELEMENT":"f.37D6AA7C4787DF83AABC3389E6961F13.d.40D767A57DFB70FCF84518E86503C373.e.4184"}]}
COMMAND: POST /session/7668c2c3023bec11a4154fc7238a1576/execute/sync - {"script":"<script> [8489 bytes]","args":[{"element-6066-11e4-a52e-4f735466cecf":"f.37D6AA7C4787DF83AABC3389E6961F13.d.40D767A57DFB70FCF84518E86503C373.e.4184","ELEMENT":"f.37D6AA7C4787DF83AABC3389E6961F13.d.40D767A57DFB70FCF84518E86503C373.e.4184"}]}
COMMAND: GET /session/7668c2c3023bec11a4154fc7238a1576/screenshot - {}
RESULT: {}
RESULT: {"script":"<script> [8489 bytes]","args":[{"element-6066-11e4-a52e-4f735466cecf":"f.37D6AA7C4787DF83AABC3389E6961F13.d.40D767A57DFB70FCF84518E86503C373.e.4184","ELEMENT":"f.37D6AA7C4787DF83AABC3389E6961F13.d.40D767A57DFB70FCF84518E86503C373.e.4184"}]}
COMMAND: POST /session/7668c2c3023bec11a4154fc7238a1576/execute/sync - {"script":"<script> [5351 bytes]","args":[{"element-6066-11e4-a52e-4f735466cecf":"f.37D6AA7C4787DF83AABC3389E6961F13.d.40D767A57DFB70FCF84518E86503C373.e.4184","ELEMENT":"f.37D6AA7C4787DF83AABC3389E6961F13.d.40D767A57DFB70FCF84518E86503C373.e.4184"}]}
COMMAND: GET /session/7668c2c3023bec11a4154fc7238a1576/screenshot - {}
COMMAND: POST /session/7668c2c3023bec11a4154fc7238a1576/element - {"using":"xpath","value":"//span[contains(@id ,\"application-addressmanagement-display-component---detailAdm--addressDetailDetailsName1\")][contains(text(), \"WebdriverYardpuswy\")]"}
RESULT: {}
RESULT: {"script":"<script> [5351 bytes]","args":[{"element-6066-11e4-a52e-4f735466cecf":"f.37D6AA7C4787DF83AABC3389E6961F13.d.40D767A57DFB70FCF84518E86503C373.e.4184","ELEMENT":"f.37D6AA7C4787DF83AABC3389E6961F13.d.40D767A57DFB70FCF84518E86503C373.e.4184"}]}
COMMAND: POST /session/7668c2c3023bec11a4154fc7238a1576/element/f.37D6AA7C4787DF83AABC3389E6961F13.d.40D767A57DFB70FCF84518E86503C373.e.4184/click - {}
COMMAND: GET /session/7668c2c3023bec11a4154fc7238a1576/screenshot - {}
RESULT: {}
RESULT: {"using":"xpath","value":"//span[contains(@id ,\"application-addressmanagement-display-component---detailAdm--addressDetailDetailsName1\")][contains(text(), \"WebdriverYardpuswy\")]"}
RESULT: {}
COMMAND: GET /session/7668c2c3023bec11a4154fc7238a1576/screenshot - {}
COMMAND: POST /session/7668c2c3023bec11a4154fc7238a1576/element - {"using":"xpath","value":"//span[contains(@id ,\"application-addressmanagement-display-component---detailAdm--addressDetailDetailsName1\")][contains(text(), \"WebdriverYardpuswy\")]"}
RESULT: {}
RESULT: {}
RESULT: {"using":"xpath","value":"//span[contains(@id ,\"application-addressmanagement-display-component---detailAdm--addressDetailDetailsName1\")][contains(text(), \"WebdriverYardpuswy\")]"}
COMMAND: POST /session/7668c2c3023bec11a4154fc7238a1576/element - {"using":"xpath","value":"//span[contains(@id ,\"application-addressmanagement-display-component---detailAdm--addressDetailDetailsName1\")][contains(text(), \"WebdriverYardpuswy\")]"}
RESULT: {"using":"xpath","value":"//span[contains(@id ,\"application-addressmanagement-display-component---detailAdm--addressDetailDetailsName1\")][contains(text(), \"WebdriverYardpuswy\")]"}
COMMAND: POST /session/7668c2c3023bec11a4154fc7238a1576/element - {"using":"xpath","value":"//span[contains(@id ,\"application-addressmanagement-display-component---detailAdm--addressDetailDetailsName1\")][contains(text(), \"WebdriverYardpuswy\")]"}
RESULT: {"using":"xpath","value":"//span[contains(@id ,\"application-addressmanagement-display-component---detailAdm--addressDetailDetailsName1\")][contains(text(), \"WebdriverYardpuswy\")]"}
COMMAND: POST /session/7668c2c3023bec11a4154fc7238a1576/element - {"using":"xpath","value":"(//bdi[contains(text(), \"Deactivate\")])[1]"}
RESULT: {"using":"xpath","value":"(//bdi[contains(text(), \"Deactivate\")])[1]"}
COMMAND: POST /session/7668c2c3023bec11a4154fc7238a1576/element/f.37D6AA7C4787DF83AABC3389E6961F13.d.40D767A57DFB70FCF84518E86503C373.e.4255/click - {}
COMMAND: POST /session/7668c2c3023bec11a4154fc7238a1576/element - {"using":"xpath","value":"//span[contains(@id ,\"application-addressmanagement-display-component---detailAdm--addressDetailDetailsName1\")][contains(text(), \"WebdriverYardpuswy\")]"}
RESULT: {}
COMMAND: GET /session/7668c2c3023bec11a4154fc7238a1576/screenshot - {}
RESULT: {"using":"xpath","value":"//span[contains(@id ,\"application-addressmanagement-display-component---detailAdm--addressDetailDetailsName1\")][contains(text(), \"WebdriverYardpuswy\")]"}
RESULT: {}
COMMAND: POST /session/7668c2c3023bec11a4154fc7238a1576/element - {"using":"xpath","value":"//span[contains(@id ,\"application-addressmanagement-display-component---detailAdm--addressDetailDetailsName1\")][contains(text(), \"WebdriverYardpuswy\")]"}
RESULT: {"using":"xpath","value":"//span[contains(@id ,\"application-addressmanagement-display-component---detailAdm--addressDetailDetailsName1\")][contains(text(), \"WebdriverYardpuswy\")]"}
COMMAND: POST /session/7668c2c3023bec11a4154fc7238a1576/element - {"using":"xpath","value":"//span[contains(@id ,\"application-addressmanagement-display-component---detailAdm--addressDetailDetailsName1\")][contains(text(), \"WebdriverYardpuswy\")]"}
RESULT: {"using":"xpath","value":"//span[contains(@id ,\"application-addressmanagement-display-component---detailAdm--addressDetailDetailsName1\")][contains(text(), \"WebdriverYardpuswy\")]"}
COMMAND: POST /session/7668c2c3023bec11a4154fc7238a1576/element - {"using":"xpath","value":"//span[contains(@id ,\"application-addressmanagement-display-component---detailAdm--addressDetailDetailsName1\")][contains(text(), \"WebdriverYardpuswy\")]"}
RESULT: {"using":"xpath","value":"//span[contains(@id ,\"application-addressmanagement-display-component---detailAdm--addressDetailDetailsName1\")][contains(text(), \"WebdriverYardpuswy\")]"}
COMMAND: POST /session/7668c2c3023bec11a4154fc7238a1576/element - {"using":"xpath","value":"(//bdi[contains(text(), \"OK\")])[1]"}
RESULT: {"using":"xpath","value":"(//bdi[contains(text(), \"OK\")])[1]"}
COMMAND: POST /session/7668c2c3023bec11a4154fc7238a1576/element/f.37D6AA7C4787DF83AABC3389E6961F13.d.40D767A57DFB70FCF84518E86503C373.e.4258/click - {}
COMMAND: POST /session/7668c2c3023bec11a4154fc7238a1576/element - {"using":"xpath","value":"//span[contains(@id ,\"application-addressmanagement-display-component---detailAdm--addressDetailDetailsName1\")][contains(text(), \"WebdriverYardpuswy\")]"}
RESULT: {}
COMMAND: GET /session/7668c2c3023bec11a4154fc7238a1576/screenshot - {}
RESULT: {"using":"xpath","value":"//span[contains(@id ,\"application-addressmanagement-display-component---detailAdm--addressDetailDetailsName1\")][contains(text(), \"WebdriverYardpuswy\")]"}
COMMAND: POST /session/7668c2c3023bec11a4154fc7238a1576/element - {"using":"xpath","value":"//span[contains(@id ,\"application-addressmanagement-display-component---detailAdm--addressDetailDetailsName1\")][contains(text(), \"WebdriverYardpuswy\")]"}
RESULT: {}
RESULT: {"using":"xpath","value":"//span[contains(@id ,\"application-addressmanagement-display-component---detailAdm--addressDetailDetailsName1\")][contains(text(), \"WebdriverYardpuswy\")]"}
COMMAND: POST /session/7668c2c3023bec11a4154fc7238a1576/element - {"using":"xpath","value":"//span[contains(@id ,\"application-addressmanagement-display-component---detailAdm--addressDetailDetailsName1\")][contains(text(), \"WebdriverYardpuswy\")]"}
RESULT: {"using":"xpath","value":"//span[contains(@id ,\"application-addressmanagement-display-component---detailAdm--addressDetailDetailsName1\")][contains(text(), \"WebdriverYardpuswy\")]"}
COMMAND: POST /session/7668c2c3023bec11a4154fc7238a1576/element - {"using":"xpath","value":"//input[contains(@id ,\"application-manageresources-display-component---masterRU--smartFilterBar-btnBasicSearch-I\")]"}
RESULT: {"using":"xpath","value":"//input[contains(@id ,\"application-manageresources-display-component---masterRU--smartFilterBar-btnBasicSearch-I\")]"}
COMMAND: POST /session/7668c2c3023bec11a4154fc7238a1576/element/f.37D6AA7C4787DF83AABC3389E6961F13.d.40D767A57DFB70FCF84518E86503C373.e.3940/value - {"text":"WdIORUGroupnjase"}
RESULT: {"text":"WdIORUGroupnjase"}
COMMAND: GET /session/7668c2c3023bec11a4154fc7238a1576/screenshot - {}
RESULT: {}
COMMAND: POST /session/7668c2c3023bec11a4154fc7238a1576/actions - {"actions":[{"id":"action10","type":"key","parameters":{},"actions":[{"type":"keyDown","value":""},{"type":"pause","duration":10},{"type":"keyUp","value":""}]}]}
RESULT: {"actions":[{"id":"action10","type":"key","parameters":{},"actions":[{"type":"keyDown","value":""},{"type":"pause","duration":10},{"type":"keyUp","value":""}]}]}
COMMAND: GET /session/7668c2c3023bec11a4154fc7238a1576/screenshot - {}
RESULT: {}
COMMAND: POST /session/7668c2c3023bec11a4154fc7238a1576/element - {"using":"xpath","value":"//span[contains(text(), \"WdIORUGroupnjase\")][contains(@class ,\"sapMText sapUiSelectable sapMTextBreakWord sapMTextMaxWidth\")]"}
RESULT: {"using":"xpath","value":"//span[contains(text(), \"WdIORUGroupnjase\")][contains(@class ,\"sapMText sapUiSelectable sapMTextBreakWord sapMTextMaxWidth\")]"}
COMMAND: POST /session/7668c2c3023bec11a4154fc7238a1576/element/f.37D6AA7C4787DF83AABC3389E6961F13.d.40D767A57DFB70FCF84518E86503C373.e.4539/click - {}
RESULT: {}
COMMAND: GET /session/7668c2c3023bec11a4154fc7238a1576/screenshot - {}
RESULT: {}
COMMAND: POST /session/7668c2c3023bec11a4154fc7238a1576/element - {"using":"xpath","value":"//bdi[contains(@id ,\"application-manageresources-display-component---detailRU--openRelatedRus-BDI-content\")]"}
RESULT: {"using":"xpath","value":"//bdi[contains(@id ,\"application-manageresources-display-component---detailRU--openRelatedRus-BDI-content\")]"}
COMMAND: POST /session/7668c2c3023bec11a4154fc7238a1576/execute/sync - {"script":"<script> [8489 bytes]","args":[{"element-6066-11e4-a52e-4f735466cecf":"f.37D6AA7C4787DF83AABC3389E6961F13.d.40D767A57DFB70FCF84518E86503C373.e.4651","ELEMENT":"f.37D6AA7C4787DF83AABC3389E6961F13.d.40D767A57DFB70FCF84518E86503C373.e.4651"}]}
RESULT: {"script":"<script> [8489 bytes]","args":[{"element-6066-11e4-a52e-4f735466cecf":"f.37D6AA7C4787DF83AABC3389E6961F13.d.40D767A57DFB70FCF84518E86503C373.e.4651","ELEMENT":"f.37D6AA7C4787DF83AABC3389E6961F13.d.40D767A57DFB70FCF84518E86503C373.e.4651"}]}
COMMAND: POST /session/7668c2c3023bec11a4154fc7238a1576/execute/sync - {"script":"<script> [5351 bytes]","args":[{"element-6066-11e4-a52e-4f735466cecf":"f.37D6AA7C4787DF83AABC3389E6961F13.d.40D767A57DFB70FCF84518E86503C373.e.4651","ELEMENT":"f.37D6AA7C4787DF83AABC3389E6961F13.d.40D767A57DFB70FCF84518E86503C373.e.4651"}]}
COMMAND: GET /session/7668c2c3023bec11a4154fc7238a1576/screenshot - {}
RESULT: {"script":"<script> [5351 bytes]","args":[{"element-6066-11e4-a52e-4f735466cecf":"f.37D6AA7C4787DF83AABC3389E6961F13.d.40D767A57DFB70FCF84518E86503C373.e.4651","ELEMENT":"f.37D6AA7C4787DF83AABC3389E6961F13.d.40D767A57DFB70FCF84518E86503C373.e.4651"}]}
COMMAND: POST /session/7668c2c3023bec11a4154fc7238a1576/element/f.37D6AA7C4787DF83AABC3389E6961F13.d.40D767A57DFB70FCF84518E86503C373.e.4651/click - {}
COMMAND: GET /session/7668c2c3023bec11a4154fc7238a1576/screenshot - {}
RESULT: {}
RESULT: {}
COMMAND: GET /session/7668c2c3023bec11a4154fc7238a1576/screenshot - {}
RESULT: {}
RESULT: {}
RESULT: undefined
COMMAND: POST /session/7668c2c3023bec11a4154fc7238a1576/execute/async - {"script":"<script> [6424 bytes]","args":[{"element-6066-11e4-a52e-4f735466cecf":"f.37D6AA7C4787DF83AABC3389E6961F13.d.40D767A57DFB70FCF84518E86503C373.e.2632"},"getText",[]]}
COMMAND: POST /session/7668c2c3023bec11a4154fc7238a1576/execute/async - {"script":"<script> [1562 bytes]","args":[{"selector":{"id":"RelatedRUsFragmentID--smartTableRUs-header","searchOpenDialogs":true},"wdio_ui5_key":"RelatedRUsFragmentIDsmartTableRUs-header"}]}
RESULT: {"script":"<script> [1562 bytes]","args":[{"selector":{"id":"RelatedRUsFragmentID--smartTableRUs-header","searchOpenDialogs":true},"wdio_ui5_key":"RelatedRUsFragmentIDsmartTableRUs-header"}]}
COMMAND: POST /session/7668c2c3023bec11a4154fc7238a1576/execute/async - {"script":"<script> [6424 bytes]","args":[{"element-6066-11e4-a52e-4f735466cecf":"f.37D6AA7C4787DF83AABC3389E6961F13.d.40D767A57DFB70FCF84518E86503C373.e.4656"},"getText",[]]}
RESULT: {"script":"<script> [6424 bytes]","args":[{"element-6066-11e4-a52e-4f735466cecf":"f.37D6AA7C4787DF83AABC3389E6961F13.d.40D767A57DFB70FCF84518E86503C373.e.4656"},"getText",[]]}
COMMAND: GET /session/7668c2c3023bec11a4154fc7238a1576/screenshot - {}
RESULT: {}
COMMAND: GET /session/7668c2c3023bec11a4154fc7238a1576/screenshot - {}
COMMAND: GET /session/7668c2c3023bec11a4154fc7238a1576/screenshot - {}
RESULT: {}
RESULT: {}
COMMAND: DELETE /session/7668c2c3023bec11a4154fc7238a1576 - {}
RESULT: {}
]]></system-out>
      <system-err><![CDATA[
Error: expect(received).toEqual(expected) // deep equality

Expected: "Records (1)"
Received: "Records"
    at Context.<anonymous> (D:\a\1\s\test\specs\R2C\related-resources-area-rpg.spec.js:1038:31)
]]></system-err>
    </testcase>
  </testsuite>
</testsuites>