<?xml version="1.0" encoding="UTF-8"?>
<testsuites tests="5" failures="2" errors="2" skipped="0">
  <testsuite timestamp="2025-05-13T06:59:44" time="414.615" tests="5" failures="2" errors="2" skipped="0">
    <properties>
      <property name="specId" value="0" />
      <property name="suiteName" value="Address Management Tests US151165 US151160" />
      <property name="capabilities" value="chrome.136_0_7103_49.windows" />
      <property name="file" value="file:///D:/a/1/s/test/specs/BTS/address-management.spec.js" />
    </properties>
    <testcase classname="chrome.136_0_7103_49.windows.Address_Management_Tests_US151165_US151160" name="Step 1 Will check existence of address created with generated name if none then we create" time="75.899">
      <system-out><![CDATA[
COMMAND: POST /session/638be08272ad0c3279ca4ce8f916e8eb/execute/async - {"script":"<script> [1562 bytes]","args":[{"selector":{"controlType":"sap.m.GenericTile","properties":{"header":"Address Management"}},"wdio_ui5_key":"sapm.GenericTile{\"header\":\"Address Management\"}"}]}
RESULT: {"script":"<script> [1562 bytes]","args":[{"selector":{"controlType":"sap.m.GenericTile","properties":{"header":"Address Management"}},"wdio_ui5_key":"sapm.GenericTile{\"header\":\"Address Management\"}"}]}
RESULT: undefined
COMMAND: POST /session/638be08272ad0c3279ca4ce8f916e8eb/element - {"using":"xpath","value":"//*[@id=\"__tile33\"]"}
RESULT: {"using":"xpath","value":"//*[@id=\"__tile33\"]"}
COMMAND: POST /session/638be08272ad0c3279ca4ce8f916e8eb/element/f.BC25F7478899727B2AE5272CB58D94FC.d.197AFC9C797AFBFFD440EF62F9AB1349.e.215/click - {}
RESULT: {}
COMMAND: POST /session/638be08272ad0c3279ca4ce8f916e8eb/element - {"using":"xpath","value":"//button[@data-kt=\"addButton\"]"}
COMMAND: GET /session/638be08272ad0c3279ca4ce8f916e8eb/screenshot - {}
RESULT: {"using":"xpath","value":"//button[@data-kt=\"addButton\"]"}
COMMAND: POST /session/638be08272ad0c3279ca4ce8f916e8eb/elements - {"using":"xpath","value":"//button[@data-kt=\"addButton\"]"}
RESULT: {}
RESULT: {"using":"xpath","value":"//button[@data-kt=\"addButton\"]"}
COMMAND: POST /session/638be08272ad0c3279ca4ce8f916e8eb/elements - {"using":"xpath","value":"//button[@data-kt=\"addButton\"]"}
RESULT: {"using":"xpath","value":"//button[@data-kt=\"addButton\"]"}
COMMAND: POST /session/638be08272ad0c3279ca4ce8f916e8eb/elements - {"using":"xpath","value":"//button[@data-kt=\"addButton\"]"}
RESULT: {"using":"xpath","value":"//button[@data-kt=\"addButton\"]"}
COMMAND: POST /session/638be08272ad0c3279ca4ce8f916e8eb/elements - {"using":"xpath","value":"//button[@data-kt=\"addButton\"]"}
RESULT: {"using":"xpath","value":"//button[@data-kt=\"addButton\"]"}
COMMAND: POST /session/638be08272ad0c3279ca4ce8f916e8eb/elements - {"using":"xpath","value":"//button[@data-kt=\"addButton\"]"}
RESULT: {"using":"xpath","value":"//button[@data-kt=\"addButton\"]"}
COMMAND: POST /session/638be08272ad0c3279ca4ce8f916e8eb/elements - {"using":"xpath","value":"//button[@data-kt=\"addButton\"]"}
RESULT: {"using":"xpath","value":"//button[@data-kt=\"addButton\"]"}
COMMAND: POST /session/638be08272ad0c3279ca4ce8f916e8eb/elements - {"using":"xpath","value":"//button[@data-kt=\"addButton\"]"}
RESULT: {"using":"xpath","value":"//button[@data-kt=\"addButton\"]"}
COMMAND: POST /session/638be08272ad0c3279ca4ce8f916e8eb/elements - {"using":"xpath","value":"//button[@data-kt=\"addButton\"]"}
RESULT: {"using":"xpath","value":"//button[@data-kt=\"addButton\"]"}
COMMAND: POST /session/638be08272ad0c3279ca4ce8f916e8eb/elements - {"using":"xpath","value":"//button[@data-kt=\"addButton\"]"}
RESULT: {"using":"xpath","value":"//button[@data-kt=\"addButton\"]"}
COMMAND: POST /session/638be08272ad0c3279ca4ce8f916e8eb/elements - {"using":"xpath","value":"//button[@data-kt=\"addButton\"]"}
RESULT: {"using":"xpath","value":"//button[@data-kt=\"addButton\"]"}
COMMAND: POST /session/638be08272ad0c3279ca4ce8f916e8eb/elements - {"using":"xpath","value":"//button[@data-kt=\"addButton\"]"}
RESULT: {"using":"xpath","value":"//button[@data-kt=\"addButton\"]"}
COMMAND: POST /session/638be08272ad0c3279ca4ce8f916e8eb/elements - {"using":"xpath","value":"//button[@data-kt=\"addButton\"]"}
RESULT: {"using":"xpath","value":"//button[@data-kt=\"addButton\"]"}
COMMAND: POST /session/638be08272ad0c3279ca4ce8f916e8eb/elements - {"using":"xpath","value":"//button[@data-kt=\"addButton\"]"}
RESULT: {"using":"xpath","value":"//button[@data-kt=\"addButton\"]"}
COMMAND: POST /session/638be08272ad0c3279ca4ce8f916e8eb/elements - {"using":"xpath","value":"//button[@data-kt=\"addButton\"]"}
RESULT: {"using":"xpath","value":"//button[@data-kt=\"addButton\"]"}
COMMAND: POST /session/638be08272ad0c3279ca4ce8f916e8eb/elements - {"using":"xpath","value":"//button[@data-kt=\"addButton\"]"}
RESULT: {"using":"xpath","value":"//button[@data-kt=\"addButton\"]"}
COMMAND: POST /session/638be08272ad0c3279ca4ce8f916e8eb/elements - {"using":"xpath","value":"//button[@data-kt=\"addButton\"]"}
RESULT: {"using":"xpath","value":"//button[@data-kt=\"addButton\"]"}
COMMAND: POST /session/638be08272ad0c3279ca4ce8f916e8eb/elements - {"using":"xpath","value":"//button[@data-kt=\"addButton\"]"}
RESULT: {"using":"xpath","value":"//button[@data-kt=\"addButton\"]"}
COMMAND: POST /session/638be08272ad0c3279ca4ce8f916e8eb/elements - {"using":"xpath","value":"//button[@data-kt=\"addButton\"]"}
RESULT: {"using":"xpath","value":"//button[@data-kt=\"addButton\"]"}
COMMAND: POST /session/638be08272ad0c3279ca4ce8f916e8eb/elements - {"using":"xpath","value":"//button[@data-kt=\"addButton\"]"}
RESULT: {"using":"xpath","value":"//button[@data-kt=\"addButton\"]"}
COMMAND: POST /session/638be08272ad0c3279ca4ce8f916e8eb/elements - {"using":"xpath","value":"//button[@data-kt=\"addButton\"]"}
RESULT: {"using":"xpath","value":"//button[@data-kt=\"addButton\"]"}
COMMAND: POST /session/638be08272ad0c3279ca4ce8f916e8eb/elements - {"using":"xpath","value":"//button[@data-kt=\"addButton\"]"}
RESULT: {"using":"xpath","value":"//button[@data-kt=\"addButton\"]"}
COMMAND: POST /session/638be08272ad0c3279ca4ce8f916e8eb/elements - {"using":"xpath","value":"//button[@data-kt=\"addButton\"]"}
RESULT: {"using":"xpath","value":"//button[@data-kt=\"addButton\"]"}
COMMAND: POST /session/638be08272ad0c3279ca4ce8f916e8eb/elements - {"using":"xpath","value":"//button[@data-kt=\"addButton\"]"}
RESULT: {"using":"xpath","value":"//button[@data-kt=\"addButton\"]"}
COMMAND: POST /session/638be08272ad0c3279ca4ce8f916e8eb/elements - {"using":"xpath","value":"//button[@data-kt=\"addButton\"]"}
RESULT: {"using":"xpath","value":"//button[@data-kt=\"addButton\"]"}
COMMAND: POST /session/638be08272ad0c3279ca4ce8f916e8eb/elements - {"using":"xpath","value":"//button[@data-kt=\"addButton\"]"}
RESULT: {"using":"xpath","value":"//button[@data-kt=\"addButton\"]"}
COMMAND: POST /session/638be08272ad0c3279ca4ce8f916e8eb/elements - {"using":"xpath","value":"//button[@data-kt=\"addButton\"]"}
RESULT: {"using":"xpath","value":"//button[@data-kt=\"addButton\"]"}
COMMAND: POST /session/638be08272ad0c3279ca4ce8f916e8eb/elements - {"using":"xpath","value":"//button[@data-kt=\"addButton\"]"}
RESULT: {"using":"xpath","value":"//button[@data-kt=\"addButton\"]"}
COMMAND: POST /session/638be08272ad0c3279ca4ce8f916e8eb/elements - {"using":"xpath","value":"//button[@data-kt=\"addButton\"]"}
RESULT: {"using":"xpath","value":"//button[@data-kt=\"addButton\"]"}
COMMAND: POST /session/638be08272ad0c3279ca4ce8f916e8eb/elements - {"using":"xpath","value":"//button[@data-kt=\"addButton\"]"}
RESULT: {"using":"xpath","value":"//button[@data-kt=\"addButton\"]"}
COMMAND: POST /session/638be08272ad0c3279ca4ce8f916e8eb/elements - {"using":"xpath","value":"//button[@data-kt=\"addButton\"]"}
RESULT: {"using":"xpath","value":"//button[@data-kt=\"addButton\"]"}
COMMAND: POST /session/638be08272ad0c3279ca4ce8f916e8eb/elements - {"using":"xpath","value":"//button[@data-kt=\"addButton\"]"}
RESULT: {"using":"xpath","value":"//button[@data-kt=\"addButton\"]"}
COMMAND: POST /session/638be08272ad0c3279ca4ce8f916e8eb/elements - {"using":"xpath","value":"//button[@data-kt=\"addButton\"]"}
RESULT: {"using":"xpath","value":"//button[@data-kt=\"addButton\"]"}
COMMAND: POST /session/638be08272ad0c3279ca4ce8f916e8eb/elements - {"using":"xpath","value":"//button[@data-kt=\"addButton\"]"}
RESULT: {"using":"xpath","value":"//button[@data-kt=\"addButton\"]"}
COMMAND: POST /session/638be08272ad0c3279ca4ce8f916e8eb/elements - {"using":"xpath","value":"//button[@data-kt=\"addButton\"]"}
RESULT: {"using":"xpath","value":"//button[@data-kt=\"addButton\"]"}
COMMAND: POST /session/638be08272ad0c3279ca4ce8f916e8eb/elements - {"using":"xpath","value":"//button[@data-kt=\"addButton\"]"}
RESULT: {"using":"xpath","value":"//button[@data-kt=\"addButton\"]"}
COMMAND: POST /session/638be08272ad0c3279ca4ce8f916e8eb/elements - {"using":"xpath","value":"//button[@data-kt=\"addButton\"]"}
RESULT: {"using":"xpath","value":"//button[@data-kt=\"addButton\"]"}
COMMAND: POST /session/638be08272ad0c3279ca4ce8f916e8eb/elements - {"using":"xpath","value":"//button[@data-kt=\"addButton\"]"}
RESULT: {"using":"xpath","value":"//button[@data-kt=\"addButton\"]"}
COMMAND: POST /session/638be08272ad0c3279ca4ce8f916e8eb/elements - {"using":"xpath","value":"//button[@data-kt=\"addButton\"]"}
RESULT: {"using":"xpath","value":"//button[@data-kt=\"addButton\"]"}
COMMAND: POST /session/638be08272ad0c3279ca4ce8f916e8eb/elements - {"using":"xpath","value":"//button[@data-kt=\"addButton\"]"}
RESULT: {"using":"xpath","value":"//button[@data-kt=\"addButton\"]"}
COMMAND: POST /session/638be08272ad0c3279ca4ce8f916e8eb/elements - {"using":"xpath","value":"//button[@data-kt=\"addButton\"]"}
RESULT: {"using":"xpath","value":"//button[@data-kt=\"addButton\"]"}
COMMAND: POST /session/638be08272ad0c3279ca4ce8f916e8eb/elements - {"using":"xpath","value":"//button[@data-kt=\"addButton\"]"}
RESULT: {"using":"xpath","value":"//button[@data-kt=\"addButton\"]"}
COMMAND: POST /session/638be08272ad0c3279ca4ce8f916e8eb/elements - {"using":"xpath","value":"//button[@data-kt=\"addButton\"]"}
RESULT: {"using":"xpath","value":"//button[@data-kt=\"addButton\"]"}
COMMAND: POST /session/638be08272ad0c3279ca4ce8f916e8eb/elements - {"using":"xpath","value":"//button[@data-kt=\"addButton\"]"}
RESULT: {"using":"xpath","value":"//button[@data-kt=\"addButton\"]"}
COMMAND: POST /session/638be08272ad0c3279ca4ce8f916e8eb/elements - {"using":"xpath","value":"//button[@data-kt=\"addButton\"]"}
RESULT: {"using":"xpath","value":"//button[@data-kt=\"addButton\"]"}
COMMAND: POST /session/638be08272ad0c3279ca4ce8f916e8eb/elements - {"using":"xpath","value":"//button[@data-kt=\"addButton\"]"}
RESULT: {"using":"xpath","value":"//button[@data-kt=\"addButton\"]"}
COMMAND: POST /session/638be08272ad0c3279ca4ce8f916e8eb/elements - {"using":"xpath","value":"//button[@data-kt=\"addButton\"]"}
RESULT: {"using":"xpath","value":"//button[@data-kt=\"addButton\"]"}
COMMAND: POST /session/638be08272ad0c3279ca4ce8f916e8eb/elements - {"using":"xpath","value":"//button[@data-kt=\"addButton\"]"}
RESULT: {"using":"xpath","value":"//button[@data-kt=\"addButton\"]"}
COMMAND: POST /session/638be08272ad0c3279ca4ce8f916e8eb/elements - {"using":"xpath","value":"//button[@data-kt=\"addButton\"]"}
RESULT: {"using":"xpath","value":"//button[@data-kt=\"addButton\"]"}
COMMAND: POST /session/638be08272ad0c3279ca4ce8f916e8eb/element - {"using":"xpath","value":"//button[@data-kt=\"addButton\"]"}
RESULT: {"using":"xpath","value":"//button[@data-kt=\"addButton\"]"}
COMMAND: POST /session/638be08272ad0c3279ca4ce8f916e8eb/execute/sync - {"script":"<script> [8489 bytes]","args":[{"element-6066-11e4-a52e-4f735466cecf":"f.BC25F7478899727B2AE5272CB58D94FC.d.197AFC9C797AFBFFD440EF62F9AB1349.e.304","ELEMENT":"f.BC25F7478899727B2AE5272CB58D94FC.d.197AFC9C797AFBFFD440EF62F9AB1349.e.304"}]}
RESULT: {"script":"<script> [8489 bytes]","args":[{"element-6066-11e4-a52e-4f735466cecf":"f.BC25F7478899727B2AE5272CB58D94FC.d.197AFC9C797AFBFFD440EF62F9AB1349.e.304","ELEMENT":"f.BC25F7478899727B2AE5272CB58D94FC.d.197AFC9C797AFBFFD440EF62F9AB1349.e.304"}]}
COMMAND: GET /session/638be08272ad0c3279ca4ce8f916e8eb/element/f.BC25F7478899727B2AE5272CB58D94FC.d.197AFC9C797AFBFFD440EF62F9AB1349.e.304/enabled - {}
COMMAND: GET /session/638be08272ad0c3279ca4ce8f916e8eb/screenshot - {}
RESULT: {}
COMMAND: POST /session/638be08272ad0c3279ca4ce8f916e8eb/execute/sync - {"script":"<script> [8489 bytes]","args":[{"element-6066-11e4-a52e-4f735466cecf":"f.BC25F7478899727B2AE5272CB58D94FC.d.197AFC9C797AFBFFD440EF62F9AB1349.e.304","ELEMENT":"f.BC25F7478899727B2AE5272CB58D94FC.d.197AFC9C797AFBFFD440EF62F9AB1349.e.304"}]}
COMMAND: GET /session/638be08272ad0c3279ca4ce8f916e8eb/screenshot - {}
RESULT: {}
RESULT: {"script":"<script> [8489 bytes]","args":[{"element-6066-11e4-a52e-4f735466cecf":"f.BC25F7478899727B2AE5272CB58D94FC.d.197AFC9C797AFBFFD440EF62F9AB1349.e.304","ELEMENT":"f.BC25F7478899727B2AE5272CB58D94FC.d.197AFC9C797AFBFFD440EF62F9AB1349.e.304"}]}
COMMAND: POST /session/638be08272ad0c3279ca4ce8f916e8eb/execute/sync - {"script":"<script> [5351 bytes]","args":[{"element-6066-11e4-a52e-4f735466cecf":"f.BC25F7478899727B2AE5272CB58D94FC.d.197AFC9C797AFBFFD440EF62F9AB1349.e.304","ELEMENT":"f.BC25F7478899727B2AE5272CB58D94FC.d.197AFC9C797AFBFFD440EF62F9AB1349.e.304"}]}
COMMAND: GET /session/638be08272ad0c3279ca4ce8f916e8eb/screenshot - {}
RESULT: {}
RESULT: {"script":"<script> [5351 bytes]","args":[{"element-6066-11e4-a52e-4f735466cecf":"f.BC25F7478899727B2AE5272CB58D94FC.d.197AFC9C797AFBFFD440EF62F9AB1349.e.304","ELEMENT":"f.BC25F7478899727B2AE5272CB58D94FC.d.197AFC9C797AFBFFD440EF62F9AB1349.e.304"}]}
COMMAND: GET /session/638be08272ad0c3279ca4ce8f916e8eb/screenshot - {}
RESULT: {}
RESULT: {}
COMMAND: POST /session/638be08272ad0c3279ca4ce8f916e8eb/execute/async - {"script":"<script> [1562 bytes]","args":[{"selector":{"id":"application-addressmanagement-display-component---masterAdm--smartFilterBar-btnBasicSearch","interaction":{"idSuffix":"I"}},"wdio_ui5_key":"applicationaddressmanagement-display-component---masterAdm--smartFilterBar-btnBasicSearch"}]}
RESULT: {"script":"<script> [1562 bytes]","args":[{"selector":{"id":"application-addressmanagement-display-component---masterAdm--smartFilterBar-btnBasicSearch","interaction":{"idSuffix":"I"}},"wdio_ui5_key":"applicationaddressmanagement-display-component---masterAdm--smartFilterBar-btnBasicSearch"}]}
RESULT: undefined
COMMAND: POST /session/638be08272ad0c3279ca4ce8f916e8eb/execute/async - {"script":"<script> [776 bytes]","args":[{"enterText":"5oaszU59kQ","selector":{"id":"application-addressmanagement-display-component---masterAdm--smartFilterBar-btnBasicSearch","interaction":{"idSuffix":"I"}},"clearTextFirst":true,"interactionType":"ENTER_TEXT"}]}
RESULT: {"script":"<script> [776 bytes]","args":[{"enterText":"5oaszU59kQ","selector":{"id":"application-addressmanagement-display-component---masterAdm--smartFilterBar-btnBasicSearch","interaction":{"idSuffix":"I"}},"clearTextFirst":true,"interactionType":"ENTER_TEXT"}]}
COMMAND: POST /session/638be08272ad0c3279ca4ce8f916e8eb/actions - {"actions":[{"id":"action1","type":"key","parameters":{},"actions":[{"type":"keyDown","value":"î€‡"},{"type":"pause","duration":10},{"type":"keyUp","value":"î€‡"}]}]}
RESULT: {"actions":[{"id":"action1","type":"key","parameters":{},"actions":[{"type":"keyDown","value":"î€‡"},{"type":"pause","duration":10},{"type":"keyUp","value":"î€‡"}]}]}
COMMAND: GET /session/638be08272ad0c3279ca4ce8f916e8eb/screenshot - {}
RESULT: {}
COMMAND: POST /session/638be08272ad0c3279ca4ce8f916e8eb/elements - {"using":"xpath","value":"//table[contains(@id, \"customPersonsAddressesTable-listUl\")]/tbody/tr"}
RESULT: {"using":"xpath","value":"//table[contains(@id, \"customPersonsAddressesTable-listUl\")]/tbody/tr"}
COMMAND: POST /session/638be08272ad0c3279ca4ce8f916e8eb/element - {"using":"xpath","value":"//table[contains(@id, \"customPersonsAddressesTable-listUl\")]/tbody/tr[1]/td[5]/span/span"}
RESULT: {"using":"xpath","value":"//table[contains(@id, \"customPersonsAddressesTable-listUl\")]/tbody/tr[1]/td[5]/span/span"}
COMMAND: POST /session/638be08272ad0c3279ca4ce8f916e8eb/element - {"using":"xpath","value":"//table[contains(@id, \"customPersonsAddressesTable-listUl\")]/tbody/tr[1]/td[3]/span"}
RESULT: {"using":"xpath","value":"//table[contains(@id, \"customPersonsAddressesTable-listUl\")]/tbody/tr[1]/td[3]/span"}
COMMAND: POST /session/638be08272ad0c3279ca4ce8f916e8eb/elements - {"using":"xpath","value":"//table[contains(@id, \"customPersonsAddressesTable-listUl\")]/tbody/tr[1]/td[5]/span/span"}
RESULT: {"using":"xpath","value":"//table[contains(@id, \"customPersonsAddressesTable-listUl\")]/tbody/tr[1]/td[5]/span/span"}
COMMAND: POST /session/638be08272ad0c3279ca4ce8f916e8eb/element - {"using":"xpath","value":"//span[@id=\"application-addressmanagement-display-component---masterAdm--smartTable-header-inner\"]"}
RESULT: {"using":"xpath","value":"//span[@id=\"application-addressmanagement-display-component---masterAdm--smartTable-header-inner\"]"}
COMMAND: POST /session/638be08272ad0c3279ca4ce8f916e8eb/elements - {"using":"xpath","value":"//span[@id=\"application-addressmanagement-display-component---masterAdm--smartTable-header-inner\"]"}
RESULT: {"using":"xpath","value":"//span[@id=\"application-addressmanagement-display-component---masterAdm--smartTable-header-inner\"]"}
COMMAND: POST /session/638be08272ad0c3279ca4ce8f916e8eb/execute/sync - {"script":"<script> [56 bytes]","args":[{"element-6066-11e4-a52e-4f735466cecf":"f.BC25F7478899727B2AE5272CB58D94FC.d.197AFC9C797AFBFFD440EF62F9AB1349.e.445","ELEMENT":"f.BC25F7478899727B2AE5272CB58D94FC.d.197AFC9C797AFBFFD440EF62F9AB1349.e.445"}]}
RESULT: {"script":"<script> [56 bytes]","args":[{"element-6066-11e4-a52e-4f735466cecf":"f.BC25F7478899727B2AE5272CB58D94FC.d.197AFC9C797AFBFFD440EF62F9AB1349.e.445","ELEMENT":"f.BC25F7478899727B2AE5272CB58D94FC.d.197AFC9C797AFBFFD440EF62F9AB1349.e.445"}]}
COMMAND: POST /session/638be08272ad0c3279ca4ce8f916e8eb/element - {"using":"xpath","value":"//button[@data-kt=\"addButton\"]"}
COMMAND: GET /session/638be08272ad0c3279ca4ce8f916e8eb/screenshot - {}
RESULT: {"using":"xpath","value":"//button[@data-kt=\"addButton\"]"}
COMMAND: POST /session/638be08272ad0c3279ca4ce8f916e8eb/element/f.BC25F7478899727B2AE5272CB58D94FC.d.197AFC9C797AFBFFD440EF62F9AB1349.e.304/click - {}
RESULT: {}
RESULT: {}
COMMAND: GET /session/638be08272ad0c3279ca4ce8f916e8eb/screenshot - {}
RESULT: {}
COMMAND: POST /session/638be08272ad0c3279ca4ce8f916e8eb/execute/async - {"script":"<script> [1562 bytes]","args":[{"selector":{"controlType":"sap.ui.core.Icon","viewName":"etm.portal.ui.addressmanagement.view.NewAddress","properties":{"src":{"regex":{"source":"slim\\-arrow\\-down"}}},"ancestor":{"id":"addressTitle","viewName":"etm.portal.ui.addressmanagement.view.NewAddress"}},"wdio_ui5_key":"etmportal.ui.addressmanagement.view.NewAddresssap.ui.core.Icon{\"src\":{\"regex\":{\"source\":\"slim\\\\-arrow\\\\-down\"}}}{\"id\":\"addressTitle\",\"viewName\":\"etm.portal.ui.addressmanagement.view.NewAddress\"}"}]}
RESULT: {"script":"<script> [1562 bytes]","args":[{"selector":{"controlType":"sap.ui.core.Icon","viewName":"etm.portal.ui.addressmanagement.view.NewAddress","properties":{"src":{"regex":{"source":"slim\\-arrow\\-down"}}},"ancestor":{"id":"addressTitle","viewName":"etm.portal.ui.addressmanagement.view.NewAddress"}},"wdio_ui5_key":"etmportal.ui.addressmanagement.view.NewAddresssap.ui.core.Icon{\"src\":{\"regex\":{\"source\":\"slim\\\\-arrow\\\\-down\"}}}{\"id\":\"addressTitle\",\"viewName\":\"etm.portal.ui.addressmanagement.view.NewAddress\"}"}]}
RESULT: undefined
COMMAND: POST /session/638be08272ad0c3279ca4ce8f916e8eb/element - {"using":"xpath","value":"//*[@id=\"__xmlview58--addressTitle-arrow\"]"}
RESULT: {"using":"xpath","value":"//*[@id=\"__xmlview58--addressTitle-arrow\"]"}
COMMAND: POST /session/638be08272ad0c3279ca4ce8f916e8eb/element/f.BC25F7478899727B2AE5272CB58D94FC.d.197AFC9C797AFBFFD440EF62F9AB1349.e.502/click - {}
RESULT: {}
COMMAND: GET /session/638be08272ad0c3279ca4ce8f916e8eb/screenshot - {}
RESULT: {}
COMMAND: POST /session/638be08272ad0c3279ca4ce8f916e8eb/element - {"using":"xpath","value":"//li[.//span[text()=\"Dr.\"]]"}
RESULT: {"using":"xpath","value":"//li[.//span[text()=\"Dr.\"]]"}
COMMAND: POST /session/638be08272ad0c3279ca4ce8f916e8eb/element/f.BC25F7478899727B2AE5272CB58D94FC.d.197AFC9C797AFBFFD440EF62F9AB1349.e.582/click - {}
RESULT: {}
COMMAND: POST /session/638be08272ad0c3279ca4ce8f916e8eb/execute/async - {"script":"<script> [1562 bytes]","args":[{"selector":{"controlType":"sap.ui.core.Icon","viewName":"etm.portal.ui.addressmanagement.view.NewAddress","properties":{"src":{"regex":{"source":"slim\\-arrow\\-down"}}},"ancestor":{"id":"addressDetailDetailsLanguage","viewName":"etm.portal.ui.addressmanagement.view.NewAddress"}},"wdio_ui5_key":"etmportal.ui.addressmanagement.view.NewAddresssap.ui.core.Icon{\"src\":{\"regex\":{\"source\":\"slim\\\\-arrow\\\\-down\"}}}{\"id\":\"addressDetailDetailsLanguage\",\"viewName\":\"etm.portal.ui.addressmanagement.view.NewAddress\"}"}]}
COMMAND: GET /session/638be08272ad0c3279ca4ce8f916e8eb/screenshot - {}
RESULT: {"script":"<script> [1562 bytes]","args":[{"selector":{"controlType":"sap.ui.core.Icon","viewName":"etm.portal.ui.addressmanagement.view.NewAddress","properties":{"src":{"regex":{"source":"slim\\-arrow\\-down"}}},"ancestor":{"id":"addressDetailDetailsLanguage","viewName":"etm.portal.ui.addressmanagement.view.NewAddress"}},"wdio_ui5_key":"etmportal.ui.addressmanagement.view.NewAddresssap.ui.core.Icon{\"src\":{\"regex\":{\"source\":\"slim\\\\-arrow\\\\-down\"}}}{\"id\":\"addressDetailDetailsLanguage\",\"viewName\":\"etm.portal.ui.addressmanagement.view.NewAddress\"}"}]}
RESULT: undefined
COMMAND: POST /session/638be08272ad0c3279ca4ce8f916e8eb/element - {"using":"xpath","value":"//*[@id=\"__xmlview58--addressDetailDetailsLanguage-arrow\"]"}
RESULT: {}
RESULT: {"using":"xpath","value":"//*[@id=\"__xmlview58--addressDetailDetailsLanguage-arrow\"]"}
COMMAND: POST /session/638be08272ad0c3279ca4ce8f916e8eb/element/f.BC25F7478899727B2AE5272CB58D94FC.d.197AFC9C797AFBFFD440EF62F9AB1349.e.515/click - {}
RESULT: {}
COMMAND: GET /session/638be08272ad0c3279ca4ce8f916e8eb/screenshot - {}
RESULT: {}
COMMAND: POST /session/638be08272ad0c3279ca4ce8f916e8eb/element - {"using":"xpath","value":"//span[contains(text(), \"English\")]"}
RESULT: {"using":"xpath","value":"//span[contains(text(), \"English\")]"}
COMMAND: POST /session/638be08272ad0c3279ca4ce8f916e8eb/element/f.BC25F7478899727B2AE5272CB58D94FC.d.197AFC9C797AFBFFD440EF62F9AB1349.e.583/click - {}
RESULT: {}
COMMAND: POST /session/638be08272ad0c3279ca4ce8f916e8eb/execute/async - {"script":"<script> [1562 bytes]","args":[{"selector":{"controlType":"sap.m.Input","viewName":"etm.portal.ui.addressmanagement.view.NewAddress","labelFor":{"text":"Name"},"interaction":{"idSuffix":"inner"}},"wdio_ui5_key":"etmportal.ui.addressmanagement.view.NewAddresssap.m.Input{\"text\":\"Name\"}"}]}
COMMAND: GET /session/638be08272ad0c3279ca4ce8f916e8eb/screenshot - {}
RESULT: {"script":"<script> [1562 bytes]","args":[{"selector":{"controlType":"sap.m.Input","viewName":"etm.portal.ui.addressmanagement.view.NewAddress","labelFor":{"text":"Name"},"interaction":{"idSuffix":"inner"}},"wdio_ui5_key":"etmportal.ui.addressmanagement.view.NewAddresssap.m.Input{\"text\":\"Name\"}"}]}
RESULT: undefined
COMMAND: POST /session/638be08272ad0c3279ca4ce8f916e8eb/execute/async - {"script":"<script> [776 bytes]","args":[{"enterText":"5oaszU59kQ","selector":{"controlType":"sap.m.Input","viewName":"etm.portal.ui.addressmanagement.view.NewAddress","labelFor":{"text":"Name"},"interaction":{"idSuffix":"inner"}},"clearTextFirst":true,"interactionType":"ENTER_TEXT"}]}
RESULT: {}
RESULT: {"script":"<script> [776 bytes]","args":[{"enterText":"5oaszU59kQ","selector":{"controlType":"sap.m.Input","viewName":"etm.portal.ui.addressmanagement.view.NewAddress","labelFor":{"text":"Name"},"interaction":{"idSuffix":"inner"}},"clearTextFirst":true,"interactionType":"ENTER_TEXT"}]}
COMMAND: POST /session/638be08272ad0c3279ca4ce8f916e8eb/element - {"using":"xpath","value":"//button[@title=\"Save\"]"}
RESULT: {"using":"xpath","value":"//button[@title=\"Save\"]"}
COMMAND: POST /session/638be08272ad0c3279ca4ce8f916e8eb/element/f.BC25F7478899727B2AE5272CB58D94FC.d.197AFC9C797AFBFFD440EF62F9AB1349.e.569/click - {}
RESULT: {}
COMMAND: GET /session/638be08272ad0c3279ca4ce8f916e8eb/screenshot - {}
RESULT: {}
COMMAND: POST /session/638be08272ad0c3279ca4ce8f916e8eb/element - {"using":"xpath","value":"//header[contains(@id, \"application-addressmanagement-display-component---detailAdm--ObjectPageLayout-headerTitle\")]/div[1]/div[3]/div[2]/span"}
RESULT: {"using":"xpath","value":"//header[contains(@id, \"application-addressmanagement-display-component---detailAdm--ObjectPageLayout-headerTitle\")]/div[1]/div[3]/div[2]/span"}
COMMAND: POST /session/638be08272ad0c3279ca4ce8f916e8eb/elements - {"using":"xpath","value":"//header[contains(@id, \"application-addressmanagement-display-component---detailAdm--ObjectPageLayout-headerTitle\")]/div[1]/div[3]/div[2]/span"}
RESULT: {"using":"xpath","value":"//header[contains(@id, \"application-addressmanagement-display-component---detailAdm--ObjectPageLayout-headerTitle\")]/div[1]/div[3]/div[2]/span"}
COMMAND: POST /session/638be08272ad0c3279ca4ce8f916e8eb/execute/sync - {"script":"<script> [56 bytes]","args":[{"element-6066-11e4-a52e-4f735466cecf":"f.BC25F7478899727B2AE5272CB58D94FC.d.197AFC9C797AFBFFD440EF62F9AB1349.e.612","ELEMENT":"f.BC25F7478899727B2AE5272CB58D94FC.d.197AFC9C797AFBFFD440EF62F9AB1349.e.612"}]}
RESULT: {"script":"<script> [56 bytes]","args":[{"element-6066-11e4-a52e-4f735466cecf":"f.BC25F7478899727B2AE5272CB58D94FC.d.197AFC9C797AFBFFD440EF62F9AB1349.e.612","ELEMENT":"f.BC25F7478899727B2AE5272CB58D94FC.d.197AFC9C797AFBFFD440EF62F9AB1349.e.612"}]}
COMMAND: GET /session/638be08272ad0c3279ca4ce8f916e8eb/screenshot - {}
RESULT: {}
COMMAND: POST /session/638be08272ad0c3279ca4ce8f916e8eb/element - {"using":"css selector","value":"#shell-header-logo"}
RESULT: {"using":"css selector","value":"#shell-header-logo"}
COMMAND: POST /session/638be08272ad0c3279ca4ce8f916e8eb/element/f.BC25F7478899727B2AE5272CB58D94FC.d.197AFC9C797AFBFFD440EF62F9AB1349.e.267/click - {}
RESULT: {}
COMMAND: GET /session/638be08272ad0c3279ca4ce8f916e8eb/screenshot - {}
RESULT: {}
]]></system-out>
    </testcase>
    <testcase classname="chrome.136_0_7103_49.windows.Address_Management_Tests_US151165_US151160" name="Step 2 Should deactivate the created address in earlier step US151165" time="43.34">
      <system-out><![CDATA[
RESULT: undefined
COMMAND: POST /session/638be08272ad0c3279ca4ce8f916e8eb/element - {"using":"xpath","value":"//*[@id=\"__tile33\"]"}
RESULT: {"using":"xpath","value":"//*[@id=\"__tile33\"]"}
COMMAND: POST /session/638be08272ad0c3279ca4ce8f916e8eb/element/f.BC25F7478899727B2AE5272CB58D94FC.d.197AFC9C797AFBFFD440EF62F9AB1349.e.215/click - {}
RESULT: {}
COMMAND: POST /session/638be08272ad0c3279ca4ce8f916e8eb/element - {"using":"xpath","value":"//button[@data-kt=\"addButton\"]"}
COMMAND: GET /session/638be08272ad0c3279ca4ce8f916e8eb/screenshot - {}
RESULT: {"using":"xpath","value":"//button[@data-kt=\"addButton\"]"}
COMMAND: POST /session/638be08272ad0c3279ca4ce8f916e8eb/elements - {"using":"xpath","value":"//button[@data-kt=\"addButton\"]"}
RESULT: {}
RESULT: {"using":"xpath","value":"//button[@data-kt=\"addButton\"]"}
COMMAND: POST /session/638be08272ad0c3279ca4ce8f916e8eb/element - {"using":"xpath","value":"//button[@data-kt=\"addButton\"]"}
RESULT: {"using":"xpath","value":"//button[@data-kt=\"addButton\"]"}
COMMAND: POST /session/638be08272ad0c3279ca4ce8f916e8eb/execute/sync - {"script":"<script> [8489 bytes]","args":[{"element-6066-11e4-a52e-4f735466cecf":"f.BC25F7478899727B2AE5272CB58D94FC.d.197AFC9C797AFBFFD440EF62F9AB1349.e.669","ELEMENT":"f.BC25F7478899727B2AE5272CB58D94FC.d.197AFC9C797AFBFFD440EF62F9AB1349.e.669"}]}
RESULT: {"script":"<script> [8489 bytes]","args":[{"element-6066-11e4-a52e-4f735466cecf":"f.BC25F7478899727B2AE5272CB58D94FC.d.197AFC9C797AFBFFD440EF62F9AB1349.e.669","ELEMENT":"f.BC25F7478899727B2AE5272CB58D94FC.d.197AFC9C797AFBFFD440EF62F9AB1349.e.669"}]}
COMMAND: GET /session/638be08272ad0c3279ca4ce8f916e8eb/element/f.BC25F7478899727B2AE5272CB58D94FC.d.197AFC9C797AFBFFD440EF62F9AB1349.e.669/enabled - {}
COMMAND: GET /session/638be08272ad0c3279ca4ce8f916e8eb/screenshot - {}
RESULT: {}
COMMAND: POST /session/638be08272ad0c3279ca4ce8f916e8eb/execute/sync - {"script":"<script> [8489 bytes]","args":[{"element-6066-11e4-a52e-4f735466cecf":"f.BC25F7478899727B2AE5272CB58D94FC.d.197AFC9C797AFBFFD440EF62F9AB1349.e.669","ELEMENT":"f.BC25F7478899727B2AE5272CB58D94FC.d.197AFC9C797AFBFFD440EF62F9AB1349.e.669"}]}
COMMAND: GET /session/638be08272ad0c3279ca4ce8f916e8eb/screenshot - {}
RESULT: {}
RESULT: {"script":"<script> [8489 bytes]","args":[{"element-6066-11e4-a52e-4f735466cecf":"f.BC25F7478899727B2AE5272CB58D94FC.d.197AFC9C797AFBFFD440EF62F9AB1349.e.669","ELEMENT":"f.BC25F7478899727B2AE5272CB58D94FC.d.197AFC9C797AFBFFD440EF62F9AB1349.e.669"}]}
COMMAND: POST /session/638be08272ad0c3279ca4ce8f916e8eb/execute/sync - {"script":"<script> [5351 bytes]","args":[{"element-6066-11e4-a52e-4f735466cecf":"f.BC25F7478899727B2AE5272CB58D94FC.d.197AFC9C797AFBFFD440EF62F9AB1349.e.669","ELEMENT":"f.BC25F7478899727B2AE5272CB58D94FC.d.197AFC9C797AFBFFD440EF62F9AB1349.e.669"}]}
COMMAND: GET /session/638be08272ad0c3279ca4ce8f916e8eb/screenshot - {}
RESULT: {}
RESULT: {"script":"<script> [5351 bytes]","args":[{"element-6066-11e4-a52e-4f735466cecf":"f.BC25F7478899727B2AE5272CB58D94FC.d.197AFC9C797AFBFFD440EF62F9AB1349.e.669","ELEMENT":"f.BC25F7478899727B2AE5272CB58D94FC.d.197AFC9C797AFBFFD440EF62F9AB1349.e.669"}]}
COMMAND: GET /session/638be08272ad0c3279ca4ce8f916e8eb/screenshot - {}
RESULT: {}
RESULT: {}
RESULT: undefined
COMMAND: POST /session/638be08272ad0c3279ca4ce8f916e8eb/execute/async - {"script":"<script> [776 bytes]","args":[{"enterText":"5oaszU59kQ","selector":{"id":"application-addressmanagement-display-component---masterAdm--smartFilterBar-btnBasicSearch","interaction":{"idSuffix":"I"}},"clearTextFirst":true,"interactionType":"ENTER_TEXT"}]}
RESULT: {"script":"<script> [776 bytes]","args":[{"enterText":"5oaszU59kQ","selector":{"id":"application-addressmanagement-display-component---masterAdm--smartFilterBar-btnBasicSearch","interaction":{"idSuffix":"I"}},"clearTextFirst":true,"interactionType":"ENTER_TEXT"}]}
COMMAND: POST /session/638be08272ad0c3279ca4ce8f916e8eb/actions - {"actions":[{"id":"action2","type":"key","parameters":{},"actions":[{"type":"keyDown","value":"î€‡"},{"type":"pause","duration":10},{"type":"keyUp","value":"î€‡"}]}]}
RESULT: {"actions":[{"id":"action2","type":"key","parameters":{},"actions":[{"type":"keyDown","value":"î€‡"},{"type":"pause","duration":10},{"type":"keyUp","value":"î€‡"}]}]}
COMMAND: GET /session/638be08272ad0c3279ca4ce8f916e8eb/screenshot - {}
RESULT: {}
COMMAND: POST /session/638be08272ad0c3279ca4ce8f916e8eb/elements - {"using":"xpath","value":"//table[contains(@id, \"customPersonsAddressesTable-listUl\")]/tbody/tr"}
RESULT: {"using":"xpath","value":"//table[contains(@id, \"customPersonsAddressesTable-listUl\")]/tbody/tr"}
COMMAND: POST /session/638be08272ad0c3279ca4ce8f916e8eb/element - {"using":"xpath","value":"//table[contains(@id, \"customPersonsAddressesTable-listUl\")]/tbody/tr[1]/td[5]/span/span"}
RESULT: {"using":"xpath","value":"//table[contains(@id, \"customPersonsAddressesTable-listUl\")]/tbody/tr[1]/td[5]/span/span"}
COMMAND: POST /session/638be08272ad0c3279ca4ce8f916e8eb/element - {"using":"xpath","value":"//table[contains(@id, \"customPersonsAddressesTable-listUl\")]/tbody/tr[1]/td[3]/span"}
RESULT: {"using":"xpath","value":"//table[contains(@id, \"customPersonsAddressesTable-listUl\")]/tbody/tr[1]/td[3]/span"}
COMMAND: POST /session/638be08272ad0c3279ca4ce8f916e8eb/elements - {"using":"xpath","value":"//table[contains(@id, \"customPersonsAddressesTable-listUl\")]/tbody/tr[1]/td[5]/span/span"}
RESULT: {"using":"xpath","value":"//table[contains(@id, \"customPersonsAddressesTable-listUl\")]/tbody/tr[1]/td[5]/span/span"}
COMMAND: POST /session/638be08272ad0c3279ca4ce8f916e8eb/execute/sync - {"script":"<script> [56 bytes]","args":[{"element-6066-11e4-a52e-4f735466cecf":"f.BC25F7478899727B2AE5272CB58D94FC.d.197AFC9C797AFBFFD440EF62F9AB1349.e.814","ELEMENT":"f.BC25F7478899727B2AE5272CB58D94FC.d.197AFC9C797AFBFFD440EF62F9AB1349.e.814"}]}
RESULT: {"script":"<script> [56 bytes]","args":[{"element-6066-11e4-a52e-4f735466cecf":"f.BC25F7478899727B2AE5272CB58D94FC.d.197AFC9C797AFBFFD440EF62F9AB1349.e.814","ELEMENT":"f.BC25F7478899727B2AE5272CB58D94FC.d.197AFC9C797AFBFFD440EF62F9AB1349.e.814"}]}
COMMAND: POST /session/638be08272ad0c3279ca4ce8f916e8eb/execute/sync - {"script":"<script> [56 bytes]","args":[{"element-6066-11e4-a52e-4f735466cecf":"f.BC25F7478899727B2AE5272CB58D94FC.d.197AFC9C797AFBFFD440EF62F9AB1349.e.815","ELEMENT":"f.BC25F7478899727B2AE5272CB58D94FC.d.197AFC9C797AFBFFD440EF62F9AB1349.e.815"}]}
COMMAND: GET /session/638be08272ad0c3279ca4ce8f916e8eb/screenshot - {}
RESULT: {"script":"<script> [56 bytes]","args":[{"element-6066-11e4-a52e-4f735466cecf":"f.BC25F7478899727B2AE5272CB58D94FC.d.197AFC9C797AFBFFD440EF62F9AB1349.e.815","ELEMENT":"f.BC25F7478899727B2AE5272CB58D94FC.d.197AFC9C797AFBFFD440EF62F9AB1349.e.815"}]}
COMMAND: POST /session/638be08272ad0c3279ca4ce8f916e8eb/element - {"using":"xpath","value":"//table[contains(@id, \"customPersonsAddressesTable-listUl\")]/tbody/tr[1]/td[10]/div/span"}
COMMAND: GET /session/638be08272ad0c3279ca4ce8f916e8eb/screenshot - {}
RESULT: {}
RESULT: {"using":"xpath","value":"//table[contains(@id, \"customPersonsAddressesTable-listUl\")]/tbody/tr[1]/td[10]/div/span"}
COMMAND: POST /session/638be08272ad0c3279ca4ce8f916e8eb/execute/sync - {"script":"<script> [56 bytes]","args":[{"element-6066-11e4-a52e-4f735466cecf":"f.BC25F7478899727B2AE5272CB58D94FC.d.197AFC9C797AFBFFD440EF62F9AB1349.e.816","ELEMENT":"f.BC25F7478899727B2AE5272CB58D94FC.d.197AFC9C797AFBFFD440EF62F9AB1349.e.816"}]}
RESULT: {}
RESULT: {"script":"<script> [56 bytes]","args":[{"element-6066-11e4-a52e-4f735466cecf":"f.BC25F7478899727B2AE5272CB58D94FC.d.197AFC9C797AFBFFD440EF62F9AB1349.e.816","ELEMENT":"f.BC25F7478899727B2AE5272CB58D94FC.d.197AFC9C797AFBFFD440EF62F9AB1349.e.816"}]}
COMMAND: POST /session/638be08272ad0c3279ca4ce8f916e8eb/element - {"using":"xpath","value":"//table[contains(@id, \"customPersonsAddressesTable-listUl\")]/tbody/tr[1]/td[2]/div/div"}
COMMAND: GET /session/638be08272ad0c3279ca4ce8f916e8eb/screenshot - {}
RESULT: {"using":"xpath","value":"//table[contains(@id, \"customPersonsAddressesTable-listUl\")]/tbody/tr[1]/td[2]/div/div"}
COMMAND: POST /session/638be08272ad0c3279ca4ce8f916e8eb/element/f.BC25F7478899727B2AE5272CB58D94FC.d.197AFC9C797AFBFFD440EF62F9AB1349.e.804/click - {}
RESULT: {}
RESULT: {}
COMMAND: GET /session/638be08272ad0c3279ca4ce8f916e8eb/screenshot - {}
RESULT: {}
COMMAND: POST /session/638be08272ad0c3279ca4ce8f916e8eb/element - {"using":"xpath","value":"//bdi[contains(text(), \"Deactivate\")]"}
RESULT: {"using":"xpath","value":"//bdi[contains(text(), \"Deactivate\")]"}
COMMAND: POST /session/638be08272ad0c3279ca4ce8f916e8eb/element/f.BC25F7478899727B2AE5272CB58D94FC.d.197AFC9C797AFBFFD440EF62F9AB1349.e.817/click - {}
RESULT: {}
COMMAND: GET /session/638be08272ad0c3279ca4ce8f916e8eb/screenshot - {}
RESULT: {}
COMMAND: POST /session/638be08272ad0c3279ca4ce8f916e8eb/element - {"using":"xpath","value":"//bdi[contains(text(), \"Yes\")]"}
RESULT: {"using":"xpath","value":"//bdi[contains(text(), \"Yes\")]"}
COMMAND: POST /session/638be08272ad0c3279ca4ce8f916e8eb/element/f.BC25F7478899727B2AE5272CB58D94FC.d.197AFC9C797AFBFFD440EF62F9AB1349.e.819/click - {}
RESULT: {}
COMMAND: GET /session/638be08272ad0c3279ca4ce8f916e8eb/screenshot - {}
RESULT: {}
COMMAND: POST /session/638be08272ad0c3279ca4ce8f916e8eb/element - {"using":"xpath","value":"//table[contains(@id, \"customPersonsAddressesTable-listUl\")]/tbody/tr[1]/td[10]/div/span"}
RESULT: {"using":"xpath","value":"//table[contains(@id, \"customPersonsAddressesTable-listUl\")]/tbody/tr[1]/td[10]/div/span"}
COMMAND: POST /session/638be08272ad0c3279ca4ce8f916e8eb/execute/sync - {"script":"<script> [56 bytes]","args":[{"element-6066-11e4-a52e-4f735466cecf":"f.BC25F7478899727B2AE5272CB58D94FC.d.197AFC9C797AFBFFD440EF62F9AB1349.e.816","ELEMENT":"f.BC25F7478899727B2AE5272CB58D94FC.d.197AFC9C797AFBFFD440EF62F9AB1349.e.816"}]}
RESULT: {"script":"<script> [56 bytes]","args":[{"element-6066-11e4-a52e-4f735466cecf":"f.BC25F7478899727B2AE5272CB58D94FC.d.197AFC9C797AFBFFD440EF62F9AB1349.e.816","ELEMENT":"f.BC25F7478899727B2AE5272CB58D94FC.d.197AFC9C797AFBFFD440EF62F9AB1349.e.816"}]}
COMMAND: GET /session/638be08272ad0c3279ca4ce8f916e8eb/screenshot - {}
RESULT: {}
COMMAND: POST /session/638be08272ad0c3279ca4ce8f916e8eb/element - {"using":"css selector","value":"#shell-header-logo"}
RESULT: {"using":"css selector","value":"#shell-header-logo"}
COMMAND: POST /session/638be08272ad0c3279ca4ce8f916e8eb/element/f.BC25F7478899727B2AE5272CB58D94FC.d.197AFC9C797AFBFFD440EF62F9AB1349.e.617/click - {}
RESULT: {}
COMMAND: GET /session/638be08272ad0c3279ca4ce8f916e8eb/screenshot - {}
RESULT: {}
]]></system-out>
    </testcase>
    <testcase classname="chrome.136_0_7103_49.windows.Address_Management_Tests_US151165_US151160" name="Step 3 Should activate the created address back again US151160" time="44.052">
      <system-out><![CDATA[
RESULT: undefined
COMMAND: POST /session/638be08272ad0c3279ca4ce8f916e8eb/element - {"using":"xpath","value":"//*[@id=\"__tile33\"]"}
RESULT: {"using":"xpath","value":"//*[@id=\"__tile33\"]"}
COMMAND: POST /session/638be08272ad0c3279ca4ce8f916e8eb/element/f.BC25F7478899727B2AE5272CB58D94FC.d.197AFC9C797AFBFFD440EF62F9AB1349.e.215/click - {}
RESULT: {}
COMMAND: POST /session/638be08272ad0c3279ca4ce8f916e8eb/element - {"using":"xpath","value":"//button[@data-kt=\"addButton\"]"}
COMMAND: GET /session/638be08272ad0c3279ca4ce8f916e8eb/screenshot - {}
RESULT: {"using":"xpath","value":"//button[@data-kt=\"addButton\"]"}
COMMAND: POST /session/638be08272ad0c3279ca4ce8f916e8eb/elements - {"using":"xpath","value":"//button[@data-kt=\"addButton\"]"}
RESULT: {}
RESULT: {"using":"xpath","value":"//button[@data-kt=\"addButton\"]"}
COMMAND: POST /session/638be08272ad0c3279ca4ce8f916e8eb/element - {"using":"xpath","value":"//button[@data-kt=\"addButton\"]"}
RESULT: {"using":"xpath","value":"//button[@data-kt=\"addButton\"]"}
COMMAND: POST /session/638be08272ad0c3279ca4ce8f916e8eb/execute/sync - {"script":"<script> [8489 bytes]","args":[{"element-6066-11e4-a52e-4f735466cecf":"f.BC25F7478899727B2AE5272CB58D94FC.d.197AFC9C797AFBFFD440EF62F9AB1349.e.869","ELEMENT":"f.BC25F7478899727B2AE5272CB58D94FC.d.197AFC9C797AFBFFD440EF62F9AB1349.e.869"}]}
RESULT: {"script":"<script> [8489 bytes]","args":[{"element-6066-11e4-a52e-4f735466cecf":"f.BC25F7478899727B2AE5272CB58D94FC.d.197AFC9C797AFBFFD440EF62F9AB1349.e.869","ELEMENT":"f.BC25F7478899727B2AE5272CB58D94FC.d.197AFC9C797AFBFFD440EF62F9AB1349.e.869"}]}
COMMAND: GET /session/638be08272ad0c3279ca4ce8f916e8eb/element/f.BC25F7478899727B2AE5272CB58D94FC.d.197AFC9C797AFBFFD440EF62F9AB1349.e.869/enabled - {}
COMMAND: GET /session/638be08272ad0c3279ca4ce8f916e8eb/screenshot - {}
RESULT: {}
COMMAND: POST /session/638be08272ad0c3279ca4ce8f916e8eb/execute/sync - {"script":"<script> [8489 bytes]","args":[{"element-6066-11e4-a52e-4f735466cecf":"f.BC25F7478899727B2AE5272CB58D94FC.d.197AFC9C797AFBFFD440EF62F9AB1349.e.869","ELEMENT":"f.BC25F7478899727B2AE5272CB58D94FC.d.197AFC9C797AFBFFD440EF62F9AB1349.e.869"}]}
COMMAND: GET /session/638be08272ad0c3279ca4ce8f916e8eb/screenshot - {}
RESULT: {}
RESULT: {"script":"<script> [8489 bytes]","args":[{"element-6066-11e4-a52e-4f735466cecf":"f.BC25F7478899727B2AE5272CB58D94FC.d.197AFC9C797AFBFFD440EF62F9AB1349.e.869","ELEMENT":"f.BC25F7478899727B2AE5272CB58D94FC.d.197AFC9C797AFBFFD440EF62F9AB1349.e.869"}]}
COMMAND: POST /session/638be08272ad0c3279ca4ce8f916e8eb/execute/sync - {"script":"<script> [5351 bytes]","args":[{"element-6066-11e4-a52e-4f735466cecf":"f.BC25F7478899727B2AE5272CB58D94FC.d.197AFC9C797AFBFFD440EF62F9AB1349.e.869","ELEMENT":"f.BC25F7478899727B2AE5272CB58D94FC.d.197AFC9C797AFBFFD440EF62F9AB1349.e.869"}]}
COMMAND: GET /session/638be08272ad0c3279ca4ce8f916e8eb/screenshot - {}
RESULT: {}
RESULT: {"script":"<script> [5351 bytes]","args":[{"element-6066-11e4-a52e-4f735466cecf":"f.BC25F7478899727B2AE5272CB58D94FC.d.197AFC9C797AFBFFD440EF62F9AB1349.e.869","ELEMENT":"f.BC25F7478899727B2AE5272CB58D94FC.d.197AFC9C797AFBFFD440EF62F9AB1349.e.869"}]}
COMMAND: GET /session/638be08272ad0c3279ca4ce8f916e8eb/screenshot - {}
RESULT: {}
RESULT: {}
RESULT: undefined
COMMAND: POST /session/638be08272ad0c3279ca4ce8f916e8eb/execute/async - {"script":"<script> [776 bytes]","args":[{"enterText":"5oaszU59kQ","selector":{"id":"application-addressmanagement-display-component---masterAdm--smartFilterBar-btnBasicSearch","interaction":{"idSuffix":"I"}},"clearTextFirst":true,"interactionType":"ENTER_TEXT"}]}
RESULT: {"script":"<script> [776 bytes]","args":[{"enterText":"5oaszU59kQ","selector":{"id":"application-addressmanagement-display-component---masterAdm--smartFilterBar-btnBasicSearch","interaction":{"idSuffix":"I"}},"clearTextFirst":true,"interactionType":"ENTER_TEXT"}]}
COMMAND: POST /session/638be08272ad0c3279ca4ce8f916e8eb/actions - {"actions":[{"id":"action3","type":"key","parameters":{},"actions":[{"type":"keyDown","value":"î€‡"},{"type":"pause","duration":10},{"type":"keyUp","value":"î€‡"}]}]}
RESULT: {"actions":[{"id":"action3","type":"key","parameters":{},"actions":[{"type":"keyDown","value":"î€‡"},{"type":"pause","duration":10},{"type":"keyUp","value":"î€‡"}]}]}
COMMAND: GET /session/638be08272ad0c3279ca4ce8f916e8eb/screenshot - {}
RESULT: {}
COMMAND: POST /session/638be08272ad0c3279ca4ce8f916e8eb/elements - {"using":"xpath","value":"//table[contains(@id, \"customPersonsAddressesTable-listUl\")]/tbody/tr"}
RESULT: {"using":"xpath","value":"//table[contains(@id, \"customPersonsAddressesTable-listUl\")]/tbody/tr"}
COMMAND: POST /session/638be08272ad0c3279ca4ce8f916e8eb/element - {"using":"xpath","value":"//table[contains(@id, \"customPersonsAddressesTable-listUl\")]/tbody/tr[1]/td[5]/span/span"}
RESULT: {"using":"xpath","value":"//table[contains(@id, \"customPersonsAddressesTable-listUl\")]/tbody/tr[1]/td[5]/span/span"}
COMMAND: POST /session/638be08272ad0c3279ca4ce8f916e8eb/element - {"using":"xpath","value":"//table[contains(@id, \"customPersonsAddressesTable-listUl\")]/tbody/tr[1]/td[3]/span"}
RESULT: {"using":"xpath","value":"//table[contains(@id, \"customPersonsAddressesTable-listUl\")]/tbody/tr[1]/td[3]/span"}
COMMAND: POST /session/638be08272ad0c3279ca4ce8f916e8eb/elements - {"using":"xpath","value":"//table[contains(@id, \"customPersonsAddressesTable-listUl\")]/tbody/tr[1]/td[5]/span/span"}
RESULT: {"using":"xpath","value":"//table[contains(@id, \"customPersonsAddressesTable-listUl\")]/tbody/tr[1]/td[5]/span/span"}
COMMAND: POST /session/638be08272ad0c3279ca4ce8f916e8eb/execute/sync - {"script":"<script> [56 bytes]","args":[{"element-6066-11e4-a52e-4f735466cecf":"f.BC25F7478899727B2AE5272CB58D94FC.d.197AFC9C797AFBFFD440EF62F9AB1349.e.1019","ELEMENT":"f.BC25F7478899727B2AE5272CB58D94FC.d.197AFC9C797AFBFFD440EF62F9AB1349.e.1019"}]}
RESULT: {"script":"<script> [56 bytes]","args":[{"element-6066-11e4-a52e-4f735466cecf":"f.BC25F7478899727B2AE5272CB58D94FC.d.197AFC9C797AFBFFD440EF62F9AB1349.e.1019","ELEMENT":"f.BC25F7478899727B2AE5272CB58D94FC.d.197AFC9C797AFBFFD440EF62F9AB1349.e.1019"}]}
COMMAND: POST /session/638be08272ad0c3279ca4ce8f916e8eb/execute/sync - {"script":"<script> [56 bytes]","args":[{"element-6066-11e4-a52e-4f735466cecf":"f.BC25F7478899727B2AE5272CB58D94FC.d.197AFC9C797AFBFFD440EF62F9AB1349.e.1020","ELEMENT":"f.BC25F7478899727B2AE5272CB58D94FC.d.197AFC9C797AFBFFD440EF62F9AB1349.e.1020"}]}
COMMAND: GET /session/638be08272ad0c3279ca4ce8f916e8eb/screenshot - {}
RESULT: {"script":"<script> [56 bytes]","args":[{"element-6066-11e4-a52e-4f735466cecf":"f.BC25F7478899727B2AE5272CB58D94FC.d.197AFC9C797AFBFFD440EF62F9AB1349.e.1020","ELEMENT":"f.BC25F7478899727B2AE5272CB58D94FC.d.197AFC9C797AFBFFD440EF62F9AB1349.e.1020"}]}
COMMAND: POST /session/638be08272ad0c3279ca4ce8f916e8eb/element - {"using":"xpath","value":"//table[contains(@id, \"customPersonsAddressesTable-listUl\")]/tbody/tr[1]/td[10]/div/span"}
COMMAND: GET /session/638be08272ad0c3279ca4ce8f916e8eb/screenshot - {}
RESULT: {}
RESULT: {"using":"xpath","value":"//table[contains(@id, \"customPersonsAddressesTable-listUl\")]/tbody/tr[1]/td[10]/div/span"}
COMMAND: POST /session/638be08272ad0c3279ca4ce8f916e8eb/execute/sync - {"script":"<script> [56 bytes]","args":[{"element-6066-11e4-a52e-4f735466cecf":"f.BC25F7478899727B2AE5272CB58D94FC.d.197AFC9C797AFBFFD440EF62F9AB1349.e.1021","ELEMENT":"f.BC25F7478899727B2AE5272CB58D94FC.d.197AFC9C797AFBFFD440EF62F9AB1349.e.1021"}]}
RESULT: {}
RESULT: {"script":"<script> [56 bytes]","args":[{"element-6066-11e4-a52e-4f735466cecf":"f.BC25F7478899727B2AE5272CB58D94FC.d.197AFC9C797AFBFFD440EF62F9AB1349.e.1021","ELEMENT":"f.BC25F7478899727B2AE5272CB58D94FC.d.197AFC9C797AFBFFD440EF62F9AB1349.e.1021"}]}
COMMAND: POST /session/638be08272ad0c3279ca4ce8f916e8eb/element - {"using":"xpath","value":"//table[contains(@id, \"customPersonsAddressesTable-listUl\")]/tbody/tr[1]/td[2]/div/div"}
COMMAND: GET /session/638be08272ad0c3279ca4ce8f916e8eb/screenshot - {}
RESULT: {"using":"xpath","value":"//table[contains(@id, \"customPersonsAddressesTable-listUl\")]/tbody/tr[1]/td[2]/div/div"}
COMMAND: POST /session/638be08272ad0c3279ca4ce8f916e8eb/element/f.BC25F7478899727B2AE5272CB58D94FC.d.197AFC9C797AFBFFD440EF62F9AB1349.e.1008/click - {}
RESULT: {}
RESULT: {}
COMMAND: GET /session/638be08272ad0c3279ca4ce8f916e8eb/screenshot - {}
RESULT: {}
COMMAND: POST /session/638be08272ad0c3279ca4ce8f916e8eb/element - {"using":"xpath","value":"//bdi[contains(text(), \"Activate\")]"}
RESULT: {"using":"xpath","value":"//bdi[contains(text(), \"Activate\")]"}
COMMAND: POST /session/638be08272ad0c3279ca4ce8f916e8eb/element/f.BC25F7478899727B2AE5272CB58D94FC.d.197AFC9C797AFBFFD440EF62F9AB1349.e.1022/click - {}
RESULT: {}
COMMAND: GET /session/638be08272ad0c3279ca4ce8f916e8eb/screenshot - {}
RESULT: {}
COMMAND: POST /session/638be08272ad0c3279ca4ce8f916e8eb/element - {"using":"xpath","value":"//bdi[contains(text(), \"Yes\")]"}
RESULT: {"using":"xpath","value":"//bdi[contains(text(), \"Yes\")]"}
COMMAND: POST /session/638be08272ad0c3279ca4ce8f916e8eb/element/f.BC25F7478899727B2AE5272CB58D94FC.d.197AFC9C797AFBFFD440EF62F9AB1349.e.1024/click - {}
RESULT: {}
COMMAND: GET /session/638be08272ad0c3279ca4ce8f916e8eb/screenshot - {}
RESULT: {}
COMMAND: POST /session/638be08272ad0c3279ca4ce8f916e8eb/element - {"using":"xpath","value":"//table[contains(@id, \"customPersonsAddressesTable-listUl\")]/tbody/tr[1]/td[10]/div/span"}
RESULT: {"using":"xpath","value":"//table[contains(@id, \"customPersonsAddressesTable-listUl\")]/tbody/tr[1]/td[10]/div/span"}
COMMAND: POST /session/638be08272ad0c3279ca4ce8f916e8eb/execute/sync - {"script":"<script> [56 bytes]","args":[{"element-6066-11e4-a52e-4f735466cecf":"f.BC25F7478899727B2AE5272CB58D94FC.d.197AFC9C797AFBFFD440EF62F9AB1349.e.1021","ELEMENT":"f.BC25F7478899727B2AE5272CB58D94FC.d.197AFC9C797AFBFFD440EF62F9AB1349.e.1021"}]}
RESULT: {"script":"<script> [56 bytes]","args":[{"element-6066-11e4-a52e-4f735466cecf":"f.BC25F7478899727B2AE5272CB58D94FC.d.197AFC9C797AFBFFD440EF62F9AB1349.e.1021","ELEMENT":"f.BC25F7478899727B2AE5272CB58D94FC.d.197AFC9C797AFBFFD440EF62F9AB1349.e.1021"}]}
COMMAND: GET /session/638be08272ad0c3279ca4ce8f916e8eb/screenshot - {}
RESULT: {}
COMMAND: POST /session/638be08272ad0c3279ca4ce8f916e8eb/element - {"using":"css selector","value":"#shell-header-logo"}
RESULT: {"using":"css selector","value":"#shell-header-logo"}
COMMAND: POST /session/638be08272ad0c3279ca4ce8f916e8eb/element/f.BC25F7478899727B2AE5272CB58D94FC.d.197AFC9C797AFBFFD440EF62F9AB1349.e.827/click - {}
RESULT: {}
COMMAND: GET /session/638be08272ad0c3279ca4ce8f916e8eb/screenshot - {}
RESULT: {}
]]></system-out>
    </testcase>
  </testsuite>
</testsuites>