<?xml version="1.0" encoding="UTF-8"?>
<testsuites tests="6" failures="1" errors="1" skipped="0">
  <testsuite timestamp="2025-05-17T16:31:53" time="1027.656" tests="6" failures="1" errors="1" skipped="0">
    <properties>
      <property name="specId" value="0" />
      <property name="suiteName" value="RU Inventory Mass State Change Multiple Items US151066" />
      <property name="capabilities" value="chrome.136_0_7103_93.windows" />
      <property name="file" value="file:///D:/a/1/s/test/specs/HTR/ru-inv-list-mass-state-change.spec.js" />
    </properties>
    <testcase classname="chrome.136_0_7103_93.windows.RU_Inventory_Mass_State_Change_Multiple_Items_US151066" name="Step 1 Should do a RU inventory mass state change on chosen yard 109 with the resources available one equipment multipart one tool pool" time="279.119">
      <system-out><![CDATA[
COMMAND: POST /session/8ec42066c0fe4f9f52703c34817c4c3d/execute/async - {"script":"<script> [1562 bytes]","args":[{"selector":{"controlType":"sap.m.GenericTile","properties":{"header":"RU Inventory List"}},"wdio_ui5_key":"sapm.GenericTile{\"header\":\"RU Inventory List\"}"}]}
RESULT: {"script":"<script> [1562 bytes]","args":[{"selector":{"controlType":"sap.m.GenericTile","properties":{"header":"RU Inventory List"}},"wdio_ui5_key":"sapm.GenericTile{\"header\":\"RU Inventory List\"}"}]}
RESULT: undefined
COMMAND: POST /session/8ec42066c0fe4f9f52703c34817c4c3d/element - {"using":"xpath","value":"//*[@id=\"__tile99\"]"}
RESULT: {"using":"xpath","value":"//*[@id=\"__tile99\"]"}
COMMAND: POST /session/8ec42066c0fe4f9f52703c34817c4c3d/element/f.F4EC64F8967100924ED9DC3CB119C154.d.3C04DD634B8016C3C4CAA61EE5B20130.e.269/click - {}
RESULT: {}
COMMAND: GET /session/8ec42066c0fe4f9f52703c34817c4c3d/screenshot - {}
RESULT: {}
COMMAND: POST /session/8ec42066c0fe4f9f52703c34817c4c3d/elements - {"using":"xpath","value":"//span[text()='Error']"}
RESULT: {"using":"xpath","value":"//span[text()='Error']"}
COMMAND: POST /session/8ec42066c0fe4f9f52703c34817c4c3d/element - {"using":"xpath","value":"//button[contains(@id, \"massStateBtn\")]"}
RESULT: {"using":"xpath","value":"//button[contains(@id, \"massStateBtn\")]"}
COMMAND: POST /session/8ec42066c0fe4f9f52703c34817c4c3d/elements - {"using":"xpath","value":"//button[contains(@id, \"massStateBtn\")]"}
RESULT: {"using":"xpath","value":"//button[contains(@id, \"massStateBtn\")]"}
COMMAND: POST /session/8ec42066c0fe4f9f52703c34817c4c3d/elements - {"using":"xpath","value":"//button[contains(@id, \"massStateBtn\")]"}
RESULT: {"using":"xpath","value":"//button[contains(@id, \"massStateBtn\")]"}
COMMAND: POST /session/8ec42066c0fe4f9f52703c34817c4c3d/elements - {"using":"xpath","value":"//button[contains(@id, \"massStateBtn\")]"}
RESULT: {"using":"xpath","value":"//button[contains(@id, \"massStateBtn\")]"}
COMMAND: POST /session/8ec42066c0fe4f9f52703c34817c4c3d/elements - {"using":"xpath","value":"//button[contains(@id, \"massStateBtn\")]"}
RESULT: {"using":"xpath","value":"//button[contains(@id, \"massStateBtn\")]"}
COMMAND: POST /session/8ec42066c0fe4f9f52703c34817c4c3d/elements - {"using":"xpath","value":"//button[contains(@id, \"massStateBtn\")]"}
RESULT: {"using":"xpath","value":"//button[contains(@id, \"massStateBtn\")]"}
COMMAND: POST /session/8ec42066c0fe4f9f52703c34817c4c3d/elements - {"using":"xpath","value":"//button[contains(@id, \"massStateBtn\")]"}
RESULT: {"using":"xpath","value":"//button[contains(@id, \"massStateBtn\")]"}
COMMAND: POST /session/8ec42066c0fe4f9f52703c34817c4c3d/elements - {"using":"xpath","value":"//button[contains(@id, \"massStateBtn\")]"}
RESULT: {"using":"xpath","value":"//button[contains(@id, \"massStateBtn\")]"}
COMMAND: POST /session/8ec42066c0fe4f9f52703c34817c4c3d/elements - {"using":"xpath","value":"//button[contains(@id, \"massStateBtn\")]"}
RESULT: {"using":"xpath","value":"//button[contains(@id, \"massStateBtn\")]"}
COMMAND: POST /session/8ec42066c0fe4f9f52703c34817c4c3d/elements - {"using":"xpath","value":"//button[contains(@id, \"massStateBtn\")]"}
RESULT: {"using":"xpath","value":"//button[contains(@id, \"massStateBtn\")]"}
COMMAND: POST /session/8ec42066c0fe4f9f52703c34817c4c3d/elements - {"using":"xpath","value":"//button[contains(@id, \"massStateBtn\")]"}
RESULT: {"using":"xpath","value":"//button[contains(@id, \"massStateBtn\")]"}
COMMAND: POST /session/8ec42066c0fe4f9f52703c34817c4c3d/elements - {"using":"xpath","value":"//button[contains(@id, \"massStateBtn\")]"}
RESULT: {"using":"xpath","value":"//button[contains(@id, \"massStateBtn\")]"}
COMMAND: POST /session/8ec42066c0fe4f9f52703c34817c4c3d/elements - {"using":"xpath","value":"//button[contains(@id, \"massStateBtn\")]"}
RESULT: {"using":"xpath","value":"//button[contains(@id, \"massStateBtn\")]"}
COMMAND: POST /session/8ec42066c0fe4f9f52703c34817c4c3d/element - {"using":"xpath","value":"//button[contains(@id, \"massStateBtn\")]"}
RESULT: {"using":"xpath","value":"//button[contains(@id, \"massStateBtn\")]"}
COMMAND: POST /session/8ec42066c0fe4f9f52703c34817c4c3d/execute/sync - {"script":"<script> [8489 bytes]","args":[{"element-6066-11e4-a52e-4f735466cecf":"f.F4EC64F8967100924ED9DC3CB119C154.d.3C04DD634B8016C3C4CAA61EE5B20130.e.304","ELEMENT":"f.F4EC64F8967100924ED9DC3CB119C154.d.3C04DD634B8016C3C4CAA61EE5B20130.e.304"}]}
RESULT: {"script":"<script> [8489 bytes]","args":[{"element-6066-11e4-a52e-4f735466cecf":"f.F4EC64F8967100924ED9DC3CB119C154.d.3C04DD634B8016C3C4CAA61EE5B20130.e.304","ELEMENT":"f.F4EC64F8967100924ED9DC3CB119C154.d.3C04DD634B8016C3C4CAA61EE5B20130.e.304"}]}
COMMAND: GET /session/8ec42066c0fe4f9f52703c34817c4c3d/element/f.F4EC64F8967100924ED9DC3CB119C154.d.3C04DD634B8016C3C4CAA61EE5B20130.e.304/enabled - {}
COMMAND: GET /session/8ec42066c0fe4f9f52703c34817c4c3d/screenshot - {}
RESULT: {}
COMMAND: POST /session/8ec42066c0fe4f9f52703c34817c4c3d/execute/sync - {"script":"<script> [8489 bytes]","args":[{"element-6066-11e4-a52e-4f735466cecf":"f.F4EC64F8967100924ED9DC3CB119C154.d.3C04DD634B8016C3C4CAA61EE5B20130.e.304","ELEMENT":"f.F4EC64F8967100924ED9DC3CB119C154.d.3C04DD634B8016C3C4CAA61EE5B20130.e.304"}]}
COMMAND: GET /session/8ec42066c0fe4f9f52703c34817c4c3d/screenshot - {}
RESULT: {}
RESULT: {"script":"<script> [8489 bytes]","args":[{"element-6066-11e4-a52e-4f735466cecf":"f.F4EC64F8967100924ED9DC3CB119C154.d.3C04DD634B8016C3C4CAA61EE5B20130.e.304","ELEMENT":"f.F4EC64F8967100924ED9DC3CB119C154.d.3C04DD634B8016C3C4CAA61EE5B20130.e.304"}]}
COMMAND: POST /session/8ec42066c0fe4f9f52703c34817c4c3d/execute/sync - {"script":"<script> [5351 bytes]","args":[{"element-6066-11e4-a52e-4f735466cecf":"f.F4EC64F8967100924ED9DC3CB119C154.d.3C04DD634B8016C3C4CAA61EE5B20130.e.304","ELEMENT":"f.F4EC64F8967100924ED9DC3CB119C154.d.3C04DD634B8016C3C4CAA61EE5B20130.e.304"}]}
COMMAND: GET /session/8ec42066c0fe4f9f52703c34817c4c3d/screenshot - {}
RESULT: {}
RESULT: {"script":"<script> [5351 bytes]","args":[{"element-6066-11e4-a52e-4f735466cecf":"f.F4EC64F8967100924ED9DC3CB119C154.d.3C04DD634B8016C3C4CAA61EE5B20130.e.304","ELEMENT":"f.F4EC64F8967100924ED9DC3CB119C154.d.3C04DD634B8016C3C4CAA61EE5B20130.e.304"}]}
COMMAND: POST /session/8ec42066c0fe4f9f52703c34817c4c3d/element/f.F4EC64F8967100924ED9DC3CB119C154.d.3C04DD634B8016C3C4CAA61EE5B20130.e.304/click - {}
COMMAND: GET /session/8ec42066c0fe4f9f52703c34817c4c3d/screenshot - {}
RESULT: {}
RESULT: {}
COMMAND: GET /session/8ec42066c0fe4f9f52703c34817c4c3d/screenshot - {}
RESULT: {}
RESULT: {}
COMMAND: POST /session/8ec42066c0fe4f9f52703c34817c4c3d/execute/async - {"script":"<script> [1562 bytes]","args":[{"selector":{"id":"application-ruinventorylist-display-component---Master--ruLocationTypeComboBox-arrow"},"wdio_ui5_key":"applicationruinventorylist-display-component---Master--ruLocationTypeComboBox-arrow"}]}
RESULT: {"script":"<script> [1562 bytes]","args":[{"selector":{"id":"application-ruinventorylist-display-component---Master--ruLocationTypeComboBox-arrow"},"wdio_ui5_key":"applicationruinventorylist-display-component---Master--ruLocationTypeComboBox-arrow"}]}
RESULT: undefined
COMMAND: POST /session/8ec42066c0fe4f9f52703c34817c4c3d/element - {"using":"xpath","value":"//*[@id=\"application-ruinventorylist-display-component---Master--ruLocationTypeComboBox-arrow\"]"}
RESULT: {"using":"xpath","value":"//*[@id=\"application-ruinventorylist-display-component---Master--ruLocationTypeComboBox-arrow\"]"}
COMMAND: POST /session/8ec42066c0fe4f9f52703c34817c4c3d/element/f.F4EC64F8967100924ED9DC3CB119C154.d.3C04DD634B8016C3C4CAA61EE5B20130.e.659/click - {}
RESULT: {}
COMMAND: GET /session/8ec42066c0fe4f9f52703c34817c4c3d/screenshot - {}
RESULT: {}
COMMAND: POST /session/8ec42066c0fe4f9f52703c34817c4c3d/element - {"using":"xpath","value":"//li[.//span[text()='Yard']]"}
RESULT: {"using":"xpath","value":"//li[.//span[text()='Yard']]"}
COMMAND: POST /session/8ec42066c0fe4f9f52703c34817c4c3d/element/f.F4EC64F8967100924ED9DC3CB119C154.d.3C04DD634B8016C3C4CAA61EE5B20130.e.660/click - {}
RESULT: {}
COMMAND: GET /session/8ec42066c0fe4f9f52703c34817c4c3d/screenshot - {}
RESULT: {}
COMMAND: POST /session/8ec42066c0fe4f9f52703c34817c4c3d/execute/async - {"script":"<script> [1562 bytes]","args":[{"selector":{"id":"application-ruinventorylist-display-component---Master--smartFilterBar-filterItemControl_BASIC-YARD-vhi"},"wdio_ui5_key":"applicationruinventorylist-display-component---Master--smartFilterBar-filterItemControl_BASIC-YARD-vhi"}]}
RESULT: {"script":"<script> [1562 bytes]","args":[{"selector":{"id":"application-ruinventorylist-display-component---Master--smartFilterBar-filterItemControl_BASIC-YARD-vhi"},"wdio_ui5_key":"applicationruinventorylist-display-component---Master--smartFilterBar-filterItemControl_BASIC-YARD-vhi"}]}
RESULT: undefined
COMMAND: POST /session/8ec42066c0fe4f9f52703c34817c4c3d/element - {"using":"xpath","value":"//*[@id=\"application-ruinventorylist-display-component---Master--smartFilterBar-filterItemControl_BASIC-YARD-vhi\"]"}
RESULT: {"using":"xpath","value":"//*[@id=\"application-ruinventorylist-display-component---Master--smartFilterBar-filterItemControl_BASIC-YARD-vhi\"]"}
COMMAND: POST /session/8ec42066c0fe4f9f52703c34817c4c3d/element/f.F4EC64F8967100924ED9DC3CB119C154.d.3C04DD634B8016C3C4CAA61EE5B20130.e.697/click - {}
RESULT: {}
COMMAND: GET /session/8ec42066c0fe4f9f52703c34817c4c3d/screenshot - {}
RESULT: {}
COMMAND: POST /session/8ec42066c0fe4f9f52703c34817c4c3d/execute/async - {"script":"<script> [1562 bytes]","args":[{"selector":{"id":"application-ruinventorylist-display-component---Master--smartFilterBar-filterItemControl_BASIC-YARD-valueHelpDialog-smartFilterBar-btnBasicSearch","searchOpenDialogs":true,"interaction":{"idSuffix":"I"}},"wdio_ui5_key":"applicationruinventorylist-display-component---Master--smartFilterBar-filterItemControl_BASIC-YARD-valueHelpDialog-smartFilterBar-btnBasicSearch"}]}
RESULT: {"script":"<script> [1562 bytes]","args":[{"selector":{"id":"application-ruinventorylist-display-component---Master--smartFilterBar-filterItemControl_BASIC-YARD-valueHelpDialog-smartFilterBar-btnBasicSearch","searchOpenDialogs":true,"interaction":{"idSuffix":"I"}},"wdio_ui5_key":"applicationruinventorylist-display-component---Master--smartFilterBar-filterItemControl_BASIC-YARD-valueHelpDialog-smartFilterBar-btnBasicSearch"}]}
RESULT: undefined
COMMAND: POST /session/8ec42066c0fe4f9f52703c34817c4c3d/execute/async - {"script":"<script> [776 bytes]","args":[{"enterText":"109","selector":{"id":"application-ruinventorylist-display-component---Master--smartFilterBar-filterItemControl_BASIC-YARD-valueHelpDialog-smartFilterBar-btnBasicSearch","searchOpenDialogs":true,"interaction":{"idSuffix":"I"}},"clearTextFirst":true,"interactionType":"ENTER_TEXT"}]}
RESULT: {"script":"<script> [776 bytes]","args":[{"enterText":"109","selector":{"id":"application-ruinventorylist-display-component---Master--smartFilterBar-filterItemControl_BASIC-YARD-valueHelpDialog-smartFilterBar-btnBasicSearch","searchOpenDialogs":true,"interaction":{"idSuffix":"I"}},"clearTextFirst":true,"interactionType":"ENTER_TEXT"}]}
COMMAND: POST /session/8ec42066c0fe4f9f52703c34817c4c3d/actions - {"actions":[{"id":"action1","type":"key","parameters":{},"actions":[{"type":"keyDown","value":"î€‡"},{"type":"pause","duration":10},{"type":"keyUp","value":"î€‡"}]}]}
RESULT: {"actions":[{"id":"action1","type":"key","parameters":{},"actions":[{"type":"keyDown","value":"î€‡"},{"type":"pause","duration":10},{"type":"keyUp","value":"î€‡"}]}]}
COMMAND: GET /session/8ec42066c0fe4f9f52703c34817c4c3d/screenshot - {}
RESULT: {}
COMMAND: POST /session/8ec42066c0fe4f9f52703c34817c4c3d/elements - {"using":"xpath","value":"//table[contains(@id, \"filterItemControl_BASIC-YARD-valueHelpDialog-table-table\")]/tbody/tr"}
RESULT: {"using":"xpath","value":"//table[contains(@id, \"filterItemControl_BASIC-YARD-valueHelpDialog-table-table\")]/tbody/tr"}
COMMAND: POST /session/8ec42066c0fe4f9f52703c34817c4c3d/element - {"using":"xpath","value":"//table[contains(@id, \"filterItemControl_BASIC-YARD-valueHelpDialog-table-table\")]/tbody/tr[1]/td[1]/div/span"}
RESULT: {"using":"xpath","value":"//table[contains(@id, \"filterItemControl_BASIC-YARD-valueHelpDialog-table-table\")]/tbody/tr[1]/td[1]/div/span"}
COMMAND: POST /session/8ec42066c0fe4f9f52703c34817c4c3d/elements - {"using":"xpath","value":"//table[contains(@id, \"filterItemControl_BASIC-YARD-valueHelpDialog-table-table\")]/tbody/tr[1]/td[1]/div/span"}
RESULT: {"using":"xpath","value":"//table[contains(@id, \"filterItemControl_BASIC-YARD-valueHelpDialog-table-table\")]/tbody/tr[1]/td[1]/div/span"}
COMMAND: POST /session/8ec42066c0fe4f9f52703c34817c4c3d/execute/sync - {"script":"<script> [56 bytes]","args":[{"element-6066-11e4-a52e-4f735466cecf":"f.F4EC64F8967100924ED9DC3CB119C154.d.3C04DD634B8016C3C4CAA61EE5B20130.e.719","ELEMENT":"f.F4EC64F8967100924ED9DC3CB119C154.d.3C04DD634B8016C3C4CAA61EE5B20130.e.719"}]}
RESULT: {"script":"<script> [56 bytes]","args":[{"element-6066-11e4-a52e-4f735466cecf":"f.F4EC64F8967100924ED9DC3CB119C154.d.3C04DD634B8016C3C4CAA61EE5B20130.e.719","ELEMENT":"f.F4EC64F8967100924ED9DC3CB119C154.d.3C04DD634B8016C3C4CAA61EE5B20130.e.719"}]}
COMMAND: POST /session/8ec42066c0fe4f9f52703c34817c4c3d/element - {"using":"xpath","value":"//div[contains(@id, \"filterItemControl_BASIC-YARD-valueHelpDialog-table-rowsel0\")]"}
COMMAND: GET /session/8ec42066c0fe4f9f52703c34817c4c3d/screenshot - {}
RESULT: {"using":"xpath","value":"//div[contains(@id, \"filterItemControl_BASIC-YARD-valueHelpDialog-table-rowsel0\")]"}
COMMAND: POST /session/8ec42066c0fe4f9f52703c34817c4c3d/element/f.F4EC64F8967100924ED9DC3CB119C154.d.3C04DD634B8016C3C4CAA61EE5B20130.e.720/click - {}
RESULT: {}
RESULT: {}
COMMAND: GET /session/8ec42066c0fe4f9f52703c34817c4c3d/screenshot - {}
RESULT: {}
COMMAND: POST /session/8ec42066c0fe4f9f52703c34817c4c3d/element - {"using":"xpath","value":"//div[contains(@id, \"smartFilterBar-filterItemControl_BASIC-YARD-valueHelpDialog-smartFilterBar-btnBasicSearch-reset\")]"}
RESULT: {"using":"xpath","value":"//div[contains(@id, \"smartFilterBar-filterItemControl_BASIC-YARD-valueHelpDialog-smartFilterBar-btnBasicSearch-reset\")]"}
COMMAND: POST /session/8ec42066c0fe4f9f52703c34817c4c3d/element/f.F4EC64F8967100924ED9DC3CB119C154.d.3C04DD634B8016C3C4CAA61EE5B20130.e.722/click - {}
RESULT: {}
RESULT: undefined
COMMAND: POST /session/8ec42066c0fe4f9f52703c34817c4c3d/execute/async - {"script":"<script> [776 bytes]","args":[{"enterText":"OPA5_BST01_YARD1","selector":{"id":"application-ruinventorylist-display-component---Master--smartFilterBar-filterItemControl_BASIC-YARD-valueHelpDialog-smartFilterBar-btnBasicSearch","searchOpenDialogs":true,"interaction":{"idSuffix":"I"}},"clearTextFirst":true,"interactionType":"ENTER_TEXT"}]}
COMMAND: GET /session/8ec42066c0fe4f9f52703c34817c4c3d/screenshot - {}
RESULT: {"script":"<script> [776 bytes]","args":[{"enterText":"OPA5_BST01_YARD1","selector":{"id":"application-ruinventorylist-display-component---Master--smartFilterBar-filterItemControl_BASIC-YARD-valueHelpDialog-smartFilterBar-btnBasicSearch","searchOpenDialogs":true,"interaction":{"idSuffix":"I"}},"clearTextFirst":true,"interactionType":"ENTER_TEXT"}]}
COMMAND: POST /session/8ec42066c0fe4f9f52703c34817c4c3d/actions - {"actions":[{"id":"action2","type":"key","parameters":{},"actions":[{"type":"keyDown","value":"î€‡"},{"type":"pause","duration":10},{"type":"keyUp","value":"î€‡"}]}]}
RESULT: {}
RESULT: {"actions":[{"id":"action2","type":"key","parameters":{},"actions":[{"type":"keyDown","value":"î€‡"},{"type":"pause","duration":10},{"type":"keyUp","value":"î€‡"}]}]}
COMMAND: GET /session/8ec42066c0fe4f9f52703c34817c4c3d/screenshot - {}
RESULT: {}
COMMAND: POST /session/8ec42066c0fe4f9f52703c34817c4c3d/elements - {"using":"xpath","value":"//table[contains(@id, \"filterItemControl_BASIC-YARD-valueHelpDialog-table-table\")]/tbody/tr"}
RESULT: {"using":"xpath","value":"//table[contains(@id, \"filterItemControl_BASIC-YARD-valueHelpDialog-table-table\")]/tbody/tr"}
COMMAND: POST /session/8ec42066c0fe4f9f52703c34817c4c3d/element - {"using":"xpath","value":"//table[contains(@id, \"filterItemControl_BASIC-YARD-valueHelpDialog-table-table\")]/tbody/tr[1]/td[1]/div/span"}
RESULT: {"using":"xpath","value":"//table[contains(@id, \"filterItemControl_BASIC-YARD-valueHelpDialog-table-table\")]/tbody/tr[1]/td[1]/div/span"}
COMMAND: POST /session/8ec42066c0fe4f9f52703c34817c4c3d/elements - {"using":"xpath","value":"//table[contains(@id, \"filterItemControl_BASIC-YARD-valueHelpDialog-table-table\")]/tbody/tr[1]/td[1]/div/span"}
RESULT: {"using":"xpath","value":"//table[contains(@id, \"filterItemControl_BASIC-YARD-valueHelpDialog-table-table\")]/tbody/tr[1]/td[1]/div/span"}
COMMAND: POST /session/8ec42066c0fe4f9f52703c34817c4c3d/execute/sync - {"script":"<script> [56 bytes]","args":[{"element-6066-11e4-a52e-4f735466cecf":"f.F4EC64F8967100924ED9DC3CB119C154.d.3C04DD634B8016C3C4CAA61EE5B20130.e.719","ELEMENT":"f.F4EC64F8967100924ED9DC3CB119C154.d.3C04DD634B8016C3C4CAA61EE5B20130.e.719"}]}
RESULT: {"script":"<script> [56 bytes]","args":[{"element-6066-11e4-a52e-4f735466cecf":"f.F4EC64F8967100924ED9DC3CB119C154.d.3C04DD634B8016C3C4CAA61EE5B20130.e.719","ELEMENT":"f.F4EC64F8967100924ED9DC3CB119C154.d.3C04DD634B8016C3C4CAA61EE5B20130.e.719"}]}
COMMAND: POST /session/8ec42066c0fe4f9f52703c34817c4c3d/element - {"using":"xpath","value":"//div[contains(@id, \"filterItemControl_BASIC-YARD-valueHelpDialog-table-rowsel0\")]"}
COMMAND: GET /session/8ec42066c0fe4f9f52703c34817c4c3d/screenshot - {}
RESULT: {"using":"xpath","value":"//div[contains(@id, \"filterItemControl_BASIC-YARD-valueHelpDialog-table-rowsel0\")]"}
COMMAND: POST /session/8ec42066c0fe4f9f52703c34817c4c3d/element/f.F4EC64F8967100924ED9DC3CB119C154.d.3C04DD634B8016C3C4CAA61EE5B20130.e.720/click - {}
RESULT: {}
RESULT: {}
COMMAND: GET /session/8ec42066c0fe4f9f52703c34817c4c3d/screenshot - {}
RESULT: {}
COMMAND: POST /session/8ec42066c0fe4f9f52703c34817c4c3d/element - {"using":"xpath","value":"(//bdi[contains(text(), \"OK\")])[1]"}
RESULT: {"using":"xpath","value":"(//bdi[contains(text(), \"OK\")])[1]"}
COMMAND: POST /session/8ec42066c0fe4f9f52703c34817c4c3d/element/f.F4EC64F8967100924ED9DC3CB119C154.d.3C04DD634B8016C3C4CAA61EE5B20130.e.723/click - {}
RESULT: {}
COMMAND: GET /session/8ec42066c0fe4f9f52703c34817c4c3d/screenshot - {}
RESULT: {}
COMMAND: POST /session/8ec42066c0fe4f9f52703c34817c4c3d/element - {"using":"xpath","value":"//span[@id=\"application-ruinventorylist-display-component---Master--smartTableRuInventoryList-header-inner\"]"}
RESULT: {"using":"xpath","value":"//span[@id=\"application-ruinventorylist-display-component---Master--smartTableRuInventoryList-header-inner\"]"}
COMMAND: POST /session/8ec42066c0fe4f9f52703c34817c4c3d/elements - {"using":"xpath","value":"//span[@id=\"application-ruinventorylist-display-component---Master--smartTableRuInventoryList-header-inner\"]"}
RESULT: {"using":"xpath","value":"//span[@id=\"application-ruinventorylist-display-component---Master--smartTableRuInventoryList-header-inner\"]"}
COMMAND: POST /session/8ec42066c0fe4f9f52703c34817c4c3d/execute/sync - {"script":"<script> [56 bytes]","args":[{"element-6066-11e4-a52e-4f735466cecf":"f.F4EC64F8967100924ED9DC3CB119C154.d.3C04DD634B8016C3C4CAA61EE5B20130.e.861","ELEMENT":"f.F4EC64F8967100924ED9DC3CB119C154.d.3C04DD634B8016C3C4CAA61EE5B20130.e.861"}]}
RESULT: {"script":"<script> [56 bytes]","args":[{"element-6066-11e4-a52e-4f735466cecf":"f.F4EC64F8967100924ED9DC3CB119C154.d.3C04DD634B8016C3C4CAA61EE5B20130.e.861","ELEMENT":"f.F4EC64F8967100924ED9DC3CB119C154.d.3C04DD634B8016C3C4CAA61EE5B20130.e.861"}]}
COMMAND: POST /session/8ec42066c0fe4f9f52703c34817c4c3d/execute/async - {"script":"<script> [1562 bytes]","args":[{"selector":{"id":"application-ruinventorylist-display-component---Master--smartFilterBar-btnBasicSearch","interaction":{"idSuffix":"I"}},"wdio_ui5_key":"applicationruinventorylist-display-component---Master--smartFilterBar-btnBasicSearch"}]}
COMMAND: GET /session/8ec42066c0fe4f9f52703c34817c4c3d/screenshot - {}
RESULT: {"script":"<script> [1562 bytes]","args":[{"selector":{"id":"application-ruinventorylist-display-component---Master--smartFilterBar-btnBasicSearch","interaction":{"idSuffix":"I"}},"wdio_ui5_key":"applicationruinventorylist-display-component---Master--smartFilterBar-btnBasicSearch"}]}
RESULT: undefined
COMMAND: POST /session/8ec42066c0fe4f9f52703c34817c4c3d/execute/async - {"script":"<script> [776 bytes]","args":[{"enterText":"600002","selector":{"id":"application-ruinventorylist-display-component---Master--smartFilterBar-btnBasicSearch","interaction":{"idSuffix":"I"}},"clearTextFirst":true,"interactionType":"ENTER_TEXT"}]}
RESULT: {}
RESULT: {"script":"<script> [776 bytes]","args":[{"enterText":"600002","selector":{"id":"application-ruinventorylist-display-component---Master--smartFilterBar-btnBasicSearch","interaction":{"idSuffix":"I"}},"clearTextFirst":true,"interactionType":"ENTER_TEXT"}]}
COMMAND: POST /session/8ec42066c0fe4f9f52703c34817c4c3d/actions - {"actions":[{"id":"action3","type":"key","parameters":{},"actions":[{"type":"keyDown","value":"î€‡"},{"type":"pause","duration":10},{"type":"keyUp","value":"î€‡"}]}]}
RESULT: {"actions":[{"id":"action3","type":"key","parameters":{},"actions":[{"type":"keyDown","value":"î€‡"},{"type":"pause","duration":10},{"type":"keyUp","value":"î€‡"}]}]}
COMMAND: GET /session/8ec42066c0fe4f9f52703c34817c4c3d/screenshot - {}
RESULT: {}
COMMAND: POST /session/8ec42066c0fe4f9f52703c34817c4c3d/element - {"using":"xpath","value":"//span[@id=\"application-ruinventorylist-display-component---Master--smartTableRuInventoryList-header-inner\"]"}
RESULT: {"using":"xpath","value":"//span[@id=\"application-ruinventorylist-display-component---Master--smartTableRuInventoryList-header-inner\"]"}
COMMAND: POST /session/8ec42066c0fe4f9f52703c34817c4c3d/elements - {"using":"xpath","value":"//span[@id=\"application-ruinventorylist-display-component---Master--smartTableRuInventoryList-header-inner\"]"}
RESULT: {"using":"xpath","value":"//span[@id=\"application-ruinventorylist-display-component---Master--smartTableRuInventoryList-header-inner\"]"}
COMMAND: POST /session/8ec42066c0fe4f9f52703c34817c4c3d/execute/sync - {"script":"<script> [56 bytes]","args":[{"element-6066-11e4-a52e-4f735466cecf":"f.F4EC64F8967100924ED9DC3CB119C154.d.3C04DD634B8016C3C4CAA61EE5B20130.e.861","ELEMENT":"f.F4EC64F8967100924ED9DC3CB119C154.d.3C04DD634B8016C3C4CAA61EE5B20130.e.861"}]}
RESULT: {"script":"<script> [56 bytes]","args":[{"element-6066-11e4-a52e-4f735466cecf":"f.F4EC64F8967100924ED9DC3CB119C154.d.3C04DD634B8016C3C4CAA61EE5B20130.e.861","ELEMENT":"f.F4EC64F8967100924ED9DC3CB119C154.d.3C04DD634B8016C3C4CAA61EE5B20130.e.861"}]}
COMMAND: POST /session/8ec42066c0fe4f9f52703c34817c4c3d/element - {"using":"xpath","value":"//table[contains(@id, \"application-ruinventorylist-display-component---Master--tableRuInventoryList-listUl\")]/tbody/tr[1]/td[2]/div/div"}
COMMAND: GET /session/8ec42066c0fe4f9f52703c34817c4c3d/screenshot - {}
RESULT: {"using":"xpath","value":"//table[contains(@id, \"application-ruinventorylist-display-component---Master--tableRuInventoryList-listUl\")]/tbody/tr[1]/td[2]/div/div"}
COMMAND: POST /session/8ec42066c0fe4f9f52703c34817c4c3d/element/f.F4EC64F8967100924ED9DC3CB119C154.d.3C04DD634B8016C3C4CAA61EE5B20130.e.869/click - {}
RESULT: {}
RESULT: {}
COMMAND: GET /session/8ec42066c0fe4f9f52703c34817c4c3d/screenshot - {}
RESULT: {}
COMMAND: POST /session/8ec42066c0fe4f9f52703c34817c4c3d/element - {"using":"xpath","value":"//div[contains(@id, \"smartFilterBar-btnBasicSearch-reset\")]"}
RESULT: {"using":"xpath","value":"//div[contains(@id, \"smartFilterBar-btnBasicSearch-reset\")]"}
COMMAND: POST /session/8ec42066c0fe4f9f52703c34817c4c3d/element/f.F4EC64F8967100924ED9DC3CB119C154.d.3C04DD634B8016C3C4CAA61EE5B20130.e.879/click - {}
RESULT: {}
COMMAND: GET /session/8ec42066c0fe4f9f52703c34817c4c3d/screenshot - {}
RESULT: {}
RESULT: undefined
COMMAND: POST /session/8ec42066c0fe4f9f52703c34817c4c3d/execute/async - {"script":"<script> [776 bytes]","args":[{"enterText":"401002","selector":{"id":"application-ruinventorylist-display-component---Master--smartFilterBar-btnBasicSearch","interaction":{"idSuffix":"I"}},"clearTextFirst":true,"interactionType":"ENTER_TEXT"}]}
RESULT: {"script":"<script> [776 bytes]","args":[{"enterText":"401002","selector":{"id":"application-ruinventorylist-display-component---Master--smartFilterBar-btnBasicSearch","interaction":{"idSuffix":"I"}},"clearTextFirst":true,"interactionType":"ENTER_TEXT"}]}
COMMAND: POST /session/8ec42066c0fe4f9f52703c34817c4c3d/actions - {"actions":[{"id":"action4","type":"key","parameters":{},"actions":[{"type":"keyDown","value":"î€‡"},{"type":"pause","duration":10},{"type":"keyUp","value":"î€‡"}]}]}
RESULT: {"actions":[{"id":"action4","type":"key","parameters":{},"actions":[{"type":"keyDown","value":"î€‡"},{"type":"pause","duration":10},{"type":"keyUp","value":"î€‡"}]}]}
COMMAND: GET /session/8ec42066c0fe4f9f52703c34817c4c3d/screenshot - {}
RESULT: {}
COMMAND: POST /session/8ec42066c0fe4f9f52703c34817c4c3d/element - {"using":"xpath","value":"//span[@id=\"application-ruinventorylist-display-component---Master--smartTableRuInventoryList-header-inner\"]"}
RESULT: {"using":"xpath","value":"//span[@id=\"application-ruinventorylist-display-component---Master--smartTableRuInventoryList-header-inner\"]"}
COMMAND: POST /session/8ec42066c0fe4f9f52703c34817c4c3d/elements - {"using":"xpath","value":"//span[@id=\"application-ruinventorylist-display-component---Master--smartTableRuInventoryList-header-inner\"]"}
RESULT: {"using":"xpath","value":"//span[@id=\"application-ruinventorylist-display-component---Master--smartTableRuInventoryList-header-inner\"]"}
COMMAND: POST /session/8ec42066c0fe4f9f52703c34817c4c3d/execute/sync - {"script":"<script> [56 bytes]","args":[{"element-6066-11e4-a52e-4f735466cecf":"f.F4EC64F8967100924ED9DC3CB119C154.d.3C04DD634B8016C3C4CAA61EE5B20130.e.861","ELEMENT":"f.F4EC64F8967100924ED9DC3CB119C154.d.3C04DD634B8016C3C4CAA61EE5B20130.e.861"}]}
RESULT: {"script":"<script> [56 bytes]","args":[{"element-6066-11e4-a52e-4f735466cecf":"f.F4EC64F8967100924ED9DC3CB119C154.d.3C04DD634B8016C3C4CAA61EE5B20130.e.861","ELEMENT":"f.F4EC64F8967100924ED9DC3CB119C154.d.3C04DD634B8016C3C4CAA61EE5B20130.e.861"}]}
COMMAND: POST /session/8ec42066c0fe4f9f52703c34817c4c3d/element - {"using":"xpath","value":"//table[contains(@id, \"application-ruinventorylist-display-component---Master--tableRuInventoryList-listUl\")]/tbody/tr[1]/td[2]/div/div"}
COMMAND: GET /session/8ec42066c0fe4f9f52703c34817c4c3d/screenshot - {}
RESULT: {"using":"xpath","value":"//table[contains(@id, \"application-ruinventorylist-display-component---Master--tableRuInventoryList-listUl\")]/tbody/tr[1]/td[2]/div/div"}
COMMAND: POST /session/8ec42066c0fe4f9f52703c34817c4c3d/element/f.F4EC64F8967100924ED9DC3CB119C154.d.3C04DD634B8016C3C4CAA61EE5B20130.e.1017/click - {}
RESULT: {}
RESULT: {}
COMMAND: GET /session/8ec42066c0fe4f9f52703c34817c4c3d/screenshot - {}
RESULT: {}
COMMAND: POST /session/8ec42066c0fe4f9f52703c34817c4c3d/element - {"using":"xpath","value":"//div[contains(@id, \"smartFilterBar-btnBasicSearch-reset\")]"}
RESULT: {"using":"xpath","value":"//div[contains(@id, \"smartFilterBar-btnBasicSearch-reset\")]"}
COMMAND: POST /session/8ec42066c0fe4f9f52703c34817c4c3d/element/f.F4EC64F8967100924ED9DC3CB119C154.d.3C04DD634B8016C3C4CAA61EE5B20130.e.879/click - {}
RESULT: {}
COMMAND: GET /session/8ec42066c0fe4f9f52703c34817c4c3d/screenshot - {}
RESULT: {}
COMMAND: POST /session/8ec42066c0fe4f9f52703c34817c4c3d/element/f.F4EC64F8967100924ED9DC3CB119C154.d.3C04DD634B8016C3C4CAA61EE5B20130.e.304/click - {}
RESULT: {}
COMMAND: GET /session/8ec42066c0fe4f9f52703c34817c4c3d/screenshot - {}
RESULT: {}
COMMAND: POST /session/8ec42066c0fe4f9f52703c34817c4c3d/execute/async - {"script":"<script> [1562 bytes]","args":[{"selector":{"controlType":"sap.m.Title","viewName":"etm.portal.ui.ruinventorylist.view.Master","viewId":"application-ruinventorylist-display-component---Master","properties":{"text":"Mass State Change"},"searchOpenDialogs":true},"wdio_ui5_key":"etmportal.ui.ruinventorylist.view.Mastersap.m.Title{\"text\":\"Mass State Change\"}"}]}
RESULT: {"script":"<script> [1562 bytes]","args":[{"selector":{"controlType":"sap.m.Title","viewName":"etm.portal.ui.ruinventorylist.view.Master","viewId":"application-ruinventorylist-display-component---Master","properties":{"text":"Mass State Change"},"searchOpenDialogs":true},"wdio_ui5_key":"etmportal.ui.ruinventorylist.view.Mastersap.m.Title{\"text\":\"Mass State Change\"}"}]}
RESULT: undefined
COMMAND: POST /session/8ec42066c0fe4f9f52703c34817c4c3d/execute/async - {"script":"<script> [6424 bytes]","args":[{"element-6066-11e4-a52e-4f735466cecf":"f.F4EC64F8967100924ED9DC3CB119C154.d.3C04DD634B8016C3C4CAA61EE5B20130.e.1174"},"getText",[]]}
RESULT: {"script":"<script> [6424 bytes]","args":[{"element-6066-11e4-a52e-4f735466cecf":"f.F4EC64F8967100924ED9DC3CB119C154.d.3C04DD634B8016C3C4CAA61EE5B20130.e.1174"},"getText",[]]}
COMMAND: POST /session/8ec42066c0fe4f9f52703c34817c4c3d/element - {"using":"xpath","value":"(//bdi[contains(text(), \"OK\")])[1]"}
RESULT: {"using":"xpath","value":"(//bdi[contains(text(), \"OK\")])[1]"}
COMMAND: POST /session/8ec42066c0fe4f9f52703c34817c4c3d/element/f.F4EC64F8967100924ED9DC3CB119C154.d.3C04DD634B8016C3C4CAA61EE5B20130.e.1175/click - {}
RESULT: {}
COMMAND: GET /session/8ec42066c0fe4f9f52703c34817c4c3d/screenshot - {}
RESULT: {}
COMMAND: POST /session/8ec42066c0fe4f9f52703c34817c4c3d/element - {"using":"css selector","value":"div.sapMMessageBoxError"}
RESULT: {"using":"css selector","value":"div.sapMMessageBoxError"}
COMMAND: POST /session/8ec42066c0fe4f9f52703c34817c4c3d/elements - {"using":"css selector","value":"div.sapMMessageBoxError"}
RESULT: {"using":"css selector","value":"div.sapMMessageBoxError"}
COMMAND: POST /session/8ec42066c0fe4f9f52703c34817c4c3d/element - {"using":"xpath","value":"(//bdi[contains(text(), \"Close\")])[1]"}
RESULT: {"using":"xpath","value":"(//bdi[contains(text(), \"Close\")])[1]"}
COMMAND: POST /session/8ec42066c0fe4f9f52703c34817c4c3d/element/f.F4EC64F8967100924ED9DC3CB119C154.d.3C04DD634B8016C3C4CAA61EE5B20130.e.1180/click - {}
RESULT: {}
COMMAND: GET /session/8ec42066c0fe4f9f52703c34817c4c3d/screenshot - {}
RESULT: {}
COMMAND: POST /session/8ec42066c0fe4f9f52703c34817c4c3d/execute/async - {"script":"<script> [1562 bytes]","args":[{"selector":{"id":"application-ruinventorylist-display-component---Master--ruStateTypes-arrow","searchOpenDialogs":true},"wdio_ui5_key":"applicationruinventorylist-display-component---Master--ruStateTypes-arrow"}]}
RESULT: {"script":"<script> [1562 bytes]","args":[{"selector":{"id":"application-ruinventorylist-display-component---Master--ruStateTypes-arrow","searchOpenDialogs":true},"wdio_ui5_key":"applicationruinventorylist-display-component---Master--ruStateTypes-arrow"}]}
RESULT: undefined
COMMAND: POST /session/8ec42066c0fe4f9f52703c34817c4c3d/element - {"using":"xpath","value":"//*[@id=\"application-ruinventorylist-display-component---Master--ruStateTypes-arrow\"]"}
RESULT: {"using":"xpath","value":"//*[@id=\"application-ruinventorylist-display-component---Master--ruStateTypes-arrow\"]"}
COMMAND: POST /session/8ec42066c0fe4f9f52703c34817c4c3d/element/f.F4EC64F8967100924ED9DC3CB119C154.d.3C04DD634B8016C3C4CAA61EE5B20130.e.1181/click - {}
RESULT: {}
COMMAND: GET /session/8ec42066c0fe4f9f52703c34817c4c3d/screenshot - {}
RESULT: {}
COMMAND: POST /session/8ec42066c0fe4f9f52703c34817c4c3d/element - {"using":"xpath","value":"//li[.//span[text()=\"defect\"]]"}
RESULT: {"using":"xpath","value":"//li[.//span[text()=\"defect\"]]"}
COMMAND: POST /session/8ec42066c0fe4f9f52703c34817c4c3d/element/f.F4EC64F8967100924ED9DC3CB119C154.d.3C04DD634B8016C3C4CAA61EE5B20130.e.1182/click - {}
RESULT: {}
COMMAND: GET /session/8ec42066c0fe4f9f52703c34817c4c3d/screenshot - {}
RESULT: {}
COMMAND: POST /session/8ec42066c0fe4f9f52703c34817c4c3d/element - {"using":"xpath","value":"(//span[@data-kt=\"trashMassStateChangeIcon\"])[1]"}
RESULT: {"using":"xpath","value":"(//span[@data-kt=\"trashMassStateChangeIcon\"])[1]"}
COMMAND: POST /session/8ec42066c0fe4f9f52703c34817c4c3d/element/f.F4EC64F8967100924ED9DC3CB119C154.d.3C04DD634B8016C3C4CAA61EE5B20130.e.1183/click - {}
RESULT: {}
COMMAND: GET /session/8ec42066c0fe4f9f52703c34817c4c3d/screenshot - {}
RESULT: {}
COMMAND: POST /session/8ec42066c0fe4f9f52703c34817c4c3d/element - {"using":"xpath","value":"//table[contains(@id, \"massStateChangeTable-listUl\")]/tbody/tr[1]/td[11]/div/div/div/input"}
RESULT: {"using":"xpath","value":"//table[contains(@id, \"massStateChangeTable-listUl\")]/tbody/tr[1]/td[11]/div/div/div/input"}
COMMAND: GET /session/8ec42066c0fe4f9f52703c34817c4c3d/element/f.F4EC64F8967100924ED9DC3CB119C154.d.3C04DD634B8016C3C4CAA61EE5B20130.e.1168/property/value - {}
RESULT: {}
COMMAND: POST /session/8ec42066c0fe4f9f52703c34817c4c3d/element - {"using":"xpath","value":"(//span[@data-kt=\"trashMassStateChangeIcon\"])[2]"}
COMMAND: GET /session/8ec42066c0fe4f9f52703c34817c4c3d/screenshot - {}
RESULT: {}
RESULT: {"using":"xpath","value":"(//span[@data-kt=\"trashMassStateChangeIcon\"])[2]"}
COMMAND: POST /session/8ec42066c0fe4f9f52703c34817c4c3d/element/f.F4EC64F8967100924ED9DC3CB119C154.d.3C04DD634B8016C3C4CAA61EE5B20130.e.1185/click - {}
RESULT: {}
COMMAND: GET /session/8ec42066c0fe4f9f52703c34817c4c3d/screenshot - {}
RESULT: {}
COMMAND: POST /session/8ec42066c0fe4f9f52703c34817c4c3d/element - {"using":"xpath","value":"//table[contains(@id, \"massStateChangeTable-listUl\")]/tbody/tr[2]/td[11]/div/div/div/input"}
RESULT: {"using":"xpath","value":"//table[contains(@id, \"massStateChangeTable-listUl\")]/tbody/tr[2]/td[11]/div/div/div/input"}
COMMAND: GET /session/8ec42066c0fe4f9f52703c34817c4c3d/element/f.F4EC64F8967100924ED9DC3CB119C154.d.3C04DD634B8016C3C4CAA61EE5B20130.e.1172/property/value - {}
RESULT: {}
COMMAND: POST /session/8ec42066c0fe4f9f52703c34817c4c3d/element - {"using":"xpath","value":"//table[contains(@id, \"massStateChangeTable-listUl\")]/tbody/tr[1]/td[10]/div/span/span[1]"}
COMMAND: GET /session/8ec42066c0fe4f9f52703c34817c4c3d/screenshot - {}
RESULT: {"using":"xpath","value":"//table[contains(@id, \"massStateChangeTable-listUl\")]/tbody/tr[1]/td[10]/div/span/span[1]"}
COMMAND: POST /session/8ec42066c0fe4f9f52703c34817c4c3d/execute/sync - {"script":"<script> [56 bytes]","args":[{"element-6066-11e4-a52e-4f735466cecf":"f.F4EC64F8967100924ED9DC3CB119C154.d.3C04DD634B8016C3C4CAA61EE5B20130.e.1187","ELEMENT":"f.F4EC64F8967100924ED9DC3CB119C154.d.3C04DD634B8016C3C4CAA61EE5B20130.e.1187"}]}
RESULT: {}
RESULT: {"script":"<script> [56 bytes]","args":[{"element-6066-11e4-a52e-4f735466cecf":"f.F4EC64F8967100924ED9DC3CB119C154.d.3C04DD634B8016C3C4CAA61EE5B20130.e.1187","ELEMENT":"f.F4EC64F8967100924ED9DC3CB119C154.d.3C04DD634B8016C3C4CAA61EE5B20130.e.1187"}]}
COMMAND: POST /session/8ec42066c0fe4f9f52703c34817c4c3d/element - {"using":"xpath","value":"//table[contains(@id, \"massStateChangeTable-listUl\")]/tbody/tr[1]/td[11]/div/div/div/div[2]/span"}
COMMAND: GET /session/8ec42066c0fe4f9f52703c34817c4c3d/screenshot - {}
RESULT: {"using":"xpath","value":"//table[contains(@id, \"massStateChangeTable-listUl\")]/tbody/tr[1]/td[11]/div/div/div/div[2]/span"}
COMMAND: POST /session/8ec42066c0fe4f9f52703c34817c4c3d/element/f.F4EC64F8967100924ED9DC3CB119C154.d.3C04DD634B8016C3C4CAA61EE5B20130.e.1188/click - {}
RESULT: {}
RESULT: {}
COMMAND: GET /session/8ec42066c0fe4f9f52703c34817c4c3d/screenshot - {}
RESULT: {}
COMMAND: POST /session/8ec42066c0fe4f9f52703c34817c4c3d/element - {"using":"xpath","value":"//table[contains(@id, \"massStateChangeTable-listUl\")]/tbody/tr[1]/td[11]/div/div/div/div[2]/span"}
RESULT: {"using":"xpath","value":"//table[contains(@id, \"massStateChangeTable-listUl\")]/tbody/tr[1]/td[11]/div/div/div/div[2]/span"}
COMMAND: POST /session/8ec42066c0fe4f9f52703c34817c4c3d/element/f.F4EC64F8967100924ED9DC3CB119C154.d.3C04DD634B8016C3C4CAA61EE5B20130.e.1188/click - {}
RESULT: {}
COMMAND: GET /session/8ec42066c0fe4f9f52703c34817c4c3d/screenshot - {}
RESULT: {}
COMMAND: POST /session/8ec42066c0fe4f9f52703c34817c4c3d/element - {"using":"xpath","value":"//table[contains(@id, \"massStateChangeTable-listUl\")]/tbody/tr[1]/td[11]/div/div/div/div[2]/span"}
RESULT: {"using":"xpath","value":"//table[contains(@id, \"massStateChangeTable-listUl\")]/tbody/tr[1]/td[11]/div/div/div/div[2]/span"}
COMMAND: POST /session/8ec42066c0fe4f9f52703c34817c4c3d/element/f.F4EC64F8967100924ED9DC3CB119C154.d.3C04DD634B8016C3C4CAA61EE5B20130.e.1188/click - {}
RESULT: {}
COMMAND: GET /session/8ec42066c0fe4f9f52703c34817c4c3d/screenshot - {}
RESULT: {}
COMMAND: POST /session/8ec42066c0fe4f9f52703c34817c4c3d/element - {"using":"xpath","value":"//table[contains(@id, \"massStateChangeTable-listUl\")]/tbody/tr[1]/td[11]/div/div/div/div[2]/span"}
RESULT: {"using":"xpath","value":"//table[contains(@id, \"massStateChangeTable-listUl\")]/tbody/tr[1]/td[11]/div/div/div/div[2]/span"}
COMMAND: POST /session/8ec42066c0fe4f9f52703c34817c4c3d/element/f.F4EC64F8967100924ED9DC3CB119C154.d.3C04DD634B8016C3C4CAA61EE5B20130.e.1188/click - {}
RESULT: {}
COMMAND: GET /session/8ec42066c0fe4f9f52703c34817c4c3d/screenshot - {}
RESULT: {}
COMMAND: POST /session/8ec42066c0fe4f9f52703c34817c4c3d/element - {"using":"xpath","value":"//table[contains(@id, \"massStateChangeTable-listUl\")]/tbody/tr[1]/td[11]/div/div/div/div[2]/span"}
RESULT: {"using":"xpath","value":"//table[contains(@id, \"massStateChangeTable-listUl\")]/tbody/tr[1]/td[11]/div/div/div/div[2]/span"}
COMMAND: POST /session/8ec42066c0fe4f9f52703c34817c4c3d/element/f.F4EC64F8967100924ED9DC3CB119C154.d.3C04DD634B8016C3C4CAA61EE5B20130.e.1188/click - {}
RESULT: {}
COMMAND: GET /session/8ec42066c0fe4f9f52703c34817c4c3d/screenshot - {}
RESULT: {}
COMMAND: POST /session/8ec42066c0fe4f9f52703c34817c4c3d/element - {"using":"xpath","value":"//table[contains(@id, \"massStateChangeTable-listUl\")]/tbody/tr[1]/td[11]/div/div/div/div[2]/span"}
RESULT: {"using":"xpath","value":"//table[contains(@id, \"massStateChangeTable-listUl\")]/tbody/tr[1]/td[11]/div/div/div/div[2]/span"}
COMMAND: POST /session/8ec42066c0fe4f9f52703c34817c4c3d/element/f.F4EC64F8967100924ED9DC3CB119C154.d.3C04DD634B8016C3C4CAA61EE5B20130.e.1188/click - {}
RESULT: {}
COMMAND: GET /session/8ec42066c0fe4f9f52703c34817c4c3d/screenshot - {}
RESULT: {}
COMMAND: POST /session/8ec42066c0fe4f9f52703c34817c4c3d/element - {"using":"xpath","value":"//table[contains(@id, \"massStateChangeTable-listUl\")]/tbody/tr[1]/td[11]/div/div/div/div[2]/span"}
RESULT: {"using":"xpath","value":"//table[contains(@id, \"massStateChangeTable-listUl\")]/tbody/tr[1]/td[11]/div/div/div/div[2]/span"}
COMMAND: POST /session/8ec42066c0fe4f9f52703c34817c4c3d/element/f.F4EC64F8967100924ED9DC3CB119C154.d.3C04DD634B8016C3C4CAA61EE5B20130.e.1188/click - {}
RESULT: {}
COMMAND: GET /session/8ec42066c0fe4f9f52703c34817c4c3d/screenshot - {}
RESULT: {}
COMMAND: POST /session/8ec42066c0fe4f9f52703c34817c4c3d/element - {"using":"xpath","value":"//table[contains(@id, \"massStateChangeTable-listUl\")]/tbody/tr[1]/td[11]/div/div/div/div[2]/span"}
RESULT: {"using":"xpath","value":"//table[contains(@id, \"massStateChangeTable-listUl\")]/tbody/tr[1]/td[11]/div/div/div/div[2]/span"}
COMMAND: POST /session/8ec42066c0fe4f9f52703c34817c4c3d/element/f.F4EC64F8967100924ED9DC3CB119C154.d.3C04DD634B8016C3C4CAA61EE5B20130.e.1188/click - {}
RESULT: {}
COMMAND: GET /session/8ec42066c0fe4f9f52703c34817c4c3d/screenshot - {}
RESULT: {}
COMMAND: POST /session/8ec42066c0fe4f9f52703c34817c4c3d/element - {"using":"xpath","value":"//table[contains(@id, \"massStateChangeTable-listUl\")]/tbody/tr[1]/td[11]/div/div/div/div[2]/span"}
RESULT: {"using":"xpath","value":"//table[contains(@id, \"massStateChangeTable-listUl\")]/tbody/tr[1]/td[11]/div/div/div/div[2]/span"}
COMMAND: POST /session/8ec42066c0fe4f9f52703c34817c4c3d/element/f.F4EC64F8967100924ED9DC3CB119C154.d.3C04DD634B8016C3C4CAA61EE5B20130.e.1188/click - {}
RESULT: {}
COMMAND: GET /session/8ec42066c0fe4f9f52703c34817c4c3d/screenshot - {}
RESULT: {}
COMMAND: POST /session/8ec42066c0fe4f9f52703c34817c4c3d/element - {"using":"xpath","value":"//table[contains(@id, \"massStateChangeTable-listUl\")]/tbody/tr[1]/td[11]/div/div/div/div[2]/span"}
RESULT: {"using":"xpath","value":"//table[contains(@id, \"massStateChangeTable-listUl\")]/tbody/tr[1]/td[11]/div/div/div/div[2]/span"}
COMMAND: POST /session/8ec42066c0fe4f9f52703c34817c4c3d/element/f.F4EC64F8967100924ED9DC3CB119C154.d.3C04DD634B8016C3C4CAA61EE5B20130.e.1188/click - {}
RESULT: {}
COMMAND: GET /session/8ec42066c0fe4f9f52703c34817c4c3d/screenshot - {}
RESULT: {}
COMMAND: POST /session/8ec42066c0fe4f9f52703c34817c4c3d/element - {"using":"xpath","value":"//table[contains(@id, \"massStateChangeTable-listUl\")]/tbody/tr[1]/td[11]/div/div/div/div[2]/span"}
RESULT: {"using":"xpath","value":"//table[contains(@id, \"massStateChangeTable-listUl\")]/tbody/tr[1]/td[11]/div/div/div/div[2]/span"}
COMMAND: POST /session/8ec42066c0fe4f9f52703c34817c4c3d/element/f.F4EC64F8967100924ED9DC3CB119C154.d.3C04DD634B8016C3C4CAA61EE5B20130.e.1188/click - {}
RESULT: {}
COMMAND: GET /session/8ec42066c0fe4f9f52703c34817c4c3d/screenshot - {}
RESULT: {}
COMMAND: POST /session/8ec42066c0fe4f9f52703c34817c4c3d/element - {"using":"xpath","value":"//table[contains(@id, \"massStateChangeTable-listUl\")]/tbody/tr[1]/td[11]/div/div/div/div[2]/span"}
RESULT: {"using":"xpath","value":"//table[contains(@id, \"massStateChangeTable-listUl\")]/tbody/tr[1]/td[11]/div/div/div/div[2]/span"}
COMMAND: POST /session/8ec42066c0fe4f9f52703c34817c4c3d/element/f.F4EC64F8967100924ED9DC3CB119C154.d.3C04DD634B8016C3C4CAA61EE5B20130.e.1188/click - {}
RESULT: {}
COMMAND: GET /session/8ec42066c0fe4f9f52703c34817c4c3d/screenshot - {}
RESULT: {}
COMMAND: POST /session/8ec42066c0fe4f9f52703c34817c4c3d/element - {"using":"xpath","value":"//table[contains(@id, \"massStateChangeTable-listUl\")]/tbody/tr[1]/td[11]/div/div/div/div[2]/span"}
RESULT: {"using":"xpath","value":"//table[contains(@id, \"massStateChangeTable-listUl\")]/tbody/tr[1]/td[11]/div/div/div/div[2]/span"}
COMMAND: POST /session/8ec42066c0fe4f9f52703c34817c4c3d/element/f.F4EC64F8967100924ED9DC3CB119C154.d.3C04DD634B8016C3C4CAA61EE5B20130.e.1188/click - {}
RESULT: {}
COMMAND: GET /session/8ec42066c0fe4f9f52703c34817c4c3d/screenshot - {}
RESULT: {}
COMMAND: POST /session/8ec42066c0fe4f9f52703c34817c4c3d/element - {"using":"xpath","value":"//table[contains(@id, \"massStateChangeTable-listUl\")]/tbody/tr[1]/td[11]/div/div/div/div[2]/span"}
RESULT: {"using":"xpath","value":"//table[contains(@id, \"massStateChangeTable-listUl\")]/tbody/tr[1]/td[11]/div/div/div/div[2]/span"}
COMMAND: POST /session/8ec42066c0fe4f9f52703c34817c4c3d/element/f.F4EC64F8967100924ED9DC3CB119C154.d.3C04DD634B8016C3C4CAA61EE5B20130.e.1188/click - {}
RESULT: {}
COMMAND: GET /session/8ec42066c0fe4f9f52703c34817c4c3d/screenshot - {}
RESULT: {}
COMMAND: POST /session/8ec42066c0fe4f9f52703c34817c4c3d/element - {"using":"xpath","value":"//table[contains(@id, \"massStateChangeTable-listUl\")]/tbody/tr[1]/td[11]/div/div/div/div[2]/span"}
RESULT: {"using":"xpath","value":"//table[contains(@id, \"massStateChangeTable-listUl\")]/tbody/tr[1]/td[11]/div/div/div/div[2]/span"}
COMMAND: POST /session/8ec42066c0fe4f9f52703c34817c4c3d/element/f.F4EC64F8967100924ED9DC3CB119C154.d.3C04DD634B8016C3C4CAA61EE5B20130.e.1188/click - {}
RESULT: {}
COMMAND: GET /session/8ec42066c0fe4f9f52703c34817c4c3d/screenshot - {}
RESULT: {}
COMMAND: POST /session/8ec42066c0fe4f9f52703c34817c4c3d/element - {"using":"xpath","value":"//table[contains(@id, \"massStateChangeTable-listUl\")]/tbody/tr[1]/td[11]/div/div/div/div[2]/span"}
RESULT: {"using":"xpath","value":"//table[contains(@id, \"massStateChangeTable-listUl\")]/tbody/tr[1]/td[11]/div/div/div/div[2]/span"}
COMMAND: POST /session/8ec42066c0fe4f9f52703c34817c4c3d/element/f.F4EC64F8967100924ED9DC3CB119C154.d.3C04DD634B8016C3C4CAA61EE5B20130.e.1188/click - {}
RESULT: {}
COMMAND: GET /session/8ec42066c0fe4f9f52703c34817c4c3d/screenshot - {}
RESULT: {}
COMMAND: POST /session/8ec42066c0fe4f9f52703c34817c4c3d/element - {"using":"xpath","value":"//table[contains(@id, \"massStateChangeTable-listUl\")]/tbody/tr[1]/td[11]/div/div/div/div[2]/span"}
RESULT: {"using":"xpath","value":"//table[contains(@id, \"massStateChangeTable-listUl\")]/tbody/tr[1]/td[11]/div/div/div/div[2]/span"}
COMMAND: POST /session/8ec42066c0fe4f9f52703c34817c4c3d/element/f.F4EC64F8967100924ED9DC3CB119C154.d.3C04DD634B8016C3C4CAA61EE5B20130.e.1188/click - {}
RESULT: {}
COMMAND: GET /session/8ec42066c0fe4f9f52703c34817c4c3d/screenshot - {}
RESULT: {}
COMMAND: POST /session/8ec42066c0fe4f9f52703c34817c4c3d/element - {"using":"xpath","value":"//table[contains(@id, \"massStateChangeTable-listUl\")]/tbody/tr[1]/td[11]/div/div/div/div[2]/span"}
RESULT: {"using":"xpath","value":"//table[contains(@id, \"massStateChangeTable-listUl\")]/tbody/tr[1]/td[11]/div/div/div/div[2]/span"}
COMMAND: POST /session/8ec42066c0fe4f9f52703c34817c4c3d/element/f.F4EC64F8967100924ED9DC3CB119C154.d.3C04DD634B8016C3C4CAA61EE5B20130.e.1188/click - {}
RESULT: {}
COMMAND: GET /session/8ec42066c0fe4f9f52703c34817c4c3d/screenshot - {}
RESULT: {}
COMMAND: POST /session/8ec42066c0fe4f9f52703c34817c4c3d/element - {"using":"xpath","value":"//table[contains(@id, \"massStateChangeTable-listUl\")]/tbody/tr[1]/td[11]/div/div/div/div[2]/span"}
RESULT: {"using":"xpath","value":"//table[contains(@id, \"massStateChangeTable-listUl\")]/tbody/tr[1]/td[11]/div/div/div/div[2]/span"}
COMMAND: POST /session/8ec42066c0fe4f9f52703c34817c4c3d/element/f.F4EC64F8967100924ED9DC3CB119C154.d.3C04DD634B8016C3C4CAA61EE5B20130.e.1188/click - {}
RESULT: {}
COMMAND: GET /session/8ec42066c0fe4f9f52703c34817c4c3d/screenshot - {}
RESULT: {}
COMMAND: POST /session/8ec42066c0fe4f9f52703c34817c4c3d/element - {"using":"xpath","value":"//table[contains(@id, \"massStateChangeTable-listUl\")]/tbody/tr[1]/td[11]/div/div/div/div[2]/span"}
RESULT: {"using":"xpath","value":"//table[contains(@id, \"massStateChangeTable-listUl\")]/tbody/tr[1]/td[11]/div/div/div/div[2]/span"}
COMMAND: POST /session/8ec42066c0fe4f9f52703c34817c4c3d/element/f.F4EC64F8967100924ED9DC3CB119C154.d.3C04DD634B8016C3C4CAA61EE5B20130.e.1188/click - {}
RESULT: {}
COMMAND: GET /session/8ec42066c0fe4f9f52703c34817c4c3d/screenshot - {}
RESULT: {}
COMMAND: POST /session/8ec42066c0fe4f9f52703c34817c4c3d/element - {"using":"xpath","value":"//table[contains(@id, \"massStateChangeTable-listUl\")]/tbody/tr[1]/td[11]/div/div/div/div[2]/span"}
RESULT: {"using":"xpath","value":"//table[contains(@id, \"massStateChangeTable-listUl\")]/tbody/tr[1]/td[11]/div/div/div/div[2]/span"}
COMMAND: POST /session/8ec42066c0fe4f9f52703c34817c4c3d/element/f.F4EC64F8967100924ED9DC3CB119C154.d.3C04DD634B8016C3C4CAA61EE5B20130.e.1188/click - {}
RESULT: {}
COMMAND: GET /session/8ec42066c0fe4f9f52703c34817c4c3d/screenshot - {}
RESULT: {}
COMMAND: POST /session/8ec42066c0fe4f9f52703c34817c4c3d/element - {"using":"xpath","value":"//table[contains(@id, \"massStateChangeTable-listUl\")]/tbody/tr[1]/td[11]/div/div/div/div[2]/span"}
RESULT: {"using":"xpath","value":"//table[contains(@id, \"massStateChangeTable-listUl\")]/tbody/tr[1]/td[11]/div/div/div/div[2]/span"}
COMMAND: POST /session/8ec42066c0fe4f9f52703c34817c4c3d/element/f.F4EC64F8967100924ED9DC3CB119C154.d.3C04DD634B8016C3C4CAA61EE5B20130.e.1188/click - {}
RESULT: {}
COMMAND: GET /session/8ec42066c0fe4f9f52703c34817c4c3d/screenshot - {}
RESULT: {}
COMMAND: POST /session/8ec42066c0fe4f9f52703c34817c4c3d/element - {"using":"xpath","value":"//table[contains(@id, \"massStateChangeTable-listUl\")]/tbody/tr[1]/td[11]/div/div/div/div[2]/span"}
RESULT: {"using":"xpath","value":"//table[contains(@id, \"massStateChangeTable-listUl\")]/tbody/tr[1]/td[11]/div/div/div/div[2]/span"}
COMMAND: POST /session/8ec42066c0fe4f9f52703c34817c4c3d/element/f.F4EC64F8967100924ED9DC3CB119C154.d.3C04DD634B8016C3C4CAA61EE5B20130.e.1188/click - {}
RESULT: {}
COMMAND: GET /session/8ec42066c0fe4f9f52703c34817c4c3d/screenshot - {}
RESULT: {}
COMMAND: POST /session/8ec42066c0fe4f9f52703c34817c4c3d/element - {"using":"xpath","value":"//table[contains(@id, \"massStateChangeTable-listUl\")]/tbody/tr[1]/td[11]/div/div/div/div[2]/span"}
RESULT: {"using":"xpath","value":"//table[contains(@id, \"massStateChangeTable-listUl\")]/tbody/tr[1]/td[11]/div/div/div/div[2]/span"}
COMMAND: POST /session/8ec42066c0fe4f9f52703c34817c4c3d/element/f.F4EC64F8967100924ED9DC3CB119C154.d.3C04DD634B8016C3C4CAA61EE5B20130.e.1188/click - {}
RESULT: {}
COMMAND: GET /session/8ec42066c0fe4f9f52703c34817c4c3d/screenshot - {}
RESULT: {}
COMMAND: POST /session/8ec42066c0fe4f9f52703c34817c4c3d/element - {"using":"xpath","value":"//table[contains(@id, \"massStateChangeTable-listUl\")]/tbody/tr[1]/td[11]/div/div/div/div[2]/span"}
RESULT: {"using":"xpath","value":"//table[contains(@id, \"massStateChangeTable-listUl\")]/tbody/tr[1]/td[11]/div/div/div/div[2]/span"}
COMMAND: POST /session/8ec42066c0fe4f9f52703c34817c4c3d/element/f.F4EC64F8967100924ED9DC3CB119C154.d.3C04DD634B8016C3C4CAA61EE5B20130.e.1188/click - {}
RESULT: {}
COMMAND: GET /session/8ec42066c0fe4f9f52703c34817c4c3d/screenshot - {}
RESULT: {}
COMMAND: POST /session/8ec42066c0fe4f9f52703c34817c4c3d/element - {"using":"xpath","value":"//table[contains(@id, \"massStateChangeTable-listUl\")]/tbody/tr[1]/td[11]/div/div/div/div[2]/span"}
RESULT: {"using":"xpath","value":"//table[contains(@id, \"massStateChangeTable-listUl\")]/tbody/tr[1]/td[11]/div/div/div/div[2]/span"}
COMMAND: POST /session/8ec42066c0fe4f9f52703c34817c4c3d/element/f.F4EC64F8967100924ED9DC3CB119C154.d.3C04DD634B8016C3C4CAA61EE5B20130.e.1188/click - {}
RESULT: {}
COMMAND: GET /session/8ec42066c0fe4f9f52703c34817c4c3d/screenshot - {}
RESULT: {}
COMMAND: POST /session/8ec42066c0fe4f9f52703c34817c4c3d/element - {"using":"xpath","value":"//table[contains(@id, \"massStateChangeTable-listUl\")]/tbody/tr[1]/td[11]/div/div/div/div[2]/span"}
RESULT: {"using":"xpath","value":"//table[contains(@id, \"massStateChangeTable-listUl\")]/tbody/tr[1]/td[11]/div/div/div/div[2]/span"}
COMMAND: POST /session/8ec42066c0fe4f9f52703c34817c4c3d/element/f.F4EC64F8967100924ED9DC3CB119C154.d.3C04DD634B8016C3C4CAA61EE5B20130.e.1188/click - {}
RESULT: {}
COMMAND: GET /session/8ec42066c0fe4f9f52703c34817c4c3d/screenshot - {}
RESULT: {}
COMMAND: POST /session/8ec42066c0fe4f9f52703c34817c4c3d/element - {"using":"xpath","value":"//table[contains(@id, \"massStateChangeTable-listUl\")]/tbody/tr[1]/td[11]/div/div/div/div[2]/span"}
RESULT: {"using":"xpath","value":"//table[contains(@id, \"massStateChangeTable-listUl\")]/tbody/tr[1]/td[11]/div/div/div/div[2]/span"}
COMMAND: POST /session/8ec42066c0fe4f9f52703c34817c4c3d/element/f.F4EC64F8967100924ED9DC3CB119C154.d.3C04DD634B8016C3C4CAA61EE5B20130.e.1188/click - {}
RESULT: {}
COMMAND: GET /session/8ec42066c0fe4f9f52703c34817c4c3d/screenshot - {}
RESULT: {}
COMMAND: POST /session/8ec42066c0fe4f9f52703c34817c4c3d/element - {"using":"xpath","value":"//table[contains(@id, \"massStateChangeTable-listUl\")]/tbody/tr[1]/td[11]/div/div/div/div[2]/span"}
RESULT: {"using":"xpath","value":"//table[contains(@id, \"massStateChangeTable-listUl\")]/tbody/tr[1]/td[11]/div/div/div/div[2]/span"}
COMMAND: POST /session/8ec42066c0fe4f9f52703c34817c4c3d/element/f.F4EC64F8967100924ED9DC3CB119C154.d.3C04DD634B8016C3C4CAA61EE5B20130.e.1188/click - {}
RESULT: {}
COMMAND: GET /session/8ec42066c0fe4f9f52703c34817c4c3d/screenshot - {}
RESULT: {}
COMMAND: POST /session/8ec42066c0fe4f9f52703c34817c4c3d/element - {"using":"xpath","value":"//table[contains(@id, \"massStateChangeTable-listUl\")]/tbody/tr[1]/td[11]/div/div/div/div[2]/span"}
RESULT: {"using":"xpath","value":"//table[contains(@id, \"massStateChangeTable-listUl\")]/tbody/tr[1]/td[11]/div/div/div/div[2]/span"}
COMMAND: POST /session/8ec42066c0fe4f9f52703c34817c4c3d/element/f.F4EC64F8967100924ED9DC3CB119C154.d.3C04DD634B8016C3C4CAA61EE5B20130.e.1188/click - {}
RESULT: {}
COMMAND: GET /session/8ec42066c0fe4f9f52703c34817c4c3d/screenshot - {}
RESULT: {}
COMMAND: POST /session/8ec42066c0fe4f9f52703c34817c4c3d/element - {"using":"xpath","value":"//table[contains(@id, \"massStateChangeTable-listUl\")]/tbody/tr[1]/td[11]/div/div/div/div[2]/span"}
RESULT: {"using":"xpath","value":"//table[contains(@id, \"massStateChangeTable-listUl\")]/tbody/tr[1]/td[11]/div/div/div/div[2]/span"}
COMMAND: POST /session/8ec42066c0fe4f9f52703c34817c4c3d/element/f.F4EC64F8967100924ED9DC3CB119C154.d.3C04DD634B8016C3C4CAA61EE5B20130.e.1188/click - {}
RESULT: {}
COMMAND: GET /session/8ec42066c0fe4f9f52703c34817c4c3d/screenshot - {}
RESULT: {}
COMMAND: POST /session/8ec42066c0fe4f9f52703c34817c4c3d/element - {"using":"xpath","value":"//table[contains(@id, \"massStateChangeTable-listUl\")]/tbody/tr[1]/td[11]/div/div/div/div[2]/span"}
RESULT: {"using":"xpath","value":"//table[contains(@id, \"massStateChangeTable-listUl\")]/tbody/tr[1]/td[11]/div/div/div/div[2]/span"}
COMMAND: POST /session/8ec42066c0fe4f9f52703c34817c4c3d/element/f.F4EC64F8967100924ED9DC3CB119C154.d.3C04DD634B8016C3C4CAA61EE5B20130.e.1188/click - {}
RESULT: {}
COMMAND: GET /session/8ec42066c0fe4f9f52703c34817c4c3d/screenshot - {}
RESULT: {}
COMMAND: POST /session/8ec42066c0fe4f9f52703c34817c4c3d/element - {"using":"xpath","value":"//table[contains(@id, \"massStateChangeTable-listUl\")]/tbody/tr[1]/td[11]/div/div/div/div[2]/span"}
RESULT: {"using":"xpath","value":"//table[contains(@id, \"massStateChangeTable-listUl\")]/tbody/tr[1]/td[11]/div/div/div/div[2]/span"}
COMMAND: POST /session/8ec42066c0fe4f9f52703c34817c4c3d/element/f.F4EC64F8967100924ED9DC3CB119C154.d.3C04DD634B8016C3C4CAA61EE5B20130.e.1188/click - {}
RESULT: {}
COMMAND: GET /session/8ec42066c0fe4f9f52703c34817c4c3d/screenshot - {}
RESULT: {}
COMMAND: POST /session/8ec42066c0fe4f9f52703c34817c4c3d/element - {"using":"xpath","value":"//table[contains(@id, \"massStateChangeTable-listUl\")]/tbody/tr[1]/td[11]/div/div/div/div[2]/span"}
RESULT: {"using":"xpath","value":"//table[contains(@id, \"massStateChangeTable-listUl\")]/tbody/tr[1]/td[11]/div/div/div/div[2]/span"}
COMMAND: POST /session/8ec42066c0fe4f9f52703c34817c4c3d/element/f.F4EC64F8967100924ED9DC3CB119C154.d.3C04DD634B8016C3C4CAA61EE5B20130.e.1188/click - {}
RESULT: {}
COMMAND: GET /session/8ec42066c0fe4f9f52703c34817c4c3d/screenshot - {}
RESULT: {}
COMMAND: POST /session/8ec42066c0fe4f9f52703c34817c4c3d/element - {"using":"xpath","value":"//table[contains(@id, \"massStateChangeTable-listUl\")]/tbody/tr[1]/td[11]/div/div/div/div[2]/span"}
RESULT: {"using":"xpath","value":"//table[contains(@id, \"massStateChangeTable-listUl\")]/tbody/tr[1]/td[11]/div/div/div/div[2]/span"}
COMMAND: POST /session/8ec42066c0fe4f9f52703c34817c4c3d/element/f.F4EC64F8967100924ED9DC3CB119C154.d.3C04DD634B8016C3C4CAA61EE5B20130.e.1188/click - {}
RESULT: {}
COMMAND: GET /session/8ec42066c0fe4f9f52703c34817c4c3d/screenshot - {}
RESULT: {}
COMMAND: POST /session/8ec42066c0fe4f9f52703c34817c4c3d/element - {"using":"xpath","value":"//table[contains(@id, \"massStateChangeTable-listUl\")]/tbody/tr[1]/td[11]/div/div/div/div[2]/span"}
RESULT: {"using":"xpath","value":"//table[contains(@id, \"massStateChangeTable-listUl\")]/tbody/tr[1]/td[11]/div/div/div/div[2]/span"}
COMMAND: POST /session/8ec42066c0fe4f9f52703c34817c4c3d/element/f.F4EC64F8967100924ED9DC3CB119C154.d.3C04DD634B8016C3C4CAA61EE5B20130.e.1188/click - {}
RESULT: {}
COMMAND: GET /session/8ec42066c0fe4f9f52703c34817c4c3d/screenshot - {}
RESULT: {}
COMMAND: POST /session/8ec42066c0fe4f9f52703c34817c4c3d/element - {"using":"xpath","value":"//table[contains(@id, \"massStateChangeTable-listUl\")]/tbody/tr[1]/td[11]/div/div/div/div[2]/span"}
RESULT: {"using":"xpath","value":"//table[contains(@id, \"massStateChangeTable-listUl\")]/tbody/tr[1]/td[11]/div/div/div/div[2]/span"}
COMMAND: POST /session/8ec42066c0fe4f9f52703c34817c4c3d/element/f.F4EC64F8967100924ED9DC3CB119C154.d.3C04DD634B8016C3C4CAA61EE5B20130.e.1188/click - {}
RESULT: {}
COMMAND: GET /session/8ec42066c0fe4f9f52703c34817c4c3d/screenshot - {}
RESULT: {}
COMMAND: POST /session/8ec42066c0fe4f9f52703c34817c4c3d/element - {"using":"xpath","value":"//table[contains(@id, \"massStateChangeTable-listUl\")]/tbody/tr[1]/td[11]/div/div/div/div[2]/span"}
RESULT: {"using":"xpath","value":"//table[contains(@id, \"massStateChangeTable-listUl\")]/tbody/tr[1]/td[11]/div/div/div/div[2]/span"}
COMMAND: POST /session/8ec42066c0fe4f9f52703c34817c4c3d/element/f.F4EC64F8967100924ED9DC3CB119C154.d.3C04DD634B8016C3C4CAA61EE5B20130.e.1188/click - {}
RESULT: {}
COMMAND: GET /session/8ec42066c0fe4f9f52703c34817c4c3d/screenshot - {}
RESULT: {}
COMMAND: POST /session/8ec42066c0fe4f9f52703c34817c4c3d/element - {"using":"xpath","value":"//table[contains(@id, \"massStateChangeTable-listUl\")]/tbody/tr[1]/td[11]/div/div/div/div[2]/span"}
RESULT: {"using":"xpath","value":"//table[contains(@id, \"massStateChangeTable-listUl\")]/tbody/tr[1]/td[11]/div/div/div/div[2]/span"}
COMMAND: POST /session/8ec42066c0fe4f9f52703c34817c4c3d/element/f.F4EC64F8967100924ED9DC3CB119C154.d.3C04DD634B8016C3C4CAA61EE5B20130.e.1188/click - {}
RESULT: {}
COMMAND: GET /session/8ec42066c0fe4f9f52703c34817c4c3d/screenshot - {}
RESULT: {}
COMMAND: POST /session/8ec42066c0fe4f9f52703c34817c4c3d/element - {"using":"xpath","value":"//table[contains(@id, \"massStateChangeTable-listUl\")]/tbody/tr[1]/td[11]/div/div/div/div[2]/span"}
RESULT: {"using":"xpath","value":"//table[contains(@id, \"massStateChangeTable-listUl\")]/tbody/tr[1]/td[11]/div/div/div/div[2]/span"}
COMMAND: POST /session/8ec42066c0fe4f9f52703c34817c4c3d/element/f.F4EC64F8967100924ED9DC3CB119C154.d.3C04DD634B8016C3C4CAA61EE5B20130.e.1188/click - {}
RESULT: {}
COMMAND: GET /session/8ec42066c0fe4f9f52703c34817c4c3d/screenshot - {}
RESULT: {}
COMMAND: POST /session/8ec42066c0fe4f9f52703c34817c4c3d/element - {"using":"xpath","value":"//table[contains(@id, \"massStateChangeTable-listUl\")]/tbody/tr[1]/td[11]/div/div/div/div[2]/span"}
RESULT: {"using":"xpath","value":"//table[contains(@id, \"massStateChangeTable-listUl\")]/tbody/tr[1]/td[11]/div/div/div/div[2]/span"}
COMMAND: POST /session/8ec42066c0fe4f9f52703c34817c4c3d/element/f.F4EC64F8967100924ED9DC3CB119C154.d.3C04DD634B8016C3C4CAA61EE5B20130.e.1188/click - {}
RESULT: {}
COMMAND: GET /session/8ec42066c0fe4f9f52703c34817c4c3d/screenshot - {}
RESULT: {}
COMMAND: POST /session/8ec42066c0fe4f9f52703c34817c4c3d/element - {"using":"xpath","value":"//table[contains(@id, \"massStateChangeTable-listUl\")]/tbody/tr[1]/td[11]/div/div/div/div[2]/span"}
RESULT: {"using":"xpath","value":"//table[contains(@id, \"massStateChangeTable-listUl\")]/tbody/tr[1]/td[11]/div/div/div/div[2]/span"}
COMMAND: POST /session/8ec42066c0fe4f9f52703c34817c4c3d/element/f.F4EC64F8967100924ED9DC3CB119C154.d.3C04DD634B8016C3C4CAA61EE5B20130.e.1188/click - {}
RESULT: {}
COMMAND: GET /session/8ec42066c0fe4f9f52703c34817c4c3d/screenshot - {}
RESULT: {}
COMMAND: POST /session/8ec42066c0fe4f9f52703c34817c4c3d/element - {"using":"xpath","value":"//table[contains(@id, \"massStateChangeTable-listUl\")]/tbody/tr[1]/td[11]/div/div/div/div[2]/span"}
RESULT: {"using":"xpath","value":"//table[contains(@id, \"massStateChangeTable-listUl\")]/tbody/tr[1]/td[11]/div/div/div/div[2]/span"}
COMMAND: POST /session/8ec42066c0fe4f9f52703c34817c4c3d/element/f.F4EC64F8967100924ED9DC3CB119C154.d.3C04DD634B8016C3C4CAA61EE5B20130.e.1188/click - {}
RESULT: {}
COMMAND: GET /session/8ec42066c0fe4f9f52703c34817c4c3d/screenshot - {}
RESULT: {}
COMMAND: POST /session/8ec42066c0fe4f9f52703c34817c4c3d/element - {"using":"xpath","value":"//table[contains(@id, \"massStateChangeTable-listUl\")]/tbody/tr[1]/td[11]/div/div/div/div[2]/span"}
RESULT: {"using":"xpath","value":"//table[contains(@id, \"massStateChangeTable-listUl\")]/tbody/tr[1]/td[11]/div/div/div/div[2]/span"}
COMMAND: POST /session/8ec42066c0fe4f9f52703c34817c4c3d/element/f.F4EC64F8967100924ED9DC3CB119C154.d.3C04DD634B8016C3C4CAA61EE5B20130.e.1188/click - {}
RESULT: {}
COMMAND: GET /session/8ec42066c0fe4f9f52703c34817c4c3d/screenshot - {}
RESULT: {}
COMMAND: POST /session/8ec42066c0fe4f9f52703c34817c4c3d/element - {"using":"xpath","value":"//table[contains(@id, \"massStateChangeTable-listUl\")]/tbody/tr[1]/td[11]/div/div/div/div[2]/span"}
RESULT: {"using":"xpath","value":"//table[contains(@id, \"massStateChangeTable-listUl\")]/tbody/tr[1]/td[11]/div/div/div/div[2]/span"}
COMMAND: POST /session/8ec42066c0fe4f9f52703c34817c4c3d/element/f.F4EC64F8967100924ED9DC3CB119C154.d.3C04DD634B8016C3C4CAA61EE5B20130.e.1188/click - {}
RESULT: {}
COMMAND: GET /session/8ec42066c0fe4f9f52703c34817c4c3d/screenshot - {}
RESULT: {}
COMMAND: POST /session/8ec42066c0fe4f9f52703c34817c4c3d/element - {"using":"xpath","value":"//table[contains(@id, \"massStateChangeTable-listUl\")]/tbody/tr[1]/td[11]/div/div/div/div[2]/span"}
RESULT: {"using":"xpath","value":"//table[contains(@id, \"massStateChangeTable-listUl\")]/tbody/tr[1]/td[11]/div/div/div/div[2]/span"}
COMMAND: POST /session/8ec42066c0fe4f9f52703c34817c4c3d/element/f.F4EC64F8967100924ED9DC3CB119C154.d.3C04DD634B8016C3C4CAA61EE5B20130.e.1188/click - {}
RESULT: {}
COMMAND: GET /session/8ec42066c0fe4f9f52703c34817c4c3d/screenshot - {}
RESULT: {}
COMMAND: POST /session/8ec42066c0fe4f9f52703c34817c4c3d/element - {"using":"xpath","value":"//table[contains(@id, \"massStateChangeTable-listUl\")]/tbody/tr[1]/td[11]/div/div/div/div[2]/span"}
RESULT: {"using":"xpath","value":"//table[contains(@id, \"massStateChangeTable-listUl\")]/tbody/tr[1]/td[11]/div/div/div/div[2]/span"}
COMMAND: POST /session/8ec42066c0fe4f9f52703c34817c4c3d/element/f.F4EC64F8967100924ED9DC3CB119C154.d.3C04DD634B8016C3C4CAA61EE5B20130.e.1188/click - {}
RESULT: {}
COMMAND: GET /session/8ec42066c0fe4f9f52703c34817c4c3d/screenshot - {}
RESULT: {}
COMMAND: POST /session/8ec42066c0fe4f9f52703c34817c4c3d/element - {"using":"xpath","value":"//table[contains(@id, \"massStateChangeTable-listUl\")]/tbody/tr[1]/td[11]/div/div/div/div[2]/span"}
RESULT: {"using":"xpath","value":"//table[contains(@id, \"massStateChangeTable-listUl\")]/tbody/tr[1]/td[11]/div/div/div/div[2]/span"}
COMMAND: POST /session/8ec42066c0fe4f9f52703c34817c4c3d/element/f.F4EC64F8967100924ED9DC3CB119C154.d.3C04DD634B8016C3C4CAA61EE5B20130.e.1188/click - {}
RESULT: {}
COMMAND: GET /session/8ec42066c0fe4f9f52703c34817c4c3d/screenshot - {}
RESULT: {}
COMMAND: POST /session/8ec42066c0fe4f9f52703c34817c4c3d/element - {"using":"xpath","value":"//table[contains(@id, \"massStateChangeTable-listUl\")]/tbody/tr[1]/td[11]/div/div/div/div[2]/span"}
RESULT: {"using":"xpath","value":"//table[contains(@id, \"massStateChangeTable-listUl\")]/tbody/tr[1]/td[11]/div/div/div/div[2]/span"}
COMMAND: POST /session/8ec42066c0fe4f9f52703c34817c4c3d/element/f.F4EC64F8967100924ED9DC3CB119C154.d.3C04DD634B8016C3C4CAA61EE5B20130.e.1188/click - {}
RESULT: {}
COMMAND: GET /session/8ec42066c0fe4f9f52703c34817c4c3d/screenshot - {}
RESULT: {}
COMMAND: POST /session/8ec42066c0fe4f9f52703c34817c4c3d/element - {"using":"xpath","value":"//table[contains(@id, \"massStateChangeTable-listUl\")]/tbody/tr[1]/td[11]/div/div/div/div[2]/span"}
RESULT: {"using":"xpath","value":"//table[contains(@id, \"massStateChangeTable-listUl\")]/tbody/tr[1]/td[11]/div/div/div/div[2]/span"}
COMMAND: POST /session/8ec42066c0fe4f9f52703c34817c4c3d/element/f.F4EC64F8967100924ED9DC3CB119C154.d.3C04DD634B8016C3C4CAA61EE5B20130.e.1188/click - {}
RESULT: {}
COMMAND: GET /session/8ec42066c0fe4f9f52703c34817c4c3d/screenshot - {}
RESULT: {}
COMMAND: POST /session/8ec42066c0fe4f9f52703c34817c4c3d/element - {"using":"xpath","value":"//table[contains(@id, \"massStateChangeTable-listUl\")]/tbody/tr[2]/td[11]/div/div/div/div[2]/span"}
RESULT: {"using":"xpath","value":"//table[contains(@id, \"massStateChangeTable-listUl\")]/tbody/tr[2]/td[11]/div/div/div/div[2]/span"}
COMMAND: POST /session/8ec42066c0fe4f9f52703c34817c4c3d/element/f.F4EC64F8967100924ED9DC3CB119C154.d.3C04DD634B8016C3C4CAA61EE5B20130.e.1189/click - {}
RESULT: {}
COMMAND: GET /session/8ec42066c0fe4f9f52703c34817c4c3d/screenshot - {}
RESULT: {}
COMMAND: POST /session/8ec42066c0fe4f9f52703c34817c4c3d/element - {"using":"xpath","value":"//table[contains(@id, \"massStateChangeTable-listUl\")]/tbody/tr[1]/td[11]/div/div/div/input"}
RESULT: {"using":"xpath","value":"//table[contains(@id, \"massStateChangeTable-listUl\")]/tbody/tr[1]/td[11]/div/div/div/input"}
COMMAND: GET /session/8ec42066c0fe4f9f52703c34817c4c3d/element/f.F4EC64F8967100924ED9DC3CB119C154.d.3C04DD634B8016C3C4CAA61EE5B20130.e.1168/property/value - {}
RESULT: {}
COMMAND: POST /session/8ec42066c0fe4f9f52703c34817c4c3d/element - {"using":"xpath","value":"//table[contains(@id, \"massStateChangeTable-listUl\")]/tbody/tr[2]/td[11]/div/div/div/input"}
COMMAND: GET /session/8ec42066c0fe4f9f52703c34817c4c3d/screenshot - {}
RESULT: {"using":"xpath","value":"//table[contains(@id, \"massStateChangeTable-listUl\")]/tbody/tr[2]/td[11]/div/div/div/input"}
COMMAND: GET /session/8ec42066c0fe4f9f52703c34817c4c3d/element/f.F4EC64F8967100924ED9DC3CB119C154.d.3C04DD634B8016C3C4CAA61EE5B20130.e.1172/property/value - {}
RESULT: {}
RESULT: {}
COMMAND: POST /session/8ec42066c0fe4f9f52703c34817c4c3d/element - {"using":"xpath","value":"(//bdi[contains(text(), \"OK\")])[1]"}
COMMAND: GET /session/8ec42066c0fe4f9f52703c34817c4c3d/screenshot - {}
RESULT: {"using":"xpath","value":"(//bdi[contains(text(), \"OK\")])[1]"}
COMMAND: POST /session/8ec42066c0fe4f9f52703c34817c4c3d/element/f.F4EC64F8967100924ED9DC3CB119C154.d.3C04DD634B8016C3C4CAA61EE5B20130.e.1175/click - {}
RESULT: {}
RESULT: {}
COMMAND: GET /session/8ec42066c0fe4f9f52703c34817c4c3d/screenshot - {}
RESULT: {}
COMMAND: POST /session/8ec42066c0fe4f9f52703c34817c4c3d/element - {"using":"xpath","value":"(//bdi[contains(text(), \"OK\")])[2]"}
RESULT: {"using":"xpath","value":"(//bdi[contains(text(), \"OK\")])[2]"}
COMMAND: POST /session/8ec42066c0fe4f9f52703c34817c4c3d/element/f.F4EC64F8967100924ED9DC3CB119C154.d.3C04DD634B8016C3C4CAA61EE5B20130.e.1192/click - {}
RESULT: {}
COMMAND: GET /session/8ec42066c0fe4f9f52703c34817c4c3d/screenshot - {}
RESULT: {}
RESULT: undefined
COMMAND: POST /session/8ec42066c0fe4f9f52703c34817c4c3d/execute/async - {"script":"<script> [776 bytes]","args":[{"enterText":"600002","selector":{"id":"application-ruinventorylist-display-component---Master--smartFilterBar-btnBasicSearch","interaction":{"idSuffix":"I"}},"clearTextFirst":true,"interactionType":"ENTER_TEXT"}]}
RESULT: {"script":"<script> [776 bytes]","args":[{"enterText":"600002","selector":{"id":"application-ruinventorylist-display-component---Master--smartFilterBar-btnBasicSearch","interaction":{"idSuffix":"I"}},"clearTextFirst":true,"interactionType":"ENTER_TEXT"}]}
COMMAND: POST /session/8ec42066c0fe4f9f52703c34817c4c3d/actions - {"actions":[{"id":"action5","type":"key","parameters":{},"actions":[{"type":"keyDown","value":"î€‡"},{"type":"pause","duration":10},{"type":"keyUp","value":"î€‡"}]}]}
RESULT: {"actions":[{"id":"action5","type":"key","parameters":{},"actions":[{"type":"keyDown","value":"î€‡"},{"type":"pause","duration":10},{"type":"keyUp","value":"î€‡"}]}]}
COMMAND: GET /session/8ec42066c0fe4f9f52703c34817c4c3d/screenshot - {}
RESULT: {}
COMMAND: POST /session/8ec42066c0fe4f9f52703c34817c4c3d/element - {"using":"xpath","value":"//span[@id=\"application-ruinventorylist-display-component---Master--smartTableRuInventoryList-header-inner\"]"}
RESULT: {"using":"xpath","value":"//span[@id=\"application-ruinventorylist-display-component---Master--smartTableRuInventoryList-header-inner\"]"}
COMMAND: POST /session/8ec42066c0fe4f9f52703c34817c4c3d/elements - {"using":"xpath","value":"//span[@id=\"application-ruinventorylist-display-component---Master--smartTableRuInventoryList-header-inner\"]"}
RESULT: {"using":"xpath","value":"//span[@id=\"application-ruinventorylist-display-component---Master--smartTableRuInventoryList-header-inner\"]"}
COMMAND: POST /session/8ec42066c0fe4f9f52703c34817c4c3d/execute/sync - {"script":"<script> [56 bytes]","args":[{"element-6066-11e4-a52e-4f735466cecf":"f.F4EC64F8967100924ED9DC3CB119C154.d.3C04DD634B8016C3C4CAA61EE5B20130.e.861","ELEMENT":"f.F4EC64F8967100924ED9DC3CB119C154.d.3C04DD634B8016C3C4CAA61EE5B20130.e.861"}]}
RESULT: {"script":"<script> [56 bytes]","args":[{"element-6066-11e4-a52e-4f735466cecf":"f.F4EC64F8967100924ED9DC3CB119C154.d.3C04DD634B8016C3C4CAA61EE5B20130.e.861","ELEMENT":"f.F4EC64F8967100924ED9DC3CB119C154.d.3C04DD634B8016C3C4CAA61EE5B20130.e.861"}]}
COMMAND: POST /session/8ec42066c0fe4f9f52703c34817c4c3d/element - {"using":"xpath","value":"//table[contains(@id, \"application-ruinventorylist-display-component---Master--tableRuInventoryList-listUl\")]/tbody/tr[1]/td[6]/div/span"}
COMMAND: GET /session/8ec42066c0fe4f9f52703c34817c4c3d/screenshot - {}
RESULT: {"using":"xpath","value":"//table[contains(@id, \"application-ruinventorylist-display-component---Master--tableRuInventoryList-listUl\")]/tbody/tr[1]/td[6]/div/span"}
COMMAND: POST /session/8ec42066c0fe4f9f52703c34817c4c3d/execute/sync - {"script":"<script> [56 bytes]","args":[{"element-6066-11e4-a52e-4f735466cecf":"f.F4EC64F8967100924ED9DC3CB119C154.d.3C04DD634B8016C3C4CAA61EE5B20130.e.1213","ELEMENT":"f.F4EC64F8967100924ED9DC3CB119C154.d.3C04DD634B8016C3C4CAA61EE5B20130.e.1213"}]}
RESULT: {}
RESULT: {"script":"<script> [56 bytes]","args":[{"element-6066-11e4-a52e-4f735466cecf":"f.F4EC64F8967100924ED9DC3CB119C154.d.3C04DD634B8016C3C4CAA61EE5B20130.e.1213","ELEMENT":"f.F4EC64F8967100924ED9DC3CB119C154.d.3C04DD634B8016C3C4CAA61EE5B20130.e.1213"}]}
COMMAND: POST /session/8ec42066c0fe4f9f52703c34817c4c3d/element - {"using":"xpath","value":"//div[contains(@id, \"smartFilterBar-btnBasicSearch-reset\")]"}
COMMAND: GET /session/8ec42066c0fe4f9f52703c34817c4c3d/screenshot - {}
RESULT: {"using":"xpath","value":"//div[contains(@id, \"smartFilterBar-btnBasicSearch-reset\")]"}
COMMAND: POST /session/8ec42066c0fe4f9f52703c34817c4c3d/element/f.F4EC64F8967100924ED9DC3CB119C154.d.3C04DD634B8016C3C4CAA61EE5B20130.e.879/click - {}
RESULT: {}
RESULT: {}
COMMAND: GET /session/8ec42066c0fe4f9f52703c34817c4c3d/screenshot - {}
RESULT: {}
RESULT: undefined
COMMAND: POST /session/8ec42066c0fe4f9f52703c34817c4c3d/execute/async - {"script":"<script> [776 bytes]","args":[{"enterText":"401002","selector":{"id":"application-ruinventorylist-display-component---Master--smartFilterBar-btnBasicSearch","interaction":{"idSuffix":"I"}},"clearTextFirst":true,"interactionType":"ENTER_TEXT"}]}
RESULT: {"script":"<script> [776 bytes]","args":[{"enterText":"401002","selector":{"id":"application-ruinventorylist-display-component---Master--smartFilterBar-btnBasicSearch","interaction":{"idSuffix":"I"}},"clearTextFirst":true,"interactionType":"ENTER_TEXT"}]}
COMMAND: POST /session/8ec42066c0fe4f9f52703c34817c4c3d/actions - {"actions":[{"id":"action6","type":"key","parameters":{},"actions":[{"type":"keyDown","value":"î€‡"},{"type":"pause","duration":10},{"type":"keyUp","value":"î€‡"}]}]}
RESULT: {"actions":[{"id":"action6","type":"key","parameters":{},"actions":[{"type":"keyDown","value":"î€‡"},{"type":"pause","duration":10},{"type":"keyUp","value":"î€‡"}]}]}
COMMAND: GET /session/8ec42066c0fe4f9f52703c34817c4c3d/screenshot - {}
RESULT: {}
COMMAND: POST /session/8ec42066c0fe4f9f52703c34817c4c3d/element - {"using":"xpath","value":"//span[@id=\"application-ruinventorylist-display-component---Master--smartTableRuInventoryList-header-inner\"]"}
RESULT: {"using":"xpath","value":"//span[@id=\"application-ruinventorylist-display-component---Master--smartTableRuInventoryList-header-inner\"]"}
COMMAND: POST /session/8ec42066c0fe4f9f52703c34817c4c3d/elements - {"using":"xpath","value":"//span[@id=\"application-ruinventorylist-display-component---Master--smartTableRuInventoryList-header-inner\"]"}
RESULT: {"using":"xpath","value":"//span[@id=\"application-ruinventorylist-display-component---Master--smartTableRuInventoryList-header-inner\"]"}
COMMAND: POST /session/8ec42066c0fe4f9f52703c34817c4c3d/execute/sync - {"script":"<script> [56 bytes]","args":[{"element-6066-11e4-a52e-4f735466cecf":"f.F4EC64F8967100924ED9DC3CB119C154.d.3C04DD634B8016C3C4CAA61EE5B20130.e.861","ELEMENT":"f.F4EC64F8967100924ED9DC3CB119C154.d.3C04DD634B8016C3C4CAA61EE5B20130.e.861"}]}
RESULT: {"script":"<script> [56 bytes]","args":[{"element-6066-11e4-a52e-4f735466cecf":"f.F4EC64F8967100924ED9DC3CB119C154.d.3C04DD634B8016C3C4CAA61EE5B20130.e.861","ELEMENT":"f.F4EC64F8967100924ED9DC3CB119C154.d.3C04DD634B8016C3C4CAA61EE5B20130.e.861"}]}
COMMAND: POST /session/8ec42066c0fe4f9f52703c34817c4c3d/element - {"using":"xpath","value":"//table[contains(@id, \"application-ruinventorylist-display-component---Master--tableRuInventoryList-listUl\")]/tbody/tr[1]/td[6]/div/span"}
COMMAND: GET /session/8ec42066c0fe4f9f52703c34817c4c3d/screenshot - {}
RESULT: {"using":"xpath","value":"//table[contains(@id, \"application-ruinventorylist-display-component---Master--tableRuInventoryList-listUl\")]/tbody/tr[1]/td[6]/div/span"}
COMMAND: POST /session/8ec42066c0fe4f9f52703c34817c4c3d/execute/sync - {"script":"<script> [56 bytes]","args":[{"element-6066-11e4-a52e-4f735466cecf":"f.F4EC64F8967100924ED9DC3CB119C154.d.3C04DD634B8016C3C4CAA61EE5B20130.e.1297","ELEMENT":"f.F4EC64F8967100924ED9DC3CB119C154.d.3C04DD634B8016C3C4CAA61EE5B20130.e.1297"}]}
RESULT: {}
RESULT: {"script":"<script> [56 bytes]","args":[{"element-6066-11e4-a52e-4f735466cecf":"f.F4EC64F8967100924ED9DC3CB119C154.d.3C04DD634B8016C3C4CAA61EE5B20130.e.1297","ELEMENT":"f.F4EC64F8967100924ED9DC3CB119C154.d.3C04DD634B8016C3C4CAA61EE5B20130.e.1297"}]}
COMMAND: POST /session/8ec42066c0fe4f9f52703c34817c4c3d/element - {"using":"xpath","value":"//div[contains(@id, \"smartFilterBar-btnBasicSearch-reset\")]"}
COMMAND: GET /session/8ec42066c0fe4f9f52703c34817c4c3d/screenshot - {}
RESULT: {"using":"xpath","value":"//div[contains(@id, \"smartFilterBar-btnBasicSearch-reset\")]"}
COMMAND: POST /session/8ec42066c0fe4f9f52703c34817c4c3d/element/f.F4EC64F8967100924ED9DC3CB119C154.d.3C04DD634B8016C3C4CAA61EE5B20130.e.879/click - {}
RESULT: {}
RESULT: {}
COMMAND: GET /session/8ec42066c0fe4f9f52703c34817c4c3d/screenshot - {}
RESULT: {}
COMMAND: POST /session/8ec42066c0fe4f9f52703c34817c4c3d/element/f.F4EC64F8967100924ED9DC3CB119C154.d.3C04DD634B8016C3C4CAA61EE5B20130.e.304/click - {}
RESULT: {}
COMMAND: GET /session/8ec42066c0fe4f9f52703c34817c4c3d/screenshot - {}
RESULT: {}
RESULT: undefined
COMMAND: POST /session/8ec42066c0fe4f9f52703c34817c4c3d/execute/async - {"script":"<script> [776 bytes]","args":[{"enterText":"600002","selector":{"id":"application-ruinventorylist-display-component---Master--smartFilterBar-btnBasicSearch","interaction":{"idSuffix":"I"}},"clearTextFirst":true,"interactionType":"ENTER_TEXT"}]}
RESULT: {"script":"<script> [776 bytes]","args":[{"enterText":"600002","selector":{"id":"application-ruinventorylist-display-component---Master--smartFilterBar-btnBasicSearch","interaction":{"idSuffix":"I"}},"clearTextFirst":true,"interactionType":"ENTER_TEXT"}]}
COMMAND: POST /session/8ec42066c0fe4f9f52703c34817c4c3d/actions - {"actions":[{"id":"action7","type":"key","parameters":{},"actions":[{"type":"keyDown","value":"î€‡"},{"type":"pause","duration":10},{"type":"keyUp","value":"î€‡"}]}]}
RESULT: {"actions":[{"id":"action7","type":"key","parameters":{},"actions":[{"type":"keyDown","value":"î€‡"},{"type":"pause","duration":10},{"type":"keyUp","value":"î€‡"}]}]}
COMMAND: GET /session/8ec42066c0fe4f9f52703c34817c4c3d/screenshot - {}
RESULT: {}
COMMAND: POST /session/8ec42066c0fe4f9f52703c34817c4c3d/element - {"using":"xpath","value":"//span[@id=\"application-ruinventorylist-display-component---Master--smartTableRuInventoryList-header-inner\"]"}
RESULT: {"using":"xpath","value":"//span[@id=\"application-ruinventorylist-display-component---Master--smartTableRuInventoryList-header-inner\"]"}
COMMAND: POST /session/8ec42066c0fe4f9f52703c34817c4c3d/elements - {"using":"xpath","value":"//span[@id=\"application-ruinventorylist-display-component---Master--smartTableRuInventoryList-header-inner\"]"}
RESULT: {"using":"xpath","value":"//span[@id=\"application-ruinventorylist-display-component---Master--smartTableRuInventoryList-header-inner\"]"}
COMMAND: POST /session/8ec42066c0fe4f9f52703c34817c4c3d/execute/sync - {"script":"<script> [56 bytes]","args":[{"element-6066-11e4-a52e-4f735466cecf":"f.F4EC64F8967100924ED9DC3CB119C154.d.3C04DD634B8016C3C4CAA61EE5B20130.e.861","ELEMENT":"f.F4EC64F8967100924ED9DC3CB119C154.d.3C04DD634B8016C3C4CAA61EE5B20130.e.861"}]}
RESULT: {"script":"<script> [56 bytes]","args":[{"element-6066-11e4-a52e-4f735466cecf":"f.F4EC64F8967100924ED9DC3CB119C154.d.3C04DD634B8016C3C4CAA61EE5B20130.e.861","ELEMENT":"f.F4EC64F8967100924ED9DC3CB119C154.d.3C04DD634B8016C3C4CAA61EE5B20130.e.861"}]}
COMMAND: POST /session/8ec42066c0fe4f9f52703c34817c4c3d/element - {"using":"xpath","value":"//table[contains(@id, \"application-ruinventorylist-display-component---Master--tableRuInventoryList-listUl\")]/tbody/tr[1]/td[2]/div/div"}
COMMAND: GET /session/8ec42066c0fe4f9f52703c34817c4c3d/screenshot - {}
RESULT: {"using":"xpath","value":"//table[contains(@id, \"application-ruinventorylist-display-component---Master--tableRuInventoryList-listUl\")]/tbody/tr[1]/td[2]/div/div"}
COMMAND: POST /session/8ec42066c0fe4f9f52703c34817c4c3d/element/f.F4EC64F8967100924ED9DC3CB119C154.d.3C04DD634B8016C3C4CAA61EE5B20130.e.1551/click - {}
RESULT: {}
RESULT: {}
COMMAND: GET /session/8ec42066c0fe4f9f52703c34817c4c3d/screenshot - {}
RESULT: {}
COMMAND: POST /session/8ec42066c0fe4f9f52703c34817c4c3d/element - {"using":"xpath","value":"//div[contains(@id, \"smartFilterBar-btnBasicSearch-reset\")]"}
RESULT: {"using":"xpath","value":"//div[contains(@id, \"smartFilterBar-btnBasicSearch-reset\")]"}
COMMAND: POST /session/8ec42066c0fe4f9f52703c34817c4c3d/element/f.F4EC64F8967100924ED9DC3CB119C154.d.3C04DD634B8016C3C4CAA61EE5B20130.e.879/click - {}
RESULT: {}
COMMAND: GET /session/8ec42066c0fe4f9f52703c34817c4c3d/screenshot - {}
RESULT: {}
RESULT: undefined
COMMAND: POST /session/8ec42066c0fe4f9f52703c34817c4c3d/execute/async - {"script":"<script> [776 bytes]","args":[{"enterText":"401002","selector":{"id":"application-ruinventorylist-display-component---Master--smartFilterBar-btnBasicSearch","interaction":{"idSuffix":"I"}},"clearTextFirst":true,"interactionType":"ENTER_TEXT"}]}
RESULT: {"script":"<script> [776 bytes]","args":[{"enterText":"401002","selector":{"id":"application-ruinventorylist-display-component---Master--smartFilterBar-btnBasicSearch","interaction":{"idSuffix":"I"}},"clearTextFirst":true,"interactionType":"ENTER_TEXT"}]}
COMMAND: POST /session/8ec42066c0fe4f9f52703c34817c4c3d/actions - {"actions":[{"id":"action8","type":"key","parameters":{},"actions":[{"type":"keyDown","value":"î€‡"},{"type":"pause","duration":10},{"type":"keyUp","value":"î€‡"}]}]}
RESULT: {"actions":[{"id":"action8","type":"key","parameters":{},"actions":[{"type":"keyDown","value":"î€‡"},{"type":"pause","duration":10},{"type":"keyUp","value":"î€‡"}]}]}
COMMAND: GET /session/8ec42066c0fe4f9f52703c34817c4c3d/screenshot - {}
RESULT: {}
COMMAND: POST /session/8ec42066c0fe4f9f52703c34817c4c3d/element - {"using":"xpath","value":"//span[@id=\"application-ruinventorylist-display-component---Master--smartTableRuInventoryList-header-inner\"]"}
RESULT: {"using":"xpath","value":"//span[@id=\"application-ruinventorylist-display-component---Master--smartTableRuInventoryList-header-inner\"]"}
COMMAND: POST /session/8ec42066c0fe4f9f52703c34817c4c3d/elements - {"using":"xpath","value":"//span[@id=\"application-ruinventorylist-display-component---Master--smartTableRuInventoryList-header-inner\"]"}
RESULT: {"using":"xpath","value":"//span[@id=\"application-ruinventorylist-display-component---Master--smartTableRuInventoryList-header-inner\"]"}
COMMAND: POST /session/8ec42066c0fe4f9f52703c34817c4c3d/execute/sync - {"script":"<script> [56 bytes]","args":[{"element-6066-11e4-a52e-4f735466cecf":"f.F4EC64F8967100924ED9DC3CB119C154.d.3C04DD634B8016C3C4CAA61EE5B20130.e.861","ELEMENT":"f.F4EC64F8967100924ED9DC3CB119C154.d.3C04DD634B8016C3C4CAA61EE5B20130.e.861"}]}
RESULT: {"script":"<script> [56 bytes]","args":[{"element-6066-11e4-a52e-4f735466cecf":"f.F4EC64F8967100924ED9DC3CB119C154.d.3C04DD634B8016C3C4CAA61EE5B20130.e.861","ELEMENT":"f.F4EC64F8967100924ED9DC3CB119C154.d.3C04DD634B8016C3C4CAA61EE5B20130.e.861"}]}
COMMAND: POST /session/8ec42066c0fe4f9f52703c34817c4c3d/element - {"using":"xpath","value":"//table[contains(@id, \"application-ruinventorylist-display-component---Master--tableRuInventoryList-listUl\")]/tbody/tr[1]/td[2]/div/div"}
COMMAND: GET /session/8ec42066c0fe4f9f52703c34817c4c3d/screenshot - {}
RESULT: {"using":"xpath","value":"//table[contains(@id, \"application-ruinventorylist-display-component---Master--tableRuInventoryList-listUl\")]/tbody/tr[1]/td[2]/div/div"}
COMMAND: POST /session/8ec42066c0fe4f9f52703c34817c4c3d/element/f.F4EC64F8967100924ED9DC3CB119C154.d.3C04DD634B8016C3C4CAA61EE5B20130.e.1700/click - {}
RESULT: {}
RESULT: {}
COMMAND: GET /session/8ec42066c0fe4f9f52703c34817c4c3d/screenshot - {}
RESULT: {}
COMMAND: POST /session/8ec42066c0fe4f9f52703c34817c4c3d/element - {"using":"xpath","value":"//div[contains(@id, \"smartFilterBar-btnBasicSearch-reset\")]"}
RESULT: {"using":"xpath","value":"//div[contains(@id, \"smartFilterBar-btnBasicSearch-reset\")]"}
COMMAND: POST /session/8ec42066c0fe4f9f52703c34817c4c3d/element/f.F4EC64F8967100924ED9DC3CB119C154.d.3C04DD634B8016C3C4CAA61EE5B20130.e.879/click - {}
RESULT: {}
COMMAND: GET /session/8ec42066c0fe4f9f52703c34817c4c3d/screenshot - {}
RESULT: {}
COMMAND: POST /session/8ec42066c0fe4f9f52703c34817c4c3d/element/f.F4EC64F8967100924ED9DC3CB119C154.d.3C04DD634B8016C3C4CAA61EE5B20130.e.304/click - {}
RESULT: {}
COMMAND: GET /session/8ec42066c0fe4f9f52703c34817c4c3d/screenshot - {}
RESULT: {}
RESULT: undefined
COMMAND: POST /session/8ec42066c0fe4f9f52703c34817c4c3d/element - {"using":"xpath","value":"//*[@id=\"application-ruinventorylist-display-component---Master--ruStateTypes-arrow\"]"}
RESULT: {"using":"xpath","value":"//*[@id=\"application-ruinventorylist-display-component---Master--ruStateTypes-arrow\"]"}
COMMAND: POST /session/8ec42066c0fe4f9f52703c34817c4c3d/element/f.F4EC64F8967100924ED9DC3CB119C154.d.3C04DD634B8016C3C4CAA61EE5B20130.e.1860/click - {}
RESULT: {}
COMMAND: GET /session/8ec42066c0fe4f9f52703c34817c4c3d/screenshot - {}
RESULT: {}
COMMAND: POST /session/8ec42066c0fe4f9f52703c34817c4c3d/element - {"using":"xpath","value":"//li[.//span[text()=\"available\"]]"}
RESULT: {"using":"xpath","value":"//li[.//span[text()=\"available\"]]"}
COMMAND: POST /session/8ec42066c0fe4f9f52703c34817c4c3d/element/f.F4EC64F8967100924ED9DC3CB119C154.d.3C04DD634B8016C3C4CAA61EE5B20130.e.1861/click - {}
RESULT: {}
COMMAND: GET /session/8ec42066c0fe4f9f52703c34817c4c3d/screenshot - {}
RESULT: {}
COMMAND: POST /session/8ec42066c0fe4f9f52703c34817c4c3d/element - {"using":"xpath","value":"(//bdi[contains(text(), \"OK\")])[1]"}
RESULT: {"using":"xpath","value":"(//bdi[contains(text(), \"OK\")])[1]"}
COMMAND: POST /session/8ec42066c0fe4f9f52703c34817c4c3d/element/f.F4EC64F8967100924ED9DC3CB119C154.d.3C04DD634B8016C3C4CAA61EE5B20130.e.1862/click - {}
RESULT: {}
COMMAND: GET /session/8ec42066c0fe4f9f52703c34817c4c3d/screenshot - {}
RESULT: {}
COMMAND: POST /session/8ec42066c0fe4f9f52703c34817c4c3d/element - {"using":"xpath","value":"(//bdi[contains(text(), \"OK\")])[2]"}
RESULT: {"using":"xpath","value":"(//bdi[contains(text(), \"OK\")])[2]"}
COMMAND: POST /session/8ec42066c0fe4f9f52703c34817c4c3d/element/f.F4EC64F8967100924ED9DC3CB119C154.d.3C04DD634B8016C3C4CAA61EE5B20130.e.1866/click - {}
RESULT: {}
COMMAND: GET /session/8ec42066c0fe4f9f52703c34817c4c3d/screenshot - {}
RESULT: {}
RESULT: undefined
COMMAND: POST /session/8ec42066c0fe4f9f52703c34817c4c3d/execute/async - {"script":"<script> [776 bytes]","args":[{"enterText":"600002","selector":{"id":"application-ruinventorylist-display-component---Master--smartFilterBar-btnBasicSearch","interaction":{"idSuffix":"I"}},"clearTextFirst":true,"interactionType":"ENTER_TEXT"}]}
RESULT: {"script":"<script> [776 bytes]","args":[{"enterText":"600002","selector":{"id":"application-ruinventorylist-display-component---Master--smartFilterBar-btnBasicSearch","interaction":{"idSuffix":"I"}},"clearTextFirst":true,"interactionType":"ENTER_TEXT"}]}
COMMAND: POST /session/8ec42066c0fe4f9f52703c34817c4c3d/actions - {"actions":[{"id":"action9","type":"key","parameters":{},"actions":[{"type":"keyDown","value":"î€‡"},{"type":"pause","duration":10},{"type":"keyUp","value":"î€‡"}]}]}
RESULT: {"actions":[{"id":"action9","type":"key","parameters":{},"actions":[{"type":"keyDown","value":"î€‡"},{"type":"pause","duration":10},{"type":"keyUp","value":"î€‡"}]}]}
COMMAND: GET /session/8ec42066c0fe4f9f52703c34817c4c3d/screenshot - {}
RESULT: {}
COMMAND: POST /session/8ec42066c0fe4f9f52703c34817c4c3d/element - {"using":"xpath","value":"//span[@id=\"application-ruinventorylist-display-component---Master--smartTableRuInventoryList-header-inner\"]"}
RESULT: {"using":"xpath","value":"//span[@id=\"application-ruinventorylist-display-component---Master--smartTableRuInventoryList-header-inner\"]"}
COMMAND: POST /session/8ec42066c0fe4f9f52703c34817c4c3d/elements - {"using":"xpath","value":"//span[@id=\"application-ruinventorylist-display-component---Master--smartTableRuInventoryList-header-inner\"]"}
RESULT: {"using":"xpath","value":"//span[@id=\"application-ruinventorylist-display-component---Master--smartTableRuInventoryList-header-inner\"]"}
COMMAND: POST /session/8ec42066c0fe4f9f52703c34817c4c3d/execute/sync - {"script":"<script> [56 bytes]","args":[{"element-6066-11e4-a52e-4f735466cecf":"f.F4EC64F8967100924ED9DC3CB119C154.d.3C04DD634B8016C3C4CAA61EE5B20130.e.861","ELEMENT":"f.F4EC64F8967100924ED9DC3CB119C154.d.3C04DD634B8016C3C4CAA61EE5B20130.e.861"}]}
RESULT: {"script":"<script> [56 bytes]","args":[{"element-6066-11e4-a52e-4f735466cecf":"f.F4EC64F8967100924ED9DC3CB119C154.d.3C04DD634B8016C3C4CAA61EE5B20130.e.861","ELEMENT":"f.F4EC64F8967100924ED9DC3CB119C154.d.3C04DD634B8016C3C4CAA61EE5B20130.e.861"}]}
COMMAND: POST /session/8ec42066c0fe4f9f52703c34817c4c3d/element - {"using":"xpath","value":"//table[contains(@id, \"application-ruinventorylist-display-component---Master--tableRuInventoryList-listUl\")]/tbody/tr[1]/td[6]/div/span"}
COMMAND: GET /session/8ec42066c0fe4f9f52703c34817c4c3d/screenshot - {}
RESULT: {"using":"xpath","value":"//table[contains(@id, \"application-ruinventorylist-display-component---Master--tableRuInventoryList-listUl\")]/tbody/tr[1]/td[6]/div/span"}
COMMAND: POST /session/8ec42066c0fe4f9f52703c34817c4c3d/execute/sync - {"script":"<script> [56 bytes]","args":[{"element-6066-11e4-a52e-4f735466cecf":"f.F4EC64F8967100924ED9DC3CB119C154.d.3C04DD634B8016C3C4CAA61EE5B20130.e.1887","ELEMENT":"f.F4EC64F8967100924ED9DC3CB119C154.d.3C04DD634B8016C3C4CAA61EE5B20130.e.1887"}]}
RESULT: {}
RESULT: {"script":"<script> [56 bytes]","args":[{"element-6066-11e4-a52e-4f735466cecf":"f.F4EC64F8967100924ED9DC3CB119C154.d.3C04DD634B8016C3C4CAA61EE5B20130.e.1887","ELEMENT":"f.F4EC64F8967100924ED9DC3CB119C154.d.3C04DD634B8016C3C4CAA61EE5B20130.e.1887"}]}
COMMAND: POST /session/8ec42066c0fe4f9f52703c34817c4c3d/element - {"using":"xpath","value":"//div[contains(@id, \"smartFilterBar-btnBasicSearch-reset\")]"}
COMMAND: GET /session/8ec42066c0fe4f9f52703c34817c4c3d/screenshot - {}
RESULT: {"using":"xpath","value":"//div[contains(@id, \"smartFilterBar-btnBasicSearch-reset\")]"}
COMMAND: POST /session/8ec42066c0fe4f9f52703c34817c4c3d/element/f.F4EC64F8967100924ED9DC3CB119C154.d.3C04DD634B8016C3C4CAA61EE5B20130.e.879/click - {}
RESULT: {}
RESULT: {}
COMMAND: GET /session/8ec42066c0fe4f9f52703c34817c4c3d/screenshot - {}
RESULT: {}
RESULT: undefined
COMMAND: POST /session/8ec42066c0fe4f9f52703c34817c4c3d/execute/async - {"script":"<script> [776 bytes]","args":[{"enterText":"401002","selector":{"id":"application-ruinventorylist-display-component---Master--smartFilterBar-btnBasicSearch","interaction":{"idSuffix":"I"}},"clearTextFirst":true,"interactionType":"ENTER_TEXT"}]}
RESULT: {"script":"<script> [776 bytes]","args":[{"enterText":"401002","selector":{"id":"application-ruinventorylist-display-component---Master--smartFilterBar-btnBasicSearch","interaction":{"idSuffix":"I"}},"clearTextFirst":true,"interactionType":"ENTER_TEXT"}]}
COMMAND: POST /session/8ec42066c0fe4f9f52703c34817c4c3d/actions - {"actions":[{"id":"action10","type":"key","parameters":{},"actions":[{"type":"keyDown","value":"î€‡"},{"type":"pause","duration":10},{"type":"keyUp","value":"î€‡"}]}]}
RESULT: {"actions":[{"id":"action10","type":"key","parameters":{},"actions":[{"type":"keyDown","value":"î€‡"},{"type":"pause","duration":10},{"type":"keyUp","value":"î€‡"}]}]}
COMMAND: GET /session/8ec42066c0fe4f9f52703c34817c4c3d/screenshot - {}
RESULT: {}
COMMAND: POST /session/8ec42066c0fe4f9f52703c34817c4c3d/element - {"using":"xpath","value":"//span[@id=\"application-ruinventorylist-display-component---Master--smartTableRuInventoryList-header-inner\"]"}
RESULT: {"using":"xpath","value":"//span[@id=\"application-ruinventorylist-display-component---Master--smartTableRuInventoryList-header-inner\"]"}
COMMAND: POST /session/8ec42066c0fe4f9f52703c34817c4c3d/elements - {"using":"xpath","value":"//span[@id=\"application-ruinventorylist-display-component---Master--smartTableRuInventoryList-header-inner\"]"}
RESULT: {"using":"xpath","value":"//span[@id=\"application-ruinventorylist-display-component---Master--smartTableRuInventoryList-header-inner\"]"}
COMMAND: POST /session/8ec42066c0fe4f9f52703c34817c4c3d/execute/sync - {"script":"<script> [56 bytes]","args":[{"element-6066-11e4-a52e-4f735466cecf":"f.F4EC64F8967100924ED9DC3CB119C154.d.3C04DD634B8016C3C4CAA61EE5B20130.e.861","ELEMENT":"f.F4EC64F8967100924ED9DC3CB119C154.d.3C04DD634B8016C3C4CAA61EE5B20130.e.861"}]}
RESULT: {"script":"<script> [56 bytes]","args":[{"element-6066-11e4-a52e-4f735466cecf":"f.F4EC64F8967100924ED9DC3CB119C154.d.3C04DD634B8016C3C4CAA61EE5B20130.e.861","ELEMENT":"f.F4EC64F8967100924ED9DC3CB119C154.d.3C04DD634B8016C3C4CAA61EE5B20130.e.861"}]}
COMMAND: POST /session/8ec42066c0fe4f9f52703c34817c4c3d/element - {"using":"xpath","value":"//table[contains(@id, \"application-ruinventorylist-display-component---Master--tableRuInventoryList-listUl\")]/tbody/tr[1]/td[6]/div/span"}
COMMAND: GET /session/8ec42066c0fe4f9f52703c34817c4c3d/screenshot - {}
RESULT: {"using":"xpath","value":"//table[contains(@id, \"application-ruinventorylist-display-component---Master--tableRuInventoryList-listUl\")]/tbody/tr[1]/td[6]/div/span"}
COMMAND: POST /session/8ec42066c0fe4f9f52703c34817c4c3d/execute/sync - {"script":"<script> [56 bytes]","args":[{"element-6066-11e4-a52e-4f735466cecf":"f.F4EC64F8967100924ED9DC3CB119C154.d.3C04DD634B8016C3C4CAA61EE5B20130.e.1971","ELEMENT":"f.F4EC64F8967100924ED9DC3CB119C154.d.3C04DD634B8016C3C4CAA61EE5B20130.e.1971"}]}
RESULT: {}
RESULT: {"script":"<script> [56 bytes]","args":[{"element-6066-11e4-a52e-4f735466cecf":"f.F4EC64F8967100924ED9DC3CB119C154.d.3C04DD634B8016C3C4CAA61EE5B20130.e.1971","ELEMENT":"f.F4EC64F8967100924ED9DC3CB119C154.d.3C04DD634B8016C3C4CAA61EE5B20130.e.1971"}]}
COMMAND: POST /session/8ec42066c0fe4f9f52703c34817c4c3d/element - {"using":"xpath","value":"//div[contains(@id, \"smartFilterBar-btnBasicSearch-reset\")]"}
COMMAND: GET /session/8ec42066c0fe4f9f52703c34817c4c3d/screenshot - {}
RESULT: {"using":"xpath","value":"//div[contains(@id, \"smartFilterBar-btnBasicSearch-reset\")]"}
COMMAND: POST /session/8ec42066c0fe4f9f52703c34817c4c3d/element/f.F4EC64F8967100924ED9DC3CB119C154.d.3C04DD634B8016C3C4CAA61EE5B20130.e.879/click - {}
RESULT: {}
RESULT: {}
COMMAND: GET /session/8ec42066c0fe4f9f52703c34817c4c3d/screenshot - {}
RESULT: {}
COMMAND: POST /session/8ec42066c0fe4f9f52703c34817c4c3d/element - {"using":"css selector","value":"#shell-header-logo"}
RESULT: {"using":"css selector","value":"#shell-header-logo"}
COMMAND: POST /session/8ec42066c0fe4f9f52703c34817c4c3d/element/f.F4EC64F8967100924ED9DC3CB119C154.d.3C04DD634B8016C3C4CAA61EE5B20130.e.273/click - {}
RESULT: {}
COMMAND: GET /session/8ec42066c0fe4f9f52703c34817c4c3d/screenshot - {}
RESULT: {}
]]></system-out>
    </testcase>
    <testcase classname="chrome.136_0_7103_93.windows.RU_Inventory_Mass_State_Change_Multiple_Items_US151066" name="Prerequisite Step 2 Should create a new equipment" time="142.167">
      <system-out><![CDATA[
COMMAND: POST /session/8ec42066c0fe4f9f52703c34817c4c3d/execute/async - {"script":"<script> [1562 bytes]","args":[{"selector":{"controlType":"sap.m.GenericTile","properties":{"header":"Manage Resources"}},"wdio_ui5_key":"sapm.GenericTile{\"header\":\"Manage Resources\"}"}]}
RESULT: {"script":"<script> [1562 bytes]","args":[{"selector":{"controlType":"sap.m.GenericTile","properties":{"header":"Manage Resources"}},"wdio_ui5_key":"sapm.GenericTile{\"header\":\"Manage Resources\"}"}]}
RESULT: undefined
COMMAND: POST /session/8ec42066c0fe4f9f52703c34817c4c3d/element - {"using":"xpath","value":"//*[@id=\"__tile39\"]"}
RESULT: {"using":"xpath","value":"//*[@id=\"__tile39\"]"}
COMMAND: POST /session/8ec42066c0fe4f9f52703c34817c4c3d/element/f.F4EC64F8967100924ED9DC3CB119C154.d.3C04DD634B8016C3C4CAA61EE5B20130.e.143/click - {}
RESULT: {}
COMMAND: GET /session/8ec42066c0fe4f9f52703c34817c4c3d/screenshot - {}
RESULT: {}
COMMAND: POST /session/8ec42066c0fe4f9f52703c34817c4c3d/elements - {"using":"xpath","value":"//span[text()='Error']"}
RESULT: {"using":"xpath","value":"//span[text()='Error']"}
COMMAND: POST /session/8ec42066c0fe4f9f52703c34817c4c3d/element - {"using":"xpath","value":"//button[@data-kt=\"addNewRUOverflowToolbarButton\"]"}
RESULT: {"using":"xpath","value":"//button[@data-kt=\"addNewRUOverflowToolbarButton\"]"}
COMMAND: POST /session/8ec42066c0fe4f9f52703c34817c4c3d/elements - {"using":"xpath","value":"//button[@data-kt=\"addNewRUOverflowToolbarButton\"]"}
RESULT: {"using":"xpath","value":"//button[@data-kt=\"addNewRUOverflowToolbarButton\"]"}
COMMAND: POST /session/8ec42066c0fe4f9f52703c34817c4c3d/elements - {"using":"xpath","value":"//button[@data-kt=\"addNewRUOverflowToolbarButton\"]"}
RESULT: {"using":"xpath","value":"//button[@data-kt=\"addNewRUOverflowToolbarButton\"]"}
COMMAND: POST /session/8ec42066c0fe4f9f52703c34817c4c3d/element - {"using":"xpath","value":"//button[@data-kt=\"addNewRUOverflowToolbarButton\"]"}
RESULT: {"using":"xpath","value":"//button[@data-kt=\"addNewRUOverflowToolbarButton\"]"}
COMMAND: POST /session/8ec42066c0fe4f9f52703c34817c4c3d/execute/sync - {"script":"<script> [8489 bytes]","args":[{"element-6066-11e4-a52e-4f735466cecf":"f.F4EC64F8967100924ED9DC3CB119C154.d.3C04DD634B8016C3C4CAA61EE5B20130.e.2073","ELEMENT":"f.F4EC64F8967100924ED9DC3CB119C154.d.3C04DD634B8016C3C4CAA61EE5B20130.e.2073"}]}
RESULT: {"script":"<script> [8489 bytes]","args":[{"element-6066-11e4-a52e-4f735466cecf":"f.F4EC64F8967100924ED9DC3CB119C154.d.3C04DD634B8016C3C4CAA61EE5B20130.e.2073","ELEMENT":"f.F4EC64F8967100924ED9DC3CB119C154.d.3C04DD634B8016C3C4CAA61EE5B20130.e.2073"}]}
COMMAND: GET /session/8ec42066c0fe4f9f52703c34817c4c3d/element/f.F4EC64F8967100924ED9DC3CB119C154.d.3C04DD634B8016C3C4CAA61EE5B20130.e.2073/enabled - {}
COMMAND: GET /session/8ec42066c0fe4f9f52703c34817c4c3d/screenshot - {}
RESULT: {}
COMMAND: POST /session/8ec42066c0fe4f9f52703c34817c4c3d/execute/sync - {"script":"<script> [8489 bytes]","args":[{"element-6066-11e4-a52e-4f735466cecf":"f.F4EC64F8967100924ED9DC3CB119C154.d.3C04DD634B8016C3C4CAA61EE5B20130.e.2073","ELEMENT":"f.F4EC64F8967100924ED9DC3CB119C154.d.3C04DD634B8016C3C4CAA61EE5B20130.e.2073"}]}
COMMAND: GET /session/8ec42066c0fe4f9f52703c34817c4c3d/screenshot - {}
RESULT: {}
RESULT: {"script":"<script> [8489 bytes]","args":[{"element-6066-11e4-a52e-4f735466cecf":"f.F4EC64F8967100924ED9DC3CB119C154.d.3C04DD634B8016C3C4CAA61EE5B20130.e.2073","ELEMENT":"f.F4EC64F8967100924ED9DC3CB119C154.d.3C04DD634B8016C3C4CAA61EE5B20130.e.2073"}]}
COMMAND: POST /session/8ec42066c0fe4f9f52703c34817c4c3d/execute/sync - {"script":"<script> [5351 bytes]","args":[{"element-6066-11e4-a52e-4f735466cecf":"f.F4EC64F8967100924ED9DC3CB119C154.d.3C04DD634B8016C3C4CAA61EE5B20130.e.2073","ELEMENT":"f.F4EC64F8967100924ED9DC3CB119C154.d.3C04DD634B8016C3C4CAA61EE5B20130.e.2073"}]}
COMMAND: GET /session/8ec42066c0fe4f9f52703c34817c4c3d/screenshot - {}
RESULT: {}
RESULT: {"script":"<script> [5351 bytes]","args":[{"element-6066-11e4-a52e-4f735466cecf":"f.F4EC64F8967100924ED9DC3CB119C154.d.3C04DD634B8016C3C4CAA61EE5B20130.e.2073","ELEMENT":"f.F4EC64F8967100924ED9DC3CB119C154.d.3C04DD634B8016C3C4CAA61EE5B20130.e.2073"}]}
COMMAND: POST /session/8ec42066c0fe4f9f52703c34817c4c3d/element/f.F4EC64F8967100924ED9DC3CB119C154.d.3C04DD634B8016C3C4CAA61EE5B20130.e.2073/click - {}
COMMAND: GET /session/8ec42066c0fe4f9f52703c34817c4c3d/screenshot - {}
RESULT: {}
RESULT: {}
COMMAND: GET /session/8ec42066c0fe4f9f52703c34817c4c3d/screenshot - {}
COMMAND: POST /session/8ec42066c0fe4f9f52703c34817c4c3d/execute/async - {"script":"<script> [1562 bytes]","args":[{"selector":{"id":"application-manageresources-display-component---newResourceUnit--TYPE-arrow"},"wdio_ui5_key":"applicationmanageresources-display-component---newResourceUnit--TYPE-arrow"}]}
RESULT: {}
RESULT: {}
RESULT: {"script":"<script> [1562 bytes]","args":[{"selector":{"id":"application-manageresources-display-component---newResourceUnit--TYPE-arrow"},"wdio_ui5_key":"applicationmanageresources-display-component---newResourceUnit--TYPE-arrow"}]}
RESULT: undefined
COMMAND: POST /session/8ec42066c0fe4f9f52703c34817c4c3d/element - {"using":"xpath","value":"//*[@id=\"application-manageresources-display-component---newResourceUnit--TYPE-arrow\"]"}
RESULT: {"using":"xpath","value":"//*[@id=\"application-manageresources-display-component---newResourceUnit--TYPE-arrow\"]"}
COMMAND: POST /session/8ec42066c0fe4f9f52703c34817c4c3d/element/f.F4EC64F8967100924ED9DC3CB119C154.d.3C04DD634B8016C3C4CAA61EE5B20130.e.2240/click - {}
RESULT: {}
COMMAND: POST /session/8ec42066c0fe4f9f52703c34817c4c3d/element - {"using":"xpath","value":"//input[@id=\"application-manageresources-display-component---newResourceUnit--TYPE-inner\"]"}
COMMAND: GET /session/8ec42066c0fe4f9f52703c34817c4c3d/screenshot - {}
RESULT: {"using":"xpath","value":"//input[@id=\"application-manageresources-display-component---newResourceUnit--TYPE-inner\"]"}
COMMAND: POST /session/8ec42066c0fe4f9f52703c34817c4c3d/element/f.F4EC64F8967100924ED9DC3CB119C154.d.3C04DD634B8016C3C4CAA61EE5B20130.e.2127/clear - {}
RESULT: {}
RESULT: {}
COMMAND: POST /session/8ec42066c0fe4f9f52703c34817c4c3d/element/f.F4EC64F8967100924ED9DC3CB119C154.d.3C04DD634B8016C3C4CAA61EE5B20130.e.2127/value - {"text":"Equipment"}
COMMAND: GET /session/8ec42066c0fe4f9f52703c34817c4c3d/screenshot - {}
RESULT: {"text":"Equipment"}
COMMAND: GET /session/8ec42066c0fe4f9f52703c34817c4c3d/screenshot - {}
RESULT: {}
RESULT: {}
COMMAND: POST /session/8ec42066c0fe4f9f52703c34817c4c3d/actions - {"actions":[{"id":"action11","type":"key","parameters":{},"actions":[{"type":"keyDown","value":"î€‡"},{"type":"pause","duration":10},{"type":"keyUp","value":"î€‡"}]}]}
RESULT: {"actions":[{"id":"action11","type":"key","parameters":{},"actions":[{"type":"keyDown","value":"î€‡"},{"type":"pause","duration":10},{"type":"keyUp","value":"î€‡"}]}]}
COMMAND: POST /session/8ec42066c0fe4f9f52703c34817c4c3d/execute/async - {"script":"<script> [1562 bytes]","args":[{"selector":{"id":"application-manageresources-display-component---newResourceUnit--resourceId","interaction":{"idSuffix":"inner"}},"wdio_ui5_key":"applicationmanageresources-display-component---newResourceUnit--resourceId"}]}
COMMAND: GET /session/8ec42066c0fe4f9f52703c34817c4c3d/screenshot - {}
RESULT: {"script":"<script> [1562 bytes]","args":[{"selector":{"id":"application-manageresources-display-component---newResourceUnit--resourceId","interaction":{"idSuffix":"inner"}},"wdio_ui5_key":"applicationmanageresources-display-component---newResourceUnit--resourceId"}]}
RESULT: undefined
COMMAND: POST /session/8ec42066c0fe4f9f52703c34817c4c3d/execute/async - {"script":"<script> [776 bytes]","args":[{"enterText":"ceXc9iPOt2","selector":{"id":"application-manageresources-display-component---newResourceUnit--resourceId","interaction":{"idSuffix":"inner"}},"clearTextFirst":true,"interactionType":"ENTER_TEXT"}]}
RESULT: {}
RESULT: {"script":"<script> [776 bytes]","args":[{"enterText":"ceXc9iPOt2","selector":{"id":"application-manageresources-display-component---newResourceUnit--resourceId","interaction":{"idSuffix":"inner"}},"clearTextFirst":true,"interactionType":"ENTER_TEXT"}]}
COMMAND: POST /session/8ec42066c0fe4f9f52703c34817c4c3d/execute/async - {"script":"<script> [1562 bytes]","args":[{"selector":{"id":"application-manageresources-display-component---newResourceUnit--SHORT_TEXT","interaction":{"idSuffix":"inner"}},"wdio_ui5_key":"applicationmanageresources-display-component---newResourceUnit--SHORT_TEXT"}]}
RESULT: {"script":"<script> [1562 bytes]","args":[{"selector":{"id":"application-manageresources-display-component---newResourceUnit--SHORT_TEXT","interaction":{"idSuffix":"inner"}},"wdio_ui5_key":"applicationmanageresources-display-component---newResourceUnit--SHORT_TEXT"}]}
RESULT: undefined
COMMAND: POST /session/8ec42066c0fe4f9f52703c34817c4c3d/execute/async - {"script":"<script> [776 bytes]","args":[{"enterText":"Intercompany Equipment WDIO","selector":{"id":"application-manageresources-display-component---newResourceUnit--SHORT_TEXT","interaction":{"idSuffix":"inner"}},"clearTextFirst":true,"interactionType":"ENTER_TEXT"}]}
RESULT: {"script":"<script> [776 bytes]","args":[{"enterText":"Intercompany Equipment WDIO","selector":{"id":"application-manageresources-display-component---newResourceUnit--SHORT_TEXT","interaction":{"idSuffix":"inner"}},"clearTextFirst":true,"interactionType":"ENTER_TEXT"}]}
COMMAND: POST /session/8ec42066c0fe4f9f52703c34817c4c3d/execute/async - {"script":"<script> [1562 bytes]","args":[{"selector":{"id":"application-manageresources-display-component---newResourceUnit--BASE_UNIT_OF_MEASURE","interaction":{"idSuffix":"inner"}},"wdio_ui5_key":"applicationmanageresources-display-component---newResourceUnit--BASE_UNIT_OF_MEASURE"}]}
RESULT: {"script":"<script> [1562 bytes]","args":[{"selector":{"id":"application-manageresources-display-component---newResourceUnit--BASE_UNIT_OF_MEASURE","interaction":{"idSuffix":"inner"}},"wdio_ui5_key":"applicationmanageresources-display-component---newResourceUnit--BASE_UNIT_OF_MEASURE"}]}
RESULT: undefined
COMMAND: POST /session/8ec42066c0fe4f9f52703c34817c4c3d/execute/async - {"script":"<script> [776 bytes]","args":[{"enterText":"Piece","selector":{"id":"application-manageresources-display-component---newResourceUnit--BASE_UNIT_OF_MEASURE","interaction":{"idSuffix":"inner"}},"clearTextFirst":true,"interactionType":"ENTER_TEXT"}]}
RESULT: {"script":"<script> [776 bytes]","args":[{"enterText":"Piece","selector":{"id":"application-manageresources-display-component---newResourceUnit--BASE_UNIT_OF_MEASURE","interaction":{"idSuffix":"inner"}},"clearTextFirst":true,"interactionType":"ENTER_TEXT"}]}
COMMAND: POST /session/8ec42066c0fe4f9f52703c34817c4c3d/execute/async - {"script":"<script> [1562 bytes]","args":[{"selector":{"id":"application-manageresources-display-component---newResourceUnit--WEIGHT_UNIT","interaction":{"idSuffix":"inner"}},"wdio_ui5_key":"applicationmanageresources-display-component---newResourceUnit--WEIGHT_UNIT"}]}
RESULT: {"script":"<script> [1562 bytes]","args":[{"selector":{"id":"application-manageresources-display-component---newResourceUnit--WEIGHT_UNIT","interaction":{"idSuffix":"inner"}},"wdio_ui5_key":"applicationmanageresources-display-component---newResourceUnit--WEIGHT_UNIT"}]}
RESULT: undefined
COMMAND: POST /session/8ec42066c0fe4f9f52703c34817c4c3d/execute/async - {"script":"<script> [776 bytes]","args":[{"enterText":"Gram","selector":{"id":"application-manageresources-display-component---newResourceUnit--WEIGHT_UNIT","interaction":{"idSuffix":"inner"}},"clearTextFirst":true,"interactionType":"ENTER_TEXT"}]}
RESULT: {"script":"<script> [776 bytes]","args":[{"enterText":"Gram","selector":{"id":"application-manageresources-display-component---newResourceUnit--WEIGHT_UNIT","interaction":{"idSuffix":"inner"}},"clearTextFirst":true,"interactionType":"ENTER_TEXT"}]}
COMMAND: POST /session/8ec42066c0fe4f9f52703c34817c4c3d/execute/async - {"script":"<script> [1562 bytes]","args":[{"selector":{"id":"application-manageresources-display-component---newResourceUnit--DIMENSION_UNIT","interaction":{"idSuffix":"inner"}},"wdio_ui5_key":"applicationmanageresources-display-component---newResourceUnit--DIMENSION_UNIT"}]}
RESULT: {"script":"<script> [1562 bytes]","args":[{"selector":{"id":"application-manageresources-display-component---newResourceUnit--DIMENSION_UNIT","interaction":{"idSuffix":"inner"}},"wdio_ui5_key":"applicationmanageresources-display-component---newResourceUnit--DIMENSION_UNIT"}]}
RESULT: undefined
COMMAND: POST /session/8ec42066c0fe4f9f52703c34817c4c3d/execute/async - {"script":"<script> [776 bytes]","args":[{"enterText":"Meter","selector":{"id":"application-manageresources-display-component---newResourceUnit--DIMENSION_UNIT","interaction":{"idSuffix":"inner"}},"clearTextFirst":true,"interactionType":"ENTER_TEXT"}]}
RESULT: {"script":"<script> [776 bytes]","args":[{"enterText":"Meter","selector":{"id":"application-manageresources-display-component---newResourceUnit--DIMENSION_UNIT","interaction":{"idSuffix":"inner"}},"clearTextFirst":true,"interactionType":"ENTER_TEXT"}]}
COMMAND: POST /session/8ec42066c0fe4f9f52703c34817c4c3d/execute/async - {"script":"<script> [1562 bytes]","args":[{"selector":{"id":"application-manageresources-display-component---newResourceUnit--newRRUPage-anchBar-application-manageresources-display-component---newResourceUnit--control-anchor","interaction":{"idSuffix":"BDI-content"}},"wdio_ui5_key":"applicationmanageresources-display-component---newResourceUnit--newRRUPage-anchBar-application-manageresources-display-component---newResourceUnit--control-anchor"}]}
RESULT: {"script":"<script> [1562 bytes]","args":[{"selector":{"id":"application-manageresources-display-component---newResourceUnit--newRRUPage-anchBar-application-manageresources-display-component---newResourceUnit--control-anchor","interaction":{"idSuffix":"BDI-content"}},"wdio_ui5_key":"applicationmanageresources-display-component---newResourceUnit--newRRUPage-anchBar-application-manageresources-display-component---newResourceUnit--control-anchor"}]}
RESULT: undefined
COMMAND: POST /session/8ec42066c0fe4f9f52703c34817c4c3d/element - {"using":"xpath","value":"//*[@id=\"application-manageresources-display-component---newResourceUnit--newRRUPage-anchBar-application-manageresources-display-component---newResourceUnit--control-anchor\"]"}
RESULT: {"using":"xpath","value":"//*[@id=\"application-manageresources-display-component---newResourceUnit--newRRUPage-anchBar-application-manageresources-display-component---newResourceUnit--control-anchor\"]"}
COMMAND: POST /session/8ec42066c0fe4f9f52703c34817c4c3d/element/f.F4EC64F8967100924ED9DC3CB119C154.d.3C04DD634B8016C3C4CAA61EE5B20130.e.2372/click - {}
RESULT: {}
COMMAND: POST /session/8ec42066c0fe4f9f52703c34817c4c3d/execute/async - {"script":"<script> [1562 bytes]","args":[{"selector":{"id":"application-manageresources-display-component---newResourceUnit--PLANNING_GROUP","interaction":{"idSuffix":"inner"}},"wdio_ui5_key":"applicationmanageresources-display-component---newResourceUnit--PLANNING_GROUP"}]}
COMMAND: GET /session/8ec42066c0fe4f9f52703c34817c4c3d/screenshot - {}
RESULT: {"script":"<script> [1562 bytes]","args":[{"selector":{"id":"application-manageresources-display-component---newResourceUnit--PLANNING_GROUP","interaction":{"idSuffix":"inner"}},"wdio_ui5_key":"applicationmanageresources-display-component---newResourceUnit--PLANNING_GROUP"}]}
RESULT: undefined
COMMAND: POST /session/8ec42066c0fe4f9f52703c34817c4c3d/execute/async - {"script":"<script> [776 bytes]","args":[{"enterText":"Heavy Equi","selector":{"id":"application-manageresources-display-component---newResourceUnit--PLANNING_GROUP","interaction":{"idSuffix":"inner"}},"clearTextFirst":true,"interactionType":"ENTER_TEXT"}]}
RESULT: {}
RESULT: {"script":"<script> [776 bytes]","args":[{"enterText":"Heavy Equi","selector":{"id":"application-manageresources-display-component---newResourceUnit--PLANNING_GROUP","interaction":{"idSuffix":"inner"}},"clearTextFirst":true,"interactionType":"ENTER_TEXT"}]}
COMMAND: POST /session/8ec42066c0fe4f9f52703c34817c4c3d/execute/async - {"script":"<script> [1562 bytes]","args":[{"selector":{"id":"application-manageresources-display-component---newResourceUnit--ITEM_TYPE-arrow"},"wdio_ui5_key":"applicationmanageresources-display-component---newResourceUnit--ITEM_TYPE-arrow"}]}
RESULT: {"script":"<script> [1562 bytes]","args":[{"selector":{"id":"application-manageresources-display-component---newResourceUnit--ITEM_TYPE-arrow"},"wdio_ui5_key":"applicationmanageresources-display-component---newResourceUnit--ITEM_TYPE-arrow"}]}
RESULT: undefined
COMMAND: POST /session/8ec42066c0fe4f9f52703c34817c4c3d/element - {"using":"xpath","value":"//*[@id=\"application-manageresources-display-component---newResourceUnit--ITEM_TYPE-arrow\"]"}
RESULT: {"using":"xpath","value":"//*[@id=\"application-manageresources-display-component---newResourceUnit--ITEM_TYPE-arrow\"]"}
COMMAND: POST /session/8ec42066c0fe4f9f52703c34817c4c3d/element/f.F4EC64F8967100924ED9DC3CB119C154.d.3C04DD634B8016C3C4CAA61EE5B20130.e.2381/click - {}
RESULT: {}
COMMAND: POST /session/8ec42066c0fe4f9f52703c34817c4c3d/element - {"using":"xpath","value":"(//span[contains(text(), \"Resource Unit\")])[2]"}
COMMAND: GET /session/8ec42066c0fe4f9f52703c34817c4c3d/screenshot - {}
RESULT: {"using":"xpath","value":"(//span[contains(text(), \"Resource Unit\")])[2]"}
COMMAND: POST /session/8ec42066c0fe4f9f52703c34817c4c3d/element/f.F4EC64F8967100924ED9DC3CB119C154.d.3C04DD634B8016C3C4CAA61EE5B20130.e.2382/click - {}
RESULT: {}
RESULT: {}
COMMAND: GET /session/8ec42066c0fe4f9f52703c34817c4c3d/screenshot - {}
RESULT: {}
COMMAND: POST /session/8ec42066c0fe4f9f52703c34817c4c3d/element - {"using":"css selector","value":"#application-manageresources-display-component---newResourceUnit--btnAddTimeSegment"}
RESULT: {"using":"css selector","value":"#application-manageresources-display-component---newResourceUnit--btnAddTimeSegment"}
COMMAND: GET /session/8ec42066c0fe4f9f52703c34817c4c3d/element/f.F4EC64F8967100924ED9DC3CB119C154.d.3C04DD634B8016C3C4CAA61EE5B20130.e.2383/rect - {}
RESULT: {}
COMMAND: GET /session/8ec42066c0fe4f9f52703c34817c4c3d/window/rect - {}
RESULT: {}
COMMAND: POST /session/8ec42066c0fe4f9f52703c34817c4c3d/execute/sync - {"script":"<script> [92 bytes]","args":[]}
RESULT: {"script":"<script> [92 bytes]","args":[]}
COMMAND: POST /session/8ec42066c0fe4f9f52703c34817c4c3d/actions - {"actions":[{"id":"action12","type":"wheel","parameters":{},"actions":[{"type":"scroll","x":-1888,"y":-32,"deltaX":0,"deltaY":0,"duration":0,"origin":{"element-6066-11e4-a52e-4f735466cecf":"f.F4EC64F8967100924ED9DC3CB119C154.d.3C04DD634B8016C3C4CAA61EE5B20130.e.2383"}}]}]}
COMMAND: GET /session/8ec42066c0fe4f9f52703c34817c4c3d/screenshot - {}
RESULT: {}
COMMAND: POST /session/8ec42066c0fe4f9f52703c34817c4c3d/execute/sync - {"script":"<script> [79 bytes]","args":[{"element-6066-11e4-a52e-4f735466cecf":"f.F4EC64F8967100924ED9DC3CB119C154.d.3C04DD634B8016C3C4CAA61EE5B20130.e.2383","ELEMENT":"f.F4EC64F8967100924ED9DC3CB119C154.d.3C04DD634B8016C3C4CAA61EE5B20130.e.2383"},{"block":"start","inline":"nearest"}]}
RESULT: {"script":"<script> [79 bytes]","args":[{"element-6066-11e4-a52e-4f735466cecf":"f.F4EC64F8967100924ED9DC3CB119C154.d.3C04DD634B8016C3C4CAA61EE5B20130.e.2383","ELEMENT":"f.F4EC64F8967100924ED9DC3CB119C154.d.3C04DD634B8016C3C4CAA61EE5B20130.e.2383"},{"block":"start","inline":"nearest"}]}
COMMAND: POST /session/8ec42066c0fe4f9f52703c34817c4c3d/execute/async - {"script":"<script> [1562 bytes]","args":[{"selector":{"id":"application-manageresources-display-component---newResourceUnit--btnAddTimeSegment","interaction":{"idSuffix":"inner"}},"wdio_ui5_key":"applicationmanageresources-display-component---newResourceUnit--btnAddTimeSegment"}]}
COMMAND: GET /session/8ec42066c0fe4f9f52703c34817c4c3d/screenshot - {}
RESULT: {"script":"<script> [1562 bytes]","args":[{"selector":{"id":"application-manageresources-display-component---newResourceUnit--btnAddTimeSegment","interaction":{"idSuffix":"inner"}},"wdio_ui5_key":"applicationmanageresources-display-component---newResourceUnit--btnAddTimeSegment"}]}
RESULT: undefined
COMMAND: POST /session/8ec42066c0fe4f9f52703c34817c4c3d/element - {"using":"xpath","value":"//*[@id=\"application-manageresources-display-component---newResourceUnit--btnAddTimeSegment\"]"}
RESULT: {}
RESULT: {"using":"xpath","value":"//*[@id=\"application-manageresources-display-component---newResourceUnit--btnAddTimeSegment\"]"}
COMMAND: POST /session/8ec42066c0fe4f9f52703c34817c4c3d/element/f.F4EC64F8967100924ED9DC3CB119C154.d.3C04DD634B8016C3C4CAA61EE5B20130.e.2383/click - {}
RESULT: {}
COMMAND: GET /session/8ec42066c0fe4f9f52703c34817c4c3d/screenshot - {}
RESULT: {}
COMMAND: POST /session/8ec42066c0fe4f9f52703c34817c4c3d/element - {"using":"xpath","value":"//input[@id=\"application-manageresources-display-component---newResourceUnit--idRuTSAdmin-application-manageresources-display-component---newResourceUnit--RUTimeSegment-0-inner\"]"}
RESULT: {"using":"xpath","value":"//input[@id=\"application-manageresources-display-component---newResourceUnit--idRuTSAdmin-application-manageresources-display-component---newResourceUnit--RUTimeSegment-0-inner\"]"}
COMMAND: POST /session/8ec42066c0fe4f9f52703c34817c4c3d/element/f.F4EC64F8967100924ED9DC3CB119C154.d.3C04DD634B8016C3C4CAA61EE5B20130.e.2389/clear - {}
RESULT: {}
COMMAND: POST /session/8ec42066c0fe4f9f52703c34817c4c3d/element/f.F4EC64F8967100924ED9DC3CB119C154.d.3C04DD634B8016C3C4CAA61EE5B20130.e.2389/value - {"text":"109"}
COMMAND: GET /session/8ec42066c0fe4f9f52703c34817c4c3d/screenshot - {}
RESULT: {"text":"109"}
COMMAND: GET /session/8ec42066c0fe4f9f52703c34817c4c3d/screenshot - {}
RESULT: {}
RESULT: {}
COMMAND: POST /session/8ec42066c0fe4f9f52703c34817c4c3d/element - {"using":"xpath","value":"//li[.//span[text()='109']]"}
RESULT: {"using":"xpath","value":"//li[.//span[text()='109']]"}
COMMAND: POST /session/8ec42066c0fe4f9f52703c34817c4c3d/element/f.F4EC64F8967100924ED9DC3CB119C154.d.3C04DD634B8016C3C4CAA61EE5B20130.e.2401/click - {}
RESULT: {}
COMMAND: GET /session/8ec42066c0fe4f9f52703c34817c4c3d/screenshot - {}
RESULT: {}
COMMAND: POST /session/8ec42066c0fe4f9f52703c34817c4c3d/element - {"using":"xpath","value":"(//span[contains(@id, \"-application-manageresources-display-component---newResourceUnit--RUTimeSegment-0-arrow\")])[6]"}
RESULT: {"using":"xpath","value":"(//span[contains(@id, \"-application-manageresources-display-component---newResourceUnit--RUTimeSegment-0-arrow\")])[6]"}
COMMAND: POST /session/8ec42066c0fe4f9f52703c34817c4c3d/element/f.F4EC64F8967100924ED9DC3CB119C154.d.3C04DD634B8016C3C4CAA61EE5B20130.e.2402/click - {}
RESULT: {}
COMMAND: GET /session/8ec42066c0fe4f9f52703c34817c4c3d/screenshot - {}
RESULT: {}
COMMAND: POST /session/8ec42066c0fe4f9f52703c34817c4c3d/element - {"using":"xpath","value":"//span[contains(text(), \"PM Order\")]"}
RESULT: {"using":"xpath","value":"//span[contains(text(), \"PM Order\")]"}
COMMAND: POST /session/8ec42066c0fe4f9f52703c34817c4c3d/element/f.F4EC64F8967100924ED9DC3CB119C154.d.3C04DD634B8016C3C4CAA61EE5B20130.e.2405/click - {}
RESULT: {}
COMMAND: GET /session/8ec42066c0fe4f9f52703c34817c4c3d/screenshot - {}
RESULT: {}
COMMAND: POST /session/8ec42066c0fe4f9f52703c34817c4c3d/element - {"using":"xpath","value":"(//span[contains(@id ,\"manageresources-display-component---newResourceUnit--RUTimeSegment-0-vhi\")])[1]"}
RESULT: {"using":"xpath","value":"(//span[contains(@id ,\"manageresources-display-component---newResourceUnit--RUTimeSegment-0-vhi\")])[1]"}
COMMAND: GET /session/8ec42066c0fe4f9f52703c34817c4c3d/element/f.F4EC64F8967100924ED9DC3CB119C154.d.3C04DD634B8016C3C4CAA61EE5B20130.e.2409/rect - {}
RESULT: {}
COMMAND: GET /session/8ec42066c0fe4f9f52703c34817c4c3d/window/rect - {}
RESULT: {}
COMMAND: POST /session/8ec42066c0fe4f9f52703c34817c4c3d/execute/sync - {"script":"<script> [92 bytes]","args":[]}
RESULT: {"script":"<script> [92 bytes]","args":[]}
COMMAND: POST /session/8ec42066c0fe4f9f52703c34817c4c3d/actions - {"actions":[{"id":"action13","type":"wheel","parameters":{},"actions":[{"type":"scroll","x":-869,"y":-24,"deltaX":0,"deltaY":0,"duration":0,"origin":{"element-6066-11e4-a52e-4f735466cecf":"f.F4EC64F8967100924ED9DC3CB119C154.d.3C04DD634B8016C3C4CAA61EE5B20130.e.2409"}}]}]}
COMMAND: GET /session/8ec42066c0fe4f9f52703c34817c4c3d/screenshot - {}
RESULT: {"actions":[{"id":"action13","type":"wheel","parameters":{},"actions":[{"type":"scroll","x":-869,"y":-24,"deltaX":0,"deltaY":0,"duration":0,"origin":{"element-6066-11e4-a52e-4f735466cecf":"f.F4EC64F8967100924ED9DC3CB119C154.d.3C04DD634B8016C3C4CAA61EE5B20130.e.2409"}}]}]}
COMMAND: DELETE /session/8ec42066c0fe4f9f52703c34817c4c3d/actions - {}
COMMAND: GET /session/8ec42066c0fe4f9f52703c34817c4c3d/screenshot - {}
RESULT: {}
RESULT: {}
COMMAND: GET /session/8ec42066c0fe4f9f52703c34817c4c3d/screenshot - {}
RESULT: {}
RESULT: {}
COMMAND: POST /session/8ec42066c0fe4f9f52703c34817c4c3d/element/f.F4EC64F8967100924ED9DC3CB119C154.d.3C04DD634B8016C3C4CAA61EE5B20130.e.2409/click - {}
RESULT: {}
COMMAND: GET /session/8ec42066c0fe4f9f52703c34817c4c3d/screenshot - {}
RESULT: {}
COMMAND: POST /session/8ec42066c0fe4f9f52703c34817c4c3d/execute/async - {"script":"<script> [1562 bytes]","args":[{"selector":{"controlType":"sap.m.SearchField","properties":{"placeholder":"Search"},"searchOpenDialogs":true,"interaction":{"idSuffix":"I"}},"wdio_ui5_key":"sapm.SearchField{\"placeholder\":\"Search\"}"}]}
RESULT: {"script":"<script> [1562 bytes]","args":[{"selector":{"controlType":"sap.m.SearchField","properties":{"placeholder":"Search"},"searchOpenDialogs":true,"interaction":{"idSuffix":"I"}},"wdio_ui5_key":"sapm.SearchField{\"placeholder\":\"Search\"}"}]}
RESULT: undefined
COMMAND: POST /session/8ec42066c0fe4f9f52703c34817c4c3d/execute/async - {"script":"<script> [776 bytes]","args":[{"enterText":"4000360","selector":{"controlType":"sap.m.SearchField","properties":{"placeholder":"Search"},"searchOpenDialogs":true,"interaction":{"idSuffix":"I"}},"clearTextFirst":true,"interactionType":"ENTER_TEXT"}]}
RESULT: {"script":"<script> [776 bytes]","args":[{"enterText":"4000360","selector":{"controlType":"sap.m.SearchField","properties":{"placeholder":"Search"},"searchOpenDialogs":true,"interaction":{"idSuffix":"I"}},"clearTextFirst":true,"interactionType":"ENTER_TEXT"}]}
COMMAND: POST /session/8ec42066c0fe4f9f52703c34817c4c3d/actions - {"actions":[{"id":"action14","type":"key","parameters":{},"actions":[{"type":"keyDown","value":"î€‡"},{"type":"pause","duration":10},{"type":"keyUp","value":"î€‡"}]}]}
RESULT: {"actions":[{"id":"action14","type":"key","parameters":{},"actions":[{"type":"keyDown","value":"î€‡"},{"type":"pause","duration":10},{"type":"keyUp","value":"î€‡"}]}]}
COMMAND: GET /session/8ec42066c0fe4f9f52703c34817c4c3d/screenshot - {}
RESULT: {}
COMMAND: POST /session/8ec42066c0fe4f9f52703c34817c4c3d/element - {"using":"xpath","value":"//td/div/span[contains(text(), \"BGL Vehicles\")]"}
RESULT: {"using":"xpath","value":"//td/div/span[contains(text(), \"BGL Vehicles\")]"}
COMMAND: POST /session/8ec42066c0fe4f9f52703c34817c4c3d/element/f.F4EC64F8967100924ED9DC3CB119C154.d.3C04DD634B8016C3C4CAA61EE5B20130.e.2430/click - {}
RESULT: {}
COMMAND: GET /session/8ec42066c0fe4f9f52703c34817c4c3d/screenshot - {}
RESULT: {}
COMMAND: POST /session/8ec42066c0fe4f9f52703c34817c4c3d/element - {"using":"xpath","value":"//bdi[contains(text(), \"OK\")]"}
RESULT: {"using":"xpath","value":"//bdi[contains(text(), \"OK\")]"}
COMMAND: POST /session/8ec42066c0fe4f9f52703c34817c4c3d/element/f.F4EC64F8967100924ED9DC3CB119C154.d.3C04DD634B8016C3C4CAA61EE5B20130.e.2431/click - {}
RESULT: {}
COMMAND: GET /session/8ec42066c0fe4f9f52703c34817c4c3d/screenshot - {}
RESULT: {}
COMMAND: POST /session/8ec42066c0fe4f9f52703c34817c4c3d/execute/async - {"script":"<script> [1562 bytes]","args":[{"selector":{"id":"application-manageresources-display-component---newResourceUnit--newRRUPage-anchBar-application-manageresources-display-component---newResourceUnit--resource-anchor","interaction":{"idSuffix":"BDI-content"}},"wdio_ui5_key":"applicationmanageresources-display-component---newResourceUnit--newRRUPage-anchBar-application-manageresources-display-component---newResourceUnit--resource-anchor"}]}
RESULT: {"script":"<script> [1562 bytes]","args":[{"selector":{"id":"application-manageresources-display-component---newResourceUnit--newRRUPage-anchBar-application-manageresources-display-component---newResourceUnit--resource-anchor","interaction":{"idSuffix":"BDI-content"}},"wdio_ui5_key":"applicationmanageresources-display-component---newResourceUnit--newRRUPage-anchBar-application-manageresources-display-component---newResourceUnit--resource-anchor"}]}
RESULT: undefined
COMMAND: POST /session/8ec42066c0fe4f9f52703c34817c4c3d/element - {"using":"xpath","value":"//*[@id=\"application-manageresources-display-component---newResourceUnit--newRRUPage-anchBar-application-manageresources-display-component---newResourceUnit--resource-anchor\"]"}
RESULT: {"using":"xpath","value":"//*[@id=\"application-manageresources-display-component---newResourceUnit--newRRUPage-anchBar-application-manageresources-display-component---newResourceUnit--resource-anchor\"]"}
COMMAND: POST /session/8ec42066c0fe4f9f52703c34817c4c3d/element/f.F4EC64F8967100924ED9DC3CB119C154.d.3C04DD634B8016C3C4CAA61EE5B20130.e.2435/click - {}
RESULT: {}
COMMAND: POST /session/8ec42066c0fe4f9f52703c34817c4c3d/execute/async - {"script":"<script> [1562 bytes]","args":[{"selector":{"id":"application-manageresources-display-component---newResourceUnit--PLANNED_DELIVERY_DATE","interaction":{"idSuffix":"inner"}},"wdio_ui5_key":"applicationmanageresources-display-component---newResourceUnit--PLANNED_DELIVERY_DATE"}]}
COMMAND: GET /session/8ec42066c0fe4f9f52703c34817c4c3d/screenshot - {}
RESULT: {"script":"<script> [1562 bytes]","args":[{"selector":{"id":"application-manageresources-display-component---newResourceUnit--PLANNED_DELIVERY_DATE","interaction":{"idSuffix":"inner"}},"wdio_ui5_key":"applicationmanageresources-display-component---newResourceUnit--PLANNED_DELIVERY_DATE"}]}
RESULT: undefined
COMMAND: POST /session/8ec42066c0fe4f9f52703c34817c4c3d/execute/async - {"script":"<script> [6424 bytes]","args":[{"element-6066-11e4-a52e-4f735466cecf":"f.F4EC64F8967100924ED9DC3CB119C154.d.3C04DD634B8016C3C4CAA61EE5B20130.e.2296"},"setValue",["5/17/25"]]}
RESULT: {}
RESULT: {"script":"<script> [6424 bytes]","args":[{"element-6066-11e4-a52e-4f735466cecf":"f.F4EC64F8967100924ED9DC3CB119C154.d.3C04DD634B8016C3C4CAA61EE5B20130.e.2296"},"setValue",["5/17/25"]]}
COMMAND: POST /session/8ec42066c0fe4f9f52703c34817c4c3d/element - {"using":"xpath","value":"//label[contains(@class, 'sapMLabelRequired') and .//bdi[contains(text(), 'Planned Retirement')]]"}
RESULT: {"using":"xpath","value":"//label[contains(@class, 'sapMLabelRequired') and .//bdi[contains(text(), 'Planned Retirement')]]"}
COMMAND: POST /session/8ec42066c0fe4f9f52703c34817c4c3d/elements - {"using":"xpath","value":"//label[contains(@class, 'sapMLabelRequired') and .//bdi[contains(text(), 'Planned Retirement')]]"}
RESULT: {"using":"xpath","value":"//label[contains(@class, 'sapMLabelRequired') and .//bdi[contains(text(), 'Planned Retirement')]]"}
COMMAND: POST /session/8ec42066c0fe4f9f52703c34817c4c3d/element - {"using":"xpath","value":"//button[@data-kt=\"resourceUnitSaveButton\"]"}
RESULT: {"using":"xpath","value":"//button[@data-kt=\"resourceUnitSaveButton\"]"}
COMMAND: POST /session/8ec42066c0fe4f9f52703c34817c4c3d/element/f.F4EC64F8967100924ED9DC3CB119C154.d.3C04DD634B8016C3C4CAA61EE5B20130.e.2257/click - {}
RESULT: {}
COMMAND: GET /session/8ec42066c0fe4f9f52703c34817c4c3d/screenshot - {}
RESULT: {}
COMMAND: POST /session/8ec42066c0fe4f9f52703c34817c4c3d/element - {"using":"xpath","value":"//bdi[contains(text(), \"Close\")]"}
RESULT: {"using":"xpath","value":"//bdi[contains(text(), \"Close\")]"}
COMMAND: POST /session/8ec42066c0fe4f9f52703c34817c4c3d/element/f.F4EC64F8967100924ED9DC3CB119C154.d.3C04DD634B8016C3C4CAA61EE5B20130.e.2445/click - {}
RESULT: {}
COMMAND: GET /session/8ec42066c0fe4f9f52703c34817c4c3d/screenshot - {}
RESULT: {}
COMMAND: POST /session/8ec42066c0fe4f9f52703c34817c4c3d/element - {"using":"xpath","value":"(//button[contains(@id ,\"actionsToolbar-overflowButton\")])[1]"}
RESULT: {"using":"xpath","value":"(//button[contains(@id ,\"actionsToolbar-overflowButton\")])[1]"}
COMMAND: POST /session/8ec42066c0fe4f9f52703c34817c4c3d/element/f.F4EC64F8967100924ED9DC3CB119C154.d.3C04DD634B8016C3C4CAA61EE5B20130.e.2500/click - {}
RESULT: {}
COMMAND: GET /session/8ec42066c0fe4f9f52703c34817c4c3d/screenshot - {}
RESULT: {}
COMMAND: POST /session/8ec42066c0fe4f9f52703c34817c4c3d/element - {"using":"xpath","value":"//button[@data-kt=\"priceInfoButton\"]"}
RESULT: {"using":"xpath","value":"//button[@data-kt=\"priceInfoButton\"]"}
COMMAND: POST /session/8ec42066c0fe4f9f52703c34817c4c3d/element/f.F4EC64F8967100924ED9DC3CB119C154.d.3C04DD634B8016C3C4CAA61EE5B20130.e.2502/click - {}
RESULT: {}
COMMAND: GET /session/8ec42066c0fe4f9f52703c34817c4c3d/screenshot - {}
RESULT: {}
COMMAND: POST /session/8ec42066c0fe4f9f52703c34817c4c3d/element - {"using":"css selector","value":"#shell-header-logo"}
RESULT: {"using":"css selector","value":"#shell-header-logo"}
COMMAND: POST /session/8ec42066c0fe4f9f52703c34817c4c3d/element/f.F4EC64F8967100924ED9DC3CB119C154.d.3C04DD634B8016C3C4CAA61EE5B20130.e.2045/click - {}
RESULT: {}
COMMAND: GET /session/8ec42066c0fe4f9f52703c34817c4c3d/screenshot - {}
RESULT: {}
]]></system-out>
    </testcase>
    <testcase classname="chrome.136_0_7103_93.windows.RU_Inventory_Mass_State_Change_Multiple_Items_US151066" name="Prerequisite Step 2 Should create a new material" time="121.448">
      <system-out><![CDATA[
RESULT: undefined
COMMAND: POST /session/8ec42066c0fe4f9f52703c34817c4c3d/element - {"using":"xpath","value":"//*[@id=\"__tile39\"]"}
RESULT: {"using":"xpath","value":"//*[@id=\"__tile39\"]"}
COMMAND: POST /session/8ec42066c0fe4f9f52703c34817c4c3d/element/f.F4EC64F8967100924ED9DC3CB119C154.d.3C04DD634B8016C3C4CAA61EE5B20130.e.143/click - {}
RESULT: {}
COMMAND: GET /session/8ec42066c0fe4f9f52703c34817c4c3d/screenshot - {}
COMMAND: POST /session/8ec42066c0fe4f9f52703c34817c4c3d/elements - {"using":"xpath","value":"//span[text()='Error']"}
RESULT: {}
RESULT: {"using":"xpath","value":"//span[text()='Error']"}
COMMAND: POST /session/8ec42066c0fe4f9f52703c34817c4c3d/element - {"using":"xpath","value":"//button[@data-kt=\"addNewRUOverflowToolbarButton\"]"}
RESULT: {"using":"xpath","value":"//button[@data-kt=\"addNewRUOverflowToolbarButton\"]"}
COMMAND: POST /session/8ec42066c0fe4f9f52703c34817c4c3d/elements - {"using":"xpath","value":"//button[@data-kt=\"addNewRUOverflowToolbarButton\"]"}
RESULT: {"using":"xpath","value":"//button[@data-kt=\"addNewRUOverflowToolbarButton\"]"}
COMMAND: POST /session/8ec42066c0fe4f9f52703c34817c4c3d/execute/sync - {"script":"<script> [8489 bytes]","args":[{"element-6066-11e4-a52e-4f735466cecf":"f.F4EC64F8967100924ED9DC3CB119C154.d.3C04DD634B8016C3C4CAA61EE5B20130.e.2534","ELEMENT":"f.F4EC64F8967100924ED9DC3CB119C154.d.3C04DD634B8016C3C4CAA61EE5B20130.e.2534"}]}
RESULT: {"script":"<script> [8489 bytes]","args":[{"element-6066-11e4-a52e-4f735466cecf":"f.F4EC64F8967100924ED9DC3CB119C154.d.3C04DD634B8016C3C4CAA61EE5B20130.e.2534","ELEMENT":"f.F4EC64F8967100924ED9DC3CB119C154.d.3C04DD634B8016C3C4CAA61EE5B20130.e.2534"}]}
COMMAND: GET /session/8ec42066c0fe4f9f52703c34817c4c3d/element/f.F4EC64F8967100924ED9DC3CB119C154.d.3C04DD634B8016C3C4CAA61EE5B20130.e.2534/enabled - {}
COMMAND: GET /session/8ec42066c0fe4f9f52703c34817c4c3d/screenshot - {}
RESULT: {}
COMMAND: POST /session/8ec42066c0fe4f9f52703c34817c4c3d/execute/sync - {"script":"<script> [8489 bytes]","args":[{"element-6066-11e4-a52e-4f735466cecf":"f.F4EC64F8967100924ED9DC3CB119C154.d.3C04DD634B8016C3C4CAA61EE5B20130.e.2534","ELEMENT":"f.F4EC64F8967100924ED9DC3CB119C154.d.3C04DD634B8016C3C4CAA61EE5B20130.e.2534"}]}
COMMAND: GET /session/8ec42066c0fe4f9f52703c34817c4c3d/screenshot - {}
RESULT: {}
RESULT: {"script":"<script> [8489 bytes]","args":[{"element-6066-11e4-a52e-4f735466cecf":"f.F4EC64F8967100924ED9DC3CB119C154.d.3C04DD634B8016C3C4CAA61EE5B20130.e.2534","ELEMENT":"f.F4EC64F8967100924ED9DC3CB119C154.d.3C04DD634B8016C3C4CAA61EE5B20130.e.2534"}]}
COMMAND: POST /session/8ec42066c0fe4f9f52703c34817c4c3d/execute/sync - {"script":"<script> [5351 bytes]","args":[{"element-6066-11e4-a52e-4f735466cecf":"f.F4EC64F8967100924ED9DC3CB119C154.d.3C04DD634B8016C3C4CAA61EE5B20130.e.2534","ELEMENT":"f.F4EC64F8967100924ED9DC3CB119C154.d.3C04DD634B8016C3C4CAA61EE5B20130.e.2534"}]}
COMMAND: GET /session/8ec42066c0fe4f9f52703c34817c4c3d/screenshot - {}
RESULT: {}
RESULT: {"script":"<script> [5351 bytes]","args":[{"element-6066-11e4-a52e-4f735466cecf":"f.F4EC64F8967100924ED9DC3CB119C154.d.3C04DD634B8016C3C4CAA61EE5B20130.e.2534","ELEMENT":"f.F4EC64F8967100924ED9DC3CB119C154.d.3C04DD634B8016C3C4CAA61EE5B20130.e.2534"}]}
COMMAND: POST /session/8ec42066c0fe4f9f52703c34817c4c3d/element/f.F4EC64F8967100924ED9DC3CB119C154.d.3C04DD634B8016C3C4CAA61EE5B20130.e.2534/click - {}
COMMAND: GET /session/8ec42066c0fe4f9f52703c34817c4c3d/screenshot - {}
RESULT: {}
RESULT: {}
COMMAND: GET /session/8ec42066c0fe4f9f52703c34817c4c3d/screenshot - {}
RESULT: {}
RESULT: {}
RESULT: undefined
COMMAND: POST /session/8ec42066c0fe4f9f52703c34817c4c3d/element - {"using":"xpath","value":"//*[@id=\"application-manageresources-display-component---newResourceUnit--TYPE-arrow\"]"}
RESULT: {"using":"xpath","value":"//*[@id=\"application-manageresources-display-component---newResourceUnit--TYPE-arrow\"]"}
COMMAND: POST /session/8ec42066c0fe4f9f52703c34817c4c3d/element/f.F4EC64F8967100924ED9DC3CB119C154.d.3C04DD634B8016C3C4CAA61EE5B20130.e.2894/click - {}
RESULT: {}
COMMAND: POST /session/8ec42066c0fe4f9f52703c34817c4c3d/element - {"using":"xpath","value":"//input[@id=\"application-manageresources-display-component---newResourceUnit--TYPE-inner\"]"}
COMMAND: GET /session/8ec42066c0fe4f9f52703c34817c4c3d/screenshot - {}
RESULT: {"using":"xpath","value":"//input[@id=\"application-manageresources-display-component---newResourceUnit--TYPE-inner\"]"}
COMMAND: POST /session/8ec42066c0fe4f9f52703c34817c4c3d/element/f.F4EC64F8967100924ED9DC3CB119C154.d.3C04DD634B8016C3C4CAA61EE5B20130.e.2889/clear - {}
RESULT: {}
RESULT: {}
COMMAND: POST /session/8ec42066c0fe4f9f52703c34817c4c3d/element/f.F4EC64F8967100924ED9DC3CB119C154.d.3C04DD634B8016C3C4CAA61EE5B20130.e.2889/value - {"text":"Material"}
COMMAND: GET /session/8ec42066c0fe4f9f52703c34817c4c3d/screenshot - {}
RESULT: {"text":"Material"}
COMMAND: GET /session/8ec42066c0fe4f9f52703c34817c4c3d/screenshot - {}
RESULT: {}
RESULT: {}
COMMAND: POST /session/8ec42066c0fe4f9f52703c34817c4c3d/actions - {"actions":[{"id":"action15","type":"key","parameters":{},"actions":[{"type":"keyDown","value":"î€‡"},{"type":"pause","duration":10},{"type":"keyUp","value":"î€‡"}]}]}
RESULT: {"actions":[{"id":"action15","type":"key","parameters":{},"actions":[{"type":"keyDown","value":"î€‡"},{"type":"pause","duration":10},{"type":"keyUp","value":"î€‡"}]}]}
RESULT: undefined
COMMAND: POST /session/8ec42066c0fe4f9f52703c34817c4c3d/execute/async - {"script":"<script> [776 bytes]","args":[{"enterText":"Cement WDIO","selector":{"id":"application-manageresources-display-component---newResourceUnit--SHORT_TEXT","interaction":{"idSuffix":"inner"}},"clearTextFirst":true,"interactionType":"ENTER_TEXT"}]}
COMMAND: GET /session/8ec42066c0fe4f9f52703c34817c4c3d/screenshot - {}
RESULT: {"script":"<script> [776 bytes]","args":[{"enterText":"Cement WDIO","selector":{"id":"application-manageresources-display-component---newResourceUnit--SHORT_TEXT","interaction":{"idSuffix":"inner"}},"clearTextFirst":true,"interactionType":"ENTER_TEXT"}]}
RESULT: undefined
COMMAND: POST /session/8ec42066c0fe4f9f52703c34817c4c3d/execute/async - {"script":"<script> [776 bytes]","args":[{"enterText":"Piece","selector":{"id":"application-manageresources-display-component---newResourceUnit--BASE_UNIT_OF_MEASURE","interaction":{"idSuffix":"inner"}},"clearTextFirst":true,"interactionType":"ENTER_TEXT"}]}
RESULT: {}
RESULT: {"script":"<script> [776 bytes]","args":[{"enterText":"Piece","selector":{"id":"application-manageresources-display-component---newResourceUnit--BASE_UNIT_OF_MEASURE","interaction":{"idSuffix":"inner"}},"clearTextFirst":true,"interactionType":"ENTER_TEXT"}]}
RESULT: undefined
COMMAND: POST /session/8ec42066c0fe4f9f52703c34817c4c3d/execute/async - {"script":"<script> [776 bytes]","args":[{"enterText":"Gram","selector":{"id":"application-manageresources-display-component---newResourceUnit--WEIGHT_UNIT","interaction":{"idSuffix":"inner"}},"clearTextFirst":true,"interactionType":"ENTER_TEXT"}]}
RESULT: {"script":"<script> [776 bytes]","args":[{"enterText":"Gram","selector":{"id":"application-manageresources-display-component---newResourceUnit--WEIGHT_UNIT","interaction":{"idSuffix":"inner"}},"clearTextFirst":true,"interactionType":"ENTER_TEXT"}]}
RESULT: undefined
COMMAND: POST /session/8ec42066c0fe4f9f52703c34817c4c3d/execute/async - {"script":"<script> [776 bytes]","args":[{"enterText":"Meter","selector":{"id":"application-manageresources-display-component---newResourceUnit--DIMENSION_UNIT","interaction":{"idSuffix":"inner"}},"clearTextFirst":true,"interactionType":"ENTER_TEXT"}]}
RESULT: {"script":"<script> [776 bytes]","args":[{"enterText":"Meter","selector":{"id":"application-manageresources-display-component---newResourceUnit--DIMENSION_UNIT","interaction":{"idSuffix":"inner"}},"clearTextFirst":true,"interactionType":"ENTER_TEXT"}]}
RESULT: undefined
COMMAND: POST /session/8ec42066c0fe4f9f52703c34817c4c3d/element - {"using":"xpath","value":"//*[@id=\"application-manageresources-display-component---newResourceUnit--newRRUPage-anchBar-application-manageresources-display-component---newResourceUnit--control-anchor\"]"}
RESULT: {"using":"xpath","value":"//*[@id=\"application-manageresources-display-component---newResourceUnit--newRRUPage-anchBar-application-manageresources-display-component---newResourceUnit--control-anchor\"]"}
COMMAND: POST /session/8ec42066c0fe4f9f52703c34817c4c3d/element/f.F4EC64F8967100924ED9DC3CB119C154.d.3C04DD634B8016C3C4CAA61EE5B20130.e.2956/click - {}
RESULT: {}
RESULT: undefined
COMMAND: POST /session/8ec42066c0fe4f9f52703c34817c4c3d/execute/async - {"script":"<script> [776 bytes]","args":[{"enterText":"Material","selector":{"id":"application-manageresources-display-component---newResourceUnit--PLANNING_GROUP","interaction":{"idSuffix":"inner"}},"clearTextFirst":true,"interactionType":"ENTER_TEXT"}]}
COMMAND: GET /session/8ec42066c0fe4f9f52703c34817c4c3d/screenshot - {}
RESULT: {"script":"<script> [776 bytes]","args":[{"enterText":"Material","selector":{"id":"application-manageresources-display-component---newResourceUnit--PLANNING_GROUP","interaction":{"idSuffix":"inner"}},"clearTextFirst":true,"interactionType":"ENTER_TEXT"}]}
RESULT: {}
COMMAND: POST /session/8ec42066c0fe4f9f52703c34817c4c3d/execute/async - {"script":"<script> [1562 bytes]","args":[{"selector":{"id":"application-manageresources-display-component---newResourceUnit--PLANNING_INDICATOR","interaction":{"idSuffix":"inner"}},"wdio_ui5_key":"applicationmanageresources-display-component---newResourceUnit--PLANNING_INDICATOR"}]}
RESULT: {"script":"<script> [1562 bytes]","args":[{"selector":{"id":"application-manageresources-display-component---newResourceUnit--PLANNING_INDICATOR","interaction":{"idSuffix":"inner"}},"wdio_ui5_key":"applicationmanageresources-display-component---newResourceUnit--PLANNING_INDICATOR"}]}
RESULT: undefined
COMMAND: POST /session/8ec42066c0fe4f9f52703c34817c4c3d/execute/async - {"script":"<script> [776 bytes]","args":[{"enterText":"10 - infinite","selector":{"id":"application-manageresources-display-component---newResourceUnit--PLANNING_INDICATOR","interaction":{"idSuffix":"inner"}},"clearTextFirst":true,"interactionType":"ENTER_TEXT"}]}
RESULT: {"script":"<script> [776 bytes]","args":[{"enterText":"10 - infinite","selector":{"id":"application-manageresources-display-component---newResourceUnit--PLANNING_INDICATOR","interaction":{"idSuffix":"inner"}},"clearTextFirst":true,"interactionType":"ENTER_TEXT"}]}
COMMAND: POST /session/8ec42066c0fe4f9f52703c34817c4c3d/element - {"using":"css selector","value":"#application-manageresources-display-component---newResourceUnit--btnAddTimeSegment"}
RESULT: {"using":"css selector","value":"#application-manageresources-display-component---newResourceUnit--btnAddTimeSegment"}
COMMAND: GET /session/8ec42066c0fe4f9f52703c34817c4c3d/element/f.F4EC64F8967100924ED9DC3CB119C154.d.3C04DD634B8016C3C4CAA61EE5B20130.e.2963/rect - {}
RESULT: {}
COMMAND: GET /session/8ec42066c0fe4f9f52703c34817c4c3d/window/rect - {}
RESULT: {}
COMMAND: POST /session/8ec42066c0fe4f9f52703c34817c4c3d/execute/sync - {"script":"<script> [92 bytes]","args":[]}
RESULT: {"script":"<script> [92 bytes]","args":[]}
COMMAND: POST /session/8ec42066c0fe4f9f52703c34817c4c3d/actions - {"actions":[{"id":"action16","type":"wheel","parameters":{},"actions":[{"type":"scroll","x":-1888,"y":-32,"deltaX":0,"deltaY":0,"duration":0,"origin":{"element-6066-11e4-a52e-4f735466cecf":"f.F4EC64F8967100924ED9DC3CB119C154.d.3C04DD634B8016C3C4CAA61EE5B20130.e.2963"}}]}]}
COMMAND: GET /session/8ec42066c0fe4f9f52703c34817c4c3d/screenshot - {}
RESULT: {}
COMMAND: POST /session/8ec42066c0fe4f9f52703c34817c4c3d/execute/sync - {"script":"<script> [79 bytes]","args":[{"element-6066-11e4-a52e-4f735466cecf":"f.F4EC64F8967100924ED9DC3CB119C154.d.3C04DD634B8016C3C4CAA61EE5B20130.e.2963","ELEMENT":"f.F4EC64F8967100924ED9DC3CB119C154.d.3C04DD634B8016C3C4CAA61EE5B20130.e.2963"},{"block":"start","inline":"nearest"}]}
RESULT: {"script":"<script> [79 bytes]","args":[{"element-6066-11e4-a52e-4f735466cecf":"f.F4EC64F8967100924ED9DC3CB119C154.d.3C04DD634B8016C3C4CAA61EE5B20130.e.2963","ELEMENT":"f.F4EC64F8967100924ED9DC3CB119C154.d.3C04DD634B8016C3C4CAA61EE5B20130.e.2963"},{"block":"start","inline":"nearest"}]}
RESULT: undefined
COMMAND: POST /session/8ec42066c0fe4f9f52703c34817c4c3d/element - {"using":"xpath","value":"//*[@id=\"application-manageresources-display-component---newResourceUnit--btnAddTimeSegment\"]"}
COMMAND: GET /session/8ec42066c0fe4f9f52703c34817c4c3d/screenshot - {}
RESULT: {"using":"xpath","value":"//*[@id=\"application-manageresources-display-component---newResourceUnit--btnAddTimeSegment\"]"}
COMMAND: POST /session/8ec42066c0fe4f9f52703c34817c4c3d/element/f.F4EC64F8967100924ED9DC3CB119C154.d.3C04DD634B8016C3C4CAA61EE5B20130.e.2963/click - {}
RESULT: {}
RESULT: {}
COMMAND: GET /session/8ec42066c0fe4f9f52703c34817c4c3d/screenshot - {}
RESULT: {}
COMMAND: POST /session/8ec42066c0fe4f9f52703c34817c4c3d/element - {"using":"xpath","value":"//input[@id=\"application-manageresources-display-component---newResourceUnit--idRuTSAdmin-application-manageresources-display-component---newResourceUnit--RUTimeSegment-0-inner\"]"}
RESULT: {"using":"xpath","value":"//input[@id=\"application-manageresources-display-component---newResourceUnit--idRuTSAdmin-application-manageresources-display-component---newResourceUnit--RUTimeSegment-0-inner\"]"}
COMMAND: POST /session/8ec42066c0fe4f9f52703c34817c4c3d/element/f.F4EC64F8967100924ED9DC3CB119C154.d.3C04DD634B8016C3C4CAA61EE5B20130.e.2967/clear - {}
RESULT: {}
COMMAND: POST /session/8ec42066c0fe4f9f52703c34817c4c3d/element/f.F4EC64F8967100924ED9DC3CB119C154.d.3C04DD634B8016C3C4CAA61EE5B20130.e.2967/value - {"text":"109"}
COMMAND: GET /session/8ec42066c0fe4f9f52703c34817c4c3d/screenshot - {}
RESULT: {"text":"109"}
COMMAND: GET /session/8ec42066c0fe4f9f52703c34817c4c3d/screenshot - {}
RESULT: {}
RESULT: {}
COMMAND: POST /session/8ec42066c0fe4f9f52703c34817c4c3d/element - {"using":"xpath","value":"//li[.//span[text()='109']]"}
RESULT: {"using":"xpath","value":"//li[.//span[text()='109']]"}
COMMAND: POST /session/8ec42066c0fe4f9f52703c34817c4c3d/element/f.F4EC64F8967100924ED9DC3CB119C154.d.3C04DD634B8016C3C4CAA61EE5B20130.e.2976/click - {}
RESULT: {}
COMMAND: GET /session/8ec42066c0fe4f9f52703c34817c4c3d/screenshot - {}
RESULT: {}
COMMAND: POST /session/8ec42066c0fe4f9f52703c34817c4c3d/element - {"using":"xpath","value":"(//span[contains(@id, \"-application-manageresources-display-component---newResourceUnit--RUTimeSegment-0-arrow\")])[2]"}
RESULT: {"using":"xpath","value":"(//span[contains(@id, \"-application-manageresources-display-component---newResourceUnit--RUTimeSegment-0-arrow\")])[2]"}
COMMAND: POST /session/8ec42066c0fe4f9f52703c34817c4c3d/element/f.F4EC64F8967100924ED9DC3CB119C154.d.3C04DD634B8016C3C4CAA61EE5B20130.e.2977/click - {}
RESULT: {}
COMMAND: POST /session/8ec42066c0fe4f9f52703c34817c4c3d/element - {"using":"xpath","value":"//span[contains(text(), \"PM Order\")]"}
COMMAND: GET /session/8ec42066c0fe4f9f52703c34817c4c3d/screenshot - {}
RESULT: {"using":"xpath","value":"//span[contains(text(), \"PM Order\")]"}
COMMAND: POST /session/8ec42066c0fe4f9f52703c34817c4c3d/element/f.F4EC64F8967100924ED9DC3CB119C154.d.3C04DD634B8016C3C4CAA61EE5B20130.e.2978/click - {}
RESULT: {}
RESULT: {}
COMMAND: GET /session/8ec42066c0fe4f9f52703c34817c4c3d/screenshot - {}
RESULT: {}
COMMAND: POST /session/8ec42066c0fe4f9f52703c34817c4c3d/element - {"using":"xpath","value":"//td/div/div/div/span[contains(@id, \"newResourceUnit--RUTimeSegment-0-vhi\")][1]"}
RESULT: {"using":"xpath","value":"//td/div/div/div/span[contains(@id, \"newResourceUnit--RUTimeSegment-0-vhi\")][1]"}
COMMAND: GET /session/8ec42066c0fe4f9f52703c34817c4c3d/element/f.F4EC64F8967100924ED9DC3CB119C154.d.3C04DD634B8016C3C4CAA61EE5B20130.e.2982/rect - {}
RESULT: {}
COMMAND: GET /session/8ec42066c0fe4f9f52703c34817c4c3d/window/rect - {}
RESULT: {}
COMMAND: POST /session/8ec42066c0fe4f9f52703c34817c4c3d/execute/sync - {"script":"<script> [92 bytes]","args":[]}
RESULT: {"script":"<script> [92 bytes]","args":[]}
COMMAND: POST /session/8ec42066c0fe4f9f52703c34817c4c3d/actions - {"actions":[{"id":"action17","type":"wheel","parameters":{},"actions":[{"type":"scroll","x":-1888,"y":-24,"deltaX":0,"deltaY":0,"duration":0,"origin":{"element-6066-11e4-a52e-4f735466cecf":"f.F4EC64F8967100924ED9DC3CB119C154.d.3C04DD634B8016C3C4CAA61EE5B20130.e.2982"}}]}]}
COMMAND: GET /session/8ec42066c0fe4f9f52703c34817c4c3d/screenshot - {}
RESULT: {}
COMMAND: POST /session/8ec42066c0fe4f9f52703c34817c4c3d/execute/sync - {"script":"<script> [79 bytes]","args":[{"element-6066-11e4-a52e-4f735466cecf":"f.F4EC64F8967100924ED9DC3CB119C154.d.3C04DD634B8016C3C4CAA61EE5B20130.e.2982","ELEMENT":"f.F4EC64F8967100924ED9DC3CB119C154.d.3C04DD634B8016C3C4CAA61EE5B20130.e.2982"},{"block":"start","inline":"nearest"}]}
RESULT: {"script":"<script> [79 bytes]","args":[{"element-6066-11e4-a52e-4f735466cecf":"f.F4EC64F8967100924ED9DC3CB119C154.d.3C04DD634B8016C3C4CAA61EE5B20130.e.2982","ELEMENT":"f.F4EC64F8967100924ED9DC3CB119C154.d.3C04DD634B8016C3C4CAA61EE5B20130.e.2982"},{"block":"start","inline":"nearest"}]}
COMMAND: GET /session/8ec42066c0fe4f9f52703c34817c4c3d/screenshot - {}
RESULT: {}
COMMAND: POST /session/8ec42066c0fe4f9f52703c34817c4c3d/element/f.F4EC64F8967100924ED9DC3CB119C154.d.3C04DD634B8016C3C4CAA61EE5B20130.e.2982/click - {}
RESULT: {}
COMMAND: GET /session/8ec42066c0fe4f9f52703c34817c4c3d/screenshot - {}
RESULT: {}
RESULT: undefined
COMMAND: POST /session/8ec42066c0fe4f9f52703c34817c4c3d/execute/async - {"script":"<script> [776 bytes]","args":[{"enterText":"4000360","selector":{"controlType":"sap.m.SearchField","properties":{"placeholder":"Search"},"searchOpenDialogs":true,"interaction":{"idSuffix":"I"}},"clearTextFirst":true,"interactionType":"ENTER_TEXT"}]}
RESULT: {"script":"<script> [776 bytes]","args":[{"enterText":"4000360","selector":{"controlType":"sap.m.SearchField","properties":{"placeholder":"Search"},"searchOpenDialogs":true,"interaction":{"idSuffix":"I"}},"clearTextFirst":true,"interactionType":"ENTER_TEXT"}]}
COMMAND: POST /session/8ec42066c0fe4f9f52703c34817c4c3d/actions - {"actions":[{"id":"action18","type":"key","parameters":{},"actions":[{"type":"keyDown","value":"î€‡"},{"type":"pause","duration":10},{"type":"keyUp","value":"î€‡"}]}]}
RESULT: {"actions":[{"id":"action18","type":"key","parameters":{},"actions":[{"type":"keyDown","value":"î€‡"},{"type":"pause","duration":10},{"type":"keyUp","value":"î€‡"}]}]}
COMMAND: GET /session/8ec42066c0fe4f9f52703c34817c4c3d/screenshot - {}
RESULT: {}
COMMAND: POST /session/8ec42066c0fe4f9f52703c34817c4c3d/element - {"using":"xpath","value":"//td/div/span[contains(text(), \"BGL Vehicles\")]"}
RESULT: {"using":"xpath","value":"//td/div/span[contains(text(), \"BGL Vehicles\")]"}
COMMAND: POST /session/8ec42066c0fe4f9f52703c34817c4c3d/element/f.F4EC64F8967100924ED9DC3CB119C154.d.3C04DD634B8016C3C4CAA61EE5B20130.e.3000/click - {}
RESULT: {}
COMMAND: GET /session/8ec42066c0fe4f9f52703c34817c4c3d/screenshot - {}
RESULT: {}
COMMAND: POST /session/8ec42066c0fe4f9f52703c34817c4c3d/element - {"using":"xpath","value":"//bdi[contains(text(), \"OK\")]"}
RESULT: {"using":"xpath","value":"//bdi[contains(text(), \"OK\")]"}
COMMAND: POST /session/8ec42066c0fe4f9f52703c34817c4c3d/element/f.F4EC64F8967100924ED9DC3CB119C154.d.3C04DD634B8016C3C4CAA61EE5B20130.e.3001/click - {}
RESULT: {}
COMMAND: GET /session/8ec42066c0fe4f9f52703c34817c4c3d/screenshot - {}
RESULT: {}
COMMAND: POST /session/8ec42066c0fe4f9f52703c34817c4c3d/element - {"using":"xpath","value":"//label[contains(@class, 'sapMLabelRequired') and .//bdi[contains(text(), 'Planned Retirement')]]"}
RESULT: {"using":"xpath","value":"//label[contains(@class, 'sapMLabelRequired') and .//bdi[contains(text(), 'Planned Retirement')]]"}
COMMAND: POST /session/8ec42066c0fe4f9f52703c34817c4c3d/elements - {"using":"xpath","value":"//label[contains(@class, 'sapMLabelRequired') and .//bdi[contains(text(), 'Planned Retirement')]]"}
RESULT: {"using":"xpath","value":"//label[contains(@class, 'sapMLabelRequired') and .//bdi[contains(text(), 'Planned Retirement')]]"}
COMMAND: POST /session/8ec42066c0fe4f9f52703c34817c4c3d/element - {"using":"xpath","value":"//button[@data-kt=\"resourceUnitSaveButton\"]"}
RESULT: {"using":"xpath","value":"//button[@data-kt=\"resourceUnitSaveButton\"]"}
COMMAND: POST /session/8ec42066c0fe4f9f52703c34817c4c3d/element/f.F4EC64F8967100924ED9DC3CB119C154.d.3C04DD634B8016C3C4CAA61EE5B20130.e.2914/click - {}
RESULT: {}
COMMAND: GET /session/8ec42066c0fe4f9f52703c34817c4c3d/screenshot - {}
RESULT: {}
COMMAND: POST /session/8ec42066c0fe4f9f52703c34817c4c3d/element - {"using":"xpath","value":"//bdi[contains(text(), \"Close\")]"}
RESULT: {"using":"xpath","value":"//bdi[contains(text(), \"Close\")]"}
COMMAND: POST /session/8ec42066c0fe4f9f52703c34817c4c3d/element/f.F4EC64F8967100924ED9DC3CB119C154.d.3C04DD634B8016C3C4CAA61EE5B20130.e.3007/click - {}
RESULT: {}
COMMAND: GET /session/8ec42066c0fe4f9f52703c34817c4c3d/screenshot - {}
RESULT: {}
COMMAND: POST /session/8ec42066c0fe4f9f52703c34817c4c3d/element - {"using":"xpath","value":"//header[contains(@id, 'detailRruPage-headerTitle')]/div[1]/div[2]/div[2]/span[1]"}
RESULT: {"using":"xpath","value":"//header[contains(@id, 'detailRruPage-headerTitle')]/div[1]/div[2]/div[2]/span[1]"}
COMMAND: POST /session/8ec42066c0fe4f9f52703c34817c4c3d/elements - {"using":"xpath","value":"//header[contains(@id, 'detailRruPage-headerTitle')]/div[1]/div[2]/div[2]/span[1]"}
RESULT: {"using":"xpath","value":"//header[contains(@id, 'detailRruPage-headerTitle')]/div[1]/div[2]/div[2]/span[1]"}
COMMAND: POST /session/8ec42066c0fe4f9f52703c34817c4c3d/execute/sync - {"script":"<script> [56 bytes]","args":[{"element-6066-11e4-a52e-4f735466cecf":"f.F4EC64F8967100924ED9DC3CB119C154.d.3C04DD634B8016C3C4CAA61EE5B20130.e.3039","ELEMENT":"f.F4EC64F8967100924ED9DC3CB119C154.d.3C04DD634B8016C3C4CAA61EE5B20130.e.3039"}]}
RESULT: {"script":"<script> [56 bytes]","args":[{"element-6066-11e4-a52e-4f735466cecf":"f.F4EC64F8967100924ED9DC3CB119C154.d.3C04DD634B8016C3C4CAA61EE5B20130.e.3039","ELEMENT":"f.F4EC64F8967100924ED9DC3CB119C154.d.3C04DD634B8016C3C4CAA61EE5B20130.e.3039"}]}
COMMAND: POST /session/8ec42066c0fe4f9f52703c34817c4c3d/element - {"using":"css selector","value":"#shell-header-logo"}
COMMAND: GET /session/8ec42066c0fe4f9f52703c34817c4c3d/screenshot - {}
RESULT: {"using":"css selector","value":"#shell-header-logo"}
COMMAND: POST /session/8ec42066c0fe4f9f52703c34817c4c3d/element/f.F4EC64F8967100924ED9DC3CB119C154.d.3C04DD634B8016C3C4CAA61EE5B20130.e.2507/click - {}
RESULT: {}
RESULT: {}
COMMAND: GET /session/8ec42066c0fe4f9f52703c34817c4c3d/screenshot - {}
RESULT: {}
]]></system-out>
    </testcase>
    <testcase classname="chrome.136_0_7103_93.windows.RU_Inventory_Mass_State_Change_Multiple_Items_US151066" name="Prerequisite Step 2 Should do a stock increase handover for the equipment" time="92.366">
      <system-out><![CDATA[
COMMAND: POST /session/8ec42066c0fe4f9f52703c34817c4c3d/execute/async - {"script":"<script> [1562 bytes]","args":[{"selector":{"controlType":"sap.m.GenericTile","properties":{"header":"Manage Handovers"}},"wdio_ui5_key":"sapm.GenericTile{\"header\":\"Manage Handovers\"}"}]}
RESULT: {"script":"<script> [1562 bytes]","args":[{"selector":{"controlType":"sap.m.GenericTile","properties":{"header":"Manage Handovers"}},"wdio_ui5_key":"sapm.GenericTile{\"header\":\"Manage Handovers\"}"}]}
RESULT: undefined
COMMAND: POST /session/8ec42066c0fe4f9f52703c34817c4c3d/element - {"using":"xpath","value":"//*[@id=\"__tile130\"]"}
RESULT: {"using":"xpath","value":"//*[@id=\"__tile130\"]"}
COMMAND: POST /session/8ec42066c0fe4f9f52703c34817c4c3d/element/f.F4EC64F8967100924ED9DC3CB119C154.d.3C04DD634B8016C3C4CAA61EE5B20130.e.245/click - {}
RESULT: {}
COMMAND: GET /session/8ec42066c0fe4f9f52703c34817c4c3d/screenshot - {}
RESULT: {}
COMMAND: POST /session/8ec42066c0fe4f9f52703c34817c4c3d/elements - {"using":"xpath","value":"//span[text()='Error']"}
RESULT: {"using":"xpath","value":"//span[text()='Error']"}
COMMAND: POST /session/8ec42066c0fe4f9f52703c34817c4c3d/element - {"using":"xpath","value":"//button[@data-kt=\"masterHOAddButton\"]"}
RESULT: {"using":"xpath","value":"//button[@data-kt=\"masterHOAddButton\"]"}
COMMAND: POST /session/8ec42066c0fe4f9f52703c34817c4c3d/elements - {"using":"xpath","value":"//button[@data-kt=\"masterHOAddButton\"]"}
RESULT: {"using":"xpath","value":"//button[@data-kt=\"masterHOAddButton\"]"}
COMMAND: POST /session/8ec42066c0fe4f9f52703c34817c4c3d/execute/sync - {"script":"<script> [8489 bytes]","args":[{"element-6066-11e4-a52e-4f735466cecf":"f.F4EC64F8967100924ED9DC3CB119C154.d.3C04DD634B8016C3C4CAA61EE5B20130.e.3076","ELEMENT":"f.F4EC64F8967100924ED9DC3CB119C154.d.3C04DD634B8016C3C4CAA61EE5B20130.e.3076"}]}
RESULT: {"script":"<script> [8489 bytes]","args":[{"element-6066-11e4-a52e-4f735466cecf":"f.F4EC64F8967100924ED9DC3CB119C154.d.3C04DD634B8016C3C4CAA61EE5B20130.e.3076","ELEMENT":"f.F4EC64F8967100924ED9DC3CB119C154.d.3C04DD634B8016C3C4CAA61EE5B20130.e.3076"}]}
COMMAND: GET /session/8ec42066c0fe4f9f52703c34817c4c3d/element/f.F4EC64F8967100924ED9DC3CB119C154.d.3C04DD634B8016C3C4CAA61EE5B20130.e.3076/enabled - {}
COMMAND: GET /session/8ec42066c0fe4f9f52703c34817c4c3d/screenshot - {}
RESULT: {}
COMMAND: POST /session/8ec42066c0fe4f9f52703c34817c4c3d/execute/sync - {"script":"<script> [8489 bytes]","args":[{"element-6066-11e4-a52e-4f735466cecf":"f.F4EC64F8967100924ED9DC3CB119C154.d.3C04DD634B8016C3C4CAA61EE5B20130.e.3076","ELEMENT":"f.F4EC64F8967100924ED9DC3CB119C154.d.3C04DD634B8016C3C4CAA61EE5B20130.e.3076"}]}
COMMAND: GET /session/8ec42066c0fe4f9f52703c34817c4c3d/screenshot - {}
RESULT: {}
RESULT: {"script":"<script> [8489 bytes]","args":[{"element-6066-11e4-a52e-4f735466cecf":"f.F4EC64F8967100924ED9DC3CB119C154.d.3C04DD634B8016C3C4CAA61EE5B20130.e.3076","ELEMENT":"f.F4EC64F8967100924ED9DC3CB119C154.d.3C04DD634B8016C3C4CAA61EE5B20130.e.3076"}]}
COMMAND: POST /session/8ec42066c0fe4f9f52703c34817c4c3d/execute/sync - {"script":"<script> [5351 bytes]","args":[{"element-6066-11e4-a52e-4f735466cecf":"f.F4EC64F8967100924ED9DC3CB119C154.d.3C04DD634B8016C3C4CAA61EE5B20130.e.3076","ELEMENT":"f.F4EC64F8967100924ED9DC3CB119C154.d.3C04DD634B8016C3C4CAA61EE5B20130.e.3076"}]}
COMMAND: GET /session/8ec42066c0fe4f9f52703c34817c4c3d/screenshot - {}
RESULT: {}
RESULT: {"script":"<script> [5351 bytes]","args":[{"element-6066-11e4-a52e-4f735466cecf":"f.F4EC64F8967100924ED9DC3CB119C154.d.3C04DD634B8016C3C4CAA61EE5B20130.e.3076","ELEMENT":"f.F4EC64F8967100924ED9DC3CB119C154.d.3C04DD634B8016C3C4CAA61EE5B20130.e.3076"}]}
COMMAND: POST /session/8ec42066c0fe4f9f52703c34817c4c3d/element/f.F4EC64F8967100924ED9DC3CB119C154.d.3C04DD634B8016C3C4CAA61EE5B20130.e.3076/click - {}
COMMAND: GET /session/8ec42066c0fe4f9f52703c34817c4c3d/screenshot - {}
RESULT: {}
RESULT: {}
COMMAND: GET /session/8ec42066c0fe4f9f52703c34817c4c3d/screenshot - {}
COMMAND: POST /session/8ec42066c0fe4f9f52703c34817c4c3d/element - {"using":"xpath","value":"//span[contains(@id ,\"AddNewHO--typeSelect-arrow\")]"}
RESULT: {}
RESULT: {}
RESULT: {"using":"xpath","value":"//span[contains(@id ,\"AddNewHO--typeSelect-arrow\")]"}
COMMAND: POST /session/8ec42066c0fe4f9f52703c34817c4c3d/element/f.F4EC64F8967100924ED9DC3CB119C154.d.3C04DD634B8016C3C4CAA61EE5B20130.e.3433/click - {}
RESULT: {}
COMMAND: GET /session/8ec42066c0fe4f9f52703c34817c4c3d/screenshot - {}
RESULT: {}
COMMAND: POST /session/8ec42066c0fe4f9f52703c34817c4c3d/element - {"using":"xpath","value":"(//li[contains(text(), \"stock increase yard\")])[1]"}
RESULT: {"using":"xpath","value":"(//li[contains(text(), \"stock increase yard\")])[1]"}
COMMAND: POST /session/8ec42066c0fe4f9f52703c34817c4c3d/element/f.F4EC64F8967100924ED9DC3CB119C154.d.3C04DD634B8016C3C4CAA61EE5B20130.e.3434/click - {}
RESULT: {}
COMMAND: GET /session/8ec42066c0fe4f9f52703c34817c4c3d/screenshot - {}
RESULT: {}
COMMAND: POST /session/8ec42066c0fe4f9f52703c34817c4c3d/execute/async - {"script":"<script> [1562 bytes]","args":[{"selector":{"id":"application-managehandovers-display-component---AddNewHO--dueDate","interaction":{"idSuffix":"inner"}},"wdio_ui5_key":"applicationmanagehandovers-display-component---AddNewHO--dueDate"}]}
RESULT: {"script":"<script> [1562 bytes]","args":[{"selector":{"id":"application-managehandovers-display-component---AddNewHO--dueDate","interaction":{"idSuffix":"inner"}},"wdio_ui5_key":"applicationmanagehandovers-display-component---AddNewHO--dueDate"}]}
RESULT: undefined
COMMAND: POST /session/8ec42066c0fe4f9f52703c34817c4c3d/execute/async - {"script":"<script> [6424 bytes]","args":[{"element-6066-11e4-a52e-4f735466cecf":"f.F4EC64F8967100924ED9DC3CB119C154.d.3C04DD634B8016C3C4CAA61EE5B20130.e.3436"},"setValue",["5/17/25"]]}
RESULT: {"script":"<script> [6424 bytes]","args":[{"element-6066-11e4-a52e-4f735466cecf":"f.F4EC64F8967100924ED9DC3CB119C154.d.3C04DD634B8016C3C4CAA61EE5B20130.e.3436"},"setValue",["5/17/25"]]}
COMMAND: POST /session/8ec42066c0fe4f9f52703c34817c4c3d/element - {"using":"xpath","value":"//input[@id=\"generalSectionFrg--receiveYard-inner\"]"}
RESULT: {"using":"xpath","value":"//input[@id=\"generalSectionFrg--receiveYard-inner\"]"}
COMMAND: POST /session/8ec42066c0fe4f9f52703c34817c4c3d/element/f.F4EC64F8967100924ED9DC3CB119C154.d.3C04DD634B8016C3C4CAA61EE5B20130.e.3440/clear - {}
RESULT: {}
COMMAND: POST /session/8ec42066c0fe4f9f52703c34817c4c3d/element/f.F4EC64F8967100924ED9DC3CB119C154.d.3C04DD634B8016C3C4CAA61EE5B20130.e.3440/value - {"text":"109"}
COMMAND: GET /session/8ec42066c0fe4f9f52703c34817c4c3d/screenshot - {}
RESULT: {"text":"109"}
COMMAND: GET /session/8ec42066c0fe4f9f52703c34817c4c3d/screenshot - {}
RESULT: {}
RESULT: {}
COMMAND: POST /session/8ec42066c0fe4f9f52703c34817c4c3d/element - {"using":"xpath","value":"//li[.//span[text()='109']]"}
RESULT: {"using":"xpath","value":"//li[.//span[text()='109']]"}
COMMAND: POST /session/8ec42066c0fe4f9f52703c34817c4c3d/element/f.F4EC64F8967100924ED9DC3CB119C154.d.3C04DD634B8016C3C4CAA61EE5B20130.e.3458/click - {}
RESULT: {}
COMMAND: GET /session/8ec42066c0fe4f9f52703c34817c4c3d/screenshot - {}
RESULT: {}
COMMAND: POST /session/8ec42066c0fe4f9f52703c34817c4c3d/execute/async - {"script":"<script> [1562 bytes]","args":[{"selector":{"id":"application-managehandovers-display-component---AddNewHO--ObjectPageLayout-anchBar-application-managehandovers-display-component---AddNewHO--section4-anchor","interaction":{"idSuffix":"BDI-content"}},"wdio_ui5_key":"applicationmanagehandovers-display-component---AddNewHO--ObjectPageLayout-anchBar-application-managehandovers-display-component---AddNewHO--section4-anchor"}]}
RESULT: {"script":"<script> [1562 bytes]","args":[{"selector":{"id":"application-managehandovers-display-component---AddNewHO--ObjectPageLayout-anchBar-application-managehandovers-display-component---AddNewHO--section4-anchor","interaction":{"idSuffix":"BDI-content"}},"wdio_ui5_key":"applicationmanagehandovers-display-component---AddNewHO--ObjectPageLayout-anchBar-application-managehandovers-display-component---AddNewHO--section4-anchor"}]}
RESULT: undefined
COMMAND: POST /session/8ec42066c0fe4f9f52703c34817c4c3d/element - {"using":"xpath","value":"//*[@id=\"application-managehandovers-display-component---AddNewHO--ObjectPageLayout-anchBar-application-managehandovers-display-component---AddNewHO--section4-anchor\"]"}
RESULT: {"using":"xpath","value":"//*[@id=\"application-managehandovers-display-component---AddNewHO--ObjectPageLayout-anchBar-application-managehandovers-display-component---AddNewHO--section4-anchor\"]"}
COMMAND: POST /session/8ec42066c0fe4f9f52703c34817c4c3d/element/f.F4EC64F8967100924ED9DC3CB119C154.d.3C04DD634B8016C3C4CAA61EE5B20130.e.3460/click - {}
RESULT: {}
COMMAND: POST /session/8ec42066c0fe4f9f52703c34817c4c3d/element - {"using":"xpath","value":"//button[@aria-label=\"Add\"]"}
COMMAND: GET /session/8ec42066c0fe4f9f52703c34817c4c3d/screenshot - {}
RESULT: {"using":"xpath","value":"//button[@aria-label=\"Add\"]"}
COMMAND: POST /session/8ec42066c0fe4f9f52703c34817c4c3d/element/f.F4EC64F8967100924ED9DC3CB119C154.d.3C04DD634B8016C3C4CAA61EE5B20130.e.3464/click - {}
RESULT: {}
RESULT: {}
COMMAND: GET /session/8ec42066c0fe4f9f52703c34817c4c3d/screenshot - {}
RESULT: {}
COMMAND: POST /session/8ec42066c0fe4f9f52703c34817c4c3d/execute/async - {"script":"<script> [1562 bytes]","args":[{"selector":{"id":"application-managehandovers-display-component---AddNewHO--smartFilterBar-btnBasicSearch","searchOpenDialogs":true,"interaction":{"idSuffix":"I"}},"wdio_ui5_key":"applicationmanagehandovers-display-component---AddNewHO--smartFilterBar-btnBasicSearch"}]}
RESULT: {"script":"<script> [1562 bytes]","args":[{"selector":{"id":"application-managehandovers-display-component---AddNewHO--smartFilterBar-btnBasicSearch","searchOpenDialogs":true,"interaction":{"idSuffix":"I"}},"wdio_ui5_key":"applicationmanagehandovers-display-component---AddNewHO--smartFilterBar-btnBasicSearch"}]}
RESULT: undefined
COMMAND: POST /session/8ec42066c0fe4f9f52703c34817c4c3d/execute/async - {"script":"<script> [776 bytes]","args":[{"enterText":"ceXc9iPOt2","selector":{"id":"application-managehandovers-display-component---AddNewHO--smartFilterBar-btnBasicSearch","searchOpenDialogs":true,"interaction":{"idSuffix":"I"}},"clearTextFirst":true,"interactionType":"ENTER_TEXT"}]}
RESULT: {"script":"<script> [776 bytes]","args":[{"enterText":"ceXc9iPOt2","selector":{"id":"application-managehandovers-display-component---AddNewHO--smartFilterBar-btnBasicSearch","searchOpenDialogs":true,"interaction":{"idSuffix":"I"}},"clearTextFirst":true,"interactionType":"ENTER_TEXT"}]}
COMMAND: POST /session/8ec42066c0fe4f9f52703c34817c4c3d/actions - {"actions":[{"id":"action19","type":"key","parameters":{},"actions":[{"type":"keyDown","value":"î€‡"},{"type":"pause","duration":10},{"type":"keyUp","value":"î€‡"}]}]}
RESULT: {"actions":[{"id":"action19","type":"key","parameters":{},"actions":[{"type":"keyDown","value":"î€‡"},{"type":"pause","duration":10},{"type":"keyUp","value":"î€‡"}]}]}
COMMAND: GET /session/8ec42066c0fe4f9f52703c34817c4c3d/screenshot - {}
RESULT: {}
COMMAND: POST /session/8ec42066c0fe4f9f52703c34817c4c3d/execute/async - {"script":"<script> [1562 bytes]","args":[{"selector":{"id":"application-managehandovers-display-component---AddNewHO--popup-sa","searchOpenDialogs":true,"interaction":{"idSuffix":"CbBg"}},"wdio_ui5_key":"applicationmanagehandovers-display-component---AddNewHO--popup-sa"}]}
RESULT: {"script":"<script> [1562 bytes]","args":[{"selector":{"id":"application-managehandovers-display-component---AddNewHO--popup-sa","searchOpenDialogs":true,"interaction":{"idSuffix":"CbBg"}},"wdio_ui5_key":"applicationmanagehandovers-display-component---AddNewHO--popup-sa"}]}
RESULT: undefined
COMMAND: POST /session/8ec42066c0fe4f9f52703c34817c4c3d/element - {"using":"xpath","value":"//*[@id=\"application-managehandovers-display-component---AddNewHO--popup-sa\"]"}
RESULT: {"using":"xpath","value":"//*[@id=\"application-managehandovers-display-component---AddNewHO--popup-sa\"]"}
COMMAND: POST /session/8ec42066c0fe4f9f52703c34817c4c3d/element/f.F4EC64F8967100924ED9DC3CB119C154.d.3C04DD634B8016C3C4CAA61EE5B20130.e.3615/click - {}
RESULT: {}
COMMAND: GET /session/8ec42066c0fe4f9f52703c34817c4c3d/screenshot - {}
RESULT: {}
COMMAND: POST /session/8ec42066c0fe4f9f52703c34817c4c3d/element - {"using":"xpath","value":"//bdi[contains(text(), \"Select\")]"}
RESULT: {"using":"xpath","value":"//bdi[contains(text(), \"Select\")]"}
COMMAND: POST /session/8ec42066c0fe4f9f52703c34817c4c3d/element/f.F4EC64F8967100924ED9DC3CB119C154.d.3C04DD634B8016C3C4CAA61EE5B20130.e.3616/click - {}
RESULT: {}
COMMAND: GET /session/8ec42066c0fe4f9f52703c34817c4c3d/screenshot - {}
RESULT: {}
COMMAND: POST /session/8ec42066c0fe4f9f52703c34817c4c3d/element - {"using":"xpath","value":"//button[@data-kt=\"AddNewHOSaveButton\"]"}
RESULT: {"using":"xpath","value":"//button[@data-kt=\"AddNewHOSaveButton\"]"}
COMMAND: POST /session/8ec42066c0fe4f9f52703c34817c4c3d/element/f.F4EC64F8967100924ED9DC3CB119C154.d.3C04DD634B8016C3C4CAA61EE5B20130.e.3620/click - {}
RESULT: {}
COMMAND: GET /session/8ec42066c0fe4f9f52703c34817c4c3d/screenshot - {}
RESULT: {}
COMMAND: POST /session/8ec42066c0fe4f9f52703c34817c4c3d/execute/async - {"script":"<script> [1562 bytes]","args":[{"selector":{"id":"receiptDatePicker","viewName":"etm.portal.ui.managehandovers.view.DetailExecuteHO","interaction":{"idSuffix":"inner"}},"wdio_ui5_key":"receiptDatePickeretmportal.ui.managehandovers.view.DetailExecuteHO"}]}
RESULT: {"script":"<script> [1562 bytes]","args":[{"selector":{"id":"receiptDatePicker","viewName":"etm.portal.ui.managehandovers.view.DetailExecuteHO","interaction":{"idSuffix":"inner"}},"wdio_ui5_key":"receiptDatePickeretmportal.ui.managehandovers.view.DetailExecuteHO"}]}
RESULT: undefined
COMMAND: POST /session/8ec42066c0fe4f9f52703c34817c4c3d/execute/async - {"script":"<script> [6424 bytes]","args":[{"element-6066-11e4-a52e-4f735466cecf":"f.F4EC64F8967100924ED9DC3CB119C154.d.3C04DD634B8016C3C4CAA61EE5B20130.e.3639"},"setValue",["5/17/25"]]}
RESULT: {"script":"<script> [6424 bytes]","args":[{"element-6066-11e4-a52e-4f735466cecf":"f.F4EC64F8967100924ED9DC3CB119C154.d.3C04DD634B8016C3C4CAA61EE5B20130.e.3639"},"setValue",["5/17/25"]]}
COMMAND: POST /session/8ec42066c0fe4f9f52703c34817c4c3d/element - {"using":"xpath","value":"//button[@data-kt=\"PickingTableConfirmAllButton\"]"}
RESULT: {"using":"xpath","value":"//button[@data-kt=\"PickingTableConfirmAllButton\"]"}
COMMAND: POST /session/8ec42066c0fe4f9f52703c34817c4c3d/element/f.F4EC64F8967100924ED9DC3CB119C154.d.3C04DD634B8016C3C4CAA61EE5B20130.e.3653/click - {}
RESULT: {}
COMMAND: GET /session/8ec42066c0fe4f9f52703c34817c4c3d/screenshot - {}
RESULT: {}
COMMAND: POST /session/8ec42066c0fe4f9f52703c34817c4c3d/element - {"using":"xpath","value":"//bdi[contains(text(), \"OK\")]"}
RESULT: {"using":"xpath","value":"//bdi[contains(text(), \"OK\")]"}
COMMAND: POST /session/8ec42066c0fe4f9f52703c34817c4c3d/element/f.F4EC64F8967100924ED9DC3CB119C154.d.3C04DD634B8016C3C4CAA61EE5B20130.e.3655/click - {}
RESULT: {}
COMMAND: GET /session/8ec42066c0fe4f9f52703c34817c4c3d/screenshot - {}
RESULT: {}
COMMAND: POST /session/8ec42066c0fe4f9f52703c34817c4c3d/element - {"using":"xpath","value":"(//bdi[contains(text(), \"Receive\")])[2]"}
RESULT: {"using":"xpath","value":"(//bdi[contains(text(), \"Receive\")])[2]"}
COMMAND: POST /session/8ec42066c0fe4f9f52703c34817c4c3d/element/f.F4EC64F8967100924ED9DC3CB119C154.d.3C04DD634B8016C3C4CAA61EE5B20130.e.3657/click - {}
RESULT: {}
COMMAND: GET /session/8ec42066c0fe4f9f52703c34817c4c3d/screenshot - {}
RESULT: {}
COMMAND: POST /session/8ec42066c0fe4f9f52703c34817c4c3d/element - {"using":"css selector","value":"#shell-header-logo"}
RESULT: {"using":"css selector","value":"#shell-header-logo"}
COMMAND: POST /session/8ec42066c0fe4f9f52703c34817c4c3d/element/f.F4EC64F8967100924ED9DC3CB119C154.d.3C04DD634B8016C3C4CAA61EE5B20130.e.3045/click - {}
RESULT: {}
COMMAND: GET /session/8ec42066c0fe4f9f52703c34817c4c3d/screenshot - {}
RESULT: {}
]]></system-out>
    </testcase>
    <testcase classname="chrome.136_0_7103_93.windows.RU_Inventory_Mass_State_Change_Multiple_Items_US151066" name="Prerequisite Step 2 Should do a stock increase handover for the material" time="101.678">
      <system-out><![CDATA[
RESULT: undefined
COMMAND: POST /session/8ec42066c0fe4f9f52703c34817c4c3d/element - {"using":"xpath","value":"//*[@id=\"__tile130\"]"}
RESULT: {"using":"xpath","value":"//*[@id=\"__tile130\"]"}
COMMAND: POST /session/8ec42066c0fe4f9f52703c34817c4c3d/element/f.F4EC64F8967100924ED9DC3CB119C154.d.3C04DD634B8016C3C4CAA61EE5B20130.e.245/click - {}
RESULT: {}
COMMAND: GET /session/8ec42066c0fe4f9f52703c34817c4c3d/screenshot - {}
RESULT: {}
COMMAND: POST /session/8ec42066c0fe4f9f52703c34817c4c3d/elements - {"using":"xpath","value":"//span[text()='Error']"}
RESULT: {"using":"xpath","value":"//span[text()='Error']"}
COMMAND: POST /session/8ec42066c0fe4f9f52703c34817c4c3d/element - {"using":"xpath","value":"//button[@data-kt=\"masterHOAddButton\"]"}
RESULT: {"using":"xpath","value":"//button[@data-kt=\"masterHOAddButton\"]"}
COMMAND: POST /session/8ec42066c0fe4f9f52703c34817c4c3d/elements - {"using":"xpath","value":"//button[@data-kt=\"masterHOAddButton\"]"}
RESULT: {"using":"xpath","value":"//button[@data-kt=\"masterHOAddButton\"]"}
COMMAND: POST /session/8ec42066c0fe4f9f52703c34817c4c3d/execute/sync - {"script":"<script> [8489 bytes]","args":[{"element-6066-11e4-a52e-4f735466cecf":"f.F4EC64F8967100924ED9DC3CB119C154.d.3C04DD634B8016C3C4CAA61EE5B20130.e.3855","ELEMENT":"f.F4EC64F8967100924ED9DC3CB119C154.d.3C04DD634B8016C3C4CAA61EE5B20130.e.3855"}]}
RESULT: {"script":"<script> [8489 bytes]","args":[{"element-6066-11e4-a52e-4f735466cecf":"f.F4EC64F8967100924ED9DC3CB119C154.d.3C04DD634B8016C3C4CAA61EE5B20130.e.3855","ELEMENT":"f.F4EC64F8967100924ED9DC3CB119C154.d.3C04DD634B8016C3C4CAA61EE5B20130.e.3855"}]}
COMMAND: GET /session/8ec42066c0fe4f9f52703c34817c4c3d/element/f.F4EC64F8967100924ED9DC3CB119C154.d.3C04DD634B8016C3C4CAA61EE5B20130.e.3855/enabled - {}
COMMAND: GET /session/8ec42066c0fe4f9f52703c34817c4c3d/screenshot - {}
RESULT: {}
COMMAND: POST /session/8ec42066c0fe4f9f52703c34817c4c3d/execute/sync - {"script":"<script> [8489 bytes]","args":[{"element-6066-11e4-a52e-4f735466cecf":"f.F4EC64F8967100924ED9DC3CB119C154.d.3C04DD634B8016C3C4CAA61EE5B20130.e.3855","ELEMENT":"f.F4EC64F8967100924ED9DC3CB119C154.d.3C04DD634B8016C3C4CAA61EE5B20130.e.3855"}]}
COMMAND: GET /session/8ec42066c0fe4f9f52703c34817c4c3d/screenshot - {}
RESULT: {}
RESULT: {"script":"<script> [8489 bytes]","args":[{"element-6066-11e4-a52e-4f735466cecf":"f.F4EC64F8967100924ED9DC3CB119C154.d.3C04DD634B8016C3C4CAA61EE5B20130.e.3855","ELEMENT":"f.F4EC64F8967100924ED9DC3CB119C154.d.3C04DD634B8016C3C4CAA61EE5B20130.e.3855"}]}
COMMAND: POST /session/8ec42066c0fe4f9f52703c34817c4c3d/execute/sync - {"script":"<script> [5351 bytes]","args":[{"element-6066-11e4-a52e-4f735466cecf":"f.F4EC64F8967100924ED9DC3CB119C154.d.3C04DD634B8016C3C4CAA61EE5B20130.e.3855","ELEMENT":"f.F4EC64F8967100924ED9DC3CB119C154.d.3C04DD634B8016C3C4CAA61EE5B20130.e.3855"}]}
COMMAND: GET /session/8ec42066c0fe4f9f52703c34817c4c3d/screenshot - {}
RESULT: {}
RESULT: {"script":"<script> [5351 bytes]","args":[{"element-6066-11e4-a52e-4f735466cecf":"f.F4EC64F8967100924ED9DC3CB119C154.d.3C04DD634B8016C3C4CAA61EE5B20130.e.3855","ELEMENT":"f.F4EC64F8967100924ED9DC3CB119C154.d.3C04DD634B8016C3C4CAA61EE5B20130.e.3855"}]}
COMMAND: POST /session/8ec42066c0fe4f9f52703c34817c4c3d/element/f.F4EC64F8967100924ED9DC3CB119C154.d.3C04DD634B8016C3C4CAA61EE5B20130.e.3855/click - {}
COMMAND: GET /session/8ec42066c0fe4f9f52703c34817c4c3d/screenshot - {}
RESULT: {}
RESULT: {}
COMMAND: GET /session/8ec42066c0fe4f9f52703c34817c4c3d/screenshot - {}
COMMAND: POST /session/8ec42066c0fe4f9f52703c34817c4c3d/element - {"using":"xpath","value":"//span[contains(@id ,\"AddNewHO--typeSelect-arrow\")]"}
RESULT: {}
RESULT: {}
RESULT: {"using":"xpath","value":"//span[contains(@id ,\"AddNewHO--typeSelect-arrow\")]"}
COMMAND: POST /session/8ec42066c0fe4f9f52703c34817c4c3d/element/f.F4EC64F8967100924ED9DC3CB119C154.d.3C04DD634B8016C3C4CAA61EE5B20130.e.4279/click - {}
RESULT: {}
COMMAND: GET /session/8ec42066c0fe4f9f52703c34817c4c3d/screenshot - {}
RESULT: {}
COMMAND: POST /session/8ec42066c0fe4f9f52703c34817c4c3d/element - {"using":"xpath","value":"(//li[contains(text(), \"stock increase yard\")])[1]"}
RESULT: {"using":"xpath","value":"(//li[contains(text(), \"stock increase yard\")])[1]"}
COMMAND: POST /session/8ec42066c0fe4f9f52703c34817c4c3d/element/f.F4EC64F8967100924ED9DC3CB119C154.d.3C04DD634B8016C3C4CAA61EE5B20130.e.4280/click - {}
RESULT: {}
COMMAND: GET /session/8ec42066c0fe4f9f52703c34817c4c3d/screenshot - {}
RESULT: {}
RESULT: undefined
COMMAND: POST /session/8ec42066c0fe4f9f52703c34817c4c3d/execute/async - {"script":"<script> [6424 bytes]","args":[{"element-6066-11e4-a52e-4f735466cecf":"f.F4EC64F8967100924ED9DC3CB119C154.d.3C04DD634B8016C3C4CAA61EE5B20130.e.3436"},"setValue",["5/17/25"]]}
COMMAND: POST /session/8ec42066c0fe4f9f52703c34817c4c3d/execute/async - {"script":"<script> [1562 bytes]","args":[{"selector":{"id":"application-managehandovers-display-component---AddNewHO--dueDate","interaction":{"idSuffix":"inner"}},"wdio_ui5_key":"applicationmanagehandovers-display-component---AddNewHO--dueDate"}]}
RESULT: {"script":"<script> [1562 bytes]","args":[{"selector":{"id":"application-managehandovers-display-component---AddNewHO--dueDate","interaction":{"idSuffix":"inner"}},"wdio_ui5_key":"applicationmanagehandovers-display-component---AddNewHO--dueDate"}]}
COMMAND: POST /session/8ec42066c0fe4f9f52703c34817c4c3d/execute/async - {"script":"<script> [6424 bytes]","args":[{"element-6066-11e4-a52e-4f735466cecf":"f.F4EC64F8967100924ED9DC3CB119C154.d.3C04DD634B8016C3C4CAA61EE5B20130.e.4282"},"setValue",["5/17/25"]]}
RESULT: {"script":"<script> [6424 bytes]","args":[{"element-6066-11e4-a52e-4f735466cecf":"f.F4EC64F8967100924ED9DC3CB119C154.d.3C04DD634B8016C3C4CAA61EE5B20130.e.4282"},"setValue",["5/17/25"]]}
COMMAND: POST /session/8ec42066c0fe4f9f52703c34817c4c3d/element - {"using":"xpath","value":"//input[@id=\"generalSectionFrg--receiveYard-inner\"]"}
RESULT: {"using":"xpath","value":"//input[@id=\"generalSectionFrg--receiveYard-inner\"]"}
COMMAND: POST /session/8ec42066c0fe4f9f52703c34817c4c3d/element/f.F4EC64F8967100924ED9DC3CB119C154.d.3C04DD634B8016C3C4CAA61EE5B20130.e.4286/clear - {}
RESULT: {}
COMMAND: POST /session/8ec42066c0fe4f9f52703c34817c4c3d/element/f.F4EC64F8967100924ED9DC3CB119C154.d.3C04DD634B8016C3C4CAA61EE5B20130.e.4286/value - {"text":"109"}
COMMAND: GET /session/8ec42066c0fe4f9f52703c34817c4c3d/screenshot - {}
RESULT: {"text":"109"}
COMMAND: GET /session/8ec42066c0fe4f9f52703c34817c4c3d/screenshot - {}
RESULT: {}
RESULT: {}
COMMAND: POST /session/8ec42066c0fe4f9f52703c34817c4c3d/element - {"using":"xpath","value":"//li[.//span[text()='109']]"}
RESULT: {"using":"xpath","value":"//li[.//span[text()='109']]"}
COMMAND: POST /session/8ec42066c0fe4f9f52703c34817c4c3d/element/f.F4EC64F8967100924ED9DC3CB119C154.d.3C04DD634B8016C3C4CAA61EE5B20130.e.4304/click - {}
RESULT: {}
COMMAND: GET /session/8ec42066c0fe4f9f52703c34817c4c3d/screenshot - {}
RESULT: {}
RESULT: undefined
COMMAND: POST /session/8ec42066c0fe4f9f52703c34817c4c3d/element - {"using":"xpath","value":"//*[@id=\"application-managehandovers-display-component---AddNewHO--ObjectPageLayout-anchBar-application-managehandovers-display-component---AddNewHO--section4-anchor\"]"}
RESULT: {"using":"xpath","value":"//*[@id=\"application-managehandovers-display-component---AddNewHO--ObjectPageLayout-anchBar-application-managehandovers-display-component---AddNewHO--section4-anchor\"]"}
COMMAND: POST /session/8ec42066c0fe4f9f52703c34817c4c3d/element/f.F4EC64F8967100924ED9DC3CB119C154.d.3C04DD634B8016C3C4CAA61EE5B20130.e.4305/click - {}
RESULT: {}
COMMAND: POST /session/8ec42066c0fe4f9f52703c34817c4c3d/element - {"using":"xpath","value":"//button[@aria-label=\"Add\"]"}
COMMAND: GET /session/8ec42066c0fe4f9f52703c34817c4c3d/screenshot - {}
RESULT: {"using":"xpath","value":"//button[@aria-label=\"Add\"]"}
COMMAND: POST /session/8ec42066c0fe4f9f52703c34817c4c3d/element/f.F4EC64F8967100924ED9DC3CB119C154.d.3C04DD634B8016C3C4CAA61EE5B20130.e.4309/click - {}
RESULT: {}
RESULT: {}
COMMAND: GET /session/8ec42066c0fe4f9f52703c34817c4c3d/screenshot - {}
RESULT: {}
RESULT: undefined
COMMAND: POST /session/8ec42066c0fe4f9f52703c34817c4c3d/execute/async - {"script":"<script> [776 bytes]","args":[{"enterText":"200252","selector":{"id":"application-managehandovers-display-component---AddNewHO--smartFilterBar-btnBasicSearch","searchOpenDialogs":true,"interaction":{"idSuffix":"I"}},"clearTextFirst":true,"interactionType":"ENTER_TEXT"}]}
RESULT: {"script":"<script> [776 bytes]","args":[{"enterText":"200252","selector":{"id":"application-managehandovers-display-component---AddNewHO--smartFilterBar-btnBasicSearch","searchOpenDialogs":true,"interaction":{"idSuffix":"I"}},"clearTextFirst":true,"interactionType":"ENTER_TEXT"}]}
COMMAND: POST /session/8ec42066c0fe4f9f52703c34817c4c3d/actions - {"actions":[{"id":"action20","type":"key","parameters":{},"actions":[{"type":"keyDown","value":"î€‡"},{"type":"pause","duration":10},{"type":"keyUp","value":"î€‡"}]}]}
RESULT: {"actions":[{"id":"action20","type":"key","parameters":{},"actions":[{"type":"keyDown","value":"î€‡"},{"type":"pause","duration":10},{"type":"keyUp","value":"î€‡"}]}]}
COMMAND: GET /session/8ec42066c0fe4f9f52703c34817c4c3d/screenshot - {}
RESULT: {}
RESULT: undefined
COMMAND: POST /session/8ec42066c0fe4f9f52703c34817c4c3d/element - {"using":"xpath","value":"//*[@id=\"application-managehandovers-display-component---AddNewHO--popup-sa\"]"}
RESULT: {"using":"xpath","value":"//*[@id=\"application-managehandovers-display-component---AddNewHO--popup-sa\"]"}
COMMAND: POST /session/8ec42066c0fe4f9f52703c34817c4c3d/element/f.F4EC64F8967100924ED9DC3CB119C154.d.3C04DD634B8016C3C4CAA61EE5B20130.e.4460/click - {}
RESULT: {}
COMMAND: GET /session/8ec42066c0fe4f9f52703c34817c4c3d/screenshot - {}
RESULT: {}
COMMAND: POST /session/8ec42066c0fe4f9f52703c34817c4c3d/element - {"using":"xpath","value":"//bdi[contains(text(), \"Select\")]"}
RESULT: {"using":"xpath","value":"//bdi[contains(text(), \"Select\")]"}
COMMAND: POST /session/8ec42066c0fe4f9f52703c34817c4c3d/element/f.F4EC64F8967100924ED9DC3CB119C154.d.3C04DD634B8016C3C4CAA61EE5B20130.e.4461/click - {}
RESULT: {}
COMMAND: GET /session/8ec42066c0fe4f9f52703c34817c4c3d/screenshot - {}
RESULT: {}
COMMAND: POST /session/8ec42066c0fe4f9f52703c34817c4c3d/element - {"using":"xpath","value":"//button[@data-kt=\"AddNewHOSaveButton\"]"}
RESULT: {"using":"xpath","value":"//button[@data-kt=\"AddNewHOSaveButton\"]"}
COMMAND: POST /session/8ec42066c0fe4f9f52703c34817c4c3d/element/f.F4EC64F8967100924ED9DC3CB119C154.d.3C04DD634B8016C3C4CAA61EE5B20130.e.4465/click - {}
RESULT: {}
COMMAND: GET /session/8ec42066c0fe4f9f52703c34817c4c3d/screenshot - {}
RESULT: {}
RESULT: undefined
COMMAND: POST /session/8ec42066c0fe4f9f52703c34817c4c3d/execute/async - {"script":"<script> [6424 bytes]","args":[{"element-6066-11e4-a52e-4f735466cecf":"f.F4EC64F8967100924ED9DC3CB119C154.d.3C04DD634B8016C3C4CAA61EE5B20130.e.3639"},"setValue",["5/17/25"]]}
COMMAND: POST /session/8ec42066c0fe4f9f52703c34817c4c3d/execute/async - {"script":"<script> [1562 bytes]","args":[{"selector":{"id":"receiptDatePicker","viewName":"etm.portal.ui.managehandovers.view.DetailExecuteHO","interaction":{"idSuffix":"inner"}},"wdio_ui5_key":"receiptDatePickeretmportal.ui.managehandovers.view.DetailExecuteHO"}]}
RESULT: {"script":"<script> [1562 bytes]","args":[{"selector":{"id":"receiptDatePicker","viewName":"etm.portal.ui.managehandovers.view.DetailExecuteHO","interaction":{"idSuffix":"inner"}},"wdio_ui5_key":"receiptDatePickeretmportal.ui.managehandovers.view.DetailExecuteHO"}]}
COMMAND: POST /session/8ec42066c0fe4f9f52703c34817c4c3d/execute/async - {"script":"<script> [6424 bytes]","args":[{"element-6066-11e4-a52e-4f735466cecf":"f.F4EC64F8967100924ED9DC3CB119C154.d.3C04DD634B8016C3C4CAA61EE5B20130.e.4486"},"setValue",["5/17/25"]]}
RESULT: {"script":"<script> [6424 bytes]","args":[{"element-6066-11e4-a52e-4f735466cecf":"f.F4EC64F8967100924ED9DC3CB119C154.d.3C04DD634B8016C3C4CAA61EE5B20130.e.4486"},"setValue",["5/17/25"]]}
COMMAND: POST /session/8ec42066c0fe4f9f52703c34817c4c3d/element - {"using":"xpath","value":"//button[@data-kt=\"PickingTableConfirmAllButton\"]"}
RESULT: {"using":"xpath","value":"//button[@data-kt=\"PickingTableConfirmAllButton\"]"}
COMMAND: POST /session/8ec42066c0fe4f9f52703c34817c4c3d/element/f.F4EC64F8967100924ED9DC3CB119C154.d.3C04DD634B8016C3C4CAA61EE5B20130.e.4499/click - {}
RESULT: {}
COMMAND: GET /session/8ec42066c0fe4f9f52703c34817c4c3d/screenshot - {}
RESULT: {}
COMMAND: POST /session/8ec42066c0fe4f9f52703c34817c4c3d/element - {"using":"xpath","value":"//bdi[contains(text(), \"OK\")]"}
RESULT: {"using":"xpath","value":"//bdi[contains(text(), \"OK\")]"}
COMMAND: POST /session/8ec42066c0fe4f9f52703c34817c4c3d/element/f.F4EC64F8967100924ED9DC3CB119C154.d.3C04DD634B8016C3C4CAA61EE5B20130.e.4501/click - {}
RESULT: {}
COMMAND: GET /session/8ec42066c0fe4f9f52703c34817c4c3d/screenshot - {}
RESULT: {}
COMMAND: POST /session/8ec42066c0fe4f9f52703c34817c4c3d/element - {"using":"xpath","value":"(//bdi[contains(text(), \"Receive\")])[2]"}
RESULT: {"using":"xpath","value":"(//bdi[contains(text(), \"Receive\")])[2]"}
COMMAND: POST /session/8ec42066c0fe4f9f52703c34817c4c3d/element/f.F4EC64F8967100924ED9DC3CB119C154.d.3C04DD634B8016C3C4CAA61EE5B20130.e.4503/click - {}
RESULT: {}
COMMAND: GET /session/8ec42066c0fe4f9f52703c34817c4c3d/screenshot - {}
RESULT: {}
COMMAND: POST /session/8ec42066c0fe4f9f52703c34817c4c3d/element - {"using":"css selector","value":"#shell-header-logo"}
RESULT: {"using":"css selector","value":"#shell-header-logo"}
COMMAND: POST /session/8ec42066c0fe4f9f52703c34817c4c3d/element/f.F4EC64F8967100924ED9DC3CB119C154.d.3C04DD634B8016C3C4CAA61EE5B20130.e.3827/click - {}
RESULT: {}
COMMAND: GET /session/8ec42066c0fe4f9f52703c34817c4c3d/screenshot - {}
RESULT: {}
]]></system-out>
    </testcase>
  </testsuite>
</testsuites>