<?xml version="1.0" encoding="UTF-8"?>
<testsuites tests="49" failures="0" errors="0" skipped="0">
  <testsuite timestamp="2025-05-18T15:06:54" time="1846.682" tests="49" failures="0" errors="0" skipped="0">
    <properties>
      <property name="specId" value="0" />
      <property name="suiteName" value="Sanity Tests US104253" />
      <property name="capabilities" value="chrome.136_0_7103_93.windows" />
      <property name="file" value="file:///D:/a/1/s/test/specs/General/sanity.spec.js" />
    </properties>
    <testcase classname="chrome.136_0_7103_93.windows.Sanity_Tests_US104253" name="Should open Manage Partners page" time="38.45">
      <system-out><![CDATA[
COMMAND: POST /session/fc99bad58b82990b6dcb49d7228acab8/execute/async - {"script":"<script> [1562 bytes]","args":[{"selector":{"controlType":"sap.m.GenericTile","properties":{"header":"Manage Partners"}},"wdio_ui5_key":"sapm.GenericTile{\"header\":\"Manage Partners\"}"}]}
RESULT: {"script":"<script> [1562 bytes]","args":[{"selector":{"controlType":"sap.m.GenericTile","properties":{"header":"Manage Partners"}},"wdio_ui5_key":"sapm.GenericTile{\"header\":\"Manage Partners\"}"}]}
RESULT: undefined
COMMAND: POST /session/fc99bad58b82990b6dcb49d7228acab8/element - {"using":"xpath","value":"//*[@id=\"__tile38\"]"}
RESULT: {"using":"xpath","value":"//*[@id=\"__tile38\"]"}
COMMAND: POST /session/fc99bad58b82990b6dcb49d7228acab8/element/f.947A257AA7CC65A8B02F4C22A23DA17C.d.7809D585C962018391AD35C216C8CB45.e.116/click - {}
RESULT: {}
COMMAND: GET /session/fc99bad58b82990b6dcb49d7228acab8/screenshot - {}
RESULT: {}
COMMAND: POST /session/fc99bad58b82990b6dcb49d7228acab8/elements - {"using":"xpath","value":"//span[text()='Error']"}
RESULT: {"using":"xpath","value":"//span[text()='Error']"}
RESULT: undefined
COMMAND: POST /session/fc99bad58b82990b6dcb49d7228acab8/element - {"using":"xpath","value":"//*[@id=\"__tile38\"]"}
RESULT: {"using":"xpath","value":"//*[@id=\"__tile38\"]"}
COMMAND: POST /session/fc99bad58b82990b6dcb49d7228acab8/element/f.947A257AA7CC65A8B02F4C22A23DA17C.d.7809D585C962018391AD35C216C8CB45.e.116/click - {}
RESULT: undefined
COMMAND: POST /session/fc99bad58b82990b6dcb49d7228acab8/element - {"using":"xpath","value":"//*[@id=\"__tile38\"]"}
RESULT: {"using":"xpath","value":"//*[@id=\"__tile38\"]"}
COMMAND: POST /session/fc99bad58b82990b6dcb49d7228acab8/element/f.947A257AA7CC65A8B02F4C22A23DA17C.d.7809D585C962018391AD35C216C8CB45.e.116/click - {}
COMMAND: POST /session/fc99bad58b82990b6dcb49d7228acab8/execute/async - {"script":"<script> [1562 bytes]","args":[{"selector":{"id":"shellAppTitle"},"wdio_ui5_key":"shellAppTitle"}]}
RESULT: {"script":"<script> [1562 bytes]","args":[{"selector":{"id":"shellAppTitle"},"wdio_ui5_key":"shellAppTitle"}]}
RESULT: undefined
COMMAND: POST /session/fc99bad58b82990b6dcb49d7228acab8/execute/async - {"script":"<script> [6424 bytes]","args":[{"element-6066-11e4-a52e-4f735466cecf":"f.947A257AA7CC65A8B02F4C22A23DA17C.d.7809D585C962018391AD35C216C8CB45.e.295"},"getTitle",[]]}
RESULT: {"script":"<script> [6424 bytes]","args":[{"element-6066-11e4-a52e-4f735466cecf":"f.947A257AA7CC65A8B02F4C22A23DA17C.d.7809D585C962018391AD35C216C8CB45.e.295"},"getTitle",[]]}
COMMAND: POST /session/fc99bad58b82990b6dcb49d7228acab8/execute/async - {"script":"<script> [1562 bytes]","args":[{"selector":{"id":"backBtn"},"wdio_ui5_key":"backBtn"}]}
RESULT: {"script":"<script> [1562 bytes]","args":[{"selector":{"id":"backBtn"},"wdio_ui5_key":"backBtn"}]}
RESULT: undefined
COMMAND: POST /session/fc99bad58b82990b6dcb49d7228acab8/element - {"using":"xpath","value":"//*[@id=\"backBtn\"]"}
RESULT: {"using":"xpath","value":"//*[@id=\"backBtn\"]"}
COMMAND: POST /session/fc99bad58b82990b6dcb49d7228acab8/element/f.947A257AA7CC65A8B02F4C22A23DA17C.d.7809D585C962018391AD35C216C8CB45.e.296/click - {}
RESULT: {}
COMMAND: GET /session/fc99bad58b82990b6dcb49d7228acab8/screenshot - {}
RESULT: {}
]]></system-out>
    </testcase>
    <testcase classname="chrome.136_0_7103_93.windows.Sanity_Tests_US104253" name="Should open Manage Sites page" time="35.889">
      <system-out><![CDATA[
COMMAND: POST /session/fc99bad58b82990b6dcb49d7228acab8/execute/async - {"script":"<script> [1562 bytes]","args":[{"selector":{"controlType":"sap.m.GenericTile","properties":{"header":"Manage Sites"}},"wdio_ui5_key":"sapm.GenericTile{\"header\":\"Manage Sites\"}"}]}
RESULT: {"script":"<script> [1562 bytes]","args":[{"selector":{"controlType":"sap.m.GenericTile","properties":{"header":"Manage Sites"}},"wdio_ui5_key":"sapm.GenericTile{\"header\":\"Manage Sites\"}"}]}
RESULT: undefined
COMMAND: POST /session/fc99bad58b82990b6dcb49d7228acab8/element - {"using":"xpath","value":"//*[@id=\"__tile40\"]"}
RESULT: {"using":"xpath","value":"//*[@id=\"__tile40\"]"}
COMMAND: POST /session/fc99bad58b82990b6dcb49d7228acab8/element/f.947A257AA7CC65A8B02F4C22A23DA17C.d.7809D585C962018391AD35C216C8CB45.e.298/click - {}
RESULT: {}
COMMAND: GET /session/fc99bad58b82990b6dcb49d7228acab8/screenshot - {}
RESULT: {}
COMMAND: POST /session/fc99bad58b82990b6dcb49d7228acab8/elements - {"using":"xpath","value":"//span[text()='Error']"}
RESULT: {"using":"xpath","value":"//span[text()='Error']"}
RESULT: undefined
COMMAND: POST /session/fc99bad58b82990b6dcb49d7228acab8/element - {"using":"xpath","value":"//*[@id=\"__tile40\"]"}
RESULT: {"using":"xpath","value":"//*[@id=\"__tile40\"]"}
COMMAND: POST /session/fc99bad58b82990b6dcb49d7228acab8/element/f.947A257AA7CC65A8B02F4C22A23DA17C.d.7809D585C962018391AD35C216C8CB45.e.298/click - {}
RESULT: undefined
COMMAND: POST /session/fc99bad58b82990b6dcb49d7228acab8/element - {"using":"xpath","value":"//*[@id=\"__tile40\"]"}
RESULT: {"using":"xpath","value":"//*[@id=\"__tile40\"]"}
COMMAND: POST /session/fc99bad58b82990b6dcb49d7228acab8/element/f.947A257AA7CC65A8B02F4C22A23DA17C.d.7809D585C962018391AD35C216C8CB45.e.298/click - {}
RESULT: undefined
COMMAND: POST /session/fc99bad58b82990b6dcb49d7228acab8/execute/async - {"script":"<script> [6424 bytes]","args":[{"element-6066-11e4-a52e-4f735466cecf":"f.947A257AA7CC65A8B02F4C22A23DA17C.d.7809D585C962018391AD35C216C8CB45.e.295"},"getTitle",[]]}
COMMAND: POST /session/fc99bad58b82990b6dcb49d7228acab8/execute/async - {"script":"<script> [1562 bytes]","args":[{"selector":{"id":"shellAppTitle"},"wdio_ui5_key":"shellAppTitle"}]}
RESULT: {"script":"<script> [1562 bytes]","args":[{"selector":{"id":"shellAppTitle"},"wdio_ui5_key":"shellAppTitle"}]}
COMMAND: POST /session/fc99bad58b82990b6dcb49d7228acab8/execute/async - {"script":"<script> [6424 bytes]","args":[{"element-6066-11e4-a52e-4f735466cecf":"f.947A257AA7CC65A8B02F4C22A23DA17C.d.7809D585C962018391AD35C216C8CB45.e.487"},"getTitle",[]]}
RESULT: {"script":"<script> [6424 bytes]","args":[{"element-6066-11e4-a52e-4f735466cecf":"f.947A257AA7CC65A8B02F4C22A23DA17C.d.7809D585C962018391AD35C216C8CB45.e.487"},"getTitle",[]]}
RESULT: undefined
COMMAND: POST /session/fc99bad58b82990b6dcb49d7228acab8/element/f.947A257AA7CC65A8B02F4C22A23DA17C.d.7809D585C962018391AD35C216C8CB45.e.296/click - {}
RESULT: {}
COMMAND: GET /session/fc99bad58b82990b6dcb49d7228acab8/screenshot - {}
RESULT: {}
]]></system-out>
    </testcase>
    <testcase classname="chrome.136_0_7103_93.windows.Sanity_Tests_US104253" name="Should open Manage Resources page" time="36.167">
      <system-out><![CDATA[
COMMAND: POST /session/fc99bad58b82990b6dcb49d7228acab8/execute/async - {"script":"<script> [1562 bytes]","args":[{"selector":{"controlType":"sap.m.GenericTile","properties":{"header":"Manage Resources"}},"wdio_ui5_key":"sapm.GenericTile{\"header\":\"Manage Resources\"}"}]}
RESULT: {"script":"<script> [1562 bytes]","args":[{"selector":{"controlType":"sap.m.GenericTile","properties":{"header":"Manage Resources"}},"wdio_ui5_key":"sapm.GenericTile{\"header\":\"Manage Resources\"}"}]}
RESULT: undefined
COMMAND: POST /session/fc99bad58b82990b6dcb49d7228acab8/element - {"using":"xpath","value":"//*[@id=\"__tile39\"]"}
RESULT: {"using":"xpath","value":"//*[@id=\"__tile39\"]"}
COMMAND: POST /session/fc99bad58b82990b6dcb49d7228acab8/element/f.947A257AA7CC65A8B02F4C22A23DA17C.d.7809D585C962018391AD35C216C8CB45.e.489/click - {}
RESULT: {}
COMMAND: GET /session/fc99bad58b82990b6dcb49d7228acab8/screenshot - {}
RESULT: {}
COMMAND: POST /session/fc99bad58b82990b6dcb49d7228acab8/elements - {"using":"xpath","value":"//span[text()='Error']"}
RESULT: {"using":"xpath","value":"//span[text()='Error']"}
RESULT: undefined
COMMAND: POST /session/fc99bad58b82990b6dcb49d7228acab8/element - {"using":"xpath","value":"//*[@id=\"__tile39\"]"}
RESULT: {"using":"xpath","value":"//*[@id=\"__tile39\"]"}
COMMAND: POST /session/fc99bad58b82990b6dcb49d7228acab8/element/f.947A257AA7CC65A8B02F4C22A23DA17C.d.7809D585C962018391AD35C216C8CB45.e.489/click - {}
RESULT: undefined
COMMAND: POST /session/fc99bad58b82990b6dcb49d7228acab8/element - {"using":"xpath","value":"//*[@id=\"__tile39\"]"}
RESULT: {"using":"xpath","value":"//*[@id=\"__tile39\"]"}
COMMAND: POST /session/fc99bad58b82990b6dcb49d7228acab8/element/f.947A257AA7CC65A8B02F4C22A23DA17C.d.7809D585C962018391AD35C216C8CB45.e.489/click - {}
RESULT: undefined
COMMAND: POST /session/fc99bad58b82990b6dcb49d7228acab8/execute/async - {"script":"<script> [6424 bytes]","args":[{"element-6066-11e4-a52e-4f735466cecf":"f.947A257AA7CC65A8B02F4C22A23DA17C.d.7809D585C962018391AD35C216C8CB45.e.295"},"getTitle",[]]}
COMMAND: POST /session/fc99bad58b82990b6dcb49d7228acab8/execute/async - {"script":"<script> [1562 bytes]","args":[{"selector":{"id":"shellAppTitle"},"wdio_ui5_key":"shellAppTitle"}]}
RESULT: {"script":"<script> [1562 bytes]","args":[{"selector":{"id":"shellAppTitle"},"wdio_ui5_key":"shellAppTitle"}]}
COMMAND: POST /session/fc99bad58b82990b6dcb49d7228acab8/execute/async - {"script":"<script> [6424 bytes]","args":[{"element-6066-11e4-a52e-4f735466cecf":"f.947A257AA7CC65A8B02F4C22A23DA17C.d.7809D585C962018391AD35C216C8CB45.e.663"},"getTitle",[]]}
RESULT: {"script":"<script> [6424 bytes]","args":[{"element-6066-11e4-a52e-4f735466cecf":"f.947A257AA7CC65A8B02F4C22A23DA17C.d.7809D585C962018391AD35C216C8CB45.e.663"},"getTitle",[]]}
RESULT: undefined
COMMAND: POST /session/fc99bad58b82990b6dcb49d7228acab8/element/f.947A257AA7CC65A8B02F4C22A23DA17C.d.7809D585C962018391AD35C216C8CB45.e.296/click - {}
COMMAND: POST /session/fc99bad58b82990b6dcb49d7228acab8/element - {"using":"xpath","value":"//*[@id=\"backBtn\"]"}
RESULT: {"using":"xpath","value":"//*[@id=\"backBtn\"]"}
COMMAND: POST /session/fc99bad58b82990b6dcb49d7228acab8/element/f.947A257AA7CC65A8B02F4C22A23DA17C.d.7809D585C962018391AD35C216C8CB45.e.296/click - {}
COMMAND: POST /session/fc99bad58b82990b6dcb49d7228acab8/element - {"using":"xpath","value":"//*[@id=\"backBtn\"]"}
RESULT: {"using":"xpath","value":"//*[@id=\"backBtn\"]"}
COMMAND: POST /session/fc99bad58b82990b6dcb49d7228acab8/element/f.947A257AA7CC65A8B02F4C22A23DA17C.d.7809D585C962018391AD35C216C8CB45.e.664/click - {}
RESULT: {}
COMMAND: GET /session/fc99bad58b82990b6dcb49d7228acab8/screenshot - {}
RESULT: {}
]]></system-out>
    </testcase>
    <testcase classname="chrome.136_0_7103_93.windows.Sanity_Tests_US104253" name="Should open Manage Catalogs page" time="36.121">
      <system-out><![CDATA[
COMMAND: POST /session/fc99bad58b82990b6dcb49d7228acab8/execute/async - {"script":"<script> [1562 bytes]","args":[{"selector":{"controlType":"sap.m.GenericTile","properties":{"header":"Manage Catalogs"}},"wdio_ui5_key":"sapm.GenericTile{\"header\":\"Manage Catalogs\"}"}]}
RESULT: {"script":"<script> [1562 bytes]","args":[{"selector":{"controlType":"sap.m.GenericTile","properties":{"header":"Manage Catalogs"}},"wdio_ui5_key":"sapm.GenericTile{\"header\":\"Manage Catalogs\"}"}]}
RESULT: undefined
COMMAND: POST /session/fc99bad58b82990b6dcb49d7228acab8/element - {"using":"xpath","value":"//*[@id=\"__tile37\"]"}
RESULT: {"using":"xpath","value":"//*[@id=\"__tile37\"]"}
COMMAND: POST /session/fc99bad58b82990b6dcb49d7228acab8/element/f.947A257AA7CC65A8B02F4C22A23DA17C.d.7809D585C962018391AD35C216C8CB45.e.666/click - {}
RESULT: {}
COMMAND: GET /session/fc99bad58b82990b6dcb49d7228acab8/screenshot - {}
RESULT: {}
COMMAND: POST /session/fc99bad58b82990b6dcb49d7228acab8/elements - {"using":"xpath","value":"//span[text()='Error']"}
RESULT: {"using":"xpath","value":"//span[text()='Error']"}
RESULT: undefined
COMMAND: POST /session/fc99bad58b82990b6dcb49d7228acab8/element - {"using":"xpath","value":"//*[@id=\"__tile37\"]"}
RESULT: {"using":"xpath","value":"//*[@id=\"__tile37\"]"}
COMMAND: POST /session/fc99bad58b82990b6dcb49d7228acab8/element/f.947A257AA7CC65A8B02F4C22A23DA17C.d.7809D585C962018391AD35C216C8CB45.e.666/click - {}
RESULT: undefined
COMMAND: POST /session/fc99bad58b82990b6dcb49d7228acab8/element - {"using":"xpath","value":"//*[@id=\"__tile37\"]"}
RESULT: {"using":"xpath","value":"//*[@id=\"__tile37\"]"}
COMMAND: POST /session/fc99bad58b82990b6dcb49d7228acab8/element/f.947A257AA7CC65A8B02F4C22A23DA17C.d.7809D585C962018391AD35C216C8CB45.e.666/click - {}
RESULT: undefined
COMMAND: POST /session/fc99bad58b82990b6dcb49d7228acab8/execute/async - {"script":"<script> [6424 bytes]","args":[{"element-6066-11e4-a52e-4f735466cecf":"f.947A257AA7CC65A8B02F4C22A23DA17C.d.7809D585C962018391AD35C216C8CB45.e.295"},"getTitle",[]]}
COMMAND: POST /session/fc99bad58b82990b6dcb49d7228acab8/execute/async - {"script":"<script> [1562 bytes]","args":[{"selector":{"id":"shellAppTitle"},"wdio_ui5_key":"shellAppTitle"}]}
RESULT: {"script":"<script> [1562 bytes]","args":[{"selector":{"id":"shellAppTitle"},"wdio_ui5_key":"shellAppTitle"}]}
COMMAND: POST /session/fc99bad58b82990b6dcb49d7228acab8/execute/async - {"script":"<script> [6424 bytes]","args":[{"element-6066-11e4-a52e-4f735466cecf":"f.947A257AA7CC65A8B02F4C22A23DA17C.d.7809D585C962018391AD35C216C8CB45.e.737"},"getTitle",[]]}
RESULT: {"script":"<script> [6424 bytes]","args":[{"element-6066-11e4-a52e-4f735466cecf":"f.947A257AA7CC65A8B02F4C22A23DA17C.d.7809D585C962018391AD35C216C8CB45.e.737"},"getTitle",[]]}
RESULT: undefined
COMMAND: POST /session/fc99bad58b82990b6dcb49d7228acab8/element/f.947A257AA7CC65A8B02F4C22A23DA17C.d.7809D585C962018391AD35C216C8CB45.e.664/click - {}
RESULT: {}
COMMAND: GET /session/fc99bad58b82990b6dcb49d7228acab8/screenshot - {}
RESULT: {}
]]></system-out>
    </testcase>
    <testcase classname="chrome.136_0_7103_93.windows.Sanity_Tests_US104253" name="Should open Manage Calendars page" time="36.134">
      <system-out><![CDATA[
COMMAND: POST /session/fc99bad58b82990b6dcb49d7228acab8/execute/async - {"script":"<script> [1562 bytes]","args":[{"selector":{"controlType":"sap.m.GenericTile","properties":{"header":"Manage Calendars"}},"wdio_ui5_key":"sapm.GenericTile{\"header\":\"Manage Calendars\"}"}]}
RESULT: {"script":"<script> [1562 bytes]","args":[{"selector":{"controlType":"sap.m.GenericTile","properties":{"header":"Manage Calendars"}},"wdio_ui5_key":"sapm.GenericTile{\"header\":\"Manage Calendars\"}"}]}
RESULT: undefined
COMMAND: POST /session/fc99bad58b82990b6dcb49d7228acab8/element - {"using":"xpath","value":"//*[@id=\"__tile36\"]"}
RESULT: {"using":"xpath","value":"//*[@id=\"__tile36\"]"}
COMMAND: POST /session/fc99bad58b82990b6dcb49d7228acab8/element/f.947A257AA7CC65A8B02F4C22A23DA17C.d.7809D585C962018391AD35C216C8CB45.e.739/click - {}
RESULT: {}
COMMAND: GET /session/fc99bad58b82990b6dcb49d7228acab8/screenshot - {}
RESULT: {}
COMMAND: POST /session/fc99bad58b82990b6dcb49d7228acab8/elements - {"using":"xpath","value":"//span[text()='Error']"}
RESULT: {"using":"xpath","value":"//span[text()='Error']"}
RESULT: undefined
COMMAND: POST /session/fc99bad58b82990b6dcb49d7228acab8/element - {"using":"xpath","value":"//*[@id=\"__tile36\"]"}
RESULT: {"using":"xpath","value":"//*[@id=\"__tile36\"]"}
COMMAND: POST /session/fc99bad58b82990b6dcb49d7228acab8/element/f.947A257AA7CC65A8B02F4C22A23DA17C.d.7809D585C962018391AD35C216C8CB45.e.739/click - {}
RESULT: undefined
COMMAND: POST /session/fc99bad58b82990b6dcb49d7228acab8/element - {"using":"xpath","value":"//*[@id=\"__tile36\"]"}
RESULT: {"using":"xpath","value":"//*[@id=\"__tile36\"]"}
COMMAND: POST /session/fc99bad58b82990b6dcb49d7228acab8/element/f.947A257AA7CC65A8B02F4C22A23DA17C.d.7809D585C962018391AD35C216C8CB45.e.739/click - {}
RESULT: undefined
COMMAND: POST /session/fc99bad58b82990b6dcb49d7228acab8/execute/async - {"script":"<script> [6424 bytes]","args":[{"element-6066-11e4-a52e-4f735466cecf":"f.947A257AA7CC65A8B02F4C22A23DA17C.d.7809D585C962018391AD35C216C8CB45.e.295"},"getTitle",[]]}
COMMAND: POST /session/fc99bad58b82990b6dcb49d7228acab8/execute/async - {"script":"<script> [1562 bytes]","args":[{"selector":{"id":"shellAppTitle"},"wdio_ui5_key":"shellAppTitle"}]}
RESULT: {"script":"<script> [1562 bytes]","args":[{"selector":{"id":"shellAppTitle"},"wdio_ui5_key":"shellAppTitle"}]}
COMMAND: POST /session/fc99bad58b82990b6dcb49d7228acab8/execute/async - {"script":"<script> [6424 bytes]","args":[{"element-6066-11e4-a52e-4f735466cecf":"f.947A257AA7CC65A8B02F4C22A23DA17C.d.7809D585C962018391AD35C216C8CB45.e.820"},"getTitle",[]]}
RESULT: {"script":"<script> [6424 bytes]","args":[{"element-6066-11e4-a52e-4f735466cecf":"f.947A257AA7CC65A8B02F4C22A23DA17C.d.7809D585C962018391AD35C216C8CB45.e.820"},"getTitle",[]]}
RESULT: undefined
COMMAND: POST /session/fc99bad58b82990b6dcb49d7228acab8/element/f.947A257AA7CC65A8B02F4C22A23DA17C.d.7809D585C962018391AD35C216C8CB45.e.664/click - {}
COMMAND: POST /session/fc99bad58b82990b6dcb49d7228acab8/element - {"using":"xpath","value":"//*[@id=\"backBtn\"]"}
RESULT: {"using":"xpath","value":"//*[@id=\"backBtn\"]"}
COMMAND: POST /session/fc99bad58b82990b6dcb49d7228acab8/element/f.947A257AA7CC65A8B02F4C22A23DA17C.d.7809D585C962018391AD35C216C8CB45.e.664/click - {}
COMMAND: POST /session/fc99bad58b82990b6dcb49d7228acab8/element - {"using":"xpath","value":"//*[@id=\"backBtn\"]"}
RESULT: {"using":"xpath","value":"//*[@id=\"backBtn\"]"}
COMMAND: POST /session/fc99bad58b82990b6dcb49d7228acab8/element/f.947A257AA7CC65A8B02F4C22A23DA17C.d.7809D585C962018391AD35C216C8CB45.e.821/click - {}
RESULT: {}
COMMAND: GET /session/fc99bad58b82990b6dcb49d7228acab8/screenshot - {}
RESULT: {}
]]></system-out>
    </testcase>
    <testcase classname="chrome.136_0_7103_93.windows.Sanity_Tests_US104253" name="Should open Address Management page" time="35.835">
      <system-out><![CDATA[
COMMAND: POST /session/fc99bad58b82990b6dcb49d7228acab8/execute/async - {"script":"<script> [1562 bytes]","args":[{"selector":{"controlType":"sap.m.GenericTile","properties":{"header":"Address Management"}},"wdio_ui5_key":"sapm.GenericTile{\"header\":\"Address Management\"}"}]}
RESULT: {"script":"<script> [1562 bytes]","args":[{"selector":{"controlType":"sap.m.GenericTile","properties":{"header":"Address Management"}},"wdio_ui5_key":"sapm.GenericTile{\"header\":\"Address Management\"}"}]}
RESULT: undefined
COMMAND: POST /session/fc99bad58b82990b6dcb49d7228acab8/element - {"using":"xpath","value":"//*[@id=\"__tile33\"]"}
RESULT: {"using":"xpath","value":"//*[@id=\"__tile33\"]"}
COMMAND: POST /session/fc99bad58b82990b6dcb49d7228acab8/element/f.947A257AA7CC65A8B02F4C22A23DA17C.d.7809D585C962018391AD35C216C8CB45.e.823/click - {}
RESULT: {}
COMMAND: GET /session/fc99bad58b82990b6dcb49d7228acab8/screenshot - {}
RESULT: {}
COMMAND: POST /session/fc99bad58b82990b6dcb49d7228acab8/elements - {"using":"xpath","value":"//span[text()='Error']"}
RESULT: {"using":"xpath","value":"//span[text()='Error']"}
RESULT: undefined
COMMAND: POST /session/fc99bad58b82990b6dcb49d7228acab8/element - {"using":"xpath","value":"//*[@id=\"__tile33\"]"}
RESULT: {"using":"xpath","value":"//*[@id=\"__tile33\"]"}
COMMAND: POST /session/fc99bad58b82990b6dcb49d7228acab8/element/f.947A257AA7CC65A8B02F4C22A23DA17C.d.7809D585C962018391AD35C216C8CB45.e.823/click - {}
RESULT: undefined
COMMAND: POST /session/fc99bad58b82990b6dcb49d7228acab8/element - {"using":"xpath","value":"//*[@id=\"__tile33\"]"}
RESULT: {"using":"xpath","value":"//*[@id=\"__tile33\"]"}
COMMAND: POST /session/fc99bad58b82990b6dcb49d7228acab8/element/f.947A257AA7CC65A8B02F4C22A23DA17C.d.7809D585C962018391AD35C216C8CB45.e.823/click - {}
RESULT: undefined
COMMAND: POST /session/fc99bad58b82990b6dcb49d7228acab8/execute/async - {"script":"<script> [6424 bytes]","args":[{"element-6066-11e4-a52e-4f735466cecf":"f.947A257AA7CC65A8B02F4C22A23DA17C.d.7809D585C962018391AD35C216C8CB45.e.295"},"getTitle",[]]}
COMMAND: POST /session/fc99bad58b82990b6dcb49d7228acab8/execute/async - {"script":"<script> [1562 bytes]","args":[{"selector":{"id":"shellAppTitle"},"wdio_ui5_key":"shellAppTitle"}]}
RESULT: {"script":"<script> [1562 bytes]","args":[{"selector":{"id":"shellAppTitle"},"wdio_ui5_key":"shellAppTitle"}]}
COMMAND: POST /session/fc99bad58b82990b6dcb49d7228acab8/execute/async - {"script":"<script> [6424 bytes]","args":[{"element-6066-11e4-a52e-4f735466cecf":"f.947A257AA7CC65A8B02F4C22A23DA17C.d.7809D585C962018391AD35C216C8CB45.e.1009"},"getTitle",[]]}
RESULT: {"script":"<script> [6424 bytes]","args":[{"element-6066-11e4-a52e-4f735466cecf":"f.947A257AA7CC65A8B02F4C22A23DA17C.d.7809D585C962018391AD35C216C8CB45.e.1009"},"getTitle",[]]}
RESULT: undefined
COMMAND: POST /session/fc99bad58b82990b6dcb49d7228acab8/element/f.947A257AA7CC65A8B02F4C22A23DA17C.d.7809D585C962018391AD35C216C8CB45.e.821/click - {}
RESULT: {}
COMMAND: GET /session/fc99bad58b82990b6dcb49d7228acab8/screenshot - {}
RESULT: {}
]]></system-out>
    </testcase>
    <testcase classname="chrome.136_0_7103_93.windows.Sanity_Tests_US104253" name="Should open Bill Of Resources page" time="36.121">
      <system-out><![CDATA[
COMMAND: POST /session/fc99bad58b82990b6dcb49d7228acab8/execute/async - {"script":"<script> [1562 bytes]","args":[{"selector":{"controlType":"sap.m.GenericTile","properties":{"header":"Bill Of Resources"}},"wdio_ui5_key":"sapm.GenericTile{\"header\":\"Bill Of Resources\"}"}]}
RESULT: {"script":"<script> [1562 bytes]","args":[{"selector":{"controlType":"sap.m.GenericTile","properties":{"header":"Bill Of Resources"}},"wdio_ui5_key":"sapm.GenericTile{\"header\":\"Bill Of Resources\"}"}]}
RESULT: undefined
COMMAND: POST /session/fc99bad58b82990b6dcb49d7228acab8/element - {"using":"xpath","value":"//*[@id=\"__tile34\"]"}
RESULT: {"using":"xpath","value":"//*[@id=\"__tile34\"]"}
COMMAND: POST /session/fc99bad58b82990b6dcb49d7228acab8/element/f.947A257AA7CC65A8B02F4C22A23DA17C.d.7809D585C962018391AD35C216C8CB45.e.1011/click - {}
RESULT: {}
COMMAND: GET /session/fc99bad58b82990b6dcb49d7228acab8/screenshot - {}
RESULT: {}
COMMAND: POST /session/fc99bad58b82990b6dcb49d7228acab8/elements - {"using":"xpath","value":"//span[text()='Error']"}
RESULT: {"using":"xpath","value":"//span[text()='Error']"}
RESULT: undefined
COMMAND: POST /session/fc99bad58b82990b6dcb49d7228acab8/element - {"using":"xpath","value":"//*[@id=\"__tile34\"]"}
RESULT: {"using":"xpath","value":"//*[@id=\"__tile34\"]"}
COMMAND: POST /session/fc99bad58b82990b6dcb49d7228acab8/element/f.947A257AA7CC65A8B02F4C22A23DA17C.d.7809D585C962018391AD35C216C8CB45.e.1011/click - {}
RESULT: undefined
COMMAND: POST /session/fc99bad58b82990b6dcb49d7228acab8/element - {"using":"xpath","value":"//*[@id=\"__tile34\"]"}
RESULT: {"using":"xpath","value":"//*[@id=\"__tile34\"]"}
COMMAND: POST /session/fc99bad58b82990b6dcb49d7228acab8/element/f.947A257AA7CC65A8B02F4C22A23DA17C.d.7809D585C962018391AD35C216C8CB45.e.1011/click - {}
RESULT: undefined
COMMAND: POST /session/fc99bad58b82990b6dcb49d7228acab8/execute/async - {"script":"<script> [6424 bytes]","args":[{"element-6066-11e4-a52e-4f735466cecf":"f.947A257AA7CC65A8B02F4C22A23DA17C.d.7809D585C962018391AD35C216C8CB45.e.295"},"getTitle",[]]}
COMMAND: POST /session/fc99bad58b82990b6dcb49d7228acab8/execute/async - {"script":"<script> [1562 bytes]","args":[{"selector":{"id":"shellAppTitle"},"wdio_ui5_key":"shellAppTitle"}]}
RESULT: {"script":"<script> [1562 bytes]","args":[{"selector":{"id":"shellAppTitle"},"wdio_ui5_key":"shellAppTitle"}]}
COMMAND: POST /session/fc99bad58b82990b6dcb49d7228acab8/execute/async - {"script":"<script> [6424 bytes]","args":[{"element-6066-11e4-a52e-4f735466cecf":"f.947A257AA7CC65A8B02F4C22A23DA17C.d.7809D585C962018391AD35C216C8CB45.e.1097"},"getTitle",[]]}
RESULT: {"script":"<script> [6424 bytes]","args":[{"element-6066-11e4-a52e-4f735466cecf":"f.947A257AA7CC65A8B02F4C22A23DA17C.d.7809D585C962018391AD35C216C8CB45.e.1097"},"getTitle",[]]}
RESULT: undefined
COMMAND: POST /session/fc99bad58b82990b6dcb49d7228acab8/element/f.947A257AA7CC65A8B02F4C22A23DA17C.d.7809D585C962018391AD35C216C8CB45.e.821/click - {}
COMMAND: POST /session/fc99bad58b82990b6dcb49d7228acab8/element - {"using":"xpath","value":"//*[@id=\"backBtn\"]"}
RESULT: {"using":"xpath","value":"//*[@id=\"backBtn\"]"}
COMMAND: POST /session/fc99bad58b82990b6dcb49d7228acab8/element/f.947A257AA7CC65A8B02F4C22A23DA17C.d.7809D585C962018391AD35C216C8CB45.e.821/click - {}
COMMAND: POST /session/fc99bad58b82990b6dcb49d7228acab8/element - {"using":"xpath","value":"//*[@id=\"backBtn\"]"}
RESULT: {"using":"xpath","value":"//*[@id=\"backBtn\"]"}
COMMAND: POST /session/fc99bad58b82990b6dcb49d7228acab8/element/f.947A257AA7CC65A8B02F4C22A23DA17C.d.7809D585C962018391AD35C216C8CB45.e.1098/click - {}
RESULT: {}
COMMAND: GET /session/fc99bad58b82990b6dcb49d7228acab8/screenshot - {}
RESULT: {}
]]></system-out>
    </testcase>
    <testcase classname="chrome.136_0_7103_93.windows.Sanity_Tests_US104253" name="Should open Manage Yards page" time="35.871">
      <system-out><![CDATA[
COMMAND: POST /session/fc99bad58b82990b6dcb49d7228acab8/execute/async - {"script":"<script> [1562 bytes]","args":[{"selector":{"controlType":"sap.m.GenericTile","properties":{"header":"Manage Yards"}},"wdio_ui5_key":"sapm.GenericTile{\"header\":\"Manage Yards\"}"}]}
RESULT: {"script":"<script> [1562 bytes]","args":[{"selector":{"controlType":"sap.m.GenericTile","properties":{"header":"Manage Yards"}},"wdio_ui5_key":"sapm.GenericTile{\"header\":\"Manage Yards\"}"}]}
RESULT: undefined
COMMAND: POST /session/fc99bad58b82990b6dcb49d7228acab8/element - {"using":"xpath","value":"//*[@id=\"__tile41\"]"}
RESULT: {"using":"xpath","value":"//*[@id=\"__tile41\"]"}
COMMAND: POST /session/fc99bad58b82990b6dcb49d7228acab8/element/f.947A257AA7CC65A8B02F4C22A23DA17C.d.7809D585C962018391AD35C216C8CB45.e.1100/click - {}
RESULT: {}
COMMAND: GET /session/fc99bad58b82990b6dcb49d7228acab8/screenshot - {}
RESULT: {}
COMMAND: POST /session/fc99bad58b82990b6dcb49d7228acab8/elements - {"using":"xpath","value":"//span[text()='Error']"}
RESULT: {"using":"xpath","value":"//span[text()='Error']"}
RESULT: undefined
COMMAND: POST /session/fc99bad58b82990b6dcb49d7228acab8/element - {"using":"xpath","value":"//*[@id=\"__tile41\"]"}
RESULT: {"using":"xpath","value":"//*[@id=\"__tile41\"]"}
COMMAND: POST /session/fc99bad58b82990b6dcb49d7228acab8/element/f.947A257AA7CC65A8B02F4C22A23DA17C.d.7809D585C962018391AD35C216C8CB45.e.1100/click - {}
RESULT: undefined
COMMAND: POST /session/fc99bad58b82990b6dcb49d7228acab8/element - {"using":"xpath","value":"//*[@id=\"__tile41\"]"}
RESULT: {"using":"xpath","value":"//*[@id=\"__tile41\"]"}
COMMAND: POST /session/fc99bad58b82990b6dcb49d7228acab8/element/f.947A257AA7CC65A8B02F4C22A23DA17C.d.7809D585C962018391AD35C216C8CB45.e.1100/click - {}
RESULT: undefined
COMMAND: POST /session/fc99bad58b82990b6dcb49d7228acab8/execute/async - {"script":"<script> [6424 bytes]","args":[{"element-6066-11e4-a52e-4f735466cecf":"f.947A257AA7CC65A8B02F4C22A23DA17C.d.7809D585C962018391AD35C216C8CB45.e.295"},"getTitle",[]]}
COMMAND: POST /session/fc99bad58b82990b6dcb49d7228acab8/execute/async - {"script":"<script> [1562 bytes]","args":[{"selector":{"id":"shellAppTitle"},"wdio_ui5_key":"shellAppTitle"}]}
RESULT: {"script":"<script> [1562 bytes]","args":[{"selector":{"id":"shellAppTitle"},"wdio_ui5_key":"shellAppTitle"}]}
COMMAND: POST /session/fc99bad58b82990b6dcb49d7228acab8/execute/async - {"script":"<script> [6424 bytes]","args":[{"element-6066-11e4-a52e-4f735466cecf":"f.947A257AA7CC65A8B02F4C22A23DA17C.d.7809D585C962018391AD35C216C8CB45.e.1283"},"getTitle",[]]}
RESULT: {"script":"<script> [6424 bytes]","args":[{"element-6066-11e4-a52e-4f735466cecf":"f.947A257AA7CC65A8B02F4C22A23DA17C.d.7809D585C962018391AD35C216C8CB45.e.1283"},"getTitle",[]]}
RESULT: undefined
COMMAND: POST /session/fc99bad58b82990b6dcb49d7228acab8/element/f.947A257AA7CC65A8B02F4C22A23DA17C.d.7809D585C962018391AD35C216C8CB45.e.1098/click - {}
RESULT: {}
COMMAND: GET /session/fc99bad58b82990b6dcb49d7228acab8/screenshot - {}
RESULT: {}
]]></system-out>
    </testcase>
    <testcase classname="chrome.136_0_7103_93.windows.Sanity_Tests_US104253" name="Should open Manage Requests page" time="35.972">
      <system-out><![CDATA[
COMMAND: POST /session/fc99bad58b82990b6dcb49d7228acab8/execute/async - {"script":"<script> [1562 bytes]","args":[{"selector":{"controlType":"sap.m.GenericTile","properties":{"header":"Manage Requests"}},"wdio_ui5_key":"sapm.GenericTile{\"header\":\"Manage Requests\"}"}]}
RESULT: {"script":"<script> [1562 bytes]","args":[{"selector":{"controlType":"sap.m.GenericTile","properties":{"header":"Manage Requests"}},"wdio_ui5_key":"sapm.GenericTile{\"header\":\"Manage Requests\"}"}]}
RESULT: undefined
COMMAND: POST /session/fc99bad58b82990b6dcb49d7228acab8/element - {"using":"xpath","value":"//*[@id=\"__tile47\"]"}
RESULT: {"using":"xpath","value":"//*[@id=\"__tile47\"]"}
COMMAND: POST /session/fc99bad58b82990b6dcb49d7228acab8/element/f.947A257AA7CC65A8B02F4C22A23DA17C.d.7809D585C962018391AD35C216C8CB45.e.1285/click - {}
RESULT: {}
COMMAND: GET /session/fc99bad58b82990b6dcb49d7228acab8/screenshot - {}
RESULT: {}
COMMAND: POST /session/fc99bad58b82990b6dcb49d7228acab8/elements - {"using":"xpath","value":"//span[text()='Error']"}
RESULT: {"using":"xpath","value":"//span[text()='Error']"}
RESULT: undefined
COMMAND: POST /session/fc99bad58b82990b6dcb49d7228acab8/element - {"using":"xpath","value":"//*[@id=\"__tile47\"]"}
RESULT: {"using":"xpath","value":"//*[@id=\"__tile47\"]"}
COMMAND: POST /session/fc99bad58b82990b6dcb49d7228acab8/element/f.947A257AA7CC65A8B02F4C22A23DA17C.d.7809D585C962018391AD35C216C8CB45.e.1285/click - {}
RESULT: undefined
COMMAND: POST /session/fc99bad58b82990b6dcb49d7228acab8/element - {"using":"xpath","value":"//*[@id=\"__tile47\"]"}
RESULT: {"using":"xpath","value":"//*[@id=\"__tile47\"]"}
COMMAND: POST /session/fc99bad58b82990b6dcb49d7228acab8/element/f.947A257AA7CC65A8B02F4C22A23DA17C.d.7809D585C962018391AD35C216C8CB45.e.1285/click - {}
RESULT: undefined
COMMAND: POST /session/fc99bad58b82990b6dcb49d7228acab8/execute/async - {"script":"<script> [6424 bytes]","args":[{"element-6066-11e4-a52e-4f735466cecf":"f.947A257AA7CC65A8B02F4C22A23DA17C.d.7809D585C962018391AD35C216C8CB45.e.295"},"getTitle",[]]}
COMMAND: POST /session/fc99bad58b82990b6dcb49d7228acab8/execute/async - {"script":"<script> [1562 bytes]","args":[{"selector":{"id":"shellAppTitle"},"wdio_ui5_key":"shellAppTitle"}]}
RESULT: {"script":"<script> [1562 bytes]","args":[{"selector":{"id":"shellAppTitle"},"wdio_ui5_key":"shellAppTitle"}]}
COMMAND: POST /session/fc99bad58b82990b6dcb49d7228acab8/execute/async - {"script":"<script> [6424 bytes]","args":[{"element-6066-11e4-a52e-4f735466cecf":"f.947A257AA7CC65A8B02F4C22A23DA17C.d.7809D585C962018391AD35C216C8CB45.e.1381"},"getTitle",[]]}
RESULT: {"script":"<script> [6424 bytes]","args":[{"element-6066-11e4-a52e-4f735466cecf":"f.947A257AA7CC65A8B02F4C22A23DA17C.d.7809D585C962018391AD35C216C8CB45.e.1381"},"getTitle",[]]}
RESULT: undefined
COMMAND: POST /session/fc99bad58b82990b6dcb49d7228acab8/element/f.947A257AA7CC65A8B02F4C22A23DA17C.d.7809D585C962018391AD35C216C8CB45.e.1098/click - {}
COMMAND: POST /session/fc99bad58b82990b6dcb49d7228acab8/element - {"using":"xpath","value":"//*[@id=\"backBtn\"]"}
RESULT: {"using":"xpath","value":"//*[@id=\"backBtn\"]"}
COMMAND: POST /session/fc99bad58b82990b6dcb49d7228acab8/element/f.947A257AA7CC65A8B02F4C22A23DA17C.d.7809D585C962018391AD35C216C8CB45.e.1098/click - {}
COMMAND: POST /session/fc99bad58b82990b6dcb49d7228acab8/element - {"using":"xpath","value":"//*[@id=\"backBtn\"]"}
RESULT: {"using":"xpath","value":"//*[@id=\"backBtn\"]"}
COMMAND: POST /session/fc99bad58b82990b6dcb49d7228acab8/element/f.947A257AA7CC65A8B02F4C22A23DA17C.d.7809D585C962018391AD35C216C8CB45.e.1382/click - {}
RESULT: {}
COMMAND: GET /session/fc99bad58b82990b6dcb49d7228acab8/screenshot - {}
RESULT: {}
]]></system-out>
    </testcase>
    <testcase classname="chrome.136_0_7103_93.windows.Sanity_Tests_US104253" name="Should open Manage Purchasing page" time="36.26">
      <system-out><![CDATA[
COMMAND: POST /session/fc99bad58b82990b6dcb49d7228acab8/execute/async - {"script":"<script> [1562 bytes]","args":[{"selector":{"controlType":"sap.m.GenericTile","properties":{"header":"Manage Purchasing"}},"wdio_ui5_key":"sapm.GenericTile{\"header\":\"Manage Purchasing\"}"}]}
RESULT: {"script":"<script> [1562 bytes]","args":[{"selector":{"controlType":"sap.m.GenericTile","properties":{"header":"Manage Purchasing"}},"wdio_ui5_key":"sapm.GenericTile{\"header\":\"Manage Purchasing\"}"}]}
RESULT: undefined
COMMAND: POST /session/fc99bad58b82990b6dcb49d7228acab8/element - {"using":"xpath","value":"//*[@id=\"__tile46\"]"}
RESULT: {"using":"xpath","value":"//*[@id=\"__tile46\"]"}
COMMAND: POST /session/fc99bad58b82990b6dcb49d7228acab8/element/f.947A257AA7CC65A8B02F4C22A23DA17C.d.7809D585C962018391AD35C216C8CB45.e.1385/click - {}
RESULT: {}
COMMAND: GET /session/fc99bad58b82990b6dcb49d7228acab8/screenshot - {}
RESULT: {}
COMMAND: POST /session/fc99bad58b82990b6dcb49d7228acab8/elements - {"using":"xpath","value":"//span[text()='Error']"}
RESULT: {"using":"xpath","value":"//span[text()='Error']"}
RESULT: undefined
COMMAND: POST /session/fc99bad58b82990b6dcb49d7228acab8/element - {"using":"xpath","value":"//*[@id=\"__tile46\"]"}
RESULT: {"using":"xpath","value":"//*[@id=\"__tile46\"]"}
COMMAND: POST /session/fc99bad58b82990b6dcb49d7228acab8/element/f.947A257AA7CC65A8B02F4C22A23DA17C.d.7809D585C962018391AD35C216C8CB45.e.1385/click - {}
RESULT: undefined
COMMAND: POST /session/fc99bad58b82990b6dcb49d7228acab8/element - {"using":"xpath","value":"//*[@id=\"__tile46\"]"}
RESULT: {"using":"xpath","value":"//*[@id=\"__tile46\"]"}
COMMAND: POST /session/fc99bad58b82990b6dcb49d7228acab8/element/f.947A257AA7CC65A8B02F4C22A23DA17C.d.7809D585C962018391AD35C216C8CB45.e.1385/click - {}
RESULT: undefined
COMMAND: POST /session/fc99bad58b82990b6dcb49d7228acab8/execute/async - {"script":"<script> [6424 bytes]","args":[{"element-6066-11e4-a52e-4f735466cecf":"f.947A257AA7CC65A8B02F4C22A23DA17C.d.7809D585C962018391AD35C216C8CB45.e.295"},"getTitle",[]]}
COMMAND: POST /session/fc99bad58b82990b6dcb49d7228acab8/execute/async - {"script":"<script> [1562 bytes]","args":[{"selector":{"id":"shellAppTitle"},"wdio_ui5_key":"shellAppTitle"}]}
RESULT: {"script":"<script> [1562 bytes]","args":[{"selector":{"id":"shellAppTitle"},"wdio_ui5_key":"shellAppTitle"}]}
COMMAND: POST /session/fc99bad58b82990b6dcb49d7228acab8/execute/async - {"script":"<script> [6424 bytes]","args":[{"element-6066-11e4-a52e-4f735466cecf":"f.947A257AA7CC65A8B02F4C22A23DA17C.d.7809D585C962018391AD35C216C8CB45.e.1462"},"getTitle",[]]}
RESULT: {"script":"<script> [6424 bytes]","args":[{"element-6066-11e4-a52e-4f735466cecf":"f.947A257AA7CC65A8B02F4C22A23DA17C.d.7809D585C962018391AD35C216C8CB45.e.1462"},"getTitle",[]]}
RESULT: undefined
COMMAND: POST /session/fc99bad58b82990b6dcb49d7228acab8/element/f.947A257AA7CC65A8B02F4C22A23DA17C.d.7809D585C962018391AD35C216C8CB45.e.1382/click - {}
RESULT: {}
COMMAND: GET /session/fc99bad58b82990b6dcb49d7228acab8/screenshot - {}
RESULT: {}
]]></system-out>
    </testcase>
    <testcase classname="chrome.136_0_7103_93.windows.Sanity_Tests_US104253" name="Should open Planning Board page" time="36.182">
      <system-out><![CDATA[
COMMAND: POST /session/fc99bad58b82990b6dcb49d7228acab8/execute/async - {"script":"<script> [1562 bytes]","args":[{"selector":{"controlType":"sap.m.GenericTile","properties":{"header":"Planning Board"}},"wdio_ui5_key":"sapm.GenericTile{\"header\":\"Planning Board\"}"}]}
RESULT: {"script":"<script> [1562 bytes]","args":[{"selector":{"controlType":"sap.m.GenericTile","properties":{"header":"Planning Board"}},"wdio_ui5_key":"sapm.GenericTile{\"header\":\"Planning Board\"}"}]}
RESULT: undefined
COMMAND: POST /session/fc99bad58b82990b6dcb49d7228acab8/element - {"using":"xpath","value":"//*[@id=\"__tile132\"]"}
RESULT: {"using":"xpath","value":"//*[@id=\"__tile132\"]"}
COMMAND: POST /session/fc99bad58b82990b6dcb49d7228acab8/element/f.947A257AA7CC65A8B02F4C22A23DA17C.d.7809D585C962018391AD35C216C8CB45.e.1464/click - {}
RESULT: {}
COMMAND: GET /session/fc99bad58b82990b6dcb49d7228acab8/screenshot - {}
RESULT: {}
COMMAND: POST /session/fc99bad58b82990b6dcb49d7228acab8/elements - {"using":"xpath","value":"//span[text()='Error']"}
RESULT: {"using":"xpath","value":"//span[text()='Error']"}
RESULT: undefined
COMMAND: POST /session/fc99bad58b82990b6dcb49d7228acab8/element - {"using":"xpath","value":"//*[@id=\"__tile132\"]"}
RESULT: {"using":"xpath","value":"//*[@id=\"__tile132\"]"}
COMMAND: POST /session/fc99bad58b82990b6dcb49d7228acab8/element/f.947A257AA7CC65A8B02F4C22A23DA17C.d.7809D585C962018391AD35C216C8CB45.e.1464/click - {}
RESULT: undefined
COMMAND: POST /session/fc99bad58b82990b6dcb49d7228acab8/element - {"using":"xpath","value":"//*[@id=\"__tile132\"]"}
RESULT: {"using":"xpath","value":"//*[@id=\"__tile132\"]"}
COMMAND: POST /session/fc99bad58b82990b6dcb49d7228acab8/element/f.947A257AA7CC65A8B02F4C22A23DA17C.d.7809D585C962018391AD35C216C8CB45.e.1464/click - {}
RESULT: undefined
COMMAND: POST /session/fc99bad58b82990b6dcb49d7228acab8/execute/async - {"script":"<script> [6424 bytes]","args":[{"element-6066-11e4-a52e-4f735466cecf":"f.947A257AA7CC65A8B02F4C22A23DA17C.d.7809D585C962018391AD35C216C8CB45.e.295"},"getTitle",[]]}
COMMAND: POST /session/fc99bad58b82990b6dcb49d7228acab8/execute/async - {"script":"<script> [1562 bytes]","args":[{"selector":{"id":"shellAppTitle"},"wdio_ui5_key":"shellAppTitle"}]}
RESULT: {"script":"<script> [1562 bytes]","args":[{"selector":{"id":"shellAppTitle"},"wdio_ui5_key":"shellAppTitle"}]}
COMMAND: POST /session/fc99bad58b82990b6dcb49d7228acab8/execute/async - {"script":"<script> [6424 bytes]","args":[{"element-6066-11e4-a52e-4f735466cecf":"f.947A257AA7CC65A8B02F4C22A23DA17C.d.7809D585C962018391AD35C216C8CB45.e.1515"},"getTitle",[]]}
RESULT: {"script":"<script> [6424 bytes]","args":[{"element-6066-11e4-a52e-4f735466cecf":"f.947A257AA7CC65A8B02F4C22A23DA17C.d.7809D585C962018391AD35C216C8CB45.e.1515"},"getTitle",[]]}
RESULT: undefined
COMMAND: POST /session/fc99bad58b82990b6dcb49d7228acab8/element/f.947A257AA7CC65A8B02F4C22A23DA17C.d.7809D585C962018391AD35C216C8CB45.e.1382/click - {}
COMMAND: POST /session/fc99bad58b82990b6dcb49d7228acab8/element/f.947A257AA7CC65A8B02F4C22A23DA17C.d.7809D585C962018391AD35C216C8CB45.e.1382/click - {}
COMMAND: POST /session/fc99bad58b82990b6dcb49d7228acab8/element - {"using":"xpath","value":"//*[@id=\"backBtn\"]"}
COMMAND: POST /session/fc99bad58b82990b6dcb49d7228acab8/element - {"using":"xpath","value":"//*[@id=\"backBtn\"]"}
RESULT: {"using":"xpath","value":"//*[@id=\"backBtn\"]"}
COMMAND: POST /session/fc99bad58b82990b6dcb49d7228acab8/element/f.947A257AA7CC65A8B02F4C22A23DA17C.d.7809D585C962018391AD35C216C8CB45.e.1382/click - {}
RESULT: {"using":"xpath","value":"//*[@id=\"backBtn\"]"}
COMMAND: POST /session/fc99bad58b82990b6dcb49d7228acab8/element/f.947A257AA7CC65A8B02F4C22A23DA17C.d.7809D585C962018391AD35C216C8CB45.e.1382/click - {}
COMMAND: POST /session/fc99bad58b82990b6dcb49d7228acab8/element - {"using":"xpath","value":"//*[@id=\"backBtn\"]"}
COMMAND: POST /session/fc99bad58b82990b6dcb49d7228acab8/element - {"using":"xpath","value":"//*[@id=\"backBtn\"]"}
RESULT: {"using":"xpath","value":"//*[@id=\"backBtn\"]"}
COMMAND: POST /session/fc99bad58b82990b6dcb49d7228acab8/element/f.947A257AA7CC65A8B02F4C22A23DA17C.d.7809D585C962018391AD35C216C8CB45.e.1516/click - {}
RESULT: {"using":"xpath","value":"//*[@id=\"backBtn\"]"}
COMMAND: POST /session/fc99bad58b82990b6dcb49d7228acab8/element/f.947A257AA7CC65A8B02F4C22A23DA17C.d.7809D585C962018391AD35C216C8CB45.e.1516/click - {}
RESULT: {}
COMMAND: GET /session/fc99bad58b82990b6dcb49d7228acab8/screenshot - {}
RESULT: {}
COMMAND: GET /session/fc99bad58b82990b6dcb49d7228acab8/screenshot - {}
RESULT: {}
RESULT: {}
]]></system-out>
    </testcase>
    <testcase classname="chrome.136_0_7103_93.windows.Sanity_Tests_US104253" name="Should open Manage Contracts page" time="37.16">
      <system-out><![CDATA[
COMMAND: POST /session/fc99bad58b82990b6dcb49d7228acab8/execute/async - {"script":"<script> [1562 bytes]","args":[{"selector":{"controlType":"sap.m.GenericTile","properties":{"header":"Manage Contracts"}},"wdio_ui5_key":"sapm.GenericTile{\"header\":\"Manage Contracts\"}"}]}
RESULT: {"script":"<script> [1562 bytes]","args":[{"selector":{"controlType":"sap.m.GenericTile","properties":{"header":"Manage Contracts"}},"wdio_ui5_key":"sapm.GenericTile{\"header\":\"Manage Contracts\"}"}]}
RESULT: undefined
COMMAND: POST /session/fc99bad58b82990b6dcb49d7228acab8/element - {"using":"xpath","value":"//*[@id=\"__tile130\"]"}
RESULT: {"using":"xpath","value":"//*[@id=\"__tile130\"]"}
COMMAND: POST /session/fc99bad58b82990b6dcb49d7228acab8/element/f.947A257AA7CC65A8B02F4C22A23DA17C.d.7809D585C962018391AD35C216C8CB45.e.1518/click - {}
RESULT: {}
COMMAND: GET /session/fc99bad58b82990b6dcb49d7228acab8/screenshot - {}
RESULT: {}
COMMAND: POST /session/fc99bad58b82990b6dcb49d7228acab8/elements - {"using":"xpath","value":"//span[text()='Error']"}
RESULT: {"using":"xpath","value":"//span[text()='Error']"}
RESULT: undefined
COMMAND: POST /session/fc99bad58b82990b6dcb49d7228acab8/element - {"using":"xpath","value":"//*[@id=\"__tile130\"]"}
RESULT: {"using":"xpath","value":"//*[@id=\"__tile130\"]"}
COMMAND: POST /session/fc99bad58b82990b6dcb49d7228acab8/element/f.947A257AA7CC65A8B02F4C22A23DA17C.d.7809D585C962018391AD35C216C8CB45.e.1518/click - {}
RESULT: undefined
COMMAND: POST /session/fc99bad58b82990b6dcb49d7228acab8/element - {"using":"xpath","value":"//*[@id=\"__tile130\"]"}
RESULT: {"using":"xpath","value":"//*[@id=\"__tile130\"]"}
COMMAND: POST /session/fc99bad58b82990b6dcb49d7228acab8/element/f.947A257AA7CC65A8B02F4C22A23DA17C.d.7809D585C962018391AD35C216C8CB45.e.1518/click - {}
RESULT: undefined
COMMAND: POST /session/fc99bad58b82990b6dcb49d7228acab8/execute/async - {"script":"<script> [6424 bytes]","args":[{"element-6066-11e4-a52e-4f735466cecf":"f.947A257AA7CC65A8B02F4C22A23DA17C.d.7809D585C962018391AD35C216C8CB45.e.295"},"getTitle",[]]}
COMMAND: POST /session/fc99bad58b82990b6dcb49d7228acab8/execute/async - {"script":"<script> [1562 bytes]","args":[{"selector":{"id":"shellAppTitle"},"wdio_ui5_key":"shellAppTitle"}]}
RESULT: {"script":"<script> [1562 bytes]","args":[{"selector":{"id":"shellAppTitle"},"wdio_ui5_key":"shellAppTitle"}]}
COMMAND: POST /session/fc99bad58b82990b6dcb49d7228acab8/execute/async - {"script":"<script> [6424 bytes]","args":[{"element-6066-11e4-a52e-4f735466cecf":"f.947A257AA7CC65A8B02F4C22A23DA17C.d.7809D585C962018391AD35C216C8CB45.e.1584"},"getTitle",[]]}
RESULT: {"script":"<script> [6424 bytes]","args":[{"element-6066-11e4-a52e-4f735466cecf":"f.947A257AA7CC65A8B02F4C22A23DA17C.d.7809D585C962018391AD35C216C8CB45.e.1584"},"getTitle",[]]}
RESULT: undefined
COMMAND: POST /session/fc99bad58b82990b6dcb49d7228acab8/element/f.947A257AA7CC65A8B02F4C22A23DA17C.d.7809D585C962018391AD35C216C8CB45.e.1516/click - {}
RESULT: {}
COMMAND: GET /session/fc99bad58b82990b6dcb49d7228acab8/screenshot - {}
RESULT: {}
]]></system-out>
    </testcase>
    <testcase classname="chrome.136_0_7103_93.windows.Sanity_Tests_US104253" name="Should open Manage Quotations page" time="36.494">
      <system-out><![CDATA[
COMMAND: POST /session/fc99bad58b82990b6dcb49d7228acab8/execute/async - {"script":"<script> [1562 bytes]","args":[{"selector":{"controlType":"sap.m.GenericTile","properties":{"header":"Manage Quotations"}},"wdio_ui5_key":"sapm.GenericTile{\"header\":\"Manage Quotations\"}"}]}
RESULT: {"script":"<script> [1562 bytes]","args":[{"selector":{"controlType":"sap.m.GenericTile","properties":{"header":"Manage Quotations"}},"wdio_ui5_key":"sapm.GenericTile{\"header\":\"Manage Quotations\"}"}]}
RESULT: undefined
COMMAND: POST /session/fc99bad58b82990b6dcb49d7228acab8/element - {"using":"xpath","value":"//*[@id=\"__tile131\"]"}
RESULT: {"using":"xpath","value":"//*[@id=\"__tile131\"]"}
COMMAND: POST /session/fc99bad58b82990b6dcb49d7228acab8/element/f.947A257AA7CC65A8B02F4C22A23DA17C.d.7809D585C962018391AD35C216C8CB45.e.1586/click - {}
RESULT: {}
COMMAND: GET /session/fc99bad58b82990b6dcb49d7228acab8/screenshot - {}
RESULT: {}
COMMAND: POST /session/fc99bad58b82990b6dcb49d7228acab8/elements - {"using":"xpath","value":"//span[text()='Error']"}
RESULT: {"using":"xpath","value":"//span[text()='Error']"}
RESULT: undefined
COMMAND: POST /session/fc99bad58b82990b6dcb49d7228acab8/element - {"using":"xpath","value":"//*[@id=\"__tile131\"]"}
RESULT: {"using":"xpath","value":"//*[@id=\"__tile131\"]"}
COMMAND: POST /session/fc99bad58b82990b6dcb49d7228acab8/element/f.947A257AA7CC65A8B02F4C22A23DA17C.d.7809D585C962018391AD35C216C8CB45.e.1586/click - {}
RESULT: undefined
COMMAND: POST /session/fc99bad58b82990b6dcb49d7228acab8/element - {"using":"xpath","value":"//*[@id=\"__tile131\"]"}
RESULT: {"using":"xpath","value":"//*[@id=\"__tile131\"]"}
COMMAND: POST /session/fc99bad58b82990b6dcb49d7228acab8/element/f.947A257AA7CC65A8B02F4C22A23DA17C.d.7809D585C962018391AD35C216C8CB45.e.1586/click - {}
RESULT: undefined
COMMAND: POST /session/fc99bad58b82990b6dcb49d7228acab8/execute/async - {"script":"<script> [6424 bytes]","args":[{"element-6066-11e4-a52e-4f735466cecf":"f.947A257AA7CC65A8B02F4C22A23DA17C.d.7809D585C962018391AD35C216C8CB45.e.295"},"getTitle",[]]}
COMMAND: POST /session/fc99bad58b82990b6dcb49d7228acab8/execute/async - {"script":"<script> [1562 bytes]","args":[{"selector":{"id":"shellAppTitle"},"wdio_ui5_key":"shellAppTitle"}]}
RESULT: {"script":"<script> [1562 bytes]","args":[{"selector":{"id":"shellAppTitle"},"wdio_ui5_key":"shellAppTitle"}]}
COMMAND: POST /session/fc99bad58b82990b6dcb49d7228acab8/execute/async - {"script":"<script> [6424 bytes]","args":[{"element-6066-11e4-a52e-4f735466cecf":"f.947A257AA7CC65A8B02F4C22A23DA17C.d.7809D585C962018391AD35C216C8CB45.e.1660"},"getTitle",[]]}
RESULT: {"script":"<script> [6424 bytes]","args":[{"element-6066-11e4-a52e-4f735466cecf":"f.947A257AA7CC65A8B02F4C22A23DA17C.d.7809D585C962018391AD35C216C8CB45.e.1660"},"getTitle",[]]}
RESULT: undefined
COMMAND: POST /session/fc99bad58b82990b6dcb49d7228acab8/element/f.947A257AA7CC65A8B02F4C22A23DA17C.d.7809D585C962018391AD35C216C8CB45.e.1516/click - {}
COMMAND: POST /session/fc99bad58b82990b6dcb49d7228acab8/element - {"using":"xpath","value":"//*[@id=\"backBtn\"]"}
RESULT: {"using":"xpath","value":"//*[@id=\"backBtn\"]"}
COMMAND: POST /session/fc99bad58b82990b6dcb49d7228acab8/element/f.947A257AA7CC65A8B02F4C22A23DA17C.d.7809D585C962018391AD35C216C8CB45.e.1516/click - {}
COMMAND: POST /session/fc99bad58b82990b6dcb49d7228acab8/element - {"using":"xpath","value":"//*[@id=\"backBtn\"]"}
RESULT: {"using":"xpath","value":"//*[@id=\"backBtn\"]"}
COMMAND: POST /session/fc99bad58b82990b6dcb49d7228acab8/element/f.947A257AA7CC65A8B02F4C22A23DA17C.d.7809D585C962018391AD35C216C8CB45.e.1661/click - {}
RESULT: {}
COMMAND: GET /session/fc99bad58b82990b6dcb49d7228acab8/screenshot - {}
RESULT: {}
]]></system-out>
    </testcase>
    <testcase classname="chrome.136_0_7103_93.windows.Sanity_Tests_US104253" name="Should open Manage Handovers page" time="35.938">
      <system-out><![CDATA[
COMMAND: POST /session/fc99bad58b82990b6dcb49d7228acab8/execute/async - {"script":"<script> [1562 bytes]","args":[{"selector":{"controlType":"sap.m.GenericTile","properties":{"header":"Manage Handovers"}},"wdio_ui5_key":"sapm.GenericTile{\"header\":\"Manage Handovers\"}"}]}
RESULT: {"script":"<script> [1562 bytes]","args":[{"selector":{"controlType":"sap.m.GenericTile","properties":{"header":"Manage Handovers"}},"wdio_ui5_key":"sapm.GenericTile{\"header\":\"Manage Handovers\"}"}]}
RESULT: undefined
COMMAND: POST /session/fc99bad58b82990b6dcb49d7228acab8/element - {"using":"xpath","value":"//*[@id=\"__tile133\"]"}
RESULT: {"using":"xpath","value":"//*[@id=\"__tile133\"]"}
COMMAND: POST /session/fc99bad58b82990b6dcb49d7228acab8/element/f.947A257AA7CC65A8B02F4C22A23DA17C.d.7809D585C962018391AD35C216C8CB45.e.1663/click - {}
RESULT: {}
COMMAND: GET /session/fc99bad58b82990b6dcb49d7228acab8/screenshot - {}
RESULT: {}
COMMAND: POST /session/fc99bad58b82990b6dcb49d7228acab8/elements - {"using":"xpath","value":"//span[text()='Error']"}
RESULT: {"using":"xpath","value":"//span[text()='Error']"}
RESULT: undefined
COMMAND: POST /session/fc99bad58b82990b6dcb49d7228acab8/element - {"using":"xpath","value":"//*[@id=\"__tile133\"]"}
RESULT: {"using":"xpath","value":"//*[@id=\"__tile133\"]"}
COMMAND: POST /session/fc99bad58b82990b6dcb49d7228acab8/element/f.947A257AA7CC65A8B02F4C22A23DA17C.d.7809D585C962018391AD35C216C8CB45.e.1663/click - {}
RESULT: undefined
COMMAND: POST /session/fc99bad58b82990b6dcb49d7228acab8/element - {"using":"xpath","value":"//*[@id=\"__tile133\"]"}
RESULT: {"using":"xpath","value":"//*[@id=\"__tile133\"]"}
COMMAND: POST /session/fc99bad58b82990b6dcb49d7228acab8/element/f.947A257AA7CC65A8B02F4C22A23DA17C.d.7809D585C962018391AD35C216C8CB45.e.1663/click - {}
RESULT: undefined
COMMAND: POST /session/fc99bad58b82990b6dcb49d7228acab8/execute/async - {"script":"<script> [6424 bytes]","args":[{"element-6066-11e4-a52e-4f735466cecf":"f.947A257AA7CC65A8B02F4C22A23DA17C.d.7809D585C962018391AD35C216C8CB45.e.295"},"getTitle",[]]}
COMMAND: POST /session/fc99bad58b82990b6dcb49d7228acab8/execute/async - {"script":"<script> [1562 bytes]","args":[{"selector":{"id":"shellAppTitle"},"wdio_ui5_key":"shellAppTitle"}]}
RESULT: {"script":"<script> [1562 bytes]","args":[{"selector":{"id":"shellAppTitle"},"wdio_ui5_key":"shellAppTitle"}]}
COMMAND: POST /session/fc99bad58b82990b6dcb49d7228acab8/execute/async - {"script":"<script> [6424 bytes]","args":[{"element-6066-11e4-a52e-4f735466cecf":"f.947A257AA7CC65A8B02F4C22A23DA17C.d.7809D585C962018391AD35C216C8CB45.e.1770"},"getTitle",[]]}
RESULT: {"script":"<script> [6424 bytes]","args":[{"element-6066-11e4-a52e-4f735466cecf":"f.947A257AA7CC65A8B02F4C22A23DA17C.d.7809D585C962018391AD35C216C8CB45.e.1770"},"getTitle",[]]}
RESULT: undefined
COMMAND: POST /session/fc99bad58b82990b6dcb49d7228acab8/element/f.947A257AA7CC65A8B02F4C22A23DA17C.d.7809D585C962018391AD35C216C8CB45.e.1661/click - {}
RESULT: {}
COMMAND: GET /session/fc99bad58b82990b6dcb49d7228acab8/screenshot - {}
RESULT: {}
]]></system-out>
    </testcase>
    <testcase classname="chrome.136_0_7103_93.windows.Sanity_Tests_US104253" name="Should open Delivery Monitor page" time="35.878">
      <system-out><![CDATA[
COMMAND: POST /session/fc99bad58b82990b6dcb49d7228acab8/execute/async - {"script":"<script> [1562 bytes]","args":[{"selector":{"controlType":"sap.m.GenericTile","properties":{"header":"Delivery Monitor"}},"wdio_ui5_key":"sapm.GenericTile{\"header\":\"Delivery Monitor\"}"}]}
RESULT: {"script":"<script> [1562 bytes]","args":[{"selector":{"controlType":"sap.m.GenericTile","properties":{"header":"Delivery Monitor"}},"wdio_ui5_key":"sapm.GenericTile{\"header\":\"Delivery Monitor\"}"}]}
RESULT: undefined
COMMAND: POST /session/fc99bad58b82990b6dcb49d7228acab8/element - {"using":"xpath","value":"//*[@id=\"__tile43\"]"}
RESULT: {"using":"xpath","value":"//*[@id=\"__tile43\"]"}
COMMAND: POST /session/fc99bad58b82990b6dcb49d7228acab8/element/f.947A257AA7CC65A8B02F4C22A23DA17C.d.7809D585C962018391AD35C216C8CB45.e.1772/click - {}
RESULT: {}
COMMAND: GET /session/fc99bad58b82990b6dcb49d7228acab8/screenshot - {}
RESULT: {}
COMMAND: POST /session/fc99bad58b82990b6dcb49d7228acab8/elements - {"using":"xpath","value":"//span[text()='Error']"}
RESULT: {"using":"xpath","value":"//span[text()='Error']"}
RESULT: undefined
COMMAND: POST /session/fc99bad58b82990b6dcb49d7228acab8/element - {"using":"xpath","value":"//*[@id=\"__tile43\"]"}
RESULT: {"using":"xpath","value":"//*[@id=\"__tile43\"]"}
COMMAND: POST /session/fc99bad58b82990b6dcb49d7228acab8/element/f.947A257AA7CC65A8B02F4C22A23DA17C.d.7809D585C962018391AD35C216C8CB45.e.1772/click - {}
RESULT: undefined
COMMAND: POST /session/fc99bad58b82990b6dcb49d7228acab8/element - {"using":"xpath","value":"//*[@id=\"__tile43\"]"}
RESULT: {"using":"xpath","value":"//*[@id=\"__tile43\"]"}
COMMAND: POST /session/fc99bad58b82990b6dcb49d7228acab8/element/f.947A257AA7CC65A8B02F4C22A23DA17C.d.7809D585C962018391AD35C216C8CB45.e.1772/click - {}
RESULT: undefined
COMMAND: POST /session/fc99bad58b82990b6dcb49d7228acab8/execute/async - {"script":"<script> [6424 bytes]","args":[{"element-6066-11e4-a52e-4f735466cecf":"f.947A257AA7CC65A8B02F4C22A23DA17C.d.7809D585C962018391AD35C216C8CB45.e.295"},"getTitle",[]]}
COMMAND: POST /session/fc99bad58b82990b6dcb49d7228acab8/execute/async - {"script":"<script> [1562 bytes]","args":[{"selector":{"id":"shellAppTitle"},"wdio_ui5_key":"shellAppTitle"}]}
RESULT: {"script":"<script> [1562 bytes]","args":[{"selector":{"id":"shellAppTitle"},"wdio_ui5_key":"shellAppTitle"}]}
COMMAND: POST /session/fc99bad58b82990b6dcb49d7228acab8/execute/async - {"script":"<script> [6424 bytes]","args":[{"element-6066-11e4-a52e-4f735466cecf":"f.947A257AA7CC65A8B02F4C22A23DA17C.d.7809D585C962018391AD35C216C8CB45.e.1875"},"getTitle",[]]}
RESULT: {"script":"<script> [6424 bytes]","args":[{"element-6066-11e4-a52e-4f735466cecf":"f.947A257AA7CC65A8B02F4C22A23DA17C.d.7809D585C962018391AD35C216C8CB45.e.1875"},"getTitle",[]]}
RESULT: undefined
COMMAND: POST /session/fc99bad58b82990b6dcb49d7228acab8/element/f.947A257AA7CC65A8B02F4C22A23DA17C.d.7809D585C962018391AD35C216C8CB45.e.1661/click - {}
COMMAND: POST /session/fc99bad58b82990b6dcb49d7228acab8/element - {"using":"xpath","value":"//*[@id=\"backBtn\"]"}
RESULT: {"using":"xpath","value":"//*[@id=\"backBtn\"]"}
COMMAND: POST /session/fc99bad58b82990b6dcb49d7228acab8/element/f.947A257AA7CC65A8B02F4C22A23DA17C.d.7809D585C962018391AD35C216C8CB45.e.1661/click - {}
COMMAND: POST /session/fc99bad58b82990b6dcb49d7228acab8/element - {"using":"xpath","value":"//*[@id=\"backBtn\"]"}
RESULT: {"using":"xpath","value":"//*[@id=\"backBtn\"]"}
COMMAND: POST /session/fc99bad58b82990b6dcb49d7228acab8/element/f.947A257AA7CC65A8B02F4C22A23DA17C.d.7809D585C962018391AD35C216C8CB45.e.1876/click - {}
RESULT: {}
COMMAND: GET /session/fc99bad58b82990b6dcb49d7228acab8/screenshot - {}
RESULT: {}
]]></system-out>
    </testcase>
    <testcase classname="chrome.136_0_7103_93.windows.Sanity_Tests_US104253" name="Should open Manage Calendar Exceptions page" time="35.888">
      <system-out><![CDATA[
COMMAND: POST /session/fc99bad58b82990b6dcb49d7228acab8/execute/async - {"script":"<script> [1562 bytes]","args":[{"selector":{"controlType":"sap.m.GenericTile","properties":{"header":"Manage Calendar Exceptions"}},"wdio_ui5_key":"sapm.GenericTile{\"header\":\"Manage Calendar Exceptions\"}"}]}
RESULT: {"script":"<script> [1562 bytes]","args":[{"selector":{"controlType":"sap.m.GenericTile","properties":{"header":"Manage Calendar Exceptions"}},"wdio_ui5_key":"sapm.GenericTile{\"header\":\"Manage Calendar Exceptions\"}"}]}
RESULT: undefined
COMMAND: POST /session/fc99bad58b82990b6dcb49d7228acab8/element - {"using":"xpath","value":"//*[@id=\"__tile52\"]"}
RESULT: {"using":"xpath","value":"//*[@id=\"__tile52\"]"}
COMMAND: POST /session/fc99bad58b82990b6dcb49d7228acab8/element/f.947A257AA7CC65A8B02F4C22A23DA17C.d.7809D585C962018391AD35C216C8CB45.e.1878/click - {}
RESULT: {}
COMMAND: GET /session/fc99bad58b82990b6dcb49d7228acab8/screenshot - {}
RESULT: {}
COMMAND: POST /session/fc99bad58b82990b6dcb49d7228acab8/elements - {"using":"xpath","value":"//span[text()='Error']"}
RESULT: {"using":"xpath","value":"//span[text()='Error']"}
RESULT: undefined
COMMAND: POST /session/fc99bad58b82990b6dcb49d7228acab8/element - {"using":"xpath","value":"//*[@id=\"__tile52\"]"}
RESULT: {"using":"xpath","value":"//*[@id=\"__tile52\"]"}
COMMAND: POST /session/fc99bad58b82990b6dcb49d7228acab8/element/f.947A257AA7CC65A8B02F4C22A23DA17C.d.7809D585C962018391AD35C216C8CB45.e.1878/click - {}
RESULT: undefined
COMMAND: POST /session/fc99bad58b82990b6dcb49d7228acab8/element - {"using":"xpath","value":"//*[@id=\"__tile52\"]"}
RESULT: {"using":"xpath","value":"//*[@id=\"__tile52\"]"}
COMMAND: POST /session/fc99bad58b82990b6dcb49d7228acab8/element/f.947A257AA7CC65A8B02F4C22A23DA17C.d.7809D585C962018391AD35C216C8CB45.e.1878/click - {}
RESULT: undefined
COMMAND: POST /session/fc99bad58b82990b6dcb49d7228acab8/execute/async - {"script":"<script> [6424 bytes]","args":[{"element-6066-11e4-a52e-4f735466cecf":"f.947A257AA7CC65A8B02F4C22A23DA17C.d.7809D585C962018391AD35C216C8CB45.e.295"},"getTitle",[]]}
COMMAND: POST /session/fc99bad58b82990b6dcb49d7228acab8/execute/async - {"script":"<script> [1562 bytes]","args":[{"selector":{"id":"shellAppTitle"},"wdio_ui5_key":"shellAppTitle"}]}
RESULT: {"script":"<script> [1562 bytes]","args":[{"selector":{"id":"shellAppTitle"},"wdio_ui5_key":"shellAppTitle"}]}
COMMAND: POST /session/fc99bad58b82990b6dcb49d7228acab8/execute/async - {"script":"<script> [6424 bytes]","args":[{"element-6066-11e4-a52e-4f735466cecf":"f.947A257AA7CC65A8B02F4C22A23DA17C.d.7809D585C962018391AD35C216C8CB45.e.1946"},"getTitle",[]]}
RESULT: {"script":"<script> [6424 bytes]","args":[{"element-6066-11e4-a52e-4f735466cecf":"f.947A257AA7CC65A8B02F4C22A23DA17C.d.7809D585C962018391AD35C216C8CB45.e.1946"},"getTitle",[]]}
RESULT: undefined
COMMAND: POST /session/fc99bad58b82990b6dcb49d7228acab8/element/f.947A257AA7CC65A8B02F4C22A23DA17C.d.7809D585C962018391AD35C216C8CB45.e.1876/click - {}
RESULT: {}
COMMAND: GET /session/fc99bad58b82990b6dcb49d7228acab8/screenshot - {}
RESULT: {}
]]></system-out>
    </testcase>
    <testcase classname="chrome.136_0_7103_93.windows.Sanity_Tests_US104253" name="Should open Manage States Performance page" time="37.079">
      <system-out><![CDATA[
COMMAND: POST /session/fc99bad58b82990b6dcb49d7228acab8/execute/async - {"script":"<script> [1562 bytes]","args":[{"selector":{"controlType":"sap.m.GenericTile","properties":{"header":"Manage States & Performance"}},"wdio_ui5_key":"sapm.GenericTile{\"header\":\"Manage States & Performance\"}"}]}
RESULT: {"script":"<script> [1562 bytes]","args":[{"selector":{"controlType":"sap.m.GenericTile","properties":{"header":"Manage States & Performance"}},"wdio_ui5_key":"sapm.GenericTile{\"header\":\"Manage States & Performance\"}"}]}
RESULT: undefined
COMMAND: POST /session/fc99bad58b82990b6dcb49d7228acab8/element - {"using":"xpath","value":"//*[@id=\"__tile56\"]"}
RESULT: {"using":"xpath","value":"//*[@id=\"__tile56\"]"}
COMMAND: POST /session/fc99bad58b82990b6dcb49d7228acab8/element/f.947A257AA7CC65A8B02F4C22A23DA17C.d.7809D585C962018391AD35C216C8CB45.e.1950/click - {}
RESULT: {}
COMMAND: GET /session/fc99bad58b82990b6dcb49d7228acab8/screenshot - {}
RESULT: {}
COMMAND: POST /session/fc99bad58b82990b6dcb49d7228acab8/elements - {"using":"xpath","value":"//span[text()='Error']"}
RESULT: {"using":"xpath","value":"//span[text()='Error']"}
RESULT: undefined
COMMAND: POST /session/fc99bad58b82990b6dcb49d7228acab8/element - {"using":"xpath","value":"//*[@id=\"__tile56\"]"}
RESULT: {"using":"xpath","value":"//*[@id=\"__tile56\"]"}
COMMAND: POST /session/fc99bad58b82990b6dcb49d7228acab8/element/f.947A257AA7CC65A8B02F4C22A23DA17C.d.7809D585C962018391AD35C216C8CB45.e.1950/click - {}
RESULT: undefined
COMMAND: POST /session/fc99bad58b82990b6dcb49d7228acab8/element - {"using":"xpath","value":"//*[@id=\"__tile56\"]"}
RESULT: {"using":"xpath","value":"//*[@id=\"__tile56\"]"}
COMMAND: POST /session/fc99bad58b82990b6dcb49d7228acab8/element/f.947A257AA7CC65A8B02F4C22A23DA17C.d.7809D585C962018391AD35C216C8CB45.e.1950/click - {}
RESULT: undefined
COMMAND: POST /session/fc99bad58b82990b6dcb49d7228acab8/execute/async - {"script":"<script> [6424 bytes]","args":[{"element-6066-11e4-a52e-4f735466cecf":"f.947A257AA7CC65A8B02F4C22A23DA17C.d.7809D585C962018391AD35C216C8CB45.e.295"},"getTitle",[]]}
COMMAND: POST /session/fc99bad58b82990b6dcb49d7228acab8/execute/async - {"script":"<script> [1562 bytes]","args":[{"selector":{"id":"shellAppTitle"},"wdio_ui5_key":"shellAppTitle"}]}
RESULT: {"script":"<script> [1562 bytes]","args":[{"selector":{"id":"shellAppTitle"},"wdio_ui5_key":"shellAppTitle"}]}
COMMAND: POST /session/fc99bad58b82990b6dcb49d7228acab8/execute/async - {"script":"<script> [6424 bytes]","args":[{"element-6066-11e4-a52e-4f735466cecf":"f.947A257AA7CC65A8B02F4C22A23DA17C.d.7809D585C962018391AD35C216C8CB45.e.2050"},"getTitle",[]]}
RESULT: {"script":"<script> [6424 bytes]","args":[{"element-6066-11e4-a52e-4f735466cecf":"f.947A257AA7CC65A8B02F4C22A23DA17C.d.7809D585C962018391AD35C216C8CB45.e.2050"},"getTitle",[]]}
RESULT: undefined
COMMAND: POST /session/fc99bad58b82990b6dcb49d7228acab8/element/f.947A257AA7CC65A8B02F4C22A23DA17C.d.7809D585C962018391AD35C216C8CB45.e.1876/click - {}
COMMAND: POST /session/fc99bad58b82990b6dcb49d7228acab8/element - {"using":"xpath","value":"//*[@id=\"backBtn\"]"}
RESULT: {"using":"xpath","value":"//*[@id=\"backBtn\"]"}
COMMAND: POST /session/fc99bad58b82990b6dcb49d7228acab8/element/f.947A257AA7CC65A8B02F4C22A23DA17C.d.7809D585C962018391AD35C216C8CB45.e.1876/click - {}
COMMAND: POST /session/fc99bad58b82990b6dcb49d7228acab8/element - {"using":"xpath","value":"//*[@id=\"backBtn\"]"}
RESULT: {"using":"xpath","value":"//*[@id=\"backBtn\"]"}
COMMAND: POST /session/fc99bad58b82990b6dcb49d7228acab8/element/f.947A257AA7CC65A8B02F4C22A23DA17C.d.7809D585C962018391AD35C216C8CB45.e.2051/click - {}
RESULT: {}
COMMAND: GET /session/fc99bad58b82990b6dcb49d7228acab8/screenshot - {}
RESULT: {}
]]></system-out>
    </testcase>
    <testcase classname="chrome.136_0_7103_93.windows.Sanity_Tests_US104253" name="Should open Manage Billings page" time="37.966">
      <system-out><![CDATA[
COMMAND: POST /session/fc99bad58b82990b6dcb49d7228acab8/execute/async - {"script":"<script> [1562 bytes]","args":[{"selector":{"controlType":"sap.m.GenericTile","properties":{"header":"Manage Billings"}},"wdio_ui5_key":"sapm.GenericTile{\"header\":\"Manage Billings\"}"}]}
RESULT: {"script":"<script> [1562 bytes]","args":[{"selector":{"controlType":"sap.m.GenericTile","properties":{"header":"Manage Billings"}},"wdio_ui5_key":"sapm.GenericTile{\"header\":\"Manage Billings\"}"}]}
RESULT: undefined
COMMAND: POST /session/fc99bad58b82990b6dcb49d7228acab8/element - {"using":"xpath","value":"//*[@id=\"__tile51\"]"}
RESULT: {"using":"xpath","value":"//*[@id=\"__tile51\"]"}
COMMAND: POST /session/fc99bad58b82990b6dcb49d7228acab8/element/f.947A257AA7CC65A8B02F4C22A23DA17C.d.7809D585C962018391AD35C216C8CB45.e.2053/click - {}
RESULT: {}
COMMAND: GET /session/fc99bad58b82990b6dcb49d7228acab8/screenshot - {}
RESULT: {}
COMMAND: POST /session/fc99bad58b82990b6dcb49d7228acab8/elements - {"using":"xpath","value":"//span[text()='Error']"}
RESULT: {"using":"xpath","value":"//span[text()='Error']"}
RESULT: undefined
COMMAND: POST /session/fc99bad58b82990b6dcb49d7228acab8/element - {"using":"xpath","value":"//*[@id=\"__tile51\"]"}
RESULT: {"using":"xpath","value":"//*[@id=\"__tile51\"]"}
COMMAND: POST /session/fc99bad58b82990b6dcb49d7228acab8/element/f.947A257AA7CC65A8B02F4C22A23DA17C.d.7809D585C962018391AD35C216C8CB45.e.2053/click - {}
RESULT: undefined
COMMAND: POST /session/fc99bad58b82990b6dcb49d7228acab8/element - {"using":"xpath","value":"//*[@id=\"__tile51\"]"}
RESULT: {"using":"xpath","value":"//*[@id=\"__tile51\"]"}
COMMAND: POST /session/fc99bad58b82990b6dcb49d7228acab8/element/f.947A257AA7CC65A8B02F4C22A23DA17C.d.7809D585C962018391AD35C216C8CB45.e.2053/click - {}
RESULT: undefined
COMMAND: POST /session/fc99bad58b82990b6dcb49d7228acab8/execute/async - {"script":"<script> [6424 bytes]","args":[{"element-6066-11e4-a52e-4f735466cecf":"f.947A257AA7CC65A8B02F4C22A23DA17C.d.7809D585C962018391AD35C216C8CB45.e.295"},"getTitle",[]]}
COMMAND: POST /session/fc99bad58b82990b6dcb49d7228acab8/execute/async - {"script":"<script> [1562 bytes]","args":[{"selector":{"id":"shellAppTitle"},"wdio_ui5_key":"shellAppTitle"}]}
RESULT: {"script":"<script> [1562 bytes]","args":[{"selector":{"id":"shellAppTitle"},"wdio_ui5_key":"shellAppTitle"}]}
COMMAND: POST /session/fc99bad58b82990b6dcb49d7228acab8/execute/async - {"script":"<script> [6424 bytes]","args":[{"element-6066-11e4-a52e-4f735466cecf":"f.947A257AA7CC65A8B02F4C22A23DA17C.d.7809D585C962018391AD35C216C8CB45.e.2294"},"getTitle",[]]}
RESULT: {"script":"<script> [6424 bytes]","args":[{"element-6066-11e4-a52e-4f735466cecf":"f.947A257AA7CC65A8B02F4C22A23DA17C.d.7809D585C962018391AD35C216C8CB45.e.2294"},"getTitle",[]]}
RESULT: undefined
COMMAND: POST /session/fc99bad58b82990b6dcb49d7228acab8/element/f.947A257AA7CC65A8B02F4C22A23DA17C.d.7809D585C962018391AD35C216C8CB45.e.2051/click - {}
COMMAND: POST /session/fc99bad58b82990b6dcb49d7228acab8/element/f.947A257AA7CC65A8B02F4C22A23DA17C.d.7809D585C962018391AD35C216C8CB45.e.2051/click - {}
RESULT: {}
COMMAND: GET /session/fc99bad58b82990b6dcb49d7228acab8/screenshot - {}
COMMAND: POST /session/fc99bad58b82990b6dcb49d7228acab8/element - {"using":"xpath","value":"//*[@id=\"backBtn\"]"}
RESULT: {}
RESULT: {"using":"xpath","value":"//*[@id=\"backBtn\"]"}
COMMAND: POST /session/fc99bad58b82990b6dcb49d7228acab8/elements - {"using":"xpath","value":"//*[@id=\"backBtn\"]"}
RESULT: {"using":"xpath","value":"//*[@id=\"backBtn\"]"}
COMMAND: POST /session/fc99bad58b82990b6dcb49d7228acab8/elements - {"using":"xpath","value":"//*[@id=\"backBtn\"]"}
RESULT: {"using":"xpath","value":"//*[@id=\"backBtn\"]"}
COMMAND: POST /session/fc99bad58b82990b6dcb49d7228acab8/elements - {"using":"xpath","value":"//*[@id=\"backBtn\"]"}
RESULT: {"using":"xpath","value":"//*[@id=\"backBtn\"]"}
COMMAND: POST /session/fc99bad58b82990b6dcb49d7228acab8/elements - {"using":"xpath","value":"//*[@id=\"backBtn\"]"}
RESULT: {"using":"xpath","value":"//*[@id=\"backBtn\"]"}
COMMAND: POST /session/fc99bad58b82990b6dcb49d7228acab8/elements - {"using":"xpath","value":"//*[@id=\"backBtn\"]"}
RESULT: {"using":"xpath","value":"//*[@id=\"backBtn\"]"}
COMMAND: POST /session/fc99bad58b82990b6dcb49d7228acab8/elements - {"using":"xpath","value":"//*[@id=\"backBtn\"]"}
RESULT: {"using":"xpath","value":"//*[@id=\"backBtn\"]"}
COMMAND: POST /session/fc99bad58b82990b6dcb49d7228acab8/elements - {"using":"xpath","value":"//*[@id=\"backBtn\"]"}
RESULT: {"using":"xpath","value":"//*[@id=\"backBtn\"]"}
COMMAND: POST /session/fc99bad58b82990b6dcb49d7228acab8/elements - {"using":"xpath","value":"//*[@id=\"backBtn\"]"}
RESULT: {"using":"xpath","value":"//*[@id=\"backBtn\"]"}
COMMAND: POST /session/fc99bad58b82990b6dcb49d7228acab8/elements - {"using":"xpath","value":"//*[@id=\"backBtn\"]"}
RESULT: {"using":"xpath","value":"//*[@id=\"backBtn\"]"}
COMMAND: POST /session/fc99bad58b82990b6dcb49d7228acab8/elements - {"using":"xpath","value":"//*[@id=\"backBtn\"]"}
RESULT: {"using":"xpath","value":"//*[@id=\"backBtn\"]"}
COMMAND: POST /session/fc99bad58b82990b6dcb49d7228acab8/elements - {"using":"xpath","value":"//*[@id=\"backBtn\"]"}
RESULT: {"using":"xpath","value":"//*[@id=\"backBtn\"]"}
COMMAND: POST /session/fc99bad58b82990b6dcb49d7228acab8/elements - {"using":"xpath","value":"//*[@id=\"backBtn\"]"}
RESULT: {"using":"xpath","value":"//*[@id=\"backBtn\"]"}
COMMAND: POST /session/fc99bad58b82990b6dcb49d7228acab8/elements - {"using":"xpath","value":"//*[@id=\"backBtn\"]"}
RESULT: {"using":"xpath","value":"//*[@id=\"backBtn\"]"}
COMMAND: POST /session/fc99bad58b82990b6dcb49d7228acab8/elements - {"using":"xpath","value":"//*[@id=\"backBtn\"]"}
RESULT: {"using":"xpath","value":"//*[@id=\"backBtn\"]"}
COMMAND: POST /session/fc99bad58b82990b6dcb49d7228acab8/elements - {"using":"xpath","value":"//*[@id=\"backBtn\"]"}
RESULT: {"using":"xpath","value":"//*[@id=\"backBtn\"]"}
COMMAND: POST /session/fc99bad58b82990b6dcb49d7228acab8/elements - {"using":"xpath","value":"//*[@id=\"backBtn\"]"}
RESULT: {"using":"xpath","value":"//*[@id=\"backBtn\"]"}
COMMAND: POST /session/fc99bad58b82990b6dcb49d7228acab8/elements - {"using":"xpath","value":"//*[@id=\"backBtn\"]"}
RESULT: {"using":"xpath","value":"//*[@id=\"backBtn\"]"}
COMMAND: POST /session/fc99bad58b82990b6dcb49d7228acab8/elements - {"using":"xpath","value":"//*[@id=\"backBtn\"]"}
]]></system-out>
    </testcase>
    <testcase classname="chrome.136_0_7103_93.windows.Sanity_Tests_US104253" name="Should open Manage Conditions Prices page" time="43.467">
      <system-out><![CDATA[
COMMAND: POST /session/fc99bad58b82990b6dcb49d7228acab8/execute/async - {"script":"<script> [1562 bytes]","args":[{"selector":{"controlType":"sap.m.GenericTile","properties":{"header":"Manage Conditions & Prices"}},"wdio_ui5_key":"sapm.GenericTile{\"header\":\"Manage Conditions & Prices\"}"}]}
RESULT: {"using":"xpath","value":"//*[@id=\"backBtn\"]"}
COMMAND: POST /session/fc99bad58b82990b6dcb49d7228acab8/elements - {"using":"xpath","value":"//*[@id=\"backBtn\"]"}
RESULT: {"script":"<script> [1562 bytes]","args":[{"selector":{"controlType":"sap.m.GenericTile","properties":{"header":"Manage Conditions & Prices"}},"wdio_ui5_key":"sapm.GenericTile{\"header\":\"Manage Conditions & Prices\"}"}]}
RESULT: undefined
COMMAND: POST /session/fc99bad58b82990b6dcb49d7228acab8/element - {"using":"xpath","value":"//*[@id=\"__tile53\"]"}
RESULT: {"using":"xpath","value":"//*[@id=\"backBtn\"]"}
RESULT: {"using":"xpath","value":"//*[@id=\"__tile53\"]"}
COMMAND: POST /session/fc99bad58b82990b6dcb49d7228acab8/element/f.947A257AA7CC65A8B02F4C22A23DA17C.d.7809D585C962018391AD35C216C8CB45.e.2296/click - {}
RESULT: {}
COMMAND: GET /session/fc99bad58b82990b6dcb49d7228acab8/screenshot - {}
RESULT: {}
COMMAND: POST /session/fc99bad58b82990b6dcb49d7228acab8/elements - {"using":"xpath","value":"//*[@id=\"backBtn\"]"}
RESULT: {"using":"xpath","value":"//*[@id=\"backBtn\"]"}
COMMAND: POST /session/fc99bad58b82990b6dcb49d7228acab8/elements - {"using":"xpath","value":"//*[@id=\"backBtn\"]"}
RESULT: {"using":"xpath","value":"//*[@id=\"backBtn\"]"}
COMMAND: POST /session/fc99bad58b82990b6dcb49d7228acab8/elements - {"using":"xpath","value":"//*[@id=\"backBtn\"]"}
RESULT: {"using":"xpath","value":"//*[@id=\"backBtn\"]"}
COMMAND: POST /session/fc99bad58b82990b6dcb49d7228acab8/element - {"using":"xpath","value":"//*[@id=\"backBtn\"]"}
RESULT: {"using":"xpath","value":"//*[@id=\"backBtn\"]"}
COMMAND: POST /session/fc99bad58b82990b6dcb49d7228acab8/element/f.947A257AA7CC65A8B02F4C22A23DA17C.d.7809D585C962018391AD35C216C8CB45.e.2051/click - {}
COMMAND: POST /session/fc99bad58b82990b6dcb49d7228acab8/element - {"using":"xpath","value":"//*[@id=\"backBtn\"]"}
RESULT: {"using":"xpath","value":"//*[@id=\"backBtn\"]"}
COMMAND: POST /session/fc99bad58b82990b6dcb49d7228acab8/element/f.947A257AA7CC65A8B02F4C22A23DA17C.d.7809D585C962018391AD35C216C8CB45.e.2300/click - {}
RESULT: {}
COMMAND: GET /session/fc99bad58b82990b6dcb49d7228acab8/screenshot - {}
RESULT: {}
COMMAND: POST /session/fc99bad58b82990b6dcb49d7228acab8/elements - {"using":"xpath","value":"//span[text()='Error']"}
RESULT: {"using":"xpath","value":"//span[text()='Error']"}
RESULT: undefined
COMMAND: POST /session/fc99bad58b82990b6dcb49d7228acab8/element - {"using":"xpath","value":"//*[@id=\"__tile53\"]"}
RESULT: {"using":"xpath","value":"//*[@id=\"__tile53\"]"}
COMMAND: POST /session/fc99bad58b82990b6dcb49d7228acab8/element/f.947A257AA7CC65A8B02F4C22A23DA17C.d.7809D585C962018391AD35C216C8CB45.e.2296/click - {}
RESULT: {}
RESULT: undefined
COMMAND: POST /session/fc99bad58b82990b6dcb49d7228acab8/element - {"using":"xpath","value":"//*[@id=\"__tile53\"]"}
COMMAND: GET /session/fc99bad58b82990b6dcb49d7228acab8/screenshot - {}
RESULT: {"using":"xpath","value":"//*[@id=\"__tile53\"]"}
COMMAND: POST /session/fc99bad58b82990b6dcb49d7228acab8/element/f.947A257AA7CC65A8B02F4C22A23DA17C.d.7809D585C962018391AD35C216C8CB45.e.2296/click - {}
RESULT: {}
RESULT: undefined
COMMAND: POST /session/fc99bad58b82990b6dcb49d7228acab8/execute/async - {"script":"<script> [6424 bytes]","args":[{"element-6066-11e4-a52e-4f735466cecf":"f.947A257AA7CC65A8B02F4C22A23DA17C.d.7809D585C962018391AD35C216C8CB45.e.295"},"getTitle",[]]}
COMMAND: POST /session/fc99bad58b82990b6dcb49d7228acab8/execute/async - {"script":"<script> [1562 bytes]","args":[{"selector":{"id":"shellAppTitle"},"wdio_ui5_key":"shellAppTitle"}]}
RESULT: {"script":"<script> [1562 bytes]","args":[{"selector":{"id":"shellAppTitle"},"wdio_ui5_key":"shellAppTitle"}]}
COMMAND: POST /session/fc99bad58b82990b6dcb49d7228acab8/execute/async - {"script":"<script> [6424 bytes]","args":[{"element-6066-11e4-a52e-4f735466cecf":"f.947A257AA7CC65A8B02F4C22A23DA17C.d.7809D585C962018391AD35C216C8CB45.e.2483"},"getTitle",[]]}
RESULT: {"script":"<script> [6424 bytes]","args":[{"element-6066-11e4-a52e-4f735466cecf":"f.947A257AA7CC65A8B02F4C22A23DA17C.d.7809D585C962018391AD35C216C8CB45.e.2483"},"getTitle",[]]}
RESULT: undefined
COMMAND: POST /session/fc99bad58b82990b6dcb49d7228acab8/element/f.947A257AA7CC65A8B02F4C22A23DA17C.d.7809D585C962018391AD35C216C8CB45.e.2300/click - {}
RESULT: {}
COMMAND: GET /session/fc99bad58b82990b6dcb49d7228acab8/screenshot - {}
RESULT: {}
]]></system-out>
    </testcase>
    <testcase classname="chrome.136_0_7103_93.windows.Sanity_Tests_US104253" name="Should open Billing Transfer page" time="37.157">
      <system-out><![CDATA[
COMMAND: POST /session/fc99bad58b82990b6dcb49d7228acab8/execute/async - {"script":"<script> [1562 bytes]","args":[{"selector":{"controlType":"sap.m.GenericTile","properties":{"header":"Billing Transfer"}},"wdio_ui5_key":"sapm.GenericTile{\"header\":\"Billing Transfer\"}"}]}
RESULT: {"script":"<script> [1562 bytes]","args":[{"selector":{"controlType":"sap.m.GenericTile","properties":{"header":"Billing Transfer"}},"wdio_ui5_key":"sapm.GenericTile{\"header\":\"Billing Transfer\"}"}]}
RESULT: undefined
COMMAND: POST /session/fc99bad58b82990b6dcb49d7228acab8/element - {"using":"xpath","value":"//*[@id=\"__tile50\"]"}
RESULT: {"using":"xpath","value":"//*[@id=\"__tile50\"]"}
COMMAND: POST /session/fc99bad58b82990b6dcb49d7228acab8/element/f.947A257AA7CC65A8B02F4C22A23DA17C.d.7809D585C962018391AD35C216C8CB45.e.2485/click - {}
RESULT: {}
COMMAND: GET /session/fc99bad58b82990b6dcb49d7228acab8/screenshot - {}
RESULT: {}
COMMAND: POST /session/fc99bad58b82990b6dcb49d7228acab8/elements - {"using":"xpath","value":"//span[text()='Error']"}
RESULT: {"using":"xpath","value":"//span[text()='Error']"}
RESULT: undefined
COMMAND: POST /session/fc99bad58b82990b6dcb49d7228acab8/element - {"using":"xpath","value":"//*[@id=\"__tile50\"]"}
RESULT: {"using":"xpath","value":"//*[@id=\"__tile50\"]"}
COMMAND: POST /session/fc99bad58b82990b6dcb49d7228acab8/element/f.947A257AA7CC65A8B02F4C22A23DA17C.d.7809D585C962018391AD35C216C8CB45.e.2485/click - {}
RESULT: undefined
COMMAND: POST /session/fc99bad58b82990b6dcb49d7228acab8/element - {"using":"xpath","value":"//*[@id=\"__tile50\"]"}
RESULT: {"using":"xpath","value":"//*[@id=\"__tile50\"]"}
COMMAND: POST /session/fc99bad58b82990b6dcb49d7228acab8/element/f.947A257AA7CC65A8B02F4C22A23DA17C.d.7809D585C962018391AD35C216C8CB45.e.2485/click - {}
RESULT: undefined
COMMAND: POST /session/fc99bad58b82990b6dcb49d7228acab8/execute/async - {"script":"<script> [6424 bytes]","args":[{"element-6066-11e4-a52e-4f735466cecf":"f.947A257AA7CC65A8B02F4C22A23DA17C.d.7809D585C962018391AD35C216C8CB45.e.295"},"getTitle",[]]}
COMMAND: POST /session/fc99bad58b82990b6dcb49d7228acab8/execute/async - {"script":"<script> [1562 bytes]","args":[{"selector":{"id":"shellAppTitle"},"wdio_ui5_key":"shellAppTitle"}]}
RESULT: {"script":"<script> [1562 bytes]","args":[{"selector":{"id":"shellAppTitle"},"wdio_ui5_key":"shellAppTitle"}]}
COMMAND: POST /session/fc99bad58b82990b6dcb49d7228acab8/execute/async - {"script":"<script> [6424 bytes]","args":[{"element-6066-11e4-a52e-4f735466cecf":"f.947A257AA7CC65A8B02F4C22A23DA17C.d.7809D585C962018391AD35C216C8CB45.e.2641"},"getTitle",[]]}
RESULT: {"script":"<script> [6424 bytes]","args":[{"element-6066-11e4-a52e-4f735466cecf":"f.947A257AA7CC65A8B02F4C22A23DA17C.d.7809D585C962018391AD35C216C8CB45.e.2641"},"getTitle",[]]}
RESULT: undefined
COMMAND: POST /session/fc99bad58b82990b6dcb49d7228acab8/element/f.947A257AA7CC65A8B02F4C22A23DA17C.d.7809D585C962018391AD35C216C8CB45.e.2300/click - {}
COMMAND: POST /session/fc99bad58b82990b6dcb49d7228acab8/element - {"using":"xpath","value":"//*[@id=\"backBtn\"]"}
RESULT: {"using":"xpath","value":"//*[@id=\"backBtn\"]"}
COMMAND: POST /session/fc99bad58b82990b6dcb49d7228acab8/element/f.947A257AA7CC65A8B02F4C22A23DA17C.d.7809D585C962018391AD35C216C8CB45.e.2300/click - {}
COMMAND: POST /session/fc99bad58b82990b6dcb49d7228acab8/element - {"using":"xpath","value":"//*[@id=\"backBtn\"]"}
RESULT: {"using":"xpath","value":"//*[@id=\"backBtn\"]"}
COMMAND: POST /session/fc99bad58b82990b6dcb49d7228acab8/element/f.947A257AA7CC65A8B02F4C22A23DA17C.d.7809D585C962018391AD35C216C8CB45.e.2642/click - {}
RESULT: {}
COMMAND: GET /session/fc99bad58b82990b6dcb49d7228acab8/screenshot - {}
RESULT: {}
]]></system-out>
    </testcase>
    <testcase classname="chrome.136_0_7103_93.windows.Sanity_Tests_US104253" name="Should open Manage Pricing Rules page" time="36.131">
      <system-out><![CDATA[
COMMAND: POST /session/fc99bad58b82990b6dcb49d7228acab8/execute/async - {"script":"<script> [1562 bytes]","args":[{"selector":{"controlType":"sap.m.GenericTile","properties":{"header":"Manage Pricing Rules"}},"wdio_ui5_key":"sapm.GenericTile{\"header\":\"Manage Pricing Rules\"}"}]}
RESULT: {"script":"<script> [1562 bytes]","args":[{"selector":{"controlType":"sap.m.GenericTile","properties":{"header":"Manage Pricing Rules"}},"wdio_ui5_key":"sapm.GenericTile{\"header\":\"Manage Pricing Rules\"}"}]}
RESULT: undefined
COMMAND: POST /session/fc99bad58b82990b6dcb49d7228acab8/element - {"using":"xpath","value":"//*[@id=\"__tile55\"]"}
RESULT: {"using":"xpath","value":"//*[@id=\"__tile55\"]"}
COMMAND: POST /session/fc99bad58b82990b6dcb49d7228acab8/element/f.947A257AA7CC65A8B02F4C22A23DA17C.d.7809D585C962018391AD35C216C8CB45.e.2644/click - {}
RESULT: {}
COMMAND: GET /session/fc99bad58b82990b6dcb49d7228acab8/screenshot - {}
RESULT: {}
COMMAND: POST /session/fc99bad58b82990b6dcb49d7228acab8/elements - {"using":"xpath","value":"//span[text()='Error']"}
RESULT: {"using":"xpath","value":"//span[text()='Error']"}
RESULT: undefined
COMMAND: POST /session/fc99bad58b82990b6dcb49d7228acab8/element - {"using":"xpath","value":"//*[@id=\"__tile55\"]"}
RESULT: {"using":"xpath","value":"//*[@id=\"__tile55\"]"}
COMMAND: POST /session/fc99bad58b82990b6dcb49d7228acab8/element/f.947A257AA7CC65A8B02F4C22A23DA17C.d.7809D585C962018391AD35C216C8CB45.e.2644/click - {}
RESULT: undefined
COMMAND: POST /session/fc99bad58b82990b6dcb49d7228acab8/element - {"using":"xpath","value":"//*[@id=\"__tile55\"]"}
RESULT: {"using":"xpath","value":"//*[@id=\"__tile55\"]"}
COMMAND: POST /session/fc99bad58b82990b6dcb49d7228acab8/element/f.947A257AA7CC65A8B02F4C22A23DA17C.d.7809D585C962018391AD35C216C8CB45.e.2644/click - {}
RESULT: undefined
COMMAND: POST /session/fc99bad58b82990b6dcb49d7228acab8/execute/async - {"script":"<script> [6424 bytes]","args":[{"element-6066-11e4-a52e-4f735466cecf":"f.947A257AA7CC65A8B02F4C22A23DA17C.d.7809D585C962018391AD35C216C8CB45.e.295"},"getTitle",[]]}
COMMAND: POST /session/fc99bad58b82990b6dcb49d7228acab8/execute/async - {"script":"<script> [1562 bytes]","args":[{"selector":{"id":"shellAppTitle"},"wdio_ui5_key":"shellAppTitle"}]}
RESULT: {"script":"<script> [1562 bytes]","args":[{"selector":{"id":"shellAppTitle"},"wdio_ui5_key":"shellAppTitle"}]}
COMMAND: POST /session/fc99bad58b82990b6dcb49d7228acab8/execute/async - {"script":"<script> [6424 bytes]","args":[{"element-6066-11e4-a52e-4f735466cecf":"f.947A257AA7CC65A8B02F4C22A23DA17C.d.7809D585C962018391AD35C216C8CB45.e.2728"},"getTitle",[]]}
RESULT: {"script":"<script> [6424 bytes]","args":[{"element-6066-11e4-a52e-4f735466cecf":"f.947A257AA7CC65A8B02F4C22A23DA17C.d.7809D585C962018391AD35C216C8CB45.e.2728"},"getTitle",[]]}
RESULT: undefined
COMMAND: POST /session/fc99bad58b82990b6dcb49d7228acab8/element/f.947A257AA7CC65A8B02F4C22A23DA17C.d.7809D585C962018391AD35C216C8CB45.e.2642/click - {}
RESULT: {}
COMMAND: GET /session/fc99bad58b82990b6dcb49d7228acab8/screenshot - {}
RESULT: {}
]]></system-out>
    </testcase>
    <testcase classname="chrome.136_0_7103_93.windows.Sanity_Tests_US104253" name="Should open Manage Price Determination Matrices page" time="36.092">
      <system-out><![CDATA[
COMMAND: POST /session/fc99bad58b82990b6dcb49d7228acab8/execute/async - {"script":"<script> [1562 bytes]","args":[{"selector":{"controlType":"sap.m.GenericTile","properties":{"header":"Manage Price Determination Matrices"}},"wdio_ui5_key":"sapm.GenericTile{\"header\":\"Manage Price Determination Matrices\"}"}]}
RESULT: {"script":"<script> [1562 bytes]","args":[{"selector":{"controlType":"sap.m.GenericTile","properties":{"header":"Manage Price Determination Matrices"}},"wdio_ui5_key":"sapm.GenericTile{\"header\":\"Manage Price Determination Matrices\"}"}]}
RESULT: undefined
COMMAND: POST /session/fc99bad58b82990b6dcb49d7228acab8/element - {"using":"xpath","value":"//*[@id=\"__tile54\"]"}
RESULT: {"using":"xpath","value":"//*[@id=\"__tile54\"]"}
COMMAND: POST /session/fc99bad58b82990b6dcb49d7228acab8/element/f.947A257AA7CC65A8B02F4C22A23DA17C.d.7809D585C962018391AD35C216C8CB45.e.2730/click - {}
RESULT: {}
COMMAND: GET /session/fc99bad58b82990b6dcb49d7228acab8/screenshot - {}
RESULT: {}
COMMAND: POST /session/fc99bad58b82990b6dcb49d7228acab8/elements - {"using":"xpath","value":"//span[text()='Error']"}
RESULT: {"using":"xpath","value":"//span[text()='Error']"}
RESULT: undefined
COMMAND: POST /session/fc99bad58b82990b6dcb49d7228acab8/element - {"using":"xpath","value":"//*[@id=\"__tile54\"]"}
RESULT: {"using":"xpath","value":"//*[@id=\"__tile54\"]"}
COMMAND: POST /session/fc99bad58b82990b6dcb49d7228acab8/element/f.947A257AA7CC65A8B02F4C22A23DA17C.d.7809D585C962018391AD35C216C8CB45.e.2730/click - {}
RESULT: undefined
COMMAND: POST /session/fc99bad58b82990b6dcb49d7228acab8/element - {"using":"xpath","value":"//*[@id=\"__tile54\"]"}
RESULT: {"using":"xpath","value":"//*[@id=\"__tile54\"]"}
COMMAND: POST /session/fc99bad58b82990b6dcb49d7228acab8/element/f.947A257AA7CC65A8B02F4C22A23DA17C.d.7809D585C962018391AD35C216C8CB45.e.2730/click - {}
RESULT: undefined
COMMAND: POST /session/fc99bad58b82990b6dcb49d7228acab8/execute/async - {"script":"<script> [6424 bytes]","args":[{"element-6066-11e4-a52e-4f735466cecf":"f.947A257AA7CC65A8B02F4C22A23DA17C.d.7809D585C962018391AD35C216C8CB45.e.295"},"getTitle",[]]}
COMMAND: POST /session/fc99bad58b82990b6dcb49d7228acab8/execute/async - {"script":"<script> [1562 bytes]","args":[{"selector":{"id":"shellAppTitle"},"wdio_ui5_key":"shellAppTitle"}]}
RESULT: {"script":"<script> [1562 bytes]","args":[{"selector":{"id":"shellAppTitle"},"wdio_ui5_key":"shellAppTitle"}]}
COMMAND: POST /session/fc99bad58b82990b6dcb49d7228acab8/execute/async - {"script":"<script> [6424 bytes]","args":[{"element-6066-11e4-a52e-4f735466cecf":"f.947A257AA7CC65A8B02F4C22A23DA17C.d.7809D585C962018391AD35C216C8CB45.e.2810"},"getTitle",[]]}
RESULT: {"script":"<script> [6424 bytes]","args":[{"element-6066-11e4-a52e-4f735466cecf":"f.947A257AA7CC65A8B02F4C22A23DA17C.d.7809D585C962018391AD35C216C8CB45.e.2810"},"getTitle",[]]}
RESULT: undefined
COMMAND: POST /session/fc99bad58b82990b6dcb49d7228acab8/element/f.947A257AA7CC65A8B02F4C22A23DA17C.d.7809D585C962018391AD35C216C8CB45.e.2642/click - {}
COMMAND: POST /session/fc99bad58b82990b6dcb49d7228acab8/element - {"using":"xpath","value":"//*[@id=\"backBtn\"]"}
RESULT: {"using":"xpath","value":"//*[@id=\"backBtn\"]"}
COMMAND: POST /session/fc99bad58b82990b6dcb49d7228acab8/element/f.947A257AA7CC65A8B02F4C22A23DA17C.d.7809D585C962018391AD35C216C8CB45.e.2642/click - {}
COMMAND: POST /session/fc99bad58b82990b6dcb49d7228acab8/element - {"using":"xpath","value":"//*[@id=\"backBtn\"]"}
RESULT: {"using":"xpath","value":"//*[@id=\"backBtn\"]"}
COMMAND: POST /session/fc99bad58b82990b6dcb49d7228acab8/element/f.947A257AA7CC65A8B02F4C22A23DA17C.d.7809D585C962018391AD35C216C8CB45.e.2811/click - {}
RESULT: {}
COMMAND: GET /session/fc99bad58b82990b6dcb49d7228acab8/screenshot - {}
RESULT: {}
]]></system-out>
    </testcase>
    <testcase classname="chrome.136_0_7103_93.windows.Sanity_Tests_US104253" name="Should open Yard Overview page" time="36.47">
      <system-out><![CDATA[
COMMAND: POST /session/fc99bad58b82990b6dcb49d7228acab8/execute/async - {"script":"<script> [1562 bytes]","args":[{"selector":{"controlType":"sap.m.GenericTile","properties":{"header":"Yard Overview"}},"wdio_ui5_key":"sapm.GenericTile{\"header\":\"Yard Overview\"}"}]}
RESULT: {"script":"<script> [1562 bytes]","args":[{"selector":{"controlType":"sap.m.GenericTile","properties":{"header":"Yard Overview"}},"wdio_ui5_key":"sapm.GenericTile{\"header\":\"Yard Overview\"}"}]}
RESULT: undefined
COMMAND: POST /session/fc99bad58b82990b6dcb49d7228acab8/element - {"using":"xpath","value":"//*[@id=\"__tile102\"]"}
RESULT: {"using":"xpath","value":"//*[@id=\"__tile102\"]"}
COMMAND: POST /session/fc99bad58b82990b6dcb49d7228acab8/element/f.947A257AA7CC65A8B02F4C22A23DA17C.d.7809D585C962018391AD35C216C8CB45.e.2813/click - {}
RESULT: {}
COMMAND: GET /session/fc99bad58b82990b6dcb49d7228acab8/screenshot - {}
RESULT: {}
COMMAND: POST /session/fc99bad58b82990b6dcb49d7228acab8/elements - {"using":"xpath","value":"//span[text()='Error']"}
RESULT: {"using":"xpath","value":"//span[text()='Error']"}
RESULT: undefined
COMMAND: POST /session/fc99bad58b82990b6dcb49d7228acab8/element - {"using":"xpath","value":"//*[@id=\"__tile102\"]"}
RESULT: {"using":"xpath","value":"//*[@id=\"__tile102\"]"}
COMMAND: POST /session/fc99bad58b82990b6dcb49d7228acab8/element/f.947A257AA7CC65A8B02F4C22A23DA17C.d.7809D585C962018391AD35C216C8CB45.e.2813/click - {}
RESULT: undefined
COMMAND: POST /session/fc99bad58b82990b6dcb49d7228acab8/element - {"using":"xpath","value":"//*[@id=\"__tile102\"]"}
RESULT: {"using":"xpath","value":"//*[@id=\"__tile102\"]"}
COMMAND: POST /session/fc99bad58b82990b6dcb49d7228acab8/element/f.947A257AA7CC65A8B02F4C22A23DA17C.d.7809D585C962018391AD35C216C8CB45.e.2813/click - {}
RESULT: undefined
COMMAND: POST /session/fc99bad58b82990b6dcb49d7228acab8/execute/async - {"script":"<script> [6424 bytes]","args":[{"element-6066-11e4-a52e-4f735466cecf":"f.947A257AA7CC65A8B02F4C22A23DA17C.d.7809D585C962018391AD35C216C8CB45.e.295"},"getTitle",[]]}
COMMAND: POST /session/fc99bad58b82990b6dcb49d7228acab8/execute/async - {"script":"<script> [1562 bytes]","args":[{"selector":{"id":"shellAppTitle"},"wdio_ui5_key":"shellAppTitle"}]}
RESULT: {"script":"<script> [1562 bytes]","args":[{"selector":{"id":"shellAppTitle"},"wdio_ui5_key":"shellAppTitle"}]}
COMMAND: POST /session/fc99bad58b82990b6dcb49d7228acab8/execute/async - {"script":"<script> [6424 bytes]","args":[{"element-6066-11e4-a52e-4f735466cecf":"f.947A257AA7CC65A8B02F4C22A23DA17C.d.7809D585C962018391AD35C216C8CB45.e.2879"},"getTitle",[]]}
RESULT: {"script":"<script> [6424 bytes]","args":[{"element-6066-11e4-a52e-4f735466cecf":"f.947A257AA7CC65A8B02F4C22A23DA17C.d.7809D585C962018391AD35C216C8CB45.e.2879"},"getTitle",[]]}
RESULT: undefined
COMMAND: POST /session/fc99bad58b82990b6dcb49d7228acab8/element/f.947A257AA7CC65A8B02F4C22A23DA17C.d.7809D585C962018391AD35C216C8CB45.e.2811/click - {}
RESULT: {}
COMMAND: GET /session/fc99bad58b82990b6dcb49d7228acab8/screenshot - {}
RESULT: {}
]]></system-out>
    </testcase>
    <testcase classname="chrome.136_0_7103_93.windows.Sanity_Tests_US104253" name="Should open Site Overview page" time="36.028">
      <system-out><![CDATA[
COMMAND: POST /session/fc99bad58b82990b6dcb49d7228acab8/execute/async - {"script":"<script> [1562 bytes]","args":[{"selector":{"controlType":"sap.m.GenericTile","properties":{"header":"Site Overview"}},"wdio_ui5_key":"sapm.GenericTile{\"header\":\"Site Overview\"}"}]}
RESULT: {"script":"<script> [1562 bytes]","args":[{"selector":{"controlType":"sap.m.GenericTile","properties":{"header":"Site Overview"}},"wdio_ui5_key":"sapm.GenericTile{\"header\":\"Site Overview\"}"}]}
RESULT: undefined
COMMAND: POST /session/fc99bad58b82990b6dcb49d7228acab8/element - {"using":"xpath","value":"//*[@id=\"__tile100\"]"}
RESULT: {"using":"xpath","value":"//*[@id=\"__tile100\"]"}
COMMAND: POST /session/fc99bad58b82990b6dcb49d7228acab8/element/f.947A257AA7CC65A8B02F4C22A23DA17C.d.7809D585C962018391AD35C216C8CB45.e.2882/click - {}
RESULT: {}
COMMAND: GET /session/fc99bad58b82990b6dcb49d7228acab8/screenshot - {}
RESULT: {}
COMMAND: POST /session/fc99bad58b82990b6dcb49d7228acab8/elements - {"using":"xpath","value":"//span[text()='Error']"}
RESULT: {"using":"xpath","value":"//span[text()='Error']"}
RESULT: undefined
COMMAND: POST /session/fc99bad58b82990b6dcb49d7228acab8/element - {"using":"xpath","value":"//*[@id=\"__tile100\"]"}
RESULT: {"using":"xpath","value":"//*[@id=\"__tile100\"]"}
COMMAND: POST /session/fc99bad58b82990b6dcb49d7228acab8/element/f.947A257AA7CC65A8B02F4C22A23DA17C.d.7809D585C962018391AD35C216C8CB45.e.2882/click - {}
RESULT: undefined
COMMAND: POST /session/fc99bad58b82990b6dcb49d7228acab8/element - {"using":"xpath","value":"//*[@id=\"__tile100\"]"}
RESULT: {"using":"xpath","value":"//*[@id=\"__tile100\"]"}
COMMAND: POST /session/fc99bad58b82990b6dcb49d7228acab8/element/f.947A257AA7CC65A8B02F4C22A23DA17C.d.7809D585C962018391AD35C216C8CB45.e.2882/click - {}
RESULT: undefined
COMMAND: POST /session/fc99bad58b82990b6dcb49d7228acab8/execute/async - {"script":"<script> [6424 bytes]","args":[{"element-6066-11e4-a52e-4f735466cecf":"f.947A257AA7CC65A8B02F4C22A23DA17C.d.7809D585C962018391AD35C216C8CB45.e.295"},"getTitle",[]]}
COMMAND: POST /session/fc99bad58b82990b6dcb49d7228acab8/execute/async - {"script":"<script> [1562 bytes]","args":[{"selector":{"id":"shellAppTitle"},"wdio_ui5_key":"shellAppTitle"}]}
RESULT: {"script":"<script> [1562 bytes]","args":[{"selector":{"id":"shellAppTitle"},"wdio_ui5_key":"shellAppTitle"}]}
COMMAND: POST /session/fc99bad58b82990b6dcb49d7228acab8/execute/async - {"script":"<script> [6424 bytes]","args":[{"element-6066-11e4-a52e-4f735466cecf":"f.947A257AA7CC65A8B02F4C22A23DA17C.d.7809D585C962018391AD35C216C8CB45.e.3002"},"getTitle",[]]}
RESULT: {"script":"<script> [6424 bytes]","args":[{"element-6066-11e4-a52e-4f735466cecf":"f.947A257AA7CC65A8B02F4C22A23DA17C.d.7809D585C962018391AD35C216C8CB45.e.3002"},"getTitle",[]]}
RESULT: undefined
COMMAND: POST /session/fc99bad58b82990b6dcb49d7228acab8/element/f.947A257AA7CC65A8B02F4C22A23DA17C.d.7809D585C962018391AD35C216C8CB45.e.2811/click - {}
COMMAND: POST /session/fc99bad58b82990b6dcb49d7228acab8/element - {"using":"xpath","value":"//*[@id=\"backBtn\"]"}
RESULT: {"using":"xpath","value":"//*[@id=\"backBtn\"]"}
COMMAND: POST /session/fc99bad58b82990b6dcb49d7228acab8/element/f.947A257AA7CC65A8B02F4C22A23DA17C.d.7809D585C962018391AD35C216C8CB45.e.2811/click - {}
COMMAND: POST /session/fc99bad58b82990b6dcb49d7228acab8/element - {"using":"xpath","value":"//*[@id=\"backBtn\"]"}
RESULT: {"using":"xpath","value":"//*[@id=\"backBtn\"]"}
COMMAND: POST /session/fc99bad58b82990b6dcb49d7228acab8/element/f.947A257AA7CC65A8B02F4C22A23DA17C.d.7809D585C962018391AD35C216C8CB45.e.3003/click - {}
RESULT: {}
COMMAND: GET /session/fc99bad58b82990b6dcb49d7228acab8/screenshot - {}
RESULT: {}
]]></system-out>
    </testcase>
    <testcase classname="chrome.136_0_7103_93.windows.Sanity_Tests_US104253" name="Should open Trace Track Resources page" time="36.534">
      <system-out><![CDATA[
COMMAND: POST /session/fc99bad58b82990b6dcb49d7228acab8/execute/async - {"script":"<script> [1562 bytes]","args":[{"selector":{"controlType":"sap.m.GenericTile","properties":{"header":"Trace & Track Resources"}},"wdio_ui5_key":"sapm.GenericTile{\"header\":\"Trace & Track Resources\"}"}]}
RESULT: {"script":"<script> [1562 bytes]","args":[{"selector":{"controlType":"sap.m.GenericTile","properties":{"header":"Trace & Track Resources"}},"wdio_ui5_key":"sapm.GenericTile{\"header\":\"Trace & Track Resources\"}"}]}
RESULT: undefined
COMMAND: POST /session/fc99bad58b82990b6dcb49d7228acab8/element - {"using":"xpath","value":"//*[@id=\"__tile101\"]"}
RESULT: {"using":"xpath","value":"//*[@id=\"__tile101\"]"}
COMMAND: POST /session/fc99bad58b82990b6dcb49d7228acab8/element/f.947A257AA7CC65A8B02F4C22A23DA17C.d.7809D585C962018391AD35C216C8CB45.e.3005/click - {}
RESULT: {}
COMMAND: GET /session/fc99bad58b82990b6dcb49d7228acab8/screenshot - {}
RESULT: {}
COMMAND: POST /session/fc99bad58b82990b6dcb49d7228acab8/elements - {"using":"xpath","value":"//span[text()='Error']"}
RESULT: {"using":"xpath","value":"//span[text()='Error']"}
RESULT: undefined
COMMAND: POST /session/fc99bad58b82990b6dcb49d7228acab8/element - {"using":"xpath","value":"//*[@id=\"__tile101\"]"}
RESULT: {"using":"xpath","value":"//*[@id=\"__tile101\"]"}
COMMAND: POST /session/fc99bad58b82990b6dcb49d7228acab8/element/f.947A257AA7CC65A8B02F4C22A23DA17C.d.7809D585C962018391AD35C216C8CB45.e.3005/click - {}
RESULT: undefined
COMMAND: POST /session/fc99bad58b82990b6dcb49d7228acab8/element - {"using":"xpath","value":"//*[@id=\"__tile101\"]"}
RESULT: {"using":"xpath","value":"//*[@id=\"__tile101\"]"}
COMMAND: POST /session/fc99bad58b82990b6dcb49d7228acab8/element/f.947A257AA7CC65A8B02F4C22A23DA17C.d.7809D585C962018391AD35C216C8CB45.e.3005/click - {}
RESULT: undefined
COMMAND: POST /session/fc99bad58b82990b6dcb49d7228acab8/execute/async - {"script":"<script> [6424 bytes]","args":[{"element-6066-11e4-a52e-4f735466cecf":"f.947A257AA7CC65A8B02F4C22A23DA17C.d.7809D585C962018391AD35C216C8CB45.e.295"},"getTitle",[]]}
COMMAND: POST /session/fc99bad58b82990b6dcb49d7228acab8/execute/async - {"script":"<script> [1562 bytes]","args":[{"selector":{"id":"shellAppTitle"},"wdio_ui5_key":"shellAppTitle"}]}
RESULT: {"script":"<script> [1562 bytes]","args":[{"selector":{"id":"shellAppTitle"},"wdio_ui5_key":"shellAppTitle"}]}
COMMAND: POST /session/fc99bad58b82990b6dcb49d7228acab8/execute/async - {"script":"<script> [6424 bytes]","args":[{"element-6066-11e4-a52e-4f735466cecf":"f.947A257AA7CC65A8B02F4C22A23DA17C.d.7809D585C962018391AD35C216C8CB45.e.3044"},"getTitle",[]]}
RESULT: {"script":"<script> [6424 bytes]","args":[{"element-6066-11e4-a52e-4f735466cecf":"f.947A257AA7CC65A8B02F4C22A23DA17C.d.7809D585C962018391AD35C216C8CB45.e.3044"},"getTitle",[]]}
RESULT: undefined
COMMAND: POST /session/fc99bad58b82990b6dcb49d7228acab8/element/f.947A257AA7CC65A8B02F4C22A23DA17C.d.7809D585C962018391AD35C216C8CB45.e.3003/click - {}
RESULT: {}
COMMAND: GET /session/fc99bad58b82990b6dcb49d7228acab8/screenshot - {}
RESULT: {}
]]></system-out>
    </testcase>
    <testcase classname="chrome.136_0_7103_93.windows.Sanity_Tests_US104253" name="Should open RU Inventory List page" time="41.565">
      <system-out><![CDATA[
COMMAND: POST /session/fc99bad58b82990b6dcb49d7228acab8/execute/async - {"script":"<script> [1562 bytes]","args":[{"selector":{"controlType":"sap.m.GenericTile","properties":{"header":"RU Inventory List"}},"wdio_ui5_key":"sapm.GenericTile{\"header\":\"RU Inventory List\"}"}]}
RESULT: {"script":"<script> [1562 bytes]","args":[{"selector":{"controlType":"sap.m.GenericTile","properties":{"header":"RU Inventory List"}},"wdio_ui5_key":"sapm.GenericTile{\"header\":\"RU Inventory List\"}"}]}
RESULT: undefined
COMMAND: POST /session/fc99bad58b82990b6dcb49d7228acab8/element - {"using":"xpath","value":"//*[@id=\"__tile99\"]"}
RESULT: {"using":"xpath","value":"//*[@id=\"__tile99\"]"}
COMMAND: POST /session/fc99bad58b82990b6dcb49d7228acab8/element/f.947A257AA7CC65A8B02F4C22A23DA17C.d.7809D585C962018391AD35C216C8CB45.e.3046/click - {}
RESULT: {}
COMMAND: GET /session/fc99bad58b82990b6dcb49d7228acab8/screenshot - {}
RESULT: {}
COMMAND: POST /session/fc99bad58b82990b6dcb49d7228acab8/elements - {"using":"xpath","value":"//span[text()='Error']"}
RESULT: {"using":"xpath","value":"//span[text()='Error']"}
RESULT: undefined
COMMAND: POST /session/fc99bad58b82990b6dcb49d7228acab8/element - {"using":"xpath","value":"//*[@id=\"__tile99\"]"}
RESULT: {"using":"xpath","value":"//*[@id=\"__tile99\"]"}
COMMAND: POST /session/fc99bad58b82990b6dcb49d7228acab8/element/f.947A257AA7CC65A8B02F4C22A23DA17C.d.7809D585C962018391AD35C216C8CB45.e.3046/click - {}
RESULT: undefined
COMMAND: POST /session/fc99bad58b82990b6dcb49d7228acab8/element - {"using":"xpath","value":"//*[@id=\"__tile99\"]"}
RESULT: {"using":"xpath","value":"//*[@id=\"__tile99\"]"}
COMMAND: POST /session/fc99bad58b82990b6dcb49d7228acab8/element/f.947A257AA7CC65A8B02F4C22A23DA17C.d.7809D585C962018391AD35C216C8CB45.e.3046/click - {}
RESULT: undefined
COMMAND: POST /session/fc99bad58b82990b6dcb49d7228acab8/execute/async - {"script":"<script> [6424 bytes]","args":[{"element-6066-11e4-a52e-4f735466cecf":"f.947A257AA7CC65A8B02F4C22A23DA17C.d.7809D585C962018391AD35C216C8CB45.e.295"},"getTitle",[]]}
COMMAND: POST /session/fc99bad58b82990b6dcb49d7228acab8/execute/async - {"script":"<script> [1562 bytes]","args":[{"selector":{"id":"shellAppTitle"},"wdio_ui5_key":"shellAppTitle"}]}
RESULT: {"script":"<script> [1562 bytes]","args":[{"selector":{"id":"shellAppTitle"},"wdio_ui5_key":"shellAppTitle"}]}
COMMAND: POST /session/fc99bad58b82990b6dcb49d7228acab8/execute/async - {"script":"<script> [6424 bytes]","args":[{"element-6066-11e4-a52e-4f735466cecf":"f.947A257AA7CC65A8B02F4C22A23DA17C.d.7809D585C962018391AD35C216C8CB45.e.3247"},"getTitle",[]]}
RESULT: {"script":"<script> [6424 bytes]","args":[{"element-6066-11e4-a52e-4f735466cecf":"f.947A257AA7CC65A8B02F4C22A23DA17C.d.7809D585C962018391AD35C216C8CB45.e.3247"},"getTitle",[]]}
RESULT: undefined
COMMAND: POST /session/fc99bad58b82990b6dcb49d7228acab8/element/f.947A257AA7CC65A8B02F4C22A23DA17C.d.7809D585C962018391AD35C216C8CB45.e.3003/click - {}
COMMAND: POST /session/fc99bad58b82990b6dcb49d7228acab8/element - {"using":"xpath","value":"//*[@id=\"backBtn\"]"}
RESULT: {"using":"xpath","value":"//*[@id=\"backBtn\"]"}
COMMAND: POST /session/fc99bad58b82990b6dcb49d7228acab8/element/f.947A257AA7CC65A8B02F4C22A23DA17C.d.7809D585C962018391AD35C216C8CB45.e.3003/click - {}
COMMAND: POST /session/fc99bad58b82990b6dcb49d7228acab8/element - {"using":"xpath","value":"//*[@id=\"backBtn\"]"}
RESULT: {"using":"xpath","value":"//*[@id=\"backBtn\"]"}
COMMAND: POST /session/fc99bad58b82990b6dcb49d7228acab8/element/f.947A257AA7CC65A8B02F4C22A23DA17C.d.7809D585C962018391AD35C216C8CB45.e.3248/click - {}
RESULT: {}
COMMAND: GET /session/fc99bad58b82990b6dcb49d7228acab8/screenshot - {}
RESULT: {}
]]></system-out>
    </testcase>
    <testcase classname="chrome.136_0_7103_93.windows.Sanity_Tests_US104253" name="Should open Contracts Dashboard page" time="37.868">
      <system-out><![CDATA[
COMMAND: POST /session/fc99bad58b82990b6dcb49d7228acab8/execute/async - {"script":"<script> [1562 bytes]","args":[{"selector":{"controlType":"sap.m.GenericTile","properties":{"header":"Contracts Dashboard"}},"wdio_ui5_key":"sapm.GenericTile{\"header\":\"Contracts Dashboard\"}"}]}
RESULT: {"script":"<script> [1562 bytes]","args":[{"selector":{"controlType":"sap.m.GenericTile","properties":{"header":"Contracts Dashboard"}},"wdio_ui5_key":"sapm.GenericTile{\"header\":\"Contracts Dashboard\"}"}]}
RESULT: undefined
COMMAND: POST /session/fc99bad58b82990b6dcb49d7228acab8/element - {"using":"xpath","value":"//*[@id=\"__tile97\"]"}
RESULT: {"using":"xpath","value":"//*[@id=\"__tile97\"]"}
COMMAND: POST /session/fc99bad58b82990b6dcb49d7228acab8/element/f.947A257AA7CC65A8B02F4C22A23DA17C.d.7809D585C962018391AD35C216C8CB45.e.3250/click - {}
RESULT: {}
COMMAND: GET /session/fc99bad58b82990b6dcb49d7228acab8/screenshot - {}
RESULT: {}
COMMAND: POST /session/fc99bad58b82990b6dcb49d7228acab8/elements - {"using":"xpath","value":"//span[text()='Error']"}
RESULT: {"using":"xpath","value":"//span[text()='Error']"}
RESULT: undefined
COMMAND: POST /session/fc99bad58b82990b6dcb49d7228acab8/element - {"using":"xpath","value":"//*[@id=\"__tile97\"]"}
RESULT: {"using":"xpath","value":"//*[@id=\"__tile97\"]"}
COMMAND: POST /session/fc99bad58b82990b6dcb49d7228acab8/element/f.947A257AA7CC65A8B02F4C22A23DA17C.d.7809D585C962018391AD35C216C8CB45.e.3250/click - {}
RESULT: undefined
COMMAND: POST /session/fc99bad58b82990b6dcb49d7228acab8/element - {"using":"xpath","value":"//*[@id=\"__tile97\"]"}
RESULT: {"using":"xpath","value":"//*[@id=\"__tile97\"]"}
COMMAND: POST /session/fc99bad58b82990b6dcb49d7228acab8/element/f.947A257AA7CC65A8B02F4C22A23DA17C.d.7809D585C962018391AD35C216C8CB45.e.3250/click - {}
RESULT: undefined
COMMAND: POST /session/fc99bad58b82990b6dcb49d7228acab8/execute/async - {"script":"<script> [6424 bytes]","args":[{"element-6066-11e4-a52e-4f735466cecf":"f.947A257AA7CC65A8B02F4C22A23DA17C.d.7809D585C962018391AD35C216C8CB45.e.295"},"getTitle",[]]}
COMMAND: POST /session/fc99bad58b82990b6dcb49d7228acab8/execute/async - {"script":"<script> [1562 bytes]","args":[{"selector":{"id":"shellAppTitle"},"wdio_ui5_key":"shellAppTitle"}]}
RESULT: {"script":"<script> [1562 bytes]","args":[{"selector":{"id":"shellAppTitle"},"wdio_ui5_key":"shellAppTitle"}]}
COMMAND: POST /session/fc99bad58b82990b6dcb49d7228acab8/execute/async - {"script":"<script> [6424 bytes]","args":[{"element-6066-11e4-a52e-4f735466cecf":"f.947A257AA7CC65A8B02F4C22A23DA17C.d.7809D585C962018391AD35C216C8CB45.e.3271"},"getTitle",[]]}
RESULT: {"script":"<script> [6424 bytes]","args":[{"element-6066-11e4-a52e-4f735466cecf":"f.947A257AA7CC65A8B02F4C22A23DA17C.d.7809D585C962018391AD35C216C8CB45.e.3271"},"getTitle",[]]}
RESULT: undefined
COMMAND: POST /session/fc99bad58b82990b6dcb49d7228acab8/element/f.947A257AA7CC65A8B02F4C22A23DA17C.d.7809D585C962018391AD35C216C8CB45.e.3248/click - {}
RESULT: {}
COMMAND: GET /session/fc99bad58b82990b6dcb49d7228acab8/screenshot - {}
RESULT: {}
]]></system-out>
    </testcase>
    <testcase classname="chrome.136_0_7103_93.windows.Sanity_Tests_US104253" name="Should open Bin Status Report page" time="36.64">
      <system-out><![CDATA[
COMMAND: POST /session/fc99bad58b82990b6dcb49d7228acab8/execute/async - {"script":"<script> [1562 bytes]","args":[{"selector":{"controlType":"sap.m.GenericTile","properties":{"header":"Bin Status Report"}},"wdio_ui5_key":"sapm.GenericTile{\"header\":\"Bin Status Report\"}"}]}
RESULT: {"script":"<script> [1562 bytes]","args":[{"selector":{"controlType":"sap.m.GenericTile","properties":{"header":"Bin Status Report"}},"wdio_ui5_key":"sapm.GenericTile{\"header\":\"Bin Status Report\"}"}]}
RESULT: undefined
COMMAND: POST /session/fc99bad58b82990b6dcb49d7228acab8/element - {"using":"xpath","value":"//*[@id=\"__tile104\"]"}
RESULT: {"using":"xpath","value":"//*[@id=\"__tile104\"]"}
COMMAND: POST /session/fc99bad58b82990b6dcb49d7228acab8/element/f.947A257AA7CC65A8B02F4C22A23DA17C.d.7809D585C962018391AD35C216C8CB45.e.3273/click - {}
RESULT: {}
COMMAND: GET /session/fc99bad58b82990b6dcb49d7228acab8/screenshot - {}
RESULT: {}
COMMAND: POST /session/fc99bad58b82990b6dcb49d7228acab8/elements - {"using":"xpath","value":"//span[text()='Error']"}
RESULT: {"using":"xpath","value":"//span[text()='Error']"}
RESULT: undefined
COMMAND: POST /session/fc99bad58b82990b6dcb49d7228acab8/element - {"using":"xpath","value":"//*[@id=\"__tile104\"]"}
RESULT: {"using":"xpath","value":"//*[@id=\"__tile104\"]"}
COMMAND: POST /session/fc99bad58b82990b6dcb49d7228acab8/element/f.947A257AA7CC65A8B02F4C22A23DA17C.d.7809D585C962018391AD35C216C8CB45.e.3273/click - {}
RESULT: undefined
COMMAND: POST /session/fc99bad58b82990b6dcb49d7228acab8/element - {"using":"xpath","value":"//*[@id=\"__tile104\"]"}
RESULT: {"using":"xpath","value":"//*[@id=\"__tile104\"]"}
COMMAND: POST /session/fc99bad58b82990b6dcb49d7228acab8/element/f.947A257AA7CC65A8B02F4C22A23DA17C.d.7809D585C962018391AD35C216C8CB45.e.3273/click - {}
RESULT: undefined
COMMAND: POST /session/fc99bad58b82990b6dcb49d7228acab8/execute/async - {"script":"<script> [6424 bytes]","args":[{"element-6066-11e4-a52e-4f735466cecf":"f.947A257AA7CC65A8B02F4C22A23DA17C.d.7809D585C962018391AD35C216C8CB45.e.295"},"getTitle",[]]}
COMMAND: POST /session/fc99bad58b82990b6dcb49d7228acab8/execute/async - {"script":"<script> [1562 bytes]","args":[{"selector":{"id":"shellAppTitle"},"wdio_ui5_key":"shellAppTitle"}]}
RESULT: {"script":"<script> [1562 bytes]","args":[{"selector":{"id":"shellAppTitle"},"wdio_ui5_key":"shellAppTitle"}]}
COMMAND: POST /session/fc99bad58b82990b6dcb49d7228acab8/execute/async - {"script":"<script> [6424 bytes]","args":[{"element-6066-11e4-a52e-4f735466cecf":"f.947A257AA7CC65A8B02F4C22A23DA17C.d.7809D585C962018391AD35C216C8CB45.e.3351"},"getTitle",[]]}
RESULT: {"script":"<script> [6424 bytes]","args":[{"element-6066-11e4-a52e-4f735466cecf":"f.947A257AA7CC65A8B02F4C22A23DA17C.d.7809D585C962018391AD35C216C8CB45.e.3351"},"getTitle",[]]}
RESULT: undefined
COMMAND: POST /session/fc99bad58b82990b6dcb49d7228acab8/element/f.947A257AA7CC65A8B02F4C22A23DA17C.d.7809D585C962018391AD35C216C8CB45.e.3248/click - {}
COMMAND: POST /session/fc99bad58b82990b6dcb49d7228acab8/element - {"using":"xpath","value":"//*[@id=\"backBtn\"]"}
RESULT: {"using":"xpath","value":"//*[@id=\"backBtn\"]"}
COMMAND: POST /session/fc99bad58b82990b6dcb49d7228acab8/element/f.947A257AA7CC65A8B02F4C22A23DA17C.d.7809D585C962018391AD35C216C8CB45.e.3248/click - {}
COMMAND: POST /session/fc99bad58b82990b6dcb49d7228acab8/element - {"using":"xpath","value":"//*[@id=\"backBtn\"]"}
RESULT: {"using":"xpath","value":"//*[@id=\"backBtn\"]"}
COMMAND: POST /session/fc99bad58b82990b6dcb49d7228acab8/element/f.947A257AA7CC65A8B02F4C22A23DA17C.d.7809D585C962018391AD35C216C8CB45.e.3352/click - {}
RESULT: {}
COMMAND: GET /session/fc99bad58b82990b6dcb49d7228acab8/screenshot - {}
RESULT: {}
]]></system-out>
    </testcase>
    <testcase classname="chrome.136_0_7103_93.windows.Sanity_Tests_US104253" name="Should open Manage Warehouse Movements page" time="36.288">
      <system-out><![CDATA[
COMMAND: POST /session/fc99bad58b82990b6dcb49d7228acab8/execute/async - {"script":"<script> [1562 bytes]","args":[{"selector":{"controlType":"sap.m.GenericTile","properties":{"header":"Manage Warehouse Movements"}},"wdio_ui5_key":"sapm.GenericTile{\"header\":\"Manage Warehouse Movements\"}"}]}
RESULT: {"script":"<script> [1562 bytes]","args":[{"selector":{"controlType":"sap.m.GenericTile","properties":{"header":"Manage Warehouse Movements"}},"wdio_ui5_key":"sapm.GenericTile{\"header\":\"Manage Warehouse Movements\"}"}]}
RESULT: undefined
COMMAND: POST /session/fc99bad58b82990b6dcb49d7228acab8/element - {"using":"xpath","value":"//*[@id=\"__tile105\"]"}
RESULT: {"using":"xpath","value":"//*[@id=\"__tile105\"]"}
COMMAND: POST /session/fc99bad58b82990b6dcb49d7228acab8/element/f.947A257AA7CC65A8B02F4C22A23DA17C.d.7809D585C962018391AD35C216C8CB45.e.3356/click - {}
RESULT: {}
COMMAND: GET /session/fc99bad58b82990b6dcb49d7228acab8/screenshot - {}
RESULT: {}
COMMAND: POST /session/fc99bad58b82990b6dcb49d7228acab8/elements - {"using":"xpath","value":"//span[text()='Error']"}
RESULT: {"using":"xpath","value":"//span[text()='Error']"}
RESULT: undefined
COMMAND: POST /session/fc99bad58b82990b6dcb49d7228acab8/element - {"using":"xpath","value":"//*[@id=\"__tile105\"]"}
RESULT: {"using":"xpath","value":"//*[@id=\"__tile105\"]"}
COMMAND: POST /session/fc99bad58b82990b6dcb49d7228acab8/element/f.947A257AA7CC65A8B02F4C22A23DA17C.d.7809D585C962018391AD35C216C8CB45.e.3356/click - {}
RESULT: undefined
COMMAND: POST /session/fc99bad58b82990b6dcb49d7228acab8/element - {"using":"xpath","value":"//*[@id=\"__tile105\"]"}
RESULT: {"using":"xpath","value":"//*[@id=\"__tile105\"]"}
COMMAND: POST /session/fc99bad58b82990b6dcb49d7228acab8/element/f.947A257AA7CC65A8B02F4C22A23DA17C.d.7809D585C962018391AD35C216C8CB45.e.3356/click - {}
RESULT: undefined
COMMAND: POST /session/fc99bad58b82990b6dcb49d7228acab8/execute/async - {"script":"<script> [6424 bytes]","args":[{"element-6066-11e4-a52e-4f735466cecf":"f.947A257AA7CC65A8B02F4C22A23DA17C.d.7809D585C962018391AD35C216C8CB45.e.295"},"getTitle",[]]}
COMMAND: POST /session/fc99bad58b82990b6dcb49d7228acab8/execute/async - {"script":"<script> [1562 bytes]","args":[{"selector":{"id":"shellAppTitle"},"wdio_ui5_key":"shellAppTitle"}]}
RESULT: {"script":"<script> [1562 bytes]","args":[{"selector":{"id":"shellAppTitle"},"wdio_ui5_key":"shellAppTitle"}]}
COMMAND: POST /session/fc99bad58b82990b6dcb49d7228acab8/execute/async - {"script":"<script> [6424 bytes]","args":[{"element-6066-11e4-a52e-4f735466cecf":"f.947A257AA7CC65A8B02F4C22A23DA17C.d.7809D585C962018391AD35C216C8CB45.e.3456"},"getTitle",[]]}
RESULT: {"script":"<script> [6424 bytes]","args":[{"element-6066-11e4-a52e-4f735466cecf":"f.947A257AA7CC65A8B02F4C22A23DA17C.d.7809D585C962018391AD35C216C8CB45.e.3456"},"getTitle",[]]}
RESULT: undefined
COMMAND: POST /session/fc99bad58b82990b6dcb49d7228acab8/element/f.947A257AA7CC65A8B02F4C22A23DA17C.d.7809D585C962018391AD35C216C8CB45.e.3352/click - {}
RESULT: {}
COMMAND: GET /session/fc99bad58b82990b6dcb49d7228acab8/screenshot - {}
RESULT: {}
]]></system-out>
    </testcase>
    <testcase classname="chrome.136_0_7103_93.windows.Sanity_Tests_US104253" name="Should open Bin Inventory List page" time="37.408">
      <system-out><![CDATA[
COMMAND: POST /session/fc99bad58b82990b6dcb49d7228acab8/execute/async - {"script":"<script> [1562 bytes]","args":[{"selector":{"controlType":"sap.m.GenericTile","properties":{"header":"Bin Inventory List"}},"wdio_ui5_key":"sapm.GenericTile{\"header\":\"Bin Inventory List\"}"}]}
RESULT: {"script":"<script> [1562 bytes]","args":[{"selector":{"controlType":"sap.m.GenericTile","properties":{"header":"Bin Inventory List"}},"wdio_ui5_key":"sapm.GenericTile{\"header\":\"Bin Inventory List\"}"}]}
RESULT: undefined
COMMAND: POST /session/fc99bad58b82990b6dcb49d7228acab8/element - {"using":"xpath","value":"//*[@id=\"__tile103\"]"}
RESULT: {"using":"xpath","value":"//*[@id=\"__tile103\"]"}
COMMAND: POST /session/fc99bad58b82990b6dcb49d7228acab8/element/f.947A257AA7CC65A8B02F4C22A23DA17C.d.7809D585C962018391AD35C216C8CB45.e.3458/click - {}
RESULT: {}
COMMAND: GET /session/fc99bad58b82990b6dcb49d7228acab8/screenshot - {}
RESULT: {}
COMMAND: POST /session/fc99bad58b82990b6dcb49d7228acab8/elements - {"using":"xpath","value":"//span[text()='Error']"}
RESULT: {"using":"xpath","value":"//span[text()='Error']"}
RESULT: undefined
COMMAND: POST /session/fc99bad58b82990b6dcb49d7228acab8/element - {"using":"xpath","value":"//*[@id=\"__tile103\"]"}
RESULT: {"using":"xpath","value":"//*[@id=\"__tile103\"]"}
COMMAND: POST /session/fc99bad58b82990b6dcb49d7228acab8/element/f.947A257AA7CC65A8B02F4C22A23DA17C.d.7809D585C962018391AD35C216C8CB45.e.3458/click - {}
RESULT: undefined
COMMAND: POST /session/fc99bad58b82990b6dcb49d7228acab8/element - {"using":"xpath","value":"//*[@id=\"__tile103\"]"}
RESULT: {"using":"xpath","value":"//*[@id=\"__tile103\"]"}
COMMAND: POST /session/fc99bad58b82990b6dcb49d7228acab8/element/f.947A257AA7CC65A8B02F4C22A23DA17C.d.7809D585C962018391AD35C216C8CB45.e.3458/click - {}
RESULT: undefined
COMMAND: POST /session/fc99bad58b82990b6dcb49d7228acab8/execute/async - {"script":"<script> [6424 bytes]","args":[{"element-6066-11e4-a52e-4f735466cecf":"f.947A257AA7CC65A8B02F4C22A23DA17C.d.7809D585C962018391AD35C216C8CB45.e.295"},"getTitle",[]]}
COMMAND: POST /session/fc99bad58b82990b6dcb49d7228acab8/execute/async - {"script":"<script> [1562 bytes]","args":[{"selector":{"id":"shellAppTitle"},"wdio_ui5_key":"shellAppTitle"}]}
RESULT: {"script":"<script> [1562 bytes]","args":[{"selector":{"id":"shellAppTitle"},"wdio_ui5_key":"shellAppTitle"}]}
COMMAND: POST /session/fc99bad58b82990b6dcb49d7228acab8/execute/async - {"script":"<script> [6424 bytes]","args":[{"element-6066-11e4-a52e-4f735466cecf":"f.947A257AA7CC65A8B02F4C22A23DA17C.d.7809D585C962018391AD35C216C8CB45.e.3547"},"getTitle",[]]}
RESULT: {"script":"<script> [6424 bytes]","args":[{"element-6066-11e4-a52e-4f735466cecf":"f.947A257AA7CC65A8B02F4C22A23DA17C.d.7809D585C962018391AD35C216C8CB45.e.3547"},"getTitle",[]]}
RESULT: undefined
COMMAND: POST /session/fc99bad58b82990b6dcb49d7228acab8/element/f.947A257AA7CC65A8B02F4C22A23DA17C.d.7809D585C962018391AD35C216C8CB45.e.3352/click - {}
COMMAND: POST /session/fc99bad58b82990b6dcb49d7228acab8/element - {"using":"xpath","value":"//*[@id=\"backBtn\"]"}
RESULT: {"using":"xpath","value":"//*[@id=\"backBtn\"]"}
COMMAND: POST /session/fc99bad58b82990b6dcb49d7228acab8/element/f.947A257AA7CC65A8B02F4C22A23DA17C.d.7809D585C962018391AD35C216C8CB45.e.3352/click - {}
COMMAND: POST /session/fc99bad58b82990b6dcb49d7228acab8/element - {"using":"xpath","value":"//*[@id=\"backBtn\"]"}
RESULT: {"using":"xpath","value":"//*[@id=\"backBtn\"]"}
COMMAND: POST /session/fc99bad58b82990b6dcb49d7228acab8/element/f.947A257AA7CC65A8B02F4C22A23DA17C.d.7809D585C962018391AD35C216C8CB45.e.3548/click - {}
RESULT: {}
COMMAND: GET /session/fc99bad58b82990b6dcb49d7228acab8/screenshot - {}
RESULT: {}
]]></system-out>
    </testcase>
    <testcase classname="chrome.136_0_7103_93.windows.Sanity_Tests_US104253" name="Should open ISC Templates page" time="37.041">
      <system-out><![CDATA[
COMMAND: POST /session/fc99bad58b82990b6dcb49d7228acab8/execute/async - {"script":"<script> [1562 bytes]","args":[{"selector":{"controlType":"sap.m.GenericTile","properties":{"header":"ISC Templates"}},"wdio_ui5_key":"sapm.GenericTile{\"header\":\"ISC Templates\"}"}]}
RESULT: {"script":"<script> [1562 bytes]","args":[{"selector":{"controlType":"sap.m.GenericTile","properties":{"header":"ISC Templates"}},"wdio_ui5_key":"sapm.GenericTile{\"header\":\"ISC Templates\"}"}]}
RESULT: undefined
COMMAND: POST /session/fc99bad58b82990b6dcb49d7228acab8/element - {"using":"xpath","value":"//*[@id=\"__tile111\"]"}
RESULT: {"using":"xpath","value":"//*[@id=\"__tile111\"]"}
COMMAND: POST /session/fc99bad58b82990b6dcb49d7228acab8/element/f.947A257AA7CC65A8B02F4C22A23DA17C.d.7809D585C962018391AD35C216C8CB45.e.3550/click - {}
RESULT: {}
COMMAND: GET /session/fc99bad58b82990b6dcb49d7228acab8/screenshot - {}
RESULT: {}
COMMAND: POST /session/fc99bad58b82990b6dcb49d7228acab8/elements - {"using":"xpath","value":"//span[text()='Error']"}
RESULT: {"using":"xpath","value":"//span[text()='Error']"}
RESULT: undefined
COMMAND: POST /session/fc99bad58b82990b6dcb49d7228acab8/element - {"using":"xpath","value":"//*[@id=\"__tile111\"]"}
RESULT: {"using":"xpath","value":"//*[@id=\"__tile111\"]"}
COMMAND: POST /session/fc99bad58b82990b6dcb49d7228acab8/element/f.947A257AA7CC65A8B02F4C22A23DA17C.d.7809D585C962018391AD35C216C8CB45.e.3550/click - {}
RESULT: undefined
COMMAND: POST /session/fc99bad58b82990b6dcb49d7228acab8/element - {"using":"xpath","value":"//*[@id=\"__tile111\"]"}
RESULT: {"using":"xpath","value":"//*[@id=\"__tile111\"]"}
COMMAND: POST /session/fc99bad58b82990b6dcb49d7228acab8/element/f.947A257AA7CC65A8B02F4C22A23DA17C.d.7809D585C962018391AD35C216C8CB45.e.3550/click - {}
RESULT: undefined
COMMAND: POST /session/fc99bad58b82990b6dcb49d7228acab8/execute/async - {"script":"<script> [6424 bytes]","args":[{"element-6066-11e4-a52e-4f735466cecf":"f.947A257AA7CC65A8B02F4C22A23DA17C.d.7809D585C962018391AD35C216C8CB45.e.295"},"getTitle",[]]}
COMMAND: POST /session/fc99bad58b82990b6dcb49d7228acab8/execute/async - {"script":"<script> [1562 bytes]","args":[{"selector":{"id":"shellAppTitle"},"wdio_ui5_key":"shellAppTitle"}]}
RESULT: {"script":"<script> [1562 bytes]","args":[{"selector":{"id":"shellAppTitle"},"wdio_ui5_key":"shellAppTitle"}]}
COMMAND: POST /session/fc99bad58b82990b6dcb49d7228acab8/execute/async - {"script":"<script> [6424 bytes]","args":[{"element-6066-11e4-a52e-4f735466cecf":"f.947A257AA7CC65A8B02F4C22A23DA17C.d.7809D585C962018391AD35C216C8CB45.e.3624"},"getTitle",[]]}
RESULT: {"script":"<script> [6424 bytes]","args":[{"element-6066-11e4-a52e-4f735466cecf":"f.947A257AA7CC65A8B02F4C22A23DA17C.d.7809D585C962018391AD35C216C8CB45.e.3624"},"getTitle",[]]}
RESULT: undefined
COMMAND: POST /session/fc99bad58b82990b6dcb49d7228acab8/element/f.947A257AA7CC65A8B02F4C22A23DA17C.d.7809D585C962018391AD35C216C8CB45.e.3548/click - {}
RESULT: {}
COMMAND: GET /session/fc99bad58b82990b6dcb49d7228acab8/screenshot - {}
RESULT: {}
]]></system-out>
    </testcase>
    <testcase classname="chrome.136_0_7103_93.windows.Sanity_Tests_US104253" name="Should open ISC Schedules page" time="36.685">
      <system-out><![CDATA[
COMMAND: POST /session/fc99bad58b82990b6dcb49d7228acab8/execute/async - {"script":"<script> [1562 bytes]","args":[{"selector":{"controlType":"sap.m.GenericTile","properties":{"header":"ISC Schedules"}},"wdio_ui5_key":"sapm.GenericTile{\"header\":\"ISC Schedules\"}"}]}
RESULT: {"script":"<script> [1562 bytes]","args":[{"selector":{"controlType":"sap.m.GenericTile","properties":{"header":"ISC Schedules"}},"wdio_ui5_key":"sapm.GenericTile{\"header\":\"ISC Schedules\"}"}]}
RESULT: undefined
COMMAND: POST /session/fc99bad58b82990b6dcb49d7228acab8/element - {"using":"xpath","value":"//*[@id=\"__tile109\"]"}
RESULT: {"using":"xpath","value":"//*[@id=\"__tile109\"]"}
COMMAND: POST /session/fc99bad58b82990b6dcb49d7228acab8/element/f.947A257AA7CC65A8B02F4C22A23DA17C.d.7809D585C962018391AD35C216C8CB45.e.3627/click - {}
RESULT: {}
COMMAND: GET /session/fc99bad58b82990b6dcb49d7228acab8/screenshot - {}
RESULT: {}
COMMAND: POST /session/fc99bad58b82990b6dcb49d7228acab8/elements - {"using":"xpath","value":"//span[text()='Error']"}
RESULT: {"using":"xpath","value":"//span[text()='Error']"}
RESULT: undefined
COMMAND: POST /session/fc99bad58b82990b6dcb49d7228acab8/element - {"using":"xpath","value":"//*[@id=\"__tile109\"]"}
RESULT: {"using":"xpath","value":"//*[@id=\"__tile109\"]"}
COMMAND: POST /session/fc99bad58b82990b6dcb49d7228acab8/element/f.947A257AA7CC65A8B02F4C22A23DA17C.d.7809D585C962018391AD35C216C8CB45.e.3627/click - {}
RESULT: undefined
COMMAND: POST /session/fc99bad58b82990b6dcb49d7228acab8/element - {"using":"xpath","value":"//*[@id=\"__tile109\"]"}
RESULT: {"using":"xpath","value":"//*[@id=\"__tile109\"]"}
COMMAND: POST /session/fc99bad58b82990b6dcb49d7228acab8/element/f.947A257AA7CC65A8B02F4C22A23DA17C.d.7809D585C962018391AD35C216C8CB45.e.3627/click - {}
RESULT: undefined
COMMAND: POST /session/fc99bad58b82990b6dcb49d7228acab8/execute/async - {"script":"<script> [6424 bytes]","args":[{"element-6066-11e4-a52e-4f735466cecf":"f.947A257AA7CC65A8B02F4C22A23DA17C.d.7809D585C962018391AD35C216C8CB45.e.295"},"getTitle",[]]}
COMMAND: POST /session/fc99bad58b82990b6dcb49d7228acab8/execute/async - {"script":"<script> [1562 bytes]","args":[{"selector":{"id":"shellAppTitle"},"wdio_ui5_key":"shellAppTitle"}]}
RESULT: {"script":"<script> [1562 bytes]","args":[{"selector":{"id":"shellAppTitle"},"wdio_ui5_key":"shellAppTitle"}]}
COMMAND: POST /session/fc99bad58b82990b6dcb49d7228acab8/execute/async - {"script":"<script> [6424 bytes]","args":[{"element-6066-11e4-a52e-4f735466cecf":"f.947A257AA7CC65A8B02F4C22A23DA17C.d.7809D585C962018391AD35C216C8CB45.e.3703"},"getTitle",[]]}
RESULT: {"script":"<script> [6424 bytes]","args":[{"element-6066-11e4-a52e-4f735466cecf":"f.947A257AA7CC65A8B02F4C22A23DA17C.d.7809D585C962018391AD35C216C8CB45.e.3703"},"getTitle",[]]}
RESULT: undefined
COMMAND: POST /session/fc99bad58b82990b6dcb49d7228acab8/element/f.947A257AA7CC65A8B02F4C22A23DA17C.d.7809D585C962018391AD35C216C8CB45.e.3548/click - {}
COMMAND: POST /session/fc99bad58b82990b6dcb49d7228acab8/element - {"using":"xpath","value":"//*[@id=\"backBtn\"]"}
RESULT: {"using":"xpath","value":"//*[@id=\"backBtn\"]"}
COMMAND: POST /session/fc99bad58b82990b6dcb49d7228acab8/element/f.947A257AA7CC65A8B02F4C22A23DA17C.d.7809D585C962018391AD35C216C8CB45.e.3548/click - {}
COMMAND: POST /session/fc99bad58b82990b6dcb49d7228acab8/element - {"using":"xpath","value":"//*[@id=\"backBtn\"]"}
RESULT: {"using":"xpath","value":"//*[@id=\"backBtn\"]"}
COMMAND: POST /session/fc99bad58b82990b6dcb49d7228acab8/element/f.947A257AA7CC65A8B02F4C22A23DA17C.d.7809D585C962018391AD35C216C8CB45.e.3704/click - {}
RESULT: {}
COMMAND: GET /session/fc99bad58b82990b6dcb49d7228acab8/screenshot - {}
RESULT: {}
]]></system-out>
    </testcase>
    <testcase classname="chrome.136_0_7103_93.windows.Sanity_Tests_US104253" name="Should open ISC Dashboard page" time="35.885">
      <system-out><![CDATA[
COMMAND: POST /session/fc99bad58b82990b6dcb49d7228acab8/execute/async - {"script":"<script> [1562 bytes]","args":[{"selector":{"controlType":"sap.m.GenericTile","properties":{"header":"ISC Dashboard"}},"wdio_ui5_key":"sapm.GenericTile{\"header\":\"ISC Dashboard\"}"}]}
RESULT: {"script":"<script> [1562 bytes]","args":[{"selector":{"controlType":"sap.m.GenericTile","properties":{"header":"ISC Dashboard"}},"wdio_ui5_key":"sapm.GenericTile{\"header\":\"ISC Dashboard\"}"}]}
RESULT: undefined
COMMAND: POST /session/fc99bad58b82990b6dcb49d7228acab8/element - {"using":"xpath","value":"//*[@id=\"__tile106\"]"}
RESULT: {"using":"xpath","value":"//*[@id=\"__tile106\"]"}
COMMAND: POST /session/fc99bad58b82990b6dcb49d7228acab8/element/f.947A257AA7CC65A8B02F4C22A23DA17C.d.7809D585C962018391AD35C216C8CB45.e.3706/click - {}
RESULT: {}
COMMAND: GET /session/fc99bad58b82990b6dcb49d7228acab8/screenshot - {}
RESULT: {}
COMMAND: POST /session/fc99bad58b82990b6dcb49d7228acab8/elements - {"using":"xpath","value":"//span[text()='Error']"}
RESULT: {"using":"xpath","value":"//span[text()='Error']"}
RESULT: undefined
COMMAND: POST /session/fc99bad58b82990b6dcb49d7228acab8/element - {"using":"xpath","value":"//*[@id=\"__tile106\"]"}
RESULT: {"using":"xpath","value":"//*[@id=\"__tile106\"]"}
COMMAND: POST /session/fc99bad58b82990b6dcb49d7228acab8/element/f.947A257AA7CC65A8B02F4C22A23DA17C.d.7809D585C962018391AD35C216C8CB45.e.3706/click - {}
RESULT: undefined
COMMAND: POST /session/fc99bad58b82990b6dcb49d7228acab8/element - {"using":"xpath","value":"//*[@id=\"__tile106\"]"}
RESULT: {"using":"xpath","value":"//*[@id=\"__tile106\"]"}
COMMAND: POST /session/fc99bad58b82990b6dcb49d7228acab8/element/f.947A257AA7CC65A8B02F4C22A23DA17C.d.7809D585C962018391AD35C216C8CB45.e.3706/click - {}
RESULT: undefined
COMMAND: POST /session/fc99bad58b82990b6dcb49d7228acab8/execute/async - {"script":"<script> [6424 bytes]","args":[{"element-6066-11e4-a52e-4f735466cecf":"f.947A257AA7CC65A8B02F4C22A23DA17C.d.7809D585C962018391AD35C216C8CB45.e.295"},"getTitle",[]]}
COMMAND: POST /session/fc99bad58b82990b6dcb49d7228acab8/execute/async - {"script":"<script> [1562 bytes]","args":[{"selector":{"id":"shellAppTitle"},"wdio_ui5_key":"shellAppTitle"}]}
RESULT: {"script":"<script> [1562 bytes]","args":[{"selector":{"id":"shellAppTitle"},"wdio_ui5_key":"shellAppTitle"}]}
COMMAND: POST /session/fc99bad58b82990b6dcb49d7228acab8/execute/async - {"script":"<script> [6424 bytes]","args":[{"element-6066-11e4-a52e-4f735466cecf":"f.947A257AA7CC65A8B02F4C22A23DA17C.d.7809D585C962018391AD35C216C8CB45.e.3835"},"getTitle",[]]}
RESULT: {"script":"<script> [6424 bytes]","args":[{"element-6066-11e4-a52e-4f735466cecf":"f.947A257AA7CC65A8B02F4C22A23DA17C.d.7809D585C962018391AD35C216C8CB45.e.3835"},"getTitle",[]]}
RESULT: undefined
COMMAND: POST /session/fc99bad58b82990b6dcb49d7228acab8/element/f.947A257AA7CC65A8B02F4C22A23DA17C.d.7809D585C962018391AD35C216C8CB45.e.3704/click - {}
RESULT: {}
COMMAND: GET /session/fc99bad58b82990b6dcb49d7228acab8/screenshot - {}
RESULT: {}
]]></system-out>
    </testcase>
    <testcase classname="chrome.136_0_7103_93.windows.Sanity_Tests_US104253" name="Should open ISC Orders page" time="38.109">
      <system-out><![CDATA[
COMMAND: POST /session/fc99bad58b82990b6dcb49d7228acab8/execute/async - {"script":"<script> [1562 bytes]","args":[{"selector":{"controlType":"sap.m.GenericTile","properties":{"header":"ISC Orders"}},"wdio_ui5_key":"sapm.GenericTile{\"header\":\"ISC Orders\"}"}]}
RESULT: {"script":"<script> [1562 bytes]","args":[{"selector":{"controlType":"sap.m.GenericTile","properties":{"header":"ISC Orders"}},"wdio_ui5_key":"sapm.GenericTile{\"header\":\"ISC Orders\"}"}]}
RESULT: undefined
COMMAND: POST /session/fc99bad58b82990b6dcb49d7228acab8/element - {"using":"xpath","value":"//*[@id=\"__tile108\"]"}
RESULT: {"using":"xpath","value":"//*[@id=\"__tile108\"]"}
COMMAND: POST /session/fc99bad58b82990b6dcb49d7228acab8/element/f.947A257AA7CC65A8B02F4C22A23DA17C.d.7809D585C962018391AD35C216C8CB45.e.3837/click - {}
RESULT: {}
COMMAND: GET /session/fc99bad58b82990b6dcb49d7228acab8/screenshot - {}
RESULT: {}
COMMAND: POST /session/fc99bad58b82990b6dcb49d7228acab8/elements - {"using":"xpath","value":"//span[text()='Error']"}
RESULT: {"using":"xpath","value":"//span[text()='Error']"}
RESULT: undefined
COMMAND: POST /session/fc99bad58b82990b6dcb49d7228acab8/element - {"using":"xpath","value":"//*[@id=\"__tile108\"]"}
RESULT: {"using":"xpath","value":"//*[@id=\"__tile108\"]"}
COMMAND: POST /session/fc99bad58b82990b6dcb49d7228acab8/element/f.947A257AA7CC65A8B02F4C22A23DA17C.d.7809D585C962018391AD35C216C8CB45.e.3837/click - {}
RESULT: undefined
COMMAND: POST /session/fc99bad58b82990b6dcb49d7228acab8/element - {"using":"xpath","value":"//*[@id=\"__tile108\"]"}
RESULT: {"using":"xpath","value":"//*[@id=\"__tile108\"]"}
COMMAND: POST /session/fc99bad58b82990b6dcb49d7228acab8/element/f.947A257AA7CC65A8B02F4C22A23DA17C.d.7809D585C962018391AD35C216C8CB45.e.3837/click - {}
RESULT: undefined
COMMAND: POST /session/fc99bad58b82990b6dcb49d7228acab8/execute/async - {"script":"<script> [6424 bytes]","args":[{"element-6066-11e4-a52e-4f735466cecf":"f.947A257AA7CC65A8B02F4C22A23DA17C.d.7809D585C962018391AD35C216C8CB45.e.295"},"getTitle",[]]}
COMMAND: POST /session/fc99bad58b82990b6dcb49d7228acab8/execute/async - {"script":"<script> [1562 bytes]","args":[{"selector":{"id":"shellAppTitle"},"wdio_ui5_key":"shellAppTitle"}]}
RESULT: {"script":"<script> [1562 bytes]","args":[{"selector":{"id":"shellAppTitle"},"wdio_ui5_key":"shellAppTitle"}]}
COMMAND: POST /session/fc99bad58b82990b6dcb49d7228acab8/execute/async - {"script":"<script> [6424 bytes]","args":[{"element-6066-11e4-a52e-4f735466cecf":"f.947A257AA7CC65A8B02F4C22A23DA17C.d.7809D585C962018391AD35C216C8CB45.e.3943"},"getTitle",[]]}
RESULT: {"script":"<script> [6424 bytes]","args":[{"element-6066-11e4-a52e-4f735466cecf":"f.947A257AA7CC65A8B02F4C22A23DA17C.d.7809D585C962018391AD35C216C8CB45.e.3943"},"getTitle",[]]}
RESULT: undefined
COMMAND: POST /session/fc99bad58b82990b6dcb49d7228acab8/element/f.947A257AA7CC65A8B02F4C22A23DA17C.d.7809D585C962018391AD35C216C8CB45.e.3704/click - {}
COMMAND: POST /session/fc99bad58b82990b6dcb49d7228acab8/element - {"using":"xpath","value":"//*[@id=\"backBtn\"]"}
RESULT: {"using":"xpath","value":"//*[@id=\"backBtn\"]"}
COMMAND: POST /session/fc99bad58b82990b6dcb49d7228acab8/element/f.947A257AA7CC65A8B02F4C22A23DA17C.d.7809D585C962018391AD35C216C8CB45.e.3704/click - {}
COMMAND: POST /session/fc99bad58b82990b6dcb49d7228acab8/element - {"using":"xpath","value":"//*[@id=\"backBtn\"]"}
RESULT: {"using":"xpath","value":"//*[@id=\"backBtn\"]"}
COMMAND: POST /session/fc99bad58b82990b6dcb49d7228acab8/element/f.947A257AA7CC65A8B02F4C22A23DA17C.d.7809D585C962018391AD35C216C8CB45.e.3944/click - {}
RESULT: {}
COMMAND: GET /session/fc99bad58b82990b6dcb49d7228acab8/screenshot - {}
RESULT: {}
]]></system-out>
    </testcase>
    <testcase classname="chrome.136_0_7103_93.windows.Sanity_Tests_US104253" name="Should open ISC Tasks page" time="38.833">
      <system-out><![CDATA[
COMMAND: POST /session/fc99bad58b82990b6dcb49d7228acab8/execute/async - {"script":"<script> [1562 bytes]","args":[{"selector":{"controlType":"sap.m.GenericTile","properties":{"header":"ISC Tasks"}},"wdio_ui5_key":"sapm.GenericTile{\"header\":\"ISC Tasks\"}"}]}
RESULT: {"script":"<script> [1562 bytes]","args":[{"selector":{"controlType":"sap.m.GenericTile","properties":{"header":"ISC Tasks"}},"wdio_ui5_key":"sapm.GenericTile{\"header\":\"ISC Tasks\"}"}]}
RESULT: undefined
COMMAND: POST /session/fc99bad58b82990b6dcb49d7228acab8/element - {"using":"xpath","value":"//*[@id=\"__tile110\"]"}
RESULT: {"using":"xpath","value":"//*[@id=\"__tile110\"]"}
COMMAND: POST /session/fc99bad58b82990b6dcb49d7228acab8/element/f.947A257AA7CC65A8B02F4C22A23DA17C.d.7809D585C962018391AD35C216C8CB45.e.3946/click - {}
RESULT: {}
COMMAND: GET /session/fc99bad58b82990b6dcb49d7228acab8/screenshot - {}
RESULT: {}
COMMAND: POST /session/fc99bad58b82990b6dcb49d7228acab8/elements - {"using":"xpath","value":"//span[text()='Error']"}
RESULT: {"using":"xpath","value":"//span[text()='Error']"}
RESULT: undefined
COMMAND: POST /session/fc99bad58b82990b6dcb49d7228acab8/element - {"using":"xpath","value":"//*[@id=\"__tile110\"]"}
RESULT: {"using":"xpath","value":"//*[@id=\"__tile110\"]"}
COMMAND: POST /session/fc99bad58b82990b6dcb49d7228acab8/element/f.947A257AA7CC65A8B02F4C22A23DA17C.d.7809D585C962018391AD35C216C8CB45.e.3946/click - {}
RESULT: undefined
COMMAND: POST /session/fc99bad58b82990b6dcb49d7228acab8/element - {"using":"xpath","value":"//*[@id=\"__tile110\"]"}
RESULT: {"using":"xpath","value":"//*[@id=\"__tile110\"]"}
COMMAND: POST /session/fc99bad58b82990b6dcb49d7228acab8/element/f.947A257AA7CC65A8B02F4C22A23DA17C.d.7809D585C962018391AD35C216C8CB45.e.3946/click - {}
RESULT: undefined
COMMAND: POST /session/fc99bad58b82990b6dcb49d7228acab8/execute/async - {"script":"<script> [6424 bytes]","args":[{"element-6066-11e4-a52e-4f735466cecf":"f.947A257AA7CC65A8B02F4C22A23DA17C.d.7809D585C962018391AD35C216C8CB45.e.295"},"getTitle",[]]}
COMMAND: POST /session/fc99bad58b82990b6dcb49d7228acab8/execute/async - {"script":"<script> [1562 bytes]","args":[{"selector":{"id":"shellAppTitle"},"wdio_ui5_key":"shellAppTitle"}]}
RESULT: {"script":"<script> [1562 bytes]","args":[{"selector":{"id":"shellAppTitle"},"wdio_ui5_key":"shellAppTitle"}]}
COMMAND: POST /session/fc99bad58b82990b6dcb49d7228acab8/execute/async - {"script":"<script> [6424 bytes]","args":[{"element-6066-11e4-a52e-4f735466cecf":"f.947A257AA7CC65A8B02F4C22A23DA17C.d.7809D585C962018391AD35C216C8CB45.e.4030"},"getTitle",[]]}
RESULT: {"script":"<script> [6424 bytes]","args":[{"element-6066-11e4-a52e-4f735466cecf":"f.947A257AA7CC65A8B02F4C22A23DA17C.d.7809D585C962018391AD35C216C8CB45.e.4030"},"getTitle",[]]}
RESULT: undefined
COMMAND: POST /session/fc99bad58b82990b6dcb49d7228acab8/element/f.947A257AA7CC65A8B02F4C22A23DA17C.d.7809D585C962018391AD35C216C8CB45.e.3944/click - {}
RESULT: {}
COMMAND: GET /session/fc99bad58b82990b6dcb49d7228acab8/screenshot - {}
RESULT: {}
]]></system-out>
    </testcase>
    <testcase classname="chrome.136_0_7103_93.windows.Sanity_Tests_US104253" name="Should open Manage Resource Logbook page" time="36.521">
      <system-out><![CDATA[
COMMAND: POST /session/fc99bad58b82990b6dcb49d7228acab8/execute/async - {"script":"<script> [1562 bytes]","args":[{"selector":{"controlType":"sap.m.GenericTile","properties":{"header":"Manage Resource Logbook"}},"wdio_ui5_key":"sapm.GenericTile{\"header\":\"Manage Resource Logbook\"}"}]}
RESULT: {"script":"<script> [1562 bytes]","args":[{"selector":{"controlType":"sap.m.GenericTile","properties":{"header":"Manage Resource Logbook"}},"wdio_ui5_key":"sapm.GenericTile{\"header\":\"Manage Resource Logbook\"}"}]}
RESULT: undefined
COMMAND: POST /session/fc99bad58b82990b6dcb49d7228acab8/element - {"using":"xpath","value":"//*[@id=\"__tile113\"]"}
RESULT: {"using":"xpath","value":"//*[@id=\"__tile113\"]"}
COMMAND: POST /session/fc99bad58b82990b6dcb49d7228acab8/element/f.947A257AA7CC65A8B02F4C22A23DA17C.d.7809D585C962018391AD35C216C8CB45.e.4032/click - {}
RESULT: {}
COMMAND: GET /session/fc99bad58b82990b6dcb49d7228acab8/screenshot - {}
RESULT: {}
COMMAND: POST /session/fc99bad58b82990b6dcb49d7228acab8/elements - {"using":"xpath","value":"//span[text()='Error']"}
RESULT: {"using":"xpath","value":"//span[text()='Error']"}
RESULT: undefined
COMMAND: POST /session/fc99bad58b82990b6dcb49d7228acab8/element - {"using":"xpath","value":"//*[@id=\"__tile113\"]"}
RESULT: {"using":"xpath","value":"//*[@id=\"__tile113\"]"}
COMMAND: POST /session/fc99bad58b82990b6dcb49d7228acab8/element/f.947A257AA7CC65A8B02F4C22A23DA17C.d.7809D585C962018391AD35C216C8CB45.e.4032/click - {}
RESULT: undefined
COMMAND: POST /session/fc99bad58b82990b6dcb49d7228acab8/element - {"using":"xpath","value":"//*[@id=\"__tile113\"]"}
RESULT: {"using":"xpath","value":"//*[@id=\"__tile113\"]"}
COMMAND: POST /session/fc99bad58b82990b6dcb49d7228acab8/element/f.947A257AA7CC65A8B02F4C22A23DA17C.d.7809D585C962018391AD35C216C8CB45.e.4032/click - {}
RESULT: undefined
COMMAND: POST /session/fc99bad58b82990b6dcb49d7228acab8/execute/async - {"script":"<script> [6424 bytes]","args":[{"element-6066-11e4-a52e-4f735466cecf":"f.947A257AA7CC65A8B02F4C22A23DA17C.d.7809D585C962018391AD35C216C8CB45.e.295"},"getTitle",[]]}
COMMAND: POST /session/fc99bad58b82990b6dcb49d7228acab8/execute/async - {"script":"<script> [1562 bytes]","args":[{"selector":{"id":"shellAppTitle"},"wdio_ui5_key":"shellAppTitle"}]}
RESULT: {"script":"<script> [1562 bytes]","args":[{"selector":{"id":"shellAppTitle"},"wdio_ui5_key":"shellAppTitle"}]}
COMMAND: POST /session/fc99bad58b82990b6dcb49d7228acab8/execute/async - {"script":"<script> [6424 bytes]","args":[{"element-6066-11e4-a52e-4f735466cecf":"f.947A257AA7CC65A8B02F4C22A23DA17C.d.7809D585C962018391AD35C216C8CB45.e.4135"},"getTitle",[]]}
RESULT: {"script":"<script> [6424 bytes]","args":[{"element-6066-11e4-a52e-4f735466cecf":"f.947A257AA7CC65A8B02F4C22A23DA17C.d.7809D585C962018391AD35C216C8CB45.e.4135"},"getTitle",[]]}
RESULT: undefined
COMMAND: POST /session/fc99bad58b82990b6dcb49d7228acab8/element/f.947A257AA7CC65A8B02F4C22A23DA17C.d.7809D585C962018391AD35C216C8CB45.e.3944/click - {}
COMMAND: POST /session/fc99bad58b82990b6dcb49d7228acab8/element - {"using":"xpath","value":"//*[@id=\"backBtn\"]"}
RESULT: {"using":"xpath","value":"//*[@id=\"backBtn\"]"}
COMMAND: POST /session/fc99bad58b82990b6dcb49d7228acab8/element/f.947A257AA7CC65A8B02F4C22A23DA17C.d.7809D585C962018391AD35C216C8CB45.e.3944/click - {}
COMMAND: POST /session/fc99bad58b82990b6dcb49d7228acab8/element - {"using":"xpath","value":"//*[@id=\"backBtn\"]"}
RESULT: {"using":"xpath","value":"//*[@id=\"backBtn\"]"}
COMMAND: POST /session/fc99bad58b82990b6dcb49d7228acab8/element/f.947A257AA7CC65A8B02F4C22A23DA17C.d.7809D585C962018391AD35C216C8CB45.e.4136/click - {}
RESULT: {}
COMMAND: GET /session/fc99bad58b82990b6dcb49d7228acab8/screenshot - {}
RESULT: {}
]]></system-out>
    </testcase>
    <testcase classname="chrome.136_0_7103_93.windows.Sanity_Tests_US104253" name="Should open Manage Logbook page" time="40.719">
      <system-out><![CDATA[
COMMAND: POST /session/fc99bad58b82990b6dcb49d7228acab8/execute/async - {"script":"<script> [1562 bytes]","args":[{"selector":{"controlType":"sap.m.GenericTile","properties":{"header":"Manage Logbook"}},"wdio_ui5_key":"sapm.GenericTile{\"header\":\"Manage Logbook\"}"}]}
RESULT: {"script":"<script> [1562 bytes]","args":[{"selector":{"controlType":"sap.m.GenericTile","properties":{"header":"Manage Logbook"}},"wdio_ui5_key":"sapm.GenericTile{\"header\":\"Manage Logbook\"}"}]}
RESULT: undefined
COMMAND: POST /session/fc99bad58b82990b6dcb49d7228acab8/element - {"using":"xpath","value":"//*[@id=\"__tile112\"]"}
RESULT: {"using":"xpath","value":"//*[@id=\"__tile112\"]"}
COMMAND: POST /session/fc99bad58b82990b6dcb49d7228acab8/element/f.947A257AA7CC65A8B02F4C22A23DA17C.d.7809D585C962018391AD35C216C8CB45.e.4138/click - {}
RESULT: {}
COMMAND: GET /session/fc99bad58b82990b6dcb49d7228acab8/screenshot - {}
RESULT: {}
COMMAND: POST /session/fc99bad58b82990b6dcb49d7228acab8/elements - {"using":"xpath","value":"//span[text()='Error']"}
RESULT: {"using":"xpath","value":"//span[text()='Error']"}
RESULT: undefined
COMMAND: POST /session/fc99bad58b82990b6dcb49d7228acab8/element - {"using":"xpath","value":"//*[@id=\"__tile112\"]"}
RESULT: {"using":"xpath","value":"//*[@id=\"__tile112\"]"}
COMMAND: POST /session/fc99bad58b82990b6dcb49d7228acab8/element/f.947A257AA7CC65A8B02F4C22A23DA17C.d.7809D585C962018391AD35C216C8CB45.e.4138/click - {}
RESULT: undefined
COMMAND: POST /session/fc99bad58b82990b6dcb49d7228acab8/element - {"using":"xpath","value":"//*[@id=\"__tile112\"]"}
RESULT: {"using":"xpath","value":"//*[@id=\"__tile112\"]"}
COMMAND: POST /session/fc99bad58b82990b6dcb49d7228acab8/element/f.947A257AA7CC65A8B02F4C22A23DA17C.d.7809D585C962018391AD35C216C8CB45.e.4138/click - {}
RESULT: undefined
COMMAND: POST /session/fc99bad58b82990b6dcb49d7228acab8/execute/async - {"script":"<script> [6424 bytes]","args":[{"element-6066-11e4-a52e-4f735466cecf":"f.947A257AA7CC65A8B02F4C22A23DA17C.d.7809D585C962018391AD35C216C8CB45.e.295"},"getTitle",[]]}
COMMAND: POST /session/fc99bad58b82990b6dcb49d7228acab8/execute/async - {"script":"<script> [1562 bytes]","args":[{"selector":{"id":"shellAppTitle"},"wdio_ui5_key":"shellAppTitle"}]}
RESULT: {"script":"<script> [1562 bytes]","args":[{"selector":{"id":"shellAppTitle"},"wdio_ui5_key":"shellAppTitle"}]}
COMMAND: POST /session/fc99bad58b82990b6dcb49d7228acab8/execute/async - {"script":"<script> [6424 bytes]","args":[{"element-6066-11e4-a52e-4f735466cecf":"f.947A257AA7CC65A8B02F4C22A23DA17C.d.7809D585C962018391AD35C216C8CB45.e.4229"},"getTitle",[]]}
RESULT: {"script":"<script> [6424 bytes]","args":[{"element-6066-11e4-a52e-4f735466cecf":"f.947A257AA7CC65A8B02F4C22A23DA17C.d.7809D585C962018391AD35C216C8CB45.e.4229"},"getTitle",[]]}
RESULT: undefined
COMMAND: POST /session/fc99bad58b82990b6dcb49d7228acab8/element/f.947A257AA7CC65A8B02F4C22A23DA17C.d.7809D585C962018391AD35C216C8CB45.e.4136/click - {}
RESULT: {}
COMMAND: GET /session/fc99bad58b82990b6dcb49d7228acab8/screenshot - {}
RESULT: {}
]]></system-out>
    </testcase>
    <testcase classname="chrome.136_0_7103_93.windows.Sanity_Tests_US104253" name="Should open ISC Orders Calendar page" time="42.52">
      <system-out><![CDATA[
COMMAND: POST /session/fc99bad58b82990b6dcb49d7228acab8/execute/async - {"script":"<script> [1562 bytes]","args":[{"selector":{"controlType":"sap.m.GenericTile","properties":{"header":"ISC Orders Calendar"}},"wdio_ui5_key":"sapm.GenericTile{\"header\":\"ISC Orders Calendar\"}"}]}
RESULT: {"script":"<script> [1562 bytes]","args":[{"selector":{"controlType":"sap.m.GenericTile","properties":{"header":"ISC Orders Calendar"}},"wdio_ui5_key":"sapm.GenericTile{\"header\":\"ISC Orders Calendar\"}"}]}
RESULT: undefined
COMMAND: POST /session/fc99bad58b82990b6dcb49d7228acab8/element - {"using":"xpath","value":"//*[@id=\"__tile107\"]"}
RESULT: {"using":"xpath","value":"//*[@id=\"__tile107\"]"}
COMMAND: POST /session/fc99bad58b82990b6dcb49d7228acab8/element/f.947A257AA7CC65A8B02F4C22A23DA17C.d.7809D585C962018391AD35C216C8CB45.e.4231/click - {}
RESULT: {}
COMMAND: GET /session/fc99bad58b82990b6dcb49d7228acab8/screenshot - {}
RESULT: {}
COMMAND: POST /session/fc99bad58b82990b6dcb49d7228acab8/elements - {"using":"xpath","value":"//span[text()='Error']"}
RESULT: {"using":"xpath","value":"//span[text()='Error']"}
RESULT: undefined
COMMAND: POST /session/fc99bad58b82990b6dcb49d7228acab8/element - {"using":"xpath","value":"//*[@id=\"__tile107\"]"}
RESULT: {"using":"xpath","value":"//*[@id=\"__tile107\"]"}
COMMAND: POST /session/fc99bad58b82990b6dcb49d7228acab8/element/f.947A257AA7CC65A8B02F4C22A23DA17C.d.7809D585C962018391AD35C216C8CB45.e.4231/click - {}
RESULT: undefined
COMMAND: POST /session/fc99bad58b82990b6dcb49d7228acab8/element - {"using":"xpath","value":"//*[@id=\"__tile107\"]"}
RESULT: {"using":"xpath","value":"//*[@id=\"__tile107\"]"}
COMMAND: POST /session/fc99bad58b82990b6dcb49d7228acab8/element/f.947A257AA7CC65A8B02F4C22A23DA17C.d.7809D585C962018391AD35C216C8CB45.e.4231/click - {}
RESULT: undefined
COMMAND: POST /session/fc99bad58b82990b6dcb49d7228acab8/execute/async - {"script":"<script> [6424 bytes]","args":[{"element-6066-11e4-a52e-4f735466cecf":"f.947A257AA7CC65A8B02F4C22A23DA17C.d.7809D585C962018391AD35C216C8CB45.e.295"},"getTitle",[]]}
COMMAND: POST /session/fc99bad58b82990b6dcb49d7228acab8/execute/async - {"script":"<script> [1562 bytes]","args":[{"selector":{"id":"shellAppTitle"},"wdio_ui5_key":"shellAppTitle"}]}
RESULT: {"script":"<script> [1562 bytes]","args":[{"selector":{"id":"shellAppTitle"},"wdio_ui5_key":"shellAppTitle"}]}
COMMAND: POST /session/fc99bad58b82990b6dcb49d7228acab8/execute/async - {"script":"<script> [6424 bytes]","args":[{"element-6066-11e4-a52e-4f735466cecf":"f.947A257AA7CC65A8B02F4C22A23DA17C.d.7809D585C962018391AD35C216C8CB45.e.4441"},"getTitle",[]]}
RESULT: {"script":"<script> [6424 bytes]","args":[{"element-6066-11e4-a52e-4f735466cecf":"f.947A257AA7CC65A8B02F4C22A23DA17C.d.7809D585C962018391AD35C216C8CB45.e.4441"},"getTitle",[]]}
RESULT: undefined
COMMAND: POST /session/fc99bad58b82990b6dcb49d7228acab8/element/f.947A257AA7CC65A8B02F4C22A23DA17C.d.7809D585C962018391AD35C216C8CB45.e.4136/click - {}
COMMAND: POST /session/fc99bad58b82990b6dcb49d7228acab8/element - {"using":"xpath","value":"//*[@id=\"backBtn\"]"}
RESULT: {"using":"xpath","value":"//*[@id=\"backBtn\"]"}
COMMAND: POST /session/fc99bad58b82990b6dcb49d7228acab8/element/f.947A257AA7CC65A8B02F4C22A23DA17C.d.7809D585C962018391AD35C216C8CB45.e.4136/click - {}
COMMAND: POST /session/fc99bad58b82990b6dcb49d7228acab8/element - {"using":"xpath","value":"//*[@id=\"backBtn\"]"}
RESULT: {"using":"xpath","value":"//*[@id=\"backBtn\"]"}
COMMAND: POST /session/fc99bad58b82990b6dcb49d7228acab8/element/f.947A257AA7CC65A8B02F4C22A23DA17C.d.7809D585C962018391AD35C216C8CB45.e.4442/click - {}
RESULT: {}
COMMAND: GET /session/fc99bad58b82990b6dcb49d7228acab8/screenshot - {}
RESULT: {}
]]></system-out>
    </testcase>
    <testcase classname="chrome.136_0_7103_93.windows.Sanity_Tests_US104253" name="Should open Configure System page" time="37.101">
      <system-out><![CDATA[
COMMAND: POST /session/fc99bad58b82990b6dcb49d7228acab8/execute/async - {"script":"<script> [1562 bytes]","args":[{"selector":{"controlType":"sap.m.GenericTile","properties":{"header":"Configure System"}},"wdio_ui5_key":"sapm.GenericTile{\"header\":\"Configure System\"}"}]}
RESULT: {"script":"<script> [1562 bytes]","args":[{"selector":{"controlType":"sap.m.GenericTile","properties":{"header":"Configure System"}},"wdio_ui5_key":"sapm.GenericTile{\"header\":\"Configure System\"}"}]}
RESULT: undefined
COMMAND: POST /session/fc99bad58b82990b6dcb49d7228acab8/element - {"using":"xpath","value":"//*[@id=\"__tile114\"]"}
RESULT: {"using":"xpath","value":"//*[@id=\"__tile114\"]"}
COMMAND: POST /session/fc99bad58b82990b6dcb49d7228acab8/element/f.947A257AA7CC65A8B02F4C22A23DA17C.d.7809D585C962018391AD35C216C8CB45.e.4444/click - {}
RESULT: {}
COMMAND: GET /session/fc99bad58b82990b6dcb49d7228acab8/screenshot - {}
RESULT: {}
COMMAND: POST /session/fc99bad58b82990b6dcb49d7228acab8/elements - {"using":"xpath","value":"//span[text()='Error']"}
RESULT: {"using":"xpath","value":"//span[text()='Error']"}
RESULT: undefined
COMMAND: POST /session/fc99bad58b82990b6dcb49d7228acab8/element - {"using":"xpath","value":"//*[@id=\"__tile114\"]"}
RESULT: {"using":"xpath","value":"//*[@id=\"__tile114\"]"}
COMMAND: POST /session/fc99bad58b82990b6dcb49d7228acab8/element/f.947A257AA7CC65A8B02F4C22A23DA17C.d.7809D585C962018391AD35C216C8CB45.e.4444/click - {}
RESULT: undefined
COMMAND: POST /session/fc99bad58b82990b6dcb49d7228acab8/element - {"using":"xpath","value":"//*[@id=\"__tile114\"]"}
RESULT: {"using":"xpath","value":"//*[@id=\"__tile114\"]"}
COMMAND: POST /session/fc99bad58b82990b6dcb49d7228acab8/element/f.947A257AA7CC65A8B02F4C22A23DA17C.d.7809D585C962018391AD35C216C8CB45.e.4444/click - {}
RESULT: undefined
COMMAND: POST /session/fc99bad58b82990b6dcb49d7228acab8/execute/async - {"script":"<script> [6424 bytes]","args":[{"element-6066-11e4-a52e-4f735466cecf":"f.947A257AA7CC65A8B02F4C22A23DA17C.d.7809D585C962018391AD35C216C8CB45.e.295"},"getTitle",[]]}
COMMAND: POST /session/fc99bad58b82990b6dcb49d7228acab8/execute/async - {"script":"<script> [1562 bytes]","args":[{"selector":{"id":"shellAppTitle"},"wdio_ui5_key":"shellAppTitle"}]}
RESULT: {"script":"<script> [1562 bytes]","args":[{"selector":{"id":"shellAppTitle"},"wdio_ui5_key":"shellAppTitle"}]}
COMMAND: POST /session/fc99bad58b82990b6dcb49d7228acab8/execute/async - {"script":"<script> [6424 bytes]","args":[{"element-6066-11e4-a52e-4f735466cecf":"f.947A257AA7CC65A8B02F4C22A23DA17C.d.7809D585C962018391AD35C216C8CB45.e.4485"},"getTitle",[]]}
RESULT: {"script":"<script> [6424 bytes]","args":[{"element-6066-11e4-a52e-4f735466cecf":"f.947A257AA7CC65A8B02F4C22A23DA17C.d.7809D585C962018391AD35C216C8CB45.e.4485"},"getTitle",[]]}
RESULT: undefined
COMMAND: POST /session/fc99bad58b82990b6dcb49d7228acab8/element/f.947A257AA7CC65A8B02F4C22A23DA17C.d.7809D585C962018391AD35C216C8CB45.e.4442/click - {}
RESULT: {}
COMMAND: GET /session/fc99bad58b82990b6dcb49d7228acab8/screenshot - {}
RESULT: {}
]]></system-out>
    </testcase>
    <testcase classname="chrome.136_0_7103_93.windows.Sanity_Tests_US104253" name="Should open Manage Classifications page" time="35.915">
      <system-out><![CDATA[
COMMAND: POST /session/fc99bad58b82990b6dcb49d7228acab8/execute/async - {"script":"<script> [1562 bytes]","args":[{"selector":{"controlType":"sap.m.GenericTile","properties":{"header":"Manage Classifications"}},"wdio_ui5_key":"sapm.GenericTile{\"header\":\"Manage Classifications\"}"}]}
RESULT: {"script":"<script> [1562 bytes]","args":[{"selector":{"controlType":"sap.m.GenericTile","properties":{"header":"Manage Classifications"}},"wdio_ui5_key":"sapm.GenericTile{\"header\":\"Manage Classifications\"}"}]}
RESULT: undefined
COMMAND: POST /session/fc99bad58b82990b6dcb49d7228acab8/element - {"using":"xpath","value":"//*[@id=\"__tile115\"]"}
RESULT: {"using":"xpath","value":"//*[@id=\"__tile115\"]"}
COMMAND: POST /session/fc99bad58b82990b6dcb49d7228acab8/element/f.947A257AA7CC65A8B02F4C22A23DA17C.d.7809D585C962018391AD35C216C8CB45.e.4489/click - {}
RESULT: {}
COMMAND: GET /session/fc99bad58b82990b6dcb49d7228acab8/screenshot - {}
RESULT: {}
COMMAND: POST /session/fc99bad58b82990b6dcb49d7228acab8/elements - {"using":"xpath","value":"//span[text()='Error']"}
RESULT: {"using":"xpath","value":"//span[text()='Error']"}
RESULT: undefined
COMMAND: POST /session/fc99bad58b82990b6dcb49d7228acab8/element - {"using":"xpath","value":"//*[@id=\"__tile115\"]"}
RESULT: {"using":"xpath","value":"//*[@id=\"__tile115\"]"}
COMMAND: POST /session/fc99bad58b82990b6dcb49d7228acab8/element/f.947A257AA7CC65A8B02F4C22A23DA17C.d.7809D585C962018391AD35C216C8CB45.e.4489/click - {}
RESULT: undefined
COMMAND: POST /session/fc99bad58b82990b6dcb49d7228acab8/element - {"using":"xpath","value":"//*[@id=\"__tile115\"]"}
RESULT: {"using":"xpath","value":"//*[@id=\"__tile115\"]"}
COMMAND: POST /session/fc99bad58b82990b6dcb49d7228acab8/element/f.947A257AA7CC65A8B02F4C22A23DA17C.d.7809D585C962018391AD35C216C8CB45.e.4489/click - {}
RESULT: undefined
COMMAND: POST /session/fc99bad58b82990b6dcb49d7228acab8/execute/async - {"script":"<script> [6424 bytes]","args":[{"element-6066-11e4-a52e-4f735466cecf":"f.947A257AA7CC65A8B02F4C22A23DA17C.d.7809D585C962018391AD35C216C8CB45.e.295"},"getTitle",[]]}
COMMAND: POST /session/fc99bad58b82990b6dcb49d7228acab8/execute/async - {"script":"<script> [1562 bytes]","args":[{"selector":{"id":"shellAppTitle"},"wdio_ui5_key":"shellAppTitle"}]}
RESULT: {"script":"<script> [1562 bytes]","args":[{"selector":{"id":"shellAppTitle"},"wdio_ui5_key":"shellAppTitle"}]}
COMMAND: POST /session/fc99bad58b82990b6dcb49d7228acab8/execute/async - {"script":"<script> [6424 bytes]","args":[{"element-6066-11e4-a52e-4f735466cecf":"f.947A257AA7CC65A8B02F4C22A23DA17C.d.7809D585C962018391AD35C216C8CB45.e.4602"},"getTitle",[]]}
RESULT: {"script":"<script> [6424 bytes]","args":[{"element-6066-11e4-a52e-4f735466cecf":"f.947A257AA7CC65A8B02F4C22A23DA17C.d.7809D585C962018391AD35C216C8CB45.e.4602"},"getTitle",[]]}
RESULT: undefined
COMMAND: POST /session/fc99bad58b82990b6dcb49d7228acab8/element/f.947A257AA7CC65A8B02F4C22A23DA17C.d.7809D585C962018391AD35C216C8CB45.e.4442/click - {}
COMMAND: POST /session/fc99bad58b82990b6dcb49d7228acab8/element - {"using":"xpath","value":"//*[@id=\"backBtn\"]"}
RESULT: {"using":"xpath","value":"//*[@id=\"backBtn\"]"}
COMMAND: POST /session/fc99bad58b82990b6dcb49d7228acab8/element/f.947A257AA7CC65A8B02F4C22A23DA17C.d.7809D585C962018391AD35C216C8CB45.e.4442/click - {}
COMMAND: POST /session/fc99bad58b82990b6dcb49d7228acab8/element - {"using":"xpath","value":"//*[@id=\"backBtn\"]"}
RESULT: {"using":"xpath","value":"//*[@id=\"backBtn\"]"}
COMMAND: POST /session/fc99bad58b82990b6dcb49d7228acab8/element/f.947A257AA7CC65A8B02F4C22A23DA17C.d.7809D585C962018391AD35C216C8CB45.e.4603/click - {}
RESULT: {}
COMMAND: GET /session/fc99bad58b82990b6dcb49d7228acab8/screenshot - {}
RESULT: {}
]]></system-out>
    </testcase>
    <testcase classname="chrome.136_0_7103_93.windows.Sanity_Tests_US104253" name="Should open Data Explorer page" time="37.969">
      <system-out><![CDATA[
COMMAND: POST /session/fc99bad58b82990b6dcb49d7228acab8/execute/async - {"script":"<script> [1562 bytes]","args":[{"selector":{"controlType":"sap.m.GenericTile","properties":{"header":"Data Explorer"}},"wdio_ui5_key":"sapm.GenericTile{\"header\":\"Data Explorer\"}"}]}
RESULT: {"script":"<script> [1562 bytes]","args":[{"selector":{"controlType":"sap.m.GenericTile","properties":{"header":"Data Explorer"}},"wdio_ui5_key":"sapm.GenericTile{\"header\":\"Data Explorer\"}"}]}
RESULT: undefined
COMMAND: POST /session/fc99bad58b82990b6dcb49d7228acab8/element - {"using":"xpath","value":"//*[@id=\"__tile117\"]"}
RESULT: {"using":"xpath","value":"//*[@id=\"__tile117\"]"}
COMMAND: POST /session/fc99bad58b82990b6dcb49d7228acab8/element/f.947A257AA7CC65A8B02F4C22A23DA17C.d.7809D585C962018391AD35C216C8CB45.e.4605/click - {}
RESULT: {}
COMMAND: GET /session/fc99bad58b82990b6dcb49d7228acab8/screenshot - {}
RESULT: {}
COMMAND: POST /session/fc99bad58b82990b6dcb49d7228acab8/elements - {"using":"xpath","value":"//span[text()='Error']"}
RESULT: {"using":"xpath","value":"//span[text()='Error']"}
RESULT: undefined
COMMAND: POST /session/fc99bad58b82990b6dcb49d7228acab8/element - {"using":"xpath","value":"//*[@id=\"__tile117\"]"}
RESULT: {"using":"xpath","value":"//*[@id=\"__tile117\"]"}
COMMAND: POST /session/fc99bad58b82990b6dcb49d7228acab8/element/f.947A257AA7CC65A8B02F4C22A23DA17C.d.7809D585C962018391AD35C216C8CB45.e.4605/click - {}
RESULT: undefined
COMMAND: POST /session/fc99bad58b82990b6dcb49d7228acab8/element - {"using":"xpath","value":"//*[@id=\"__tile117\"]"}
RESULT: {"using":"xpath","value":"//*[@id=\"__tile117\"]"}
COMMAND: POST /session/fc99bad58b82990b6dcb49d7228acab8/element/f.947A257AA7CC65A8B02F4C22A23DA17C.d.7809D585C962018391AD35C216C8CB45.e.4605/click - {}
RESULT: undefined
COMMAND: POST /session/fc99bad58b82990b6dcb49d7228acab8/execute/async - {"script":"<script> [6424 bytes]","args":[{"element-6066-11e4-a52e-4f735466cecf":"f.947A257AA7CC65A8B02F4C22A23DA17C.d.7809D585C962018391AD35C216C8CB45.e.295"},"getTitle",[]]}
COMMAND: POST /session/fc99bad58b82990b6dcb49d7228acab8/execute/async - {"script":"<script> [1562 bytes]","args":[{"selector":{"id":"shellAppTitle"},"wdio_ui5_key":"shellAppTitle"}]}
RESULT: {"script":"<script> [1562 bytes]","args":[{"selector":{"id":"shellAppTitle"},"wdio_ui5_key":"shellAppTitle"}]}
COMMAND: POST /session/fc99bad58b82990b6dcb49d7228acab8/execute/async - {"script":"<script> [6424 bytes]","args":[{"element-6066-11e4-a52e-4f735466cecf":"f.947A257AA7CC65A8B02F4C22A23DA17C.d.7809D585C962018391AD35C216C8CB45.e.4781"},"getTitle",[]]}
RESULT: {"script":"<script> [6424 bytes]","args":[{"element-6066-11e4-a52e-4f735466cecf":"f.947A257AA7CC65A8B02F4C22A23DA17C.d.7809D585C962018391AD35C216C8CB45.e.4781"},"getTitle",[]]}
RESULT: undefined
COMMAND: POST /session/fc99bad58b82990b6dcb49d7228acab8/element/f.947A257AA7CC65A8B02F4C22A23DA17C.d.7809D585C962018391AD35C216C8CB45.e.4603/click - {}
RESULT: {}
COMMAND: GET /session/fc99bad58b82990b6dcb49d7228acab8/screenshot - {}
RESULT: {}
]]></system-out>
    </testcase>
    <testcase classname="chrome.136_0_7103_93.windows.Sanity_Tests_US104253" name="Should open Performance Monitor page" time="36.624">
      <system-out><![CDATA[
COMMAND: POST /session/fc99bad58b82990b6dcb49d7228acab8/execute/async - {"script":"<script> [1562 bytes]","args":[{"selector":{"controlType":"sap.m.GenericTile","properties":{"header":"Performance Monitor"}},"wdio_ui5_key":"sapm.GenericTile{\"header\":\"Performance Monitor\"}"}]}
RESULT: {"script":"<script> [1562 bytes]","args":[{"selector":{"controlType":"sap.m.GenericTile","properties":{"header":"Performance Monitor"}},"wdio_ui5_key":"sapm.GenericTile{\"header\":\"Performance Monitor\"}"}]}
RESULT: undefined
COMMAND: POST /session/fc99bad58b82990b6dcb49d7228acab8/element - {"using":"xpath","value":"//*[@id=\"__tile116\"]"}
RESULT: {"using":"xpath","value":"//*[@id=\"__tile116\"]"}
COMMAND: POST /session/fc99bad58b82990b6dcb49d7228acab8/element/f.947A257AA7CC65A8B02F4C22A23DA17C.d.7809D585C962018391AD35C216C8CB45.e.4783/click - {}
RESULT: {}
COMMAND: GET /session/fc99bad58b82990b6dcb49d7228acab8/screenshot - {}
RESULT: {}
COMMAND: POST /session/fc99bad58b82990b6dcb49d7228acab8/elements - {"using":"xpath","value":"//span[text()='Error']"}
RESULT: {"using":"xpath","value":"//span[text()='Error']"}
RESULT: undefined
COMMAND: POST /session/fc99bad58b82990b6dcb49d7228acab8/element - {"using":"xpath","value":"//*[@id=\"__tile116\"]"}
RESULT: {"using":"xpath","value":"//*[@id=\"__tile116\"]"}
COMMAND: POST /session/fc99bad58b82990b6dcb49d7228acab8/element/f.947A257AA7CC65A8B02F4C22A23DA17C.d.7809D585C962018391AD35C216C8CB45.e.4783/click - {}
RESULT: undefined
COMMAND: POST /session/fc99bad58b82990b6dcb49d7228acab8/element - {"using":"xpath","value":"//*[@id=\"__tile116\"]"}
RESULT: {"using":"xpath","value":"//*[@id=\"__tile116\"]"}
COMMAND: POST /session/fc99bad58b82990b6dcb49d7228acab8/element/f.947A257AA7CC65A8B02F4C22A23DA17C.d.7809D585C962018391AD35C216C8CB45.e.4783/click - {}
RESULT: undefined
COMMAND: POST /session/fc99bad58b82990b6dcb49d7228acab8/execute/async - {"script":"<script> [6424 bytes]","args":[{"element-6066-11e4-a52e-4f735466cecf":"f.947A257AA7CC65A8B02F4C22A23DA17C.d.7809D585C962018391AD35C216C8CB45.e.295"},"getTitle",[]]}
COMMAND: POST /session/fc99bad58b82990b6dcb49d7228acab8/execute/async - {"script":"<script> [1562 bytes]","args":[{"selector":{"id":"shellAppTitle"},"wdio_ui5_key":"shellAppTitle"}]}
RESULT: {"script":"<script> [1562 bytes]","args":[{"selector":{"id":"shellAppTitle"},"wdio_ui5_key":"shellAppTitle"}]}
COMMAND: POST /session/fc99bad58b82990b6dcb49d7228acab8/execute/async - {"script":"<script> [6424 bytes]","args":[{"element-6066-11e4-a52e-4f735466cecf":"f.947A257AA7CC65A8B02F4C22A23DA17C.d.7809D585C962018391AD35C216C8CB45.e.4824"},"getTitle",[]]}
RESULT: {"script":"<script> [6424 bytes]","args":[{"element-6066-11e4-a52e-4f735466cecf":"f.947A257AA7CC65A8B02F4C22A23DA17C.d.7809D585C962018391AD35C216C8CB45.e.4824"},"getTitle",[]]}
RESULT: undefined
COMMAND: POST /session/fc99bad58b82990b6dcb49d7228acab8/element/f.947A257AA7CC65A8B02F4C22A23DA17C.d.7809D585C962018391AD35C216C8CB45.e.4603/click - {}
COMMAND: POST /session/fc99bad58b82990b6dcb49d7228acab8/element - {"using":"xpath","value":"//*[@id=\"backBtn\"]"}
RESULT: {"using":"xpath","value":"//*[@id=\"backBtn\"]"}
COMMAND: POST /session/fc99bad58b82990b6dcb49d7228acab8/element/f.947A257AA7CC65A8B02F4C22A23DA17C.d.7809D585C962018391AD35C216C8CB45.e.4603/click - {}
COMMAND: POST /session/fc99bad58b82990b6dcb49d7228acab8/element - {"using":"xpath","value":"//*[@id=\"backBtn\"]"}
RESULT: {"using":"xpath","value":"//*[@id=\"backBtn\"]"}
COMMAND: POST /session/fc99bad58b82990b6dcb49d7228acab8/element/f.947A257AA7CC65A8B02F4C22A23DA17C.d.7809D585C962018391AD35C216C8CB45.e.4825/click - {}
RESULT: {}
COMMAND: GET /session/fc99bad58b82990b6dcb49d7228acab8/screenshot - {}
RESULT: {}
]]></system-out>
    </testcase>
    <testcase classname="chrome.136_0_7103_93.windows.Sanity_Tests_US104253" name="Should open Organizational Model page" time="36.596">
      <system-out><![CDATA[
COMMAND: POST /session/fc99bad58b82990b6dcb49d7228acab8/execute/async - {"script":"<script> [1562 bytes]","args":[{"selector":{"controlType":"sap.m.GenericTile","properties":{"header":"Organizational Model"}},"wdio_ui5_key":"sapm.GenericTile{\"header\":\"Organizational Model\"}"}]}
RESULT: {"script":"<script> [1562 bytes]","args":[{"selector":{"controlType":"sap.m.GenericTile","properties":{"header":"Organizational Model"}},"wdio_ui5_key":"sapm.GenericTile{\"header\":\"Organizational Model\"}"}]}
RESULT: undefined
COMMAND: POST /session/fc99bad58b82990b6dcb49d7228acab8/element - {"using":"xpath","value":"//*[@id=\"__tile120\"]"}
RESULT: {"using":"xpath","value":"//*[@id=\"__tile120\"]"}
COMMAND: POST /session/fc99bad58b82990b6dcb49d7228acab8/element/f.947A257AA7CC65A8B02F4C22A23DA17C.d.7809D585C962018391AD35C216C8CB45.e.4828/click - {}
RESULT: {}
COMMAND: GET /session/fc99bad58b82990b6dcb49d7228acab8/screenshot - {}
RESULT: {}
COMMAND: POST /session/fc99bad58b82990b6dcb49d7228acab8/elements - {"using":"xpath","value":"//span[text()='Error']"}
RESULT: {"using":"xpath","value":"//span[text()='Error']"}
RESULT: undefined
COMMAND: POST /session/fc99bad58b82990b6dcb49d7228acab8/element - {"using":"xpath","value":"//*[@id=\"__tile120\"]"}
RESULT: {"using":"xpath","value":"//*[@id=\"__tile120\"]"}
COMMAND: POST /session/fc99bad58b82990b6dcb49d7228acab8/element/f.947A257AA7CC65A8B02F4C22A23DA17C.d.7809D585C962018391AD35C216C8CB45.e.4828/click - {}
RESULT: undefined
COMMAND: POST /session/fc99bad58b82990b6dcb49d7228acab8/element - {"using":"xpath","value":"//*[@id=\"__tile120\"]"}
RESULT: {"using":"xpath","value":"//*[@id=\"__tile120\"]"}
COMMAND: POST /session/fc99bad58b82990b6dcb49d7228acab8/element/f.947A257AA7CC65A8B02F4C22A23DA17C.d.7809D585C962018391AD35C216C8CB45.e.4828/click - {}
RESULT: undefined
COMMAND: POST /session/fc99bad58b82990b6dcb49d7228acab8/execute/async - {"script":"<script> [6424 bytes]","args":[{"element-6066-11e4-a52e-4f735466cecf":"f.947A257AA7CC65A8B02F4C22A23DA17C.d.7809D585C962018391AD35C216C8CB45.e.295"},"getTitle",[]]}
COMMAND: POST /session/fc99bad58b82990b6dcb49d7228acab8/execute/async - {"script":"<script> [1562 bytes]","args":[{"selector":{"id":"shellAppTitle"},"wdio_ui5_key":"shellAppTitle"}]}
RESULT: {"script":"<script> [1562 bytes]","args":[{"selector":{"id":"shellAppTitle"},"wdio_ui5_key":"shellAppTitle"}]}
COMMAND: POST /session/fc99bad58b82990b6dcb49d7228acab8/execute/async - {"script":"<script> [6424 bytes]","args":[{"element-6066-11e4-a52e-4f735466cecf":"f.947A257AA7CC65A8B02F4C22A23DA17C.d.7809D585C962018391AD35C216C8CB45.e.4845"},"getTitle",[]]}
RESULT: {"script":"<script> [6424 bytes]","args":[{"element-6066-11e4-a52e-4f735466cecf":"f.947A257AA7CC65A8B02F4C22A23DA17C.d.7809D585C962018391AD35C216C8CB45.e.4845"},"getTitle",[]]}
RESULT: undefined
COMMAND: POST /session/fc99bad58b82990b6dcb49d7228acab8/element/f.947A257AA7CC65A8B02F4C22A23DA17C.d.7809D585C962018391AD35C216C8CB45.e.4825/click - {}
RESULT: {}
COMMAND: GET /session/fc99bad58b82990b6dcb49d7228acab8/screenshot - {}
RESULT: {}
]]></system-out>
    </testcase>
    <testcase classname="chrome.136_0_7103_93.windows.Sanity_Tests_US104253" name="Should open Manage Roles page" time="36.701">
      <system-out><![CDATA[
COMMAND: POST /session/fc99bad58b82990b6dcb49d7228acab8/execute/async - {"script":"<script> [1562 bytes]","args":[{"selector":{"controlType":"sap.m.GenericTile","properties":{"header":"Manage Roles"}},"wdio_ui5_key":"sapm.GenericTile{\"header\":\"Manage Roles\"}"}]}
RESULT: {"script":"<script> [1562 bytes]","args":[{"selector":{"controlType":"sap.m.GenericTile","properties":{"header":"Manage Roles"}},"wdio_ui5_key":"sapm.GenericTile{\"header\":\"Manage Roles\"}"}]}
RESULT: undefined
COMMAND: POST /session/fc99bad58b82990b6dcb49d7228acab8/element - {"using":"xpath","value":"//*[@id=\"__tile119\"]"}
RESULT: {"using":"xpath","value":"//*[@id=\"__tile119\"]"}
COMMAND: POST /session/fc99bad58b82990b6dcb49d7228acab8/element/f.947A257AA7CC65A8B02F4C22A23DA17C.d.7809D585C962018391AD35C216C8CB45.e.4849/click - {}
RESULT: {}
COMMAND: GET /session/fc99bad58b82990b6dcb49d7228acab8/screenshot - {}
RESULT: {}
COMMAND: POST /session/fc99bad58b82990b6dcb49d7228acab8/elements - {"using":"xpath","value":"//span[text()='Error']"}
RESULT: {"using":"xpath","value":"//span[text()='Error']"}
RESULT: undefined
COMMAND: POST /session/fc99bad58b82990b6dcb49d7228acab8/element - {"using":"xpath","value":"//*[@id=\"__tile119\"]"}
RESULT: {"using":"xpath","value":"//*[@id=\"__tile119\"]"}
COMMAND: POST /session/fc99bad58b82990b6dcb49d7228acab8/element/f.947A257AA7CC65A8B02F4C22A23DA17C.d.7809D585C962018391AD35C216C8CB45.e.4849/click - {}
RESULT: undefined
COMMAND: POST /session/fc99bad58b82990b6dcb49d7228acab8/element - {"using":"xpath","value":"//*[@id=\"__tile119\"]"}
RESULT: {"using":"xpath","value":"//*[@id=\"__tile119\"]"}
COMMAND: POST /session/fc99bad58b82990b6dcb49d7228acab8/element/f.947A257AA7CC65A8B02F4C22A23DA17C.d.7809D585C962018391AD35C216C8CB45.e.4849/click - {}
RESULT: undefined
COMMAND: POST /session/fc99bad58b82990b6dcb49d7228acab8/execute/async - {"script":"<script> [6424 bytes]","args":[{"element-6066-11e4-a52e-4f735466cecf":"f.947A257AA7CC65A8B02F4C22A23DA17C.d.7809D585C962018391AD35C216C8CB45.e.295"},"getTitle",[]]}
COMMAND: POST /session/fc99bad58b82990b6dcb49d7228acab8/execute/async - {"script":"<script> [1562 bytes]","args":[{"selector":{"id":"shellAppTitle"},"wdio_ui5_key":"shellAppTitle"}]}
RESULT: {"script":"<script> [1562 bytes]","args":[{"selector":{"id":"shellAppTitle"},"wdio_ui5_key":"shellAppTitle"}]}
COMMAND: POST /session/fc99bad58b82990b6dcb49d7228acab8/execute/async - {"script":"<script> [6424 bytes]","args":[{"element-6066-11e4-a52e-4f735466cecf":"f.947A257AA7CC65A8B02F4C22A23DA17C.d.7809D585C962018391AD35C216C8CB45.e.4893"},"getTitle",[]]}
RESULT: {"script":"<script> [6424 bytes]","args":[{"element-6066-11e4-a52e-4f735466cecf":"f.947A257AA7CC65A8B02F4C22A23DA17C.d.7809D585C962018391AD35C216C8CB45.e.4893"},"getTitle",[]]}
RESULT: undefined
COMMAND: POST /session/fc99bad58b82990b6dcb49d7228acab8/element/f.947A257AA7CC65A8B02F4C22A23DA17C.d.7809D585C962018391AD35C216C8CB45.e.4825/click - {}
COMMAND: POST /session/fc99bad58b82990b6dcb49d7228acab8/element - {"using":"xpath","value":"//*[@id=\"backBtn\"]"}
RESULT: {"using":"xpath","value":"//*[@id=\"backBtn\"]"}
COMMAND: POST /session/fc99bad58b82990b6dcb49d7228acab8/element/f.947A257AA7CC65A8B02F4C22A23DA17C.d.7809D585C962018391AD35C216C8CB45.e.4825/click - {}
COMMAND: POST /session/fc99bad58b82990b6dcb49d7228acab8/element - {"using":"xpath","value":"//*[@id=\"backBtn\"]"}
RESULT: {"using":"xpath","value":"//*[@id=\"backBtn\"]"}
COMMAND: POST /session/fc99bad58b82990b6dcb49d7228acab8/element/f.947A257AA7CC65A8B02F4C22A23DA17C.d.7809D585C962018391AD35C216C8CB45.e.4894/click - {}
RESULT: {}
COMMAND: GET /session/fc99bad58b82990b6dcb49d7228acab8/screenshot - {}
RESULT: {}
]]></system-out>
    </testcase>
    <testcase classname="chrome.136_0_7103_93.windows.Sanity_Tests_US104253" name="Should open Authorization Tables page" time="35.807">
      <system-out><![CDATA[
COMMAND: POST /session/fc99bad58b82990b6dcb49d7228acab8/execute/async - {"script":"<script> [1562 bytes]","args":[{"selector":{"controlType":"sap.m.GenericTile","properties":{"header":"Authorization Tables"}},"wdio_ui5_key":"sapm.GenericTile{\"header\":\"Authorization Tables\"}"}]}
RESULT: {"script":"<script> [1562 bytes]","args":[{"selector":{"controlType":"sap.m.GenericTile","properties":{"header":"Authorization Tables"}},"wdio_ui5_key":"sapm.GenericTile{\"header\":\"Authorization Tables\"}"}]}
RESULT: undefined
COMMAND: POST /session/fc99bad58b82990b6dcb49d7228acab8/element - {"using":"xpath","value":"//*[@id=\"__tile118\"]"}
RESULT: {"using":"xpath","value":"//*[@id=\"__tile118\"]"}
COMMAND: POST /session/fc99bad58b82990b6dcb49d7228acab8/element/f.947A257AA7CC65A8B02F4C22A23DA17C.d.7809D585C962018391AD35C216C8CB45.e.4896/click - {}
RESULT: {}
COMMAND: GET /session/fc99bad58b82990b6dcb49d7228acab8/screenshot - {}
RESULT: {}
COMMAND: POST /session/fc99bad58b82990b6dcb49d7228acab8/elements - {"using":"xpath","value":"//span[text()='Error']"}
RESULT: {"using":"xpath","value":"//span[text()='Error']"}
RESULT: undefined
COMMAND: POST /session/fc99bad58b82990b6dcb49d7228acab8/element - {"using":"xpath","value":"//*[@id=\"__tile118\"]"}
RESULT: {"using":"xpath","value":"//*[@id=\"__tile118\"]"}
COMMAND: POST /session/fc99bad58b82990b6dcb49d7228acab8/element/f.947A257AA7CC65A8B02F4C22A23DA17C.d.7809D585C962018391AD35C216C8CB45.e.4896/click - {}
RESULT: undefined
COMMAND: POST /session/fc99bad58b82990b6dcb49d7228acab8/element - {"using":"xpath","value":"//*[@id=\"__tile118\"]"}
RESULT: {"using":"xpath","value":"//*[@id=\"__tile118\"]"}
COMMAND: POST /session/fc99bad58b82990b6dcb49d7228acab8/element/f.947A257AA7CC65A8B02F4C22A23DA17C.d.7809D585C962018391AD35C216C8CB45.e.4896/click - {}
RESULT: undefined
COMMAND: POST /session/fc99bad58b82990b6dcb49d7228acab8/execute/async - {"script":"<script> [6424 bytes]","args":[{"element-6066-11e4-a52e-4f735466cecf":"f.947A257AA7CC65A8B02F4C22A23DA17C.d.7809D585C962018391AD35C216C8CB45.e.295"},"getTitle",[]]}
COMMAND: POST /session/fc99bad58b82990b6dcb49d7228acab8/execute/async - {"script":"<script> [1562 bytes]","args":[{"selector":{"id":"shellAppTitle"},"wdio_ui5_key":"shellAppTitle"}]}
RESULT: {"script":"<script> [1562 bytes]","args":[{"selector":{"id":"shellAppTitle"},"wdio_ui5_key":"shellAppTitle"}]}
COMMAND: POST /session/fc99bad58b82990b6dcb49d7228acab8/execute/async - {"script":"<script> [6424 bytes]","args":[{"element-6066-11e4-a52e-4f735466cecf":"f.947A257AA7CC65A8B02F4C22A23DA17C.d.7809D585C962018391AD35C216C8CB45.e.4976"},"getTitle",[]]}
RESULT: {"script":"<script> [6424 bytes]","args":[{"element-6066-11e4-a52e-4f735466cecf":"f.947A257AA7CC65A8B02F4C22A23DA17C.d.7809D585C962018391AD35C216C8CB45.e.4976"},"getTitle",[]]}
RESULT: undefined
COMMAND: POST /session/fc99bad58b82990b6dcb49d7228acab8/element/f.947A257AA7CC65A8B02F4C22A23DA17C.d.7809D585C962018391AD35C216C8CB45.e.4894/click - {}
RESULT: {}
COMMAND: GET /session/fc99bad58b82990b6dcb49d7228acab8/screenshot - {}
RESULT: {}
]]></system-out>
    </testcase>
    <testcase classname="chrome.136_0_7103_93.windows.Sanity_Tests_US104253" name="Should open User Maintenance page" time="37.412">
      <system-out><![CDATA[
COMMAND: POST /session/fc99bad58b82990b6dcb49d7228acab8/execute/async - {"script":"<script> [1562 bytes]","args":[{"selector":{"controlType":"sap.m.GenericTile","properties":{"header":"User Maintenance"}},"wdio_ui5_key":"sapm.GenericTile{\"header\":\"User Maintenance\"}"}]}
RESULT: {"script":"<script> [1562 bytes]","args":[{"selector":{"controlType":"sap.m.GenericTile","properties":{"header":"User Maintenance"}},"wdio_ui5_key":"sapm.GenericTile{\"header\":\"User Maintenance\"}"}]}
RESULT: undefined
COMMAND: POST /session/fc99bad58b82990b6dcb49d7228acab8/element - {"using":"xpath","value":"//*[@id=\"__tile121\"]"}
RESULT: {"using":"xpath","value":"//*[@id=\"__tile121\"]"}
COMMAND: POST /session/fc99bad58b82990b6dcb49d7228acab8/element/f.947A257AA7CC65A8B02F4C22A23DA17C.d.7809D585C962018391AD35C216C8CB45.e.4978/click - {}
RESULT: {}
COMMAND: GET /session/fc99bad58b82990b6dcb49d7228acab8/screenshot - {}
RESULT: {}
COMMAND: POST /session/fc99bad58b82990b6dcb49d7228acab8/elements - {"using":"xpath","value":"//span[text()='Error']"}
RESULT: {"using":"xpath","value":"//span[text()='Error']"}
RESULT: undefined
COMMAND: POST /session/fc99bad58b82990b6dcb49d7228acab8/element - {"using":"xpath","value":"//*[@id=\"__tile121\"]"}
RESULT: {"using":"xpath","value":"//*[@id=\"__tile121\"]"}
COMMAND: POST /session/fc99bad58b82990b6dcb49d7228acab8/element/f.947A257AA7CC65A8B02F4C22A23DA17C.d.7809D585C962018391AD35C216C8CB45.e.4978/click - {}
RESULT: undefined
COMMAND: POST /session/fc99bad58b82990b6dcb49d7228acab8/element - {"using":"xpath","value":"//*[@id=\"__tile121\"]"}
RESULT: {"using":"xpath","value":"//*[@id=\"__tile121\"]"}
COMMAND: POST /session/fc99bad58b82990b6dcb49d7228acab8/element/f.947A257AA7CC65A8B02F4C22A23DA17C.d.7809D585C962018391AD35C216C8CB45.e.4978/click - {}
RESULT: undefined
COMMAND: POST /session/fc99bad58b82990b6dcb49d7228acab8/execute/async - {"script":"<script> [6424 bytes]","args":[{"element-6066-11e4-a52e-4f735466cecf":"f.947A257AA7CC65A8B02F4C22A23DA17C.d.7809D585C962018391AD35C216C8CB45.e.295"},"getTitle",[]]}
COMMAND: POST /session/fc99bad58b82990b6dcb49d7228acab8/execute/async - {"script":"<script> [1562 bytes]","args":[{"selector":{"id":"shellAppTitle"},"wdio_ui5_key":"shellAppTitle"}]}
RESULT: {"script":"<script> [1562 bytes]","args":[{"selector":{"id":"shellAppTitle"},"wdio_ui5_key":"shellAppTitle"}]}
COMMAND: POST /session/fc99bad58b82990b6dcb49d7228acab8/execute/async - {"script":"<script> [6424 bytes]","args":[{"element-6066-11e4-a52e-4f735466cecf":"f.947A257AA7CC65A8B02F4C22A23DA17C.d.7809D585C962018391AD35C216C8CB45.e.5069"},"getTitle",[]]}
RESULT: {"script":"<script> [6424 bytes]","args":[{"element-6066-11e4-a52e-4f735466cecf":"f.947A257AA7CC65A8B02F4C22A23DA17C.d.7809D585C962018391AD35C216C8CB45.e.5069"},"getTitle",[]]}
RESULT: undefined
COMMAND: POST /session/fc99bad58b82990b6dcb49d7228acab8/element/f.947A257AA7CC65A8B02F4C22A23DA17C.d.7809D585C962018391AD35C216C8CB45.e.4894/click - {}
COMMAND: POST /session/fc99bad58b82990b6dcb49d7228acab8/element - {"using":"xpath","value":"//*[@id=\"backBtn\"]"}
RESULT: {"using":"xpath","value":"//*[@id=\"backBtn\"]"}
COMMAND: POST /session/fc99bad58b82990b6dcb49d7228acab8/element/f.947A257AA7CC65A8B02F4C22A23DA17C.d.7809D585C962018391AD35C216C8CB45.e.4894/click - {}
COMMAND: POST /session/fc99bad58b82990b6dcb49d7228acab8/element - {"using":"xpath","value":"//*[@id=\"backBtn\"]"}
RESULT: {"using":"xpath","value":"//*[@id=\"backBtn\"]"}
COMMAND: POST /session/fc99bad58b82990b6dcb49d7228acab8/element/f.947A257AA7CC65A8B02F4C22A23DA17C.d.7809D585C962018391AD35C216C8CB45.e.5070/click - {}
RESULT: {}
COMMAND: GET /session/fc99bad58b82990b6dcb49d7228acab8/screenshot - {}
RESULT: {}
]]></system-out>
    </testcase>
    <testcase classname="chrome.136_0_7103_93.windows.Sanity_Tests_US104253" name="Should open Schedule Jobs page" time="36.606">
      <system-out><![CDATA[
COMMAND: POST /session/fc99bad58b82990b6dcb49d7228acab8/execute/async - {"script":"<script> [1562 bytes]","args":[{"selector":{"controlType":"sap.m.GenericTile","properties":{"header":"Schedule Jobs"}},"wdio_ui5_key":"sapm.GenericTile{\"header\":\"Schedule Jobs\"}"}]}
RESULT: {"script":"<script> [1562 bytes]","args":[{"selector":{"controlType":"sap.m.GenericTile","properties":{"header":"Schedule Jobs"}},"wdio_ui5_key":"sapm.GenericTile{\"header\":\"Schedule Jobs\"}"}]}
RESULT: undefined
COMMAND: POST /session/fc99bad58b82990b6dcb49d7228acab8/element - {"using":"xpath","value":"//*[@id=\"__tile127\"]"}
RESULT: {"using":"xpath","value":"//*[@id=\"__tile127\"]"}
COMMAND: POST /session/fc99bad58b82990b6dcb49d7228acab8/element/f.947A257AA7CC65A8B02F4C22A23DA17C.d.7809D585C962018391AD35C216C8CB45.e.5073/click - {}
RESULT: {}
COMMAND: GET /session/fc99bad58b82990b6dcb49d7228acab8/screenshot - {}
RESULT: {}
COMMAND: POST /session/fc99bad58b82990b6dcb49d7228acab8/elements - {"using":"xpath","value":"//span[text()='Error']"}
RESULT: {"using":"xpath","value":"//span[text()='Error']"}
RESULT: undefined
COMMAND: POST /session/fc99bad58b82990b6dcb49d7228acab8/element - {"using":"xpath","value":"//*[@id=\"__tile127\"]"}
RESULT: {"using":"xpath","value":"//*[@id=\"__tile127\"]"}
COMMAND: POST /session/fc99bad58b82990b6dcb49d7228acab8/element/f.947A257AA7CC65A8B02F4C22A23DA17C.d.7809D585C962018391AD35C216C8CB45.e.5073/click - {}
RESULT: undefined
COMMAND: POST /session/fc99bad58b82990b6dcb49d7228acab8/element - {"using":"xpath","value":"//*[@id=\"__tile127\"]"}
RESULT: {"using":"xpath","value":"//*[@id=\"__tile127\"]"}
COMMAND: POST /session/fc99bad58b82990b6dcb49d7228acab8/element/f.947A257AA7CC65A8B02F4C22A23DA17C.d.7809D585C962018391AD35C216C8CB45.e.5073/click - {}
RESULT: undefined
COMMAND: POST /session/fc99bad58b82990b6dcb49d7228acab8/execute/async - {"script":"<script> [6424 bytes]","args":[{"element-6066-11e4-a52e-4f735466cecf":"f.947A257AA7CC65A8B02F4C22A23DA17C.d.7809D585C962018391AD35C216C8CB45.e.295"},"getTitle",[]]}
COMMAND: POST /session/fc99bad58b82990b6dcb49d7228acab8/execute/async - {"script":"<script> [1562 bytes]","args":[{"selector":{"id":"shellAppTitle"},"wdio_ui5_key":"shellAppTitle"}]}
RESULT: {"script":"<script> [1562 bytes]","args":[{"selector":{"id":"shellAppTitle"},"wdio_ui5_key":"shellAppTitle"}]}
COMMAND: POST /session/fc99bad58b82990b6dcb49d7228acab8/execute/async - {"script":"<script> [6424 bytes]","args":[{"element-6066-11e4-a52e-4f735466cecf":"f.947A257AA7CC65A8B02F4C22A23DA17C.d.7809D585C962018391AD35C216C8CB45.e.5144"},"getTitle",[]]}
RESULT: {"script":"<script> [6424 bytes]","args":[{"element-6066-11e4-a52e-4f735466cecf":"f.947A257AA7CC65A8B02F4C22A23DA17C.d.7809D585C962018391AD35C216C8CB45.e.5144"},"getTitle",[]]}
RESULT: undefined
COMMAND: POST /session/fc99bad58b82990b6dcb49d7228acab8/element/f.947A257AA7CC65A8B02F4C22A23DA17C.d.7809D585C962018391AD35C216C8CB45.e.5070/click - {}
COMMAND: POST /session/fc99bad58b82990b6dcb49d7228acab8/element/f.947A257AA7CC65A8B02F4C22A23DA17C.d.7809D585C962018391AD35C216C8CB45.e.5070/click - {}
RESULT: {}
COMMAND: GET /session/fc99bad58b82990b6dcb49d7228acab8/screenshot - {}
COMMAND: POST /session/fc99bad58b82990b6dcb49d7228acab8/element - {"using":"xpath","value":"//*[@id=\"backBtn\"]"}
RESULT: {}
RESULT: {"using":"xpath","value":"//*[@id=\"backBtn\"]"}
COMMAND: POST /session/fc99bad58b82990b6dcb49d7228acab8/elements - {"using":"xpath","value":"//*[@id=\"backBtn\"]"}
RESULT: {"using":"xpath","value":"//*[@id=\"backBtn\"]"}
COMMAND: POST /session/fc99bad58b82990b6dcb49d7228acab8/elements - {"using":"xpath","value":"//*[@id=\"backBtn\"]"}
RESULT: {"using":"xpath","value":"//*[@id=\"backBtn\"]"}
COMMAND: POST /session/fc99bad58b82990b6dcb49d7228acab8/elements - {"using":"xpath","value":"//*[@id=\"backBtn\"]"}
RESULT: {"using":"xpath","value":"//*[@id=\"backBtn\"]"}
COMMAND: POST /session/fc99bad58b82990b6dcb49d7228acab8/elements - {"using":"xpath","value":"//*[@id=\"backBtn\"]"}
RESULT: {"using":"xpath","value":"//*[@id=\"backBtn\"]"}
COMMAND: POST /session/fc99bad58b82990b6dcb49d7228acab8/elements - {"using":"xpath","value":"//*[@id=\"backBtn\"]"}
RESULT: {"using":"xpath","value":"//*[@id=\"backBtn\"]"}
COMMAND: POST /session/fc99bad58b82990b6dcb49d7228acab8/elements - {"using":"xpath","value":"//*[@id=\"backBtn\"]"}
RESULT: {"using":"xpath","value":"//*[@id=\"backBtn\"]"}
COMMAND: POST /session/fc99bad58b82990b6dcb49d7228acab8/elements - {"using":"xpath","value":"//*[@id=\"backBtn\"]"}
RESULT: {"using":"xpath","value":"//*[@id=\"backBtn\"]"}
COMMAND: POST /session/fc99bad58b82990b6dcb49d7228acab8/elements - {"using":"xpath","value":"//*[@id=\"backBtn\"]"}
RESULT: {"using":"xpath","value":"//*[@id=\"backBtn\"]"}
COMMAND: POST /session/fc99bad58b82990b6dcb49d7228acab8/elements - {"using":"xpath","value":"//*[@id=\"backBtn\"]"}
RESULT: {"using":"xpath","value":"//*[@id=\"backBtn\"]"}
COMMAND: POST /session/fc99bad58b82990b6dcb49d7228acab8/elements - {"using":"xpath","value":"//*[@id=\"backBtn\"]"}
RESULT: {"using":"xpath","value":"//*[@id=\"backBtn\"]"}
COMMAND: POST /session/fc99bad58b82990b6dcb49d7228acab8/elements - {"using":"xpath","value":"//*[@id=\"backBtn\"]"}
RESULT: {"using":"xpath","value":"//*[@id=\"backBtn\"]"}
COMMAND: POST /session/fc99bad58b82990b6dcb49d7228acab8/elements - {"using":"xpath","value":"//*[@id=\"backBtn\"]"}
RESULT: {"using":"xpath","value":"//*[@id=\"backBtn\"]"}
COMMAND: POST /session/fc99bad58b82990b6dcb49d7228acab8/elements - {"using":"xpath","value":"//*[@id=\"backBtn\"]"}
RESULT: {"using":"xpath","value":"//*[@id=\"backBtn\"]"}
COMMAND: POST /session/fc99bad58b82990b6dcb49d7228acab8/elements - {"using":"xpath","value":"//*[@id=\"backBtn\"]"}
RESULT: {"using":"xpath","value":"//*[@id=\"backBtn\"]"}
COMMAND: POST /session/fc99bad58b82990b6dcb49d7228acab8/elements - {"using":"xpath","value":"//*[@id=\"backBtn\"]"}
RESULT: {"using":"xpath","value":"//*[@id=\"backBtn\"]"}
COMMAND: POST /session/fc99bad58b82990b6dcb49d7228acab8/elements - {"using":"xpath","value":"//*[@id=\"backBtn\"]"}
RESULT: {"using":"xpath","value":"//*[@id=\"backBtn\"]"}
COMMAND: POST /session/fc99bad58b82990b6dcb49d7228acab8/elements - {"using":"xpath","value":"//*[@id=\"backBtn\"]"}
RESULT: {"using":"xpath","value":"//*[@id=\"backBtn\"]"}
COMMAND: POST /session/fc99bad58b82990b6dcb49d7228acab8/elements - {"using":"xpath","value":"//*[@id=\"backBtn\"]"}
RESULT: {"using":"xpath","value":"//*[@id=\"backBtn\"]"}
COMMAND: POST /session/fc99bad58b82990b6dcb49d7228acab8/elements - {"using":"xpath","value":"//*[@id=\"backBtn\"]"}
RESULT: {"using":"xpath","value":"//*[@id=\"backBtn\"]"}
]]></system-out>
    </testcase>
    <testcase classname="chrome.136_0_7103_93.windows.Sanity_Tests_US104253" name="Should open Jobs Setup page" time="35.833">
      <system-out><![CDATA[
COMMAND: POST /session/fc99bad58b82990b6dcb49d7228acab8/execute/async - {"script":"<script> [1562 bytes]","args":[{"selector":{"controlType":"sap.m.GenericTile","properties":{"header":"Jobs Setup"}},"wdio_ui5_key":"sapm.GenericTile{\"header\":\"Jobs Setup\"}"}]}
COMMAND: POST /session/fc99bad58b82990b6dcb49d7228acab8/elements - {"using":"xpath","value":"//*[@id=\"backBtn\"]"}
RESULT: {"script":"<script> [1562 bytes]","args":[{"selector":{"controlType":"sap.m.GenericTile","properties":{"header":"Jobs Setup"}},"wdio_ui5_key":"sapm.GenericTile{\"header\":\"Jobs Setup\"}"}]}
RESULT: undefined
COMMAND: POST /session/fc99bad58b82990b6dcb49d7228acab8/element - {"using":"xpath","value":"//*[@id=\"__tile128\"]"}
RESULT: {"using":"xpath","value":"//*[@id=\"backBtn\"]"}
RESULT: {"using":"xpath","value":"//*[@id=\"__tile128\"]"}
COMMAND: POST /session/fc99bad58b82990b6dcb49d7228acab8/element/f.947A257AA7CC65A8B02F4C22A23DA17C.d.7809D585C962018391AD35C216C8CB45.e.5146/click - {}
COMMAND: POST /session/fc99bad58b82990b6dcb49d7228acab8/elements - {"using":"xpath","value":"//*[@id=\"backBtn\"]"}
RESULT: {}
COMMAND: GET /session/fc99bad58b82990b6dcb49d7228acab8/screenshot - {}
RESULT: {"using":"xpath","value":"//*[@id=\"backBtn\"]"}
RESULT: {}
COMMAND: POST /session/fc99bad58b82990b6dcb49d7228acab8/elements - {"using":"xpath","value":"//*[@id=\"backBtn\"]"}
RESULT: {"using":"xpath","value":"//*[@id=\"backBtn\"]"}
COMMAND: POST /session/fc99bad58b82990b6dcb49d7228acab8/element - {"using":"xpath","value":"//*[@id=\"backBtn\"]"}
RESULT: {"using":"xpath","value":"//*[@id=\"backBtn\"]"}
COMMAND: POST /session/fc99bad58b82990b6dcb49d7228acab8/element/f.947A257AA7CC65A8B02F4C22A23DA17C.d.7809D585C962018391AD35C216C8CB45.e.5070/click - {}
COMMAND: POST /session/fc99bad58b82990b6dcb49d7228acab8/element - {"using":"xpath","value":"//*[@id=\"backBtn\"]"}
RESULT: {"using":"xpath","value":"//*[@id=\"backBtn\"]"}
COMMAND: POST /session/fc99bad58b82990b6dcb49d7228acab8/element/f.947A257AA7CC65A8B02F4C22A23DA17C.d.7809D585C962018391AD35C216C8CB45.e.5201/click - {}
RESULT: {}
COMMAND: GET /session/fc99bad58b82990b6dcb49d7228acab8/screenshot - {}
RESULT: {}
COMMAND: POST /session/fc99bad58b82990b6dcb49d7228acab8/elements - {"using":"xpath","value":"//span[text()='Error']"}
RESULT: {"using":"xpath","value":"//span[text()='Error']"}
RESULT: undefined
COMMAND: POST /session/fc99bad58b82990b6dcb49d7228acab8/element - {"using":"xpath","value":"//*[@id=\"__tile128\"]"}
RESULT: {"using":"xpath","value":"//*[@id=\"__tile128\"]"}
COMMAND: POST /session/fc99bad58b82990b6dcb49d7228acab8/element/f.947A257AA7CC65A8B02F4C22A23DA17C.d.7809D585C962018391AD35C216C8CB45.e.5146/click - {}
RESULT: undefined
COMMAND: POST /session/fc99bad58b82990b6dcb49d7228acab8/element - {"using":"xpath","value":"//*[@id=\"__tile128\"]"}
RESULT: {"using":"xpath","value":"//*[@id=\"__tile128\"]"}
COMMAND: POST /session/fc99bad58b82990b6dcb49d7228acab8/element/f.947A257AA7CC65A8B02F4C22A23DA17C.d.7809D585C962018391AD35C216C8CB45.e.5146/click - {}
RESULT: undefined
COMMAND: POST /session/fc99bad58b82990b6dcb49d7228acab8/execute/async - {"script":"<script> [6424 bytes]","args":[{"element-6066-11e4-a52e-4f735466cecf":"f.947A257AA7CC65A8B02F4C22A23DA17C.d.7809D585C962018391AD35C216C8CB45.e.295"},"getTitle",[]]}
COMMAND: POST /session/fc99bad58b82990b6dcb49d7228acab8/execute/async - {"script":"<script> [1562 bytes]","args":[{"selector":{"id":"shellAppTitle"},"wdio_ui5_key":"shellAppTitle"}]}
RESULT: {"script":"<script> [1562 bytes]","args":[{"selector":{"id":"shellAppTitle"},"wdio_ui5_key":"shellAppTitle"}]}
COMMAND: POST /session/fc99bad58b82990b6dcb49d7228acab8/execute/async - {"script":"<script> [6424 bytes]","args":[{"element-6066-11e4-a52e-4f735466cecf":"f.947A257AA7CC65A8B02F4C22A23DA17C.d.7809D585C962018391AD35C216C8CB45.e.5234"},"getTitle",[]]}
RESULT: {"script":"<script> [6424 bytes]","args":[{"element-6066-11e4-a52e-4f735466cecf":"f.947A257AA7CC65A8B02F4C22A23DA17C.d.7809D585C962018391AD35C216C8CB45.e.5234"},"getTitle",[]]}
RESULT: undefined
COMMAND: POST /session/fc99bad58b82990b6dcb49d7228acab8/element/f.947A257AA7CC65A8B02F4C22A23DA17C.d.7809D585C962018391AD35C216C8CB45.e.5201/click - {}
COMMAND: POST /session/fc99bad58b82990b6dcb49d7228acab8/element/f.947A257AA7CC65A8B02F4C22A23DA17C.d.7809D585C962018391AD35C216C8CB45.e.5201/click - {}
RESULT: {}
COMMAND: GET /session/fc99bad58b82990b6dcb49d7228acab8/screenshot - {}
RESULT: {}
COMMAND: GET /session/fc99bad58b82990b6dcb49d7228acab8/screenshot - {}
RESULT: {}
RESULT: {}
]]></system-out>
    </testcase>
    <testcase classname="chrome.136_0_7103_93.windows.Sanity_Tests_US104253" name="Should open Target Systems Configuration page" time="35.916">
      <system-out><![CDATA[
COMMAND: POST /session/fc99bad58b82990b6dcb49d7228acab8/execute/async - {"script":"<script> [1562 bytes]","args":[{"selector":{"controlType":"sap.m.GenericTile","properties":{"header":"Target Systems Configuration"}},"wdio_ui5_key":"sapm.GenericTile{\"header\":\"Target Systems Configuration\"}"}]}
RESULT: {"script":"<script> [1562 bytes]","args":[{"selector":{"controlType":"sap.m.GenericTile","properties":{"header":"Target Systems Configuration"}},"wdio_ui5_key":"sapm.GenericTile{\"header\":\"Target Systems Configuration\"}"}]}
RESULT: undefined
COMMAND: POST /session/fc99bad58b82990b6dcb49d7228acab8/element - {"using":"xpath","value":"//*[@id=\"__tile129\"]"}
RESULT: {"using":"xpath","value":"//*[@id=\"__tile129\"]"}
COMMAND: POST /session/fc99bad58b82990b6dcb49d7228acab8/element/f.947A257AA7CC65A8B02F4C22A23DA17C.d.7809D585C962018391AD35C216C8CB45.e.5236/click - {}
RESULT: {}
COMMAND: GET /session/fc99bad58b82990b6dcb49d7228acab8/screenshot - {}
RESULT: {}
COMMAND: POST /session/fc99bad58b82990b6dcb49d7228acab8/elements - {"using":"xpath","value":"//span[text()='Error']"}
RESULT: {"using":"xpath","value":"//span[text()='Error']"}
RESULT: undefined
COMMAND: POST /session/fc99bad58b82990b6dcb49d7228acab8/element - {"using":"xpath","value":"//*[@id=\"__tile129\"]"}
RESULT: {"using":"xpath","value":"//*[@id=\"__tile129\"]"}
COMMAND: POST /session/fc99bad58b82990b6dcb49d7228acab8/element/f.947A257AA7CC65A8B02F4C22A23DA17C.d.7809D585C962018391AD35C216C8CB45.e.5236/click - {}
RESULT: undefined
COMMAND: POST /session/fc99bad58b82990b6dcb49d7228acab8/element - {"using":"xpath","value":"//*[@id=\"__tile129\"]"}
RESULT: {"using":"xpath","value":"//*[@id=\"__tile129\"]"}
COMMAND: POST /session/fc99bad58b82990b6dcb49d7228acab8/element/f.947A257AA7CC65A8B02F4C22A23DA17C.d.7809D585C962018391AD35C216C8CB45.e.5236/click - {}
RESULT: undefined
COMMAND: POST /session/fc99bad58b82990b6dcb49d7228acab8/execute/async - {"script":"<script> [6424 bytes]","args":[{"element-6066-11e4-a52e-4f735466cecf":"f.947A257AA7CC65A8B02F4C22A23DA17C.d.7809D585C962018391AD35C216C8CB45.e.295"},"getTitle",[]]}
COMMAND: POST /session/fc99bad58b82990b6dcb49d7228acab8/execute/async - {"script":"<script> [1562 bytes]","args":[{"selector":{"id":"shellAppTitle"},"wdio_ui5_key":"shellAppTitle"}]}
RESULT: {"script":"<script> [1562 bytes]","args":[{"selector":{"id":"shellAppTitle"},"wdio_ui5_key":"shellAppTitle"}]}
COMMAND: POST /session/fc99bad58b82990b6dcb49d7228acab8/execute/async - {"script":"<script> [6424 bytes]","args":[{"element-6066-11e4-a52e-4f735466cecf":"f.947A257AA7CC65A8B02F4C22A23DA17C.d.7809D585C962018391AD35C216C8CB45.e.5309"},"getTitle",[]]}
RESULT: {"script":"<script> [6424 bytes]","args":[{"element-6066-11e4-a52e-4f735466cecf":"f.947A257AA7CC65A8B02F4C22A23DA17C.d.7809D585C962018391AD35C216C8CB45.e.5309"},"getTitle",[]]}
RESULT: undefined
COMMAND: POST /session/fc99bad58b82990b6dcb49d7228acab8/element/f.947A257AA7CC65A8B02F4C22A23DA17C.d.7809D585C962018391AD35C216C8CB45.e.5201/click - {}
COMMAND: POST /session/fc99bad58b82990b6dcb49d7228acab8/element/f.947A257AA7CC65A8B02F4C22A23DA17C.d.7809D585C962018391AD35C216C8CB45.e.5201/click - {}
RESULT: {}
COMMAND: GET /session/fc99bad58b82990b6dcb49d7228acab8/screenshot - {}
COMMAND: POST /session/fc99bad58b82990b6dcb49d7228acab8/element - {"using":"xpath","value":"//*[@id=\"backBtn\"]"}
RESULT: {}
RESULT: {"using":"xpath","value":"//*[@id=\"backBtn\"]"}
COMMAND: POST /session/fc99bad58b82990b6dcb49d7228acab8/elements - {"using":"xpath","value":"//*[@id=\"backBtn\"]"}
RESULT: {"using":"xpath","value":"//*[@id=\"backBtn\"]"}
COMMAND: POST /session/fc99bad58b82990b6dcb49d7228acab8/elements - {"using":"xpath","value":"//*[@id=\"backBtn\"]"}
RESULT: {"using":"xpath","value":"//*[@id=\"backBtn\"]"}
COMMAND: POST /session/fc99bad58b82990b6dcb49d7228acab8/elements - {"using":"xpath","value":"//*[@id=\"backBtn\"]"}
RESULT: {"using":"xpath","value":"//*[@id=\"backBtn\"]"}
COMMAND: POST /session/fc99bad58b82990b6dcb49d7228acab8/elements - {"using":"xpath","value":"//*[@id=\"backBtn\"]"}
RESULT: {"using":"xpath","value":"//*[@id=\"backBtn\"]"}
COMMAND: POST /session/fc99bad58b82990b6dcb49d7228acab8/elements - {"using":"xpath","value":"//*[@id=\"backBtn\"]"}
RESULT: {"using":"xpath","value":"//*[@id=\"backBtn\"]"}
COMMAND: POST /session/fc99bad58b82990b6dcb49d7228acab8/elements - {"using":"xpath","value":"//*[@id=\"backBtn\"]"}
RESULT: {"using":"xpath","value":"//*[@id=\"backBtn\"]"}
COMMAND: POST /session/fc99bad58b82990b6dcb49d7228acab8/elements - {"using":"xpath","value":"//*[@id=\"backBtn\"]"}
RESULT: {"using":"xpath","value":"//*[@id=\"backBtn\"]"}
COMMAND: POST /session/fc99bad58b82990b6dcb49d7228acab8/elements - {"using":"xpath","value":"//*[@id=\"backBtn\"]"}
RESULT: {"using":"xpath","value":"//*[@id=\"backBtn\"]"}
COMMAND: POST /session/fc99bad58b82990b6dcb49d7228acab8/elements - {"using":"xpath","value":"//*[@id=\"backBtn\"]"}
RESULT: {"using":"xpath","value":"//*[@id=\"backBtn\"]"}
COMMAND: POST /session/fc99bad58b82990b6dcb49d7228acab8/elements - {"using":"xpath","value":"//*[@id=\"backBtn\"]"}
RESULT: {"using":"xpath","value":"//*[@id=\"backBtn\"]"}
COMMAND: POST /session/fc99bad58b82990b6dcb49d7228acab8/elements - {"using":"xpath","value":"//*[@id=\"backBtn\"]"}
RESULT: {"using":"xpath","value":"//*[@id=\"backBtn\"]"}
COMMAND: POST /session/fc99bad58b82990b6dcb49d7228acab8/elements - {"using":"xpath","value":"//*[@id=\"backBtn\"]"}
RESULT: {"using":"xpath","value":"//*[@id=\"backBtn\"]"}
COMMAND: POST /session/fc99bad58b82990b6dcb49d7228acab8/elements - {"using":"xpath","value":"//*[@id=\"backBtn\"]"}
RESULT: {"using":"xpath","value":"//*[@id=\"backBtn\"]"}
COMMAND: POST /session/fc99bad58b82990b6dcb49d7228acab8/elements - {"using":"xpath","value":"//*[@id=\"backBtn\"]"}
RESULT: {"using":"xpath","value":"//*[@id=\"backBtn\"]"}
COMMAND: POST /session/fc99bad58b82990b6dcb49d7228acab8/elements - {"using":"xpath","value":"//*[@id=\"backBtn\"]"}
RESULT: {"using":"xpath","value":"//*[@id=\"backBtn\"]"}
COMMAND: POST /session/fc99bad58b82990b6dcb49d7228acab8/elements - {"using":"xpath","value":"//*[@id=\"backBtn\"]"}
RESULT: {"using":"xpath","value":"//*[@id=\"backBtn\"]"}
COMMAND: POST /session/fc99bad58b82990b6dcb49d7228acab8/elements - {"using":"xpath","value":"//*[@id=\"backBtn\"]"}
RESULT: {"using":"xpath","value":"//*[@id=\"backBtn\"]"}
COMMAND: POST /session/fc99bad58b82990b6dcb49d7228acab8/elements - {"using":"xpath","value":"//*[@id=\"backBtn\"]"}
RESULT: {"using":"xpath","value":"//*[@id=\"backBtn\"]"}
COMMAND: POST /session/fc99bad58b82990b6dcb49d7228acab8/elements - {"using":"xpath","value":"//*[@id=\"backBtn\"]"}
RESULT: {"using":"xpath","value":"//*[@id=\"backBtn\"]"}
COMMAND: POST /session/fc99bad58b82990b6dcb49d7228acab8/elements - {"using":"xpath","value":"//*[@id=\"backBtn\"]"}
RESULT: {"using":"xpath","value":"//*[@id=\"backBtn\"]"}
COMMAND: POST /session/fc99bad58b82990b6dcb49d7228acab8/elements - {"using":"xpath","value":"//*[@id=\"backBtn\"]"}
RESULT: {"using":"xpath","value":"//*[@id=\"backBtn\"]"}
COMMAND: POST /session/fc99bad58b82990b6dcb49d7228acab8/elements - {"using":"xpath","value":"//*[@id=\"backBtn\"]"}
RESULT: {"using":"xpath","value":"//*[@id=\"backBtn\"]"}
COMMAND: POST /session/fc99bad58b82990b6dcb49d7228acab8/elements - {"using":"xpath","value":"//*[@id=\"backBtn\"]"}
RESULT: {"using":"xpath","value":"//*[@id=\"backBtn\"]"}
COMMAND: POST /session/fc99bad58b82990b6dcb49d7228acab8/elements - {"using":"xpath","value":"//*[@id=\"backBtn\"]"}
RESULT: {"using":"xpath","value":"//*[@id=\"backBtn\"]"}
COMMAND: POST /session/fc99bad58b82990b6dcb49d7228acab8/elements - {"using":"xpath","value":"//*[@id=\"backBtn\"]"}
RESULT: {"using":"xpath","value":"//*[@id=\"backBtn\"]"}
COMMAND: POST /session/fc99bad58b82990b6dcb49d7228acab8/elements - {"using":"xpath","value":"//*[@id=\"backBtn\"]"}
RESULT: {"using":"xpath","value":"//*[@id=\"backBtn\"]"}
COMMAND: POST /session/fc99bad58b82990b6dcb49d7228acab8/elements - {"using":"xpath","value":"//*[@id=\"backBtn\"]"}
RESULT: {"using":"xpath","value":"//*[@id=\"backBtn\"]"}
COMMAND: POST /session/fc99bad58b82990b6dcb49d7228acab8/elements - {"using":"xpath","value":"//*[@id=\"backBtn\"]"}
RESULT: {"using":"xpath","value":"//*[@id=\"backBtn\"]"}
COMMAND: POST /session/fc99bad58b82990b6dcb49d7228acab8/elements - {"using":"xpath","value":"//*[@id=\"backBtn\"]"}
RESULT: {"using":"xpath","value":"//*[@id=\"backBtn\"]"}
COMMAND: POST /session/fc99bad58b82990b6dcb49d7228acab8/elements - {"using":"xpath","value":"//*[@id=\"backBtn\"]"}
RESULT: {"using":"xpath","value":"//*[@id=\"backBtn\"]"}
COMMAND: POST /session/fc99bad58b82990b6dcb49d7228acab8/elements - {"using":"xpath","value":"//*[@id=\"backBtn\"]"}
RESULT: {"using":"xpath","value":"//*[@id=\"backBtn\"]"}
COMMAND: POST /session/fc99bad58b82990b6dcb49d7228acab8/elements - {"using":"xpath","value":"//*[@id=\"backBtn\"]"}
RESULT: {"using":"xpath","value":"//*[@id=\"backBtn\"]"}
COMMAND: POST /session/fc99bad58b82990b6dcb49d7228acab8/elements - {"using":"xpath","value":"//*[@id=\"backBtn\"]"}
RESULT: {"using":"xpath","value":"//*[@id=\"backBtn\"]"}
COMMAND: POST /session/fc99bad58b82990b6dcb49d7228acab8/elements - {"using":"xpath","value":"//*[@id=\"backBtn\"]"}
RESULT: {"using":"xpath","value":"//*[@id=\"backBtn\"]"}
COMMAND: POST /session/fc99bad58b82990b6dcb49d7228acab8/elements - {"using":"xpath","value":"//*[@id=\"backBtn\"]"}
RESULT: {"using":"xpath","value":"//*[@id=\"backBtn\"]"}
COMMAND: POST /session/fc99bad58b82990b6dcb49d7228acab8/elements - {"using":"xpath","value":"//*[@id=\"backBtn\"]"}
RESULT: {"using":"xpath","value":"//*[@id=\"backBtn\"]"}
COMMAND: POST /session/fc99bad58b82990b6dcb49d7228acab8/elements - {"using":"xpath","value":"//*[@id=\"backBtn\"]"}
RESULT: {"using":"xpath","value":"//*[@id=\"backBtn\"]"}
COMMAND: POST /session/fc99bad58b82990b6dcb49d7228acab8/elements - {"using":"xpath","value":"//*[@id=\"backBtn\"]"}
RESULT: {"using":"xpath","value":"//*[@id=\"backBtn\"]"}
COMMAND: POST /session/fc99bad58b82990b6dcb49d7228acab8/elements - {"using":"xpath","value":"//*[@id=\"backBtn\"]"}
RESULT: {"using":"xpath","value":"//*[@id=\"backBtn\"]"}
COMMAND: DELETE /session/fc99bad58b82990b6dcb49d7228acab8 - {}
COMMAND: POST /session/fc99bad58b82990b6dcb49d7228acab8/elements - {"using":"xpath","value":"//*[@id=\"backBtn\"]"}
RESULT: {}
]]></system-out>
    </testcase>
  </testsuite>
</testsuites>