<?xml version="1.0" encoding="UTF-8"?>
<testsuites tests="23" failures="0" errors="0" skipped="0">
  <testsuite timestamp="2025-05-27T17:53:21" time="1163.491" tests="6" failures="0" errors="0" skipped="0">
    <properties>
      <property name="specId" value="0"/>
      <property name="suiteName" value="Standard contract - add contract items by Insert Request US118222"/>
      <property name="capabilities" value="chrome.136_0_7103_93.windows"/>
      <property name="file" value="file:///D:/a/1/s/test/specs/R2C/standard-contract-add-contract-items-by-insert-request.spec.js"/>
    </properties>
    <testcase classname="chrome.136_0_7103_93.windows.Standard_contract_-_add_contract_items_by_Insert_Request_US118222" name="Should create prerequisites yard partner site material and equipment" time="316.111">
      <system-out><![CDATA[
COMMAND: POST /session/6942dd4aefa05acfe787f49b28130ab8/execute/async - {"script":"<script> [1562 bytes]","args":[{"selector":{"controlType":"sap.m.GenericTile","properties":{"header":"Manage Yards"}},"wdio_ui5_key":"sapm.GenericTile{\"header\":\"Manage Yards\"}"}]}
RESULT: {"script":"<script> [1562 bytes]","args":[{"selector":{"controlType":"sap.m.GenericTile","properties":{"header":"Manage Yards"}},"wdio_ui5_key":"sapm.GenericTile{\"header\":\"Manage Yards\"}"}]}
RESULT: undefined
COMMAND: POST /session/6942dd4aefa05acfe787f49b28130ab8/element - {"using":"xpath","value":"//*[@id=\"__tile41\"]"}
RESULT: {"using":"xpath","value":"//*[@id=\"__tile41\"]"}
COMMAND: POST /session/6942dd4aefa05acfe787f49b28130ab8/element/f.F18A487FCC2B115A863E771091ABB869.d.B519DA4EED4077C16B1A120D03967D75.e.117/click - {}
RESULT: {}
COMMAND: GET /session/6942dd4aefa05acfe787f49b28130ab8/screenshot - {}
RESULT: {}
COMMAND: POST /session/6942dd4aefa05acfe787f49b28130ab8/elements - {"using":"xpath","value":"//span[text()='Error']"}
RESULT: {"using":"xpath","value":"//span[text()='Error']"}
COMMAND: POST /session/6942dd4aefa05acfe787f49b28130ab8/execute/async - {"script":"<script> [1562 bytes]","args":[{"selector":{"controlType":"sap.ui.core.Icon","viewName":"etm.portal.ui.manageyards.view.Master","viewId":"application-manageyards-display-component---masterYard","properties":{"src":{"regex":{"source":"add"}}}},"wdio_ui5_key":"etmportal.ui.manageyards.view.Mastersap.ui.core.Icon{\"src\":{\"regex\":{\"source\":\"add\"}}}"}]}
RESULT: {"script":"<script> [1562 bytes]","args":[{"selector":{"controlType":"sap.ui.core.Icon","viewName":"etm.portal.ui.manageyards.view.Master","viewId":"application-manageyards-display-component---masterYard","properties":{"src":{"regex":{"source":"add"}}}},"wdio_ui5_key":"etmportal.ui.manageyards.view.Mastersap.ui.core.Icon{\"src\":{\"regex\":{\"source\":\"add\"}}}"}]}
RESULT: undefined
COMMAND: POST /session/6942dd4aefa05acfe787f49b28130ab8/element - {"using":"xpath","value":"//*[@id=\"__button4-img\"]"}
RESULT: {"using":"xpath","value":"//*[@id=\"__button4-img\"]"}
COMMAND: POST /session/6942dd4aefa05acfe787f49b28130ab8/element/f.F18A487FCC2B115A863E771091ABB869.d.B519DA4EED4077C16B1A120D03967D75.e.165/click - {}
RESULT: {}
COMMAND: GET /session/6942dd4aefa05acfe787f49b28130ab8/screenshot - {}
RESULT: {}
COMMAND: POST /session/6942dd4aefa05acfe787f49b28130ab8/execute/async - {"script":"<script> [1562 bytes]","args":[{"selector":{"id":"application-manageyards-display-component---NewYard--yardId","interaction":{"idSuffix":"inner"}},"wdio_ui5_key":"applicationmanageyards-display-component---NewYard--yardId"}]}
RESULT: {"script":"<script> [1562 bytes]","args":[{"selector":{"id":"application-manageyards-display-component---NewYard--yardId","interaction":{"idSuffix":"inner"}},"wdio_ui5_key":"applicationmanageyards-display-component---NewYard--yardId"}]}
RESULT: undefined
COMMAND: POST /session/6942dd4aefa05acfe787f49b28130ab8/element - {"using":"xpath","value":"//*[@id=\"application-manageyards-display-component---NewYard--addressDetailDetailsName1-inner\"]"}
RESULT: {"using":"xpath","value":"//*[@id=\"application-manageyards-display-component---NewYard--addressDetailDetailsName1-inner\"]"}
COMMAND: POST /session/6942dd4aefa05acfe787f49b28130ab8/element/f.F18A487FCC2B115A863E771091ABB869.d.B519DA4EED4077C16B1A120D03967D75.e.379/clear - {}
RESULT: {}
COMMAND: POST /session/6942dd4aefa05acfe787f49b28130ab8/element/f.F18A487FCC2B115A863E771091ABB869.d.B519DA4EED4077C16B1A120D03967D75.e.379/value - {"text":"WebdriverYardryiq2"}
COMMAND: GET /session/6942dd4aefa05acfe787f49b28130ab8/screenshot - {}
RESULT: {"text":"WebdriverYardryiq2"}
COMMAND: POST /session/6942dd4aefa05acfe787f49b28130ab8/element - {"using":"xpath","value":"//*[@id=\"application-manageyards-display-component---NewYard--addressDetailDetailsLanguage-inner\"]"}
COMMAND: GET /session/6942dd4aefa05acfe787f49b28130ab8/screenshot - {}
RESULT: {}
RESULT: {"using":"xpath","value":"//*[@id=\"application-manageyards-display-component---NewYard--addressDetailDetailsLanguage-inner\"]"}
COMMAND: POST /session/6942dd4aefa05acfe787f49b28130ab8/element/f.F18A487FCC2B115A863E771091ABB869.d.B519DA4EED4077C16B1A120D03967D75.e.380/clear - {}
RESULT: {}
RESULT: {}
COMMAND: POST /session/6942dd4aefa05acfe787f49b28130ab8/element/f.F18A487FCC2B115A863E771091ABB869.d.B519DA4EED4077C16B1A120D03967D75.e.380/value - {"text":"Romanian"}
COMMAND: GET /session/6942dd4aefa05acfe787f49b28130ab8/screenshot - {}
RESULT: {"text":"Romanian"}
COMMAND: POST /session/6942dd4aefa05acfe787f49b28130ab8/element - {"using":"xpath","value":"//input[contains(@id ,\"application-manageyards-display-component---NewYard--addressDetailDetailsName1-inner\")]"}
COMMAND: GET /session/6942dd4aefa05acfe787f49b28130ab8/screenshot - {}
RESULT: {}
RESULT: {"using":"xpath","value":"//input[contains(@id ,\"application-manageyards-display-component---NewYard--addressDetailDetailsName1-inner\")]"}
COMMAND: GET /session/6942dd4aefa05acfe787f49b28130ab8/element/f.F18A487FCC2B115A863E771091ABB869.d.B519DA4EED4077C16B1A120D03967D75.e.379/property/value - {}
RESULT: {}
RESULT: {}
COMMAND: GET /session/6942dd4aefa05acfe787f49b28130ab8/screenshot - {}
RESULT: {}
COMMAND: POST /session/6942dd4aefa05acfe787f49b28130ab8/element - {"using":"xpath","value":"//*[@id=\"application-manageyards-display-component---NewYard--addressDetailDetailsCity1-inner\"]"}
RESULT: {"using":"xpath","value":"//*[@id=\"application-manageyards-display-component---NewYard--addressDetailDetailsCity1-inner\"]"}
COMMAND: POST /session/6942dd4aefa05acfe787f49b28130ab8/element/f.F18A487FCC2B115A863E771091ABB869.d.B519DA4EED4077C16B1A120D03967D75.e.382/clear - {}
RESULT: {}
COMMAND: POST /session/6942dd4aefa05acfe787f49b28130ab8/element/f.F18A487FCC2B115A863E771091ABB869.d.B519DA4EED4077C16B1A120D03967D75.e.382/value - {"text":"Bucuresti"}
COMMAND: GET /session/6942dd4aefa05acfe787f49b28130ab8/screenshot - {}
RESULT: {"text":"Bucuresti"}
COMMAND: GET /session/6942dd4aefa05acfe787f49b28130ab8/screenshot - {}
RESULT: {}
RESULT: {}
COMMAND: POST /session/6942dd4aefa05acfe787f49b28130ab8/element - {"using":"xpath","value":"//*[@id=\"application-manageyards-display-component---NewYard--addressDetailDetailsCountry-inner\"]"}
RESULT: {"using":"xpath","value":"//*[@id=\"application-manageyards-display-component---NewYard--addressDetailDetailsCountry-inner\"]"}
COMMAND: POST /session/6942dd4aefa05acfe787f49b28130ab8/element/f.F18A487FCC2B115A863E771091ABB869.d.B519DA4EED4077C16B1A120D03967D75.e.386/clear - {}
RESULT: {}
COMMAND: POST /session/6942dd4aefa05acfe787f49b28130ab8/element/f.F18A487FCC2B115A863E771091ABB869.d.B519DA4EED4077C16B1A120D03967D75.e.386/value - {"text":"Romania"}
COMMAND: GET /session/6942dd4aefa05acfe787f49b28130ab8/screenshot - {}
RESULT: {"text":"Romania"}
COMMAND: GET /session/6942dd4aefa05acfe787f49b28130ab8/screenshot - {}
RESULT: {}
RESULT: {}
COMMAND: POST /session/6942dd4aefa05acfe787f49b28130ab8/element - {"using":"xpath","value":"//div[contains(text(), \"Commercial\")]"}
RESULT: {"using":"xpath","value":"//div[contains(text(), \"Commercial\")]"}
COMMAND: GET /session/6942dd4aefa05acfe787f49b28130ab8/element/f.F18A487FCC2B115A863E771091ABB869.d.B519DA4EED4077C16B1A120D03967D75.e.573/rect - {}
RESULT: {}
COMMAND: GET /session/6942dd4aefa05acfe787f49b28130ab8/window/rect - {}
RESULT: {}
COMMAND: POST /session/6942dd4aefa05acfe787f49b28130ab8/execute/sync - {"script":"<script> [92 bytes]","args":[]}
RESULT: {"script":"<script> [92 bytes]","args":[]}
COMMAND: POST /session/6942dd4aefa05acfe787f49b28130ab8/actions - {"actions":[{"id":"action1","type":"wheel","parameters":{},"actions":[{"type":"scroll","x":-1841,"y":-44,"deltaX":0,"deltaY":0,"duration":0,"origin":{"element-6066-11e4-a52e-4f735466cecf":"f.F18A487FCC2B115A863E771091ABB869.d.B519DA4EED4077C16B1A120D03967D75.e.573"}}]}]}
COMMAND: GET /session/6942dd4aefa05acfe787f49b28130ab8/screenshot - {}
RESULT: {}
COMMAND: POST /session/6942dd4aefa05acfe787f49b28130ab8/execute/sync - {"script":"<script> [79 bytes]","args":[{"element-6066-11e4-a52e-4f735466cecf":"f.F18A487FCC2B115A863E771091ABB869.d.B519DA4EED4077C16B1A120D03967D75.e.573","ELEMENT":"f.F18A487FCC2B115A863E771091ABB869.d.B519DA4EED4077C16B1A120D03967D75.e.573"},{"block":"start","inline":"nearest"}]}
RESULT: {"script":"<script> [79 bytes]","args":[{"element-6066-11e4-a52e-4f735466cecf":"f.F18A487FCC2B115A863E771091ABB869.d.B519DA4EED4077C16B1A120D03967D75.e.573","ELEMENT":"f.F18A487FCC2B115A863E771091ABB869.d.B519DA4EED4077C16B1A120D03967D75.e.573"},{"block":"start","inline":"nearest"}]}
COMMAND: GET /session/6942dd4aefa05acfe787f49b28130ab8/screenshot - {}
RESULT: {}
COMMAND: POST /session/6942dd4aefa05acfe787f49b28130ab8/execute/async - {"script":"<script> [1562 bytes]","args":[{"selector":{"id":"application-manageyards-display-component---NewYard--addressEditDetailsCostObjectCstType-arrow"},"wdio_ui5_key":"applicationmanageyards-display-component---NewYard--addressEditDetailsCostObjectCstType-arrow"}]}
RESULT: {"script":"<script> [1562 bytes]","args":[{"selector":{"id":"application-manageyards-display-component---NewYard--addressEditDetailsCostObjectCstType-arrow"},"wdio_ui5_key":"applicationmanageyards-display-component---NewYard--addressEditDetailsCostObjectCstType-arrow"}]}
RESULT: undefined
COMMAND: POST /session/6942dd4aefa05acfe787f49b28130ab8/element - {"using":"xpath","value":"//*[@id=\"application-manageyards-display-component---NewYard--addressEditDetailsCostObjectCstType-arrow\"]"}
RESULT: {"using":"xpath","value":"//*[@id=\"application-manageyards-display-component---NewYard--addressEditDetailsCostObjectCstType-arrow\"]"}
COMMAND: POST /session/6942dd4aefa05acfe787f49b28130ab8/element/f.F18A487FCC2B115A863E771091ABB869.d.B519DA4EED4077C16B1A120D03967D75.e.581/click - {}
RESULT: {}
COMMAND: POST /session/6942dd4aefa05acfe787f49b28130ab8/element - {"using":"xpath","value":"//span[contains(text(), \"Cost Center\")]"}
COMMAND: GET /session/6942dd4aefa05acfe787f49b28130ab8/screenshot - {}
RESULT: {"using":"xpath","value":"//span[contains(text(), \"Cost Center\")]"}
COMMAND: POST /session/6942dd4aefa05acfe787f49b28130ab8/element/f.F18A487FCC2B115A863E771091ABB869.d.B519DA4EED4077C16B1A120D03967D75.e.582/click - {}
RESULT: {}
RESULT: {}
COMMAND: GET /session/6942dd4aefa05acfe787f49b28130ab8/screenshot - {}
RESULT: {}
COMMAND: POST /session/6942dd4aefa05acfe787f49b28130ab8/execute/async - {"script":"<script> [1562 bytes]","args":[{"selector":{"id":"application-manageyards-display-component---NewYard--addressNewCostObjectCstID-vhi"},"wdio_ui5_key":"applicationmanageyards-display-component---NewYard--addressNewCostObjectCstID-vhi"}]}
RESULT: {"script":"<script> [1562 bytes]","args":[{"selector":{"id":"application-manageyards-display-component---NewYard--addressNewCostObjectCstID-vhi"},"wdio_ui5_key":"applicationmanageyards-display-component---NewYard--addressNewCostObjectCstID-vhi"}]}
RESULT: undefined
COMMAND: POST /session/6942dd4aefa05acfe787f49b28130ab8/element - {"using":"xpath","value":"//*[@id=\"application-manageyards-display-component---NewYard--addressNewCostObjectCstID-vhi\"]"}
RESULT: {"using":"xpath","value":"//*[@id=\"application-manageyards-display-component---NewYard--addressNewCostObjectCstID-vhi\"]"}
COMMAND: POST /session/6942dd4aefa05acfe787f49b28130ab8/element/f.F18A487FCC2B115A863E771091ABB869.d.B519DA4EED4077C16B1A120D03967D75.e.586/click - {}
RESULT: {}
COMMAND: GET /session/6942dd4aefa05acfe787f49b28130ab8/screenshot - {}
RESULT: {}
COMMAND: POST /session/6942dd4aefa05acfe787f49b28130ab8/execute/async - {"script":"<script> [1562 bytes]","args":[{"selector":{"controlType":"sap.m.SearchField","properties":{"placeholder":"Search"},"searchOpenDialogs":true,"interaction":{"idSuffix":"I"}},"wdio_ui5_key":"sapm.SearchField{\"placeholder\":\"Search\"}"}]}
RESULT: {"script":"<script> [1562 bytes]","args":[{"selector":{"controlType":"sap.m.SearchField","properties":{"placeholder":"Search"},"searchOpenDialogs":true,"interaction":{"idSuffix":"I"}},"wdio_ui5_key":"sapm.SearchField{\"placeholder\":\"Search\"}"}]}
RESULT: undefined
COMMAND: POST /session/6942dd4aefa05acfe787f49b28130ab8/execute/async - {"script":"<script> [776 bytes]","args":[{"enterText":"10001013","selector":{"controlType":"sap.m.SearchField","properties":{"placeholder":"Search"},"searchOpenDialogs":true,"interaction":{"idSuffix":"I"}},"clearTextFirst":true,"interactionType":"ENTER_TEXT"}]}
RESULT: {"script":"<script> [776 bytes]","args":[{"enterText":"10001013","selector":{"controlType":"sap.m.SearchField","properties":{"placeholder":"Search"},"searchOpenDialogs":true,"interaction":{"idSuffix":"I"}},"clearTextFirst":true,"interactionType":"ENTER_TEXT"}]}
COMMAND: POST /session/6942dd4aefa05acfe787f49b28130ab8/actions - {"actions":[{"id":"action2","type":"key","parameters":{},"actions":[{"type":"keyDown","value":""},{"type":"pause","duration":10},{"type":"keyUp","value":""}]}]}
RESULT: {"actions":[{"id":"action2","type":"key","parameters":{},"actions":[{"type":"keyDown","value":""},{"type":"pause","duration":10},{"type":"keyUp","value":""}]}]}
COMMAND: GET /session/6942dd4aefa05acfe787f49b28130ab8/screenshot - {}
RESULT: {}
COMMAND: POST /session/6942dd4aefa05acfe787f49b28130ab8/element - {"using":"xpath","value":"//span[contains(text(), \"General Management\")]"}
RESULT: {"using":"xpath","value":"//span[contains(text(), \"General Management\")]"}
COMMAND: POST /session/6942dd4aefa05acfe787f49b28130ab8/element/f.F18A487FCC2B115A863E771091ABB869.d.B519DA4EED4077C16B1A120D03967D75.e.628/click - {}
RESULT: {}
COMMAND: GET /session/6942dd4aefa05acfe787f49b28130ab8/screenshot - {}
RESULT: {}
COMMAND: POST /session/6942dd4aefa05acfe787f49b28130ab8/element - {"using":"xpath","value":"//bdi[contains(text(), \"OK\")]"}
RESULT: {"using":"xpath","value":"//bdi[contains(text(), \"OK\")]"}
COMMAND: POST /session/6942dd4aefa05acfe787f49b28130ab8/element/f.F18A487FCC2B115A863E771091ABB869.d.B519DA4EED4077C16B1A120D03967D75.e.629/click - {}
RESULT: {}
COMMAND: GET /session/6942dd4aefa05acfe787f49b28130ab8/screenshot - {}
RESULT: {}
COMMAND: POST /session/6942dd4aefa05acfe787f49b28130ab8/execute/async - {"script":"<script> [1562 bytes]","args":[{"selector":{"controlType":"sap.m.Button","viewName":"etm.portal.ui.manageyards.view.New","viewId":"application-manageyards-display-component---NewYard","i18NText":{"propertyName":"text","key":"save"},"interaction":{"idSuffix":"inner"}},"wdio_ui5_key":"etmportal.ui.manageyards.view.Newsap.m.Button{\"propertyName\":\"text\",\"key\":\"save\"}"}]}
RESULT: {"script":"<script> [1562 bytes]","args":[{"selector":{"controlType":"sap.m.Button","viewName":"etm.portal.ui.manageyards.view.New","viewId":"application-manageyards-display-component---NewYard","i18NText":{"propertyName":"text","key":"save"},"interaction":{"idSuffix":"inner"}},"wdio_ui5_key":"etmportal.ui.manageyards.view.Newsap.m.Button{\"propertyName\":\"text\",\"key\":\"save\"}"}]}
RESULT: undefined
COMMAND: POST /session/6942dd4aefa05acfe787f49b28130ab8/element - {"using":"xpath","value":"//*[@id=\"__button18\"]"}
RESULT: {"using":"xpath","value":"//*[@id=\"__button18\"]"}
COMMAND: POST /session/6942dd4aefa05acfe787f49b28130ab8/element/f.F18A487FCC2B115A863E771091ABB869.d.B519DA4EED4077C16B1A120D03967D75.e.553/click - {}
RESULT: {}
COMMAND: GET /session/6942dd4aefa05acfe787f49b28130ab8/screenshot - {}
RESULT: {}
COMMAND: POST /session/6942dd4aefa05acfe787f49b28130ab8/element - {"using":"xpath","value":"//header/div/div[2]/div[2]/span"}
RESULT: {"using":"xpath","value":"//header/div/div[2]/div[2]/span"}
COMMAND: GET /session/6942dd4aefa05acfe787f49b28130ab8/element/f.F18A487FCC2B115A863E771091ABB869.d.B519DA4EED4077C16B1A120D03967D75.e.825/text - {}
RESULT: {}
COMMAND: POST /session/6942dd4aefa05acfe787f49b28130ab8/execute/async - {"script":"<script> [1562 bytes]","args":[{"selector":{"controlType":"sap.m.OverflowToolbarButton","viewName":"etm.portal.ui.manageyards.view.Detail","viewId":"application-manageyards-display-component---detailYard","i18NText":{"propertyName":"tooltip","key":"closeColumn"},"interaction":{"idSuffix":"inner"}},"wdio_ui5_key":"etmportal.ui.manageyards.view.Detailsap.m.OverflowToolbarButton{\"propertyName\":\"tooltip\",\"key\":\"closeColumn\"}"}]}
RESULT: {"script":"<script> [1562 bytes]","args":[{"selector":{"controlType":"sap.m.OverflowToolbarButton","viewName":"etm.portal.ui.manageyards.view.Detail","viewId":"application-manageyards-display-component---detailYard","i18NText":{"propertyName":"tooltip","key":"closeColumn"},"interaction":{"idSuffix":"inner"}},"wdio_ui5_key":"etmportal.ui.manageyards.view.Detailsap.m.OverflowToolbarButton{\"propertyName\":\"tooltip\",\"key\":\"closeColumn\"}"}]}
RESULT: undefined
COMMAND: POST /session/6942dd4aefa05acfe787f49b28130ab8/element - {"using":"xpath","value":"//*[@id=\"__button42\"]"}
RESULT: {"using":"xpath","value":"//*[@id=\"__button42\"]"}
COMMAND: POST /session/6942dd4aefa05acfe787f49b28130ab8/element/f.F18A487FCC2B115A863E771091ABB869.d.B519DA4EED4077C16B1A120D03967D75.e.827/click - {}
RESULT: {}
COMMAND: GET /session/6942dd4aefa05acfe787f49b28130ab8/screenshot - {}
RESULT: {}
COMMAND: POST /session/6942dd4aefa05acfe787f49b28130ab8/element - {"using":"css selector","value":"#shell-header-logo"}
RESULT: {"using":"css selector","value":"#shell-header-logo"}
COMMAND: POST /session/6942dd4aefa05acfe787f49b28130ab8/element/f.F18A487FCC2B115A863E771091ABB869.d.B519DA4EED4077C16B1A120D03967D75.e.120/click - {}
RESULT: {}
COMMAND: GET /session/6942dd4aefa05acfe787f49b28130ab8/screenshot - {}
RESULT: {}
COMMAND: POST /session/6942dd4aefa05acfe787f49b28130ab8/refresh - {}
RESULT: {}
COMMAND: GET /session/6942dd4aefa05acfe787f49b28130ab8/screenshot - {}
RESULT: {}
COMMAND: POST /session/6942dd4aefa05acfe787f49b28130ab8/execute/async - {"script":"<script> [189 bytes]","args":[]}
RESULT: {"script":"<script> [189 bytes]","args":[]}
COMMAND: POST /session/6942dd4aefa05acfe787f49b28130ab8/execute/async - {"script":"<script> [123 bytes]","args":[]}
RESULT: {"script":"<script> [123 bytes]","args":[]}
COMMAND: POST /session/6942dd4aefa05acfe787f49b28130ab8/timeouts - {"script":"<number>"}
RESULT: {"script":"<number>"}
COMMAND: GET /session/6942dd4aefa05acfe787f49b28130ab8/timeouts - {}
RESULT: {}
RESULT: undefined
COMMAND: POST /session/6942dd4aefa05acfe787f49b28130ab8/execute/async - {"script":"<script> [2676 bytes]","args":[]}
RESULT: {"script":"<script> [2676 bytes]","args":[]}
COMMAND: POST /session/6942dd4aefa05acfe787f49b28130ab8/execute/async - {"script":"<script> [2342 bytes]","args":[{"protocol":"http","hostname":"0.0.0.0","path":"/","capabilities":{"browserName":"chrome","goog:chromeOptions":{"binary":"C:\\Program Files\\Google\\Chrome\\Application\\chrome.exe","args":["--start-maximized"]}},"logLevel":"warn","connectionRetryTimeout":120000,"connectionRetryCount":3,"logLevels":{},"enableDirectConnect":true,"strictSSL":true,"_":"65 more keys: [\"cacheDir\",\"port\",\"requestedCapabilities\",\"automationProtocol\",\"baseUrl\",\"waitforInterval\",\"waitforTimeout\",\"onReload\",\"beforeCommand\",\"afterCommand\",\"rootDir\",\"specs\",\"suites\",\"exclude\",\"groupLogsByTestSpec\",\"excludeDriverLogs\",\"bail\",\"framework\",\"reporters\",\"services\",\"maxInstances\",\"maxInstancesPerCapability\",\"injectGlobals\",\"filesToWatch\",\"execArgv\",\"runnerEnv\",\"runner\",\"shard\",\"specFileRetries\",\"specFileRetriesDelay\",\"specFileRetriesDeferred\",\"reporterSyncInterval\",\"reporterSyncTimeout\",\"cucumberFeaturesWithLineNumbers\",\"autoCompileOpts\",\"mochaOpts\",\"jasmineOpts\",\"cucumberOpts\",\"onPrepare\",\"onWorkerStart\",\"onWorkerEnd\",\"before\",\"beforeSession\",\"beforeSuite\",\"beforeHook\",\"beforeTest\",\"afterTest\",\"afterHook\",\"afterSuite\",\"afterSession\",\"after\",\"onComplete\",\"beforeAssertion\",\"afterAssertion\",\"beforeFeature\",\"beforeScenario\",\"beforeStep\",\"afterStep\",\"afterScenario\",\"afterFeature\",\"_\",\"suite\",\"$0\",\"ignoredWorkerServices\",\"wdi5\"]"}]}
RESULT: {"script":"<script> [2342 bytes]","args":[{"protocol":"http","hostname":"0.0.0.0","path":"/","capabilities":{"browserName":"chrome","goog:chromeOptions":{"binary":"C:\\Program Files\\Google\\Chrome\\Application\\chrome.exe","args":["--start-maximized"]}},"logLevel":"warn","connectionRetryTimeout":120000,"connectionRetryCount":3,"logLevels":{},"enableDirectConnect":true,"strictSSL":true,"_":"65 more keys: [\"cacheDir\",\"port\",\"requestedCapabilities\",\"automationProtocol\",\"baseUrl\",\"waitforInterval\",\"waitforTimeout\",\"onReload\",\"beforeCommand\",\"afterCommand\",\"rootDir\",\"specs\",\"suites\",\"exclude\",\"groupLogsByTestSpec\",\"excludeDriverLogs\",\"bail\",\"framework\",\"reporters\",\"services\",\"maxInstances\",\"maxInstancesPerCapability\",\"injectGlobals\",\"filesToWatch\",\"execArgv\",\"runnerEnv\",\"runner\",\"shard\",\"specFileRetries\",\"specFileRetriesDelay\",\"specFileRetriesDeferred\",\"reporterSyncInterval\",\"reporterSyncTimeout\",\"cucumberFeaturesWithLineNumbers\",\"autoCompileOpts\",\"mochaOpts\",\"jasmineOpts\",\"cucumberOpts\",\"onPrepare\",\"onWorkerStart\",\"onWorkerEnd\",\"before\",\"beforeSession\",\"beforeSuite\",\"beforeHook\",\"beforeTest\",\"afterTest\",\"afterHook\",\"afterSuite\",\"afterSession\",\"after\",\"onComplete\",\"beforeAssertion\",\"afterAssertion\",\"beforeFeature\",\"beforeScenario\",\"beforeStep\",\"afterStep\",\"afterScenario\",\"afterFeature\",\"_\",\"suite\",\"$0\",\"ignoredWorkerServices\",\"wdi5\"]"}]}
COMMAND: POST /session/6942dd4aefa05acfe787f49b28130ab8/execute/async - {"script":"<script> [21126 bytes]","args":[35000]}
RESULT: {"script":"<script> [21126 bytes]","args":[35000]}
COMMAND: POST /session/6942dd4aefa05acfe787f49b28130ab8/execute/async - {"script":"<script> [1562 bytes]","args":[{"selector":{"controlType":"sap.m.GenericTile","properties":{"header":"Manage Partners"}},"wdio_ui5_key":"sapm.GenericTile{\"header\":\"Manage Partners\"}"}]}
RESULT: {"script":"<script> [1562 bytes]","args":[{"selector":{"controlType":"sap.m.GenericTile","properties":{"header":"Manage Partners"}},"wdio_ui5_key":"sapm.GenericTile{\"header\":\"Manage Partners\"}"}]}
RESULT: undefined
COMMAND: POST /session/6942dd4aefa05acfe787f49b28130ab8/element - {"using":"xpath","value":"//*[@id=\"__tile38\"]"}
RESULT: {"using":"xpath","value":"//*[@id=\"__tile38\"]"}
COMMAND: POST /session/6942dd4aefa05acfe787f49b28130ab8/element/f.F18A487FCC2B115A863E771091ABB869.d.F8524046053C7F89C693B9A314037EDB.e.1184/click - {}
RESULT: {}
COMMAND: GET /session/6942dd4aefa05acfe787f49b28130ab8/screenshot - {}
RESULT: {}
COMMAND: POST /session/6942dd4aefa05acfe787f49b28130ab8/elements - {"using":"xpath","value":"//span[text()='Error']"}
RESULT: {"using":"xpath","value":"//span[text()='Error']"}
COMMAND: POST /session/6942dd4aefa05acfe787f49b28130ab8/execute/async - {"script":"<script> [1562 bytes]","args":[{"selector":{"controlType":"sap.ui.core.Icon","viewName":"etm.portal.ui.managepartners.view.Master","viewId":"application-managepartners-display-component---masterPtm","properties":{"src":{"regex":{"source":"add"}}}},"wdio_ui5_key":"etmportal.ui.managepartners.view.Mastersap.ui.core.Icon{\"src\":{\"regex\":{\"source\":\"add\"}}}"}]}
RESULT: {"script":"<script> [1562 bytes]","args":[{"selector":{"controlType":"sap.ui.core.Icon","viewName":"etm.portal.ui.managepartners.view.Master","viewId":"application-managepartners-display-component---masterPtm","properties":{"src":{"regex":{"source":"add"}}}},"wdio_ui5_key":"etmportal.ui.managepartners.view.Mastersap.ui.core.Icon{\"src\":{\"regex\":{\"source\":\"add\"}}}"}]}
RESULT: undefined
COMMAND: POST /session/6942dd4aefa05acfe787f49b28130ab8/element - {"using":"xpath","value":"//*[@id=\"__button4-img\"]"}
RESULT: {"using":"xpath","value":"//*[@id=\"__button4-img\"]"}
COMMAND: POST /session/6942dd4aefa05acfe787f49b28130ab8/element/f.F18A487FCC2B115A863E771091ABB869.d.F8524046053C7F89C693B9A314037EDB.e.1333/click - {}
RESULT: {}
COMMAND: GET /session/6942dd4aefa05acfe787f49b28130ab8/screenshot - {}
RESULT: {}
COMMAND: POST /session/6942dd4aefa05acfe787f49b28130ab8/execute/async - {"script":"<script> [1562 bytes]","args":[{"selector":{"id":"application-managepartners-display-component---NewPartner--partnerId","interaction":{"idSuffix":"inner"}},"wdio_ui5_key":"applicationmanagepartners-display-component---NewPartner--partnerId"}]}
RESULT: {"script":"<script> [1562 bytes]","args":[{"selector":{"id":"application-managepartners-display-component---NewPartner--partnerId","interaction":{"idSuffix":"inner"}},"wdio_ui5_key":"applicationmanagepartners-display-component---NewPartner--partnerId"}]}
RESULT: undefined
COMMAND: POST /session/6942dd4aefa05acfe787f49b28130ab8/execute/async - {"script":"<script> [1562 bytes]","args":[{"selector":{"id":"application-managepartners-display-component---NewPartner--addressDetailDetailsName1","interaction":{"idSuffix":"inner"}},"wdio_ui5_key":"applicationmanagepartners-display-component---NewPartner--addressDetailDetailsName1"}]}
RESULT: {"script":"<script> [1562 bytes]","args":[{"selector":{"id":"application-managepartners-display-component---NewPartner--addressDetailDetailsName1","interaction":{"idSuffix":"inner"}},"wdio_ui5_key":"applicationmanagepartners-display-component---NewPartner--addressDetailDetailsName1"}]}
RESULT: undefined
COMMAND: POST /session/6942dd4aefa05acfe787f49b28130ab8/execute/async - {"script":"<script> [776 bytes]","args":[{"enterText":"WebdriverPartnerdlquy","selector":{"id":"application-managepartners-display-component---NewPartner--addressDetailDetailsName1","interaction":{"idSuffix":"inner"}},"clearTextFirst":true,"interactionType":"ENTER_TEXT"}]}
RESULT: {"script":"<script> [776 bytes]","args":[{"enterText":"WebdriverPartnerdlquy","selector":{"id":"application-managepartners-display-component---NewPartner--addressDetailDetailsName1","interaction":{"idSuffix":"inner"}},"clearTextFirst":true,"interactionType":"ENTER_TEXT"}]}
COMMAND: POST /session/6942dd4aefa05acfe787f49b28130ab8/execute/async - {"script":"<script> [1562 bytes]","args":[{"selector":{"id":"application-managepartners-display-component---NewPartner--addressDetailDetailsLanguage","interaction":{"idSuffix":"inner"}},"wdio_ui5_key":"applicationmanagepartners-display-component---NewPartner--addressDetailDetailsLanguage"}]}
RESULT: {"script":"<script> [1562 bytes]","args":[{"selector":{"id":"application-managepartners-display-component---NewPartner--addressDetailDetailsLanguage","interaction":{"idSuffix":"inner"}},"wdio_ui5_key":"applicationmanagepartners-display-component---NewPartner--addressDetailDetailsLanguage"}]}
RESULT: undefined
COMMAND: POST /session/6942dd4aefa05acfe787f49b28130ab8/execute/async - {"script":"<script> [776 bytes]","args":[{"enterText":"Romanian","selector":{"id":"application-managepartners-display-component---NewPartner--addressDetailDetailsLanguage","interaction":{"idSuffix":"inner"}},"clearTextFirst":true,"interactionType":"ENTER_TEXT"}]}
RESULT: {"script":"<script> [776 bytes]","args":[{"enterText":"Romanian","selector":{"id":"application-managepartners-display-component---NewPartner--addressDetailDetailsLanguage","interaction":{"idSuffix":"inner"}},"clearTextFirst":true,"interactionType":"ENTER_TEXT"}]}
COMMAND: POST /session/6942dd4aefa05acfe787f49b28130ab8/element - {"using":"xpath","value":"//input[contains(@id ,\"application-managepartners-display-component---NewPartner--addressDetailDetailsName1-inner\")]"}
RESULT: {"using":"xpath","value":"//input[contains(@id ,\"application-managepartners-display-component---NewPartner--addressDetailDetailsName1-inner\")]"}
COMMAND: GET /session/6942dd4aefa05acfe787f49b28130ab8/element/f.F18A487FCC2B115A863E771091ABB869.d.F8524046053C7F89C693B9A314037EDB.e.1406/property/value - {}
RESULT: {}
COMMAND: POST /session/6942dd4aefa05acfe787f49b28130ab8/execute/async - {"script":"<script> [1562 bytes]","args":[{"selector":{"id":"application-managepartners-display-component---NewPartner--addressDetailDetailsCity1","interaction":{"idSuffix":"inner"}},"wdio_ui5_key":"applicationmanagepartners-display-component---NewPartner--addressDetailDetailsCity1"}]}
COMMAND: GET /session/6942dd4aefa05acfe787f49b28130ab8/screenshot - {}
RESULT: {"script":"<script> [1562 bytes]","args":[{"selector":{"id":"application-managepartners-display-component---NewPartner--addressDetailDetailsCity1","interaction":{"idSuffix":"inner"}},"wdio_ui5_key":"applicationmanagepartners-display-component---NewPartner--addressDetailDetailsCity1"}]}
RESULT: undefined
COMMAND: POST /session/6942dd4aefa05acfe787f49b28130ab8/execute/async - {"script":"<script> [776 bytes]","args":[{"enterText":"Bucharest","selector":{"id":"application-managepartners-display-component---NewPartner--addressDetailDetailsCity1","interaction":{"idSuffix":"inner"}},"clearTextFirst":true,"interactionType":"ENTER_TEXT"}]}
RESULT: {}
RESULT: {"script":"<script> [776 bytes]","args":[{"enterText":"Bucharest","selector":{"id":"application-managepartners-display-component---NewPartner--addressDetailDetailsCity1","interaction":{"idSuffix":"inner"}},"clearTextFirst":true,"interactionType":"ENTER_TEXT"}]}
COMMAND: POST /session/6942dd4aefa05acfe787f49b28130ab8/execute/async - {"script":"<script> [1562 bytes]","args":[{"selector":{"id":"application-managepartners-display-component---NewPartner--addressDetailDetailsCountry","interaction":{"idSuffix":"inner"}},"wdio_ui5_key":"applicationmanagepartners-display-component---NewPartner--addressDetailDetailsCountry"}]}
RESULT: {"script":"<script> [1562 bytes]","args":[{"selector":{"id":"application-managepartners-display-component---NewPartner--addressDetailDetailsCountry","interaction":{"idSuffix":"inner"}},"wdio_ui5_key":"applicationmanagepartners-display-component---NewPartner--addressDetailDetailsCountry"}]}
RESULT: undefined
COMMAND: POST /session/6942dd4aefa05acfe787f49b28130ab8/execute/async - {"script":"<script> [6424 bytes]","args":[{"element-6066-11e4-a52e-4f735466cecf":"f.F18A487FCC2B115A863E771091ABB869.d.F8524046053C7F89C693B9A314037EDB.e.1413"},"setValue",["Romania"]]}
RESULT: {"script":"<script> [6424 bytes]","args":[{"element-6066-11e4-a52e-4f735466cecf":"f.F18A487FCC2B115A863E771091ABB869.d.F8524046053C7F89C693B9A314037EDB.e.1413"},"setValue",["Romania"]]}
COMMAND: POST /session/6942dd4aefa05acfe787f49b28130ab8/execute/async - {"script":"<script> [1562 bytes]","args":[{"selector":{"id":"application-managepartners-display-component---NewPartner--partnerDetailInternal","interaction":{"idSuffix":"inner"}},"wdio_ui5_key":"applicationmanagepartners-display-component---NewPartner--partnerDetailInternal"}]}
RESULT: {"script":"<script> [1562 bytes]","args":[{"selector":{"id":"application-managepartners-display-component---NewPartner--partnerDetailInternal","interaction":{"idSuffix":"inner"}},"wdio_ui5_key":"applicationmanagepartners-display-component---NewPartner--partnerDetailInternal"}]}
RESULT: undefined
COMMAND: POST /session/6942dd4aefa05acfe787f49b28130ab8/execute/async - {"script":"<script> [776 bytes]","args":[{"enterText":"External partner","selector":{"id":"application-managepartners-display-component---NewPartner--partnerDetailInternal","interaction":{"idSuffix":"inner"}},"clearTextFirst":true,"interactionType":"ENTER_TEXT"}]}
RESULT: {"script":"<script> [776 bytes]","args":[{"enterText":"External partner","selector":{"id":"application-managepartners-display-component---NewPartner--partnerDetailInternal","interaction":{"idSuffix":"inner"}},"clearTextFirst":true,"interactionType":"ENTER_TEXT"}]}
COMMAND: POST /session/6942dd4aefa05acfe787f49b28130ab8/execute/async - {"script":"<script> [1562 bytes]","args":[{"selector":{"id":"application-managepartners-display-component---NewPartner--partnerDetailsCurrency","interaction":{"idSuffix":"inner"}},"wdio_ui5_key":"applicationmanagepartners-display-component---NewPartner--partnerDetailsCurrency"}]}
RESULT: {"script":"<script> [1562 bytes]","args":[{"selector":{"id":"application-managepartners-display-component---NewPartner--partnerDetailsCurrency","interaction":{"idSuffix":"inner"}},"wdio_ui5_key":"applicationmanagepartners-display-component---NewPartner--partnerDetailsCurrency"}]}
RESULT: undefined
COMMAND: POST /session/6942dd4aefa05acfe787f49b28130ab8/execute/async - {"script":"<script> [776 bytes]","args":[{"enterText":"Euro","selector":{"id":"application-managepartners-display-component---NewPartner--partnerDetailsCurrency","interaction":{"idSuffix":"inner"}},"clearTextFirst":true,"interactionType":"ENTER_TEXT"}]}
RESULT: {"script":"<script> [776 bytes]","args":[{"enterText":"Euro","selector":{"id":"application-managepartners-display-component---NewPartner--partnerDetailsCurrency","interaction":{"idSuffix":"inner"}},"clearTextFirst":true,"interactionType":"ENTER_TEXT"}]}
COMMAND: POST /session/6942dd4aefa05acfe787f49b28130ab8/execute/async - {"script":"<script> [1562 bytes]","args":[{"selector":{"controlType":"sap.m.Button","viewName":"etm.portal.ui.managepartners.view.NewPartner","viewId":"application-managepartners-display-component---NewPartner","properties":{"text":"Commercial"},"interaction":{"idSuffix":"BDI-content"}},"wdio_ui5_key":"etmportal.ui.managepartners.view.NewPartnersap.m.Button{\"text\":\"Commercial\"}"}]}
RESULT: {"script":"<script> [1562 bytes]","args":[{"selector":{"controlType":"sap.m.Button","viewName":"etm.portal.ui.managepartners.view.NewPartner","viewId":"application-managepartners-display-component---NewPartner","properties":{"text":"Commercial"},"interaction":{"idSuffix":"BDI-content"}},"wdio_ui5_key":"etmportal.ui.managepartners.view.NewPartnersap.m.Button{\"text\":\"Commercial\"}"}]}
RESULT: undefined
COMMAND: POST /session/6942dd4aefa05acfe787f49b28130ab8/element - {"using":"xpath","value":"//*[@id=\"application-managepartners-display-component---NewPartner--ObjectPageLayout-anchBar-__section5-anchor\"]"}
RESULT: {"using":"xpath","value":"//*[@id=\"application-managepartners-display-component---NewPartner--ObjectPageLayout-anchBar-__section5-anchor\"]"}
COMMAND: POST /session/6942dd4aefa05acfe787f49b28130ab8/element/f.F18A487FCC2B115A863E771091ABB869.d.F8524046053C7F89C693B9A314037EDB.e.1653/click - {}
RESULT: {}
COMMAND: GET /session/6942dd4aefa05acfe787f49b28130ab8/screenshot - {}
RESULT: {}
COMMAND: POST /session/6942dd4aefa05acfe787f49b28130ab8/execute/async - {"script":"<script> [1562 bytes]","args":[{"selector":{"id":"application-managepartners-display-component---NewPartner--btnAddTableRow-img"},"wdio_ui5_key":"applicationmanagepartners-display-component---NewPartner--btnAddTableRow-img"}]}
RESULT: {"script":"<script> [1562 bytes]","args":[{"selector":{"id":"application-managepartners-display-component---NewPartner--btnAddTableRow-img"},"wdio_ui5_key":"applicationmanagepartners-display-component---NewPartner--btnAddTableRow-img"}]}
RESULT: undefined
COMMAND: POST /session/6942dd4aefa05acfe787f49b28130ab8/element - {"using":"xpath","value":"//*[@id=\"application-managepartners-display-component---NewPartner--btnAddTableRow-img\"]"}
RESULT: {"using":"xpath","value":"//*[@id=\"application-managepartners-display-component---NewPartner--btnAddTableRow-img\"]"}
COMMAND: POST /session/6942dd4aefa05acfe787f49b28130ab8/element/f.F18A487FCC2B115A863E771091ABB869.d.F8524046053C7F89C693B9A314037EDB.e.1659/click - {}
RESULT: {}
COMMAND: POST /session/6942dd4aefa05acfe787f49b28130ab8/element - {"using":"xpath","value":"//input[contains(@id ,\"application-managepartners-display-component---NewPartner--assignmentYard-application-managepartners-display-component---NewPartner\")]"}
COMMAND: GET /session/6942dd4aefa05acfe787f49b28130ab8/screenshot - {}
RESULT: {"using":"xpath","value":"//input[contains(@id ,\"application-managepartners-display-component---NewPartner--assignmentYard-application-managepartners-display-component---NewPartner\")]"}
COMMAND: POST /session/6942dd4aefa05acfe787f49b28130ab8/element/f.F18A487FCC2B115A863E771091ABB869.d.F8524046053C7F89C693B9A314037EDB.e.1663/clear - {}
RESULT: {}
RESULT: {}
COMMAND: POST /session/6942dd4aefa05acfe787f49b28130ab8/element/f.F18A487FCC2B115A863E771091ABB869.d.F8524046053C7F89C693B9A314037EDB.e.1663/value - {"text":"WebdriverYardryiq2"}
COMMAND: GET /session/6942dd4aefa05acfe787f49b28130ab8/screenshot - {}
RESULT: {"text":"WebdriverYardryiq2"}
COMMAND: GET /session/6942dd4aefa05acfe787f49b28130ab8/screenshot - {}
RESULT: {}
RESULT: {}
COMMAND: POST /session/6942dd4aefa05acfe787f49b28130ab8/execute/async - {"script":"<script> [1562 bytes]","args":[{"selector":{"controlType":"sap.m.Button","viewName":"etm.portal.ui.managepartners.view.NewPartner","viewId":"application-managepartners-display-component---NewPartner","i18NText":{"propertyName":"text","key":"save"},"interaction":{"idSuffix":"BDI-content"}},"wdio_ui5_key":"etmportal.ui.managepartners.view.NewPartnersap.m.Button{\"propertyName\":\"text\",\"key\":\"save\"}"}]}
RESULT: {"script":"<script> [1562 bytes]","args":[{"selector":{"controlType":"sap.m.Button","viewName":"etm.portal.ui.managepartners.view.NewPartner","viewId":"application-managepartners-display-component---NewPartner","i18NText":{"propertyName":"text","key":"save"},"interaction":{"idSuffix":"BDI-content"}},"wdio_ui5_key":"etmportal.ui.managepartners.view.NewPartnersap.m.Button{\"propertyName\":\"text\",\"key\":\"save\"}"}]}
RESULT: undefined
COMMAND: POST /session/6942dd4aefa05acfe787f49b28130ab8/element - {"using":"xpath","value":"//*[@id=\"__button12\"]"}
RESULT: {"using":"xpath","value":"//*[@id=\"__button12\"]"}
COMMAND: POST /session/6942dd4aefa05acfe787f49b28130ab8/element/f.F18A487FCC2B115A863E771091ABB869.d.F8524046053C7F89C693B9A314037EDB.e.1630/click - {}
RESULT: {}
COMMAND: GET /session/6942dd4aefa05acfe787f49b28130ab8/screenshot - {}
RESULT: {}
COMMAND: POST /session/6942dd4aefa05acfe787f49b28130ab8/element - {"using":"xpath","value":"//header/div/div[2]/div[2]/span"}
RESULT: {"using":"xpath","value":"//header/div/div[2]/div[2]/span"}
COMMAND: GET /session/6942dd4aefa05acfe787f49b28130ab8/element/f.F18A487FCC2B115A863E771091ABB869.d.F8524046053C7F89C693B9A314037EDB.e.1833/text - {}
RESULT: {}
COMMAND: POST /session/6942dd4aefa05acfe787f49b28130ab8/element - {"using":"xpath","value":"//header/div/div/div/div/div/div[2]/div/span"}
RESULT: {"using":"xpath","value":"//header/div/div/div/div/div/div[2]/div/span"}
COMMAND: GET /session/6942dd4aefa05acfe787f49b28130ab8/element/f.F18A487FCC2B115A863E771091ABB869.d.F8524046053C7F89C693B9A314037EDB.e.1834/text - {}
RESULT: {}
COMMAND: POST /session/6942dd4aefa05acfe787f49b28130ab8/execute/async - {"script":"<script> [1562 bytes]","args":[{"selector":{"id":"application-managepartners-display-component---detailPtm--partnerType"},"wdio_ui5_key":"applicationmanagepartners-display-component---detailPtm--partnerType"}]}
RESULT: {"script":"<script> [1562 bytes]","args":[{"selector":{"id":"application-managepartners-display-component---detailPtm--partnerType"},"wdio_ui5_key":"applicationmanagepartners-display-component---detailPtm--partnerType"}]}
RESULT: undefined
COMMAND: POST /session/6942dd4aefa05acfe787f49b28130ab8/execute/async - {"script":"<script> [6424 bytes]","args":[{"element-6066-11e4-a52e-4f735466cecf":"f.F18A487FCC2B115A863E771091ABB869.d.F8524046053C7F89C693B9A314037EDB.e.1835"},"getText",[]]}
RESULT: {"script":"<script> [6424 bytes]","args":[{"element-6066-11e4-a52e-4f735466cecf":"f.F18A487FCC2B115A863E771091ABB869.d.F8524046053C7F89C693B9A314037EDB.e.1835"},"getText",[]]}
COMMAND: POST /session/6942dd4aefa05acfe787f49b28130ab8/element - {"using":"css selector","value":"#shell-header-logo"}
RESULT: {"using":"css selector","value":"#shell-header-logo"}
COMMAND: POST /session/6942dd4aefa05acfe787f49b28130ab8/element/f.F18A487FCC2B115A863E771091ABB869.d.F8524046053C7F89C693B9A314037EDB.e.1186/click - {}
RESULT: {}
COMMAND: GET /session/6942dd4aefa05acfe787f49b28130ab8/screenshot - {}
RESULT: {}
COMMAND: POST /session/6942dd4aefa05acfe787f49b28130ab8/execute/async - {"script":"<script> [1562 bytes]","args":[{"selector":{"controlType":"sap.m.GenericTile","properties":{"header":"Manage Sites"}},"wdio_ui5_key":"sapm.GenericTile{\"header\":\"Manage Sites\"}"}]}
RESULT: {"script":"<script> [1562 bytes]","args":[{"selector":{"controlType":"sap.m.GenericTile","properties":{"header":"Manage Sites"}},"wdio_ui5_key":"sapm.GenericTile{\"header\":\"Manage Sites\"}"}]}
RESULT: undefined
COMMAND: POST /session/6942dd4aefa05acfe787f49b28130ab8/element - {"using":"xpath","value":"//*[@id=\"__tile40\"]"}
RESULT: {"using":"xpath","value":"//*[@id=\"__tile40\"]"}
COMMAND: POST /session/6942dd4aefa05acfe787f49b28130ab8/element/f.F18A487FCC2B115A863E771091ABB869.d.F8524046053C7F89C693B9A314037EDB.e.1837/click - {}
RESULT: {}
COMMAND: GET /session/6942dd4aefa05acfe787f49b28130ab8/screenshot - {}
RESULT: {}
COMMAND: POST /session/6942dd4aefa05acfe787f49b28130ab8/elements - {"using":"xpath","value":"//span[text()='Error']"}
RESULT: {"using":"xpath","value":"//span[text()='Error']"}
COMMAND: POST /session/6942dd4aefa05acfe787f49b28130ab8/execute/async - {"script":"<script> [1562 bytes]","args":[{"selector":{"controlType":"sap.ui.core.Icon","viewName":"etm.portal.ui.managesites.view.Master","viewId":"application-managesites-display-component---masterSite","properties":{"src":{"regex":{"source":"add"}}}},"wdio_ui5_key":"etmportal.ui.managesites.view.Mastersap.ui.core.Icon{\"src\":{\"regex\":{\"source\":\"add\"}}}"}]}
RESULT: {"script":"<script> [1562 bytes]","args":[{"selector":{"controlType":"sap.ui.core.Icon","viewName":"etm.portal.ui.managesites.view.Master","viewId":"application-managesites-display-component---masterSite","properties":{"src":{"regex":{"source":"add"}}}},"wdio_ui5_key":"etmportal.ui.managesites.view.Mastersap.ui.core.Icon{\"src\":{\"regex\":{\"source\":\"add\"}}}"}]}
RESULT: undefined
COMMAND: POST /session/6942dd4aefa05acfe787f49b28130ab8/element - {"using":"xpath","value":"//*[@id=\"__button52-img\"]"}
RESULT: {"using":"xpath","value":"//*[@id=\"__button52-img\"]"}
COMMAND: POST /session/6942dd4aefa05acfe787f49b28130ab8/element/f.F18A487FCC2B115A863E771091ABB869.d.F8524046053C7F89C693B9A314037EDB.e.1884/click - {}
RESULT: {}
COMMAND: POST /session/6942dd4aefa05acfe787f49b28130ab8/execute/async - {"script":"<script> [1562 bytes]","args":[{"selector":{"id":"application-managesites-display-component---NewSite--siteId","interaction":{"idSuffix":"inner"}},"wdio_ui5_key":"applicationmanagesites-display-component---NewSite--siteId"}]}
COMMAND: GET /session/6942dd4aefa05acfe787f49b28130ab8/screenshot - {}
RESULT: {"script":"<script> [1562 bytes]","args":[{"selector":{"id":"application-managesites-display-component---NewSite--siteId","interaction":{"idSuffix":"inner"}},"wdio_ui5_key":"applicationmanagesites-display-component---NewSite--siteId"}]}
RESULT: undefined
COMMAND: POST /session/6942dd4aefa05acfe787f49b28130ab8/execute/async - {"script":"<script> [1562 bytes]","args":[{"selector":{"id":"application-managesites-display-component---NewSite--addressDetailDetailsName1","interaction":{"idSuffix":"inner"}},"wdio_ui5_key":"applicationmanagesites-display-component---NewSite--addressDetailDetailsName1"}]}
RESULT: {}
RESULT: {"script":"<script> [1562 bytes]","args":[{"selector":{"id":"application-managesites-display-component---NewSite--addressDetailDetailsName1","interaction":{"idSuffix":"inner"}},"wdio_ui5_key":"applicationmanagesites-display-component---NewSite--addressDetailDetailsName1"}]}
RESULT: undefined
COMMAND: POST /session/6942dd4aefa05acfe787f49b28130ab8/execute/async - {"script":"<script> [776 bytes]","args":[{"enterText":"WebdriverSite55sjn","selector":{"id":"application-managesites-display-component---NewSite--addressDetailDetailsName1","interaction":{"idSuffix":"inner"}},"clearTextFirst":true,"interactionType":"ENTER_TEXT"}]}
RESULT: {"script":"<script> [776 bytes]","args":[{"enterText":"WebdriverSite55sjn","selector":{"id":"application-managesites-display-component---NewSite--addressDetailDetailsName1","interaction":{"idSuffix":"inner"}},"clearTextFirst":true,"interactionType":"ENTER_TEXT"}]}
COMMAND: POST /session/6942dd4aefa05acfe787f49b28130ab8/execute/async - {"script":"<script> [1562 bytes]","args":[{"selector":{"id":"application-managesites-display-component---NewSite--addressDetailDetailsLanguage","interaction":{"idSuffix":"inner"}},"wdio_ui5_key":"applicationmanagesites-display-component---NewSite--addressDetailDetailsLanguage"}]}
RESULT: {"script":"<script> [1562 bytes]","args":[{"selector":{"id":"application-managesites-display-component---NewSite--addressDetailDetailsLanguage","interaction":{"idSuffix":"inner"}},"wdio_ui5_key":"applicationmanagesites-display-component---NewSite--addressDetailDetailsLanguage"}]}
RESULT: undefined
COMMAND: POST /session/6942dd4aefa05acfe787f49b28130ab8/execute/async - {"script":"<script> [776 bytes]","args":[{"enterText":"Romanian","selector":{"id":"application-managesites-display-component---NewSite--addressDetailDetailsLanguage","interaction":{"idSuffix":"inner"}},"clearTextFirst":true,"interactionType":"ENTER_TEXT"}]}
RESULT: {"script":"<script> [776 bytes]","args":[{"enterText":"Romanian","selector":{"id":"application-managesites-display-component---NewSite--addressDetailDetailsLanguage","interaction":{"idSuffix":"inner"}},"clearTextFirst":true,"interactionType":"ENTER_TEXT"}]}
COMMAND: POST /session/6942dd4aefa05acfe787f49b28130ab8/execute/async - {"script":"<script> [1562 bytes]","args":[{"selector":{"id":"application-managesites-display-component---NewSite--addressDetailDetailsCity1","interaction":{"idSuffix":"inner"}},"wdio_ui5_key":"applicationmanagesites-display-component---NewSite--addressDetailDetailsCity1"}]}
RESULT: {"script":"<script> [1562 bytes]","args":[{"selector":{"id":"application-managesites-display-component---NewSite--addressDetailDetailsCity1","interaction":{"idSuffix":"inner"}},"wdio_ui5_key":"applicationmanagesites-display-component---NewSite--addressDetailDetailsCity1"}]}
RESULT: undefined
COMMAND: POST /session/6942dd4aefa05acfe787f49b28130ab8/execute/async - {"script":"<script> [776 bytes]","args":[{"enterText":"Bucharest","selector":{"id":"application-managesites-display-component---NewSite--addressDetailDetailsCity1","interaction":{"idSuffix":"inner"}},"clearTextFirst":true,"interactionType":"ENTER_TEXT"}]}
RESULT: {"script":"<script> [776 bytes]","args":[{"enterText":"Bucharest","selector":{"id":"application-managesites-display-component---NewSite--addressDetailDetailsCity1","interaction":{"idSuffix":"inner"}},"clearTextFirst":true,"interactionType":"ENTER_TEXT"}]}
COMMAND: POST /session/6942dd4aefa05acfe787f49b28130ab8/execute/async - {"script":"<script> [1562 bytes]","args":[{"selector":{"id":"application-managesites-display-component---NewSite--addressDetailDetailsCountry","interaction":{"idSuffix":"inner"}},"wdio_ui5_key":"applicationmanagesites-display-component---NewSite--addressDetailDetailsCountry"}]}
RESULT: {"script":"<script> [1562 bytes]","args":[{"selector":{"id":"application-managesites-display-component---NewSite--addressDetailDetailsCountry","interaction":{"idSuffix":"inner"}},"wdio_ui5_key":"applicationmanagesites-display-component---NewSite--addressDetailDetailsCountry"}]}
RESULT: undefined
COMMAND: POST /session/6942dd4aefa05acfe787f49b28130ab8/execute/async - {"script":"<script> [776 bytes]","args":[{"enterText":"Romania","selector":{"id":"application-managesites-display-component---NewSite--addressDetailDetailsCountry","interaction":{"idSuffix":"inner"}},"clearTextFirst":true,"interactionType":"ENTER_TEXT"}]}
RESULT: {"script":"<script> [776 bytes]","args":[{"enterText":"Romania","selector":{"id":"application-managesites-display-component---NewSite--addressDetailDetailsCountry","interaction":{"idSuffix":"inner"}},"clearTextFirst":true,"interactionType":"ENTER_TEXT"}]}
COMMAND: POST /session/6942dd4aefa05acfe787f49b28130ab8/element - {"using":"css selector","value":"#application-managesites-display-component---NewSite--addressDetailDetailsCalendar-inner"}
RESULT: {"using":"css selector","value":"#application-managesites-display-component---NewSite--addressDetailDetailsCalendar-inner"}
COMMAND: POST /session/6942dd4aefa05acfe787f49b28130ab8/element/f.F18A487FCC2B115A863E771091ABB869.d.F8524046053C7F89C693B9A314037EDB.e.2078/clear - {}
RESULT: {}
COMMAND: POST /session/6942dd4aefa05acfe787f49b28130ab8/element/f.F18A487FCC2B115A863E771091ABB869.d.F8524046053C7F89C693B9A314037EDB.e.2078/value - {"text":"Germany"}
COMMAND: GET /session/6942dd4aefa05acfe787f49b28130ab8/screenshot - {}
RESULT: {"text":"Germany"}
COMMAND: POST /session/6942dd4aefa05acfe787f49b28130ab8/execute/async - {"script":"<script> [1562 bytes]","args":[{"selector":{"id":"application-managesites-display-component---NewSite--addressEditDetailsCostObjectCstType-arrow"},"wdio_ui5_key":"applicationmanagesites-display-component---NewSite--addressEditDetailsCostObjectCstType-arrow"}]}
COMMAND: GET /session/6942dd4aefa05acfe787f49b28130ab8/screenshot - {}
RESULT: {}
RESULT: {"script":"<script> [1562 bytes]","args":[{"selector":{"id":"application-managesites-display-component---NewSite--addressEditDetailsCostObjectCstType-arrow"},"wdio_ui5_key":"applicationmanagesites-display-component---NewSite--addressEditDetailsCostObjectCstType-arrow"}]}
RESULT: undefined
COMMAND: POST /session/6942dd4aefa05acfe787f49b28130ab8/element - {"using":"xpath","value":"//*[@id=\"application-managesites-display-component---NewSite--addressEditDetailsCostObjectCstType-arrow\"]"}
RESULT: {}
RESULT: {"using":"xpath","value":"//*[@id=\"application-managesites-display-component---NewSite--addressEditDetailsCostObjectCstType-arrow\"]"}
COMMAND: POST /session/6942dd4aefa05acfe787f49b28130ab8/element/f.F18A487FCC2B115A863E771091ABB869.d.F8524046053C7F89C693B9A314037EDB.e.2278/click - {}
RESULT: {}
COMMAND: POST /session/6942dd4aefa05acfe787f49b28130ab8/element - {"using":"xpath","value":"//span[contains(text(), \"Work Breakdown Structure\")]"}
COMMAND: GET /session/6942dd4aefa05acfe787f49b28130ab8/screenshot - {}
RESULT: {"using":"xpath","value":"//span[contains(text(), \"Work Breakdown Structure\")]"}
COMMAND: POST /session/6942dd4aefa05acfe787f49b28130ab8/element/f.F18A487FCC2B115A863E771091ABB869.d.F8524046053C7F89C693B9A314037EDB.e.2280/click - {}
RESULT: {}
RESULT: {}
COMMAND: GET /session/6942dd4aefa05acfe787f49b28130ab8/screenshot - {}
RESULT: {}
COMMAND: POST /session/6942dd4aefa05acfe787f49b28130ab8/execute/async - {"script":"<script> [1562 bytes]","args":[{"selector":{"id":"application-managesites-display-component---NewSite--addressNewCostObjectCstID-vhi"},"wdio_ui5_key":"applicationmanagesites-display-component---NewSite--addressNewCostObjectCstID-vhi"}]}
RESULT: {"script":"<script> [1562 bytes]","args":[{"selector":{"id":"application-managesites-display-component---NewSite--addressNewCostObjectCstID-vhi"},"wdio_ui5_key":"applicationmanagesites-display-component---NewSite--addressNewCostObjectCstID-vhi"}]}
RESULT: undefined
COMMAND: POST /session/6942dd4aefa05acfe787f49b28130ab8/element - {"using":"xpath","value":"//*[@id=\"application-managesites-display-component---NewSite--addressNewCostObjectCstID-vhi\"]"}
RESULT: {"using":"xpath","value":"//*[@id=\"application-managesites-display-component---NewSite--addressNewCostObjectCstID-vhi\"]"}
COMMAND: POST /session/6942dd4aefa05acfe787f49b28130ab8/element/f.F18A487FCC2B115A863E771091ABB869.d.F8524046053C7F89C693B9A314037EDB.e.2284/click - {}
RESULT: {}
COMMAND: GET /session/6942dd4aefa05acfe787f49b28130ab8/screenshot - {}
RESULT: {}
COMMAND: POST /session/6942dd4aefa05acfe787f49b28130ab8/execute/async - {"script":"<script> [1562 bytes]","args":[{"selector":{"controlType":"sap.m.SearchField","properties":{"placeholder":"Search"},"searchOpenDialogs":true,"interaction":{"idSuffix":"I"}},"wdio_ui5_key":"sapm.SearchField{\"placeholder\":\"Search\"}"}]}
RESULT: {"script":"<script> [1562 bytes]","args":[{"selector":{"controlType":"sap.m.SearchField","properties":{"placeholder":"Search"},"searchOpenDialogs":true,"interaction":{"idSuffix":"I"}},"wdio_ui5_key":"sapm.SearchField{\"placeholder\":\"Search\"}"}]}
RESULT: undefined
COMMAND: POST /session/6942dd4aefa05acfe787f49b28130ab8/execute/async - {"script":"<script> [776 bytes]","args":[{"enterText":"A1-000100-01","selector":{"controlType":"sap.m.SearchField","properties":{"placeholder":"Search"},"searchOpenDialogs":true,"interaction":{"idSuffix":"I"}},"clearTextFirst":true,"interactionType":"ENTER_TEXT"}]}
RESULT: {"script":"<script> [776 bytes]","args":[{"enterText":"A1-000100-01","selector":{"controlType":"sap.m.SearchField","properties":{"placeholder":"Search"},"searchOpenDialogs":true,"interaction":{"idSuffix":"I"}},"clearTextFirst":true,"interactionType":"ENTER_TEXT"}]}
COMMAND: POST /session/6942dd4aefa05acfe787f49b28130ab8/actions - {"actions":[{"id":"action3","type":"key","parameters":{},"actions":[{"type":"keyDown","value":""},{"type":"pause","duration":10},{"type":"keyUp","value":""}]}]}
RESULT: {"actions":[{"id":"action3","type":"key","parameters":{},"actions":[{"type":"keyDown","value":""},{"type":"pause","duration":10},{"type":"keyUp","value":""}]}]}
COMMAND: GET /session/6942dd4aefa05acfe787f49b28130ab8/screenshot - {}
RESULT: {}
COMMAND: POST /session/6942dd4aefa05acfe787f49b28130ab8/element - {"using":"xpath","value":"//span[contains(text(), \"Template for ETO-Process\")]"}
RESULT: {"using":"xpath","value":"//span[contains(text(), \"Template for ETO-Process\")]"}
COMMAND: POST /session/6942dd4aefa05acfe787f49b28130ab8/element/f.F18A487FCC2B115A863E771091ABB869.d.F8524046053C7F89C693B9A314037EDB.e.2304/click - {}
RESULT: {}
COMMAND: GET /session/6942dd4aefa05acfe787f49b28130ab8/screenshot - {}
RESULT: {}
COMMAND: POST /session/6942dd4aefa05acfe787f49b28130ab8/element - {"using":"xpath","value":"//bdi[contains(text(), \"OK\")]"}
RESULT: {"using":"xpath","value":"//bdi[contains(text(), \"OK\")]"}
COMMAND: POST /session/6942dd4aefa05acfe787f49b28130ab8/element/f.F18A487FCC2B115A863E771091ABB869.d.F8524046053C7F89C693B9A314037EDB.e.2305/click - {}
RESULT: {}
COMMAND: GET /session/6942dd4aefa05acfe787f49b28130ab8/screenshot - {}
RESULT: {}
COMMAND: POST /session/6942dd4aefa05acfe787f49b28130ab8/element - {"using":"xpath","value":"//input[@id=\"application-managesites-display-component---NewSite--addressDetailDetailsYard-inner\"]"}
RESULT: {"using":"xpath","value":"//input[@id=\"application-managesites-display-component---NewSite--addressDetailDetailsYard-inner\"]"}
COMMAND: POST /session/6942dd4aefa05acfe787f49b28130ab8/element/f.F18A487FCC2B115A863E771091ABB869.d.F8524046053C7F89C693B9A314037EDB.e.2079/value - {"text":"WebdriverYardryiq2"}
RESULT: {"text":"WebdriverYardryiq2"}
COMMAND: GET /session/6942dd4aefa05acfe787f49b28130ab8/screenshot - {}
RESULT: {}
COMMAND: POST /session/6942dd4aefa05acfe787f49b28130ab8/actions - {"actions":[{"id":"action4","type":"key","parameters":{},"actions":[{"type":"keyDown","value":""},{"type":"pause","duration":10},{"type":"keyUp","value":""}]}]}
RESULT: {"actions":[{"id":"action4","type":"key","parameters":{},"actions":[{"type":"keyDown","value":""},{"type":"pause","duration":10},{"type":"keyUp","value":""}]}]}
COMMAND: GET /session/6942dd4aefa05acfe787f49b28130ab8/screenshot - {}
RESULT: {}
COMMAND: POST /session/6942dd4aefa05acfe787f49b28130ab8/element - {"using":"xpath","value":"//input[@id=\"application-managesites-display-component---NewSite--addressDetailDetailsPartner-inner\"]"}
RESULT: {"using":"xpath","value":"//input[@id=\"application-managesites-display-component---NewSite--addressDetailDetailsPartner-inner\"]"}
COMMAND: POST /session/6942dd4aefa05acfe787f49b28130ab8/elements - {"using":"xpath","value":"//input[@id=\"application-managesites-display-component---NewSite--addressDetailDetailsPartner-inner\"]"}
RESULT: {"using":"xpath","value":"//input[@id=\"application-managesites-display-component---NewSite--addressDetailDetailsPartner-inner\"]"}
COMMAND: POST /session/6942dd4aefa05acfe787f49b28130ab8/execute/async - {"script":"<script> [1562 bytes]","args":[{"selector":{"controlType":"sap.m.Button","viewName":"etm.portal.ui.managesites.view.NewSmartSite","viewId":"application-managesites-display-component---NewSite","properties":{"text":"Commercial"},"interaction":{"idSuffix":"BDI-content"}},"wdio_ui5_key":"etmportal.ui.managesites.view.NewSmartSitesap.m.Button{\"text\":\"Commercial\"}"}]}
RESULT: {"script":"<script> [1562 bytes]","args":[{"selector":{"controlType":"sap.m.Button","viewName":"etm.portal.ui.managesites.view.NewSmartSite","viewId":"application-managesites-display-component---NewSite","properties":{"text":"Commercial"},"interaction":{"idSuffix":"BDI-content"}},"wdio_ui5_key":"etmportal.ui.managesites.view.NewSmartSitesap.m.Button{\"text\":\"Commercial\"}"}]}
RESULT: undefined
COMMAND: POST /session/6942dd4aefa05acfe787f49b28130ab8/element - {"using":"xpath","value":"//*[@id=\"application-managesites-display-component---NewSite--ObjectPageLayout-anchBar-__section31-anchor\"]"}
RESULT: {"using":"xpath","value":"//*[@id=\"application-managesites-display-component---NewSite--ObjectPageLayout-anchBar-__section31-anchor\"]"}
COMMAND: POST /session/6942dd4aefa05acfe787f49b28130ab8/element/f.F18A487FCC2B115A863E771091ABB869.d.F8524046053C7F89C693B9A314037EDB.e.2312/click - {}
RESULT: {}
COMMAND: POST /session/6942dd4aefa05acfe787f49b28130ab8/execute/async - {"script":"<script> [1562 bytes]","args":[{"selector":{"controlType":"sap.m.Button","viewName":"etm.portal.ui.managesites.view.NewSmartSite","viewId":"application-managesites-display-component---NewSite","i18NText":{"propertyName":"text","key":"save"},"interaction":{"idSuffix":"BDI-content"}},"wdio_ui5_key":"etmportal.ui.managesites.view.NewSmartSitesap.m.Button{\"propertyName\":\"text\",\"key\":\"save\"}"}]}
COMMAND: GET /session/6942dd4aefa05acfe787f49b28130ab8/screenshot - {}
RESULT: {"script":"<script> [1562 bytes]","args":[{"selector":{"controlType":"sap.m.Button","viewName":"etm.portal.ui.managesites.view.NewSmartSite","viewId":"application-managesites-display-component---NewSite","i18NText":{"propertyName":"text","key":"save"},"interaction":{"idSuffix":"BDI-content"}},"wdio_ui5_key":"etmportal.ui.managesites.view.NewSmartSitesap.m.Button{\"propertyName\":\"text\",\"key\":\"save\"}"}]}
RESULT: undefined
COMMAND: POST /session/6942dd4aefa05acfe787f49b28130ab8/element - {"using":"xpath","value":"//*[@id=\"__button64\"]"}
RESULT: {}
RESULT: {"using":"xpath","value":"//*[@id=\"__button64\"]"}
COMMAND: POST /session/6942dd4aefa05acfe787f49b28130ab8/element/f.F18A487FCC2B115A863E771091ABB869.d.F8524046053C7F89C693B9A314037EDB.e.2255/click - {}
RESULT: {}
COMMAND: GET /session/6942dd4aefa05acfe787f49b28130ab8/screenshot - {}
RESULT: {}
COMMAND: POST /session/6942dd4aefa05acfe787f49b28130ab8/execute/async - {"script":"<script> [1562 bytes]","args":[{"selector":{"id":"application-managesites-display-component---detailSite--addressDetailDetailsYardText"},"wdio_ui5_key":"applicationmanagesites-display-component---detailSite--addressDetailDetailsYardText"}]}
RESULT: {"script":"<script> [1562 bytes]","args":[{"selector":{"id":"application-managesites-display-component---detailSite--addressDetailDetailsYardText"},"wdio_ui5_key":"applicationmanagesites-display-component---detailSite--addressDetailDetailsYardText"}]}
RESULT: undefined
COMMAND: POST /session/6942dd4aefa05acfe787f49b28130ab8/element - {"using":"xpath","value":"//header/div/div[2]/div[2]/span"}
RESULT: {"using":"xpath","value":"//header/div/div[2]/div[2]/span"}
COMMAND: GET /session/6942dd4aefa05acfe787f49b28130ab8/element/f.F18A487FCC2B115A863E771091ABB869.d.F8524046053C7F89C693B9A314037EDB.e.2518/text - {}
RESULT: {}
COMMAND: POST /session/6942dd4aefa05acfe787f49b28130ab8/element - {"using":"xpath","value":"//header/div/div/div/div/div/div[2]/div/span"}
RESULT: {"using":"xpath","value":"//header/div/div/div/div/div/div[2]/div/span"}
COMMAND: GET /session/6942dd4aefa05acfe787f49b28130ab8/element/f.F18A487FCC2B115A863E771091ABB869.d.F8524046053C7F89C693B9A314037EDB.e.2519/text - {}
RESULT: {}
COMMAND: POST /session/6942dd4aefa05acfe787f49b28130ab8/element - {"using":"css selector","value":"#shell-header-logo"}
RESULT: {"using":"css selector","value":"#shell-header-logo"}
COMMAND: POST /session/6942dd4aefa05acfe787f49b28130ab8/element/f.F18A487FCC2B115A863E771091ABB869.d.F8524046053C7F89C693B9A314037EDB.e.1840/click - {}
RESULT: {}
COMMAND: GET /session/6942dd4aefa05acfe787f49b28130ab8/screenshot - {}
RESULT: {}
]]></system-out>
    </testcase>
    <testcase classname="chrome.136_0_7103_93.windows.Standard_contract_-_add_contract_items_by_Insert_Request_US118222" name="Should create 2 new resources and a catalog item" time="415.818">
      <system-out><![CDATA[
COMMAND: POST /session/6942dd4aefa05acfe787f49b28130ab8/execute/async - {"script":"<script> [1562 bytes]","args":[{"selector":{"controlType":"sap.m.GenericTile","properties":{"header":"Manage Resources"}},"wdio_ui5_key":"sapm.GenericTile{\"header\":\"Manage Resources\"}"}]}
RESULT: {"script":"<script> [1562 bytes]","args":[{"selector":{"controlType":"sap.m.GenericTile","properties":{"header":"Manage Resources"}},"wdio_ui5_key":"sapm.GenericTile{\"header\":\"Manage Resources\"}"}]}
RESULT: undefined
COMMAND: POST /session/6942dd4aefa05acfe787f49b28130ab8/element - {"using":"xpath","value":"//*[@id=\"__tile39\"]"}
RESULT: {"using":"xpath","value":"//*[@id=\"__tile39\"]"}
COMMAND: POST /session/6942dd4aefa05acfe787f49b28130ab8/element/f.F18A487FCC2B115A863E771091ABB869.d.F8524046053C7F89C693B9A314037EDB.e.2521/click - {}
RESULT: {}
COMMAND: GET /session/6942dd4aefa05acfe787f49b28130ab8/screenshot - {}
RESULT: {}
COMMAND: POST /session/6942dd4aefa05acfe787f49b28130ab8/elements - {"using":"xpath","value":"//span[text()='Error']"}
RESULT: {"using":"xpath","value":"//span[text()='Error']"}
COMMAND: POST /session/6942dd4aefa05acfe787f49b28130ab8/element - {"using":"xpath","value":"//button[@data-kt=\"addNewRUOverflowToolbarButton\"]"}
RESULT: {"using":"xpath","value":"//button[@data-kt=\"addNewRUOverflowToolbarButton\"]"}
COMMAND: POST /session/6942dd4aefa05acfe787f49b28130ab8/execute/sync - {"script":"<script> [8489 bytes]","args":[{"element-6066-11e4-a52e-4f735466cecf":"f.F18A487FCC2B115A863E771091ABB869.d.F8524046053C7F89C693B9A314037EDB.e.2562","ELEMENT":"f.F18A487FCC2B115A863E771091ABB869.d.F8524046053C7F89C693B9A314037EDB.e.2562"}]}
RESULT: {"script":"<script> [8489 bytes]","args":[{"element-6066-11e4-a52e-4f735466cecf":"f.F18A487FCC2B115A863E771091ABB869.d.F8524046053C7F89C693B9A314037EDB.e.2562","ELEMENT":"f.F18A487FCC2B115A863E771091ABB869.d.F8524046053C7F89C693B9A314037EDB.e.2562"}]}
COMMAND: POST /session/6942dd4aefa05acfe787f49b28130ab8/element/f.F18A487FCC2B115A863E771091ABB869.d.F8524046053C7F89C693B9A314037EDB.e.2562/click - {}
COMMAND: GET /session/6942dd4aefa05acfe787f49b28130ab8/screenshot - {}
RESULT: {}
COMMAND: POST /session/6942dd4aefa05acfe787f49b28130ab8/execute/async - {"script":"<script> [1562 bytes]","args":[{"selector":{"id":"application-manageresources-display-component---newResourceUnit--TYPE-arrow"},"wdio_ui5_key":"applicationmanageresources-display-component---newResourceUnit--TYPE-arrow"}]}
COMMAND: GET /session/6942dd4aefa05acfe787f49b28130ab8/screenshot - {}
RESULT: {}
RESULT: {"script":"<script> [1562 bytes]","args":[{"selector":{"id":"application-manageresources-display-component---newResourceUnit--TYPE-arrow"},"wdio_ui5_key":"applicationmanageresources-display-component---newResourceUnit--TYPE-arrow"}]}
RESULT: undefined
COMMAND: POST /session/6942dd4aefa05acfe787f49b28130ab8/element - {"using":"xpath","value":"//*[@id=\"application-manageresources-display-component---newResourceUnit--TYPE-arrow\"]"}
RESULT: {}
RESULT: {"using":"xpath","value":"//*[@id=\"application-manageresources-display-component---newResourceUnit--TYPE-arrow\"]"}
COMMAND: POST /session/6942dd4aefa05acfe787f49b28130ab8/element/f.F18A487FCC2B115A863E771091ABB869.d.F8524046053C7F89C693B9A314037EDB.e.2927/click - {}
RESULT: {}
COMMAND: POST /session/6942dd4aefa05acfe787f49b28130ab8/execute/async - {"script":"<script> [1562 bytes]","args":[{"selector":{"controlType":"sap.m.StandardListItem","viewName":"reusables.view.manageresources.NewResourceUnit","viewId":"application-manageresources-display-component---newResourceUnit","properties":{"title":"Material"},"searchOpenDialogs":true,"interaction":{"idSuffix":"titleText"}},"wdio_ui5_key":"reusablesview.manageresources.NewResourceUnitsap.m.StandardListItem{\"title\":\"Material\"}"}]}
COMMAND: GET /session/6942dd4aefa05acfe787f49b28130ab8/screenshot - {}
RESULT: {"script":"<script> [1562 bytes]","args":[{"selector":{"controlType":"sap.m.StandardListItem","viewName":"reusables.view.manageresources.NewResourceUnit","viewId":"application-manageresources-display-component---newResourceUnit","properties":{"title":"Material"},"searchOpenDialogs":true,"interaction":{"idSuffix":"titleText"}},"wdio_ui5_key":"reusablesview.manageresources.NewResourceUnitsap.m.StandardListItem{\"title\":\"Material\"}"}]}
RESULT: undefined
COMMAND: POST /session/6942dd4aefa05acfe787f49b28130ab8/element - {"using":"xpath","value":"//*[@id=\"__item998\"]"}
RESULT: {}
RESULT: {"using":"xpath","value":"//*[@id=\"__item998\"]"}
COMMAND: POST /session/6942dd4aefa05acfe787f49b28130ab8/element/f.F18A487FCC2B115A863E771091ABB869.d.F8524046053C7F89C693B9A314037EDB.e.2930/click - {}
RESULT: {}
COMMAND: POST /session/6942dd4aefa05acfe787f49b28130ab8/execute/async - {"script":"<script> [1562 bytes]","args":[{"selector":{"id":"application-manageresources-display-component---newResourceUnit--SHORT_TEXT","interaction":{"idSuffix":"inner"}},"wdio_ui5_key":"applicationmanageresources-display-component---newResourceUnit--SHORT_TEXT"}]}
COMMAND: GET /session/6942dd4aefa05acfe787f49b28130ab8/screenshot - {}
RESULT: {"script":"<script> [1562 bytes]","args":[{"selector":{"id":"application-manageresources-display-component---newResourceUnit--SHORT_TEXT","interaction":{"idSuffix":"inner"}},"wdio_ui5_key":"applicationmanageresources-display-component---newResourceUnit--SHORT_TEXT"}]}
RESULT: undefined
COMMAND: POST /session/6942dd4aefa05acfe787f49b28130ab8/execute/async - {"script":"<script> [776 bytes]","args":[{"enterText":"WebdriverMatTestrdb09","selector":{"id":"application-manageresources-display-component---newResourceUnit--SHORT_TEXT","interaction":{"idSuffix":"inner"}},"clearTextFirst":true,"interactionType":"ENTER_TEXT"}]}
RESULT: {}
RESULT: {"script":"<script> [776 bytes]","args":[{"enterText":"WebdriverMatTestrdb09","selector":{"id":"application-manageresources-display-component---newResourceUnit--SHORT_TEXT","interaction":{"idSuffix":"inner"}},"clearTextFirst":true,"interactionType":"ENTER_TEXT"}]}
COMMAND: POST /session/6942dd4aefa05acfe787f49b28130ab8/execute/async - {"script":"<script> [1562 bytes]","args":[{"selector":{"id":"application-manageresources-display-component---newResourceUnit--BASE_UNIT_OF_MEASURE-arrow"},"wdio_ui5_key":"applicationmanageresources-display-component---newResourceUnit--BASE_UNIT_OF_MEASURE-arrow"}]}
RESULT: {"script":"<script> [1562 bytes]","args":[{"selector":{"id":"application-manageresources-display-component---newResourceUnit--BASE_UNIT_OF_MEASURE-arrow"},"wdio_ui5_key":"applicationmanageresources-display-component---newResourceUnit--BASE_UNIT_OF_MEASURE-arrow"}]}
RESULT: undefined
COMMAND: POST /session/6942dd4aefa05acfe787f49b28130ab8/element - {"using":"xpath","value":"//*[@id=\"application-manageresources-display-component---newResourceUnit--BASE_UNIT_OF_MEASURE-arrow\"]"}
RESULT: {"using":"xpath","value":"//*[@id=\"application-manageresources-display-component---newResourceUnit--BASE_UNIT_OF_MEASURE-arrow\"]"}
COMMAND: POST /session/6942dd4aefa05acfe787f49b28130ab8/element/f.F18A487FCC2B115A863E771091ABB869.d.F8524046053C7F89C693B9A314037EDB.e.3050/click - {}
RESULT: {}
COMMAND: POST /session/6942dd4aefa05acfe787f49b28130ab8/execute/async - {"script":"<script> [1562 bytes]","args":[{"selector":{"controlType":"sap.m.StandardListItem","viewName":"reusables.view.manageresources.NewResourceUnit","viewId":"application-manageresources-display-component---newResourceUnit","properties":{"title":"Piece"},"searchOpenDialogs":true,"interaction":{"idSuffix":"titleText"}},"wdio_ui5_key":"reusablesview.manageresources.NewResourceUnitsap.m.StandardListItem{\"title\":\"Piece\"}"}]}
COMMAND: GET /session/6942dd4aefa05acfe787f49b28130ab8/screenshot - {}
RESULT: {"script":"<script> [1562 bytes]","args":[{"selector":{"controlType":"sap.m.StandardListItem","viewName":"reusables.view.manageresources.NewResourceUnit","viewId":"application-manageresources-display-component---newResourceUnit","properties":{"title":"Piece"},"searchOpenDialogs":true,"interaction":{"idSuffix":"titleText"}},"wdio_ui5_key":"reusablesview.manageresources.NewResourceUnitsap.m.StandardListItem{\"title\":\"Piece\"}"}]}
RESULT: undefined
COMMAND: POST /session/6942dd4aefa05acfe787f49b28130ab8/element - {"using":"xpath","value":"//*[@id=\"__item1051\"]"}
RESULT: {}
RESULT: {"using":"xpath","value":"//*[@id=\"__item1051\"]"}
COMMAND: POST /session/6942dd4aefa05acfe787f49b28130ab8/element/f.F18A487FCC2B115A863E771091ABB869.d.F8524046053C7F89C693B9A314037EDB.e.3052/click - {}
RESULT: {}
COMMAND: POST /session/6942dd4aefa05acfe787f49b28130ab8/element - {"using":"xpath","value":"//input[contains(@id ,\"application-manageresources-display-component---newResourceUnit--SHORT_TEXT-inner\")]"}
COMMAND: GET /session/6942dd4aefa05acfe787f49b28130ab8/screenshot - {}
RESULT: {"using":"xpath","value":"//input[contains(@id ,\"application-manageresources-display-component---newResourceUnit--SHORT_TEXT-inner\")]"}
COMMAND: GET /session/6942dd4aefa05acfe787f49b28130ab8/element/f.F18A487FCC2B115A863E771091ABB869.d.F8524046053C7F89C693B9A314037EDB.e.2947/property/value - {}
RESULT: {}
RESULT: {}
COMMAND: POST /session/6942dd4aefa05acfe787f49b28130ab8/execute/async - {"script":"<script> [1562 bytes]","args":[{"selector":{"id":"application-manageresources-display-component---newResourceUnit--WEIGHT_UNIT-arrow"},"wdio_ui5_key":"applicationmanageresources-display-component---newResourceUnit--WEIGHT_UNIT-arrow"}]}
COMMAND: GET /session/6942dd4aefa05acfe787f49b28130ab8/screenshot - {}
RESULT: {"script":"<script> [1562 bytes]","args":[{"selector":{"id":"application-manageresources-display-component---newResourceUnit--WEIGHT_UNIT-arrow"},"wdio_ui5_key":"applicationmanageresources-display-component---newResourceUnit--WEIGHT_UNIT-arrow"}]}
RESULT: undefined
COMMAND: POST /session/6942dd4aefa05acfe787f49b28130ab8/element - {"using":"xpath","value":"//*[@id=\"application-manageresources-display-component---newResourceUnit--WEIGHT_UNIT-arrow\"]"}
RESULT: {}
RESULT: {"using":"xpath","value":"//*[@id=\"application-manageresources-display-component---newResourceUnit--WEIGHT_UNIT-arrow\"]"}
COMMAND: POST /session/6942dd4aefa05acfe787f49b28130ab8/element/f.F18A487FCC2B115A863E771091ABB869.d.F8524046053C7F89C693B9A314037EDB.e.3053/click - {}
RESULT: {}
COMMAND: POST /session/6942dd4aefa05acfe787f49b28130ab8/execute/async - {"script":"<script> [1562 bytes]","args":[{"selector":{"controlType":"sap.m.StandardListItem","viewName":"reusables.view.manageresources.NewResourceUnit","viewId":"application-manageresources-display-component---newResourceUnit","properties":{"title":"Gram"},"searchOpenDialogs":true,"interaction":{"idSuffix":"content"}},"wdio_ui5_key":"reusablesview.manageresources.NewResourceUnitsap.m.StandardListItem{\"title\":\"Gram\"}"}]}
COMMAND: GET /session/6942dd4aefa05acfe787f49b28130ab8/screenshot - {}
RESULT: {"script":"<script> [1562 bytes]","args":[{"selector":{"controlType":"sap.m.StandardListItem","viewName":"reusables.view.manageresources.NewResourceUnit","viewId":"application-manageresources-display-component---newResourceUnit","properties":{"title":"Gram"},"searchOpenDialogs":true,"interaction":{"idSuffix":"content"}},"wdio_ui5_key":"reusablesview.manageresources.NewResourceUnitsap.m.StandardListItem{\"title\":\"Gram\"}"}]}
RESULT: undefined
COMMAND: POST /session/6942dd4aefa05acfe787f49b28130ab8/element - {"using":"xpath","value":"//*[@id=\"__item1116\"]"}
RESULT: {}
RESULT: {"using":"xpath","value":"//*[@id=\"__item1116\"]"}
COMMAND: POST /session/6942dd4aefa05acfe787f49b28130ab8/element/f.F18A487FCC2B115A863E771091ABB869.d.F8524046053C7F89C693B9A314037EDB.e.3055/click - {}
RESULT: {}
COMMAND: POST /session/6942dd4aefa05acfe787f49b28130ab8/execute/async - {"script":"<script> [1562 bytes]","args":[{"selector":{"id":"application-manageresources-display-component---newResourceUnit--newRRUPage-OPHeaderContent-collapseBtn-img"},"wdio_ui5_key":"applicationmanageresources-display-component---newResourceUnit--newRRUPage-OPHeaderContent-collapseBtn-img"}]}
COMMAND: GET /session/6942dd4aefa05acfe787f49b28130ab8/screenshot - {}
RESULT: {"script":"<script> [1562 bytes]","args":[{"selector":{"id":"application-manageresources-display-component---newResourceUnit--newRRUPage-OPHeaderContent-collapseBtn-img"},"wdio_ui5_key":"applicationmanageresources-display-component---newResourceUnit--newRRUPage-OPHeaderContent-collapseBtn-img"}]}
RESULT: undefined
COMMAND: POST /session/6942dd4aefa05acfe787f49b28130ab8/element - {"using":"xpath","value":"//*[@id=\"application-manageresources-display-component---newResourceUnit--newRRUPage-OPHeaderContent-collapseBtn-img\"]"}
RESULT: {}
RESULT: {"using":"xpath","value":"//*[@id=\"application-manageresources-display-component---newResourceUnit--newRRUPage-OPHeaderContent-collapseBtn-img\"]"}
COMMAND: POST /session/6942dd4aefa05acfe787f49b28130ab8/element/f.F18A487FCC2B115A863E771091ABB869.d.F8524046053C7F89C693B9A314037EDB.e.2937/click - {}
RESULT: {}
COMMAND: GET /session/6942dd4aefa05acfe787f49b28130ab8/screenshot - {}
RESULT: {}
COMMAND: POST /session/6942dd4aefa05acfe787f49b28130ab8/element - {"using":"xpath","value":"(//span[contains(@id ,\"application-manageresources-display-component---newResourceUnit--DIMENSION_UNIT-arrow\")])[1]"}
RESULT: {"using":"xpath","value":"(//span[contains(@id ,\"application-manageresources-display-component---newResourceUnit--DIMENSION_UNIT-arrow\")])[1]"}
COMMAND: POST /session/6942dd4aefa05acfe787f49b28130ab8/element/f.F18A487FCC2B115A863E771091ABB869.d.F8524046053C7F89C693B9A314037EDB.e.3061/click - {}
RESULT: {}
COMMAND: GET /session/6942dd4aefa05acfe787f49b28130ab8/screenshot - {}
RESULT: {}
COMMAND: POST /session/6942dd4aefa05acfe787f49b28130ab8/execute/async - {"script":"<script> [1562 bytes]","args":[{"selector":{"controlType":"sap.m.StandardListItem","viewName":"reusables.view.manageresources.NewResourceUnit","viewId":"application-manageresources-display-component---newResourceUnit","properties":{"title":"Centimeter"},"searchOpenDialogs":true,"interaction":{"idSuffix":"titleText"}},"wdio_ui5_key":"reusablesview.manageresources.NewResourceUnitsap.m.StandardListItem{\"title\":\"Centimeter\"}"}]}
RESULT: {"script":"<script> [1562 bytes]","args":[{"selector":{"controlType":"sap.m.StandardListItem","viewName":"reusables.view.manageresources.NewResourceUnit","viewId":"application-manageresources-display-component---newResourceUnit","properties":{"title":"Centimeter"},"searchOpenDialogs":true,"interaction":{"idSuffix":"titleText"}},"wdio_ui5_key":"reusablesview.manageresources.NewResourceUnitsap.m.StandardListItem{\"title\":\"Centimeter\"}"}]}
RESULT: undefined
COMMAND: POST /session/6942dd4aefa05acfe787f49b28130ab8/element - {"using":"xpath","value":"//*[@id=\"__item1119\"]"}
RESULT: {"using":"xpath","value":"//*[@id=\"__item1119\"]"}
COMMAND: POST /session/6942dd4aefa05acfe787f49b28130ab8/element/f.F18A487FCC2B115A863E771091ABB869.d.F8524046053C7F89C693B9A314037EDB.e.3063/click - {}
RESULT: {}
COMMAND: POST /session/6942dd4aefa05acfe787f49b28130ab8/execute/async - {"script":"<script> [1562 bytes]","args":[{"selector":{"id":"application-manageresources-display-component---newResourceUnit--newRRUPage-anchBar-application-manageresources-display-component---newResourceUnit--reference-anchor","interaction":{"idSuffix":"BDI-content"}},"wdio_ui5_key":"applicationmanageresources-display-component---newResourceUnit--newRRUPage-anchBar-application-manageresources-display-component---newResourceUnit--reference-anchor"}]}
COMMAND: GET /session/6942dd4aefa05acfe787f49b28130ab8/screenshot - {}
RESULT: {"script":"<script> [1562 bytes]","args":[{"selector":{"id":"application-manageresources-display-component---newResourceUnit--newRRUPage-anchBar-application-manageresources-display-component---newResourceUnit--reference-anchor","interaction":{"idSuffix":"BDI-content"}},"wdio_ui5_key":"applicationmanageresources-display-component---newResourceUnit--newRRUPage-anchBar-application-manageresources-display-component---newResourceUnit--reference-anchor"}]}
RESULT: undefined
COMMAND: POST /session/6942dd4aefa05acfe787f49b28130ab8/element - {"using":"xpath","value":"//*[@id=\"application-manageresources-display-component---newResourceUnit--newRRUPage-anchBar-application-manageresources-display-component---newResourceUnit--reference-anchor\"]"}
RESULT: {}
RESULT: {"using":"xpath","value":"//*[@id=\"application-manageresources-display-component---newResourceUnit--newRRUPage-anchBar-application-manageresources-display-component---newResourceUnit--reference-anchor\"]"}
COMMAND: POST /session/6942dd4aefa05acfe787f49b28130ab8/element/f.F18A487FCC2B115A863E771091ABB869.d.F8524046053C7F89C693B9A314037EDB.e.3065/click - {}
RESULT: {}
COMMAND: POST /session/6942dd4aefa05acfe787f49b28130ab8/execute/async - {"script":"<script> [1562 bytes]","args":[{"selector":{"id":"application-manageresources-display-component---newResourceUnit--PLANNING_GROUP-arrow"},"wdio_ui5_key":"applicationmanageresources-display-component---newResourceUnit--PLANNING_GROUP-arrow"}]}
COMMAND: GET /session/6942dd4aefa05acfe787f49b28130ab8/screenshot - {}
RESULT: {"script":"<script> [1562 bytes]","args":[{"selector":{"id":"application-manageresources-display-component---newResourceUnit--PLANNING_GROUP-arrow"},"wdio_ui5_key":"applicationmanageresources-display-component---newResourceUnit--PLANNING_GROUP-arrow"}]}
RESULT: undefined
COMMAND: POST /session/6942dd4aefa05acfe787f49b28130ab8/element - {"using":"xpath","value":"//*[@id=\"application-manageresources-display-component---newResourceUnit--PLANNING_GROUP-arrow\"]"}
RESULT: {}
RESULT: {"using":"xpath","value":"//*[@id=\"application-manageresources-display-component---newResourceUnit--PLANNING_GROUP-arrow\"]"}
COMMAND: POST /session/6942dd4aefa05acfe787f49b28130ab8/element/f.F18A487FCC2B115A863E771091ABB869.d.F8524046053C7F89C693B9A314037EDB.e.3071/click - {}
RESULT: {}
COMMAND: POST /session/6942dd4aefa05acfe787f49b28130ab8/execute/async - {"script":"<script> [1562 bytes]","args":[{"selector":{"controlType":"sap.m.StandardListItem","viewName":"reusables.view.manageresources.NewResourceUnit","viewId":"application-manageresources-display-component---newResourceUnit","properties":{"title":"Heavy Equi"},"searchOpenDialogs":true,"interaction":{"idSuffix":"content"}},"wdio_ui5_key":"reusablesview.manageresources.NewResourceUnitsap.m.StandardListItem{\"title\":\"Heavy Equi\"}"}]}
COMMAND: GET /session/6942dd4aefa05acfe787f49b28130ab8/screenshot - {}
RESULT: {"script":"<script> [1562 bytes]","args":[{"selector":{"controlType":"sap.m.StandardListItem","viewName":"reusables.view.manageresources.NewResourceUnit","viewId":"application-manageresources-display-component---newResourceUnit","properties":{"title":"Heavy Equi"},"searchOpenDialogs":true,"interaction":{"idSuffix":"content"}},"wdio_ui5_key":"reusablesview.manageresources.NewResourceUnitsap.m.StandardListItem{\"title\":\"Heavy Equi\"}"}]}
RESULT: undefined
COMMAND: POST /session/6942dd4aefa05acfe787f49b28130ab8/element - {"using":"xpath","value":"//*[@id=\"__item1127\"]"}
RESULT: {}
RESULT: {"using":"xpath","value":"//*[@id=\"__item1127\"]"}
COMMAND: POST /session/6942dd4aefa05acfe787f49b28130ab8/element/f.F18A487FCC2B115A863E771091ABB869.d.F8524046053C7F89C693B9A314037EDB.e.3073/click - {}
RESULT: {}
COMMAND: GET /session/6942dd4aefa05acfe787f49b28130ab8/screenshot - {}
RESULT: {}
COMMAND: POST /session/6942dd4aefa05acfe787f49b28130ab8/execute/async - {"script":"<script> [1562 bytes]","args":[{"selector":{"id":"application-manageresources-display-component---newResourceUnit--PLANNING_INDICATOR-arrow"},"wdio_ui5_key":"applicationmanageresources-display-component---newResourceUnit--PLANNING_INDICATOR-arrow"}]}
RESULT: {"script":"<script> [1562 bytes]","args":[{"selector":{"id":"application-manageresources-display-component---newResourceUnit--PLANNING_INDICATOR-arrow"},"wdio_ui5_key":"applicationmanageresources-display-component---newResourceUnit--PLANNING_INDICATOR-arrow"}]}
RESULT: undefined
COMMAND: POST /session/6942dd4aefa05acfe787f49b28130ab8/element - {"using":"xpath","value":"//*[@id=\"application-manageresources-display-component---newResourceUnit--PLANNING_INDICATOR-arrow\"]"}
RESULT: {"using":"xpath","value":"//*[@id=\"application-manageresources-display-component---newResourceUnit--PLANNING_INDICATOR-arrow\"]"}
COMMAND: POST /session/6942dd4aefa05acfe787f49b28130ab8/element/f.F18A487FCC2B115A863E771091ABB869.d.F8524046053C7F89C693B9A314037EDB.e.3074/click - {}
RESULT: {}
COMMAND: POST /session/6942dd4aefa05acfe787f49b28130ab8/execute/async - {"script":"<script> [1562 bytes]","args":[{"selector":{"controlType":"sap.m.StandardListItem","viewName":"reusables.view.manageresources.NewResourceUnit","viewId":"application-manageresources-display-component---newResourceUnit","properties":{"title":"10 - infinite"},"searchOpenDialogs":true,"interaction":{"idSuffix":"content"}},"wdio_ui5_key":"reusablesview.manageresources.NewResourceUnitsap.m.StandardListItem{\"title\":\"10 - infinite\"}"}]}
COMMAND: GET /session/6942dd4aefa05acfe787f49b28130ab8/screenshot - {}
RESULT: {"script":"<script> [1562 bytes]","args":[{"selector":{"controlType":"sap.m.StandardListItem","viewName":"reusables.view.manageresources.NewResourceUnit","viewId":"application-manageresources-display-component---newResourceUnit","properties":{"title":"10 - infinite"},"searchOpenDialogs":true,"interaction":{"idSuffix":"content"}},"wdio_ui5_key":"reusablesview.manageresources.NewResourceUnitsap.m.StandardListItem{\"title\":\"10 - infinite\"}"}]}
RESULT: undefined
COMMAND: POST /session/6942dd4aefa05acfe787f49b28130ab8/element - {"using":"xpath","value":"//*[@id=\"__item1137\"]"}
RESULT: {}
RESULT: {"using":"xpath","value":"//*[@id=\"__item1137\"]"}
COMMAND: POST /session/6942dd4aefa05acfe787f49b28130ab8/element/f.F18A487FCC2B115A863E771091ABB869.d.F8524046053C7F89C693B9A314037EDB.e.3076/click - {}
RESULT: {}
COMMAND: GET /session/6942dd4aefa05acfe787f49b28130ab8/screenshot - {}
RESULT: {}
COMMAND: POST /session/6942dd4aefa05acfe787f49b28130ab8/element - {"using":"xpath","value":"//bdi[contains(text(), \"Time Segment\")]"}
RESULT: {"using":"xpath","value":"//bdi[contains(text(), \"Time Segment\")]"}
COMMAND: GET /session/6942dd4aefa05acfe787f49b28130ab8/element/f.F18A487FCC2B115A863E771091ABB869.d.F8524046053C7F89C693B9A314037EDB.e.3077/rect - {}
RESULT: {}
COMMAND: GET /session/6942dd4aefa05acfe787f49b28130ab8/window/rect - {}
RESULT: {}
COMMAND: POST /session/6942dd4aefa05acfe787f49b28130ab8/execute/sync - {"script":"<script> [92 bytes]","args":[]}
RESULT: {"script":"<script> [92 bytes]","args":[]}
COMMAND: POST /session/6942dd4aefa05acfe787f49b28130ab8/actions - {"actions":[{"id":"action5","type":"wheel","parameters":{},"actions":[{"type":"scroll","x":-1820,"y":-21,"deltaX":0,"deltaY":0,"duration":0,"origin":{"element-6066-11e4-a52e-4f735466cecf":"f.F18A487FCC2B115A863E771091ABB869.d.F8524046053C7F89C693B9A314037EDB.e.3077"}}]}]}
COMMAND: GET /session/6942dd4aefa05acfe787f49b28130ab8/screenshot - {}
RESULT: {}
COMMAND: POST /session/6942dd4aefa05acfe787f49b28130ab8/execute/sync - {"script":"<script> [79 bytes]","args":[{"element-6066-11e4-a52e-4f735466cecf":"f.F18A487FCC2B115A863E771091ABB869.d.F8524046053C7F89C693B9A314037EDB.e.3077","ELEMENT":"f.F18A487FCC2B115A863E771091ABB869.d.F8524046053C7F89C693B9A314037EDB.e.3077"},{"block":"start","inline":"nearest"}]}
RESULT: {"script":"<script> [79 bytes]","args":[{"element-6066-11e4-a52e-4f735466cecf":"f.F18A487FCC2B115A863E771091ABB869.d.F8524046053C7F89C693B9A314037EDB.e.3077","ELEMENT":"f.F18A487FCC2B115A863E771091ABB869.d.F8524046053C7F89C693B9A314037EDB.e.3077"},{"block":"start","inline":"nearest"}]}
COMMAND: GET /session/6942dd4aefa05acfe787f49b28130ab8/screenshot - {}
RESULT: {}
COMMAND: POST /session/6942dd4aefa05acfe787f49b28130ab8/element - {"using":"xpath","value":"//span[@id=\"application-manageresources-display-component---newResourceUnit--btnAddTimeSegment-img\"]"}
RESULT: {"using":"xpath","value":"//span[@id=\"application-manageresources-display-component---newResourceUnit--btnAddTimeSegment-img\"]"}
COMMAND: POST /session/6942dd4aefa05acfe787f49b28130ab8/execute/sync - {"script":"<script> [8489 bytes]","args":[{"element-6066-11e4-a52e-4f735466cecf":"f.F18A487FCC2B115A863E771091ABB869.d.F8524046053C7F89C693B9A314037EDB.e.3080","ELEMENT":"f.F18A487FCC2B115A863E771091ABB869.d.F8524046053C7F89C693B9A314037EDB.e.3080"}]}
RESULT: {"script":"<script> [8489 bytes]","args":[{"element-6066-11e4-a52e-4f735466cecf":"f.F18A487FCC2B115A863E771091ABB869.d.F8524046053C7F89C693B9A314037EDB.e.3080","ELEMENT":"f.F18A487FCC2B115A863E771091ABB869.d.F8524046053C7F89C693B9A314037EDB.e.3080"}]}
COMMAND: POST /session/6942dd4aefa05acfe787f49b28130ab8/element/f.F18A487FCC2B115A863E771091ABB869.d.F8524046053C7F89C693B9A314037EDB.e.3080/click - {}
COMMAND: GET /session/6942dd4aefa05acfe787f49b28130ab8/screenshot - {}
RESULT: {}
COMMAND: GET /session/6942dd4aefa05acfe787f49b28130ab8/screenshot - {}
COMMAND: POST /session/6942dd4aefa05acfe787f49b28130ab8/element - {"using":"xpath","value":"//input[@id=\"application-manageresources-display-component---newResourceUnit--idRuTSAdmin-application-manageresources-display-component---newResourceUnit--RUTimeSegment-0-inner\"]"}
RESULT: {}
RESULT: {}
RESULT: {"using":"xpath","value":"//input[@id=\"application-manageresources-display-component---newResourceUnit--idRuTSAdmin-application-manageresources-display-component---newResourceUnit--RUTimeSegment-0-inner\"]"}
COMMAND: POST /session/6942dd4aefa05acfe787f49b28130ab8/element/f.F18A487FCC2B115A863E771091ABB869.d.F8524046053C7F89C693B9A314037EDB.e.3083/clear - {}
RESULT: {}
COMMAND: POST /session/6942dd4aefa05acfe787f49b28130ab8/element/f.F18A487FCC2B115A863E771091ABB869.d.F8524046053C7F89C693B9A314037EDB.e.3083/value - {"text":"WebdriverYardryiq2"}
COMMAND: GET /session/6942dd4aefa05acfe787f49b28130ab8/screenshot - {}
RESULT: {"text":"WebdriverYardryiq2"}
COMMAND: GET /session/6942dd4aefa05acfe787f49b28130ab8/screenshot - {}
RESULT: {}
RESULT: {}
COMMAND: POST /session/6942dd4aefa05acfe787f49b28130ab8/actions - {"actions":[{"id":"action6","type":"key","parameters":{},"actions":[{"type":"keyDown","value":""},{"type":"pause","duration":10},{"type":"keyUp","value":""}]}]}
RESULT: {"actions":[{"id":"action6","type":"key","parameters":{},"actions":[{"type":"keyDown","value":""},{"type":"pause","duration":10},{"type":"keyUp","value":""}]}]}
COMMAND: GET /session/6942dd4aefa05acfe787f49b28130ab8/screenshot - {}
RESULT: {}
COMMAND: POST /session/6942dd4aefa05acfe787f49b28130ab8/execute/async - {"script":"<script> [1562 bytes]","args":[{"selector":{"controlType":"sap.m.Button","viewName":"reusables.view.manageresources.NewResourceUnit","viewId":"application-manageresources-display-component---newResourceUnit","i18NText":{"propertyName":"tooltip","key":"save"},"interaction":{"idSuffix":"BDI-content"}},"wdio_ui5_key":"reusablesview.manageresources.NewResourceUnitsap.m.Button{\"propertyName\":\"tooltip\",\"key\":\"save\"}"}]}
RESULT: {"script":"<script> [1562 bytes]","args":[{"selector":{"controlType":"sap.m.Button","viewName":"reusables.view.manageresources.NewResourceUnit","viewId":"application-manageresources-display-component---newResourceUnit","i18NText":{"propertyName":"tooltip","key":"save"},"interaction":{"idSuffix":"BDI-content"}},"wdio_ui5_key":"reusablesview.manageresources.NewResourceUnitsap.m.Button{\"propertyName\":\"tooltip\",\"key\":\"save\"}"}]}
RESULT: undefined
COMMAND: POST /session/6942dd4aefa05acfe787f49b28130ab8/element - {"using":"xpath","value":"//*[@id=\"application-manageresources-display-component---newResourceUnit--createRuButton\"]"}
RESULT: {"using":"xpath","value":"//*[@id=\"application-manageresources-display-component---newResourceUnit--createRuButton\"]"}
COMMAND: POST /session/6942dd4aefa05acfe787f49b28130ab8/element/f.F18A487FCC2B115A863E771091ABB869.d.F8524046053C7F89C693B9A314037EDB.e.2943/click - {}
RESULT: {}
COMMAND: GET /session/6942dd4aefa05acfe787f49b28130ab8/screenshot - {}
RESULT: {}
COMMAND: POST /session/6942dd4aefa05acfe787f49b28130ab8/execute/async - {"script":"<script> [1562 bytes]","args":[{"selector":{"controlType":"sap.m.Title","properties":{"text":"Success"},"searchOpenDialogs":true},"wdio_ui5_key":"sapm.Title{\"text\":\"Success\"}"}]}
RESULT: {"script":"<script> [1562 bytes]","args":[{"selector":{"controlType":"sap.m.Title","properties":{"text":"Success"},"searchOpenDialogs":true},"wdio_ui5_key":"sapm.Title{\"text\":\"Success\"}"}]}
RESULT: undefined
COMMAND: POST /session/6942dd4aefa05acfe787f49b28130ab8/execute/async - {"script":"<script> [6424 bytes]","args":[{"element-6066-11e4-a52e-4f735466cecf":"f.F18A487FCC2B115A863E771091ABB869.d.F8524046053C7F89C693B9A314037EDB.e.3097"},"getText",[]]}
RESULT: {"script":"<script> [6424 bytes]","args":[{"element-6066-11e4-a52e-4f735466cecf":"f.F18A487FCC2B115A863E771091ABB869.d.F8524046053C7F89C693B9A314037EDB.e.3097"},"getText",[]]}
COMMAND: POST /session/6942dd4aefa05acfe787f49b28130ab8/element - {"using":"xpath","value":"//*[contains(@id, '__text') and (contains(text(), 'successfully created') or contains(., 'successfully created'))]"}
RESULT: {"using":"xpath","value":"//*[contains(@id, '__text') and (contains(text(), 'successfully created') or contains(., 'successfully created'))]"}
COMMAND: GET /session/6942dd4aefa05acfe787f49b28130ab8/element/f.F18A487FCC2B115A863E771091ABB869.d.F8524046053C7F89C693B9A314037EDB.e.3096/text - {}
RESULT: {}
COMMAND: POST /session/6942dd4aefa05acfe787f49b28130ab8/execute/async - {"script":"<script> [1562 bytes]","args":[{"selector":{"controlType":"sap.m.Button","properties":{"text":"Close"},"searchOpenDialogs":true,"interaction":{"idSuffix":"BDI-content"}},"wdio_ui5_key":"sapm.Button{\"text\":\"Close\"}"}]}
RESULT: {"script":"<script> [1562 bytes]","args":[{"selector":{"controlType":"sap.m.Button","properties":{"text":"Close"},"searchOpenDialogs":true,"interaction":{"idSuffix":"BDI-content"}},"wdio_ui5_key":"sapm.Button{\"text\":\"Close\"}"}]}
RESULT: undefined
COMMAND: POST /session/6942dd4aefa05acfe787f49b28130ab8/element - {"using":"xpath","value":"//*[@id=\"__mbox-btn-0\"]"}
RESULT: {"using":"xpath","value":"//*[@id=\"__mbox-btn-0\"]"}
COMMAND: POST /session/6942dd4aefa05acfe787f49b28130ab8/element/f.F18A487FCC2B115A863E771091ABB869.d.F8524046053C7F89C693B9A314037EDB.e.3094/click - {}
RESULT: {}
COMMAND: GET /session/6942dd4aefa05acfe787f49b28130ab8/screenshot - {}
RESULT: {}
COMMAND: POST /session/6942dd4aefa05acfe787f49b28130ab8/execute/async - {"script":"<script> [1562 bytes]","args":[{"selector":{"controlType":"sap.ui.core.Icon","viewName":"etm.portal.ui.manageresources.view.Detail","viewId":"application-manageresources-display-component---detailRU","properties":{"src":{"regex":{"source":"overflow"}}}},"wdio_ui5_key":"etmportal.ui.manageresources.view.Detailsap.ui.core.Icon{\"src\":{\"regex\":{\"source\":\"overflow\"}}}"}]}
RESULT: {"script":"<script> [1562 bytes]","args":[{"selector":{"controlType":"sap.ui.core.Icon","viewName":"etm.portal.ui.manageresources.view.Detail","viewId":"application-manageresources-display-component---detailRU","properties":{"src":{"regex":{"source":"overflow"}}}},"wdio_ui5_key":"etmportal.ui.manageresources.view.Detailsap.ui.core.Icon{\"src\":{\"regex\":{\"source\":\"overflow\"}}}"}]}
RESULT: undefined
COMMAND: POST /session/6942dd4aefa05acfe787f49b28130ab8/element - {"using":"xpath","value":"//*[@id=\"__title36-_actionsToolbar-overflowButton-img\"]"}
RESULT: {"using":"xpath","value":"//*[@id=\"__title36-_actionsToolbar-overflowButton-img\"]"}
COMMAND: POST /session/6942dd4aefa05acfe787f49b28130ab8/element/f.F18A487FCC2B115A863E771091ABB869.d.F8524046053C7F89C693B9A314037EDB.e.3125/click - {}
RESULT: {}
COMMAND: POST /session/6942dd4aefa05acfe787f49b28130ab8/execute/async - {"script":"<script> [1562 bytes]","args":[{"selector":{"controlType":"sap.m.Button","viewName":"etm.portal.ui.manageresources.view.Detail","viewId":"application-manageresources-display-component---detailRU","i18NText":{"propertyName":"tooltip","key":"closeColumn"},"searchOpenDialogs":true,"interaction":{"idSuffix":"inner"}},"wdio_ui5_key":"etmportal.ui.manageresources.view.Detailsap.m.Button{\"propertyName\":\"tooltip\",\"key\":\"closeColumn\"}"}]}
COMMAND: GET /session/6942dd4aefa05acfe787f49b28130ab8/screenshot - {}
RESULT: {"script":"<script> [1562 bytes]","args":[{"selector":{"controlType":"sap.m.Button","viewName":"etm.portal.ui.manageresources.view.Detail","viewId":"application-manageresources-display-component---detailRU","i18NText":{"propertyName":"tooltip","key":"closeColumn"},"searchOpenDialogs":true,"interaction":{"idSuffix":"inner"}},"wdio_ui5_key":"etmportal.ui.manageresources.view.Detailsap.m.Button{\"propertyName\":\"tooltip\",\"key\":\"closeColumn\"}"}]}
RESULT: undefined
COMMAND: POST /session/6942dd4aefa05acfe787f49b28130ab8/element - {"using":"xpath","value":"//*[@id=\"__button151\"]"}
RESULT: {}
RESULT: {"using":"xpath","value":"//*[@id=\"__button151\"]"}
COMMAND: POST /session/6942dd4aefa05acfe787f49b28130ab8/element/f.F18A487FCC2B115A863E771091ABB869.d.F8524046053C7F89C693B9A314037EDB.e.3127/click - {}
RESULT: {}
COMMAND: GET /session/6942dd4aefa05acfe787f49b28130ab8/screenshot - {}
RESULT: {}
COMMAND: POST /session/6942dd4aefa05acfe787f49b28130ab8/refresh - {}
RESULT: {}
COMMAND: GET /session/6942dd4aefa05acfe787f49b28130ab8/screenshot - {}
RESULT: {}
COMMAND: POST /session/6942dd4aefa05acfe787f49b28130ab8/execute/async - {"script":"<script> [189 bytes]","args":[]}
RESULT: {"script":"<script> [189 bytes]","args":[]}
COMMAND: POST /session/6942dd4aefa05acfe787f49b28130ab8/execute/async - {"script":"<script> [123 bytes]","args":[]}
RESULT: {"script":"<script> [123 bytes]","args":[]}
COMMAND: POST /session/6942dd4aefa05acfe787f49b28130ab8/timeouts - {"script":"<number>"}
RESULT: {"script":"<number>"}
COMMAND: GET /session/6942dd4aefa05acfe787f49b28130ab8/timeouts - {}
RESULT: {}
RESULT: undefined
COMMAND: POST /session/6942dd4aefa05acfe787f49b28130ab8/execute/async - {"script":"<script> [2676 bytes]","args":[]}
RESULT: {"script":"<script> [2676 bytes]","args":[]}
COMMAND: POST /session/6942dd4aefa05acfe787f49b28130ab8/execute/async - {"script":"<script> [2342 bytes]","args":[{"protocol":"http","hostname":"0.0.0.0","path":"/","capabilities":{"browserName":"chrome","goog:chromeOptions":{"binary":"C:\\Program Files\\Google\\Chrome\\Application\\chrome.exe","args":["--start-maximized"]}},"logLevel":"warn","connectionRetryTimeout":120000,"connectionRetryCount":3,"logLevels":{},"enableDirectConnect":true,"strictSSL":true,"_":"65 more keys: [\"cacheDir\",\"port\",\"requestedCapabilities\",\"automationProtocol\",\"baseUrl\",\"waitforInterval\",\"waitforTimeout\",\"onReload\",\"beforeCommand\",\"afterCommand\",\"rootDir\",\"specs\",\"suites\",\"exclude\",\"groupLogsByTestSpec\",\"excludeDriverLogs\",\"bail\",\"framework\",\"reporters\",\"services\",\"maxInstances\",\"maxInstancesPerCapability\",\"injectGlobals\",\"filesToWatch\",\"execArgv\",\"runnerEnv\",\"runner\",\"shard\",\"specFileRetries\",\"specFileRetriesDelay\",\"specFileRetriesDeferred\",\"reporterSyncInterval\",\"reporterSyncTimeout\",\"cucumberFeaturesWithLineNumbers\",\"autoCompileOpts\",\"mochaOpts\",\"jasmineOpts\",\"cucumberOpts\",\"onPrepare\",\"onWorkerStart\",\"onWorkerEnd\",\"before\",\"beforeSession\",\"beforeSuite\",\"beforeHook\",\"beforeTest\",\"afterTest\",\"afterHook\",\"afterSuite\",\"afterSession\",\"after\",\"onComplete\",\"beforeAssertion\",\"afterAssertion\",\"beforeFeature\",\"beforeScenario\",\"beforeStep\",\"afterStep\",\"afterScenario\",\"afterFeature\",\"_\",\"suite\",\"$0\",\"ignoredWorkerServices\",\"wdi5\"]"}]}
RESULT: {"script":"<script> [2342 bytes]","args":[{"protocol":"http","hostname":"0.0.0.0","path":"/","capabilities":{"browserName":"chrome","goog:chromeOptions":{"binary":"C:\\Program Files\\Google\\Chrome\\Application\\chrome.exe","args":["--start-maximized"]}},"logLevel":"warn","connectionRetryTimeout":120000,"connectionRetryCount":3,"logLevels":{},"enableDirectConnect":true,"strictSSL":true,"_":"65 more keys: [\"cacheDir\",\"port\",\"requestedCapabilities\",\"automationProtocol\",\"baseUrl\",\"waitforInterval\",\"waitforTimeout\",\"onReload\",\"beforeCommand\",\"afterCommand\",\"rootDir\",\"specs\",\"suites\",\"exclude\",\"groupLogsByTestSpec\",\"excludeDriverLogs\",\"bail\",\"framework\",\"reporters\",\"services\",\"maxInstances\",\"maxInstancesPerCapability\",\"injectGlobals\",\"filesToWatch\",\"execArgv\",\"runnerEnv\",\"runner\",\"shard\",\"specFileRetries\",\"specFileRetriesDelay\",\"specFileRetriesDeferred\",\"reporterSyncInterval\",\"reporterSyncTimeout\",\"cucumberFeaturesWithLineNumbers\",\"autoCompileOpts\",\"mochaOpts\",\"jasmineOpts\",\"cucumberOpts\",\"onPrepare\",\"onWorkerStart\",\"onWorkerEnd\",\"before\",\"beforeSession\",\"beforeSuite\",\"beforeHook\",\"beforeTest\",\"afterTest\",\"afterHook\",\"afterSuite\",\"afterSession\",\"after\",\"onComplete\",\"beforeAssertion\",\"afterAssertion\",\"beforeFeature\",\"beforeScenario\",\"beforeStep\",\"afterStep\",\"afterScenario\",\"afterFeature\",\"_\",\"suite\",\"$0\",\"ignoredWorkerServices\",\"wdi5\"]"}]}
COMMAND: POST /session/6942dd4aefa05acfe787f49b28130ab8/execute/async - {"script":"<script> [21126 bytes]","args":[35000]}
RESULT: {"script":"<script> [21126 bytes]","args":[35000]}
COMMAND: POST /session/6942dd4aefa05acfe787f49b28130ab8/element - {"using":"css selector","value":"#shell-header-logo"}
RESULT: {"using":"css selector","value":"#shell-header-logo"}
COMMAND: POST /session/6942dd4aefa05acfe787f49b28130ab8/element/f.F18A487FCC2B115A863E771091ABB869.d.B1AA1E300E503D517F4E3DACDA058DC1.e.3191/click - {}
RESULT: {}
COMMAND: GET /session/6942dd4aefa05acfe787f49b28130ab8/screenshot - {}
RESULT: {}
COMMAND: POST /session/6942dd4aefa05acfe787f49b28130ab8/execute/async - {"script":"<script> [1562 bytes]","args":[{"selector":{"controlType":"sap.m.GenericTile","properties":{"header":"Manage Resources"}},"wdio_ui5_key":"sapm.GenericTile{\"header\":\"Manage Resources\"}"}]}
RESULT: {"script":"<script> [1562 bytes]","args":[{"selector":{"controlType":"sap.m.GenericTile","properties":{"header":"Manage Resources"}},"wdio_ui5_key":"sapm.GenericTile{\"header\":\"Manage Resources\"}"}]}
RESULT: undefined
COMMAND: POST /session/6942dd4aefa05acfe787f49b28130ab8/element - {"using":"xpath","value":"//*[@id=\"__tile39\"]"}
RESULT: {"using":"xpath","value":"//*[@id=\"__tile39\"]"}
COMMAND: POST /session/6942dd4aefa05acfe787f49b28130ab8/element/f.F18A487FCC2B115A863E771091ABB869.d.B1AA1E300E503D517F4E3DACDA058DC1.e.3375/click - {}
RESULT: {}
COMMAND: GET /session/6942dd4aefa05acfe787f49b28130ab8/screenshot - {}
RESULT: {}
COMMAND: POST /session/6942dd4aefa05acfe787f49b28130ab8/elements - {"using":"xpath","value":"//span[text()='Error']"}
RESULT: {"using":"xpath","value":"//span[text()='Error']"}
COMMAND: POST /session/6942dd4aefa05acfe787f49b28130ab8/element - {"using":"xpath","value":"//button[@data-kt=\"addNewRUOverflowToolbarButton\"]"}
RESULT: {"using":"xpath","value":"//button[@data-kt=\"addNewRUOverflowToolbarButton\"]"}
COMMAND: POST /session/6942dd4aefa05acfe787f49b28130ab8/execute/sync - {"script":"<script> [8489 bytes]","args":[{"element-6066-11e4-a52e-4f735466cecf":"f.F18A487FCC2B115A863E771091ABB869.d.B1AA1E300E503D517F4E3DACDA058DC1.e.3417","ELEMENT":"f.F18A487FCC2B115A863E771091ABB869.d.B1AA1E300E503D517F4E3DACDA058DC1.e.3417"}]}
RESULT: {"script":"<script> [8489 bytes]","args":[{"element-6066-11e4-a52e-4f735466cecf":"f.F18A487FCC2B115A863E771091ABB869.d.B1AA1E300E503D517F4E3DACDA058DC1.e.3417","ELEMENT":"f.F18A487FCC2B115A863E771091ABB869.d.B1AA1E300E503D517F4E3DACDA058DC1.e.3417"}]}
COMMAND: POST /session/6942dd4aefa05acfe787f49b28130ab8/element/f.F18A487FCC2B115A863E771091ABB869.d.B1AA1E300E503D517F4E3DACDA058DC1.e.3417/click - {}
COMMAND: GET /session/6942dd4aefa05acfe787f49b28130ab8/screenshot - {}
RESULT: {}
COMMAND: GET /session/6942dd4aefa05acfe787f49b28130ab8/screenshot - {}
RESULT: {}
COMMAND: POST /session/6942dd4aefa05acfe787f49b28130ab8/execute/async - {"script":"<script> [1562 bytes]","args":[{"selector":{"id":"application-manageresources-display-component---newResourceUnit--TYPE-arrow"},"wdio_ui5_key":"applicationmanageresources-display-component---newResourceUnit--TYPE-arrow"}]}
RESULT: {}
RESULT: {"script":"<script> [1562 bytes]","args":[{"selector":{"id":"application-manageresources-display-component---newResourceUnit--TYPE-arrow"},"wdio_ui5_key":"applicationmanageresources-display-component---newResourceUnit--TYPE-arrow"}]}
RESULT: undefined
COMMAND: POST /session/6942dd4aefa05acfe787f49b28130ab8/element - {"using":"xpath","value":"//*[@id=\"application-manageresources-display-component---newResourceUnit--TYPE-arrow\"]"}
RESULT: {"using":"xpath","value":"//*[@id=\"application-manageresources-display-component---newResourceUnit--TYPE-arrow\"]"}
COMMAND: POST /session/6942dd4aefa05acfe787f49b28130ab8/element/f.F18A487FCC2B115A863E771091ABB869.d.B1AA1E300E503D517F4E3DACDA058DC1.e.3736/click - {}
RESULT: {}
COMMAND: POST /session/6942dd4aefa05acfe787f49b28130ab8/execute/async - {"script":"<script> [1562 bytes]","args":[{"selector":{"controlType":"sap.m.StandardListItem","viewName":"reusables.view.manageresources.NewResourceUnit","viewId":"application-manageresources-display-component---newResourceUnit","properties":{"title":"Equipment"},"searchOpenDialogs":true,"interaction":{"idSuffix":"content"}},"wdio_ui5_key":"reusablesview.manageresources.NewResourceUnitsap.m.StandardListItem{\"title\":\"Equipment\"}"}]}
COMMAND: GET /session/6942dd4aefa05acfe787f49b28130ab8/screenshot - {}
RESULT: {"script":"<script> [1562 bytes]","args":[{"selector":{"controlType":"sap.m.StandardListItem","viewName":"reusables.view.manageresources.NewResourceUnit","viewId":"application-manageresources-display-component---newResourceUnit","properties":{"title":"Equipment"},"searchOpenDialogs":true,"interaction":{"idSuffix":"content"}},"wdio_ui5_key":"reusablesview.manageresources.NewResourceUnitsap.m.StandardListItem{\"title\":\"Equipment\"}"}]}
RESULT: undefined
COMMAND: POST /session/6942dd4aefa05acfe787f49b28130ab8/element - {"using":"xpath","value":"//*[@id=\"__item185\"]"}
RESULT: {}
RESULT: {"using":"xpath","value":"//*[@id=\"__item185\"]"}
COMMAND: POST /session/6942dd4aefa05acfe787f49b28130ab8/element/f.F18A487FCC2B115A863E771091ABB869.d.B1AA1E300E503D517F4E3DACDA058DC1.e.3739/click - {}
RESULT: {}
COMMAND: POST /session/6942dd4aefa05acfe787f49b28130ab8/execute/async - {"script":"<script> [1562 bytes]","args":[{"selector":{"id":"application-manageresources-display-component---newResourceUnit--resourceId","interaction":{"idSuffix":"inner"}},"wdio_ui5_key":"applicationmanageresources-display-component---newResourceUnit--resourceId"}]}
COMMAND: GET /session/6942dd4aefa05acfe787f49b28130ab8/screenshot - {}
RESULT: {"script":"<script> [1562 bytes]","args":[{"selector":{"id":"application-manageresources-display-component---newResourceUnit--resourceId","interaction":{"idSuffix":"inner"}},"wdio_ui5_key":"applicationmanageresources-display-component---newResourceUnit--resourceId"}]}
RESULT: undefined
COMMAND: POST /session/6942dd4aefa05acfe787f49b28130ab8/execute/async - {"script":"<script> [776 bytes]","args":[{"enterText":"WdIOTestEquipu0rc7","selector":{"id":"application-manageresources-display-component---newResourceUnit--resourceId","interaction":{"idSuffix":"inner"}},"clearTextFirst":true,"interactionType":"ENTER_TEXT"}]}
RESULT: {}
RESULT: {"script":"<script> [776 bytes]","args":[{"enterText":"WdIOTestEquipu0rc7","selector":{"id":"application-manageresources-display-component---newResourceUnit--resourceId","interaction":{"idSuffix":"inner"}},"clearTextFirst":true,"interactionType":"ENTER_TEXT"}]}
COMMAND: POST /session/6942dd4aefa05acfe787f49b28130ab8/execute/async - {"script":"<script> [1562 bytes]","args":[{"selector":{"id":"application-manageresources-display-component---newResourceUnit--SHORT_TEXT","interaction":{"idSuffix":"inner"}},"wdio_ui5_key":"applicationmanageresources-display-component---newResourceUnit--SHORT_TEXT"}]}
RESULT: {"script":"<script> [1562 bytes]","args":[{"selector":{"id":"application-manageresources-display-component---newResourceUnit--SHORT_TEXT","interaction":{"idSuffix":"inner"}},"wdio_ui5_key":"applicationmanageresources-display-component---newResourceUnit--SHORT_TEXT"}]}
RESULT: undefined
COMMAND: POST /session/6942dd4aefa05acfe787f49b28130ab8/execute/async - {"script":"<script> [776 bytes]","args":[{"enterText":"WdIOTestEquipu0rc7","selector":{"id":"application-manageresources-display-component---newResourceUnit--SHORT_TEXT","interaction":{"idSuffix":"inner"}},"clearTextFirst":true,"interactionType":"ENTER_TEXT"}]}
RESULT: {"script":"<script> [776 bytes]","args":[{"enterText":"WdIOTestEquipu0rc7","selector":{"id":"application-manageresources-display-component---newResourceUnit--SHORT_TEXT","interaction":{"idSuffix":"inner"}},"clearTextFirst":true,"interactionType":"ENTER_TEXT"}]}
COMMAND: POST /session/6942dd4aefa05acfe787f49b28130ab8/execute/async - {"script":"<script> [1562 bytes]","args":[{"selector":{"id":"application-manageresources-display-component---newResourceUnit--BASE_UNIT_OF_MEASURE","interaction":{"idSuffix":"inner"}},"wdio_ui5_key":"applicationmanageresources-display-component---newResourceUnit--BASE_UNIT_OF_MEASURE"}]}
RESULT: {"script":"<script> [1562 bytes]","args":[{"selector":{"id":"application-manageresources-display-component---newResourceUnit--BASE_UNIT_OF_MEASURE","interaction":{"idSuffix":"inner"}},"wdio_ui5_key":"applicationmanageresources-display-component---newResourceUnit--BASE_UNIT_OF_MEASURE"}]}
RESULT: undefined
COMMAND: POST /session/6942dd4aefa05acfe787f49b28130ab8/execute/async - {"script":"<script> [776 bytes]","args":[{"enterText":"Piece","selector":{"id":"application-manageresources-display-component---newResourceUnit--BASE_UNIT_OF_MEASURE","interaction":{"idSuffix":"inner"}},"clearTextFirst":true,"interactionType":"ENTER_TEXT"}]}
RESULT: {"script":"<script> [776 bytes]","args":[{"enterText":"Piece","selector":{"id":"application-manageresources-display-component---newResourceUnit--BASE_UNIT_OF_MEASURE","interaction":{"idSuffix":"inner"}},"clearTextFirst":true,"interactionType":"ENTER_TEXT"}]}
COMMAND: POST /session/6942dd4aefa05acfe787f49b28130ab8/execute/async - {"script":"<script> [1562 bytes]","args":[{"selector":{"id":"application-manageresources-display-component---newResourceUnit--WEIGHT_UNIT","interaction":{"idSuffix":"inner"}},"wdio_ui5_key":"applicationmanageresources-display-component---newResourceUnit--WEIGHT_UNIT"}]}
RESULT: {"script":"<script> [1562 bytes]","args":[{"selector":{"id":"application-manageresources-display-component---newResourceUnit--WEIGHT_UNIT","interaction":{"idSuffix":"inner"}},"wdio_ui5_key":"applicationmanageresources-display-component---newResourceUnit--WEIGHT_UNIT"}]}
RESULT: undefined
COMMAND: POST /session/6942dd4aefa05acfe787f49b28130ab8/execute/async - {"script":"<script> [776 bytes]","args":[{"enterText":"Gram","selector":{"id":"application-manageresources-display-component---newResourceUnit--WEIGHT_UNIT","interaction":{"idSuffix":"inner"}},"clearTextFirst":true,"interactionType":"ENTER_TEXT"}]}
RESULT: {"script":"<script> [776 bytes]","args":[{"enterText":"Gram","selector":{"id":"application-manageresources-display-component---newResourceUnit--WEIGHT_UNIT","interaction":{"idSuffix":"inner"}},"clearTextFirst":true,"interactionType":"ENTER_TEXT"}]}
COMMAND: POST /session/6942dd4aefa05acfe787f49b28130ab8/execute/async - {"script":"<script> [1562 bytes]","args":[{"selector":{"id":"application-manageresources-display-component---newResourceUnit--newRRUPage-OPHeaderContent-collapseBtn-img"},"wdio_ui5_key":"applicationmanageresources-display-component---newResourceUnit--newRRUPage-OPHeaderContent-collapseBtn-img"}]}
RESULT: {"script":"<script> [1562 bytes]","args":[{"selector":{"id":"application-manageresources-display-component---newResourceUnit--newRRUPage-OPHeaderContent-collapseBtn-img"},"wdio_ui5_key":"applicationmanageresources-display-component---newResourceUnit--newRRUPage-OPHeaderContent-collapseBtn-img"}]}
RESULT: undefined
COMMAND: POST /session/6942dd4aefa05acfe787f49b28130ab8/element - {"using":"xpath","value":"//*[@id=\"application-manageresources-display-component---newResourceUnit--newRRUPage-OPHeaderContent-collapseBtn-img\"]"}
RESULT: {"using":"xpath","value":"//*[@id=\"application-manageresources-display-component---newResourceUnit--newRRUPage-OPHeaderContent-collapseBtn-img\"]"}
COMMAND: POST /session/6942dd4aefa05acfe787f49b28130ab8/element/f.F18A487FCC2B115A863E771091ABB869.d.B1AA1E300E503D517F4E3DACDA058DC1.e.3747/click - {}
RESULT: {}
COMMAND: GET /session/6942dd4aefa05acfe787f49b28130ab8/screenshot - {}
RESULT: {}
COMMAND: POST /session/6942dd4aefa05acfe787f49b28130ab8/element - {"using":"xpath","value":"(//span[contains(@id ,\"application-manageresources-display-component---newResourceUnit--DIMENSION_UNIT-arrow\")])[1]"}
RESULT: {"using":"xpath","value":"(//span[contains(@id ,\"application-manageresources-display-component---newResourceUnit--DIMENSION_UNIT-arrow\")])[1]"}
COMMAND: POST /session/6942dd4aefa05acfe787f49b28130ab8/element/f.F18A487FCC2B115A863E771091ABB869.d.B1AA1E300E503D517F4E3DACDA058DC1.e.3895/click - {}
RESULT: {}
COMMAND: GET /session/6942dd4aefa05acfe787f49b28130ab8/screenshot - {}
RESULT: {}
COMMAND: POST /session/6942dd4aefa05acfe787f49b28130ab8/execute/async - {"script":"<script> [1562 bytes]","args":[{"selector":{"controlType":"sap.m.StandardListItem","viewName":"reusables.view.manageresources.NewResourceUnit","viewId":"application-manageresources-display-component---newResourceUnit","properties":{"title":"Centimeter"},"searchOpenDialogs":true,"interaction":{"idSuffix":"titleText"}},"wdio_ui5_key":"reusablesview.manageresources.NewResourceUnitsap.m.StandardListItem{\"title\":\"Centimeter\"}"}]}
RESULT: {"script":"<script> [1562 bytes]","args":[{"selector":{"controlType":"sap.m.StandardListItem","viewName":"reusables.view.manageresources.NewResourceUnit","viewId":"application-manageresources-display-component---newResourceUnit","properties":{"title":"Centimeter"},"searchOpenDialogs":true,"interaction":{"idSuffix":"titleText"}},"wdio_ui5_key":"reusablesview.manageresources.NewResourceUnitsap.m.StandardListItem{\"title\":\"Centimeter\"}"}]}
RESULT: undefined
COMMAND: POST /session/6942dd4aefa05acfe787f49b28130ab8/element - {"using":"xpath","value":"//*[@id=\"__item245\"]"}
RESULT: {"using":"xpath","value":"//*[@id=\"__item245\"]"}
COMMAND: POST /session/6942dd4aefa05acfe787f49b28130ab8/element/f.F18A487FCC2B115A863E771091ABB869.d.B1AA1E300E503D517F4E3DACDA058DC1.e.3899/click - {}
RESULT: {}
COMMAND: GET /session/6942dd4aefa05acfe787f49b28130ab8/screenshot - {}
RESULT: {}
COMMAND: POST /session/6942dd4aefa05acfe787f49b28130ab8/execute/async - {"script":"<script> [1562 bytes]","args":[{"selector":{"id":"application-manageresources-display-component---newResourceUnit--newRRUPage-anchBar-application-manageresources-display-component---newResourceUnit--control-anchor","interaction":{"idSuffix":"BDI-content"}},"wdio_ui5_key":"applicationmanageresources-display-component---newResourceUnit--newRRUPage-anchBar-application-manageresources-display-component---newResourceUnit--control-anchor"}]}
RESULT: {"script":"<script> [1562 bytes]","args":[{"selector":{"id":"application-manageresources-display-component---newResourceUnit--newRRUPage-anchBar-application-manageresources-display-component---newResourceUnit--control-anchor","interaction":{"idSuffix":"BDI-content"}},"wdio_ui5_key":"applicationmanageresources-display-component---newResourceUnit--newRRUPage-anchBar-application-manageresources-display-component---newResourceUnit--control-anchor"}]}
RESULT: undefined
COMMAND: POST /session/6942dd4aefa05acfe787f49b28130ab8/element - {"using":"xpath","value":"//*[@id=\"application-manageresources-display-component---newResourceUnit--newRRUPage-anchBar-application-manageresources-display-component---newResourceUnit--control-anchor\"]"}
RESULT: {"using":"xpath","value":"//*[@id=\"application-manageresources-display-component---newResourceUnit--newRRUPage-anchBar-application-manageresources-display-component---newResourceUnit--control-anchor\"]"}
COMMAND: POST /session/6942dd4aefa05acfe787f49b28130ab8/element/f.F18A487FCC2B115A863E771091ABB869.d.B1AA1E300E503D517F4E3DACDA058DC1.e.3901/click - {}
RESULT: {}
COMMAND: POST /session/6942dd4aefa05acfe787f49b28130ab8/execute/async - {"script":"<script> [1562 bytes]","args":[{"selector":{"id":"application-manageresources-display-component---newResourceUnit--PLANNING_GROUP","interaction":{"idSuffix":"inner"}},"wdio_ui5_key":"applicationmanageresources-display-component---newResourceUnit--PLANNING_GROUP"}]}
COMMAND: GET /session/6942dd4aefa05acfe787f49b28130ab8/screenshot - {}
RESULT: {"script":"<script> [1562 bytes]","args":[{"selector":{"id":"application-manageresources-display-component---newResourceUnit--PLANNING_GROUP","interaction":{"idSuffix":"inner"}},"wdio_ui5_key":"applicationmanageresources-display-component---newResourceUnit--PLANNING_GROUP"}]}
RESULT: undefined
COMMAND: POST /session/6942dd4aefa05acfe787f49b28130ab8/execute/async - {"script":"<script> [776 bytes]","args":[{"enterText":"Heavy Equi","selector":{"id":"application-manageresources-display-component---newResourceUnit--PLANNING_GROUP","interaction":{"idSuffix":"inner"}},"clearTextFirst":true,"interactionType":"ENTER_TEXT"}]}
RESULT: {}
RESULT: {"script":"<script> [776 bytes]","args":[{"enterText":"Heavy Equi","selector":{"id":"application-manageresources-display-component---newResourceUnit--PLANNING_GROUP","interaction":{"idSuffix":"inner"}},"clearTextFirst":true,"interactionType":"ENTER_TEXT"}]}
COMMAND: POST /session/6942dd4aefa05acfe787f49b28130ab8/execute/async - {"script":"<script> [1562 bytes]","args":[{"selector":{"id":"application-manageresources-display-component---newResourceUnit--ITEM_TYPE-arrow"},"wdio_ui5_key":"applicationmanageresources-display-component---newResourceUnit--ITEM_TYPE-arrow"}]}
RESULT: {"script":"<script> [1562 bytes]","args":[{"selector":{"id":"application-manageresources-display-component---newResourceUnit--ITEM_TYPE-arrow"},"wdio_ui5_key":"applicationmanageresources-display-component---newResourceUnit--ITEM_TYPE-arrow"}]}
RESULT: undefined
COMMAND: POST /session/6942dd4aefa05acfe787f49b28130ab8/element - {"using":"xpath","value":"//*[@id=\"application-manageresources-display-component---newResourceUnit--ITEM_TYPE-arrow\"]"}
RESULT: {"using":"xpath","value":"//*[@id=\"application-manageresources-display-component---newResourceUnit--ITEM_TYPE-arrow\"]"}
COMMAND: POST /session/6942dd4aefa05acfe787f49b28130ab8/element/f.F18A487FCC2B115A863E771091ABB869.d.B1AA1E300E503D517F4E3DACDA058DC1.e.3908/click - {}
RESULT: {}
COMMAND: POST /session/6942dd4aefa05acfe787f49b28130ab8/execute/async - {"script":"<script> [1562 bytes]","args":[{"selector":{"controlType":"sap.m.StandardListItem","viewName":"reusables.view.manageresources.NewResourceUnit","viewId":"application-manageresources-display-component---newResourceUnit","properties":{"title":"Resource Unit"},"searchOpenDialogs":true,"interaction":{"idSuffix":"titleText"}},"wdio_ui5_key":"reusablesview.manageresources.NewResourceUnitsap.m.StandardListItem{\"title\":\"Resource Unit\"}"}]}
COMMAND: GET /session/6942dd4aefa05acfe787f49b28130ab8/screenshot - {}
RESULT: {"script":"<script> [1562 bytes]","args":[{"selector":{"controlType":"sap.m.StandardListItem","viewName":"reusables.view.manageresources.NewResourceUnit","viewId":"application-manageresources-display-component---newResourceUnit","properties":{"title":"Resource Unit"},"searchOpenDialogs":true,"interaction":{"idSuffix":"titleText"}},"wdio_ui5_key":"reusablesview.manageresources.NewResourceUnitsap.m.StandardListItem{\"title\":\"Resource Unit\"}"}]}
RESULT: undefined
COMMAND: POST /session/6942dd4aefa05acfe787f49b28130ab8/element - {"using":"xpath","value":"//*[@id=\"__item267\"]"}
RESULT: {}
RESULT: {"using":"xpath","value":"//*[@id=\"__item267\"]"}
COMMAND: POST /session/6942dd4aefa05acfe787f49b28130ab8/element/f.F18A487FCC2B115A863E771091ABB869.d.B1AA1E300E503D517F4E3DACDA058DC1.e.3910/click - {}
RESULT: {}
COMMAND: POST /session/6942dd4aefa05acfe787f49b28130ab8/element - {"using":"xpath","value":"//bdi[contains(text(), \"Time Segment\")]"}
COMMAND: GET /session/6942dd4aefa05acfe787f49b28130ab8/screenshot - {}
RESULT: {"using":"xpath","value":"//bdi[contains(text(), \"Time Segment\")]"}
COMMAND: GET /session/6942dd4aefa05acfe787f49b28130ab8/element/f.F18A487FCC2B115A863E771091ABB869.d.B1AA1E300E503D517F4E3DACDA058DC1.e.3917/rect - {}
RESULT: {}
RESULT: {}
COMMAND: GET /session/6942dd4aefa05acfe787f49b28130ab8/window/rect - {}
RESULT: {}
COMMAND: POST /session/6942dd4aefa05acfe787f49b28130ab8/execute/sync - {"script":"<script> [92 bytes]","args":[]}
RESULT: {"script":"<script> [92 bytes]","args":[]}
COMMAND: POST /session/6942dd4aefa05acfe787f49b28130ab8/actions - {"actions":[{"id":"action7","type":"wheel","parameters":{},"actions":[{"type":"scroll","x":-1820,"y":-21,"deltaX":0,"deltaY":0,"duration":0,"origin":{"element-6066-11e4-a52e-4f735466cecf":"f.F18A487FCC2B115A863E771091ABB869.d.B1AA1E300E503D517F4E3DACDA058DC1.e.3917"}}]}]}
COMMAND: GET /session/6942dd4aefa05acfe787f49b28130ab8/screenshot - {}
RESULT: {}
COMMAND: POST /session/6942dd4aefa05acfe787f49b28130ab8/execute/sync - {"script":"<script> [79 bytes]","args":[{"element-6066-11e4-a52e-4f735466cecf":"f.F18A487FCC2B115A863E771091ABB869.d.B1AA1E300E503D517F4E3DACDA058DC1.e.3917","ELEMENT":"f.F18A487FCC2B115A863E771091ABB869.d.B1AA1E300E503D517F4E3DACDA058DC1.e.3917"},{"block":"start","inline":"nearest"}]}
RESULT: {"script":"<script> [79 bytes]","args":[{"element-6066-11e4-a52e-4f735466cecf":"f.F18A487FCC2B115A863E771091ABB869.d.B1AA1E300E503D517F4E3DACDA058DC1.e.3917","ELEMENT":"f.F18A487FCC2B115A863E771091ABB869.d.B1AA1E300E503D517F4E3DACDA058DC1.e.3917"},{"block":"start","inline":"nearest"}]}
COMMAND: POST /session/6942dd4aefa05acfe787f49b28130ab8/execute/async - {"script":"<script> [1562 bytes]","args":[{"selector":{"id":"application-manageresources-display-component---newResourceUnit--btnAddTimeSegment-img"},"wdio_ui5_key":"applicationmanageresources-display-component---newResourceUnit--btnAddTimeSegment-img"}]}
COMMAND: GET /session/6942dd4aefa05acfe787f49b28130ab8/screenshot - {}
RESULT: {"script":"<script> [1562 bytes]","args":[{"selector":{"id":"application-manageresources-display-component---newResourceUnit--btnAddTimeSegment-img"},"wdio_ui5_key":"applicationmanageresources-display-component---newResourceUnit--btnAddTimeSegment-img"}]}
RESULT: undefined
COMMAND: POST /session/6942dd4aefa05acfe787f49b28130ab8/element - {"using":"xpath","value":"//*[@id=\"application-manageresources-display-component---newResourceUnit--btnAddTimeSegment-img\"]"}
RESULT: {}
RESULT: {"using":"xpath","value":"//*[@id=\"application-manageresources-display-component---newResourceUnit--btnAddTimeSegment-img\"]"}
COMMAND: POST /session/6942dd4aefa05acfe787f49b28130ab8/element/f.F18A487FCC2B115A863E771091ABB869.d.B1AA1E300E503D517F4E3DACDA058DC1.e.3918/click - {}
RESULT: {}
COMMAND: GET /session/6942dd4aefa05acfe787f49b28130ab8/screenshot - {}
RESULT: {}
COMMAND: POST /session/6942dd4aefa05acfe787f49b28130ab8/element - {"using":"xpath","value":"//input[@id=\"application-manageresources-display-component---newResourceUnit--idRuTSAdmin-application-manageresources-display-component---newResourceUnit--RUTimeSegment-0-inner\"]"}
RESULT: {"using":"xpath","value":"//input[@id=\"application-manageresources-display-component---newResourceUnit--idRuTSAdmin-application-manageresources-display-component---newResourceUnit--RUTimeSegment-0-inner\"]"}
COMMAND: POST /session/6942dd4aefa05acfe787f49b28130ab8/element/f.F18A487FCC2B115A863E771091ABB869.d.B1AA1E300E503D517F4E3DACDA058DC1.e.3924/clear - {}
RESULT: {}
COMMAND: POST /session/6942dd4aefa05acfe787f49b28130ab8/element/f.F18A487FCC2B115A863E771091ABB869.d.B1AA1E300E503D517F4E3DACDA058DC1.e.3924/value - {"text":"WebdriverYardryiq2"}
COMMAND: GET /session/6942dd4aefa05acfe787f49b28130ab8/screenshot - {}
RESULT: {"text":"WebdriverYardryiq2"}
COMMAND: GET /session/6942dd4aefa05acfe787f49b28130ab8/screenshot - {}
RESULT: {}
RESULT: {}
COMMAND: POST /session/6942dd4aefa05acfe787f49b28130ab8/actions - {"actions":[{"id":"action8","type":"key","parameters":{},"actions":[{"type":"keyDown","value":""},{"type":"pause","duration":10},{"type":"keyUp","value":""}]}]}
RESULT: {"actions":[{"id":"action8","type":"key","parameters":{},"actions":[{"type":"keyDown","value":""},{"type":"pause","duration":10},{"type":"keyUp","value":""}]}]}
COMMAND: POST /session/6942dd4aefa05acfe787f49b28130ab8/execute/async - {"script":"<script> [1562 bytes]","args":[{"selector":{"controlType":"sap.ui.core.Icon","viewName":"reusables.view.manageresources.NewResourceUnit","viewId":"application-manageresources-display-component---newResourceUnit","properties":{"src":{"regex":{"source":"slim\\-arrow\\-down"}}},"ancestor":{"controlType":"sap.m.ComboBox","viewName":"reusables.view.manageresources.NewResourceUnit","viewId":"application-manageresources-display-component---newResourceUnit","bindingPath":{"path":"/RESOURCE_UNIT_TIME_SEQUENCES/0","propertyPath":"COST_OBJECT_ADMIN_CST_TYPE","modelName":"oNewRruModel"}}},"wdio_ui5_key":"reusablesview.manageresources.NewResourceUnitsap.ui.core.Icon{\"src\":{\"regex\":{\"source\":\"slim\\\\-arrow\\\\-down\"}}}{\"controlType\":\"sap.m.ComboBox\",\"viewName\":\"reusables.view.manageresources.NewResourceUnit\",\"viewId\":\"application-manageresources-display-component---newResourceUnit\",\"bindingPath\":{\"path\":\"/RESOURCE_UNIT_TIME_SEQUENCES/0\",\"propertyPath\":\"COST_OBJECT_ADMIN_CST_TYPE\",\"modelName\":\"oNewRruModel\"}}"}]}
COMMAND: GET /session/6942dd4aefa05acfe787f49b28130ab8/screenshot - {}
RESULT: {"script":"<script> [1562 bytes]","args":[{"selector":{"controlType":"sap.ui.core.Icon","viewName":"reusables.view.manageresources.NewResourceUnit","viewId":"application-manageresources-display-component---newResourceUnit","properties":{"src":{"regex":{"source":"slim\\-arrow\\-down"}}},"ancestor":{"controlType":"sap.m.ComboBox","viewName":"reusables.view.manageresources.NewResourceUnit","viewId":"application-manageresources-display-component---newResourceUnit","bindingPath":{"path":"/RESOURCE_UNIT_TIME_SEQUENCES/0","propertyPath":"COST_OBJECT_ADMIN_CST_TYPE","modelName":"oNewRruModel"}}},"wdio_ui5_key":"reusablesview.manageresources.NewResourceUnitsap.ui.core.Icon{\"src\":{\"regex\":{\"source\":\"slim\\\\-arrow\\\\-down\"}}}{\"controlType\":\"sap.m.ComboBox\",\"viewName\":\"reusables.view.manageresources.NewResourceUnit\",\"viewId\":\"application-manageresources-display-component---newResourceUnit\",\"bindingPath\":{\"path\":\"/RESOURCE_UNIT_TIME_SEQUENCES/0\",\"propertyPath\":\"COST_OBJECT_ADMIN_CST_TYPE\",\"modelName\":\"oNewRruModel\"}}"}]}
RESULT: undefined
COMMAND: POST /session/6942dd4aefa05acfe787f49b28130ab8/element - {"using":"xpath","value":"//*[@id=\"__box7-application-manageresources-display-component---newResourceUnit--RUTimeSegment-0-arrow\"]"}
RESULT: {}
RESULT: {"using":"xpath","value":"//*[@id=\"__box7-application-manageresources-display-component---newResourceUnit--RUTimeSegment-0-arrow\"]"}
COMMAND: POST /session/6942dd4aefa05acfe787f49b28130ab8/element/f.F18A487FCC2B115A863E771091ABB869.d.B1AA1E300E503D517F4E3DACDA058DC1.e.3936/click - {}
RESULT: {}
COMMAND: POST /session/6942dd4aefa05acfe787f49b28130ab8/execute/async - {"script":"<script> [1562 bytes]","args":[{"selector":{"controlType":"sap.m.StandardListItem","viewName":"reusables.view.manageresources.NewResourceUnit","viewId":"application-manageresources-display-component---newResourceUnit","properties":{"title":"PM Order"},"searchOpenDialogs":true,"interaction":{"idSuffix":"titleText"}},"wdio_ui5_key":"reusablesview.manageresources.NewResourceUnitsap.m.StandardListItem{\"title\":\"PM Order\"}"}]}
COMMAND: GET /session/6942dd4aefa05acfe787f49b28130ab8/screenshot - {}
RESULT: {"script":"<script> [1562 bytes]","args":[{"selector":{"controlType":"sap.m.StandardListItem","viewName":"reusables.view.manageresources.NewResourceUnit","viewId":"application-manageresources-display-component---newResourceUnit","properties":{"title":"PM Order"},"searchOpenDialogs":true,"interaction":{"idSuffix":"titleText"}},"wdio_ui5_key":"reusablesview.manageresources.NewResourceUnitsap.m.StandardListItem{\"title\":\"PM Order\"}"}]}
RESULT: undefined
COMMAND: POST /session/6942dd4aefa05acfe787f49b28130ab8/element - {"using":"xpath","value":"//*[@id=\"__item582\"]"}
RESULT: {}
RESULT: {"using":"xpath","value":"//*[@id=\"__item582\"]"}
COMMAND: POST /session/6942dd4aefa05acfe787f49b28130ab8/element/f.F18A487FCC2B115A863E771091ABB869.d.B1AA1E300E503D517F4E3DACDA058DC1.e.3940/click - {}
RESULT: {}
COMMAND: GET /session/6942dd4aefa05acfe787f49b28130ab8/screenshot - {}
RESULT: {}
COMMAND: POST /session/6942dd4aefa05acfe787f49b28130ab8/element - {"using":"xpath","value":"(//input[contains(@id ,\"-application-manageresources-display-component---newResourceUnit--RUTimeSegment-0-inner\")])[8]"}
RESULT: {"using":"xpath","value":"(//input[contains(@id ,\"-application-manageresources-display-component---newResourceUnit--RUTimeSegment-0-inner\")])[8]"}
COMMAND: POST /session/6942dd4aefa05acfe787f49b28130ab8/element/f.F18A487FCC2B115A863E771091ABB869.d.B1AA1E300E503D517F4E3DACDA058DC1.e.3943/clear - {}
RESULT: {}
COMMAND: POST /session/6942dd4aefa05acfe787f49b28130ab8/element/f.F18A487FCC2B115A863E771091ABB869.d.B1AA1E300E503D517F4E3DACDA058DC1.e.3943/value - {"text":"4000360"}
COMMAND: GET /session/6942dd4aefa05acfe787f49b28130ab8/screenshot - {}
RESULT: {"text":"4000360"}
COMMAND: GET /session/6942dd4aefa05acfe787f49b28130ab8/screenshot - {}
RESULT: {}
RESULT: {}
COMMAND: POST /session/6942dd4aefa05acfe787f49b28130ab8/actions - {"actions":[{"id":"action9","type":"key","parameters":{},"actions":[{"type":"keyDown","value":""},{"type":"pause","duration":10},{"type":"keyUp","value":""}]}]}
RESULT: {"actions":[{"id":"action9","type":"key","parameters":{},"actions":[{"type":"keyDown","value":""},{"type":"pause","duration":10},{"type":"keyUp","value":""}]}]}
COMMAND: GET /session/6942dd4aefa05acfe787f49b28130ab8/screenshot - {}
RESULT: {}
COMMAND: POST /session/6942dd4aefa05acfe787f49b28130ab8/element - {"using":"xpath","value":"//input[contains(@id ,\"application-manageresources-display-component---newResourceUnit--newTimeSegmentFromDatePicker-application-manageresources-display-component---newResourceUnit--RUTimeSegment-0-inner\")]"}
RESULT: {"using":"xpath","value":"//input[contains(@id ,\"application-manageresources-display-component---newResourceUnit--newTimeSegmentFromDatePicker-application-manageresources-display-component---newResourceUnit--RUTimeSegment-0-inner\")]"}
COMMAND: POST /session/6942dd4aefa05acfe787f49b28130ab8/element/f.F18A487FCC2B115A863E771091ABB869.d.B1AA1E300E503D517F4E3DACDA058DC1.e.3931/clear - {}
RESULT: {}
COMMAND: POST /session/6942dd4aefa05acfe787f49b28130ab8/element/f.F18A487FCC2B115A863E771091ABB869.d.B1AA1E300E503D517F4E3DACDA058DC1.e.3931/clear - {}
COMMAND: GET /session/6942dd4aefa05acfe787f49b28130ab8/screenshot - {}
RESULT: {}
COMMAND: POST /session/6942dd4aefa05acfe787f49b28130ab8/element/f.F18A487FCC2B115A863E771091ABB869.d.B1AA1E300E503D517F4E3DACDA058DC1.e.3931/value - {"text":"06/27/24"}
COMMAND: GET /session/6942dd4aefa05acfe787f49b28130ab8/screenshot - {}
RESULT: {}
RESULT: {"text":"06/27/24"}
COMMAND: POST /session/6942dd4aefa05acfe787f49b28130ab8/execute/async - {"script":"<script> [1562 bytes]","args":[{"selector":{"id":"application-manageresources-display-component---newResourceUnit--newRRUPage-anchBar-application-manageresources-display-component---newResourceUnit--resource-anchor","interaction":{"idSuffix":"BDI-content"}},"wdio_ui5_key":"applicationmanageresources-display-component---newResourceUnit--newRRUPage-anchBar-application-manageresources-display-component---newResourceUnit--resource-anchor"}]}
COMMAND: GET /session/6942dd4aefa05acfe787f49b28130ab8/screenshot - {}
RESULT: {}
RESULT: {"script":"<script> [1562 bytes]","args":[{"selector":{"id":"application-manageresources-display-component---newResourceUnit--newRRUPage-anchBar-application-manageresources-display-component---newResourceUnit--resource-anchor","interaction":{"idSuffix":"BDI-content"}},"wdio_ui5_key":"applicationmanageresources-display-component---newResourceUnit--newRRUPage-anchBar-application-manageresources-display-component---newResourceUnit--resource-anchor"}]}
RESULT: undefined
COMMAND: POST /session/6942dd4aefa05acfe787f49b28130ab8/element - {"using":"xpath","value":"//*[@id=\"application-manageresources-display-component---newResourceUnit--newRRUPage-anchBar-application-manageresources-display-component---newResourceUnit--resource-anchor\"]"}
RESULT: {}
RESULT: {"using":"xpath","value":"//*[@id=\"application-manageresources-display-component---newResourceUnit--newRRUPage-anchBar-application-manageresources-display-component---newResourceUnit--resource-anchor\"]"}
COMMAND: POST /session/6942dd4aefa05acfe787f49b28130ab8/element/f.F18A487FCC2B115A863E771091ABB869.d.B1AA1E300E503D517F4E3DACDA058DC1.e.3964/click - {}
RESULT: {}
COMMAND: POST /session/6942dd4aefa05acfe787f49b28130ab8/execute/async - {"script":"<script> [1562 bytes]","args":[{"selector":{"id":"application-manageresources-display-component---newResourceUnit--PLANNED_DELIVERY_DATE","interaction":{"idSuffix":"inner"}},"wdio_ui5_key":"applicationmanageresources-display-component---newResourceUnit--PLANNED_DELIVERY_DATE"}]}
COMMAND: GET /session/6942dd4aefa05acfe787f49b28130ab8/screenshot - {}
RESULT: {"script":"<script> [1562 bytes]","args":[{"selector":{"id":"application-manageresources-display-component---newResourceUnit--PLANNED_DELIVERY_DATE","interaction":{"idSuffix":"inner"}},"wdio_ui5_key":"applicationmanageresources-display-component---newResourceUnit--PLANNED_DELIVERY_DATE"}]}
RESULT: undefined
COMMAND: POST /session/6942dd4aefa05acfe787f49b28130ab8/execute/async - {"script":"<script> [6424 bytes]","args":[{"element-6066-11e4-a52e-4f735466cecf":"f.F18A487FCC2B115A863E771091ABB869.d.B1AA1E300E503D517F4E3DACDA058DC1.e.3794"},"setValue",["06/27/24"]]}
RESULT: {}
RESULT: {"script":"<script> [6424 bytes]","args":[{"element-6066-11e4-a52e-4f735466cecf":"f.F18A487FCC2B115A863E771091ABB869.d.B1AA1E300E503D517F4E3DACDA058DC1.e.3794"},"setValue",["06/27/24"]]}
COMMAND: POST /session/6942dd4aefa05acfe787f49b28130ab8/execute/async - {"script":"<script> [1562 bytes]","args":[{"selector":{"id":"application-manageresources-display-component---newResourceUnit--RETIRE_PLANNED_DATE","interaction":{"idSuffix":"inner"}},"wdio_ui5_key":"applicationmanageresources-display-component---newResourceUnit--RETIRE_PLANNED_DATE"}]}
RESULT: {"script":"<script> [1562 bytes]","args":[{"selector":{"id":"application-manageresources-display-component---newResourceUnit--RETIRE_PLANNED_DATE","interaction":{"idSuffix":"inner"}},"wdio_ui5_key":"applicationmanageresources-display-component---newResourceUnit--RETIRE_PLANNED_DATE"}]}
RESULT: undefined
COMMAND: POST /session/6942dd4aefa05acfe787f49b28130ab8/execute/async - {"script":"<script> [776 bytes]","args":[{"enterText":"3/14/29","selector":{"id":"application-manageresources-display-component---newResourceUnit--RETIRE_PLANNED_DATE","interaction":{"idSuffix":"inner"}},"clearTextFirst":true,"interactionType":"ENTER_TEXT"}]}
RESULT: {"script":"<script> [776 bytes]","args":[{"enterText":"3/14/29","selector":{"id":"application-manageresources-display-component---newResourceUnit--RETIRE_PLANNED_DATE","interaction":{"idSuffix":"inner"}},"clearTextFirst":true,"interactionType":"ENTER_TEXT"}]}
COMMAND: POST /session/6942dd4aefa05acfe787f49b28130ab8/execute/async - {"script":"<script> [1562 bytes]","args":[{"selector":{"controlType":"sap.m.Button","viewName":"reusables.view.manageresources.NewResourceUnit","viewId":"application-manageresources-display-component---newResourceUnit","i18NText":{"propertyName":"tooltip","key":"save"},"interaction":{"idSuffix":"BDI-content"}},"wdio_ui5_key":"reusablesview.manageresources.NewResourceUnitsap.m.Button{\"propertyName\":\"tooltip\",\"key\":\"save\"}"}]}
RESULT: {"script":"<script> [1562 bytes]","args":[{"selector":{"controlType":"sap.m.Button","viewName":"reusables.view.manageresources.NewResourceUnit","viewId":"application-manageresources-display-component---newResourceUnit","i18NText":{"propertyName":"tooltip","key":"save"},"interaction":{"idSuffix":"BDI-content"}},"wdio_ui5_key":"reusablesview.manageresources.NewResourceUnitsap.m.Button{\"propertyName\":\"tooltip\",\"key\":\"save\"}"}]}
RESULT: undefined
COMMAND: POST /session/6942dd4aefa05acfe787f49b28130ab8/element - {"using":"xpath","value":"//*[@id=\"application-manageresources-display-component---newResourceUnit--createRuButton\"]"}
RESULT: {"using":"xpath","value":"//*[@id=\"application-manageresources-display-component---newResourceUnit--createRuButton\"]"}
COMMAND: POST /session/6942dd4aefa05acfe787f49b28130ab8/element/f.F18A487FCC2B115A863E771091ABB869.d.B1AA1E300E503D517F4E3DACDA058DC1.e.3753/click - {}
RESULT: {}
COMMAND: GET /session/6942dd4aefa05acfe787f49b28130ab8/screenshot - {}
RESULT: {}
COMMAND: POST /session/6942dd4aefa05acfe787f49b28130ab8/execute/async - {"script":"<script> [1562 bytes]","args":[{"selector":{"controlType":"sap.m.Button","properties":{"text":"Close"},"searchOpenDialogs":true,"interaction":{"idSuffix":"inner"}},"wdio_ui5_key":"sapm.Button{\"text\":\"Close\"}"}]}
RESULT: {"script":"<script> [1562 bytes]","args":[{"selector":{"controlType":"sap.m.Button","properties":{"text":"Close"},"searchOpenDialogs":true,"interaction":{"idSuffix":"inner"}},"wdio_ui5_key":"sapm.Button{\"text\":\"Close\"}"}]}
RESULT: undefined
COMMAND: POST /session/6942dd4aefa05acfe787f49b28130ab8/element - {"using":"xpath","value":"//*[@id=\"__mbox-btn-0\"]"}
RESULT: {"using":"xpath","value":"//*[@id=\"__mbox-btn-0\"]"}
COMMAND: POST /session/6942dd4aefa05acfe787f49b28130ab8/element/f.F18A487FCC2B115A863E771091ABB869.d.B1AA1E300E503D517F4E3DACDA058DC1.e.3972/click - {}
RESULT: {}
COMMAND: GET /session/6942dd4aefa05acfe787f49b28130ab8/screenshot - {}
RESULT: {}
COMMAND: POST /session/6942dd4aefa05acfe787f49b28130ab8/execute/async - {"script":"<script> [1562 bytes]","args":[{"selector":{"controlType":"sap.m.Text","viewName":"etm.portal.ui.manageresources.view.Detail","viewId":"application-manageresources-display-component---detailRU","bindingPath":{"propertyPath":"ID","modelName":"catalogModel"}},"wdio_ui5_key":"etmportal.ui.manageresources.view.Detailsap.m.Text{\"propertyPath\":\"ID\",\"modelName\":\"catalogModel\"}"}]}
RESULT: {"script":"<script> [1562 bytes]","args":[{"selector":{"controlType":"sap.m.Text","viewName":"etm.portal.ui.manageresources.view.Detail","viewId":"application-manageresources-display-component---detailRU","bindingPath":{"propertyPath":"ID","modelName":"catalogModel"}},"wdio_ui5_key":"etmportal.ui.manageresources.view.Detailsap.m.Text{\"propertyPath\":\"ID\",\"modelName\":\"catalogModel\"}"}]}
RESULT: undefined
COMMAND: POST /session/6942dd4aefa05acfe787f49b28130ab8/execute/async - {"script":"<script> [6424 bytes]","args":[{"element-6066-11e4-a52e-4f735466cecf":"f.F18A487FCC2B115A863E771091ABB869.d.B1AA1E300E503D517F4E3DACDA058DC1.e.4029"},"getText",[]]}
RESULT: {"script":"<script> [6424 bytes]","args":[{"element-6066-11e4-a52e-4f735466cecf":"f.F18A487FCC2B115A863E771091ABB869.d.B1AA1E300E503D517F4E3DACDA058DC1.e.4029"},"getText",[]]}
COMMAND: POST /session/6942dd4aefa05acfe787f49b28130ab8/element - {"using":"css selector","value":"#shell-header-logo"}
RESULT: {"using":"css selector","value":"#shell-header-logo"}
COMMAND: POST /session/6942dd4aefa05acfe787f49b28130ab8/element/f.F18A487FCC2B115A863E771091ABB869.d.B1AA1E300E503D517F4E3DACDA058DC1.e.3378/click - {}
RESULT: {}
COMMAND: GET /session/6942dd4aefa05acfe787f49b28130ab8/screenshot - {}
RESULT: {}
COMMAND: POST /session/6942dd4aefa05acfe787f49b28130ab8/execute/async - {"script":"<script> [1562 bytes]","args":[{"selector":{"controlType":"sap.m.GenericTile","properties":{"header":"Manage Catalogs"}},"wdio_ui5_key":"sapm.GenericTile{\"header\":\"Manage Catalogs\"}"}]}
RESULT: {"script":"<script> [1562 bytes]","args":[{"selector":{"controlType":"sap.m.GenericTile","properties":{"header":"Manage Catalogs"}},"wdio_ui5_key":"sapm.GenericTile{\"header\":\"Manage Catalogs\"}"}]}
RESULT: undefined
COMMAND: POST /session/6942dd4aefa05acfe787f49b28130ab8/element - {"using":"xpath","value":"//*[@id=\"__tile37\"]"}
RESULT: {"using":"xpath","value":"//*[@id=\"__tile37\"]"}
COMMAND: POST /session/6942dd4aefa05acfe787f49b28130ab8/element/f.F18A487FCC2B115A863E771091ABB869.d.B1AA1E300E503D517F4E3DACDA058DC1.e.4031/click - {}
RESULT: {}
COMMAND: GET /session/6942dd4aefa05acfe787f49b28130ab8/screenshot - {}
RESULT: {}
COMMAND: POST /session/6942dd4aefa05acfe787f49b28130ab8/elements - {"using":"xpath","value":"//span[text()='Error']"}
RESULT: {"using":"xpath","value":"//span[text()='Error']"}
COMMAND: POST /session/6942dd4aefa05acfe787f49b28130ab8/execute/async - {"script":"<script> [1562 bytes]","args":[{"selector":{"controlType":"sap.m.Text","viewName":"etm.portal.ui.managecatalogs.view.MasterCatalogs","viewId":"application-managecatalogs-display-component---masterCatalogs","bindingPath":{"path":"/Catalogs('0D7502D073D53A0F1700BE067B89AFF9')","propertyPath":"DESCRIPTION","modelName":"catalogModel"}},"wdio_ui5_key":"etmportal.ui.managecatalogs.view.MasterCatalogssap.m.Text{\"path\":\"/Catalogs('0D7502D073D53A0F1700BE067B89AFF9')\",\"propertyPath\":\"DESCRIPTION\",\"modelName\":\"catalogModel\"}"}]}
RESULT: {"script":"<script> [1562 bytes]","args":[{"selector":{"controlType":"sap.m.Text","viewName":"etm.portal.ui.managecatalogs.view.MasterCatalogs","viewId":"application-managecatalogs-display-component---masterCatalogs","bindingPath":{"path":"/Catalogs('0D7502D073D53A0F1700BE067B89AFF9')","propertyPath":"DESCRIPTION","modelName":"catalogModel"}},"wdio_ui5_key":"etmportal.ui.managecatalogs.view.MasterCatalogssap.m.Text{\"path\":\"/Catalogs('0D7502D073D53A0F1700BE067B89AFF9')\",\"propertyPath\":\"DESCRIPTION\",\"modelName\":\"catalogModel\"}"}]}
RESULT: undefined
COMMAND: POST /session/6942dd4aefa05acfe787f49b28130ab8/element - {"using":"xpath","value":"//*[@id=\"__text1058-application-managecatalogs-display-component---masterCatalogs--CatalogsTable-11\"]"}
RESULT: {"using":"xpath","value":"//*[@id=\"__text1058-application-managecatalogs-display-component---masterCatalogs--CatalogsTable-11\"]"}
COMMAND: POST /session/6942dd4aefa05acfe787f49b28130ab8/element/f.F18A487FCC2B115A863E771091ABB869.d.B1AA1E300E503D517F4E3DACDA058DC1.e.4101/click - {}
RESULT: {}
COMMAND: POST /session/6942dd4aefa05acfe787f49b28130ab8/execute/async - {"script":"<script> [1562 bytes]","args":[{"selector":{"controlType":"sap.ui.layout.HorizontalLayout","viewName":"etm.portal.ui.managecatalogs.view.MasterItems","viewId":"application-managecatalogs-display-component---masterCatalogItems","ancestor":{"id":"application-managecatalogs-display-component---masterCatalogItems--idCatalogItemsTree-rows-row0"}},"wdio_ui5_key":"etmportal.ui.managecatalogs.view.MasterItemssap.ui.layout.HorizontalLayout{\"id\":\"application-managecatalogs-display-component---masterCatalogItems--idCatalogItemsTree-rows-row0\"}"}]}
COMMAND: GET /session/6942dd4aefa05acfe787f49b28130ab8/screenshot - {}
RESULT: {"script":"<script> [1562 bytes]","args":[{"selector":{"controlType":"sap.ui.layout.HorizontalLayout","viewName":"etm.portal.ui.managecatalogs.view.MasterItems","viewId":"application-managecatalogs-display-component---masterCatalogItems","ancestor":{"id":"application-managecatalogs-display-component---masterCatalogItems--idCatalogItemsTree-rows-row0"}},"wdio_ui5_key":"etmportal.ui.managecatalogs.view.MasterItemssap.ui.layout.HorizontalLayout{\"id\":\"application-managecatalogs-display-component---masterCatalogItems--idCatalogItemsTree-rows-row0\"}"}]}
RESULT: undefined
COMMAND: POST /session/6942dd4aefa05acfe787f49b28130ab8/element - {"using":"xpath","value":"//*[@id=\"__layout302-__clone1716\"]"}
RESULT: {}
RESULT: {"using":"xpath","value":"//*[@id=\"__layout302-__clone1716\"]"}
COMMAND: POST /session/6942dd4aefa05acfe787f49b28130ab8/element/f.F18A487FCC2B115A863E771091ABB869.d.B1AA1E300E503D517F4E3DACDA058DC1.e.4135/click - {}
RESULT: {}
COMMAND: GET /session/6942dd4aefa05acfe787f49b28130ab8/screenshot - {}
COMMAND: POST /session/6942dd4aefa05acfe787f49b28130ab8/execute/async - {"script":"<script> [1562 bytes]","args":[{"selector":{"controlType":"sap.m.Button","viewName":"etm.portal.ui.managecatalogs.view.Detail","viewId":"application-managecatalogs-display-component---detailCatalog","i18NText":{"propertyName":"text","key":"edit"},"interaction":{"idSuffix":"BDI-content"}},"wdio_ui5_key":"etmportal.ui.managecatalogs.view.Detailsap.m.Button{\"propertyName\":\"text\",\"key\":\"edit\"}"}]}
RESULT: {}
RESULT: {"script":"<script> [1562 bytes]","args":[{"selector":{"controlType":"sap.m.Button","viewName":"etm.portal.ui.managecatalogs.view.Detail","viewId":"application-managecatalogs-display-component---detailCatalog","i18NText":{"propertyName":"text","key":"edit"},"interaction":{"idSuffix":"BDI-content"}},"wdio_ui5_key":"etmportal.ui.managecatalogs.view.Detailsap.m.Button{\"propertyName\":\"text\",\"key\":\"edit\"}"}]}
RESULT: undefined
COMMAND: POST /session/6942dd4aefa05acfe787f49b28130ab8/element - {"using":"xpath","value":"//*[@id=\"__button134\"]"}
RESULT: {"using":"xpath","value":"//*[@id=\"__button134\"]"}
COMMAND: POST /session/6942dd4aefa05acfe787f49b28130ab8/element/f.F18A487FCC2B115A863E771091ABB869.d.B1AA1E300E503D517F4E3DACDA058DC1.e.4251/click - {}
RESULT: {}
COMMAND: GET /session/6942dd4aefa05acfe787f49b28130ab8/screenshot - {}
RESULT: {}
COMMAND: POST /session/6942dd4aefa05acfe787f49b28130ab8/element - {"using":"xpath","value":"//bdi[contains(text(), \"Unlock\")]"}
RESULT: {"using":"xpath","value":"//bdi[contains(text(), \"Unlock\")]"}
COMMAND: POST /session/6942dd4aefa05acfe787f49b28130ab8/elements - {"using":"xpath","value":"//bdi[contains(text(), \"Unlock\")]"}
RESULT: {"using":"xpath","value":"//bdi[contains(text(), \"Unlock\")]"}
COMMAND: POST /session/6942dd4aefa05acfe787f49b28130ab8/execute/async - {"script":"<script> [1562 bytes]","args":[{"selector":{"controlType":"sap.ui.core.Icon","viewName":"etm.portal.ui.managecatalogs.view.Detail","viewId":"application-managecatalogs-display-component---detailCatalog","properties":{"src":{"regex":{"source":"add\\-folder"}}}},"wdio_ui5_key":"etmportal.ui.managecatalogs.view.Detailsap.ui.core.Icon{\"src\":{\"regex\":{\"source\":\"add\\\\-folder\"}}}"}]}
RESULT: {"script":"<script> [1562 bytes]","args":[{"selector":{"controlType":"sap.ui.core.Icon","viewName":"etm.portal.ui.managecatalogs.view.Detail","viewId":"application-managecatalogs-display-component---detailCatalog","properties":{"src":{"regex":{"source":"add\\-folder"}}}},"wdio_ui5_key":"etmportal.ui.managecatalogs.view.Detailsap.ui.core.Icon{\"src\":{\"regex\":{\"source\":\"add\\\\-folder\"}}}"}]}
RESULT: undefined
COMMAND: POST /session/6942dd4aefa05acfe787f49b28130ab8/element - {"using":"xpath","value":"//*[@id=\"__button142-img\"]"}
RESULT: {"using":"xpath","value":"//*[@id=\"__button142-img\"]"}
COMMAND: POST /session/6942dd4aefa05acfe787f49b28130ab8/element/f.F18A487FCC2B115A863E771091ABB869.d.B1AA1E300E503D517F4E3DACDA058DC1.e.4259/click - {}
RESULT: {}
COMMAND: GET /session/6942dd4aefa05acfe787f49b28130ab8/screenshot - {}
RESULT: {}
COMMAND: POST /session/6942dd4aefa05acfe787f49b28130ab8/execute/async - {"script":"<script> [1562 bytes]","args":[{"selector":{"id":"application-managecatalogs-display-component---detailCatalog--numberInput","searchOpenDialogs":true,"interaction":{"idSuffix":"inner"}},"wdio_ui5_key":"applicationmanagecatalogs-display-component---detailCatalog--numberInput"}]}
RESULT: {"script":"<script> [1562 bytes]","args":[{"selector":{"id":"application-managecatalogs-display-component---detailCatalog--numberInput","searchOpenDialogs":true,"interaction":{"idSuffix":"inner"}},"wdio_ui5_key":"applicationmanagecatalogs-display-component---detailCatalog--numberInput"}]}
RESULT: undefined
COMMAND: POST /session/6942dd4aefa05acfe787f49b28130ab8/execute/async - {"script":"<script> [776 bytes]","args":[{"enterText":"Sectioncoxjfj","selector":{"id":"application-managecatalogs-display-component---detailCatalog--numberInput","searchOpenDialogs":true,"interaction":{"idSuffix":"inner"}},"clearTextFirst":true,"interactionType":"ENTER_TEXT"}]}
RESULT: {"script":"<script> [776 bytes]","args":[{"enterText":"Sectioncoxjfj","selector":{"id":"application-managecatalogs-display-component---detailCatalog--numberInput","searchOpenDialogs":true,"interaction":{"idSuffix":"inner"}},"clearTextFirst":true,"interactionType":"ENTER_TEXT"}]}
COMMAND: POST /session/6942dd4aefa05acfe787f49b28130ab8/element - {"using":"css selector","value":"#application-managecatalogs-display-component---detailCatalog--nameInput-inner"}
RESULT: {"using":"css selector","value":"#application-managecatalogs-display-component---detailCatalog--nameInput-inner"}
COMMAND: POST /session/6942dd4aefa05acfe787f49b28130ab8/elements - {"using":"css selector","value":"#application-managecatalogs-display-component---detailCatalog--nameInput-inner"}
RESULT: {"using":"css selector","value":"#application-managecatalogs-display-component---detailCatalog--nameInput-inner"}
COMMAND: POST /session/6942dd4aefa05acfe787f49b28130ab8/element/f.F18A487FCC2B115A863E771091ABB869.d.B1AA1E300E503D517F4E3DACDA058DC1.e.4263/clear - {}
RESULT: {}
COMMAND: POST /session/6942dd4aefa05acfe787f49b28130ab8/element/f.F18A487FCC2B115A863E771091ABB869.d.B1AA1E300E503D517F4E3DACDA058DC1.e.4263/value - {"text":"Webdriverw33enj"}
COMMAND: GET /session/6942dd4aefa05acfe787f49b28130ab8/screenshot - {}
RESULT: {"text":"Webdriverw33enj"}
COMMAND: POST /session/6942dd4aefa05acfe787f49b28130ab8/execute/async - {"script":"<script> [1562 bytes]","args":[{"selector":{"controlType":"sap.m.Button","viewName":"etm.portal.ui.managecatalogs.view.Detail","viewId":"application-managecatalogs-display-component---detailCatalog","i18NText":{"propertyName":"text","key":"create"},"searchOpenDialogs":true,"interaction":{"idSuffix":"BDI-content"}},"wdio_ui5_key":"etmportal.ui.managecatalogs.view.Detailsap.m.Button{\"propertyName\":\"text\",\"key\":\"create\"}"}]}
COMMAND: GET /session/6942dd4aefa05acfe787f49b28130ab8/screenshot - {}
RESULT: {}
RESULT: {"script":"<script> [1562 bytes]","args":[{"selector":{"controlType":"sap.m.Button","viewName":"etm.portal.ui.managecatalogs.view.Detail","viewId":"application-managecatalogs-display-component---detailCatalog","i18NText":{"propertyName":"text","key":"create"},"searchOpenDialogs":true,"interaction":{"idSuffix":"BDI-content"}},"wdio_ui5_key":"etmportal.ui.managecatalogs.view.Detailsap.m.Button{\"propertyName\":\"text\",\"key\":\"create\"}"}]}
RESULT: undefined
COMMAND: POST /session/6942dd4aefa05acfe787f49b28130ab8/element - {"using":"xpath","value":"//*[@id=\"__button112\"]"}
RESULT: {}
RESULT: {"using":"xpath","value":"//*[@id=\"__button112\"]"}
COMMAND: POST /session/6942dd4aefa05acfe787f49b28130ab8/element/f.F18A487FCC2B115A863E771091ABB869.d.B1AA1E300E503D517F4E3DACDA058DC1.e.4268/click - {}
RESULT: {}
COMMAND: GET /session/6942dd4aefa05acfe787f49b28130ab8/screenshot - {}
RESULT: {}
COMMAND: POST /session/6942dd4aefa05acfe787f49b28130ab8/element - {"using":"xpath","value":"//button[@title=\"Save\"]"}
RESULT: {"using":"xpath","value":"//button[@title=\"Save\"]"}
COMMAND: POST /session/6942dd4aefa05acfe787f49b28130ab8/element/f.F18A487FCC2B115A863E771091ABB869.d.B1AA1E300E503D517F4E3DACDA058DC1.e.4269/click - {}
RESULT: {}
COMMAND: POST /session/6942dd4aefa05acfe787f49b28130ab8/execute/async - {"script":"<script> [1562 bytes]","args":[{"selector":{"controlType":"sap.ui.core.Icon","viewName":"etm.portal.ui.managecatalogs.view.Detail","viewId":"application-managecatalogs-display-component---detailCatalog","properties":{"src":{"regex":{"source":"decline"}}}},"wdio_ui5_key":"etmportal.ui.managecatalogs.view.Detailsap.ui.core.Icon{\"src\":{\"regex\":{\"source\":\"decline\"}}}"}]}
COMMAND: GET /session/6942dd4aefa05acfe787f49b28130ab8/screenshot - {}
RESULT: {"script":"<script> [1562 bytes]","args":[{"selector":{"controlType":"sap.ui.core.Icon","viewName":"etm.portal.ui.managecatalogs.view.Detail","viewId":"application-managecatalogs-display-component---detailCatalog","properties":{"src":{"regex":{"source":"decline"}}}},"wdio_ui5_key":"etmportal.ui.managecatalogs.view.Detailsap.ui.core.Icon{\"src\":{\"regex\":{\"source\":\"decline\"}}}"}]}
RESULT: undefined
COMMAND: POST /session/6942dd4aefa05acfe787f49b28130ab8/element - {"using":"xpath","value":"//*[@id=\"__button137-img\"]"}
RESULT: {}
RESULT: {"using":"xpath","value":"//*[@id=\"__button137-img\"]"}
COMMAND: POST /session/6942dd4aefa05acfe787f49b28130ab8/element/f.F18A487FCC2B115A863E771091ABB869.d.B1AA1E300E503D517F4E3DACDA058DC1.e.4275/click - {}
RESULT: {}
COMMAND: GET /session/6942dd4aefa05acfe787f49b28130ab8/screenshot - {}
RESULT: {}
COMMAND: POST /session/6942dd4aefa05acfe787f49b28130ab8/execute/async - {"script":"<script> [1562 bytes]","args":[{"selector":{"controlType":"sap.ui.core.Icon","viewName":"etm.portal.ui.managecatalogs.view.MasterItems","viewId":"application-managecatalogs-display-component---masterCatalogItems","properties":{"src":{"regex":{"source":"refresh"}}}},"wdio_ui5_key":"etmportal.ui.managecatalogs.view.MasterItemssap.ui.core.Icon{\"src\":{\"regex\":{\"source\":\"refresh\"}}}"}]}
RESULT: {"script":"<script> [1562 bytes]","args":[{"selector":{"controlType":"sap.ui.core.Icon","viewName":"etm.portal.ui.managecatalogs.view.MasterItems","viewId":"application-managecatalogs-display-component---masterCatalogItems","properties":{"src":{"regex":{"source":"refresh"}}}},"wdio_ui5_key":"etmportal.ui.managecatalogs.view.MasterItemssap.ui.core.Icon{\"src\":{\"regex\":{\"source\":\"refresh\"}}}"}]}
RESULT: undefined
COMMAND: POST /session/6942dd4aefa05acfe787f49b28130ab8/element - {"using":"xpath","value":"//*[@id=\"__button110-img\"]"}
RESULT: {"using":"xpath","value":"//*[@id=\"__button110-img\"]"}
COMMAND: POST /session/6942dd4aefa05acfe787f49b28130ab8/element/f.F18A487FCC2B115A863E771091ABB869.d.B1AA1E300E503D517F4E3DACDA058DC1.e.4311/click - {}
RESULT: {}
COMMAND: POST /session/6942dd4aefa05acfe787f49b28130ab8/execute/async - {"script":"<script> [1562 bytes]","args":[{"selector":{"id":"application-managecatalogs-display-component---masterCatalogItems--searchItemsField","interaction":{"idSuffix":"I"}},"wdio_ui5_key":"applicationmanagecatalogs-display-component---masterCatalogItems--searchItemsField"}]}
COMMAND: GET /session/6942dd4aefa05acfe787f49b28130ab8/screenshot - {}
RESULT: {"script":"<script> [1562 bytes]","args":[{"selector":{"id":"application-managecatalogs-display-component---masterCatalogItems--searchItemsField","interaction":{"idSuffix":"I"}},"wdio_ui5_key":"applicationmanagecatalogs-display-component---masterCatalogItems--searchItemsField"}]}
RESULT: undefined
COMMAND: POST /session/6942dd4aefa05acfe787f49b28130ab8/execute/async - {"script":"<script> [776 bytes]","args":[{"enterText":"Webdriverw33enj","selector":{"id":"application-managecatalogs-display-component---masterCatalogItems--searchItemsField","interaction":{"idSuffix":"I"}},"clearTextFirst":true,"interactionType":"ENTER_TEXT"}]}
RESULT: {}
RESULT: {"script":"<script> [776 bytes]","args":[{"enterText":"Webdriverw33enj","selector":{"id":"application-managecatalogs-display-component---masterCatalogItems--searchItemsField","interaction":{"idSuffix":"I"}},"clearTextFirst":true,"interactionType":"ENTER_TEXT"}]}
COMMAND: POST /session/6942dd4aefa05acfe787f49b28130ab8/actions - {"actions":[{"id":"action10","type":"key","parameters":{},"actions":[{"type":"keyDown","value":""},{"type":"pause","duration":10},{"type":"keyUp","value":""}]}]}
RESULT: {"actions":[{"id":"action10","type":"key","parameters":{},"actions":[{"type":"keyDown","value":""},{"type":"pause","duration":10},{"type":"keyUp","value":""}]}]}
COMMAND: POST /session/6942dd4aefa05acfe787f49b28130ab8/element - {"using":"xpath","value":"(//span[contains(text(), \"Webdriverw33enj\")])[1]"}
COMMAND: GET /session/6942dd4aefa05acfe787f49b28130ab8/screenshot - {}
RESULT: {"using":"xpath","value":"(//span[contains(text(), \"Webdriverw33enj\")])[1]"}
COMMAND: POST /session/6942dd4aefa05acfe787f49b28130ab8/element/f.F18A487FCC2B115A863E771091ABB869.d.B1AA1E300E503D517F4E3DACDA058DC1.e.4314/click - {}
RESULT: {}
RESULT: {}
COMMAND: GET /session/6942dd4aefa05acfe787f49b28130ab8/screenshot - {}
RESULT: {}
RESULT: undefined
COMMAND: POST /session/6942dd4aefa05acfe787f49b28130ab8/element - {"using":"xpath","value":"//*[@id=\"__button134\"]"}
RESULT: {"using":"xpath","value":"//*[@id=\"__button134\"]"}
COMMAND: POST /session/6942dd4aefa05acfe787f49b28130ab8/element/f.F18A487FCC2B115A863E771091ABB869.d.B1AA1E300E503D517F4E3DACDA058DC1.e.4351/click - {}
RESULT: {}
COMMAND: GET /session/6942dd4aefa05acfe787f49b28130ab8/screenshot - {}
RESULT: {}
RESULT: undefined
COMMAND: POST /session/6942dd4aefa05acfe787f49b28130ab8/element - {"using":"xpath","value":"//*[@id=\"__button142-img\"]"}
RESULT: {"using":"xpath","value":"//*[@id=\"__button142-img\"]"}
COMMAND: POST /session/6942dd4aefa05acfe787f49b28130ab8/element/f.F18A487FCC2B115A863E771091ABB869.d.B1AA1E300E503D517F4E3DACDA058DC1.e.4401/click - {}
RESULT: {}
COMMAND: GET /session/6942dd4aefa05acfe787f49b28130ab8/screenshot - {}
RESULT: {}
RESULT: undefined
COMMAND: POST /session/6942dd4aefa05acfe787f49b28130ab8/execute/async - {"script":"<script> [776 bytes]","args":[{"enterText":"SecondSectionmwhavl","selector":{"id":"application-managecatalogs-display-component---detailCatalog--numberInput","searchOpenDialogs":true,"interaction":{"idSuffix":"inner"}},"clearTextFirst":true,"interactionType":"ENTER_TEXT"}]}
RESULT: {"script":"<script> [776 bytes]","args":[{"enterText":"SecondSectionmwhavl","selector":{"id":"application-managecatalogs-display-component---detailCatalog--numberInput","searchOpenDialogs":true,"interaction":{"idSuffix":"inner"}},"clearTextFirst":true,"interactionType":"ENTER_TEXT"}]}
COMMAND: POST /session/6942dd4aefa05acfe787f49b28130ab8/element - {"using":"xpath","value":"//input[contains(@id ,\"application-managecatalogs-display-component---detailCatalog--nameInput-inner\")]"}
RESULT: {"using":"xpath","value":"//input[contains(@id ,\"application-managecatalogs-display-component---detailCatalog--nameInput-inner\")]"}
COMMAND: POST /session/6942dd4aefa05acfe787f49b28130ab8/elements - {"using":"xpath","value":"//input[contains(@id ,\"application-managecatalogs-display-component---detailCatalog--nameInput-inner\")]"}
RESULT: {"using":"xpath","value":"//input[contains(@id ,\"application-managecatalogs-display-component---detailCatalog--nameInput-inner\")]"}
COMMAND: POST /session/6942dd4aefa05acfe787f49b28130ab8/element/f.F18A487FCC2B115A863E771091ABB869.d.B1AA1E300E503D517F4E3DACDA058DC1.e.4405/clear - {}
RESULT: {}
COMMAND: POST /session/6942dd4aefa05acfe787f49b28130ab8/element/f.F18A487FCC2B115A863E771091ABB869.d.B1AA1E300E503D517F4E3DACDA058DC1.e.4405/value - {"text":"webdriversecond9urtm"}
COMMAND: GET /session/6942dd4aefa05acfe787f49b28130ab8/screenshot - {}
RESULT: {"text":"webdriversecond9urtm"}
RESULT: undefined
COMMAND: POST /session/6942dd4aefa05acfe787f49b28130ab8/element - {"using":"xpath","value":"//*[@id=\"__button112\"]"}
COMMAND: GET /session/6942dd4aefa05acfe787f49b28130ab8/screenshot - {}
RESULT: {}
RESULT: {"using":"xpath","value":"//*[@id=\"__button112\"]"}
COMMAND: POST /session/6942dd4aefa05acfe787f49b28130ab8/element/f.F18A487FCC2B115A863E771091ABB869.d.B1AA1E300E503D517F4E3DACDA058DC1.e.4409/click - {}
RESULT: {}
RESULT: {}
COMMAND: GET /session/6942dd4aefa05acfe787f49b28130ab8/screenshot - {}
RESULT: {}
COMMAND: POST /session/6942dd4aefa05acfe787f49b28130ab8/element - {"using":"xpath","value":"//button[@title=\"Save\"]"}
RESULT: {"using":"xpath","value":"//button[@title=\"Save\"]"}
COMMAND: POST /session/6942dd4aefa05acfe787f49b28130ab8/element/f.F18A487FCC2B115A863E771091ABB869.d.B1AA1E300E503D517F4E3DACDA058DC1.e.4387/click - {}
RESULT: {}
COMMAND: GET /session/6942dd4aefa05acfe787f49b28130ab8/screenshot - {}
RESULT: {}
RESULT: undefined
COMMAND: POST /session/6942dd4aefa05acfe787f49b28130ab8/element - {"using":"xpath","value":"//*[@id=\"__button137-img\"]"}
RESULT: {"using":"xpath","value":"//*[@id=\"__button137-img\"]"}
COMMAND: POST /session/6942dd4aefa05acfe787f49b28130ab8/element/f.F18A487FCC2B115A863E771091ABB869.d.B1AA1E300E503D517F4E3DACDA058DC1.e.4358/click - {}
RESULT: {}
COMMAND: GET /session/6942dd4aefa05acfe787f49b28130ab8/screenshot - {}
RESULT: {}
RESULT: undefined
COMMAND: POST /session/6942dd4aefa05acfe787f49b28130ab8/element - {"using":"xpath","value":"//*[@id=\"__button110-img\"]"}
RESULT: {"using":"xpath","value":"//*[@id=\"__button110-img\"]"}
COMMAND: POST /session/6942dd4aefa05acfe787f49b28130ab8/element/f.F18A487FCC2B115A863E771091ABB869.d.B1AA1E300E503D517F4E3DACDA058DC1.e.4447/click - {}
RESULT: {}
COMMAND: GET /session/6942dd4aefa05acfe787f49b28130ab8/screenshot - {}
RESULT: {}
RESULT: undefined
COMMAND: POST /session/6942dd4aefa05acfe787f49b28130ab8/execute/async - {"script":"<script> [776 bytes]","args":[{"enterText":"SecondSectionmwhavl","selector":{"id":"application-managecatalogs-display-component---masterCatalogItems--searchItemsField","interaction":{"idSuffix":"I"}},"clearTextFirst":true,"interactionType":"ENTER_TEXT"}]}
RESULT: {"script":"<script> [776 bytes]","args":[{"enterText":"SecondSectionmwhavl","selector":{"id":"application-managecatalogs-display-component---masterCatalogItems--searchItemsField","interaction":{"idSuffix":"I"}},"clearTextFirst":true,"interactionType":"ENTER_TEXT"}]}
COMMAND: POST /session/6942dd4aefa05acfe787f49b28130ab8/actions - {"actions":[{"id":"action11","type":"key","parameters":{},"actions":[{"type":"keyDown","value":""},{"type":"pause","duration":10},{"type":"keyUp","value":""}]}]}
RESULT: {"actions":[{"id":"action11","type":"key","parameters":{},"actions":[{"type":"keyDown","value":""},{"type":"pause","duration":10},{"type":"keyUp","value":""}]}]}
COMMAND: POST /session/6942dd4aefa05acfe787f49b28130ab8/element - {"using":"xpath","value":"(//span[contains(text(), \"SecondSectionmwhavl\")])[1]"}
COMMAND: GET /session/6942dd4aefa05acfe787f49b28130ab8/screenshot - {}
RESULT: {"using":"xpath","value":"(//span[contains(text(), \"SecondSectionmwhavl\")])[1]"}
COMMAND: POST /session/6942dd4aefa05acfe787f49b28130ab8/element/f.F18A487FCC2B115A863E771091ABB869.d.B1AA1E300E503D517F4E3DACDA058DC1.e.4450/click - {}
RESULT: {}
RESULT: {}
COMMAND: POST /session/6942dd4aefa05acfe787f49b28130ab8/element - {"using":"xpath","value":"(//span[contains(text(), \"SecondSectionmwhavl\")])[1]"}
COMMAND: GET /session/6942dd4aefa05acfe787f49b28130ab8/screenshot - {}
RESULT: {"using":"xpath","value":"(//span[contains(text(), \"SecondSectionmwhavl\")])[1]"}
COMMAND: GET /session/6942dd4aefa05acfe787f49b28130ab8/element/f.F18A487FCC2B115A863E771091ABB869.d.B1AA1E300E503D517F4E3DACDA058DC1.e.4450/text - {}
RESULT: {}
COMMAND: POST /session/6942dd4aefa05acfe787f49b28130ab8/element - {"using":"xpath","value":"(//span[contains(text(), \"SecondSectionmwhavl\")])[1]"}
RESULT: {"using":"xpath","value":"(//span[contains(text(), \"SecondSectionmwhavl\")])[1]"}
COMMAND: GET /session/6942dd4aefa05acfe787f49b28130ab8/element/f.F18A487FCC2B115A863E771091ABB869.d.B1AA1E300E503D517F4E3DACDA058DC1.e.4450/text - {}
COMMAND: POST /session/6942dd4aefa05acfe787f49b28130ab8/element - {"using":"xpath","value":"(//span[contains(text(), \"SecondSectionmwhavl\")])[1]"}
RESULT: {"using":"xpath","value":"(//span[contains(text(), \"SecondSectionmwhavl\")])[1]"}
COMMAND: GET /session/6942dd4aefa05acfe787f49b28130ab8/element/f.F18A487FCC2B115A863E771091ABB869.d.B1AA1E300E503D517F4E3DACDA058DC1.e.4503/text - {}
RESULT: {}
COMMAND: POST /session/6942dd4aefa05acfe787f49b28130ab8/refresh - {}
RESULT: {}
COMMAND: GET /session/6942dd4aefa05acfe787f49b28130ab8/screenshot - {}
RESULT: {}
COMMAND: POST /session/6942dd4aefa05acfe787f49b28130ab8/execute/async - {"script":"<script> [189 bytes]","args":[]}
RESULT: {"script":"<script> [189 bytes]","args":[]}
COMMAND: POST /session/6942dd4aefa05acfe787f49b28130ab8/execute/async - {"script":"<script> [123 bytes]","args":[]}
RESULT: {"script":"<script> [123 bytes]","args":[]}
COMMAND: POST /session/6942dd4aefa05acfe787f49b28130ab8/timeouts - {"script":"<number>"}
RESULT: {"script":"<number>"}
COMMAND: GET /session/6942dd4aefa05acfe787f49b28130ab8/timeouts - {}
RESULT: {}
RESULT: undefined
COMMAND: POST /session/6942dd4aefa05acfe787f49b28130ab8/execute/async - {"script":"<script> [2676 bytes]","args":[]}
RESULT: {"script":"<script> [2676 bytes]","args":[]}
COMMAND: POST /session/6942dd4aefa05acfe787f49b28130ab8/execute/async - {"script":"<script> [2342 bytes]","args":[{"protocol":"http","hostname":"0.0.0.0","path":"/","capabilities":{"browserName":"chrome","goog:chromeOptions":{"binary":"C:\\Program Files\\Google\\Chrome\\Application\\chrome.exe","args":["--start-maximized"]}},"logLevel":"warn","connectionRetryTimeout":120000,"connectionRetryCount":3,"logLevels":{},"enableDirectConnect":true,"strictSSL":true,"_":"65 more keys: [\"cacheDir\",\"port\",\"requestedCapabilities\",\"automationProtocol\",\"baseUrl\",\"waitforInterval\",\"waitforTimeout\",\"onReload\",\"beforeCommand\",\"afterCommand\",\"rootDir\",\"specs\",\"suites\",\"exclude\",\"groupLogsByTestSpec\",\"excludeDriverLogs\",\"bail\",\"framework\",\"reporters\",\"services\",\"maxInstances\",\"maxInstancesPerCapability\",\"injectGlobals\",\"filesToWatch\",\"execArgv\",\"runnerEnv\",\"runner\",\"shard\",\"specFileRetries\",\"specFileRetriesDelay\",\"specFileRetriesDeferred\",\"reporterSyncInterval\",\"reporterSyncTimeout\",\"cucumberFeaturesWithLineNumbers\",\"autoCompileOpts\",\"mochaOpts\",\"jasmineOpts\",\"cucumberOpts\",\"onPrepare\",\"onWorkerStart\",\"onWorkerEnd\",\"before\",\"beforeSession\",\"beforeSuite\",\"beforeHook\",\"beforeTest\",\"afterTest\",\"afterHook\",\"afterSuite\",\"afterSession\",\"after\",\"onComplete\",\"beforeAssertion\",\"afterAssertion\",\"beforeFeature\",\"beforeScenario\",\"beforeStep\",\"afterStep\",\"afterScenario\",\"afterFeature\",\"_\",\"suite\",\"$0\",\"ignoredWorkerServices\",\"wdi5\"]"}]}
RESULT: {"script":"<script> [2342 bytes]","args":[{"protocol":"http","hostname":"0.0.0.0","path":"/","capabilities":{"browserName":"chrome","goog:chromeOptions":{"binary":"C:\\Program Files\\Google\\Chrome\\Application\\chrome.exe","args":["--start-maximized"]}},"logLevel":"warn","connectionRetryTimeout":120000,"connectionRetryCount":3,"logLevels":{},"enableDirectConnect":true,"strictSSL":true,"_":"65 more keys: [\"cacheDir\",\"port\",\"requestedCapabilities\",\"automationProtocol\",\"baseUrl\",\"waitforInterval\",\"waitforTimeout\",\"onReload\",\"beforeCommand\",\"afterCommand\",\"rootDir\",\"specs\",\"suites\",\"exclude\",\"groupLogsByTestSpec\",\"excludeDriverLogs\",\"bail\",\"framework\",\"reporters\",\"services\",\"maxInstances\",\"maxInstancesPerCapability\",\"injectGlobals\",\"filesToWatch\",\"execArgv\",\"runnerEnv\",\"runner\",\"shard\",\"specFileRetries\",\"specFileRetriesDelay\",\"specFileRetriesDeferred\",\"reporterSyncInterval\",\"reporterSyncTimeout\",\"cucumberFeaturesWithLineNumbers\",\"autoCompileOpts\",\"mochaOpts\",\"jasmineOpts\",\"cucumberOpts\",\"onPrepare\",\"onWorkerStart\",\"onWorkerEnd\",\"before\",\"beforeSession\",\"beforeSuite\",\"beforeHook\",\"beforeTest\",\"afterTest\",\"afterHook\",\"afterSuite\",\"afterSession\",\"after\",\"onComplete\",\"beforeAssertion\",\"afterAssertion\",\"beforeFeature\",\"beforeScenario\",\"beforeStep\",\"afterStep\",\"afterScenario\",\"afterFeature\",\"_\",\"suite\",\"$0\",\"ignoredWorkerServices\",\"wdi5\"]"}]}
COMMAND: POST /session/6942dd4aefa05acfe787f49b28130ab8/execute/async - {"script":"<script> [21126 bytes]","args":[35000]}
RESULT: {"script":"<script> [21126 bytes]","args":[35000]}
COMMAND: POST /session/6942dd4aefa05acfe787f49b28130ab8/execute/async - {"script":"<script> [1562 bytes]","args":[{"selector":{"controlType":"sap.m.Button","viewName":"etm.portal.ui.managecatalogs.view.Detail","viewId":"application-managecatalogs-display-component---detailCatalog","i18NText":{"propertyName":"text","key":"edit"},"interaction":{"idSuffix":"BDI-content"}},"wdio_ui5_key":"etmportal.ui.managecatalogs.view.Detailsap.m.Button{\"propertyName\":\"text\",\"key\":\"edit\"}"}]}
RESULT: {"script":"<script> [1562 bytes]","args":[{"selector":{"controlType":"sap.m.Button","viewName":"etm.portal.ui.managecatalogs.view.Detail","viewId":"application-managecatalogs-display-component---detailCatalog","i18NText":{"propertyName":"text","key":"edit"},"interaction":{"idSuffix":"BDI-content"}},"wdio_ui5_key":"etmportal.ui.managecatalogs.view.Detailsap.m.Button{\"propertyName\":\"text\",\"key\":\"edit\"}"}]}
RESULT: undefined
COMMAND: POST /session/6942dd4aefa05acfe787f49b28130ab8/element - {"using":"xpath","value":"//*[@id=\"__button25\"]"}
RESULT: {"using":"xpath","value":"//*[@id=\"__button25\"]"}
COMMAND: POST /session/6942dd4aefa05acfe787f49b28130ab8/element/f.F18A487FCC2B115A863E771091ABB869.d.817897BFB56AEE09961CF7B08785BB5C.e.4560/click - {}
RESULT: {}
COMMAND: GET /session/6942dd4aefa05acfe787f49b28130ab8/screenshot - {}
RESULT: {}
COMMAND: POST /session/6942dd4aefa05acfe787f49b28130ab8/element - {"using":"xpath","value":"//button[contains(@title ,\"Create Catalog Item\")]"}
RESULT: {"using":"xpath","value":"//button[contains(@title ,\"Create Catalog Item\")]"}
COMMAND: POST /session/6942dd4aefa05acfe787f49b28130ab8/element/f.F18A487FCC2B115A863E771091ABB869.d.817897BFB56AEE09961CF7B08785BB5C.e.4567/click - {}
RESULT: {}
COMMAND: POST /session/6942dd4aefa05acfe787f49b28130ab8/execute/async - {"script":"<script> [1562 bytes]","args":[{"selector":{"id":"application-managecatalogs-display-component---detailCatalog--newItemNumberInput","searchOpenDialogs":true,"interaction":{"idSuffix":"inner"}},"wdio_ui5_key":"applicationmanagecatalogs-display-component---detailCatalog--newItemNumberInput"}]}
COMMAND: GET /session/6942dd4aefa05acfe787f49b28130ab8/screenshot - {}
RESULT: {"script":"<script> [1562 bytes]","args":[{"selector":{"id":"application-managecatalogs-display-component---detailCatalog--newItemNumberInput","searchOpenDialogs":true,"interaction":{"idSuffix":"inner"}},"wdio_ui5_key":"applicationmanagecatalogs-display-component---detailCatalog--newItemNumberInput"}]}
RESULT: undefined
COMMAND: POST /session/6942dd4aefa05acfe787f49b28130ab8/execute/async - {"script":"<script> [776 bytes]","args":[{"enterText":"catalogItem3q42q","selector":{"id":"application-managecatalogs-display-component---detailCatalog--newItemNumberInput","searchOpenDialogs":true,"interaction":{"idSuffix":"inner"}},"clearTextFirst":true,"interactionType":"ENTER_TEXT"}]}
RESULT: {}
RESULT: {"script":"<script> [776 bytes]","args":[{"enterText":"catalogItem3q42q","selector":{"id":"application-managecatalogs-display-component---detailCatalog--newItemNumberInput","searchOpenDialogs":true,"interaction":{"idSuffix":"inner"}},"clearTextFirst":true,"interactionType":"ENTER_TEXT"}]}
COMMAND: POST /session/6942dd4aefa05acfe787f49b28130ab8/execute/async - {"script":"<script> [1562 bytes]","args":[{"selector":{"controlType":"sap.m.Input","viewName":"etm.portal.ui.managecatalogs.view.Detail","viewId":"application-managecatalogs-display-component---detailCatalog","bindingPath":{"path":"","propertyPath":"/DESCRIPTION"},"searchOpenDialogs":true,"interaction":{"idSuffix":"inner"}},"wdio_ui5_key":"etmportal.ui.managecatalogs.view.Detailsap.m.Input{\"path\":\"\",\"propertyPath\":\"/DESCRIPTION\"}"}]}
RESULT: {"script":"<script> [1562 bytes]","args":[{"selector":{"controlType":"sap.m.Input","viewName":"etm.portal.ui.managecatalogs.view.Detail","viewId":"application-managecatalogs-display-component---detailCatalog","bindingPath":{"path":"","propertyPath":"/DESCRIPTION"},"searchOpenDialogs":true,"interaction":{"idSuffix":"inner"}},"wdio_ui5_key":"etmportal.ui.managecatalogs.view.Detailsap.m.Input{\"path\":\"\",\"propertyPath\":\"/DESCRIPTION\"}"}]}
RESULT: undefined
COMMAND: POST /session/6942dd4aefa05acfe787f49b28130ab8/execute/async - {"script":"<script> [776 bytes]","args":[{"enterText":"catalogItemName45zkp","selector":{"controlType":"sap.m.Input","viewName":"etm.portal.ui.managecatalogs.view.Detail","viewId":"application-managecatalogs-display-component---detailCatalog","bindingPath":{"path":"","propertyPath":"/DESCRIPTION"},"searchOpenDialogs":true,"interaction":{"idSuffix":"inner"}},"clearTextFirst":true,"interactionType":"ENTER_TEXT"}]}
RESULT: {"script":"<script> [776 bytes]","args":[{"enterText":"catalogItemName45zkp","selector":{"controlType":"sap.m.Input","viewName":"etm.portal.ui.managecatalogs.view.Detail","viewId":"application-managecatalogs-display-component---detailCatalog","bindingPath":{"path":"","propertyPath":"/DESCRIPTION"},"searchOpenDialogs":true,"interaction":{"idSuffix":"inner"}},"clearTextFirst":true,"interactionType":"ENTER_TEXT"}]}
COMMAND: POST /session/6942dd4aefa05acfe787f49b28130ab8/actions - {"actions":[{"id":"action12","type":"key","parameters":{},"actions":[{"type":"keyDown","value":""},{"type":"pause","duration":10},{"type":"keyUp","value":""}]}]}
RESULT: {"actions":[{"id":"action12","type":"key","parameters":{},"actions":[{"type":"keyDown","value":""},{"type":"pause","duration":10},{"type":"keyUp","value":""}]}]}
COMMAND: GET /session/6942dd4aefa05acfe787f49b28130ab8/screenshot - {}
RESULT: {}
COMMAND: POST /session/6942dd4aefa05acfe787f49b28130ab8/actions - {"actions":[{"id":"action13","type":"key","parameters":{},"actions":[{"type":"keyDown","value":""},{"type":"pause","duration":10},{"type":"keyUp","value":""}]}]}
RESULT: {"actions":[{"id":"action13","type":"key","parameters":{},"actions":[{"type":"keyDown","value":""},{"type":"pause","duration":10},{"type":"keyUp","value":""}]}]}
COMMAND: GET /session/6942dd4aefa05acfe787f49b28130ab8/screenshot - {}
RESULT: {}
COMMAND: POST /session/6942dd4aefa05acfe787f49b28130ab8/element - {"using":"xpath","value":"//button[@title=\"Save\"]"}
RESULT: {"using":"xpath","value":"//button[@title=\"Save\"]"}
COMMAND: POST /session/6942dd4aefa05acfe787f49b28130ab8/element/f.F18A487FCC2B115A863E771091ABB869.d.817897BFB56AEE09961CF7B08785BB5C.e.4576/click - {}
RESULT: {}
COMMAND: GET /session/6942dd4aefa05acfe787f49b28130ab8/screenshot - {}
RESULT: {}
COMMAND: POST /session/6942dd4aefa05acfe787f49b28130ab8/execute/async - {"script":"<script> [1562 bytes]","args":[{"selector":{"controlType":"sap.ui.core.Icon","viewName":"etm.portal.ui.managecatalogs.view.Detail","viewId":"application-managecatalogs-display-component---detailCatalog","properties":{"src":{"regex":{"source":"decline"}}}},"wdio_ui5_key":"etmportal.ui.managecatalogs.view.Detailsap.ui.core.Icon{\"src\":{\"regex\":{\"source\":\"decline\"}}}"}]}
RESULT: {"script":"<script> [1562 bytes]","args":[{"selector":{"controlType":"sap.ui.core.Icon","viewName":"etm.portal.ui.managecatalogs.view.Detail","viewId":"application-managecatalogs-display-component---detailCatalog","properties":{"src":{"regex":{"source":"decline"}}}},"wdio_ui5_key":"etmportal.ui.managecatalogs.view.Detailsap.ui.core.Icon{\"src\":{\"regex\":{\"source\":\"decline\"}}}"}]}
RESULT: undefined
COMMAND: POST /session/6942dd4aefa05acfe787f49b28130ab8/element - {"using":"xpath","value":"//*[@id=\"__button28-img\"]"}
RESULT: {"using":"xpath","value":"//*[@id=\"__button28-img\"]"}
COMMAND: POST /session/6942dd4aefa05acfe787f49b28130ab8/element/f.F18A487FCC2B115A863E771091ABB869.d.817897BFB56AEE09961CF7B08785BB5C.e.4581/click - {}
RESULT: {}
COMMAND: GET /session/6942dd4aefa05acfe787f49b28130ab8/screenshot - {}
RESULT: {}
COMMAND: POST /session/6942dd4aefa05acfe787f49b28130ab8/execute/async - {"script":"<script> [1562 bytes]","args":[{"selector":{"controlType":"sap.ui.core.Icon","viewName":"etm.portal.ui.managecatalogs.view.MasterItems","viewId":"application-managecatalogs-display-component---masterCatalogItems","properties":{"src":{"regex":{"source":"refresh"}}}},"wdio_ui5_key":"etmportal.ui.managecatalogs.view.MasterItemssap.ui.core.Icon{\"src\":{\"regex\":{\"source\":\"refresh\"}}}"}]}
RESULT: {"script":"<script> [1562 bytes]","args":[{"selector":{"controlType":"sap.ui.core.Icon","viewName":"etm.portal.ui.managecatalogs.view.MasterItems","viewId":"application-managecatalogs-display-component---masterCatalogItems","properties":{"src":{"regex":{"source":"refresh"}}}},"wdio_ui5_key":"etmportal.ui.managecatalogs.view.MasterItemssap.ui.core.Icon{\"src\":{\"regex\":{\"source\":\"refresh\"}}}"}]}
RESULT: undefined
COMMAND: POST /session/6942dd4aefa05acfe787f49b28130ab8/element - {"using":"xpath","value":"//*[@id=\"__button1-img\"]"}
RESULT: {"using":"xpath","value":"//*[@id=\"__button1-img\"]"}
COMMAND: POST /session/6942dd4aefa05acfe787f49b28130ab8/element/f.F18A487FCC2B115A863E771091ABB869.d.817897BFB56AEE09961CF7B08785BB5C.e.4590/click - {}
RESULT: {}
COMMAND: GET /session/6942dd4aefa05acfe787f49b28130ab8/screenshot - {}
RESULT: {}
COMMAND: POST /session/6942dd4aefa05acfe787f49b28130ab8/execute/async - {"script":"<script> [1562 bytes]","args":[{"selector":{"id":"application-managecatalogs-display-component---masterCatalogItems--searchItemsField","interaction":{"idSuffix":"I"}},"wdio_ui5_key":"applicationmanagecatalogs-display-component---masterCatalogItems--searchItemsField"}]}
RESULT: {"script":"<script> [1562 bytes]","args":[{"selector":{"id":"application-managecatalogs-display-component---masterCatalogItems--searchItemsField","interaction":{"idSuffix":"I"}},"wdio_ui5_key":"applicationmanagecatalogs-display-component---masterCatalogItems--searchItemsField"}]}
RESULT: undefined
COMMAND: POST /session/6942dd4aefa05acfe787f49b28130ab8/execute/async - {"script":"<script> [776 bytes]","args":[{"enterText":"catalogItemName45zkp","selector":{"id":"application-managecatalogs-display-component---masterCatalogItems--searchItemsField","interaction":{"idSuffix":"I"}},"clearTextFirst":true,"interactionType":"ENTER_TEXT"}]}
RESULT: {"script":"<script> [776 bytes]","args":[{"enterText":"catalogItemName45zkp","selector":{"id":"application-managecatalogs-display-component---masterCatalogItems--searchItemsField","interaction":{"idSuffix":"I"}},"clearTextFirst":true,"interactionType":"ENTER_TEXT"}]}
COMMAND: POST /session/6942dd4aefa05acfe787f49b28130ab8/actions - {"actions":[{"id":"action14","type":"key","parameters":{},"actions":[{"type":"keyDown","value":""},{"type":"pause","duration":10},{"type":"keyUp","value":""}]}]}
RESULT: {"actions":[{"id":"action14","type":"key","parameters":{},"actions":[{"type":"keyDown","value":""},{"type":"pause","duration":10},{"type":"keyUp","value":""}]}]}
COMMAND: POST /session/6942dd4aefa05acfe787f49b28130ab8/element - {"using":"xpath","value":"(//span[contains(text(), \"catalogItemName45zkp\")])[1]"}
COMMAND: GET /session/6942dd4aefa05acfe787f49b28130ab8/screenshot - {}
RESULT: {"using":"xpath","value":"(//span[contains(text(), \"catalogItemName45zkp\")])[1]"}
COMMAND: POST /session/6942dd4aefa05acfe787f49b28130ab8/element/f.F18A487FCC2B115A863E771091ABB869.d.817897BFB56AEE09961CF7B08785BB5C.e.4624/click - {}
RESULT: {}
RESULT: {}
COMMAND: GET /session/6942dd4aefa05acfe787f49b28130ab8/screenshot - {}
RESULT: {}
COMMAND: POST /session/6942dd4aefa05acfe787f49b28130ab8/element - {"using":"xpath","value":"//span[contains(text(), \"catalogItem3q42q\")]"}
RESULT: {"using":"xpath","value":"//span[contains(text(), \"catalogItem3q42q\")]"}
COMMAND: GET /session/6942dd4aefa05acfe787f49b28130ab8/element/f.F18A487FCC2B115A863E771091ABB869.d.817897BFB56AEE09961CF7B08785BB5C.e.4687/text - {}
RESULT: {}
]]></system-out>
    </testcase>
    <testcase classname="chrome.136_0_7103_93.windows.Standard_contract_-_add_contract_items_by_Insert_Request_US118222" name="Should assign resources to the catalog item" time="57.744">
      <system-out><![CDATA[
RESULT: undefined
COMMAND: POST /session/6942dd4aefa05acfe787f49b28130ab8/element - {"using":"xpath","value":"//*[@id=\"__button25\"]"}
RESULT: {"using":"xpath","value":"//*[@id=\"__button25\"]"}
COMMAND: POST /session/6942dd4aefa05acfe787f49b28130ab8/element/f.F18A487FCC2B115A863E771091ABB869.d.817897BFB56AEE09961CF7B08785BB5C.e.4688/click - {}
RESULT: {}
COMMAND: GET /session/6942dd4aefa05acfe787f49b28130ab8/screenshot - {}
RESULT: {}
COMMAND: POST /session/6942dd4aefa05acfe787f49b28130ab8/execute/async - {"script":"<script> [1562 bytes]","args":[{"selector":{"id":"application-managecatalogs-display-component---detailCatalog--BASE_UNIT_OF_MEASURE-arrow"},"wdio_ui5_key":"applicationmanagecatalogs-display-component---detailCatalog--BASE_UNIT_OF_MEASURE-arrow"}]}
RESULT: {"script":"<script> [1562 bytes]","args":[{"selector":{"id":"application-managecatalogs-display-component---detailCatalog--BASE_UNIT_OF_MEASURE-arrow"},"wdio_ui5_key":"applicationmanagecatalogs-display-component---detailCatalog--BASE_UNIT_OF_MEASURE-arrow"}]}
RESULT: undefined
COMMAND: POST /session/6942dd4aefa05acfe787f49b28130ab8/element - {"using":"xpath","value":"//*[@id=\"application-managecatalogs-display-component---detailCatalog--BASE_UNIT_OF_MEASURE-arrow\"]"}
RESULT: {"using":"xpath","value":"//*[@id=\"application-managecatalogs-display-component---detailCatalog--BASE_UNIT_OF_MEASURE-arrow\"]"}
COMMAND: POST /session/6942dd4aefa05acfe787f49b28130ab8/element/f.F18A487FCC2B115A863E771091ABB869.d.817897BFB56AEE09961CF7B08785BB5C.e.4716/click - {}
RESULT: {}
COMMAND: POST /session/6942dd4aefa05acfe787f49b28130ab8/execute/async - {"script":"<script> [1562 bytes]","args":[{"selector":{"controlType":"sap.m.StandardListItem","viewName":"etm.portal.ui.managecatalogs.view.Detail","viewId":"application-managecatalogs-display-component---detailCatalog","properties":{"title":"Piece"},"searchOpenDialogs":true,"interaction":{"idSuffix":"titleText"}},"wdio_ui5_key":"etmportal.ui.managecatalogs.view.Detailsap.m.StandardListItem{\"title\":\"Piece\"}"}]}
COMMAND: GET /session/6942dd4aefa05acfe787f49b28130ab8/screenshot - {}
RESULT: {"script":"<script> [1562 bytes]","args":[{"selector":{"controlType":"sap.m.StandardListItem","viewName":"etm.portal.ui.managecatalogs.view.Detail","viewId":"application-managecatalogs-display-component---detailCatalog","properties":{"title":"Piece"},"searchOpenDialogs":true,"interaction":{"idSuffix":"titleText"}},"wdio_ui5_key":"etmportal.ui.managecatalogs.view.Detailsap.m.StandardListItem{\"title\":\"Piece\"}"}]}
RESULT: undefined
COMMAND: POST /session/6942dd4aefa05acfe787f49b28130ab8/element - {"using":"xpath","value":"//*[@id=\"__item223\"]"}
RESULT: {}
RESULT: {"using":"xpath","value":"//*[@id=\"__item223\"]"}
COMMAND: POST /session/6942dd4aefa05acfe787f49b28130ab8/element/f.F18A487FCC2B115A863E771091ABB869.d.817897BFB56AEE09961CF7B08785BB5C.e.4720/click - {}
RESULT: {}
COMMAND: POST /session/6942dd4aefa05acfe787f49b28130ab8/execute/async - {"script":"<script> [1562 bytes]","args":[{"selector":{"id":"application-managecatalogs-display-component---detailCatalog--ObjectPageLayout-anchBar-application-managecatalogs-display-component---detailCatalog--sectionRUs-anchor","interaction":{"idSuffix":"BDI-content"}},"wdio_ui5_key":"applicationmanagecatalogs-display-component---detailCatalog--ObjectPageLayout-anchBar-application-managecatalogs-display-component---detailCatalog--sectionRUs-anchor"}]}
COMMAND: GET /session/6942dd4aefa05acfe787f49b28130ab8/screenshot - {}
RESULT: {"script":"<script> [1562 bytes]","args":[{"selector":{"id":"application-managecatalogs-display-component---detailCatalog--ObjectPageLayout-anchBar-application-managecatalogs-display-component---detailCatalog--sectionRUs-anchor","interaction":{"idSuffix":"BDI-content"}},"wdio_ui5_key":"applicationmanagecatalogs-display-component---detailCatalog--ObjectPageLayout-anchBar-application-managecatalogs-display-component---detailCatalog--sectionRUs-anchor"}]}
RESULT: undefined
COMMAND: POST /session/6942dd4aefa05acfe787f49b28130ab8/element - {"using":"xpath","value":"//*[@id=\"application-managecatalogs-display-component---detailCatalog--ObjectPageLayout-anchBar-application-managecatalogs-display-component---detailCatalog--sectionRUs-anchor\"]"}
RESULT: {}
RESULT: {"using":"xpath","value":"//*[@id=\"application-managecatalogs-display-component---detailCatalog--ObjectPageLayout-anchBar-application-managecatalogs-display-component---detailCatalog--sectionRUs-anchor\"]"}
COMMAND: POST /session/6942dd4aefa05acfe787f49b28130ab8/element/f.F18A487FCC2B115A863E771091ABB869.d.817897BFB56AEE09961CF7B08785BB5C.e.4722/click - {}
RESULT: {}
COMMAND: POST /session/6942dd4aefa05acfe787f49b28130ab8/element - {"using":"xpath","value":"//button[contains(@data-kt ,\"catalogItemAssignRuButton\")]"}
COMMAND: GET /session/6942dd4aefa05acfe787f49b28130ab8/screenshot - {}
RESULT: {"using":"xpath","value":"//button[contains(@data-kt ,\"catalogItemAssignRuButton\")]"}
COMMAND: POST /session/6942dd4aefa05acfe787f49b28130ab8/element/f.F18A487FCC2B115A863E771091ABB869.d.817897BFB56AEE09961CF7B08785BB5C.e.4726/click - {}
RESULT: {}
RESULT: {}
COMMAND: GET /session/6942dd4aefa05acfe787f49b28130ab8/screenshot - {}
RESULT: {}
COMMAND: POST /session/6942dd4aefa05acfe787f49b28130ab8/actions - {"actions":[{"id":"action15","type":"key","parameters":{},"actions":[{"type":"keyDown","value":""},{"type":"pause","duration":10},{"type":"keyUp","value":""}]}]}
RESULT: {"actions":[{"id":"action15","type":"key","parameters":{},"actions":[{"type":"keyDown","value":""},{"type":"pause","duration":10},{"type":"keyUp","value":""}]}]}
COMMAND: POST /session/6942dd4aefa05acfe787f49b28130ab8/execute/async - {"script":"<script> [1562 bytes]","args":[{"selector":{"id":"application-managecatalogs-display-component---detailCatalog--assignRUSearchField-vhi","searchOpenDialogs":true},"wdio_ui5_key":"applicationmanagecatalogs-display-component---detailCatalog--assignRUSearchField-vhi"}]}
COMMAND: GET /session/6942dd4aefa05acfe787f49b28130ab8/screenshot - {}
RESULT: {"script":"<script> [1562 bytes]","args":[{"selector":{"id":"application-managecatalogs-display-component---detailCatalog--assignRUSearchField-vhi","searchOpenDialogs":true},"wdio_ui5_key":"applicationmanagecatalogs-display-component---detailCatalog--assignRUSearchField-vhi"}]}
RESULT: undefined
COMMAND: POST /session/6942dd4aefa05acfe787f49b28130ab8/element - {"using":"xpath","value":"//*[@id=\"application-managecatalogs-display-component---detailCatalog--assignRUSearchField-vhi\"]"}
RESULT: {}
RESULT: {"using":"xpath","value":"//*[@id=\"application-managecatalogs-display-component---detailCatalog--assignRUSearchField-vhi\"]"}
COMMAND: POST /session/6942dd4aefa05acfe787f49b28130ab8/element/f.F18A487FCC2B115A863E771091ABB869.d.817897BFB56AEE09961CF7B08785BB5C.e.4749/click - {}
RESULT: {}
COMMAND: GET /session/6942dd4aefa05acfe787f49b28130ab8/screenshot - {}
RESULT: {}
COMMAND: POST /session/6942dd4aefa05acfe787f49b28130ab8/element - {"using":"xpath","value":"//input[contains(@id ,\"searchField-I\")]"}
RESULT: {"using":"xpath","value":"//input[contains(@id ,\"searchField-I\")]"}
COMMAND: POST /session/6942dd4aefa05acfe787f49b28130ab8/element/f.F18A487FCC2B115A863E771091ABB869.d.817897BFB56AEE09961CF7B08785BB5C.e.4751/clear - {}
RESULT: {}
COMMAND: POST /session/6942dd4aefa05acfe787f49b28130ab8/element/f.F18A487FCC2B115A863E771091ABB869.d.817897BFB56AEE09961CF7B08785BB5C.e.4751/value - {"text":"WdIOTestEquipu0rc7"}
COMMAND: GET /session/6942dd4aefa05acfe787f49b28130ab8/screenshot - {}
RESULT: {"text":"WdIOTestEquipu0rc7"}
COMMAND: GET /session/6942dd4aefa05acfe787f49b28130ab8/screenshot - {}
RESULT: {}
RESULT: {}
COMMAND: POST /session/6942dd4aefa05acfe787f49b28130ab8/actions - {"actions":[{"id":"action16","type":"key","parameters":{},"actions":[{"type":"keyDown","value":""},{"type":"pause","duration":10},{"type":"keyUp","value":""}]}]}
RESULT: {"actions":[{"id":"action16","type":"key","parameters":{},"actions":[{"type":"keyDown","value":""},{"type":"pause","duration":10},{"type":"keyUp","value":""}]}]}
COMMAND: GET /session/6942dd4aefa05acfe787f49b28130ab8/screenshot - {}
RESULT: {}
COMMAND: POST /session/6942dd4aefa05acfe787f49b28130ab8/actions - {"actions":[{"id":"action17","type":"key","parameters":{},"actions":[{"type":"keyDown","value":""},{"type":"pause","duration":10},{"type":"keyUp","value":""}]}]}
RESULT: {"actions":[{"id":"action17","type":"key","parameters":{},"actions":[{"type":"keyDown","value":""},{"type":"pause","duration":10},{"type":"keyUp","value":""}]}]}
COMMAND: GET /session/6942dd4aefa05acfe787f49b28130ab8/screenshot - {}
RESULT: {}
COMMAND: POST /session/6942dd4aefa05acfe787f49b28130ab8/actions - {"actions":[{"id":"action18","type":"key","parameters":{},"actions":[{"type":"keyDown","value":""},{"type":"pause","duration":10},{"type":"keyUp","value":""}]}]}
RESULT: {"actions":[{"id":"action18","type":"key","parameters":{},"actions":[{"type":"keyDown","value":""},{"type":"pause","duration":10},{"type":"keyUp","value":""}]}]}
COMMAND: GET /session/6942dd4aefa05acfe787f49b28130ab8/screenshot - {}
RESULT: {}
COMMAND: POST /session/6942dd4aefa05acfe787f49b28130ab8/element - {"using":"xpath","value":"//bdi[contains(@id ,\"application-managecatalogs-display-component---detailCatalog--RUAssignmentSaveButton-BDI-content\")]"}
RESULT: {"using":"xpath","value":"//bdi[contains(@id ,\"application-managecatalogs-display-component---detailCatalog--RUAssignmentSaveButton-BDI-content\")]"}
COMMAND: POST /session/6942dd4aefa05acfe787f49b28130ab8/element/f.F18A487FCC2B115A863E771091ABB869.d.817897BFB56AEE09961CF7B08785BB5C.e.4772/click - {}
RESULT: {}
COMMAND: GET /session/6942dd4aefa05acfe787f49b28130ab8/screenshot - {}
RESULT: {}
COMMAND: POST /session/6942dd4aefa05acfe787f49b28130ab8/element - {"using":"xpath","value":"//bdi[contains(@id ,\"application-managecatalogs-display-component---detailCatalog--ObjectPageLayout-anchBar-application-managecatalogs-display-component---detailCatalog--sectionRUs-anchor-BDI-content\")]"}
RESULT: {"using":"xpath","value":"//bdi[contains(@id ,\"application-managecatalogs-display-component---detailCatalog--ObjectPageLayout-anchBar-application-managecatalogs-display-component---detailCatalog--sectionRUs-anchor-BDI-content\")]"}
COMMAND: POST /session/6942dd4aefa05acfe787f49b28130ab8/element/f.F18A487FCC2B115A863E771091ABB869.d.817897BFB56AEE09961CF7B08785BB5C.e.4789/click - {}
RESULT: {}
COMMAND: GET /session/6942dd4aefa05acfe787f49b28130ab8/screenshot - {}
RESULT: {}
COMMAND: POST /session/6942dd4aefa05acfe787f49b28130ab8/element - {"using":"xpath","value":"//button[contains(@data-kt ,\"catalogItemAssignRuButton\")]"}
RESULT: {"using":"xpath","value":"//button[contains(@data-kt ,\"catalogItemAssignRuButton\")]"}
COMMAND: POST /session/6942dd4aefa05acfe787f49b28130ab8/element/f.F18A487FCC2B115A863E771091ABB869.d.817897BFB56AEE09961CF7B08785BB5C.e.4726/click - {}
RESULT: {}
COMMAND: GET /session/6942dd4aefa05acfe787f49b28130ab8/screenshot - {}
RESULT: {}
COMMAND: POST /session/6942dd4aefa05acfe787f49b28130ab8/actions - {"actions":[{"id":"action19","type":"key","parameters":{},"actions":[{"type":"keyDown","value":""},{"type":"pause","duration":10},{"type":"keyUp","value":""}]}]}
RESULT: {"actions":[{"id":"action19","type":"key","parameters":{},"actions":[{"type":"keyDown","value":""},{"type":"pause","duration":10},{"type":"keyUp","value":""}]}]}
RESULT: undefined
COMMAND: POST /session/6942dd4aefa05acfe787f49b28130ab8/element - {"using":"xpath","value":"//*[@id=\"application-managecatalogs-display-component---detailCatalog--assignRUSearchField-vhi\"]"}
COMMAND: GET /session/6942dd4aefa05acfe787f49b28130ab8/screenshot - {}
RESULT: {"using":"xpath","value":"//*[@id=\"application-managecatalogs-display-component---detailCatalog--assignRUSearchField-vhi\"]"}
COMMAND: POST /session/6942dd4aefa05acfe787f49b28130ab8/elements - {"using":"xpath","value":"//*[@id=\"application-managecatalogs-display-component---detailCatalog--assignRUSearchField-vhi\"]"}
RESULT: {}
RESULT: {"using":"xpath","value":"//*[@id=\"application-managecatalogs-display-component---detailCatalog--assignRUSearchField-vhi\"]"}
COMMAND: POST /session/6942dd4aefa05acfe787f49b28130ab8/element - {"using":"xpath","value":"//*[@id=\"application-managecatalogs-display-component---detailCatalog--assignRUSearchField-vhi\"]"}
RESULT: {"using":"xpath","value":"//*[@id=\"application-managecatalogs-display-component---detailCatalog--assignRUSearchField-vhi\"]"}
COMMAND: POST /session/6942dd4aefa05acfe787f49b28130ab8/element/f.F18A487FCC2B115A863E771091ABB869.d.817897BFB56AEE09961CF7B08785BB5C.e.4815/click - {}
RESULT: {}
COMMAND: POST /session/6942dd4aefa05acfe787f49b28130ab8/execute/async - {"script":"<script> [1562 bytes]","args":[{"selector":{"controlType":"sap.m.SearchField","viewName":"etm.portal.ui.managecatalogs.view.Detail","viewId":"application-managecatalogs-display-component---detailCatalog","searchOpenDialogs":true,"interaction":{"idSuffix":"I"}},"wdio_ui5_key":"etmportal.ui.managecatalogs.view.Detailsap.m.SearchField"}]}
COMMAND: GET /session/6942dd4aefa05acfe787f49b28130ab8/screenshot - {}
RESULT: {"script":"<script> [1562 bytes]","args":[{"selector":{"controlType":"sap.m.SearchField","viewName":"etm.portal.ui.managecatalogs.view.Detail","viewId":"application-managecatalogs-display-component---detailCatalog","searchOpenDialogs":true,"interaction":{"idSuffix":"I"}},"wdio_ui5_key":"etmportal.ui.managecatalogs.view.Detailsap.m.SearchField"}]}
RESULT: undefined
COMMAND: POST /session/6942dd4aefa05acfe787f49b28130ab8/execute/async - {"script":"<script> [776 bytes]","args":[{"enterText":"WebdriverMatTestrdb09","selector":{"controlType":"sap.m.SearchField","viewName":"etm.portal.ui.managecatalogs.view.Detail","viewId":"application-managecatalogs-display-component---detailCatalog","searchOpenDialogs":true,"interaction":{"idSuffix":"I"}},"clearTextFirst":true,"interactionType":"ENTER_TEXT"}]}
RESULT: {}
RESULT: {"script":"<script> [776 bytes]","args":[{"enterText":"WebdriverMatTestrdb09","selector":{"controlType":"sap.m.SearchField","viewName":"etm.portal.ui.managecatalogs.view.Detail","viewId":"application-managecatalogs-display-component---detailCatalog","searchOpenDialogs":true,"interaction":{"idSuffix":"I"}},"clearTextFirst":true,"interactionType":"ENTER_TEXT"}]}
COMMAND: POST /session/6942dd4aefa05acfe787f49b28130ab8/actions - {"actions":[{"id":"action20","type":"key","parameters":{},"actions":[{"type":"keyDown","value":""},{"type":"pause","duration":10},{"type":"keyUp","value":""}]}]}
RESULT: {"actions":[{"id":"action20","type":"key","parameters":{},"actions":[{"type":"keyDown","value":""},{"type":"pause","duration":10},{"type":"keyUp","value":""}]}]}
COMMAND: GET /session/6942dd4aefa05acfe787f49b28130ab8/screenshot - {}
RESULT: {}
COMMAND: POST /session/6942dd4aefa05acfe787f49b28130ab8/element - {"using":"xpath","value":"(//span[contains(text(), \"WebdriverMatTestrdb09\")])[1]"}
RESULT: {"using":"xpath","value":"(//span[contains(text(), \"WebdriverMatTestrdb09\")])[1]"}
COMMAND: POST /session/6942dd4aefa05acfe787f49b28130ab8/element/f.F18A487FCC2B115A863E771091ABB869.d.817897BFB56AEE09961CF7B08785BB5C.e.4847/click - {}
RESULT: {}
COMMAND: POST /session/6942dd4aefa05acfe787f49b28130ab8/execute/async - {"script":"<script> [1562 bytes]","args":[{"selector":{"id":"application-managecatalogs-display-component---detailCatalog--RUAssignmentSaveButton","searchOpenDialogs":true,"interaction":{"idSuffix":"BDI-content"}},"wdio_ui5_key":"applicationmanagecatalogs-display-component---detailCatalog--RUAssignmentSaveButton"}]}
COMMAND: GET /session/6942dd4aefa05acfe787f49b28130ab8/screenshot - {}
RESULT: {"script":"<script> [1562 bytes]","args":[{"selector":{"id":"application-managecatalogs-display-component---detailCatalog--RUAssignmentSaveButton","searchOpenDialogs":true,"interaction":{"idSuffix":"BDI-content"}},"wdio_ui5_key":"applicationmanagecatalogs-display-component---detailCatalog--RUAssignmentSaveButton"}]}
RESULT: undefined
COMMAND: POST /session/6942dd4aefa05acfe787f49b28130ab8/element - {"using":"xpath","value":"//*[@id=\"application-managecatalogs-display-component---detailCatalog--RUAssignmentSaveButton\"]"}
RESULT: {}
RESULT: {"using":"xpath","value":"//*[@id=\"application-managecatalogs-display-component---detailCatalog--RUAssignmentSaveButton\"]"}
COMMAND: POST /session/6942dd4aefa05acfe787f49b28130ab8/element/f.F18A487FCC2B115A863E771091ABB869.d.817897BFB56AEE09961CF7B08785BB5C.e.4850/click - {}
RESULT: {}
COMMAND: GET /session/6942dd4aefa05acfe787f49b28130ab8/screenshot - {}
RESULT: {}
COMMAND: POST /session/6942dd4aefa05acfe787f49b28130ab8/element - {"using":"xpath","value":"//bdi[contains(text(), \"Save\")]"}
RESULT: {"using":"xpath","value":"//bdi[contains(text(), \"Save\")]"}
COMMAND: POST /session/6942dd4aefa05acfe787f49b28130ab8/element/f.F18A487FCC2B115A863E771091ABB869.d.817897BFB56AEE09961CF7B08785BB5C.e.4872/click - {}
RESULT: {}
COMMAND: GET /session/6942dd4aefa05acfe787f49b28130ab8/screenshot - {}
RESULT: {}
COMMAND: POST /session/6942dd4aefa05acfe787f49b28130ab8/element - {"using":"css selector","value":"#shell-header-logo"}
RESULT: {"using":"css selector","value":"#shell-header-logo"}
COMMAND: POST /session/6942dd4aefa05acfe787f49b28130ab8/element/f.F18A487FCC2B115A863E771091ABB869.d.817897BFB56AEE09961CF7B08785BB5C.e.4525/click - {}
RESULT: {}
COMMAND: GET /session/6942dd4aefa05acfe787f49b28130ab8/screenshot - {}
RESULT: {}
]]></system-out>
    </testcase>
    <testcase classname="chrome.136_0_7103_93.windows.Standard_contract_-_add_contract_items_by_Insert_Request_US118222" name="Should create a new contract" time="91.531">
      <system-out><![CDATA[
COMMAND: POST /session/6942dd4aefa05acfe787f49b28130ab8/execute/async - {"script":"<script> [1562 bytes]","args":[{"selector":{"controlType":"sap.m.GenericTile","properties":{"header":"Manage Contracts"}},"wdio_ui5_key":"sapm.GenericTile{\"header\":\"Manage Contracts\"}"}]}
RESULT: {"script":"<script> [1562 bytes]","args":[{"selector":{"controlType":"sap.m.GenericTile","properties":{"header":"Manage Contracts"}},"wdio_ui5_key":"sapm.GenericTile{\"header\":\"Manage Contracts\"}"}]}
RESULT: undefined
COMMAND: POST /session/6942dd4aefa05acfe787f49b28130ab8/element - {"using":"xpath","value":"//*[@id=\"__tile130\"]"}
RESULT: {"using":"xpath","value":"//*[@id=\"__tile130\"]"}
COMMAND: POST /session/6942dd4aefa05acfe787f49b28130ab8/element/f.F18A487FCC2B115A863E771091ABB869.d.817897BFB56AEE09961CF7B08785BB5C.e.4905/click - {}
RESULT: {}
COMMAND: GET /session/6942dd4aefa05acfe787f49b28130ab8/screenshot - {}
RESULT: {}
COMMAND: POST /session/6942dd4aefa05acfe787f49b28130ab8/elements - {"using":"xpath","value":"//span[text()='Error']"}
RESULT: {"using":"xpath","value":"//span[text()='Error']"}
COMMAND: POST /session/6942dd4aefa05acfe787f49b28130ab8/element - {"using":"xpath","value":"//button[@data-kt=\"addButton\"]"}
RESULT: {"using":"xpath","value":"//button[@data-kt=\"addButton\"]"}
COMMAND: POST /session/6942dd4aefa05acfe787f49b28130ab8/element/f.F18A487FCC2B115A863E771091ABB869.d.817897BFB56AEE09961CF7B08785BB5C.e.4955/click - {}
RESULT: {}
COMMAND: GET /session/6942dd4aefa05acfe787f49b28130ab8/screenshot - {}
RESULT: {}
COMMAND: POST /session/6942dd4aefa05acfe787f49b28130ab8/execute/async - {"script":"<script> [1562 bytes]","args":[{"selector":{"id":"application-managecontracts-display-component---AddNewContract--projectDescription","interaction":{"idSuffix":"inner"}},"wdio_ui5_key":"applicationmanagecontracts-display-component---AddNewContract--projectDescription"}]}
RESULT: {"script":"<script> [1562 bytes]","args":[{"selector":{"id":"application-managecontracts-display-component---AddNewContract--projectDescription","interaction":{"idSuffix":"inner"}},"wdio_ui5_key":"applicationmanagecontracts-display-component---AddNewContract--projectDescription"}]}
RESULT: undefined
COMMAND: POST /session/6942dd4aefa05acfe787f49b28130ab8/execute/async - {"script":"<script> [776 bytes]","args":[{"enterText":"WdIOTesto881ni","selector":{"id":"application-managecontracts-display-component---AddNewContract--projectDescription","interaction":{"idSuffix":"inner"}},"clearTextFirst":true,"interactionType":"ENTER_TEXT"}]}
RESULT: {"script":"<script> [776 bytes]","args":[{"enterText":"WdIOTesto881ni","selector":{"id":"application-managecontracts-display-component---AddNewContract--projectDescription","interaction":{"idSuffix":"inner"}},"clearTextFirst":true,"interactionType":"ENTER_TEXT"}]}
COMMAND: POST /session/6942dd4aefa05acfe787f49b28130ab8/element - {"using":"xpath","value":"//input[@id=\"application-managecontracts-display-component---AddNewContract--yardId-inner\"]"}
RESULT: {"using":"xpath","value":"//input[@id=\"application-managecontracts-display-component---AddNewContract--yardId-inner\"]"}
COMMAND: POST /session/6942dd4aefa05acfe787f49b28130ab8/element/f.F18A487FCC2B115A863E771091ABB869.d.817897BFB56AEE09961CF7B08785BB5C.e.5220/clear - {}
RESULT: {}
COMMAND: POST /session/6942dd4aefa05acfe787f49b28130ab8/element/f.F18A487FCC2B115A863E771091ABB869.d.817897BFB56AEE09961CF7B08785BB5C.e.5220/value - {"text":"WebdriverYardryiq2"}
COMMAND: GET /session/6942dd4aefa05acfe787f49b28130ab8/screenshot - {}
RESULT: {"text":"WebdriverYardryiq2"}
COMMAND: GET /session/6942dd4aefa05acfe787f49b28130ab8/screenshot - {}
RESULT: {}
RESULT: {}
COMMAND: POST /session/6942dd4aefa05acfe787f49b28130ab8/actions - {"actions":[{"id":"action21","type":"key","parameters":{},"actions":[{"type":"keyDown","value":""},{"type":"pause","duration":10},{"type":"keyUp","value":""}]}]}
RESULT: {"actions":[{"id":"action21","type":"key","parameters":{},"actions":[{"type":"keyDown","value":""},{"type":"pause","duration":10},{"type":"keyUp","value":""}]}]}
COMMAND: GET /session/6942dd4aefa05acfe787f49b28130ab8/screenshot - {}
RESULT: {}
COMMAND: POST /session/6942dd4aefa05acfe787f49b28130ab8/element - {"using":"xpath","value":"//input[@id=\"application-managecontracts-display-component---AddNewContract--customerSelect-inner\"]"}
RESULT: {"using":"xpath","value":"//input[@id=\"application-managecontracts-display-component---AddNewContract--customerSelect-inner\"]"}
COMMAND: POST /session/6942dd4aefa05acfe787f49b28130ab8/element/f.F18A487FCC2B115A863E771091ABB869.d.817897BFB56AEE09961CF7B08785BB5C.e.5218/clear - {}
RESULT: {}
COMMAND: POST /session/6942dd4aefa05acfe787f49b28130ab8/element/f.F18A487FCC2B115A863E771091ABB869.d.817897BFB56AEE09961CF7B08785BB5C.e.5218/value - {"text":"WebdriverPartnerdlquy"}
COMMAND: GET /session/6942dd4aefa05acfe787f49b28130ab8/screenshot - {}
RESULT: {"text":"WebdriverPartnerdlquy"}
COMMAND: GET /session/6942dd4aefa05acfe787f49b28130ab8/screenshot - {}
RESULT: {}
RESULT: {}
COMMAND: POST /session/6942dd4aefa05acfe787f49b28130ab8/actions - {"actions":[{"id":"action22","type":"key","parameters":{},"actions":[{"type":"keyDown","value":""},{"type":"pause","duration":10},{"type":"keyUp","value":""}]}]}
RESULT: {"actions":[{"id":"action22","type":"key","parameters":{},"actions":[{"type":"keyDown","value":""},{"type":"pause","duration":10},{"type":"keyUp","value":""}]}]}
COMMAND: GET /session/6942dd4aefa05acfe787f49b28130ab8/screenshot - {}
RESULT: {}
COMMAND: POST /session/6942dd4aefa05acfe787f49b28130ab8/element - {"using":"xpath","value":"//input[@id=\"application-managecontracts-display-component---AddNewContract--site-inner\"]"}
RESULT: {"using":"xpath","value":"//input[@id=\"application-managecontracts-display-component---AddNewContract--site-inner\"]"}
COMMAND: POST /session/6942dd4aefa05acfe787f49b28130ab8/element/f.F18A487FCC2B115A863E771091ABB869.d.817897BFB56AEE09961CF7B08785BB5C.e.5219/clear - {}
RESULT: {}
COMMAND: POST /session/6942dd4aefa05acfe787f49b28130ab8/element/f.F18A487FCC2B115A863E771091ABB869.d.817897BFB56AEE09961CF7B08785BB5C.e.5219/value - {"text":"WebdriverSite55sjn"}
COMMAND: GET /session/6942dd4aefa05acfe787f49b28130ab8/screenshot - {}
RESULT: {"text":"WebdriverSite55sjn"}
COMMAND: GET /session/6942dd4aefa05acfe787f49b28130ab8/screenshot - {}
RESULT: {}
RESULT: {}
COMMAND: POST /session/6942dd4aefa05acfe787f49b28130ab8/actions - {"actions":[{"id":"action23","type":"key","parameters":{},"actions":[{"type":"keyDown","value":""},{"type":"pause","duration":10},{"type":"keyUp","value":""}]}]}
RESULT: {"actions":[{"id":"action23","type":"key","parameters":{},"actions":[{"type":"keyDown","value":""},{"type":"pause","duration":10},{"type":"keyUp","value":""}]}]}
COMMAND: GET /session/6942dd4aefa05acfe787f49b28130ab8/screenshot - {}
RESULT: {}
COMMAND: POST /session/6942dd4aefa05acfe787f49b28130ab8/element - {"using":"xpath","value":"//button[@data-kt=\"saveButton\"]"}
RESULT: {"using":"xpath","value":"//button[@data-kt=\"saveButton\"]"}
COMMAND: POST /session/6942dd4aefa05acfe787f49b28130ab8/element/f.F18A487FCC2B115A863E771091ABB869.d.817897BFB56AEE09961CF7B08785BB5C.e.5296/click - {}
RESULT: {}
COMMAND: GET /session/6942dd4aefa05acfe787f49b28130ab8/screenshot - {}
RESULT: {}
COMMAND: POST /session/6942dd4aefa05acfe787f49b28130ab8/execute/async - {"script":"<script> [1562 bytes]","args":[{"selector":{"id":"contractDetailTitleNoExpanded","viewName":"etm.portal.ui.managecontracts.view.Detail"},"wdio_ui5_key":"contractDetailTitleNoExpandedetmportal.ui.managecontracts.view.Detail"}]}
RESULT: {"script":"<script> [1562 bytes]","args":[{"selector":{"id":"contractDetailTitleNoExpanded","viewName":"etm.portal.ui.managecontracts.view.Detail"},"wdio_ui5_key":"contractDetailTitleNoExpandedetmportal.ui.managecontracts.view.Detail"}]}
RESULT: undefined
COMMAND: POST /session/6942dd4aefa05acfe787f49b28130ab8/execute/async - {"script":"<script> [6424 bytes]","args":[{"element-6066-11e4-a52e-4f735466cecf":"f.F18A487FCC2B115A863E771091ABB869.d.817897BFB56AEE09961CF7B08785BB5C.e.5319"},"getText",[]]}
RESULT: {"script":"<script> [6424 bytes]","args":[{"element-6066-11e4-a52e-4f735466cecf":"f.F18A487FCC2B115A863E771091ABB869.d.817897BFB56AEE09961CF7B08785BB5C.e.5319"},"getText",[]]}
]]></system-out>
    </testcase>
    <testcase classname="chrome.136_0_7103_93.windows.Standard_contract_-_add_contract_items_by_Insert_Request_US118222" name="Should create a new request and plan it" time="175.861">
      <system-out><![CDATA[
COMMAND: POST /session/6942dd4aefa05acfe787f49b28130ab8/element - {"using":"css selector","value":"#shell-header-logo"}
RESULT: {"using":"css selector","value":"#shell-header-logo"}
COMMAND: POST /session/6942dd4aefa05acfe787f49b28130ab8/element/f.F18A487FCC2B115A863E771091ABB869.d.817897BFB56AEE09961CF7B08785BB5C.e.4908/click - {}
RESULT: {}
COMMAND: GET /session/6942dd4aefa05acfe787f49b28130ab8/screenshot - {}
RESULT: {}
COMMAND: POST /session/6942dd4aefa05acfe787f49b28130ab8/execute/async - {"script":"<script> [1562 bytes]","args":[{"selector":{"controlType":"sap.m.GenericTile","properties":{"header":"Manage Requests"}},"wdio_ui5_key":"sapm.GenericTile{\"header\":\"Manage Requests\"}"}]}
RESULT: {"script":"<script> [1562 bytes]","args":[{"selector":{"controlType":"sap.m.GenericTile","properties":{"header":"Manage Requests"}},"wdio_ui5_key":"sapm.GenericTile{\"header\":\"Manage Requests\"}"}]}
RESULT: undefined
COMMAND: POST /session/6942dd4aefa05acfe787f49b28130ab8/element - {"using":"xpath","value":"//*[@id=\"__tile47\"]"}
RESULT: {"using":"xpath","value":"//*[@id=\"__tile47\"]"}
COMMAND: POST /session/6942dd4aefa05acfe787f49b28130ab8/element/f.F18A487FCC2B115A863E771091ABB869.d.817897BFB56AEE09961CF7B08785BB5C.e.5324/click - {}
RESULT: {}
COMMAND: GET /session/6942dd4aefa05acfe787f49b28130ab8/screenshot - {}
RESULT: {}
COMMAND: POST /session/6942dd4aefa05acfe787f49b28130ab8/elements - {"using":"xpath","value":"//span[text()='Error']"}
RESULT: {"using":"xpath","value":"//span[text()='Error']"}
COMMAND: POST /session/6942dd4aefa05acfe787f49b28130ab8/element - {"using":"xpath","value":"//button[contains(@data-kt ,\"btnCreateNewOverflowToolbarButton\")]"}
COMMAND: POST /session/6942dd4aefa05acfe787f49b28130ab8/element - {"using":"xpath","value":"(//span[contains(@class ,\"sapMObjStatusText\")])[1]"}
RESULT: {"using":"xpath","value":"//button[contains(@data-kt ,\"btnCreateNewOverflowToolbarButton\")]"}
COMMAND: POST /session/6942dd4aefa05acfe787f49b28130ab8/element/f.F18A487FCC2B115A863E771091ABB869.d.817897BFB56AEE09961CF7B08785BB5C.e.5398/click - {}
RESULT: {"using":"xpath","value":"(//span[contains(@class ,\"sapMObjStatusText\")])[1]"}
COMMAND: POST /session/6942dd4aefa05acfe787f49b28130ab8/execute/sync - {"script":"<script> [8489 bytes]","args":[{"element-6066-11e4-a52e-4f735466cecf":"f.F18A487FCC2B115A863E771091ABB869.d.817897BFB56AEE09961CF7B08785BB5C.e.5414","ELEMENT":"f.F18A487FCC2B115A863E771091ABB869.d.817897BFB56AEE09961CF7B08785BB5C.e.5414"}]}
RESULT: {}
COMMAND: GET /session/6942dd4aefa05acfe787f49b28130ab8/screenshot - {}
RESULT: {"script":"<script> [8489 bytes]","args":[{"element-6066-11e4-a52e-4f735466cecf":"f.F18A487FCC2B115A863E771091ABB869.d.817897BFB56AEE09961CF7B08785BB5C.e.5414","ELEMENT":"f.F18A487FCC2B115A863E771091ABB869.d.817897BFB56AEE09961CF7B08785BB5C.e.5414"}]}
COMMAND: GET /session/6942dd4aefa05acfe787f49b28130ab8/screenshot - {}
RESULT: {}
RESULT: {}
COMMAND: POST /session/6942dd4aefa05acfe787f49b28130ab8/element - {"using":"xpath","value":"//input[contains(@id ,\"yardId-inner\")]"}
RESULT: {"using":"xpath","value":"//input[contains(@id ,\"yardId-inner\")]"}
COMMAND: POST /session/6942dd4aefa05acfe787f49b28130ab8/execute/sync - {"script":"<script> [8489 bytes]","args":[{"element-6066-11e4-a52e-4f735466cecf":"f.F18A487FCC2B115A863E771091ABB869.d.817897BFB56AEE09961CF7B08785BB5C.e.5516","ELEMENT":"f.F18A487FCC2B115A863E771091ABB869.d.817897BFB56AEE09961CF7B08785BB5C.e.5516"}]}
RESULT: {"script":"<script> [8489 bytes]","args":[{"element-6066-11e4-a52e-4f735466cecf":"f.F18A487FCC2B115A863E771091ABB869.d.817897BFB56AEE09961CF7B08785BB5C.e.5516","ELEMENT":"f.F18A487FCC2B115A863E771091ABB869.d.817897BFB56AEE09961CF7B08785BB5C.e.5516"}]}
COMMAND: POST /session/6942dd4aefa05acfe787f49b28130ab8/element - {"using":"xpath","value":"//input[contains(@id ,\"requestContractNo-inner\")]"}
COMMAND: POST /session/6942dd4aefa05acfe787f49b28130ab8/element - {"using":"xpath","value":"//input[contains(@id ,\"requestContractNo-inner\")]"}
COMMAND: GET /session/6942dd4aefa05acfe787f49b28130ab8/screenshot - {}
RESULT: {"using":"xpath","value":"//input[contains(@id ,\"requestContractNo-inner\")]"}
COMMAND: GET /session/6942dd4aefa05acfe787f49b28130ab8/element/f.F18A487FCC2B115A863E771091ABB869.d.817897BFB56AEE09961CF7B08785BB5C.e.5511/enabled - {}
RESULT: {"using":"xpath","value":"//input[contains(@id ,\"requestContractNo-inner\")]"}
COMMAND: POST /session/6942dd4aefa05acfe787f49b28130ab8/element/f.F18A487FCC2B115A863E771091ABB869.d.817897BFB56AEE09961CF7B08785BB5C.e.5511/value - {"text":"10320"}
RESULT: {}
RESULT: {}
COMMAND: GET /session/6942dd4aefa05acfe787f49b28130ab8/screenshot - {}
RESULT: {"text":"10320"}
COMMAND: GET /session/6942dd4aefa05acfe787f49b28130ab8/screenshot - {}
RESULT: {}
RESULT: {}
COMMAND: POST /session/6942dd4aefa05acfe787f49b28130ab8/actions - {"actions":[{"id":"action24","type":"key","parameters":{},"actions":[{"type":"keyDown","value":""},{"type":"pause","duration":10},{"type":"keyUp","value":""}]}]}
RESULT: {"actions":[{"id":"action24","type":"key","parameters":{},"actions":[{"type":"keyDown","value":""},{"type":"pause","duration":10},{"type":"keyUp","value":""}]}]}
COMMAND: GET /session/6942dd4aefa05acfe787f49b28130ab8/screenshot - {}
RESULT: {}
COMMAND: POST /session/6942dd4aefa05acfe787f49b28130ab8/execute/async - {"script":"<script> [1562 bytes]","args":[{"selector":{"controlType":"sap.ui.core.Icon","viewName":"etm.portal.ui.managerequests.view.NewRequest","properties":{"src":{"regex":{"source":"add"}}}},"wdio_ui5_key":"etmportal.ui.managerequests.view.NewRequestsap.ui.core.Icon{\"src\":{\"regex\":{\"source\":\"add\"}}}"}]}
RESULT: {"script":"<script> [1562 bytes]","args":[{"selector":{"controlType":"sap.ui.core.Icon","viewName":"etm.portal.ui.managerequests.view.NewRequest","properties":{"src":{"regex":{"source":"add"}}}},"wdio_ui5_key":"etmportal.ui.managerequests.view.NewRequestsap.ui.core.Icon{\"src\":{\"regex\":{\"source\":\"add\"}}}"}]}
RESULT: undefined
COMMAND: POST /session/6942dd4aefa05acfe787f49b28130ab8/element - {"using":"xpath","value":"//*[@id=\"__xmlview61--btnAddTableRow-img\"]"}
RESULT: {"using":"xpath","value":"//*[@id=\"__xmlview61--btnAddTableRow-img\"]"}
COMMAND: POST /session/6942dd4aefa05acfe787f49b28130ab8/element/f.F18A487FCC2B115A863E771091ABB869.d.817897BFB56AEE09961CF7B08785BB5C.e.5675/click - {}
RESULT: {}
COMMAND: GET /session/6942dd4aefa05acfe787f49b28130ab8/screenshot - {}
RESULT: {}
COMMAND: POST /session/6942dd4aefa05acfe787f49b28130ab8/execute/async - {"script":"<script> [1562 bytes]","args":[{"selector":{"controlType":"sap.ui.unified.MenuItem","viewName":"etm.portal.ui.managerequests.view.NewRequest","i18NText":{"propertyName":"text","key":"standardEntry"},"searchOpenDialogs":true,"interaction":{"idSuffix":"txt"}},"wdio_ui5_key":"etmportal.ui.managerequests.view.NewRequestsap.ui.unified.MenuItem{\"propertyName\":\"text\",\"key\":\"standardEntry\"}"}]}
RESULT: {"script":"<script> [1562 bytes]","args":[{"selector":{"controlType":"sap.ui.unified.MenuItem","viewName":"etm.portal.ui.managerequests.view.NewRequest","i18NText":{"propertyName":"text","key":"standardEntry"},"searchOpenDialogs":true,"interaction":{"idSuffix":"txt"}},"wdio_ui5_key":"etmportal.ui.managerequests.view.NewRequestsap.ui.unified.MenuItem{\"propertyName\":\"text\",\"key\":\"standardEntry\"}"}]}
RESULT: undefined
COMMAND: POST /session/6942dd4aefa05acfe787f49b28130ab8/element - {"using":"xpath","value":"//*[@id=\"__item1560\"]"}
RESULT: {"using":"xpath","value":"//*[@id=\"__item1560\"]"}
COMMAND: POST /session/6942dd4aefa05acfe787f49b28130ab8/element/f.F18A487FCC2B115A863E771091ABB869.d.817897BFB56AEE09961CF7B08785BB5C.e.5679/click - {}
RESULT: {}
COMMAND: GET /session/6942dd4aefa05acfe787f49b28130ab8/screenshot - {}
RESULT: {}
RESULT: undefined
COMMAND: POST /session/6942dd4aefa05acfe787f49b28130ab8/element - {"using":"xpath","value":"//*[@id=\"__xmlview61--btnAddTableRow-img\"]"}
RESULT: {"using":"xpath","value":"//*[@id=\"__xmlview61--btnAddTableRow-img\"]"}
COMMAND: POST /session/6942dd4aefa05acfe787f49b28130ab8/element/f.F18A487FCC2B115A863E771091ABB869.d.817897BFB56AEE09961CF7B08785BB5C.e.5675/click - {}
RESULT: {}
COMMAND: GET /session/6942dd4aefa05acfe787f49b28130ab8/screenshot - {}
RESULT: {}
RESULT: undefined
COMMAND: POST /session/6942dd4aefa05acfe787f49b28130ab8/element - {"using":"xpath","value":"//*[@id=\"__item1560\"]"}
RESULT: {"using":"xpath","value":"//*[@id=\"__item1560\"]"}
COMMAND: POST /session/6942dd4aefa05acfe787f49b28130ab8/element/f.F18A487FCC2B115A863E771091ABB869.d.817897BFB56AEE09961CF7B08785BB5C.e.5691/click - {}
RESULT: {}
COMMAND: GET /session/6942dd4aefa05acfe787f49b28130ab8/screenshot - {}
RESULT: {}
COMMAND: POST /session/6942dd4aefa05acfe787f49b28130ab8/element - {"using":"xpath","value":"(//input[contains(@id ,\"requestItemsTable-0-inner\")])[1]"}
RESULT: {"using":"xpath","value":"(//input[contains(@id ,\"requestItemsTable-0-inner\")])[1]"}
COMMAND: POST /session/6942dd4aefa05acfe787f49b28130ab8/element/f.F18A487FCC2B115A863E771091ABB869.d.817897BFB56AEE09961CF7B08785BB5C.e.5681/clear - {}
RESULT: {}
COMMAND: POST /session/6942dd4aefa05acfe787f49b28130ab8/element/f.F18A487FCC2B115A863E771091ABB869.d.817897BFB56AEE09961CF7B08785BB5C.e.5681/value - {"text":"catalogItem3q42q"}
COMMAND: GET /session/6942dd4aefa05acfe787f49b28130ab8/screenshot - {}
RESULT: {"text":"catalogItem3q42q"}
COMMAND: GET /session/6942dd4aefa05acfe787f49b28130ab8/screenshot - {}
RESULT: {}
RESULT: {}
COMMAND: POST /session/6942dd4aefa05acfe787f49b28130ab8/actions - {"actions":[{"id":"action25","type":"key","parameters":{},"actions":[{"type":"keyDown","value":""},{"type":"pause","duration":10},{"type":"keyUp","value":""}]}]}
RESULT: {"actions":[{"id":"action25","type":"key","parameters":{},"actions":[{"type":"keyDown","value":""},{"type":"pause","duration":10},{"type":"keyUp","value":""}]}]}
COMMAND: POST /session/6942dd4aefa05acfe787f49b28130ab8/element - {"using":"xpath","value":"(//input[contains(@id ,\"requestItemsTable-1-inner\")])[1]"}
COMMAND: GET /session/6942dd4aefa05acfe787f49b28130ab8/screenshot - {}
RESULT: {"using":"xpath","value":"(//input[contains(@id ,\"requestItemsTable-1-inner\")])[1]"}
COMMAND: POST /session/6942dd4aefa05acfe787f49b28130ab8/element/f.F18A487FCC2B115A863E771091ABB869.d.817897BFB56AEE09961CF7B08785BB5C.e.5693/clear - {}
RESULT: {}
RESULT: {}
COMMAND: POST /session/6942dd4aefa05acfe787f49b28130ab8/element/f.F18A487FCC2B115A863E771091ABB869.d.817897BFB56AEE09961CF7B08785BB5C.e.5693/value - {"text":"catalogItem3q42q"}
COMMAND: GET /session/6942dd4aefa05acfe787f49b28130ab8/screenshot - {}
RESULT: {"text":"catalogItem3q42q"}
COMMAND: GET /session/6942dd4aefa05acfe787f49b28130ab8/screenshot - {}
RESULT: {}
RESULT: {}
COMMAND: POST /session/6942dd4aefa05acfe787f49b28130ab8/actions - {"actions":[{"id":"action26","type":"key","parameters":{},"actions":[{"type":"keyDown","value":""},{"type":"pause","duration":10},{"type":"keyUp","value":""}]}]}
RESULT: {"actions":[{"id":"action26","type":"key","parameters":{},"actions":[{"type":"keyDown","value":""},{"type":"pause","duration":10},{"type":"keyUp","value":""}]}]}
COMMAND: GET /session/6942dd4aefa05acfe787f49b28130ab8/screenshot - {}
RESULT: {}
COMMAND: POST /session/6942dd4aefa05acfe787f49b28130ab8/execute/async - {"script":"<script> [1562 bytes]","args":[{"selector":{"controlType":"sap.ui.core.Icon","viewName":"etm.portal.ui.managerequests.view.NewRequest","properties":{"src":{"regex":{"source":"slim\\-arrow\\-down"}}},"ancestor":{"controlType":"sap.m.Button","viewName":"etm.portal.ui.managerequests.view.NewRequest","properties":{"icon":"sap-icon://slim-arrow-down"}}},"wdio_ui5_key":"etmportal.ui.managerequests.view.NewRequestsap.ui.core.Icon{\"src\":{\"regex\":{\"source\":\"slim\\\\-arrow\\\\-down\"}}}{\"controlType\":\"sap.m.Button\",\"viewName\":\"etm.portal.ui.managerequests.view.NewRequest\",\"properties\":{\"icon\":\"sap-icon://slim-arrow-down\"}}"}]}
RESULT: {"script":"<script> [1562 bytes]","args":[{"selector":{"controlType":"sap.ui.core.Icon","viewName":"etm.portal.ui.managerequests.view.NewRequest","properties":{"src":{"regex":{"source":"slim\\-arrow\\-down"}}},"ancestor":{"controlType":"sap.m.Button","viewName":"etm.portal.ui.managerequests.view.NewRequest","properties":{"icon":"sap-icon://slim-arrow-down"}}},"wdio_ui5_key":"etmportal.ui.managerequests.view.NewRequestsap.ui.core.Icon{\"src\":{\"regex\":{\"source\":\"slim\\\\-arrow\\\\-down\"}}}{\"controlType\":\"sap.m.Button\",\"viewName\":\"etm.portal.ui.managerequests.view.NewRequest\",\"properties\":{\"icon\":\"sap-icon://slim-arrow-down\"}}"}]}
RESULT: undefined
COMMAND: POST /session/6942dd4aefa05acfe787f49b28130ab8/element - {"using":"xpath","value":"//*[@id=\"__title47-expandBtn-img\"]"}
RESULT: {"using":"xpath","value":"//*[@id=\"__title47-expandBtn-img\"]"}
COMMAND: POST /session/6942dd4aefa05acfe787f49b28130ab8/element/f.F18A487FCC2B115A863E771091ABB869.d.817897BFB56AEE09961CF7B08785BB5C.e.5715/click - {}
RESULT: {}
COMMAND: POST /session/6942dd4aefa05acfe787f49b28130ab8/element - {"using":"xpath","value":"//div[contains(@data-kt ,\"splitAllocationObjectStatus\")]"}
COMMAND: GET /session/6942dd4aefa05acfe787f49b28130ab8/screenshot - {}
RESULT: {"using":"xpath","value":"//div[contains(@data-kt ,\"splitAllocationObjectStatus\")]"}
COMMAND: POST /session/6942dd4aefa05acfe787f49b28130ab8/elements - {"using":"xpath","value":"//div[contains(@data-kt ,\"splitAllocationObjectStatus\")]"}
RESULT: {}
RESULT: {"using":"xpath","value":"//div[contains(@data-kt ,\"splitAllocationObjectStatus\")]"}
COMMAND: POST /session/6942dd4aefa05acfe787f49b28130ab8/execute/async - {"script":"<script> [1562 bytes]","args":[{"selector":{"controlType":"sap.ui.core.Icon","viewName":"etm.portal.ui.managerequests.view.NewRequest","properties":{"src":{"regex":{"source":"message\\-error"}}},"ancestor":{"controlType":"sap.m.ColumnListItem","viewName":"etm.portal.ui.managerequests.view.NewRequest","bindingPath":{"modelName":"newRequestItems","path":"/RequestItems/0"},"ancestor":{"id":"requestItemsTable","viewName":"etm.portal.ui.managerequests.view.NewRequest"}}},"wdio_ui5_key":"etmportal.ui.managerequests.view.NewRequestsap.ui.core.Icon{\"src\":{\"regex\":{\"source\":\"message\\\\-error\"}}}{\"controlType\":\"sap.m.ColumnListItem\",\"viewName\":\"etm.portal.ui.managerequests.view.NewRequest\",\"bindingPath\":{\"modelName\":\"newRequestItems\",\"path\":\"/RequestItems/0\"},\"ancestor\":{\"id\":\"requestItemsTable\",\"viewName\":\"etm.portal.ui.managerequests.view.NewRequest\"}}"}]}
RESULT: {"script":"<script> [1562 bytes]","args":[{"selector":{"controlType":"sap.ui.core.Icon","viewName":"etm.portal.ui.managerequests.view.NewRequest","properties":{"src":{"regex":{"source":"message\\-error"}}},"ancestor":{"controlType":"sap.m.ColumnListItem","viewName":"etm.portal.ui.managerequests.view.NewRequest","bindingPath":{"modelName":"newRequestItems","path":"/RequestItems/0"},"ancestor":{"id":"requestItemsTable","viewName":"etm.portal.ui.managerequests.view.NewRequest"}}},"wdio_ui5_key":"etmportal.ui.managerequests.view.NewRequestsap.ui.core.Icon{\"src\":{\"regex\":{\"source\":\"message\\\\-error\"}}}{\"controlType\":\"sap.m.ColumnListItem\",\"viewName\":\"etm.portal.ui.managerequests.view.NewRequest\",\"bindingPath\":{\"modelName\":\"newRequestItems\",\"path\":\"/RequestItems/0\"},\"ancestor\":{\"id\":\"requestItemsTable\",\"viewName\":\"etm.portal.ui.managerequests.view.NewRequest\"}}"}]}
RESULT: undefined
COMMAND: POST /session/6942dd4aefa05acfe787f49b28130ab8/element - {"using":"xpath","value":"//*[@id=\"__status15-__xmlview61--requestItemsTable-0-icon\"]"}
RESULT: {"using":"xpath","value":"//*[@id=\"__status15-__xmlview61--requestItemsTable-0-icon\"]"}
COMMAND: POST /session/6942dd4aefa05acfe787f49b28130ab8/element/f.F18A487FCC2B115A863E771091ABB869.d.817897BFB56AEE09961CF7B08785BB5C.e.5722/click - {}
RESULT: {}
COMMAND: GET /session/6942dd4aefa05acfe787f49b28130ab8/screenshot - {}
RESULT: {}
COMMAND: POST /session/6942dd4aefa05acfe787f49b28130ab8/execute/async - {"script":"<script> [1562 bytes]","args":[{"selector":{"id":"costObjectAdminTypeComboBox","viewName":"etm.portal.ui.managerequests.view.NewRequest","searchOpenDialogs":true,"interaction":{"idSuffix":"inner"}},"wdio_ui5_key":"costObjectAdminTypeComboBoxetmportal.ui.managerequests.view.NewRequest"}]}
RESULT: {"script":"<script> [1562 bytes]","args":[{"selector":{"id":"costObjectAdminTypeComboBox","viewName":"etm.portal.ui.managerequests.view.NewRequest","searchOpenDialogs":true,"interaction":{"idSuffix":"inner"}},"wdio_ui5_key":"costObjectAdminTypeComboBoxetmportal.ui.managerequests.view.NewRequest"}]}
RESULT: undefined
COMMAND: POST /session/6942dd4aefa05acfe787f49b28130ab8/execute/async - {"script":"<script> [776 bytes]","args":[{"enterText":"Cost Center","selector":{"id":"costObjectAdminTypeComboBox","viewName":"etm.portal.ui.managerequests.view.NewRequest","searchOpenDialogs":true,"interaction":{"idSuffix":"inner"}},"clearTextFirst":true,"interactionType":"ENTER_TEXT"}]}
RESULT: {"script":"<script> [776 bytes]","args":[{"enterText":"Cost Center","selector":{"id":"costObjectAdminTypeComboBox","viewName":"etm.portal.ui.managerequests.view.NewRequest","searchOpenDialogs":true,"interaction":{"idSuffix":"inner"}},"clearTextFirst":true,"interactionType":"ENTER_TEXT"}]}
COMMAND: POST /session/6942dd4aefa05acfe787f49b28130ab8/actions - {"actions":[{"id":"action27","type":"key","parameters":{},"actions":[{"type":"keyDown","value":""},{"type":"pause","duration":10},{"type":"keyUp","value":""}]}]}
RESULT: {"actions":[{"id":"action27","type":"key","parameters":{},"actions":[{"type":"keyDown","value":""},{"type":"pause","duration":10},{"type":"keyUp","value":""}]}]}
COMMAND: GET /session/6942dd4aefa05acfe787f49b28130ab8/screenshot - {}
RESULT: {}
COMMAND: POST /session/6942dd4aefa05acfe787f49b28130ab8/execute/async - {"script":"<script> [1562 bytes]","args":[{"selector":{"controlType":"sap.ui.core.Icon","viewName":"etm.portal.ui.managerequests.view.NewRequest","properties":{"src":{"regex":{"source":"value\\-help"}}},"searchOpenDialogs":true},"wdio_ui5_key":"etmportal.ui.managerequests.view.NewRequestsap.ui.core.Icon{\"src\":{\"regex\":{\"source\":\"value\\\\-help\"}}}"}]}
RESULT: {"script":"<script> [1562 bytes]","args":[{"selector":{"controlType":"sap.ui.core.Icon","viewName":"etm.portal.ui.managerequests.view.NewRequest","properties":{"src":{"regex":{"source":"value\\-help"}}},"searchOpenDialogs":true},"wdio_ui5_key":"etmportal.ui.managerequests.view.NewRequestsap.ui.core.Icon{\"src\":{\"regex\":{\"source\":\"value\\\\-help\"}}}"}]}
RESULT: undefined
COMMAND: POST /session/6942dd4aefa05acfe787f49b28130ab8/element - {"using":"xpath","value":"//*[@id=\"__xmlview61--costObjectIdComboBox-vhi\"]"}
RESULT: {"using":"xpath","value":"//*[@id=\"__xmlview61--costObjectIdComboBox-vhi\"]"}
COMMAND: POST /session/6942dd4aefa05acfe787f49b28130ab8/element/f.F18A487FCC2B115A863E771091ABB869.d.817897BFB56AEE09961CF7B08785BB5C.e.5734/click - {}
RESULT: {}
COMMAND: POST /session/6942dd4aefa05acfe787f49b28130ab8/execute/async - {"script":"<script> [1562 bytes]","args":[{"selector":{"controlType":"sap.m.SearchField","properties":{"placeholder":"Search"},"searchOpenDialogs":true,"interaction":{"idSuffix":"I"}},"wdio_ui5_key":"sapm.SearchField{\"placeholder\":\"Search\"}"}]}
COMMAND: GET /session/6942dd4aefa05acfe787f49b28130ab8/screenshot - {}
RESULT: {"script":"<script> [1562 bytes]","args":[{"selector":{"controlType":"sap.m.SearchField","properties":{"placeholder":"Search"},"searchOpenDialogs":true,"interaction":{"idSuffix":"I"}},"wdio_ui5_key":"sapm.SearchField{\"placeholder\":\"Search\"}"}]}
RESULT: undefined
COMMAND: POST /session/6942dd4aefa05acfe787f49b28130ab8/execute/async - {"script":"<script> [776 bytes]","args":[{"enterText":"10001013","selector":{"controlType":"sap.m.SearchField","properties":{"placeholder":"Search"},"searchOpenDialogs":true,"interaction":{"idSuffix":"I"}},"clearTextFirst":true,"interactionType":"ENTER_TEXT"}]}
RESULT: {}
RESULT: {"script":"<script> [776 bytes]","args":[{"enterText":"10001013","selector":{"controlType":"sap.m.SearchField","properties":{"placeholder":"Search"},"searchOpenDialogs":true,"interaction":{"idSuffix":"I"}},"clearTextFirst":true,"interactionType":"ENTER_TEXT"}]}
COMMAND: POST /session/6942dd4aefa05acfe787f49b28130ab8/actions - {"actions":[{"id":"action28","type":"key","parameters":{},"actions":[{"type":"keyDown","value":""},{"type":"pause","duration":10},{"type":"keyUp","value":""}]}]}
RESULT: {"actions":[{"id":"action28","type":"key","parameters":{},"actions":[{"type":"keyDown","value":""},{"type":"pause","duration":10},{"type":"keyUp","value":""}]}]}
COMMAND: GET /session/6942dd4aefa05acfe787f49b28130ab8/screenshot - {}
RESULT: {}
COMMAND: POST /session/6942dd4aefa05acfe787f49b28130ab8/element - {"using":"xpath","value":"//span[contains(text(), \"General Management\")]"}
RESULT: {"using":"xpath","value":"//span[contains(text(), \"General Management\")]"}
COMMAND: POST /session/6942dd4aefa05acfe787f49b28130ab8/element/f.F18A487FCC2B115A863E771091ABB869.d.817897BFB56AEE09961CF7B08785BB5C.e.5775/click - {}
RESULT: {}
COMMAND: GET /session/6942dd4aefa05acfe787f49b28130ab8/screenshot - {}
RESULT: {}
COMMAND: POST /session/6942dd4aefa05acfe787f49b28130ab8/element - {"using":"xpath","value":"//bdi[contains(text(), \"OK\")]"}
RESULT: {"using":"xpath","value":"//bdi[contains(text(), \"OK\")]"}
COMMAND: POST /session/6942dd4aefa05acfe787f49b28130ab8/element/f.F18A487FCC2B115A863E771091ABB869.d.817897BFB56AEE09961CF7B08785BB5C.e.5776/click - {}
RESULT: {}
COMMAND: GET /session/6942dd4aefa05acfe787f49b28130ab8/screenshot - {}
RESULT: {}
COMMAND: POST /session/6942dd4aefa05acfe787f49b28130ab8/element - {"using":"xpath","value":"(//bdi[contains(@id ,\"BDI-content\")][contains(text(), \"Save\")])[1]"}
RESULT: {"using":"xpath","value":"(//bdi[contains(@id ,\"BDI-content\")][contains(text(), \"Save\")])[1]"}
COMMAND: POST /session/6942dd4aefa05acfe787f49b28130ab8/element/f.F18A487FCC2B115A863E771091ABB869.d.817897BFB56AEE09961CF7B08785BB5C.e.5780/click - {}
RESULT: {}
COMMAND: GET /session/6942dd4aefa05acfe787f49b28130ab8/screenshot - {}
RESULT: {}
COMMAND: POST /session/6942dd4aefa05acfe787f49b28130ab8/execute/async - {"script":"<script> [1562 bytes]","args":[{"selector":{"controlType":"sap.ui.core.Icon","viewName":"etm.portal.ui.managerequests.view.NewRequest","properties":{"src":{"regex":{"source":"message\\-error"}}},"ancestor":{"controlType":"sap.m.ColumnListItem","viewName":"etm.portal.ui.managerequests.view.NewRequest","bindingPath":{"modelName":"newRequestItems","path":"/RequestItems/1"},"ancestor":{"id":"requestItemsTable","viewName":"etm.portal.ui.managerequests.view.NewRequest"}}},"wdio_ui5_key":"etmportal.ui.managerequests.view.NewRequestsap.ui.core.Icon{\"src\":{\"regex\":{\"source\":\"message\\\\-error\"}}}{\"controlType\":\"sap.m.ColumnListItem\",\"viewName\":\"etm.portal.ui.managerequests.view.NewRequest\",\"bindingPath\":{\"modelName\":\"newRequestItems\",\"path\":\"/RequestItems/1\"},\"ancestor\":{\"id\":\"requestItemsTable\",\"viewName\":\"etm.portal.ui.managerequests.view.NewRequest\"}}"}]}
RESULT: {"script":"<script> [1562 bytes]","args":[{"selector":{"controlType":"sap.ui.core.Icon","viewName":"etm.portal.ui.managerequests.view.NewRequest","properties":{"src":{"regex":{"source":"message\\-error"}}},"ancestor":{"controlType":"sap.m.ColumnListItem","viewName":"etm.portal.ui.managerequests.view.NewRequest","bindingPath":{"modelName":"newRequestItems","path":"/RequestItems/1"},"ancestor":{"id":"requestItemsTable","viewName":"etm.portal.ui.managerequests.view.NewRequest"}}},"wdio_ui5_key":"etmportal.ui.managerequests.view.NewRequestsap.ui.core.Icon{\"src\":{\"regex\":{\"source\":\"message\\\\-error\"}}}{\"controlType\":\"sap.m.ColumnListItem\",\"viewName\":\"etm.portal.ui.managerequests.view.NewRequest\",\"bindingPath\":{\"modelName\":\"newRequestItems\",\"path\":\"/RequestItems/1\"},\"ancestor\":{\"id\":\"requestItemsTable\",\"viewName\":\"etm.portal.ui.managerequests.view.NewRequest\"}}"}]}
RESULT: undefined
COMMAND: POST /session/6942dd4aefa05acfe787f49b28130ab8/element - {"using":"xpath","value":"//*[@id=\"__status15-__xmlview61--requestItemsTable-1-icon\"]"}
RESULT: {"using":"xpath","value":"//*[@id=\"__status15-__xmlview61--requestItemsTable-1-icon\"]"}
COMMAND: POST /session/6942dd4aefa05acfe787f49b28130ab8/element/f.F18A487FCC2B115A863E771091ABB869.d.817897BFB56AEE09961CF7B08785BB5C.e.5783/click - {}
RESULT: {}
COMMAND: GET /session/6942dd4aefa05acfe787f49b28130ab8/screenshot - {}
RESULT: {}
RESULT: undefined
COMMAND: POST /session/6942dd4aefa05acfe787f49b28130ab8/execute/async - {"script":"<script> [776 bytes]","args":[{"enterText":"Cost Center","selector":{"id":"costObjectAdminTypeComboBox","viewName":"etm.portal.ui.managerequests.view.NewRequest","searchOpenDialogs":true,"interaction":{"idSuffix":"inner"}},"clearTextFirst":true,"interactionType":"ENTER_TEXT"}]}
RESULT: {"script":"<script> [776 bytes]","args":[{"enterText":"Cost Center","selector":{"id":"costObjectAdminTypeComboBox","viewName":"etm.portal.ui.managerequests.view.NewRequest","searchOpenDialogs":true,"interaction":{"idSuffix":"inner"}},"clearTextFirst":true,"interactionType":"ENTER_TEXT"}]}
COMMAND: POST /session/6942dd4aefa05acfe787f49b28130ab8/actions - {"actions":[{"id":"action29","type":"key","parameters":{},"actions":[{"type":"keyDown","value":""},{"type":"pause","duration":10},{"type":"keyUp","value":""}]}]}
RESULT: {"actions":[{"id":"action29","type":"key","parameters":{},"actions":[{"type":"keyDown","value":""},{"type":"pause","duration":10},{"type":"keyUp","value":""}]}]}
COMMAND: GET /session/6942dd4aefa05acfe787f49b28130ab8/screenshot - {}
RESULT: {}
RESULT: undefined
COMMAND: POST /session/6942dd4aefa05acfe787f49b28130ab8/element - {"using":"xpath","value":"//*[@id=\"__xmlview61--costObjectIdComboBox-vhi\"]"}
RESULT: {"using":"xpath","value":"//*[@id=\"__xmlview61--costObjectIdComboBox-vhi\"]"}
COMMAND: POST /session/6942dd4aefa05acfe787f49b28130ab8/element/f.F18A487FCC2B115A863E771091ABB869.d.817897BFB56AEE09961CF7B08785BB5C.e.5793/click - {}
RESULT: {}
RESULT: undefined
COMMAND: POST /session/6942dd4aefa05acfe787f49b28130ab8/execute/async - {"script":"<script> [776 bytes]","args":[{"enterText":"10001013","selector":{"controlType":"sap.m.SearchField","properties":{"placeholder":"Search"},"searchOpenDialogs":true,"interaction":{"idSuffix":"I"}},"clearTextFirst":true,"interactionType":"ENTER_TEXT"}]}
COMMAND: GET /session/6942dd4aefa05acfe787f49b28130ab8/screenshot - {}
RESULT: {"script":"<script> [776 bytes]","args":[{"enterText":"10001013","selector":{"controlType":"sap.m.SearchField","properties":{"placeholder":"Search"},"searchOpenDialogs":true,"interaction":{"idSuffix":"I"}},"clearTextFirst":true,"interactionType":"ENTER_TEXT"}]}
COMMAND: POST /session/6942dd4aefa05acfe787f49b28130ab8/actions - {"actions":[{"id":"action30","type":"key","parameters":{},"actions":[{"type":"keyDown","value":""},{"type":"pause","duration":10},{"type":"keyUp","value":""}]}]}
RESULT: {}
RESULT: {"actions":[{"id":"action30","type":"key","parameters":{},"actions":[{"type":"keyDown","value":""},{"type":"pause","duration":10},{"type":"keyUp","value":""}]}]}
COMMAND: GET /session/6942dd4aefa05acfe787f49b28130ab8/screenshot - {}
RESULT: {}
COMMAND: POST /session/6942dd4aefa05acfe787f49b28130ab8/element - {"using":"xpath","value":"//span[contains(text(), \"General Management\")]"}
RESULT: {"using":"xpath","value":"//span[contains(text(), \"General Management\")]"}
COMMAND: POST /session/6942dd4aefa05acfe787f49b28130ab8/element/f.F18A487FCC2B115A863E771091ABB869.d.817897BFB56AEE09961CF7B08785BB5C.e.5832/click - {}
RESULT: {}
COMMAND: GET /session/6942dd4aefa05acfe787f49b28130ab8/screenshot - {}
RESULT: {}
COMMAND: POST /session/6942dd4aefa05acfe787f49b28130ab8/element - {"using":"xpath","value":"//bdi[contains(text(), \"OK\")]"}
RESULT: {"using":"xpath","value":"//bdi[contains(text(), \"OK\")]"}
COMMAND: POST /session/6942dd4aefa05acfe787f49b28130ab8/element/f.F18A487FCC2B115A863E771091ABB869.d.817897BFB56AEE09961CF7B08785BB5C.e.5833/click - {}
RESULT: {}
COMMAND: GET /session/6942dd4aefa05acfe787f49b28130ab8/screenshot - {}
RESULT: {}
COMMAND: POST /session/6942dd4aefa05acfe787f49b28130ab8/element - {"using":"xpath","value":"(//bdi[contains(@id ,\"BDI-content\")][contains(text(), \"Save\")])[1]"}
RESULT: {"using":"xpath","value":"(//bdi[contains(@id ,\"BDI-content\")][contains(text(), \"Save\")])[1]"}
COMMAND: POST /session/6942dd4aefa05acfe787f49b28130ab8/element/f.F18A487FCC2B115A863E771091ABB869.d.817897BFB56AEE09961CF7B08785BB5C.e.5837/click - {}
RESULT: {}
COMMAND: GET /session/6942dd4aefa05acfe787f49b28130ab8/screenshot - {}
RESULT: {}
COMMAND: POST /session/6942dd4aefa05acfe787f49b28130ab8/execute/async - {"script":"<script> [1562 bytes]","args":[{"selector":{"controlType":"sap.m.Button","viewName":"etm.portal.ui.managerequests.view.NewRequest","i18NText":{"propertyName":"tooltip","key":"save"},"interaction":{"idSuffix":"content"}},"wdio_ui5_key":"etmportal.ui.managerequests.view.NewRequestsap.m.Button{\"propertyName\":\"tooltip\",\"key\":\"save\"}"}]}
RESULT: {"script":"<script> [1562 bytes]","args":[{"selector":{"controlType":"sap.m.Button","viewName":"etm.portal.ui.managerequests.view.NewRequest","i18NText":{"propertyName":"tooltip","key":"save"},"interaction":{"idSuffix":"content"}},"wdio_ui5_key":"etmportal.ui.managerequests.view.NewRequestsap.m.Button{\"propertyName\":\"tooltip\",\"key\":\"save\"}"}]}
RESULT: undefined
COMMAND: POST /session/6942dd4aefa05acfe787f49b28130ab8/element - {"using":"xpath","value":"//*[@id=\"__button107\"]"}
RESULT: {"using":"xpath","value":"//*[@id=\"__button107\"]"}
COMMAND: POST /session/6942dd4aefa05acfe787f49b28130ab8/element/f.F18A487FCC2B115A863E771091ABB869.d.817897BFB56AEE09961CF7B08785BB5C.e.5609/click - {}
RESULT: {}
COMMAND: GET /session/6942dd4aefa05acfe787f49b28130ab8/screenshot - {}
RESULT: {}
COMMAND: POST /session/6942dd4aefa05acfe787f49b28130ab8/execute/async - {"script":"<script> [1562 bytes]","args":[{"selector":{"controlType":"sap.m.Title","properties":{"text":"Success"},"searchOpenDialogs":true},"wdio_ui5_key":"sapm.Title{\"text\":\"Success\"}"}]}
RESULT: {"script":"<script> [1562 bytes]","args":[{"selector":{"controlType":"sap.m.Title","properties":{"text":"Success"},"searchOpenDialogs":true},"wdio_ui5_key":"sapm.Title{\"text\":\"Success\"}"}]}
RESULT: undefined
COMMAND: POST /session/6942dd4aefa05acfe787f49b28130ab8/execute/async - {"script":"<script> [6424 bytes]","args":[{"element-6066-11e4-a52e-4f735466cecf":"f.F18A487FCC2B115A863E771091ABB869.d.817897BFB56AEE09961CF7B08785BB5C.e.5843"},"getText",[]]}
RESULT: {"script":"<script> [6424 bytes]","args":[{"element-6066-11e4-a52e-4f735466cecf":"f.F18A487FCC2B115A863E771091ABB869.d.817897BFB56AEE09961CF7B08785BB5C.e.5843"},"getText",[]]}
COMMAND: POST /session/6942dd4aefa05acfe787f49b28130ab8/execute/async - {"script":"<script> [1562 bytes]","args":[{"selector":{"controlType":"sap.m.Button","properties":{"text":"Close"},"searchOpenDialogs":true,"interaction":{"idSuffix":"BDI-content"}},"wdio_ui5_key":"sapm.Button{\"text\":\"Close\"}"}]}
RESULT: {"script":"<script> [1562 bytes]","args":[{"selector":{"controlType":"sap.m.Button","properties":{"text":"Close"},"searchOpenDialogs":true,"interaction":{"idSuffix":"BDI-content"}},"wdio_ui5_key":"sapm.Button{\"text\":\"Close\"}"}]}
RESULT: undefined
COMMAND: POST /session/6942dd4aefa05acfe787f49b28130ab8/element - {"using":"xpath","value":"//*[@id=\"__mbox-btn-4\"]"}
RESULT: {"using":"xpath","value":"//*[@id=\"__mbox-btn-4\"]"}
COMMAND: POST /session/6942dd4aefa05acfe787f49b28130ab8/element/f.F18A487FCC2B115A863E771091ABB869.d.817897BFB56AEE09961CF7B08785BB5C.e.5842/click - {}
RESULT: {}
COMMAND: GET /session/6942dd4aefa05acfe787f49b28130ab8/screenshot - {}
RESULT: {}
COMMAND: POST /session/6942dd4aefa05acfe787f49b28130ab8/execute/async - {"script":"<script> [1562 bytes]","args":[{"selector":{"controlType":"sap.m.Text","viewName":"etm.portal.ui.managerequests.view.Detail","bindingPath":{"propertyPath":"NO","modelName":"catalogModel"}},"wdio_ui5_key":"etmportal.ui.managerequests.view.Detailsap.m.Text{\"propertyPath\":\"NO\",\"modelName\":\"catalogModel\"}"}]}
RESULT: {"script":"<script> [1562 bytes]","args":[{"selector":{"controlType":"sap.m.Text","viewName":"etm.portal.ui.managerequests.view.Detail","bindingPath":{"propertyPath":"NO","modelName":"catalogModel"}},"wdio_ui5_key":"etmportal.ui.managerequests.view.Detailsap.m.Text{\"propertyPath\":\"NO\",\"modelName\":\"catalogModel\"}"}]}
RESULT: undefined
COMMAND: POST /session/6942dd4aefa05acfe787f49b28130ab8/execute/async - {"script":"<script> [6424 bytes]","args":[{"element-6066-11e4-a52e-4f735466cecf":"f.F18A487FCC2B115A863E771091ABB869.d.817897BFB56AEE09961CF7B08785BB5C.e.5976"},"getText",[]]}
RESULT: {"script":"<script> [6424 bytes]","args":[{"element-6066-11e4-a52e-4f735466cecf":"f.F18A487FCC2B115A863E771091ABB869.d.817897BFB56AEE09961CF7B08785BB5C.e.5976"},"getText",[]]}
COMMAND: POST /session/6942dd4aefa05acfe787f49b28130ab8/execute/async - {"script":"<script> [1562 bytes]","args":[{"selector":{"controlType":"sap.ui.core.Icon","viewName":"etm.portal.ui.managerequests.view.Detail","properties":{"src":{"regex":{"source":"date\\-time"}}},"ancestor":{"controlType":"sap.m.ColumnListItem","viewName":"etm.portal.ui.managerequests.view.Detail","bindingPath":{"path":"/SmartRequestItemsPlanningBoard(ITEM=10m,REQUEST='20142')"},"ancestor":{"id":"requestItemsTable","viewName":"etm.portal.ui.managerequests.view.Detail"}}},"wdio_ui5_key":"etmportal.ui.managerequests.view.Detailsap.ui.core.Icon{\"src\":{\"regex\":{\"source\":\"date\\\\-time\"}}}{\"controlType\":\"sap.m.ColumnListItem\",\"viewName\":\"etm.portal.ui.managerequests.view.Detail\",\"bindingPath\":{\"path\":\"/SmartRequestItemsPlanningBoard(ITEM=10m,REQUEST='20142')\"},\"ancestor\":{\"id\":\"requestItemsTable\",\"viewName\":\"etm.portal.ui.managerequests.view.Detail\"}}"}]}
RESULT: {"script":"<script> [1562 bytes]","args":[{"selector":{"controlType":"sap.ui.core.Icon","viewName":"etm.portal.ui.managerequests.view.Detail","properties":{"src":{"regex":{"source":"date\\-time"}}},"ancestor":{"controlType":"sap.m.ColumnListItem","viewName":"etm.portal.ui.managerequests.view.Detail","bindingPath":{"path":"/SmartRequestItemsPlanningBoard(ITEM=10m,REQUEST='20142')"},"ancestor":{"id":"requestItemsTable","viewName":"etm.portal.ui.managerequests.view.Detail"}}},"wdio_ui5_key":"etmportal.ui.managerequests.view.Detailsap.ui.core.Icon{\"src\":{\"regex\":{\"source\":\"date\\\\-time\"}}}{\"controlType\":\"sap.m.ColumnListItem\",\"viewName\":\"etm.portal.ui.managerequests.view.Detail\",\"bindingPath\":{\"path\":\"/SmartRequestItemsPlanningBoard(ITEM=10m,REQUEST='20142')\"},\"ancestor\":{\"id\":\"requestItemsTable\",\"viewName\":\"etm.portal.ui.managerequests.view.Detail\"}}"}]}
RESULT: undefined
COMMAND: POST /session/6942dd4aefa05acfe787f49b28130ab8/element - {"using":"xpath","value":"//*[@id=\"__button137-__clone6214-img\"]"}
RESULT: {"using":"xpath","value":"//*[@id=\"__button137-__clone6214-img\"]"}
COMMAND: POST /session/6942dd4aefa05acfe787f49b28130ab8/element/f.F18A487FCC2B115A863E771091ABB869.d.817897BFB56AEE09961CF7B08785BB5C.e.5977/click - {}
RESULT: {}
COMMAND: POST /session/6942dd4aefa05acfe787f49b28130ab8/execute/async - {"script":"<script> [1562 bytes]","args":[{"selector":{"controlType":"sap.m.Button","viewName":"etm.portal.ui.managerequests.view.Detail","properties":{"text":"Close"},"searchOpenDialogs":true,"interaction":{"idSuffix":"BDI-content"}},"wdio_ui5_key":"etmportal.ui.managerequests.view.Detailsap.m.Button{\"text\":\"Close\"}"}]}
COMMAND: GET /session/6942dd4aefa05acfe787f49b28130ab8/screenshot - {}
RESULT: {"script":"<script> [1562 bytes]","args":[{"selector":{"controlType":"sap.m.Button","viewName":"etm.portal.ui.managerequests.view.Detail","properties":{"text":"Close"},"searchOpenDialogs":true,"interaction":{"idSuffix":"BDI-content"}},"wdio_ui5_key":"etmportal.ui.managerequests.view.Detailsap.m.Button{\"text\":\"Close\"}"}]}
RESULT: undefined
COMMAND: POST /session/6942dd4aefa05acfe787f49b28130ab8/element - {"using":"xpath","value":"//*[@id=\"__button147\"]"}
RESULT: {}
RESULT: {"using":"xpath","value":"//*[@id=\"__button147\"]"}
COMMAND: POST /session/6942dd4aefa05acfe787f49b28130ab8/element/f.F18A487FCC2B115A863E771091ABB869.d.817897BFB56AEE09961CF7B08785BB5C.e.5980/click - {}
RESULT: {}
COMMAND: POST /session/6942dd4aefa05acfe787f49b28130ab8/execute/async - {"script":"<script> [1562 bytes]","args":[{"selector":{"controlType":"sap.ui.core.Icon","viewName":"etm.portal.ui.managerequests.view.Detail","properties":{"src":{"regex":{"source":"date\\-time"}}},"ancestor":{"controlType":"sap.m.ColumnListItem","viewName":"etm.portal.ui.managerequests.view.Detail","bindingPath":{"path":"/SmartRequestItemsPlanningBoard(ITEM=20m,REQUEST='20142')"},"ancestor":{"id":"requestItemsTable","viewName":"etm.portal.ui.managerequests.view.Detail"}}},"wdio_ui5_key":"etmportal.ui.managerequests.view.Detailsap.ui.core.Icon{\"src\":{\"regex\":{\"source\":\"date\\\\-time\"}}}{\"controlType\":\"sap.m.ColumnListItem\",\"viewName\":\"etm.portal.ui.managerequests.view.Detail\",\"bindingPath\":{\"path\":\"/SmartRequestItemsPlanningBoard(ITEM=20m,REQUEST='20142')\"},\"ancestor\":{\"id\":\"requestItemsTable\",\"viewName\":\"etm.portal.ui.managerequests.view.Detail\"}}"}]}
COMMAND: GET /session/6942dd4aefa05acfe787f49b28130ab8/screenshot - {}
RESULT: {"script":"<script> [1562 bytes]","args":[{"selector":{"controlType":"sap.ui.core.Icon","viewName":"etm.portal.ui.managerequests.view.Detail","properties":{"src":{"regex":{"source":"date\\-time"}}},"ancestor":{"controlType":"sap.m.ColumnListItem","viewName":"etm.portal.ui.managerequests.view.Detail","bindingPath":{"path":"/SmartRequestItemsPlanningBoard(ITEM=20m,REQUEST='20142')"},"ancestor":{"id":"requestItemsTable","viewName":"etm.portal.ui.managerequests.view.Detail"}}},"wdio_ui5_key":"etmportal.ui.managerequests.view.Detailsap.ui.core.Icon{\"src\":{\"regex\":{\"source\":\"date\\\\-time\"}}}{\"controlType\":\"sap.m.ColumnListItem\",\"viewName\":\"etm.portal.ui.managerequests.view.Detail\",\"bindingPath\":{\"path\":\"/SmartRequestItemsPlanningBoard(ITEM=20m,REQUEST='20142')\"},\"ancestor\":{\"id\":\"requestItemsTable\",\"viewName\":\"etm.portal.ui.managerequests.view.Detail\"}}"}]}
RESULT: undefined
COMMAND: POST /session/6942dd4aefa05acfe787f49b28130ab8/element - {"using":"xpath","value":"//*[@id=\"__button137-__clone6215-img\"]"}
RESULT: {}
RESULT: {"using":"xpath","value":"//*[@id=\"__button137-__clone6215-img\"]"}
COMMAND: POST /session/6942dd4aefa05acfe787f49b28130ab8/element/f.F18A487FCC2B115A863E771091ABB869.d.817897BFB56AEE09961CF7B08785BB5C.e.5987/click - {}
RESULT: {}
RESULT: undefined
COMMAND: POST /session/6942dd4aefa05acfe787f49b28130ab8/element - {"using":"xpath","value":"//*[@id=\"__button147\"]"}
COMMAND: GET /session/6942dd4aefa05acfe787f49b28130ab8/screenshot - {}
RESULT: {"using":"xpath","value":"//*[@id=\"__button147\"]"}
COMMAND: POST /session/6942dd4aefa05acfe787f49b28130ab8/elements - {"using":"xpath","value":"//*[@id=\"__button147\"]"}
RESULT: {}
RESULT: {"using":"xpath","value":"//*[@id=\"__button147\"]"}
COMMAND: POST /session/6942dd4aefa05acfe787f49b28130ab8/element - {"using":"xpath","value":"//*[@id=\"__button147\"]"}
RESULT: {"using":"xpath","value":"//*[@id=\"__button147\"]"}
COMMAND: POST /session/6942dd4aefa05acfe787f49b28130ab8/element/f.F18A487FCC2B115A863E771091ABB869.d.817897BFB56AEE09961CF7B08785BB5C.e.5995/click - {}
RESULT: {}
COMMAND: POST /session/6942dd4aefa05acfe787f49b28130ab8/element - {"using":"css selector","value":"#shell-header-logo"}
COMMAND: GET /session/6942dd4aefa05acfe787f49b28130ab8/screenshot - {}
RESULT: {"using":"css selector","value":"#shell-header-logo"}
COMMAND: POST /session/6942dd4aefa05acfe787f49b28130ab8/element/f.F18A487FCC2B115A863E771091ABB869.d.817897BFB56AEE09961CF7B08785BB5C.e.5329/click - {}
RESULT: {}
RESULT: {}
COMMAND: GET /session/6942dd4aefa05acfe787f49b28130ab8/screenshot - {}
RESULT: {}
]]></system-out>
    </testcase>
    <testcase classname="chrome.136_0_7103_93.windows.Standard_contract_-_add_contract_items_by_Insert_Request_US118222" name="Should insert the request into the contract" time="66.607">
      <system-out><![CDATA[
RESULT: undefined
COMMAND: POST /session/6942dd4aefa05acfe787f49b28130ab8/element - {"using":"xpath","value":"//*[@id=\"__tile130\"]"}
RESULT: {"using":"xpath","value":"//*[@id=\"__tile130\"]"}
COMMAND: POST /session/6942dd4aefa05acfe787f49b28130ab8/element/f.F18A487FCC2B115A863E771091ABB869.d.817897BFB56AEE09961CF7B08785BB5C.e.4905/click - {}
RESULT: {}
COMMAND: GET /session/6942dd4aefa05acfe787f49b28130ab8/screenshot - {}
RESULT: {}
COMMAND: POST /session/6942dd4aefa05acfe787f49b28130ab8/elements - {"using":"xpath","value":"//span[text()='Error']"}
RESULT: {"using":"xpath","value":"//span[text()='Error']"}
COMMAND: POST /session/6942dd4aefa05acfe787f49b28130ab8/execute/async - {"script":"<script> [1562 bytes]","args":[{"selector":{"controlType":"sap.m.SearchField","viewName":"etm.portal.ui.managecontracts.view.Master","bindingPath":{"path":"","propertyPath":"/_BASIC_SEARCH_FIELD","modelName":"fi1t3rM0d31"},"interaction":{"idSuffix":"I"}},"wdio_ui5_key":"etmportal.ui.managecontracts.view.Mastersap.m.SearchField{\"path\":\"\",\"propertyPath\":\"/_BASIC_SEARCH_FIELD\",\"modelName\":\"fi1t3rM0d31\"}"}]}
RESULT: {"script":"<script> [1562 bytes]","args":[{"selector":{"controlType":"sap.m.SearchField","viewName":"etm.portal.ui.managecontracts.view.Master","bindingPath":{"path":"","propertyPath":"/_BASIC_SEARCH_FIELD","modelName":"fi1t3rM0d31"},"interaction":{"idSuffix":"I"}},"wdio_ui5_key":"etmportal.ui.managecontracts.view.Mastersap.m.SearchField{\"path\":\"\",\"propertyPath\":\"/_BASIC_SEARCH_FIELD\",\"modelName\":\"fi1t3rM0d31\"}"}]}
RESULT: undefined
COMMAND: POST /session/6942dd4aefa05acfe787f49b28130ab8/execute/async - {"script":"<script> [776 bytes]","args":[{"enterText":"10320","selector":{"controlType":"sap.m.SearchField","viewName":"etm.portal.ui.managecontracts.view.Master","bindingPath":{"path":"","propertyPath":"/_BASIC_SEARCH_FIELD","modelName":"fi1t3rM0d31"},"interaction":{"idSuffix":"I"}},"clearTextFirst":true,"interactionType":"ENTER_TEXT"}]}
RESULT: {"script":"<script> [776 bytes]","args":[{"enterText":"10320","selector":{"controlType":"sap.m.SearchField","viewName":"etm.portal.ui.managecontracts.view.Master","bindingPath":{"path":"","propertyPath":"/_BASIC_SEARCH_FIELD","modelName":"fi1t3rM0d31"},"interaction":{"idSuffix":"I"}},"clearTextFirst":true,"interactionType":"ENTER_TEXT"}]}
COMMAND: POST /session/6942dd4aefa05acfe787f49b28130ab8/actions - {"actions":[{"id":"action31","type":"key","parameters":{},"actions":[{"type":"keyDown","value":""},{"type":"pause","duration":10},{"type":"keyUp","value":""}]}]}
RESULT: {"actions":[{"id":"action31","type":"key","parameters":{},"actions":[{"type":"keyDown","value":""},{"type":"pause","duration":10},{"type":"keyUp","value":""}]}]}
COMMAND: GET /session/6942dd4aefa05acfe787f49b28130ab8/screenshot - {}
RESULT: {}
COMMAND: POST /session/6942dd4aefa05acfe787f49b28130ab8/execute/async - {"script":"<script> [1562 bytes]","args":[{"selector":{"controlType":"sap.ui.core.Icon","viewName":"etm.portal.ui.managecontracts.view.Master","properties":{"src":{"regex":{"source":"slim\\-arrow\\-right"}}}},"wdio_ui5_key":"etmportal.ui.managecontracts.view.Mastersap.ui.core.Icon{\"src\":{\"regex\":{\"source\":\"slim\\\\-arrow\\\\-right\"}}}"}]}
RESULT: {"script":"<script> [1562 bytes]","args":[{"selector":{"controlType":"sap.ui.core.Icon","viewName":"etm.portal.ui.managecontracts.view.Master","properties":{"src":{"regex":{"source":"slim\\-arrow\\-right"}}}},"wdio_ui5_key":"etmportal.ui.managecontracts.view.Mastersap.ui.core.Icon{\"src\":{\"regex\":{\"source\":\"slim\\\\-arrow\\\\-right\"}}}"}]}
RESULT: undefined
COMMAND: POST /session/6942dd4aefa05acfe787f49b28130ab8/element - {"using":"xpath","value":"//*[@id=\"__item1851-__clone6330-imgNav\"]"}
RESULT: {"using":"xpath","value":"//*[@id=\"__item1851-__clone6330-imgNav\"]"}
COMMAND: POST /session/6942dd4aefa05acfe787f49b28130ab8/element/f.F18A487FCC2B115A863E771091ABB869.d.817897BFB56AEE09961CF7B08785BB5C.e.6116/click - {}
RESULT: {}
COMMAND: POST /session/6942dd4aefa05acfe787f49b28130ab8/execute/async - {"script":"<script> [1562 bytes]","args":[{"selector":{"id":"addRequestItemBtn","viewName":"etm.portal.ui.managecontracts.view.Detail","interaction":{"idSuffix":"BDI-content"}},"wdio_ui5_key":"addRequestItemBtnetmportal.ui.managecontracts.view.Detail"}]}
COMMAND: GET /session/6942dd4aefa05acfe787f49b28130ab8/screenshot - {}
RESULT: {"script":"<script> [1562 bytes]","args":[{"selector":{"id":"addRequestItemBtn","viewName":"etm.portal.ui.managecontracts.view.Detail","interaction":{"idSuffix":"BDI-content"}},"wdio_ui5_key":"addRequestItemBtnetmportal.ui.managecontracts.view.Detail"}]}
RESULT: undefined
COMMAND: POST /session/6942dd4aefa05acfe787f49b28130ab8/element - {"using":"xpath","value":"//*[@id=\"__xmlview64--addRequestItemBtn\"]"}
RESULT: {}
RESULT: {"using":"xpath","value":"//*[@id=\"__xmlview64--addRequestItemBtn\"]"}
COMMAND: POST /session/6942dd4aefa05acfe787f49b28130ab8/element/f.F18A487FCC2B115A863E771091ABB869.d.817897BFB56AEE09961CF7B08785BB5C.e.6236/click - {}
RESULT: {}
COMMAND: GET /session/6942dd4aefa05acfe787f49b28130ab8/screenshot - {}
RESULT: {}
COMMAND: POST /session/6942dd4aefa05acfe787f49b28130ab8/element - {"using":"xpath","value":"//div[contains(@id ,\"popupRequestTable-sa-CbBg\")]"}
RESULT: {"using":"xpath","value":"//div[contains(@id ,\"popupRequestTable-sa-CbBg\")]"}
COMMAND: POST /session/6942dd4aefa05acfe787f49b28130ab8/element/f.F18A487FCC2B115A863E771091ABB869.d.817897BFB56AEE09961CF7B08785BB5C.e.6268/click - {}
RESULT: {}
COMMAND: GET /session/6942dd4aefa05acfe787f49b28130ab8/screenshot - {}
RESULT: {}
COMMAND: POST /session/6942dd4aefa05acfe787f49b28130ab8/execute/async - {"script":"<script> [1562 bytes]","args":[{"selector":{"controlType":"sap.m.Button","viewName":"etm.portal.ui.managecontracts.view.Detail","i18NText":{"propertyName":"text","key":"selectionDone"},"searchOpenDialogs":true,"interaction":{"idSuffix":"BDI-content"}},"wdio_ui5_key":"etmportal.ui.managecontracts.view.Detailsap.m.Button{\"propertyName\":\"text\",\"key\":\"selectionDone\"}"}]}
RESULT: {"script":"<script> [1562 bytes]","args":[{"selector":{"controlType":"sap.m.Button","viewName":"etm.portal.ui.managecontracts.view.Detail","i18NText":{"propertyName":"text","key":"selectionDone"},"searchOpenDialogs":true,"interaction":{"idSuffix":"BDI-content"}},"wdio_ui5_key":"etmportal.ui.managecontracts.view.Detailsap.m.Button{\"propertyName\":\"text\",\"key\":\"selectionDone\"}"}]}
RESULT: undefined
COMMAND: POST /session/6942dd4aefa05acfe787f49b28130ab8/element - {"using":"xpath","value":"//*[@id=\"__button158\"]"}
RESULT: {"using":"xpath","value":"//*[@id=\"__button158\"]"}
COMMAND: POST /session/6942dd4aefa05acfe787f49b28130ab8/element/f.F18A487FCC2B115A863E771091ABB869.d.817897BFB56AEE09961CF7B08785BB5C.e.6271/click - {}
RESULT: {}
COMMAND: POST /session/6942dd4aefa05acfe787f49b28130ab8/execute/async - {"script":"<script> [1562 bytes]","args":[{"selector":{"controlType":"sap.m.Text","properties":{"text":"Started processing request items into the contract."},"searchOpenDialogs":true},"wdio_ui5_key":"sapm.Text{\"text\":\"Started processing request items into the contract.\"}"}]}
COMMAND: GET /session/6942dd4aefa05acfe787f49b28130ab8/screenshot - {}
RESULT: {"script":"<script> [1562 bytes]","args":[{"selector":{"controlType":"sap.m.Text","properties":{"text":"Started processing request items into the contract."},"searchOpenDialogs":true},"wdio_ui5_key":"sapm.Text{\"text\":\"Started processing request items into the contract.\"}"}]}
RESULT: undefined
COMMAND: POST /session/6942dd4aefa05acfe787f49b28130ab8/execute/async - {"script":"<script> [6424 bytes]","args":[{"element-6066-11e4-a52e-4f735466cecf":"f.F18A487FCC2B115A863E771091ABB869.d.817897BFB56AEE09961CF7B08785BB5C.e.6273"},"getText",[]]}
RESULT: {}
RESULT: {"script":"<script> [6424 bytes]","args":[{"element-6066-11e4-a52e-4f735466cecf":"f.F18A487FCC2B115A863E771091ABB869.d.817897BFB56AEE09961CF7B08785BB5C.e.6273"},"getText",[]]}
COMMAND: POST /session/6942dd4aefa05acfe787f49b28130ab8/execute/async - {"script":"<script> [1562 bytes]","args":[{"selector":{"controlType":"sap.m.Button","properties":{"text":"OK"},"searchOpenDialogs":true,"interaction":{"idSuffix":"inner"}},"wdio_ui5_key":"sapm.Button{\"text\":\"OK\"}"}]}
RESULT: {"script":"<script> [1562 bytes]","args":[{"selector":{"controlType":"sap.m.Button","properties":{"text":"OK"},"searchOpenDialogs":true,"interaction":{"idSuffix":"inner"}},"wdio_ui5_key":"sapm.Button{\"text\":\"OK\"}"}]}
RESULT: undefined
COMMAND: POST /session/6942dd4aefa05acfe787f49b28130ab8/element - {"using":"xpath","value":"//*[@id=\"__mbox-btn-5\"]"}
RESULT: {"using":"xpath","value":"//*[@id=\"__mbox-btn-5\"]"}
COMMAND: POST /session/6942dd4aefa05acfe787f49b28130ab8/element/f.F18A487FCC2B115A863E771091ABB869.d.817897BFB56AEE09961CF7B08785BB5C.e.6272/click - {}
RESULT: {}
COMMAND: POST /session/6942dd4aefa05acfe787f49b28130ab8/execute/async - {"script":"<script> [1562 bytes]","args":[{"selector":{"id":"headerBillingItemsTabFilter","viewName":"etm.portal.ui.managecontracts.view.Detail","interaction":{"idSuffix":"text"}},"wdio_ui5_key":"headerBillingItemsTabFilteretmportal.ui.managecontracts.view.Detail"}]}
COMMAND: GET /session/6942dd4aefa05acfe787f49b28130ab8/screenshot - {}
RESULT: {"script":"<script> [1562 bytes]","args":[{"selector":{"id":"headerBillingItemsTabFilter","viewName":"etm.portal.ui.managecontracts.view.Detail","interaction":{"idSuffix":"text"}},"wdio_ui5_key":"headerBillingItemsTabFilteretmportal.ui.managecontracts.view.Detail"}]}
RESULT: undefined
COMMAND: POST /session/6942dd4aefa05acfe787f49b28130ab8/element - {"using":"xpath","value":"//*[@id=\"__xmlview64--headerBillingItemsTabFilter\"]"}
RESULT: {}
RESULT: {"using":"xpath","value":"//*[@id=\"__xmlview64--headerBillingItemsTabFilter\"]"}
COMMAND: POST /session/6942dd4aefa05acfe787f49b28130ab8/element/f.F18A487FCC2B115A863E771091ABB869.d.817897BFB56AEE09961CF7B08785BB5C.e.6283/click - {}
RESULT: {}
COMMAND: GET /session/6942dd4aefa05acfe787f49b28130ab8/screenshot - {}
RESULT: {}
COMMAND: POST /session/6942dd4aefa05acfe787f49b28130ab8/execute/async - {"script":"<script> [1562 bytes]","args":[{"selector":{"controlType":"sap.ui.core.Icon","viewName":"etm.portal.ui.managecontracts.view.Detail","properties":{"src":{"regex":{"source":"synchronize"}}}},"wdio_ui5_key":"etmportal.ui.managecontracts.view.Detailsap.ui.core.Icon{\"src\":{\"regex\":{\"source\":\"synchronize\"}}}"}]}
RESULT: {"script":"<script> [1562 bytes]","args":[{"selector":{"controlType":"sap.ui.core.Icon","viewName":"etm.portal.ui.managecontracts.view.Detail","properties":{"src":{"regex":{"source":"synchronize"}}}},"wdio_ui5_key":"etmportal.ui.managecontracts.view.Detailsap.ui.core.Icon{\"src\":{\"regex\":{\"source\":\"synchronize\"}}}"}]}
RESULT: undefined
COMMAND: POST /session/6942dd4aefa05acfe787f49b28130ab8/element - {"using":"xpath","value":"//*[@id=\"__xmlview64--btnToggleUpdate-img\"]"}
RESULT: {"using":"xpath","value":"//*[@id=\"__xmlview64--btnToggleUpdate-img\"]"}
COMMAND: POST /session/6942dd4aefa05acfe787f49b28130ab8/element/f.F18A487FCC2B115A863E771091ABB869.d.817897BFB56AEE09961CF7B08785BB5C.e.6285/click - {}
RESULT: {}
COMMAND: GET /session/6942dd4aefa05acfe787f49b28130ab8/screenshot - {}
RESULT: {}
RESULT: undefined
COMMAND: POST /session/6942dd4aefa05acfe787f49b28130ab8/element - {"using":"xpath","value":"//*[@id=\"__xmlview64--headerBillingItemsTabFilter\"]"}
RESULT: {"using":"xpath","value":"//*[@id=\"__xmlview64--headerBillingItemsTabFilter\"]"}
COMMAND: POST /session/6942dd4aefa05acfe787f49b28130ab8/element/f.F18A487FCC2B115A863E771091ABB869.d.817897BFB56AEE09961CF7B08785BB5C.e.6283/click - {}
RESULT: {}
COMMAND: POST /session/6942dd4aefa05acfe787f49b28130ab8/execute/async - {"script":"<script> [1562 bytes]","args":[{"selector":{"controlType":"sap.m.Title","viewName":"etm.portal.ui.managecontracts.view.Detail","properties":{"text":"Contract Items (2)"}},"wdio_ui5_key":"etmportal.ui.managecontracts.view.Detailsap.m.Title{\"text\":\"Contract Items (2)\"}"}]}
COMMAND: GET /session/6942dd4aefa05acfe787f49b28130ab8/screenshot - {}
RESULT: {"script":"<script> [1562 bytes]","args":[{"selector":{"controlType":"sap.m.Title","viewName":"etm.portal.ui.managecontracts.view.Detail","properties":{"text":"Contract Items (2)"}},"wdio_ui5_key":"etmportal.ui.managecontracts.view.Detailsap.m.Title{\"text\":\"Contract Items (2)\"}"}]}
RESULT: undefined
COMMAND: POST /session/6942dd4aefa05acfe787f49b28130ab8/execute/async - {"script":"<script> [6424 bytes]","args":[{"element-6066-11e4-a52e-4f735466cecf":"f.F18A487FCC2B115A863E771091ABB869.d.817897BFB56AEE09961CF7B08785BB5C.e.6293"},"getText",[]]}
RESULT: {}
RESULT: {"script":"<script> [6424 bytes]","args":[{"element-6066-11e4-a52e-4f735466cecf":"f.F18A487FCC2B115A863E771091ABB869.d.817897BFB56AEE09961CF7B08785BB5C.e.6293"},"getText",[]]}
COMMAND: POST /session/6942dd4aefa05acfe787f49b28130ab8/execute/async - {"script":"<script> [1562 bytes]","args":[{"selector":{"controlType":"sap.m.ObjectStatus","viewName":"etm.portal.ui.managecontracts.view.Detail","bindingPath":{"path":"/SmartContractItems(CONTRACT='10320',ITEM=10m,SUB_ITEM=0m)","propertyPath":"STATUS"}},"wdio_ui5_key":"etmportal.ui.managecontracts.view.Detailsap.m.ObjectStatus{\"path\":\"/SmartContractItems(CONTRACT='10320',ITEM=10m,SUB_ITEM=0m)\",\"propertyPath\":\"STATUS\"}"}]}
RESULT: {"script":"<script> [1562 bytes]","args":[{"selector":{"controlType":"sap.m.ObjectStatus","viewName":"etm.portal.ui.managecontracts.view.Detail","bindingPath":{"path":"/SmartContractItems(CONTRACT='10320',ITEM=10m,SUB_ITEM=0m)","propertyPath":"STATUS"}},"wdio_ui5_key":"etmportal.ui.managecontracts.view.Detailsap.m.ObjectStatus{\"path\":\"/SmartContractItems(CONTRACT='10320',ITEM=10m,SUB_ITEM=0m)\",\"propertyPath\":\"STATUS\"}"}]}
RESULT: undefined
COMMAND: POST /session/6942dd4aefa05acfe787f49b28130ab8/execute/async - {"script":"<script> [6424 bytes]","args":[{"element-6066-11e4-a52e-4f735466cecf":"f.F18A487FCC2B115A863E771091ABB869.d.817897BFB56AEE09961CF7B08785BB5C.e.6295"},"getText",[]]}
RESULT: {"script":"<script> [6424 bytes]","args":[{"element-6066-11e4-a52e-4f735466cecf":"f.F18A487FCC2B115A863E771091ABB869.d.817897BFB56AEE09961CF7B08785BB5C.e.6295"},"getText",[]]}
COMMAND: POST /session/6942dd4aefa05acfe787f49b28130ab8/execute/async - {"script":"<script> [1562 bytes]","args":[{"selector":{"controlType":"sap.m.ObjectStatus","viewName":"etm.portal.ui.managecontracts.view.Detail","bindingPath":{"path":"/SmartContractItems(CONTRACT='10320',ITEM=20m,SUB_ITEM=0m)","propertyPath":"STATUS"}},"wdio_ui5_key":"etmportal.ui.managecontracts.view.Detailsap.m.ObjectStatus{\"path\":\"/SmartContractItems(CONTRACT='10320',ITEM=20m,SUB_ITEM=0m)\",\"propertyPath\":\"STATUS\"}"}]}
RESULT: {"script":"<script> [1562 bytes]","args":[{"selector":{"controlType":"sap.m.ObjectStatus","viewName":"etm.portal.ui.managecontracts.view.Detail","bindingPath":{"path":"/SmartContractItems(CONTRACT='10320',ITEM=20m,SUB_ITEM=0m)","propertyPath":"STATUS"}},"wdio_ui5_key":"etmportal.ui.managecontracts.view.Detailsap.m.ObjectStatus{\"path\":\"/SmartContractItems(CONTRACT='10320',ITEM=20m,SUB_ITEM=0m)\",\"propertyPath\":\"STATUS\"}"}]}
RESULT: undefined
COMMAND: POST /session/6942dd4aefa05acfe787f49b28130ab8/execute/async - {"script":"<script> [6424 bytes]","args":[{"element-6066-11e4-a52e-4f735466cecf":"f.F18A487FCC2B115A863E771091ABB869.d.817897BFB56AEE09961CF7B08785BB5C.e.6296"},"getText",[]]}
RESULT: {"script":"<script> [6424 bytes]","args":[{"element-6066-11e4-a52e-4f735466cecf":"f.F18A487FCC2B115A863E771091ABB869.d.817897BFB56AEE09961CF7B08785BB5C.e.6296"},"getText",[]]}
]]></system-out>
    </testcase>
  </testsuite>
  <testsuite timestamp="2025-05-27T18:12:45" time="93.622" tests="1" failures="0" errors="0" skipped="0">
    <properties>
      <property name="specId" value="0"/>
      <property name="suiteName" value="Manage contracts - revert request US152962"/>
      <property name="capabilities" value="chrome.136_0_7103_93.windows"/>
      <property name="file" value="file:///D:/a/1/s/test/specs/R2C/manage-contracts-revert-request.spec.js"/>
    </properties>
    <testcase classname="chrome.136_0_7103_93.windows.Manage_contracts_-_revert_request_US152962" name="Should revert the request" time="93.62">
      <system-out><![CDATA[
COMMAND: POST /session/6942dd4aefa05acfe787f49b28130ab8/execute/async - {"script":"<script> [1562 bytes]","args":[{"selector":{"id":"revertPlanningBtn","viewName":"etm.portal.ui.managecontracts.view.Detail","interaction":{"idSuffix":"BDI-content"}},"wdio_ui5_key":"revertPlanningBtnetmportal.ui.managecontracts.view.Detail"}]}
RESULT: {"script":"<script> [1562 bytes]","args":[{"selector":{"id":"revertPlanningBtn","viewName":"etm.portal.ui.managecontracts.view.Detail","interaction":{"idSuffix":"BDI-content"}},"wdio_ui5_key":"revertPlanningBtnetmportal.ui.managecontracts.view.Detail"}]}
RESULT: undefined
COMMAND: POST /session/6942dd4aefa05acfe787f49b28130ab8/element - {"using":"xpath","value":"//*[@id=\"__xmlview64--revertPlanningBtn\"]"}
RESULT: {"using":"xpath","value":"//*[@id=\"__xmlview64--revertPlanningBtn\"]"}
COMMAND: POST /session/6942dd4aefa05acfe787f49b28130ab8/element/f.F18A487FCC2B115A863E771091ABB869.d.817897BFB56AEE09961CF7B08785BB5C.e.6298/click - {}
RESULT: {}
COMMAND: POST /session/6942dd4aefa05acfe787f49b28130ab8/element - {"using":"xpath","value":"(//div[contains(@id ,\"selectMulti-CbBg\")])[2]"}
COMMAND: GET /session/6942dd4aefa05acfe787f49b28130ab8/screenshot - {}
RESULT: {"using":"xpath","value":"(//div[contains(@id ,\"selectMulti-CbBg\")])[2]"}
COMMAND: POST /session/6942dd4aefa05acfe787f49b28130ab8/element/f.F18A487FCC2B115A863E771091ABB869.d.817897BFB56AEE09961CF7B08785BB5C.e.6345/click - {}
RESULT: {}
RESULT: {}
COMMAND: GET /session/6942dd4aefa05acfe787f49b28130ab8/screenshot - {}
RESULT: {}
COMMAND: POST /session/6942dd4aefa05acfe787f49b28130ab8/element - {"using":"xpath","value":"//span[contains(@id ,\"executeRevertPlanningBtn-content\")]"}
RESULT: {"using":"xpath","value":"//span[contains(@id ,\"executeRevertPlanningBtn-content\")]"}
COMMAND: POST /session/6942dd4aefa05acfe787f49b28130ab8/element/f.F18A487FCC2B115A863E771091ABB869.d.817897BFB56AEE09961CF7B08785BB5C.e.6347/click - {}
RESULT: {}
COMMAND: GET /session/6942dd4aefa05acfe787f49b28130ab8/screenshot - {}
RESULT: {}
COMMAND: POST /session/6942dd4aefa05acfe787f49b28130ab8/actions - {"actions":[{"id":"action32","type":"key","parameters":{},"actions":[{"type":"keyDown","value":""},{"type":"pause","duration":10},{"type":"keyUp","value":""}]}]}
RESULT: {"actions":[{"id":"action32","type":"key","parameters":{},"actions":[{"type":"keyDown","value":""},{"type":"pause","duration":10},{"type":"keyUp","value":""}]}]}
COMMAND: GET /session/6942dd4aefa05acfe787f49b28130ab8/screenshot - {}
RESULT: {}
COMMAND: POST /session/6942dd4aefa05acfe787f49b28130ab8/refresh - {}
RESULT: {}
COMMAND: GET /session/6942dd4aefa05acfe787f49b28130ab8/screenshot - {}
RESULT: {}
COMMAND: POST /session/6942dd4aefa05acfe787f49b28130ab8/execute/async - {"script":"<script> [189 bytes]","args":[]}
RESULT: {"script":"<script> [189 bytes]","args":[]}
COMMAND: POST /session/6942dd4aefa05acfe787f49b28130ab8/execute/async - {"script":"<script> [123 bytes]","args":[]}
RESULT: {"script":"<script> [123 bytes]","args":[]}
COMMAND: POST /session/6942dd4aefa05acfe787f49b28130ab8/timeouts - {"script":"<number>"}
RESULT: {"script":"<number>"}
COMMAND: GET /session/6942dd4aefa05acfe787f49b28130ab8/timeouts - {}
RESULT: {}
RESULT: undefined
COMMAND: POST /session/6942dd4aefa05acfe787f49b28130ab8/execute/async - {"script":"<script> [2676 bytes]","args":[]}
RESULT: {"script":"<script> [2676 bytes]","args":[]}
COMMAND: POST /session/6942dd4aefa05acfe787f49b28130ab8/execute/async - {"script":"<script> [2342 bytes]","args":[{"protocol":"http","hostname":"0.0.0.0","path":"/","capabilities":{"browserName":"chrome","goog:chromeOptions":{"binary":"C:\\Program Files\\Google\\Chrome\\Application\\chrome.exe","args":["--start-maximized"]}},"logLevel":"warn","connectionRetryTimeout":120000,"connectionRetryCount":3,"logLevels":{},"enableDirectConnect":true,"strictSSL":true,"_":"65 more keys: [\"cacheDir\",\"port\",\"requestedCapabilities\",\"automationProtocol\",\"baseUrl\",\"waitforInterval\",\"waitforTimeout\",\"onReload\",\"beforeCommand\",\"afterCommand\",\"rootDir\",\"specs\",\"suites\",\"exclude\",\"groupLogsByTestSpec\",\"excludeDriverLogs\",\"bail\",\"framework\",\"reporters\",\"services\",\"maxInstances\",\"maxInstancesPerCapability\",\"injectGlobals\",\"filesToWatch\",\"execArgv\",\"runnerEnv\",\"runner\",\"shard\",\"specFileRetries\",\"specFileRetriesDelay\",\"specFileRetriesDeferred\",\"reporterSyncInterval\",\"reporterSyncTimeout\",\"cucumberFeaturesWithLineNumbers\",\"autoCompileOpts\",\"mochaOpts\",\"jasmineOpts\",\"cucumberOpts\",\"onPrepare\",\"onWorkerStart\",\"onWorkerEnd\",\"before\",\"beforeSession\",\"beforeSuite\",\"beforeHook\",\"beforeTest\",\"afterTest\",\"afterHook\",\"afterSuite\",\"afterSession\",\"after\",\"onComplete\",\"beforeAssertion\",\"afterAssertion\",\"beforeFeature\",\"beforeScenario\",\"beforeStep\",\"afterStep\",\"afterScenario\",\"afterFeature\",\"_\",\"suite\",\"$0\",\"ignoredWorkerServices\",\"wdi5\"]"}]}
RESULT: {"script":"<script> [2342 bytes]","args":[{"protocol":"http","hostname":"0.0.0.0","path":"/","capabilities":{"browserName":"chrome","goog:chromeOptions":{"binary":"C:\\Program Files\\Google\\Chrome\\Application\\chrome.exe","args":["--start-maximized"]}},"logLevel":"warn","connectionRetryTimeout":120000,"connectionRetryCount":3,"logLevels":{},"enableDirectConnect":true,"strictSSL":true,"_":"65 more keys: [\"cacheDir\",\"port\",\"requestedCapabilities\",\"automationProtocol\",\"baseUrl\",\"waitforInterval\",\"waitforTimeout\",\"onReload\",\"beforeCommand\",\"afterCommand\",\"rootDir\",\"specs\",\"suites\",\"exclude\",\"groupLogsByTestSpec\",\"excludeDriverLogs\",\"bail\",\"framework\",\"reporters\",\"services\",\"maxInstances\",\"maxInstancesPerCapability\",\"injectGlobals\",\"filesToWatch\",\"execArgv\",\"runnerEnv\",\"runner\",\"shard\",\"specFileRetries\",\"specFileRetriesDelay\",\"specFileRetriesDeferred\",\"reporterSyncInterval\",\"reporterSyncTimeout\",\"cucumberFeaturesWithLineNumbers\",\"autoCompileOpts\",\"mochaOpts\",\"jasmineOpts\",\"cucumberOpts\",\"onPrepare\",\"onWorkerStart\",\"onWorkerEnd\",\"before\",\"beforeSession\",\"beforeSuite\",\"beforeHook\",\"beforeTest\",\"afterTest\",\"afterHook\",\"afterSuite\",\"afterSession\",\"after\",\"onComplete\",\"beforeAssertion\",\"afterAssertion\",\"beforeFeature\",\"beforeScenario\",\"beforeStep\",\"afterStep\",\"afterScenario\",\"afterFeature\",\"_\",\"suite\",\"$0\",\"ignoredWorkerServices\",\"wdi5\"]"}]}
COMMAND: POST /session/6942dd4aefa05acfe787f49b28130ab8/execute/async - {"script":"<script> [21126 bytes]","args":[35000]}
RESULT: {"script":"<script> [21126 bytes]","args":[35000]}
COMMAND: POST /session/6942dd4aefa05acfe787f49b28130ab8/execute/async - {"script":"<script> [1562 bytes]","args":[{"selector":{"controlType":"sap.m.Title","viewName":"etm.portal.ui.managecontracts.view.Detail","properties":{"text":"Contract Items (1)"}},"wdio_ui5_key":"etmportal.ui.managecontracts.view.Detailsap.m.Title{\"text\":\"Contract Items (1)\"}"}]}
RESULT: {"script":"<script> [1562 bytes]","args":[{"selector":{"controlType":"sap.m.Title","viewName":"etm.portal.ui.managecontracts.view.Detail","properties":{"text":"Contract Items (1)"}},"wdio_ui5_key":"etmportal.ui.managecontracts.view.Detailsap.m.Title{\"text\":\"Contract Items (1)\"}"}]}
RESULT: undefined
COMMAND: POST /session/6942dd4aefa05acfe787f49b28130ab8/execute/async - {"script":"<script> [6424 bytes]","args":[{"element-6066-11e4-a52e-4f735466cecf":"f.F18A487FCC2B115A863E771091ABB869.d.76BF2A3D5A790C79E47F006C0CF89419.e.6541"},"getText",[]]}
RESULT: {"script":"<script> [6424 bytes]","args":[{"element-6066-11e4-a52e-4f735466cecf":"f.F18A487FCC2B115A863E771091ABB869.d.76BF2A3D5A790C79E47F006C0CF89419.e.6541"},"getText",[]]}
COMMAND: POST /session/6942dd4aefa05acfe787f49b28130ab8/execute/async - {"script":"<script> [1562 bytes]","args":[{"selector":{"id":"contractDetailEditBtn","viewName":"etm.portal.ui.managecontracts.view.Detail","interaction":{"idSuffix":"inner"}},"wdio_ui5_key":"contractDetailEditBtnetmportal.ui.managecontracts.view.Detail"}]}
RESULT: {"script":"<script> [1562 bytes]","args":[{"selector":{"id":"contractDetailEditBtn","viewName":"etm.portal.ui.managecontracts.view.Detail","interaction":{"idSuffix":"inner"}},"wdio_ui5_key":"contractDetailEditBtnetmportal.ui.managecontracts.view.Detail"}]}
RESULT: undefined
COMMAND: POST /session/6942dd4aefa05acfe787f49b28130ab8/element - {"using":"xpath","value":"//*[@id=\"__xmlview1--contractDetailEditBtn\"]"}
RESULT: {"using":"xpath","value":"//*[@id=\"__xmlview1--contractDetailEditBtn\"]"}
COMMAND: POST /session/6942dd4aefa05acfe787f49b28130ab8/element/f.F18A487FCC2B115A863E771091ABB869.d.76BF2A3D5A790C79E47F006C0CF89419.e.6430/click - {}
RESULT: {}
COMMAND: GET /session/6942dd4aefa05acfe787f49b28130ab8/screenshot - {}
RESULT: {}
COMMAND: POST /session/6942dd4aefa05acfe787f49b28130ab8/element - {"using":"xpath","value":"(//span[contains(text(), \"Header Billing Items\")])[2]"}
RESULT: {"using":"xpath","value":"(//span[contains(text(), \"Header Billing Items\")])[2]"}
COMMAND: POST /session/6942dd4aefa05acfe787f49b28130ab8/element/f.F18A487FCC2B115A863E771091ABB869.d.76BF2A3D5A790C79E47F006C0CF89419.e.6606/click - {}
RESULT: {}
COMMAND: GET /session/6942dd4aefa05acfe787f49b28130ab8/screenshot - {}
RESULT: {}
COMMAND: POST /session/6942dd4aefa05acfe787f49b28130ab8/element - {"using":"xpath","value":"//div[contains(@id ,\"ProductsTable-sa-CbBg\")]"}
RESULT: {"using":"xpath","value":"//div[contains(@id ,\"ProductsTable-sa-CbBg\")]"}
COMMAND: POST /session/6942dd4aefa05acfe787f49b28130ab8/element/f.F18A487FCC2B115A863E771091ABB869.d.76BF2A3D5A790C79E47F006C0CF89419.e.6609/click - {}
RESULT: {}
COMMAND: GET /session/6942dd4aefa05acfe787f49b28130ab8/screenshot - {}
RESULT: {}
COMMAND: POST /session/6942dd4aefa05acfe787f49b28130ab8/execute/async - {"script":"<script> [1562 bytes]","args":[{"selector":{"id":"deleteBtn","viewName":"etm.portal.ui.managecontracts.view.EditContract","interaction":{"idSuffix":"BDI-content"}},"wdio_ui5_key":"deleteBtnetmportal.ui.managecontracts.view.EditContract"}]}
RESULT: {"script":"<script> [1562 bytes]","args":[{"selector":{"id":"deleteBtn","viewName":"etm.portal.ui.managecontracts.view.EditContract","interaction":{"idSuffix":"BDI-content"}},"wdio_ui5_key":"deleteBtnetmportal.ui.managecontracts.view.EditContract"}]}
RESULT: undefined
COMMAND: POST /session/6942dd4aefa05acfe787f49b28130ab8/element - {"using":"xpath","value":"//*[@id=\"__xmlview2--deleteBtn\"]"}
RESULT: {"using":"xpath","value":"//*[@id=\"__xmlview2--deleteBtn\"]"}
COMMAND: POST /session/6942dd4aefa05acfe787f49b28130ab8/element/f.F18A487FCC2B115A863E771091ABB869.d.76BF2A3D5A790C79E47F006C0CF89419.e.6612/click - {}
RESULT: {}
COMMAND: POST /session/6942dd4aefa05acfe787f49b28130ab8/element - {"using":"xpath","value":"//bdi[contains(@id ,\"BDI-content\")][contains(text(), \"OK\")]"}
COMMAND: GET /session/6942dd4aefa05acfe787f49b28130ab8/screenshot - {}
RESULT: {"using":"xpath","value":"//bdi[contains(@id ,\"BDI-content\")][contains(text(), \"OK\")]"}
COMMAND: POST /session/6942dd4aefa05acfe787f49b28130ab8/element/f.F18A487FCC2B115A863E771091ABB869.d.76BF2A3D5A790C79E47F006C0CF89419.e.6614/click - {}
RESULT: {}
RESULT: {}
COMMAND: GET /session/6942dd4aefa05acfe787f49b28130ab8/screenshot - {}
RESULT: {}
COMMAND: POST /session/6942dd4aefa05acfe787f49b28130ab8/element - {"using":"xpath","value":"//bdi[contains(@id ,\"BDI-content\")][contains(text(), \"Save\")]"}
RESULT: {"using":"xpath","value":"//bdi[contains(@id ,\"BDI-content\")][contains(text(), \"Save\")]"}
COMMAND: POST /session/6942dd4aefa05acfe787f49b28130ab8/element/f.F18A487FCC2B115A863E771091ABB869.d.76BF2A3D5A790C79E47F006C0CF89419.e.6616/click - {}
RESULT: {}
COMMAND: GET /session/6942dd4aefa05acfe787f49b28130ab8/screenshot - {}
RESULT: {}
COMMAND: POST /session/6942dd4aefa05acfe787f49b28130ab8/element - {"using":"xpath","value":"(//span[contains(text(), \"Header Billing Items\")])[1]"}
RESULT: {"using":"xpath","value":"(//span[contains(text(), \"Header Billing Items\")])[1]"}
COMMAND: POST /session/6942dd4aefa05acfe787f49b28130ab8/element/f.F18A487FCC2B115A863E771091ABB869.d.76BF2A3D5A790C79E47F006C0CF89419.e.6619/click - {}
RESULT: {}
COMMAND: GET /session/6942dd4aefa05acfe787f49b28130ab8/screenshot - {}
RESULT: {}
COMMAND: POST /session/6942dd4aefa05acfe787f49b28130ab8/execute/async - {"script":"<script> [1562 bytes]","args":[{"selector":{"controlType":"sap.m.ObjectStatus","viewName":"etm.portal.ui.managecontracts.view.Detail","bindingPath":{"path":"/SmartContractItems(CONTRACT='10320',ITEM=10m,SUB_ITEM=0m)","propertyPath":"STATUS"}},"wdio_ui5_key":"etmportal.ui.managecontracts.view.Detailsap.m.ObjectStatus{\"path\":\"/SmartContractItems(CONTRACT='10320',ITEM=10m,SUB_ITEM=0m)\",\"propertyPath\":\"STATUS\"}"}]}
RESULT: {"script":"<script> [1562 bytes]","args":[{"selector":{"controlType":"sap.m.ObjectStatus","viewName":"etm.portal.ui.managecontracts.view.Detail","bindingPath":{"path":"/SmartContractItems(CONTRACT='10320',ITEM=10m,SUB_ITEM=0m)","propertyPath":"STATUS"}},"wdio_ui5_key":"etmportal.ui.managecontracts.view.Detailsap.m.ObjectStatus{\"path\":\"/SmartContractItems(CONTRACT='10320',ITEM=10m,SUB_ITEM=0m)\",\"propertyPath\":\"STATUS\"}"}]}
RESULT: undefined
COMMAND: POST /session/6942dd4aefa05acfe787f49b28130ab8/execute/async - {"script":"<script> [6424 bytes]","args":[{"element-6066-11e4-a52e-4f735466cecf":"f.F18A487FCC2B115A863E771091ABB869.d.76BF2A3D5A790C79E47F006C0CF89419.e.6621"},"getText",[]]}
RESULT: {"script":"<script> [6424 bytes]","args":[{"element-6066-11e4-a52e-4f735466cecf":"f.F18A487FCC2B115A863E771091ABB869.d.76BF2A3D5A790C79E47F006C0CF89419.e.6621"},"getText",[]]}
COMMAND: POST /session/6942dd4aefa05acfe787f49b28130ab8/element - {"using":"css selector","value":"#shell-header-logo"}
RESULT: {"using":"css selector","value":"#shell-header-logo"}
COMMAND: POST /session/6942dd4aefa05acfe787f49b28130ab8/element/f.F18A487FCC2B115A863E771091ABB869.d.76BF2A3D5A790C79E47F006C0CF89419.e.6360/click - {}
RESULT: {}
COMMAND: GET /session/6942dd4aefa05acfe787f49b28130ab8/screenshot - {}
RESULT: {}
COMMAND: POST /session/6942dd4aefa05acfe787f49b28130ab8/execute/async - {"script":"<script> [1562 bytes]","args":[{"selector":{"controlType":"sap.m.GenericTile","properties":{"header":"Manage Requests"}},"wdio_ui5_key":"sapm.GenericTile{\"header\":\"Manage Requests\"}"}]}
RESULT: {"script":"<script> [1562 bytes]","args":[{"selector":{"controlType":"sap.m.GenericTile","properties":{"header":"Manage Requests"}},"wdio_ui5_key":"sapm.GenericTile{\"header\":\"Manage Requests\"}"}]}
RESULT: undefined
COMMAND: POST /session/6942dd4aefa05acfe787f49b28130ab8/element - {"using":"xpath","value":"//*[@id=\"__tile47\"]"}
RESULT: {"using":"xpath","value":"//*[@id=\"__tile47\"]"}
COMMAND: POST /session/6942dd4aefa05acfe787f49b28130ab8/element/f.F18A487FCC2B115A863E771091ABB869.d.76BF2A3D5A790C79E47F006C0CF89419.e.6637/click - {}
RESULT: {}
COMMAND: GET /session/6942dd4aefa05acfe787f49b28130ab8/screenshot - {}
RESULT: {}
COMMAND: POST /session/6942dd4aefa05acfe787f49b28130ab8/execute/async - {"script":"<script> [1562 bytes]","args":[{"selector":{"controlType":"sap.m.SearchField","viewName":"etm.portal.ui.managerequests.view.Master","bindingPath":{"path":"","propertyPath":"/_BASIC_SEARCH_FIELD","modelName":"fi1t3rM0d31"},"interaction":{"idSuffix":"I"}},"wdio_ui5_key":"etmportal.ui.managerequests.view.Mastersap.m.SearchField{\"path\":\"\",\"propertyPath\":\"/_BASIC_SEARCH_FIELD\",\"modelName\":\"fi1t3rM0d31\"}"}]}
COMMAND: POST /session/6942dd4aefa05acfe787f49b28130ab8/elements - {"using":"xpath","value":"//span[text()='Error']"}
RESULT: {"script":"<script> [1562 bytes]","args":[{"selector":{"controlType":"sap.m.SearchField","viewName":"etm.portal.ui.managerequests.view.Master","bindingPath":{"path":"","propertyPath":"/_BASIC_SEARCH_FIELD","modelName":"fi1t3rM0d31"},"interaction":{"idSuffix":"I"}},"wdio_ui5_key":"etmportal.ui.managerequests.view.Mastersap.m.SearchField{\"path\":\"\",\"propertyPath\":\"/_BASIC_SEARCH_FIELD\",\"modelName\":\"fi1t3rM0d31\"}"}]}
RESULT: undefined
COMMAND: POST /session/6942dd4aefa05acfe787f49b28130ab8/execute/async - {"script":"<script> [776 bytes]","args":[{"enterText":"20142","selector":{"controlType":"sap.m.SearchField","viewName":"etm.portal.ui.managerequests.view.Master","bindingPath":{"path":"","propertyPath":"/_BASIC_SEARCH_FIELD","modelName":"fi1t3rM0d31"},"interaction":{"idSuffix":"I"}},"clearTextFirst":true,"interactionType":"ENTER_TEXT"}]}
RESULT: {"using":"xpath","value":"//span[text()='Error']"}
RESULT: {"script":"<script> [776 bytes]","args":[{"enterText":"20142","selector":{"controlType":"sap.m.SearchField","viewName":"etm.portal.ui.managerequests.view.Master","bindingPath":{"path":"","propertyPath":"/_BASIC_SEARCH_FIELD","modelName":"fi1t3rM0d31"},"interaction":{"idSuffix":"I"}},"clearTextFirst":true,"interactionType":"ENTER_TEXT"}]}
COMMAND: POST /session/6942dd4aefa05acfe787f49b28130ab8/actions - {"actions":[{"id":"action33","type":"key","parameters":{},"actions":[{"type":"keyDown","value":""},{"type":"pause","duration":10},{"type":"keyUp","value":""}]}]}
RESULT: {"actions":[{"id":"action33","type":"key","parameters":{},"actions":[{"type":"keyDown","value":""},{"type":"pause","duration":10},{"type":"keyUp","value":""}]}]}
COMMAND: GET /session/6942dd4aefa05acfe787f49b28130ab8/screenshot - {}
RESULT: {}
COMMAND: POST /session/6942dd4aefa05acfe787f49b28130ab8/execute/async - {"script":"<script> [1562 bytes]","args":[{"selector":{"controlType":"sap.m.Text","viewName":"etm.portal.ui.managerequests.view.Master","bindingPath":{"path":"/SmartManageRequests('20142')","propertyPath":"NO"}},"wdio_ui5_key":"etmportal.ui.managerequests.view.Mastersap.m.Text{\"path\":\"/SmartManageRequests('20142')\",\"propertyPath\":\"NO\"}"}]}
RESULT: {"script":"<script> [1562 bytes]","args":[{"selector":{"controlType":"sap.m.Text","viewName":"etm.portal.ui.managerequests.view.Master","bindingPath":{"path":"/SmartManageRequests('20142')","propertyPath":"NO"}},"wdio_ui5_key":"etmportal.ui.managerequests.view.Mastersap.m.Text{\"path\":\"/SmartManageRequests('20142')\",\"propertyPath\":\"NO\"}"}]}
RESULT: undefined
COMMAND: POST /session/6942dd4aefa05acfe787f49b28130ab8/element - {"using":"xpath","value":"//*[@id=\"__text463-__clone263\"]"}
RESULT: {"using":"xpath","value":"//*[@id=\"__text463-__clone263\"]"}
COMMAND: POST /session/6942dd4aefa05acfe787f49b28130ab8/element/f.F18A487FCC2B115A863E771091ABB869.d.76BF2A3D5A790C79E47F006C0CF89419.e.6770/click - {}
RESULT: {}
COMMAND: GET /session/6942dd4aefa05acfe787f49b28130ab8/screenshot - {}
RESULT: {}
COMMAND: POST /session/6942dd4aefa05acfe787f49b28130ab8/execute/async - {"script":"<script> [1562 bytes]","args":[{"selector":{"controlType":"sap.ui.core.Icon","viewName":"etm.portal.ui.managerequests.view.Detail","properties":{"src":{"regex":{"source":"slim\\-arrow\\-up"}}}},"wdio_ui5_key":"etmportal.ui.managerequests.view.Detailsap.ui.core.Icon{\"src\":{\"regex\":{\"source\":\"slim\\\\-arrow\\\\-up\"}}}"}]}
RESULT: {"script":"<script> [1562 bytes]","args":[{"selector":{"controlType":"sap.ui.core.Icon","viewName":"etm.portal.ui.managerequests.view.Detail","properties":{"src":{"regex":{"source":"slim\\-arrow\\-up"}}}},"wdio_ui5_key":"etmportal.ui.managerequests.view.Detailsap.ui.core.Icon{\"src\":{\"regex\":{\"source\":\"slim\\\\-arrow\\\\-up\"}}}"}]}
RESULT: undefined
COMMAND: POST /session/6942dd4aefa05acfe787f49b28130ab8/element - {"using":"xpath","value":"//*[@id=\"__xmlview62--detailRequestPage-OPHeaderContent-collapseBtn-img\"]"}
RESULT: {"using":"xpath","value":"//*[@id=\"__xmlview62--detailRequestPage-OPHeaderContent-collapseBtn-img\"]"}
COMMAND: POST /session/6942dd4aefa05acfe787f49b28130ab8/element/f.F18A487FCC2B115A863E771091ABB869.d.76BF2A3D5A790C79E47F006C0CF89419.e.6918/click - {}
RESULT: {}
COMMAND: GET /session/6942dd4aefa05acfe787f49b28130ab8/screenshot - {}
RESULT: {}
COMMAND: POST /session/6942dd4aefa05acfe787f49b28130ab8/execute/async - {"script":"<script> [1562 bytes]","args":[{"selector":{"controlType":"sap.m.Text","viewName":"etm.portal.ui.managerequests.view.Detail","bindingPath":{"path":"/SmartRequestItemsPlanningBoard(ITEM=20m,REQUEST='20142')","propertyPath":"STATUS_DESC"}},"wdio_ui5_key":"etmportal.ui.managerequests.view.Detailsap.m.Text{\"path\":\"/SmartRequestItemsPlanningBoard(ITEM=20m,REQUEST='20142')\",\"propertyPath\":\"STATUS_DESC\"}"}]}
RESULT: {"script":"<script> [1562 bytes]","args":[{"selector":{"controlType":"sap.m.Text","viewName":"etm.portal.ui.managerequests.view.Detail","bindingPath":{"path":"/SmartRequestItemsPlanningBoard(ITEM=20m,REQUEST='20142')","propertyPath":"STATUS_DESC"}},"wdio_ui5_key":"etmportal.ui.managerequests.view.Detailsap.m.Text{\"path\":\"/SmartRequestItemsPlanningBoard(ITEM=20m,REQUEST='20142')\",\"propertyPath\":\"STATUS_DESC\"}"}]}
RESULT: undefined
COMMAND: POST /session/6942dd4aefa05acfe787f49b28130ab8/execute/async - {"script":"<script> [6424 bytes]","args":[{"element-6066-11e4-a52e-4f735466cecf":"f.F18A487FCC2B115A863E771091ABB869.d.76BF2A3D5A790C79E47F006C0CF89419.e.6976"},"getText",[]]}
RESULT: {"script":"<script> [6424 bytes]","args":[{"element-6066-11e4-a52e-4f735466cecf":"f.F18A487FCC2B115A863E771091ABB869.d.76BF2A3D5A790C79E47F006C0CF89419.e.6976"},"getText",[]]}
COMMAND: POST /session/6942dd4aefa05acfe787f49b28130ab8/element - {"using":"css selector","value":"#shell-header-logo"}
RESULT: {"using":"css selector","value":"#shell-header-logo"}
COMMAND: POST /session/6942dd4aefa05acfe787f49b28130ab8/element/f.F18A487FCC2B115A863E771091ABB869.d.76BF2A3D5A790C79E47F006C0CF89419.e.6641/click - {}
RESULT: {}
COMMAND: GET /session/6942dd4aefa05acfe787f49b28130ab8/screenshot - {}
RESULT: {}
]]></system-out>
    </testcase>
  </testsuite>
  <testsuite timestamp="2025-05-27T18:14:18" time="258.492" tests="4" failures="0" errors="0" skipped="0">
    <properties>
      <property name="specId" value="0"/>
      <property name="suiteName" value="Standard contract close-reopen US111278"/>
      <property name="capabilities" value="chrome.136_0_7103_93.windows"/>
      <property name="file" value="file:///D:/a/1/s/test/specs/R2C/standard-contract-close-reopen.spec.js"/>
    </properties>
    <testcase classname="chrome.136_0_7103_93.windows.Standard_contract_close-reopen_US111278" name="Should create a new contract and add an item" time="140.891">
      <system-out><![CDATA[
COMMAND: POST /session/6942dd4aefa05acfe787f49b28130ab8/execute/async - {"script":"<script> [1562 bytes]","args":[{"selector":{"controlType":"sap.m.GenericTile","properties":{"header":"Manage Contracts"}},"wdio_ui5_key":"sapm.GenericTile{\"header\":\"Manage Contracts\"}"}]}
RESULT: {"script":"<script> [1562 bytes]","args":[{"selector":{"controlType":"sap.m.GenericTile","properties":{"header":"Manage Contracts"}},"wdio_ui5_key":"sapm.GenericTile{\"header\":\"Manage Contracts\"}"}]}
RESULT: undefined
COMMAND: POST /session/6942dd4aefa05acfe787f49b28130ab8/element - {"using":"xpath","value":"//*[@id=\"__tile131\"]"}
RESULT: {"using":"xpath","value":"//*[@id=\"__tile131\"]"}
COMMAND: POST /session/6942dd4aefa05acfe787f49b28130ab8/element/f.F18A487FCC2B115A863E771091ABB869.d.76BF2A3D5A790C79E47F006C0CF89419.e.6979/click - {}
RESULT: {}
COMMAND: GET /session/6942dd4aefa05acfe787f49b28130ab8/screenshot - {}
RESULT: {}
COMMAND: POST /session/6942dd4aefa05acfe787f49b28130ab8/elements - {"using":"xpath","value":"//span[text()='Error']"}
RESULT: {"using":"xpath","value":"//span[text()='Error']"}
COMMAND: POST /session/6942dd4aefa05acfe787f49b28130ab8/element - {"using":"xpath","value":"//button[@data-kt=\"addButton\"]"}
RESULT: {"using":"xpath","value":"//button[@data-kt=\"addButton\"]"}
COMMAND: POST /session/6942dd4aefa05acfe787f49b28130ab8/element/f.F18A487FCC2B115A863E771091ABB869.d.76BF2A3D5A790C79E47F006C0CF89419.e.7027/click - {}
RESULT: {}
COMMAND: GET /session/6942dd4aefa05acfe787f49b28130ab8/screenshot - {}
RESULT: {}
COMMAND: POST /session/6942dd4aefa05acfe787f49b28130ab8/execute/async - {"script":"<script> [1562 bytes]","args":[{"selector":{"id":"application-managecontracts-display-component---AddNewContract--projectDescription","interaction":{"idSuffix":"inner"}},"wdio_ui5_key":"applicationmanagecontracts-display-component---AddNewContract--projectDescription"}]}
RESULT: {"script":"<script> [1562 bytes]","args":[{"selector":{"id":"application-managecontracts-display-component---AddNewContract--projectDescription","interaction":{"idSuffix":"inner"}},"wdio_ui5_key":"applicationmanagecontracts-display-component---AddNewContract--projectDescription"}]}
RESULT: undefined
COMMAND: POST /session/6942dd4aefa05acfe787f49b28130ab8/execute/async - {"script":"<script> [776 bytes]","args":[{"enterText":"WdIOTestsvubl","selector":{"id":"application-managecontracts-display-component---AddNewContract--projectDescription","interaction":{"idSuffix":"inner"}},"clearTextFirst":true,"interactionType":"ENTER_TEXT"}]}
RESULT: {"script":"<script> [776 bytes]","args":[{"enterText":"WdIOTestsvubl","selector":{"id":"application-managecontracts-display-component---AddNewContract--projectDescription","interaction":{"idSuffix":"inner"}},"clearTextFirst":true,"interactionType":"ENTER_TEXT"}]}
COMMAND: POST /session/6942dd4aefa05acfe787f49b28130ab8/element - {"using":"xpath","value":"//input[@id=\"application-managecontracts-display-component---AddNewContract--yardId-inner\"]"}
RESULT: {"using":"xpath","value":"//input[@id=\"application-managecontracts-display-component---AddNewContract--yardId-inner\"]"}
COMMAND: POST /session/6942dd4aefa05acfe787f49b28130ab8/element/f.F18A487FCC2B115A863E771091ABB869.d.76BF2A3D5A790C79E47F006C0CF89419.e.7291/clear - {}
RESULT: {}
COMMAND: POST /session/6942dd4aefa05acfe787f49b28130ab8/element/f.F18A487FCC2B115A863E771091ABB869.d.76BF2A3D5A790C79E47F006C0CF89419.e.7291/value - {"text":"WebdriverYardryiq2"}
COMMAND: GET /session/6942dd4aefa05acfe787f49b28130ab8/screenshot - {}
RESULT: {"text":"WebdriverYardryiq2"}
COMMAND: GET /session/6942dd4aefa05acfe787f49b28130ab8/screenshot - {}
RESULT: {}
RESULT: {}
COMMAND: POST /session/6942dd4aefa05acfe787f49b28130ab8/actions - {"actions":[{"id":"action34","type":"key","parameters":{},"actions":[{"type":"keyDown","value":""},{"type":"pause","duration":10},{"type":"keyUp","value":""}]}]}
RESULT: {"actions":[{"id":"action34","type":"key","parameters":{},"actions":[{"type":"keyDown","value":""},{"type":"pause","duration":10},{"type":"keyUp","value":""}]}]}
COMMAND: GET /session/6942dd4aefa05acfe787f49b28130ab8/screenshot - {}
RESULT: {}
COMMAND: POST /session/6942dd4aefa05acfe787f49b28130ab8/element - {"using":"xpath","value":"//input[@id=\"application-managecontracts-display-component---AddNewContract--customerSelect-inner\"]"}
RESULT: {"using":"xpath","value":"//input[@id=\"application-managecontracts-display-component---AddNewContract--customerSelect-inner\"]"}
COMMAND: POST /session/6942dd4aefa05acfe787f49b28130ab8/element/f.F18A487FCC2B115A863E771091ABB869.d.76BF2A3D5A790C79E47F006C0CF89419.e.7289/clear - {}
RESULT: {}
COMMAND: POST /session/6942dd4aefa05acfe787f49b28130ab8/element/f.F18A487FCC2B115A863E771091ABB869.d.76BF2A3D5A790C79E47F006C0CF89419.e.7289/value - {"text":"WebdriverPartnerdlquy"}
COMMAND: GET /session/6942dd4aefa05acfe787f49b28130ab8/screenshot - {}
RESULT: {"text":"WebdriverPartnerdlquy"}
COMMAND: GET /session/6942dd4aefa05acfe787f49b28130ab8/screenshot - {}
RESULT: {}
RESULT: {}
COMMAND: POST /session/6942dd4aefa05acfe787f49b28130ab8/actions - {"actions":[{"id":"action35","type":"key","parameters":{},"actions":[{"type":"keyDown","value":""},{"type":"pause","duration":10},{"type":"keyUp","value":""}]}]}
RESULT: {"actions":[{"id":"action35","type":"key","parameters":{},"actions":[{"type":"keyDown","value":""},{"type":"pause","duration":10},{"type":"keyUp","value":""}]}]}
COMMAND: GET /session/6942dd4aefa05acfe787f49b28130ab8/screenshot - {}
RESULT: {}
COMMAND: POST /session/6942dd4aefa05acfe787f49b28130ab8/element - {"using":"xpath","value":"//input[@id=\"application-managecontracts-display-component---AddNewContract--site-inner\"]"}
RESULT: {"using":"xpath","value":"//input[@id=\"application-managecontracts-display-component---AddNewContract--site-inner\"]"}
COMMAND: POST /session/6942dd4aefa05acfe787f49b28130ab8/element/f.F18A487FCC2B115A863E771091ABB869.d.76BF2A3D5A790C79E47F006C0CF89419.e.7290/clear - {}
RESULT: {}
COMMAND: POST /session/6942dd4aefa05acfe787f49b28130ab8/element/f.F18A487FCC2B115A863E771091ABB869.d.76BF2A3D5A790C79E47F006C0CF89419.e.7290/value - {"text":"WebdriverSite55sjn"}
COMMAND: GET /session/6942dd4aefa05acfe787f49b28130ab8/screenshot - {}
RESULT: {"text":"WebdriverSite55sjn"}
COMMAND: GET /session/6942dd4aefa05acfe787f49b28130ab8/screenshot - {}
RESULT: {}
RESULT: {}
COMMAND: POST /session/6942dd4aefa05acfe787f49b28130ab8/actions - {"actions":[{"id":"action36","type":"key","parameters":{},"actions":[{"type":"keyDown","value":""},{"type":"pause","duration":10},{"type":"keyUp","value":""}]}]}
RESULT: {"actions":[{"id":"action36","type":"key","parameters":{},"actions":[{"type":"keyDown","value":""},{"type":"pause","duration":10},{"type":"keyUp","value":""}]}]}
COMMAND: GET /session/6942dd4aefa05acfe787f49b28130ab8/screenshot - {}
RESULT: {}
COMMAND: POST /session/6942dd4aefa05acfe787f49b28130ab8/element - {"using":"xpath","value":"//button[@data-kt=\"saveButton\"]"}
RESULT: {"using":"xpath","value":"//button[@data-kt=\"saveButton\"]"}
COMMAND: POST /session/6942dd4aefa05acfe787f49b28130ab8/element/f.F18A487FCC2B115A863E771091ABB869.d.76BF2A3D5A790C79E47F006C0CF89419.e.7363/click - {}
RESULT: {}
COMMAND: GET /session/6942dd4aefa05acfe787f49b28130ab8/screenshot - {}
RESULT: {}
COMMAND: POST /session/6942dd4aefa05acfe787f49b28130ab8/execute/async - {"script":"<script> [1562 bytes]","args":[{"selector":{"id":"contractDetailTitleNoExpanded","viewName":"etm.portal.ui.managecontracts.view.Detail"},"wdio_ui5_key":"contractDetailTitleNoExpandedetmportal.ui.managecontracts.view.Detail"}]}
RESULT: {"script":"<script> [1562 bytes]","args":[{"selector":{"id":"contractDetailTitleNoExpanded","viewName":"etm.portal.ui.managecontracts.view.Detail"},"wdio_ui5_key":"contractDetailTitleNoExpandedetmportal.ui.managecontracts.view.Detail"}]}
RESULT: undefined
COMMAND: POST /session/6942dd4aefa05acfe787f49b28130ab8/execute/async - {"script":"<script> [6424 bytes]","args":[{"element-6066-11e4-a52e-4f735466cecf":"f.F18A487FCC2B115A863E771091ABB869.d.76BF2A3D5A790C79E47F006C0CF89419.e.7445"},"getText",[]]}
RESULT: {"script":"<script> [6424 bytes]","args":[{"element-6066-11e4-a52e-4f735466cecf":"f.F18A487FCC2B115A863E771091ABB869.d.76BF2A3D5A790C79E47F006C0CF89419.e.7445"},"getText",[]]}
COMMAND: POST /session/6942dd4aefa05acfe787f49b28130ab8/execute/async - {"script":"<script> [1562 bytes]","args":[{"selector":{"id":"closeContractBtn","viewName":"etm.portal.ui.managecontracts.view.Detail"},"wdio_ui5_key":"closeContractBtnetmportal.ui.managecontracts.view.Detail"}]}
RESULT: {"script":"<script> [1562 bytes]","args":[{"selector":{"id":"closeContractBtn","viewName":"etm.portal.ui.managecontracts.view.Detail"},"wdio_ui5_key":"closeContractBtnetmportal.ui.managecontracts.view.Detail"}]}
RESULT: undefined
COMMAND: POST /session/6942dd4aefa05acfe787f49b28130ab8/execute/async - {"script":"<script> [6424 bytes]","args":[{"element-6066-11e4-a52e-4f735466cecf":"f.F18A487FCC2B115A863E771091ABB869.d.76BF2A3D5A790C79E47F006C0CF89419.e.7446"},"getEnabled",[]]}
RESULT: {"script":"<script> [6424 bytes]","args":[{"element-6066-11e4-a52e-4f735466cecf":"f.F18A487FCC2B115A863E771091ABB869.d.76BF2A3D5A790C79E47F006C0CF89419.e.7446"},"getEnabled",[]]}
COMMAND: POST /session/6942dd4aefa05acfe787f49b28130ab8/element - {"using":"xpath","value":"//button[@data-kt=\"contractDetailEditBtnButton\"]"}
RESULT: {"using":"xpath","value":"//button[@data-kt=\"contractDetailEditBtnButton\"]"}
COMMAND: POST /session/6942dd4aefa05acfe787f49b28130ab8/element/f.F18A487FCC2B115A863E771091ABB869.d.76BF2A3D5A790C79E47F006C0CF89419.e.7447/click - {}
RESULT: {}
COMMAND: GET /session/6942dd4aefa05acfe787f49b28130ab8/screenshot - {}
RESULT: {}
COMMAND: POST /session/6942dd4aefa05acfe787f49b28130ab8/element - {"using":"xpath","value":"(//span[contains(text(), \"Additional Addresses\")])[2]"}
RESULT: {"using":"xpath","value":"(//span[contains(text(), \"Additional Addresses\")])[2]"}
COMMAND: POST /session/6942dd4aefa05acfe787f49b28130ab8/element/f.F18A487FCC2B115A863E771091ABB869.d.76BF2A3D5A790C79E47F006C0CF89419.e.7506/click - {}
RESULT: {}
COMMAND: GET /session/6942dd4aefa05acfe787f49b28130ab8/screenshot - {}
RESULT: {}
COMMAND: POST /session/6942dd4aefa05acfe787f49b28130ab8/element - {"using":"xpath","value":"//button[@data-kt=\"btnAddTableRowOverflowToolbarButton\"]"}
RESULT: {"using":"xpath","value":"//button[@data-kt=\"btnAddTableRowOverflowToolbarButton\"]"}
COMMAND: POST /session/6942dd4aefa05acfe787f49b28130ab8/element/f.F18A487FCC2B115A863E771091ABB869.d.76BF2A3D5A790C79E47F006C0CF89419.e.7508/click - {}
RESULT: {}
COMMAND: GET /session/6942dd4aefa05acfe787f49b28130ab8/screenshot - {}
RESULT: {}
COMMAND: POST /session/6942dd4aefa05acfe787f49b28130ab8/element - {"using":"xpath","value":"//div[(text() = 'Standard Entry' or . = 'Standard Entry')]"}
RESULT: {"using":"xpath","value":"//div[(text() = 'Standard Entry' or . = 'Standard Entry')]"}
COMMAND: POST /session/6942dd4aefa05acfe787f49b28130ab8/element/f.F18A487FCC2B115A863E771091ABB869.d.76BF2A3D5A790C79E47F006C0CF89419.e.7510/click - {}
RESULT: {}
COMMAND: POST /session/6942dd4aefa05acfe787f49b28130ab8/element - {"using":"xpath","value":"//td[6]/div/div/input[1]"}
COMMAND: GET /session/6942dd4aefa05acfe787f49b28130ab8/screenshot - {}
RESULT: {"using":"xpath","value":"//td[6]/div/div/input[1]"}
COMMAND: POST /session/6942dd4aefa05acfe787f49b28130ab8/element/f.F18A487FCC2B115A863E771091ABB869.d.76BF2A3D5A790C79E47F006C0CF89419.e.7512/click - {}
RESULT: {}
RESULT: {}
COMMAND: POST /session/6942dd4aefa05acfe787f49b28130ab8/actions - {"actions":[{"id":"action37","type":"key","parameters":{},"actions":[{"type":"keyDown","value":""},{"type":"pause","duration":10},{"type":"keyUp","value":""}]}]}
COMMAND: GET /session/6942dd4aefa05acfe787f49b28130ab8/screenshot - {}
RESULT: {"actions":[{"id":"action37","type":"key","parameters":{},"actions":[{"type":"keyDown","value":""},{"type":"pause","duration":10},{"type":"keyUp","value":""}]}]}
COMMAND: POST /session/6942dd4aefa05acfe787f49b28130ab8/element - {"using":"xpath","value":"//td[6]/div/div/input[1]"}
COMMAND: GET /session/6942dd4aefa05acfe787f49b28130ab8/screenshot - {}
RESULT: {}
RESULT: {"using":"xpath","value":"//td[6]/div/div/input[1]"}
COMMAND: POST /session/6942dd4aefa05acfe787f49b28130ab8/element/f.F18A487FCC2B115A863E771091ABB869.d.76BF2A3D5A790C79E47F006C0CF89419.e.7512/clear - {}
RESULT: {}
RESULT: {}
COMMAND: POST /session/6942dd4aefa05acfe787f49b28130ab8/element/f.F18A487FCC2B115A863E771091ABB869.d.76BF2A3D5A790C79E47F006C0CF89419.e.7512/value - {"text":"Material"}
COMMAND: GET /session/6942dd4aefa05acfe787f49b28130ab8/screenshot - {}
RESULT: {"text":"Material"}
COMMAND: GET /session/6942dd4aefa05acfe787f49b28130ab8/screenshot - {}
RESULT: {}
RESULT: {}
COMMAND: POST /session/6942dd4aefa05acfe787f49b28130ab8/actions - {"actions":[{"id":"action38","type":"key","parameters":{},"actions":[{"type":"keyDown","value":""},{"type":"pause","duration":10},{"type":"keyUp","value":""}]}]}
RESULT: {"actions":[{"id":"action38","type":"key","parameters":{},"actions":[{"type":"keyDown","value":""},{"type":"pause","duration":10},{"type":"keyUp","value":""}]}]}
COMMAND: GET /session/6942dd4aefa05acfe787f49b28130ab8/screenshot - {}
RESULT: {}
COMMAND: POST /session/6942dd4aefa05acfe787f49b28130ab8/actions - {"actions":[{"id":"action39","type":"key","parameters":{},"actions":[{"type":"keyDown","value":""},{"type":"pause","duration":10},{"type":"keyUp","value":""}]}]}
RESULT: {"actions":[{"id":"action39","type":"key","parameters":{},"actions":[{"type":"keyDown","value":""},{"type":"pause","duration":10},{"type":"keyUp","value":""}]}]}
COMMAND: POST /session/6942dd4aefa05acfe787f49b28130ab8/element - {"using":"xpath","value":"//td[7]/div/div/input"}
COMMAND: GET /session/6942dd4aefa05acfe787f49b28130ab8/screenshot - {}
RESULT: {"using":"xpath","value":"//td[7]/div/div/input"}
COMMAND: POST /session/6942dd4aefa05acfe787f49b28130ab8/element/f.F18A487FCC2B115A863E771091ABB869.d.76BF2A3D5A790C79E47F006C0CF89419.e.7525/clear - {}
RESULT: {}
RESULT: {}
COMMAND: POST /session/6942dd4aefa05acfe787f49b28130ab8/element/f.F18A487FCC2B115A863E771091ABB869.d.76BF2A3D5A790C79E47F006C0CF89419.e.7525/value - {"text":"WebdriverMatTestrdb09"}
COMMAND: GET /session/6942dd4aefa05acfe787f49b28130ab8/screenshot - {}
RESULT: {"text":"WebdriverMatTestrdb09"}
COMMAND: GET /session/6942dd4aefa05acfe787f49b28130ab8/screenshot - {}
RESULT: {}
RESULT: {}
COMMAND: POST /session/6942dd4aefa05acfe787f49b28130ab8/actions - {"actions":[{"id":"action40","type":"key","parameters":{},"actions":[{"type":"keyDown","value":""},{"type":"pause","duration":10},{"type":"keyUp","value":""}]}]}
RESULT: {"actions":[{"id":"action40","type":"key","parameters":{},"actions":[{"type":"keyDown","value":""},{"type":"pause","duration":10},{"type":"keyUp","value":""}]}]}
COMMAND: GET /session/6942dd4aefa05acfe787f49b28130ab8/screenshot - {}
RESULT: {}
COMMAND: POST /session/6942dd4aefa05acfe787f49b28130ab8/actions - {"actions":[{"id":"action41","type":"key","parameters":{},"actions":[{"type":"keyDown","value":""},{"type":"pause","duration":10},{"type":"keyUp","value":""}]}]}
RESULT: {"actions":[{"id":"action41","type":"key","parameters":{},"actions":[{"type":"keyDown","value":""},{"type":"pause","duration":10},{"type":"keyUp","value":""}]}]}
COMMAND: GET /session/6942dd4aefa05acfe787f49b28130ab8/screenshot - {}
RESULT: {}
COMMAND: POST /session/6942dd4aefa05acfe787f49b28130ab8/element - {"using":"xpath","value":"(//button[@data-kt=\"saveButton\"])[2]"}
RESULT: {"using":"xpath","value":"(//button[@data-kt=\"saveButton\"])[2]"}
COMMAND: POST /session/6942dd4aefa05acfe787f49b28130ab8/element/f.F18A487FCC2B115A863E771091ABB869.d.76BF2A3D5A790C79E47F006C0CF89419.e.7551/click - {}
RESULT: {}
COMMAND: GET /session/6942dd4aefa05acfe787f49b28130ab8/screenshot - {}
RESULT: {}
]]></system-out>
    </testcase>
    <testcase classname="chrome.136_0_7103_93.windows.Standard_contract_close-reopen_US111278" name="It should close the contract" time="25.162">
      <system-out><![CDATA[
RESULT: undefined
COMMAND: POST /session/6942dd4aefa05acfe787f49b28130ab8/element - {"using":"xpath","value":"//*[@id=\"__xmlview64--closeContractBtn\"]"}
RESULT: {"using":"xpath","value":"//*[@id=\"__xmlview64--closeContractBtn\"]"}
COMMAND: POST /session/6942dd4aefa05acfe787f49b28130ab8/element/f.F18A487FCC2B115A863E771091ABB869.d.76BF2A3D5A790C79E47F006C0CF89419.e.7446/click - {}
RESULT: {}
COMMAND: GET /session/6942dd4aefa05acfe787f49b28130ab8/screenshot - {}
RESULT: {}
COMMAND: POST /session/6942dd4aefa05acfe787f49b28130ab8/element - {"using":"xpath","value":"//span[contains(text(), \"Do you want to close the whole contract?\")]"}
RESULT: {"using":"xpath","value":"//span[contains(text(), \"Do you want to close the whole contract?\")]"}
COMMAND: POST /session/6942dd4aefa05acfe787f49b28130ab8/execute/sync - {"script":"<script> [8489 bytes]","args":[{"element-6066-11e4-a52e-4f735466cecf":"f.F18A487FCC2B115A863E771091ABB869.d.76BF2A3D5A790C79E47F006C0CF89419.e.7555","ELEMENT":"f.F18A487FCC2B115A863E771091ABB869.d.76BF2A3D5A790C79E47F006C0CF89419.e.7555"}]}
RESULT: {"script":"<script> [8489 bytes]","args":[{"element-6066-11e4-a52e-4f735466cecf":"f.F18A487FCC2B115A863E771091ABB869.d.76BF2A3D5A790C79E47F006C0CF89419.e.7555","ELEMENT":"f.F18A487FCC2B115A863E771091ABB869.d.76BF2A3D5A790C79E47F006C0CF89419.e.7555"}]}
COMMAND: POST /session/6942dd4aefa05acfe787f49b28130ab8/element - {"using":"xpath","value":"//bdi[contains(text(), \"OK\")]"}
COMMAND: GET /session/6942dd4aefa05acfe787f49b28130ab8/screenshot - {}
RESULT: {"using":"xpath","value":"//bdi[contains(text(), \"OK\")]"}
COMMAND: POST /session/6942dd4aefa05acfe787f49b28130ab8/element/f.F18A487FCC2B115A863E771091ABB869.d.76BF2A3D5A790C79E47F006C0CF89419.e.7556/click - {}
RESULT: {}
RESULT: {}
COMMAND: GET /session/6942dd4aefa05acfe787f49b28130ab8/screenshot - {}
RESULT: {}
COMMAND: POST /session/6942dd4aefa05acfe787f49b28130ab8/element - {"using":"xpath","value":"//input[contains(@id ,\"smartContractFilterBar-btnBasicSearch-I\")]"}
RESULT: {"using":"xpath","value":"//input[contains(@id ,\"smartContractFilterBar-btnBasicSearch-I\")]"}
COMMAND: POST /session/6942dd4aefa05acfe787f49b28130ab8/element/f.F18A487FCC2B115A863E771091ABB869.d.76BF2A3D5A790C79E47F006C0CF89419.e.6990/clear - {}
RESULT: {}
COMMAND: POST /session/6942dd4aefa05acfe787f49b28130ab8/element/f.F18A487FCC2B115A863E771091ABB869.d.76BF2A3D5A790C79E47F006C0CF89419.e.6990/value - {"text":"10324"}
COMMAND: GET /session/6942dd4aefa05acfe787f49b28130ab8/screenshot - {}
RESULT: {"text":"10324"}
COMMAND: POST /session/6942dd4aefa05acfe787f49b28130ab8/actions - {"actions":[{"id":"action42","type":"key","parameters":{},"actions":[{"type":"keyDown","value":""},{"type":"pause","duration":10},{"type":"keyUp","value":""}]}]}
COMMAND: GET /session/6942dd4aefa05acfe787f49b28130ab8/screenshot - {}
RESULT: {}
RESULT: {"actions":[{"id":"action42","type":"key","parameters":{},"actions":[{"type":"keyDown","value":""},{"type":"pause","duration":10},{"type":"keyUp","value":""}]}]}
COMMAND: GET /session/6942dd4aefa05acfe787f49b28130ab8/screenshot - {}
RESULT: {}
RESULT: {}
COMMAND: POST /session/6942dd4aefa05acfe787f49b28130ab8/execute/async - {"script":"<script> [1562 bytes]","args":[{"selector":{"controlType":"sap.ui.core.Icon","viewName":"etm.portal.ui.managecontracts.view.Master","properties":{"src":{"regex":{"source":"slim\\-arrow\\-right"}}}},"wdio_ui5_key":"etmportal.ui.managecontracts.view.Mastersap.ui.core.Icon{\"src\":{\"regex\":{\"source\":\"slim\\\\-arrow\\\\-right\"}}}"}]}
RESULT: {"script":"<script> [1562 bytes]","args":[{"selector":{"controlType":"sap.ui.core.Icon","viewName":"etm.portal.ui.managecontracts.view.Master","properties":{"src":{"regex":{"source":"slim\\-arrow\\-right"}}}},"wdio_ui5_key":"etmportal.ui.managecontracts.view.Mastersap.ui.core.Icon{\"src\":{\"regex\":{\"source\":\"slim\\\\-arrow\\\\-right\"}}}"}]}
RESULT: undefined
COMMAND: POST /session/6942dd4aefa05acfe787f49b28130ab8/element - {"using":"xpath","value":"//*[@id=\"__item129-__clone4067-imgNav\"]"}
RESULT: {"using":"xpath","value":"//*[@id=\"__item129-__clone4067-imgNav\"]"}
COMMAND: POST /session/6942dd4aefa05acfe787f49b28130ab8/element/f.F18A487FCC2B115A863E771091ABB869.d.76BF2A3D5A790C79E47F006C0CF89419.e.7727/click - {}
RESULT: {}
COMMAND: POST /session/6942dd4aefa05acfe787f49b28130ab8/execute/async - {"script":"<script> [1562 bytes]","args":[{"selector":{"controlType":"sap.m.ObjectStatus","viewName":"etm.portal.ui.managecontracts.view.Detail","bindingPath":{"propertyPath":"LINK_TO_LOGISTICAL_STATUS/DESCRIPTION","modelName":"catalogModel"}},"wdio_ui5_key":"etmportal.ui.managecontracts.view.Detailsap.m.ObjectStatus{\"propertyPath\":\"LINK_TO_LOGISTICAL_STATUS/DESCRIPTION\",\"modelName\":\"catalogModel\"}"}]}
COMMAND: GET /session/6942dd4aefa05acfe787f49b28130ab8/screenshot - {}
RESULT: {"script":"<script> [1562 bytes]","args":[{"selector":{"controlType":"sap.m.ObjectStatus","viewName":"etm.portal.ui.managecontracts.view.Detail","bindingPath":{"propertyPath":"LINK_TO_LOGISTICAL_STATUS/DESCRIPTION","modelName":"catalogModel"}},"wdio_ui5_key":"etmportal.ui.managecontracts.view.Detailsap.m.ObjectStatus{\"propertyPath\":\"LINK_TO_LOGISTICAL_STATUS/DESCRIPTION\",\"modelName\":\"catalogModel\"}"}]}
RESULT: undefined
COMMAND: POST /session/6942dd4aefa05acfe787f49b28130ab8/execute/async - {"script":"<script> [6424 bytes]","args":[{"element-6066-11e4-a52e-4f735466cecf":"f.F18A487FCC2B115A863E771091ABB869.d.76BF2A3D5A790C79E47F006C0CF89419.e.7756"},"getText",[]]}
RESULT: {}
RESULT: {"script":"<script> [6424 bytes]","args":[{"element-6066-11e4-a52e-4f735466cecf":"f.F18A487FCC2B115A863E771091ABB869.d.76BF2A3D5A790C79E47F006C0CF89419.e.7756"},"getText",[]]}
]]></system-out>
    </testcase>
    <testcase classname="chrome.136_0_7103_93.windows.Standard_contract_close-reopen_US111278" name="Should reopen the contract" time="10.346">
      <system-out><![CDATA[
COMMAND: POST /session/6942dd4aefa05acfe787f49b28130ab8/execute/async - {"script":"<script> [1562 bytes]","args":[{"selector":{"id":"openContractBtn","viewName":"etm.portal.ui.managecontracts.view.Detail"},"wdio_ui5_key":"openContractBtnetmportal.ui.managecontracts.view.Detail"}]}
RESULT: {"script":"<script> [1562 bytes]","args":[{"selector":{"id":"openContractBtn","viewName":"etm.portal.ui.managecontracts.view.Detail"},"wdio_ui5_key":"openContractBtnetmportal.ui.managecontracts.view.Detail"}]}
RESULT: undefined
COMMAND: POST /session/6942dd4aefa05acfe787f49b28130ab8/execute/async - {"script":"<script> [6424 bytes]","args":[{"element-6066-11e4-a52e-4f735466cecf":"f.F18A487FCC2B115A863E771091ABB869.d.76BF2A3D5A790C79E47F006C0CF89419.e.7748"},"getEnabled",[]]}
RESULT: {"script":"<script> [6424 bytes]","args":[{"element-6066-11e4-a52e-4f735466cecf":"f.F18A487FCC2B115A863E771091ABB869.d.76BF2A3D5A790C79E47F006C0CF89419.e.7748"},"getEnabled",[]]}
COMMAND: POST /session/6942dd4aefa05acfe787f49b28130ab8/element - {"using":"xpath","value":"//bdi[contains(text(), \"Edit\")]"}
RESULT: {"using":"xpath","value":"//bdi[contains(text(), \"Edit\")]"}
COMMAND: POST /session/6942dd4aefa05acfe787f49b28130ab8/element - {"using":"xpath","value":"//bdi[contains(text(), \"Edit\")]"}
RESULT: undefined
COMMAND: POST /session/6942dd4aefa05acfe787f49b28130ab8/element - {"using":"xpath","value":"//*[@id=\"__xmlview64--openContractBtn\"]"}
RESULT: {"using":"xpath","value":"//bdi[contains(text(), \"Edit\")]"}
RESULT: {"using":"xpath","value":"//*[@id=\"__xmlview64--openContractBtn\"]"}
COMMAND: POST /session/6942dd4aefa05acfe787f49b28130ab8/element/f.F18A487FCC2B115A863E771091ABB869.d.76BF2A3D5A790C79E47F006C0CF89419.e.7748/click - {}
RESULT: {}
COMMAND: POST /session/6942dd4aefa05acfe787f49b28130ab8/execute/async - {"script":"<script> [1562 bytes]","args":[{"selector":{"controlType":"sap.m.Text","properties":{"text":"Contract has been reopened successfully"},"searchOpenDialogs":true},"wdio_ui5_key":"sapm.Text{\"text\":\"Contract has been reopened successfully\"}"}]}
COMMAND: GET /session/6942dd4aefa05acfe787f49b28130ab8/screenshot - {}
RESULT: {"script":"<script> [1562 bytes]","args":[{"selector":{"controlType":"sap.m.Text","properties":{"text":"Contract has been reopened successfully"},"searchOpenDialogs":true},"wdio_ui5_key":"sapm.Text{\"text\":\"Contract has been reopened successfully\"}"}]}
RESULT: undefined
COMMAND: POST /session/6942dd4aefa05acfe787f49b28130ab8/execute/async - {"script":"<script> [6424 bytes]","args":[{"element-6066-11e4-a52e-4f735466cecf":"f.F18A487FCC2B115A863E771091ABB869.d.76BF2A3D5A790C79E47F006C0CF89419.e.7759"},"getText",[]]}
RESULT: {}
RESULT: {"script":"<script> [6424 bytes]","args":[{"element-6066-11e4-a52e-4f735466cecf":"f.F18A487FCC2B115A863E771091ABB869.d.76BF2A3D5A790C79E47F006C0CF89419.e.7759"},"getText",[]]}
COMMAND: POST /session/6942dd4aefa05acfe787f49b28130ab8/element - {"using":"xpath","value":"//bdi[contains(text(), \"OK\")]"}
RESULT: {"using":"xpath","value":"//bdi[contains(text(), \"OK\")]"}
COMMAND: POST /session/6942dd4aefa05acfe787f49b28130ab8/element/f.F18A487FCC2B115A863E771091ABB869.d.76BF2A3D5A790C79E47F006C0CF89419.e.7760/click - {}
RESULT: {}
COMMAND: GET /session/6942dd4aefa05acfe787f49b28130ab8/screenshot - {}
RESULT: {}
COMMAND: POST /session/6942dd4aefa05acfe787f49b28130ab8/element - {"using":"xpath","value":"//bdi[contains(text(), \"Edit\")]"}
RESULT: undefined
COMMAND: POST /session/6942dd4aefa05acfe787f49b28130ab8/execute/async - {"script":"<script> [6424 bytes]","args":[{"element-6066-11e4-a52e-4f735466cecf":"f.F18A487FCC2B115A863E771091ABB869.d.76BF2A3D5A790C79E47F006C0CF89419.e.7446"},"getEnabled",[]]}
RESULT: {"using":"xpath","value":"//bdi[contains(text(), \"Edit\")]"}
COMMAND: POST /session/6942dd4aefa05acfe787f49b28130ab8/execute/sync - {"script":"<script> [8489 bytes]","args":[{"element-6066-11e4-a52e-4f735466cecf":"f.F18A487FCC2B115A863E771091ABB869.d.76BF2A3D5A790C79E47F006C0CF89419.e.7761","ELEMENT":"f.F18A487FCC2B115A863E771091ABB869.d.76BF2A3D5A790C79E47F006C0CF89419.e.7761"}]}
COMMAND: POST /session/6942dd4aefa05acfe787f49b28130ab8/execute/async - {"script":"<script> [1562 bytes]","args":[{"selector":{"id":"closeContractBtn","viewName":"etm.portal.ui.managecontracts.view.Detail"},"wdio_ui5_key":"closeContractBtnetmportal.ui.managecontracts.view.Detail"}]}
RESULT: {"script":"<script> [8489 bytes]","args":[{"element-6066-11e4-a52e-4f735466cecf":"f.F18A487FCC2B115A863E771091ABB869.d.76BF2A3D5A790C79E47F006C0CF89419.e.7761","ELEMENT":"f.F18A487FCC2B115A863E771091ABB869.d.76BF2A3D5A790C79E47F006C0CF89419.e.7761"}]}
COMMAND: GET /session/6942dd4aefa05acfe787f49b28130ab8/screenshot - {}
RESULT: {"script":"<script> [1562 bytes]","args":[{"selector":{"id":"closeContractBtn","viewName":"etm.portal.ui.managecontracts.view.Detail"},"wdio_ui5_key":"closeContractBtnetmportal.ui.managecontracts.view.Detail"}]}
COMMAND: POST /session/6942dd4aefa05acfe787f49b28130ab8/execute/async - {"script":"<script> [6424 bytes]","args":[{"element-6066-11e4-a52e-4f735466cecf":"f.F18A487FCC2B115A863E771091ABB869.d.76BF2A3D5A790C79E47F006C0CF89419.e.7762"},"getEnabled",[]]}
RESULT: {}
RESULT: {"script":"<script> [6424 bytes]","args":[{"element-6066-11e4-a52e-4f735466cecf":"f.F18A487FCC2B115A863E771091ABB869.d.76BF2A3D5A790C79E47F006C0CF89419.e.7762"},"getEnabled",[]]}
]]></system-out>
    </testcase>
    <testcase classname="chrome.136_0_7103_93.windows.Standard_contract_close-reopen_US111278" name="Should verify for multiple statuses that open button is not visible" time="78.257">
      <system-out><![CDATA[
COMMAND: POST /session/6942dd4aefa05acfe787f49b28130ab8/execute/async - {"script":"<script> [1562 bytes]","args":[{"selector":{"controlType":"sap.ui.core.Icon","viewName":"etm.portal.ui.managecontracts.view.Detail","properties":{"src":{"regex":{"source":"decline"}}}},"wdio_ui5_key":"etmportal.ui.managecontracts.view.Detailsap.ui.core.Icon{\"src\":{\"regex\":{\"source\":\"decline\"}}}"}]}
RESULT: {"script":"<script> [1562 bytes]","args":[{"selector":{"controlType":"sap.ui.core.Icon","viewName":"etm.portal.ui.managecontracts.view.Detail","properties":{"src":{"regex":{"source":"decline"}}}},"wdio_ui5_key":"etmportal.ui.managecontracts.view.Detailsap.ui.core.Icon{\"src\":{\"regex\":{\"source\":\"decline\"}}}"}]}
RESULT: undefined
COMMAND: POST /session/6942dd4aefa05acfe787f49b28130ab8/element - {"using":"xpath","value":"//*[@id=\"__xmlview64--closeColumnBtn-img\"]"}
RESULT: {"using":"xpath","value":"//*[@id=\"__xmlview64--closeColumnBtn-img\"]"}
COMMAND: POST /session/6942dd4aefa05acfe787f49b28130ab8/element/f.F18A487FCC2B115A863E771091ABB869.d.76BF2A3D5A790C79E47F006C0CF89419.e.7744/click - {}
RESULT: {}
COMMAND: GET /session/6942dd4aefa05acfe787f49b28130ab8/screenshot - {}
COMMAND: POST /session/6942dd4aefa05acfe787f49b28130ab8/element - {"using":"xpath","value":"//div[contains(@id ,\"smartContractFilterBar-btnBasicSearch-reset\")]"}
RESULT: {}
RESULT: {"using":"xpath","value":"//div[contains(@id ,\"smartContractFilterBar-btnBasicSearch-reset\")]"}
COMMAND: POST /session/6942dd4aefa05acfe787f49b28130ab8/element/f.F18A487FCC2B115A863E771091ABB869.d.76BF2A3D5A790C79E47F006C0CF89419.e.7747/click - {}
RESULT: {}
COMMAND: GET /session/6942dd4aefa05acfe787f49b28130ab8/screenshot - {}
COMMAND: POST /session/6942dd4aefa05acfe787f49b28130ab8/execute/async - {"script":"<script> [1562 bytes]","args":[{"selector":{"controlType":"sap.ui.core.Icon","viewName":"etm.portal.ui.managecontracts.view.Master","properties":{"src":{"regex":{"source":"slim\\-arrow\\-down"}}},"ancestor":{"id":"smartContractStatusFilter","viewName":"etm.portal.ui.managecontracts.view.Master"}},"wdio_ui5_key":"etmportal.ui.managecontracts.view.Mastersap.ui.core.Icon{\"src\":{\"regex\":{\"source\":\"slim\\\\-arrow\\\\-down\"}}}{\"id\":\"smartContractStatusFilter\",\"viewName\":\"etm.portal.ui.managecontracts.view.Master\"}"}]}
RESULT: {}
RESULT: {"script":"<script> [1562 bytes]","args":[{"selector":{"controlType":"sap.ui.core.Icon","viewName":"etm.portal.ui.managecontracts.view.Master","properties":{"src":{"regex":{"source":"slim\\-arrow\\-down"}}},"ancestor":{"id":"smartContractStatusFilter","viewName":"etm.portal.ui.managecontracts.view.Master"}},"wdio_ui5_key":"etmportal.ui.managecontracts.view.Mastersap.ui.core.Icon{\"src\":{\"regex\":{\"source\":\"slim\\\\-arrow\\\\-down\"}}}{\"id\":\"smartContractStatusFilter\",\"viewName\":\"etm.portal.ui.managecontracts.view.Master\"}"}]}
RESULT: undefined
COMMAND: POST /session/6942dd4aefa05acfe787f49b28130ab8/element - {"using":"xpath","value":"//*[@id=\"__xmlview63--smartContractStatusFilter-arrow\"]"}
RESULT: {"using":"xpath","value":"//*[@id=\"__xmlview63--smartContractStatusFilter-arrow\"]"}
COMMAND: POST /session/6942dd4aefa05acfe787f49b28130ab8/element/f.F18A487FCC2B115A863E771091ABB869.d.76BF2A3D5A790C79E47F006C0CF89419.e.7812/click - {}
RESULT: {}
COMMAND: POST /session/6942dd4aefa05acfe787f49b28130ab8/execute/async - {"script":"<script> [1562 bytes]","args":[{"selector":{"controlType":"sap.m.CheckBox","viewName":"etm.portal.ui.managecontracts.view.Master","properties":{"editable":true},"searchOpenDialogs":true,"ancestor":{"controlType":"sap.m.StandardListItem","viewName":"etm.portal.ui.managecontracts.view.Master","properties":{"title":"partial provided"},"searchOpenDialogs":true},"interaction":{"idSuffix":"CbBg"}},"wdio_ui5_key":"etmportal.ui.managecontracts.view.Mastersap.m.CheckBox{\"editable\":true}{\"controlType\":\"sap.m.StandardListItem\",\"viewName\":\"etm.portal.ui.managecontracts.view.Master\",\"properties\":{\"title\":\"partial provided\"},\"searchOpenDialogs\":true}"}]}
COMMAND: GET /session/6942dd4aefa05acfe787f49b28130ab8/screenshot - {}
RESULT: {"script":"<script> [1562 bytes]","args":[{"selector":{"controlType":"sap.m.CheckBox","viewName":"etm.portal.ui.managecontracts.view.Master","properties":{"editable":true},"searchOpenDialogs":true,"ancestor":{"controlType":"sap.m.StandardListItem","viewName":"etm.portal.ui.managecontracts.view.Master","properties":{"title":"partial provided"},"searchOpenDialogs":true},"interaction":{"idSuffix":"CbBg"}},"wdio_ui5_key":"etmportal.ui.managecontracts.view.Mastersap.m.CheckBox{\"editable\":true}{\"controlType\":\"sap.m.StandardListItem\",\"viewName\":\"etm.portal.ui.managecontracts.view.Master\",\"properties\":{\"title\":\"partial provided\"},\"searchOpenDialogs\":true}"}]}
RESULT: undefined
COMMAND: POST /session/6942dd4aefa05acfe787f49b28130ab8/element - {"using":"xpath","value":"//*[@id=\"__item1452-selectMulti\"]"}
RESULT: {}
RESULT: {"using":"xpath","value":"//*[@id=\"__item1452-selectMulti\"]"}
COMMAND: POST /session/6942dd4aefa05acfe787f49b28130ab8/element/f.F18A487FCC2B115A863E771091ABB869.d.76BF2A3D5A790C79E47F006C0CF89419.e.7821/click - {}
RESULT: {}
COMMAND: GET /session/6942dd4aefa05acfe787f49b28130ab8/screenshot - {}
RESULT: {}
COMMAND: POST /session/6942dd4aefa05acfe787f49b28130ab8/element - {"using":"xpath","value":"(//span[contains(@title ,\"Navigation\")])[2]"}
RESULT: {"using":"xpath","value":"(//span[contains(@title ,\"Navigation\")])[2]"}
COMMAND: POST /session/6942dd4aefa05acfe787f49b28130ab8/element/f.F18A487FCC2B115A863E771091ABB869.d.76BF2A3D5A790C79E47F006C0CF89419.e.7853/click - {}
RESULT: {}
COMMAND: GET /session/6942dd4aefa05acfe787f49b28130ab8/screenshot - {}
COMMAND: POST /session/6942dd4aefa05acfe787f49b28130ab8/element - {"using":"xpath","value":"//bdi[contains(@id ,\"closeContractBtn-BDI-content\")]"}
RESULT: {}
RESULT: {"using":"xpath","value":"//bdi[contains(@id ,\"closeContractBtn-BDI-content\")]"}
COMMAND: POST /session/6942dd4aefa05acfe787f49b28130ab8/execute/sync - {"script":"<script> [8489 bytes]","args":[{"element-6066-11e4-a52e-4f735466cecf":"f.F18A487FCC2B115A863E771091ABB869.d.76BF2A3D5A790C79E47F006C0CF89419.e.8032","ELEMENT":"f.F18A487FCC2B115A863E771091ABB869.d.76BF2A3D5A790C79E47F006C0CF89419.e.8032"}]}
RESULT: undefined
COMMAND: POST /session/6942dd4aefa05acfe787f49b28130ab8/element - {"using":"xpath","value":"//*[@id=\"__xmlview64--closeColumnBtn-img\"]"}
RESULT: {"script":"<script> [8489 bytes]","args":[{"element-6066-11e4-a52e-4f735466cecf":"f.F18A487FCC2B115A863E771091ABB869.d.76BF2A3D5A790C79E47F006C0CF89419.e.8032","ELEMENT":"f.F18A487FCC2B115A863E771091ABB869.d.76BF2A3D5A790C79E47F006C0CF89419.e.8032"}]}
COMMAND: GET /session/6942dd4aefa05acfe787f49b28130ab8/screenshot - {}
RESULT: {"using":"xpath","value":"//*[@id=\"__xmlview64--closeColumnBtn-img\"]"}
COMMAND: POST /session/6942dd4aefa05acfe787f49b28130ab8/element/f.F18A487FCC2B115A863E771091ABB869.d.76BF2A3D5A790C79E47F006C0CF89419.e.7744/click - {}
RESULT: {}
COMMAND: POST /session/6942dd4aefa05acfe787f49b28130ab8/execute/sync - {"script":"<script> [8489 bytes]","args":[{"element-6066-11e4-a52e-4f735466cecf":"f.F18A487FCC2B115A863E771091ABB869.d.76BF2A3D5A790C79E47F006C0CF89419.e.8032","ELEMENT":"f.F18A487FCC2B115A863E771091ABB869.d.76BF2A3D5A790C79E47F006C0CF89419.e.8032"}]}
RESULT: {}
COMMAND: GET /session/6942dd4aefa05acfe787f49b28130ab8/screenshot - {}
RESULT: {"script":"<script> [8489 bytes]","args":[{"element-6066-11e4-a52e-4f735466cecf":"f.F18A487FCC2B115A863E771091ABB869.d.76BF2A3D5A790C79E47F006C0CF89419.e.8032","ELEMENT":"f.F18A487FCC2B115A863E771091ABB869.d.76BF2A3D5A790C79E47F006C0CF89419.e.8032"}]}
COMMAND: GET /session/6942dd4aefa05acfe787f49b28130ab8/screenshot - {}
COMMAND: POST /session/6942dd4aefa05acfe787f49b28130ab8/execute/sync - {"script":"<script> [8489 bytes]","args":[{"element-6066-11e4-a52e-4f735466cecf":"f.F18A487FCC2B115A863E771091ABB869.d.76BF2A3D5A790C79E47F006C0CF89419.e.8032","ELEMENT":"f.F18A487FCC2B115A863E771091ABB869.d.76BF2A3D5A790C79E47F006C0CF89419.e.8032"}]}
COMMAND: POST /session/6942dd4aefa05acfe787f49b28130ab8/refresh - {}
RESULT: {}
RESULT: {}
RESULT: {"script":"<script> [8489 bytes]","args":[{"element-6066-11e4-a52e-4f735466cecf":"f.F18A487FCC2B115A863E771091ABB869.d.76BF2A3D5A790C79E47F006C0CF89419.e.8032","ELEMENT":"f.F18A487FCC2B115A863E771091ABB869.d.76BF2A3D5A790C79E47F006C0CF89419.e.8032"}]}
COMMAND: GET /session/6942dd4aefa05acfe787f49b28130ab8/screenshot - {}
RESULT: {}
COMMAND: GET /session/6942dd4aefa05acfe787f49b28130ab8/screenshot - {}
RESULT: {}
RESULT: {}
COMMAND: POST /session/6942dd4aefa05acfe787f49b28130ab8/execute/async - {"script":"<script> [189 bytes]","args":[]}
RESULT: {"script":"<script> [189 bytes]","args":[]}
COMMAND: POST /session/6942dd4aefa05acfe787f49b28130ab8/execute/async - {"script":"<script> [123 bytes]","args":[]}
RESULT: {"script":"<script> [123 bytes]","args":[]}
COMMAND: POST /session/6942dd4aefa05acfe787f49b28130ab8/timeouts - {"script":"<number>"}
RESULT: {"script":"<number>"}
COMMAND: GET /session/6942dd4aefa05acfe787f49b28130ab8/timeouts - {}
RESULT: {}
RESULT: undefined
COMMAND: POST /session/6942dd4aefa05acfe787f49b28130ab8/execute/async - {"script":"<script> [2676 bytes]","args":[]}
RESULT: {"script":"<script> [2676 bytes]","args":[]}
COMMAND: POST /session/6942dd4aefa05acfe787f49b28130ab8/execute/async - {"script":"<script> [2342 bytes]","args":[{"protocol":"http","hostname":"0.0.0.0","path":"/","capabilities":{"browserName":"chrome","goog:chromeOptions":{"binary":"C:\\Program Files\\Google\\Chrome\\Application\\chrome.exe","args":["--start-maximized"]}},"logLevel":"warn","connectionRetryTimeout":120000,"connectionRetryCount":3,"logLevels":{},"enableDirectConnect":true,"strictSSL":true,"_":"65 more keys: [\"cacheDir\",\"port\",\"requestedCapabilities\",\"automationProtocol\",\"baseUrl\",\"waitforInterval\",\"waitforTimeout\",\"onReload\",\"beforeCommand\",\"afterCommand\",\"rootDir\",\"specs\",\"suites\",\"exclude\",\"groupLogsByTestSpec\",\"excludeDriverLogs\",\"bail\",\"framework\",\"reporters\",\"services\",\"maxInstances\",\"maxInstancesPerCapability\",\"injectGlobals\",\"filesToWatch\",\"execArgv\",\"runnerEnv\",\"runner\",\"shard\",\"specFileRetries\",\"specFileRetriesDelay\",\"specFileRetriesDeferred\",\"reporterSyncInterval\",\"reporterSyncTimeout\",\"cucumberFeaturesWithLineNumbers\",\"autoCompileOpts\",\"mochaOpts\",\"jasmineOpts\",\"cucumberOpts\",\"onPrepare\",\"onWorkerStart\",\"onWorkerEnd\",\"before\",\"beforeSession\",\"beforeSuite\",\"beforeHook\",\"beforeTest\",\"afterTest\",\"afterHook\",\"afterSuite\",\"afterSession\",\"after\",\"onComplete\",\"beforeAssertion\",\"afterAssertion\",\"beforeFeature\",\"beforeScenario\",\"beforeStep\",\"afterStep\",\"afterScenario\",\"afterFeature\",\"_\",\"suite\",\"$0\",\"ignoredWorkerServices\",\"wdi5\"]"}]}
RESULT: {"script":"<script> [2342 bytes]","args":[{"protocol":"http","hostname":"0.0.0.0","path":"/","capabilities":{"browserName":"chrome","goog:chromeOptions":{"binary":"C:\\Program Files\\Google\\Chrome\\Application\\chrome.exe","args":["--start-maximized"]}},"logLevel":"warn","connectionRetryTimeout":120000,"connectionRetryCount":3,"logLevels":{},"enableDirectConnect":true,"strictSSL":true,"_":"65 more keys: [\"cacheDir\",\"port\",\"requestedCapabilities\",\"automationProtocol\",\"baseUrl\",\"waitforInterval\",\"waitforTimeout\",\"onReload\",\"beforeCommand\",\"afterCommand\",\"rootDir\",\"specs\",\"suites\",\"exclude\",\"groupLogsByTestSpec\",\"excludeDriverLogs\",\"bail\",\"framework\",\"reporters\",\"services\",\"maxInstances\",\"maxInstancesPerCapability\",\"injectGlobals\",\"filesToWatch\",\"execArgv\",\"runnerEnv\",\"runner\",\"shard\",\"specFileRetries\",\"specFileRetriesDelay\",\"specFileRetriesDeferred\",\"reporterSyncInterval\",\"reporterSyncTimeout\",\"cucumberFeaturesWithLineNumbers\",\"autoCompileOpts\",\"mochaOpts\",\"jasmineOpts\",\"cucumberOpts\",\"onPrepare\",\"onWorkerStart\",\"onWorkerEnd\",\"before\",\"beforeSession\",\"beforeSuite\",\"beforeHook\",\"beforeTest\",\"afterTest\",\"afterHook\",\"afterSuite\",\"afterSession\",\"after\",\"onComplete\",\"beforeAssertion\",\"afterAssertion\",\"beforeFeature\",\"beforeScenario\",\"beforeStep\",\"afterStep\",\"afterScenario\",\"afterFeature\",\"_\",\"suite\",\"$0\",\"ignoredWorkerServices\",\"wdi5\"]"}]}
COMMAND: POST /session/6942dd4aefa05acfe787f49b28130ab8/execute/async - {"script":"<script> [21126 bytes]","args":[35000]}
RESULT: {"script":"<script> [21126 bytes]","args":[35000]}
COMMAND: POST /session/6942dd4aefa05acfe787f49b28130ab8/execute/async - {"script":"<script> [1562 bytes]","args":[{"selector":{"controlType":"sap.ui.core.Icon","viewName":"etm.portal.ui.managecontracts.view.Master","properties":{"src":{"regex":{"source":"slim\\-arrow\\-down"}}},"ancestor":{"id":"smartContractStatusFilter","viewName":"etm.portal.ui.managecontracts.view.Master"}},"wdio_ui5_key":"etmportal.ui.managecontracts.view.Mastersap.ui.core.Icon{\"src\":{\"regex\":{\"source\":\"slim\\\\-arrow\\\\-down\"}}}{\"id\":\"smartContractStatusFilter\",\"viewName\":\"etm.portal.ui.managecontracts.view.Master\"}"}]}
RESULT: {"script":"<script> [1562 bytes]","args":[{"selector":{"controlType":"sap.ui.core.Icon","viewName":"etm.portal.ui.managecontracts.view.Master","properties":{"src":{"regex":{"source":"slim\\-arrow\\-down"}}},"ancestor":{"id":"smartContractStatusFilter","viewName":"etm.portal.ui.managecontracts.view.Master"}},"wdio_ui5_key":"etmportal.ui.managecontracts.view.Mastersap.ui.core.Icon{\"src\":{\"regex\":{\"source\":\"slim\\\\-arrow\\\\-down\"}}}{\"id\":\"smartContractStatusFilter\",\"viewName\":\"etm.portal.ui.managecontracts.view.Master\"}"}]}
RESULT: undefined
COMMAND: POST /session/6942dd4aefa05acfe787f49b28130ab8/element - {"using":"xpath","value":"//*[@id=\"__xmlview0--smartContractStatusFilter-arrow\"]"}
RESULT: {"using":"xpath","value":"//*[@id=\"__xmlview0--smartContractStatusFilter-arrow\"]"}
COMMAND: POST /session/6942dd4aefa05acfe787f49b28130ab8/element/f.F18A487FCC2B115A863E771091ABB869.d.000EB21282B8E9625191C8CB8B381F43.e.8223/click - {}
RESULT: {}
COMMAND: GET /session/6942dd4aefa05acfe787f49b28130ab8/screenshot - {}
RESULT: {}
COMMAND: POST /session/6942dd4aefa05acfe787f49b28130ab8/execute/async - {"script":"<script> [1562 bytes]","args":[{"selector":{"controlType":"sap.m.CheckBox","viewName":"etm.portal.ui.managecontracts.view.Master","properties":{"editable":true},"searchOpenDialogs":true,"ancestor":{"controlType":"sap.m.StandardListItem","viewName":"etm.portal.ui.managecontracts.view.Master","properties":{"title":"partial billed"},"searchOpenDialogs":true},"interaction":{"idSuffix":"CbBg"}},"wdio_ui5_key":"etmportal.ui.managecontracts.view.Mastersap.m.CheckBox{\"editable\":true}{\"controlType\":\"sap.m.StandardListItem\",\"viewName\":\"etm.portal.ui.managecontracts.view.Master\",\"properties\":{\"title\":\"partial billed\"},\"searchOpenDialogs\":true}"}]}
RESULT: {"script":"<script> [1562 bytes]","args":[{"selector":{"controlType":"sap.m.CheckBox","viewName":"etm.portal.ui.managecontracts.view.Master","properties":{"editable":true},"searchOpenDialogs":true,"ancestor":{"controlType":"sap.m.StandardListItem","viewName":"etm.portal.ui.managecontracts.view.Master","properties":{"title":"partial billed"},"searchOpenDialogs":true},"interaction":{"idSuffix":"CbBg"}},"wdio_ui5_key":"etmportal.ui.managecontracts.view.Mastersap.m.CheckBox{\"editable\":true}{\"controlType\":\"sap.m.StandardListItem\",\"viewName\":\"etm.portal.ui.managecontracts.view.Master\",\"properties\":{\"title\":\"partial billed\"},\"searchOpenDialogs\":true}"}]}
RESULT: undefined
COMMAND: POST /session/6942dd4aefa05acfe787f49b28130ab8/element - {"using":"xpath","value":"//*[@id=\"__item41-selectMulti\"]"}
RESULT: {"using":"xpath","value":"//*[@id=\"__item41-selectMulti\"]"}
COMMAND: POST /session/6942dd4aefa05acfe787f49b28130ab8/element/f.F18A487FCC2B115A863E771091ABB869.d.000EB21282B8E9625191C8CB8B381F43.e.8232/click - {}
RESULT: {}
COMMAND: GET /session/6942dd4aefa05acfe787f49b28130ab8/screenshot - {}
RESULT: {}
COMMAND: POST /session/6942dd4aefa05acfe787f49b28130ab8/element - {"using":"xpath","value":"(//span[contains(@title ,\"Navigation\")])[2]"}
RESULT: {"using":"xpath","value":"(//span[contains(@title ,\"Navigation\")])[2]"}
COMMAND: POST /session/6942dd4aefa05acfe787f49b28130ab8/element/f.F18A487FCC2B115A863E771091ABB869.d.000EB21282B8E9625191C8CB8B381F43.e.8268/click - {}
RESULT: {}
COMMAND: GET /session/6942dd4aefa05acfe787f49b28130ab8/screenshot - {}
RESULT: {}
COMMAND: POST /session/6942dd4aefa05acfe787f49b28130ab8/execute/sync - {"script":"<script> [8489 bytes]","args":[{"element-6066-11e4-a52e-4f735466cecf":"f.F18A487FCC2B115A863E771091ABB869.d.76BF2A3D5A790C79E47F006C0CF89419.e.8032","ELEMENT":"f.F18A487FCC2B115A863E771091ABB869.d.76BF2A3D5A790C79E47F006C0CF89419.e.8032"}]}
COMMAND: POST /session/6942dd4aefa05acfe787f49b28130ab8/element - {"using":"css selector","value":"#shell-header-logo"}
COMMAND: POST /session/6942dd4aefa05acfe787f49b28130ab8/element - {"using":"xpath","value":"//bdi[contains(@id ,\"closeContractBtn-BDI-content\")]"}
RESULT: {"using":"css selector","value":"#shell-header-logo"}
COMMAND: POST /session/6942dd4aefa05acfe787f49b28130ab8/element/f.F18A487FCC2B115A863E771091ABB869.d.000EB21282B8E9625191C8CB8B381F43.e.8162/click - {}
RESULT: {"using":"xpath","value":"//bdi[contains(@id ,\"closeContractBtn-BDI-content\")]"}
COMMAND: POST /session/6942dd4aefa05acfe787f49b28130ab8/element - {"using":"xpath","value":"//bdi[contains(@id ,\"closeContractBtn-BDI-content\")]"}
RESULT: {}
COMMAND: GET /session/6942dd4aefa05acfe787f49b28130ab8/screenshot - {}
RESULT: {"using":"xpath","value":"//bdi[contains(@id ,\"closeContractBtn-BDI-content\")]"}
RESULT: {}
]]></system-out>
    </testcase>
  </testsuite>
  <testsuite timestamp="2025-05-27T18:18:37" time="49.842" tests="1" failures="0" errors="0" skipped="0">
    <properties>
      <property name="specId" value="0"/>
      <property name="suiteName" value="Standard contract decline US151279"/>
      <property name="capabilities" value="chrome.136_0_7103_93.windows"/>
      <property name="file" value="file:///D:/a/1/s/test/specs/R2C/standard-contract-decline.spec.js"/>
    </properties>
    <testcase classname="chrome.136_0_7103_93.windows.Standard_contract_decline_US151279" name="Should decline a contract" time="45.985">
      <system-out><![CDATA[
COMMAND: POST /session/6942dd4aefa05acfe787f49b28130ab8/execute/async - {"script":"<script> [1562 bytes]","args":[{"selector":{"controlType":"sap.m.GenericTile","properties":{"header":"Manage Contracts"}},"wdio_ui5_key":"sapm.GenericTile{\"header\":\"Manage Contracts\"}"}]}
RESULT: {"script":"<script> [1562 bytes]","args":[{"selector":{"controlType":"sap.m.GenericTile","properties":{"header":"Manage Contracts"}},"wdio_ui5_key":"sapm.GenericTile{\"header\":\"Manage Contracts\"}"}]}
RESULT: undefined
COMMAND: POST /session/6942dd4aefa05acfe787f49b28130ab8/element - {"using":"xpath","value":"//*[@id=\"__tile130\"]"}
RESULT: {"using":"xpath","value":"//*[@id=\"__tile130\"]"}
COMMAND: POST /session/6942dd4aefa05acfe787f49b28130ab8/element/f.F18A487FCC2B115A863E771091ABB869.d.000EB21282B8E9625191C8CB8B381F43.e.8639/click - {}
RESULT: {}
COMMAND: GET /session/6942dd4aefa05acfe787f49b28130ab8/screenshot - {}
RESULT: {}
COMMAND: POST /session/6942dd4aefa05acfe787f49b28130ab8/element - {"using":"xpath","value":"//input[contains(@id ,\"smartContractFilterBar-btnBasicSearch-I\")]"}
RESULT: {"using":"xpath","value":"//input[contains(@id ,\"smartContractFilterBar-btnBasicSearch-I\")]"}
COMMAND: POST /session/6942dd4aefa05acfe787f49b28130ab8/element/f.F18A487FCC2B115A863E771091ABB869.d.000EB21282B8E9625191C8CB8B381F43.e.8650/clear - {}
RESULT: {}
COMMAND: POST /session/6942dd4aefa05acfe787f49b28130ab8/element/f.F18A487FCC2B115A863E771091ABB869.d.000EB21282B8E9625191C8CB8B381F43.e.8650/value - {"text":"10324"}
COMMAND: GET /session/6942dd4aefa05acfe787f49b28130ab8/screenshot - {}
RESULT: {"text":"10324"}
COMMAND: POST /session/6942dd4aefa05acfe787f49b28130ab8/actions - {"actions":[{"id":"action43","type":"key","parameters":{},"actions":[{"type":"keyDown","value":""},{"type":"pause","duration":10},{"type":"keyUp","value":""}]}]}
COMMAND: GET /session/6942dd4aefa05acfe787f49b28130ab8/screenshot - {}
RESULT: {}
RESULT: {"actions":[{"id":"action43","type":"key","parameters":{},"actions":[{"type":"keyDown","value":""},{"type":"pause","duration":10},{"type":"keyUp","value":""}]}]}
COMMAND: GET /session/6942dd4aefa05acfe787f49b28130ab8/screenshot - {}
RESULT: {}
RESULT: {}
COMMAND: POST /session/6942dd4aefa05acfe787f49b28130ab8/elements - {"using":"xpath","value":"//span[text()='Error']"}
RESULT: {"using":"xpath","value":"//span[text()='Error']"}
COMMAND: POST /session/6942dd4aefa05acfe787f49b28130ab8/execute/async - {"script":"<script> [1562 bytes]","args":[{"selector":{"controlType":"sap.ui.core.Icon","viewName":"etm.portal.ui.managecontracts.view.Master","properties":{"src":{"regex":{"source":"slim\\-arrow\\-right"}}}},"wdio_ui5_key":"etmportal.ui.managecontracts.view.Mastersap.ui.core.Icon{\"src\":{\"regex\":{\"source\":\"slim\\\\-arrow\\\\-right\"}}}"}]}
RESULT: {"script":"<script> [1562 bytes]","args":[{"selector":{"controlType":"sap.ui.core.Icon","viewName":"etm.portal.ui.managecontracts.view.Master","properties":{"src":{"regex":{"source":"slim\\-arrow\\-right"}}}},"wdio_ui5_key":"etmportal.ui.managecontracts.view.Mastersap.ui.core.Icon{\"src\":{\"regex\":{\"source\":\"slim\\\\-arrow\\\\-right\"}}}"}]}
RESULT: undefined
COMMAND: POST /session/6942dd4aefa05acfe787f49b28130ab8/element - {"using":"xpath","value":"//*[@id=\"__item77-__clone223-imgNav\"]"}
RESULT: {"using":"xpath","value":"//*[@id=\"__item77-__clone223-imgNav\"]"}
COMMAND: POST /session/6942dd4aefa05acfe787f49b28130ab8/element/f.F18A487FCC2B115A863E771091ABB869.d.000EB21282B8E9625191C8CB8B381F43.e.8753/click - {}
RESULT: {}
COMMAND: GET /session/6942dd4aefa05acfe787f49b28130ab8/screenshot - {}
RESULT: {}
COMMAND: POST /session/6942dd4aefa05acfe787f49b28130ab8/execute/async - {"script":"<script> [1562 bytes]","args":[{"selector":{"id":"cancelContractBtn","viewName":"etm.portal.ui.managecontracts.view.Detail","interaction":{"idSuffix":"BDI-content"}},"wdio_ui5_key":"cancelContractBtnetmportal.ui.managecontracts.view.Detail"}]}
RESULT: {"script":"<script> [1562 bytes]","args":[{"selector":{"id":"cancelContractBtn","viewName":"etm.portal.ui.managecontracts.view.Detail","interaction":{"idSuffix":"BDI-content"}},"wdio_ui5_key":"cancelContractBtnetmportal.ui.managecontracts.view.Detail"}]}
RESULT: undefined
COMMAND: POST /session/6942dd4aefa05acfe787f49b28130ab8/element - {"using":"xpath","value":"//*[@id=\"__xmlview61--cancelContractBtn\"]"}
RESULT: {"using":"xpath","value":"//*[@id=\"__xmlview61--cancelContractBtn\"]"}
COMMAND: POST /session/6942dd4aefa05acfe787f49b28130ab8/element/f.F18A487FCC2B115A863E771091ABB869.d.000EB21282B8E9625191C8CB8B381F43.e.8882/click - {}
RESULT: {}
COMMAND: GET /session/6942dd4aefa05acfe787f49b28130ab8/screenshot - {}
RESULT: {}
COMMAND: POST /session/6942dd4aefa05acfe787f49b28130ab8/execute/async - {"script":"<script> [1562 bytes]","args":[{"selector":{"controlType":"sap.m.Text","properties":{"text":"Do you want to cancel the whole contract?"},"searchOpenDialogs":true},"wdio_ui5_key":"sapm.Text{\"text\":\"Do you want to cancel the whole contract?\"}"}]}
RESULT: {"script":"<script> [1562 bytes]","args":[{"selector":{"controlType":"sap.m.Text","properties":{"text":"Do you want to cancel the whole contract?"},"searchOpenDialogs":true},"wdio_ui5_key":"sapm.Text{\"text\":\"Do you want to cancel the whole contract?\"}"}]}
RESULT: undefined
COMMAND: POST /session/6942dd4aefa05acfe787f49b28130ab8/execute/async - {"script":"<script> [6424 bytes]","args":[{"element-6066-11e4-a52e-4f735466cecf":"f.F18A487FCC2B115A863E771091ABB869.d.000EB21282B8E9625191C8CB8B381F43.e.8919"},"getText",[]]}
RESULT: {"script":"<script> [6424 bytes]","args":[{"element-6066-11e4-a52e-4f735466cecf":"f.F18A487FCC2B115A863E771091ABB869.d.000EB21282B8E9625191C8CB8B381F43.e.8919"},"getText",[]]}
COMMAND: POST /session/6942dd4aefa05acfe787f49b28130ab8/element - {"using":"xpath","value":"//bdi[contains(text(), \"OK\")]"}
RESULT: {"using":"xpath","value":"//bdi[contains(text(), \"OK\")]"}
COMMAND: POST /session/6942dd4aefa05acfe787f49b28130ab8/element/f.F18A487FCC2B115A863E771091ABB869.d.000EB21282B8E9625191C8CB8B381F43.e.8920/click - {}
RESULT: {}
COMMAND: GET /session/6942dd4aefa05acfe787f49b28130ab8/screenshot - {}
RESULT: {}
COMMAND: POST /session/6942dd4aefa05acfe787f49b28130ab8/element - {"using":"xpath","value":"//input[contains(@id ,\"smartContractFilterBar-btnBasicSearch-I\")]"}
RESULT: {"using":"xpath","value":"//input[contains(@id ,\"smartContractFilterBar-btnBasicSearch-I\")]"}
COMMAND: POST /session/6942dd4aefa05acfe787f49b28130ab8/element/f.F18A487FCC2B115A863E771091ABB869.d.000EB21282B8E9625191C8CB8B381F43.e.8650/clear - {}
RESULT: {}
COMMAND: POST /session/6942dd4aefa05acfe787f49b28130ab8/element/f.F18A487FCC2B115A863E771091ABB869.d.000EB21282B8E9625191C8CB8B381F43.e.8650/value - {"text":"10324"}
COMMAND: GET /session/6942dd4aefa05acfe787f49b28130ab8/screenshot - {}
RESULT: {"text":"10324"}
COMMAND: POST /session/6942dd4aefa05acfe787f49b28130ab8/actions - {"actions":[{"id":"action44","type":"key","parameters":{},"actions":[{"type":"keyDown","value":""},{"type":"pause","duration":10},{"type":"keyUp","value":""}]}]}
COMMAND: GET /session/6942dd4aefa05acfe787f49b28130ab8/screenshot - {}
RESULT: {}
RESULT: {"actions":[{"id":"action44","type":"key","parameters":{},"actions":[{"type":"keyDown","value":""},{"type":"pause","duration":10},{"type":"keyUp","value":""}]}]}
COMMAND: GET /session/6942dd4aefa05acfe787f49b28130ab8/screenshot - {}
RESULT: {}
RESULT: {}
COMMAND: POST /session/6942dd4aefa05acfe787f49b28130ab8/execute/async - {"script":"<script> [1562 bytes]","args":[{"selector":{"controlType":"sap.m.ObjectStatus","viewName":"etm.portal.ui.managecontracts.view.Master","bindingPath":{"path":"/SmartContractHeaders('10324')","propertyPath":"STATUS_DESCRIPTION"}},"wdio_ui5_key":"etmportal.ui.managecontracts.view.Mastersap.m.ObjectStatus{\"path\":\"/SmartContractHeaders('10324')\",\"propertyPath\":\"STATUS_DESCRIPTION\"}"}]}
RESULT: {"script":"<script> [1562 bytes]","args":[{"selector":{"controlType":"sap.m.ObjectStatus","viewName":"etm.portal.ui.managecontracts.view.Master","bindingPath":{"path":"/SmartContractHeaders('10324')","propertyPath":"STATUS_DESCRIPTION"}},"wdio_ui5_key":"etmportal.ui.managecontracts.view.Mastersap.m.ObjectStatus{\"path\":\"/SmartContractHeaders('10324')\",\"propertyPath\":\"STATUS_DESCRIPTION\"}"}]}
RESULT: undefined
COMMAND: POST /session/6942dd4aefa05acfe787f49b28130ab8/execute/async - {"script":"<script> [6424 bytes]","args":[{"element-6066-11e4-a52e-4f735466cecf":"f.F18A487FCC2B115A863E771091ABB869.d.000EB21282B8E9625191C8CB8B381F43.e.8970"},"getText",[]]}
RESULT: {"script":"<script> [6424 bytes]","args":[{"element-6066-11e4-a52e-4f735466cecf":"f.F18A487FCC2B115A863E771091ABB869.d.000EB21282B8E9625191C8CB8B381F43.e.8970"},"getText",[]]}
RESULT: undefined
COMMAND: POST /session/6942dd4aefa05acfe787f49b28130ab8/element - {"using":"xpath","value":"//*[@id=\"__item77-__clone223-imgNav\"]"}
RESULT: {"using":"xpath","value":"//*[@id=\"__item77-__clone223-imgNav\"]"}
COMMAND: POST /session/6942dd4aefa05acfe787f49b28130ab8/element/f.F18A487FCC2B115A863E771091ABB869.d.000EB21282B8E9625191C8CB8B381F43.e.8753/click - {}
RESULT: {}
COMMAND: GET /session/6942dd4aefa05acfe787f49b28130ab8/screenshot - {}
RESULT: {}
COMMAND: POST /session/6942dd4aefa05acfe787f49b28130ab8/execute/async - {"script":"<script> [1562 bytes]","args":[{"selector":{"controlType":"sap.m.ObjectStatus","viewName":"etm.portal.ui.managecontracts.view.Detail","bindingPath":{"path":"/SmartContractItems(CONTRACT='10324',ITEM=10m,SUB_ITEM=0m)","propertyPath":"STATUS"}},"wdio_ui5_key":"etmportal.ui.managecontracts.view.Detailsap.m.ObjectStatus{\"path\":\"/SmartContractItems(CONTRACT='10324',ITEM=10m,SUB_ITEM=0m)\",\"propertyPath\":\"STATUS\"}"}]}
RESULT: {"script":"<script> [1562 bytes]","args":[{"selector":{"controlType":"sap.m.ObjectStatus","viewName":"etm.portal.ui.managecontracts.view.Detail","bindingPath":{"path":"/SmartContractItems(CONTRACT='10324',ITEM=10m,SUB_ITEM=0m)","propertyPath":"STATUS"}},"wdio_ui5_key":"etmportal.ui.managecontracts.view.Detailsap.m.ObjectStatus{\"path\":\"/SmartContractItems(CONTRACT='10324',ITEM=10m,SUB_ITEM=0m)\",\"propertyPath\":\"STATUS\"}"}]}
RESULT: undefined
COMMAND: POST /session/6942dd4aefa05acfe787f49b28130ab8/execute/async - {"script":"<script> [6424 bytes]","args":[{"element-6066-11e4-a52e-4f735466cecf":"f.F18A487FCC2B115A863E771091ABB869.d.000EB21282B8E9625191C8CB8B381F43.e.8998"},"getText",[]]}
RESULT: {"script":"<script> [6424 bytes]","args":[{"element-6066-11e4-a52e-4f735466cecf":"f.F18A487FCC2B115A863E771091ABB869.d.000EB21282B8E9625191C8CB8B381F43.e.8998"},"getText",[]]}
COMMAND: POST /session/6942dd4aefa05acfe787f49b28130ab8/element - {"using":"css selector","value":"#shell-header-logo"}
RESULT: {"using":"css selector","value":"#shell-header-logo"}
COMMAND: POST /session/6942dd4aefa05acfe787f49b28130ab8/element/f.F18A487FCC2B115A863E771091ABB869.d.000EB21282B8E9625191C8CB8B381F43.e.8641/click - {}
RESULT: {}
COMMAND: GET /session/6942dd4aefa05acfe787f49b28130ab8/screenshot - {}
RESULT: {}
]]></system-out>
    </testcase>
  </testsuite>
  <testsuite timestamp="2025-05-27T18:19:27" time="180.259" tests="2" failures="0" errors="0" skipped="0">
    <properties>
      <property name="specId" value="0"/>
      <property name="suiteName" value="Insert service into a contract US152956"/>
      <property name="capabilities" value="chrome.136_0_7103_93.windows"/>
      <property name="file" value="file:///D:/a/1/s/test/specs/R2C/insert-service-into-a-contract.spec.js"/>
    </properties>
    <testcase classname="chrome.136_0_7103_93.windows.Insert_service_into_a_contract_US152956" name="Should create a new contract" time="94.723">
      <system-out><![CDATA[
RESULT: undefined
COMMAND: POST /session/6942dd4aefa05acfe787f49b28130ab8/element - {"using":"xpath","value":"//*[@id=\"__tile130\"]"}
RESULT: {"using":"xpath","value":"//*[@id=\"__tile130\"]"}
COMMAND: POST /session/6942dd4aefa05acfe787f49b28130ab8/element/f.F18A487FCC2B115A863E771091ABB869.d.000EB21282B8E9625191C8CB8B381F43.e.8639/click - {}
RESULT: {}
COMMAND: GET /session/6942dd4aefa05acfe787f49b28130ab8/screenshot - {}
RESULT: {}
COMMAND: POST /session/6942dd4aefa05acfe787f49b28130ab8/elements - {"using":"xpath","value":"//span[text()='Error']"}
RESULT: {"using":"xpath","value":"//span[text()='Error']"}
COMMAND: POST /session/6942dd4aefa05acfe787f49b28130ab8/element - {"using":"xpath","value":"//button[@data-kt=\"addButton\"]"}
RESULT: {"using":"xpath","value":"//button[@data-kt=\"addButton\"]"}
COMMAND: POST /session/6942dd4aefa05acfe787f49b28130ab8/element/f.F18A487FCC2B115A863E771091ABB869.d.000EB21282B8E9625191C8CB8B381F43.e.9051/click - {}
RESULT: {}
COMMAND: GET /session/6942dd4aefa05acfe787f49b28130ab8/screenshot - {}
RESULT: {}
COMMAND: POST /session/6942dd4aefa05acfe787f49b28130ab8/execute/async - {"script":"<script> [1562 bytes]","args":[{"selector":{"id":"application-managecontracts-display-component---AddNewContract--projectDescription","interaction":{"idSuffix":"inner"}},"wdio_ui5_key":"applicationmanagecontracts-display-component---AddNewContract--projectDescription"}]}
RESULT: {"script":"<script> [1562 bytes]","args":[{"selector":{"id":"application-managecontracts-display-component---AddNewContract--projectDescription","interaction":{"idSuffix":"inner"}},"wdio_ui5_key":"applicationmanagecontracts-display-component---AddNewContract--projectDescription"}]}
RESULT: undefined
COMMAND: POST /session/6942dd4aefa05acfe787f49b28130ab8/execute/async - {"script":"<script> [776 bytes]","args":[{"enterText":"WdIOTestknecd","selector":{"id":"application-managecontracts-display-component---AddNewContract--projectDescription","interaction":{"idSuffix":"inner"}},"clearTextFirst":true,"interactionType":"ENTER_TEXT"}]}
RESULT: {"script":"<script> [776 bytes]","args":[{"enterText":"WdIOTestknecd","selector":{"id":"application-managecontracts-display-component---AddNewContract--projectDescription","interaction":{"idSuffix":"inner"}},"clearTextFirst":true,"interactionType":"ENTER_TEXT"}]}
COMMAND: POST /session/6942dd4aefa05acfe787f49b28130ab8/element - {"using":"xpath","value":"//input[@id=\"application-managecontracts-display-component---AddNewContract--yardId-inner\"]"}
RESULT: {"using":"xpath","value":"//input[@id=\"application-managecontracts-display-component---AddNewContract--yardId-inner\"]"}
COMMAND: POST /session/6942dd4aefa05acfe787f49b28130ab8/element/f.F18A487FCC2B115A863E771091ABB869.d.000EB21282B8E9625191C8CB8B381F43.e.9312/clear - {}
RESULT: {}
COMMAND: POST /session/6942dd4aefa05acfe787f49b28130ab8/element/f.F18A487FCC2B115A863E771091ABB869.d.000EB21282B8E9625191C8CB8B381F43.e.9312/value - {"text":"WebdriverYardryiq2"}
COMMAND: GET /session/6942dd4aefa05acfe787f49b28130ab8/screenshot - {}
RESULT: {"text":"WebdriverYardryiq2"}
COMMAND: GET /session/6942dd4aefa05acfe787f49b28130ab8/screenshot - {}
RESULT: {}
RESULT: {}
COMMAND: POST /session/6942dd4aefa05acfe787f49b28130ab8/actions - {"actions":[{"id":"action45","type":"key","parameters":{},"actions":[{"type":"keyDown","value":""},{"type":"pause","duration":10},{"type":"keyUp","value":""}]}]}
RESULT: {"actions":[{"id":"action45","type":"key","parameters":{},"actions":[{"type":"keyDown","value":""},{"type":"pause","duration":10},{"type":"keyUp","value":""}]}]}
COMMAND: GET /session/6942dd4aefa05acfe787f49b28130ab8/screenshot - {}
RESULT: {}
COMMAND: POST /session/6942dd4aefa05acfe787f49b28130ab8/element - {"using":"xpath","value":"//input[@id=\"application-managecontracts-display-component---AddNewContract--customerSelect-inner\"]"}
RESULT: {"using":"xpath","value":"//input[@id=\"application-managecontracts-display-component---AddNewContract--customerSelect-inner\"]"}
COMMAND: POST /session/6942dd4aefa05acfe787f49b28130ab8/element/f.F18A487FCC2B115A863E771091ABB869.d.000EB21282B8E9625191C8CB8B381F43.e.9310/clear - {}
RESULT: {}
COMMAND: POST /session/6942dd4aefa05acfe787f49b28130ab8/element/f.F18A487FCC2B115A863E771091ABB869.d.000EB21282B8E9625191C8CB8B381F43.e.9310/value - {"text":"WebdriverPartnerdlquy"}
COMMAND: GET /session/6942dd4aefa05acfe787f49b28130ab8/screenshot - {}
RESULT: {"text":"WebdriverPartnerdlquy"}
COMMAND: GET /session/6942dd4aefa05acfe787f49b28130ab8/screenshot - {}
RESULT: {}
RESULT: {}
COMMAND: POST /session/6942dd4aefa05acfe787f49b28130ab8/actions - {"actions":[{"id":"action46","type":"key","parameters":{},"actions":[{"type":"keyDown","value":""},{"type":"pause","duration":10},{"type":"keyUp","value":""}]}]}
RESULT: {"actions":[{"id":"action46","type":"key","parameters":{},"actions":[{"type":"keyDown","value":""},{"type":"pause","duration":10},{"type":"keyUp","value":""}]}]}
COMMAND: GET /session/6942dd4aefa05acfe787f49b28130ab8/screenshot - {}
RESULT: {}
COMMAND: POST /session/6942dd4aefa05acfe787f49b28130ab8/element - {"using":"xpath","value":"//input[@id=\"application-managecontracts-display-component---AddNewContract--site-inner\"]"}
RESULT: {"using":"xpath","value":"//input[@id=\"application-managecontracts-display-component---AddNewContract--site-inner\"]"}
COMMAND: POST /session/6942dd4aefa05acfe787f49b28130ab8/element/f.F18A487FCC2B115A863E771091ABB869.d.000EB21282B8E9625191C8CB8B381F43.e.9311/clear - {}
RESULT: {}
COMMAND: POST /session/6942dd4aefa05acfe787f49b28130ab8/element/f.F18A487FCC2B115A863E771091ABB869.d.000EB21282B8E9625191C8CB8B381F43.e.9311/value - {"text":"WebdriverSite55sjn"}
COMMAND: GET /session/6942dd4aefa05acfe787f49b28130ab8/screenshot - {}
RESULT: {"text":"WebdriverSite55sjn"}
COMMAND: GET /session/6942dd4aefa05acfe787f49b28130ab8/screenshot - {}
RESULT: {}
RESULT: {}
COMMAND: POST /session/6942dd4aefa05acfe787f49b28130ab8/actions - {"actions":[{"id":"action47","type":"key","parameters":{},"actions":[{"type":"keyDown","value":""},{"type":"pause","duration":10},{"type":"keyUp","value":""}]}]}
RESULT: {"actions":[{"id":"action47","type":"key","parameters":{},"actions":[{"type":"keyDown","value":""},{"type":"pause","duration":10},{"type":"keyUp","value":""}]}]}
COMMAND: GET /session/6942dd4aefa05acfe787f49b28130ab8/screenshot - {}
RESULT: {}
COMMAND: POST /session/6942dd4aefa05acfe787f49b28130ab8/element - {"using":"xpath","value":"//button[@data-kt=\"saveButton\"]"}
RESULT: {"using":"xpath","value":"//button[@data-kt=\"saveButton\"]"}
COMMAND: POST /session/6942dd4aefa05acfe787f49b28130ab8/element/f.F18A487FCC2B115A863E771091ABB869.d.000EB21282B8E9625191C8CB8B381F43.e.9387/click - {}
RESULT: {}
COMMAND: GET /session/6942dd4aefa05acfe787f49b28130ab8/screenshot - {}
RESULT: {}
COMMAND: POST /session/6942dd4aefa05acfe787f49b28130ab8/execute/async - {"script":"<script> [1562 bytes]","args":[{"selector":{"id":"contractDetailTitleNoExpanded","viewName":"etm.portal.ui.managecontracts.view.Detail"},"wdio_ui5_key":"contractDetailTitleNoExpandedetmportal.ui.managecontracts.view.Detail"}]}
RESULT: {"script":"<script> [1562 bytes]","args":[{"selector":{"id":"contractDetailTitleNoExpanded","viewName":"etm.portal.ui.managecontracts.view.Detail"},"wdio_ui5_key":"contractDetailTitleNoExpandedetmportal.ui.managecontracts.view.Detail"}]}
RESULT: undefined
COMMAND: POST /session/6942dd4aefa05acfe787f49b28130ab8/execute/async - {"script":"<script> [6424 bytes]","args":[{"element-6066-11e4-a52e-4f735466cecf":"f.F18A487FCC2B115A863E771091ABB869.d.000EB21282B8E9625191C8CB8B381F43.e.9408"},"getText",[]]}
RESULT: {"script":"<script> [6424 bytes]","args":[{"element-6066-11e4-a52e-4f735466cecf":"f.F18A487FCC2B115A863E771091ABB869.d.000EB21282B8E9625191C8CB8B381F43.e.9408"},"getText",[]]}
]]></system-out>
    </testcase>
    <testcase classname="chrome.136_0_7103_93.windows.Insert_service_into_a_contract_US152956" name="Should add a service unit and a service group to the contract" time="81.368">
      <system-out><![CDATA[
COMMAND: POST /session/6942dd4aefa05acfe787f49b28130ab8/element - {"using":"xpath","value":"//button[@data-kt=\"contractDetailEditBtnButton\"]"}
RESULT: {"using":"xpath","value":"//button[@data-kt=\"contractDetailEditBtnButton\"]"}
COMMAND: POST /session/6942dd4aefa05acfe787f49b28130ab8/execute/sync - {"script":"<script> [8489 bytes]","args":[{"element-6066-11e4-a52e-4f735466cecf":"f.F18A487FCC2B115A863E771091ABB869.d.000EB21282B8E9625191C8CB8B381F43.e.9409","ELEMENT":"f.F18A487FCC2B115A863E771091ABB869.d.000EB21282B8E9625191C8CB8B381F43.e.9409"}]}
RESULT: {"script":"<script> [8489 bytes]","args":[{"element-6066-11e4-a52e-4f735466cecf":"f.F18A487FCC2B115A863E771091ABB869.d.000EB21282B8E9625191C8CB8B381F43.e.9409","ELEMENT":"f.F18A487FCC2B115A863E771091ABB869.d.000EB21282B8E9625191C8CB8B381F43.e.9409"}]}
COMMAND: POST /session/6942dd4aefa05acfe787f49b28130ab8/execute/sync - {"script":"<script> [8489 bytes]","args":[{"element-6066-11e4-a52e-4f735466cecf":"f.F18A487FCC2B115A863E771091ABB869.d.000EB21282B8E9625191C8CB8B381F43.e.9409","ELEMENT":"f.F18A487FCC2B115A863E771091ABB869.d.000EB21282B8E9625191C8CB8B381F43.e.9409"}]}
COMMAND: GET /session/6942dd4aefa05acfe787f49b28130ab8/screenshot - {}
RESULT: {"script":"<script> [8489 bytes]","args":[{"element-6066-11e4-a52e-4f735466cecf":"f.F18A487FCC2B115A863E771091ABB869.d.000EB21282B8E9625191C8CB8B381F43.e.9409","ELEMENT":"f.F18A487FCC2B115A863E771091ABB869.d.000EB21282B8E9625191C8CB8B381F43.e.9409"}]}
COMMAND: POST /session/6942dd4aefa05acfe787f49b28130ab8/execute/sync - {"script":"<script> [5351 bytes]","args":[{"element-6066-11e4-a52e-4f735466cecf":"f.F18A487FCC2B115A863E771091ABB869.d.000EB21282B8E9625191C8CB8B381F43.e.9409","ELEMENT":"f.F18A487FCC2B115A863E771091ABB869.d.000EB21282B8E9625191C8CB8B381F43.e.9409"}]}
COMMAND: GET /session/6942dd4aefa05acfe787f49b28130ab8/screenshot - {}
RESULT: {}
RESULT: {"script":"<script> [5351 bytes]","args":[{"element-6066-11e4-a52e-4f735466cecf":"f.F18A487FCC2B115A863E771091ABB869.d.000EB21282B8E9625191C8CB8B381F43.e.9409","ELEMENT":"f.F18A487FCC2B115A863E771091ABB869.d.000EB21282B8E9625191C8CB8B381F43.e.9409"}]}
COMMAND: POST /session/6942dd4aefa05acfe787f49b28130ab8/element/f.F18A487FCC2B115A863E771091ABB869.d.000EB21282B8E9625191C8CB8B381F43.e.9409/click - {}
COMMAND: GET /session/6942dd4aefa05acfe787f49b28130ab8/screenshot - {}
RESULT: {}
RESULT: {}
COMMAND: GET /session/6942dd4aefa05acfe787f49b28130ab8/screenshot - {}
RESULT: {}
RESULT: {}
COMMAND: POST /session/6942dd4aefa05acfe787f49b28130ab8/element - {"using":"xpath","value":"(//span[contains(text(), \"Additional Addresses\")])[2]"}
RESULT: {"using":"xpath","value":"(//span[contains(text(), \"Additional Addresses\")])[2]"}
COMMAND: POST /session/6942dd4aefa05acfe787f49b28130ab8/element/f.F18A487FCC2B115A863E771091ABB869.d.000EB21282B8E9625191C8CB8B381F43.e.9468/click - {}
RESULT: {}
COMMAND: GET /session/6942dd4aefa05acfe787f49b28130ab8/screenshot - {}
RESULT: {}
COMMAND: POST /session/6942dd4aefa05acfe787f49b28130ab8/element - {"using":"xpath","value":"//button[@data-kt=\"btnAddTableRowOverflowToolbarButton\"]"}
RESULT: {"using":"xpath","value":"//button[@data-kt=\"btnAddTableRowOverflowToolbarButton\"]"}
COMMAND: POST /session/6942dd4aefa05acfe787f49b28130ab8/element/f.F18A487FCC2B115A863E771091ABB869.d.000EB21282B8E9625191C8CB8B381F43.e.9470/click - {}
RESULT: {}
COMMAND: GET /session/6942dd4aefa05acfe787f49b28130ab8/screenshot - {}
RESULT: {}
COMMAND: POST /session/6942dd4aefa05acfe787f49b28130ab8/element - {"using":"xpath","value":"//div[(text() = 'Standard Entry' or . = 'Standard Entry')]"}
RESULT: {"using":"xpath","value":"//div[(text() = 'Standard Entry' or . = 'Standard Entry')]"}
COMMAND: POST /session/6942dd4aefa05acfe787f49b28130ab8/element/f.F18A487FCC2B115A863E771091ABB869.d.000EB21282B8E9625191C8CB8B381F43.e.9472/click - {}
RESULT: {}
COMMAND: POST /session/6942dd4aefa05acfe787f49b28130ab8/element - {"using":"xpath","value":"//button[@data-kt=\"btnAddTableRowOverflowToolbarButton\"]"}
COMMAND: GET /session/6942dd4aefa05acfe787f49b28130ab8/screenshot - {}
RESULT: {"using":"xpath","value":"//button[@data-kt=\"btnAddTableRowOverflowToolbarButton\"]"}
COMMAND: POST /session/6942dd4aefa05acfe787f49b28130ab8/element/f.F18A487FCC2B115A863E771091ABB869.d.000EB21282B8E9625191C8CB8B381F43.e.9470/click - {}
RESULT: {}
RESULT: {}
COMMAND: GET /session/6942dd4aefa05acfe787f49b28130ab8/screenshot - {}
RESULT: {}
COMMAND: POST /session/6942dd4aefa05acfe787f49b28130ab8/element - {"using":"xpath","value":"//div[(text() = 'Standard Entry' or . = 'Standard Entry')]"}
RESULT: {"using":"xpath","value":"//div[(text() = 'Standard Entry' or . = 'Standard Entry')]"}
COMMAND: POST /session/6942dd4aefa05acfe787f49b28130ab8/element/f.F18A487FCC2B115A863E771091ABB869.d.000EB21282B8E9625191C8CB8B381F43.e.9484/click - {}
RESULT: {}
COMMAND: POST /session/6942dd4aefa05acfe787f49b28130ab8/element - {"using":"xpath","value":"(//td[6]/div/div/input)[1]"}
COMMAND: GET /session/6942dd4aefa05acfe787f49b28130ab8/screenshot - {}
RESULT: {"using":"xpath","value":"(//td[6]/div/div/input)[1]"}
COMMAND: POST /session/6942dd4aefa05acfe787f49b28130ab8/element/f.F18A487FCC2B115A863E771091ABB869.d.000EB21282B8E9625191C8CB8B381F43.e.9486/click - {}
RESULT: {}
RESULT: {}
COMMAND: POST /session/6942dd4aefa05acfe787f49b28130ab8/actions - {"actions":[{"id":"action48","type":"key","parameters":{},"actions":[{"type":"keyDown","value":""},{"type":"pause","duration":10},{"type":"keyUp","value":""}]}]}
COMMAND: GET /session/6942dd4aefa05acfe787f49b28130ab8/screenshot - {}
RESULT: {"actions":[{"id":"action48","type":"key","parameters":{},"actions":[{"type":"keyDown","value":""},{"type":"pause","duration":10},{"type":"keyUp","value":""}]}]}
COMMAND: POST /session/6942dd4aefa05acfe787f49b28130ab8/element - {"using":"xpath","value":"(//td[6]/div/div/input)[1]"}
COMMAND: GET /session/6942dd4aefa05acfe787f49b28130ab8/screenshot - {}
RESULT: {}
RESULT: {"using":"xpath","value":"(//td[6]/div/div/input)[1]"}
COMMAND: POST /session/6942dd4aefa05acfe787f49b28130ab8/element/f.F18A487FCC2B115A863E771091ABB869.d.000EB21282B8E9625191C8CB8B381F43.e.9486/clear - {}
RESULT: {}
RESULT: {}
COMMAND: POST /session/6942dd4aefa05acfe787f49b28130ab8/element/f.F18A487FCC2B115A863E771091ABB869.d.000EB21282B8E9625191C8CB8B381F43.e.9486/value - {"text":"Service Unit"}
COMMAND: GET /session/6942dd4aefa05acfe787f49b28130ab8/screenshot - {}
RESULT: {"text":"Service Unit"}
COMMAND: GET /session/6942dd4aefa05acfe787f49b28130ab8/screenshot - {}
RESULT: {}
RESULT: {}
COMMAND: POST /session/6942dd4aefa05acfe787f49b28130ab8/actions - {"actions":[{"id":"action49","type":"key","parameters":{},"actions":[{"type":"keyDown","value":""},{"type":"pause","duration":10},{"type":"keyUp","value":""}]}]}
RESULT: {"actions":[{"id":"action49","type":"key","parameters":{},"actions":[{"type":"keyDown","value":""},{"type":"pause","duration":10},{"type":"keyUp","value":""}]}]}
COMMAND: GET /session/6942dd4aefa05acfe787f49b28130ab8/screenshot - {}
COMMAND: POST /session/6942dd4aefa05acfe787f49b28130ab8/actions - {"actions":[{"id":"action50","type":"key","parameters":{},"actions":[{"type":"keyDown","value":""},{"type":"pause","duration":10},{"type":"keyUp","value":""}]}]}
RESULT: {}
RESULT: {"actions":[{"id":"action50","type":"key","parameters":{},"actions":[{"type":"keyDown","value":""},{"type":"pause","duration":10},{"type":"keyUp","value":""}]}]}
COMMAND: POST /session/6942dd4aefa05acfe787f49b28130ab8/element - {"using":"xpath","value":"(//td[7]/div/div/input)[1]"}
COMMAND: GET /session/6942dd4aefa05acfe787f49b28130ab8/screenshot - {}
RESULT: {"using":"xpath","value":"(//td[7]/div/div/input)[1]"}
COMMAND: POST /session/6942dd4aefa05acfe787f49b28130ab8/element/f.F18A487FCC2B115A863E771091ABB869.d.000EB21282B8E9625191C8CB8B381F43.e.9502/clear - {}
RESULT: {}
RESULT: {}
COMMAND: POST /session/6942dd4aefa05acfe787f49b28130ab8/element/f.F18A487FCC2B115A863E771091ABB869.d.000EB21282B8E9625191C8CB8B381F43.e.9502/value - {"text":"1000001"}
COMMAND: GET /session/6942dd4aefa05acfe787f49b28130ab8/screenshot - {}
RESULT: {"text":"1000001"}
COMMAND: GET /session/6942dd4aefa05acfe787f49b28130ab8/screenshot - {}
RESULT: {}
RESULT: {}
COMMAND: POST /session/6942dd4aefa05acfe787f49b28130ab8/actions - {"actions":[{"id":"action51","type":"key","parameters":{},"actions":[{"type":"keyDown","value":""},{"type":"pause","duration":10},{"type":"keyUp","value":""}]}]}
RESULT: {"actions":[{"id":"action51","type":"key","parameters":{},"actions":[{"type":"keyDown","value":""},{"type":"pause","duration":10},{"type":"keyUp","value":""}]}]}
COMMAND: GET /session/6942dd4aefa05acfe787f49b28130ab8/screenshot - {}
RESULT: {}
COMMAND: POST /session/6942dd4aefa05acfe787f49b28130ab8/actions - {"actions":[{"id":"action52","type":"key","parameters":{},"actions":[{"type":"keyDown","value":""},{"type":"pause","duration":10},{"type":"keyUp","value":""}]}]}
RESULT: {"actions":[{"id":"action52","type":"key","parameters":{},"actions":[{"type":"keyDown","value":""},{"type":"pause","duration":10},{"type":"keyUp","value":""}]}]}
COMMAND: GET /session/6942dd4aefa05acfe787f49b28130ab8/screenshot - {}
RESULT: {}
COMMAND: POST /session/6942dd4aefa05acfe787f49b28130ab8/element - {"using":"xpath","value":"(//td[6]/div/div/input)[2]"}
RESULT: {"using":"xpath","value":"(//td[6]/div/div/input)[2]"}
COMMAND: POST /session/6942dd4aefa05acfe787f49b28130ab8/element/f.F18A487FCC2B115A863E771091ABB869.d.000EB21282B8E9625191C8CB8B381F43.e.9474/click - {}
RESULT: {}
COMMAND: POST /session/6942dd4aefa05acfe787f49b28130ab8/actions - {"actions":[{"id":"action53","type":"key","parameters":{},"actions":[{"type":"keyDown","value":""},{"type":"pause","duration":10},{"type":"keyUp","value":""}]}]}
COMMAND: GET /session/6942dd4aefa05acfe787f49b28130ab8/screenshot - {}
RESULT: {"actions":[{"id":"action53","type":"key","parameters":{},"actions":[{"type":"keyDown","value":""},{"type":"pause","duration":10},{"type":"keyUp","value":""}]}]}
COMMAND: POST /session/6942dd4aefa05acfe787f49b28130ab8/element - {"using":"xpath","value":"(//td[6]/div/div/input)[2]"}
COMMAND: GET /session/6942dd4aefa05acfe787f49b28130ab8/screenshot - {}
RESULT: {}
RESULT: {"using":"xpath","value":"(//td[6]/div/div/input)[2]"}
COMMAND: POST /session/6942dd4aefa05acfe787f49b28130ab8/element/f.F18A487FCC2B115A863E771091ABB869.d.000EB21282B8E9625191C8CB8B381F43.e.9474/clear - {}
RESULT: {}
RESULT: {}
COMMAND: POST /session/6942dd4aefa05acfe787f49b28130ab8/element/f.F18A487FCC2B115A863E771091ABB869.d.000EB21282B8E9625191C8CB8B381F43.e.9474/value - {"text":"Service Unit Group"}
COMMAND: GET /session/6942dd4aefa05acfe787f49b28130ab8/screenshot - {}
RESULT: {"text":"Service Unit Group"}
COMMAND: GET /session/6942dd4aefa05acfe787f49b28130ab8/screenshot - {}
RESULT: {}
RESULT: {}
COMMAND: POST /session/6942dd4aefa05acfe787f49b28130ab8/actions - {"actions":[{"id":"action54","type":"key","parameters":{},"actions":[{"type":"keyDown","value":""},{"type":"pause","duration":10},{"type":"keyUp","value":""}]}]}
RESULT: {"actions":[{"id":"action54","type":"key","parameters":{},"actions":[{"type":"keyDown","value":""},{"type":"pause","duration":10},{"type":"keyUp","value":""}]}]}
COMMAND: GET /session/6942dd4aefa05acfe787f49b28130ab8/screenshot - {}
RESULT: {}
COMMAND: POST /session/6942dd4aefa05acfe787f49b28130ab8/actions - {"actions":[{"id":"action55","type":"key","parameters":{},"actions":[{"type":"keyDown","value":""},{"type":"pause","duration":10},{"type":"keyUp","value":""}]}]}
RESULT: {"actions":[{"id":"action55","type":"key","parameters":{},"actions":[{"type":"keyDown","value":""},{"type":"pause","duration":10},{"type":"keyUp","value":""}]}]}
COMMAND: POST /session/6942dd4aefa05acfe787f49b28130ab8/element - {"using":"xpath","value":"(//td[7]/div/div/input)[2]"}
COMMAND: GET /session/6942dd4aefa05acfe787f49b28130ab8/screenshot - {}
RESULT: {"using":"xpath","value":"(//td[7]/div/div/input)[2]"}
COMMAND: POST /session/6942dd4aefa05acfe787f49b28130ab8/element/f.F18A487FCC2B115A863E771091ABB869.d.000EB21282B8E9625191C8CB8B381F43.e.9531/clear - {}
RESULT: {}
RESULT: {}
COMMAND: POST /session/6942dd4aefa05acfe787f49b28130ab8/element/f.F18A487FCC2B115A863E771091ABB869.d.000EB21282B8E9625191C8CB8B381F43.e.9531/value - {"text":"1100001"}
COMMAND: GET /session/6942dd4aefa05acfe787f49b28130ab8/screenshot - {}
RESULT: {"text":"1100001"}
COMMAND: GET /session/6942dd4aefa05acfe787f49b28130ab8/screenshot - {}
RESULT: {}
RESULT: {}
COMMAND: POST /session/6942dd4aefa05acfe787f49b28130ab8/actions - {"actions":[{"id":"action56","type":"key","parameters":{},"actions":[{"type":"keyDown","value":""},{"type":"pause","duration":10},{"type":"keyUp","value":""}]}]}
RESULT: {"actions":[{"id":"action56","type":"key","parameters":{},"actions":[{"type":"keyDown","value":""},{"type":"pause","duration":10},{"type":"keyUp","value":""}]}]}
COMMAND: GET /session/6942dd4aefa05acfe787f49b28130ab8/screenshot - {}
RESULT: {}
COMMAND: POST /session/6942dd4aefa05acfe787f49b28130ab8/actions - {"actions":[{"id":"action57","type":"key","parameters":{},"actions":[{"type":"keyDown","value":""},{"type":"pause","duration":10},{"type":"keyUp","value":""}]}]}
RESULT: {"actions":[{"id":"action57","type":"key","parameters":{},"actions":[{"type":"keyDown","value":""},{"type":"pause","duration":10},{"type":"keyUp","value":""}]}]}
COMMAND: GET /session/6942dd4aefa05acfe787f49b28130ab8/screenshot - {}
RESULT: {}
COMMAND: POST /session/6942dd4aefa05acfe787f49b28130ab8/element - {"using":"xpath","value":"(//button[@data-kt=\"saveButton\"])[2]"}
RESULT: {"using":"xpath","value":"(//button[@data-kt=\"saveButton\"])[2]"}
COMMAND: POST /session/6942dd4aefa05acfe787f49b28130ab8/element/f.F18A487FCC2B115A863E771091ABB869.d.000EB21282B8E9625191C8CB8B381F43.e.9555/click - {}
RESULT: {}
COMMAND: GET /session/6942dd4aefa05acfe787f49b28130ab8/screenshot - {}
RESULT: {}
COMMAND: POST /session/6942dd4aefa05acfe787f49b28130ab8/element - {"using":"xpath","value":"(//span[contains(text(), \"Additional Addresses\")])[1]"}
RESULT: {"using":"xpath","value":"(//span[contains(text(), \"Additional Addresses\")])[1]"}
COMMAND: POST /session/6942dd4aefa05acfe787f49b28130ab8/element/f.F18A487FCC2B115A863E771091ABB869.d.000EB21282B8E9625191C8CB8B381F43.e.9559/click - {}
RESULT: {}
COMMAND: GET /session/6942dd4aefa05acfe787f49b28130ab8/screenshot - {}
RESULT: {}
COMMAND: POST /session/6942dd4aefa05acfe787f49b28130ab8/execute/async - {"script":"<script> [1562 bytes]","args":[{"selector":{"controlType":"sap.m.Title","viewName":"etm.portal.ui.managecontracts.view.Detail","properties":{"text":"Contract Items (2)"}},"wdio_ui5_key":"etmportal.ui.managecontracts.view.Detailsap.m.Title{\"text\":\"Contract Items (2)\"}"}]}
RESULT: {"script":"<script> [1562 bytes]","args":[{"selector":{"controlType":"sap.m.Title","viewName":"etm.portal.ui.managecontracts.view.Detail","properties":{"text":"Contract Items (2)"}},"wdio_ui5_key":"etmportal.ui.managecontracts.view.Detailsap.m.Title{\"text\":\"Contract Items (2)\"}"}]}
RESULT: undefined
COMMAND: POST /session/6942dd4aefa05acfe787f49b28130ab8/execute/async - {"script":"<script> [6424 bytes]","args":[{"element-6066-11e4-a52e-4f735466cecf":"f.F18A487FCC2B115A863E771091ABB869.d.000EB21282B8E9625191C8CB8B381F43.e.9561"},"getText",[]]}
RESULT: {"script":"<script> [6424 bytes]","args":[{"element-6066-11e4-a52e-4f735466cecf":"f.F18A487FCC2B115A863E771091ABB869.d.000EB21282B8E9625191C8CB8B381F43.e.9561"},"getText",[]]}
COMMAND: POST /session/6942dd4aefa05acfe787f49b28130ab8/element - {"using":"xpath","value":"(//span[contains(@class ,\"sapMObjStatusText\")])[1]"}
RESULT: {"using":"xpath","value":"(//span[contains(@class ,\"sapMObjStatusText\")])[1]"}
COMMAND: GET /session/6942dd4aefa05acfe787f49b28130ab8/element/f.F18A487FCC2B115A863E771091ABB869.d.000EB21282B8E9625191C8CB8B381F43.e.9562/text - {}
RESULT: {}
COMMAND: POST /session/6942dd4aefa05acfe787f49b28130ab8/element - {"using":"xpath","value":"(//span[contains(@class ,\"sapMObjStatusText\")])[4]"}
RESULT: {"using":"xpath","value":"(//span[contains(@class ,\"sapMObjStatusText\")])[4]"}
COMMAND: GET /session/6942dd4aefa05acfe787f49b28130ab8/element/f.F18A487FCC2B115A863E771091ABB869.d.000EB21282B8E9625191C8CB8B381F43.e.9563/text - {}
RESULT: {}
COMMAND: POST /session/6942dd4aefa05acfe787f49b28130ab8/element - {"using":"css selector","value":"#shell-header-logo"}
RESULT: {"using":"css selector","value":"#shell-header-logo"}
COMMAND: POST /session/6942dd4aefa05acfe787f49b28130ab8/element/f.F18A487FCC2B115A863E771091ABB869.d.000EB21282B8E9625191C8CB8B381F43.e.9002/click - {}
RESULT: {}
COMMAND: GET /session/6942dd4aefa05acfe787f49b28130ab8/screenshot - {}
RESULT: {}
]]></system-out>
    </testcase>
  </testsuite>
  <testsuite timestamp="2025-05-27T18:22:27" time="196.336" tests="2" failures="0" errors="0" skipped="0">
    <properties>
      <property name="specId" value="0"/>
      <property name="suiteName" value="Reduced contract US151275"/>
      <property name="capabilities" value="chrome.136_0_7103_93.windows"/>
      <property name="file" value="file:///D:/a/1/s/test/specs/R2C/reduced-contract-creation.spec.js"/>
    </properties>
    <testcase classname="chrome.136_0_7103_93.windows.Reduced_contract_US151275" name="Should create a new reduced contract" time="140.417">
      <system-out><![CDATA[
RESULT: undefined
COMMAND: POST /session/6942dd4aefa05acfe787f49b28130ab8/element - {"using":"xpath","value":"//*[@id=\"__tile130\"]"}
RESULT: {"using":"xpath","value":"//*[@id=\"__tile130\"]"}
COMMAND: POST /session/6942dd4aefa05acfe787f49b28130ab8/element/f.F18A487FCC2B115A863E771091ABB869.d.000EB21282B8E9625191C8CB8B381F43.e.8639/click - {}
RESULT: {}
COMMAND: GET /session/6942dd4aefa05acfe787f49b28130ab8/screenshot - {}
RESULT: {}
COMMAND: POST /session/6942dd4aefa05acfe787f49b28130ab8/element - {"using":"xpath","value":"//button[@data-kt=\"addButton\"]"}
RESULT: {"using":"xpath","value":"//button[@data-kt=\"addButton\"]"}
COMMAND: POST /session/6942dd4aefa05acfe787f49b28130ab8/element/f.F18A487FCC2B115A863E771091ABB869.d.000EB21282B8E9625191C8CB8B381F43.e.9617/click - {}
COMMAND: POST /session/6942dd4aefa05acfe787f49b28130ab8/elements - {"using":"xpath","value":"//span[text()='Error']"}
RESULT: {}
COMMAND: GET /session/6942dd4aefa05acfe787f49b28130ab8/screenshot - {}
RESULT: {"using":"xpath","value":"//span[text()='Error']"}
RESULT: {}
COMMAND: POST /session/6942dd4aefa05acfe787f49b28130ab8/refresh - {}
RESULT: {}
COMMAND: GET /session/6942dd4aefa05acfe787f49b28130ab8/screenshot - {}
RESULT: {}
COMMAND: POST /session/6942dd4aefa05acfe787f49b28130ab8/execute/async - {"script":"<script> [189 bytes]","args":[]}
RESULT: {"script":"<script> [189 bytes]","args":[]}
COMMAND: POST /session/6942dd4aefa05acfe787f49b28130ab8/execute/async - {"script":"<script> [123 bytes]","args":[]}
RESULT: {"script":"<script> [123 bytes]","args":[]}
COMMAND: POST /session/6942dd4aefa05acfe787f49b28130ab8/timeouts - {"script":"<number>"}
RESULT: {"script":"<number>"}
COMMAND: GET /session/6942dd4aefa05acfe787f49b28130ab8/timeouts - {}
RESULT: {}
RESULT: undefined
COMMAND: POST /session/6942dd4aefa05acfe787f49b28130ab8/execute/async - {"script":"<script> [2676 bytes]","args":[]}
RESULT: {"script":"<script> [2676 bytes]","args":[]}
COMMAND: POST /session/6942dd4aefa05acfe787f49b28130ab8/execute/async - {"script":"<script> [2342 bytes]","args":[{"protocol":"http","hostname":"0.0.0.0","path":"/","capabilities":{"browserName":"chrome","goog:chromeOptions":{"binary":"C:\\Program Files\\Google\\Chrome\\Application\\chrome.exe","args":["--start-maximized"]}},"logLevel":"warn","connectionRetryTimeout":120000,"connectionRetryCount":3,"logLevels":{},"enableDirectConnect":true,"strictSSL":true,"_":"65 more keys: [\"cacheDir\",\"port\",\"requestedCapabilities\",\"automationProtocol\",\"baseUrl\",\"waitforInterval\",\"waitforTimeout\",\"onReload\",\"beforeCommand\",\"afterCommand\",\"rootDir\",\"specs\",\"suites\",\"exclude\",\"groupLogsByTestSpec\",\"excludeDriverLogs\",\"bail\",\"framework\",\"reporters\",\"services\",\"maxInstances\",\"maxInstancesPerCapability\",\"injectGlobals\",\"filesToWatch\",\"execArgv\",\"runnerEnv\",\"runner\",\"shard\",\"specFileRetries\",\"specFileRetriesDelay\",\"specFileRetriesDeferred\",\"reporterSyncInterval\",\"reporterSyncTimeout\",\"cucumberFeaturesWithLineNumbers\",\"autoCompileOpts\",\"mochaOpts\",\"jasmineOpts\",\"cucumberOpts\",\"onPrepare\",\"onWorkerStart\",\"onWorkerEnd\",\"before\",\"beforeSession\",\"beforeSuite\",\"beforeHook\",\"beforeTest\",\"afterTest\",\"afterHook\",\"afterSuite\",\"afterSession\",\"after\",\"onComplete\",\"beforeAssertion\",\"afterAssertion\",\"beforeFeature\",\"beforeScenario\",\"beforeStep\",\"afterStep\",\"afterScenario\",\"afterFeature\",\"_\",\"suite\",\"$0\",\"ignoredWorkerServices\",\"wdi5\"]"}]}
RESULT: {"script":"<script> [2342 bytes]","args":[{"protocol":"http","hostname":"0.0.0.0","path":"/","capabilities":{"browserName":"chrome","goog:chromeOptions":{"binary":"C:\\Program Files\\Google\\Chrome\\Application\\chrome.exe","args":["--start-maximized"]}},"logLevel":"warn","connectionRetryTimeout":120000,"connectionRetryCount":3,"logLevels":{},"enableDirectConnect":true,"strictSSL":true,"_":"65 more keys: [\"cacheDir\",\"port\",\"requestedCapabilities\",\"automationProtocol\",\"baseUrl\",\"waitforInterval\",\"waitforTimeout\",\"onReload\",\"beforeCommand\",\"afterCommand\",\"rootDir\",\"specs\",\"suites\",\"exclude\",\"groupLogsByTestSpec\",\"excludeDriverLogs\",\"bail\",\"framework\",\"reporters\",\"services\",\"maxInstances\",\"maxInstancesPerCapability\",\"injectGlobals\",\"filesToWatch\",\"execArgv\",\"runnerEnv\",\"runner\",\"shard\",\"specFileRetries\",\"specFileRetriesDelay\",\"specFileRetriesDeferred\",\"reporterSyncInterval\",\"reporterSyncTimeout\",\"cucumberFeaturesWithLineNumbers\",\"autoCompileOpts\",\"mochaOpts\",\"jasmineOpts\",\"cucumberOpts\",\"onPrepare\",\"onWorkerStart\",\"onWorkerEnd\",\"before\",\"beforeSession\",\"beforeSuite\",\"beforeHook\",\"beforeTest\",\"afterTest\",\"afterHook\",\"afterSuite\",\"afterSession\",\"after\",\"onComplete\",\"beforeAssertion\",\"afterAssertion\",\"beforeFeature\",\"beforeScenario\",\"beforeStep\",\"afterStep\",\"afterScenario\",\"afterFeature\",\"_\",\"suite\",\"$0\",\"ignoredWorkerServices\",\"wdi5\"]"}]}
COMMAND: POST /session/6942dd4aefa05acfe787f49b28130ab8/execute/async - {"script":"<script> [21126 bytes]","args":[35000]}
RESULT: {"script":"<script> [21126 bytes]","args":[35000]}
COMMAND: POST /session/6942dd4aefa05acfe787f49b28130ab8/execute/async - {"script":"<script> [1562 bytes]","args":[{"selector":{"id":"application-managecontracts-display-component---AddNewContract--contractType","interaction":{"idSuffix":"arrow"}},"wdio_ui5_key":"applicationmanagecontracts-display-component---AddNewContract--contractType"}]}
RESULT: {"script":"<script> [1562 bytes]","args":[{"selector":{"id":"application-managecontracts-display-component---AddNewContract--contractType","interaction":{"idSuffix":"arrow"}},"wdio_ui5_key":"applicationmanagecontracts-display-component---AddNewContract--contractType"}]}
RESULT: undefined
COMMAND: POST /session/6942dd4aefa05acfe787f49b28130ab8/element - {"using":"xpath","value":"//*[@id=\"application-managecontracts-display-component---AddNewContract--contractType\"]"}
RESULT: {"using":"xpath","value":"//*[@id=\"application-managecontracts-display-component---AddNewContract--contractType\"]"}
COMMAND: POST /session/6942dd4aefa05acfe787f49b28130ab8/element/f.F18A487FCC2B115A863E771091ABB869.d.B1AD30AD9DB78D4FEFC2E39F379C47A2.e.10191/click - {}
RESULT: {}
COMMAND: GET /session/6942dd4aefa05acfe787f49b28130ab8/screenshot - {}
RESULT: {}
COMMAND: POST /session/6942dd4aefa05acfe787f49b28130ab8/execute/async - {"script":"<script> [1562 bytes]","args":[{"selector":{"controlType":"sap.ui.core.Item","viewName":"etm.portal.ui.managecontracts.view.AddNewContract","viewId":"application-managecontracts-display-component---AddNewContract","bindingPath":{"path":"/ContractTypes('02')","propertyPath":"ID","modelName":"catalogModel"},"searchOpenDialogs":true},"wdio_ui5_key":"etmportal.ui.managecontracts.view.AddNewContractsap.ui.core.Item{\"path\":\"/ContractTypes('02')\",\"propertyPath\":\"ID\",\"modelName\":\"catalogModel\"}"}]}
RESULT: {"script":"<script> [1562 bytes]","args":[{"selector":{"controlType":"sap.ui.core.Item","viewName":"etm.portal.ui.managecontracts.view.AddNewContract","viewId":"application-managecontracts-display-component---AddNewContract","bindingPath":{"path":"/ContractTypes('02')","propertyPath":"ID","modelName":"catalogModel"},"searchOpenDialogs":true},"wdio_ui5_key":"etmportal.ui.managecontracts.view.AddNewContractsap.ui.core.Item{\"path\":\"/ContractTypes('02')\",\"propertyPath\":\"ID\",\"modelName\":\"catalogModel\"}"}]}
RESULT: undefined
COMMAND: POST /session/6942dd4aefa05acfe787f49b28130ab8/element - {"using":"xpath","value":"//*[@id=\"__item45-application-managecontracts-display-component---AddNewContract--contractType-1\"]"}
RESULT: {"using":"xpath","value":"//*[@id=\"__item45-application-managecontracts-display-component---AddNewContract--contractType-1\"]"}
COMMAND: POST /session/6942dd4aefa05acfe787f49b28130ab8/element/f.F18A487FCC2B115A863E771091ABB869.d.B1AD30AD9DB78D4FEFC2E39F379C47A2.e.10192/click - {}
RESULT: {}
COMMAND: GET /session/6942dd4aefa05acfe787f49b28130ab8/screenshot - {}
RESULT: {}
COMMAND: POST /session/6942dd4aefa05acfe787f49b28130ab8/execute/async - {"script":"<script> [1562 bytes]","args":[{"selector":{"id":"application-managecontracts-display-component---AddNewContract--projectDescription","interaction":{"idSuffix":"inner"}},"wdio_ui5_key":"applicationmanagecontracts-display-component---AddNewContract--projectDescription"}]}
RESULT: {"script":"<script> [1562 bytes]","args":[{"selector":{"id":"application-managecontracts-display-component---AddNewContract--projectDescription","interaction":{"idSuffix":"inner"}},"wdio_ui5_key":"applicationmanagecontracts-display-component---AddNewContract--projectDescription"}]}
RESULT: undefined
COMMAND: POST /session/6942dd4aefa05acfe787f49b28130ab8/execute/async - {"script":"<script> [776 bytes]","args":[{"enterText":"WdIOReduced6624f","selector":{"id":"application-managecontracts-display-component---AddNewContract--projectDescription","interaction":{"idSuffix":"inner"}},"clearTextFirst":true,"interactionType":"ENTER_TEXT"}]}
RESULT: {"script":"<script> [776 bytes]","args":[{"enterText":"WdIOReduced6624f","selector":{"id":"application-managecontracts-display-component---AddNewContract--projectDescription","interaction":{"idSuffix":"inner"}},"clearTextFirst":true,"interactionType":"ENTER_TEXT"}]}
COMMAND: POST /session/6942dd4aefa05acfe787f49b28130ab8/element - {"using":"xpath","value":"//input[@id=\"application-managecontracts-display-component---AddNewContract--yardId-inner\"]"}
RESULT: {"using":"xpath","value":"//input[@id=\"application-managecontracts-display-component---AddNewContract--yardId-inner\"]"}
COMMAND: POST /session/6942dd4aefa05acfe787f49b28130ab8/element/f.F18A487FCC2B115A863E771091ABB869.d.B1AD30AD9DB78D4FEFC2E39F379C47A2.e.10048/clear - {}
RESULT: {}
COMMAND: POST /session/6942dd4aefa05acfe787f49b28130ab8/element/f.F18A487FCC2B115A863E771091ABB869.d.B1AD30AD9DB78D4FEFC2E39F379C47A2.e.10048/value - {"text":"WebdriverYardryiq2"}
COMMAND: GET /session/6942dd4aefa05acfe787f49b28130ab8/screenshot - {}
RESULT: {"text":"WebdriverYardryiq2"}
COMMAND: GET /session/6942dd4aefa05acfe787f49b28130ab8/screenshot - {}
RESULT: {}
RESULT: {}
COMMAND: POST /session/6942dd4aefa05acfe787f49b28130ab8/actions - {"actions":[{"id":"action58","type":"key","parameters":{},"actions":[{"type":"keyDown","value":""},{"type":"pause","duration":10},{"type":"keyUp","value":""}]}]}
RESULT: {"actions":[{"id":"action58","type":"key","parameters":{},"actions":[{"type":"keyDown","value":""},{"type":"pause","duration":10},{"type":"keyUp","value":""}]}]}
COMMAND: GET /session/6942dd4aefa05acfe787f49b28130ab8/screenshot - {}
RESULT: {}
COMMAND: POST /session/6942dd4aefa05acfe787f49b28130ab8/element - {"using":"xpath","value":"//input[@id=\"application-managecontracts-display-component---AddNewContract--customerSelect-inner\"]"}
RESULT: {"using":"xpath","value":"//input[@id=\"application-managecontracts-display-component---AddNewContract--customerSelect-inner\"]"}
COMMAND: POST /session/6942dd4aefa05acfe787f49b28130ab8/element/f.F18A487FCC2B115A863E771091ABB869.d.B1AD30AD9DB78D4FEFC2E39F379C47A2.e.10046/clear - {}
RESULT: {}
COMMAND: POST /session/6942dd4aefa05acfe787f49b28130ab8/element/f.F18A487FCC2B115A863E771091ABB869.d.B1AD30AD9DB78D4FEFC2E39F379C47A2.e.10046/value - {"text":"WebdriverPartnerdlquy"}
COMMAND: GET /session/6942dd4aefa05acfe787f49b28130ab8/screenshot - {}
RESULT: {"text":"WebdriverPartnerdlquy"}
COMMAND: GET /session/6942dd4aefa05acfe787f49b28130ab8/screenshot - {}
RESULT: {}
RESULT: {}
COMMAND: POST /session/6942dd4aefa05acfe787f49b28130ab8/actions - {"actions":[{"id":"action59","type":"key","parameters":{},"actions":[{"type":"keyDown","value":""},{"type":"pause","duration":10},{"type":"keyUp","value":""}]}]}
RESULT: {"actions":[{"id":"action59","type":"key","parameters":{},"actions":[{"type":"keyDown","value":""},{"type":"pause","duration":10},{"type":"keyUp","value":""}]}]}
COMMAND: GET /session/6942dd4aefa05acfe787f49b28130ab8/screenshot - {}
RESULT: {}
COMMAND: POST /session/6942dd4aefa05acfe787f49b28130ab8/execute/async - {"script":"<script> [1562 bytes]","args":[{"selector":{"id":"application-managecontracts-display-component---AddNewContract--calendarInput-arrow"},"wdio_ui5_key":"applicationmanagecontracts-display-component---AddNewContract--calendarInput-arrow"}]}
RESULT: {"script":"<script> [1562 bytes]","args":[{"selector":{"id":"application-managecontracts-display-component---AddNewContract--calendarInput-arrow"},"wdio_ui5_key":"applicationmanagecontracts-display-component---AddNewContract--calendarInput-arrow"}]}
RESULT: undefined
COMMAND: POST /session/6942dd4aefa05acfe787f49b28130ab8/element - {"using":"xpath","value":"//*[@id=\"application-managecontracts-display-component---AddNewContract--calendarInput-arrow\"]"}
RESULT: {"using":"xpath","value":"//*[@id=\"application-managecontracts-display-component---AddNewContract--calendarInput-arrow\"]"}
COMMAND: POST /session/6942dd4aefa05acfe787f49b28130ab8/element/f.F18A487FCC2B115A863E771091ABB869.d.B1AD30AD9DB78D4FEFC2E39F379C47A2.e.10196/click - {}
RESULT: {}
COMMAND: GET /session/6942dd4aefa05acfe787f49b28130ab8/screenshot - {}
RESULT: {}
COMMAND: POST /session/6942dd4aefa05acfe787f49b28130ab8/execute/async - {"script":"<script> [1562 bytes]","args":[{"selector":{"controlType":"sap.m.StandardListItem","viewName":"etm.portal.ui.managecontracts.view.AddNewContract","viewId":"application-managecontracts-display-component---AddNewContract","properties":{"title":"1 - Calendar unit test patch"},"searchOpenDialogs":true,"interaction":{"idSuffix":"titleText"}},"wdio_ui5_key":"etmportal.ui.managecontracts.view.AddNewContractsap.m.StandardListItem{\"title\":\"1 - Calendar unit test patch\"}"}]}
RESULT: {"script":"<script> [1562 bytes]","args":[{"selector":{"controlType":"sap.m.StandardListItem","viewName":"etm.portal.ui.managecontracts.view.AddNewContract","viewId":"application-managecontracts-display-component---AddNewContract","properties":{"title":"1 - Calendar unit test patch"},"searchOpenDialogs":true,"interaction":{"idSuffix":"titleText"}},"wdio_ui5_key":"etmportal.ui.managecontracts.view.AddNewContractsap.m.StandardListItem{\"title\":\"1 - Calendar unit test patch\"}"}]}
RESULT: undefined
COMMAND: POST /session/6942dd4aefa05acfe787f49b28130ab8/element - {"using":"xpath","value":"//*[@id=\"__item584\"]"}
RESULT: {"using":"xpath","value":"//*[@id=\"__item584\"]"}
COMMAND: POST /session/6942dd4aefa05acfe787f49b28130ab8/element/f.F18A487FCC2B115A863E771091ABB869.d.B1AD30AD9DB78D4FEFC2E39F379C47A2.e.10198/click - {}
RESULT: {}
COMMAND: GET /session/6942dd4aefa05acfe787f49b28130ab8/screenshot - {}
RESULT: {}
COMMAND: POST /session/6942dd4aefa05acfe787f49b28130ab8/execute/async - {"script":"<script> [1562 bytes]","args":[{"selector":{"id":"application-managecontracts-display-component---AddNewContract--streetInput","interaction":{"idSuffix":"inner"}},"wdio_ui5_key":"applicationmanagecontracts-display-component---AddNewContract--streetInput"}]}
RESULT: {"script":"<script> [1562 bytes]","args":[{"selector":{"id":"application-managecontracts-display-component---AddNewContract--streetInput","interaction":{"idSuffix":"inner"}},"wdio_ui5_key":"applicationmanagecontracts-display-component---AddNewContract--streetInput"}]}
RESULT: undefined
COMMAND: POST /session/6942dd4aefa05acfe787f49b28130ab8/execute/async - {"script":"<script> [776 bytes]","args":[{"enterText":"StreetWdIO","selector":{"id":"application-managecontracts-display-component---AddNewContract--streetInput","interaction":{"idSuffix":"inner"}},"clearTextFirst":true,"interactionType":"ENTER_TEXT"}]}
RESULT: {"script":"<script> [776 bytes]","args":[{"enterText":"StreetWdIO","selector":{"id":"application-managecontracts-display-component---AddNewContract--streetInput","interaction":{"idSuffix":"inner"}},"clearTextFirst":true,"interactionType":"ENTER_TEXT"}]}
COMMAND: POST /session/6942dd4aefa05acfe787f49b28130ab8/execute/async - {"script":"<script> [1562 bytes]","args":[{"selector":{"id":"application-managecontracts-display-component---AddNewContract--numberInput","interaction":{"idSuffix":"inner"}},"wdio_ui5_key":"applicationmanagecontracts-display-component---AddNewContract--numberInput"}]}
RESULT: {"script":"<script> [1562 bytes]","args":[{"selector":{"id":"application-managecontracts-display-component---AddNewContract--numberInput","interaction":{"idSuffix":"inner"}},"wdio_ui5_key":"applicationmanagecontracts-display-component---AddNewContract--numberInput"}]}
RESULT: undefined
COMMAND: POST /session/6942dd4aefa05acfe787f49b28130ab8/execute/async - {"script":"<script> [776 bytes]","args":[{"enterText":"3","selector":{"id":"application-managecontracts-display-component---AddNewContract--numberInput","interaction":{"idSuffix":"inner"}},"clearTextFirst":true,"interactionType":"ENTER_TEXT"}]}
RESULT: {"script":"<script> [776 bytes]","args":[{"enterText":"3","selector":{"id":"application-managecontracts-display-component---AddNewContract--numberInput","interaction":{"idSuffix":"inner"}},"clearTextFirst":true,"interactionType":"ENTER_TEXT"}]}
COMMAND: POST /session/6942dd4aefa05acfe787f49b28130ab8/execute/async - {"script":"<script> [1562 bytes]","args":[{"selector":{"id":"application-managecontracts-display-component---AddNewContract--cityInput","interaction":{"idSuffix":"inner"}},"wdio_ui5_key":"applicationmanagecontracts-display-component---AddNewContract--cityInput"}]}
RESULT: {"script":"<script> [1562 bytes]","args":[{"selector":{"id":"application-managecontracts-display-component---AddNewContract--cityInput","interaction":{"idSuffix":"inner"}},"wdio_ui5_key":"applicationmanagecontracts-display-component---AddNewContract--cityInput"}]}
RESULT: undefined
COMMAND: POST /session/6942dd4aefa05acfe787f49b28130ab8/execute/async - {"script":"<script> [776 bytes]","args":[{"enterText":"Bucharest","selector":{"id":"application-managecontracts-display-component---AddNewContract--cityInput","interaction":{"idSuffix":"inner"}},"clearTextFirst":true,"interactionType":"ENTER_TEXT"}]}
RESULT: {"script":"<script> [776 bytes]","args":[{"enterText":"Bucharest","selector":{"id":"application-managecontracts-display-component---AddNewContract--cityInput","interaction":{"idSuffix":"inner"}},"clearTextFirst":true,"interactionType":"ENTER_TEXT"}]}
COMMAND: POST /session/6942dd4aefa05acfe787f49b28130ab8/execute/async - {"script":"<script> [1562 bytes]","args":[{"selector":{"id":"application-managecontracts-display-component---AddNewContract--zipInput","interaction":{"idSuffix":"inner"}},"wdio_ui5_key":"applicationmanagecontracts-display-component---AddNewContract--zipInput"}]}
RESULT: {"script":"<script> [1562 bytes]","args":[{"selector":{"id":"application-managecontracts-display-component---AddNewContract--zipInput","interaction":{"idSuffix":"inner"}},"wdio_ui5_key":"applicationmanagecontracts-display-component---AddNewContract--zipInput"}]}
RESULT: undefined
COMMAND: POST /session/6942dd4aefa05acfe787f49b28130ab8/execute/async - {"script":"<script> [776 bytes]","args":[{"enterText":"021210","selector":{"id":"application-managecontracts-display-component---AddNewContract--zipInput","interaction":{"idSuffix":"inner"}},"clearTextFirst":true,"interactionType":"ENTER_TEXT"}]}
RESULT: {"script":"<script> [776 bytes]","args":[{"enterText":"021210","selector":{"id":"application-managecontracts-display-component---AddNewContract--zipInput","interaction":{"idSuffix":"inner"}},"clearTextFirst":true,"interactionType":"ENTER_TEXT"}]}
COMMAND: POST /session/6942dd4aefa05acfe787f49b28130ab8/element - {"using":"xpath","value":"//bdi[contains(@id ,\"application-managecontracts-display-component---AddNewContract--saveBtn-BDI-content\")]"}
RESULT: {"using":"xpath","value":"//bdi[contains(@id ,\"application-managecontracts-display-component---AddNewContract--saveBtn-BDI-content\")]"}
COMMAND: POST /session/6942dd4aefa05acfe787f49b28130ab8/element/f.F18A487FCC2B115A863E771091ABB869.d.B1AD30AD9DB78D4FEFC2E39F379C47A2.e.10203/click - {}
RESULT: {}
COMMAND: GET /session/6942dd4aefa05acfe787f49b28130ab8/screenshot - {}
RESULT: {}
COMMAND: POST /session/6942dd4aefa05acfe787f49b28130ab8/element - {"using":"xpath","value":"//button[contains(@data-kt ,\"contractDetailEditBtnButton\")]"}
RESULT: {"using":"xpath","value":"//button[contains(@data-kt ,\"contractDetailEditBtnButton\")]"}
COMMAND: POST /session/6942dd4aefa05acfe787f49b28130ab8/execute/sync - {"script":"<script> [8489 bytes]","args":[{"element-6066-11e4-a52e-4f735466cecf":"f.F18A487FCC2B115A863E771091ABB869.d.B1AD30AD9DB78D4FEFC2E39F379C47A2.e.10261","ELEMENT":"f.F18A487FCC2B115A863E771091ABB869.d.B1AD30AD9DB78D4FEFC2E39F379C47A2.e.10261"}]}
RESULT: {"script":"<script> [8489 bytes]","args":[{"element-6066-11e4-a52e-4f735466cecf":"f.F18A487FCC2B115A863E771091ABB869.d.B1AD30AD9DB78D4FEFC2E39F379C47A2.e.10261","ELEMENT":"f.F18A487FCC2B115A863E771091ABB869.d.B1AD30AD9DB78D4FEFC2E39F379C47A2.e.10261"}]}
COMMAND: POST /session/6942dd4aefa05acfe787f49b28130ab8/execute/sync - {"script":"<script> [8489 bytes]","args":[{"element-6066-11e4-a52e-4f735466cecf":"f.F18A487FCC2B115A863E771091ABB869.d.B1AD30AD9DB78D4FEFC2E39F379C47A2.e.10261","ELEMENT":"f.F18A487FCC2B115A863E771091ABB869.d.B1AD30AD9DB78D4FEFC2E39F379C47A2.e.10261"}]}
COMMAND: GET /session/6942dd4aefa05acfe787f49b28130ab8/screenshot - {}
RESULT: {"script":"<script> [8489 bytes]","args":[{"element-6066-11e4-a52e-4f735466cecf":"f.F18A487FCC2B115A863E771091ABB869.d.B1AD30AD9DB78D4FEFC2E39F379C47A2.e.10261","ELEMENT":"f.F18A487FCC2B115A863E771091ABB869.d.B1AD30AD9DB78D4FEFC2E39F379C47A2.e.10261"}]}
COMMAND: POST /session/6942dd4aefa05acfe787f49b28130ab8/execute/sync - {"script":"<script> [5351 bytes]","args":[{"element-6066-11e4-a52e-4f735466cecf":"f.F18A487FCC2B115A863E771091ABB869.d.B1AD30AD9DB78D4FEFC2E39F379C47A2.e.10261","ELEMENT":"f.F18A487FCC2B115A863E771091ABB869.d.B1AD30AD9DB78D4FEFC2E39F379C47A2.e.10261"}]}
COMMAND: GET /session/6942dd4aefa05acfe787f49b28130ab8/screenshot - {}
RESULT: {}
RESULT: {"script":"<script> [5351 bytes]","args":[{"element-6066-11e4-a52e-4f735466cecf":"f.F18A487FCC2B115A863E771091ABB869.d.B1AD30AD9DB78D4FEFC2E39F379C47A2.e.10261","ELEMENT":"f.F18A487FCC2B115A863E771091ABB869.d.B1AD30AD9DB78D4FEFC2E39F379C47A2.e.10261"}]}
COMMAND: POST /session/6942dd4aefa05acfe787f49b28130ab8/execute/async - {"script":"<script> [1562 bytes]","args":[{"selector":{"controlType":"sap.m.Text","viewName":"etm.portal.ui.managecontracts.view.Detail","bindingPath":{"propertyPath":"LINK_TO_C_CONTRACT_TYPES/DESCRIPTION","modelName":"catalogModel"}},"wdio_ui5_key":"etmportal.ui.managecontracts.view.Detailsap.m.Text{\"propertyPath\":\"LINK_TO_C_CONTRACT_TYPES/DESCRIPTION\",\"modelName\":\"catalogModel\"}"}]}
COMMAND: GET /session/6942dd4aefa05acfe787f49b28130ab8/screenshot - {}
RESULT: {}
RESULT: {"script":"<script> [1562 bytes]","args":[{"selector":{"controlType":"sap.m.Text","viewName":"etm.portal.ui.managecontracts.view.Detail","bindingPath":{"propertyPath":"LINK_TO_C_CONTRACT_TYPES/DESCRIPTION","modelName":"catalogModel"}},"wdio_ui5_key":"etmportal.ui.managecontracts.view.Detailsap.m.Text{\"propertyPath\":\"LINK_TO_C_CONTRACT_TYPES/DESCRIPTION\",\"modelName\":\"catalogModel\"}"}]}
RESULT: undefined
COMMAND: POST /session/6942dd4aefa05acfe787f49b28130ab8/execute/async - {"script":"<script> [6424 bytes]","args":[{"element-6066-11e4-a52e-4f735466cecf":"f.F18A487FCC2B115A863E771091ABB869.d.B1AD30AD9DB78D4FEFC2E39F379C47A2.e.10263"},"getText",[]]}
RESULT: {}
RESULT: {"script":"<script> [6424 bytes]","args":[{"element-6066-11e4-a52e-4f735466cecf":"f.F18A487FCC2B115A863E771091ABB869.d.B1AD30AD9DB78D4FEFC2E39F379C47A2.e.10263"},"getText",[]]}
COMMAND: POST /session/6942dd4aefa05acfe787f49b28130ab8/element/f.F18A487FCC2B115A863E771091ABB869.d.B1AD30AD9DB78D4FEFC2E39F379C47A2.e.10261/click - {}
RESULT: {}
COMMAND: GET /session/6942dd4aefa05acfe787f49b28130ab8/screenshot - {}
RESULT: {}
]]></system-out>
    </testcase>
    <testcase classname="chrome.136_0_7103_93.windows.Reduced_contract_US151275" name="Should add a RU to the contract" time="50.438">
      <system-out><![CDATA[
COMMAND: POST /session/6942dd4aefa05acfe787f49b28130ab8/element - {"using":"xpath","value":"(//span[contains(text(), \"Header Billing Items\")])[2]"}
RESULT: {"using":"xpath","value":"(//span[contains(text(), \"Header Billing Items\")])[2]"}
COMMAND: POST /session/6942dd4aefa05acfe787f49b28130ab8/element/f.F18A487FCC2B115A863E771091ABB869.d.B1AD30AD9DB78D4FEFC2E39F379C47A2.e.10307/click - {}
RESULT: {}
COMMAND: GET /session/6942dd4aefa05acfe787f49b28130ab8/screenshot - {}
RESULT: {}
COMMAND: POST /session/6942dd4aefa05acfe787f49b28130ab8/element - {"using":"xpath","value":"//button[@data-kt=\"btnAddTableRowOverflowToolbarButton\"]"}
RESULT: {"using":"xpath","value":"//button[@data-kt=\"btnAddTableRowOverflowToolbarButton\"]"}
COMMAND: POST /session/6942dd4aefa05acfe787f49b28130ab8/element/f.F18A487FCC2B115A863E771091ABB869.d.B1AD30AD9DB78D4FEFC2E39F379C47A2.e.10310/click - {}
RESULT: {}
COMMAND: GET /session/6942dd4aefa05acfe787f49b28130ab8/screenshot - {}
RESULT: {}
COMMAND: POST /session/6942dd4aefa05acfe787f49b28130ab8/element - {"using":"xpath","value":"//div[(text() = 'Standard Entry' or . = 'Standard Entry')]"}
RESULT: {"using":"xpath","value":"//div[(text() = 'Standard Entry' or . = 'Standard Entry')]"}
COMMAND: POST /session/6942dd4aefa05acfe787f49b28130ab8/element/f.F18A487FCC2B115A863E771091ABB869.d.B1AD30AD9DB78D4FEFC2E39F379C47A2.e.10312/click - {}
RESULT: {}
COMMAND: POST /session/6942dd4aefa05acfe787f49b28130ab8/element - {"using":"xpath","value":"//td[6]/div/div/input[1]"}
COMMAND: GET /session/6942dd4aefa05acfe787f49b28130ab8/screenshot - {}
RESULT: {"using":"xpath","value":"//td[6]/div/div/input[1]"}
COMMAND: POST /session/6942dd4aefa05acfe787f49b28130ab8/element/f.F18A487FCC2B115A863E771091ABB869.d.B1AD30AD9DB78D4FEFC2E39F379C47A2.e.10314/click - {}
RESULT: {}
RESULT: {}
COMMAND: POST /session/6942dd4aefa05acfe787f49b28130ab8/actions - {"actions":[{"id":"action60","type":"key","parameters":{},"actions":[{"type":"keyDown","value":""},{"type":"pause","duration":10},{"type":"keyUp","value":""}]}]}
COMMAND: GET /session/6942dd4aefa05acfe787f49b28130ab8/screenshot - {}
RESULT: {"actions":[{"id":"action60","type":"key","parameters":{},"actions":[{"type":"keyDown","value":""},{"type":"pause","duration":10},{"type":"keyUp","value":""}]}]}
COMMAND: POST /session/6942dd4aefa05acfe787f49b28130ab8/element - {"using":"xpath","value":"//td[6]/div/div/input[1]"}
COMMAND: GET /session/6942dd4aefa05acfe787f49b28130ab8/screenshot - {}
RESULT: {}
RESULT: {"using":"xpath","value":"//td[6]/div/div/input[1]"}
COMMAND: POST /session/6942dd4aefa05acfe787f49b28130ab8/element/f.F18A487FCC2B115A863E771091ABB869.d.B1AD30AD9DB78D4FEFC2E39F379C47A2.e.10314/clear - {}
RESULT: {}
RESULT: {}
COMMAND: POST /session/6942dd4aefa05acfe787f49b28130ab8/element/f.F18A487FCC2B115A863E771091ABB869.d.B1AD30AD9DB78D4FEFC2E39F379C47A2.e.10314/value - {"text":"Material"}
COMMAND: GET /session/6942dd4aefa05acfe787f49b28130ab8/screenshot - {}
RESULT: {"text":"Material"}
COMMAND: GET /session/6942dd4aefa05acfe787f49b28130ab8/screenshot - {}
RESULT: {}
RESULT: {}
COMMAND: POST /session/6942dd4aefa05acfe787f49b28130ab8/actions - {"actions":[{"id":"action61","type":"key","parameters":{},"actions":[{"type":"keyDown","value":""},{"type":"pause","duration":10},{"type":"keyUp","value":""}]}]}
RESULT: {"actions":[{"id":"action61","type":"key","parameters":{},"actions":[{"type":"keyDown","value":""},{"type":"pause","duration":10},{"type":"keyUp","value":""}]}]}
COMMAND: GET /session/6942dd4aefa05acfe787f49b28130ab8/screenshot - {}
COMMAND: POST /session/6942dd4aefa05acfe787f49b28130ab8/actions - {"actions":[{"id":"action62","type":"key","parameters":{},"actions":[{"type":"keyDown","value":""},{"type":"pause","duration":10},{"type":"keyUp","value":""}]}]}
RESULT: {}
RESULT: {"actions":[{"id":"action62","type":"key","parameters":{},"actions":[{"type":"keyDown","value":""},{"type":"pause","duration":10},{"type":"keyUp","value":""}]}]}
COMMAND: POST /session/6942dd4aefa05acfe787f49b28130ab8/element - {"using":"xpath","value":"//td[7]/div/div/input"}
COMMAND: GET /session/6942dd4aefa05acfe787f49b28130ab8/screenshot - {}
RESULT: {"using":"xpath","value":"//td[7]/div/div/input"}
COMMAND: POST /session/6942dd4aefa05acfe787f49b28130ab8/element/f.F18A487FCC2B115A863E771091ABB869.d.B1AD30AD9DB78D4FEFC2E39F379C47A2.e.10327/clear - {}
RESULT: {}
RESULT: {}
COMMAND: POST /session/6942dd4aefa05acfe787f49b28130ab8/element/f.F18A487FCC2B115A863E771091ABB869.d.B1AD30AD9DB78D4FEFC2E39F379C47A2.e.10327/value - {"text":"WebdriverRUR2C"}
COMMAND: GET /session/6942dd4aefa05acfe787f49b28130ab8/screenshot - {}
RESULT: {"text":"WebdriverRUR2C"}
COMMAND: GET /session/6942dd4aefa05acfe787f49b28130ab8/screenshot - {}
RESULT: {}
RESULT: {}
COMMAND: POST /session/6942dd4aefa05acfe787f49b28130ab8/actions - {"actions":[{"id":"action63","type":"key","parameters":{},"actions":[{"type":"keyDown","value":""},{"type":"pause","duration":10},{"type":"keyUp","value":""}]}]}
RESULT: {"actions":[{"id":"action63","type":"key","parameters":{},"actions":[{"type":"keyDown","value":""},{"type":"pause","duration":10},{"type":"keyUp","value":""}]}]}
COMMAND: GET /session/6942dd4aefa05acfe787f49b28130ab8/screenshot - {}
RESULT: {}
COMMAND: POST /session/6942dd4aefa05acfe787f49b28130ab8/actions - {"actions":[{"id":"action64","type":"key","parameters":{},"actions":[{"type":"keyDown","value":""},{"type":"pause","duration":10},{"type":"keyUp","value":""}]}]}
RESULT: {"actions":[{"id":"action64","type":"key","parameters":{},"actions":[{"type":"keyDown","value":""},{"type":"pause","duration":10},{"type":"keyUp","value":""}]}]}
COMMAND: GET /session/6942dd4aefa05acfe787f49b28130ab8/screenshot - {}
RESULT: {}
COMMAND: POST /session/6942dd4aefa05acfe787f49b28130ab8/element - {"using":"xpath","value":"(//button[@data-kt=\"saveButton\"])[2]"}
RESULT: {"using":"xpath","value":"(//button[@data-kt=\"saveButton\"])[2]"}
COMMAND: POST /session/6942dd4aefa05acfe787f49b28130ab8/element/f.F18A487FCC2B115A863E771091ABB869.d.B1AD30AD9DB78D4FEFC2E39F379C47A2.e.10352/click - {}
RESULT: {}
COMMAND: GET /session/6942dd4aefa05acfe787f49b28130ab8/screenshot - {}
RESULT: {}
COMMAND: POST /session/6942dd4aefa05acfe787f49b28130ab8/element - {"using":"xpath","value":"//button[contains(@data-kt ,\"contractDetailEditBtnButton\")]"}
RESULT: {"using":"xpath","value":"//button[contains(@data-kt ,\"contractDetailEditBtnButton\")]"}
COMMAND: POST /session/6942dd4aefa05acfe787f49b28130ab8/execute/sync - {"script":"<script> [8489 bytes]","args":[{"element-6066-11e4-a52e-4f735466cecf":"f.F18A487FCC2B115A863E771091ABB869.d.B1AD30AD9DB78D4FEFC2E39F379C47A2.e.10261","ELEMENT":"f.F18A487FCC2B115A863E771091ABB869.d.B1AD30AD9DB78D4FEFC2E39F379C47A2.e.10261"}]}
RESULT: {"script":"<script> [8489 bytes]","args":[{"element-6066-11e4-a52e-4f735466cecf":"f.F18A487FCC2B115A863E771091ABB869.d.B1AD30AD9DB78D4FEFC2E39F379C47A2.e.10261","ELEMENT":"f.F18A487FCC2B115A863E771091ABB869.d.B1AD30AD9DB78D4FEFC2E39F379C47A2.e.10261"}]}
COMMAND: POST /session/6942dd4aefa05acfe787f49b28130ab8/execute/sync - {"script":"<script> [8489 bytes]","args":[{"element-6066-11e4-a52e-4f735466cecf":"f.F18A487FCC2B115A863E771091ABB869.d.B1AD30AD9DB78D4FEFC2E39F379C47A2.e.10261","ELEMENT":"f.F18A487FCC2B115A863E771091ABB869.d.B1AD30AD9DB78D4FEFC2E39F379C47A2.e.10261"}]}
COMMAND: GET /session/6942dd4aefa05acfe787f49b28130ab8/screenshot - {}
RESULT: {"script":"<script> [8489 bytes]","args":[{"element-6066-11e4-a52e-4f735466cecf":"f.F18A487FCC2B115A863E771091ABB869.d.B1AD30AD9DB78D4FEFC2E39F379C47A2.e.10261","ELEMENT":"f.F18A487FCC2B115A863E771091ABB869.d.B1AD30AD9DB78D4FEFC2E39F379C47A2.e.10261"}]}
COMMAND: POST /session/6942dd4aefa05acfe787f49b28130ab8/execute/sync - {"script":"<script> [5351 bytes]","args":[{"element-6066-11e4-a52e-4f735466cecf":"f.F18A487FCC2B115A863E771091ABB869.d.B1AD30AD9DB78D4FEFC2E39F379C47A2.e.10261","ELEMENT":"f.F18A487FCC2B115A863E771091ABB869.d.B1AD30AD9DB78D4FEFC2E39F379C47A2.e.10261"}]}
COMMAND: GET /session/6942dd4aefa05acfe787f49b28130ab8/screenshot - {}
RESULT: {}
RESULT: {"script":"<script> [5351 bytes]","args":[{"element-6066-11e4-a52e-4f735466cecf":"f.F18A487FCC2B115A863E771091ABB869.d.B1AD30AD9DB78D4FEFC2E39F379C47A2.e.10261","ELEMENT":"f.F18A487FCC2B115A863E771091ABB869.d.B1AD30AD9DB78D4FEFC2E39F379C47A2.e.10261"}]}
COMMAND: POST /session/6942dd4aefa05acfe787f49b28130ab8/element - {"using":"xpath","value":"(//span[contains(text(), \"Header Billing Items\")])[1]"}
COMMAND: GET /session/6942dd4aefa05acfe787f49b28130ab8/screenshot - {}
RESULT: {}
RESULT: {"using":"xpath","value":"(//span[contains(text(), \"Header Billing Items\")])[1]"}
COMMAND: POST /session/6942dd4aefa05acfe787f49b28130ab8/element/f.F18A487FCC2B115A863E771091ABB869.d.B1AD30AD9DB78D4FEFC2E39F379C47A2.e.10355/click - {}
RESULT: {}
RESULT: {}
COMMAND: GET /session/6942dd4aefa05acfe787f49b28130ab8/screenshot - {}
RESULT: {}
COMMAND: POST /session/6942dd4aefa05acfe787f49b28130ab8/execute/async - {"script":"<script> [1562 bytes]","args":[{"selector":{"controlType":"sap.m.Title","viewName":"etm.portal.ui.managecontracts.view.Detail","properties":{"text":"Contract Items (1)"}},"wdio_ui5_key":"etmportal.ui.managecontracts.view.Detailsap.m.Title{\"text\":\"Contract Items (1)\"}"}]}
RESULT: {"script":"<script> [1562 bytes]","args":[{"selector":{"controlType":"sap.m.Title","viewName":"etm.portal.ui.managecontracts.view.Detail","properties":{"text":"Contract Items (1)"}},"wdio_ui5_key":"etmportal.ui.managecontracts.view.Detailsap.m.Title{\"text\":\"Contract Items (1)\"}"}]}
RESULT: undefined
COMMAND: POST /session/6942dd4aefa05acfe787f49b28130ab8/execute/async - {"script":"<script> [6424 bytes]","args":[{"element-6066-11e4-a52e-4f735466cecf":"f.F18A487FCC2B115A863E771091ABB869.d.B1AD30AD9DB78D4FEFC2E39F379C47A2.e.10357"},"getText",[]]}
RESULT: {"script":"<script> [6424 bytes]","args":[{"element-6066-11e4-a52e-4f735466cecf":"f.F18A487FCC2B115A863E771091ABB869.d.B1AD30AD9DB78D4FEFC2E39F379C47A2.e.10357"},"getText",[]]}
COMMAND: POST /session/6942dd4aefa05acfe787f49b28130ab8/element - {"using":"xpath","value":"(//span[contains(@class ,\"sapMObjStatusText\")])[1]"}
RESULT: {"using":"xpath","value":"(//span[contains(@class ,\"sapMObjStatusText\")])[1]"}
COMMAND: GET /session/6942dd4aefa05acfe787f49b28130ab8/element/f.F18A487FCC2B115A863E771091ABB869.d.B1AD30AD9DB78D4FEFC2E39F379C47A2.e.10358/text - {}
RESULT: {}
COMMAND: POST /session/6942dd4aefa05acfe787f49b28130ab8/refresh - {}
RESULT: {}
COMMAND: GET /session/6942dd4aefa05acfe787f49b28130ab8/screenshot - {}
RESULT: {}
COMMAND: POST /session/6942dd4aefa05acfe787f49b28130ab8/execute/async - {"script":"<script> [189 bytes]","args":[]}
RESULT: {"script":"<script> [189 bytes]","args":[]}
COMMAND: POST /session/6942dd4aefa05acfe787f49b28130ab8/execute/async - {"script":"<script> [123 bytes]","args":[]}
RESULT: {"script":"<script> [123 bytes]","args":[]}
COMMAND: POST /session/6942dd4aefa05acfe787f49b28130ab8/timeouts - {"script":"<number>"}
RESULT: {"script":"<number>"}
COMMAND: GET /session/6942dd4aefa05acfe787f49b28130ab8/timeouts - {}
RESULT: {}
RESULT: undefined
COMMAND: POST /session/6942dd4aefa05acfe787f49b28130ab8/execute/async - {"script":"<script> [2676 bytes]","args":[]}
RESULT: {"script":"<script> [2676 bytes]","args":[]}
COMMAND: POST /session/6942dd4aefa05acfe787f49b28130ab8/execute/async - {"script":"<script> [2342 bytes]","args":[{"protocol":"http","hostname":"0.0.0.0","path":"/","capabilities":{"browserName":"chrome","goog:chromeOptions":{"binary":"C:\\Program Files\\Google\\Chrome\\Application\\chrome.exe","args":["--start-maximized"]}},"logLevel":"warn","connectionRetryTimeout":120000,"connectionRetryCount":3,"logLevels":{},"enableDirectConnect":true,"strictSSL":true,"_":"65 more keys: [\"cacheDir\",\"port\",\"requestedCapabilities\",\"automationProtocol\",\"baseUrl\",\"waitforInterval\",\"waitforTimeout\",\"onReload\",\"beforeCommand\",\"afterCommand\",\"rootDir\",\"specs\",\"suites\",\"exclude\",\"groupLogsByTestSpec\",\"excludeDriverLogs\",\"bail\",\"framework\",\"reporters\",\"services\",\"maxInstances\",\"maxInstancesPerCapability\",\"injectGlobals\",\"filesToWatch\",\"execArgv\",\"runnerEnv\",\"runner\",\"shard\",\"specFileRetries\",\"specFileRetriesDelay\",\"specFileRetriesDeferred\",\"reporterSyncInterval\",\"reporterSyncTimeout\",\"cucumberFeaturesWithLineNumbers\",\"autoCompileOpts\",\"mochaOpts\",\"jasmineOpts\",\"cucumberOpts\",\"onPrepare\",\"onWorkerStart\",\"onWorkerEnd\",\"before\",\"beforeSession\",\"beforeSuite\",\"beforeHook\",\"beforeTest\",\"afterTest\",\"afterHook\",\"afterSuite\",\"afterSession\",\"after\",\"onComplete\",\"beforeAssertion\",\"afterAssertion\",\"beforeFeature\",\"beforeScenario\",\"beforeStep\",\"afterStep\",\"afterScenario\",\"afterFeature\",\"_\",\"suite\",\"$0\",\"ignoredWorkerServices\",\"wdi5\"]"}]}
RESULT: {"script":"<script> [2342 bytes]","args":[{"protocol":"http","hostname":"0.0.0.0","path":"/","capabilities":{"browserName":"chrome","goog:chromeOptions":{"binary":"C:\\Program Files\\Google\\Chrome\\Application\\chrome.exe","args":["--start-maximized"]}},"logLevel":"warn","connectionRetryTimeout":120000,"connectionRetryCount":3,"logLevels":{},"enableDirectConnect":true,"strictSSL":true,"_":"65 more keys: [\"cacheDir\",\"port\",\"requestedCapabilities\",\"automationProtocol\",\"baseUrl\",\"waitforInterval\",\"waitforTimeout\",\"onReload\",\"beforeCommand\",\"afterCommand\",\"rootDir\",\"specs\",\"suites\",\"exclude\",\"groupLogsByTestSpec\",\"excludeDriverLogs\",\"bail\",\"framework\",\"reporters\",\"services\",\"maxInstances\",\"maxInstancesPerCapability\",\"injectGlobals\",\"filesToWatch\",\"execArgv\",\"runnerEnv\",\"runner\",\"shard\",\"specFileRetries\",\"specFileRetriesDelay\",\"specFileRetriesDeferred\",\"reporterSyncInterval\",\"reporterSyncTimeout\",\"cucumberFeaturesWithLineNumbers\",\"autoCompileOpts\",\"mochaOpts\",\"jasmineOpts\",\"cucumberOpts\",\"onPrepare\",\"onWorkerStart\",\"onWorkerEnd\",\"before\",\"beforeSession\",\"beforeSuite\",\"beforeHook\",\"beforeTest\",\"afterTest\",\"afterHook\",\"afterSuite\",\"afterSession\",\"after\",\"onComplete\",\"beforeAssertion\",\"afterAssertion\",\"beforeFeature\",\"beforeScenario\",\"beforeStep\",\"afterStep\",\"afterScenario\",\"afterFeature\",\"_\",\"suite\",\"$0\",\"ignoredWorkerServices\",\"wdi5\"]"}]}
COMMAND: POST /session/6942dd4aefa05acfe787f49b28130ab8/execute/async - {"script":"<script> [21126 bytes]","args":[35000]}
RESULT: {"script":"<script> [21126 bytes]","args":[35000]}
COMMAND: POST /session/6942dd4aefa05acfe787f49b28130ab8/element - {"using":"css selector","value":"#shell-header-logo"}
RESULT: {"using":"css selector","value":"#shell-header-logo"}
COMMAND: POST /session/6942dd4aefa05acfe787f49b28130ab8/element/f.F18A487FCC2B115A863E771091ABB869.d.10766ACA3E46525CC2D43896533B2621.e.10365/click - {}
RESULT: {}
COMMAND: GET /session/6942dd4aefa05acfe787f49b28130ab8/screenshot - {}
RESULT: {}
]]></system-out>
    </testcase>
  </testsuite>
  <testsuite timestamp="2025-05-27T18:25:43" time="1458.267" tests="7" failures="0" errors="0" skipped="0">
    <properties>
      <property name="specId" value="0"/>
      <property name="suiteName" value="E2E - Logistical and commercial statuses"/>
      <property name="capabilities" value="chrome.136_0_7103_93.windows"/>
      <property name="file" value="file:///D:/a/1/s/test/specs/R2C/E2E-Logistical-and-commercial-status.spec.js"/>
    </properties>
    <testcase classname="chrome.136_0_7103_93.windows.E2E_-_Logistical_and_commercial_statuses" name="Should create prerequisites yard partner and site" time="337.153">
      <system-out><![CDATA[
COMMAND: POST /session/6942dd4aefa05acfe787f49b28130ab8/execute/async - {"script":"<script> [1562 bytes]","args":[{"selector":{"controlType":"sap.m.GenericTile","properties":{"header":"Manage Yards"}},"wdio_ui5_key":"sapm.GenericTile{\"header\":\"Manage Yards\"}"}]}
RESULT: {"script":"<script> [1562 bytes]","args":[{"selector":{"controlType":"sap.m.GenericTile","properties":{"header":"Manage Yards"}},"wdio_ui5_key":"sapm.GenericTile{\"header\":\"Manage Yards\"}"}]}
RESULT: undefined
COMMAND: POST /session/6942dd4aefa05acfe787f49b28130ab8/element - {"using":"xpath","value":"//*[@id=\"__tile41\"]"}
RESULT: {"using":"xpath","value":"//*[@id=\"__tile41\"]"}
COMMAND: POST /session/6942dd4aefa05acfe787f49b28130ab8/element/f.F18A487FCC2B115A863E771091ABB869.d.10766ACA3E46525CC2D43896533B2621.e.10538/click - {}
RESULT: {}
COMMAND: GET /session/6942dd4aefa05acfe787f49b28130ab8/screenshot - {}
RESULT: {}
COMMAND: POST /session/6942dd4aefa05acfe787f49b28130ab8/elements - {"using":"xpath","value":"//span[text()='Error']"}
RESULT: {"using":"xpath","value":"//span[text()='Error']"}
COMMAND: POST /session/6942dd4aefa05acfe787f49b28130ab8/execute/async - {"script":"<script> [1562 bytes]","args":[{"selector":{"controlType":"sap.ui.core.Icon","viewName":"etm.portal.ui.manageyards.view.Master","viewId":"application-manageyards-display-component---masterYard","properties":{"src":{"regex":{"source":"add"}}}},"wdio_ui5_key":"etmportal.ui.manageyards.view.Mastersap.ui.core.Icon{\"src\":{\"regex\":{\"source\":\"add\"}}}"}]}
RESULT: {"script":"<script> [1562 bytes]","args":[{"selector":{"controlType":"sap.ui.core.Icon","viewName":"etm.portal.ui.manageyards.view.Master","viewId":"application-manageyards-display-component---masterYard","properties":{"src":{"regex":{"source":"add"}}}},"wdio_ui5_key":"etmportal.ui.manageyards.view.Mastersap.ui.core.Icon{\"src\":{\"regex\":{\"source\":\"add\"}}}"}]}
RESULT: undefined
COMMAND: POST /session/6942dd4aefa05acfe787f49b28130ab8/element - {"using":"xpath","value":"//*[@id=\"__button14-img\"]"}
RESULT: {"using":"xpath","value":"//*[@id=\"__button14-img\"]"}
COMMAND: POST /session/6942dd4aefa05acfe787f49b28130ab8/element/f.F18A487FCC2B115A863E771091ABB869.d.10766ACA3E46525CC2D43896533B2621.e.10582/click - {}
RESULT: {}
COMMAND: GET /session/6942dd4aefa05acfe787f49b28130ab8/screenshot - {}
RESULT: {}
COMMAND: POST /session/6942dd4aefa05acfe787f49b28130ab8/execute/async - {"script":"<script> [1562 bytes]","args":[{"selector":{"id":"application-manageyards-display-component---NewYard--yardId","interaction":{"idSuffix":"inner"}},"wdio_ui5_key":"applicationmanageyards-display-component---NewYard--yardId"}]}
RESULT: {"script":"<script> [1562 bytes]","args":[{"selector":{"id":"application-manageyards-display-component---NewYard--yardId","interaction":{"idSuffix":"inner"}},"wdio_ui5_key":"applicationmanageyards-display-component---NewYard--yardId"}]}
RESULT: undefined
COMMAND: POST /session/6942dd4aefa05acfe787f49b28130ab8/element - {"using":"xpath","value":"//*[@id=\"application-manageyards-display-component---NewYard--addressDetailDetailsName1-inner\"]"}
RESULT: {"using":"xpath","value":"//*[@id=\"application-manageyards-display-component---NewYard--addressDetailDetailsName1-inner\"]"}
COMMAND: POST /session/6942dd4aefa05acfe787f49b28130ab8/element/f.F18A487FCC2B115A863E771091ABB869.d.10766ACA3E46525CC2D43896533B2621.e.10833/clear - {}
RESULT: {}
COMMAND: POST /session/6942dd4aefa05acfe787f49b28130ab8/element/f.F18A487FCC2B115A863E771091ABB869.d.10766ACA3E46525CC2D43896533B2621.e.10833/value - {"text":"WebdriverYardxfixp"}
COMMAND: GET /session/6942dd4aefa05acfe787f49b28130ab8/screenshot - {}
RESULT: {"text":"WebdriverYardxfixp"}
COMMAND: POST /session/6942dd4aefa05acfe787f49b28130ab8/element - {"using":"xpath","value":"//*[@id=\"application-manageyards-display-component---NewYard--addressDetailDetailsLanguage-inner\"]"}
COMMAND: GET /session/6942dd4aefa05acfe787f49b28130ab8/screenshot - {}
RESULT: {}
RESULT: {"using":"xpath","value":"//*[@id=\"application-manageyards-display-component---NewYard--addressDetailDetailsLanguage-inner\"]"}
COMMAND: POST /session/6942dd4aefa05acfe787f49b28130ab8/element/f.F18A487FCC2B115A863E771091ABB869.d.10766ACA3E46525CC2D43896533B2621.e.10834/clear - {}
RESULT: {}
RESULT: {}
COMMAND: POST /session/6942dd4aefa05acfe787f49b28130ab8/element/f.F18A487FCC2B115A863E771091ABB869.d.10766ACA3E46525CC2D43896533B2621.e.10834/value - {"text":"Romanian"}
COMMAND: GET /session/6942dd4aefa05acfe787f49b28130ab8/screenshot - {}
RESULT: {"text":"Romanian"}
COMMAND: POST /session/6942dd4aefa05acfe787f49b28130ab8/element - {"using":"xpath","value":"//input[contains(@id ,\"application-manageyards-display-component---NewYard--addressDetailDetailsName1-inner\")]"}
COMMAND: GET /session/6942dd4aefa05acfe787f49b28130ab8/screenshot - {}
RESULT: {}
RESULT: {"using":"xpath","value":"//input[contains(@id ,\"application-manageyards-display-component---NewYard--addressDetailDetailsName1-inner\")]"}
COMMAND: GET /session/6942dd4aefa05acfe787f49b28130ab8/element/f.F18A487FCC2B115A863E771091ABB869.d.10766ACA3E46525CC2D43896533B2621.e.10833/property/value - {}
RESULT: {}
RESULT: {}
COMMAND: GET /session/6942dd4aefa05acfe787f49b28130ab8/screenshot - {}
RESULT: {}
COMMAND: POST /session/6942dd4aefa05acfe787f49b28130ab8/element - {"using":"xpath","value":"//*[@id=\"application-manageyards-display-component---NewYard--addressDetailDetailsCity1-inner\"]"}
RESULT: {"using":"xpath","value":"//*[@id=\"application-manageyards-display-component---NewYard--addressDetailDetailsCity1-inner\"]"}
COMMAND: POST /session/6942dd4aefa05acfe787f49b28130ab8/element/f.F18A487FCC2B115A863E771091ABB869.d.10766ACA3E46525CC2D43896533B2621.e.10836/clear - {}
RESULT: {}
COMMAND: POST /session/6942dd4aefa05acfe787f49b28130ab8/element/f.F18A487FCC2B115A863E771091ABB869.d.10766ACA3E46525CC2D43896533B2621.e.10836/value - {"text":"Bucuresti"}
COMMAND: GET /session/6942dd4aefa05acfe787f49b28130ab8/screenshot - {}
RESULT: {"text":"Bucuresti"}
COMMAND: GET /session/6942dd4aefa05acfe787f49b28130ab8/screenshot - {}
RESULT: {}
COMMAND: POST /session/6942dd4aefa05acfe787f49b28130ab8/element - {"using":"xpath","value":"//*[@id=\"application-manageyards-display-component---NewYard--addressDetailDetailsCountry-inner\"]"}
RESULT: {}
RESULT: {"using":"xpath","value":"//*[@id=\"application-manageyards-display-component---NewYard--addressDetailDetailsCountry-inner\"]"}
COMMAND: POST /session/6942dd4aefa05acfe787f49b28130ab8/element/f.F18A487FCC2B115A863E771091ABB869.d.10766ACA3E46525CC2D43896533B2621.e.10840/clear - {}
RESULT: {}
COMMAND: POST /session/6942dd4aefa05acfe787f49b28130ab8/element/f.F18A487FCC2B115A863E771091ABB869.d.10766ACA3E46525CC2D43896533B2621.e.10840/value - {"text":"Romania"}
COMMAND: GET /session/6942dd4aefa05acfe787f49b28130ab8/screenshot - {}
RESULT: {"text":"Romania"}
COMMAND: GET /session/6942dd4aefa05acfe787f49b28130ab8/screenshot - {}
RESULT: {}
COMMAND: POST /session/6942dd4aefa05acfe787f49b28130ab8/element - {"using":"xpath","value":"//div[contains(text(), \"Commercial\")]"}
RESULT: {}
RESULT: {"using":"xpath","value":"//div[contains(text(), \"Commercial\")]"}
COMMAND: GET /session/6942dd4aefa05acfe787f49b28130ab8/element/f.F18A487FCC2B115A863E771091ABB869.d.10766ACA3E46525CC2D43896533B2621.e.11008/rect - {}
RESULT: {}
COMMAND: GET /session/6942dd4aefa05acfe787f49b28130ab8/window/rect - {}
RESULT: {}
COMMAND: POST /session/6942dd4aefa05acfe787f49b28130ab8/execute/sync - {"script":"<script> [92 bytes]","args":[]}
RESULT: {"script":"<script> [92 bytes]","args":[]}
COMMAND: POST /session/6942dd4aefa05acfe787f49b28130ab8/actions - {"actions":[{"id":"action65","type":"wheel","parameters":{},"actions":[{"type":"scroll","x":-1841,"y":-44,"deltaX":0,"deltaY":0,"duration":0,"origin":{"element-6066-11e4-a52e-4f735466cecf":"f.F18A487FCC2B115A863E771091ABB869.d.10766ACA3E46525CC2D43896533B2621.e.11008"}}]}]}
COMMAND: GET /session/6942dd4aefa05acfe787f49b28130ab8/screenshot - {}
RESULT: {}
COMMAND: POST /session/6942dd4aefa05acfe787f49b28130ab8/execute/sync - {"script":"<script> [79 bytes]","args":[{"element-6066-11e4-a52e-4f735466cecf":"f.F18A487FCC2B115A863E771091ABB869.d.10766ACA3E46525CC2D43896533B2621.e.11008","ELEMENT":"f.F18A487FCC2B115A863E771091ABB869.d.10766ACA3E46525CC2D43896533B2621.e.11008"},{"block":"start","inline":"nearest"}]}
RESULT: {"script":"<script> [79 bytes]","args":[{"element-6066-11e4-a52e-4f735466cecf":"f.F18A487FCC2B115A863E771091ABB869.d.10766ACA3E46525CC2D43896533B2621.e.11008","ELEMENT":"f.F18A487FCC2B115A863E771091ABB869.d.10766ACA3E46525CC2D43896533B2621.e.11008"},{"block":"start","inline":"nearest"}]}
COMMAND: GET /session/6942dd4aefa05acfe787f49b28130ab8/screenshot - {}
RESULT: {}
COMMAND: POST /session/6942dd4aefa05acfe787f49b28130ab8/execute/async - {"script":"<script> [1562 bytes]","args":[{"selector":{"id":"application-manageyards-display-component---NewYard--addressEditDetailsCostObjectCstType-arrow"},"wdio_ui5_key":"applicationmanageyards-display-component---NewYard--addressEditDetailsCostObjectCstType-arrow"}]}
RESULT: {"script":"<script> [1562 bytes]","args":[{"selector":{"id":"application-manageyards-display-component---NewYard--addressEditDetailsCostObjectCstType-arrow"},"wdio_ui5_key":"applicationmanageyards-display-component---NewYard--addressEditDetailsCostObjectCstType-arrow"}]}
RESULT: undefined
COMMAND: POST /session/6942dd4aefa05acfe787f49b28130ab8/element - {"using":"xpath","value":"//*[@id=\"application-manageyards-display-component---NewYard--addressEditDetailsCostObjectCstType-arrow\"]"}
RESULT: {"using":"xpath","value":"//*[@id=\"application-manageyards-display-component---NewYard--addressEditDetailsCostObjectCstType-arrow\"]"}
COMMAND: POST /session/6942dd4aefa05acfe787f49b28130ab8/element/f.F18A487FCC2B115A863E771091ABB869.d.10766ACA3E46525CC2D43896533B2621.e.11016/click - {}
RESULT: {}
COMMAND: POST /session/6942dd4aefa05acfe787f49b28130ab8/element - {"using":"xpath","value":"//span[contains(text(), \"Cost Center\")]"}
COMMAND: GET /session/6942dd4aefa05acfe787f49b28130ab8/screenshot - {}
RESULT: {"using":"xpath","value":"//span[contains(text(), \"Cost Center\")]"}
COMMAND: POST /session/6942dd4aefa05acfe787f49b28130ab8/element/f.F18A487FCC2B115A863E771091ABB869.d.10766ACA3E46525CC2D43896533B2621.e.11017/click - {}
RESULT: {}
RESULT: {}
COMMAND: GET /session/6942dd4aefa05acfe787f49b28130ab8/screenshot - {}
RESULT: {}
COMMAND: POST /session/6942dd4aefa05acfe787f49b28130ab8/execute/async - {"script":"<script> [1562 bytes]","args":[{"selector":{"id":"application-manageyards-display-component---NewYard--addressNewCostObjectCstID-vhi"},"wdio_ui5_key":"applicationmanageyards-display-component---NewYard--addressNewCostObjectCstID-vhi"}]}
RESULT: {"script":"<script> [1562 bytes]","args":[{"selector":{"id":"application-manageyards-display-component---NewYard--addressNewCostObjectCstID-vhi"},"wdio_ui5_key":"applicationmanageyards-display-component---NewYard--addressNewCostObjectCstID-vhi"}]}
RESULT: undefined
COMMAND: POST /session/6942dd4aefa05acfe787f49b28130ab8/element - {"using":"xpath","value":"//*[@id=\"application-manageyards-display-component---NewYard--addressNewCostObjectCstID-vhi\"]"}
RESULT: {"using":"xpath","value":"//*[@id=\"application-manageyards-display-component---NewYard--addressNewCostObjectCstID-vhi\"]"}
COMMAND: POST /session/6942dd4aefa05acfe787f49b28130ab8/element/f.F18A487FCC2B115A863E771091ABB869.d.10766ACA3E46525CC2D43896533B2621.e.11021/click - {}
RESULT: {}
COMMAND: GET /session/6942dd4aefa05acfe787f49b28130ab8/screenshot - {}
RESULT: {}
COMMAND: POST /session/6942dd4aefa05acfe787f49b28130ab8/execute/async - {"script":"<script> [1562 bytes]","args":[{"selector":{"controlType":"sap.m.SearchField","properties":{"placeholder":"Search"},"searchOpenDialogs":true,"interaction":{"idSuffix":"I"}},"wdio_ui5_key":"sapm.SearchField{\"placeholder\":\"Search\"}"}]}
RESULT: {"script":"<script> [1562 bytes]","args":[{"selector":{"controlType":"sap.m.SearchField","properties":{"placeholder":"Search"},"searchOpenDialogs":true,"interaction":{"idSuffix":"I"}},"wdio_ui5_key":"sapm.SearchField{\"placeholder\":\"Search\"}"}]}
RESULT: undefined
COMMAND: POST /session/6942dd4aefa05acfe787f49b28130ab8/execute/async - {"script":"<script> [776 bytes]","args":[{"enterText":"10001013","selector":{"controlType":"sap.m.SearchField","properties":{"placeholder":"Search"},"searchOpenDialogs":true,"interaction":{"idSuffix":"I"}},"clearTextFirst":true,"interactionType":"ENTER_TEXT"}]}
RESULT: {"script":"<script> [776 bytes]","args":[{"enterText":"10001013","selector":{"controlType":"sap.m.SearchField","properties":{"placeholder":"Search"},"searchOpenDialogs":true,"interaction":{"idSuffix":"I"}},"clearTextFirst":true,"interactionType":"ENTER_TEXT"}]}
COMMAND: POST /session/6942dd4aefa05acfe787f49b28130ab8/actions - {"actions":[{"id":"action66","type":"key","parameters":{},"actions":[{"type":"keyDown","value":""},{"type":"pause","duration":10},{"type":"keyUp","value":""}]}]}
RESULT: {"actions":[{"id":"action66","type":"key","parameters":{},"actions":[{"type":"keyDown","value":""},{"type":"pause","duration":10},{"type":"keyUp","value":""}]}]}
COMMAND: GET /session/6942dd4aefa05acfe787f49b28130ab8/screenshot - {}
RESULT: {}
COMMAND: POST /session/6942dd4aefa05acfe787f49b28130ab8/element - {"using":"xpath","value":"//span[contains(text(), \"General Management\")]"}
RESULT: {"using":"xpath","value":"//span[contains(text(), \"General Management\")]"}
COMMAND: POST /session/6942dd4aefa05acfe787f49b28130ab8/element/f.F18A487FCC2B115A863E771091ABB869.d.10766ACA3E46525CC2D43896533B2621.e.11062/click - {}
RESULT: {}
COMMAND: GET /session/6942dd4aefa05acfe787f49b28130ab8/screenshot - {}
RESULT: {}
COMMAND: POST /session/6942dd4aefa05acfe787f49b28130ab8/element - {"using":"xpath","value":"//bdi[contains(text(), \"OK\")]"}
RESULT: {"using":"xpath","value":"//bdi[contains(text(), \"OK\")]"}
COMMAND: POST /session/6942dd4aefa05acfe787f49b28130ab8/element/f.F18A487FCC2B115A863E771091ABB869.d.10766ACA3E46525CC2D43896533B2621.e.11063/click - {}
RESULT: {}
COMMAND: GET /session/6942dd4aefa05acfe787f49b28130ab8/screenshot - {}
RESULT: {}
COMMAND: POST /session/6942dd4aefa05acfe787f49b28130ab8/execute/async - {"script":"<script> [1562 bytes]","args":[{"selector":{"controlType":"sap.m.Button","viewName":"etm.portal.ui.manageyards.view.New","viewId":"application-manageyards-display-component---NewYard","i18NText":{"propertyName":"text","key":"save"},"interaction":{"idSuffix":"inner"}},"wdio_ui5_key":"etmportal.ui.manageyards.view.Newsap.m.Button{\"propertyName\":\"text\",\"key\":\"save\"}"}]}
RESULT: {"script":"<script> [1562 bytes]","args":[{"selector":{"controlType":"sap.m.Button","viewName":"etm.portal.ui.manageyards.view.New","viewId":"application-manageyards-display-component---NewYard","i18NText":{"propertyName":"text","key":"save"},"interaction":{"idSuffix":"inner"}},"wdio_ui5_key":"etmportal.ui.manageyards.view.Newsap.m.Button{\"propertyName\":\"text\",\"key\":\"save\"}"}]}
RESULT: undefined
COMMAND: POST /session/6942dd4aefa05acfe787f49b28130ab8/element - {"using":"xpath","value":"//*[@id=\"__button28\"]"}
RESULT: {"using":"xpath","value":"//*[@id=\"__button28\"]"}
COMMAND: POST /session/6942dd4aefa05acfe787f49b28130ab8/element/f.F18A487FCC2B115A863E771091ABB869.d.10766ACA3E46525CC2D43896533B2621.e.10989/click - {}
RESULT: {}
COMMAND: GET /session/6942dd4aefa05acfe787f49b28130ab8/screenshot - {}
RESULT: {}
COMMAND: POST /session/6942dd4aefa05acfe787f49b28130ab8/element - {"using":"xpath","value":"//header/div/div[2]/div[2]/span"}
RESULT: {"using":"xpath","value":"//header/div/div[2]/div[2]/span"}
COMMAND: GET /session/6942dd4aefa05acfe787f49b28130ab8/element/f.F18A487FCC2B115A863E771091ABB869.d.10766ACA3E46525CC2D43896533B2621.e.11259/text - {}
RESULT: {}
COMMAND: POST /session/6942dd4aefa05acfe787f49b28130ab8/execute/async - {"script":"<script> [1562 bytes]","args":[{"selector":{"controlType":"sap.m.OverflowToolbarButton","viewName":"etm.portal.ui.manageyards.view.Detail","viewId":"application-manageyards-display-component---detailYard","i18NText":{"propertyName":"tooltip","key":"closeColumn"},"interaction":{"idSuffix":"inner"}},"wdio_ui5_key":"etmportal.ui.manageyards.view.Detailsap.m.OverflowToolbarButton{\"propertyName\":\"tooltip\",\"key\":\"closeColumn\"}"}]}
RESULT: {"script":"<script> [1562 bytes]","args":[{"selector":{"controlType":"sap.m.OverflowToolbarButton","viewName":"etm.portal.ui.manageyards.view.Detail","viewId":"application-manageyards-display-component---detailYard","i18NText":{"propertyName":"tooltip","key":"closeColumn"},"interaction":{"idSuffix":"inner"}},"wdio_ui5_key":"etmportal.ui.manageyards.view.Detailsap.m.OverflowToolbarButton{\"propertyName\":\"tooltip\",\"key\":\"closeColumn\"}"}]}
RESULT: undefined
COMMAND: POST /session/6942dd4aefa05acfe787f49b28130ab8/element - {"using":"xpath","value":"//*[@id=\"__button52\"]"}
RESULT: {"using":"xpath","value":"//*[@id=\"__button52\"]"}
COMMAND: POST /session/6942dd4aefa05acfe787f49b28130ab8/element/f.F18A487FCC2B115A863E771091ABB869.d.10766ACA3E46525CC2D43896533B2621.e.11261/click - {}
RESULT: {}
COMMAND: GET /session/6942dd4aefa05acfe787f49b28130ab8/screenshot - {}
RESULT: {}
COMMAND: POST /session/6942dd4aefa05acfe787f49b28130ab8/element - {"using":"css selector","value":"#shell-header-logo"}
RESULT: {"using":"css selector","value":"#shell-header-logo"}
COMMAND: POST /session/6942dd4aefa05acfe787f49b28130ab8/element/f.F18A487FCC2B115A863E771091ABB869.d.10766ACA3E46525CC2D43896533B2621.e.10542/click - {}
RESULT: {}
COMMAND: GET /session/6942dd4aefa05acfe787f49b28130ab8/screenshot - {}
RESULT: {}
COMMAND: POST /session/6942dd4aefa05acfe787f49b28130ab8/refresh - {}
RESULT: {}
COMMAND: GET /session/6942dd4aefa05acfe787f49b28130ab8/screenshot - {}
RESULT: {}
COMMAND: POST /session/6942dd4aefa05acfe787f49b28130ab8/execute/async - {"script":"<script> [189 bytes]","args":[]}
RESULT: {"script":"<script> [189 bytes]","args":[]}
COMMAND: POST /session/6942dd4aefa05acfe787f49b28130ab8/execute/async - {"script":"<script> [123 bytes]","args":[]}
RESULT: {"script":"<script> [123 bytes]","args":[]}
COMMAND: POST /session/6942dd4aefa05acfe787f49b28130ab8/timeouts - {"script":"<number>"}
RESULT: {"script":"<number>"}
COMMAND: GET /session/6942dd4aefa05acfe787f49b28130ab8/timeouts - {}
RESULT: {}
RESULT: undefined
COMMAND: POST /session/6942dd4aefa05acfe787f49b28130ab8/execute/async - {"script":"<script> [2676 bytes]","args":[]}
RESULT: {"script":"<script> [2676 bytes]","args":[]}
COMMAND: POST /session/6942dd4aefa05acfe787f49b28130ab8/execute/async - {"script":"<script> [2342 bytes]","args":[{"protocol":"http","hostname":"0.0.0.0","path":"/","capabilities":{"browserName":"chrome","goog:chromeOptions":{"binary":"C:\\Program Files\\Google\\Chrome\\Application\\chrome.exe","args":["--start-maximized"]}},"logLevel":"warn","connectionRetryTimeout":120000,"connectionRetryCount":3,"logLevels":{},"enableDirectConnect":true,"strictSSL":true,"_":"65 more keys: [\"cacheDir\",\"port\",\"requestedCapabilities\",\"automationProtocol\",\"baseUrl\",\"waitforInterval\",\"waitforTimeout\",\"onReload\",\"beforeCommand\",\"afterCommand\",\"rootDir\",\"specs\",\"suites\",\"exclude\",\"groupLogsByTestSpec\",\"excludeDriverLogs\",\"bail\",\"framework\",\"reporters\",\"services\",\"maxInstances\",\"maxInstancesPerCapability\",\"injectGlobals\",\"filesToWatch\",\"execArgv\",\"runnerEnv\",\"runner\",\"shard\",\"specFileRetries\",\"specFileRetriesDelay\",\"specFileRetriesDeferred\",\"reporterSyncInterval\",\"reporterSyncTimeout\",\"cucumberFeaturesWithLineNumbers\",\"autoCompileOpts\",\"mochaOpts\",\"jasmineOpts\",\"cucumberOpts\",\"onPrepare\",\"onWorkerStart\",\"onWorkerEnd\",\"before\",\"beforeSession\",\"beforeSuite\",\"beforeHook\",\"beforeTest\",\"afterTest\",\"afterHook\",\"afterSuite\",\"afterSession\",\"after\",\"onComplete\",\"beforeAssertion\",\"afterAssertion\",\"beforeFeature\",\"beforeScenario\",\"beforeStep\",\"afterStep\",\"afterScenario\",\"afterFeature\",\"_\",\"suite\",\"$0\",\"ignoredWorkerServices\",\"wdi5\"]"}]}
RESULT: {"script":"<script> [2342 bytes]","args":[{"protocol":"http","hostname":"0.0.0.0","path":"/","capabilities":{"browserName":"chrome","goog:chromeOptions":{"binary":"C:\\Program Files\\Google\\Chrome\\Application\\chrome.exe","args":["--start-maximized"]}},"logLevel":"warn","connectionRetryTimeout":120000,"connectionRetryCount":3,"logLevels":{},"enableDirectConnect":true,"strictSSL":true,"_":"65 more keys: [\"cacheDir\",\"port\",\"requestedCapabilities\",\"automationProtocol\",\"baseUrl\",\"waitforInterval\",\"waitforTimeout\",\"onReload\",\"beforeCommand\",\"afterCommand\",\"rootDir\",\"specs\",\"suites\",\"exclude\",\"groupLogsByTestSpec\",\"excludeDriverLogs\",\"bail\",\"framework\",\"reporters\",\"services\",\"maxInstances\",\"maxInstancesPerCapability\",\"injectGlobals\",\"filesToWatch\",\"execArgv\",\"runnerEnv\",\"runner\",\"shard\",\"specFileRetries\",\"specFileRetriesDelay\",\"specFileRetriesDeferred\",\"reporterSyncInterval\",\"reporterSyncTimeout\",\"cucumberFeaturesWithLineNumbers\",\"autoCompileOpts\",\"mochaOpts\",\"jasmineOpts\",\"cucumberOpts\",\"onPrepare\",\"onWorkerStart\",\"onWorkerEnd\",\"before\",\"beforeSession\",\"beforeSuite\",\"beforeHook\",\"beforeTest\",\"afterTest\",\"afterHook\",\"afterSuite\",\"afterSession\",\"after\",\"onComplete\",\"beforeAssertion\",\"afterAssertion\",\"beforeFeature\",\"beforeScenario\",\"beforeStep\",\"afterStep\",\"afterScenario\",\"afterFeature\",\"_\",\"suite\",\"$0\",\"ignoredWorkerServices\",\"wdi5\"]"}]}
COMMAND: POST /session/6942dd4aefa05acfe787f49b28130ab8/execute/async - {"script":"<script> [21126 bytes]","args":[35000]}
RESULT: {"script":"<script> [21126 bytes]","args":[35000]}
COMMAND: POST /session/6942dd4aefa05acfe787f49b28130ab8/execute/async - {"script":"<script> [1562 bytes]","args":[{"selector":{"controlType":"sap.m.GenericTile","properties":{"header":"Manage Partners"}},"wdio_ui5_key":"sapm.GenericTile{\"header\":\"Manage Partners\"}"}]}
RESULT: {"script":"<script> [1562 bytes]","args":[{"selector":{"controlType":"sap.m.GenericTile","properties":{"header":"Manage Partners"}},"wdio_ui5_key":"sapm.GenericTile{\"header\":\"Manage Partners\"}"}]}
RESULT: undefined
COMMAND: POST /session/6942dd4aefa05acfe787f49b28130ab8/element - {"using":"xpath","value":"//*[@id=\"__tile38\"]"}
RESULT: {"using":"xpath","value":"//*[@id=\"__tile38\"]"}
COMMAND: POST /session/6942dd4aefa05acfe787f49b28130ab8/element/f.F18A487FCC2B115A863E771091ABB869.d.DDD980D228A468ABE2278B6111D047A2.e.11621/click - {}
RESULT: {}
COMMAND: GET /session/6942dd4aefa05acfe787f49b28130ab8/screenshot - {}
RESULT: {}
COMMAND: POST /session/6942dd4aefa05acfe787f49b28130ab8/elements - {"using":"xpath","value":"//span[text()='Error']"}
RESULT: {"using":"xpath","value":"//span[text()='Error']"}
COMMAND: POST /session/6942dd4aefa05acfe787f49b28130ab8/execute/async - {"script":"<script> [1562 bytes]","args":[{"selector":{"controlType":"sap.ui.core.Icon","viewName":"etm.portal.ui.managepartners.view.Master","viewId":"application-managepartners-display-component---masterPtm","properties":{"src":{"regex":{"source":"add"}}}},"wdio_ui5_key":"etmportal.ui.managepartners.view.Mastersap.ui.core.Icon{\"src\":{\"regex\":{\"source\":\"add\"}}}"}]}
RESULT: {"script":"<script> [1562 bytes]","args":[{"selector":{"controlType":"sap.ui.core.Icon","viewName":"etm.portal.ui.managepartners.view.Master","viewId":"application-managepartners-display-component---masterPtm","properties":{"src":{"regex":{"source":"add"}}}},"wdio_ui5_key":"etmportal.ui.managepartners.view.Mastersap.ui.core.Icon{\"src\":{\"regex\":{\"source\":\"add\"}}}"}]}
RESULT: undefined
COMMAND: POST /session/6942dd4aefa05acfe787f49b28130ab8/element - {"using":"xpath","value":"//*[@id=\"__button4-img\"]"}
RESULT: {"using":"xpath","value":"//*[@id=\"__button4-img\"]"}
COMMAND: POST /session/6942dd4aefa05acfe787f49b28130ab8/element/f.F18A487FCC2B115A863E771091ABB869.d.DDD980D228A468ABE2278B6111D047A2.e.11769/click - {}
RESULT: {}
COMMAND: GET /session/6942dd4aefa05acfe787f49b28130ab8/screenshot - {}
COMMAND: POST /session/6942dd4aefa05acfe787f49b28130ab8/execute/async - {"script":"<script> [1562 bytes]","args":[{"selector":{"id":"application-managepartners-display-component---NewPartner--partnerId","interaction":{"idSuffix":"inner"}},"wdio_ui5_key":"applicationmanagepartners-display-component---NewPartner--partnerId"}]}
RESULT: {}
RESULT: {"script":"<script> [1562 bytes]","args":[{"selector":{"id":"application-managepartners-display-component---NewPartner--partnerId","interaction":{"idSuffix":"inner"}},"wdio_ui5_key":"applicationmanagepartners-display-component---NewPartner--partnerId"}]}
RESULT: undefined
COMMAND: POST /session/6942dd4aefa05acfe787f49b28130ab8/execute/async - {"script":"<script> [1562 bytes]","args":[{"selector":{"id":"application-managepartners-display-component---NewPartner--addressDetailDetailsName1","interaction":{"idSuffix":"inner"}},"wdio_ui5_key":"applicationmanagepartners-display-component---NewPartner--addressDetailDetailsName1"}]}
RESULT: {"script":"<script> [1562 bytes]","args":[{"selector":{"id":"application-managepartners-display-component---NewPartner--addressDetailDetailsName1","interaction":{"idSuffix":"inner"}},"wdio_ui5_key":"applicationmanagepartners-display-component---NewPartner--addressDetailDetailsName1"}]}
RESULT: undefined
COMMAND: POST /session/6942dd4aefa05acfe787f49b28130ab8/execute/async - {"script":"<script> [776 bytes]","args":[{"enterText":"WebdriverPartnerpj6l5","selector":{"id":"application-managepartners-display-component---NewPartner--addressDetailDetailsName1","interaction":{"idSuffix":"inner"}},"clearTextFirst":true,"interactionType":"ENTER_TEXT"}]}
RESULT: {"script":"<script> [776 bytes]","args":[{"enterText":"WebdriverPartnerpj6l5","selector":{"id":"application-managepartners-display-component---NewPartner--addressDetailDetailsName1","interaction":{"idSuffix":"inner"}},"clearTextFirst":true,"interactionType":"ENTER_TEXT"}]}
COMMAND: POST /session/6942dd4aefa05acfe787f49b28130ab8/execute/async - {"script":"<script> [1562 bytes]","args":[{"selector":{"id":"application-managepartners-display-component---NewPartner--addressDetailDetailsLanguage","interaction":{"idSuffix":"inner"}},"wdio_ui5_key":"applicationmanagepartners-display-component---NewPartner--addressDetailDetailsLanguage"}]}
RESULT: {"script":"<script> [1562 bytes]","args":[{"selector":{"id":"application-managepartners-display-component---NewPartner--addressDetailDetailsLanguage","interaction":{"idSuffix":"inner"}},"wdio_ui5_key":"applicationmanagepartners-display-component---NewPartner--addressDetailDetailsLanguage"}]}
RESULT: undefined
COMMAND: POST /session/6942dd4aefa05acfe787f49b28130ab8/execute/async - {"script":"<script> [776 bytes]","args":[{"enterText":"Romanian","selector":{"id":"application-managepartners-display-component---NewPartner--addressDetailDetailsLanguage","interaction":{"idSuffix":"inner"}},"clearTextFirst":true,"interactionType":"ENTER_TEXT"}]}
RESULT: {"script":"<script> [776 bytes]","args":[{"enterText":"Romanian","selector":{"id":"application-managepartners-display-component---NewPartner--addressDetailDetailsLanguage","interaction":{"idSuffix":"inner"}},"clearTextFirst":true,"interactionType":"ENTER_TEXT"}]}
COMMAND: POST /session/6942dd4aefa05acfe787f49b28130ab8/element - {"using":"xpath","value":"//input[contains(@id ,\"application-managepartners-display-component---NewPartner--addressDetailDetailsName1-inner\")]"}
RESULT: {"using":"xpath","value":"//input[contains(@id ,\"application-managepartners-display-component---NewPartner--addressDetailDetailsName1-inner\")]"}
COMMAND: GET /session/6942dd4aefa05acfe787f49b28130ab8/element/f.F18A487FCC2B115A863E771091ABB869.d.DDD980D228A468ABE2278B6111D047A2.e.11843/property/value - {}
RESULT: {}
COMMAND: POST /session/6942dd4aefa05acfe787f49b28130ab8/execute/async - {"script":"<script> [1562 bytes]","args":[{"selector":{"id":"application-managepartners-display-component---NewPartner--addressDetailDetailsCity1","interaction":{"idSuffix":"inner"}},"wdio_ui5_key":"applicationmanagepartners-display-component---NewPartner--addressDetailDetailsCity1"}]}
COMMAND: GET /session/6942dd4aefa05acfe787f49b28130ab8/screenshot - {}
RESULT: {"script":"<script> [1562 bytes]","args":[{"selector":{"id":"application-managepartners-display-component---NewPartner--addressDetailDetailsCity1","interaction":{"idSuffix":"inner"}},"wdio_ui5_key":"applicationmanagepartners-display-component---NewPartner--addressDetailDetailsCity1"}]}
RESULT: undefined
COMMAND: POST /session/6942dd4aefa05acfe787f49b28130ab8/execute/async - {"script":"<script> [776 bytes]","args":[{"enterText":"Bucharest","selector":{"id":"application-managepartners-display-component---NewPartner--addressDetailDetailsCity1","interaction":{"idSuffix":"inner"}},"clearTextFirst":true,"interactionType":"ENTER_TEXT"}]}
RESULT: {}
RESULT: {"script":"<script> [776 bytes]","args":[{"enterText":"Bucharest","selector":{"id":"application-managepartners-display-component---NewPartner--addressDetailDetailsCity1","interaction":{"idSuffix":"inner"}},"clearTextFirst":true,"interactionType":"ENTER_TEXT"}]}
COMMAND: POST /session/6942dd4aefa05acfe787f49b28130ab8/execute/async - {"script":"<script> [1562 bytes]","args":[{"selector":{"id":"application-managepartners-display-component---NewPartner--addressDetailDetailsCountry","interaction":{"idSuffix":"inner"}},"wdio_ui5_key":"applicationmanagepartners-display-component---NewPartner--addressDetailDetailsCountry"}]}
RESULT: {"script":"<script> [1562 bytes]","args":[{"selector":{"id":"application-managepartners-display-component---NewPartner--addressDetailDetailsCountry","interaction":{"idSuffix":"inner"}},"wdio_ui5_key":"applicationmanagepartners-display-component---NewPartner--addressDetailDetailsCountry"}]}
RESULT: undefined
COMMAND: POST /session/6942dd4aefa05acfe787f49b28130ab8/execute/async - {"script":"<script> [6424 bytes]","args":[{"element-6066-11e4-a52e-4f735466cecf":"f.F18A487FCC2B115A863E771091ABB869.d.DDD980D228A468ABE2278B6111D047A2.e.11850"},"setValue",["Romania"]]}
RESULT: {"script":"<script> [6424 bytes]","args":[{"element-6066-11e4-a52e-4f735466cecf":"f.F18A487FCC2B115A863E771091ABB869.d.DDD980D228A468ABE2278B6111D047A2.e.11850"},"setValue",["Romania"]]}
COMMAND: POST /session/6942dd4aefa05acfe787f49b28130ab8/execute/async - {"script":"<script> [1562 bytes]","args":[{"selector":{"id":"application-managepartners-display-component---NewPartner--partnerDetailInternal","interaction":{"idSuffix":"inner"}},"wdio_ui5_key":"applicationmanagepartners-display-component---NewPartner--partnerDetailInternal"}]}
RESULT: {"script":"<script> [1562 bytes]","args":[{"selector":{"id":"application-managepartners-display-component---NewPartner--partnerDetailInternal","interaction":{"idSuffix":"inner"}},"wdio_ui5_key":"applicationmanagepartners-display-component---NewPartner--partnerDetailInternal"}]}
RESULT: undefined
COMMAND: POST /session/6942dd4aefa05acfe787f49b28130ab8/execute/async - {"script":"<script> [776 bytes]","args":[{"enterText":"External partner","selector":{"id":"application-managepartners-display-component---NewPartner--partnerDetailInternal","interaction":{"idSuffix":"inner"}},"clearTextFirst":true,"interactionType":"ENTER_TEXT"}]}
RESULT: {"script":"<script> [776 bytes]","args":[{"enterText":"External partner","selector":{"id":"application-managepartners-display-component---NewPartner--partnerDetailInternal","interaction":{"idSuffix":"inner"}},"clearTextFirst":true,"interactionType":"ENTER_TEXT"}]}
COMMAND: POST /session/6942dd4aefa05acfe787f49b28130ab8/execute/async - {"script":"<script> [1562 bytes]","args":[{"selector":{"id":"application-managepartners-display-component---NewPartner--partnerDetailsCurrency","interaction":{"idSuffix":"inner"}},"wdio_ui5_key":"applicationmanagepartners-display-component---NewPartner--partnerDetailsCurrency"}]}
RESULT: {"script":"<script> [1562 bytes]","args":[{"selector":{"id":"application-managepartners-display-component---NewPartner--partnerDetailsCurrency","interaction":{"idSuffix":"inner"}},"wdio_ui5_key":"applicationmanagepartners-display-component---NewPartner--partnerDetailsCurrency"}]}
RESULT: undefined
COMMAND: POST /session/6942dd4aefa05acfe787f49b28130ab8/execute/async - {"script":"<script> [776 bytes]","args":[{"enterText":"Euro","selector":{"id":"application-managepartners-display-component---NewPartner--partnerDetailsCurrency","interaction":{"idSuffix":"inner"}},"clearTextFirst":true,"interactionType":"ENTER_TEXT"}]}
RESULT: {"script":"<script> [776 bytes]","args":[{"enterText":"Euro","selector":{"id":"application-managepartners-display-component---NewPartner--partnerDetailsCurrency","interaction":{"idSuffix":"inner"}},"clearTextFirst":true,"interactionType":"ENTER_TEXT"}]}
COMMAND: POST /session/6942dd4aefa05acfe787f49b28130ab8/execute/async - {"script":"<script> [1562 bytes]","args":[{"selector":{"controlType":"sap.m.Button","viewName":"etm.portal.ui.managepartners.view.NewPartner","viewId":"application-managepartners-display-component---NewPartner","properties":{"text":"Commercial"},"interaction":{"idSuffix":"BDI-content"}},"wdio_ui5_key":"etmportal.ui.managepartners.view.NewPartnersap.m.Button{\"text\":\"Commercial\"}"}]}
RESULT: {"script":"<script> [1562 bytes]","args":[{"selector":{"controlType":"sap.m.Button","viewName":"etm.portal.ui.managepartners.view.NewPartner","viewId":"application-managepartners-display-component---NewPartner","properties":{"text":"Commercial"},"interaction":{"idSuffix":"BDI-content"}},"wdio_ui5_key":"etmportal.ui.managepartners.view.NewPartnersap.m.Button{\"text\":\"Commercial\"}"}]}
RESULT: undefined
COMMAND: POST /session/6942dd4aefa05acfe787f49b28130ab8/element - {"using":"xpath","value":"//*[@id=\"application-managepartners-display-component---NewPartner--ObjectPageLayout-anchBar-__section5-anchor\"]"}
RESULT: {"using":"xpath","value":"//*[@id=\"application-managepartners-display-component---NewPartner--ObjectPageLayout-anchBar-__section5-anchor\"]"}
COMMAND: POST /session/6942dd4aefa05acfe787f49b28130ab8/element/f.F18A487FCC2B115A863E771091ABB869.d.DDD980D228A468ABE2278B6111D047A2.e.12089/click - {}
RESULT: {}
COMMAND: GET /session/6942dd4aefa05acfe787f49b28130ab8/screenshot - {}
RESULT: {}
COMMAND: POST /session/6942dd4aefa05acfe787f49b28130ab8/execute/async - {"script":"<script> [1562 bytes]","args":[{"selector":{"id":"application-managepartners-display-component---NewPartner--btnAddTableRow-img"},"wdio_ui5_key":"applicationmanagepartners-display-component---NewPartner--btnAddTableRow-img"}]}
RESULT: {"script":"<script> [1562 bytes]","args":[{"selector":{"id":"application-managepartners-display-component---NewPartner--btnAddTableRow-img"},"wdio_ui5_key":"applicationmanagepartners-display-component---NewPartner--btnAddTableRow-img"}]}
RESULT: undefined
COMMAND: POST /session/6942dd4aefa05acfe787f49b28130ab8/element - {"using":"xpath","value":"//*[@id=\"application-managepartners-display-component---NewPartner--btnAddTableRow-img\"]"}
RESULT: {"using":"xpath","value":"//*[@id=\"application-managepartners-display-component---NewPartner--btnAddTableRow-img\"]"}
COMMAND: POST /session/6942dd4aefa05acfe787f49b28130ab8/element/f.F18A487FCC2B115A863E771091ABB869.d.DDD980D228A468ABE2278B6111D047A2.e.12095/click - {}
RESULT: {}
COMMAND: POST /session/6942dd4aefa05acfe787f49b28130ab8/element - {"using":"xpath","value":"//input[contains(@id ,\"application-managepartners-display-component---NewPartner--assignmentYard-application-managepartners-display-component---NewPartner\")]"}
COMMAND: GET /session/6942dd4aefa05acfe787f49b28130ab8/screenshot - {}
RESULT: {"using":"xpath","value":"//input[contains(@id ,\"application-managepartners-display-component---NewPartner--assignmentYard-application-managepartners-display-component---NewPartner\")]"}
COMMAND: POST /session/6942dd4aefa05acfe787f49b28130ab8/element/f.F18A487FCC2B115A863E771091ABB869.d.DDD980D228A468ABE2278B6111D047A2.e.12098/clear - {}
RESULT: {}
RESULT: {}
COMMAND: POST /session/6942dd4aefa05acfe787f49b28130ab8/element/f.F18A487FCC2B115A863E771091ABB869.d.DDD980D228A468ABE2278B6111D047A2.e.12098/value - {"text":"WebdriverYardxfixp"}
COMMAND: GET /session/6942dd4aefa05acfe787f49b28130ab8/screenshot - {}
RESULT: {"text":"WebdriverYardxfixp"}
COMMAND: GET /session/6942dd4aefa05acfe787f49b28130ab8/screenshot - {}
RESULT: {}
RESULT: {}
COMMAND: POST /session/6942dd4aefa05acfe787f49b28130ab8/execute/async - {"script":"<script> [1562 bytes]","args":[{"selector":{"controlType":"sap.m.Button","viewName":"etm.portal.ui.managepartners.view.NewPartner","viewId":"application-managepartners-display-component---NewPartner","i18NText":{"propertyName":"text","key":"save"},"interaction":{"idSuffix":"BDI-content"}},"wdio_ui5_key":"etmportal.ui.managepartners.view.NewPartnersap.m.Button{\"propertyName\":\"text\",\"key\":\"save\"}"}]}
RESULT: {"script":"<script> [1562 bytes]","args":[{"selector":{"controlType":"sap.m.Button","viewName":"etm.portal.ui.managepartners.view.NewPartner","viewId":"application-managepartners-display-component---NewPartner","i18NText":{"propertyName":"text","key":"save"},"interaction":{"idSuffix":"BDI-content"}},"wdio_ui5_key":"etmportal.ui.managepartners.view.NewPartnersap.m.Button{\"propertyName\":\"text\",\"key\":\"save\"}"}]}
RESULT: undefined
COMMAND: POST /session/6942dd4aefa05acfe787f49b28130ab8/element - {"using":"xpath","value":"//*[@id=\"__button12\"]"}
RESULT: {"using":"xpath","value":"//*[@id=\"__button12\"]"}
COMMAND: POST /session/6942dd4aefa05acfe787f49b28130ab8/element/f.F18A487FCC2B115A863E771091ABB869.d.DDD980D228A468ABE2278B6111D047A2.e.12019/click - {}
RESULT: {}
COMMAND: GET /session/6942dd4aefa05acfe787f49b28130ab8/screenshot - {}
RESULT: {}
COMMAND: POST /session/6942dd4aefa05acfe787f49b28130ab8/element - {"using":"xpath","value":"//header/div/div[2]/div[2]/span"}
RESULT: {"using":"xpath","value":"//header/div/div[2]/div[2]/span"}
COMMAND: GET /session/6942dd4aefa05acfe787f49b28130ab8/element/f.F18A487FCC2B115A863E771091ABB869.d.DDD980D228A468ABE2278B6111D047A2.e.12270/text - {}
RESULT: {}
COMMAND: POST /session/6942dd4aefa05acfe787f49b28130ab8/element - {"using":"xpath","value":"//header/div/div/div/div/div/div[2]/div/span"}
RESULT: {"using":"xpath","value":"//header/div/div/div/div/div/div[2]/div/span"}
COMMAND: GET /session/6942dd4aefa05acfe787f49b28130ab8/element/f.F18A487FCC2B115A863E771091ABB869.d.DDD980D228A468ABE2278B6111D047A2.e.12271/text - {}
RESULT: {}
COMMAND: POST /session/6942dd4aefa05acfe787f49b28130ab8/execute/async - {"script":"<script> [1562 bytes]","args":[{"selector":{"id":"application-managepartners-display-component---detailPtm--partnerType"},"wdio_ui5_key":"applicationmanagepartners-display-component---detailPtm--partnerType"}]}
RESULT: {"script":"<script> [1562 bytes]","args":[{"selector":{"id":"application-managepartners-display-component---detailPtm--partnerType"},"wdio_ui5_key":"applicationmanagepartners-display-component---detailPtm--partnerType"}]}
RESULT: undefined
COMMAND: POST /session/6942dd4aefa05acfe787f49b28130ab8/execute/async - {"script":"<script> [6424 bytes]","args":[{"element-6066-11e4-a52e-4f735466cecf":"f.F18A487FCC2B115A863E771091ABB869.d.DDD980D228A468ABE2278B6111D047A2.e.12272"},"getText",[]]}
RESULT: {"script":"<script> [6424 bytes]","args":[{"element-6066-11e4-a52e-4f735466cecf":"f.F18A487FCC2B115A863E771091ABB869.d.DDD980D228A468ABE2278B6111D047A2.e.12272"},"getText",[]]}
COMMAND: POST /session/6942dd4aefa05acfe787f49b28130ab8/element - {"using":"css selector","value":"#shell-header-logo"}
RESULT: {"using":"css selector","value":"#shell-header-logo"}
COMMAND: POST /session/6942dd4aefa05acfe787f49b28130ab8/element/f.F18A487FCC2B115A863E771091ABB869.d.DDD980D228A468ABE2278B6111D047A2.e.11622/click - {}
RESULT: {}
COMMAND: GET /session/6942dd4aefa05acfe787f49b28130ab8/screenshot - {}
RESULT: {}
COMMAND: POST /session/6942dd4aefa05acfe787f49b28130ab8/execute/async - {"script":"<script> [1562 bytes]","args":[{"selector":{"controlType":"sap.m.GenericTile","properties":{"header":"Manage Sites"}},"wdio_ui5_key":"sapm.GenericTile{\"header\":\"Manage Sites\"}"}]}
RESULT: {"script":"<script> [1562 bytes]","args":[{"selector":{"controlType":"sap.m.GenericTile","properties":{"header":"Manage Sites"}},"wdio_ui5_key":"sapm.GenericTile{\"header\":\"Manage Sites\"}"}]}
RESULT: undefined
COMMAND: POST /session/6942dd4aefa05acfe787f49b28130ab8/element - {"using":"xpath","value":"//*[@id=\"__tile40\"]"}
RESULT: {"using":"xpath","value":"//*[@id=\"__tile40\"]"}
COMMAND: POST /session/6942dd4aefa05acfe787f49b28130ab8/element/f.F18A487FCC2B115A863E771091ABB869.d.DDD980D228A468ABE2278B6111D047A2.e.12274/click - {}
RESULT: {}
COMMAND: GET /session/6942dd4aefa05acfe787f49b28130ab8/screenshot - {}
RESULT: {}
COMMAND: POST /session/6942dd4aefa05acfe787f49b28130ab8/elements - {"using":"xpath","value":"//span[text()='Error']"}
RESULT: {"using":"xpath","value":"//span[text()='Error']"}
COMMAND: POST /session/6942dd4aefa05acfe787f49b28130ab8/execute/async - {"script":"<script> [1562 bytes]","args":[{"selector":{"controlType":"sap.ui.core.Icon","viewName":"etm.portal.ui.managesites.view.Master","viewId":"application-managesites-display-component---masterSite","properties":{"src":{"regex":{"source":"add"}}}},"wdio_ui5_key":"etmportal.ui.managesites.view.Mastersap.ui.core.Icon{\"src\":{\"regex\":{\"source\":\"add\"}}}"}]}
RESULT: {"script":"<script> [1562 bytes]","args":[{"selector":{"controlType":"sap.ui.core.Icon","viewName":"etm.portal.ui.managesites.view.Master","viewId":"application-managesites-display-component---masterSite","properties":{"src":{"regex":{"source":"add"}}}},"wdio_ui5_key":"etmportal.ui.managesites.view.Mastersap.ui.core.Icon{\"src\":{\"regex\":{\"source\":\"add\"}}}"}]}
RESULT: undefined
COMMAND: POST /session/6942dd4aefa05acfe787f49b28130ab8/element - {"using":"xpath","value":"//*[@id=\"__button52-img\"]"}
RESULT: {"using":"xpath","value":"//*[@id=\"__button52-img\"]"}
COMMAND: POST /session/6942dd4aefa05acfe787f49b28130ab8/element/f.F18A487FCC2B115A863E771091ABB869.d.DDD980D228A468ABE2278B6111D047A2.e.12324/click - {}
RESULT: {}
COMMAND: POST /session/6942dd4aefa05acfe787f49b28130ab8/execute/async - {"script":"<script> [1562 bytes]","args":[{"selector":{"id":"application-managesites-display-component---NewSite--siteId","interaction":{"idSuffix":"inner"}},"wdio_ui5_key":"applicationmanagesites-display-component---NewSite--siteId"}]}
COMMAND: GET /session/6942dd4aefa05acfe787f49b28130ab8/screenshot - {}
RESULT: {"script":"<script> [1562 bytes]","args":[{"selector":{"id":"application-managesites-display-component---NewSite--siteId","interaction":{"idSuffix":"inner"}},"wdio_ui5_key":"applicationmanagesites-display-component---NewSite--siteId"}]}
RESULT: undefined
COMMAND: POST /session/6942dd4aefa05acfe787f49b28130ab8/execute/async - {"script":"<script> [1562 bytes]","args":[{"selector":{"id":"application-managesites-display-component---NewSite--addressDetailDetailsName1","interaction":{"idSuffix":"inner"}},"wdio_ui5_key":"applicationmanagesites-display-component---NewSite--addressDetailDetailsName1"}]}
RESULT: {}
RESULT: {"script":"<script> [1562 bytes]","args":[{"selector":{"id":"application-managesites-display-component---NewSite--addressDetailDetailsName1","interaction":{"idSuffix":"inner"}},"wdio_ui5_key":"applicationmanagesites-display-component---NewSite--addressDetailDetailsName1"}]}
RESULT: undefined
COMMAND: POST /session/6942dd4aefa05acfe787f49b28130ab8/execute/async - {"script":"<script> [776 bytes]","args":[{"enterText":"WebdriverSite1t12kk","selector":{"id":"application-managesites-display-component---NewSite--addressDetailDetailsName1","interaction":{"idSuffix":"inner"}},"clearTextFirst":true,"interactionType":"ENTER_TEXT"}]}
RESULT: {"script":"<script> [776 bytes]","args":[{"enterText":"WebdriverSite1t12kk","selector":{"id":"application-managesites-display-component---NewSite--addressDetailDetailsName1","interaction":{"idSuffix":"inner"}},"clearTextFirst":true,"interactionType":"ENTER_TEXT"}]}
COMMAND: POST /session/6942dd4aefa05acfe787f49b28130ab8/execute/async - {"script":"<script> [1562 bytes]","args":[{"selector":{"id":"application-managesites-display-component---NewSite--addressDetailDetailsLanguage","interaction":{"idSuffix":"inner"}},"wdio_ui5_key":"applicationmanagesites-display-component---NewSite--addressDetailDetailsLanguage"}]}
RESULT: {"script":"<script> [1562 bytes]","args":[{"selector":{"id":"application-managesites-display-component---NewSite--addressDetailDetailsLanguage","interaction":{"idSuffix":"inner"}},"wdio_ui5_key":"applicationmanagesites-display-component---NewSite--addressDetailDetailsLanguage"}]}
RESULT: undefined
COMMAND: POST /session/6942dd4aefa05acfe787f49b28130ab8/execute/async - {"script":"<script> [776 bytes]","args":[{"enterText":"Romanian","selector":{"id":"application-managesites-display-component---NewSite--addressDetailDetailsLanguage","interaction":{"idSuffix":"inner"}},"clearTextFirst":true,"interactionType":"ENTER_TEXT"}]}
RESULT: {"script":"<script> [776 bytes]","args":[{"enterText":"Romanian","selector":{"id":"application-managesites-display-component---NewSite--addressDetailDetailsLanguage","interaction":{"idSuffix":"inner"}},"clearTextFirst":true,"interactionType":"ENTER_TEXT"}]}
COMMAND: POST /session/6942dd4aefa05acfe787f49b28130ab8/execute/async - {"script":"<script> [1562 bytes]","args":[{"selector":{"id":"application-managesites-display-component---NewSite--addressDetailDetailsCity1","interaction":{"idSuffix":"inner"}},"wdio_ui5_key":"applicationmanagesites-display-component---NewSite--addressDetailDetailsCity1"}]}
RESULT: {"script":"<script> [1562 bytes]","args":[{"selector":{"id":"application-managesites-display-component---NewSite--addressDetailDetailsCity1","interaction":{"idSuffix":"inner"}},"wdio_ui5_key":"applicationmanagesites-display-component---NewSite--addressDetailDetailsCity1"}]}
RESULT: undefined
COMMAND: POST /session/6942dd4aefa05acfe787f49b28130ab8/execute/async - {"script":"<script> [776 bytes]","args":[{"enterText":"Bucharest","selector":{"id":"application-managesites-display-component---NewSite--addressDetailDetailsCity1","interaction":{"idSuffix":"inner"}},"clearTextFirst":true,"interactionType":"ENTER_TEXT"}]}
RESULT: {"script":"<script> [776 bytes]","args":[{"enterText":"Bucharest","selector":{"id":"application-managesites-display-component---NewSite--addressDetailDetailsCity1","interaction":{"idSuffix":"inner"}},"clearTextFirst":true,"interactionType":"ENTER_TEXT"}]}
COMMAND: POST /session/6942dd4aefa05acfe787f49b28130ab8/execute/async - {"script":"<script> [1562 bytes]","args":[{"selector":{"id":"application-managesites-display-component---NewSite--addressDetailDetailsCountry","interaction":{"idSuffix":"inner"}},"wdio_ui5_key":"applicationmanagesites-display-component---NewSite--addressDetailDetailsCountry"}]}
RESULT: {"script":"<script> [1562 bytes]","args":[{"selector":{"id":"application-managesites-display-component---NewSite--addressDetailDetailsCountry","interaction":{"idSuffix":"inner"}},"wdio_ui5_key":"applicationmanagesites-display-component---NewSite--addressDetailDetailsCountry"}]}
RESULT: undefined
COMMAND: POST /session/6942dd4aefa05acfe787f49b28130ab8/execute/async - {"script":"<script> [776 bytes]","args":[{"enterText":"Romania","selector":{"id":"application-managesites-display-component---NewSite--addressDetailDetailsCountry","interaction":{"idSuffix":"inner"}},"clearTextFirst":true,"interactionType":"ENTER_TEXT"}]}
RESULT: {"script":"<script> [776 bytes]","args":[{"enterText":"Romania","selector":{"id":"application-managesites-display-component---NewSite--addressDetailDetailsCountry","interaction":{"idSuffix":"inner"}},"clearTextFirst":true,"interactionType":"ENTER_TEXT"}]}
COMMAND: POST /session/6942dd4aefa05acfe787f49b28130ab8/element - {"using":"css selector","value":"#application-managesites-display-component---NewSite--addressDetailDetailsCalendar-inner"}
RESULT: {"using":"css selector","value":"#application-managesites-display-component---NewSite--addressDetailDetailsCalendar-inner"}
COMMAND: POST /session/6942dd4aefa05acfe787f49b28130ab8/element/f.F18A487FCC2B115A863E771091ABB869.d.DDD980D228A468ABE2278B6111D047A2.e.12703/clear - {}
RESULT: {}
COMMAND: POST /session/6942dd4aefa05acfe787f49b28130ab8/element/f.F18A487FCC2B115A863E771091ABB869.d.DDD980D228A468ABE2278B6111D047A2.e.12703/value - {"text":"Germany"}
COMMAND: GET /session/6942dd4aefa05acfe787f49b28130ab8/screenshot - {}
RESULT: {"text":"Germany"}
COMMAND: POST /session/6942dd4aefa05acfe787f49b28130ab8/execute/async - {"script":"<script> [1562 bytes]","args":[{"selector":{"id":"application-managesites-display-component---NewSite--addressEditDetailsCostObjectCstType-arrow"},"wdio_ui5_key":"applicationmanagesites-display-component---NewSite--addressEditDetailsCostObjectCstType-arrow"}]}
COMMAND: GET /session/6942dd4aefa05acfe787f49b28130ab8/screenshot - {}
RESULT: {}
RESULT: {"script":"<script> [1562 bytes]","args":[{"selector":{"id":"application-managesites-display-component---NewSite--addressEditDetailsCostObjectCstType-arrow"},"wdio_ui5_key":"applicationmanagesites-display-component---NewSite--addressEditDetailsCostObjectCstType-arrow"}]}
RESULT: undefined
COMMAND: POST /session/6942dd4aefa05acfe787f49b28130ab8/element - {"using":"xpath","value":"//*[@id=\"application-managesites-display-component---NewSite--addressEditDetailsCostObjectCstType-arrow\"]"}
RESULT: {}
RESULT: {"using":"xpath","value":"//*[@id=\"application-managesites-display-component---NewSite--addressEditDetailsCostObjectCstType-arrow\"]"}
COMMAND: POST /session/6942dd4aefa05acfe787f49b28130ab8/element/f.F18A487FCC2B115A863E771091ABB869.d.DDD980D228A468ABE2278B6111D047A2.e.12898/click - {}
RESULT: {}
COMMAND: POST /session/6942dd4aefa05acfe787f49b28130ab8/element - {"using":"xpath","value":"//span[contains(text(), \"Work Breakdown Structure\")]"}
COMMAND: GET /session/6942dd4aefa05acfe787f49b28130ab8/screenshot - {}
RESULT: {"using":"xpath","value":"//span[contains(text(), \"Work Breakdown Structure\")]"}
COMMAND: POST /session/6942dd4aefa05acfe787f49b28130ab8/element/f.F18A487FCC2B115A863E771091ABB869.d.DDD980D228A468ABE2278B6111D047A2.e.12899/click - {}
RESULT: {}
RESULT: {}
COMMAND: GET /session/6942dd4aefa05acfe787f49b28130ab8/screenshot - {}
RESULT: {}
COMMAND: POST /session/6942dd4aefa05acfe787f49b28130ab8/execute/async - {"script":"<script> [1562 bytes]","args":[{"selector":{"id":"application-managesites-display-component---NewSite--addressNewCostObjectCstID-vhi"},"wdio_ui5_key":"applicationmanagesites-display-component---NewSite--addressNewCostObjectCstID-vhi"}]}
RESULT: {"script":"<script> [1562 bytes]","args":[{"selector":{"id":"application-managesites-display-component---NewSite--addressNewCostObjectCstID-vhi"},"wdio_ui5_key":"applicationmanagesites-display-component---NewSite--addressNewCostObjectCstID-vhi"}]}
RESULT: undefined
COMMAND: POST /session/6942dd4aefa05acfe787f49b28130ab8/element - {"using":"xpath","value":"//*[@id=\"application-managesites-display-component---NewSite--addressNewCostObjectCstID-vhi\"]"}
RESULT: {"using":"xpath","value":"//*[@id=\"application-managesites-display-component---NewSite--addressNewCostObjectCstID-vhi\"]"}
COMMAND: POST /session/6942dd4aefa05acfe787f49b28130ab8/element/f.F18A487FCC2B115A863E771091ABB869.d.DDD980D228A468ABE2278B6111D047A2.e.12904/click - {}
RESULT: {}
COMMAND: GET /session/6942dd4aefa05acfe787f49b28130ab8/screenshot - {}
RESULT: {}
COMMAND: POST /session/6942dd4aefa05acfe787f49b28130ab8/execute/async - {"script":"<script> [1562 bytes]","args":[{"selector":{"controlType":"sap.m.SearchField","properties":{"placeholder":"Search"},"searchOpenDialogs":true,"interaction":{"idSuffix":"I"}},"wdio_ui5_key":"sapm.SearchField{\"placeholder\":\"Search\"}"}]}
RESULT: {"script":"<script> [1562 bytes]","args":[{"selector":{"controlType":"sap.m.SearchField","properties":{"placeholder":"Search"},"searchOpenDialogs":true,"interaction":{"idSuffix":"I"}},"wdio_ui5_key":"sapm.SearchField{\"placeholder\":\"Search\"}"}]}
RESULT: undefined
COMMAND: POST /session/6942dd4aefa05acfe787f49b28130ab8/execute/async - {"script":"<script> [776 bytes]","args":[{"enterText":"A1-000100-01","selector":{"controlType":"sap.m.SearchField","properties":{"placeholder":"Search"},"searchOpenDialogs":true,"interaction":{"idSuffix":"I"}},"clearTextFirst":true,"interactionType":"ENTER_TEXT"}]}
RESULT: {"script":"<script> [776 bytes]","args":[{"enterText":"A1-000100-01","selector":{"controlType":"sap.m.SearchField","properties":{"placeholder":"Search"},"searchOpenDialogs":true,"interaction":{"idSuffix":"I"}},"clearTextFirst":true,"interactionType":"ENTER_TEXT"}]}
COMMAND: POST /session/6942dd4aefa05acfe787f49b28130ab8/actions - {"actions":[{"id":"action67","type":"key","parameters":{},"actions":[{"type":"keyDown","value":""},{"type":"pause","duration":10},{"type":"keyUp","value":""}]}]}
RESULT: {"actions":[{"id":"action67","type":"key","parameters":{},"actions":[{"type":"keyDown","value":""},{"type":"pause","duration":10},{"type":"keyUp","value":""}]}]}
COMMAND: GET /session/6942dd4aefa05acfe787f49b28130ab8/screenshot - {}
RESULT: {}
COMMAND: POST /session/6942dd4aefa05acfe787f49b28130ab8/element - {"using":"xpath","value":"//span[contains(text(), \"Template for ETO-Process\")]"}
RESULT: {"using":"xpath","value":"//span[contains(text(), \"Template for ETO-Process\")]"}
COMMAND: POST /session/6942dd4aefa05acfe787f49b28130ab8/element/f.F18A487FCC2B115A863E771091ABB869.d.DDD980D228A468ABE2278B6111D047A2.e.12924/click - {}
RESULT: {}
COMMAND: GET /session/6942dd4aefa05acfe787f49b28130ab8/screenshot - {}
RESULT: {}
COMMAND: POST /session/6942dd4aefa05acfe787f49b28130ab8/element - {"using":"xpath","value":"//bdi[contains(text(), \"OK\")]"}
RESULT: {"using":"xpath","value":"//bdi[contains(text(), \"OK\")]"}
COMMAND: POST /session/6942dd4aefa05acfe787f49b28130ab8/element/f.F18A487FCC2B115A863E771091ABB869.d.DDD980D228A468ABE2278B6111D047A2.e.12925/click - {}
RESULT: {}
COMMAND: GET /session/6942dd4aefa05acfe787f49b28130ab8/screenshot - {}
RESULT: {}
COMMAND: POST /session/6942dd4aefa05acfe787f49b28130ab8/element - {"using":"xpath","value":"//input[@id=\"application-managesites-display-component---NewSite--addressDetailDetailsYard-inner\"]"}
RESULT: {"using":"xpath","value":"//input[@id=\"application-managesites-display-component---NewSite--addressDetailDetailsYard-inner\"]"}
COMMAND: POST /session/6942dd4aefa05acfe787f49b28130ab8/element/f.F18A487FCC2B115A863E771091ABB869.d.DDD980D228A468ABE2278B6111D047A2.e.12704/value - {"text":"WebdriverYardxfixp"}
RESULT: {"text":"WebdriverYardxfixp"}
COMMAND: GET /session/6942dd4aefa05acfe787f49b28130ab8/screenshot - {}
RESULT: {}
COMMAND: POST /session/6942dd4aefa05acfe787f49b28130ab8/actions - {"actions":[{"id":"action68","type":"key","parameters":{},"actions":[{"type":"keyDown","value":""},{"type":"pause","duration":10},{"type":"keyUp","value":""}]}]}
RESULT: {"actions":[{"id":"action68","type":"key","parameters":{},"actions":[{"type":"keyDown","value":""},{"type":"pause","duration":10},{"type":"keyUp","value":""}]}]}
COMMAND: GET /session/6942dd4aefa05acfe787f49b28130ab8/screenshot - {}
RESULT: {}
COMMAND: POST /session/6942dd4aefa05acfe787f49b28130ab8/element - {"using":"xpath","value":"//input[@id=\"application-managesites-display-component---NewSite--addressDetailDetailsPartner-inner\"]"}
RESULT: {"using":"xpath","value":"//input[@id=\"application-managesites-display-component---NewSite--addressDetailDetailsPartner-inner\"]"}
COMMAND: POST /session/6942dd4aefa05acfe787f49b28130ab8/elements - {"using":"xpath","value":"//input[@id=\"application-managesites-display-component---NewSite--addressDetailDetailsPartner-inner\"]"}
RESULT: {"using":"xpath","value":"//input[@id=\"application-managesites-display-component---NewSite--addressDetailDetailsPartner-inner\"]"}
COMMAND: POST /session/6942dd4aefa05acfe787f49b28130ab8/execute/async - {"script":"<script> [1562 bytes]","args":[{"selector":{"controlType":"sap.m.Button","viewName":"etm.portal.ui.managesites.view.NewSmartSite","viewId":"application-managesites-display-component---NewSite","properties":{"text":"Commercial"},"interaction":{"idSuffix":"BDI-content"}},"wdio_ui5_key":"etmportal.ui.managesites.view.NewSmartSitesap.m.Button{\"text\":\"Commercial\"}"}]}
RESULT: {"script":"<script> [1562 bytes]","args":[{"selector":{"controlType":"sap.m.Button","viewName":"etm.portal.ui.managesites.view.NewSmartSite","viewId":"application-managesites-display-component---NewSite","properties":{"text":"Commercial"},"interaction":{"idSuffix":"BDI-content"}},"wdio_ui5_key":"etmportal.ui.managesites.view.NewSmartSitesap.m.Button{\"text\":\"Commercial\"}"}]}
RESULT: undefined
COMMAND: POST /session/6942dd4aefa05acfe787f49b28130ab8/element - {"using":"xpath","value":"//*[@id=\"application-managesites-display-component---NewSite--ObjectPageLayout-anchBar-__section31-anchor\"]"}
RESULT: {"using":"xpath","value":"//*[@id=\"application-managesites-display-component---NewSite--ObjectPageLayout-anchBar-__section31-anchor\"]"}
COMMAND: POST /session/6942dd4aefa05acfe787f49b28130ab8/element/f.F18A487FCC2B115A863E771091ABB869.d.DDD980D228A468ABE2278B6111D047A2.e.12953/click - {}
RESULT: {}
COMMAND: POST /session/6942dd4aefa05acfe787f49b28130ab8/execute/async - {"script":"<script> [1562 bytes]","args":[{"selector":{"controlType":"sap.m.Button","viewName":"etm.portal.ui.managesites.view.NewSmartSite","viewId":"application-managesites-display-component---NewSite","i18NText":{"propertyName":"text","key":"save"},"interaction":{"idSuffix":"BDI-content"}},"wdio_ui5_key":"etmportal.ui.managesites.view.NewSmartSitesap.m.Button{\"propertyName\":\"text\",\"key\":\"save\"}"}]}
COMMAND: GET /session/6942dd4aefa05acfe787f49b28130ab8/screenshot - {}
RESULT: {"script":"<script> [1562 bytes]","args":[{"selector":{"controlType":"sap.m.Button","viewName":"etm.portal.ui.managesites.view.NewSmartSite","viewId":"application-managesites-display-component---NewSite","i18NText":{"propertyName":"text","key":"save"},"interaction":{"idSuffix":"BDI-content"}},"wdio_ui5_key":"etmportal.ui.managesites.view.NewSmartSitesap.m.Button{\"propertyName\":\"text\",\"key\":\"save\"}"}]}
RESULT: undefined
COMMAND: POST /session/6942dd4aefa05acfe787f49b28130ab8/element - {"using":"xpath","value":"//*[@id=\"__button64\"]"}
RESULT: {}
RESULT: {"using":"xpath","value":"//*[@id=\"__button64\"]"}
COMMAND: POST /session/6942dd4aefa05acfe787f49b28130ab8/element/f.F18A487FCC2B115A863E771091ABB869.d.DDD980D228A468ABE2278B6111D047A2.e.12871/click - {}
RESULT: {}
COMMAND: GET /session/6942dd4aefa05acfe787f49b28130ab8/screenshot - {}
RESULT: {}
COMMAND: POST /session/6942dd4aefa05acfe787f49b28130ab8/execute/async - {"script":"<script> [1562 bytes]","args":[{"selector":{"id":"application-managesites-display-component---detailSite--addressDetailDetailsYardText"},"wdio_ui5_key":"applicationmanagesites-display-component---detailSite--addressDetailDetailsYardText"}]}
RESULT: {"script":"<script> [1562 bytes]","args":[{"selector":{"id":"application-managesites-display-component---detailSite--addressDetailDetailsYardText"},"wdio_ui5_key":"applicationmanagesites-display-component---detailSite--addressDetailDetailsYardText"}]}
RESULT: undefined
COMMAND: POST /session/6942dd4aefa05acfe787f49b28130ab8/element - {"using":"xpath","value":"//header/div/div[2]/div[2]/span"}
RESULT: {"using":"xpath","value":"//header/div/div[2]/div[2]/span"}
COMMAND: GET /session/6942dd4aefa05acfe787f49b28130ab8/element/f.F18A487FCC2B115A863E771091ABB869.d.DDD980D228A468ABE2278B6111D047A2.e.13157/text - {}
RESULT: {}
COMMAND: POST /session/6942dd4aefa05acfe787f49b28130ab8/element - {"using":"xpath","value":"//header/div/div/div/div/div/div[2]/div/span"}
RESULT: {"using":"xpath","value":"//header/div/div/div/div/div/div[2]/div/span"}
COMMAND: GET /session/6942dd4aefa05acfe787f49b28130ab8/element/f.F18A487FCC2B115A863E771091ABB869.d.DDD980D228A468ABE2278B6111D047A2.e.13158/text - {}
RESULT: {}
COMMAND: POST /session/6942dd4aefa05acfe787f49b28130ab8/element - {"using":"css selector","value":"#shell-header-logo"}
RESULT: {"using":"css selector","value":"#shell-header-logo"}
COMMAND: POST /session/6942dd4aefa05acfe787f49b28130ab8/element/f.F18A487FCC2B115A863E771091ABB869.d.DDD980D228A468ABE2278B6111D047A2.e.12277/click - {}
RESULT: {}
COMMAND: GET /session/6942dd4aefa05acfe787f49b28130ab8/screenshot - {}
RESULT: {}
]]></system-out>
    </testcase>
    <testcase classname="chrome.136_0_7103_93.windows.E2E_-_Logistical_and_commercial_statuses" name="It should stock increase the resource" time="239.541">
      <system-out><![CDATA[
COMMAND: POST /session/6942dd4aefa05acfe787f49b28130ab8/execute/async - {"script":"<script> [1562 bytes]","args":[{"selector":{"controlType":"sap.m.GenericTile","properties":{"header":"Manage Resources"}},"wdio_ui5_key":"sapm.GenericTile{\"header\":\"Manage Resources\"}"}]}
RESULT: {"script":"<script> [1562 bytes]","args":[{"selector":{"controlType":"sap.m.GenericTile","properties":{"header":"Manage Resources"}},"wdio_ui5_key":"sapm.GenericTile{\"header\":\"Manage Resources\"}"}]}
RESULT: undefined
COMMAND: POST /session/6942dd4aefa05acfe787f49b28130ab8/element - {"using":"xpath","value":"//*[@id=\"__tile39\"]"}
RESULT: {"using":"xpath","value":"//*[@id=\"__tile39\"]"}
COMMAND: POST /session/6942dd4aefa05acfe787f49b28130ab8/element/f.F18A487FCC2B115A863E771091ABB869.d.DDD980D228A468ABE2278B6111D047A2.e.13160/click - {}
RESULT: {}
COMMAND: GET /session/6942dd4aefa05acfe787f49b28130ab8/screenshot - {}
RESULT: {}
COMMAND: POST /session/6942dd4aefa05acfe787f49b28130ab8/elements - {"using":"xpath","value":"//span[text()='Error']"}
RESULT: {"using":"xpath","value":"//span[text()='Error']"}
COMMAND: POST /session/6942dd4aefa05acfe787f49b28130ab8/element - {"using":"xpath","value":"//button[@data-kt=\"addNewRUOverflowToolbarButton\"]"}
RESULT: {"using":"xpath","value":"//button[@data-kt=\"addNewRUOverflowToolbarButton\"]"}
COMMAND: POST /session/6942dd4aefa05acfe787f49b28130ab8/execute/sync - {"script":"<script> [8489 bytes]","args":[{"element-6066-11e4-a52e-4f735466cecf":"f.F18A487FCC2B115A863E771091ABB869.d.DDD980D228A468ABE2278B6111D047A2.e.13201","ELEMENT":"f.F18A487FCC2B115A863E771091ABB869.d.DDD980D228A468ABE2278B6111D047A2.e.13201"}]}
RESULT: {"script":"<script> [8489 bytes]","args":[{"element-6066-11e4-a52e-4f735466cecf":"f.F18A487FCC2B115A863E771091ABB869.d.DDD980D228A468ABE2278B6111D047A2.e.13201","ELEMENT":"f.F18A487FCC2B115A863E771091ABB869.d.DDD980D228A468ABE2278B6111D047A2.e.13201"}]}
COMMAND: POST /session/6942dd4aefa05acfe787f49b28130ab8/element/f.F18A487FCC2B115A863E771091ABB869.d.DDD980D228A468ABE2278B6111D047A2.e.13201/click - {}
COMMAND: GET /session/6942dd4aefa05acfe787f49b28130ab8/screenshot - {}
RESULT: {}
COMMAND: POST /session/6942dd4aefa05acfe787f49b28130ab8/execute/async - {"script":"<script> [1562 bytes]","args":[{"selector":{"id":"application-manageresources-display-component---newResourceUnit--TYPE-arrow"},"wdio_ui5_key":"applicationmanageresources-display-component---newResourceUnit--TYPE-arrow"}]}
COMMAND: GET /session/6942dd4aefa05acfe787f49b28130ab8/screenshot - {}
RESULT: {}
RESULT: {}
RESULT: {"script":"<script> [1562 bytes]","args":[{"selector":{"id":"application-manageresources-display-component---newResourceUnit--TYPE-arrow"},"wdio_ui5_key":"applicationmanageresources-display-component---newResourceUnit--TYPE-arrow"}]}
RESULT: undefined
COMMAND: POST /session/6942dd4aefa05acfe787f49b28130ab8/element - {"using":"xpath","value":"//*[@id=\"application-manageresources-display-component---newResourceUnit--TYPE-arrow\"]"}
RESULT: {"using":"xpath","value":"//*[@id=\"application-manageresources-display-component---newResourceUnit--TYPE-arrow\"]"}
COMMAND: POST /session/6942dd4aefa05acfe787f49b28130ab8/element/f.F18A487FCC2B115A863E771091ABB869.d.DDD980D228A468ABE2278B6111D047A2.e.13528/click - {}
RESULT: {}
COMMAND: POST /session/6942dd4aefa05acfe787f49b28130ab8/execute/async - {"script":"<script> [1562 bytes]","args":[{"selector":{"controlType":"sap.m.StandardListItem","viewName":"reusables.view.manageresources.NewResourceUnit","viewId":"application-manageresources-display-component---newResourceUnit","properties":{"title":"Material"},"searchOpenDialogs":true,"interaction":{"idSuffix":"titleText"}},"wdio_ui5_key":"reusablesview.manageresources.NewResourceUnitsap.m.StandardListItem{\"title\":\"Material\"}"}]}
COMMAND: GET /session/6942dd4aefa05acfe787f49b28130ab8/screenshot - {}
RESULT: {"script":"<script> [1562 bytes]","args":[{"selector":{"controlType":"sap.m.StandardListItem","viewName":"reusables.view.manageresources.NewResourceUnit","viewId":"application-manageresources-display-component---newResourceUnit","properties":{"title":"Material"},"searchOpenDialogs":true,"interaction":{"idSuffix":"titleText"}},"wdio_ui5_key":"reusablesview.manageresources.NewResourceUnitsap.m.StandardListItem{\"title\":\"Material\"}"}]}
RESULT: undefined
COMMAND: POST /session/6942dd4aefa05acfe787f49b28130ab8/element - {"using":"xpath","value":"//*[@id=\"__item1266\"]"}
RESULT: {}
RESULT: {"using":"xpath","value":"//*[@id=\"__item1266\"]"}
COMMAND: POST /session/6942dd4aefa05acfe787f49b28130ab8/element/f.F18A487FCC2B115A863E771091ABB869.d.DDD980D228A468ABE2278B6111D047A2.e.13531/click - {}
RESULT: {}
COMMAND: POST /session/6942dd4aefa05acfe787f49b28130ab8/execute/async - {"script":"<script> [1562 bytes]","args":[{"selector":{"id":"application-manageresources-display-component---newResourceUnit--SHORT_TEXT","interaction":{"idSuffix":"inner"}},"wdio_ui5_key":"applicationmanageresources-display-component---newResourceUnit--SHORT_TEXT"}]}
COMMAND: GET /session/6942dd4aefa05acfe787f49b28130ab8/screenshot - {}
RESULT: {"script":"<script> [1562 bytes]","args":[{"selector":{"id":"application-manageresources-display-component---newResourceUnit--SHORT_TEXT","interaction":{"idSuffix":"inner"}},"wdio_ui5_key":"applicationmanageresources-display-component---newResourceUnit--SHORT_TEXT"}]}
RESULT: undefined
COMMAND: POST /session/6942dd4aefa05acfe787f49b28130ab8/execute/async - {"script":"<script> [776 bytes]","args":[{"enterText":"WebdriverMatTestnc4dc","selector":{"id":"application-manageresources-display-component---newResourceUnit--SHORT_TEXT","interaction":{"idSuffix":"inner"}},"clearTextFirst":true,"interactionType":"ENTER_TEXT"}]}
RESULT: {}
RESULT: {"script":"<script> [776 bytes]","args":[{"enterText":"WebdriverMatTestnc4dc","selector":{"id":"application-manageresources-display-component---newResourceUnit--SHORT_TEXT","interaction":{"idSuffix":"inner"}},"clearTextFirst":true,"interactionType":"ENTER_TEXT"}]}
COMMAND: POST /session/6942dd4aefa05acfe787f49b28130ab8/execute/async - {"script":"<script> [1562 bytes]","args":[{"selector":{"id":"application-manageresources-display-component---newResourceUnit--BASE_UNIT_OF_MEASURE-arrow"},"wdio_ui5_key":"applicationmanageresources-display-component---newResourceUnit--BASE_UNIT_OF_MEASURE-arrow"}]}
RESULT: {"script":"<script> [1562 bytes]","args":[{"selector":{"id":"application-manageresources-display-component---newResourceUnit--BASE_UNIT_OF_MEASURE-arrow"},"wdio_ui5_key":"applicationmanageresources-display-component---newResourceUnit--BASE_UNIT_OF_MEASURE-arrow"}]}
RESULT: undefined
COMMAND: POST /session/6942dd4aefa05acfe787f49b28130ab8/element - {"using":"xpath","value":"//*[@id=\"application-manageresources-display-component---newResourceUnit--BASE_UNIT_OF_MEASURE-arrow\"]"}
RESULT: {"using":"xpath","value":"//*[@id=\"application-manageresources-display-component---newResourceUnit--BASE_UNIT_OF_MEASURE-arrow\"]"}
COMMAND: POST /session/6942dd4aefa05acfe787f49b28130ab8/element/f.F18A487FCC2B115A863E771091ABB869.d.DDD980D228A468ABE2278B6111D047A2.e.13651/click - {}
RESULT: {}
COMMAND: POST /session/6942dd4aefa05acfe787f49b28130ab8/execute/async - {"script":"<script> [1562 bytes]","args":[{"selector":{"controlType":"sap.m.StandardListItem","viewName":"reusables.view.manageresources.NewResourceUnit","viewId":"application-manageresources-display-component---newResourceUnit","properties":{"title":"Piece"},"searchOpenDialogs":true,"interaction":{"idSuffix":"titleText"}},"wdio_ui5_key":"reusablesview.manageresources.NewResourceUnitsap.m.StandardListItem{\"title\":\"Piece\"}"}]}
COMMAND: GET /session/6942dd4aefa05acfe787f49b28130ab8/screenshot - {}
RESULT: {"script":"<script> [1562 bytes]","args":[{"selector":{"controlType":"sap.m.StandardListItem","viewName":"reusables.view.manageresources.NewResourceUnit","viewId":"application-manageresources-display-component---newResourceUnit","properties":{"title":"Piece"},"searchOpenDialogs":true,"interaction":{"idSuffix":"titleText"}},"wdio_ui5_key":"reusablesview.manageresources.NewResourceUnitsap.m.StandardListItem{\"title\":\"Piece\"}"}]}
RESULT: undefined
COMMAND: POST /session/6942dd4aefa05acfe787f49b28130ab8/element - {"using":"xpath","value":"//*[@id=\"__item1319\"]"}
RESULT: {}
RESULT: {"using":"xpath","value":"//*[@id=\"__item1319\"]"}
COMMAND: POST /session/6942dd4aefa05acfe787f49b28130ab8/element/f.F18A487FCC2B115A863E771091ABB869.d.DDD980D228A468ABE2278B6111D047A2.e.13653/click - {}
RESULT: {}
COMMAND: POST /session/6942dd4aefa05acfe787f49b28130ab8/element - {"using":"xpath","value":"//input[contains(@id ,\"application-manageresources-display-component---newResourceUnit--SHORT_TEXT-inner\")]"}
COMMAND: GET /session/6942dd4aefa05acfe787f49b28130ab8/screenshot - {}
RESULT: {"using":"xpath","value":"//input[contains(@id ,\"application-manageresources-display-component---newResourceUnit--SHORT_TEXT-inner\")]"}
COMMAND: GET /session/6942dd4aefa05acfe787f49b28130ab8/element/f.F18A487FCC2B115A863E771091ABB869.d.DDD980D228A468ABE2278B6111D047A2.e.13548/property/value - {}
RESULT: {}
RESULT: {}
COMMAND: POST /session/6942dd4aefa05acfe787f49b28130ab8/execute/async - {"script":"<script> [1562 bytes]","args":[{"selector":{"id":"application-manageresources-display-component---newResourceUnit--WEIGHT_UNIT-arrow"},"wdio_ui5_key":"applicationmanageresources-display-component---newResourceUnit--WEIGHT_UNIT-arrow"}]}
COMMAND: GET /session/6942dd4aefa05acfe787f49b28130ab8/screenshot - {}
RESULT: {"script":"<script> [1562 bytes]","args":[{"selector":{"id":"application-manageresources-display-component---newResourceUnit--WEIGHT_UNIT-arrow"},"wdio_ui5_key":"applicationmanageresources-display-component---newResourceUnit--WEIGHT_UNIT-arrow"}]}
RESULT: undefined
COMMAND: POST /session/6942dd4aefa05acfe787f49b28130ab8/element - {"using":"xpath","value":"//*[@id=\"application-manageresources-display-component---newResourceUnit--WEIGHT_UNIT-arrow\"]"}
RESULT: {}
RESULT: {"using":"xpath","value":"//*[@id=\"application-manageresources-display-component---newResourceUnit--WEIGHT_UNIT-arrow\"]"}
COMMAND: POST /session/6942dd4aefa05acfe787f49b28130ab8/element/f.F18A487FCC2B115A863E771091ABB869.d.DDD980D228A468ABE2278B6111D047A2.e.13654/click - {}
RESULT: {}
COMMAND: POST /session/6942dd4aefa05acfe787f49b28130ab8/execute/async - {"script":"<script> [1562 bytes]","args":[{"selector":{"controlType":"sap.m.StandardListItem","viewName":"reusables.view.manageresources.NewResourceUnit","viewId":"application-manageresources-display-component---newResourceUnit","properties":{"title":"Gram"},"searchOpenDialogs":true,"interaction":{"idSuffix":"content"}},"wdio_ui5_key":"reusablesview.manageresources.NewResourceUnitsap.m.StandardListItem{\"title\":\"Gram\"}"}]}
COMMAND: GET /session/6942dd4aefa05acfe787f49b28130ab8/screenshot - {}
RESULT: {"script":"<script> [1562 bytes]","args":[{"selector":{"controlType":"sap.m.StandardListItem","viewName":"reusables.view.manageresources.NewResourceUnit","viewId":"application-manageresources-display-component---newResourceUnit","properties":{"title":"Gram"},"searchOpenDialogs":true,"interaction":{"idSuffix":"content"}},"wdio_ui5_key":"reusablesview.manageresources.NewResourceUnitsap.m.StandardListItem{\"title\":\"Gram\"}"}]}
RESULT: undefined
COMMAND: POST /session/6942dd4aefa05acfe787f49b28130ab8/element - {"using":"xpath","value":"//*[@id=\"__item1384\"]"}
RESULT: {}
RESULT: {"using":"xpath","value":"//*[@id=\"__item1384\"]"}
COMMAND: POST /session/6942dd4aefa05acfe787f49b28130ab8/element/f.F18A487FCC2B115A863E771091ABB869.d.DDD980D228A468ABE2278B6111D047A2.e.13656/click - {}
RESULT: {}
COMMAND: POST /session/6942dd4aefa05acfe787f49b28130ab8/execute/async - {"script":"<script> [1562 bytes]","args":[{"selector":{"id":"application-manageresources-display-component---newResourceUnit--newRRUPage-OPHeaderContent-collapseBtn-img"},"wdio_ui5_key":"applicationmanageresources-display-component---newResourceUnit--newRRUPage-OPHeaderContent-collapseBtn-img"}]}
COMMAND: GET /session/6942dd4aefa05acfe787f49b28130ab8/screenshot - {}
RESULT: {"script":"<script> [1562 bytes]","args":[{"selector":{"id":"application-manageresources-display-component---newResourceUnit--newRRUPage-OPHeaderContent-collapseBtn-img"},"wdio_ui5_key":"applicationmanageresources-display-component---newResourceUnit--newRRUPage-OPHeaderContent-collapseBtn-img"}]}
RESULT: undefined
COMMAND: POST /session/6942dd4aefa05acfe787f49b28130ab8/element - {"using":"xpath","value":"//*[@id=\"application-manageresources-display-component---newResourceUnit--newRRUPage-OPHeaderContent-collapseBtn-img\"]"}
RESULT: {}
RESULT: {"using":"xpath","value":"//*[@id=\"application-manageresources-display-component---newResourceUnit--newRRUPage-OPHeaderContent-collapseBtn-img\"]"}
COMMAND: POST /session/6942dd4aefa05acfe787f49b28130ab8/element/f.F18A487FCC2B115A863E771091ABB869.d.DDD980D228A468ABE2278B6111D047A2.e.13538/click - {}
RESULT: {}
COMMAND: GET /session/6942dd4aefa05acfe787f49b28130ab8/screenshot - {}
RESULT: {}
COMMAND: POST /session/6942dd4aefa05acfe787f49b28130ab8/element - {"using":"xpath","value":"(//span[contains(@id ,\"application-manageresources-display-component---newResourceUnit--DIMENSION_UNIT-arrow\")])[1]"}
RESULT: {"using":"xpath","value":"(//span[contains(@id ,\"application-manageresources-display-component---newResourceUnit--DIMENSION_UNIT-arrow\")])[1]"}
COMMAND: POST /session/6942dd4aefa05acfe787f49b28130ab8/element/f.F18A487FCC2B115A863E771091ABB869.d.DDD980D228A468ABE2278B6111D047A2.e.13662/click - {}
RESULT: {}
COMMAND: GET /session/6942dd4aefa05acfe787f49b28130ab8/screenshot - {}
RESULT: {}
COMMAND: POST /session/6942dd4aefa05acfe787f49b28130ab8/execute/async - {"script":"<script> [1562 bytes]","args":[{"selector":{"controlType":"sap.m.StandardListItem","viewName":"reusables.view.manageresources.NewResourceUnit","viewId":"application-manageresources-display-component---newResourceUnit","properties":{"title":"Centimeter"},"searchOpenDialogs":true,"interaction":{"idSuffix":"titleText"}},"wdio_ui5_key":"reusablesview.manageresources.NewResourceUnitsap.m.StandardListItem{\"title\":\"Centimeter\"}"}]}
RESULT: {"script":"<script> [1562 bytes]","args":[{"selector":{"controlType":"sap.m.StandardListItem","viewName":"reusables.view.manageresources.NewResourceUnit","viewId":"application-manageresources-display-component---newResourceUnit","properties":{"title":"Centimeter"},"searchOpenDialogs":true,"interaction":{"idSuffix":"titleText"}},"wdio_ui5_key":"reusablesview.manageresources.NewResourceUnitsap.m.StandardListItem{\"title\":\"Centimeter\"}"}]}
RESULT: undefined
COMMAND: POST /session/6942dd4aefa05acfe787f49b28130ab8/element - {"using":"xpath","value":"//*[@id=\"__item1387\"]"}
RESULT: {"using":"xpath","value":"//*[@id=\"__item1387\"]"}
COMMAND: POST /session/6942dd4aefa05acfe787f49b28130ab8/element/f.F18A487FCC2B115A863E771091ABB869.d.DDD980D228A468ABE2278B6111D047A2.e.13664/click - {}
RESULT: {}
COMMAND: POST /session/6942dd4aefa05acfe787f49b28130ab8/execute/async - {"script":"<script> [1562 bytes]","args":[{"selector":{"id":"application-manageresources-display-component---newResourceUnit--newRRUPage-anchBar-application-manageresources-display-component---newResourceUnit--reference-anchor","interaction":{"idSuffix":"BDI-content"}},"wdio_ui5_key":"applicationmanageresources-display-component---newResourceUnit--newRRUPage-anchBar-application-manageresources-display-component---newResourceUnit--reference-anchor"}]}
COMMAND: GET /session/6942dd4aefa05acfe787f49b28130ab8/screenshot - {}
RESULT: {"script":"<script> [1562 bytes]","args":[{"selector":{"id":"application-manageresources-display-component---newResourceUnit--newRRUPage-anchBar-application-manageresources-display-component---newResourceUnit--reference-anchor","interaction":{"idSuffix":"BDI-content"}},"wdio_ui5_key":"applicationmanageresources-display-component---newResourceUnit--newRRUPage-anchBar-application-manageresources-display-component---newResourceUnit--reference-anchor"}]}
RESULT: undefined
COMMAND: POST /session/6942dd4aefa05acfe787f49b28130ab8/element - {"using":"xpath","value":"//*[@id=\"application-manageresources-display-component---newResourceUnit--newRRUPage-anchBar-application-manageresources-display-component---newResourceUnit--reference-anchor\"]"}
RESULT: {}
RESULT: {"using":"xpath","value":"//*[@id=\"application-manageresources-display-component---newResourceUnit--newRRUPage-anchBar-application-manageresources-display-component---newResourceUnit--reference-anchor\"]"}
COMMAND: POST /session/6942dd4aefa05acfe787f49b28130ab8/element/f.F18A487FCC2B115A863E771091ABB869.d.DDD980D228A468ABE2278B6111D047A2.e.13666/click - {}
RESULT: {}
COMMAND: POST /session/6942dd4aefa05acfe787f49b28130ab8/execute/async - {"script":"<script> [1562 bytes]","args":[{"selector":{"id":"application-manageresources-display-component---newResourceUnit--PLANNING_GROUP-arrow"},"wdio_ui5_key":"applicationmanageresources-display-component---newResourceUnit--PLANNING_GROUP-arrow"}]}
COMMAND: GET /session/6942dd4aefa05acfe787f49b28130ab8/screenshot - {}
RESULT: {"script":"<script> [1562 bytes]","args":[{"selector":{"id":"application-manageresources-display-component---newResourceUnit--PLANNING_GROUP-arrow"},"wdio_ui5_key":"applicationmanageresources-display-component---newResourceUnit--PLANNING_GROUP-arrow"}]}
RESULT: undefined
COMMAND: POST /session/6942dd4aefa05acfe787f49b28130ab8/element - {"using":"xpath","value":"//*[@id=\"application-manageresources-display-component---newResourceUnit--PLANNING_GROUP-arrow\"]"}
RESULT: {}
RESULT: {"using":"xpath","value":"//*[@id=\"application-manageresources-display-component---newResourceUnit--PLANNING_GROUP-arrow\"]"}
COMMAND: POST /session/6942dd4aefa05acfe787f49b28130ab8/element/f.F18A487FCC2B115A863E771091ABB869.d.DDD980D228A468ABE2278B6111D047A2.e.13670/click - {}
RESULT: {}
COMMAND: POST /session/6942dd4aefa05acfe787f49b28130ab8/execute/async - {"script":"<script> [1562 bytes]","args":[{"selector":{"controlType":"sap.m.StandardListItem","viewName":"reusables.view.manageresources.NewResourceUnit","viewId":"application-manageresources-display-component---newResourceUnit","properties":{"title":"Heavy Equi"},"searchOpenDialogs":true,"interaction":{"idSuffix":"content"}},"wdio_ui5_key":"reusablesview.manageresources.NewResourceUnitsap.m.StandardListItem{\"title\":\"Heavy Equi\"}"}]}
COMMAND: GET /session/6942dd4aefa05acfe787f49b28130ab8/screenshot - {}
RESULT: {"script":"<script> [1562 bytes]","args":[{"selector":{"controlType":"sap.m.StandardListItem","viewName":"reusables.view.manageresources.NewResourceUnit","viewId":"application-manageresources-display-component---newResourceUnit","properties":{"title":"Heavy Equi"},"searchOpenDialogs":true,"interaction":{"idSuffix":"content"}},"wdio_ui5_key":"reusablesview.manageresources.NewResourceUnitsap.m.StandardListItem{\"title\":\"Heavy Equi\"}"}]}
RESULT: undefined
COMMAND: POST /session/6942dd4aefa05acfe787f49b28130ab8/element - {"using":"xpath","value":"//*[@id=\"__item1395\"]"}
RESULT: {}
RESULT: {"using":"xpath","value":"//*[@id=\"__item1395\"]"}
COMMAND: POST /session/6942dd4aefa05acfe787f49b28130ab8/element/f.F18A487FCC2B115A863E771091ABB869.d.DDD980D228A468ABE2278B6111D047A2.e.13674/click - {}
RESULT: {}
COMMAND: GET /session/6942dd4aefa05acfe787f49b28130ab8/screenshot - {}
RESULT: {}
COMMAND: POST /session/6942dd4aefa05acfe787f49b28130ab8/execute/async - {"script":"<script> [1562 bytes]","args":[{"selector":{"id":"application-manageresources-display-component---newResourceUnit--PLANNING_INDICATOR-arrow"},"wdio_ui5_key":"applicationmanageresources-display-component---newResourceUnit--PLANNING_INDICATOR-arrow"}]}
RESULT: {"script":"<script> [1562 bytes]","args":[{"selector":{"id":"application-manageresources-display-component---newResourceUnit--PLANNING_INDICATOR-arrow"},"wdio_ui5_key":"applicationmanageresources-display-component---newResourceUnit--PLANNING_INDICATOR-arrow"}]}
RESULT: undefined
COMMAND: POST /session/6942dd4aefa05acfe787f49b28130ab8/element - {"using":"xpath","value":"//*[@id=\"application-manageresources-display-component---newResourceUnit--PLANNING_INDICATOR-arrow\"]"}
RESULT: {"using":"xpath","value":"//*[@id=\"application-manageresources-display-component---newResourceUnit--PLANNING_INDICATOR-arrow\"]"}
COMMAND: POST /session/6942dd4aefa05acfe787f49b28130ab8/element/f.F18A487FCC2B115A863E771091ABB869.d.DDD980D228A468ABE2278B6111D047A2.e.13675/click - {}
RESULT: {}
COMMAND: POST /session/6942dd4aefa05acfe787f49b28130ab8/execute/async - {"script":"<script> [1562 bytes]","args":[{"selector":{"controlType":"sap.m.StandardListItem","viewName":"reusables.view.manageresources.NewResourceUnit","viewId":"application-manageresources-display-component---newResourceUnit","properties":{"title":"10 - infinite"},"searchOpenDialogs":true,"interaction":{"idSuffix":"content"}},"wdio_ui5_key":"reusablesview.manageresources.NewResourceUnitsap.m.StandardListItem{\"title\":\"10 - infinite\"}"}]}
COMMAND: GET /session/6942dd4aefa05acfe787f49b28130ab8/screenshot - {}
RESULT: {"script":"<script> [1562 bytes]","args":[{"selector":{"controlType":"sap.m.StandardListItem","viewName":"reusables.view.manageresources.NewResourceUnit","viewId":"application-manageresources-display-component---newResourceUnit","properties":{"title":"10 - infinite"},"searchOpenDialogs":true,"interaction":{"idSuffix":"content"}},"wdio_ui5_key":"reusablesview.manageresources.NewResourceUnitsap.m.StandardListItem{\"title\":\"10 - infinite\"}"}]}
RESULT: undefined
COMMAND: POST /session/6942dd4aefa05acfe787f49b28130ab8/element - {"using":"xpath","value":"//*[@id=\"__item1405\"]"}
RESULT: {}
RESULT: {"using":"xpath","value":"//*[@id=\"__item1405\"]"}
COMMAND: POST /session/6942dd4aefa05acfe787f49b28130ab8/element/f.F18A487FCC2B115A863E771091ABB869.d.DDD980D228A468ABE2278B6111D047A2.e.13677/click - {}
RESULT: {}
COMMAND: GET /session/6942dd4aefa05acfe787f49b28130ab8/screenshot - {}
RESULT: {}
COMMAND: POST /session/6942dd4aefa05acfe787f49b28130ab8/element - {"using":"xpath","value":"//bdi[contains(text(), \"Time Segment\")]"}
RESULT: {"using":"xpath","value":"//bdi[contains(text(), \"Time Segment\")]"}
COMMAND: GET /session/6942dd4aefa05acfe787f49b28130ab8/element/f.F18A487FCC2B115A863E771091ABB869.d.DDD980D228A468ABE2278B6111D047A2.e.13678/rect - {}
RESULT: {}
COMMAND: GET /session/6942dd4aefa05acfe787f49b28130ab8/window/rect - {}
RESULT: {}
COMMAND: POST /session/6942dd4aefa05acfe787f49b28130ab8/execute/sync - {"script":"<script> [92 bytes]","args":[]}
RESULT: {"script":"<script> [92 bytes]","args":[]}
COMMAND: POST /session/6942dd4aefa05acfe787f49b28130ab8/actions - {"actions":[{"id":"action69","type":"wheel","parameters":{},"actions":[{"type":"scroll","x":-1820,"y":-21,"deltaX":0,"deltaY":0,"duration":0,"origin":{"element-6066-11e4-a52e-4f735466cecf":"f.F18A487FCC2B115A863E771091ABB869.d.DDD980D228A468ABE2278B6111D047A2.e.13678"}}]}]}
COMMAND: GET /session/6942dd4aefa05acfe787f49b28130ab8/screenshot - {}
RESULT: {}
COMMAND: POST /session/6942dd4aefa05acfe787f49b28130ab8/execute/sync - {"script":"<script> [79 bytes]","args":[{"element-6066-11e4-a52e-4f735466cecf":"f.F18A487FCC2B115A863E771091ABB869.d.DDD980D228A468ABE2278B6111D047A2.e.13678","ELEMENT":"f.F18A487FCC2B115A863E771091ABB869.d.DDD980D228A468ABE2278B6111D047A2.e.13678"},{"block":"start","inline":"nearest"}]}
RESULT: {"script":"<script> [79 bytes]","args":[{"element-6066-11e4-a52e-4f735466cecf":"f.F18A487FCC2B115A863E771091ABB869.d.DDD980D228A468ABE2278B6111D047A2.e.13678","ELEMENT":"f.F18A487FCC2B115A863E771091ABB869.d.DDD980D228A468ABE2278B6111D047A2.e.13678"},{"block":"start","inline":"nearest"}]}
COMMAND: GET /session/6942dd4aefa05acfe787f49b28130ab8/screenshot - {}
RESULT: {}
COMMAND: POST /session/6942dd4aefa05acfe787f49b28130ab8/element - {"using":"xpath","value":"//span[@id=\"application-manageresources-display-component---newResourceUnit--btnAddTimeSegment-img\"]"}
RESULT: {"using":"xpath","value":"//span[@id=\"application-manageresources-display-component---newResourceUnit--btnAddTimeSegment-img\"]"}
COMMAND: POST /session/6942dd4aefa05acfe787f49b28130ab8/execute/sync - {"script":"<script> [8489 bytes]","args":[{"element-6066-11e4-a52e-4f735466cecf":"f.F18A487FCC2B115A863E771091ABB869.d.DDD980D228A468ABE2278B6111D047A2.e.13681","ELEMENT":"f.F18A487FCC2B115A863E771091ABB869.d.DDD980D228A468ABE2278B6111D047A2.e.13681"}]}
RESULT: {"script":"<script> [8489 bytes]","args":[{"element-6066-11e4-a52e-4f735466cecf":"f.F18A487FCC2B115A863E771091ABB869.d.DDD980D228A468ABE2278B6111D047A2.e.13681","ELEMENT":"f.F18A487FCC2B115A863E771091ABB869.d.DDD980D228A468ABE2278B6111D047A2.e.13681"}]}
COMMAND: POST /session/6942dd4aefa05acfe787f49b28130ab8/element/f.F18A487FCC2B115A863E771091ABB869.d.DDD980D228A468ABE2278B6111D047A2.e.13681/click - {}
COMMAND: GET /session/6942dd4aefa05acfe787f49b28130ab8/screenshot - {}
RESULT: {}
COMMAND: GET /session/6942dd4aefa05acfe787f49b28130ab8/screenshot - {}
COMMAND: POST /session/6942dd4aefa05acfe787f49b28130ab8/element - {"using":"xpath","value":"//input[@id=\"application-manageresources-display-component---newResourceUnit--idRuTSAdmin-application-manageresources-display-component---newResourceUnit--RUTimeSegment-0-inner\"]"}
RESULT: {}
RESULT: {}
RESULT: {"using":"xpath","value":"//input[@id=\"application-manageresources-display-component---newResourceUnit--idRuTSAdmin-application-manageresources-display-component---newResourceUnit--RUTimeSegment-0-inner\"]"}
COMMAND: POST /session/6942dd4aefa05acfe787f49b28130ab8/element/f.F18A487FCC2B115A863E771091ABB869.d.DDD980D228A468ABE2278B6111D047A2.e.13684/clear - {}
RESULT: {}
COMMAND: POST /session/6942dd4aefa05acfe787f49b28130ab8/element/f.F18A487FCC2B115A863E771091ABB869.d.DDD980D228A468ABE2278B6111D047A2.e.13684/value - {"text":"WebdriverYardxfixp"}
COMMAND: GET /session/6942dd4aefa05acfe787f49b28130ab8/screenshot - {}
RESULT: {"text":"WebdriverYardxfixp"}
COMMAND: GET /session/6942dd4aefa05acfe787f49b28130ab8/screenshot - {}
RESULT: {}
RESULT: {}
COMMAND: POST /session/6942dd4aefa05acfe787f49b28130ab8/actions - {"actions":[{"id":"action70","type":"key","parameters":{},"actions":[{"type":"keyDown","value":""},{"type":"pause","duration":10},{"type":"keyUp","value":""}]}]}
RESULT: {"actions":[{"id":"action70","type":"key","parameters":{},"actions":[{"type":"keyDown","value":""},{"type":"pause","duration":10},{"type":"keyUp","value":""}]}]}
COMMAND: GET /session/6942dd4aefa05acfe787f49b28130ab8/screenshot - {}
RESULT: {}
COMMAND: POST /session/6942dd4aefa05acfe787f49b28130ab8/execute/async - {"script":"<script> [1562 bytes]","args":[{"selector":{"controlType":"sap.m.Button","viewName":"reusables.view.manageresources.NewResourceUnit","viewId":"application-manageresources-display-component---newResourceUnit","i18NText":{"propertyName":"tooltip","key":"save"},"interaction":{"idSuffix":"BDI-content"}},"wdio_ui5_key":"reusablesview.manageresources.NewResourceUnitsap.m.Button{\"propertyName\":\"tooltip\",\"key\":\"save\"}"}]}
RESULT: {"script":"<script> [1562 bytes]","args":[{"selector":{"controlType":"sap.m.Button","viewName":"reusables.view.manageresources.NewResourceUnit","viewId":"application-manageresources-display-component---newResourceUnit","i18NText":{"propertyName":"tooltip","key":"save"},"interaction":{"idSuffix":"BDI-content"}},"wdio_ui5_key":"reusablesview.manageresources.NewResourceUnitsap.m.Button{\"propertyName\":\"tooltip\",\"key\":\"save\"}"}]}
RESULT: undefined
COMMAND: POST /session/6942dd4aefa05acfe787f49b28130ab8/element - {"using":"xpath","value":"//*[@id=\"application-manageresources-display-component---newResourceUnit--createRuButton\"]"}
RESULT: {"using":"xpath","value":"//*[@id=\"application-manageresources-display-component---newResourceUnit--createRuButton\"]"}
COMMAND: POST /session/6942dd4aefa05acfe787f49b28130ab8/element/f.F18A487FCC2B115A863E771091ABB869.d.DDD980D228A468ABE2278B6111D047A2.e.13544/click - {}
RESULT: {}
COMMAND: GET /session/6942dd4aefa05acfe787f49b28130ab8/screenshot - {}
RESULT: {}
COMMAND: POST /session/6942dd4aefa05acfe787f49b28130ab8/execute/async - {"script":"<script> [1562 bytes]","args":[{"selector":{"controlType":"sap.m.Title","properties":{"text":"Success"},"searchOpenDialogs":true},"wdio_ui5_key":"sapm.Title{\"text\":\"Success\"}"}]}
RESULT: {"script":"<script> [1562 bytes]","args":[{"selector":{"controlType":"sap.m.Title","properties":{"text":"Success"},"searchOpenDialogs":true},"wdio_ui5_key":"sapm.Title{\"text\":\"Success\"}"}]}
RESULT: undefined
COMMAND: POST /session/6942dd4aefa05acfe787f49b28130ab8/execute/async - {"script":"<script> [6424 bytes]","args":[{"element-6066-11e4-a52e-4f735466cecf":"f.F18A487FCC2B115A863E771091ABB869.d.DDD980D228A468ABE2278B6111D047A2.e.13698"},"getText",[]]}
RESULT: {"script":"<script> [6424 bytes]","args":[{"element-6066-11e4-a52e-4f735466cecf":"f.F18A487FCC2B115A863E771091ABB869.d.DDD980D228A468ABE2278B6111D047A2.e.13698"},"getText",[]]}
COMMAND: POST /session/6942dd4aefa05acfe787f49b28130ab8/element - {"using":"xpath","value":"//*[contains(@id, '__text') and (contains(text(), 'successfully created') or contains(., 'successfully created'))]"}
RESULT: {"using":"xpath","value":"//*[contains(@id, '__text') and (contains(text(), 'successfully created') or contains(., 'successfully created'))]"}
COMMAND: GET /session/6942dd4aefa05acfe787f49b28130ab8/element/f.F18A487FCC2B115A863E771091ABB869.d.DDD980D228A468ABE2278B6111D047A2.e.13696/text - {}
RESULT: {}
COMMAND: POST /session/6942dd4aefa05acfe787f49b28130ab8/execute/async - {"script":"<script> [1562 bytes]","args":[{"selector":{"controlType":"sap.m.Button","properties":{"text":"Close"},"searchOpenDialogs":true,"interaction":{"idSuffix":"BDI-content"}},"wdio_ui5_key":"sapm.Button{\"text\":\"Close\"}"}]}
RESULT: {"script":"<script> [1562 bytes]","args":[{"selector":{"controlType":"sap.m.Button","properties":{"text":"Close"},"searchOpenDialogs":true,"interaction":{"idSuffix":"BDI-content"}},"wdio_ui5_key":"sapm.Button{\"text\":\"Close\"}"}]}
RESULT: undefined
COMMAND: POST /session/6942dd4aefa05acfe787f49b28130ab8/element - {"using":"xpath","value":"//*[@id=\"__mbox-btn-0\"]"}
RESULT: {"using":"xpath","value":"//*[@id=\"__mbox-btn-0\"]"}
COMMAND: POST /session/6942dd4aefa05acfe787f49b28130ab8/element/f.F18A487FCC2B115A863E771091ABB869.d.DDD980D228A468ABE2278B6111D047A2.e.13695/click - {}
RESULT: {}
COMMAND: GET /session/6942dd4aefa05acfe787f49b28130ab8/screenshot - {}
RESULT: {}
COMMAND: POST /session/6942dd4aefa05acfe787f49b28130ab8/execute/async - {"script":"<script> [1562 bytes]","args":[{"selector":{"controlType":"sap.ui.core.Icon","viewName":"etm.portal.ui.manageresources.view.Detail","viewId":"application-manageresources-display-component---detailRU","properties":{"src":{"regex":{"source":"overflow"}}}},"wdio_ui5_key":"etmportal.ui.manageresources.view.Detailsap.ui.core.Icon{\"src\":{\"regex\":{\"source\":\"overflow\"}}}"}]}
RESULT: {"script":"<script> [1562 bytes]","args":[{"selector":{"controlType":"sap.ui.core.Icon","viewName":"etm.portal.ui.manageresources.view.Detail","viewId":"application-manageresources-display-component---detailRU","properties":{"src":{"regex":{"source":"overflow"}}}},"wdio_ui5_key":"etmportal.ui.manageresources.view.Detailsap.ui.core.Icon{\"src\":{\"regex\":{\"source\":\"overflow\"}}}"}]}
RESULT: undefined
COMMAND: POST /session/6942dd4aefa05acfe787f49b28130ab8/element - {"using":"xpath","value":"//*[@id=\"__title36-_actionsToolbar-overflowButton-img\"]"}
RESULT: {"using":"xpath","value":"//*[@id=\"__title36-_actionsToolbar-overflowButton-img\"]"}
COMMAND: POST /session/6942dd4aefa05acfe787f49b28130ab8/element/f.F18A487FCC2B115A863E771091ABB869.d.DDD980D228A468ABE2278B6111D047A2.e.13734/click - {}
RESULT: {}
COMMAND: POST /session/6942dd4aefa05acfe787f49b28130ab8/execute/async - {"script":"<script> [1562 bytes]","args":[{"selector":{"controlType":"sap.m.Button","viewName":"etm.portal.ui.manageresources.view.Detail","viewId":"application-manageresources-display-component---detailRU","i18NText":{"propertyName":"tooltip","key":"closeColumn"},"searchOpenDialogs":true,"interaction":{"idSuffix":"inner"}},"wdio_ui5_key":"etmportal.ui.manageresources.view.Detailsap.m.Button{\"propertyName\":\"tooltip\",\"key\":\"closeColumn\"}"}]}
COMMAND: GET /session/6942dd4aefa05acfe787f49b28130ab8/screenshot - {}
RESULT: {"script":"<script> [1562 bytes]","args":[{"selector":{"controlType":"sap.m.Button","viewName":"etm.portal.ui.manageresources.view.Detail","viewId":"application-manageresources-display-component---detailRU","i18NText":{"propertyName":"tooltip","key":"closeColumn"},"searchOpenDialogs":true,"interaction":{"idSuffix":"inner"}},"wdio_ui5_key":"etmportal.ui.manageresources.view.Detailsap.m.Button{\"propertyName\":\"tooltip\",\"key\":\"closeColumn\"}"}]}
RESULT: undefined
COMMAND: POST /session/6942dd4aefa05acfe787f49b28130ab8/element - {"using":"xpath","value":"//*[@id=\"__button151\"]"}
RESULT: {}
RESULT: {"using":"xpath","value":"//*[@id=\"__button151\"]"}
COMMAND: POST /session/6942dd4aefa05acfe787f49b28130ab8/element/f.F18A487FCC2B115A863E771091ABB869.d.DDD980D228A468ABE2278B6111D047A2.e.13736/click - {}
RESULT: {}
COMMAND: GET /session/6942dd4aefa05acfe787f49b28130ab8/screenshot - {}
RESULT: {}
COMMAND: POST /session/6942dd4aefa05acfe787f49b28130ab8/refresh - {}
RESULT: {}
COMMAND: GET /session/6942dd4aefa05acfe787f49b28130ab8/screenshot - {}
RESULT: {}
COMMAND: POST /session/6942dd4aefa05acfe787f49b28130ab8/execute/async - {"script":"<script> [189 bytes]","args":[]}
RESULT: {"script":"<script> [189 bytes]","args":[]}
COMMAND: POST /session/6942dd4aefa05acfe787f49b28130ab8/execute/async - {"script":"<script> [123 bytes]","args":[]}
RESULT: {"script":"<script> [123 bytes]","args":[]}
COMMAND: POST /session/6942dd4aefa05acfe787f49b28130ab8/timeouts - {"script":"<number>"}
RESULT: {"script":"<number>"}
COMMAND: GET /session/6942dd4aefa05acfe787f49b28130ab8/timeouts - {}
RESULT: {}
RESULT: undefined
COMMAND: POST /session/6942dd4aefa05acfe787f49b28130ab8/execute/async - {"script":"<script> [2676 bytes]","args":[]}
RESULT: {"script":"<script> [2676 bytes]","args":[]}
COMMAND: POST /session/6942dd4aefa05acfe787f49b28130ab8/execute/async - {"script":"<script> [2342 bytes]","args":[{"protocol":"http","hostname":"0.0.0.0","path":"/","capabilities":{"browserName":"chrome","goog:chromeOptions":{"binary":"C:\\Program Files\\Google\\Chrome\\Application\\chrome.exe","args":["--start-maximized"]}},"logLevel":"warn","connectionRetryTimeout":120000,"connectionRetryCount":3,"logLevels":{},"enableDirectConnect":true,"strictSSL":true,"_":"65 more keys: [\"cacheDir\",\"port\",\"requestedCapabilities\",\"automationProtocol\",\"baseUrl\",\"waitforInterval\",\"waitforTimeout\",\"onReload\",\"beforeCommand\",\"afterCommand\",\"rootDir\",\"specs\",\"suites\",\"exclude\",\"groupLogsByTestSpec\",\"excludeDriverLogs\",\"bail\",\"framework\",\"reporters\",\"services\",\"maxInstances\",\"maxInstancesPerCapability\",\"injectGlobals\",\"filesToWatch\",\"execArgv\",\"runnerEnv\",\"runner\",\"shard\",\"specFileRetries\",\"specFileRetriesDelay\",\"specFileRetriesDeferred\",\"reporterSyncInterval\",\"reporterSyncTimeout\",\"cucumberFeaturesWithLineNumbers\",\"autoCompileOpts\",\"mochaOpts\",\"jasmineOpts\",\"cucumberOpts\",\"onPrepare\",\"onWorkerStart\",\"onWorkerEnd\",\"before\",\"beforeSession\",\"beforeSuite\",\"beforeHook\",\"beforeTest\",\"afterTest\",\"afterHook\",\"afterSuite\",\"afterSession\",\"after\",\"onComplete\",\"beforeAssertion\",\"afterAssertion\",\"beforeFeature\",\"beforeScenario\",\"beforeStep\",\"afterStep\",\"afterScenario\",\"afterFeature\",\"_\",\"suite\",\"$0\",\"ignoredWorkerServices\",\"wdi5\"]"}]}
RESULT: {"script":"<script> [2342 bytes]","args":[{"protocol":"http","hostname":"0.0.0.0","path":"/","capabilities":{"browserName":"chrome","goog:chromeOptions":{"binary":"C:\\Program Files\\Google\\Chrome\\Application\\chrome.exe","args":["--start-maximized"]}},"logLevel":"warn","connectionRetryTimeout":120000,"connectionRetryCount":3,"logLevels":{},"enableDirectConnect":true,"strictSSL":true,"_":"65 more keys: [\"cacheDir\",\"port\",\"requestedCapabilities\",\"automationProtocol\",\"baseUrl\",\"waitforInterval\",\"waitforTimeout\",\"onReload\",\"beforeCommand\",\"afterCommand\",\"rootDir\",\"specs\",\"suites\",\"exclude\",\"groupLogsByTestSpec\",\"excludeDriverLogs\",\"bail\",\"framework\",\"reporters\",\"services\",\"maxInstances\",\"maxInstancesPerCapability\",\"injectGlobals\",\"filesToWatch\",\"execArgv\",\"runnerEnv\",\"runner\",\"shard\",\"specFileRetries\",\"specFileRetriesDelay\",\"specFileRetriesDeferred\",\"reporterSyncInterval\",\"reporterSyncTimeout\",\"cucumberFeaturesWithLineNumbers\",\"autoCompileOpts\",\"mochaOpts\",\"jasmineOpts\",\"cucumberOpts\",\"onPrepare\",\"onWorkerStart\",\"onWorkerEnd\",\"before\",\"beforeSession\",\"beforeSuite\",\"beforeHook\",\"beforeTest\",\"afterTest\",\"afterHook\",\"afterSuite\",\"afterSession\",\"after\",\"onComplete\",\"beforeAssertion\",\"afterAssertion\",\"beforeFeature\",\"beforeScenario\",\"beforeStep\",\"afterStep\",\"afterScenario\",\"afterFeature\",\"_\",\"suite\",\"$0\",\"ignoredWorkerServices\",\"wdi5\"]"}]}
COMMAND: POST /session/6942dd4aefa05acfe787f49b28130ab8/execute/async - {"script":"<script> [21126 bytes]","args":[35000]}
RESULT: {"script":"<script> [21126 bytes]","args":[35000]}
COMMAND: POST /session/6942dd4aefa05acfe787f49b28130ab8/element - {"using":"css selector","value":"#shell-header-logo"}
RESULT: {"using":"css selector","value":"#shell-header-logo"}
COMMAND: POST /session/6942dd4aefa05acfe787f49b28130ab8/element/f.F18A487FCC2B115A863E771091ABB869.d.73243A2F318109DDECB60A5FE95D49F2.e.13832/click - {}
RESULT: {}
COMMAND: GET /session/6942dd4aefa05acfe787f49b28130ab8/screenshot - {}
RESULT: {}
COMMAND: POST /session/6942dd4aefa05acfe787f49b28130ab8/execute/async - {"script":"<script> [1562 bytes]","args":[{"selector":{"controlType":"sap.m.GenericTile","properties":{"header":"Manage Handovers"}},"wdio_ui5_key":"sapm.GenericTile{\"header\":\"Manage Handovers\"}"}]}
RESULT: {"script":"<script> [1562 bytes]","args":[{"selector":{"controlType":"sap.m.GenericTile","properties":{"header":"Manage Handovers"}},"wdio_ui5_key":"sapm.GenericTile{\"header\":\"Manage Handovers\"}"}]}
RESULT: undefined
COMMAND: POST /session/6942dd4aefa05acfe787f49b28130ab8/element - {"using":"xpath","value":"//*[@id=\"__tile133\"]"}
RESULT: {"using":"xpath","value":"//*[@id=\"__tile133\"]"}
COMMAND: POST /session/6942dd4aefa05acfe787f49b28130ab8/element/f.F18A487FCC2B115A863E771091ABB869.d.73243A2F318109DDECB60A5FE95D49F2.e.14021/click - {}
RESULT: {}
COMMAND: GET /session/6942dd4aefa05acfe787f49b28130ab8/screenshot - {}
RESULT: {}
COMMAND: POST /session/6942dd4aefa05acfe787f49b28130ab8/elements - {"using":"xpath","value":"//span[text()='Error']"}
RESULT: {"using":"xpath","value":"//span[text()='Error']"}
COMMAND: POST /session/6942dd4aefa05acfe787f49b28130ab8/element - {"using":"xpath","value":"//button[@data-kt=\"masterHOAddButton\"]"}
RESULT: {"using":"xpath","value":"//button[@data-kt=\"masterHOAddButton\"]"}
COMMAND: POST /session/6942dd4aefa05acfe787f49b28130ab8/execute/sync - {"script":"<script> [8489 bytes]","args":[{"element-6066-11e4-a52e-4f735466cecf":"f.F18A487FCC2B115A863E771091ABB869.d.73243A2F318109DDECB60A5FE95D49F2.e.14061","ELEMENT":"f.F18A487FCC2B115A863E771091ABB869.d.73243A2F318109DDECB60A5FE95D49F2.e.14061"}]}
RESULT: {"script":"<script> [8489 bytes]","args":[{"element-6066-11e4-a52e-4f735466cecf":"f.F18A487FCC2B115A863E771091ABB869.d.73243A2F318109DDECB60A5FE95D49F2.e.14061","ELEMENT":"f.F18A487FCC2B115A863E771091ABB869.d.73243A2F318109DDECB60A5FE95D49F2.e.14061"}]}
COMMAND: POST /session/6942dd4aefa05acfe787f49b28130ab8/element/f.F18A487FCC2B115A863E771091ABB869.d.73243A2F318109DDECB60A5FE95D49F2.e.14061/click - {}
COMMAND: GET /session/6942dd4aefa05acfe787f49b28130ab8/screenshot - {}
RESULT: {}
COMMAND: GET /session/6942dd4aefa05acfe787f49b28130ab8/screenshot - {}
RESULT: {}
COMMAND: POST /session/6942dd4aefa05acfe787f49b28130ab8/element - {"using":"xpath","value":"//span[contains(@id ,\"AddNewHO--typeSelect-arrow\")]"}
RESULT: {}
RESULT: {"using":"xpath","value":"//span[contains(@id ,\"AddNewHO--typeSelect-arrow\")]"}
COMMAND: POST /session/6942dd4aefa05acfe787f49b28130ab8/element/f.F18A487FCC2B115A863E771091ABB869.d.73243A2F318109DDECB60A5FE95D49F2.e.14358/click - {}
RESULT: {}
COMMAND: GET /session/6942dd4aefa05acfe787f49b28130ab8/screenshot - {}
RESULT: {}
COMMAND: POST /session/6942dd4aefa05acfe787f49b28130ab8/element - {"using":"xpath","value":"(//li[contains(text(), \"stock increase yard\")])[1]"}
RESULT: {"using":"xpath","value":"(//li[contains(text(), \"stock increase yard\")])[1]"}
COMMAND: POST /session/6942dd4aefa05acfe787f49b28130ab8/element/f.F18A487FCC2B115A863E771091ABB869.d.73243A2F318109DDECB60A5FE95D49F2.e.14359/click - {}
RESULT: {}
COMMAND: GET /session/6942dd4aefa05acfe787f49b28130ab8/screenshot - {}
RESULT: {}
COMMAND: POST /session/6942dd4aefa05acfe787f49b28130ab8/execute/async - {"script":"<script> [1562 bytes]","args":[{"selector":{"id":"application-managehandovers-display-component---AddNewHO--dueDate","interaction":{"idSuffix":"inner"}},"wdio_ui5_key":"applicationmanagehandovers-display-component---AddNewHO--dueDate"}]}
RESULT: {"script":"<script> [1562 bytes]","args":[{"selector":{"id":"application-managehandovers-display-component---AddNewHO--dueDate","interaction":{"idSuffix":"inner"}},"wdio_ui5_key":"applicationmanagehandovers-display-component---AddNewHO--dueDate"}]}
RESULT: undefined
COMMAND: POST /session/6942dd4aefa05acfe787f49b28130ab8/execute/async - {"script":"<script> [6424 bytes]","args":[{"element-6066-11e4-a52e-4f735466cecf":"f.F18A487FCC2B115A863E771091ABB869.d.73243A2F318109DDECB60A5FE95D49F2.e.14362"},"setValue",["5/27/25"]]}
RESULT: {"script":"<script> [6424 bytes]","args":[{"element-6066-11e4-a52e-4f735466cecf":"f.F18A487FCC2B115A863E771091ABB869.d.73243A2F318109DDECB60A5FE95D49F2.e.14362"},"setValue",["5/27/25"]]}
COMMAND: POST /session/6942dd4aefa05acfe787f49b28130ab8/element - {"using":"xpath","value":"//input[@id=\"generalSectionFrg--receiveYard-inner\"]"}
RESULT: {"using":"xpath","value":"//input[@id=\"generalSectionFrg--receiveYard-inner\"]"}
COMMAND: POST /session/6942dd4aefa05acfe787f49b28130ab8/element/f.F18A487FCC2B115A863E771091ABB869.d.73243A2F318109DDECB60A5FE95D49F2.e.14368/clear - {}
RESULT: {}
COMMAND: POST /session/6942dd4aefa05acfe787f49b28130ab8/element/f.F18A487FCC2B115A863E771091ABB869.d.73243A2F318109DDECB60A5FE95D49F2.e.14368/value - {"text":"WebdriverYardxfixp"}
COMMAND: GET /session/6942dd4aefa05acfe787f49b28130ab8/screenshot - {}
RESULT: {"text":"WebdriverYardxfixp"}
COMMAND: GET /session/6942dd4aefa05acfe787f49b28130ab8/screenshot - {}
RESULT: {}
RESULT: {}
COMMAND: POST /session/6942dd4aefa05acfe787f49b28130ab8/execute/async - {"script":"<script> [1562 bytes]","args":[{"selector":{"id":"application-managehandovers-display-component---AddNewHO--ObjectPageLayout-anchBar-application-managehandovers-display-component---AddNewHO--section4-anchor","interaction":{"idSuffix":"BDI-content"}},"wdio_ui5_key":"applicationmanagehandovers-display-component---AddNewHO--ObjectPageLayout-anchBar-application-managehandovers-display-component---AddNewHO--section4-anchor"}]}
RESULT: {"script":"<script> [1562 bytes]","args":[{"selector":{"id":"application-managehandovers-display-component---AddNewHO--ObjectPageLayout-anchBar-application-managehandovers-display-component---AddNewHO--section4-anchor","interaction":{"idSuffix":"BDI-content"}},"wdio_ui5_key":"applicationmanagehandovers-display-component---AddNewHO--ObjectPageLayout-anchBar-application-managehandovers-display-component---AddNewHO--section4-anchor"}]}
RESULT: undefined
COMMAND: POST /session/6942dd4aefa05acfe787f49b28130ab8/element - {"using":"xpath","value":"//*[@id=\"application-managehandovers-display-component---AddNewHO--ObjectPageLayout-anchBar-application-managehandovers-display-component---AddNewHO--section4-anchor\"]"}
RESULT: {"using":"xpath","value":"//*[@id=\"application-managehandovers-display-component---AddNewHO--ObjectPageLayout-anchBar-application-managehandovers-display-component---AddNewHO--section4-anchor\"]"}
COMMAND: POST /session/6942dd4aefa05acfe787f49b28130ab8/element/f.F18A487FCC2B115A863E771091ABB869.d.73243A2F318109DDECB60A5FE95D49F2.e.14388/click - {}
RESULT: {}
COMMAND: GET /session/6942dd4aefa05acfe787f49b28130ab8/screenshot - {}
RESULT: {}
COMMAND: POST /session/6942dd4aefa05acfe787f49b28130ab8/element - {"using":"xpath","value":"//button[@aria-label=\"Add\"]"}
RESULT: {"using":"xpath","value":"//button[@aria-label=\"Add\"]"}
COMMAND: POST /session/6942dd4aefa05acfe787f49b28130ab8/element/f.F18A487FCC2B115A863E771091ABB869.d.73243A2F318109DDECB60A5FE95D49F2.e.14392/click - {}
RESULT: {}
COMMAND: GET /session/6942dd4aefa05acfe787f49b28130ab8/screenshot - {}
COMMAND: POST /session/6942dd4aefa05acfe787f49b28130ab8/execute/async - {"script":"<script> [1562 bytes]","args":[{"selector":{"id":"application-managehandovers-display-component---AddNewHO--smartFilterBar-btnBasicSearch","searchOpenDialogs":true,"interaction":{"idSuffix":"I"}},"wdio_ui5_key":"applicationmanagehandovers-display-component---AddNewHO--smartFilterBar-btnBasicSearch"}]}
RESULT: {}
RESULT: {"script":"<script> [1562 bytes]","args":[{"selector":{"id":"application-managehandovers-display-component---AddNewHO--smartFilterBar-btnBasicSearch","searchOpenDialogs":true,"interaction":{"idSuffix":"I"}},"wdio_ui5_key":"applicationmanagehandovers-display-component---AddNewHO--smartFilterBar-btnBasicSearch"}]}
RESULT: undefined
COMMAND: POST /session/6942dd4aefa05acfe787f49b28130ab8/execute/async - {"script":"<script> [776 bytes]","args":[{"enterText":"WebdriverMatTestnc4dc","selector":{"id":"application-managehandovers-display-component---AddNewHO--smartFilterBar-btnBasicSearch","searchOpenDialogs":true,"interaction":{"idSuffix":"I"}},"clearTextFirst":true,"interactionType":"ENTER_TEXT"}]}
RESULT: {"script":"<script> [776 bytes]","args":[{"enterText":"WebdriverMatTestnc4dc","selector":{"id":"application-managehandovers-display-component---AddNewHO--smartFilterBar-btnBasicSearch","searchOpenDialogs":true,"interaction":{"idSuffix":"I"}},"clearTextFirst":true,"interactionType":"ENTER_TEXT"}]}
COMMAND: POST /session/6942dd4aefa05acfe787f49b28130ab8/actions - {"actions":[{"id":"action71","type":"key","parameters":{},"actions":[{"type":"keyDown","value":""},{"type":"pause","duration":10},{"type":"keyUp","value":""}]}]}
RESULT: {"actions":[{"id":"action71","type":"key","parameters":{},"actions":[{"type":"keyDown","value":""},{"type":"pause","duration":10},{"type":"keyUp","value":""}]}]}
COMMAND: POST /session/6942dd4aefa05acfe787f49b28130ab8/execute/async - {"script":"<script> [1562 bytes]","args":[{"selector":{"id":"application-managehandovers-display-component---AddNewHO--popup-sa","searchOpenDialogs":true,"interaction":{"idSuffix":"CbBg"}},"wdio_ui5_key":"applicationmanagehandovers-display-component---AddNewHO--popup-sa"}]}
COMMAND: GET /session/6942dd4aefa05acfe787f49b28130ab8/screenshot - {}
RESULT: {"script":"<script> [1562 bytes]","args":[{"selector":{"id":"application-managehandovers-display-component---AddNewHO--popup-sa","searchOpenDialogs":true,"interaction":{"idSuffix":"CbBg"}},"wdio_ui5_key":"applicationmanagehandovers-display-component---AddNewHO--popup-sa"}]}
RESULT: undefined
COMMAND: POST /session/6942dd4aefa05acfe787f49b28130ab8/element - {"using":"xpath","value":"//*[@id=\"application-managehandovers-display-component---AddNewHO--popup-sa\"]"}
RESULT: {}
RESULT: {"using":"xpath","value":"//*[@id=\"application-managehandovers-display-component---AddNewHO--popup-sa\"]"}
COMMAND: POST /session/6942dd4aefa05acfe787f49b28130ab8/element/f.F18A487FCC2B115A863E771091ABB869.d.73243A2F318109DDECB60A5FE95D49F2.e.14496/click - {}
RESULT: {}
COMMAND: GET /session/6942dd4aefa05acfe787f49b28130ab8/screenshot - {}
RESULT: {}
COMMAND: POST /session/6942dd4aefa05acfe787f49b28130ab8/element - {"using":"xpath","value":"//bdi[contains(text(), \"Select\")]"}
RESULT: {"using":"xpath","value":"//bdi[contains(text(), \"Select\")]"}
COMMAND: POST /session/6942dd4aefa05acfe787f49b28130ab8/element/f.F18A487FCC2B115A863E771091ABB869.d.73243A2F318109DDECB60A5FE95D49F2.e.14497/click - {}
RESULT: {}
COMMAND: GET /session/6942dd4aefa05acfe787f49b28130ab8/screenshot - {}
RESULT: {}
COMMAND: POST /session/6942dd4aefa05acfe787f49b28130ab8/execute/async - {"script":"<script> [1562 bytes]","args":[{"selector":{"controlType":"sap.m.Input","viewName":"etm.portal.ui.managehandovers.view.AddNewHO","viewId":"application-managehandovers-display-component---AddNewHO","bindingPath":{"path":"/items/0","propertyPath":"TYPE","modelName":"hoItemsModel"},"interaction":{"idSuffix":"inner"}},"wdio_ui5_key":"etmportal.ui.managehandovers.view.AddNewHOsap.m.Input{\"path\":\"/items/0\",\"propertyPath\":\"TYPE\",\"modelName\":\"hoItemsModel\"}"}]}
RESULT: {"script":"<script> [1562 bytes]","args":[{"selector":{"controlType":"sap.m.Input","viewName":"etm.portal.ui.managehandovers.view.AddNewHO","viewId":"application-managehandovers-display-component---AddNewHO","bindingPath":{"path":"/items/0","propertyPath":"TYPE","modelName":"hoItemsModel"},"interaction":{"idSuffix":"inner"}},"wdio_ui5_key":"etmportal.ui.managehandovers.view.AddNewHOsap.m.Input{\"path\":\"/items/0\",\"propertyPath\":\"TYPE\",\"modelName\":\"hoItemsModel\"}"}]}
RESULT: undefined
COMMAND: POST /session/6942dd4aefa05acfe787f49b28130ab8/execute/async - {"script":"<script> [776 bytes]","args":[{"enterText":"100","selector":{"controlType":"sap.m.Input","viewName":"etm.portal.ui.managehandovers.view.AddNewHO","viewId":"application-managehandovers-display-component---AddNewHO","bindingPath":{"path":"/items/0","propertyPath":"TYPE","modelName":"hoItemsModel"},"interaction":{"idSuffix":"inner"}},"clearTextFirst":true,"interactionType":"ENTER_TEXT"}]}
RESULT: {"script":"<script> [776 bytes]","args":[{"enterText":"100","selector":{"controlType":"sap.m.Input","viewName":"etm.portal.ui.managehandovers.view.AddNewHO","viewId":"application-managehandovers-display-component---AddNewHO","bindingPath":{"path":"/items/0","propertyPath":"TYPE","modelName":"hoItemsModel"},"interaction":{"idSuffix":"inner"}},"clearTextFirst":true,"interactionType":"ENTER_TEXT"}]}
COMMAND: POST /session/6942dd4aefa05acfe787f49b28130ab8/element - {"using":"xpath","value":"//button[@data-kt=\"AddNewHOSaveButton\"]"}
RESULT: {"using":"xpath","value":"//button[@data-kt=\"AddNewHOSaveButton\"]"}
COMMAND: POST /session/6942dd4aefa05acfe787f49b28130ab8/element/f.F18A487FCC2B115A863E771091ABB869.d.73243A2F318109DDECB60A5FE95D49F2.e.14504/click - {}
RESULT: {}
COMMAND: GET /session/6942dd4aefa05acfe787f49b28130ab8/screenshot - {}
RESULT: {}
COMMAND: POST /session/6942dd4aefa05acfe787f49b28130ab8/execute/async - {"script":"<script> [1562 bytes]","args":[{"selector":{"id":"receiptDatePicker","viewName":"etm.portal.ui.managehandovers.view.DetailExecuteHO","interaction":{"idSuffix":"inner"}},"wdio_ui5_key":"receiptDatePickeretmportal.ui.managehandovers.view.DetailExecuteHO"}]}
RESULT: {"script":"<script> [1562 bytes]","args":[{"selector":{"id":"receiptDatePicker","viewName":"etm.portal.ui.managehandovers.view.DetailExecuteHO","interaction":{"idSuffix":"inner"}},"wdio_ui5_key":"receiptDatePickeretmportal.ui.managehandovers.view.DetailExecuteHO"}]}
RESULT: undefined
COMMAND: POST /session/6942dd4aefa05acfe787f49b28130ab8/execute/async - {"script":"<script> [6424 bytes]","args":[{"element-6066-11e4-a52e-4f735466cecf":"f.F18A487FCC2B115A863E771091ABB869.d.73243A2F318109DDECB60A5FE95D49F2.e.14551"},"setValue",["5/27/25"]]}
RESULT: {"script":"<script> [6424 bytes]","args":[{"element-6066-11e4-a52e-4f735466cecf":"f.F18A487FCC2B115A863E771091ABB869.d.73243A2F318109DDECB60A5FE95D49F2.e.14551"},"setValue",["5/27/25"]]}
COMMAND: POST /session/6942dd4aefa05acfe787f49b28130ab8/actions - {"actions":[{"id":"action72","type":"key","parameters":{},"actions":[{"type":"keyDown","value":""},{"type":"pause","duration":10},{"type":"keyUp","value":""}]}]}
RESULT: {"actions":[{"id":"action72","type":"key","parameters":{},"actions":[{"type":"keyDown","value":""},{"type":"pause","duration":10},{"type":"keyUp","value":""}]}]}
COMMAND: POST /session/6942dd4aefa05acfe787f49b28130ab8/actions - {"actions":[{"id":"action73","type":"key","parameters":{},"actions":[{"type":"keyDown","value":""},{"type":"pause","duration":10},{"type":"keyUp","value":""}]}]}
COMMAND: GET /session/6942dd4aefa05acfe787f49b28130ab8/screenshot - {}
RESULT: {"actions":[{"id":"action73","type":"key","parameters":{},"actions":[{"type":"keyDown","value":""},{"type":"pause","duration":10},{"type":"keyUp","value":""}]}]}
COMMAND: POST /session/6942dd4aefa05acfe787f49b28130ab8/element - {"using":"xpath","value":"//button[@data-kt=\"ReceivingTableConfirmAllButton\"]"}
COMMAND: GET /session/6942dd4aefa05acfe787f49b28130ab8/screenshot - {}
RESULT: {}
RESULT: {"using":"xpath","value":"//button[@data-kt=\"ReceivingTableConfirmAllButton\"]"}
COMMAND: POST /session/6942dd4aefa05acfe787f49b28130ab8/element/f.F18A487FCC2B115A863E771091ABB869.d.73243A2F318109DDECB60A5FE95D49F2.e.14566/click - {}
RESULT: {}
RESULT: {}
COMMAND: GET /session/6942dd4aefa05acfe787f49b28130ab8/screenshot - {}
RESULT: {}
COMMAND: POST /session/6942dd4aefa05acfe787f49b28130ab8/element - {"using":"xpath","value":"//bdi[contains(text(), \"OK\")]"}
RESULT: {"using":"xpath","value":"//bdi[contains(text(), \"OK\")]"}
COMMAND: POST /session/6942dd4aefa05acfe787f49b28130ab8/element/f.F18A487FCC2B115A863E771091ABB869.d.73243A2F318109DDECB60A5FE95D49F2.e.14569/click - {}
RESULT: {}
COMMAND: GET /session/6942dd4aefa05acfe787f49b28130ab8/screenshot - {}
RESULT: {}
COMMAND: POST /session/6942dd4aefa05acfe787f49b28130ab8/element - {"using":"xpath","value":"(//bdi[contains(text(), \"Receive\")])[2]"}
RESULT: {"using":"xpath","value":"(//bdi[contains(text(), \"Receive\")])[2]"}
COMMAND: POST /session/6942dd4aefa05acfe787f49b28130ab8/element/f.F18A487FCC2B115A863E771091ABB869.d.73243A2F318109DDECB60A5FE95D49F2.e.14570/click - {}
RESULT: {}
COMMAND: GET /session/6942dd4aefa05acfe787f49b28130ab8/screenshot - {}
RESULT: {}
COMMAND: POST /session/6942dd4aefa05acfe787f49b28130ab8/element - {"using":"css selector","value":"#shell-header-logo"}
RESULT: {"using":"css selector","value":"#shell-header-logo"}
COMMAND: POST /session/6942dd4aefa05acfe787f49b28130ab8/element/f.F18A487FCC2B115A863E771091ABB869.d.73243A2F318109DDECB60A5FE95D49F2.e.14024/click - {}
RESULT: {}
COMMAND: GET /session/6942dd4aefa05acfe787f49b28130ab8/screenshot - {}
]]></system-out>
    </testcase>
    <testcase classname="chrome.136_0_7103_93.windows.E2E_-_Logistical_and_commercial_statuses" name="Should add a pricing rule and a condition to the RU" time="119.715">
      <system-out><![CDATA[
COMMAND: POST /session/6942dd4aefa05acfe787f49b28130ab8/execute/async - {"script":"<script> [1562 bytes]","args":[{"selector":{"controlType":"sap.m.GenericTile","properties":{"header":"Manage Pricing Rules"}},"wdio_ui5_key":"sapm.GenericTile{\"header\":\"Manage Pricing Rules\"}"}]}
RESULT: {"script":"<script> [1562 bytes]","args":[{"selector":{"controlType":"sap.m.GenericTile","properties":{"header":"Manage Pricing Rules"}},"wdio_ui5_key":"sapm.GenericTile{\"header\":\"Manage Pricing Rules\"}"}]}
RESULT: undefined
COMMAND: POST /session/6942dd4aefa05acfe787f49b28130ab8/element - {"using":"xpath","value":"//*[@id=\"__tile55\"]"}
RESULT: {}
RESULT: {"using":"xpath","value":"//*[@id=\"__tile55\"]"}
COMMAND: POST /session/6942dd4aefa05acfe787f49b28130ab8/element/f.F18A487FCC2B115A863E771091ABB869.d.73243A2F318109DDECB60A5FE95D49F2.e.14713/click - {}
RESULT: {}
COMMAND: GET /session/6942dd4aefa05acfe787f49b28130ab8/screenshot - {}
RESULT: {}
COMMAND: POST /session/6942dd4aefa05acfe787f49b28130ab8/elements - {"using":"xpath","value":"//span[text()='Error']"}
RESULT: {"using":"xpath","value":"//span[text()='Error']"}
COMMAND: POST /session/6942dd4aefa05acfe787f49b28130ab8/execute/async - {"script":"<script> [1562 bytes]","args":[{"selector":{"controlType":"sap.ui.core.Icon","viewName":"etm.portal.ui.managepricingrules.view.MasterHeader","viewId":"application-managepricingrules-display-component---priceInfoHeader","properties":{"src":{"regex":{"source":"activity\\-items"}}}},"wdio_ui5_key":"etmportal.ui.managepricingrules.view.MasterHeadersap.ui.core.Icon{\"src\":{\"regex\":{\"source\":\"activity\\\\-items\"}}}"}]}
RESULT: {"script":"<script> [1562 bytes]","args":[{"selector":{"controlType":"sap.ui.core.Icon","viewName":"etm.portal.ui.managepricingrules.view.MasterHeader","viewId":"application-managepricingrules-display-component---priceInfoHeader","properties":{"src":{"regex":{"source":"activity\\-items"}}}},"wdio_ui5_key":"etmportal.ui.managepricingrules.view.MasterHeadersap.ui.core.Icon{\"src\":{\"regex\":{\"source\":\"activity\\\\-items\"}}}"}]}
RESULT: undefined
COMMAND: POST /session/6942dd4aefa05acfe787f49b28130ab8/element - {"using":"xpath","value":"//*[@id=\"__filter22-icon\"]"}
RESULT: {"using":"xpath","value":"//*[@id=\"__filter22-icon\"]"}
COMMAND: POST /session/6942dd4aefa05acfe787f49b28130ab8/element/f.F18A487FCC2B115A863E771091ABB869.d.73243A2F318109DDECB60A5FE95D49F2.e.14762/click - {}
RESULT: {}
COMMAND: GET /session/6942dd4aefa05acfe787f49b28130ab8/screenshot - {}
RESULT: {}
COMMAND: POST /session/6942dd4aefa05acfe787f49b28130ab8/execute/async - {"script":"<script> [1562 bytes]","args":[{"selector":{"controlType":"sap.ui.core.Icon","viewName":"etm.portal.ui.managepricingrules.view.MasterItem","viewId":"application-managepricingrules-display-component---priceInfoItem","properties":{"src":{"regex":{"source":"add"}}}},"wdio_ui5_key":"etmportal.ui.managepricingrules.view.MasterItemsap.ui.core.Icon{\"src\":{\"regex\":{\"source\":\"add\"}}}"}]}
RESULT: {"script":"<script> [1562 bytes]","args":[{"selector":{"controlType":"sap.ui.core.Icon","viewName":"etm.portal.ui.managepricingrules.view.MasterItem","viewId":"application-managepricingrules-display-component---priceInfoItem","properties":{"src":{"regex":{"source":"add"}}}},"wdio_ui5_key":"etmportal.ui.managepricingrules.view.MasterItemsap.ui.core.Icon{\"src\":{\"regex\":{\"source\":\"add\"}}}"}]}
RESULT: undefined
COMMAND: POST /session/6942dd4aefa05acfe787f49b28130ab8/element - {"using":"xpath","value":"//*[@id=\"__button80-img\"]"}
RESULT: {"using":"xpath","value":"//*[@id=\"__button80-img\"]"}
COMMAND: POST /session/6942dd4aefa05acfe787f49b28130ab8/element/f.F18A487FCC2B115A863E771091ABB869.d.73243A2F318109DDECB60A5FE95D49F2.e.14809/click - {}
RESULT: {}
COMMAND: GET /session/6942dd4aefa05acfe787f49b28130ab8/screenshot - {}
RESULT: {}
COMMAND: POST /session/6942dd4aefa05acfe787f49b28130ab8/element - {"using":"xpath","value":"//input[@id=\"application-managepricingrules-display-component---newInfoPriceItem--condRU-inner\"]"}
RESULT: {"using":"xpath","value":"//input[@id=\"application-managepricingrules-display-component---newInfoPriceItem--condRU-inner\"]"}
COMMAND: POST /session/6942dd4aefa05acfe787f49b28130ab8/element/f.F18A487FCC2B115A863E771091ABB869.d.73243A2F318109DDECB60A5FE95D49F2.e.15022/clear - {}
RESULT: {}
COMMAND: POST /session/6942dd4aefa05acfe787f49b28130ab8/element/f.F18A487FCC2B115A863E771091ABB869.d.73243A2F318109DDECB60A5FE95D49F2.e.15022/value - {"text":"WebdriverMatTestnc4dc"}
COMMAND: GET /session/6942dd4aefa05acfe787f49b28130ab8/screenshot - {}
RESULT: {"text":"WebdriverMatTestnc4dc"}
COMMAND: POST /session/6942dd4aefa05acfe787f49b28130ab8/execute/async - {"script":"<script> [1562 bytes]","args":[{"selector":{"id":"application-managepricingrules-display-component---newInfoPriceItem--condValidTo","interaction":{"idSuffix":"inner"}},"wdio_ui5_key":"applicationmanagepricingrules-display-component---newInfoPriceItem--condValidTo"}]}
COMMAND: GET /session/6942dd4aefa05acfe787f49b28130ab8/screenshot - {}
RESULT: {}
RESULT: {"script":"<script> [1562 bytes]","args":[{"selector":{"id":"application-managepricingrules-display-component---newInfoPriceItem--condValidTo","interaction":{"idSuffix":"inner"}},"wdio_ui5_key":"applicationmanagepricingrules-display-component---newInfoPriceItem--condValidTo"}]}
RESULT: undefined
COMMAND: POST /session/6942dd4aefa05acfe787f49b28130ab8/execute/async - {"script":"<script> [776 bytes]","args":[{"enterText":"5/18/33","selector":{"id":"application-managepricingrules-display-component---newInfoPriceItem--condValidTo","interaction":{"idSuffix":"inner"}},"clearTextFirst":true,"interactionType":"ENTER_TEXT"}]}
RESULT: {}
RESULT: {"script":"<script> [776 bytes]","args":[{"enterText":"5/18/33","selector":{"id":"application-managepricingrules-display-component---newInfoPriceItem--condValidTo","interaction":{"idSuffix":"inner"}},"clearTextFirst":true,"interactionType":"ENTER_TEXT"}]}
COMMAND: POST /session/6942dd4aefa05acfe787f49b28130ab8/execute/async - {"script":"<script> [1562 bytes]","args":[{"selector":{"id":"application-managepricingrules-display-component---newInfoPriceItem--billType-arrow"},"wdio_ui5_key":"applicationmanagepricingrules-display-component---newInfoPriceItem--billType-arrow"}]}
RESULT: {"script":"<script> [1562 bytes]","args":[{"selector":{"id":"application-managepricingrules-display-component---newInfoPriceItem--billType-arrow"},"wdio_ui5_key":"applicationmanagepricingrules-display-component---newInfoPriceItem--billType-arrow"}]}
RESULT: undefined
COMMAND: POST /session/6942dd4aefa05acfe787f49b28130ab8/element - {"using":"xpath","value":"//*[@id=\"application-managepricingrules-display-component---newInfoPriceItem--billType-arrow\"]"}
RESULT: {"using":"xpath","value":"//*[@id=\"application-managepricingrules-display-component---newInfoPriceItem--billType-arrow\"]"}
COMMAND: POST /session/6942dd4aefa05acfe787f49b28130ab8/element/f.F18A487FCC2B115A863E771091ABB869.d.73243A2F318109DDECB60A5FE95D49F2.e.15116/click - {}
RESULT: {}
COMMAND: POST /session/6942dd4aefa05acfe787f49b28130ab8/element - {"using":"xpath","value":"//span[contains(text(), \"TB - Time based\")]"}
COMMAND: GET /session/6942dd4aefa05acfe787f49b28130ab8/screenshot - {}
RESULT: {"using":"xpath","value":"//span[contains(text(), \"TB - Time based\")]"}
COMMAND: POST /session/6942dd4aefa05acfe787f49b28130ab8/element/f.F18A487FCC2B115A863E771091ABB869.d.73243A2F318109DDECB60A5FE95D49F2.e.15157/click - {}
RESULT: {}
RESULT: {}
COMMAND: POST /session/6942dd4aefa05acfe787f49b28130ab8/execute/async - {"script":"<script> [1562 bytes]","args":[{"selector":{"id":"application-managepricingrules-display-component---newInfoPriceItem--priceProc-arrow"},"wdio_ui5_key":"applicationmanagepricingrules-display-component---newInfoPriceItem--priceProc-arrow"}]}
COMMAND: GET /session/6942dd4aefa05acfe787f49b28130ab8/screenshot - {}
RESULT: {"script":"<script> [1562 bytes]","args":[{"selector":{"id":"application-managepricingrules-display-component---newInfoPriceItem--priceProc-arrow"},"wdio_ui5_key":"applicationmanagepricingrules-display-component---newInfoPriceItem--priceProc-arrow"}]}
RESULT: undefined
COMMAND: POST /session/6942dd4aefa05acfe787f49b28130ab8/element - {"using":"xpath","value":"//*[@id=\"application-managepricingrules-display-component---newInfoPriceItem--priceProc-arrow\"]"}
RESULT: {}
RESULT: {"using":"xpath","value":"//*[@id=\"application-managepricingrules-display-component---newInfoPriceItem--priceProc-arrow\"]"}
COMMAND: POST /session/6942dd4aefa05acfe787f49b28130ab8/element/f.F18A487FCC2B115A863E771091ABB869.d.73243A2F318109DDECB60A5FE95D49F2.e.15123/click - {}
RESULT: {}
COMMAND: POST /session/6942dd4aefa05acfe787f49b28130ab8/element - {"using":"xpath","value":"//span[contains(text(), \"TBS - Time based standard\")]"}
COMMAND: GET /session/6942dd4aefa05acfe787f49b28130ab8/screenshot - {}
RESULT: {"using":"xpath","value":"//span[contains(text(), \"TBS - Time based standard\")]"}
COMMAND: POST /session/6942dd4aefa05acfe787f49b28130ab8/element/f.F18A487FCC2B115A863E771091ABB869.d.73243A2F318109DDECB60A5FE95D49F2.e.15158/click - {}
RESULT: {}
RESULT: {}
COMMAND: POST /session/6942dd4aefa05acfe787f49b28130ab8/execute/async - {"script":"<script> [1562 bytes]","args":[{"selector":{"id":"application-managepricingrules-display-component---newInfoPriceItem--calcBase-arrow"},"wdio_ui5_key":"applicationmanagepricingrules-display-component---newInfoPriceItem--calcBase-arrow"}]}
COMMAND: GET /session/6942dd4aefa05acfe787f49b28130ab8/screenshot - {}
RESULT: {"script":"<script> [1562 bytes]","args":[{"selector":{"id":"application-managepricingrules-display-component---newInfoPriceItem--calcBase-arrow"},"wdio_ui5_key":"applicationmanagepricingrules-display-component---newInfoPriceItem--calcBase-arrow"}]}
RESULT: undefined
COMMAND: POST /session/6942dd4aefa05acfe787f49b28130ab8/element - {"using":"xpath","value":"//*[@id=\"application-managepricingrules-display-component---newInfoPriceItem--calcBase-arrow\"]"}
RESULT: {}
RESULT: {"using":"xpath","value":"//*[@id=\"application-managepricingrules-display-component---newInfoPriceItem--calcBase-arrow\"]"}
COMMAND: POST /session/6942dd4aefa05acfe787f49b28130ab8/element/f.F18A487FCC2B115A863E771091ABB869.d.73243A2F318109DDECB60A5FE95D49F2.e.15130/click - {}
RESULT: {}
COMMAND: GET /session/6942dd4aefa05acfe787f49b28130ab8/screenshot - {}
RESULT: {}
COMMAND: POST /session/6942dd4aefa05acfe787f49b28130ab8/element - {"using":"xpath","value":"//span[contains(text(), \"0006 - TB(calendar days)\")]"}
RESULT: {"using":"xpath","value":"//span[contains(text(), \"0006 - TB(calendar days)\")]"}
COMMAND: POST /session/6942dd4aefa05acfe787f49b28130ab8/element/f.F18A487FCC2B115A863E771091ABB869.d.73243A2F318109DDECB60A5FE95D49F2.e.15159/click - {}
RESULT: {}
COMMAND: POST /session/6942dd4aefa05acfe787f49b28130ab8/execute/async - {"script":"<script> [1562 bytes]","args":[{"selector":{"id":"application-managepricingrules-display-component---newInfoPriceItem--daysMonth","interaction":{"idSuffix":"inner"}},"wdio_ui5_key":"applicationmanagepricingrules-display-component---newInfoPriceItem--daysMonth"}]}
COMMAND: GET /session/6942dd4aefa05acfe787f49b28130ab8/screenshot - {}
RESULT: {"script":"<script> [1562 bytes]","args":[{"selector":{"id":"application-managepricingrules-display-component---newInfoPriceItem--daysMonth","interaction":{"idSuffix":"inner"}},"wdio_ui5_key":"applicationmanagepricingrules-display-component---newInfoPriceItem--daysMonth"}]}
RESULT: undefined
COMMAND: POST /session/6942dd4aefa05acfe787f49b28130ab8/execute/async - {"script":"<script> [776 bytes]","args":[{"enterText":"30","selector":{"id":"application-managepricingrules-display-component---newInfoPriceItem--daysMonth","interaction":{"idSuffix":"inner"}},"clearTextFirst":true,"interactionType":"ENTER_TEXT"}]}
RESULT: {}
RESULT: {"script":"<script> [776 bytes]","args":[{"enterText":"30","selector":{"id":"application-managepricingrules-display-component---newInfoPriceItem--daysMonth","interaction":{"idSuffix":"inner"}},"clearTextFirst":true,"interactionType":"ENTER_TEXT"}]}
COMMAND: POST /session/6942dd4aefa05acfe787f49b28130ab8/element - {"using":"xpath","value":"//button[@data-kt=\"saveNewRuleButton\"]"}
RESULT: {"using":"xpath","value":"//button[@data-kt=\"saveNewRuleButton\"]"}
COMMAND: POST /session/6942dd4aefa05acfe787f49b28130ab8/element/f.F18A487FCC2B115A863E771091ABB869.d.73243A2F318109DDECB60A5FE95D49F2.e.15150/click - {}
RESULT: {}
COMMAND: GET /session/6942dd4aefa05acfe787f49b28130ab8/screenshot - {}
RESULT: {}
COMMAND: POST /session/6942dd4aefa05acfe787f49b28130ab8/element - {"using":"css selector","value":"#shell-header-logo"}
RESULT: {"using":"css selector","value":"#shell-header-logo"}
COMMAND: POST /session/6942dd4aefa05acfe787f49b28130ab8/element/f.F18A487FCC2B115A863E771091ABB869.d.73243A2F318109DDECB60A5FE95D49F2.e.14716/click - {}
RESULT: {}
COMMAND: GET /session/6942dd4aefa05acfe787f49b28130ab8/screenshot - {}
RESULT: {}
COMMAND: POST /session/6942dd4aefa05acfe787f49b28130ab8/execute/async - {"script":"<script> [1562 bytes]","args":[{"selector":{"controlType":"sap.m.Text","properties":{"text":"Manage Conditions & Prices"},"interaction":{"idSuffix":"inner"}},"wdio_ui5_key":"sapm.Text{\"text\":\"Manage Conditions & Prices\"}"}]}
RESULT: {"script":"<script> [1562 bytes]","args":[{"selector":{"controlType":"sap.m.Text","properties":{"text":"Manage Conditions & Prices"},"interaction":{"idSuffix":"inner"}},"wdio_ui5_key":"sapm.Text{\"text\":\"Manage Conditions & Prices\"}"}]}
RESULT: undefined
COMMAND: POST /session/6942dd4aefa05acfe787f49b28130ab8/element - {"using":"xpath","value":"//*[@id=\"__tile53-title\"]"}
RESULT: {"using":"xpath","value":"//*[@id=\"__tile53-title\"]"}
COMMAND: POST /session/6942dd4aefa05acfe787f49b28130ab8/element/f.F18A487FCC2B115A863E771091ABB869.d.73243A2F318109DDECB60A5FE95D49F2.e.15166/click - {}
RESULT: {}
COMMAND: GET /session/6942dd4aefa05acfe787f49b28130ab8/screenshot - {}
RESULT: {}
COMMAND: POST /session/6942dd4aefa05acfe787f49b28130ab8/element - {"using":"xpath","value":"//button[@aria-label=\"Create\"]"}
RESULT: {"using":"xpath","value":"//button[@aria-label=\"Create\"]"}
COMMAND: POST /session/6942dd4aefa05acfe787f49b28130ab8/elements - {"using":"xpath","value":"//button[@aria-label=\"Create\"]"}
RESULT: {"using":"xpath","value":"//button[@aria-label=\"Create\"]"}
COMMAND: POST /session/6942dd4aefa05acfe787f49b28130ab8/elements - {"using":"xpath","value":"//button[@aria-label=\"Create\"]"}
RESULT: {"using":"xpath","value":"//button[@aria-label=\"Create\"]"}
COMMAND: POST /session/6942dd4aefa05acfe787f49b28130ab8/element - {"using":"xpath","value":"//button[@aria-label=\"Create\"]"}
RESULT: {"using":"xpath","value":"//button[@aria-label=\"Create\"]"}
COMMAND: POST /session/6942dd4aefa05acfe787f49b28130ab8/element/f.F18A487FCC2B115A863E771091ABB869.d.73243A2F318109DDECB60A5FE95D49F2.e.15198/click - {}
RESULT: {}
COMMAND: POST /session/6942dd4aefa05acfe787f49b28130ab8/actions - {"actions":[{"id":"action74","type":"key","parameters":{},"actions":[{"type":"keyDown","value":""},{"type":"pause","duration":10},{"type":"keyUp","value":""}]}]}
COMMAND: GET /session/6942dd4aefa05acfe787f49b28130ab8/screenshot - {}
RESULT: {"actions":[{"id":"action74","type":"key","parameters":{},"actions":[{"type":"keyDown","value":""},{"type":"pause","duration":10},{"type":"keyUp","value":""}]}]}
COMMAND: GET /session/6942dd4aefa05acfe787f49b28130ab8/screenshot - {}
COMMAND: POST /session/6942dd4aefa05acfe787f49b28130ab8/execute/async - {"script":"<script> [1562 bytes]","args":[{"selector":{"id":"application-manageconditionprice-display-component---newCondition--condBillCond-arrow"},"wdio_ui5_key":"applicationmanageconditionprice-display-component---newCondition--condBillCond-arrow"}]}
RESULT: {}
RESULT: {}
RESULT: {"script":"<script> [1562 bytes]","args":[{"selector":{"id":"application-manageconditionprice-display-component---newCondition--condBillCond-arrow"},"wdio_ui5_key":"applicationmanageconditionprice-display-component---newCondition--condBillCond-arrow"}]}
RESULT: undefined
COMMAND: POST /session/6942dd4aefa05acfe787f49b28130ab8/element - {"using":"xpath","value":"//*[@id=\"application-manageconditionprice-display-component---newCondition--condBillCond-arrow\"]"}
RESULT: {"using":"xpath","value":"//*[@id=\"application-manageconditionprice-display-component---newCondition--condBillCond-arrow\"]"}
COMMAND: POST /session/6942dd4aefa05acfe787f49b28130ab8/element/f.F18A487FCC2B115A863E771091ABB869.d.73243A2F318109DDECB60A5FE95D49F2.e.15674/click - {}
RESULT: {}
COMMAND: POST /session/6942dd4aefa05acfe787f49b28130ab8/element - {"using":"xpath","value":"//span[contains(text(), \"DISP - D&I special price\")]"}
COMMAND: GET /session/6942dd4aefa05acfe787f49b28130ab8/screenshot - {}
RESULT: {"using":"xpath","value":"//span[contains(text(), \"DISP - D&I special price\")]"}
COMMAND: POST /session/6942dd4aefa05acfe787f49b28130ab8/element/f.F18A487FCC2B115A863E771091ABB869.d.73243A2F318109DDECB60A5FE95D49F2.e.15675/click - {}
RESULT: {}
RESULT: {}
COMMAND: POST /session/6942dd4aefa05acfe787f49b28130ab8/execute/async - {"script":"<script> [1562 bytes]","args":[{"selector":{"id":"application-manageconditionprice-display-component---newCondition--condValidTo","interaction":{"idSuffix":"inner"}},"wdio_ui5_key":"applicationmanageconditionprice-display-component---newCondition--condValidTo"}]}
COMMAND: GET /session/6942dd4aefa05acfe787f49b28130ab8/screenshot - {}
RESULT: {"script":"<script> [1562 bytes]","args":[{"selector":{"id":"application-manageconditionprice-display-component---newCondition--condValidTo","interaction":{"idSuffix":"inner"}},"wdio_ui5_key":"applicationmanageconditionprice-display-component---newCondition--condValidTo"}]}
RESULT: undefined
COMMAND: POST /session/6942dd4aefa05acfe787f49b28130ab8/execute/async - {"script":"<script> [776 bytes]","args":[{"enterText":"5/11/33","selector":{"id":"application-manageconditionprice-display-component---newCondition--condValidTo","interaction":{"idSuffix":"inner"}},"clearTextFirst":true,"interactionType":"ENTER_TEXT"}]}
RESULT: {}
RESULT: {"script":"<script> [776 bytes]","args":[{"enterText":"5/11/33","selector":{"id":"application-manageconditionprice-display-component---newCondition--condValidTo","interaction":{"idSuffix":"inner"}},"clearTextFirst":true,"interactionType":"ENTER_TEXT"}]}
COMMAND: POST /session/6942dd4aefa05acfe787f49b28130ab8/element - {"using":"xpath","value":"//input[@id=\"application-manageconditionprice-display-component---newCondition--condRU-inner\"]"}
RESULT: {"using":"xpath","value":"//input[@id=\"application-manageconditionprice-display-component---newCondition--condRU-inner\"]"}
COMMAND: POST /session/6942dd4aefa05acfe787f49b28130ab8/element/f.F18A487FCC2B115A863E771091ABB869.d.73243A2F318109DDECB60A5FE95D49F2.e.15407/clear - {}
RESULT: {}
COMMAND: POST /session/6942dd4aefa05acfe787f49b28130ab8/element/f.F18A487FCC2B115A863E771091ABB869.d.73243A2F318109DDECB60A5FE95D49F2.e.15407/value - {"text":"WebdriverMatTestnc4dc"}
COMMAND: GET /session/6942dd4aefa05acfe787f49b28130ab8/screenshot - {}
RESULT: {"text":"WebdriverMatTestnc4dc"}
COMMAND: GET /session/6942dd4aefa05acfe787f49b28130ab8/screenshot - {}
RESULT: {}
RESULT: {}
COMMAND: POST /session/6942dd4aefa05acfe787f49b28130ab8/actions - {"actions":[{"id":"action75","type":"key","parameters":{},"actions":[{"type":"keyDown","value":""},{"type":"pause","duration":10},{"type":"keyUp","value":""}]}]}
RESULT: {"actions":[{"id":"action75","type":"key","parameters":{},"actions":[{"type":"keyDown","value":""},{"type":"pause","duration":10},{"type":"keyUp","value":""}]}]}
COMMAND: POST /session/6942dd4aefa05acfe787f49b28130ab8/execute/async - {"script":"<script> [1562 bytes]","args":[{"selector":{"id":"application-manageconditionprice-display-component---newCondition--condBaseQty","interaction":{"idSuffix":"inner"}},"wdio_ui5_key":"applicationmanageconditionprice-display-component---newCondition--condBaseQty"}]}
COMMAND: GET /session/6942dd4aefa05acfe787f49b28130ab8/screenshot - {}
RESULT: {"script":"<script> [1562 bytes]","args":[{"selector":{"id":"application-manageconditionprice-display-component---newCondition--condBaseQty","interaction":{"idSuffix":"inner"}},"wdio_ui5_key":"applicationmanageconditionprice-display-component---newCondition--condBaseQty"}]}
RESULT: undefined
COMMAND: POST /session/6942dd4aefa05acfe787f49b28130ab8/execute/async - {"script":"<script> [776 bytes]","args":[{"enterText":"1","selector":{"id":"application-manageconditionprice-display-component---newCondition--condBaseQty","interaction":{"idSuffix":"inner"}},"clearTextFirst":true,"interactionType":"ENTER_TEXT"}]}
RESULT: {}
RESULT: {"script":"<script> [776 bytes]","args":[{"enterText":"1","selector":{"id":"application-manageconditionprice-display-component---newCondition--condBaseQty","interaction":{"idSuffix":"inner"}},"clearTextFirst":true,"interactionType":"ENTER_TEXT"}]}
COMMAND: POST /session/6942dd4aefa05acfe787f49b28130ab8/execute/async - {"script":"<script> [1562 bytes]","args":[{"selector":{"id":"application-manageconditionprice-display-component---newCondition--condValue","interaction":{"idSuffix":"inner"}},"wdio_ui5_key":"applicationmanageconditionprice-display-component---newCondition--condValue"}]}
RESULT: {"script":"<script> [1562 bytes]","args":[{"selector":{"id":"application-manageconditionprice-display-component---newCondition--condValue","interaction":{"idSuffix":"inner"}},"wdio_ui5_key":"applicationmanageconditionprice-display-component---newCondition--condValue"}]}
RESULT: undefined
COMMAND: POST /session/6942dd4aefa05acfe787f49b28130ab8/execute/async - {"script":"<script> [776 bytes]","args":[{"enterText":"100","selector":{"id":"application-manageconditionprice-display-component---newCondition--condValue","interaction":{"idSuffix":"inner"}},"clearTextFirst":true,"interactionType":"ENTER_TEXT"}]}
RESULT: {"script":"<script> [776 bytes]","args":[{"enterText":"100","selector":{"id":"application-manageconditionprice-display-component---newCondition--condValue","interaction":{"idSuffix":"inner"}},"clearTextFirst":true,"interactionType":"ENTER_TEXT"}]}
COMMAND: POST /session/6942dd4aefa05acfe787f49b28130ab8/execute/async - {"script":"<script> [1562 bytes]","args":[{"selector":{"id":"application-manageconditionprice-display-component---newCondition--condCurr-arrow"},"wdio_ui5_key":"applicationmanageconditionprice-display-component---newCondition--condCurr-arrow"}]}
RESULT: {"script":"<script> [1562 bytes]","args":[{"selector":{"id":"application-manageconditionprice-display-component---newCondition--condCurr-arrow"},"wdio_ui5_key":"applicationmanageconditionprice-display-component---newCondition--condCurr-arrow"}]}
RESULT: undefined
COMMAND: POST /session/6942dd4aefa05acfe787f49b28130ab8/element - {"using":"xpath","value":"//*[@id=\"application-manageconditionprice-display-component---newCondition--condCurr-arrow\"]"}
RESULT: {"using":"xpath","value":"//*[@id=\"application-manageconditionprice-display-component---newCondition--condCurr-arrow\"]"}
COMMAND: POST /session/6942dd4aefa05acfe787f49b28130ab8/element/f.F18A487FCC2B115A863E771091ABB869.d.73243A2F318109DDECB60A5FE95D49F2.e.15624/click - {}
RESULT: {}
COMMAND: POST /session/6942dd4aefa05acfe787f49b28130ab8/element - {"using":"xpath","value":"//span[contains(text(), \"Euro\")]"}
COMMAND: GET /session/6942dd4aefa05acfe787f49b28130ab8/screenshot - {}
RESULT: {"using":"xpath","value":"//span[contains(text(), \"Euro\")]"}
COMMAND: POST /session/6942dd4aefa05acfe787f49b28130ab8/element/f.F18A487FCC2B115A863E771091ABB869.d.73243A2F318109DDECB60A5FE95D49F2.e.15711/click - {}
RESULT: {}
RESULT: {}
COMMAND: POST /session/6942dd4aefa05acfe787f49b28130ab8/element - {"using":"xpath","value":"//button[@data-kt=\"saveButton\"]"}
COMMAND: GET /session/6942dd4aefa05acfe787f49b28130ab8/screenshot - {}
RESULT: {"using":"xpath","value":"//button[@data-kt=\"saveButton\"]"}
COMMAND: POST /session/6942dd4aefa05acfe787f49b28130ab8/element/f.F18A487FCC2B115A863E771091ABB869.d.73243A2F318109DDECB60A5FE95D49F2.e.15625/click - {}
RESULT: {}
RESULT: {}
COMMAND: GET /session/6942dd4aefa05acfe787f49b28130ab8/screenshot - {}
RESULT: {}
COMMAND: POST /session/6942dd4aefa05acfe787f49b28130ab8/element - {"using":"css selector","value":"#shell-header-logo"}
RESULT: {"using":"css selector","value":"#shell-header-logo"}
COMMAND: POST /session/6942dd4aefa05acfe787f49b28130ab8/element/f.F18A487FCC2B115A863E771091ABB869.d.73243A2F318109DDECB60A5FE95D49F2.e.15169/click - {}
RESULT: {}
COMMAND: GET /session/6942dd4aefa05acfe787f49b28130ab8/screenshot - {}
RESULT: {}
]]></system-out>
    </testcase>
    <testcase classname="chrome.136_0_7103_93.windows.E2E_-_Logistical_and_commercial_statuses" name="Should create a new contract" time="70.623">
      <system-out><![CDATA[
COMMAND: POST /session/6942dd4aefa05acfe787f49b28130ab8/execute/async - {"script":"<script> [1562 bytes]","args":[{"selector":{"controlType":"sap.m.GenericTile","properties":{"header":"Manage Contracts"}},"wdio_ui5_key":"sapm.GenericTile{\"header\":\"Manage Contracts\"}"}]}
RESULT: {"script":"<script> [1562 bytes]","args":[{"selector":{"controlType":"sap.m.GenericTile","properties":{"header":"Manage Contracts"}},"wdio_ui5_key":"sapm.GenericTile{\"header\":\"Manage Contracts\"}"}]}
RESULT: undefined
COMMAND: POST /session/6942dd4aefa05acfe787f49b28130ab8/element - {"using":"xpath","value":"//*[@id=\"__tile130\"]"}
RESULT: {"using":"xpath","value":"//*[@id=\"__tile130\"]"}
COMMAND: POST /session/6942dd4aefa05acfe787f49b28130ab8/element/f.F18A487FCC2B115A863E771091ABB869.d.73243A2F318109DDECB60A5FE95D49F2.e.15865/click - {}
RESULT: {}
COMMAND: GET /session/6942dd4aefa05acfe787f49b28130ab8/screenshot - {}
RESULT: {}
COMMAND: POST /session/6942dd4aefa05acfe787f49b28130ab8/elements - {"using":"xpath","value":"//span[text()='Error']"}
RESULT: {"using":"xpath","value":"//span[text()='Error']"}
COMMAND: POST /session/6942dd4aefa05acfe787f49b28130ab8/element - {"using":"xpath","value":"//button[@data-kt=\"addButton\"]"}
RESULT: {"using":"xpath","value":"//button[@data-kt=\"addButton\"]"}
COMMAND: POST /session/6942dd4aefa05acfe787f49b28130ab8/element/f.F18A487FCC2B115A863E771091ABB869.d.73243A2F318109DDECB60A5FE95D49F2.e.15918/click - {}
RESULT: {}
COMMAND: GET /session/6942dd4aefa05acfe787f49b28130ab8/screenshot - {}
RESULT: {}
COMMAND: POST /session/6942dd4aefa05acfe787f49b28130ab8/execute/async - {"script":"<script> [1562 bytes]","args":[{"selector":{"id":"application-managecontracts-display-component---AddNewContract--projectDescription","interaction":{"idSuffix":"inner"}},"wdio_ui5_key":"applicationmanagecontracts-display-component---AddNewContract--projectDescription"}]}
RESULT: {"script":"<script> [1562 bytes]","args":[{"selector":{"id":"application-managecontracts-display-component---AddNewContract--projectDescription","interaction":{"idSuffix":"inner"}},"wdio_ui5_key":"applicationmanagecontracts-display-component---AddNewContract--projectDescription"}]}
RESULT: undefined
COMMAND: POST /session/6942dd4aefa05acfe787f49b28130ab8/execute/async - {"script":"<script> [776 bytes]","args":[{"enterText":"WdIOR2c2oe6f","selector":{"id":"application-managecontracts-display-component---AddNewContract--projectDescription","interaction":{"idSuffix":"inner"}},"clearTextFirst":true,"interactionType":"ENTER_TEXT"}]}
RESULT: {"script":"<script> [776 bytes]","args":[{"enterText":"WdIOR2c2oe6f","selector":{"id":"application-managecontracts-display-component---AddNewContract--projectDescription","interaction":{"idSuffix":"inner"}},"clearTextFirst":true,"interactionType":"ENTER_TEXT"}]}
COMMAND: POST /session/6942dd4aefa05acfe787f49b28130ab8/element - {"using":"xpath","value":"//input[@id=\"application-managecontracts-display-component---AddNewContract--yardId-inner\"]"}
RESULT: {"using":"xpath","value":"//input[@id=\"application-managecontracts-display-component---AddNewContract--yardId-inner\"]"}
COMMAND: POST /session/6942dd4aefa05acfe787f49b28130ab8/element/f.F18A487FCC2B115A863E771091ABB869.d.73243A2F318109DDECB60A5FE95D49F2.e.16179/clear - {}
RESULT: {}
COMMAND: POST /session/6942dd4aefa05acfe787f49b28130ab8/element/f.F18A487FCC2B115A863E771091ABB869.d.73243A2F318109DDECB60A5FE95D49F2.e.16179/value - {"text":"WebdriverYardxfixp"}
COMMAND: GET /session/6942dd4aefa05acfe787f49b28130ab8/screenshot - {}
RESULT: {"text":"WebdriverYardxfixp"}
COMMAND: GET /session/6942dd4aefa05acfe787f49b28130ab8/screenshot - {}
RESULT: {}
RESULT: {}
COMMAND: POST /session/6942dd4aefa05acfe787f49b28130ab8/actions - {"actions":[{"id":"action76","type":"key","parameters":{},"actions":[{"type":"keyDown","value":""},{"type":"pause","duration":10},{"type":"keyUp","value":""}]}]}
RESULT: {"actions":[{"id":"action76","type":"key","parameters":{},"actions":[{"type":"keyDown","value":""},{"type":"pause","duration":10},{"type":"keyUp","value":""}]}]}
COMMAND: GET /session/6942dd4aefa05acfe787f49b28130ab8/screenshot - {}
RESULT: {}
COMMAND: POST /session/6942dd4aefa05acfe787f49b28130ab8/element - {"using":"xpath","value":"//input[@id=\"application-managecontracts-display-component---AddNewContract--customerSelect-inner\"]"}
RESULT: {"using":"xpath","value":"//input[@id=\"application-managecontracts-display-component---AddNewContract--customerSelect-inner\"]"}
COMMAND: POST /session/6942dd4aefa05acfe787f49b28130ab8/element/f.F18A487FCC2B115A863E771091ABB869.d.73243A2F318109DDECB60A5FE95D49F2.e.16177/clear - {}
RESULT: {}
COMMAND: POST /session/6942dd4aefa05acfe787f49b28130ab8/element/f.F18A487FCC2B115A863E771091ABB869.d.73243A2F318109DDECB60A5FE95D49F2.e.16177/value - {"text":"WebdriverPartnerpj6l5"}
COMMAND: GET /session/6942dd4aefa05acfe787f49b28130ab8/screenshot - {}
RESULT: {"text":"WebdriverPartnerpj6l5"}
COMMAND: GET /session/6942dd4aefa05acfe787f49b28130ab8/screenshot - {}
RESULT: {}
RESULT: {}
COMMAND: POST /session/6942dd4aefa05acfe787f49b28130ab8/actions - {"actions":[{"id":"action77","type":"key","parameters":{},"actions":[{"type":"keyDown","value":""},{"type":"pause","duration":10},{"type":"keyUp","value":""}]}]}
RESULT: {"actions":[{"id":"action77","type":"key","parameters":{},"actions":[{"type":"keyDown","value":""},{"type":"pause","duration":10},{"type":"keyUp","value":""}]}]}
COMMAND: GET /session/6942dd4aefa05acfe787f49b28130ab8/screenshot - {}
RESULT: {}
COMMAND: POST /session/6942dd4aefa05acfe787f49b28130ab8/element - {"using":"xpath","value":"//input[@id=\"application-managecontracts-display-component---AddNewContract--site-inner\"]"}
RESULT: {"using":"xpath","value":"//input[@id=\"application-managecontracts-display-component---AddNewContract--site-inner\"]"}
COMMAND: POST /session/6942dd4aefa05acfe787f49b28130ab8/element/f.F18A487FCC2B115A863E771091ABB869.d.73243A2F318109DDECB60A5FE95D49F2.e.16178/clear - {}
RESULT: {}
COMMAND: POST /session/6942dd4aefa05acfe787f49b28130ab8/element/f.F18A487FCC2B115A863E771091ABB869.d.73243A2F318109DDECB60A5FE95D49F2.e.16178/value - {"text":"WebdriverSite1t12kk"}
COMMAND: GET /session/6942dd4aefa05acfe787f49b28130ab8/screenshot - {}
RESULT: {"text":"WebdriverSite1t12kk"}
COMMAND: GET /session/6942dd4aefa05acfe787f49b28130ab8/screenshot - {}
RESULT: {}
RESULT: {}
COMMAND: POST /session/6942dd4aefa05acfe787f49b28130ab8/actions - {"actions":[{"id":"action78","type":"key","parameters":{},"actions":[{"type":"keyDown","value":""},{"type":"pause","duration":10},{"type":"keyUp","value":""}]}]}
RESULT: {"actions":[{"id":"action78","type":"key","parameters":{},"actions":[{"type":"keyDown","value":""},{"type":"pause","duration":10},{"type":"keyUp","value":""}]}]}
COMMAND: POST /session/6942dd4aefa05acfe787f49b28130ab8/element - {"using":"xpath","value":"//button[@data-kt=\"saveButton\"]"}
COMMAND: GET /session/6942dd4aefa05acfe787f49b28130ab8/screenshot - {}
RESULT: {"using":"xpath","value":"//button[@data-kt=\"saveButton\"]"}
COMMAND: POST /session/6942dd4aefa05acfe787f49b28130ab8/element/f.F18A487FCC2B115A863E771091ABB869.d.73243A2F318109DDECB60A5FE95D49F2.e.16254/click - {}
RESULT: {}
RESULT: {}
COMMAND: GET /session/6942dd4aefa05acfe787f49b28130ab8/screenshot - {}
RESULT: {}
COMMAND: POST /session/6942dd4aefa05acfe787f49b28130ab8/execute/async - {"script":"<script> [1562 bytes]","args":[{"selector":{"id":"contractDetailTitleNoExpanded","viewName":"etm.portal.ui.managecontracts.view.Detail"},"wdio_ui5_key":"contractDetailTitleNoExpandedetmportal.ui.managecontracts.view.Detail"}]}
RESULT: {"script":"<script> [1562 bytes]","args":[{"selector":{"id":"contractDetailTitleNoExpanded","viewName":"etm.portal.ui.managecontracts.view.Detail"},"wdio_ui5_key":"contractDetailTitleNoExpandedetmportal.ui.managecontracts.view.Detail"}]}
RESULT: undefined
COMMAND: POST /session/6942dd4aefa05acfe787f49b28130ab8/execute/async - {"script":"<script> [6424 bytes]","args":[{"element-6066-11e4-a52e-4f735466cecf":"f.F18A487FCC2B115A863E771091ABB869.d.73243A2F318109DDECB60A5FE95D49F2.e.16333"},"getText",[]]}
RESULT: {"script":"<script> [6424 bytes]","args":[{"element-6066-11e4-a52e-4f735466cecf":"f.F18A487FCC2B115A863E771091ABB869.d.73243A2F318109DDECB60A5FE95D49F2.e.16333"},"getText",[]]}
]]></system-out>
    </testcase>
    <testcase classname="chrome.136_0_7103_93.windows.E2E_-_Logistical_and_commercial_statuses" name="Should add materialID to the contract" time="48.64">
      <system-out><![CDATA[
COMMAND: POST /session/6942dd4aefa05acfe787f49b28130ab8/element - {"using":"xpath","value":"//button[@data-kt=\"contractDetailEditBtnButton\"]"}
RESULT: {"using":"xpath","value":"//button[@data-kt=\"contractDetailEditBtnButton\"]"}
COMMAND: POST /session/6942dd4aefa05acfe787f49b28130ab8/element/f.F18A487FCC2B115A863E771091ABB869.d.73243A2F318109DDECB60A5FE95D49F2.e.16334/click - {}
RESULT: {}
COMMAND: GET /session/6942dd4aefa05acfe787f49b28130ab8/screenshot - {}
RESULT: {}
COMMAND: POST /session/6942dd4aefa05acfe787f49b28130ab8/element - {"using":"xpath","value":"(//span[contains(text(), \"Additional Addresses\")])[2]"}
RESULT: {"using":"xpath","value":"(//span[contains(text(), \"Additional Addresses\")])[2]"}
COMMAND: POST /session/6942dd4aefa05acfe787f49b28130ab8/element/f.F18A487FCC2B115A863E771091ABB869.d.73243A2F318109DDECB60A5FE95D49F2.e.16395/click - {}
RESULT: {}
COMMAND: GET /session/6942dd4aefa05acfe787f49b28130ab8/screenshot - {}
RESULT: {}
COMMAND: POST /session/6942dd4aefa05acfe787f49b28130ab8/element - {"using":"xpath","value":"//button[@data-kt=\"btnAddTableRowOverflowToolbarButton\"]"}
RESULT: {"using":"xpath","value":"//button[@data-kt=\"btnAddTableRowOverflowToolbarButton\"]"}
COMMAND: POST /session/6942dd4aefa05acfe787f49b28130ab8/element/f.F18A487FCC2B115A863E771091ABB869.d.73243A2F318109DDECB60A5FE95D49F2.e.16397/click - {}
RESULT: {}
COMMAND: GET /session/6942dd4aefa05acfe787f49b28130ab8/screenshot - {}
RESULT: {}
COMMAND: POST /session/6942dd4aefa05acfe787f49b28130ab8/element - {"using":"xpath","value":"//div[(text() = 'Standard Entry' or . = 'Standard Entry')]"}
RESULT: {"using":"xpath","value":"//div[(text() = 'Standard Entry' or . = 'Standard Entry')]"}
COMMAND: POST /session/6942dd4aefa05acfe787f49b28130ab8/element/f.F18A487FCC2B115A863E771091ABB869.d.73243A2F318109DDECB60A5FE95D49F2.e.16399/click - {}
RESULT: {}
COMMAND: POST /session/6942dd4aefa05acfe787f49b28130ab8/element - {"using":"xpath","value":"//td[6]/div/div/input[1]"}
COMMAND: GET /session/6942dd4aefa05acfe787f49b28130ab8/screenshot - {}
RESULT: {"using":"xpath","value":"//td[6]/div/div/input[1]"}
COMMAND: POST /session/6942dd4aefa05acfe787f49b28130ab8/element/f.F18A487FCC2B115A863E771091ABB869.d.73243A2F318109DDECB60A5FE95D49F2.e.16401/click - {}
RESULT: {}
RESULT: {}
COMMAND: POST /session/6942dd4aefa05acfe787f49b28130ab8/actions - {"actions":[{"id":"action79","type":"key","parameters":{},"actions":[{"type":"keyDown","value":""},{"type":"pause","duration":10},{"type":"keyUp","value":""}]}]}
COMMAND: GET /session/6942dd4aefa05acfe787f49b28130ab8/screenshot - {}
RESULT: {"actions":[{"id":"action79","type":"key","parameters":{},"actions":[{"type":"keyDown","value":""},{"type":"pause","duration":10},{"type":"keyUp","value":""}]}]}
COMMAND: POST /session/6942dd4aefa05acfe787f49b28130ab8/element - {"using":"xpath","value":"//td[6]/div/div/input[1]"}
COMMAND: GET /session/6942dd4aefa05acfe787f49b28130ab8/screenshot - {}
RESULT: {}
RESULT: {"using":"xpath","value":"//td[6]/div/div/input[1]"}
COMMAND: POST /session/6942dd4aefa05acfe787f49b28130ab8/element/f.F18A487FCC2B115A863E771091ABB869.d.73243A2F318109DDECB60A5FE95D49F2.e.16401/clear - {}
RESULT: {}
RESULT: {}
COMMAND: POST /session/6942dd4aefa05acfe787f49b28130ab8/element/f.F18A487FCC2B115A863E771091ABB869.d.73243A2F318109DDECB60A5FE95D49F2.e.16401/value - {"text":"Material"}
COMMAND: GET /session/6942dd4aefa05acfe787f49b28130ab8/screenshot - {}
RESULT: {"text":"Material"}
COMMAND: GET /session/6942dd4aefa05acfe787f49b28130ab8/screenshot - {}
RESULT: {}
RESULT: {}
COMMAND: POST /session/6942dd4aefa05acfe787f49b28130ab8/actions - {"actions":[{"id":"action80","type":"key","parameters":{},"actions":[{"type":"keyDown","value":""},{"type":"pause","duration":10},{"type":"keyUp","value":""}]}]}
RESULT: {"actions":[{"id":"action80","type":"key","parameters":{},"actions":[{"type":"keyDown","value":""},{"type":"pause","duration":10},{"type":"keyUp","value":""}]}]}
COMMAND: GET /session/6942dd4aefa05acfe787f49b28130ab8/screenshot - {}
RESULT: {}
COMMAND: POST /session/6942dd4aefa05acfe787f49b28130ab8/actions - {"actions":[{"id":"action81","type":"key","parameters":{},"actions":[{"type":"keyDown","value":""},{"type":"pause","duration":10},{"type":"keyUp","value":""}]}]}
RESULT: {"actions":[{"id":"action81","type":"key","parameters":{},"actions":[{"type":"keyDown","value":""},{"type":"pause","duration":10},{"type":"keyUp","value":""}]}]}
COMMAND: POST /session/6942dd4aefa05acfe787f49b28130ab8/element - {"using":"xpath","value":"//td[7]/div/div/input"}
COMMAND: GET /session/6942dd4aefa05acfe787f49b28130ab8/screenshot - {}
RESULT: {"using":"xpath","value":"//td[7]/div/div/input"}
COMMAND: POST /session/6942dd4aefa05acfe787f49b28130ab8/element/f.F18A487FCC2B115A863E771091ABB869.d.73243A2F318109DDECB60A5FE95D49F2.e.16414/clear - {}
RESULT: {}
RESULT: {}
COMMAND: POST /session/6942dd4aefa05acfe787f49b28130ab8/element/f.F18A487FCC2B115A863E771091ABB869.d.73243A2F318109DDECB60A5FE95D49F2.e.16414/value - {"text":"WebdriverMatTestnc4dc"}
COMMAND: GET /session/6942dd4aefa05acfe787f49b28130ab8/screenshot - {}
RESULT: {"text":"WebdriverMatTestnc4dc"}
COMMAND: GET /session/6942dd4aefa05acfe787f49b28130ab8/screenshot - {}
RESULT: {}
RESULT: {}
COMMAND: POST /session/6942dd4aefa05acfe787f49b28130ab8/actions - {"actions":[{"id":"action82","type":"key","parameters":{},"actions":[{"type":"keyDown","value":""},{"type":"pause","duration":10},{"type":"keyUp","value":""}]}]}
RESULT: {"actions":[{"id":"action82","type":"key","parameters":{},"actions":[{"type":"keyDown","value":""},{"type":"pause","duration":10},{"type":"keyUp","value":""}]}]}
COMMAND: GET /session/6942dd4aefa05acfe787f49b28130ab8/screenshot - {}
COMMAND: POST /session/6942dd4aefa05acfe787f49b28130ab8/actions - {"actions":[{"id":"action83","type":"key","parameters":{},"actions":[{"type":"keyDown","value":""},{"type":"pause","duration":10},{"type":"keyUp","value":""}]}]}
RESULT: {}
RESULT: {"actions":[{"id":"action83","type":"key","parameters":{},"actions":[{"type":"keyDown","value":""},{"type":"pause","duration":10},{"type":"keyUp","value":""}]}]}
COMMAND: GET /session/6942dd4aefa05acfe787f49b28130ab8/screenshot - {}
RESULT: {}
COMMAND: POST /session/6942dd4aefa05acfe787f49b28130ab8/element - {"using":"xpath","value":"(//button[@data-kt=\"saveButton\"])[2]"}
RESULT: {"using":"xpath","value":"(//button[@data-kt=\"saveButton\"])[2]"}
COMMAND: POST /session/6942dd4aefa05acfe787f49b28130ab8/element/f.F18A487FCC2B115A863E771091ABB869.d.73243A2F318109DDECB60A5FE95D49F2.e.16437/click - {}
RESULT: {}
COMMAND: GET /session/6942dd4aefa05acfe787f49b28130ab8/screenshot - {}
RESULT: {}
]]></system-out>
    </testcase>
    <testcase classname="chrome.136_0_7103_93.windows.E2E_-_Logistical_and_commercial_statuses" name="It should follow the handover steps to the status fully provided" time="363.79">
      <system-out><![CDATA[
COMMAND: POST /session/6942dd4aefa05acfe787f49b28130ab8/execute/async - {"script":"<script> [1562 bytes]","args":[{"selector":{"id":"contractDetailProvideButton","viewName":"etm.portal.ui.managecontracts.view.Detail","interaction":{"idSuffix":"BDI-content"}},"wdio_ui5_key":"contractDetailProvideButtonetmportal.ui.managecontracts.view.Detail"}]}
RESULT: {"script":"<script> [1562 bytes]","args":[{"selector":{"id":"contractDetailProvideButton","viewName":"etm.portal.ui.managecontracts.view.Detail","interaction":{"idSuffix":"BDI-content"}},"wdio_ui5_key":"contractDetailProvideButtonetmportal.ui.managecontracts.view.Detail"}]}
RESULT: undefined
COMMAND: POST /session/6942dd4aefa05acfe787f49b28130ab8/element - {"using":"xpath","value":"//*[@id=\"__xmlview61--contractDetailProvideButton\"]"}
RESULT: {"using":"xpath","value":"//*[@id=\"__xmlview61--contractDetailProvideButton\"]"}
COMMAND: POST /session/6942dd4aefa05acfe787f49b28130ab8/element/f.F18A487FCC2B115A863E771091ABB869.d.73243A2F318109DDECB60A5FE95D49F2.e.16441/click - {}
RESULT: {}
COMMAND: GET /session/6942dd4aefa05acfe787f49b28130ab8/screenshot - {}
RESULT: {}
COMMAND: POST /session/6942dd4aefa05acfe787f49b28130ab8/execute/async - {"script":"<script> [1562 bytes]","args":[{"selector":{"id":"application-managehandovers-display-component---AddNewHO--oneStep","interaction":{"idSuffix":"CbBg"}},"wdio_ui5_key":"applicationmanagehandovers-display-component---AddNewHO--oneStep"}]}
RESULT: {"script":"<script> [1562 bytes]","args":[{"selector":{"id":"application-managehandovers-display-component---AddNewHO--oneStep","interaction":{"idSuffix":"CbBg"}},"wdio_ui5_key":"applicationmanagehandovers-display-component---AddNewHO--oneStep"}]}
RESULT: undefined
COMMAND: POST /session/6942dd4aefa05acfe787f49b28130ab8/element - {"using":"xpath","value":"//*[@id=\"application-managehandovers-display-component---AddNewHO--oneStep\"]"}
RESULT: {"using":"xpath","value":"//*[@id=\"application-managehandovers-display-component---AddNewHO--oneStep\"]"}
COMMAND: POST /session/6942dd4aefa05acfe787f49b28130ab8/element/f.F18A487FCC2B115A863E771091ABB869.d.73243A2F318109DDECB60A5FE95D49F2.e.16605/click - {}
RESULT: {}
RESULT: undefined
COMMAND: POST /session/6942dd4aefa05acfe787f49b28130ab8/execute/async - {"script":"<script> [776 bytes]","args":[{"enterText":"05/27/25","selector":{"id":"application-managehandovers-display-component---AddNewHO--dueDate","interaction":{"idSuffix":"inner"}},"clearTextFirst":true,"interactionType":"ENTER_TEXT"}]}
COMMAND: GET /session/6942dd4aefa05acfe787f49b28130ab8/screenshot - {}
RESULT: {"script":"<script> [776 bytes]","args":[{"enterText":"05/27/25","selector":{"id":"application-managehandovers-display-component---AddNewHO--dueDate","interaction":{"idSuffix":"inner"}},"clearTextFirst":true,"interactionType":"ENTER_TEXT"}]}
RESULT: undefined
COMMAND: POST /session/6942dd4aefa05acfe787f49b28130ab8/element - {"using":"xpath","value":"//*[@id=\"application-managehandovers-display-component---AddNewHO--ObjectPageLayout-anchBar-application-managehandovers-display-component---AddNewHO--section4-anchor\"]"}
RESULT: {}
RESULT: {"using":"xpath","value":"//*[@id=\"application-managehandovers-display-component---AddNewHO--ObjectPageLayout-anchBar-application-managehandovers-display-component---AddNewHO--section4-anchor\"]"}
COMMAND: POST /session/6942dd4aefa05acfe787f49b28130ab8/element/f.F18A487FCC2B115A863E771091ABB869.d.73243A2F318109DDECB60A5FE95D49F2.e.16608/click - {}
RESULT: {}
COMMAND: POST /session/6942dd4aefa05acfe787f49b28130ab8/execute/async - {"script":"<script> [1562 bytes]","args":[{"selector":{"controlType":"sap.ui.core.Icon","viewName":"etm.portal.ui.managehandovers.view.AddNewHO","viewId":"application-managehandovers-display-component---AddNewHO","properties":{"src":{"regex":{"source":"add"}}}},"wdio_ui5_key":"etmportal.ui.managehandovers.view.AddNewHOsap.ui.core.Icon{\"src\":{\"regex\":{\"source\":\"add\"}}}"}]}
COMMAND: GET /session/6942dd4aefa05acfe787f49b28130ab8/screenshot - {}
RESULT: {"script":"<script> [1562 bytes]","args":[{"selector":{"controlType":"sap.ui.core.Icon","viewName":"etm.portal.ui.managehandovers.view.AddNewHO","viewId":"application-managehandovers-display-component---AddNewHO","properties":{"src":{"regex":{"source":"add"}}}},"wdio_ui5_key":"etmportal.ui.managehandovers.view.AddNewHOsap.ui.core.Icon{\"src\":{\"regex\":{\"source\":\"add\"}}}"}]}
RESULT: undefined
COMMAND: POST /session/6942dd4aefa05acfe787f49b28130ab8/element - {"using":"xpath","value":"//*[@id=\"__button169-img\"]"}
RESULT: {}
RESULT: {"using":"xpath","value":"//*[@id=\"__button169-img\"]"}
COMMAND: POST /session/6942dd4aefa05acfe787f49b28130ab8/element/f.F18A487FCC2B115A863E771091ABB869.d.73243A2F318109DDECB60A5FE95D49F2.e.16612/click - {}
RESULT: {}
COMMAND: GET /session/6942dd4aefa05acfe787f49b28130ab8/screenshot - {}
RESULT: {}
RESULT: undefined
COMMAND: POST /session/6942dd4aefa05acfe787f49b28130ab8/element - {"using":"xpath","value":"//*[@id=\"application-managehandovers-display-component---AddNewHO--popup-sa\"]"}
RESULT: {"using":"xpath","value":"//*[@id=\"application-managehandovers-display-component---AddNewHO--popup-sa\"]"}
COMMAND: POST /session/6942dd4aefa05acfe787f49b28130ab8/element/f.F18A487FCC2B115A863E771091ABB869.d.73243A2F318109DDECB60A5FE95D49F2.e.16628/click - {}
RESULT: {}
COMMAND: POST /session/6942dd4aefa05acfe787f49b28130ab8/execute/async - {"script":"<script> [1562 bytes]","args":[{"selector":{"controlType":"sap.m.Button","viewName":"etm.portal.ui.managehandovers.view.AddNewHO","viewId":"application-managehandovers-display-component---AddNewHO","i18NText":{"propertyName":"text","key":"select"},"searchOpenDialogs":true,"interaction":{"idSuffix":"inner"}},"wdio_ui5_key":"etmportal.ui.managehandovers.view.AddNewHOsap.m.Button{\"propertyName\":\"text\",\"key\":\"select\"}"}]}
COMMAND: GET /session/6942dd4aefa05acfe787f49b28130ab8/screenshot - {}
RESULT: {"script":"<script> [1562 bytes]","args":[{"selector":{"controlType":"sap.m.Button","viewName":"etm.portal.ui.managehandovers.view.AddNewHO","viewId":"application-managehandovers-display-component---AddNewHO","i18NText":{"propertyName":"text","key":"select"},"searchOpenDialogs":true,"interaction":{"idSuffix":"inner"}},"wdio_ui5_key":"etmportal.ui.managehandovers.view.AddNewHOsap.m.Button{\"propertyName\":\"text\",\"key\":\"select\"}"}]}
RESULT: undefined
COMMAND: POST /session/6942dd4aefa05acfe787f49b28130ab8/element - {"using":"xpath","value":"//*[@id=\"__button173\"]"}
RESULT: {}
RESULT: {"using":"xpath","value":"//*[@id=\"__button173\"]"}
COMMAND: POST /session/6942dd4aefa05acfe787f49b28130ab8/element/f.F18A487FCC2B115A863E771091ABB869.d.73243A2F318109DDECB60A5FE95D49F2.e.16631/click - {}
RESULT: {}
COMMAND: POST /session/6942dd4aefa05acfe787f49b28130ab8/execute/async - {"script":"<script> [1562 bytes]","args":[{"selector":{"id":"application-managehandovers-display-component---AddNewHO--confirmCreationButton","interaction":{"idSuffix":"BDI-content"}},"wdio_ui5_key":"applicationmanagehandovers-display-component---AddNewHO--confirmCreationButton"}]}
COMMAND: GET /session/6942dd4aefa05acfe787f49b28130ab8/screenshot - {}
RESULT: {"script":"<script> [1562 bytes]","args":[{"selector":{"id":"application-managehandovers-display-component---AddNewHO--confirmCreationButton","interaction":{"idSuffix":"BDI-content"}},"wdio_ui5_key":"applicationmanagehandovers-display-component---AddNewHO--confirmCreationButton"}]}
RESULT: undefined
COMMAND: POST /session/6942dd4aefa05acfe787f49b28130ab8/element - {"using":"xpath","value":"//*[@id=\"application-managehandovers-display-component---AddNewHO--confirmCreationButton\"]"}
RESULT: {}
RESULT: {"using":"xpath","value":"//*[@id=\"application-managehandovers-display-component---AddNewHO--confirmCreationButton\"]"}
COMMAND: POST /session/6942dd4aefa05acfe787f49b28130ab8/element/f.F18A487FCC2B115A863E771091ABB869.d.73243A2F318109DDECB60A5FE95D49F2.e.16570/click - {}
RESULT: {}
COMMAND: GET /session/6942dd4aefa05acfe787f49b28130ab8/screenshot - {}
RESULT: {}
COMMAND: POST /session/6942dd4aefa05acfe787f49b28130ab8/element - {"using":"xpath","value":"//a[contains(@data-kt ,\"GeneralSectionReceiveContracttLink\")]"}
RESULT: {"using":"xpath","value":"//a[contains(@data-kt ,\"GeneralSectionReceiveContracttLink\")]"}
COMMAND: POST /session/6942dd4aefa05acfe787f49b28130ab8/element/f.F18A487FCC2B115A863E771091ABB869.d.73243A2F318109DDECB60A5FE95D49F2.e.16681/click - {}
RESULT: {}
COMMAND: GET /session/6942dd4aefa05acfe787f49b28130ab8/screenshot - {}
RESULT: {}
COMMAND: POST /session/6942dd4aefa05acfe787f49b28130ab8/element - {"using":"xpath","value":"//a[contains(@data-kt ,\"ContextMenuId2Link\")]"}
RESULT: {"using":"xpath","value":"//a[contains(@data-kt ,\"ContextMenuId2Link\")]"}
COMMAND: POST /session/6942dd4aefa05acfe787f49b28130ab8/element/f.F18A487FCC2B115A863E771091ABB869.d.73243A2F318109DDECB60A5FE95D49F2.e.16684/click - {}
RESULT: {}
COMMAND: GET /session/6942dd4aefa05acfe787f49b28130ab8/screenshot - {}
RESULT: {}
COMMAND: POST /session/6942dd4aefa05acfe787f49b28130ab8/execute/async - {"script":"<script> [1562 bytes]","args":[{"selector":{"controlType":"sap.m.ObjectStatus","viewName":"etm.portal.ui.managecontracts.view.Detail","bindingPath":{"propertyPath":"LINK_TO_LOGISTICAL_STATUS/DESCRIPTION","modelName":"catalogModel"}},"wdio_ui5_key":"etmportal.ui.managecontracts.view.Detailsap.m.ObjectStatus{\"propertyPath\":\"LINK_TO_LOGISTICAL_STATUS/DESCRIPTION\",\"modelName\":\"catalogModel\"}"}]}
RESULT: {"script":"<script> [1562 bytes]","args":[{"selector":{"controlType":"sap.m.ObjectStatus","viewName":"etm.portal.ui.managecontracts.view.Detail","bindingPath":{"propertyPath":"LINK_TO_LOGISTICAL_STATUS/DESCRIPTION","modelName":"catalogModel"}},"wdio_ui5_key":"etmportal.ui.managecontracts.view.Detailsap.m.ObjectStatus{\"propertyPath\":\"LINK_TO_LOGISTICAL_STATUS/DESCRIPTION\",\"modelName\":\"catalogModel\"}"}]}
RESULT: undefined
COMMAND: POST /session/6942dd4aefa05acfe787f49b28130ab8/execute/async - {"script":"<script> [6424 bytes]","args":[{"element-6066-11e4-a52e-4f735466cecf":"f.F18A487FCC2B115A863E771091ABB869.d.73243A2F318109DDECB60A5FE95D49F2.e.16881"},"getText",[]]}
RESULT: {"script":"<script> [6424 bytes]","args":[{"element-6066-11e4-a52e-4f735466cecf":"f.F18A487FCC2B115A863E771091ABB869.d.73243A2F318109DDECB60A5FE95D49F2.e.16881"},"getText",[]]}
COMMAND: POST /session/6942dd4aefa05acfe787f49b28130ab8/execute/async - {"script":"<script> [1562 bytes]","args":[{"selector":{"controlType":"sap.m.ObjectStatus","viewName":"etm.portal.ui.managecontracts.view.Detail","bindingPath":{"propertyPath":"LINK_TO_COMMERCIAL_STATUS/DESCRIPTION","modelName":"catalogModel"}},"wdio_ui5_key":"etmportal.ui.managecontracts.view.Detailsap.m.ObjectStatus{\"propertyPath\":\"LINK_TO_COMMERCIAL_STATUS/DESCRIPTION\",\"modelName\":\"catalogModel\"}"}]}
RESULT: {"script":"<script> [1562 bytes]","args":[{"selector":{"controlType":"sap.m.ObjectStatus","viewName":"etm.portal.ui.managecontracts.view.Detail","bindingPath":{"propertyPath":"LINK_TO_COMMERCIAL_STATUS/DESCRIPTION","modelName":"catalogModel"}},"wdio_ui5_key":"etmportal.ui.managecontracts.view.Detailsap.m.ObjectStatus{\"propertyPath\":\"LINK_TO_COMMERCIAL_STATUS/DESCRIPTION\",\"modelName\":\"catalogModel\"}"}]}
RESULT: undefined
COMMAND: POST /session/6942dd4aefa05acfe787f49b28130ab8/execute/async - {"script":"<script> [6424 bytes]","args":[{"element-6066-11e4-a52e-4f735466cecf":"f.F18A487FCC2B115A863E771091ABB869.d.73243A2F318109DDECB60A5FE95D49F2.e.16882"},"getText",[]]}
RESULT: {"script":"<script> [6424 bytes]","args":[{"element-6066-11e4-a52e-4f735466cecf":"f.F18A487FCC2B115A863E771091ABB869.d.73243A2F318109DDECB60A5FE95D49F2.e.16882"},"getText",[]]}
COMMAND: POST /session/6942dd4aefa05acfe787f49b28130ab8/execute/async - {"script":"<script> [1562 bytes]","args":[{"selector":{"id":"backBtn"},"wdio_ui5_key":"backBtn"}]}
RESULT: {"script":"<script> [1562 bytes]","args":[{"selector":{"id":"backBtn"},"wdio_ui5_key":"backBtn"}]}
RESULT: undefined
COMMAND: POST /session/6942dd4aefa05acfe787f49b28130ab8/element - {"using":"xpath","value":"//*[@id=\"backBtn\"]"}
RESULT: {"using":"xpath","value":"//*[@id=\"backBtn\"]"}
COMMAND: POST /session/6942dd4aefa05acfe787f49b28130ab8/element/f.F18A487FCC2B115A863E771091ABB869.d.73243A2F318109DDECB60A5FE95D49F2.e.16883/click - {}
RESULT: {}
COMMAND: GET /session/6942dd4aefa05acfe787f49b28130ab8/screenshot - {}
COMMAND: POST /session/6942dd4aefa05acfe787f49b28130ab8/execute/async - {"script":"<script> [1562 bytes]","args":[{"selector":{"controlType":"sap.m.Text","viewName":"etm.portal.ui.managehandovers.view.DetailExecuteHO","bindingPath":{"propertyPath":"NO","modelName":"catalogModel"}},"wdio_ui5_key":"etmportal.ui.managehandovers.view.DetailExecuteHOsap.m.Text{\"propertyPath\":\"NO\",\"modelName\":\"catalogModel\"}"}]}
RESULT: {}
RESULT: {"script":"<script> [1562 bytes]","args":[{"selector":{"controlType":"sap.m.Text","viewName":"etm.portal.ui.managehandovers.view.DetailExecuteHO","bindingPath":{"propertyPath":"NO","modelName":"catalogModel"}},"wdio_ui5_key":"etmportal.ui.managehandovers.view.DetailExecuteHOsap.m.Text{\"propertyPath\":\"NO\",\"modelName\":\"catalogModel\"}"}]}
RESULT: undefined
COMMAND: POST /session/6942dd4aefa05acfe787f49b28130ab8/execute/async - {"script":"<script> [6424 bytes]","args":[{"element-6066-11e4-a52e-4f735466cecf":"f.F18A487FCC2B115A863E771091ABB869.d.73243A2F318109DDECB60A5FE95D49F2.e.17034"},"getText",[]]}
RESULT: {"script":"<script> [6424 bytes]","args":[{"element-6066-11e4-a52e-4f735466cecf":"f.F18A487FCC2B115A863E771091ABB869.d.73243A2F318109DDECB60A5FE95D49F2.e.17034"},"getText",[]]}
COMMAND: POST /session/6942dd4aefa05acfe787f49b28130ab8/element - {"using":"xpath","value":"//input[contains(@id ,\"issueDatePicker-inner\")]"}
RESULT: {"using":"xpath","value":"//input[contains(@id ,\"issueDatePicker-inner\")]"}
COMMAND: GET /session/6942dd4aefa05acfe787f49b28130ab8/element/f.F18A487FCC2B115A863E771091ABB869.d.73243A2F318109DDECB60A5FE95D49F2.e.17013/property/value - {}
RESULT: {}
COMMAND: POST /session/6942dd4aefa05acfe787f49b28130ab8/element/f.F18A487FCC2B115A863E771091ABB869.d.73243A2F318109DDECB60A5FE95D49F2.e.17013/clear - {}
COMMAND: GET /session/6942dd4aefa05acfe787f49b28130ab8/screenshot - {}
RESULT: {}
COMMAND: POST /session/6942dd4aefa05acfe787f49b28130ab8/element/f.F18A487FCC2B115A863E771091ABB869.d.73243A2F318109DDECB60A5FE95D49F2.e.17013/value - {"text":"05/27/25"}
COMMAND: GET /session/6942dd4aefa05acfe787f49b28130ab8/screenshot - {}
RESULT: {}
RESULT: {"text":"05/27/25"}
COMMAND: GET /session/6942dd4aefa05acfe787f49b28130ab8/screenshot - {}
RESULT: {}
RESULT: {}
COMMAND: POST /session/6942dd4aefa05acfe787f49b28130ab8/execute/async - {"script":"<script> [1562 bytes]","args":[{"selector":{"controlType":"sap.m.Button","viewName":"etm.portal.ui.managehandovers.view.DetailExecuteHO","i18NText":{"propertyName":"text","key":"confirmAll"},"interaction":{"idSuffix":"inner"}},"wdio_ui5_key":"etmportal.ui.managehandovers.view.DetailExecuteHOsap.m.Button{\"propertyName\":\"text\",\"key\":\"confirmAll\"}"}]}
RESULT: {"script":"<script> [1562 bytes]","args":[{"selector":{"controlType":"sap.m.Button","viewName":"etm.portal.ui.managehandovers.view.DetailExecuteHO","i18NText":{"propertyName":"text","key":"confirmAll"},"interaction":{"idSuffix":"inner"}},"wdio_ui5_key":"etmportal.ui.managehandovers.view.DetailExecuteHOsap.m.Button{\"propertyName\":\"text\",\"key\":\"confirmAll\"}"}]}
RESULT: undefined
COMMAND: POST /session/6942dd4aefa05acfe787f49b28130ab8/element - {"using":"xpath","value":"//*[@id=\"__button257\"]"}
RESULT: {"using":"xpath","value":"//*[@id=\"__button257\"]"}
COMMAND: POST /session/6942dd4aefa05acfe787f49b28130ab8/element/f.F18A487FCC2B115A863E771091ABB869.d.73243A2F318109DDECB60A5FE95D49F2.e.17038/click - {}
RESULT: {}
COMMAND: GET /session/6942dd4aefa05acfe787f49b28130ab8/screenshot - {}
RESULT: {}
COMMAND: POST /session/6942dd4aefa05acfe787f49b28130ab8/actions - {"actions":[{"id":"action84","type":"key","parameters":{},"actions":[{"type":"keyDown","value":""},{"type":"pause","duration":10},{"type":"keyUp","value":""}]}]}
RESULT: {"actions":[{"id":"action84","type":"key","parameters":{},"actions":[{"type":"keyDown","value":""},{"type":"pause","duration":10},{"type":"keyUp","value":""}]}]}
COMMAND: GET /session/6942dd4aefa05acfe787f49b28130ab8/screenshot - {}
RESULT: {}
RESULT: undefined
COMMAND: POST /session/6942dd4aefa05acfe787f49b28130ab8/element - {"using":"xpath","value":"//*[@id=\"__button257\"]"}
RESULT: {"using":"xpath","value":"//*[@id=\"__button257\"]"}
COMMAND: POST /session/6942dd4aefa05acfe787f49b28130ab8/element/f.F18A487FCC2B115A863E771091ABB869.d.73243A2F318109DDECB60A5FE95D49F2.e.17038/click - {}
RESULT: {}
COMMAND: GET /session/6942dd4aefa05acfe787f49b28130ab8/screenshot - {}
RESULT: {}
COMMAND: POST /session/6942dd4aefa05acfe787f49b28130ab8/execute/async - {"script":"<script> [1562 bytes]","args":[{"selector":{"controlType":"sap.m.Button","properties":{"text":"OK"},"searchOpenDialogs":true,"interaction":{"idSuffix":"content"}},"wdio_ui5_key":"sapm.Button{\"text\":\"OK\"}"}]}
RESULT: {"script":"<script> [1562 bytes]","args":[{"selector":{"controlType":"sap.m.Button","properties":{"text":"OK"},"searchOpenDialogs":true,"interaction":{"idSuffix":"content"}},"wdio_ui5_key":"sapm.Button{\"text\":\"OK\"}"}]}
RESULT: undefined
COMMAND: POST /session/6942dd4aefa05acfe787f49b28130ab8/element - {"using":"xpath","value":"//*[@id=\"__mbox-btn-4\"]"}
RESULT: {"using":"xpath","value":"//*[@id=\"__mbox-btn-4\"]"}
COMMAND: POST /session/6942dd4aefa05acfe787f49b28130ab8/element/f.F18A487FCC2B115A863E771091ABB869.d.73243A2F318109DDECB60A5FE95D49F2.e.17047/click - {}
RESULT: {}
COMMAND: GET /session/6942dd4aefa05acfe787f49b28130ab8/screenshot - {}
RESULT: {}
COMMAND: POST /session/6942dd4aefa05acfe787f49b28130ab8/element - {"using":"xpath","value":"//button[contains(@data-kt ,\"execHoPickFooterButton\")]"}
RESULT: {"using":"xpath","value":"//button[contains(@data-kt ,\"execHoPickFooterButton\")]"}
COMMAND: POST /session/6942dd4aefa05acfe787f49b28130ab8/element/f.F18A487FCC2B115A863E771091ABB869.d.73243A2F318109DDECB60A5FE95D49F2.e.17051/click - {}
RESULT: {}
COMMAND: GET /session/6942dd4aefa05acfe787f49b28130ab8/screenshot - {}
RESULT: {}
COMMAND: POST /session/6942dd4aefa05acfe787f49b28130ab8/refresh - {}
RESULT: {}
COMMAND: GET /session/6942dd4aefa05acfe787f49b28130ab8/screenshot - {}
RESULT: {}
COMMAND: POST /session/6942dd4aefa05acfe787f49b28130ab8/refresh - {}
RESULT: {}
COMMAND: GET /session/6942dd4aefa05acfe787f49b28130ab8/screenshot - {}
RESULT: {}
COMMAND: POST /session/6942dd4aefa05acfe787f49b28130ab8/window/fullscreen - {}
RESULT: {}
COMMAND: POST /session/6942dd4aefa05acfe787f49b28130ab8/execute/async - {"script":"<script> [189 bytes]","args":[]}
RESULT: {"script":"<script> [189 bytes]","args":[]}
COMMAND: POST /session/6942dd4aefa05acfe787f49b28130ab8/execute/async - {"script":"<script> [123 bytes]","args":[]}
RESULT: {"script":"<script> [123 bytes]","args":[]}
COMMAND: POST /session/6942dd4aefa05acfe787f49b28130ab8/timeouts - {"script":"<number>"}
RESULT: {"script":"<number>"}
COMMAND: GET /session/6942dd4aefa05acfe787f49b28130ab8/timeouts - {}
RESULT: {}
RESULT: undefined
COMMAND: POST /session/6942dd4aefa05acfe787f49b28130ab8/execute/async - {"script":"<script> [2676 bytes]","args":[]}
RESULT: {"script":"<script> [2676 bytes]","args":[]}
COMMAND: POST /session/6942dd4aefa05acfe787f49b28130ab8/execute/async - {"script":"<script> [2342 bytes]","args":[{"protocol":"http","hostname":"0.0.0.0","path":"/","capabilities":{"browserName":"chrome","goog:chromeOptions":{"binary":"C:\\Program Files\\Google\\Chrome\\Application\\chrome.exe","args":["--start-maximized"]}},"logLevel":"warn","connectionRetryTimeout":120000,"connectionRetryCount":3,"logLevels":{},"enableDirectConnect":true,"strictSSL":true,"_":"65 more keys: [\"cacheDir\",\"port\",\"requestedCapabilities\",\"automationProtocol\",\"baseUrl\",\"waitforInterval\",\"waitforTimeout\",\"onReload\",\"beforeCommand\",\"afterCommand\",\"rootDir\",\"specs\",\"suites\",\"exclude\",\"groupLogsByTestSpec\",\"excludeDriverLogs\",\"bail\",\"framework\",\"reporters\",\"services\",\"maxInstances\",\"maxInstancesPerCapability\",\"injectGlobals\",\"filesToWatch\",\"execArgv\",\"runnerEnv\",\"runner\",\"shard\",\"specFileRetries\",\"specFileRetriesDelay\",\"specFileRetriesDeferred\",\"reporterSyncInterval\",\"reporterSyncTimeout\",\"cucumberFeaturesWithLineNumbers\",\"autoCompileOpts\",\"mochaOpts\",\"jasmineOpts\",\"cucumberOpts\",\"onPrepare\",\"onWorkerStart\",\"onWorkerEnd\",\"before\",\"beforeSession\",\"beforeSuite\",\"beforeHook\",\"beforeTest\",\"afterTest\",\"afterHook\",\"afterSuite\",\"afterSession\",\"after\",\"onComplete\",\"beforeAssertion\",\"afterAssertion\",\"beforeFeature\",\"beforeScenario\",\"beforeStep\",\"afterStep\",\"afterScenario\",\"afterFeature\",\"_\",\"suite\",\"$0\",\"ignoredWorkerServices\",\"wdi5\"]"}]}
RESULT: {"script":"<script> [2342 bytes]","args":[{"protocol":"http","hostname":"0.0.0.0","path":"/","capabilities":{"browserName":"chrome","goog:chromeOptions":{"binary":"C:\\Program Files\\Google\\Chrome\\Application\\chrome.exe","args":["--start-maximized"]}},"logLevel":"warn","connectionRetryTimeout":120000,"connectionRetryCount":3,"logLevels":{},"enableDirectConnect":true,"strictSSL":true,"_":"65 more keys: [\"cacheDir\",\"port\",\"requestedCapabilities\",\"automationProtocol\",\"baseUrl\",\"waitforInterval\",\"waitforTimeout\",\"onReload\",\"beforeCommand\",\"afterCommand\",\"rootDir\",\"specs\",\"suites\",\"exclude\",\"groupLogsByTestSpec\",\"excludeDriverLogs\",\"bail\",\"framework\",\"reporters\",\"services\",\"maxInstances\",\"maxInstancesPerCapability\",\"injectGlobals\",\"filesToWatch\",\"execArgv\",\"runnerEnv\",\"runner\",\"shard\",\"specFileRetries\",\"specFileRetriesDelay\",\"specFileRetriesDeferred\",\"reporterSyncInterval\",\"reporterSyncTimeout\",\"cucumberFeaturesWithLineNumbers\",\"autoCompileOpts\",\"mochaOpts\",\"jasmineOpts\",\"cucumberOpts\",\"onPrepare\",\"onWorkerStart\",\"onWorkerEnd\",\"before\",\"beforeSession\",\"beforeSuite\",\"beforeHook\",\"beforeTest\",\"afterTest\",\"afterHook\",\"afterSuite\",\"afterSession\",\"after\",\"onComplete\",\"beforeAssertion\",\"afterAssertion\",\"beforeFeature\",\"beforeScenario\",\"beforeStep\",\"afterStep\",\"afterScenario\",\"afterFeature\",\"_\",\"suite\",\"$0\",\"ignoredWorkerServices\",\"wdi5\"]"}]}
COMMAND: POST /session/6942dd4aefa05acfe787f49b28130ab8/execute/async - {"script":"<script> [21126 bytes]","args":[35000]}
RESULT: {"script":"<script> [21126 bytes]","args":[35000]}
COMMAND: POST /session/6942dd4aefa05acfe787f49b28130ab8/execute/async - {"script":"<script> [1562 bytes]","args":[{"selector":{"controlType":"sap.m.SearchField","viewName":"etm.portal.ui.managehandovers.view.MasterHO","bindingPath":{"path":"","propertyPath":"/_BASIC_SEARCH_FIELD","modelName":"fi1t3rM0d31"},"interaction":{"idSuffix":"I"}},"wdio_ui5_key":"etmportal.ui.managehandovers.view.MasterHOsap.m.SearchField{\"path\":\"\",\"propertyPath\":\"/_BASIC_SEARCH_FIELD\",\"modelName\":\"fi1t3rM0d31\"}"}]}
RESULT: {"script":"<script> [1562 bytes]","args":[{"selector":{"controlType":"sap.m.SearchField","viewName":"etm.portal.ui.managehandovers.view.MasterHO","bindingPath":{"path":"","propertyPath":"/_BASIC_SEARCH_FIELD","modelName":"fi1t3rM0d31"},"interaction":{"idSuffix":"I"}},"wdio_ui5_key":"etmportal.ui.managehandovers.view.MasterHOsap.m.SearchField{\"path\":\"\",\"propertyPath\":\"/_BASIC_SEARCH_FIELD\",\"modelName\":\"fi1t3rM0d31\"}"}]}
RESULT: undefined
COMMAND: POST /session/6942dd4aefa05acfe787f49b28130ab8/execute/async - {"script":"<script> [776 bytes]","args":[{"enterText":"30711","selector":{"controlType":"sap.m.SearchField","viewName":"etm.portal.ui.managehandovers.view.MasterHO","bindingPath":{"path":"","propertyPath":"/_BASIC_SEARCH_FIELD","modelName":"fi1t3rM0d31"},"interaction":{"idSuffix":"I"}},"clearTextFirst":true,"interactionType":"ENTER_TEXT"}]}
RESULT: {"script":"<script> [776 bytes]","args":[{"enterText":"30711","selector":{"controlType":"sap.m.SearchField","viewName":"etm.portal.ui.managehandovers.view.MasterHO","bindingPath":{"path":"","propertyPath":"/_BASIC_SEARCH_FIELD","modelName":"fi1t3rM0d31"},"interaction":{"idSuffix":"I"}},"clearTextFirst":true,"interactionType":"ENTER_TEXT"}]}
COMMAND: POST /session/6942dd4aefa05acfe787f49b28130ab8/actions - {"actions":[{"id":"action85","type":"key","parameters":{},"actions":[{"type":"keyDown","value":""},{"type":"pause","duration":10},{"type":"keyUp","value":""}]}]}
RESULT: {"actions":[{"id":"action85","type":"key","parameters":{},"actions":[{"type":"keyDown","value":""},{"type":"pause","duration":10},{"type":"keyUp","value":""}]}]}
COMMAND: GET /session/6942dd4aefa05acfe787f49b28130ab8/screenshot - {}
RESULT: {}
COMMAND: POST /session/6942dd4aefa05acfe787f49b28130ab8/execute/async - {"script":"<script> [1562 bytes]","args":[{"selector":{"controlType":"sap.m.Title","viewName":"etm.portal.ui.managehandovers.view.MasterHO","properties":{"text":"Records (1)"}},"wdio_ui5_key":"etmportal.ui.managehandovers.view.MasterHOsap.m.Title{\"text\":\"Records (1)\"}"}]}
RESULT: {"script":"<script> [1562 bytes]","args":[{"selector":{"controlType":"sap.m.Title","viewName":"etm.portal.ui.managehandovers.view.MasterHO","properties":{"text":"Records (1)"}},"wdio_ui5_key":"etmportal.ui.managehandovers.view.MasterHOsap.m.Title{\"text\":\"Records (1)\"}"}]}
RESULT: undefined
COMMAND: POST /session/6942dd4aefa05acfe787f49b28130ab8/execute/async - {"script":"<script> [6424 bytes]","args":[{"element-6066-11e4-a52e-4f735466cecf":"f.F18A487FCC2B115A863E771091ABB869.d.07209A0D7517ED806F685033FA582E72.e.17417"},"getText",[]]}
RESULT: {"script":"<script> [6424 bytes]","args":[{"element-6066-11e4-a52e-4f735466cecf":"f.F18A487FCC2B115A863E771091ABB869.d.07209A0D7517ED806F685033FA582E72.e.17417"},"getText",[]]}
COMMAND: POST /session/6942dd4aefa05acfe787f49b28130ab8/execute/async - {"script":"<script> [1562 bytes]","args":[{"selector":{"controlType":"sap.ui.core.Icon","viewName":"etm.portal.ui.managehandovers.view.MasterHO","properties":{"src":{"regex":{"source":"slim\\-arrow\\-right"}}}},"wdio_ui5_key":"etmportal.ui.managehandovers.view.MasterHOsap.ui.core.Icon{\"src\":{\"regex\":{\"source\":\"slim\\\\-arrow\\\\-right\"}}}"}]}
RESULT: {"script":"<script> [1562 bytes]","args":[{"selector":{"controlType":"sap.ui.core.Icon","viewName":"etm.portal.ui.managehandovers.view.MasterHO","properties":{"src":{"regex":{"source":"slim\\-arrow\\-right"}}}},"wdio_ui5_key":"etmportal.ui.managehandovers.view.MasterHOsap.ui.core.Icon{\"src\":{\"regex\":{\"source\":\"slim\\\\-arrow\\\\-right\"}}}"}]}
RESULT: undefined
COMMAND: POST /session/6942dd4aefa05acfe787f49b28130ab8/element - {"using":"xpath","value":"//*[@id=\"__item29-__clone17-imgNav\"]"}
RESULT: {"using":"xpath","value":"//*[@id=\"__item29-__clone17-imgNav\"]"}
COMMAND: POST /session/6942dd4aefa05acfe787f49b28130ab8/element/f.F18A487FCC2B115A863E771091ABB869.d.07209A0D7517ED806F685033FA582E72.e.17416/click - {}
RESULT: {}
COMMAND: GET /session/6942dd4aefa05acfe787f49b28130ab8/screenshot - {}
RESULT: {}
COMMAND: POST /session/6942dd4aefa05acfe787f49b28130ab8/element - {"using":"xpath","value":"//a[contains(@data-kt ,\"GeneralSectionReceiveContracttLink\")]"}
RESULT: {"using":"xpath","value":"//a[contains(@data-kt ,\"GeneralSectionReceiveContracttLink\")]"}
COMMAND: POST /session/6942dd4aefa05acfe787f49b28130ab8/element/f.F18A487FCC2B115A863E771091ABB869.d.07209A0D7517ED806F685033FA582E72.e.17519/click - {}
RESULT: {}
COMMAND: GET /session/6942dd4aefa05acfe787f49b28130ab8/screenshot - {}
RESULT: {}
COMMAND: POST /session/6942dd4aefa05acfe787f49b28130ab8/element - {"using":"xpath","value":"//a[contains(@data-kt ,\"ContextMenuId2Link\")]"}
RESULT: {"using":"xpath","value":"//a[contains(@data-kt ,\"ContextMenuId2Link\")]"}
COMMAND: POST /session/6942dd4aefa05acfe787f49b28130ab8/element/f.F18A487FCC2B115A863E771091ABB869.d.07209A0D7517ED806F685033FA582E72.e.17522/click - {}
RESULT: {}
COMMAND: GET /session/6942dd4aefa05acfe787f49b28130ab8/screenshot - {}
RESULT: {}
COMMAND: POST /session/6942dd4aefa05acfe787f49b28130ab8/execute/async - {"script":"<script> [1562 bytes]","args":[{"selector":{"controlType":"sap.m.ObjectStatus","viewName":"etm.portal.ui.managecontracts.view.Detail","bindingPath":{"propertyPath":"LINK_TO_LOGISTICAL_STATUS/DESCRIPTION","modelName":"catalogModel"}},"wdio_ui5_key":"etmportal.ui.managecontracts.view.Detailsap.m.ObjectStatus{\"propertyPath\":\"LINK_TO_LOGISTICAL_STATUS/DESCRIPTION\",\"modelName\":\"catalogModel\"}"}]}
RESULT: {"script":"<script> [1562 bytes]","args":[{"selector":{"controlType":"sap.m.ObjectStatus","viewName":"etm.portal.ui.managecontracts.view.Detail","bindingPath":{"propertyPath":"LINK_TO_LOGISTICAL_STATUS/DESCRIPTION","modelName":"catalogModel"}},"wdio_ui5_key":"etmportal.ui.managecontracts.view.Detailsap.m.ObjectStatus{\"propertyPath\":\"LINK_TO_LOGISTICAL_STATUS/DESCRIPTION\",\"modelName\":\"catalogModel\"}"}]}
RESULT: undefined
COMMAND: POST /session/6942dd4aefa05acfe787f49b28130ab8/execute/async - {"script":"<script> [6424 bytes]","args":[{"element-6066-11e4-a52e-4f735466cecf":"f.F18A487FCC2B115A863E771091ABB869.d.07209A0D7517ED806F685033FA582E72.e.17758"},"getText",[]]}
RESULT: {"script":"<script> [6424 bytes]","args":[{"element-6066-11e4-a52e-4f735466cecf":"f.F18A487FCC2B115A863E771091ABB869.d.07209A0D7517ED806F685033FA582E72.e.17758"},"getText",[]]}
COMMAND: POST /session/6942dd4aefa05acfe787f49b28130ab8/execute/async - {"script":"<script> [1562 bytes]","args":[{"selector":{"controlType":"sap.m.ObjectStatus","viewName":"etm.portal.ui.managecontracts.view.Detail","bindingPath":{"propertyPath":"LINK_TO_COMMERCIAL_STATUS/DESCRIPTION","modelName":"catalogModel"}},"wdio_ui5_key":"etmportal.ui.managecontracts.view.Detailsap.m.ObjectStatus{\"propertyPath\":\"LINK_TO_COMMERCIAL_STATUS/DESCRIPTION\",\"modelName\":\"catalogModel\"}"}]}
RESULT: {"script":"<script> [1562 bytes]","args":[{"selector":{"controlType":"sap.m.ObjectStatus","viewName":"etm.portal.ui.managecontracts.view.Detail","bindingPath":{"propertyPath":"LINK_TO_COMMERCIAL_STATUS/DESCRIPTION","modelName":"catalogModel"}},"wdio_ui5_key":"etmportal.ui.managecontracts.view.Detailsap.m.ObjectStatus{\"propertyPath\":\"LINK_TO_COMMERCIAL_STATUS/DESCRIPTION\",\"modelName\":\"catalogModel\"}"}]}
RESULT: undefined
COMMAND: POST /session/6942dd4aefa05acfe787f49b28130ab8/execute/async - {"script":"<script> [6424 bytes]","args":[{"element-6066-11e4-a52e-4f735466cecf":"f.F18A487FCC2B115A863E771091ABB869.d.07209A0D7517ED806F685033FA582E72.e.17759"},"getText",[]]}
RESULT: {"script":"<script> [6424 bytes]","args":[{"element-6066-11e4-a52e-4f735466cecf":"f.F18A487FCC2B115A863E771091ABB869.d.07209A0D7517ED806F685033FA582E72.e.17759"},"getText",[]]}
COMMAND: POST /session/6942dd4aefa05acfe787f49b28130ab8/execute/async - {"script":"<script> [1562 bytes]","args":[{"selector":{"id":"backBtn"},"wdio_ui5_key":"backBtn"}]}
RESULT: {"script":"<script> [1562 bytes]","args":[{"selector":{"id":"backBtn"},"wdio_ui5_key":"backBtn"}]}
RESULT: undefined
COMMAND: POST /session/6942dd4aefa05acfe787f49b28130ab8/element - {"using":"xpath","value":"//*[@id=\"backBtn\"]"}
RESULT: {"using":"xpath","value":"//*[@id=\"backBtn\"]"}
COMMAND: POST /session/6942dd4aefa05acfe787f49b28130ab8/element/f.F18A487FCC2B115A863E771091ABB869.d.07209A0D7517ED806F685033FA582E72.e.17760/click - {}
RESULT: {}
COMMAND: GET /session/6942dd4aefa05acfe787f49b28130ab8/screenshot - {}
RESULT: {}
COMMAND: POST /session/6942dd4aefa05acfe787f49b28130ab8/execute/async - {"script":"<script> [1562 bytes]","args":[{"selector":{"controlType":"sap.m.Button","viewName":"etm.portal.ui.managehandovers.view.DetailExecuteHO","i18NText":{"propertyName":"text","key":"confirmAll"},"interaction":{"idSuffix":"BDI-content"}},"wdio_ui5_key":"etmportal.ui.managehandovers.view.DetailExecuteHOsap.m.Button{\"propertyName\":\"text\",\"key\":\"confirmAll\"}"}]}
RESULT: {"script":"<script> [1562 bytes]","args":[{"selector":{"controlType":"sap.m.Button","viewName":"etm.portal.ui.managehandovers.view.DetailExecuteHO","i18NText":{"propertyName":"text","key":"confirmAll"},"interaction":{"idSuffix":"BDI-content"}},"wdio_ui5_key":"etmportal.ui.managehandovers.view.DetailExecuteHOsap.m.Button{\"propertyName\":\"text\",\"key\":\"confirmAll\"}"}]}
RESULT: undefined
COMMAND: POST /session/6942dd4aefa05acfe787f49b28130ab8/element - {"using":"xpath","value":"//*[@id=\"__button85\"]"}
RESULT: {"using":"xpath","value":"//*[@id=\"__button85\"]"}
COMMAND: POST /session/6942dd4aefa05acfe787f49b28130ab8/element/f.F18A487FCC2B115A863E771091ABB869.d.07209A0D7517ED806F685033FA582E72.e.18044/click - {}
RESULT: {}
COMMAND: GET /session/6942dd4aefa05acfe787f49b28130ab8/screenshot - {}
RESULT: {}
COMMAND: POST /session/6942dd4aefa05acfe787f49b28130ab8/execute/async - {"script":"<script> [1562 bytes]","args":[{"selector":{"controlType":"sap.m.Button","properties":{"text":"OK"},"searchOpenDialogs":true,"interaction":{"idSuffix":"inner"}},"wdio_ui5_key":"sapm.Button{\"text\":\"OK\"}"}]}
RESULT: {"script":"<script> [1562 bytes]","args":[{"selector":{"controlType":"sap.m.Button","properties":{"text":"OK"},"searchOpenDialogs":true,"interaction":{"idSuffix":"inner"}},"wdio_ui5_key":"sapm.Button{\"text\":\"OK\"}"}]}
RESULT: undefined
COMMAND: POST /session/6942dd4aefa05acfe787f49b28130ab8/element - {"using":"xpath","value":"//*[@id=\"__mbox-btn-0\"]"}
RESULT: {"using":"xpath","value":"//*[@id=\"__mbox-btn-0\"]"}
COMMAND: POST /session/6942dd4aefa05acfe787f49b28130ab8/element/f.F18A487FCC2B115A863E771091ABB869.d.07209A0D7517ED806F685033FA582E72.e.18050/click - {}
RESULT: {}
COMMAND: GET /session/6942dd4aefa05acfe787f49b28130ab8/screenshot - {}
RESULT: {}
COMMAND: POST /session/6942dd4aefa05acfe787f49b28130ab8/element - {"using":"xpath","value":"//button[contains(@data-kt ,\"execHoIssueFooterButton\")]"}
RESULT: {"using":"xpath","value":"//button[contains(@data-kt ,\"execHoIssueFooterButton\")]"}
COMMAND: POST /session/6942dd4aefa05acfe787f49b28130ab8/element/f.F18A487FCC2B115A863E771091ABB869.d.07209A0D7517ED806F685033FA582E72.e.18053/click - {}
RESULT: {}
COMMAND: GET /session/6942dd4aefa05acfe787f49b28130ab8/screenshot - {}
RESULT: {}
COMMAND: POST /session/6942dd4aefa05acfe787f49b28130ab8/refresh - {}
RESULT: {}
COMMAND: GET /session/6942dd4aefa05acfe787f49b28130ab8/screenshot - {}
RESULT: {}
COMMAND: POST /session/6942dd4aefa05acfe787f49b28130ab8/refresh - {}
RESULT: {}
COMMAND: GET /session/6942dd4aefa05acfe787f49b28130ab8/screenshot - {}
RESULT: {}
COMMAND: POST /session/6942dd4aefa05acfe787f49b28130ab8/window/fullscreen - {}
RESULT: {}
COMMAND: POST /session/6942dd4aefa05acfe787f49b28130ab8/execute/async - {"script":"<script> [189 bytes]","args":[]}
RESULT: {"script":"<script> [189 bytes]","args":[]}
COMMAND: POST /session/6942dd4aefa05acfe787f49b28130ab8/execute/async - {"script":"<script> [123 bytes]","args":[]}
RESULT: {"script":"<script> [123 bytes]","args":[]}
COMMAND: POST /session/6942dd4aefa05acfe787f49b28130ab8/timeouts - {"script":"<number>"}
RESULT: {"script":"<number>"}
COMMAND: GET /session/6942dd4aefa05acfe787f49b28130ab8/timeouts - {}
RESULT: {}
RESULT: undefined
COMMAND: POST /session/6942dd4aefa05acfe787f49b28130ab8/execute/async - {"script":"<script> [2676 bytes]","args":[]}
RESULT: {"script":"<script> [2676 bytes]","args":[]}
COMMAND: POST /session/6942dd4aefa05acfe787f49b28130ab8/execute/async - {"script":"<script> [2342 bytes]","args":[{"protocol":"http","hostname":"0.0.0.0","path":"/","capabilities":{"browserName":"chrome","goog:chromeOptions":{"binary":"C:\\Program Files\\Google\\Chrome\\Application\\chrome.exe","args":["--start-maximized"]}},"logLevel":"warn","connectionRetryTimeout":120000,"connectionRetryCount":3,"logLevels":{},"enableDirectConnect":true,"strictSSL":true,"_":"65 more keys: [\"cacheDir\",\"port\",\"requestedCapabilities\",\"automationProtocol\",\"baseUrl\",\"waitforInterval\",\"waitforTimeout\",\"onReload\",\"beforeCommand\",\"afterCommand\",\"rootDir\",\"specs\",\"suites\",\"exclude\",\"groupLogsByTestSpec\",\"excludeDriverLogs\",\"bail\",\"framework\",\"reporters\",\"services\",\"maxInstances\",\"maxInstancesPerCapability\",\"injectGlobals\",\"filesToWatch\",\"execArgv\",\"runnerEnv\",\"runner\",\"shard\",\"specFileRetries\",\"specFileRetriesDelay\",\"specFileRetriesDeferred\",\"reporterSyncInterval\",\"reporterSyncTimeout\",\"cucumberFeaturesWithLineNumbers\",\"autoCompileOpts\",\"mochaOpts\",\"jasmineOpts\",\"cucumberOpts\",\"onPrepare\",\"onWorkerStart\",\"onWorkerEnd\",\"before\",\"beforeSession\",\"beforeSuite\",\"beforeHook\",\"beforeTest\",\"afterTest\",\"afterHook\",\"afterSuite\",\"afterSession\",\"after\",\"onComplete\",\"beforeAssertion\",\"afterAssertion\",\"beforeFeature\",\"beforeScenario\",\"beforeStep\",\"afterStep\",\"afterScenario\",\"afterFeature\",\"_\",\"suite\",\"$0\",\"ignoredWorkerServices\",\"wdi5\"]"}]}
RESULT: {"script":"<script> [2342 bytes]","args":[{"protocol":"http","hostname":"0.0.0.0","path":"/","capabilities":{"browserName":"chrome","goog:chromeOptions":{"binary":"C:\\Program Files\\Google\\Chrome\\Application\\chrome.exe","args":["--start-maximized"]}},"logLevel":"warn","connectionRetryTimeout":120000,"connectionRetryCount":3,"logLevels":{},"enableDirectConnect":true,"strictSSL":true,"_":"65 more keys: [\"cacheDir\",\"port\",\"requestedCapabilities\",\"automationProtocol\",\"baseUrl\",\"waitforInterval\",\"waitforTimeout\",\"onReload\",\"beforeCommand\",\"afterCommand\",\"rootDir\",\"specs\",\"suites\",\"exclude\",\"groupLogsByTestSpec\",\"excludeDriverLogs\",\"bail\",\"framework\",\"reporters\",\"services\",\"maxInstances\",\"maxInstancesPerCapability\",\"injectGlobals\",\"filesToWatch\",\"execArgv\",\"runnerEnv\",\"runner\",\"shard\",\"specFileRetries\",\"specFileRetriesDelay\",\"specFileRetriesDeferred\",\"reporterSyncInterval\",\"reporterSyncTimeout\",\"cucumberFeaturesWithLineNumbers\",\"autoCompileOpts\",\"mochaOpts\",\"jasmineOpts\",\"cucumberOpts\",\"onPrepare\",\"onWorkerStart\",\"onWorkerEnd\",\"before\",\"beforeSession\",\"beforeSuite\",\"beforeHook\",\"beforeTest\",\"afterTest\",\"afterHook\",\"afterSuite\",\"afterSession\",\"after\",\"onComplete\",\"beforeAssertion\",\"afterAssertion\",\"beforeFeature\",\"beforeScenario\",\"beforeStep\",\"afterStep\",\"afterScenario\",\"afterFeature\",\"_\",\"suite\",\"$0\",\"ignoredWorkerServices\",\"wdi5\"]"}]}
COMMAND: POST /session/6942dd4aefa05acfe787f49b28130ab8/execute/async - {"script":"<script> [21126 bytes]","args":[35000]}
RESULT: {"script":"<script> [21126 bytes]","args":[35000]}
COMMAND: POST /session/6942dd4aefa05acfe787f49b28130ab8/execute/async - {"script":"<script> [1562 bytes]","args":[{"selector":{"controlType":"sap.m.SearchField","viewName":"etm.portal.ui.managehandovers.view.MasterHO","bindingPath":{"path":"","propertyPath":"/_BASIC_SEARCH_FIELD","modelName":"fi1t3rM0d31"},"interaction":{"idSuffix":"I"}},"wdio_ui5_key":"etmportal.ui.managehandovers.view.MasterHOsap.m.SearchField{\"path\":\"\",\"propertyPath\":\"/_BASIC_SEARCH_FIELD\",\"modelName\":\"fi1t3rM0d31\"}"}]}
RESULT: {"script":"<script> [1562 bytes]","args":[{"selector":{"controlType":"sap.m.SearchField","viewName":"etm.portal.ui.managehandovers.view.MasterHO","bindingPath":{"path":"","propertyPath":"/_BASIC_SEARCH_FIELD","modelName":"fi1t3rM0d31"},"interaction":{"idSuffix":"I"}},"wdio_ui5_key":"etmportal.ui.managehandovers.view.MasterHOsap.m.SearchField{\"path\":\"\",\"propertyPath\":\"/_BASIC_SEARCH_FIELD\",\"modelName\":\"fi1t3rM0d31\"}"}]}
RESULT: undefined
COMMAND: POST /session/6942dd4aefa05acfe787f49b28130ab8/execute/async - {"script":"<script> [776 bytes]","args":[{"enterText":"30711","selector":{"controlType":"sap.m.SearchField","viewName":"etm.portal.ui.managehandovers.view.MasterHO","bindingPath":{"path":"","propertyPath":"/_BASIC_SEARCH_FIELD","modelName":"fi1t3rM0d31"},"interaction":{"idSuffix":"I"}},"clearTextFirst":true,"interactionType":"ENTER_TEXT"}]}
RESULT: {"script":"<script> [776 bytes]","args":[{"enterText":"30711","selector":{"controlType":"sap.m.SearchField","viewName":"etm.portal.ui.managehandovers.view.MasterHO","bindingPath":{"path":"","propertyPath":"/_BASIC_SEARCH_FIELD","modelName":"fi1t3rM0d31"},"interaction":{"idSuffix":"I"}},"clearTextFirst":true,"interactionType":"ENTER_TEXT"}]}
COMMAND: POST /session/6942dd4aefa05acfe787f49b28130ab8/actions - {"actions":[{"id":"action86","type":"key","parameters":{},"actions":[{"type":"keyDown","value":""},{"type":"pause","duration":10},{"type":"keyUp","value":""}]}]}
RESULT: {"actions":[{"id":"action86","type":"key","parameters":{},"actions":[{"type":"keyDown","value":""},{"type":"pause","duration":10},{"type":"keyUp","value":""}]}]}
COMMAND: GET /session/6942dd4aefa05acfe787f49b28130ab8/screenshot - {}
RESULT: {}
COMMAND: POST /session/6942dd4aefa05acfe787f49b28130ab8/execute/async - {"script":"<script> [1562 bytes]","args":[{"selector":{"controlType":"sap.m.Title","viewName":"etm.portal.ui.managehandovers.view.MasterHO","properties":{"text":"Records (1)"}},"wdio_ui5_key":"etmportal.ui.managehandovers.view.MasterHOsap.m.Title{\"text\":\"Records (1)\"}"}]}
RESULT: {"script":"<script> [1562 bytes]","args":[{"selector":{"controlType":"sap.m.Title","viewName":"etm.portal.ui.managehandovers.view.MasterHO","properties":{"text":"Records (1)"}},"wdio_ui5_key":"etmportal.ui.managehandovers.view.MasterHOsap.m.Title{\"text\":\"Records (1)\"}"}]}
RESULT: undefined
COMMAND: POST /session/6942dd4aefa05acfe787f49b28130ab8/execute/async - {"script":"<script> [6424 bytes]","args":[{"element-6066-11e4-a52e-4f735466cecf":"f.F18A487FCC2B115A863E771091ABB869.d.5C998440B4D76E7C866D01A71733EDE6.e.18291"},"getText",[]]}
RESULT: {"script":"<script> [6424 bytes]","args":[{"element-6066-11e4-a52e-4f735466cecf":"f.F18A487FCC2B115A863E771091ABB869.d.5C998440B4D76E7C866D01A71733EDE6.e.18291"},"getText",[]]}
COMMAND: POST /session/6942dd4aefa05acfe787f49b28130ab8/execute/async - {"script":"<script> [1562 bytes]","args":[{"selector":{"controlType":"sap.ui.core.Icon","viewName":"etm.portal.ui.managehandovers.view.MasterHO","properties":{"src":{"regex":{"source":"slim\\-arrow\\-right"}}}},"wdio_ui5_key":"etmportal.ui.managehandovers.view.MasterHOsap.ui.core.Icon{\"src\":{\"regex\":{\"source\":\"slim\\\\-arrow\\\\-right\"}}}"}]}
RESULT: {"script":"<script> [1562 bytes]","args":[{"selector":{"controlType":"sap.ui.core.Icon","viewName":"etm.portal.ui.managehandovers.view.MasterHO","properties":{"src":{"regex":{"source":"slim\\-arrow\\-right"}}}},"wdio_ui5_key":"etmportal.ui.managehandovers.view.MasterHOsap.ui.core.Icon{\"src\":{\"regex\":{\"source\":\"slim\\\\-arrow\\\\-right\"}}}"}]}
RESULT: undefined
COMMAND: POST /session/6942dd4aefa05acfe787f49b28130ab8/element - {"using":"xpath","value":"//*[@id=\"__item27-__clone17-imgNav\"]"}
RESULT: {"using":"xpath","value":"//*[@id=\"__item27-__clone17-imgNav\"]"}
COMMAND: POST /session/6942dd4aefa05acfe787f49b28130ab8/element/f.F18A487FCC2B115A863E771091ABB869.d.5C998440B4D76E7C866D01A71733EDE6.e.18290/click - {}
RESULT: {}
COMMAND: GET /session/6942dd4aefa05acfe787f49b28130ab8/screenshot - {}
RESULT: {}
COMMAND: POST /session/6942dd4aefa05acfe787f49b28130ab8/execute/async - {"script":"<script> [1562 bytes]","args":[{"selector":{"controlType":"sap.m.ObjectStatus","viewName":"etm.portal.ui.managehandovers.view.DetailExecuteHO","labelFor":{"text":"Status"}},"wdio_ui5_key":"etmportal.ui.managehandovers.view.DetailExecuteHOsap.m.ObjectStatus{\"text\":\"Status\"}"}]}
RESULT: {"script":"<script> [1562 bytes]","args":[{"selector":{"controlType":"sap.m.ObjectStatus","viewName":"etm.portal.ui.managehandovers.view.DetailExecuteHO","labelFor":{"text":"Status"}},"wdio_ui5_key":"etmportal.ui.managehandovers.view.DetailExecuteHOsap.m.ObjectStatus{\"text\":\"Status\"}"}]}
RESULT: undefined
COMMAND: POST /session/6942dd4aefa05acfe787f49b28130ab8/execute/async - {"script":"<script> [6424 bytes]","args":[{"element-6066-11e4-a52e-4f735466cecf":"f.F18A487FCC2B115A863E771091ABB869.d.5C998440B4D76E7C866D01A71733EDE6.e.18392"},"getText",[]]}
RESULT: {"script":"<script> [6424 bytes]","args":[{"element-6066-11e4-a52e-4f735466cecf":"f.F18A487FCC2B115A863E771091ABB869.d.5C998440B4D76E7C866D01A71733EDE6.e.18392"},"getText",[]]}
COMMAND: POST /session/6942dd4aefa05acfe787f49b28130ab8/execute/async - {"script":"<script> [1562 bytes]","args":[{"selector":{"controlType":"sap.m.Button","viewName":"etm.portal.ui.managehandovers.view.DetailExecuteHO","i18NText":{"propertyName":"text","key":"confirmAll"},"interaction":{"idSuffix":"BDI-content"}},"wdio_ui5_key":"etmportal.ui.managehandovers.view.DetailExecuteHOsap.m.Button{\"propertyName\":\"text\",\"key\":\"confirmAll\"}"}]}
RESULT: {"script":"<script> [1562 bytes]","args":[{"selector":{"controlType":"sap.m.Button","viewName":"etm.portal.ui.managehandovers.view.DetailExecuteHO","i18NText":{"propertyName":"text","key":"confirmAll"},"interaction":{"idSuffix":"BDI-content"}},"wdio_ui5_key":"etmportal.ui.managehandovers.view.DetailExecuteHOsap.m.Button{\"propertyName\":\"text\",\"key\":\"confirmAll\"}"}]}
RESULT: undefined
COMMAND: POST /session/6942dd4aefa05acfe787f49b28130ab8/element - {"using":"xpath","value":"//*[@id=\"__button30\"]"}
RESULT: {"using":"xpath","value":"//*[@id=\"__button30\"]"}
COMMAND: POST /session/6942dd4aefa05acfe787f49b28130ab8/element/f.F18A487FCC2B115A863E771091ABB869.d.5C998440B4D76E7C866D01A71733EDE6.e.18394/click - {}
RESULT: {}
COMMAND: GET /session/6942dd4aefa05acfe787f49b28130ab8/screenshot - {}
RESULT: {}
COMMAND: POST /session/6942dd4aefa05acfe787f49b28130ab8/execute/async - {"script":"<script> [1562 bytes]","args":[{"selector":{"controlType":"sap.m.Button","properties":{"text":"OK"},"searchOpenDialogs":true,"interaction":{"idSuffix":"BDI-content"}},"wdio_ui5_key":"sapm.Button{\"text\":\"OK\"}"}]}
RESULT: {"script":"<script> [1562 bytes]","args":[{"selector":{"controlType":"sap.m.Button","properties":{"text":"OK"},"searchOpenDialogs":true,"interaction":{"idSuffix":"BDI-content"}},"wdio_ui5_key":"sapm.Button{\"text\":\"OK\"}"}]}
RESULT: undefined
COMMAND: POST /session/6942dd4aefa05acfe787f49b28130ab8/element - {"using":"xpath","value":"//*[@id=\"__mbox-btn-0\"]"}
RESULT: {"using":"xpath","value":"//*[@id=\"__mbox-btn-0\"]"}
COMMAND: POST /session/6942dd4aefa05acfe787f49b28130ab8/element/f.F18A487FCC2B115A863E771091ABB869.d.5C998440B4D76E7C866D01A71733EDE6.e.18395/click - {}
RESULT: {}
COMMAND: GET /session/6942dd4aefa05acfe787f49b28130ab8/screenshot - {}
RESULT: {}
COMMAND: POST /session/6942dd4aefa05acfe787f49b28130ab8/element - {"using":"xpath","value":"//button[contains(@data-kt ,\"execHoReceiveFooterButton\")]"}
RESULT: {"using":"xpath","value":"//button[contains(@data-kt ,\"execHoReceiveFooterButton\")]"}
COMMAND: POST /session/6942dd4aefa05acfe787f49b28130ab8/element/f.F18A487FCC2B115A863E771091ABB869.d.5C998440B4D76E7C866D01A71733EDE6.e.18348/click - {}
RESULT: {}
COMMAND: GET /session/6942dd4aefa05acfe787f49b28130ab8/screenshot - {}
RESULT: {}
COMMAND: POST /session/6942dd4aefa05acfe787f49b28130ab8/refresh - {}
RESULT: {}
COMMAND: GET /session/6942dd4aefa05acfe787f49b28130ab8/screenshot - {}
RESULT: {}
COMMAND: POST /session/6942dd4aefa05acfe787f49b28130ab8/refresh - {}
RESULT: {}
COMMAND: GET /session/6942dd4aefa05acfe787f49b28130ab8/screenshot - {}
RESULT: {}
COMMAND: POST /session/6942dd4aefa05acfe787f49b28130ab8/window/fullscreen - {}
RESULT: {}
COMMAND: POST /session/6942dd4aefa05acfe787f49b28130ab8/execute/async - {"script":"<script> [189 bytes]","args":[]}
RESULT: {"script":"<script> [189 bytes]","args":[]}
COMMAND: POST /session/6942dd4aefa05acfe787f49b28130ab8/execute/async - {"script":"<script> [123 bytes]","args":[]}
RESULT: {"script":"<script> [123 bytes]","args":[]}
COMMAND: POST /session/6942dd4aefa05acfe787f49b28130ab8/timeouts - {"script":"<number>"}
RESULT: {"script":"<number>"}
COMMAND: GET /session/6942dd4aefa05acfe787f49b28130ab8/timeouts - {}
RESULT: {}
RESULT: undefined
COMMAND: POST /session/6942dd4aefa05acfe787f49b28130ab8/execute/async - {"script":"<script> [2676 bytes]","args":[]}
RESULT: {"script":"<script> [2676 bytes]","args":[]}
COMMAND: POST /session/6942dd4aefa05acfe787f49b28130ab8/execute/async - {"script":"<script> [2342 bytes]","args":[{"protocol":"http","hostname":"0.0.0.0","path":"/","capabilities":{"browserName":"chrome","goog:chromeOptions":{"binary":"C:\\Program Files\\Google\\Chrome\\Application\\chrome.exe","args":["--start-maximized"]}},"logLevel":"warn","connectionRetryTimeout":120000,"connectionRetryCount":3,"logLevels":{},"enableDirectConnect":true,"strictSSL":true,"_":"65 more keys: [\"cacheDir\",\"port\",\"requestedCapabilities\",\"automationProtocol\",\"baseUrl\",\"waitforInterval\",\"waitforTimeout\",\"onReload\",\"beforeCommand\",\"afterCommand\",\"rootDir\",\"specs\",\"suites\",\"exclude\",\"groupLogsByTestSpec\",\"excludeDriverLogs\",\"bail\",\"framework\",\"reporters\",\"services\",\"maxInstances\",\"maxInstancesPerCapability\",\"injectGlobals\",\"filesToWatch\",\"execArgv\",\"runnerEnv\",\"runner\",\"shard\",\"specFileRetries\",\"specFileRetriesDelay\",\"specFileRetriesDeferred\",\"reporterSyncInterval\",\"reporterSyncTimeout\",\"cucumberFeaturesWithLineNumbers\",\"autoCompileOpts\",\"mochaOpts\",\"jasmineOpts\",\"cucumberOpts\",\"onPrepare\",\"onWorkerStart\",\"onWorkerEnd\",\"before\",\"beforeSession\",\"beforeSuite\",\"beforeHook\",\"beforeTest\",\"afterTest\",\"afterHook\",\"afterSuite\",\"afterSession\",\"after\",\"onComplete\",\"beforeAssertion\",\"afterAssertion\",\"beforeFeature\",\"beforeScenario\",\"beforeStep\",\"afterStep\",\"afterScenario\",\"afterFeature\",\"_\",\"suite\",\"$0\",\"ignoredWorkerServices\",\"wdi5\"]"}]}
RESULT: {"script":"<script> [2342 bytes]","args":[{"protocol":"http","hostname":"0.0.0.0","path":"/","capabilities":{"browserName":"chrome","goog:chromeOptions":{"binary":"C:\\Program Files\\Google\\Chrome\\Application\\chrome.exe","args":["--start-maximized"]}},"logLevel":"warn","connectionRetryTimeout":120000,"connectionRetryCount":3,"logLevels":{},"enableDirectConnect":true,"strictSSL":true,"_":"65 more keys: [\"cacheDir\",\"port\",\"requestedCapabilities\",\"automationProtocol\",\"baseUrl\",\"waitforInterval\",\"waitforTimeout\",\"onReload\",\"beforeCommand\",\"afterCommand\",\"rootDir\",\"specs\",\"suites\",\"exclude\",\"groupLogsByTestSpec\",\"excludeDriverLogs\",\"bail\",\"framework\",\"reporters\",\"services\",\"maxInstances\",\"maxInstancesPerCapability\",\"injectGlobals\",\"filesToWatch\",\"execArgv\",\"runnerEnv\",\"runner\",\"shard\",\"specFileRetries\",\"specFileRetriesDelay\",\"specFileRetriesDeferred\",\"reporterSyncInterval\",\"reporterSyncTimeout\",\"cucumberFeaturesWithLineNumbers\",\"autoCompileOpts\",\"mochaOpts\",\"jasmineOpts\",\"cucumberOpts\",\"onPrepare\",\"onWorkerStart\",\"onWorkerEnd\",\"before\",\"beforeSession\",\"beforeSuite\",\"beforeHook\",\"beforeTest\",\"afterTest\",\"afterHook\",\"afterSuite\",\"afterSession\",\"after\",\"onComplete\",\"beforeAssertion\",\"afterAssertion\",\"beforeFeature\",\"beforeScenario\",\"beforeStep\",\"afterStep\",\"afterScenario\",\"afterFeature\",\"_\",\"suite\",\"$0\",\"ignoredWorkerServices\",\"wdi5\"]"}]}
COMMAND: POST /session/6942dd4aefa05acfe787f49b28130ab8/execute/async - {"script":"<script> [21126 bytes]","args":[35000]}
RESULT: {"script":"<script> [21126 bytes]","args":[35000]}
COMMAND: POST /session/6942dd4aefa05acfe787f49b28130ab8/execute/async - {"script":"<script> [1562 bytes]","args":[{"selector":{"controlType":"sap.m.SearchField","viewName":"etm.portal.ui.managehandovers.view.MasterHO","bindingPath":{"path":"","propertyPath":"/_BASIC_SEARCH_FIELD","modelName":"fi1t3rM0d31"},"interaction":{"idSuffix":"I"}},"wdio_ui5_key":"etmportal.ui.managehandovers.view.MasterHOsap.m.SearchField{\"path\":\"\",\"propertyPath\":\"/_BASIC_SEARCH_FIELD\",\"modelName\":\"fi1t3rM0d31\"}"}]}
RESULT: {"script":"<script> [1562 bytes]","args":[{"selector":{"controlType":"sap.m.SearchField","viewName":"etm.portal.ui.managehandovers.view.MasterHO","bindingPath":{"path":"","propertyPath":"/_BASIC_SEARCH_FIELD","modelName":"fi1t3rM0d31"},"interaction":{"idSuffix":"I"}},"wdio_ui5_key":"etmportal.ui.managehandovers.view.MasterHOsap.m.SearchField{\"path\":\"\",\"propertyPath\":\"/_BASIC_SEARCH_FIELD\",\"modelName\":\"fi1t3rM0d31\"}"}]}
RESULT: undefined
COMMAND: POST /session/6942dd4aefa05acfe787f49b28130ab8/execute/async - {"script":"<script> [776 bytes]","args":[{"enterText":"30711","selector":{"controlType":"sap.m.SearchField","viewName":"etm.portal.ui.managehandovers.view.MasterHO","bindingPath":{"path":"","propertyPath":"/_BASIC_SEARCH_FIELD","modelName":"fi1t3rM0d31"},"interaction":{"idSuffix":"I"}},"clearTextFirst":true,"interactionType":"ENTER_TEXT"}]}
RESULT: {"script":"<script> [776 bytes]","args":[{"enterText":"30711","selector":{"controlType":"sap.m.SearchField","viewName":"etm.portal.ui.managehandovers.view.MasterHO","bindingPath":{"path":"","propertyPath":"/_BASIC_SEARCH_FIELD","modelName":"fi1t3rM0d31"},"interaction":{"idSuffix":"I"}},"clearTextFirst":true,"interactionType":"ENTER_TEXT"}]}
COMMAND: POST /session/6942dd4aefa05acfe787f49b28130ab8/actions - {"actions":[{"id":"action87","type":"key","parameters":{},"actions":[{"type":"keyDown","value":""},{"type":"pause","duration":10},{"type":"keyUp","value":""}]}]}
RESULT: {"actions":[{"id":"action87","type":"key","parameters":{},"actions":[{"type":"keyDown","value":""},{"type":"pause","duration":10},{"type":"keyUp","value":""}]}]}
COMMAND: GET /session/6942dd4aefa05acfe787f49b28130ab8/screenshot - {}
RESULT: {}
COMMAND: POST /session/6942dd4aefa05acfe787f49b28130ab8/execute/async - {"script":"<script> [1562 bytes]","args":[{"selector":{"controlType":"sap.m.Title","viewName":"etm.portal.ui.managehandovers.view.MasterHO","properties":{"text":"Records (1)"}},"wdio_ui5_key":"etmportal.ui.managehandovers.view.MasterHOsap.m.Title{\"text\":\"Records (1)\"}"}]}
RESULT: {"script":"<script> [1562 bytes]","args":[{"selector":{"controlType":"sap.m.Title","viewName":"etm.portal.ui.managehandovers.view.MasterHO","properties":{"text":"Records (1)"}},"wdio_ui5_key":"etmportal.ui.managehandovers.view.MasterHOsap.m.Title{\"text\":\"Records (1)\"}"}]}
RESULT: undefined
COMMAND: POST /session/6942dd4aefa05acfe787f49b28130ab8/execute/async - {"script":"<script> [6424 bytes]","args":[{"element-6066-11e4-a52e-4f735466cecf":"f.F18A487FCC2B115A863E771091ABB869.d.AFBDDAE3C7E92007D64E513EAAA6AF43.e.18562"},"getText",[]]}
RESULT: {"script":"<script> [6424 bytes]","args":[{"element-6066-11e4-a52e-4f735466cecf":"f.F18A487FCC2B115A863E771091ABB869.d.AFBDDAE3C7E92007D64E513EAAA6AF43.e.18562"},"getText",[]]}
COMMAND: POST /session/6942dd4aefa05acfe787f49b28130ab8/execute/async - {"script":"<script> [1562 bytes]","args":[{"selector":{"controlType":"sap.ui.core.Icon","viewName":"etm.portal.ui.managehandovers.view.MasterHO","properties":{"src":{"regex":{"source":"slim\\-arrow\\-right"}}}},"wdio_ui5_key":"etmportal.ui.managehandovers.view.MasterHOsap.ui.core.Icon{\"src\":{\"regex\":{\"source\":\"slim\\\\-arrow\\\\-right\"}}}"}]}
RESULT: {"script":"<script> [1562 bytes]","args":[{"selector":{"controlType":"sap.ui.core.Icon","viewName":"etm.portal.ui.managehandovers.view.MasterHO","properties":{"src":{"regex":{"source":"slim\\-arrow\\-right"}}}},"wdio_ui5_key":"etmportal.ui.managehandovers.view.MasterHOsap.ui.core.Icon{\"src\":{\"regex\":{\"source\":\"slim\\\\-arrow\\\\-right\"}}}"}]}
RESULT: undefined
COMMAND: POST /session/6942dd4aefa05acfe787f49b28130ab8/element - {"using":"xpath","value":"//*[@id=\"__item29-__clone17-imgNav\"]"}
RESULT: {"using":"xpath","value":"//*[@id=\"__item29-__clone17-imgNav\"]"}
COMMAND: POST /session/6942dd4aefa05acfe787f49b28130ab8/element/f.F18A487FCC2B115A863E771091ABB869.d.AFBDDAE3C7E92007D64E513EAAA6AF43.e.18561/click - {}
RESULT: {}
COMMAND: GET /session/6942dd4aefa05acfe787f49b28130ab8/screenshot - {}
RESULT: {}
COMMAND: POST /session/6942dd4aefa05acfe787f49b28130ab8/execute/async - {"script":"<script> [1562 bytes]","args":[{"selector":{"controlType":"sap.m.ObjectStatus","viewName":"etm.portal.ui.managehandovers.view.DetailManageHO","viewId":"application-managehandovers-display-component---detailManageHO","labelFor":{"text":"Status"}},"wdio_ui5_key":"etmportal.ui.managehandovers.view.DetailManageHOsap.m.ObjectStatus{\"text\":\"Status\"}"}]}
RESULT: {"script":"<script> [1562 bytes]","args":[{"selector":{"controlType":"sap.m.ObjectStatus","viewName":"etm.portal.ui.managehandovers.view.DetailManageHO","viewId":"application-managehandovers-display-component---detailManageHO","labelFor":{"text":"Status"}},"wdio_ui5_key":"etmportal.ui.managehandovers.view.DetailManageHOsap.m.ObjectStatus{\"text\":\"Status\"}"}]}
RESULT: undefined
COMMAND: POST /session/6942dd4aefa05acfe787f49b28130ab8/execute/async - {"script":"<script> [6424 bytes]","args":[{"element-6066-11e4-a52e-4f735466cecf":"f.F18A487FCC2B115A863E771091ABB869.d.AFBDDAE3C7E92007D64E513EAAA6AF43.e.18658"},"getText",[]]}
RESULT: {"script":"<script> [6424 bytes]","args":[{"element-6066-11e4-a52e-4f735466cecf":"f.F18A487FCC2B115A863E771091ABB869.d.AFBDDAE3C7E92007D64E513EAAA6AF43.e.18658"},"getText",[]]}
COMMAND: POST /session/6942dd4aefa05acfe787f49b28130ab8/element - {"using":"xpath","value":"//a[contains(@data-kt ,\"GeneralSectionReceiveContracttLink\")]"}
RESULT: {"using":"xpath","value":"//a[contains(@data-kt ,\"GeneralSectionReceiveContracttLink\")]"}
COMMAND: POST /session/6942dd4aefa05acfe787f49b28130ab8/element/f.F18A487FCC2B115A863E771091ABB869.d.AFBDDAE3C7E92007D64E513EAAA6AF43.e.18659/click - {}
RESULT: {}
COMMAND: GET /session/6942dd4aefa05acfe787f49b28130ab8/screenshot - {}
RESULT: {}
COMMAND: POST /session/6942dd4aefa05acfe787f49b28130ab8/element - {"using":"xpath","value":"//a[contains(@data-kt ,\"ContextMenuId2Link\")]"}
RESULT: {"using":"xpath","value":"//a[contains(@data-kt ,\"ContextMenuId2Link\")]"}
COMMAND: POST /session/6942dd4aefa05acfe787f49b28130ab8/element/f.F18A487FCC2B115A863E771091ABB869.d.AFBDDAE3C7E92007D64E513EAAA6AF43.e.18662/click - {}
RESULT: {}
COMMAND: GET /session/6942dd4aefa05acfe787f49b28130ab8/screenshot - {}
RESULT: {}
COMMAND: POST /session/6942dd4aefa05acfe787f49b28130ab8/execute/async - {"script":"<script> [1562 bytes]","args":[{"selector":{"controlType":"sap.m.ObjectStatus","viewName":"etm.portal.ui.managecontracts.view.Detail","bindingPath":{"propertyPath":"LINK_TO_LOGISTICAL_STATUS/DESCRIPTION","modelName":"catalogModel"}},"wdio_ui5_key":"etmportal.ui.managecontracts.view.Detailsap.m.ObjectStatus{\"propertyPath\":\"LINK_TO_LOGISTICAL_STATUS/DESCRIPTION\",\"modelName\":\"catalogModel\"}"}]}
RESULT: {"script":"<script> [1562 bytes]","args":[{"selector":{"controlType":"sap.m.ObjectStatus","viewName":"etm.portal.ui.managecontracts.view.Detail","bindingPath":{"propertyPath":"LINK_TO_LOGISTICAL_STATUS/DESCRIPTION","modelName":"catalogModel"}},"wdio_ui5_key":"etmportal.ui.managecontracts.view.Detailsap.m.ObjectStatus{\"propertyPath\":\"LINK_TO_LOGISTICAL_STATUS/DESCRIPTION\",\"modelName\":\"catalogModel\"}"}]}
RESULT: undefined
COMMAND: POST /session/6942dd4aefa05acfe787f49b28130ab8/execute/async - {"script":"<script> [6424 bytes]","args":[{"element-6066-11e4-a52e-4f735466cecf":"f.F18A487FCC2B115A863E771091ABB869.d.AFBDDAE3C7E92007D64E513EAAA6AF43.e.18900"},"getText",[]]}
RESULT: {"script":"<script> [6424 bytes]","args":[{"element-6066-11e4-a52e-4f735466cecf":"f.F18A487FCC2B115A863E771091ABB869.d.AFBDDAE3C7E92007D64E513EAAA6AF43.e.18900"},"getText",[]]}
COMMAND: POST /session/6942dd4aefa05acfe787f49b28130ab8/execute/async - {"script":"<script> [1562 bytes]","args":[{"selector":{"controlType":"sap.m.ObjectStatus","viewName":"etm.portal.ui.managecontracts.view.Detail","bindingPath":{"propertyPath":"LINK_TO_COMMERCIAL_STATUS/DESCRIPTION","modelName":"catalogModel"}},"wdio_ui5_key":"etmportal.ui.managecontracts.view.Detailsap.m.ObjectStatus{\"propertyPath\":\"LINK_TO_COMMERCIAL_STATUS/DESCRIPTION\",\"modelName\":\"catalogModel\"}"}]}
RESULT: {"script":"<script> [1562 bytes]","args":[{"selector":{"controlType":"sap.m.ObjectStatus","viewName":"etm.portal.ui.managecontracts.view.Detail","bindingPath":{"propertyPath":"LINK_TO_COMMERCIAL_STATUS/DESCRIPTION","modelName":"catalogModel"}},"wdio_ui5_key":"etmportal.ui.managecontracts.view.Detailsap.m.ObjectStatus{\"propertyPath\":\"LINK_TO_COMMERCIAL_STATUS/DESCRIPTION\",\"modelName\":\"catalogModel\"}"}]}
RESULT: undefined
COMMAND: POST /session/6942dd4aefa05acfe787f49b28130ab8/execute/async - {"script":"<script> [6424 bytes]","args":[{"element-6066-11e4-a52e-4f735466cecf":"f.F18A487FCC2B115A863E771091ABB869.d.AFBDDAE3C7E92007D64E513EAAA6AF43.e.18901"},"getText",[]]}
RESULT: {"script":"<script> [6424 bytes]","args":[{"element-6066-11e4-a52e-4f735466cecf":"f.F18A487FCC2B115A863E771091ABB869.d.AFBDDAE3C7E92007D64E513EAAA6AF43.e.18901"},"getText",[]]}
]]></system-out>
    </testcase>
    <testcase classname="chrome.136_0_7103_93.windows.E2E_-_Logistical_and_commercial_statuses" name="It should follow the handover steps to the status fully returned" time="235.251">
      <system-out><![CDATA[
COMMAND: POST /session/6942dd4aefa05acfe787f49b28130ab8/execute/async - {"script":"<script> [1562 bytes]","args":[{"selector":{"id":"contractDetailReturnButton","viewName":"etm.portal.ui.managecontracts.view.Detail","interaction":{"idSuffix":"BDI-content"}},"wdio_ui5_key":"contractDetailReturnButtonetmportal.ui.managecontracts.view.Detail"}]}
RESULT: {"script":"<script> [1562 bytes]","args":[{"selector":{"id":"contractDetailReturnButton","viewName":"etm.portal.ui.managecontracts.view.Detail","interaction":{"idSuffix":"BDI-content"}},"wdio_ui5_key":"contractDetailReturnButtonetmportal.ui.managecontracts.view.Detail"}]}
RESULT: undefined
COMMAND: POST /session/6942dd4aefa05acfe787f49b28130ab8/element - {"using":"xpath","value":"//*[@id=\"__xmlview2--contractDetailReturnButton\"]"}
RESULT: {"using":"xpath","value":"//*[@id=\"__xmlview2--contractDetailReturnButton\"]"}
COMMAND: POST /session/6942dd4aefa05acfe787f49b28130ab8/element/f.F18A487FCC2B115A863E771091ABB869.d.AFBDDAE3C7E92007D64E513EAAA6AF43.e.18785/click - {}
RESULT: {}
COMMAND: POST /session/6942dd4aefa05acfe787f49b28130ab8/execute/async - {"script":"<script> [1562 bytes]","args":[{"selector":{"id":"application-managehandovers-display-component---AddNewHO--dueDate","interaction":{"idSuffix":"inner"}},"wdio_ui5_key":"applicationmanagehandovers-display-component---AddNewHO--dueDate"}]}
COMMAND: GET /session/6942dd4aefa05acfe787f49b28130ab8/screenshot - {}
RESULT: {"script":"<script> [1562 bytes]","args":[{"selector":{"id":"application-managehandovers-display-component---AddNewHO--dueDate","interaction":{"idSuffix":"inner"}},"wdio_ui5_key":"applicationmanagehandovers-display-component---AddNewHO--dueDate"}]}
RESULT: undefined
COMMAND: POST /session/6942dd4aefa05acfe787f49b28130ab8/execute/async - {"script":"<script> [776 bytes]","args":[{"enterText":"05/27/25","selector":{"id":"application-managehandovers-display-component---AddNewHO--dueDate","interaction":{"idSuffix":"inner"}},"clearTextFirst":true,"interactionType":"ENTER_TEXT"}]}
RESULT: {}
RESULT: {"script":"<script> [776 bytes]","args":[{"enterText":"05/27/25","selector":{"id":"application-managehandovers-display-component---AddNewHO--dueDate","interaction":{"idSuffix":"inner"}},"clearTextFirst":true,"interactionType":"ENTER_TEXT"}]}
COMMAND: POST /session/6942dd4aefa05acfe787f49b28130ab8/element - {"using":"xpath","value":"//bdi[contains(@id ,\"application-managehandovers-display-component---AddNewHO--ObjectPageLayout-anchBar-application-managehandovers-display-component---AddNewHO--section4-anchor-BDI-content\")]"}
RESULT: {"using":"xpath","value":"//bdi[contains(@id ,\"application-managehandovers-display-component---AddNewHO--ObjectPageLayout-anchBar-application-managehandovers-display-component---AddNewHO--section4-anchor-BDI-content\")]"}
COMMAND: POST /session/6942dd4aefa05acfe787f49b28130ab8/element/f.F18A487FCC2B115A863E771091ABB869.d.AFBDDAE3C7E92007D64E513EAAA6AF43.e.19236/click - {}
RESULT: {}
COMMAND: GET /session/6942dd4aefa05acfe787f49b28130ab8/screenshot - {}
RESULT: {}
COMMAND: POST /session/6942dd4aefa05acfe787f49b28130ab8/element - {"using":"xpath","value":"//button[contains(@data-kt ,\"AddNewHOProvideAddItemsButton\")]"}
RESULT: {"using":"xpath","value":"//button[contains(@data-kt ,\"AddNewHOProvideAddItemsButton\")]"}
COMMAND: POST /session/6942dd4aefa05acfe787f49b28130ab8/element/f.F18A487FCC2B115A863E771091ABB869.d.AFBDDAE3C7E92007D64E513EAAA6AF43.e.19015/click - {}
RESULT: {}
COMMAND: GET /session/6942dd4aefa05acfe787f49b28130ab8/screenshot - {}
RESULT: {}
COMMAND: POST /session/6942dd4aefa05acfe787f49b28130ab8/execute/async - {"script":"<script> [1562 bytes]","args":[{"selector":{"id":"application-managehandovers-display-component---AddNewHO--popup-sa","searchOpenDialogs":true,"interaction":{"idSuffix":"CbBg"}},"wdio_ui5_key":"applicationmanagehandovers-display-component---AddNewHO--popup-sa"}]}
RESULT: {"script":"<script> [1562 bytes]","args":[{"selector":{"id":"application-managehandovers-display-component---AddNewHO--popup-sa","searchOpenDialogs":true,"interaction":{"idSuffix":"CbBg"}},"wdio_ui5_key":"applicationmanagehandovers-display-component---AddNewHO--popup-sa"}]}
RESULT: undefined
COMMAND: POST /session/6942dd4aefa05acfe787f49b28130ab8/element - {"using":"xpath","value":"//*[@id=\"application-managehandovers-display-component---AddNewHO--popup-sa\"]"}
RESULT: {"using":"xpath","value":"//*[@id=\"application-managehandovers-display-component---AddNewHO--popup-sa\"]"}
COMMAND: POST /session/6942dd4aefa05acfe787f49b28130ab8/element/f.F18A487FCC2B115A863E771091ABB869.d.AFBDDAE3C7E92007D64E513EAAA6AF43.e.19249/click - {}
RESULT: {}
COMMAND: POST /session/6942dd4aefa05acfe787f49b28130ab8/execute/async - {"script":"<script> [1562 bytes]","args":[{"selector":{"controlType":"sap.m.Button","viewName":"etm.portal.ui.managehandovers.view.AddNewHO","viewId":"application-managehandovers-display-component---AddNewHO","i18NText":{"propertyName":"text","key":"select"},"searchOpenDialogs":true,"interaction":{"idSuffix":"BDI-content"}},"wdio_ui5_key":"etmportal.ui.managehandovers.view.AddNewHOsap.m.Button{\"propertyName\":\"text\",\"key\":\"select\"}"}]}
COMMAND: GET /session/6942dd4aefa05acfe787f49b28130ab8/screenshot - {}
RESULT: {"script":"<script> [1562 bytes]","args":[{"selector":{"controlType":"sap.m.Button","viewName":"etm.portal.ui.managehandovers.view.AddNewHO","viewId":"application-managehandovers-display-component---AddNewHO","i18NText":{"propertyName":"text","key":"select"},"searchOpenDialogs":true,"interaction":{"idSuffix":"BDI-content"}},"wdio_ui5_key":"etmportal.ui.managehandovers.view.AddNewHOsap.m.Button{\"propertyName\":\"text\",\"key\":\"select\"}"}]}
RESULT: undefined
COMMAND: POST /session/6942dd4aefa05acfe787f49b28130ab8/element - {"using":"xpath","value":"//*[@id=\"__button61\"]"}
RESULT: {}
RESULT: {"using":"xpath","value":"//*[@id=\"__button61\"]"}
COMMAND: POST /session/6942dd4aefa05acfe787f49b28130ab8/element/f.F18A487FCC2B115A863E771091ABB869.d.AFBDDAE3C7E92007D64E513EAAA6AF43.e.19252/click - {}
RESULT: {}
COMMAND: GET /session/6942dd4aefa05acfe787f49b28130ab8/screenshot - {}
RESULT: {}
COMMAND: POST /session/6942dd4aefa05acfe787f49b28130ab8/execute/async - {"script":"<script> [1562 bytes]","args":[{"selector":{"id":"application-managehandovers-display-component---AddNewHO--confirmCreationButton","interaction":{"idSuffix":"BDI-content"}},"wdio_ui5_key":"applicationmanagehandovers-display-component---AddNewHO--confirmCreationButton"}]}
RESULT: {"script":"<script> [1562 bytes]","args":[{"selector":{"id":"application-managehandovers-display-component---AddNewHO--confirmCreationButton","interaction":{"idSuffix":"BDI-content"}},"wdio_ui5_key":"applicationmanagehandovers-display-component---AddNewHO--confirmCreationButton"}]}
RESULT: undefined
COMMAND: POST /session/6942dd4aefa05acfe787f49b28130ab8/element - {"using":"xpath","value":"//*[@id=\"application-managehandovers-display-component---AddNewHO--confirmCreationButton\"]"}
RESULT: {"using":"xpath","value":"//*[@id=\"application-managehandovers-display-component---AddNewHO--confirmCreationButton\"]"}
COMMAND: POST /session/6942dd4aefa05acfe787f49b28130ab8/element/f.F18A487FCC2B115A863E771091ABB869.d.AFBDDAE3C7E92007D64E513EAAA6AF43.e.19022/click - {}
RESULT: {}
COMMAND: GET /session/6942dd4aefa05acfe787f49b28130ab8/screenshot - {}
RESULT: {}
COMMAND: POST /session/6942dd4aefa05acfe787f49b28130ab8/execute/async - {"script":"<script> [1562 bytes]","args":[{"selector":{"controlType":"sap.m.Text","viewName":"etm.portal.ui.managehandovers.view.DetailExecuteHO","bindingPath":{"propertyPath":"NO","modelName":"catalogModel"}},"wdio_ui5_key":"etmportal.ui.managehandovers.view.DetailExecuteHOsap.m.Text{\"propertyPath\":\"NO\",\"modelName\":\"catalogModel\"}"}]}
RESULT: {"script":"<script> [1562 bytes]","args":[{"selector":{"controlType":"sap.m.Text","viewName":"etm.portal.ui.managehandovers.view.DetailExecuteHO","bindingPath":{"propertyPath":"NO","modelName":"catalogModel"}},"wdio_ui5_key":"etmportal.ui.managehandovers.view.DetailExecuteHOsap.m.Text{\"propertyPath\":\"NO\",\"modelName\":\"catalogModel\"}"}]}
RESULT: undefined
COMMAND: POST /session/6942dd4aefa05acfe787f49b28130ab8/execute/async - {"script":"<script> [6424 bytes]","args":[{"element-6066-11e4-a52e-4f735466cecf":"f.F18A487FCC2B115A863E771091ABB869.d.AFBDDAE3C7E92007D64E513EAAA6AF43.e.19306"},"getText",[]]}
RESULT: {"script":"<script> [6424 bytes]","args":[{"element-6066-11e4-a52e-4f735466cecf":"f.F18A487FCC2B115A863E771091ABB869.d.AFBDDAE3C7E92007D64E513EAAA6AF43.e.19306"},"getText",[]]}
COMMAND: POST /session/6942dd4aefa05acfe787f49b28130ab8/element - {"using":"xpath","value":"//a[contains(@data-kt ,\"GeneralSectionSendContractLink\")]"}
RESULT: {"using":"xpath","value":"//a[contains(@data-kt ,\"GeneralSectionSendContractLink\")]"}
COMMAND: POST /session/6942dd4aefa05acfe787f49b28130ab8/element/f.F18A487FCC2B115A863E771091ABB869.d.AFBDDAE3C7E92007D64E513EAAA6AF43.e.19307/click - {}
RESULT: {}
COMMAND: GET /session/6942dd4aefa05acfe787f49b28130ab8/screenshot - {}
RESULT: {}
COMMAND: POST /session/6942dd4aefa05acfe787f49b28130ab8/element - {"using":"xpath","value":"//a[contains(@data-kt ,\"ContextMenuId2Link\")]"}
RESULT: {"using":"xpath","value":"//a[contains(@data-kt ,\"ContextMenuId2Link\")]"}
COMMAND: POST /session/6942dd4aefa05acfe787f49b28130ab8/elements - {"using":"xpath","value":"//a[contains(@data-kt ,\"ContextMenuId2Link\")]"}
RESULT: {"using":"xpath","value":"//a[contains(@data-kt ,\"ContextMenuId2Link\")]"}
COMMAND: POST /session/6942dd4aefa05acfe787f49b28130ab8/element/f.F18A487FCC2B115A863E771091ABB869.d.AFBDDAE3C7E92007D64E513EAAA6AF43.e.19311/click - {}
RESULT: {}
COMMAND: GET /session/6942dd4aefa05acfe787f49b28130ab8/screenshot - {}
COMMAND: POST /session/6942dd4aefa05acfe787f49b28130ab8/execute/async - {"script":"<script> [1562 bytes]","args":[{"selector":{"controlType":"sap.m.Link","viewName":"etm.portal.ui.managehandovers.view.DetailExecuteHO","properties":{"text":"Contract Overview"},"searchOpenDialogs":true},"wdio_ui5_key":"etmportal.ui.managehandovers.view.DetailExecuteHOsap.m.Link{\"text\":\"Contract Overview\"}"}]}
RESULT: {}
RESULT: {"script":"<script> [1562 bytes]","args":[{"selector":{"controlType":"sap.m.Link","viewName":"etm.portal.ui.managehandovers.view.DetailExecuteHO","properties":{"text":"Contract Overview"},"searchOpenDialogs":true},"wdio_ui5_key":"etmportal.ui.managehandovers.view.DetailExecuteHOsap.m.Link{\"text\":\"Contract Overview\"}"}]}
RESULT: undefined
RESULT: undefined
COMMAND: POST /session/6942dd4aefa05acfe787f49b28130ab8/execute/async - {"script":"<script> [6424 bytes]","args":[{"element-6066-11e4-a52e-4f735466cecf":"f.F18A487FCC2B115A863E771091ABB869.d.AFBDDAE3C7E92007D64E513EAAA6AF43.e.18900"},"getText",[]]}
COMMAND: POST /session/6942dd4aefa05acfe787f49b28130ab8/execute/async - {"script":"<script> [1562 bytes]","args":[{"selector":{"controlType":"sap.m.ObjectStatus","viewName":"etm.portal.ui.managecontracts.view.Detail","bindingPath":{"propertyPath":"LINK_TO_LOGISTICAL_STATUS/DESCRIPTION","modelName":"catalogModel"}},"wdio_ui5_key":"etmportal.ui.managecontracts.view.Detailsap.m.ObjectStatus{\"propertyPath\":\"LINK_TO_LOGISTICAL_STATUS/DESCRIPTION\",\"modelName\":\"catalogModel\"}"}]}
RESULT: {"script":"<script> [1562 bytes]","args":[{"selector":{"controlType":"sap.m.ObjectStatus","viewName":"etm.portal.ui.managecontracts.view.Detail","bindingPath":{"propertyPath":"LINK_TO_LOGISTICAL_STATUS/DESCRIPTION","modelName":"catalogModel"}},"wdio_ui5_key":"etmportal.ui.managecontracts.view.Detailsap.m.ObjectStatus{\"propertyPath\":\"LINK_TO_LOGISTICAL_STATUS/DESCRIPTION\",\"modelName\":\"catalogModel\"}"}]}
COMMAND: POST /session/6942dd4aefa05acfe787f49b28130ab8/execute/async - {"script":"<script> [6424 bytes]","args":[{"element-6066-11e4-a52e-4f735466cecf":"f.F18A487FCC2B115A863E771091ABB869.d.AFBDDAE3C7E92007D64E513EAAA6AF43.e.19546"},"getText",[]]}
RESULT: {"script":"<script> [6424 bytes]","args":[{"element-6066-11e4-a52e-4f735466cecf":"f.F18A487FCC2B115A863E771091ABB869.d.AFBDDAE3C7E92007D64E513EAAA6AF43.e.19546"},"getText",[]]}
RESULT: undefined
COMMAND: POST /session/6942dd4aefa05acfe787f49b28130ab8/execute/async - {"script":"<script> [6424 bytes]","args":[{"element-6066-11e4-a52e-4f735466cecf":"f.F18A487FCC2B115A863E771091ABB869.d.AFBDDAE3C7E92007D64E513EAAA6AF43.e.18901"},"getText",[]]}
COMMAND: POST /session/6942dd4aefa05acfe787f49b28130ab8/execute/async - {"script":"<script> [1562 bytes]","args":[{"selector":{"controlType":"sap.m.ObjectStatus","viewName":"etm.portal.ui.managecontracts.view.Detail","bindingPath":{"propertyPath":"LINK_TO_COMMERCIAL_STATUS/DESCRIPTION","modelName":"catalogModel"}},"wdio_ui5_key":"etmportal.ui.managecontracts.view.Detailsap.m.ObjectStatus{\"propertyPath\":\"LINK_TO_COMMERCIAL_STATUS/DESCRIPTION\",\"modelName\":\"catalogModel\"}"}]}
RESULT: {"script":"<script> [1562 bytes]","args":[{"selector":{"controlType":"sap.m.ObjectStatus","viewName":"etm.portal.ui.managecontracts.view.Detail","bindingPath":{"propertyPath":"LINK_TO_COMMERCIAL_STATUS/DESCRIPTION","modelName":"catalogModel"}},"wdio_ui5_key":"etmportal.ui.managecontracts.view.Detailsap.m.ObjectStatus{\"propertyPath\":\"LINK_TO_COMMERCIAL_STATUS/DESCRIPTION\",\"modelName\":\"catalogModel\"}"}]}
COMMAND: POST /session/6942dd4aefa05acfe787f49b28130ab8/execute/async - {"script":"<script> [6424 bytes]","args":[{"element-6066-11e4-a52e-4f735466cecf":"f.F18A487FCC2B115A863E771091ABB869.d.AFBDDAE3C7E92007D64E513EAAA6AF43.e.19547"},"getText",[]]}
RESULT: {"script":"<script> [6424 bytes]","args":[{"element-6066-11e4-a52e-4f735466cecf":"f.F18A487FCC2B115A863E771091ABB869.d.AFBDDAE3C7E92007D64E513EAAA6AF43.e.19547"},"getText",[]]}
COMMAND: POST /session/6942dd4aefa05acfe787f49b28130ab8/execute/async - {"script":"<script> [1562 bytes]","args":[{"selector":{"id":"backBtn"},"wdio_ui5_key":"backBtn"}]}
RESULT: {"script":"<script> [1562 bytes]","args":[{"selector":{"id":"backBtn"},"wdio_ui5_key":"backBtn"}]}
RESULT: undefined
COMMAND: POST /session/6942dd4aefa05acfe787f49b28130ab8/element - {"using":"xpath","value":"//*[@id=\"backBtn\"]"}
RESULT: {"using":"xpath","value":"//*[@id=\"backBtn\"]"}
COMMAND: POST /session/6942dd4aefa05acfe787f49b28130ab8/element/f.F18A487FCC2B115A863E771091ABB869.d.AFBDDAE3C7E92007D64E513EAAA6AF43.e.19548/click - {}
RESULT: {}
COMMAND: GET /session/6942dd4aefa05acfe787f49b28130ab8/screenshot - {}
RESULT: {}
COMMAND: POST /session/6942dd4aefa05acfe787f49b28130ab8/element - {"using":"xpath","value":"//input[contains(@id ,\"issueDatePicker-inner\")]"}
RESULT: {"using":"xpath","value":"//input[contains(@id ,\"issueDatePicker-inner\")]"}
COMMAND: GET /session/6942dd4aefa05acfe787f49b28130ab8/element/f.F18A487FCC2B115A863E771091ABB869.d.AFBDDAE3C7E92007D64E513EAAA6AF43.e.19681/property/value - {}
RESULT: {}
COMMAND: POST /session/6942dd4aefa05acfe787f49b28130ab8/element/f.F18A487FCC2B115A863E771091ABB869.d.AFBDDAE3C7E92007D64E513EAAA6AF43.e.19681/clear - {}
COMMAND: GET /session/6942dd4aefa05acfe787f49b28130ab8/screenshot - {}
RESULT: {}
RESULT: {}
COMMAND: POST /session/6942dd4aefa05acfe787f49b28130ab8/element/f.F18A487FCC2B115A863E771091ABB869.d.AFBDDAE3C7E92007D64E513EAAA6AF43.e.19681/value - {"text":"05/27/25"}
COMMAND: GET /session/6942dd4aefa05acfe787f49b28130ab8/screenshot - {}
RESULT: {"text":"05/27/25"}
COMMAND: GET /session/6942dd4aefa05acfe787f49b28130ab8/screenshot - {}
RESULT: {}
RESULT: {}
COMMAND: POST /session/6942dd4aefa05acfe787f49b28130ab8/execute/async - {"script":"<script> [1562 bytes]","args":[{"selector":{"controlType":"sap.m.Button","viewName":"etm.portal.ui.managehandovers.view.DetailExecuteHO","i18NText":{"propertyName":"text","key":"confirmAll"},"interaction":{"idSuffix":"inner"}},"wdio_ui5_key":"etmportal.ui.managehandovers.view.DetailExecuteHOsap.m.Button{\"propertyName\":\"text\",\"key\":\"confirmAll\"}"}]}
RESULT: {"script":"<script> [1562 bytes]","args":[{"selector":{"controlType":"sap.m.Button","viewName":"etm.portal.ui.managehandovers.view.DetailExecuteHO","i18NText":{"propertyName":"text","key":"confirmAll"},"interaction":{"idSuffix":"inner"}},"wdio_ui5_key":"etmportal.ui.managehandovers.view.DetailExecuteHOsap.m.Button{\"propertyName\":\"text\",\"key\":\"confirmAll\"}"}]}
RESULT: undefined
COMMAND: POST /session/6942dd4aefa05acfe787f49b28130ab8/element - {"using":"xpath","value":"//*[@id=\"__button145\"]"}
RESULT: {"using":"xpath","value":"//*[@id=\"__button145\"]"}
COMMAND: POST /session/6942dd4aefa05acfe787f49b28130ab8/element/f.F18A487FCC2B115A863E771091ABB869.d.AFBDDAE3C7E92007D64E513EAAA6AF43.e.19706/click - {}
RESULT: {}
COMMAND: GET /session/6942dd4aefa05acfe787f49b28130ab8/screenshot - {}
RESULT: {}
COMMAND: POST /session/6942dd4aefa05acfe787f49b28130ab8/actions - {"actions":[{"id":"action88","type":"key","parameters":{},"actions":[{"type":"keyDown","value":""},{"type":"pause","duration":10},{"type":"keyUp","value":""}]}]}
RESULT: {"actions":[{"id":"action88","type":"key","parameters":{},"actions":[{"type":"keyDown","value":""},{"type":"pause","duration":10},{"type":"keyUp","value":""}]}]}
COMMAND: GET /session/6942dd4aefa05acfe787f49b28130ab8/screenshot - {}
RESULT: {}
RESULT: undefined
COMMAND: POST /session/6942dd4aefa05acfe787f49b28130ab8/element - {"using":"xpath","value":"//*[@id=\"__button145\"]"}
RESULT: {"using":"xpath","value":"//*[@id=\"__button145\"]"}
COMMAND: POST /session/6942dd4aefa05acfe787f49b28130ab8/element/f.F18A487FCC2B115A863E771091ABB869.d.AFBDDAE3C7E92007D64E513EAAA6AF43.e.19706/click - {}
RESULT: {}
COMMAND: GET /session/6942dd4aefa05acfe787f49b28130ab8/screenshot - {}
RESULT: {}
COMMAND: POST /session/6942dd4aefa05acfe787f49b28130ab8/execute/async - {"script":"<script> [1562 bytes]","args":[{"selector":{"controlType":"sap.m.Button","properties":{"text":"OK"},"searchOpenDialogs":true,"interaction":{"idSuffix":"content"}},"wdio_ui5_key":"sapm.Button{\"text\":\"OK\"}"}]}
RESULT: {"script":"<script> [1562 bytes]","args":[{"selector":{"controlType":"sap.m.Button","properties":{"text":"OK"},"searchOpenDialogs":true,"interaction":{"idSuffix":"content"}},"wdio_ui5_key":"sapm.Button{\"text\":\"OK\"}"}]}
RESULT: undefined
COMMAND: POST /session/6942dd4aefa05acfe787f49b28130ab8/element - {"using":"xpath","value":"//*[@id=\"__mbox-btn-2\"]"}
RESULT: {"using":"xpath","value":"//*[@id=\"__mbox-btn-2\"]"}
COMMAND: POST /session/6942dd4aefa05acfe787f49b28130ab8/element/f.F18A487FCC2B115A863E771091ABB869.d.AFBDDAE3C7E92007D64E513EAAA6AF43.e.19715/click - {}
RESULT: {}
COMMAND: GET /session/6942dd4aefa05acfe787f49b28130ab8/screenshot - {}
RESULT: {}
COMMAND: POST /session/6942dd4aefa05acfe787f49b28130ab8/element - {"using":"xpath","value":"//button[contains(@data-kt ,\"execHoIssueFooterButton\")]"}
RESULT: {"using":"xpath","value":"//button[contains(@data-kt ,\"execHoIssueFooterButton\")]"}
COMMAND: POST /session/6942dd4aefa05acfe787f49b28130ab8/element/f.F18A487FCC2B115A863E771091ABB869.d.AFBDDAE3C7E92007D64E513EAAA6AF43.e.19719/click - {}
RESULT: {}
COMMAND: GET /session/6942dd4aefa05acfe787f49b28130ab8/screenshot - {}
RESULT: {}
COMMAND: POST /session/6942dd4aefa05acfe787f49b28130ab8/refresh - {}
RESULT: {}
COMMAND: GET /session/6942dd4aefa05acfe787f49b28130ab8/screenshot - {}
RESULT: {}
COMMAND: POST /session/6942dd4aefa05acfe787f49b28130ab8/refresh - {}
RESULT: {}
COMMAND: GET /session/6942dd4aefa05acfe787f49b28130ab8/screenshot - {}
RESULT: {}
COMMAND: POST /session/6942dd4aefa05acfe787f49b28130ab8/window/fullscreen - {}
RESULT: {}
COMMAND: POST /session/6942dd4aefa05acfe787f49b28130ab8/execute/async - {"script":"<script> [189 bytes]","args":[]}
RESULT: {"script":"<script> [189 bytes]","args":[]}
COMMAND: POST /session/6942dd4aefa05acfe787f49b28130ab8/execute/async - {"script":"<script> [123 bytes]","args":[]}
RESULT: {"script":"<script> [123 bytes]","args":[]}
COMMAND: POST /session/6942dd4aefa05acfe787f49b28130ab8/timeouts - {"script":"<number>"}
RESULT: {"script":"<number>"}
COMMAND: GET /session/6942dd4aefa05acfe787f49b28130ab8/timeouts - {}
RESULT: {}
RESULT: undefined
COMMAND: POST /session/6942dd4aefa05acfe787f49b28130ab8/execute/async - {"script":"<script> [2676 bytes]","args":[]}
RESULT: {"script":"<script> [2676 bytes]","args":[]}
COMMAND: POST /session/6942dd4aefa05acfe787f49b28130ab8/execute/async - {"script":"<script> [2342 bytes]","args":[{"protocol":"http","hostname":"0.0.0.0","path":"/","capabilities":{"browserName":"chrome","goog:chromeOptions":{"binary":"C:\\Program Files\\Google\\Chrome\\Application\\chrome.exe","args":["--start-maximized"]}},"logLevel":"warn","connectionRetryTimeout":120000,"connectionRetryCount":3,"logLevels":{},"enableDirectConnect":true,"strictSSL":true,"_":"65 more keys: [\"cacheDir\",\"port\",\"requestedCapabilities\",\"automationProtocol\",\"baseUrl\",\"waitforInterval\",\"waitforTimeout\",\"onReload\",\"beforeCommand\",\"afterCommand\",\"rootDir\",\"specs\",\"suites\",\"exclude\",\"groupLogsByTestSpec\",\"excludeDriverLogs\",\"bail\",\"framework\",\"reporters\",\"services\",\"maxInstances\",\"maxInstancesPerCapability\",\"injectGlobals\",\"filesToWatch\",\"execArgv\",\"runnerEnv\",\"runner\",\"shard\",\"specFileRetries\",\"specFileRetriesDelay\",\"specFileRetriesDeferred\",\"reporterSyncInterval\",\"reporterSyncTimeout\",\"cucumberFeaturesWithLineNumbers\",\"autoCompileOpts\",\"mochaOpts\",\"jasmineOpts\",\"cucumberOpts\",\"onPrepare\",\"onWorkerStart\",\"onWorkerEnd\",\"before\",\"beforeSession\",\"beforeSuite\",\"beforeHook\",\"beforeTest\",\"afterTest\",\"afterHook\",\"afterSuite\",\"afterSession\",\"after\",\"onComplete\",\"beforeAssertion\",\"afterAssertion\",\"beforeFeature\",\"beforeScenario\",\"beforeStep\",\"afterStep\",\"afterScenario\",\"afterFeature\",\"_\",\"suite\",\"$0\",\"ignoredWorkerServices\",\"wdi5\"]"}]}
RESULT: {"script":"<script> [2342 bytes]","args":[{"protocol":"http","hostname":"0.0.0.0","path":"/","capabilities":{"browserName":"chrome","goog:chromeOptions":{"binary":"C:\\Program Files\\Google\\Chrome\\Application\\chrome.exe","args":["--start-maximized"]}},"logLevel":"warn","connectionRetryTimeout":120000,"connectionRetryCount":3,"logLevels":{},"enableDirectConnect":true,"strictSSL":true,"_":"65 more keys: [\"cacheDir\",\"port\",\"requestedCapabilities\",\"automationProtocol\",\"baseUrl\",\"waitforInterval\",\"waitforTimeout\",\"onReload\",\"beforeCommand\",\"afterCommand\",\"rootDir\",\"specs\",\"suites\",\"exclude\",\"groupLogsByTestSpec\",\"excludeDriverLogs\",\"bail\",\"framework\",\"reporters\",\"services\",\"maxInstances\",\"maxInstancesPerCapability\",\"injectGlobals\",\"filesToWatch\",\"execArgv\",\"runnerEnv\",\"runner\",\"shard\",\"specFileRetries\",\"specFileRetriesDelay\",\"specFileRetriesDeferred\",\"reporterSyncInterval\",\"reporterSyncTimeout\",\"cucumberFeaturesWithLineNumbers\",\"autoCompileOpts\",\"mochaOpts\",\"jasmineOpts\",\"cucumberOpts\",\"onPrepare\",\"onWorkerStart\",\"onWorkerEnd\",\"before\",\"beforeSession\",\"beforeSuite\",\"beforeHook\",\"beforeTest\",\"afterTest\",\"afterHook\",\"afterSuite\",\"afterSession\",\"after\",\"onComplete\",\"beforeAssertion\",\"afterAssertion\",\"beforeFeature\",\"beforeScenario\",\"beforeStep\",\"afterStep\",\"afterScenario\",\"afterFeature\",\"_\",\"suite\",\"$0\",\"ignoredWorkerServices\",\"wdi5\"]"}]}
COMMAND: POST /session/6942dd4aefa05acfe787f49b28130ab8/execute/async - {"script":"<script> [21126 bytes]","args":[35000]}
RESULT: {"script":"<script> [21126 bytes]","args":[35000]}
COMMAND: POST /session/6942dd4aefa05acfe787f49b28130ab8/execute/async - {"script":"<script> [1562 bytes]","args":[{"selector":{"controlType":"sap.m.SearchField","viewName":"etm.portal.ui.managehandovers.view.MasterHO","bindingPath":{"path":"","propertyPath":"/_BASIC_SEARCH_FIELD","modelName":"fi1t3rM0d31"},"interaction":{"idSuffix":"I"}},"wdio_ui5_key":"etmportal.ui.managehandovers.view.MasterHOsap.m.SearchField{\"path\":\"\",\"propertyPath\":\"/_BASIC_SEARCH_FIELD\",\"modelName\":\"fi1t3rM0d31\"}"}]}
RESULT: {"script":"<script> [1562 bytes]","args":[{"selector":{"controlType":"sap.m.SearchField","viewName":"etm.portal.ui.managehandovers.view.MasterHO","bindingPath":{"path":"","propertyPath":"/_BASIC_SEARCH_FIELD","modelName":"fi1t3rM0d31"},"interaction":{"idSuffix":"I"}},"wdio_ui5_key":"etmportal.ui.managehandovers.view.MasterHOsap.m.SearchField{\"path\":\"\",\"propertyPath\":\"/_BASIC_SEARCH_FIELD\",\"modelName\":\"fi1t3rM0d31\"}"}]}
RESULT: undefined
COMMAND: POST /session/6942dd4aefa05acfe787f49b28130ab8/execute/async - {"script":"<script> [776 bytes]","args":[{"enterText":"30712","selector":{"controlType":"sap.m.SearchField","viewName":"etm.portal.ui.managehandovers.view.MasterHO","bindingPath":{"path":"","propertyPath":"/_BASIC_SEARCH_FIELD","modelName":"fi1t3rM0d31"},"interaction":{"idSuffix":"I"}},"clearTextFirst":true,"interactionType":"ENTER_TEXT"}]}
RESULT: {"script":"<script> [776 bytes]","args":[{"enterText":"30712","selector":{"controlType":"sap.m.SearchField","viewName":"etm.portal.ui.managehandovers.view.MasterHO","bindingPath":{"path":"","propertyPath":"/_BASIC_SEARCH_FIELD","modelName":"fi1t3rM0d31"},"interaction":{"idSuffix":"I"}},"clearTextFirst":true,"interactionType":"ENTER_TEXT"}]}
COMMAND: POST /session/6942dd4aefa05acfe787f49b28130ab8/actions - {"actions":[{"id":"action89","type":"key","parameters":{},"actions":[{"type":"keyDown","value":""},{"type":"pause","duration":10},{"type":"keyUp","value":""}]}]}
RESULT: {"actions":[{"id":"action89","type":"key","parameters":{},"actions":[{"type":"keyDown","value":""},{"type":"pause","duration":10},{"type":"keyUp","value":""}]}]}
COMMAND: GET /session/6942dd4aefa05acfe787f49b28130ab8/screenshot - {}
RESULT: {}
COMMAND: POST /session/6942dd4aefa05acfe787f49b28130ab8/execute/async - {"script":"<script> [1562 bytes]","args":[{"selector":{"controlType":"sap.m.Title","viewName":"etm.portal.ui.managehandovers.view.MasterHO","properties":{"text":"Records (1)"}},"wdio_ui5_key":"etmportal.ui.managehandovers.view.MasterHOsap.m.Title{\"text\":\"Records (1)\"}"}]}
RESULT: {"script":"<script> [1562 bytes]","args":[{"selector":{"controlType":"sap.m.Title","viewName":"etm.portal.ui.managehandovers.view.MasterHO","properties":{"text":"Records (1)"}},"wdio_ui5_key":"etmportal.ui.managehandovers.view.MasterHOsap.m.Title{\"text\":\"Records (1)\"}"}]}
RESULT: undefined
COMMAND: POST /session/6942dd4aefa05acfe787f49b28130ab8/execute/async - {"script":"<script> [6424 bytes]","args":[{"element-6066-11e4-a52e-4f735466cecf":"f.F18A487FCC2B115A863E771091ABB869.d.1D1EFF2A6AEFE6ED3577867386A82656.e.20028"},"getText",[]]}
RESULT: {"script":"<script> [6424 bytes]","args":[{"element-6066-11e4-a52e-4f735466cecf":"f.F18A487FCC2B115A863E771091ABB869.d.1D1EFF2A6AEFE6ED3577867386A82656.e.20028"},"getText",[]]}
COMMAND: POST /session/6942dd4aefa05acfe787f49b28130ab8/execute/async - {"script":"<script> [1562 bytes]","args":[{"selector":{"controlType":"sap.ui.core.Icon","viewName":"etm.portal.ui.managehandovers.view.MasterHO","properties":{"src":{"regex":{"source":"slim\\-arrow\\-right"}}}},"wdio_ui5_key":"etmportal.ui.managehandovers.view.MasterHOsap.ui.core.Icon{\"src\":{\"regex\":{\"source\":\"slim\\\\-arrow\\\\-right\"}}}"}]}
RESULT: {"script":"<script> [1562 bytes]","args":[{"selector":{"controlType":"sap.ui.core.Icon","viewName":"etm.portal.ui.managehandovers.view.MasterHO","properties":{"src":{"regex":{"source":"slim\\-arrow\\-right"}}}},"wdio_ui5_key":"etmportal.ui.managehandovers.view.MasterHOsap.ui.core.Icon{\"src\":{\"regex\":{\"source\":\"slim\\\\-arrow\\\\-right\"}}}"}]}
RESULT: undefined
COMMAND: POST /session/6942dd4aefa05acfe787f49b28130ab8/element - {"using":"xpath","value":"//*[@id=\"__item27-__clone17-imgNav\"]"}
RESULT: {"using":"xpath","value":"//*[@id=\"__item27-__clone17-imgNav\"]"}
COMMAND: POST /session/6942dd4aefa05acfe787f49b28130ab8/element/f.F18A487FCC2B115A863E771091ABB869.d.1D1EFF2A6AEFE6ED3577867386A82656.e.20027/click - {}
RESULT: {}
COMMAND: GET /session/6942dd4aefa05acfe787f49b28130ab8/screenshot - {}
RESULT: {}
COMMAND: POST /session/6942dd4aefa05acfe787f49b28130ab8/execute/async - {"script":"<script> [1562 bytes]","args":[{"selector":{"controlType":"sap.m.ObjectStatus","viewName":"etm.portal.ui.managehandovers.view.DetailManageHO","viewId":"application-managehandovers-display-component---detailManageHO","labelFor":{"text":"Status"}},"wdio_ui5_key":"etmportal.ui.managehandovers.view.DetailManageHOsap.m.ObjectStatus{\"text\":\"Status\"}"}]}
RESULT: {"script":"<script> [1562 bytes]","args":[{"selector":{"controlType":"sap.m.ObjectStatus","viewName":"etm.portal.ui.managehandovers.view.DetailManageHO","viewId":"application-managehandovers-display-component---detailManageHO","labelFor":{"text":"Status"}},"wdio_ui5_key":"etmportal.ui.managehandovers.view.DetailManageHOsap.m.ObjectStatus{\"text\":\"Status\"}"}]}
RESULT: undefined
COMMAND: POST /session/6942dd4aefa05acfe787f49b28130ab8/execute/async - {"script":"<script> [6424 bytes]","args":[{"element-6066-11e4-a52e-4f735466cecf":"f.F18A487FCC2B115A863E771091ABB869.d.1D1EFF2A6AEFE6ED3577867386A82656.e.20119"},"getText",[]]}
RESULT: {"script":"<script> [6424 bytes]","args":[{"element-6066-11e4-a52e-4f735466cecf":"f.F18A487FCC2B115A863E771091ABB869.d.1D1EFF2A6AEFE6ED3577867386A82656.e.20119"},"getText",[]]}
COMMAND: POST /session/6942dd4aefa05acfe787f49b28130ab8/element - {"using":"xpath","value":"//a[contains(@data-kt ,\"GeneralSectionSendContractLink\")]"}
RESULT: {"using":"xpath","value":"//a[contains(@data-kt ,\"GeneralSectionSendContractLink\")]"}
COMMAND: POST /session/6942dd4aefa05acfe787f49b28130ab8/element/f.F18A487FCC2B115A863E771091ABB869.d.1D1EFF2A6AEFE6ED3577867386A82656.e.20120/click - {}
RESULT: {}
COMMAND: GET /session/6942dd4aefa05acfe787f49b28130ab8/screenshot - {}
RESULT: {}
COMMAND: POST /session/6942dd4aefa05acfe787f49b28130ab8/elements - {"using":"xpath","value":"//a[contains(@data-kt ,\"ContextMenuId2Link\")]"}
RESULT: {"using":"xpath","value":"//a[contains(@data-kt ,\"ContextMenuId2Link\")]"}
COMMAND: POST /session/6942dd4aefa05acfe787f49b28130ab8/element/f.F18A487FCC2B115A863E771091ABB869.d.AFBDDAE3C7E92007D64E513EAAA6AF43.e.19311/click - {}
COMMAND: POST /session/6942dd4aefa05acfe787f49b28130ab8/element - {"using":"xpath","value":"//a[contains(@data-kt ,\"ContextMenuId2Link\")]"}
RESULT: {"using":"xpath","value":"//a[contains(@data-kt ,\"ContextMenuId2Link\")]"}
COMMAND: POST /session/6942dd4aefa05acfe787f49b28130ab8/element/f.F18A487FCC2B115A863E771091ABB869.d.AFBDDAE3C7E92007D64E513EAAA6AF43.e.19311/click - {}
COMMAND: POST /session/6942dd4aefa05acfe787f49b28130ab8/element - {"using":"xpath","value":"//a[contains(@data-kt ,\"ContextMenuId2Link\")]"}
RESULT: {"using":"xpath","value":"//a[contains(@data-kt ,\"ContextMenuId2Link\")]"}
COMMAND: POST /session/6942dd4aefa05acfe787f49b28130ab8/element/f.F18A487FCC2B115A863E771091ABB869.d.1D1EFF2A6AEFE6ED3577867386A82656.e.20123/click - {}
RESULT: {}
COMMAND: GET /session/6942dd4aefa05acfe787f49b28130ab8/screenshot - {}
RESULT: {}
COMMAND: POST /session/6942dd4aefa05acfe787f49b28130ab8/execute/async - {"script":"<script> [1562 bytes]","args":[{"selector":{"controlType":"sap.m.ObjectStatus","viewName":"etm.portal.ui.managecontracts.view.Detail","bindingPath":{"propertyPath":"LINK_TO_COMMERCIAL_STATUS/DESCRIPTION","modelName":"catalogModel"}},"wdio_ui5_key":"etmportal.ui.managecontracts.view.Detailsap.m.ObjectStatus{\"propertyPath\":\"LINK_TO_COMMERCIAL_STATUS/DESCRIPTION\",\"modelName\":\"catalogModel\"}"}]}
RESULT: {"script":"<script> [1562 bytes]","args":[{"selector":{"controlType":"sap.m.ObjectStatus","viewName":"etm.portal.ui.managecontracts.view.Detail","bindingPath":{"propertyPath":"LINK_TO_COMMERCIAL_STATUS/DESCRIPTION","modelName":"catalogModel"}},"wdio_ui5_key":"etmportal.ui.managecontracts.view.Detailsap.m.ObjectStatus{\"propertyPath\":\"LINK_TO_COMMERCIAL_STATUS/DESCRIPTION\",\"modelName\":\"catalogModel\"}"}]}
RESULT: undefined
COMMAND: POST /session/6942dd4aefa05acfe787f49b28130ab8/execute/async - {"script":"<script> [6424 bytes]","args":[{"element-6066-11e4-a52e-4f735466cecf":"f.F18A487FCC2B115A863E771091ABB869.d.1D1EFF2A6AEFE6ED3577867386A82656.e.20385"},"getText",[]]}
RESULT: {"script":"<script> [6424 bytes]","args":[{"element-6066-11e4-a52e-4f735466cecf":"f.F18A487FCC2B115A863E771091ABB869.d.1D1EFF2A6AEFE6ED3577867386A82656.e.20385"},"getText",[]]}
COMMAND: POST /session/6942dd4aefa05acfe787f49b28130ab8/execute/async - {"script":"<script> [1562 bytes]","args":[{"selector":{"controlType":"sap.m.ObjectStatus","viewName":"etm.portal.ui.managecontracts.view.Detail","bindingPath":{"propertyPath":"LINK_TO_LOGISTICAL_STATUS/DESCRIPTION","modelName":"catalogModel"}},"wdio_ui5_key":"etmportal.ui.managecontracts.view.Detailsap.m.ObjectStatus{\"propertyPath\":\"LINK_TO_LOGISTICAL_STATUS/DESCRIPTION\",\"modelName\":\"catalogModel\"}"}]}
RESULT: {"script":"<script> [1562 bytes]","args":[{"selector":{"controlType":"sap.m.ObjectStatus","viewName":"etm.portal.ui.managecontracts.view.Detail","bindingPath":{"propertyPath":"LINK_TO_LOGISTICAL_STATUS/DESCRIPTION","modelName":"catalogModel"}},"wdio_ui5_key":"etmportal.ui.managecontracts.view.Detailsap.m.ObjectStatus{\"propertyPath\":\"LINK_TO_LOGISTICAL_STATUS/DESCRIPTION\",\"modelName\":\"catalogModel\"}"}]}
RESULT: undefined
COMMAND: POST /session/6942dd4aefa05acfe787f49b28130ab8/execute/async - {"script":"<script> [6424 bytes]","args":[{"element-6066-11e4-a52e-4f735466cecf":"f.F18A487FCC2B115A863E771091ABB869.d.1D1EFF2A6AEFE6ED3577867386A82656.e.20386"},"getText",[]]}
RESULT: {"script":"<script> [6424 bytes]","args":[{"element-6066-11e4-a52e-4f735466cecf":"f.F18A487FCC2B115A863E771091ABB869.d.1D1EFF2A6AEFE6ED3577867386A82656.e.20386"},"getText",[]]}
COMMAND: POST /session/6942dd4aefa05acfe787f49b28130ab8/element - {"using":"xpath","value":"//button[@data-kt=\"contractDetailEditBtnButton\"]"}
RESULT: {"using":"xpath","value":"//button[@data-kt=\"contractDetailEditBtnButton\"]"}
COMMAND: POST /session/6942dd4aefa05acfe787f49b28130ab8/element/f.F18A487FCC2B115A863E771091ABB869.d.1D1EFF2A6AEFE6ED3577867386A82656.e.20187/click - {}
RESULT: {}
COMMAND: GET /session/6942dd4aefa05acfe787f49b28130ab8/screenshot - {}
RESULT: {}
COMMAND: POST /session/6942dd4aefa05acfe787f49b28130ab8/element - {"using":"xpath","value":"(//span[contains(text(), \"Additional Addresses\")])[2]"}
RESULT: {"using":"xpath","value":"(//span[contains(text(), \"Additional Addresses\")])[2]"}
COMMAND: POST /session/6942dd4aefa05acfe787f49b28130ab8/element/f.F18A487FCC2B115A863E771091ABB869.d.1D1EFF2A6AEFE6ED3577867386A82656.e.20444/click - {}
RESULT: {}
COMMAND: GET /session/6942dd4aefa05acfe787f49b28130ab8/screenshot - {}
RESULT: {}
COMMAND: POST /session/6942dd4aefa05acfe787f49b28130ab8/element - {"using":"xpath","value":"//button[@data-kt=\"btnAddTableRowOverflowToolbarButton\"]"}
RESULT: {"using":"xpath","value":"//button[@data-kt=\"btnAddTableRowOverflowToolbarButton\"]"}
COMMAND: POST /session/6942dd4aefa05acfe787f49b28130ab8/element/f.F18A487FCC2B115A863E771091ABB869.d.1D1EFF2A6AEFE6ED3577867386A82656.e.20448/click - {}
RESULT: {}
COMMAND: GET /session/6942dd4aefa05acfe787f49b28130ab8/screenshot - {}
RESULT: {}
COMMAND: POST /session/6942dd4aefa05acfe787f49b28130ab8/element - {"using":"xpath","value":"//div[(text() = 'Standard Entry' or . = 'Standard Entry')]"}
RESULT: {"using":"xpath","value":"//div[(text() = 'Standard Entry' or . = 'Standard Entry')]"}
COMMAND: POST /session/6942dd4aefa05acfe787f49b28130ab8/element/f.F18A487FCC2B115A863E771091ABB869.d.1D1EFF2A6AEFE6ED3577867386A82656.e.20450/click - {}
RESULT: {}
COMMAND: POST /session/6942dd4aefa05acfe787f49b28130ab8/execute/async - {"script":"<script> [1562 bytes]","args":[{"selector":{"controlType":"sap.ui.core.Icon","viewName":"etm.portal.ui.managecontracts.view.EditContract","properties":{"src":{"regex":{"source":"slim\\-arrow\\-down"}}},"ancestor":{"controlType":"sap.m.ComboBox","viewName":"etm.portal.ui.managecontracts.view.EditContract","bindingPath":{"propertyPath":"RU_TYPE","modelName":"catalogModel"}}},"wdio_ui5_key":"etmportal.ui.managecontracts.view.EditContractsap.ui.core.Icon{\"src\":{\"regex\":{\"source\":\"slim\\\\-arrow\\\\-down\"}}}{\"controlType\":\"sap.m.ComboBox\",\"viewName\":\"etm.portal.ui.managecontracts.view.EditContract\",\"bindingPath\":{\"propertyPath\":\"RU_TYPE\",\"modelName\":\"catalogModel\"}}"}]}
COMMAND: GET /session/6942dd4aefa05acfe787f49b28130ab8/screenshot - {}
RESULT: {"script":"<script> [1562 bytes]","args":[{"selector":{"controlType":"sap.ui.core.Icon","viewName":"etm.portal.ui.managecontracts.view.EditContract","properties":{"src":{"regex":{"source":"slim\\-arrow\\-down"}}},"ancestor":{"controlType":"sap.m.ComboBox","viewName":"etm.portal.ui.managecontracts.view.EditContract","bindingPath":{"propertyPath":"RU_TYPE","modelName":"catalogModel"}}},"wdio_ui5_key":"etmportal.ui.managecontracts.view.EditContractsap.ui.core.Icon{\"src\":{\"regex\":{\"source\":\"slim\\\\-arrow\\\\-down\"}}}{\"controlType\":\"sap.m.ComboBox\",\"viewName\":\"etm.portal.ui.managecontracts.view.EditContract\",\"bindingPath\":{\"propertyPath\":\"RU_TYPE\",\"modelName\":\"catalogModel\"}}"}]}
RESULT: undefined
COMMAND: POST /session/6942dd4aefa05acfe787f49b28130ab8/element - {"using":"xpath","value":"//*[@id=\"__box19-arrow\"]"}
RESULT: {}
RESULT: {"using":"xpath","value":"//*[@id=\"__box19-arrow\"]"}
COMMAND: POST /session/6942dd4aefa05acfe787f49b28130ab8/element/f.F18A487FCC2B115A863E771091ABB869.d.1D1EFF2A6AEFE6ED3577867386A82656.e.20465/click - {}
RESULT: {}
COMMAND: POST /session/6942dd4aefa05acfe787f49b28130ab8/execute/async - {"script":"<script> [1562 bytes]","args":[{"selector":{"controlType":"sap.m.StandardListItem","viewName":"etm.portal.ui.managecontracts.view.EditContract","properties":{"title":"Material"},"searchOpenDialogs":true,"interaction":{"idSuffix":"content"}},"wdio_ui5_key":"etmportal.ui.managecontracts.view.EditContractsap.m.StandardListItem{\"title\":\"Material\"}"}]}
COMMAND: GET /session/6942dd4aefa05acfe787f49b28130ab8/screenshot - {}
RESULT: {"script":"<script> [1562 bytes]","args":[{"selector":{"controlType":"sap.m.StandardListItem","viewName":"etm.portal.ui.managecontracts.view.EditContract","properties":{"title":"Material"},"searchOpenDialogs":true,"interaction":{"idSuffix":"content"}},"wdio_ui5_key":"etmportal.ui.managecontracts.view.EditContractsap.m.StandardListItem{\"title\":\"Material\"}"}]}
RESULT: undefined
COMMAND: POST /session/6942dd4aefa05acfe787f49b28130ab8/element - {"using":"xpath","value":"//*[@id=\"__item94\"]"}
RESULT: {}
RESULT: {"using":"xpath","value":"//*[@id=\"__item94\"]"}
COMMAND: POST /session/6942dd4aefa05acfe787f49b28130ab8/element/f.F18A487FCC2B115A863E771091ABB869.d.1D1EFF2A6AEFE6ED3577867386A82656.e.20468/click - {}
RESULT: {}
COMMAND: POST /session/6942dd4aefa05acfe787f49b28130ab8/element - {"using":"xpath","value":"//td[7]/div/div/input"}
COMMAND: GET /session/6942dd4aefa05acfe787f49b28130ab8/screenshot - {}
RESULT: {"using":"xpath","value":"//td[7]/div/div/input"}
COMMAND: POST /session/6942dd4aefa05acfe787f49b28130ab8/element/f.F18A487FCC2B115A863E771091ABB869.d.1D1EFF2A6AEFE6ED3577867386A82656.e.20471/clear - {}
RESULT: {}
RESULT: {}
COMMAND: POST /session/6942dd4aefa05acfe787f49b28130ab8/element/f.F18A487FCC2B115A863E771091ABB869.d.1D1EFF2A6AEFE6ED3577867386A82656.e.20471/value - {"text":"WebdriverMatTestnc4dc"}
COMMAND: GET /session/6942dd4aefa05acfe787f49b28130ab8/screenshot - {}
RESULT: {"text":"WebdriverMatTestnc4dc"}
COMMAND: GET /session/6942dd4aefa05acfe787f49b28130ab8/screenshot - {}
RESULT: {}
RESULT: {}
COMMAND: POST /session/6942dd4aefa05acfe787f49b28130ab8/actions - {"actions":[{"id":"action90","type":"key","parameters":{},"actions":[{"type":"keyDown","value":""},{"type":"pause","duration":10},{"type":"keyUp","value":""}]}]}
RESULT: {"actions":[{"id":"action90","type":"key","parameters":{},"actions":[{"type":"keyDown","value":""},{"type":"pause","duration":10},{"type":"keyUp","value":""}]}]}
COMMAND: GET /session/6942dd4aefa05acfe787f49b28130ab8/screenshot - {}
RESULT: {}
COMMAND: POST /session/6942dd4aefa05acfe787f49b28130ab8/element - {"using":"xpath","value":"//button[@data-kt=\"saveButton\"]"}
RESULT: {"using":"xpath","value":"//button[@data-kt=\"saveButton\"]"}
COMMAND: POST /session/6942dd4aefa05acfe787f49b28130ab8/element/f.F18A487FCC2B115A863E771091ABB869.d.1D1EFF2A6AEFE6ED3577867386A82656.e.20494/click - {}
RESULT: {}
COMMAND: GET /session/6942dd4aefa05acfe787f49b28130ab8/screenshot - {}
RESULT: {}
RESULT: undefined
COMMAND: POST /session/6942dd4aefa05acfe787f49b28130ab8/execute/async - {"script":"<script> [6424 bytes]","args":[{"element-6066-11e4-a52e-4f735466cecf":"f.F18A487FCC2B115A863E771091ABB869.d.1D1EFF2A6AEFE6ED3577867386A82656.e.20386"},"getText",[]]}
RESULT: {"script":"<script> [6424 bytes]","args":[{"element-6066-11e4-a52e-4f735466cecf":"f.F18A487FCC2B115A863E771091ABB869.d.1D1EFF2A6AEFE6ED3577867386A82656.e.20386"},"getText",[]]}
COMMAND: DELETE /session/6942dd4aefa05acfe787f49b28130ab8 - {}
RESULT: {}
]]></system-out>
    </testcase>
  </testsuite>
</testsuites>